.include "macro.inc"

# assembler directives
.set noat      # allow manual use of $at
.set noreorder # don't insert nops after branches
.set gp=64     # allow use of 64-bit general purpose registers

.section .text
glabel func_80B28080
/* 00000 80B28080 27BDFFD0 */  addiu   $sp, $sp, 0xFFD0           ## $sp = FFFFFFD0
/* 00004 80B28084 AFB00018 */  sw      $s0, 0x0018($sp)           
/* 00008 80B28088 00808025 */  or      $s0, $a0, $zero            ## $s0 = 00000000
/* 0000C 80B2808C AFBF001C */  sw      $ra, 0x001C($sp)           
/* 00010 80B28090 AFA50034 */  sw      $a1, 0x0034($sp)           
/* 00014 80B28094 AFA00024 */  sw      $zero, 0x0024($sp)         
/* 00018 80B28098 860E001C */  lh      $t6, 0x001C($s0)           ## 0000001C
/* 0001C 80B2809C 8FA40034 */  lw      $a0, 0x0034($sp)           
/* 00020 80B280A0 26050160 */  addiu   $a1, $s0, 0x0160           ## $a1 = 00000160
/* 00024 80B280A4 15C0000F */  bne     $t6, $zero, .L80B280E4     
/* 00028 80B280A8 02003025 */  or      $a2, $s0, $zero            ## $a2 = 00000000
/* 0002C 80B280AC 02002025 */  or      $a0, $s0, $zero            ## $a0 = 00000000
/* 00030 80B280B0 0C032B84 */  jal     func_800CAE10              
/* 00034 80B280B4 00002825 */  or      $a1, $zero, $zero          ## $a1 = 00000000
/* 00038 80B280B8 3C040600 */  lui     $a0, 0x0600                ## $a0 = 06000000
/* 0003C 80B280BC 24841BD8 */  addiu   $a0, $a0, 0x1BD8           ## $a0 = 06001BD8
/* 00040 80B280C0 0C032559 */  jal     func_800C9564              
/* 00044 80B280C4 27A50024 */  addiu   $a1, $sp, 0x0024           ## $a1 = FFFFFFF4
/* 00048 80B280C8 8FA40034 */  lw      $a0, 0x0034($sp)           
/* 0004C 80B280CC 02003025 */  or      $a2, $s0, $zero            ## $a2 = 00000000
/* 00050 80B280D0 8FA70024 */  lw      $a3, 0x0024($sp)           
/* 00054 80B280D4 0C031862 */  jal     func_800C6188              
/* 00058 80B280D8 24850880 */  addiu   $a1, $a0, 0x0880           ## $a1 = 00000880
/* 0005C 80B280DC 10000004 */  beq     $zero, $zero, .L80B280F0   
/* 00060 80B280E0 AE020144 */  sw      $v0, 0x0144($s0)           ## 00000144
.L80B280E4:
/* 00064 80B280E4 3C0780B3 */  lui     $a3, %hi(D_80B282F0)       ## $a3 = 80B30000
/* 00068 80B280E8 0C0384DD */  jal     func_800E1374              
/* 0006C 80B280EC 24E782F0 */  addiu   $a3, $a3, %lo(D_80B282F0)  ## $a3 = 80B282F0
.L80B280F0:
/* 00070 80B280F0 3C0180B3 */  lui     $at, %hi(D_80B28320)       ## $at = 80B30000
/* 00074 80B280F4 C4208320 */  lwc1    $f0, %lo(D_80B28320)($at)  
/* 00078 80B280F8 3C0F80B3 */  lui     $t7, %hi(func_80B2815C)    ## $t7 = 80B30000
/* 0007C 80B280FC 25EF815C */  addiu   $t7, $t7, %lo(func_80B2815C) ## $t7 = 80B2815C
/* 00080 80B28100 AE0F015C */  sw      $t7, 0x015C($s0)           ## 0000015C
/* 00084 80B28104 E6000058 */  swc1    $f0, 0x0058($s0)           ## 00000058
/* 00088 80B28108 E600005C */  swc1    $f0, 0x005C($s0)           ## 0000005C
/* 0008C 80B2810C E6000060 */  swc1    $f0, 0x0060($s0)           ## 00000060
/* 00090 80B28110 8FBF001C */  lw      $ra, 0x001C($sp)           
/* 00094 80B28114 8FB00018 */  lw      $s0, 0x0018($sp)           
/* 00098 80B28118 27BD0030 */  addiu   $sp, $sp, 0x0030           ## $sp = 00000000
/* 0009C 80B2811C 03E00008 */  jr      $ra                        
/* 000A0 80B28120 00000000 */  nop


glabel func_80B28124
/* 000A4 80B28124 27BDFFE8 */  addiu   $sp, $sp, 0xFFE8           ## $sp = FFFFFFE8
/* 000A8 80B28128 AFBF0014 */  sw      $ra, 0x0014($sp)           
/* 000AC 80B2812C AFA5001C */  sw      $a1, 0x001C($sp)           
/* 000B0 80B28130 00803825 */  or      $a3, $a0, $zero            ## $a3 = 00000000
/* 000B4 80B28134 84EE001C */  lh      $t6, 0x001C($a3)           ## 0000001C
/* 000B8 80B28138 8FA4001C */  lw      $a0, 0x001C($sp)           
/* 000BC 80B2813C 15C00003 */  bne     $t6, $zero, .L80B2814C     
/* 000C0 80B28140 24850880 */  addiu   $a1, $a0, 0x0880           ## $a1 = 00000880
/* 000C4 80B28144 0C031933 */  jal     func_800C64CC              
/* 000C8 80B28148 8CE60144 */  lw      $a2, 0x0144($a3)           ## 00000144
.L80B2814C:
/* 000CC 80B2814C 8FBF0014 */  lw      $ra, 0x0014($sp)           
/* 000D0 80B28150 27BD0018 */  addiu   $sp, $sp, 0x0018           ## $sp = 00000000
/* 000D4 80B28154 03E00008 */  jr      $ra                        
/* 000D8 80B28158 00000000 */  nop


glabel func_80B2815C
/* 000DC 80B2815C AFA40000 */  sw      $a0, 0x0000($sp)           
/* 000E0 80B28160 AFA50004 */  sw      $a1, 0x0004($sp)           
/* 000E4 80B28164 03E00008 */  jr      $ra                        
/* 000E8 80B28168 00000000 */  nop


glabel func_80B2816C
/* 000EC 80B2816C 27BDFFD0 */  addiu   $sp, $sp, 0xFFD0           ## $sp = FFFFFFD0
/* 000F0 80B28170 AFB10018 */  sw      $s1, 0x0018($sp)           
/* 000F4 80B28174 AFB00014 */  sw      $s0, 0x0014($sp)           
/* 000F8 80B28178 00808025 */  or      $s0, $a0, $zero            ## $s0 = 00000000
/* 000FC 80B2817C 00A08825 */  or      $s1, $a1, $zero            ## $s1 = 00000000
/* 00100 80B28180 AFBF001C */  sw      $ra, 0x001C($sp)           
/* 00104 80B28184 8E19015C */  lw      $t9, 0x015C($s0)           ## 0000015C
/* 00108 80B28188 02002025 */  or      $a0, $s0, $zero            ## $a0 = 00000000
/* 0010C 80B2818C 02202825 */  or      $a1, $s1, $zero            ## $a1 = 00000000
/* 00110 80B28190 0320F809 */  jalr    $ra, $t9                   
/* 00114 80B28194 00000000 */  nop
/* 00118 80B28198 860E001C */  lh      $t6, 0x001C($s0)           ## 0000001C
/* 0011C 80B2819C 51C00024 */  beql    $t6, $zero, .L80B28230     
/* 00120 80B281A0 8FBF001C */  lw      $ra, 0x001C($sp)           
/* 00124 80B281A4 0C03FB61 */  jal     func_800FED84              
/* 00128 80B281A8 86040032 */  lh      $a0, 0x0032($s0)           ## 00000032
/* 0012C 80B281AC 3C01C1D8 */  lui     $at, 0xC1D8                ## $at = C1D80000
/* 00130 80B281B0 44812000 */  mtc1    $at, $f4                   ## $f4 = -27.00
/* 00134 80B281B4 C6080008 */  lwc1    $f8, 0x0008($s0)           ## 00000008
/* 00138 80B281B8 86040032 */  lh      $a0, 0x0032($s0)           ## 00000032
/* 0013C 80B281BC 46040182 */  mul.s   $f6, $f0, $f4              
/* 00140 80B281C0 46083280 */  add.s   $f10, $f6, $f8             
/* 00144 80B281C4 0C03FB51 */  jal     func_800FED44              
/* 00148 80B281C8 E60A0024 */  swc1    $f10, 0x0024($s0)          ## 00000024
/* 0014C 80B281CC 3C0140E0 */  lui     $at, 0x40E0                ## $at = 40E00000
/* 00150 80B281D0 44818000 */  mtc1    $at, $f16                  ## $f16 = 7.00
/* 00154 80B281D4 C6040010 */  lwc1    $f4, 0x0010($s0)           ## 00000010
/* 00158 80B281D8 26050160 */  addiu   $a1, $s0, 0x0160           ## $a1 = 00000160
/* 0015C 80B281DC 46100482 */  mul.s   $f18, $f0, $f16            
/* 00160 80B281E0 02002025 */  or      $a0, $s0, $zero            ## $a0 = 00000000
/* 00164 80B281E4 46049180 */  add.s   $f6, $f18, $f4             
/* 00168 80B281E8 E606002C */  swc1    $f6, 0x002C($s0)           ## 0000002C
/* 0016C 80B281EC 0C039F7E */  jal     func_800E7DF8              
/* 00170 80B281F0 AFA50020 */  sw      $a1, 0x0020($sp)           
/* 00174 80B281F4 3C010001 */  lui     $at, 0x0001                ## $at = 00010000
/* 00178 80B281F8 34218884 */  ori     $at, $at, 0x8884           ## $at = 00018884
/* 0017C 80B281FC 02212821 */  addu    $a1, $s1, $at              
/* 00180 80B28200 AFA50024 */  sw      $a1, 0x0024($sp)           
/* 00184 80B28204 02202025 */  or      $a0, $s1, $zero            ## $a0 = 00000000
/* 00188 80B28208 0C0389D0 */  jal     func_800E2740              
/* 0018C 80B2820C 8FA60020 */  lw      $a2, 0x0020($sp)           
/* 00190 80B28210 8FA50024 */  lw      $a1, 0x0024($sp)           
/* 00194 80B28214 02202025 */  or      $a0, $s1, $zero            ## $a0 = 00000000
/* 00198 80B28218 0C038A4A */  jal     func_800E2928              
/* 0019C 80B2821C 8FA60020 */  lw      $a2, 0x0020($sp)           
/* 001A0 80B28220 26040024 */  addiu   $a0, $s0, 0x0024           ## $a0 = 00000024
/* 001A4 80B28224 0C03FD43 */  jal     func_800FF50C              
/* 001A8 80B28228 26050008 */  addiu   $a1, $s0, 0x0008           ## $a1 = 00000008
/* 001AC 80B2822C 8FBF001C */  lw      $ra, 0x001C($sp)           
.L80B28230:
/* 001B0 80B28230 8FB00014 */  lw      $s0, 0x0014($sp)           
/* 001B4 80B28234 8FB10018 */  lw      $s1, 0x0018($sp)           
/* 001B8 80B28238 03E00008 */  jr      $ra                        
/* 001BC 80B2823C 27BD0030 */  addiu   $sp, $sp, 0x0030           ## $sp = 00000000


glabel func_80B28240
/* 001C0 80B28240 27BDFFD8 */  addiu   $sp, $sp, 0xFFD8           ## $sp = FFFFFFD8
/* 001C4 80B28244 AFBF0014 */  sw      $ra, 0x0014($sp)           
/* 001C8 80B28248 AFA40028 */  sw      $a0, 0x0028($sp)           
/* 001CC 80B2824C AFA5002C */  sw      $a1, 0x002C($sp)           
/* 001D0 80B28250 8FAE002C */  lw      $t6, 0x002C($sp)           
/* 001D4 80B28254 8DC40000 */  lw      $a0, 0x0000($t6)           ## 00000000
/* 001D8 80B28258 0C04B0A3 */  jal     func_8012C28C              
/* 001DC 80B2825C AFA40024 */  sw      $a0, 0x0024($sp)           
/* 001E0 80B28260 8FA60024 */  lw      $a2, 0x0024($sp)           
/* 001E4 80B28264 8CC202B0 */  lw      $v0, 0x02B0($a2)           ## 000002B0
/* 001E8 80B28268 3C18DA38 */  lui     $t8, 0xDA38                ## $t8 = DA380000
/* 001EC 80B2826C 37180003 */  ori     $t8, $t8, 0x0003           ## $t8 = DA380003
/* 001F0 80B28270 244F0008 */  addiu   $t7, $v0, 0x0008           ## $t7 = 00000008
/* 001F4 80B28274 ACCF02B0 */  sw      $t7, 0x02B0($a2)           ## 000002B0
/* 001F8 80B28278 AC580000 */  sw      $t8, 0x0000($v0)           ## 00000000
/* 001FC 80B2827C 8FB9002C */  lw      $t9, 0x002C($sp)           
/* 00200 80B28280 8F240000 */  lw      $a0, 0x0000($t9)           ## 00000000
/* 00204 80B28284 AFA60024 */  sw      $a2, 0x0024($sp)           
/* 00208 80B28288 0C060690 */  jal     func_80181A40              
/* 0020C 80B2828C AFA2001C */  sw      $v0, 0x001C($sp)           
/* 00210 80B28290 8FA3001C */  lw      $v1, 0x001C($sp)           
/* 00214 80B28294 8FA60024 */  lw      $a2, 0x0024($sp)           
/* 00218 80B28298 3C09DE00 */  lui     $t1, 0xDE00                ## $t1 = DE000000
/* 0021C 80B2829C AC620004 */  sw      $v0, 0x0004($v1)           ## 00000004
/* 00220 80B282A0 8CC202B0 */  lw      $v0, 0x02B0($a2)           ## 000002B0
/* 00224 80B282A4 3C0A0600 */  lui     $t2, 0x0600                ## $t2 = 06000000
/* 00228 80B282A8 254A0638 */  addiu   $t2, $t2, 0x0638           ## $t2 = 06000638
/* 0022C 80B282AC 24480008 */  addiu   $t0, $v0, 0x0008           ## $t0 = 00000008
/* 00230 80B282B0 ACC802B0 */  sw      $t0, 0x02B0($a2)           ## 000002B0
/* 00234 80B282B4 AC4A0004 */  sw      $t2, 0x0004($v0)           ## 00000004
/* 00238 80B282B8 AC490000 */  sw      $t1, 0x0000($v0)           ## 00000000
/* 0023C 80B282BC 8FBF0014 */  lw      $ra, 0x0014($sp)           
/* 00240 80B282C0 27BD0028 */  addiu   $sp, $sp, 0x0028           ## $sp = 00000000
/* 00244 80B282C4 03E00008 */  jr      $ra                        
/* 00248 80B282C8 00000000 */  nop
/* 0024C 80B282CC 00000000 */  nop

.section .data

D_80B282D0: .word 0x01F00700, 0x00000000, 0x01C90000, 0x000001AC
.word func_80B28080
.word func_80B28124
.word func_80B2816C
.word func_80B28240
D_80B282F0: .word \
0x09000939, 0x10010000, 0x02000000, 0xF7CFFFFF, \
0x00000000, 0xF7CFFFFF, 0x00000000, 0x00010100, \
0x001B0050, 0x00000000, 0x00000000, 0x00000000

.section .rodata

D_80B28320: .word 0x3DCCCCCD, 0x00000000, 0x00000000, 0x00000000


.section .rodata
D_80B28330:
.incbin "baserom/Bg_Botihasira", 0x2B0, 0x00000040
