.include "macro.inc"

# assembler directives
.set noat      # allow manual use of $at
.set noreorder # don't insert nops after branches
.set gp=64     # allow use of 64-bit general purpose registers

.section .text
glabel func_80B40080
/* 00000 80B40080 3C0F80B4 */  lui     $t7, %hi(func_80B400C8)    ## $t7 = 80B40000
/* 00004 80B40084 240E0001 */  addiu   $t6, $zero, 0x0001         ## $t6 = 00000001
/* 00008 80B40088 25EF00C8 */  addiu   $t7, $t7, %lo(func_80B400C8) ## $t7 = 80B400C8
/* 0000C 80B4008C A48E017E */  sh      $t6, 0x017E($a0)           ## 0000017E
/* 00010 80B40090 AC8F015C */  sw      $t7, 0x015C($a0)           ## 0000015C
/* 00014 80B40094 03E00008 */  jr      $ra                        
/* 00018 80B40098 00000000 */  nop


glabel func_80B4009C
/* 0001C 80B4009C 3C0141A0 */  lui     $at, 0x41A0                ## $at = 41A00000
/* 00020 80B400A0 808E0038 */  lb      $t6, 0x0038($a0)           ## 00000038
/* 00024 80B400A4 44812000 */  mtc1    $at, $f4                   ## $f4 = 20.00
/* 00028 80B400A8 3C0F80B4 */  lui     $t7, %hi(func_80B40100)    ## $t7 = 80B40000
/* 0002C 80B400AC 25EF0100 */  addiu   $t7, $t7, %lo(func_80B40100) ## $t7 = 80B40100
/* 00030 80B400B0 A480017E */  sh      $zero, 0x017E($a0)         ## 0000017E
/* 00034 80B400B4 AC8F015C */  sw      $t7, 0x015C($a0)           ## 0000015C
/* 00038 80B400B8 A48E017C */  sh      $t6, 0x017C($a0)           ## 0000017C
/* 0003C 80B400BC E4840164 */  swc1    $f4, 0x0164($a0)           ## 00000164
/* 00040 80B400C0 03E00008 */  jr      $ra                        
/* 00044 80B400C4 00000000 */  nop


glabel func_80B400C8
/* 00048 80B400C8 27BDFFE8 */  addiu   $sp, $sp, 0xFFE8           ## $sp = FFFFFFE8
/* 0004C 80B400CC AFBF0014 */  sw      $ra, 0x0014($sp)           
/* 00050 80B400D0 AFA40018 */  sw      $a0, 0x0018($sp)           
/* 00054 80B400D4 AFA5001C */  sw      $a1, 0x001C($sp)           
/* 00058 80B400D8 8FA40018 */  lw      $a0, 0x0018($sp)           
/* 0005C 80B400DC 0C2D00C2 */  jal     func_80B40308              
/* 00060 80B400E0 8FA5001C */  lw      $a1, 0x001C($sp)           
/* 00064 80B400E4 8FA40018 */  lw      $a0, 0x0018($sp)           
/* 00068 80B400E8 0C2D007E */  jal     func_80B401F8              
/* 0006C 80B400EC 8FA5001C */  lw      $a1, 0x001C($sp)           
/* 00070 80B400F0 8FBF0014 */  lw      $ra, 0x0014($sp)           
/* 00074 80B400F4 27BD0018 */  addiu   $sp, $sp, 0x0018           ## $sp = 00000000
/* 00078 80B400F8 03E00008 */  jr      $ra                        
/* 0007C 80B400FC 00000000 */  nop


glabel func_80B40100
/* 00080 80B40100 27BDFFE8 */  addiu   $sp, $sp, 0xFFE8           ## $sp = FFFFFFE8
/* 00084 80B40104 AFA5001C */  sw      $a1, 0x001C($sp)           
/* 00088 80B40108 00802825 */  or      $a1, $a0, $zero            ## $a1 = 00000000
/* 0008C 80B4010C AFBF0014 */  sw      $ra, 0x0014($sp)           
/* 00090 80B40110 AFA40018 */  sw      $a0, 0x0018($sp)           
/* 00094 80B40114 84A4017C */  lh      $a0, 0x017C($a1)           ## 0000017C
/* 00098 80B40118 0C03C6F9 */  jal     func_800F1BE4              
/* 0009C 80B4011C AFA50018 */  sw      $a1, 0x0018($sp)           
/* 000A0 80B40120 10400009 */  beq     $v0, $zero, .L80B40148     
/* 000A4 80B40124 8FA50018 */  lw      $a1, 0x0018($sp)           
/* 000A8 80B40128 84A4017C */  lh      $a0, 0x017C($a1)           ## 0000017C
/* 000AC 80B4012C 0C03C71A */  jal     func_800F1C68              
/* 000B0 80B40130 AFA50018 */  sw      $a1, 0x0018($sp)           
/* 000B4 80B40134 8FA50018 */  lw      $a1, 0x0018($sp)           
/* 000B8 80B40138 3C0E80B4 */  lui     $t6, %hi(func_80B40160)    ## $t6 = 80B40000
/* 000BC 80B4013C 25CE0160 */  addiu   $t6, $t6, %lo(func_80B40160) ## $t6 = 80B40160
/* 000C0 80B40140 10000003 */  beq     $zero, $zero, .L80B40150   
/* 000C4 80B40144 ACAE015C */  sw      $t6, 0x015C($a1)           ## 0000015C
.L80B40148:
/* 000C8 80B40148 0C03C6E9 */  jal     func_800F1BA4              
/* 000CC 80B4014C 84A4017C */  lh      $a0, 0x017C($a1)           ## 0000017C
.L80B40150:
/* 000D0 80B40150 8FBF0014 */  lw      $ra, 0x0014($sp)           
/* 000D4 80B40154 27BD0018 */  addiu   $sp, $sp, 0x0018           ## $sp = 00000000
/* 000D8 80B40158 03E00008 */  jr      $ra                        
/* 000DC 80B4015C 00000000 */  nop


glabel func_80B40160
/* 000E0 80B40160 27BDFFE0 */  addiu   $sp, $sp, 0xFFE0           ## $sp = FFFFFFE0
/* 000E4 80B40164 AFB00018 */  sw      $s0, 0x0018($sp)           
/* 000E8 80B40168 00808025 */  or      $s0, $a0, $zero            ## $s0 = 00000000
/* 000EC 80B4016C AFBF001C */  sw      $ra, 0x001C($sp)           
/* 000F0 80B40170 AFA50024 */  sw      $a1, 0x0024($sp)           
/* 000F4 80B40174 3C063E4C */  lui     $a2, 0x3E4C                ## $a2 = 3E4C0000
/* 000F8 80B40178 34C6CCCD */  ori     $a2, $a2, 0xCCCD           ## $a2 = 3E4CCCCD
/* 000FC 80B4017C 26040164 */  addiu   $a0, $s0, 0x0164           ## $a0 = 00000164
/* 00100 80B40180 0C03FC0F */  jal     func_800FF03C              
/* 00104 80B40184 24050000 */  addiu   $a1, $zero, 0x0000         ## $a1 = 00000000
/* 00108 80B40188 C604000C */  lwc1    $f4, 0x000C($s0)           ## 0000000C
/* 0010C 80B4018C C6060164 */  lwc1    $f6, 0x0164($s0)           ## 00000164
/* 00110 80B40190 02002025 */  or      $a0, $s0, $zero            ## $a0 = 00000000
/* 00114 80B40194 46062201 */  sub.s   $f8, $f4, $f6              
/* 00118 80B40198 E6080028 */  swc1    $f8, 0x0028($s0)           ## 00000028
/* 0011C 80B4019C 0C2D00C2 */  jal     func_80B40308              
/* 00120 80B401A0 8FA50024 */  lw      $a1, 0x0024($sp)           
/* 00124 80B401A4 44805000 */  mtc1    $zero, $f10                ## $f10 = 0.00
/* 00128 80B401A8 C6100164 */  lwc1    $f16, 0x0164($s0)          ## 00000164
/* 0012C 80B401AC 460A803E */  c.le.s  $f16, $f10                 
/* 00130 80B401B0 00000000 */  nop
/* 00134 80B401B4 45000007 */  bc1f    .L80B401D4                 
/* 00138 80B401B8 00000000 */  nop
/* 0013C 80B401BC 0C03C7EF */  jal     func_800F1FBC              
/* 00140 80B401C0 8604017C */  lh      $a0, 0x017C($s0)           ## 0000017C
/* 00144 80B401C4 44809000 */  mtc1    $zero, $f18                ## $f18 = 0.00
/* 00148 80B401C8 02002025 */  or      $a0, $s0, $zero            ## $a0 = 00000000
/* 0014C 80B401CC 0C2D0020 */  jal     func_80B40080              
/* 00150 80B401D0 E6120164 */  swc1    $f18, 0x0164($s0)          ## 00000164
.L80B401D4:
/* 00154 80B401D4 3C0480B4 */  lui     $a0, %hi(D_80B40780)       ## $a0 = 80B40000
/* 00158 80B401D8 24840780 */  addiu   $a0, $a0, %lo(D_80B40780)  ## $a0 = 80B40780
/* 0015C 80B401DC 0C067C70 */  jal     func_8019F1C0              
/* 00160 80B401E0 2405205E */  addiu   $a1, $zero, 0x205E         ## $a1 = 0000205E
/* 00164 80B401E4 8FBF001C */  lw      $ra, 0x001C($sp)           
/* 00168 80B401E8 8FB00018 */  lw      $s0, 0x0018($sp)           
/* 0016C 80B401EC 27BD0020 */  addiu   $sp, $sp, 0x0020           ## $sp = 00000000
/* 00170 80B401F0 03E00008 */  jr      $ra                        
/* 00174 80B401F4 00000000 */  nop


glabel func_80B401F8
/* 00178 80B401F8 27BDFFC0 */  addiu   $sp, $sp, 0xFFC0           ## $sp = FFFFFFC0
/* 0017C 80B401FC AFB00020 */  sw      $s0, 0x0020($sp)           
/* 00180 80B40200 00808025 */  or      $s0, $a0, $zero            ## $s0 = 00000000
/* 00184 80B40204 AFBF0024 */  sw      $ra, 0x0024($sp)           
/* 00188 80B40208 AFA50044 */  sw      $a1, 0x0044($sp)           
/* 0018C 80B4020C 02002025 */  or      $a0, $s0, $zero            ## $a0 = 00000000
/* 00190 80B40210 0C02E27E */  jal     func_800B89F8              
/* 00194 80B40214 8FA50044 */  lw      $a1, 0x0044($sp)           
/* 00198 80B40218 10400003 */  beq     $v0, $zero, .L80B40228     
/* 0019C 80B4021C 8FAE0044 */  lw      $t6, 0x0044($sp)           
/* 001A0 80B40220 10000034 */  beq     $zero, $zero, .L80B402F4   
/* 001A4 80B40224 AE000120 */  sw      $zero, 0x0120($s0)         ## 00000120
.L80B40228:
/* 001A8 80B40228 8DC21CCC */  lw      $v0, 0x1CCC($t6)           ## 00001CCC
/* 001AC 80B4022C 26040168 */  addiu   $a0, $s0, 0x0168           ## $a0 = 00000168
/* 001B0 80B40230 27A60030 */  addiu   $a2, $sp, 0x0030           ## $a2 = FFFFFFF0
/* 001B4 80B40234 24450024 */  addiu   $a1, $v0, 0x0024           ## $a1 = 00000024
/* 001B8 80B40238 0C03FE35 */  jal     func_800FF8D4              
/* 001BC 80B4023C AFA2003C */  sw      $v0, 0x003C($sp)           
/* 001C0 80B40240 44800000 */  mtc1    $zero, $f0                 ## $f0 = 0.00
/* 001C4 80B40244 C7A40030 */  lwc1    $f4, 0x0030($sp)           
/* 001C8 80B40248 8FA2003C */  lw      $v0, 0x003C($sp)           
/* 001CC 80B4024C 4604003E */  c.le.s  $f0, $f4                   
/* 001D0 80B40250 00000000 */  nop
/* 001D4 80B40254 45020028 */  bc1fl   .L80B402F8                 
/* 001D8 80B40258 8FBF0024 */  lw      $ra, 0x0024($sp)           
/* 001DC 80B4025C C6060174 */  lwc1    $f6, 0x0174($s0)           ## 00000174
/* 001E0 80B40260 C7A80038 */  lwc1    $f8, 0x0038($sp)           
/* 001E4 80B40264 4606203E */  c.le.s  $f4, $f6                   
/* 001E8 80B40268 00000000 */  nop
/* 001EC 80B4026C 45020022 */  bc1fl   .L80B402F8                 
/* 001F0 80B40270 8FBF0024 */  lw      $ra, 0x0024($sp)           
/* 001F4 80B40274 4608003E */  c.le.s  $f0, $f8                   
/* 001F8 80B40278 00000000 */  nop
/* 001FC 80B4027C 4502001E */  bc1fl   .L80B402F8                 
/* 00200 80B40280 8FBF0024 */  lw      $ra, 0x0024($sp)           
/* 00204 80B40284 C60A0178 */  lwc1    $f10, 0x0178($s0)          ## 00000178
/* 00208 80B40288 C7A00034 */  lwc1    $f0, 0x0034($sp)           
/* 0020C 80B4028C 3C0142C8 */  lui     $at, 0x42C8                ## $at = 42C80000
/* 00210 80B40290 460A403E */  c.le.s  $f8, $f10                  
/* 00214 80B40294 00000000 */  nop
/* 00218 80B40298 45020017 */  bc1fl   .L80B402F8                 
/* 0021C 80B4029C 8FBF0024 */  lw      $ra, 0x0024($sp)           
/* 00220 80B402A0 44818000 */  mtc1    $at, $f16                  ## $f16 = 100.00
/* 00224 80B402A4 46000005 */  abs.s   $f0, $f0                   
/* 00228 80B402A8 3C014140 */  lui     $at, 0x4140                ## $at = 41400000
/* 0022C 80B402AC 4610003C */  c.lt.s  $f0, $f16                  
/* 00230 80B402B0 00000000 */  nop
/* 00234 80B402B4 45020010 */  bc1fl   .L80B402F8                 
/* 00238 80B402B8 8FBF0024 */  lw      $ra, 0x0024($sp)           
/* 0023C 80B402BC 44819000 */  mtc1    $at, $f18                  ## $f18 = 12.00
/* 00240 80B402C0 C446008C */  lwc1    $f6, 0x008C($v0)           ## 0000008C
/* 00244 80B402C4 02002025 */  or      $a0, $s0, $zero            ## $a0 = 00000000
/* 00248 80B402C8 8FA50044 */  lw      $a1, 0x0044($sp)           
/* 0024C 80B402CC 4606903C */  c.lt.s  $f18, $f6                  
/* 00250 80B402D0 00000000 */  nop
/* 00254 80B402D4 45020008 */  bc1fl   .L80B402F8                 
/* 00258 80B402D8 8FBF0024 */  lw      $ra, 0x0024($sp)           
/* 0025C 80B402DC C600009C */  lwc1    $f0, 0x009C($s0)           ## 0000009C
/* 00260 80B402E0 8E070098 */  lw      $a3, 0x0098($s0)           ## 00000098
/* 00264 80B402E4 240600BA */  addiu   $a2, $zero, 0x00BA         ## $a2 = 000000BA
/* 00268 80B402E8 46000005 */  abs.s   $f0, $f0                   
/* 0026C 80B402EC 0C02E287 */  jal     func_800B8A1C              
/* 00270 80B402F0 E7A00010 */  swc1    $f0, 0x0010($sp)           
.L80B402F4:
/* 00274 80B402F4 8FBF0024 */  lw      $ra, 0x0024($sp)           
.L80B402F8:
/* 00278 80B402F8 8FB00020 */  lw      $s0, 0x0020($sp)           
/* 0027C 80B402FC 27BD0040 */  addiu   $sp, $sp, 0x0040           ## $sp = 00000000
/* 00280 80B40300 03E00008 */  jr      $ra                        
/* 00284 80B40304 00000000 */  nop


glabel func_80B40308
/* 00288 80B40308 27BDFFD0 */  addiu   $sp, $sp, 0xFFD0           ## $sp = FFFFFFD0
/* 0028C 80B4030C AFB00020 */  sw      $s0, 0x0020($sp)           
/* 00290 80B40310 00808025 */  or      $s0, $a0, $zero            ## $s0 = 00000000
/* 00294 80B40314 AFBF0024 */  sw      $ra, 0x0024($sp)           
/* 00298 80B40318 AFA50034 */  sw      $a1, 0x0034($sp)           
/* 0029C 80B4031C 8FA40034 */  lw      $a0, 0x0034($sp)           
/* 002A0 80B40320 8E060024 */  lw      $a2, 0x0024($s0)           ## 00000024
/* 002A4 80B40324 8E07002C */  lw      $a3, 0x002C($s0)           ## 0000002C
/* 002A8 80B40328 27AF0028 */  addiu   $t7, $sp, 0x0028           ## $t7 = FFFFFFF8
/* 002AC 80B4032C 27B8002C */  addiu   $t8, $sp, 0x002C           ## $t8 = FFFFFFFC
/* 002B0 80B40330 AFB80014 */  sw      $t8, 0x0014($sp)           
/* 002B4 80B40334 AFAF0010 */  sw      $t7, 0x0010($sp)           
/* 002B8 80B40338 0C03286B */  jal     func_800CA1AC              
/* 002BC 80B4033C 24850830 */  addiu   $a1, $a0, 0x0830           ## $a1 = 00000830
/* 002C0 80B40340 1040000F */  beq     $v0, $zero, .L80B40380     
/* 002C4 80B40344 26040168 */  addiu   $a0, $s0, 0x0168           ## $a0 = 00000168
/* 002C8 80B40348 0C03FD53 */  jal     func_800FF54C              
/* 002CC 80B4034C 8FA5002C */  lw      $a1, 0x002C($sp)           
/* 002D0 80B40350 8FB9002C */  lw      $t9, 0x002C($sp)           
/* 002D4 80B40354 87280006 */  lh      $t0, 0x0006($t9)           ## 00000006
/* 002D8 80B40358 44882000 */  mtc1    $t0, $f4                   ## $f4 = 0.00
/* 002DC 80B4035C 00000000 */  nop
/* 002E0 80B40360 468021A0 */  cvt.s.w $f6, $f4                   
/* 002E4 80B40364 E6060174 */  swc1    $f6, 0x0174($s0)           ## 00000174
/* 002E8 80B40368 8FA9002C */  lw      $t1, 0x002C($sp)           
/* 002EC 80B4036C 852A0008 */  lh      $t2, 0x0008($t1)           ## 00000008
/* 002F0 80B40370 448A4000 */  mtc1    $t2, $f8                   ## $f8 = 0.00
/* 002F4 80B40374 00000000 */  nop
/* 002F8 80B40378 468042A0 */  cvt.s.w $f10, $f8                  
/* 002FC 80B4037C E60A0178 */  swc1    $f10, 0x0178($s0)          ## 00000178
.L80B40380:
/* 00300 80B40380 8FBF0024 */  lw      $ra, 0x0024($sp)           
/* 00304 80B40384 8FB00020 */  lw      $s0, 0x0020($sp)           
/* 00308 80B40388 27BD0030 */  addiu   $sp, $sp, 0x0030           ## $sp = 00000000
/* 0030C 80B4038C 03E00008 */  jr      $ra                        
/* 00310 80B40390 00000000 */  nop


glabel func_80B40394
/* 00314 80B40394 27BDFF90 */  addiu   $sp, $sp, 0xFF90           ## $sp = FFFFFF90
/* 00318 80B40398 AFB10020 */  sw      $s1, 0x0020($sp)           
/* 0031C 80B4039C AFB0001C */  sw      $s0, 0x001C($sp)           
/* 00320 80B403A0 00808025 */  or      $s0, $a0, $zero            ## $s0 = 00000000
/* 00324 80B403A4 00A08825 */  or      $s1, $a1, $zero            ## $s1 = 00000000
/* 00328 80B403A8 AFBF0024 */  sw      $ra, 0x0024($sp)           
/* 0032C 80B403AC 8E2E009C */  lw      $t6, 0x009C($s1)           ## 0000009C
/* 00330 80B403B0 31CF0003 */  andi    $t7, $t6, 0x0003           ## $t7 = 00000000
/* 00334 80B403B4 55E00069 */  bnel    $t7, $zero, .L80B4055C     
/* 00338 80B403B8 8FBF0024 */  lw      $ra, 0x0024($sp)           
/* 0033C 80B403BC 44800000 */  mtc1    $zero, $f0                 ## $f0 = 0.00
/* 00340 80B403C0 00000000 */  nop
/* 00344 80B403C4 C6040024 */  lwc1    $f4, 0x0024($s0)           ## 00000024
/* 00348 80B403C8 3C0142C8 */  lui     $at, 0x42C8                ## $at = 42C80000
/* 0034C 80B403CC 44814000 */  mtc1    $at, $f8                   ## $f8 = 100.00
/* 00350 80B403D0 E7A40060 */  swc1    $f4, 0x0060($sp)           
/* 00354 80B403D4 C6060028 */  lwc1    $f6, 0x0028($s0)           ## 00000028
/* 00358 80B403D8 3C014020 */  lui     $at, 0x4020                ## $at = 40200000
/* 0035C 80B403DC 44819000 */  mtc1    $at, $f18                  ## $f18 = 2.50
/* 00360 80B403E0 46083280 */  add.s   $f10, $f6, $f8             
/* 00364 80B403E4 E7AA0064 */  swc1    $f10, 0x0064($sp)          
/* 00368 80B403E8 C610002C */  lwc1    $f16, 0x002C($s0)          ## 0000002C
/* 0036C 80B403EC E7A00040 */  swc1    $f0, 0x0040($sp)           
/* 00370 80B403F0 E7A00048 */  swc1    $f0, 0x0048($sp)           
/* 00374 80B403F4 E7B20044 */  swc1    $f18, 0x0044($sp)          
/* 00378 80B403F8 0C021BF7 */  jal     func_80086FDC              
/* 0037C 80B403FC E7B00068 */  swc1    $f16, 0x0068($sp)          
/* 00380 80B40400 3C014248 */  lui     $at, 0x4248                ## $at = 42480000
/* 00384 80B40404 44812000 */  mtc1    $at, $f4                   ## $f4 = 50.00
/* 00388 80B40408 2408FF38 */  addiu   $t0, $zero, 0xFF38         ## $t0 = FFFFFF38
/* 0038C 80B4040C 26250830 */  addiu   $a1, $s1, 0x0830           ## $a1 = 00000830
/* 00390 80B40410 46040182 */  mul.s   $f6, $f0, $f4              
/* 00394 80B40414 AFA50030 */  sw      $a1, 0x0030($sp)           
/* 00398 80B40418 02202025 */  or      $a0, $s1, $zero            ## $a0 = 00000000
/* 0039C 80B4041C 27A60050 */  addiu   $a2, $sp, 0x0050           ## $a2 = FFFFFFE0
/* 003A0 80B40420 27A70060 */  addiu   $a3, $sp, 0x0060           ## $a3 = FFFFFFF0
/* 003A4 80B40424 4600320D */  trunc.w.s $f8, $f6                   
/* 003A8 80B40428 44194000 */  mfc1    $t9, $f8                   
/* 003AC 80B4042C 00000000 */  nop
/* 003B0 80B40430 01194823 */  subu    $t1, $t0, $t9              
/* 003B4 80B40434 0C031000 */  jal     func_800C4000              
/* 003B8 80B40438 A7A9006E */  sh      $t1, 0x006E($sp)           
/* 003BC 80B4043C C602016C */  lwc1    $f2, 0x016C($s0)           ## 0000016C
/* 003C0 80B40440 3C014120 */  lui     $at, 0x4120                ## $at = 41200000
/* 003C4 80B40444 02202025 */  or      $a0, $s1, $zero            ## $a0 = 00000000
/* 003C8 80B40448 4602003C */  c.lt.s  $f0, $f2                   
/* 003CC 80B4044C 27A50060 */  addiu   $a1, $sp, 0x0060           ## $a1 = FFFFFFF0
/* 003D0 80B40450 27A60040 */  addiu   $a2, $sp, 0x0040           ## $a2 = FFFFFFD0
/* 003D4 80B40454 45000009 */  bc1f    .L80B4047C                 
/* 003D8 80B40458 00000000 */  nop
/* 003DC 80B4045C 44815000 */  mtc1    $at, $f10                  ## $f10 = 10.00
/* 003E0 80B40460 87AA006E */  lh      $t2, 0x006E($sp)           
/* 003E4 80B40464 3C07801D */  lui     $a3, 0x801D                ## $a3 = 801D0000
/* 003E8 80B40468 460A1400 */  add.s   $f16, $f2, $f10            
/* 003EC 80B4046C 24E715B0 */  addiu   $a3, $a3, 0x15B0           ## $a3 = 801D15B0
/* 003F0 80B40470 AFAA0010 */  sw      $t2, 0x0010($sp)           
/* 003F4 80B40474 0C02CC83 */  jal     func_800B320C              
/* 003F8 80B40478 E7B00064 */  swc1    $f16, 0x0064($sp)          
.L80B4047C:
/* 003FC 80B4047C 0C021BF7 */  jal     func_80086FDC              
/* 00400 80B40480 00000000 */  nop
/* 00404 80B40484 C6120174 */  lwc1    $f18, 0x0174($s0)          ## 00000174
/* 00408 80B40488 C6060168 */  lwc1    $f6, 0x0168($s0)           ## 00000168
/* 0040C 80B4048C 3C0142C8 */  lui     $at, 0x42C8                ## $at = 42C80000
/* 00410 80B40490 46120102 */  mul.s   $f4, $f0, $f18             
/* 00414 80B40494 44818000 */  mtc1    $at, $f16                  ## $f16 = 100.00
/* 00418 80B40498 46062200 */  add.s   $f8, $f4, $f6              
/* 0041C 80B4049C E7A80054 */  swc1    $f8, 0x0054($sp)           
/* 00420 80B404A0 C60A016C */  lwc1    $f10, 0x016C($s0)          ## 0000016C
/* 00424 80B404A4 46105480 */  add.s   $f18, $f10, $f16           
/* 00428 80B404A8 0C021BF7 */  jal     func_80086FDC              
/* 0042C 80B404AC E7B20058 */  swc1    $f18, 0x0058($sp)          
/* 00430 80B404B0 C6040178 */  lwc1    $f4, 0x0178($s0)           ## 00000178
/* 00434 80B404B4 C6080170 */  lwc1    $f8, 0x0170($s0)           ## 00000170
/* 00438 80B404B8 44801000 */  mtc1    $zero, $f2                 ## $f2 = 0.00
/* 0043C 80B404BC 46040182 */  mul.s   $f6, $f0, $f4              
/* 00440 80B404C0 3C013F00 */  lui     $at, 0x3F00                ## $at = 3F000000
/* 00444 80B404C4 44818000 */  mtc1    $at, $f16                  ## $f16 = 0.50
/* 00448 80B404C8 E7A20034 */  swc1    $f2, 0x0034($sp)           
/* 0044C 80B404CC E7A2003C */  swc1    $f2, 0x003C($sp)           
/* 00450 80B404D0 E7B00038 */  swc1    $f16, 0x0038($sp)          
/* 00454 80B404D4 46083280 */  add.s   $f10, $f6, $f8             
/* 00458 80B404D8 0C021BF7 */  jal     func_80086FDC              
/* 0045C 80B404DC E7AA005C */  swc1    $f10, 0x005C($sp)          
/* 00460 80B404E0 3C014248 */  lui     $at, 0x4248                ## $at = 42480000
/* 00464 80B404E4 44819000 */  mtc1    $at, $f18                  ## $f18 = 50.00
/* 00468 80B404E8 240DFF38 */  addiu   $t5, $zero, 0xFF38         ## $t5 = FFFFFF38
/* 0046C 80B404EC 02202025 */  or      $a0, $s1, $zero            ## $a0 = 00000000
/* 00470 80B404F0 46120102 */  mul.s   $f4, $f0, $f18             
/* 00474 80B404F4 8FA50030 */  lw      $a1, 0x0030($sp)           
/* 00478 80B404F8 27A60050 */  addiu   $a2, $sp, 0x0050           ## $a2 = FFFFFFE0
/* 0047C 80B404FC 27A70054 */  addiu   $a3, $sp, 0x0054           ## $a3 = FFFFFFE4
/* 00480 80B40500 4600218D */  trunc.w.s $f6, $f4                   
/* 00484 80B40504 440C3000 */  mfc1    $t4, $f6                   
/* 00488 80B40508 00000000 */  nop
/* 0048C 80B4050C 01AC7023 */  subu    $t6, $t5, $t4              
/* 00490 80B40510 0C031000 */  jal     func_800C4000              
/* 00494 80B40514 A7AE006E */  sh      $t6, 0x006E($sp)           
/* 00498 80B40518 C602016C */  lwc1    $f2, 0x016C($s0)           ## 0000016C
/* 0049C 80B4051C 3C014120 */  lui     $at, 0x4120                ## $at = 41200000
/* 004A0 80B40520 02202025 */  or      $a0, $s1, $zero            ## $a0 = 00000000
/* 004A4 80B40524 4602003C */  c.lt.s  $f0, $f2                   
/* 004A8 80B40528 27A50054 */  addiu   $a1, $sp, 0x0054           ## $a1 = FFFFFFE4
/* 004AC 80B4052C 27A60034 */  addiu   $a2, $sp, 0x0034           ## $a2 = FFFFFFC4
/* 004B0 80B40530 4502000A */  bc1fl   .L80B4055C                 
/* 004B4 80B40534 8FBF0024 */  lw      $ra, 0x0024($sp)           
/* 004B8 80B40538 44814000 */  mtc1    $at, $f8                   ## $f8 = 10.00
/* 004BC 80B4053C 87AF006E */  lh      $t7, 0x006E($sp)           
/* 004C0 80B40540 3C07801D */  lui     $a3, 0x801D                ## $a3 = 801D0000
/* 004C4 80B40544 46081280 */  add.s   $f10, $f2, $f8             
/* 004C8 80B40548 24E715B0 */  addiu   $a3, $a3, 0x15B0           ## $a3 = 801D15B0
/* 004CC 80B4054C AFAF0010 */  sw      $t7, 0x0010($sp)           
/* 004D0 80B40550 0C02CC83 */  jal     func_800B320C              
/* 004D4 80B40554 E7AA0058 */  swc1    $f10, 0x0058($sp)          
/* 004D8 80B40558 8FBF0024 */  lw      $ra, 0x0024($sp)           
.L80B4055C:
/* 004DC 80B4055C 8FB0001C */  lw      $s0, 0x001C($sp)           
/* 004E0 80B40560 8FB10020 */  lw      $s1, 0x0020($sp)           
/* 004E4 80B40564 03E00008 */  jr      $ra                        
/* 004E8 80B40568 27BD0070 */  addiu   $sp, $sp, 0x0070           ## $sp = 00000000


glabel func_80B4056C
/* 004EC 80B4056C 27BDFFD0 */  addiu   $sp, $sp, 0xFFD0           ## $sp = FFFFFFD0
/* 004F0 80B40570 AFB00018 */  sw      $s0, 0x0018($sp)           
/* 004F4 80B40574 00808025 */  or      $s0, $a0, $zero            ## $s0 = 00000000
/* 004F8 80B40578 AFBF001C */  sw      $ra, 0x001C($sp)           
/* 004FC 80B4057C AFA50034 */  sw      $a1, 0x0034($sp)           
/* 00500 80B40580 3C053DCC */  lui     $a1, 0x3DCC                ## $a1 = 3DCC0000
/* 00504 80B40584 AFA00024 */  sw      $zero, 0x0024($sp)         
/* 00508 80B40588 34A5CCCD */  ori     $a1, $a1, 0xCCCD           ## $a1 = 3DCCCCCD
/* 0050C 80B4058C 0C02D9F8 */  jal     func_800B67E0              
/* 00510 80B40590 02002025 */  or      $a0, $s0, $zero            ## $a0 = 00000000
/* 00514 80B40594 02002025 */  or      $a0, $s0, $zero            ## $a0 = 00000000
/* 00518 80B40598 0C032B84 */  jal     func_800CAE10              
/* 0051C 80B4059C 24050001 */  addiu   $a1, $zero, 0x0001         ## $a1 = 00000001
/* 00520 80B405A0 3C040600 */  lui     $a0, 0x0600                ## $a0 = 06000000
/* 00524 80B405A4 24840988 */  addiu   $a0, $a0, 0x0988           ## $a0 = 06000988
/* 00528 80B405A8 0C032559 */  jal     func_800C9564              
/* 0052C 80B405AC 27A50024 */  addiu   $a1, $sp, 0x0024           ## $a1 = FFFFFFF4
/* 00530 80B405B0 8FA40034 */  lw      $a0, 0x0034($sp)           
/* 00534 80B405B4 02003025 */  or      $a2, $s0, $zero            ## $a2 = 00000000
/* 00538 80B405B8 8FA70024 */  lw      $a3, 0x0024($sp)           
/* 0053C 80B405BC 0C031862 */  jal     func_800C6188              
/* 00540 80B405C0 24850880 */  addiu   $a1, $a0, 0x0880           ## $a1 = 00000880
/* 00544 80B405C4 AE020144 */  sw      $v0, 0x0144($s0)           ## 00000144
/* 00548 80B405C8 8FA50034 */  lw      $a1, 0x0034($sp)           
/* 0054C 80B405CC 0C2D00C2 */  jal     func_80B40308              
/* 00550 80B405D0 02002025 */  or      $a0, $s0, $zero            ## $a0 = 00000000
/* 00554 80B405D4 860E001C */  lh      $t6, 0x001C($s0)           ## 0000001C
/* 00558 80B405D8 3C0141A0 */  lui     $at, 0x41A0                ## $at = 41A00000
/* 0055C 80B405DC 51C00008 */  beql    $t6, $zero, .L80B40600     
/* 00560 80B405E0 C606000C */  lwc1    $f6, 0x000C($s0)           ## 0000000C
/* 00564 80B405E4 C604000C */  lwc1    $f4, 0x000C($s0)           ## 0000000C
/* 00568 80B405E8 02002025 */  or      $a0, $s0, $zero            ## $a0 = 00000000
/* 0056C 80B405EC 0C2D0020 */  jal     func_80B40080              
/* 00570 80B405F0 E6040028 */  swc1    $f4, 0x0028($s0)           ## 00000028
/* 00574 80B405F4 10000008 */  beq     $zero, $zero, .L80B40618   
/* 00578 80B405F8 8FBF001C */  lw      $ra, 0x001C($sp)           
/* 0057C 80B405FC C606000C */  lwc1    $f6, 0x000C($s0)           ## 0000000C
.L80B40600:
/* 00580 80B40600 44814000 */  mtc1    $at, $f8                   ## $f8 = 0.00
/* 00584 80B40604 02002025 */  or      $a0, $s0, $zero            ## $a0 = 00000000
/* 00588 80B40608 46083281 */  sub.s   $f10, $f6, $f8             
/* 0058C 80B4060C 0C2D0027 */  jal     func_80B4009C              
/* 00590 80B40610 E60A0028 */  swc1    $f10, 0x0028($s0)          ## 00000028
/* 00594 80B40614 8FBF001C */  lw      $ra, 0x001C($sp)           
.L80B40618:
/* 00598 80B40618 8FB00018 */  lw      $s0, 0x0018($sp)           
/* 0059C 80B4061C 27BD0030 */  addiu   $sp, $sp, 0x0030           ## $sp = 00000000
/* 005A0 80B40620 03E00008 */  jr      $ra                        
/* 005A4 80B40624 00000000 */  nop


glabel func_80B40628
/* 005A8 80B40628 27BDFFE8 */  addiu   $sp, $sp, 0xFFE8           ## $sp = FFFFFFE8
/* 005AC 80B4062C AFBF0014 */  sw      $ra, 0x0014($sp)           
/* 005B0 80B40630 AFA40018 */  sw      $a0, 0x0018($sp)           
/* 005B4 80B40634 00A03825 */  or      $a3, $a1, $zero            ## $a3 = 00000000
/* 005B8 80B40638 8FAE0018 */  lw      $t6, 0x0018($sp)           
/* 005BC 80B4063C 00E02025 */  or      $a0, $a3, $zero            ## $a0 = 00000000
/* 005C0 80B40640 24E50880 */  addiu   $a1, $a3, 0x0880           ## $a1 = 00000880
/* 005C4 80B40644 0C031933 */  jal     func_800C64CC              
/* 005C8 80B40648 8DC60144 */  lw      $a2, 0x0144($t6)           ## 00000144
/* 005CC 80B4064C 8FBF0014 */  lw      $ra, 0x0014($sp)           
/* 005D0 80B40650 27BD0018 */  addiu   $sp, $sp, 0x0018           ## $sp = 00000000
/* 005D4 80B40654 03E00008 */  jr      $ra                        
/* 005D8 80B40658 00000000 */  nop


glabel func_80B4065C
/* 005DC 80B4065C 27BDFFE8 */  addiu   $sp, $sp, 0xFFE8           ## $sp = FFFFFFE8
/* 005E0 80B40660 AFBF0014 */  sw      $ra, 0x0014($sp)           
/* 005E4 80B40664 AFA5001C */  sw      $a1, 0x001C($sp)           
/* 005E8 80B40668 AFA40018 */  sw      $a0, 0x0018($sp)           
/* 005EC 80B4066C 8C99015C */  lw      $t9, 0x015C($a0)           ## 0000015C
/* 005F0 80B40670 8FA5001C */  lw      $a1, 0x001C($sp)           
/* 005F4 80B40674 0320F809 */  jalr    $ra, $t9                   
/* 005F8 80B40678 00000000 */  nop
/* 005FC 80B4067C 8FA40018 */  lw      $a0, 0x0018($sp)           
/* 00600 80B40680 0C2D00E5 */  jal     func_80B40394              
/* 00604 80B40684 8FA5001C */  lw      $a1, 0x001C($sp)           
/* 00608 80B40688 8FBF0014 */  lw      $ra, 0x0014($sp)           
/* 0060C 80B4068C 27BD0018 */  addiu   $sp, $sp, 0x0018           ## $sp = 00000000
/* 00610 80B40690 03E00008 */  jr      $ra                        
/* 00614 80B40694 00000000 */  nop


glabel func_80B40698
/* 00618 80B40698 27BDFFD0 */  addiu   $sp, $sp, 0xFFD0           ## $sp = FFFFFFD0
/* 0061C 80B4069C AFBF001C */  sw      $ra, 0x001C($sp)           
/* 00620 80B406A0 AFB00018 */  sw      $s0, 0x0018($sp)           
/* 00624 80B406A4 AFA40030 */  sw      $a0, 0x0030($sp)           
/* 00628 80B406A8 AFA50034 */  sw      $a1, 0x0034($sp)           
/* 0062C 80B406AC 8FAE0034 */  lw      $t6, 0x0034($sp)           
/* 00630 80B406B0 8DC40000 */  lw      $a0, 0x0000($t6)           ## 00000000
/* 00634 80B406B4 0C04B0B7 */  jal     func_8012C2DC              
/* 00638 80B406B8 00808025 */  or      $s0, $a0, $zero            ## $s0 = 00000000
/* 0063C 80B406BC 3C040600 */  lui     $a0, 0x0600                ## $a0 = 06000000
/* 00640 80B406C0 0C040141 */  jal     func_80100504              
/* 00644 80B406C4 24840968 */  addiu   $a0, $a0, 0x0968           ## $a0 = 06000968
/* 00648 80B406C8 8FA40034 */  lw      $a0, 0x0034($sp)           
/* 0064C 80B406CC 0C04C5D6 */  jal     func_80131758              
/* 00650 80B406D0 00402825 */  or      $a1, $v0, $zero            ## $a1 = 00000000
/* 00654 80B406D4 8E0202C0 */  lw      $v0, 0x02C0($s0)           ## 000002C0
/* 00658 80B406D8 3C18DA38 */  lui     $t8, 0xDA38                ## $t8 = DA380000
/* 0065C 80B406DC 37180003 */  ori     $t8, $t8, 0x0003           ## $t8 = DA380003
/* 00660 80B406E0 244F0008 */  addiu   $t7, $v0, 0x0008           ## $t7 = 00000008
/* 00664 80B406E4 AE0F02C0 */  sw      $t7, 0x02C0($s0)           ## 000002C0
/* 00668 80B406E8 AC580000 */  sw      $t8, 0x0000($v0)           ## 00000000
/* 0066C 80B406EC 8FB90034 */  lw      $t9, 0x0034($sp)           
/* 00670 80B406F0 8F240000 */  lw      $a0, 0x0000($t9)           ## 00000000
/* 00674 80B406F4 0C060690 */  jal     func_80181A40              
/* 00678 80B406F8 AFA20024 */  sw      $v0, 0x0024($sp)           
/* 0067C 80B406FC 8FA30024 */  lw      $v1, 0x0024($sp)           
/* 00680 80B40700 3C04DE00 */  lui     $a0, 0xDE00                ## $a0 = DE000000
/* 00684 80B40704 AC620004 */  sw      $v0, 0x0004($v1)           ## 00000004
/* 00688 80B40708 8E0202C0 */  lw      $v0, 0x02C0($s0)           ## 000002C0
/* 0068C 80B4070C 3C090600 */  lui     $t1, 0x0600                ## $t1 = 06000000
/* 00690 80B40710 25290158 */  addiu   $t1, $t1, 0x0158           ## $t1 = 06000158
/* 00694 80B40714 24480008 */  addiu   $t0, $v0, 0x0008           ## $t0 = 00000008
/* 00698 80B40718 AE0802C0 */  sw      $t0, 0x02C0($s0)           ## 000002C0
/* 0069C 80B4071C AC490004 */  sw      $t1, 0x0004($v0)           ## 00000004
/* 006A0 80B40720 AC440000 */  sw      $a0, 0x0000($v0)           ## 00000000
/* 006A4 80B40724 8E0202C0 */  lw      $v0, 0x02C0($s0)           ## 000002C0
/* 006A8 80B40728 3C0B0600 */  lui     $t3, 0x0600                ## $t3 = 06000000
/* 006AC 80B4072C 256B0080 */  addiu   $t3, $t3, 0x0080           ## $t3 = 06000080
/* 006B0 80B40730 244A0008 */  addiu   $t2, $v0, 0x0008           ## $t2 = 00000008
/* 006B4 80B40734 AE0A02C0 */  sw      $t2, 0x02C0($s0)           ## 000002C0
/* 006B8 80B40738 AC4B0004 */  sw      $t3, 0x0004($v0)           ## 00000004
/* 006BC 80B4073C AC440000 */  sw      $a0, 0x0000($v0)           ## 00000000
/* 006C0 80B40740 8FBF001C */  lw      $ra, 0x001C($sp)           
/* 006C4 80B40744 8FB00018 */  lw      $s0, 0x0018($sp)           
/* 006C8 80B40748 27BD0030 */  addiu   $sp, $sp, 0x0030           ## $sp = 00000000
/* 006CC 80B4074C 03E00008 */  jr      $ra                        
/* 006D0 80B40750 00000000 */  nop
/* 006D4 80B40754 00000000 */  nop
/* 006D8 80B40758 00000000 */  nop
/* 006DC 80B4075C 00000000 */  nop

.section .data

D_80B40760: .word 0x01FE0100, 0x00000030, 0x01D30000, 0x00000180
.word func_80B4056C
.word func_80B40628
.word func_80B4065C
.word func_80B40698
D_80B40780: .word 0x00000000, 0x00000000, 0x00000000, 0x00000000

.section .rodata



.section .rodata
D_80B40790:
.incbin "baserom/Bg_Goron_Oyu", 0x710, 0x00000070
