.include "macro.inc"

# assembler directives
.set noat      # allow manual use of $at
.set noreorder # don't insert nops after branches
.set gp=64     # allow use of 64-bit general purpose registers

.section .text
glabel func_80B96410
/* 00000 80B96410 27BDFFE8 */  addiu   $sp, $sp, 0xFFE8           ## $sp = FFFFFFE8
/* 00004 80B96414 AFBF0014 */  sw      $ra, 0x0014($sp)           
/* 00008 80B96418 AFA5001C */  sw      $a1, 0x001C($sp)           
/* 0000C 80B9641C 3C0580B9 */  lui     $a1, %hi(D_80B96578)       ## $a1 = 80B90000
/* 00010 80B96420 24A56578 */  addiu   $a1, $a1, %lo(D_80B96578)  ## $a1 = 80B96578
/* 00014 80B96424 0C03FEB7 */  jal     func_800FFADC              
/* 00018 80B96428 AFA40018 */  sw      $a0, 0x0018($sp)           
/* 0001C 80B9642C 8FA40018 */  lw      $a0, 0x0018($sp)           
/* 00020 80B96430 0C032B84 */  jal     func_800CAE10              
/* 00024 80B96434 24050001 */  addiu   $a1, $zero, 0x0001         ## $a1 = 00000001
/* 00028 80B96438 8FA40018 */  lw      $a0, 0x0018($sp)           
/* 0002C 80B9643C 3C1980B9 */  lui     $t9, %hi(D_80B96560)       ## $t9 = 80B90000
/* 00030 80B96440 3C0B80B9 */  lui     $t3, %hi(D_80B96568)       ## $t3 = 80B90000
/* 00034 80B96444 948E001C */  lhu     $t6, 0x001C($a0)           ## 0000001C
/* 00038 80B96448 9488001C */  lhu     $t0, 0x001C($a0)           ## 0000001C
/* 0003C 80B9644C 948C001C */  lhu     $t4, 0x001C($a0)           ## 0000001C
/* 00040 80B96450 31CF000F */  andi    $t7, $t6, 0x000F           ## $t7 = 00000000
/* 00044 80B96454 000FC080 */  sll     $t8, $t7,  2               
/* 00048 80B96458 0338C821 */  addu    $t9, $t9, $t8              
/* 0004C 80B9645C 8F396560 */  lw      $t9, %lo(D_80B96560)($t9)  
/* 00050 80B96460 3109000F */  andi    $t1, $t0, 0x000F           ## $t1 = 00000000
/* 00054 80B96464 00095080 */  sll     $t2, $t1,  2               
/* 00058 80B96468 016A5821 */  addu    $t3, $t3, $t2              
/* 0005C 80B9646C AC99015C */  sw      $t9, 0x015C($a0)           ## 0000015C
/* 00060 80B96470 8D6B6568 */  lw      $t3, %lo(D_80B96568)($t3)  
/* 00064 80B96474 318D000F */  andi    $t5, $t4, 0x000F           ## $t5 = 00000000
/* 00068 80B96478 000D7080 */  sll     $t6, $t5,  2               
/* 0006C 80B9647C 3C0F80B9 */  lui     $t7, %hi(D_80B96570)       ## $t7 = 80B90000
/* 00070 80B96480 01EE7821 */  addu    $t7, $t7, $t6              
/* 00074 80B96484 AC8B0160 */  sw      $t3, 0x0160($a0)           ## 00000160
/* 00078 80B96488 8DEF6570 */  lw      $t7, %lo(D_80B96570)($t7)  
/* 0007C 80B9648C AC8F0164 */  sw      $t7, 0x0164($a0)           ## 00000164
/* 00080 80B96490 8FBF0014 */  lw      $ra, 0x0014($sp)           
/* 00084 80B96494 03E00008 */  jr      $ra                        
/* 00088 80B96498 27BD0018 */  addiu   $sp, $sp, 0x0018           ## $sp = 00000000


glabel func_80B9649C
/* 0008C 80B9649C 27BDFFE8 */  addiu   $sp, $sp, 0xFFE8           ## $sp = FFFFFFE8
/* 00090 80B964A0 AFBF0014 */  sw      $ra, 0x0014($sp)           
/* 00094 80B964A4 AFA40018 */  sw      $a0, 0x0018($sp)           
/* 00098 80B964A8 00A03825 */  or      $a3, $a1, $zero            ## $a3 = 00000000
/* 0009C 80B964AC 8FAE0018 */  lw      $t6, 0x0018($sp)           
/* 000A0 80B964B0 00E02025 */  or      $a0, $a3, $zero            ## $a0 = 00000000
/* 000A4 80B964B4 24E50880 */  addiu   $a1, $a3, 0x0880           ## $a1 = 00000880
/* 000A8 80B964B8 0C031933 */  jal     func_800C64CC              
/* 000AC 80B964BC 8DC60144 */  lw      $a2, 0x0144($t6)           ## 00000144
/* 000B0 80B964C0 8FBF0014 */  lw      $ra, 0x0014($sp)           
/* 000B4 80B964C4 27BD0018 */  addiu   $sp, $sp, 0x0018           ## $sp = 00000000
/* 000B8 80B964C8 03E00008 */  jr      $ra                        
/* 000BC 80B964CC 00000000 */  nop


glabel func_80B964D0
/* 000C0 80B964D0 27BDFFE0 */  addiu   $sp, $sp, 0xFFE0           ## $sp = FFFFFFE0
/* 000C4 80B964D4 AFB00018 */  sw      $s0, 0x0018($sp)           
/* 000C8 80B964D8 00808025 */  or      $s0, $a0, $zero            ## $s0 = 00000000
/* 000CC 80B964DC AFBF001C */  sw      $ra, 0x001C($sp)           
/* 000D0 80B964E0 AFA50024 */  sw      $a1, 0x0024($sp)           
/* 000D4 80B964E4 8E060164 */  lw      $a2, 0x0164($s0)           ## 00000164
/* 000D8 80B964E8 50C00007 */  beql    $a2, $zero, .L80B96508     
/* 000DC 80B964EC 8E05015C */  lw      $a1, 0x015C($s0)           ## 0000015C
/* 000E0 80B964F0 0C040141 */  jal     func_80100504              
/* 000E4 80B964F4 00C02025 */  or      $a0, $a2, $zero            ## $a0 = 00000000
/* 000E8 80B964F8 8FA40024 */  lw      $a0, 0x0024($sp)           
/* 000EC 80B964FC 0C04C5D6 */  jal     func_80131758              
/* 000F0 80B96500 00402825 */  or      $a1, $v0, $zero            ## $a1 = 00000000
/* 000F4 80B96504 8E05015C */  lw      $a1, 0x015C($s0)           ## 0000015C
.L80B96508:
/* 000F8 80B96508 50A00004 */  beql    $a1, $zero, .L80B9651C     
/* 000FC 80B9650C 8E050160 */  lw      $a1, 0x0160($s0)           ## 00000160
/* 00100 80B96510 0C02F7F0 */  jal     func_800BDFC0              
/* 00104 80B96514 8FA40024 */  lw      $a0, 0x0024($sp)           
/* 00108 80B96518 8E050160 */  lw      $a1, 0x0160($s0)           ## 00000160
.L80B9651C:
/* 0010C 80B9651C 50A00004 */  beql    $a1, $zero, .L80B96530     
/* 00110 80B96520 8FBF001C */  lw      $ra, 0x001C($sp)           
/* 00114 80B96524 0C02F80F */  jal     func_800BE03C              
/* 00118 80B96528 8FA40024 */  lw      $a0, 0x0024($sp)           
/* 0011C 80B9652C 8FBF001C */  lw      $ra, 0x001C($sp)           
.L80B96530:
/* 00120 80B96530 8FB00018 */  lw      $s0, 0x0018($sp)           
/* 00124 80B96534 27BD0020 */  addiu   $sp, $sp, 0x0020           ## $sp = 00000000
/* 00128 80B96538 03E00008 */  jr      $ra                        
/* 0012C 80B9653C 00000000 */  nop

.section .data

D_80B96540: .word 0x02270100, 0x00000030, 0x020C0000, 0x00000168
.word func_80B96410
.word func_80B9649C
.word 0x800BDFB0
.word func_80B964D0
D_80B96560: .word 0x060062D8, 0x06001DC0
D_80B96568: .word 0x06006140, 0x06001C10
D_80B96570: .word 0x06006858, 0x06002598
D_80B96578: .word 0x485803E8, 0x00000000

.section .rodata



.section .rodata
D_80B96580:
.incbin "baserom/Bg_Inibs_Movebg", 0x170, 0x00000050
