.include "macro.inc"

# assembler directives
.set noat      # allow manual use of $at
.set noreorder # don't insert nops after branches
.set gp=64     # allow use of 64-bit general purpose registers

.section .text
glabel func_80BD6F10
/* 00000 80BD6F10 27BDFFC8 */  addiu   $sp, $sp, 0xFFC8           ## $sp = FFFFFFC8
/* 00004 80BD6F14 AFB00018 */  sw      $s0, 0x0018($sp)           
/* 00008 80BD6F18 00808025 */  or      $s0, $a0, $zero            ## $s0 = 00000000
/* 0000C 80BD6F1C AFBF001C */  sw      $ra, 0x001C($sp)           
/* 00010 80BD6F20 AFA5003C */  sw      $a1, 0x003C($sp)           
/* 00014 80BD6F24 3C053DCC */  lui     $a1, 0x3DCC                ## $a1 = 3DCC0000
/* 00018 80BD6F28 AFA00030 */  sw      $zero, 0x0030($sp)         
/* 0001C 80BD6F2C 34A5CCCD */  ori     $a1, $a1, 0xCCCD           ## $a1 = 3DCCCCCD
/* 00020 80BD6F30 0C02D9F8 */  jal     func_800B67E0              
/* 00024 80BD6F34 02002025 */  or      $a0, $s0, $zero            ## $a0 = 00000000
/* 00028 80BD6F38 8602001C */  lh      $v0, 0x001C($s0)           ## 0000001C
/* 0002C 80BD6F3C 3C0380BD */  lui     $v1, %hi(func_80BD73D0)    ## $v1 = 80BD0000
/* 00030 80BD6F40 246373D0 */  addiu   $v1, $v1, %lo(func_80BD73D0) ## $v1 = 80BD73D0
/* 00034 80BD6F44 3042000F */  andi    $v0, $v0, 0x000F           ## $v0 = 00000000
/* 00038 80BD6F48 AE030164 */  sw      $v1, 0x0164($s0)           ## 00000164
/* 0003C 80BD6F4C 10400009 */  beq     $v0, $zero, .L80BD6F74     
/* 00040 80BD6F50 A600015C */  sh      $zero, 0x015C($s0)         ## 0000015C
/* 00044 80BD6F54 24010001 */  addiu   $at, $zero, 0x0001         ## $at = 00000001
/* 00048 80BD6F58 10410027 */  beq     $v0, $at, .L80BD6FF8       
/* 0004C 80BD6F5C 02002025 */  or      $a0, $s0, $zero            ## $a0 = 00000000
/* 00050 80BD6F60 24010002 */  addiu   $at, $zero, 0x0002         ## $at = 00000002
/* 00054 80BD6F64 10410042 */  beq     $v0, $at, .L80BD7070       
/* 00058 80BD6F68 24090204 */  addiu   $t1, $zero, 0x0204         ## $t1 = 00000204
/* 0005C 80BD6F6C 10000065 */  beq     $zero, $zero, .L80BD7104   
/* 00060 80BD6F70 00000000 */  nop
.L80BD6F74:
/* 00064 80BD6F74 3C013F80 */  lui     $at, 0x3F80                ## $at = 3F800000
/* 00068 80BD6F78 44812000 */  mtc1    $at, $f4                   ## $f4 = 1.00
/* 0006C 80BD6F7C 3C0E80BD */  lui     $t6, %hi(func_80BD71BC)    ## $t6 = 80BD0000
/* 00070 80BD6F80 3C04801F */  lui     $a0, 0x801F                ## $a0 = 801F0000
/* 00074 80BD6F84 25CE71BC */  addiu   $t6, $t6, %lo(func_80BD71BC) ## $t6 = 80BD71BC
/* 00078 80BD6F88 240F0204 */  addiu   $t7, $zero, 0x0204         ## $t7 = 00000204
/* 0007C 80BD6F8C 2484F670 */  addiu   $a0, $a0, 0xF670           ## $a0 = 801EF670
/* 00080 80BD6F90 AE0E0164 */  sw      $t6, 0x0164($s0)           ## 00000164
/* 00084 80BD6F94 A60F015E */  sh      $t7, 0x015E($s0)           ## 0000015E
/* 00088 80BD6F98 E6040160 */  swc1    $f4, 0x0160($s0)           ## 00000160
/* 0008C 80BD6F9C 90980F06 */  lbu     $t8, 0x0F06($a0)           ## 801F0576
/* 00090 80BD6FA0 3C0A80BD */  lui     $t2, %hi(func_80BD7768)    ## $t2 = 80BD0000
/* 00094 80BD6FA4 254A7768 */  addiu   $t2, $t2, %lo(func_80BD7768) ## $t2 = 80BD7768
/* 00098 80BD6FA8 33190004 */  andi    $t9, $t8, 0x0004           ## $t9 = 00000000
/* 0009C 80BD6FAC 57200008 */  bnel    $t9, $zero, .L80BD6FD0     
/* 000A0 80BD6FB0 AE0A013C */  sw      $t2, 0x013C($s0)           ## 0000013C
/* 000A4 80BD6FB4 90880F2C */  lbu     $t0, 0x0F2C($a0)           ## 801F059C
/* 000A8 80BD6FB8 8FAE003C */  lw      $t6, 0x003C($sp)           
/* 000AC 80BD6FBC 3C010001 */  lui     $at, 0x0001                ## $at = 00010000
/* 000B0 80BD6FC0 31090020 */  andi    $t1, $t0, 0x0020           ## $t1 = 00000000
/* 000B4 80BD6FC4 11200009 */  beq     $t1, $zero, .L80BD6FEC     
/* 000B8 80BD6FC8 002E0821 */  addu    $at, $at, $t6              
/* 000BC 80BD6FCC AE0A013C */  sw      $t2, 0x013C($s0)           ## 0000013C
.L80BD6FD0:
/* 000C0 80BD6FD0 AE030164 */  sw      $v1, 0x0164($s0)           ## 00000164
/* 000C4 80BD6FD4 8FAC003C */  lw      $t4, 0x003C($sp)           
/* 000C8 80BD6FD8 3C010001 */  lui     $at, 0x0001                ## $at = 00010000
/* 000CC 80BD6FDC 240B0019 */  addiu   $t3, $zero, 0x0019         ## $t3 = 00000019
/* 000D0 80BD6FE0 002C0821 */  addu    $at, $at, $t4              
/* 000D4 80BD6FE4 10000049 */  beq     $zero, $zero, .L80BD710C   
/* 000D8 80BD6FE8 A02B70C7 */  sb      $t3, 0x70C7($at)           ## 000170C7
.L80BD6FEC:
/* 000DC 80BD6FEC 240D0018 */  addiu   $t5, $zero, 0x0018         ## $t5 = 00000018
/* 000E0 80BD6FF0 10000046 */  beq     $zero, $zero, .L80BD710C   
/* 000E4 80BD6FF4 A02D70C7 */  sb      $t5, 0x70C7($at)           ## 000170C7
.L80BD6FF8:
/* 000E8 80BD6FF8 0C02D9F8 */  jal     func_800B67E0              
/* 000EC 80BD6FFC 3C053F80 */  lui     $a1, 0x3F80                ## $a1 = 3F800000
/* 000F0 80BD7000 3C0F80BD */  lui     $t7, %hi(func_80BD7820)    ## $t7 = 80BD0000
/* 000F4 80BD7004 25EF7820 */  addiu   $t7, $t7, %lo(func_80BD7820) ## $t7 = 80BD7820
/* 000F8 80BD7008 24180204 */  addiu   $t8, $zero, 0x0204         ## $t8 = 00000204
/* 000FC 80BD700C AE0F013C */  sw      $t7, 0x013C($s0)           ## 0000013C
/* 00100 80BD7010 A618015E */  sh      $t8, 0x015E($s0)           ## 0000015E
/* 00104 80BD7014 02002025 */  or      $a0, $s0, $zero            ## $a0 = 00000000
/* 00108 80BD7018 0C032B84 */  jal     func_800CAE10              
/* 0010C 80BD701C 00002825 */  or      $a1, $zero, $zero          ## $a1 = 00000000
/* 00110 80BD7020 3C040601 */  lui     $a0, 0x0601                ## $a0 = 06010000
/* 00114 80BD7024 24842788 */  addiu   $a0, $a0, 0x2788           ## $a0 = 06012788
/* 00118 80BD7028 0C032559 */  jal     func_800C9564              
/* 0011C 80BD702C 27A50030 */  addiu   $a1, $sp, 0x0030           ## $a1 = FFFFFFF8
/* 00120 80BD7030 8FA4003C */  lw      $a0, 0x003C($sp)           
/* 00124 80BD7034 02003025 */  or      $a2, $s0, $zero            ## $a2 = 00000000
/* 00128 80BD7038 8FA70030 */  lw      $a3, 0x0030($sp)           
/* 0012C 80BD703C 0C031862 */  jal     func_800C6188              
/* 00130 80BD7040 24850880 */  addiu   $a1, $a0, 0x0880           ## $a1 = 00000880
/* 00134 80BD7044 3C04801F */  lui     $a0, 0x801F                ## $a0 = 801F0000
/* 00138 80BD7048 2484F670 */  addiu   $a0, $a0, 0xF670           ## $a0 = 801EF670
/* 0013C 80BD704C AE020144 */  sw      $v0, 0x0144($s0)           ## 00000144
/* 00140 80BD7050 90990F06 */  lbu     $t9, 0x0F06($a0)           ## 801F0576
/* 00144 80BD7054 33280004 */  andi    $t0, $t9, 0x0004           ## $t0 = 00000000
/* 00148 80BD7058 5500002D */  bnel    $t0, $zero, .L80BD7110     
/* 0014C 80BD705C 8FBF001C */  lw      $ra, 0x001C($sp)           
/* 00150 80BD7060 0C02D9C3 */  jal     func_800B670C              
/* 00154 80BD7064 02002025 */  or      $a0, $s0, $zero            ## $a0 = 00000000
/* 00158 80BD7068 10000029 */  beq     $zero, $zero, .L80BD7110   
/* 0015C 80BD706C 8FBF001C */  lw      $ra, 0x001C($sp)           
.L80BD7070:
/* 00160 80BD7070 3C0A80BD */  lui     $t2, %hi(func_80BD78C4)    ## $t2 = 80BD0000
/* 00164 80BD7074 254A78C4 */  addiu   $t2, $t2, %lo(func_80BD78C4) ## $t2 = 80BD78C4
/* 00168 80BD7078 A609015E */  sh      $t1, 0x015E($s0)           ## 0000015E
/* 0016C 80BD707C AE0A013C */  sw      $t2, 0x013C($s0)           ## 0000013C
/* 00170 80BD7080 02002025 */  or      $a0, $s0, $zero            ## $a0 = 00000000
/* 00174 80BD7084 0C032B84 */  jal     func_800CAE10              
/* 00178 80BD7088 00002825 */  or      $a1, $zero, $zero          ## $a1 = 00000000
/* 0017C 80BD708C 3C040601 */  lui     $a0, 0x0601                ## $a0 = 06010000
/* 00180 80BD7090 248417C8 */  addiu   $a0, $a0, 0x17C8           ## $a0 = 060117C8
/* 00184 80BD7094 0C032559 */  jal     func_800C9564              
/* 00188 80BD7098 27A50030 */  addiu   $a1, $sp, 0x0030           ## $a1 = FFFFFFF8
/* 0018C 80BD709C 8FA4003C */  lw      $a0, 0x003C($sp)           
/* 00190 80BD70A0 02003025 */  or      $a2, $s0, $zero            ## $a2 = 00000000
/* 00194 80BD70A4 8FA70030 */  lw      $a3, 0x0030($sp)           
/* 00198 80BD70A8 0C031862 */  jal     func_800C6188              
/* 0019C 80BD70AC 24850880 */  addiu   $a1, $a0, 0x0880           ## $a1 = 00000880
/* 001A0 80BD70B0 3C04801F */  lui     $a0, 0x801F                ## $a0 = 801F0000
/* 001A4 80BD70B4 2484F670 */  addiu   $a0, $a0, 0xF670           ## $a0 = 801EF670
/* 001A8 80BD70B8 AE020144 */  sw      $v0, 0x0144($s0)           ## 00000144
/* 001AC 80BD70BC 908B0F06 */  lbu     $t3, 0x0F06($a0)           ## 801F0576
/* 001B0 80BD70C0 3C0D80BD */  lui     $t5, %hi(func_80BD7360)    ## $t5 = 80BD0000
/* 001B4 80BD70C4 3C013F80 */  lui     $at, 0x3F80                ## $at = 3F800000
/* 001B8 80BD70C8 316C0004 */  andi    $t4, $t3, 0x0004           ## $t4 = 00000000
/* 001BC 80BD70CC 11800009 */  beq     $t4, $zero, .L80BD70F4     
/* 001C0 80BD70D0 25AD7360 */  addiu   $t5, $t5, %lo(func_80BD7360) ## $t5 = 80BD7360
/* 001C4 80BD70D4 44813000 */  mtc1    $at, $f6                   ## $f6 = 1.00
/* 001C8 80BD70D8 3C014288 */  lui     $at, 0x4288                ## $at = 42880000
/* 001CC 80BD70DC 44815000 */  mtc1    $at, $f10                  ## $f10 = 68.00
/* 001D0 80BD70E0 C6080028 */  lwc1    $f8, 0x0028($s0)           ## 00000028
/* 001D4 80BD70E4 E6060160 */  swc1    $f6, 0x0160($s0)           ## 00000160
/* 001D8 80BD70E8 460A4400 */  add.s   $f16, $f8, $f10            
/* 001DC 80BD70EC 10000007 */  beq     $zero, $zero, .L80BD710C   
/* 001E0 80BD70F0 E6100028 */  swc1    $f16, 0x0028($s0)          ## 00000028
.L80BD70F4:
/* 001E4 80BD70F4 44809000 */  mtc1    $zero, $f18                ## $f18 = 0.00
/* 001E8 80BD70F8 AE0D0164 */  sw      $t5, 0x0164($s0)           ## 00000164
/* 001EC 80BD70FC 10000003 */  beq     $zero, $zero, .L80BD710C   
/* 001F0 80BD7100 E6120160 */  swc1    $f18, 0x0160($s0)          ## 00000160
.L80BD7104:
/* 001F4 80BD7104 0C02D9C3 */  jal     func_800B670C              
/* 001F8 80BD7108 02002025 */  or      $a0, $s0, $zero            ## $a0 = 00000000
.L80BD710C:
/* 001FC 80BD710C 8FBF001C */  lw      $ra, 0x001C($sp)           
.L80BD7110:
/* 00200 80BD7110 8FB00018 */  lw      $s0, 0x0018($sp)           
/* 00204 80BD7114 27BD0038 */  addiu   $sp, $sp, 0x0038           ## $sp = 00000000
/* 00208 80BD7118 03E00008 */  jr      $ra                        
/* 0020C 80BD711C 00000000 */  nop


glabel func_80BD7120
/* 00210 80BD7120 27BDFFE8 */  addiu   $sp, $sp, 0xFFE8           ## $sp = FFFFFFE8
/* 00214 80BD7124 AFBF0014 */  sw      $ra, 0x0014($sp)           
/* 00218 80BD7128 AFA5001C */  sw      $a1, 0x001C($sp)           
/* 0021C 80BD712C 00803825 */  or      $a3, $a0, $zero            ## $a3 = 00000000
/* 00220 80BD7130 84E2001C */  lh      $v0, 0x001C($a3)           ## 0000001C
/* 00224 80BD7134 8FA4001C */  lw      $a0, 0x001C($sp)           
/* 00228 80BD7138 24010001 */  addiu   $at, $zero, 0x0001         ## $at = 00000001
/* 0022C 80BD713C 3042000F */  andi    $v0, $v0, 0x000F           ## $v0 = 00000000
/* 00230 80BD7140 10410004 */  beq     $v0, $at, .L80BD7154       
/* 00234 80BD7144 24850880 */  addiu   $a1, $a0, 0x0880           ## $a1 = 00000880
/* 00238 80BD7148 24010002 */  addiu   $at, $zero, 0x0002         ## $at = 00000002
/* 0023C 80BD714C 54410004 */  bnel    $v0, $at, .L80BD7160       
/* 00240 80BD7150 8FBF0014 */  lw      $ra, 0x0014($sp)           
.L80BD7154:
/* 00244 80BD7154 0C031933 */  jal     func_800C64CC              
/* 00248 80BD7158 8CE60144 */  lw      $a2, 0x0144($a3)           ## 00000144
/* 0024C 80BD715C 8FBF0014 */  lw      $ra, 0x0014($sp)           
.L80BD7160:
/* 00250 80BD7160 27BD0018 */  addiu   $sp, $sp, 0x0018           ## $sp = 00000000
/* 00254 80BD7164 03E00008 */  jr      $ra                        
/* 00258 80BD7168 00000000 */  nop


glabel func_80BD716C
/* 0025C 80BD716C 3C0180BD */  lui     $at, %hi(D_80BD79E0)       ## $at = 80BD0000
/* 00260 80BD7170 C42279E0 */  lwc1    $f2, %lo(D_80BD79E0)($at)  
/* 00264 80BD7174 C4800160 */  lwc1    $f0, 0x0160($a0)           ## 00000160
/* 00268 80BD7178 3C0E80BD */  lui     $t6, %hi(func_80BD73D0)    ## $t6 = 80BD0000
/* 0026C 80BD717C 3C010001 */  lui     $at, 0x0001                ## $at = 00010000
/* 00270 80BD7180 4600103E */  c.le.s  $f2, $f0                   
/* 00274 80BD7184 25CE73D0 */  addiu   $t6, $t6, %lo(func_80BD73D0) ## $t6 = 80BD73D0
/* 00278 80BD7188 3C0F80BD */  lui     $t7, %hi(func_80BD7768)    ## $t7 = 80BD0000
/* 0027C 80BD718C 00250821 */  addu    $at, $at, $a1              
/* 00280 80BD7190 45000004 */  bc1f    .L80BD71A4                 
/* 00284 80BD7194 24180019 */  addiu   $t8, $zero, 0x0019         ## $t8 = 00000019
/* 00288 80BD7198 46020101 */  sub.s   $f4, $f0, $f2              
/* 0028C 80BD719C 10000004 */  beq     $zero, $zero, .L80BD71B0   
/* 00290 80BD71A0 E4840160 */  swc1    $f4, 0x0160($a0)           ## 00000160
.L80BD71A4:
/* 00294 80BD71A4 25EF7768 */  addiu   $t7, $t7, %lo(func_80BD7768) ## $t7 = 80BD7768
/* 00298 80BD71A8 AC8E0164 */  sw      $t6, 0x0164($a0)           ## 00000164
/* 0029C 80BD71AC AC8F013C */  sw      $t7, 0x013C($a0)           ## 0000013C
.L80BD71B0:
/* 002A0 80BD71B0 A03870C7 */  sb      $t8, 0x70C7($at)           ## 000170C7
/* 002A4 80BD71B4 03E00008 */  jr      $ra                        
/* 002A8 80BD71B8 00000000 */  nop


glabel func_80BD71BC
/* 002AC 80BD71BC 27BDFFE8 */  addiu   $sp, $sp, 0xFFE8           ## $sp = FFFFFFE8
/* 002B0 80BD71C0 AFBF0014 */  sw      $ra, 0x0014($sp)           
/* 002B4 80BD71C4 AFA40018 */  sw      $a0, 0x0018($sp)           
/* 002B8 80BD71C8 00A03025 */  or      $a2, $a1, $zero            ## $a2 = 00000000
/* 002BC 80BD71CC 3C010001 */  lui     $at, 0x0001                ## $at = 00010000
/* 002C0 80BD71D0 00260821 */  addu    $at, $at, $a2              
/* 002C4 80BD71D4 240E0018 */  addiu   $t6, $zero, 0x0018         ## $t6 = 00000018
/* 002C8 80BD71D8 A02E70C7 */  sb      $t6, 0x70C7($at)           ## 000170C7
/* 002CC 80BD71DC 8FAF0018 */  lw      $t7, 0x0018($sp)           
/* 002D0 80BD71E0 00C02025 */  or      $a0, $a2, $zero            ## $a0 = 00000000
/* 002D4 80BD71E4 95E5015E */  lhu     $a1, 0x015E($t7)           ## 0000015E
/* 002D8 80BD71E8 0C03B8A7 */  jal     func_800EE29C              
/* 002DC 80BD71EC AFA6001C */  sw      $a2, 0x001C($sp)           
/* 002E0 80BD71F0 10400013 */  beq     $v0, $zero, .L80BD7240     
/* 002E4 80BD71F4 8FB80018 */  lw      $t8, 0x0018($sp)           
/* 002E8 80BD71F8 8FA4001C */  lw      $a0, 0x001C($sp)           
/* 002EC 80BD71FC 0C03B880 */  jal     func_800EE200              
/* 002F0 80BD7200 9705015E */  lhu     $a1, 0x015E($t8)           ## 0000015E
/* 002F4 80BD7204 8FB9001C */  lw      $t9, 0x001C($sp)           
/* 002F8 80BD7208 00024080 */  sll     $t0, $v0,  2               
/* 002FC 80BD720C 24010002 */  addiu   $at, $zero, 0x0002         ## $at = 00000002
/* 00300 80BD7210 03284821 */  addu    $t1, $t9, $t0              
/* 00304 80BD7214 8D2A1F4C */  lw      $t2, 0x1F4C($t1)           ## 00001F4C
/* 00308 80BD7218 8FAD0018 */  lw      $t5, 0x0018($sp)           
/* 0030C 80BD721C 954B0000 */  lhu     $t3, 0x0000($t2)           ## 00000000
/* 00310 80BD7220 15610007 */  bne     $t3, $at, .L80BD7240       
/* 00314 80BD7224 3C0C80BD */  lui     $t4, %hi(func_80BD716C)    ## $t4 = 80BD0000
/* 00318 80BD7228 258C716C */  addiu   $t4, $t4, %lo(func_80BD716C) ## $t4 = 80BD716C
/* 0031C 80BD722C ADAC0164 */  sw      $t4, 0x0164($t5)           ## 00000164
/* 00320 80BD7230 8FAF0018 */  lw      $t7, 0x0018($sp)           
/* 00324 80BD7234 3C0E80BD */  lui     $t6, %hi(func_80BD7538)    ## $t6 = 80BD0000
/* 00328 80BD7238 25CE7538 */  addiu   $t6, $t6, %lo(func_80BD7538) ## $t6 = 80BD7538
/* 0032C 80BD723C ADEE013C */  sw      $t6, 0x013C($t7)           ## 0000013C
.L80BD7240:
/* 00330 80BD7240 8FBF0014 */  lw      $ra, 0x0014($sp)           
/* 00334 80BD7244 27BD0018 */  addiu   $sp, $sp, 0x0018           ## $sp = 00000000
/* 00338 80BD7248 03E00008 */  jr      $ra                        
/* 0033C 80BD724C 00000000 */  nop


glabel func_80BD7250
/* 00340 80BD7250 27BDFFE8 */  addiu   $sp, $sp, 0xFFE8           ## $sp = FFFFFFE8
/* 00344 80BD7254 AFBF0014 */  sw      $ra, 0x0014($sp)           
/* 00348 80BD7258 AFA5001C */  sw      $a1, 0x001C($sp)           
/* 0034C 80BD725C 3C014288 */  lui     $at, 0x4288                ## $at = 42880000
/* 00350 80BD7260 44813000 */  mtc1    $at, $f6                   ## $f6 = 68.00
/* 00354 80BD7264 3C0180BD */  lui     $at, %hi(D_80BD79E4)       ## $at = 80BD0000
/* 00358 80BD7268 C42A79E4 */  lwc1    $f10, %lo(D_80BD79E4)($at) 
/* 0035C 80BD726C C4880028 */  lwc1    $f8, 0x0028($a0)           ## 00000028
/* 00360 80BD7270 C484000C */  lwc1    $f4, 0x000C($a0)           ## 0000000C
/* 00364 80BD7274 3C0E80BD */  lui     $t6, %hi(func_80BD73D0)    ## $t6 = 80BD0000
/* 00368 80BD7278 460A4400 */  add.s   $f16, $f8, $f10            
/* 0036C 80BD727C 25CE73D0 */  addiu   $t6, $t6, %lo(func_80BD73D0) ## $t6 = 80BD73D0
/* 00370 80BD7280 46062000 */  add.s   $f0, $f4, $f6              
/* 00374 80BD7284 E4900028 */  swc1    $f16, 0x0028($a0)          ## 00000028
/* 00378 80BD7288 C4920028 */  lwc1    $f18, 0x0028($a0)          ## 00000028
/* 0037C 80BD728C 4612003C */  c.lt.s  $f0, $f18                  
/* 00380 80BD7290 00000000 */  nop
/* 00384 80BD7294 45000003 */  bc1f    .L80BD72A4                 
/* 00388 80BD7298 00000000 */  nop
/* 0038C 80BD729C E4800028 */  swc1    $f0, 0x0028($a0)           ## 00000028
/* 00390 80BD72A0 AC8E0164 */  sw      $t6, 0x0164($a0)           ## 00000164
.L80BD72A4:
/* 00394 80BD72A4 0C067C4A */  jal     func_8019F128              
/* 00398 80BD72A8 2404205E */  addiu   $a0, $zero, 0x205E         ## $a0 = 0000205E
/* 0039C 80BD72AC 8FBF0014 */  lw      $ra, 0x0014($sp)           
/* 003A0 80BD72B0 27BD0018 */  addiu   $sp, $sp, 0x0018           ## $sp = 00000000
/* 003A4 80BD72B4 03E00008 */  jr      $ra                        
/* 003A8 80BD72B8 00000000 */  nop


glabel func_80BD72BC
/* 003AC 80BD72BC 27BDFFE8 */  addiu   $sp, $sp, 0xFFE8           ## $sp = FFFFFFE8
/* 003B0 80BD72C0 AFBF0014 */  sw      $ra, 0x0014($sp)           
/* 003B4 80BD72C4 AFA5001C */  sw      $a1, 0x001C($sp)           
/* 003B8 80BD72C8 00803025 */  or      $a2, $a0, $zero            ## $a2 = 00000000
/* 003BC 80BD72CC 94C5015E */  lhu     $a1, 0x015E($a2)           ## 0000015E
/* 003C0 80BD72D0 AFA60018 */  sw      $a2, 0x0018($sp)           
/* 003C4 80BD72D4 0C03B8A7 */  jal     func_800EE29C              
/* 003C8 80BD72D8 8FA4001C */  lw      $a0, 0x001C($sp)           
/* 003CC 80BD72DC 10400011 */  beq     $v0, $zero, .L80BD7324     
/* 003D0 80BD72E0 8FA60018 */  lw      $a2, 0x0018($sp)           
/* 003D4 80BD72E4 94C5015E */  lhu     $a1, 0x015E($a2)           ## 0000015E
/* 003D8 80BD72E8 AFA60018 */  sw      $a2, 0x0018($sp)           
/* 003DC 80BD72EC 0C03B880 */  jal     func_800EE200              
/* 003E0 80BD72F0 8FA4001C */  lw      $a0, 0x001C($sp)           
/* 003E4 80BD72F4 8FAE001C */  lw      $t6, 0x001C($sp)           
/* 003E8 80BD72F8 00027880 */  sll     $t7, $v0,  2               
/* 003EC 80BD72FC 24010003 */  addiu   $at, $zero, 0x0003         ## $at = 00000003
/* 003F0 80BD7300 01CFC021 */  addu    $t8, $t6, $t7              
/* 003F4 80BD7304 8F191F4C */  lw      $t9, 0x1F4C($t8)           ## 00001F4C
/* 003F8 80BD7308 3C0980BD */  lui     $t1, %hi(func_80BD7250)    ## $t1 = 80BD0000
/* 003FC 80BD730C 8FA60018 */  lw      $a2, 0x0018($sp)           
/* 00400 80BD7310 97280000 */  lhu     $t0, 0x0000($t9)           ## 00000000
/* 00404 80BD7314 25297250 */  addiu   $t1, $t1, %lo(func_80BD7250) ## $t1 = 80BD7250
/* 00408 80BD7318 15010002 */  bne     $t0, $at, .L80BD7324       
/* 0040C 80BD731C 00000000 */  nop
/* 00410 80BD7320 ACC90164 */  sw      $t1, 0x0164($a2)           ## 00000164
.L80BD7324:
/* 00414 80BD7324 3C0180BD */  lui     $at, %hi(D_80BD79E8)       ## $at = 80BD0000
/* 00418 80BD7328 C42479E8 */  lwc1    $f4, %lo(D_80BD79E8)($at)  
/* 0041C 80BD732C C4C00160 */  lwc1    $f0, 0x0160($a2)           ## 00000160
/* 00420 80BD7330 3C0180BD */  lui     $at, %hi(D_80BD79EC)       ## $at = 80BD0000
/* 00424 80BD7334 4604003C */  c.lt.s  $f0, $f4                   
/* 00428 80BD7338 00000000 */  nop
/* 0042C 80BD733C 45020005 */  bc1fl   .L80BD7354                 
/* 00430 80BD7340 8FBF0014 */  lw      $ra, 0x0014($sp)           
/* 00434 80BD7344 C42679EC */  lwc1    $f6, %lo(D_80BD79EC)($at)  
/* 00438 80BD7348 46060200 */  add.s   $f8, $f0, $f6              
/* 0043C 80BD734C E4C80160 */  swc1    $f8, 0x0160($a2)           ## 00000160
/* 00440 80BD7350 8FBF0014 */  lw      $ra, 0x0014($sp)           
.L80BD7354:
/* 00444 80BD7354 27BD0018 */  addiu   $sp, $sp, 0x0018           ## $sp = 00000000
/* 00448 80BD7358 03E00008 */  jr      $ra                        
/* 0044C 80BD735C 00000000 */  nop


glabel func_80BD7360
/* 00450 80BD7360 27BDFFE8 */  addiu   $sp, $sp, 0xFFE8           ## $sp = FFFFFFE8
/* 00454 80BD7364 AFBF0014 */  sw      $ra, 0x0014($sp)           
/* 00458 80BD7368 AFA40018 */  sw      $a0, 0x0018($sp)           
/* 0045C 80BD736C AFA5001C */  sw      $a1, 0x001C($sp)           
/* 00460 80BD7370 8FAE0018 */  lw      $t6, 0x0018($sp)           
/* 00464 80BD7374 8FA4001C */  lw      $a0, 0x001C($sp)           
/* 00468 80BD7378 0C03B8A7 */  jal     func_800EE29C              
/* 0046C 80BD737C 95C5015E */  lhu     $a1, 0x015E($t6)           ## 0000015E
/* 00470 80BD7380 1040000F */  beq     $v0, $zero, .L80BD73C0     
/* 00474 80BD7384 8FAF0018 */  lw      $t7, 0x0018($sp)           
/* 00478 80BD7388 8FA4001C */  lw      $a0, 0x001C($sp)           
/* 0047C 80BD738C 0C03B880 */  jal     func_800EE200              
/* 00480 80BD7390 95E5015E */  lhu     $a1, 0x015E($t7)           ## 0000015E
/* 00484 80BD7394 8FB8001C */  lw      $t8, 0x001C($sp)           
/* 00488 80BD7398 0002C880 */  sll     $t9, $v0,  2               
/* 0048C 80BD739C 24010002 */  addiu   $at, $zero, 0x0002         ## $at = 00000002
/* 00490 80BD73A0 03194021 */  addu    $t0, $t8, $t9              
/* 00494 80BD73A4 8D091F4C */  lw      $t1, 0x1F4C($t0)           ## 00001F4C
/* 00498 80BD73A8 8FAC0018 */  lw      $t4, 0x0018($sp)           
/* 0049C 80BD73AC 952A0000 */  lhu     $t2, 0x0000($t1)           ## 00000000
/* 004A0 80BD73B0 15410003 */  bne     $t2, $at, .L80BD73C0       
/* 004A4 80BD73B4 3C0B80BD */  lui     $t3, %hi(func_80BD72BC)    ## $t3 = 80BD0000
/* 004A8 80BD73B8 256B72BC */  addiu   $t3, $t3, %lo(func_80BD72BC) ## $t3 = 80BD72BC
/* 004AC 80BD73BC AD8B0164 */  sw      $t3, 0x0164($t4)           ## 00000164
.L80BD73C0:
/* 004B0 80BD73C0 8FBF0014 */  lw      $ra, 0x0014($sp)           
/* 004B4 80BD73C4 27BD0018 */  addiu   $sp, $sp, 0x0018           ## $sp = 00000000
/* 004B8 80BD73C8 03E00008 */  jr      $ra                        
/* 004BC 80BD73CC 00000000 */  nop


glabel func_80BD73D0
/* 004C0 80BD73D0 AFA40000 */  sw      $a0, 0x0000($sp)           
/* 004C4 80BD73D4 AFA50004 */  sw      $a1, 0x0004($sp)           
/* 004C8 80BD73D8 03E00008 */  jr      $ra                        
/* 004CC 80BD73DC 00000000 */  nop


glabel func_80BD73E0
/* 004D0 80BD73E0 27BDFFE8 */  addiu   $sp, $sp, 0xFFE8           ## $sp = FFFFFFE8
/* 004D4 80BD73E4 AFBF0014 */  sw      $ra, 0x0014($sp)           
/* 004D8 80BD73E8 8C990164 */  lw      $t9, 0x0164($a0)           ## 00000164
/* 004DC 80BD73EC 0320F809 */  jalr    $ra, $t9                   
/* 004E0 80BD73F0 00000000 */  nop
/* 004E4 80BD73F4 8FBF0014 */  lw      $ra, 0x0014($sp)           
/* 004E8 80BD73F8 27BD0018 */  addiu   $sp, $sp, 0x0018           ## $sp = 00000000
/* 004EC 80BD73FC 03E00008 */  jr      $ra                        
/* 004F0 80BD7400 00000000 */  nop


glabel func_80BD7404
/* 004F4 80BD7404 27BDFFC8 */  addiu   $sp, $sp, 0xFFC8           ## $sp = FFFFFFC8
/* 004F8 80BD7408 AFB10018 */  sw      $s1, 0x0018($sp)           
/* 004FC 80BD740C 00A08825 */  or      $s1, $a1, $zero            ## $s1 = 00000000
/* 00500 80BD7410 AFBF001C */  sw      $ra, 0x001C($sp)           
/* 00504 80BD7414 AFB00014 */  sw      $s0, 0x0014($sp)           
/* 00508 80BD7418 AFA40038 */  sw      $a0, 0x0038($sp)           
/* 0050C 80BD741C 3C040601 */  lui     $a0, 0x0601                ## $a0 = 06010000
/* 00510 80BD7420 8E300000 */  lw      $s0, 0x0000($s1)           ## 00000000
/* 00514 80BD7424 0C040141 */  jal     func_80100504              
/* 00518 80BD7428 2484F1C0 */  addiu   $a0, $a0, 0xF1C0           ## $a0 = 0600F1C0
/* 0051C 80BD742C 02202025 */  or      $a0, $s1, $zero            ## $a0 = 00000000
/* 00520 80BD7430 0C04C5D6 */  jal     func_80131758              
/* 00524 80BD7434 00402825 */  or      $a1, $v0, $zero            ## $a1 = 00000000
/* 00528 80BD7438 02202025 */  or      $a0, $s1, $zero            ## $a0 = 00000000
/* 0052C 80BD743C 00002825 */  or      $a1, $zero, $zero          ## $a1 = 00000000
/* 00530 80BD7440 0C04C77C */  jal     func_80131DF0              
/* 00534 80BD7444 24060001 */  addiu   $a2, $zero, 0x0001         ## $a2 = 00000001
/* 00538 80BD7448 8E0202B0 */  lw      $v0, 0x02B0($s0)           ## 000002B0
/* 0053C 80BD744C 3C0FDA38 */  lui     $t7, 0xDA38                ## $t7 = DA380000
/* 00540 80BD7450 35EF0003 */  ori     $t7, $t7, 0x0003           ## $t7 = DA380003
/* 00544 80BD7454 244E0008 */  addiu   $t6, $v0, 0x0008           ## $t6 = 00000008
/* 00548 80BD7458 AE0E02B0 */  sw      $t6, 0x02B0($s0)           ## 000002B0
/* 0054C 80BD745C AC4F0000 */  sw      $t7, 0x0000($v0)           ## 00000000
/* 00550 80BD7460 8E240000 */  lw      $a0, 0x0000($s1)           ## 00000000
/* 00554 80BD7464 0C060690 */  jal     func_80181A40              
/* 00558 80BD7468 AFA20028 */  sw      $v0, 0x0028($sp)           
/* 0055C 80BD746C 8FA30028 */  lw      $v1, 0x0028($sp)           
/* 00560 80BD7470 AC620004 */  sw      $v0, 0x0004($v1)           ## 00000004
/* 00564 80BD7474 8E0202C0 */  lw      $v0, 0x02C0($s0)           ## 000002C0
/* 00568 80BD7478 3C19DA38 */  lui     $t9, 0xDA38                ## $t9 = DA380000
/* 0056C 80BD747C 37390003 */  ori     $t9, $t9, 0x0003           ## $t9 = DA380003
/* 00570 80BD7480 24580008 */  addiu   $t8, $v0, 0x0008           ## $t8 = 00000008
/* 00574 80BD7484 AE1802C0 */  sw      $t8, 0x02C0($s0)           ## 000002C0
/* 00578 80BD7488 AC590000 */  sw      $t9, 0x0000($v0)           ## 00000000
/* 0057C 80BD748C 8E240000 */  lw      $a0, 0x0000($s1)           ## 00000000
/* 00580 80BD7490 0C060690 */  jal     func_80181A40              
/* 00584 80BD7494 AFA20024 */  sw      $v0, 0x0024($sp)           
/* 00588 80BD7498 8FA30024 */  lw      $v1, 0x0024($sp)           
/* 0058C 80BD749C AC620004 */  sw      $v0, 0x0004($v1)           ## 00000004
/* 00590 80BD74A0 0C04B0A3 */  jal     func_8012C28C              
/* 00594 80BD74A4 8E240000 */  lw      $a0, 0x0000($s1)           ## 00000000
/* 00598 80BD74A8 0C04B0B7 */  jal     func_8012C2DC              
/* 0059C 80BD74AC 8E240000 */  lw      $a0, 0x0000($s1)           ## 00000000
/* 005A0 80BD74B0 3C04FB00 */  lui     $a0, 0xFB00                ## $a0 = FB000000
/* 005A4 80BD74B4 8E0202B0 */  lw      $v0, 0x02B0($s0)           ## 000002B0
/* 005A8 80BD74B8 240900FF */  addiu   $t1, $zero, 0x00FF         ## $t1 = 000000FF
/* 005AC 80BD74BC 3C05DE00 */  lui     $a1, 0xDE00                ## $a1 = DE000000
/* 005B0 80BD74C0 24480008 */  addiu   $t0, $v0, 0x0008           ## $t0 = 00000008
/* 005B4 80BD74C4 AE0802B0 */  sw      $t0, 0x02B0($s0)           ## 000002B0
/* 005B8 80BD74C8 AC490004 */  sw      $t1, 0x0004($v0)           ## 00000004
/* 005BC 80BD74CC AC440000 */  sw      $a0, 0x0000($v0)           ## 00000000
/* 005C0 80BD74D0 8E0202B0 */  lw      $v0, 0x02B0($s0)           ## 000002B0
/* 005C4 80BD74D4 3C0B0601 */  lui     $t3, 0x0601                ## $t3 = 06010000
/* 005C8 80BD74D8 256BDDD8 */  addiu   $t3, $t3, 0xDDD8           ## $t3 = 0600DDD8
/* 005CC 80BD74DC 244A0008 */  addiu   $t2, $v0, 0x0008           ## $t2 = 00000008
/* 005D0 80BD74E0 AE0A02B0 */  sw      $t2, 0x02B0($s0)           ## 000002B0
/* 005D4 80BD74E4 AC4B0004 */  sw      $t3, 0x0004($v0)           ## 00000004
/* 005D8 80BD74E8 AC450000 */  sw      $a1, 0x0000($v0)           ## 00000000
/* 005DC 80BD74EC 8E0202C0 */  lw      $v0, 0x02C0($s0)           ## 000002C0
/* 005E0 80BD74F0 3C0DD72A */  lui     $t5, 0xD72A                ## $t5 = D72A0000
/* 005E4 80BD74F4 35AD3778 */  ori     $t5, $t5, 0x3778           ## $t5 = D72A3778
/* 005E8 80BD74F8 244C0008 */  addiu   $t4, $v0, 0x0008           ## $t4 = 00000008
/* 005EC 80BD74FC AE0C02C0 */  sw      $t4, 0x02C0($s0)           ## 000002C0
/* 005F0 80BD7500 AC4D0004 */  sw      $t5, 0x0004($v0)           ## 00000004
/* 005F4 80BD7504 AC440000 */  sw      $a0, 0x0000($v0)           ## 00000000
/* 005F8 80BD7508 8E0202C0 */  lw      $v0, 0x02C0($s0)           ## 000002C0
/* 005FC 80BD750C 3C0F0601 */  lui     $t7, 0x0601                ## $t7 = 06010000
/* 00600 80BD7510 25EFDB60 */  addiu   $t7, $t7, 0xDB60           ## $t7 = 0600DB60
/* 00604 80BD7514 244E0008 */  addiu   $t6, $v0, 0x0008           ## $t6 = 00000008
/* 00608 80BD7518 AE0E02C0 */  sw      $t6, 0x02C0($s0)           ## 000002C0
/* 0060C 80BD751C AC4F0004 */  sw      $t7, 0x0004($v0)           ## 00000004
/* 00610 80BD7520 AC450000 */  sw      $a1, 0x0000($v0)           ## 00000000
/* 00614 80BD7524 8FBF001C */  lw      $ra, 0x001C($sp)           
/* 00618 80BD7528 8FB00014 */  lw      $s0, 0x0014($sp)           
/* 0061C 80BD752C 8FB10018 */  lw      $s1, 0x0018($sp)           
/* 00620 80BD7530 03E00008 */  jr      $ra                        
/* 00624 80BD7534 27BD0038 */  addiu   $sp, $sp, 0x0038           ## $sp = 00000000


glabel func_80BD7538
/* 00628 80BD7538 27BDFFA0 */  addiu   $sp, $sp, 0xFFA0           ## $sp = FFFFFFA0
/* 0062C 80BD753C AFB00014 */  sw      $s0, 0x0014($sp)           
/* 00630 80BD7540 00A08025 */  or      $s0, $a1, $zero            ## $s0 = 00000000
/* 00634 80BD7544 AFBF001C */  sw      $ra, 0x001C($sp)           
/* 00638 80BD7548 AFB10018 */  sw      $s1, 0x0018($sp)           
/* 0063C 80BD754C AFA40060 */  sw      $a0, 0x0060($sp)           
/* 00640 80BD7550 8FA40060 */  lw      $a0, 0x0060($sp)           
/* 00644 80BD7554 0C2F5DDA */  jal     func_80BD7768              
/* 00648 80BD7558 02002825 */  or      $a1, $s0, $zero            ## $a1 = 00000000
/* 0064C 80BD755C 8E110000 */  lw      $s1, 0x0000($s0)           ## 00000000
/* 00650 80BD7560 860E0810 */  lh      $t6, 0x0810($s0)           ## 00000810
/* 00654 80BD7564 000E7880 */  sll     $t7, $t6,  2               
/* 00658 80BD7568 020FC021 */  addu    $t8, $s0, $t7              
/* 0065C 80BD756C 8F030800 */  lw      $v1, 0x0800($t8)           ## 00000800
/* 00660 80BD7570 2464005C */  addiu   $a0, $v1, 0x005C           ## $a0 = 0000005C
/* 00664 80BD7574 0C03FE98 */  jal     func_800FFA60              
/* 00668 80BD7578 24650050 */  addiu   $a1, $v1, 0x0050           ## $a1 = 00000050
/* 0066C 80BD757C A7A2003E */  sh      $v0, 0x003E($sp)           
/* 00670 80BD7580 86190810 */  lh      $t9, 0x0810($s0)           ## 00000810
/* 00674 80BD7584 00194080 */  sll     $t0, $t9,  2               
/* 00678 80BD7588 02084821 */  addu    $t1, $s0, $t0              
/* 0067C 80BD758C 8D230800 */  lw      $v1, 0x0800($t1)           ## 00000800
/* 00680 80BD7590 2464005C */  addiu   $a0, $v1, 0x005C           ## $a0 = 0000005C
/* 00684 80BD7594 0C03FEA5 */  jal     func_800FFA94              
/* 00688 80BD7598 24650050 */  addiu   $a1, $v1, 0x0050           ## $a1 = 00000050
/* 0068C 80BD759C 00025023 */  subu    $t2, $zero, $v0            
/* 00690 80BD75A0 A7AA003C */  sh      $t2, 0x003C($sp)           
/* 00694 80BD75A4 0C03FB61 */  jal     func_800FED84              
/* 00698 80BD75A8 87A4003E */  lh      $a0, 0x003E($sp)           
/* 0069C 80BD75AC E7A00024 */  swc1    $f0, 0x0024($sp)           
/* 006A0 80BD75B0 0C03FB51 */  jal     func_800FED44              
/* 006A4 80BD75B4 87A4003C */  lh      $a0, 0x003C($sp)           
/* 006A8 80BD75B8 3C01C2C8 */  lui     $at, 0xC2C8                ## $at = C2C80000
/* 006AC 80BD75BC 44812000 */  mtc1    $at, $f4                   ## $f4 = -100.00
/* 006B0 80BD75C0 C7A60024 */  lwc1    $f6, 0x0024($sp)           
/* 006B4 80BD75C4 87A4003C */  lh      $a0, 0x003C($sp)           
/* 006B8 80BD75C8 46062202 */  mul.s   $f8, $f4, $f6              
/* 006BC 80BD75CC 00000000 */  nop
/* 006C0 80BD75D0 46080282 */  mul.s   $f10, $f0, $f8             
/* 006C4 80BD75D4 0C03FB61 */  jal     func_800FED84              
/* 006C8 80BD75D8 E7AA0040 */  swc1    $f10, 0x0040($sp)          
/* 006CC 80BD75DC 3C01C2C8 */  lui     $at, 0xC2C8                ## $at = C2C80000
/* 006D0 80BD75E0 44818000 */  mtc1    $at, $f16                  ## $f16 = -100.00
/* 006D4 80BD75E4 87A4003E */  lh      $a0, 0x003E($sp)           
/* 006D8 80BD75E8 46100482 */  mul.s   $f18, $f0, $f16            
/* 006DC 80BD75EC 0C03FB51 */  jal     func_800FED44              
/* 006E0 80BD75F0 E7B20044 */  swc1    $f18, 0x0044($sp)          
/* 006E4 80BD75F4 E7A00024 */  swc1    $f0, 0x0024($sp)           
/* 006E8 80BD75F8 0C03FB51 */  jal     func_800FED44              
/* 006EC 80BD75FC 87A4003C */  lh      $a0, 0x003C($sp)           
/* 006F0 80BD7600 3C01C2C8 */  lui     $at, 0xC2C8                ## $at = C2C80000
/* 006F4 80BD7604 44812000 */  mtc1    $at, $f4                   ## $f4 = -100.00
/* 006F8 80BD7608 C7A60024 */  lwc1    $f6, 0x0024($sp)           
/* 006FC 80BD760C C7AC0040 */  lwc1    $f12, 0x0040($sp)          
/* 00700 80BD7610 C7AE0044 */  lwc1    $f14, 0x0044($sp)          
/* 00704 80BD7614 46062202 */  mul.s   $f8, $f4, $f6              
/* 00708 80BD7618 24070001 */  addiu   $a3, $zero, 0x0001         ## $a3 = 00000001
/* 0070C 80BD761C 46080282 */  mul.s   $f10, $f0, $f8             
/* 00710 80BD7620 44065000 */  mfc1    $a2, $f10                  
/* 00714 80BD7624 0C0600A7 */  jal     func_8018029C              
/* 00718 80BD7628 00000000 */  nop
/* 0071C 80BD762C 8FAB0060 */  lw      $t3, 0x0060($sp)           
/* 00720 80BD7630 3C040601 */  lui     $a0, 0x0601                ## $a0 = 06010000
/* 00724 80BD7634 2484F1C0 */  addiu   $a0, $a0, 0xF1C0           ## $a0 = 0600F1C0
/* 00728 80BD7638 C5700160 */  lwc1    $f16, 0x0160($t3)          ## 00000160
/* 0072C 80BD763C 0C040141 */  jal     func_80100504              
/* 00730 80BD7640 E7B00054 */  swc1    $f16, 0x0054($sp)          
/* 00734 80BD7644 02002025 */  or      $a0, $s0, $zero            ## $a0 = 00000000
/* 00738 80BD7648 0C04C5D6 */  jal     func_80131758              
/* 0073C 80BD764C 00402825 */  or      $a1, $v0, $zero            ## $a1 = 00000000
/* 00740 80BD7650 8E2502C0 */  lw      $a1, 0x02C0($s1)           ## 000002C0
/* 00744 80BD7654 3C0DDA38 */  lui     $t5, 0xDA38                ## $t5 = DA380000
/* 00748 80BD7658 35AD0003 */  ori     $t5, $t5, 0x0003           ## $t5 = DA380003
/* 0074C 80BD765C 24AC0008 */  addiu   $t4, $a1, 0x0008           ## $t4 = 00000008
/* 00750 80BD7660 AE2C02C0 */  sw      $t4, 0x02C0($s1)           ## 000002C0
/* 00754 80BD7664 ACAD0000 */  sw      $t5, 0x0000($a1)           ## 00000000
/* 00758 80BD7668 8E040000 */  lw      $a0, 0x0000($s0)           ## 00000000
/* 0075C 80BD766C 0C060690 */  jal     func_80181A40              
/* 00760 80BD7670 AFA50038 */  sw      $a1, 0x0038($sp)           
/* 00764 80BD7674 8FA30038 */  lw      $v1, 0x0038($sp)           
/* 00768 80BD7678 AC620004 */  sw      $v0, 0x0004($v1)           ## 00000004
/* 0076C 80BD767C 8E2502C0 */  lw      $a1, 0x02C0($s1)           ## 000002C0
/* 00770 80BD7680 24AE0008 */  addiu   $t6, $a1, 0x0008           ## $t6 = 00000008
/* 00774 80BD7684 AE2E02C0 */  sw      $t6, 0x02C0($s1)           ## 000002C0
/* 00778 80BD7688 0C04B0C1 */  jal     func_8012C304              
/* 0077C 80BD768C 00A02025 */  or      $a0, $a1, $zero            ## $a0 = 00000000
/* 00780 80BD7690 02002025 */  or      $a0, $s0, $zero            ## $a0 = 00000000
/* 00784 80BD7694 24050001 */  addiu   $a1, $zero, 0x0001         ## $a1 = 00000001
/* 00788 80BD7698 0C04C77C */  jal     func_80131DF0              
/* 0078C 80BD769C 24060002 */  addiu   $a2, $zero, 0x0002         ## $a2 = 00000002
/* 00790 80BD76A0 0C04B0B7 */  jal     func_8012C2DC              
/* 00794 80BD76A4 8E040000 */  lw      $a0, 0x0000($s0)           ## 00000000
/* 00798 80BD76A8 3C03FB00 */  lui     $v1, 0xFB00                ## $v1 = FB000000
/* 0079C 80BD76AC C7A00054 */  lwc1    $f0, 0x0054($sp)           
/* 007A0 80BD76B0 3C01437F */  lui     $at, 0x437F                ## $at = 437F0000
/* 007A4 80BD76B4 44819000 */  mtc1    $at, $f18                  ## $f18 = 255.00
/* 007A8 80BD76B8 3C0142F0 */  lui     $at, 0x42F0                ## $at = 42F00000
/* 007AC 80BD76BC 44814000 */  mtc1    $at, $f8                   ## $f8 = 120.00
/* 007B0 80BD76C0 46009102 */  mul.s   $f4, $f18, $f0             
/* 007B4 80BD76C4 8E2502C0 */  lw      $a1, 0x02C0($s1)           ## 000002C0
/* 007B8 80BD76C8 3C04DE00 */  lui     $a0, 0xDE00                ## $a0 = DE000000
/* 007BC 80BD76CC 46004282 */  mul.s   $f10, $f8, $f0             
/* 007C0 80BD76D0 24AF0008 */  addiu   $t7, $a1, 0x0008           ## $t7 = 00000008
/* 007C4 80BD76D4 AE2F02C0 */  sw      $t7, 0x02C0($s1)           ## 000002C0
/* 007C8 80BD76D8 3C01D72A */  lui     $at, 0xD72A                ## $at = D72A0000
/* 007CC 80BD76DC ACA30000 */  sw      $v1, 0x0000($a1)           ## 00000000
/* 007D0 80BD76E0 4600218D */  trunc.w.s $f6, $f4                   
/* 007D4 80BD76E4 4600540D */  trunc.w.s $f16, $f10                 
/* 007D8 80BD76E8 44193000 */  mfc1    $t9, $f6                   
/* 007DC 80BD76EC 00000000 */  nop
/* 007E0 80BD76F0 332800FF */  andi    $t0, $t9, 0x00FF           ## $t0 = 00000000
/* 007E4 80BD76F4 ACA80004 */  sw      $t0, 0x0004($a1)           ## 00000004
/* 007E8 80BD76F8 8E2502C0 */  lw      $a1, 0x02C0($s1)           ## 000002C0
/* 007EC 80BD76FC 3C0A0601 */  lui     $t2, 0x0601                ## $t2 = 06010000
/* 007F0 80BD7700 254ADDD8 */  addiu   $t2, $t2, 0xDDD8           ## $t2 = 0600DDD8
/* 007F4 80BD7704 24A90008 */  addiu   $t1, $a1, 0x0008           ## $t1 = 00000008
/* 007F8 80BD7708 AE2902C0 */  sw      $t1, 0x02C0($s1)           ## 000002C0
/* 007FC 80BD770C ACAA0004 */  sw      $t2, 0x0004($a1)           ## 00000004
/* 00800 80BD7710 ACA40000 */  sw      $a0, 0x0000($a1)           ## 00000000
/* 00804 80BD7714 8E2502C0 */  lw      $a1, 0x02C0($s1)           ## 000002C0
/* 00808 80BD7718 440D8000 */  mfc1    $t5, $f16                  
/* 0080C 80BD771C 34213700 */  ori     $at, $at, 0x3700           ## $at = D72A3700
/* 00810 80BD7720 24AB0008 */  addiu   $t3, $a1, 0x0008           ## $t3 = 00000008
/* 00814 80BD7724 AE2B02C0 */  sw      $t3, 0x02C0($s1)           ## 000002C0
/* 00818 80BD7728 31AE00FF */  andi    $t6, $t5, 0x00FF           ## $t6 = 00000000
/* 0081C 80BD772C 01C17825 */  or      $t7, $t6, $at              ## $t7 = D72A3700
/* 00820 80BD7730 ACAF0004 */  sw      $t7, 0x0004($a1)           ## 00000004
/* 00824 80BD7734 ACA30000 */  sw      $v1, 0x0000($a1)           ## 00000000
/* 00828 80BD7738 8E2502C0 */  lw      $a1, 0x02C0($s1)           ## 000002C0
/* 0082C 80BD773C 3C190601 */  lui     $t9, 0x0601                ## $t9 = 06010000
/* 00830 80BD7740 2739DB60 */  addiu   $t9, $t9, 0xDB60           ## $t9 = 0600DB60
/* 00834 80BD7744 24B80008 */  addiu   $t8, $a1, 0x0008           ## $t8 = 00000008
/* 00838 80BD7748 AE3802C0 */  sw      $t8, 0x02C0($s1)           ## 000002C0
/* 0083C 80BD774C ACB90004 */  sw      $t9, 0x0004($a1)           ## 00000004
/* 00840 80BD7750 ACA40000 */  sw      $a0, 0x0000($a1)           ## 00000000
/* 00844 80BD7754 8FBF001C */  lw      $ra, 0x001C($sp)           
/* 00848 80BD7758 8FB00014 */  lw      $s0, 0x0014($sp)           
/* 0084C 80BD775C 8FB10018 */  lw      $s1, 0x0018($sp)           
/* 00850 80BD7760 03E00008 */  jr      $ra                        
/* 00854 80BD7764 27BD0060 */  addiu   $sp, $sp, 0x0060           ## $sp = 00000000


glabel func_80BD7768
/* 00858 80BD7768 27BDFFD0 */  addiu   $sp, $sp, 0xFFD0           ## $sp = FFFFFFD0
/* 0085C 80BD776C AFBF001C */  sw      $ra, 0x001C($sp)           
/* 00860 80BD7770 AFB00018 */  sw      $s0, 0x0018($sp)           
/* 00864 80BD7774 AFA40030 */  sw      $a0, 0x0030($sp)           
/* 00868 80BD7778 00A03825 */  or      $a3, $a1, $zero            ## $a3 = 00000000
/* 0086C 80BD777C 8CF00000 */  lw      $s0, 0x0000($a3)           ## 00000000
/* 00870 80BD7780 AFA70034 */  sw      $a3, 0x0034($sp)           
/* 00874 80BD7784 00E02025 */  or      $a0, $a3, $zero            ## $a0 = 00000000
/* 00878 80BD7788 00002825 */  or      $a1, $zero, $zero          ## $a1 = 00000000
/* 0087C 80BD778C 0C04C77C */  jal     func_80131DF0              
/* 00880 80BD7790 24060001 */  addiu   $a2, $zero, 0x0001         ## $a2 = 00000001
/* 00884 80BD7794 8E0202B0 */  lw      $v0, 0x02B0($s0)           ## 000002B0
/* 00888 80BD7798 3C0FDA38 */  lui     $t7, 0xDA38                ## $t7 = DA380000
/* 0088C 80BD779C 35EF0003 */  ori     $t7, $t7, 0x0003           ## $t7 = DA380003
/* 00890 80BD77A0 244E0008 */  addiu   $t6, $v0, 0x0008           ## $t6 = 00000008
/* 00894 80BD77A4 AE0E02B0 */  sw      $t6, 0x02B0($s0)           ## 000002B0
/* 00898 80BD77A8 AC4F0000 */  sw      $t7, 0x0000($v0)           ## 00000000
/* 0089C 80BD77AC 8FB80034 */  lw      $t8, 0x0034($sp)           
/* 008A0 80BD77B0 8F040000 */  lw      $a0, 0x0000($t8)           ## 00000000
/* 008A4 80BD77B4 0C060690 */  jal     func_80181A40              
/* 008A8 80BD77B8 AFA20020 */  sw      $v0, 0x0020($sp)           
/* 008AC 80BD77BC 8FA30020 */  lw      $v1, 0x0020($sp)           
/* 008B0 80BD77C0 AC620004 */  sw      $v0, 0x0004($v1)           ## 00000004
/* 008B4 80BD77C4 8FB90034 */  lw      $t9, 0x0034($sp)           
/* 008B8 80BD77C8 0C04B0A3 */  jal     func_8012C28C              
/* 008BC 80BD77CC 8F240000 */  lw      $a0, 0x0000($t9)           ## 00000000
/* 008C0 80BD77D0 8E0202B0 */  lw      $v0, 0x02B0($s0)           ## 000002B0
/* 008C4 80BD77D4 3C09FB00 */  lui     $t1, 0xFB00                ## $t1 = FB000000
/* 008C8 80BD77D8 240A00FF */  addiu   $t2, $zero, 0x00FF         ## $t2 = 000000FF
/* 008CC 80BD77DC 24480008 */  addiu   $t0, $v0, 0x0008           ## $t0 = 00000008
/* 008D0 80BD77E0 AE0802B0 */  sw      $t0, 0x02B0($s0)           ## 000002B0
/* 008D4 80BD77E4 AC4A0004 */  sw      $t2, 0x0004($v0)           ## 00000004
/* 008D8 80BD77E8 AC490000 */  sw      $t1, 0x0000($v0)           ## 00000000
/* 008DC 80BD77EC 8E0202B0 */  lw      $v0, 0x02B0($s0)           ## 000002B0
/* 008E0 80BD77F0 3C0D0601 */  lui     $t5, 0x0601                ## $t5 = 06010000
/* 008E4 80BD77F4 25AD0D98 */  addiu   $t5, $t5, 0x0D98           ## $t5 = 06010D98
/* 008E8 80BD77F8 244B0008 */  addiu   $t3, $v0, 0x0008           ## $t3 = 00000008
/* 008EC 80BD77FC AE0B02B0 */  sw      $t3, 0x02B0($s0)           ## 000002B0
/* 008F0 80BD7800 3C0CDE00 */  lui     $t4, 0xDE00                ## $t4 = DE000000
/* 008F4 80BD7804 AC4C0000 */  sw      $t4, 0x0000($v0)           ## 00000000
/* 008F8 80BD7808 AC4D0004 */  sw      $t5, 0x0004($v0)           ## 00000004
/* 008FC 80BD780C 8FBF001C */  lw      $ra, 0x001C($sp)           
/* 00900 80BD7810 8FB00018 */  lw      $s0, 0x0018($sp)           
/* 00904 80BD7814 27BD0030 */  addiu   $sp, $sp, 0x0030           ## $sp = 00000000
/* 00908 80BD7818 03E00008 */  jr      $ra                        
/* 0090C 80BD781C 00000000 */  nop


glabel func_80BD7820
/* 00910 80BD7820 27BDFFD0 */  addiu   $sp, $sp, 0xFFD0           ## $sp = FFFFFFD0
/* 00914 80BD7824 AFBF001C */  sw      $ra, 0x001C($sp)           
/* 00918 80BD7828 AFB00018 */  sw      $s0, 0x0018($sp)           
/* 0091C 80BD782C AFA40030 */  sw      $a0, 0x0030($sp)           
/* 00920 80BD7830 AFA50034 */  sw      $a1, 0x0034($sp)           
/* 00924 80BD7834 8FAE0034 */  lw      $t6, 0x0034($sp)           
/* 00928 80BD7838 3C040601 */  lui     $a0, 0x0601                ## $a0 = 06010000
/* 0092C 80BD783C 24842728 */  addiu   $a0, $a0, 0x2728           ## $a0 = 06012728
/* 00930 80BD7840 0C040141 */  jal     func_80100504              
/* 00934 80BD7844 8DD00000 */  lw      $s0, 0x0000($t6)           ## 00000000
/* 00938 80BD7848 8FA40034 */  lw      $a0, 0x0034($sp)           
/* 0093C 80BD784C 0C04C5D6 */  jal     func_80131758              
/* 00940 80BD7850 00402825 */  or      $a1, $v0, $zero            ## $a1 = 00000000
/* 00944 80BD7854 8E0202C0 */  lw      $v0, 0x02C0($s0)           ## 000002C0
/* 00948 80BD7858 3C18DA38 */  lui     $t8, 0xDA38                ## $t8 = DA380000
/* 0094C 80BD785C 37180003 */  ori     $t8, $t8, 0x0003           ## $t8 = DA380003
/* 00950 80BD7860 244F0008 */  addiu   $t7, $v0, 0x0008           ## $t7 = 00000008
/* 00954 80BD7864 AE0F02C0 */  sw      $t7, 0x02C0($s0)           ## 000002C0
/* 00958 80BD7868 AC580000 */  sw      $t8, 0x0000($v0)           ## 00000000
/* 0095C 80BD786C 8FB90034 */  lw      $t9, 0x0034($sp)           
/* 00960 80BD7870 8F240000 */  lw      $a0, 0x0000($t9)           ## 00000000
/* 00964 80BD7874 0C060690 */  jal     func_80181A40              
/* 00968 80BD7878 AFA20020 */  sw      $v0, 0x0020($sp)           
/* 0096C 80BD787C 8FA30020 */  lw      $v1, 0x0020($sp)           
/* 00970 80BD7880 AC620004 */  sw      $v0, 0x0004($v1)           ## 00000004
/* 00974 80BD7884 8FA80034 */  lw      $t0, 0x0034($sp)           
/* 00978 80BD7888 0C04B0B7 */  jal     func_8012C2DC              
/* 0097C 80BD788C 8D040000 */  lw      $a0, 0x0000($t0)           ## 00000000
/* 00980 80BD7890 8E0202C0 */  lw      $v0, 0x02C0($s0)           ## 000002C0
/* 00984 80BD7894 3C0B0601 */  lui     $t3, 0x0601                ## $t3 = 06010000
/* 00988 80BD7898 256B2700 */  addiu   $t3, $t3, 0x2700           ## $t3 = 06012700
/* 0098C 80BD789C 24490008 */  addiu   $t1, $v0, 0x0008           ## $t1 = 00000008
/* 00990 80BD78A0 AE0902C0 */  sw      $t1, 0x02C0($s0)           ## 000002C0
/* 00994 80BD78A4 3C0ADE00 */  lui     $t2, 0xDE00                ## $t2 = DE000000
/* 00998 80BD78A8 AC4A0000 */  sw      $t2, 0x0000($v0)           ## 00000000
/* 0099C 80BD78AC AC4B0004 */  sw      $t3, 0x0004($v0)           ## 00000004
/* 009A0 80BD78B0 8FBF001C */  lw      $ra, 0x001C($sp)           
/* 009A4 80BD78B4 8FB00018 */  lw      $s0, 0x0018($sp)           
/* 009A8 80BD78B8 27BD0030 */  addiu   $sp, $sp, 0x0030           ## $sp = 00000000
/* 009AC 80BD78BC 03E00008 */  jr      $ra                        
/* 009B0 80BD78C0 00000000 */  nop


glabel func_80BD78C4
/* 009B4 80BD78C4 27BDFFC8 */  addiu   $sp, $sp, 0xFFC8           ## $sp = FFFFFFC8
/* 009B8 80BD78C8 AFBF001C */  sw      $ra, 0x001C($sp)           
/* 009BC 80BD78CC AFB00018 */  sw      $s0, 0x0018($sp)           
/* 009C0 80BD78D0 AFA5003C */  sw      $a1, 0x003C($sp)           
/* 009C4 80BD78D4 00803025 */  or      $a2, $a0, $zero            ## $a2 = 00000000
/* 009C8 80BD78D8 C4C40160 */  lwc1    $f4, 0x0160($a2)           ## 00000160
/* 009CC 80BD78DC 8FAE003C */  lw      $t6, 0x003C($sp)           
/* 009D0 80BD78E0 3C040601 */  lui     $a0, 0x0601                ## $a0 = 06010000
/* 009D4 80BD78E4 E7A40030 */  swc1    $f4, 0x0030($sp)           
/* 009D8 80BD78E8 8DD00000 */  lw      $s0, 0x0000($t6)           ## 00000000
/* 009DC 80BD78EC 0C040141 */  jal     func_80100504              
/* 009E0 80BD78F0 248417A0 */  addiu   $a0, $a0, 0x17A0           ## $a0 = 060117A0
/* 009E4 80BD78F4 8FA4003C */  lw      $a0, 0x003C($sp)           
/* 009E8 80BD78F8 0C04C5D6 */  jal     func_80131758              
/* 009EC 80BD78FC 00402825 */  or      $a1, $v0, $zero            ## $a1 = 00000000
/* 009F0 80BD7900 8E0202C0 */  lw      $v0, 0x02C0($s0)           ## 000002C0
/* 009F4 80BD7904 3C18DA38 */  lui     $t8, 0xDA38                ## $t8 = DA380000
/* 009F8 80BD7908 37180003 */  ori     $t8, $t8, 0x0003           ## $t8 = DA380003
/* 009FC 80BD790C 244F0008 */  addiu   $t7, $v0, 0x0008           ## $t7 = 00000008
/* 00A00 80BD7910 AE0F02C0 */  sw      $t7, 0x02C0($s0)           ## 000002C0
/* 00A04 80BD7914 AC580000 */  sw      $t8, 0x0000($v0)           ## 00000000
/* 00A08 80BD7918 8FB9003C */  lw      $t9, 0x003C($sp)           
/* 00A0C 80BD791C 8F240000 */  lw      $a0, 0x0000($t9)           ## 00000000
/* 00A10 80BD7920 0C060690 */  jal     func_80181A40              
/* 00A14 80BD7924 AFA20020 */  sw      $v0, 0x0020($sp)           
/* 00A18 80BD7928 8FA30020 */  lw      $v1, 0x0020($sp)           
/* 00A1C 80BD792C AC620004 */  sw      $v0, 0x0004($v1)           ## 00000004
/* 00A20 80BD7930 8FA8003C */  lw      $t0, 0x003C($sp)           
/* 00A24 80BD7934 0C04B0B7 */  jal     func_8012C2DC              
/* 00A28 80BD7938 8D040000 */  lw      $a0, 0x0000($t0)           ## 00000000
/* 00A2C 80BD793C 8E0202C0 */  lw      $v0, 0x02C0($s0)           ## 000002C0
/* 00A30 80BD7940 3C0AFA00 */  lui     $t2, 0xFA00                ## $t2 = FA000000
/* 00A34 80BD7944 354A0080 */  ori     $t2, $t2, 0x0080           ## $t2 = FA000080
/* 00A38 80BD7948 24490008 */  addiu   $t1, $v0, 0x0008           ## $t1 = 00000008
/* 00A3C 80BD794C AE0902C0 */  sw      $t1, 0x02C0($s0)           ## 000002C0
/* 00A40 80BD7950 3C01430C */  lui     $at, 0x430C                ## $at = 430C0000
/* 00A44 80BD7954 AC4A0000 */  sw      $t2, 0x0000($v0)           ## 00000000
/* 00A48 80BD7958 C7A80030 */  lwc1    $f8, 0x0030($sp)           
/* 00A4C 80BD795C 44813000 */  mtc1    $at, $f6                   ## $f6 = 140.00
/* 00A50 80BD7960 2401FF00 */  addiu   $at, $zero, 0xFF00         ## $at = FFFFFF00
/* 00A54 80BD7964 3C18DE00 */  lui     $t8, 0xDE00                ## $t8 = DE000000
/* 00A58 80BD7968 46083282 */  mul.s   $f10, $f6, $f8             
/* 00A5C 80BD796C 4600540D */  trunc.w.s $f16, $f10                 
/* 00A60 80BD7970 440C8000 */  mfc1    $t4, $f16                  
/* 00A64 80BD7974 00000000 */  nop
/* 00A68 80BD7978 318D00FF */  andi    $t5, $t4, 0x00FF           ## $t5 = 00000000
/* 00A6C 80BD797C 01A17025 */  or      $t6, $t5, $at              ## $t6 = FFFFFF00
/* 00A70 80BD7980 AC4E0004 */  sw      $t6, 0x0004($v0)           ## 00000004
/* 00A74 80BD7984 8E0202C0 */  lw      $v0, 0x02C0($s0)           ## 000002C0
/* 00A78 80BD7988 3C190601 */  lui     $t9, 0x0601                ## $t9 = 06010000
/* 00A7C 80BD798C 273915E0 */  addiu   $t9, $t9, 0x15E0           ## $t9 = 060115E0
/* 00A80 80BD7990 244F0008 */  addiu   $t7, $v0, 0x0008           ## $t7 = 00000008
/* 00A84 80BD7994 AE0F02C0 */  sw      $t7, 0x02C0($s0)           ## 000002C0
/* 00A88 80BD7998 AC590004 */  sw      $t9, 0x0004($v0)           ## 00000004
/* 00A8C 80BD799C AC580000 */  sw      $t8, 0x0000($v0)           ## 00000000
/* 00A90 80BD79A0 8FBF001C */  lw      $ra, 0x001C($sp)           
/* 00A94 80BD79A4 8FB00018 */  lw      $s0, 0x0018($sp)           
/* 00A98 80BD79A8 27BD0038 */  addiu   $sp, $sp, 0x0038           ## $sp = 00000000
/* 00A9C 80BD79AC 03E00008 */  jr      $ra                        
/* 00AA0 80BD79B0 00000000 */  nop
/* 00AA4 80BD79B4 00000000 */  nop
/* 00AA8 80BD79B8 00000000 */  nop
/* 00AAC 80BD79BC 00000000 */  nop

.section .data

D_80BD79C0: .word 0x025B0100, 0x00000030, 0x02370000, 0x00000168
.word func_80BD6F10
.word func_80BD7120
.word func_80BD73E0
.word func_80BD7404

.section .rodata

D_80BD79E0: .word 0x3D4CCCCD
D_80BD79E4: .word 0x3FD9999A
D_80BD79E8: .word 0x3F733333
D_80BD79EC: .word 0x3D4CCCCD


.section .rodata
D_80BD79F0:
.incbin "baserom/Bg_Iknv_Doukutu", 0xAE0, 0x000000C0
