.include "macro.inc"

# assembler directives
.set noat      # allow manual use of $at
.set noreorder # don't insert nops after branches
.set gp=64     # allow use of 64-bit general purpose registers

.section .text
glabel func_808C3A50
/* 00000 808C3A50 27BDFFE8 */  addiu   $sp, $sp, 0xFFE8           ## $sp = FFFFFFE8
/* 00004 808C3A54 AFBF0014 */  sw      $ra, 0x0014($sp)           
/* 00008 808C3A58 AFA5001C */  sw      $a1, 0x001C($sp)           
/* 0000C 808C3A5C 3C05808C */  lui     $a1, %hi(D_808C3BC0)       ## $a1 = 808C0000
/* 00010 808C3A60 0C03FEB7 */  jal     func_800FFADC              
/* 00014 808C3A64 24A53BC0 */  addiu   $a1, $a1, %lo(D_808C3BC0)  ## $a1 = 808C3BC0
/* 00018 808C3A68 8FBF0014 */  lw      $ra, 0x0014($sp)           
/* 0001C 808C3A6C 27BD0018 */  addiu   $sp, $sp, 0x0018           ## $sp = 00000000
/* 00020 808C3A70 03E00008 */  jr      $ra                        
/* 00024 808C3A74 00000000 */  nop


glabel func_808C3A78
/* 00028 808C3A78 AFA40000 */  sw      $a0, 0x0000($sp)           
/* 0002C 808C3A7C AFA50004 */  sw      $a1, 0x0004($sp)           
/* 00030 808C3A80 03E00008 */  jr      $ra                        
/* 00034 808C3A84 00000000 */  nop


glabel func_808C3A88
/* 00038 808C3A88 AFA40000 */  sw      $a0, 0x0000($sp)           
/* 0003C 808C3A8C AFA50004 */  sw      $a1, 0x0004($sp)           
/* 00040 808C3A90 03E00008 */  jr      $ra                        
/* 00044 808C3A94 00000000 */  nop


glabel func_808C3A98
/* 00048 808C3A98 27BDFFD0 */  addiu   $sp, $sp, 0xFFD0           ## $sp = FFFFFFD0
/* 0004C 808C3A9C AFB10018 */  sw      $s1, 0x0018($sp)           
/* 00050 808C3AA0 00A08825 */  or      $s1, $a1, $zero            ## $s1 = 00000000
/* 00054 808C3AA4 AFBF001C */  sw      $ra, 0x001C($sp)           
/* 00058 808C3AA8 AFB00014 */  sw      $s0, 0x0014($sp)           
/* 0005C 808C3AAC AFA40030 */  sw      $a0, 0x0030($sp)           
/* 00060 808C3AB0 3C040600 */  lui     $a0, 0x0600                ## $a0 = 06000000
/* 00064 808C3AB4 8E300000 */  lw      $s0, 0x0000($s1)           ## 00000000
/* 00068 808C3AB8 0C040141 */  jal     func_80100504              
/* 0006C 808C3ABC 248401F8 */  addiu   $a0, $a0, 0x01F8           ## $a0 = 060001F8
/* 00070 808C3AC0 02202025 */  or      $a0, $s1, $zero            ## $a0 = 00000000
/* 00074 808C3AC4 0C04C5D6 */  jal     func_80131758              
/* 00078 808C3AC8 00402825 */  or      $a1, $v0, $zero            ## $a1 = 00000000
/* 0007C 808C3ACC 8E0202C0 */  lw      $v0, 0x02C0($s0)           ## 000002C0
/* 00080 808C3AD0 3C0FDA38 */  lui     $t7, 0xDA38                ## $t7 = DA380000
/* 00084 808C3AD4 35EF0003 */  ori     $t7, $t7, 0x0003           ## $t7 = DA380003
/* 00088 808C3AD8 244E0008 */  addiu   $t6, $v0, 0x0008           ## $t6 = 00000008
/* 0008C 808C3ADC AE0E02C0 */  sw      $t6, 0x02C0($s0)           ## 000002C0
/* 00090 808C3AE0 AC4F0000 */  sw      $t7, 0x0000($v0)           ## 00000000
/* 00094 808C3AE4 8E240000 */  lw      $a0, 0x0000($s1)           ## 00000000
/* 00098 808C3AE8 0C060690 */  jal     func_80181A40              
/* 0009C 808C3AEC AFA20020 */  sw      $v0, 0x0020($sp)           
/* 000A0 808C3AF0 8FA30020 */  lw      $v1, 0x0020($sp)           
/* 000A4 808C3AF4 3C19DE00 */  lui     $t9, 0xDE00                ## $t9 = DE000000
/* 000A8 808C3AF8 3C040600 */  lui     $a0, 0x0600                ## $a0 = 06000000
/* 000AC 808C3AFC AC620004 */  sw      $v0, 0x0004($v1)           ## 00000004
/* 000B0 808C3B00 8E0202C0 */  lw      $v0, 0x02C0($s0)           ## 000002C0
/* 000B4 808C3B04 3C080600 */  lui     $t0, 0x0600                ## $t0 = 06000000
/* 000B8 808C3B08 25080100 */  addiu   $t0, $t0, 0x0100           ## $t0 = 06000100
/* 000BC 808C3B0C 24580008 */  addiu   $t8, $v0, 0x0008           ## $t8 = 00000008
/* 000C0 808C3B10 AE1802C0 */  sw      $t8, 0x02C0($s0)           ## 000002C0
/* 000C4 808C3B14 AC480004 */  sw      $t0, 0x0004($v0)           ## 00000004
/* 000C8 808C3B18 AC590000 */  sw      $t9, 0x0000($v0)           ## 00000000
/* 000CC 808C3B1C 0C040141 */  jal     func_80100504              
/* 000D0 808C3B20 248403F8 */  addiu   $a0, $a0, 0x03F8           ## $a0 = 060003F8
/* 000D4 808C3B24 02202025 */  or      $a0, $s1, $zero            ## $a0 = 00000000
/* 000D8 808C3B28 0C04C5D6 */  jal     func_80131758              
/* 000DC 808C3B2C 00402825 */  or      $a1, $v0, $zero            ## $a1 = 00000000
/* 000E0 808C3B30 8E0202C0 */  lw      $v0, 0x02C0($s0)           ## 000002C0
/* 000E4 808C3B34 3C0B0600 */  lui     $t3, 0x0600                ## $t3 = 06000000
/* 000E8 808C3B38 256B0300 */  addiu   $t3, $t3, 0x0300           ## $t3 = 06000300
/* 000EC 808C3B3C 24490008 */  addiu   $t1, $v0, 0x0008           ## $t1 = 00000008
/* 000F0 808C3B40 AE0902C0 */  sw      $t1, 0x02C0($s0)           ## 000002C0
/* 000F4 808C3B44 3C0ADE00 */  lui     $t2, 0xDE00                ## $t2 = DE000000
/* 000F8 808C3B48 AC4A0000 */  sw      $t2, 0x0000($v0)           ## 00000000
/* 000FC 808C3B4C AC4B0004 */  sw      $t3, 0x0004($v0)           ## 00000004
/* 00100 808C3B50 3C040600 */  lui     $a0, 0x0600                ## $a0 = 06000000
/* 00104 808C3B54 0C040141 */  jal     func_80100504              
/* 00108 808C3B58 248405F8 */  addiu   $a0, $a0, 0x05F8           ## $a0 = 060005F8
/* 0010C 808C3B5C 02202025 */  or      $a0, $s1, $zero            ## $a0 = 00000000
/* 00110 808C3B60 0C04C5D6 */  jal     func_80131758              
/* 00114 808C3B64 00402825 */  or      $a1, $v0, $zero            ## $a1 = 00000000
/* 00118 808C3B68 8E0202C0 */  lw      $v0, 0x02C0($s0)           ## 000002C0
/* 0011C 808C3B6C 3C0E0600 */  lui     $t6, 0x0600                ## $t6 = 06000000
/* 00120 808C3B70 25CE0500 */  addiu   $t6, $t6, 0x0500           ## $t6 = 06000500
/* 00124 808C3B74 244C0008 */  addiu   $t4, $v0, 0x0008           ## $t4 = 00000008
/* 00128 808C3B78 AE0C02C0 */  sw      $t4, 0x02C0($s0)           ## 000002C0
/* 0012C 808C3B7C 3C0DDE00 */  lui     $t5, 0xDE00                ## $t5 = DE000000
/* 00130 808C3B80 AC4D0000 */  sw      $t5, 0x0000($v0)           ## 00000000
/* 00134 808C3B84 AC4E0004 */  sw      $t6, 0x0004($v0)           ## 00000004
/* 00138 808C3B88 8FBF001C */  lw      $ra, 0x001C($sp)           
/* 0013C 808C3B8C 8FB00014 */  lw      $s0, 0x0014($sp)           
/* 00140 808C3B90 8FB10018 */  lw      $s1, 0x0018($sp)           
/* 00144 808C3B94 03E00008 */  jr      $ra                        
/* 00148 808C3B98 27BD0030 */  addiu   $sp, $sp, 0x0030           ## $sp = 00000000
/* 0014C 808C3B9C 00000000 */  nop

.section .data

D_808C3BA0: .word 0x003F0600, 0x00000000, 0x017E0000, 0x00000144
.word func_808C3A50
.word func_808C3A78
.word func_808C3A88
.word func_808C3A98
D_808C3BC0: .word 0xB0FC0BB8, 0xB10000C8, 0xB1040190, 0x48580014

.section .rodata



.section .rodata
D_808C3BD0:
.incbin "baserom/Bg_Keikoku_Spr", 0x180, 0x00000030
