.include "macro.inc"

# assembler directives
.set noat      # allow manual use of $at
.set noreorder # don't insert nops after branches
.set gp=64     # allow use of 64-bit general purpose registers

.section .text
glabel func_80A1A500
/* 00000 80A1A500 27BDFFC8 */  addiu   $sp, $sp, 0xFFC8           ## $sp = FFFFFFC8
/* 00004 80A1A504 00A03025 */  or      $a2, $a1, $zero            ## $a2 = 00000000
/* 00008 80A1A508 00802825 */  or      $a1, $a0, $zero            ## $a1 = 00000000
/* 0000C 80A1A50C AFBF0034 */  sw      $ra, 0x0034($sp)           
/* 00010 80A1A510 AFA40038 */  sw      $a0, 0x0038($sp)           
/* 00014 80A1A514 C4A40024 */  lwc1    $f4, 0x0024($a1)           ## 00000024
/* 00018 80A1A518 24190001 */  addiu   $t9, $zero, 0x0001         ## $t9 = 00000001
/* 0001C 80A1A51C 24C41CA0 */  addiu   $a0, $a2, 0x1CA0           ## $a0 = 00001CA0
/* 00020 80A1A520 E7A40010 */  swc1    $f4, 0x0010($sp)           
/* 00024 80A1A524 C4A60028 */  lwc1    $f6, 0x0028($a1)           ## 00000028
/* 00028 80A1A528 2407013D */  addiu   $a3, $zero, 0x013D         ## $a3 = 0000013D
/* 0002C 80A1A52C E7A60014 */  swc1    $f6, 0x0014($sp)           
/* 00030 80A1A530 C4A8002C */  lwc1    $f8, 0x002C($a1)           ## 0000002C
/* 00034 80A1A534 E7A80018 */  swc1    $f8, 0x0018($sp)           
/* 00038 80A1A538 84AE00BC */  lh      $t6, 0x00BC($a1)           ## 000000BC
/* 0003C 80A1A53C AFAE001C */  sw      $t6, 0x001C($sp)           
/* 00040 80A1A540 84AF00BE */  lh      $t7, 0x00BE($a1)           ## 000000BE
/* 00044 80A1A544 AFAF0020 */  sw      $t7, 0x0020($sp)           
/* 00048 80A1A548 84B800C0 */  lh      $t8, 0x00C0($a1)           ## 000000C0
/* 0004C 80A1A54C AFB90028 */  sw      $t9, 0x0028($sp)           
/* 00050 80A1A550 0C02EC30 */  jal     func_800BB0C0              
/* 00054 80A1A554 AFB80024 */  sw      $t8, 0x0024($sp)           
/* 00058 80A1A558 0002102B */  sltu    $v0, $zero, $v0            
/* 0005C 80A1A55C 8FBF0034 */  lw      $ra, 0x0034($sp)           
/* 00060 80A1A560 27BD0038 */  addiu   $sp, $sp, 0x0038           ## $sp = 00000000
/* 00064 80A1A564 03E00008 */  jr      $ra                        
/* 00068 80A1A568 00000000 */  nop


glabel func_80A1A56C
/* 0006C 80A1A56C 27BDFFA8 */  addiu   $sp, $sp, 0xFFA8           ## $sp = FFFFFFA8
/* 00070 80A1A570 AFB00034 */  sw      $s0, 0x0034($sp)           
/* 00074 80A1A574 00808025 */  or      $s0, $a0, $zero            ## $s0 = 00000000
/* 00078 80A1A578 AFBF0054 */  sw      $ra, 0x0054($sp)           
/* 0007C 80A1A57C AFB70050 */  sw      $s7, 0x0050($sp)           
/* 00080 80A1A580 AFB6004C */  sw      $s6, 0x004C($sp)           
/* 00084 80A1A584 AFB50048 */  sw      $s5, 0x0048($sp)           
/* 00088 80A1A588 AFB40044 */  sw      $s4, 0x0044($sp)           
/* 0008C 80A1A58C AFB30040 */  sw      $s3, 0x0040($sp)           
/* 00090 80A1A590 AFB2003C */  sw      $s2, 0x003C($sp)           
/* 00094 80A1A594 AFB10038 */  sw      $s1, 0x0038($sp)           
/* 00098 80A1A598 F7BA0028 */  sdc1    $f26, 0x0028($sp)          
/* 0009C 80A1A59C F7B80020 */  sdc1    $f24, 0x0020($sp)          
/* 000A0 80A1A5A0 F7B60018 */  sdc1    $f22, 0x0018($sp)          
/* 000A4 80A1A5A4 F7B40010 */  sdc1    $f20, 0x0010($sp)          
/* 000A8 80A1A5A8 86110328 */  lh      $s1, 0x0328($s0)           ## 00000328
/* 000AC 80A1A5AC 3C01C120 */  lui     $at, 0xC120                ## $at = C1200000
/* 000B0 80A1A5B0 44813000 */  mtc1    $at, $f6                   ## $f6 = -10.00
/* 000B4 80A1A5B4 2631E000 */  addiu   $s1, $s1, 0xE000           ## $s1 = FFFFE000
/* 000B8 80A1A5B8 00118C00 */  sll     $s1, $s1, 16               
/* 000BC 80A1A5BC C6040028 */  lwc1    $f4, 0x0028($s0)           ## 00000028
/* 000C0 80A1A5C0 00118C03 */  sra     $s1, $s1, 16               
/* 000C4 80A1A5C4 00112400 */  sll     $a0, $s1, 16               
/* 000C8 80A1A5C8 00042403 */  sra     $a0, $a0, 16               
/* 000CC 80A1A5CC 0C03FB51 */  jal     func_800FED44              
/* 000D0 80A1A5D0 46062600 */  add.s   $f24, $f4, $f6             
/* 000D4 80A1A5D4 3C0180A2 */  lui     $at, %hi(D_80A1B2C0)       ## $at = 80A20000
/* 000D8 80A1A5D8 C436B2C0 */  lwc1    $f22, %lo(D_80A1B2C0)($at) 
/* 000DC 80A1A5DC 3C0180A2 */  lui     $at, %hi(D_80A1B2C4)       ## $at = 80A20000
/* 000E0 80A1A5E0 C428B2C4 */  lwc1    $f8, %lo(D_80A1B2C4)($at)  
/* 000E4 80A1A5E4 86040328 */  lh      $a0, 0x0328($s0)           ## 00000328
/* 000E8 80A1A5E8 46080282 */  mul.s   $f10, $f0, $f8             
/* 000EC 80A1A5EC 0C03FB61 */  jal     func_800FED84              
/* 000F0 80A1A5F0 46165500 */  add.s   $f20, $f10, $f22           
/* 000F4 80A1A5F4 3C0180A2 */  lui     $at, %hi(D_80A1B2C8)       ## $at = 80A20000
/* 000F8 80A1A5F8 C430B2C8 */  lwc1    $f16, %lo(D_80A1B2C8)($at) 
/* 000FC 80A1A5FC C6040028 */  lwc1    $f4, 0x0028($s0)           ## 00000028
/* 00100 80A1A600 3C0180A2 */  lui     $at, %hi(D_80A1B2CC)       ## $at = 80A20000
/* 00104 80A1A604 46100482 */  mul.s   $f18, $f0, $f16            
/* 00108 80A1A608 C428B2CC */  lwc1    $f8, %lo(D_80A1B2CC)($at)  
/* 0010C 80A1A60C 3C1680A2 */  lui     $s6, %hi(D_80A1B29C)       ## $s6 = 80A20000
/* 00110 80A1A610 3C1780A2 */  lui     $s7, %hi(D_80A1B2A8)       ## $s7 = 80A20000
/* 00114 80A1A614 26F7B2A8 */  addiu   $s7, $s7, %lo(D_80A1B2A8)  ## $s7 = 80A1B2A8
/* 00118 80A1A618 26D6B29C */  addiu   $s6, $s6, %lo(D_80A1B29C)  ## $s6 = 80A1B29C
/* 0011C 80A1A61C 26120238 */  addiu   $s2, $s0, 0x0238           ## $s2 = 00000238
/* 00120 80A1A620 46049180 */  add.s   $f6, $f18, $f4             
/* 00124 80A1A624 261502B0 */  addiu   $s5, $s0, 0x02B0           ## $s5 = 000002B0
/* 00128 80A1A628 46083680 */  add.s   $f26, $f6, $f8             
.L80A1A62C:
/* 0012C 80A1A62C 86CE0000 */  lh      $t6, 0x0000($s6)           ## 80A1B29C
/* 00130 80A1A630 860F00BE */  lh      $t7, 0x00BE($s0)           ## 000000BE
/* 00134 80A1A634 0240A025 */  or      $s4, $s2, $zero            ## $s4 = 00000238
/* 00138 80A1A638 02A09825 */  or      $s3, $s5, $zero            ## $s3 = 000002B0
/* 0013C 80A1A63C 01CF8821 */  addu    $s1, $t6, $t7              
/* 00140 80A1A640 26311555 */  addiu   $s1, $s1, 0x1555           ## $s1 = FFFFF555
/* 00144 80A1A644 00118C00 */  sll     $s1, $s1, 16               
/* 00148 80A1A648 00118C03 */  sra     $s1, $s1, 16               
/* 0014C 80A1A64C 00112400 */  sll     $a0, $s1, 16               
/* 00150 80A1A650 0C03FB61 */  jal     func_800FED84              
/* 00154 80A1A654 00042403 */  sra     $a0, $a0, 16               
/* 00158 80A1A658 46160282 */  mul.s   $f10, $f0, $f22            
/* 0015C 80A1A65C C6100024 */  lwc1    $f16, 0x0024($s0)          ## 00000024
/* 00160 80A1A660 00112400 */  sll     $a0, $s1, 16               
/* 00164 80A1A664 E6580004 */  swc1    $f24, 0x0004($s2)          ## 0000023C
/* 00168 80A1A668 00042403 */  sra     $a0, $a0, 16               
/* 0016C 80A1A66C 46105480 */  add.s   $f18, $f10, $f16           
/* 00170 80A1A670 0C03FB51 */  jal     func_800FED44              
/* 00174 80A1A674 E6520000 */  swc1    $f18, 0x0000($s2)          ## 00000238
/* 00178 80A1A678 46160102 */  mul.s   $f4, $f0, $f22             
/* 0017C 80A1A67C C606002C */  lwc1    $f6, 0x002C($s0)           ## 0000002C
/* 00180 80A1A680 2639C000 */  addiu   $t9, $s1, 0xC000           ## $t9 = FFFFB555
/* 00184 80A1A684 00112400 */  sll     $a0, $s1, 16               
/* 00188 80A1A688 00042403 */  sra     $a0, $a0, 16               
/* 0018C 80A1A68C 46062200 */  add.s   $f8, $f4, $f6              
/* 00190 80A1A690 E6480008 */  swc1    $f8, 0x0008($s2)           ## 00000240
/* 00194 80A1A694 861800BC */  lh      $t8, 0x00BC($s0)           ## 000000BC
/* 00198 80A1A698 A659000E */  sh      $t9, 0x000E($s2)           ## 00000246
/* 0019C 80A1A69C A658000C */  sh      $t8, 0x000C($s2)           ## 00000244
/* 001A0 80A1A6A0 86090328 */  lh      $t1, 0x0328($s0)           ## 00000328
/* 001A4 80A1A6A4 860800C0 */  lh      $t0, 0x00C0($s0)           ## 000000C0
/* 001A8 80A1A6A8 01095021 */  addu    $t2, $t0, $t1              
/* 001AC 80A1A6AC 0C03FB61 */  jal     func_800FED84              
/* 001B0 80A1A6B0 A64A0010 */  sh      $t2, 0x0010($s2)           ## 00000248
/* 001B4 80A1A6B4 46140282 */  mul.s   $f10, $f0, $f20            
/* 001B8 80A1A6B8 C6100024 */  lwc1    $f16, 0x0024($s0)          ## 00000024
/* 001BC 80A1A6BC 00112400 */  sll     $a0, $s1, 16               
/* 001C0 80A1A6C0 E6BA0004 */  swc1    $f26, 0x0004($s5)          ## 000002B4
/* 001C4 80A1A6C4 00042403 */  sra     $a0, $a0, 16               
/* 001C8 80A1A6C8 46105480 */  add.s   $f18, $f10, $f16           
/* 001CC 80A1A6CC 0C03FB51 */  jal     func_800FED44              
/* 001D0 80A1A6D0 E6B20000 */  swc1    $f18, 0x0000($s5)          ## 000002B0
/* 001D4 80A1A6D4 46140102 */  mul.s   $f4, $f0, $f20             
/* 001D8 80A1A6D8 C606002C */  lwc1    $f6, 0x002C($s0)           ## 0000002C
/* 001DC 80A1A6DC 26D60002 */  addiu   $s6, $s6, 0x0002           ## $s6 = 80A1B29E
/* 001E0 80A1A6E0 26520014 */  addiu   $s2, $s2, 0x0014           ## $s2 = 0000024C
/* 001E4 80A1A6E4 26B50014 */  addiu   $s5, $s5, 0x0014           ## $s5 = 000002C4
/* 001E8 80A1A6E8 46062200 */  add.s   $f8, $f4, $f6              
/* 001EC 80A1A6EC E6680008 */  swc1    $f8, 0x0008($s3)           ## 000002B8
/* 001F0 80A1A6F0 868B000C */  lh      $t3, 0x000C($s4)           ## 00000244
/* 001F4 80A1A6F4 A66B000C */  sh      $t3, 0x000C($s3)           ## 000002BC
/* 001F8 80A1A6F8 868C000E */  lh      $t4, 0x000E($s4)           ## 00000246
/* 001FC 80A1A6FC A66C000E */  sh      $t4, 0x000E($s3)           ## 000002BE
/* 00200 80A1A700 860E0338 */  lh      $t6, 0x0338($s0)           ## 00000338
/* 00204 80A1A704 868D0010 */  lh      $t5, 0x0010($s4)           ## 00000248
/* 00208 80A1A708 01AE7821 */  addu    $t7, $t5, $t6              
/* 0020C 80A1A70C 16D7FFC7 */  bne     $s6, $s7, .L80A1A62C       
/* 00210 80A1A710 A66F0010 */  sh      $t7, 0x0010($s3)           ## 000002C0
/* 00214 80A1A714 8FBF0054 */  lw      $ra, 0x0054($sp)           
/* 00218 80A1A718 D7B40010 */  ldc1    $f20, 0x0010($sp)          
/* 0021C 80A1A71C D7B60018 */  ldc1    $f22, 0x0018($sp)          
/* 00220 80A1A720 D7B80020 */  ldc1    $f24, 0x0020($sp)          
/* 00224 80A1A724 D7BA0028 */  ldc1    $f26, 0x0028($sp)          
/* 00228 80A1A728 8FB00034 */  lw      $s0, 0x0034($sp)           
/* 0022C 80A1A72C 8FB10038 */  lw      $s1, 0x0038($sp)           
/* 00230 80A1A730 8FB2003C */  lw      $s2, 0x003C($sp)           
/* 00234 80A1A734 8FB30040 */  lw      $s3, 0x0040($sp)           
/* 00238 80A1A738 8FB40044 */  lw      $s4, 0x0044($sp)           
/* 0023C 80A1A73C 8FB50048 */  lw      $s5, 0x0048($sp)           
/* 00240 80A1A740 8FB6004C */  lw      $s6, 0x004C($sp)           
/* 00244 80A1A744 8FB70050 */  lw      $s7, 0x0050($sp)           
/* 00248 80A1A748 03E00008 */  jr      $ra                        
/* 0024C 80A1A74C 27BD0058 */  addiu   $sp, $sp, 0x0058           ## $sp = 00000000


glabel func_80A1A750
/* 00250 80A1A750 27BDFFE8 */  addiu   $sp, $sp, 0xFFE8           ## $sp = FFFFFFE8
/* 00254 80A1A754 44876000 */  mtc1    $a3, $f12                  ## $f12 = 0.00
/* 00258 80A1A758 00A03825 */  or      $a3, $a1, $zero            ## $a3 = 00000000
/* 0025C 80A1A75C AFBF0014 */  sw      $ra, 0x0014($sp)           
/* 00260 80A1A760 AFA40018 */  sw      $a0, 0x0018($sp)           
/* 00264 80A1A764 AFA5001C */  sw      $a1, 0x001C($sp)           
/* 00268 80A1A768 AFA60020 */  sw      $a2, 0x0020($sp)           
/* 0026C 80A1A76C 84EE0000 */  lh      $t6, 0x0000($a3)           ## 00000000
/* 00270 80A1A770 44066000 */  mfc1    $a2, $f12                  
/* 00274 80A1A774 24050000 */  addiu   $a1, $zero, 0x0000         ## $a1 = 00000000
/* 00278 80A1A778 25CF32C8 */  addiu   $t7, $t6, 0x32C8           ## $t7 = 000032C8
/* 0027C 80A1A77C A4EF0000 */  sh      $t7, 0x0000($a3)           ## 00000000
/* 00280 80A1A780 AFA7001C */  sw      $a3, 0x001C($sp)           
/* 00284 80A1A784 0C03FC0F */  jal     func_800FF03C              
/* 00288 80A1A788 8FA40020 */  lw      $a0, 0x0020($sp)           
/* 0028C 80A1A78C 8FA7001C */  lw      $a3, 0x001C($sp)           
/* 00290 80A1A790 0C03FB61 */  jal     func_800FED84              
/* 00294 80A1A794 84E40000 */  lh      $a0, 0x0000($a3)           ## 00000000
/* 00298 80A1A798 8FB90020 */  lw      $t9, 0x0020($sp)           
/* 0029C 80A1A79C 8FA20018 */  lw      $v0, 0x0018($sp)           
/* 002A0 80A1A7A0 C7240000 */  lwc1    $f4, 0x0000($t9)           ## 00000000
/* 002A4 80A1A7A4 84580000 */  lh      $t8, 0x0000($v0)           ## 00000000
/* 002A8 80A1A7A8 46040182 */  mul.s   $f6, $f0, $f4              
/* 002AC 80A1A7AC 4600320D */  trunc.w.s $f8, $f6                   
/* 002B0 80A1A7B0 440B4000 */  mfc1    $t3, $f8                   
/* 002B4 80A1A7B4 00000000 */  nop
/* 002B8 80A1A7B8 030B6021 */  addu    $t4, $t8, $t3              
/* 002BC 80A1A7BC A44C0000 */  sh      $t4, 0x0000($v0)           ## 00000000
/* 002C0 80A1A7C0 8FBF0014 */  lw      $ra, 0x0014($sp)           
/* 002C4 80A1A7C4 03E00008 */  jr      $ra                        
/* 002C8 80A1A7C8 27BD0018 */  addiu   $sp, $sp, 0x0018           ## $sp = 00000000


glabel func_80A1A7CC
/* 002CC 80A1A7CC 27BDFFC8 */  addiu   $sp, $sp, 0xFFC8           ## $sp = FFFFFFC8
/* 002D0 80A1A7D0 AFB10018 */  sw      $s1, 0x0018($sp)           
/* 002D4 80A1A7D4 AFB00014 */  sw      $s0, 0x0014($sp)           
/* 002D8 80A1A7D8 00808025 */  or      $s0, $a0, $zero            ## $s0 = 00000000
/* 002DC 80A1A7DC 00A08825 */  or      $s1, $a1, $zero            ## $s1 = 00000000
/* 002E0 80A1A7E0 AFBF001C */  sw      $ra, 0x001C($sp)           
/* 002E4 80A1A7E4 860E001C */  lh      $t6, 0x001C($s0)           ## 0000001C
/* 002E8 80A1A7E8 3C0580A2 */  lui     $a1, %hi(D_80A1B2A8)       ## $a1 = 80A20000
/* 002EC 80A1A7EC 24A5B2A8 */  addiu   $a1, $a1, %lo(D_80A1B2A8)  ## $a1 = 80A1B2A8
/* 002F0 80A1A7F0 31CF0001 */  andi    $t7, $t6, 0x0001           ## $t7 = 00000000
/* 002F4 80A1A7F4 AFAF002C */  sw      $t7, 0x002C($sp)           
/* 002F8 80A1A7F8 0C03FEB7 */  jal     func_800FFADC              
/* 002FC 80A1A7FC 02002025 */  or      $a0, $s0, $zero            ## $a0 = 00000000
/* 00300 80A1A800 02002025 */  or      $a0, $s0, $zero            ## $a0 = 00000000
/* 00304 80A1A804 0C032B84 */  jal     func_800CAE10              
/* 00308 80A1A808 24050003 */  addiu   $a1, $zero, 0x0003         ## $a1 = 00000003
/* 0030C 80A1A80C 8FB8002C */  lw      $t8, 0x002C($sp)           
/* 00310 80A1A810 24010001 */  addiu   $at, $zero, 0x0001         ## $at = 00000001
/* 00314 80A1A814 02202025 */  or      $a0, $s1, $zero            ## $a0 = 00000000
/* 00318 80A1A818 1701000A */  bne     $t8, $at, .L80A1A844       
/* 0031C 80A1A81C 02002825 */  or      $a1, $s0, $zero            ## $a1 = 00000000
/* 00320 80A1A820 3C060601 */  lui     $a2, 0x0601                ## $a2 = 06010000
/* 00324 80A1A824 24C69FE0 */  addiu   $a2, $a2, 0x9FE0           ## $a2 = 06009FE0
/* 00328 80A1A828 02202025 */  or      $a0, $s1, $zero            ## $a0 = 00000000
/* 0032C 80A1A82C 0C032B8D */  jal     func_800CAE34              
/* 00330 80A1A830 02002825 */  or      $a1, $s0, $zero            ## $a1 = 00000000
/* 00334 80A1A834 0C286A85 */  jal     func_80A1AA14              
/* 00338 80A1A838 02002025 */  or      $a0, $s0, $zero            ## $a0 = 00000000
/* 0033C 80A1A83C 10000056 */  beq     $zero, $zero, .L80A1A998   
/* 00340 80A1A840 AE00013C */  sw      $zero, 0x013C($s0)         ## 0000013C
.L80A1A844:
/* 00344 80A1A844 3C060601 */  lui     $a2, 0x0601                ## $a2 = 06010000
/* 00348 80A1A848 0C032B8D */  jal     func_800CAE34              
/* 0034C 80A1A84C 24C6A740 */  addiu   $a2, $a2, 0xA740           ## $a2 = 0600A740
/* 00350 80A1A850 2605015C */  addiu   $a1, $s0, 0x015C           ## $a1 = 0000015C
/* 00354 80A1A854 3C0680A2 */  lui     $a2, %hi(D_80A1B28C)       ## $a2 = 80A20000
/* 00358 80A1A858 24C6B28C */  addiu   $a2, $a2, %lo(D_80A1B28C)  ## $a2 = 80A1B28C
/* 0035C 80A1A85C AFA50024 */  sw      $a1, 0x0024($sp)           
/* 00360 80A1A860 02202025 */  or      $a0, $s1, $zero            ## $a0 = 00000000
/* 00364 80A1A864 0C03CDB3 */  jal     func_800F36CC              
/* 00368 80A1A868 02003825 */  or      $a3, $s0, $zero            ## $a3 = 00000000
/* 0036C 80A1A86C 260501E8 */  addiu   $a1, $s0, 0x01E8           ## $a1 = 000001E8
/* 00370 80A1A870 AFA50020 */  sw      $a1, 0x0020($sp)           
/* 00374 80A1A874 0C038467 */  jal     func_800E119C              
/* 00378 80A1A878 02202025 */  or      $a0, $s1, $zero            ## $a0 = 00000000
/* 0037C 80A1A87C 3C0780A2 */  lui     $a3, %hi(D_80A1B260)       ## $a3 = 80A20000
/* 00380 80A1A880 8FA50020 */  lw      $a1, 0x0020($sp)           
/* 00384 80A1A884 24E7B260 */  addiu   $a3, $a3, %lo(D_80A1B260)  ## $a3 = 80A1B260
/* 00388 80A1A888 02202025 */  or      $a0, $s1, $zero            ## $a0 = 00000000
/* 0038C 80A1A88C 0C0384C3 */  jal     func_800E130C              
/* 00390 80A1A890 02003025 */  or      $a2, $s0, $zero            ## $a2 = 00000000
/* 00394 80A1A894 241900FF */  addiu   $t9, $zero, 0x00FF         ## $t9 = 000000FF
/* 00398 80A1A898 A21900B6 */  sb      $t9, 0x00B6($s0)           ## 000000B6
/* 0039C 80A1A89C 02002025 */  or      $a0, $s0, $zero            ## $a0 = 00000000
/* 003A0 80A1A8A0 0C286940 */  jal     func_80A1A500              
/* 003A4 80A1A8A4 02202825 */  or      $a1, $s1, $zero            ## $a1 = 00000000
/* 003A8 80A1A8A8 14400005 */  bne     $v0, $zero, .L80A1A8C0     
/* 003AC 80A1A8AC 3C08801F */  lui     $t0, 0x801F                ## $t0 = 801F0000
/* 003B0 80A1A8B0 0C02D9C3 */  jal     func_800B670C              
/* 003B4 80A1A8B4 02002025 */  or      $a0, $s0, $zero            ## $a0 = 00000000
/* 003B8 80A1A8B8 10000038 */  beq     $zero, $zero, .L80A1A99C   
/* 003BC 80A1A8BC 8FBF001C */  lw      $ra, 0x001C($sp)           
.L80A1A8C0:
/* 003C0 80A1A8C0 91080574 */  lbu     $t0, 0x0574($t0)           ## 00000574
/* 003C4 80A1A8C4 26250880 */  addiu   $a1, $s1, 0x0880           ## $a1 = 00000880
/* 003C8 80A1A8C8 02202025 */  or      $a0, $s1, $zero            ## $a0 = 00000000
/* 003CC 80A1A8CC 31090001 */  andi    $t1, $t0, 0x0001           ## $t1 = 00000000
/* 003D0 80A1A8D0 51200025 */  beql    $t1, $zero, .L80A1A968     
/* 003D4 80A1A8D4 8E020124 */  lw      $v0, 0x0124($s0)           ## 00000124
/* 003D8 80A1A8D8 02202025 */  or      $a0, $s1, $zero            ## $a0 = 00000000
/* 003DC 80A1A8DC 0C0318AF */  jal     func_800C62BC              
/* 003E0 80A1A8E0 8E060144 */  lw      $a2, 0x0144($s0)           ## 00000144
/* 003E4 80A1A8E4 3C014352 */  lui     $at, 0x4352                ## $at = 43520000
/* 003E8 80A1A8E8 44814000 */  mtc1    $at, $f8                   ## $f8 = 210.00
/* 003EC 80A1A8EC C606000C */  lwc1    $f6, 0x000C($s0)           ## 0000000C
/* 003F0 80A1A8F0 44802000 */  mtc1    $zero, $f4                 ## $f4 = 0.00
/* 003F4 80A1A8F4 24022000 */  addiu   $v0, $zero, 0x2000         ## $v0 = 00002000
/* 003F8 80A1A8F8 46083280 */  add.s   $f10, $f6, $f8             
/* 003FC 80A1A8FC 240AC000 */  addiu   $t2, $zero, 0xC000         ## $t2 = FFFFC000
/* 00400 80A1A900 240B0147 */  addiu   $t3, $zero, 0x0147         ## $t3 = 00000147
/* 00404 80A1A904 A6020328 */  sh      $v0, 0x0328($s0)           ## 00000328
/* 00408 80A1A908 A602032A */  sh      $v0, 0x032A($s0)           ## 0000032A
/* 0040C 80A1A90C A600032C */  sh      $zero, 0x032C($s0)         ## 0000032C
/* 00410 80A1A910 A600032E */  sh      $zero, 0x032E($s0)         ## 0000032E
/* 00414 80A1A914 A6000330 */  sh      $zero, 0x0330($s0)         ## 00000330
/* 00418 80A1A918 A60A0338 */  sh      $t2, 0x0338($s0)           ## 00000338
/* 0041C 80A1A91C A600033A */  sh      $zero, 0x033A($s0)         ## 0000033A
/* 00420 80A1A920 A60B033C */  sh      $t3, 0x033C($s0)           ## 0000033C
/* 00424 80A1A924 E60A0028 */  swc1    $f10, 0x0028($s0)          ## 00000028
/* 00428 80A1A928 3C053D4C */  lui     $a1, 0x3D4C                ## $a1 = 3D4C0000
/* 0042C 80A1A92C E6040334 */  swc1    $f4, 0x0334($s0)           ## 00000334
/* 00430 80A1A930 8FA40024 */  lw      $a0, 0x0024($sp)           
/* 00434 80A1A934 34A5CCCD */  ori     $a1, $a1, 0xCCCD           ## $a1 = 3D4CCCCD
/* 00438 80A1A938 0C03CDFC */  jal     func_800F37F0              
/* 0043C 80A1A93C 24060002 */  addiu   $a2, $zero, 0x0002         ## $a2 = 00000002
/* 00440 80A1A940 8605001C */  lh      $a1, 0x001C($s0)           ## 0000001C
/* 00444 80A1A944 02202025 */  or      $a0, $s1, $zero            ## $a0 = 00000000
/* 00448 80A1A948 00052A03 */  sra     $a1, $a1,  8               
/* 0044C 80A1A94C 0C02D6FD */  jal     func_800B5BF4              
/* 00450 80A1A950 30A5007F */  andi    $a1, $a1, 0x007F           ## $a1 = 00000000
/* 00454 80A1A954 0C286B82 */  jal     func_80A1AE08              
/* 00458 80A1A958 02002025 */  or      $a0, $s0, $zero            ## $a0 = 00000000
/* 0045C 80A1A95C 1000000C */  beq     $zero, $zero, .L80A1A990   
/* 00460 80A1A960 00000000 */  nop
/* 00464 80A1A964 8E020124 */  lw      $v0, 0x0124($s0)           ## 00000124
.L80A1A968:
/* 00468 80A1A968 26250880 */  addiu   $a1, $s1, 0x0880           ## $a1 = 00000880
/* 0046C 80A1A96C 0C0318AF */  jal     func_800C62BC              
/* 00470 80A1A970 8C460144 */  lw      $a2, 0x0144($v0)           ## 00000144
/* 00474 80A1A974 8605001C */  lh      $a1, 0x001C($s0)           ## 0000001C
/* 00478 80A1A978 02202025 */  or      $a0, $s1, $zero            ## $a0 = 00000000
/* 0047C 80A1A97C 00052A03 */  sra     $a1, $a1,  8               
/* 00480 80A1A980 0C02D70D */  jal     func_800B5C34              
/* 00484 80A1A984 30A5007F */  andi    $a1, $a1, 0x007F           ## $a1 = 00000000
/* 00488 80A1A988 0C286A8E */  jal     func_80A1AA38              
/* 0048C 80A1A98C 02002025 */  or      $a0, $s0, $zero            ## $a0 = 00000000
.L80A1A990:
/* 00490 80A1A990 0C28695B */  jal     func_80A1A56C              
/* 00494 80A1A994 02002025 */  or      $a0, $s0, $zero            ## $a0 = 00000000
.L80A1A998:
/* 00498 80A1A998 8FBF001C */  lw      $ra, 0x001C($sp)           
.L80A1A99C:
/* 0049C 80A1A99C 8FB00014 */  lw      $s0, 0x0014($sp)           
/* 004A0 80A1A9A0 8FB10018 */  lw      $s1, 0x0018($sp)           
/* 004A4 80A1A9A4 03E00008 */  jr      $ra                        
/* 004A8 80A1A9A8 27BD0038 */  addiu   $sp, $sp, 0x0038           ## $sp = 00000000


glabel func_80A1A9AC
/* 004AC 80A1A9AC 27BDFFE8 */  addiu   $sp, $sp, 0xFFE8           ## $sp = FFFFFFE8
/* 004B0 80A1A9B0 AFBF0014 */  sw      $ra, 0x0014($sp)           
/* 004B4 80A1A9B4 AFA40018 */  sw      $a0, 0x0018($sp)           
/* 004B8 80A1A9B8 00A03825 */  or      $a3, $a1, $zero            ## $a3 = 00000000
/* 004BC 80A1A9BC 8FAE0018 */  lw      $t6, 0x0018($sp)           
/* 004C0 80A1A9C0 00E02025 */  or      $a0, $a3, $zero            ## $a0 = 00000000
/* 004C4 80A1A9C4 24E50880 */  addiu   $a1, $a3, 0x0880           ## $a1 = 00000880
/* 004C8 80A1A9C8 8DC60144 */  lw      $a2, 0x0144($t6)           ## 00000144
/* 004CC 80A1A9CC 0C031933 */  jal     func_800C64CC              
/* 004D0 80A1A9D0 AFA7001C */  sw      $a3, 0x001C($sp)           
/* 004D4 80A1A9D4 8FA20018 */  lw      $v0, 0x0018($sp)           
/* 004D8 80A1A9D8 8FA4001C */  lw      $a0, 0x001C($sp)           
/* 004DC 80A1A9DC 844F001C */  lh      $t7, 0x001C($v0)           ## 0000001C
/* 004E0 80A1A9E0 31F80001 */  andi    $t8, $t7, 0x0001           ## $t8 = 00000000
/* 004E4 80A1A9E4 57000008 */  bnel    $t8, $zero, .L80A1AA08     
/* 004E8 80A1A9E8 8FBF0014 */  lw      $ra, 0x0014($sp)           
/* 004EC 80A1A9EC 0C03CDEC */  jal     func_800F37B0              
/* 004F0 80A1A9F0 2445015C */  addiu   $a1, $v0, 0x015C           ## $a1 = 0000015C
/* 004F4 80A1A9F4 8FA50018 */  lw      $a1, 0x0018($sp)           
/* 004F8 80A1A9F8 8FA4001C */  lw      $a0, 0x001C($sp)           
/* 004FC 80A1A9FC 0C03847B */  jal     func_800E11EC              
/* 00500 80A1AA00 24A501E8 */  addiu   $a1, $a1, 0x01E8           ## $a1 = 000001E8
/* 00504 80A1AA04 8FBF0014 */  lw      $ra, 0x0014($sp)           
.L80A1AA08:
/* 00508 80A1AA08 27BD0018 */  addiu   $sp, $sp, 0x0018           ## $sp = 00000000
/* 0050C 80A1AA0C 03E00008 */  jr      $ra                        
/* 00510 80A1AA10 00000000 */  nop


glabel func_80A1AA14
/* 00514 80A1AA14 3C0E80A2 */  lui     $t6, %hi(func_80A1AA28)    ## $t6 = 80A20000
/* 00518 80A1AA18 25CEAA28 */  addiu   $t6, $t6, %lo(func_80A1AA28) ## $t6 = 80A1AA28
/* 0051C 80A1AA1C AC8E0234 */  sw      $t6, 0x0234($a0)           ## 00000234
/* 00520 80A1AA20 03E00008 */  jr      $ra                        
/* 00524 80A1AA24 00000000 */  nop


glabel func_80A1AA28
/* 00528 80A1AA28 AFA40000 */  sw      $a0, 0x0000($sp)           
/* 0052C 80A1AA2C AFA50004 */  sw      $a1, 0x0004($sp)           
/* 00530 80A1AA30 03E00008 */  jr      $ra                        
/* 00534 80A1AA34 00000000 */  nop


glabel func_80A1AA38
/* 00538 80A1AA38 3C0E80A2 */  lui     $t6, %hi(func_80A1AA4C)    ## $t6 = 80A20000
/* 0053C 80A1AA3C 25CEAA4C */  addiu   $t6, $t6, %lo(func_80A1AA4C) ## $t6 = 80A1AA4C
/* 00540 80A1AA40 AC8E0234 */  sw      $t6, 0x0234($a0)           ## 00000234
/* 00544 80A1AA44 03E00008 */  jr      $ra                        
/* 00548 80A1AA48 00000000 */  nop


glabel func_80A1AA4C
/* 0054C 80A1AA4C 27BDFFE0 */  addiu   $sp, $sp, 0xFFE0           ## $sp = FFFFFFE0
/* 00550 80A1AA50 AFB00018 */  sw      $s0, 0x0018($sp)           
/* 00554 80A1AA54 00808025 */  or      $s0, $a0, $zero            ## $s0 = 00000000
/* 00558 80A1AA58 AFBF001C */  sw      $ra, 0x001C($sp)           
/* 0055C 80A1AA5C AFA50024 */  sw      $a1, 0x0024($sp)           
/* 00560 80A1AA60 920E0180 */  lbu     $t6, 0x0180($s0)           ## 00000180
/* 00564 80A1AA64 24010003 */  addiu   $at, $zero, 0x0003         ## $at = 00000003
/* 00568 80A1AA68 02002025 */  or      $a0, $s0, $zero            ## $a0 = 00000000
/* 0056C 80A1AA6C 51C1001A */  beql    $t6, $at, .L80A1AAD8       
/* 00570 80A1AA70 8FBF001C */  lw      $ra, 0x001C($sp)           
/* 00574 80A1AA74 0C02E3B2 */  jal     func_800B8EC8              
/* 00578 80A1AA78 24052822 */  addiu   $a1, $zero, 0x2822         ## $a1 = 00002822
/* 0057C 80A1AA7C 0C03C6F9 */  jal     func_800F1BE4              
/* 00580 80A1AA80 82040038 */  lb      $a0, 0x0038($s0)           ## 00000038
/* 00584 80A1AA84 10400011 */  beq     $v0, $zero, .L80A1AACC     
/* 00588 80A1AA88 02002825 */  or      $a1, $s0, $zero            ## $a1 = 00000000
/* 0058C 80A1AA8C 0C03C71A */  jal     func_800F1C68              
/* 00590 80A1AA90 82040038 */  lb      $a0, 0x0038($s0)           ## 00000038
/* 00594 80A1AA94 3C03801F */  lui     $v1, 0x801F                ## $v1 = 801F0000
/* 00598 80A1AA98 2463F670 */  addiu   $v1, $v1, 0xF670           ## $v1 = 801EF670
/* 0059C 80A1AA9C 906F0F04 */  lbu     $t7, 0x0F04($v1)           ## 801F0574
/* 005A0 80A1AAA0 8FA40024 */  lw      $a0, 0x0024($sp)           
/* 005A4 80A1AAA4 35F80001 */  ori     $t8, $t7, 0x0001           ## $t8 = 00000001
/* 005A8 80A1AAA8 A0780F04 */  sb      $t8, 0x0F04($v1)           ## 801F0574
/* 005AC 80A1AAAC 8605001C */  lh      $a1, 0x001C($s0)           ## 0000001C
/* 005B0 80A1AAB0 00052A03 */  sra     $a1, $a1,  8               
/* 005B4 80A1AAB4 0C02D6FD */  jal     func_800B5BF4              
/* 005B8 80A1AAB8 30A5007F */  andi    $a1, $a1, 0x007F           ## $a1 = 00000000
/* 005BC 80A1AABC 0C286ABA */  jal     func_80A1AAE8              
/* 005C0 80A1AAC0 02002025 */  or      $a0, $s0, $zero            ## $a0 = 00000000
/* 005C4 80A1AAC4 10000004 */  beq     $zero, $zero, .L80A1AAD8   
/* 005C8 80A1AAC8 8FBF001C */  lw      $ra, 0x001C($sp)           
.L80A1AACC:
/* 005CC 80A1AACC 0C03C6E9 */  jal     func_800F1BA4              
/* 005D0 80A1AAD0 82040038 */  lb      $a0, 0x0038($s0)           ## 00000038
/* 005D4 80A1AAD4 8FBF001C */  lw      $ra, 0x001C($sp)           
.L80A1AAD8:
/* 005D8 80A1AAD8 8FB00018 */  lw      $s0, 0x0018($sp)           
/* 005DC 80A1AADC 27BD0020 */  addiu   $sp, $sp, 0x0020           ## $sp = 00000000
/* 005E0 80A1AAE0 03E00008 */  jr      $ra                        
/* 005E4 80A1AAE4 00000000 */  nop


glabel func_80A1AAE8
/* 005E8 80A1AAE8 3C0E80A2 */  lui     $t6, %hi(func_80A1AB00)    ## $t6 = 80A20000
/* 005EC 80A1AAEC 25CEAB00 */  addiu   $t6, $t6, %lo(func_80A1AB00) ## $t6 = 80A1AB00
/* 005F0 80A1AAF0 AC8E0234 */  sw      $t6, 0x0234($a0)           ## 00000234
/* 005F4 80A1AAF4 A480033E */  sh      $zero, 0x033E($a0)         ## 0000033E
/* 005F8 80A1AAF8 03E00008 */  jr      $ra                        
/* 005FC 80A1AAFC 00000000 */  nop


glabel func_80A1AB00
/* 00600 80A1AB00 27BDFFE0 */  addiu   $sp, $sp, 0xFFE0           ## $sp = FFFFFFE0
/* 00604 80A1AB04 AFB00018 */  sw      $s0, 0x0018($sp)           
/* 00608 80A1AB08 00808025 */  or      $s0, $a0, $zero            ## $s0 = 00000000
/* 0060C 80A1AB0C AFBF001C */  sw      $ra, 0x001C($sp)           
/* 00610 80A1AB10 AFA50024 */  sw      $a1, 0x0024($sp)           
/* 00614 80A1AB14 2604032C */  addiu   $a0, $s0, 0x032C           ## $a0 = 0000032C
/* 00618 80A1AB18 240500F0 */  addiu   $a1, $zero, 0x00F0         ## $a1 = 000000F0
/* 0061C 80A1AB1C 0C03FBCB */  jal     func_800FEF2C              
/* 00620 80A1AB20 2406000E */  addiu   $a2, $zero, 0x000E         ## $a2 = 0000000E
/* 00624 80A1AB24 2604032A */  addiu   $a0, $s0, 0x032A           ## $a0 = 0000032A
/* 00628 80A1AB28 24052000 */  addiu   $a1, $zero, 0x2000         ## $a1 = 00002000
/* 0062C 80A1AB2C 0C03FB9C */  jal     func_800FEE70              
/* 00630 80A1AB30 8606032C */  lh      $a2, 0x032C($s0)           ## 0000032C
/* 00634 80A1AB34 10400016 */  beq     $v0, $zero, .L80A1AB90     
/* 00638 80A1AB38 02002025 */  or      $a0, $s0, $zero            ## $a0 = 00000000
/* 0063C 80A1AB3C 8602033E */  lh      $v0, 0x033E($s0)           ## 0000033E
/* 00640 80A1AB40 2841000B */  slti    $at, $v0, 0x000B           
/* 00644 80A1AB44 14200005 */  bne     $at, $zero, .L80A1AB5C     
/* 00648 80A1AB48 00000000 */  nop
/* 0064C 80A1AB4C 0C286AF6 */  jal     func_80A1ABD8              
/* 00650 80A1AB50 02002025 */  or      $a0, $s0, $zero            ## $a0 = 00000000
/* 00654 80A1AB54 10000011 */  beq     $zero, $zero, .L80A1AB9C   
/* 00658 80A1AB58 2604032E */  addiu   $a0, $s0, 0x032E           ## $a0 = 0000032E
.L80A1AB5C:
/* 0065C 80A1AB5C 1C400009 */  bgtz    $v0, .L80A1AB84            
/* 00660 80A1AB60 3C0143D2 */  lui     $at, 0x43D2                ## $at = 43D20000
/* 00664 80A1AB64 44812000 */  mtc1    $at, $f4                   ## $f4 = 420.00
/* 00668 80A1AB68 A600032E */  sh      $zero, 0x032E($s0)         ## 0000032E
/* 0066C 80A1AB6C A6000330 */  sh      $zero, 0x0330($s0)         ## 00000330
/* 00670 80A1AB70 02002025 */  or      $a0, $s0, $zero            ## $a0 = 00000000
/* 00674 80A1AB74 240528F8 */  addiu   $a1, $zero, 0x28F8         ## $a1 = 000028F8
/* 00678 80A1AB78 0C02E3B2 */  jal     func_800B8EC8              
/* 0067C 80A1AB7C E6040334 */  swc1    $f4, 0x0334($s0)           ## 00000334
/* 00680 80A1AB80 8602033E */  lh      $v0, 0x033E($s0)           ## 0000033E
.L80A1AB84:
/* 00684 80A1AB84 244E0001 */  addiu   $t6, $v0, 0x0001           ## $t6 = 00000001
/* 00688 80A1AB88 10000003 */  beq     $zero, $zero, .L80A1AB98   
/* 0068C 80A1AB8C A60E033E */  sh      $t6, 0x033E($s0)           ## 0000033E
.L80A1AB90:
/* 00690 80A1AB90 0C02E404 */  jal     func_800B9010              
/* 00694 80A1AB94 240520F7 */  addiu   $a1, $zero, 0x20F7         ## $a1 = 000020F7
.L80A1AB98:
/* 00698 80A1AB98 2604032E */  addiu   $a0, $s0, 0x032E           ## $a0 = 0000032E
.L80A1AB9C:
/* 0069C 80A1AB9C 26050330 */  addiu   $a1, $s0, 0x0330           ## $a1 = 00000330
/* 006A0 80A1ABA0 26060334 */  addiu   $a2, $s0, 0x0334           ## $a2 = 00000334
/* 006A4 80A1ABA4 0C2869D4 */  jal     func_80A1A750              
/* 006A8 80A1ABA8 3C0741A0 */  lui     $a3, 0x41A0                ## $a3 = 41A00000
/* 006AC 80A1ABAC 860F032A */  lh      $t7, 0x032A($s0)           ## 0000032A
/* 006B0 80A1ABB0 8618032E */  lh      $t8, 0x032E($s0)           ## 0000032E
/* 006B4 80A1ABB4 02002025 */  or      $a0, $s0, $zero            ## $a0 = 00000000
/* 006B8 80A1ABB8 01F8C821 */  addu    $t9, $t7, $t8              
/* 006BC 80A1ABBC 0C28695B */  jal     func_80A1A56C              
/* 006C0 80A1ABC0 A6190328 */  sh      $t9, 0x0328($s0)           ## 00000328
/* 006C4 80A1ABC4 8FBF001C */  lw      $ra, 0x001C($sp)           
/* 006C8 80A1ABC8 8FB00018 */  lw      $s0, 0x0018($sp)           
/* 006CC 80A1ABCC 27BD0020 */  addiu   $sp, $sp, 0x0020           ## $sp = 00000000
/* 006D0 80A1ABD0 03E00008 */  jr      $ra                        
/* 006D4 80A1ABD4 00000000 */  nop


glabel func_80A1ABD8
/* 006D8 80A1ABD8 3C0E80A2 */  lui     $t6, %hi(func_80A1ABF0)    ## $t6 = 80A20000
/* 006DC 80A1ABDC 25CEABF0 */  addiu   $t6, $t6, %lo(func_80A1ABF0) ## $t6 = 80A1ABF0
/* 006E0 80A1ABE0 AC8E0234 */  sw      $t6, 0x0234($a0)           ## 00000234
/* 006E4 80A1ABE4 A480033E */  sh      $zero, 0x033E($a0)         ## 0000033E
/* 006E8 80A1ABE8 03E00008 */  jr      $ra                        
/* 006EC 80A1ABEC 00000000 */  nop


glabel func_80A1ABF0
/* 006F0 80A1ABF0 27BDFFE0 */  addiu   $sp, $sp, 0xFFE0           ## $sp = FFFFFFE0
/* 006F4 80A1ABF4 AFB00018 */  sw      $s0, 0x0018($sp)           
/* 006F8 80A1ABF8 00808025 */  or      $s0, $a0, $zero            ## $s0 = 00000000
/* 006FC 80A1ABFC AFBF001C */  sw      $ra, 0x001C($sp)           
/* 00700 80A1AC00 AFA50024 */  sw      $a1, 0x0024($sp)           
/* 00704 80A1AC04 2604033A */  addiu   $a0, $s0, 0x033A           ## $a0 = 0000033A
/* 00708 80A1AC08 240500F0 */  addiu   $a1, $zero, 0x00F0         ## $a1 = 000000F0
/* 0070C 80A1AC0C 0C03FBCB */  jal     func_800FEF2C              
/* 00710 80A1AC10 2406000E */  addiu   $a2, $zero, 0x000E         ## $a2 = 0000000E
/* 00714 80A1AC14 26040338 */  addiu   $a0, $s0, 0x0338           ## $a0 = 00000338
/* 00718 80A1AC18 2405C000 */  addiu   $a1, $zero, 0xC000         ## $a1 = FFFFC000
/* 0071C 80A1AC1C 0C03FB9C */  jal     func_800FEE70              
/* 00720 80A1AC20 8606033A */  lh      $a2, 0x033A($s0)           ## 0000033A
/* 00724 80A1AC24 10400017 */  beq     $v0, $zero, .L80A1AC84     
/* 00728 80A1AC28 02002025 */  or      $a0, $s0, $zero            ## $a0 = 00000000
/* 0072C 80A1AC2C 8602033E */  lh      $v0, 0x033E($s0)           ## 0000033E
/* 00730 80A1AC30 2841000B */  slti    $at, $v0, 0x000B           
/* 00734 80A1AC34 14200005 */  bne     $at, $zero, .L80A1AC4C     
/* 00738 80A1AC38 00000000 */  nop
/* 0073C 80A1AC3C 0C286B33 */  jal     func_80A1ACCC              
/* 00740 80A1AC40 02002025 */  or      $a0, $s0, $zero            ## $a0 = 00000000
/* 00744 80A1AC44 10000012 */  beq     $zero, $zero, .L80A1AC90   
/* 00748 80A1AC48 2604032E */  addiu   $a0, $s0, 0x032E           ## $a0 = 0000032E
.L80A1AC4C:
/* 0074C 80A1AC4C 1C40000A */  bgtz    $v0, .L80A1AC78            
/* 00750 80A1AC50 240E5120 */  addiu   $t6, $zero, 0x5120         ## $t6 = 00005120
/* 00754 80A1AC54 3C014302 */  lui     $at, 0x4302                ## $at = 43020000
/* 00758 80A1AC58 44812000 */  mtc1    $at, $f4                   ## $f4 = 130.00
/* 0075C 80A1AC5C A600032E */  sh      $zero, 0x032E($s0)         ## 0000032E
/* 00760 80A1AC60 A60E0330 */  sh      $t6, 0x0330($s0)           ## 00000330
/* 00764 80A1AC64 02002025 */  or      $a0, $s0, $zero            ## $a0 = 00000000
/* 00768 80A1AC68 240528F8 */  addiu   $a1, $zero, 0x28F8         ## $a1 = 000028F8
/* 0076C 80A1AC6C 0C02E3B2 */  jal     func_800B8EC8              
/* 00770 80A1AC70 E6040334 */  swc1    $f4, 0x0334($s0)           ## 00000334
/* 00774 80A1AC74 8602033E */  lh      $v0, 0x033E($s0)           ## 0000033E
.L80A1AC78:
/* 00778 80A1AC78 244F0001 */  addiu   $t7, $v0, 0x0001           ## $t7 = 00000001
/* 0077C 80A1AC7C 10000003 */  beq     $zero, $zero, .L80A1AC8C   
/* 00780 80A1AC80 A60F033E */  sh      $t7, 0x033E($s0)           ## 0000033E
.L80A1AC84:
/* 00784 80A1AC84 0C02E404 */  jal     func_800B9010              
/* 00788 80A1AC88 240520F7 */  addiu   $a1, $zero, 0x20F7         ## $a1 = 000020F7
.L80A1AC8C:
/* 0078C 80A1AC8C 2604032E */  addiu   $a0, $s0, 0x032E           ## $a0 = 0000032E
.L80A1AC90:
/* 00790 80A1AC90 26050330 */  addiu   $a1, $s0, 0x0330           ## $a1 = 00000330
/* 00794 80A1AC94 26060334 */  addiu   $a2, $s0, 0x0334           ## $a2 = 00000334
/* 00798 80A1AC98 0C2869D4 */  jal     func_80A1A750              
/* 0079C 80A1AC9C 3C0740E0 */  lui     $a3, 0x40E0                ## $a3 = 40E00000
/* 007A0 80A1ACA0 8618032A */  lh      $t8, 0x032A($s0)           ## 0000032A
/* 007A4 80A1ACA4 8619032E */  lh      $t9, 0x032E($s0)           ## 0000032E
/* 007A8 80A1ACA8 02002025 */  or      $a0, $s0, $zero            ## $a0 = 00000000
/* 007AC 80A1ACAC 03194021 */  addu    $t0, $t8, $t9              
/* 007B0 80A1ACB0 0C28695B */  jal     func_80A1A56C              
/* 007B4 80A1ACB4 A6080328 */  sh      $t0, 0x0328($s0)           ## 00000328
/* 007B8 80A1ACB8 8FBF001C */  lw      $ra, 0x001C($sp)           
/* 007BC 80A1ACBC 8FB00018 */  lw      $s0, 0x0018($sp)           
/* 007C0 80A1ACC0 27BD0020 */  addiu   $sp, $sp, 0x0020           ## $sp = 00000000
/* 007C4 80A1ACC4 03E00008 */  jr      $ra                        
/* 007C8 80A1ACC8 00000000 */  nop


glabel func_80A1ACCC
/* 007CC 80A1ACCC 3C0E80A2 */  lui     $t6, %hi(func_80A1ACE0)    ## $t6 = 80A20000
/* 007D0 80A1ACD0 25CEACE0 */  addiu   $t6, $t6, %lo(func_80A1ACE0) ## $t6 = 80A1ACE0
/* 007D4 80A1ACD4 AC8E0234 */  sw      $t6, 0x0234($a0)           ## 00000234
/* 007D8 80A1ACD8 03E00008 */  jr      $ra                        
/* 007DC 80A1ACDC 00000000 */  nop


glabel func_80A1ACE0
/* 007E0 80A1ACE0 27BDFFD0 */  addiu   $sp, $sp, 0xFFD0           ## $sp = FFFFFFD0
/* 007E4 80A1ACE4 AFB00018 */  sw      $s0, 0x0018($sp)           
/* 007E8 80A1ACE8 00808025 */  or      $s0, $a0, $zero            ## $s0 = 00000000
/* 007EC 80A1ACEC AFBF001C */  sw      $ra, 0x001C($sp)           
/* 007F0 80A1ACF0 AFA50034 */  sw      $a1, 0x0034($sp)           
/* 007F4 80A1ACF4 2604032E */  addiu   $a0, $s0, 0x032E           ## $a0 = 0000032E
/* 007F8 80A1ACF8 26050330 */  addiu   $a1, $s0, 0x0330           ## $a1 = 00000330
/* 007FC 80A1ACFC 26060334 */  addiu   $a2, $s0, 0x0334           ## $a2 = 00000334
/* 00800 80A1AD00 0C2869D4 */  jal     func_80A1A750              
/* 00804 80A1AD04 3C074120 */  lui     $a3, 0x4120                ## $a3 = 41200000
/* 00808 80A1AD08 860E032A */  lh      $t6, 0x032A($s0)           ## 0000032A
/* 0080C 80A1AD0C 860F032E */  lh      $t7, 0x032E($s0)           ## 0000032E
/* 00810 80A1AD10 2604033C */  addiu   $a0, $s0, 0x033C           ## $a0 = 0000033C
/* 00814 80A1AD14 24050111 */  addiu   $a1, $zero, 0x0111         ## $a1 = 00000111
/* 00818 80A1AD18 01CFC021 */  addu    $t8, $t6, $t7              
/* 0081C 80A1AD1C A6180328 */  sh      $t8, 0x0328($s0)           ## 00000328
/* 00820 80A1AD20 0C03FBCB */  jal     func_800FEF2C              
/* 00824 80A1AD24 2406000A */  addiu   $a2, $zero, 0x000A         ## $a2 = 0000000A
/* 00828 80A1AD28 861900BE */  lh      $t9, 0x00BE($s0)           ## 000000BE
/* 0082C 80A1AD2C 8608033C */  lh      $t0, 0x033C($s0)           ## 0000033C
/* 00830 80A1AD30 3C063E99 */  lui     $a2, 0x3E99                ## $a2 = 3E990000
/* 00834 80A1AD34 34C6999A */  ori     $a2, $a2, 0x999A           ## $a2 = 3E99999A
/* 00838 80A1AD38 03284821 */  addu    $t1, $t9, $t0              
/* 0083C 80A1AD3C A60900BE */  sh      $t1, 0x00BE($s0)           ## 000000BE
/* 00840 80A1AD40 26040068 */  addiu   $a0, $s0, 0x0068           ## $a0 = 00000068
/* 00844 80A1AD44 0C03FC0F */  jal     func_800FF03C              
/* 00848 80A1AD48 3C054040 */  lui     $a1, 0x4040                ## $a1 = 40400000
/* 0084C 80A1AD4C 3C014352 */  lui     $at, 0x4352                ## $at = 43520000
/* 00850 80A1AD50 44813000 */  mtc1    $at, $f6                   ## $f6 = 210.00
/* 00854 80A1AD54 C604000C */  lwc1    $f4, 0x000C($s0)           ## 0000000C
/* 00858 80A1AD58 26040028 */  addiu   $a0, $s0, 0x0028           ## $a0 = 00000028
/* 0085C 80A1AD5C 8E060068 */  lw      $a2, 0x0068($s0)           ## 00000068
/* 00860 80A1AD60 46062200 */  add.s   $f8, $f4, $f6              
/* 00864 80A1AD64 44054000 */  mfc1    $a1, $f8                   
/* 00868 80A1AD68 0C03FC0F */  jal     func_800FF03C              
/* 0086C 80A1AD6C 00000000 */  nop
/* 00870 80A1AD70 1040001B */  beq     $v0, $zero, .L80A1ADE0     
/* 00874 80A1AD74 8FA40034 */  lw      $a0, 0x0034($sp)           
/* 00878 80A1AD78 8E020124 */  lw      $v0, 0x0124($s0)           ## 00000124
/* 0087C 80A1AD7C 24850880 */  addiu   $a1, $a0, 0x0880           ## $a1 = 00000880
/* 00880 80A1AD80 8C460144 */  lw      $a2, 0x0144($v0)           ## 00000144
/* 00884 80A1AD84 0C0318C5 */  jal     func_800C6314              
/* 00888 80A1AD88 AFA50024 */  sw      $a1, 0x0024($sp)           
/* 0088C 80A1AD8C 8FA50024 */  lw      $a1, 0x0024($sp)           
/* 00890 80A1AD90 8FA40034 */  lw      $a0, 0x0034($sp)           
/* 00894 80A1AD94 0C0318AF */  jal     func_800C62BC              
/* 00898 80A1AD98 8E060144 */  lw      $a2, 0x0144($s0)           ## 00000144
/* 0089C 80A1AD9C 44805000 */  mtc1    $zero, $f10                ## $f10 = 0.00
/* 008A0 80A1ADA0 24022000 */  addiu   $v0, $zero, 0x2000         ## $v0 = 00002000
/* 008A4 80A1ADA4 240AC000 */  addiu   $t2, $zero, 0xC000         ## $t2 = FFFFC000
/* 008A8 80A1ADA8 240B0147 */  addiu   $t3, $zero, 0x0147         ## $t3 = 00000147
/* 008AC 80A1ADAC A6020328 */  sh      $v0, 0x0328($s0)           ## 00000328
/* 008B0 80A1ADB0 A602032A */  sh      $v0, 0x032A($s0)           ## 0000032A
/* 008B4 80A1ADB4 A600032C */  sh      $zero, 0x032C($s0)         ## 0000032C
/* 008B8 80A1ADB8 A600032E */  sh      $zero, 0x032E($s0)         ## 0000032E
/* 008BC 80A1ADBC A6000330 */  sh      $zero, 0x0330($s0)         ## 00000330
/* 008C0 80A1ADC0 A60A0338 */  sh      $t2, 0x0338($s0)           ## 00000338
/* 008C4 80A1ADC4 A600033A */  sh      $zero, 0x033A($s0)         ## 0000033A
/* 008C8 80A1ADC8 A60B033C */  sh      $t3, 0x033C($s0)           ## 0000033C
/* 008CC 80A1ADCC 82040038 */  lb      $a0, 0x0038($s0)           ## 00000038
/* 008D0 80A1ADD0 0C03C7EF */  jal     func_800F1FBC              
/* 008D4 80A1ADD4 E60A0334 */  swc1    $f10, 0x0334($s0)          ## 00000334
/* 008D8 80A1ADD8 0C286B82 */  jal     func_80A1AE08              
/* 008DC 80A1ADDC 02002025 */  or      $a0, $s0, $zero            ## $a0 = 00000000
.L80A1ADE0:
/* 008E0 80A1ADE0 0C28695B */  jal     func_80A1A56C              
/* 008E4 80A1ADE4 02002025 */  or      $a0, $s0, $zero            ## $a0 = 00000000
/* 008E8 80A1ADE8 02002025 */  or      $a0, $s0, $zero            ## $a0 = 00000000
/* 008EC 80A1ADEC 0C02E404 */  jal     func_800B9010              
/* 008F0 80A1ADF0 240520F9 */  addiu   $a1, $zero, 0x20F9         ## $a1 = 000020F9
/* 008F4 80A1ADF4 8FBF001C */  lw      $ra, 0x001C($sp)           
/* 008F8 80A1ADF8 8FB00018 */  lw      $s0, 0x0018($sp)           
/* 008FC 80A1ADFC 27BD0030 */  addiu   $sp, $sp, 0x0030           ## $sp = 00000000
/* 00900 80A1AE00 03E00008 */  jr      $ra                        
/* 00904 80A1AE04 00000000 */  nop


glabel func_80A1AE08
/* 00908 80A1AE08 3C0E80A2 */  lui     $t6, %hi(func_80A1AE1C)    ## $t6 = 80A20000
/* 0090C 80A1AE0C 25CEAE1C */  addiu   $t6, $t6, %lo(func_80A1AE1C) ## $t6 = 80A1AE1C
/* 00910 80A1AE10 AC8E0234 */  sw      $t6, 0x0234($a0)           ## 00000234
/* 00914 80A1AE14 03E00008 */  jr      $ra                        
/* 00918 80A1AE18 00000000 */  nop


glabel func_80A1AE1C
/* 0091C 80A1AE1C 27BDFFE8 */  addiu   $sp, $sp, 0xFFE8           ## $sp = FFFFFFE8
/* 00920 80A1AE20 AFBF0014 */  sw      $ra, 0x0014($sp)           
/* 00924 80A1AE24 AFA5001C */  sw      $a1, 0x001C($sp)           
/* 00928 80A1AE28 848E00BE */  lh      $t6, 0x00BE($a0)           ## 000000BE
/* 0092C 80A1AE2C 848F033C */  lh      $t7, 0x033C($a0)           ## 0000033C
/* 00930 80A1AE30 8499032A */  lh      $t9, 0x032A($a0)           ## 0000032A
/* 00934 80A1AE34 8488032E */  lh      $t0, 0x032E($a0)           ## 0000032E
/* 00938 80A1AE38 01CFC021 */  addu    $t8, $t6, $t7              
/* 0093C 80A1AE3C A49800BE */  sh      $t8, 0x00BE($a0)           ## 000000BE
/* 00940 80A1AE40 03284821 */  addu    $t1, $t9, $t0              
/* 00944 80A1AE44 A4890328 */  sh      $t1, 0x0328($a0)           ## 00000328
/* 00948 80A1AE48 0C28695B */  jal     func_80A1A56C              
/* 0094C 80A1AE4C AFA40018 */  sw      $a0, 0x0018($sp)           
/* 00950 80A1AE50 8FA40018 */  lw      $a0, 0x0018($sp)           
/* 00954 80A1AE54 0C02E404 */  jal     func_800B9010              
/* 00958 80A1AE58 240520F9 */  addiu   $a1, $zero, 0x20F9         ## $a1 = 000020F9
/* 0095C 80A1AE5C 8FBF0014 */  lw      $ra, 0x0014($sp)           
/* 00960 80A1AE60 27BD0018 */  addiu   $sp, $sp, 0x0018           ## $sp = 00000000
/* 00964 80A1AE64 03E00008 */  jr      $ra                        
/* 00968 80A1AE68 00000000 */  nop


glabel func_80A1AE6C
/* 0096C 80A1AE6C 27BDFFC0 */  addiu   $sp, $sp, 0xFFC0           ## $sp = FFFFFFC0
/* 00970 80A1AE70 AFB10018 */  sw      $s1, 0x0018($sp)           
/* 00974 80A1AE74 AFB00014 */  sw      $s0, 0x0014($sp)           
/* 00978 80A1AE78 00808025 */  or      $s0, $a0, $zero            ## $s0 = 00000000
/* 0097C 80A1AE7C 00A08825 */  or      $s1, $a1, $zero            ## $s1 = 00000000
/* 00980 80A1AE80 AFBF001C */  sw      $ra, 0x001C($sp)           
/* 00984 80A1AE84 860E001C */  lh      $t6, 0x001C($s0)           ## 0000001C
/* 00988 80A1AE88 31CF0001 */  andi    $t7, $t6, 0x0001           ## $t7 = 00000000
/* 0098C 80A1AE8C 15E00013 */  bne     $t7, $zero, .L80A1AEDC     
/* 00990 80A1AE90 AFAF0034 */  sw      $t7, 0x0034($sp)           
/* 00994 80A1AE94 C6040024 */  lwc1    $f4, 0x0024($s0)           ## 00000024
/* 00998 80A1AE98 3C014128 */  lui     $at, 0x4128                ## $at = 41280000
/* 0099C 80A1AE9C 44814000 */  mtc1    $at, $f8                   ## $f8 = 10.50
/* 009A0 80A1AEA0 E7A40028 */  swc1    $f4, 0x0028($sp)           
/* 009A4 80A1AEA4 C6060028 */  lwc1    $f6, 0x0028($s0)           ## 00000028
/* 009A8 80A1AEA8 2607015C */  addiu   $a3, $s0, 0x015C           ## $a3 = 0000015C
/* 009AC 80A1AEAC 00E02025 */  or      $a0, $a3, $zero            ## $a0 = 0000015C
/* 009B0 80A1AEB0 46083280 */  add.s   $f10, $f6, $f8             
/* 009B4 80A1AEB4 27A50028 */  addiu   $a1, $sp, 0x0028           ## $a1 = FFFFFFE8
/* 009B8 80A1AEB8 E7AA002C */  swc1    $f10, 0x002C($sp)          
/* 009BC 80A1AEBC C610002C */  lwc1    $f16, 0x002C($s0)          ## 0000002C
/* 009C0 80A1AEC0 AFA70024 */  sw      $a3, 0x0024($sp)           
/* 009C4 80A1AEC4 0C03CBAB */  jal     func_800F2EAC              
/* 009C8 80A1AEC8 E7B00030 */  swc1    $f16, 0x0030($sp)          
/* 009CC 80A1AECC 8FA50024 */  lw      $a1, 0x0024($sp)           
/* 009D0 80A1AED0 02202025 */  or      $a0, $s1, $zero            ## $a0 = 00000000
/* 009D4 80A1AED4 0C03CE08 */  jal     func_800F3820              
/* 009D8 80A1AED8 02003025 */  or      $a2, $s0, $zero            ## $a2 = 00000000
.L80A1AEDC:
/* 009DC 80A1AEDC 8E190234 */  lw      $t9, 0x0234($s0)           ## 00000234
/* 009E0 80A1AEE0 02002025 */  or      $a0, $s0, $zero            ## $a0 = 00000000
/* 009E4 80A1AEE4 02202825 */  or      $a1, $s1, $zero            ## $a1 = 00000000
/* 009E8 80A1AEE8 0320F809 */  jalr    $ra, $t9                   
/* 009EC 80A1AEEC 00000000 */  nop
/* 009F0 80A1AEF0 8FA80034 */  lw      $t0, 0x0034($sp)           
/* 009F4 80A1AEF4 55000018 */  bnel    $t0, $zero, .L80A1AF58     
/* 009F8 80A1AEF8 8FBF001C */  lw      $ra, 0x001C($sp)           
/* 009FC 80A1AEFC 8A0B00BC */  lwl     $t3, 0x00BC($s0)           ## 000000BC
/* 00A00 80A1AF00 8E090124 */  lw      $t1, 0x0124($s0)           ## 00000124
/* 00A04 80A1AF04 9A0B00BF */  lwr     $t3, 0x00BF($s0)           ## 000000BF
/* 00A08 80A1AF08 260501E8 */  addiu   $a1, $s0, 0x01E8           ## $a1 = 000001E8
/* 00A0C 80A1AF0C 02002025 */  or      $a0, $s0, $zero            ## $a0 = 00000000
/* 00A10 80A1AF10 A92B00BC */  swl     $t3, 0x00BC($t1)           ## 000000BC
/* 00A14 80A1AF14 B92B00BF */  swr     $t3, 0x00BF($t1)           ## 000000BF
/* 00A18 80A1AF18 960B00C0 */  lhu     $t3, 0x00C0($s0)           ## 000000C0
/* 00A1C 80A1AF1C A52B00C0 */  sh      $t3, 0x00C0($t1)           ## 000000C0
/* 00A20 80A1AF20 0C039F7E */  jal     func_800E7DF8              
/* 00A24 80A1AF24 AFA50020 */  sw      $a1, 0x0020($sp)           
/* 00A28 80A1AF28 3C010001 */  lui     $at, 0x0001                ## $at = 00010000
/* 00A2C 80A1AF2C 34218884 */  ori     $at, $at, 0x8884           ## $at = 00018884
/* 00A30 80A1AF30 02212821 */  addu    $a1, $s1, $at              
/* 00A34 80A1AF34 AFA50024 */  sw      $a1, 0x0024($sp)           
/* 00A38 80A1AF38 02202025 */  or      $a0, $s1, $zero            ## $a0 = 00000000
/* 00A3C 80A1AF3C 0C038A4A */  jal     func_800E2928              
/* 00A40 80A1AF40 8FA60020 */  lw      $a2, 0x0020($sp)           
/* 00A44 80A1AF44 8FA50024 */  lw      $a1, 0x0024($sp)           
/* 00A48 80A1AF48 02202025 */  or      $a0, $s1, $zero            ## $a0 = 00000000
/* 00A4C 80A1AF4C 0C0389D0 */  jal     func_800E2740              
/* 00A50 80A1AF50 8FA60020 */  lw      $a2, 0x0020($sp)           
/* 00A54 80A1AF54 8FBF001C */  lw      $ra, 0x001C($sp)           
.L80A1AF58:
/* 00A58 80A1AF58 8FB00014 */  lw      $s0, 0x0014($sp)           
/* 00A5C 80A1AF5C 8FB10018 */  lw      $s1, 0x0018($sp)           
/* 00A60 80A1AF60 03E00008 */  jr      $ra                        
/* 00A64 80A1AF64 27BD0040 */  addiu   $sp, $sp, 0x0040           ## $sp = 00000000


glabel func_80A1AF68
/* 00A68 80A1AF68 27BDFF68 */  addiu   $sp, $sp, 0xFF68           ## $sp = FFFFFF68
/* 00A6C 80A1AF6C AFB7003C */  sw      $s7, 0x003C($sp)           
/* 00A70 80A1AF70 00A0B825 */  or      $s7, $a1, $zero            ## $s7 = 00000000
/* 00A74 80A1AF74 AFBF0044 */  sw      $ra, 0x0044($sp)           
/* 00A78 80A1AF78 AFBE0040 */  sw      $s8, 0x0040($sp)           
/* 00A7C 80A1AF7C AFB60038 */  sw      $s6, 0x0038($sp)           
/* 00A80 80A1AF80 AFB50034 */  sw      $s5, 0x0034($sp)           
/* 00A84 80A1AF84 AFB40030 */  sw      $s4, 0x0030($sp)           
/* 00A88 80A1AF88 AFB3002C */  sw      $s3, 0x002C($sp)           
/* 00A8C 80A1AF8C AFB20028 */  sw      $s2, 0x0028($sp)           
/* 00A90 80A1AF90 AFB10024 */  sw      $s1, 0x0024($sp)           
/* 00A94 80A1AF94 AFB00020 */  sw      $s0, 0x0020($sp)           
/* 00A98 80A1AF98 F7B40018 */  sdc1    $f20, 0x0018($sp)          
/* 00A9C 80A1AF9C AFA40098 */  sw      $a0, 0x0098($sp)           
/* 00AA0 80A1AFA0 8EE40000 */  lw      $a0, 0x0000($s7)           ## 00000000
/* 00AA4 80A1AFA4 0C04B0A3 */  jal     func_8012C28C              
/* 00AA8 80A1AFA8 00809825 */  or      $s3, $a0, $zero            ## $s3 = 00000000
/* 00AAC 80A1AFAC 3C1EDA38 */  lui     $s8, 0xDA38                ## $s8 = DA380000
/* 00AB0 80A1AFB0 37DE0003 */  ori     $s8, $s8, 0x0003           ## $s8 = DA380003
/* 00AB4 80A1AFB4 8E6202B0 */  lw      $v0, 0x02B0($s3)           ## 000002B0
/* 00AB8 80A1AFB8 244E0008 */  addiu   $t6, $v0, 0x0008           ## $t6 = 00000008
/* 00ABC 80A1AFBC AE6E02B0 */  sw      $t6, 0x02B0($s3)           ## 000002B0
/* 00AC0 80A1AFC0 AC5E0000 */  sw      $s8, 0x0000($v0)           ## 00000000
/* 00AC4 80A1AFC4 8EE40000 */  lw      $a0, 0x0000($s7)           ## 00000000
/* 00AC8 80A1AFC8 0C060690 */  jal     func_80181A40              
/* 00ACC 80A1AFCC 00408025 */  or      $s0, $v0, $zero            ## $s0 = 00000000
/* 00AD0 80A1AFD0 AE020004 */  sw      $v0, 0x0004($s0)           ## 00000004
/* 00AD4 80A1AFD4 8E6202B0 */  lw      $v0, 0x02B0($s3)           ## 000002B0
/* 00AD8 80A1AFD8 3C190601 */  lui     $t9, 0x0601                ## $t9 = 06010000
/* 00ADC 80A1AFDC 2739B928 */  addiu   $t9, $t9, 0xB928           ## $t9 = 0600B928
/* 00AE0 80A1AFE0 244F0008 */  addiu   $t7, $v0, 0x0008           ## $t7 = 00000008
/* 00AE4 80A1AFE4 AE6F02B0 */  sw      $t7, 0x02B0($s3)           ## 000002B0
/* 00AE8 80A1AFE8 3C18DE00 */  lui     $t8, 0xDE00                ## $t8 = DE000000
/* 00AEC 80A1AFEC AC580000 */  sw      $t8, 0x0000($v0)           ## 00000000
/* 00AF0 80A1AFF0 AC590004 */  sw      $t9, 0x0004($v0)           ## 00000004
/* 00AF4 80A1AFF4 8FB10098 */  lw      $s1, 0x0098($sp)           
/* 00AF8 80A1AFF8 3C080601 */  lui     $t0, 0x0601                ## $t0 = 06010000
/* 00AFC 80A1AFFC 3C090601 */  lui     $t1, 0x0601                ## $t1 = 06010000
/* 00B00 80A1B000 2529BE58 */  addiu   $t1, $t1, 0xBE58           ## $t1 = 0600BE58
/* 00B04 80A1B004 2508AB88 */  addiu   $t0, $t0, 0xAB88           ## $t0 = 0600AB88
/* 00B08 80A1B008 3C0180A2 */  lui     $at, %hi(D_80A1B2D0)       ## $at = 80A20000
/* 00B0C 80A1B00C 263202B0 */  addiu   $s2, $s1, 0x02B0           ## $s2 = 000002B0
/* 00B10 80A1B010 2655000C */  addiu   $s5, $s2, 0x000C           ## $s5 = 000002BC
/* 00B14 80A1B014 C434B2D0 */  lwc1    $f20, %lo(D_80A1B2D0)($at) 
/* 00B18 80A1B018 AFA8004C */  sw      $t0, 0x004C($sp)           
/* 00B1C 80A1B01C AFA90048 */  sw      $t1, 0x0048($sp)           
/* 00B20 80A1B020 0000A025 */  or      $s4, $zero, $zero          ## $s4 = 00000000
/* 00B24 80A1B024 26360244 */  addiu   $s6, $s1, 0x0244           ## $s6 = 00000244
.L80A1B028:
/* 00B28 80A1B028 C62C0238 */  lwc1    $f12, 0x0238($s1)          ## 00000238
/* 00B2C 80A1B02C C62E023C */  lwc1    $f14, 0x023C($s1)          ## 0000023C
/* 00B30 80A1B030 8E260240 */  lw      $a2, 0x0240($s1)           ## 00000240
/* 00B34 80A1B034 0C060594 */  jal     func_80181650              
/* 00B38 80A1B038 02C03825 */  or      $a3, $s6, $zero            ## $a3 = 00000244
/* 00B3C 80A1B03C 4406A000 */  mfc1    $a2, $f20                  
/* 00B40 80A1B040 4600A306 */  mov.s   $f12, $f20                 
/* 00B44 80A1B044 4600A386 */  mov.s   $f14, $f20                 
/* 00B48 80A1B048 0C0600E7 */  jal     func_8018039C              
/* 00B4C 80A1B04C 24070001 */  addiu   $a3, $zero, 0x0001         ## $a3 = 00000001
/* 00B50 80A1B050 8E6202B0 */  lw      $v0, 0x02B0($s3)           ## 000002B0
/* 00B54 80A1B054 244A0008 */  addiu   $t2, $v0, 0x0008           ## $t2 = 00000008
/* 00B58 80A1B058 AE6A02B0 */  sw      $t2, 0x02B0($s3)           ## 000002B0
/* 00B5C 80A1B05C AC5E0000 */  sw      $s8, 0x0000($v0)           ## 00000000
/* 00B60 80A1B060 8EE40000 */  lw      $a0, 0x0000($s7)           ## 00000000
/* 00B64 80A1B064 0C060690 */  jal     func_80181A40              
/* 00B68 80A1B068 00408025 */  or      $s0, $v0, $zero            ## $s0 = 00000000
/* 00B6C 80A1B06C AE020004 */  sw      $v0, 0x0004($s0)           ## 00000004
/* 00B70 80A1B070 8E6202B0 */  lw      $v0, 0x02B0($s3)           ## 000002B0
/* 00B74 80A1B074 3C0CDE00 */  lui     $t4, 0xDE00                ## $t4 = DE000000
/* 00B78 80A1B078 02A03825 */  or      $a3, $s5, $zero            ## $a3 = 000002BC
/* 00B7C 80A1B07C 244B0008 */  addiu   $t3, $v0, 0x0008           ## $t3 = 00000008
/* 00B80 80A1B080 AE6B02B0 */  sw      $t3, 0x02B0($s3)           ## 000002B0
/* 00B84 80A1B084 AC4C0000 */  sw      $t4, 0x0000($v0)           ## 00000000
/* 00B88 80A1B088 8FAD004C */  lw      $t5, 0x004C($sp)           
/* 00B8C 80A1B08C AC4D0004 */  sw      $t5, 0x0004($v0)           ## 00000004
/* 00B90 80A1B090 C64C0000 */  lwc1    $f12, 0x0000($s2)          ## 000002B0
/* 00B94 80A1B094 C64E0004 */  lwc1    $f14, 0x0004($s2)          ## 000002B4
/* 00B98 80A1B098 0C060594 */  jal     func_80181650              
/* 00B9C 80A1B09C 8E460008 */  lw      $a2, 0x0008($s2)           ## 000002B8
/* 00BA0 80A1B0A0 4406A000 */  mfc1    $a2, $f20                  
/* 00BA4 80A1B0A4 4600A306 */  mov.s   $f12, $f20                 
/* 00BA8 80A1B0A8 4600A386 */  mov.s   $f14, $f20                 
/* 00BAC 80A1B0AC 0C0600E7 */  jal     func_8018039C              
/* 00BB0 80A1B0B0 24070001 */  addiu   $a3, $zero, 0x0001         ## $a3 = 00000001
/* 00BB4 80A1B0B4 8E6202B0 */  lw      $v0, 0x02B0($s3)           ## 000002B0
/* 00BB8 80A1B0B8 244E0008 */  addiu   $t6, $v0, 0x0008           ## $t6 = 00000008
/* 00BBC 80A1B0BC AE6E02B0 */  sw      $t6, 0x02B0($s3)           ## 000002B0
/* 00BC0 80A1B0C0 AC5E0000 */  sw      $s8, 0x0000($v0)           ## 00000000
/* 00BC4 80A1B0C4 8EE40000 */  lw      $a0, 0x0000($s7)           ## 00000000
/* 00BC8 80A1B0C8 0C060690 */  jal     func_80181A40              
/* 00BCC 80A1B0CC 00408025 */  or      $s0, $v0, $zero            ## $s0 = 00000000
/* 00BD0 80A1B0D0 AE020004 */  sw      $v0, 0x0004($s0)           ## 00000004
/* 00BD4 80A1B0D4 8E6202B0 */  lw      $v0, 0x02B0($s3)           ## 000002B0
/* 00BD8 80A1B0D8 3C18DE00 */  lui     $t8, 0xDE00                ## $t8 = DE000000
/* 00BDC 80A1B0DC 26940014 */  addiu   $s4, $s4, 0x0014           ## $s4 = 00000014
/* 00BE0 80A1B0E0 244F0008 */  addiu   $t7, $v0, 0x0008           ## $t7 = 00000008
/* 00BE4 80A1B0E4 AE6F02B0 */  sw      $t7, 0x02B0($s3)           ## 000002B0
/* 00BE8 80A1B0E8 AC580000 */  sw      $t8, 0x0000($v0)           ## 00000000
/* 00BEC 80A1B0EC 8FB90048 */  lw      $t9, 0x0048($sp)           
/* 00BF0 80A1B0F0 26310014 */  addiu   $s1, $s1, 0x0014           ## $s1 = 00000014
/* 00BF4 80A1B0F4 26520014 */  addiu   $s2, $s2, 0x0014           ## $s2 = 000002C4
/* 00BF8 80A1B0F8 AC590004 */  sw      $t9, 0x0004($v0)           ## 00000004
/* 00BFC 80A1B0FC 24010078 */  addiu   $at, $zero, 0x0078         ## $at = 00000078
/* 00C00 80A1B100 26B50014 */  addiu   $s5, $s5, 0x0014           ## $s5 = 000002D0
/* 00C04 80A1B104 1681FFC8 */  bne     $s4, $at, .L80A1B028       
/* 00C08 80A1B108 26D60014 */  addiu   $s6, $s6, 0x0014           ## $s6 = 00000258
/* 00C0C 80A1B10C 3C010001 */  lui     $at, 0x0001                ## $at = 00010000
/* 00C10 80A1B110 34217D88 */  ori     $at, $at, 0x7D88           ## $at = 00017D88
/* 00C14 80A1B114 02E18021 */  addu    $s0, $s7, $at              
/* 00C18 80A1B118 02002025 */  or      $a0, $s0, $zero            ## $a0 = 00000000
/* 00C1C 80A1B11C 0C04BD82 */  jal     func_8012F608              
/* 00C20 80A1B120 24050080 */  addiu   $a1, $zero, 0x0080         ## $a1 = 00000080
/* 00C24 80A1B124 04400032 */  bltz    $v0, .L80A1B1F0            
/* 00C28 80A1B128 00408825 */  or      $s1, $v0, $zero            ## $s1 = 00000000
/* 00C2C 80A1B12C 02002025 */  or      $a0, $s0, $zero            ## $a0 = 00000000
/* 00C30 80A1B130 0C04BD9A */  jal     func_8012F668              
/* 00C34 80A1B134 00402825 */  or      $a1, $v0, $zero            ## $a1 = 00000000
/* 00C38 80A1B138 1040002D */  beq     $v0, $zero, .L80A1B1F0     
/* 00C3C 80A1B13C 8FA80098 */  lw      $t0, 0x0098($sp)           
/* 00C40 80A1B140 3C014281 */  lui     $at, 0x4281                ## $at = 42810000
/* 00C44 80A1B144 44813000 */  mtc1    $at, $f6                   ## $f6 = 64.50
/* 00C48 80A1B148 C5040028 */  lwc1    $f4, 0x0028($t0)           ## 00000028
/* 00C4C 80A1B14C C50C0024 */  lwc1    $f12, 0x0024($t0)          ## 00000024
/* 00C50 80A1B150 8D06002C */  lw      $a2, 0x002C($t0)           ## 0000002C
/* 00C54 80A1B154 250700BC */  addiu   $a3, $t0, 0x00BC           ## $a3 = 000000BC
/* 00C58 80A1B158 0C060594 */  jal     func_80181650              
/* 00C5C 80A1B15C 46062381 */  sub.s   $f14, $f4, $f6             
/* 00C60 80A1B160 3C013FC0 */  lui     $at, 0x3FC0                ## $at = 3FC00000
/* 00C64 80A1B164 44816000 */  mtc1    $at, $f12                  ## $f12 = 1.50
/* 00C68 80A1B168 24070001 */  addiu   $a3, $zero, 0x0001         ## $a3 = 00000001
/* 00C6C 80A1B16C 44066000 */  mfc1    $a2, $f12                  
/* 00C70 80A1B170 0C0600E7 */  jal     func_8018039C              
/* 00C74 80A1B174 46006386 */  mov.s   $f14, $f12                 
/* 00C78 80A1B178 8E6202B0 */  lw      $v0, 0x02B0($s3)           ## 000002B0
/* 00C7C 80A1B17C 24490008 */  addiu   $t1, $v0, 0x0008           ## $t1 = 00000008
/* 00C80 80A1B180 AE6902B0 */  sw      $t1, 0x02B0($s3)           ## 000002B0
/* 00C84 80A1B184 AC5E0000 */  sw      $s8, 0x0000($v0)           ## 00000000
/* 00C88 80A1B188 8EE40000 */  lw      $a0, 0x0000($s7)           ## 00000000
/* 00C8C 80A1B18C 0C060690 */  jal     func_80181A40              
/* 00C90 80A1B190 00408025 */  or      $s0, $v0, $zero            ## $s0 = 00000000
/* 00C94 80A1B194 AE020004 */  sw      $v0, 0x0004($s0)           ## 00000004
/* 00C98 80A1B198 8E6202B0 */  lw      $v0, 0x02B0($s3)           ## 000002B0
/* 00C9C 80A1B19C 00116100 */  sll     $t4, $s1,  4               
/* 00CA0 80A1B1A0 01916021 */  addu    $t4, $t4, $s1              
/* 00CA4 80A1B1A4 000C6080 */  sll     $t4, $t4,  2               
/* 00CA8 80A1B1A8 3C0BDB06 */  lui     $t3, 0xDB06                ## $t3 = DB060000
/* 00CAC 80A1B1AC 244A0008 */  addiu   $t2, $v0, 0x0008           ## $t2 = 00000008
/* 00CB0 80A1B1B0 AE6A02B0 */  sw      $t2, 0x02B0($s3)           ## 000002B0
/* 00CB4 80A1B1B4 356B0018 */  ori     $t3, $t3, 0x0018           ## $t3 = DB060018
/* 00CB8 80A1B1B8 02EC6821 */  addu    $t5, $s7, $t4              
/* 00CBC 80A1B1BC 3C0E0001 */  lui     $t6, 0x0001                ## $t6 = 00010000
/* 00CC0 80A1B1C0 01CD7021 */  addu    $t6, $t6, $t5              
/* 00CC4 80A1B1C4 AC4B0000 */  sw      $t3, 0x0000($v0)           ## 00000000
/* 00CC8 80A1B1C8 8DCE7D98 */  lw      $t6, 0x7D98($t6)           ## 00017D98
/* 00CCC 80A1B1CC 3C18DE00 */  lui     $t8, 0xDE00                ## $t8 = DE000000
/* 00CD0 80A1B1D0 AC4E0004 */  sw      $t6, 0x0004($v0)           ## 00000004
/* 00CD4 80A1B1D4 8E6202B0 */  lw      $v0, 0x02B0($s3)           ## 000002B0
/* 00CD8 80A1B1D8 3C190600 */  lui     $t9, 0x0600                ## $t9 = 06000000
/* 00CDC 80A1B1DC 27390870 */  addiu   $t9, $t9, 0x0870           ## $t9 = 06000870
/* 00CE0 80A1B1E0 244F0008 */  addiu   $t7, $v0, 0x0008           ## $t7 = 00000008
/* 00CE4 80A1B1E4 AE6F02B0 */  sw      $t7, 0x02B0($s3)           ## 000002B0
/* 00CE8 80A1B1E8 AC590004 */  sw      $t9, 0x0004($v0)           ## 00000004
/* 00CEC 80A1B1EC AC580000 */  sw      $t8, 0x0000($v0)           ## 00000000
.L80A1B1F0:
/* 00CF0 80A1B1F0 8FA50098 */  lw      $a1, 0x0098($sp)           
/* 00CF4 80A1B1F4 02E02025 */  or      $a0, $s7, $zero            ## $a0 = 00000000
/* 00CF8 80A1B1F8 0C03CC7B */  jal     func_800F31EC              
/* 00CFC 80A1B1FC 24A5015C */  addiu   $a1, $a1, 0x015C           ## $a1 = 0000015C
/* 00D00 80A1B200 8FBF0044 */  lw      $ra, 0x0044($sp)           
/* 00D04 80A1B204 D7B40018 */  ldc1    $f20, 0x0018($sp)          
/* 00D08 80A1B208 8FB00020 */  lw      $s0, 0x0020($sp)           
/* 00D0C 80A1B20C 8FB10024 */  lw      $s1, 0x0024($sp)           
/* 00D10 80A1B210 8FB20028 */  lw      $s2, 0x0028($sp)           
/* 00D14 80A1B214 8FB3002C */  lw      $s3, 0x002C($sp)           
/* 00D18 80A1B218 8FB40030 */  lw      $s4, 0x0030($sp)           
/* 00D1C 80A1B21C 8FB50034 */  lw      $s5, 0x0034($sp)           
/* 00D20 80A1B220 8FB60038 */  lw      $s6, 0x0038($sp)           
/* 00D24 80A1B224 8FB7003C */  lw      $s7, 0x003C($sp)           
/* 00D28 80A1B228 8FBE0040 */  lw      $s8, 0x0040($sp)           
/* 00D2C 80A1B22C 03E00008 */  jr      $ra                        
/* 00D30 80A1B230 27BD0098 */  addiu   $sp, $sp, 0x0098           ## $sp = 00000000
/* 00D34 80A1B234 00000000 */  nop
/* 00D38 80A1B238 00000000 */  nop
/* 00D3C 80A1B23C 00000000 */  nop

.section .data

D_80A1B240: .word 0x013D0100, 0x00000410, 0x01640000, 0x00000340
.word func_80A1A7CC
.word func_80A1A9AC
.word func_80A1AE6C
.word func_80A1AF68
D_80A1B260: .word \
0x09000D39, 0x20010000, 0x02000000, 0x00000000, \
0x00000000, 0x01CBFBB6, 0x00000000, 0x00050100, \
0x00120010, 0x00000000, 0x00000000
D_80A1B28C: .word 0x3B84B5DD, 0x3D4CCCCD, 0x03010000, 0x00000000
D_80A1B29C: .word 0x00002AAA, 0x55558000, 0xAAAAD555
D_80A1B2A8: .word \
0xC8580064, 0xB0FC0FA0, 0xB1000320, 0x31040258, \
0x00000000, 0x00000000

.section .rodata

D_80A1B2C0: .word 0x4295E762
D_80A1B2C4: .word 0x429ADB0E
D_80A1B2C8: .word 0x429ADB0E
D_80A1B2CC: .word 0xC2817FE1
D_80A1B2D0: .word 0x3DCCCCCD, 0x00000000, 0x00000000, 0x00000000


.section .rodata
D_80A1B2E0:
.incbin "baserom/Bg_Numa_Hana", 0xDE0, 0x000000F0
