.include "macro.inc"

# assembler directives
.set noat      # allow manual use of $at
.set noreorder # don't insert nops after branches
.set gp=64     # allow use of 64-bit general purpose registers

.section .text
glabel func_809EE4E0
/* 00000 809EE4E0 27BDFF68 */  addiu   $sp, $sp, 0xFF68           ## $sp = FFFFFF68
/* 00004 809EE4E4 AFB20058 */  sw      $s2, 0x0058($sp)           
/* 00008 809EE4E8 AFB00050 */  sw      $s0, 0x0050($sp)           
/* 0000C 809EE4EC 00808025 */  or      $s0, $a0, $zero            ## $s0 = 00000000
/* 00010 809EE4F0 00A09025 */  or      $s2, $a1, $zero            ## $s2 = 00000000
/* 00014 809EE4F4 AFBF0074 */  sw      $ra, 0x0074($sp)           
/* 00018 809EE4F8 AFBE0070 */  sw      $s8, 0x0070($sp)           
/* 0001C 809EE4FC AFB7006C */  sw      $s7, 0x006C($sp)           
/* 00020 809EE500 AFB60068 */  sw      $s6, 0x0068($sp)           
/* 00024 809EE504 AFB50064 */  sw      $s5, 0x0064($sp)           
/* 00028 809EE508 AFB40060 */  sw      $s4, 0x0060($sp)           
/* 0002C 809EE50C AFB3005C */  sw      $s3, 0x005C($sp)           
/* 00030 809EE510 AFB10054 */  sw      $s1, 0x0054($sp)           
/* 00034 809EE514 F7BC0048 */  sdc1    $f28, 0x0048($sp)          
/* 00038 809EE518 F7BA0040 */  sdc1    $f26, 0x0040($sp)          
/* 0003C 809EE51C F7B80038 */  sdc1    $f24, 0x0038($sp)          
/* 00040 809EE520 F7B60030 */  sdc1    $f22, 0x0030($sp)          
/* 00044 809EE524 F7B40028 */  sdc1    $f20, 0x0028($sp)          
/* 00048 809EE528 02402025 */  or      $a0, $s2, $zero            ## $a0 = 00000000
/* 0004C 809EE52C 2605018C */  addiu   $a1, $s0, 0x018C           ## $a1 = 0000018C
/* 00050 809EE530 2406001E */  addiu   $a2, $zero, 0x001E         ## $a2 = 0000001E
/* 00054 809EE534 0C03C15A */  jal     func_800F0568              
/* 00058 809EE538 240728CB */  addiu   $a3, $zero, 0x28CB         ## $a3 = 000028CB
/* 0005C 809EE53C 3C01809F */  lui     $at, %hi(D_809F1D20)       ## $at = 809F0000
/* 00060 809EE540 C43C1D20 */  lwc1    $f28, %lo(D_809F1D20)($at) 
/* 00064 809EE544 3C013F00 */  lui     $at, 0x3F00                ## $at = 3F000000
/* 00068 809EE548 4481D000 */  mtc1    $at, $f26                  ## $f26 = 0.50
/* 0006C 809EE54C 3C014080 */  lui     $at, 0x4080                ## $at = 40800000
/* 00070 809EE550 4481C000 */  mtc1    $at, $f24                  ## $f24 = 4.00
/* 00074 809EE554 3C0140C0 */  lui     $at, 0x40C0                ## $at = 40C00000
/* 00078 809EE558 4481B000 */  mtc1    $at, $f22                  ## $f22 = 6.00
/* 0007C 809EE55C 3C0140E0 */  lui     $at, 0x40E0                ## $at = 40E00000
/* 00080 809EE560 3C17809F */  lui     $s7, %hi(D_809F1BF0)       ## $s7 = 809F0000
/* 00084 809EE564 3C16809F */  lui     $s6, %hi(D_809F1BEC)       ## $s6 = 809F0000
/* 00088 809EE568 3C15809F */  lui     $s5, %hi(D_809F1BF4)       ## $s5 = 809F0000
/* 0008C 809EE56C 4481A000 */  mtc1    $at, $f20                  ## $f20 = 7.00
/* 00090 809EE570 26B51BF4 */  addiu   $s5, $s5, %lo(D_809F1BF4)  ## $s5 = 809F1BF4
/* 00094 809EE574 26D61BEC */  addiu   $s6, $s6, %lo(D_809F1BEC)  ## $s6 = 809F1BEC
/* 00098 809EE578 26F71BF0 */  addiu   $s7, $s7, %lo(D_809F1BF0)  ## $s7 = 809F1BF0
/* 0009C 809EE57C 00008825 */  or      $s1, $zero, $zero          ## $s1 = 00000000
/* 000A0 809EE580 241E0008 */  addiu   $s8, $zero, 0x0008         ## $s8 = 00000008
/* 000A4 809EE584 27B40080 */  addiu   $s4, $sp, 0x0080           ## $s4 = FFFFFFE8
/* 000A8 809EE588 27B3008C */  addiu   $s3, $sp, 0x008C           ## $s3 = FFFFFFF4
.L809EE58C:
/* 000AC 809EE58C 0C05E570 */  jal     func_801795C0              
/* 000B0 809EE590 4600A306 */  mov.s   $f12, $f20                 
/* 000B4 809EE594 E7A00080 */  swc1    $f0, 0x0080($sp)           
/* 000B8 809EE598 0C05E570 */  jal     func_801795C0              
/* 000BC 809EE59C 4600A306 */  mov.s   $f12, $f20                 
/* 000C0 809EE5A0 E7A00088 */  swc1    $f0, 0x0088($sp)           
/* 000C4 809EE5A4 0C05E565 */  jal     func_80179594              
/* 000C8 809EE5A8 4600B306 */  mov.s   $f12, $f22                 
/* 000CC 809EE5AC 46180100 */  add.s   $f4, $f0, $f24             
/* 000D0 809EE5B0 C7A80080 */  lwc1    $f8, 0x0080($sp)           
/* 000D4 809EE5B4 4600D306 */  mov.s   $f12, $f26                 
/* 000D8 809EE5B8 E7A40084 */  swc1    $f4, 0x0084($sp)           
/* 000DC 809EE5BC C606018C */  lwc1    $f6, 0x018C($s0)           ## 0000018C
/* 000E0 809EE5C0 C7B20084 */  lwc1    $f18, 0x0084($sp)          
/* 000E4 809EE5C4 46083280 */  add.s   $f10, $f6, $f8             
/* 000E8 809EE5C8 C7A80088 */  lwc1    $f8, 0x0088($sp)           
/* 000EC 809EE5CC E7AA008C */  swc1    $f10, 0x008C($sp)          
/* 000F0 809EE5D0 C6100190 */  lwc1    $f16, 0x0190($s0)          ## 00000190
/* 000F4 809EE5D4 46128100 */  add.s   $f4, $f16, $f18            
/* 000F8 809EE5D8 E7A40090 */  swc1    $f4, 0x0090($sp)           
/* 000FC 809EE5DC C6060194 */  lwc1    $f6, 0x0194($s0)           ## 00000194
/* 00100 809EE5E0 46083280 */  add.s   $f10, $f6, $f8             
/* 00104 809EE5E4 0C05E565 */  jal     func_80179594              
/* 00108 809EE5E8 E7AA0094 */  swc1    $f10, 0x0094($sp)          
/* 0010C 809EE5EC 461C0400 */  add.s   $f16, $f0, $f28            
/* 00110 809EE5F0 240E001E */  addiu   $t6, $zero, 0x001E         ## $t6 = 0000001E
/* 00114 809EE5F4 AFAE001C */  sw      $t6, 0x001C($sp)           
/* 00118 809EE5F8 02402025 */  or      $a0, $s2, $zero            ## $a0 = 00000000
/* 0011C 809EE5FC 44068000 */  mfc1    $a2, $f16                  
/* 00120 809EE600 02602825 */  or      $a1, $s3, $zero            ## $a1 = FFFFFFF4
/* 00124 809EE604 02803825 */  or      $a3, $s4, $zero            ## $a3 = FFFFFFE8
/* 00128 809EE608 AFB50010 */  sw      $s5, 0x0010($sp)           
/* 0012C 809EE60C AFB60014 */  sw      $s6, 0x0014($sp)           
/* 00130 809EE610 0C02CAF0 */  jal     func_800B2BC0              
/* 00134 809EE614 AFB70018 */  sw      $s7, 0x0018($sp)           
/* 00138 809EE618 26310001 */  addiu   $s1, $s1, 0x0001           ## $s1 = 00000001
/* 0013C 809EE61C 163EFFDB */  bne     $s1, $s8, .L809EE58C       
/* 00140 809EE620 00000000 */  nop
/* 00144 809EE624 8FBF0074 */  lw      $ra, 0x0074($sp)           
/* 00148 809EE628 D7B40028 */  ldc1    $f20, 0x0028($sp)          
/* 0014C 809EE62C D7B60030 */  ldc1    $f22, 0x0030($sp)          
/* 00150 809EE630 D7B80038 */  ldc1    $f24, 0x0038($sp)          
/* 00154 809EE634 D7BA0040 */  ldc1    $f26, 0x0040($sp)          
/* 00158 809EE638 D7BC0048 */  ldc1    $f28, 0x0048($sp)          
/* 0015C 809EE63C 8FB00050 */  lw      $s0, 0x0050($sp)           
/* 00160 809EE640 8FB10054 */  lw      $s1, 0x0054($sp)           
/* 00164 809EE644 8FB20058 */  lw      $s2, 0x0058($sp)           
/* 00168 809EE648 8FB3005C */  lw      $s3, 0x005C($sp)           
/* 0016C 809EE64C 8FB40060 */  lw      $s4, 0x0060($sp)           
/* 00170 809EE650 8FB50064 */  lw      $s5, 0x0064($sp)           
/* 00174 809EE654 8FB60068 */  lw      $s6, 0x0068($sp)           
/* 00178 809EE658 8FB7006C */  lw      $s7, 0x006C($sp)           
/* 0017C 809EE65C 8FBE0070 */  lw      $s8, 0x0070($sp)           
/* 00180 809EE660 03E00008 */  jr      $ra                        
/* 00184 809EE664 27BD0098 */  addiu   $sp, $sp, 0x0098           ## $sp = 00000000


glabel func_809EE668
/* 00188 809EE668 C4C40000 */  lwc1    $f4, 0x0000($a2)           ## 00000000
/* 0018C 809EE66C 8CB8001C */  lw      $t8, 0x001C($a1)           ## 0000001C
/* 00190 809EE670 00041180 */  sll     $v0, $a0,  6               
/* 00194 809EE674 4600218D */  trunc.w.s $f6, $f4                   
/* 00198 809EE678 0302C821 */  addu    $t9, $t8, $v0              
/* 0019C 809EE67C 440F3000 */  mfc1    $t7, $f6                   
/* 001A0 809EE680 00000000 */  nop
/* 001A4 809EE684 A72F0030 */  sh      $t7, 0x0030($t9)           ## 00000030
/* 001A8 809EE688 C4C80004 */  lwc1    $f8, 0x0004($a2)           ## 00000004
/* 001AC 809EE68C 8CAA001C */  lw      $t2, 0x001C($a1)           ## 0000001C
/* 001B0 809EE690 4600428D */  trunc.w.s $f10, $f8                  
/* 001B4 809EE694 01425821 */  addu    $t3, $t2, $v0              
/* 001B8 809EE698 44095000 */  mfc1    $t1, $f10                  
/* 001BC 809EE69C 00000000 */  nop
/* 001C0 809EE6A0 A5690032 */  sh      $t1, 0x0032($t3)           ## 00000032
/* 001C4 809EE6A4 C4D00008 */  lwc1    $f16, 0x0008($a2)          ## 00000008
/* 001C8 809EE6A8 8CAE001C */  lw      $t6, 0x001C($a1)           ## 0000001C
/* 001CC 809EE6AC 4600848D */  trunc.w.s $f18, $f16                 
/* 001D0 809EE6B0 01C2C021 */  addu    $t8, $t6, $v0              
/* 001D4 809EE6B4 440D9000 */  mfc1    $t5, $f18                  
/* 001D8 809EE6B8 00000000 */  nop
/* 001DC 809EE6BC A70D0034 */  sh      $t5, 0x0034($t8)           ## 00000034
/* 001E0 809EE6C0 8CAF001C */  lw      $t7, 0x001C($a1)           ## 0000001C
/* 001E4 809EE6C4 01E21821 */  addu    $v1, $t7, $v0              
/* 001E8 809EE6C8 8479002E */  lh      $t9, 0x002E($v1)           ## 0000002E
/* 001EC 809EE6CC C4640038 */  lwc1    $f4, 0x0038($v1)           ## 00000038
/* 001F0 809EE6D0 44993000 */  mtc1    $t9, $f6                   ## $f6 = 0.00
/* 001F4 809EE6D4 00000000 */  nop
/* 001F8 809EE6D8 46803220 */  cvt.s.w $f8, $f6                   
/* 001FC 809EE6DC 46082282 */  mul.s   $f10, $f4, $f8             
/* 00200 809EE6E0 4600540D */  trunc.w.s $f16, $f10                 
/* 00204 809EE6E4 440A8000 */  mfc1    $t2, $f16                  
/* 00208 809EE6E8 00000000 */  nop
/* 0020C 809EE6EC A46A0036 */  sh      $t2, 0x0036($v1)           ## 00000036
/* 00210 809EE6F0 03E00008 */  jr      $ra                        
/* 00214 809EE6F4 00000000 */  nop


glabel func_809EE6F8
/* 00218 809EE6F8 27BDFFC0 */  addiu   $sp, $sp, 0xFFC0           ## $sp = FFFFFFC0
/* 0021C 809EE6FC AFB10028 */  sw      $s1, 0x0028($sp)           
/* 00220 809EE700 AFB00024 */  sw      $s0, 0x0024($sp)           
/* 00224 809EE704 00808025 */  or      $s0, $a0, $zero            ## $s0 = 00000000
/* 00228 809EE708 00A08825 */  or      $s1, $a1, $zero            ## $s1 = 00000000
/* 0022C 809EE70C AFBF002C */  sw      $ra, 0x002C($sp)           
/* 00230 809EE710 AFA00034 */  sw      $zero, 0x0034($sp)         
/* 00234 809EE714 3C01447A */  lui     $at, 0x447A                ## $at = 447A0000
/* 00238 809EE718 240E0003 */  addiu   $t6, $zero, 0x0003         ## $t6 = 00000003
/* 0023C 809EE71C 240F00FE */  addiu   $t7, $zero, 0x00FE         ## $t7 = 000000FE
/* 00240 809EE720 24180002 */  addiu   $t8, $zero, 0x0002         ## $t8 = 00000002
/* 00244 809EE724 44816000 */  mtc1    $at, $f12                  ## $f12 = 1000.00
/* 00248 809EE728 A20E001F */  sb      $t6, 0x001F($s0)           ## 0000001F
/* 0024C 809EE72C A20F00B6 */  sb      $t7, 0x00B6($s0)           ## 000000B6
/* 00250 809EE730 0C05E565 */  jal     func_80179594              
/* 00254 809EE734 A21800B7 */  sb      $t8, 0x00B7($s0)           ## 000000B7
/* 00258 809EE738 4600010D */  trunc.w.s $f4, $f0                   
/* 0025C 809EE73C 3C013F80 */  lui     $at, 0x3F80                ## $at = 3F800000
/* 00260 809EE740 44813000 */  mtc1    $at, $f6                   ## $f6 = 1.00
/* 00264 809EE744 3C01809F */  lui     $at, %hi(D_809F1D24)       ## $at = 809F0000
/* 00268 809EE748 44082000 */  mfc1    $t0, $f4                   
/* 0026C 809EE74C E606035C */  swc1    $f6, 0x035C($s0)           ## 0000035C
/* 00270 809EE750 3C053C23 */  lui     $a1, 0x3C23                ## $a1 = 3C230000
/* 00274 809EE754 A6080160 */  sh      $t0, 0x0160($s0)           ## 00000160
/* 00278 809EE758 C4281D24 */  lwc1    $f8, %lo(D_809F1D24)($at)  
/* 0027C 809EE75C 34A5D70A */  ori     $a1, $a1, 0xD70A           ## $a1 = 3C23D70A
/* 00280 809EE760 02002025 */  or      $a0, $s0, $zero            ## $a0 = 00000000
/* 00284 809EE764 0C02D9F8 */  jal     func_800B67E0              
/* 00288 809EE768 E6080074 */  swc1    $f8, 0x0074($s0)           ## 00000074
/* 0028C 809EE76C 8602001C */  lh      $v0, 0x001C($s0)           ## 0000001C
/* 00290 809EE770 3C0A809F */  lui     $t2, %hi(D_809F1C00)       ## $t2 = 809F0000
/* 00294 809EE774 24010001 */  addiu   $at, $zero, 0x0001         ## $at = 00000001
/* 00298 809EE778 10400003 */  beq     $v0, $zero, .L809EE788     
/* 0029C 809EE77C 254A1C00 */  addiu   $t2, $t2, %lo(D_809F1C00)  ## $t2 = 809F1C00
/* 002A0 809EE780 54410062 */  bnel    $v0, $at, .L809EE90C       
/* 002A4 809EE784 24010002 */  addiu   $at, $zero, 0x0002         ## $at = 00000002
.L809EE788:
/* 002A8 809EE788 86020034 */  lh      $v0, 0x0034($s0)           ## 00000034
/* 002AC 809EE78C 02002025 */  or      $a0, $s0, $zero            ## $a0 = 00000000
/* 002B0 809EE790 00002825 */  or      $a1, $zero, $zero          ## $a1 = 00000000
/* 002B4 809EE794 54400004 */  bnel    $v0, $zero, .L809EE7A8     
/* 002B8 809EE798 A60000C0 */  sh      $zero, 0x00C0($s0)         ## 000000C0
/* 002BC 809EE79C A6000034 */  sh      $zero, 0x0034($s0)         ## 00000034
/* 002C0 809EE7A0 86020034 */  lh      $v0, 0x0034($s0)           ## 00000034
/* 002C4 809EE7A4 A60000C0 */  sh      $zero, 0x00C0($s0)         ## 000000C0
.L809EE7A8:
/* 002C8 809EE7A8 860900C0 */  lh      $t1, 0x00C0($s0)           ## 000000C0
/* 002CC 809EE7AC A6020168 */  sh      $v0, 0x0168($s0)           ## 00000168
/* 002D0 809EE7B0 AE0A00A0 */  sw      $t2, 0x00A0($s0)           ## 000000A0
/* 002D4 809EE7B4 0C032B84 */  jal     func_800CAE10              
/* 002D8 809EE7B8 A6090034 */  sh      $t1, 0x0034($s0)           ## 00000034
/* 002DC 809EE7BC 3C04809F */  lui     $a0, %hi(D_809F1B00)       ## $a0 = 809F0000
/* 002E0 809EE7C0 24841B00 */  addiu   $a0, $a0, %lo(D_809F1B00)  ## $a0 = 809F1B00
/* 002E4 809EE7C4 0C032559 */  jal     func_800C9564              
/* 002E8 809EE7C8 27A50034 */  addiu   $a1, $sp, 0x0034           ## $a1 = FFFFFFF4
/* 002EC 809EE7CC 02202025 */  or      $a0, $s1, $zero            ## $a0 = 00000000
/* 002F0 809EE7D0 26250880 */  addiu   $a1, $s1, 0x0880           ## $a1 = 00000880
/* 002F4 809EE7D4 02003025 */  or      $a2, $s0, $zero            ## $a2 = 00000000
/* 002F8 809EE7D8 0C031862 */  jal     func_800C6188              
/* 002FC 809EE7DC 8FA70034 */  lw      $a3, 0x0034($sp)           
/* 00300 809EE7E0 AE020144 */  sw      $v0, 0x0144($s0)           ## 00000144
/* 00304 809EE7E4 02002025 */  or      $a0, $s0, $zero            ## $a0 = 00000000
/* 00308 809EE7E8 0C27BB74 */  jal     func_809EEDD0              
/* 0030C 809EE7EC 02202825 */  or      $a1, $s1, $zero            ## $a1 = 00000000
/* 00310 809EE7F0 3C060600 */  lui     $a2, 0x0600                ## $a2 = 06000000
/* 00314 809EE7F4 3C070600 */  lui     $a3, 0x0600                ## $a3 = 06000000
/* 00318 809EE7F8 260B02AC */  addiu   $t3, $s0, 0x02AC           ## $t3 = 000002AC
/* 0031C 809EE7FC 260C02E8 */  addiu   $t4, $s0, 0x02E8           ## $t4 = 000002E8
/* 00320 809EE800 240D000A */  addiu   $t5, $zero, 0x000A         ## $t5 = 0000000A
/* 00324 809EE804 AFAD0018 */  sw      $t5, 0x0018($sp)           
/* 00328 809EE808 AFAC0014 */  sw      $t4, 0x0014($sp)           
/* 0032C 809EE80C AFAB0010 */  sw      $t3, 0x0010($sp)           
/* 00330 809EE810 24E70ABC */  addiu   $a3, $a3, 0x0ABC           ## $a3 = 06000ABC
/* 00334 809EE814 24C624E0 */  addiu   $a2, $a2, 0x24E0           ## $a2 = 060024E0
/* 00338 809EE818 02202025 */  or      $a0, $s1, $zero            ## $a0 = 00000000
/* 0033C 809EE81C 0C04DACC */  jal     func_80136B30              
/* 00340 809EE820 26050268 */  addiu   $a1, $s0, 0x0268           ## $a1 = 00000268
/* 00344 809EE824 3C060600 */  lui     $a2, 0x0600                ## $a2 = 06000000
/* 00348 809EE828 3C070600 */  lui     $a3, 0x0600                ## $a3 = 06000000
/* 0034C 809EE82C 260E040C */  addiu   $t6, $s0, 0x040C           ## $t6 = 0000040C
/* 00350 809EE830 260F0484 */  addiu   $t7, $s0, 0x0484           ## $t7 = 00000484
/* 00354 809EE834 24180014 */  addiu   $t8, $zero, 0x0014         ## $t8 = 00000014
/* 00358 809EE838 AFB80018 */  sw      $t8, 0x0018($sp)           
/* 0035C 809EE83C AFAF0014 */  sw      $t7, 0x0014($sp)           
/* 00360 809EE840 AFAE0010 */  sw      $t6, 0x0010($sp)           
/* 00364 809EE844 24E76484 */  addiu   $a3, $a3, 0x6484           ## $a3 = 06006484
/* 00368 809EE848 24C66378 */  addiu   $a2, $a2, 0x6378           ## $a2 = 06006378
/* 0036C 809EE84C 02202025 */  or      $a0, $s1, $zero            ## $a0 = 00000000
/* 00370 809EE850 0C04DACC */  jal     func_80136B30              
/* 00374 809EE854 260503C8 */  addiu   $a1, $s0, 0x03C8           ## $a1 = 000003C8
/* 00378 809EE858 3C040600 */  lui     $a0, 0x0600                ## $a0 = 06000000
/* 0037C 809EE85C 0C04D1D2 */  jal     func_80134748              
/* 00380 809EE860 24846484 */  addiu   $a0, $a0, 0x6484           ## $a0 = 06006484
/* 00384 809EE864 44825000 */  mtc1    $v0, $f10                  ## $f10 = 0.00
/* 00388 809EE868 3C07809F */  lui     $a3, %hi(D_809F1B74)       ## $a3 = 809F0000
/* 0038C 809EE86C 261901E8 */  addiu   $t9, $s0, 0x01E8           ## $t9 = 000001E8
/* 00390 809EE870 46805420 */  cvt.s.w $f16, $f10                 
/* 00394 809EE874 24E71B74 */  addiu   $a3, $a3, %lo(D_809F1B74)  ## $a3 = 809F1B74
/* 00398 809EE878 02202025 */  or      $a0, $s1, $zero            ## $a0 = 00000000
/* 0039C 809EE87C 260501C8 */  addiu   $a1, $s0, 0x01C8           ## $a1 = 000001C8
/* 003A0 809EE880 02003025 */  or      $a2, $s0, $zero            ## $a2 = 00000000
/* 003A4 809EE884 E61004FC */  swc1    $f16, 0x04FC($s0)          ## 000004FC
/* 003A8 809EE888 0C0383C5 */  jal     func_800E0F14              
/* 003AC 809EE88C AFB90010 */  sw      $t9, 0x0010($sp)           
/* 003B0 809EE890 3C07809F */  lui     $a3, %hi(D_809F1BA8)       ## $a3 = 809F0000
/* 003B4 809EE894 26080388 */  addiu   $t0, $s0, 0x0388           ## $t0 = 00000388
/* 003B8 809EE898 AFA80010 */  sw      $t0, 0x0010($sp)           
/* 003BC 809EE89C 24E71BA8 */  addiu   $a3, $a3, %lo(D_809F1BA8)  ## $a3 = 809F1BA8
/* 003C0 809EE8A0 02202025 */  or      $a0, $s1, $zero            ## $a0 = 00000000
/* 003C4 809EE8A4 26050368 */  addiu   $a1, $s0, 0x0368           ## $a1 = 00000368
/* 003C8 809EE8A8 0C0383C5 */  jal     func_800E0F14              
/* 003CC 809EE8AC 02003025 */  or      $a2, $s0, $zero            ## $a2 = 00000000
/* 003D0 809EE8B0 3C050002 */  lui     $a1, 0x0002                ## $a1 = 00020000
/* 003D4 809EE8B4 00B12821 */  addu    $a1, $a1, $s1              
/* 003D8 809EE8B8 80A586E0 */  lb      $a1, -0x7920($a1)          ## 000186E0
/* 003DC 809EE8BC 0C02D731 */  jal     func_800B5CC4              
/* 003E0 809EE8C0 02202025 */  or      $a0, $s1, $zero            ## $a0 = 00000000
/* 003E4 809EE8C4 104000E5 */  beq     $v0, $zero, .L809EEC5C     
/* 003E8 809EE8C8 24090002 */  addiu   $t1, $zero, 0x0002         ## $t1 = 00000002
/* 003EC 809EE8CC 8E0B0004 */  lw      $t3, 0x0004($s0)           ## 00000004
/* 003F0 809EE8D0 3C0A809F */  lui     $t2, %hi(func_809EF9BC)    ## $t2 = 809F0000
/* 003F4 809EE8D4 2401FFFE */  addiu   $at, $zero, 0xFFFE         ## $at = FFFFFFFE
/* 003F8 809EE8D8 254AF9BC */  addiu   $t2, $t2, %lo(func_809EF9BC) ## $t2 = 809EF9BC
/* 003FC 809EE8DC 01616024 */  and     $t4, $t3, $at              
/* 00400 809EE8E0 A609001C */  sh      $t1, 0x001C($s0)           ## 0000001C
/* 00404 809EE8E4 AE0A0170 */  sw      $t2, 0x0170($s0)           ## 00000170
/* 00408 809EE8E8 AE0C0004 */  sw      $t4, 0x0004($s0)           ## 00000004
/* 0040C 809EE8EC 02202025 */  or      $a0, $s1, $zero            ## $a0 = 00000000
/* 00410 809EE8F0 26251CA0 */  addiu   $a1, $s1, 0x1CA0           ## $a1 = 00001CA0
/* 00414 809EE8F4 02003025 */  or      $a2, $s0, $zero            ## $a2 = 00000000
/* 00418 809EE8F8 0C02F055 */  jal     func_800BC154              
/* 0041C 809EE8FC 24070001 */  addiu   $a3, $zero, 0x0001         ## $a3 = 00000001
/* 00420 809EE900 100000D7 */  beq     $zero, $zero, .L809EEC60   
/* 00424 809EE904 8FBF002C */  lw      $ra, 0x002C($sp)           
/* 00428 809EE908 24010002 */  addiu   $at, $zero, 0x0002         ## $at = 00000002
.L809EE90C:
/* 0042C 809EE90C 14410025 */  bne     $v0, $at, .L809EE9A4       
/* 00430 809EE910 3C0D809F */  lui     $t5, %hi(func_809EF9BC)    ## $t5 = 809F0000
/* 00434 809EE914 25ADF9BC */  addiu   $t5, $t5, %lo(func_809EF9BC) ## $t5 = 809EF9BC
/* 00438 809EE918 3C04809F */  lui     $a0, %hi(D_809F1B00)       ## $a0 = 809F0000
/* 0043C 809EE91C AE0D0170 */  sw      $t5, 0x0170($s0)           ## 00000170
/* 00440 809EE920 24841B00 */  addiu   $a0, $a0, %lo(D_809F1B00)  ## $a0 = 809F1B00
/* 00444 809EE924 0C032559 */  jal     func_800C9564              
/* 00448 809EE928 27A50034 */  addiu   $a1, $sp, 0x0034           ## $a1 = FFFFFFF4
/* 0044C 809EE92C 02202025 */  or      $a0, $s1, $zero            ## $a0 = 00000000
/* 00450 809EE930 26250880 */  addiu   $a1, $s1, 0x0880           ## $a1 = 00000880
/* 00454 809EE934 02003025 */  or      $a2, $s0, $zero            ## $a2 = 00000000
/* 00458 809EE938 0C031862 */  jal     func_800C6188              
/* 0045C 809EE93C 8FA70034 */  lw      $a3, 0x0034($sp)           
/* 00460 809EE940 AE020144 */  sw      $v0, 0x0144($s0)           ## 00000144
/* 00464 809EE944 3C060600 */  lui     $a2, 0x0600                ## $a2 = 06000000
/* 00468 809EE948 3C070600 */  lui     $a3, 0x0600                ## $a3 = 06000000
/* 0046C 809EE94C 260E02AC */  addiu   $t6, $s0, 0x02AC           ## $t6 = 000002AC
/* 00470 809EE950 260F02E8 */  addiu   $t7, $s0, 0x02E8           ## $t7 = 000002E8
/* 00474 809EE954 2418000A */  addiu   $t8, $zero, 0x000A         ## $t8 = 0000000A
/* 00478 809EE958 AFB80018 */  sw      $t8, 0x0018($sp)           
/* 0047C 809EE95C AFAF0014 */  sw      $t7, 0x0014($sp)           
/* 00480 809EE960 AFAE0010 */  sw      $t6, 0x0010($sp)           
/* 00484 809EE964 24E70ABC */  addiu   $a3, $a3, 0x0ABC           ## $a3 = 06000ABC
/* 00488 809EE968 24C624E0 */  addiu   $a2, $a2, 0x24E0           ## $a2 = 060024E0
/* 0048C 809EE96C 02202025 */  or      $a0, $s1, $zero            ## $a0 = 00000000
/* 00490 809EE970 0C04DACC */  jal     func_80136B30              
/* 00494 809EE974 26050268 */  addiu   $a1, $s0, 0x0268           ## $a1 = 00000268
/* 00498 809EE978 8E190004 */  lw      $t9, 0x0004($s0)           ## 00000004
/* 0049C 809EE97C 2401FFFE */  addiu   $at, $zero, 0xFFFE         ## $at = FFFFFFFE
/* 004A0 809EE980 02202025 */  or      $a0, $s1, $zero            ## $a0 = 00000000
/* 004A4 809EE984 03214024 */  and     $t0, $t9, $at              
/* 004A8 809EE988 AE080004 */  sw      $t0, 0x0004($s0)           ## 00000004
/* 004AC 809EE98C 26251CA0 */  addiu   $a1, $s1, 0x1CA0           ## $a1 = 00001CA0
/* 004B0 809EE990 02003025 */  or      $a2, $s0, $zero            ## $a2 = 00000000
/* 004B4 809EE994 0C02F055 */  jal     func_800BC154              
/* 004B8 809EE998 24070001 */  addiu   $a3, $zero, 0x0001         ## $a3 = 00000001
/* 004BC 809EE99C 100000B0 */  beq     $zero, $zero, .L809EEC60   
/* 004C0 809EE9A0 8FBF002C */  lw      $ra, 0x002C($sp)           
.L809EE9A4:
/* 004C4 809EE9A4 24010003 */  addiu   $at, $zero, 0x0003         ## $at = 00000003
/* 004C8 809EE9A8 14410040 */  bne     $v0, $at, .L809EEAAC       
/* 004CC 809EE9AC 3C09809F */  lui     $t1, %hi(func_809EFAB4)    ## $t1 = 809F0000
/* 004D0 809EE9B0 3C013F80 */  lui     $at, 0x3F80                ## $at = 3F800000
/* 004D4 809EE9B4 44819000 */  mtc1    $at, $f18                  ## $f18 = 1.00
/* 004D8 809EE9B8 2529FAB4 */  addiu   $t1, $t1, %lo(func_809EFAB4) ## $t1 = 809EFAB4
/* 004DC 809EE9BC AE090170 */  sw      $t1, 0x0170($s0)           ## 00000170
/* 004E0 809EE9C0 E6120198 */  swc1    $f18, 0x0198($s0)          ## 00000198
/* 004E4 809EE9C4 3C060600 */  lui     $a2, 0x0600                ## $a2 = 06000000
/* 004E8 809EE9C8 3C070600 */  lui     $a3, 0x0600                ## $a3 = 06000000
/* 004EC 809EE9CC 260A02AC */  addiu   $t2, $s0, 0x02AC           ## $t2 = 000002AC
/* 004F0 809EE9D0 260B02E8 */  addiu   $t3, $s0, 0x02E8           ## $t3 = 000002E8
/* 004F4 809EE9D4 240C000A */  addiu   $t4, $zero, 0x000A         ## $t4 = 0000000A
/* 004F8 809EE9D8 AFAC0018 */  sw      $t4, 0x0018($sp)           
/* 004FC 809EE9DC AFAB0014 */  sw      $t3, 0x0014($sp)           
/* 00500 809EE9E0 AFAA0010 */  sw      $t2, 0x0010($sp)           
/* 00504 809EE9E4 24E70ABC */  addiu   $a3, $a3, 0x0ABC           ## $a3 = 06000ABC
/* 00508 809EE9E8 24C624E0 */  addiu   $a2, $a2, 0x24E0           ## $a2 = 060024E0
/* 0050C 809EE9EC 02202025 */  or      $a0, $s1, $zero            ## $a0 = 00000000
/* 00510 809EE9F0 0C04DACC */  jal     func_80136B30              
/* 00514 809EE9F4 26050268 */  addiu   $a1, $s0, 0x0268           ## $a1 = 00000268
/* 00518 809EE9F8 3C060600 */  lui     $a2, 0x0600                ## $a2 = 06000000
/* 0051C 809EE9FC 3C070600 */  lui     $a3, 0x0600                ## $a3 = 06000000
/* 00520 809EEA00 260D040C */  addiu   $t5, $s0, 0x040C           ## $t5 = 0000040C
/* 00524 809EEA04 260E0484 */  addiu   $t6, $s0, 0x0484           ## $t6 = 00000484
/* 00528 809EEA08 240F0014 */  addiu   $t7, $zero, 0x0014         ## $t7 = 00000014
/* 0052C 809EEA0C AFAF0018 */  sw      $t7, 0x0018($sp)           
/* 00530 809EEA10 AFAE0014 */  sw      $t6, 0x0014($sp)           
/* 00534 809EEA14 AFAD0010 */  sw      $t5, 0x0010($sp)           
/* 00538 809EEA18 24E76484 */  addiu   $a3, $a3, 0x6484           ## $a3 = 06006484
/* 0053C 809EEA1C 24C66378 */  addiu   $a2, $a2, 0x6378           ## $a2 = 06006378
/* 00540 809EEA20 02202025 */  or      $a0, $s1, $zero            ## $a0 = 00000000
/* 00544 809EEA24 0C04DACC */  jal     func_80136B30              
/* 00548 809EEA28 260503C8 */  addiu   $a1, $s0, 0x03C8           ## $a1 = 000003C8
/* 0054C 809EEA2C 3C040600 */  lui     $a0, 0x0600                ## $a0 = 06000000
/* 00550 809EEA30 0C04D1D2 */  jal     func_80134748              
/* 00554 809EEA34 24846484 */  addiu   $a0, $a0, 0x6484           ## $a0 = 06006484
/* 00558 809EEA38 44822000 */  mtc1    $v0, $f4                   ## $f4 = 0.00
/* 0055C 809EEA3C 3C07809F */  lui     $a3, %hi(D_809F1B74)       ## $a3 = 809F0000
/* 00560 809EEA40 261801E8 */  addiu   $t8, $s0, 0x01E8           ## $t8 = 000001E8
/* 00564 809EEA44 468021A0 */  cvt.s.w $f6, $f4                   
/* 00568 809EEA48 24E71B74 */  addiu   $a3, $a3, %lo(D_809F1B74)  ## $a3 = 809F1B74
/* 0056C 809EEA4C 02202025 */  or      $a0, $s1, $zero            ## $a0 = 00000000
/* 00570 809EEA50 260501C8 */  addiu   $a1, $s0, 0x01C8           ## $a1 = 000001C8
/* 00574 809EEA54 02003025 */  or      $a2, $s0, $zero            ## $a2 = 00000000
/* 00578 809EEA58 E60604FC */  swc1    $f6, 0x04FC($s0)           ## 000004FC
/* 0057C 809EEA5C 0C0383C5 */  jal     func_800E0F14              
/* 00580 809EEA60 AFB80010 */  sw      $t8, 0x0010($sp)           
/* 00584 809EEA64 3C07809F */  lui     $a3, %hi(D_809F1BA8)       ## $a3 = 809F0000
/* 00588 809EEA68 26190388 */  addiu   $t9, $s0, 0x0388           ## $t9 = 00000388
/* 0058C 809EEA6C AFB90010 */  sw      $t9, 0x0010($sp)           
/* 00590 809EEA70 24E71BA8 */  addiu   $a3, $a3, %lo(D_809F1BA8)  ## $a3 = 809F1BA8
/* 00594 809EEA74 02202025 */  or      $a0, $s1, $zero            ## $a0 = 00000000
/* 00598 809EEA78 26050368 */  addiu   $a1, $s0, 0x0368           ## $a1 = 00000368
/* 0059C 809EEA7C 0C0383C5 */  jal     func_800E0F14              
/* 005A0 809EEA80 02003025 */  or      $a2, $s0, $zero            ## $a2 = 00000000
/* 005A4 809EEA84 3C06800B */  lui     $a2, 0x800B                ## $a2 = 800B0000
/* 005A8 809EEA88 24C63FC0 */  addiu   $a2, $a2, 0x3FC0           ## $a2 = 800B3FC0
/* 005AC 809EEA8C 260400BC */  addiu   $a0, $s0, 0x00BC           ## $a0 = 000000BC
/* 005B0 809EEA90 24050000 */  addiu   $a1, $zero, 0x0000         ## $a1 = 00000000
/* 005B4 809EEA94 0C02CEE9 */  jal     func_800B3BA4              
/* 005B8 809EEA98 3C0741F0 */  lui     $a3, 0x41F0                ## $a3 = 41F00000
/* 005BC 809EEA9C 3C08809F */  lui     $t0, %hi(D_809F1C00)       ## $t0 = 809F0000
/* 005C0 809EEAA0 25081C00 */  addiu   $t0, $t0, %lo(D_809F1C00)  ## $t0 = 809F1C00
/* 005C4 809EEAA4 1000006D */  beq     $zero, $zero, .L809EEC5C   
/* 005C8 809EEAA8 AE0800A0 */  sw      $t0, 0x00A0($s0)           ## 000000A0
.L809EEAAC:
/* 005CC 809EEAAC 24010004 */  addiu   $at, $zero, 0x0004         ## $at = 00000004
/* 005D0 809EEAB0 14410027 */  bne     $v0, $at, .L809EEB50       
/* 005D4 809EEAB4 02002025 */  or      $a0, $s0, $zero            ## $a0 = 00000000
/* 005D8 809EEAB8 0C27C033 */  jal     func_809F00CC              
/* 005DC 809EEABC 02202825 */  or      $a1, $s1, $zero            ## $a1 = 00000000
/* 005E0 809EEAC0 2409005A */  addiu   $t1, $zero, 0x005A         ## $t1 = 0000005A
/* 005E4 809EEAC4 A20900B6 */  sb      $t1, 0x00B6($s0)           ## 000000B6
/* 005E8 809EEAC8 3C060600 */  lui     $a2, 0x0600                ## $a2 = 06000000
/* 005EC 809EEACC 3C070600 */  lui     $a3, 0x0600                ## $a3 = 06000000
/* 005F0 809EEAD0 260A040C */  addiu   $t2, $s0, 0x040C           ## $t2 = 0000040C
/* 005F4 809EEAD4 260B0484 */  addiu   $t3, $s0, 0x0484           ## $t3 = 00000484
/* 005F8 809EEAD8 240C0014 */  addiu   $t4, $zero, 0x0014         ## $t4 = 00000014
/* 005FC 809EEADC AFAC0018 */  sw      $t4, 0x0018($sp)           
/* 00600 809EEAE0 AFAB0014 */  sw      $t3, 0x0014($sp)           
/* 00604 809EEAE4 AFAA0010 */  sw      $t2, 0x0010($sp)           
/* 00608 809EEAE8 24E76484 */  addiu   $a3, $a3, 0x6484           ## $a3 = 06006484
/* 0060C 809EEAEC 24C66378 */  addiu   $a2, $a2, 0x6378           ## $a2 = 06006378
/* 00610 809EEAF0 02202025 */  or      $a0, $s1, $zero            ## $a0 = 00000000
/* 00614 809EEAF4 0C04DACC */  jal     func_80136B30              
/* 00618 809EEAF8 260503C8 */  addiu   $a1, $s0, 0x03C8           ## $a1 = 000003C8
/* 0061C 809EEAFC 3C07809F */  lui     $a3, %hi(D_809F1BDC)       ## $a3 = 809F0000
/* 00620 809EEB00 260D0388 */  addiu   $t5, $s0, 0x0388           ## $t5 = 00000388
/* 00624 809EEB04 AFAD0010 */  sw      $t5, 0x0010($sp)           
/* 00628 809EEB08 24E71BDC */  addiu   $a3, $a3, %lo(D_809F1BDC)  ## $a3 = 809F1BDC
/* 0062C 809EEB0C 02202025 */  or      $a0, $s1, $zero            ## $a0 = 00000000
/* 00630 809EEB10 26050368 */  addiu   $a1, $s0, 0x0368           ## $a1 = 00000368
/* 00634 809EEB14 0C0383C5 */  jal     func_800E0F14              
/* 00638 809EEB18 02003025 */  or      $a2, $s0, $zero            ## $a2 = 00000000
/* 0063C 809EEB1C 3C06800B */  lui     $a2, 0x800B                ## $a2 = 800B0000
/* 00640 809EEB20 24C63FC0 */  addiu   $a2, $a2, 0x3FC0           ## $a2 = 800B3FC0
/* 00644 809EEB24 260400BC */  addiu   $a0, $s0, 0x00BC           ## $a0 = 000000BC
/* 00648 809EEB28 24050000 */  addiu   $a1, $zero, 0x0000         ## $a1 = 00000000
/* 0064C 809EEB2C 0C02CEE9 */  jal     func_800B3BA4              
/* 00650 809EEB30 3C0741F0 */  lui     $a3, 0x41F0                ## $a3 = 41F00000
/* 00654 809EEB34 8E0F0004 */  lw      $t7, 0x0004($s0)           ## 00000004
/* 00658 809EEB38 3C0E809F */  lui     $t6, %hi(D_809F1C20)       ## $t6 = 809F0000
/* 0065C 809EEB3C 25CE1C20 */  addiu   $t6, $t6, %lo(D_809F1C20)  ## $t6 = 809F1C20
/* 00660 809EEB40 35F80030 */  ori     $t8, $t7, 0x0030           ## $t8 = 00000030
/* 00664 809EEB44 AE0E00A0 */  sw      $t6, 0x00A0($s0)           ## 000000A0
/* 00668 809EEB48 10000044 */  beq     $zero, $zero, .L809EEC5C   
/* 0066C 809EEB4C AE180004 */  sw      $t8, 0x0004($s0)           ## 00000004
.L809EEB50:
/* 00670 809EEB50 2841000A */  slti    $at, $v0, 0x000A           
/* 00674 809EEB54 14200041 */  bne     $at, $zero, .L809EEC5C     
/* 00678 809EEB58 02202025 */  or      $a0, $s1, $zero            ## $a0 = 00000000
/* 0067C 809EEB5C 3C060600 */  lui     $a2, 0x0600                ## $a2 = 06000000
/* 00680 809EEB60 3C070600 */  lui     $a3, 0x0600                ## $a3 = 06000000
/* 00684 809EEB64 2619040C */  addiu   $t9, $s0, 0x040C           ## $t9 = 0000040C
/* 00688 809EEB68 26080484 */  addiu   $t0, $s0, 0x0484           ## $t0 = 00000484
/* 0068C 809EEB6C 24090014 */  addiu   $t1, $zero, 0x0014         ## $t1 = 00000014
/* 00690 809EEB70 AFA90018 */  sw      $t1, 0x0018($sp)           
/* 00694 809EEB74 AFA80014 */  sw      $t0, 0x0014($sp)           
/* 00698 809EEB78 AFB90010 */  sw      $t9, 0x0010($sp)           
/* 0069C 809EEB7C 24E76484 */  addiu   $a3, $a3, 0x6484           ## $a3 = 06006484
/* 006A0 809EEB80 24C66378 */  addiu   $a2, $a2, 0x6378           ## $a2 = 06006378
/* 006A4 809EEB84 0C04DACC */  jal     func_80136B30              
/* 006A8 809EEB88 260503C8 */  addiu   $a1, $s0, 0x03C8           ## $a1 = 000003C8
/* 006AC 809EEB8C 44804000 */  mtc1    $zero, $f8                 ## $f8 = 0.00
/* 006B0 809EEB90 3C014700 */  lui     $at, 0x4700                ## $at = 47000000
/* 006B4 809EEB94 44816000 */  mtc1    $at, $f12                  ## $f12 = 32768.00
/* 006B8 809EEB98 0C05E565 */  jal     func_80179594              
/* 006BC 809EEB9C E6080074 */  swc1    $f8, 0x0074($s0)           ## 00000074
/* 006C0 809EEBA0 4600028D */  trunc.w.s $f10, $f0                  
/* 006C4 809EEBA4 3C014040 */  lui     $at, 0x4040                ## $at = 40400000
/* 006C8 809EEBA8 44816000 */  mtc1    $at, $f12                  ## $f12 = 3.00
/* 006CC 809EEBAC 440B5000 */  mfc1    $t3, $f10                  
/* 006D0 809EEBB0 0C05E565 */  jal     func_80179594              
/* 006D4 809EEBB4 A60B0032 */  sh      $t3, 0x0032($s0)           ## 00000032
/* 006D8 809EEBB8 3C014040 */  lui     $at, 0x4040                ## $at = 40400000
/* 006DC 809EEBBC 44818000 */  mtc1    $at, $f16                  ## $f16 = 3.00
/* 006E0 809EEBC0 3C013FC0 */  lui     $at, 0x3FC0                ## $at = 3FC00000
/* 006E4 809EEBC4 44816000 */  mtc1    $at, $f12                  ## $f12 = 1.50
/* 006E8 809EEBC8 46100480 */  add.s   $f18, $f0, $f16            
/* 006EC 809EEBCC 0C05E565 */  jal     func_80179594              
/* 006F0 809EEBD0 E6120070 */  swc1    $f18, 0x0070($s0)          ## 00000070
/* 006F4 809EEBD4 3C013FC0 */  lui     $at, 0x3FC0                ## $at = 3FC00000
/* 006F8 809EEBD8 44812000 */  mtc1    $at, $f4                   ## $f4 = 1.50
/* 006FC 809EEBDC 3C01442F */  lui     $at, 0x442F                ## $at = 442F0000
/* 00700 809EEBE0 44816000 */  mtc1    $at, $f12                  ## $f12 = 700.00
/* 00704 809EEBE4 46040180 */  add.s   $f6, $f0, $f4              
/* 00708 809EEBE8 0C05E570 */  jal     func_801795C0              
/* 0070C 809EEBEC E6060068 */  swc1    $f6, 0x0068($s0)           ## 00000068
/* 00710 809EEBF0 4600020D */  trunc.w.s $f8, $f0                   
/* 00714 809EEBF4 3C01809F */  lui     $at, %hi(D_809F1D28)       ## $at = 809F0000
/* 00718 809EEBF8 440D4000 */  mfc1    $t5, $f8                   
/* 0071C 809EEBFC 00000000 */  nop
/* 00720 809EEC00 A60D0500 */  sh      $t5, 0x0500($s0)           ## 00000500
/* 00724 809EEC04 0C05E570 */  jal     func_801795C0              
/* 00728 809EEC08 C42C1D28 */  lwc1    $f12, %lo(D_809F1D28)($at) 
/* 0072C 809EEC0C 4600028D */  trunc.w.s $f10, $f0                  
/* 00730 809EEC10 3C0141F0 */  lui     $at, 0x41F0                ## $at = 41F00000
/* 00734 809EEC14 44816000 */  mtc1    $at, $f12                  ## $f12 = 30.00
/* 00738 809EEC18 440F5000 */  mfc1    $t7, $f10                  
/* 0073C 809EEC1C 0C05E565 */  jal     func_80179594              
/* 00740 809EEC20 A60F0502 */  sh      $t7, 0x0502($s0)           ## 00000502
/* 00744 809EEC24 3C014248 */  lui     $at, 0x4248                ## $at = 42480000
/* 00748 809EEC28 44818000 */  mtc1    $at, $f16                  ## $f16 = 50.00
/* 0074C 809EEC2C 8E080004 */  lw      $t0, 0x0004($s0)           ## 00000004
/* 00750 809EEC30 2401FFFE */  addiu   $at, $zero, 0xFFFE         ## $at = FFFFFFFE
/* 00754 809EEC34 46100480 */  add.s   $f18, $f0, $f16            
/* 00758 809EEC38 3C0A809F */  lui     $t2, %hi(func_809F0B0C)    ## $t2 = 809F0000
/* 0075C 809EEC3C 254A0B0C */  addiu   $t2, $t2, %lo(func_809F0B0C) ## $t2 = 809F0B0C
/* 00760 809EEC40 01014824 */  and     $t1, $t0, $at              
/* 00764 809EEC44 4600910D */  trunc.w.s $f4, $f18                  
/* 00768 809EEC48 AE090004 */  sw      $t1, 0x0004($s0)           ## 00000004
/* 0076C 809EEC4C AE0A0170 */  sw      $t2, 0x0170($s0)           ## 00000170
/* 00770 809EEC50 44192000 */  mfc1    $t9, $f4                   
/* 00774 809EEC54 00000000 */  nop
/* 00778 809EEC58 A6190162 */  sh      $t9, 0x0162($s0)           ## 00000162
.L809EEC5C:
/* 0077C 809EEC5C 8FBF002C */  lw      $ra, 0x002C($sp)           
.L809EEC60:
/* 00780 809EEC60 8FB00024 */  lw      $s0, 0x0024($sp)           
/* 00784 809EEC64 8FB10028 */  lw      $s1, 0x0028($sp)           
/* 00788 809EEC68 03E00008 */  jr      $ra                        
/* 0078C 809EEC6C 27BD0040 */  addiu   $sp, $sp, 0x0040           ## $sp = 00000000


glabel func_809EEC70
/* 00790 809EEC70 27BDFFE8 */  addiu   $sp, $sp, 0xFFE8           ## $sp = FFFFFFE8
/* 00794 809EEC74 AFBF0014 */  sw      $ra, 0x0014($sp)           
/* 00798 809EEC78 AFA5001C */  sw      $a1, 0x001C($sp)           
/* 0079C 809EEC7C 00803825 */  or      $a3, $a0, $zero            ## $a3 = 00000000
/* 007A0 809EEC80 84E2001C */  lh      $v0, 0x001C($a3)           ## 0000001C
/* 007A4 809EEC84 8FA4001C */  lw      $a0, 0x001C($sp)           
/* 007A8 809EEC88 24010002 */  addiu   $at, $zero, 0x0002         ## $at = 00000002
/* 007AC 809EEC8C 10410005 */  beq     $v0, $at, .L809EECA4       
/* 007B0 809EEC90 24850880 */  addiu   $a1, $a0, 0x0880           ## $a1 = 00000880
/* 007B4 809EEC94 10400003 */  beq     $v0, $zero, .L809EECA4     
/* 007B8 809EEC98 24010001 */  addiu   $at, $zero, 0x0001         ## $at = 00000001
/* 007BC 809EEC9C 54410004 */  bnel    $v0, $at, .L809EECB0       
/* 007C0 809EECA0 8FBF0014 */  lw      $ra, 0x0014($sp)           
.L809EECA4:
/* 007C4 809EECA4 0C031933 */  jal     func_800C64CC              
/* 007C8 809EECA8 8CE60144 */  lw      $a2, 0x0144($a3)           ## 00000144
/* 007CC 809EECAC 8FBF0014 */  lw      $ra, 0x0014($sp)           
.L809EECB0:
/* 007D0 809EECB0 27BD0018 */  addiu   $sp, $sp, 0x0018           ## $sp = 00000000
/* 007D4 809EECB4 03E00008 */  jr      $ra                        
/* 007D8 809EECB8 00000000 */  nop


glabel func_809EECBC
/* 007DC 809EECBC 27BDFFE8 */  addiu   $sp, $sp, 0xFFE8           ## $sp = FFFFFFE8
/* 007E0 809EECC0 AFBF0014 */  sw      $ra, 0x0014($sp)           
/* 007E4 809EECC4 00803025 */  or      $a2, $a0, $zero            ## $a2 = 00000000
/* 007E8 809EECC8 00A03825 */  or      $a3, $a1, $zero            ## $a3 = 00000000
/* 007EC 809EECCC 84CE016C */  lh      $t6, 0x016C($a2)           ## 0000016C
/* 007F0 809EECD0 00001025 */  or      $v0, $zero, $zero          ## $v0 = 00000000
/* 007F4 809EECD4 24040080 */  addiu   $a0, $zero, 0x0080         ## $a0 = 00000080
/* 007F8 809EECD8 55C00039 */  bnel    $t6, $zero, .L809EEDC0     
/* 007FC 809EECDC 00001025 */  or      $v0, $zero, $zero          ## $v0 = 00000000
/* 00800 809EECE0 8CC301E4 */  lw      $v1, 0x01E4($a2)           ## 000001E4
.L809EECE4:
/* 00804 809EECE4 906F0016 */  lbu     $t7, 0x0016($v1)           ## 00000016
/* 00808 809EECE8 24420040 */  addiu   $v0, $v0, 0x0040           ## $v0 = 00000040
/* 0080C 809EECEC 31F80002 */  andi    $t8, $t7, 0x0002           ## $t8 = 00000000
/* 00810 809EECF0 13000013 */  beq     $t8, $zero, .L809EED40     
/* 00814 809EECF4 00000000 */  nop
/* 00818 809EECF8 90C200B9 */  lbu     $v0, 0x00B9($a2)           ## 000000B9
/* 0081C 809EECFC 24010002 */  addiu   $at, $zero, 0x0002         ## $at = 00000002
/* 00820 809EED00 10410007 */  beq     $v0, $at, .L809EED20       
/* 00824 809EED04 24010003 */  addiu   $at, $zero, 0x0003         ## $at = 00000003
/* 00828 809EED08 10410007 */  beq     $v0, $at, .L809EED28       
/* 0082C 809EED0C 24010004 */  addiu   $at, $zero, 0x0004         ## $at = 00000004
/* 00830 809EED10 10410007 */  beq     $v0, $at, .L809EED30       
/* 00834 809EED14 00000000 */  nop
/* 00838 809EED18 10000029 */  beq     $zero, $zero, .L809EEDC0   
/* 0083C 809EED1C 2402000A */  addiu   $v0, $zero, 0x000A         ## $v0 = 0000000A
.L809EED20:
/* 00840 809EED20 10000027 */  beq     $zero, $zero, .L809EEDC0   
/* 00844 809EED24 2402000B */  addiu   $v0, $zero, 0x000B         ## $v0 = 0000000B
.L809EED28:
/* 00848 809EED28 10000025 */  beq     $zero, $zero, .L809EEDC0   
/* 0084C 809EED2C 24020014 */  addiu   $v0, $zero, 0x0014         ## $v0 = 00000014
.L809EED30:
/* 00850 809EED30 10000023 */  beq     $zero, $zero, .L809EEDC0   
/* 00854 809EED34 2402001E */  addiu   $v0, $zero, 0x001E         ## $v0 = 0000001E
/* 00858 809EED38 10000021 */  beq     $zero, $zero, .L809EEDC0   
/* 0085C 809EED3C 2402000A */  addiu   $v0, $zero, 0x000A         ## $v0 = 0000000A
.L809EED40:
/* 00860 809EED40 1444FFE8 */  bne     $v0, $a0, .L809EECE4       
/* 00864 809EED44 24630040 */  addiu   $v1, $v1, 0x0040           ## $v1 = 00000040
/* 00868 809EED48 8CD90384 */  lw      $t9, 0x0384($a2)           ## 00000384
/* 0086C 809EED4C 93280016 */  lbu     $t0, 0x0016($t9)           ## 00000016
/* 00870 809EED50 31090002 */  andi    $t1, $t0, 0x0002           ## $t1 = 00000000
/* 00874 809EED54 5120001A */  beql    $t1, $zero, .L809EEDC0     
/* 00878 809EED58 00001025 */  or      $v0, $zero, $zero          ## $v0 = 00000000
/* 0087C 809EED5C 90C200B8 */  lbu     $v0, 0x00B8($a2)           ## 000000B8
/* 00880 809EED60 90CA00B7 */  lbu     $t2, 0x00B7($a2)           ## 000000B7
/* 00884 809EED64 00C02025 */  or      $a0, $a2, $zero            ## $a0 = 00000000
/* 00888 809EED68 24053807 */  addiu   $a1, $zero, 0x3807         ## $a1 = 00003807
/* 0088C 809EED6C 01425823 */  subu    $t3, $t2, $v0              
/* 00890 809EED70 A0CB00B7 */  sb      $t3, 0x00B7($a2)           ## 000000B7
/* 00894 809EED74 80CC00B7 */  lb      $t4, 0x00B7($a2)           ## 000000B7
/* 00898 809EED78 1D800006 */  bgtz    $t4, .L809EED94            
/* 0089C 809EED7C 00000000 */  nop
/* 008A0 809EED80 00E02025 */  or      $a0, $a3, $zero            ## $a0 = 00000000
/* 008A4 809EED84 0C02EEA2 */  jal     func_800BBA88              
/* 008A8 809EED88 00C02825 */  or      $a1, $a2, $zero            ## $a1 = 00000000
/* 008AC 809EED8C 1000000C */  beq     $zero, $zero, .L809EEDC0   
/* 008B0 809EED90 24020002 */  addiu   $v0, $zero, 0x0002         ## $v0 = 00000002
.L809EED94:
/* 008B4 809EED94 0C02E3B2 */  jal     func_800B8EC8              
/* 008B8 809EED98 AFA60018 */  sw      $a2, 0x0018($sp)           
/* 008BC 809EED9C 8FA60018 */  lw      $a2, 0x0018($sp)           
/* 008C0 809EEDA0 240D000F */  addiu   $t5, $zero, 0x000F         ## $t5 = 0000000F
/* 008C4 809EEDA4 240E001E */  addiu   $t6, $zero, 0x001E         ## $t6 = 0000001E
/* 008C8 809EEDA8 00001025 */  or      $v0, $zero, $zero          ## $v0 = 00000000
/* 008CC 809EEDAC A4CD016C */  sh      $t5, 0x016C($a2)           ## 0000016C
/* 008D0 809EEDB0 A0C0015C */  sb      $zero, 0x015C($a2)         ## 0000015C
/* 008D4 809EEDB4 10000002 */  beq     $zero, $zero, .L809EEDC0   
/* 008D8 809EEDB8 A4CE0162 */  sh      $t6, 0x0162($a2)           ## 00000162
/* 008DC 809EEDBC 00001025 */  or      $v0, $zero, $zero          ## $v0 = 00000000
.L809EEDC0:
/* 008E0 809EEDC0 8FBF0014 */  lw      $ra, 0x0014($sp)           
/* 008E4 809EEDC4 27BD0018 */  addiu   $sp, $sp, 0x0018           ## $sp = 00000000
/* 008E8 809EEDC8 03E00008 */  jr      $ra                        
/* 008EC 809EEDCC 00000000 */  nop


glabel func_809EEDD0
/* 008F0 809EEDD0 AFA50004 */  sw      $a1, 0x0004($sp)           
/* 008F4 809EEDD4 3C0E809F */  lui     $t6, %hi(func_809EEDE8)    ## $t6 = 809F0000
/* 008F8 809EEDD8 25CEEDE8 */  addiu   $t6, $t6, %lo(func_809EEDE8) ## $t6 = 809EEDE8
/* 008FC 809EEDDC AC8E0170 */  sw      $t6, 0x0170($a0)           ## 00000170
/* 00900 809EEDE0 03E00008 */  jr      $ra                        
/* 00904 809EEDE4 00000000 */  nop


glabel func_809EEDE8
/* 00908 809EEDE8 27BDFEF0 */  addiu   $sp, $sp, 0xFEF0           ## $sp = FFFFFEF0
/* 0090C 809EEDEC AFB2003C */  sw      $s2, 0x003C($sp)           
/* 00910 809EEDF0 00809025 */  or      $s2, $a0, $zero            ## $s2 = 00000000
/* 00914 809EEDF4 AFBF0054 */  sw      $ra, 0x0054($sp)           
/* 00918 809EEDF8 AFB70050 */  sw      $s7, 0x0050($sp)           
/* 0091C 809EEDFC AFB6004C */  sw      $s6, 0x004C($sp)           
/* 00920 809EEE00 AFB50048 */  sw      $s5, 0x0048($sp)           
/* 00924 809EEE04 AFB40044 */  sw      $s4, 0x0044($sp)           
/* 00928 809EEE08 AFB30040 */  sw      $s3, 0x0040($sp)           
/* 0092C 809EEE0C AFB10038 */  sw      $s1, 0x0038($sp)           
/* 00930 809EEE10 AFB00034 */  sw      $s0, 0x0034($sp)           
/* 00934 809EEE14 AFA50114 */  sw      $a1, 0x0114($sp)           
/* 00938 809EEE18 8FAE0114 */  lw      $t6, 0x0114($sp)           
/* 0093C 809EEE1C 24180008 */  addiu   $t8, $zero, 0x0008         ## $t8 = 00000008
/* 00940 809EEE20 24010003 */  addiu   $at, $zero, 0x0003         ## $at = 00000003
/* 00944 809EEE24 8DCF1CCC */  lw      $t7, 0x1CCC($t6)           ## 00001CCC
/* 00948 809EEE28 A3A00103 */  sb      $zero, 0x0103($sp)         
/* 0094C 809EEE2C 00009825 */  or      $s3, $zero, $zero          ## $s3 = 00000000
/* 00950 809EEE30 AFAF0108 */  sw      $t7, 0x0108($sp)           
/* 00954 809EEE34 92420174 */  lbu     $v0, 0x0174($s2)           ## 00000174
/* 00958 809EEE38 A258011F */  sb      $t8, 0x011F($s2)           ## 0000011F
/* 0095C 809EEE3C 00008025 */  or      $s0, $zero, $zero          ## $s0 = 00000000
/* 00960 809EEE40 14400024 */  bne     $v0, $zero, .L809EEED4     
/* 00964 809EEE44 27B100D8 */  addiu   $s1, $sp, 0x00D8           ## $s1 = FFFFFFC8
/* 00968 809EEE48 241903E8 */  addiu   $t9, $zero, 0x03E8         ## $t9 = 000003E8
/* 0096C 809EEE4C 24093E80 */  addiu   $t1, $zero, 0x3E80         ## $t1 = 00003E80
/* 00970 809EEE50 240A07D0 */  addiu   $t2, $zero, 0x07D0         ## $t2 = 000007D0
/* 00974 809EEE54 240B05DC */  addiu   $t3, $zero, 0x05DC         ## $t3 = 000005DC
/* 00978 809EEE58 240C1770 */  addiu   $t4, $zero, 0x1770         ## $t4 = 00001770
/* 0097C 809EEE5C 240D0BB8 */  addiu   $t5, $zero, 0x0BB8         ## $t5 = 00000BB8
/* 00980 809EEE60 240E0514 */  addiu   $t6, $zero, 0x0514         ## $t6 = 00000514
/* 00984 809EEE64 240F5208 */  addiu   $t7, $zero, 0x5208         ## $t7 = 00005208
/* 00988 809EEE68 24180DAC */  addiu   $t8, $zero, 0x0DAC         ## $t8 = 00000DAC
/* 0098C 809EEE6C AFB900D4 */  sw      $t9, 0x00D4($sp)           
/* 00990 809EEE70 AFA900D0 */  sw      $t1, 0x00D0($sp)           
/* 00994 809EEE74 AFAA00CC */  sw      $t2, 0x00CC($sp)           
/* 00998 809EEE78 AFAB00C8 */  sw      $t3, 0x00C8($sp)           
/* 0099C 809EEE7C AFAC00C4 */  sw      $t4, 0x00C4($sp)           
/* 009A0 809EEE80 AFAD00C0 */  sw      $t5, 0x00C0($sp)           
/* 009A4 809EEE84 AFAE00BC */  sw      $t6, 0x00BC($sp)           
/* 009A8 809EEE88 AFAF00B8 */  sw      $t7, 0x00B8($sp)           
/* 009AC 809EEE8C AFB800B4 */  sw      $t8, 0x00B4($sp)           
/* 009B0 809EEE90 8659016C */  lh      $t9, 0x016C($s2)           ## 0000016C
/* 009B4 809EEE94 2416000A */  addiu   $s6, $zero, 0x000A         ## $s6 = 0000000A
/* 009B8 809EEE98 24170300 */  addiu   $s7, $zero, 0x0300         ## $s7 = 00000300
/* 009BC 809EEE9C 1320002E */  beq     $t9, $zero, .L809EEF58     
/* 009C0 809EEEA0 24091B58 */  addiu   $t1, $zero, 0x1B58         ## $t1 = 00001B58
/* 009C4 809EEEA4 240A1770 */  addiu   $t2, $zero, 0x1770         ## $t2 = 00001770
/* 009C8 809EEEA8 240B1770 */  addiu   $t3, $zero, 0x1770         ## $t3 = 00001770
/* 009CC 809EEEAC 240C1C84 */  addiu   $t4, $zero, 0x1C84         ## $t4 = 00001C84
/* 009D0 809EEEB0 240D1964 */  addiu   $t5, $zero, 0x1964         ## $t5 = 00001964
/* 009D4 809EEEB4 AFA900D4 */  sw      $t1, 0x00D4($sp)           
/* 009D8 809EEEB8 AFAA00CC */  sw      $t2, 0x00CC($sp)           
/* 009DC 809EEEBC AFAB00C0 */  sw      $t3, 0x00C0($sp)           
/* 009E0 809EEEC0 AFAC00BC */  sw      $t4, 0x00BC($sp)           
/* 009E4 809EEEC4 AFAD00B4 */  sw      $t5, 0x00B4($sp)           
/* 009E8 809EEEC8 24160001 */  addiu   $s6, $zero, 0x0001         ## $s6 = 00000001
/* 009EC 809EEECC 10000022 */  beq     $zero, $zero, .L809EEF58   
/* 009F0 809EEED0 24171000 */  addiu   $s7, $zero, 0x1000         ## $s7 = 00001000
.L809EEED4:
/* 009F4 809EEED4 14410016 */  bne     $v0, $at, .L809EEF30       
/* 009F8 809EEED8 0000B825 */  or      $s7, $zero, $zero          ## $s7 = 00000000
/* 009FC 809EEEDC 240E1B58 */  addiu   $t6, $zero, 0x1B58         ## $t6 = 00001B58
/* 00A00 809EEEE0 240F3E80 */  addiu   $t7, $zero, 0x3E80         ## $t7 = 00003E80
/* 00A04 809EEEE4 24181388 */  addiu   $t8, $zero, 0x1388         ## $t8 = 00001388
/* 00A08 809EEEE8 241905DC */  addiu   $t9, $zero, 0x05DC         ## $t9 = 000005DC
/* 00A0C 809EEEEC 24092328 */  addiu   $t1, $zero, 0x2328         ## $t1 = 00002328
/* 00A10 809EEEF0 240A1388 */  addiu   $t2, $zero, 0x1388         ## $t2 = 00001388
/* 00A14 809EEEF4 240B1C84 */  addiu   $t3, $zero, 0x1C84         ## $t3 = 00001C84
/* 00A18 809EEEF8 240C5208 */  addiu   $t4, $zero, 0x5208         ## $t4 = 00005208
/* 00A1C 809EEEFC 240D157C */  addiu   $t5, $zero, 0x157C         ## $t5 = 0000157C
/* 00A20 809EEF00 AFAE00D4 */  sw      $t6, 0x00D4($sp)           
/* 00A24 809EEF04 AFAF00D0 */  sw      $t7, 0x00D0($sp)           
/* 00A28 809EEF08 AFB800CC */  sw      $t8, 0x00CC($sp)           
/* 00A2C 809EEF0C AFB900C8 */  sw      $t9, 0x00C8($sp)           
/* 00A30 809EEF10 AFA900C4 */  sw      $t1, 0x00C4($sp)           
/* 00A34 809EEF14 AFAA00C0 */  sw      $t2, 0x00C0($sp)           
/* 00A38 809EEF18 AFAB00BC */  sw      $t3, 0x00BC($sp)           
/* 00A3C 809EEF1C AFAC00B8 */  sw      $t4, 0x00B8($sp)           
/* 00A40 809EEF20 AFAD00B4 */  sw      $t5, 0x00B4($sp)           
/* 00A44 809EEF24 24160001 */  addiu   $s6, $zero, 0x0001         ## $s6 = 00000001
/* 00A48 809EEF28 1000000B */  beq     $zero, $zero, .L809EEF58   
/* 00A4C 809EEF2C 24171000 */  addiu   $s7, $zero, 0x1000         ## $s7 = 00001000
.L809EEF30:
/* 00A50 809EEF30 0000B025 */  or      $s6, $zero, $zero          ## $s6 = 00000000
/* 00A54 809EEF34 AFA000B4 */  sw      $zero, 0x00B4($sp)         
/* 00A58 809EEF38 AFA000B8 */  sw      $zero, 0x00B8($sp)         
/* 00A5C 809EEF3C AFA000BC */  sw      $zero, 0x00BC($sp)         
/* 00A60 809EEF40 AFA000C0 */  sw      $zero, 0x00C0($sp)         
/* 00A64 809EEF44 AFA000C4 */  sw      $zero, 0x00C4($sp)         
/* 00A68 809EEF48 AFA000C8 */  sw      $zero, 0x00C8($sp)         
/* 00A6C 809EEF4C AFA000CC */  sw      $zero, 0x00CC($sp)         
/* 00A70 809EEF50 AFA000D0 */  sw      $zero, 0x00D0($sp)         
/* 00A74 809EEF54 AFA000D4 */  sw      $zero, 0x00D4($sp)         
.L809EEF58:
/* 00A78 809EEF58 264E019E */  addiu   $t6, $s2, 0x019E           ## $t6 = 0000019E
/* 00A7C 809EEF5C 264F01A0 */  addiu   $t7, $s2, 0x01A0           ## $t7 = 000001A0
/* 00A80 809EEF60 265801A2 */  addiu   $t8, $s2, 0x01A2           ## $t8 = 000001A2
/* 00A84 809EEF64 AFB8005C */  sw      $t8, 0x005C($sp)           
/* 00A88 809EEF68 AFAF0060 */  sw      $t7, 0x0060($sp)           
/* 00A8C 809EEF6C AFAE006C */  sw      $t6, 0x006C($sp)           
.L809EEF70:
/* 00A90 809EEF70 92420174 */  lbu     $v0, 0x0174($s2)           ## 00000174
/* 00A94 809EEF74 10400003 */  beq     $v0, $zero, .L809EEF84     
/* 00A98 809EEF78 24010003 */  addiu   $at, $zero, 0x0003         ## $at = 00000003
/* 00A9C 809EEF7C 54410065 */  bnel    $v0, $at, .L809EF114       
/* 00AA0 809EEF80 24010001 */  addiu   $at, $zero, 0x0001         ## $at = 00000001
.L809EEF84:
/* 00AA4 809EEF84 8FB900B8 */  lw      $t9, 0x00B8($sp)           
/* 00AA8 809EEF88 8FA900B4 */  lw      $t1, 0x00B4($sp)           
/* 00AAC 809EEF8C 0016A400 */  sll     $s4, $s6, 16               
/* 00AB0 809EEF90 02790019 */  multu   $s3, $t9                   
/* 00AB4 809EEF94 44892000 */  mtc1    $t1, $f4                   ## $f4 = 0.00
/* 00AB8 809EEF98 0017AC00 */  sll     $s5, $s7, 16               
/* 00ABC 809EEF9C 2A610003 */  slti    $at, $s3, 0x0003           
/* 00AC0 809EEFA0 468021A0 */  cvt.s.w $f6, $f4                   
/* 00AC4 809EEFA4 0015AC03 */  sra     $s5, $s5, 16               
/* 00AC8 809EEFA8 0014A403 */  sra     $s4, $s4, 16               
/* 00ACC 809EEFAC 00001012 */  mflo    $v0                        
/* 00AD0 809EEFB0 E7A60070 */  swc1    $f6, 0x0070($sp)           
/* 00AD4 809EEFB4 5020001C */  beql    $at, $zero, .L809EF028     
/* 00AD8 809EEFB8 A6200000 */  sh      $zero, 0x0000($s1)         ## FFFFFFC8
/* 00ADC 809EEFBC A6200002 */  sh      $zero, 0x0002($s1)         ## FFFFFFCA
/* 00AE0 809EEFC0 8FAB00D4 */  lw      $t3, 0x00D4($sp)           
/* 00AE4 809EEFC4 864A0160 */  lh      $t2, 0x0160($s2)           ## 00000160
/* 00AE8 809EEFC8 8FAD00D0 */  lw      $t5, 0x00D0($sp)           
/* 00AEC 809EEFCC 8FAF00CC */  lw      $t7, 0x00CC($sp)           
/* 00AF0 809EEFD0 014B0019 */  multu   $t2, $t3                   
/* 00AF4 809EEFD4 AFA20074 */  sw      $v0, 0x0074($sp)           
/* 00AF8 809EEFD8 448F4000 */  mtc1    $t7, $f8                   ## $f8 = 0.00
/* 00AFC 809EEFDC 00000000 */  nop
/* 00B00 809EEFE0 468042A0 */  cvt.s.w $f10, $f8                  
/* 00B04 809EEFE4 00006012 */  mflo    $t4                        
/* 00B08 809EEFE8 E7AA0080 */  swc1    $f10, 0x0080($sp)          
/* 00B0C 809EEFEC 00000000 */  nop
/* 00B10 809EEFF0 026D0019 */  multu   $s3, $t5                   
/* 00B14 809EEFF4 00007012 */  mflo    $t6                        
/* 00B18 809EEFF8 018E2021 */  addu    $a0, $t4, $t6              
/* 00B1C 809EEFFC 00042400 */  sll     $a0, $a0, 16               
/* 00B20 809EF000 0C03FB61 */  jal     func_800FED84              
/* 00B24 809EF004 00042403 */  sra     $a0, $a0, 16               
/* 00B28 809EF008 C7B00080 */  lwc1    $f16, 0x0080($sp)          
/* 00B2C 809EF00C 8FA20074 */  lw      $v0, 0x0074($sp)           
/* 00B30 809EF010 46100482 */  mul.s   $f18, $f0, $f16            
/* 00B34 809EF014 4600910D */  trunc.w.s $f4, $f18                  
/* 00B38 809EF018 44192000 */  mfc1    $t9, $f4                   
/* 00B3C 809EF01C 1000001B */  beq     $zero, $zero, .L809EF08C   
/* 00B40 809EF020 A6390000 */  sh      $t9, 0x0000($s1)           ## FFFFFFC8
/* 00B44 809EF024 A6200000 */  sh      $zero, 0x0000($s1)         ## FFFFFFC8
.L809EF028:
/* 00B48 809EF028 8FAA00C8 */  lw      $t2, 0x00C8($sp)           
/* 00B4C 809EF02C 86490160 */  lh      $t1, 0x0160($s2)           ## 00000160
/* 00B50 809EF030 8FAD00C4 */  lw      $t5, 0x00C4($sp)           
/* 00B54 809EF034 8FAE00C0 */  lw      $t6, 0x00C0($sp)           
/* 00B58 809EF038 012A0019 */  multu   $t1, $t2                   
/* 00B5C 809EF03C AFA20074 */  sw      $v0, 0x0074($sp)           
/* 00B60 809EF040 448E3000 */  mtc1    $t6, $f6                   ## $f6 = 0.00
/* 00B64 809EF044 00000000 */  nop
/* 00B68 809EF048 46803220 */  cvt.s.w $f8, $f6                   
/* 00B6C 809EF04C 00005812 */  mflo    $t3                        
/* 00B70 809EF050 E7A80080 */  swc1    $f8, 0x0080($sp)           
/* 00B74 809EF054 00000000 */  nop
/* 00B78 809EF058 026D0019 */  multu   $s3, $t5                   
/* 00B7C 809EF05C 00006012 */  mflo    $t4                        
/* 00B80 809EF060 016C2021 */  addu    $a0, $t3, $t4              
/* 00B84 809EF064 00042400 */  sll     $a0, $a0, 16               
/* 00B88 809EF068 0C03FB61 */  jal     func_800FED84              
/* 00B8C 809EF06C 00042403 */  sra     $a0, $a0, 16               
/* 00B90 809EF070 C7AA0080 */  lwc1    $f10, 0x0080($sp)          
/* 00B94 809EF074 8FA20074 */  lw      $v0, 0x0074($sp)           
/* 00B98 809EF078 460A0402 */  mul.s   $f16, $f0, $f10            
/* 00B9C 809EF07C 4600848D */  trunc.w.s $f18, $f16                 
/* 00BA0 809EF080 44189000 */  mfc1    $t8, $f18                  
/* 00BA4 809EF084 00000000 */  nop
/* 00BA8 809EF088 A6380002 */  sh      $t8, 0x0002($s1)           ## FFFFFFCA
.L809EF08C:
/* 00BAC 809EF08C 24010004 */  addiu   $at, $zero, 0x0004         ## $at = 00000004
/* 00BB0 809EF090 12610004 */  beq     $s3, $at, .L809EF0A4       
/* 00BB4 809EF094 8FA900BC */  lw      $t1, 0x00BC($sp)           
/* 00BB8 809EF098 24010006 */  addiu   $at, $zero, 0x0006         ## $at = 00000006
/* 00BBC 809EF09C 1661000F */  bne     $s3, $at, .L809EF0DC       
/* 00BC0 809EF0A0 8FAE00BC */  lw      $t6, 0x00BC($sp)           
.L809EF0A4:
/* 00BC4 809EF0A4 86590160 */  lh      $t9, 0x0160($s2)           ## 00000160
/* 00BC8 809EF0A8 03290019 */  multu   $t9, $t1                   
/* 00BCC 809EF0AC 00005012 */  mflo    $t2                        
/* 00BD0 809EF0B0 01422021 */  addu    $a0, $t2, $v0              
/* 00BD4 809EF0B4 00042400 */  sll     $a0, $a0, 16               
/* 00BD8 809EF0B8 0C03FB61 */  jal     func_800FED84              
/* 00BDC 809EF0BC 00042403 */  sra     $a0, $a0, 16               
/* 00BE0 809EF0C0 C7A40070 */  lwc1    $f4, 0x0070($sp)           
/* 00BE4 809EF0C4 46040082 */  mul.s   $f2, $f0, $f4              
/* 00BE8 809EF0C8 46021180 */  add.s   $f6, $f2, $f2              
/* 00BEC 809EF0CC 4600320D */  trunc.w.s $f8, $f6                   
/* 00BF0 809EF0D0 440B4000 */  mfc1    $t3, $f8                   
/* 00BF4 809EF0D4 1000002D */  beq     $zero, $zero, .L809EF18C   
/* 00BF8 809EF0D8 A62B0004 */  sh      $t3, 0x0004($s1)           ## FFFFFFCC
.L809EF0DC:
/* 00BFC 809EF0DC 864C0160 */  lh      $t4, 0x0160($s2)           ## 00000160
/* 00C00 809EF0E0 018E0019 */  multu   $t4, $t6                   
/* 00C04 809EF0E4 00007812 */  mflo    $t7                        
/* 00C08 809EF0E8 01E22021 */  addu    $a0, $t7, $v0              
/* 00C0C 809EF0EC 00042400 */  sll     $a0, $a0, 16               
/* 00C10 809EF0F0 0C03FB61 */  jal     func_800FED84              
/* 00C14 809EF0F4 00042403 */  sra     $a0, $a0, 16               
/* 00C18 809EF0F8 C7AA0070 */  lwc1    $f10, 0x0070($sp)          
/* 00C1C 809EF0FC 460A0402 */  mul.s   $f16, $f0, $f10            
/* 00C20 809EF100 4600848D */  trunc.w.s $f18, $f16                 
/* 00C24 809EF104 44199000 */  mfc1    $t9, $f18                  
/* 00C28 809EF108 10000020 */  beq     $zero, $zero, .L809EF18C   
/* 00C2C 809EF10C A6390004 */  sh      $t9, 0x0004($s1)           ## FFFFFFCC
/* 00C30 809EF110 24010001 */  addiu   $at, $zero, 0x0001         ## $at = 00000001
.L809EF114:
/* 00C34 809EF114 1441000C */  bne     $v0, $at, .L809EF148       
/* 00C38 809EF118 3C09809F */  lui     $t1, %hi(D_809F1C60)       ## $t1 = 809F0000
/* 00C3C 809EF11C 25291C60 */  addiu   $t1, $t1, %lo(D_809F1C60)  ## $t1 = 809F1C60
/* 00C40 809EF120 02091021 */  addu    $v0, $s0, $t1              
/* 00C44 809EF124 844A0000 */  lh      $t2, 0x0000($v0)           ## 00000000
/* 00C48 809EF128 844D0002 */  lh      $t5, 0x0002($v0)           ## 00000002
/* 00C4C 809EF12C 844B0004 */  lh      $t3, 0x0004($v0)           ## 00000004
/* 00C50 809EF130 24160005 */  addiu   $s6, $zero, 0x0005         ## $s6 = 00000005
/* 00C54 809EF134 24171000 */  addiu   $s7, $zero, 0x1000         ## $s7 = 00001000
/* 00C58 809EF138 A62A0000 */  sh      $t2, 0x0000($s1)           ## FFFFFFC8
/* 00C5C 809EF13C A62D0002 */  sh      $t5, 0x0002($s1)           ## FFFFFFCA
/* 00C60 809EF140 1000000E */  beq     $zero, $zero, .L809EF17C   
/* 00C64 809EF144 A62B0004 */  sh      $t3, 0x0004($s1)           ## FFFFFFCC
.L809EF148:
/* 00C68 809EF148 24010002 */  addiu   $at, $zero, 0x0002         ## $at = 00000002
/* 00C6C 809EF14C 1441000B */  bne     $v0, $at, .L809EF17C       
/* 00C70 809EF150 3C0C809F */  lui     $t4, %hi(D_809F1C8C)       ## $t4 = 809F0000
/* 00C74 809EF154 258C1C8C */  addiu   $t4, $t4, %lo(D_809F1C8C)  ## $t4 = 809F1C8C
/* 00C78 809EF158 020C1021 */  addu    $v0, $s0, $t4              
/* 00C7C 809EF15C 844E0000 */  lh      $t6, 0x0000($v0)           ## 00000000
/* 00C80 809EF160 844F0002 */  lh      $t7, 0x0002($v0)           ## 00000002
/* 00C84 809EF164 84580004 */  lh      $t8, 0x0004($v0)           ## 00000004
/* 00C88 809EF168 24160001 */  addiu   $s6, $zero, 0x0001         ## $s6 = 00000001
/* 00C8C 809EF16C 24172000 */  addiu   $s7, $zero, 0x2000         ## $s7 = 00002000
/* 00C90 809EF170 A62E0000 */  sh      $t6, 0x0000($s1)           ## FFFFFFC8
/* 00C94 809EF174 A62F0002 */  sh      $t7, 0x0002($s1)           ## FFFFFFCA
/* 00C98 809EF178 A6380004 */  sh      $t8, 0x0004($s1)           ## FFFFFFCC
.L809EF17C:
/* 00C9C 809EF17C 0016A400 */  sll     $s4, $s6, 16               
/* 00CA0 809EF180 0017AC00 */  sll     $s5, $s7, 16               
/* 00CA4 809EF184 0015AC03 */  sra     $s5, $s5, 16               
/* 00CA8 809EF188 0014A403 */  sra     $s4, $s4, 16               
.L809EF18C:
/* 00CAC 809EF18C 00143400 */  sll     $a2, $s4, 16               
/* 00CB0 809EF190 00153C00 */  sll     $a3, $s5, 16               
/* 00CB4 809EF194 00073C03 */  sra     $a3, $a3, 16               
/* 00CB8 809EF198 00063403 */  sra     $a2, $a2, 16               
/* 00CBC 809EF19C 8FA4006C */  lw      $a0, 0x006C($sp)           
/* 00CC0 809EF1A0 0C03FFF6 */  jal     func_800FFFD8              
/* 00CC4 809EF1A4 86250000 */  lh      $a1, 0x0000($s1)           ## FFFFFFC8
/* 00CC8 809EF1A8 00143400 */  sll     $a2, $s4, 16               
/* 00CCC 809EF1AC 00153C00 */  sll     $a3, $s5, 16               
/* 00CD0 809EF1B0 00073C03 */  sra     $a3, $a3, 16               
/* 00CD4 809EF1B4 00063403 */  sra     $a2, $a2, 16               
/* 00CD8 809EF1B8 8FA40060 */  lw      $a0, 0x0060($sp)           
/* 00CDC 809EF1BC 0C03FFF6 */  jal     func_800FFFD8              
/* 00CE0 809EF1C0 86250002 */  lh      $a1, 0x0002($s1)           ## FFFFFFCA
/* 00CE4 809EF1C4 00143400 */  sll     $a2, $s4, 16               
/* 00CE8 809EF1C8 00153C00 */  sll     $a3, $s5, 16               
/* 00CEC 809EF1CC 00073C03 */  sra     $a3, $a3, 16               
/* 00CF0 809EF1D0 00063403 */  sra     $a2, $a2, 16               
/* 00CF4 809EF1D4 8FA4005C */  lw      $a0, 0x005C($sp)           
/* 00CF8 809EF1D8 0C03FFF6 */  jal     func_800FFFD8              
/* 00CFC 809EF1DC 86250004 */  lh      $a1, 0x0004($s1)           ## FFFFFFCC
/* 00D00 809EF1E0 8FB9006C */  lw      $t9, 0x006C($sp)           
/* 00D04 809EF1E4 8FAA0060 */  lw      $t2, 0x0060($sp)           
/* 00D08 809EF1E8 8FAB005C */  lw      $t3, 0x005C($sp)           
/* 00D0C 809EF1EC 26730001 */  addiu   $s3, $s3, 0x0001           ## $s3 = 00000001
/* 00D10 809EF1F0 2A610007 */  slti    $at, $s3, 0x0007           
/* 00D14 809EF1F4 27290006 */  addiu   $t1, $t9, 0x0006           ## $t1 = 00000006
/* 00D18 809EF1F8 254D0006 */  addiu   $t5, $t2, 0x0006           ## $t5 = 00000006
/* 00D1C 809EF1FC 256C0006 */  addiu   $t4, $t3, 0x0006           ## $t4 = 00000006
/* 00D20 809EF200 AFAC005C */  sw      $t4, 0x005C($sp)           
/* 00D24 809EF204 AFAD0060 */  sw      $t5, 0x0060($sp)           
/* 00D28 809EF208 AFA9006C */  sw      $t1, 0x006C($sp)           
/* 00D2C 809EF20C 26100006 */  addiu   $s0, $s0, 0x0006           ## $s0 = 00000006
/* 00D30 809EF210 1420FF57 */  bne     $at, $zero, .L809EEF70     
/* 00D34 809EF214 26310006 */  addiu   $s1, $s1, 0x0006           ## $s1 = FFFFFFCE
/* 00D38 809EF218 8FAE0108 */  lw      $t6, 0x0108($sp)           
/* 00D3C 809EF21C C6460028 */  lwc1    $f6, 0x0028($s2)           ## 00000028
/* 00D40 809EF220 3C014120 */  lui     $at, 0x4120                ## $at = 41200000
/* 00D44 809EF224 C5C40028 */  lwc1    $f4, 0x0028($t6)           ## 00000028
/* 00D48 809EF228 44815000 */  mtc1    $at, $f10                  ## $f10 = 10.00
/* 00D4C 809EF22C 44809000 */  mtc1    $zero, $f18                ## $f18 = 0.00
/* 00D50 809EF230 46062201 */  sub.s   $f8, $f4, $f6              
/* 00D54 809EF234 00143400 */  sll     $a2, $s4, 16               
/* 00D58 809EF238 00153C00 */  sll     $a3, $s5, 16               
/* 00D5C 809EF23C 00073C03 */  sra     $a3, $a3, 16               
/* 00D60 809EF240 460A4400 */  add.s   $f16, $f8, $f10            
/* 00D64 809EF244 00063403 */  sra     $a2, $a2, 16               
/* 00D68 809EF248 264400BE */  addiu   $a0, $s2, 0x00BE           ## $a0 = 000000BE
/* 00D6C 809EF24C 4612803C */  c.lt.s  $f16, $f18                 
/* 00D70 809EF250 E7B000A4 */  swc1    $f16, 0x00A4($sp)          
/* 00D74 809EF254 45020004 */  bc1fl   .L809EF268                 
/* 00D78 809EF258 265003C8 */  addiu   $s0, $s2, 0x03C8           ## $s0 = 000003C8
/* 00D7C 809EF25C 0C03FFF6 */  jal     func_800FFFD8              
/* 00D80 809EF260 86450092 */  lh      $a1, 0x0092($s2)           ## 00000092
/* 00D84 809EF264 265003C8 */  addiu   $s0, $s2, 0x03C8           ## $s0 = 000003C8
.L809EF268:
/* 00D88 809EF268 0C04DB34 */  jal     func_80136CD0              
/* 00D8C 809EF26C 02002025 */  or      $a0, $s0, $zero            ## $a0 = 000003C8
/* 00D90 809EF270 3C01809F */  lui     $at, %hi(D_809F1D2C)       ## $at = 809F0000
/* 00D94 809EF274 C4201D2C */  lwc1    $f0, %lo(D_809F1D2C)($at)  
/* 00D98 809EF278 2651035C */  addiu   $s1, $s2, 0x035C           ## $s1 = 0000035C
/* 00D9C 809EF27C 02202025 */  or      $a0, $s1, $zero            ## $a0 = 0000035C
/* 00DA0 809EF280 44060000 */  mfc1    $a2, $f0                   
/* 00DA4 809EF284 44070000 */  mfc1    $a3, $f0                   
/* 00DA8 809EF288 0C03FF7E */  jal     func_800FFDF8              
/* 00DAC 809EF28C 3C053F80 */  lui     $a1, 0x3F80                ## $a1 = 3F800000
/* 00DB0 809EF290 9243015C */  lbu     $v1, 0x015C($s2)           ## 0000015C
/* 00DB4 809EF294 2413000A */  addiu   $s3, $zero, 0x000A         ## $s3 = 0000000A
/* 00DB8 809EF298 264400BC */  addiu   $a0, $s2, 0x00BC           ## $a0 = 000000BC
/* 00DBC 809EF29C 12630005 */  beq     $s3, $v1, .L809EF2B4       
/* 00DC0 809EF2A0 00002825 */  or      $a1, $zero, $zero          ## $a1 = 00000000
/* 00DC4 809EF2A4 24060014 */  addiu   $a2, $zero, 0x0014         ## $a2 = 00000014
/* 00DC8 809EF2A8 0C03FFF6 */  jal     func_800FFFD8              
/* 00DCC 809EF2AC 24070800 */  addiu   $a3, $zero, 0x0800         ## $a3 = 00000800
/* 00DD0 809EF2B0 9243015C */  lbu     $v1, 0x015C($s2)           ## 0000015C
.L809EF2B4:
/* 00DD4 809EF2B4 1060000B */  beq     $v1, $zero, .L809EF2E4     
/* 00DD8 809EF2B8 3C013F80 */  lui     $at, 0x3F80                ## $at = 3F800000
/* 00DDC 809EF2BC 24010001 */  addiu   $at, $zero, 0x0001         ## $at = 00000001
/* 00DE0 809EF2C0 10610094 */  beq     $v1, $at, .L809EF514       
/* 00DE4 809EF2C4 02002025 */  or      $a0, $s0, $zero            ## $a0 = 000003C8
/* 00DE8 809EF2C8 24010002 */  addiu   $at, $zero, 0x0002         ## $at = 00000002
/* 00DEC 809EF2CC 506100A5 */  beql    $v1, $at, .L809EF564       
/* 00DF0 809EF2D0 864B0160 */  lh      $t3, 0x0160($s2)           ## 00000160
/* 00DF4 809EF2D4 50730055 */  beql    $v1, $s3, .L809EF42C       
/* 00DF8 809EF2D8 86590160 */  lh      $t9, 0x0160($s2)           ## 00000160
/* 00DFC 809EF2DC 100000BC */  beq     $zero, $zero, .L809EF5D0   
/* 00E00 809EF2E0 02402025 */  or      $a0, $s2, $zero            ## $a0 = 00000000
.L809EF2E4:
/* 00E04 809EF2E4 44812000 */  mtc1    $at, $f4                   ## $f4 = 0.00
/* 00E08 809EF2E8 A2400174 */  sb      $zero, 0x0174($s2)         ## 00000174
/* 00E0C 809EF2EC 44804000 */  mtc1    $zero, $f8                 ## $f8 = 0.00
/* 00E10 809EF2F0 E64403E4 */  swc1    $f4, 0x03E4($s2)           ## 000003E4
/* 00E14 809EF2F4 C7A600A4 */  lwc1    $f6, 0x00A4($sp)           
/* 00E18 809EF2F8 8FAF0108 */  lw      $t7, 0x0108($sp)           
/* 00E1C 809EF2FC 24090001 */  addiu   $t1, $zero, 0x0001         ## $t1 = 00000001
/* 00E20 809EF300 4608303C */  c.lt.s  $f6, $f8                   
/* 00E24 809EF304 00000000 */  nop
/* 00E28 809EF308 4500001C */  bc1f    .L809EF37C                 
/* 00E2C 809EF30C 3C014120 */  lui     $at, 0x4120                ## $at = 41200000
/* 00E30 809EF310 44815000 */  mtc1    $at, $f10                  ## $f10 = 10.00
/* 00E34 809EF314 C5F00070 */  lwc1    $f16, 0x0070($t7)          ## 00000070
/* 00E38 809EF318 3C014316 */  lui     $at, 0x4316                ## $at = 43160000
/* 00E3C 809EF31C 4610503C */  c.lt.s  $f10, $f16                 
/* 00E40 809EF320 00000000 */  nop
/* 00E44 809EF324 45020006 */  bc1fl   .L809EF340                 
/* 00E48 809EF328 44811000 */  mtc1    $at, $f2                   ## $f2 = 150.00
/* 00E4C 809EF32C 3C01435C */  lui     $at, 0x435C                ## $at = 435C0000
/* 00E50 809EF330 44811000 */  mtc1    $at, $f2                   ## $f2 = 220.00
/* 00E54 809EF334 10000004 */  beq     $zero, $zero, .L809EF348   
/* 00E58 809EF338 86580162 */  lh      $t8, 0x0162($s2)           ## 00000162
/* 00E5C 809EF33C 44811000 */  mtc1    $at, $f2                   ## $f2 = 220.00
.L809EF340:
/* 00E60 809EF340 00000000 */  nop
/* 00E64 809EF344 86580162 */  lh      $t8, 0x0162($s2)           ## 00000162
.L809EF348:
/* 00E68 809EF348 1700000A */  bne     $t8, $zero, .L809EF374     
/* 00E6C 809EF34C 00000000 */  nop
/* 00E70 809EF350 C6400094 */  lwc1    $f0, 0x0094($s2)           ## 00000094
/* 00E74 809EF354 24190001 */  addiu   $t9, $zero, 0x0001         ## $t9 = 00000001
/* 00E78 809EF358 46000004 */  sqrt.s  $f0, $f0                   
/* 00E7C 809EF35C 4602003E */  c.le.s  $f0, $f2                   
/* 00E80 809EF360 00000000 */  nop
/* 00E84 809EF364 45000003 */  bc1f    .L809EF374                 
/* 00E88 809EF368 00000000 */  nop
/* 00E8C 809EF36C A259015C */  sb      $t9, 0x015C($s2)           ## 0000015C
/* 00E90 809EF370 A6530162 */  sh      $s3, 0x0162($s2)           ## 00000162
.L809EF374:
/* 00E94 809EF374 1000001B */  beq     $zero, $zero, .L809EF3E4   
/* 00E98 809EF378 A640015E */  sh      $zero, 0x015E($s2)         ## 0000015E
.L809EF37C:
/* 00E9C 809EF37C A3A90103 */  sb      $t1, 0x0103($sp)           
/* 00EA0 809EF380 C6400094 */  lwc1    $f0, 0x0094($s2)           ## 00000094
/* 00EA4 809EF384 3C014220 */  lui     $at, 0x4220                ## $at = 42200000
/* 00EA8 809EF388 44819000 */  mtc1    $at, $f18                  ## $f18 = 40.00
/* 00EAC 809EF38C 46000004 */  sqrt.s  $f0, $f0                   
/* 00EB0 809EF390 4612003E */  c.le.s  $f0, $f18                  
/* 00EB4 809EF394 00000000 */  nop
/* 00EB8 809EF398 45020012 */  bc1fl   .L809EF3E4                 
/* 00EBC 809EF39C A640015E */  sh      $zero, 0x015E($s2)         ## 0000015E
/* 00EC0 809EF3A0 864A015E */  lh      $t2, 0x015E($s2)           ## 0000015E
/* 00EC4 809EF3A4 240C000A */  addiu   $t4, $zero, 0x000A         ## $t4 = 0000000A
/* 00EC8 809EF3A8 240E001E */  addiu   $t6, $zero, 0x001E         ## $t6 = 0000001E
/* 00ECC 809EF3AC 254D0001 */  addiu   $t5, $t2, 0x0001           ## $t5 = 00000001
/* 00ED0 809EF3B0 A64D015E */  sh      $t5, 0x015E($s2)           ## 0000015E
/* 00ED4 809EF3B4 864B015E */  lh      $t3, 0x015E($s2)           ## 0000015E
/* 00ED8 809EF3B8 02402025 */  or      $a0, $s2, $zero            ## $a0 = 00000000
/* 00EDC 809EF3BC 24053861 */  addiu   $a1, $zero, 0x3861         ## $a1 = 00003861
/* 00EE0 809EF3C0 2961001F */  slti    $at, $t3, 0x001F           
/* 00EE4 809EF3C4 54200008 */  bnel    $at, $zero, .L809EF3E8     
/* 00EE8 809EF3C8 864F0160 */  lh      $t7, 0x0160($s2)           ## 00000160
/* 00EEC 809EF3CC A24C015C */  sb      $t4, 0x015C($s2)           ## 0000015C
/* 00EF0 809EF3D0 0C02E3B2 */  jal     func_800B8EC8              
/* 00EF4 809EF3D4 A64E0162 */  sh      $t6, 0x0162($s2)           ## 00000162
/* 00EF8 809EF3D8 10000003 */  beq     $zero, $zero, .L809EF3E8   
/* 00EFC 809EF3DC 864F0160 */  lh      $t7, 0x0160($s2)           ## 00000160
/* 00F00 809EF3E0 A640015E */  sh      $zero, 0x015E($s2)         ## 0000015E
.L809EF3E4:
/* 00F04 809EF3E4 864F0160 */  lh      $t7, 0x0160($s2)           ## 00000160
.L809EF3E8:
/* 00F08 809EF3E8 31F80003 */  andi    $t8, $t7, 0x0003           ## $t8 = 00000000
/* 00F0C 809EF3EC 57000078 */  bnel    $t8, $zero, .L809EF5D0     
/* 00F10 809EF3F0 02402025 */  or      $a0, $s2, $zero            ## $a0 = 00000000
/* 00F14 809EF3F4 0C021BF7 */  jal     func_80086FDC              
/* 00F18 809EF3F8 00000000 */  nop
/* 00F1C 809EF3FC 3C013F00 */  lui     $at, 0x3F00                ## $at = 3F000000
/* 00F20 809EF400 44812000 */  mtc1    $at, $f4                   ## $f4 = 0.50
/* 00F24 809EF404 02402025 */  or      $a0, $s2, $zero            ## $a0 = 00000000
/* 00F28 809EF408 4604003C */  c.lt.s  $f0, $f4                   
/* 00F2C 809EF40C 00000000 */  nop
/* 00F30 809EF410 4502006F */  bc1fl   .L809EF5D0                 
/* 00F34 809EF414 02402025 */  or      $a0, $s2, $zero            ## $a0 = 00000000
/* 00F38 809EF418 0C02E3B2 */  jal     func_800B8EC8              
/* 00F3C 809EF41C 24053860 */  addiu   $a1, $zero, 0x3860         ## $a1 = 00003860
/* 00F40 809EF420 1000006B */  beq     $zero, $zero, .L809EF5D0   
/* 00F44 809EF424 02402025 */  or      $a0, $s2, $zero            ## $a0 = 00000000
/* 00F48 809EF428 86590160 */  lh      $t9, 0x0160($s2)           ## 00000160
.L809EF42C:
/* 00F4C 809EF42C 265000BE */  addiu   $s0, $s2, 0x00BE           ## $s0 = 000000BE
/* 00F50 809EF430 265100BC */  addiu   $s1, $s2, 0x00BC           ## $s1 = 000000BC
/* 00F54 809EF434 33290001 */  andi    $t1, $t9, 0x0001           ## $t1 = 00000000
/* 00F58 809EF438 15200003 */  bne     $t1, $zero, .L809EF448     
/* 00F5C 809EF43C 02402025 */  or      $a0, $s2, $zero            ## $a0 = 00000000
/* 00F60 809EF440 0C02E3B2 */  jal     func_800B8EC8              
/* 00F64 809EF444 24053860 */  addiu   $a1, $zero, 0x3860         ## $a1 = 00003860
.L809EF448:
/* 00F68 809EF448 864A0162 */  lh      $t2, 0x0162($s2)           ## 00000162
/* 00F6C 809EF44C 3C014080 */  lui     $at, 0x4080                ## $at = 40800000
/* 00F70 809EF450 44813000 */  mtc1    $at, $f6                   ## $f6 = 4.00
/* 00F74 809EF454 314D0001 */  andi    $t5, $t2, 0x0001           ## $t5 = 00000000
/* 00F78 809EF458 000D5A40 */  sll     $t3, $t5,  9               
/* 00F7C 809EF45C 240C0003 */  addiu   $t4, $zero, 0x0003         ## $t4 = 00000003
/* 00F80 809EF460 A64B019C */  sh      $t3, 0x019C($s2)           ## 0000019C
/* 00F84 809EF464 A24C0174 */  sb      $t4, 0x0174($s2)           ## 00000174
/* 00F88 809EF468 02202025 */  or      $a0, $s1, $zero            ## $a0 = 000000BC
/* 00F8C 809EF46C 24058000 */  addiu   $a1, $zero, 0x8000         ## $a1 = FFFF8000
/* 00F90 809EF470 24060002 */  addiu   $a2, $zero, 0x0002         ## $a2 = 00000002
/* 00F94 809EF474 24072000 */  addiu   $a3, $zero, 0x2000         ## $a3 = 00002000
/* 00F98 809EF478 0C03FFF6 */  jal     func_800FFFD8              
/* 00F9C 809EF47C E64603E4 */  swc1    $f6, 0x03E4($s2)           ## 000003E4
/* 00FA0 809EF480 02002025 */  or      $a0, $s0, $zero            ## $a0 = 000000BE
/* 00FA4 809EF484 86450092 */  lh      $a1, 0x0092($s2)           ## 00000092
/* 00FA8 809EF488 24060002 */  addiu   $a2, $zero, 0x0002         ## $a2 = 00000002
/* 00FAC 809EF48C 0C03FFF6 */  jal     func_800FFFD8              
/* 00FB0 809EF490 24072000 */  addiu   $a3, $zero, 0x2000         ## $a3 = 00002000
/* 00FB4 809EF494 86420162 */  lh      $v0, 0x0162($s2)           ## 00000162
/* 00FB8 809EF498 240E0064 */  addiu   $t6, $zero, 0x0064         ## $t6 = 00000064
/* 00FBC 809EF49C 2401001B */  addiu   $at, $zero, 0x001B         ## $at = 0000001B
/* 00FC0 809EF4A0 14400005 */  bne     $v0, $zero, .L809EF4B8     
/* 00FC4 809EF4A4 27B00094 */  addiu   $s0, $sp, 0x0094           ## $s0 = FFFFFF84
/* 00FC8 809EF4A8 A64E0162 */  sh      $t6, 0x0162($s2)           ## 00000162
/* 00FCC 809EF4AC A640015E */  sh      $zero, 0x015E($s2)         ## 0000015E
/* 00FD0 809EF4B0 A240015C */  sb      $zero, 0x015C($s2)         ## 0000015C
/* 00FD4 809EF4B4 86420162 */  lh      $v0, 0x0162($s2)           ## 00000162
.L809EF4B8:
/* 00FD8 809EF4B8 14410044 */  bne     $v0, $at, .L809EF5CC       
/* 00FDC 809EF4BC 02002025 */  or      $a0, $s0, $zero            ## $a0 = FFFFFF84
/* 00FE0 809EF4C0 0C03FD43 */  jal     func_800FF50C              
/* 00FE4 809EF4C4 26450024 */  addiu   $a1, $s2, 0x0024           ## $a1 = 00000024
/* 00FE8 809EF4C8 3C014220 */  lui     $at, 0x4220                ## $at = 42200000
/* 00FEC 809EF4CC 44815000 */  mtc1    $at, $f10                  ## $f10 = 40.00
/* 00FF0 809EF4D0 C7A80098 */  lwc1    $f8, 0x0098($sp)           
/* 00FF4 809EF4D4 240F0001 */  addiu   $t7, $zero, 0x0001         ## $t7 = 00000001
/* 00FF8 809EF4D8 241807D0 */  addiu   $t8, $zero, 0x07D0         ## $t8 = 000007D0
/* 00FFC 809EF4DC 460A4400 */  add.s   $f16, $f8, $f10            
/* 01000 809EF4E0 AFB80014 */  sw      $t8, 0x0014($sp)           
/* 01004 809EF4E4 AFAF0010 */  sw      $t7, 0x0010($sp)           
/* 01008 809EF4E8 8FA40114 */  lw      $a0, 0x0114($sp)           
/* 0100C 809EF4EC E7B00098 */  swc1    $f16, 0x0098($sp)          
/* 01010 809EF4F0 02002825 */  or      $a1, $s0, $zero            ## $a1 = FFFFFF84
/* 01014 809EF4F4 00003025 */  or      $a2, $zero, $zero          ## $a2 = 00000000
/* 01018 809EF4F8 0C02C7D3 */  jal     func_800B1F4C              
/* 0101C 809EF4FC 00003825 */  or      $a3, $zero, $zero          ## $a3 = 00000000
/* 01020 809EF500 02402025 */  or      $a0, $s2, $zero            ## $a0 = 00000000
/* 01024 809EF504 0C02E3B2 */  jal     func_800B8EC8              
/* 01028 809EF508 24052808 */  addiu   $a1, $zero, 0x2808         ## $a1 = 00002808
/* 0102C 809EF50C 10000030 */  beq     $zero, $zero, .L809EF5D0   
/* 01030 809EF510 02402025 */  or      $a0, $s2, $zero            ## $a0 = 00000000
.L809EF514:
/* 01034 809EF514 0C04DE2E */  jal     func_801378B8              
/* 01038 809EF518 8E4504FC */  lw      $a1, 0x04FC($s2)           ## 000004FC
/* 0103C 809EF51C 10400004 */  beq     $v0, $zero, .L809EF530     
/* 01040 809EF520 240A0002 */  addiu   $t2, $zero, 0x0002         ## $t2 = 00000002
/* 01044 809EF524 44809000 */  mtc1    $zero, $f18                ## $f18 = 0.00
/* 01048 809EF528 00000000 */  nop
/* 0104C 809EF52C E65203E4 */  swc1    $f18, 0x03E4($s2)          ## 000003E4
.L809EF530:
/* 01050 809EF530 86490162 */  lh      $t1, 0x0162($s2)           ## 00000162
/* 01054 809EF534 24190001 */  addiu   $t9, $zero, 0x0001         ## $t9 = 00000001
/* 01058 809EF538 A2590174 */  sb      $t9, 0x0174($s2)           ## 00000174
/* 0105C 809EF53C 15200023 */  bne     $t1, $zero, .L809EF5CC     
/* 01060 809EF540 240D0014 */  addiu   $t5, $zero, 0x0014         ## $t5 = 00000014
/* 01064 809EF544 A24A015C */  sb      $t2, 0x015C($s2)           ## 0000015C
/* 01068 809EF548 A64D0162 */  sh      $t5, 0x0162($s2)           ## 00000162
/* 0106C 809EF54C 02402025 */  or      $a0, $s2, $zero            ## $a0 = 00000000
/* 01070 809EF550 0C02E3B2 */  jal     func_800B8EC8              
/* 01074 809EF554 24053861 */  addiu   $a1, $zero, 0x3861         ## $a1 = 00003861
/* 01078 809EF558 1000001D */  beq     $zero, $zero, .L809EF5D0   
/* 0107C 809EF55C 02402025 */  or      $a0, $s2, $zero            ## $a0 = 00000000
/* 01080 809EF560 864B0160 */  lh      $t3, 0x0160($s2)           ## 00000160
.L809EF564:
/* 01084 809EF564 02402025 */  or      $a0, $s2, $zero            ## $a0 = 00000000
/* 01088 809EF568 316C0001 */  andi    $t4, $t3, 0x0001           ## $t4 = 00000000
/* 0108C 809EF56C 55800004 */  bnel    $t4, $zero, .L809EF580     
/* 01090 809EF570 864E0162 */  lh      $t6, 0x0162($s2)           ## 00000162
/* 01094 809EF574 0C02E3B2 */  jal     func_800B8EC8              
/* 01098 809EF578 24053860 */  addiu   $a1, $zero, 0x3860         ## $a1 = 00003860
/* 0109C 809EF57C 864E0162 */  lh      $t6, 0x0162($s2)           ## 00000162
.L809EF580:
/* 010A0 809EF580 3C014080 */  lui     $at, 0x4080                ## $at = 40800000
/* 010A4 809EF584 44812000 */  mtc1    $at, $f4                   ## $f4 = 4.00
/* 010A8 809EF588 31CF0001 */  andi    $t7, $t6, 0x0001           ## $t7 = 00000000
/* 010AC 809EF58C 000FC240 */  sll     $t8, $t7,  9               
/* 010B0 809EF590 3C073F33 */  lui     $a3, 0x3F33                ## $a3 = 3F330000
/* 010B4 809EF594 A658019C */  sh      $t8, 0x019C($s2)           ## 0000019C
/* 010B8 809EF598 34E73333 */  ori     $a3, $a3, 0x3333           ## $a3 = 3F333333
/* 010BC 809EF59C 02202025 */  or      $a0, $s1, $zero            ## $a0 = 000000BC
/* 010C0 809EF5A0 3C053FC0 */  lui     $a1, 0x3FC0                ## $a1 = 3FC00000
/* 010C4 809EF5A4 3C063F80 */  lui     $a2, 0x3F80                ## $a2 = 3F800000
/* 010C8 809EF5A8 0C03FF7E */  jal     func_800FFDF8              
/* 010CC 809EF5AC E64403E4 */  swc1    $f4, 0x03E4($s2)           ## 000003E4
/* 010D0 809EF5B0 86490162 */  lh      $t1, 0x0162($s2)           ## 00000162
/* 010D4 809EF5B4 24190002 */  addiu   $t9, $zero, 0x0002         ## $t9 = 00000002
/* 010D8 809EF5B8 A2590174 */  sb      $t9, 0x0174($s2)           ## 00000174
/* 010DC 809EF5BC 15200003 */  bne     $t1, $zero, .L809EF5CC     
/* 010E0 809EF5C0 240A001E */  addiu   $t2, $zero, 0x001E         ## $t2 = 0000001E
/* 010E4 809EF5C4 A240015C */  sb      $zero, 0x015C($s2)         ## 0000015C
/* 010E8 809EF5C8 A64A0162 */  sh      $t2, 0x0162($s2)           ## 00000162
.L809EF5CC:
/* 010EC 809EF5CC 02402025 */  or      $a0, $s2, $zero            ## $a0 = 00000000
.L809EF5D0:
/* 010F0 809EF5D0 0C27BB2F */  jal     func_809EECBC              
/* 010F4 809EF5D4 8FA50114 */  lw      $a1, 0x0114($sp)           
/* 010F8 809EF5D8 14400005 */  bne     $v0, $zero, .L809EF5F0     
/* 010FC 809EF5DC 0040A025 */  or      $s4, $v0, $zero            ## $s4 = 00000000
/* 01100 809EF5E0 864D0168 */  lh      $t5, 0x0168($s2)           ## 00000168
/* 01104 809EF5E4 24010001 */  addiu   $at, $zero, 0x0001         ## $at = 00000001
/* 01108 809EF5E8 55A100D1 */  bnel    $t5, $at, .L809EF930       
/* 0110C 809EF5EC 93AE0103 */  lbu     $t6, 0x0103($sp)           
.L809EF5F0:
/* 01110 809EF5F0 8E4E0004 */  lw      $t6, 0x0004($s2)           ## 00000004
/* 01114 809EF5F4 3C0C809F */  lui     $t4, %hi(func_809EF9BC)    ## $t4 = 809F0000
/* 01118 809EF5F8 2401FFFE */  addiu   $at, $zero, 0xFFFE         ## $at = FFFFFFFE
/* 0111C 809EF5FC 240B0002 */  addiu   $t3, $zero, 0x0002         ## $t3 = 00000002
/* 01120 809EF600 258CF9BC */  addiu   $t4, $t4, %lo(func_809EF9BC) ## $t4 = 809EF9BC
/* 01124 809EF604 01C17824 */  and     $t7, $t6, $at              
/* 01128 809EF608 A64B001C */  sh      $t3, 0x001C($s2)           ## 0000001C
/* 0112C 809EF60C AE4C0170 */  sw      $t4, 0x0170($s2)           ## 00000170
/* 01130 809EF610 AE4F0004 */  sw      $t7, 0x0004($s2)           ## 00000004
/* 01134 809EF614 8FA40114 */  lw      $a0, 0x0114($sp)           
/* 01138 809EF618 02403025 */  or      $a2, $s2, $zero            ## $a2 = 00000000
/* 0113C 809EF61C 24070001 */  addiu   $a3, $zero, 0x0001         ## $a3 = 00000001
/* 01140 809EF620 24901CA0 */  addiu   $s0, $a0, 0x1CA0           ## $s0 = 00001CA0
/* 01144 809EF624 0C02F055 */  jal     func_800BC154              
/* 01148 809EF628 02002825 */  or      $a1, $s0, $zero            ## $a1 = 00001CA0
/* 0114C 809EF62C 86590168 */  lh      $t9, 0x0168($s2)           ## 00000168
/* 01150 809EF630 53200003 */  beql    $t9, $zero, .L809EF640     
/* 01154 809EF634 2A81000A */  slti    $at, $s4, 0x000A           
/* 01158 809EF638 2414000A */  addiu   $s4, $zero, 0x000A         ## $s4 = 0000000A
/* 0115C 809EF63C 2A81000A */  slti    $at, $s4, 0x000A           
.L809EF640:
/* 01160 809EF640 54200064 */  bnel    $at, $zero, .L809EF7D4     
/* 01164 809EF644 24010002 */  addiu   $at, $zero, 0x0002         ## $at = 00000002
/* 01168 809EF648 C6460024 */  lwc1    $f6, 0x0024($s2)           ## 00000024
/* 0116C 809EF64C 240B0003 */  addiu   $t3, $zero, 0x0003         ## $t3 = 00000003
/* 01170 809EF650 02002025 */  or      $a0, $s0, $zero            ## $a0 = 00001CA0
/* 01174 809EF654 E7A60010 */  swc1    $f6, 0x0010($sp)           
/* 01178 809EF658 C6480028 */  lwc1    $f8, 0x0028($s2)           ## 00000028
/* 0117C 809EF65C 02402825 */  or      $a1, $s2, $zero            ## $a1 = 00000000
/* 01180 809EF660 8FA60114 */  lw      $a2, 0x0114($sp)           
/* 01184 809EF664 E7A80014 */  swc1    $f8, 0x0014($sp)           
/* 01188 809EF668 C64A002C */  lwc1    $f10, 0x002C($s2)          ## 0000002C
/* 0118C 809EF66C 2407012D */  addiu   $a3, $zero, 0x012D         ## $a3 = 0000012D
/* 01190 809EF670 E7AA0018 */  swc1    $f10, 0x0018($sp)          
/* 01194 809EF674 864900BC */  lh      $t1, 0x00BC($s2)           ## 000000BC
/* 01198 809EF678 AFA9001C */  sw      $t1, 0x001C($sp)           
/* 0119C 809EF67C 864A00BE */  lh      $t2, 0x00BE($s2)           ## 000000BE
/* 011A0 809EF680 AFAA0020 */  sw      $t2, 0x0020($sp)           
/* 011A4 809EF684 864D00C0 */  lh      $t5, 0x00C0($s2)           ## 000000C0
/* 011A8 809EF688 AFAB0028 */  sw      $t3, 0x0028($sp)           
/* 011AC 809EF68C 0C02EC30 */  jal     func_800BB0C0              
/* 011B0 809EF690 AFAD0024 */  sw      $t5, 0x0024($sp)           
/* 011B4 809EF694 104000A5 */  beq     $v0, $zero, .L809EF92C     
/* 011B8 809EF698 00408825 */  or      $s1, $v0, $zero            ## $s1 = 00000000
/* 011BC 809EF69C 8FAC0114 */  lw      $t4, 0x0114($sp)           
/* 011C0 809EF6A0 00008025 */  or      $s0, $zero, $zero          ## $s0 = 00000000
/* 011C4 809EF6A4 02402025 */  or      $a0, $s2, $zero            ## $a0 = 00000000
/* 011C8 809EF6A8 8D831CCC */  lw      $v1, 0x1CCC($t4)           ## 00001CCC
/* 011CC 809EF6AC 8C6E0730 */  lw      $t6, 0x0730($v1)           ## 00000730
/* 011D0 809EF6B0 164E0006 */  bne     $s2, $t6, .L809EF6CC       
/* 011D4 809EF6B4 00000000 */  nop
/* 011D8 809EF6B8 AC620730 */  sw      $v0, 0x0730($v1)           ## 00000730
/* 011DC 809EF6BC 8FAF0114 */  lw      $t7, 0x0114($sp)           
/* 011E0 809EF6C0 ADE21DF8 */  sw      $v0, 0x1DF8($t7)           ## 00001DF8
/* 011E4 809EF6C4 8FB80114 */  lw      $t8, 0x0114($sp)           
/* 011E8 809EF6C8 AF021DFC */  sw      $v0, 0x1DFC($t8)           ## 00001DFC
.L809EF6CC:
/* 011EC 809EF6CC 8E4A0288 */  lw      $t2, 0x0288($s2)           ## 00000288
/* 011F0 809EF6D0 8C590288 */  lw      $t9, 0x0288($v0)           ## 00000288
/* 011F4 809EF6D4 01506821 */  addu    $t5, $t2, $s0              
/* 011F8 809EF6D8 89AC0000 */  lwl     $t4, 0x0000($t5)           ## 00000000
/* 011FC 809EF6DC 99AC0003 */  lwr     $t4, 0x0003($t5)           ## 00000003
/* 01200 809EF6E0 03304821 */  addu    $t1, $t9, $s0              
/* 01204 809EF6E4 26100006 */  addiu   $s0, $s0, 0x0006           ## $s0 = 00000006
/* 01208 809EF6E8 A92C0000 */  swl     $t4, 0x0000($t1)           ## 00000000
/* 0120C 809EF6EC B92C0003 */  swr     $t4, 0x0003($t1)           ## 00000003
/* 01210 809EF6F0 95AC0004 */  lhu     $t4, 0x0004($t5)           ## 00000004
/* 01214 809EF6F4 2A01003C */  slti    $at, $s0, 0x003C           
/* 01218 809EF6F8 1420FFF4 */  bne     $at, $zero, .L809EF6CC     
/* 0121C 809EF6FC A52C0004 */  sh      $t4, 0x0004($t1)           ## 00000004
/* 01220 809EF700 00008025 */  or      $s0, $zero, $zero          ## $s0 = 00000000
/* 01224 809EF704 24030078 */  addiu   $v1, $zero, 0x0078         ## $v1 = 00000078
.L809EF708:
/* 01228 809EF708 8E5803E8 */  lw      $t8, 0x03E8($s2)           ## 000003E8
/* 0122C 809EF70C 8C4E03E8 */  lw      $t6, 0x03E8($v0)           ## 000003E8
/* 01230 809EF710 0310C821 */  addu    $t9, $t8, $s0              
/* 01234 809EF714 8B290000 */  lwl     $t1, 0x0000($t9)           ## 00000000
/* 01238 809EF718 9B290003 */  lwr     $t1, 0x0003($t9)           ## 00000003
/* 0123C 809EF71C 01D07821 */  addu    $t7, $t6, $s0              
/* 01240 809EF720 A9E90000 */  swl     $t1, 0x0000($t7)           ## 00000000
/* 01244 809EF724 B9E90003 */  swr     $t1, 0x0003($t7)           ## 00000003
/* 01248 809EF728 97290004 */  lhu     $t1, 0x0004($t9)           ## 00000004
/* 0124C 809EF72C A5E90004 */  sh      $t1, 0x0004($t7)           ## 00000004
/* 01250 809EF730 8E4C03E8 */  lw      $t4, 0x03E8($s2)           ## 000003E8
/* 01254 809EF734 8C4D03E8 */  lw      $t5, 0x03E8($v0)           ## 000003E8
/* 01258 809EF738 01907021 */  addu    $t6, $t4, $s0              
/* 0125C 809EF73C 89CF0006 */  lwl     $t7, 0x0006($t6)           ## 00000006
/* 01260 809EF740 99CF0009 */  lwr     $t7, 0x0009($t6)           ## 00000009
/* 01264 809EF744 01B05821 */  addu    $t3, $t5, $s0              
/* 01268 809EF748 A96F0006 */  swl     $t7, 0x0006($t3)           ## 00000006
/* 0126C 809EF74C B96F0009 */  swr     $t7, 0x0009($t3)           ## 00000009
/* 01270 809EF750 95CF000A */  lhu     $t7, 0x000A($t6)           ## 0000000A
/* 01274 809EF754 A56F000A */  sh      $t7, 0x000A($t3)           ## 0000000A
/* 01278 809EF758 8E4903E8 */  lw      $t1, 0x03E8($s2)           ## 000003E8
/* 0127C 809EF75C 8C5903E8 */  lw      $t9, 0x03E8($v0)           ## 000003E8
/* 01280 809EF760 01306821 */  addu    $t5, $t1, $s0              
/* 01284 809EF764 89AB000C */  lwl     $t3, 0x000C($t5)           ## 0000000C
/* 01288 809EF768 99AB000F */  lwr     $t3, 0x000F($t5)           ## 0000000F
/* 0128C 809EF76C 03305021 */  addu    $t2, $t9, $s0              
/* 01290 809EF770 A94B000C */  swl     $t3, 0x000C($t2)           ## 0000000C
/* 01294 809EF774 B94B000F */  swr     $t3, 0x000F($t2)           ## 0000000F
/* 01298 809EF778 95AB0010 */  lhu     $t3, 0x0010($t5)           ## 00000010
/* 0129C 809EF77C A54B0010 */  sh      $t3, 0x0010($t2)           ## 00000010
/* 012A0 809EF780 8E4F03E8 */  lw      $t7, 0x03E8($s2)           ## 000003E8
/* 012A4 809EF784 8C4E03E8 */  lw      $t6, 0x03E8($v0)           ## 000003E8
/* 012A8 809EF788 01F0C821 */  addu    $t9, $t7, $s0              
/* 012AC 809EF78C 8B2A0012 */  lwl     $t2, 0x0012($t9)           ## 00000012
/* 012B0 809EF790 9B2A0015 */  lwr     $t2, 0x0015($t9)           ## 00000015
/* 012B4 809EF794 01D0C021 */  addu    $t8, $t6, $s0              
/* 012B8 809EF798 26100018 */  addiu   $s0, $s0, 0x0018           ## $s0 = 00000018
/* 012BC 809EF79C AB0A0012 */  swl     $t2, 0x0012($t8)           ## 00000012
/* 012C0 809EF7A0 BB0A0015 */  swr     $t2, 0x0015($t8)           ## 00000015
/* 012C4 809EF7A4 972A0016 */  lhu     $t2, 0x0016($t9)           ## 00000016
/* 012C8 809EF7A8 1603FFD7 */  bne     $s0, $v1, .L809EF708       
/* 012CC 809EF7AC A70A0016 */  sh      $t2, 0x0016($t8)           ## 00000016
/* 012D0 809EF7B0 0C02E3B2 */  jal     func_800B8EC8              
/* 012D4 809EF7B4 2405381E */  addiu   $a1, $zero, 0x381E         ## $a1 = 0000381E
/* 012D8 809EF7B8 2A81000B */  slti    $at, $s4, 0x000B           
/* 012DC 809EF7BC 1420005B */  bne     $at, $zero, .L809EF92C     
/* 012E0 809EF7C0 268DFFF6 */  addiu   $t5, $s4, 0xFFF6           ## $t5 = 00000000
/* 012E4 809EF7C4 A22D0188 */  sb      $t5, 0x0188($s1)           ## 00000188
/* 012E8 809EF7C8 10000059 */  beq     $zero, $zero, .L809EF930   
/* 012EC 809EF7CC 93AE0103 */  lbu     $t6, 0x0103($sp)           
/* 012F0 809EF7D0 24010002 */  addiu   $at, $zero, 0x0002         ## $at = 00000002
.L809EF7D4:
/* 012F4 809EF7D4 16810055 */  bne     $s4, $at, .L809EF92C       
/* 012F8 809EF7D8 00009825 */  or      $s3, $zero, $zero          ## $s3 = 00000000
/* 012FC 809EF7DC C6500324 */  lwc1    $f16, 0x0324($s2)          ## 00000324
.L809EF7E0:
/* 01300 809EF7E0 266F000A */  addiu   $t7, $s3, 0x000A           ## $t7 = 0000000A
/* 01304 809EF7E4 02002025 */  or      $a0, $s0, $zero            ## $a0 = 00000018
/* 01308 809EF7E8 E7B00010 */  swc1    $f16, 0x0010($sp)          
/* 0130C 809EF7EC C6520328 */  lwc1    $f18, 0x0328($s2)          ## 00000328
/* 01310 809EF7F0 02402825 */  or      $a1, $s2, $zero            ## $a1 = 00000000
/* 01314 809EF7F4 8FA60114 */  lw      $a2, 0x0114($sp)           
/* 01318 809EF7F8 E7B20014 */  swc1    $f18, 0x0014($sp)          
/* 0131C 809EF7FC C644032C */  lwc1    $f4, 0x032C($s2)           ## 0000032C
/* 01320 809EF800 2407012D */  addiu   $a3, $zero, 0x012D         ## $a3 = 0000012D
/* 01324 809EF804 E7A40018 */  swc1    $f4, 0x0018($sp)           
/* 01328 809EF808 864C0330 */  lh      $t4, 0x0330($s2)           ## 00000330
/* 0132C 809EF80C AFAC001C */  sw      $t4, 0x001C($sp)           
/* 01330 809EF810 864B0332 */  lh      $t3, 0x0332($s2)           ## 00000332
/* 01334 809EF814 AFAB0020 */  sw      $t3, 0x0020($sp)           
/* 01338 809EF818 864E0334 */  lh      $t6, 0x0334($s2)           ## 00000334
/* 0133C 809EF81C AFAF0028 */  sw      $t7, 0x0028($sp)           
/* 01340 809EF820 0C02EC30 */  jal     func_800BB0C0              
/* 01344 809EF824 AFAE0024 */  sw      $t6, 0x0024($sp)           
/* 01348 809EF828 24080078 */  addiu   $t0, $zero, 0x0078         ## $t0 = 00000078
/* 0134C 809EF82C 10400038 */  beq     $v0, $zero, .L809EF910     
/* 01350 809EF830 00408825 */  or      $s1, $v0, $zero            ## $s1 = 00000000
/* 01354 809EF834 00001825 */  or      $v1, $zero, $zero          ## $v1 = 00000000
.L809EF838:
/* 01358 809EF838 8E4903E8 */  lw      $t1, 0x03E8($s2)           ## 000003E8
/* 0135C 809EF83C 8C5803E8 */  lw      $t8, 0x03E8($v0)           ## 000003E8
/* 01360 809EF840 01235021 */  addu    $t2, $t1, $v1              
/* 01364 809EF844 894C0000 */  lwl     $t4, 0x0000($t2)           ## 00000000
/* 01368 809EF848 994C0003 */  lwr     $t4, 0x0003($t2)           ## 00000003
/* 0136C 809EF84C 0303C821 */  addu    $t9, $t8, $v1              
/* 01370 809EF850 AB2C0000 */  swl     $t4, 0x0000($t9)           ## 00000000
/* 01374 809EF854 BB2C0003 */  swr     $t4, 0x0003($t9)           ## 00000003
/* 01378 809EF858 954C0004 */  lhu     $t4, 0x0004($t2)           ## 00000004
/* 0137C 809EF85C A72C0004 */  sh      $t4, 0x0004($t9)           ## 00000004
/* 01380 809EF860 8E4F03E8 */  lw      $t7, 0x03E8($s2)           ## 000003E8
/* 01384 809EF864 8C4B03E8 */  lw      $t3, 0x03E8($v0)           ## 000003E8
/* 01388 809EF868 01E3C021 */  addu    $t8, $t7, $v1              
/* 0138C 809EF86C 8B190006 */  lwl     $t9, 0x0006($t8)           ## 00000006
/* 01390 809EF870 9B190009 */  lwr     $t9, 0x0009($t8)           ## 00000009
/* 01394 809EF874 01637021 */  addu    $t6, $t3, $v1              
/* 01398 809EF878 A9D90006 */  swl     $t9, 0x0006($t6)           ## 00000006
/* 0139C 809EF87C B9D90009 */  swr     $t9, 0x0009($t6)           ## 00000009
/* 013A0 809EF880 9719000A */  lhu     $t9, 0x000A($t8)           ## 0000000A
/* 013A4 809EF884 A5D9000A */  sh      $t9, 0x000A($t6)           ## 0000000A
/* 013A8 809EF888 8E4C03E8 */  lw      $t4, 0x03E8($s2)           ## 000003E8
/* 013AC 809EF88C 8C4A03E8 */  lw      $t2, 0x03E8($v0)           ## 000003E8
/* 013B0 809EF890 01835821 */  addu    $t3, $t4, $v1              
/* 013B4 809EF894 896E000C */  lwl     $t6, 0x000C($t3)           ## 0000000C
/* 013B8 809EF898 996E000F */  lwr     $t6, 0x000F($t3)           ## 0000000F
/* 013BC 809EF89C 01436821 */  addu    $t5, $t2, $v1              
/* 013C0 809EF8A0 A9AE000C */  swl     $t6, 0x000C($t5)           ## 0000000C
/* 013C4 809EF8A4 B9AE000F */  swr     $t6, 0x000F($t5)           ## 0000000F
/* 013C8 809EF8A8 956E0010 */  lhu     $t6, 0x0010($t3)           ## 00000010
/* 013CC 809EF8AC A5AE0010 */  sh      $t6, 0x0010($t5)           ## 00000010
/* 013D0 809EF8B0 8E5903E8 */  lw      $t9, 0x03E8($s2)           ## 000003E8
/* 013D4 809EF8B4 8C5803E8 */  lw      $t8, 0x03E8($v0)           ## 000003E8
/* 013D8 809EF8B8 03235021 */  addu    $t2, $t9, $v1              
/* 013DC 809EF8BC 894D0012 */  lwl     $t5, 0x0012($t2)           ## 00000012
/* 013E0 809EF8C0 994D0015 */  lwr     $t5, 0x0015($t2)           ## 00000015
/* 013E4 809EF8C4 03034821 */  addu    $t1, $t8, $v1              
/* 013E8 809EF8C8 24630018 */  addiu   $v1, $v1, 0x0018           ## $v1 = 00000018
/* 013EC 809EF8CC A92D0012 */  swl     $t5, 0x0012($t1)           ## 00000012
/* 013F0 809EF8D0 B92D0015 */  swr     $t5, 0x0015($t1)           ## 00000015
/* 013F4 809EF8D4 954D0016 */  lhu     $t5, 0x0016($t2)           ## 00000016
/* 013F8 809EF8D8 1468FFD7 */  bne     $v1, $t0, .L809EF838       
/* 013FC 809EF8DC A52D0016 */  sh      $t5, 0x0016($t1)           ## 00000016
/* 01400 809EF8E0 3C0141A0 */  lui     $at, 0x41A0                ## $at = 41A00000
/* 01404 809EF8E4 44816000 */  mtc1    $at, $f12                  ## $f12 = 20.00
/* 01408 809EF8E8 0C05E565 */  jal     func_80179594              
/* 0140C 809EF8EC 00000000 */  nop
/* 01410 809EF8F0 3C0141A0 */  lui     $at, 0x41A0                ## $at = 41A00000
/* 01414 809EF8F4 44813000 */  mtc1    $at, $f6                   ## $f6 = 20.00
/* 01418 809EF8F8 00000000 */  nop
/* 0141C 809EF8FC 46060200 */  add.s   $f8, $f0, $f6              
/* 01420 809EF900 4600428D */  trunc.w.s $f10, $f8                  
/* 01424 809EF904 440F5000 */  mfc1    $t7, $f10                  
/* 01428 809EF908 00000000 */  nop
/* 0142C 809EF90C A62F0162 */  sh      $t7, 0x0162($s1)           ## 00000162
.L809EF910:
/* 01430 809EF910 26730001 */  addiu   $s3, $s3, 0x0001           ## $s3 = 00000001
/* 01434 809EF914 24010002 */  addiu   $at, $zero, 0x0002         ## $at = 00000002
/* 01438 809EF918 5661FFB1 */  bnel    $s3, $at, .L809EF7E0       
/* 0143C 809EF91C C6500324 */  lwc1    $f16, 0x0324($s2)          ## 00000324
/* 01440 809EF920 02402025 */  or      $a0, $s2, $zero            ## $a0 = 00000000
/* 01444 809EF924 0C02E3B2 */  jal     func_800B8EC8              
/* 01448 809EF928 2405381F */  addiu   $a1, $zero, 0x381F         ## $a1 = 0000381F
.L809EF92C:
/* 0144C 809EF92C 93AE0103 */  lbu     $t6, 0x0103($sp)           
.L809EF930:
/* 01450 809EF930 3C010001 */  lui     $at, 0x0001                ## $at = 00010000
/* 01454 809EF934 34218884 */  ori     $at, $at, 0x8884           ## $at = 00018884
/* 01458 809EF938 15C00009 */  bne     $t6, $zero, .L809EF960     
/* 0145C 809EF93C 8FA40114 */  lw      $a0, 0x0114($sp)           
/* 01460 809EF940 00818021 */  addu    $s0, $a0, $at              
/* 01464 809EF944 02002825 */  or      $a1, $s0, $zero            ## $a1 = 00000018
/* 01468 809EF948 0C038956 */  jal     func_800E2558              
/* 0146C 809EF94C 264601C8 */  addiu   $a2, $s2, 0x01C8           ## $a2 = 000001C8
/* 01470 809EF950 8FA40114 */  lw      $a0, 0x0114($sp)           
/* 01474 809EF954 02002825 */  or      $a1, $s0, $zero            ## $a1 = 00000018
/* 01478 809EF958 0C038956 */  jal     func_800E2558              
/* 0147C 809EF95C 26460368 */  addiu   $a2, $s2, 0x0368           ## $a2 = 00000368
.L809EF960:
/* 01480 809EF960 8FA40114 */  lw      $a0, 0x0114($sp)           
/* 01484 809EF964 3C010001 */  lui     $at, 0x0001                ## $at = 00010000
/* 01488 809EF968 34218884 */  ori     $at, $at, 0x8884           ## $at = 00018884
/* 0148C 809EF96C 00818021 */  addu    $s0, $a0, $at              
/* 01490 809EF970 02002825 */  or      $a1, $s0, $zero            ## $a1 = 00000018
/* 01494 809EF974 264601C8 */  addiu   $a2, $s2, 0x01C8           ## $a2 = 000001C8
/* 01498 809EF978 0C0389D0 */  jal     func_800E2740              
/* 0149C 809EF97C 26510368 */  addiu   $s1, $s2, 0x0368           ## $s1 = 00000368
/* 014A0 809EF980 8FA40114 */  lw      $a0, 0x0114($sp)           
/* 014A4 809EF984 02002825 */  or      $a1, $s0, $zero            ## $a1 = 00000018
/* 014A8 809EF988 0C0389D0 */  jal     func_800E2740              
/* 014AC 809EF98C 02203025 */  or      $a2, $s1, $zero            ## $a2 = 00000368
/* 014B0 809EF990 8FBF0054 */  lw      $ra, 0x0054($sp)           
/* 014B4 809EF994 8FB00034 */  lw      $s0, 0x0034($sp)           
/* 014B8 809EF998 8FB10038 */  lw      $s1, 0x0038($sp)           
/* 014BC 809EF99C 8FB2003C */  lw      $s2, 0x003C($sp)           
/* 014C0 809EF9A0 8FB30040 */  lw      $s3, 0x0040($sp)           
/* 014C4 809EF9A4 8FB40044 */  lw      $s4, 0x0044($sp)           
/* 014C8 809EF9A8 8FB50048 */  lw      $s5, 0x0048($sp)           
/* 014CC 809EF9AC 8FB6004C */  lw      $s6, 0x004C($sp)           
/* 014D0 809EF9B0 8FB70050 */  lw      $s7, 0x0050($sp)           
/* 014D4 809EF9B4 03E00008 */  jr      $ra                        
/* 014D8 809EF9B8 27BD0110 */  addiu   $sp, $sp, 0x0110           ## $sp = 00000000


glabel func_809EF9BC
/* 014DC 809EF9BC 27BDFFD8 */  addiu   $sp, $sp, 0xFFD8           ## $sp = FFFFFFD8
/* 014E0 809EF9C0 AFB00020 */  sw      $s0, 0x0020($sp)           
/* 014E4 809EF9C4 00808025 */  or      $s0, $a0, $zero            ## $s0 = 00000000
/* 014E8 809EF9C8 AFBF0024 */  sw      $ra, 0x0024($sp)           
/* 014EC 809EF9CC AFA5002C */  sw      $a1, 0x002C($sp)           
/* 014F0 809EF9D0 C6000094 */  lwc1    $f0, 0x0094($s0)           ## 00000094
/* 014F4 809EF9D4 3C014248 */  lui     $at, 0x4248                ## $at = 42480000
/* 014F8 809EF9D8 44812000 */  mtc1    $at, $f4                   ## $f4 = 50.00
/* 014FC 809EF9DC 46000004 */  sqrt.s  $f0, $f0                   
/* 01500 809EF9E0 8FAE002C */  lw      $t6, 0x002C($sp)           
/* 01504 809EF9E4 26040178 */  addiu   $a0, $s0, 0x0178           ## $a0 = 00000178
/* 01508 809EF9E8 00002825 */  or      $a1, $zero, $zero          ## $a1 = 00000000
/* 0150C 809EF9EC 24060014 */  addiu   $a2, $zero, 0x0014         ## $a2 = 00000014
/* 01510 809EF9F0 8DC21CCC */  lw      $v0, 0x1CCC($t6)           ## 00001CCC
/* 01514 809EF9F4 4604003C */  c.lt.s  $f0, $f4                   
/* 01518 809EF9F8 00000000 */  nop
/* 0151C 809EF9FC 45000026 */  bc1f    .L809EFA98                 
/* 01520 809EFA00 00000000 */  nop
/* 01524 809EFA04 944F0090 */  lhu     $t7, 0x0090($v0)           ## 00000090
/* 01528 809EFA08 3C0142A0 */  lui     $at, 0x42A0                ## $at = 42A00000
/* 0152C 809EFA0C 240707D0 */  addiu   $a3, $zero, 0x07D0         ## $a3 = 000007D0
/* 01530 809EFA10 31F80001 */  andi    $t8, $t7, 0x0001           ## $t8 = 00000000
/* 01534 809EFA14 13000020 */  beq     $t8, $zero, .L809EFA98     
/* 01538 809EFA18 00000000 */  nop
/* 0153C 809EFA1C 44813000 */  mtc1    $at, $f6                   ## $f6 = 80.00
/* 01540 809EFA20 26040178 */  addiu   $a0, $s0, 0x0178           ## $a0 = 00000178
/* 01544 809EFA24 46060202 */  mul.s   $f8, $f0, $f6              
/* 01548 809EFA28 4600428D */  trunc.w.s $f10, $f8                  
/* 0154C 809EFA2C 44025000 */  mfc1    $v0, $f10                  
/* 01550 809EFA30 00000000 */  nop
/* 01554 809EFA34 00024400 */  sll     $t0, $v0, 16               
/* 01558 809EFA38 00084C03 */  sra     $t1, $t0, 16               
/* 0155C 809EFA3C 292107D1 */  slti    $at, $t1, 0x07D1           
/* 01560 809EFA40 00022C00 */  sll     $a1, $v0, 16               
/* 01564 809EFA44 14200002 */  bne     $at, $zero, .L809EFA50     
/* 01568 809EFA48 00052C03 */  sra     $a1, $a1, 16               
/* 0156C 809EFA4C 240507D0 */  addiu   $a1, $zero, 0x07D0         ## $a1 = 000007D0
.L809EFA50:
/* 01570 809EFA50 0C03FFF6 */  jal     func_800FFFD8              
/* 01574 809EFA54 24060014 */  addiu   $a2, $zero, 0x0014         ## $a2 = 00000014
/* 01578 809EFA58 26040176 */  addiu   $a0, $s0, 0x0176           ## $a0 = 00000176
/* 0157C 809EFA5C 86050092 */  lh      $a1, 0x0092($s0)           ## 00000092
/* 01580 809EFA60 24060014 */  addiu   $a2, $zero, 0x0014         ## $a2 = 00000014
/* 01584 809EFA64 0C03FFF6 */  jal     func_800FFFD8              
/* 01588 809EFA68 24070FA0 */  addiu   $a3, $zero, 0x0FA0         ## $a3 = 00000FA0
/* 0158C 809EFA6C 860A0160 */  lh      $t2, 0x0160($s0)           ## 00000160
/* 01590 809EFA70 8FA4002C */  lw      $a0, 0x002C($sp)           
/* 01594 809EFA74 26050024 */  addiu   $a1, $s0, 0x0024           ## $a1 = 00000024
/* 01598 809EFA78 314B000F */  andi    $t3, $t2, 0x000F           ## $t3 = 00000000
/* 0159C 809EFA7C 15600008 */  bne     $t3, $zero, .L809EFAA0     
/* 015A0 809EFA80 240601F4 */  addiu   $a2, $zero, 0x01F4         ## $a2 = 000001F4
/* 015A4 809EFA84 240703E8 */  addiu   $a3, $zero, 0x03E8         ## $a3 = 000003E8
/* 015A8 809EFA88 0C02C7BD */  jal     func_800B1EF4              
/* 015AC 809EFA8C AFA00010 */  sw      $zero, 0x0010($sp)         
/* 015B0 809EFA90 10000004 */  beq     $zero, $zero, .L809EFAA4   
/* 015B4 809EFA94 8FBF0024 */  lw      $ra, 0x0024($sp)           
.L809EFA98:
/* 015B8 809EFA98 0C03FFF6 */  jal     func_800FFFD8              
/* 015BC 809EFA9C 24070100 */  addiu   $a3, $zero, 0x0100         ## $a3 = 00000100
.L809EFAA0:
/* 015C0 809EFAA0 8FBF0024 */  lw      $ra, 0x0024($sp)           
.L809EFAA4:
/* 015C4 809EFAA4 8FB00020 */  lw      $s0, 0x0020($sp)           
/* 015C8 809EFAA8 27BD0028 */  addiu   $sp, $sp, 0x0028           ## $sp = 00000000
/* 015CC 809EFAAC 03E00008 */  jr      $ra                        
/* 015D0 809EFAB0 00000000 */  nop


glabel func_809EFAB4
/* 015D4 809EFAB4 27BDFF70 */  addiu   $sp, $sp, 0xFF70           ## $sp = FFFFFF70
/* 015D8 809EFAB8 AFB30060 */  sw      $s3, 0x0060($sp)           
/* 015DC 809EFABC AFB00054 */  sw      $s0, 0x0054($sp)           
/* 015E0 809EFAC0 00808025 */  or      $s0, $a0, $zero            ## $s0 = 00000000
/* 015E4 809EFAC4 00A09825 */  or      $s3, $a1, $zero            ## $s3 = 00000000
/* 015E8 809EFAC8 AFBF0064 */  sw      $ra, 0x0064($sp)           
/* 015EC 809EFACC AFB2005C */  sw      $s2, 0x005C($sp)           
/* 015F0 809EFAD0 AFB10058 */  sw      $s1, 0x0058($sp)           
/* 015F4 809EFAD4 F7BA0048 */  sdc1    $f26, 0x0048($sp)          
/* 015F8 809EFAD8 F7B80040 */  sdc1    $f24, 0x0040($sp)          
/* 015FC 809EFADC F7B60038 */  sdc1    $f22, 0x0038($sp)          
/* 01600 809EFAE0 F7B40030 */  sdc1    $f20, 0x0030($sp)          
/* 01604 809EFAE4 0C02DAA2 */  jal     func_800B6A88              
/* 01608 809EFAE8 02002025 */  or      $a0, $s0, $zero            ## $a0 = 00000000
/* 0160C 809EFAEC 3C014220 */  lui     $at, 0x4220                ## $at = 42200000
/* 01610 809EFAF0 4481A000 */  mtc1    $at, $f20                  ## $f20 = 40.00
/* 01614 809EFAF4 3C0142AA */  lui     $at, 0x42AA                ## $at = 42AA0000
/* 01618 809EFAF8 4481B000 */  mtc1    $at, $f22                  ## $f22 = 85.00
/* 0161C 809EFAFC C6040028 */  lwc1    $f4, 0x0028($s0)           ## 00000028
/* 01620 809EFB00 C608010C */  lwc1    $f8, 0x010C($s0)           ## 0000010C
/* 01624 809EFB04 3C0141A0 */  lui     $at, 0x41A0                ## $at = 41A00000
/* 01628 809EFB08 46162181 */  sub.s   $f6, $f4, $f22             
/* 0162C 809EFB0C 4481D000 */  mtc1    $at, $f26                  ## $f26 = 20.00
/* 01630 809EFB10 240E0044 */  addiu   $t6, $zero, 0x0044         ## $t6 = 00000044
/* 01634 809EFB14 46164281 */  sub.s   $f10, $f8, $f22            
/* 01638 809EFB18 E6060028 */  swc1    $f6, 0x0028($s0)           ## 00000028
/* 0163C 809EFB1C 4406D000 */  mfc1    $a2, $f26                  
/* 01640 809EFB20 02602025 */  or      $a0, $s3, $zero            ## $a0 = 00000000
/* 01644 809EFB24 E60A010C */  swc1    $f10, 0x010C($s0)          ## 0000010C
/* 01648 809EFB28 AFAE0014 */  sw      $t6, 0x0014($sp)           
/* 0164C 809EFB2C 02002825 */  or      $a1, $s0, $zero            ## $a1 = 00000000
/* 01650 809EFB30 3C074248 */  lui     $a3, 0x4248                ## $a3 = 42480000
/* 01654 809EFB34 0C02DE2E */  jal     func_800B78B8              
/* 01658 809EFB38 E7B40010 */  swc1    $f20, 0x0010($sp)          
/* 0165C 809EFB3C C6100028 */  lwc1    $f16, 0x0028($s0)          ## 00000028
/* 01660 809EFB40 C604010C */  lwc1    $f4, 0x010C($s0)           ## 0000010C
/* 01664 809EFB44 960F0090 */  lhu     $t7, 0x0090($s0)           ## 00000090
/* 01668 809EFB48 46168480 */  add.s   $f18, $f16, $f22           
/* 0166C 809EFB4C 3C01C000 */  lui     $at, 0xC000                ## $at = C0000000
/* 01670 809EFB50 31F80020 */  andi    $t8, $t7, 0x0020           ## $t8 = 00000000
/* 01674 809EFB54 46162180 */  add.s   $f6, $f4, $f22             
/* 01678 809EFB58 E6120028 */  swc1    $f18, 0x0028($s0)          ## 00000028
/* 0167C 809EFB5C 27A40080 */  addiu   $a0, $sp, 0x0080           ## $a0 = FFFFFFF0
/* 01680 809EFB60 13000008 */  beq     $t8, $zero, .L809EFB84     
/* 01684 809EFB64 E606010C */  swc1    $f6, 0x010C($s0)           ## 0000010C
/* 01688 809EFB68 3C01809F */  lui     $at, %hi(D_809F1D30)       ## $at = 809F0000
/* 0168C 809EFB6C C4281D30 */  lwc1    $f8, %lo(D_809F1D30)($at)  
/* 01690 809EFB70 3C01C0A0 */  lui     $at, 0xC0A0                ## $at = C0A00000
/* 01694 809EFB74 44815000 */  mtc1    $at, $f10                  ## $f10 = -5.00
/* 01698 809EFB78 E6080074 */  swc1    $f8, 0x0074($s0)           ## 00000074
/* 0169C 809EFB7C 10000006 */  beq     $zero, $zero, .L809EFB98   
/* 016A0 809EFB80 E60A0078 */  swc1    $f10, 0x0078($s0)          ## 00000078
.L809EFB84:
/* 016A4 809EFB84 44818000 */  mtc1    $at, $f16                  ## $f16 = -5.00
/* 016A8 809EFB88 3C01C1A0 */  lui     $at, 0xC1A0                ## $at = C1A00000
/* 016AC 809EFB8C 44819000 */  mtc1    $at, $f18                  ## $f18 = -20.00
/* 016B0 809EFB90 E6100074 */  swc1    $f16, 0x0074($s0)          ## 00000074
/* 016B4 809EFB94 E6120078 */  swc1    $f18, 0x0078($s0)          ## 00000078
.L809EFB98:
/* 016B8 809EFB98 96190090 */  lhu     $t9, 0x0090($s0)           ## 00000090
/* 016BC 809EFB9C 3C01C040 */  lui     $at, 0xC040                ## $at = C0400000
/* 016C0 809EFBA0 26110024 */  addiu   $s1, $s0, 0x0024           ## $s1 = 00000024
/* 016C4 809EFBA4 33280040 */  andi    $t0, $t9, 0x0040           ## $t0 = 00000000
/* 016C8 809EFBA8 5100001A */  beql    $t0, $zero, .L809EFC14     
/* 016CC 809EFBAC 860C0166 */  lh      $t4, 0x0166($s0)           ## 00000166
/* 016D0 809EFBB0 44812000 */  mtc1    $at, $f4                   ## $f4 = -3.00
/* 016D4 809EFBB4 3C01809F */  lui     $at, %hi(D_809F1D34)       ## $at = 809F0000
/* 016D8 809EFBB8 02202825 */  or      $a1, $s1, $zero            ## $a1 = 00000024
/* 016DC 809EFBBC E6040068 */  swc1    $f4, 0x0068($s0)           ## 00000068
/* 016E0 809EFBC0 C4261D34 */  lwc1    $f6, %lo(D_809F1D34)($at)  
/* 016E4 809EFBC4 3C01C0A0 */  lui     $at, 0xC0A0                ## $at = C0A00000
/* 016E8 809EFBC8 44814000 */  mtc1    $at, $f8                   ## $f8 = -5.00
/* 016EC 809EFBCC E6060074 */  swc1    $f6, 0x0074($s0)           ## 00000074
/* 016F0 809EFBD0 0C03FD43 */  jal     func_800FF50C              
/* 016F4 809EFBD4 E6080078 */  swc1    $f8, 0x0078($s0)           ## 00000078
/* 016F8 809EFBD8 C7AA0084 */  lwc1    $f10, 0x0084($sp)          
/* 016FC 809EFBDC 24090001 */  addiu   $t1, $zero, 0x0001         ## $t1 = 00000001
/* 01700 809EFBE0 240A03E8 */  addiu   $t2, $zero, 0x03E8         ## $t2 = 000003E8
/* 01704 809EFBE4 461A5400 */  add.s   $f16, $f10, $f26           
/* 01708 809EFBE8 AFAA0014 */  sw      $t2, 0x0014($sp)           
/* 0170C 809EFBEC AFA90010 */  sw      $t1, 0x0010($sp)           
/* 01710 809EFBF0 02602025 */  or      $a0, $s3, $zero            ## $a0 = 00000000
/* 01714 809EFBF4 E7B00084 */  swc1    $f16, 0x0084($sp)          
/* 01718 809EFBF8 02202825 */  or      $a1, $s1, $zero            ## $a1 = 00000024
/* 0171C 809EFBFC 00003025 */  or      $a2, $zero, $zero          ## $a2 = 00000000
/* 01720 809EFC00 0C02C7D3 */  jal     func_800B1F4C              
/* 01724 809EFC04 00003825 */  or      $a3, $zero, $zero          ## $a3 = 00000000
/* 01728 809EFC08 240B0014 */  addiu   $t3, $zero, 0x0014         ## $t3 = 00000014
/* 0172C 809EFC0C A60B0166 */  sh      $t3, 0x0166($s0)           ## 00000166
/* 01730 809EFC10 860C0166 */  lh      $t4, 0x0166($s0)           ## 00000166
.L809EFC14:
/* 01734 809EFC14 00008825 */  or      $s1, $zero, $zero          ## $s1 = 00000000
/* 01738 809EFC18 3C01809F */  lui     $at, %hi(D_809F1D38)       ## $at = 809F0000
/* 0173C 809EFC1C 5180001F */  beql    $t4, $zero, .L809EFC9C     
/* 01740 809EFC20 960D0090 */  lhu     $t5, 0x0090($s0)           ## 00000090
/* 01744 809EFC24 C4381D38 */  lwc1    $f24, %lo(D_809F1D38)($at) 
/* 01748 809EFC28 3C014120 */  lui     $at, 0x4120                ## $at = 41200000
/* 0174C 809EFC2C 4481B000 */  mtc1    $at, $f22                  ## $f22 = 10.00
/* 01750 809EFC30 24120003 */  addiu   $s2, $zero, 0x0003         ## $s2 = 00000003
.L809EFC34:
/* 01754 809EFC34 0C05E570 */  jal     func_801795C0              
/* 01758 809EFC38 4600A306 */  mov.s   $f12, $f20                 
/* 0175C 809EFC3C C6120024 */  lwc1    $f18, 0x0024($s0)          ## 00000024
/* 01760 809EFC40 4600A306 */  mov.s   $f12, $f20                 
/* 01764 809EFC44 46120100 */  add.s   $f4, $f0, $f18             
/* 01768 809EFC48 0C05E570 */  jal     func_801795C0              
/* 0176C 809EFC4C E7A40074 */  swc1    $f4, 0x0074($sp)           
/* 01770 809EFC50 C6060028 */  lwc1    $f6, 0x0028($s0)           ## 00000028
/* 01774 809EFC54 4600A306 */  mov.s   $f12, $f20                 
/* 01778 809EFC58 46060200 */  add.s   $f8, $f0, $f6              
/* 0177C 809EFC5C 0C05E570 */  jal     func_801795C0              
/* 01780 809EFC60 E7A80078 */  swc1    $f8, 0x0078($sp)           
/* 01784 809EFC64 C60A002C */  lwc1    $f10, 0x002C($s0)          ## 0000002C
/* 01788 809EFC68 4406D000 */  mfc1    $a2, $f26                  
/* 0178C 809EFC6C 4407B000 */  mfc1    $a3, $f22                  
/* 01790 809EFC70 460A0400 */  add.s   $f16, $f0, $f10            
/* 01794 809EFC74 E7B80014 */  swc1    $f24, 0x0014($sp)          
/* 01798 809EFC78 E7BA0010 */  swc1    $f26, 0x0010($sp)          
/* 0179C 809EFC7C 02602025 */  or      $a0, $s3, $zero            ## $a0 = 00000000
/* 017A0 809EFC80 E7B0007C */  swc1    $f16, 0x007C($sp)          
/* 017A4 809EFC84 0C02C7A5 */  jal     func_800B1E94              
/* 017A8 809EFC88 27A50074 */  addiu   $a1, $sp, 0x0074           ## $a1 = FFFFFFE4
/* 017AC 809EFC8C 26310001 */  addiu   $s1, $s1, 0x0001           ## $s1 = 00000001
/* 017B0 809EFC90 1632FFE8 */  bne     $s1, $s2, .L809EFC34       
/* 017B4 809EFC94 00000000 */  nop
/* 017B8 809EFC98 960D0090 */  lhu     $t5, 0x0090($s0)           ## 00000090
.L809EFC9C:
/* 017BC 809EFC9C 26040198 */  addiu   $a0, $s0, 0x0198           ## $a0 = 00000198
/* 017C0 809EFCA0 3C053F80 */  lui     $a1, 0x3F80                ## $a1 = 3F800000
/* 017C4 809EFCA4 31AE0001 */  andi    $t6, $t5, 0x0001           ## $t6 = 00000000
/* 017C8 809EFCA8 11C0005E */  beq     $t6, $zero, .L809EFE24     
/* 017CC 809EFCAC 3C063D4C */  lui     $a2, 0x3D4C                ## $a2 = 3D4C0000
/* 017D0 809EFCB0 920F0189 */  lbu     $t7, 0x0189($s0)           ## 00000189
/* 017D4 809EFCB4 2401000A */  addiu   $at, $zero, 0x000A         ## $at = 0000000A
/* 017D8 809EFCB8 15E10005 */  bne     $t7, $at, .L809EFCD0       
/* 017DC 809EFCBC 00000000 */  nop
/* 017E0 809EFCC0 8618017A */  lh      $t8, 0x017A($s0)           ## 0000017A
/* 017E4 809EFCC4 13000002 */  beq     $t8, $zero, .L809EFCD0     
/* 017E8 809EFCC8 00000000 */  nop
/* 017EC 809EFCCC A600017A */  sh      $zero, 0x017A($s0)         ## 0000017A
.L809EFCD0:
/* 017F0 809EFCD0 0C03FF9A */  jal     func_800FFE68              
/* 017F4 809EFCD4 34C6CCCD */  ori     $a2, $a2, 0xCCCD           ## $a2 = 3D4CCCCD
/* 017F8 809EFCD8 44809000 */  mtc1    $zero, $f18                ## $f18 = 0.00
/* 017FC 809EFCDC C6040198 */  lwc1    $f4, 0x0198($s0)           ## 00000198
/* 01800 809EFCE0 46049032 */  c.eq.s  $f18, $f4                  
/* 01804 809EFCE4 00000000 */  nop
/* 01808 809EFCE8 4502004F */  bc1fl   .L809EFE28                 
/* 0180C 809EFCEC 8FBF0064 */  lw      $ra, 0x0064($sp)           
/* 01810 809EFCF0 C6060324 */  lwc1    $f6, 0x0324($s0)           ## 00000324
/* 01814 809EFCF4 240A0004 */  addiu   $t2, $zero, 0x0004         ## $t2 = 00000004
/* 01818 809EFCF8 26641CA0 */  addiu   $a0, $s3, 0x1CA0           ## $a0 = 00001CA0
/* 0181C 809EFCFC E7A60010 */  swc1    $f6, 0x0010($sp)           
/* 01820 809EFD00 C6080328 */  lwc1    $f8, 0x0328($s0)           ## 00000328
/* 01824 809EFD04 02002825 */  or      $a1, $s0, $zero            ## $a1 = 00000000
/* 01828 809EFD08 02603025 */  or      $a2, $s3, $zero            ## $a2 = 00000000
/* 0182C 809EFD0C E7A80014 */  swc1    $f8, 0x0014($sp)           
/* 01830 809EFD10 C60A032C */  lwc1    $f10, 0x032C($s0)          ## 0000032C
/* 01834 809EFD14 2407012D */  addiu   $a3, $zero, 0x012D         ## $a3 = 0000012D
/* 01838 809EFD18 E7AA0018 */  swc1    $f10, 0x0018($sp)          
/* 0183C 809EFD1C 86190330 */  lh      $t9, 0x0330($s0)           ## 00000330
/* 01840 809EFD20 AFB9001C */  sw      $t9, 0x001C($sp)           
/* 01844 809EFD24 86080332 */  lh      $t0, 0x0332($s0)           ## 00000332
/* 01848 809EFD28 AFA80020 */  sw      $t0, 0x0020($sp)           
/* 0184C 809EFD2C 86090334 */  lh      $t1, 0x0334($s0)           ## 00000334
/* 01850 809EFD30 AFAA0028 */  sw      $t2, 0x0028($sp)           
/* 01854 809EFD34 0C02EC30 */  jal     func_800BB0C0              
/* 01858 809EFD38 AFA90024 */  sw      $t1, 0x0024($sp)           
/* 0185C 809EFD3C 10400037 */  beq     $v0, $zero, .L809EFE1C     
/* 01860 809EFD40 00403025 */  or      $a2, $v0, $zero            ## $a2 = 00000000
/* 01864 809EFD44 8E631CCC */  lw      $v1, 0x1CCC($s3)           ## 00001CCC
/* 01868 809EFD48 24040078 */  addiu   $a0, $zero, 0x0078         ## $a0 = 00000078
/* 0186C 809EFD4C 24053825 */  addiu   $a1, $zero, 0x3825         ## $a1 = 00003825
/* 01870 809EFD50 8C6B0730 */  lw      $t3, 0x0730($v1)           ## 00000730
/* 01874 809EFD54 560B0005 */  bnel    $s0, $t3, .L809EFD6C       
/* 01878 809EFD58 00001825 */  or      $v1, $zero, $zero          ## $v1 = 00000000
/* 0187C 809EFD5C AC620730 */  sw      $v0, 0x0730($v1)           ## 00000730
/* 01880 809EFD60 AE621DF8 */  sw      $v0, 0x1DF8($s3)           ## 00001DF8
/* 01884 809EFD64 AE621DFC */  sw      $v0, 0x1DFC($s3)           ## 00001DFC
/* 01888 809EFD68 00001825 */  or      $v1, $zero, $zero          ## $v1 = 00000000
.L809EFD6C:
/* 0188C 809EFD6C 8E0E03E8 */  lw      $t6, 0x03E8($s0)           ## 000003E8
/* 01890 809EFD70 8C4C03E8 */  lw      $t4, 0x03E8($v0)           ## 000003E8
/* 01894 809EFD74 01C37821 */  addu    $t7, $t6, $v1              
/* 01898 809EFD78 89F90000 */  lwl     $t9, 0x0000($t7)           ## 00000000
/* 0189C 809EFD7C 99F90003 */  lwr     $t9, 0x0003($t7)           ## 00000003
/* 018A0 809EFD80 01836821 */  addu    $t5, $t4, $v1              
/* 018A4 809EFD84 A9B90000 */  swl     $t9, 0x0000($t5)           ## 00000000
/* 018A8 809EFD88 B9B90003 */  swr     $t9, 0x0003($t5)           ## 00000003
/* 018AC 809EFD8C 95F90004 */  lhu     $t9, 0x0004($t7)           ## 00000004
/* 018B0 809EFD90 A5B90004 */  sh      $t9, 0x0004($t5)           ## 00000004
/* 018B4 809EFD94 8E0A03E8 */  lw      $t2, 0x03E8($s0)           ## 000003E8
/* 018B8 809EFD98 8C4803E8 */  lw      $t0, 0x03E8($v0)           ## 000003E8
/* 018BC 809EFD9C 01435821 */  addu    $t3, $t2, $v1              
/* 018C0 809EFDA0 896E0006 */  lwl     $t6, 0x0006($t3)           ## 00000006
/* 018C4 809EFDA4 996E0009 */  lwr     $t6, 0x0009($t3)           ## 00000009
/* 018C8 809EFDA8 01034821 */  addu    $t1, $t0, $v1              
/* 018CC 809EFDAC A92E0006 */  swl     $t6, 0x0006($t1)           ## 00000006
/* 018D0 809EFDB0 B92E0009 */  swr     $t6, 0x0009($t1)           ## 00000009
/* 018D4 809EFDB4 956E000A */  lhu     $t6, 0x000A($t3)           ## 0000000A
/* 018D8 809EFDB8 A52E000A */  sh      $t6, 0x000A($t1)           ## 0000000A
/* 018DC 809EFDBC 8E1803E8 */  lw      $t8, 0x03E8($s0)           ## 000003E8
/* 018E0 809EFDC0 8C4D03E8 */  lw      $t5, 0x03E8($v0)           ## 000003E8
/* 018E4 809EFDC4 0303C821 */  addu    $t9, $t8, $v1              
/* 018E8 809EFDC8 8B2A000C */  lwl     $t2, 0x000C($t9)           ## 0000000C
/* 018EC 809EFDCC 9B2A000F */  lwr     $t2, 0x000F($t9)           ## 0000000F
/* 018F0 809EFDD0 01A37821 */  addu    $t7, $t5, $v1              
/* 018F4 809EFDD4 A9EA000C */  swl     $t2, 0x000C($t7)           ## 0000000C
/* 018F8 809EFDD8 B9EA000F */  swr     $t2, 0x000F($t7)           ## 0000000F
/* 018FC 809EFDDC 972A0010 */  lhu     $t2, 0x0010($t9)           ## 00000010
/* 01900 809EFDE0 A5EA0010 */  sh      $t2, 0x0010($t7)           ## 00000010
/* 01904 809EFDE4 8E0C03E8 */  lw      $t4, 0x03E8($s0)           ## 000003E8
/* 01908 809EFDE8 8C4903E8 */  lw      $t1, 0x03E8($v0)           ## 000003E8
/* 0190C 809EFDEC 01837021 */  addu    $t6, $t4, $v1              
/* 01910 809EFDF0 89D80012 */  lwl     $t8, 0x0012($t6)           ## 00000012
/* 01914 809EFDF4 99D80015 */  lwr     $t8, 0x0015($t6)           ## 00000015
/* 01918 809EFDF8 01235821 */  addu    $t3, $t1, $v1              
/* 0191C 809EFDFC 24630018 */  addiu   $v1, $v1, 0x0018           ## $v1 = 00000018
/* 01920 809EFE00 A9780012 */  swl     $t8, 0x0012($t3)           ## 00000012
/* 01924 809EFE04 B9780015 */  swr     $t8, 0x0015($t3)           ## 00000015
/* 01928 809EFE08 95D80016 */  lhu     $t8, 0x0016($t6)           ## 00000016
/* 0192C 809EFE0C 1464FFD7 */  bne     $v1, $a0, .L809EFD6C       
/* 01930 809EFE10 A5780016 */  sh      $t8, 0x0016($t3)           ## 00000016
/* 01934 809EFE14 0C02E3B2 */  jal     func_800B8EC8              
/* 01938 809EFE18 00C02025 */  or      $a0, $a2, $zero            ## $a0 = 00000000
.L809EFE1C:
/* 0193C 809EFE1C 0C02D9C3 */  jal     func_800B670C              
/* 01940 809EFE20 02002025 */  or      $a0, $s0, $zero            ## $a0 = 00000000
.L809EFE24:
/* 01944 809EFE24 8FBF0064 */  lw      $ra, 0x0064($sp)           
.L809EFE28:
/* 01948 809EFE28 D7B40030 */  ldc1    $f20, 0x0030($sp)          
/* 0194C 809EFE2C D7B60038 */  ldc1    $f22, 0x0038($sp)          
/* 01950 809EFE30 D7B80040 */  ldc1    $f24, 0x0040($sp)          
/* 01954 809EFE34 D7BA0048 */  ldc1    $f26, 0x0048($sp)          
/* 01958 809EFE38 8FB00054 */  lw      $s0, 0x0054($sp)           
/* 0195C 809EFE3C 8FB10058 */  lw      $s1, 0x0058($sp)           
/* 01960 809EFE40 8FB2005C */  lw      $s2, 0x005C($sp)           
/* 01964 809EFE44 8FB30060 */  lw      $s3, 0x0060($sp)           
/* 01968 809EFE48 03E00008 */  jr      $ra                        
/* 0196C 809EFE4C 27BD0090 */  addiu   $sp, $sp, 0x0090           ## $sp = 00000000


glabel func_809EFE50
/* 01970 809EFE50 27BDFFD0 */  addiu   $sp, $sp, 0xFFD0           ## $sp = FFFFFFD0
/* 01974 809EFE54 AFB00018 */  sw      $s0, 0x0018($sp)           
/* 01978 809EFE58 00808025 */  or      $s0, $a0, $zero            ## $s0 = 00000000
/* 0197C 809EFE5C AFBF001C */  sw      $ra, 0x001C($sp)           
/* 01980 809EFE60 AFA50034 */  sw      $a1, 0x0034($sp)           
/* 01984 809EFE64 860E016A */  lh      $t6, 0x016A($s0)           ## 0000016A
/* 01988 809EFE68 00003025 */  or      $a2, $zero, $zero          ## $a2 = 00000000
/* 0198C 809EFE6C 55C00065 */  bnel    $t6, $zero, .L809F0004     
/* 01990 809EFE70 8FBF001C */  lw      $ra, 0x001C($sp)           
/* 01994 809EFE74 8E030384 */  lw      $v1, 0x0384($s0)           ## 00000384
/* 01998 809EFE78 90640016 */  lbu     $a0, 0x0016($v1)           ## 00000016
/* 0199C 809EFE7C 308F0002 */  andi    $t7, $a0, 0x0002           ## $t7 = 00000000
/* 019A0 809EFE80 11E0005F */  beq     $t7, $zero, .L809F0000     
/* 019A4 809EFE84 3098FFFD */  andi    $t8, $a0, 0xFFFD           ## $t8 = 00000000
/* 019A8 809EFE88 A0780016 */  sb      $t8, 0x0016($v1)           ## 00000016
/* 019AC 809EFE8C 8E190384 */  lw      $t9, 0x0384($s0)           ## 00000384
/* 019B0 809EFE90 3C010030 */  lui     $at, 0x0030                ## $at = 00300000
/* 019B4 809EFE94 240B0006 */  addiu   $t3, $zero, 0x0006         ## $t3 = 00000006
/* 019B8 809EFE98 8F220024 */  lw      $v0, 0x0024($t9)           ## 00000024
/* 019BC 809EFE9C 240C000A */  addiu   $t4, $zero, 0x000A         ## $t4 = 0000000A
/* 019C0 809EFEA0 02002025 */  or      $a0, $s0, $zero            ## $a0 = 00000000
/* 019C4 809EFEA4 8C480000 */  lw      $t0, 0x0000($v0)           ## 00000000
/* 019C8 809EFEA8 24053807 */  addiu   $a1, $zero, 0x3807         ## $a1 = 00003807
/* 019CC 809EFEAC 01014824 */  and     $t1, $t0, $at              
/* 019D0 809EFEB0 11200008 */  beq     $t1, $zero, .L809EFED4     
/* 019D4 809EFEB4 3C01C1A0 */  lui     $at, 0xC1A0                ## $at = C1A00000
/* 019D8 809EFEB8 3C01C140 */  lui     $at, 0xC140                ## $at = C1400000
/* 019DC 809EFEBC 44812000 */  mtc1    $at, $f4                   ## $f4 = -12.00
/* 019E0 809EFEC0 860A0092 */  lh      $t2, 0x0092($s0)           ## 00000092
/* 019E4 809EFEC4 A60B016A */  sh      $t3, 0x016A($s0)           ## 0000016A
/* 019E8 809EFEC8 E6040338 */  swc1    $f4, 0x0338($s0)           ## 00000338
/* 019EC 809EFECC 1000004C */  beq     $zero, $zero, .L809F0000   
/* 019F0 809EFED0 A60A0348 */  sh      $t2, 0x0348($s0)           ## 00000348
.L809EFED4:
/* 019F4 809EFED4 44803000 */  mtc1    $zero, $f6                 ## $f6 = 0.00
/* 019F8 809EFED8 44814000 */  mtc1    $at, $f8                   ## $f8 = -12.00
/* 019FC 809EFEDC 860D0092 */  lh      $t5, 0x0092($s0)           ## 00000092
/* 01A00 809EFEE0 A60C016A */  sh      $t4, 0x016A($s0)           ## 0000016A
/* 01A04 809EFEE4 E6060070 */  swc1    $f6, 0x0070($s0)           ## 00000070
/* 01A08 809EFEE8 E6080338 */  swc1    $f8, 0x0338($s0)           ## 00000338
/* 01A0C 809EFEEC A60D0348 */  sh      $t5, 0x0348($s0)           ## 00000348
/* 01A10 809EFEF0 0C02E3B2 */  jal     func_800B8EC8              
/* 01A14 809EFEF4 A3A60027 */  sb      $a2, 0x0027($sp)           
/* 01A18 809EFEF8 920200B9 */  lbu     $v0, 0x00B9($s0)           ## 000000B9
/* 01A1C 809EFEFC 24010001 */  addiu   $at, $zero, 0x0001         ## $at = 00000001
/* 01A20 809EFF00 93A60027 */  lbu     $a2, 0x0027($sp)           
/* 01A24 809EFF04 1041000C */  beq     $v0, $at, .L809EFF38       
/* 01A28 809EFF08 02002025 */  or      $a0, $s0, $zero            ## $a0 = 00000000
/* 01A2C 809EFF0C 24010002 */  addiu   $at, $zero, 0x0002         ## $at = 00000002
/* 01A30 809EFF10 1041000E */  beq     $v0, $at, .L809EFF4C       
/* 01A34 809EFF14 240E0001 */  addiu   $t6, $zero, 0x0001         ## $t6 = 00000001
/* 01A38 809EFF18 24010003 */  addiu   $at, $zero, 0x0003         ## $at = 00000003
/* 01A3C 809EFF1C 1041000E */  beq     $v0, $at, .L809EFF58       
/* 01A40 809EFF20 02002025 */  or      $a0, $s0, $zero            ## $a0 = 00000000
/* 01A44 809EFF24 24010004 */  addiu   $at, $zero, 0x0004         ## $at = 00000004
/* 01A48 809EFF28 10410012 */  beq     $v0, $at, .L809EFF74       
/* 01A4C 809EFF2C 24180014 */  addiu   $t8, $zero, 0x0014         ## $t8 = 00000014
/* 01A50 809EFF30 10000012 */  beq     $zero, $zero, .L809EFF7C   
/* 01A54 809EFF34 24060001 */  addiu   $a2, $zero, 0x0001         ## $a2 = 00000001
.L809EFF38:
/* 01A58 809EFF38 8FA50034 */  lw      $a1, 0x0034($sp)           
/* 01A5C 809EFF3C 0C27C283 */  jal     func_809F0A0C              
/* 01A60 809EFF40 A3A60027 */  sb      $a2, 0x0027($sp)           
/* 01A64 809EFF44 1000000D */  beq     $zero, $zero, .L809EFF7C   
/* 01A68 809EFF48 93A60027 */  lbu     $a2, 0x0027($sp)           
.L809EFF4C:
/* 01A6C 809EFF4C A20E0188 */  sb      $t6, 0x0188($s0)           ## 00000188
/* 01A70 809EFF50 1000000A */  beq     $zero, $zero, .L809EFF7C   
/* 01A74 809EFF54 24060001 */  addiu   $a2, $zero, 0x0001         ## $a2 = 00000001
.L809EFF58:
/* 01A78 809EFF58 8FA50034 */  lw      $a1, 0x0034($sp)           
/* 01A7C 809EFF5C 0C27C299 */  jal     func_809F0A64              
/* 01A80 809EFF60 A3A60027 */  sb      $a2, 0x0027($sp)           
/* 01A84 809EFF64 93A60027 */  lbu     $a2, 0x0027($sp)           
/* 01A88 809EFF68 240F000A */  addiu   $t7, $zero, 0x000A         ## $t7 = 0000000A
/* 01A8C 809EFF6C 10000003 */  beq     $zero, $zero, .L809EFF7C   
/* 01A90 809EFF70 A20F0188 */  sb      $t7, 0x0188($s0)           ## 00000188
.L809EFF74:
/* 01A94 809EFF74 A2180188 */  sb      $t8, 0x0188($s0)           ## 00000188
/* 01A98 809EFF78 24060001 */  addiu   $a2, $zero, 0x0001         ## $a2 = 00000001
.L809EFF7C:
/* 01A9C 809EFF7C 50C00021 */  beql    $a2, $zero, .L809F0004     
/* 01AA0 809EFF80 8FBF001C */  lw      $ra, 0x001C($sp)           
/* 01AA4 809EFF84 8E080170 */  lw      $t0, 0x0170($s0)           ## 00000170
/* 01AA8 809EFF88 3C19809F */  lui     $t9, %hi(func_809F0ABC)    ## $t9 = 809F0000
/* 01AAC 809EFF8C 27390ABC */  addiu   $t9, $t9, %lo(func_809F0ABC) ## $t9 = 809F0ABC
/* 01AB0 809EFF90 5728000D */  bnel    $t9, $t0, .L809EFFC8       
/* 01AB4 809EFF94 920200B8 */  lbu     $v0, 0x00B8($s0)           ## 000000B8
/* 01AB8 809EFF98 92090189 */  lbu     $t1, 0x0189($s0)           ## 00000189
/* 01ABC 809EFF9C 2401000A */  addiu   $at, $zero, 0x000A         ## $at = 0000000A
/* 01AC0 809EFFA0 55210009 */  bnel    $t1, $at, .L809EFFC8       
/* 01AC4 809EFFA4 920200B8 */  lbu     $v0, 0x00B8($s0)           ## 000000B8
/* 01AC8 809EFFA8 860A017A */  lh      $t2, 0x017A($s0)           ## 0000017A
/* 01ACC 809EFFAC 02002025 */  or      $a0, $s0, $zero            ## $a0 = 00000000
/* 01AD0 809EFFB0 51400005 */  beql    $t2, $zero, .L809EFFC8     
/* 01AD4 809EFFB4 920200B8 */  lbu     $v0, 0x00B8($s0)           ## 000000B8
/* 01AD8 809EFFB8 0C27B938 */  jal     func_809EE4E0              
/* 01ADC 809EFFBC 8FA50034 */  lw      $a1, 0x0034($sp)           
/* 01AE0 809EFFC0 A2000188 */  sb      $zero, 0x0188($s0)         ## 00000188
/* 01AE4 809EFFC4 920200B8 */  lbu     $v0, 0x00B8($s0)           ## 000000B8
.L809EFFC8:
/* 01AE8 809EFFC8 920B00B7 */  lbu     $t3, 0x00B7($s0)           ## 000000B7
/* 01AEC 809EFFCC 01626023 */  subu    $t4, $t3, $v0              
/* 01AF0 809EFFD0 A20C00B7 */  sb      $t4, 0x00B7($s0)           ## 000000B7
/* 01AF4 809EFFD4 820D00B7 */  lb      $t5, 0x00B7($s0)           ## 000000B7
/* 01AF8 809EFFD8 8FA40034 */  lw      $a0, 0x0034($sp)           
/* 01AFC 809EFFDC 5DA00004 */  bgtzl   $t5, .L809EFFF0            
/* 01B00 809EFFE0 02002025 */  or      $a0, $s0, $zero            ## $a0 = 00000000
/* 01B04 809EFFE4 0C02EEA2 */  jal     func_800BBA88              
/* 01B08 809EFFE8 02002825 */  or      $a1, $s0, $zero            ## $a1 = 00000000
/* 01B0C 809EFFEC 02002025 */  or      $a0, $s0, $zero            ## $a0 = 00000000
.L809EFFF0:
/* 01B10 809EFFF0 0C27C1C2 */  jal     func_809F0708              
/* 01B14 809EFFF4 8FA50034 */  lw      $a1, 0x0034($sp)           
/* 01B18 809EFFF8 240E000F */  addiu   $t6, $zero, 0x000F         ## $t6 = 0000000F
/* 01B1C 809EFFFC A60E016C */  sh      $t6, 0x016C($s0)           ## 0000016C
.L809F0000:
/* 01B20 809F0000 8FBF001C */  lw      $ra, 0x001C($sp)           
.L809F0004:
/* 01B24 809F0004 8FB00018 */  lw      $s0, 0x0018($sp)           
/* 01B28 809F0008 27BD0030 */  addiu   $sp, $sp, 0x0030           ## $sp = 00000000
/* 01B2C 809F000C 03E00008 */  jr      $ra                        
/* 01B30 809F0010 00000000 */  nop


glabel func_809F0014
/* 01B34 809F0014 AFA50004 */  sw      $a1, 0x0004($sp)           
/* 01B38 809F0018 848E0092 */  lh      $t6, 0x0092($a0)           ## 00000092
/* 01B3C 809F001C 848F00BE */  lh      $t7, 0x00BE($a0)           ## 000000BE
/* 01B40 809F0020 01CF1023 */  subu    $v0, $t6, $t7              
/* 01B44 809F0024 00021400 */  sll     $v0, $v0, 16               
/* 01B48 809F0028 00021403 */  sra     $v0, $v0, 16               
/* 01B4C 809F002C 04410003 */  bgez    $v0, .L809F003C            
/* 01B50 809F0030 00401825 */  or      $v1, $v0, $zero            ## $v1 = 00000000
/* 01B54 809F0034 10000001 */  beq     $zero, $zero, .L809F003C   
/* 01B58 809F0038 00021823 */  subu    $v1, $zero, $v0            
.L809F003C:
/* 01B5C 809F003C 28613000 */  slti    $at, $v1, 0x3000           
/* 01B60 809F0040 10200003 */  beq     $at, $zero, .L809F0050     
/* 01B64 809F0044 00001025 */  or      $v0, $zero, $zero          ## $v0 = 00000000
/* 01B68 809F0048 03E00008 */  jr      $ra                        
/* 01B6C 809F004C 24020001 */  addiu   $v0, $zero, 0x0001         ## $v0 = 00000001
.L809F0050:
/* 01B70 809F0050 03E00008 */  jr      $ra                        
/* 01B74 809F0054 00000000 */  nop


glabel func_809F0058
/* 01B78 809F0058 27BDFFE8 */  addiu   $sp, $sp, 0xFFE8           ## $sp = FFFFFFE8
/* 01B7C 809F005C AFBF0014 */  sw      $ra, 0x0014($sp)           
/* 01B80 809F0060 AFA5001C */  sw      $a1, 0x001C($sp)           
/* 01B84 809F0064 8FA5001C */  lw      $a1, 0x001C($sp)           
/* 01B88 809F0068 0C27C005 */  jal     func_809F0014              
/* 01B8C 809F006C AFA40018 */  sw      $a0, 0x0018($sp)           
/* 01B90 809F0070 10400012 */  beq     $v0, $zero, .L809F00BC     
/* 01B94 809F0074 8FA40018 */  lw      $a0, 0x0018($sp)           
/* 01B98 809F0078 3C01809F */  lui     $at, %hi(D_809F1D3C)       ## $at = 809F0000
/* 01B9C 809F007C C4241D3C */  lwc1    $f4, %lo(D_809F1D3C)($at)  
/* 01BA0 809F0080 C4860094 */  lwc1    $f6, 0x0094($a0)           ## 00000094
/* 01BA4 809F0084 4604303E */  c.le.s  $f6, $f4                   
/* 01BA8 809F0088 00000000 */  nop
/* 01BAC 809F008C 4502000C */  bc1fl   .L809F00C0                 
/* 01BB0 809F0090 8FBF0014 */  lw      $ra, 0x0014($sp)           
/* 01BB4 809F0094 C480009C */  lwc1    $f0, 0x009C($a0)           ## 0000009C
/* 01BB8 809F0098 3C01428C */  lui     $at, 0x428C                ## $at = 428C0000
/* 01BBC 809F009C 44814000 */  mtc1    $at, $f8                   ## $f8 = 70.00
/* 01BC0 809F00A0 46000005 */  abs.s   $f0, $f0                   
/* 01BC4 809F00A4 4608003C */  c.lt.s  $f0, $f8                   
/* 01BC8 809F00A8 00000000 */  nop
/* 01BCC 809F00AC 45020004 */  bc1fl   .L809F00C0                 
/* 01BD0 809F00B0 8FBF0014 */  lw      $ra, 0x0014($sp)           
/* 01BD4 809F00B4 0C27C11D */  jal     func_809F0474              
/* 01BD8 809F00B8 8FA5001C */  lw      $a1, 0x001C($sp)           
.L809F00BC:
/* 01BDC 809F00BC 8FBF0014 */  lw      $ra, 0x0014($sp)           
.L809F00C0:
/* 01BE0 809F00C0 27BD0018 */  addiu   $sp, $sp, 0x0018           ## $sp = 00000000
/* 01BE4 809F00C4 03E00008 */  jr      $ra                        
/* 01BE8 809F00C8 00000000 */  nop


glabel func_809F00CC
/* 01BEC 809F00CC 27BDFFE8 */  addiu   $sp, $sp, 0xFFE8           ## $sp = FFFFFFE8
/* 01BF0 809F00D0 AFBF0014 */  sw      $ra, 0x0014($sp)           
/* 01BF4 809F00D4 AFA5001C */  sw      $a1, 0x001C($sp)           
/* 01BF8 809F00D8 00803825 */  or      $a3, $a0, $zero            ## $a3 = 00000000
/* 01BFC 809F00DC 3C0E809F */  lui     $t6, %hi(func_809F010C)    ## $t6 = 809F0000
/* 01C00 809F00E0 25CE010C */  addiu   $t6, $t6, %lo(func_809F010C) ## $t6 = 809F010C
/* 01C04 809F00E4 3C050600 */  lui     $a1, 0x0600                ## $a1 = 06000000
/* 01C08 809F00E8 ACEE0170 */  sw      $t6, 0x0170($a3)           ## 00000170
/* 01C0C 809F00EC 24A56E50 */  addiu   $a1, $a1, 0x6E50           ## $a1 = 06006E50
/* 01C10 809F00F0 24E403C8 */  addiu   $a0, $a3, 0x03C8           ## $a0 = 000003C8
/* 01C14 809F00F4 0C04DD22 */  jal     func_80137488              
/* 01C18 809F00F8 3C06C0A0 */  lui     $a2, 0xC0A0                ## $a2 = C0A00000
/* 01C1C 809F00FC 8FBF0014 */  lw      $ra, 0x0014($sp)           
/* 01C20 809F0100 27BD0018 */  addiu   $sp, $sp, 0x0018           ## $sp = 00000000
/* 01C24 809F0104 03E00008 */  jr      $ra                        
/* 01C28 809F0108 00000000 */  nop


glabel func_809F010C
/* 01C2C 809F010C 27BDFFE0 */  addiu   $sp, $sp, 0xFFE0           ## $sp = FFFFFFE0
/* 01C30 809F0110 AFB00018 */  sw      $s0, 0x0018($sp)           
/* 01C34 809F0114 00808025 */  or      $s0, $a0, $zero            ## $s0 = 00000000
/* 01C38 809F0118 AFBF001C */  sw      $ra, 0x001C($sp)           
/* 01C3C 809F011C AFA50024 */  sw      $a1, 0x0024($sp)           
/* 01C40 809F0120 0C04DB34 */  jal     func_80136CD0              
/* 01C44 809F0124 260403C8 */  addiu   $a0, $s0, 0x03C8           ## $a0 = 000003C8
/* 01C48 809F0128 260400BC */  addiu   $a0, $s0, 0x00BC           ## $a0 = 000000BC
/* 01C4C 809F012C 00002825 */  or      $a1, $zero, $zero          ## $a1 = 00000000
/* 01C50 809F0130 24060002 */  addiu   $a2, $zero, 0x0002         ## $a2 = 00000002
/* 01C54 809F0134 0C03FFF6 */  jal     func_800FFFD8              
/* 01C58 809F0138 24070400 */  addiu   $a3, $zero, 0x0400         ## $a3 = 00000400
/* 01C5C 809F013C 260400C0 */  addiu   $a0, $s0, 0x00C0           ## $a0 = 000000C0
/* 01C60 809F0140 00002825 */  or      $a1, $zero, $zero          ## $a1 = 00000000
/* 01C64 809F0144 24060002 */  addiu   $a2, $zero, 0x0002         ## $a2 = 00000002
/* 01C68 809F0148 0C03FFF6 */  jal     func_800FFFD8              
/* 01C6C 809F014C 24070400 */  addiu   $a3, $zero, 0x0400         ## $a3 = 00000400
/* 01C70 809F0150 3C013F80 */  lui     $at, 0x3F80                ## $at = 3F800000
/* 01C74 809F0154 44810000 */  mtc1    $at, $f0                   ## $f0 = 1.00
/* 01C78 809F0158 26040360 */  addiu   $a0, $s0, 0x0360           ## $a0 = 00000360
/* 01C7C 809F015C 3C073F00 */  lui     $a3, 0x3F00                ## $a3 = 3F000000
/* 01C80 809F0160 44050000 */  mfc1    $a1, $f0                   
/* 01C84 809F0164 44060000 */  mfc1    $a2, $f0                   
/* 01C88 809F0168 0C03FF7E */  jal     func_800FFDF8              
/* 01C8C 809F016C 00000000 */  nop
/* 01C90 809F0170 3C013F80 */  lui     $at, 0x3F80                ## $at = 3F800000
/* 01C94 809F0174 44810000 */  mtc1    $at, $f0                   ## $f0 = 1.00
/* 01C98 809F0178 3C073E0F */  lui     $a3, 0x3E0F                ## $a3 = 3E0F0000
/* 01C9C 809F017C 34E75C29 */  ori     $a3, $a3, 0x5C29           ## $a3 = 3E0F5C29
/* 01CA0 809F0180 44050000 */  mfc1    $a1, $f0                   
/* 01CA4 809F0184 44060000 */  mfc1    $a2, $f0                   
/* 01CA8 809F0188 0C03FF7E */  jal     func_800FFDF8              
/* 01CAC 809F018C 26040364 */  addiu   $a0, $s0, 0x0364           ## $a0 = 00000364
/* 01CB0 809F0190 3C013F80 */  lui     $at, 0x3F80                ## $at = 3F800000
/* 01CB4 809F0194 44812000 */  mtc1    $at, $f4                   ## $f4 = 1.00
/* 01CB8 809F0198 C6060364 */  lwc1    $f6, 0x0364($s0)           ## 00000364
/* 01CBC 809F019C 02002025 */  or      $a0, $s0, $zero            ## $a0 = 00000000
/* 01CC0 809F01A0 46062032 */  c.eq.s  $f4, $f6                   
/* 01CC4 809F01A4 00000000 */  nop
/* 01CC8 809F01A8 45020004 */  bc1fl   .L809F01BC                 
/* 01CCC 809F01AC 8FBF001C */  lw      $ra, 0x001C($sp)           
/* 01CD0 809F01B0 0C27C073 */  jal     func_809F01CC              
/* 01CD4 809F01B4 8FA50024 */  lw      $a1, 0x0024($sp)           
/* 01CD8 809F01B8 8FBF001C */  lw      $ra, 0x001C($sp)           
.L809F01BC:
/* 01CDC 809F01BC 8FB00018 */  lw      $s0, 0x0018($sp)           
/* 01CE0 809F01C0 27BD0020 */  addiu   $sp, $sp, 0x0020           ## $sp = 00000000
/* 01CE4 809F01C4 03E00008 */  jr      $ra                        
/* 01CE8 809F01C8 00000000 */  nop


glabel func_809F01CC
/* 01CEC 809F01CC 27BDFFE8 */  addiu   $sp, $sp, 0xFFE8           ## $sp = FFFFFFE8
/* 01CF0 809F01D0 AFBF0014 */  sw      $ra, 0x0014($sp)           
/* 01CF4 809F01D4 AFA5001C */  sw      $a1, 0x001C($sp)           
/* 01CF8 809F01D8 00803825 */  or      $a3, $a0, $zero            ## $a3 = 00000000
/* 01CFC 809F01DC 3C0E809F */  lui     $t6, %hi(func_809F0244)    ## $t6 = 809F0000
/* 01D00 809F01E0 25CE0244 */  addiu   $t6, $t6, %lo(func_809F0244) ## $t6 = 809F0244
/* 01D04 809F01E4 ACEE0170 */  sw      $t6, 0x0170($a3)           ## 00000170
/* 01D08 809F01E8 3C050600 */  lui     $a1, 0x0600                ## $a1 = 06000000
/* 01D0C 809F01EC 24A57488 */  addiu   $a1, $a1, 0x7488           ## $a1 = 06007488
/* 01D10 809F01F0 AFA70018 */  sw      $a3, 0x0018($sp)           
/* 01D14 809F01F4 24E403C8 */  addiu   $a0, $a3, 0x03C8           ## $a0 = 000003C8
/* 01D18 809F01F8 0C04DD65 */  jal     func_80137594              
/* 01D1C 809F01FC 3C06C120 */  lui     $a2, 0xC120                ## $a2 = C1200000
/* 01D20 809F0200 3C0141C8 */  lui     $at, 0x41C8                ## $at = 41C80000
/* 01D24 809F0204 44816000 */  mtc1    $at, $f12                  ## $f12 = 25.00
/* 01D28 809F0208 0C05E565 */  jal     func_80179594              
/* 01D2C 809F020C 00000000 */  nop
/* 01D30 809F0210 3C0141C8 */  lui     $at, 0x41C8                ## $at = 41C80000
/* 01D34 809F0214 44812000 */  mtc1    $at, $f4                   ## $f4 = 25.00
/* 01D38 809F0218 8FA40018 */  lw      $a0, 0x0018($sp)           
/* 01D3C 809F021C 24053860 */  addiu   $a1, $zero, 0x3860         ## $a1 = 00003860
/* 01D40 809F0220 46040180 */  add.s   $f6, $f0, $f4              
/* 01D44 809F0224 4600320D */  trunc.w.s $f8, $f6                   
/* 01D48 809F0228 44184000 */  mfc1    $t8, $f8                   
/* 01D4C 809F022C 0C02E3B2 */  jal     func_800B8EC8              
/* 01D50 809F0230 A4980162 */  sh      $t8, 0x0162($a0)           ## 00000162
/* 01D54 809F0234 8FBF0014 */  lw      $ra, 0x0014($sp)           
/* 01D58 809F0238 27BD0018 */  addiu   $sp, $sp, 0x0018           ## $sp = 00000000
/* 01D5C 809F023C 03E00008 */  jr      $ra                        
/* 01D60 809F0240 00000000 */  nop


glabel func_809F0244
/* 01D64 809F0244 27BDFFE0 */  addiu   $sp, $sp, 0xFFE0           ## $sp = FFFFFFE0
/* 01D68 809F0248 AFB00018 */  sw      $s0, 0x0018($sp)           
/* 01D6C 809F024C 00808025 */  or      $s0, $a0, $zero            ## $s0 = 00000000
/* 01D70 809F0250 AFBF001C */  sw      $ra, 0x001C($sp)           
/* 01D74 809F0254 AFA50024 */  sw      $a1, 0x0024($sp)           
/* 01D78 809F0258 0C04DB34 */  jal     func_80136CD0              
/* 01D7C 809F025C 260403C8 */  addiu   $a0, $s0, 0x03C8           ## $a0 = 000003C8
/* 01D80 809F0260 26040070 */  addiu   $a0, $s0, 0x0070           ## $a0 = 00000070
/* 01D84 809F0264 3C053F80 */  lui     $a1, 0x3F80                ## $a1 = 3F800000
/* 01D88 809F0268 0C03FF9A */  jal     func_800FFE68              
/* 01D8C 809F026C 3C064020 */  lui     $a2, 0x4020                ## $a2 = 40200000
/* 01D90 809F0270 260400BC */  addiu   $a0, $s0, 0x00BC           ## $a0 = 000000BC
/* 01D94 809F0274 00002825 */  or      $a1, $zero, $zero          ## $a1 = 00000000
/* 01D98 809F0278 24060002 */  addiu   $a2, $zero, 0x0002         ## $a2 = 00000002
/* 01D9C 809F027C 0C03FFF6 */  jal     func_800FFFD8              
/* 01DA0 809F0280 24070400 */  addiu   $a3, $zero, 0x0400         ## $a3 = 00000400
/* 01DA4 809F0284 260400C0 */  addiu   $a0, $s0, 0x00C0           ## $a0 = 000000C0
/* 01DA8 809F0288 00002825 */  or      $a1, $zero, $zero          ## $a1 = 00000000
/* 01DAC 809F028C 24060002 */  addiu   $a2, $zero, 0x0002         ## $a2 = 00000002
/* 01DB0 809F0290 0C03FFF6 */  jal     func_800FFFD8              
/* 01DB4 809F0294 24070400 */  addiu   $a3, $zero, 0x0400         ## $a3 = 00000400
/* 01DB8 809F0298 860E0162 */  lh      $t6, 0x0162($s0)           ## 00000162
/* 01DBC 809F029C 02002025 */  or      $a0, $s0, $zero            ## $a0 = 00000000
/* 01DC0 809F02A0 55C00004 */  bnel    $t6, $zero, .L809F02B4     
/* 01DC4 809F02A4 02002025 */  or      $a0, $s0, $zero            ## $a0 = 00000000
/* 01DC8 809F02A8 0C27C0B4 */  jal     func_809F02D0              
/* 01DCC 809F02AC 8FA50024 */  lw      $a1, 0x0024($sp)           
/* 01DD0 809F02B0 02002025 */  or      $a0, $s0, $zero            ## $a0 = 00000000
.L809F02B4:
/* 01DD4 809F02B4 0C27C016 */  jal     func_809F0058              
/* 01DD8 809F02B8 8FA50024 */  lw      $a1, 0x0024($sp)           
/* 01DDC 809F02BC 8FBF001C */  lw      $ra, 0x001C($sp)           
/* 01DE0 809F02C0 8FB00018 */  lw      $s0, 0x0018($sp)           
/* 01DE4 809F02C4 27BD0020 */  addiu   $sp, $sp, 0x0020           ## $sp = 00000000
/* 01DE8 809F02C8 03E00008 */  jr      $ra                        
/* 01DEC 809F02CC 00000000 */  nop


glabel func_809F02D0
/* 01DF0 809F02D0 27BDFFE0 */  addiu   $sp, $sp, 0xFFE0           ## $sp = FFFFFFE0
/* 01DF4 809F02D4 AFB00018 */  sw      $s0, 0x0018($sp)           
/* 01DF8 809F02D8 00808025 */  or      $s0, $a0, $zero            ## $s0 = 00000000
/* 01DFC 809F02DC AFBF001C */  sw      $ra, 0x001C($sp)           
/* 01E00 809F02E0 AFA50024 */  sw      $a1, 0x0024($sp)           
/* 01E04 809F02E4 3C0E809F */  lui     $t6, %hi(func_809F0374)    ## $t6 = 809F0000
/* 01E08 809F02E8 25CE0374 */  addiu   $t6, $t6, %lo(func_809F0374) ## $t6 = 809F0374
/* 01E0C 809F02EC 3C050600 */  lui     $a1, 0x0600                ## $a1 = 06000000
/* 01E10 809F02F0 AE0E0170 */  sw      $t6, 0x0170($s0)           ## 00000170
/* 01E14 809F02F4 24A57908 */  addiu   $a1, $a1, 0x7908           ## $a1 = 06007908
/* 01E18 809F02F8 260403C8 */  addiu   $a0, $s0, 0x03C8           ## $a0 = 000003C8
/* 01E1C 809F02FC 0C04DD65 */  jal     func_80137594              
/* 01E20 809F0300 24060000 */  addiu   $a2, $zero, 0x0000         ## $a2 = 00000000
/* 01E24 809F0304 3C0142A0 */  lui     $at, 0x42A0                ## $at = 42A00000
/* 01E28 809F0308 44816000 */  mtc1    $at, $f12                  ## $f12 = 80.00
/* 01E2C 809F030C 0C05E565 */  jal     func_80179594              
/* 01E30 809F0310 00000000 */  nop
/* 01E34 809F0314 3C014270 */  lui     $at, 0x4270                ## $at = 42700000
/* 01E38 809F0318 44812000 */  mtc1    $at, $f4                   ## $f4 = 60.00
/* 01E3C 809F031C 3C0143C8 */  lui     $at, 0x43C8                ## $at = 43C80000
/* 01E40 809F0320 44816000 */  mtc1    $at, $f12                  ## $f12 = 400.00
/* 01E44 809F0324 46040180 */  add.s   $f6, $f0, $f4              
/* 01E48 809F0328 4600320D */  trunc.w.s $f8, $f6                   
/* 01E4C 809F032C 44184000 */  mfc1    $t8, $f8                   
/* 01E50 809F0330 0C05E570 */  jal     func_801795C0              
/* 01E54 809F0334 A6180162 */  sh      $t8, 0x0162($s0)           ## 00000162
/* 01E58 809F0338 C60A0024 */  lwc1    $f10, 0x0024($s0)          ## 00000024
/* 01E5C 809F033C 3C0143C8 */  lui     $at, 0x43C8                ## $at = 43C80000
/* 01E60 809F0340 44816000 */  mtc1    $at, $f12                  ## $f12 = 400.00
/* 01E64 809F0344 460A0400 */  add.s   $f16, $f0, $f10            
/* 01E68 809F0348 0C05E570 */  jal     func_801795C0              
/* 01E6C 809F034C E610034C */  swc1    $f16, 0x034C($s0)          ## 0000034C
/* 01E70 809F0350 C612002C */  lwc1    $f18, 0x002C($s0)          ## 0000002C
/* 01E74 809F0354 44803000 */  mtc1    $zero, $f6                 ## $f6 = 0.00
/* 01E78 809F0358 46120100 */  add.s   $f4, $f0, $f18             
/* 01E7C 809F035C E6060358 */  swc1    $f6, 0x0358($s0)           ## 00000358
/* 01E80 809F0360 E6040354 */  swc1    $f4, 0x0354($s0)           ## 00000354
/* 01E84 809F0364 8FBF001C */  lw      $ra, 0x001C($sp)           
/* 01E88 809F0368 8FB00018 */  lw      $s0, 0x0018($sp)           
/* 01E8C 809F036C 03E00008 */  jr      $ra                        
/* 01E90 809F0370 27BD0020 */  addiu   $sp, $sp, 0x0020           ## $sp = 00000000


glabel func_809F0374
/* 01E94 809F0374 27BDFFD8 */  addiu   $sp, $sp, 0xFFD8           ## $sp = FFFFFFD8
/* 01E98 809F0378 AFB00018 */  sw      $s0, 0x0018($sp)           
/* 01E9C 809F037C 00808025 */  or      $s0, $a0, $zero            ## $s0 = 00000000
/* 01EA0 809F0380 AFBF001C */  sw      $ra, 0x001C($sp)           
/* 01EA4 809F0384 AFA5002C */  sw      $a1, 0x002C($sp)           
/* 01EA8 809F0388 02002025 */  or      $a0, $s0, $zero            ## $a0 = 00000000
/* 01EAC 809F038C 0C02E3B2 */  jal     func_800B8EC8              
/* 01EB0 809F0390 24053027 */  addiu   $a1, $zero, 0x3027         ## $a1 = 00003027
/* 01EB4 809F0394 0C04DB34 */  jal     func_80136CD0              
/* 01EB8 809F0398 260403C8 */  addiu   $a0, $s0, 0x03C8           ## $a0 = 000003C8
/* 01EBC 809F039C 26040070 */  addiu   $a0, $s0, 0x0070           ## $a0 = 00000070
/* 01EC0 809F03A0 3C0540A0 */  lui     $a1, 0x40A0                ## $a1 = 40A00000
/* 01EC4 809F03A4 3C063F80 */  lui     $a2, 0x3F80                ## $a2 = 3F800000
/* 01EC8 809F03A8 0C03FF7E */  jal     func_800FFDF8              
/* 01ECC 809F03AC 3C074000 */  lui     $a3, 0x4000                ## $a3 = 40000000
/* 01ED0 809F03B0 C604034C */  lwc1    $f4, 0x034C($s0)           ## 0000034C
/* 01ED4 809F03B4 C6060024 */  lwc1    $f6, 0x0024($s0)           ## 00000024
/* 01ED8 809F03B8 C6080354 */  lwc1    $f8, 0x0354($s0)           ## 00000354
/* 01EDC 809F03BC C60A002C */  lwc1    $f10, 0x002C($s0)          ## 0000002C
/* 01EE0 809F03C0 46062301 */  sub.s   $f12, $f4, $f6             
/* 01EE4 809F03C4 460A4381 */  sub.s   $f14, $f8, $f10            
/* 01EE8 809F03C8 E7AC0024 */  swc1    $f12, 0x0024($sp)          
/* 01EEC 809F03CC 0C05FFB9 */  jal     func_8017FEE4              
/* 01EF0 809F03D0 E7AE0020 */  swc1    $f14, 0x0020($sp)          
/* 01EF4 809F03D4 C6100358 */  lwc1    $f16, 0x0358($s0)          ## 00000358
/* 01EF8 809F03D8 00022C00 */  sll     $a1, $v0, 16               
/* 01EFC 809F03DC 00052C03 */  sra     $a1, $a1, 16               
/* 01F00 809F03E0 4600848D */  trunc.w.s $f18, $f16                 
/* 01F04 809F03E4 26040032 */  addiu   $a0, $s0, 0x0032           ## $a0 = 00000032
/* 01F08 809F03E8 24060005 */  addiu   $a2, $zero, 0x0005         ## $a2 = 00000005
/* 01F0C 809F03EC 44079000 */  mfc1    $a3, $f18                  
/* 01F10 809F03F0 00000000 */  nop
/* 01F14 809F03F4 00073C00 */  sll     $a3, $a3, 16               
/* 01F18 809F03F8 0C03FFF6 */  jal     func_800FFFD8              
/* 01F1C 809F03FC 00073C03 */  sra     $a3, $a3, 16               
/* 01F20 809F0400 26040358 */  addiu   $a0, $s0, 0x0358           ## $a0 = 00000358
/* 01F24 809F0404 3C0544FA */  lui     $a1, 0x44FA                ## $a1 = 44FA0000
/* 01F28 809F0408 3C063F80 */  lui     $a2, 0x3F80                ## $a2 = 3F800000
/* 01F2C 809F040C 0C03FF7E */  jal     func_800FFDF8              
/* 01F30 809F0410 3C0742C8 */  lui     $a3, 0x42C8                ## $a3 = 42C80000
/* 01F34 809F0414 860F0162 */  lh      $t7, 0x0162($s0)           ## 00000162
/* 01F38 809F0418 C7A00024 */  lwc1    $f0, 0x0024($sp)           
/* 01F3C 809F041C C7A20020 */  lwc1    $f2, 0x0020($sp)           
/* 01F40 809F0420 11E0000A */  beq     $t7, $zero, .L809F044C     
/* 01F44 809F0424 02002025 */  or      $a0, $s0, $zero            ## $a0 = 00000000
/* 01F48 809F0428 46000102 */  mul.s   $f4, $f0, $f0              
/* 01F4C 809F042C 3C01809F */  lui     $at, %hi(D_809F1D40)       ## $at = 809F0000
/* 01F50 809F0430 C42A1D40 */  lwc1    $f10, %lo(D_809F1D40)($at) 
/* 01F54 809F0434 46021182 */  mul.s   $f6, $f2, $f2              
/* 01F58 809F0438 46062200 */  add.s   $f8, $f4, $f6              
/* 01F5C 809F043C 460A403C */  c.lt.s  $f8, $f10                  
/* 01F60 809F0440 00000000 */  nop
/* 01F64 809F0444 45020004 */  bc1fl   .L809F0458                 
/* 01F68 809F0448 02002025 */  or      $a0, $s0, $zero            ## $a0 = 00000000
.L809F044C:
/* 01F6C 809F044C 0C27C073 */  jal     func_809F01CC              
/* 01F70 809F0450 8FA5002C */  lw      $a1, 0x002C($sp)           
/* 01F74 809F0454 02002025 */  or      $a0, $s0, $zero            ## $a0 = 00000000
.L809F0458:
/* 01F78 809F0458 0C27C016 */  jal     func_809F0058              
/* 01F7C 809F045C 8FA5002C */  lw      $a1, 0x002C($sp)           
/* 01F80 809F0460 8FBF001C */  lw      $ra, 0x001C($sp)           
/* 01F84 809F0464 8FB00018 */  lw      $s0, 0x0018($sp)           
/* 01F88 809F0468 27BD0028 */  addiu   $sp, $sp, 0x0028           ## $sp = 00000000
/* 01F8C 809F046C 03E00008 */  jr      $ra                        
/* 01F90 809F0470 00000000 */  nop


glabel func_809F0474
/* 01F94 809F0474 27BDFFE8 */  addiu   $sp, $sp, 0xFFE8           ## $sp = FFFFFFE8
/* 01F98 809F0478 AFBF0014 */  sw      $ra, 0x0014($sp)           
/* 01F9C 809F047C AFA5001C */  sw      $a1, 0x001C($sp)           
/* 01FA0 809F0480 00803825 */  or      $a3, $a0, $zero            ## $a3 = 00000000
/* 01FA4 809F0484 3C0E809F */  lui     $t6, %hi(func_809F04C0)    ## $t6 = 809F0000
/* 01FA8 809F0488 25CE04C0 */  addiu   $t6, $t6, %lo(func_809F04C0) ## $t6 = 809F04C0
/* 01FAC 809F048C ACEE0170 */  sw      $t6, 0x0170($a3)           ## 00000170
/* 01FB0 809F0490 3C050600 */  lui     $a1, 0x0600                ## $a1 = 06000000
/* 01FB4 809F0494 24A53448 */  addiu   $a1, $a1, 0x3448           ## $a1 = 06003448
/* 01FB8 809F0498 AFA70018 */  sw      $a3, 0x0018($sp)           
/* 01FBC 809F049C 24E403C8 */  addiu   $a0, $a3, 0x03C8           ## $a0 = 000003C8
/* 01FC0 809F04A0 0C04DD22 */  jal     func_80137488              
/* 01FC4 809F04A4 24060000 */  addiu   $a2, $zero, 0x0000         ## $a2 = 00000000
/* 01FC8 809F04A8 8FA70018 */  lw      $a3, 0x0018($sp)           
/* 01FCC 809F04AC 240F0014 */  addiu   $t7, $zero, 0x0014         ## $t7 = 00000014
/* 01FD0 809F04B0 A4EF0162 */  sh      $t7, 0x0162($a3)           ## 00000162
/* 01FD4 809F04B4 8FBF0014 */  lw      $ra, 0x0014($sp)           
/* 01FD8 809F04B8 03E00008 */  jr      $ra                        
/* 01FDC 809F04BC 27BD0018 */  addiu   $sp, $sp, 0x0018           ## $sp = 00000000


glabel func_809F04C0
/* 01FE0 809F04C0 27BDFFE0 */  addiu   $sp, $sp, 0xFFE0           ## $sp = FFFFFFE0
/* 01FE4 809F04C4 AFB00018 */  sw      $s0, 0x0018($sp)           
/* 01FE8 809F04C8 00808025 */  or      $s0, $a0, $zero            ## $s0 = 00000000
/* 01FEC 809F04CC AFBF001C */  sw      $ra, 0x001C($sp)           
/* 01FF0 809F04D0 AFA50024 */  sw      $a1, 0x0024($sp)           
/* 01FF4 809F04D4 0C04DB34 */  jal     func_80136CD0              
/* 01FF8 809F04D8 260403C8 */  addiu   $a0, $s0, 0x03C8           ## $a0 = 000003C8
/* 01FFC 809F04DC 02002025 */  or      $a0, $s0, $zero            ## $a0 = 00000000
/* 02000 809F04E0 0C02E3B2 */  jal     func_800B8EC8              
/* 02004 809F04E4 24053006 */  addiu   $a1, $zero, 0x3006         ## $a1 = 00003006
/* 02008 809F04E8 26040070 */  addiu   $a0, $s0, 0x0070           ## $a0 = 00000070
/* 0200C 809F04EC 3C053F80 */  lui     $a1, 0x3F80                ## $a1 = 3F800000
/* 02010 809F04F0 0C03FF9A */  jal     func_800FFE68              
/* 02014 809F04F4 3C064020 */  lui     $a2, 0x4020                ## $a2 = 40200000
/* 02018 809F04F8 26040032 */  addiu   $a0, $s0, 0x0032           ## $a0 = 00000032
/* 0201C 809F04FC 86050092 */  lh      $a1, 0x0092($s0)           ## 00000092
/* 02020 809F0500 24060005 */  addiu   $a2, $zero, 0x0005         ## $a2 = 00000005
/* 02024 809F0504 0C03FFF6 */  jal     func_800FFFD8              
/* 02028 809F0508 24071000 */  addiu   $a3, $zero, 0x1000         ## $a3 = 00001000
/* 0202C 809F050C 860E0162 */  lh      $t6, 0x0162($s0)           ## 00000162
/* 02030 809F0510 02002025 */  or      $a0, $s0, $zero            ## $a0 = 00000000
/* 02034 809F0514 55C00004 */  bnel    $t6, $zero, .L809F0528     
/* 02038 809F0518 8FBF001C */  lw      $ra, 0x001C($sp)           
/* 0203C 809F051C 0C27C14E */  jal     func_809F0538              
/* 02040 809F0520 8FA50024 */  lw      $a1, 0x0024($sp)           
/* 02044 809F0524 8FBF001C */  lw      $ra, 0x001C($sp)           
.L809F0528:
/* 02048 809F0528 8FB00018 */  lw      $s0, 0x0018($sp)           
/* 0204C 809F052C 27BD0020 */  addiu   $sp, $sp, 0x0020           ## $sp = 00000000
/* 02050 809F0530 03E00008 */  jr      $ra                        
/* 02054 809F0534 00000000 */  nop


glabel func_809F0538
/* 02058 809F0538 27BDFFE8 */  addiu   $sp, $sp, 0xFFE8           ## $sp = FFFFFFE8
/* 0205C 809F053C AFBF0014 */  sw      $ra, 0x0014($sp)           
/* 02060 809F0540 AFA5001C */  sw      $a1, 0x001C($sp)           
/* 02064 809F0544 00803825 */  or      $a3, $a0, $zero            ## $a3 = 00000000
/* 02068 809F0548 3C0E809F */  lui     $t6, %hi(func_809F0590)    ## $t6 = 809F0000
/* 0206C 809F054C 25CE0590 */  addiu   $t6, $t6, %lo(func_809F0590) ## $t6 = 809F0590
/* 02070 809F0550 ACEE0170 */  sw      $t6, 0x0170($a3)           ## 00000170
/* 02074 809F0554 3C050600 */  lui     $a1, 0x0600                ## $a1 = 06000000
/* 02078 809F0558 24A50A5C */  addiu   $a1, $a1, 0x0A5C           ## $a1 = 06000A5C
/* 0207C 809F055C AFA70018 */  sw      $a3, 0x0018($sp)           
/* 02080 809F0560 24E403C8 */  addiu   $a0, $a3, 0x03C8           ## $a0 = 000003C8
/* 02084 809F0564 0C04DD65 */  jal     func_80137594              
/* 02088 809F0568 24060000 */  addiu   $a2, $zero, 0x0000         ## $a2 = 00000000
/* 0208C 809F056C 8FA70018 */  lw      $a3, 0x0018($sp)           
/* 02090 809F0570 44802000 */  mtc1    $zero, $f4                 ## $f4 = 0.00
/* 02094 809F0574 240F003C */  addiu   $t7, $zero, 0x003C         ## $t7 = 0000003C
/* 02098 809F0578 A4EF0162 */  sh      $t7, 0x0162($a3)           ## 00000162
/* 0209C 809F057C E4E40358 */  swc1    $f4, 0x0358($a3)           ## 00000358
/* 020A0 809F0580 8FBF0014 */  lw      $ra, 0x0014($sp)           
/* 020A4 809F0584 27BD0018 */  addiu   $sp, $sp, 0x0018           ## $sp = 00000000
/* 020A8 809F0588 03E00008 */  jr      $ra                        
/* 020AC 809F058C 00000000 */  nop


glabel func_809F0590
/* 020B0 809F0590 27BDFFE0 */  addiu   $sp, $sp, 0xFFE0           ## $sp = FFFFFFE0
/* 020B4 809F0594 AFB00018 */  sw      $s0, 0x0018($sp)           
/* 020B8 809F0598 00808025 */  or      $s0, $a0, $zero            ## $s0 = 00000000
/* 020BC 809F059C AFBF001C */  sw      $ra, 0x001C($sp)           
/* 020C0 809F05A0 AFA50024 */  sw      $a1, 0x0024($sp)           
/* 020C4 809F05A4 02002025 */  or      $a0, $s0, $zero            ## $a0 = 00000000
/* 020C8 809F05A8 0C02E3B2 */  jal     func_800B8EC8              
/* 020CC 809F05AC 24053006 */  addiu   $a1, $zero, 0x3006         ## $a1 = 00003006
/* 020D0 809F05B0 0C04DB34 */  jal     func_80136CD0              
/* 020D4 809F05B4 260403C8 */  addiu   $a0, $s0, 0x03C8           ## $a0 = 000003C8
/* 020D8 809F05B8 26040070 */  addiu   $a0, $s0, 0x0070           ## $a0 = 00000070
/* 020DC 809F05BC 3C054100 */  lui     $a1, 0x4100                ## $a1 = 41000000
/* 020E0 809F05C0 3C063F80 */  lui     $a2, 0x3F80                ## $a2 = 3F800000
/* 020E4 809F05C4 0C03FF7E */  jal     func_800FFDF8              
/* 020E8 809F05C8 3C074080 */  lui     $a3, 0x4080                ## $a3 = 40800000
/* 020EC 809F05CC C6040358 */  lwc1    $f4, 0x0358($s0)           ## 00000358
/* 020F0 809F05D0 26040032 */  addiu   $a0, $s0, 0x0032           ## $a0 = 00000032
/* 020F4 809F05D4 86050092 */  lh      $a1, 0x0092($s0)           ## 00000092
/* 020F8 809F05D8 4600218D */  trunc.w.s $f6, $f4                   
/* 020FC 809F05DC 24060005 */  addiu   $a2, $zero, 0x0005         ## $a2 = 00000005
/* 02100 809F05E0 44073000 */  mfc1    $a3, $f6                   
/* 02104 809F05E4 00000000 */  nop
/* 02108 809F05E8 00073C00 */  sll     $a3, $a3, 16               
/* 0210C 809F05EC 0C03FFF6 */  jal     func_800FFFD8              
/* 02110 809F05F0 00073C03 */  sra     $a3, $a3, 16               
/* 02114 809F05F4 26040358 */  addiu   $a0, $s0, 0x0358           ## $a0 = 00000358
/* 02118 809F05F8 3C05457A */  lui     $a1, 0x457A                ## $a1 = 457A0000
/* 0211C 809F05FC 3C063F80 */  lui     $a2, 0x3F80                ## $a2 = 3F800000
/* 02120 809F0600 0C03FF7E */  jal     func_800FFDF8              
/* 02124 809F0604 3C0743C8 */  lui     $a3, 0x43C8                ## $a3 = 43C80000
/* 02128 809F0608 860F0162 */  lh      $t7, 0x0162($s0)           ## 00000162
/* 0212C 809F060C 3C01809F */  lui     $at, %hi(D_809F1D44)       ## $at = 809F0000
/* 02130 809F0610 02002025 */  or      $a0, $s0, $zero            ## $a0 = 00000000
/* 02134 809F0614 11E00007 */  beq     $t7, $zero, .L809F0634     
/* 02138 809F0618 00000000 */  nop
/* 0213C 809F061C C4281D44 */  lwc1    $f8, %lo(D_809F1D44)($at)  
/* 02140 809F0620 C60A0094 */  lwc1    $f10, 0x0094($s0)          ## 00000094
/* 02144 809F0624 4608503E */  c.le.s  $f10, $f8                  
/* 02148 809F0628 00000000 */  nop
/* 0214C 809F062C 45020004 */  bc1fl   .L809F0640                 
/* 02150 809F0630 8FBF001C */  lw      $ra, 0x001C($sp)           
.L809F0634:
/* 02154 809F0634 0C27C194 */  jal     func_809F0650              
/* 02158 809F0638 8FA50024 */  lw      $a1, 0x0024($sp)           
/* 0215C 809F063C 8FBF001C */  lw      $ra, 0x001C($sp)           
.L809F0640:
/* 02160 809F0640 8FB00018 */  lw      $s0, 0x0018($sp)           
/* 02164 809F0644 27BD0020 */  addiu   $sp, $sp, 0x0020           ## $sp = 00000000
/* 02168 809F0648 03E00008 */  jr      $ra                        
/* 0216C 809F064C 00000000 */  nop


glabel func_809F0650
/* 02170 809F0650 27BDFFE8 */  addiu   $sp, $sp, 0xFFE8           ## $sp = FFFFFFE8
/* 02174 809F0654 AFBF0014 */  sw      $ra, 0x0014($sp)           
/* 02178 809F0658 AFA5001C */  sw      $a1, 0x001C($sp)           
/* 0217C 809F065C 00803825 */  or      $a3, $a0, $zero            ## $a3 = 00000000
/* 02180 809F0660 3C0E809F */  lui     $t6, %hi(func_809F06B8)    ## $t6 = 809F0000
/* 02184 809F0664 25CE06B8 */  addiu   $t6, $t6, %lo(func_809F06B8) ## $t6 = 809F06B8
/* 02188 809F0668 ACEE0170 */  sw      $t6, 0x0170($a3)           ## 00000170
/* 0218C 809F066C 3C050600 */  lui     $a1, 0x0600                ## $a1 = 06000000
/* 02190 809F0670 24A506A4 */  addiu   $a1, $a1, 0x06A4           ## $a1 = 060006A4
/* 02194 809F0674 AFA70018 */  sw      $a3, 0x0018($sp)           
/* 02198 809F0678 24E403C8 */  addiu   $a0, $a3, 0x03C8           ## $a0 = 000003C8
/* 0219C 809F067C 0C04DD22 */  jal     func_80137488              
/* 021A0 809F0680 24060000 */  addiu   $a2, $zero, 0x0000         ## $a2 = 00000000
/* 021A4 809F0684 3C040600 */  lui     $a0, 0x0600                ## $a0 = 06000000
/* 021A8 809F0688 0C04D1D2 */  jal     func_80134748              
/* 021AC 809F068C 248406A4 */  addiu   $a0, $a0, 0x06A4           ## $a0 = 060006A4
/* 021B0 809F0690 44822000 */  mtc1    $v0, $f4                   ## $f4 = 0.00
/* 021B4 809F0694 8FA40018 */  lw      $a0, 0x0018($sp)           
/* 021B8 809F0698 24053837 */  addiu   $a1, $zero, 0x3837         ## $a1 = 00003837
/* 021BC 809F069C 468021A0 */  cvt.s.w $f6, $f4                   
/* 021C0 809F06A0 0C02E3B2 */  jal     func_800B8EC8              
/* 021C4 809F06A4 E48604FC */  swc1    $f6, 0x04FC($a0)           ## 000004FC
/* 021C8 809F06A8 8FBF0014 */  lw      $ra, 0x0014($sp)           
/* 021CC 809F06AC 27BD0018 */  addiu   $sp, $sp, 0x0018           ## $sp = 00000000
/* 021D0 809F06B0 03E00008 */  jr      $ra                        
/* 021D4 809F06B4 00000000 */  nop


glabel func_809F06B8
/* 021D8 809F06B8 27BDFFE0 */  addiu   $sp, $sp, 0xFFE0           ## $sp = FFFFFFE0
/* 021DC 809F06BC AFBF0014 */  sw      $ra, 0x0014($sp)           
/* 021E0 809F06C0 AFA40020 */  sw      $a0, 0x0020($sp)           
/* 021E4 809F06C4 AFA50024 */  sw      $a1, 0x0024($sp)           
/* 021E8 809F06C8 8FA40020 */  lw      $a0, 0x0020($sp)           
/* 021EC 809F06CC 248403C8 */  addiu   $a0, $a0, 0x03C8           ## $a0 = 000003C8
/* 021F0 809F06D0 0C04DB34 */  jal     func_80136CD0              
/* 021F4 809F06D4 AFA4001C */  sw      $a0, 0x001C($sp)           
/* 021F8 809F06D8 8FAE0020 */  lw      $t6, 0x0020($sp)           
/* 021FC 809F06DC 8FA4001C */  lw      $a0, 0x001C($sp)           
/* 02200 809F06E0 0C04DE2E */  jal     func_801378B8              
/* 02204 809F06E4 8DC504FC */  lw      $a1, 0x04FC($t6)           ## 000004FC
/* 02208 809F06E8 10400003 */  beq     $v0, $zero, .L809F06F8     
/* 0220C 809F06EC 8FA40020 */  lw      $a0, 0x0020($sp)           
/* 02210 809F06F0 0C27C073 */  jal     func_809F01CC              
/* 02214 809F06F4 8FA50024 */  lw      $a1, 0x0024($sp)           
.L809F06F8:
/* 02218 809F06F8 8FBF0014 */  lw      $ra, 0x0014($sp)           
/* 0221C 809F06FC 27BD0020 */  addiu   $sp, $sp, 0x0020           ## $sp = 00000000
/* 02220 809F0700 03E00008 */  jr      $ra                        
/* 02224 809F0704 00000000 */  nop


glabel func_809F0708
/* 02228 809F0708 27BDFFE0 */  addiu   $sp, $sp, 0xFFE0           ## $sp = FFFFFFE0
/* 0222C 809F070C AFBF001C */  sw      $ra, 0x001C($sp)           
/* 02230 809F0710 AFA50024 */  sw      $a1, 0x0024($sp)           
/* 02234 809F0714 00803825 */  or      $a3, $a0, $zero            ## $a3 = 00000000
/* 02238 809F0718 3C0E809F */  lui     $t6, %hi(func_809F0780)    ## $t6 = 809F0000
/* 0223C 809F071C 25CE0780 */  addiu   $t6, $t6, %lo(func_809F0780) ## $t6 = 809F0780
/* 02240 809F0720 ACEE0170 */  sw      $t6, 0x0170($a3)           ## 00000170
/* 02244 809F0724 3C050600 */  lui     $a1, 0x0600                ## $a1 = 06000000
/* 02248 809F0728 24A52F0C */  addiu   $a1, $a1, 0x2F0C           ## $a1 = 06002F0C
/* 0224C 809F072C AFA70020 */  sw      $a3, 0x0020($sp)           
/* 02250 809F0730 24E403C8 */  addiu   $a0, $a3, 0x03C8           ## $a0 = 000003C8
/* 02254 809F0734 0C04DD22 */  jal     func_80137488              
/* 02258 809F0738 24060000 */  addiu   $a2, $zero, 0x0000         ## $a2 = 00000000
/* 0225C 809F073C 3C040600 */  lui     $a0, 0x0600                ## $a0 = 06000000
/* 02260 809F0740 0C04D1D2 */  jal     func_80134748              
/* 02264 809F0744 248406A4 */  addiu   $a0, $a0, 0x06A4           ## $a0 = 060006A4
/* 02268 809F0748 44822000 */  mtc1    $v0, $f4                   ## $f4 = 0.00
/* 0226C 809F074C 8FA40020 */  lw      $a0, 0x0020($sp)           
/* 02270 809F0750 240F001E */  addiu   $t7, $zero, 0x001E         ## $t7 = 0000001E
/* 02274 809F0754 468021A0 */  cvt.s.w $f6, $f4                   
/* 02278 809F0758 24054000 */  addiu   $a1, $zero, 0x4000         ## $a1 = 00004000
/* 0227C 809F075C 24060078 */  addiu   $a2, $zero, 0x0078         ## $a2 = 00000078
/* 02280 809F0760 00003825 */  or      $a3, $zero, $zero          ## $a3 = 00000000
/* 02284 809F0764 E48604FC */  swc1    $f6, 0x04FC($a0)           ## 000004FC
/* 02288 809F0768 0C02F2DC */  jal     func_800BCB70              
/* 0228C 809F076C AFAF0010 */  sw      $t7, 0x0010($sp)           
/* 02290 809F0770 8FBF001C */  lw      $ra, 0x001C($sp)           
/* 02294 809F0774 27BD0020 */  addiu   $sp, $sp, 0x0020           ## $sp = 00000000
/* 02298 809F0778 03E00008 */  jr      $ra                        
/* 0229C 809F077C 00000000 */  nop


glabel func_809F0780
/* 022A0 809F0780 27BDFF70 */  addiu   $sp, $sp, 0xFF70           ## $sp = FFFFFF70
/* 022A4 809F0784 AFB40068 */  sw      $s4, 0x0068($sp)           
/* 022A8 809F0788 AFB00058 */  sw      $s0, 0x0058($sp)           
/* 022AC 809F078C 00808025 */  or      $s0, $a0, $zero            ## $s0 = 00000000
/* 022B0 809F0790 00A0A025 */  or      $s4, $a1, $zero            ## $s4 = 00000000
/* 022B4 809F0794 AFBF006C */  sw      $ra, 0x006C($sp)           
/* 022B8 809F0798 AFB30064 */  sw      $s3, 0x0064($sp)           
/* 022BC 809F079C AFB20060 */  sw      $s2, 0x0060($sp)           
/* 022C0 809F07A0 AFB1005C */  sw      $s1, 0x005C($sp)           
/* 022C4 809F07A4 F7BA0050 */  sdc1    $f26, 0x0050($sp)          
/* 022C8 809F07A8 F7B80048 */  sdc1    $f24, 0x0048($sp)          
/* 022CC 809F07AC F7B60040 */  sdc1    $f22, 0x0040($sp)          
/* 022D0 809F07B0 F7B40038 */  sdc1    $f20, 0x0038($sp)          
/* 022D4 809F07B4 261103C8 */  addiu   $s1, $s0, 0x03C8           ## $s1 = 000003C8
/* 022D8 809F07B8 0C04DB34 */  jal     func_80136CD0              
/* 022DC 809F07BC 02202025 */  or      $a0, $s1, $zero            ## $a0 = 000003C8
/* 022E0 809F07C0 820E00B7 */  lb      $t6, 0x00B7($s0)           ## 000000B7
/* 022E4 809F07C4 3C0541B0 */  lui     $a1, 0x41B0                ## $a1 = 41B00000
/* 022E8 809F07C8 02202025 */  or      $a0, $s1, $zero            ## $a0 = 000003C8
/* 022EC 809F07CC 1DC0007D */  bgtz    $t6, .L809F09C4            
/* 022F0 809F07D0 00000000 */  nop
/* 022F4 809F07D4 0C04DE2E */  jal     func_801378B8              
/* 022F8 809F07D8 02202025 */  or      $a0, $s1, $zero            ## $a0 = 000003C8
/* 022FC 809F07DC 1040007F */  beq     $v0, $zero, .L809F09DC     
/* 02300 809F07E0 00009025 */  or      $s2, $zero, $zero          ## $s2 = 00000000
/* 02304 809F07E4 26931CA0 */  addiu   $s3, $s4, 0x1CA0           ## $s3 = 00001CA0
/* 02308 809F07E8 24110078 */  addiu   $s1, $zero, 0x0078         ## $s1 = 00000078
/* 0230C 809F07EC C6040024 */  lwc1    $f4, 0x0024($s0)           ## 00000024
.L809F07F0:
/* 02310 809F07F0 2648000A */  addiu   $t0, $s2, 0x000A           ## $t0 = 0000000A
/* 02314 809F07F4 02602025 */  or      $a0, $s3, $zero            ## $a0 = 00001CA0
/* 02318 809F07F8 E7A40010 */  swc1    $f4, 0x0010($sp)           
/* 0231C 809F07FC C6060028 */  lwc1    $f6, 0x0028($s0)           ## 00000028
/* 02320 809F0800 02002825 */  or      $a1, $s0, $zero            ## $a1 = 00000000
/* 02324 809F0804 02803025 */  or      $a2, $s4, $zero            ## $a2 = 00000000
/* 02328 809F0808 E7A60014 */  swc1    $f6, 0x0014($sp)           
/* 0232C 809F080C C608002C */  lwc1    $f8, 0x002C($s0)           ## 0000002C
/* 02330 809F0810 2407012D */  addiu   $a3, $zero, 0x012D         ## $a3 = 0000012D
/* 02334 809F0814 E7A80018 */  swc1    $f8, 0x0018($sp)           
/* 02338 809F0818 860F00BC */  lh      $t7, 0x00BC($s0)           ## 000000BC
/* 0233C 809F081C AFAF001C */  sw      $t7, 0x001C($sp)           
/* 02340 809F0820 861800BE */  lh      $t8, 0x00BE($s0)           ## 000000BE
/* 02344 809F0824 AFB80020 */  sw      $t8, 0x0020($sp)           
/* 02348 809F0828 861900C0 */  lh      $t9, 0x00C0($s0)           ## 000000C0
/* 0234C 809F082C AFA80028 */  sw      $t0, 0x0028($sp)           
/* 02350 809F0830 0C02EC30 */  jal     func_800BB0C0              
/* 02354 809F0834 AFB90024 */  sw      $t9, 0x0024($sp)           
/* 02358 809F0838 1040002C */  beq     $v0, $zero, .L809F08EC     
/* 0235C 809F083C 26520001 */  addiu   $s2, $s2, 0x0001           ## $s2 = 00000001
/* 02360 809F0840 00001825 */  or      $v1, $zero, $zero          ## $v1 = 00000000
.L809F0844:
/* 02364 809F0844 8E0B03E8 */  lw      $t3, 0x03E8($s0)           ## 000003E8
/* 02368 809F0848 8C4903E8 */  lw      $t1, 0x03E8($v0)           ## 000003E8
/* 0236C 809F084C 01636021 */  addu    $t4, $t3, $v1              
/* 02370 809F0850 898E0000 */  lwl     $t6, 0x0000($t4)           ## 00000000
/* 02374 809F0854 998E0003 */  lwr     $t6, 0x0003($t4)           ## 00000003
/* 02378 809F0858 01235021 */  addu    $t2, $t1, $v1              
/* 0237C 809F085C A94E0000 */  swl     $t6, 0x0000($t2)           ## 00000000
/* 02380 809F0860 B94E0003 */  swr     $t6, 0x0003($t2)           ## 00000003
/* 02384 809F0864 958E0004 */  lhu     $t6, 0x0004($t4)           ## 00000004
/* 02388 809F0868 A54E0004 */  sh      $t6, 0x0004($t2)           ## 00000004
/* 0238C 809F086C 8E1903E8 */  lw      $t9, 0x03E8($s0)           ## 000003E8
/* 02390 809F0870 8C4F03E8 */  lw      $t7, 0x03E8($v0)           ## 000003E8
/* 02394 809F0874 03234021 */  addu    $t0, $t9, $v1              
/* 02398 809F0878 890B0006 */  lwl     $t3, 0x0006($t0)           ## 00000006
/* 0239C 809F087C 990B0009 */  lwr     $t3, 0x0009($t0)           ## 00000009
/* 023A0 809F0880 01E3C021 */  addu    $t8, $t7, $v1              
/* 023A4 809F0884 AB0B0006 */  swl     $t3, 0x0006($t8)           ## 00000006
/* 023A8 809F0888 BB0B0009 */  swr     $t3, 0x0009($t8)           ## 00000009
/* 023AC 809F088C 950B000A */  lhu     $t3, 0x000A($t0)           ## 0000000A
/* 023B0 809F0890 A70B000A */  sh      $t3, 0x000A($t8)           ## 0000000A
/* 023B4 809F0894 8E0D03E8 */  lw      $t5, 0x03E8($s0)           ## 000003E8
/* 023B8 809F0898 8C4A03E8 */  lw      $t2, 0x03E8($v0)           ## 000003E8
/* 023BC 809F089C 01A37021 */  addu    $t6, $t5, $v1              
/* 023C0 809F08A0 89D9000C */  lwl     $t9, 0x000C($t6)           ## 0000000C
/* 023C4 809F08A4 99D9000F */  lwr     $t9, 0x000F($t6)           ## 0000000F
/* 023C8 809F08A8 01436021 */  addu    $t4, $t2, $v1              
/* 023CC 809F08AC A999000C */  swl     $t9, 0x000C($t4)           ## 0000000C
/* 023D0 809F08B0 B999000F */  swr     $t9, 0x000F($t4)           ## 0000000F
/* 023D4 809F08B4 95D90010 */  lhu     $t9, 0x0010($t6)           ## 00000010
/* 023D8 809F08B8 A5990010 */  sh      $t9, 0x0010($t4)           ## 00000010
/* 023DC 809F08BC 8E0903E8 */  lw      $t1, 0x03E8($s0)           ## 000003E8
/* 023E0 809F08C0 8C5803E8 */  lw      $t8, 0x03E8($v0)           ## 000003E8
/* 023E4 809F08C4 01235821 */  addu    $t3, $t1, $v1              
/* 023E8 809F08C8 896D0012 */  lwl     $t5, 0x0012($t3)           ## 00000012
/* 023EC 809F08CC 996D0015 */  lwr     $t5, 0x0015($t3)           ## 00000015
/* 023F0 809F08D0 03034021 */  addu    $t0, $t8, $v1              
/* 023F4 809F08D4 24630018 */  addiu   $v1, $v1, 0x0018           ## $v1 = 00000018
/* 023F8 809F08D8 A90D0012 */  swl     $t5, 0x0012($t0)           ## 00000012
/* 023FC 809F08DC B90D0015 */  swr     $t5, 0x0015($t0)           ## 00000015
/* 02400 809F08E0 956D0016 */  lhu     $t5, 0x0016($t3)           ## 00000016
/* 02404 809F08E4 1471FFD7 */  bne     $v1, $s1, .L809F0844       
/* 02408 809F08E8 A50D0016 */  sh      $t5, 0x0016($t0)           ## 00000016
.L809F08EC:
/* 0240C 809F08EC 2A41000E */  slti    $at, $s2, 0x000E           
/* 02410 809F08F0 5420FFBF */  bnel    $at, $zero, .L809F07F0     
/* 02414 809F08F4 C6040024 */  lwc1    $f4, 0x0024($s0)           ## 00000024
/* 02418 809F08F8 3C01809F */  lui     $at, %hi(D_809F1D48)       ## $at = 809F0000
/* 0241C 809F08FC C43A1D48 */  lwc1    $f26, %lo(D_809F1D48)($at) 
/* 02420 809F0900 3C014120 */  lui     $at, 0x4120                ## $at = 41200000
/* 02424 809F0904 4481C000 */  mtc1    $at, $f24                  ## $f24 = 10.00
/* 02428 809F0908 3C0141A0 */  lui     $at, 0x41A0                ## $at = 41A00000
/* 0242C 809F090C 4481B000 */  mtc1    $at, $f22                  ## $f22 = 20.00
/* 02430 809F0910 3C014220 */  lui     $at, 0x4220                ## $at = 42200000
/* 02434 809F0914 4481A000 */  mtc1    $at, $f20                  ## $f20 = 40.00
/* 02438 809F0918 00009025 */  or      $s2, $zero, $zero          ## $s2 = 00000000
/* 0243C 809F091C 24130014 */  addiu   $s3, $zero, 0x0014         ## $s3 = 00000014
/* 02440 809F0920 27B1007C */  addiu   $s1, $sp, 0x007C           ## $s1 = FFFFFFEC
.L809F0924:
/* 02444 809F0924 0C05E570 */  jal     func_801795C0              
/* 02448 809F0928 4600A306 */  mov.s   $f12, $f20                 
/* 0244C 809F092C C60A0024 */  lwc1    $f10, 0x0024($s0)          ## 00000024
/* 02450 809F0930 4600A306 */  mov.s   $f12, $f20                 
/* 02454 809F0934 460A0400 */  add.s   $f16, $f0, $f10            
/* 02458 809F0938 0C05E570 */  jal     func_801795C0              
/* 0245C 809F093C E7B0007C */  swc1    $f16, 0x007C($sp)          
/* 02460 809F0940 C6120028 */  lwc1    $f18, 0x0028($s0)          ## 00000028
/* 02464 809F0944 4600A306 */  mov.s   $f12, $f20                 
/* 02468 809F0948 46120100 */  add.s   $f4, $f0, $f18             
/* 0246C 809F094C 0C05E570 */  jal     func_801795C0              
/* 02470 809F0950 E7A40080 */  swc1    $f4, 0x0080($sp)           
/* 02474 809F0954 C606002C */  lwc1    $f6, 0x002C($s0)           ## 0000002C
/* 02478 809F0958 4406B000 */  mfc1    $a2, $f22                  
/* 0247C 809F095C 4407C000 */  mfc1    $a3, $f24                  
/* 02480 809F0960 46060200 */  add.s   $f8, $f0, $f6              
/* 02484 809F0964 E7BA0014 */  swc1    $f26, 0x0014($sp)          
/* 02488 809F0968 E7B60010 */  swc1    $f22, 0x0010($sp)          
/* 0248C 809F096C 02802025 */  or      $a0, $s4, $zero            ## $a0 = 00000000
/* 02490 809F0970 E7A80084 */  swc1    $f8, 0x0084($sp)           
/* 02494 809F0974 0C02C7A5 */  jal     func_800B1E94              
/* 02498 809F0978 02202825 */  or      $a1, $s1, $zero            ## $a1 = FFFFFFEC
/* 0249C 809F097C 26520001 */  addiu   $s2, $s2, 0x0001           ## $s2 = 00000001
/* 024A0 809F0980 1653FFE8 */  bne     $s2, $s3, .L809F0924       
/* 024A4 809F0984 00000000 */  nop
/* 024A8 809F0988 26110024 */  addiu   $s1, $s0, 0x0024           ## $s1 = 00000024
/* 024AC 809F098C 02202825 */  or      $a1, $s1, $zero            ## $a1 = 00000024
/* 024B0 809F0990 02802025 */  or      $a0, $s4, $zero            ## $a0 = 00000000
/* 024B4 809F0994 24060028 */  addiu   $a2, $zero, 0x0028         ## $a2 = 00000028
/* 024B8 809F0998 0C03C15A */  jal     func_800F0568              
/* 024BC 809F099C 2407381F */  addiu   $a3, $zero, 0x381F         ## $a3 = 0000381F
/* 024C0 809F09A0 0C02D9C3 */  jal     func_800B670C              
/* 024C4 809F09A4 02002025 */  or      $a0, $s0, $zero            ## $a0 = 00000000
/* 024C8 809F09A8 02802025 */  or      $a0, $s4, $zero            ## $a0 = 00000000
/* 024CC 809F09AC 00002825 */  or      $a1, $zero, $zero          ## $a1 = 00000000
/* 024D0 809F09B0 02203025 */  or      $a2, $s1, $zero            ## $a2 = 00000024
/* 024D4 809F09B4 0C029F4A */  jal     func_800A7D28              
/* 024D8 809F09B8 240700E0 */  addiu   $a3, $zero, 0x00E0         ## $a3 = 000000E0
/* 024DC 809F09BC 10000008 */  beq     $zero, $zero, .L809F09E0   
/* 024E0 809F09C0 8FBF006C */  lw      $ra, 0x006C($sp)           
.L809F09C4:
/* 024E4 809F09C4 0C04DE2E */  jal     func_801378B8              
/* 024E8 809F09C8 8E0504FC */  lw      $a1, 0x04FC($s0)           ## 000004FC
/* 024EC 809F09CC 10400003 */  beq     $v0, $zero, .L809F09DC     
/* 024F0 809F09D0 02002025 */  or      $a0, $s0, $zero            ## $a0 = 00000000
/* 024F4 809F09D4 0C27C11D */  jal     func_809F0474              
/* 024F8 809F09D8 02802825 */  or      $a1, $s4, $zero            ## $a1 = 00000000
.L809F09DC:
/* 024FC 809F09DC 8FBF006C */  lw      $ra, 0x006C($sp)           
.L809F09E0:
/* 02500 809F09E0 D7B40038 */  ldc1    $f20, 0x0038($sp)          
/* 02504 809F09E4 D7B60040 */  ldc1    $f22, 0x0040($sp)          
/* 02508 809F09E8 D7B80048 */  ldc1    $f24, 0x0048($sp)          
/* 0250C 809F09EC D7BA0050 */  ldc1    $f26, 0x0050($sp)          
/* 02510 809F09F0 8FB00058 */  lw      $s0, 0x0058($sp)           
/* 02514 809F09F4 8FB1005C */  lw      $s1, 0x005C($sp)           
/* 02518 809F09F8 8FB20060 */  lw      $s2, 0x0060($sp)           
/* 0251C 809F09FC 8FB30064 */  lw      $s3, 0x0064($sp)           
/* 02520 809F0A00 8FB40068 */  lw      $s4, 0x0068($sp)           
/* 02524 809F0A04 03E00008 */  jr      $ra                        
/* 02528 809F0A08 27BD0090 */  addiu   $sp, $sp, 0x0090           ## $sp = 00000000


glabel func_809F0A0C
/* 0252C 809F0A0C 27BDFFE0 */  addiu   $sp, $sp, 0xFFE0           ## $sp = FFFFFFE0
/* 02530 809F0A10 AFBF001C */  sw      $ra, 0x001C($sp)           
/* 02534 809F0A14 AFA50024 */  sw      $a1, 0x0024($sp)           
/* 02538 809F0A18 3C0E809F */  lui     $t6, %hi(func_809F0ABC)    ## $t6 = 809F0000
/* 0253C 809F0A1C 25CE0ABC */  addiu   $t6, $t6, %lo(func_809F0ABC) ## $t6 = 809F0ABC
/* 02540 809F0A20 AC8E0170 */  sw      $t6, 0x0170($a0)           ## 00000170
/* 02544 809F0A24 AFA40020 */  sw      $a0, 0x0020($sp)           
/* 02548 809F0A28 0C02E3B2 */  jal     func_800B8EC8              
/* 0254C 809F0A2C 24053807 */  addiu   $a1, $zero, 0x3807         ## $a1 = 00003807
/* 02550 809F0A30 8FA40020 */  lw      $a0, 0x0020($sp)           
/* 02554 809F0A34 240F0028 */  addiu   $t7, $zero, 0x0028         ## $t7 = 00000028
/* 02558 809F0A38 24180028 */  addiu   $t8, $zero, 0x0028         ## $t8 = 00000028
/* 0255C 809F0A3C A48F0162 */  sh      $t7, 0x0162($a0)           ## 00000162
/* 02560 809F0A40 AFB80010 */  sw      $t8, 0x0010($sp)           
/* 02564 809F0A44 00002825 */  or      $a1, $zero, $zero          ## $a1 = 00000000
/* 02568 809F0A48 24060078 */  addiu   $a2, $zero, 0x0078         ## $a2 = 00000078
/* 0256C 809F0A4C 0C02F2DC */  jal     func_800BCB70              
/* 02570 809F0A50 00003825 */  or      $a3, $zero, $zero          ## $a3 = 00000000
/* 02574 809F0A54 8FBF001C */  lw      $ra, 0x001C($sp)           
/* 02578 809F0A58 27BD0020 */  addiu   $sp, $sp, 0x0020           ## $sp = 00000000
/* 0257C 809F0A5C 03E00008 */  jr      $ra                        
/* 02580 809F0A60 00000000 */  nop


glabel func_809F0A64
/* 02584 809F0A64 27BDFFE0 */  addiu   $sp, $sp, 0xFFE0           ## $sp = FFFFFFE0
/* 02588 809F0A68 AFBF001C */  sw      $ra, 0x001C($sp)           
/* 0258C 809F0A6C AFA50024 */  sw      $a1, 0x0024($sp)           
/* 02590 809F0A70 3C0E809F */  lui     $t6, %hi(func_809F0ABC)    ## $t6 = 809F0000
/* 02594 809F0A74 25CE0ABC */  addiu   $t6, $t6, %lo(func_809F0ABC) ## $t6 = 809F0ABC
/* 02598 809F0A78 AC8E0170 */  sw      $t6, 0x0170($a0)           ## 00000170
/* 0259C 809F0A7C AFA40020 */  sw      $a0, 0x0020($sp)           
/* 025A0 809F0A80 0C02E3B2 */  jal     func_800B8EC8              
/* 025A4 809F0A84 24053807 */  addiu   $a1, $zero, 0x3807         ## $a1 = 00003807
/* 025A8 809F0A88 8FA40020 */  lw      $a0, 0x0020($sp)           
/* 025AC 809F0A8C 240F0050 */  addiu   $t7, $zero, 0x0050         ## $t7 = 00000050
/* 025B0 809F0A90 24180050 */  addiu   $t8, $zero, 0x0050         ## $t8 = 00000050
/* 025B4 809F0A94 A48F0162 */  sh      $t7, 0x0162($a0)           ## 00000162
/* 025B8 809F0A98 AFB80010 */  sw      $t8, 0x0010($sp)           
/* 025BC 809F0A9C 00002825 */  or      $a1, $zero, $zero          ## $a1 = 00000000
/* 025C0 809F0AA0 24060078 */  addiu   $a2, $zero, 0x0078         ## $a2 = 00000078
/* 025C4 809F0AA4 0C02F2DC */  jal     func_800BCB70              
/* 025C8 809F0AA8 00003825 */  or      $a3, $zero, $zero          ## $a3 = 00000000
/* 025CC 809F0AAC 8FBF001C */  lw      $ra, 0x001C($sp)           
/* 025D0 809F0AB0 27BD0020 */  addiu   $sp, $sp, 0x0020           ## $sp = 00000000
/* 025D4 809F0AB4 03E00008 */  jr      $ra                        
/* 025D8 809F0AB8 00000000 */  nop


glabel func_809F0ABC
/* 025DC 809F0ABC 27BDFFE8 */  addiu   $sp, $sp, 0xFFE8           ## $sp = FFFFFFE8
/* 025E0 809F0AC0 AFBF0014 */  sw      $ra, 0x0014($sp)           
/* 025E4 809F0AC4 AFA5001C */  sw      $a1, 0x001C($sp)           
/* 025E8 809F0AC8 00803825 */  or      $a3, $a0, $zero            ## $a3 = 00000000
/* 025EC 809F0ACC 24E40070 */  addiu   $a0, $a3, 0x0070           ## $a0 = 00000070
/* 025F0 809F0AD0 3C053F80 */  lui     $a1, 0x3F80                ## $a1 = 3F800000
/* 025F4 809F0AD4 3C064020 */  lui     $a2, 0x4020                ## $a2 = 40200000
/* 025F8 809F0AD8 0C03FF9A */  jal     func_800FFE68              
/* 025FC 809F0ADC AFA70018 */  sw      $a3, 0x0018($sp)           
/* 02600 809F0AE0 8FA70018 */  lw      $a3, 0x0018($sp)           
/* 02604 809F0AE4 84EE0162 */  lh      $t6, 0x0162($a3)           ## 00000162
/* 02608 809F0AE8 00E02025 */  or      $a0, $a3, $zero            ## $a0 = 00000000
/* 0260C 809F0AEC 55C00004 */  bnel    $t6, $zero, .L809F0B00     
/* 02610 809F0AF0 8FBF0014 */  lw      $ra, 0x0014($sp)           
/* 02614 809F0AF4 0C27C073 */  jal     func_809F01CC              
/* 02618 809F0AF8 8FA5001C */  lw      $a1, 0x001C($sp)           
/* 0261C 809F0AFC 8FBF0014 */  lw      $ra, 0x0014($sp)           
.L809F0B00:
/* 02620 809F0B00 27BD0018 */  addiu   $sp, $sp, 0x0018           ## $sp = 00000000
/* 02624 809F0B04 03E00008 */  jr      $ra                        
/* 02628 809F0B08 00000000 */  nop


glabel func_809F0B0C
/* 0262C 809F0B0C 27BDFFD8 */  addiu   $sp, $sp, 0xFFD8           ## $sp = FFFFFFD8
/* 02630 809F0B10 AFB00020 */  sw      $s0, 0x0020($sp)           
/* 02634 809F0B14 00808025 */  or      $s0, $a0, $zero            ## $s0 = 00000000
/* 02638 809F0B18 AFBF0024 */  sw      $ra, 0x0024($sp)           
/* 0263C 809F0B1C AFA5002C */  sw      $a1, 0x002C($sp)           
/* 02640 809F0B20 0C02DAA2 */  jal     func_800B6A88              
/* 02644 809F0B24 02002025 */  or      $a0, $s0, $zero            ## $a0 = 00000000
/* 02648 809F0B28 9202015C */  lbu     $v0, 0x015C($s0)           ## 0000015C
/* 0264C 809F0B2C 8FA4002C */  lw      $a0, 0x002C($sp)           
/* 02650 809F0B30 02002825 */  or      $a1, $s0, $zero            ## $a1 = 00000000
/* 02654 809F0B34 14400012 */  bne     $v0, $zero, .L809F0B80     
/* 02658 809F0B38 3C0641A0 */  lui     $a2, 0x41A0                ## $a2 = 41A00000
/* 0265C 809F0B3C 3C014220 */  lui     $at, 0x4220                ## $at = 42200000
/* 02660 809F0B40 44812000 */  mtc1    $at, $f4                   ## $f4 = 40.00
/* 02664 809F0B44 240E0044 */  addiu   $t6, $zero, 0x0044         ## $t6 = 00000044
/* 02668 809F0B48 AFAE0014 */  sw      $t6, 0x0014($sp)           
/* 0266C 809F0B4C 3C074248 */  lui     $a3, 0x4248                ## $a3 = 42480000
/* 02670 809F0B50 0C02DE2E */  jal     func_800B78B8              
/* 02674 809F0B54 E7A40010 */  swc1    $f4, 0x0010($sp)           
/* 02678 809F0B58 960F0090 */  lhu     $t7, 0x0090($s0)           ## 00000090
/* 0267C 809F0B5C 24080002 */  addiu   $t0, $zero, 0x0002         ## $t0 = 00000002
/* 02680 809F0B60 24190001 */  addiu   $t9, $zero, 0x0001         ## $t9 = 00000001
/* 02684 809F0B64 31F80020 */  andi    $t8, $t7, 0x0020           ## $t8 = 00000000
/* 02688 809F0B68 13000004 */  beq     $t8, $zero, .L809F0B7C     
/* 0268C 809F0B6C 310200FF */  andi    $v0, $t0, 0x00FF           ## $v0 = 00000002
/* 02690 809F0B70 A219015C */  sb      $t9, 0x015C($s0)           ## 0000015C
/* 02694 809F0B74 10000002 */  beq     $zero, $zero, .L809F0B80   
/* 02698 809F0B78 332200FF */  andi    $v0, $t9, 0x00FF           ## $v0 = 00000001
.L809F0B7C:
/* 0269C 809F0B7C A208015C */  sb      $t0, 0x015C($s0)           ## 0000015C
.L809F0B80:
/* 026A0 809F0B80 24010001 */  addiu   $at, $zero, 0x0001         ## $at = 00000001
/* 026A4 809F0B84 1441001D */  bne     $v0, $at, .L809F0BFC       
/* 026A8 809F0B88 3C013F80 */  lui     $at, 0x3F80                ## $at = 3F800000
/* 026AC 809F0B8C 44810000 */  mtc1    $at, $f0                   ## $f0 = 1.00
/* 026B0 809F0B90 3C073DCC */  lui     $a3, 0x3DCC                ## $a3 = 3DCC0000
/* 026B4 809F0B94 34E7CCCD */  ori     $a3, $a3, 0xCCCD           ## $a3 = 3DCCCCCD
/* 026B8 809F0B98 44050000 */  mfc1    $a1, $f0                   
/* 026BC 809F0B9C 44060000 */  mfc1    $a2, $f0                   
/* 026C0 809F0BA0 0C03FF7E */  jal     func_800FFDF8              
/* 026C4 809F0BA4 26040068 */  addiu   $a0, $s0, 0x0068           ## $a0 = 00000068
/* 026C8 809F0BA8 3C013F00 */  lui     $at, 0x3F00                ## $at = 3F000000
/* 026CC 809F0BAC 44810000 */  mtc1    $at, $f0                   ## $f0 = 0.50
/* 026D0 809F0BB0 26040070 */  addiu   $a0, $s0, 0x0070           ## $a0 = 00000070
/* 026D4 809F0BB4 44050000 */  mfc1    $a1, $f0                   
/* 026D8 809F0BB8 44060000 */  mfc1    $a2, $f0                   
/* 026DC 809F0BBC 0C03FF9A */  jal     func_800FFE68              
/* 026E0 809F0BC0 00000000 */  nop
/* 026E4 809F0BC4 860900BC */  lh      $t1, 0x00BC($s0)           ## 000000BC
/* 026E8 809F0BC8 860A0500 */  lh      $t2, 0x0500($s0)           ## 00000500
/* 026EC 809F0BCC 860C00BE */  lh      $t4, 0x00BE($s0)           ## 000000BE
/* 026F0 809F0BD0 860D0502 */  lh      $t5, 0x0502($s0)           ## 00000502
/* 026F4 809F0BD4 860F0162 */  lh      $t7, 0x0162($s0)           ## 00000162
/* 026F8 809F0BD8 012A5821 */  addu    $t3, $t1, $t2              
/* 026FC 809F0BDC 018D7021 */  addu    $t6, $t4, $t5              
/* 02700 809F0BE0 A60B00BC */  sh      $t3, 0x00BC($s0)           ## 000000BC
/* 02704 809F0BE4 15E00034 */  bne     $t7, $zero, .L809F0CB8     
/* 02708 809F0BE8 A60E00BE */  sh      $t6, 0x00BE($s0)           ## 000000BE
/* 0270C 809F0BEC 0C02D9C3 */  jal     func_800B670C              
/* 02710 809F0BF0 02002025 */  or      $a0, $s0, $zero            ## $a0 = 00000000
/* 02714 809F0BF4 10000031 */  beq     $zero, $zero, .L809F0CBC   
/* 02718 809F0BF8 8FBF0024 */  lw      $ra, 0x0024($sp)           
.L809F0BFC:
/* 0271C 809F0BFC 24010002 */  addiu   $at, $zero, 0x0002         ## $at = 00000002
/* 02720 809F0C00 10410005 */  beq     $v0, $at, .L809F0C18       
/* 02724 809F0C04 24010003 */  addiu   $at, $zero, 0x0003         ## $at = 00000003
/* 02728 809F0C08 1041001E */  beq     $v0, $at, .L809F0C84       
/* 0272C 809F0C0C 00000000 */  nop
/* 02730 809F0C10 1000002A */  beq     $zero, $zero, .L809F0CBC   
/* 02734 809F0C14 8FBF0024 */  lw      $ra, 0x0024($sp)           
.L809F0C18:
/* 02738 809F0C18 3C014040 */  lui     $at, 0x4040                ## $at = 40400000
/* 0273C 809F0C1C 44816000 */  mtc1    $at, $f12                  ## $f12 = 3.00
/* 02740 809F0C20 0C05E565 */  jal     func_80179594              
/* 02744 809F0C24 00000000 */  nop
/* 02748 809F0C28 3C014040 */  lui     $at, 0x4040                ## $at = 40400000
/* 0274C 809F0C2C 44813000 */  mtc1    $at, $f6                   ## $f6 = 3.00
/* 02750 809F0C30 3C0140A0 */  lui     $at, 0x40A0                ## $at = 40A00000
/* 02754 809F0C34 44816000 */  mtc1    $at, $f12                  ## $f12 = 5.00
/* 02758 809F0C38 46060200 */  add.s   $f8, $f0, $f6              
/* 0275C 809F0C3C 0C05E570 */  jal     func_801795C0              
/* 02760 809F0C40 E6080068 */  swc1    $f8, 0x0068($s0)           ## 00000068
/* 02764 809F0C44 3C0140A0 */  lui     $at, 0x40A0                ## $at = 40A00000
/* 02768 809F0C48 44815000 */  mtc1    $at, $f10                  ## $f10 = 5.00
/* 0276C 809F0C4C 3C014780 */  lui     $at, 0x4780                ## $at = 47800000
/* 02770 809F0C50 44816000 */  mtc1    $at, $f12                  ## $f12 = 65536.00
/* 02774 809F0C54 460A0400 */  add.s   $f16, $f0, $f10            
/* 02778 809F0C58 0C05E565 */  jal     func_80179594              
/* 0277C 809F0C5C E6100070 */  swc1    $f16, 0x0070($s0)          ## 00000070
/* 02780 809F0C60 4600048D */  trunc.w.s $f18, $f0                  
/* 02784 809F0C64 3C01BF80 */  lui     $at, 0xBF80                ## $at = BF800000
/* 02788 809F0C68 44812000 */  mtc1    $at, $f4                   ## $f4 = -1.00
/* 0278C 809F0C6C 24080003 */  addiu   $t0, $zero, 0x0003         ## $t0 = 00000003
/* 02790 809F0C70 44199000 */  mfc1    $t9, $f18                  
/* 02794 809F0C74 A208015C */  sb      $t0, 0x015C($s0)           ## 0000015C
/* 02798 809F0C78 E6040074 */  swc1    $f4, 0x0074($s0)           ## 00000074
/* 0279C 809F0C7C 1000000E */  beq     $zero, $zero, .L809F0CB8   
/* 027A0 809F0C80 A6190032 */  sh      $t9, 0x0032($s0)           ## 00000032
.L809F0C84:
/* 027A4 809F0C84 0C02DAA2 */  jal     func_800B6A88              
/* 027A8 809F0C88 02002025 */  or      $a0, $s0, $zero            ## $a0 = 00000000
/* 027AC 809F0C8C 3C0141F0 */  lui     $at, 0x41F0                ## $at = 41F00000
/* 027B0 809F0C90 44815000 */  mtc1    $at, $f10                  ## $f10 = 30.00
/* 027B4 809F0C94 C6080088 */  lwc1    $f8, 0x0088($s0)           ## 00000088
/* 027B8 809F0C98 C6060328 */  lwc1    $f6, 0x0328($s0)           ## 00000328
/* 027BC 809F0C9C 460A4401 */  sub.s   $f16, $f8, $f10            
/* 027C0 809F0CA0 4610303C */  c.lt.s  $f6, $f16                  
/* 027C4 809F0CA4 00000000 */  nop
/* 027C8 809F0CA8 45020004 */  bc1fl   .L809F0CBC                 
/* 027CC 809F0CAC 8FBF0024 */  lw      $ra, 0x0024($sp)           
/* 027D0 809F0CB0 0C02D9C3 */  jal     func_800B670C              
/* 027D4 809F0CB4 02002025 */  or      $a0, $s0, $zero            ## $a0 = 00000000
.L809F0CB8:
/* 027D8 809F0CB8 8FBF0024 */  lw      $ra, 0x0024($sp)           
.L809F0CBC:
/* 027DC 809F0CBC 8FB00020 */  lw      $s0, 0x0020($sp)           
/* 027E0 809F0CC0 27BD0028 */  addiu   $sp, $sp, 0x0028           ## $sp = 00000000
/* 027E4 809F0CC4 03E00008 */  jr      $ra                        
/* 027E8 809F0CC8 00000000 */  nop


glabel func_809F0CCC
/* 027EC 809F0CCC 27BDFFC0 */  addiu   $sp, $sp, 0xFFC0           ## $sp = FFFFFFC0
/* 027F0 809F0CD0 AFB00020 */  sw      $s0, 0x0020($sp)           
/* 027F4 809F0CD4 00808025 */  or      $s0, $a0, $zero            ## $s0 = 00000000
/* 027F8 809F0CD8 AFBF0024 */  sw      $ra, 0x0024($sp)           
/* 027FC 809F0CDC AFA50044 */  sw      $a1, 0x0044($sp)           
/* 02800 809F0CE0 860E0160 */  lh      $t6, 0x0160($s0)           ## 00000160
/* 02804 809F0CE4 00001025 */  or      $v0, $zero, $zero          ## $v0 = 00000000
/* 02808 809F0CE8 25CF0001 */  addiu   $t7, $t6, 0x0001           ## $t7 = 00000001
/* 0280C 809F0CEC A60F0160 */  sh      $t7, 0x0160($s0)           ## 00000160
/* 02810 809F0CF0 0002C040 */  sll     $t8, $v0,  1               
.L809F0CF4:
/* 02814 809F0CF4 02181821 */  addu    $v1, $s0, $t8              
/* 02818 809F0CF8 84640162 */  lh      $a0, 0x0162($v1)           ## 00000162
/* 0281C 809F0CFC 24420001 */  addiu   $v0, $v0, 0x0001           ## $v0 = 00000001
/* 02820 809F0D00 00021400 */  sll     $v0, $v0, 16               
/* 02824 809F0D04 10800003 */  beq     $a0, $zero, .L809F0D14     
/* 02828 809F0D08 00021403 */  sra     $v0, $v0, 16               
/* 0282C 809F0D0C 2499FFFF */  addiu   $t9, $a0, 0xFFFF           ## $t9 = FFFFFFFF
/* 02830 809F0D10 A4790162 */  sh      $t9, 0x0162($v1)           ## 00000162
.L809F0D14:
/* 02834 809F0D14 28410003 */  slti    $at, $v0, 0x0003           
/* 02838 809F0D18 5420FFF6 */  bnel    $at, $zero, .L809F0CF4     
/* 0283C 809F0D1C 0002C040 */  sll     $t8, $v0,  1               
/* 02840 809F0D20 8602016A */  lh      $v0, 0x016A($s0)           ## 0000016A
/* 02844 809F0D24 10400002 */  beq     $v0, $zero, .L809F0D30     
/* 02848 809F0D28 2448FFFF */  addiu   $t0, $v0, 0xFFFF           ## $t0 = 00000000
/* 0284C 809F0D2C A608016A */  sh      $t0, 0x016A($s0)           ## 0000016A
.L809F0D30:
/* 02850 809F0D30 8602016C */  lh      $v0, 0x016C($s0)           ## 0000016C
/* 02854 809F0D34 10400002 */  beq     $v0, $zero, .L809F0D40     
/* 02858 809F0D38 2449FFFF */  addiu   $t1, $v0, 0xFFFF           ## $t1 = 00000000
/* 0285C 809F0D3C A609016C */  sh      $t1, 0x016C($s0)           ## 0000016C
.L809F0D40:
/* 02860 809F0D40 86020168 */  lh      $v0, 0x0168($s0)           ## 00000168
/* 02864 809F0D44 10400002 */  beq     $v0, $zero, .L809F0D50     
/* 02868 809F0D48 244AFFFF */  addiu   $t2, $v0, 0xFFFF           ## $t2 = 00000000
/* 0286C 809F0D4C A60A0168 */  sh      $t2, 0x0168($s0)           ## 00000168
.L809F0D50:
/* 02870 809F0D50 8602017A */  lh      $v0, 0x017A($s0)           ## 0000017A
/* 02874 809F0D54 10400002 */  beq     $v0, $zero, .L809F0D60     
/* 02878 809F0D58 244BFFFF */  addiu   $t3, $v0, 0xFFFF           ## $t3 = 00000000
/* 0287C 809F0D5C A60B017A */  sh      $t3, 0x017A($s0)           ## 0000017A
.L809F0D60:
/* 02880 809F0D60 8E190170 */  lw      $t9, 0x0170($s0)           ## 00000170
/* 02884 809F0D64 02002025 */  or      $a0, $s0, $zero            ## $a0 = 00000000
/* 02888 809F0D68 8FA50044 */  lw      $a1, 0x0044($sp)           
/* 0288C 809F0D6C 0320F809 */  jalr    $ra, $t9                   
/* 02890 809F0D70 00000000 */  nop
/* 02894 809F0D74 860C001C */  lh      $t4, 0x001C($s0)           ## 0000001C
/* 02898 809F0D78 24010004 */  addiu   $at, $zero, 0x0004         ## $at = 00000004
/* 0289C 809F0D7C 55810037 */  bnel    $t4, $at, .L809F0E5C       
/* 028A0 809F0D80 92020188 */  lbu     $v0, 0x0188($s0)           ## 00000188
/* 028A4 809F0D84 0C02DAA2 */  jal     func_800B6A88              
/* 028A8 809F0D88 02002025 */  or      $a0, $s0, $zero            ## $a0 = 00000000
/* 028AC 809F0D8C 86040348 */  lh      $a0, 0x0348($s0)           ## 00000348
/* 028B0 809F0D90 0C06026B */  jal     func_801809AC              
/* 028B4 809F0D94 00002825 */  or      $a1, $zero, $zero          ## $a1 = 00000000
/* 028B8 809F0D98 C60C0338 */  lwc1    $f12, 0x0338($s0)          ## 00000338
/* 028BC 809F0D9C 0C060704 */  jal     func_80181C10              
/* 028C0 809F0DA0 2605033C */  addiu   $a1, $s0, 0x033C           ## $a1 = 0000033C
/* 028C4 809F0DA4 C6040024 */  lwc1    $f4, 0x0024($s0)           ## 00000024
/* 028C8 809F0DA8 C606033C */  lwc1    $f6, 0x033C($s0)           ## 0000033C
/* 028CC 809F0DAC C60A002C */  lwc1    $f10, 0x002C($s0)          ## 0000002C
/* 028D0 809F0DB0 C6100344 */  lwc1    $f16, 0x0344($s0)          ## 00000344
/* 028D4 809F0DB4 3C013F80 */  lui     $at, 0x3F80                ## $at = 3F800000
/* 028D8 809F0DB8 44810000 */  mtc1    $at, $f0                   ## $f0 = 1.00
/* 028DC 809F0DBC 46062200 */  add.s   $f8, $f4, $f6              
/* 028E0 809F0DC0 26040338 */  addiu   $a0, $s0, 0x0338           ## $a0 = 00000338
/* 028E4 809F0DC4 44050000 */  mfc1    $a1, $f0                   
/* 028E8 809F0DC8 46105480 */  add.s   $f18, $f10, $f16           
/* 028EC 809F0DCC 44060000 */  mfc1    $a2, $f0                   
/* 028F0 809F0DD0 E6080024 */  swc1    $f8, 0x0024($s0)           ## 00000024
/* 028F4 809F0DD4 0C03FF9A */  jal     func_800FFE68              
/* 028F8 809F0DD8 E612002C */  swc1    $f18, 0x002C($s0)          ## 0000002C
/* 028FC 809F0DDC 3C014220 */  lui     $at, 0x4220                ## $at = 42200000
/* 02900 809F0DE0 44812000 */  mtc1    $at, $f4                   ## $f4 = 40.00
/* 02904 809F0DE4 240D0045 */  addiu   $t5, $zero, 0x0045         ## $t5 = 00000045
/* 02908 809F0DE8 AFAD0014 */  sw      $t5, 0x0014($sp)           
/* 0290C 809F0DEC 8FA40044 */  lw      $a0, 0x0044($sp)           
/* 02910 809F0DF0 02002825 */  or      $a1, $s0, $zero            ## $a1 = 00000000
/* 02914 809F0DF4 3C0641A0 */  lui     $a2, 0x41A0                ## $a2 = 41A00000
/* 02918 809F0DF8 3C074248 */  lui     $a3, 0x4248                ## $a3 = 42480000
/* 0291C 809F0DFC 0C02DE2E */  jal     func_800B78B8              
/* 02920 809F0E00 E7A40010 */  swc1    $f4, 0x0010($sp)           
/* 02924 809F0E04 02002025 */  or      $a0, $s0, $zero            ## $a0 = 00000000
/* 02928 809F0E08 0C27BF94 */  jal     func_809EFE50              
/* 0292C 809F0E0C 8FA50044 */  lw      $a1, 0x0044($sp)           
/* 02930 809F0E10 8FA40044 */  lw      $a0, 0x0044($sp)           
/* 02934 809F0E14 3C010001 */  lui     $at, 0x0001                ## $at = 00010000
/* 02938 809F0E18 34218884 */  ori     $at, $at, 0x8884           ## $at = 00018884
/* 0293C 809F0E1C 26060368 */  addiu   $a2, $s0, 0x0368           ## $a2 = 00000368
/* 02940 809F0E20 00812821 */  addu    $a1, $a0, $at              
/* 02944 809F0E24 AFA50030 */  sw      $a1, 0x0030($sp)           
/* 02948 809F0E28 0C038956 */  jal     func_800E2558              
/* 0294C 809F0E2C AFA6002C */  sw      $a2, 0x002C($sp)           
/* 02950 809F0E30 8FA40044 */  lw      $a0, 0x0044($sp)           
/* 02954 809F0E34 8FA50030 */  lw      $a1, 0x0030($sp)           
/* 02958 809F0E38 0C0389D0 */  jal     func_800E2740              
/* 0295C 809F0E3C 8FA6002C */  lw      $a2, 0x002C($sp)           
/* 02960 809F0E40 8FA40044 */  lw      $a0, 0x0044($sp)           
/* 02964 809F0E44 8FA50030 */  lw      $a1, 0x0030($sp)           
/* 02968 809F0E48 0C038A4A */  jal     func_800E2928              
/* 0296C 809F0E4C 8FA6002C */  lw      $a2, 0x002C($sp)           
/* 02970 809F0E50 860E0032 */  lh      $t6, 0x0032($s0)           ## 00000032
/* 02974 809F0E54 A60E00BE */  sh      $t6, 0x00BE($s0)           ## 000000BE
/* 02978 809F0E58 92020188 */  lbu     $v0, 0x0188($s0)           ## 00000188
.L809F0E5C:
/* 0297C 809F0E5C 3C013F80 */  lui     $at, 0x3F80                ## $at = 3F800000
/* 02980 809F0E60 44810000 */  mtc1    $at, $f0                   ## $f0 = 1.00
/* 02984 809F0E64 2C410016 */  sltiu   $at, $v0, 0x0016           
/* 02988 809F0E68 10200074 */  beq     $at, $zero, .L809F103C     
/* 0298C 809F0E6C 00027880 */  sll     $t7, $v0,  2               
/* 02990 809F0E70 3C01809F */  lui     $at, %hi(D_809F1D4C)       ## $at = 809F0000
/* 02994 809F0E74 002F0821 */  addu    $at, $at, $t7              
/* 02998 809F0E78 8C2F1D4C */  lw      $t7, %lo(D_809F1D4C)($at)  
/* 0299C 809F0E7C 01E00008 */  jr      $t7                        
/* 029A0 809F0E80 00000000 */  nop
.L809F0E84:
/* 029A4 809F0E84 44803000 */  mtc1    $zero, $f6                 ## $f6 = 0.00
/* 029A8 809F0E88 A2000189 */  sb      $zero, 0x0189($s0)         ## 00000189
/* 029AC 809F0E8C A600017A */  sh      $zero, 0x017A($s0)         ## 0000017A
/* 029B0 809F0E90 1000006A */  beq     $zero, $zero, .L809F103C   
/* 029B4 809F0E94 E6060184 */  swc1    $f6, 0x0184($s0)           ## 00000184
.L809F0E98:
/* 029B8 809F0E98 44804000 */  mtc1    $zero, $f8                 ## $f8 = 0.00
/* 029BC 809F0E9C 24180050 */  addiu   $t8, $zero, 0x0050         ## $t8 = 00000050
/* 029C0 809F0EA0 24480001 */  addiu   $t0, $v0, 0x0001           ## $t0 = 00000001
/* 029C4 809F0EA4 A2000189 */  sb      $zero, 0x0189($s0)         ## 00000189
/* 029C8 809F0EA8 A618017A */  sh      $t8, 0x017A($s0)           ## 0000017A
/* 029CC 809F0EAC E6000184 */  swc1    $f0, 0x0184($s0)           ## 00000184
/* 029D0 809F0EB0 A2080188 */  sb      $t0, 0x0188($s0)           ## 00000188
/* 029D4 809F0EB4 E608017C */  swc1    $f8, 0x017C($s0)           ## 0000017C
.L809F0EB8:
/* 029D8 809F0EB8 8609017A */  lh      $t1, 0x017A($s0)           ## 0000017A
/* 029DC 809F0EBC 26040184 */  addiu   $a0, $s0, 0x0184           ## $a0 = 00000184
/* 029E0 809F0EC0 3C063CA3 */  lui     $a2, 0x3CA3                ## $a2 = 3CA30000
/* 029E4 809F0EC4 1520000C */  bne     $t1, $zero, .L809F0EF8     
/* 029E8 809F0EC8 3C013F00 */  lui     $at, 0x3F00                ## $at = 3F000000
/* 029EC 809F0ECC 44050000 */  mfc1    $a1, $f0                   
/* 029F0 809F0ED0 0C03FF9A */  jal     func_800FFE68              
/* 029F4 809F0ED4 34C6D70A */  ori     $a2, $a2, 0xD70A           ## $a2 = 3CA3D70A
/* 029F8 809F0ED8 44805000 */  mtc1    $zero, $f10                ## $f10 = 0.00
/* 029FC 809F0EDC C6100184 */  lwc1    $f16, 0x0184($s0)          ## 00000184
/* 02A00 809F0EE0 46105032 */  c.eq.s  $f10, $f16                 
/* 02A04 809F0EE4 00000000 */  nop
/* 02A08 809F0EE8 45020055 */  bc1fl   .L809F1040                 
/* 02A0C 809F0EEC 8FBF0024 */  lw      $ra, 0x0024($sp)           
/* 02A10 809F0EF0 10000052 */  beq     $zero, $zero, .L809F103C   
/* 02A14 809F0EF4 A2000188 */  sb      $zero, 0x0188($s0)         ## 00000188
.L809F0EF8:
/* 02A18 809F0EF8 44811000 */  mtc1    $at, $f2                   ## $f2 = 0.00
/* 02A1C 809F0EFC 3C01809F */  lui     $at, %hi(D_809F1DA4)       ## $at = 809F0000
/* 02A20 809F0F00 C42C1DA4 */  lwc1    $f12, %lo(D_809F1DA4)($at) 
/* 02A24 809F0F04 44050000 */  mfc1    $a1, $f0                   
/* 02A28 809F0F08 44071000 */  mfc1    $a3, $f2                   
/* 02A2C 809F0F0C 44066000 */  mfc1    $a2, $f12                  
/* 02A30 809F0F10 0C03FF7E */  jal     func_800FFDF8              
/* 02A34 809F0F14 2604017C */  addiu   $a0, $s0, 0x017C           ## $a0 = 0000017C
/* 02A38 809F0F18 10000049 */  beq     $zero, $zero, .L809F1040   
/* 02A3C 809F0F1C 8FBF0024 */  lw      $ra, 0x0024($sp)           
.L809F0F20:
/* 02A40 809F0F20 3C014000 */  lui     $at, 0x4000                ## $at = 40000000
/* 02A44 809F0F24 44809000 */  mtc1    $zero, $f18                ## $f18 = 0.00
/* 02A48 809F0F28 44812000 */  mtc1    $at, $f4                   ## $f4 = 2.00
/* 02A4C 809F0F2C 240A000A */  addiu   $t2, $zero, 0x000A         ## $t2 = 0000000A
/* 02A50 809F0F30 240B0050 */  addiu   $t3, $zero, 0x0050         ## $t3 = 00000050
/* 02A54 809F0F34 24590001 */  addiu   $t9, $v0, 0x0001           ## $t9 = 00000001
/* 02A58 809F0F38 A20A0189 */  sb      $t2, 0x0189($s0)           ## 00000189
/* 02A5C 809F0F3C A60B017A */  sh      $t3, 0x017A($s0)           ## 0000017A
/* 02A60 809F0F40 E6000184 */  swc1    $f0, 0x0184($s0)           ## 00000184
/* 02A64 809F0F44 A2190188 */  sb      $t9, 0x0188($s0)           ## 00000188
/* 02A68 809F0F48 E612017C */  swc1    $f18, 0x017C($s0)          ## 0000017C
/* 02A6C 809F0F4C E6040180 */  swc1    $f4, 0x0180($s0)           ## 00000180
.L809F0F50:
/* 02A70 809F0F50 860C017A */  lh      $t4, 0x017A($s0)           ## 0000017A
/* 02A74 809F0F54 8FA50044 */  lw      $a1, 0x0044($sp)           
/* 02A78 809F0F58 2604017C */  addiu   $a0, $s0, 0x017C           ## $a0 = 0000017C
/* 02A7C 809F0F5C 55800006 */  bnel    $t4, $zero, .L809F0F78     
/* 02A80 809F0F60 44050000 */  mfc1    $a1, $f0                   
/* 02A84 809F0F64 0C27B938 */  jal     func_809EE4E0              
/* 02A88 809F0F68 02002025 */  or      $a0, $s0, $zero            ## $a0 = 00000000
/* 02A8C 809F0F6C 10000033 */  beq     $zero, $zero, .L809F103C   
/* 02A90 809F0F70 A2000188 */  sb      $zero, 0x0188($s0)         ## 00000188
/* 02A94 809F0F74 44050000 */  mfc1    $a1, $f0                   
.L809F0F78:
/* 02A98 809F0F78 44060000 */  mfc1    $a2, $f0                   
/* 02A9C 809F0F7C 0C03FF7E */  jal     func_800FFDF8              
/* 02AA0 809F0F80 3C073E80 */  lui     $a3, 0x3E80                ## $a3 = 3E800000
/* 02AA4 809F0F84 3C013F80 */  lui     $at, 0x3F80                ## $at = 3F800000
/* 02AA8 809F0F88 44810000 */  mtc1    $at, $f0                   ## $f0 = 1.00
/* 02AAC 809F0F8C 3C01809F */  lui     $at, %hi(D_809F1DA8)       ## $at = 809F0000
/* 02AB0 809F0F90 C42C1DA8 */  lwc1    $f12, %lo(D_809F1DA8)($at) 
/* 02AB4 809F0F94 44050000 */  mfc1    $a1, $f0                   
/* 02AB8 809F0F98 26040180 */  addiu   $a0, $s0, 0x0180           ## $a0 = 00000180
/* 02ABC 809F0F9C 44066000 */  mfc1    $a2, $f12                  
/* 02AC0 809F0FA0 44076000 */  mfc1    $a3, $f12                  
/* 02AC4 809F0FA4 0C03FF7E */  jal     func_800FFDF8              
/* 02AC8 809F0FA8 00000000 */  nop
/* 02ACC 809F0FAC 10000024 */  beq     $zero, $zero, .L809F1040   
/* 02AD0 809F0FB0 8FBF0024 */  lw      $ra, 0x0024($sp)           
.L809F0FB4:
/* 02AD4 809F0FB4 44803000 */  mtc1    $zero, $f6                 ## $f6 = 0.00
/* 02AD8 809F0FB8 240D0014 */  addiu   $t5, $zero, 0x0014         ## $t5 = 00000014
/* 02ADC 809F0FBC 240E0050 */  addiu   $t6, $zero, 0x0050         ## $t6 = 00000050
/* 02AE0 809F0FC0 244F0001 */  addiu   $t7, $v0, 0x0001           ## $t7 = 00000001
/* 02AE4 809F0FC4 A20D0189 */  sb      $t5, 0x0189($s0)           ## 00000189
/* 02AE8 809F0FC8 A60E017A */  sh      $t6, 0x017A($s0)           ## 0000017A
/* 02AEC 809F0FCC E6000184 */  swc1    $f0, 0x0184($s0)           ## 00000184
/* 02AF0 809F0FD0 A20F0188 */  sb      $t7, 0x0188($s0)           ## 00000188
/* 02AF4 809F0FD4 10000019 */  beq     $zero, $zero, .L809F103C   
/* 02AF8 809F0FD8 E606017C */  swc1    $f6, 0x017C($s0)           ## 0000017C
.L809F0FDC:
/* 02AFC 809F0FDC 8618017A */  lh      $t8, 0x017A($s0)           ## 0000017A
/* 02B00 809F0FE0 2604017C */  addiu   $a0, $s0, 0x017C           ## $a0 = 0000017C
/* 02B04 809F0FE4 3C063CF5 */  lui     $a2, 0x3CF5                ## $a2 = 3CF50000
/* 02B08 809F0FE8 1700000D */  bne     $t8, $zero, .L809F1020     
/* 02B0C 809F0FEC 3C013F00 */  lui     $at, 0x3F00                ## $at = 3F000000
/* 02B10 809F0FF0 44050000 */  mfc1    $a1, $f0                   
/* 02B14 809F0FF4 0C03FF9A */  jal     func_800FFE68              
/* 02B18 809F0FF8 34C6C28F */  ori     $a2, $a2, 0xC28F           ## $a2 = 3CF5C28F
/* 02B1C 809F0FFC 44800000 */  mtc1    $zero, $f0                 ## $f0 = 0.00
/* 02B20 809F1000 C608017C */  lwc1    $f8, 0x017C($s0)           ## 0000017C
/* 02B24 809F1004 46080032 */  c.eq.s  $f0, $f8                   
/* 02B28 809F1008 00000000 */  nop
/* 02B2C 809F100C 4502000C */  bc1fl   .L809F1040                 
/* 02B30 809F1010 8FBF0024 */  lw      $ra, 0x0024($sp)           
/* 02B34 809F1014 A2000188 */  sb      $zero, 0x0188($s0)         ## 00000188
/* 02B38 809F1018 10000008 */  beq     $zero, $zero, .L809F103C   
/* 02B3C 809F101C E6000184 */  swc1    $f0, 0x0184($s0)           ## 00000184
.L809F1020:
/* 02B40 809F1020 44811000 */  mtc1    $at, $f2                   ## $f2 = 0.00
/* 02B44 809F1024 44050000 */  mfc1    $a1, $f0                   
/* 02B48 809F1028 2604017C */  addiu   $a0, $s0, 0x017C           ## $a0 = 0000017C
/* 02B4C 809F102C 44061000 */  mfc1    $a2, $f2                   
/* 02B50 809F1030 44071000 */  mfc1    $a3, $f2                   
/* 02B54 809F1034 0C03FF7E */  jal     func_800FFDF8              
/* 02B58 809F1038 00000000 */  nop
.L809F103C:
/* 02B5C 809F103C 8FBF0024 */  lw      $ra, 0x0024($sp)           
.L809F1040:
/* 02B60 809F1040 8FB00020 */  lw      $s0, 0x0020($sp)           
/* 02B64 809F1044 27BD0040 */  addiu   $sp, $sp, 0x0040           ## $sp = 00000000
/* 02B68 809F1048 03E00008 */  jr      $ra                        
/* 02B6C 809F104C 00000000 */  nop


glabel func_809F1050
/* 02B70 809F1050 AFA7000C */  sw      $a3, 0x000C($sp)           
/* 02B74 809F1054 3C07801F */  lui     $a3, 0x801F                ## $a3 = 801F0000
/* 02B78 809F1058 24E73F60 */  addiu   $a3, $a3, 0x3F60           ## $a3 = 801F3F60
/* 02B7C 809F105C AFA40000 */  sw      $a0, 0x0000($sp)           
/* 02B80 809F1060 8CE30000 */  lw      $v1, 0x0000($a3)           ## 801F3F60
/* 02B84 809F1064 8FA20014 */  lw      $v0, 0x0014($sp)           
/* 02B88 809F1068 846E0A14 */  lh      $t6, 0x0A14($v1)           ## 00000A14
/* 02B8C 809F106C 54AE001A */  bnel    $a1, $t6, .L809F10D8       
/* 02B90 809F1070 8FA20014 */  lw      $v0, 0x0014($sp)           
/* 02B94 809F1074 844F0160 */  lh      $t7, 0x0160($v0)           ## 00000160
/* 02B98 809F1078 31F80003 */  andi    $t8, $t7, 0x0003           ## $t8 = 00000000
/* 02B9C 809F107C 57000004 */  bnel    $t8, $zero, .L809F1090     
/* 02BA0 809F1080 8FA40010 */  lw      $a0, 0x0010($sp)           
/* 02BA4 809F1084 ACC00000 */  sw      $zero, 0x0000($a2)         ## 00000000
/* 02BA8 809F1088 8CE30000 */  lw      $v1, 0x0000($a3)           ## 801F3F60
/* 02BAC 809F108C 8FA40010 */  lw      $a0, 0x0010($sp)           
.L809F1090:
/* 02BB0 809F1090 84680A16 */  lh      $t0, 0x0A16($v1)           ## 00000A16
/* 02BB4 809F1094 84990000 */  lh      $t9, 0x0000($a0)           ## 00000000
/* 02BB8 809F1098 00084A00 */  sll     $t1, $t0,  8               
/* 02BBC 809F109C 848B0002 */  lh      $t3, 0x0002($a0)           ## 00000002
/* 02BC0 809F10A0 03295021 */  addu    $t2, $t9, $t1              
/* 02BC4 809F10A4 A48A0000 */  sh      $t2, 0x0000($a0)           ## 00000000
/* 02BC8 809F10A8 8CEC0000 */  lw      $t4, 0x0000($a3)           ## 801F3F60
/* 02BCC 809F10AC 84980004 */  lh      $t8, 0x0004($a0)           ## 00000004
/* 02BD0 809F10B0 858D0A18 */  lh      $t5, 0x0A18($t4)           ## 00000A18
/* 02BD4 809F10B4 000D7200 */  sll     $t6, $t5,  8               
/* 02BD8 809F10B8 016E7821 */  addu    $t7, $t3, $t6              
/* 02BDC 809F10BC A48F0002 */  sh      $t7, 0x0002($a0)           ## 00000002
/* 02BE0 809F10C0 8CE80000 */  lw      $t0, 0x0000($a3)           ## 801F3F60
/* 02BE4 809F10C4 85190A1A */  lh      $t9, 0x0A1A($t0)           ## 00000A1A
/* 02BE8 809F10C8 00194A00 */  sll     $t1, $t9,  8               
/* 02BEC 809F10CC 03095021 */  addu    $t2, $t8, $t1              
/* 02BF0 809F10D0 A48A0004 */  sh      $t2, 0x0004($a0)           ## 00000004
/* 02BF4 809F10D4 8FA20014 */  lw      $v0, 0x0014($sp)           
.L809F10D8:
/* 02BF8 809F10D8 24010001 */  addiu   $at, $zero, 0x0001         ## $at = 00000001
/* 02BFC 809F10DC 3C03809F */  lui     $v1, %hi(D_809F1CB8)       ## $v1 = 809F0000
/* 02C00 809F10E0 844C001C */  lh      $t4, 0x001C($v0)           ## 0000001C
/* 02C04 809F10E4 8FA40010 */  lw      $a0, 0x0010($sp)           
/* 02C08 809F10E8 00651821 */  addu    $v1, $v1, $a1              
/* 02C0C 809F10EC 15810004 */  bne     $t4, $at, .L809F1100       
/* 02C10 809F10F0 24010009 */  addiu   $at, $zero, 0x0009         ## $at = 00000009
/* 02C14 809F10F4 54A10003 */  bnel    $a1, $at, .L809F1104       
/* 02C18 809F10F8 24010002 */  addiu   $at, $zero, 0x0002         ## $at = 00000002
/* 02C1C 809F10FC ACC00000 */  sw      $zero, 0x0000($a2)         ## 00000000
.L809F1100:
/* 02C20 809F1100 24010002 */  addiu   $at, $zero, 0x0002         ## $at = 00000002
.L809F1104:
/* 02C24 809F1104 14A10005 */  bne     $a1, $at, .L809F111C       
/* 02C28 809F1108 00000000 */  nop
/* 02C2C 809F110C 848D0000 */  lh      $t5, 0x0000($a0)           ## 00000000
/* 02C30 809F1110 844B019C */  lh      $t3, 0x019C($v0)           ## 0000019C
/* 02C34 809F1114 01AB7021 */  addu    $t6, $t5, $t3              
/* 02C38 809F1118 A48E0000 */  sh      $t6, 0x0000($a0)           ## 00000000
.L809F111C:
/* 02C3C 809F111C 80631CB8 */  lb      $v1, %lo(D_809F1CB8)($v1)  
/* 02C40 809F1120 04600010 */  bltz    $v1, .L809F1164            
/* 02C44 809F1124 00037880 */  sll     $t7, $v1,  2               
/* 02C48 809F1128 01E37823 */  subu    $t7, $t7, $v1              
/* 02C4C 809F112C 000F7840 */  sll     $t7, $t7,  1               
/* 02C50 809F1130 004F2821 */  addu    $a1, $v0, $t7              
/* 02C54 809F1134 84A8019E */  lh      $t0, 0x019E($a1)           ## 0000019E
/* 02C58 809F1138 84990000 */  lh      $t9, 0x0000($a0)           ## 00000000
/* 02C5C 809F113C 848A0002 */  lh      $t2, 0x0002($a0)           ## 00000002
/* 02C60 809F1140 848B0004 */  lh      $t3, 0x0004($a0)           ## 00000004
/* 02C64 809F1144 0119C021 */  addu    $t8, $t0, $t9              
/* 02C68 809F1148 A4980000 */  sh      $t8, 0x0000($a0)           ## 00000000
/* 02C6C 809F114C 84A901A0 */  lh      $t1, 0x01A0($a1)           ## 000001A0
/* 02C70 809F1150 012A6021 */  addu    $t4, $t1, $t2              
/* 02C74 809F1154 A48C0002 */  sh      $t4, 0x0002($a0)           ## 00000002
/* 02C78 809F1158 84AD01A2 */  lh      $t5, 0x01A2($a1)           ## 000001A2
/* 02C7C 809F115C 01AB7021 */  addu    $t6, $t5, $t3              
/* 02C80 809F1160 A48E0004 */  sh      $t6, 0x0004($a0)           ## 00000004
.L809F1164:
/* 02C84 809F1164 00001025 */  or      $v0, $zero, $zero          ## $v0 = 00000000
/* 02C88 809F1168 03E00008 */  jr      $ra                        
/* 02C8C 809F116C 00000000 */  nop


glabel func_809F1170
/* 02C90 809F1170 27BDFF80 */  addiu   $sp, $sp, 0xFF80           ## $sp = FFFFFF80
/* 02C94 809F1174 AFBF001C */  sw      $ra, 0x001C($sp)           
/* 02C98 809F1178 AFB00018 */  sw      $s0, 0x0018($sp)           
/* 02C9C 809F117C AFA40080 */  sw      $a0, 0x0080($sp)           
/* 02CA0 809F1180 AFA50084 */  sw      $a1, 0x0084($sp)           
/* 02CA4 809F1184 AFA60088 */  sw      $a2, 0x0088($sp)           
/* 02CA8 809F1188 AFA7008C */  sw      $a3, 0x008C($sp)           
/* 02CAC 809F118C 8FAE0084 */  lw      $t6, 0x0084($sp)           
/* 02CB0 809F1190 24010004 */  addiu   $at, $zero, 0x0004         ## $at = 00000004
/* 02CB4 809F1194 8FB00090 */  lw      $s0, 0x0090($sp)           
/* 02CB8 809F1198 15C10015 */  bne     $t6, $at, .L809F11F0       
/* 02CBC 809F119C 3C04809F */  lui     $a0, %hi(D_809F1CC4)       ## $a0 = 809F0000
/* 02CC0 809F11A0 24841CC4 */  addiu   $a0, $a0, %lo(D_809F1CC4)  ## $a0 = 809F1CC4
/* 02CC4 809F11A4 0C0606A6 */  jal     func_80181A98              
/* 02CC8 809F11A8 26050324 */  addiu   $a1, $s0, 0x0324           ## $a1 = 00000324
/* 02CCC 809F11AC 8E180170 */  lw      $t8, 0x0170($s0)           ## 00000170
/* 02CD0 809F11B0 3C0F809F */  lui     $t7, %hi(func_809EFAB4)    ## $t7 = 809F0000
/* 02CD4 809F11B4 25EFFAB4 */  addiu   $t7, $t7, %lo(func_809EFAB4) ## $t7 = 809EFAB4
/* 02CD8 809F11B8 15F80004 */  bne     $t7, $t8, .L809F11CC       
/* 02CDC 809F11BC 3C04809F */  lui     $a0, %hi(D_809F1CC4)       ## $a0 = 809F0000
/* 02CE0 809F11C0 24841CC4 */  addiu   $a0, $a0, %lo(D_809F1CC4)  ## $a0 = 809F1CC4
/* 02CE4 809F11C4 0C0606A6 */  jal     func_80181A98              
/* 02CE8 809F11C8 2605003C */  addiu   $a1, $s0, 0x003C           ## $a1 = 0000003C
.L809F11CC:
/* 02CEC 809F11CC 0C06007A */  jal     func_801801E8              
/* 02CF0 809F11D0 27A4003C */  addiu   $a0, $sp, 0x003C           ## $a0 = FFFFFFBC
/* 02CF4 809F11D4 27A4003C */  addiu   $a0, $sp, 0x003C           ## $a0 = FFFFFFBC
/* 02CF8 809F11D8 26050330 */  addiu   $a1, $s0, 0x0330           ## $a1 = 00000330
/* 02CFC 809F11DC 0C060867 */  jal     func_8018219C              
/* 02D00 809F11E0 00003025 */  or      $a2, $zero, $zero          ## $a2 = 00000000
/* 02D04 809F11E4 86190330 */  lh      $t9, 0x0330($s0)           ## 00000330
/* 02D08 809F11E8 27280F00 */  addiu   $t0, $t9, 0x0F00           ## $t0 = 00000F00
/* 02D0C 809F11EC A6080330 */  sh      $t0, 0x0330($s0)           ## 00000330
.L809F11F0:
/* 02D10 809F11F0 8FA90084 */  lw      $t1, 0x0084($sp)           
/* 02D14 809F11F4 24010002 */  addiu   $at, $zero, 0x0002         ## $at = 00000002
/* 02D18 809F11F8 8FB00090 */  lw      $s0, 0x0090($sp)           
/* 02D1C 809F11FC 55210008 */  bnel    $t1, $at, .L809F1220       
/* 02D20 809F1200 8FAA0084 */  lw      $t2, 0x0084($sp)           
/* 02D24 809F1204 0C0606D4 */  jal     func_80181B50              
/* 02D28 809F1208 27A40030 */  addiu   $a0, $sp, 0x0030           ## $a0 = FFFFFFB0
/* 02D2C 809F120C 00002025 */  or      $a0, $zero, $zero          ## $a0 = 00000000
/* 02D30 809F1210 260501C8 */  addiu   $a1, $s0, 0x01C8           ## $a1 = 000001C8
/* 02D34 809F1214 0C27B99A */  jal     func_809EE668              
/* 02D38 809F1218 27A60030 */  addiu   $a2, $sp, 0x0030           ## $a2 = FFFFFFB0
/* 02D3C 809F121C 8FAA0084 */  lw      $t2, 0x0084($sp)           
.L809F1220:
/* 02D40 809F1220 24010003 */  addiu   $at, $zero, 0x0003         ## $at = 00000003
/* 02D44 809F1224 27A50024 */  addiu   $a1, $sp, 0x0024           ## $a1 = FFFFFFA4
/* 02D48 809F1228 15410011 */  bne     $t2, $at, .L809F1270       
/* 02D4C 809F122C 260B01C8 */  addiu   $t3, $s0, 0x01C8           ## $t3 = 000001C8
/* 02D50 809F1230 3C01C3FA */  lui     $at, 0xC3FA                ## $at = C3FA0000
/* 02D54 809F1234 44816000 */  mtc1    $at, $f12                  ## $f12 = -500.00
/* 02D58 809F1238 0C0606F1 */  jal     func_80181BC4              
/* 02D5C 809F123C AFAB0020 */  sw      $t3, 0x0020($sp)           
/* 02D60 809F1240 24040001 */  addiu   $a0, $zero, 0x0001         ## $a0 = 00000001
/* 02D64 809F1244 8FA50020 */  lw      $a1, 0x0020($sp)           
/* 02D68 809F1248 0C27B99A */  jal     func_809EE668              
/* 02D6C 809F124C 27A60024 */  addiu   $a2, $sp, 0x0024           ## $a2 = FFFFFFA4
/* 02D70 809F1250 8E0D0170 */  lw      $t5, 0x0170($s0)           ## 00000170
/* 02D74 809F1254 3C0C809F */  lui     $t4, %hi(func_809EEDE8)    ## $t4 = 809F0000
/* 02D78 809F1258 258CEDE8 */  addiu   $t4, $t4, %lo(func_809EEDE8) ## $t4 = 809EEDE8
/* 02D7C 809F125C 158D0004 */  bne     $t4, $t5, .L809F1270       
/* 02D80 809F1260 3C01809F */  lui     $at, %hi(D_809F1DAC)       ## $at = 809F0000
/* 02D84 809F1264 C42C1DAC */  lwc1    $f12, %lo(D_809F1DAC)($at) 
/* 02D88 809F1268 0C0606F1 */  jal     func_80181BC4              
/* 02D8C 809F126C 2605003C */  addiu   $a1, $s0, 0x003C           ## $a1 = 0000003C
.L809F1270:
/* 02D90 809F1270 8FBF001C */  lw      $ra, 0x001C($sp)           
/* 02D94 809F1274 8FB00018 */  lw      $s0, 0x0018($sp)           
/* 02D98 809F1278 27BD0080 */  addiu   $sp, $sp, 0x0080           ## $sp = 00000000
/* 02D9C 809F127C 03E00008 */  jr      $ra                        
/* 02DA0 809F1280 00000000 */  nop


glabel func_809F1284
/* 02DA4 809F1284 AFA40000 */  sw      $a0, 0x0000($sp)           
/* 02DA8 809F1288 AFA50004 */  sw      $a1, 0x0004($sp)           
/* 02DAC 809F128C AFA60008 */  sw      $a2, 0x0008($sp)           
/* 02DB0 809F1290 AFA7000C */  sw      $a3, 0x000C($sp)           
/* 02DB4 809F1294 00001025 */  or      $v0, $zero, $zero          ## $v0 = 00000000
/* 02DB8 809F1298 03E00008 */  jr      $ra                        
/* 02DBC 809F129C 00000000 */  nop


glabel func_809F12A0
/* 02DC0 809F12A0 27BDFFE0 */  addiu   $sp, $sp, 0xFFE0           ## $sp = FFFFFFE0
/* 02DC4 809F12A4 AFBF001C */  sw      $ra, 0x001C($sp)           
/* 02DC8 809F12A8 AFB00018 */  sw      $s0, 0x0018($sp)           
/* 02DCC 809F12AC AFA40020 */  sw      $a0, 0x0020($sp)           
/* 02DD0 809F12B0 AFA60028 */  sw      $a2, 0x0028($sp)           
/* 02DD4 809F12B4 AFA7002C */  sw      $a3, 0x002C($sp)           
/* 02DD8 809F12B8 24010001 */  addiu   $at, $zero, 0x0001         ## $at = 00000001
/* 02DDC 809F12BC 14A10022 */  bne     $a1, $at, .L809F1348       
/* 02DE0 809F12C0 3C04809F */  lui     $a0, %hi(D_809F1CD0)       ## $a0 = 809F0000
/* 02DE4 809F12C4 3C05809F */  lui     $a1, %hi(D_809F2110)       ## $a1 = 809F0000
/* 02DE8 809F12C8 24A52110 */  addiu   $a1, $a1, %lo(D_809F2110)  ## $a1 = 809F2110
/* 02DEC 809F12CC 0C0606A6 */  jal     func_80181A98              
/* 02DF0 809F12D0 24841CD0 */  addiu   $a0, $a0, %lo(D_809F1CD0)  ## $a0 = 809F1CD0
/* 02DF4 809F12D4 8FB00030 */  lw      $s0, 0x0030($sp)           
/* 02DF8 809F12D8 3C06809F */  lui     $a2, %hi(D_809F2110)       ## $a2 = 809F0000
/* 02DFC 809F12DC 24C62110 */  addiu   $a2, $a2, %lo(D_809F2110)  ## $a2 = 809F2110
/* 02E00 809F12E0 00002025 */  or      $a0, $zero, $zero          ## $a0 = 00000000
/* 02E04 809F12E4 0C27B99A */  jal     func_809EE668              
/* 02E08 809F12E8 26050368 */  addiu   $a1, $s0, 0x0368           ## $a1 = 00000368
/* 02E0C 809F12EC 860E001C */  lh      $t6, 0x001C($s0)           ## 0000001C
/* 02E10 809F12F0 24010004 */  addiu   $at, $zero, 0x0004         ## $at = 00000004
/* 02E14 809F12F4 3C04809F */  lui     $a0, %hi(D_809F1CDC)       ## $a0 = 809F0000
/* 02E18 809F12F8 15C10003 */  bne     $t6, $at, .L809F1308       
/* 02E1C 809F12FC 24841CDC */  addiu   $a0, $a0, %lo(D_809F1CDC)  ## $a0 = 809F1CDC
/* 02E20 809F1300 0C0606A6 */  jal     func_80181A98              
/* 02E24 809F1304 2605003C */  addiu   $a1, $s0, 0x003C           ## $a1 = 0000003C
.L809F1308:
/* 02E28 809F1308 920F0188 */  lbu     $t7, 0x0188($s0)           ## 00000188
/* 02E2C 809F130C 3C04809F */  lui     $a0, %hi(D_809F1CDC)       ## $a0 = 809F0000
/* 02E30 809F1310 24841CDC */  addiu   $a0, $a0, %lo(D_809F1CDC)  ## $a0 = 809F1CDC
/* 02E34 809F1314 51E0000D */  beql    $t7, $zero, .L809F134C     
/* 02E38 809F1318 8FBF001C */  lw      $ra, 0x001C($sp)           
/* 02E3C 809F131C 0C0606A6 */  jal     func_80181A98              
/* 02E40 809F1320 2605018C */  addiu   $a1, $s0, 0x018C           ## $a1 = 0000018C
/* 02E44 809F1324 92180189 */  lbu     $t8, 0x0189($s0)           ## 00000189
/* 02E48 809F1328 3C014170 */  lui     $at, 0x4170                ## $at = 41700000
/* 02E4C 809F132C 57000007 */  bnel    $t8, $zero, .L809F134C     
/* 02E50 809F1330 8FBF001C */  lw      $ra, 0x001C($sp)           
/* 02E54 809F1334 C6040190 */  lwc1    $f4, 0x0190($s0)           ## 00000190
/* 02E58 809F1338 44813000 */  mtc1    $at, $f6                   ## $f6 = 15.00
/* 02E5C 809F133C 00000000 */  nop
/* 02E60 809F1340 46062201 */  sub.s   $f8, $f4, $f6              
/* 02E64 809F1344 E6080190 */  swc1    $f8, 0x0190($s0)           ## 00000190
.L809F1348:
/* 02E68 809F1348 8FBF001C */  lw      $ra, 0x001C($sp)           
.L809F134C:
/* 02E6C 809F134C 8FB00018 */  lw      $s0, 0x0018($sp)           
/* 02E70 809F1350 27BD0020 */  addiu   $sp, $sp, 0x0020           ## $sp = 00000000
/* 02E74 809F1354 03E00008 */  jr      $ra                        
/* 02E78 809F1358 00000000 */  nop


glabel func_809F135C
/* 02E7C 809F135C 27BDFFE8 */  addiu   $sp, $sp, 0xFFE8           ## $sp = FFFFFFE8
/* 02E80 809F1360 AFBF0014 */  sw      $ra, 0x0014($sp)           
/* 02E84 809F1364 AFA40018 */  sw      $a0, 0x0018($sp)           
/* 02E88 809F1368 AFA60020 */  sw      $a2, 0x0020($sp)           
/* 02E8C 809F136C 24010002 */  addiu   $at, $zero, 0x0002         ## $at = 00000002
/* 02E90 809F1370 10A10004 */  beq     $a1, $at, .L809F1384       
/* 02E94 809F1374 8FAE0020 */  lw      $t6, 0x0020($sp)           
/* 02E98 809F1378 24010003 */  addiu   $at, $zero, 0x0003         ## $at = 00000003
/* 02E9C 809F137C 54A1000A */  bnel    $a1, $at, .L809F13A8       
/* 02EA0 809F1380 24010001 */  addiu   $at, $zero, 0x0001         ## $at = 00000001
.L809F1384:
/* 02EA4 809F1384 C5CC035C */  lwc1    $f12, 0x035C($t6)          ## 0000035C
/* 02EA8 809F1388 3C013F80 */  lui     $at, 0x3F80                ## $at = 3F800000
/* 02EAC 809F138C 44817000 */  mtc1    $at, $f14                  ## $f14 = 1.00
/* 02EB0 809F1390 44066000 */  mfc1    $a2, $f12                  
/* 02EB4 809F1394 AFA5001C */  sw      $a1, 0x001C($sp)           
/* 02EB8 809F1398 0C0600E7 */  jal     func_8018039C              
/* 02EBC 809F139C 24070001 */  addiu   $a3, $zero, 0x0001         ## $a3 = 00000001
/* 02EC0 809F13A0 8FA5001C */  lw      $a1, 0x001C($sp)           
/* 02EC4 809F13A4 24010001 */  addiu   $at, $zero, 0x0001         ## $at = 00000001
.L809F13A8:
/* 02EC8 809F13A8 14A10008 */  bne     $a1, $at, .L809F13CC       
/* 02ECC 809F13AC 8FAF0020 */  lw      $t7, 0x0020($sp)           
/* 02ED0 809F13B0 C5EC0360 */  lwc1    $f12, 0x0360($t7)          ## 00000360
/* 02ED4 809F13B4 AFA5001C */  sw      $a1, 0x001C($sp)           
/* 02ED8 809F13B8 24070001 */  addiu   $a3, $zero, 0x0001         ## $a3 = 00000001
/* 02EDC 809F13BC 44066000 */  mfc1    $a2, $f12                  
/* 02EE0 809F13C0 0C0600E7 */  jal     func_8018039C              
/* 02EE4 809F13C4 46006386 */  mov.s   $f14, $f12                 
/* 02EE8 809F13C8 8FA5001C */  lw      $a1, 0x001C($sp)           
.L809F13CC:
/* 02EEC 809F13CC 28A10004 */  slti    $at, $a1, 0x0004           
/* 02EF0 809F13D0 14200008 */  bne     $at, $zero, .L809F13F4     
/* 02EF4 809F13D4 28A10014 */  slti    $at, $a1, 0x0014           
/* 02EF8 809F13D8 10200006 */  beq     $at, $zero, .L809F13F4     
/* 02EFC 809F13DC 8FB80020 */  lw      $t8, 0x0020($sp)           
/* 02F00 809F13E0 C70C0364 */  lwc1    $f12, 0x0364($t8)          ## 00000364
/* 02F04 809F13E4 24070001 */  addiu   $a3, $zero, 0x0001         ## $a3 = 00000001
/* 02F08 809F13E8 44066000 */  mfc1    $a2, $f12                  
/* 02F0C 809F13EC 0C0600E7 */  jal     func_8018039C              
/* 02F10 809F13F0 46006386 */  mov.s   $f14, $f12                 
.L809F13F4:
/* 02F14 809F13F4 8FBF0014 */  lw      $ra, 0x0014($sp)           
/* 02F18 809F13F8 27BD0018 */  addiu   $sp, $sp, 0x0018           ## $sp = 00000000
/* 02F1C 809F13FC 03E00008 */  jr      $ra                        
/* 02F20 809F1400 00000000 */  nop


glabel func_809F1404
/* 02F24 809F1404 AFA40000 */  sw      $a0, 0x0000($sp)           
/* 02F28 809F1408 AFA7000C */  sw      $a3, 0x000C($sp)           
/* 02F2C 809F140C 28A10003 */  slti    $at, $a1, 0x0003           
/* 02F30 809F1410 14200005 */  bne     $at, $zero, .L809F1428     
/* 02F34 809F1414 00001025 */  or      $v0, $zero, $zero          ## $v0 = 00000000
/* 02F38 809F1418 28A10009 */  slti    $at, $a1, 0x0009           
/* 02F3C 809F141C 10200002 */  beq     $at, $zero, .L809F1428     
/* 02F40 809F1420 00000000 */  nop
/* 02F44 809F1424 ACC00000 */  sw      $zero, 0x0000($a2)         ## 00000000
.L809F1428:
/* 02F48 809F1428 03E00008 */  jr      $ra                        
/* 02F4C 809F142C 00000000 */  nop


glabel func_809F1430
/* 02F50 809F1430 AFA40000 */  sw      $a0, 0x0000($sp)           
/* 02F54 809F1434 AFA7000C */  sw      $a3, 0x000C($sp)           
/* 02F58 809F1438 24010001 */  addiu   $at, $zero, 0x0001         ## $at = 00000001
/* 02F5C 809F143C 10A10006 */  beq     $a1, $at, .L809F1458       
/* 02F60 809F1440 00001025 */  or      $v0, $zero, $zero          ## $v0 = 00000000
/* 02F64 809F1444 24010002 */  addiu   $at, $zero, 0x0002         ## $at = 00000002
/* 02F68 809F1448 10A10003 */  beq     $a1, $at, .L809F1458       
/* 02F6C 809F144C 24010009 */  addiu   $at, $zero, 0x0009         ## $at = 00000009
/* 02F70 809F1450 14A10002 */  bne     $a1, $at, .L809F145C       
/* 02F74 809F1454 00000000 */  nop
.L809F1458:
/* 02F78 809F1458 ACC00000 */  sw      $zero, 0x0000($a2)         ## 00000000
.L809F145C:
/* 02F7C 809F145C 03E00008 */  jr      $ra                        
/* 02F80 809F1460 00000000 */  nop


glabel func_809F1464
/* 02F84 809F1464 27BDFFE8 */  addiu   $sp, $sp, 0xFFE8           ## $sp = FFFFFFE8
/* 02F88 809F1468 AFA40018 */  sw      $a0, 0x0018($sp)           
/* 02F8C 809F146C 00C02025 */  or      $a0, $a2, $zero            ## $a0 = 00000000
/* 02F90 809F1470 AFBF0014 */  sw      $ra, 0x0014($sp)           
/* 02F94 809F1474 28A10003 */  slti    $at, $a1, 0x0003           
/* 02F98 809F1478 14200008 */  bne     $at, $zero, .L809F149C     
/* 02F9C 809F147C 28A10009 */  slti    $at, $a1, 0x0009           
/* 02FA0 809F1480 50200007 */  beql    $at, $zero, .L809F14A0     
/* 02FA4 809F1484 8FBF0014 */  lw      $ra, 0x0014($sp)           
/* 02FA8 809F1488 C48C0198 */  lwc1    $f12, 0x0198($a0)          ## 00000198
/* 02FAC 809F148C 24070001 */  addiu   $a3, $zero, 0x0001         ## $a3 = 00000001
/* 02FB0 809F1490 44066000 */  mfc1    $a2, $f12                  
/* 02FB4 809F1494 0C0600E7 */  jal     func_8018039C              
/* 02FB8 809F1498 46006386 */  mov.s   $f14, $f12                 
.L809F149C:
/* 02FBC 809F149C 8FBF0014 */  lw      $ra, 0x0014($sp)           
.L809F14A0:
/* 02FC0 809F14A0 27BD0018 */  addiu   $sp, $sp, 0x0018           ## $sp = 00000000
/* 02FC4 809F14A4 03E00008 */  jr      $ra                        
/* 02FC8 809F14A8 00000000 */  nop


glabel func_809F14AC
/* 02FCC 809F14AC AFA40000 */  sw      $a0, 0x0000($sp)           
/* 02FD0 809F14B0 8FA40014 */  lw      $a0, 0x0014($sp)           
/* 02FD4 809F14B4 AFA7000C */  sw      $a3, 0x000C($sp)           
/* 02FD8 809F14B8 848E001C */  lh      $t6, 0x001C($a0)           ## 0000001C
/* 02FDC 809F14BC 3C18809F */  lui     $t8, %hi(D_809F1CC0)       ## $t8 = 809F0000
/* 02FE0 809F14C0 000E7880 */  sll     $t7, $t6,  2               
/* 02FE4 809F14C4 030FC021 */  addu    $t8, $t8, $t7              
/* 02FE8 809F14C8 8F181CC0 */  lw      $t8, %lo(D_809F1CC0)($t8)  
/* 02FEC 809F14CC 50B80004 */  beql    $a1, $t8, .L809F14E0       
/* 02FF0 809F14D0 9099015C */  lbu     $t9, 0x015C($a0)           ## 0000015C
/* 02FF4 809F14D4 1000001B */  beq     $zero, $zero, .L809F1544   
/* 02FF8 809F14D8 ACC00000 */  sw      $zero, 0x0000($a2)         ## 00000000
/* 02FFC 809F14DC 9099015C */  lbu     $t9, 0x015C($a0)           ## 0000015C
.L809F14E0:
/* 03000 809F14E0 8FA20010 */  lw      $v0, 0x0010($sp)           
/* 03004 809F14E4 2B210002 */  slti    $at, $t9, 0x0002           
/* 03008 809F14E8 54200017 */  bnel    $at, $zero, .L809F1548     
/* 0300C 809F14EC 00001025 */  or      $v0, $zero, $zero          ## $v0 = 00000000
/* 03010 809F14F0 84890160 */  lh      $t1, 0x0160($a0)           ## 00000160
/* 03014 809F14F4 84480000 */  lh      $t0, 0x0000($v0)           ## 00000000
/* 03018 809F14F8 844C0002 */  lh      $t4, 0x0002($v0)           ## 00000002
/* 0301C 809F14FC 00095080 */  sll     $t2, $t1,  2               
/* 03020 809F1500 01495023 */  subu    $t2, $t2, $t1              
/* 03024 809F1504 000A5300 */  sll     $t2, $t2, 12               
/* 03028 809F1508 010A5821 */  addu    $t3, $t0, $t2              
/* 0302C 809F150C A44B0000 */  sh      $t3, 0x0000($v0)           ## 00000000
/* 03030 809F1510 848D0160 */  lh      $t5, 0x0160($a0)           ## 00000160
/* 03034 809F1514 84580004 */  lh      $t8, 0x0004($v0)           ## 00000004
/* 03038 809F1518 000D7080 */  sll     $t6, $t5,  2               
/* 0303C 809F151C 01CD7023 */  subu    $t6, $t6, $t5              
/* 03040 809F1520 000E7080 */  sll     $t6, $t6,  2               
/* 03044 809F1524 01CD7021 */  addu    $t6, $t6, $t5              
/* 03048 809F1528 000E7240 */  sll     $t6, $t6,  9               
/* 0304C 809F152C 018E7821 */  addu    $t7, $t4, $t6              
/* 03050 809F1530 A44F0002 */  sh      $t7, 0x0002($v0)           ## 00000002
/* 03054 809F1534 84990160 */  lh      $t9, 0x0160($a0)           ## 00000160
/* 03058 809F1538 00194B40 */  sll     $t1, $t9, 13               
/* 0305C 809F153C 03094021 */  addu    $t0, $t8, $t1              
/* 03060 809F1540 A4480004 */  sh      $t0, 0x0004($v0)           ## 00000004
.L809F1544:
/* 03064 809F1544 00001025 */  or      $v0, $zero, $zero          ## $v0 = 00000000
.L809F1548:
/* 03068 809F1548 03E00008 */  jr      $ra                        
/* 0306C 809F154C 00000000 */  nop


glabel func_809F1550
/* 03070 809F1550 27BDFFE8 */  addiu   $sp, $sp, 0xFFE8           ## $sp = FFFFFFE8
/* 03074 809F1554 AFA60020 */  sw      $a2, 0x0020($sp)           
/* 03078 809F1558 8FA60028 */  lw      $a2, 0x0028($sp)           
/* 0307C 809F155C AFBF0014 */  sw      $ra, 0x0014($sp)           
/* 03080 809F1560 AFA40018 */  sw      $a0, 0x0018($sp)           
/* 03084 809F1564 AFA70024 */  sw      $a3, 0x0024($sp)           
/* 03088 809F1568 84CE001C */  lh      $t6, 0x001C($a2)           ## 0000001C
/* 0308C 809F156C 3C18809F */  lui     $t8, %hi(D_809F1CC0)       ## $t8 = 809F0000
/* 03090 809F1570 000E7880 */  sll     $t7, $t6,  2               
/* 03094 809F1574 030FC021 */  addu    $t8, $t8, $t7              
/* 03098 809F1578 8F181CC0 */  lw      $t8, %lo(D_809F1CC0)($t8)  
/* 0309C 809F157C 50B80004 */  beql    $a1, $t8, .L809F1590       
/* 030A0 809F1580 8FBF0014 */  lw      $ra, 0x0014($sp)           
/* 030A4 809F1584 0C0606D4 */  jal     func_80181B50              
/* 030A8 809F1588 24C40324 */  addiu   $a0, $a2, 0x0324           ## $a0 = 00000324
/* 030AC 809F158C 8FBF0014 */  lw      $ra, 0x0014($sp)           
.L809F1590:
/* 030B0 809F1590 27BD0018 */  addiu   $sp, $sp, 0x0018           ## $sp = 00000000
/* 030B4 809F1594 03E00008 */  jr      $ra                        
/* 030B8 809F1598 00000000 */  nop


glabel func_809F159C
/* 030BC 809F159C 27BDFFC0 */  addiu   $sp, $sp, 0xFFC0           ## $sp = FFFFFFC0
/* 030C0 809F15A0 AFB00028 */  sw      $s0, 0x0028($sp)           
/* 030C4 809F15A4 00808025 */  or      $s0, $a0, $zero            ## $s0 = 00000000
/* 030C8 809F15A8 AFBF002C */  sw      $ra, 0x002C($sp)           
/* 030CC 809F15AC AFA50044 */  sw      $a1, 0x0044($sp)           
/* 030D0 809F15B0 8FAE0044 */  lw      $t6, 0x0044($sp)           
/* 030D4 809F15B4 8DC40000 */  lw      $a0, 0x0000($t6)           ## 00000000
/* 030D8 809F15B8 0C04B0A3 */  jal     func_8012C28C              
/* 030DC 809F15BC AFA40034 */  sw      $a0, 0x0034($sp)           
/* 030E0 809F15C0 8E180170 */  lw      $t8, 0x0170($s0)           ## 00000170
/* 030E4 809F15C4 3C0F809F */  lui     $t7, %hi(func_809EEDE8)    ## $t7 = 809F0000
/* 030E8 809F15C8 25EFEDE8 */  addiu   $t7, $t7, %lo(func_809EEDE8) ## $t7 = 809EEDE8
/* 030EC 809F15CC 15F80047 */  bne     $t7, $t8, .L809F16EC       
/* 030F0 809F15D0 8FA40044 */  lw      $a0, 0x0044($sp)           
/* 030F4 809F15D4 8E05026C */  lw      $a1, 0x026C($s0)           ## 0000026C
/* 030F8 809F15D8 8E060288 */  lw      $a2, 0x0288($s0)           ## 00000288
/* 030FC 809F15DC 9207026A */  lbu     $a3, 0x026A($s0)           ## 0000026A
/* 03100 809F15E0 3C19809F */  lui     $t9, %hi(func_809F1050)    ## $t9 = 809F0000
/* 03104 809F15E4 3C08809F */  lui     $t0, %hi(func_809F1170)    ## $t0 = 809F0000
/* 03108 809F15E8 25081170 */  addiu   $t0, $t0, %lo(func_809F1170) ## $t0 = 809F1170
/* 0310C 809F15EC 27391050 */  addiu   $t9, $t9, %lo(func_809F1050) ## $t9 = 809F1050
/* 03110 809F15F0 AFB90010 */  sw      $t9, 0x0010($sp)           
/* 03114 809F15F4 AFA80014 */  sw      $t0, 0x0014($sp)           
/* 03118 809F15F8 0C04CFCA */  jal     func_80133F28              
/* 0311C 809F15FC AFB00018 */  sw      $s0, 0x0018($sp)           
/* 03120 809F1600 8609016C */  lh      $t1, 0x016C($s0)           ## 0000016C
/* 03124 809F1604 8FAB0034 */  lw      $t3, 0x0034($sp)           
/* 03128 809F1608 240500FF */  addiu   $a1, $zero, 0x00FF         ## $a1 = 000000FF
/* 0312C 809F160C 312A0001 */  andi    $t2, $t1, 0x0001           ## $t2 = 00000000
/* 03130 809F1610 1140000C */  beq     $t2, $zero, .L809F1644     
/* 03134 809F1614 00003025 */  or      $a2, $zero, $zero          ## $a2 = 00000000
/* 03138 809F1618 8D6402B0 */  lw      $a0, 0x02B0($t3)           ## 000002B0
/* 0313C 809F161C 240C00FF */  addiu   $t4, $zero, 0x00FF         ## $t4 = 000000FF
/* 03140 809F1620 240D0384 */  addiu   $t5, $zero, 0x0384         ## $t5 = 00000384
/* 03144 809F1624 240E044B */  addiu   $t6, $zero, 0x044B         ## $t6 = 0000044B
/* 03148 809F1628 AFAE0018 */  sw      $t6, 0x0018($sp)           
/* 0314C 809F162C AFAD0014 */  sw      $t5, 0x0014($sp)           
/* 03150 809F1630 AFAC0010 */  sw      $t4, 0x0010($sp)           
/* 03154 809F1634 0C04AF14 */  jal     func_8012BC50              
/* 03158 809F1638 00003825 */  or      $a3, $zero, $zero          ## $a3 = 00000000
/* 0315C 809F163C 8FAF0034 */  lw      $t7, 0x0034($sp)           
/* 03160 809F1640 ADE202B0 */  sw      $v0, 0x02B0($t7)           ## 000002B0
.L809F1644:
/* 03164 809F1644 C60C0324 */  lwc1    $f12, 0x0324($s0)          ## 00000324
/* 03168 809F1648 C60E0328 */  lwc1    $f14, 0x0328($s0)          ## 00000328
/* 0316C 809F164C 8E06032C */  lw      $a2, 0x032C($s0)           ## 0000032C
/* 03170 809F1650 0C0600A7 */  jal     func_8018029C              
/* 03174 809F1654 00003825 */  or      $a3, $zero, $zero          ## $a3 = 00000000
/* 03178 809F1658 86040332 */  lh      $a0, 0x0332($s0)           ## 00000332
/* 0317C 809F165C 0C06026B */  jal     func_801809AC              
/* 03180 809F1660 24050001 */  addiu   $a1, $zero, 0x0001         ## $a1 = 00000001
/* 03184 809F1664 86040330 */  lh      $a0, 0x0330($s0)           ## 00000330
/* 03188 809F1668 0C06011E */  jal     func_80180478              
/* 0318C 809F166C 24050001 */  addiu   $a1, $zero, 0x0001         ## $a1 = 00000001
/* 03190 809F1670 86040334 */  lh      $a0, 0x0334($s0)           ## 00000334
/* 03194 809F1674 0C06033E */  jal     func_80180CF8              
/* 03198 809F1678 24050001 */  addiu   $a1, $zero, 0x0001         ## $a1 = 00000001
/* 0319C 809F167C C60C0058 */  lwc1    $f12, 0x0058($s0)          ## 00000058
/* 031A0 809F1680 C60E005C */  lwc1    $f14, 0x005C($s0)          ## 0000005C
/* 031A4 809F1684 8E060060 */  lw      $a2, 0x0060($s0)           ## 00000060
/* 031A8 809F1688 0C0600E7 */  jal     func_8018039C              
/* 031AC 809F168C 24070001 */  addiu   $a3, $zero, 0x0001         ## $a3 = 00000001
/* 031B0 809F1690 3C040600 */  lui     $a0, 0x0600                ## $a0 = 06000000
/* 031B4 809F1694 0C040141 */  jal     func_80100504              
/* 031B8 809F1698 24846240 */  addiu   $a0, $a0, 0x6240           ## $a0 = 06006240
/* 031BC 809F169C 8FA40044 */  lw      $a0, 0x0044($sp)           
/* 031C0 809F16A0 0C04C5D6 */  jal     func_80131758              
/* 031C4 809F16A4 00402825 */  or      $a1, $v0, $zero            ## $a1 = 00000000
/* 031C8 809F16A8 8E0503CC */  lw      $a1, 0x03CC($s0)           ## 000003CC
/* 031CC 809F16AC 8E0603E8 */  lw      $a2, 0x03E8($s0)           ## 000003E8
/* 031D0 809F16B0 920703CA */  lbu     $a3, 0x03CA($s0)           ## 000003CA
/* 031D4 809F16B4 3C18809F */  lui     $t8, %hi(func_809F1284)    ## $t8 = 809F0000
/* 031D8 809F16B8 3C19809F */  lui     $t9, %hi(func_809F12A0)    ## $t9 = 809F0000
/* 031DC 809F16BC 3C08809F */  lui     $t0, %hi(func_809F135C)    ## $t0 = 809F0000
/* 031E0 809F16C0 2508135C */  addiu   $t0, $t0, %lo(func_809F135C) ## $t0 = 809F135C
/* 031E4 809F16C4 273912A0 */  addiu   $t9, $t9, %lo(func_809F12A0) ## $t9 = 809F12A0
/* 031E8 809F16C8 27181284 */  addiu   $t8, $t8, %lo(func_809F1284) ## $t8 = 809F1284
/* 031EC 809F16CC AFB80010 */  sw      $t8, 0x0010($sp)           
/* 031F0 809F16D0 AFB90014 */  sw      $t9, 0x0014($sp)           
/* 031F4 809F16D4 AFA80018 */  sw      $t0, 0x0018($sp)           
/* 031F8 809F16D8 AFB0001C */  sw      $s0, 0x001C($sp)           
/* 031FC 809F16DC 0C04D0F0 */  jal     func_801343C0              
/* 03200 809F16E0 8FA40044 */  lw      $a0, 0x0044($sp)           
/* 03204 809F16E4 100000C4 */  beq     $zero, $zero, .L809F19F8   
/* 03208 809F16E8 8FAA0034 */  lw      $t2, 0x0034($sp)           
.L809F16EC:
/* 0320C 809F16EC 8602001C */  lh      $v0, 0x001C($s0)           ## 0000001C
/* 03210 809F16F0 24010002 */  addiu   $at, $zero, 0x0002         ## $at = 00000002
/* 03214 809F16F4 00003825 */  or      $a3, $zero, $zero          ## $a3 = 00000000
/* 03218 809F16F8 5441002C */  bnel    $v0, $at, .L809F17AC       
/* 0321C 809F16FC 24010003 */  addiu   $at, $zero, 0x0003         ## $at = 00000003
/* 03220 809F1700 C60C0024 */  lwc1    $f12, 0x0024($s0)          ## 00000024
/* 03224 809F1704 C60E0028 */  lwc1    $f14, 0x0028($s0)          ## 00000028
/* 03228 809F1708 0C0600A7 */  jal     func_8018029C              
/* 0322C 809F170C 8E06002C */  lw      $a2, 0x002C($s0)           ## 0000002C
/* 03230 809F1710 86040176 */  lh      $a0, 0x0176($s0)           ## 00000176
/* 03234 809F1714 0C06026B */  jal     func_801809AC              
/* 03238 809F1718 24050001 */  addiu   $a1, $zero, 0x0001         ## $a1 = 00000001
/* 0323C 809F171C 86040178 */  lh      $a0, 0x0178($s0)           ## 00000178
/* 03240 809F1720 0C06011E */  jal     func_80180478              
/* 03244 809F1724 24050001 */  addiu   $a1, $zero, 0x0001         ## $a1 = 00000001
/* 03248 809F1728 86040176 */  lh      $a0, 0x0176($s0)           ## 00000176
/* 0324C 809F172C 24050001 */  addiu   $a1, $zero, 0x0001         ## $a1 = 00000001
/* 03250 809F1730 00042023 */  subu    $a0, $zero, $a0            
/* 03254 809F1734 00042400 */  sll     $a0, $a0, 16               
/* 03258 809F1738 0C06026B */  jal     func_801809AC              
/* 0325C 809F173C 00042403 */  sra     $a0, $a0, 16               
/* 03260 809F1740 860400BE */  lh      $a0, 0x00BE($s0)           ## 000000BE
/* 03264 809F1744 0C06026B */  jal     func_801809AC              
/* 03268 809F1748 24050001 */  addiu   $a1, $zero, 0x0001         ## $a1 = 00000001
/* 0326C 809F174C 860400BC */  lh      $a0, 0x00BC($s0)           ## 000000BC
/* 03270 809F1750 0C06011E */  jal     func_80180478              
/* 03274 809F1754 24050001 */  addiu   $a1, $zero, 0x0001         ## $a1 = 00000001
/* 03278 809F1758 860400C0 */  lh      $a0, 0x00C0($s0)           ## 000000C0
/* 0327C 809F175C 0C06033E */  jal     func_80180CF8              
/* 03280 809F1760 24050001 */  addiu   $a1, $zero, 0x0001         ## $a1 = 00000001
/* 03284 809F1764 C60C0058 */  lwc1    $f12, 0x0058($s0)          ## 00000058
/* 03288 809F1768 C60E005C */  lwc1    $f14, 0x005C($s0)          ## 0000005C
/* 0328C 809F176C 8E060060 */  lw      $a2, 0x0060($s0)           ## 00000060
/* 03290 809F1770 0C0600E7 */  jal     func_8018039C              
/* 03294 809F1774 24070001 */  addiu   $a3, $zero, 0x0001         ## $a3 = 00000001
/* 03298 809F1778 8E05026C */  lw      $a1, 0x026C($s0)           ## 0000026C
/* 0329C 809F177C 8E060288 */  lw      $a2, 0x0288($s0)           ## 00000288
/* 032A0 809F1780 9207026A */  lbu     $a3, 0x026A($s0)           ## 0000026A
/* 032A4 809F1784 3C09809F */  lui     $t1, %hi(func_809F1404)    ## $t1 = 809F0000
/* 032A8 809F1788 25291404 */  addiu   $t1, $t1, %lo(func_809F1404) ## $t1 = 809F1404
/* 032AC 809F178C AFA90010 */  sw      $t1, 0x0010($sp)           
/* 032B0 809F1790 AFB00018 */  sw      $s0, 0x0018($sp)           
/* 032B4 809F1794 AFA00014 */  sw      $zero, 0x0014($sp)         
/* 032B8 809F1798 0C04CFCA */  jal     func_80133F28              
/* 032BC 809F179C 8FA40044 */  lw      $a0, 0x0044($sp)           
/* 032C0 809F17A0 10000095 */  beq     $zero, $zero, .L809F19F8   
/* 032C4 809F17A4 8FAA0034 */  lw      $t2, 0x0034($sp)           
/* 032C8 809F17A8 24010003 */  addiu   $at, $zero, 0x0003         ## $at = 00000003
.L809F17AC:
/* 032CC 809F17AC 14410046 */  bne     $v0, $at, .L809F18C8       
/* 032D0 809F17B0 8FA40044 */  lw      $a0, 0x0044($sp)           
/* 032D4 809F17B4 8E05026C */  lw      $a1, 0x026C($s0)           ## 0000026C
/* 032D8 809F17B8 8E060288 */  lw      $a2, 0x0288($s0)           ## 00000288
/* 032DC 809F17BC 9207026A */  lbu     $a3, 0x026A($s0)           ## 0000026A
/* 032E0 809F17C0 3C0A809F */  lui     $t2, %hi(func_809F1430)    ## $t2 = 809F0000
/* 032E4 809F17C4 3C0B809F */  lui     $t3, %hi(func_809F1170)    ## $t3 = 809F0000
/* 032E8 809F17C8 3C0C809F */  lui     $t4, %hi(func_809F1464)    ## $t4 = 809F0000
/* 032EC 809F17CC 258C1464 */  addiu   $t4, $t4, %lo(func_809F1464) ## $t4 = 809F1464
/* 032F0 809F17D0 256B1170 */  addiu   $t3, $t3, %lo(func_809F1170) ## $t3 = 809F1170
/* 032F4 809F17D4 254A1430 */  addiu   $t2, $t2, %lo(func_809F1430) ## $t2 = 809F1430
/* 032F8 809F17D8 AFAA0010 */  sw      $t2, 0x0010($sp)           
/* 032FC 809F17DC AFAB0014 */  sw      $t3, 0x0014($sp)           
/* 03300 809F17E0 AFAC0018 */  sw      $t4, 0x0018($sp)           
/* 03304 809F17E4 0C04D0F0 */  jal     func_801343C0              
/* 03308 809F17E8 AFB0001C */  sw      $s0, 0x001C($sp)           
/* 0330C 809F17EC C60C0324 */  lwc1    $f12, 0x0324($s0)          ## 00000324
/* 03310 809F17F0 C60E0328 */  lwc1    $f14, 0x0328($s0)          ## 00000328
/* 03314 809F17F4 8E06032C */  lw      $a2, 0x032C($s0)           ## 0000032C
/* 03318 809F17F8 0C0600A7 */  jal     func_8018029C              
/* 0331C 809F17FC 00003825 */  or      $a3, $zero, $zero          ## $a3 = 00000000
/* 03320 809F1800 86040332 */  lh      $a0, 0x0332($s0)           ## 00000332
/* 03324 809F1804 0C06026B */  jal     func_801809AC              
/* 03328 809F1808 24050001 */  addiu   $a1, $zero, 0x0001         ## $a1 = 00000001
/* 0332C 809F180C 86040330 */  lh      $a0, 0x0330($s0)           ## 00000330
/* 03330 809F1810 0C06011E */  jal     func_80180478              
/* 03334 809F1814 24050001 */  addiu   $a1, $zero, 0x0001         ## $a1 = 00000001
/* 03338 809F1818 86040334 */  lh      $a0, 0x0334($s0)           ## 00000334
/* 0333C 809F181C 0C06033E */  jal     func_80180CF8              
/* 03340 809F1820 24050001 */  addiu   $a1, $zero, 0x0001         ## $a1 = 00000001
/* 03344 809F1824 C60C0058 */  lwc1    $f12, 0x0058($s0)          ## 00000058
/* 03348 809F1828 C60E005C */  lwc1    $f14, 0x005C($s0)          ## 0000005C
/* 0334C 809F182C 8E060060 */  lw      $a2, 0x0060($s0)           ## 00000060
/* 03350 809F1830 0C0600E7 */  jal     func_8018039C              
/* 03354 809F1834 24070001 */  addiu   $a3, $zero, 0x0001         ## $a3 = 00000001
/* 03358 809F1838 3C040600 */  lui     $a0, 0x0600                ## $a0 = 06000000
/* 0335C 809F183C 0C040141 */  jal     func_80100504              
/* 03360 809F1840 24846240 */  addiu   $a0, $a0, 0x6240           ## $a0 = 06006240
/* 03364 809F1844 8FA40044 */  lw      $a0, 0x0044($sp)           
/* 03368 809F1848 0C04C5D6 */  jal     func_80131758              
/* 0336C 809F184C 00402825 */  or      $a1, $v0, $zero            ## $a1 = 00000000
/* 03370 809F1850 8E0503CC */  lw      $a1, 0x03CC($s0)           ## 000003CC
/* 03374 809F1854 8E0603E8 */  lw      $a2, 0x03E8($s0)           ## 000003E8
/* 03378 809F1858 920703CA */  lbu     $a3, 0x03CA($s0)           ## 000003CA
/* 0337C 809F185C 3C0D809F */  lui     $t5, %hi(func_809F1284)    ## $t5 = 809F0000
/* 03380 809F1860 3C0E809F */  lui     $t6, %hi(func_809F12A0)    ## $t6 = 809F0000
/* 03384 809F1864 3C0F809F */  lui     $t7, %hi(func_809F135C)    ## $t7 = 809F0000
/* 03388 809F1868 25EF135C */  addiu   $t7, $t7, %lo(func_809F135C) ## $t7 = 809F135C
/* 0338C 809F186C 25CE12A0 */  addiu   $t6, $t6, %lo(func_809F12A0) ## $t6 = 809F12A0
/* 03390 809F1870 25AD1284 */  addiu   $t5, $t5, %lo(func_809F1284) ## $t5 = 809F1284
/* 03394 809F1874 AFAD0010 */  sw      $t5, 0x0010($sp)           
/* 03398 809F1878 AFAE0014 */  sw      $t6, 0x0014($sp)           
/* 0339C 809F187C AFAF0018 */  sw      $t7, 0x0018($sp)           
/* 033A0 809F1880 AFB0001C */  sw      $s0, 0x001C($sp)           
/* 033A4 809F1884 0C04D0F0 */  jal     func_801343C0              
/* 033A8 809F1888 8FA40044 */  lw      $a0, 0x0044($sp)           
/* 033AC 809F188C C604017C */  lwc1    $f4, 0x017C($s0)           ## 0000017C
/* 033B0 809F1890 8FA40044 */  lw      $a0, 0x0044($sp)           
/* 033B4 809F1894 02002825 */  or      $a1, $s0, $zero            ## $a1 = 00000000
/* 033B8 809F1898 E7A40010 */  swc1    $f4, 0x0010($sp)           
/* 033BC 809F189C C6060180 */  lwc1    $f6, 0x0180($s0)           ## 00000180
/* 033C0 809F18A0 2606018C */  addiu   $a2, $s0, 0x018C           ## $a2 = 0000018C
/* 033C4 809F18A4 24070001 */  addiu   $a3, $zero, 0x0001         ## $a3 = 00000001
/* 033C8 809F18A8 E7A60014 */  swc1    $f6, 0x0014($sp)           
/* 033CC 809F18AC C6080184 */  lwc1    $f8, 0x0184($s0)           ## 00000184
/* 033D0 809F18B0 E7A80018 */  swc1    $f8, 0x0018($sp)           
/* 033D4 809F18B4 92180189 */  lbu     $t8, 0x0189($s0)           ## 00000189
/* 033D8 809F18B8 0C02F9A0 */  jal     func_800BE680              
/* 033DC 809F18BC AFB8001C */  sw      $t8, 0x001C($sp)           
/* 033E0 809F18C0 1000004D */  beq     $zero, $zero, .L809F19F8   
/* 033E4 809F18C4 8FAA0034 */  lw      $t2, 0x0034($sp)           
.L809F18C8:
/* 033E8 809F18C8 24010004 */  addiu   $at, $zero, 0x0004         ## $at = 00000004
/* 033EC 809F18CC 14410035 */  bne     $v0, $at, .L809F19A4       
/* 033F0 809F18D0 3C040600 */  lui     $a0, 0x0600                ## $a0 = 06000000
/* 033F4 809F18D4 0C040141 */  jal     func_80100504              
/* 033F8 809F18D8 24846240 */  addiu   $a0, $a0, 0x6240           ## $a0 = 06006240
/* 033FC 809F18DC 8FA40044 */  lw      $a0, 0x0044($sp)           
/* 03400 809F18E0 0C04C5D6 */  jal     func_80131758              
/* 03404 809F18E4 00402825 */  or      $a1, $v0, $zero            ## $a1 = 00000000
/* 03408 809F18E8 8619016C */  lh      $t9, 0x016C($s0)           ## 0000016C
/* 0340C 809F18EC 8FA90034 */  lw      $t1, 0x0034($sp)           
/* 03410 809F18F0 240500FF */  addiu   $a1, $zero, 0x00FF         ## $a1 = 000000FF
/* 03414 809F18F4 33280001 */  andi    $t0, $t9, 0x0001           ## $t0 = 00000000
/* 03418 809F18F8 1100000C */  beq     $t0, $zero, .L809F192C     
/* 0341C 809F18FC 00003025 */  or      $a2, $zero, $zero          ## $a2 = 00000000
/* 03420 809F1900 8D2402B0 */  lw      $a0, 0x02B0($t1)           ## 000002B0
/* 03424 809F1904 240A00FF */  addiu   $t2, $zero, 0x00FF         ## $t2 = 000000FF
/* 03428 809F1908 240B0384 */  addiu   $t3, $zero, 0x0384         ## $t3 = 00000384
/* 0342C 809F190C 240C044B */  addiu   $t4, $zero, 0x044B         ## $t4 = 0000044B
/* 03430 809F1910 AFAC0018 */  sw      $t4, 0x0018($sp)           
/* 03434 809F1914 AFAB0014 */  sw      $t3, 0x0014($sp)           
/* 03438 809F1918 AFAA0010 */  sw      $t2, 0x0010($sp)           
/* 0343C 809F191C 0C04AF14 */  jal     func_8012BC50              
/* 03440 809F1920 00003825 */  or      $a3, $zero, $zero          ## $a3 = 00000000
/* 03444 809F1924 8FAD0034 */  lw      $t5, 0x0034($sp)           
/* 03448 809F1928 ADA202B0 */  sw      $v0, 0x02B0($t5)           ## 000002B0
.L809F192C:
/* 0344C 809F192C 8E0503CC */  lw      $a1, 0x03CC($s0)           ## 000003CC
/* 03450 809F1930 8E0603E8 */  lw      $a2, 0x03E8($s0)           ## 000003E8
/* 03454 809F1934 920703CA */  lbu     $a3, 0x03CA($s0)           ## 000003CA
/* 03458 809F1938 3C0E809F */  lui     $t6, %hi(func_809F1284)    ## $t6 = 809F0000
/* 0345C 809F193C 3C0F809F */  lui     $t7, %hi(func_809F12A0)    ## $t7 = 809F0000
/* 03460 809F1940 3C18809F */  lui     $t8, %hi(func_809F135C)    ## $t8 = 809F0000
/* 03464 809F1944 2718135C */  addiu   $t8, $t8, %lo(func_809F135C) ## $t8 = 809F135C
/* 03468 809F1948 25EF12A0 */  addiu   $t7, $t7, %lo(func_809F12A0) ## $t7 = 809F12A0
/* 0346C 809F194C 25CE1284 */  addiu   $t6, $t6, %lo(func_809F1284) ## $t6 = 809F1284
/* 03470 809F1950 AFAE0010 */  sw      $t6, 0x0010($sp)           
/* 03474 809F1954 AFAF0014 */  sw      $t7, 0x0014($sp)           
/* 03478 809F1958 AFB80018 */  sw      $t8, 0x0018($sp)           
/* 0347C 809F195C AFB0001C */  sw      $s0, 0x001C($sp)           
/* 03480 809F1960 0C04D0F0 */  jal     func_801343C0              
/* 03484 809F1964 8FA40044 */  lw      $a0, 0x0044($sp)           
/* 03488 809F1968 C60A017C */  lwc1    $f10, 0x017C($s0)          ## 0000017C
/* 0348C 809F196C 8FA40044 */  lw      $a0, 0x0044($sp)           
/* 03490 809F1970 02002825 */  or      $a1, $s0, $zero            ## $a1 = 00000000
/* 03494 809F1974 E7AA0010 */  swc1    $f10, 0x0010($sp)          
/* 03498 809F1978 C6100180 */  lwc1    $f16, 0x0180($s0)          ## 00000180
/* 0349C 809F197C 2606018C */  addiu   $a2, $s0, 0x018C           ## $a2 = 0000018C
/* 034A0 809F1980 24070001 */  addiu   $a3, $zero, 0x0001         ## $a3 = 00000001
/* 034A4 809F1984 E7B00014 */  swc1    $f16, 0x0014($sp)          
/* 034A8 809F1988 C6120184 */  lwc1    $f18, 0x0184($s0)          ## 00000184
/* 034AC 809F198C E7B20018 */  swc1    $f18, 0x0018($sp)          
/* 034B0 809F1990 92190189 */  lbu     $t9, 0x0189($s0)           ## 00000189
/* 034B4 809F1994 0C02F9A0 */  jal     func_800BE680              
/* 034B8 809F1998 AFB9001C */  sw      $t9, 0x001C($sp)           
/* 034BC 809F199C 10000016 */  beq     $zero, $zero, .L809F19F8   
/* 034C0 809F19A0 8FAA0034 */  lw      $t2, 0x0034($sp)           
.L809F19A4:
/* 034C4 809F19A4 2841000A */  slti    $at, $v0, 0x000A           
/* 034C8 809F19A8 14200012 */  bne     $at, $zero, .L809F19F4     
/* 034CC 809F19AC 3C040600 */  lui     $a0, 0x0600                ## $a0 = 06000000
/* 034D0 809F19B0 0C040141 */  jal     func_80100504              
/* 034D4 809F19B4 24846240 */  addiu   $a0, $a0, 0x6240           ## $a0 = 06006240
/* 034D8 809F19B8 8FA40044 */  lw      $a0, 0x0044($sp)           
/* 034DC 809F19BC 0C04C5D6 */  jal     func_80131758              
/* 034E0 809F19C0 00402825 */  or      $a1, $v0, $zero            ## $a1 = 00000000
/* 034E4 809F19C4 8E0503CC */  lw      $a1, 0x03CC($s0)           ## 000003CC
/* 034E8 809F19C8 8E0603E8 */  lw      $a2, 0x03E8($s0)           ## 000003E8
/* 034EC 809F19CC 920703CA */  lbu     $a3, 0x03CA($s0)           ## 000003CA
/* 034F0 809F19D0 3C08809F */  lui     $t0, %hi(func_809F14AC)    ## $t0 = 809F0000
/* 034F4 809F19D4 3C09809F */  lui     $t1, %hi(func_809F1550)    ## $t1 = 809F0000
/* 034F8 809F19D8 25291550 */  addiu   $t1, $t1, %lo(func_809F1550) ## $t1 = 809F1550
/* 034FC 809F19DC 250814AC */  addiu   $t0, $t0, %lo(func_809F14AC) ## $t0 = 809F14AC
/* 03500 809F19E0 AFA80010 */  sw      $t0, 0x0010($sp)           
/* 03504 809F19E4 AFA90014 */  sw      $t1, 0x0014($sp)           
/* 03508 809F19E8 AFB00018 */  sw      $s0, 0x0018($sp)           
/* 0350C 809F19EC 0C04CFCA */  jal     func_80133F28              
/* 03510 809F19F0 8FA40044 */  lw      $a0, 0x0044($sp)           
.L809F19F4:
/* 03514 809F19F4 8FAA0034 */  lw      $t2, 0x0034($sp)           
.L809F19F8:
/* 03518 809F19F8 8FA40044 */  lw      $a0, 0x0044($sp)           
/* 0351C 809F19FC 0C05982E */  jal     func_801660B8              
/* 03520 809F1A00 8D4502B0 */  lw      $a1, 0x02B0($t2)           ## 000002B0
/* 03524 809F1A04 8FAB0034 */  lw      $t3, 0x0034($sp)           
/* 03528 809F1A08 AD6202B0 */  sw      $v0, 0x02B0($t3)           ## 000002B0
/* 0352C 809F1A0C 8FBF002C */  lw      $ra, 0x002C($sp)           
/* 03530 809F1A10 8FB00028 */  lw      $s0, 0x0028($sp)           
/* 03534 809F1A14 03E00008 */  jr      $ra                        
/* 03538 809F1A18 27BD0040 */  addiu   $sp, $sp, 0x0040           ## $sp = 00000000
/* 0353C 809F1A1C 00000000 */  nop

.section .data

D_809F1A20: .word 0x00000000, 0x00000000
D_809F1A28: .word 0x00010000, 0x000007C8
D_809F1A30: .word \
0x00008000, 0x00010002, 0x00007FFF, 0x00000000, \
0x00008000, 0x00020003, 0x00007FFF, 0x00000000, \
0x00008004, 0x00050000, 0x00000000, 0x8001F254, \
0x00008004, 0x00000003, 0x00000000, 0x8001F254, \
0x00008006, 0x00040003, 0x7FFF0000, 0x0000F254, \
0x00008006, 0x00030002, 0x7FFF0000, 0x0000F254, \
0x00008007, 0x00060002, 0x00000000, 0x7FFFF254, \
0x00008007, 0x00020001, 0x00000000, 0x7FFFF254, \
0x00008005, 0x00070001, 0x80010000, 0x0000F254, \
0x00008005, 0x00010000, 0x80010000, 0x0000F254
D_809F1AD0: .word \
0xF2540000, 0xF254F254, 0x00000DAC, 0x0DAC0000, \
0x0DAC0DAC, 0x0000F254, 0x0DACF060, 0xF254F254, \
0xF060F254, 0x0DACF060, 0x0DACF254, 0xF0600DAC
D_809F1B00: .word 0xF254F060, 0xF2540DAC, 0x00000DAC, 0x00080000
.word D_809F1AD0
.word 0x000A0000
.word D_809F1A30
.word D_809F1A28
.word D_809F1A20
.word 0x00000000, 0x00000000
D_809F1B2C: .word \
0x03000000, 0xF7CFFFFF, 0x00080000, 0xF7CFFFFF, \
0x00000000, 0x09010100, 0x00000000, 0x00000000, \
0x000F0064, 0x03000000, 0xF7CFFFFF, 0x00080000, \
0xF7CFFFFF, 0x00000000, 0x09010100, 0x00000000, \
0x00000000, 0x000F0064
D_809F1B74: .word 0x03110909, 0x10000000, 0x00000002
.word D_809F1B2C
D_809F1B84: .word \
0x03000000, 0xF7CFFFFF, 0x00080000, 0xF7CFFFFF, \
0x00000000, 0x09010100, 0x00000000, 0x00000000, \
0x00140064
D_809F1BA8: .word 0x03110909, 0x10000000, 0x00000001
.word D_809F1B84
D_809F1BB8: .word \
0x03000000, 0xF7CFFFFF, 0x00080000, 0xF7FFFFFF, \
0x00000000, 0x09010100, 0x00000000, 0x00000000, \
0x000F0064
D_809F1BDC: .word 0x03110909, 0x10000000, 0x00000001
.word D_809F1BB8
D_809F1BEC: .word 0xAAFFFFFF
D_809F1BF0: .word 0xC8C8FFFF
D_809F1BF4: .word 0x00000000, 0xBF800000, 0x00000000
D_809F1C00: .word \
0x00F100F1, 0xF1F30003, 0xF2E1F121, 0x3143F1F1, \
0xF3F200F1, 0x0000F1F1, 0xF1000000, 0x000000F1
D_809F1C20: .word \
0x10F300F1, 0xF1F10010, 0xF1F1F122, 0x3242F110, \
0xF1F210F1, 0x0000F1F1, 0xF1000021, 0x000000F1
D_809F1C40: .word 0x012D0500, 0x00000005, 0x015E0000, 0x00000508
.word func_809EE6F8
.word func_809EEC70
.word func_809F0CCC
.word func_809F159C
D_809F1C60: .word \
0x32000000, 0x0000E200, 0x00000000, 0xEC000000, \
0x00000000, 0x00000000, 0x00000000, 0x00000000, \
0x00000000, 0x00000000, 0x00000000
D_809F1C8C: .word \
0xCE000000, 0x00000000, 0x00000000, 0x1E000000, \
0x00000000, 0x00000000, 0x00000000, 0x00000000, \
0x00000000, 0x00000000, 0x00000000
D_809F1CB8: .word 0xFFFF0001, 0x02030405
D_809F1CC0: .word 0x06FFFF00
D_809F1CC4: .word 0x00000000, 0xC4AF0000, 0x44160000
D_809F1CD0: .word 0x44C80000, 0xC3960000, 0x00000000
D_809F1CDC: .word \
0x442F0000, 0x00000000, 0x00000000, 0x00000002, \
0x00000003, 0x00000001, 0x00000004, 0x00000005, \
0x00000007, 0x00000008, 0x0000000A, 0x0000000B, \
0x0000000D, 0x0000000E, 0x00000010, 0x00000011, \
0x00000013

.section .rodata

D_809F1D20: .word 0x3F333333
D_809F1D24: .word 0xBE99999A
D_809F1D28: .word 0x44BB8000
D_809F1D2C: .word 0x3DCCCCCD
D_809F1D30: .word 0xBE99999A
D_809F1D34: .word 0xBE99999A
D_809F1D38: .word 0x3E051EB8
D_809F1D3C: .word 0x471C4000
D_809F1D40: .word 0x451C4000
D_809F1D44: .word 0x46AFC800
D_809F1D48: .word 0x3E051EB8
D_809F1D4C: .word .L809F0E84
.word .L809F0E98
.word .L809F0EB8
.word .L809F103C
.word .L809F103C
.word .L809F103C
.word .L809F103C
.word .L809F103C
.word .L809F103C
.word .L809F103C
.word .L809F0F20
.word .L809F0F50
.word .L809F103C
.word .L809F103C
.word .L809F103C
.word .L809F103C
.word .L809F103C
.word .L809F103C
.word .L809F103C
.word .L809F103C
.word .L809F0FB4
.word .L809F0FDC
D_809F1DA4: .word 0x3DCCCCCD
D_809F1DA8: .word 0x3DCCCCCD
D_809F1DAC: .word 0x44BB8000

.bss

D_809F2110: .space 0x10

.section .rodata
D_809F1DB0:
.incbin "baserom/Boss_05", 0x38D0, 0x00000360
