.include "macro.inc"

# assembler directives
.set noat      # allow manual use of $at
.set noreorder # don't insert nops after branches
.set gp=64     # allow use of 64-bit general purpose registers

.section .text
glabel func_809F2120
/* 00000 809F2120 3C01809F */  lui     $at, %hi(D_809F4974)       ## $at = 809F0000
/* 00004 809F2124 AC244974 */  sw      $a0, %lo(D_809F4974)($at)  
/* 00008 809F2128 3C01809F */  lui     $at, %hi(D_809F4978)       ## $at = 809F0000
/* 0000C 809F212C AC254978 */  sw      $a1, %lo(D_809F4978)($at)  
/* 00010 809F2130 3C01809F */  lui     $at, %hi(D_809F497C)       ## $at = 809F0000
/* 00014 809F2134 AC26497C */  sw      $a2, %lo(D_809F497C)($at)  
/* 00018 809F2138 03E00008 */  jr      $ra                        
/* 0001C 809F213C 00000000 */  nop


glabel func_809F2140
/* 00020 809F2140 3C013F80 */  lui     $at, 0x3F80                ## $at = 3F800000
/* 00024 809F2144 3C02809F */  lui     $v0, %hi(D_809F4974)       ## $v0 = 809F0000
/* 00028 809F2148 3C03809F */  lui     $v1, %hi(D_809F4978)       ## $v1 = 809F0000
/* 0002C 809F214C 3C04809F */  lui     $a0, %hi(D_809F497C)       ## $a0 = 809F0000
/* 00030 809F2150 44810000 */  mtc1    $at, $f0                   ## $f0 = 1.00
/* 00034 809F2154 2484497C */  addiu   $a0, $a0, %lo(D_809F497C)  ## $a0 = 809F497C
/* 00038 809F2158 24634978 */  addiu   $v1, $v1, %lo(D_809F4978)  ## $v1 = 809F4978
/* 0003C 809F215C 24424974 */  addiu   $v0, $v0, %lo(D_809F4974)  ## $v0 = 809F4974
/* 00040 809F2160 8C4E0000 */  lw      $t6, 0x0000($v0)           ## 809F4974
/* 00044 809F2164 2401763D */  addiu   $at, $zero, 0x763D         ## $at = 0000763D
/* 00048 809F2168 8C790000 */  lw      $t9, 0x0000($v1)           ## 809F4978
/* 0004C 809F216C 000E7880 */  sll     $t7, $t6,  2               
/* 00050 809F2170 01EE7823 */  subu    $t7, $t7, $t6              
/* 00054 809F2174 000F7880 */  sll     $t7, $t7,  2               
/* 00058 809F2178 01EE7823 */  subu    $t7, $t7, $t6              
/* 0005C 809F217C 000F7880 */  sll     $t7, $t7,  2               
/* 00060 809F2180 01EE7823 */  subu    $t7, $t7, $t6              
/* 00064 809F2184 000F7880 */  sll     $t7, $t7,  2               
/* 00068 809F2188 01EE7823 */  subu    $t7, $t7, $t6              
/* 0006C 809F218C 01E1001A */  div     $zero, $t7, $at            
/* 00070 809F2190 00194080 */  sll     $t0, $t9,  2               
/* 00074 809F2194 01194023 */  subu    $t0, $t0, $t9              
/* 00078 809F2198 00084080 */  sll     $t0, $t0,  2               
/* 0007C 809F219C 01194023 */  subu    $t0, $t0, $t9              
/* 00080 809F21A0 00006810 */  mfhi    $t5                        
/* 00084 809F21A4 00084080 */  sll     $t0, $t0,  2               
/* 00088 809F21A8 01194023 */  subu    $t0, $t0, $t9              
/* 0008C 809F21AC 00084080 */  sll     $t0, $t0,  2               
/* 00090 809F21B0 24017663 */  addiu   $at, $zero, 0x7663         ## $at = 00007663
/* 00094 809F21B4 0101001A */  div     $zero, $t0, $at            
/* 00098 809F21B8 8C8A0000 */  lw      $t2, 0x0000($a0)           ## 809F497C
/* 0009C 809F21BC 00007010 */  mfhi    $t6                        
/* 000A0 809F21C0 24017673 */  addiu   $at, $zero, 0x7673         ## $at = 00007673
/* 000A4 809F21C4 000A5880 */  sll     $t3, $t2,  2               
/* 000A8 809F21C8 016A5821 */  addu    $t3, $t3, $t2              
/* 000AC 809F21CC 000B5880 */  sll     $t3, $t3,  2               
/* 000B0 809F21D0 016A5821 */  addu    $t3, $t3, $t2              
/* 000B4 809F21D4 000B5880 */  sll     $t3, $t3,  2               
/* 000B8 809F21D8 016A5821 */  addu    $t3, $t3, $t2              
/* 000BC 809F21DC 000B5840 */  sll     $t3, $t3,  1               
/* 000C0 809F21E0 0161001A */  div     $zero, $t3, $at            
/* 000C4 809F21E4 448D2000 */  mtc1    $t5, $f4                   ## $f4 = 0.00
/* 000C8 809F21E8 448E8000 */  mtc1    $t6, $f16                  ## $f16 = 0.00
/* 000CC 809F21EC 00007810 */  mfhi    $t7                        
/* 000D0 809F21F0 468021A0 */  cvt.s.w $f6, $f4                   
/* 000D4 809F21F4 AC4D0000 */  sw      $t5, 0x0000($v0)           ## 809F4974
/* 000D8 809F21F8 AC6E0000 */  sw      $t6, 0x0000($v1)           ## 809F4978
/* 000DC 809F21FC AC8F0000 */  sw      $t7, 0x0000($a0)           ## 809F497C
/* 000E0 809F2200 3C01809F */  lui     $at, %hi(D_809F4110)       ## $at = 809F0000
/* 000E4 809F2204 468084A0 */  cvt.s.w $f18, $f16                 
/* 000E8 809F2208 C4284110 */  lwc1    $f8, %lo(D_809F4110)($at)  
/* 000EC 809F220C 3C01809F */  lui     $at, %hi(D_809F4114)       ## $at = 809F0000
/* 000F0 809F2210 C4244114 */  lwc1    $f4, %lo(D_809F4114)($at)  
/* 000F4 809F2214 448F8000 */  mtc1    $t7, $f16                  ## $f16 = 0.00
/* 000F8 809F2218 46083283 */  div.s   $f10, $f6, $f8             
/* 000FC 809F221C 3C01809F */  lui     $at, %hi(D_809F4118)       ## $at = 809F0000
/* 00100 809F2220 46049183 */  div.s   $f6, $f18, $f4             
/* 00104 809F2224 C4244118 */  lwc1    $f4, %lo(D_809F4118)($at)  
/* 00108 809F2228 468084A0 */  cvt.s.w $f18, $f16                 
/* 0010C 809F222C 46065200 */  add.s   $f8, $f10, $f6             
/* 00110 809F2230 46049283 */  div.s   $f10, $f18, $f4            
/* 00114 809F2234 460A4080 */  add.s   $f2, $f8, $f10             
/* 00118 809F2238 4602003E */  c.le.s  $f0, $f2                   
/* 0011C 809F223C 00000000 */  nop
/* 00120 809F2240 45020007 */  bc1fl   .L809F2260                 
/* 00124 809F2244 46001005 */  abs.s   $f0, $f2                   
/* 00128 809F2248 46001081 */  sub.s   $f2, $f2, $f0              
.L809F224C:
/* 0012C 809F224C 4602003E */  c.le.s  $f0, $f2                   
/* 00130 809F2250 00000000 */  nop
/* 00134 809F2254 4503FFFD */  bc1tl   .L809F224C                 
/* 00138 809F2258 46001081 */  sub.s   $f2, $f2, $f0              
/* 0013C 809F225C 46001005 */  abs.s   $f0, $f2                   
.L809F2260:
/* 00140 809F2260 03E00008 */  jr      $ra                        
/* 00144 809F2264 00000000 */  nop


glabel func_809F2268
/* 00148 809F2268 27BDFFE0 */  addiu   $sp, $sp, 0xFFE0           ## $sp = FFFFFFE0
/* 0014C 809F226C AFB00018 */  sw      $s0, 0x0018($sp)           
/* 00150 809F2270 00808025 */  or      $s0, $a0, $zero            ## $s0 = 00000000
/* 00154 809F2274 AFBF001C */  sw      $ra, 0x001C($sp)           
/* 00158 809F2278 AFA50024 */  sw      $a1, 0x0024($sp)           
/* 0015C 809F227C 8E0E0120 */  lw      $t6, 0x0120($s0)           ## 00000120
/* 00160 809F2280 3C01809F */  lui     $at, %hi(D_809F4970)       ## $at = 809F0000
/* 00164 809F2284 3C0F809F */  lui     $t7, %hi(D_809F4080)       ## $t7 = 809F0000
/* 00168 809F2288 25EF4080 */  addiu   $t7, $t7, %lo(D_809F4080)  ## $t7 = 809F4080
/* 0016C 809F228C AC2E4970 */  sw      $t6, %lo(D_809F4970)($at)  
/* 00170 809F2290 AE0F00A0 */  sw      $t7, 0x00A0($s0)           ## 000000A0
/* 00174 809F2294 3C18801F */  lui     $t8, 0x801F                ## $t8 = 801F0000
/* 00178 809F2298 8F183F60 */  lw      $t8, 0x3F60($t8)           ## 801F3F60
/* 0017C 809F229C 3C0A809F */  lui     $t2, %hi(func_809F2E14)    ## $t2 = 809F0000
/* 00180 809F22A0 3C08801F */  lui     $t0, 0x801F                ## $t0 = 801F0000
/* 00184 809F22A4 87190A54 */  lh      $t9, 0x0A54($t8)           ## 801F0A54
/* 00188 809F22A8 254A2E14 */  addiu   $t2, $t2, %lo(func_809F2E14) ## $t2 = 809F2E14
/* 0018C 809F22AC 02002025 */  or      $a0, $s0, $zero            ## $a0 = 00000000
/* 00190 809F22B0 17200007 */  bne     $t9, $zero, .L809F22D0     
/* 00194 809F22B4 3C053DCC */  lui     $a1, 0x3DCC                ## $a1 = 3DCC0000
/* 00198 809F22B8 91080681 */  lbu     $t0, 0x0681($t0)           ## 801F0681
/* 0019C 809F22BC 3C0B809F */  lui     $t3, %hi(func_809F2B64)    ## $t3 = 809F0000
/* 001A0 809F22C0 256B2B64 */  addiu   $t3, $t3, %lo(func_809F2B64) ## $t3 = 809F2B64
/* 001A4 809F22C4 31090080 */  andi    $t1, $t0, 0x0080           ## $t1 = 00000000
/* 001A8 809F22C8 51200004 */  beql    $t1, $zero, .L809F22DC     
/* 001AC 809F22CC AE0B0198 */  sw      $t3, 0x0198($s0)           ## 00000198
.L809F22D0:
/* 001B0 809F22D0 10000002 */  beq     $zero, $zero, .L809F22DC   
/* 001B4 809F22D4 AE0A0198 */  sw      $t2, 0x0198($s0)           ## 00000198
/* 001B8 809F22D8 AE0B0198 */  sw      $t3, 0x0198($s0)           ## 00000198
.L809F22DC:
/* 001BC 809F22DC 0C02D9F8 */  jal     func_800B67E0              
/* 001C0 809F22E0 34A5CCCD */  ori     $a1, $a1, 0xCCCD           ## $a1 = 3DCCCCCD
/* 001C4 809F22E4 860C001C */  lh      $t4, 0x001C($s0)           ## 0000001C
/* 001C8 809F22E8 3C0E809F */  lui     $t6, %hi(D_809F40EC)       ## $t6 = 809F0000
/* 001CC 809F22EC 25CE40EC */  addiu   $t6, $t6, %lo(D_809F40EC)  ## $t6 = 809F40EC
/* 001D0 809F22F0 000C6880 */  sll     $t5, $t4,  2               
/* 001D4 809F22F4 01AC6823 */  subu    $t5, $t5, $t4              
/* 001D8 809F22F8 000D6880 */  sll     $t5, $t5,  2               
/* 001DC 809F22FC 01AE2821 */  addu    $a1, $t5, $t6              
/* 001E0 809F2300 0C03FD43 */  jal     func_800FF50C              
/* 001E4 809F2304 26040024 */  addiu   $a0, $s0, 0x0024           ## $a0 = 00000024
/* 001E8 809F2308 240F8000 */  addiu   $t7, $zero, 0x8000         ## $t7 = FFFF8000
/* 001EC 809F230C A60F00BE */  sh      $t7, 0x00BE($s0)           ## 000000BE
/* 001F0 809F2310 3C07809F */  lui     $a3, %hi(D_809F40C0)       ## $a3 = 809F0000
/* 001F4 809F2314 24E740C0 */  addiu   $a3, $a3, %lo(D_809F40C0)  ## $a3 = 809F40C0
/* 001F8 809F2318 8FA40024 */  lw      $a0, 0x0024($sp)           
/* 001FC 809F231C 2605014C */  addiu   $a1, $s0, 0x014C           ## $a1 = 0000014C
/* 00200 809F2320 0C0384DD */  jal     func_800E1374              
/* 00204 809F2324 02003025 */  or      $a2, $s0, $zero            ## $a2 = 00000000
/* 00208 809F2328 3C050602 */  lui     $a1, 0x0602                ## $a1 = 06020000
/* 0020C 809F232C 24A59490 */  addiu   $a1, $a1, 0x9490           ## $a1 = 06019490
/* 00210 809F2330 0005C100 */  sll     $t8, $a1,  4               
/* 00214 809F2334 0018CF02 */  srl     $t9, $t8, 28               
/* 00218 809F2338 00194080 */  sll     $t0, $t9,  2               
/* 0021C 809F233C 3C098020 */  lui     $t1, 0x8020                ## $t1 = 80200000
/* 00220 809F2340 01284821 */  addu    $t1, $t1, $t0              
/* 00224 809F2344 3C0100FF */  lui     $at, 0x00FF                ## $at = 00FF0000
/* 00228 809F2348 8D298180 */  lw      $t1, -0x7E80($t1)          ## 801F8180
/* 0022C 809F234C 3421FFFF */  ori     $at, $at, 0xFFFF           ## $at = 00FFFFFF
/* 00230 809F2350 00A15024 */  and     $t2, $a1, $at              
/* 00234 809F2354 3C018000 */  lui     $at, 0x8000                ## $at = 80000000
/* 00238 809F2358 012A3021 */  addu    $a2, $t1, $t2              
/* 0023C 809F235C 00C11021 */  addu    $v0, $a2, $at              
/* 00240 809F2360 24050800 */  addiu   $a1, $zero, 0x0800         ## $a1 = 00000800
/* 00244 809F2364 00002025 */  or      $a0, $zero, $zero          ## $a0 = 00000000
/* 00248 809F2368 02001825 */  or      $v1, $s0, $zero            ## $v1 = 00000000
.L809F236C:
/* 0024C 809F236C 904B0000 */  lbu     $t3, 0x0000($v0)           ## 00000000
/* 00250 809F2370 24840004 */  addiu   $a0, $a0, 0x0004           ## $a0 = 00000004
/* 00254 809F2374 24420004 */  addiu   $v0, $v0, 0x0004           ## $v0 = 00000004
/* 00258 809F2378 A06B0200 */  sb      $t3, 0x0200($v1)           ## 00000200
/* 0025C 809F237C 904CFFFD */  lbu     $t4, -0x0003($v0)          ## 00000001
/* 00260 809F2380 24630004 */  addiu   $v1, $v1, 0x0004           ## $v1 = 00000004
/* 00264 809F2384 A06C01FD */  sb      $t4, 0x01FD($v1)           ## 00000201
/* 00268 809F2388 904DFFFE */  lbu     $t5, -0x0002($v0)          ## 00000002
/* 0026C 809F238C A06D01FE */  sb      $t5, 0x01FE($v1)           ## 00000202
/* 00270 809F2390 904EFFFF */  lbu     $t6, -0x0001($v0)          ## 00000003
/* 00274 809F2394 1485FFF5 */  bne     $a0, $a1, .L809F236C       
/* 00278 809F2398 A06E01FF */  sb      $t6, 0x01FF($v1)           ## 00000203
/* 0027C 809F239C 8E0F0004 */  lw      $t7, 0x0004($s0)           ## 00000004
/* 00280 809F23A0 2401FFFE */  addiu   $at, $zero, 0xFFFE         ## $at = FFFFFFFE
/* 00284 809F23A4 01E1C024 */  and     $t8, $t7, $at              
/* 00288 809F23A8 AE180004 */  sw      $t8, 0x0004($s0)           ## 00000004
/* 0028C 809F23AC 8FBF001C */  lw      $ra, 0x001C($sp)           
/* 00290 809F23B0 8FB00018 */  lw      $s0, 0x0018($sp)           
/* 00294 809F23B4 03E00008 */  jr      $ra                        
/* 00298 809F23B8 27BD0020 */  addiu   $sp, $sp, 0x0020           ## $sp = 00000000


glabel func_809F23BC
/* 0029C 809F23BC AFA40000 */  sw      $a0, 0x0000($sp)           
/* 002A0 809F23C0 AFA50004 */  sw      $a1, 0x0004($sp)           
/* 002A4 809F23C4 03E00008 */  jr      $ra                        
/* 002A8 809F23C8 00000000 */  nop


glabel func_809F23CC
/* 002AC 809F23CC 27BDFFE8 */  addiu   $sp, $sp, 0xFFE8           ## $sp = FFFFFFE8
/* 002B0 809F23D0 AFBF0014 */  sw      $ra, 0x0014($sp)           
/* 002B4 809F23D4 00802825 */  or      $a1, $a0, $zero            ## $a1 = 00000000
/* 002B8 809F23D8 90A2015D */  lbu     $v0, 0x015D($a1)           ## 0000015D
/* 002BC 809F23DC 304E0002 */  andi    $t6, $v0, 0x0002           ## $t6 = 00000000
/* 002C0 809F23E0 51C0002E */  beql    $t6, $zero, .L809F249C     
/* 002C4 809F23E4 8FBF0014 */  lw      $ra, 0x0014($sp)           
/* 002C8 809F23E8 90B801C9 */  lbu     $t8, 0x01C9($a1)           ## 000001C9
/* 002CC 809F23EC 304FFFFD */  andi    $t7, $v0, 0xFFFD           ## $t7 = 00000000
/* 002D0 809F23F0 A0AF015D */  sb      $t7, 0x015D($a1)           ## 0000015D
/* 002D4 809F23F4 17000028 */  bne     $t8, $zero, .L809F2498     
/* 002D8 809F23F8 3C19809F */  lui     $t9, %hi(D_809F4970)       ## $t9 = 809F0000
/* 002DC 809F23FC 8F394970 */  lw      $t9, %lo(D_809F4970)($t9)  
/* 002E0 809F2400 8728068A */  lh      $t0, 0x068A($t9)           ## 809F068A
/* 002E4 809F2404 55000025 */  bnel    $t0, $zero, .L809F249C     
/* 002E8 809F2408 8FBF0014 */  lw      $ra, 0x0014($sp)           
/* 002EC 809F240C 90A900B9 */  lbu     $t1, 0x00B9($a1)           ## 000000B9
/* 002F0 809F2410 24010002 */  addiu   $at, $zero, 0x0002         ## $at = 00000002
/* 002F4 809F2414 00A02025 */  or      $a0, $a1, $zero            ## $a0 = 00000000
/* 002F8 809F2418 55210020 */  bnel    $t1, $at, .L809F249C       
/* 002FC 809F241C 8FBF0014 */  lw      $ra, 0x0014($sp)           
/* 00300 809F2420 0C27C92A */  jal     func_809F24A8              
/* 00304 809F2424 AFA50018 */  sw      $a1, 0x0018($sp)           
/* 00308 809F2428 0C067C32 */  jal     func_8019F0C8              
/* 0030C 809F242C 24044807 */  addiu   $a0, $zero, 0x4807         ## $a0 = 00004807
/* 00310 809F2430 8FA50018 */  lw      $a1, 0x0018($sp)           
/* 00314 809F2434 3C01809F */  lui     $at, %hi(D_809F411C)       ## $at = 809F0000
/* 00318 809F2438 84AA0172 */  lh      $t2, 0x0172($a1)           ## 00000172
/* 0031C 809F243C C4A40024 */  lwc1    $f4, 0x0024($a1)           ## 00000024
/* 00320 809F2440 84AB0174 */  lh      $t3, 0x0174($a1)           ## 00000174
/* 00324 809F2444 448A3000 */  mtc1    $t2, $f6                   ## $f6 = 0.00
/* 00328 809F2448 C4B20028 */  lwc1    $f18, 0x0028($a1)          ## 00000028
/* 0032C 809F244C 46803220 */  cvt.s.w $f8, $f6                   
/* 00330 809F2450 46082001 */  sub.s   $f0, $f4, $f8              
/* 00334 809F2454 448B4000 */  mtc1    $t3, $f8                   ## $f8 = 0.00
/* 00338 809F2458 46000007 */  neg.s   $f0, $f0                   
/* 0033C 809F245C E4A001B0 */  swc1    $f0, 0x01B0($a1)           ## 000001B0
/* 00340 809F2460 C42A411C */  lwc1    $f10, %lo(D_809F411C)($at) 
/* 00344 809F2464 3C0142A0 */  lui     $at, 0x42A0                ## $at = 42A00000
/* 00348 809F2468 44813000 */  mtc1    $at, $f6                   ## $f6 = 80.00
/* 0034C 809F246C 460A0402 */  mul.s   $f16, $f0, $f10            
/* 00350 809F2470 3C01809F */  lui     $at, %hi(D_809F4120)       ## $at = 809F0000
/* 00354 809F2474 46069100 */  add.s   $f4, $f18, $f6             
/* 00358 809F2478 468042A0 */  cvt.s.w $f10, $f8                  
/* 0035C 809F247C E4B001BC */  swc1    $f16, 0x01BC($a1)          ## 000001BC
/* 00360 809F2480 460A2081 */  sub.s   $f2, $f4, $f10             
/* 00364 809F2484 46001087 */  neg.s   $f2, $f2                   
/* 00368 809F2488 E4A201B4 */  swc1    $f2, 0x01B4($a1)           ## 000001B4
/* 0036C 809F248C C4304120 */  lwc1    $f16, %lo(D_809F4120)($at) 
/* 00370 809F2490 46101482 */  mul.s   $f18, $f2, $f16            
/* 00374 809F2494 E4B201C0 */  swc1    $f18, 0x01C0($a1)          ## 000001C0
.L809F2498:
/* 00378 809F2498 8FBF0014 */  lw      $ra, 0x0014($sp)           
.L809F249C:
/* 0037C 809F249C 27BD0018 */  addiu   $sp, $sp, 0x0018           ## $sp = 00000000
/* 00380 809F24A0 03E00008 */  jr      $ra                        
/* 00384 809F24A4 00000000 */  nop


glabel func_809F24A8
/* 00388 809F24A8 44800000 */  mtc1    $zero, $f0                 ## $f0 = 0.00
/* 0038C 809F24AC 3C0E809F */  lui     $t6, %hi(func_809F24C8)    ## $t6 = 809F0000
/* 00390 809F24B0 25CE24C8 */  addiu   $t6, $t6, %lo(func_809F24C8) ## $t6 = 809F24C8
/* 00394 809F24B4 AC8E0198 */  sw      $t6, 0x0198($a0)           ## 00000198
/* 00398 809F24B8 E4800A28 */  swc1    $f0, 0x0A28($a0)           ## 00000A28
/* 0039C 809F24BC E48001AC */  swc1    $f0, 0x01AC($a0)           ## 000001AC
/* 003A0 809F24C0 03E00008 */  jr      $ra                        
/* 003A4 809F24C4 00000000 */  nop


glabel func_809F24C8
/* 003A8 809F24C8 27BDFFB0 */  addiu   $sp, $sp, 0xFFB0           ## $sp = FFFFFFB0
/* 003AC 809F24CC AFB20040 */  sw      $s2, 0x0040($sp)           
/* 003B0 809F24D0 AFB1003C */  sw      $s1, 0x003C($sp)           
/* 003B4 809F24D4 00808825 */  or      $s1, $a0, $zero            ## $s1 = 00000000
/* 003B8 809F24D8 00A09025 */  or      $s2, $a1, $zero            ## $s2 = 00000000
/* 003BC 809F24DC AFBF0044 */  sw      $ra, 0x0044($sp)           
/* 003C0 809F24E0 AFB00038 */  sw      $s0, 0x0038($sp)           
/* 003C4 809F24E4 A7A0004E */  sh      $zero, 0x004E($sp)         
/* 003C8 809F24E8 8E4E1CCC */  lw      $t6, 0x1CCC($s2)           ## 00001CCC
/* 003CC 809F24EC 24030001 */  addiu   $v1, $zero, 0x0001         ## $v1 = 00000001
/* 003D0 809F24F0 AFAE0048 */  sw      $t6, 0x0048($sp)           
/* 003D4 809F24F4 862F01CA */  lh      $t7, 0x01CA($s1)           ## 000001CA
/* 003D8 809F24F8 922201C9 */  lbu     $v0, 0x01C9($s1)           ## 000001C9
/* 003DC 809F24FC 25F80001 */  addiu   $t8, $t7, 0x0001           ## $t8 = 00000001
/* 003E0 809F2500 10400007 */  beq     $v0, $zero, .L809F2520     
/* 003E4 809F2504 A63801CA */  sh      $t8, 0x01CA($s1)           ## 000001CA
/* 003E8 809F2508 10430034 */  beq     $v0, $v1, .L809F25DC       
/* 003EC 809F250C 24010002 */  addiu   $at, $zero, 0x0002         ## $at = 00000002
/* 003F0 809F2510 50410135 */  beql    $v0, $at, .L809F29E8       
/* 003F4 809F2514 862901CA */  lh      $t1, 0x01CA($s1)           ## 000001CA
/* 003F8 809F2518 10000182 */  beq     $zero, $zero, .L809F2B24   
/* 003FC 809F251C 862B0A00 */  lh      $t3, 0x0A00($s1)           ## 00000A00
.L809F2520:
/* 00400 809F2520 0C03C81F */  jal     func_800F207C              
/* 00404 809F2524 00000000 */  nop
/* 00408 809F2528 2401FFFF */  addiu   $at, $zero, 0xFFFF         ## $at = FFFFFFFF
/* 0040C 809F252C 1441017C */  bne     $v0, $at, .L809F2B20       
/* 00410 809F2530 02402025 */  or      $a0, $s2, $zero            ## $a0 = 00000000
/* 00414 809F2534 0C03A835 */  jal     func_800EA0D4              
/* 00418 809F2538 26451F24 */  addiu   $a1, $s2, 0x1F24           ## $a1 = 00001F24
/* 0041C 809F253C 02402025 */  or      $a0, $s2, $zero            ## $a0 = 00000000
/* 00420 809F2540 02202825 */  or      $a1, $s1, $zero            ## $a1 = 00000000
/* 00424 809F2544 0C02DCA6 */  jal     func_800B7298              
/* 00428 809F2548 24060007 */  addiu   $a2, $zero, 0x0007         ## $a2 = 00000007
/* 0042C 809F254C 0C05A537 */  jal     func_801694DC              
/* 00430 809F2550 02402025 */  or      $a0, $s2, $zero            ## $a0 = 00000000
/* 00434 809F2554 A6220A00 */  sh      $v0, 0x0A00($s1)           ## 00000A00
/* 00438 809F2558 02402025 */  or      $a0, $s2, $zero            ## $a0 = 00000000
/* 0043C 809F255C 00002825 */  or      $a1, $zero, $zero          ## $a1 = 00000000
/* 00440 809F2560 0C05A564 */  jal     func_80169590              
/* 00444 809F2564 24060001 */  addiu   $a2, $zero, 0x0001         ## $a2 = 00000001
/* 00448 809F2568 02402025 */  or      $a0, $s2, $zero            ## $a0 = 00000000
/* 0044C 809F256C 86250A00 */  lh      $a1, 0x0A00($s1)           ## 00000A00
/* 00450 809F2570 0C05A564 */  jal     func_80169590              
/* 00454 809F2574 24060007 */  addiu   $a2, $zero, 0x0007         ## $a2 = 00000007
/* 00458 809F2578 3C08809F */  lui     $t0, %hi(D_809F4970)       ## $t0 = 809F0000
/* 0045C 809F257C 8D084970 */  lw      $t0, %lo(D_809F4970)($t0)  
/* 00460 809F2580 24190001 */  addiu   $t9, $zero, 0x0001         ## $t9 = 00000001
/* 00464 809F2584 3C01437F */  lui     $at, 0x437F                ## $at = 437F0000
/* 00468 809F2588 A1190151 */  sb      $t9, 0x0151($t0)           ## 809F0151
/* 0046C 809F258C 44812000 */  mtc1    $at, $f4                   ## $f4 = 255.00
/* 00470 809F2590 44803000 */  mtc1    $zero, $f6                 ## $f6 = 0.00
/* 00474 809F2594 24090001 */  addiu   $t1, $zero, 0x0001         ## $t1 = 00000001
/* 00478 809F2598 240A0001 */  addiu   $t2, $zero, 0x0001         ## $t2 = 00000001
/* 0047C 809F259C A22901C9 */  sb      $t1, 0x01C9($s1)           ## 000001C9
/* 00480 809F25A0 A22A01C8 */  sb      $t2, 0x01C8($s1)           ## 000001C8
/* 00484 809F25A4 E62401E0 */  swc1    $f4, 0x01E0($s1)           ## 000001E0
/* 00488 809F25A8 E62601DC */  swc1    $f6, 0x01DC($s1)           ## 000001DC
/* 0048C 809F25AC 8E501D08 */  lw      $s0, 0x1D08($s2)           ## 00001D08
/* 00490 809F25B0 5200000B */  beql    $s0, $zero, .L809F25E0     
/* 00494 809F25B4 862501CA */  lh      $a1, 0x01CA($s1)           ## 000001CA
/* 00498 809F25B8 860B0000 */  lh      $t3, 0x0000($s0)           ## 00000000
.L809F25BC:
/* 0049C 809F25BC 2401000F */  addiu   $at, $zero, 0x000F         ## $at = 0000000F
/* 004A0 809F25C0 55610004 */  bnel    $t3, $at, .L809F25D4       
/* 004A4 809F25C4 8E10012C */  lw      $s0, 0x012C($s0)           ## 0000012C
/* 004A8 809F25C8 0C02D9C3 */  jal     func_800B670C              
/* 004AC 809F25CC 02002025 */  or      $a0, $s0, $zero            ## $a0 = 00000000
/* 004B0 809F25D0 8E10012C */  lw      $s0, 0x012C($s0)           ## 0000012C
.L809F25D4:
/* 004B4 809F25D4 5600FFF9 */  bnel    $s0, $zero, .L809F25BC     
/* 004B8 809F25D8 860B0000 */  lh      $t3, 0x0000($s0)           ## 00000000
.L809F25DC:
/* 004BC 809F25DC 862501CA */  lh      $a1, 0x01CA($s1)           ## 000001CA
.L809F25E0:
/* 004C0 809F25E0 3C063E4C */  lui     $a2, 0x3E4C                ## $a2 = 3E4C0000
/* 004C4 809F25E4 34C6CCCD */  ori     $a2, $a2, 0xCCCD           ## $a2 = 3E4CCCCD
/* 004C8 809F25E8 28A1000A */  slti    $at, $a1, 0x000A           
/* 004CC 809F25EC 14200035 */  bne     $at, $zero, .L809F26C4     
/* 004D0 809F25F0 262401E4 */  addiu   $a0, $s1, 0x01E4           ## $a0 = 000001E4
/* 004D4 809F25F4 3C0541F0 */  lui     $a1, 0x41F0                ## $a1 = 41F00000
/* 004D8 809F25F8 0C03FF7E */  jal     func_800FFDF8              
/* 004DC 809F25FC 3C073F80 */  lui     $a3, 0x3F80                ## $a3 = 3F800000
/* 004E0 809F2600 3C010001 */  lui     $at, 0x0001                ## $at = 00010000
/* 004E4 809F2604 00320821 */  addu    $at, $at, $s2              
/* 004E8 809F2608 240C0001 */  addiu   $t4, $zero, 0x0001         ## $t4 = 00000001
/* 004EC 809F260C A02C70E9 */  sb      $t4, 0x70E9($at)           ## 000170E9
/* 004F0 809F2610 3C010001 */  lui     $at, 0x0001                ## $at = 00010000
/* 004F4 809F2614 02411021 */  addu    $v0, $s2, $at              
/* 004F8 809F2618 A04070EC */  sb      $zero, 0x70EC($v0)         ## 000070EC
/* 004FC 809F261C A04070EB */  sb      $zero, 0x70EB($v0)         ## 000070EB
/* 00500 809F2620 A04070EA */  sb      $zero, 0x70EA($v0)         ## 000070EA
/* 00504 809F2624 444DF800 */  cfc1    $t5, $f31                  
/* 00508 809F2628 240E0001 */  addiu   $t6, $zero, 0x0001         ## $t6 = 00000001
/* 0050C 809F262C 44CEF800 */  ctc1    $t6, $f31                  
/* 00510 809F2630 C6280A2C */  lwc1    $f8, 0x0A2C($s1)           ## 00000A2C
/* 00514 809F2634 3C014F00 */  lui     $at, 0x4F00                ## $at = 4F000000
/* 00518 809F2638 26240A2C */  addiu   $a0, $s1, 0x0A2C           ## $a0 = 00000A2C
/* 0051C 809F263C 460042A4 */  cvt.w.s $f10, $f8                  
/* 00520 809F2640 3C054296 */  lui     $a1, 0x4296                ## $a1 = 42960000
/* 00524 809F2644 3C063F80 */  lui     $a2, 0x3F80                ## $a2 = 3F800000
/* 00528 809F2648 3C074040 */  lui     $a3, 0x4040                ## $a3 = 40400000
/* 0052C 809F264C 444EF800 */  cfc1    $t6, $f31                  
/* 00530 809F2650 00000000 */  nop
/* 00534 809F2654 31CE0078 */  andi    $t6, $t6, 0x0078           ## $t6 = 00000000
/* 00538 809F2658 51C00013 */  beql    $t6, $zero, .L809F26A8     
/* 0053C 809F265C 440E5000 */  mfc1    $t6, $f10                  
/* 00540 809F2660 44815000 */  mtc1    $at, $f10                  ## $f10 = 2147483648.00
/* 00544 809F2664 240E0001 */  addiu   $t6, $zero, 0x0001         ## $t6 = 00000001
/* 00548 809F2668 460A4281 */  sub.s   $f10, $f8, $f10            
/* 0054C 809F266C 44CEF800 */  ctc1    $t6, $f31                  
/* 00550 809F2670 00000000 */  nop
/* 00554 809F2674 460052A4 */  cvt.w.s $f10, $f10                 
/* 00558 809F2678 444EF800 */  cfc1    $t6, $f31                  
/* 0055C 809F267C 00000000 */  nop
/* 00560 809F2680 31CE0078 */  andi    $t6, $t6, 0x0078           ## $t6 = 00000000
/* 00564 809F2684 15C00005 */  bne     $t6, $zero, .L809F269C     
/* 00568 809F2688 00000000 */  nop
/* 0056C 809F268C 440E5000 */  mfc1    $t6, $f10                  
/* 00570 809F2690 3C018000 */  lui     $at, 0x8000                ## $at = 80000000
/* 00574 809F2694 10000007 */  beq     $zero, $zero, .L809F26B4   
/* 00578 809F2698 01C17025 */  or      $t6, $t6, $at              ## $t6 = 80000000
.L809F269C:
/* 0057C 809F269C 10000005 */  beq     $zero, $zero, .L809F26B4   
/* 00580 809F26A0 240EFFFF */  addiu   $t6, $zero, 0xFFFF         ## $t6 = FFFFFFFF
/* 00584 809F26A4 440E5000 */  mfc1    $t6, $f10                  
.L809F26A8:
/* 00588 809F26A8 00000000 */  nop
/* 0058C 809F26AC 05C0FFFB */  bltz    $t6, .L809F269C            
/* 00590 809F26B0 00000000 */  nop
.L809F26B4:
/* 00594 809F26B4 44CDF800 */  ctc1    $t5, $f31                  
/* 00598 809F26B8 0C03FF7E */  jal     func_800FFDF8              
/* 0059C 809F26BC A04E70ED */  sb      $t6, 0x70ED($v0)           ## 000070ED
/* 005A0 809F26C0 862501CA */  lh      $a1, 0x01CA($s1)           ## 000001CA
.L809F26C4:
/* 005A4 809F26C4 28A1001E */  slti    $at, $a1, 0x001E           
/* 005A8 809F26C8 54200005 */  bnel    $at, $zero, .L809F26E0     
/* 005AC 809F26CC 28A1003C */  slti    $at, $a1, 0x003C           
/* 005B0 809F26D0 0C067C32 */  jal     func_8019F0C8              
/* 005B4 809F26D4 24042846 */  addiu   $a0, $zero, 0x2846         ## $a0 = 00002846
/* 005B8 809F26D8 862501CA */  lh      $a1, 0x01CA($s1)           ## 000001CA
/* 005BC 809F26DC 28A1003C */  slti    $at, $a1, 0x003C           
.L809F26E0:
/* 005C0 809F26E0 142000AD */  bne     $at, $zero, .L809F2998     
/* 005C4 809F26E4 3C010001 */  lui     $at, 0x0001                ## $at = 00010000
/* 005C8 809F26E8 00320821 */  addu    $at, $at, $s2              
/* 005CC 809F26EC A02070E9 */  sb      $zero, 0x70E9($at)         ## 000170E9
/* 005D0 809F26F0 44801000 */  mtc1    $zero, $f2                 ## $f2 = 0.00
/* 005D4 809F26F4 862501CA */  lh      $a1, 0x01CA($s1)           ## 000001CA
/* 005D8 809F26F8 2401003C */  addiu   $at, $zero, 0x003C         ## $at = 0000003C
/* 005DC 809F26FC A22001C8 */  sb      $zero, 0x01C8($s1)         ## 000001C8
/* 005E0 809F2700 E62201DC */  swc1    $f2, 0x01DC($s1)           ## 000001DC
/* 005E4 809F2704 14A10011 */  bne     $a1, $at, .L809F274C       
/* 005E8 809F2708 E62201D8 */  swc1    $f2, 0x01D8($s1)           ## 000001D8
/* 005EC 809F270C 3C03809F */  lui     $v1, %hi(D_809F4970)       ## $v1 = 809F0000
/* 005F0 809F2710 8C634970 */  lw      $v1, %lo(D_809F4970)($v1)  
/* 005F4 809F2714 02402025 */  or      $a0, $s2, $zero            ## $a0 = 00000000
/* 005F8 809F2718 02202825 */  or      $a1, $s1, $zero            ## $a1 = 00000000
/* 005FC 809F271C 906F0154 */  lbu     $t7, 0x0154($v1)           ## 809F0154
/* 00600 809F2720 24060084 */  addiu   $a2, $zero, 0x0084         ## $a2 = 00000084
/* 00604 809F2724 25F80001 */  addiu   $t8, $t7, 0x0001           ## $t8 = 00000001
/* 00608 809F2728 0C02DCA6 */  jal     func_800B7298              
/* 0060C 809F272C A0780154 */  sb      $t8, 0x0154($v1)           ## 809F0154
/* 00610 809F2730 8FB90048 */  lw      $t9, 0x0048($sp)           
/* 00614 809F2734 44801000 */  mtc1    $zero, $f2                 ## $f2 = 0.00
/* 00618 809F2738 A72000BE */  sh      $zero, 0x00BE($t9)         ## 000000BE
/* 0061C 809F273C 8FA80048 */  lw      $t0, 0x0048($sp)           
/* 00620 809F2740 850900BE */  lh      $t1, 0x00BE($t0)           ## 000000BE
/* 00624 809F2744 A5090032 */  sh      $t1, 0x0032($t0)           ## 00000032
/* 00628 809F2748 862501CA */  lh      $a1, 0x01CA($s1)           ## 000001CA
.L809F274C:
/* 0062C 809F274C 8FAA0048 */  lw      $t2, 0x0048($sp)           
/* 00630 809F2750 3C0141A0 */  lui     $at, 0x41A0                ## $at = 41A00000
/* 00634 809F2754 44810000 */  mtc1    $at, $f0                   ## $f0 = 20.00
/* 00638 809F2758 C5500024 */  lwc1    $f16, 0x0024($t2)          ## 00000024
/* 0063C 809F275C 3C0141F0 */  lui     $at, 0x41F0                ## $at = 41F00000
/* 00640 809F2760 44815000 */  mtc1    $at, $f10                  ## $f10 = 30.00
/* 00644 809F2764 46008480 */  add.s   $f18, $f16, $f0            
/* 00648 809F2768 3C0141D0 */  lui     $at, 0x41D0                ## $at = 41D00000
/* 0064C 809F276C 240701D0 */  addiu   $a3, $zero, 0x01D0         ## $a3 = 000001D0
/* 00650 809F2770 E6320A04 */  swc1    $f18, 0x0A04($s1)          ## 00000A04
/* 00654 809F2774 8FAB0048 */  lw      $t3, 0x0048($sp)           
/* 00658 809F2778 C5640028 */  lwc1    $f4, 0x0028($t3)           ## 00000028
/* 0065C 809F277C 46002180 */  add.s   $f6, $f4, $f0              
/* 00660 809F2780 E6260A08 */  swc1    $f6, 0x0A08($s1)           ## 00000A08
/* 00664 809F2784 8FAC0048 */  lw      $t4, 0x0048($sp)           
/* 00668 809F2788 44813000 */  mtc1    $at, $f6                   ## $f6 = 26.00
/* 0066C 809F278C 28A1004B */  slti    $at, $a1, 0x004B           
/* 00670 809F2790 C588002C */  lwc1    $f8, 0x002C($t4)           ## 0000002C
/* 00674 809F2794 460A4400 */  add.s   $f16, $f8, $f10            
/* 00678 809F2798 E6300A0C */  swc1    $f16, 0x0A0C($s1)          ## 00000A0C
/* 0067C 809F279C 8FAD0048 */  lw      $t5, 0x0048($sp)           
/* 00680 809F27A0 C5B20024 */  lwc1    $f18, 0x0024($t5)          ## 00000024
/* 00684 809F27A4 E6320A10 */  swc1    $f18, 0x0A10($s1)          ## 00000A10
/* 00688 809F27A8 8FAE0048 */  lw      $t6, 0x0048($sp)           
/* 0068C 809F27AC C5C40028 */  lwc1    $f4, 0x0028($t6)           ## 00000028
/* 00690 809F27B0 46062200 */  add.s   $f8, $f4, $f6              
/* 00694 809F27B4 E6280A14 */  swc1    $f8, 0x0A14($s1)           ## 00000A14
/* 00698 809F27B8 8FAF0048 */  lw      $t7, 0x0048($sp)           
/* 0069C 809F27BC C5EA002C */  lwc1    $f10, 0x002C($t7)          ## 0000002C
/* 006A0 809F27C0 240F000F */  addiu   $t7, $zero, 0x000F         ## $t7 = 0000000F
/* 006A4 809F27C4 1420002C */  bne     $at, $zero, .L809F2878     
/* 006A8 809F27C8 E62A0A18 */  swc1    $f10, 0x0A18($s1)          ## 00000A18
/* 006AC 809F27CC 8E421D20 */  lw      $v0, 0x1D20($s2)           ## 00001D20
/* 006B0 809F27D0 3C06809F */  lui     $a2, %hi(D_809F4970)       ## $a2 = 809F0000
/* 006B4 809F27D4 24C64970 */  addiu   $a2, $a2, %lo(D_809F4970)  ## $a2 = 809F4970
/* 006B8 809F27D8 10400027 */  beq     $v0, $zero, .L809F2878     
/* 006BC 809F27DC 24040115 */  addiu   $a0, $zero, 0x0115         ## $a0 = 00000115
/* 006C0 809F27E0 84580000 */  lh      $t8, 0x0000($v0)           ## 00000000
.L809F27E4:
/* 006C4 809F27E4 54980022 */  bnel    $a0, $t8, .L809F2870       
/* 006C8 809F27E8 8C42012C */  lw      $v0, 0x012C($v0)           ## 0000012C
/* 006CC 809F27EC 8CC30000 */  lw      $v1, 0x0000($a2)           ## 809F4970
/* 006D0 809F27F0 5443001F */  bnel    $v0, $v1, .L809F2870       
/* 006D4 809F27F4 8C42012C */  lw      $v0, 0x012C($v0)           ## 0000012C
/* 006D8 809F27F8 90790680 */  lbu     $t9, 0x0680($v1)           ## 00000680
/* 006DC 809F27FC 1320001B */  beq     $t9, $zero, .L809F286C     
/* 006E0 809F2800 3C01809F */  lui     $at, %hi(D_809F4124)       ## $at = 809F0000
/* 006E4 809F2804 C4304124 */  lwc1    $f16, %lo(D_809F4124)($at) 
/* 006E8 809F2808 3C01430E */  lui     $at, 0x430E                ## $at = 430E0000
/* 006EC 809F280C 44819000 */  mtc1    $at, $f18                  ## $f18 = 142.00
/* 006F0 809F2810 3C01809F */  lui     $at, %hi(D_809F4128)       ## $at = 809F0000
/* 006F4 809F2814 E6300A04 */  swc1    $f16, 0x0A04($s1)          ## 00000A04
/* 006F8 809F2818 E6320A08 */  swc1    $f18, 0x0A08($s1)          ## 00000A08
/* 006FC 809F281C C4244128 */  lwc1    $f4, %lo(D_809F4128)($at)  
/* 00700 809F2820 3C0144AC */  lui     $at, 0x44AC                ## $at = 44AC0000
/* 00704 809F2824 44813000 */  mtc1    $at, $f6                   ## $f6 = 1376.00
/* 00708 809F2828 3C014304 */  lui     $at, 0x4304                ## $at = 43040000
/* 0070C 809F282C 44814000 */  mtc1    $at, $f8                   ## $f8 = 132.00
/* 00710 809F2830 3C01809F */  lui     $at, %hi(D_809F412C)       ## $at = 809F0000
/* 00714 809F2834 E6240A0C */  swc1    $f4, 0x0A0C($s1)           ## 00000A0C
/* 00718 809F2838 E6260A10 */  swc1    $f6, 0x0A10($s1)           ## 00000A10
/* 0071C 809F283C E6280A14 */  swc1    $f8, 0x0A14($s1)           ## 00000A14
/* 00720 809F2840 C42A412C */  lwc1    $f10, %lo(D_809F412C)($at) 
/* 00724 809F2844 2401004B */  addiu   $at, $zero, 0x004B         ## $at = 0000004B
/* 00728 809F2848 14A10005 */  bne     $a1, $at, .L809F2860       
/* 0072C 809F284C E62A0A18 */  swc1    $f10, 0x0A18($s1)          ## 00000A18
/* 00730 809F2850 8CC80000 */  lw      $t0, 0x0000($a2)           ## 809F4970
/* 00734 809F2854 24090001 */  addiu   $t1, $zero, 0x0001         ## $t1 = 00000001
/* 00738 809F2858 A1090148 */  sb      $t1, 0x0148($t0)           ## 00000148
/* 0073C 809F285C 862501CA */  lh      $a1, 0x01CA($s1)           ## 000001CA
.L809F2860:
/* 00740 809F2860 240A0011 */  addiu   $t2, $zero, 0x0011         ## $t2 = 00000011
/* 00744 809F2864 10000004 */  beq     $zero, $zero, .L809F2878   
/* 00748 809F2868 A7AA004E */  sh      $t2, 0x004E($sp)           
.L809F286C:
/* 0074C 809F286C 8C42012C */  lw      $v0, 0x012C($v0)           ## 0000012C
.L809F2870:
/* 00750 809F2870 5440FFDC */  bnel    $v0, $zero, .L809F27E4     
/* 00754 809F2874 84580000 */  lh      $t8, 0x0000($v0)           ## 00000000
.L809F2878:
/* 00758 809F2878 87AB004E */  lh      $t3, 0x004E($sp)           
/* 0075C 809F287C 24020002 */  addiu   $v0, $zero, 0x0002         ## $v0 = 00000002
/* 00760 809F2880 26441CA0 */  addiu   $a0, $s2, 0x1CA0           ## $a0 = 00001CA0
/* 00764 809F2884 256C0050 */  addiu   $t4, $t3, 0x0050           ## $t4 = 00000050
/* 00768 809F2888 000C6C00 */  sll     $t5, $t4, 16               
/* 0076C 809F288C 000D7403 */  sra     $t6, $t5, 16               
/* 00770 809F2890 01C5082A */  slt     $at, $t6, $a1              
/* 00774 809F2894 102000A2 */  beq     $at, $zero, .L809F2B20     
/* 00778 809F2898 3C014348 */  lui     $at, 0x4348                ## $at = 43480000
/* 0077C 809F289C 44817000 */  mtc1    $at, $f14                  ## $f14 = 200.00
/* 00780 809F28A0 3C014190 */  lui     $at, 0x4190                ## $at = 41900000
/* 00784 809F28A4 44818000 */  mtc1    $at, $f16                  ## $f16 = 18.00
/* 00788 809F28A8 3C01437F */  lui     $at, 0x437F                ## $at = 437F0000
/* 0078C 809F28AC 44819000 */  mtc1    $at, $f18                  ## $f18 = 255.00
/* 00790 809F28B0 3C013F80 */  lui     $at, 0x3F80                ## $at = 3F800000
/* 00794 809F28B4 44812000 */  mtc1    $at, $f4                   ## $f4 = 1.00
/* 00798 809F28B8 C6260024 */  lwc1    $f6, 0x0024($s1)           ## 00000024
/* 0079C 809F28BC A22201C9 */  sb      $v0, 0x01C9($s1)           ## 000001C9
/* 007A0 809F28C0 A62001CA */  sh      $zero, 0x01CA($s1)         ## 000001CA
/* 007A4 809F28C4 E62201B4 */  swc1    $f2, 0x01B4($s1)           ## 000001B4
/* 007A8 809F28C8 E62201B0 */  swc1    $f2, 0x01B0($s1)           ## 000001B0
/* 007AC 809F28CC A2220144 */  sb      $v0, 0x0144($s1)           ## 00000144
/* 007B0 809F28D0 E62201A4 */  swc1    $f2, 0x01A4($s1)           ## 000001A4
/* 007B4 809F28D4 E62201A0 */  swc1    $f2, 0x01A0($s1)           ## 000001A0
/* 007B8 809F28D8 E63001DC */  swc1    $f16, 0x01DC($s1)          ## 000001DC
/* 007BC 809F28DC E63201E0 */  swc1    $f18, 0x01E0($s1)          ## 000001E0
/* 007C0 809F28E0 E624019C */  swc1    $f4, 0x019C($s1)           ## 0000019C
/* 007C4 809F28E4 E7A60010 */  swc1    $f6, 0x0010($sp)           
/* 007C8 809F28E8 C6280028 */  lwc1    $f8, 0x0028($s1)           ## 00000028
/* 007CC 809F28EC 3C01432A */  lui     $at, 0x432A                ## $at = 432A0000
/* 007D0 809F28F0 44819000 */  mtc1    $at, $f18                  ## $f18 = 170.00
/* 007D4 809F28F4 460E4281 */  sub.s   $f10, $f8, $f14            
/* 007D8 809F28F8 24180001 */  addiu   $t8, $zero, 0x0001         ## $t8 = 00000001
/* 007DC 809F28FC 02202825 */  or      $a1, $s1, $zero            ## $a1 = 00000000
/* 007E0 809F2900 02403025 */  or      $a2, $s2, $zero            ## $a2 = 00000000
/* 007E4 809F2904 E7AA0014 */  swc1    $f10, 0x0014($sp)          
/* 007E8 809F2908 C630002C */  lwc1    $f16, 0x002C($s1)          ## 0000002C
/* 007EC 809F290C AFB80028 */  sw      $t8, 0x0028($sp)           
/* 007F0 809F2910 AFA00024 */  sw      $zero, 0x0024($sp)         
/* 007F4 809F2914 46128101 */  sub.s   $f4, $f16, $f18            
/* 007F8 809F2918 AFA00020 */  sw      $zero, 0x0020($sp)         
/* 007FC 809F291C AFAF001C */  sw      $t7, 0x001C($sp)           
/* 00800 809F2920 0C02EC30 */  jal     func_800BB0C0              
/* 00804 809F2924 E7A40018 */  swc1    $f4, 0x0018($sp)           
/* 00808 809F2928 8639001C */  lh      $t9, 0x001C($s1)           ## 0000001C
/* 0080C 809F292C 3C014348 */  lui     $at, 0x4348                ## $at = 43480000
/* 00810 809F2930 44817000 */  mtc1    $at, $f14                  ## $f14 = 200.00
/* 00814 809F2934 57200006 */  bnel    $t9, $zero, .L809F2950     
/* 00818 809F2938 C6200024 */  lwc1    $f0, 0x0024($s1)           ## 00000024
/* 0081C 809F293C C6200024 */  lwc1    $f0, 0x0024($s1)           ## 00000024
/* 00820 809F2940 460E0181 */  sub.s   $f6, $f0, $f14             
/* 00824 809F2944 10000004 */  beq     $zero, $zero, .L809F2958   
/* 00828 809F2948 E6260A04 */  swc1    $f6, 0x0A04($s1)           ## 00000A04
/* 0082C 809F294C C6200024 */  lwc1    $f0, 0x0024($s1)           ## 00000024
.L809F2950:
/* 00830 809F2950 460E0200 */  add.s   $f8, $f0, $f14             
/* 00834 809F2954 E6280A04 */  swc1    $f8, 0x0A04($s1)           ## 00000A04
.L809F2958:
/* 00838 809F2958 C6220028 */  lwc1    $f2, 0x0028($s1)           ## 00000028
/* 0083C 809F295C 3C0142C8 */  lui     $at, 0x42C8                ## $at = 42C80000
/* 00840 809F2960 44818000 */  mtc1    $at, $f16                  ## $f16 = 100.00
/* 00844 809F2964 460E1281 */  sub.s   $f10, $f2, $f14            
/* 00848 809F2968 3C0142A0 */  lui     $at, 0x42A0                ## $at = 42A00000
/* 0084C 809F296C C62C002C */  lwc1    $f12, 0x002C($s1)          ## 0000002C
/* 00850 809F2970 44813000 */  mtc1    $at, $f6                   ## $f6 = 80.00
/* 00854 809F2974 46105480 */  add.s   $f18, $f10, $f16           
/* 00858 809F2978 E6200A10 */  swc1    $f0, 0x0A10($s1)           ## 00000A10
/* 0085C 809F297C E62C0A18 */  swc1    $f12, 0x0A18($s1)          ## 00000A18
/* 00860 809F2980 460E6101 */  sub.s   $f4, $f12, $f14            
/* 00864 809F2984 E6320A08 */  swc1    $f18, 0x0A08($s1)          ## 00000A08
/* 00868 809F2988 46061200 */  add.s   $f8, $f2, $f6              
/* 0086C 809F298C E6240A0C */  swc1    $f4, 0x0A0C($s1)           ## 00000A0C
/* 00870 809F2990 10000063 */  beq     $zero, $zero, .L809F2B20   
/* 00874 809F2994 E6280A14 */  swc1    $f8, 0x0A14($s1)           ## 00000A14
.L809F2998:
/* 00878 809F2998 3C014270 */  lui     $at, 0x4270                ## $at = 42700000
/* 0087C 809F299C 44815000 */  mtc1    $at, $f10                  ## $f10 = 60.00
/* 00880 809F29A0 3C014352 */  lui     $at, 0x4352                ## $at = 43520000
/* 00884 809F29A4 44819000 */  mtc1    $at, $f18                  ## $f18 = 210.00
/* 00888 809F29A8 C6220028 */  lwc1    $f2, 0x0028($s1)           ## 00000028
/* 0088C 809F29AC 3C0142A0 */  lui     $at, 0x42A0                ## $at = 42A00000
/* 00890 809F29B0 C62C002C */  lwc1    $f12, 0x002C($s1)          ## 0000002C
/* 00894 809F29B4 44813000 */  mtc1    $at, $f6                   ## $f6 = 80.00
/* 00898 809F29B8 460A1400 */  add.s   $f16, $f2, $f10            
/* 0089C 809F29BC C6200024 */  lwc1    $f0, 0x0024($s1)           ## 00000024
/* 008A0 809F29C0 E62C0A18 */  swc1    $f12, 0x0A18($s1)          ## 00000A18
/* 008A4 809F29C4 46126101 */  sub.s   $f4, $f12, $f18            
/* 008A8 809F29C8 E6300A08 */  swc1    $f16, 0x0A08($s1)          ## 00000A08
/* 008AC 809F29CC E6200A04 */  swc1    $f0, 0x0A04($s1)           ## 00000A04
/* 008B0 809F29D0 46061200 */  add.s   $f8, $f2, $f6              
/* 008B4 809F29D4 E6240A0C */  swc1    $f4, 0x0A0C($s1)           ## 00000A0C
/* 008B8 809F29D8 E6200A10 */  swc1    $f0, 0x0A10($s1)           ## 00000A10
/* 008BC 809F29DC 10000050 */  beq     $zero, $zero, .L809F2B20   
/* 008C0 809F29E0 E6280A14 */  swc1    $f8, 0x0A14($s1)           ## 00000A14
/* 008C4 809F29E4 862901CA */  lh      $t1, 0x01CA($s1)           ## 000001CA
.L809F29E8:
/* 008C8 809F29E8 8E300124 */  lw      $s0, 0x0124($s1)           ## 00000124
/* 008CC 809F29EC 54690011 */  bnel    $v1, $t1, .L809F2A34       
/* 008D0 809F29F0 C62A0A1C */  lwc1    $f10, 0x0A1C($s1)          ## 00000A1C
/* 008D4 809F29F4 C62A0A10 */  lwc1    $f10, 0x0A10($s1)          ## 00000A10
/* 008D8 809F29F8 C6100024 */  lwc1    $f16, 0x0024($s0)          ## 00000024
/* 008DC 809F29FC C6320A14 */  lwc1    $f18, 0x0A14($s1)          ## 00000A14
/* 008E0 809F2A00 C6260A18 */  lwc1    $f6, 0x0A18($s1)           ## 00000A18
/* 008E4 809F2A04 46105001 */  sub.s   $f0, $f10, $f16            
/* 008E8 809F2A08 46000005 */  abs.s   $f0, $f0                   
/* 008EC 809F2A0C E6200A1C */  swc1    $f0, 0x0A1C($s1)           ## 00000A1C
/* 008F0 809F2A10 C6040028 */  lwc1    $f4, 0x0028($s0)           ## 00000028
/* 008F4 809F2A14 46049001 */  sub.s   $f0, $f18, $f4             
/* 008F8 809F2A18 46000005 */  abs.s   $f0, $f0                   
/* 008FC 809F2A1C E6200A20 */  swc1    $f0, 0x0A20($s1)           ## 00000A20
/* 00900 809F2A20 C608002C */  lwc1    $f8, 0x002C($s0)           ## 0000002C
/* 00904 809F2A24 46083001 */  sub.s   $f0, $f6, $f8              
/* 00908 809F2A28 46000005 */  abs.s   $f0, $f0                   
/* 0090C 809F2A2C E6200A24 */  swc1    $f0, 0x0A24($s1)           ## 00000A24
/* 00910 809F2A30 C62A0A1C */  lwc1    $f10, 0x0A1C($s1)          ## 00000A1C
.L809F2A34:
/* 00914 809F2A34 C6300A28 */  lwc1    $f16, 0x0A28($s1)          ## 00000A28
/* 00918 809F2A38 3C063E19 */  lui     $a2, 0x3E19                ## $a2 = 3E190000
/* 0091C 809F2A3C 34C6999A */  ori     $a2, $a2, 0x999A           ## $a2 = 3E19999A
/* 00920 809F2A40 46105482 */  mul.s   $f18, $f10, $f16           
/* 00924 809F2A44 26240A10 */  addiu   $a0, $s1, 0x0A10           ## $a0 = 00000A10
/* 00928 809F2A48 8E050024 */  lw      $a1, 0x0024($s0)           ## 00000024
/* 0092C 809F2A4C 44079000 */  mfc1    $a3, $f18                  
/* 00930 809F2A50 0C03FF7E */  jal     func_800FFDF8              
/* 00934 809F2A54 00000000 */  nop
/* 00938 809F2A58 C6240A20 */  lwc1    $f4, 0x0A20($s1)           ## 00000A20
/* 0093C 809F2A5C C6260A28 */  lwc1    $f6, 0x0A28($s1)           ## 00000A28
/* 00940 809F2A60 3C063E19 */  lui     $a2, 0x3E19                ## $a2 = 3E190000
/* 00944 809F2A64 34C6999A */  ori     $a2, $a2, 0x999A           ## $a2 = 3E19999A
/* 00948 809F2A68 46062202 */  mul.s   $f8, $f4, $f6              
/* 0094C 809F2A6C 26240A14 */  addiu   $a0, $s1, 0x0A14           ## $a0 = 00000A14
/* 00950 809F2A70 8E050028 */  lw      $a1, 0x0028($s0)           ## 00000028
/* 00954 809F2A74 44074000 */  mfc1    $a3, $f8                   
/* 00958 809F2A78 0C03FF7E */  jal     func_800FFDF8              
/* 0095C 809F2A7C 00000000 */  nop
/* 00960 809F2A80 C62A0A24 */  lwc1    $f10, 0x0A24($s1)          ## 00000A24
/* 00964 809F2A84 C6300A28 */  lwc1    $f16, 0x0A28($s1)          ## 00000A28
/* 00968 809F2A88 3C063E19 */  lui     $a2, 0x3E19                ## $a2 = 3E190000
/* 0096C 809F2A8C 34C6999A */  ori     $a2, $a2, 0x999A           ## $a2 = 3E19999A
/* 00970 809F2A90 46105482 */  mul.s   $f18, $f10, $f16           
/* 00974 809F2A94 26240A18 */  addiu   $a0, $s1, 0x0A18           ## $a0 = 00000A18
/* 00978 809F2A98 8E05002C */  lw      $a1, 0x002C($s0)           ## 0000002C
/* 0097C 809F2A9C 44079000 */  mfc1    $a3, $f18                  
/* 00980 809F2AA0 0C03FF7E */  jal     func_800FFDF8              
/* 00984 809F2AA4 00000000 */  nop
/* 00988 809F2AA8 3C013F80 */  lui     $at, 0x3F80                ## $at = 3F800000
/* 0098C 809F2AAC 44810000 */  mtc1    $at, $f0                   ## $f0 = 1.00
/* 00990 809F2AB0 3C073A83 */  lui     $a3, 0x3A83                ## $a3 = 3A830000
/* 00994 809F2AB4 34E7126F */  ori     $a3, $a3, 0x126F           ## $a3 = 3A83126F
/* 00998 809F2AB8 44050000 */  mfc1    $a1, $f0                   
/* 0099C 809F2ABC 44060000 */  mfc1    $a2, $f0                   
/* 009A0 809F2AC0 0C03FF7E */  jal     func_800FFDF8              
/* 009A4 809F2AC4 26240A28 */  addiu   $a0, $s1, 0x0A28           ## $a0 = 00000A28
/* 009A8 809F2AC8 862801CA */  lh      $t0, 0x01CA($s1)           ## 000001CA
/* 009AC 809F2ACC 02202025 */  or      $a0, $s1, $zero            ## $a0 = 00000000
/* 009B0 809F2AD0 29010051 */  slti    $at, $t0, 0x0051           
/* 009B4 809F2AD4 54200013 */  bnel    $at, $zero, .L809F2B24     
/* 009B8 809F2AD8 862B0A00 */  lh      $t3, 0x0A00($s1)           ## 00000A00
/* 009BC 809F2ADC 0C27CBB4 */  jal     func_809F2ED0              
/* 009C0 809F2AE0 02402825 */  or      $a1, $s2, $zero            ## $a1 = 00000000
/* 009C4 809F2AE4 02402025 */  or      $a0, $s2, $zero            ## $a0 = 00000000
/* 009C8 809F2AE8 86250A00 */  lh      $a1, 0x0A00($s1)           ## 00000A00
/* 009CC 809F2AEC 0C05A6BF */  jal     func_80169AFC              
/* 009D0 809F2AF0 00003025 */  or      $a2, $zero, $zero          ## $a2 = 00000000
/* 009D4 809F2AF4 A6200A00 */  sh      $zero, 0x0A00($s1)         ## 00000A00
/* 009D8 809F2AF8 02402025 */  or      $a0, $s2, $zero            ## $a0 = 00000000
/* 009DC 809F2AFC 0C03A83B */  jal     func_800EA0EC              
/* 009E0 809F2B00 26451F24 */  addiu   $a1, $s2, 0x1F24           ## $a1 = 00001F24
/* 009E4 809F2B04 02402025 */  or      $a0, $s2, $zero            ## $a0 = 00000000
/* 009E8 809F2B08 02202825 */  or      $a1, $s1, $zero            ## $a1 = 00000000
/* 009EC 809F2B0C 0C02DCA6 */  jal     func_800B7298              
/* 009F0 809F2B10 24060006 */  addiu   $a2, $zero, 0x0006         ## $a2 = 00000006
/* 009F4 809F2B14 3C0A809F */  lui     $t2, %hi(D_809F4970)       ## $t2 = 809F0000
/* 009F8 809F2B18 8D4A4970 */  lw      $t2, %lo(D_809F4970)($t2)  
/* 009FC 809F2B1C A1400151 */  sb      $zero, 0x0151($t2)         ## 809F0151
.L809F2B20:
/* 00A00 809F2B20 862B0A00 */  lh      $t3, 0x0A00($s1)           ## 00000A00
.L809F2B24:
/* 00A04 809F2B24 2404001B */  addiu   $a0, $zero, 0x001B         ## $a0 = 0000001B
/* 00A08 809F2B28 51600009 */  beql    $t3, $zero, .L809F2B50     
/* 00A0C 809F2B2C 8FBF0044 */  lw      $ra, 0x0044($sp)           
/* 00A10 809F2B30 0C058300 */  jal     func_80160C00              
/* 00A14 809F2B34 26300A10 */  addiu   $s0, $s1, 0x0A10           ## $s0 = 00000A10
/* 00A18 809F2B38 02402025 */  or      $a0, $s2, $zero            ## $a0 = 00000000
/* 00A1C 809F2B3C 86250A00 */  lh      $a1, 0x0A00($s1)           ## 00000A00
/* 00A20 809F2B40 02003025 */  or      $a2, $s0, $zero            ## $a2 = 00000A10
/* 00A24 809F2B44 0C05A5C3 */  jal     func_8016970C              
/* 00A28 809F2B48 26270A04 */  addiu   $a3, $s1, 0x0A04           ## $a3 = 00000A04
/* 00A2C 809F2B4C 8FBF0044 */  lw      $ra, 0x0044($sp)           
.L809F2B50:
/* 00A30 809F2B50 8FB00038 */  lw      $s0, 0x0038($sp)           
/* 00A34 809F2B54 8FB1003C */  lw      $s1, 0x003C($sp)           
/* 00A38 809F2B58 8FB20040 */  lw      $s2, 0x0040($sp)           
/* 00A3C 809F2B5C 03E00008 */  jr      $ra                        
/* 00A40 809F2B60 27BD0050 */  addiu   $sp, $sp, 0x0050           ## $sp = 00000000


glabel func_809F2B64
/* 00A44 809F2B64 27BDFFC8 */  addiu   $sp, $sp, 0xFFC8           ## $sp = FFFFFFC8
/* 00A48 809F2B68 00A03025 */  or      $a2, $a1, $zero            ## $a2 = 00000000
/* 00A4C 809F2B6C 00802825 */  or      $a1, $a0, $zero            ## $a1 = 00000000
/* 00A50 809F2B70 AFBF0034 */  sw      $ra, 0x0034($sp)           
/* 00A54 809F2B74 AFA40038 */  sw      $a0, 0x0038($sp)           
/* 00A58 809F2B78 3C0142DC */  lui     $at, 0x42DC                ## $at = 42DC0000
/* 00A5C 809F2B7C 44812000 */  mtc1    $at, $f4                   ## $f4 = 110.00
/* 00A60 809F2B80 3C014348 */  lui     $at, 0x4348                ## $at = 43480000
/* 00A64 809F2B84 44813000 */  mtc1    $at, $f6                   ## $f6 = 200.00
/* 00A68 809F2B88 3C014170 */  lui     $at, 0x4170                ## $at = 41700000
/* 00A6C 809F2B8C 44814000 */  mtc1    $at, $f8                   ## $f8 = 15.00
/* 00A70 809F2B90 3C0141F0 */  lui     $at, 0x41F0                ## $at = 41F00000
/* 00A74 809F2B94 44815000 */  mtc1    $at, $f10                  ## $f10 = 30.00
/* 00A78 809F2B98 3C013F80 */  lui     $at, 0x3F80                ## $at = 3F800000
/* 00A7C 809F2B9C 44808000 */  mtc1    $zero, $f16                ## $f16 = 0.00
/* 00A80 809F2BA0 44819000 */  mtc1    $at, $f18                  ## $f18 = 1.00
/* 00A84 809F2BA4 E4A401A8 */  swc1    $f4, 0x01A8($a1)           ## 000001A8
/* 00A88 809F2BA8 C4A40024 */  lwc1    $f4, 0x0024($a1)           ## 00000024
/* 00A8C 809F2BAC 3C0E809F */  lui     $t6, %hi(func_809F2C44)    ## $t6 = 809F0000
/* 00A90 809F2BB0 25CE2C44 */  addiu   $t6, $t6, %lo(func_809F2C44) ## $t6 = 809F2C44
/* 00A94 809F2BB4 240F0003 */  addiu   $t7, $zero, 0x0003         ## $t7 = 00000003
/* 00A98 809F2BB8 ACAE0198 */  sw      $t6, 0x0198($a1)           ## 00000198
/* 00A9C 809F2BBC A0AF0144 */  sb      $t7, 0x0144($a1)           ## 00000144
/* 00AA0 809F2BC0 E4A601E0 */  swc1    $f6, 0x01E0($a1)           ## 000001E0
/* 00AA4 809F2BC4 E4A801DC */  swc1    $f8, 0x01DC($a1)           ## 000001DC
/* 00AA8 809F2BC8 E4AA01E4 */  swc1    $f10, 0x01E4($a1)          ## 000001E4
/* 00AAC 809F2BCC E4B001AC */  swc1    $f16, 0x01AC($a1)          ## 000001AC
/* 00AB0 809F2BD0 E4B2019C */  swc1    $f18, 0x019C($a1)          ## 0000019C
/* 00AB4 809F2BD4 3C014348 */  lui     $at, 0x4348                ## $at = 43480000
/* 00AB8 809F2BD8 E7A40010 */  swc1    $f4, 0x0010($sp)           
/* 00ABC 809F2BDC C4A60028 */  lwc1    $f6, 0x0028($a1)           ## 00000028
/* 00AC0 809F2BE0 44814000 */  mtc1    $at, $f8                   ## $f8 = 200.00
/* 00AC4 809F2BE4 3C01432A */  lui     $at, 0x432A                ## $at = 432A0000
/* 00AC8 809F2BE8 44819000 */  mtc1    $at, $f18                  ## $f18 = 170.00
/* 00ACC 809F2BEC 46083281 */  sub.s   $f10, $f6, $f8             
/* 00AD0 809F2BF0 2418000F */  addiu   $t8, $zero, 0x000F         ## $t8 = 0000000F
/* 00AD4 809F2BF4 24190001 */  addiu   $t9, $zero, 0x0001         ## $t9 = 00000001
/* 00AD8 809F2BF8 24C41CA0 */  addiu   $a0, $a2, 0x1CA0           ## $a0 = 00001CA0
/* 00ADC 809F2BFC E7AA0014 */  swc1    $f10, 0x0014($sp)          
/* 00AE0 809F2C00 C4B0002C */  lwc1    $f16, 0x002C($a1)          ## 0000002C
/* 00AE4 809F2C04 AFB90028 */  sw      $t9, 0x0028($sp)           
/* 00AE8 809F2C08 AFA00024 */  sw      $zero, 0x0024($sp)         
/* 00AEC 809F2C0C 46128101 */  sub.s   $f4, $f16, $f18            
/* 00AF0 809F2C10 AFA00020 */  sw      $zero, 0x0020($sp)         
/* 00AF4 809F2C14 AFB8001C */  sw      $t8, 0x001C($sp)           
/* 00AF8 809F2C18 240701D0 */  addiu   $a3, $zero, 0x01D0         ## $a3 = 000001D0
/* 00AFC 809F2C1C 0C02EC30 */  jal     func_800BB0C0              
/* 00B00 809F2C20 E7A40018 */  swc1    $f4, 0x0018($sp)           
/* 00B04 809F2C24 3C02809F */  lui     $v0, %hi(D_809F4970)       ## $v0 = 809F0000
/* 00B08 809F2C28 8C424970 */  lw      $v0, %lo(D_809F4970)($v0)  
/* 00B0C 809F2C2C 90480154 */  lbu     $t0, 0x0154($v0)           ## 809F0154
/* 00B10 809F2C30 25090001 */  addiu   $t1, $t0, 0x0001           ## $t1 = 00000001
/* 00B14 809F2C34 A0490154 */  sb      $t1, 0x0154($v0)           ## 809F0154
/* 00B18 809F2C38 8FBF0034 */  lw      $ra, 0x0034($sp)           
/* 00B1C 809F2C3C 03E00008 */  jr      $ra                        
/* 00B20 809F2C40 27BD0038 */  addiu   $sp, $sp, 0x0038           ## $sp = 00000000


glabel func_809F2C44
/* 00B24 809F2C44 27BDFFD8 */  addiu   $sp, $sp, 0xFFD8           ## $sp = FFFFFFD8
/* 00B28 809F2C48 AFB00020 */  sw      $s0, 0x0020($sp)           
/* 00B2C 809F2C4C 00808025 */  or      $s0, $a0, $zero            ## $s0 = 00000000
/* 00B30 809F2C50 AFBF0024 */  sw      $ra, 0x0024($sp)           
/* 00B34 809F2C54 F7B40018 */  sdc1    $f20, 0x0018($sp)          
/* 00B38 809F2C58 AFA5002C */  sw      $a1, 0x002C($sp)           
/* 00B3C 809F2C5C 3C0E809F */  lui     $t6, %hi(D_809F4970)       ## $t6 = 809F0000
/* 00B40 809F2C60 8DCE4970 */  lw      $t6, %lo(D_809F4970)($t6)  
/* 00B44 809F2C64 3C01809F */  lui     $at, %hi(D_809F4130)       ## $at = 809F0000
/* 00B48 809F2C68 91CF0153 */  lbu     $t7, 0x0153($t6)           ## 809F0153
/* 00B4C 809F2C6C 11E00058 */  beq     $t7, $zero, .L809F2DD0     
/* 00B50 809F2C70 00000000 */  nop
/* 00B54 809F2C74 C4204130 */  lwc1    $f0, %lo(D_809F4130)($at)  
/* 00B58 809F2C78 3C01809F */  lui     $at, %hi(D_809F4134)       ## $at = 809F0000
/* 00B5C 809F2C7C C4344134 */  lwc1    $f20, %lo(D_809F4134)($at) 
/* 00B60 809F2C80 3C0141F0 */  lui     $at, 0x41F0                ## $at = 41F00000
/* 00B64 809F2C84 44812000 */  mtc1    $at, $f4                   ## $f4 = 30.00
/* 00B68 809F2C88 4406A000 */  mfc1    $a2, $f20                  
/* 00B6C 809F2C8C 260401E4 */  addiu   $a0, $s0, 0x01E4           ## $a0 = 000001E4
/* 00B70 809F2C90 46040182 */  mul.s   $f6, $f0, $f4              
/* 00B74 809F2C94 24050000 */  addiu   $a1, $zero, 0x0000         ## $a1 = 00000000
/* 00B78 809F2C98 E6000A28 */  swc1    $f0, 0x0A28($s0)           ## 00000A28
/* 00B7C 809F2C9C 44073000 */  mfc1    $a3, $f6                   
/* 00B80 809F2CA0 0C03FF7E */  jal     func_800FFDF8              
/* 00B84 809F2CA4 00000000 */  nop
/* 00B88 809F2CA8 3C01428C */  lui     $at, 0x428C                ## $at = 428C0000
/* 00B8C 809F2CAC 44815000 */  mtc1    $at, $f10                  ## $f10 = 70.00
/* 00B90 809F2CB0 C6080A28 */  lwc1    $f8, 0x0A28($s0)           ## 00000A28
/* 00B94 809F2CB4 4406A000 */  mfc1    $a2, $f20                  
/* 00B98 809F2CB8 260401AC */  addiu   $a0, $s0, 0x01AC           ## $a0 = 000001AC
/* 00B9C 809F2CBC 460A4402 */  mul.s   $f16, $f8, $f10            
/* 00BA0 809F2CC0 3C05C28C */  lui     $a1, 0xC28C                ## $a1 = C28C0000
/* 00BA4 809F2CC4 44078000 */  mfc1    $a3, $f16                  
/* 00BA8 809F2CC8 0C03FF7E */  jal     func_800FFDF8              
/* 00BAC 809F2CCC 00000000 */  nop
/* 00BB0 809F2CD0 3C0142DC */  lui     $at, 0x42DC                ## $at = 42DC0000
/* 00BB4 809F2CD4 44812000 */  mtc1    $at, $f4                   ## $f4 = 110.00
/* 00BB8 809F2CD8 C6120A28 */  lwc1    $f18, 0x0A28($s0)          ## 00000A28
/* 00BBC 809F2CDC 4406A000 */  mfc1    $a2, $f20                  
/* 00BC0 809F2CE0 260401A8 */  addiu   $a0, $s0, 0x01A8           ## $a0 = 000001A8
/* 00BC4 809F2CE4 46049182 */  mul.s   $f6, $f18, $f4             
/* 00BC8 809F2CE8 24050000 */  addiu   $a1, $zero, 0x0000         ## $a1 = 00000000
/* 00BCC 809F2CEC 44073000 */  mfc1    $a3, $f6                   
/* 00BD0 809F2CF0 0C03FF7E */  jal     func_800FFDF8              
/* 00BD4 809F2CF4 00000000 */  nop
/* 00BD8 809F2CF8 3C014461 */  lui     $at, 0x4461                ## $at = 44610000
/* 00BDC 809F2CFC 44815000 */  mtc1    $at, $f10                  ## $f10 = 900.00
/* 00BE0 809F2D00 C6080A28 */  lwc1    $f8, 0x0A28($s0)           ## 00000A28
/* 00BE4 809F2D04 4406A000 */  mfc1    $a2, $f20                  
/* 00BE8 809F2D08 260401A0 */  addiu   $a0, $s0, 0x01A0           ## $a0 = 000001A0
/* 00BEC 809F2D0C 460A4402 */  mul.s   $f16, $f8, $f10            
/* 00BF0 809F2D10 3C05C461 */  lui     $a1, 0xC461                ## $a1 = C4610000
/* 00BF4 809F2D14 44078000 */  mfc1    $a3, $f16                  
/* 00BF8 809F2D18 0C03FF7E */  jal     func_800FFDF8              
/* 00BFC 809F2D1C 00000000 */  nop
/* 00C00 809F2D20 3C01809F */  lui     $at, %hi(D_809F4138)       ## $at = 809F0000
/* 00C04 809F2D24 C4204138 */  lwc1    $f0, %lo(D_809F4138)($at)  
/* 00C08 809F2D28 C6120A28 */  lwc1    $f18, 0x0A28($s0)          ## 00000A28
/* 00C0C 809F2D2C 4406A000 */  mfc1    $a2, $f20                  
/* 00C10 809F2D30 44050000 */  mfc1    $a1, $f0                   
/* 00C14 809F2D34 46009102 */  mul.s   $f4, $f18, $f0             
/* 00C18 809F2D38 260401A4 */  addiu   $a0, $s0, 0x01A4           ## $a0 = 000001A4
/* 00C1C 809F2D3C 44072000 */  mfc1    $a3, $f4                   
/* 00C20 809F2D40 0C03FF7E */  jal     func_800FFDF8              
/* 00C24 809F2D44 00000000 */  nop
/* 00C28 809F2D48 3C0142C8 */  lui     $at, 0x42C8                ## $at = 42C80000
/* 00C2C 809F2D4C 44810000 */  mtc1    $at, $f0                   ## $f0 = 100.00
/* 00C30 809F2D50 C6060A28 */  lwc1    $f6, 0x0A28($s0)           ## 00000A28
/* 00C34 809F2D54 4406A000 */  mfc1    $a2, $f20                  
/* 00C38 809F2D58 44050000 */  mfc1    $a1, $f0                   
/* 00C3C 809F2D5C 46003202 */  mul.s   $f8, $f6, $f0              
/* 00C40 809F2D60 260401E0 */  addiu   $a0, $s0, 0x01E0           ## $a0 = 000001E0
/* 00C44 809F2D64 44074000 */  mfc1    $a3, $f8                   
/* 00C48 809F2D68 0C03FF7E */  jal     func_800FFDF8              
/* 00C4C 809F2D6C 00000000 */  nop
/* 00C50 809F2D70 3C0140A0 */  lui     $at, 0x40A0                ## $at = 40A00000
/* 00C54 809F2D74 44815000 */  mtc1    $at, $f10                  ## $f10 = 5.00
/* 00C58 809F2D78 C60001E4 */  lwc1    $f0, 0x01E4($s0)           ## 000001E4
/* 00C5C 809F2D7C 2604019C */  addiu   $a0, $s0, 0x019C           ## $a0 = 0000019C
/* 00C60 809F2D80 24050000 */  addiu   $a1, $zero, 0x0000         ## $a1 = 00000000
/* 00C64 809F2D84 460A003C */  c.lt.s  $f0, $f10                  
/* 00C68 809F2D88 3C063F80 */  lui     $a2, 0x3F80                ## $a2 = 3F800000
/* 00C6C 809F2D8C 3C073CF5 */  lui     $a3, 0x3CF5                ## $a3 = 3CF50000
/* 00C70 809F2D90 45000004 */  bc1f    .L809F2DA4                 
/* 00C74 809F2D94 00000000 */  nop
/* 00C78 809F2D98 0C03FF7E */  jal     func_800FFDF8              
/* 00C7C 809F2D9C 34E7C28F */  ori     $a3, $a3, 0xC28F           ## $a3 = 3CF5C28F
/* 00C80 809F2DA0 C60001E4 */  lwc1    $f0, 0x01E4($s0)           ## 000001E4
.L809F2DA4:
/* 00C84 809F2DA4 3C01809F */  lui     $at, %hi(D_809F413C)       ## $at = 809F0000
/* 00C88 809F2DA8 C430413C */  lwc1    $f16, %lo(D_809F413C)($at) 
/* 00C8C 809F2DAC 4600803C */  c.lt.s  $f16, $f0                  
/* 00C90 809F2DB0 00000000 */  nop
/* 00C94 809F2DB4 45000006 */  bc1f    .L809F2DD0                 
/* 00C98 809F2DB8 00000000 */  nop
/* 00C9C 809F2DBC 8618001C */  lh      $t8, 0x001C($s0)           ## 0000001C
/* 00CA0 809F2DC0 17000003 */  bne     $t8, $zero, .L809F2DD0     
/* 00CA4 809F2DC4 00000000 */  nop
/* 00CA8 809F2DC8 0C067C32 */  jal     func_8019F0C8              
/* 00CAC 809F2DCC 2404218D */  addiu   $a0, $zero, 0x218D         ## $a0 = 0000218D
.L809F2DD0:
/* 00CB0 809F2DD0 3C19809F */  lui     $t9, %hi(D_809F4970)       ## $t9 = 809F0000
/* 00CB4 809F2DD4 8F394970 */  lw      $t9, %lo(D_809F4970)($t9)  
/* 00CB8 809F2DD8 24010002 */  addiu   $at, $zero, 0x0002         ## $at = 00000002
/* 00CBC 809F2DDC 93280153 */  lbu     $t0, 0x0153($t9)           ## 809F0153
/* 00CC0 809F2DE0 55010008 */  bnel    $t0, $at, .L809F2E04       
/* 00CC4 809F2DE4 8FBF0024 */  lw      $ra, 0x0024($sp)           
/* 00CC8 809F2DE8 0C02D9C3 */  jal     func_800B670C              
/* 00CCC 809F2DEC 8E040124 */  lw      $a0, 0x0124($s0)           ## 00000124
/* 00CD0 809F2DF0 AE000124 */  sw      $zero, 0x0124($s0)         ## 00000124
/* 00CD4 809F2DF4 8FA5002C */  lw      $a1, 0x002C($sp)           
/* 00CD8 809F2DF8 0C27CB85 */  jal     func_809F2E14              
/* 00CDC 809F2DFC 02002025 */  or      $a0, $s0, $zero            ## $a0 = 00000000
/* 00CE0 809F2E00 8FBF0024 */  lw      $ra, 0x0024($sp)           
.L809F2E04:
/* 00CE4 809F2E04 D7B40018 */  ldc1    $f20, 0x0018($sp)          
/* 00CE8 809F2E08 8FB00020 */  lw      $s0, 0x0020($sp)           
/* 00CEC 809F2E0C 03E00008 */  jr      $ra                        
/* 00CF0 809F2E10 27BD0028 */  addiu   $sp, $sp, 0x0028           ## $sp = 00000000


glabel func_809F2E14
/* 00CF4 809F2E14 AFA50004 */  sw      $a1, 0x0004($sp)           
/* 00CF8 809F2E18 3C0E809F */  lui     $t6, %hi(func_809F2E34)    ## $t6 = 809F0000
/* 00CFC 809F2E1C 25CE2E34 */  addiu   $t6, $t6, %lo(func_809F2E34) ## $t6 = 809F2E34
/* 00D00 809F2E20 240F0001 */  addiu   $t7, $zero, 0x0001         ## $t7 = 00000001
/* 00D04 809F2E24 AC8E0198 */  sw      $t6, 0x0198($a0)           ## 00000198
/* 00D08 809F2E28 A08F0144 */  sb      $t7, 0x0144($a0)           ## 00000144
/* 00D0C 809F2E2C 03E00008 */  jr      $ra                        
/* 00D10 809F2E30 00000000 */  nop


glabel func_809F2E34
/* 00D14 809F2E34 27BDFFE0 */  addiu   $sp, $sp, 0xFFE0           ## $sp = FFFFFFE0
/* 00D18 809F2E38 AFBF0014 */  sw      $ra, 0x0014($sp)           
/* 00D1C 809F2E3C AFA50024 */  sw      $a1, 0x0024($sp)           
/* 00D20 809F2E40 00803825 */  or      $a3, $a0, $zero            ## $a3 = 00000000
/* 00D24 809F2E44 3C014348 */  lui     $at, 0x4348                ## $at = 43480000
/* 00D28 809F2E48 44812000 */  mtc1    $at, $f4                   ## $f4 = 200.00
/* 00D2C 809F2E4C 3C014170 */  lui     $at, 0x4170                ## $at = 41700000
/* 00D30 809F2E50 44813000 */  mtc1    $at, $f6                   ## $f6 = 15.00
/* 00D34 809F2E54 E4E401E0 */  swc1    $f4, 0x01E0($a3)           ## 000001E0
/* 00D38 809F2E58 00E02025 */  or      $a0, $a3, $zero            ## $a0 = 00000000
/* 00D3C 809F2E5C E4E601DC */  swc1    $f6, 0x01DC($a3)           ## 000001DC
/* 00D40 809F2E60 0C27C8F3 */  jal     func_809F23CC              
/* 00D44 809F2E64 AFA70020 */  sw      $a3, 0x0020($sp)           
/* 00D48 809F2E68 8FA40020 */  lw      $a0, 0x0020($sp)           
/* 00D4C 809F2E6C 2486014C */  addiu   $a2, $a0, 0x014C           ## $a2 = 0000014C
/* 00D50 809F2E70 00C02825 */  or      $a1, $a2, $zero            ## $a1 = 0000014C
/* 00D54 809F2E74 0C039F7E */  jal     func_800E7DF8              
/* 00D58 809F2E78 AFA6001C */  sw      $a2, 0x001C($sp)           
/* 00D5C 809F2E7C 8FA70020 */  lw      $a3, 0x0020($sp)           
/* 00D60 809F2E80 3C014248 */  lui     $at, 0x4248                ## $at = 42480000
/* 00D64 809F2E84 44815000 */  mtc1    $at, $f10                  ## $f10 = 50.00
/* 00D68 809F2E88 C4E8002C */  lwc1    $f8, 0x002C($a3)           ## 0000002C
/* 00D6C 809F2E8C 3C0142C8 */  lui     $at, 0x42C8                ## $at = 42C80000
/* 00D70 809F2E90 44819000 */  mtc1    $at, $f18                  ## $f18 = 100.00
/* 00D74 809F2E94 460A4401 */  sub.s   $f16, $f8, $f10            
/* 00D78 809F2E98 8FA40024 */  lw      $a0, 0x0024($sp)           
/* 00D7C 809F2E9C 3C010001 */  lui     $at, 0x0001                ## $at = 00010000
/* 00D80 809F2EA0 8FA6001C */  lw      $a2, 0x001C($sp)           
/* 00D84 809F2EA4 46128100 */  add.s   $f4, $f16, $f18            
/* 00D88 809F2EA8 34218884 */  ori     $at, $at, 0x8884           ## $at = 00018884
/* 00D8C 809F2EAC 00812821 */  addu    $a1, $a0, $at              
/* 00D90 809F2EB0 4600218D */  trunc.w.s $f6, $f4                   
/* 00D94 809F2EB4 440F3000 */  mfc1    $t7, $f6                   
/* 00D98 809F2EB8 0C0389D0 */  jal     func_800E2740              
/* 00D9C 809F2EBC A4EF0196 */  sh      $t7, 0x0196($a3)           ## 00000196
/* 00DA0 809F2EC0 8FBF0014 */  lw      $ra, 0x0014($sp)           
/* 00DA4 809F2EC4 27BD0020 */  addiu   $sp, $sp, 0x0020           ## $sp = 00000000
/* 00DA8 809F2EC8 03E00008 */  jr      $ra                        
/* 00DAC 809F2ECC 00000000 */  nop


glabel func_809F2ED0
/* 00DB0 809F2ED0 AFA50004 */  sw      $a1, 0x0004($sp)           
/* 00DB4 809F2ED4 3C0E809F */  lui     $t6, %hi(func_809F2EE8)    ## $t6 = 809F0000
/* 00DB8 809F2ED8 25CE2EE8 */  addiu   $t6, $t6, %lo(func_809F2EE8) ## $t6 = 809F2EE8
/* 00DBC 809F2EDC AC8E0198 */  sw      $t6, 0x0198($a0)           ## 00000198
/* 00DC0 809F2EE0 03E00008 */  jr      $ra                        
/* 00DC4 809F2EE4 00000000 */  nop


glabel func_809F2EE8
/* 00DC8 809F2EE8 AFA50004 */  sw      $a1, 0x0004($sp)           
/* 00DCC 809F2EEC 3C0142C8 */  lui     $at, 0x42C8                ## $at = 42C80000
/* 00DD0 809F2EF0 44812000 */  mtc1    $at, $f4                   ## $f4 = 100.00
/* 00DD4 809F2EF4 3C014150 */  lui     $at, 0x4150                ## $at = 41500000
/* 00DD8 809F2EF8 44813000 */  mtc1    $at, $f6                   ## $f6 = 13.00
/* 00DDC 809F2EFC E48401E0 */  swc1    $f4, 0x01E0($a0)           ## 000001E0
/* 00DE0 809F2F00 E48601DC */  swc1    $f6, 0x01DC($a0)           ## 000001DC
/* 00DE4 809F2F04 03E00008 */  jr      $ra                        
/* 00DE8 809F2F08 00000000 */  nop


glabel func_809F2F0C
/* 00DEC 809F2F0C 27BDFF70 */  addiu   $sp, $sp, 0xFF70           ## $sp = FFFFFF70
/* 00DF0 809F2F10 AFB10048 */  sw      $s1, 0x0048($sp)           
/* 00DF4 809F2F14 00808825 */  or      $s1, $a0, $zero            ## $s1 = 00000000
/* 00DF8 809F2F18 AFBF005C */  sw      $ra, 0x005C($sp)           
/* 00DFC 809F2F1C AFB50058 */  sw      $s5, 0x0058($sp)           
/* 00E00 809F2F20 AFB40054 */  sw      $s4, 0x0054($sp)           
/* 00E04 809F2F24 AFB30050 */  sw      $s3, 0x0050($sp)           
/* 00E08 809F2F28 AFB2004C */  sw      $s2, 0x004C($sp)           
/* 00E0C 809F2F2C AFB00044 */  sw      $s0, 0x0044($sp)           
/* 00E10 809F2F30 F7BE0038 */  sdc1    $f30, 0x0038($sp)          
/* 00E14 809F2F34 F7BC0030 */  sdc1    $f28, 0x0030($sp)          
/* 00E18 809F2F38 F7BA0028 */  sdc1    $f26, 0x0028($sp)          
/* 00E1C 809F2F3C F7B80020 */  sdc1    $f24, 0x0020($sp)          
/* 00E20 809F2F40 F7B60018 */  sdc1    $f22, 0x0018($sp)          
/* 00E24 809F2F44 F7B40010 */  sdc1    $f20, 0x0010($sp)          
/* 00E28 809F2F48 8E390198 */  lw      $t9, 0x0198($s1)           ## 00000198
/* 00E2C 809F2F4C 02202025 */  or      $a0, $s1, $zero            ## $a0 = 00000000
/* 00E30 809F2F50 0320F809 */  jalr    $ra, $t9                   
/* 00E34 809F2F54 00000000 */  nop
/* 00E38 809F2F58 86220146 */  lh      $v0, 0x0146($s1)           ## 00000146
/* 00E3C 809F2F5C 44802000 */  mtc1    $zero, $f4                 ## $f4 = 0.00
/* 00E40 809F2F60 10400002 */  beq     $v0, $zero, .L809F2F6C     
/* 00E44 809F2F64 244EFFFF */  addiu   $t6, $v0, 0xFFFF           ## $t6 = FFFFFFFF
/* 00E48 809F2F68 A62E0146 */  sh      $t6, 0x0146($s1)           ## 00000146
.L809F2F6C:
/* 00E4C 809F2F6C 86220148 */  lh      $v0, 0x0148($s1)           ## 00000148
/* 00E50 809F2F70 10400002 */  beq     $v0, $zero, .L809F2F7C     
/* 00E54 809F2F74 244FFFFF */  addiu   $t7, $v0, 0xFFFF           ## $t7 = FFFFFFFF
/* 00E58 809F2F78 A62F0148 */  sh      $t7, 0x0148($s1)           ## 00000148
.L809F2F7C:
/* 00E5C 809F2F7C C62601E4 */  lwc1    $f6, 0x01E4($s1)           ## 000001E4
/* 00E60 809F2F80 4606203C */  c.lt.s  $f4, $f6                   
/* 00E64 809F2F84 00000000 */  nop
/* 00E68 809F2F88 45020042 */  bc1fl   .L809F3094                 
/* 00E6C 809F2F8C 862A001C */  lh      $t2, 0x001C($s1)           ## 0000001C
/* 00E70 809F2F90 8638001C */  lh      $t8, 0x001C($s1)           ## 0000001C
/* 00E74 809F2F94 24080001 */  addiu   $t0, $zero, 0x0001         ## $t0 = 00000001
/* 00E78 809F2F98 24090001 */  addiu   $t1, $zero, 0x0001         ## $t1 = 00000001
/* 00E7C 809F2F9C 1700001F */  bne     $t8, $zero, .L809F301C     
/* 00E80 809F2FA0 3C01801F */  lui     $at, 0x801F                ## $at = 801F0000
/* 00E84 809F2FA4 3C01801F */  lui     $at, 0x801F                ## $at = 801F0000
/* 00E88 809F2FA8 A0284E32 */  sb      $t0, 0x4E32($at)           ## 801F4E32
/* 00E8C 809F2FAC C62A01B0 */  lwc1    $f10, 0x01B0($s1)          ## 000001B0
/* 00E90 809F2FB0 C6280024 */  lwc1    $f8, 0x0024($s1)           ## 00000024
/* 00E94 809F2FB4 3C01801F */  lui     $at, 0x801F                ## $at = 801F0000
/* 00E98 809F2FB8 460A4400 */  add.s   $f16, $f8, $f10            
/* 00E9C 809F2FBC E4304E38 */  swc1    $f16, 0x4E38($at)          ## 801F4E38
/* 00EA0 809F2FC0 3C0142A0 */  lui     $at, 0x42A0                ## $at = 42A00000
/* 00EA4 809F2FC4 44812000 */  mtc1    $at, $f4                   ## $f4 = 80.00
/* 00EA8 809F2FC8 C6320028 */  lwc1    $f18, 0x0028($s1)          ## 00000028
/* 00EAC 809F2FCC C62801B4 */  lwc1    $f8, 0x01B4($s1)           ## 000001B4
/* 00EB0 809F2FD0 C63001AC */  lwc1    $f16, 0x01AC($s1)          ## 000001AC
/* 00EB4 809F2FD4 46049180 */  add.s   $f6, $f18, $f4             
/* 00EB8 809F2FD8 3C01801F */  lui     $at, 0x801F                ## $at = 801F0000
/* 00EBC 809F2FDC 46083280 */  add.s   $f10, $f6, $f8             
/* 00EC0 809F2FE0 46105480 */  add.s   $f18, $f10, $f16           
/* 00EC4 809F2FE4 E4324E3C */  swc1    $f18, 0x4E3C($at)          ## 801F4E3C
/* 00EC8 809F2FE8 C624002C */  lwc1    $f4, 0x002C($s1)           ## 0000002C
/* 00ECC 809F2FEC 3C01801F */  lui     $at, 0x801F                ## $at = 801F0000
/* 00ED0 809F2FF0 E4244E40 */  swc1    $f4, 0x4E40($at)           ## 801F4E40
/* 00ED4 809F2FF4 C62601E4 */  lwc1    $f6, 0x01E4($s1)           ## 000001E4
/* 00ED8 809F2FF8 3C01801F */  lui     $at, 0x801F                ## $at = 801F0000
/* 00EDC 809F2FFC E4264E44 */  swc1    $f6, 0x4E44($at)           ## 801F4E44
/* 00EE0 809F3000 3C014120 */  lui     $at, 0x4120                ## $at = 41200000
/* 00EE4 809F3004 44814000 */  mtc1    $at, $f8                   ## $f8 = 10.00
/* 00EE8 809F3008 3C01801F */  lui     $at, 0x801F                ## $at = 801F0000
/* 00EEC 809F300C E4284E48 */  swc1    $f8, 0x4E48($at)           ## 801F4E48
/* 00EF0 809F3010 3C01801F */  lui     $at, 0x801F                ## $at = 801F0000
/* 00EF4 809F3014 10000026 */  beq     $zero, $zero, .L809F30B0   
/* 00EF8 809F3018 A4204E4C */  sh      $zero, 0x4E4C($at)         ## 801F4E4C
.L809F301C:
/* 00EFC 809F301C A0294E4E */  sb      $t1, 0x4E4E($at)           ## 801F4E4E
/* 00F00 809F3020 C63001B0 */  lwc1    $f16, 0x01B0($s1)          ## 000001B0
/* 00F04 809F3024 C62A0024 */  lwc1    $f10, 0x0024($s1)          ## 00000024
/* 00F08 809F3028 3C01801F */  lui     $at, 0x801F                ## $at = 801F0000
/* 00F0C 809F302C 46105480 */  add.s   $f18, $f10, $f16           
/* 00F10 809F3030 E4324E50 */  swc1    $f18, 0x4E50($at)          ## 801F4E50
/* 00F14 809F3034 3C0142A0 */  lui     $at, 0x42A0                ## $at = 42A00000
/* 00F18 809F3038 44813000 */  mtc1    $at, $f6                   ## $f6 = 80.00
/* 00F1C 809F303C C6240028 */  lwc1    $f4, 0x0028($s1)           ## 00000028
/* 00F20 809F3040 C62A01B4 */  lwc1    $f10, 0x01B4($s1)          ## 000001B4
/* 00F24 809F3044 C63201AC */  lwc1    $f18, 0x01AC($s1)          ## 000001AC
/* 00F28 809F3048 46062200 */  add.s   $f8, $f4, $f6              
/* 00F2C 809F304C 3C01801F */  lui     $at, 0x801F                ## $at = 801F0000
/* 00F30 809F3050 460A4400 */  add.s   $f16, $f8, $f10            
/* 00F34 809F3054 46128100 */  add.s   $f4, $f16, $f18            
/* 00F38 809F3058 E4244E54 */  swc1    $f4, 0x4E54($at)           ## 801F4E54
/* 00F3C 809F305C C626002C */  lwc1    $f6, 0x002C($s1)           ## 0000002C
/* 00F40 809F3060 3C01801F */  lui     $at, 0x801F                ## $at = 801F0000
/* 00F44 809F3064 E4264E58 */  swc1    $f6, 0x4E58($at)           ## 801F4E58
/* 00F48 809F3068 C62801E4 */  lwc1    $f8, 0x01E4($s1)           ## 000001E4
/* 00F4C 809F306C 3C01801F */  lui     $at, 0x801F                ## $at = 801F0000
/* 00F50 809F3070 E4284E5C */  swc1    $f8, 0x4E5C($at)           ## 801F4E5C
/* 00F54 809F3074 3C014120 */  lui     $at, 0x4120                ## $at = 41200000
/* 00F58 809F3078 44815000 */  mtc1    $at, $f10                  ## $f10 = 10.00
/* 00F5C 809F307C 3C01801F */  lui     $at, 0x801F                ## $at = 801F0000
/* 00F60 809F3080 E42A4E60 */  swc1    $f10, 0x4E60($at)          ## 801F4E60
/* 00F64 809F3084 3C01801F */  lui     $at, 0x801F                ## $at = 801F0000
/* 00F68 809F3088 10000009 */  beq     $zero, $zero, .L809F30B0   
/* 00F6C 809F308C A4204E64 */  sh      $zero, 0x4E64($at)         ## 801F4E64
/* 00F70 809F3090 862A001C */  lh      $t2, 0x001C($s1)           ## 0000001C
.L809F3094:
/* 00F74 809F3094 3C01801F */  lui     $at, 0x801F                ## $at = 801F0000
/* 00F78 809F3098 15400004 */  bne     $t2, $zero, .L809F30AC     
/* 00F7C 809F309C 00000000 */  nop
/* 00F80 809F30A0 3C01801F */  lui     $at, 0x801F                ## $at = 801F0000
/* 00F84 809F30A4 10000002 */  beq     $zero, $zero, .L809F30B0   
/* 00F88 809F30A8 A0204E32 */  sb      $zero, 0x4E32($at)         ## 801F4E32
.L809F30AC:
/* 00F8C 809F30AC A0204E4E */  sb      $zero, 0x4E4E($at)         ## 801F4E4E
.L809F30B0:
/* 00F90 809F30B0 922201C8 */  lbu     $v0, 0x01C8($s1)           ## 000001C8
/* 00F94 809F30B4 50400097 */  beql    $v0, $zero, .L809F3314     
/* 00F98 809F30B8 8FBF005C */  lw      $ra, 0x005C($sp)           
/* 00F9C 809F30BC 50400095 */  beql    $v0, $zero, .L809F3314     
/* 00FA0 809F30C0 8FBF005C */  lw      $ra, 0x005C($sp)           
/* 00FA4 809F30C4 0C067C32 */  jal     func_8019F0C8              
/* 00FA8 809F30C8 24042034 */  addiu   $a0, $zero, 0x2034         ## $a0 = 00002034
/* 00FAC 809F30CC 3C01809F */  lui     $at, %hi(D_809F4140)       ## $at = 809F0000
/* 00FB0 809F30D0 C4344140 */  lwc1    $f20, %lo(D_809F4140)($at) 
/* 00FB4 809F30D4 3C01809F */  lui     $at, %hi(D_809F4144)       ## $at = 809F0000
/* 00FB8 809F30D8 C4324144 */  lwc1    $f18, %lo(D_809F4144)($at) 
/* 00FBC 809F30DC C63001CC */  lwc1    $f16, 0x01CC($s1)          ## 000001CC
/* 00FC0 809F30E0 3C01809F */  lui     $at, %hi(D_809F4148)       ## $at = 809F0000
/* 00FC4 809F30E4 C62601D0 */  lwc1    $f6, 0x01D0($s1)           ## 000001D0
/* 00FC8 809F30E8 46128100 */  add.s   $f4, $f16, $f18            
/* 00FCC 809F30EC C63001D4 */  lwc1    $f16, 0x01D4($s1)          ## 000001D4
/* 00FD0 809F30F0 4406A000 */  mfc1    $a2, $f20                  
/* 00FD4 809F30F4 262401B0 */  addiu   $a0, $s1, 0x01B0           ## $a0 = 000001B0
/* 00FD8 809F30F8 E62401CC */  swc1    $f4, 0x01CC($s1)           ## 000001CC
/* 00FDC 809F30FC C4284148 */  lwc1    $f8, %lo(D_809F4148)($at)  
/* 00FE0 809F3100 3C01809F */  lui     $at, %hi(D_809F414C)       ## $at = 809F0000
/* 00FE4 809F3104 3C053F80 */  lui     $a1, 0x3F80                ## $a1 = 3F800000
/* 00FE8 809F3108 46083280 */  add.s   $f10, $f6, $f8             
/* 00FEC 809F310C C62601D8 */  lwc1    $f6, 0x01D8($s1)           ## 000001D8
/* 00FF0 809F3110 E62A01D0 */  swc1    $f10, 0x01D0($s1)          ## 000001D0
/* 00FF4 809F3114 C432414C */  lwc1    $f18, %lo(D_809F414C)($at) 
/* 00FF8 809F3118 3C01809F */  lui     $at, %hi(D_809F4150)       ## $at = 809F0000
/* 00FFC 809F311C 46128100 */  add.s   $f4, $f16, $f18            
/* 01000 809F3120 C63001DC */  lwc1    $f16, 0x01DC($s1)          ## 000001DC
/* 01004 809F3124 E62401D4 */  swc1    $f4, 0x01D4($s1)           ## 000001D4
/* 01008 809F3128 C4284150 */  lwc1    $f8, %lo(D_809F4150)($at)  
/* 0100C 809F312C 3C01809F */  lui     $at, %hi(D_809F4154)       ## $at = 809F0000
/* 01010 809F3130 46083280 */  add.s   $f10, $f6, $f8             
/* 01014 809F3134 E62A01D8 */  swc1    $f10, 0x01D8($s1)          ## 000001D8
/* 01018 809F3138 C4324154 */  lwc1    $f18, %lo(D_809F4154)($at) 
/* 0101C 809F313C 46128100 */  add.s   $f4, $f16, $f18            
/* 01020 809F3140 0C03FF9A */  jal     func_800FFE68              
/* 01024 809F3144 E62401DC */  swc1    $f4, 0x01DC($s1)           ## 000001DC
/* 01028 809F3148 4406A000 */  mfc1    $a2, $f20                  
/* 0102C 809F314C 262401B4 */  addiu   $a0, $s1, 0x01B4           ## $a0 = 000001B4
/* 01030 809F3150 0C03FF9A */  jal     func_800FFE68              
/* 01034 809F3154 3C053F80 */  lui     $a1, 0x3F80                ## $a1 = 3F800000
/* 01038 809F3158 3C014280 */  lui     $at, 0x4280                ## $at = 42800000
/* 0103C 809F315C 4480D000 */  mtc1    $zero, $f26                ## $f26 = 0.00
/* 01040 809F3160 4481F000 */  mtc1    $at, $f30                  ## $f30 = 64.00
/* 01044 809F3164 3C014200 */  lui     $at, 0x4200                ## $at = 42000000
/* 01048 809F3168 3C13809F */  lui     $s3, %hi(D_809F4370)       ## $s3 = 809F0000
/* 0104C 809F316C 4481E000 */  mtc1    $at, $f28                  ## $f28 = 32.00
/* 01050 809F3170 26734370 */  addiu   $s3, $s3, %lo(D_809F4370)  ## $s3 = 809F4370
/* 01054 809F3174 00008025 */  or      $s0, $zero, $zero          ## $s0 = 00000000
/* 01058 809F3178 24150400 */  addiu   $s5, $zero, 0x0400         ## $s5 = 00000400
/* 0105C 809F317C 2414000C */  addiu   $s4, $zero, 0x000C         ## $s4 = 0000000C
/* 01060 809F3180 27B2007C */  addiu   $s2, $sp, 0x007C           ## $s2 = FFFFFFEC
/* 01064 809F3184 4600D606 */  mov.s   $f24, $f26                 
.L809F3188:
/* 01068 809F3188 0C0220D4 */  jal     func_80088350              
/* 0106C 809F318C 4600D306 */  mov.s   $f12, $f26                 
/* 01070 809F3190 46000506 */  mov.s   $f20, $f0                  
/* 01074 809F3194 0C0220D4 */  jal     func_80088350              
/* 01078 809F3198 4600C306 */  mov.s   $f12, $f24                 
/* 0107C 809F319C C62601D4 */  lwc1    $f6, 0x01D4($s1)           ## 000001D4
/* 01080 809F31A0 C62201D0 */  lwc1    $f2, 0x01D0($s1)           ## 000001D0
/* 01084 809F31A4 3C013F80 */  lui     $at, 0x3F80                ## $at = 3F800000
/* 01088 809F31A8 4606A202 */  mul.s   $f8, $f20, $f6             
/* 0108C 809F31AC 44815000 */  mtc1    $at, $f10                  ## $f10 = 1.00
/* 01090 809F31B0 3C01809F */  lui     $at, %hi(D_809F4158)       ## $at = 809F0000
/* 01094 809F31B4 46020482 */  mul.s   $f18, $f0, $f2             
/* 01098 809F31B8 00002825 */  or      $a1, $zero, $zero          ## $a1 = 00000000
/* 0109C 809F31BC 460A4400 */  add.s   $f16, $f8, $f10            
/* 010A0 809F31C0 C62801CC */  lwc1    $f8, 0x01CC($s1)           ## 000001CC
/* 010A4 809F31C4 C42A4158 */  lwc1    $f10, %lo(D_809F4158)($at) 
/* 010A8 809F31C8 46029100 */  add.s   $f4, $f18, $f2             
/* 010AC 809F31CC 3C01809F */  lui     $at, %hi(D_809F415C)       ## $at = 809F0000
/* 010B0 809F31D0 C432415C */  lwc1    $f18, %lo(D_809F415C)($at) 
/* 010B4 809F31D4 3C01809F */  lui     $at, %hi(D_809F4160)       ## $at = 809F0000
/* 010B8 809F31D8 46102182 */  mul.s   $f6, $f4, $f16             
/* 010BC 809F31DC 44902000 */  mtc1    $s0, $f4                   ## $f4 = 0.00
/* 010C0 809F31E0 460AC600 */  add.s   $f24, $f24, $f10           
/* 010C4 809F31E4 4612D680 */  add.s   $f26, $f26, $f18           
/* 010C8 809F31E8 46802420 */  cvt.s.w $f16, $f4                  
/* 010CC 809F31EC 46083580 */  add.s   $f22, $f6, $f8             
/* 010D0 809F31F0 C4264160 */  lwc1    $f6, %lo(D_809F4160)($at)  
/* 010D4 809F31F4 46068302 */  mul.s   $f12, $f16, $f6            
/* 010D8 809F31F8 0C0603A4 */  jal     func_80180E90              
/* 010DC 809F31FC 00000000 */  nop
/* 010E0 809F3200 4600B306 */  mov.s   $f12, $f22                 
/* 010E4 809F3204 0C0606F1 */  jal     func_80181BC4              
/* 010E8 809F3208 02402825 */  or      $a1, $s2, $zero            ## $a1 = FFFFFFEC
/* 010EC 809F320C C62A01BC */  lwc1    $f10, 0x01BC($s1)          ## 000001BC
/* 010F0 809F3210 C7A8007C */  lwc1    $f8, 0x007C($sp)           
/* 010F4 809F3214 C7B00080 */  lwc1    $f16, 0x0080($sp)          
/* 010F8 809F3218 460AE480 */  add.s   $f18, $f28, $f10           
/* 010FC 809F321C 320B0007 */  andi    $t3, $s0, 0x0007           ## $t3 = 00000000
/* 01100 809F3220 46124100 */  add.s   $f4, $f8, $f18             
/* 01104 809F3224 E7A4007C */  swc1    $f4, 0x007C($sp)           
/* 01108 809F3228 C62601C0 */  lwc1    $f6, 0x01C0($s1)           ## 000001C0
/* 0110C 809F322C 4606E280 */  add.s   $f10, $f28, $f6            
/* 01110 809F3230 460A8200 */  add.s   $f8, $f16, $f10            
/* 01114 809F3234 1560000B */  bne     $t3, $zero, .L809F3264     
/* 01118 809F3238 E7A80080 */  swc1    $f8, 0x0080($sp)           
/* 0111C 809F323C 06010003 */  bgez    $s0, .L809F324C            
/* 01120 809F3240 001060C3 */  sra     $t4, $s0,  3               
/* 01124 809F3244 26010007 */  addiu   $at, $s0, 0x0007           ## $at = 00000007
/* 01128 809F3248 000160C3 */  sra     $t4, $at,  3               
.L809F324C:
/* 0112C 809F324C 01940019 */  multu   $t4, $s4                   
/* 01130 809F3250 02402825 */  or      $a1, $s2, $zero            ## $a1 = FFFFFFEC
/* 01134 809F3254 00006812 */  mflo    $t5                        
/* 01138 809F3258 026D2021 */  addu    $a0, $s3, $t5              
/* 0113C 809F325C 0C03FD43 */  jal     func_800FF50C              
/* 01140 809F3260 00000000 */  nop
.L809F3264:
/* 01144 809F3264 C7A0007C */  lwc1    $f0, 0x007C($sp)           
/* 01148 809F3268 44806000 */  mtc1    $zero, $f12                ## $f12 = 0.00
/* 0114C 809F326C 26100001 */  addiu   $s0, $s0, 0x0001           ## $s0 = 00000001
/* 01150 809F3270 C7A20080 */  lwc1    $f2, 0x0080($sp)           
/* 01154 809F3274 4600603E */  c.le.s  $f12, $f0                  
/* 01158 809F3278 00000000 */  nop
/* 0115C 809F327C 45000022 */  bc1f    .L809F3308                 
/* 01160 809F3280 00000000 */  nop
/* 01164 809F3284 4602603E */  c.le.s  $f12, $f2                  
/* 01168 809F3288 00000000 */  nop
/* 0116C 809F328C 4500001E */  bc1f    .L809F3308                 
/* 01170 809F3290 00000000 */  nop
/* 01174 809F3294 461E003C */  c.lt.s  $f0, $f30                  
/* 01178 809F3298 00000000 */  nop
/* 0117C 809F329C 4500001A */  bc1f    .L809F3308                 
/* 01180 809F32A0 00000000 */  nop
/* 01184 809F32A4 461E103C */  c.lt.s  $f2, $f30                  
/* 01188 809F32A8 00000000 */  nop
/* 0118C 809F32AC 45000016 */  bc1f    .L809F3308                 
/* 01190 809F32B0 00000000 */  nop
/* 01194 809F32B4 4600048D */  trunc.w.s $f18, $f0                  
/* 01198 809F32B8 4600110D */  trunc.w.s $f4, $f2                   
/* 0119C 809F32BC 44029000 */  mfc1    $v0, $f18                  
/* 011A0 809F32C0 440F2000 */  mfc1    $t7, $f4                   
/* 011A4 809F32C4 30490001 */  andi    $t1, $v0, 0x0001           ## $t1 = 00000000
/* 011A8 809F32C8 000FC140 */  sll     $t8, $t7,  5               
/* 011AC 809F32CC 04410003 */  bgez    $v0, .L809F32DC            
/* 011B0 809F32D0 00024043 */  sra     $t0, $v0,  1               
/* 011B4 809F32D4 24410001 */  addiu   $at, $v0, 0x0001           ## $at = 00000001
/* 011B8 809F32D8 00014043 */  sra     $t0, $at,  1               
.L809F32DC:
/* 011BC 809F32DC 11200006 */  beq     $t1, $zero, .L809F32F8     
/* 011C0 809F32E0 03081821 */  addu    $v1, $t8, $t0              
/* 011C4 809F32E4 02231021 */  addu    $v0, $s1, $v1              
/* 011C8 809F32E8 904A0200 */  lbu     $t2, 0x0200($v0)           ## 00000200
/* 011CC 809F32EC 314B00F0 */  andi    $t3, $t2, 0x00F0           ## $t3 = 00000000
/* 011D0 809F32F0 10000005 */  beq     $zero, $zero, .L809F3308   
/* 011D4 809F32F4 A04B0200 */  sb      $t3, 0x0200($v0)           ## 00000200
.L809F32F8:
/* 011D8 809F32F8 02231021 */  addu    $v0, $s1, $v1              
/* 011DC 809F32FC 904C0200 */  lbu     $t4, 0x0200($v0)           ## 00000200
/* 011E0 809F3300 318D000F */  andi    $t5, $t4, 0x000F           ## $t5 = 00000000
/* 011E4 809F3304 A04D0200 */  sb      $t5, 0x0200($v0)           ## 00000200
.L809F3308:
/* 011E8 809F3308 1615FF9F */  bne     $s0, $s5, .L809F3188       
/* 011EC 809F330C 00000000 */  nop
/* 011F0 809F3310 8FBF005C */  lw      $ra, 0x005C($sp)           
.L809F3314:
/* 011F4 809F3314 D7B40010 */  ldc1    $f20, 0x0010($sp)          
/* 011F8 809F3318 D7B60018 */  ldc1    $f22, 0x0018($sp)          
/* 011FC 809F331C D7B80020 */  ldc1    $f24, 0x0020($sp)          
/* 01200 809F3320 D7BA0028 */  ldc1    $f26, 0x0028($sp)          
/* 01204 809F3324 D7BC0030 */  ldc1    $f28, 0x0030($sp)          
/* 01208 809F3328 D7BE0038 */  ldc1    $f30, 0x0038($sp)          
/* 0120C 809F332C 8FB00044 */  lw      $s0, 0x0044($sp)           
/* 01210 809F3330 8FB10048 */  lw      $s1, 0x0048($sp)           
/* 01214 809F3334 8FB2004C */  lw      $s2, 0x004C($sp)           
/* 01218 809F3338 8FB30050 */  lw      $s3, 0x0050($sp)           
/* 0121C 809F333C 8FB40054 */  lw      $s4, 0x0054($sp)           
/* 01220 809F3340 8FB50058 */  lw      $s5, 0x0058($sp)           
/* 01224 809F3344 03E00008 */  jr      $ra                        
/* 01228 809F3348 27BD0090 */  addiu   $sp, $sp, 0x0090           ## $sp = 00000000


glabel func_809F334C
/* 0122C 809F334C 27BDFF10 */  addiu   $sp, $sp, 0xFF10           ## $sp = FFFFFF10
/* 01230 809F3350 AFB40050 */  sw      $s4, 0x0050($sp)           
/* 01234 809F3354 AFB3004C */  sw      $s3, 0x004C($sp)           
/* 01238 809F3358 00809825 */  or      $s3, $a0, $zero            ## $s3 = 00000000
/* 0123C 809F335C 00A0A025 */  or      $s4, $a1, $zero            ## $s4 = 00000000
/* 01240 809F3360 AFBF0054 */  sw      $ra, 0x0054($sp)           
/* 01244 809F3364 AFB20048 */  sw      $s2, 0x0048($sp)           
/* 01248 809F3368 AFB10044 */  sw      $s1, 0x0044($sp)           
/* 0124C 809F336C AFB00040 */  sw      $s0, 0x0040($sp)           
/* 01250 809F3370 F7B40038 */  sdc1    $f20, 0x0038($sp)          
/* 01254 809F3374 44802000 */  mtc1    $zero, $f4                 ## $f4 = 0.00
/* 01258 809F3378 00000000 */  nop
/* 0125C 809F337C E7A400E0 */  swc1    $f4, 0x00E0($sp)           
/* 01260 809F3380 8E840000 */  lw      $a0, 0x0000($s4)           ## 00000000
/* 01264 809F3384 0C04B0B7 */  jal     func_8012C2DC              
/* 01268 809F3388 00809025 */  or      $s2, $a0, $zero            ## $s2 = 00000000
/* 0126C 809F338C 0C04B0A3 */  jal     func_8012C28C              
/* 01270 809F3390 8E840000 */  lw      $a0, 0x0000($s4)           ## 00000000
/* 01274 809F3394 3C02801F */  lui     $v0, 0x801F                ## $v0 = 801F0000
/* 01278 809F3398 9442F67C */  lhu     $v0, -0x0984($v0)          ## 801EF67C
/* 0127C 809F339C 34018001 */  ori     $at, $zero, 0x8001         ## $at = 00008001
/* 01280 809F33A0 340EFFFF */  ori     $t6, $zero, 0xFFFF         ## $t6 = 0000FFFF
/* 01284 809F33A4 0041082A */  slt     $at, $v0, $at              
/* 01288 809F33A8 14200003 */  bne     $at, $zero, .L809F33B8     
/* 0128C 809F33AC 00401825 */  or      $v1, $v0, $zero            ## $v1 = 801F0000
/* 01290 809F33B0 01C31023 */  subu    $v0, $t6, $v1              
/* 01294 809F33B4 3042FFFF */  andi    $v0, $v0, 0xFFFF           ## $v0 = 00000000
.L809F33B8:
/* 01298 809F33B8 44823000 */  mtc1    $v0, $f6                   ## $f6 = 0.00
/* 0129C 809F33BC 3C014F80 */  lui     $at, 0x4F80                ## $at = 4F800000
/* 012A0 809F33C0 04410004 */  bgez    $v0, .L809F33D4            
/* 012A4 809F33C4 46803220 */  cvt.s.w $f8, $f6                   
/* 012A8 809F33C8 44815000 */  mtc1    $at, $f10                  ## $f10 = 4294967296.00
/* 012AC 809F33CC 00000000 */  nop
/* 012B0 809F33D0 460A4200 */  add.s   $f8, $f8, $f10             
.L809F33D4:
/* 012B4 809F33D4 3C014700 */  lui     $at, 0x4700                ## $at = 47000000
/* 012B8 809F33D8 44818000 */  mtc1    $at, $f16                  ## $f16 = 32768.00
/* 012BC 809F33DC 3C014120 */  lui     $at, 0x4120                ## $at = 41200000
/* 012C0 809F33E0 44819000 */  mtc1    $at, $f18                  ## $f18 = 10.00
/* 012C4 809F33E4 46104083 */  div.s   $f2, $f8, $f16             
/* 012C8 809F33E8 3C0142D2 */  lui     $at, 0x42D2                ## $at = 42D20000
/* 012CC 809F33EC 44813000 */  mtc1    $at, $f6                   ## $f6 = 105.00
/* 012D0 809F33F0 C660019C */  lwc1    $f0, 0x019C($s3)           ## 0000019C
/* 012D4 809F33F4 24180001 */  addiu   $t8, $zero, 0x0001         ## $t8 = 00000001
/* 012D8 809F33F8 3C11809F */  lui     $s1, %hi(D_809F4970)       ## $s1 = 809F0000
/* 012DC 809F33FC 3C014F00 */  lui     $at, 0x4F00                ## $at = 4F000000
/* 012E0 809F3400 26314970 */  addiu   $s1, $s1, %lo(D_809F4970)  ## $s1 = 809F4970
/* 012E4 809F3404 46029102 */  mul.s   $f4, $f18, $f2             
/* 012E8 809F3408 46062280 */  add.s   $f10, $f4, $f6             
/* 012EC 809F340C 46005202 */  mul.s   $f8, $f10, $f0             
/* 012F0 809F3410 444FF800 */  cfc1    $t7, $f31                  
/* 012F4 809F3414 44D8F800 */  ctc1    $t8, $f31                  
/* 012F8 809F3418 00000000 */  nop
/* 012FC 809F341C 46004424 */  cvt.w.s $f16, $f8                  
/* 01300 809F3420 4458F800 */  cfc1    $t8, $f31                  
/* 01304 809F3424 00000000 */  nop
/* 01308 809F3428 33180078 */  andi    $t8, $t8, 0x0078           ## $t8 = 00000000
/* 0130C 809F342C 53000013 */  beql    $t8, $zero, .L809F347C     
/* 01310 809F3430 44188000 */  mfc1    $t8, $f16                  
/* 01314 809F3434 44818000 */  mtc1    $at, $f16                  ## $f16 = 2147483648.00
/* 01318 809F3438 24180001 */  addiu   $t8, $zero, 0x0001         ## $t8 = 00000001
/* 0131C 809F343C 46104401 */  sub.s   $f16, $f8, $f16            
/* 01320 809F3440 44D8F800 */  ctc1    $t8, $f31                  
/* 01324 809F3444 00000000 */  nop
/* 01328 809F3448 46008424 */  cvt.w.s $f16, $f16                 
/* 0132C 809F344C 4458F800 */  cfc1    $t8, $f31                  
/* 01330 809F3450 00000000 */  nop
/* 01334 809F3454 33180078 */  andi    $t8, $t8, 0x0078           ## $t8 = 00000000
/* 01338 809F3458 17000005 */  bne     $t8, $zero, .L809F3470     
/* 0133C 809F345C 00000000 */  nop
/* 01340 809F3460 44188000 */  mfc1    $t8, $f16                  
/* 01344 809F3464 3C018000 */  lui     $at, 0x8000                ## $at = 80000000
/* 01348 809F3468 10000007 */  beq     $zero, $zero, .L809F3488   
/* 0134C 809F346C 0301C025 */  or      $t8, $t8, $at              ## $t8 = 80000000
.L809F3470:
/* 01350 809F3470 10000005 */  beq     $zero, $zero, .L809F3488   
/* 01354 809F3474 2418FFFF */  addiu   $t8, $zero, 0xFFFF         ## $t8 = FFFFFFFF
/* 01358 809F3478 44188000 */  mfc1    $t8, $f16                  
.L809F347C:
/* 0135C 809F347C 00000000 */  nop
/* 01360 809F3480 0700FFFB */  bltz    $t8, .L809F3470            
/* 01364 809F3484 00000000 */  nop
.L809F3488:
/* 01368 809F3488 3C014220 */  lui     $at, 0x4220                ## $at = 42200000
/* 0136C 809F348C 44CFF800 */  ctc1    $t7, $f31                  
/* 01370 809F3490 44819000 */  mtc1    $at, $f18                  ## $f18 = 40.00
/* 01374 809F3494 3C01425C */  lui     $at, 0x425C                ## $at = 425C0000
/* 01378 809F3498 44813000 */  mtc1    $at, $f6                   ## $f6 = 55.00
/* 0137C 809F349C 46029102 */  mul.s   $f4, $f18, $f2             
/* 01380 809F34A0 240A0001 */  addiu   $t2, $zero, 0x0001         ## $t2 = 00000001
/* 01384 809F34A4 A3B800D3 */  sb      $t8, 0x00D3($sp)           
/* 01388 809F34A8 3C014F00 */  lui     $at, 0x4F00                ## $at = 4F000000
/* 0138C 809F34AC 46062280 */  add.s   $f10, $f4, $f6             
/* 01390 809F34B0 46005202 */  mul.s   $f8, $f10, $f0             
/* 01394 809F34B4 4459F800 */  cfc1    $t9, $f31                  
/* 01398 809F34B8 44CAF800 */  ctc1    $t2, $f31                  
/* 0139C 809F34BC 00000000 */  nop
/* 013A0 809F34C0 46004424 */  cvt.w.s $f16, $f8                  
/* 013A4 809F34C4 444AF800 */  cfc1    $t2, $f31                  
/* 013A8 809F34C8 00000000 */  nop
/* 013AC 809F34CC 314A0078 */  andi    $t2, $t2, 0x0078           ## $t2 = 00000000
/* 013B0 809F34D0 51400013 */  beql    $t2, $zero, .L809F3520     
/* 013B4 809F34D4 440A8000 */  mfc1    $t2, $f16                  
/* 013B8 809F34D8 44818000 */  mtc1    $at, $f16                  ## $f16 = 2147483648.00
/* 013BC 809F34DC 240A0001 */  addiu   $t2, $zero, 0x0001         ## $t2 = 00000001
/* 013C0 809F34E0 46104401 */  sub.s   $f16, $f8, $f16            
/* 013C4 809F34E4 44CAF800 */  ctc1    $t2, $f31                  
/* 013C8 809F34E8 00000000 */  nop
/* 013CC 809F34EC 46008424 */  cvt.w.s $f16, $f16                 
/* 013D0 809F34F0 444AF800 */  cfc1    $t2, $f31                  
/* 013D4 809F34F4 00000000 */  nop
/* 013D8 809F34F8 314A0078 */  andi    $t2, $t2, 0x0078           ## $t2 = 00000000
/* 013DC 809F34FC 15400005 */  bne     $t2, $zero, .L809F3514     
/* 013E0 809F3500 00000000 */  nop
/* 013E4 809F3504 440A8000 */  mfc1    $t2, $f16                  
/* 013E8 809F3508 3C018000 */  lui     $at, 0x8000                ## $at = 80000000
/* 013EC 809F350C 10000007 */  beq     $zero, $zero, .L809F352C   
/* 013F0 809F3510 01415025 */  or      $t2, $t2, $at              ## $t2 = 80000000
.L809F3514:
/* 013F4 809F3514 10000005 */  beq     $zero, $zero, .L809F352C   
/* 013F8 809F3518 240AFFFF */  addiu   $t2, $zero, 0xFFFF         ## $t2 = FFFFFFFF
/* 013FC 809F351C 440A8000 */  mfc1    $t2, $f16                  
.L809F3520:
/* 01400 809F3520 00000000 */  nop
/* 01404 809F3524 0540FFFB */  bltz    $t2, .L809F3514            
/* 01408 809F3528 00000000 */  nop
.L809F352C:
/* 0140C 809F352C A3AA00D2 */  sb      $t2, 0x00D2($sp)           
/* 01410 809F3530 92630144 */  lbu     $v1, 0x0144($s3)           ## 00000144
/* 01414 809F3534 44D9F800 */  ctc1    $t9, $f31                  
/* 01418 809F3538 E7A20068 */  swc1    $f2, 0x0068($sp)           
/* 0141C 809F353C 306B0002 */  andi    $t3, $v1, 0x0002           ## $t3 = 00000000
/* 01420 809F3540 51600114 */  beql    $t3, $zero, .L809F3994     
/* 01424 809F3544 306B0001 */  andi    $t3, $v1, 0x0001           ## $t3 = 00000000
/* 01428 809F3548 8E2C0000 */  lw      $t4, 0x0000($s1)           ## 809F4970
/* 0142C 809F354C 85840144 */  lh      $a0, 0x0144($t4)           ## 00000144
/* 01430 809F3550 0C03FB61 */  jal     func_800FED84              
/* 01434 809F3554 E7A20068 */  swc1    $f2, 0x0068($sp)           
/* 01438 809F3558 3C01447A */  lui     $at, 0x447A                ## $at = 447A0000
/* 0143C 809F355C 44819000 */  mtc1    $at, $f18                  ## $f18 = 1000.00
/* 01440 809F3560 8E2E0000 */  lw      $t6, 0x0000($s1)           ## 809F4970
/* 01444 809F3564 46120102 */  mul.s   $f4, $f0, $f18             
/* 01448 809F3568 85C40144 */  lh      $a0, 0x0144($t6)           ## 00000144
/* 0144C 809F356C 4600218D */  trunc.w.s $f6, $f4                   
/* 01450 809F3570 44103000 */  mfc1    $s0, $f6                   
/* 01454 809F3574 00000000 */  nop
/* 01458 809F3578 00108400 */  sll     $s0, $s0, 16               
/* 0145C 809F357C 0C03FB51 */  jal     func_800FED44              
/* 01460 809F3580 00108403 */  sra     $s0, $s0, 16               
/* 01464 809F3584 C66A01A0 */  lwc1    $f10, 0x01A0($s3)          ## 000001A0
/* 01468 809F3588 3C040602 */  lui     $a0, 0x0602                ## $a0 = 06020000
/* 0146C 809F358C 24848BD0 */  addiu   $a0, $a0, 0x8BD0           ## $a0 = 06018BD0
/* 01470 809F3590 00047900 */  sll     $t7, $a0,  4               
/* 01474 809F3594 4600520D */  trunc.w.s $f8, $f10                  
/* 01478 809F3598 000FC702 */  srl     $t8, $t7, 28               
/* 0147C 809F359C 0018C880 */  sll     $t9, $t8,  2               
/* 01480 809F35A0 3C0A8020 */  lui     $t2, 0x8020                ## $t2 = 80200000
/* 01484 809F35A4 01595021 */  addu    $t2, $t2, $t9              
/* 01488 809F35A8 3C0100FF */  lui     $at, 0x00FF                ## $at = 00FF0000
/* 0148C 809F35AC 8D4A8180 */  lw      $t2, -0x7E80($t2)          ## 801F8180
/* 01490 809F35B0 3421FFFF */  ori     $at, $at, 0xFFFF           ## $at = 00FFFFFF
/* 01494 809F35B4 440F4000 */  mfc1    $t7, $f8                   
/* 01498 809F35B8 00815824 */  and     $t3, $a0, $at              
/* 0149C 809F35BC 3C018000 */  lui     $at, 0x8000                ## $at = 80000000
/* 014A0 809F35C0 014B1021 */  addu    $v0, $t2, $t3              
/* 014A4 809F35C4 00411021 */  addu    $v0, $v0, $at              
/* 014A8 809F35C8 25F80E92 */  addiu   $t8, $t7, 0x0E92           ## $t8 = 00000E92
/* 014AC 809F35CC A4580002 */  sh      $t8, 0x0002($v0)           ## 00000002
/* 014B0 809F35D0 C67001A0 */  lwc1    $f16, 0x01A0($s3)          ## 000001A0
/* 014B4 809F35D4 3C01C4FA */  lui     $at, 0xC4FA                ## $at = C4FA0000
/* 014B8 809F35D8 260502A3 */  addiu   $a1, $s0, 0x02A3           ## $a1 = 000002A3
/* 014BC 809F35DC 4600848D */  trunc.w.s $f18, $f16                 
/* 014C0 809F35E0 44818000 */  mtc1    $at, $f16                  ## $f16 = -2000.00
/* 014C4 809F35E4 3C0144FA */  lui     $at, 0x44FA                ## $at = 44FA0000
/* 014C8 809F35E8 2607FD5D */  addiu   $a3, $s0, 0xFD5D           ## $a3 = FFFFFD5D
/* 014CC 809F35EC 440C9000 */  mfc1    $t4, $f18                  
/* 014D0 809F35F0 46100482 */  mul.s   $f18, $f0, $f16            
/* 014D4 809F35F4 2604FCC7 */  addiu   $a0, $s0, 0xFCC7           ## $a0 = FFFFFCC7
/* 014D8 809F35F8 258D0E92 */  addiu   $t5, $t4, 0x0E92           ## $t5 = 00000E92
/* 014DC 809F35FC A44D0032 */  sh      $t5, 0x0032($v0)           ## 00000032
/* 014E0 809F3600 C66401A0 */  lwc1    $f4, 0x01A0($s3)           ## 000001A0
/* 014E4 809F3604 26080339 */  addiu   $t0, $s0, 0x0339           ## $t0 = 00000339
/* 014E8 809F3608 4600218D */  trunc.w.s $f6, $f4                   
/* 014EC 809F360C 44812000 */  mtc1    $at, $f4                   ## $f4 = 2000.00
/* 014F0 809F3610 44193000 */  mfc1    $t9, $f6                   
/* 014F4 809F3614 46049181 */  sub.s   $f6, $f18, $f4             
/* 014F8 809F3618 272A0E92 */  addiu   $t2, $t9, 0x0E92           ## $t2 = 00000E92
/* 014FC 809F361C A44A0042 */  sh      $t2, 0x0042($v0)           ## 00000042
/* 01500 809F3620 C66A01A0 */  lwc1    $f10, 0x01A0($s3)          ## 000001A0
/* 01504 809F3624 A4450050 */  sh      $a1, 0x0050($v0)           ## 00000050
/* 01508 809F3628 4600520D */  trunc.w.s $f8, $f10                  
/* 0150C 809F362C 4600328D */  trunc.w.s $f10, $f6                  
/* 01510 809F3630 440E4000 */  mfc1    $t6, $f8                   
/* 01514 809F3634 00000000 */  nop
/* 01518 809F3638 25CF0E92 */  addiu   $t7, $t6, 0x0E92           ## $t7 = 00000E92
/* 0151C 809F363C A44F0072 */  sh      $t7, 0x0072($v0)           ## 00000072
/* 01520 809F3640 C66801A4 */  lwc1    $f8, 0x01A4($s3)           ## 000001A4
/* 01524 809F3644 44035000 */  mfc1    $v1, $f10                  
/* 01528 809F3648 A4470060 */  sh      $a3, 0x0060($v0)           ## 00000060
/* 0152C 809F364C 4600440D */  trunc.w.s $f16, $f8                  
/* 01530 809F3650 00031C00 */  sll     $v1, $v1, 16               
/* 01534 809F3654 00031C03 */  sra     $v1, $v1, 16               
/* 01538 809F3658 2466FE3E */  addiu   $a2, $v1, 0xFE3E           ## $a2 = FFFFFE3E
/* 0153C 809F365C 440C8000 */  mfc1    $t4, $f16                  
/* 01540 809F3660 2469F862 */  addiu   $t1, $v1, 0xF862           ## $t1 = FFFFF862
/* 01544 809F3664 006C6821 */  addu    $t5, $v1, $t4              
/* 01548 809F3668 25AEF8F8 */  addiu   $t6, $t5, 0xF8F8           ## $t6 = 0000078A
/* 0154C 809F366C A44E0054 */  sh      $t6, 0x0054($v0)           ## 00000054
/* 01550 809F3670 C67201A4 */  lwc1    $f18, 0x01A4($s3)          ## 000001A4
/* 01554 809F3674 A4450090 */  sh      $a1, 0x0090($v0)           ## 00000090
/* 01558 809F3678 A4460094 */  sh      $a2, 0x0094($v0)           ## 00000094
/* 0155C 809F367C 4600910D */  trunc.w.s $f4, $f18                  
/* 01560 809F3680 A44700B0 */  sh      $a3, 0x00B0($v0)           ## 000000B0
/* 01564 809F3684 A44600B4 */  sh      $a2, 0x00B4($v0)           ## 000000B4
/* 01568 809F3688 A44500C0 */  sh      $a1, 0x00C0($v0)           ## 000000C0
/* 0156C 809F368C 440A2000 */  mfc1    $t2, $f4                   
/* 01570 809F3690 A44600C4 */  sh      $a2, 0x00C4($v0)           ## 000000C4
/* 01574 809F3694 A44400E0 */  sh      $a0, 0x00E0($v0)           ## 000000E0
/* 01578 809F3698 006A5821 */  addu    $t3, $v1, $t2              
/* 0157C 809F369C 256CF8F8 */  addiu   $t4, $t3, 0xF8F8           ## $t4 = FFFFF8F8
/* 01580 809F36A0 A44C0064 */  sh      $t4, 0x0064($v0)           ## 00000064
/* 01584 809F36A4 A44900E4 */  sh      $t1, 0x00E4($v0)           ## 000000E4
/* 01588 809F36A8 A44400F0 */  sh      $a0, 0x00F0($v0)           ## 000000F0
/* 0158C 809F36AC A44300F4 */  sh      $v1, 0x00F4($v0)           ## 000000F4
/* 01590 809F36B0 A4480100 */  sh      $t0, 0x0100($v0)           ## 00000100
/* 01594 809F36B4 A4430104 */  sh      $v1, 0x0104($v0)           ## 00000104
/* 01598 809F36B8 A4480110 */  sh      $t0, 0x0110($v0)           ## 00000110
/* 0159C 809F36BC A4490114 */  sh      $t1, 0x0114($v0)           ## 00000114
/* 015A0 809F36C0 8E640124 */  lw      $a0, 0x0124($s3)           ## 00000124
/* 015A4 809F36C4 10800012 */  beq     $a0, $zero, .L809F3710     
/* 015A8 809F36C8 3C01809F */  lui     $at, %hi(D_809F4164)       ## $at = 809F0000
/* 015AC 809F36CC C4204164 */  lwc1    $f0, %lo(D_809F4164)($at)  
/* 015B0 809F36D0 44905000 */  mtc1    $s0, $f10                  ## $f10 = 0.00
/* 015B4 809F36D4 C6660024 */  lwc1    $f6, 0x0024($s3)           ## 00000024
/* 015B8 809F36D8 3C01432A */  lui     $at, 0x432A                ## $at = 432A0000
/* 015BC 809F36DC 46805220 */  cvt.s.w $f8, $f10                  
/* 015C0 809F36E0 44815000 */  mtc1    $at, $f10                  ## $f10 = 170.00
/* 015C4 809F36E4 46004402 */  mul.s   $f16, $f8, $f0             
/* 015C8 809F36E8 46103480 */  add.s   $f18, $f6, $f16            
/* 015CC 809F36EC 44833000 */  mtc1    $v1, $f6                   ## $f6 = 0.00
/* 015D0 809F36F0 00000000 */  nop
/* 015D4 809F36F4 46803420 */  cvt.s.w $f16, $f6                  
/* 015D8 809F36F8 E4920024 */  swc1    $f18, 0x0024($a0)          ## FFFFFCEB
/* 015DC 809F36FC C664002C */  lwc1    $f4, 0x002C($s3)           ## 0000002C
/* 015E0 809F3700 460A2201 */  sub.s   $f8, $f4, $f10             
/* 015E4 809F3704 46008482 */  mul.s   $f18, $f16, $f0            
/* 015E8 809F3708 46124100 */  add.s   $f4, $f8, $f18             
/* 015EC 809F370C E484002C */  swc1    $f4, 0x002C($a0)           ## FFFFFCF3
.L809F3710:
/* 015F0 809F3710 3C040602 */  lui     $a0, 0x0602                ## $a0 = 06020000
/* 015F4 809F3714 0C040141 */  jal     func_80100504              
/* 015F8 809F3718 24849360 */  addiu   $a0, $a0, 0x9360           ## $a0 = 06019360
/* 015FC 809F371C 02802025 */  or      $a0, $s4, $zero            ## $a0 = 00000000
/* 01600 809F3720 0C04C5D6 */  jal     func_80131758              
/* 01604 809F3724 00402825 */  or      $a1, $v0, $zero            ## $a1 = 00000000
/* 01608 809F3728 3C01436A */  lui     $at, 0x436A                ## $at = 436A0000
/* 0160C 809F372C 44813000 */  mtc1    $at, $f6                   ## $f6 = 234.00
/* 01610 809F3730 3C0141F0 */  lui     $at, 0x41F0                ## $at = 41F00000
/* 01614 809F3734 44814000 */  mtc1    $at, $f8                   ## $f8 = 30.00
/* 01618 809F3738 C670002C */  lwc1    $f16, 0x002C($s3)          ## 0000002C
/* 0161C 809F373C C66A0028 */  lwc1    $f10, 0x0028($s3)          ## 00000028
/* 01620 809F3740 C66C0024 */  lwc1    $f12, 0x0024($s3)          ## 00000024
/* 01624 809F3744 46088480 */  add.s   $f18, $f16, $f8            
/* 01628 809F3748 00003825 */  or      $a3, $zero, $zero          ## $a3 = 00000000
/* 0162C 809F374C 46065381 */  sub.s   $f14, $f10, $f6            
/* 01630 809F3750 44069000 */  mfc1    $a2, $f18                  
/* 01634 809F3754 0C0600A7 */  jal     func_8018029C              
/* 01638 809F3758 00000000 */  nop
/* 0163C 809F375C C66C0058 */  lwc1    $f12, 0x0058($s3)          ## 00000058
/* 01640 809F3760 C66E005C */  lwc1    $f14, 0x005C($s3)          ## 0000005C
/* 01644 809F3764 8E660060 */  lw      $a2, 0x0060($s3)           ## 00000060
/* 01648 809F3768 0C0600E7 */  jal     func_8018039C              
/* 0164C 809F376C 24070001 */  addiu   $a3, $zero, 0x0001         ## $a3 = 00000001
/* 01650 809F3770 44806000 */  mtc1    $zero, $f12                ## $f12 = 0.00
/* 01654 809F3774 3C06C48B */  lui     $a2, 0xC48B                ## $a2 = C48B0000
/* 01658 809F3778 24070001 */  addiu   $a3, $zero, 0x0001         ## $a3 = 00000001
/* 0165C 809F377C 0C0600A7 */  jal     func_8018029C              
/* 01660 809F3780 46006386 */  mov.s   $f14, $f12                 
/* 01664 809F3784 8E5002C0 */  lw      $s0, 0x02C0($s2)           ## 000002C0
/* 01668 809F3788 3C0EDA38 */  lui     $t6, 0xDA38                ## $t6 = DA380000
/* 0166C 809F378C 35CE0003 */  ori     $t6, $t6, 0x0003           ## $t6 = DA380003
/* 01670 809F3790 260D0008 */  addiu   $t5, $s0, 0x0008           ## $t5 = 00000008
/* 01674 809F3794 AE4D02C0 */  sw      $t5, 0x02C0($s2)           ## 000002C0
/* 01678 809F3798 AE0E0000 */  sw      $t6, 0x0000($s0)           ## 00000000
/* 0167C 809F379C 0C060690 */  jal     func_80181A40              
/* 01680 809F37A0 8E840000 */  lw      $a0, 0x0000($s4)           ## 00000000
/* 01684 809F37A4 AE020004 */  sw      $v0, 0x0004($s0)           ## 00000004
/* 01688 809F37A8 3C04FFFF */  lui     $a0, 0xFFFF                ## $a0 = FFFF0000
/* 0168C 809F37AC 8E4202C0 */  lw      $v0, 0x02C0($s2)           ## 000002C0
/* 01690 809F37B0 3C18FA00 */  lui     $t8, 0xFA00                ## $t8 = FA000000
/* 01694 809F37B4 3718009B */  ori     $t8, $t8, 0x009B           ## $t8 = FA00009B
/* 01698 809F37B8 244F0008 */  addiu   $t7, $v0, 0x0008           ## $t7 = 00000008
/* 0169C 809F37BC AE4F02C0 */  sw      $t7, 0x02C0($s2)           ## 000002C0
/* 016A0 809F37C0 3C01430C */  lui     $at, 0x430C                ## $at = 430C0000
/* 016A4 809F37C4 AC580000 */  sw      $t8, 0x0000($v0)           ## 00000000
/* 016A8 809F37C8 C7AA0068 */  lwc1    $f10, 0x0068($sp)          
/* 016AC 809F37CC 44812000 */  mtc1    $at, $f4                   ## $f4 = 140.00
/* 016B0 809F37D0 3C0142E6 */  lui     $at, 0x42E6                ## $at = 42E60000
/* 016B4 809F37D4 44818000 */  mtc1    $at, $f16                  ## $f16 = 115.00
/* 016B8 809F37D8 460A2182 */  mul.s   $f6, $f4, $f10             
/* 016BC 809F37DC 240A0001 */  addiu   $t2, $zero, 0x0001         ## $t2 = 00000001
/* 016C0 809F37E0 3C0FFA00 */  lui     $t7, 0xFA00                ## $t7 = FA000000
/* 016C4 809F37E4 3C014F00 */  lui     $at, 0x4F00                ## $at = 4F000000
/* 016C8 809F37E8 93B800D3 */  lbu     $t8, 0x00D3($sp)           
/* 016CC 809F37EC 3C0BDE00 */  lui     $t3, 0xDE00                ## $t3 = DE000000
/* 016D0 809F37F0 35EF00FF */  ori     $t7, $t7, 0x00FF           ## $t7 = FA0000FF
/* 016D4 809F37F4 46103200 */  add.s   $f8, $f6, $f16             
/* 016D8 809F37F8 4459F800 */  cfc1    $t9, $f31                  
/* 016DC 809F37FC 44CAF800 */  ctc1    $t2, $f31                  
/* 016E0 809F3800 00000000 */  nop
/* 016E4 809F3804 460044A4 */  cvt.w.s $f18, $f8                  
/* 016E8 809F3808 444AF800 */  cfc1    $t2, $f31                  
/* 016EC 809F380C 00000000 */  nop
/* 016F0 809F3810 314A0078 */  andi    $t2, $t2, 0x0078           ## $t2 = 00000000
/* 016F4 809F3814 51400013 */  beql    $t2, $zero, .L809F3864     
/* 016F8 809F3818 440A9000 */  mfc1    $t2, $f18                  
/* 016FC 809F381C 44819000 */  mtc1    $at, $f18                  ## $f18 = 2147483648.00
/* 01700 809F3820 240A0001 */  addiu   $t2, $zero, 0x0001         ## $t2 = 00000001
/* 01704 809F3824 46124481 */  sub.s   $f18, $f8, $f18            
/* 01708 809F3828 44CAF800 */  ctc1    $t2, $f31                  
/* 0170C 809F382C 00000000 */  nop
/* 01710 809F3830 460094A4 */  cvt.w.s $f18, $f18                 
/* 01714 809F3834 444AF800 */  cfc1    $t2, $f31                  
/* 01718 809F3838 00000000 */  nop
/* 0171C 809F383C 314A0078 */  andi    $t2, $t2, 0x0078           ## $t2 = 00000000
/* 01720 809F3840 15400005 */  bne     $t2, $zero, .L809F3858     
/* 01724 809F3844 00000000 */  nop
/* 01728 809F3848 440A9000 */  mfc1    $t2, $f18                  
/* 0172C 809F384C 3C018000 */  lui     $at, 0x8000                ## $at = 80000000
/* 01730 809F3850 10000007 */  beq     $zero, $zero, .L809F3870   
/* 01734 809F3854 01415025 */  or      $t2, $t2, $at              ## $t2 = 80000000
.L809F3858:
/* 01738 809F3858 10000005 */  beq     $zero, $zero, .L809F3870   
/* 0173C 809F385C 240AFFFF */  addiu   $t2, $zero, 0xFFFF         ## $t2 = FFFFFFFF
/* 01740 809F3860 440A9000 */  mfc1    $t2, $f18                  
.L809F3864:
/* 01744 809F3864 00000000 */  nop
/* 01748 809F3868 0540FFFB */  bltz    $t2, .L809F3858            
/* 0174C 809F386C 00000000 */  nop
.L809F3870:
/* 01750 809F3870 314C00FF */  andi    $t4, $t2, 0x00FF           ## $t4 = 000000FF
/* 01754 809F3874 000C6A00 */  sll     $t5, $t4,  8               
/* 01758 809F3878 008D7025 */  or      $t6, $a0, $t5              ## $t6 = FFFF0000
/* 0175C 809F387C 44D9F800 */  ctc1    $t9, $f31                  
/* 01760 809F3880 01D8C825 */  or      $t9, $t6, $t8              ## $t9 = FFFF009B
/* 01764 809F3884 AC590004 */  sw      $t9, 0x0004($v0)           ## 00000004
/* 01768 809F3888 8E4302C0 */  lw      $v1, 0x02C0($s2)           ## 000002C0
/* 0176C 809F388C 3C0C0602 */  lui     $t4, 0x0602                ## $t4 = 06020000
/* 01770 809F3890 258C8CF0 */  addiu   $t4, $t4, 0x8CF0           ## $t4 = 06018CF0
/* 01774 809F3894 246A0008 */  addiu   $t2, $v1, 0x0008           ## $t2 = 00000008
/* 01778 809F3898 AE4A02C0 */  sw      $t2, 0x02C0($s2)           ## 000002C0
/* 0177C 809F389C AC6C0004 */  sw      $t4, 0x0004($v1)           ## 00000004
/* 01780 809F38A0 AC6B0000 */  sw      $t3, 0x0000($v1)           ## 00000000
/* 01784 809F38A4 8E4202C0 */  lw      $v0, 0x02C0($s2)           ## 000002C0
/* 01788 809F38A8 3C0142C8 */  lui     $at, 0x42C8                ## $at = 42C80000
/* 0178C 809F38AC 44812000 */  mtc1    $at, $f4                   ## $f4 = 100.00
/* 01790 809F38B0 244D0008 */  addiu   $t5, $v0, 0x0008           ## $t5 = 00000008
/* 01794 809F38B4 AE4D02C0 */  sw      $t5, 0x02C0($s2)           ## 000002C0
/* 01798 809F38B8 AC4F0000 */  sw      $t7, 0x0000($v0)           ## 00000000
/* 0179C 809F38BC C7AA0068 */  lwc1    $f10, 0x0068($sp)          
/* 017A0 809F38C0 3C014282 */  lui     $at, 0x4282                ## $at = 42820000
/* 017A4 809F38C4 44818000 */  mtc1    $at, $f16                  ## $f16 = 65.00
/* 017A8 809F38C8 460A2182 */  mul.s   $f6, $f4, $f10             
/* 017AC 809F38CC 24180001 */  addiu   $t8, $zero, 0x0001         ## $t8 = 00000001
/* 017B0 809F38D0 3C014F00 */  lui     $at, 0x4F00                ## $at = 4F000000
/* 017B4 809F38D4 93AF00D2 */  lbu     $t7, 0x00D2($sp)           
/* 017B8 809F38D8 3C19DE00 */  lui     $t9, 0xDE00                ## $t9 = DE000000
/* 017BC 809F38DC 46103200 */  add.s   $f8, $f6, $f16             
/* 017C0 809F38E0 444EF800 */  cfc1    $t6, $f31                  
/* 017C4 809F38E4 44D8F800 */  ctc1    $t8, $f31                  
/* 017C8 809F38E8 00000000 */  nop
/* 017CC 809F38EC 460044A4 */  cvt.w.s $f18, $f8                  
/* 017D0 809F38F0 4458F800 */  cfc1    $t8, $f31                  
/* 017D4 809F38F4 00000000 */  nop
/* 017D8 809F38F8 33180078 */  andi    $t8, $t8, 0x0078           ## $t8 = 00000000
/* 017DC 809F38FC 53000013 */  beql    $t8, $zero, .L809F394C     
/* 017E0 809F3900 44189000 */  mfc1    $t8, $f18                  
/* 017E4 809F3904 44819000 */  mtc1    $at, $f18                  ## $f18 = 2147483648.00
/* 017E8 809F3908 24180001 */  addiu   $t8, $zero, 0x0001         ## $t8 = 00000001
/* 017EC 809F390C 46124481 */  sub.s   $f18, $f8, $f18            
/* 017F0 809F3910 44D8F800 */  ctc1    $t8, $f31                  
/* 017F4 809F3914 00000000 */  nop
/* 017F8 809F3918 460094A4 */  cvt.w.s $f18, $f18                 
/* 017FC 809F391C 4458F800 */  cfc1    $t8, $f31                  
/* 01800 809F3920 00000000 */  nop
/* 01804 809F3924 33180078 */  andi    $t8, $t8, 0x0078           ## $t8 = 00000000
/* 01808 809F3928 17000005 */  bne     $t8, $zero, .L809F3940     
/* 0180C 809F392C 00000000 */  nop
/* 01810 809F3930 44189000 */  mfc1    $t8, $f18                  
/* 01814 809F3934 3C018000 */  lui     $at, 0x8000                ## $at = 80000000
/* 01818 809F3938 10000007 */  beq     $zero, $zero, .L809F3958   
/* 0181C 809F393C 0301C025 */  or      $t8, $t8, $at              ## $t8 = 80000000
.L809F3940:
/* 01820 809F3940 10000005 */  beq     $zero, $zero, .L809F3958   
/* 01824 809F3944 2418FFFF */  addiu   $t8, $zero, 0xFFFF         ## $t8 = FFFFFFFF
/* 01828 809F3948 44189000 */  mfc1    $t8, $f18                  
.L809F394C:
/* 0182C 809F394C 00000000 */  nop
/* 01830 809F3950 0700FFFB */  bltz    $t8, .L809F3940            
/* 01834 809F3954 00000000 */  nop
.L809F3958:
/* 01838 809F3958 330A00FF */  andi    $t2, $t8, 0x00FF           ## $t2 = 000000FF
/* 0183C 809F395C 000A5A00 */  sll     $t3, $t2,  8               
/* 01840 809F3960 008B6025 */  or      $t4, $a0, $t3              ## $t4 = FFFF0000
/* 01844 809F3964 44CEF800 */  ctc1    $t6, $f31                  
/* 01848 809F3968 018F7025 */  or      $t6, $t4, $t7              ## $t6 = FFFF00FF
/* 0184C 809F396C AC4E0004 */  sw      $t6, 0x0004($v0)           ## 00000004
/* 01850 809F3970 8E4302C0 */  lw      $v1, 0x02C0($s2)           ## 000002C0
/* 01854 809F3974 3C0A0602 */  lui     $t2, 0x0602                ## $t2 = 06020000
/* 01858 809F3978 254A8DE0 */  addiu   $t2, $t2, 0x8DE0           ## $t2 = 06018DE0
/* 0185C 809F397C 24780008 */  addiu   $t8, $v1, 0x0008           ## $t8 = 00000008
/* 01860 809F3980 AE5802C0 */  sw      $t8, 0x02C0($s2)           ## 000002C0
/* 01864 809F3984 AC6A0004 */  sw      $t2, 0x0004($v1)           ## 00000004
/* 01868 809F3988 AC790000 */  sw      $t9, 0x0000($v1)           ## 00000000
/* 0186C 809F398C 92630144 */  lbu     $v1, 0x0144($s3)           ## 00000144
/* 01870 809F3990 306B0001 */  andi    $t3, $v1, 0x0001           ## $t3 = 00000000
.L809F3994:
/* 01874 809F3994 116000E2 */  beq     $t3, $zero, .L809F3D20     
/* 01878 809F3998 C7A20068 */  lwc1    $f2, 0x0068($sp)           
/* 0187C 809F399C 8E4202B0 */  lw      $v0, 0x02B0($s2)           ## 000002B0
/* 01880 809F39A0 3C0CDB06 */  lui     $t4, 0xDB06                ## $t4 = DB060000
/* 01884 809F39A4 358C0020 */  ori     $t4, $t4, 0x0020           ## $t4 = DB060020
/* 01888 809F39A8 244D0008 */  addiu   $t5, $v0, 0x0008           ## $t5 = 00000008
/* 0188C 809F39AC AE4D02B0 */  sw      $t5, 0x02B0($s2)           ## 000002B0
/* 01890 809F39B0 AC4C0000 */  sw      $t4, 0x0000($v0)           ## 00000000
/* 01894 809F39B4 E7A20068 */  swc1    $f2, 0x0068($sp)           
/* 01898 809F39B8 26640200 */  addiu   $a0, $s3, 0x0200           ## $a0 = 00000200
/* 0189C 809F39BC 0C040141 */  jal     func_80100504              
/* 018A0 809F39C0 00408025 */  or      $s0, $v0, $zero            ## $s0 = 00000000
/* 018A4 809F39C4 AE020004 */  sw      $v0, 0x0004($s0)           ## 00000004
/* 018A8 809F39C8 C6640028 */  lwc1    $f4, 0x0028($s3)           ## 00000028
/* 018AC 809F39CC C66A01A8 */  lwc1    $f10, 0x01A8($s3)          ## 000001A8
/* 018B0 809F39D0 C66C0024 */  lwc1    $f12, 0x0024($s3)          ## 00000024
/* 018B4 809F39D4 8E66002C */  lw      $a2, 0x002C($s3)           ## 0000002C
/* 018B8 809F39D8 00003825 */  or      $a3, $zero, $zero          ## $a3 = 00000000
/* 018BC 809F39DC 0C0600A7 */  jal     func_8018029C              
/* 018C0 809F39E0 460A2380 */  add.s   $f14, $f4, $f10            
/* 018C4 809F39E4 C66C0058 */  lwc1    $f12, 0x0058($s3)          ## 00000058
/* 018C8 809F39E8 C66E005C */  lwc1    $f14, 0x005C($s3)          ## 0000005C
/* 018CC 809F39EC 24060000 */  addiu   $a2, $zero, 0x0000         ## $a2 = 00000000
/* 018D0 809F39F0 0C0600E7 */  jal     func_8018039C              
/* 018D4 809F39F4 24070001 */  addiu   $a3, $zero, 0x0001         ## $a3 = 00000001
/* 018D8 809F39F8 866400BE */  lh      $a0, 0x00BE($s3)           ## 000000BE
/* 018DC 809F39FC 0C06026B */  jal     func_801809AC              
/* 018E0 809F3A00 24050001 */  addiu   $a1, $zero, 0x0001         ## $a1 = 00000001
/* 018E4 809F3A04 8E4202B0 */  lw      $v0, 0x02B0($s2)           ## 000002B0
/* 018E8 809F3A08 3C0EDA38 */  lui     $t6, 0xDA38                ## $t6 = DA380000
/* 018EC 809F3A0C 35CE0003 */  ori     $t6, $t6, 0x0003           ## $t6 = DA380003
/* 018F0 809F3A10 244F0008 */  addiu   $t7, $v0, 0x0008           ## $t7 = 00000008
/* 018F4 809F3A14 AE4F02B0 */  sw      $t7, 0x02B0($s2)           ## 000002B0
/* 018F8 809F3A18 AC4E0000 */  sw      $t6, 0x0000($v0)           ## 00000000
/* 018FC 809F3A1C 8E840000 */  lw      $a0, 0x0000($s4)           ## 00000000
/* 01900 809F3A20 0C060690 */  jal     func_80181A40              
/* 01904 809F3A24 00408025 */  or      $s0, $v0, $zero            ## $s0 = 00000000
/* 01908 809F3A28 AE020004 */  sw      $v0, 0x0004($s0)           ## 00000004
/* 0190C 809F3A2C 8E4202B0 */  lw      $v0, 0x02B0($s2)           ## 000002B0
/* 01910 809F3A30 3C0A0602 */  lui     $t2, 0x0602                ## $t2 = 06020000
/* 01914 809F3A34 254A93B0 */  addiu   $t2, $t2, 0x93B0           ## $t2 = 060193B0
/* 01918 809F3A38 24580008 */  addiu   $t8, $v0, 0x0008           ## $t8 = 00000008
/* 0191C 809F3A3C AE5802B0 */  sw      $t8, 0x02B0($s2)           ## 000002B0
/* 01920 809F3A40 3C19DE00 */  lui     $t9, 0xDE00                ## $t9 = DE000000
/* 01924 809F3A44 AC590000 */  sw      $t9, 0x0000($v0)           ## 00000000
/* 01928 809F3A48 AC4A0004 */  sw      $t2, 0x0004($v0)           ## 00000004
/* 0192C 809F3A4C 44803000 */  mtc1    $zero, $f6                 ## $f6 = 0.00
/* 01930 809F3A50 C67001D8 */  lwc1    $f16, 0x01D8($s3)          ## 000001D8
/* 01934 809F3A54 3C0140E0 */  lui     $at, 0x40E0                ## $at = 40E00000
/* 01938 809F3A58 4610303C */  c.lt.s  $f6, $f16                  
/* 0193C 809F3A5C 00000000 */  nop
/* 01940 809F3A60 450200AD */  bc1fl   .L809F3D18                 
/* 01944 809F3A64 44815000 */  mtc1    $at, $f10                  ## $f10 = 7.00
/* 01948 809F3A68 3C0142A8 */  lui     $at, 0x42A8                ## $at = 42A80000
/* 0194C 809F3A6C 44819000 */  mtc1    $at, $f18                  ## $f18 = 84.00
/* 01950 809F3A70 3C014000 */  lui     $at, 0x4000                ## $at = 40000000
/* 01954 809F3A74 44815000 */  mtc1    $at, $f10                  ## $f10 = 2.00
/* 01958 809F3A78 C664002C */  lwc1    $f4, 0x002C($s3)           ## 0000002C
/* 0195C 809F3A7C C6680028 */  lwc1    $f8, 0x0028($s3)           ## 00000028
/* 01960 809F3A80 C66C0024 */  lwc1    $f12, 0x0024($s3)          ## 00000024
/* 01964 809F3A84 460A2181 */  sub.s   $f6, $f4, $f10             
/* 01968 809F3A88 00003825 */  or      $a3, $zero, $zero          ## $a3 = 00000000
/* 0196C 809F3A8C 46124380 */  add.s   $f14, $f8, $f18            
/* 01970 809F3A90 44063000 */  mfc1    $a2, $f6                   
/* 01974 809F3A94 0C0600A7 */  jal     func_8018029C              
/* 01978 809F3A98 00000000 */  nop
/* 0197C 809F3A9C 866400BE */  lh      $a0, 0x00BE($s3)           ## 000000BE
/* 01980 809F3AA0 0C06026B */  jal     func_801809AC              
/* 01984 809F3AA4 24050001 */  addiu   $a1, $zero, 0x0001         ## $a1 = 00000001
/* 01988 809F3AA8 24040001 */  addiu   $a0, $zero, 0x0001         ## $a0 = 00000001
/* 0198C 809F3AAC 240571A5 */  addiu   $a1, $zero, 0x71A5         ## $a1 = 000071A5
/* 01990 809F3AB0 0C27C848 */  jal     func_809F2120              
/* 01994 809F3AB4 2406263A */  addiu   $a2, $zero, 0x263A         ## $a2 = 0000263A
/* 01998 809F3AB8 8E4302C0 */  lw      $v1, 0x02C0($s2)           ## 000002C0
/* 0199C 809F3ABC 3C0DFB00 */  lui     $t5, 0xFB00                ## $t5 = FB000000
/* 019A0 809F3AC0 3C0CFF0A */  lui     $t4, 0xFF0A                ## $t4 = FF0A0000
/* 019A4 809F3AC4 246B0008 */  addiu   $t3, $v1, 0x0008           ## $t3 = 00000008
/* 019A8 809F3AC8 AE4B02C0 */  sw      $t3, 0x02C0($s2)           ## 000002C0
/* 019AC 809F3ACC AC6C0004 */  sw      $t4, 0x0004($v1)           ## 00000004
/* 019B0 809F3AD0 AC6D0000 */  sw      $t5, 0x0000($v1)           ## 00000000
/* 019B4 809F3AD4 8E4302C0 */  lw      $v1, 0x02C0($s2)           ## 000002C0
/* 019B8 809F3AD8 3C0EFA00 */  lui     $t6, 0xFA00                ## $t6 = FA000000
/* 019BC 809F3ADC 3C18FFFF */  lui     $t8, 0xFFFF                ## $t8 = FFFF0000
/* 019C0 809F3AE0 246F0008 */  addiu   $t7, $v1, 0x0008           ## $t7 = 00000008
/* 019C4 809F3AE4 AE4F02C0 */  sw      $t7, 0x02C0($s2)           ## 000002C0
/* 019C8 809F3AE8 371800E6 */  ori     $t8, $t8, 0x00E6           ## $t8 = FFFF00E6
/* 019CC 809F3AEC 35CE8080 */  ori     $t6, $t6, 0x8080           ## $t6 = FA008080
/* 019D0 809F3AF0 AC6E0000 */  sw      $t6, 0x0000($v1)           ## 00000000
/* 019D4 809F3AF4 AC780004 */  sw      $t8, 0x0004($v1)           ## 00000004
/* 019D8 809F3AF8 3C014200 */  lui     $at, 0x4200                ## $at = 42000000
/* 019DC 809F3AFC 4481A000 */  mtc1    $at, $f20                  ## $f20 = 32.00
/* 019E0 809F3B00 3C0141F0 */  lui     $at, 0x41F0                ## $at = 41F00000
/* 019E4 809F3B04 3C10809F */  lui     $s0, %hi(D_809F4370)       ## $s0 = 809F0000
/* 019E8 809F3B08 44811000 */  mtc1    $at, $f2                   ## $f2 = 30.00
/* 019EC 809F3B0C 26104370 */  addiu   $s0, $s0, %lo(D_809F4370)  ## $s0 = 809F4370
/* 019F0 809F3B10 00008825 */  or      $s1, $zero, $zero          ## $s1 = 00000000
.L809F3B14:
/* 019F4 809F3B14 C6100000 */  lwc1    $f16, 0x0000($s0)          ## 809F4370
/* 019F8 809F3B18 46148001 */  sub.s   $f0, $f16, $f20            
/* 019FC 809F3B1C 46000005 */  abs.s   $f0, $f0                   
/* 01A00 809F3B20 4602003C */  c.lt.s  $f0, $f2                   
/* 01A04 809F3B24 00000000 */  nop
/* 01A08 809F3B28 45020075 */  bc1fl   .L809F3D00                 
/* 01A0C 809F3B2C 26310001 */  addiu   $s1, $s1, 0x0001           ## $s1 = 00000001
/* 01A10 809F3B30 C6080004 */  lwc1    $f8, 0x0004($s0)           ## 809F4374
/* 01A14 809F3B34 0011C880 */  sll     $t9, $s1,  2               
/* 01A18 809F3B38 3C010001 */  lui     $at, 0x0001                ## $at = 00010000
/* 01A1C 809F3B3C 46144001 */  sub.s   $f0, $f8, $f20             
/* 01A20 809F3B40 34218000 */  ori     $at, $at, 0x8000           ## $at = 00018000
/* 01A24 809F3B44 0331C821 */  addu    $t9, $t9, $s1              
/* 01A28 809F3B48 3C0A0408 */  lui     $t2, 0x0408                ## $t2 = 04080000
/* 01A2C 809F3B4C 46000005 */  abs.s   $f0, $f0                   
/* 01A30 809F3B50 254AD590 */  addiu   $t2, $t2, 0xD590           ## $t2 = 0407D590
/* 01A34 809F3B54 4602003C */  c.lt.s  $f0, $f2                   
/* 01A38 809F3B58 0019C840 */  sll     $t9, $t9,  1               
/* 01A3C 809F3B5C 02815821 */  addu    $t3, $s4, $at              
/* 01A40 809F3B60 45020067 */  bc1fl   .L809F3D00                 
/* 01A44 809F3B64 26310001 */  addiu   $s1, $s1, 0x0001           ## $s1 = 00000002
/* 01A48 809F3B68 AFB90060 */  sw      $t9, 0x0060($sp)           
/* 01A4C 809F3B6C AFAA005C */  sw      $t2, 0x005C($sp)           
/* 01A50 809F3B70 0C060067 */  jal     func_8018019C              
/* 01A54 809F3B74 AFAB0058 */  sw      $t3, 0x0058($sp)           
/* 01A58 809F3B78 8E4302C0 */  lw      $v1, 0x02C0($s2)           ## 000002C0
/* 01A5C 809F3B7C 3C0CDB06 */  lui     $t4, 0xDB06                ## $t4 = DB060000
/* 01A60 809F3B80 358C0020 */  ori     $t4, $t4, 0x0020           ## $t4 = DB060020
/* 01A64 809F3B84 246D0008 */  addiu   $t5, $v1, 0x0008           ## $t5 = 00000008
/* 01A68 809F3B88 AE4D02C0 */  sw      $t5, 0x02C0($s2)           ## 000002C0
/* 01A6C 809F3B8C AC6C0000 */  sw      $t4, 0x0000($v1)           ## 00000000
/* 01A70 809F3B90 8E840000 */  lw      $a0, 0x0000($s4)           ## 00000000
/* 01A74 809F3B94 8FB90058 */  lw      $t9, 0x0058($sp)           
/* 01A78 809F3B98 240F0020 */  addiu   $t7, $zero, 0x0020         ## $t7 = 00000020
/* 01A7C 809F3B9C 240E0040 */  addiu   $t6, $zero, 0x0040         ## $t6 = 00000040
/* 01A80 809F3BA0 24180001 */  addiu   $t8, $zero, 0x0001         ## $t8 = 00000001
/* 01A84 809F3BA4 AFB80018 */  sw      $t8, 0x0018($sp)           
/* 01A88 809F3BA8 AFAE0014 */  sw      $t6, 0x0014($sp)           
/* 01A8C 809F3BAC AFAF0010 */  sw      $t7, 0x0010($sp)           
/* 01A90 809F3BB0 AFA0001C */  sw      $zero, 0x001C($sp)         
/* 01A94 809F3BB4 8FAB0060 */  lw      $t3, 0x0060($sp)           
/* 01A98 809F3BB8 8F2A0840 */  lw      $t2, 0x0840($t9)           ## 00000840
/* 01A9C 809F3BBC 240E0020 */  addiu   $t6, $zero, 0x0020         ## $t6 = 00000020
/* 01AA0 809F3BC0 24180080 */  addiu   $t8, $zero, 0x0080         ## $t8 = 00000080
/* 01AA4 809F3BC4 014B6821 */  addu    $t5, $t2, $t3              
/* 01AA8 809F3BC8 000D0823 */  subu    $at, $zero, $t5            
/* 01AAC 809F3BCC 00016080 */  sll     $t4, $at,  2               
/* 01AB0 809F3BD0 01816021 */  addu    $t4, $t4, $at              
/* 01AB4 809F3BD4 000C6080 */  sll     $t4, $t4,  2               
/* 01AB8 809F3BD8 318F01FF */  andi    $t7, $t4, 0x01FF           ## $t7 = 00000020
/* 01ABC 809F3BDC AFAF0020 */  sw      $t7, 0x0020($sp)           
/* 01AC0 809F3BE0 AFB80028 */  sw      $t8, 0x0028($sp)           
/* 01AC4 809F3BE4 AFAE0024 */  sw      $t6, 0x0024($sp)           
/* 01AC8 809F3BE8 00002825 */  or      $a1, $zero, $zero          ## $a1 = 00000000
/* 01ACC 809F3BEC 00003025 */  or      $a2, $zero, $zero          ## $a2 = 00000000
/* 01AD0 809F3BF0 00003825 */  or      $a3, $zero, $zero          ## $a3 = 00000000
/* 01AD4 809F3BF4 0C04B2F4 */  jal     func_8012CBD0              
/* 01AD8 809F3BF8 AFA30090 */  sw      $v1, 0x0090($sp)           
/* 01ADC 809F3BFC 8FA80090 */  lw      $t0, 0x0090($sp)           
/* 01AE0 809F3C00 AD020004 */  sw      $v0, 0x0004($t0)           ## 00000004
/* 01AE4 809F3C04 C6120000 */  lwc1    $f18, 0x0000($s0)          ## 809F4370
/* 01AE8 809F3C08 C60A0004 */  lwc1    $f10, 0x0004($s0)          ## 809F4374
/* 01AEC 809F3C0C 3C01809F */  lui     $at, %hi(D_809F4168)       ## $at = 809F0000
/* 01AF0 809F3C10 46149101 */  sub.s   $f4, $f18, $f20            
/* 01AF4 809F3C14 C4204168 */  lwc1    $f0, %lo(D_809F4168)($at)  
/* 01AF8 809F3C18 24060000 */  addiu   $a2, $zero, 0x0000         ## $a2 = 00000000
/* 01AFC 809F3C1C 46145181 */  sub.s   $f6, $f10, $f20            
/* 01B00 809F3C20 46002302 */  mul.s   $f12, $f4, $f0             
/* 01B04 809F3C24 24070001 */  addiu   $a3, $zero, 0x0001         ## $a3 = 00000001
/* 01B08 809F3C28 46003382 */  mul.s   $f14, $f6, $f0             
/* 01B0C 809F3C2C 0C0600A7 */  jal     func_8018029C              
/* 01B10 809F3C30 00000000 */  nop
/* 01B14 809F3C34 44918000 */  mtc1    $s1, $f16                  ## $f16 = 0.00
/* 01B18 809F3C38 3C01809F */  lui     $at, %hi(D_809F416C)       ## $at = 809F0000
/* 01B1C 809F3C3C C432416C */  lwc1    $f18, %lo(D_809F416C)($at) 
/* 01B20 809F3C40 46808220 */  cvt.s.w $f8, $f16                  
/* 01B24 809F3C44 24050001 */  addiu   $a1, $zero, 0x0001         ## $a1 = 00000001
/* 01B28 809F3C48 46124302 */  mul.s   $f12, $f8, $f18            
/* 01B2C 809F3C4C 0C0603A4 */  jal     func_80180E90              
/* 01B30 809F3C50 00000000 */  nop
/* 01B34 809F3C54 0C27C850 */  jal     func_809F2140              
/* 01B38 809F3C58 00000000 */  nop
/* 01B3C 809F3C5C 3C013F00 */  lui     $at, 0x3F00                ## $at = 3F000000
/* 01B40 809F3C60 44812000 */  mtc1    $at, $f4                   ## $f4 = 0.50
/* 01B44 809F3C64 3C01809F */  lui     $at, %hi(D_809F4170)       ## $at = 809F0000
/* 01B48 809F3C68 24050001 */  addiu   $a1, $zero, 0x0001         ## $a1 = 00000001
/* 01B4C 809F3C6C 4604003C */  c.lt.s  $f0, $f4                   
/* 01B50 809F3C70 00000000 */  nop
/* 01B54 809F3C74 45020004 */  bc1fl   .L809F3C88                 
/* 01B58 809F3C78 C66E01D8 */  lwc1    $f14, 0x01D8($s3)          ## 000001D8
/* 01B5C 809F3C7C 0C0602D2 */  jal     func_80180B48              
/* 01B60 809F3C80 C42C4170 */  lwc1    $f12, %lo(D_809F4170)($at) 
/* 01B64 809F3C84 C66E01D8 */  lwc1    $f14, 0x01D8($s3)          ## 000001D8
.L809F3C88:
/* 01B68 809F3C88 3C01809F */  lui     $at, %hi(D_809F4174)       ## $at = 809F0000
/* 01B6C 809F3C8C C42C4174 */  lwc1    $f12, %lo(D_809F4174)($at) 
/* 01B70 809F3C90 3C063F80 */  lui     $a2, 0x3F80                ## $a2 = 3F800000
/* 01B74 809F3C94 24070001 */  addiu   $a3, $zero, 0x0001         ## $a3 = 00000001
/* 01B78 809F3C98 0C0600E7 */  jal     func_8018039C              
/* 01B7C 809F3C9C 46007387 */  neg.s   $f14, $f14                 
/* 01B80 809F3CA0 8E4302C0 */  lw      $v1, 0x02C0($s2)           ## 000002C0
/* 01B84 809F3CA4 3C0ADA38 */  lui     $t2, 0xDA38                ## $t2 = DA380000
/* 01B88 809F3CA8 354A0003 */  ori     $t2, $t2, 0x0003           ## $t2 = DA380003
/* 01B8C 809F3CAC 24790008 */  addiu   $t9, $v1, 0x0008           ## $t9 = 00000008
/* 01B90 809F3CB0 AE5902C0 */  sw      $t9, 0x02C0($s2)           ## 000002C0
/* 01B94 809F3CB4 AC6A0000 */  sw      $t2, 0x0000($v1)           ## 00000000
/* 01B98 809F3CB8 8E840000 */  lw      $a0, 0x0000($s4)           ## 00000000
/* 01B9C 809F3CBC 0C060690 */  jal     func_80181A40              
/* 01BA0 809F3CC0 AFA3008C */  sw      $v1, 0x008C($sp)           
/* 01BA4 809F3CC4 8FA5008C */  lw      $a1, 0x008C($sp)           
/* 01BA8 809F3CC8 ACA20004 */  sw      $v0, 0x0004($a1)           ## 00000004
/* 01BAC 809F3CCC 8E4302C0 */  lw      $v1, 0x02C0($s2)           ## 000002C0
/* 01BB0 809F3CD0 3C0DDE00 */  lui     $t5, 0xDE00                ## $t5 = DE000000
/* 01BB4 809F3CD4 246B0008 */  addiu   $t3, $v1, 0x0008           ## $t3 = 00000008
/* 01BB8 809F3CD8 AE4B02C0 */  sw      $t3, 0x02C0($s2)           ## 000002C0
/* 01BBC 809F3CDC AC6D0000 */  sw      $t5, 0x0000($v1)           ## 00000000
/* 01BC0 809F3CE0 8FAC005C */  lw      $t4, 0x005C($sp)           
/* 01BC4 809F3CE4 AC6C0004 */  sw      $t4, 0x0004($v1)           ## 00000004
/* 01BC8 809F3CE8 0C060073 */  jal     func_801801CC              
/* 01BCC 809F3CEC 00000000 */  nop
/* 01BD0 809F3CF0 3C0141F0 */  lui     $at, 0x41F0                ## $at = 41F00000
/* 01BD4 809F3CF4 44811000 */  mtc1    $at, $f2                   ## $f2 = 30.00
/* 01BD8 809F3CF8 00000000 */  nop
/* 01BDC 809F3CFC 26310001 */  addiu   $s1, $s1, 0x0001           ## $s1 = 00000003
.L809F3D00:
/* 01BE0 809F3D00 24010080 */  addiu   $at, $zero, 0x0080         ## $at = 00000080
/* 01BE4 809F3D04 1621FF83 */  bne     $s1, $at, .L809F3B14       
/* 01BE8 809F3D08 2610000C */  addiu   $s0, $s0, 0x000C           ## $s0 = 809F437C
/* 01BEC 809F3D0C 10000004 */  beq     $zero, $zero, .L809F3D20   
/* 01BF0 809F3D10 C7A20068 */  lwc1    $f2, 0x0068($sp)           
/* 01BF4 809F3D14 44815000 */  mtc1    $at, $f10                  ## $f10 = 0.00
.L809F3D18:
/* 01BF8 809F3D18 C7A20068 */  lwc1    $f2, 0x0068($sp)           
/* 01BFC 809F3D1C E7AA00E0 */  swc1    $f10, 0x00E0($sp)          
.L809F3D20:
/* 01C00 809F3D20 44803000 */  mtc1    $zero, $f6                 ## $f6 = 0.00
/* 01C04 809F3D24 C67001DC */  lwc1    $f16, 0x01DC($s3)          ## 000001DC
/* 01C08 809F3D28 3C014248 */  lui     $at, 0x4248                ## $at = 42480000
/* 01C0C 809F3D2C 4610303C */  c.lt.s  $f6, $f16                  
/* 01C10 809F3D30 00000000 */  nop
/* 01C14 809F3D34 450200C9 */  bc1fl   .L809F405C                 
/* 01C18 809F3D38 8FBF0054 */  lw      $ra, 0x0054($sp)           
/* 01C1C 809F3D3C 44810000 */  mtc1    $at, $f0                   ## $f0 = 50.00
/* 01C20 809F3D40 00000000 */  nop
/* 01C24 809F3D44 46020102 */  mul.s   $f4, $f0, $f2              
/* 01C28 809F3D48 C66801E0 */  lwc1    $f8, 0x01E0($s3)           ## 000001E0
/* 01C2C 809F3D4C 24100001 */  addiu   $s0, $zero, 0x0001         ## $s0 = 00000001
/* 01C30 809F3D50 46004481 */  sub.s   $f18, $f8, $f0             
/* 01C34 809F3D54 46049280 */  add.s   $f10, $f18, $f4            
/* 01C38 809F3D58 444FF800 */  cfc1    $t7, $f31                  
/* 01C3C 809F3D5C 44D0F800 */  ctc1    $s0, $f31                  
/* 01C40 809F3D60 00000000 */  nop
/* 01C44 809F3D64 460051A4 */  cvt.w.s $f6, $f10                  
/* 01C48 809F3D68 4450F800 */  cfc1    $s0, $f31                  
/* 01C4C 809F3D6C 00000000 */  nop
/* 01C50 809F3D70 32100078 */  andi    $s0, $s0, 0x0078           ## $s0 = 00000000
/* 01C54 809F3D74 12000012 */  beq     $s0, $zero, .L809F3DC0     
/* 01C58 809F3D78 3C014F00 */  lui     $at, 0x4F00                ## $at = 4F000000
/* 01C5C 809F3D7C 44813000 */  mtc1    $at, $f6                   ## $f6 = 2147483648.00
/* 01C60 809F3D80 24100001 */  addiu   $s0, $zero, 0x0001         ## $s0 = 00000001
/* 01C64 809F3D84 46065181 */  sub.s   $f6, $f10, $f6             
/* 01C68 809F3D88 44D0F800 */  ctc1    $s0, $f31                  
/* 01C6C 809F3D8C 00000000 */  nop
/* 01C70 809F3D90 460031A4 */  cvt.w.s $f6, $f6                   
/* 01C74 809F3D94 4450F800 */  cfc1    $s0, $f31                  
/* 01C78 809F3D98 00000000 */  nop
/* 01C7C 809F3D9C 32100078 */  andi    $s0, $s0, 0x0078           ## $s0 = 00000000
/* 01C80 809F3DA0 16000005 */  bne     $s0, $zero, .L809F3DB8     
/* 01C84 809F3DA4 00000000 */  nop
/* 01C88 809F3DA8 44103000 */  mfc1    $s0, $f6                   
/* 01C8C 809F3DAC 3C018000 */  lui     $at, 0x8000                ## $at = 80000000
/* 01C90 809F3DB0 10000007 */  beq     $zero, $zero, .L809F3DD0   
/* 01C94 809F3DB4 02018025 */  or      $s0, $s0, $at              ## $s0 = 80000000
.L809F3DB8:
/* 01C98 809F3DB8 10000005 */  beq     $zero, $zero, .L809F3DD0   
/* 01C9C 809F3DBC 2410FFFF */  addiu   $s0, $zero, 0xFFFF         ## $s0 = FFFFFFFF
.L809F3DC0:
/* 01CA0 809F3DC0 44103000 */  mfc1    $s0, $f6                   
/* 01CA4 809F3DC4 00000000 */  nop
/* 01CA8 809F3DC8 0600FFFB */  bltz    $s0, .L809F3DB8            
/* 01CAC 809F3DCC 00000000 */  nop
.L809F3DD0:
/* 01CB0 809F3DD0 44CFF800 */  ctc1    $t7, $f31                  
/* 01CB4 809F3DD4 C6700024 */  lwc1    $f16, 0x0024($s3)          ## 00000024
/* 01CB8 809F3DD8 C66801B0 */  lwc1    $f8, 0x01B0($s3)           ## 000001B0
/* 01CBC 809F3DDC 3C0142A8 */  lui     $at, 0x42A8                ## $at = 42A80000
/* 01CC0 809F3DE0 44812000 */  mtc1    $at, $f4                   ## $f4 = 84.00
/* 01CC4 809F3DE4 C6720028 */  lwc1    $f18, 0x0028($s3)          ## 00000028
/* 01CC8 809F3DE8 46088300 */  add.s   $f12, $f16, $f8            
/* 01CCC 809F3DEC 3C014000 */  lui     $at, 0x4000                ## $at = 40000000
/* 01CD0 809F3DF0 44814000 */  mtc1    $at, $f8                   ## $f8 = 2.00
/* 01CD4 809F3DF4 46049280 */  add.s   $f10, $f18, $f4            
/* 01CD8 809F3DF8 C66601B4 */  lwc1    $f6, 0x01B4($s3)           ## 000001B4
/* 01CDC 809F3DFC 3C010001 */  lui     $at, 0x0001                ## $at = 00010000
/* 01CE0 809F3E00 34218000 */  ori     $at, $at, 0x8000           ## $at = 00018000
/* 01CE4 809F3E04 02817021 */  addu    $t6, $s4, $at              
/* 01CE8 809F3E08 46065380 */  add.s   $f14, $f10, $f6            
/* 01CEC 809F3E0C C670002C */  lwc1    $f16, 0x002C($s3)          ## 0000002C
/* 01CF0 809F3E10 3C0142C8 */  lui     $at, 0x42C8                ## $at = 42C80000
/* 01CF4 809F3E14 44813000 */  mtc1    $at, $f6                   ## $f6 = 100.00
/* 01CF8 809F3E18 46088481 */  sub.s   $f18, $f16, $f8            
/* 01CFC 809F3E1C C7A400E0 */  lwc1    $f4, 0x00E0($sp)           
/* 01D00 809F3E20 46023402 */  mul.s   $f16, $f6, $f2             
/* 01D04 809F3E24 3C014282 */  lui     $at, 0x4282                ## $at = 42820000
/* 01D08 809F3E28 44814000 */  mtc1    $at, $f8                   ## $f8 = 65.00
/* 01D0C 809F3E2C 24190001 */  addiu   $t9, $zero, 0x0001         ## $t9 = 00000001
/* 01D10 809F3E30 321000FF */  andi    $s0, $s0, 0x00FF           ## $s0 = 000000FF
/* 01D14 809F3E34 46049280 */  add.s   $f10, $f18, $f4            
/* 01D18 809F3E38 AFAE0058 */  sw      $t6, 0x0058($sp)           
/* 01D1C 809F3E3C 00003825 */  or      $a3, $zero, $zero          ## $a3 = 00000000
/* 01D20 809F3E40 46088480 */  add.s   $f18, $f16, $f8            
/* 01D24 809F3E44 44065000 */  mfc1    $a2, $f10                  
/* 01D28 809F3E48 4458F800 */  cfc1    $t8, $f31                  
/* 01D2C 809F3E4C 44D9F800 */  ctc1    $t9, $f31                  
/* 01D30 809F3E50 00000000 */  nop
/* 01D34 809F3E54 46009124 */  cvt.w.s $f4, $f18                  
/* 01D38 809F3E58 4459F800 */  cfc1    $t9, $f31                  
/* 01D3C 809F3E5C 00000000 */  nop
/* 01D40 809F3E60 33390078 */  andi    $t9, $t9, 0x0078           ## $t9 = 00000000
/* 01D44 809F3E64 13200012 */  beq     $t9, $zero, .L809F3EB0     
/* 01D48 809F3E68 3C014F00 */  lui     $at, 0x4F00                ## $at = 4F000000
/* 01D4C 809F3E6C 44812000 */  mtc1    $at, $f4                   ## $f4 = 2147483648.00
/* 01D50 809F3E70 24190001 */  addiu   $t9, $zero, 0x0001         ## $t9 = 00000001
/* 01D54 809F3E74 46049101 */  sub.s   $f4, $f18, $f4             
/* 01D58 809F3E78 44D9F800 */  ctc1    $t9, $f31                  
/* 01D5C 809F3E7C 00000000 */  nop
/* 01D60 809F3E80 46002124 */  cvt.w.s $f4, $f4                   
/* 01D64 809F3E84 4459F800 */  cfc1    $t9, $f31                  
/* 01D68 809F3E88 00000000 */  nop
/* 01D6C 809F3E8C 33390078 */  andi    $t9, $t9, 0x0078           ## $t9 = 00000000
/* 01D70 809F3E90 17200005 */  bne     $t9, $zero, .L809F3EA8     
/* 01D74 809F3E94 00000000 */  nop
/* 01D78 809F3E98 44192000 */  mfc1    $t9, $f4                   
/* 01D7C 809F3E9C 3C018000 */  lui     $at, 0x8000                ## $at = 80000000
/* 01D80 809F3EA0 10000007 */  beq     $zero, $zero, .L809F3EC0   
/* 01D84 809F3EA4 0321C825 */  or      $t9, $t9, $at              ## $t9 = 80000000
.L809F3EA8:
/* 01D88 809F3EA8 10000005 */  beq     $zero, $zero, .L809F3EC0   
/* 01D8C 809F3EAC 2419FFFF */  addiu   $t9, $zero, 0xFFFF         ## $t9 = FFFFFFFF
.L809F3EB0:
/* 01D90 809F3EB0 44192000 */  mfc1    $t9, $f4                   
/* 01D94 809F3EB4 00000000 */  nop
/* 01D98 809F3EB8 0720FFFB */  bltz    $t9, .L809F3EA8            
/* 01D9C 809F3EBC 00000000 */  nop
.L809F3EC0:
/* 01DA0 809F3EC0 3C01430C */  lui     $at, 0x430C                ## $at = 430C0000
/* 01DA4 809F3EC4 44D8F800 */  ctc1    $t8, $f31                  
/* 01DA8 809F3EC8 44815000 */  mtc1    $at, $f10                  ## $f10 = 140.00
/* 01DAC 809F3ECC 3C0142E6 */  lui     $at, 0x42E6                ## $at = 42E60000
/* 01DB0 809F3ED0 44818000 */  mtc1    $at, $f16                  ## $f16 = 115.00
/* 01DB4 809F3ED4 46025182 */  mul.s   $f6, $f10, $f2             
/* 01DB8 809F3ED8 24110001 */  addiu   $s1, $zero, 0x0001         ## $s1 = 00000001
/* 01DBC 809F3EDC 332B00FF */  andi    $t3, $t9, 0x00FF           ## $t3 = 000000FF
/* 01DC0 809F3EE0 000B6A00 */  sll     $t5, $t3,  8               
/* 01DC4 809F3EE4 AFAD0064 */  sw      $t5, 0x0064($sp)           
/* 01DC8 809F3EE8 46103200 */  add.s   $f8, $f6, $f16             
/* 01DCC 809F3EEC 444CF800 */  cfc1    $t4, $f31                  
/* 01DD0 809F3EF0 44D1F800 */  ctc1    $s1, $f31                  
/* 01DD4 809F3EF4 00000000 */  nop
/* 01DD8 809F3EF8 460044A4 */  cvt.w.s $f18, $f8                  
/* 01DDC 809F3EFC 4451F800 */  cfc1    $s1, $f31                  
/* 01DE0 809F3F00 00000000 */  nop
/* 01DE4 809F3F04 32310078 */  andi    $s1, $s1, 0x0078           ## $s1 = 00000000
/* 01DE8 809F3F08 12200012 */  beq     $s1, $zero, .L809F3F54     
/* 01DEC 809F3F0C 3C014F00 */  lui     $at, 0x4F00                ## $at = 4F000000
/* 01DF0 809F3F10 44819000 */  mtc1    $at, $f18                  ## $f18 = 2147483648.00
/* 01DF4 809F3F14 24110001 */  addiu   $s1, $zero, 0x0001         ## $s1 = 00000001
/* 01DF8 809F3F18 46124481 */  sub.s   $f18, $f8, $f18            
/* 01DFC 809F3F1C 44D1F800 */  ctc1    $s1, $f31                  
/* 01E00 809F3F20 00000000 */  nop
/* 01E04 809F3F24 460094A4 */  cvt.w.s $f18, $f18                 
/* 01E08 809F3F28 4451F800 */  cfc1    $s1, $f31                  
/* 01E0C 809F3F2C 00000000 */  nop
/* 01E10 809F3F30 32310078 */  andi    $s1, $s1, 0x0078           ## $s1 = 00000000
/* 01E14 809F3F34 16200005 */  bne     $s1, $zero, .L809F3F4C     
/* 01E18 809F3F38 00000000 */  nop
/* 01E1C 809F3F3C 44119000 */  mfc1    $s1, $f18                  
/* 01E20 809F3F40 3C018000 */  lui     $at, 0x8000                ## $at = 80000000
/* 01E24 809F3F44 10000007 */  beq     $zero, $zero, .L809F3F64   
/* 01E28 809F3F48 02218825 */  or      $s1, $s1, $at              ## $s1 = 80000000
.L809F3F4C:
/* 01E2C 809F3F4C 10000005 */  beq     $zero, $zero, .L809F3F64   
/* 01E30 809F3F50 2411FFFF */  addiu   $s1, $zero, 0xFFFF         ## $s1 = FFFFFFFF
.L809F3F54:
/* 01E34 809F3F54 44119000 */  mfc1    $s1, $f18                  
/* 01E38 809F3F58 00000000 */  nop
/* 01E3C 809F3F5C 0620FFFB */  bltz    $s1, .L809F3F4C            
/* 01E40 809F3F60 00000000 */  nop
.L809F3F64:
/* 01E44 809F3F64 323100FF */  andi    $s1, $s1, 0x00FF           ## $s1 = 000000FF
/* 01E48 809F3F68 00118A00 */  sll     $s1, $s1,  8               
/* 01E4C 809F3F6C 44CCF800 */  ctc1    $t4, $f31                  
/* 01E50 809F3F70 3C01FFFF */  lui     $at, 0xFFFF                ## $at = FFFF0000
/* 01E54 809F3F74 0C0600A7 */  jal     func_8018029C              
/* 01E58 809F3F78 02218825 */  or      $s1, $s1, $at              ## $s1 = FFFF00FF
/* 01E5C 809F3F7C 8E4302C0 */  lw      $v1, 0x02C0($s2)           ## 000002C0
/* 01E60 809F3F80 3C180402 */  lui     $t8, 0x0402                ## $t8 = 04020000
/* 01E64 809F3F84 27183348 */  addiu   $t8, $t8, 0x3348           ## $t8 = 04023348
/* 01E68 809F3F88 246F0008 */  addiu   $t7, $v1, 0x0008           ## $t7 = 00000008
/* 01E6C 809F3F8C AE4F02C0 */  sw      $t7, 0x02C0($s2)           ## 000002C0
/* 01E70 809F3F90 3C0EDE00 */  lui     $t6, 0xDE00                ## $t6 = DE000000
/* 01E74 809F3F94 AC6E0000 */  sw      $t6, 0x0000($v1)           ## 00000000
/* 01E78 809F3F98 AC780004 */  sw      $t8, 0x0004($v1)           ## 00000004
/* 01E7C 809F3F9C 8E4302C0 */  lw      $v1, 0x02C0($s2)           ## 000002C0
/* 01E80 809F3FA0 320B00FF */  andi    $t3, $s0, 0x00FF           ## $t3 = 000000FF
/* 01E84 809F3FA4 022B6825 */  or      $t5, $s1, $t3              ## $t5 = FFFF00FF
/* 01E88 809F3FA8 24790008 */  addiu   $t9, $v1, 0x0008           ## $t9 = 00000008
/* 01E8C 809F3FAC AE5902C0 */  sw      $t9, 0x02C0($s2)           ## 000002C0
/* 01E90 809F3FB0 3C0AFA00 */  lui     $t2, 0xFA00                ## $t2 = FA000000
/* 01E94 809F3FB4 AC6A0000 */  sw      $t2, 0x0000($v1)           ## 00000000
/* 01E98 809F3FB8 AC6D0004 */  sw      $t5, 0x0004($v1)           ## 00000004
/* 01E9C 809F3FBC 8E4302C0 */  lw      $v1, 0x02C0($s2)           ## 000002C0
/* 01EA0 809F3FC0 3C0FFB00 */  lui     $t7, 0xFB00                ## $t7 = FB000000
/* 01EA4 809F3FC4 3C01FFCD */  lui     $at, 0xFFCD                ## $at = FFCD0000
/* 01EA8 809F3FC8 246C0008 */  addiu   $t4, $v1, 0x0008           ## $t4 = 00000008
/* 01EAC 809F3FCC AE4C02C0 */  sw      $t4, 0x02C0($s2)           ## 000002C0
/* 01EB0 809F3FD0 AC6F0000 */  sw      $t7, 0x0000($v1)           ## 00000000
/* 01EB4 809F3FD4 8FAE0064 */  lw      $t6, 0x0064($sp)           
/* 01EB8 809F3FD8 3C063F80 */  lui     $a2, 0x3F80                ## $a2 = 3F800000
/* 01EBC 809F3FDC 01C1C025 */  or      $t8, $t6, $at              ## $t8 = FFCD0000
/* 01EC0 809F3FE0 37190080 */  ori     $t9, $t8, 0x0080           ## $t9 = FFCD0080
/* 01EC4 809F3FE4 AC790004 */  sw      $t9, 0x0004($v1)           ## 00000004
/* 01EC8 809F3FE8 C66C01DC */  lwc1    $f12, 0x01DC($s3)          ## 000001DC
/* 01ECC 809F3FEC 24070001 */  addiu   $a3, $zero, 0x0001         ## $a3 = 00000001
/* 01ED0 809F3FF0 0C0600E7 */  jal     func_8018039C              
/* 01ED4 809F3FF4 46006386 */  mov.s   $f14, $f12                 
/* 01ED8 809F3FF8 8FAA0058 */  lw      $t2, 0x0058($sp)           
/* 01EDC 809F3FFC 24050001 */  addiu   $a1, $zero, 0x0001         ## $a1 = 00000001
/* 01EE0 809F4000 8D440840 */  lw      $a0, 0x0840($t2)           ## 00000840
/* 01EE4 809F4004 00042180 */  sll     $a0, $a0,  6               
/* 01EE8 809F4008 00042400 */  sll     $a0, $a0, 16               
/* 01EEC 809F400C 0C06033E */  jal     func_80180CF8              
/* 01EF0 809F4010 00042403 */  sra     $a0, $a0, 16               
/* 01EF4 809F4014 8E5002C0 */  lw      $s0, 0x02C0($s2)           ## 000002C0
/* 01EF8 809F4018 3C0DDA38 */  lui     $t5, 0xDA38                ## $t5 = DA380000
/* 01EFC 809F401C 35AD0003 */  ori     $t5, $t5, 0x0003           ## $t5 = DA380003
/* 01F00 809F4020 260B0008 */  addiu   $t3, $s0, 0x0008           ## $t3 = 00000107
/* 01F04 809F4024 AE4B02C0 */  sw      $t3, 0x02C0($s2)           ## 000002C0
/* 01F08 809F4028 AE0D0000 */  sw      $t5, 0x0000($s0)           ## 000000FF
/* 01F0C 809F402C 0C060690 */  jal     func_80181A40              
/* 01F10 809F4030 8E840000 */  lw      $a0, 0x0000($s4)           ## 00000000
/* 01F14 809F4034 AE020004 */  sw      $v0, 0x0004($s0)           ## 00000103
/* 01F18 809F4038 8E4302C0 */  lw      $v1, 0x02C0($s2)           ## 000002C0
/* 01F1C 809F403C 3C0E0402 */  lui     $t6, 0x0402                ## $t6 = 04020000
/* 01F20 809F4040 25CE3428 */  addiu   $t6, $t6, 0x3428           ## $t6 = 04023428
/* 01F24 809F4044 246C0008 */  addiu   $t4, $v1, 0x0008           ## $t4 = 00000008
/* 01F28 809F4048 AE4C02C0 */  sw      $t4, 0x02C0($s2)           ## 000002C0
/* 01F2C 809F404C 3C0FDE00 */  lui     $t7, 0xDE00                ## $t7 = DE000000
/* 01F30 809F4050 AC6F0000 */  sw      $t7, 0x0000($v1)           ## 00000000
/* 01F34 809F4054 AC6E0004 */  sw      $t6, 0x0004($v1)           ## 00000004
/* 01F38 809F4058 8FBF0054 */  lw      $ra, 0x0054($sp)           
.L809F405C:
/* 01F3C 809F405C D7B40038 */  ldc1    $f20, 0x0038($sp)          
/* 01F40 809F4060 8FB00040 */  lw      $s0, 0x0040($sp)           
/* 01F44 809F4064 8FB10044 */  lw      $s1, 0x0044($sp)           
/* 01F48 809F4068 8FB20048 */  lw      $s2, 0x0048($sp)           
/* 01F4C 809F406C 8FB3004C */  lw      $s3, 0x004C($sp)           
/* 01F50 809F4070 8FB40050 */  lw      $s4, 0x0050($sp)           
/* 01F54 809F4074 03E00008 */  jr      $ra                        
/* 01F58 809F4078 27BD00F0 */  addiu   $sp, $sp, 0x00F0           ## $sp = 00000000
/* 01F5C 809F407C 00000000 */  nop

.section .data

D_809F4080: .word \
0xF0F000F1, 0xF0F000F0, 0xF0F0F021, 0x3040F0F0, \
0xF0F0F000, 0xF0F0F0F0, 0xF000F000, 0x000000F0
D_809F40A0: .word 0x012E0900, 0x00000035, 0x01560000, 0x00000A30
.word func_809F2268
.word func_809F23BC
.word func_809F2F0C
.word func_809F334C
D_809F40C0: .word \
0x03110939, 0x10010000, 0x03000000, 0xF7CFFFFF, \
0x00040000, 0xF7FFFFFF, 0x00000000, 0x01050100, \
0x005A008C, 0x000A0000, 0x00000000
D_809F40EC: .word \
0x44872000, 0x436B0000, 0x45498000, 0x44290000, \
0x436B0000, 0x45498000, 0x00000000, 0x00000000, \
0x00000000

.section .rodata

D_809F4110: .word 0x46EC7A00
D_809F4114: .word 0x46ECC600
D_809F4118: .word 0x46ECE600
D_809F411C: .word 0x3EB33333
D_809F4120: .word 0xBEB33333
D_809F4124: .word 0x44A36000
D_809F4128: .word 0x45351000
D_809F412C: .word 0x4532C000
D_809F4130: .word 0x3C03126F
D_809F4134: .word 0x3E4CCCCD
D_809F4138: .word 0x44A8C000
D_809F413C: .word 0x3DCCCCCD
D_809F4140: .word 0x3F333333
D_809F4144: .word 0x3F19999A
D_809F4148: .word 0x3DCCCCCD
D_809F414C: .word 0x3CA3D70B
D_809F4150: .word 0x3927C5AC
D_809F4154: .word 0x3ECCCCCD
D_809F4158: .word 0x3D490FDB
D_809F415C: .word 0x3CFB53D2
D_809F4160: .word 0x3BC90FDB
D_809F4164: .word 0x3DCCCCCD
D_809F4168: .word 0xC019999A
D_809F416C: .word 0x3D490FDB
D_809F4170: .word 0x40490FDB
D_809F4174: .word 0xBB03126E, 0x00000000, 0x00000000

.bss

D_809F4370: .space 0x600
D_809F4970: .space 0x04
D_809F4974: .space 0x04
D_809F4978: .space 0x04
D_809F497C: .space 0x04

.section .rodata
D_809F4180:
.incbin "baserom/Boss_06", 0x2060, 0x000001F0
