.include "macro.inc"

# assembler directives
.set noat      # allow manual use of $at
.set noreorder # don't insert nops after branches
.set gp=64     # allow use of 64-bit general purpose registers

.section .text
glabel func_80814EB0
/* 00000 80814EB0 AFA50004 */  sw      $a1, 0x0004($sp)           
/* 00004 80814EB4 848E0240 */  lh      $t6, 0x0240($a0)           ## 00000240
/* 00008 80814EB8 25CFFFFF */  addiu   $t7, $t6, 0xFFFF           ## $t7 = FFFFFFFF
/* 0000C 80814EBC A48F0240 */  sh      $t7, 0x0240($a0)           ## 00000240
/* 00010 80814EC0 84820240 */  lh      $v0, 0x0240($a0)           ## 00000240
/* 00014 80814EC4 5440001A */  bnel    $v0, $zero, .L80814F30     
/* 00018 80814EC8 2401005A */  addiu   $at, $zero, 0x005A         ## $at = 0000005A
/* 0001C 80814ECC 3C02801F */  lui     $v0, 0x801F                ## $v0 = 801F0000
/* 00020 80814ED0 2442F670 */  addiu   $v0, $v0, 0xF670           ## $v0 = 801EF670
/* 00024 80814ED4 8C580018 */  lw      $t8, 0x0018($v0)           ## 801EF688
/* 00028 80814ED8 3C098017 */  lui     $t1, 0x8017                ## $t1 = 80170000
/* 0002C 80814EDC 2529A2C8 */  addiu   $t1, $t1, 0xA2C8           ## $t1 = 8016A2C8
/* 00030 80814EE0 2B010009 */  slti    $at, $t8, 0x0009           
/* 00034 80814EE4 10200003 */  beq     $at, $zero, .L80814EF4     
/* 00038 80814EE8 3C0A0001 */  lui     $t2, 0x0001                ## $t2 = 00010000
/* 0003C 80814EEC 10000005 */  beq     $zero, $zero, .L80814F04   
/* 00040 80814EF0 AC403CA8 */  sw      $zero, 0x3CA8($v0)         ## 801F3318
.L80814EF4:
/* 00044 80814EF4 3419FFF6 */  ori     $t9, $zero, 0xFFF6         ## $t9 = 0000FFF6
/* 00048 80814EF8 24080001 */  addiu   $t0, $zero, 0x0001         ## $t0 = 00000001
/* 0004C 80814EFC A4593F4A */  sh      $t9, 0x3F4A($v0)           ## 801F35BA
/* 00050 80814F00 AC480018 */  sw      $t0, 0x0018($v0)           ## 801EF688
.L80814F04:
/* 00054 80814F04 A080009B */  sb      $zero, 0x009B($a0)         ## 0000009B
/* 00058 80814F08 354A9258 */  ori     $t2, $t2, 0x9258           ## $t2 = 00019258
/* 0005C 80814F0C AC8A0010 */  sw      $t2, 0x0010($a0)           ## 00000010
/* 00060 80814F10 AC89000C */  sw      $t1, 0x000C($a0)           ## 0000000C
/* 00064 80814F14 240B4000 */  addiu   $t3, $zero, 0x4000         ## $t3 = 00004000
/* 00068 80814F18 A44B000C */  sh      $t3, 0x000C($v0)           ## 801EF67C
/* 0006C 80814F1C 240C00FE */  addiu   $t4, $zero, 0x00FE         ## $t4 = 000000FE
/* 00070 80814F20 3C01801C */  lui     $at, 0x801C                ## $at = 801C0000
/* 00074 80814F24 1000000A */  beq     $zero, $zero, .L80814F50   
/* 00078 80814F28 A02CDBC8 */  sb      $t4, -0x2438($at)          ## 801BDBC8
/* 0007C 80814F2C 2401005A */  addiu   $at, $zero, 0x005A         ## $at = 0000005A
.L80814F30:
/* 00080 80814F30 54410008 */  bnel    $v0, $at, .L80814F54       
/* 00084 80814F34 848E0242 */  lh      $t6, 0x0242($a0)           ## 00000242
/* 00088 80814F38 240D0001 */  addiu   $t5, $zero, 0x0001         ## $t5 = 00000001
/* 0008C 80814F3C A48D0242 */  sh      $t5, 0x0242($a0)           ## 00000242
/* 00090 80814F40 A4800244 */  sh      $zero, 0x0244($a0)         ## 00000244
/* 00094 80814F44 2402001E */  addiu   $v0, $zero, 0x001E         ## $v0 = 0000001E
/* 00098 80814F48 3C018081 */  lui     $at, %hi(D_80815FF0)       ## $at = 80810000
/* 0009C 80814F4C A0225FF0 */  sb      $v0, %lo(D_80815FF0)($at)  
.L80814F50:
/* 000A0 80814F50 848E0242 */  lh      $t6, 0x0242($a0)           ## 00000242
.L80814F54:
/* 000A4 80814F54 3C028081 */  lui     $v0, %hi(D_80815FF0)       ## $v0 = 80810000
/* 000A8 80814F58 24010001 */  addiu   $at, $zero, 0x0001         ## $at = 00000001
/* 000AC 80814F5C 15C10020 */  bne     $t6, $at, .L80814FE0       
/* 000B0 80814F60 90425FF0 */  lbu     $v0, %lo(D_80815FF0)($v0)  
/* 000B4 80814F64 84830244 */  lh      $v1, 0x0244($a0)           ## 00000244
/* 000B8 80814F68 240A0002 */  addiu   $t2, $zero, 0x0002         ## $t2 = 00000002
/* 000BC 80814F6C 240B00FF */  addiu   $t3, $zero, 0x00FF         ## $t3 = 000000FF
/* 000C0 80814F70 2465FF01 */  addiu   $a1, $v1, 0xFF01           ## $a1 = FFFFFF01
/* 000C4 80814F74 04A10004 */  bgez    $a1, .L80814F88            
/* 000C8 80814F78 00A03025 */  or      $a2, $a1, $zero            ## $a2 = FFFFFF01
/* 000CC 80814F7C 240F00FF */  addiu   $t7, $zero, 0x00FF         ## $t7 = 000000FF
/* 000D0 80814F80 10000001 */  beq     $zero, $zero, .L80814F88   
/* 000D4 80814F84 01E33023 */  subu    $a2, $t7, $v1              
.L80814F88:
/* 000D8 80814F88 00C2001A */  div     $zero, $a2, $v0            
/* 000DC 80814F8C 14400002 */  bne     $v0, $zero, .L80814F98     
/* 000E0 80814F90 00000000 */  nop
/* 000E4 80814F94 0007000D */  break 7
.L80814F98:
/* 000E8 80814F98 2401FFFF */  addiu   $at, $zero, 0xFFFF         ## $at = FFFFFFFF
/* 000EC 80814F9C 14410004 */  bne     $v0, $at, .L80814FB0       
/* 000F0 80814FA0 3C018000 */  lui     $at, 0x8000                ## $at = 80000000
/* 000F4 80814FA4 14C10002 */  bne     $a2, $at, .L80814FB0       
/* 000F8 80814FA8 00000000 */  nop
/* 000FC 80814FAC 0006000D */  break 6
.L80814FB0:
/* 00100 80814FB0 0000C012 */  mflo    $t8                        
/* 00104 80814FB4 0018CC00 */  sll     $t9, $t8, 16               
/* 00108 80814FB8 00194403 */  sra     $t0, $t9, 16               
/* 0010C 80814FBC 00684821 */  addu    $t1, $v1, $t0              
/* 00110 80814FC0 2442FFFF */  addiu   $v0, $v0, 0xFFFF           ## $v0 = 8080FFFF
/* 00114 80814FC4 A4890244 */  sh      $t1, 0x0244($a0)           ## 00000244
/* 00118 80814FC8 304200FF */  andi    $v0, $v0, 0x00FF           ## $v0 = 000000FF
/* 0011C 80814FCC 3C018081 */  lui     $at, %hi(D_80815FF0)       ## $at = 80810000
/* 00120 80814FD0 14400003 */  bne     $v0, $zero, .L80814FE0     
/* 00124 80814FD4 A0225FF0 */  sb      $v0, %lo(D_80815FF0)($at)  
/* 00128 80814FD8 A48A0242 */  sh      $t2, 0x0242($a0)           ## 00000242
/* 0012C 80814FDC A48B0244 */  sh      $t3, 0x0244($a0)           ## 00000244
.L80814FE0:
/* 00130 80814FE0 03E00008 */  jr      $ra                        
/* 00134 80814FE4 00000000 */  nop


glabel func_80814FE8
/* 00138 80814FE8 27BDFFE0 */  addiu   $sp, $sp, 0xFFE0           ## $sp = FFFFFFE0
/* 0013C 80814FEC AFBF0014 */  sw      $ra, 0x0014($sp)           
/* 00140 80814FF0 AFA40020 */  sw      $a0, 0x0020($sp)           
/* 00144 80814FF4 8FAE0020 */  lw      $t6, 0x0020($sp)           
/* 00148 80814FF8 8DC40000 */  lw      $a0, 0x0000($t6)           ## 00000000
/* 0014C 80814FFC 00801825 */  or      $v1, $a0, $zero            ## $v1 = 00000000
/* 00150 80815000 0C04B18A */  jal     func_8012C628              
/* 00154 80815004 AFA3001C */  sw      $v1, 0x001C($sp)           
/* 00158 80815008 3C06801F */  lui     $a2, 0x801F                ## $a2 = 801F0000
/* 0015C 8081500C 24C6F670 */  addiu   $a2, $a2, 0xF670           ## $a2 = 801EF670
/* 00160 80815010 8CCF0018 */  lw      $t7, 0x0018($a2)           ## 801EF688
/* 00164 80815014 8FA3001C */  lw      $v1, 0x001C($sp)           
/* 00168 80815018 29E10009 */  slti    $at, $t7, 0x0009           
/* 0016C 8081501C 54200022 */  bnel    $at, $zero, .L808150A8     
/* 00170 80815020 8FAF0020 */  lw      $t7, 0x0020($sp)           
/* 00174 80815024 8C6202B0 */  lw      $v0, 0x02B0($v1)           ## 000002B0
/* 00178 80815028 3C19E200 */  lui     $t9, 0xE200                ## $t9 = E2000000
/* 0017C 8081502C 3C0E0050 */  lui     $t6, 0x0050                ## $t6 = 00500000
/* 00180 80815030 24580008 */  addiu   $t8, $v0, 0x0008           ## $t8 = 00000008
/* 00184 80815034 AC7802B0 */  sw      $t8, 0x02B0($v1)           ## 000002B0
/* 00188 80815038 35CE4240 */  ori     $t6, $t6, 0x4240           ## $t6 = 00504240
/* 0018C 8081503C 3739001C */  ori     $t9, $t9, 0x001C           ## $t9 = E200001C
/* 00190 80815040 AC590000 */  sw      $t9, 0x0000($v0)           ## 00000000
/* 00194 80815044 AC4E0004 */  sw      $t6, 0x0004($v0)           ## 00000004
/* 00198 80815048 8C6202B0 */  lw      $v0, 0x02B0($v1)           ## 000002B0
/* 0019C 8081504C 3C18FCFF */  lui     $t8, 0xFCFF                ## $t8 = FCFF0000
/* 001A0 80815050 3C19FFFD */  lui     $t9, 0xFFFD                ## $t9 = FFFD0000
/* 001A4 80815054 244F0008 */  addiu   $t7, $v0, 0x0008           ## $t7 = 00000008
/* 001A8 80815058 AC6F02B0 */  sw      $t7, 0x02B0($v1)           ## 000002B0
/* 001AC 8081505C 3739F6FB */  ori     $t9, $t9, 0xF6FB           ## $t9 = FFFDF6FB
/* 001B0 80815060 3718FFFF */  ori     $t8, $t8, 0xFFFF           ## $t8 = FCFFFFFF
/* 001B4 80815064 AC580000 */  sw      $t8, 0x0000($v0)           ## 00000000
/* 001B8 80815068 AC590004 */  sw      $t9, 0x0004($v0)           ## 00000004
/* 001BC 8081506C 8C6202B0 */  lw      $v0, 0x02B0($v1)           ## 000002B0
/* 001C0 80815070 3C0FFA00 */  lui     $t7, 0xFA00                ## $t7 = FA000000
/* 001C4 80815074 2418FFFF */  addiu   $t8, $zero, 0xFFFF         ## $t8 = FFFFFFFF
/* 001C8 80815078 244E0008 */  addiu   $t6, $v0, 0x0008           ## $t6 = 00000008
/* 001CC 8081507C AC6E02B0 */  sw      $t6, 0x02B0($v1)           ## 000002B0
/* 001D0 80815080 AC580004 */  sw      $t8, 0x0004($v0)           ## 00000004
/* 001D4 80815084 AC4F0000 */  sw      $t7, 0x0000($v0)           ## 00000000
/* 001D8 80815088 8C6202B0 */  lw      $v0, 0x02B0($v1)           ## 000002B0
/* 001DC 8081508C 3C0EF650 */  lui     $t6, 0xF650                ## $t6 = F6500000
/* 001E0 80815090 35CE03C0 */  ori     $t6, $t6, 0x03C0           ## $t6 = F65003C0
/* 001E4 80815094 24590008 */  addiu   $t9, $v0, 0x0008           ## $t9 = 00000008
/* 001E8 80815098 AC7902B0 */  sw      $t9, 0x02B0($v1)           ## 000002B0
/* 001EC 8081509C AC400004 */  sw      $zero, 0x0004($v0)         ## 00000004
/* 001F0 808150A0 AC4E0000 */  sw      $t6, 0x0000($v0)           ## 00000000
/* 001F4 808150A4 8FAF0020 */  lw      $t7, 0x0020($sp)           
.L808150A8:
/* 001F8 808150A8 8DE40000 */  lw      $a0, 0x0000($t7)           ## FA000000
/* 001FC 808150AC 0C04B18A */  jal     func_8012C628              
/* 00200 808150B0 AFA3001C */  sw      $v1, 0x001C($sp)           
/* 00204 808150B4 3C06801F */  lui     $a2, 0x801F                ## $a2 = 801F0000
/* 00208 808150B8 24C6F670 */  addiu   $a2, $a2, 0xF670           ## $a2 = 801EF670
/* 0020C 808150BC 8FA3001C */  lw      $v1, 0x001C($sp)           
/* 00210 808150C0 8C6202B0 */  lw      $v0, 0x02B0($v1)           ## 000002B0
/* 00214 808150C4 3C19E200 */  lui     $t9, 0xE200                ## $t9 = E2000000
/* 00218 808150C8 3C0E0F0A */  lui     $t6, 0x0F0A                ## $t6 = 0F0A0000
/* 0021C 808150CC 24580008 */  addiu   $t8, $v0, 0x0008           ## $t8 = 00000008
/* 00220 808150D0 AC7802B0 */  sw      $t8, 0x02B0($v1)           ## 000002B0
/* 00224 808150D4 35CE4000 */  ori     $t6, $t6, 0x4000           ## $t6 = 0F0A4000
/* 00228 808150D8 3739001C */  ori     $t9, $t9, 0x001C           ## $t9 = E200001C
/* 0022C 808150DC AC590000 */  sw      $t9, 0x0000($v0)           ## 00000000
/* 00230 808150E0 AC4E0004 */  sw      $t6, 0x0004($v0)           ## 00000004
/* 00234 808150E4 8C6202B0 */  lw      $v0, 0x02B0($v1)           ## 000002B0
/* 00238 808150E8 3C18FA00 */  lui     $t8, 0xFA00                ## $t8 = FA000000
/* 0023C 808150EC 2419FFFF */  addiu   $t9, $zero, 0xFFFF         ## $t9 = FFFFFFFF
/* 00240 808150F0 244F0008 */  addiu   $t7, $v0, 0x0008           ## $t7 = 00000008
/* 00244 808150F4 AC6F02B0 */  sw      $t7, 0x02B0($v1)           ## 000002B0
/* 00248 808150F8 AC590004 */  sw      $t9, 0x0004($v0)           ## 00000004
/* 0024C 808150FC AC580000 */  sw      $t8, 0x0000($v0)           ## 00000000
/* 00250 80815100 8CC50018 */  lw      $a1, 0x0018($a2)           ## 801EF688
/* 00254 80815104 28A10009 */  slti    $at, $a1, 0x0009           
/* 00258 80815108 5420000A */  bnel    $at, $zero, .L80815134     
/* 0025C 8081510C 28A10009 */  slti    $at, $a1, 0x0009           
/* 00260 80815110 8C6202B0 */  lw      $v0, 0x02B0($v1)           ## 000002B0
/* 00264 80815114 3C0FE200 */  lui     $t7, 0xE200                ## $t7 = E2000000
/* 00268 80815118 35EF1E01 */  ori     $t7, $t7, 0x1E01           ## $t7 = E2001E01
/* 0026C 8081511C 244E0008 */  addiu   $t6, $v0, 0x0008           ## $t6 = 00000008
/* 00270 80815120 AC6E02B0 */  sw      $t6, 0x02B0($v1)           ## 000002B0
/* 00274 80815124 AC400004 */  sw      $zero, 0x0004($v0)         ## 00000004
/* 00278 80815128 AC4F0000 */  sw      $t7, 0x0000($v0)           ## 00000000
/* 0027C 8081512C 8CC50018 */  lw      $a1, 0x0018($a2)           ## 801EF688
/* 00280 80815130 28A10009 */  slti    $at, $a1, 0x0009           
.L80815134:
/* 00284 80815134 1020003B */  beq     $at, $zero, .L80815224     
/* 00288 80815138 3C1FFD90 */  lui     $ra, 0xFD90                ## $ra = FD900000
/* 0028C 8081513C 3C1FFD90 */  lui     $ra, 0xFD90                ## $ra = FD900000
/* 00290 80815140 8C6202B0 */  lw      $v0, 0x02B0($v1)           ## 000002B0
/* 00294 80815144 24010005 */  addiu   $at, $zero, 0x0005         ## $at = 00000005
/* 00298 80815148 3C0F8081 */  lui     $t7, %hi(D_80815FF0)       ## $t7 = 80810000
/* 0029C 8081514C 24580008 */  addiu   $t8, $v0, 0x0008           ## $t8 = 00000008
/* 002A0 80815150 AC7802B0 */  sw      $t8, 0x02B0($v1)           ## 000002B0
/* 002A4 80815154 AC5F0000 */  sw      $ra, 0x0000($v0)           ## 00000000
/* 002A8 80815158 8CC50018 */  lw      $a1, 0x0018($a2)           ## 801EF688
/* 002AC 8081515C 3C08077F */  lui     $t0, 0x077F                ## $t0 = 077F0000
/* 002B0 80815160 3508F100 */  ori     $t0, $t0, 0xF100           ## $t0 = 077FF100
/* 002B4 80815164 00A1001A */  div     $zero, $a1, $at            
/* 002B8 80815168 0000C810 */  mfhi    $t9                        
/* 002BC 8081516C 00197080 */  sll     $t6, $t9,  2               
/* 002C0 80815170 01EE7821 */  addu    $t7, $t7, $t6              
/* 002C4 80815174 8DEF5FF0 */  lw      $t7, %lo(D_80815FF0)($t7)  
/* 002C8 80815178 3C0CE600 */  lui     $t4, 0xE600                ## $t4 = E6000000
/* 002CC 8081517C 3C0DF300 */  lui     $t5, 0xF300                ## $t5 = F3000000
/* 002D0 80815180 AC4F0004 */  sw      $t7, 0x0004($v0)           ## 00000004
/* 002D4 80815184 8C6202B0 */  lw      $v0, 0x02B0($v1)           ## 000002B0
/* 002D8 80815188 3C19F590 */  lui     $t9, 0xF590                ## $t9 = F5900000
/* 002DC 8081518C 3C0E0700 */  lui     $t6, 0x0700                ## $t6 = 07000000
/* 002E0 80815190 24580008 */  addiu   $t8, $v0, 0x0008           ## $t8 = 00000008
/* 002E4 80815194 AC7802B0 */  sw      $t8, 0x02B0($v1)           ## 000002B0
/* 002E8 80815198 AC4E0004 */  sw      $t6, 0x0004($v0)           ## 00000004
/* 002EC 8081519C AC590000 */  sw      $t9, 0x0000($v0)           ## 00000000
/* 002F0 808151A0 8C6202B0 */  lw      $v0, 0x02B0($v1)           ## 000002B0
/* 002F4 808151A4 3C07E700 */  lui     $a3, 0xE700                ## $a3 = E7000000
/* 002F8 808151A8 3C09F580 */  lui     $t1, 0xF580                ## $t1 = F5800000
/* 002FC 808151AC 244F0008 */  addiu   $t7, $v0, 0x0008           ## $t7 = 00000008
/* 00300 808151B0 AC6F02B0 */  sw      $t7, 0x02B0($v1)           ## 000002B0
/* 00304 808151B4 AC400004 */  sw      $zero, 0x0004($v0)         ## 00000004
/* 00308 808151B8 AC4C0000 */  sw      $t4, 0x0000($v0)           ## 00000000
/* 0030C 808151BC 8C6202B0 */  lw      $v0, 0x02B0($v1)           ## 000002B0
/* 00310 808151C0 35291000 */  ori     $t1, $t1, 0x1000           ## $t1 = F5801000
/* 00314 808151C4 3C0A001F */  lui     $t2, 0x001F                ## $t2 = 001F0000
/* 00318 808151C8 24580008 */  addiu   $t8, $v0, 0x0008           ## $t8 = 00000008
/* 0031C 808151CC AC7802B0 */  sw      $t8, 0x02B0($v1)           ## 000002B0
/* 00320 808151D0 AC480004 */  sw      $t0, 0x0004($v0)           ## 00000004
/* 00324 808151D4 AC4D0000 */  sw      $t5, 0x0000($v0)           ## 00000000
/* 00328 808151D8 8C6202B0 */  lw      $v0, 0x02B0($v1)           ## 000002B0
/* 0032C 808151DC 354AC0FC */  ori     $t2, $t2, 0xC0FC           ## $t2 = 001FC0FC
/* 00330 808151E0 3C0BF200 */  lui     $t3, 0xF200                ## $t3 = F2000000
/* 00334 808151E4 24590008 */  addiu   $t9, $v0, 0x0008           ## $t9 = 00000008
/* 00338 808151E8 AC7902B0 */  sw      $t9, 0x02B0($v1)           ## 000002B0
/* 0033C 808151EC AC400004 */  sw      $zero, 0x0004($v0)         ## 00000004
/* 00340 808151F0 AC470000 */  sw      $a3, 0x0000($v0)           ## 00000000
/* 00344 808151F4 8C6202B0 */  lw      $v0, 0x02B0($v1)           ## 000002B0
/* 00348 808151F8 244E0008 */  addiu   $t6, $v0, 0x0008           ## $t6 = 00000008
/* 0034C 808151FC AC6E02B0 */  sw      $t6, 0x02B0($v1)           ## 000002B0
/* 00350 80815200 AC400004 */  sw      $zero, 0x0004($v0)         ## 00000004
/* 00354 80815204 AC490000 */  sw      $t1, 0x0000($v0)           ## 00000000
/* 00358 80815208 8C6202B0 */  lw      $v0, 0x02B0($v1)           ## 000002B0
/* 0035C 8081520C 244F0008 */  addiu   $t7, $v0, 0x0008           ## $t7 = 00000008
/* 00360 80815210 AC6F02B0 */  sw      $t7, 0x02B0($v1)           ## 000002B0
/* 00364 80815214 AC4A0004 */  sw      $t2, 0x0004($v0)           ## 00000004
/* 00368 80815218 AC4B0000 */  sw      $t3, 0x0000($v0)           ## 00000000
/* 0036C 8081521C 10000033 */  beq     $zero, $zero, .L808152EC   
/* 00370 80815220 8C6202B0 */  lw      $v0, 0x02B0($v1)           ## 000002B0
.L80815224:
/* 00374 80815224 8C6202B0 */  lw      $v0, 0x02B0($v1)           ## 000002B0
/* 00378 80815228 3C198081 */  lui     $t9, %hi(D_80816000)       ## $t9 = 80810000
/* 0037C 8081522C 3C08077F */  lui     $t0, 0x077F                ## $t0 = 077F0000
/* 00380 80815230 24580008 */  addiu   $t8, $v0, 0x0008           ## $t8 = 00000008
/* 00384 80815234 AC7802B0 */  sw      $t8, 0x02B0($v1)           ## 000002B0
/* 00388 80815238 AC5F0000 */  sw      $ra, 0x0000($v0)           ## 00000000
/* 0038C 8081523C 8F396000 */  lw      $t9, %lo(D_80816000)($t9)  
/* 00390 80815240 3508F100 */  ori     $t0, $t0, 0xF100           ## $t0 = 077FF100
/* 00394 80815244 3C0CE600 */  lui     $t4, 0xE600                ## $t4 = E6000000
/* 00398 80815248 AC590004 */  sw      $t9, 0x0004($v0)           ## 00000004
/* 0039C 8081524C 8C6202B0 */  lw      $v0, 0x02B0($v1)           ## 000002B0
/* 003A0 80815250 3C0FF590 */  lui     $t7, 0xF590                ## $t7 = F5900000
/* 003A4 80815254 3C180700 */  lui     $t8, 0x0700                ## $t8 = 07000000
/* 003A8 80815258 244E0008 */  addiu   $t6, $v0, 0x0008           ## $t6 = 00000008
/* 003AC 8081525C AC6E02B0 */  sw      $t6, 0x02B0($v1)           ## 000002B0
/* 003B0 80815260 AC580004 */  sw      $t8, 0x0004($v0)           ## 00000004
/* 003B4 80815264 AC4F0000 */  sw      $t7, 0x0000($v0)           ## 00000000
/* 003B8 80815268 8C6202B0 */  lw      $v0, 0x02B0($v1)           ## 000002B0
/* 003BC 8081526C 3C0DF300 */  lui     $t5, 0xF300                ## $t5 = F3000000
/* 003C0 80815270 3C07E700 */  lui     $a3, 0xE700                ## $a3 = E7000000
/* 003C4 80815274 24590008 */  addiu   $t9, $v0, 0x0008           ## $t9 = 00000008
/* 003C8 80815278 AC7902B0 */  sw      $t9, 0x02B0($v1)           ## 000002B0
/* 003CC 8081527C AC400004 */  sw      $zero, 0x0004($v0)         ## 00000004
/* 003D0 80815280 AC4C0000 */  sw      $t4, 0x0000($v0)           ## 00000000
/* 003D4 80815284 8C6202B0 */  lw      $v0, 0x02B0($v1)           ## 000002B0
/* 003D8 80815288 3C09F580 */  lui     $t1, 0xF580                ## $t1 = F5800000
/* 003DC 8081528C 35291000 */  ori     $t1, $t1, 0x1000           ## $t1 = F5801000
/* 003E0 80815290 244E0008 */  addiu   $t6, $v0, 0x0008           ## $t6 = 00000008
/* 003E4 80815294 AC6E02B0 */  sw      $t6, 0x02B0($v1)           ## 000002B0
/* 003E8 80815298 AC480004 */  sw      $t0, 0x0004($v0)           ## 00000004
/* 003EC 8081529C AC4D0000 */  sw      $t5, 0x0000($v0)           ## 00000000
/* 003F0 808152A0 8C6202B0 */  lw      $v0, 0x02B0($v1)           ## 000002B0
/* 003F4 808152A4 3C0A001F */  lui     $t2, 0x001F                ## $t2 = 001F0000
/* 003F8 808152A8 354AC0FC */  ori     $t2, $t2, 0xC0FC           ## $t2 = 001FC0FC
/* 003FC 808152AC 244F0008 */  addiu   $t7, $v0, 0x0008           ## $t7 = 00000008
/* 00400 808152B0 AC6F02B0 */  sw      $t7, 0x02B0($v1)           ## 000002B0
/* 00404 808152B4 AC400004 */  sw      $zero, 0x0004($v0)         ## 00000004
/* 00408 808152B8 AC470000 */  sw      $a3, 0x0000($v0)           ## 00000000
/* 0040C 808152BC 8C6202B0 */  lw      $v0, 0x02B0($v1)           ## 000002B0
/* 00410 808152C0 3C0BF200 */  lui     $t3, 0xF200                ## $t3 = F2000000
/* 00414 808152C4 24580008 */  addiu   $t8, $v0, 0x0008           ## $t8 = 00000008
/* 00418 808152C8 AC7802B0 */  sw      $t8, 0x02B0($v1)           ## 000002B0
/* 0041C 808152CC AC400004 */  sw      $zero, 0x0004($v0)         ## 00000004
/* 00420 808152D0 AC490000 */  sw      $t1, 0x0000($v0)           ## 00000000
/* 00424 808152D4 8C6202B0 */  lw      $v0, 0x02B0($v1)           ## 000002B0
/* 00428 808152D8 24590008 */  addiu   $t9, $v0, 0x0008           ## $t9 = 00000008
/* 0042C 808152DC AC7902B0 */  sw      $t9, 0x02B0($v1)           ## 000002B0
/* 00430 808152E0 AC4A0004 */  sw      $t2, 0x0004($v0)           ## 00000004
/* 00434 808152E4 AC4B0000 */  sw      $t3, 0x0000($v0)           ## 00000000
/* 00438 808152E8 8C6202B0 */  lw      $v0, 0x02B0($v1)           ## 000002B0
.L808152EC:
/* 0043C 808152EC 3C0FE428 */  lui     $t7, 0xE428                ## $t7 = E4280000
/* 00440 808152F0 3C180008 */  lui     $t8, 0x0008                ## $t8 = 00080000
/* 00444 808152F4 244E0008 */  addiu   $t6, $v0, 0x0008           ## $t6 = 00000008
/* 00448 808152F8 AC6E02B0 */  sw      $t6, 0x02B0($v1)           ## 000002B0
/* 0044C 808152FC 37180134 */  ori     $t8, $t8, 0x0134           ## $t8 = 00080134
/* 00450 80815300 35EF0234 */  ori     $t7, $t7, 0x0234           ## $t7 = E4280234
/* 00454 80815304 AC4F0000 */  sw      $t7, 0x0000($v0)           ## 00000000
/* 00458 80815308 AC580004 */  sw      $t8, 0x0004($v0)           ## 00000004
/* 0045C 8081530C 8C6202B0 */  lw      $v0, 0x02B0($v1)           ## 000002B0
/* 00460 80815310 3C0EE100 */  lui     $t6, 0xE100                ## $t6 = E1000000
/* 00464 80815314 3C18F100 */  lui     $t8, 0xF100                ## $t8 = F1000000
/* 00468 80815318 24590008 */  addiu   $t9, $v0, 0x0008           ## $t9 = 00000008
/* 0046C 8081531C AC7902B0 */  sw      $t9, 0x02B0($v1)           ## 000002B0
/* 00470 80815320 AC400004 */  sw      $zero, 0x0004($v0)         ## 00000004
/* 00474 80815324 AC4E0000 */  sw      $t6, 0x0000($v0)           ## 00000000
/* 00478 80815328 8C6202B0 */  lw      $v0, 0x02B0($v1)           ## 000002B0
/* 0047C 8081532C 3C190400 */  lui     $t9, 0x0400                ## $t9 = 04000000
/* 00480 80815330 37390400 */  ori     $t9, $t9, 0x0400           ## $t9 = 04000400
/* 00484 80815334 244F0008 */  addiu   $t7, $v0, 0x0008           ## $t7 = 00000008
/* 00488 80815338 AC6F02B0 */  sw      $t7, 0x02B0($v1)           ## 000002B0
/* 0048C 8081533C AC590004 */  sw      $t9, 0x0004($v0)           ## 00000004
/* 00490 80815340 AC580000 */  sw      $t8, 0x0000($v0)           ## 00000000
/* 00494 80815344 8CCE0018 */  lw      $t6, 0x0018($a2)           ## 801EF688
/* 00498 80815348 29C10009 */  slti    $at, $t6, 0x0009           
/* 0049C 8081534C 50200031 */  beql    $at, $zero, .L80815414     
/* 004A0 80815350 8C6202B0 */  lw      $v0, 0x02B0($v1)           ## 000002B0
/* 004A4 80815354 8C6202B0 */  lw      $v0, 0x02B0($v1)           ## 000002B0
/* 004A8 80815358 24010005 */  addiu   $at, $zero, 0x0005         ## $at = 00000005
/* 004AC 8081535C 3C0E8081 */  lui     $t6, %hi(D_80816000)       ## $t6 = 80810000
/* 004B0 80815360 244F0008 */  addiu   $t7, $v0, 0x0008           ## $t7 = 00000008
/* 004B4 80815364 AC6F02B0 */  sw      $t7, 0x02B0($v1)           ## 000002B0
/* 004B8 80815368 AC5F0000 */  sw      $ra, 0x0000($v0)           ## 00000000
/* 004BC 8081536C 8CC50018 */  lw      $a1, 0x0018($a2)           ## 801EF688
/* 004C0 80815370 00A1001A */  div     $zero, $a1, $at            
/* 004C4 80815374 0000C010 */  mfhi    $t8                        
/* 004C8 80815378 0018C880 */  sll     $t9, $t8,  2               
/* 004CC 8081537C 01D97021 */  addu    $t6, $t6, $t9              
/* 004D0 80815380 8DCE6000 */  lw      $t6, %lo(D_80816000)($t6)  
/* 004D4 80815384 AC4E0004 */  sw      $t6, 0x0004($v0)           ## 00000004
/* 004D8 80815388 8C6202B0 */  lw      $v0, 0x02B0($v1)           ## 000002B0
/* 004DC 8081538C 3C18F590 */  lui     $t8, 0xF590                ## $t8 = F5900000
/* 004E0 80815390 3C190700 */  lui     $t9, 0x0700                ## $t9 = 07000000
/* 004E4 80815394 244F0008 */  addiu   $t7, $v0, 0x0008           ## $t7 = 00000008
/* 004E8 80815398 AC6F02B0 */  sw      $t7, 0x02B0($v1)           ## 000002B0
/* 004EC 8081539C AC590004 */  sw      $t9, 0x0004($v0)           ## 00000004
/* 004F0 808153A0 AC580000 */  sw      $t8, 0x0000($v0)           ## 00000000
/* 004F4 808153A4 8C6202B0 */  lw      $v0, 0x02B0($v1)           ## 000002B0
/* 004F8 808153A8 244E0008 */  addiu   $t6, $v0, 0x0008           ## $t6 = 00000008
/* 004FC 808153AC AC6E02B0 */  sw      $t6, 0x02B0($v1)           ## 000002B0
/* 00500 808153B0 AC400004 */  sw      $zero, 0x0004($v0)         ## 00000004
/* 00504 808153B4 AC4C0000 */  sw      $t4, 0x0000($v0)           ## 00000000
/* 00508 808153B8 8C6202B0 */  lw      $v0, 0x02B0($v1)           ## 000002B0
/* 0050C 808153BC 244F0008 */  addiu   $t7, $v0, 0x0008           ## $t7 = 00000008
/* 00510 808153C0 AC6F02B0 */  sw      $t7, 0x02B0($v1)           ## 000002B0
/* 00514 808153C4 AC480004 */  sw      $t0, 0x0004($v0)           ## 00000004
/* 00518 808153C8 AC4D0000 */  sw      $t5, 0x0000($v0)           ## 00000000
/* 0051C 808153CC 8C6202B0 */  lw      $v0, 0x02B0($v1)           ## 000002B0
/* 00520 808153D0 24580008 */  addiu   $t8, $v0, 0x0008           ## $t8 = 00000008
/* 00524 808153D4 AC7802B0 */  sw      $t8, 0x02B0($v1)           ## 000002B0
/* 00528 808153D8 AC400004 */  sw      $zero, 0x0004($v0)         ## 00000004
/* 0052C 808153DC AC470000 */  sw      $a3, 0x0000($v0)           ## 00000000
/* 00530 808153E0 8C6202B0 */  lw      $v0, 0x02B0($v1)           ## 000002B0
/* 00534 808153E4 24590008 */  addiu   $t9, $v0, 0x0008           ## $t9 = 00000008
/* 00538 808153E8 AC7902B0 */  sw      $t9, 0x02B0($v1)           ## 000002B0
/* 0053C 808153EC AC400004 */  sw      $zero, 0x0004($v0)         ## 00000004
/* 00540 808153F0 AC490000 */  sw      $t1, 0x0000($v0)           ## 00000000
/* 00544 808153F4 8C6202B0 */  lw      $v0, 0x02B0($v1)           ## 000002B0
/* 00548 808153F8 244E0008 */  addiu   $t6, $v0, 0x0008           ## $t6 = 00000008
/* 0054C 808153FC AC6E02B0 */  sw      $t6, 0x02B0($v1)           ## 000002B0
/* 00550 80815400 AC4A0004 */  sw      $t2, 0x0004($v0)           ## 00000004
/* 00554 80815404 AC4B0000 */  sw      $t3, 0x0000($v0)           ## 00000000
/* 00558 80815408 10000029 */  beq     $zero, $zero, .L808154B0   
/* 0055C 8081540C 8C6202B0 */  lw      $v0, 0x02B0($v1)           ## 000002B0
/* 00560 80815410 8C6202B0 */  lw      $v0, 0x02B0($v1)           ## 000002B0
.L80815414:
/* 00564 80815414 3C188081 */  lui     $t8, %hi(D_80816010)       ## $t8 = 80810000
/* 00568 80815418 244F0008 */  addiu   $t7, $v0, 0x0008           ## $t7 = 00000008
/* 0056C 8081541C AC6F02B0 */  sw      $t7, 0x02B0($v1)           ## 000002B0
/* 00570 80815420 AC5F0000 */  sw      $ra, 0x0000($v0)           ## 00000000
/* 00574 80815424 8F186010 */  lw      $t8, %lo(D_80816010)($t8)  
/* 00578 80815428 AC580004 */  sw      $t8, 0x0004($v0)           ## 00000004
/* 0057C 8081542C 8C6202B0 */  lw      $v0, 0x02B0($v1)           ## 000002B0
/* 00580 80815430 3C0EF590 */  lui     $t6, 0xF590                ## $t6 = F5900000
/* 00584 80815434 3C0F0700 */  lui     $t7, 0x0700                ## $t7 = 07000000
/* 00588 80815438 24590008 */  addiu   $t9, $v0, 0x0008           ## $t9 = 00000008
/* 0058C 8081543C AC7902B0 */  sw      $t9, 0x02B0($v1)           ## 000002B0
/* 00590 80815440 AC4F0004 */  sw      $t7, 0x0004($v0)           ## 00000004
/* 00594 80815444 AC4E0000 */  sw      $t6, 0x0000($v0)           ## 00000000
/* 00598 80815448 8C6202B0 */  lw      $v0, 0x02B0($v1)           ## 000002B0
/* 0059C 8081544C 24580008 */  addiu   $t8, $v0, 0x0008           ## $t8 = 00000008
/* 005A0 80815450 AC7802B0 */  sw      $t8, 0x02B0($v1)           ## 000002B0
/* 005A4 80815454 AC400004 */  sw      $zero, 0x0004($v0)         ## 00000004
/* 005A8 80815458 AC4C0000 */  sw      $t4, 0x0000($v0)           ## 00000000
/* 005AC 8081545C 8C6202B0 */  lw      $v0, 0x02B0($v1)           ## 000002B0
/* 005B0 80815460 24590008 */  addiu   $t9, $v0, 0x0008           ## $t9 = 00000008
/* 005B4 80815464 AC7902B0 */  sw      $t9, 0x02B0($v1)           ## 000002B0
/* 005B8 80815468 AC480004 */  sw      $t0, 0x0004($v0)           ## 00000004
/* 005BC 8081546C AC4D0000 */  sw      $t5, 0x0000($v0)           ## 00000000
/* 005C0 80815470 8C6202B0 */  lw      $v0, 0x02B0($v1)           ## 000002B0
/* 005C4 80815474 244E0008 */  addiu   $t6, $v0, 0x0008           ## $t6 = 00000008
/* 005C8 80815478 AC6E02B0 */  sw      $t6, 0x02B0($v1)           ## 000002B0
/* 005CC 8081547C AC400004 */  sw      $zero, 0x0004($v0)         ## 00000004
/* 005D0 80815480 AC470000 */  sw      $a3, 0x0000($v0)           ## 00000000
/* 005D4 80815484 8C6202B0 */  lw      $v0, 0x02B0($v1)           ## 000002B0
/* 005D8 80815488 244F0008 */  addiu   $t7, $v0, 0x0008           ## $t7 = 00000008
/* 005DC 8081548C AC6F02B0 */  sw      $t7, 0x02B0($v1)           ## 000002B0
/* 005E0 80815490 AC400004 */  sw      $zero, 0x0004($v0)         ## 00000004
/* 005E4 80815494 AC490000 */  sw      $t1, 0x0000($v0)           ## 00000000
/* 005E8 80815498 8C6202B0 */  lw      $v0, 0x02B0($v1)           ## 000002B0
/* 005EC 8081549C 24580008 */  addiu   $t8, $v0, 0x0008           ## $t8 = 00000008
/* 005F0 808154A0 AC7802B0 */  sw      $t8, 0x02B0($v1)           ## 000002B0
/* 005F4 808154A4 AC4A0004 */  sw      $t2, 0x0004($v0)           ## 00000004
/* 005F8 808154A8 AC4B0000 */  sw      $t3, 0x0000($v0)           ## 00000000
/* 005FC 808154AC 8C6202B0 */  lw      $v0, 0x02B0($v1)           ## 000002B0
.L808154B0:
/* 00600 808154B0 3C0EE448 */  lui     $t6, 0xE448                ## $t6 = E4480000
/* 00604 808154B4 3C0F0028 */  lui     $t7, 0x0028                ## $t7 = 00280000
/* 00608 808154B8 24590008 */  addiu   $t9, $v0, 0x0008           ## $t9 = 00000008
/* 0060C 808154BC AC7902B0 */  sw      $t9, 0x02B0($v1)           ## 000002B0
/* 00610 808154C0 35EF0134 */  ori     $t7, $t7, 0x0134           ## $t7 = 00280134
/* 00614 808154C4 35CE0234 */  ori     $t6, $t6, 0x0234           ## $t6 = E4480234
/* 00618 808154C8 AC4E0000 */  sw      $t6, 0x0000($v0)           ## 00000000
/* 0061C 808154CC AC4F0004 */  sw      $t7, 0x0004($v0)           ## 00000004
/* 00620 808154D0 8C6202B0 */  lw      $v0, 0x02B0($v1)           ## 000002B0
/* 00624 808154D4 3C19E100 */  lui     $t9, 0xE100                ## $t9 = E1000000
/* 00628 808154D8 3C0FF100 */  lui     $t7, 0xF100                ## $t7 = F1000000
/* 0062C 808154DC 24580008 */  addiu   $t8, $v0, 0x0008           ## $t8 = 00000008
/* 00630 808154E0 AC7802B0 */  sw      $t8, 0x02B0($v1)           ## 000002B0
/* 00634 808154E4 AC400004 */  sw      $zero, 0x0004($v0)         ## 00000004
/* 00638 808154E8 AC590000 */  sw      $t9, 0x0000($v0)           ## 00000000
/* 0063C 808154EC 8C6202B0 */  lw      $v0, 0x02B0($v1)           ## 000002B0
/* 00640 808154F0 3C180400 */  lui     $t8, 0x0400                ## $t8 = 04000000
/* 00644 808154F4 37180400 */  ori     $t8, $t8, 0x0400           ## $t8 = 04000400
/* 00648 808154F8 244E0008 */  addiu   $t6, $v0, 0x0008           ## $t6 = 00000008
/* 0064C 808154FC AC6E02B0 */  sw      $t6, 0x02B0($v1)           ## 000002B0
/* 00650 80815500 AC580004 */  sw      $t8, 0x0004($v0)           ## 00000004
/* 00654 80815504 AC4F0000 */  sw      $t7, 0x0000($v0)           ## 00000000
/* 00658 80815508 8CD90018 */  lw      $t9, 0x0018($a2)           ## 801EF688
/* 0065C 8081550C 3C18E200 */  lui     $t8, 0xE200                ## $t8 = E2000000
/* 00660 80815510 3718001C */  ori     $t8, $t8, 0x001C           ## $t8 = E200001C
/* 00664 80815514 2B210009 */  slti    $at, $t9, 0x0009           
/* 00668 80815518 50200063 */  beql    $at, $zero, .L808156A8     
/* 0066C 8081551C 8FBF0014 */  lw      $ra, 0x0014($sp)           
/* 00670 80815520 8C6202B0 */  lw      $v0, 0x02B0($v1)           ## 000002B0
/* 00674 80815524 244E0008 */  addiu   $t6, $v0, 0x0008           ## $t6 = 00000008
/* 00678 80815528 AC6E02B0 */  sw      $t6, 0x02B0($v1)           ## 000002B0
/* 0067C 8081552C AC400004 */  sw      $zero, 0x0004($v0)         ## 00000004
/* 00680 80815530 AC470000 */  sw      $a3, 0x0000($v0)           ## 00000000
/* 00684 80815534 8C6202B0 */  lw      $v0, 0x02B0($v1)           ## 000002B0
/* 00688 80815538 3C190050 */  lui     $t9, 0x0050                ## $t9 = 00500000
/* 0068C 8081553C 37394240 */  ori     $t9, $t9, 0x4240           ## $t9 = 00504240
/* 00690 80815540 244F0008 */  addiu   $t7, $v0, 0x0008           ## $t7 = 00000008
/* 00694 80815544 AC6F02B0 */  sw      $t7, 0x02B0($v1)           ## 000002B0
/* 00698 80815548 AC590004 */  sw      $t9, 0x0004($v0)           ## 00000004
/* 0069C 8081554C AC580000 */  sw      $t8, 0x0000($v0)           ## 00000000
/* 006A0 80815550 8C6202B0 */  lw      $v0, 0x02B0($v1)           ## 000002B0
/* 006A4 80815554 3C0FFA00 */  lui     $t7, 0xFA00                ## $t7 = FA000000
/* 006A8 80815558 2401FF00 */  addiu   $at, $zero, 0xFF00         ## $at = FFFFFF00
/* 006AC 8081555C 244E0008 */  addiu   $t6, $v0, 0x0008           ## $t6 = 00000008
/* 006B0 80815560 AC6E02B0 */  sw      $t6, 0x02B0($v1)           ## 000002B0
/* 006B4 80815564 AC4F0000 */  sw      $t7, 0x0000($v0)           ## 00000000
/* 006B8 80815568 8FB80020 */  lw      $t8, 0x0020($sp)           
/* 006BC 8081556C 87190244 */  lh      $t9, 0x0244($t8)           ## E2000260
/* 006C0 80815570 332E00FF */  andi    $t6, $t9, 0x00FF           ## $t6 = 00000040
/* 006C4 80815574 01C17825 */  or      $t7, $t6, $at              ## $t7 = FFFFFF40
/* 006C8 80815578 AC4F0004 */  sw      $t7, 0x0004($v0)           ## 00000004
/* 006CC 8081557C 8C6202B0 */  lw      $v0, 0x02B0($v1)           ## 000002B0
/* 006D0 80815580 24010005 */  addiu   $at, $zero, 0x0005         ## $at = 00000005
/* 006D4 80815584 3C0F8081 */  lui     $t7, %hi(D_80816010)       ## $t7 = 80810000
/* 006D8 80815588 24580008 */  addiu   $t8, $v0, 0x0008           ## $t8 = 00000008
/* 006DC 8081558C AC7802B0 */  sw      $t8, 0x02B0($v1)           ## 000002B0
/* 006E0 80815590 AC5F0000 */  sw      $ra, 0x0000($v0)           ## 00000000
/* 006E4 80815594 8CC50018 */  lw      $a1, 0x0018($a2)           ## 801EF688
/* 006E8 80815598 00A1001A */  div     $zero, $a1, $at            
/* 006EC 8081559C 0000C810 */  mfhi    $t9                        
/* 006F0 808155A0 00197080 */  sll     $t6, $t9,  2               
/* 006F4 808155A4 01EE7821 */  addu    $t7, $t7, $t6              
/* 006F8 808155A8 8DEF6010 */  lw      $t7, %lo(D_80816010)($t7)  
/* 006FC 808155AC AC4F0004 */  sw      $t7, 0x0004($v0)           ## 00000004
/* 00700 808155B0 8C6202B0 */  lw      $v0, 0x02B0($v1)           ## 000002B0
/* 00704 808155B4 3C19F590 */  lui     $t9, 0xF590                ## $t9 = F5900000
/* 00708 808155B8 3C0E0700 */  lui     $t6, 0x0700                ## $t6 = 07000000
/* 0070C 808155BC 24580008 */  addiu   $t8, $v0, 0x0008           ## $t8 = 00000008
/* 00710 808155C0 AC7802B0 */  sw      $t8, 0x02B0($v1)           ## 000002B0
/* 00714 808155C4 AC4E0004 */  sw      $t6, 0x0004($v0)           ## 00000004
/* 00718 808155C8 AC590000 */  sw      $t9, 0x0000($v0)           ## 00000000
/* 0071C 808155CC 8C6202B0 */  lw      $v0, 0x02B0($v1)           ## 000002B0
/* 00720 808155D0 244F0008 */  addiu   $t7, $v0, 0x0008           ## $t7 = 00000008
/* 00724 808155D4 AC6F02B0 */  sw      $t7, 0x02B0($v1)           ## 000002B0
/* 00728 808155D8 AC400004 */  sw      $zero, 0x0004($v0)         ## 00000004
/* 0072C 808155DC AC4C0000 */  sw      $t4, 0x0000($v0)           ## 00000000
/* 00730 808155E0 8C6202B0 */  lw      $v0, 0x02B0($v1)           ## 000002B0
/* 00734 808155E4 3C190747 */  lui     $t9, 0x0747                ## $t9 = 07470000
/* 00738 808155E8 3739F0E4 */  ori     $t9, $t9, 0xF0E4           ## $t9 = 0747F0E4
/* 0073C 808155EC 24580008 */  addiu   $t8, $v0, 0x0008           ## $t8 = 00000008
/* 00740 808155F0 AC7802B0 */  sw      $t8, 0x02B0($v1)           ## 000002B0
/* 00744 808155F4 AC590004 */  sw      $t9, 0x0004($v0)           ## 00000004
/* 00748 808155F8 AC4D0000 */  sw      $t5, 0x0000($v0)           ## 00000000
/* 0074C 808155FC 8C6202B0 */  lw      $v0, 0x02B0($v1)           ## 000002B0
/* 00750 80815600 244E0008 */  addiu   $t6, $v0, 0x0008           ## $t6 = 00000008
/* 00754 80815604 AC6E02B0 */  sw      $t6, 0x02B0($v1)           ## 000002B0
/* 00758 80815608 AC400004 */  sw      $zero, 0x0004($v0)         ## 00000004
/* 0075C 8081560C AC470000 */  sw      $a3, 0x0000($v0)           ## 00000000
/* 00760 80815610 8C6202B0 */  lw      $v0, 0x02B0($v1)           ## 000002B0
/* 00764 80815614 3C18F580 */  lui     $t8, 0xF580                ## $t8 = F5800000
/* 00768 80815618 37181200 */  ori     $t8, $t8, 0x1200           ## $t8 = F5801200
/* 0076C 8081561C 244F0008 */  addiu   $t7, $v0, 0x0008           ## $t7 = 00000008
/* 00770 80815620 AC6F02B0 */  sw      $t7, 0x02B0($v1)           ## 000002B0
/* 00774 80815624 AC400004 */  sw      $zero, 0x0004($v0)         ## 00000004
/* 00778 80815628 AC580000 */  sw      $t8, 0x0000($v0)           ## 00000000
/* 0077C 8081562C 8C6202B0 */  lw      $v0, 0x02B0($v1)           ## 000002B0
/* 00780 80815630 3C0E0023 */  lui     $t6, 0x0023                ## $t6 = 00230000
/* 00784 80815634 35CEC07C */  ori     $t6, $t6, 0xC07C           ## $t6 = 0023C07C
/* 00788 80815638 24590008 */  addiu   $t9, $v0, 0x0008           ## $t9 = 00000008
/* 0078C 8081563C AC7902B0 */  sw      $t9, 0x02B0($v1)           ## 000002B0
/* 00790 80815640 AC4E0004 */  sw      $t6, 0x0004($v0)           ## 00000004
/* 00794 80815644 AC4B0000 */  sw      $t3, 0x0000($v0)           ## 00000000
/* 00798 80815648 8C6202B0 */  lw      $v0, 0x02B0($v1)           ## 000002B0
/* 0079C 8081564C 3C18E43A */  lui     $t8, 0xE43A                ## $t8 = E43A0000
/* 007A0 80815650 3C190016 */  lui     $t9, 0x0016                ## $t9 = 00160000
/* 007A4 80815654 244F0008 */  addiu   $t7, $v0, 0x0008           ## $t7 = 00000008
/* 007A8 80815658 AC6F02B0 */  sw      $t7, 0x02B0($v1)           ## 000002B0
/* 007AC 8081565C 37390240 */  ori     $t9, $t9, 0x0240           ## $t9 = 00160240
/* 007B0 80815660 371802C0 */  ori     $t8, $t8, 0x02C0           ## $t8 = E43A02C0
/* 007B4 80815664 AC580000 */  sw      $t8, 0x0000($v0)           ## 00000000
/* 007B8 80815668 AC590004 */  sw      $t9, 0x0004($v0)           ## 00000004
/* 007BC 8081566C 8C6202B0 */  lw      $v0, 0x02B0($v1)           ## 000002B0
/* 007C0 80815670 3C0FE100 */  lui     $t7, 0xE100                ## $t7 = E1000000
/* 007C4 80815674 3C19F100 */  lui     $t9, 0xF100                ## $t9 = F1000000
/* 007C8 80815678 244E0008 */  addiu   $t6, $v0, 0x0008           ## $t6 = 00000008
/* 007CC 8081567C AC6E02B0 */  sw      $t6, 0x02B0($v1)           ## 000002B0
/* 007D0 80815680 AC400004 */  sw      $zero, 0x0004($v0)         ## 00000004
/* 007D4 80815684 AC4F0000 */  sw      $t7, 0x0000($v0)           ## 00000000
/* 007D8 80815688 8C6202B0 */  lw      $v0, 0x02B0($v1)           ## 000002B0
/* 007DC 8081568C 3C0E0400 */  lui     $t6, 0x0400                ## $t6 = 04000000
/* 007E0 80815690 35CE0400 */  ori     $t6, $t6, 0x0400           ## $t6 = 04000400
/* 007E4 80815694 24580008 */  addiu   $t8, $v0, 0x0008           ## $t8 = 00000008
/* 007E8 80815698 AC7802B0 */  sw      $t8, 0x02B0($v1)           ## 000002B0
/* 007EC 8081569C AC4E0004 */  sw      $t6, 0x0004($v0)           ## 00000004
/* 007F0 808156A0 AC590000 */  sw      $t9, 0x0000($v0)           ## 00000000
/* 007F4 808156A4 8FBF0014 */  lw      $ra, 0x0014($sp)           
.L808156A8:
/* 007F8 808156A8 27BD0020 */  addiu   $sp, $sp, 0x0020           ## $sp = 00000000
/* 007FC 808156AC 03E00008 */  jr      $ra                        
/* 00800 808156B0 00000000 */  nop


glabel func_808156B4
/* 00804 808156B4 27BDFFD8 */  addiu   $sp, $sp, 0xFFD8           ## $sp = FFFFFFD8
/* 00808 808156B8 AFB00020 */  sw      $s0, 0x0020($sp)           
/* 0080C 808156BC 00808025 */  or      $s0, $a0, $zero            ## $s0 = 00000000
/* 00810 808156C0 AFBF0024 */  sw      $ra, 0x0024($sp)           
/* 00814 808156C4 8E040000 */  lw      $a0, 0x0000($s0)           ## 00000000
/* 00818 808156C8 AFA00014 */  sw      $zero, 0x0014($sp)         
/* 0081C 808156CC AFA00010 */  sw      $zero, 0x0010($sp)         
/* 00820 808156D0 24050001 */  addiu   $a1, $zero, 0x0001         ## $a1 = 00000001
/* 00824 808156D4 24060001 */  addiu   $a2, $zero, 0x0001         ## $a2 = 00000001
/* 00828 808156D8 0C04B3C3 */  jal     func_8012CF0C              
/* 0082C 808156DC 00003825 */  or      $a3, $zero, $zero          ## $a3 = 00000000
/* 00830 808156E0 8E040000 */  lw      $a0, 0x0000($s0)           ## 00000000
/* 00834 808156E4 8C8302B0 */  lw      $v1, 0x02B0($a0)           ## 000002B0
/* 00838 808156E8 3C0FDB06 */  lui     $t7, 0xDB06                ## $t7 = DB060000
/* 0083C 808156EC 35EF0024 */  ori     $t7, $t7, 0x0024           ## $t7 = DB060024
/* 00840 808156F0 246E0008 */  addiu   $t6, $v1, 0x0008           ## $t6 = 00000008
/* 00844 808156F4 AC8E02B0 */  sw      $t6, 0x02B0($a0)           ## 000002B0
/* 00848 808156F8 AC6F0000 */  sw      $t7, 0x0000($v1)           ## 00000000
/* 0084C 808156FC 8E1800A4 */  lw      $t8, 0x00A4($s0)           ## 000000A4
/* 00850 80815700 AC780004 */  sw      $t8, 0x0004($v1)           ## 00000004
/* 00854 80815704 8C8302B0 */  lw      $v1, 0x02B0($a0)           ## 000002B0
/* 00858 80815708 3C08DB06 */  lui     $t0, 0xDB06                ## $t0 = DB060000
/* 0085C 8081570C 35080030 */  ori     $t0, $t0, 0x0030           ## $t0 = DB060030
/* 00860 80815710 24790008 */  addiu   $t9, $v1, 0x0008           ## $t9 = 00000008
/* 00864 80815714 AC9902B0 */  sw      $t9, 0x02B0($a0)           ## 000002B0
/* 00868 80815718 AC680000 */  sw      $t0, 0x0000($v1)           ## 00000000
/* 0086C 8081571C 8E0900A8 */  lw      $t1, 0x00A8($s0)           ## 000000A8
/* 00870 80815720 AC690004 */  sw      $t1, 0x0004($v1)           ## 00000004
/* 00874 80815724 0C2053FA */  jal     func_80814FE8              
/* 00878 80815728 02002025 */  or      $a0, $s0, $zero            ## $a0 = 00000000
/* 0087C 8081572C 02002025 */  or      $a0, $s0, $zero            ## $a0 = 00000000
/* 00880 80815730 0C2053AC */  jal     func_80814EB0              
/* 00884 80815734 02002825 */  or      $a1, $s0, $zero            ## $a1 = 00000000
/* 00888 80815738 8FBF0024 */  lw      $ra, 0x0024($sp)           
/* 0088C 8081573C 8FB00020 */  lw      $s0, 0x0020($sp)           
/* 00890 80815740 27BD0028 */  addiu   $sp, $sp, 0x0028           ## $sp = 00000000
/* 00894 80815744 03E00008 */  jr      $ra                        
/* 00898 80815748 00000000 */  nop


glabel func_8081574C
/* 0089C 8081574C 27BDFFE8 */  addiu   $sp, $sp, 0xFFE8           ## $sp = FFFFFFE8
/* 008A0 80815750 AFBF0014 */  sw      $ra, 0x0014($sp)           
/* 008A4 80815754 AFA40018 */  sw      $a0, 0x0018($sp)           
/* 008A8 80815758 0C058335 */  jal     func_80160CD4              
/* 008AC 8081575C 00000000 */  nop
/* 008B0 80815760 8FBF0014 */  lw      $ra, 0x0014($sp)           
/* 008B4 80815764 27BD0018 */  addiu   $sp, $sp, 0x0018           ## $sp = 00000000
/* 008B8 80815768 03E00008 */  jr      $ra                        
/* 008BC 8081576C 00000000 */  nop


glabel func_80815770
/* 008C0 80815770 AFA40000 */  sw      $a0, 0x0000($sp)           
/* 008C4 80815774 03E00008 */  jr      $ra                        
/* 008C8 80815778 00000000 */  nop


glabel func_8081577C
/* 008CC 8081577C 27BDFFD8 */  addiu   $sp, $sp, 0xFFD8           ## $sp = FFFFFFD8
/* 008D0 80815780 AFBF0014 */  sw      $ra, 0x0014($sp)           
/* 008D4 80815784 AFA40028 */  sw      $a0, 0x0028($sp)           
/* 008D8 80815788 8FA40028 */  lw      $a0, 0x0028($sp)           
/* 008DC 8081578C 3C0701ED */  lui     $a3, 0x01ED                ## $a3 = 01ED0000
/* 008E0 80815790 3C0E01ED */  lui     $t6, 0x01ED                ## $t6 = 01ED0000
/* 008E4 80815794 25CE3B00 */  addiu   $t6, $t6, 0x3B00           ## $t6 = 01ED3B00
/* 008E8 80815798 24E7A000 */  addiu   $a3, $a3, 0xA000           ## $a3 = 01ECA000
/* 008EC 8081579C 01C73023 */  subu    $a2, $t6, $a3              
/* 008F0 808157A0 24840074 */  addiu   $a0, $a0, 0x0074           ## $a0 = 00000074
/* 008F4 808157A4 AFA40018 */  sw      $a0, 0x0018($sp)           
/* 008F8 808157A8 00C02825 */  or      $a1, $a2, $zero            ## $a1 = 00000000
/* 008FC 808157AC AFA6001C */  sw      $a2, 0x001C($sp)           
/* 00900 808157B0 0C05CAB2 */  jal     func_80172AC8              
/* 00904 808157B4 AFA70020 */  sw      $a3, 0x0020($sp)           
/* 00908 808157B8 8FAF0028 */  lw      $t7, 0x0028($sp)           
/* 0090C 808157BC 8FA6001C */  lw      $a2, 0x001C($sp)           
/* 00910 808157C0 8FA50020 */  lw      $a1, 0x0020($sp)           
/* 00914 808157C4 00402025 */  or      $a0, $v0, $zero            ## $a0 = 00000000
/* 00918 808157C8 0C020324 */  jal     func_80080C90              
/* 0091C 808157CC ADE200A4 */  sw      $v0, 0x00A4($t7)           ## 000000A4
/* 00920 808157D0 3C0700A1 */  lui     $a3, 0x00A1                ## $a3 = 00A10000
/* 00924 808157D4 3C1800A1 */  lui     $t8, 0x00A1                ## $t8 = 00A10000
/* 00928 808157D8 27182300 */  addiu   $t8, $t8, 0x2300           ## $t8 = 00A12300
/* 0092C 808157DC 24E7F000 */  addiu   $a3, $a3, 0xF000           ## $a3 = 00A0F000
/* 00930 808157E0 03073023 */  subu    $a2, $t8, $a3              
/* 00934 808157E4 00C02825 */  or      $a1, $a2, $zero            ## $a1 = 00000000
/* 00938 808157E8 AFA6001C */  sw      $a2, 0x001C($sp)           
/* 0093C 808157EC AFA70020 */  sw      $a3, 0x0020($sp)           
/* 00940 808157F0 0C05CAB2 */  jal     func_80172AC8              
/* 00944 808157F4 8FA40018 */  lw      $a0, 0x0018($sp)           
/* 00948 808157F8 8FB90028 */  lw      $t9, 0x0028($sp)           
/* 0094C 808157FC 8FA6001C */  lw      $a2, 0x001C($sp)           
/* 00950 80815800 8FA50020 */  lw      $a1, 0x0020($sp)           
/* 00954 80815804 00402025 */  or      $a0, $v0, $zero            ## $a0 = 00000000
/* 00958 80815808 0C020324 */  jal     func_80080C90              
/* 0095C 8081580C AF2200A8 */  sw      $v0, 0x00A8($t9)           ## 000000A8
/* 00960 80815810 8FBF0014 */  lw      $ra, 0x0014($sp)           
/* 00964 80815814 27BD0028 */  addiu   $sp, $sp, 0x0028           ## $sp = 00000000
/* 00968 80815818 03E00008 */  jr      $ra                        
/* 0096C 8081581C 00000000 */  nop


glabel func_80815820
/* 00970 80815820 27BDFFE0 */  addiu   $sp, $sp, 0xFFE0           ## $sp = FFFFFFE0
/* 00974 80815824 AFB00018 */  sw      $s0, 0x0018($sp)           
/* 00978 80815828 00808025 */  or      $s0, $a0, $zero            ## $s0 = 00000000
/* 0097C 8081582C AFBF001C */  sw      $ra, 0x001C($sp)           
/* 00980 80815830 02002025 */  or      $a0, $s0, $zero            ## $a0 = 00000000
/* 00984 80815834 0C05CCEA */  jal     func_801733A8              
/* 00988 80815838 24050001 */  addiu   $a1, $zero, 0x0001         ## $a1 = 00000001
/* 0098C 8081583C 0C060058 */  jal     func_80180160              
/* 00990 80815840 02002025 */  or      $a0, $s0, $zero            ## $a0 = 00000000
/* 00994 80815844 0C058335 */  jal     func_80160CD4              
/* 00998 80815848 00000000 */  nop
/* 0099C 8081584C 260400B0 */  addiu   $a0, $s0, 0x00B0           ## $a0 = 000000B0
/* 009A0 80815850 0C04FBBD */  jal     func_8013EEF4              
/* 009A4 80815854 8E050000 */  lw      $a1, 0x0000($s0)           ## 00000000
/* 009A8 80815858 3C0E8081 */  lui     $t6, %hi(func_808156B4)    ## $t6 = 80810000
/* 009AC 8081585C 3C0F8081 */  lui     $t7, %hi(func_8081574C)    ## $t7 = 80810000
/* 009B0 80815860 25CE56B4 */  addiu   $t6, $t6, %lo(func_808156B4) ## $t6 = 808156B4
/* 009B4 80815864 25EF574C */  addiu   $t7, $t7, %lo(func_8081574C) ## $t7 = 8081574C
/* 009B8 80815868 2418008C */  addiu   $t8, $zero, 0x008C         ## $t8 = 0000008C
/* 009BC 8081586C AE0E0004 */  sw      $t6, 0x0004($s0)           ## 00000004
/* 009C0 80815870 AE0F0008 */  sw      $t7, 0x0008($s0)           ## 00000008
/* 009C4 80815874 A6180240 */  sh      $t8, 0x0240($s0)           ## 00000240
/* 009C8 80815878 A6000242 */  sh      $zero, 0x0242($s0)         ## 00000242
/* 009CC 8081587C 3C02801F */  lui     $v0, 0x801F                ## $v0 = 801F0000
/* 009D0 80815880 8C42F688 */  lw      $v0, -0x0978($v0)          ## 801EF688
/* 009D4 80815884 28410009 */  slti    $at, $v0, 0x0009           
/* 009D8 80815888 10200007 */  beq     $at, $zero, .L808158A8     
/* 009DC 8081588C 00000000 */  nop
/* 009E0 80815890 14400003 */  bne     $v0, $zero, .L808158A0     
/* 009E4 80815894 00000000 */  nop
/* 009E8 80815898 0C050EB1 */  jal     func_80143AC4              
/* 009EC 8081589C 00000000 */  nop
.L808158A0:
/* 009F0 808158A0 0C05115D */  jal     func_80144574              
/* 009F4 808158A4 00000000 */  nop
.L808158A8:
/* 009F8 808158A8 0C2055DC */  jal     func_80815770              
/* 009FC 808158AC 02002025 */  or      $a0, $s0, $zero            ## $a0 = 00000000
/* 00A00 808158B0 0C2055DF */  jal     func_8081577C              
/* 00A04 808158B4 02002025 */  or      $a0, $s0, $zero            ## $a0 = 00000000
/* 00A08 808158B8 0C067C32 */  jal     func_8019F0C8              
/* 00A0C 808158BC 24045808 */  addiu   $a0, $zero, 0x5808         ## $a0 = 00005808
/* 00A10 808158C0 8FBF001C */  lw      $ra, 0x001C($sp)           
/* 00A14 808158C4 8FB00018 */  lw      $s0, 0x0018($sp)           
/* 00A18 808158C8 27BD0020 */  addiu   $sp, $sp, 0x0020           ## $sp = 00000000
/* 00A1C 808158CC 03E00008 */  jr      $ra                        
/* 00A20 808158D0 00000000 */  nop
/* 00A24 808158D4 00000000 */  nop
/* 00A28 808158D8 00000000 */  nop
/* 00A2C 808158DC 00000000 */  nop

.section .data

.word \
0x00000C00, 0x00000000, 0x00000000, 0x40000000, \
0x00000000, 0x00000000, 0x00000000, 0x00000000, \
0x00000000, 0x00000000, 0x00000000, 0x00000000, \
0x00000000, 0x00000000, 0x00000000, 0x00000000, \
0x00000000, 0x00000000, 0x00000000, 0x00000000, \
0x00000000, 0x00000000, 0x00000000, 0x00000000, \
0x00000000, 0x00000000, 0x00000000, 0x00000000, \
0x00000000, 0x00000000, 0x00000000, 0x00000C04, \
0x00000000, 0x00000000, 0x00000000, 0x00000000, \
0x00000000, 0x00000000, 0x00000000, 0x00000000, \
0x00000000, 0x00000000, 0x00000000, 0x00000000, \
0x00000000, 0x00000000, 0x00000000, 0x80000000, \
0x00000000, 0x00000000, 0x00000000, 0x80000000, \
0x00000000, 0x00000000, 0x00000000, 0x00000000, \
0x00000000, 0x00000000, 0x00000000, 0x00000000, \
0x00000000, 0x00000000, 0x00000000, 0x00000000, \
0x00000000, 0x00000000, 0x00000000, 0x00000000, \
0x00000000, 0x00000000, 0x00000000, 0x00000000, \
0x00000000, 0x00000000, 0x00000000, 0x00000000, \
0x00100000, 0x00000000, 0x00000000, 0x40000002, \
0x00000000, 0x00000000, 0x00000000, 0x00000000, \
0x00000000, 0x00000000, 0x00000000, 0x00000000, \
0x04000000, 0x00000000, 0x00000000, 0x00000000, \
0x00000002, 0x00000000, 0x00000000, 0x00000000, \
0x04000000, 0x00000000, 0x00000000, 0x00000000, \
0x00000000, 0x00000000, 0x00000000, 0x00000000, \
0x0000000F, 0x00000000, 0x00000000, 0x00000000, \
0x0070B000, 0x00000000, 0x00000000, 0x00000000, \
0x00000000, 0x00000000, 0x00000000, 0x00000000, \
0x00000000, 0x80000000, 0x00000000, 0x00000400, \
0x00000000, 0x00000000, 0x00000000, 0x00000000, \
0x00000000, 0x00000000, 0x00000000, 0x80000000, \
0x00000000, 0x00000000, 0x00000000, 0x00000000, \
0x01A00020, 0x00000000, 0x00000000, 0x00000000, \
0x00000400, 0x00000000, 0x00000000, 0x00000000, \
0x00000000, 0x00000000, 0x00000000, 0x00001000, \
0x00000000, 0x00000000, 0x00000000, 0x00000000, \
0x00000000, 0x00000000, 0x00000000, 0x00000002, \
0x00000400, 0x00000000, 0x00000000, 0x00000000, \
0x00000000, 0x00000000, 0x00000000, 0x00000000, \
0x00000000, 0x00000000, 0x00000000, 0x80000000, \
0x00000000, 0x00000000, 0x00000000, 0x00000000, \
0x00000000, 0x00000000, 0x00000000, 0x00000002, \
0x00000000, 0x00000000, 0x00000000, 0x40000000, \
0x00000000, 0x00000000, 0x00000000, 0x00000000, \
0x00000010, 0x00000000, 0x00000000, 0x00000000, \
0x00000003, 0x00000000, 0x00000000, 0x00000000, \
0x00000000, 0x00000000, 0x00000000, 0x00000000, \
0x00000000, 0x00000000, 0x00000000, 0x80000000, \
0x00000000, 0x00000000, 0x00000000, 0x00000000, \
0x00000000, 0x00000000, 0x00000000, 0x00000000, \
0x00000000, 0x00000000, 0x00000000, 0x00000000, \
0x00000000, 0x00000000, 0x00000000, 0x00000000, \
0x00000000, 0x00000000, 0x00000000, 0x00000000, \
0x00000000, 0x00000000, 0x00000000, 0x80000000, \
0x00100400, 0x00000000, 0x00000000, 0x00000022, \
0x00000400, 0x00000000, 0x00000000, 0x00000080, \
0x00000000, 0x00000000, 0x00000000, 0x00000000, \
0x00000000, 0x00000000, 0x00000000, 0x00000000, \
0x00000400, 0x00000000, 0x00000000, 0x00000000, \
0x00000000, 0x00000000, 0x00000000, 0x00000000, \
0x00000000, 0x00000000, 0x00000000, 0x00000000, \
0x00000000, 0x00000000, 0x00000000, 0x00000000, \
0x00000000, 0x00000000, 0x00000000, 0x00000002, \
0x00000000, 0x00000000, 0x00000000, 0x80000002, \
0x00000000, 0x00000000, 0x00000000, 0x00000000, \
0x00000000, 0x00000000, 0x00000000, 0x00000000, \
0x00000000, 0x00000000, 0x00000000, 0x00000000, \
0x00000000, 0x00000000, 0x00000000, 0x80000000, \
0x00000C00, 0x00000000, 0x00000000, 0x40000000, \
0x00000102, 0x00000000, 0x00000000, 0x00000400, \
0x00000000, 0x00000000, 0x00000000, 0x00000002, \
0x00000000, 0x00000000, 0x00000000, 0x40000000, \
0x00000070, 0x00000000, 0x00000000, 0x00000000, \
0x00000000, 0x00000000, 0x00000000, 0x00000000, \
0x00000000, 0x00000000, 0x00000000, 0x00000000, \
0x00000000, 0x00000000, 0x00000000, 0x40000000, \
0x00000000, 0x00000000, 0x00000000, 0x40000000, \
0x00000000, 0x00000000, 0x00000000, 0x00000000, \
0x00000000, 0x00000000, 0x00000000, 0x00000000, \
0x00100000, 0x00000000, 0x00000000, 0x80000000, \
0x00000000, 0x00000000, 0x00000000, 0x00000000, \
0x00000000, 0x00000000, 0x00000000, 0x00000000, \
0x00000000, 0x00000000, 0x00000000, 0x00000000, \
0x00000000, 0x00000000, 0x00000000, 0x00000000, \
0x00000000, 0x00000000, 0x00000000, 0x00000000, \
0x00000000, 0x00000000, 0x00000000, 0x00000000, \
0x00000000, 0x00000000, 0x00000000, 0x00000000, \
0x00000400, 0x00000000, 0x00000000, 0x00000000, \
0x00000400, 0x00000000, 0x00000000, 0x00000000, \
0x00100000, 0x00000000, 0x00000000, 0x80000000, \
0x00000000, 0x00000000, 0x00000000, 0x00000100, \
0x00000400, 0x00000000, 0x00000000, 0x00000000, \
0x00000000, 0x00000000, 0x00000000, 0x00000080, \
0x00000000, 0x00000000, 0x00000000, 0x00000080, \
0x00000000, 0x00000000, 0x00000000, 0x80000000, \
0x00000000, 0x00000000, 0x00000000, 0x00000400, \
0x00000000, 0x00000000, 0x00000000, 0x00000000, \
0x00000000, 0x00000000, 0x00000000, 0x00000000, \
0x00000001, 0x00000000, 0x00000000, 0x00000000, \
0x00000000, 0x00000000, 0x00000000, 0x00000000, \
0x00000000, 0x00000000, 0x00000000, 0x00000000, \
0x00000000, 0x00000000, 0x00000000, 0x00000002, \
0x00000000, 0x00000000, 0x00000000, 0x00000000, \
0x00000000, 0x00000000, 0x00000000, 0x00000000, \
0x00000000, 0x00000000, 0x00000000, 0x00000000, \
0x00000000, 0x00000000, 0x00000000, 0x00000000, \
0x00000000, 0x00000000, 0x00000000, 0x00000000, \
0x00000001, 0x00000000, 0x00000000, 0x00000000, \
0x00000000, 0x00000000, 0x00000000, 0x00000000, \
0x00000000, 0x00000000, 0x00000000, 0x00000400, \
0x00100000, 0x00000000, 0x00000000, 0x00000400, \
0x00000000, 0x00000000, 0x00000001, 0x00000000
D_80815FF0: .word 0x00000000, 0x09000000, 0x09002000, 0x09004000
D_80816000: .word 0x09006000, 0x09001000, 0x09003000, 0x09005000
D_80816010: .word 0x09007000, 0x09008000, 0x09008900, 0x09009200

.section .rodata



.section .rodata
D_80816020:
.incbin "baserom/daytelop", 0x1170, 0x00000080
