.include "macro.inc"

# assembler directives
.set noat      # allow manual use of $at
.set noreorder # don't insert nops after branches
.set gp=64     # allow use of 64-bit general purpose registers

.section .text
glabel func_80C07740
/* 00000 80C07740 27BDFFE8 */  addiu   $sp, $sp, 0xFFE8           ## $sp = FFFFFFE8
/* 00004 80C07744 AFBF0014 */  sw      $ra, 0x0014($sp)           
/* 00008 80C07748 AFA5001C */  sw      $a1, 0x001C($sp)           
/* 0000C 80C0774C 3C053F80 */  lui     $a1, 0x3F80                ## $a1 = 3F800000
/* 00010 80C07750 0C02D9F8 */  jal     func_800B67E0              
/* 00014 80C07754 AFA40018 */  sw      $a0, 0x0018($sp)           
/* 00018 80C07758 8FA40018 */  lw      $a0, 0x0018($sp)           
/* 0001C 80C0775C 3C0E80C0 */  lui     $t6, %hi(func_80C07790)    ## $t6 = 80C00000
/* 00020 80C07760 25CE7790 */  addiu   $t6, $t6, %lo(func_80C07790) ## $t6 = 80C07790
/* 00024 80C07764 AC8E0148 */  sw      $t6, 0x0148($a0)           ## 00000148
/* 00028 80C07768 A4800144 */  sh      $zero, 0x0144($a0)         ## 00000144
/* 0002C 80C0776C A48000C0 */  sh      $zero, 0x00C0($a0)         ## 000000C0
/* 00030 80C07770 8FBF0014 */  lw      $ra, 0x0014($sp)           
/* 00034 80C07774 27BD0018 */  addiu   $sp, $sp, 0x0018           ## $sp = 00000000
/* 00038 80C07778 03E00008 */  jr      $ra                        
/* 0003C 80C0777C 00000000 */  nop


glabel func_80C07780
/* 00040 80C07780 AFA40000 */  sw      $a0, 0x0000($sp)           
/* 00044 80C07784 AFA50004 */  sw      $a1, 0x0004($sp)           
/* 00048 80C07788 03E00008 */  jr      $ra                        
/* 0004C 80C0778C 00000000 */  nop


glabel func_80C07790
/* 00050 80C07790 27BDFFE0 */  addiu   $sp, $sp, 0xFFE0           ## $sp = FFFFFFE0
/* 00054 80C07794 AFB10018 */  sw      $s1, 0x0018($sp)           
/* 00058 80C07798 AFB00014 */  sw      $s0, 0x0014($sp)           
/* 0005C 80C0779C 00808025 */  or      $s0, $a0, $zero            ## $s0 = 00000000
/* 00060 80C077A0 00A08825 */  or      $s1, $a1, $zero            ## $s1 = 00000000
/* 00064 80C077A4 AFBF001C */  sw      $ra, 0x001C($sp)           
/* 00068 80C077A8 02202025 */  or      $a0, $s1, $zero            ## $a0 = 00000000
/* 0006C 80C077AC 0C03B8A7 */  jal     func_800EE29C              
/* 00070 80C077B0 2405020F */  addiu   $a1, $zero, 0x020F         ## $a1 = 0000020F
/* 00074 80C077B4 1040001E */  beq     $v0, $zero, .L80C07830     
/* 00078 80C077B8 02202025 */  or      $a0, $s1, $zero            ## $a0 = 00000000
/* 0007C 80C077BC 0C03B880 */  jal     func_800EE200              
/* 00080 80C077C0 2405020F */  addiu   $a1, $zero, 0x020F         ## $a1 = 0000020F
/* 00084 80C077C4 0002C880 */  sll     $t9, $v0,  2               
/* 00088 80C077C8 02394021 */  addu    $t0, $s1, $t9              
/* 0008C 80C077CC 8D091F4C */  lw      $t1, 0x1F4C($t0)           ## 00001F4C
/* 00090 80C077D0 860E001C */  lh      $t6, 0x001C($s0)           ## 0000001C
/* 00094 80C077D4 02202025 */  or      $a0, $s1, $zero            ## $a0 = 00000000
/* 00098 80C077D8 952A0000 */  lhu     $t2, 0x0000($t1)           ## 00000000
/* 0009C 80C077DC 31CF000F */  andi    $t7, $t6, 0x000F           ## $t7 = 00000000
/* 000A0 80C077E0 25F80002 */  addiu   $t8, $t7, 0x0002           ## $t8 = 00000002
/* 000A4 80C077E4 170A0004 */  bne     $t8, $t2, .L80C077F8       
/* 000A8 80C077E8 00000000 */  nop
/* 000AC 80C077EC 960B0146 */  lhu     $t3, 0x0146($s0)           ## 00000146
/* 000B0 80C077F0 356C0002 */  ori     $t4, $t3, 0x0002           ## $t4 = 00000002
/* 000B4 80C077F4 A60C0146 */  sh      $t4, 0x0146($s0)           ## 00000146
.L80C077F8:
/* 000B8 80C077F8 0C03B880 */  jal     func_800EE200              
/* 000BC 80C077FC 2405020F */  addiu   $a1, $zero, 0x020F         ## $a1 = 0000020F
/* 000C0 80C07800 00026880 */  sll     $t5, $v0,  2               
/* 000C4 80C07804 022D7021 */  addu    $t6, $s1, $t5              
/* 000C8 80C07808 8DCF1F4C */  lw      $t7, 0x1F4C($t6)           ## 00001F4C
/* 000CC 80C0780C 24010007 */  addiu   $at, $zero, 0x0007         ## $at = 00000007
/* 000D0 80C07810 3C0880C0 */  lui     $t0, %hi(func_80C078BC)    ## $t0 = 80C00000
/* 000D4 80C07814 95F90000 */  lhu     $t9, 0x0000($t7)           ## 00000000
/* 000D8 80C07818 250878BC */  addiu   $t0, $t0, %lo(func_80C078BC) ## $t0 = 80C078BC
/* 000DC 80C0781C 57210004 */  bnel    $t9, $at, .L80C07830       
/* 000E0 80C07820 AE08013C */  sw      $t0, 0x013C($s0)           ## 0000013C
/* 000E4 80C07824 10000002 */  beq     $zero, $zero, .L80C07830   
/* 000E8 80C07828 AE00013C */  sw      $zero, 0x013C($s0)         ## 0000013C
/* 000EC 80C0782C AE08013C */  sw      $t0, 0x013C($s0)           ## 0000013C
.L80C07830:
/* 000F0 80C07830 86090018 */  lh      $t1, 0x0018($s0)           ## 00000018
/* 000F4 80C07834 51200008 */  beql    $t1, $zero, .L80C07858     
/* 000F8 80C07838 960A0146 */  lhu     $t2, 0x0146($s0)           ## 00000146
/* 000FC 80C0783C 8E18013C */  lw      $t8, 0x013C($s0)           ## 0000013C
/* 00100 80C07840 02002025 */  or      $a0, $s0, $zero            ## $a0 = 00000000
/* 00104 80C07844 53000004 */  beql    $t8, $zero, .L80C07858     
/* 00108 80C07848 960A0146 */  lhu     $t2, 0x0146($s0)           ## 00000146
/* 0010C 80C0784C 0C02E404 */  jal     func_800B9010              
/* 00110 80C07850 240521A8 */  addiu   $a1, $zero, 0x21A8         ## $a1 = 000021A8
/* 00114 80C07854 960A0146 */  lhu     $t2, 0x0146($s0)           ## 00000146
.L80C07858:
/* 00118 80C07858 314B0002 */  andi    $t3, $t2, 0x0002           ## $t3 = 00000000
/* 0011C 80C0785C 5160000A */  beql    $t3, $zero, .L80C07888     
/* 00120 80C07860 8FBF001C */  lw      $ra, 0x001C($sp)           
/* 00124 80C07864 86020144 */  lh      $v0, 0x0144($s0)           ## 00000144
/* 00128 80C07868 240D00FF */  addiu   $t5, $zero, 0x00FF         ## $t5 = 000000FF
/* 0012C 80C0786C 284100F0 */  slti    $at, $v0, 0x00F0           
/* 00130 80C07870 10200003 */  beq     $at, $zero, .L80C07880     
/* 00134 80C07874 244C0019 */  addiu   $t4, $v0, 0x0019           ## $t4 = 00000019
/* 00138 80C07878 10000002 */  beq     $zero, $zero, .L80C07884   
/* 0013C 80C0787C A60C0144 */  sh      $t4, 0x0144($s0)           ## 00000144
.L80C07880:
/* 00140 80C07880 A60D0144 */  sh      $t5, 0x0144($s0)           ## 00000144
.L80C07884:
/* 00144 80C07884 8FBF001C */  lw      $ra, 0x001C($sp)           
.L80C07888:
/* 00148 80C07888 8FB00014 */  lw      $s0, 0x0014($sp)           
/* 0014C 80C0788C 8FB10018 */  lw      $s1, 0x0018($sp)           
/* 00150 80C07890 03E00008 */  jr      $ra                        
/* 00154 80C07894 27BD0020 */  addiu   $sp, $sp, 0x0020           ## $sp = 00000000


glabel func_80C07898
/* 00158 80C07898 27BDFFE8 */  addiu   $sp, $sp, 0xFFE8           ## $sp = FFFFFFE8
/* 0015C 80C0789C AFBF0014 */  sw      $ra, 0x0014($sp)           
/* 00160 80C078A0 8C990148 */  lw      $t9, 0x0148($a0)           ## 00000148
/* 00164 80C078A4 0320F809 */  jalr    $ra, $t9                   
/* 00168 80C078A8 00000000 */  nop
/* 0016C 80C078AC 8FBF0014 */  lw      $ra, 0x0014($sp)           
/* 00170 80C078B0 27BD0018 */  addiu   $sp, $sp, 0x0018           ## $sp = 00000000
/* 00174 80C078B4 03E00008 */  jr      $ra                        
/* 00178 80C078B8 00000000 */  nop


glabel func_80C078BC
/* 0017C 80C078BC 27BDFFC8 */  addiu   $sp, $sp, 0xFFC8           ## $sp = FFFFFFC8
/* 00180 80C078C0 AFBF001C */  sw      $ra, 0x001C($sp)           
/* 00184 80C078C4 AFB00018 */  sw      $s0, 0x0018($sp)           
/* 00188 80C078C8 AFA40038 */  sw      $a0, 0x0038($sp)           
/* 0018C 80C078CC AFA5003C */  sw      $a1, 0x003C($sp)           
/* 00190 80C078D0 8FAE0038 */  lw      $t6, 0x0038($sp)           
/* 00194 80C078D4 8FB8003C */  lw      $t8, 0x003C($sp)           
/* 00198 80C078D8 85CF0144 */  lh      $t7, 0x0144($t6)           ## 00000144
/* 0019C 80C078DC 51E00072 */  beql    $t7, $zero, .L80C07AA8     
/* 001A0 80C078E0 8FBF001C */  lw      $ra, 0x001C($sp)           
/* 001A4 80C078E4 8F040000 */  lw      $a0, 0x0000($t8)           ## 00000000
/* 001A8 80C078E8 0C04B0B7 */  jal     func_8012C2DC              
/* 001AC 80C078EC 00808025 */  or      $s0, $a0, $zero            ## $s0 = 00000000
/* 001B0 80C078F0 8FA2003C */  lw      $v0, 0x003C($sp)           
/* 001B4 80C078F4 84590810 */  lh      $t9, 0x0810($v0)           ## 00000810
/* 001B8 80C078F8 00194080 */  sll     $t0, $t9,  2               
/* 001BC 80C078FC 00484821 */  addu    $t1, $v0, $t0              
/* 001C0 80C07900 0C037F37 */  jal     func_800DFCDC              
/* 001C4 80C07904 8D240800 */  lw      $a0, 0x0800($t1)           ## 00000800
/* 001C8 80C07908 34018000 */  ori     $at, $zero, 0x8000         ## $at = 00008000
/* 001CC 80C0790C 00412021 */  addu    $a0, $v0, $at              
/* 001D0 80C07910 00042400 */  sll     $a0, $a0, 16               
/* 001D4 80C07914 00042403 */  sra     $a0, $a0, 16               
/* 001D8 80C07918 0C06026B */  jal     func_801809AC              
/* 001DC 80C0791C 24050001 */  addiu   $a1, $zero, 0x0001         ## $a1 = 00000001
/* 001E0 80C07920 3C040600 */  lui     $a0, 0x0600                ## $a0 = 06000000
/* 001E4 80C07924 0C040141 */  jal     func_80100504              
/* 001E8 80C07928 24840F38 */  addiu   $a0, $a0, 0x0F38           ## $a0 = 06000F38
/* 001EC 80C0792C 8FA4003C */  lw      $a0, 0x003C($sp)           
/* 001F0 80C07930 0C04C5F0 */  jal     func_801317C0              
/* 001F4 80C07934 00402825 */  or      $a1, $v0, $zero            ## $a1 = 00000000
/* 001F8 80C07938 8E0202C0 */  lw      $v0, 0x02C0($s0)           ## 000002C0
/* 001FC 80C0793C 3C0BDA38 */  lui     $t3, 0xDA38                ## $t3 = DA380000
/* 00200 80C07940 356B0003 */  ori     $t3, $t3, 0x0003           ## $t3 = DA380003
/* 00204 80C07944 244A0008 */  addiu   $t2, $v0, 0x0008           ## $t2 = 00000008
/* 00208 80C07948 AE0A02C0 */  sw      $t2, 0x02C0($s0)           ## 000002C0
/* 0020C 80C0794C AC4B0000 */  sw      $t3, 0x0000($v0)           ## 00000000
/* 00210 80C07950 8FAC003C */  lw      $t4, 0x003C($sp)           
/* 00214 80C07954 8D840000 */  lw      $a0, 0x0000($t4)           ## 00000000
/* 00218 80C07958 0C060690 */  jal     func_80181A40              
/* 0021C 80C0795C AFA20024 */  sw      $v0, 0x0024($sp)           
/* 00220 80C07960 8FA30024 */  lw      $v1, 0x0024($sp)           
/* 00224 80C07964 3C05FB00 */  lui     $a1, 0xFB00                ## $a1 = FB000000
/* 00228 80C07968 3C06DE00 */  lui     $a2, 0xDE00                ## $a2 = DE000000
/* 0022C 80C0796C AC620004 */  sw      $v0, 0x0004($v1)           ## 00000004
/* 00230 80C07970 8FA40038 */  lw      $a0, 0x0038($sp)           
/* 00234 80C07974 848D0018 */  lh      $t5, 0x0018($a0)           ## 00000018
/* 00238 80C07978 51A00018 */  beql    $t5, $zero, .L80C079DC     
/* 0023C 80C0797C 8E0202C0 */  lw      $v0, 0x02C0($s0)           ## 000002C0
/* 00240 80C07980 8E0202C0 */  lw      $v0, 0x02C0($s0)           ## 000002C0
/* 00244 80C07984 3C0FFA00 */  lui     $t7, 0xFA00                ## $t7 = FA000000
/* 00248 80C07988 35EF0080 */  ori     $t7, $t7, 0x0080           ## $t7 = FA000080
/* 0024C 80C0798C 244E0008 */  addiu   $t6, $v0, 0x0008           ## $t6 = 00000008
/* 00250 80C07990 AE0E02C0 */  sw      $t6, 0x02C0($s0)           ## 000002C0
/* 00254 80C07994 AC4F0000 */  sw      $t7, 0x0000($v0)           ## 00000000
/* 00258 80C07998 84980144 */  lh      $t8, 0x0144($a0)           ## 00000144
/* 0025C 80C0799C 3C01FFFF */  lui     $at, 0xFFFF                ## $at = FFFF0000
/* 00260 80C079A0 34216400 */  ori     $at, $at, 0x6400           ## $at = FFFF6400
/* 00264 80C079A4 331900FF */  andi    $t9, $t8, 0x00FF           ## $t9 = 00000000
/* 00268 80C079A8 03214025 */  or      $t0, $t9, $at              ## $t0 = FFFF6400
/* 0026C 80C079AC AC480004 */  sw      $t0, 0x0004($v0)           ## 00000004
/* 00270 80C079B0 3C05FB00 */  lui     $a1, 0xFB00                ## $a1 = FB000000
/* 00274 80C079B4 8E0202C0 */  lw      $v0, 0x02C0($s0)           ## 000002C0
/* 00278 80C079B8 3C0AFFC8 */  lui     $t2, 0xFFC8                ## $t2 = FFC80000
/* 0027C 80C079BC 354A00FF */  ori     $t2, $t2, 0x00FF           ## $t2 = FFC800FF
/* 00280 80C079C0 24490008 */  addiu   $t1, $v0, 0x0008           ## $t1 = 00000008
/* 00284 80C079C4 AE0902C0 */  sw      $t1, 0x02C0($s0)           ## 000002C0
/* 00288 80C079C8 AC4A0004 */  sw      $t2, 0x0004($v0)           ## 00000004
/* 0028C 80C079CC AC450000 */  sw      $a1, 0x0000($v0)           ## 00000000
/* 00290 80C079D0 10000013 */  beq     $zero, $zero, .L80C07A20   
/* 00294 80C079D4 00000000 */  nop
/* 00298 80C079D8 8E0202C0 */  lw      $v0, 0x02C0($s0)           ## 000002C0
.L80C079DC:
/* 0029C 80C079DC 3C0CFA00 */  lui     $t4, 0xFA00                ## $t4 = FA000000
/* 002A0 80C079E0 358C0080 */  ori     $t4, $t4, 0x0080           ## $t4 = FA000080
/* 002A4 80C079E4 244B0008 */  addiu   $t3, $v0, 0x0008           ## $t3 = 00000008
/* 002A8 80C079E8 AE0B02C0 */  sw      $t3, 0x02C0($s0)           ## 000002C0
/* 002AC 80C079EC AC4C0000 */  sw      $t4, 0x0000($v0)           ## 00000000
/* 002B0 80C079F0 848D0144 */  lh      $t5, 0x0144($a0)           ## 00000144
/* 002B4 80C079F4 3C010064 */  lui     $at, 0x0064                ## $at = 00640000
/* 002B8 80C079F8 3421FF00 */  ori     $at, $at, 0xFF00           ## $at = 0064FF00
/* 002BC 80C079FC 31AE00FF */  andi    $t6, $t5, 0x00FF           ## $t6 = 00000000
/* 002C0 80C07A00 01C17825 */  or      $t7, $t6, $at              ## $t7 = 0064FF00
/* 002C4 80C07A04 AC4F0004 */  sw      $t7, 0x0004($v0)           ## 00000004
/* 002C8 80C07A08 8E0202C0 */  lw      $v0, 0x02C0($s0)           ## 000002C0
/* 002CC 80C07A0C 241964FF */  addiu   $t9, $zero, 0x64FF         ## $t9 = 000064FF
/* 002D0 80C07A10 24580008 */  addiu   $t8, $v0, 0x0008           ## $t8 = 00000008
/* 002D4 80C07A14 AE1802C0 */  sw      $t8, 0x02C0($s0)           ## 000002C0
/* 002D8 80C07A18 AC590004 */  sw      $t9, 0x0004($v0)           ## 00000004
/* 002DC 80C07A1C AC450000 */  sw      $a1, 0x0000($v0)           ## 00000000
.L80C07A20:
/* 002E0 80C07A20 8E0202C0 */  lw      $v0, 0x02C0($s0)           ## 000002C0
/* 002E4 80C07A24 3C090600 */  lui     $t1, 0x0600                ## $t1 = 06000000
/* 002E8 80C07A28 25290180 */  addiu   $t1, $t1, 0x0180           ## $t1 = 06000180
/* 002EC 80C07A2C 24480008 */  addiu   $t0, $v0, 0x0008           ## $t0 = 00000008
/* 002F0 80C07A30 AE0802C0 */  sw      $t0, 0x02C0($s0)           ## 000002C0
/* 002F4 80C07A34 AC490004 */  sw      $t1, 0x0004($v0)           ## 00000004
/* 002F8 80C07A38 AC460000 */  sw      $a2, 0x0000($v0)           ## 00000000
/* 002FC 80C07A3C 8E0202C0 */  lw      $v0, 0x02C0($s0)           ## 000002C0
/* 00300 80C07A40 3C0BFA00 */  lui     $t3, 0xFA00                ## $t3 = FA000000
/* 00304 80C07A44 356B00FF */  ori     $t3, $t3, 0x00FF           ## $t3 = FA0000FF
/* 00308 80C07A48 244A0008 */  addiu   $t2, $v0, 0x0008           ## $t2 = 00000008
/* 0030C 80C07A4C AE0A02C0 */  sw      $t2, 0x02C0($s0)           ## 000002C0
/* 00310 80C07A50 AC4B0000 */  sw      $t3, 0x0000($v0)           ## 00000000
/* 00314 80C07A54 848C0144 */  lh      $t4, 0x0144($a0)           ## 00000144
/* 00318 80C07A58 3C01C8FF */  lui     $at, 0xC8FF                ## $at = C8FF0000
/* 0031C 80C07A5C 3421FF00 */  ori     $at, $at, 0xFF00           ## $at = C8FFFF00
/* 00320 80C07A60 318D00FF */  andi    $t5, $t4, 0x00FF           ## $t5 = 00000080
/* 00324 80C07A64 01A17025 */  or      $t6, $t5, $at              ## $t6 = C8FFFF80
/* 00328 80C07A68 AC4E0004 */  sw      $t6, 0x0004($v0)           ## 00000004
/* 0032C 80C07A6C 8E0202C0 */  lw      $v0, 0x02C0($s0)           ## 000002C0
/* 00330 80C07A70 3C180064 */  lui     $t8, 0x0064                ## $t8 = 00640000
/* 00334 80C07A74 3718FFFF */  ori     $t8, $t8, 0xFFFF           ## $t8 = 0064FFFF
/* 00338 80C07A78 244F0008 */  addiu   $t7, $v0, 0x0008           ## $t7 = 00000008
/* 0033C 80C07A7C AE0F02C0 */  sw      $t7, 0x02C0($s0)           ## 000002C0
/* 00340 80C07A80 AC580004 */  sw      $t8, 0x0004($v0)           ## 00000004
/* 00344 80C07A84 AC450000 */  sw      $a1, 0x0000($v0)           ## 00000000
/* 00348 80C07A88 8E0202C0 */  lw      $v0, 0x02C0($s0)           ## 000002C0
/* 0034C 80C07A8C 3C080600 */  lui     $t0, 0x0600                ## $t0 = 06000000
/* 00350 80C07A90 250802A8 */  addiu   $t0, $t0, 0x02A8           ## $t0 = 060002A8
/* 00354 80C07A94 24590008 */  addiu   $t9, $v0, 0x0008           ## $t9 = 00000008
/* 00358 80C07A98 AE1902C0 */  sw      $t9, 0x02C0($s0)           ## 000002C0
/* 0035C 80C07A9C AC480004 */  sw      $t0, 0x0004($v0)           ## 00000004
/* 00360 80C07AA0 AC460000 */  sw      $a2, 0x0000($v0)           ## 00000000
/* 00364 80C07AA4 8FBF001C */  lw      $ra, 0x001C($sp)           
.L80C07AA8:
/* 00368 80C07AA8 8FB00018 */  lw      $s0, 0x0018($sp)           
/* 0036C 80C07AAC 27BD0038 */  addiu   $sp, $sp, 0x0038           ## $sp = 00000000
/* 00370 80C07AB0 03E00008 */  jr      $ra                        
/* 00374 80C07AB4 00000000 */  nop
/* 00378 80C07AB8 00000000 */  nop
/* 0037C 80C07ABC 00000000 */  nop

.section .data

D_80C07AC0: .word 0x02860700, 0x00000030, 0x02550000, 0x0000014C
.word func_80C07740
.word func_80C07780
.word func_80C07898
.word func_80C078BC

.section .rodata



.section .rodata
D_80C07AE0:
.incbin "baserom/Eff_Zoraband", 0x3A0, 0x00000040
