.include "macro.inc"

# assembler directives
.set noat      # allow manual use of $at
.set noreorder # don't insert nops after branches
.set gp=64     # allow use of 64-bit general purpose registers

.section .text
glabel func_8099F730
/* 00000 8099F730 27BDFFE0 */  addiu   $sp, $sp, 0xFFE0           ## $sp = FFFFFFE0
/* 00004 8099F734 AFB10018 */  sw      $s1, 0x0018($sp)           
/* 00008 8099F738 AFB00014 */  sw      $s0, 0x0014($sp)           
/* 0000C 8099F73C 00C08025 */  or      $s0, $a2, $zero            ## $s0 = 00000000
/* 00010 8099F740 00E08825 */  or      $s1, $a3, $zero            ## $s1 = 00000000
/* 00014 8099F744 AFBF001C */  sw      $ra, 0x001C($sp)           
/* 00018 8099F748 AFA40020 */  sw      $a0, 0x0020($sp)           
/* 0001C 8099F74C AFA50024 */  sw      $a1, 0x0024($sp)           
/* 00020 8099F750 02002025 */  or      $a0, $s0, $zero            ## $a0 = 00000000
/* 00024 8099F754 0C03FD43 */  jal     func_800FF50C              
/* 00028 8099F758 02202825 */  or      $a1, $s1, $zero            ## $a1 = 00000000
/* 0002C 8099F75C 2604000C */  addiu   $a0, $s0, 0x000C           ## $a0 = 0000000C
/* 00030 8099F760 0C03FD43 */  jal     func_800FF50C              
/* 00034 8099F764 2625000C */  addiu   $a1, $s1, 0x000C           ## $a1 = 0000000C
/* 00038 8099F768 26040018 */  addiu   $a0, $s0, 0x0018           ## $a0 = 00000018
/* 0003C 8099F76C 0C03FD43 */  jal     func_800FF50C              
/* 00040 8099F770 26250018 */  addiu   $a1, $s1, 0x0018           ## $a1 = 00000018
/* 00044 8099F774 A6000040 */  sh      $zero, 0x0040($s0)         ## 00000040
/* 00048 8099F778 86220024 */  lh      $v0, 0x0024($s1)           ## 00000024
/* 0004C 8099F77C 3C0B809A */  lui     $t3, %hi(func_8099F7F4)    ## $t3 = 809A0000
/* 00050 8099F780 240A0032 */  addiu   $t2, $zero, 0x0032         ## $t2 = 00000032
/* 00054 8099F784 04410004 */  bgez    $v0, .L8099F798            
/* 00058 8099F788 256BF7F4 */  addiu   $t3, $t3, %lo(func_8099F7F4) ## $t3 = 8099F7F4
/* 0005C 8099F78C 00027023 */  subu    $t6, $zero, $v0            
/* 00060 8099F790 10000002 */  beq     $zero, $zero, .L8099F79C   
/* 00064 8099F794 A60E0042 */  sh      $t6, 0x0042($s0)           ## 00000042
.L8099F798:
/* 00068 8099F798 A6020042 */  sh      $v0, 0x0042($s0)           ## 00000042
.L8099F79C:
/* 0006C 8099F79C 862F0024 */  lh      $t7, 0x0024($s1)           ## 00000024
/* 00070 8099F7A0 3C0C809A */  lui     $t4, %hi(func_8099F980)    ## $t4 = 809A0000
/* 00074 8099F7A4 258CF980 */  addiu   $t4, $t4, %lo(func_8099F980) ## $t4 = 8099F980
/* 00078 8099F7A8 05E10006 */  bgez    $t7, .L8099F7C4            
/* 0007C 8099F7AC 24020001 */  addiu   $v0, $zero, 0x0001         ## $v0 = 00000001
/* 00080 8099F7B0 24180001 */  addiu   $t8, $zero, 0x0001         ## $t8 = 00000001
/* 00084 8099F7B4 24190002 */  addiu   $t9, $zero, 0x0002         ## $t9 = 00000002
/* 00088 8099F7B8 A6180044 */  sh      $t8, 0x0044($s0)           ## 00000044
/* 0008C 8099F7BC 10000005 */  beq     $zero, $zero, .L8099F7D4   
/* 00090 8099F7C0 A6190046 */  sh      $t9, 0x0046($s0)           ## 00000046
.L8099F7C4:
/* 00094 8099F7C4 24080003 */  addiu   $t0, $zero, 0x0003         ## $t0 = 00000003
/* 00098 8099F7C8 2409000F */  addiu   $t1, $zero, 0x000F         ## $t1 = 0000000F
/* 0009C 8099F7CC A6080044 */  sh      $t0, 0x0044($s0)           ## 00000044
/* 000A0 8099F7D0 A6090046 */  sh      $t1, 0x0046($s0)           ## 00000046
.L8099F7D4:
/* 000A4 8099F7D4 A60A005C */  sh      $t2, 0x005C($s0)           ## 0000005C
/* 000A8 8099F7D8 AE0B0028 */  sw      $t3, 0x0028($s0)           ## 00000028
/* 000AC 8099F7DC AE0C0024 */  sw      $t4, 0x0024($s0)           ## 00000024
/* 000B0 8099F7E0 8FBF001C */  lw      $ra, 0x001C($sp)           
/* 000B4 8099F7E4 8FB00014 */  lw      $s0, 0x0014($sp)           
/* 000B8 8099F7E8 8FB10018 */  lw      $s1, 0x0018($sp)           
/* 000BC 8099F7EC 03E00008 */  jr      $ra                        
/* 000C0 8099F7F0 27BD0020 */  addiu   $sp, $sp, 0x0020           ## $sp = 00000000


glabel func_8099F7F4
/* 000C4 8099F7F4 27BDFFA0 */  addiu   $sp, $sp, 0xFFA0           ## $sp = FFFFFFA0
/* 000C8 8099F7F8 AFB00034 */  sw      $s0, 0x0034($sp)           
/* 000CC 8099F7FC 00C08025 */  or      $s0, $a2, $zero            ## $s0 = 00000000
/* 000D0 8099F800 AFBF003C */  sw      $ra, 0x003C($sp)           
/* 000D4 8099F804 AFB10038 */  sw      $s1, 0x0038($sp)           
/* 000D8 8099F808 AFA40060 */  sw      $a0, 0x0060($sp)           
/* 000DC 8099F80C AFA50064 */  sw      $a1, 0x0064($sp)           
/* 000E0 8099F810 8FAE0060 */  lw      $t6, 0x0060($sp)           
/* 000E4 8099F814 8DC40000 */  lw      $a0, 0x0000($t6)           ## 00000000
/* 000E8 8099F818 0C04B0B7 */  jal     func_8012C2DC              
/* 000EC 8099F81C 00808825 */  or      $s1, $a0, $zero            ## $s1 = 00000000
/* 000F0 8099F820 8E2302C0 */  lw      $v1, 0x02C0($s1)           ## 000002C0
/* 000F4 8099F824 3C18FA00 */  lui     $t8, 0xFA00                ## $t8 = FA000000
/* 000F8 8099F828 3C01C3EB */  lui     $at, 0xC3EB                ## $at = C3EB0000
/* 000FC 8099F82C 246F0008 */  addiu   $t7, $v1, 0x0008           ## $t7 = 00000008
/* 00100 8099F830 AE2F02C0 */  sw      $t7, 0x02C0($s1)           ## 000002C0
/* 00104 8099F834 AC780000 */  sw      $t8, 0x0000($v1)           ## 00000000
/* 00108 8099F838 86190040 */  lh      $t9, 0x0040($s0)           ## 00000040
/* 0010C 8099F83C 3421EB00 */  ori     $at, $at, 0xEB00           ## $at = C3EBEB00
/* 00110 8099F840 332900FF */  andi    $t1, $t9, 0x00FF           ## $t1 = 00000000
/* 00114 8099F844 01215025 */  or      $t2, $t1, $at              ## $t2 = C3EBEB00
/* 00118 8099F848 AC6A0004 */  sw      $t2, 0x0004($v1)           ## 00000004
/* 0011C 8099F84C 8E2302C0 */  lw      $v1, 0x02C0($s1)           ## 000002C0
/* 00120 8099F850 3C0CDB06 */  lui     $t4, 0xDB06                ## $t4 = DB060000
/* 00124 8099F854 358C0020 */  ori     $t4, $t4, 0x0020           ## $t4 = DB060020
/* 00128 8099F858 246B0008 */  addiu   $t3, $v1, 0x0008           ## $t3 = 00000008
/* 0012C 8099F85C AE2B02C0 */  sw      $t3, 0x02C0($s1)           ## 000002C0
/* 00130 8099F860 AC6C0000 */  sw      $t4, 0x0000($v1)           ## 00000000
/* 00134 8099F864 860E0044 */  lh      $t6, 0x0044($s0)           ## 00000044
/* 00138 8099F868 8602005C */  lh      $v0, 0x005C($s0)           ## 0000005C
/* 0013C 8099F86C 860F0046 */  lh      $t7, 0x0046($s0)           ## 00000046
/* 00140 8099F870 8FAD0060 */  lw      $t5, 0x0060($sp)           
/* 00144 8099F874 01C20019 */  multu   $t6, $v0                   
/* 00148 8099F878 240B0020 */  addiu   $t3, $zero, 0x0020         ## $t3 = 00000020
/* 0014C 8099F87C 8DA40000 */  lw      $a0, 0x0000($t5)           ## 00000000
/* 00150 8099F880 24180020 */  addiu   $t8, $zero, 0x0020         ## $t8 = 00000020
/* 00154 8099F884 24190040 */  addiu   $t9, $zero, 0x0040         ## $t9 = 00000040
/* 00158 8099F888 24090001 */  addiu   $t1, $zero, 0x0001         ## $t1 = 00000001
/* 0015C 8099F88C 240A0020 */  addiu   $t2, $zero, 0x0020         ## $t2 = 00000020
/* 00160 8099F890 AFAA0024 */  sw      $t2, 0x0024($sp)           
/* 00164 8099F894 AFA90018 */  sw      $t1, 0x0018($sp)           
/* 00168 8099F898 AFB90014 */  sw      $t9, 0x0014($sp)           
/* 0016C 8099F89C 00003012 */  mflo    $a2                        
/* 00170 8099F8A0 AFB80010 */  sw      $t8, 0x0010($sp)           
/* 00174 8099F8A4 AFAB0028 */  sw      $t3, 0x0028($sp)           
/* 00178 8099F8A8 01E20019 */  multu   $t7, $v0                   
/* 0017C 8099F8AC AFA00020 */  sw      $zero, 0x0020($sp)         
/* 00180 8099F8B0 AFA0001C */  sw      $zero, 0x001C($sp)         
/* 00184 8099F8B4 00002825 */  or      $a1, $zero, $zero          ## $a1 = 00000000
/* 00188 8099F8B8 AFA30044 */  sw      $v1, 0x0044($sp)           
/* 0018C 8099F8BC 00003812 */  mflo    $a3                        
/* 00190 8099F8C0 0C04B2F4 */  jal     func_8012CBD0              
/* 00194 8099F8C4 00000000 */  nop
/* 00198 8099F8C8 8FA80044 */  lw      $t0, 0x0044($sp)           
/* 0019C 8099F8CC 00003825 */  or      $a3, $zero, $zero          ## $a3 = 00000000
/* 001A0 8099F8D0 AD020004 */  sw      $v0, 0x0004($t0)           ## 00000004
/* 001A4 8099F8D4 C60C0000 */  lwc1    $f12, 0x0000($s0)          ## 00000000
/* 001A8 8099F8D8 C60E0004 */  lwc1    $f14, 0x0004($s0)          ## 00000004
/* 001AC 8099F8DC 0C0600A7 */  jal     func_8018029C              
/* 001B0 8099F8E0 8E060008 */  lw      $a2, 0x0008($s0)           ## 00000008
/* 001B4 8099F8E4 8FA40060 */  lw      $a0, 0x0060($sp)           
/* 001B8 8099F8E8 3C010001 */  lui     $at, 0x0001                ## $at = 00010000
/* 001BC 8099F8EC 342187FC */  ori     $at, $at, 0x87FC           ## $at = 000187FC
/* 001C0 8099F8F0 0C060828 */  jal     func_801820A0              
/* 001C4 8099F8F4 00812021 */  addu    $a0, $a0, $at              
/* 001C8 8099F8F8 860C0042 */  lh      $t4, 0x0042($s0)           ## 00000042
/* 001CC 8099F8FC 3C01809A */  lui     $at, %hi(D_8099F9F0)       ## $at = 809A0000
/* 001D0 8099F900 C428F9F0 */  lwc1    $f8, %lo(D_8099F9F0)($at)  
/* 001D4 8099F904 448C2000 */  mtc1    $t4, $f4                   ## $f4 = 0.00
/* 001D8 8099F908 3C063F80 */  lui     $a2, 0x3F80                ## $a2 = 3F800000
/* 001DC 8099F90C 24070001 */  addiu   $a3, $zero, 0x0001         ## $a3 = 00000001
/* 001E0 8099F910 468021A0 */  cvt.s.w $f6, $f4                   
/* 001E4 8099F914 46083302 */  mul.s   $f12, $f6, $f8             
/* 001E8 8099F918 0C0600E7 */  jal     func_8018039C              
/* 001EC 8099F91C 46006386 */  mov.s   $f14, $f12                 
/* 001F0 8099F920 8FAD0060 */  lw      $t5, 0x0060($sp)           
/* 001F4 8099F924 0C060690 */  jal     func_80181A40              
/* 001F8 8099F928 8DA40000 */  lw      $a0, 0x0000($t5)           ## 00000000
/* 001FC 8099F92C 1040000F */  beq     $v0, $zero, .L8099F96C     
/* 00200 8099F930 3C19DE00 */  lui     $t9, 0xDE00                ## $t9 = DE000000
/* 00204 8099F934 8E2302C0 */  lw      $v1, 0x02C0($s1)           ## 000002C0
/* 00208 8099F938 3C0FDA38 */  lui     $t7, 0xDA38                ## $t7 = DA380000
/* 0020C 8099F93C 35EF0003 */  ori     $t7, $t7, 0x0003           ## $t7 = DA380003
/* 00210 8099F940 246E0008 */  addiu   $t6, $v1, 0x0008           ## $t6 = 00000008
/* 00214 8099F944 AE2E02C0 */  sw      $t6, 0x02C0($s1)           ## 000002C0
/* 00218 8099F948 AC620004 */  sw      $v0, 0x0004($v1)           ## 00000004
/* 0021C 8099F94C AC6F0000 */  sw      $t7, 0x0000($v1)           ## 00000000
/* 00220 8099F950 8E2302C0 */  lw      $v1, 0x02C0($s1)           ## 000002C0
/* 00224 8099F954 3C090405 */  lui     $t1, 0x0405                ## $t1 = 04050000
/* 00228 8099F958 252910B0 */  addiu   $t1, $t1, 0x10B0           ## $t1 = 040510B0
/* 0022C 8099F95C 24780008 */  addiu   $t8, $v1, 0x0008           ## $t8 = 00000008
/* 00230 8099F960 AE3802C0 */  sw      $t8, 0x02C0($s1)           ## 000002C0
/* 00234 8099F964 AC690004 */  sw      $t1, 0x0004($v1)           ## 00000004
/* 00238 8099F968 AC790000 */  sw      $t9, 0x0000($v1)           ## 00000000
.L8099F96C:
/* 0023C 8099F96C 8FBF003C */  lw      $ra, 0x003C($sp)           
/* 00240 8099F970 8FB00034 */  lw      $s0, 0x0034($sp)           
/* 00244 8099F974 8FB10038 */  lw      $s1, 0x0038($sp)           
/* 00248 8099F978 03E00008 */  jr      $ra                        
/* 0024C 8099F97C 27BD0060 */  addiu   $sp, $sp, 0x0060           ## $sp = 00000000


glabel func_8099F980
/* 00250 8099F980 27BDFFE8 */  addiu   $sp, $sp, 0xFFE8           ## $sp = FFFFFFE8
/* 00254 8099F984 AFBF0014 */  sw      $ra, 0x0014($sp)           
/* 00258 8099F988 AFA40018 */  sw      $a0, 0x0018($sp)           
/* 0025C 8099F98C AFA5001C */  sw      $a1, 0x001C($sp)           
/* 00260 8099F990 00C03825 */  or      $a3, $a2, $zero            ## $a3 = 00000000
/* 00264 8099F994 84EE005C */  lh      $t6, 0x005C($a3)           ## 0000005C
/* 00268 8099F998 24E40040 */  addiu   $a0, $a3, 0x0040           ## $a0 = 00000040
/* 0026C 8099F99C 00002825 */  or      $a1, $zero, $zero          ## $a1 = 00000000
/* 00270 8099F9A0 29C1000A */  slti    $at, $t6, 0x000A           
/* 00274 8099F9A4 50200006 */  beql    $at, $zero, .L8099F9C0     
/* 00278 8099F9A8 84E20040 */  lh      $v0, 0x0040($a3)           ## 00000040
/* 0027C 8099F9AC 0C03FBCB */  jal     func_800FEF2C              
/* 00280 8099F9B0 2406000A */  addiu   $a2, $zero, 0x000A         ## $a2 = 0000000A
/* 00284 8099F9B4 10000007 */  beq     $zero, $zero, .L8099F9D4   
/* 00288 8099F9B8 8FBF0014 */  lw      $ra, 0x0014($sp)           
/* 0028C 8099F9BC 84E20040 */  lh      $v0, 0x0040($a3)           ## 00000040
.L8099F9C0:
/* 00290 8099F9C0 28410064 */  slti    $at, $v0, 0x0064           
/* 00294 8099F9C4 10200002 */  beq     $at, $zero, .L8099F9D0     
/* 00298 8099F9C8 244F000A */  addiu   $t7, $v0, 0x000A           ## $t7 = 0000000A
/* 0029C 8099F9CC A4EF0040 */  sh      $t7, 0x0040($a3)           ## 00000040
.L8099F9D0:
/* 002A0 8099F9D0 8FBF0014 */  lw      $ra, 0x0014($sp)           
.L8099F9D4:
/* 002A4 8099F9D4 27BD0018 */  addiu   $sp, $sp, 0x0018           ## $sp = 00000000
/* 002A8 8099F9D8 03E00008 */  jr      $ra                        
/* 002AC 8099F9DC 00000000 */  nop

.section .data

.word 0x00000024
.word func_8099F730
.word 0x00000000, 0x00000000

.section .rodata

D_8099F9F0: .word 0x38D1B717, 0x00000000, 0x00000000, 0x00000000


.section .rodata
D_8099FA00:
.incbin "baserom/Effect_Ss_Ice_Smoke", 0x2D0, 0x00000040
