.include "macro.inc"

# assembler directives
.set noat      # allow manual use of $at
.set noreorder # don't insert nops after branches
.set gp=64     # allow use of 64-bit general purpose registers

.section .text
glabel func_80978070
/* 00000 80978070 27BDFFE0 */  addiu   $sp, $sp, 0xFFE0           ## $sp = FFFFFFE0
/* 00004 80978074 AFB10018 */  sw      $s1, 0x0018($sp)           
/* 00008 80978078 AFB00014 */  sw      $s0, 0x0014($sp)           
/* 0000C 8097807C 00C08025 */  or      $s0, $a2, $zero            ## $s0 = 00000000
/* 00010 80978080 00E08825 */  or      $s1, $a3, $zero            ## $s1 = 00000000
/* 00014 80978084 AFBF001C */  sw      $ra, 0x001C($sp)           
/* 00018 80978088 AFA40020 */  sw      $a0, 0x0020($sp)           
/* 0001C 8097808C AFA50024 */  sw      $a1, 0x0024($sp)           
/* 00020 80978090 02002025 */  or      $a0, $s0, $zero            ## $a0 = 00000000
/* 00024 80978094 0C03FD43 */  jal     func_800FF50C              
/* 00028 80978098 02202825 */  or      $a1, $s1, $zero            ## $a1 = 00000000
/* 0002C 8097809C 2604000C */  addiu   $a0, $s0, 0x000C           ## $a0 = 0000000C
/* 00030 809780A0 0C03FD43 */  jal     func_800FF50C              
/* 00034 809780A4 2625000C */  addiu   $a1, $s1, 0x000C           ## $a1 = 0000000C
/* 00038 809780A8 26040018 */  addiu   $a0, $s0, 0x0018           ## $a0 = 00000018
/* 0003C 809780AC 0C03FD43 */  jal     func_800FF50C              
/* 00040 809780B0 26250018 */  addiu   $a1, $s1, 0x0018           ## $a1 = 00000018
/* 00044 809780B4 3C0E0402 */  lui     $t6, 0x0402                ## $t6 = 04020000
/* 00048 809780B8 3C188098 */  lui     $t8, %hi(func_80978628)    ## $t8 = 80980000
/* 0004C 809780BC 25CEA4D0 */  addiu   $t6, $t6, 0xA4D0           ## $t6 = 0401A4D0
/* 00050 809780C0 240F0018 */  addiu   $t7, $zero, 0x0018         ## $t7 = 00000018
/* 00054 809780C4 27188628 */  addiu   $t8, $t8, %lo(func_80978628) ## $t8 = 80978628
/* 00058 809780C8 AE0E0038 */  sw      $t6, 0x0038($s0)           ## 00000038
/* 0005C 809780CC A60F005C */  sh      $t7, 0x005C($s0)           ## 0000005C
/* 00060 809780D0 AE180024 */  sw      $t8, 0x0024($s0)           ## 00000024
/* 00064 809780D4 92390028 */  lbu     $t9, 0x0028($s1)           ## 00000028
/* 00068 809780D8 3C098098 */  lui     $t1, %hi(D_809787F8)       ## $t1 = 80980000
/* 0006C 809780DC 240300FF */  addiu   $v1, $zero, 0x00FF         ## $v1 = 000000FF
/* 00070 809780E0 00194080 */  sll     $t0, $t9,  2               
/* 00074 809780E4 01284821 */  addu    $t1, $t1, $t0              
/* 00078 809780E8 8D2987F8 */  lw      $t1, %lo(D_809787F8)($t1)  
/* 0007C 809780EC 240C00C8 */  addiu   $t4, $zero, 0x00C8         ## $t4 = 000000C8
/* 00080 809780F0 24020001 */  addiu   $v0, $zero, 0x0001         ## $v0 = 00000001
/* 00084 809780F4 AE090028 */  sw      $t1, 0x0028($s0)           ## 00000028
/* 00088 809780F8 862A0024 */  lh      $t2, 0x0024($s1)           ## 00000024
/* 0008C 809780FC A60A0040 */  sh      $t2, 0x0040($s0)           ## 00000040
/* 00090 80978100 862B0026 */  lh      $t3, 0x0026($s1)           ## 00000026
/* 00094 80978104 A6030044 */  sh      $v1, 0x0044($s0)           ## 00000044
/* 00098 80978108 A6030046 */  sh      $v1, 0x0046($s0)           ## 00000046
/* 0009C 8097810C A6030048 */  sh      $v1, 0x0048($s0)           ## 00000048
/* 000A0 80978110 A603004A */  sh      $v1, 0x004A($s0)           ## 0000004A
/* 000A4 80978114 A600004C */  sh      $zero, 0x004C($s0)         ## 0000004C
/* 000A8 80978118 A600004E */  sh      $zero, 0x004E($s0)         ## 0000004E
/* 000AC 8097811C A60C0050 */  sh      $t4, 0x0050($s0)           ## 00000050
/* 000B0 80978120 A60B0052 */  sh      $t3, 0x0052($s0)           ## 00000052
/* 000B4 80978124 8FBF001C */  lw      $ra, 0x001C($sp)           
/* 000B8 80978128 8FB00014 */  lw      $s0, 0x0014($sp)           
/* 000BC 8097812C 8FB10018 */  lw      $s1, 0x0018($sp)           
/* 000C0 80978130 03E00008 */  jr      $ra                        
/* 000C4 80978134 27BD0020 */  addiu   $sp, $sp, 0x0020           ## $sp = 00000000


glabel func_80978138
/* 000C8 80978138 27BDFEB0 */  addiu   $sp, $sp, 0xFEB0           ## $sp = FFFFFEB0
/* 000CC 8097813C AFB10018 */  sw      $s1, 0x0018($sp)           
/* 000D0 80978140 00C08825 */  or      $s1, $a2, $zero            ## $s1 = 00000000
/* 000D4 80978144 AFBF001C */  sw      $ra, 0x001C($sp)           
/* 000D8 80978148 AFB00014 */  sw      $s0, 0x0014($sp)           
/* 000DC 8097814C AFA40150 */  sw      $a0, 0x0150($sp)           
/* 000E0 80978150 AFA50154 */  sw      $a1, 0x0154($sp)           
/* 000E4 80978154 8FAE0150 */  lw      $t6, 0x0150($sp)           
/* 000E8 80978158 8DD00000 */  lw      $s0, 0x0000($t6)           ## 00000000
/* 000EC 8097815C 862F0040 */  lh      $t7, 0x0040($s1)           ## 00000040
/* 000F0 80978160 3C018098 */  lui     $at, %hi(D_80978840)       ## $at = 80980000
/* 000F4 80978164 C4288840 */  lwc1    $f8, %lo(D_80978840)($at)  
/* 000F8 80978168 448F2000 */  mtc1    $t7, $f4                   ## $f4 = 0.00
/* 000FC 8097816C 8E250000 */  lw      $a1, 0x0000($s1)           ## 00000000
/* 00100 80978170 8E260004 */  lw      $a2, 0x0004($s1)           ## 00000004
/* 00104 80978174 468021A0 */  cvt.s.w $f6, $f4                   
/* 00108 80978178 8E270008 */  lw      $a3, 0x0008($s1)           ## 00000008
/* 0010C 8097817C 27A4010C */  addiu   $a0, $sp, 0x010C           ## $a0 = FFFFFFBC
/* 00110 80978180 46083002 */  mul.s   $f0, $f6, $f8              
/* 00114 80978184 0C04E5EB */  jal     func_801397AC              
/* 00118 80978188 E7A00040 */  swc1    $f0, 0x0040($sp)           
/* 0011C 8097818C C7A00040 */  lwc1    $f0, 0x0040($sp)           
/* 00120 80978190 27A400CC */  addiu   $a0, $sp, 0x00CC           ## $a0 = FFFFFF7C
/* 00124 80978194 3C073F80 */  lui     $a3, 0x3F80                ## $a3 = 3F800000
/* 00128 80978198 44050000 */  mfc1    $a1, $f0                   
/* 0012C 8097819C 44060000 */  mfc1    $a2, $f0                   
/* 00130 809781A0 0C04E50A */  jal     func_80139428              
/* 00134 809781A4 00000000 */  nop
/* 00138 809781A8 8FA50150 */  lw      $a1, 0x0150($sp)           
/* 0013C 809781AC 3C010001 */  lui     $at, 0x0001                ## $at = 00010000
/* 00140 809781B0 342187FC */  ori     $at, $at, 0x87FC           ## $at = 000187FC
/* 00144 809781B4 27A4010C */  addiu   $a0, $sp, 0x010C           ## $a0 = FFFFFFBC
/* 00148 809781B8 27A6004C */  addiu   $a2, $sp, 0x004C           ## $a2 = FFFFFEFC
/* 0014C 809781BC 0C04E34E */  jal     func_80138D38              
/* 00150 809781C0 00A12821 */  addu    $a1, $a1, $at              
/* 00154 809781C4 27A4004C */  addiu   $a0, $sp, 0x004C           ## $a0 = FFFFFEFC
/* 00158 809781C8 27A500CC */  addiu   $a1, $sp, 0x00CC           ## $a1 = FFFFFF7C
/* 0015C 809781CC 0C04E34E */  jal     func_80138D38              
/* 00160 809781D0 27A6008C */  addiu   $a2, $sp, 0x008C           ## $a2 = FFFFFF3C
/* 00164 809781D4 02002025 */  or      $a0, $s0, $zero            ## $a0 = 00000000
/* 00168 809781D8 0C04E706 */  jal     func_80139C18              
/* 0016C 809781DC 27A5008C */  addiu   $a1, $sp, 0x008C           ## $a1 = FFFFFF3C
/* 00170 809781E0 50400044 */  beql    $v0, $zero, .L809782F4     
/* 00174 809781E4 8FBF001C */  lw      $ra, 0x001C($sp)           
/* 00178 809781E8 8E0302C0 */  lw      $v1, 0x02C0($s0)           ## 000002C0
/* 0017C 809781EC 3C19DA38 */  lui     $t9, 0xDA38                ## $t9 = DA380000
/* 00180 809781F0 37390003 */  ori     $t9, $t9, 0x0003           ## $t9 = DA380003
/* 00184 809781F4 24780008 */  addiu   $t8, $v1, 0x0008           ## $t8 = 00000008
/* 00188 809781F8 AE1802C0 */  sw      $t8, 0x02C0($s0)           ## 000002C0
/* 0018C 809781FC AC620004 */  sw      $v0, 0x0004($v1)           ## 00000004
/* 00190 80978200 AC790000 */  sw      $t9, 0x0000($v1)           ## 00000000
/* 00194 80978204 0C04B25D */  jal     func_8012C974              
/* 00198 80978208 02002025 */  or      $a0, $s0, $zero            ## $a0 = 00000000
/* 0019C 8097820C 8E0302C0 */  lw      $v1, 0x02C0($s0)           ## 000002C0
/* 001A0 80978210 3C09FA00 */  lui     $t1, 0xFA00                ## $t1 = FA000000
/* 001A4 80978214 24680008 */  addiu   $t0, $v1, 0x0008           ## $t0 = 00000008
/* 001A8 80978218 AE0802C0 */  sw      $t0, 0x02C0($s0)           ## 000002C0
/* 001AC 8097821C AC690000 */  sw      $t1, 0x0000($v1)           ## 00000000
/* 001B0 80978220 862A004A */  lh      $t2, 0x004A($s1)           ## 0000004A
/* 001B4 80978224 86380046 */  lh      $t8, 0x0046($s1)           ## 00000046
/* 001B8 80978228 862D0044 */  lh      $t5, 0x0044($s1)           ## 00000044
/* 001BC 8097822C 314B00FF */  andi    $t3, $t2, 0x00FF           ## $t3 = 00000000
/* 001C0 80978230 862A0048 */  lh      $t2, 0x0048($s1)           ## 00000048
/* 001C4 80978234 331900FF */  andi    $t9, $t8, 0x00FF           ## $t9 = 00000000
/* 001C8 80978238 000D7600 */  sll     $t6, $t5, 24               
/* 001CC 8097823C 016E7825 */  or      $t7, $t3, $t6              ## $t7 = 00000000
/* 001D0 80978240 00194400 */  sll     $t0, $t9, 16               
/* 001D4 80978244 314C00FF */  andi    $t4, $t2, 0x00FF           ## $t4 = 00000000
/* 001D8 80978248 000C6A00 */  sll     $t5, $t4,  8               
/* 001DC 8097824C 01E84825 */  or      $t1, $t7, $t0              ## $t1 = 00000008
/* 001E0 80978250 012D5825 */  or      $t3, $t1, $t5              ## $t3 = 00000008
/* 001E4 80978254 AC6B0004 */  sw      $t3, 0x0004($v1)           ## 00000004
/* 001E8 80978258 8E0302C0 */  lw      $v1, 0x02C0($s0)           ## 000002C0
/* 001EC 8097825C 3C18FB00 */  lui     $t8, 0xFB00                ## $t8 = FB000000
/* 001F0 80978260 246E0008 */  addiu   $t6, $v1, 0x0008           ## $t6 = 00000008
/* 001F4 80978264 AE0E02C0 */  sw      $t6, 0x02C0($s0)           ## 000002C0
/* 001F8 80978268 AC780000 */  sw      $t8, 0x0000($v1)           ## 00000000
/* 001FC 8097826C 86390050 */  lh      $t9, 0x0050($s1)           ## 00000050
/* 00200 80978270 862B004E */  lh      $t3, 0x004E($s1)           ## 0000004E
/* 00204 80978274 862C004C */  lh      $t4, 0x004C($s1)           ## 0000004C
/* 00208 80978278 332F00FF */  andi    $t7, $t9, 0x00FF           ## $t7 = 00000000
/* 0020C 8097827C 000F4200 */  sll     $t0, $t7,  8               
/* 00210 80978280 316E00FF */  andi    $t6, $t3, 0x00FF           ## $t6 = 00000008
/* 00214 80978284 000C4E00 */  sll     $t1, $t4, 24               
/* 00218 80978288 01096825 */  or      $t5, $t0, $t1              ## $t5 = 00000008
/* 0021C 8097828C 000EC400 */  sll     $t8, $t6, 16               
/* 00220 80978290 01B8C825 */  or      $t9, $t5, $t8              ## $t9 = FB000008
/* 00224 80978294 AC790004 */  sw      $t9, 0x0004($v1)           ## 00000004
/* 00228 80978298 8E0302C0 */  lw      $v1, 0x02C0($s0)           ## 000002C0
/* 0022C 8097829C 3C0ADB06 */  lui     $t2, 0xDB06                ## $t2 = DB060000
/* 00230 809782A0 354A0020 */  ori     $t2, $t2, 0x0020           ## $t2 = DB060020
/* 00234 809782A4 246F0008 */  addiu   $t7, $v1, 0x0008           ## $t7 = 00000008
/* 00238 809782A8 AE0F02C0 */  sw      $t7, 0x02C0($s0)           ## 000002C0
/* 0023C 809782AC AC6A0000 */  sw      $t2, 0x0000($v1)           ## 00000000
/* 00240 809782B0 862C0042 */  lh      $t4, 0x0042($s1)           ## 00000042
/* 00244 809782B4 3C048098 */  lui     $a0, %hi(D_80978800)       ## $a0 = 80980000
/* 00248 809782B8 AFA30028 */  sw      $v1, 0x0028($sp)           
/* 0024C 809782BC 000C4080 */  sll     $t0, $t4,  2               
/* 00250 809782C0 00882021 */  addu    $a0, $a0, $t0              
/* 00254 809782C4 0C040141 */  jal     func_80100504              
/* 00258 809782C8 8C848800 */  lw      $a0, %lo(D_80978800)($a0)  
/* 0025C 809782CC 8FA50028 */  lw      $a1, 0x0028($sp)           
/* 00260 809782D0 ACA20004 */  sw      $v0, 0x0004($a1)           ## 00000004
/* 00264 809782D4 8E0302C0 */  lw      $v1, 0x02C0($s0)           ## 000002C0
/* 00268 809782D8 3C0BDE00 */  lui     $t3, 0xDE00                ## $t3 = DE000000
/* 0026C 809782DC 24690008 */  addiu   $t1, $v1, 0x0008           ## $t1 = 00000008
/* 00270 809782E0 AE0902C0 */  sw      $t1, 0x02C0($s0)           ## 000002C0
/* 00274 809782E4 AC6B0000 */  sw      $t3, 0x0000($v1)           ## 00000000
/* 00278 809782E8 8E2E0038 */  lw      $t6, 0x0038($s1)           ## 00000038
/* 0027C 809782EC AC6E0004 */  sw      $t6, 0x0004($v1)           ## 00000004
/* 00280 809782F0 8FBF001C */  lw      $ra, 0x001C($sp)           
.L809782F4:
/* 00284 809782F4 8FB00014 */  lw      $s0, 0x0014($sp)           
/* 00288 809782F8 8FB10018 */  lw      $s1, 0x0018($sp)           
/* 0028C 809782FC 03E00008 */  jr      $ra                        
/* 00290 80978300 27BD0150 */  addiu   $sp, $sp, 0x0150           ## $sp = 00000000


glabel func_80978304
/* 00294 80978304 27BDFE00 */  addiu   $sp, $sp, 0xFE00           ## $sp = FFFFFE00
/* 00298 80978308 AFB70060 */  sw      $s7, 0x0060($sp)           
/* 0029C 8097830C AFB40054 */  sw      $s4, 0x0054($sp)           
/* 002A0 80978310 AFB00044 */  sw      $s0, 0x0044($sp)           
/* 002A4 80978314 27B001BC */  addiu   $s0, $sp, 0x01BC           ## $s0 = FFFFFFBC
/* 002A8 80978318 00C0A025 */  or      $s4, $a2, $zero            ## $s4 = 00000000
/* 002AC 8097831C 0080B825 */  or      $s7, $a0, $zero            ## $s7 = 00000000
/* 002B0 80978320 AFBF0064 */  sw      $ra, 0x0064($sp)           
/* 002B4 80978324 AFB6005C */  sw      $s6, 0x005C($sp)           
/* 002B8 80978328 AFB50058 */  sw      $s5, 0x0058($sp)           
/* 002BC 8097832C AFB30050 */  sw      $s3, 0x0050($sp)           
/* 002C0 80978330 AFB2004C */  sw      $s2, 0x004C($sp)           
/* 002C4 80978334 AFB10048 */  sw      $s1, 0x0048($sp)           
/* 002C8 80978338 F7BE0038 */  sdc1    $f30, 0x0038($sp)          
/* 002CC 8097833C F7BC0030 */  sdc1    $f28, 0x0030($sp)          
/* 002D0 80978340 F7BA0028 */  sdc1    $f26, 0x0028($sp)          
/* 002D4 80978344 F7B80020 */  sdc1    $f24, 0x0020($sp)          
/* 002D8 80978348 F7B60018 */  sdc1    $f22, 0x0018($sp)          
/* 002DC 8097834C F7B40010 */  sdc1    $f20, 0x0010($sp)          
/* 002E0 80978350 AFA50204 */  sw      $a1, 0x0204($sp)           
/* 002E4 80978354 3C018098 */  lui     $at, %hi(D_80978844)       ## $at = 80980000
/* 002E8 80978358 8EF20000 */  lw      $s2, 0x0000($s7)           ## 00000000
/* 002EC 8097835C C4368844 */  lwc1    $f22, %lo(D_80978844)($at) 
/* 002F0 80978360 868F0040 */  lh      $t7, 0x0040($s4)           ## 00000040
/* 002F4 80978364 868E0054 */  lh      $t6, 0x0054($s4)           ## 00000054
/* 002F8 80978368 3C018098 */  lui     $at, %hi(D_80978848)       ## $at = 80980000
/* 002FC 8097836C 448F3000 */  mtc1    $t7, $f6                   ## $f6 = 0.00
/* 00300 80978370 C42A8848 */  lwc1    $f10, %lo(D_80978848)($at) 
/* 00304 80978374 448E2000 */  mtc1    $t6, $f4                   ## $f4 = 0.00
/* 00308 80978378 46803220 */  cvt.s.w $f8, $f6                   
/* 0030C 8097837C 02002025 */  or      $a0, $s0, $zero            ## $a0 = FFFFFFBC
/* 00310 80978380 8E850000 */  lw      $a1, 0x0000($s4)           ## 00000000
/* 00314 80978384 8E860004 */  lw      $a2, 0x0004($s4)           ## 00000004
/* 00318 80978388 8E870008 */  lw      $a3, 0x0008($s4)           ## 00000008
/* 0031C 8097838C 468027A0 */  cvt.s.w $f30, $f4                  
/* 00320 80978390 460A4502 */  mul.s   $f20, $f8, $f10            
/* 00324 80978394 0C04E5EB */  jal     func_801397AC              
/* 00328 80978398 00000000 */  nop
/* 0032C 8097839C 27B1017C */  addiu   $s1, $sp, 0x017C           ## $s1 = FFFFFF7C
/* 00330 809783A0 4405A000 */  mfc1    $a1, $f20                  
/* 00334 809783A4 4406A000 */  mfc1    $a2, $f20                  
/* 00338 809783A8 02202025 */  or      $a0, $s1, $zero            ## $a0 = FFFFFF7C
/* 0033C 809783AC 0C04E50A */  jal     func_80139428              
/* 00340 809783B0 3C073F80 */  lui     $a3, 0x3F80                ## $a3 = 3F800000
/* 00344 809783B4 3C010001 */  lui     $at, 0x0001                ## $at = 00010000
/* 00348 809783B8 27B300FC */  addiu   $s3, $sp, 0x00FC           ## $s3 = FFFFFEFC
/* 0034C 809783BC 342187FC */  ori     $at, $at, 0x87FC           ## $at = 000187FC
/* 00350 809783C0 02E12821 */  addu    $a1, $s7, $at              
/* 00354 809783C4 02603025 */  or      $a2, $s3, $zero            ## $a2 = FFFFFEFC
/* 00358 809783C8 0C04E34E */  jal     func_80138D38              
/* 0035C 809783CC 02002025 */  or      $a0, $s0, $zero            ## $a0 = FFFFFFBC
/* 00360 809783D0 27B0013C */  addiu   $s0, $sp, 0x013C           ## $s0 = FFFFFF3C
/* 00364 809783D4 02003025 */  or      $a2, $s0, $zero            ## $a2 = FFFFFF3C
/* 00368 809783D8 02602025 */  or      $a0, $s3, $zero            ## $a0 = FFFFFEFC
/* 0036C 809783DC 0C04E34E */  jal     func_80138D38              
/* 00370 809783E0 02202825 */  or      $a1, $s1, $zero            ## $a1 = FFFFFF7C
/* 00374 809783E4 02402025 */  or      $a0, $s2, $zero            ## $a0 = 00000000
/* 00378 809783E8 0C04E706 */  jal     func_80139C18              
/* 0037C 809783EC 02002825 */  or      $a1, $s0, $zero            ## $a1 = FFFFFF3C
/* 00380 809783F0 1040007C */  beq     $v0, $zero, .L809785E4     
/* 00384 809783F4 3C16DA38 */  lui     $s6, 0xDA38                ## $s6 = DA380000
/* 00388 809783F8 36D60003 */  ori     $s6, $s6, 0x0003           ## $s6 = DA380003
/* 0038C 809783FC 8E4302C0 */  lw      $v1, 0x02C0($s2)           ## 000002C0
/* 00390 80978400 02402025 */  or      $a0, $s2, $zero            ## $a0 = 00000000
/* 00394 80978404 24780008 */  addiu   $t8, $v1, 0x0008           ## $t8 = 00000008
/* 00398 80978408 AE5802C0 */  sw      $t8, 0x02C0($s2)           ## 000002C0
/* 0039C 8097840C AC620004 */  sw      $v0, 0x0004($v1)           ## 00000004
/* 003A0 80978410 AC760000 */  sw      $s6, 0x0000($v1)           ## 00000000
/* 003A4 80978414 0C04E706 */  jal     func_80139C18              
/* 003A8 80978418 02002825 */  or      $a1, $s0, $zero            ## $a1 = FFFFFF3C
/* 003AC 8097841C 10400071 */  beq     $v0, $zero, .L809785E4     
/* 003B0 80978420 00408825 */  or      $s1, $v0, $zero            ## $s1 = 00000000
/* 003B4 80978424 0C04B25D */  jal     func_8012C974              
/* 003B8 80978428 02402025 */  or      $a0, $s2, $zero            ## $a0 = 00000000
/* 003BC 8097842C 8E4302C0 */  lw      $v1, 0x02C0($s2)           ## 000002C0
/* 003C0 80978430 3C08FA00 */  lui     $t0, 0xFA00                ## $t0 = FA000000
/* 003C4 80978434 24790008 */  addiu   $t9, $v1, 0x0008           ## $t9 = 00000008
/* 003C8 80978438 AE5902C0 */  sw      $t9, 0x02C0($s2)           ## 000002C0
/* 003CC 8097843C AC680000 */  sw      $t0, 0x0000($v1)           ## 00000000
/* 003D0 80978440 8689004A */  lh      $t1, 0x004A($s4)           ## 0000004A
/* 003D4 80978444 868F0046 */  lh      $t7, 0x0046($s4)           ## 00000046
/* 003D8 80978448 868C0044 */  lh      $t4, 0x0044($s4)           ## 00000044
/* 003DC 8097844C 312A00FF */  andi    $t2, $t1, 0x00FF           ## $t2 = 00000000
/* 003E0 80978450 86890048 */  lh      $t1, 0x0048($s4)           ## 00000048
/* 003E4 80978454 31F800FF */  andi    $t8, $t7, 0x00FF           ## $t8 = 00000000
/* 003E8 80978458 000C6E00 */  sll     $t5, $t4, 24               
/* 003EC 8097845C 014D7025 */  or      $t6, $t2, $t5              ## $t6 = 00000000
/* 003F0 80978460 0018CC00 */  sll     $t9, $t8, 16               
/* 003F4 80978464 312B00FF */  andi    $t3, $t1, 0x00FF           ## $t3 = 00000000
/* 003F8 80978468 000B6200 */  sll     $t4, $t3,  8               
/* 003FC 8097846C 01D94025 */  or      $t0, $t6, $t9              ## $t0 = 00000008
/* 00400 80978470 010C5025 */  or      $t2, $t0, $t4              ## $t2 = 00000008
/* 00404 80978474 AC6A0004 */  sw      $t2, 0x0004($v1)           ## 00000004
/* 00408 80978478 8E4302C0 */  lw      $v1, 0x02C0($s2)           ## 000002C0
/* 0040C 8097847C 3C0FFB00 */  lui     $t7, 0xFB00                ## $t7 = FB000000
/* 00410 80978480 246D0008 */  addiu   $t5, $v1, 0x0008           ## $t5 = 00000008
/* 00414 80978484 AE4D02C0 */  sw      $t5, 0x02C0($s2)           ## 000002C0
/* 00418 80978488 AC6F0000 */  sw      $t7, 0x0000($v1)           ## 00000000
/* 0041C 8097848C 86980050 */  lh      $t8, 0x0050($s4)           ## 00000050
/* 00420 80978490 868A004E */  lh      $t2, 0x004E($s4)           ## 0000004E
/* 00424 80978494 868B004C */  lh      $t3, 0x004C($s4)           ## 0000004C
/* 00428 80978498 330E00FF */  andi    $t6, $t8, 0x00FF           ## $t6 = 00000000
/* 0042C 8097849C 000ECA00 */  sll     $t9, $t6,  8               
/* 00430 809784A0 314D00FF */  andi    $t5, $t2, 0x00FF           ## $t5 = 00000008
/* 00434 809784A4 000B4600 */  sll     $t0, $t3, 24               
/* 00438 809784A8 03286025 */  or      $t4, $t9, $t0              ## $t4 = 00000008
/* 0043C 809784AC 000D7C00 */  sll     $t7, $t5, 16               
/* 00440 809784B0 018FC025 */  or      $t8, $t4, $t7              ## $t8 = FB000008
/* 00444 809784B4 AC780004 */  sw      $t8, 0x0004($v1)           ## 00000004
/* 00448 809784B8 8E5002C0 */  lw      $s0, 0x02C0($s2)           ## 000002C0
/* 0044C 809784BC 3C09DB06 */  lui     $t1, 0xDB06                ## $t1 = DB060000
/* 00450 809784C0 35290020 */  ori     $t1, $t1, 0x0020           ## $t1 = DB060020
/* 00454 809784C4 260E0008 */  addiu   $t6, $s0, 0x0008           ## $t6 = FFFFFF44
/* 00458 809784C8 AE4E02C0 */  sw      $t6, 0x02C0($s2)           ## 000002C0
/* 0045C 809784CC AE090000 */  sw      $t1, 0x0000($s0)           ## FFFFFF3C
/* 00460 809784D0 868B0042 */  lh      $t3, 0x0042($s4)           ## 00000042
/* 00464 809784D4 3C048098 */  lui     $a0, %hi(D_80978820)       ## $a0 = 80980000
/* 00468 809784D8 000BC880 */  sll     $t9, $t3,  2               
/* 0046C 809784DC 00992021 */  addu    $a0, $a0, $t9              
/* 00470 809784E0 0C040141 */  jal     func_80100504              
/* 00474 809784E4 8C848820 */  lw      $a0, %lo(D_80978820)($a0)  
/* 00478 809784E8 AE020004 */  sw      $v0, 0x0004($s0)           ## FFFFFF40
/* 0047C 809784EC 3C15DE00 */  lui     $s5, 0xDE00                ## $s5 = DE000000
/* 00480 809784F0 8E4302C0 */  lw      $v1, 0x02C0($s2)           ## 000002C0
/* 00484 809784F4 3C0A0402 */  lui     $t2, 0x0402                ## $t2 = 04020000
/* 00488 809784F8 254AA538 */  addiu   $t2, $t2, 0xA538           ## $t2 = 0401A538
/* 0048C 809784FC 24680008 */  addiu   $t0, $v1, 0x0008           ## $t0 = 00000008
/* 00490 80978500 AE4802C0 */  sw      $t0, 0x02C0($s2)           ## 000002C0
/* 00494 80978504 AC6A0004 */  sw      $t2, 0x0004($v1)           ## 00000004
/* 00498 80978508 AC750000 */  sw      $s5, 0x0000($v1)           ## 00000000
/* 0049C 8097850C 8E4302C0 */  lw      $v1, 0x02C0($s2)           ## 000002C0
/* 004A0 80978510 3C130402 */  lui     $s3, 0x0402                ## $s3 = 04020000
/* 004A4 80978514 2673A590 */  addiu   $s3, $s3, 0xA590           ## $s3 = 0401A590
/* 004A8 80978518 246D0008 */  addiu   $t5, $v1, 0x0008           ## $t5 = 00000008
/* 004AC 8097851C AE4D02C0 */  sw      $t5, 0x02C0($s2)           ## 000002C0
/* 004B0 80978520 AC730004 */  sw      $s3, 0x0004($v1)           ## 00000004
/* 004B4 80978524 AC750000 */  sw      $s5, 0x0000($v1)           ## 00000000
/* 004B8 80978528 27B000BC */  addiu   $s0, $sp, 0x00BC           ## $s0 = FFFFFEBC
/* 004BC 8097852C 02002825 */  or      $a1, $s0, $zero            ## $a1 = FFFFFEBC
/* 004C0 80978530 0C060759 */  jal     func_80181D64              
/* 004C4 80978534 02202025 */  or      $a0, $s1, $zero            ## $a0 = 00000000
/* 004C8 80978538 0C060083 */  jal     func_8018020C              
/* 004CC 8097853C 02002025 */  or      $a0, $s0, $zero            ## $a0 = FFFFFEBC
/* 004D0 80978540 3C018098 */  lui     $at, %hi(D_8097884C)       ## $at = 80980000
/* 004D4 80978544 C43C884C */  lwc1    $f28, %lo(D_8097884C)($at) 
/* 004D8 80978548 3C014334 */  lui     $at, 0x4334                ## $at = 43340000
/* 004DC 8097854C 4481D000 */  mtc1    $at, $f26                  ## $f26 = 180.00
/* 004E0 80978550 3C018098 */  lui     $at, %hi(D_80978850)       ## $at = 80980000
/* 004E4 80978554 4480A000 */  mtc1    $zero, $f20                ## $f20 = 0.00
/* 004E8 80978558 C4388850 */  lwc1    $f24, %lo(D_80978850)($at) 
/* 004EC 8097855C 24110001 */  addiu   $s1, $zero, 0x0001         ## $s1 = 00000001
.L80978560:
/* 004F0 80978560 4406F000 */  mfc1    $a2, $f30                  
/* 004F4 80978564 4600A306 */  mov.s   $f12, $f20                 
/* 004F8 80978568 4600A386 */  mov.s   $f14, $f20                 
/* 004FC 8097856C 0C0600A7 */  jal     func_8018029C              
/* 00500 80978570 24070001 */  addiu   $a3, $zero, 0x0001         ## $a3 = 00000001
/* 00504 80978574 868C005C */  lh      $t4, 0x005C($s4)           ## 0000005C
/* 00508 80978578 24050001 */  addiu   $a1, $zero, 0x0001         ## $a1 = 00000001
/* 0050C 8097857C 448C8000 */  mtc1    $t4, $f16                  ## $f16 = 0.00
/* 00510 80978580 00000000 */  nop
/* 00514 80978584 468084A0 */  cvt.s.w $f18, $f16                 
/* 00518 80978588 46189102 */  mul.s   $f4, $f18, $f24            
/* 0051C 8097858C 0C0603A4 */  jal     func_80180E90              
/* 00520 80978590 461A2300 */  add.s   $f12, $f4, $f26            
/* 00524 80978594 4406B000 */  mfc1    $a2, $f22                  
/* 00528 80978598 4600B306 */  mov.s   $f12, $f22                 
/* 0052C 8097859C 4600B386 */  mov.s   $f14, $f22                 
/* 00530 809785A0 0C0600E7 */  jal     func_8018039C              
/* 00534 809785A4 24070001 */  addiu   $a3, $zero, 0x0001         ## $a3 = 00000001
/* 00538 809785A8 8E5002C0 */  lw      $s0, 0x02C0($s2)           ## 000002C0
/* 0053C 809785AC 260F0008 */  addiu   $t7, $s0, 0x0008           ## $t7 = FFFFFEC4
/* 00540 809785B0 AE4F02C0 */  sw      $t7, 0x02C0($s2)           ## 000002C0
/* 00544 809785B4 AE160000 */  sw      $s6, 0x0000($s0)           ## FFFFFEBC
/* 00548 809785B8 0C060690 */  jal     func_80181A40              
/* 0054C 809785BC 8EE40000 */  lw      $a0, 0x0000($s7)           ## 00000000
/* 00550 809785C0 AE020004 */  sw      $v0, 0x0004($s0)           ## FFFFFEC0
/* 00554 809785C4 8E4302C0 */  lw      $v1, 0x02C0($s2)           ## 000002C0
/* 00558 809785C8 2631FFFF */  addiu   $s1, $s1, 0xFFFF           ## $s1 = 00000000
/* 0055C 809785CC 24780008 */  addiu   $t8, $v1, 0x0008           ## $t8 = 00000008
/* 00560 809785D0 AE5802C0 */  sw      $t8, 0x02C0($s2)           ## 000002C0
/* 00564 809785D4 AC730004 */  sw      $s3, 0x0004($v1)           ## 00000004
/* 00568 809785D8 AC750000 */  sw      $s5, 0x0000($v1)           ## 00000000
/* 0056C 809785DC 0621FFE0 */  bgez    $s1, .L80978560            
/* 00570 809785E0 461CB581 */  sub.s   $f22, $f22, $f28           
.L809785E4:
/* 00574 809785E4 8FBF0064 */  lw      $ra, 0x0064($sp)           
/* 00578 809785E8 D7B40010 */  ldc1    $f20, 0x0010($sp)          
/* 0057C 809785EC D7B60018 */  ldc1    $f22, 0x0018($sp)          
/* 00580 809785F0 D7B80020 */  ldc1    $f24, 0x0020($sp)          
/* 00584 809785F4 D7BA0028 */  ldc1    $f26, 0x0028($sp)          
/* 00588 809785F8 D7BC0030 */  ldc1    $f28, 0x0030($sp)          
/* 0058C 809785FC D7BE0038 */  ldc1    $f30, 0x0038($sp)          
/* 00590 80978600 8FB00044 */  lw      $s0, 0x0044($sp)           
/* 00594 80978604 8FB10048 */  lw      $s1, 0x0048($sp)           
/* 00598 80978608 8FB2004C */  lw      $s2, 0x004C($sp)           
/* 0059C 8097860C 8FB30050 */  lw      $s3, 0x0050($sp)           
/* 005A0 80978610 8FB40054 */  lw      $s4, 0x0054($sp)           
/* 005A4 80978614 8FB50058 */  lw      $s5, 0x0058($sp)           
/* 005A8 80978618 8FB6005C */  lw      $s6, 0x005C($sp)           
/* 005AC 8097861C 8FB70060 */  lw      $s7, 0x0060($sp)           
/* 005B0 80978620 03E00008 */  jr      $ra                        
/* 005B4 80978624 27BD0200 */  addiu   $sp, $sp, 0x0200           ## $sp = 00000000


glabel func_80978628
/* 005B8 80978628 27BDFFE0 */  addiu   $sp, $sp, 0xFFE0           ## $sp = FFFFFFE0
/* 005BC 8097862C AFB00014 */  sw      $s0, 0x0014($sp)           
/* 005C0 80978630 00C08025 */  or      $s0, $a2, $zero            ## $s0 = 00000000
/* 005C4 80978634 AFBF001C */  sw      $ra, 0x001C($sp)           
/* 005C8 80978638 AFB10018 */  sw      $s1, 0x0018($sp)           
/* 005CC 8097863C AFA40020 */  sw      $a0, 0x0020($sp)           
/* 005D0 80978640 AFA50024 */  sw      $a1, 0x0024($sp)           
/* 005D4 80978644 860E005C */  lh      $t6, 0x005C($s0)           ## 0000005C
/* 005D8 80978648 240F0017 */  addiu   $t7, $zero, 0x0017         ## $t7 = 00000017
/* 005DC 8097864C 24010003 */  addiu   $at, $zero, 0x0003         ## $at = 00000003
/* 005E0 80978650 01EEC023 */  subu    $t8, $t7, $t6              
/* 005E4 80978654 0301001A */  div     $zero, $t8, $at            
/* 005E8 80978658 86020052 */  lh      $v0, 0x0052($s0)           ## 00000052
/* 005EC 8097865C 86080040 */  lh      $t0, 0x0040($s0)           ## 00000040
/* 005F0 80978660 0000C812 */  mflo    $t9                        
/* 005F4 80978664 2401001E */  addiu   $at, $zero, 0x001E         ## $at = 0000001E
/* 005F8 80978668 01024821 */  addu    $t1, $t0, $v0              
/* 005FC 8097866C A6190042 */  sh      $t9, 0x0042($s0)           ## 00000042
/* 00600 80978670 14410005 */  bne     $v0, $at, .L80978688       
/* 00604 80978674 A6090040 */  sh      $t1, 0x0040($s0)           ## 00000040
/* 00608 80978678 860A0054 */  lh      $t2, 0x0054($s0)           ## 00000054
/* 0060C 8097867C 254B0004 */  addiu   $t3, $t2, 0x0004           ## $t3 = 00000004
/* 00610 80978680 10000004 */  beq     $zero, $zero, .L80978694   
/* 00614 80978684 A60B0054 */  sh      $t3, 0x0054($s0)           ## 00000054
.L80978688:
/* 00618 80978688 860C0054 */  lh      $t4, 0x0054($s0)           ## 00000054
/* 0061C 8097868C 258D0002 */  addiu   $t5, $t4, 0x0002           ## $t5 = 00000002
/* 00620 80978690 A60D0054 */  sh      $t5, 0x0054($s0)           ## 00000054
.L80978694:
/* 00624 80978694 8602005C */  lh      $v0, 0x005C($s0)           ## 0000005C
/* 00628 80978698 28410017 */  slti    $at, $v0, 0x0017           
/* 0062C 8097869C 10200027 */  beq     $at, $zero, .L8097873C     
/* 00630 809786A0 2841000E */  slti    $at, $v0, 0x000E           
/* 00634 809786A4 14200025 */  bne     $at, $zero, .L8097873C     
/* 00638 809786A8 2451FFF3 */  addiu   $s1, $v0, 0xFFF3           ## $s1 = FFFFFFF3
/* 0063C 809786AC 86040044 */  lh      $a0, 0x0044($s0)           ## 00000044
/* 00640 809786B0 240500FF */  addiu   $a1, $zero, 0x00FF         ## $a1 = 000000FF
/* 00644 809786B4 0C02C25B */  jal     func_800B096C              
/* 00648 809786B8 02203025 */  or      $a2, $s1, $zero            ## $a2 = FFFFFFF3
/* 0064C 809786BC A6020044 */  sh      $v0, 0x0044($s0)           ## 00000044
/* 00650 809786C0 86040046 */  lh      $a0, 0x0046($s0)           ## 00000046
/* 00654 809786C4 240500FF */  addiu   $a1, $zero, 0x00FF         ## $a1 = 000000FF
/* 00658 809786C8 0C02C25B */  jal     func_800B096C              
/* 0065C 809786CC 02203025 */  or      $a2, $s1, $zero            ## $a2 = FFFFFFF3
/* 00660 809786D0 A6020046 */  sh      $v0, 0x0046($s0)           ## 00000046
/* 00664 809786D4 86040048 */  lh      $a0, 0x0048($s0)           ## 00000048
/* 00668 809786D8 24050096 */  addiu   $a1, $zero, 0x0096         ## $a1 = 00000096
/* 0066C 809786DC 0C02C25B */  jal     func_800B096C              
/* 00670 809786E0 02203025 */  or      $a2, $s1, $zero            ## $a2 = FFFFFFF3
/* 00674 809786E4 A6020048 */  sh      $v0, 0x0048($s0)           ## 00000048
/* 00678 809786E8 8604004A */  lh      $a0, 0x004A($s0)           ## 0000004A
/* 0067C 809786EC 240500FF */  addiu   $a1, $zero, 0x00FF         ## $a1 = 000000FF
/* 00680 809786F0 0C02C25B */  jal     func_800B096C              
/* 00684 809786F4 02203025 */  or      $a2, $s1, $zero            ## $a2 = FFFFFFF3
/* 00688 809786F8 A602004A */  sh      $v0, 0x004A($s0)           ## 0000004A
/* 0068C 809786FC 8604004C */  lh      $a0, 0x004C($s0)           ## 0000004C
/* 00690 80978700 24050096 */  addiu   $a1, $zero, 0x0096         ## $a1 = 00000096
/* 00694 80978704 0C02C25B */  jal     func_800B096C              
/* 00698 80978708 02203025 */  or      $a2, $s1, $zero            ## $a2 = FFFFFFF3
/* 0069C 8097870C A602004C */  sh      $v0, 0x004C($s0)           ## 0000004C
/* 006A0 80978710 8604004E */  lh      $a0, 0x004E($s0)           ## 0000004E
/* 006A4 80978714 00002825 */  or      $a1, $zero, $zero          ## $a1 = 00000000
/* 006A8 80978718 0C02C25B */  jal     func_800B096C              
/* 006AC 8097871C 02203025 */  or      $a2, $s1, $zero            ## $a2 = FFFFFFF3
/* 006B0 80978720 A602004E */  sh      $v0, 0x004E($s0)           ## 0000004E
/* 006B4 80978724 86040050 */  lh      $a0, 0x0050($s0)           ## 00000050
/* 006B8 80978728 00002825 */  or      $a1, $zero, $zero          ## $a1 = 00000000
/* 006BC 8097872C 0C02C25B */  jal     func_800B096C              
/* 006C0 80978730 02203025 */  or      $a2, $s1, $zero            ## $a2 = FFFFFFF3
/* 006C4 80978734 10000029 */  beq     $zero, $zero, .L809787DC   
/* 006C8 80978738 A6020050 */  sh      $v0, 0x0050($s0)           ## 00000050
.L8097873C:
/* 006CC 8097873C 2841000E */  slti    $at, $v0, 0x000E           
/* 006D0 80978740 50200027 */  beql    $at, $zero, .L809787E0     
/* 006D4 80978744 8FBF001C */  lw      $ra, 0x001C($sp)           
/* 006D8 80978748 04400024 */  bltz    $v0, .L809787DC            
/* 006DC 8097874C 24510001 */  addiu   $s1, $v0, 0x0001           ## $s1 = 00000001
/* 006E0 80978750 86040044 */  lh      $a0, 0x0044($s0)           ## 00000044
/* 006E4 80978754 24050032 */  addiu   $a1, $zero, 0x0032         ## $a1 = 00000032
/* 006E8 80978758 0C02C25B */  jal     func_800B096C              
/* 006EC 8097875C 02203025 */  or      $a2, $s1, $zero            ## $a2 = 00000001
/* 006F0 80978760 A6020044 */  sh      $v0, 0x0044($s0)           ## 00000044
/* 006F4 80978764 86040046 */  lh      $a0, 0x0046($s0)           ## 00000046
/* 006F8 80978768 24050032 */  addiu   $a1, $zero, 0x0032         ## $a1 = 00000032
/* 006FC 8097876C 0C02C25B */  jal     func_800B096C              
/* 00700 80978770 02203025 */  or      $a2, $s1, $zero            ## $a2 = 00000001
/* 00704 80978774 A6020046 */  sh      $v0, 0x0046($s0)           ## 00000046
/* 00708 80978778 86040048 */  lh      $a0, 0x0048($s0)           ## 00000048
/* 0070C 8097877C 24050032 */  addiu   $a1, $zero, 0x0032         ## $a1 = 00000032
/* 00710 80978780 0C02C25B */  jal     func_800B096C              
/* 00714 80978784 02203025 */  or      $a2, $s1, $zero            ## $a2 = 00000001
/* 00718 80978788 A6020048 */  sh      $v0, 0x0048($s0)           ## 00000048
/* 0071C 8097878C 8604004A */  lh      $a0, 0x004A($s0)           ## 0000004A
/* 00720 80978790 24050096 */  addiu   $a1, $zero, 0x0096         ## $a1 = 00000096
/* 00724 80978794 0C02C25B */  jal     func_800B096C              
/* 00728 80978798 02203025 */  or      $a2, $s1, $zero            ## $a2 = 00000001
/* 0072C 8097879C A602004A */  sh      $v0, 0x004A($s0)           ## 0000004A
/* 00730 809787A0 8604004C */  lh      $a0, 0x004C($s0)           ## 0000004C
/* 00734 809787A4 2405000A */  addiu   $a1, $zero, 0x000A         ## $a1 = 0000000A
/* 00738 809787A8 0C02C25B */  jal     func_800B096C              
/* 0073C 809787AC 02203025 */  or      $a2, $s1, $zero            ## $a2 = 00000001
/* 00740 809787B0 A602004C */  sh      $v0, 0x004C($s0)           ## 0000004C
/* 00744 809787B4 8604004E */  lh      $a0, 0x004E($s0)           ## 0000004E
/* 00748 809787B8 2405000A */  addiu   $a1, $zero, 0x000A         ## $a1 = 0000000A
/* 0074C 809787BC 0C02C25B */  jal     func_800B096C              
/* 00750 809787C0 02203025 */  or      $a2, $s1, $zero            ## $a2 = 00000001
/* 00754 809787C4 A602004E */  sh      $v0, 0x004E($s0)           ## 0000004E
/* 00758 809787C8 86040050 */  lh      $a0, 0x0050($s0)           ## 00000050
/* 0075C 809787CC 2405000A */  addiu   $a1, $zero, 0x000A         ## $a1 = 0000000A
/* 00760 809787D0 0C02C25B */  jal     func_800B096C              
/* 00764 809787D4 02203025 */  or      $a2, $s1, $zero            ## $a2 = 00000001
/* 00768 809787D8 A6020050 */  sh      $v0, 0x0050($s0)           ## 00000050
.L809787DC:
/* 0076C 809787DC 8FBF001C */  lw      $ra, 0x001C($sp)           
.L809787E0:
/* 00770 809787E0 8FB00014 */  lw      $s0, 0x0014($sp)           
/* 00774 809787E4 8FB10018 */  lw      $s1, 0x0018($sp)           
/* 00778 809787E8 03E00008 */  jr      $ra                        
/* 0077C 809787EC 27BD0020 */  addiu   $sp, $sp, 0x0020           ## $sp = 00000000

.section .data

.word 0x00000003
.word func_80978070
D_809787F8: .word func_80978138
.word func_80978304
D_80978800: .word \
0x040164D0, 0x04016CD0, 0x040174D0, 0x04017CD0, \
0x040184D0, 0x04018CD0, 0x040194D0, 0x04019CD0
D_80978820: .word \
0x040164D0, 0x04016CD0, 0x040174D0, 0x04017CD0, \
0x040184D0, 0x04018CD0, 0x040194D0, 0x04019CD0

.section .rodata

D_80978840: .word 0x3C23D70A
D_80978844: .word 0x3F6CCCCD
D_80978848: .word 0x3C23D70A
D_8097884C: .word 0x3E19999A
D_80978850: .word 0x3CA3D70A, 0x00000000, 0x00000000, 0x00000000


.section .rodata
D_80978860:
.incbin "baserom/Effect_Ss_Bomb2", 0x7F0, 0x00000070
