.include "macro.inc"

# assembler directives
.set noat      # allow manual use of $at
.set noreorder # don't insert nops after branches
.set gp=64     # allow use of 64-bit general purpose registers

.section .text
glabel func_80979B30
/* 00000 80979B30 27BDFFC8 */  addiu   $sp, $sp, 0xFFC8           ## $sp = FFFFFFC8
/* 00004 80979B34 AFB10020 */  sw      $s1, 0x0020($sp)           
/* 00008 80979B38 AFB0001C */  sw      $s0, 0x001C($sp)           
/* 0000C 80979B3C 00C08025 */  or      $s0, $a2, $zero            ## $s0 = 00000000
/* 00010 80979B40 00E08825 */  or      $s1, $a3, $zero            ## $s1 = 00000000
/* 00014 80979B44 AFBF0024 */  sw      $ra, 0x0024($sp)           
/* 00018 80979B48 AFA40038 */  sw      $a0, 0x0038($sp)           
/* 0001C 80979B4C AFA5003C */  sw      $a1, 0x003C($sp)           
/* 00020 80979B50 3C05801D */  lui     $a1, 0x801D                ## $a1 = 801D0000
/* 00024 80979B54 AFA00030 */  sw      $zero, 0x0030($sp)         
/* 00028 80979B58 24A515B0 */  addiu   $a1, $a1, 0x15B0           ## $a1 = 801D15B0
/* 0002C 80979B5C 0C03FD43 */  jal     func_800FF50C              
/* 00030 80979B60 2604000C */  addiu   $a0, $s0, 0x000C           ## $a0 = 0000000C
/* 00034 80979B64 3C05801D */  lui     $a1, 0x801D                ## $a1 = 801D0000
/* 00038 80979B68 24A515B0 */  addiu   $a1, $a1, 0x15B0           ## $a1 = 801D15B0
/* 0003C 80979B6C 0C03FD43 */  jal     func_800FF50C              
/* 00040 80979B70 26040018 */  addiu   $a0, $s0, 0x0018           ## $a0 = 00000018
/* 00044 80979B74 02002025 */  or      $a0, $s0, $zero            ## $a0 = 00000000
/* 00048 80979B78 0C03FD43 */  jal     func_800FF50C              
/* 0004C 80979B7C 02202825 */  or      $a1, $s1, $zero            ## $a1 = 00000000
/* 00050 80979B80 3C0E0403 */  lui     $t6, 0x0403                ## $t6 = 04030000
/* 00054 80979B84 25CE77B0 */  addiu   $t6, $t6, 0x77B0           ## $t6 = 040377B0
/* 00058 80979B88 AE0E0038 */  sw      $t6, 0x0038($s0)           ## 00000038
/* 0005C 80979B8C 862F0010 */  lh      $t7, 0x0010($s1)           ## 00000010
/* 00060 80979B90 3C198098 */  lui     $t9, %hi(func_80979E48)    ## $t9 = 80980000
/* 00064 80979B94 3C088098 */  lui     $t0, %hi(func_80979E80)    ## $t0 = 80980000
/* 00068 80979B98 27399E48 */  addiu   $t9, $t9, %lo(func_80979E48) ## $t9 = 80979E48
/* 0006C 80979B9C 25089E80 */  addiu   $t0, $t0, %lo(func_80979E80) ## $t0 = 80979E80
/* 00070 80979BA0 25F80014 */  addiu   $t8, $t7, 0x0014           ## $t8 = 00000014
/* 00074 80979BA4 A618005C */  sh      $t8, 0x005C($s0)           ## 0000005C
/* 00078 80979BA8 A600005A */  sh      $zero, 0x005A($s0)         ## 0000005A
/* 0007C 80979BAC AE190028 */  sw      $t9, 0x0028($s0)           ## 00000028
/* 00080 80979BB0 AE080024 */  sw      $t0, 0x0024($s0)           ## 00000024
/* 00084 80979BB4 8629000C */  lh      $t1, 0x000C($s1)           ## 0000000C
/* 00088 80979BB8 240200FF */  addiu   $v0, $zero, 0x00FF         ## $v0 = 000000FF
/* 0008C 80979BBC 27AC0030 */  addiu   $t4, $sp, 0x0030           ## $t4 = FFFFFFF8
/* 00090 80979BC0 A6090042 */  sh      $t1, 0x0042($s0)           ## 00000042
/* 00094 80979BC4 862A000E */  lh      $t2, 0x000E($s1)           ## 0000000E
/* 00098 80979BC8 27AD0028 */  addiu   $t5, $sp, 0x0028           ## $t5 = FFFFFFF0
/* 0009C 80979BCC 02203025 */  or      $a2, $s1, $zero            ## $a2 = 00000000
/* 000A0 80979BD0 A60A0044 */  sh      $t2, 0x0044($s0)           ## 00000044
/* 000A4 80979BD4 862B0010 */  lh      $t3, 0x0010($s1)           ## 00000010
/* 000A8 80979BD8 A6020046 */  sh      $v0, 0x0046($s0)           ## 00000046
/* 000AC 80979BDC A6020048 */  sh      $v0, 0x0048($s0)           ## 00000048
/* 000B0 80979BE0 A602004A */  sh      $v0, 0x004A($s0)           ## 0000004A
/* 000B4 80979BE4 A602004C */  sh      $v0, 0x004C($s0)           ## 0000004C
/* 000B8 80979BE8 A602004E */  sh      $v0, 0x004E($s0)           ## 0000004E
/* 000BC 80979BEC A6020050 */  sh      $v0, 0x0050($s0)           ## 00000050
/* 000C0 80979BF0 A6020052 */  sh      $v0, 0x0052($s0)           ## 00000052
/* 000C4 80979BF4 A6020054 */  sh      $v0, 0x0054($s0)           ## 00000054
/* 000C8 80979BF8 A60B0056 */  sh      $t3, 0x0056($s0)           ## 00000056
/* 000CC 80979BFC 8FA40038 */  lw      $a0, 0x0038($sp)           
/* 000D0 80979C00 AFAD0014 */  sw      $t5, 0x0014($sp)           
/* 000D4 80979C04 AFAC0010 */  sw      $t4, 0x0010($sp)           
/* 000D8 80979C08 3C074040 */  lui     $a3, 0x4040                ## $a3 = 40400000
/* 000DC 80979C0C 0C03288B */  jal     func_800CA22C              
/* 000E0 80979C10 24850830 */  addiu   $a1, $a0, 0x0830           ## $a1 = 00000830
/* 000E4 80979C14 A6020040 */  sh      $v0, 0x0040($s0)           ## 00000040
/* 000E8 80979C18 8FAE0028 */  lw      $t6, 0x0028($sp)           
/* 000EC 80979C1C 24020001 */  addiu   $v0, $zero, 0x0001         ## $v0 = 00000001
/* 000F0 80979C20 A60E0058 */  sh      $t6, 0x0058($s0)           ## 00000058
/* 000F4 80979C24 8FBF0024 */  lw      $ra, 0x0024($sp)           
/* 000F8 80979C28 8FB0001C */  lw      $s0, 0x001C($sp)           
/* 000FC 80979C2C 8FB10020 */  lw      $s1, 0x0020($sp)           
/* 00100 80979C30 03E00008 */  jr      $ra                        
/* 00104 80979C34 27BD0038 */  addiu   $sp, $sp, 0x0038           ## $sp = 00000000


glabel func_80979C38
/* 00108 80979C38 27BDFEE0 */  addiu   $sp, $sp, 0xFEE0           ## $sp = FFFFFEE0
/* 0010C 80979C3C AFB00014 */  sw      $s0, 0x0014($sp)           
/* 00110 80979C40 00A08025 */  or      $s0, $a1, $zero            ## $s0 = 00000000
/* 00114 80979C44 AFBF001C */  sw      $ra, 0x001C($sp)           
/* 00118 80979C48 AFB10018 */  sw      $s1, 0x0018($sp)           
/* 0011C 80979C4C AFA60128 */  sw      $a2, 0x0128($sp)           
/* 00120 80979C50 00803825 */  or      $a3, $a0, $zero            ## $a3 = 00000000
/* 00124 80979C54 8CF10000 */  lw      $s1, 0x0000($a3)           ## 00000000
/* 00128 80979C58 860E0042 */  lh      $t6, 0x0042($s0)           ## 00000042
/* 0012C 80979C5C 3C018098 */  lui     $at, %hi(D_8097A000)       ## $at = 80980000
/* 00130 80979C60 C428A000 */  lwc1    $f8, %lo(D_8097A000)($at)  
/* 00134 80979C64 448E2000 */  mtc1    $t6, $f4                   ## $f4 = 0.00
/* 00138 80979C68 24E40830 */  addiu   $a0, $a3, 0x0830           ## $a0 = 00000830
/* 0013C 80979C6C 468021A0 */  cvt.s.w $f6, $f4                   
/* 00140 80979C70 46083282 */  mul.s   $f10, $f6, $f8             
/* 00144 80979C74 E7AA0118 */  swc1    $f10, 0x0118($sp)          
/* 00148 80979C78 86050058 */  lh      $a1, 0x0058($s0)           ## 00000058
/* 0014C 80979C7C AFA70120 */  sw      $a3, 0x0120($sp)           
/* 00150 80979C80 0C030F0B */  jal     func_800C3C2C              
/* 00154 80979C84 AFA40024 */  sw      $a0, 0x0024($sp)           
/* 00158 80979C88 86050040 */  lh      $a1, 0x0040($s0)           ## 00000040
/* 0015C 80979C8C 2401FFFF */  addiu   $at, $zero, 0xFFFF         ## $at = FFFFFFFF
/* 00160 80979C90 8FA40024 */  lw      $a0, 0x0024($sp)           
/* 00164 80979C94 50A1000C */  beql    $a1, $at, .L80979CC8       
/* 00168 80979C98 C6020004 */  lwc1    $f2, 0x0004($s0)           ## 00000004
/* 0016C 80979C9C 5040000A */  beql    $v0, $zero, .L80979CC8     
/* 00170 80979CA0 C6020004 */  lwc1    $f2, 0x0004($s0)           ## 00000004
/* 00174 80979CA4 944F0024 */  lhu     $t7, 0x0024($v0)           ## 00000024
/* 00178 80979CA8 00AF082A */  slt     $at, $a1, $t7              
/* 0017C 80979CAC 50200006 */  beql    $at, $zero, .L80979CC8     
/* 00180 80979CB0 C6020004 */  lwc1    $f2, 0x0004($s0)           ## 00000004
/* 00184 80979CB4 0C03295A */  jal     func_800CA568              
/* 00188 80979CB8 86060058 */  lh      $a2, 0x0058($s0)           ## 00000058
/* 0018C 80979CBC 10000002 */  beq     $zero, $zero, .L80979CC8   
/* 00190 80979CC0 46000086 */  mov.s   $f2, $f0                   
/* 00194 80979CC4 C6020004 */  lwc1    $f2, 0x0004($s0)           ## 00000004
.L80979CC8:
/* 00198 80979CC8 44061000 */  mfc1    $a2, $f2                   
/* 0019C 80979CCC 27A400D4 */  addiu   $a0, $sp, 0x00D4           ## $a0 = FFFFFFB4
/* 001A0 80979CD0 8E050000 */  lw      $a1, 0x0000($s0)           ## 00000000
/* 001A4 80979CD4 0C04E5EB */  jal     func_801397AC              
/* 001A8 80979CD8 8E070008 */  lw      $a3, 0x0008($s0)           ## 00000008
/* 001AC 80979CDC C7A00118 */  lwc1    $f0, 0x0118($sp)           
/* 001B0 80979CE0 27A40094 */  addiu   $a0, $sp, 0x0094           ## $a0 = FFFFFF74
/* 001B4 80979CE4 44050000 */  mfc1    $a1, $f0                   
/* 001B8 80979CE8 44060000 */  mfc1    $a2, $f0                   
/* 001BC 80979CEC 44070000 */  mfc1    $a3, $f0                   
/* 001C0 80979CF0 0C04E50A */  jal     func_80139428              
/* 001C4 80979CF4 00000000 */  nop
/* 001C8 80979CF8 27A400D4 */  addiu   $a0, $sp, 0x00D4           ## $a0 = FFFFFFB4
/* 001CC 80979CFC 27A50094 */  addiu   $a1, $sp, 0x0094           ## $a1 = FFFFFF74
/* 001D0 80979D00 0C04E34E */  jal     func_80138D38              
/* 001D4 80979D04 27A60054 */  addiu   $a2, $sp, 0x0054           ## $a2 = FFFFFF34
/* 001D8 80979D08 02202025 */  or      $a0, $s1, $zero            ## $a0 = 00000000
/* 001DC 80979D0C 0C04E706 */  jal     func_80139C18              
/* 001E0 80979D10 27A50054 */  addiu   $a1, $sp, 0x0054           ## $a1 = FFFFFF34
/* 001E4 80979D14 50400048 */  beql    $v0, $zero, .L80979E38     
/* 001E8 80979D18 8FBF001C */  lw      $ra, 0x001C($sp)           
/* 001EC 80979D1C 8E2302C0 */  lw      $v1, 0x02C0($s1)           ## 000002C0
/* 001F0 80979D20 3C19DA38 */  lui     $t9, 0xDA38                ## $t9 = DA380000
/* 001F4 80979D24 37390003 */  ori     $t9, $t9, 0x0003           ## $t9 = DA380003
/* 001F8 80979D28 24780008 */  addiu   $t8, $v1, 0x0008           ## $t8 = 00000008
/* 001FC 80979D2C AE3802C0 */  sw      $t8, 0x02C0($s1)           ## 000002C0
/* 00200 80979D30 AC620004 */  sw      $v0, 0x0004($v1)           ## 00000004
/* 00204 80979D34 AC790000 */  sw      $t9, 0x0000($v1)           ## 00000000
/* 00208 80979D38 0C04B25D */  jal     func_8012C974              
/* 0020C 80979D3C 02202025 */  or      $a0, $s1, $zero            ## $a0 = 00000000
/* 00210 80979D40 8E2302C0 */  lw      $v1, 0x02C0($s1)           ## 000002C0
/* 00214 80979D44 3C09FA00 */  lui     $t1, 0xFA00                ## $t1 = FA000000
/* 00218 80979D48 24680008 */  addiu   $t0, $v1, 0x0008           ## $t0 = 00000008
/* 0021C 80979D4C AE2802C0 */  sw      $t0, 0x02C0($s1)           ## 000002C0
/* 00220 80979D50 AC690000 */  sw      $t1, 0x0000($v1)           ## 00000000
/* 00224 80979D54 860A004C */  lh      $t2, 0x004C($s0)           ## 0000004C
/* 00228 80979D58 86180048 */  lh      $t8, 0x0048($s0)           ## 00000048
/* 0022C 80979D5C 860D0046 */  lh      $t5, 0x0046($s0)           ## 00000046
/* 00230 80979D60 314B00FF */  andi    $t3, $t2, 0x00FF           ## $t3 = 00000000
/* 00234 80979D64 860A004A */  lh      $t2, 0x004A($s0)           ## 0000004A
/* 00238 80979D68 331900FF */  andi    $t9, $t8, 0x00FF           ## $t9 = 00000000
/* 0023C 80979D6C 000D7600 */  sll     $t6, $t5, 24               
/* 00240 80979D70 016E7825 */  or      $t7, $t3, $t6              ## $t7 = 00000000
/* 00244 80979D74 00194400 */  sll     $t0, $t9, 16               
/* 00248 80979D78 314C00FF */  andi    $t4, $t2, 0x00FF           ## $t4 = 00000000
/* 0024C 80979D7C 000C6A00 */  sll     $t5, $t4,  8               
/* 00250 80979D80 01E84825 */  or      $t1, $t7, $t0              ## $t1 = 00000008
/* 00254 80979D84 012D5825 */  or      $t3, $t1, $t5              ## $t3 = 00000008
/* 00258 80979D88 AC6B0004 */  sw      $t3, 0x0004($v1)           ## 00000004
/* 0025C 80979D8C 8E2302C0 */  lw      $v1, 0x02C0($s1)           ## 000002C0
/* 00260 80979D90 3C18FB00 */  lui     $t8, 0xFB00                ## $t8 = FB000000
/* 00264 80979D94 246E0008 */  addiu   $t6, $v1, 0x0008           ## $t6 = 00000008
/* 00268 80979D98 AE2E02C0 */  sw      $t6, 0x02C0($s1)           ## 000002C0
/* 0026C 80979D9C AC780000 */  sw      $t8, 0x0000($v1)           ## 00000000
/* 00270 80979DA0 86190054 */  lh      $t9, 0x0054($s0)           ## 00000054
/* 00274 80979DA4 860D0050 */  lh      $t5, 0x0050($s0)           ## 00000050
/* 00278 80979DA8 860A004E */  lh      $t2, 0x004E($s0)           ## 0000004E
/* 0027C 80979DAC 332F00FF */  andi    $t7, $t9, 0x00FF           ## $t7 = 00000000
/* 00280 80979DB0 86190052 */  lh      $t9, 0x0052($s0)           ## 00000052
/* 00284 80979DB4 31AB00FF */  andi    $t3, $t5, 0x00FF           ## $t3 = 00000000
/* 00288 80979DB8 000A6600 */  sll     $t4, $t2, 24               
/* 0028C 80979DBC 01EC4825 */  or      $t1, $t7, $t4              ## $t1 = 00000000
/* 00290 80979DC0 000B7400 */  sll     $t6, $t3, 16               
/* 00294 80979DC4 332800FF */  andi    $t0, $t9, 0x00FF           ## $t0 = 00000000
/* 00298 80979DC8 00085200 */  sll     $t2, $t0,  8               
/* 0029C 80979DCC 012EC025 */  or      $t8, $t1, $t6              ## $t8 = 00000008
/* 002A0 80979DD0 030A7825 */  or      $t7, $t8, $t2              ## $t7 = 00000008
/* 002A4 80979DD4 AC6F0004 */  sw      $t7, 0x0004($v1)           ## 00000004
/* 002A8 80979DD8 8E2302C0 */  lw      $v1, 0x02C0($s1)           ## 000002C0
/* 002AC 80979DDC 3C0DE300 */  lui     $t5, 0xE300                ## $t5 = E3000000
/* 002B0 80979DE0 35AD1A01 */  ori     $t5, $t5, 0x1A01           ## $t5 = E3001A01
/* 002B4 80979DE4 246C0008 */  addiu   $t4, $v1, 0x0008           ## $t4 = 00000008
/* 002B8 80979DE8 AE2C02C0 */  sw      $t4, 0x02C0($s1)           ## 000002C0
/* 002BC 80979DEC 240B0020 */  addiu   $t3, $zero, 0x0020         ## $t3 = 00000020
/* 002C0 80979DF0 AC6B0004 */  sw      $t3, 0x0004($v1)           ## 00000004
/* 002C4 80979DF4 AC6D0000 */  sw      $t5, 0x0000($v1)           ## 00000000
/* 002C8 80979DF8 8E2302C0 */  lw      $v1, 0x02C0($s1)           ## 000002C0
/* 002CC 80979DFC 3C0EE300 */  lui     $t6, 0xE300                ## $t6 = E3000000
/* 002D0 80979E00 35CE1801 */  ori     $t6, $t6, 0x1801           ## $t6 = E3001801
/* 002D4 80979E04 24690008 */  addiu   $t1, $v1, 0x0008           ## $t1 = 00000008
/* 002D8 80979E08 AE2902C0 */  sw      $t1, 0x02C0($s1)           ## 000002C0
/* 002DC 80979E0C 24190080 */  addiu   $t9, $zero, 0x0080         ## $t9 = 00000080
/* 002E0 80979E10 AC790004 */  sw      $t9, 0x0004($v1)           ## 00000004
/* 002E4 80979E14 AC6E0000 */  sw      $t6, 0x0000($v1)           ## 00000000
/* 002E8 80979E18 8E2302C0 */  lw      $v1, 0x02C0($s1)           ## 000002C0
/* 002EC 80979E1C 3C18DE00 */  lui     $t8, 0xDE00                ## $t8 = DE000000
/* 002F0 80979E20 24680008 */  addiu   $t0, $v1, 0x0008           ## $t0 = 00000008
/* 002F4 80979E24 AE2802C0 */  sw      $t0, 0x02C0($s1)           ## 000002C0
/* 002F8 80979E28 AC780000 */  sw      $t8, 0x0000($v1)           ## 00000000
/* 002FC 80979E2C 8E0A0038 */  lw      $t2, 0x0038($s0)           ## 00000038
/* 00300 80979E30 AC6A0004 */  sw      $t2, 0x0004($v1)           ## 00000004
/* 00304 80979E34 8FBF001C */  lw      $ra, 0x001C($sp)           
.L80979E38:
/* 00308 80979E38 8FB00014 */  lw      $s0, 0x0014($sp)           
/* 0030C 80979E3C 8FB10018 */  lw      $s1, 0x0018($sp)           
/* 00310 80979E40 03E00008 */  jr      $ra                        
/* 00314 80979E44 27BD0120 */  addiu   $sp, $sp, 0x0120           ## $sp = 00000000


glabel func_80979E48
/* 00318 80979E48 27BDFFE8 */  addiu   $sp, $sp, 0xFFE8           ## $sp = FFFFFFE8
/* 0031C 80979E4C AFA5001C */  sw      $a1, 0x001C($sp)           
/* 00320 80979E50 00C02825 */  or      $a1, $a2, $zero            ## $a1 = 00000000
/* 00324 80979E54 AFBF0014 */  sw      $ra, 0x0014($sp)           
/* 00328 80979E58 84AE0056 */  lh      $t6, 0x0056($a1)           ## 00000056
/* 0032C 80979E5C 3C060403 */  lui     $a2, 0x0403                ## $a2 = 04030000
/* 00330 80979E60 55C00004 */  bnel    $t6, $zero, .L80979E74     
/* 00334 80979E64 8FBF0014 */  lw      $ra, 0x0014($sp)           
/* 00338 80979E68 0C25E70E */  jal     func_80979C38              
/* 0033C 80979E6C 24C667B0 */  addiu   $a2, $a2, 0x67B0           ## $a2 = 040367B0
/* 00340 80979E70 8FBF0014 */  lw      $ra, 0x0014($sp)           
.L80979E74:
/* 00344 80979E74 27BD0018 */  addiu   $sp, $sp, 0x0018           ## $sp = 00000000
/* 00348 80979E78 03E00008 */  jr      $ra                        
/* 0034C 80979E7C 00000000 */  nop


glabel func_80979E80
/* 00350 80979E80 27BDFFB8 */  addiu   $sp, $sp, 0xFFB8           ## $sp = FFFFFFB8
/* 00354 80979E84 AFB00020 */  sw      $s0, 0x0020($sp)           
/* 00358 80979E88 00C08025 */  or      $s0, $a2, $zero            ## $s0 = 00000000
/* 0035C 80979E8C AFBF0024 */  sw      $ra, 0x0024($sp)           
/* 00360 80979E90 AFA5004C */  sw      $a1, 0x004C($sp)           
/* 00364 80979E94 27AE0038 */  addiu   $t6, $sp, 0x0038           ## $t6 = FFFFFFF0
/* 00368 80979E98 27AF0034 */  addiu   $t7, $sp, 0x0034           ## $t7 = FFFFFFEC
/* 0036C 80979E9C AFAF0014 */  sw      $t7, 0x0014($sp)           
/* 00370 80979EA0 AFAE0010 */  sw      $t6, 0x0010($sp)           
/* 00374 80979EA4 24850830 */  addiu   $a1, $a0, 0x0830           ## $a1 = 00000830
/* 00378 80979EA8 02003025 */  or      $a2, $s0, $zero            ## $a2 = 00000000
/* 0037C 80979EAC 0C03288B */  jal     func_800CA22C              
/* 00380 80979EB0 3C074040 */  lui     $a3, 0x4040                ## $a3 = 40400000
/* 00384 80979EB4 86030056 */  lh      $v1, 0x0056($s0)           ## 00000056
/* 00388 80979EB8 A6020040 */  sh      $v0, 0x0040($s0)           ## 00000040
/* 0038C 80979EBC 8FB80034 */  lw      $t8, 0x0034($sp)           
/* 00390 80979EC0 2479FFFF */  addiu   $t9, $v1, 0xFFFF           ## $t9 = FFFFFFFF
/* 00394 80979EC4 14600003 */  bne     $v1, $zero, .L80979ED4     
/* 00398 80979EC8 A6180058 */  sh      $t8, 0x0058($s0)           ## 00000058
/* 0039C 80979ECC 10000003 */  beq     $zero, $zero, .L80979EDC   
/* 003A0 80979ED0 00001025 */  or      $v0, $zero, $zero          ## $v0 = 00000000
.L80979ED4:
/* 003A4 80979ED4 A6190056 */  sh      $t9, 0x0056($s0)           ## 00000056
/* 003A8 80979ED8 86020056 */  lh      $v0, 0x0056($s0)           ## 00000056
.L80979EDC:
/* 003AC 80979EDC 5440003D */  bnel    $v0, $zero, .L80979FD4     
/* 003B0 80979EE0 8FBF0024 */  lw      $ra, 0x0024($sp)           
/* 003B4 80979EE4 86080042 */  lh      $t0, 0x0042($s0)           ## 00000042
/* 003B8 80979EE8 3C013F80 */  lui     $at, 0x3F80                ## $at = 3F800000
/* 003BC 80979EEC 44815000 */  mtc1    $at, $f10                  ## $f10 = 1.00
/* 003C0 80979EF0 44882000 */  mtc1    $t0, $f4                   ## $f4 = 0.00
/* 003C4 80979EF4 3C063E4C */  lui     $a2, 0x3E4C                ## $a2 = 3E4C0000
/* 003C8 80979EF8 34C6CCCD */  ori     $a2, $a2, 0xCCCD           ## $a2 = 3E4CCCCD
/* 003CC 80979EFC 468021A0 */  cvt.s.w $f6, $f4                   
/* 003D0 80979F00 27A40044 */  addiu   $a0, $sp, 0x0044           ## $a0 = FFFFFFFC
/* 003D4 80979F04 3C0741F0 */  lui     $a3, 0x41F0                ## $a3 = 41F00000
/* 003D8 80979F08 E7A60044 */  swc1    $f6, 0x0044($sp)           
/* 003DC 80979F0C 86090044 */  lh      $t1, 0x0044($s0)           ## 00000044
/* 003E0 80979F10 E7AA0010 */  swc1    $f10, 0x0010($sp)          
/* 003E4 80979F14 44894000 */  mtc1    $t1, $f8                   ## $f8 = 0.00
/* 003E8 80979F18 00000000 */  nop
/* 003EC 80979F1C 46804220 */  cvt.s.w $f8, $f8                   
/* 003F0 80979F20 44054000 */  mfc1    $a1, $f8                   
/* 003F4 80979F24 0C03FF36 */  jal     func_800FFCD8              
/* 003F8 80979F28 00000000 */  nop
/* 003FC 80979F2C 860C004C */  lh      $t4, 0x004C($s0)           ## 0000004C
/* 00400 80979F30 C7B00044 */  lwc1    $f16, 0x0044($sp)          
/* 00404 80979F34 3C0140E0 */  lui     $at, 0x40E0                ## $at = 40E00000
/* 00408 80979F38 448C2000 */  mtc1    $t4, $f4                   ## $f4 = 0.00
/* 0040C 80979F3C 4600848D */  trunc.w.s $f18, $f16                 
/* 00410 80979F40 44818000 */  mtc1    $at, $f16                  ## $f16 = 7.00
/* 00414 80979F44 3C063E4C */  lui     $a2, 0x3E4C                ## $a2 = 3E4C0000
/* 00418 80979F48 468021A0 */  cvt.s.w $f6, $f4                   
/* 0041C 80979F4C 440B9000 */  mfc1    $t3, $f18                  
/* 00420 80979F50 34C6CCCD */  ori     $a2, $a2, 0xCCCD           ## $a2 = 3E4CCCCD
/* 00424 80979F54 27A40040 */  addiu   $a0, $sp, 0x0040           ## $a0 = FFFFFFF8
/* 00428 80979F58 A60B0042 */  sh      $t3, 0x0042($s0)           ## 00000042
/* 0042C 80979F5C 24050000 */  addiu   $a1, $zero, 0x0000         ## $a1 = 00000000
/* 00430 80979F60 E7A60040 */  swc1    $f6, 0x0040($sp)           
/* 00434 80979F64 860D0054 */  lh      $t5, 0x0054($s0)           ## 00000054
/* 00438 80979F68 3C074170 */  lui     $a3, 0x4170                ## $a3 = 41700000
/* 0043C 80979F6C E7B00010 */  swc1    $f16, 0x0010($sp)          
/* 00440 80979F70 448D4000 */  mtc1    $t5, $f8                   ## $f8 = 0.00
/* 00444 80979F74 00000000 */  nop
/* 00448 80979F78 468042A0 */  cvt.s.w $f10, $f8                  
/* 0044C 80979F7C 0C03FF36 */  jal     func_800FFCD8              
/* 00450 80979F80 E7AA003C */  swc1    $f10, 0x003C($sp)          
/* 00454 80979F84 3C0140E0 */  lui     $at, 0x40E0                ## $at = 40E00000
/* 00458 80979F88 44819000 */  mtc1    $at, $f18                  ## $f18 = 7.00
/* 0045C 80979F8C 3C063E4C */  lui     $a2, 0x3E4C                ## $a2 = 3E4C0000
/* 00460 80979F90 34C6CCCD */  ori     $a2, $a2, 0xCCCD           ## $a2 = 3E4CCCCD
/* 00464 80979F94 27A4003C */  addiu   $a0, $sp, 0x003C           ## $a0 = FFFFFFF4
/* 00468 80979F98 24050000 */  addiu   $a1, $zero, 0x0000         ## $a1 = 00000000
/* 0046C 80979F9C 3C074170 */  lui     $a3, 0x4170                ## $a3 = 41700000
/* 00470 80979FA0 0C03FF36 */  jal     func_800FFCD8              
/* 00474 80979FA4 E7B20010 */  swc1    $f18, 0x0010($sp)          
/* 00478 80979FA8 C7A40040 */  lwc1    $f4, 0x0040($sp)           
/* 0047C 80979FAC 4600218D */  trunc.w.s $f6, $f4                   
/* 00480 80979FB0 440F3000 */  mfc1    $t7, $f6                   
/* 00484 80979FB4 00000000 */  nop
/* 00488 80979FB8 A60F004C */  sh      $t7, 0x004C($s0)           ## 0000004C
/* 0048C 80979FBC C7A8003C */  lwc1    $f8, 0x003C($sp)           
/* 00490 80979FC0 4600428D */  trunc.w.s $f10, $f8                  
/* 00494 80979FC4 44195000 */  mfc1    $t9, $f10                  
/* 00498 80979FC8 00000000 */  nop
/* 0049C 80979FCC A6190054 */  sh      $t9, 0x0054($s0)           ## 00000054
/* 004A0 80979FD0 8FBF0024 */  lw      $ra, 0x0024($sp)           
.L80979FD4:
/* 004A4 80979FD4 8FB00020 */  lw      $s0, 0x0020($sp)           
/* 004A8 80979FD8 27BD0048 */  addiu   $sp, $sp, 0x0048           ## $sp = 00000000
/* 004AC 80979FDC 03E00008 */  jr      $ra                        
/* 004B0 80979FE0 00000000 */  nop
/* 004B4 80979FE4 00000000 */  nop
/* 004B8 80979FE8 00000000 */  nop
/* 004BC 80979FEC 00000000 */  nop

.section .data

.word 0x00000009
.word func_80979B30
.word 0x00000000, 0x00000000

.section .rodata

D_8097A000: .word 0x3B23D70A, 0x00000000, 0x00000000, 0x00000000


.section .rodata
D_8097A010:
.incbin "baserom/Effect_Ss_G_Ripple", 0x4E0, 0x00000040
