.include "macro.inc"

# assembler directives
.set noat      # allow manual use of $at
.set noreorder # don't insert nops after branches
.set gp=64     # allow use of 64-bit general purpose registers

.section .text
glabel func_808AFCD0
/* 00000 808AFCD0 27BDFFD0 */  addiu   $sp, $sp, 0xFFD0           ## $sp = FFFFFFD0
/* 00004 808AFCD4 AFB00028 */  sw      $s0, 0x0028($sp)           
/* 00008 808AFCD8 00808025 */  or      $s0, $a0, $zero            ## $s0 = 00000000
/* 0000C 808AFCDC AFBF002C */  sw      $ra, 0x002C($sp)           
/* 00010 808AFCE0 AFA50034 */  sw      $a1, 0x0034($sp)           
/* 00014 808AFCE4 3C05808B */  lui     $a1, %hi(D_808B10F0)       ## $a1 = 808B0000
/* 00018 808AFCE8 24A510F0 */  addiu   $a1, $a1, %lo(D_808B10F0)  ## $a1 = 808B10F0
/* 0001C 808AFCEC 0C03FEB7 */  jal     func_800FFADC              
/* 00020 808AFCF0 02002025 */  or      $a0, $s0, $zero            ## $a0 = 00000000
/* 00024 808AFCF4 3C06800B */  lui     $a2, 0x800B                ## $a2 = 800B0000
/* 00028 808AFCF8 3C07422B */  lui     $a3, 0x422B                ## $a3 = 422B0000
/* 0002C 808AFCFC 34E76DB7 */  ori     $a3, $a3, 0x6DB7           ## $a3 = 422B6DB7
/* 00030 808AFD00 24C63FC0 */  addiu   $a2, $a2, 0x3FC0           ## $a2 = 800B3FC0
/* 00034 808AFD04 260400BC */  addiu   $a0, $s0, 0x00BC           ## $a0 = 000000BC
/* 00038 808AFD08 0C02CEE9 */  jal     func_800B3BA4              
/* 0003C 808AFD0C 24050000 */  addiu   $a1, $zero, 0x0000         ## $a1 = 00000000
/* 00040 808AFD10 3C060600 */  lui     $a2, 0x0600                ## $a2 = 06000000
/* 00044 808AFD14 3C070600 */  lui     $a3, 0x0600                ## $a3 = 06000000
/* 00048 808AFD18 260E0188 */  addiu   $t6, $s0, 0x0188           ## $t6 = 00000188
/* 0004C 808AFD1C 260F01DC */  addiu   $t7, $s0, 0x01DC           ## $t7 = 000001DC
/* 00050 808AFD20 2418000E */  addiu   $t8, $zero, 0x000E         ## $t8 = 0000000E
/* 00054 808AFD24 AFB80018 */  sw      $t8, 0x0018($sp)           
/* 00058 808AFD28 AFAF0014 */  sw      $t7, 0x0014($sp)           
/* 0005C 808AFD2C AFAE0010 */  sw      $t6, 0x0010($sp)           
/* 00060 808AFD30 24E7033C */  addiu   $a3, $a3, 0x033C           ## $a3 = 0600033C
/* 00064 808AFD34 24C65948 */  addiu   $a2, $a2, 0x5948           ## $a2 = 06005948
/* 00068 808AFD38 8FA40034 */  lw      $a0, 0x0034($sp)           
/* 0006C 808AFD3C 0C04DA9F */  jal     func_80136A7C              
/* 00070 808AFD40 26050144 */  addiu   $a1, $s0, 0x0144           ## $a1 = 00000144
/* 00074 808AFD44 3C07808B */  lui     $a3, %hi(D_808B1070)       ## $a3 = 808B0000
/* 00078 808AFD48 24E71070 */  addiu   $a3, $a3, %lo(D_808B1070)  ## $a3 = 808B1070
/* 0007C 808AFD4C 8FA40034 */  lw      $a0, 0x0034($sp)           
/* 00080 808AFD50 260502E8 */  addiu   $a1, $s0, 0x02E8           ## $a1 = 000002E8
/* 00084 808AFD54 0C0384DD */  jal     func_800E1374              
/* 00088 808AFD58 02003025 */  or      $a2, $s0, $zero            ## $a2 = 00000000
/* 0008C 808AFD5C 3C07808B */  lui     $a3, %hi(D_808B109C)       ## $a3 = 808B0000
/* 00090 808AFD60 24E7109C */  addiu   $a3, $a3, %lo(D_808B109C)  ## $a3 = 808B109C
/* 00094 808AFD64 8FA40034 */  lw      $a0, 0x0034($sp)           
/* 00098 808AFD68 26050334 */  addiu   $a1, $s0, 0x0334           ## $a1 = 00000334
/* 0009C 808AFD6C 0C0384DD */  jal     func_800E1374              
/* 000A0 808AFD70 02003025 */  or      $a2, $s0, $zero            ## $a2 = 00000000
/* 000A4 808AFD74 3C05808B */  lui     $a1, %hi(D_808B10C8)       ## $a1 = 808B0000
/* 000A8 808AFD78 3C06808B */  lui     $a2, %hi(D_808B10E8)       ## $a2 = 808B0000
/* 000AC 808AFD7C 24C610E8 */  addiu   $a2, $a2, %lo(D_808B10E8)  ## $a2 = 808B10E8
/* 000B0 808AFD80 24A510C8 */  addiu   $a1, $a1, %lo(D_808B10C8)  ## $a1 = 808B10C8
/* 000B4 808AFD84 0C039D4C */  jal     func_800E7530              
/* 000B8 808AFD88 260400A0 */  addiu   $a0, $s0, 0x00A0           ## $a0 = 000000A0
/* 000BC 808AFD8C 0C03FB61 */  jal     func_800FED84              
/* 000C0 808AFD90 860400BE */  lh      $a0, 0x00BE($s0)           ## 000000BE
/* 000C4 808AFD94 3C014110 */  lui     $at, 0x4110                ## $at = 41100000
/* 000C8 808AFD98 44813000 */  mtc1    $at, $f6                   ## $f6 = 9.00
/* 000CC 808AFD9C C6040008 */  lwc1    $f4, 0x0008($s0)           ## 00000008
/* 000D0 808AFDA0 860400BE */  lh      $a0, 0x00BE($s0)           ## 000000BE
/* 000D4 808AFDA4 46003202 */  mul.s   $f8, $f6, $f0              
/* 000D8 808AFDA8 46082281 */  sub.s   $f10, $f4, $f8             
/* 000DC 808AFDAC 0C03FB51 */  jal     func_800FED44              
/* 000E0 808AFDB0 E60A0008 */  swc1    $f10, 0x0008($s0)          ## 00000008
/* 000E4 808AFDB4 3C014110 */  lui     $at, 0x4110                ## $at = 41100000
/* 000E8 808AFDB8 44819000 */  mtc1    $at, $f18                  ## $f18 = 9.00
/* 000EC 808AFDBC C6100010 */  lwc1    $f16, 0x0010($s0)          ## 00000010
/* 000F0 808AFDC0 C6080008 */  lwc1    $f8, 0x0008($s0)           ## 00000008
/* 000F4 808AFDC4 46009182 */  mul.s   $f6, $f18, $f0             
/* 000F8 808AFDC8 02002025 */  or      $a0, $s0, $zero            ## $a0 = 00000000
/* 000FC 808AFDCC E6080024 */  swc1    $f8, 0x0024($s0)           ## 00000024
/* 00100 808AFDD0 46068101 */  sub.s   $f4, $f16, $f6             
/* 00104 808AFDD4 E6040010 */  swc1    $f4, 0x0010($s0)           ## 00000010
/* 00108 808AFDD8 C60A0010 */  lwc1    $f10, 0x0010($s0)          ## 00000010
/* 0010C 808AFDDC 0C22BFE7 */  jal     func_808AFF9C              
/* 00110 808AFDE0 E60A002C */  swc1    $f10, 0x002C($s0)          ## 0000002C
/* 00114 808AFDE4 8FBF002C */  lw      $ra, 0x002C($sp)           
/* 00118 808AFDE8 8FB00028 */  lw      $s0, 0x0028($sp)           
/* 0011C 808AFDEC 27BD0030 */  addiu   $sp, $sp, 0x0030           ## $sp = 00000000
/* 00120 808AFDF0 03E00008 */  jr      $ra                        
/* 00124 808AFDF4 00000000 */  nop


glabel func_808AFDF8
/* 00128 808AFDF8 27BDFFE8 */  addiu   $sp, $sp, 0xFFE8           ## $sp = FFFFFFE8
/* 0012C 808AFDFC AFBF0014 */  sw      $ra, 0x0014($sp)           
/* 00130 808AFE00 AFA40018 */  sw      $a0, 0x0018($sp)           
/* 00134 808AFE04 AFA5001C */  sw      $a1, 0x001C($sp)           
/* 00138 808AFE08 8FA50018 */  lw      $a1, 0x0018($sp)           
/* 0013C 808AFE0C 8FA4001C */  lw      $a0, 0x001C($sp)           
/* 00140 808AFE10 0C03847B */  jal     func_800E11EC              
/* 00144 808AFE14 24A502E8 */  addiu   $a1, $a1, 0x02E8           ## $a1 = 000002E8
/* 00148 808AFE18 8FA50018 */  lw      $a1, 0x0018($sp)           
/* 0014C 808AFE1C 8FA4001C */  lw      $a0, 0x001C($sp)           
/* 00150 808AFE20 0C03847B */  jal     func_800E11EC              
/* 00154 808AFE24 24A50334 */  addiu   $a1, $a1, 0x0334           ## $a1 = 00000334
/* 00158 808AFE28 8FBF0014 */  lw      $ra, 0x0014($sp)           
/* 0015C 808AFE2C 27BD0018 */  addiu   $sp, $sp, 0x0018           ## $sp = 00000000
/* 00160 808AFE30 03E00008 */  jr      $ra                        
/* 00164 808AFE34 00000000 */  nop


glabel func_808AFE38
/* 00168 808AFE38 27BDFF80 */  addiu   $sp, $sp, 0xFF80           ## $sp = FFFFFF80
/* 0016C 808AFE3C AFB70060 */  sw      $s7, 0x0060($sp)           
/* 00170 808AFE40 AFB00044 */  sw      $s0, 0x0044($sp)           
/* 00174 808AFE44 00808025 */  or      $s0, $a0, $zero            ## $s0 = 00000000
/* 00178 808AFE48 00A0B825 */  or      $s7, $a1, $zero            ## $s7 = 00000000
/* 0017C 808AFE4C AFBF0064 */  sw      $ra, 0x0064($sp)           
/* 00180 808AFE50 AFB6005C */  sw      $s6, 0x005C($sp)           
/* 00184 808AFE54 AFB50058 */  sw      $s5, 0x0058($sp)           
/* 00188 808AFE58 AFB40054 */  sw      $s4, 0x0054($sp)           
/* 0018C 808AFE5C AFB30050 */  sw      $s3, 0x0050($sp)           
/* 00190 808AFE60 AFB2004C */  sw      $s2, 0x004C($sp)           
/* 00194 808AFE64 AFB10048 */  sw      $s1, 0x0048($sp)           
/* 00198 808AFE68 F7B80038 */  sdc1    $f24, 0x0038($sp)          
/* 0019C 808AFE6C F7B60030 */  sdc1    $f22, 0x0030($sp)          
/* 001A0 808AFE70 F7B40028 */  sdc1    $f20, 0x0028($sp)          
/* 001A4 808AFE74 3C014220 */  lui     $at, 0x4220                ## $at = 42200000
/* 001A8 808AFE78 4481C000 */  mtc1    $at, $f24                  ## $f24 = 40.00
/* 001AC 808AFE7C 3C014120 */  lui     $at, 0x4120                ## $at = 41200000
/* 001B0 808AFE80 4481B000 */  mtc1    $at, $f22                  ## $f22 = 10.00
/* 001B4 808AFE84 3C014282 */  lui     $at, 0x4282                ## $at = 42820000
/* 001B8 808AFE88 3C16808B */  lui     $s6, %hi(D_808B111C)       ## $s6 = 808B0000
/* 001BC 808AFE8C 3C15808B */  lui     $s5, %hi(D_808B1118)       ## $s5 = 808B0000
/* 001C0 808AFE90 3C14808B */  lui     $s4, %hi(D_808B110C)       ## $s4 = 808B0000
/* 001C4 808AFE94 3C13808B */  lui     $s3, %hi(D_808B1100)       ## $s3 = 808B0000
/* 001C8 808AFE98 4481A000 */  mtc1    $at, $f20                  ## $f20 = 65.00
/* 001CC 808AFE9C 26731100 */  addiu   $s3, $s3, %lo(D_808B1100)  ## $s3 = 808B1100
/* 001D0 808AFEA0 2694110C */  addiu   $s4, $s4, %lo(D_808B110C)  ## $s4 = 808B110C
/* 001D4 808AFEA4 26B51118 */  addiu   $s5, $s5, %lo(D_808B1118)  ## $s5 = 808B1118
/* 001D8 808AFEA8 26D6111C */  addiu   $s6, $s6, %lo(D_808B111C)  ## $s6 = 808B111C
/* 001DC 808AFEAC 24110004 */  addiu   $s1, $zero, 0x0004         ## $s1 = 00000004
/* 001E0 808AFEB0 27B20070 */  addiu   $s2, $sp, 0x0070           ## $s2 = FFFFFFF0
.L808AFEB4:
/* 001E4 808AFEB4 0C05E570 */  jal     func_801795C0              
/* 001E8 808AFEB8 4600A306 */  mov.s   $f12, $f20                 
/* 001EC 808AFEBC C6040024 */  lwc1    $f4, 0x0024($s0)           ## 00000024
/* 001F0 808AFEC0 4600B306 */  mov.s   $f12, $f22                 
/* 001F4 808AFEC4 46040180 */  add.s   $f6, $f0, $f4              
/* 001F8 808AFEC8 0C05E570 */  jal     func_801795C0              
/* 001FC 808AFECC E7A60070 */  swc1    $f6, 0x0070($sp)           
/* 00200 808AFED0 C6080028 */  lwc1    $f8, 0x0028($s0)           ## 00000028
/* 00204 808AFED4 4600A306 */  mov.s   $f12, $f20                 
/* 00208 808AFED8 46184280 */  add.s   $f10, $f8, $f24            
/* 0020C 808AFEDC 460A0400 */  add.s   $f16, $f0, $f10            
/* 00210 808AFEE0 0C05E570 */  jal     func_801795C0              
/* 00214 808AFEE4 E7B00074 */  swc1    $f16, 0x0074($sp)          
/* 00218 808AFEE8 C612002C */  lwc1    $f18, 0x002C($s0)          ## 0000002C
/* 0021C 808AFEEC AFB60014 */  sw      $s6, 0x0014($sp)           
/* 00220 808AFEF0 AFB50010 */  sw      $s5, 0x0010($sp)           
/* 00224 808AFEF4 46120100 */  add.s   $f4, $f0, $f18             
/* 00228 808AFEF8 02E02025 */  or      $a0, $s7, $zero            ## $a0 = 00000000
/* 0022C 808AFEFC 02402825 */  or      $a1, $s2, $zero            ## $a1 = FFFFFFF0
/* 00230 808AFF00 02603025 */  or      $a2, $s3, $zero            ## $a2 = 808B1100
/* 00234 808AFF04 E7A40078 */  swc1    $f4, 0x0078($sp)           
/* 00238 808AFF08 0C02C5AE */  jal     func_800B16B8              
/* 0023C 808AFF0C 02803825 */  or      $a3, $s4, $zero            ## $a3 = 808B110C
/* 00240 808AFF10 2631FFFF */  addiu   $s1, $s1, 0xFFFF           ## $s1 = 00000003
/* 00244 808AFF14 1620FFE7 */  bne     $s1, $zero, .L808AFEB4     
/* 00248 808AFF18 00000000 */  nop
/* 0024C 808AFF1C 02002025 */  or      $a0, $s0, $zero            ## $a0 = 00000000
/* 00250 808AFF20 0C02E3B2 */  jal     func_800B8EC8              
/* 00254 808AFF24 24053844 */  addiu   $a1, $zero, 0x3844         ## $a1 = 00003844
/* 00258 808AFF28 3C014100 */  lui     $at, 0x4100                ## $at = 41000000
/* 0025C 808AFF2C 44813000 */  mtc1    $at, $f6                   ## $f6 = 8.00
/* 00260 808AFF30 240E0003 */  addiu   $t6, $zero, 0x0003         ## $t6 = 00000003
/* 00264 808AFF34 240F012C */  addiu   $t7, $zero, 0x012C         ## $t7 = 0000012C
/* 00268 808AFF38 2418000F */  addiu   $t8, $zero, 0x000F         ## $t8 = 0000000F
/* 0026C 808AFF3C AFB8001C */  sw      $t8, 0x001C($sp)           
/* 00270 808AFF40 AFAF0018 */  sw      $t7, 0x0018($sp)           
/* 00274 808AFF44 AFAE0010 */  sw      $t6, 0x0010($sp)           
/* 00278 808AFF48 02E02025 */  or      $a0, $s7, $zero            ## $a0 = 00000000
/* 0027C 808AFF4C 02002825 */  or      $a1, $s0, $zero            ## $a1 = 00000000
/* 00280 808AFF50 26060024 */  addiu   $a2, $s0, 0x0024           ## $a2 = 00000024
/* 00284 808AFF54 3C074080 */  lui     $a3, 0x4080                ## $a3 = 40800000
/* 00288 808AFF58 AFA00020 */  sw      $zero, 0x0020($sp)         
/* 0028C 808AFF5C 0C02EF6B */  jal     func_800BBDAC              
/* 00290 808AFF60 E7A60014 */  swc1    $f6, 0x0014($sp)           
/* 00294 808AFF64 8FBF0064 */  lw      $ra, 0x0064($sp)           
/* 00298 808AFF68 D7B40028 */  ldc1    $f20, 0x0028($sp)          
/* 0029C 808AFF6C D7B60030 */  ldc1    $f22, 0x0030($sp)          
/* 002A0 808AFF70 D7B80038 */  ldc1    $f24, 0x0038($sp)          
/* 002A4 808AFF74 8FB00044 */  lw      $s0, 0x0044($sp)           
/* 002A8 808AFF78 8FB10048 */  lw      $s1, 0x0048($sp)           
/* 002AC 808AFF7C 8FB2004C */  lw      $s2, 0x004C($sp)           
/* 002B0 808AFF80 8FB30050 */  lw      $s3, 0x0050($sp)           
/* 002B4 808AFF84 8FB40054 */  lw      $s4, 0x0054($sp)           
/* 002B8 808AFF88 8FB50058 */  lw      $s5, 0x0058($sp)           
/* 002BC 808AFF8C 8FB6005C */  lw      $s6, 0x005C($sp)           
/* 002C0 808AFF90 8FB70060 */  lw      $s7, 0x0060($sp)           
/* 002C4 808AFF94 03E00008 */  jr      $ra                        
/* 002C8 808AFF98 27BD0080 */  addiu   $sp, $sp, 0x0080           ## $sp = 00000000


glabel func_808AFF9C
/* 002CC 808AFF9C 27BDFFD0 */  addiu   $sp, $sp, 0xFFD0           ## $sp = FFFFFFD0
/* 002D0 808AFFA0 AFB00028 */  sw      $s0, 0x0028($sp)           
/* 002D4 808AFFA4 00808025 */  or      $s0, $a0, $zero            ## $s0 = 00000000
/* 002D8 808AFFA8 AFBF002C */  sw      $ra, 0x002C($sp)           
/* 002DC 808AFFAC 3C040600 */  lui     $a0, 0x0600                ## $a0 = 06000000
/* 002E0 808AFFB0 0C04D1D2 */  jal     func_80134748              
/* 002E4 808AFFB4 2484033C */  addiu   $a0, $a0, 0x033C           ## $a0 = 0600033C
/* 002E8 808AFFB8 44822000 */  mtc1    $v0, $f4                   ## $f4 = 0.00
/* 002EC 808AFFBC 44801000 */  mtc1    $zero, $f2                 ## $f2 = 0.00
/* 002F0 808AFFC0 3C050600 */  lui     $a1, 0x0600                ## $a1 = 06000000
/* 002F4 808AFFC4 46802020 */  cvt.s.w $f0, $f4                   
/* 002F8 808AFFC8 44061000 */  mfc1    $a2, $f2                   
/* 002FC 808AFFCC 24A5033C */  addiu   $a1, $a1, 0x033C           ## $a1 = 0600033C
/* 00300 808AFFD0 26040144 */  addiu   $a0, $s0, 0x0144           ## $a0 = 00000144
/* 00304 808AFFD4 AFA00014 */  sw      $zero, 0x0014($sp)         
/* 00308 808AFFD8 E7A20018 */  swc1    $f2, 0x0018($sp)           
/* 0030C 808AFFDC 44070000 */  mfc1    $a3, $f0                   
/* 00310 808AFFE0 0C04DCFA */  jal     func_801373E8              
/* 00314 808AFFE4 E7A00010 */  swc1    $f0, 0x0010($sp)           
/* 00318 808AFFE8 921800B7 */  lbu     $t8, 0x00B7($s0)           ## 000000B7
/* 0031C 808AFFEC 3C0E8000 */  lui     $t6, 0x8000                ## $t6 = 80000000
/* 00320 808AFFF0 3C0F77CF */  lui     $t7, 0x77CF                ## $t7 = 77CF0000
/* 00324 808AFFF4 35CE0088 */  ori     $t6, $t6, 0x0088           ## $t6 = 80000088
/* 00328 808AFFF8 35EFFF77 */  ori     $t7, $t7, 0xFF77           ## $t7 = 77CFFF77
/* 0032C 808AFFFC AE0E0308 */  sw      $t6, 0x0308($s0)           ## 00000308
/* 00330 808B0000 13000004 */  beq     $t8, $zero, .L808B0014     
/* 00334 808B0004 AE0F0354 */  sw      $t7, 0x0354($s0)           ## 00000354
/* 00338 808B0008 921902F8 */  lbu     $t9, 0x02F8($s0)           ## 000002F8
/* 0033C 808B000C 3328FFFE */  andi    $t0, $t9, 0xFFFE           ## $t0 = 00000000
/* 00340 808B0010 A20802F8 */  sb      $t0, 0x02F8($s0)           ## 000002F8
.L808B0014:
/* 00344 808B0014 26040024 */  addiu   $a0, $s0, 0x0024           ## $a0 = 00000024
/* 00348 808B0018 0C03FD43 */  jal     func_800FF50C              
/* 0034C 808B001C 26050008 */  addiu   $a1, $s0, 0x0008           ## $a1 = 00000008
/* 00350 808B0020 3C09808B */  lui     $t1, %hi(func_808B0040)    ## $t1 = 808B0000
/* 00354 808B0024 25290040 */  addiu   $t1, $t1, %lo(func_808B0040) ## $t1 = 808B0040
/* 00358 808B0028 AE090230 */  sw      $t1, 0x0230($s0)           ## 00000230
/* 0035C 808B002C 8FBF002C */  lw      $ra, 0x002C($sp)           
/* 00360 808B0030 8FB00028 */  lw      $s0, 0x0028($sp)           
/* 00364 808B0034 27BD0030 */  addiu   $sp, $sp, 0x0030           ## $sp = 00000000
/* 00368 808B0038 03E00008 */  jr      $ra                        
/* 0036C 808B003C 00000000 */  nop


glabel func_808B0040
/* 00370 808B0040 27BDFFE8 */  addiu   $sp, $sp, 0xFFE8           ## $sp = FFFFFFE8
/* 00374 808B0044 AFBF0014 */  sw      $ra, 0x0014($sp)           
/* 00378 808B0048 AFA5001C */  sw      $a1, 0x001C($sp)           
/* 0037C 808B004C 908E02FA */  lbu     $t6, 0x02FA($a0)           ## 000002FA
/* 00380 808B0050 31CF0002 */  andi    $t7, $t6, 0x0002           ## $t7 = 00000000
/* 00384 808B0054 51E00006 */  beql    $t7, $zero, .L808B0070     
/* 00388 808B0058 90880345 */  lbu     $t0, 0x0345($a0)           ## 00000345
/* 0038C 808B005C 909802FB */  lbu     $t8, 0x02FB($a0)           ## 000002FB
/* 00390 808B0060 33190001 */  andi    $t9, $t8, 0x0001           ## $t9 = 00000000
/* 00394 808B0064 57200006 */  bnel    $t9, $zero, .L808B0080     
/* 00398 808B0068 908A0234 */  lbu     $t2, 0x0234($a0)           ## 00000234
/* 0039C 808B006C 90880345 */  lbu     $t0, 0x0345($a0)           ## 00000345
.L808B0070:
/* 003A0 808B0070 31090002 */  andi    $t1, $t0, 0x0002           ## $t1 = 00000000
/* 003A4 808B0074 51200009 */  beql    $t1, $zero, .L808B009C     
/* 003A8 808B0078 90820234 */  lbu     $v0, 0x0234($a0)           ## 00000234
/* 003AC 808B007C 908A0234 */  lbu     $t2, 0x0234($a0)           ## 00000234
.L808B0080:
/* 003B0 808B0080 55400012 */  bnel    $t2, $zero, .L808B00CC     
/* 003B4 808B0084 8FBF0014 */  lw      $ra, 0x0014($sp)           
/* 003B8 808B0088 0C22C036 */  jal     func_808B00D8              
/* 003BC 808B008C 00000000 */  nop
/* 003C0 808B0090 1000000E */  beq     $zero, $zero, .L808B00CC   
/* 003C4 808B0094 8FBF0014 */  lw      $ra, 0x0014($sp)           
/* 003C8 808B0098 90820234 */  lbu     $v0, 0x0234($a0)           ## 00000234
.L808B009C:
/* 003CC 808B009C 2841000B */  slti    $at, $v0, 0x000B           
/* 003D0 808B00A0 14200003 */  bne     $at, $zero, .L808B00B0     
/* 003D4 808B00A4 244BFFF6 */  addiu   $t3, $v0, 0xFFF6           ## $t3 = FFFFFFF6
/* 003D8 808B00A8 10000007 */  beq     $zero, $zero, .L808B00C8   
/* 003DC 808B00AC A08B0234 */  sb      $t3, 0x0234($a0)           ## 00000234
.L808B00B0:
/* 003E0 808B00B0 8C8C0004 */  lw      $t4, 0x0004($a0)           ## 00000004
/* 003E4 808B00B4 2401FFFE */  addiu   $at, $zero, 0xFFFE         ## $at = FFFFFFFE
/* 003E8 808B00B8 A0800234 */  sb      $zero, 0x0234($a0)         ## 00000234
/* 003EC 808B00BC 01816824 */  and     $t5, $t4, $at              
/* 003F0 808B00C0 AC8D0004 */  sw      $t5, 0x0004($a0)           ## 00000004
/* 003F4 808B00C4 A480023A */  sh      $zero, 0x023A($a0)         ## 0000023A
.L808B00C8:
/* 003F8 808B00C8 8FBF0014 */  lw      $ra, 0x0014($sp)           
.L808B00CC:
/* 003FC 808B00CC 27BD0018 */  addiu   $sp, $sp, 0x0018           ## $sp = 00000000
/* 00400 808B00D0 03E00008 */  jr      $ra                        
/* 00404 808B00D4 00000000 */  nop


glabel func_808B00D8
/* 00408 808B00D8 27BDFFE8 */  addiu   $sp, $sp, 0xFFE8           ## $sp = FFFFFFE8
/* 0040C 808B00DC AFBF0014 */  sw      $ra, 0x0014($sp)           
/* 00410 808B00E0 AFA40018 */  sw      $a0, 0x0018($sp)           
/* 00414 808B00E4 8FA40018 */  lw      $a0, 0x0018($sp)           
/* 00418 808B00E8 0C02E3B2 */  jal     func_800B8EC8              
/* 0041C 808B00EC 24053845 */  addiu   $a1, $zero, 0x3845         ## $a1 = 00003845
/* 00420 808B00F0 8FA40018 */  lw      $a0, 0x0018($sp)           
/* 00424 808B00F4 0C02E3B2 */  jal     func_800B8EC8              
/* 00428 808B00F8 24053848 */  addiu   $a1, $zero, 0x3848         ## $a1 = 00003848
/* 0042C 808B00FC 8FA20018 */  lw      $v0, 0x0018($sp)           
/* 00430 808B0100 3C0F808B */  lui     $t7, %hi(func_808B0124)    ## $t7 = 808B0000
/* 00434 808B0104 240E012C */  addiu   $t6, $zero, 0x012C         ## $t6 = 0000012C
/* 00438 808B0108 25EF0124 */  addiu   $t7, $t7, %lo(func_808B0124) ## $t7 = 808B0124
/* 0043C 808B010C A44E0238 */  sh      $t6, 0x0238($v0)           ## 00000238
/* 00440 808B0110 AC4F0230 */  sw      $t7, 0x0230($v0)           ## 00000230
/* 00444 808B0114 8FBF0014 */  lw      $ra, 0x0014($sp)           
/* 00448 808B0118 27BD0018 */  addiu   $sp, $sp, 0x0018           ## $sp = 00000000
/* 0044C 808B011C 03E00008 */  jr      $ra                        
/* 00450 808B0120 00000000 */  nop


glabel func_808B0124
/* 00454 808B0124 27BDFFD0 */  addiu   $sp, $sp, 0xFFD0           ## $sp = FFFFFFD0
/* 00458 808B0128 AFB00018 */  sw      $s0, 0x0018($sp)           
/* 0045C 808B012C 00808025 */  or      $s0, $a0, $zero            ## $s0 = 00000000
/* 00460 808B0130 AFBF001C */  sw      $ra, 0x001C($sp)           
/* 00464 808B0134 AFA50034 */  sw      $a1, 0x0034($sp)           
/* 00468 808B0138 92020234 */  lbu     $v0, 0x0234($s0)           ## 00000234
/* 0046C 808B013C 3C1981C2 */  lui     $t9, 0x81C2                ## $t9 = 81C20000
/* 00470 808B0140 240E00FF */  addiu   $t6, $zero, 0x00FF         ## $t6 = 000000FF
/* 00474 808B0144 24420014 */  addiu   $v0, $v0, 0x0014           ## $v0 = 00000014
/* 00478 808B0148 284100FF */  slti    $at, $v0, 0x00FF           
/* 0047C 808B014C 14200012 */  bne     $at, $zero, .L808B0198     
/* 00480 808B0150 3739C788 */  ori     $t9, $t9, 0xC788           ## $t9 = 81C2C788
/* 00484 808B0154 8E0F0004 */  lw      $t7, 0x0004($s0)           ## 00000004
/* 00488 808B0158 920902F8 */  lbu     $t1, 0x02F8($s0)           ## 000002F8
/* 0048C 808B015C 44802000 */  mtc1    $zero, $f4                 ## $f4 = 0.00
/* 00490 808B0160 3C08760D */  lui     $t0, 0x760D                ## $t0 = 760D0000
/* 00494 808B0164 35083877 */  ori     $t0, $t0, 0x3877           ## $t0 = 760D3877
/* 00498 808B0168 35F80001 */  ori     $t8, $t7, 0x0001           ## $t8 = 00000001
/* 0049C 808B016C 352A0001 */  ori     $t2, $t1, 0x0001           ## $t2 = 00000001
/* 004A0 808B0170 A20E0234 */  sb      $t6, 0x0234($s0)           ## 00000234
/* 004A4 808B0174 AE180004 */  sw      $t8, 0x0004($s0)           ## 00000004
/* 004A8 808B0178 AE190308 */  sw      $t9, 0x0308($s0)           ## 00000308
/* 004AC 808B017C AE080354 */  sw      $t0, 0x0354($s0)           ## 00000354
/* 004B0 808B0180 A20A02F8 */  sb      $t2, 0x02F8($s0)           ## 000002F8
/* 004B4 808B0184 02002025 */  or      $a0, $s0, $zero            ## $a0 = 00000000
/* 004B8 808B0188 0C22C0D6 */  jal     func_808B0358              
/* 004BC 808B018C E60400C4 */  swc1    $f4, 0x00C4($s0)           ## 000000C4
/* 004C0 808B0190 10000019 */  beq     $zero, $zero, .L808B01F8   
/* 004C4 808B0194 8FBF001C */  lw      $ra, 0x001C($sp)           
.L808B0198:
/* 004C8 808B0198 3C014120 */  lui     $at, 0x4120                ## $at = 41200000
/* 004CC 808B019C 44816000 */  mtc1    $at, $f12                  ## $f12 = 10.00
/* 004D0 808B01A0 0C05E570 */  jal     func_801795C0              
/* 004D4 808B01A4 AFA2002C */  sw      $v0, 0x002C($sp)           
/* 004D8 808B01A8 E7A00020 */  swc1    $f0, 0x0020($sp)           
/* 004DC 808B01AC 0C03FB51 */  jal     func_800FED44              
/* 004E0 808B01B0 860400BE */  lh      $a0, 0x00BE($s0)           ## 000000BE
/* 004E4 808B01B4 C7A60020 */  lwc1    $f6, 0x0020($sp)           
/* 004E8 808B01B8 46060202 */  mul.s   $f8, $f0, $f6              
/* 004EC 808B01BC E7A80028 */  swc1    $f8, 0x0028($sp)           
/* 004F0 808B01C0 0C03FB61 */  jal     func_800FED84              
/* 004F4 808B01C4 860400BE */  lh      $a0, 0x00BE($s0)           ## 000000BE
/* 004F8 808B01C8 C60A0008 */  lwc1    $f10, 0x0008($s0)          ## 00000008
/* 004FC 808B01CC C7B00028 */  lwc1    $f16, 0x0028($sp)          
/* 00500 808B01D0 C6040010 */  lwc1    $f4, 0x0010($s0)           ## 00000010
/* 00504 808B01D4 46105480 */  add.s   $f18, $f10, $f16           
/* 00508 808B01D8 E6120024 */  swc1    $f18, 0x0024($s0)          ## 00000024
/* 0050C 808B01DC C7A60020 */  lwc1    $f6, 0x0020($sp)           
/* 00510 808B01E0 46060202 */  mul.s   $f8, $f0, $f6              
/* 00514 808B01E4 46082280 */  add.s   $f10, $f4, $f8             
/* 00518 808B01E8 E60A002C */  swc1    $f10, 0x002C($s0)          ## 0000002C
/* 0051C 808B01EC 8FAB002C */  lw      $t3, 0x002C($sp)           
/* 00520 808B01F0 A20B0234 */  sb      $t3, 0x0234($s0)           ## 00000234
/* 00524 808B01F4 8FBF001C */  lw      $ra, 0x001C($sp)           
.L808B01F8:
/* 00528 808B01F8 8FB00018 */  lw      $s0, 0x0018($sp)           
/* 0052C 808B01FC 27BD0030 */  addiu   $sp, $sp, 0x0030           ## $sp = 00000000
/* 00530 808B0200 03E00008 */  jr      $ra                        
/* 00534 808B0204 00000000 */  nop


glabel func_808B0208
/* 00538 808B0208 27BDFFD8 */  addiu   $sp, $sp, 0xFFD8           ## $sp = FFFFFFD8
/* 0053C 808B020C AFB00018 */  sw      $s0, 0x0018($sp)           
/* 00540 808B0210 00808025 */  or      $s0, $a0, $zero            ## $s0 = 00000000
/* 00544 808B0214 AFBF001C */  sw      $ra, 0x001C($sp)           
/* 00548 808B0218 AFA5002C */  sw      $a1, 0x002C($sp)           
/* 0054C 808B021C 44802000 */  mtc1    $zero, $f4                 ## $f4 = 0.00
/* 00550 808B0220 C6060070 */  lwc1    $f6, 0x0070($s0)           ## 00000070
/* 00554 808B0224 4606203C */  c.lt.s  $f4, $f6                   
/* 00558 808B0228 00000000 */  nop
/* 0055C 808B022C 45020019 */  bc1fl   .L808B0294                 
/* 00560 808B0230 26040144 */  addiu   $a0, $s0, 0x0144           ## $a0 = 00000144
/* 00564 808B0234 960E0090 */  lhu     $t6, 0x0090($s0)           ## 00000090
/* 00568 808B0238 31CF0008 */  andi    $t7, $t6, 0x0008           ## $t7 = 00000000
/* 0056C 808B023C 51E00015 */  beql    $t7, $zero, .L808B0294     
/* 00570 808B0240 26040144 */  addiu   $a0, $s0, 0x0144           ## $a0 = 00000144
/* 00574 808B0244 86180086 */  lh      $t8, 0x0086($s0)           ## 00000086
/* 00578 808B0248 86080032 */  lh      $t0, 0x0032($s0)           ## 00000032
/* 0057C 808B024C 0018C840 */  sll     $t9, $t8,  1               
/* 00580 808B0250 03284823 */  subu    $t1, $t9, $t0              
/* 00584 808B0254 A6090032 */  sh      $t1, 0x0032($s0)           ## 00000032
/* 00588 808B0258 0C03FB61 */  jal     func_800FED84              
/* 0058C 808B025C 86040032 */  lh      $a0, 0x0032($s0)           ## 00000032
/* 00590 808B0260 C60A0070 */  lwc1    $f10, 0x0070($s0)          ## 00000070
/* 00594 808B0264 C6080024 */  lwc1    $f8, 0x0024($s0)           ## 00000024
/* 00598 808B0268 86040032 */  lh      $a0, 0x0032($s0)           ## 00000032
/* 0059C 808B026C 46005402 */  mul.s   $f16, $f10, $f0            
/* 005A0 808B0270 46104480 */  add.s   $f18, $f8, $f16            
/* 005A4 808B0274 0C03FB51 */  jal     func_800FED44              
/* 005A8 808B0278 E6120024 */  swc1    $f18, 0x0024($s0)          ## 00000024
/* 005AC 808B027C C6060070 */  lwc1    $f6, 0x0070($s0)           ## 00000070
/* 005B0 808B0280 C604002C */  lwc1    $f4, 0x002C($s0)           ## 0000002C
/* 005B4 808B0284 46003282 */  mul.s   $f10, $f6, $f0             
/* 005B8 808B0288 460A2200 */  add.s   $f8, $f4, $f10             
/* 005BC 808B028C E608002C */  swc1    $f8, 0x002C($s0)           ## 0000002C
/* 005C0 808B0290 26040144 */  addiu   $a0, $s0, 0x0144           ## $a0 = 00000144
.L808B0294:
/* 005C4 808B0294 0C04DB34 */  jal     func_80136CD0              
/* 005C8 808B0298 AFA40020 */  sw      $a0, 0x0020($sp)           
/* 005CC 808B029C 8FA40020 */  lw      $a0, 0x0020($sp)           
/* 005D0 808B02A0 0C04DE2E */  jal     func_801378B8              
/* 005D4 808B02A4 3C054100 */  lui     $a1, 0x4100                ## $a1 = 41000000
/* 005D8 808B02A8 10400007 */  beq     $v0, $zero, .L808B02C8     
/* 005DC 808B02AC 3C014130 */  lui     $at, 0x4130                ## $at = 41300000
/* 005E0 808B02B0 C6120240 */  lwc1    $f18, 0x0240($s0)          ## 00000240
/* 005E4 808B02B4 3C014140 */  lui     $at, 0x4140                ## $at = 41400000
/* 005E8 808B02B8 44818000 */  mtc1    $at, $f16                  ## $f16 = 12.00
/* 005EC 808B02BC E6120070 */  swc1    $f18, 0x0070($s0)          ## 00000070
/* 005F0 808B02C0 10000019 */  beq     $zero, $zero, .L808B0328   
/* 005F4 808B02C4 E6100068 */  swc1    $f16, 0x0068($s0)          ## 00000068
.L808B02C8:
/* 005F8 808B02C8 44810000 */  mtc1    $at, $f0                   ## $f0 = 12.00
/* 005FC 808B02CC C606015C */  lwc1    $f6, 0x015C($s0)           ## 0000015C
/* 00600 808B02D0 4606003C */  c.lt.s  $f0, $f6                   
/* 00604 808B02D4 00000000 */  nop
/* 00608 808B02D8 45020014 */  bc1fl   .L808B032C                 
/* 0060C 808B02DC 8E0F0230 */  lw      $t7, 0x0230($s0)           ## 00000230
/* 00610 808B02E0 960A0090 */  lhu     $t2, 0x0090($s0)           ## 00000090
/* 00614 808B02E4 26040032 */  addiu   $a0, $s0, 0x0032           ## $a0 = 00000032
/* 00618 808B02E8 24061F40 */  addiu   $a2, $zero, 0x1F40         ## $a2 = 00001F40
/* 0061C 808B02EC 314B0001 */  andi    $t3, $t2, 0x0001           ## $t3 = 00000000
/* 00620 808B02F0 15600003 */  bne     $t3, $zero, .L808B0300     
/* 00624 808B02F4 00000000 */  nop
/* 00628 808B02F8 1000000B */  beq     $zero, $zero, .L808B0328   
/* 0062C 808B02FC E600015C */  swc1    $f0, 0x015C($s0)           ## 0000015C
.L808B0300:
/* 00630 808B0300 0C03FB9C */  jal     func_800FEE70              
/* 00634 808B0304 8605023C */  lh      $a1, 0x023C($s0)           ## 0000023C
/* 00638 808B0308 960C0090 */  lhu     $t4, 0x0090($s0)           ## 00000090
/* 0063C 808B030C 44802000 */  mtc1    $zero, $f4                 ## $f4 = 0.00
/* 00640 808B0310 02002025 */  or      $a0, $s0, $zero            ## $a0 = 00000000
/* 00644 808B0314 318D0002 */  andi    $t5, $t4, 0x0002           ## $t5 = 00000000
/* 00648 808B0318 11A00003 */  beq     $t5, $zero, .L808B0328     
/* 0064C 808B031C E6040070 */  swc1    $f4, 0x0070($s0)           ## 00000070
/* 00650 808B0320 0C22BF8E */  jal     func_808AFE38              
/* 00654 808B0324 8FA5002C */  lw      $a1, 0x002C($sp)           
.L808B0328:
/* 00658 808B0328 8E0F0230 */  lw      $t7, 0x0230($s0)           ## 00000230
.L808B032C:
/* 0065C 808B032C 3C0E808B */  lui     $t6, %hi(func_808B0894)    ## $t6 = 808B0000
/* 00660 808B0330 25CE0894 */  addiu   $t6, $t6, %lo(func_808B0894) ## $t6 = 808B0894
/* 00664 808B0334 51CF0004 */  beql    $t6, $t7, .L808B0348       
/* 00668 808B0338 8FBF001C */  lw      $ra, 0x001C($sp)           
/* 0066C 808B033C 86180032 */  lh      $t8, 0x0032($s0)           ## 00000032
/* 00670 808B0340 A61800BE */  sh      $t8, 0x00BE($s0)           ## 000000BE
/* 00674 808B0344 8FBF001C */  lw      $ra, 0x001C($sp)           
.L808B0348:
/* 00678 808B0348 8FB00018 */  lw      $s0, 0x0018($sp)           
/* 0067C 808B034C 27BD0028 */  addiu   $sp, $sp, 0x0028           ## $sp = 00000000
/* 00680 808B0350 03E00008 */  jr      $ra                        
/* 00684 808B0354 00000000 */  nop


glabel func_808B0358
/* 00688 808B0358 27BDFFE8 */  addiu   $sp, $sp, 0xFFE8           ## $sp = FFFFFFE8
/* 0068C 808B035C AFBF0014 */  sw      $ra, 0x0014($sp)           
/* 00690 808B0360 00803825 */  or      $a3, $a0, $zero            ## $a3 = 00000000
/* 00694 808B0364 3C050600 */  lui     $a1, 0x0600                ## $a1 = 06000000
/* 00698 808B0368 24A50238 */  addiu   $a1, $a1, 0x0238           ## $a1 = 06000238
/* 0069C 808B036C 24E40144 */  addiu   $a0, $a3, 0x0144           ## $a0 = 00000144
/* 006A0 808B0370 3C064080 */  lui     $a2, 0x4080                ## $a2 = 40800000
/* 006A4 808B0374 0C04DD73 */  jal     func_801375CC              
/* 006A8 808B0378 AFA70018 */  sw      $a3, 0x0018($sp)           
/* 006AC 808B037C 8FA70018 */  lw      $a3, 0x0018($sp)           
/* 006B0 808B0380 3C0140C0 */  lui     $at, 0x40C0                ## $at = 40C00000
/* 006B4 808B0384 44802000 */  mtc1    $zero, $f4                 ## $f4 = 0.00
/* 006B8 808B0388 44813000 */  mtc1    $at, $f6                   ## $f6 = 6.00
/* 006BC 808B038C 84EF00BE */  lh      $t7, 0x00BE($a3)           ## 000000BE
/* 006C0 808B0390 3C18808B */  lui     $t8, %hi(func_808B03C0)    ## $t8 = 808B0000
/* 006C4 808B0394 240E0003 */  addiu   $t6, $zero, 0x0003         ## $t6 = 00000003
/* 006C8 808B0398 271803C0 */  addiu   $t8, $t8, %lo(func_808B03C0) ## $t8 = 808B03C0
/* 006CC 808B039C A4EE0236 */  sh      $t6, 0x0236($a3)           ## 00000236
/* 006D0 808B03A0 ACF80230 */  sw      $t8, 0x0230($a3)           ## 00000230
/* 006D4 808B03A4 E4E40070 */  swc1    $f4, 0x0070($a3)           ## 00000070
/* 006D8 808B03A8 A4EF0032 */  sh      $t7, 0x0032($a3)           ## 00000032
/* 006DC 808B03AC E4E60240 */  swc1    $f6, 0x0240($a3)           ## 00000240
/* 006E0 808B03B0 8FBF0014 */  lw      $ra, 0x0014($sp)           
/* 006E4 808B03B4 27BD0018 */  addiu   $sp, $sp, 0x0018           ## $sp = 00000000
/* 006E8 808B03B8 03E00008 */  jr      $ra                        
/* 006EC 808B03BC 00000000 */  nop


glabel func_808B03C0
/* 006F0 808B03C0 27BDFFE8 */  addiu   $sp, $sp, 0xFFE8           ## $sp = FFFFFFE8
/* 006F4 808B03C4 AFBF0014 */  sw      $ra, 0x0014($sp)           
/* 006F8 808B03C8 848E0092 */  lh      $t6, 0x0092($a0)           ## 00000092
/* 006FC 808B03CC A48E023C */  sh      $t6, 0x023C($a0)           ## 0000023C
/* 00700 808B03D0 0C22C082 */  jal     func_808B0208              
/* 00704 808B03D4 AFA40018 */  sw      $a0, 0x0018($sp)           
/* 00708 808B03D8 8FA40018 */  lw      $a0, 0x0018($sp)           
/* 0070C 808B03DC 948F0090 */  lhu     $t7, 0x0090($a0)           ## 00000090
/* 00710 808B03E0 31F80002 */  andi    $t8, $t7, 0x0002           ## $t8 = 00000000
/* 00714 808B03E4 53000005 */  beql    $t8, $zero, .L808B03FC     
/* 00718 808B03E8 84890236 */  lh      $t1, 0x0236($a0)           ## 00000236
/* 0071C 808B03EC 84990236 */  lh      $t9, 0x0236($a0)           ## 00000236
/* 00720 808B03F0 2728FFFF */  addiu   $t0, $t9, 0xFFFF           ## $t0 = FFFFFFFF
/* 00724 808B03F4 A4880236 */  sh      $t0, 0x0236($a0)           ## 00000236
/* 00728 808B03F8 84890236 */  lh      $t1, 0x0236($a0)           ## 00000236
.L808B03FC:
/* 0072C 808B03FC 55200006 */  bnel    $t1, $zero, .L808B0418     
/* 00730 808B0400 848A0238 */  lh      $t2, 0x0238($a0)           ## 00000238
/* 00734 808B0404 0C22C190 */  jal     func_808B0640              
/* 00738 808B0408 00000000 */  nop
/* 0073C 808B040C 10000011 */  beq     $zero, $zero, .L808B0454   
/* 00740 808B0410 8FBF0014 */  lw      $ra, 0x0014($sp)           
/* 00744 808B0414 848A0238 */  lh      $t2, 0x0238($a0)           ## 00000238
.L808B0418:
/* 00748 808B0418 24850008 */  addiu   $a1, $a0, 0x0008           ## $a1 = 00000008
/* 0074C 808B041C 1140000A */  beq     $t2, $zero, .L808B0448     
/* 00750 808B0420 00000000 */  nop
/* 00754 808B0424 0C02DB92 */  jal     func_800B6E48              
/* 00758 808B0428 AFA40018 */  sw      $a0, 0x0018($sp)           
/* 0075C 808B042C 3C014370 */  lui     $at, 0x4370                ## $at = 43700000
/* 00760 808B0430 44812000 */  mtc1    $at, $f4                   ## $f4 = 240.00
/* 00764 808B0434 8FA40018 */  lw      $a0, 0x0018($sp)           
/* 00768 808B0438 4600203C */  c.lt.s  $f4, $f0                   
/* 0076C 808B043C 00000000 */  nop
/* 00770 808B0440 45020004 */  bc1fl   .L808B0454                 
/* 00774 808B0444 8FBF0014 */  lw      $ra, 0x0014($sp)           
.L808B0448:
/* 00778 808B0448 0C22C118 */  jal     func_808B0460              
/* 0077C 808B044C 00000000 */  nop
/* 00780 808B0450 8FBF0014 */  lw      $ra, 0x0014($sp)           
.L808B0454:
/* 00784 808B0454 27BD0018 */  addiu   $sp, $sp, 0x0018           ## $sp = 00000000
/* 00788 808B0458 03E00008 */  jr      $ra                        
/* 0078C 808B045C 00000000 */  nop


glabel func_808B0460
/* 00790 808B0460 27BDFFE8 */  addiu   $sp, $sp, 0xFFE8           ## $sp = FFFFFFE8
/* 00794 808B0464 AFBF0014 */  sw      $ra, 0x0014($sp)           
/* 00798 808B0468 848E00BE */  lh      $t6, 0x00BE($a0)           ## 000000BE
/* 0079C 808B046C 44802000 */  mtc1    $zero, $f4                 ## $f4 = 0.00
/* 007A0 808B0470 24850008 */  addiu   $a1, $a0, 0x0008           ## $a1 = 00000008
/* 007A4 808B0474 A48E0032 */  sh      $t6, 0x0032($a0)           ## 00000032
/* 007A8 808B0478 E4840240 */  swc1    $f4, 0x0240($a0)           ## 00000240
/* 007AC 808B047C 0C02DB4B */  jal     func_800B6D2C              
/* 007B0 808B0480 AFA40018 */  sw      $a0, 0x0018($sp)           
/* 007B4 808B0484 8FA40018 */  lw      $a0, 0x0018($sp)           
/* 007B8 808B0488 3C0F808B */  lui     $t7, %hi(func_808B04A8)    ## $t7 = 808B0000
/* 007BC 808B048C 25EF04A8 */  addiu   $t7, $t7, %lo(func_808B04A8) ## $t7 = 808B04A8
/* 007C0 808B0490 A482023C */  sh      $v0, 0x023C($a0)           ## 0000023C
/* 007C4 808B0494 AC8F0230 */  sw      $t7, 0x0230($a0)           ## 00000230
/* 007C8 808B0498 8FBF0014 */  lw      $ra, 0x0014($sp)           
/* 007CC 808B049C 27BD0018 */  addiu   $sp, $sp, 0x0018           ## $sp = 00000000
/* 007D0 808B04A0 03E00008 */  jr      $ra                        
/* 007D4 808B04A4 00000000 */  nop


glabel func_808B04A8
/* 007D8 808B04A8 27BDFFE8 */  addiu   $sp, $sp, 0xFFE8           ## $sp = FFFFFFE8
/* 007DC 808B04AC AFBF0014 */  sw      $ra, 0x0014($sp)           
/* 007E0 808B04B0 0C22C082 */  jal     func_808B0208              
/* 007E4 808B04B4 AFA40018 */  sw      $a0, 0x0018($sp)           
/* 007E8 808B04B8 8FA40018 */  lw      $a0, 0x0018($sp)           
/* 007EC 808B04BC 848E0032 */  lh      $t6, 0x0032($a0)           ## 00000032
/* 007F0 808B04C0 848F023C */  lh      $t7, 0x023C($a0)           ## 0000023C
/* 007F4 808B04C4 55CF0004 */  bnel    $t6, $t7, .L808B04D8       
/* 007F8 808B04C8 8FBF0014 */  lw      $ra, 0x0014($sp)           
/* 007FC 808B04CC 0C22C15F */  jal     func_808B057C              
/* 00800 808B04D0 00000000 */  nop
/* 00804 808B04D4 8FBF0014 */  lw      $ra, 0x0014($sp)           
.L808B04D8:
/* 00808 808B04D8 27BD0018 */  addiu   $sp, $sp, 0x0018           ## $sp = 00000000
/* 0080C 808B04DC 03E00008 */  jr      $ra                        
/* 00810 808B04E0 00000000 */  nop


glabel func_808B04E4
/* 00814 808B04E4 44802000 */  mtc1    $zero, $f4                 ## $f4 = 0.00
/* 00818 808B04E8 848E0016 */  lh      $t6, 0x0016($a0)           ## 00000016
/* 0081C 808B04EC 3C0F808B */  lui     $t7, %hi(func_808B0508)    ## $t7 = 808B0000
/* 00820 808B04F0 25EF0508 */  addiu   $t7, $t7, %lo(func_808B0508) ## $t7 = 808B0508
/* 00824 808B04F4 AC8F0230 */  sw      $t7, 0x0230($a0)           ## 00000230
/* 00828 808B04F8 E4840240 */  swc1    $f4, 0x0240($a0)           ## 00000240
/* 0082C 808B04FC A48E023C */  sh      $t6, 0x023C($a0)           ## 0000023C
/* 00830 808B0500 03E00008 */  jr      $ra                        
/* 00834 808B0504 00000000 */  nop


glabel func_808B0508
/* 00838 808B0508 27BDFFE0 */  addiu   $sp, $sp, 0xFFE0           ## $sp = FFFFFFE0
/* 0083C 808B050C AFB00018 */  sw      $s0, 0x0018($sp)           
/* 00840 808B0510 00808025 */  or      $s0, $a0, $zero            ## $s0 = 00000000
/* 00844 808B0514 AFBF001C */  sw      $ra, 0x001C($sp)           
/* 00848 808B0518 0C22C082 */  jal     func_808B0208              
/* 0084C 808B051C 02002025 */  or      $a0, $s0, $zero            ## $a0 = 00000000
/* 00850 808B0520 960E0090 */  lhu     $t6, 0x0090($s0)           ## 00000090
/* 00854 808B0524 26040024 */  addiu   $a0, $s0, 0x0024           ## $a0 = 00000024
/* 00858 808B0528 3C064000 */  lui     $a2, 0x4000                ## $a2 = 40000000
/* 0085C 808B052C 31CF0001 */  andi    $t7, $t6, 0x0001           ## $t7 = 00000000
/* 00860 808B0530 55E00008 */  bnel    $t7, $zero, .L808B0554     
/* 00864 808B0534 86180032 */  lh      $t8, 0x0032($s0)           ## 00000032
/* 00868 808B0538 0C03FC0F */  jal     func_800FF03C              
/* 0086C 808B053C 8E050008 */  lw      $a1, 0x0008($s0)           ## 00000008
/* 00870 808B0540 2604002C */  addiu   $a0, $s0, 0x002C           ## $a0 = 0000002C
/* 00874 808B0544 8E050010 */  lw      $a1, 0x0010($s0)           ## 00000010
/* 00878 808B0548 0C03FC0F */  jal     func_800FF03C              
/* 0087C 808B054C 3C064000 */  lui     $a2, 0x4000                ## $a2 = 40000000
/* 00880 808B0550 86180032 */  lh      $t8, 0x0032($s0)           ## 00000032
.L808B0554:
/* 00884 808B0554 86190016 */  lh      $t9, 0x0016($s0)           ## 00000016
/* 00888 808B0558 57190004 */  bnel    $t8, $t9, .L808B056C       
/* 0088C 808B055C 8FBF001C */  lw      $ra, 0x001C($sp)           
/* 00890 808B0560 0C22BFE7 */  jal     func_808AFF9C              
/* 00894 808B0564 02002025 */  or      $a0, $s0, $zero            ## $a0 = 00000000
/* 00898 808B0568 8FBF001C */  lw      $ra, 0x001C($sp)           
.L808B056C:
/* 0089C 808B056C 8FB00018 */  lw      $s0, 0x0018($sp)           
/* 008A0 808B0570 27BD0020 */  addiu   $sp, $sp, 0x0020           ## $sp = 00000000
/* 008A4 808B0574 03E00008 */  jr      $ra                        
/* 008A8 808B0578 00000000 */  nop


glabel func_808B057C
/* 008AC 808B057C 27BDFFE8 */  addiu   $sp, $sp, 0xFFE8           ## $sp = FFFFFFE8
/* 008B0 808B0580 AFBF0014 */  sw      $ra, 0x0014($sp)           
/* 008B4 808B0584 3C0140C0 */  lui     $at, 0x40C0                ## $at = 40C00000
/* 008B8 808B0588 44812000 */  mtc1    $at, $f4                   ## $f4 = 6.00
/* 008BC 808B058C 24850008 */  addiu   $a1, $a0, 0x0008           ## $a1 = 00000008
/* 008C0 808B0590 E4840240 */  swc1    $f4, 0x0240($a0)           ## 00000240
/* 008C4 808B0594 0C02DB4B */  jal     func_800B6D2C              
/* 008C8 808B0598 AFA40018 */  sw      $a0, 0x0018($sp)           
/* 008CC 808B059C 8FA40018 */  lw      $a0, 0x0018($sp)           
/* 008D0 808B05A0 3C0F808B */  lui     $t7, %hi(func_808B05C8)    ## $t7 = 808B0000
/* 008D4 808B05A4 240E0001 */  addiu   $t6, $zero, 0x0001         ## $t6 = 00000001
/* 008D8 808B05A8 25EF05C8 */  addiu   $t7, $t7, %lo(func_808B05C8) ## $t7 = 808B05C8
/* 008DC 808B05AC A482023C */  sh      $v0, 0x023C($a0)           ## 0000023C
/* 008E0 808B05B0 A48E0236 */  sh      $t6, 0x0236($a0)           ## 00000236
/* 008E4 808B05B4 AC8F0230 */  sw      $t7, 0x0230($a0)           ## 00000230
/* 008E8 808B05B8 8FBF0014 */  lw      $ra, 0x0014($sp)           
/* 008EC 808B05BC 27BD0018 */  addiu   $sp, $sp, 0x0018           ## $sp = 00000000
/* 008F0 808B05C0 03E00008 */  jr      $ra                        
/* 008F4 808B05C4 00000000 */  nop


glabel func_808B05C8
/* 008F8 808B05C8 27BDFFD8 */  addiu   $sp, $sp, 0xFFD8           ## $sp = FFFFFFD8
/* 008FC 808B05CC AFB00018 */  sw      $s0, 0x0018($sp)           
/* 00900 808B05D0 00808025 */  or      $s0, $a0, $zero            ## $s0 = 00000000
/* 00904 808B05D4 AFBF001C */  sw      $ra, 0x001C($sp)           
/* 00908 808B05D8 AFA5002C */  sw      $a1, 0x002C($sp)           
/* 0090C 808B05DC 26050008 */  addiu   $a1, $s0, 0x0008           ## $a1 = 00000008
/* 00910 808B05E0 AFA50024 */  sw      $a1, 0x0024($sp)           
/* 00914 808B05E4 0C02DB4B */  jal     func_800B6D2C              
/* 00918 808B05E8 02002025 */  or      $a0, $s0, $zero            ## $a0 = 00000000
/* 0091C 808B05EC A602023C */  sh      $v0, 0x023C($s0)           ## 0000023C
/* 00920 808B05F0 8FA5002C */  lw      $a1, 0x002C($sp)           
/* 00924 808B05F4 0C22C082 */  jal     func_808B0208              
/* 00928 808B05F8 02002025 */  or      $a0, $s0, $zero            ## $a0 = 00000000
/* 0092C 808B05FC 02002025 */  or      $a0, $s0, $zero            ## $a0 = 00000000
/* 00930 808B0600 0C02DB92 */  jal     func_800B6E48              
/* 00934 808B0604 8FA50024 */  lw      $a1, 0x0024($sp)           
/* 00938 808B0608 3C014100 */  lui     $at, 0x4100                ## $at = 41000000
/* 0093C 808B060C 44812000 */  mtc1    $at, $f4                   ## $f4 = 8.00
/* 00940 808B0610 00000000 */  nop
/* 00944 808B0614 4604003C */  c.lt.s  $f0, $f4                   
/* 00948 808B0618 00000000 */  nop
/* 0094C 808B061C 45020004 */  bc1fl   .L808B0630                 
/* 00950 808B0620 8FBF001C */  lw      $ra, 0x001C($sp)           
/* 00954 808B0624 0C22C139 */  jal     func_808B04E4              
/* 00958 808B0628 02002025 */  or      $a0, $s0, $zero            ## $a0 = 00000000
/* 0095C 808B062C 8FBF001C */  lw      $ra, 0x001C($sp)           
.L808B0630:
/* 00960 808B0630 8FB00018 */  lw      $s0, 0x0018($sp)           
/* 00964 808B0634 27BD0028 */  addiu   $sp, $sp, 0x0028           ## $sp = 00000000
/* 00968 808B0638 03E00008 */  jr      $ra                        
/* 0096C 808B063C 00000000 */  nop


glabel func_808B0640
/* 00970 808B0640 848F00BE */  lh      $t7, 0x00BE($a0)           ## 000000BE
/* 00974 808B0644 44802000 */  mtc1    $zero, $f4                 ## $f4 = 0.00
/* 00978 808B0648 3C18808B */  lui     $t8, %hi(func_808B066C)    ## $t8 = 808B0000
/* 0097C 808B064C 240E0028 */  addiu   $t6, $zero, 0x0028         ## $t6 = 00000028
/* 00980 808B0650 2718066C */  addiu   $t8, $t8, %lo(func_808B066C) ## $t8 = 808B066C
/* 00984 808B0654 A48E0236 */  sh      $t6, 0x0236($a0)           ## 00000236
/* 00988 808B0658 AC980230 */  sw      $t8, 0x0230($a0)           ## 00000230
/* 0098C 808B065C A48F0032 */  sh      $t7, 0x0032($a0)           ## 00000032
/* 00990 808B0660 E4840240 */  swc1    $f4, 0x0240($a0)           ## 00000240
/* 00994 808B0664 03E00008 */  jr      $ra                        
/* 00998 808B0668 00000000 */  nop


glabel func_808B066C
/* 0099C 808B066C 27BDFFE8 */  addiu   $sp, $sp, 0xFFE8           ## $sp = FFFFFFE8
/* 009A0 808B0670 AFBF0014 */  sw      $ra, 0x0014($sp)           
/* 009A4 808B0674 84820236 */  lh      $v0, 0x0236($a0)           ## 00000236
/* 009A8 808B0678 10400003 */  beq     $v0, $zero, .L808B0688     
/* 009AC 808B067C 244EFFFF */  addiu   $t6, $v0, 0xFFFF           ## $t6 = FFFFFFFF
/* 009B0 808B0680 1000000F */  beq     $zero, $zero, .L808B06C0   
/* 009B4 808B0684 A48E0236 */  sh      $t6, 0x0236($a0)           ## 00000236
.L808B0688:
/* 009B8 808B0688 848F0092 */  lh      $t7, 0x0092($a0)           ## 00000092
/* 009BC 808B068C A48F023C */  sh      $t7, 0x023C($a0)           ## 0000023C
/* 009C0 808B0690 0C22C082 */  jal     func_808B0208              
/* 009C4 808B0694 AFA40018 */  sw      $a0, 0x0018($sp)           
/* 009C8 808B0698 8FA40018 */  lw      $a0, 0x0018($sp)           
/* 009CC 808B069C 24053848 */  addiu   $a1, $zero, 0x3848         ## $a1 = 00003848
/* 009D0 808B06A0 849800BE */  lh      $t8, 0x00BE($a0)           ## 000000BE
/* 009D4 808B06A4 8499023C */  lh      $t9, 0x023C($a0)           ## 0000023C
/* 009D8 808B06A8 57190006 */  bnel    $t8, $t9, .L808B06C4       
/* 009DC 808B06AC 8FBF0014 */  lw      $ra, 0x0014($sp)           
/* 009E0 808B06B0 0C02E3B2 */  jal     func_800B8EC8              
/* 009E4 808B06B4 AFA40018 */  sw      $a0, 0x0018($sp)           
/* 009E8 808B06B8 0C22C0D6 */  jal     func_808B0358              
/* 009EC 808B06BC 8FA40018 */  lw      $a0, 0x0018($sp)           
.L808B06C0:
/* 009F0 808B06C0 8FBF0014 */  lw      $ra, 0x0014($sp)           
.L808B06C4:
/* 009F4 808B06C4 27BD0018 */  addiu   $sp, $sp, 0x0018           ## $sp = 00000000
/* 009F8 808B06C8 03E00008 */  jr      $ra                        
/* 009FC 808B06CC 00000000 */  nop


glabel func_808B06D0
/* 00A00 808B06D0 27BDFFD0 */  addiu   $sp, $sp, 0xFFD0           ## $sp = FFFFFFD0
/* 00A04 808B06D4 AFB00028 */  sw      $s0, 0x0028($sp)           
/* 00A08 808B06D8 00808025 */  or      $s0, $a0, $zero            ## $s0 = 00000000
/* 00A0C 808B06DC AFBF002C */  sw      $ra, 0x002C($sp)           
/* 00A10 808B06E0 AFA50034 */  sw      $a1, 0x0034($sp)           
/* 00A14 808B06E4 3C040600 */  lui     $a0, 0x0600                ## $a0 = 06000000
/* 00A18 808B06E8 0C04D1D2 */  jal     func_80134748              
/* 00A1C 808B06EC 24845B3C */  addiu   $a0, $a0, 0x5B3C           ## $a0 = 06005B3C
/* 00A20 808B06F0 244EFFFA */  addiu   $t6, $v0, 0xFFFA           ## $t6 = FFFFFFFA
/* 00A24 808B06F4 448E2000 */  mtc1    $t6, $f4                   ## $f4 = NaN
/* 00A28 808B06F8 44804000 */  mtc1    $zero, $f8                 ## $f8 = 0.00
/* 00A2C 808B06FC 3C050600 */  lui     $a1, 0x0600                ## $a1 = 06000000
/* 00A30 808B0700 468021A0 */  cvt.s.w $f6, $f4                   
/* 00A34 808B0704 240F0002 */  addiu   $t7, $zero, 0x0002         ## $t7 = 00000002
/* 00A38 808B0708 AFAF0014 */  sw      $t7, 0x0014($sp)           
/* 00A3C 808B070C 24A55B3C */  addiu   $a1, $a1, 0x5B3C           ## $a1 = 06005B3C
/* 00A40 808B0710 26040144 */  addiu   $a0, $s0, 0x0144           ## $a0 = 00000144
/* 00A44 808B0714 3C063F80 */  lui     $a2, 0x3F80                ## $a2 = 3F800000
/* 00A48 808B0718 E7A60010 */  swc1    $f6, 0x0010($sp)           
/* 00A4C 808B071C 3C074080 */  lui     $a3, 0x4080                ## $a3 = 40800000
/* 00A50 808B0720 0C04DCFA */  jal     func_801373E8              
/* 00A54 808B0724 E7A80018 */  swc1    $f8, 0x0018($sp)           
/* 00A58 808B0728 02002025 */  or      $a0, $s0, $zero            ## $a0 = 00000000
/* 00A5C 808B072C 0C02F941 */  jal     func_800BE504              
/* 00A60 808B0730 260502E8 */  addiu   $a1, $s0, 0x02E8           ## $a1 = 000002E8
/* 00A64 808B0734 3C0140C0 */  lui     $at, 0x40C0                ## $at = 40C00000
/* 00A68 808B0738 44815000 */  mtc1    $at, $f10                  ## $f10 = 6.00
/* 00A6C 808B073C 3C040600 */  lui     $a0, 0x0600                ## $a0 = 06000000
/* 00A70 808B0740 24845B3C */  addiu   $a0, $a0, 0x5B3C           ## $a0 = 06005B3C
/* 00A74 808B0744 0C04D1D2 */  jal     func_80134748              
/* 00A78 808B0748 E60A0070 */  swc1    $f10, 0x0070($s0)          ## 00000070
/* 00A7C 808B074C 2458FFF6 */  addiu   $t8, $v0, 0xFFF6           ## $t8 = FFFFFFF6
/* 00A80 808B0750 AFB80010 */  sw      $t8, 0x0010($sp)           
/* 00A84 808B0754 02002025 */  or      $a0, $s0, $zero            ## $a0 = 00000000
/* 00A88 808B0758 24054000 */  addiu   $a1, $zero, 0x4000         ## $a1 = 00004000
/* 00A8C 808B075C 240600FF */  addiu   $a2, $zero, 0x00FF         ## $a2 = 000000FF
/* 00A90 808B0760 0C02F2DC */  jal     func_800BCB70              
/* 00A94 808B0764 00003825 */  or      $a3, $zero, $zero          ## $a3 = 00000000
/* 00A98 808B0768 02002025 */  or      $a0, $s0, $zero            ## $a0 = 00000000
/* 00A9C 808B076C 0C02E3B2 */  jal     func_800B8EC8              
/* 00AA0 808B0770 24053847 */  addiu   $a1, $zero, 0x3847         ## $a1 = 00003847
/* 00AA4 808B0774 921902F9 */  lbu     $t9, 0x02F9($s0)           ## 000002F9
/* 00AA8 808B0778 3C0A808B */  lui     $t2, %hi(func_808B07A8)    ## $t2 = 808B0000
/* 00AAC 808B077C 240900FF */  addiu   $t1, $zero, 0x00FF         ## $t1 = 000000FF
/* 00AB0 808B0780 254A07A8 */  addiu   $t2, $t2, %lo(func_808B07A8) ## $t2 = 808B07A8
/* 00AB4 808B0784 3328FFFE */  andi    $t0, $t9, 0xFFFE           ## $t0 = 00000000
/* 00AB8 808B0788 A20802F9 */  sb      $t0, 0x02F9($s0)           ## 000002F9
/* 00ABC 808B078C A2090234 */  sb      $t1, 0x0234($s0)           ## 00000234
/* 00AC0 808B0790 AE0A0230 */  sw      $t2, 0x0230($s0)           ## 00000230
/* 00AC4 808B0794 8FBF002C */  lw      $ra, 0x002C($sp)           
/* 00AC8 808B0798 8FB00028 */  lw      $s0, 0x0028($sp)           
/* 00ACC 808B079C 27BD0030 */  addiu   $sp, $sp, 0x0030           ## $sp = 00000000
/* 00AD0 808B07A0 03E00008 */  jr      $ra                        
/* 00AD4 808B07A4 00000000 */  nop


glabel func_808B07A8
/* 00AD8 808B07A8 27BDFFE8 */  addiu   $sp, $sp, 0xFFE8           ## $sp = FFFFFFE8
/* 00ADC 808B07AC AFBF0014 */  sw      $ra, 0x0014($sp)           
/* 00AE0 808B07B0 AFA5001C */  sw      $a1, 0x001C($sp)           
/* 00AE4 808B07B4 00803825 */  or      $a3, $a0, $zero            ## $a3 = 00000000
/* 00AE8 808B07B8 24E40070 */  addiu   $a0, $a3, 0x0070           ## $a0 = 00000070
/* 00AEC 808B07BC 24050000 */  addiu   $a1, $zero, 0x0000         ## $a1 = 00000000
/* 00AF0 808B07C0 3C063F00 */  lui     $a2, 0x3F00                ## $a2 = 3F000000
/* 00AF4 808B07C4 0C03FC0F */  jal     func_800FF03C              
/* 00AF8 808B07C8 AFA70018 */  sw      $a3, 0x0018($sp)           
/* 00AFC 808B07CC 8FA70018 */  lw      $a3, 0x0018($sp)           
/* 00B00 808B07D0 0C04DB34 */  jal     func_80136CD0              
/* 00B04 808B07D4 24E40144 */  addiu   $a0, $a3, 0x0144           ## $a0 = 00000144
/* 00B08 808B07D8 1040000D */  beq     $v0, $zero, .L808B0810     
/* 00B0C 808B07DC 8FA70018 */  lw      $a3, 0x0018($sp)           
/* 00B10 808B07E0 90EE00B7 */  lbu     $t6, 0x00B7($a3)           ## 000000B7
/* 00B14 808B07E4 55C00006 */  bnel    $t6, $zero, .L808B0800     
/* 00B18 808B07E8 90EF02F9 */  lbu     $t7, 0x02F9($a3)           ## 000002F9
/* 00B1C 808B07EC 0C22C208 */  jal     func_808B0820              
/* 00B20 808B07F0 00E02025 */  or      $a0, $a3, $zero            ## $a0 = 00000000
/* 00B24 808B07F4 10000007 */  beq     $zero, $zero, .L808B0814   
/* 00B28 808B07F8 8FBF0014 */  lw      $ra, 0x0014($sp)           
/* 00B2C 808B07FC 90EF02F9 */  lbu     $t7, 0x02F9($a3)           ## 000002F9
.L808B0800:
/* 00B30 808B0800 00E02025 */  or      $a0, $a3, $zero            ## $a0 = 00000000
/* 00B34 808B0804 35F80001 */  ori     $t8, $t7, 0x0001           ## $t8 = 00000001
/* 00B38 808B0808 0C22C0D6 */  jal     func_808B0358              
/* 00B3C 808B080C A0F802F9 */  sb      $t8, 0x02F9($a3)           ## 000002F9
.L808B0810:
/* 00B40 808B0810 8FBF0014 */  lw      $ra, 0x0014($sp)           
.L808B0814:
/* 00B44 808B0814 27BD0018 */  addiu   $sp, $sp, 0x0018           ## $sp = 00000000
/* 00B48 808B0818 03E00008 */  jr      $ra                        
/* 00B4C 808B081C 00000000 */  nop


glabel func_808B0820
/* 00B50 808B0820 27BDFFE8 */  addiu   $sp, $sp, 0xFFE8           ## $sp = FFFFFFE8
/* 00B54 808B0824 AFBF0014 */  sw      $ra, 0x0014($sp)           
/* 00B58 808B0828 00803825 */  or      $a3, $a0, $zero            ## $a3 = 00000000
/* 00B5C 808B082C 3C050600 */  lui     $a1, 0x0600                ## $a1 = 06000000
/* 00B60 808B0830 24A50238 */  addiu   $a1, $a1, 0x0238           ## $a1 = 06000238
/* 00B64 808B0834 24E40144 */  addiu   $a0, $a3, 0x0144           ## $a0 = 00000144
/* 00B68 808B0838 3C064080 */  lui     $a2, 0x4080                ## $a2 = 40800000
/* 00B6C 808B083C 0C04DD73 */  jal     func_801375CC              
/* 00B70 808B0840 AFA70018 */  sw      $a3, 0x0018($sp)           
/* 00B74 808B0844 8FA70018 */  lw      $a3, 0x0018($sp)           
/* 00B78 808B0848 3C0140C0 */  lui     $at, 0x40C0                ## $at = 40C00000
/* 00B7C 808B084C 44802000 */  mtc1    $zero, $f4                 ## $f4 = 0.00
/* 00B80 808B0850 8CF80004 */  lw      $t8, 0x0004($a3)           ## 00000004
/* 00B84 808B0854 44813000 */  mtc1    $at, $f6                   ## $f6 = 6.00
/* 00B88 808B0858 84EF00BE */  lh      $t7, 0x00BE($a3)           ## 000000BE
/* 00B8C 808B085C 3C08808B */  lui     $t0, %hi(func_808B0894)    ## $t0 = 808B0000
/* 00B90 808B0860 240E0040 */  addiu   $t6, $zero, 0x0040         ## $t6 = 00000040
/* 00B94 808B0864 25080894 */  addiu   $t0, $t0, %lo(func_808B0894) ## $t0 = 808B0894
/* 00B98 808B0868 37190010 */  ori     $t9, $t8, 0x0010           ## $t9 = 00000010
/* 00B9C 808B086C A4EE0236 */  sh      $t6, 0x0236($a3)           ## 00000236
/* 00BA0 808B0870 ACF90004 */  sw      $t9, 0x0004($a3)           ## 00000004
/* 00BA4 808B0874 ACE80230 */  sw      $t0, 0x0230($a3)           ## 00000230
/* 00BA8 808B0878 E4E40070 */  swc1    $f4, 0x0070($a3)           ## 00000070
/* 00BAC 808B087C A4EF0032 */  sh      $t7, 0x0032($a3)           ## 00000032
/* 00BB0 808B0880 E4E60240 */  swc1    $f6, 0x0240($a3)           ## 00000240
/* 00BB4 808B0884 8FBF0014 */  lw      $ra, 0x0014($sp)           
/* 00BB8 808B0888 27BD0018 */  addiu   $sp, $sp, 0x0018           ## $sp = 00000000
/* 00BBC 808B088C 03E00008 */  jr      $ra                        
/* 00BC0 808B0890 00000000 */  nop


glabel func_808B0894
/* 00BC4 808B0894 27BDFF70 */  addiu   $sp, $sp, 0xFF70           ## $sp = FFFFFF70
/* 00BC8 808B0898 AFB70068 */  sw      $s7, 0x0068($sp)           
/* 00BCC 808B089C AFB20054 */  sw      $s2, 0x0054($sp)           
/* 00BD0 808B08A0 00809025 */  or      $s2, $a0, $zero            ## $s2 = 00000000
/* 00BD4 808B08A4 00A0B825 */  or      $s7, $a1, $zero            ## $s7 = 00000000
/* 00BD8 808B08A8 AFBF006C */  sw      $ra, 0x006C($sp)           
/* 00BDC 808B08AC AFB60064 */  sw      $s6, 0x0064($sp)           
/* 00BE0 808B08B0 AFB50060 */  sw      $s5, 0x0060($sp)           
/* 00BE4 808B08B4 AFB4005C */  sw      $s4, 0x005C($sp)           
/* 00BE8 808B08B8 AFB30058 */  sw      $s3, 0x0058($sp)           
/* 00BEC 808B08BC AFB10050 */  sw      $s1, 0x0050($sp)           
/* 00BF0 808B08C0 AFB0004C */  sw      $s0, 0x004C($sp)           
/* 00BF4 808B08C4 F7BA0040 */  sdc1    $f26, 0x0040($sp)          
/* 00BF8 808B08C8 F7B80038 */  sdc1    $f24, 0x0038($sp)          
/* 00BFC 808B08CC F7B60030 */  sdc1    $f22, 0x0030($sp)          
/* 00C00 808B08D0 F7B40028 */  sdc1    $f20, 0x0028($sp)          
/* 00C04 808B08D4 864E0236 */  lh      $t6, 0x0236($s2)           ## 00000236
/* 00C08 808B08D8 86580092 */  lh      $t8, 0x0092($s2)           ## 00000092
/* 00C0C 808B08DC 02402025 */  or      $a0, $s2, $zero            ## $a0 = 00000000
/* 00C10 808B08E0 25CFFFFF */  addiu   $t7, $t6, 0xFFFF           ## $t7 = FFFFFFFF
/* 00C14 808B08E4 A64F0236 */  sh      $t7, 0x0236($s2)           ## 00000236
/* 00C18 808B08E8 02E02825 */  or      $a1, $s7, $zero            ## $a1 = 00000000
/* 00C1C 808B08EC 0C22C082 */  jal     func_808B0208              
/* 00C20 808B08F0 A658023C */  sh      $t8, 0x023C($s2)           ## 0000023C
/* 00C24 808B08F4 86420236 */  lh      $v0, 0x0236($s2)           ## 00000236
/* 00C28 808B08F8 24010001 */  addiu   $at, $zero, 0x0001         ## $at = 00000001
/* 00C2C 808B08FC 26E41CA0 */  addiu   $a0, $s7, 0x1CA0           ## $a0 = 00001CA0
/* 00C30 808B0900 1441004D */  bne     $v0, $at, .L808B0A38       
/* 00C34 808B0904 02E02825 */  or      $a1, $s7, $zero            ## $a1 = 00000000
/* 00C38 808B0908 C6440028 */  lwc1    $f4, 0x0028($s2)           ## 00000028
/* 00C3C 808B090C 8E470024 */  lw      $a3, 0x0024($s2)           ## 00000024
/* 00C40 808B0910 24190002 */  addiu   $t9, $zero, 0x0002         ## $t9 = 00000002
/* 00C44 808B0914 E7A40010 */  swc1    $f4, 0x0010($sp)           
/* 00C48 808B0918 C646002C */  lwc1    $f6, 0x002C($s2)           ## 0000002C
/* 00C4C 808B091C AFA00024 */  sw      $zero, 0x0024($sp)         
/* 00C50 808B0920 AFB90020 */  sw      $t9, 0x0020($sp)           
/* 00C54 808B0924 AFA0001C */  sw      $zero, 0x001C($sp)         
/* 00C58 808B0928 AFA00018 */  sw      $zero, 0x0018($sp)         
/* 00C5C 808B092C 24060009 */  addiu   $a2, $zero, 0x0009         ## $a2 = 00000009
/* 00C60 808B0930 0C02EB18 */  jal     func_800BAC60              
/* 00C64 808B0934 E7A60014 */  swc1    $f6, 0x0014($sp)           
/* 00C68 808B0938 10400002 */  beq     $v0, $zero, .L808B0944     
/* 00C6C 808B093C 02402025 */  or      $a0, $s2, $zero            ## $a0 = 00000000
/* 00C70 808B0940 A44001F0 */  sh      $zero, 0x01F0($v0)         ## 000001F0
.L808B0944:
/* 00C74 808B0944 0C02E3B2 */  jal     func_800B8EC8              
/* 00C78 808B0948 24053846 */  addiu   $a1, $zero, 0x3846         ## $a1 = 00003846
/* 00C7C 808B094C 02E02025 */  or      $a0, $s7, $zero            ## $a0 = 00000000
/* 00C80 808B0950 02402825 */  or      $a1, $s2, $zero            ## $a1 = 00000000
/* 00C84 808B0954 26460024 */  addiu   $a2, $s2, 0x0024           ## $a2 = 00000024
/* 00C88 808B0958 0C029F4A */  jal     func_800A7D28              
/* 00C8C 808B095C 240700B0 */  addiu   $a3, $zero, 0x00B0         ## $a3 = 000000B0
/* 00C90 808B0960 3C014220 */  lui     $at, 0x4220                ## $at = 42200000
/* 00C94 808B0964 4481D000 */  mtc1    $at, $f26                  ## $f26 = 40.00
/* 00C98 808B0968 3C0140C0 */  lui     $at, 0x40C0                ## $at = 40C00000
/* 00C9C 808B096C 4481C000 */  mtc1    $at, $f24                  ## $f24 = 6.00
/* 00CA0 808B0970 3C014120 */  lui     $at, 0x4120                ## $at = 41200000
/* 00CA4 808B0974 4481B000 */  mtc1    $at, $f22                  ## $f22 = 10.00
/* 00CA8 808B0978 3C0140E0 */  lui     $at, 0x40E0                ## $at = 40E00000
/* 00CAC 808B097C 3C15808B */  lui     $s5, %hi(D_808B1124)       ## $s5 = 808B0000
/* 00CB0 808B0980 3C14808B */  lui     $s4, %hi(D_808B1120)       ## $s4 = 808B0000
/* 00CB4 808B0984 3C11801D */  lui     $s1, 0x801D                ## $s1 = 801D0000
/* 00CB8 808B0988 4481A000 */  mtc1    $at, $f20                  ## $f20 = 7.00
/* 00CBC 808B098C 263115B0 */  addiu   $s1, $s1, 0x15B0           ## $s1 = 801D15B0
/* 00CC0 808B0990 26941120 */  addiu   $s4, $s4, %lo(D_808B1120)  ## $s4 = 808B1120
/* 00CC4 808B0994 26B51124 */  addiu   $s5, $s5, %lo(D_808B1124)  ## $s5 = 808B1124
/* 00CC8 808B0998 00008025 */  or      $s0, $zero, $zero          ## $s0 = 00000000
/* 00CCC 808B099C 24160008 */  addiu   $s6, $zero, 0x0008         ## $s6 = 00000008
/* 00CD0 808B09A0 27B30080 */  addiu   $s3, $sp, 0x0080           ## $s3 = FFFFFFF0
.L808B09A4:
/* 00CD4 808B09A4 0C03FB61 */  jal     func_800FED84              
/* 00CD8 808B09A8 00002025 */  or      $a0, $zero, $zero          ## $a0 = 00000000
/* 00CDC 808B09AC 46140202 */  mul.s   $f8, $f0, $f20             
/* 00CE0 808B09B0 C64A0024 */  lwc1    $f10, 0x0024($s2)          ## 00000024
/* 00CE4 808B09B4 4600B306 */  mov.s   $f12, $f22                 
/* 00CE8 808B09B8 460A4400 */  add.s   $f16, $f8, $f10            
/* 00CEC 808B09BC 0C05E570 */  jal     func_801795C0              
/* 00CF0 808B09C0 E7B00080 */  swc1    $f16, 0x0080($sp)          
/* 00CF4 808B09C4 46180482 */  mul.s   $f18, $f0, $f24            
/* 00CF8 808B09C8 C6440028 */  lwc1    $f4, 0x0028($s2)           ## 00000028
/* 00CFC 808B09CC 00002025 */  or      $a0, $zero, $zero          ## $a0 = 00000000
/* 00D00 808B09D0 461A2180 */  add.s   $f6, $f4, $f26             
/* 00D04 808B09D4 46069200 */  add.s   $f8, $f18, $f6             
/* 00D08 808B09D8 0C03FB51 */  jal     func_800FED44              
/* 00D0C 808B09DC E7A80084 */  swc1    $f8, 0x0084($sp)           
/* 00D10 808B09E0 46140282 */  mul.s   $f10, $f0, $f20            
/* 00D14 808B09E4 C650002C */  lwc1    $f16, 0x002C($s2)          ## 0000002C
/* 00D18 808B09E8 240800C8 */  addiu   $t0, $zero, 0x00C8         ## $t0 = 000000C8
/* 00D1C 808B09EC 2409002D */  addiu   $t1, $zero, 0x002D         ## $t1 = 0000002D
/* 00D20 808B09F0 240A000C */  addiu   $t2, $zero, 0x000C         ## $t2 = 0000000C
/* 00D24 808B09F4 AFAA0020 */  sw      $t2, 0x0020($sp)           
/* 00D28 808B09F8 AFA9001C */  sw      $t1, 0x001C($sp)           
/* 00D2C 808B09FC 46105100 */  add.s   $f4, $f10, $f16            
/* 00D30 808B0A00 AFA80018 */  sw      $t0, 0x0018($sp)           
/* 00D34 808B0A04 AFB50014 */  sw      $s5, 0x0014($sp)           
/* 00D38 808B0A08 AFB40010 */  sw      $s4, 0x0010($sp)           
/* 00D3C 808B0A0C E7A40088 */  swc1    $f4, 0x0088($sp)           
/* 00D40 808B0A10 02E02025 */  or      $a0, $s7, $zero            ## $a0 = 00000000
/* 00D44 808B0A14 02602825 */  or      $a1, $s3, $zero            ## $a1 = FFFFFFF0
/* 00D48 808B0A18 02203025 */  or      $a2, $s1, $zero            ## $a2 = 801D15B0
/* 00D4C 808B0A1C 0C02C3AC */  jal     func_800B0EB0              
/* 00D50 808B0A20 02203825 */  or      $a3, $s1, $zero            ## $a3 = 801D15B0
/* 00D54 808B0A24 26100001 */  addiu   $s0, $s0, 0x0001           ## $s0 = 00000001
/* 00D58 808B0A28 1616FFDE */  bne     $s0, $s6, .L808B09A4       
/* 00D5C 808B0A2C 00000000 */  nop
/* 00D60 808B0A30 10000010 */  beq     $zero, $zero, .L808B0A74   
/* 00D64 808B0A34 86420034 */  lh      $v0, 0x0034($s2)           ## 00000034
.L808B0A38:
/* 00D68 808B0A38 14400005 */  bne     $v0, $zero, .L808B0A50     
/* 00D6C 808B0A3C 304B0003 */  andi    $t3, $v0, 0x0003           ## $t3 = 00000000
/* 00D70 808B0A40 0C02D9C3 */  jal     func_800B670C              
/* 00D74 808B0A44 02402025 */  or      $a0, $s2, $zero            ## $a0 = 00000000
/* 00D78 808B0A48 10000013 */  beq     $zero, $zero, .L808B0A98   
/* 00D7C 808B0A4C 8FBF006C */  lw      $ra, 0x006C($sp)           
.L808B0A50:
/* 00D80 808B0A50 15600007 */  bne     $t3, $zero, .L808B0A70     
/* 00D84 808B0A54 02402025 */  or      $a0, $s2, $zero            ## $a0 = 00000000
/* 00D88 808B0A58 240C0004 */  addiu   $t4, $zero, 0x0004         ## $t4 = 00000004
/* 00D8C 808B0A5C AFAC0010 */  sw      $t4, 0x0010($sp)           
/* 00D90 808B0A60 24054000 */  addiu   $a1, $zero, 0x4000         ## $a1 = 00004000
/* 00D94 808B0A64 240600FF */  addiu   $a2, $zero, 0x00FF         ## $a2 = 000000FF
/* 00D98 808B0A68 0C02F2DC */  jal     func_800BCB70              
/* 00D9C 808B0A6C 00003825 */  or      $a3, $zero, $zero          ## $a3 = 00000000
.L808B0A70:
/* 00DA0 808B0A70 86420034 */  lh      $v0, 0x0034($s2)           ## 00000034
.L808B0A74:
/* 00DA4 808B0A74 28411F40 */  slti    $at, $v0, 0x1F40           
/* 00DA8 808B0A78 10200003 */  beq     $at, $zero, .L808B0A88     
/* 00DAC 808B0A7C 244D0320 */  addiu   $t5, $v0, 0x0320           ## $t5 = 00000320
/* 00DB0 808B0A80 A64D0034 */  sh      $t5, 0x0034($s2)           ## 00000034
/* 00DB4 808B0A84 86420034 */  lh      $v0, 0x0034($s2)           ## 00000034
.L808B0A88:
/* 00DB8 808B0A88 864E00BE */  lh      $t6, 0x00BE($s2)           ## 000000BE
/* 00DBC 808B0A8C 01C27821 */  addu    $t7, $t6, $v0              
/* 00DC0 808B0A90 A64F00BE */  sh      $t7, 0x00BE($s2)           ## 000000BE
/* 00DC4 808B0A94 8FBF006C */  lw      $ra, 0x006C($sp)           
.L808B0A98:
/* 00DC8 808B0A98 D7B40028 */  ldc1    $f20, 0x0028($sp)          
/* 00DCC 808B0A9C D7B60030 */  ldc1    $f22, 0x0030($sp)          
/* 00DD0 808B0AA0 D7B80038 */  ldc1    $f24, 0x0038($sp)          
/* 00DD4 808B0AA4 D7BA0040 */  ldc1    $f26, 0x0040($sp)          
/* 00DD8 808B0AA8 8FB0004C */  lw      $s0, 0x004C($sp)           
/* 00DDC 808B0AAC 8FB10050 */  lw      $s1, 0x0050($sp)           
/* 00DE0 808B0AB0 8FB20054 */  lw      $s2, 0x0054($sp)           
/* 00DE4 808B0AB4 8FB30058 */  lw      $s3, 0x0058($sp)           
/* 00DE8 808B0AB8 8FB4005C */  lw      $s4, 0x005C($sp)           
/* 00DEC 808B0ABC 8FB50060 */  lw      $s5, 0x0060($sp)           
/* 00DF0 808B0AC0 8FB60064 */  lw      $s6, 0x0064($sp)           
/* 00DF4 808B0AC4 8FB70068 */  lw      $s7, 0x0068($sp)           
/* 00DF8 808B0AC8 03E00008 */  jr      $ra                        
/* 00DFC 808B0ACC 27BD0090 */  addiu   $sp, $sp, 0x0090           ## $sp = 00000000


glabel func_808B0AD0
/* 00E00 808B0AD0 27BDFFD0 */  addiu   $sp, $sp, 0xFFD0           ## $sp = FFFFFFD0
/* 00E04 808B0AD4 AFB00028 */  sw      $s0, 0x0028($sp)           
/* 00E08 808B0AD8 44800000 */  mtc1    $zero, $f0                 ## $f0 = 0.00
/* 00E0C 808B0ADC 00808025 */  or      $s0, $a0, $zero            ## $s0 = 00000000
/* 00E10 808B0AE0 AFBF002C */  sw      $ra, 0x002C($sp)           
/* 00E14 808B0AE4 AFA50034 */  sw      $a1, 0x0034($sp)           
/* 00E18 808B0AE8 3C014100 */  lui     $at, 0x4100                ## $at = 41000000
/* 00E1C 808B0AEC 44812000 */  mtc1    $at, $f4                   ## $f4 = 8.00
/* 00E20 808B0AF0 3C050600 */  lui     $a1, 0x0600                ## $a1 = 06000000
/* 00E24 808B0AF4 44070000 */  mfc1    $a3, $f0                   
/* 00E28 808B0AF8 240E0002 */  addiu   $t6, $zero, 0x0002         ## $t6 = 00000002
/* 00E2C 808B0AFC AFAE0014 */  sw      $t6, 0x0014($sp)           
/* 00E30 808B0B00 24A5033C */  addiu   $a1, $a1, 0x033C           ## $a1 = 0600033C
/* 00E34 808B0B04 26040144 */  addiu   $a0, $s0, 0x0144           ## $a0 = 00000144
/* 00E38 808B0B08 3C063F80 */  lui     $a2, 0x3F80                ## $a2 = 3F800000
/* 00E3C 808B0B0C E7A00018 */  swc1    $f0, 0x0018($sp)           
/* 00E40 808B0B10 0C04DCFA */  jal     func_801373E8              
/* 00E44 808B0B14 E7A40010 */  swc1    $f4, 0x0010($sp)           
/* 00E48 808B0B18 3C01C0C0 */  lui     $at, 0xC0C0                ## $at = C0C00000
/* 00E4C 808B0B1C 860F0092 */  lh      $t7, 0x0092($s0)           ## 00000092
/* 00E50 808B0B20 44813000 */  mtc1    $at, $f6                   ## $f6 = -6.00
/* 00E54 808B0B24 3C18808B */  lui     $t8, %hi(func_808B0B4C)    ## $t8 = 808B0000
/* 00E58 808B0B28 27180B4C */  addiu   $t8, $t8, %lo(func_808B0B4C) ## $t8 = 808B0B4C
/* 00E5C 808B0B2C AE180230 */  sw      $t8, 0x0230($s0)           ## 00000230
/* 00E60 808B0B30 A60F0032 */  sh      $t7, 0x0032($s0)           ## 00000032
/* 00E64 808B0B34 E6060070 */  swc1    $f6, 0x0070($s0)           ## 00000070
/* 00E68 808B0B38 8FBF002C */  lw      $ra, 0x002C($sp)           
/* 00E6C 808B0B3C 8FB00028 */  lw      $s0, 0x0028($sp)           
/* 00E70 808B0B40 27BD0030 */  addiu   $sp, $sp, 0x0030           ## $sp = 00000000
/* 00E74 808B0B44 03E00008 */  jr      $ra                        
/* 00E78 808B0B48 00000000 */  nop


glabel func_808B0B4C
/* 00E7C 808B0B4C 27BDFFE8 */  addiu   $sp, $sp, 0xFFE8           ## $sp = FFFFFFE8
/* 00E80 808B0B50 AFBF0014 */  sw      $ra, 0x0014($sp)           
/* 00E84 808B0B54 AFA40018 */  sw      $a0, 0x0018($sp)           
/* 00E88 808B0B58 AFA5001C */  sw      $a1, 0x001C($sp)           
/* 00E8C 808B0B5C 8FA40018 */  lw      $a0, 0x0018($sp)           
/* 00E90 808B0B60 24050000 */  addiu   $a1, $zero, 0x0000         ## $a1 = 00000000
/* 00E94 808B0B64 3C063F00 */  lui     $a2, 0x3F00                ## $a2 = 3F000000
/* 00E98 808B0B68 0C03FC0F */  jal     func_800FF03C              
/* 00E9C 808B0B6C 24840070 */  addiu   $a0, $a0, 0x0070           ## $a0 = 00000070
/* 00EA0 808B0B70 8FA40018 */  lw      $a0, 0x0018($sp)           
/* 00EA4 808B0B74 0C04DB34 */  jal     func_80136CD0              
/* 00EA8 808B0B78 24840144 */  addiu   $a0, $a0, 0x0144           ## $a0 = 00000144
/* 00EAC 808B0B7C 50400004 */  beql    $v0, $zero, .L808B0B90     
/* 00EB0 808B0B80 8FBF0014 */  lw      $ra, 0x0014($sp)           
/* 00EB4 808B0B84 0C22C0D6 */  jal     func_808B0358              
/* 00EB8 808B0B88 8FA40018 */  lw      $a0, 0x0018($sp)           
/* 00EBC 808B0B8C 8FBF0014 */  lw      $ra, 0x0014($sp)           
.L808B0B90:
/* 00EC0 808B0B90 27BD0018 */  addiu   $sp, $sp, 0x0018           ## $sp = 00000000
/* 00EC4 808B0B94 03E00008 */  jr      $ra                        
/* 00EC8 808B0B98 00000000 */  nop


glabel func_808B0B9C
/* 00ECC 808B0B9C 27BDFFC8 */  addiu   $sp, $sp, 0xFFC8           ## $sp = FFFFFFC8
/* 00ED0 808B0BA0 AFB00030 */  sw      $s0, 0x0030($sp)           
/* 00ED4 808B0BA4 00808025 */  or      $s0, $a0, $zero            ## $s0 = 00000000
/* 00ED8 808B0BA8 AFBF0034 */  sw      $ra, 0x0034($sp)           
/* 00EDC 808B0BAC AFA5003C */  sw      $a1, 0x003C($sp)           
/* 00EE0 808B0BB0 920202F9 */  lbu     $v0, 0x02F9($s0)           ## 000002F9
/* 00EE4 808B0BB4 02002025 */  or      $a0, $s0, $zero            ## $a0 = 00000000
/* 00EE8 808B0BB8 26050300 */  addiu   $a1, $s0, 0x0300           ## $a1 = 00000300
/* 00EEC 808B0BBC 304E0002 */  andi    $t6, $v0, 0x0002           ## $t6 = 00000000
/* 00EF0 808B0BC0 11C0003B */  beq     $t6, $zero, .L808B0CB0     
/* 00EF4 808B0BC4 304FFFFD */  andi    $t7, $v0, 0xFFFD           ## $t7 = 00000000
/* 00EF8 808B0BC8 0C02F896 */  jal     func_800BE258              
/* 00EFC 808B0BCC A20F02F9 */  sb      $t7, 0x02F9($s0)           ## 000002F9
/* 00F00 808B0BD0 0C02F88B */  jal     func_800BE22C              
/* 00F04 808B0BD4 02002025 */  or      $a0, $s0, $zero            ## $a0 = 00000000
/* 00F08 808B0BD8 14400003 */  bne     $v0, $zero, .L808B0BE8     
/* 00F0C 808B0BDC 8FA4003C */  lw      $a0, 0x003C($sp)           
/* 00F10 808B0BE0 0C02EEA2 */  jal     func_800BBA88              
/* 00F14 808B0BE4 02002825 */  or      $a1, $s0, $zero            ## $a1 = 00000000
.L808B0BE8:
/* 00F18 808B0BE8 920200B9 */  lbu     $v0, 0x00B9($s0)           ## 000000B9
/* 00F1C 808B0BEC 2401000D */  addiu   $at, $zero, 0x000D         ## $at = 0000000D
/* 00F20 808B0BF0 54410004 */  bnel    $v0, $at, .L808B0C04       
/* 00F24 808B0BF4 921800B7 */  lbu     $t8, 0x00B7($s0)           ## 000000B7
/* 00F28 808B0BF8 1000002E */  beq     $zero, $zero, .L808B0CB4   
/* 00F2C 808B0BFC 24020001 */  addiu   $v0, $zero, 0x0001         ## $v0 = 00000001
/* 00F30 808B0C00 921800B7 */  lbu     $t8, 0x00B7($s0)           ## 000000B7
.L808B0C04:
/* 00F34 808B0C04 240600A2 */  addiu   $a2, $zero, 0x00A2         ## $a2 = 000000A2
/* 00F38 808B0C08 53000006 */  beql    $t8, $zero, .L808B0C24     
/* 00F3C 808B0C0C 920902F8 */  lbu     $t1, 0x02F8($s0)           ## 000002F8
/* 00F40 808B0C10 921902F8 */  lbu     $t9, 0x02F8($s0)           ## 000002F8
/* 00F44 808B0C14 920200B9 */  lbu     $v0, 0x00B9($s0)           ## 000000B9
/* 00F48 808B0C18 3328FFFE */  andi    $t0, $t9, 0xFFFE           ## $t0 = 00000000
/* 00F4C 808B0C1C A20802F8 */  sb      $t0, 0x02F8($s0)           ## 000002F8
/* 00F50 808B0C20 920902F8 */  lbu     $t1, 0x02F8($s0)           ## 000002F8
.L808B0C24:
/* 00F54 808B0C24 24010004 */  addiu   $at, $zero, 0x0004         ## $at = 00000004
/* 00F58 808B0C28 312AFFFD */  andi    $t2, $t1, 0xFFFD           ## $t2 = 00000000
/* 00F5C 808B0C2C 1441001B */  bne     $v0, $at, .L808B0C9C       
/* 00F60 808B0C30 A20A02F8 */  sb      $t2, 0x02F8($s0)           ## 000002F8
/* 00F64 808B0C34 860C0310 */  lh      $t4, 0x0310($s0)           ## 00000310
/* 00F68 808B0C38 3C01808B */  lui     $at, %hi(D_808B11B0)       ## $at = 808B0000
/* 00F6C 808B0C3C C42411B0 */  lwc1    $f4, %lo(D_808B11B0)($at)  
/* 00F70 808B0C40 448C5000 */  mtc1    $t4, $f10                  ## $f10 = 0.00
/* 00F74 808B0C44 3C014080 */  lui     $at, 0x4080                ## $at = 40800000
/* 00F78 808B0C48 44813000 */  mtc1    $at, $f6                   ## $f6 = 4.00
/* 00F7C 808B0C4C 46805420 */  cvt.s.w $f16, $f10                 
/* 00F80 808B0C50 8FA5003C */  lw      $a1, 0x003C($sp)           
/* 00F84 808B0C54 860B030E */  lh      $t3, 0x030E($s0)           ## 0000030E
/* 00F88 808B0C58 E6040248 */  swc1    $f4, 0x0248($s0)           ## 00000248
/* 00F8C 808B0C5C E6060244 */  swc1    $f6, 0x0244($s0)           ## 00000244
/* 00F90 808B0C60 448B4000 */  mtc1    $t3, $f8                   ## $f8 = 0.00
/* 00F94 808B0C64 E7B00010 */  swc1    $f16, 0x0010($sp)          
/* 00F98 808B0C68 860D0312 */  lh      $t5, 0x0312($s0)           ## 00000312
/* 00F9C 808B0C6C 46804220 */  cvt.s.w $f8, $f8                   
/* 00FA0 808B0C70 240E0004 */  addiu   $t6, $zero, 0x0004         ## $t6 = 00000004
/* 00FA4 808B0C74 448D9000 */  mtc1    $t5, $f18                  ## $f18 = 0.00
/* 00FA8 808B0C78 AFAE0024 */  sw      $t6, 0x0024($sp)           
/* 00FAC 808B0C7C AFA00020 */  sw      $zero, 0x0020($sp)         
/* 00FB0 808B0C80 46809120 */  cvt.s.w $f4, $f18                  
/* 00FB4 808B0C84 44074000 */  mfc1    $a3, $f8                   
/* 00FB8 808B0C88 AFA0001C */  sw      $zero, 0x001C($sp)         
/* 00FBC 808B0C8C AFA00018 */  sw      $zero, 0x0018($sp)         
/* 00FC0 808B0C90 24A41CA0 */  addiu   $a0, $a1, 0x1CA0           ## $a0 = 00001CA0
/* 00FC4 808B0C94 0C02EB18 */  jal     func_800BAC60              
/* 00FC8 808B0C98 E7A40014 */  swc1    $f4, 0x0014($sp)           
.L808B0C9C:
/* 00FCC 808B0C9C 02002025 */  or      $a0, $s0, $zero            ## $a0 = 00000000
/* 00FD0 808B0CA0 0C22C1B4 */  jal     func_808B06D0              
/* 00FD4 808B0CA4 8FA5003C */  lw      $a1, 0x003C($sp)           
/* 00FD8 808B0CA8 10000002 */  beq     $zero, $zero, .L808B0CB4   
/* 00FDC 808B0CAC 24020001 */  addiu   $v0, $zero, 0x0001         ## $v0 = 00000001
.L808B0CB0:
/* 00FE0 808B0CB0 00001025 */  or      $v0, $zero, $zero          ## $v0 = 00000000
.L808B0CB4:
/* 00FE4 808B0CB4 8FBF0034 */  lw      $ra, 0x0034($sp)           
/* 00FE8 808B0CB8 8FB00030 */  lw      $s0, 0x0030($sp)           
/* 00FEC 808B0CBC 27BD0038 */  addiu   $sp, $sp, 0x0038           ## $sp = 00000000
/* 00FF0 808B0CC0 03E00008 */  jr      $ra                        
/* 00FF4 808B0CC4 00000000 */  nop


glabel func_808B0CC8
/* 00FF8 808B0CC8 27BDFFC0 */  addiu   $sp, $sp, 0xFFC0           ## $sp = FFFFFFC0
/* 00FFC 808B0CCC AFB10020 */  sw      $s1, 0x0020($sp)           
/* 01000 808B0CD0 AFB0001C */  sw      $s0, 0x001C($sp)           
/* 01004 808B0CD4 00808025 */  or      $s0, $a0, $zero            ## $s0 = 00000000
/* 01008 808B0CD8 00A08825 */  or      $s1, $a1, $zero            ## $s1 = 00000000
/* 0100C 808B0CDC AFBF0024 */  sw      $ra, 0x0024($sp)           
/* 01010 808B0CE0 02002025 */  or      $a0, $s0, $zero            ## $a0 = 00000000
/* 01014 808B0CE4 0C22C2E7 */  jal     func_808B0B9C              
/* 01018 808B0CE8 02202825 */  or      $a1, $s1, $zero            ## $a1 = 00000000
/* 0101C 808B0CEC 54400012 */  bnel    $v0, $zero, .L808B0D38     
/* 01020 808B0CF0 86020238 */  lh      $v0, 0x0238($s0)           ## 00000238
/* 01024 808B0CF4 920202F8 */  lbu     $v0, 0x02F8($s0)           ## 000002F8
/* 01028 808B0CF8 304E0004 */  andi    $t6, $v0, 0x0004           ## $t6 = 00000000
/* 0102C 808B0CFC 51C0000E */  beql    $t6, $zero, .L808B0D38     
/* 01030 808B0D00 86020238 */  lh      $v0, 0x0238($s0)           ## 00000238
/* 01034 808B0D04 921800B7 */  lbu     $t8, 0x00B7($s0)           ## 000000B7
/* 01038 808B0D08 304FFFF9 */  andi    $t7, $v0, 0xFFF9           ## $t7 = 00000000
/* 0103C 808B0D0C A20F02F8 */  sb      $t7, 0x02F8($s0)           ## 000002F8
/* 01040 808B0D10 17000006 */  bne     $t8, $zero, .L808B0D2C     
/* 01044 808B0D14 02002025 */  or      $a0, $s0, $zero            ## $a0 = 00000000
/* 01048 808B0D18 86190092 */  lh      $t9, 0x0092($s0)           ## 00000092
/* 0104C 808B0D1C 34018000 */  ori     $at, $zero, 0x8000         ## $at = 00008000
/* 01050 808B0D20 03214021 */  addu    $t0, $t9, $at              
/* 01054 808B0D24 10000003 */  beq     $zero, $zero, .L808B0D34   
/* 01058 808B0D28 A6080032 */  sh      $t0, 0x0032($s0)           ## 00000032
.L808B0D2C:
/* 0105C 808B0D2C 0C22C2B4 */  jal     func_808B0AD0              
/* 01060 808B0D30 02202825 */  or      $a1, $s1, $zero            ## $a1 = 00000000
.L808B0D34:
/* 01064 808B0D34 86020238 */  lh      $v0, 0x0238($s0)           ## 00000238
.L808B0D38:
/* 01068 808B0D38 10400002 */  beq     $v0, $zero, .L808B0D44     
/* 0106C 808B0D3C 2449FFFF */  addiu   $t1, $v0, 0xFFFF           ## $t1 = FFFFFFFF
/* 01070 808B0D40 A6090238 */  sh      $t1, 0x0238($s0)           ## 00000238
.L808B0D44:
/* 01074 808B0D44 8E190230 */  lw      $t9, 0x0230($s0)           ## 00000230
/* 01078 808B0D48 02002025 */  or      $a0, $s0, $zero            ## $a0 = 00000000
/* 0107C 808B0D4C 02202825 */  or      $a1, $s1, $zero            ## $a1 = 00000000
/* 01080 808B0D50 0320F809 */  jalr    $ra, $t9                   
/* 01084 808B0D54 00000000 */  nop
/* 01088 808B0D58 0C02DAA2 */  jal     func_800B6A88              
/* 0108C 808B0D5C 02002025 */  or      $a0, $s0, $zero            ## $a0 = 00000000
/* 01090 808B0D60 3C0141F0 */  lui     $at, 0x41F0                ## $at = 41F00000
/* 01094 808B0D64 44810000 */  mtc1    $at, $f0                   ## $f0 = 30.00
/* 01098 808B0D68 3C0142C8 */  lui     $at, 0x42C8                ## $at = 42C80000
/* 0109C 808B0D6C 44812000 */  mtc1    $at, $f4                   ## $f4 = 100.00
/* 010A0 808B0D70 240A001D */  addiu   $t2, $zero, 0x001D         ## $t2 = 0000001D
/* 010A4 808B0D74 44060000 */  mfc1    $a2, $f0                   
/* 010A8 808B0D78 44070000 */  mfc1    $a3, $f0                   
/* 010AC 808B0D7C AFAA0014 */  sw      $t2, 0x0014($sp)           
/* 010B0 808B0D80 02202025 */  or      $a0, $s1, $zero            ## $a0 = 00000000
/* 010B4 808B0D84 02002825 */  or      $a1, $s0, $zero            ## $a1 = 00000000
/* 010B8 808B0D88 0C02DE2E */  jal     func_800B78B8              
/* 010BC 808B0D8C E7A40010 */  swc1    $f4, 0x0010($sp)           
/* 010C0 808B0D90 02002025 */  or      $a0, $s0, $zero            ## $a0 = 00000000
/* 010C4 808B0D94 0C02D9D7 */  jal     func_800B675C              
/* 010C8 808B0D98 3C054280 */  lui     $a1, 0x4280                ## $a1 = 42800000
/* 010CC 808B0D9C 260502E8 */  addiu   $a1, $s0, 0x02E8           ## $a1 = 000002E8
/* 010D0 808B0DA0 AFA50030 */  sw      $a1, 0x0030($sp)           
/* 010D4 808B0DA4 0C039F7E */  jal     func_800E7DF8              
/* 010D8 808B0DA8 02002025 */  or      $a0, $s0, $zero            ## $a0 = 00000000
/* 010DC 808B0DAC 26050334 */  addiu   $a1, $s0, 0x0334           ## $a1 = 00000334
/* 010E0 808B0DB0 AFA5002C */  sw      $a1, 0x002C($sp)           
/* 010E4 808B0DB4 0C039F7E */  jal     func_800E7DF8              
/* 010E8 808B0DB8 02002025 */  or      $a0, $s0, $zero            ## $a0 = 00000000
/* 010EC 808B0DBC 3C010001 */  lui     $at, 0x0001                ## $at = 00010000
/* 010F0 808B0DC0 34218884 */  ori     $at, $at, 0x8884           ## $at = 00018884
/* 010F4 808B0DC4 02212821 */  addu    $a1, $s1, $at              
/* 010F8 808B0DC8 AFA50034 */  sw      $a1, 0x0034($sp)           
/* 010FC 808B0DCC 02202025 */  or      $a0, $s1, $zero            ## $a0 = 00000000
/* 01100 808B0DD0 0C038A4A */  jal     func_800E2928              
/* 01104 808B0DD4 8FA60030 */  lw      $a2, 0x0030($sp)           
/* 01108 808B0DD8 920B02F9 */  lbu     $t3, 0x02F9($s0)           ## 000002F9
/* 0110C 808B0DDC 02202025 */  or      $a0, $s1, $zero            ## $a0 = 00000000
/* 01110 808B0DE0 8FA50034 */  lw      $a1, 0x0034($sp)           
/* 01114 808B0DE4 316C0001 */  andi    $t4, $t3, 0x0001           ## $t4 = 00000000
/* 01118 808B0DE8 51800004 */  beql    $t4, $zero, .L808B0DFC     
/* 0111C 808B0DEC 02202025 */  or      $a0, $s1, $zero            ## $a0 = 00000000
/* 01120 808B0DF0 0C0389D0 */  jal     func_800E2740              
/* 01124 808B0DF4 8FA60030 */  lw      $a2, 0x0030($sp)           
/* 01128 808B0DF8 02202025 */  or      $a0, $s1, $zero            ## $a0 = 00000000
.L808B0DFC:
/* 0112C 808B0DFC 8FA50034 */  lw      $a1, 0x0034($sp)           
/* 01130 808B0E00 0C0389D0 */  jal     func_800E2740              
/* 01134 808B0E04 8FA6002C */  lw      $a2, 0x002C($sp)           
/* 01138 808B0E08 920D02F8 */  lbu     $t5, 0x02F8($s0)           ## 000002F8
/* 0113C 808B0E0C 31AE0001 */  andi    $t6, $t5, 0x0001           ## $t6 = 00000000
/* 01140 808B0E10 51C0000A */  beql    $t6, $zero, .L808B0E3C     
/* 01144 808B0E14 3C063D4C */  lui     $a2, 0x3D4C                ## $a2 = 3D4C0000
/* 01148 808B0E18 8E0F0004 */  lw      $t7, 0x0004($s0)           ## 00000004
/* 0114C 808B0E1C 3C010100 */  lui     $at, 0x0100                ## $at = 01000000
/* 01150 808B0E20 02202025 */  or      $a0, $s1, $zero            ## $a0 = 00000000
/* 01154 808B0E24 01E1C025 */  or      $t8, $t7, $at              ## $t8 = 01000000
/* 01158 808B0E28 AE180004 */  sw      $t8, 0x0004($s0)           ## 00000004
/* 0115C 808B0E2C 8FA60030 */  lw      $a2, 0x0030($sp)           
/* 01160 808B0E30 0C038956 */  jal     func_800E2558              
/* 01164 808B0E34 8FA50034 */  lw      $a1, 0x0034($sp)           
/* 01168 808B0E38 3C063D4C */  lui     $a2, 0x3D4C                ## $a2 = 3D4C0000
.L808B0E3C:
/* 0116C 808B0E3C 34C6CCCD */  ori     $a2, $a2, 0xCCCD           ## $a2 = 3D4CCCCD
/* 01170 808B0E40 26040244 */  addiu   $a0, $s0, 0x0244           ## $a0 = 00000244
/* 01174 808B0E44 0C03FC0F */  jal     func_800FF03C              
/* 01178 808B0E48 24050000 */  addiu   $a1, $zero, 0x0000         ## $a1 = 00000000
/* 0117C 808B0E4C 3C01808B */  lui     $at, %hi(D_808B11B4)       ## $at = 808B0000
/* 01180 808B0E50 C42211B4 */  lwc1    $f2, %lo(D_808B11B4)($at)  
/* 01184 808B0E54 3C013F80 */  lui     $at, 0x3F80                ## $at = 3F800000
/* 01188 808B0E58 44814000 */  mtc1    $at, $f8                   ## $f8 = 1.00
/* 0118C 808B0E5C C6060244 */  lwc1    $f6, 0x0244($s0)           ## 00000244
/* 01190 808B0E60 3C01808B */  lui     $at, %hi(D_808B11B8)       ## $at = 808B0000
/* 01194 808B0E64 C43011B8 */  lwc1    $f16, %lo(D_808B11B8)($at) 
/* 01198 808B0E68 46083280 */  add.s   $f10, $f6, $f8             
/* 0119C 808B0E6C 46105002 */  mul.s   $f0, $f10, $f16            
/* 011A0 808B0E70 4600103C */  c.lt.s  $f2, $f0                   
/* 011A4 808B0E74 E6000248 */  swc1    $f0, 0x0248($s0)           ## 00000248
/* 011A8 808B0E78 45020004 */  bc1fl   .L808B0E8C                 
/* 011AC 808B0E7C C6120248 */  lwc1    $f18, 0x0248($s0)          ## 00000248
/* 011B0 808B0E80 10000003 */  beq     $zero, $zero, .L808B0E90   
/* 011B4 808B0E84 E6020248 */  swc1    $f2, 0x0248($s0)           ## 00000248
/* 011B8 808B0E88 C6120248 */  lwc1    $f18, 0x0248($s0)          ## 00000248
.L808B0E8C:
/* 011BC 808B0E8C E6120248 */  swc1    $f18, 0x0248($s0)          ## 00000248
.L808B0E90:
/* 011C0 808B0E90 8FBF0024 */  lw      $ra, 0x0024($sp)           
/* 011C4 808B0E94 8FB0001C */  lw      $s0, 0x001C($sp)           
/* 011C8 808B0E98 8FB10020 */  lw      $s1, 0x0020($sp)           
/* 011CC 808B0E9C 03E00008 */  jr      $ra                        
/* 011D0 808B0EA0 27BD0040 */  addiu   $sp, $sp, 0x0040           ## $sp = 00000000


glabel func_808B0EA4
/* 011D4 808B0EA4 27BDFFD8 */  addiu   $sp, $sp, 0xFFD8           ## $sp = FFFFFFD8
/* 011D8 808B0EA8 AFBF0024 */  sw      $ra, 0x0024($sp)           
/* 011DC 808B0EAC AFB30020 */  sw      $s3, 0x0020($sp)           
/* 011E0 808B0EB0 AFB2001C */  sw      $s2, 0x001C($sp)           
/* 011E4 808B0EB4 AFB10018 */  sw      $s1, 0x0018($sp)           
/* 011E8 808B0EB8 AFB00014 */  sw      $s0, 0x0014($sp)           
/* 011EC 808B0EBC AFA40028 */  sw      $a0, 0x0028($sp)           
/* 011F0 808B0EC0 AFA60030 */  sw      $a2, 0x0030($sp)           
/* 011F4 808B0EC4 AFA70034 */  sw      $a3, 0x0034($sp)           
/* 011F8 808B0EC8 24010004 */  addiu   $at, $zero, 0x0004         ## $at = 00000004
/* 011FC 808B0ECC 00009025 */  or      $s2, $zero, $zero          ## $s2 = 00000000
/* 01200 808B0ED0 14A10007 */  bne     $a1, $at, .L808B0EF0       
/* 01204 808B0ED4 00008825 */  or      $s1, $zero, $zero          ## $s1 = 00000000
/* 01208 808B0ED8 8FB20038 */  lw      $s2, 0x0038($sp)           
/* 0120C 808B0EDC 3C11808B */  lui     $s1, %hi(D_808B1128)       ## $s1 = 808B0000
/* 01210 808B0EE0 26311128 */  addiu   $s1, $s1, %lo(D_808B1128)  ## $s1 = 808B1128
/* 01214 808B0EE4 24130005 */  addiu   $s3, $zero, 0x0005         ## $s3 = 00000005
/* 01218 808B0EE8 1000001B */  beq     $zero, $zero, .L808B0F58   
/* 0121C 808B0EEC 2652024C */  addiu   $s2, $s2, 0x024C           ## $s2 = 0000024C
.L808B0EF0:
/* 01220 808B0EF0 2401000D */  addiu   $at, $zero, 0x000D         ## $at = 0000000D
/* 01224 808B0EF4 14A10007 */  bne     $a1, $at, .L808B0F14       
/* 01228 808B0EF8 24020007 */  addiu   $v0, $zero, 0x0007         ## $v0 = 00000007
/* 0122C 808B0EFC 8FB20038 */  lw      $s2, 0x0038($sp)           
/* 01230 808B0F00 3C11808B */  lui     $s1, %hi(D_808B117C)       ## $s1 = 808B0000
/* 01234 808B0F04 2631117C */  addiu   $s1, $s1, %lo(D_808B117C)  ## $s1 = 808B117C
/* 01238 808B0F08 24130004 */  addiu   $s3, $zero, 0x0004         ## $s3 = 00000004
/* 0123C 808B0F0C 10000012 */  beq     $zero, $zero, .L808B0F58   
/* 01240 808B0F10 265202B8 */  addiu   $s2, $s2, 0x02B8           ## $s2 = 00000504
.L808B0F14:
/* 01244 808B0F14 10A20003 */  beq     $a1, $v0, .L808B0F24       
/* 01248 808B0F18 2401000A */  addiu   $at, $zero, 0x000A         ## $at = 0000000A
/* 0124C 808B0F1C 14A1000E */  bne     $a1, $at, .L808B0F58       
/* 01250 808B0F20 00009825 */  or      $s3, $zero, $zero          ## $s3 = 00000000
.L808B0F24:
/* 01254 808B0F24 14A20007 */  bne     $a1, $v0, .L808B0F44       
/* 01258 808B0F28 8FB20038 */  lw      $s2, 0x0038($sp)           
/* 0125C 808B0F2C 8FB20038 */  lw      $s2, 0x0038($sp)           
/* 01260 808B0F30 3C11808B */  lui     $s1, %hi(D_808B1164)       ## $s1 = 808B0000
/* 01264 808B0F34 26311164 */  addiu   $s1, $s1, %lo(D_808B1164)  ## $s1 = 808B1164
/* 01268 808B0F38 24130002 */  addiu   $s3, $zero, 0x0002         ## $s3 = 00000002
/* 0126C 808B0F3C 10000006 */  beq     $zero, $zero, .L808B0F58   
/* 01270 808B0F40 26520288 */  addiu   $s2, $s2, 0x0288           ## $s2 = 0000078C
.L808B0F44:
/* 01274 808B0F44 265202A0 */  addiu   $s2, $s2, 0x02A0           ## $s2 = 00000A2C
/* 01278 808B0F48 3C11808B */  lui     $s1, %hi(D_808B1164)       ## $s1 = 808B0000
/* 0127C 808B0F4C 26311164 */  addiu   $s1, $s1, %lo(D_808B1164)  ## $s1 = 808B1164
/* 01280 808B0F50 10000001 */  beq     $zero, $zero, .L808B0F58   
/* 01284 808B0F54 24130002 */  addiu   $s3, $zero, 0x0002         ## $s3 = 00000002
.L808B0F58:
/* 01288 808B0F58 1A600008 */  blez    $s3, .L808B0F7C            
/* 0128C 808B0F5C 00008025 */  or      $s0, $zero, $zero          ## $s0 = 00000000
.L808B0F60:
/* 01290 808B0F60 02202025 */  or      $a0, $s1, $zero            ## $a0 = 808B1164
/* 01294 808B0F64 0C0606A6 */  jal     func_80181A98              
/* 01298 808B0F68 02402825 */  or      $a1, $s2, $zero            ## $a1 = 00000A2C
/* 0129C 808B0F6C 26100001 */  addiu   $s0, $s0, 0x0001           ## $s0 = 00000001
/* 012A0 808B0F70 2652000C */  addiu   $s2, $s2, 0x000C           ## $s2 = 00000A38
/* 012A4 808B0F74 1613FFFA */  bne     $s0, $s3, .L808B0F60       
/* 012A8 808B0F78 2631000C */  addiu   $s1, $s1, 0x000C           ## $s1 = 808B1170
.L808B0F7C:
/* 012AC 808B0F7C 8FBF0024 */  lw      $ra, 0x0024($sp)           
/* 012B0 808B0F80 8FB00014 */  lw      $s0, 0x0014($sp)           
/* 012B4 808B0F84 8FB10018 */  lw      $s1, 0x0018($sp)           
/* 012B8 808B0F88 8FB2001C */  lw      $s2, 0x001C($sp)           
/* 012BC 808B0F8C 8FB30020 */  lw      $s3, 0x0020($sp)           
/* 012C0 808B0F90 03E00008 */  jr      $ra                        
/* 012C4 808B0F94 27BD0028 */  addiu   $sp, $sp, 0x0028           ## $sp = 00000000


glabel func_808B0F98
/* 012C8 808B0F98 27BDFFD0 */  addiu   $sp, $sp, 0xFFD0           ## $sp = FFFFFFD0
/* 012CC 808B0F9C AFB00028 */  sw      $s0, 0x0028($sp)           
/* 012D0 808B0FA0 00808025 */  or      $s0, $a0, $zero            ## $s0 = 00000000
/* 012D4 808B0FA4 AFBF002C */  sw      $ra, 0x002C($sp)           
/* 012D8 808B0FA8 AFA50034 */  sw      $a1, 0x0034($sp)           
/* 012DC 808B0FAC 8FAE0034 */  lw      $t6, 0x0034($sp)           
/* 012E0 808B0FB0 3C18801C */  lui     $t8, 0x801C                ## $t8 = 801C0000
/* 012E4 808B0FB4 271813A0 */  addiu   $t8, $t8, 0x13A0           ## $t8 = 801C13A0
/* 012E8 808B0FB8 8DC30000 */  lw      $v1, 0x0000($t6)           ## 00000000
/* 012EC 808B0FBC 3C0FDE00 */  lui     $t7, 0xDE00                ## $t7 = DE000000
/* 012F0 808B0FC0 3C19FB00 */  lui     $t9, 0xFB00                ## $t9 = FB000000
/* 012F4 808B0FC4 8C6202B0 */  lw      $v0, 0x02B0($v1)           ## 000002B0
/* 012F8 808B0FC8 AC4F0000 */  sw      $t7, 0x0000($v0)           ## 00000000
/* 012FC 808B0FCC AC580004 */  sw      $t8, 0x0004($v0)           ## 00000004
/* 01300 808B0FD0 AC590008 */  sw      $t9, 0x0008($v0)           ## 00000008
/* 01304 808B0FD4 92090234 */  lbu     $t1, 0x0234($s0)           ## 00000234
/* 01308 808B0FD8 244A0010 */  addiu   $t2, $v0, 0x0010           ## $t2 = 00000010
/* 0130C 808B0FDC 00003825 */  or      $a3, $zero, $zero          ## $a3 = 00000000
/* 01310 808B0FE0 AC49000C */  sw      $t1, 0x000C($v0)           ## 0000000C
/* 01314 808B0FE4 AC6A02B0 */  sw      $t2, 0x02B0($v1)           ## 000002B0
/* 01318 808B0FE8 3C0B808B */  lui     $t3, %hi(func_808B0EA4)    ## $t3 = 808B0000
/* 0131C 808B0FEC 256B0EA4 */  addiu   $t3, $t3, %lo(func_808B0EA4) ## $t3 = 808B0EA4
/* 01320 808B0FF0 8E060164 */  lw      $a2, 0x0164($s0)           ## 00000164
/* 01324 808B0FF4 8E050148 */  lw      $a1, 0x0148($s0)           ## 00000148
/* 01328 808B0FF8 AFB00014 */  sw      $s0, 0x0014($sp)           
/* 0132C 808B0FFC AFAB0010 */  sw      $t3, 0x0010($sp)           
/* 01330 808B1000 0C04CECF */  jal     func_80133B3C              
/* 01334 808B1004 8FA40034 */  lw      $a0, 0x0034($sp)           
/* 01338 808B1008 C6040248 */  lwc1    $f4, 0x0248($s0)           ## 00000248
/* 0133C 808B100C 44803000 */  mtc1    $zero, $f6                 ## $f6 = 0.00
/* 01340 808B1010 240C0014 */  addiu   $t4, $zero, 0x0014         ## $t4 = 00000014
/* 01344 808B1014 E7A40010 */  swc1    $f4, 0x0010($sp)           
/* 01348 808B1018 E7A60014 */  swc1    $f6, 0x0014($sp)           
/* 0134C 808B101C C6080244 */  lwc1    $f8, 0x0244($s0)           ## 00000244
/* 01350 808B1020 AFAC001C */  sw      $t4, 0x001C($sp)           
/* 01354 808B1024 8FA40034 */  lw      $a0, 0x0034($sp)           
/* 01358 808B1028 02002825 */  or      $a1, $s0, $zero            ## $a1 = 00000000
/* 0135C 808B102C 2606024C */  addiu   $a2, $s0, 0x024C           ## $a2 = 0000024C
/* 01360 808B1030 2407000D */  addiu   $a3, $zero, 0x000D         ## $a3 = 0000000D
/* 01364 808B1034 0C02F9A0 */  jal     func_800BE680              
/* 01368 808B1038 E7A80018 */  swc1    $f8, 0x0018($sp)           
/* 0136C 808B103C 8FBF002C */  lw      $ra, 0x002C($sp)           
/* 01370 808B1040 8FB00028 */  lw      $s0, 0x0028($sp)           
/* 01374 808B1044 27BD0030 */  addiu   $sp, $sp, 0x0030           ## $sp = 00000000
/* 01378 808B1048 03E00008 */  jr      $ra                        
/* 0137C 808B104C 00000000 */  nop

.section .data

D_808B1050: .word 0x00320500, 0x00000405, 0x00300000, 0x00000380
.word func_808AFCD0
.word func_808AFDF8
.word func_808B0CC8
.word func_808B0F98
D_808B1070: .word \
0x05100939, 0x10010000, 0x00000000, 0xF7CFFFFF, \
0x00080000, 0x81C2C788, 0x00000000, 0x01050100, \
0x00170062, 0x00000000, 0x00000000
D_808B109C: .word \
0x09000D00, 0x00010000, 0x00000000, 0x00000000, \
0x00000000, 0x760D3877, 0x00000000, 0x00010000, \
0x00170062, 0x00000000, 0x00000000
D_808B10C8: .word \
0xF0F0F0F1, 0xF0F000D0, 0x010101F0, 0xF0F00101, \
0xF002F000, 0x00000101, 0x01000000, 0x000000F1
D_808B10E8: .word 0x01000017, 0x0062FE00
D_808B10F0: .word 0xC858000E, 0x891F0013, 0xB874F060, 0x305407D0
D_808B1100: .word 0x00000000, 0xBFC00000, 0x00000000
D_808B110C: .word 0x00000000, 0xBE4CCCCD, 0x00000000
D_808B1118: .word 0x64646400
D_808B111C: .word 0x28282800
D_808B1120: .word 0x969696FF
D_808B1124: .word 0x64646496
D_808B1128: .word \
0x4592E000, 0xC3FA0000, 0x44E10000, 0x4592E000, \
0xC3FA0000, 0xC4E10000, 0x44FA0000, 0xC4BB8000, \
0x00000000, 0x44FA0000, 0x00000000, 0xC4BB8000, \
0x44FA0000, 0x00000000, 0x44BB8000
D_808B1164: .word \
0x00000000, 0xC53B8000, 0x00000000, 0x442F0000, \
0xC4480000, 0x00000000
D_808B117C: .word \
0x44480000, 0x447A0000, 0xC47A0000, 0x44480000, \
0x447A0000, 0x447A0000, 0x44480000, 0xC47A0000, \
0x447A0000, 0x44480000, 0xC47A0000, 0xC47A0000, \
0x00000000

.section .rodata

D_808B11B0: .word 0x3F333333
D_808B11B4: .word 0x3F333333
D_808B11B8: .word 0x3EB33333, 0x00000000


.section .rodata
D_808B11C0:
.incbin "baserom/En_Am", 0x14F0, 0x00000170
