.include "macro.inc"

# assembler directives
.set noat      # allow manual use of $at
.set noreorder # don't insert nops after branches
.set gp=64     # allow use of 64-bit general purpose registers

.section .text
glabel func_808BF220
/* 00000 808BF220 27BDFFD0 */  addiu   $sp, $sp, 0xFFD0           ## $sp = FFFFFFD0
/* 00004 808BF224 AFB00028 */  sw      $s0, 0x0028($sp)           
/* 00008 808BF228 00808025 */  or      $s0, $a0, $zero            ## $s0 = 00000000
/* 0000C 808BF22C AFBF002C */  sw      $ra, 0x002C($sp)           
/* 00010 808BF230 AFA50034 */  sw      $a1, 0x0034($sp)           
/* 00014 808BF234 3C05808C */  lui     $a1, %hi(D_808C0DD4)       ## $a1 = 808C0000
/* 00018 808BF238 24A50DD4 */  addiu   $a1, $a1, %lo(D_808C0DD4)  ## $a1 = 808C0DD4
/* 0001C 808BF23C 0C03FEB7 */  jal     func_800FFADC              
/* 00020 808BF240 02002025 */  or      $a0, $s0, $zero            ## $a0 = 00000000
/* 00024 808BF244 3C060600 */  lui     $a2, 0x0600                ## $a2 = 06000000
/* 00028 808BF248 3C070600 */  lui     $a3, 0x0600                ## $a3 = 06000000
/* 0002C 808BF24C 260E0188 */  addiu   $t6, $s0, 0x0188           ## $t6 = 00000188
/* 00030 808BF250 260F01E8 */  addiu   $t7, $s0, 0x01E8           ## $t7 = 000001E8
/* 00034 808BF254 24180010 */  addiu   $t8, $zero, 0x0010         ## $t8 = 00000010
/* 00038 808BF258 AFB80018 */  sw      $t8, 0x0018($sp)           
/* 0003C 808BF25C AFAF0014 */  sw      $t7, 0x0014($sp)           
/* 00040 808BF260 AFAE0010 */  sw      $t6, 0x0010($sp)           
/* 00044 808BF264 24E70444 */  addiu   $a3, $a3, 0x0444           ## $a3 = 06000444
/* 00048 808BF268 24C61A30 */  addiu   $a2, $a2, 0x1A30           ## $a2 = 06001A30
/* 0004C 808BF26C 8FA40034 */  lw      $a0, 0x0034($sp)           
/* 00050 808BF270 0C04DA9F */  jal     func_80136A7C              
/* 00054 808BF274 26050144 */  addiu   $a1, $s0, 0x0144           ## $a1 = 00000144
/* 00058 808BF278 3C05808C */  lui     $a1, %hi(D_808C0DAC)       ## $a1 = 808C0000
/* 0005C 808BF27C 3C06808C */  lui     $a2, %hi(D_808C0DCC)       ## $a2 = 808C0000
/* 00060 808BF280 24C60DCC */  addiu   $a2, $a2, %lo(D_808C0DCC)  ## $a2 = 808C0DCC
/* 00064 808BF284 24A50DAC */  addiu   $a1, $a1, %lo(D_808C0DAC)  ## $a1 = 808C0DAC
/* 00068 808BF288 0C039D4C */  jal     func_800E7530              
/* 0006C 808BF28C 260400A0 */  addiu   $a0, $s0, 0x00A0           ## $a0 = 000000A0
/* 00070 808BF290 3C07808C */  lui     $a3, %hi(D_808C0D9C)       ## $a3 = 808C0000
/* 00074 808BF294 261903A4 */  addiu   $t9, $s0, 0x03A4           ## $t9 = 000003A4
/* 00078 808BF298 AFB90010 */  sw      $t9, 0x0010($sp)           
/* 0007C 808BF29C 24E70D9C */  addiu   $a3, $a3, %lo(D_808C0D9C)  ## $a3 = 808C0D9C
/* 00080 808BF2A0 8FA40034 */  lw      $a0, 0x0034($sp)           
/* 00084 808BF2A4 26050384 */  addiu   $a1, $s0, 0x0384           ## $a1 = 00000384
/* 00088 808BF2A8 0C0383C5 */  jal     func_800E0F14              
/* 0008C 808BF2AC 02003025 */  or      $a2, $s0, $zero            ## $a2 = 00000000
/* 00090 808BF2B0 3C0544BB */  lui     $a1, 0x44BB                ## $a1 = 44BB0000
/* 00094 808BF2B4 3C06800B */  lui     $a2, 0x800B                ## $a2 = 800B0000
/* 00098 808BF2B8 24C63FC0 */  addiu   $a2, $a2, 0x3FC0           ## $a2 = 800B3FC0
/* 0009C 808BF2BC 34A58000 */  ori     $a1, $a1, 0x8000           ## $a1 = 44BB8000
/* 000A0 808BF2C0 260400BC */  addiu   $a0, $s0, 0x00BC           ## $a0 = 000000BC
/* 000A4 808BF2C4 0C02CEE9 */  jal     func_800B3BA4              
/* 000A8 808BF2C8 3C07420C */  lui     $a3, 0x420C                ## $a3 = 420C0000
/* 000AC 808BF2CC A6000250 */  sh      $zero, 0x0250($s0)         ## 00000250
/* 000B0 808BF2D0 0C22FD78 */  jal     func_808BF5E0              
/* 000B4 808BF2D4 02002025 */  or      $a0, $s0, $zero            ## $a0 = 00000000
/* 000B8 808BF2D8 02002025 */  or      $a0, $s0, $zero            ## $a0 = 00000000
/* 000BC 808BF2DC 0C02D9D7 */  jal     func_800B675C              
/* 000C0 808BF2E0 24050000 */  addiu   $a1, $zero, 0x0000         ## $a1 = 00000000
/* 000C4 808BF2E4 00001825 */  or      $v1, $zero, $zero          ## $v1 = 00000000
/* 000C8 808BF2E8 240400C0 */  addiu   $a0, $zero, 0x00C0         ## $a0 = 000000C0
.L808BF2EC:
/* 000CC 808BF2EC 8E0803A0 */  lw      $t0, 0x03A0($s0)           ## 000003A0
/* 000D0 808BF2F0 01031021 */  addu    $v0, $t0, $v1              
/* 000D4 808BF2F4 8449002E */  lh      $t1, 0x002E($v0)           ## 0000002E
/* 000D8 808BF2F8 24630040 */  addiu   $v1, $v1, 0x0040           ## $v1 = 00000040
/* 000DC 808BF2FC 1464FFFB */  bne     $v1, $a0, .L808BF2EC       
/* 000E0 808BF300 A4490036 */  sh      $t1, 0x0036($v0)           ## 00000036
/* 000E4 808BF304 8FBF002C */  lw      $ra, 0x002C($sp)           
/* 000E8 808BF308 8FB00028 */  lw      $s0, 0x0028($sp)           
/* 000EC 808BF30C 27BD0030 */  addiu   $sp, $sp, 0x0030           ## $sp = 00000000
/* 000F0 808BF310 03E00008 */  jr      $ra                        
/* 000F4 808BF314 00000000 */  nop


glabel func_808BF318
/* 000F8 808BF318 27BDFFE8 */  addiu   $sp, $sp, 0xFFE8           ## $sp = FFFFFFE8
/* 000FC 808BF31C AFBF0014 */  sw      $ra, 0x0014($sp)           
/* 00100 808BF320 00803025 */  or      $a2, $a0, $zero            ## $a2 = 00000000
/* 00104 808BF324 00A03825 */  or      $a3, $a1, $zero            ## $a3 = 00000000
/* 00108 808BF328 00E02025 */  or      $a0, $a3, $zero            ## $a0 = 00000000
/* 0010C 808BF32C 0C038306 */  jal     func_800E0C18              
/* 00110 808BF330 24C50384 */  addiu   $a1, $a2, 0x0384           ## $a1 = 00000384
/* 00114 808BF334 8FBF0014 */  lw      $ra, 0x0014($sp)           
/* 00118 808BF338 27BD0018 */  addiu   $sp, $sp, 0x0018           ## $sp = 00000000
/* 0011C 808BF33C 03E00008 */  jr      $ra                        
/* 00120 808BF340 00000000 */  nop


glabel func_808BF344
/* 00124 808BF344 27BDFFE0 */  addiu   $sp, $sp, 0xFFE0           ## $sp = FFFFFFE0
/* 00128 808BF348 AFBF001C */  sw      $ra, 0x001C($sp)           
/* 0012C 808BF34C 240E000A */  addiu   $t6, $zero, 0x000A         ## $t6 = 0000000A
/* 00130 808BF350 A08E024F */  sb      $t6, 0x024F($a0)           ## 0000024F
/* 00134 808BF354 3C01808C */  lui     $at, %hi(D_808C0E00)       ## $at = 808C0000
/* 00138 808BF358 C4240E00 */  lwc1    $f4, %lo(D_808C0E00)($at)  
/* 0013C 808BF35C 3C01808C */  lui     $at, %hi(D_808C0E04)       ## $at = 808C0000
/* 00140 808BF360 8C980004 */  lw      $t8, 0x0004($a0)           ## 00000004
/* 00144 808BF364 E4840260 */  swc1    $f4, 0x0260($a0)           ## 00000260
/* 00148 808BF368 C4260E04 */  lwc1    $f6, %lo(D_808C0E04)($at)  
/* 0014C 808BF36C 3C013F80 */  lui     $at, 0x3F80                ## $at = 3F800000
/* 00150 808BF370 44814000 */  mtc1    $at, $f8                   ## $f8 = 1.00
/* 00154 808BF374 2401FDFF */  addiu   $at, $zero, 0xFDFF         ## $at = FFFFFDFF
/* 00158 808BF378 240F0050 */  addiu   $t7, $zero, 0x0050         ## $t7 = 00000050
/* 0015C 808BF37C 0301C824 */  and     $t9, $t8, $at              
/* 00160 808BF380 A48F0250 */  sh      $t7, 0x0250($a0)           ## 00000250
/* 00164 808BF384 AC990004 */  sw      $t9, 0x0004($a0)           ## 00000004
/* 00168 808BF388 24080050 */  addiu   $t0, $zero, 0x0050         ## $t0 = 00000050
/* 0016C 808BF38C E4860264 */  swc1    $f6, 0x0264($a0)           ## 00000264
/* 00170 808BF390 E488025C */  swc1    $f8, 0x025C($a0)           ## 0000025C
/* 00174 808BF394 AFA80010 */  sw      $t0, 0x0010($sp)           
/* 00178 808BF398 24054000 */  addiu   $a1, $zero, 0x4000         ## $a1 = 00004000
/* 0017C 808BF39C 240600FF */  addiu   $a2, $zero, 0x00FF         ## $a2 = 000000FF
/* 00180 808BF3A0 0C02F2DC */  jal     func_800BCB70              
/* 00184 808BF3A4 00003825 */  or      $a3, $zero, $zero          ## $a3 = 00000000
/* 00188 808BF3A8 8FBF001C */  lw      $ra, 0x001C($sp)           
/* 0018C 808BF3AC 27BD0020 */  addiu   $sp, $sp, 0x0020           ## $sp = 00000000
/* 00190 808BF3B0 03E00008 */  jr      $ra                        
/* 00194 808BF3B4 00000000 */  nop


glabel func_808BF3B8
/* 00198 808BF3B8 27BDFFD0 */  addiu   $sp, $sp, 0xFFD0           ## $sp = FFFFFFD0
/* 0019C 808BF3BC AFB00028 */  sw      $s0, 0x0028($sp)           
/* 001A0 808BF3C0 00808025 */  or      $s0, $a0, $zero            ## $s0 = 00000000
/* 001A4 808BF3C4 AFBF002C */  sw      $ra, 0x002C($sp)           
/* 001A8 808BF3C8 AFA50034 */  sw      $a1, 0x0034($sp)           
/* 001AC 808BF3CC 920E024F */  lbu     $t6, 0x024F($s0)           ## 0000024F
/* 001B0 808BF3D0 2401000A */  addiu   $at, $zero, 0x000A         ## $at = 0000000A
/* 001B4 808BF3D4 02002825 */  or      $a1, $s0, $zero            ## $a1 = 00000000
/* 001B8 808BF3D8 15C10012 */  bne     $t6, $at, .L808BF424       
/* 001BC 808BF3DC 260602B0 */  addiu   $a2, $s0, 0x02B0           ## $a2 = 000002B0
/* 001C0 808BF3E0 44802000 */  mtc1    $zero, $f4                 ## $f4 = 0.00
/* 001C4 808BF3E4 A200024F */  sb      $zero, 0x024F($s0)         ## 0000024F
/* 001C8 808BF3E8 3C01808C */  lui     $at, %hi(D_808C0E08)       ## $at = 808C0000
/* 001CC 808BF3EC E604025C */  swc1    $f4, 0x025C($s0)           ## 0000025C
/* 001D0 808BF3F0 C4260E08 */  lwc1    $f6, %lo(D_808C0E08)($at)  
/* 001D4 808BF3F4 3C01808C */  lui     $at, %hi(D_808C0E0C)       ## $at = 808C0000
/* 001D8 808BF3F8 C4280E0C */  lwc1    $f8, %lo(D_808C0E0C)($at)  
/* 001DC 808BF3FC 240F0002 */  addiu   $t7, $zero, 0x0002         ## $t7 = 00000002
/* 001E0 808BF400 AFAF0010 */  sw      $t7, 0x0010($sp)           
/* 001E4 808BF404 8FA40034 */  lw      $a0, 0x0034($sp)           
/* 001E8 808BF408 24070005 */  addiu   $a3, $zero, 0x0005         ## $a3 = 00000005
/* 001EC 808BF40C E7A60014 */  swc1    $f6, 0x0014($sp)           
/* 001F0 808BF410 0C02FDF3 */  jal     func_800BF7CC              
/* 001F4 808BF414 E7A80018 */  swc1    $f8, 0x0018($sp)           
/* 001F8 808BF418 8E180004 */  lw      $t8, 0x0004($s0)           ## 00000004
/* 001FC 808BF41C 37190200 */  ori     $t9, $t8, 0x0200           ## $t9 = 00000200
/* 00200 808BF420 AE190004 */  sw      $t9, 0x0004($s0)           ## 00000004
.L808BF424:
/* 00204 808BF424 8FBF002C */  lw      $ra, 0x002C($sp)           
/* 00208 808BF428 8FB00028 */  lw      $s0, 0x0028($sp)           
/* 0020C 808BF42C 27BD0030 */  addiu   $sp, $sp, 0x0030           ## $sp = 00000000
/* 00210 808BF430 03E00008 */  jr      $ra                        
/* 00214 808BF434 00000000 */  nop


glabel func_808BF438
/* 00218 808BF438 27BDFFE0 */  addiu   $sp, $sp, 0xFFE0           ## $sp = FFFFFFE0
/* 0021C 808BF43C AFBF0014 */  sw      $ra, 0x0014($sp)           
/* 00220 808BF440 AFA50024 */  sw      $a1, 0x0024($sp)           
/* 00224 808BF444 00803825 */  or      $a3, $a0, $zero            ## $a3 = 00000000
/* 00228 808BF448 8FA40024 */  lw      $a0, 0x0024($sp)           
/* 0022C 808BF44C 8CE50080 */  lw      $a1, 0x0080($a3)           ## 00000080
/* 00230 808BF450 90E60085 */  lbu     $a2, 0x0085($a3)           ## 00000085
/* 00234 808BF454 24840830 */  addiu   $a0, $a0, 0x0830           ## $a0 = 00000830
/* 00238 808BF458 AFA40018 */  sw      $a0, 0x0018($sp)           
/* 0023C 808BF45C 0C0327A2 */  jal     func_800C9E88              
/* 00240 808BF460 AFA70020 */  sw      $a3, 0x0020($sp)           
/* 00244 808BF464 8FA40018 */  lw      $a0, 0x0018($sp)           
/* 00248 808BF468 1440000D */  bne     $v0, $zero, .L808BF4A0     
/* 0024C 808BF46C 8FA70020 */  lw      $a3, 0x0020($sp)           
/* 00250 808BF470 8CE50080 */  lw      $a1, 0x0080($a3)           ## 00000080
/* 00254 808BF474 0C032675 */  jal     func_800C99D4              
/* 00258 808BF478 90E60085 */  lbu     $a2, 0x0085($a3)           ## 00000085
/* 0025C 808BF47C 24010002 */  addiu   $at, $zero, 0x0002         ## $at = 00000002
/* 00260 808BF480 10410005 */  beq     $v0, $at, .L808BF498       
/* 00264 808BF484 24010003 */  addiu   $at, $zero, 0x0003         ## $at = 00000003
/* 00268 808BF488 10410003 */  beq     $v0, $at, .L808BF498       
/* 0026C 808BF48C 24010009 */  addiu   $at, $zero, 0x0009         ## $at = 00000009
/* 00270 808BF490 54410004 */  bnel    $v0, $at, .L808BF4A4       
/* 00274 808BF494 00001025 */  or      $v0, $zero, $zero          ## $v0 = 00000000
.L808BF498:
/* 00278 808BF498 10000002 */  beq     $zero, $zero, .L808BF4A4   
/* 0027C 808BF49C 24020001 */  addiu   $v0, $zero, 0x0001         ## $v0 = 00000001
.L808BF4A0:
/* 00280 808BF4A0 00001025 */  or      $v0, $zero, $zero          ## $v0 = 00000000
.L808BF4A4:
/* 00284 808BF4A4 8FBF0014 */  lw      $ra, 0x0014($sp)           
/* 00288 808BF4A8 27BD0020 */  addiu   $sp, $sp, 0x0020           ## $sp = 00000000
/* 0028C 808BF4AC 03E00008 */  jr      $ra                        
/* 00290 808BF4B0 00000000 */  nop


glabel func_808BF4B4
/* 00294 808BF4B4 27BDFFE0 */  addiu   $sp, $sp, 0xFFE0           ## $sp = FFFFFFE0
/* 00298 808BF4B8 AFBF0014 */  sw      $ra, 0x0014($sp)           
/* 0029C 808BF4BC AFA40020 */  sw      $a0, 0x0020($sp)           
/* 002A0 808BF4C0 8FA40020 */  lw      $a0, 0x0020($sp)           
/* 002A4 808BF4C4 24050000 */  addiu   $a1, $zero, 0x0000         ## $a1 = 00000000
/* 002A8 808BF4C8 24840144 */  addiu   $a0, $a0, 0x0144           ## $a0 = 00000144
/* 002AC 808BF4CC 0C04DE2E */  jal     func_801378B8              
/* 002B0 808BF4D0 AFA4001C */  sw      $a0, 0x001C($sp)           
/* 002B4 808BF4D4 14400005 */  bne     $v0, $zero, .L808BF4EC     
/* 002B8 808BF4D8 8FA4001C */  lw      $a0, 0x001C($sp)           
/* 002BC 808BF4DC 0C04DE2E */  jal     func_801378B8              
/* 002C0 808BF4E0 3C0540A0 */  lui     $a1, 0x40A0                ## $a1 = 40A00000
/* 002C4 808BF4E4 50400005 */  beql    $v0, $zero, .L808BF4FC     
/* 002C8 808BF4E8 8FA40020 */  lw      $a0, 0x0020($sp)           
.L808BF4EC:
/* 002CC 808BF4EC 8FA40020 */  lw      $a0, 0x0020($sp)           
/* 002D0 808BF4F0 0C02E3B2 */  jal     func_800B8EC8              
/* 002D4 808BF4F4 240538C9 */  addiu   $a1, $zero, 0x38C9         ## $a1 = 000038C9
/* 002D8 808BF4F8 8FA40020 */  lw      $a0, 0x0020($sp)           
.L808BF4FC:
/* 002DC 808BF4FC 0C02E404 */  jal     func_800B9010              
/* 002E0 808BF500 240530CF */  addiu   $a1, $zero, 0x30CF         ## $a1 = 000030CF
/* 002E4 808BF504 8FBF0014 */  lw      $ra, 0x0014($sp)           
/* 002E8 808BF508 27BD0020 */  addiu   $sp, $sp, 0x0020           ## $sp = 00000000
/* 002EC 808BF50C 03E00008 */  jr      $ra                        
/* 002F0 808BF510 00000000 */  nop


glabel func_808BF514
/* 002F4 808BF514 94820090 */  lhu     $v0, 0x0090($a0)           ## 00000090
/* 002F8 808BF518 304E0008 */  andi    $t6, $v0, 0x0008           ## $t6 = 00000000
/* 002FC 808BF51C 11C00014 */  beq     $t6, $zero, .L808BF570     
/* 00300 808BF520 00000000 */  nop
/* 00304 808BF524 848500BE */  lh      $a1, 0x00BE($a0)           ## 000000BE
/* 00308 808BF528 84860086 */  lh      $a2, 0x0086($a0)           ## 00000086
/* 0030C 808BF52C 00A61823 */  subu    $v1, $a1, $a2              
/* 00310 808BF530 00031C00 */  sll     $v1, $v1, 16               
/* 00314 808BF534 00031C03 */  sra     $v1, $v1, 16               
/* 00318 808BF538 04610003 */  bgez    $v1, .L808BF548            
/* 0031C 808BF53C 00603825 */  or      $a3, $v1, $zero            ## $a3 = 00000000
/* 00320 808BF540 10000001 */  beq     $zero, $zero, .L808BF548   
/* 00324 808BF544 00033823 */  subu    $a3, $zero, $v1            
.L808BF548:
/* 00328 808BF548 28E14001 */  slti    $at, $a3, 0x4001           
/* 0032C 808BF54C 14200006 */  bne     $at, $zero, .L808BF568     
/* 00330 808BF550 00067840 */  sll     $t7, $a2,  1               
/* 00334 808BF554 01E5C023 */  subu    $t8, $t7, $a1              
/* 00338 808BF558 24018000 */  addiu   $at, $zero, 0x8000         ## $at = FFFF8000
/* 0033C 808BF55C 0301C821 */  addu    $t9, $t8, $at              
/* 00340 808BF560 A49900BE */  sh      $t9, 0x00BE($a0)           ## 000000BE
/* 00344 808BF564 94820090 */  lhu     $v0, 0x0090($a0)           ## 00000090
.L808BF568:
/* 00348 808BF568 3048FFF7 */  andi    $t0, $v0, 0xFFF7           ## $t0 = 00000000
/* 0034C 808BF56C A4880090 */  sh      $t0, 0x0090($a0)           ## 00000090
.L808BF570:
/* 00350 808BF570 03E00008 */  jr      $ra                        
/* 00354 808BF574 00000000 */  nop


glabel func_808BF578
/* 00358 808BF578 8C8F03A0 */  lw      $t7, 0x03A0($a0)           ## 000003A0
/* 0035C 808BF57C 240E0001 */  addiu   $t6, $zero, 0x0001         ## $t6 = 00000001
/* 00360 808BF580 A1EE0004 */  sb      $t6, 0x0004($t7)           ## 00000004
/* 00364 808BF584 8C8203A0 */  lw      $v0, 0x03A0($a0)           ## 000003A0
/* 00368 808BF588 90580055 */  lbu     $t8, 0x0055($v0)           ## 00000055
/* 0036C 808BF58C 37190001 */  ori     $t9, $t8, 0x0001           ## $t9 = 00000001
/* 00370 808BF590 A0590055 */  sb      $t9, 0x0055($v0)           ## 00000055
/* 00374 808BF594 8C8203A0 */  lw      $v0, 0x03A0($a0)           ## 000003A0
/* 00378 808BF598 90480095 */  lbu     $t0, 0x0095($v0)           ## 00000095
/* 0037C 808BF59C 35090001 */  ori     $t1, $t0, 0x0001           ## $t1 = 00000001
/* 00380 808BF5A0 A0490095 */  sb      $t1, 0x0095($v0)           ## 00000095
/* 00384 808BF5A4 03E00008 */  jr      $ra                        
/* 00388 808BF5A8 00000000 */  nop


glabel func_808BF5AC
/* 0038C 808BF5AC 2403FFFE */  addiu   $v1, $zero, 0xFFFE         ## $v1 = FFFFFFFE
/* 00390 808BF5B0 8C8E03A0 */  lw      $t6, 0x03A0($a0)           ## 000003A0
/* 00394 808BF5B4 A1C00004 */  sb      $zero, 0x0004($t6)         ## 00000004
/* 00398 808BF5B8 8C8203A0 */  lw      $v0, 0x03A0($a0)           ## 000003A0
/* 0039C 808BF5BC 904F0055 */  lbu     $t7, 0x0055($v0)           ## 00000055
/* 003A0 808BF5C0 01E3C024 */  and     $t8, $t7, $v1              
/* 003A4 808BF5C4 A0580055 */  sb      $t8, 0x0055($v0)           ## 00000055
/* 003A8 808BF5C8 8C8203A0 */  lw      $v0, 0x03A0($a0)           ## 000003A0
/* 003AC 808BF5CC 90590095 */  lbu     $t9, 0x0095($v0)           ## 00000095
/* 003B0 808BF5D0 03234024 */  and     $t0, $t9, $v1              
/* 003B4 808BF5D4 A0480095 */  sb      $t0, 0x0095($v0)           ## 00000095
/* 003B8 808BF5D8 03E00008 */  jr      $ra                        
/* 003BC 808BF5DC 00000000 */  nop


glabel func_808BF5E0
/* 003C0 808BF5E0 27BDFFC8 */  addiu   $sp, $sp, 0xFFC8           ## $sp = FFFFFFC8
/* 003C4 808BF5E4 AFB30028 */  sw      $s3, 0x0028($sp)           
/* 003C8 808BF5E8 00809825 */  or      $s3, $a0, $zero            ## $s3 = 00000000
/* 003CC 808BF5EC AFBF0034 */  sw      $ra, 0x0034($sp)           
/* 003D0 808BF5F0 AFB50030 */  sw      $s5, 0x0030($sp)           
/* 003D4 808BF5F4 AFB4002C */  sw      $s4, 0x002C($sp)           
/* 003D8 808BF5F8 AFB20024 */  sw      $s2, 0x0024($sp)           
/* 003DC 808BF5FC AFB10020 */  sw      $s1, 0x0020($sp)           
/* 003E0 808BF600 AFB0001C */  sw      $s0, 0x001C($sp)           
/* 003E4 808BF604 F7B40010 */  sdc1    $f20, 0x0010($sp)          
/* 003E8 808BF608 3C050600 */  lui     $a1, 0x0600                ## $a1 = 06000000
/* 003EC 808BF60C 24A50184 */  addiu   $a1, $a1, 0x0184           ## $a1 = 06000184
/* 003F0 808BF610 0C04DD50 */  jal     func_80137540              
/* 003F4 808BF614 26640144 */  addiu   $a0, $s3, 0x0144           ## $a0 = 00000144
/* 003F8 808BF618 926E0394 */  lbu     $t6, 0x0394($s3)           ## 00000394
/* 003FC 808BF61C 92780395 */  lbu     $t8, 0x0395($s3)           ## 00000395
/* 00400 808BF620 92680396 */  lbu     $t0, 0x0396($s3)           ## 00000396
/* 00404 808BF624 31CFFFFE */  andi    $t7, $t6, 0xFFFE           ## $t7 = 00000000
/* 00408 808BF628 3319FFFE */  andi    $t9, $t8, 0xFFFE           ## $t9 = 00000000
/* 0040C 808BF62C 3109FFFE */  andi    $t1, $t0, 0xFFFE           ## $t1 = 00000000
/* 00410 808BF630 A26F0394 */  sb      $t7, 0x0394($s3)           ## 00000394
/* 00414 808BF634 A2790395 */  sb      $t9, 0x0395($s3)           ## 00000395
/* 00418 808BF638 A2690396 */  sb      $t1, 0x0396($s3)           ## 00000396
/* 0041C 808BF63C 3C01808C */  lui     $at, %hi(D_808C0E10)       ## $at = 808C0000
/* 00420 808BF640 C4240E10 */  lwc1    $f4, %lo(D_808C0E10)($at)  
/* 00424 808BF644 3C013F80 */  lui     $at, 0x3F80                ## $at = 3F800000
/* 00428 808BF648 44813000 */  mtc1    $at, $f6                   ## $f6 = 1.00
/* 0042C 808BF64C 240A00FF */  addiu   $t2, $zero, 0x00FF         ## $t2 = 000000FF
/* 00430 808BF650 A26A024C */  sb      $t2, 0x024C($s3)           ## 0000024C
/* 00434 808BF654 3C0B808C */  lui     $t3, %hi(D_808C0DCC)       ## $t3 = 808C0000
/* 00438 808BF658 E6640254 */  swc1    $f4, 0x0254($s3)           ## 00000254
/* 0043C 808BF65C E6660258 */  swc1    $f6, 0x0258($s3)           ## 00000258
/* 00440 808BF660 916B0DCC */  lbu     $t3, %lo(D_808C0DCC)($t3)  
/* 00444 808BF664 44800000 */  mtc1    $zero, $f0                 ## $f0 = 0.00
/* 00448 808BF668 26740024 */  addiu   $s4, $s3, 0x0024           ## $s4 = 00000024
/* 0044C 808BF66C A260011C */  sb      $zero, 0x011C($s3)         ## 0000011C
/* 00450 808BF670 A260024D */  sb      $zero, 0x024D($s3)         ## 0000024D
/* 00454 808BF674 02802025 */  or      $a0, $s4, $zero            ## $a0 = 00000024
/* 00458 808BF678 26650008 */  addiu   $a1, $s3, 0x0008           ## $a1 = 00000008
/* 0045C 808BF67C A26B00B7 */  sb      $t3, 0x00B7($s3)           ## 000000B7
/* 00460 808BF680 E6600070 */  swc1    $f0, 0x0070($s3)           ## 00000070
/* 00464 808BF684 E6600074 */  swc1    $f0, 0x0074($s3)           ## 00000074
/* 00468 808BF688 0C03FD43 */  jal     func_800FF50C              
/* 0046C 808BF68C E6600068 */  swc1    $f0, 0x0068($s3)           ## 00000068
/* 00470 808BF690 3C0142B4 */  lui     $at, 0x42B4                ## $at = 42B40000
/* 00474 808BF694 44815000 */  mtc1    $at, $f10                  ## $f10 = 90.00
/* 00478 808BF698 C6680028 */  lwc1    $f8, 0x0028($s3)           ## 00000028
/* 0047C 808BF69C 3C01423C */  lui     $at, 0x423C                ## $at = 423C0000
/* 00480 808BF6A0 4481A000 */  mtc1    $at, $f20                  ## $f20 = 47.00
/* 00484 808BF6A4 460A4401 */  sub.s   $f16, $f8, $f10            
/* 00488 808BF6A8 00008825 */  or      $s1, $zero, $zero          ## $s1 = 00000000
/* 0048C 808BF6AC 02608025 */  or      $s0, $s3, $zero            ## $s0 = 00000000
/* 00490 808BF6B0 26720268 */  addiu   $s2, $s3, 0x0268           ## $s2 = 00000268
/* 00494 808BF6B4 E6700028 */  swc1    $f16, 0x0028($s3)          ## 00000028
/* 00498 808BF6B8 24150006 */  addiu   $s5, $zero, 0x0006         ## $s5 = 00000006
.L808BF6BC:
/* 0049C 808BF6BC 02402025 */  or      $a0, $s2, $zero            ## $a0 = 00000268
/* 004A0 808BF6C0 0C03FD43 */  jal     func_800FF50C              
/* 004A4 808BF6C4 02802825 */  or      $a1, $s4, $zero            ## $a1 = 00000024
/* 004A8 808BF6C8 C612026C */  lwc1    $f18, 0x026C($s0)          ## 0000026C
/* 004AC 808BF6CC 26310001 */  addiu   $s1, $s1, 0x0001           ## $s1 = 00000001
/* 004B0 808BF6D0 2610000C */  addiu   $s0, $s0, 0x000C           ## $s0 = 0000000C
/* 004B4 808BF6D4 46149101 */  sub.s   $f4, $f18, $f20            
/* 004B8 808BF6D8 2652000C */  addiu   $s2, $s2, 0x000C           ## $s2 = 00000274
/* 004BC 808BF6DC 1635FFF7 */  bne     $s1, $s5, .L808BF6BC       
/* 004C0 808BF6E0 E6040260 */  swc1    $f4, 0x0260($s0)           ## 0000026C
/* 004C4 808BF6E4 966C0090 */  lhu     $t4, 0x0090($s3)           ## 00000090
/* 004C8 808BF6E8 8E6E0004 */  lw      $t6, 0x0004($s3)           ## 00000004
/* 004CC 808BF6EC 2401FFFE */  addiu   $at, $zero, 0xFFFE         ## $at = FFFFFFFE
/* 004D0 808BF6F0 3C18808C */  lui     $t8, %hi(func_808BF734)    ## $t8 = 808C0000
/* 004D4 808BF6F4 2718F734 */  addiu   $t8, $t8, %lo(func_808BF734) ## $t8 = 808BF734
/* 004D8 808BF6F8 318DFFFE */  andi    $t5, $t4, 0xFFFE           ## $t5 = 00000000
/* 004DC 808BF6FC 01C17824 */  and     $t7, $t6, $at              
/* 004E0 808BF700 A66D0090 */  sh      $t5, 0x0090($s3)           ## 00000090
/* 004E4 808BF704 AE6F0004 */  sw      $t7, 0x0004($s3)           ## 00000004
/* 004E8 808BF708 AE780248 */  sw      $t8, 0x0248($s3)           ## 00000248
/* 004EC 808BF70C 8FBF0034 */  lw      $ra, 0x0034($sp)           
/* 004F0 808BF710 D7B40010 */  ldc1    $f20, 0x0010($sp)          
/* 004F4 808BF714 8FB0001C */  lw      $s0, 0x001C($sp)           
/* 004F8 808BF718 8FB10020 */  lw      $s1, 0x0020($sp)           
/* 004FC 808BF71C 8FB20024 */  lw      $s2, 0x0024($sp)           
/* 00500 808BF720 8FB30028 */  lw      $s3, 0x0028($sp)           
/* 00504 808BF724 8FB4002C */  lw      $s4, 0x002C($sp)           
/* 00508 808BF728 8FB50030 */  lw      $s5, 0x0030($sp)           
/* 0050C 808BF72C 03E00008 */  jr      $ra                        
/* 00510 808BF730 27BD0038 */  addiu   $sp, $sp, 0x0038           ## $sp = 00000000


glabel func_808BF734
/* 00514 808BF734 27BDFFE8 */  addiu   $sp, $sp, 0xFFE8           ## $sp = FFFFFFE8
/* 00518 808BF738 AFBF0014 */  sw      $ra, 0x0014($sp)           
/* 0051C 808BF73C 00803025 */  or      $a2, $a0, $zero            ## $a2 = 00000000
/* 00520 808BF740 84C20250 */  lh      $v0, 0x0250($a2)           ## 00000250
/* 00524 808BF744 00A02025 */  or      $a0, $a1, $zero            ## $a0 = 00000000
/* 00528 808BF748 10400003 */  beq     $v0, $zero, .L808BF758     
/* 0052C 808BF74C 244EFFFF */  addiu   $t6, $v0, 0xFFFF           ## $t6 = FFFFFFFF
/* 00530 808BF750 1000000F */  beq     $zero, $zero, .L808BF790   
/* 00534 808BF754 A4CE0250 */  sh      $t6, 0x0250($a2)           ## 00000250
.L808BF758:
/* 00538 808BF758 0C04900F */  jal     func_8012403C              
/* 0053C 808BF75C AFA60018 */  sw      $a2, 0x0018($sp)           
/* 00540 808BF760 24010010 */  addiu   $at, $zero, 0x0010         ## $at = 00000010
/* 00544 808BF764 1041000A */  beq     $v0, $at, .L808BF790       
/* 00548 808BF768 8FA60018 */  lw      $a2, 0x0018($sp)           
/* 0054C 808BF76C 3C01808C */  lui     $at, %hi(D_808C0E14)       ## $at = 808C0000
/* 00550 808BF770 C4240E14 */  lwc1    $f4, %lo(D_808C0E14)($at)  
/* 00554 808BF774 C4C60094 */  lwc1    $f6, 0x0094($a2)           ## 00000094
/* 00558 808BF778 4604303E */  c.le.s  $f6, $f4                   
/* 0055C 808BF77C 00000000 */  nop
/* 00560 808BF780 45020004 */  bc1fl   .L808BF794                 
/* 00564 808BF784 8FBF0014 */  lw      $ra, 0x0014($sp)           
/* 00568 808BF788 0C22FDE8 */  jal     func_808BF7A0              
/* 0056C 808BF78C 00C02025 */  or      $a0, $a2, $zero            ## $a0 = 00000000
.L808BF790:
/* 00570 808BF790 8FBF0014 */  lw      $ra, 0x0014($sp)           
.L808BF794:
/* 00574 808BF794 27BD0018 */  addiu   $sp, $sp, 0x0018           ## $sp = 00000000
/* 00578 808BF798 03E00008 */  jr      $ra                        
/* 0057C 808BF79C 00000000 */  nop


glabel func_808BF7A0
/* 00580 808BF7A0 27BDFFE8 */  addiu   $sp, $sp, 0xFFE8           ## $sp = FFFFFFE8
/* 00584 808BF7A4 AFBF0014 */  sw      $ra, 0x0014($sp)           
/* 00588 808BF7A8 3C01BF80 */  lui     $at, 0xBF80                ## $at = BF800000
/* 0058C 808BF7AC 44812000 */  mtc1    $at, $f4                   ## $f4 = -1.00
/* 00590 808BF7B0 84820092 */  lh      $v0, 0x0092($a0)           ## 00000092
/* 00594 808BF7B4 908E0394 */  lbu     $t6, 0x0394($a0)           ## 00000394
/* 00598 808BF7B8 90980395 */  lbu     $t8, 0x0395($a0)           ## 00000395
/* 0059C 808BF7BC 90880396 */  lbu     $t0, 0x0396($a0)           ## 00000396
/* 005A0 808BF7C0 3C014188 */  lui     $at, 0x4188                ## $at = 41880000
/* 005A4 808BF7C4 44813000 */  mtc1    $at, $f6                   ## $f6 = 17.00
/* 005A8 808BF7C8 35CF0001 */  ori     $t7, $t6, 0x0001           ## $t7 = 00000001
/* 005AC 808BF7CC 37190001 */  ori     $t9, $t8, 0x0001           ## $t9 = 00000001
/* 005B0 808BF7D0 35090001 */  ori     $t1, $t0, 0x0001           ## $t1 = 00000001
/* 005B4 808BF7D4 A08F0394 */  sb      $t7, 0x0394($a0)           ## 00000394
/* 005B8 808BF7D8 A0990395 */  sb      $t9, 0x0395($a0)           ## 00000395
/* 005BC 808BF7DC A0890396 */  sb      $t1, 0x0396($a0)           ## 00000396
/* 005C0 808BF7E0 E4840074 */  swc1    $f4, 0x0074($a0)           ## 00000074
/* 005C4 808BF7E4 A4820032 */  sh      $v0, 0x0032($a0)           ## 00000032
/* 005C8 808BF7E8 A48200BE */  sh      $v0, 0x00BE($a0)           ## 000000BE
/* 005CC 808BF7EC E4860068 */  swc1    $f6, 0x0068($a0)           ## 00000068
/* 005D0 808BF7F0 0C22FD5E */  jal     func_808BF578              
/* 005D4 808BF7F4 AFA40018 */  sw      $a0, 0x0018($sp)           
/* 005D8 808BF7F8 8FA40018 */  lw      $a0, 0x0018($sp)           
/* 005DC 808BF7FC 24053A1C */  addiu   $a1, $zero, 0x3A1C         ## $a1 = 00003A1C
/* 005E0 808BF800 8C8A0004 */  lw      $t2, 0x0004($a0)           ## 00000004
/* 005E4 808BF804 354B0001 */  ori     $t3, $t2, 0x0001           ## $t3 = 00000001
/* 005E8 808BF808 0C02E3B2 */  jal     func_800B8EC8              
/* 005EC 808BF80C AC8B0004 */  sw      $t3, 0x0004($a0)           ## 00000004
/* 005F0 808BF810 8FA40018 */  lw      $a0, 0x0018($sp)           
/* 005F4 808BF814 3C0C808C */  lui     $t4, %hi(func_808BF830)    ## $t4 = 808C0000
/* 005F8 808BF818 258CF830 */  addiu   $t4, $t4, %lo(func_808BF830) ## $t4 = 808BF830
/* 005FC 808BF81C AC8C0248 */  sw      $t4, 0x0248($a0)           ## 00000248
/* 00600 808BF820 8FBF0014 */  lw      $ra, 0x0014($sp)           
/* 00604 808BF824 27BD0018 */  addiu   $sp, $sp, 0x0018           ## $sp = 00000000
/* 00608 808BF828 03E00008 */  jr      $ra                        
/* 0060C 808BF82C 00000000 */  nop


glabel func_808BF830
/* 00610 808BF830 27BDFFE8 */  addiu   $sp, $sp, 0xFFE8           ## $sp = FFFFFFE8
/* 00614 808BF834 AFA5001C */  sw      $a1, 0x001C($sp)           
/* 00618 808BF838 00802825 */  or      $a1, $a0, $zero            ## $a1 = 00000000
/* 0061C 808BF83C AFBF0014 */  sw      $ra, 0x0014($sp)           
/* 00620 808BF840 AFA40018 */  sw      $a0, 0x0018($sp)           
/* 00624 808BF844 24A40144 */  addiu   $a0, $a1, 0x0144           ## $a0 = 00000144
/* 00628 808BF848 0C04DB34 */  jal     func_80136CD0              
/* 0062C 808BF84C AFA50018 */  sw      $a1, 0x0018($sp)           
/* 00630 808BF850 8FA50018 */  lw      $a1, 0x0018($sp)           
/* 00634 808BF854 C4A4000C */  lwc1    $f4, 0x000C($a1)           ## 0000000C
/* 00638 808BF858 C4A60028 */  lwc1    $f6, 0x0028($a1)           ## 00000028
/* 0063C 808BF85C 00A02025 */  or      $a0, $a1, $zero            ## $a0 = 00000000
/* 00640 808BF860 4606203C */  c.lt.s  $f4, $f6                   
/* 00644 808BF864 00000000 */  nop
/* 00648 808BF868 45000004 */  bc1f    .L808BF87C                 
/* 0064C 808BF86C 00000000 */  nop
/* 00650 808BF870 0C22FE25 */  jal     func_808BF894              
/* 00654 808BF874 AFA50018 */  sw      $a1, 0x0018($sp)           
/* 00658 808BF878 8FA50018 */  lw      $a1, 0x0018($sp)           
.L808BF87C:
/* 0065C 808BF87C 0C22FD2D */  jal     func_808BF4B4              
/* 00660 808BF880 00A02025 */  or      $a0, $a1, $zero            ## $a0 = 00000000
/* 00664 808BF884 8FBF0014 */  lw      $ra, 0x0014($sp)           
/* 00668 808BF888 27BD0018 */  addiu   $sp, $sp, 0x0018           ## $sp = 00000000
/* 0066C 808BF88C 03E00008 */  jr      $ra                        
/* 00670 808BF890 00000000 */  nop


glabel func_808BF894
/* 00674 808BF894 3C0140A0 */  lui     $at, 0x40A0                ## $at = 40A00000
/* 00678 808BF898 44812000 */  mtc1    $at, $f4                   ## $f4 = 5.00
/* 0067C 808BF89C 94980090 */  lhu     $t8, 0x0090($a0)           ## 00000090
/* 00680 808BF8A0 3C01BF80 */  lui     $at, 0xBF80                ## $at = BF800000
/* 00684 808BF8A4 44813000 */  mtc1    $at, $f6                   ## $f6 = -1.00
/* 00688 808BF8A8 3C08808C */  lui     $t0, %hi(func_808BF8DC)    ## $t0 = 808C0000
/* 0068C 808BF8AC 240E00FF */  addiu   $t6, $zero, 0x00FF         ## $t6 = 000000FF
/* 00690 808BF8B0 240F0001 */  addiu   $t7, $zero, 0x0001         ## $t7 = 00000001
/* 00694 808BF8B4 2508F8DC */  addiu   $t0, $t0, %lo(func_808BF8DC) ## $t0 = 808BF8DC
/* 00698 808BF8B8 3319FFFE */  andi    $t9, $t8, 0xFFFE           ## $t9 = 00000000
/* 0069C 808BF8BC A08E024C */  sb      $t6, 0x024C($a0)           ## 0000024C
/* 006A0 808BF8C0 A08F024D */  sb      $t7, 0x024D($a0)           ## 0000024D
/* 006A4 808BF8C4 A4990090 */  sh      $t9, 0x0090($a0)           ## 00000090
/* 006A8 808BF8C8 AC880248 */  sw      $t0, 0x0248($a0)           ## 00000248
/* 006AC 808BF8CC E4840070 */  swc1    $f4, 0x0070($a0)           ## 00000070
/* 006B0 808BF8D0 E4860074 */  swc1    $f6, 0x0074($a0)           ## 00000074
/* 006B4 808BF8D4 03E00008 */  jr      $ra                        
/* 006B8 808BF8D8 00000000 */  nop


glabel func_808BF8DC
/* 006BC 808BF8DC 27BDFFE0 */  addiu   $sp, $sp, 0xFFE0           ## $sp = FFFFFFE0
/* 006C0 808BF8E0 AFB00018 */  sw      $s0, 0x0018($sp)           
/* 006C4 808BF8E4 00808025 */  or      $s0, $a0, $zero            ## $s0 = 00000000
/* 006C8 808BF8E8 AFBF001C */  sw      $ra, 0x001C($sp)           
/* 006CC 808BF8EC AFA50024 */  sw      $a1, 0x0024($sp)           
/* 006D0 808BF8F0 0C04DB34 */  jal     func_80136CD0              
/* 006D4 808BF8F4 26040144 */  addiu   $a0, $s0, 0x0144           ## $a0 = 00000144
/* 006D8 808BF8F8 3C053F4C */  lui     $a1, 0x3F4C                ## $a1 = 3F4C0000
/* 006DC 808BF8FC 3C063DCC */  lui     $a2, 0x3DCC                ## $a2 = 3DCC0000
/* 006E0 808BF900 34C6CCCD */  ori     $a2, $a2, 0xCCCD           ## $a2 = 3DCCCCCD
/* 006E4 808BF904 34A5CCCD */  ori     $a1, $a1, 0xCCCD           ## $a1 = 3F4CCCCD
/* 006E8 808BF908 0C03FC0F */  jal     func_800FF03C              
/* 006EC 808BF90C 26040254 */  addiu   $a0, $s0, 0x0254           ## $a0 = 00000254
/* 006F0 808BF910 3C063DCC */  lui     $a2, 0x3DCC                ## $a2 = 3DCC0000
/* 006F4 808BF914 34C6CCCD */  ori     $a2, $a2, 0xCCCD           ## $a2 = 3DCCCCCD
/* 006F8 808BF918 26040258 */  addiu   $a0, $s0, 0x0258           ## $a0 = 00000258
/* 006FC 808BF91C 0C03FC0F */  jal     func_800FF03C              
/* 00700 808BF920 3C053F80 */  lui     $a1, 0x3F80                ## $a1 = 3F800000
/* 00704 808BF924 0C22FD45 */  jal     func_808BF514              
/* 00708 808BF928 02002025 */  or      $a0, $s0, $zero            ## $a0 = 00000000
/* 0070C 808BF92C 960E0090 */  lhu     $t6, 0x0090($s0)           ## 00000090
/* 00710 808BF930 02002025 */  or      $a0, $s0, $zero            ## $a0 = 00000000
/* 00714 808BF934 31CF0001 */  andi    $t7, $t6, 0x0001           ## $t7 = 00000000
/* 00718 808BF938 51E0002F */  beql    $t7, $zero, .L808BF9F8     
/* 0071C 808BF93C 860E00BE */  lh      $t6, 0x00BE($s0)           ## 000000BE
/* 00720 808BF940 0C22FD0E */  jal     func_808BF438              
/* 00724 808BF944 8FA50024 */  lw      $a1, 0x0024($sp)           
/* 00728 808BF948 10400005 */  beq     $v0, $zero, .L808BF960     
/* 0072C 808BF94C 3C014100 */  lui     $at, 0x4100                ## $at = 41000000
/* 00730 808BF950 0C22FE86 */  jal     func_808BFA18              
/* 00734 808BF954 02002025 */  or      $a0, $s0, $zero            ## $a0 = 00000000
/* 00738 808BF958 10000024 */  beq     $zero, $zero, .L808BF9EC   
/* 0073C 808BF95C 960C0090 */  lhu     $t4, 0x0090($s0)           ## 00000090
.L808BF960:
/* 00740 808BF960 44811000 */  mtc1    $at, $f2                   ## $f2 = 0.00
/* 00744 808BF964 3C01808C */  lui     $at, %hi(D_808C0E18)       ## $at = 808C0000
/* 00748 808BF968 C4260E18 */  lwc1    $f6, %lo(D_808C0E18)($at)  
/* 0074C 808BF96C C6040068 */  lwc1    $f4, 0x0068($s0)           ## 00000068
/* 00750 808BF970 3C014140 */  lui     $at, 0x4140                ## $at = 41400000
/* 00754 808BF974 46062202 */  mul.s   $f8, $f4, $f6              
/* 00758 808BF978 E6080068 */  swc1    $f8, 0x0068($s0)           ## 00000068
/* 0075C 808BF97C C6000068 */  lwc1    $f0, 0x0068($s0)           ## 00000068
/* 00760 808BF980 4602003C */  c.lt.s  $f0, $f2                   
/* 00764 808BF984 00000000 */  nop
/* 00768 808BF988 45020004 */  bc1fl   .L808BF99C                 
/* 0076C 808BF98C 44816000 */  mtc1    $at, $f12                  ## $f12 = 12.00
/* 00770 808BF990 1000000B */  beq     $zero, $zero, .L808BF9C0   
/* 00774 808BF994 E6020068 */  swc1    $f2, 0x0068($s0)           ## 00000068
/* 00778 808BF998 44816000 */  mtc1    $at, $f12                  ## $f12 = 12.00
.L808BF99C:
/* 0077C 808BF99C 00000000 */  nop
/* 00780 808BF9A0 4600603C */  c.lt.s  $f12, $f0                  
/* 00784 808BF9A4 00000000 */  nop
/* 00788 808BF9A8 45020004 */  bc1fl   .L808BF9BC                 
/* 0078C 808BF9AC 46000086 */  mov.s   $f2, $f0                   
/* 00790 808BF9B0 10000002 */  beq     $zero, $zero, .L808BF9BC   
/* 00794 808BF9B4 46006086 */  mov.s   $f2, $f12                  
/* 00798 808BF9B8 46000086 */  mov.s   $f2, $f0                   
.L808BF9BC:
/* 0079C 808BF9BC E6020068 */  swc1    $f2, 0x0068($s0)           ## 00000068
.L808BF9C0:
/* 007A0 808BF9C0 3C014790 */  lui     $at, 0x4790                ## $at = 47900000
/* 007A4 808BF9C4 44816000 */  mtc1    $at, $f12                  ## $f12 = 73728.00
/* 007A8 808BF9C8 0C05E570 */  jal     func_801795C0              
/* 007AC 808BF9CC 00000000 */  nop
/* 007B0 808BF9D0 4600028D */  trunc.w.s $f10, $f0                  
/* 007B4 808BF9D4 861800BE */  lh      $t8, 0x00BE($s0)           ## 000000BE
/* 007B8 808BF9D8 440A5000 */  mfc1    $t2, $f10                  
/* 007BC 808BF9DC 00000000 */  nop
/* 007C0 808BF9E0 030A5821 */  addu    $t3, $t8, $t2              
/* 007C4 808BF9E4 A60B00BE */  sh      $t3, 0x00BE($s0)           ## 000000BE
/* 007C8 808BF9E8 960C0090 */  lhu     $t4, 0x0090($s0)           ## 00000090
.L808BF9EC:
/* 007CC 808BF9EC 318DFFFE */  andi    $t5, $t4, 0xFFFE           ## $t5 = 00000000
/* 007D0 808BF9F0 A60D0090 */  sh      $t5, 0x0090($s0)           ## 00000090
/* 007D4 808BF9F4 860E00BE */  lh      $t6, 0x00BE($s0)           ## 000000BE
.L808BF9F8:
/* 007D8 808BF9F8 02002025 */  or      $a0, $s0, $zero            ## $a0 = 00000000
/* 007DC 808BF9FC 0C22FD2D */  jal     func_808BF4B4              
/* 007E0 808BFA00 A60E0032 */  sh      $t6, 0x0032($s0)           ## 00000032
/* 007E4 808BFA04 8FBF001C */  lw      $ra, 0x001C($sp)           
/* 007E8 808BFA08 8FB00018 */  lw      $s0, 0x0018($sp)           
/* 007EC 808BFA0C 27BD0020 */  addiu   $sp, $sp, 0x0020           ## $sp = 00000000
/* 007F0 808BFA10 03E00008 */  jr      $ra                        
/* 007F4 808BFA14 00000000 */  nop


glabel func_808BFA18
/* 007F8 808BFA18 908E0395 */  lbu     $t6, 0x0395($a0)           ## 00000395
/* 007FC 808BFA1C 3C18808C */  lui     $t8, %hi(func_808BFA3C)    ## $t8 = 808C0000
/* 00800 808BFA20 2718FA3C */  addiu   $t8, $t8, %lo(func_808BFA3C) ## $t8 = 808BFA3C
/* 00804 808BFA24 31CFFFFE */  andi    $t7, $t6, 0xFFFE           ## $t7 = 00000000
/* 00808 808BFA28 A080024D */  sb      $zero, 0x024D($a0)         ## 0000024D
/* 0080C 808BFA2C A08F0395 */  sb      $t7, 0x0395($a0)           ## 00000395
/* 00810 808BFA30 AC980248 */  sw      $t8, 0x0248($a0)           ## 00000248
/* 00814 808BFA34 03E00008 */  jr      $ra                        
/* 00818 808BFA38 00000000 */  nop


glabel func_808BFA3C
/* 0081C 808BFA3C 27BDFFE8 */  addiu   $sp, $sp, 0xFFE8           ## $sp = FFFFFFE8
/* 00820 808BFA40 AFA5001C */  sw      $a1, 0x001C($sp)           
/* 00824 808BFA44 00802825 */  or      $a1, $a0, $zero            ## $a1 = 00000000
/* 00828 808BFA48 AFBF0014 */  sw      $ra, 0x0014($sp)           
/* 0082C 808BFA4C AFA40018 */  sw      $a0, 0x0018($sp)           
/* 00830 808BFA50 24A40144 */  addiu   $a0, $a1, 0x0144           ## $a0 = 00000144
/* 00834 808BFA54 0C04DB34 */  jal     func_80136CD0              
/* 00838 808BFA58 AFA50018 */  sw      $a1, 0x0018($sp)           
/* 0083C 808BFA5C 8FA50018 */  lw      $a1, 0x0018($sp)           
/* 00840 808BFA60 3C0142B4 */  lui     $at, 0x42B4                ## $at = 42B40000
/* 00844 808BFA64 44814000 */  mtc1    $at, $f8                   ## $f8 = 90.00
/* 00848 808BFA68 C4A60088 */  lwc1    $f6, 0x0088($a1)           ## 00000088
/* 0084C 808BFA6C C4A40028 */  lwc1    $f4, 0x0028($a1)           ## 00000028
/* 00850 808BFA70 240E000A */  addiu   $t6, $zero, 0x000A         ## $t6 = 0000000A
/* 00854 808BFA74 46083281 */  sub.s   $f10, $f6, $f8             
/* 00858 808BFA78 00A02025 */  or      $a0, $a1, $zero            ## $a0 = 00000000
/* 0085C 808BFA7C 460A203C */  c.lt.s  $f4, $f10                  
/* 00860 808BFA80 00000000 */  nop
/* 00864 808BFA84 45000005 */  bc1f    .L808BFA9C                 
/* 00868 808BFA88 00000000 */  nop
/* 0086C 808BFA8C 0C22FD78 */  jal     func_808BF5E0              
/* 00870 808BFA90 A4AE0250 */  sh      $t6, 0x0250($a1)           ## 00000250
/* 00874 808BFA94 10000004 */  beq     $zero, $zero, .L808BFAA8   
/* 00878 808BFA98 8FBF0014 */  lw      $ra, 0x0014($sp)           
.L808BFA9C:
/* 0087C 808BFA9C 0C22FD2D */  jal     func_808BF4B4              
/* 00880 808BFAA0 00A02025 */  or      $a0, $a1, $zero            ## $a0 = 00000000
/* 00884 808BFAA4 8FBF0014 */  lw      $ra, 0x0014($sp)           
.L808BFAA8:
/* 00888 808BFAA8 27BD0018 */  addiu   $sp, $sp, 0x0018           ## $sp = 00000000
/* 0088C 808BFAAC 03E00008 */  jr      $ra                        
/* 00890 808BFAB0 00000000 */  nop


glabel func_808BFAB4
/* 00894 808BFAB4 27BDFFE8 */  addiu   $sp, $sp, 0xFFE8           ## $sp = FFFFFFE8
/* 00898 808BFAB8 AFBF0014 */  sw      $ra, 0x0014($sp)           
/* 0089C 808BFABC 00803025 */  or      $a2, $a0, $zero            ## $a2 = 00000000
/* 008A0 808BFAC0 3C050600 */  lui     $a1, 0x0600                ## $a1 = 06000000
/* 008A4 808BFAC4 24A50444 */  addiu   $a1, $a1, 0x0444           ## $a1 = 06000444
/* 008A8 808BFAC8 24C40144 */  addiu   $a0, $a2, 0x0144           ## $a0 = 00000144
/* 008AC 808BFACC 0C04DD50 */  jal     func_80137540              
/* 008B0 808BFAD0 AFA60018 */  sw      $a2, 0x0018($sp)           
/* 008B4 808BFAD4 8FA40018 */  lw      $a0, 0x0018($sp)           
/* 008B8 808BFAD8 3C014000 */  lui     $at, 0x4000                ## $at = 40000000
/* 008BC 808BFADC 44812000 */  mtc1    $at, $f4                   ## $f4 = 2.00
/* 008C0 808BFAE0 908E0394 */  lbu     $t6, 0x0394($a0)           ## 00000394
/* 008C4 808BFAE4 90990395 */  lbu     $t9, 0x0395($a0)           ## 00000395
/* 008C8 808BFAE8 44800000 */  mtc1    $zero, $f0                 ## $f0 = 0.00
/* 008CC 808BFAEC 3C01C000 */  lui     $at, 0xC000                ## $at = C0000000
/* 008D0 808BFAF0 44813000 */  mtc1    $at, $f6                   ## $f6 = -2.00
/* 008D4 808BFAF4 241800C8 */  addiu   $t8, $zero, 0x00C8         ## $t8 = 000000C8
/* 008D8 808BFAF8 35CF0001 */  ori     $t7, $t6, 0x0001           ## $t7 = 00000001
/* 008DC 808BFAFC 37280001 */  ori     $t0, $t9, 0x0001           ## $t0 = 00000001
/* 008E0 808BFB00 240538CD */  addiu   $a1, $zero, 0x38CD         ## $a1 = 000038CD
/* 008E4 808BFB04 A08F0394 */  sb      $t7, 0x0394($a0)           ## 00000394
/* 008E8 808BFB08 A4980250 */  sh      $t8, 0x0250($a0)           ## 00000250
/* 008EC 808BFB0C A080024C */  sb      $zero, 0x024C($a0)         ## 0000024C
/* 008F0 808BFB10 A0880395 */  sb      $t0, 0x0395($a0)           ## 00000395
/* 008F4 808BFB14 E4840070 */  swc1    $f4, 0x0070($a0)           ## 00000070
/* 008F8 808BFB18 E4800254 */  swc1    $f0, 0x0254($a0)           ## 00000254
/* 008FC 808BFB1C E4800258 */  swc1    $f0, 0x0258($a0)           ## 00000258
/* 00900 808BFB20 0C02E3B2 */  jal     func_800B8EC8              
/* 00904 808BFB24 E4860074 */  swc1    $f6, 0x0074($a0)           ## 00000074
/* 00908 808BFB28 8FA60018 */  lw      $a2, 0x0018($sp)           
/* 0090C 808BFB2C 3C0A808C */  lui     $t2, %hi(func_808BFB4C)    ## $t2 = 808C0000
/* 00910 808BFB30 254AFB4C */  addiu   $t2, $t2, %lo(func_808BFB4C) ## $t2 = 808BFB4C
/* 00914 808BFB34 84C900BE */  lh      $t1, 0x00BE($a2)           ## 000000BE
/* 00918 808BFB38 ACCA0248 */  sw      $t2, 0x0248($a2)           ## 00000248
/* 0091C 808BFB3C A4C90032 */  sh      $t1, 0x0032($a2)           ## 00000032
/* 00920 808BFB40 8FBF0014 */  lw      $ra, 0x0014($sp)           
/* 00924 808BFB44 03E00008 */  jr      $ra                        
/* 00928 808BFB48 27BD0018 */  addiu   $sp, $sp, 0x0018           ## $sp = 00000000


glabel func_808BFB4C
/* 0092C 808BFB4C 27BDFFC0 */  addiu   $sp, $sp, 0xFFC0           ## $sp = FFFFFFC0
/* 00930 808BFB50 AFB00030 */  sw      $s0, 0x0030($sp)           
/* 00934 808BFB54 00808025 */  or      $s0, $a0, $zero            ## $s0 = 00000000
/* 00938 808BFB58 AFBF0034 */  sw      $ra, 0x0034($sp)           
/* 0093C 808BFB5C AFA50044 */  sw      $a1, 0x0044($sp)           
/* 00940 808BFB60 26040144 */  addiu   $a0, $s0, 0x0144           ## $a0 = 00000144
/* 00944 808BFB64 0C04DB34 */  jal     func_80136CD0              
/* 00948 808BFB68 AFA4003C */  sw      $a0, 0x003C($sp)           
/* 0094C 808BFB6C 0C22FD45 */  jal     func_808BF514              
/* 00950 808BFB70 02002025 */  or      $a0, $s0, $zero            ## $a0 = 00000000
/* 00954 808BFB74 960E0090 */  lhu     $t6, 0x0090($s0)           ## 00000090
/* 00958 808BFB78 02002025 */  or      $a0, $s0, $zero            ## $a0 = 00000000
/* 0095C 808BFB7C 31CF0001 */  andi    $t7, $t6, 0x0001           ## $t7 = 00000000
/* 00960 808BFB80 51E00041 */  beql    $t7, $zero, .L808BFC88     
/* 00964 808BFB84 860A00BE */  lh      $t2, 0x00BE($s0)           ## 000000BE
/* 00968 808BFB88 0C22FD0E */  jal     func_808BF438              
/* 0096C 808BFB8C 8FA50044 */  lw      $a1, 0x0044($sp)           
/* 00970 808BFB90 10400005 */  beq     $v0, $zero, .L808BFBA8     
/* 00974 808BFB94 02002025 */  or      $a0, $s0, $zero            ## $a0 = 00000000
/* 00978 808BFB98 0C22FE86 */  jal     func_808BFA18              
/* 0097C 808BFB9C 02002025 */  or      $a0, $s0, $zero            ## $a0 = 00000000
/* 00980 808BFBA0 10000046 */  beq     $zero, $zero, .L808BFCBC   
/* 00984 808BFBA4 8FBF0034 */  lw      $ra, 0x0034($sp)           
.L808BFBA8:
/* 00988 808BFBA8 0C02E3B2 */  jal     func_800B8EC8              
/* 0098C 808BFBAC 2405387B */  addiu   $a1, $zero, 0x387B         ## $a1 = 0000387B
/* 00990 808BFBB0 86180250 */  lh      $t8, 0x0250($s0)           ## 00000250
/* 00994 808BFBB4 3C01C160 */  lui     $at, 0xC160                ## $at = C1600000
/* 00998 808BFBB8 02002825 */  or      $a1, $s0, $zero            ## $a1 = 00000000
/* 0099C 808BFBBC 1700000D */  bne     $t8, $zero, .L808BFBF4     
/* 009A0 808BFBC0 26060024 */  addiu   $a2, $s0, 0x0024           ## $a2 = 00000024
/* 009A4 808BFBC4 02002025 */  or      $a0, $s0, $zero            ## $a0 = 00000000
/* 009A8 808BFBC8 0C02E3B2 */  jal     func_800B8EC8              
/* 009AC 808BFBCC 240538CC */  addiu   $a1, $zero, 0x38CC         ## $a1 = 000038CC
/* 009B0 808BFBD0 0C22FD5E */  jal     func_808BF578              
/* 009B4 808BFBD4 02002025 */  or      $a0, $s0, $zero            ## $a0 = 00000000
/* 009B8 808BFBD8 3C014100 */  lui     $at, 0x4100                ## $at = 41000000
/* 009BC 808BFBDC 44812000 */  mtc1    $at, $f4                   ## $f4 = 8.00
/* 009C0 808BFBE0 02002025 */  or      $a0, $s0, $zero            ## $a0 = 00000000
/* 009C4 808BFBE4 0C22FE25 */  jal     func_808BF894              
/* 009C8 808BFBE8 E6040068 */  swc1    $f4, 0x0068($s0)           ## 00000068
/* 009CC 808BFBEC 10000033 */  beq     $zero, $zero, .L808BFCBC   
/* 009D0 808BFBF0 8FBF0034 */  lw      $ra, 0x0034($sp)           
.L808BFBF4:
/* 009D4 808BFBF4 C6000068 */  lwc1    $f0, 0x0068($s0)           ## 00000068
/* 009D8 808BFBF8 44813000 */  mtc1    $at, $f6                   ## $f6 = 0.00
/* 009DC 808BFBFC 3C014120 */  lui     $at, 0x4120                ## $at = 41200000
/* 009E0 808BFC00 3C0740E0 */  lui     $a3, 0x40E0                ## $a3 = 40E00000
/* 009E4 808BFC04 4606003C */  c.lt.s  $f0, $f6                   
/* 009E8 808BFC08 24090002 */  addiu   $t1, $zero, 0x0002         ## $t1 = 00000002
/* 009EC 808BFC0C 45020007 */  bc1fl   .L808BFC2C                 
/* 009F0 808BFC10 44818000 */  mtc1    $at, $f16                  ## $f16 = 10.00
/* 009F4 808BFC14 3C01808C */  lui     $at, %hi(D_808C0E1C)       ## $at = 808C0000
/* 009F8 808BFC18 C4280E1C */  lwc1    $f8, %lo(D_808C0E1C)($at)  
/* 009FC 808BFC1C 46080282 */  mul.s   $f10, $f0, $f8             
/* 00A00 808BFC20 10000004 */  beq     $zero, $zero, .L808BFC34   
/* 00A04 808BFC24 E60A0068 */  swc1    $f10, 0x0068($s0)          ## 00000068
/* 00A08 808BFC28 44818000 */  mtc1    $at, $f16                  ## $f16 = -0.00
.L808BFC2C:
/* 00A0C 808BFC2C 00000000 */  nop
/* 00A10 808BFC30 E6100068 */  swc1    $f16, 0x0068($s0)          ## 00000068
.L808BFC34:
/* 00A14 808BFC34 96190090 */  lhu     $t9, 0x0090($s0)           ## 00000090
/* 00A18 808BFC38 3C014000 */  lui     $at, 0x4000                ## $at = 40000000
/* 00A1C 808BFC3C 44819000 */  mtc1    $at, $f18                  ## $f18 = 2.00
/* 00A20 808BFC40 3328FFFE */  andi    $t0, $t9, 0xFFFE           ## $t0 = 00000000
/* 00A24 808BFC44 A6080090 */  sh      $t0, 0x0090($s0)           ## 00000090
/* 00A28 808BFC48 AFA00020 */  sw      $zero, 0x0020($sp)         
/* 00A2C 808BFC4C AFA0001C */  sw      $zero, 0x001C($sp)         
/* 00A30 808BFC50 AFA00018 */  sw      $zero, 0x0018($sp)         
/* 00A34 808BFC54 AFA90010 */  sw      $t1, 0x0010($sp)           
/* 00A38 808BFC58 8FA40044 */  lw      $a0, 0x0044($sp)           
/* 00A3C 808BFC5C 0C02EF6B */  jal     func_800BBDAC              
/* 00A40 808BFC60 E7B20014 */  swc1    $f18, 0x0014($sp)          
/* 00A44 808BFC64 86050092 */  lh      $a1, 0x0092($s0)           ## 00000092
/* 00A48 808BFC68 34018000 */  ori     $at, $zero, 0x8000         ## $at = 00008000
/* 00A4C 808BFC6C 260400BE */  addiu   $a0, $s0, 0x00BE           ## $a0 = 000000BE
/* 00A50 808BFC70 00A12821 */  addu    $a1, $a1, $at              
/* 00A54 808BFC74 00052C00 */  sll     $a1, $a1, 16               
/* 00A58 808BFC78 00052C03 */  sra     $a1, $a1, 16               
/* 00A5C 808BFC7C 0C03FB9C */  jal     func_800FEE70              
/* 00A60 808BFC80 24060BB8 */  addiu   $a2, $zero, 0x0BB8         ## $a2 = 00000BB8
/* 00A64 808BFC84 860A00BE */  lh      $t2, 0x00BE($s0)           ## 000000BE
.L808BFC88:
/* 00A68 808BFC88 3C0540A0 */  lui     $a1, 0x40A0                ## $a1 = 40A00000
/* 00A6C 808BFC8C A60A0032 */  sh      $t2, 0x0032($s0)           ## 00000032
/* 00A70 808BFC90 0C04DE2E */  jal     func_801378B8              
/* 00A74 808BFC94 8FA4003C */  lw      $a0, 0x003C($sp)           
/* 00A78 808BFC98 10400003 */  beq     $v0, $zero, .L808BFCA8     
/* 00A7C 808BFC9C 02002025 */  or      $a0, $s0, $zero            ## $a0 = 00000000
/* 00A80 808BFCA0 0C02E3B2 */  jal     func_800B8EC8              
/* 00A84 808BFCA4 240538C8 */  addiu   $a1, $zero, 0x38C8         ## $a1 = 000038C8
.L808BFCA8:
/* 00A88 808BFCA8 86020250 */  lh      $v0, 0x0250($s0)           ## 00000250
/* 00A8C 808BFCAC 18400002 */  blez    $v0, .L808BFCB8            
/* 00A90 808BFCB0 244BFFFF */  addiu   $t3, $v0, 0xFFFF           ## $t3 = FFFFFFFF
/* 00A94 808BFCB4 A60B0250 */  sh      $t3, 0x0250($s0)           ## 00000250
.L808BFCB8:
/* 00A98 808BFCB8 8FBF0034 */  lw      $ra, 0x0034($sp)           
.L808BFCBC:
/* 00A9C 808BFCBC 8FB00030 */  lw      $s0, 0x0030($sp)           
/* 00AA0 808BFCC0 27BD0040 */  addiu   $sp, $sp, 0x0040           ## $sp = 00000000
/* 00AA4 808BFCC4 03E00008 */  jr      $ra                        
/* 00AA8 808BFCC8 00000000 */  nop


glabel func_808BFCCC
/* 00AAC 808BFCCC 27BDFF80 */  addiu   $sp, $sp, 0xFF80           ## $sp = FFFFFF80
/* 00AB0 808BFCD0 AFB5004C */  sw      $s5, 0x004C($sp)           
/* 00AB4 808BFCD4 AFB00038 */  sw      $s0, 0x0038($sp)           
/* 00AB8 808BFCD8 00A08025 */  or      $s0, $a1, $zero            ## $s0 = 00000000
/* 00ABC 808BFCDC 0080A825 */  or      $s5, $a0, $zero            ## $s5 = 00000000
/* 00AC0 808BFCE0 AFBF0054 */  sw      $ra, 0x0054($sp)           
/* 00AC4 808BFCE4 AFB60050 */  sw      $s6, 0x0050($sp)           
/* 00AC8 808BFCE8 AFB40048 */  sw      $s4, 0x0048($sp)           
/* 00ACC 808BFCEC AFB30044 */  sw      $s3, 0x0044($sp)           
/* 00AD0 808BFCF0 AFB20040 */  sw      $s2, 0x0040($sp)           
/* 00AD4 808BFCF4 AFB1003C */  sw      $s1, 0x003C($sp)           
/* 00AD8 808BFCF8 F7BA0030 */  sdc1    $f26, 0x0030($sp)          
/* 00ADC 808BFCFC F7B80028 */  sdc1    $f24, 0x0028($sp)          
/* 00AE0 808BFD00 F7B60020 */  sdc1    $f22, 0x0020($sp)          
/* 00AE4 808BFD04 F7B40018 */  sdc1    $f20, 0x0018($sp)          
/* 00AE8 808BFD08 02A02025 */  or      $a0, $s5, $zero            ## $a0 = 00000000
/* 00AEC 808BFD0C 26A50384 */  addiu   $a1, $s5, 0x0384           ## $a1 = 00000384
/* 00AF0 808BFD10 0C02F973 */  jal     func_800BE5CC              
/* 00AF4 808BFD14 00003025 */  or      $a2, $zero, $zero          ## $a2 = 00000000
/* 00AF8 808BFD18 86AF00BC */  lh      $t7, 0x00BC($s5)           ## 000000BC
/* 00AFC 808BFD1C 4480A000 */  mtc1    $zero, $f20                ## $f20 = 0.00
/* 00B00 808BFD20 240E000F */  addiu   $t6, $zero, 0x000F         ## $t6 = 0000000F
/* 00B04 808BFD24 26B40024 */  addiu   $s4, $s5, 0x0024           ## $s4 = 00000024
/* 00B08 808BFD28 25F84E20 */  addiu   $t8, $t7, 0x4E20           ## $t8 = 00004E20
/* 00B0C 808BFD2C A6AE0250 */  sh      $t6, 0x0250($s5)           ## 00000250
/* 00B10 808BFD30 A6B800BC */  sh      $t8, 0x00BC($s5)           ## 000000BC
/* 00B14 808BFD34 02802825 */  or      $a1, $s4, $zero            ## $a1 = 00000024
/* 00B18 808BFD38 02002025 */  or      $a0, $s0, $zero            ## $a0 = 00000000
/* 00B1C 808BFD3C 24060028 */  addiu   $a2, $zero, 0x0028         ## $a2 = 00000028
/* 00B20 808BFD40 240738CE */  addiu   $a3, $zero, 0x38CE         ## $a3 = 000038CE
/* 00B24 808BFD44 0C03C15A */  jal     func_800F0568              
/* 00B28 808BFD48 E6B40070 */  swc1    $f20, 0x0070($s5)          ## 00000070
/* 00B2C 808BFD4C 02002025 */  or      $a0, $s0, $zero            ## $a0 = 00000000
/* 00B30 808BFD50 02A02825 */  or      $a1, $s5, $zero            ## $a1 = 00000000
/* 00B34 808BFD54 02803025 */  or      $a2, $s4, $zero            ## $a2 = 00000024
/* 00B38 808BFD58 0C029F4A */  jal     func_800A7D28              
/* 00B3C 808BFD5C 24070070 */  addiu   $a3, $zero, 0x0070         ## $a3 = 00000070
/* 00B40 808BFD60 3C01BFC0 */  lui     $at, 0xBFC0                ## $at = BFC00000
/* 00B44 808BFD64 44812000 */  mtc1    $at, $f4                   ## $f4 = -1.50
/* 00B48 808BFD68 3C014120 */  lui     $at, 0x4120                ## $at = 41200000
/* 00B4C 808BFD6C 4481D000 */  mtc1    $at, $f26                  ## $f26 = 10.00
/* 00B50 808BFD70 3C014060 */  lui     $at, 0x4060                ## $at = 40600000
/* 00B54 808BFD74 4481C000 */  mtc1    $at, $f24                  ## $f24 = 3.50
/* 00B58 808BFD78 3C014020 */  lui     $at, 0x4020                ## $at = 40200000
/* 00B5C 808BFD7C 4481B000 */  mtc1    $at, $f22                  ## $f22 = 2.50
/* 00B60 808BFD80 E6B40068 */  swc1    $f20, 0x0068($s5)          ## 00000068
/* 00B64 808BFD84 E6B40070 */  swc1    $f20, 0x0070($s5)          ## 00000070
/* 00B68 808BFD88 3C013F80 */  lui     $at, 0x3F80                ## $at = 3F800000
/* 00B6C 808BFD8C 24190001 */  addiu   $t9, $zero, 0x0001         ## $t9 = 00000001
/* 00B70 808BFD90 4481A000 */  mtc1    $at, $f20                  ## $f20 = 1.00
/* 00B74 808BFD94 A2B9024E */  sb      $t9, 0x024E($s5)           ## 0000024E
/* 00B78 808BFD98 26B002EC */  addiu   $s0, $s5, 0x02EC           ## $s0 = 000002EC
/* 00B7C 808BFD9C 00008825 */  or      $s1, $zero, $zero          ## $s1 = 00000000
/* 00B80 808BFDA0 26B202B0 */  addiu   $s2, $s5, 0x02B0           ## $s2 = 000002B0
/* 00B84 808BFDA4 2416003C */  addiu   $s6, $zero, 0x003C         ## $s6 = 0000003C
/* 00B88 808BFDA8 27B30070 */  addiu   $s3, $sp, 0x0070           ## $s3 = FFFFFFF0
/* 00B8C 808BFDAC E6A40074 */  swc1    $f4, 0x0074($s5)           ## 00000074
.L808BFDB0:
/* 00B90 808BFDB0 02402025 */  or      $a0, $s2, $zero            ## $a0 = 000002B0
/* 00B94 808BFDB4 02802825 */  or      $a1, $s4, $zero            ## $a1 = 00000024
/* 00B98 808BFDB8 0C03FD7D */  jal     func_800FF5F4              
/* 00B9C 808BFDBC 02603025 */  or      $a2, $s3, $zero            ## $a2 = FFFFFFF0
/* 00BA0 808BFDC0 0C05E9B5 */  jal     func_8017A6D4              
/* 00BA4 808BFDC4 02602025 */  or      $a0, $s3, $zero            ## $a0 = FFFFFFF0
/* 00BA8 808BFDC8 4600A03C */  c.lt.s  $f20, $f0                  
/* 00BAC 808BFDCC 46000086 */  mov.s   $f2, $f0                   
/* 00BB0 808BFDD0 C7A60070 */  lwc1    $f6, 0x0070($sp)           
/* 00BB4 808BFDD4 45000002 */  bc1f    .L808BFDE0                 
/* 00BB8 808BFDD8 00000000 */  nop
/* 00BBC 808BFDDC 4600B083 */  div.s   $f2, $f22, $f0             
.L808BFDE0:
/* 00BC0 808BFDE0 46023202 */  mul.s   $f8, $f6, $f2              
/* 00BC4 808BFDE4 4600C306 */  mov.s   $f12, $f24                 
/* 00BC8 808BFDE8 E6080000 */  swc1    $f8, 0x0000($s0)           ## 000002EC
/* 00BCC 808BFDEC C7AA0078 */  lwc1    $f10, 0x0078($sp)          
/* 00BD0 808BFDF0 46025402 */  mul.s   $f16, $f10, $f2            
/* 00BD4 808BFDF4 0C05E565 */  jal     func_80179594              
/* 00BD8 808BFDF8 E6100008 */  swc1    $f16, 0x0008($s0)          ## 000002F4
/* 00BDC 808BFDFC 461A0480 */  add.s   $f18, $f0, $f26            
/* 00BE0 808BFE00 2631000C */  addiu   $s1, $s1, 0x000C           ## $s1 = 0000000C
/* 00BE4 808BFE04 2652000C */  addiu   $s2, $s2, 0x000C           ## $s2 = 000002BC
/* 00BE8 808BFE08 2610000C */  addiu   $s0, $s0, 0x000C           ## $s0 = 000002F8
/* 00BEC 808BFE0C 1636FFE8 */  bne     $s1, $s6, .L808BFDB0       
/* 00BF0 808BFE10 E612FFF8 */  swc1    $f18, -0x0008($s0)         ## 000002F0
/* 00BF4 808BFE14 3C08808C */  lui     $t0, %hi(func_808BFE58)    ## $t0 = 808C0000
/* 00BF8 808BFE18 2508FE58 */  addiu   $t0, $t0, %lo(func_808BFE58) ## $t0 = 808BFE58
/* 00BFC 808BFE1C AEA80248 */  sw      $t0, 0x0248($s5)           ## 00000248
/* 00C00 808BFE20 8FBF0054 */  lw      $ra, 0x0054($sp)           
/* 00C04 808BFE24 D7B40018 */  ldc1    $f20, 0x0018($sp)          
/* 00C08 808BFE28 D7B60020 */  ldc1    $f22, 0x0020($sp)          
/* 00C0C 808BFE2C D7B80028 */  ldc1    $f24, 0x0028($sp)          
/* 00C10 808BFE30 D7BA0030 */  ldc1    $f26, 0x0030($sp)          
/* 00C14 808BFE34 8FB00038 */  lw      $s0, 0x0038($sp)           
/* 00C18 808BFE38 8FB1003C */  lw      $s1, 0x003C($sp)           
/* 00C1C 808BFE3C 8FB20040 */  lw      $s2, 0x0040($sp)           
/* 00C20 808BFE40 8FB30044 */  lw      $s3, 0x0044($sp)           
/* 00C24 808BFE44 8FB40048 */  lw      $s4, 0x0048($sp)           
/* 00C28 808BFE48 8FB5004C */  lw      $s5, 0x004C($sp)           
/* 00C2C 808BFE4C 8FB60050 */  lw      $s6, 0x0050($sp)           
/* 00C30 808BFE50 03E00008 */  jr      $ra                        
/* 00C34 808BFE54 27BD0080 */  addiu   $sp, $sp, 0x0080           ## $sp = 00000000


glabel func_808BFE58
/* 00C38 808BFE58 27BDFFC0 */  addiu   $sp, $sp, 0xFFC0           ## $sp = FFFFFFC0
/* 00C3C 808BFE5C AFB50038 */  sw      $s5, 0x0038($sp)           
/* 00C40 808BFE60 AFB30030 */  sw      $s3, 0x0030($sp)           
/* 00C44 808BFE64 00A09825 */  or      $s3, $a1, $zero            ## $s3 = 00000000
/* 00C48 808BFE68 0080A825 */  or      $s5, $a0, $zero            ## $s5 = 00000000
/* 00C4C 808BFE6C AFBF003C */  sw      $ra, 0x003C($sp)           
/* 00C50 808BFE70 AFB40034 */  sw      $s4, 0x0034($sp)           
/* 00C54 808BFE74 AFB2002C */  sw      $s2, 0x002C($sp)           
/* 00C58 808BFE78 AFB10028 */  sw      $s1, 0x0028($sp)           
/* 00C5C 808BFE7C AFB00024 */  sw      $s0, 0x0024($sp)           
/* 00C60 808BFE80 86AE0250 */  lh      $t6, 0x0250($s5)           ## 00000250
/* 00C64 808BFE84 24180400 */  addiu   $t8, $zero, 0x0400         ## $t8 = 00000400
/* 00C68 808BFE88 26A40034 */  addiu   $a0, $s5, 0x0034           ## $a0 = 00000034
/* 00C6C 808BFE8C 25CFFFFF */  addiu   $t7, $t6, 0xFFFF           ## $t7 = FFFFFFFF
/* 00C70 808BFE90 A6AF0250 */  sh      $t7, 0x0250($s5)           ## 00000250
/* 00C74 808BFE94 AFB80010 */  sw      $t8, 0x0010($sp)           
/* 00C78 808BFE98 24054000 */  addiu   $a1, $zero, 0x4000         ## $a1 = 00004000
/* 00C7C 808BFE9C 24060004 */  addiu   $a2, $zero, 0x0004         ## $a2 = 00000004
/* 00C80 808BFEA0 0C03FFAF */  jal     func_800FFEBC              
/* 00C84 808BFEA4 24071000 */  addiu   $a3, $zero, 0x1000         ## $a3 = 00001000
/* 00C88 808BFEA8 86B90250 */  lh      $t9, 0x0250($s5)           ## 00000250
/* 00C8C 808BFEAC 00009025 */  or      $s2, $zero, $zero          ## $s2 = 00000000
/* 00C90 808BFEB0 02A08825 */  or      $s1, $s5, $zero            ## $s1 = 00000000
/* 00C94 808BFEB4 1720001D */  bne     $t9, $zero, .L808BFF2C     
/* 00C98 808BFEB8 26B002B0 */  addiu   $s0, $s5, 0x02B0           ## $s0 = 000002B0
/* 00C9C 808BFEBC 3C12801D */  lui     $s2, 0x801D                ## $s2 = 801D0000
/* 00CA0 808BFEC0 265215B0 */  addiu   $s2, $s2, 0x15B0           ## $s2 = 801D15B0
/* 00CA4 808BFEC4 00008825 */  or      $s1, $zero, $zero          ## $s1 = 00000000
/* 00CA8 808BFEC8 26B002B0 */  addiu   $s0, $s5, 0x02B0           ## $s0 = 000002B0
/* 00CAC 808BFECC 2414003C */  addiu   $s4, $zero, 0x003C         ## $s4 = 0000003C
.L808BFED0:
/* 00CB0 808BFED0 24080028 */  addiu   $t0, $zero, 0x0028         ## $t0 = 00000028
/* 00CB4 808BFED4 24090007 */  addiu   $t1, $zero, 0x0007         ## $t1 = 00000007
/* 00CB8 808BFED8 240A0002 */  addiu   $t2, $zero, 0x0002         ## $t2 = 00000002
/* 00CBC 808BFEDC AFAA0018 */  sw      $t2, 0x0018($sp)           
/* 00CC0 808BFEE0 AFA90014 */  sw      $t1, 0x0014($sp)           
/* 00CC4 808BFEE4 AFA80010 */  sw      $t0, 0x0010($sp)           
/* 00CC8 808BFEE8 02602025 */  or      $a0, $s3, $zero            ## $a0 = 00000000
/* 00CCC 808BFEEC 02002825 */  or      $a1, $s0, $zero            ## $a1 = 000002B0
/* 00CD0 808BFEF0 02403025 */  or      $a2, $s2, $zero            ## $a2 = 801D15B0
/* 00CD4 808BFEF4 0C02CC0C */  jal     func_800B3030              
/* 00CD8 808BFEF8 02403825 */  or      $a3, $s2, $zero            ## $a3 = 801D15B0
/* 00CDC 808BFEFC 02602025 */  or      $a0, $s3, $zero            ## $a0 = 00000000
/* 00CE0 808BFF00 02002825 */  or      $a1, $s0, $zero            ## $a1 = 000002B0
/* 00CE4 808BFF04 2406000B */  addiu   $a2, $zero, 0x000B         ## $a2 = 0000000B
/* 00CE8 808BFF08 0C03C15A */  jal     func_800F0568              
/* 00CEC 808BFF0C 24073878 */  addiu   $a3, $zero, 0x3878         ## $a3 = 00003878
/* 00CF0 808BFF10 2631000C */  addiu   $s1, $s1, 0x000C           ## $s1 = 0000000C
/* 00CF4 808BFF14 1634FFEE */  bne     $s1, $s4, .L808BFED0       
/* 00CF8 808BFF18 2610000C */  addiu   $s0, $s0, 0x000C           ## $s0 = 000002BC
/* 00CFC 808BFF1C 0C02D9C3 */  jal     func_800B670C              
/* 00D00 808BFF20 02A02025 */  or      $a0, $s5, $zero            ## $a0 = 00000000
/* 00D04 808BFF24 10000011 */  beq     $zero, $zero, .L808BFF6C   
/* 00D08 808BFF28 8FBF003C */  lw      $ra, 0x003C($sp)           
.L808BFF2C:
/* 00D0C 808BFF2C 26B302EC */  addiu   $s3, $s5, 0x02EC           ## $s3 = 000002EC
/* 00D10 808BFF30 24140005 */  addiu   $s4, $zero, 0x0005         ## $s4 = 00000005
.L808BFF34:
/* 00D14 808BFF34 02002025 */  or      $a0, $s0, $zero            ## $a0 = 000002BC
/* 00D18 808BFF38 02602825 */  or      $a1, $s3, $zero            ## $a1 = 000002EC
/* 00D1C 808BFF3C 0C03FD6F */  jal     func_800FF5BC              
/* 00D20 808BFF40 02003025 */  or      $a2, $s0, $zero            ## $a2 = 000002BC
/* 00D24 808BFF44 C62402F0 */  lwc1    $f4, 0x02F0($s1)           ## 000002FC
/* 00D28 808BFF48 C6A60074 */  lwc1    $f6, 0x0074($s5)           ## 00000074
/* 00D2C 808BFF4C 26520001 */  addiu   $s2, $s2, 0x0001           ## $s2 = 801D15B1
/* 00D30 808BFF50 2631000C */  addiu   $s1, $s1, 0x000C           ## $s1 = 00000018
/* 00D34 808BFF54 46062200 */  add.s   $f8, $f4, $f6              
/* 00D38 808BFF58 2610000C */  addiu   $s0, $s0, 0x000C           ## $s0 = 000002C8
/* 00D3C 808BFF5C 2673000C */  addiu   $s3, $s3, 0x000C           ## $s3 = 000002F8
/* 00D40 808BFF60 1654FFF4 */  bne     $s2, $s4, .L808BFF34       
/* 00D44 808BFF64 E62802E4 */  swc1    $f8, 0x02E4($s1)           ## 000002FC
/* 00D48 808BFF68 8FBF003C */  lw      $ra, 0x003C($sp)           
.L808BFF6C:
/* 00D4C 808BFF6C 8FB00024 */  lw      $s0, 0x0024($sp)           
/* 00D50 808BFF70 8FB10028 */  lw      $s1, 0x0028($sp)           
/* 00D54 808BFF74 8FB2002C */  lw      $s2, 0x002C($sp)           
/* 00D58 808BFF78 8FB30030 */  lw      $s3, 0x0030($sp)           
/* 00D5C 808BFF7C 8FB40034 */  lw      $s4, 0x0034($sp)           
/* 00D60 808BFF80 8FB50038 */  lw      $s5, 0x0038($sp)           
/* 00D64 808BFF84 03E00008 */  jr      $ra                        
/* 00D68 808BFF88 27BD0040 */  addiu   $sp, $sp, 0x0040           ## $sp = 00000000


glabel func_808BFF8C
/* 00D6C 808BFF8C 27BDFFD8 */  addiu   $sp, $sp, 0xFFD8           ## $sp = FFFFFFD8
/* 00D70 808BFF90 AFB00020 */  sw      $s0, 0x0020($sp)           
/* 00D74 808BFF94 00808025 */  or      $s0, $a0, $zero            ## $s0 = 00000000
/* 00D78 808BFF98 AFBF0024 */  sw      $ra, 0x0024($sp)           
/* 00D7C 808BFF9C 920E0395 */  lbu     $t6, 0x0395($s0)           ## 00000395
/* 00D80 808BFFA0 02002025 */  or      $a0, $s0, $zero            ## $a0 = 00000000
/* 00D84 808BFFA4 240538E3 */  addiu   $a1, $zero, 0x38E3         ## $a1 = 000038E3
/* 00D88 808BFFA8 31CFFFFE */  andi    $t7, $t6, 0xFFFE           ## $t7 = 00000000
/* 00D8C 808BFFAC 0C02E3B2 */  jal     func_800B8EC8              
/* 00D90 808BFFB0 A20F0395 */  sb      $t7, 0x0395($s0)           ## 00000395
/* 00D94 808BFFB4 02002025 */  or      $a0, $s0, $zero            ## $a0 = 00000000
/* 00D98 808BFFB8 26050384 */  addiu   $a1, $s0, 0x0384           ## $a1 = 00000384
/* 00D9C 808BFFBC 0C02F973 */  jal     func_800BE5CC              
/* 00DA0 808BFFC0 00003025 */  or      $a2, $zero, $zero          ## $a2 = 00000000
/* 00DA4 808BFFC4 920200B9 */  lbu     $v0, 0x00B9($s0)           ## 000000B9
/* 00DA8 808BFFC8 24010005 */  addiu   $at, $zero, 0x0005         ## $at = 00000005
/* 00DAC 808BFFCC 02002025 */  or      $a0, $s0, $zero            ## $a0 = 00000000
/* 00DB0 808BFFD0 1441000F */  bne     $v0, $at, .L808C0010       
/* 00DB4 808BFFD4 00002825 */  or      $a1, $zero, $zero          ## $a1 = 00000000
/* 00DB8 808BFFD8 24180028 */  addiu   $t8, $zero, 0x0028         ## $t8 = 00000028
/* 00DBC 808BFFDC AFB80010 */  sw      $t8, 0x0010($sp)           
/* 00DC0 808BFFE0 240600FF */  addiu   $a2, $zero, 0x00FF         ## $a2 = 000000FF
/* 00DC4 808BFFE4 0C02F2DC */  jal     func_800BCB70              
/* 00DC8 808BFFE8 00003825 */  or      $a3, $zero, $zero          ## $a3 = 00000000
/* 00DCC 808BFFEC 3C014000 */  lui     $at, 0x4000                ## $at = 40000000
/* 00DD0 808BFFF0 44812000 */  mtc1    $at, $f4                   ## $f4 = 2.00
/* 00DD4 808BFFF4 24190020 */  addiu   $t9, $zero, 0x0020         ## $t9 = 00000020
/* 00DD8 808BFFF8 A219024F */  sb      $t9, 0x024F($s0)           ## 0000024F
/* 00DDC 808BFFFC 3C01808C */  lui     $at, %hi(D_808C0E20)       ## $at = 808C0000
/* 00DE0 808C0000 E604025C */  swc1    $f4, 0x025C($s0)           ## 0000025C
/* 00DE4 808C0004 C4260E20 */  lwc1    $f6, %lo(D_808C0E20)($at)  
/* 00DE8 808C0008 1000001D */  beq     $zero, $zero, .L808C0080   
/* 00DEC 808C000C E6060260 */  swc1    $f6, 0x0260($s0)           ## 00000260
.L808C0010:
/* 00DF0 808C0010 24010001 */  addiu   $at, $zero, 0x0001         ## $at = 00000001
/* 00DF4 808C0014 1441000A */  bne     $v0, $at, .L808C0040       
/* 00DF8 808C0018 02002025 */  or      $a0, $s0, $zero            ## $a0 = 00000000
/* 00DFC 808C001C 24080014 */  addiu   $t0, $zero, 0x0014         ## $t0 = 00000014
/* 00E00 808C0020 AFA80010 */  sw      $t0, 0x0010($sp)           
/* 00E04 808C0024 00002825 */  or      $a1, $zero, $zero          ## $a1 = 00000000
/* 00E08 808C0028 240600FF */  addiu   $a2, $zero, 0x00FF         ## $a2 = 000000FF
/* 00E0C 808C002C 0C02F2DC */  jal     func_800BCB70              
/* 00E10 808C0030 00003825 */  or      $a3, $zero, $zero          ## $a3 = 00000000
/* 00E14 808C0034 44804000 */  mtc1    $zero, $f8                 ## $f8 = 0.00
/* 00E18 808C0038 10000011 */  beq     $zero, $zero, .L808C0080   
/* 00E1C 808C003C E6080070 */  swc1    $f8, 0x0070($s0)           ## 00000070
.L808C0040:
/* 00E20 808C0040 2401000E */  addiu   $at, $zero, 0x000E         ## $at = 0000000E
/* 00E24 808C0044 14410004 */  bne     $v0, $at, .L808C0058       
/* 00E28 808C0048 02002025 */  or      $a0, $s0, $zero            ## $a0 = 00000000
/* 00E2C 808C004C 44805000 */  mtc1    $zero, $f10                ## $f10 = 0.00
/* 00E30 808C0050 1000000B */  beq     $zero, $zero, .L808C0080   
/* 00E34 808C0054 E60A0070 */  swc1    $f10, 0x0070($s0)          ## 00000070
.L808C0058:
/* 00E38 808C0058 24090014 */  addiu   $t1, $zero, 0x0014         ## $t1 = 00000014
/* 00E3C 808C005C AFA90010 */  sw      $t1, 0x0010($sp)           
/* 00E40 808C0060 24054000 */  addiu   $a1, $zero, 0x4000         ## $a1 = 00004000
/* 00E44 808C0064 240600FF */  addiu   $a2, $zero, 0x00FF         ## $a2 = 000000FF
/* 00E48 808C0068 0C02F2DC */  jal     func_800BCB70              
/* 00E4C 808C006C 00003825 */  or      $a3, $zero, $zero          ## $a3 = 00000000
/* 00E50 808C0070 3C0140E0 */  lui     $at, 0x40E0                ## $at = 40E00000
/* 00E54 808C0074 44818000 */  mtc1    $at, $f16                  ## $f16 = 7.00
/* 00E58 808C0078 00000000 */  nop
/* 00E5C 808C007C E6100070 */  swc1    $f16, 0x0070($s0)          ## 00000070
.L808C0080:
/* 00E60 808C0080 3C0A808C */  lui     $t2, %hi(func_808C00A0)    ## $t2 = 808C0000
/* 00E64 808C0084 254A00A0 */  addiu   $t2, $t2, %lo(func_808C00A0) ## $t2 = 808C00A0
/* 00E68 808C0088 AE0A0248 */  sw      $t2, 0x0248($s0)           ## 00000248
/* 00E6C 808C008C 8FBF0024 */  lw      $ra, 0x0024($sp)           
/* 00E70 808C0090 8FB00020 */  lw      $s0, 0x0020($sp)           
/* 00E74 808C0094 27BD0028 */  addiu   $sp, $sp, 0x0028           ## $sp = 00000000
/* 00E78 808C0098 03E00008 */  jr      $ra                        
/* 00E7C 808C009C 00000000 */  nop


glabel func_808C00A0
/* 00E80 808C00A0 27BDFFD8 */  addiu   $sp, $sp, 0xFFD8           ## $sp = FFFFFFD8
/* 00E84 808C00A4 AFB00020 */  sw      $s0, 0x0020($sp)           
/* 00E88 808C00A8 44800000 */  mtc1    $zero, $f0                 ## $f0 = 0.00
/* 00E8C 808C00AC 00808025 */  or      $s0, $a0, $zero            ## $s0 = 00000000
/* 00E90 808C00B0 AFBF0024 */  sw      $ra, 0x0024($sp)           
/* 00E94 808C00B4 AFA5002C */  sw      $a1, 0x002C($sp)           
/* 00E98 808C00B8 44050000 */  mfc1    $a1, $f0                   
/* 00E9C 808C00BC 26040070 */  addiu   $a0, $s0, 0x0070           ## $a0 = 00000070
/* 00EA0 808C00C0 3C063F80 */  lui     $a2, 0x3F80                ## $a2 = 3F800000
/* 00EA4 808C00C4 3C073F00 */  lui     $a3, 0x3F00                ## $a3 = 3F000000
/* 00EA8 808C00C8 0C03FF36 */  jal     func_800FFCD8              
/* 00EAC 808C00CC E7A00010 */  swc1    $f0, 0x0010($sp)           
/* 00EB0 808C00D0 960E0090 */  lhu     $t6, 0x0090($s0)           ## 00000090
/* 00EB4 808C00D4 3C01808C */  lui     $at, %hi(D_808C0E24)       ## $at = 808C0000
/* 00EB8 808C00D8 31CF0001 */  andi    $t7, $t6, 0x0001           ## $t7 = 00000000
/* 00EBC 808C00DC 51E00013 */  beql    $t7, $zero, .L808C012C     
/* 00EC0 808C00E0 8FBF0024 */  lw      $ra, 0x0024($sp)           
/* 00EC4 808C00E4 C6040070 */  lwc1    $f4, 0x0070($s0)           ## 00000070
/* 00EC8 808C00E8 C4260E24 */  lwc1    $f6, %lo(D_808C0E24)($at)  
/* 00ECC 808C00EC 02002025 */  or      $a0, $s0, $zero            ## $a0 = 00000000
/* 00ED0 808C00F0 4606203C */  c.lt.s  $f4, $f6                   
/* 00ED4 808C00F4 00000000 */  nop
/* 00ED8 808C00F8 4502000C */  bc1fl   .L808C012C                 
/* 00EDC 808C00FC 8FBF0024 */  lw      $ra, 0x0024($sp)           
/* 00EE0 808C0100 0C22FD0E */  jal     func_808BF438              
/* 00EE4 808C0104 8FA5002C */  lw      $a1, 0x002C($sp)           
/* 00EE8 808C0108 10400005 */  beq     $v0, $zero, .L808C0120     
/* 00EEC 808C010C 00000000 */  nop
/* 00EF0 808C0110 0C22FE86 */  jal     func_808BFA18              
/* 00EF4 808C0114 02002025 */  or      $a0, $s0, $zero            ## $a0 = 00000000
/* 00EF8 808C0118 10000004 */  beq     $zero, $zero, .L808C012C   
/* 00EFC 808C011C 8FBF0024 */  lw      $ra, 0x0024($sp)           
.L808C0120:
/* 00F00 808C0120 0C22FEAD */  jal     func_808BFAB4              
/* 00F04 808C0124 02002025 */  or      $a0, $s0, $zero            ## $a0 = 00000000
/* 00F08 808C0128 8FBF0024 */  lw      $ra, 0x0024($sp)           
.L808C012C:
/* 00F0C 808C012C 8FB00020 */  lw      $s0, 0x0020($sp)           
/* 00F10 808C0130 27BD0028 */  addiu   $sp, $sp, 0x0028           ## $sp = 00000000
/* 00F14 808C0134 03E00008 */  jr      $ra                        
/* 00F18 808C0138 00000000 */  nop


glabel func_808C013C
/* 00F1C 808C013C 44800000 */  mtc1    $zero, $f0                 ## $f0 = 0.00
/* 00F20 808C0140 3C01C000 */  lui     $at, 0xC000                ## $at = C0000000
/* 00F24 808C0144 C4840068 */  lwc1    $f4, 0x0068($a0)           ## 00000068
/* 00F28 808C0148 44813000 */  mtc1    $at, $f6                   ## $f6 = -2.00
/* 00F2C 808C014C 3C0E808C */  lui     $t6, %hi(func_808C0178)    ## $t6 = 808C0000
/* 00F30 808C0150 4604003C */  c.lt.s  $f0, $f4                   
/* 00F34 808C0154 E4800070 */  swc1    $f0, 0x0070($a0)           ## 00000070
/* 00F38 808C0158 25CE0178 */  addiu   $t6, $t6, %lo(func_808C0178) ## $t6 = 808C0178
/* 00F3C 808C015C 45020003 */  bc1fl   .L808C016C                 
/* 00F40 808C0160 E4860074 */  swc1    $f6, 0x0074($a0)           ## 00000074
/* 00F44 808C0164 E4800068 */  swc1    $f0, 0x0068($a0)           ## 00000068
/* 00F48 808C0168 E4860074 */  swc1    $f6, 0x0074($a0)           ## 00000074
.L808C016C:
/* 00F4C 808C016C AC8E0248 */  sw      $t6, 0x0248($a0)           ## 00000248
/* 00F50 808C0170 03E00008 */  jr      $ra                        
/* 00F54 808C0174 00000000 */  nop


glabel func_808C0178
/* 00F58 808C0178 27BDFFE8 */  addiu   $sp, $sp, 0xFFE8           ## $sp = FFFFFFE8
/* 00F5C 808C017C AFBF0014 */  sw      $ra, 0x0014($sp)           
/* 00F60 808C0180 AFA5001C */  sw      $a1, 0x001C($sp)           
/* 00F64 808C0184 84820250 */  lh      $v0, 0x0250($a0)           ## 00000250
/* 00F68 808C0188 10400003 */  beq     $v0, $zero, .L808C0198     
/* 00F6C 808C018C 244EFFFF */  addiu   $t6, $v0, 0xFFFF           ## $t6 = FFFFFFFF
/* 00F70 808C0190 A48E0250 */  sh      $t6, 0x0250($a0)           ## 00000250
/* 00F74 808C0194 84820250 */  lh      $v0, 0x0250($a0)           ## 00000250
.L808C0198:
/* 00F78 808C0198 1440000D */  bne     $v0, $zero, .L808C01D0     
/* 00F7C 808C019C 8FA5001C */  lw      $a1, 0x001C($sp)           
/* 00F80 808C01A0 0C22FCEE */  jal     func_808BF3B8              
/* 00F84 808C01A4 AFA40018 */  sw      $a0, 0x0018($sp)           
/* 00F88 808C01A8 8FA40018 */  lw      $a0, 0x0018($sp)           
/* 00F8C 808C01AC 908F00B7 */  lbu     $t7, 0x00B7($a0)           ## 000000B7
/* 00F90 808C01B0 15E00005 */  bne     $t7, $zero, .L808C01C8     
/* 00F94 808C01B4 00000000 */  nop
/* 00F98 808C01B8 0C22FF33 */  jal     func_808BFCCC              
/* 00F9C 808C01BC 8FA5001C */  lw      $a1, 0x001C($sp)           
/* 00FA0 808C01C0 10000004 */  beq     $zero, $zero, .L808C01D4   
/* 00FA4 808C01C4 8FBF0014 */  lw      $ra, 0x0014($sp)           
.L808C01C8:
/* 00FA8 808C01C8 0C22FEAD */  jal     func_808BFAB4              
/* 00FAC 808C01CC 00000000 */  nop
.L808C01D0:
/* 00FB0 808C01D0 8FBF0014 */  lw      $ra, 0x0014($sp)           
.L808C01D4:
/* 00FB4 808C01D4 27BD0018 */  addiu   $sp, $sp, 0x0018           ## $sp = 00000000
/* 00FB8 808C01D8 03E00008 */  jr      $ra                        
/* 00FBC 808C01DC 00000000 */  nop


glabel func_808C01E0
/* 00FC0 808C01E0 27BDFFC8 */  addiu   $sp, $sp, 0xFFC8           ## $sp = FFFFFFC8
/* 00FC4 808C01E4 AFB00030 */  sw      $s0, 0x0030($sp)           
/* 00FC8 808C01E8 00808025 */  or      $s0, $a0, $zero            ## $s0 = 00000000
/* 00FCC 808C01EC AFBF0034 */  sw      $ra, 0x0034($sp)           
/* 00FD0 808C01F0 AFA5003C */  sw      $a1, 0x003C($sp)           
/* 00FD4 808C01F4 92020395 */  lbu     $v0, 0x0395($s0)           ## 00000395
/* 00FD8 808C01F8 2401000A */  addiu   $at, $zero, 0x000A         ## $at = 0000000A
/* 00FDC 808C01FC 304E0002 */  andi    $t6, $v0, 0x0002           ## $t6 = 00000000
/* 00FE0 808C0200 11C00061 */  beq     $t6, $zero, .L808C0388     
/* 00FE4 808C0204 304FFFFD */  andi    $t7, $v0, 0xFFFD           ## $t7 = 00000000
/* 00FE8 808C0208 92180394 */  lbu     $t8, 0x0394($s0)           ## 00000394
/* 00FEC 808C020C 920A024F */  lbu     $t2, 0x024F($s0)           ## 0000024F
/* 00FF0 808C0210 A20F0395 */  sb      $t7, 0x0395($s0)           ## 00000395
/* 00FF4 808C0214 3308FFF9 */  andi    $t0, $t8, 0xFFF9           ## $t0 = 00000000
/* 00FF8 808C0218 A2080394 */  sb      $t0, 0x0394($s0)           ## 00000394
/* 00FFC 808C021C 3109FFFE */  andi    $t1, $t0, 0xFFFE           ## $t1 = 00000000
/* 01000 808C0220 15410008 */  bne     $t2, $at, .L808C0244       
/* 01004 808C0224 A2090394 */  sb      $t1, 0x0394($s0)           ## 00000394
/* 01008 808C0228 8E0B03A0 */  lw      $t3, 0x03A0($s0)           ## 000003A0
/* 0100C 808C022C 3C01000D */  lui     $at, 0x000D                ## $at = 000D0000
/* 01010 808C0230 3421B0B3 */  ori     $at, $at, 0xB0B3           ## $at = 000DB0B3
/* 01014 808C0234 8D6C0024 */  lw      $t4, 0x0024($t3)           ## 00000024
/* 01018 808C0238 8D8D0000 */  lw      $t5, 0x0000($t4)           ## 00000000
/* 0101C 808C023C 01A17024 */  and     $t6, $t5, $at              
/* 01020 808C0240 15C00065 */  bne     $t6, $zero, .L808C03D8     
.L808C0244:
/* 01024 808C0244 02002025 */  or      $a0, $s0, $zero            ## $a0 = 00000000
/* 01028 808C0248 0C02F8AE */  jal     func_800BE2B8              
/* 0102C 808C024C 26050384 */  addiu   $a1, $s0, 0x0384           ## $a1 = 00000384
/* 01030 808C0250 44800000 */  mtc1    $zero, $f0                 ## $f0 = 0.00
/* 01034 808C0254 A200024C */  sb      $zero, 0x024C($s0)         ## 0000024C
/* 01038 808C0258 02002025 */  or      $a0, $s0, $zero            ## $a0 = 00000000
/* 0103C 808C025C E6000254 */  swc1    $f0, 0x0254($s0)           ## 00000254
/* 01040 808C0260 0C22FD6B */  jal     func_808BF5AC              
/* 01044 808C0264 E6000258 */  swc1    $f0, 0x0258($s0)           ## 00000258
/* 01048 808C0268 02002025 */  or      $a0, $s0, $zero            ## $a0 = 00000000
/* 0104C 808C026C 0C22FCEE */  jal     func_808BF3B8              
/* 01050 808C0270 8FA5003C */  lw      $a1, 0x003C($sp)           
/* 01054 808C0274 0C02F88B */  jal     func_800BE22C              
/* 01058 808C0278 02002025 */  or      $a0, $s0, $zero            ## $a0 = 00000000
/* 0105C 808C027C 14400003 */  bne     $v0, $zero, .L808C028C     
/* 01060 808C0280 8FA4003C */  lw      $a0, 0x003C($sp)           
/* 01064 808C0284 0C02EEA2 */  jal     func_800BBA88              
/* 01068 808C0288 02002825 */  or      $a1, $s0, $zero            ## $a1 = 00000000
.L808C028C:
/* 0106C 808C028C 920F00B9 */  lbu     $t7, 0x00B9($s0)           ## 000000B9
/* 01070 808C0290 24010003 */  addiu   $at, $zero, 0x0003         ## $at = 00000003
/* 01074 808C0294 55E10010 */  bnel    $t7, $at, .L808C02D8       
/* 01078 808C0298 920A00B7 */  lbu     $t2, 0x00B7($s0)           ## 000000B7
/* 0107C 808C029C 0C22FCD1 */  jal     func_808BF344              
/* 01080 808C02A0 02002025 */  or      $a0, $s0, $zero            ## $a0 = 00000000
/* 01084 808C02A4 921800B7 */  lbu     $t8, 0x00B7($s0)           ## 000000B7
/* 01088 808C02A8 17000006 */  bne     $t8, $zero, .L808C02C4     
/* 0108C 808C02AC 00000000 */  nop
/* 01090 808C02B0 92080395 */  lbu     $t0, 0x0395($s0)           ## 00000395
/* 01094 808C02B4 24190003 */  addiu   $t9, $zero, 0x0003         ## $t9 = 00000003
/* 01098 808C02B8 A6190250 */  sh      $t9, 0x0250($s0)           ## 00000250
/* 0109C 808C02BC 3109FFFE */  andi    $t1, $t0, 0xFFFE           ## $t1 = 00000000
/* 010A0 808C02C0 A2090395 */  sb      $t1, 0x0395($s0)           ## 00000395
.L808C02C4:
/* 010A4 808C02C4 0C23004F */  jal     func_808C013C              
/* 010A8 808C02C8 02002025 */  or      $a0, $s0, $zero            ## $a0 = 00000000
/* 010AC 808C02CC 1000000C */  beq     $zero, $zero, .L808C0300   
/* 010B0 808C02D0 920B00B9 */  lbu     $t3, 0x00B9($s0)           ## 000000B9
/* 010B4 808C02D4 920A00B7 */  lbu     $t2, 0x00B7($s0)           ## 000000B7
.L808C02D8:
/* 010B8 808C02D8 02002025 */  or      $a0, $s0, $zero            ## $a0 = 00000000
/* 010BC 808C02DC 15400005 */  bne     $t2, $zero, .L808C02F4     
/* 010C0 808C02E0 00000000 */  nop
/* 010C4 808C02E4 0C22FF33 */  jal     func_808BFCCC              
/* 010C8 808C02E8 8FA5003C */  lw      $a1, 0x003C($sp)           
/* 010CC 808C02EC 10000004 */  beq     $zero, $zero, .L808C0300   
/* 010D0 808C02F0 920B00B9 */  lbu     $t3, 0x00B9($s0)           ## 000000B9
.L808C02F4:
/* 010D4 808C02F4 0C22FFE3 */  jal     func_808BFF8C              
/* 010D8 808C02F8 02002025 */  or      $a0, $s0, $zero            ## $a0 = 00000000
/* 010DC 808C02FC 920B00B9 */  lbu     $t3, 0x00B9($s0)           ## 000000B9
.L808C0300:
/* 010E0 808C0300 24010004 */  addiu   $at, $zero, 0x0004         ## $at = 00000004
/* 010E4 808C0304 15610034 */  bne     $t3, $at, .L808C03D8       
/* 010E8 808C0308 3C014080 */  lui     $at, 0x4080                ## $at = 40800000
/* 010EC 808C030C 44812000 */  mtc1    $at, $f4                   ## $f4 = 4.00
/* 010F0 808C0310 3C01808C */  lui     $at, %hi(D_808C0E28)       ## $at = 808C0000
/* 010F4 808C0314 8E0203A0 */  lw      $v0, 0x03A0($s0)           ## 000003A0
/* 010F8 808C0318 E604025C */  swc1    $f4, 0x025C($s0)           ## 0000025C
/* 010FC 808C031C C4260E28 */  lwc1    $f6, %lo(D_808C0E28)($at)  
/* 01100 808C0320 240C0014 */  addiu   $t4, $zero, 0x0014         ## $t4 = 00000014
/* 01104 808C0324 A20C024F */  sb      $t4, 0x024F($s0)           ## 0000024F
/* 01108 808C0328 E6060260 */  swc1    $f6, 0x0260($s0)           ## 00000260
/* 0110C 808C032C 844F0010 */  lh      $t7, 0x0010($v0)           ## 00000010
/* 01110 808C0330 844E000E */  lh      $t6, 0x000E($v0)           ## 0000000E
/* 01114 808C0334 8FA5003C */  lw      $a1, 0x003C($sp)           
/* 01118 808C0338 448F5000 */  mtc1    $t7, $f10                  ## $f10 = 0.00
/* 0111C 808C033C 448E4000 */  mtc1    $t6, $f8                   ## $f8 = 0.00
/* 01120 808C0340 24190003 */  addiu   $t9, $zero, 0x0003         ## $t9 = 00000003
/* 01124 808C0344 46805420 */  cvt.s.w $f16, $f10                 
/* 01128 808C0348 240600A2 */  addiu   $a2, $zero, 0x00A2         ## $a2 = 000000A2
/* 0112C 808C034C 24A41CA0 */  addiu   $a0, $a1, 0x1CA0           ## $a0 = 00001CA0
/* 01130 808C0350 46804220 */  cvt.s.w $f8, $f8                   
/* 01134 808C0354 E7B00010 */  swc1    $f16, 0x0010($sp)          
/* 01138 808C0358 84580012 */  lh      $t8, 0x0012($v0)           ## 00000012
/* 0113C 808C035C AFB90024 */  sw      $t9, 0x0024($sp)           
/* 01140 808C0360 AFA00020 */  sw      $zero, 0x0020($sp)         
/* 01144 808C0364 44989000 */  mtc1    $t8, $f18                  ## $f18 = 0.00
/* 01148 808C0368 44074000 */  mfc1    $a3, $f8                   
/* 0114C 808C036C AFA0001C */  sw      $zero, 0x001C($sp)         
/* 01150 808C0370 46809120 */  cvt.s.w $f4, $f18                  
/* 01154 808C0374 AFA00018 */  sw      $zero, 0x0018($sp)         
/* 01158 808C0378 0C02EB18 */  jal     func_800BAC60              
/* 0115C 808C037C E7A40014 */  swc1    $f4, 0x0014($sp)           
/* 01160 808C0380 10000016 */  beq     $zero, $zero, .L808C03DC   
/* 01164 808C0384 8FBF0034 */  lw      $ra, 0x0034($sp)           
.L808C0388:
/* 01168 808C0388 92020394 */  lbu     $v0, 0x0394($s0)           ## 00000394
/* 0116C 808C038C 02002025 */  or      $a0, $s0, $zero            ## $a0 = 00000000
/* 01170 808C0390 30480004 */  andi    $t0, $v0, 0x0004           ## $t0 = 00000000
/* 01174 808C0394 11000010 */  beq     $t0, $zero, .L808C03D8     
/* 01178 808C0398 3049FFF9 */  andi    $t1, $v0, 0xFFF9           ## $t1 = 00000000
/* 0117C 808C039C 0C22FD6B */  jal     func_808BF5AC              
/* 01180 808C03A0 A2090394 */  sb      $t1, 0x0394($s0)           ## 00000394
/* 01184 808C03A4 8E0B0248 */  lw      $t3, 0x0248($s0)           ## 00000248
/* 01188 808C03A8 3C0A808C */  lui     $t2, %hi(func_808BFB4C)    ## $t2 = 808C0000
/* 0118C 808C03AC 254AFB4C */  addiu   $t2, $t2, %lo(func_808BFB4C) ## $t2 = 808BFB4C
/* 01190 808C03B0 514B000A */  beql    $t2, $t3, .L808C03DC       
/* 01194 808C03B4 8FBF0034 */  lw      $ra, 0x0034($sp)           
/* 01198 808C03B8 860C0092 */  lh      $t4, 0x0092($s0)           ## 00000092
/* 0119C 808C03BC 34018000 */  ori     $at, $zero, 0x8000         ## $at = 00008000
/* 011A0 808C03C0 02002025 */  or      $a0, $s0, $zero            ## $a0 = 00000000
/* 011A4 808C03C4 01816821 */  addu    $t5, $t4, $at              
/* 011A8 808C03C8 A60D0032 */  sh      $t5, 0x0032($s0)           ## 00000032
/* 011AC 808C03CC 860E0032 */  lh      $t6, 0x0032($s0)           ## 00000032
/* 011B0 808C03D0 0C22FEAD */  jal     func_808BFAB4              
/* 011B4 808C03D4 A60E00BE */  sh      $t6, 0x00BE($s0)           ## 000000BE
.L808C03D8:
/* 011B8 808C03D8 8FBF0034 */  lw      $ra, 0x0034($sp)           
.L808C03DC:
/* 011BC 808C03DC 8FB00030 */  lw      $s0, 0x0030($sp)           
/* 011C0 808C03E0 27BD0038 */  addiu   $sp, $sp, 0x0038           ## $sp = 00000000
/* 011C4 808C03E4 03E00008 */  jr      $ra                        
/* 011C8 808C03E8 00000000 */  nop


glabel func_808C03EC
/* 011CC 808C03EC 27BDFF90 */  addiu   $sp, $sp, 0xFF90           ## $sp = FFFFFF90
/* 011D0 808C03F0 AFB50030 */  sw      $s5, 0x0030($sp)           
/* 011D4 808C03F4 0080A825 */  or      $s5, $a0, $zero            ## $s5 = 00000000
/* 011D8 808C03F8 AFBF0034 */  sw      $ra, 0x0034($sp)           
/* 011DC 808C03FC AFB4002C */  sw      $s4, 0x002C($sp)           
/* 011E0 808C0400 AFB30028 */  sw      $s3, 0x0028($sp)           
/* 011E4 808C0404 AFB20024 */  sw      $s2, 0x0024($sp)           
/* 011E8 808C0408 AFB10020 */  sw      $s1, 0x0020($sp)           
/* 011EC 808C040C AFB0001C */  sw      $s0, 0x001C($sp)           
/* 011F0 808C0410 AFA50074 */  sw      $a1, 0x0074($sp)           
/* 011F4 808C0414 02A02025 */  or      $a0, $s5, $zero            ## $a0 = 00000000
/* 011F8 808C0418 0C230078 */  jal     func_808C01E0              
/* 011FC 808C041C 8FA50074 */  lw      $a1, 0x0074($sp)           
/* 01200 808C0420 8EB90248 */  lw      $t9, 0x0248($s5)           ## 00000248
/* 01204 808C0424 02A02025 */  or      $a0, $s5, $zero            ## $a0 = 00000000
/* 01208 808C0428 8FA50074 */  lw      $a1, 0x0074($sp)           
/* 0120C 808C042C 0320F809 */  jalr    $ra, $t9                   
/* 01210 808C0430 00000000 */  nop
/* 01214 808C0434 8EAF0248 */  lw      $t7, 0x0248($s5)           ## 00000248
/* 01218 808C0438 3C0E808C */  lui     $t6, %hi(func_808BFE58)    ## $t6 = 808C0000
/* 0121C 808C043C 25CEFE58 */  addiu   $t6, $t6, %lo(func_808BFE58) ## $t6 = 808BFE58
/* 01220 808C0440 51CF00DC */  beql    $t6, $t7, .L808C07B4       
/* 01224 808C0444 8FBF0034 */  lw      $ra, 0x0034($sp)           
/* 01228 808C0448 0C02DAA2 */  jal     func_800B6A88              
/* 0122C 808C044C 02A02025 */  or      $a0, $s5, $zero            ## $a0 = 00000000
/* 01230 808C0450 92B8024D */  lbu     $t8, 0x024D($s5)           ## 0000024D
/* 01234 808C0454 8FA40074 */  lw      $a0, 0x0074($sp)           
/* 01238 808C0458 02A02825 */  or      $a1, $s5, $zero            ## $a1 = 00000000
/* 0123C 808C045C 13000008 */  beq     $t8, $zero, .L808C0480     
/* 01240 808C0460 3C0641F0 */  lui     $a2, 0x41F0                ## $a2 = 41F00000
/* 01244 808C0464 3C0141A0 */  lui     $at, 0x41A0                ## $at = 41A00000
/* 01248 808C0468 44812000 */  mtc1    $at, $f4                   ## $f4 = 20.00
/* 0124C 808C046C 24080007 */  addiu   $t0, $zero, 0x0007         ## $t0 = 00000007
/* 01250 808C0470 AFA80014 */  sw      $t0, 0x0014($sp)           
/* 01254 808C0474 3C0741C8 */  lui     $a3, 0x41C8                ## $a3 = 41C80000
/* 01258 808C0478 0C02DE2E */  jal     func_800B78B8              
/* 0125C 808C047C E7A40010 */  swc1    $f4, 0x0010($sp)           
.L808C0480:
/* 01260 808C0480 26A3003C */  addiu   $v1, $s5, 0x003C           ## $v1 = 0000003C
/* 01264 808C0484 24700268 */  addiu   $s0, $v1, 0x0268           ## $s0 = 000002A4
/* 01268 808C0488 2473025C */  addiu   $s3, $v1, 0x025C           ## $s3 = 00000298
/* 0126C 808C048C 24740250 */  addiu   $s4, $v1, 0x0250           ## $s4 = 0000028C
/* 01270 808C0490 24020005 */  addiu   $v0, $zero, 0x0005         ## $v0 = 00000005
/* 01274 808C0494 27B2005C */  addiu   $s2, $sp, 0x005C           ## $s2 = FFFFFFEC
.L808C0498:
/* 01278 808C0498 02802025 */  or      $a0, $s4, $zero            ## $a0 = 0000028C
/* 0127C 808C049C 02602825 */  or      $a1, $s3, $zero            ## $a1 = 00000298
/* 01280 808C04A0 02403025 */  or      $a2, $s2, $zero            ## $a2 = FFFFFFEC
/* 01284 808C04A4 0C03FD7D */  jal     func_800FF5F4              
/* 01288 808C04A8 AFA20058 */  sw      $v0, 0x0058($sp)           
/* 0128C 808C04AC 8FA20058 */  lw      $v0, 0x0058($sp)           
/* 01290 808C04B0 3C01808C */  lui     $at, %hi(D_808C0E2C)       ## $at = 808C0000
/* 01294 808C04B4 C42A0E2C */  lwc1    $f10, %lo(D_808C0E2C)($at) 
/* 01298 808C04B8 2451FFFF */  addiu   $s1, $v0, 0xFFFF           ## $s1 = FFFFFFFF
/* 0129C 808C04BC 44913000 */  mtc1    $s1, $f6                   ## $f6 = NaN
/* 012A0 808C04C0 02402025 */  or      $a0, $s2, $zero            ## $a0 = FFFFFFEC
/* 012A4 808C04C4 46803220 */  cvt.s.w $f8, $f6                   
/* 012A8 808C04C8 460A4402 */  mul.s   $f16, $f8, $f10            
/* 012AC 808C04CC 44058000 */  mfc1    $a1, $f16                  
/* 012B0 808C04D0 0C03FDA2 */  jal     func_800FF688              
/* 012B4 808C04D4 00000000 */  nop
/* 012B8 808C04D8 02002025 */  or      $a0, $s0, $zero            ## $a0 = 000002A4
/* 012BC 808C04DC 0C03FD43 */  jal     func_800FF50C              
/* 012C0 808C04E0 02602825 */  or      $a1, $s3, $zero            ## $a1 = 00000298
/* 012C4 808C04E4 02002025 */  or      $a0, $s0, $zero            ## $a0 = 000002A4
/* 012C8 808C04E8 02402825 */  or      $a1, $s2, $zero            ## $a1 = FFFFFFEC
/* 012CC 808C04EC 0C03FD6F */  jal     func_800FF5BC              
/* 012D0 808C04F0 02003025 */  or      $a2, $s0, $zero            ## $a2 = 000002A4
/* 012D4 808C04F4 2A210002 */  slti    $at, $s1, 0x0002           
/* 012D8 808C04F8 02201025 */  or      $v0, $s1, $zero            ## $v0 = FFFFFFFF
/* 012DC 808C04FC 2610FFF4 */  addiu   $s0, $s0, 0xFFF4           ## $s0 = 00000298
/* 012E0 808C0500 2673FFF4 */  addiu   $s3, $s3, 0xFFF4           ## $s3 = 0000028C
/* 012E4 808C0504 1020FFE4 */  beq     $at, $zero, .L808C0498     
/* 012E8 808C0508 2694FFF4 */  addiu   $s4, $s4, 0xFFF4           ## $s4 = 00000280
/* 012EC 808C050C 26B00268 */  addiu   $s0, $s5, 0x0268           ## $s0 = 00000268
/* 012F0 808C0510 02002825 */  or      $a1, $s0, $zero            ## $a1 = 00000268
/* 012F4 808C0514 0C03FD43 */  jal     func_800FF50C              
/* 012F8 808C0518 26A40274 */  addiu   $a0, $s5, 0x0274           ## $a0 = 00000274
/* 012FC 808C051C 02002025 */  or      $a0, $s0, $zero            ## $a0 = 00000268
/* 01300 808C0520 0C03FD43 */  jal     func_800FF50C              
/* 01304 808C0524 26A50024 */  addiu   $a1, $s5, 0x0024           ## $a1 = 00000024
/* 01308 808C0528 3C01423C */  lui     $at, 0x423C                ## $at = 423C0000
/* 0130C 808C052C 44816000 */  mtc1    $at, $f12                  ## $f12 = 47.00
/* 01310 808C0530 3C014170 */  lui     $at, 0x4170                ## $at = 41700000
/* 01314 808C0534 44812000 */  mtc1    $at, $f4                   ## $f4 = 15.00
/* 01318 808C0538 C6B2026C */  lwc1    $f18, 0x026C($s5)          ## 0000026C
/* 0131C 808C053C C6AA0254 */  lwc1    $f10, 0x0254($s5)          ## 00000254
/* 01320 808C0540 3C0141F0 */  lui     $at, 0x41F0                ## $at = 41F00000
/* 01324 808C0544 46049180 */  add.s   $f6, $f18, $f4             
/* 01328 808C0548 460A6402 */  mul.s   $f16, $f12, $f10           
/* 0132C 808C054C 44817000 */  mtc1    $at, $f14                  ## $f14 = 30.00
/* 01330 808C0550 3C01808C */  lui     $at, %hi(D_808C0E30)       ## $at = 808C0000
/* 01334 808C0554 E6A6026C */  swc1    $f6, 0x026C($s5)           ## 0000026C
/* 01338 808C0558 C6A8026C */  lwc1    $f8, 0x026C($s5)           ## 0000026C
/* 0133C 808C055C C6A00258 */  lwc1    $f0, 0x0258($s5)           ## 00000258
/* 01340 808C0560 00002025 */  or      $a0, $zero, $zero          ## $a0 = 00000000
/* 01344 808C0564 46104481 */  sub.s   $f18, $f8, $f16            
/* 01348 808C0568 02A01825 */  or      $v1, $s5, $zero            ## $v1 = 00000000
/* 0134C 808C056C 240500C0 */  addiu   $a1, $zero, 0x00C0         ## $a1 = 000000C0
/* 01350 808C0570 E6B2026C */  swc1    $f18, 0x026C($s5)          ## 0000026C
/* 01354 808C0574 C4220E30 */  lwc1    $f2, %lo(D_808C0E30)($at)  
/* 01358 808C0578 46007282 */  mul.s   $f10, $f14, $f0            
/* 0135C 808C057C 24A5FFC0 */  addiu   $a1, $a1, 0xFFC0           ## $a1 = 00000080
/* 01360 808C0580 1085001C */  beq     $a0, $a1, .L808C05F4       
/* 01364 808C0584 4600548D */  trunc.w.s $f18, $f10                 
.L808C0588:
/* 01368 808C0588 46006402 */  mul.s   $f16, $f12, $f0            
/* 0136C 808C058C 8EA903A0 */  lw      $t1, 0x03A0($s5)           ## 000003A0
/* 01370 808C0590 440B9000 */  mfc1    $t3, $f18                  
/* 01374 808C0594 46020002 */  mul.s   $f0, $f0, $f2              
/* 01378 808C0598 01241021 */  addu    $v0, $t1, $a0              
/* 0137C 808C059C A44B0036 */  sh      $t3, 0x0036($v0)           ## 00000036
/* 01380 808C05A0 C46A0268 */  lwc1    $f10, 0x0268($v1)          ## 00000268
/* 01384 808C05A4 24840040 */  addiu   $a0, $a0, 0x0040           ## $a0 = 00000040
/* 01388 808C05A8 24420030 */  addiu   $v0, $v0, 0x0030           ## $v0 = 00000030
/* 0138C 808C05AC 4600528D */  trunc.w.s $f10, $f10                 
/* 01390 808C05B0 24630018 */  addiu   $v1, $v1, 0x0018           ## $v1 = 00000018
/* 01394 808C05B4 440D5000 */  mfc1    $t5, $f10                  
/* 01398 808C05B8 00000000 */  nop
/* 0139C 808C05BC A44D0000 */  sh      $t5, 0x0000($v0)           ## 00000030
/* 013A0 808C05C0 C46A0254 */  lwc1    $f10, 0x0254($v1)          ## 0000026C
/* 013A4 808C05C4 46105400 */  add.s   $f16, $f10, $f16           
/* 013A8 808C05C8 46007282 */  mul.s   $f10, $f14, $f0            
/* 013AC 808C05CC 4600840D */  trunc.w.s $f16, $f16                 
/* 013B0 808C05D0 4600548D */  trunc.w.s $f18, $f10                 
/* 013B4 808C05D4 440E8000 */  mfc1    $t6, $f16                  
/* 013B8 808C05D8 00000000 */  nop
/* 013BC 808C05DC A44E0002 */  sh      $t6, 0x0002($v0)           ## 00000032
/* 013C0 808C05E0 C4700258 */  lwc1    $f16, 0x0258($v1)          ## 00000270
/* 013C4 808C05E4 4600840D */  trunc.w.s $f16, $f16                 
/* 013C8 808C05E8 44188000 */  mfc1    $t8, $f16                  
/* 013CC 808C05EC 1485FFE6 */  bne     $a0, $a1, .L808C0588       
/* 013D0 808C05F0 A4580004 */  sh      $t8, 0x0004($v0)           ## 00000034
.L808C05F4:
/* 013D4 808C05F4 8EA903A0 */  lw      $t1, 0x03A0($s5)           ## 000003A0
/* 013D8 808C05F8 440B9000 */  mfc1    $t3, $f18                  
/* 013DC 808C05FC 46006402 */  mul.s   $f16, $f12, $f0            
/* 013E0 808C0600 01241021 */  addu    $v0, $t1, $a0              
/* 013E4 808C0604 A44B0036 */  sh      $t3, 0x0036($v0)           ## 00000066
/* 013E8 808C0608 C46A0268 */  lwc1    $f10, 0x0268($v1)          ## 00000280
/* 013EC 808C060C 46020002 */  mul.s   $f0, $f0, $f2              
/* 013F0 808C0610 24A50040 */  addiu   $a1, $a1, 0x0040           ## $a1 = 000000C0
/* 013F4 808C0614 24840040 */  addiu   $a0, $a0, 0x0040           ## $a0 = 00000080
/* 013F8 808C0618 24630018 */  addiu   $v1, $v1, 0x0018           ## $v1 = 00000030
/* 013FC 808C061C 24420030 */  addiu   $v0, $v0, 0x0030           ## $v0 = 00000060
/* 01400 808C0620 4600528D */  trunc.w.s $f10, $f10                 
/* 01404 808C0624 440D5000 */  mfc1    $t5, $f10                  
/* 01408 808C0628 00000000 */  nop
/* 0140C 808C062C A44D0000 */  sh      $t5, 0x0000($v0)           ## 00000060
/* 01410 808C0630 C46A0254 */  lwc1    $f10, 0x0254($v1)          ## 00000284
/* 01414 808C0634 46105400 */  add.s   $f16, $f10, $f16           
/* 01418 808C0638 4600840D */  trunc.w.s $f16, $f16                 
/* 0141C 808C063C 440E8000 */  mfc1    $t6, $f16                  
/* 01420 808C0640 00000000 */  nop
/* 01424 808C0644 A44E0002 */  sh      $t6, 0x0002($v0)           ## 00000062
/* 01428 808C0648 C4700258 */  lwc1    $f16, 0x0258($v1)          ## 00000288
/* 0142C 808C064C 4600840D */  trunc.w.s $f16, $f16                 
/* 01430 808C0650 44188000 */  mfc1    $t8, $f16                  
/* 01434 808C0654 00000000 */  nop
/* 01438 808C0658 A4580004 */  sh      $t8, 0x0004($v0)           ## 00000064
/* 0143C 808C065C 8EA203A0 */  lw      $v0, 0x03A0($s5)           ## 000003A0
/* 01440 808C0660 24080014 */  addiu   $t0, $zero, 0x0014         ## $t0 = 00000014
/* 01444 808C0664 84430036 */  lh      $v1, 0x0036($v0)           ## 00000096
/* 01448 808C0668 28610014 */  slti    $at, $v1, 0x0014           
/* 0144C 808C066C 50200004 */  beql    $at, $zero, .L808C0680     
/* 01450 808C0670 A4430036 */  sh      $v1, 0x0036($v0)           ## 00000096
/* 01454 808C0674 10000002 */  beq     $zero, $zero, .L808C0680   
/* 01458 808C0678 A4480036 */  sh      $t0, 0x0036($v0)           ## 00000096
/* 0145C 808C067C A4430036 */  sh      $v1, 0x0036($v0)           ## 00000096
.L808C0680:
/* 01460 808C0680 8EA503A0 */  lw      $a1, 0x03A0($s5)           ## 000003A0
/* 01464 808C0684 26A4003C */  addiu   $a0, $s5, 0x003C           ## $a0 = 0000003C
/* 01468 808C0688 0C03FD53 */  jal     func_800FF54C              
/* 0146C 808C068C 24A50030 */  addiu   $a1, $a1, 0x0030           ## $a1 = 000000F0
/* 01470 808C0690 92A90394 */  lbu     $t1, 0x0394($s5)           ## 00000394
/* 01474 808C0694 3C100001 */  lui     $s0, 0x0001                ## $s0 = 00010000
/* 01478 808C0698 36108884 */  ori     $s0, $s0, 0x8884           ## $s0 = 00018884
/* 0147C 808C069C 312A0001 */  andi    $t2, $t1, 0x0001           ## $t2 = 00000000
/* 01480 808C06A0 11400008 */  beq     $t2, $zero, .L808C06C4     
/* 01484 808C06A4 8FA40074 */  lw      $a0, 0x0074($sp)           
/* 01488 808C06A8 8EAB0004 */  lw      $t3, 0x0004($s5)           ## 00000004
/* 0148C 808C06AC 3C010100 */  lui     $at, 0x0100                ## $at = 01000000
/* 01490 808C06B0 00902821 */  addu    $a1, $a0, $s0              
/* 01494 808C06B4 01616025 */  or      $t4, $t3, $at              ## $t4 = 01000000
/* 01498 808C06B8 AEAC0004 */  sw      $t4, 0x0004($s5)           ## 00000004
/* 0149C 808C06BC 0C038956 */  jal     func_800E2558              
/* 014A0 808C06C0 26A60384 */  addiu   $a2, $s5, 0x0384           ## $a2 = 00000384
.L808C06C4:
/* 014A4 808C06C4 92AD0395 */  lbu     $t5, 0x0395($s5)           ## 00000395
/* 014A8 808C06C8 3C100001 */  lui     $s0, 0x0001                ## $s0 = 00010000
/* 014AC 808C06CC 36108884 */  ori     $s0, $s0, 0x8884           ## $s0 = 00018884
/* 014B0 808C06D0 31B90001 */  andi    $t9, $t5, 0x0001           ## $t9 = 00000000
/* 014B4 808C06D4 13200004 */  beq     $t9, $zero, .L808C06E8     
/* 014B8 808C06D8 8FA40074 */  lw      $a0, 0x0074($sp)           
/* 014BC 808C06DC 00902821 */  addu    $a1, $a0, $s0              
/* 014C0 808C06E0 0C0389D0 */  jal     func_800E2740              
/* 014C4 808C06E4 26A60384 */  addiu   $a2, $s5, 0x0384           ## $a2 = 00000384
.L808C06E8:
/* 014C8 808C06E8 92AE0396 */  lbu     $t6, 0x0396($s5)           ## 00000396
/* 014CC 808C06EC 8FA40074 */  lw      $a0, 0x0074($sp)           
/* 014D0 808C06F0 31CF0001 */  andi    $t7, $t6, 0x0001           ## $t7 = 00000000
/* 014D4 808C06F4 11E00003 */  beq     $t7, $zero, .L808C0704     
/* 014D8 808C06F8 00902821 */  addu    $a1, $a0, $s0              
/* 014DC 808C06FC 0C038A4A */  jal     func_800E2928              
/* 014E0 808C0700 26A60384 */  addiu   $a2, $s5, 0x0384           ## $a2 = 00000384
.L808C0704:
/* 014E4 808C0704 44800000 */  mtc1    $zero, $f0                 ## $f0 = 0.00
/* 014E8 808C0708 C6B0025C */  lwc1    $f16, 0x025C($s5)          ## 0000025C
/* 014EC 808C070C 4610003C */  c.lt.s  $f0, $f16                  
/* 014F0 808C0710 00000000 */  nop
/* 014F4 808C0714 45020027 */  bc1fl   .L808C07B4                 
/* 014F8 808C0718 8FBF0034 */  lw      $ra, 0x0034($sp)           
/* 014FC 808C071C 92A8024F */  lbu     $t0, 0x024F($s5)           ## 0000024F
/* 01500 808C0720 2401000A */  addiu   $at, $zero, 0x000A         ## $at = 0000000A
/* 01504 808C0724 26A4025C */  addiu   $a0, $s5, 0x025C           ## $a0 = 0000025C
/* 01508 808C0728 11010016 */  beq     $t0, $at, .L808C0784       
/* 0150C 808C072C 3C063D4C */  lui     $a2, 0x3D4C                ## $a2 = 3D4C0000
/* 01510 808C0730 44050000 */  mfc1    $a1, $f0                   
/* 01514 808C0734 0C03FC0F */  jal     func_800FF03C              
/* 01518 808C0738 34C6CCCD */  ori     $a2, $a2, 0xCCCD           ## $a2 = 3D4CCCCD
/* 0151C 808C073C 3C01808C */  lui     $at, %hi(D_808C0E34)       ## $at = 808C0000
/* 01520 808C0740 C4220E34 */  lwc1    $f2, %lo(D_808C0E34)($at)  
/* 01524 808C0744 3C013F80 */  lui     $at, 0x3F80                ## $at = 3F800000
/* 01528 808C0748 44812000 */  mtc1    $at, $f4                   ## $f4 = 1.00
/* 0152C 808C074C C6B2025C */  lwc1    $f18, 0x025C($s5)          ## 0000025C
/* 01530 808C0750 3C01808C */  lui     $at, %hi(D_808C0E38)       ## $at = 808C0000
/* 01534 808C0754 C42A0E38 */  lwc1    $f10, %lo(D_808C0E38)($at) 
/* 01538 808C0758 46049180 */  add.s   $f6, $f18, $f4             
/* 0153C 808C075C 460A3002 */  mul.s   $f0, $f6, $f10             
/* 01540 808C0760 4600103C */  c.lt.s  $f2, $f0                   
/* 01544 808C0764 E6A00260 */  swc1    $f0, 0x0260($s5)           ## 00000260
/* 01548 808C0768 45020004 */  bc1fl   .L808C077C                 
/* 0154C 808C076C C6A80260 */  lwc1    $f8, 0x0260($s5)           ## 00000260
/* 01550 808C0770 1000000F */  beq     $zero, $zero, .L808C07B0   
/* 01554 808C0774 E6A20260 */  swc1    $f2, 0x0260($s5)           ## 00000260
/* 01558 808C0778 C6A80260 */  lwc1    $f8, 0x0260($s5)           ## 00000260
.L808C077C:
/* 0155C 808C077C 1000000C */  beq     $zero, $zero, .L808C07B0   
/* 01560 808C0780 E6A80260 */  swc1    $f8, 0x0260($s5)           ## 00000260
.L808C0784:
/* 01564 808C0784 3C01808C */  lui     $at, %hi(D_808C0E3C)       ## $at = 808C0000
/* 01568 808C0788 C4220E3C */  lwc1    $f2, %lo(D_808C0E3C)($at)  
/* 0156C 808C078C 3C063C23 */  lui     $a2, 0x3C23                ## $a2 = 3C230000
/* 01570 808C0790 34C6D70A */  ori     $a2, $a2, 0xD70A           ## $a2 = 3C23D70A
/* 01574 808C0794 44051000 */  mfc1    $a1, $f2                   
/* 01578 808C0798 0C03FC0F */  jal     func_800FF03C              
/* 0157C 808C079C 26A40264 */  addiu   $a0, $s5, 0x0264           ## $a0 = 00000264
/* 01580 808C07A0 14400003 */  bne     $v0, $zero, .L808C07B0     
/* 01584 808C07A4 02A02025 */  or      $a0, $s5, $zero            ## $a0 = 00000000
/* 01588 808C07A8 0C02E404 */  jal     func_800B9010              
/* 0158C 808C07AC 240520B2 */  addiu   $a1, $zero, 0x20B2         ## $a1 = 000020B2
.L808C07B0:
/* 01590 808C07B0 8FBF0034 */  lw      $ra, 0x0034($sp)           
.L808C07B4:
/* 01594 808C07B4 8FB0001C */  lw      $s0, 0x001C($sp)           
/* 01598 808C07B8 8FB10020 */  lw      $s1, 0x0020($sp)           
/* 0159C 808C07BC 8FB20024 */  lw      $s2, 0x0024($sp)           
/* 015A0 808C07C0 8FB30028 */  lw      $s3, 0x0028($sp)           
/* 015A4 808C07C4 8FB4002C */  lw      $s4, 0x002C($sp)           
/* 015A8 808C07C8 8FB50030 */  lw      $s5, 0x0030($sp)           
/* 015AC 808C07CC 03E00008 */  jr      $ra                        
/* 015B0 808C07D0 27BD0070 */  addiu   $sp, $sp, 0x0070           ## $sp = 00000000


glabel func_808C07D4
/* 015B4 808C07D4 AFA40000 */  sw      $a0, 0x0000($sp)           
/* 015B8 808C07D8 8FA40014 */  lw      $a0, 0x0014($sp)           
/* 015BC 808C07DC AFA50004 */  sw      $a1, 0x0004($sp)           
/* 015C0 808C07E0 AFA7000C */  sw      $a3, 0x000C($sp)           
/* 015C4 808C07E4 808E024E */  lb      $t6, 0x024E($a0)           ## 0000024E
/* 015C8 808C07E8 2401FFFF */  addiu   $at, $zero, 0xFFFF         ## $at = FFFFFFFF
/* 015CC 808C07EC 00001025 */  or      $v0, $zero, $zero          ## $v0 = 00000000
/* 015D0 808C07F0 15C10004 */  bne     $t6, $at, .L808C0804       
/* 015D4 808C07F4 00000000 */  nop
/* 015D8 808C07F8 8CCF0000 */  lw      $t7, 0x0000($a2)           ## 00000000
/* 015DC 808C07FC AC8F0328 */  sw      $t7, 0x0328($a0)           ## 00000328
/* 015E0 808C0800 ACC00000 */  sw      $zero, 0x0000($a2)         ## 00000000
.L808C0804:
/* 015E4 808C0804 03E00008 */  jr      $ra                        
/* 015E8 808C0808 00000000 */  nop


glabel func_808C080C
/* 015EC 808C080C 27BDFFC0 */  addiu   $sp, $sp, 0xFFC0           ## $sp = FFFFFFC0
/* 015F0 808C0810 AFB00018 */  sw      $s0, 0x0018($sp)           
/* 015F4 808C0814 8FB00050 */  lw      $s0, 0x0050($sp)           
/* 015F8 808C0818 AFBF001C */  sw      $ra, 0x001C($sp)           
/* 015FC 808C081C AFA40040 */  sw      $a0, 0x0040($sp)           
/* 01600 808C0820 AFA60048 */  sw      $a2, 0x0048($sp)           
/* 01604 808C0824 AFA7004C */  sw      $a3, 0x004C($sp)           
/* 01608 808C0828 8202024E */  lb      $v0, 0x024E($s0)           ## 0000024E
/* 0160C 808C082C 14400022 */  bne     $v0, $zero, .L808C08B8     
/* 01610 808C0830 00000000 */  nop
/* 01614 808C0834 3C02808C */  lui     $v0, %hi(D_808C0DDC)       ## $v0 = 808C0000
/* 01618 808C0838 00451021 */  addu    $v0, $v0, $a1              
/* 0161C 808C083C 80420DDC */  lb      $v0, %lo(D_808C0DDC)($v0)  
/* 01620 808C0840 2401FFFF */  addiu   $at, $zero, 0xFFFF         ## $at = FFFFFFFF
/* 01624 808C0844 5041006B */  beql    $v0, $at, .L808C09F4       
/* 01628 808C0848 8FBF001C */  lw      $ra, 0x001C($sp)           
/* 0162C 808C084C 14400007 */  bne     $v0, $zero, .L808C086C     
/* 01630 808C0850 24010003 */  addiu   $at, $zero, 0x0003         ## $at = 00000003
/* 01634 808C0854 3C01447A */  lui     $at, 0x447A                ## $at = 447A0000
/* 01638 808C0858 44816000 */  mtc1    $at, $f12                  ## $f12 = 1000.00
/* 0163C 808C085C 0C0606DE */  jal     func_80181B78              
/* 01640 808C0860 260502B0 */  addiu   $a1, $s0, 0x02B0           ## $a1 = 000002B0
/* 01644 808C0864 10000063 */  beq     $zero, $zero, .L808C09F4   
/* 01648 808C0868 8FBF001C */  lw      $ra, 0x001C($sp)           
.L808C086C:
/* 0164C 808C086C 1441000B */  bne     $v0, $at, .L808C089C       
/* 01650 808C0870 2406000C */  addiu   $a2, $zero, 0x000C         ## $a2 = 0000000C
/* 01654 808C0874 3C01C47A */  lui     $at, 0xC47A                ## $at = C47A0000
/* 01658 808C0878 44816000 */  mtc1    $at, $f12                  ## $f12 = -1000.00
/* 0165C 808C087C 0C0606DE */  jal     func_80181B78              
/* 01660 808C0880 260502D4 */  addiu   $a1, $s0, 0x02D4           ## $a1 = 000002D4
/* 01664 808C0884 3C04808C */  lui     $a0, %hi(D_808C0DEC)       ## $a0 = 808C0000
/* 01668 808C0888 24840DEC */  addiu   $a0, $a0, %lo(D_808C0DEC)  ## $a0 = 808C0DEC
/* 0166C 808C088C 0C0606A6 */  jal     func_80181A98              
/* 01670 808C0890 260502E0 */  addiu   $a1, $s0, 0x02E0           ## $a1 = 000002E0
/* 01674 808C0894 10000057 */  beq     $zero, $zero, .L808C09F4   
/* 01678 808C0898 8FBF001C */  lw      $ra, 0x001C($sp)           
.L808C089C:
/* 0167C 808C089C 00460019 */  multu   $v0, $a2                   
/* 01680 808C08A0 00007012 */  mflo    $t6                        
/* 01684 808C08A4 020E2021 */  addu    $a0, $s0, $t6              
/* 01688 808C08A8 0C0606D4 */  jal     func_80181B50              
/* 0168C 808C08AC 248402B0 */  addiu   $a0, $a0, 0x02B0           ## $a0 = 000002B0
/* 01690 808C08B0 10000050 */  beq     $zero, $zero, .L808C09F4   
/* 01694 808C08B4 8FBF001C */  lw      $ra, 0x001C($sp)           
.L808C08B8:
/* 01698 808C08B8 18400016 */  blez    $v0, .L808C0914            
/* 0169C 808C08BC 3C09808C */  lui     $t1, %hi(D_808C0DDC)       ## $t1 = 808C0000
/* 016A0 808C08C0 3C0F808C */  lui     $t7, %hi(D_808C0DDC)       ## $t7 = 808C0000
/* 016A4 808C08C4 25EF0DDC */  addiu   $t7, $t7, %lo(D_808C0DDC)  ## $t7 = 808C0DDC
/* 016A8 808C08C8 00AF1821 */  addu    $v1, $a1, $t7              
/* 016AC 808C08CC 80620000 */  lb      $v0, 0x0000($v1)           ## 00000000
/* 016B0 808C08D0 2401FFFF */  addiu   $at, $zero, 0xFFFF         ## $at = FFFFFFFF
/* 016B4 808C08D4 2406000C */  addiu   $a2, $zero, 0x000C         ## $a2 = 0000000C
/* 016B8 808C08D8 10410008 */  beq     $v0, $at, .L808C08FC       
/* 016BC 808C08DC 00000000 */  nop
/* 016C0 808C08E0 00460019 */  multu   $v0, $a2                   
/* 016C4 808C08E4 AFA30020 */  sw      $v1, 0x0020($sp)           
/* 016C8 808C08E8 0000C012 */  mflo    $t8                        
/* 016CC 808C08EC 02182021 */  addu    $a0, $s0, $t8              
/* 016D0 808C08F0 0C0606D4 */  jal     func_80181B50              
/* 016D4 808C08F4 248402B0 */  addiu   $a0, $a0, 0x02B0           ## $a0 = 000002B0
/* 016D8 808C08F8 8FA30020 */  lw      $v1, 0x0020($sp)           
.L808C08FC:
/* 016DC 808C08FC 3C19808C */  lui     $t9, %hi(D_808C0DEB)       ## $t9 = 808C0000
/* 016E0 808C0900 27390DEB */  addiu   $t9, $t9, %lo(D_808C0DEB)  ## $t9 = 808C0DEB
/* 016E4 808C0904 1479003A */  bne     $v1, $t9, .L808C09F0       
/* 016E8 808C0908 2408FFFF */  addiu   $t0, $zero, 0xFFFF         ## $t0 = FFFFFFFF
/* 016EC 808C090C 10000038 */  beq     $zero, $zero, .L808C09F0   
/* 016F0 808C0910 A208024E */  sb      $t0, 0x024E($s0)           ## 0000024E
.L808C0914:
/* 016F4 808C0914 25290DDC */  addiu   $t1, $t1, %lo(D_808C0DDC)  ## $t1 = 00000DDC
/* 016F8 808C0918 00A91821 */  addu    $v1, $a1, $t1              
/* 016FC 808C091C 806A0000 */  lb      $t2, 0x0000($v1)           ## 00000000
/* 01700 808C0920 2401FFFF */  addiu   $at, $zero, 0xFFFF         ## $at = FFFFFFFF
/* 01704 808C0924 8FAB0040 */  lw      $t3, 0x0040($sp)           
/* 01708 808C0928 51410032 */  beql    $t2, $at, .L808C09F4       
/* 0170C 808C092C 8FBF001C */  lw      $ra, 0x001C($sp)           
/* 01710 808C0930 8D6C0000 */  lw      $t4, 0x0000($t3)           ## 00000000
/* 01714 808C0934 AFA30020 */  sw      $v1, 0x0020($sp)           
/* 01718 808C0938 0C06008D */  jal     func_80180234              
/* 0171C 808C093C AFAC0030 */  sw      $t4, 0x0030($sp)           
/* 01720 808C0940 8FA30020 */  lw      $v1, 0x0020($sp)           
/* 01724 808C0944 2406000C */  addiu   $a2, $zero, 0x000C         ## $a2 = 0000000C
/* 01728 808C0948 24050001 */  addiu   $a1, $zero, 0x0001         ## $a1 = 00000001
/* 0172C 808C094C 806D0000 */  lb      $t5, 0x0000($v1)           ## 00000000
/* 01730 808C0950 01A60019 */  multu   $t5, $a2                   
/* 01734 808C0954 00007012 */  mflo    $t6                        
/* 01738 808C0958 020E7821 */  addu    $t7, $s0, $t6              
/* 0173C 808C095C C5E402B0 */  lwc1    $f4, 0x02B0($t7)           ## 000002B0
/* 01740 808C0960 E4440030 */  swc1    $f4, 0x0030($v0)           ## 00000030
/* 01744 808C0964 80780000 */  lb      $t8, 0x0000($v1)           ## 00000000
/* 01748 808C0968 03060019 */  multu   $t8, $a2                   
/* 0174C 808C096C 0000C812 */  mflo    $t9                        
/* 01750 808C0970 02194021 */  addu    $t0, $s0, $t9              
/* 01754 808C0974 C50602B4 */  lwc1    $f6, 0x02B4($t0)           ## 000002B4
/* 01758 808C0978 E4460034 */  swc1    $f6, 0x0034($v0)           ## 00000034
/* 0175C 808C097C 80690000 */  lb      $t1, 0x0000($v1)           ## 00000000
/* 01760 808C0980 01260019 */  multu   $t1, $a2                   
/* 01764 808C0984 00005012 */  mflo    $t2                        
/* 01768 808C0988 020A5821 */  addu    $t3, $s0, $t2              
/* 0176C 808C098C C56802B8 */  lwc1    $f8, 0x02B8($t3)           ## 000002B8
/* 01770 808C0990 E4480038 */  swc1    $f8, 0x0038($v0)           ## 00000038
/* 01774 808C0994 0C06033E */  jal     func_80180CF8              
/* 01778 808C0998 86040034 */  lh      $a0, 0x0034($s0)           ## 00000034
/* 0177C 808C099C 8FA50030 */  lw      $a1, 0x0030($sp)           
/* 01780 808C09A0 8CA202B0 */  lw      $v0, 0x02B0($a1)           ## 000002B0
/* 01784 808C09A4 3C0DDA38 */  lui     $t5, 0xDA38                ## $t5 = DA380000
/* 01788 808C09A8 35AD0003 */  ori     $t5, $t5, 0x0003           ## $t5 = DA380003
/* 0178C 808C09AC 244C0008 */  addiu   $t4, $v0, 0x0008           ## $t4 = 00000008
/* 01790 808C09B0 ACAC02B0 */  sw      $t4, 0x02B0($a1)           ## 000002B0
/* 01794 808C09B4 AC4D0000 */  sw      $t5, 0x0000($v0)           ## 00000000
/* 01798 808C09B8 8FAE0040 */  lw      $t6, 0x0040($sp)           
/* 0179C 808C09BC 8DC40000 */  lw      $a0, 0x0000($t6)           ## 00000000
/* 017A0 808C09C0 0C060690 */  jal     func_80181A40              
/* 017A4 808C09C4 AFA20028 */  sw      $v0, 0x0028($sp)           
/* 017A8 808C09C8 8FA30028 */  lw      $v1, 0x0028($sp)           
/* 017AC 808C09CC AC620004 */  sw      $v0, 0x0004($v1)           ## 00000004
/* 017B0 808C09D0 8FAF0030 */  lw      $t7, 0x0030($sp)           
/* 017B4 808C09D4 8DE202B0 */  lw      $v0, 0x02B0($t7)           ## 000002B0
/* 017B8 808C09D8 3C19DE00 */  lui     $t9, 0xDE00                ## $t9 = DE000000
/* 017BC 808C09DC 24580008 */  addiu   $t8, $v0, 0x0008           ## $t8 = 00000008
/* 017C0 808C09E0 ADF802B0 */  sw      $t8, 0x02B0($t7)           ## 000002B0
/* 017C4 808C09E4 AC590000 */  sw      $t9, 0x0000($v0)           ## 00000000
/* 017C8 808C09E8 8E080328 */  lw      $t0, 0x0328($s0)           ## 00000328
/* 017CC 808C09EC AC480004 */  sw      $t0, 0x0004($v0)           ## 00000004
.L808C09F0:
/* 017D0 808C09F0 8FBF001C */  lw      $ra, 0x001C($sp)           
.L808C09F4:
/* 017D4 808C09F4 8FB00018 */  lw      $s0, 0x0018($sp)           
/* 017D8 808C09F8 27BD0040 */  addiu   $sp, $sp, 0x0040           ## $sp = 00000000
/* 017DC 808C09FC 03E00008 */  jr      $ra                        
/* 017E0 808C0A00 00000000 */  nop


glabel func_808C0A04
/* 017E4 808C0A04 27BDFF40 */  addiu   $sp, $sp, 0xFF40           ## $sp = FFFFFF40
/* 017E8 808C0A08 AFB70064 */  sw      $s7, 0x0064($sp)           
/* 017EC 808C0A0C AFB00048 */  sw      $s0, 0x0048($sp)           
/* 017F0 808C0A10 00808025 */  or      $s0, $a0, $zero            ## $s0 = 00000000
/* 017F4 808C0A14 00A0B825 */  or      $s7, $a1, $zero            ## $s7 = 00000000
/* 017F8 808C0A18 AFBF006C */  sw      $ra, 0x006C($sp)           
/* 017FC 808C0A1C AFBE0068 */  sw      $s8, 0x0068($sp)           
/* 01800 808C0A20 AFB60060 */  sw      $s6, 0x0060($sp)           
/* 01804 808C0A24 AFB5005C */  sw      $s5, 0x005C($sp)           
/* 01808 808C0A28 AFB40058 */  sw      $s4, 0x0058($sp)           
/* 0180C 808C0A2C AFB30054 */  sw      $s3, 0x0054($sp)           
/* 01810 808C0A30 AFB20050 */  sw      $s2, 0x0050($sp)           
/* 01814 808C0A34 AFB1004C */  sw      $s1, 0x004C($sp)           
/* 01818 808C0A38 F7B60040 */  sdc1    $f22, 0x0040($sp)          
/* 0181C 808C0A3C F7B40038 */  sdc1    $f20, 0x0038($sp)          
/* 01820 808C0A40 8EF10000 */  lw      $s1, 0x0000($s7)           ## 00000000
/* 01824 808C0A44 3C0EDE00 */  lui     $t6, 0xDE00                ## $t6 = DE000000
/* 01828 808C0A48 3C0F801C */  lui     $t7, 0x801C                ## $t7 = 801C0000
/* 0182C 808C0A4C 8E2202B0 */  lw      $v0, 0x02B0($s1)           ## 000002B0
/* 01830 808C0A50 25EF13A0 */  addiu   $t7, $t7, 0x13A0           ## $t7 = 801C13A0
/* 01834 808C0A54 AC4F0004 */  sw      $t7, 0x0004($v0)           ## 00000004
/* 01838 808C0A58 AC4E0000 */  sw      $t6, 0x0000($v0)           ## 00000000
/* 0183C 808C0A5C 24580008 */  addiu   $t8, $v0, 0x0008           ## $t8 = 00000008
/* 01840 808C0A60 AE3802B0 */  sw      $t8, 0x02B0($s1)           ## 000002B0
/* 01844 808C0A64 8E060164 */  lw      $a2, 0x0164($s0)           ## 00000164
/* 01848 808C0A68 8E050148 */  lw      $a1, 0x0148($s0)           ## 00000148
/* 0184C 808C0A6C 3C19808C */  lui     $t9, %hi(func_808C080C)    ## $t9 = 808C0000
/* 01850 808C0A70 2739080C */  addiu   $t9, $t9, %lo(func_808C080C) ## $t9 = 808C080C
/* 01854 808C0A74 3C07808C */  lui     $a3, %hi(func_808C07D4)    ## $a3 = 808C0000
/* 01858 808C0A78 24E707D4 */  addiu   $a3, $a3, %lo(func_808C07D4) ## $a3 = 808C07D4
/* 0185C 808C0A7C AFB90010 */  sw      $t9, 0x0010($sp)           
/* 01860 808C0A80 AFB000C0 */  sw      $s0, 0x00C0($sp)           
/* 01864 808C0A84 AFB00014 */  sw      $s0, 0x0014($sp)           
/* 01868 808C0A88 0C04CECF */  jal     func_80133B3C              
/* 0186C 808C0A8C 02E02025 */  or      $a0, $s7, $zero            ## $a0 = 00000000
/* 01870 808C0A90 8FA500C0 */  lw      $a1, 0x00C0($sp)           
/* 01874 808C0A94 90A8024C */  lbu     $t0, 0x024C($a1)           ## 0000024C
/* 01878 808C0A98 59000082 */  blezl   $t0, .L808C0CA4            
/* 0187C 808C0A9C C4AA0260 */  lwc1    $f10, 0x0260($a1)          ## 00000260
/* 01880 808C0AA0 0C04B0B7 */  jal     func_8012C2DC              
/* 01884 808C0AA4 8EE40000 */  lw      $a0, 0x0000($s7)           ## 00000000
/* 01888 808C0AA8 86E90810 */  lh      $t1, 0x0810($s7)           ## 00000810
/* 0188C 808C0AAC 00095080 */  sll     $t2, $t1,  2               
/* 01890 808C0AB0 02EA5821 */  addu    $t3, $s7, $t2              
/* 01894 808C0AB4 0C037F37 */  jal     func_800DFCDC              
/* 01898 808C0AB8 8D640800 */  lw      $a0, 0x0800($t3)           ## 00000800
/* 0189C 808C0ABC 8FAC00C0 */  lw      $t4, 0x00C0($sp)           
/* 018A0 808C0AC0 34018000 */  ori     $at, $zero, 0x8000         ## $at = 00008000
/* 018A4 808C0AC4 24050001 */  addiu   $a1, $zero, 0x0001         ## $a1 = 00000001
/* 018A8 808C0AC8 858D00BE */  lh      $t5, 0x00BE($t4)           ## 000000BE
/* 018AC 808C0ACC 004D2023 */  subu    $a0, $v0, $t5              
/* 018B0 808C0AD0 00812021 */  addu    $a0, $a0, $at              
/* 018B4 808C0AD4 00042400 */  sll     $a0, $a0, 16               
/* 018B8 808C0AD8 0C06026B */  jal     func_801809AC              
/* 018BC 808C0ADC 00042403 */  sra     $a0, $a0, 16               
/* 018C0 808C0AE0 3C013F80 */  lui     $at, 0x3F80                ## $at = 3F800000
/* 018C4 808C0AE4 4481B000 */  mtc1    $at, $f22                  ## $f22 = 1.00
/* 018C8 808C0AE8 8FA200C0 */  lw      $v0, 0x00C0($sp)           
/* 018CC 808C0AEC 24070001 */  addiu   $a3, $zero, 0x0001         ## $a3 = 00000001
/* 018D0 808C0AF0 4406B000 */  mfc1    $a2, $f22                  
/* 018D4 808C0AF4 C44C0258 */  lwc1    $f12, 0x0258($v0)          ## 00000258
/* 018D8 808C0AF8 0C0600E7 */  jal     func_8018039C              
/* 018DC 808C0AFC C44E0254 */  lwc1    $f14, 0x0254($v0)          ## 00000254
/* 018E0 808C0B00 8E2202C0 */  lw      $v0, 0x02C0($s1)           ## 000002C0
/* 018E4 808C0B04 3C0FFB00 */  lui     $t7, 0xFB00                ## $t7 = FB000000
/* 018E8 808C0B08 3C18FF00 */  lui     $t8, 0xFF00                ## $t8 = FF000000
/* 018EC 808C0B0C 244E0008 */  addiu   $t6, $v0, 0x0008           ## $t6 = 00000008
/* 018F0 808C0B10 AE2E02C0 */  sw      $t6, 0x02C0($s1)           ## 000002C0
/* 018F4 808C0B14 AC580004 */  sw      $t8, 0x0004($v0)           ## 00000004
/* 018F8 808C0B18 AC4F0000 */  sw      $t7, 0x0000($v0)           ## 00000000
/* 018FC 808C0B1C 0C06008D */  jal     func_80180234              
/* 01900 808C0B20 00000000 */  nop
/* 01904 808C0B24 8FB900C0 */  lw      $t9, 0x00C0($sp)           
/* 01908 808C0B28 3C010001 */  lui     $at, 0x0001                ## $at = 00010000
/* 0190C 808C0B2C 34218000 */  ori     $at, $at, 0x8000           ## $at = 00018000
/* 01910 808C0B30 02E14821 */  addu    $t1, $s7, $at              
/* 01914 808C0B34 3C080408 */  lui     $t0, 0x0408                ## $t0 = 04080000
/* 01918 808C0B38 9333024C */  lbu     $s3, 0x024C($t9)           ## 0000024C
/* 0191C 808C0B3C 2508D590 */  addiu   $t0, $t0, 0xD590           ## $t0 = 0407D590
/* 01920 808C0B40 3C01808C */  lui     $at, %hi(D_808C0E40)       ## $at = 808C0000
/* 01924 808C0B44 3C1EDB06 */  lui     $s8, 0xDB06                ## $s8 = DB060000
/* 01928 808C0B48 0040A825 */  or      $s5, $v0, $zero            ## $s5 = 00000000
/* 0192C 808C0B4C 37DE0020 */  ori     $s8, $s8, 0x0020           ## $s8 = DB060020
/* 01930 808C0B50 C4340E40 */  lwc1    $f20, %lo(D_808C0E40)($at) 
/* 01934 808C0B54 AFA80074 */  sw      $t0, 0x0074($sp)           
/* 01938 808C0B58 AFA90070 */  sw      $t1, 0x0070($sp)           
/* 0193C 808C0B5C 0000B025 */  or      $s6, $zero, $zero          ## $s6 = 00000000
/* 01940 808C0B60 2414FFEC */  addiu   $s4, $zero, 0xFFEC         ## $s4 = FFFFFFEC
/* 01944 808C0B64 27320268 */  addiu   $s2, $t9, 0x0268           ## $s2 = 00000268
.L808C0B68:
/* 01948 808C0B68 8E2202C0 */  lw      $v0, 0x02C0($s1)           ## 000002C0
/* 0194C 808C0B6C 240B0020 */  addiu   $t3, $zero, 0x0020         ## $t3 = 00000020
/* 01950 808C0B70 240C0040 */  addiu   $t4, $zero, 0x0040         ## $t4 = 00000040
/* 01954 808C0B74 244A0008 */  addiu   $t2, $v0, 0x0008           ## $t2 = 00000008
/* 01958 808C0B78 AE2A02C0 */  sw      $t2, 0x02C0($s1)           ## 000002C0
/* 0195C 808C0B7C AC5E0000 */  sw      $s8, 0x0000($v0)           ## 00000000
/* 01960 808C0B80 8EE40000 */  lw      $a0, 0x0000($s7)           ## 00000000
/* 01964 808C0B84 8FAE0070 */  lw      $t6, 0x0070($sp)           
/* 01968 808C0B88 240D0001 */  addiu   $t5, $zero, 0x0001         ## $t5 = 00000001
/* 0196C 808C0B8C AFAD0018 */  sw      $t5, 0x0018($sp)           
/* 01970 808C0B90 AFA0001C */  sw      $zero, 0x001C($sp)         
/* 01974 808C0B94 AFAC0014 */  sw      $t4, 0x0014($sp)           
/* 01978 808C0B98 AFAB0010 */  sw      $t3, 0x0010($sp)           
/* 0197C 808C0B9C 8DCF0840 */  lw      $t7, 0x0840($t6)           ## 00000840
/* 01980 808C0BA0 240A0080 */  addiu   $t2, $zero, 0x0080         ## $t2 = 00000080
/* 01984 808C0BA4 24090020 */  addiu   $t1, $zero, 0x0020         ## $t1 = 00000020
/* 01988 808C0BA8 01F6C021 */  addu    $t8, $t7, $s6              
/* 0198C 808C0BAC 03140019 */  multu   $t8, $s4                   
/* 01990 808C0BB0 AFA90024 */  sw      $t1, 0x0024($sp)           
/* 01994 808C0BB4 AFAA0028 */  sw      $t2, 0x0028($sp)           
/* 01998 808C0BB8 00002825 */  or      $a1, $zero, $zero          ## $a1 = 00000000
/* 0199C 808C0BBC 00003025 */  or      $a2, $zero, $zero          ## $a2 = 00000000
/* 019A0 808C0BC0 00003825 */  or      $a3, $zero, $zero          ## $a3 = 00000000
/* 019A4 808C0BC4 00408025 */  or      $s0, $v0, $zero            ## $s0 = 00000000
/* 019A8 808C0BC8 0000C812 */  mflo    $t9                        
/* 019AC 808C0BCC 332801FF */  andi    $t0, $t9, 0x01FF           ## $t0 = 00000000
/* 019B0 808C0BD0 0C04B2F4 */  jal     func_8012CBD0              
/* 019B4 808C0BD4 AFA80020 */  sw      $t0, 0x0020($sp)           
/* 019B8 808C0BD8 AE020004 */  sw      $v0, 0x0004($s0)           ## 00000004
/* 019BC 808C0BDC 8E2202C0 */  lw      $v0, 0x02C0($s1)           ## 000002C0
/* 019C0 808C0BE0 3C0CFA00 */  lui     $t4, 0xFA00                ## $t4 = FA000000
/* 019C4 808C0BE4 326D00FF */  andi    $t5, $s3, 0x00FF           ## $t5 = 00000000
/* 019C8 808C0BE8 244B0008 */  addiu   $t3, $v0, 0x0008           ## $t3 = 00000008
/* 019CC 808C0BEC AE2B02C0 */  sw      $t3, 0x02C0($s1)           ## 000002C0
/* 019D0 808C0BF0 3C01FFFF */  lui     $at, 0xFFFF                ## $at = FFFF0000
/* 019D4 808C0BF4 01A17025 */  or      $t6, $t5, $at              ## $t6 = FFFF0000
/* 019D8 808C0BF8 358C8080 */  ori     $t4, $t4, 0x8080           ## $t4 = FA008080
/* 019DC 808C0BFC AC4C0000 */  sw      $t4, 0x0000($v0)           ## 00000000
/* 019E0 808C0C00 AC4E0004 */  sw      $t6, 0x0004($v0)           ## 00000004
/* 019E4 808C0C04 C6440000 */  lwc1    $f4, 0x0000($s2)           ## 00000268
/* 019E8 808C0C08 E6A40030 */  swc1    $f4, 0x0030($s5)           ## 00000030
/* 019EC 808C0C0C C6460004 */  lwc1    $f6, 0x0004($s2)           ## 0000026C
/* 019F0 808C0C10 E6A60034 */  swc1    $f6, 0x0034($s5)           ## 00000034
/* 019F4 808C0C14 C6480008 */  lwc1    $f8, 0x0008($s2)           ## 00000270
/* 019F8 808C0C18 E6A80038 */  swc1    $f8, 0x0038($s5)           ## 00000038
/* 019FC 808C0C1C 8E2202C0 */  lw      $v0, 0x02C0($s1)           ## 000002C0
/* 01A00 808C0C20 3C18DA38 */  lui     $t8, 0xDA38                ## $t8 = DA380000
/* 01A04 808C0C24 37180003 */  ori     $t8, $t8, 0x0003           ## $t8 = DA380003
/* 01A08 808C0C28 244F0008 */  addiu   $t7, $v0, 0x0008           ## $t7 = 00000008
/* 01A0C 808C0C2C AE2F02C0 */  sw      $t7, 0x02C0($s1)           ## 000002C0
/* 01A10 808C0C30 AC580000 */  sw      $t8, 0x0000($v0)           ## 00000000
/* 01A14 808C0C34 8EE40000 */  lw      $a0, 0x0000($s7)           ## 00000000
/* 01A18 808C0C38 0C060690 */  jal     func_80181A40              
/* 01A1C 808C0C3C 00408025 */  or      $s0, $v0, $zero            ## $s0 = 00000000
/* 01A20 808C0C40 AE020004 */  sw      $v0, 0x0004($s0)           ## 00000004
/* 01A24 808C0C44 8E2202C0 */  lw      $v0, 0x02C0($s1)           ## 000002C0
/* 01A28 808C0C48 3C08DE00 */  lui     $t0, 0xDE00                ## $t0 = DE000000
/* 01A2C 808C0C4C 2673FFDD */  addiu   $s3, $s3, 0xFFDD           ## $s3 = FFFFFFDD
/* 01A30 808C0C50 24590008 */  addiu   $t9, $v0, 0x0008           ## $t9 = 00000008
/* 01A34 808C0C54 AE3902C0 */  sw      $t9, 0x02C0($s1)           ## 000002C0
/* 01A38 808C0C58 AC480000 */  sw      $t0, 0x0000($v0)           ## 00000000
/* 01A3C 808C0C5C 8FA90074 */  lw      $t1, 0x0074($sp)           
/* 01A40 808C0C60 24070001 */  addiu   $a3, $zero, 0x0001         ## $a3 = 00000001
/* 01A44 808C0C64 AC490004 */  sw      $t1, 0x0004($v0)           ## 00000004
/* 01A48 808C0C68 06630004 */  bgezl   $s3, .L808C0C7C            
/* 01A4C 808C0C6C 4406B000 */  mfc1    $a2, $f22                  
/* 01A50 808C0C70 1000000B */  beq     $zero, $zero, .L808C0CA0   
/* 01A54 808C0C74 8FA500C0 */  lw      $a1, 0x00C0($sp)           
/* 01A58 808C0C78 4406B000 */  mfc1    $a2, $f22                  
.L808C0C7C:
/* 01A5C 808C0C7C 4600A306 */  mov.s   $f12, $f20                 
/* 01A60 808C0C80 0C0600E7 */  jal     func_8018039C              
/* 01A64 808C0C84 4600A386 */  mov.s   $f14, $f20                 
/* 01A68 808C0C88 26940002 */  addiu   $s4, $s4, 0x0002           ## $s4 = FFFFFFEE
/* 01A6C 808C0C8C 2401FFF8 */  addiu   $at, $zero, 0xFFF8         ## $at = FFFFFFF8
/* 01A70 808C0C90 26D6000A */  addiu   $s6, $s6, 0x000A           ## $s6 = 0000000A
/* 01A74 808C0C94 1681FFB4 */  bne     $s4, $at, .L808C0B68       
/* 01A78 808C0C98 2652000C */  addiu   $s2, $s2, 0x000C           ## $s2 = 00000274
/* 01A7C 808C0C9C 8FA500C0 */  lw      $a1, 0x00C0($sp)           
.L808C0CA0:
/* 01A80 808C0CA0 C4AA0260 */  lwc1    $f10, 0x0260($a1)          ## 00000260
.L808C0CA4:
/* 01A84 808C0CA4 02E02025 */  or      $a0, $s7, $zero            ## $a0 = 00000000
/* 01A88 808C0CA8 24A602B0 */  addiu   $a2, $a1, 0x02B0           ## $a2 = 000002B0
/* 01A8C 808C0CAC E7AA0010 */  swc1    $f10, 0x0010($sp)          
/* 01A90 808C0CB0 C4B00264 */  lwc1    $f16, 0x0264($a1)          ## 00000264
/* 01A94 808C0CB4 24070005 */  addiu   $a3, $zero, 0x0005         ## $a3 = 00000005
/* 01A98 808C0CB8 E7B00014 */  swc1    $f16, 0x0014($sp)          
/* 01A9C 808C0CBC C4B2025C */  lwc1    $f18, 0x025C($a1)          ## 0000025C
/* 01AA0 808C0CC0 E7B20018 */  swc1    $f18, 0x0018($sp)          
/* 01AA4 808C0CC4 90AA024F */  lbu     $t2, 0x024F($a1)           ## 0000024F
/* 01AA8 808C0CC8 0C02F9A0 */  jal     func_800BE680              
/* 01AAC 808C0CCC AFAA001C */  sw      $t2, 0x001C($sp)           
/* 01AB0 808C0CD0 8FBF006C */  lw      $ra, 0x006C($sp)           
/* 01AB4 808C0CD4 D7B40038 */  ldc1    $f20, 0x0038($sp)          
/* 01AB8 808C0CD8 D7B60040 */  ldc1    $f22, 0x0040($sp)          
/* 01ABC 808C0CDC 8FB00048 */  lw      $s0, 0x0048($sp)           
/* 01AC0 808C0CE0 8FB1004C */  lw      $s1, 0x004C($sp)           
/* 01AC4 808C0CE4 8FB20050 */  lw      $s2, 0x0050($sp)           
/* 01AC8 808C0CE8 8FB30054 */  lw      $s3, 0x0054($sp)           
/* 01ACC 808C0CEC 8FB40058 */  lw      $s4, 0x0058($sp)           
/* 01AD0 808C0CF0 8FB5005C */  lw      $s5, 0x005C($sp)           
/* 01AD4 808C0CF4 8FB60060 */  lw      $s6, 0x0060($sp)           
/* 01AD8 808C0CF8 8FB70064 */  lw      $s7, 0x0064($sp)           
/* 01ADC 808C0CFC 8FBE0068 */  lw      $s8, 0x0068($sp)           
/* 01AE0 808C0D00 03E00008 */  jr      $ra                        
/* 01AE4 808C0D04 27BD00C0 */  addiu   $sp, $sp, 0x00C0           ## $sp = 00000000
/* 01AE8 808C0D08 00000000 */  nop
/* 01AEC 808C0D0C 00000000 */  nop

.section .data

D_808C0D10: .word 0x003C0500, 0x00000215, 0x00510000, 0x00000464
.word func_808BF220
.word func_808BF318
.word func_808C03EC
.word func_808C0A04
D_808C0D30: .word \
0x00000000, 0xF7CFFFFF, 0x01080000, 0xF7CFFFFF, \
0x00000000, 0x09050100, 0x00000000, 0x00000000, \
0x00140064, 0x00000000, 0xF7CFFFFF, 0x01080000, \
0xF7CFFFFF, 0x00000000, 0x09000000, 0x00000000, \
0x00000000, 0x00140064, 0x00000000, 0xF7CFFFFF, \
0x01080000, 0xF7CFFFFF, 0x00000000, 0x09000000, \
0x00000000, 0x00000000, 0x00140064
D_808C0D9C: .word 0x03100939, 0x10000000, 0x00000003
.word D_808C0D30
D_808C0DAC: .word \
0x10010001, 0x010100E0, 0x01010101, 0x32420101, \
0x01021050, 0x00000101, 0x01000000, 0x00000001
D_808C0DCC: .word 0x02000014, 0x00283200
D_808C0DD4: .word 0x891F0024, 0x3054000A
D_808C0DDC: .byte 0xFF, 0xFF, 0xFF, 0xFF, 0x00, 0xFF, 0xFF, 0xFF, 0x01, 0xFF, 0xFF, 0xFF, 0xFF, 0x02, 0xFF
D_808C0DEB: .byte 0x03
D_808C0DEC: .word \
0x447A0000, 0xC42F0000, 0x00000000, 0x00000000, \
0x00000000

.section .rodata

D_808C0E00: .word 0x3ECCCCCD
D_808C0E04: .word 0x3F19999A
D_808C0E08: .word 0x3E4CCCCD
D_808C0E0C: .word 0x3E19999A
D_808C0E10: .word 0x3F4CCCCD
D_808C0E14: .word 0x47742400
D_808C0E18: .word 0xBF99999A
D_808C0E1C: .word 0xBF333333
D_808C0E20: .word 0x3ECCCCCD
D_808C0E24: .word 0x3DCCCCCD
D_808C0E28: .word 0x3ECCCCCD
D_808C0E2C: .word 0x3DCCCCCD
D_808C0E30: .word 0x3F41C433
D_808C0E34: .word 0x3ECCCCCD
D_808C0E38: .word 0x3E4CCCCD
D_808C0E3C: .word 0x3ECCCCCD
D_808C0E40: .word 0x3F5EB852, 0x00000000, 0x00000000, 0x00000000


.section .rodata
D_808C0E50:
.incbin "baserom/En_Bbfall", 0x1C30, 0x000001E0
