.include "macro.inc"

# assembler directives
.set noat      # allow manual use of $at
.set noreorder # don't insert nops after branches
.set gp=64     # allow use of 64-bit general purpose registers

.section .text
glabel func_80870DB0
/* 00000 80870DB0 27BDFFC8 */  addiu   $sp, $sp, 0xFFC8           ## $sp = FFFFFFC8
/* 00004 80870DB4 AFB10020 */  sw      $s1, 0x0020($sp)           
/* 00008 80870DB8 AFB0001C */  sw      $s0, 0x001C($sp)           
/* 0000C 80870DBC 00808025 */  or      $s0, $a0, $zero            ## $s0 = 00000000
/* 00010 80870DC0 00A08825 */  or      $s1, $a1, $zero            ## $s1 = 00000000
/* 00014 80870DC4 AFBF0024 */  sw      $ra, 0x0024($sp)           
/* 00018 80870DC8 3C058087 */  lui     $a1, %hi(D_80872E5C)       ## $a1 = 80870000
/* 0001C 80870DCC 24A52E5C */  addiu   $a1, $a1, %lo(D_80872E5C)  ## $a1 = 80872E5C
/* 00020 80870DD0 0C03FEB7 */  jal     func_800FFADC              
/* 00024 80870DD4 02002025 */  or      $a0, $s0, $zero            ## $a0 = 00000000
/* 00028 80870DD8 3C06800B */  lui     $a2, 0x800B                ## $a2 = 800B0000
/* 0002C 80870DDC 24C63FC0 */  addiu   $a2, $a2, 0x3FC0           ## $a2 = 800B3FC0
/* 00030 80870DE0 260400BC */  addiu   $a0, $s0, 0x00BC           ## $a0 = 000000BC
/* 00034 80870DE4 3C05442F */  lui     $a1, 0x442F                ## $a1 = 442F0000
/* 00038 80870DE8 0C02CEE9 */  jal     func_800B3BA4              
/* 0003C 80870DEC 3C074180 */  lui     $a3, 0x4180                ## $a3 = 41800000
/* 00040 80870DF0 860800BC */  lh      $t0, 0x00BC($s0)           ## 000000BC
/* 00044 80870DF4 240E00C8 */  addiu   $t6, $zero, 0x00C8         ## $t6 = 000000C8
/* 00048 80870DF8 240F0005 */  addiu   $t7, $zero, 0x0005         ## $t7 = 00000005
/* 0004C 80870DFC 31090001 */  andi    $t1, $t0, 0x0001           ## $t1 = 00000000
/* 00050 80870E00 2418000A */  addiu   $t8, $zero, 0x000A         ## $t8 = 0000000A
/* 00054 80870E04 24190007 */  addiu   $t9, $zero, 0x0007         ## $t9 = 00000007
/* 00058 80870E08 312A00FF */  andi    $t2, $t1, 0x00FF           ## $t2 = 00000000
/* 0005C 80870E0C A20E00B6 */  sb      $t6, 0x00B6($s0)           ## 000000B6
/* 00060 80870E10 A60F00B0 */  sh      $t7, 0x00B0($s0)           ## 000000B0
/* 00064 80870E14 A61800B2 */  sh      $t8, 0x00B2($s0)           ## 000000B2
/* 00068 80870E18 A61901F2 */  sh      $t9, 0x01F2($s0)           ## 000001F2
/* 0006C 80870E1C 11400008 */  beq     $t2, $zero, .L80870E40     
/* 00070 80870E20 A20901F9 */  sb      $t1, 0x01F9($s0)           ## 000001F9
/* 00074 80870E24 922B1CA5 */  lbu     $t3, 0x1CA5($s1)           ## 00001CA5
/* 00078 80870E28 3C0D801F */  lui     $t5, 0x801F                ## $t5 = 801F0000
/* 0007C 80870E2C 356C0001 */  ori     $t4, $t3, 0x0001           ## $t4 = 00000001
/* 00080 80870E30 A22C1CA5 */  sb      $t4, 0x1CA5($s1)           ## 00001CA5
/* 00084 80870E34 85AD3314 */  lh      $t5, 0x3314($t5)           ## 801F3314
/* 00088 80870E38 10000003 */  beq     $zero, $zero, .L80870E48   
/* 0008C 80870E3C A60D01F0 */  sh      $t5, 0x01F0($s0)           ## 000001F0
.L80870E40:
/* 00090 80870E40 240E0046 */  addiu   $t6, $zero, 0x0046         ## $t6 = 00000046
/* 00094 80870E44 A60E01F0 */  sh      $t6, 0x01F0($s0)           ## 000001F0
.L80870E48:
/* 00098 80870E48 26050144 */  addiu   $a1, $s0, 0x0144           ## $a1 = 00000144
/* 0009C 80870E4C AFA50028 */  sw      $a1, 0x0028($sp)           
/* 000A0 80870E50 0C038467 */  jal     func_800E119C              
/* 000A4 80870E54 02202025 */  or      $a0, $s1, $zero            ## $a0 = 00000000
/* 000A8 80870E58 26050190 */  addiu   $a1, $s0, 0x0190           ## $a1 = 00000190
/* 000AC 80870E5C AFA5002C */  sw      $a1, 0x002C($sp)           
/* 000B0 80870E60 0C0382D3 */  jal     func_800E0B4C              
/* 000B4 80870E64 02202025 */  or      $a0, $s1, $zero            ## $a0 = 00000000
/* 000B8 80870E68 3C078087 */  lui     $a3, %hi(D_80872DC8)       ## $a3 = 80870000
/* 000BC 80870E6C 24E72DC8 */  addiu   $a3, $a3, %lo(D_80872DC8)  ## $a3 = 80872DC8
/* 000C0 80870E70 02202025 */  or      $a0, $s1, $zero            ## $a0 = 00000000
/* 000C4 80870E74 8FA50028 */  lw      $a1, 0x0028($sp)           
/* 000C8 80870E78 0C0384C3 */  jal     func_800E130C              
/* 000CC 80870E7C 02003025 */  or      $a2, $s0, $zero            ## $a2 = 00000000
/* 000D0 80870E80 920F01F9 */  lbu     $t7, 0x01F9($s0)           ## 000001F9
/* 000D4 80870E84 02202025 */  or      $a0, $s1, $zero            ## $a0 = 00000000
/* 000D8 80870E88 8FA5002C */  lw      $a1, 0x002C($sp)           
/* 000DC 80870E8C 15E0000E */  bne     $t7, $zero, .L80870EC8     
/* 000E0 80870E90 02003025 */  or      $a2, $s0, $zero            ## $a2 = 00000000
/* 000E4 80870E94 3C078087 */  lui     $a3, %hi(D_80872E18)       ## $a3 = 80870000
/* 000E8 80870E98 261801B0 */  addiu   $t8, $s0, 0x01B0           ## $t8 = 000001B0
/* 000EC 80870E9C AFB80010 */  sw      $t8, 0x0010($sp)           
/* 000F0 80870EA0 24E72E18 */  addiu   $a3, $a3, %lo(D_80872E18)  ## $a3 = 80872E18
/* 000F4 80870EA4 02202025 */  or      $a0, $s1, $zero            ## $a0 = 00000000
/* 000F8 80870EA8 8FA5002C */  lw      $a1, 0x002C($sp)           
/* 000FC 80870EAC 0C038398 */  jal     func_800E0E60              
/* 00100 80870EB0 02003025 */  or      $a2, $s0, $zero            ## $a2 = 00000000
/* 00104 80870EB4 24190006 */  addiu   $t9, $zero, 0x0006         ## $t9 = 00000006
/* 00108 80870EB8 2408000B */  addiu   $t0, $zero, 0x000B         ## $t0 = 0000000B
/* 0010C 80870EBC A6190184 */  sh      $t9, 0x0184($s0)           ## 00000184
/* 00110 80870EC0 1000000D */  beq     $zero, $zero, .L80870EF8   
/* 00114 80870EC4 A6080186 */  sh      $t0, 0x0186($s0)           ## 00000186
.L80870EC8:
/* 00118 80870EC8 3C078087 */  lui     $a3, %hi(D_80872E4C)       ## $a3 = 80870000
/* 0011C 80870ECC 260901B0 */  addiu   $t1, $s0, 0x01B0           ## $t1 = 000001B0
/* 00120 80870ED0 AFA90010 */  sw      $t1, 0x0010($sp)           
/* 00124 80870ED4 0C038398 */  jal     func_800E0E60              
/* 00128 80870ED8 24E72E4C */  addiu   $a3, $a3, %lo(D_80872E4C)  ## $a3 = 80872E4C
/* 0012C 80870EDC 240A0014 */  addiu   $t2, $zero, 0x0014         ## $t2 = 00000014
/* 00130 80870EE0 240B0024 */  addiu   $t3, $zero, 0x0024         ## $t3 = 00000024
/* 00134 80870EE4 A60A0184 */  sh      $t2, 0x0184($s0)           ## 00000184
/* 00138 80870EE8 A60B0186 */  sh      $t3, 0x0186($s0)           ## 00000186
/* 0013C 80870EEC 02202025 */  or      $a0, $s1, $zero            ## $a0 = 00000000
/* 00140 80870EF0 0C21C992 */  jal     func_80872648              
/* 00144 80870EF4 26050024 */  addiu   $a1, $s0, 0x0024           ## $a1 = 00000024
.L80870EF8:
/* 00148 80870EF8 861900C0 */  lh      $t9, 0x00C0($s0)           ## 000000C0
/* 0014C 80870EFC 860D00C0 */  lh      $t5, 0x00C0($s0)           ## 000000C0
/* 00150 80870F00 920C01B5 */  lbu     $t4, 0x01B5($s0)           ## 000001B5
/* 00154 80870F04 332800FF */  andi    $t0, $t9, 0x00FF           ## $t0 = 00000000
/* 00158 80870F08 A60800C0 */  sh      $t0, 0x00C0($s0)           ## 000000C0
/* 0015C 80870F0C 860200C0 */  lh      $v0, 0x00C0($s0)           ## 000000C0
/* 00160 80870F10 31AEFF00 */  andi    $t6, $t5, 0xFF00           ## $t6 = 00000000
/* 00164 80870F14 000E7A03 */  sra     $t7, $t6,  8               
/* 00168 80870F18 018FC021 */  addu    $t8, $t4, $t7              
/* 0016C 80870F1C 30490080 */  andi    $t1, $v0, 0x0080           ## $t1 = 00000000
/* 00170 80870F20 11200003 */  beq     $t1, $zero, .L80870F30     
/* 00174 80870F24 A21801B5 */  sb      $t8, 0x01B5($s0)           ## 000001B5
/* 00178 80870F28 344AFF00 */  ori     $t2, $v0, 0xFF00           ## $t2 = 0000FF00
/* 0017C 80870F2C A60A00C0 */  sh      $t2, 0x00C0($s0)           ## 000000C0
.L80870F30:
/* 00180 80870F30 C6040024 */  lwc1    $f4, 0x0024($s0)           ## 00000024
/* 00184 80870F34 8E0E01AC */  lw      $t6, 0x01AC($s0)           ## 000001AC
/* 00188 80870F38 3C010010 */  lui     $at, 0x0010                ## $at = 00100000
/* 0018C 80870F3C 4600218D */  trunc.w.s $f6, $f4                   
/* 00190 80870F40 02002025 */  or      $a0, $s0, $zero            ## $a0 = 00000000
/* 00194 80870F44 02202825 */  or      $a1, $s1, $zero            ## $a1 = 00000000
/* 00198 80870F48 440D3000 */  mfc1    $t5, $f6                   
/* 0019C 80870F4C 00000000 */  nop
/* 001A0 80870F50 A5CD0030 */  sh      $t5, 0x0030($t6)           ## 00000030
/* 001A4 80870F54 C6080028 */  lwc1    $f8, 0x0028($s0)           ## 00000028
/* 001A8 80870F58 8E1801AC */  lw      $t8, 0x01AC($s0)           ## 000001AC
/* 001AC 80870F5C 4600428D */  trunc.w.s $f10, $f8                  
/* 001B0 80870F60 440F5000 */  mfc1    $t7, $f10                  
/* 001B4 80870F64 00000000 */  nop
/* 001B8 80870F68 A70F0032 */  sh      $t7, 0x0032($t8)           ## 00000032
/* 001BC 80870F6C C610002C */  lwc1    $f16, 0x002C($s0)          ## 0000002C
/* 001C0 80870F70 8E0901AC */  lw      $t1, 0x01AC($s0)           ## 000001AC
/* 001C4 80870F74 4600848D */  trunc.w.s $f18, $f16                 
/* 001C8 80870F78 44089000 */  mfc1    $t0, $f18                  
/* 001CC 80870F7C 00000000 */  nop
/* 001D0 80870F80 A5280034 */  sh      $t0, 0x0034($t1)           ## 00000034
/* 001D4 80870F84 8E0A0004 */  lw      $t2, 0x0004($s0)           ## 00000004
/* 001D8 80870F88 01415825 */  or      $t3, $t2, $at              ## $t3 = 0010FF00
/* 001DC 80870F8C 0C02E27E */  jal     func_800B89F8              
/* 001E0 80870F90 AE0B0004 */  sw      $t3, 0x0004($s0)           ## 00000004
/* 001E4 80870F94 1040000F */  beq     $v0, $zero, .L80870FD4     
/* 001E8 80870F98 3C188087 */  lui     $t8, %hi(func_80871058)    ## $t8 = 80870000
/* 001EC 80870F9C 920C01F9 */  lbu     $t4, 0x01F9($s0)           ## 000001F9
/* 001F0 80870FA0 3C0D8087 */  lui     $t5, %hi(func_808714D4)    ## $t5 = 80870000
/* 001F4 80870FA4 25AD14D4 */  addiu   $t5, $t5, %lo(func_808714D4) ## $t5 = 808714D4
/* 001F8 80870FA8 240EFFFF */  addiu   $t6, $zero, 0xFFFF         ## $t6 = FFFFFFFF
/* 001FC 80870FAC 3C058087 */  lui     $a1, %hi(D_80872DC0)       ## $a1 = 80870000
/* 00200 80870FB0 000C7880 */  sll     $t7, $t4,  2               
/* 00204 80870FB4 AE0D0200 */  sw      $t5, 0x0200($s0)           ## 00000200
/* 00208 80870FB8 A20E0003 */  sb      $t6, 0x0003($s0)           ## 00000003
/* 0020C 80870FBC 00AF2821 */  addu    $a1, $a1, $t7              
/* 00210 80870FC0 8CA52DC0 */  lw      $a1, %lo(D_80872DC0)($a1)  
/* 00214 80870FC4 0C02D9F8 */  jal     func_800B67E0              
/* 00218 80870FC8 02002025 */  or      $a0, $s0, $zero            ## $a0 = 00000000
/* 0021C 80870FCC 10000006 */  beq     $zero, $zero, .L80870FE8   
/* 00220 80870FD0 8FBF0024 */  lw      $ra, 0x0024($sp)           
.L80870FD4:
/* 00224 80870FD4 27181058 */  addiu   $t8, $t8, %lo(func_80871058) ## $t8 = 00001058
/* 00228 80870FD8 AE180200 */  sw      $t8, 0x0200($s0)           ## 00000200
/* 0022C 80870FDC 3C01801F */  lui     $at, 0x801F                ## $at = 801F0000
/* 00230 80870FE0 A4203314 */  sh      $zero, 0x3314($at)         ## 801F3314
/* 00234 80870FE4 8FBF0024 */  lw      $ra, 0x0024($sp)           
.L80870FE8:
/* 00238 80870FE8 8FB0001C */  lw      $s0, 0x001C($sp)           
/* 0023C 80870FEC 8FB10020 */  lw      $s1, 0x0020($sp)           
/* 00240 80870FF0 03E00008 */  jr      $ra                        
/* 00244 80870FF4 27BD0038 */  addiu   $sp, $sp, 0x0038           ## $sp = 00000000


glabel func_80870FF8
/* 00248 80870FF8 27BDFFE8 */  addiu   $sp, $sp, 0xFFE8           ## $sp = FFFFFFE8
/* 0024C 80870FFC AFBF0014 */  sw      $ra, 0x0014($sp)           
/* 00250 80871000 AFA40018 */  sw      $a0, 0x0018($sp)           
/* 00254 80871004 AFA5001C */  sw      $a1, 0x001C($sp)           
/* 00258 80871008 8FA50018 */  lw      $a1, 0x0018($sp)           
/* 0025C 8087100C 8FA4001C */  lw      $a0, 0x001C($sp)           
/* 00260 80871010 0C038306 */  jal     func_800E0C18              
/* 00264 80871014 24A50190 */  addiu   $a1, $a1, 0x0190           ## $a1 = 00000190
/* 00268 80871018 8FA50018 */  lw      $a1, 0x0018($sp)           
/* 0026C 8087101C 8FA4001C */  lw      $a0, 0x001C($sp)           
/* 00270 80871020 0C03847B */  jal     func_800E11EC              
/* 00274 80871024 24A50144 */  addiu   $a1, $a1, 0x0144           ## $a1 = 00000144
/* 00278 80871028 8FAE0018 */  lw      $t6, 0x0018($sp)           
/* 0027C 8087102C 8FA2001C */  lw      $v0, 0x001C($sp)           
/* 00280 80871030 91CF01F9 */  lbu     $t7, 0x01F9($t6)           ## 000001F9
/* 00284 80871034 51E00005 */  beql    $t7, $zero, .L8087104C     
/* 00288 80871038 8FBF0014 */  lw      $ra, 0x0014($sp)           
/* 0028C 8087103C 90581CA5 */  lbu     $t8, 0x1CA5($v0)           ## 00001CA5
/* 00290 80871040 3319FFFE */  andi    $t9, $t8, 0xFFFE           ## $t9 = 00000000
/* 00294 80871044 A0591CA5 */  sb      $t9, 0x1CA5($v0)           ## 00001CA5
/* 00298 80871048 8FBF0014 */  lw      $ra, 0x0014($sp)           
.L8087104C:
/* 0029C 8087104C 27BD0018 */  addiu   $sp, $sp, 0x0018           ## $sp = 00000000
/* 002A0 80871050 03E00008 */  jr      $ra                        
/* 002A4 80871054 00000000 */  nop


glabel func_80871058
/* 002A8 80871058 27BDFFA0 */  addiu   $sp, $sp, 0xFFA0           ## $sp = FFFFFFA0
/* 002AC 8087105C AFB00018 */  sw      $s0, 0x0018($sp)           
/* 002B0 80871060 00808025 */  or      $s0, $a0, $zero            ## $s0 = 00000000
/* 002B4 80871064 AFBF001C */  sw      $ra, 0x001C($sp)           
/* 002B8 80871068 AFA50064 */  sw      $a1, 0x0064($sp)           
/* 002BC 8087106C 02002025 */  or      $a0, $s0, $zero            ## $a0 = 00000000
/* 002C0 80871070 0C02E27E */  jal     func_800B89F8              
/* 002C4 80871074 8FA50064 */  lw      $a1, 0x0064($sp)           
/* 002C8 80871078 10400006 */  beq     $v0, $zero, .L80871094     
/* 002CC 8087107C 3C0E8087 */  lui     $t6, %hi(func_808714D4)    ## $t6 = 80870000
/* 002D0 80871080 25CE14D4 */  addiu   $t6, $t6, %lo(func_808714D4) ## $t6 = 808714D4
/* 002D4 80871084 240FFFFF */  addiu   $t7, $zero, 0xFFFF         ## $t7 = FFFFFFFF
/* 002D8 80871088 AE0E0200 */  sw      $t6, 0x0200($s0)           ## 00000200
/* 002DC 8087108C 1000010C */  beq     $zero, $zero, .L808714C0   
/* 002E0 80871090 A20F0003 */  sb      $t7, 0x0003($s0)           ## 00000003
.L80871094:
/* 002E4 80871094 44801000 */  mtc1    $zero, $f2                 ## $f2 = 0.00
/* 002E8 80871098 C6000068 */  lwc1    $f0, 0x0068($s0)           ## 00000068
/* 002EC 8087109C 4600103C */  c.lt.s  $f2, $f0                   
/* 002F0 808710A0 00000000 */  nop
/* 002F4 808710A4 45020008 */  bc1fl   .L808710C8                 
/* 002F8 808710A8 C6060070 */  lwc1    $f6, 0x0070($s0)           ## 00000070
/* 002FC 808710AC 96180090 */  lhu     $t8, 0x0090($s0)           ## 00000090
/* 00300 808710B0 33190010 */  andi    $t9, $t8, 0x0010           ## $t9 = 00000000
/* 00304 808710B4 53200004 */  beql    $t9, $zero, .L808710C8     
/* 00308 808710B8 C6060070 */  lwc1    $f6, 0x0070($s0)           ## 00000070
/* 0030C 808710BC 46000107 */  neg.s   $f4, $f0                   
/* 00310 808710C0 E6040068 */  swc1    $f4, 0x0068($s0)           ## 00000068
/* 00314 808710C4 C6060070 */  lwc1    $f6, 0x0070($s0)           ## 00000070
.L808710C8:
/* 00318 808710C8 96020090 */  lhu     $v0, 0x0090($s0)           ## 00000090
/* 0031C 808710CC 46061032 */  c.eq.s  $f2, $f6                   
/* 00320 808710D0 30480008 */  andi    $t0, $v0, 0x0008           ## $t0 = 00000000
/* 00324 808710D4 45030028 */  bc1tl   .L80871178                 
/* 00328 808710D8 304F0001 */  andi    $t7, $v0, 0x0001           ## $t7 = 00000000
/* 0032C 808710DC 51000026 */  beql    $t0, $zero, .L80871178     
/* 00330 808710E0 304F0001 */  andi    $t7, $v0, 0x0001           ## $t7 = 00000000
/* 00334 808710E4 86040086 */  lh      $a0, 0x0086($s0)           ## 00000086
/* 00338 808710E8 86090032 */  lh      $t1, 0x0032($s0)           ## 00000032
/* 0033C 808710EC 00892823 */  subu    $a1, $a0, $t1              
/* 00340 808710F0 00051C00 */  sll     $v1, $a1, 16               
/* 00344 808710F4 00031C03 */  sra     $v1, $v1, 16               
/* 00348 808710F8 04610003 */  bgez    $v1, .L80871108            
/* 0034C 808710FC 00601025 */  or      $v0, $v1, $zero            ## $v0 = 00000000
/* 00350 80871100 10000001 */  beq     $zero, $zero, .L80871108   
/* 00354 80871104 00031023 */  subu    $v0, $zero, $v1            
.L80871108:
/* 00358 80871108 28414001 */  slti    $at, $v0, 0x4001           
/* 0035C 8087110C 14200004 */  bne     $at, $zero, .L80871120     
/* 00360 80871110 00A45021 */  addu    $t2, $a1, $a0              
/* 00364 80871114 24018000 */  addiu   $at, $zero, 0x8000         ## $at = FFFF8000
/* 00368 80871118 01415821 */  addu    $t3, $t2, $at              
/* 0036C 8087111C A60B0032 */  sh      $t3, 0x0032($s0)           ## 00000032
.L80871120:
/* 00370 80871120 920C01F9 */  lbu     $t4, 0x01F9($s0)           ## 000001F9
/* 00374 80871124 02002025 */  or      $a0, $s0, $zero            ## $a0 = 00000000
/* 00378 80871128 2402282F */  addiu   $v0, $zero, 0x282F         ## $v0 = 0000282F
/* 0037C 8087112C 11800003 */  beq     $t4, $zero, .L8087113C     
/* 00380 80871130 00000000 */  nop
/* 00384 80871134 10000001 */  beq     $zero, $zero, .L8087113C   
/* 00388 80871138 240228AB */  addiu   $v0, $zero, 0x28AB         ## $v0 = 000028AB
.L8087113C:
/* 0038C 8087113C 0C02E3B2 */  jal     func_800B8EC8              
/* 00390 80871140 3045FFFF */  andi    $a1, $v0, 0xFFFF           ## $a1 = 000028AB
/* 00394 80871144 0C02DAA2 */  jal     func_800B6A88              
/* 00398 80871148 02002025 */  or      $a0, $s0, $zero            ## $a0 = 00000000
/* 0039C 8087114C 3C018087 */  lui     $at, %hi(D_808743C0)       ## $at = 80870000
/* 003A0 80871150 C42A43C0 */  lwc1    $f10, %lo(D_808743C0)($at) 
/* 003A4 80871154 C6080070 */  lwc1    $f8, 0x0070($s0)           ## 00000070
/* 003A8 80871158 960D0090 */  lhu     $t5, 0x0090($s0)           ## 00000090
/* 003AC 8087115C 44801000 */  mtc1    $zero, $f2                 ## $f2 = 0.00
/* 003B0 80871160 460A4482 */  mul.s   $f18, $f8, $f10            
/* 003B4 80871164 31AEFFF7 */  andi    $t6, $t5, 0xFFF7           ## $t6 = 00000000
/* 003B8 80871168 A60E0090 */  sh      $t6, 0x0090($s0)           ## 00000090
/* 003BC 8087116C E6120070 */  swc1    $f18, 0x0070($s0)          ## 00000070
/* 003C0 80871170 96020090 */  lhu     $v0, 0x0090($s0)           ## 00000090
/* 003C4 80871174 304F0001 */  andi    $t7, $v0, 0x0001           ## $t7 = 00000000
.L80871178:
/* 003C8 80871178 15E00008 */  bne     $t7, $zero, .L8087119C     
/* 003CC 8087117C 8FA40064 */  lw      $a0, 0x0064($sp)           
/* 003D0 80871180 44051000 */  mfc1    $a1, $f2                   
/* 003D4 80871184 3C063DA3 */  lui     $a2, 0x3DA3                ## $a2 = 3DA30000
/* 003D8 80871188 34C6D70A */  ori     $a2, $a2, 0xD70A           ## $a2 = 3DA3D70A
/* 003DC 8087118C 0C03FC0F */  jal     func_800FF03C              
/* 003E0 80871190 26040070 */  addiu   $a0, $s0, 0x0070           ## $a0 = 00000070
/* 003E4 80871194 100000C8 */  beq     $zero, $zero, .L808714B8   
/* 003E8 80871198 00000000 */  nop
.L8087119C:
/* 003EC 8087119C 24840830 */  addiu   $a0, $a0, 0x0830           ## $a0 = 00000830
/* 003F0 808711A0 8E050080 */  lw      $a1, 0x0080($s0)           ## 00000080
/* 003F4 808711A4 92060085 */  lbu     $a2, 0x0085($s0)           ## 00000085
/* 003F8 808711A8 0C032675 */  jal     func_800C99D4              
/* 003FC 808711AC AFA40028 */  sw      $a0, 0x0028($sp)           
/* 00400 808711B0 AFA20054 */  sw      $v0, 0x0054($sp)           
/* 00404 808711B4 921801F9 */  lbu     $t8, 0x01F9($s0)           ## 000001F9
/* 00408 808711B8 3C088087 */  lui     $t0, %hi(D_80872E68)       ## $t0 = 80870000
/* 0040C 808711BC 25082E68 */  addiu   $t0, $t0, %lo(D_80872E68)  ## $t0 = 80872E68
/* 00410 808711C0 0018C880 */  sll     $t9, $t8,  2               
/* 00414 808711C4 0338C823 */  subu    $t9, $t9, $t8              
/* 00418 808711C8 0019C880 */  sll     $t9, $t9,  2               
/* 0041C 808711CC 03284821 */  addu    $t1, $t9, $t0              
/* 00420 808711D0 24010005 */  addiu   $at, $zero, 0x0005         ## $at = 00000005
/* 00424 808711D4 14410004 */  bne     $v0, $at, .L808711E8       
/* 00428 808711D8 AFA90058 */  sw      $t1, 0x0058($sp)           
/* 0042C 808711DC 3C0A8087 */  lui     $t2, %hi(D_80872E80)       ## $t2 = 80870000
/* 00430 808711E0 254A2E80 */  addiu   $t2, $t2, %lo(D_80872E80)  ## $t2 = 80872E80
/* 00434 808711E4 AFAA0058 */  sw      $t2, 0x0058($sp)           
.L808711E8:
/* 00438 808711E8 24010004 */  addiu   $at, $zero, 0x0004         ## $at = 00000004
/* 0043C 808711EC 10410005 */  beq     $v0, $at, .L80871204       
/* 00440 808711F0 260400C4 */  addiu   $a0, $s0, 0x00C4           ## $a0 = 000000C4
/* 00444 808711F4 2401000E */  addiu   $at, $zero, 0x000E         ## $at = 0000000E
/* 00448 808711F8 10410002 */  beq     $v0, $at, .L80871204       
/* 0044C 808711FC 2401000F */  addiu   $at, $zero, 0x000F         ## $at = 0000000F
/* 00450 80871200 14410010 */  bne     $v0, $at, .L80871244       
.L80871204:
/* 00454 80871204 3C063DCC */  lui     $a2, 0x3DCC                ## $a2 = 3DCC0000
/* 00458 80871208 34C6CCCD */  ori     $a2, $a2, 0xCCCD           ## $a2 = 3DCCCCCD
/* 0045C 8087120C 24050000 */  addiu   $a1, $zero, 0x0000         ## $a1 = 00000000
/* 00460 80871210 0C03FF7E */  jal     func_800FFDF8              
/* 00464 80871214 3C074248 */  lui     $a3, 0x4248                ## $a3 = 42480000
/* 00468 80871218 920B00D0 */  lbu     $t3, 0x00D0($s0)           ## 000000D0
/* 0046C 8087121C 27A40036 */  addiu   $a0, $sp, 0x0036           ## $a0 = FFFFFFD6
/* 00470 80871220 00002825 */  or      $a1, $zero, $zero          ## $a1 = 00000000
/* 00474 80871224 24060001 */  addiu   $a2, $zero, 0x0001         ## $a2 = 00000001
/* 00478 80871228 24070014 */  addiu   $a3, $zero, 0x0014         ## $a3 = 00000014
/* 0047C 8087122C 0C03FFF6 */  jal     func_800FFFD8              
/* 00480 80871230 A7AB0036 */  sh      $t3, 0x0036($sp)           
/* 00484 80871234 87AC0036 */  lh      $t4, 0x0036($sp)           
/* 00488 80871238 A20C00D0 */  sb      $t4, 0x00D0($s0)           ## 000000D0
/* 0048C 8087123C 10000009 */  beq     $zero, $zero, .L80871264   
/* 00490 80871240 00000000 */  nop
.L80871244:
/* 00494 80871244 3C01442F */  lui     $at, 0x442F                ## $at = 442F0000
/* 00498 80871248 44810000 */  mtc1    $at, $f0                   ## $f0 = 700.00
/* 0049C 8087124C 260400C4 */  addiu   $a0, $s0, 0x00C4           ## $a0 = 000000C4
/* 004A0 80871250 3C063F80 */  lui     $a2, 0x3F80                ## $a2 = 3F800000
/* 004A4 80871254 44050000 */  mfc1    $a1, $f0                   
/* 004A8 80871258 44070000 */  mfc1    $a3, $f0                   
/* 004AC 8087125C 0C03FF7E */  jal     func_800FFDF8              
/* 004B0 80871260 00000000 */  nop
.L80871264:
/* 004B4 80871264 0C03FB61 */  jal     func_800FED84              
/* 004B8 80871268 86040032 */  lh      $a0, 0x0032($s0)           ## 00000032
/* 004BC 8087126C C6040070 */  lwc1    $f4, 0x0070($s0)           ## 00000070
/* 004C0 80871270 86040032 */  lh      $a0, 0x0032($s0)           ## 00000032
/* 004C4 80871274 46040382 */  mul.s   $f14, $f0, $f4             
/* 004C8 80871278 0C03FB51 */  jal     func_800FED44              
/* 004CC 8087127C E7AE0040 */  swc1    $f14, 0x0040($sp)          
/* 004D0 80871280 C6060070 */  lwc1    $f6, 0x0070($s0)           ## 00000070
/* 004D4 80871284 8E040080 */  lw      $a0, 0x0080($s0)           ## 00000080
/* 004D8 80871288 27A50048 */  addiu   $a1, $sp, 0x0048           ## $a1 = FFFFFFE8
/* 004DC 8087128C 46060302 */  mul.s   $f12, $f0, $f6             
/* 004E0 80871290 27A60046 */  addiu   $a2, $sp, 0x0046           ## $a2 = FFFFFFE6
/* 004E4 80871294 0C02DD68 */  jal     func_800B75A0              
/* 004E8 80871298 E7AC003C */  swc1    $f12, 0x003C($sp)          
/* 004EC 8087129C 3C014040 */  lui     $at, 0x4040                ## $at = 40400000
/* 004F0 808712A0 44818000 */  mtc1    $at, $f16                  ## $f16 = 3.00
/* 004F4 808712A4 C7A80048 */  lwc1    $f8, 0x0048($sp)           
/* 004F8 808712A8 C7B20050 */  lwc1    $f18, 0x0050($sp)          
/* 004FC 808712AC C7AE0040 */  lwc1    $f14, 0x0040($sp)          
/* 00500 808712B0 46088282 */  mul.s   $f10, $f16, $f8            
/* 00504 808712B4 C7AC003C */  lwc1    $f12, 0x003C($sp)          
/* 00508 808712B8 8FA40028 */  lw      $a0, 0x0028($sp)           
/* 0050C 808712BC 46128102 */  mul.s   $f4, $f16, $f18            
/* 00510 808712C0 460A7380 */  add.s   $f14, $f14, $f10           
/* 00514 808712C4 C60A0070 */  lwc1    $f10, 0x0070($s0)          ## 00000070
/* 00518 808712C8 46046300 */  add.s   $f12, $f12, $f4            
/* 0051C 808712CC 460E7182 */  mul.s   $f6, $f14, $f14            
/* 00520 808712D0 00000000 */  nop
/* 00524 808712D4 460C6202 */  mul.s   $f8, $f12, $f12            
/* 00528 808712D8 46083000 */  add.s   $f0, $f6, $f8              
/* 0052C 808712DC 46000084 */  sqrt.s  $f2, $f0                   
/* 00530 808712E0 460A103C */  c.lt.s  $f2, $f10                  
/* 00534 808712E4 00000000 */  nop
/* 00538 808712E8 4501000C */  bc1t    .L8087131C                 
/* 0053C 808712EC 00000000 */  nop
/* 00540 808712F0 8E050080 */  lw      $a1, 0x0080($s0)           ## 00000080
/* 00544 808712F4 92060085 */  lbu     $a2, 0x0085($s0)           ## 00000085
/* 00548 808712F8 E7AE0040 */  swc1    $f14, 0x0040($sp)          
/* 0054C 808712FC E7AC003C */  swc1    $f12, 0x003C($sp)          
/* 00550 80871300 0C03271D */  jal     func_800C9C74              
/* 00554 80871304 E7A20038 */  swc1    $f2, 0x0038($sp)           
/* 00558 80871308 24010001 */  addiu   $at, $zero, 0x0001         ## $at = 00000001
/* 0055C 8087130C C7A20038 */  lwc1    $f2, 0x0038($sp)           
/* 00560 80871310 C7AC003C */  lwc1    $f12, 0x003C($sp)          
/* 00564 80871314 1441000E */  bne     $v0, $at, .L80871350       
/* 00568 80871318 C7AE0040 */  lwc1    $f14, 0x0040($sp)          
.L8087131C:
/* 0056C 8087131C 3C014180 */  lui     $at, 0x4180                ## $at = 41800000
/* 00570 80871320 44810000 */  mtc1    $at, $f0                   ## $f0 = 16.00
/* 00574 80871324 00000000 */  nop
/* 00578 80871328 4602003C */  c.lt.s  $f0, $f2                   
/* 0057C 8087132C 00000000 */  nop
/* 00580 80871330 45020004 */  bc1fl   .L80871344                 
/* 00584 80871334 E6020070 */  swc1    $f2, 0x0070($s0)           ## 00000070
/* 00588 80871338 10000002 */  beq     $zero, $zero, .L80871344   
/* 0058C 8087133C E6000070 */  swc1    $f0, 0x0070($s0)           ## 00000070
/* 00590 80871340 E6020070 */  swc1    $f2, 0x0070($s0)           ## 00000070
.L80871344:
/* 00594 80871344 0C060040 */  jal     func_80180100              
/* 00598 80871348 00000000 */  nop
/* 0059C 8087134C A6020032 */  sh      $v0, 0x0032($s0)           ## 00000032
.L80871350:
/* 005A0 80871350 8FAD0058 */  lw      $t5, 0x0058($sp)           
/* 005A4 80871354 26040070 */  addiu   $a0, $s0, 0x0070           ## $a0 = 00000070
/* 005A8 80871358 24050000 */  addiu   $a1, $zero, 0x0000         ## $a1 = 00000000
/* 005AC 8087135C 0C03FC0F */  jal     func_800FF03C              
/* 005B0 80871360 8DA60000 */  lw      $a2, 0x0000($t5)           ## 00000000
/* 005B4 80871364 54400028 */  bnel    $v0, $zero, .L80871408     
/* 005B8 80871368 960C0090 */  lhu     $t4, 0x0090($s0)           ## 00000090
/* 005BC 8087136C 86020032 */  lh      $v0, 0x0032($s0)           ## 00000032
/* 005C0 80871370 860E00BE */  lh      $t6, 0x00BE($s0)           ## 000000BE
/* 005C4 80871374 00022C00 */  sll     $a1, $v0, 16               
/* 005C8 80871378 004E1823 */  subu    $v1, $v0, $t6              
/* 005CC 8087137C 00031C00 */  sll     $v1, $v1, 16               
/* 005D0 80871380 00031C03 */  sra     $v1, $v1, 16               
/* 005D4 80871384 04610003 */  bgez    $v1, .L80871394            
/* 005D8 80871388 00052C03 */  sra     $a1, $a1, 16               
/* 005DC 8087138C 10000002 */  beq     $zero, $zero, .L80871398   
/* 005E0 80871390 00031023 */  subu    $v0, $zero, $v1            
.L80871394:
/* 005E4 80871394 00601025 */  or      $v0, $v1, $zero            ## $v0 = 00000000
.L80871398:
/* 005E8 80871398 28414001 */  slti    $at, $v0, 0x4001           
/* 005EC 8087139C 14200004 */  bne     $at, $zero, .L808713B0     
/* 005F0 808713A0 34018000 */  ori     $at, $zero, 0x8000         ## $at = 00008000
/* 005F4 808713A4 00A12821 */  addu    $a1, $a1, $at              
/* 005F8 808713A8 00052C00 */  sll     $a1, $a1, 16               
/* 005FC 808713AC 00052C03 */  sra     $a1, $a1, 16               
.L808713B0:
/* 00600 808713B0 3C0142C8 */  lui     $at, 0x42C8                ## $at = 42C80000
/* 00604 808713B4 44812000 */  mtc1    $at, $f4                   ## $f4 = 100.00
/* 00608 808713B8 C6120070 */  lwc1    $f18, 0x0070($s0)          ## 00000070
/* 0060C 808713BC 260400BE */  addiu   $a0, $s0, 0x00BE           ## $a0 = 000000BE
/* 00610 808713C0 46049182 */  mul.s   $f6, $f18, $f4             
/* 00614 808713C4 4600320D */  trunc.w.s $f8, $f6                   
/* 00618 808713C8 44064000 */  mfc1    $a2, $f8                   
/* 0061C 808713CC 00000000 */  nop
/* 00620 808713D0 00063400 */  sll     $a2, $a2, 16               
/* 00624 808713D4 0C03FB9C */  jal     func_800FEE70              
/* 00628 808713D8 00063403 */  sra     $a2, $a2, 16               
/* 0062C 808713DC 3C014448 */  lui     $at, 0x4448                ## $at = 44480000
/* 00630 808713E0 44819000 */  mtc1    $at, $f18                  ## $f18 = 800.00
/* 00634 808713E4 C60A0070 */  lwc1    $f10, 0x0070($s0)          ## 00000070
/* 00638 808713E8 860A01FA */  lh      $t2, 0x01FA($s0)           ## 000001FA
/* 0063C 808713EC 46125102 */  mul.s   $f4, $f10, $f18            
/* 00640 808713F0 4600218D */  trunc.w.s $f6, $f4                   
/* 00644 808713F4 44093000 */  mfc1    $t1, $f6                   
/* 00648 808713F8 00000000 */  nop
/* 0064C 808713FC 01495821 */  addu    $t3, $t2, $t1              
/* 00650 80871400 A60B01FA */  sh      $t3, 0x01FA($s0)           ## 000001FA
/* 00654 80871404 960C0090 */  lhu     $t4, 0x0090($s0)           ## 00000090
.L80871408:
/* 00658 80871408 02002025 */  or      $a0, $s0, $zero            ## $a0 = 00000000
/* 0065C 8087140C 318D0002 */  andi    $t5, $t4, 0x0002           ## $t5 = 00000000
/* 00660 80871410 51A00023 */  beql    $t5, $zero, .L808714A0     
/* 00664 80871414 860A01F0 */  lh      $t2, 0x01F0($s0)           ## 000001F0
/* 00668 80871418 920E01F9 */  lbu     $t6, 0x01F9($s0)           ## 000001F9
/* 0066C 8087141C 2402282F */  addiu   $v0, $zero, 0x282F         ## $v0 = 0000282F
/* 00670 80871420 11C00003 */  beq     $t6, $zero, .L80871430     
/* 00674 80871424 00000000 */  nop
/* 00678 80871428 10000001 */  beq     $zero, $zero, .L80871430   
/* 0067C 8087142C 24022856 */  addiu   $v0, $zero, 0x2856         ## $v0 = 00002856
.L80871430:
/* 00680 80871430 0C02E3B2 */  jal     func_800B8EC8              
/* 00684 80871434 3045FFFF */  andi    $a1, $v0, 0xFFFF           ## $a1 = 00002856
/* 00688 80871438 8FAF0058 */  lw      $t7, 0x0058($sp)           
/* 0068C 8087143C C6000068 */  lwc1    $f0, 0x0068($s0)           ## 00000068
/* 00690 80871440 8FA20054 */  lw      $v0, 0x0054($sp)           
/* 00694 80871444 C5E80004 */  lwc1    $f8, 0x0004($t7)           ## 00000004
/* 00698 80871448 24010004 */  addiu   $at, $zero, 0x0004         ## $at = 00000004
/* 0069C 8087144C 4608003C */  c.lt.s  $f0, $f8                   
/* 006A0 80871450 00000000 */  nop
/* 006A4 80871454 45000018 */  bc1f    .L808714B8                 
/* 006A8 80871458 00000000 */  nop
/* 006AC 8087145C 10410005 */  beq     $v0, $at, .L80871474       
/* 006B0 80871460 2401000E */  addiu   $at, $zero, 0x000E         ## $at = 0000000E
/* 006B4 80871464 10410003 */  beq     $v0, $at, .L80871474       
/* 006B8 80871468 2401000F */  addiu   $at, $zero, 0x000F         ## $at = 0000000F
/* 006BC 8087146C 14410004 */  bne     $v0, $at, .L80871480       
/* 006C0 80871470 8FB80058 */  lw      $t8, 0x0058($sp)           
.L80871474:
/* 006C4 80871474 44805000 */  mtc1    $zero, $f10                ## $f10 = 0.00
/* 006C8 80871478 10000004 */  beq     $zero, $zero, .L8087148C   
/* 006CC 8087147C E60A0068 */  swc1    $f10, 0x0068($s0)          ## 00000068
.L80871480:
/* 006D0 80871480 C7120008 */  lwc1    $f18, 0x0008($t8)          ## 00000008
/* 006D4 80871484 46120102 */  mul.s   $f4, $f0, $f18             
/* 006D8 80871488 E6040068 */  swc1    $f4, 0x0068($s0)           ## 00000068
.L8087148C:
/* 006DC 8087148C 96190090 */  lhu     $t9, 0x0090($s0)           ## 00000090
/* 006E0 80871490 3328FFFE */  andi    $t0, $t9, 0xFFFE           ## $t0 = 00000000
/* 006E4 80871494 10000008 */  beq     $zero, $zero, .L808714B8   
/* 006E8 80871498 A6080090 */  sh      $t0, 0x0090($s0)           ## 00000090
/* 006EC 8087149C 860A01F0 */  lh      $t2, 0x01F0($s0)           ## 000001F0
.L808714A0:
/* 006F0 808714A0 02002025 */  or      $a0, $s0, $zero            ## $a0 = 00000000
/* 006F4 808714A4 29410004 */  slti    $at, $t2, 0x0004           
/* 006F8 808714A8 14200003 */  bne     $at, $zero, .L808714B8     
/* 006FC 808714AC 00000000 */  nop
/* 00700 808714B0 0C02E2EC */  jal     func_800B8BB0              
/* 00704 808714B4 8FA50064 */  lw      $a1, 0x0064($sp)           
.L808714B8:
/* 00708 808714B8 0C02DAA2 */  jal     func_800B6A88              
/* 0070C 808714BC 02002025 */  or      $a0, $s0, $zero            ## $a0 = 00000000
.L808714C0:
/* 00710 808714C0 8FBF001C */  lw      $ra, 0x001C($sp)           
/* 00714 808714C4 8FB00018 */  lw      $s0, 0x0018($sp)           
/* 00718 808714C8 27BD0060 */  addiu   $sp, $sp, 0x0060           ## $sp = 00000000
/* 0071C 808714CC 03E00008 */  jr      $ra                        
/* 00720 808714D0 00000000 */  nop


glabel func_808714D4
/* 00724 808714D4 27BDFFE0 */  addiu   $sp, $sp, 0xFFE0           ## $sp = FFFFFFE0
/* 00728 808714D8 AFB00018 */  sw      $s0, 0x0018($sp)           
/* 0072C 808714DC 00808025 */  or      $s0, $a0, $zero            ## $s0 = 00000000
/* 00730 808714E0 AFBF001C */  sw      $ra, 0x001C($sp)           
/* 00734 808714E4 AFA50024 */  sw      $a1, 0x0024($sp)           
/* 00738 808714E8 02002025 */  or      $a0, $s0, $zero            ## $a0 = 00000000
/* 0073C 808714EC 0C02E2FF */  jal     func_800B8BFC              
/* 00740 808714F0 8FA50024 */  lw      $a1, 0x0024($sp)           
/* 00744 808714F4 1040001D */  beq     $v0, $zero, .L8087156C     
/* 00748 808714F8 3C0E8087 */  lui     $t6, %hi(func_80871058)    ## $t6 = 80870000
/* 0074C 808714FC 25CE1058 */  addiu   $t6, $t6, %lo(func_80871058) ## $t6 = 80871058
/* 00750 80871500 AE0E0200 */  sw      $t6, 0x0200($s0)           ## 00000200
/* 00754 80871504 8FAF0024 */  lw      $t7, 0x0024($sp)           
/* 00758 80871508 8E190004 */  lw      $t9, 0x0004($s0)           ## 00000004
/* 0075C 8087150C 96090090 */  lhu     $t1, 0x0090($s0)           ## 00000090
/* 00760 80871510 3C180002 */  lui     $t8, 0x0002                ## $t8 = 00020000
/* 00764 80871514 3C01FFEF */  lui     $at, 0xFFEF                ## $at = FFEF0000
/* 00768 80871518 030FC021 */  addu    $t8, $t8, $t7              
/* 0076C 8087151C 831886E0 */  lb      $t8, -0x7920($t8)          ## 000186E0
/* 00770 80871520 3421FFFF */  ori     $at, $at, 0xFFFF           ## $at = FFEFFFFF
/* 00774 80871524 03214024 */  and     $t0, $t9, $at              
/* 00778 80871528 312AFFFE */  andi    $t2, $t1, 0xFFFE           ## $t2 = 00000000
/* 0077C 8087152C AE080004 */  sw      $t0, 0x0004($s0)           ## 00000004
/* 00780 80871530 A60A0090 */  sh      $t2, 0x0090($s0)           ## 00000090
/* 00784 80871534 26040108 */  addiu   $a0, $s0, 0x0108           ## $a0 = 00000108
/* 00788 80871538 26050014 */  addiu   $a1, $s0, 0x0014           ## $a1 = 00000014
/* 0078C 8087153C 0C03FD53 */  jal     func_800FF54C              
/* 00790 80871540 A2180003 */  sb      $t8, 0x0003($s0)           ## 00000003
/* 00794 80871544 920B01F9 */  lbu     $t3, 0x01F9($s0)           ## 000001F9
/* 00798 80871548 3C01801F */  lui     $at, 0x801F                ## $at = 801F0000
/* 0079C 8087154C 02002025 */  or      $a0, $s0, $zero            ## $a0 = 00000000
/* 007A0 80871550 11600002 */  beq     $t3, $zero, .L8087155C     
/* 007A4 80871554 00000000 */  nop
/* 007A8 80871558 A4203314 */  sh      $zero, 0x3314($at)         ## 801F3314
.L8087155C:
/* 007AC 8087155C 0C21C416 */  jal     func_80871058              
/* 007B0 80871560 8FA50024 */  lw      $a1, 0x0024($sp)           
/* 007B4 80871564 1000000C */  beq     $zero, $zero, .L80871598   
/* 007B8 80871568 260401FA */  addiu   $a0, $s0, 0x01FA           ## $a0 = 000001FA
.L8087156C:
/* 007BC 8087156C 8E050120 */  lw      $a1, 0x0120($s0)           ## 00000120
/* 007C0 80871570 26040014 */  addiu   $a0, $s0, 0x0014           ## $a0 = 00000014
/* 007C4 80871574 0C03FD61 */  jal     func_800FF584              
/* 007C8 80871578 24A50024 */  addiu   $a1, $a1, 0x0024           ## $a1 = 00000024
/* 007CC 8087157C 920C01F9 */  lbu     $t4, 0x01F9($s0)           ## 000001F9
/* 007D0 80871580 51800005 */  beql    $t4, $zero, .L80871598     
/* 007D4 80871584 260401FA */  addiu   $a0, $s0, 0x01FA           ## $a0 = 000001FA
/* 007D8 80871588 860D01F0 */  lh      $t5, 0x01F0($s0)           ## 000001F0
/* 007DC 8087158C 3C01801F */  lui     $at, 0x801F                ## $at = 801F0000
/* 007E0 80871590 A42D3314 */  sh      $t5, 0x3314($at)           ## 801F3314
/* 007E4 80871594 260401FA */  addiu   $a0, $s0, 0x01FA           ## $a0 = 000001FA
.L80871598:
/* 007E8 80871598 00002825 */  or      $a1, $zero, $zero          ## $a1 = 00000000
/* 007EC 8087159C 0C03FB9C */  jal     func_800FEE70              
/* 007F0 808715A0 240607D0 */  addiu   $a2, $zero, 0x07D0         ## $a2 = 000007D0
/* 007F4 808715A4 8FBF001C */  lw      $ra, 0x001C($sp)           
/* 007F8 808715A8 8FB00018 */  lw      $s0, 0x0018($sp)           
/* 007FC 808715AC 27BD0020 */  addiu   $sp, $sp, 0x0020           ## $sp = 00000000
/* 00800 808715B0 03E00008 */  jr      $ra                        
/* 00804 808715B4 00000000 */  nop


glabel func_808715B8
/* 00808 808715B8 27BDFF20 */  addiu   $sp, $sp, 0xFF20           ## $sp = FFFFFF20
/* 0080C 808715BC AFB5005C */  sw      $s5, 0x005C($sp)           
/* 00810 808715C0 0080A825 */  or      $s5, $a0, $zero            ## $s5 = 00000000
/* 00814 808715C4 AFBF006C */  sw      $ra, 0x006C($sp)           
/* 00818 808715C8 AFBE0068 */  sw      $s8, 0x0068($sp)           
/* 0081C 808715CC AFB70064 */  sw      $s7, 0x0064($sp)           
/* 00820 808715D0 AFB60060 */  sw      $s6, 0x0060($sp)           
/* 00824 808715D4 AFB40058 */  sw      $s4, 0x0058($sp)           
/* 00828 808715D8 AFB30054 */  sw      $s3, 0x0054($sp)           
/* 0082C 808715DC AFB20050 */  sw      $s2, 0x0050($sp)           
/* 00830 808715E0 AFB1004C */  sw      $s1, 0x004C($sp)           
/* 00834 808715E4 AFB00048 */  sw      $s0, 0x0048($sp)           
/* 00838 808715E8 F7B80040 */  sdc1    $f24, 0x0040($sp)          
/* 0083C 808715EC F7B60038 */  sdc1    $f22, 0x0038($sp)          
/* 00840 808715F0 F7B40030 */  sdc1    $f20, 0x0030($sp)          
/* 00844 808715F4 AFA500E4 */  sw      $a1, 0x00E4($sp)           
/* 00848 808715F8 8EA201AC */  lw      $v0, 0x01AC($s5)           ## 000001AC
/* 0084C 808715FC 844E002E */  lh      $t6, 0x002E($v0)           ## 0000002E
/* 00850 80871600 55C0000B */  bnel    $t6, $zero, .L80871630     
/* 00854 80871604 92B901F9 */  lbu     $t9, 0x01F9($s5)           ## 000001F9
/* 00858 80871608 8EAF0004 */  lw      $t7, 0x0004($s5)           ## 00000004
/* 0085C 8087160C C6AC0098 */  lwc1    $f12, 0x0098($s5)          ## 00000098
/* 00860 80871610 240500FF */  addiu   $a1, $zero, 0x00FF         ## $a1 = 000000FF
/* 00864 80871614 35F80020 */  ori     $t8, $t7, 0x0020           ## $t8 = 00000020
/* 00868 80871618 AEB80004 */  sw      $t8, 0x0004($s5)           ## 00000004
/* 0086C 8087161C 24060014 */  addiu   $a2, $zero, 0x0014         ## $a2 = 00000014
/* 00870 80871620 0C04FB38 */  jal     func_8013ECE0              
/* 00874 80871624 24070096 */  addiu   $a3, $zero, 0x0096         ## $a3 = 00000096
/* 00878 80871628 8EA201AC */  lw      $v0, 0x01AC($s5)           ## 000001AC
/* 0087C 8087162C 92B901F9 */  lbu     $t9, 0x01F9($s5)           ## 000001F9
.L80871630:
/* 00880 80871630 3C098087 */  lui     $t1, %hi(D_80872E8C)       ## $t1 = 80870000
/* 00884 80871634 24010007 */  addiu   $at, $zero, 0x0007         ## $at = 00000007
/* 00888 80871638 00194040 */  sll     $t0, $t9,  1               
/* 0088C 8087163C 01284821 */  addu    $t1, $t1, $t0              
/* 00890 80871640 85292E8C */  lh      $t1, %lo(D_80872E8C)($t1)  
/* 00894 80871644 A4490036 */  sh      $t1, 0x0036($v0)           ## 00000036
/* 00898 80871648 86AA01F0 */  lh      $t2, 0x01F0($s5)           ## 000001F0
/* 0089C 8087164C 55410005 */  bnel    $t2, $at, .L80871664       
/* 008A0 80871650 86AD001C */  lh      $t5, 0x001C($s5)           ## 0000001C
/* 008A4 80871654 92AB01A0 */  lbu     $t3, 0x01A0($s5)           ## 000001A0
/* 008A8 80871658 316CFFEF */  andi    $t4, $t3, 0xFFEF           ## $t4 = 00000000
/* 008AC 8087165C A2AC01A0 */  sb      $t4, 0x01A0($s5)           ## 000001A0
/* 008B0 80871660 86AD001C */  lh      $t5, 0x001C($s5)           ## 0000001C
.L80871664:
/* 008B4 80871664 24010001 */  addiu   $at, $zero, 0x0001         ## $at = 00000001
/* 008B8 80871668 8FA400E4 */  lw      $a0, 0x00E4($sp)           
/* 008BC 8087166C 15A10005 */  bne     $t5, $at, .L80871684       
/* 008C0 80871670 26A60190 */  addiu   $a2, $s5, 0x0190           ## $a2 = 00000190
/* 008C4 80871674 3C010001 */  lui     $at, 0x0001                ## $at = 00010000
/* 008C8 80871678 34218884 */  ori     $at, $at, 0x8884           ## $at = 00018884
/* 008CC 8087167C 0C038956 */  jal     func_800E2558              
/* 008D0 80871680 00812821 */  addu    $a1, $a0, $at              
.L80871684:
/* 008D4 80871684 8FA200E4 */  lw      $v0, 0x00E4($sp)           
/* 008D8 80871688 3C010001 */  lui     $at, 0x0001                ## $at = 00010000
/* 008DC 8087168C 00411021 */  addu    $v0, $v0, $at              
/* 008E0 80871690 84437096 */  lh      $v1, 0x7096($v0)           ## 00007096
/* 008E4 80871694 10600002 */  beq     $v1, $zero, .L808716A0     
/* 008E8 80871698 246FFFE7 */  addiu   $t7, $v1, 0xFFE7           ## $t7 = FFFFFFE7
/* 008EC 8087169C A44F7096 */  sh      $t7, 0x7096($v0)           ## 00007096
.L808716A0:
/* 008F0 808716A0 84437098 */  lh      $v1, 0x7098($v0)           ## 00007098
/* 008F4 808716A4 10600002 */  beq     $v1, $zero, .L808716B0     
/* 008F8 808716A8 2478FFE7 */  addiu   $t8, $v1, 0xFFE7           ## $t8 = FFFFFFE7
/* 008FC 808716AC A4587098 */  sh      $t8, 0x7098($v0)           ## 00007098
.L808716B0:
/* 00900 808716B0 8443709A */  lh      $v1, 0x709A($v0)           ## 0000709A
/* 00904 808716B4 02A02825 */  or      $a1, $s5, $zero            ## $a1 = 00000000
/* 00908 808716B8 10600002 */  beq     $v1, $zero, .L808716C4     
/* 0090C 808716BC 2479FFE7 */  addiu   $t9, $v1, 0xFFE7           ## $t9 = FFFFFFE7
/* 00910 808716C0 A459709A */  sh      $t9, 0x709A($v0)           ## 0000709A
.L808716C4:
/* 00914 808716C4 84437090 */  lh      $v1, 0x7090($v0)           ## 00007090
/* 00918 808716C8 10600002 */  beq     $v1, $zero, .L808716D4     
/* 0091C 808716CC 2468FFE7 */  addiu   $t0, $v1, 0xFFE7           ## $t0 = FFFFFFE7
/* 00920 808716D0 A4487090 */  sh      $t0, 0x7090($v0)           ## 00007090
.L808716D4:
/* 00924 808716D4 84437092 */  lh      $v1, 0x7092($v0)           ## 00007092
/* 00928 808716D8 10600002 */  beq     $v1, $zero, .L808716E4     
/* 0092C 808716DC 2469FFE7 */  addiu   $t1, $v1, 0xFFE7           ## $t1 = FFFFFFE7
/* 00930 808716E0 A4497092 */  sh      $t1, 0x7092($v0)           ## 00007092
.L808716E4:
/* 00934 808716E4 84437094 */  lh      $v1, 0x7094($v0)           ## 00007094
/* 00938 808716E8 10600002 */  beq     $v1, $zero, .L808716F4     
/* 0093C 808716EC 246AFFE7 */  addiu   $t2, $v1, 0xFFE7           ## $t2 = FFFFFFE7
/* 00940 808716F0 A44A7094 */  sh      $t2, 0x7094($v0)           ## 00007094
.L808716F4:
/* 00944 808716F4 86A201F0 */  lh      $v0, 0x01F0($s5)           ## 000001F0
/* 00948 808716F8 54400007 */  bnel    $v0, $zero, .L80871718     
/* 0094C 808716FC 304B0001 */  andi    $t3, $v0, 0x0001           ## $t3 = 00000000
/* 00950 80871700 0C048D64 */  jal     func_80123590              
/* 00954 80871704 8FA400E4 */  lw      $a0, 0x00E4($sp)           
/* 00958 80871708 0C02D9C3 */  jal     func_800B670C              
/* 0095C 8087170C 02A02025 */  or      $a0, $s5, $zero            ## $a0 = 00000000
/* 00960 80871710 86A201F0 */  lh      $v0, 0x01F0($s5)           ## 000001F0
/* 00964 80871714 304B0001 */  andi    $t3, $v0, 0x0001           ## $t3 = 00000000
.L80871718:
/* 00968 80871718 15600094 */  bne     $t3, $zero, .L8087196C     
/* 0096C 8087171C 3C018087 */  lui     $at, %hi(D_808743C4)       ## $at = 80870000
/* 00970 80871720 0C05E565 */  jal     func_80179594              
/* 00974 80871724 C42C43C4 */  lwc1    $f12, %lo(D_808743C4)($at) 
/* 00978 80871728 8FB200E4 */  lw      $s2, 0x00E4($sp)           
/* 0097C 8087172C 3C0140A0 */  lui     $at, 0x40A0                ## $at = 40A00000
/* 00980 80871730 4481B000 */  mtc1    $at, $f22                  ## $f22 = 5.00
/* 00984 80871734 4480C000 */  mtc1    $zero, $f24                ## $f24 = 0.00
/* 00988 80871738 E7A000CC */  swc1    $f0, 0x00CC($sp)           
/* 0098C 8087173C 00008825 */  or      $s1, $zero, $zero          ## $s1 = 00000000
/* 00990 80871740 241E0004 */  addiu   $s8, $zero, 0x0004         ## $s8 = 00000004
/* 00994 80871744 27B700B4 */  addiu   $s7, $sp, 0x00B4           ## $s7 = FFFFFFD4
/* 00998 80871748 27B600B0 */  addiu   $s6, $sp, 0x00B0           ## $s6 = FFFFFFD0
/* 0099C 8087174C 27B40080 */  addiu   $s4, $sp, 0x0080           ## $s4 = FFFFFFA0
/* 009A0 80871750 27B30084 */  addiu   $s3, $sp, 0x0084           ## $s3 = FFFFFFA4
/* 009A4 80871754 26520830 */  addiu   $s2, $s2, 0x0830           ## $s2 = 00000830
/* 009A8 80871758 44912000 */  mtc1    $s1, $f4                   ## $f4 = 0.00
.L8087175C:
/* 009AC 8087175C 3C018087 */  lui     $at, %hi(D_808743C8)       ## $at = 80870000
/* 009B0 80871760 C42843C8 */  lwc1    $f8, %lo(D_808743C8)($at)  
/* 009B4 80871764 468021A0 */  cvt.s.w $f6, $f4                   
/* 009B8 80871768 3C014170 */  lui     $at, 0x4170                ## $at = 41700000
/* 009BC 8087176C 44818000 */  mtc1    $at, $f16                  ## $f16 = 15.00
/* 009C0 80871770 C7A400CC */  lwc1    $f4, 0x00CC($sp)           
/* 009C4 80871774 00002825 */  or      $a1, $zero, $zero          ## $a1 = 00000000
/* 009C8 80871778 46083002 */  mul.s   $f0, $f6, $f8              
/* 009CC 8087177C 46000280 */  add.s   $f10, $f0, $f0             
/* 009D0 80871780 46105483 */  div.s   $f18, $f10, $f16           
/* 009D4 80871784 0C0602D2 */  jal     func_80180B48              
/* 009D8 80871788 46049300 */  add.s   $f12, $f18, $f4            
/* 009DC 8087178C 86AC01F0 */  lh      $t4, 0x01F0($s5)           ## 000001F0
/* 009E0 80871790 240D000A */  addiu   $t5, $zero, 0x000A         ## $t5 = 0000000A
/* 009E4 80871794 3C014396 */  lui     $at, 0x4396                ## $at = 43960000
/* 009E8 80871798 01AC7023 */  subu    $t6, $t5, $t4              
/* 009EC 8087179C 448E3000 */  mtc1    $t6, $f6                   ## $f6 = 0.00
/* 009F0 808717A0 44815000 */  mtc1    $at, $f10                  ## $f10 = 300.00
/* 009F4 808717A4 3C018087 */  lui     $at, %hi(D_808743CC)       ## $at = 80870000
/* 009F8 808717A8 46803220 */  cvt.s.w $f8, $f6                   
/* 009FC 808717AC C43243CC */  lwc1    $f18, %lo(D_808743CC)($at) 
/* 00A00 808717B0 27A500C0 */  addiu   $a1, $sp, 0x00C0           ## $a1 = FFFFFFE0
/* 00A04 808717B4 460A4402 */  mul.s   $f16, $f8, $f10            
/* 00A08 808717B8 00000000 */  nop
/* 00A0C 808717BC 46128302 */  mul.s   $f12, $f16, $f18           
/* 00A10 808717C0 0C060704 */  jal     func_80181C10              
/* 00A14 808717C4 00000000 */  nop
/* 00A18 808717C8 C6A40024 */  lwc1    $f4, 0x0024($s5)           ## 00000024
/* 00A1C 808717CC C7A600C0 */  lwc1    $f6, 0x00C0($sp)           
/* 00A20 808717D0 3C0143FA */  lui     $at, 0x43FA                ## $at = 43FA0000
/* 00A24 808717D4 44818000 */  mtc1    $at, $f16                  ## $f16 = 500.00
/* 00A28 808717D8 46062200 */  add.s   $f8, $f4, $f6              
/* 00A2C 808717DC C7A600C8 */  lwc1    $f6, 0x00C8($sp)           
/* 00A30 808717E0 02402025 */  or      $a0, $s2, $zero            ## $a0 = 00000830
/* 00A34 808717E4 02C02825 */  or      $a1, $s6, $zero            ## $a1 = FFFFFFD0
/* 00A38 808717E8 E7A800B4 */  swc1    $f8, 0x00B4($sp)           
/* 00A3C 808717EC C6AA0028 */  lwc1    $f10, 0x0028($s5)          ## 00000028
/* 00A40 808717F0 27A600AC */  addiu   $a2, $sp, 0x00AC           ## $a2 = FFFFFFCC
/* 00A44 808717F4 02E03825 */  or      $a3, $s7, $zero            ## $a3 = FFFFFFD4
/* 00A48 808717F8 46105480 */  add.s   $f18, $f10, $f16           
/* 00A4C 808717FC E7B200B8 */  swc1    $f18, 0x00B8($sp)          
/* 00A50 80871800 C6A4002C */  lwc1    $f4, 0x002C($s5)           ## 0000002C
/* 00A54 80871804 46062200 */  add.s   $f8, $f4, $f6              
/* 00A58 80871808 0C03102D */  jal     func_800C40B4              
/* 00A5C 8087180C E7A800BC */  swc1    $f8, 0x00BC($sp)           
/* 00A60 80871810 3C01C6FA */  lui     $at, 0xC6FA                ## $at = C6FA0000
/* 00A64 80871814 44815000 */  mtc1    $at, $f10                  ## $f10 = -32000.00
/* 00A68 80871818 02402025 */  or      $a0, $s2, $zero            ## $a0 = 00000830
/* 00A6C 8087181C 8FA500B0 */  lw      $a1, 0x00B0($sp)           
/* 00A70 80871820 460A0032 */  c.eq.s  $f0, $f10                  
/* 00A74 80871824 00000000 */  nop
/* 00A78 80871828 4503004D */  bc1tl   .L80871960                 
/* 00A7C 8087182C 26310001 */  addiu   $s1, $s1, 0x0001           ## $s1 = 00000001
/* 00A80 80871830 0C032675 */  jal     func_800C99D4              
/* 00A84 80871834 8FA600AC */  lw      $a2, 0x00AC($sp)           
/* 00A88 80871838 00408025 */  or      $s0, $v0, $zero            ## $s0 = 00000000
/* 00A8C 8087183C 02402025 */  or      $a0, $s2, $zero            ## $a0 = 00000830
/* 00A90 80871840 02C02825 */  or      $a1, $s6, $zero            ## $a1 = FFFFFFD0
/* 00A94 80871844 0C030FE8 */  jal     func_800C3FA0              
/* 00A98 80871848 02E03025 */  or      $a2, $s7, $zero            ## $a2 = FFFFFFD4
/* 00A9C 8087184C 121E0006 */  beq     $s0, $s8, .L80871868       
/* 00AA0 80871850 46000506 */  mov.s   $f20, $f0                  
/* 00AA4 80871854 2401000F */  addiu   $at, $zero, 0x000F         ## $at = 0000000F
/* 00AA8 80871858 12010003 */  beq     $s0, $at, .L80871868       
/* 00AAC 8087185C 2401000E */  addiu   $at, $zero, 0x000E         ## $at = 0000000E
/* 00AB0 80871860 5601003F */  bnel    $s0, $at, .L80871960       
/* 00AB4 80871864 26310001 */  addiu   $s1, $s1, 0x0001           ## $s1 = 00000002
.L80871868:
/* 00AB8 80871868 161E000A */  bne     $s0, $s8, .L80871894       
/* 00ABC 8087186C 4600B306 */  mov.s   $f12, $f22                 
/* 00AC0 80871870 3C0F8087 */  lui     $t7, %hi(D_80872E90)       ## $t7 = 80870000
/* 00AC4 80871874 25EF2E90 */  addiu   $t7, $t7, %lo(D_80872E90)  ## $t7 = 80872E90
/* 00AC8 80871878 8DF90000 */  lw      $t9, 0x0000($t7)           ## 80872E90
/* 00ACC 8087187C 3C088087 */  lui     $t0, %hi(D_80872E90)       ## $t0 = 80870000
/* 00AD0 80871880 25082E90 */  addiu   $t0, $t0, %lo(D_80872E90)  ## $t0 = 80872E90
/* 00AD4 80871884 AE790000 */  sw      $t9, 0x0000($s3)           ## FFFFFFA4
/* 00AD8 80871888 8D0A0000 */  lw      $t2, 0x0000($t0)           ## 80872E90
/* 00ADC 8087188C 10000009 */  beq     $zero, $zero, .L808718B4   
/* 00AE0 80871890 AE8A0000 */  sw      $t2, 0x0000($s4)           ## FFFFFFA0
.L80871894:
/* 00AE4 80871894 3C0B8087 */  lui     $t3, %hi(D_80872E94)       ## $t3 = 80870000
/* 00AE8 80871898 256B2E94 */  addiu   $t3, $t3, %lo(D_80872E94)  ## $t3 = 80872E94
/* 00AEC 8087189C 8D6C0000 */  lw      $t4, 0x0000($t3)           ## 80872E94
/* 00AF0 808718A0 3C0E8087 */  lui     $t6, %hi(D_80872E94)       ## $t6 = 80870000
/* 00AF4 808718A4 25CE2E94 */  addiu   $t6, $t6, %lo(D_80872E94)  ## $t6 = 80872E94
/* 00AF8 808718A8 AE6C0000 */  sw      $t4, 0x0000($s3)           ## FFFFFFA4
/* 00AFC 808718AC 8DD80000 */  lw      $t8, 0x0000($t6)           ## 80872E94
/* 00B00 808718B0 AE980000 */  sw      $t8, 0x0000($s4)           ## FFFFFFA0
.L808718B4:
/* 00B04 808718B4 0C060704 */  jal     func_80181C10              
/* 00B08 808718B8 27A50094 */  addiu   $a1, $sp, 0x0094           ## $a1 = FFFFFFB4
/* 00B0C 808718BC 3C014000 */  lui     $at, 0x4000                ## $at = 40000000
/* 00B10 808718C0 44818000 */  mtc1    $at, $f16                  ## $f16 = 2.00
/* 00B14 808718C4 3C018087 */  lui     $at, %hi(D_808743D0)       ## $at = 80870000
/* 00B18 808718C8 C43243D0 */  lwc1    $f18, %lo(D_808743D0)($at) 
/* 00B1C 808718CC C7A400B4 */  lwc1    $f4, 0x00B4($sp)           
/* 00B20 808718D0 C7A600BC */  lwc1    $f6, 0x00BC($sp)           
/* 00B24 808718D4 3C01437A */  lui     $at, 0x437A                ## $at = 437A0000
/* 00B28 808718D8 44816000 */  mtc1    $at, $f12                  ## $f12 = 250.00
/* 00B2C 808718DC E7B80090 */  swc1    $f24, 0x0090($sp)          
/* 00B30 808718E0 E7B80088 */  swc1    $f24, 0x0088($sp)          
/* 00B34 808718E4 E7B400A4 */  swc1    $f20, 0x00A4($sp)          
/* 00B38 808718E8 E7B00098 */  swc1    $f16, 0x0098($sp)          
/* 00B3C 808718EC E7B2008C */  swc1    $f18, 0x008C($sp)          
/* 00B40 808718F0 E7A400A0 */  swc1    $f4, 0x00A0($sp)           
/* 00B44 808718F4 0C05E565 */  jal     func_80179594              
/* 00B48 808718F8 E7A600A8 */  swc1    $f6, 0x00A8($sp)           
/* 00B4C 808718FC 46000506 */  mov.s   $f20, $f0                  
/* 00B50 80871900 0C05E565 */  jal     func_80179594              
/* 00B54 80871904 4600B306 */  mov.s   $f12, $f22                 
/* 00B58 80871908 3C018087 */  lui     $at, %hi(D_808743D4)       ## $at = 80870000
/* 00B5C 8087190C C42843D4 */  lwc1    $f8, %lo(D_808743D4)($at)  
/* 00B60 80871910 3C014160 */  lui     $at, 0x4160                ## $at = 41600000
/* 00B64 80871914 44819000 */  mtc1    $at, $f18                  ## $f18 = 14.00
/* 00B68 80871918 4608A280 */  add.s   $f10, $f20, $f8            
/* 00B6C 8087191C 2409000A */  addiu   $t1, $zero, 0x000A         ## $t1 = 0000000A
/* 00B70 80871920 AFA9001C */  sw      $t1, 0x001C($sp)           
/* 00B74 80871924 46120100 */  add.s   $f4, $f0, $f18             
/* 00B78 80871928 8FA400E4 */  lw      $a0, 0x00E4($sp)           
/* 00B7C 8087192C 27A500A0 */  addiu   $a1, $sp, 0x00A0           ## $a1 = FFFFFFC0
/* 00B80 80871930 4600540D */  trunc.w.s $f16, $f10                 
/* 00B84 80871934 27A60094 */  addiu   $a2, $sp, 0x0094           ## $a2 = FFFFFFB4
/* 00B88 80871938 27A70088 */  addiu   $a3, $sp, 0x0088           ## $a3 = FFFFFFA8
/* 00B8C 8087193C 4600218D */  trunc.w.s $f6, $f4                   
/* 00B90 80871940 44088000 */  mfc1    $t0, $f16                  
/* 00B94 80871944 AFB30010 */  sw      $s3, 0x0010($sp)           
/* 00B98 80871948 AFB40014 */  sw      $s4, 0x0014($sp)           
/* 00B9C 8087194C 440B3000 */  mfc1    $t3, $f6                   
/* 00BA0 80871950 AFA80018 */  sw      $t0, 0x0018($sp)           
/* 00BA4 80871954 0C02C3C6 */  jal     func_800B0F18              
/* 00BA8 80871958 AFAB0020 */  sw      $t3, 0x0020($sp)           
/* 00BAC 8087195C 26310001 */  addiu   $s1, $s1, 0x0001           ## $s1 = 00000003
.L80871960:
/* 00BB0 80871960 2401000F */  addiu   $at, $zero, 0x000F         ## $at = 0000000F
/* 00BB4 80871964 5621FF7D */  bnel    $s1, $at, .L8087175C       
/* 00BB8 80871968 44912000 */  mtc1    $s1, $f4                   ## $f4 = 0.00
.L8087196C:
/* 00BBC 8087196C 8FBF006C */  lw      $ra, 0x006C($sp)           
/* 00BC0 80871970 D7B40030 */  ldc1    $f20, 0x0030($sp)          
/* 00BC4 80871974 D7B60038 */  ldc1    $f22, 0x0038($sp)          
/* 00BC8 80871978 D7B80040 */  ldc1    $f24, 0x0040($sp)          
/* 00BCC 8087197C 8FB00048 */  lw      $s0, 0x0048($sp)           
/* 00BD0 80871980 8FB1004C */  lw      $s1, 0x004C($sp)           
/* 00BD4 80871984 8FB20050 */  lw      $s2, 0x0050($sp)           
/* 00BD8 80871988 8FB30054 */  lw      $s3, 0x0054($sp)           
/* 00BDC 8087198C 8FB40058 */  lw      $s4, 0x0058($sp)           
/* 00BE0 80871990 8FB5005C */  lw      $s5, 0x005C($sp)           
/* 00BE4 80871994 8FB60060 */  lw      $s6, 0x0060($sp)           
/* 00BE8 80871998 8FB70064 */  lw      $s7, 0x0064($sp)           
/* 00BEC 8087199C 8FBE0068 */  lw      $s8, 0x0068($sp)           
/* 00BF0 808719A0 03E00008 */  jr      $ra                        
/* 00BF4 808719A4 27BD00E0 */  addiu   $sp, $sp, 0x00E0           ## $sp = 00000000


glabel func_808719A8
/* 00BF8 808719A8 27BDFF50 */  addiu   $sp, $sp, 0xFF50           ## $sp = FFFFFF50
/* 00BFC 808719AC AFB00030 */  sw      $s0, 0x0030($sp)           
/* 00C00 808719B0 00808025 */  or      $s0, $a0, $zero            ## $s0 = 00000000
/* 00C04 808719B4 AFBF0034 */  sw      $ra, 0x0034($sp)           
/* 00C08 808719B8 3C0F8087 */  lui     $t7, %hi(D_80872EA0)       ## $t7 = 80870000
/* 00C0C 808719BC 25EF2EA0 */  addiu   $t7, $t7, %lo(D_80872EA0)  ## $t7 = 80872EA0
/* 00C10 808719C0 8DF90000 */  lw      $t9, 0x0000($t7)           ## 80872EA0
/* 00C14 808719C4 27AE00A4 */  addiu   $t6, $sp, 0x00A4           ## $t6 = FFFFFFF4
/* 00C18 808719C8 8DF80004 */  lw      $t8, 0x0004($t7)           ## 80872EA4
/* 00C1C 808719CC ADD90000 */  sw      $t9, 0x0000($t6)           ## FFFFFFF4
/* 00C20 808719D0 8DF90008 */  lw      $t9, 0x0008($t7)           ## 80872EA8
/* 00C24 808719D4 3C0B8087 */  lui     $t3, %hi(D_80872EAC)       ## $t3 = 80870000
/* 00C28 808719D8 256B2EAC */  addiu   $t3, $t3, %lo(D_80872EAC)  ## $t3 = 80872EAC
/* 00C2C 808719DC ADD80004 */  sw      $t8, 0x0004($t6)           ## FFFFFFF8
/* 00C30 808719E0 ADD90008 */  sw      $t9, 0x0008($t6)           ## FFFFFFFC
/* 00C34 808719E4 8D6D0000 */  lw      $t5, 0x0000($t3)           ## 80872EAC
/* 00C38 808719E8 27AA0098 */  addiu   $t2, $sp, 0x0098           ## $t2 = FFFFFFE8
/* 00C3C 808719EC 8D6C0004 */  lw      $t4, 0x0004($t3)           ## 80872EB0
/* 00C40 808719F0 AD4D0000 */  sw      $t5, 0x0000($t2)           ## FFFFFFE8
/* 00C44 808719F4 8D6D0008 */  lw      $t5, 0x0008($t3)           ## 80872EB4
/* 00C48 808719F8 3C0F8087 */  lui     $t7, %hi(D_80872EB8)       ## $t7 = 80870000
/* 00C4C 808719FC 25EF2EB8 */  addiu   $t7, $t7, %lo(D_80872EB8)  ## $t7 = 80872EB8
/* 00C50 80871A00 AD4C0004 */  sw      $t4, 0x0004($t2)           ## FFFFFFEC
/* 00C54 80871A04 AD4D0008 */  sw      $t5, 0x0008($t2)           ## FFFFFFF0
/* 00C58 80871A08 8DF90000 */  lw      $t9, 0x0000($t7)           ## 80872EB8
/* 00C5C 80871A0C 27AE008C */  addiu   $t6, $sp, 0x008C           ## $t6 = FFFFFFDC
/* 00C60 80871A10 8DF80004 */  lw      $t8, 0x0004($t7)           ## 80872EBC
/* 00C64 80871A14 ADD90000 */  sw      $t9, 0x0000($t6)           ## FFFFFFDC
/* 00C68 80871A18 8DF90008 */  lw      $t9, 0x0008($t7)           ## 80872EC0
/* 00C6C 80871A1C 3C0B8087 */  lui     $t3, %hi(D_80872EC4)       ## $t3 = 80870000
/* 00C70 80871A20 256B2EC4 */  addiu   $t3, $t3, %lo(D_80872EC4)  ## $t3 = 80872EC4
/* 00C74 80871A24 ADD80004 */  sw      $t8, 0x0004($t6)           ## FFFFFFE0
/* 00C78 80871A28 ADD90008 */  sw      $t9, 0x0008($t6)           ## FFFFFFE4
/* 00C7C 80871A2C 8D6D0000 */  lw      $t5, 0x0000($t3)           ## 80872EC4
/* 00C80 80871A30 27AA0074 */  addiu   $t2, $sp, 0x0074           ## $t2 = FFFFFFC4
/* 00C84 80871A34 8D6C0004 */  lw      $t4, 0x0004($t3)           ## 80872EC8
/* 00C88 80871A38 AD4D0000 */  sw      $t5, 0x0000($t2)           ## FFFFFFC4
/* 00C8C 80871A3C 8D6D0008 */  lw      $t5, 0x0008($t3)           ## 80872ECC
/* 00C90 80871A40 3C0E8087 */  lui     $t6, %hi(D_80872ED0)       ## $t6 = 80870000
/* 00C94 80871A44 AD4C0004 */  sw      $t4, 0x0004($t2)           ## FFFFFFC8
/* 00C98 80871A48 AD4D0008 */  sw      $t5, 0x0008($t2)           ## FFFFFFCC
/* 00C9C 80871A4C 8DCE2ED0 */  lw      $t6, %lo(D_80872ED0)($t6)  
/* 00CA0 80871A50 00A02025 */  or      $a0, $a1, $zero            ## $a0 = 00000000
/* 00CA4 80871A54 AFAE0070 */  sw      $t6, 0x0070($sp)           
/* 00CA8 80871A58 8CA21CCC */  lw      $v0, 0x1CCC($a1)           ## 00001CCC
/* 00CAC 80871A5C 8C4F0A6C */  lw      $t7, 0x0A6C($v0)           ## 00000A6C
/* 00CB0 80871A60 31F80002 */  andi    $t8, $t7, 0x0002           ## $t8 = 00000000
/* 00CB4 80871A64 5700021F */  bnel    $t8, $zero, .L808722E4     
/* 00CB8 80871A68 8FBF0034 */  lw      $ra, 0x0034($sp)           
/* 00CBC 80871A6C 0C04900F */  jal     func_8012403C              
/* 00CC0 80871A70 AFA500B4 */  sw      $a1, 0x00B4($sp)           
/* 00CC4 80871A74 24010014 */  addiu   $at, $zero, 0x0014         ## $at = 00000014
/* 00CC8 80871A78 54410006 */  bnel    $v0, $at, .L80871A94       
/* 00CCC 80871A7C 920201FC */  lbu     $v0, 0x01FC($s0)           ## 000001FC
/* 00CD0 80871A80 0C02D9C3 */  jal     func_800B670C              
/* 00CD4 80871A84 02002025 */  or      $a0, $s0, $zero            ## $a0 = 00000000
/* 00CD8 80871A88 10000216 */  beq     $zero, $zero, .L808722E4   
/* 00CDC 80871A8C 8FBF0034 */  lw      $ra, 0x0034($sp)           
/* 00CE0 80871A90 920201FC */  lbu     $v0, 0x01FC($s0)           ## 000001FC
.L80871A94:
/* 00CE4 80871A94 3C018087 */  lui     $at, %hi(D_808743D8)       ## $at = 80870000
/* 00CE8 80871A98 50400022 */  beql    $v0, $zero, .L80871B24     
/* 00CEC 80871A9C 860301F0 */  lh      $v1, 0x01F0($s0)           ## 000001F0
/* 00CF0 80871AA0 3C013F80 */  lui     $at, 0x3F80                ## $at = 3F800000
/* 00CF4 80871AA4 44810000 */  mtc1    $at, $f0                   ## $f0 = 1.00
/* 00CF8 80871AA8 2459FFFF */  addiu   $t9, $v0, 0xFFFF           ## $t9 = FFFFFFFF
/* 00CFC 80871AAC A21901FC */  sb      $t9, 0x01FC($s0)           ## 000001FC
/* 00D00 80871AB0 44050000 */  mfc1    $a1, $f0                   
/* 00D04 80871AB4 44060000 */  mfc1    $a2, $f0                   
/* 00D08 80871AB8 0C03FF9A */  jal     func_800FFE68              
/* 00D0C 80871ABC 26040070 */  addiu   $a0, $s0, 0x0070           ## $a0 = 00000070
/* 00D10 80871AC0 0C02DAA2 */  jal     func_800B6A88              
/* 00D14 80871AC4 02002025 */  or      $a0, $s0, $zero            ## $a0 = 00000000
/* 00D18 80871AC8 3C014210 */  lui     $at, 0x4210                ## $at = 42100000
/* 00D1C 80871ACC 44812000 */  mtc1    $at, $f4                   ## $f4 = 36.00
/* 00D20 80871AD0 240A0004 */  addiu   $t2, $zero, 0x0004         ## $t2 = 00000004
/* 00D24 80871AD4 AFAA0014 */  sw      $t2, 0x0014($sp)           
/* 00D28 80871AD8 8FA400B4 */  lw      $a0, 0x00B4($sp)           
/* 00D2C 80871ADC 02002825 */  or      $a1, $s0, $zero            ## $a1 = 00000000
/* 00D30 80871AE0 3C06420C */  lui     $a2, 0x420C                ## $a2 = 420C0000
/* 00D34 80871AE4 3C074120 */  lui     $a3, 0x4120                ## $a3 = 41200000
/* 00D38 80871AE8 0C02DE2E */  jal     func_800B78B8              
/* 00D3C 80871AEC E7A40010 */  swc1    $f4, 0x0010($sp)           
/* 00D40 80871AF0 920B01FC */  lbu     $t3, 0x01FC($s0)           ## 000001FC
/* 00D44 80871AF4 556001FB */  bnel    $t3, $zero, .L808722E4     
/* 00D48 80871AF8 8FBF0034 */  lw      $ra, 0x0034($sp)           
/* 00D4C 80871AFC 920C01F9 */  lbu     $t4, 0x01F9($s0)           ## 000001F9
/* 00D50 80871B00 3C01801F */  lui     $at, 0x801F                ## $at = 801F0000
/* 00D54 80871B04 11800002 */  beq     $t4, $zero, .L80871B10     
/* 00D58 80871B08 00000000 */  nop
/* 00D5C 80871B0C A4203314 */  sh      $zero, 0x3314($at)         ## 801F3314
.L80871B10:
/* 00D60 80871B10 0C02D9C3 */  jal     func_800B670C              
/* 00D64 80871B14 02002025 */  or      $a0, $s0, $zero            ## $a0 = 00000000
/* 00D68 80871B18 100001F2 */  beq     $zero, $zero, .L808722E4   
/* 00D6C 80871B1C 8FBF0034 */  lw      $ra, 0x0034($sp)           
/* 00D70 80871B20 860301F0 */  lh      $v1, 0x01F0($s0)           ## 000001F0
.L80871B24:
/* 00D74 80871B24 C42643D8 */  lwc1    $f6, %lo(D_808743D8)($at)  
/* 00D78 80871B28 10600010 */  beq     $v1, $zero, .L80871B6C     
/* 00D7C 80871B2C E6060074 */  swc1    $f6, 0x0074($s0)           ## 00000074
/* 00D80 80871B30 920D01F9 */  lbu     $t5, 0x01F9($s0)           ## 000001F9
/* 00D84 80871B34 51A0000C */  beql    $t5, $zero, .L80871B68     
/* 00D88 80871B38 2478FFFF */  addiu   $t8, $v1, 0xFFFF           ## $t8 = FFFFFFFF
/* 00D8C 80871B3C 8E0E0200 */  lw      $t6, 0x0200($s0)           ## 00000200
/* 00D90 80871B40 3C0F8087 */  lui     $t7, %hi(func_808715B8)    ## $t7 = 80870000
/* 00D94 80871B44 25EF15B8 */  addiu   $t7, $t7, %lo(func_808715B8) ## $t7 = 808715B8
/* 00D98 80871B48 51CF0007 */  beql    $t6, $t7, .L80871B68       
/* 00D9C 80871B4C 2478FFFF */  addiu   $t8, $v1, 0xFFFF           ## $t8 = FFFFFFFF
/* 00DA0 80871B50 0C05A433 */  jal     func_801690CC              
/* 00DA4 80871B54 8FA400B4 */  lw      $a0, 0x00B4($sp)           
/* 00DA8 80871B58 54400005 */  bnel    $v0, $zero, .L80871B70     
/* 00DAC 80871B5C 920201F9 */  lbu     $v0, 0x01F9($s0)           ## 000001F9
/* 00DB0 80871B60 860301F0 */  lh      $v1, 0x01F0($s0)           ## 000001F0
/* 00DB4 80871B64 2478FFFF */  addiu   $t8, $v1, 0xFFFF           ## $t8 = FFFFFFFF
.L80871B68:
/* 00DB8 80871B68 A61801F0 */  sh      $t8, 0x01F0($s0)           ## 000001F0
.L80871B6C:
/* 00DBC 80871B6C 920201F9 */  lbu     $v0, 0x01F9($s0)           ## 000001F9
.L80871B70:
/* 00DC0 80871B70 14400005 */  bne     $v0, $zero, .L80871B88     
/* 00DC4 80871B74 00000000 */  nop
/* 00DC8 80871B78 861901F0 */  lh      $t9, 0x01F0($s0)           ## 000001F0
/* 00DCC 80871B7C 24010043 */  addiu   $at, $zero, 0x0043         ## $at = 00000043
/* 00DD0 80871B80 53210007 */  beql    $t9, $at, .L80871BA0       
/* 00DD4 80871B84 02002025 */  or      $a0, $s0, $zero            ## $a0 = 00000000
.L80871B88:
/* 00DD8 80871B88 5040000F */  beql    $v0, $zero, .L80871BC8     
/* 00DDC 80871B8C 3C0141A0 */  lui     $at, 0x41A0                ## $at = 41A00000
/* 00DE0 80871B90 860A01F0 */  lh      $t2, 0x01F0($s0)           ## 000001F0
/* 00DE4 80871B94 29410961 */  slti    $at, $t2, 0x0961           
/* 00DE8 80871B98 1020000A */  beq     $at, $zero, .L80871BC4     
/* 00DEC 80871B9C 02002025 */  or      $a0, $s0, $zero            ## $a0 = 00000000
.L80871BA0:
/* 00DF0 80871BA0 0C02E3B2 */  jal     func_800B8EC8              
/* 00DF4 80871BA4 24050834 */  addiu   $a1, $zero, 0x0834         ## $a1 = 00000834
/* 00DF8 80871BA8 920B01F9 */  lbu     $t3, 0x01F9($s0)           ## 000001F9
/* 00DFC 80871BAC 3C058087 */  lui     $a1, %hi(D_80872DC0)       ## $a1 = 80870000
/* 00E00 80871BB0 02002025 */  or      $a0, $s0, $zero            ## $a0 = 00000000
/* 00E04 80871BB4 000B6080 */  sll     $t4, $t3,  2               
/* 00E08 80871BB8 00AC2821 */  addu    $a1, $a1, $t4              
/* 00E0C 80871BBC 0C02D9F8 */  jal     func_800B67E0              
/* 00E10 80871BC0 8CA52DC0 */  lw      $a1, %lo(D_80872DC0)($a1)  
.L80871BC4:
/* 00E14 80871BC4 3C0141A0 */  lui     $at, 0x41A0                ## $at = 41A00000
.L80871BC8:
/* 00E18 80871BC8 44815000 */  mtc1    $at, $f10                  ## $f10 = 20.00
/* 00E1C 80871BCC C6080098 */  lwc1    $f8, 0x0098($s0)           ## 00000098
/* 00E20 80871BD0 240D0001 */  addiu   $t5, $zero, 0x0001         ## $t5 = 00000001
/* 00E24 80871BD4 4608503E */  c.le.s  $f10, $f8                  
/* 00E28 80871BD8 00000000 */  nop
/* 00E2C 80871BDC 4503000A */  bc1tl   .L80871C08                 
/* 00E30 80871BE0 A20D01F8 */  sb      $t5, 0x01F8($s0)           ## 000001F8
/* 00E34 80871BE4 C600009C */  lwc1    $f0, 0x009C($s0)           ## 0000009C
/* 00E38 80871BE8 3C0142A0 */  lui     $at, 0x42A0                ## $at = 42A00000
/* 00E3C 80871BEC 44818000 */  mtc1    $at, $f16                  ## $f16 = 80.00
/* 00E40 80871BF0 46000005 */  abs.s   $f0, $f0                   
/* 00E44 80871BF4 4600803E */  c.le.s  $f16, $f0                  
/* 00E48 80871BF8 00000000 */  nop
/* 00E4C 80871BFC 45020003 */  bc1fl   .L80871C0C                 
/* 00E50 80871C00 8E190200 */  lw      $t9, 0x0200($s0)           ## 00000200
/* 00E54 80871C04 A20D01F8 */  sb      $t5, 0x01F8($s0)           ## 000001F8
.L80871C08:
/* 00E58 80871C08 8E190200 */  lw      $t9, 0x0200($s0)           ## 00000200
.L80871C0C:
/* 00E5C 80871C0C 02002025 */  or      $a0, $s0, $zero            ## $a0 = 00000000
/* 00E60 80871C10 8FA500B4 */  lw      $a1, 0x00B4($sp)           
/* 00E64 80871C14 0320F809 */  jalr    $ra, $t9                   
/* 00E68 80871C18 00000000 */  nop
/* 00E6C 80871C1C 3C014210 */  lui     $at, 0x4210                ## $at = 42100000
/* 00E70 80871C20 44819000 */  mtc1    $at, $f18                  ## $f18 = 36.00
/* 00E74 80871C24 240E001F */  addiu   $t6, $zero, 0x001F         ## $t6 = 0000001F
/* 00E78 80871C28 AFAE0014 */  sw      $t6, 0x0014($sp)           
/* 00E7C 80871C2C 8FA400B4 */  lw      $a0, 0x00B4($sp)           
/* 00E80 80871C30 02002825 */  or      $a1, $s0, $zero            ## $a1 = 00000000
/* 00E84 80871C34 3C06420C */  lui     $a2, 0x420C                ## $a2 = 420C0000
/* 00E88 80871C38 3C074120 */  lui     $a3, 0x4120                ## $a3 = 41200000
/* 00E8C 80871C3C 0C02DE2E */  jal     func_800B78B8              
/* 00E90 80871C40 E7B20010 */  swc1    $f18, 0x0010($sp)          
/* 00E94 80871C44 860F001C */  lh      $t7, 0x001C($s0)           ## 0000001C
/* 00E98 80871C48 3C0B8087 */  lui     $t3, %hi(D_80872ED4)       ## $t3 = 80870000
/* 00E9C 80871C4C 256B2ED4 */  addiu   $t3, $t3, %lo(D_80872ED4)  ## $t3 = 80872ED4
/* 00EA0 80871C50 15E0010F */  bne     $t7, $zero, .L80872090     
/* 00EA4 80871C54 3C018087 */  lui     $at, %hi(D_808743DC)       ## $at = 80870000
/* 00EA8 80871C58 921801F9 */  lbu     $t8, 0x01F9($s0)           ## 000001F9
/* 00EAC 80871C5C C42443DC */  lwc1    $f4, %lo(D_808743DC)($at)  
/* 00EB0 80871C60 27A40080 */  addiu   $a0, $sp, 0x0080           ## $a0 = FFFFFFD0
/* 00EB4 80871C64 00185080 */  sll     $t2, $t8,  2               
/* 00EB8 80871C68 01585023 */  subu    $t2, $t2, $t8              
/* 00EBC 80871C6C 000A5040 */  sll     $t2, $t2,  1               
/* 00EC0 80871C70 014B6021 */  addu    $t4, $t2, $t3              
/* 00EC4 80871C74 AFAC0060 */  sw      $t4, 0x0060($sp)           
/* 00EC8 80871C78 26050008 */  addiu   $a1, $s0, 0x0008           ## $a1 = 00000008
/* 00ECC 80871C7C 0C03FD43 */  jal     func_800FF50C              
/* 00ED0 80871C80 E7A40078 */  swc1    $f4, 0x0078($sp)           
/* 00ED4 80871C84 8FAD00B4 */  lw      $t5, 0x00B4($sp)           
/* 00ED8 80871C88 3C190002 */  lui     $t9, 0x0002                ## $t9 = 00020000
/* 00EDC 80871C8C 02002825 */  or      $a1, $s0, $zero            ## $a1 = 00000000
/* 00EE0 80871C90 032DC821 */  addu    $t9, $t9, $t5              
/* 00EE4 80871C94 8F398840 */  lw      $t9, -0x77C0($t9)          ## 00018840
/* 00EE8 80871C98 27A60080 */  addiu   $a2, $sp, 0x0080           ## $a2 = FFFFFFD0
/* 00EEC 80871C9C 27A700A4 */  addiu   $a3, $sp, 0x00A4           ## $a3 = FFFFFFF4
/* 00EF0 80871CA0 332E0001 */  andi    $t6, $t9, 0x0001           ## $t6 = 00000000
/* 00EF4 80871CA4 15C00004 */  bne     $t6, $zero, .L80871CB8     
/* 00EF8 80871CA8 01A02025 */  or      $a0, $t5, $zero            ## $a0 = 00000000
/* 00EFC 80871CAC 27AF008C */  addiu   $t7, $sp, 0x008C           ## $t7 = FFFFFFDC
/* 00F00 80871CB0 0C02C71C */  jal     func_800B1C70              
/* 00F04 80871CB4 AFAF0010 */  sw      $t7, 0x0010($sp)           
.L80871CB8:
/* 00F08 80871CB8 921801F9 */  lbu     $t8, 0x01F9($s0)           ## 000001F9
/* 00F0C 80871CBC 2405105B */  addiu   $a1, $zero, 0x105B         ## $a1 = 0000105B
/* 00F10 80871CC0 02002025 */  or      $a0, $s0, $zero            ## $a0 = 00000000
/* 00F14 80871CC4 13000012 */  beq     $t8, $zero, .L80871D10     
/* 00F18 80871CC8 00000000 */  nop
/* 00F1C 80871CCC 860201F2 */  lh      $v0, 0x01F2($s0)           ## 000001F2
/* 00F20 80871CD0 24010007 */  addiu   $at, $zero, 0x0007         ## $at = 00000007
/* 00F24 80871CD4 260400EC */  addiu   $a0, $s0, 0x00EC           ## $a0 = 000000EC
/* 00F28 80871CD8 54410004 */  bnel    $v0, $at, .L80871CEC       
/* 00F2C 80871CDC 24010003 */  addiu   $at, $zero, 0x0003         ## $at = 00000003
/* 00F30 80871CE0 10000007 */  beq     $zero, $zero, .L80871D00   
/* 00F34 80871CE4 00001025 */  or      $v0, $zero, $zero          ## $v0 = 00000000
/* 00F38 80871CE8 24010003 */  addiu   $at, $zero, 0x0003         ## $at = 00000003
.L80871CEC:
/* 00F3C 80871CEC 14410003 */  bne     $v0, $at, .L80871CFC       
/* 00F40 80871CF0 24030002 */  addiu   $v1, $zero, 0x0002         ## $v1 = 00000002
/* 00F44 80871CF4 10000001 */  beq     $zero, $zero, .L80871CFC   
/* 00F48 80871CF8 24030001 */  addiu   $v1, $zero, 0x0001         ## $v1 = 00000001
.L80871CFC:
/* 00F4C 80871CFC 00601025 */  or      $v0, $v1, $zero            ## $v0 = 00000001
.L80871D00:
/* 00F50 80871D00 0C068204 */  jal     func_801A0810              
/* 00F54 80871D04 304600FF */  andi    $a2, $v0, 0x00FF           ## $a2 = 00000001
/* 00F58 80871D08 10000004 */  beq     $zero, $zero, .L80871D1C   
/* 00F5C 80871D0C 3C014040 */  lui     $at, 0x4040                ## $at = 40400000
.L80871D10:
/* 00F60 80871D10 0C02E3B2 */  jal     func_800B8EC8              
/* 00F64 80871D14 2405100D */  addiu   $a1, $zero, 0x100D         ## $a1 = 0000100D
/* 00F68 80871D18 3C014040 */  lui     $at, 0x4040                ## $at = 40400000
.L80871D1C:
/* 00F6C 80871D1C 44814000 */  mtc1    $at, $f8                   ## $f8 = 3.00
/* 00F70 80871D20 C7A60084 */  lwc1    $f6, 0x0084($sp)           
/* 00F74 80871D24 27A20070 */  addiu   $v0, $sp, 0x0070           ## $v0 = FFFFFFC0
/* 00F78 80871D28 240A0032 */  addiu   $t2, $zero, 0x0032         ## $t2 = 00000032
/* 00F7C 80871D2C 46083280 */  add.s   $f10, $f6, $f8             
/* 00F80 80871D30 240B0005 */  addiu   $t3, $zero, 0x0005         ## $t3 = 00000005
/* 00F84 80871D34 AFAB001C */  sw      $t3, 0x001C($sp)           
/* 00F88 80871D38 AFAA0018 */  sw      $t2, 0x0018($sp)           
/* 00F8C 80871D3C E7AA0084 */  swc1    $f10, 0x0084($sp)          
/* 00F90 80871D40 AFA20010 */  sw      $v0, 0x0010($sp)           
/* 00F94 80871D44 AFA20014 */  sw      $v0, 0x0014($sp)           
/* 00F98 80871D48 8FA400B4 */  lw      $a0, 0x00B4($sp)           
/* 00F9C 80871D4C 27A50080 */  addiu   $a1, $sp, 0x0080           ## $a1 = FFFFFFD0
/* 00FA0 80871D50 27A600A4 */  addiu   $a2, $sp, 0x00A4           ## $a2 = FFFFFFF4
/* 00FA4 80871D54 0C02C378 */  jal     func_800B0DE0              
/* 00FA8 80871D58 27A70074 */  addiu   $a3, $sp, 0x0074           ## $a3 = FFFFFFC4
/* 00FAC 80871D5C 920C0155 */  lbu     $t4, 0x0155($s0)           ## 00000155
/* 00FB0 80871D60 31990002 */  andi    $t9, $t4, 0x0002           ## $t9 = 00000000
/* 00FB4 80871D64 5720000D */  bnel    $t9, $zero, .L80871D9C     
/* 00FB8 80871D68 A60001F0 */  sh      $zero, 0x01F0($s0)         ## 000001F0
/* 00FBC 80871D6C 920E0156 */  lbu     $t6, 0x0156($s0)           ## 00000156
/* 00FC0 80871D70 31CD0002 */  andi    $t5, $t6, 0x0002           ## $t5 = 00000000
/* 00FC4 80871D74 51A0000C */  beql    $t5, $zero, .L80871DA8     
/* 00FC8 80871D78 861801F0 */  lh      $t8, 0x01F0($s0)           ## 000001F0
/* 00FCC 80871D7C 8E0F0150 */  lw      $t7, 0x0150($s0)           ## 00000150
/* 00FD0 80871D80 24010005 */  addiu   $at, $zero, 0x0005         ## $at = 00000005
/* 00FD4 80871D84 91E20002 */  lbu     $v0, 0x0002($t7)           ## 00000002
/* 00FD8 80871D88 10410003 */  beq     $v0, $at, .L80871D98       
/* 00FDC 80871D8C 24010009 */  addiu   $at, $zero, 0x0009         ## $at = 00000009
/* 00FE0 80871D90 54410005 */  bnel    $v0, $at, .L80871DA8       
/* 00FE4 80871D94 861801F0 */  lh      $t8, 0x01F0($s0)           ## 000001F0
.L80871D98:
/* 00FE8 80871D98 A60001F0 */  sh      $zero, 0x01F0($s0)         ## 000001F0
.L80871D9C:
/* 00FEC 80871D9C 1000000C */  beq     $zero, $zero, .L80871DD0   
/* 00FF0 80871DA0 A60000C0 */  sh      $zero, 0x00C0($s0)         ## 000000C0
/* 00FF4 80871DA4 861801F0 */  lh      $t8, 0x01F0($s0)           ## 000001F0
.L80871DA8:
/* 00FF8 80871DA8 8FA400B4 */  lw      $a0, 0x00B4($sp)           
/* 00FFC 80871DAC 26050024 */  addiu   $a1, $s0, 0x0024           ## $a1 = 00000024
/* 01000 80871DB0 2B010065 */  slti    $at, $t8, 0x0065           
/* 01004 80871DB4 14200006 */  bne     $at, $zero, .L80871DD0     
/* 01008 80871DB8 3C0641F0 */  lui     $a2, 0x41F0                ## $a2 = 41F00000
/* 0100C 80871DBC 0C048FD2 */  jal     func_80123F48              
/* 01010 80871DC0 3C074248 */  lui     $a3, 0x4248                ## $a3 = 42480000
/* 01014 80871DC4 10400002 */  beq     $v0, $zero, .L80871DD0     
/* 01018 80871DC8 240A0064 */  addiu   $t2, $zero, 0x0064         ## $t2 = 00000064
/* 0101C 80871DCC A60A01F0 */  sh      $t2, 0x01F0($s0)           ## 000001F0
.L80871DD0:
/* 01020 80871DD0 3C018087 */  lui     $at, %hi(D_808743E0)       ## $at = 80870000
/* 01024 80871DD4 C43043E0 */  lwc1    $f16, %lo(D_808743E0)($at) 
/* 01028 80871DD8 260B0024 */  addiu   $t3, $s0, 0x0024           ## $t3 = 00000024
/* 0102C 80871DDC AFAB0040 */  sw      $t3, 0x0040($sp)           
/* 01030 80871DE0 E7B00078 */  swc1    $f16, 0x0078($sp)          
/* 01034 80871DE4 8D6D0000 */  lw      $t5, 0x0000($t3)           ## 00000024
/* 01038 80871DE8 8FA20060 */  lw      $v0, 0x0060($sp)           
/* 0103C 80871DEC 27AC0080 */  addiu   $t4, $sp, 0x0080           ## $t4 = FFFFFFD0
/* 01040 80871DF0 AD8D0000 */  sw      $t5, 0x0000($t4)           ## FFFFFFD0
/* 01044 80871DF4 8D6E0004 */  lw      $t6, 0x0004($t3)           ## 00000028
/* 01048 80871DF8 3C014120 */  lui     $at, 0x4120                ## $at = 41200000
/* 0104C 80871DFC 44812000 */  mtc1    $at, $f4                   ## $f4 = 10.00
/* 01050 80871E00 AD8E0004 */  sw      $t6, 0x0004($t4)           ## FFFFFFD4
/* 01054 80871E04 8D6D0008 */  lw      $t5, 0x0008($t3)           ## 0000002C
/* 01058 80871E08 AD8D0008 */  sw      $t5, 0x0008($t4)           ## FFFFFFD8
/* 0105C 80871E0C C7B20084 */  lwc1    $f18, 0x0084($sp)          
/* 01060 80871E10 46049180 */  add.s   $f6, $f18, $f4             
/* 01064 80871E14 E7A60084 */  swc1    $f6, 0x0084($sp)           
/* 01068 80871E18 860301F0 */  lh      $v1, 0x01F0($s0)           ## 000001F0
/* 0106C 80871E1C 944F0000 */  lhu     $t7, 0x0000($v0)           ## 00000000
/* 01070 80871E20 51E30008 */  beql    $t7, $v1, .L80871E44       
/* 01074 80871E24 860A01F2 */  lh      $t2, 0x01F2($s0)           ## 000001F2
/* 01078 80871E28 94580002 */  lhu     $t8, 0x0002($v0)           ## 00000002
/* 0107C 80871E2C 24010003 */  addiu   $at, $zero, 0x0003         ## $at = 00000003
/* 01080 80871E30 53030004 */  beql    $t8, $v1, .L80871E44       
/* 01084 80871E34 860A01F2 */  lh      $t2, 0x01F2($s0)           ## 000001F2
/* 01088 80871E38 54610007 */  bnel    $v1, $at, .L80871E58       
/* 0108C 80871E3C 944C0004 */  lhu     $t4, 0x0004($v0)           ## 00000004
/* 01090 80871E40 860A01F2 */  lh      $t2, 0x01F2($s0)           ## 000001F2
.L80871E44:
/* 01094 80871E44 A60000C0 */  sh      $zero, 0x00C0($s0)         ## 000000C0
/* 01098 80871E48 860301F0 */  lh      $v1, 0x01F0($s0)           ## 000001F0
/* 0109C 80871E4C 000A5843 */  sra     $t3, $t2,  1               
/* 010A0 80871E50 A60B01F2 */  sh      $t3, 0x01F2($s0)           ## 000001F2
/* 010A4 80871E54 944C0004 */  lhu     $t4, 0x0004($v0)           ## 00000004
.L80871E58:
/* 010A8 80871E58 006C082A */  slt     $at, $v1, $t4              
/* 010AC 80871E5C 50200016 */  beql    $at, $zero, .L80871EB8     
/* 010B0 80871E60 860D01F2 */  lh      $t5, 0x01F2($s0)           ## 000001F2
/* 010B4 80871E64 860201F2 */  lh      $v0, 0x01F2($s0)           ## 000001F2
/* 010B8 80871E68 24590001 */  addiu   $t9, $v0, 0x0001           ## $t9 = 00000001
/* 010BC 80871E6C 00797024 */  and     $t6, $v1, $t9              
/* 010C0 80871E70 51C00011 */  beql    $t6, $zero, .L80871EB8     
/* 010C4 80871E74 860D01F2 */  lh      $t5, 0x01F2($s0)           ## 000001F2
/* 010C8 80871E78 44824000 */  mtc1    $v0, $f8                   ## $f8 = 0.00
/* 010CC 80871E7C 3C013F80 */  lui     $at, 0x3F80                ## $at = 3F800000
/* 010D0 80871E80 44810000 */  mtc1    $at, $f0                   ## $f0 = 1.00
/* 010D4 80871E84 468042A0 */  cvt.s.w $f10, $f8                  
/* 010D8 80871E88 3C01430C */  lui     $at, 0x430C                ## $at = 430C0000
/* 010DC 80871E8C 44811000 */  mtc1    $at, $f2                   ## $f2 = 140.00
/* 010E0 80871E90 44060000 */  mfc1    $a2, $f0                   
/* 010E4 80871E94 260401F4 */  addiu   $a0, $s0, 0x01F4           ## $a0 = 000001F4
/* 010E8 80871E98 44051000 */  mfc1    $a1, $f2                   
/* 010EC 80871E9C 460A1403 */  div.s   $f16, $f2, $f10            
/* 010F0 80871EA0 44078000 */  mfc1    $a3, $f16                  
/* 010F4 80871EA4 0C03FF7E */  jal     func_800FFDF8              
/* 010F8 80871EA8 00000000 */  nop
/* 010FC 80871EAC 1000000F */  beq     $zero, $zero, .L80871EEC   
/* 01100 80871EB0 860301F0 */  lh      $v1, 0x01F0($s0)           ## 000001F0
/* 01104 80871EB4 860D01F2 */  lh      $t5, 0x01F2($s0)           ## 000001F2
.L80871EB8:
/* 01108 80871EB8 3C013F80 */  lui     $at, 0x3F80                ## $at = 3F800000
/* 0110C 80871EBC 44810000 */  mtc1    $at, $f0                   ## $f0 = 1.00
/* 01110 80871EC0 448D9000 */  mtc1    $t5, $f18                  ## $f18 = 0.00
/* 01114 80871EC4 3C01430C */  lui     $at, 0x430C                ## $at = 430C0000
/* 01118 80871EC8 44811000 */  mtc1    $at, $f2                   ## $f2 = 140.00
/* 0111C 80871ECC 46809120 */  cvt.s.w $f4, $f18                  
/* 01120 80871ED0 44050000 */  mfc1    $a1, $f0                   
/* 01124 80871ED4 260401F4 */  addiu   $a0, $s0, 0x01F4           ## $a0 = 000001F4
/* 01128 80871ED8 46041183 */  div.s   $f6, $f2, $f4              
/* 0112C 80871EDC 44063000 */  mfc1    $a2, $f6                   
/* 01130 80871EE0 0C03FF9A */  jal     func_800FFE68              
/* 01134 80871EE4 00000000 */  nop
/* 01138 80871EE8 860301F0 */  lh      $v1, 0x01F0($s0)           ## 000001F0
.L80871EEC:
/* 0113C 80871EEC 28610003 */  slti    $at, $v1, 0x0003           
/* 01140 80871EF0 10200009 */  beq     $at, $zero, .L80871F18     
/* 01144 80871EF4 3C018087 */  lui     $at, %hi(D_808743E4)       ## $at = 80870000
/* 01148 80871EF8 C42A43E4 */  lwc1    $f10, %lo(D_808743E4)($at) 
/* 0114C 80871EFC C6080058 */  lwc1    $f8, 0x0058($s0)           ## 00000058
/* 01150 80871F00 02002025 */  or      $a0, $s0, $zero            ## $a0 = 00000000
/* 01154 80871F04 460A4400 */  add.s   $f16, $f8, $f10            
/* 01158 80871F08 44058000 */  mfc1    $a1, $f16                  
/* 0115C 80871F0C 0C02D9F8 */  jal     func_800B67E0              
/* 01160 80871F10 00000000 */  nop
/* 01164 80871F14 860301F0 */  lh      $v1, 0x01F0($s0)           ## 000001F0
.L80871F18:
/* 01168 80871F18 1460005D */  bne     $v1, $zero, .L80872090     
/* 0116C 80871F1C 8FB80040 */  lw      $t8, 0x0040($sp)           
/* 01170 80871F20 8F0B0000 */  lw      $t3, 0x0000($t8)           ## 00000000
/* 01174 80871F24 27AF0080 */  addiu   $t7, $sp, 0x0080           ## $t7 = FFFFFFD0
/* 01178 80871F28 3C014120 */  lui     $at, 0x4120                ## $at = 41200000
/* 0117C 80871F2C ADEB0000 */  sw      $t3, 0x0000($t7)           ## FFFFFFD0
/* 01180 80871F30 8F0A0004 */  lw      $t2, 0x0004($t8)           ## 00000004
/* 01184 80871F34 44812000 */  mtc1    $at, $f4                   ## $f4 = 10.00
/* 01188 80871F38 3C0C8087 */  lui     $t4, %hi(func_808715B8)    ## $t4 = 80870000
/* 0118C 80871F3C ADEA0004 */  sw      $t2, 0x0004($t7)           ## FFFFFFD4
/* 01190 80871F40 8F0B0008 */  lw      $t3, 0x0008($t8)           ## 00000008
/* 01194 80871F44 258C15B8 */  addiu   $t4, $t4, %lo(func_808715B8) ## $t4 = 808715B8
/* 01198 80871F48 02002025 */  or      $a0, $s0, $zero            ## $a0 = 00000000
/* 0119C 80871F4C ADEB0008 */  sw      $t3, 0x0008($t7)           ## FFFFFFD8
/* 011A0 80871F50 C7B20084 */  lwc1    $f18, 0x0084($sp)          
/* 011A4 80871F54 AFAC0044 */  sw      $t4, 0x0044($sp)           
/* 011A8 80871F58 8FA500B4 */  lw      $a1, 0x00B4($sp)           
/* 011AC 80871F5C 46049180 */  add.s   $f6, $f18, $f4             
/* 011B0 80871F60 0C02E27E */  jal     func_800B89F8              
/* 011B4 80871F64 E7A60084 */  swc1    $f6, 0x0084($sp)           
/* 011B8 80871F68 10400006 */  beq     $v0, $zero, .L80871F84     
/* 011BC 80871F6C 240600A2 */  addiu   $a2, $zero, 0x00A2         ## $a2 = 000000A2
/* 011C0 80871F70 3C0141F0 */  lui     $at, 0x41F0                ## $at = 41F00000
/* 011C4 80871F74 44815000 */  mtc1    $at, $f10                  ## $f10 = 30.00
/* 011C8 80871F78 C7A80084 */  lwc1    $f8, 0x0084($sp)           
/* 011CC 80871F7C 460A4400 */  add.s   $f16, $f8, $f10            
/* 011D0 80871F80 E7B00084 */  swc1    $f16, 0x0084($sp)          
.L80871F84:
/* 011D4 80871F84 3C014120 */  lui     $at, 0x4120                ## $at = 41200000
/* 011D8 80871F88 44812000 */  mtc1    $at, $f4                   ## $f4 = 10.00
/* 011DC 80871F8C C7B20084 */  lwc1    $f18, 0x0084($sp)          
/* 011E0 80871F90 C7A80088 */  lwc1    $f8, 0x0088($sp)           
/* 011E4 80871F94 AFA00018 */  sw      $zero, 0x0018($sp)         
/* 011E8 80871F98 46049181 */  sub.s   $f6, $f18, $f4             
/* 011EC 80871F9C AFA0001C */  sw      $zero, 0x001C($sp)         
/* 011F0 80871FA0 AFA00020 */  sw      $zero, 0x0020($sp)         
/* 011F4 80871FA4 E7A80014 */  swc1    $f8, 0x0014($sp)           
/* 011F8 80871FA8 E7A60010 */  swc1    $f6, 0x0010($sp)           
/* 011FC 80871FAC 8FA500B4 */  lw      $a1, 0x00B4($sp)           
/* 01200 80871FB0 921901F9 */  lbu     $t9, 0x01F9($s0)           ## 000001F9
/* 01204 80871FB4 8FA70080 */  lw      $a3, 0x0080($sp)           
/* 01208 80871FB8 24A41CA0 */  addiu   $a0, $a1, 0x1CA0           ## $a0 = 00001CA0
/* 0120C 80871FBC 0C02EB18 */  jal     func_800BAC60              
/* 01210 80871FC0 AFB90024 */  sw      $t9, 0x0024($sp)           
/* 01214 80871FC4 920301F9 */  lbu     $v1, 0x01F9($s0)           ## 000001F9
/* 01218 80871FC8 3C068087 */  lui     $a2, %hi(D_80872E98)       ## $a2 = 80870000
/* 0121C 80871FCC 3C078087 */  lui     $a3, %hi(D_80872E9C)       ## $a3 = 80870000
/* 01220 80871FD0 00031840 */  sll     $v1, $v1,  1               
/* 01224 80871FD4 00C33021 */  addu    $a2, $a2, $v1              
/* 01228 80871FD8 00E33821 */  addu    $a3, $a3, $v1              
/* 0122C 80871FDC 84E72E9C */  lh      $a3, %lo(D_80872E9C)($a3)  
/* 01230 80871FE0 84C62E98 */  lh      $a2, %lo(D_80872E98)($a2)  
/* 01234 80871FE4 02002025 */  or      $a0, $s0, $zero            ## $a0 = 00000000
/* 01238 80871FE8 0C02F212 */  jal     func_800BC848              
/* 0123C 80871FEC 8FA500B4 */  lw      $a1, 0x00B4($sp)           
/* 01240 80871FF0 8FA900B4 */  lw      $t1, 0x00B4($sp)           
/* 01244 80871FF4 3C010001 */  lui     $at, 0x0001                ## $at = 00010000
/* 01248 80871FF8 240800FA */  addiu   $t0, $zero, 0x00FA         ## $t0 = 000000FA
/* 0124C 80871FFC 01211021 */  addu    $v0, $t1, $at              
/* 01250 80872000 A448709A */  sh      $t0, 0x709A($v0)           ## 0000709A
/* 01254 80872004 8443709A */  lh      $v1, 0x709A($v0)           ## 0000709A
/* 01258 80872008 A4487094 */  sh      $t0, 0x7094($v0)           ## 00007094
/* 0125C 8087200C 24050002 */  addiu   $a1, $zero, 0x0002         ## $a1 = 00000002
/* 01260 80872010 A4437098 */  sh      $v1, 0x7098($v0)           ## 00007098
/* 01264 80872014 A4437096 */  sh      $v1, 0x7096($v0)           ## 00007096
/* 01268 80872018 84437094 */  lh      $v1, 0x7094($v0)           ## 00007094
/* 0126C 8087201C 2406000B */  addiu   $a2, $zero, 0x000B         ## $a2 = 0000000B
/* 01270 80872020 24070008 */  addiu   $a3, $zero, 0x0008         ## $a3 = 00000008
/* 01274 80872024 25240220 */  addiu   $a0, $t1, 0x0220           ## $a0 = 00000220
/* 01278 80872028 A4437092 */  sh      $v1, 0x7092($v0)           ## 00007092
/* 0127C 8087202C 0C037F41 */  jal     func_800DFD04              
/* 01280 80872030 A4437090 */  sh      $v1, 0x7090($v0)           ## 00007090
/* 01284 80872034 8E0F0004 */  lw      $t7, 0x0004($s0)           ## 00000004
/* 01288 80872038 3C010010 */  lui     $at, 0x0010                ## $at = 00100000
/* 0128C 8087203C 34210020 */  ori     $at, $at, 0x0020           ## $at = 00100020
/* 01290 80872040 240E0001 */  addiu   $t6, $zero, 0x0001         ## $t6 = 00000001
/* 01294 80872044 240D000A */  addiu   $t5, $zero, 0x000A         ## $t5 = 0000000A
/* 01298 80872048 01E1C025 */  or      $t8, $t7, $at              ## $t8 = 00100020
/* 0129C 8087204C 920B01F9 */  lbu     $t3, 0x01F9($s0)           ## 000001F9
/* 012A0 80872050 A60E001C */  sh      $t6, 0x001C($s0)           ## 0000001C
/* 012A4 80872054 A60D01F0 */  sh      $t5, 0x01F0($s0)           ## 000001F0
/* 012A8 80872058 AE180004 */  sw      $t8, 0x0004($s0)           ## 00000004
/* 012AC 8087205C 8FAA0044 */  lw      $t2, 0x0044($sp)           
/* 012B0 80872060 02002025 */  or      $a0, $s0, $zero            ## $a0 = 00000000
/* 012B4 80872064 11600008 */  beq     $t3, $zero, .L80872088     
/* 012B8 80872068 AE0A0200 */  sw      $t2, 0x0200($s0)           ## 00000200
/* 012BC 8087206C 3C01801F */  lui     $at, 0x801F                ## $at = 801F0000
/* 012C0 80872070 A4203314 */  sh      $zero, 0x3314($at)         ## 801F3314
/* 012C4 80872074 02002025 */  or      $a0, $s0, $zero            ## $a0 = 00000000
/* 012C8 80872078 0C02E3B2 */  jal     func_800B8EC8              
/* 012CC 8087207C 2405185C */  addiu   $a1, $zero, 0x185C         ## $a1 = 0000185C
/* 012D0 80872080 10000004 */  beq     $zero, $zero, .L80872094   
/* 012D4 80872084 02002025 */  or      $a0, $s0, $zero            ## $a0 = 00000000
.L80872088:
/* 012D8 80872088 0C02E3B2 */  jal     func_800B8EC8              
/* 012DC 8087208C 2405180E */  addiu   $a1, $zero, 0x180E         ## $a1 = 0000180E
.L80872090:
/* 012E0 80872090 02002025 */  or      $a0, $s0, $zero            ## $a0 = 00000000
.L80872094:
/* 012E4 80872094 0C02D9D7 */  jal     func_800B675C              
/* 012E8 80872098 3C0541A0 */  lui     $a1, 0x41A0                ## $a1 = 41A00000
/* 012EC 8087209C 860C001C */  lh      $t4, 0x001C($s0)           ## 0000001C
/* 012F0 808720A0 02002025 */  or      $a0, $s0, $zero            ## $a0 = 00000000
/* 012F4 808720A4 26050144 */  addiu   $a1, $s0, 0x0144           ## $a1 = 00000144
/* 012F8 808720A8 5D800017 */  bgtzl   $t4, .L80872108            
/* 012FC 808720AC 920D01F9 */  lbu     $t5, 0x01F9($s0)           ## 000001F9
/* 01300 808720B0 0C039F7E */  jal     func_800E7DF8              
/* 01304 808720B4 AFA50044 */  sw      $a1, 0x0044($sp)           
/* 01308 808720B8 02002025 */  or      $a0, $s0, $zero            ## $a0 = 00000000
/* 0130C 808720BC 0C02E27E */  jal     func_800B89F8              
/* 01310 808720C0 8FA500B4 */  lw      $a1, 0x00B4($sp)           
/* 01314 808720C4 5440000A */  bnel    $v0, $zero, .L808720F0     
/* 01318 808720C8 8FA400B4 */  lw      $a0, 0x00B4($sp)           
/* 0131C 808720CC 921901F8 */  lbu     $t9, 0x01F8($s0)           ## 000001F8
/* 01320 808720D0 3C010001 */  lui     $at, 0x0001                ## $at = 00010000
/* 01324 808720D4 8FA400B4 */  lw      $a0, 0x00B4($sp)           
/* 01328 808720D8 13200004 */  beq     $t9, $zero, .L808720EC     
/* 0132C 808720DC 34218884 */  ori     $at, $at, 0x8884           ## $at = 00018884
/* 01330 808720E0 00812821 */  addu    $a1, $a0, $at              
/* 01334 808720E4 0C038A4A */  jal     func_800E2928              
/* 01338 808720E8 8FA60044 */  lw      $a2, 0x0044($sp)           
.L808720EC:
/* 0133C 808720EC 8FA400B4 */  lw      $a0, 0x00B4($sp)           
.L808720F0:
/* 01340 808720F0 3C010001 */  lui     $at, 0x0001                ## $at = 00010000
/* 01344 808720F4 34218884 */  ori     $at, $at, 0x8884           ## $at = 00018884
/* 01348 808720F8 8FA60044 */  lw      $a2, 0x0044($sp)           
/* 0134C 808720FC 0C0389D0 */  jal     func_800E2740              
/* 01350 80872100 00812821 */  addu    $a1, $a0, $at              
/* 01354 80872104 920D01F9 */  lbu     $t5, 0x01F9($s0)           ## 000001F9
.L80872108:
/* 01358 80872108 3C018087 */  lui     $at, %hi(D_80872DC0)       ## $at = 80870000
/* 0135C 8087210C C60A0058 */  lwc1    $f10, 0x0058($s0)          ## 00000058
/* 01360 80872110 000D7880 */  sll     $t7, $t5,  2               
/* 01364 80872114 002F0821 */  addu    $at, $at, $t7              
/* 01368 80872118 C4302DC0 */  lwc1    $f16, %lo(D_80872DC0)($at) 
/* 0136C 8087211C 460A803E */  c.le.s  $f16, $f10                 
/* 01370 80872120 00000000 */  nop
/* 01374 80872124 4502006F */  bc1fl   .L808722E4                 
/* 01378 80872128 8FBF0034 */  lw      $ra, 0x0034($sp)           
/* 0137C 8087212C 8618001C */  lh      $t8, 0x001C($s0)           ## 0000001C
/* 01380 80872130 24010001 */  addiu   $at, $zero, 0x0001         ## $at = 00000001
/* 01384 80872134 1301006A */  beq     $t8, $at, .L808722E0       
/* 01388 80872138 3C0141A0 */  lui     $at, 0x41A0                ## $at = 41A00000
/* 0138C 8087213C 44812000 */  mtc1    $at, $f4                   ## $f4 = 20.00
/* 01390 80872140 C612008C */  lwc1    $f18, 0x008C($s0)          ## 0000008C
/* 01394 80872144 4612203E */  c.le.s  $f4, $f18                  
/* 01398 80872148 00000000 */  nop
/* 0139C 8087214C 4502005D */  bc1fl   .L808722C4                 
/* 013A0 80872150 96020090 */  lhu     $v0, 0x0090($s0)           ## 00000090
/* 013A4 80872154 C6060024 */  lwc1    $f6, 0x0024($s0)           ## 00000024
/* 013A8 80872158 8FA400B4 */  lw      $a0, 0x00B4($sp)           
/* 013AC 8087215C 260B0024 */  addiu   $t3, $s0, 0x0024           ## $t3 = 00000024
/* 013B0 80872160 E7A60054 */  swc1    $f6, 0x0054($sp)           
/* 013B4 80872164 C60A008C */  lwc1    $f10, 0x008C($s0)          ## 0000008C
/* 013B8 80872168 C6080028 */  lwc1    $f8, 0x0028($s0)           ## 00000028
/* 013BC 8087216C 248C1CA0 */  addiu   $t4, $a0, 0x1CA0           ## $t4 = 00001CA0
/* 013C0 80872170 27A50054 */  addiu   $a1, $sp, 0x0054           ## $a1 = FFFFFFA4
/* 013C4 80872174 460A4400 */  add.s   $f16, $f8, $f10            
/* 013C8 80872178 24060046 */  addiu   $a2, $zero, 0x0046         ## $a2 = 00000046
/* 013CC 8087217C 240701F4 */  addiu   $a3, $zero, 0x01F4         ## $a3 = 000001F4
/* 013D0 80872180 E7B00058 */  swc1    $f16, 0x0058($sp)          
/* 013D4 80872184 C612002C */  lwc1    $f18, 0x002C($s0)          ## 0000002C
/* 013D8 80872188 AFAC0044 */  sw      $t4, 0x0044($sp)           
/* 013DC 8087218C AFAB0040 */  sw      $t3, 0x0040($sp)           
/* 013E0 80872190 AFA00010 */  sw      $zero, 0x0010($sp)         
/* 013E4 80872194 0C02C7BD */  jal     func_800B1EF4              
/* 013E8 80872198 E7B2005C */  swc1    $f18, 0x005C($sp)          
/* 013EC 8087219C 2419000A */  addiu   $t9, $zero, 0x000A         ## $t9 = 0000000A
/* 013F0 808721A0 AFB90010 */  sw      $t9, 0x0010($sp)           
/* 013F4 808721A4 8FA400B4 */  lw      $a0, 0x00B4($sp)           
/* 013F8 808721A8 27A50054 */  addiu   $a1, $sp, 0x0054           ## $a1 = FFFFFFA4
/* 013FC 808721AC 24060046 */  addiu   $a2, $zero, 0x0046         ## $a2 = 00000046
/* 01400 808721B0 0C02C7BD */  jal     func_800B1EF4              
/* 01404 808721B4 240701F4 */  addiu   $a3, $zero, 0x01F4         ## $a3 = 000001F4
/* 01408 808721B8 3C014120 */  lui     $at, 0x4120                ## $at = 41200000
/* 0140C 808721BC 44813000 */  mtc1    $at, $f6                   ## $f6 = 10.00
/* 01410 808721C0 C7A40058 */  lwc1    $f4, 0x0058($sp)           
/* 01414 808721C4 240E0001 */  addiu   $t6, $zero, 0x0001         ## $t6 = 00000001
/* 01418 808721C8 240D01F4 */  addiu   $t5, $zero, 0x01F4         ## $t5 = 000001F4
/* 0141C 808721CC 46062200 */  add.s   $f8, $f4, $f6              
/* 01420 808721D0 AFAD0014 */  sw      $t5, 0x0014($sp)           
/* 01424 808721D4 AFAE0010 */  sw      $t6, 0x0010($sp)           
/* 01428 808721D8 8FA400B4 */  lw      $a0, 0x00B4($sp)           
/* 0142C 808721DC E7A80058 */  swc1    $f8, 0x0058($sp)           
/* 01430 808721E0 27A50054 */  addiu   $a1, $sp, 0x0054           ## $a1 = FFFFFFA4
/* 01434 808721E4 00003025 */  or      $a2, $zero, $zero          ## $a2 = 00000000
/* 01438 808721E8 0C02C7D3 */  jal     func_800B1F4C              
/* 0143C 808721EC 00003825 */  or      $a3, $zero, $zero          ## $a3 = 00000000
/* 01440 808721F0 C7AA0058 */  lwc1    $f10, 0x0058($sp)          
/* 01444 808721F4 C7B0005C */  lwc1    $f16, 0x005C($sp)          
/* 01448 808721F8 240F0001 */  addiu   $t7, $zero, 0x0001         ## $t7 = 00000001
/* 0144C 808721FC 241800C8 */  addiu   $t8, $zero, 0x00C8         ## $t8 = 000000C8
/* 01450 80872200 AFB80024 */  sw      $t8, 0x0024($sp)           
/* 01454 80872204 AFAF0020 */  sw      $t7, 0x0020($sp)           
/* 01458 80872208 8FA40044 */  lw      $a0, 0x0044($sp)           
/* 0145C 8087220C 8FA500B4 */  lw      $a1, 0x00B4($sp)           
/* 01460 80872210 240600A2 */  addiu   $a2, $zero, 0x00A2         ## $a2 = 000000A2
/* 01464 80872214 8FA70054 */  lw      $a3, 0x0054($sp)           
/* 01468 80872218 AFA00018 */  sw      $zero, 0x0018($sp)         
/* 0146C 8087221C AFA0001C */  sw      $zero, 0x001C($sp)         
/* 01470 80872220 E7AA0010 */  swc1    $f10, 0x0010($sp)          
/* 01474 80872224 0C02EB18 */  jal     func_800BAC60              
/* 01478 80872228 E7B00014 */  swc1    $f16, 0x0014($sp)          
/* 0147C 8087222C 8FA400B4 */  lw      $a0, 0x00B4($sp)           
/* 01480 80872230 8FA50040 */  lw      $a1, 0x0040($sp)           
/* 01484 80872234 2406001E */  addiu   $a2, $zero, 0x001E         ## $a2 = 0000001E
/* 01488 80872238 0C03C15A */  jal     func_800F0568              
/* 0148C 8087223C 2407180F */  addiu   $a3, $zero, 0x180F         ## $a3 = 0000180F
/* 01490 80872240 44809000 */  mtc1    $zero, $f18                ## $f18 = 0.00
/* 01494 80872244 3C018087 */  lui     $at, %hi(D_808743E8)       ## $at = 80870000
/* 01498 80872248 C42043E8 */  lwc1    $f0, %lo(D_808743E8)($at)  
/* 0149C 8087224C 3C02801F */  lui     $v0, 0x801F                ## $v0 = 801F0000
/* 014A0 80872250 24423F60 */  addiu   $v0, $v0, 0x3F60           ## $v0 = 801F3F60
/* 014A4 80872254 E61201F4 */  swc1    $f18, 0x01F4($s0)          ## 000001F4
/* 014A8 80872258 8C4B0000 */  lw      $t3, 0x0000($v0)           ## 801F3F60
/* 014AC 8087225C 3C01C000 */  lui     $at, 0xC000                ## $at = C0000000
/* 014B0 80872260 44815000 */  mtc1    $at, $f10                  ## $f10 = -2.00
/* 014B4 80872264 856A0A7A */  lh      $t2, 0x0A7A($t3)           ## 00000A7A
/* 014B8 80872268 3C01BF00 */  lui     $at, 0xBF00                ## $at = BF000000
/* 014BC 8087226C 448A2000 */  mtc1    $t2, $f4                   ## $f4 = 0.00
/* 014C0 80872270 00000000 */  nop
/* 014C4 80872274 468021A0 */  cvt.s.w $f6, $f4                   
/* 014C8 80872278 46003202 */  mul.s   $f8, $f6, $f0              
/* 014CC 8087227C 460A4400 */  add.s   $f16, $f8, $f10            
/* 014D0 80872280 44814000 */  mtc1    $at, $f8                   ## $f8 = -0.50
/* 014D4 80872284 E6100068 */  swc1    $f16, 0x0068($s0)          ## 00000068
/* 014D8 80872288 8C4C0000 */  lw      $t4, 0x0000($v0)           ## 801F3F60
/* 014DC 8087228C 85990A7C */  lh      $t9, 0x0A7C($t4)           ## 00000A7C
/* 014E0 80872290 44999000 */  mtc1    $t9, $f18                  ## $f18 = 0.00
/* 014E4 80872294 00000000 */  nop
/* 014E8 80872298 46809120 */  cvt.s.w $f4, $f18                  
/* 014EC 8087229C 46002182 */  mul.s   $f6, $f4, $f0              
/* 014F0 808722A0 46083280 */  add.s   $f10, $f6, $f8             
/* 014F4 808722A4 E60A0074 */  swc1    $f10, 0x0074($s0)          ## 00000074
/* 014F8 808722A8 8C4E0000 */  lw      $t6, 0x0000($v0)           ## 801F3F60
/* 014FC 808722AC 85CD0A76 */  lh      $t5, 0x0A76($t6)           ## 00000A76
/* 01500 808722B0 25AF000A */  addiu   $t7, $t5, 0x000A           ## $t7 = 0000000A
/* 01504 808722B4 A20F01FC */  sb      $t7, 0x01FC($s0)           ## 000001FC
/* 01508 808722B8 1000000A */  beq     $zero, $zero, .L808722E4   
/* 0150C 808722BC 8FBF0034 */  lw      $ra, 0x0034($sp)           
/* 01510 808722C0 96020090 */  lhu     $v0, 0x0090($s0)           ## 00000090
.L808722C4:
/* 01514 808722C4 30580040 */  andi    $t8, $v0, 0x0040           ## $t8 = 00000040
/* 01518 808722C8 13000005 */  beq     $t8, $zero, .L808722E0     
/* 0151C 808722CC 304BFFBF */  andi    $t3, $v0, 0xFFBF           ## $t3 = 00003F20
/* 01520 808722D0 A60B0090 */  sh      $t3, 0x0090($s0)           ## 00000090
/* 01524 808722D4 02002025 */  or      $a0, $s0, $zero            ## $a0 = 00000000
/* 01528 808722D8 0C02E3B2 */  jal     func_800B8EC8              
/* 0152C 808722DC 24052817 */  addiu   $a1, $zero, 0x2817         ## $a1 = 00002817
.L808722E0:
/* 01530 808722E0 8FBF0034 */  lw      $ra, 0x0034($sp)           
.L808722E4:
/* 01534 808722E4 8FB00030 */  lw      $s0, 0x0030($sp)           
/* 01538 808722E8 27BD00B0 */  addiu   $sp, $sp, 0x00B0           ## $sp = 00000000
/* 0153C 808722EC 03E00008 */  jr      $ra                        
/* 01540 808722F0 00000000 */  nop


glabel func_808722F4
/* 01544 808722F4 27BDFF70 */  addiu   $sp, $sp, 0xFF70           ## $sp = FFFFFF70
/* 01548 808722F8 AFB10020 */  sw      $s1, 0x0020($sp)           
/* 0154C 808722FC 00808825 */  or      $s1, $a0, $zero            ## $s1 = 00000000
/* 01550 80872300 AFBF0024 */  sw      $ra, 0x0024($sp)           
/* 01554 80872304 AFB0001C */  sw      $s0, 0x001C($sp)           
/* 01558 80872308 AFA50094 */  sw      $a1, 0x0094($sp)           
/* 0155C 8087230C 8FAE0094 */  lw      $t6, 0x0094($sp)           
/* 01560 80872310 862F001C */  lh      $t7, 0x001C($s1)           ## 0000001C
/* 01564 80872314 8DC60000 */  lw      $a2, 0x0000($t6)           ## 00000000
/* 01568 80872318 15E000C6 */  bne     $t7, $zero, .L80872634     
/* 0156C 8087231C 00C08025 */  or      $s0, $a2, $zero            ## $s0 = 00000000
/* 01570 80872320 0C04B0A3 */  jal     func_8012C28C              
/* 01574 80872324 00C02025 */  or      $a0, $a2, $zero            ## $a0 = 00000000
/* 01578 80872328 00002025 */  or      $a0, $zero, $zero          ## $a0 = 00000000
/* 0157C 8087232C 0C039FF7 */  jal     func_800E7FDC              
/* 01580 80872330 26250190 */  addiu   $a1, $s1, 0x0190           ## $a1 = 00000190
/* 01584 80872334 923801F9 */  lbu     $t8, 0x01F9($s1)           ## 000001F9
/* 01588 80872338 17000058 */  bne     $t8, $zero, .L8087249C     
/* 0158C 8087233C 02202025 */  or      $a0, $s1, $zero            ## $a0 = 00000000
/* 01590 80872340 8FA50094 */  lw      $a1, 0x0094($sp)           
/* 01594 80872344 0C02E014 */  jal     func_800B8050              
/* 01598 80872348 00003025 */  or      $a2, $zero, $zero          ## $a2 = 00000000
/* 0159C 8087234C 3C048087 */  lui     $a0, %hi(D_80872EE0)       ## $a0 = 80870000
/* 015A0 80872350 24842EE0 */  addiu   $a0, $a0, %lo(D_80872EE0)  ## $a0 = 80872EE0
/* 015A4 80872354 0C0606A6 */  jal     func_80181A98              
/* 015A8 80872358 26250008 */  addiu   $a1, $s1, 0x0008           ## $a1 = 00000008
/* 015AC 8087235C 8E0202B0 */  lw      $v0, 0x02B0($s0)           ## 000002B0
/* 015B0 80872360 3C08DA38 */  lui     $t0, 0xDA38                ## $t0 = DA380000
/* 015B4 80872364 35080003 */  ori     $t0, $t0, 0x0003           ## $t0 = DA380003
/* 015B8 80872368 24590008 */  addiu   $t9, $v0, 0x0008           ## $t9 = 00000008
/* 015BC 8087236C AE1902B0 */  sw      $t9, 0x02B0($s0)           ## 000002B0
/* 015C0 80872370 AC480000 */  sw      $t0, 0x0000($v0)           ## 00000000
/* 015C4 80872374 8FA90094 */  lw      $t1, 0x0094($sp)           
/* 015C8 80872378 8D240000 */  lw      $a0, 0x0000($t1)           ## 00000000
/* 015CC 8087237C 0C060690 */  jal     func_80181A40              
/* 015D0 80872380 AFA2007C */  sw      $v0, 0x007C($sp)           
/* 015D4 80872384 8FA3007C */  lw      $v1, 0x007C($sp)           
/* 015D8 80872388 3C0BDE00 */  lui     $t3, 0xDE00                ## $t3 = DE000000
/* 015DC 8087238C 3C010001 */  lui     $at, 0x0001                ## $at = 00010000
/* 015E0 80872390 AC620004 */  sw      $v0, 0x0004($v1)           ## 00000004
/* 015E4 80872394 8E0202B0 */  lw      $v0, 0x02B0($s0)           ## 000002B0
/* 015E8 80872398 3C0C0401 */  lui     $t4, 0x0401                ## $t4 = 04010000
/* 015EC 8087239C 258C5FA0 */  addiu   $t4, $t4, 0x5FA0           ## $t4 = 04015FA0
/* 015F0 808723A0 244A0008 */  addiu   $t2, $v0, 0x0008           ## $t2 = 00000008
/* 015F4 808723A4 AE0A02B0 */  sw      $t2, 0x02B0($s0)           ## 000002B0
/* 015F8 808723A8 AC4C0004 */  sw      $t4, 0x0004($v0)           ## 00000004
/* 015FC 808723AC AC4B0000 */  sw      $t3, 0x0000($v0)           ## 00000000
/* 01600 808723B0 8FA40094 */  lw      $a0, 0x0094($sp)           
/* 01604 808723B4 342187FC */  ori     $at, $at, 0x87FC           ## $at = 000187FC
/* 01608 808723B8 0C060828 */  jal     func_801820A0              
/* 0160C 808723BC 00812021 */  addu    $a0, $a0, $at              
/* 01610 808723C0 24044000 */  addiu   $a0, $zero, 0x4000         ## $a0 = 00004000
/* 01614 808723C4 0C06011E */  jal     func_80180478              
/* 01618 808723C8 24050001 */  addiu   $a1, $zero, 0x0001         ## $a1 = 00000001
/* 0161C 808723CC 8E0202B0 */  lw      $v0, 0x02B0($s0)           ## 000002B0
/* 01620 808723D0 3C0EDA38 */  lui     $t6, 0xDA38                ## $t6 = DA380000
/* 01624 808723D4 35CE0003 */  ori     $t6, $t6, 0x0003           ## $t6 = DA380003
/* 01628 808723D8 244D0008 */  addiu   $t5, $v0, 0x0008           ## $t5 = 00000008
/* 0162C 808723DC AE0D02B0 */  sw      $t5, 0x02B0($s0)           ## 000002B0
/* 01630 808723E0 AC4E0000 */  sw      $t6, 0x0000($v0)           ## 00000000
/* 01634 808723E4 8FAF0094 */  lw      $t7, 0x0094($sp)           
/* 01638 808723E8 8DE40000 */  lw      $a0, 0x0000($t7)           ## 00000000
/* 0163C 808723EC 0C060690 */  jal     func_80181A40              
/* 01640 808723F0 AFA20074 */  sw      $v0, 0x0074($sp)           
/* 01644 808723F4 8FA30074 */  lw      $v1, 0x0074($sp)           
/* 01648 808723F8 3C0A0401 */  lui     $t2, 0x0401                ## $t2 = 04010000
/* 0164C 808723FC AC620004 */  sw      $v0, 0x0004($v1)           ## 00000004
/* 01650 80872400 8E0202B0 */  lw      $v0, 0x02B0($s0)           ## 000002B0
/* 01654 80872404 3C19E700 */  lui     $t9, 0xE700                ## $t9 = E7000000
/* 01658 80872408 24580008 */  addiu   $t8, $v0, 0x0008           ## $t8 = 00000008
/* 0165C 8087240C AE1802B0 */  sw      $t8, 0x02B0($s0)           ## 000002B0
/* 01660 80872410 AC400004 */  sw      $zero, 0x0004($v0)         ## 00000004
/* 01664 80872414 AC590000 */  sw      $t9, 0x0000($v0)           ## 00000000
/* 01668 80872418 8E0202B0 */  lw      $v0, 0x02B0($s0)           ## 000002B0
/* 0166C 8087241C 3C09FB00 */  lui     $t1, 0xFB00                ## $t1 = FB000000
/* 01670 80872420 24480008 */  addiu   $t0, $v0, 0x0008           ## $t0 = 00000008
/* 01674 80872424 AE0802B0 */  sw      $t0, 0x02B0($s0)           ## 000002B0
/* 01678 80872428 AC490000 */  sw      $t1, 0x0000($v0)           ## 00000000
/* 0167C 8087242C C62401F4 */  lwc1    $f4, 0x01F4($s1)           ## 000001F4
/* 01680 80872430 4600218D */  trunc.w.s $f6, $f4                   
/* 01684 80872434 440E3000 */  mfc1    $t6, $f6                   
/* 01688 80872438 00000000 */  nop
/* 0168C 8087243C 000EC600 */  sll     $t8, $t6, 24               
/* 01690 80872440 371928FF */  ori     $t9, $t8, 0x28FF           ## $t9 = 000028FF
/* 01694 80872444 AC590004 */  sw      $t9, 0x0004($v0)           ## 00000004
/* 01698 80872448 8E0202B0 */  lw      $v0, 0x02B0($s0)           ## 000002B0
/* 0169C 8087244C 3C09FA00 */  lui     $t1, 0xFA00                ## $t1 = FA000000
/* 016A0 80872450 24480008 */  addiu   $t0, $v0, 0x0008           ## $t0 = 00000008
/* 016A4 80872454 AE0802B0 */  sw      $t0, 0x02B0($s0)           ## 000002B0
/* 016A8 80872458 AC490000 */  sw      $t1, 0x0000($v0)           ## 00000000
/* 016AC 8087245C C62801F4 */  lwc1    $f8, 0x01F4($s1)           ## 000001F4
/* 016B0 80872460 4600428D */  trunc.w.s $f10, $f8                  
/* 016B4 80872464 440E5000 */  mfc1    $t6, $f10                  
/* 016B8 80872468 00000000 */  nop
/* 016BC 8087246C 000EC600 */  sll     $t8, $t6, 24               
/* 016C0 80872470 371928FF */  ori     $t9, $t8, 0x28FF           ## $t9 = 000028FF
/* 016C4 80872474 AC590004 */  sw      $t9, 0x0004($v0)           ## 00000004
/* 016C8 80872478 8E0202B0 */  lw      $v0, 0x02B0($s0)           ## 000002B0
/* 016CC 8087247C 3C09DE00 */  lui     $t1, 0xDE00                ## $t1 = DE000000
/* 016D0 80872480 254A5DB0 */  addiu   $t2, $t2, 0x5DB0           ## $t2 = 04015DB0
/* 016D4 80872484 24480008 */  addiu   $t0, $v0, 0x0008           ## $t0 = 00000008
/* 016D8 80872488 AE0802B0 */  sw      $t0, 0x02B0($s0)           ## 000002B0
/* 016DC 8087248C AC4A0004 */  sw      $t2, 0x0004($v0)           ## 00000004
/* 016E0 80872490 AC490000 */  sw      $t1, 0x0000($v0)           ## 00000000
/* 016E4 80872494 10000068 */  beq     $zero, $zero, .L80872638   
/* 016E8 80872498 8FBF0024 */  lw      $ra, 0x0024($sp)           
.L8087249C:
/* 016EC 8087249C 862301FA */  lh      $v1, 0x01FA($s1)           ## 000001FA
/* 016F0 808724A0 1060002A */  beq     $v1, $zero, .L8087254C     
/* 016F4 808724A4 24012AAA */  addiu   $at, $zero, 0x2AAA         ## $at = 00002AAA
/* 016F8 808724A8 0061001A */  div     $zero, $v1, $at            
/* 016FC 808724AC 862B0032 */  lh      $t3, 0x0032($s1)           ## 00000032
/* 01700 808724B0 862C00BE */  lh      $t4, 0x00BE($s1)           ## 000000BE
/* 01704 808724B4 00001010 */  mfhi    $v0                        
/* 01708 808724B8 00021400 */  sll     $v0, $v0, 16               
/* 0170C 808724BC 00021403 */  sra     $v0, $v0, 16               
/* 01710 808724C0 016C6823 */  subu    $t5, $t3, $t4              
/* 01714 808724C4 04410003 */  bgez    $v0, .L808724D4            
/* 01718 808724C8 A7AD004A */  sh      $t5, 0x004A($sp)           
/* 0171C 808724CC 10000002 */  beq     $zero, $zero, .L808724D8   
/* 01720 808724D0 00021823 */  subu    $v1, $zero, $v0            
.L808724D4:
/* 01724 808724D4 00401825 */  or      $v1, $v0, $zero            ## $v1 = 00000000
.L808724D8:
/* 01728 808724D8 2464EAAB */  addiu   $a0, $v1, 0xEAAB           ## $a0 = FFFFEAAB
/* 0172C 808724DC 00042400 */  sll     $a0, $a0, 16               
/* 01730 808724E0 0C03FB51 */  jal     func_800FED44              
/* 01734 808724E4 00042403 */  sra     $a0, $a0, 16               
/* 01738 808724E8 3C01447A */  lui     $at, 0x447A                ## $at = 447A0000
/* 0173C 808724EC 44818000 */  mtc1    $at, $f16                  ## $f16 = 1000.00
/* 01740 808724F0 3C01C47A */  lui     $at, 0xC47A                ## $at = C47A0000
/* 01744 808724F4 44812000 */  mtc1    $at, $f4                   ## $f4 = -1000.00
/* 01748 808724F8 46008483 */  div.s   $f18, $f16, $f0            
/* 0174C 808724FC 87A4004A */  lh      $a0, 0x004A($sp)           
/* 01750 80872500 24050001 */  addiu   $a1, $zero, 0x0001         ## $a1 = 00000001
/* 01754 80872504 46049180 */  add.s   $f6, $f18, $f4             
/* 01758 80872508 0C06026B */  jal     func_801809AC              
/* 0175C 8087250C E7A60044 */  swc1    $f6, 0x0044($sp)           
/* 01760 80872510 44806000 */  mtc1    $zero, $f12                ## $f12 = 0.00
/* 01764 80872514 C7AE0044 */  lwc1    $f14, 0x0044($sp)          
/* 01768 80872518 24070001 */  addiu   $a3, $zero, 0x0001         ## $a3 = 00000001
/* 0176C 8087251C 44066000 */  mfc1    $a2, $f12                  
/* 01770 80872520 0C0600A7 */  jal     func_8018029C              
/* 01774 80872524 00000000 */  nop
/* 01778 80872528 862401FA */  lh      $a0, 0x01FA($s1)           ## 000001FA
/* 0177C 8087252C 0C06011E */  jal     func_80180478              
/* 01780 80872530 24050001 */  addiu   $a1, $zero, 0x0001         ## $a1 = 00000001
/* 01784 80872534 87A4004A */  lh      $a0, 0x004A($sp)           
/* 01788 80872538 24050001 */  addiu   $a1, $zero, 0x0001         ## $a1 = 00000001
/* 0178C 8087253C 00042023 */  subu    $a0, $zero, $a0            
/* 01790 80872540 00042400 */  sll     $a0, $a0, 16               
/* 01794 80872544 0C06026B */  jal     func_801809AC              
/* 01798 80872548 00042403 */  sra     $a0, $a0, 16               
.L8087254C:
/* 0179C 8087254C 3C048087 */  lui     $a0, %hi(D_80872EEC)       ## $a0 = 80870000
/* 017A0 80872550 26250008 */  addiu   $a1, $s1, 0x0008           ## $a1 = 00000008
/* 017A4 80872554 AFA5002C */  sw      $a1, 0x002C($sp)           
/* 017A8 80872558 0C0606A6 */  jal     func_80181A98              
/* 017AC 8087255C 24842EEC */  addiu   $a0, $a0, %lo(D_80872EEC)  ## $a0 = 80872EEC
/* 017B0 80872560 3C048087 */  lui     $a0, %hi(D_80872EF8)       ## $a0 = 80870000
/* 017B4 80872564 24842EF8 */  addiu   $a0, $a0, %lo(D_80872EF8)  ## $a0 = 80872EF8
/* 017B8 80872568 0C0606A6 */  jal     func_80181A98              
/* 017BC 8087256C 27A50058 */  addiu   $a1, $sp, 0x0058           ## $a1 = FFFFFFC8
/* 017C0 80872570 3C048087 */  lui     $a0, %hi(D_80872F04)       ## $a0 = 80870000
/* 017C4 80872574 24842F04 */  addiu   $a0, $a0, %lo(D_80872F04)  ## $a0 = 80872F04
/* 017C8 80872578 0C0606A6 */  jal     func_80181A98              
/* 017CC 8087257C 27A5004C */  addiu   $a1, $sp, 0x004C           ## $a1 = FFFFFFBC
/* 017D0 80872580 8E0202B0 */  lw      $v0, 0x02B0($s0)           ## 000002B0
/* 017D4 80872584 3C0FFB00 */  lui     $t7, 0xFB00                ## $t7 = FB000000
/* 017D8 80872588 2418FFFF */  addiu   $t8, $zero, 0xFFFF         ## $t8 = FFFFFFFF
/* 017DC 8087258C 244E0008 */  addiu   $t6, $v0, 0x0008           ## $t6 = 00000008
/* 017E0 80872590 AE0E02B0 */  sw      $t6, 0x02B0($s0)           ## 000002B0
/* 017E4 80872594 AC580004 */  sw      $t8, 0x0004($v0)           ## 00000004
/* 017E8 80872598 AC4F0000 */  sw      $t7, 0x0000($v0)           ## 00000000
/* 017EC 8087259C 8E0202B0 */  lw      $v0, 0x02B0($s0)           ## 000002B0
/* 017F0 808725A0 3C08DA38 */  lui     $t0, 0xDA38                ## $t0 = DA380000
/* 017F4 808725A4 35080003 */  ori     $t0, $t0, 0x0003           ## $t0 = DA380003
/* 017F8 808725A8 24590008 */  addiu   $t9, $v0, 0x0008           ## $t9 = 00000008
/* 017FC 808725AC AE1902B0 */  sw      $t9, 0x02B0($s0)           ## 000002B0
/* 01800 808725B0 AC480000 */  sw      $t0, 0x0000($v0)           ## 00000000
/* 01804 808725B4 8FA90094 */  lw      $t1, 0x0094($sp)           
/* 01808 808725B8 8D240000 */  lw      $a0, 0x0000($t1)           ## 00000000
/* 0180C 808725BC 0C060690 */  jal     func_80181A40              
/* 01810 808725C0 AFA2003C */  sw      $v0, 0x003C($sp)           
/* 01814 808725C4 8FA3003C */  lw      $v1, 0x003C($sp)           
/* 01818 808725C8 3C0BDE00 */  lui     $t3, 0xDE00                ## $t3 = DE000000
/* 0181C 808725CC 3C0EDE00 */  lui     $t6, 0xDE00                ## $t6 = DE000000
/* 01820 808725D0 AC620004 */  sw      $v0, 0x0004($v1)           ## 00000004
/* 01824 808725D4 8E0202B0 */  lw      $v0, 0x02B0($s0)           ## 000002B0
/* 01828 808725D8 3C0C8087 */  lui     $t4, %hi(D_80873CA0)       ## $t4 = 80870000
/* 0182C 808725DC 258C3CA0 */  addiu   $t4, $t4, %lo(D_80873CA0)  ## $t4 = 80873CA0
/* 01830 808725E0 244A0008 */  addiu   $t2, $v0, 0x0008           ## $t2 = 00000008
/* 01834 808725E4 AE0A02B0 */  sw      $t2, 0x02B0($s0)           ## 000002B0
/* 01838 808725E8 AC4C0004 */  sw      $t4, 0x0004($v0)           ## 00000004
/* 0183C 808725EC AC4B0000 */  sw      $t3, 0x0000($v0)           ## 00000000
/* 01840 808725F0 8E0202B0 */  lw      $v0, 0x02B0($s0)           ## 000002B0
/* 01844 808725F4 3C0F8087 */  lui     $t7, %hi(D_808742F8)       ## $t7 = 80870000
/* 01848 808725F8 25EF42F8 */  addiu   $t7, $t7, %lo(D_808742F8)  ## $t7 = 808742F8
/* 0184C 808725FC 244D0008 */  addiu   $t5, $v0, 0x0008           ## $t5 = 00000008
/* 01850 80872600 AE0D02B0 */  sw      $t5, 0x02B0($s0)           ## 000002B0
/* 01854 80872604 AC4F0004 */  sw      $t7, 0x0004($v0)           ## 00000004
/* 01858 80872608 AC4E0000 */  sw      $t6, 0x0000($v0)           ## 00000000
/* 0185C 8087260C 863801F0 */  lh      $t8, 0x01F0($s1)           ## 000001F0
/* 01860 80872610 8FA40094 */  lw      $a0, 0x0094($sp)           
/* 01864 80872614 8FA5002C */  lw      $a1, 0x002C($sp)           
/* 01868 80872618 27A60058 */  addiu   $a2, $sp, 0x0058           ## $a2 = FFFFFFC8
/* 0186C 8087261C 27A7004C */  addiu   $a3, $sp, 0x004C           ## $a3 = FFFFFFBC
/* 01870 80872620 0C21C9B7 */  jal     func_808726DC              
/* 01874 80872624 AFB80010 */  sw      $t8, 0x0010($sp)           
/* 01878 80872628 8FA40094 */  lw      $a0, 0x0094($sp)           
/* 0187C 8087262C 0C21CAF0 */  jal     func_80872BC0              
/* 01880 80872630 862501F0 */  lh      $a1, 0x01F0($s1)           ## 000001F0
.L80872634:
/* 01884 80872634 8FBF0024 */  lw      $ra, 0x0024($sp)           
.L80872638:
/* 01888 80872638 8FB0001C */  lw      $s0, 0x001C($sp)           
/* 0188C 8087263C 8FB10020 */  lw      $s1, 0x0020($sp)           
/* 01890 80872640 03E00008 */  jr      $ra                        
/* 01894 80872644 27BD0090 */  addiu   $sp, $sp, 0x0090           ## $sp = 00000000


glabel func_80872648
/* 01898 80872648 27BDFFD0 */  addiu   $sp, $sp, 0xFFD0           ## $sp = FFFFFFD0
/* 0189C 8087264C AFB2001C */  sw      $s2, 0x001C($sp)           
/* 018A0 80872650 00A09025 */  or      $s2, $a1, $zero            ## $s2 = 00000000
/* 018A4 80872654 AFBF002C */  sw      $ra, 0x002C($sp)           
/* 018A8 80872658 AFB50028 */  sw      $s5, 0x0028($sp)           
/* 018AC 8087265C AFB40024 */  sw      $s4, 0x0024($sp)           
/* 018B0 80872660 AFB30020 */  sw      $s3, 0x0020($sp)           
/* 018B4 80872664 AFB10018 */  sw      $s1, 0x0018($sp)           
/* 018B8 80872668 AFB00014 */  sw      $s0, 0x0014($sp)           
/* 018BC 8087266C AFA40030 */  sw      $a0, 0x0030($sp)           
/* 018C0 80872670 3C108087 */  lui     $s0, %hi(D_80874650)       ## $s0 = 80870000
/* 018C4 80872674 3C13801D */  lui     $s3, 0x801D                ## $s3 = 801D0000
/* 018C8 80872678 26104650 */  addiu   $s0, $s0, %lo(D_80874650)  ## $s0 = 80874650
/* 018CC 8087267C 267315B0 */  addiu   $s3, $s3, 0x15B0           ## $s3 = 801D15B0
/* 018D0 80872680 00008825 */  or      $s1, $zero, $zero          ## $s1 = 00000000
/* 018D4 80872684 24150010 */  addiu   $s5, $zero, 0x0010         ## $s5 = 00000010
/* 018D8 80872688 24144000 */  addiu   $s4, $zero, 0x4000         ## $s4 = 00004000
.L8087268C:
/* 018DC 8087268C 02002025 */  or      $a0, $s0, $zero            ## $a0 = 80874650
/* 018E0 80872690 0C03FD43 */  jal     func_800FF50C              
/* 018E4 80872694 02402825 */  or      $a1, $s2, $zero            ## $a1 = 00000000
/* 018E8 80872698 2604000C */  addiu   $a0, $s0, 0x000C           ## $a0 = 8087465C
/* 018EC 8087269C 0C03FD43 */  jal     func_800FF50C              
/* 018F0 808726A0 02602825 */  or      $a1, $s3, $zero            ## $a1 = 801D15B0
/* 018F4 808726A4 26310001 */  addiu   $s1, $s1, 0x0001           ## $s1 = 00000001
/* 018F8 808726A8 2610001C */  addiu   $s0, $s0, 0x001C           ## $s0 = 8087466C
/* 018FC 808726AC A600FFFC */  sh      $zero, -0x0004($s0)        ## 80874668
/* 01900 808726B0 1635FFF6 */  bne     $s1, $s5, .L8087268C       
/* 01904 808726B4 A614FFFE */  sh      $s4, -0x0002($s0)          ## 8087466A
/* 01908 808726B8 8FBF002C */  lw      $ra, 0x002C($sp)           
/* 0190C 808726BC 8FB00014 */  lw      $s0, 0x0014($sp)           
/* 01910 808726C0 8FB10018 */  lw      $s1, 0x0018($sp)           
/* 01914 808726C4 8FB2001C */  lw      $s2, 0x001C($sp)           
/* 01918 808726C8 8FB30020 */  lw      $s3, 0x0020($sp)           
/* 0191C 808726CC 8FB40024 */  lw      $s4, 0x0024($sp)           
/* 01920 808726D0 8FB50028 */  lw      $s5, 0x0028($sp)           
/* 01924 808726D4 03E00008 */  jr      $ra                        
/* 01928 808726D8 27BD0030 */  addiu   $sp, $sp, 0x0030           ## $sp = 00000000


glabel func_808726DC
/* 0192C 808726DC 27BDFF20 */  addiu   $sp, $sp, 0xFF20           ## $sp = FFFFFF20
/* 01930 808726E0 AFB30054 */  sw      $s3, 0x0054($sp)           
/* 01934 808726E4 3C138087 */  lui     $s3, %hi(D_80874650)       ## $s3 = 80870000
/* 01938 808726E8 AFBE0068 */  sw      $s8, 0x0068($sp)           
/* 0193C 808726EC AFB60060 */  sw      $s6, 0x0060($sp)           
/* 01940 808726F0 AFB20050 */  sw      $s2, 0x0050($sp)           
/* 01944 808726F4 00C09025 */  or      $s2, $a2, $zero            ## $s2 = 00000000
/* 01948 808726F8 0080B025 */  or      $s6, $a0, $zero            ## $s6 = 00000000
/* 0194C 808726FC 00E0F025 */  or      $s8, $a3, $zero            ## $s8 = 00000000
/* 01950 80872700 26734650 */  addiu   $s3, $s3, %lo(D_80874650)  ## $s3 = 80874650
/* 01954 80872704 AFBF006C */  sw      $ra, 0x006C($sp)           
/* 01958 80872708 AFB70064 */  sw      $s7, 0x0064($sp)           
/* 0195C 8087270C AFB5005C */  sw      $s5, 0x005C($sp)           
/* 01960 80872710 AFB40058 */  sw      $s4, 0x0058($sp)           
/* 01964 80872714 AFB1004C */  sw      $s1, 0x004C($sp)           
/* 01968 80872718 AFB00048 */  sw      $s0, 0x0048($sp)           
/* 0196C 8087271C F7BE0040 */  sdc1    $f30, 0x0040($sp)          
/* 01970 80872720 F7BC0038 */  sdc1    $f28, 0x0038($sp)          
/* 01974 80872724 F7BA0030 */  sdc1    $f26, 0x0030($sp)          
/* 01978 80872728 F7B80028 */  sdc1    $f24, 0x0028($sp)          
/* 0197C 8087272C F7B60020 */  sdc1    $f22, 0x0020($sp)          
/* 01980 80872730 F7B40018 */  sdc1    $f20, 0x0018($sp)          
/* 01984 80872734 AFA500E4 */  sw      $a1, 0x00E4($sp)           
/* 01988 80872738 3C108087 */  lui     $s0, %hi(D_8087466C)       ## $s0 = 80870000
/* 0198C 8087273C 02608825 */  or      $s1, $s3, $zero            ## $s1 = 80874650
/* 01990 80872740 2610466C */  addiu   $s0, $s0, %lo(D_8087466C)  ## $s0 = 8087466C
/* 01994 80872744 03C02025 */  or      $a0, $s8, $zero            ## $a0 = 00000000
/* 01998 80872748 0C03FE21 */  jal     func_800FF884              
/* 0199C 8087274C 8FA500E4 */  lw      $a1, 0x00E4($sp)           
/* 019A0 80872750 46000686 */  mov.s   $f26, $f0                  
/* 019A4 80872754 02602025 */  or      $a0, $s3, $zero            ## $a0 = 80874650
/* 019A8 80872758 0C03FD43 */  jal     func_800FF50C              
/* 019AC 8087275C 8FA500E4 */  lw      $a1, 0x00E4($sp)           
/* 019B0 80872760 27B500CC */  addiu   $s5, $sp, 0x00CC           ## $s5 = FFFFFFEC
/* 019B4 80872764 02A03025 */  or      $a2, $s5, $zero            ## $a2 = FFFFFFEC
/* 019B8 80872768 02402025 */  or      $a0, $s2, $zero            ## $a0 = 00000000
/* 019BC 8087276C 0C03FD7D */  jal     func_800FF5F4              
/* 019C0 80872770 8FA500E4 */  lw      $a1, 0x00E4($sp)           
/* 019C4 80872774 C7AC00D4 */  lwc1    $f12, 0x00D4($sp)          
/* 019C8 80872778 0C060040 */  jal     func_80180100              
/* 019CC 8087277C C7AE00CC */  lwc1    $f14, 0x00CC($sp)          
/* 019D0 80872780 C7B000CC */  lwc1    $f16, 0x00CC($sp)          
/* 019D4 80872784 C7A200D4 */  lwc1    $f2, 0x00D4($sp)           
/* 019D8 80872788 3C018087 */  lui     $at, %hi(D_80874668)       ## $at = 80870000
/* 019DC 8087278C 46108102 */  mul.s   $f4, $f16, $f16            
/* 019E0 80872790 A4224668 */  sh      $v0, %lo(D_80874668)($at)  
/* 019E4 80872794 C7AE00D0 */  lwc1    $f14, 0x00D0($sp)          
/* 019E8 80872798 46021182 */  mul.s   $f6, $f2, $f2              
/* 019EC 8087279C 46062000 */  add.s   $f0, $f4, $f6              
/* 019F0 808727A0 0C060040 */  jal     func_80180100              
/* 019F4 808727A4 46000304 */  sqrt.s  $f12, $f0                  
/* 019F8 808727A8 8FB200F0 */  lw      $s2, 0x00F0($sp)           
/* 019FC 808727AC 240700F0 */  addiu   $a3, $zero, 0x00F0         ## $a3 = 000000F0
/* 01A00 808727B0 3C018087 */  lui     $at, %hi(D_8087466A)       ## $at = 80870000
/* 01A04 808727B4 0247001A */  div     $zero, $s2, $a3            
/* 01A08 808727B8 A422466A */  sh      $v0, %lo(D_8087466A)($at)  
/* 01A0C 808727BC 00001812 */  mflo    $v1                        
/* 01A10 808727C0 24630001 */  addiu   $v1, $v1, 0x0001           ## $v1 = 00000001
/* 01A14 808727C4 14E00002 */  bne     $a3, $zero, .L808727D0     
/* 01A18 808727C8 00000000 */  nop
/* 01A1C 808727CC 0007000D */  break 7
.L808727D0:
/* 01A20 808727D0 2401FFFF */  addiu   $at, $zero, 0xFFFF         ## $at = FFFFFFFF
/* 01A24 808727D4 14E10004 */  bne     $a3, $at, .L808727E8       
/* 01A28 808727D8 3C018000 */  lui     $at, 0x8000                ## $at = 80000000
/* 01A2C 808727DC 16410002 */  bne     $s2, $at, .L808727E8       
/* 01A30 808727E0 00000000 */  nop
/* 01A34 808727E4 0006000D */  break 6
.L808727E8:
/* 01A38 808727E8 AFA300B0 */  sw      $v1, 0x00B0($sp)           
/* 01A3C 808727EC 186000DF */  blez    $v1, .L80872B6C            
/* 01A40 808727F0 0000A025 */  or      $s4, $zero, $zero          ## $s4 = 00000000
/* 01A44 808727F4 3C01C120 */  lui     $at, 0xC120                ## $at = C1200000
/* 01A48 808727F8 4481F000 */  mtc1    $at, $f30                  ## $f30 = -10.00
/* 01A4C 808727FC 3C014100 */  lui     $at, 0x4100                ## $at = 41000000
/* 01A50 80872800 26CE0830 */  addiu   $t6, $s6, 0x0830           ## $t6 = 00000830
/* 01A54 80872804 4481E000 */  mtc1    $at, $f28                  ## $f28 = 8.00
/* 01A58 80872808 4480C000 */  mtc1    $zero, $f24                ## $f24 = 0.00
/* 01A5C 8087280C AFAE0074 */  sw      $t6, 0x0074($sp)           
/* 01A60 80872810 27B600C0 */  addiu   $s6, $sp, 0x00C0           ## $s6 = FFFFFFE0
/* 01A64 80872814 27B70090 */  addiu   $s7, $sp, 0x0090           ## $s7 = FFFFFFB0
.L80872818:
/* 01A68 80872818 240700F0 */  addiu   $a3, $zero, 0x00F0         ## $a3 = 000000F0
/* 01A6C 8087281C 2A4100F0 */  slti    $at, $s2, 0x00F0           
/* 01A70 80872820 14200003 */  bne     $at, $zero, .L80872830     
/* 01A74 80872824 02002025 */  or      $a0, $s0, $zero            ## $a0 = 8087466C
/* 01A78 80872828 10000014 */  beq     $zero, $zero, .L8087287C   
/* 01A7C 8087282C 4600E586 */  mov.s   $f22, $f28                 
.L80872830:
/* 01A80 80872830 0247001A */  div     $zero, $s2, $a3            
/* 01A84 80872834 00007810 */  mfhi    $t7                        
/* 01A88 80872838 448F4000 */  mtc1    $t7, $f8                   ## $f8 = 0.00
/* 01A8C 8087283C 14E00002 */  bne     $a3, $zero, .L80872848     
/* 01A90 80872840 00000000 */  nop
/* 01A94 80872844 0007000D */  break 7
.L80872848:
/* 01A98 80872848 2401FFFF */  addiu   $at, $zero, 0xFFFF         ## $at = FFFFFFFF
/* 01A9C 8087284C 14E10004 */  bne     $a3, $at, .L80872860       
/* 01AA0 80872850 3C018000 */  lui     $at, 0x8000                ## $at = 80000000
/* 01AA4 80872854 16410002 */  bne     $s2, $at, .L80872860       
/* 01AA8 80872858 00000000 */  nop
/* 01AAC 8087285C 0006000D */  break 6
.L80872860:
/* 01AB0 80872860 468042A0 */  cvt.s.w $f10, $f8                  
/* 01AB4 80872864 3C018087 */  lui     $at, %hi(D_808743EC)       ## $at = 80870000
/* 01AB8 80872868 C43243EC */  lwc1    $f18, %lo(D_808743EC)($at) 
/* 01ABC 8087286C 46125102 */  mul.s   $f4, $f10, $f18            
/* 01AC0 80872870 00000000 */  nop
/* 01AC4 80872874 461C2582 */  mul.s   $f22, $f4, $f28            
/* 01AC8 80872878 00000000 */  nop
.L8087287C:
/* 01ACC 8087287C 2613000C */  addiu   $s3, $s0, 0x000C           ## $s3 = 80874678
/* 01AD0 80872880 02602825 */  or      $a1, $s3, $zero            ## $a1 = 80874678
/* 01AD4 80872884 0C03FD6F */  jal     func_800FF5BC              
/* 01AD8 80872888 02003025 */  or      $a2, $s0, $zero            ## $a2 = 8087466C
/* 01ADC 8087288C 03C02025 */  or      $a0, $s8, $zero            ## $a0 = 00000000
/* 01AE0 80872890 02002825 */  or      $a1, $s0, $zero            ## $a1 = 8087466C
/* 01AE4 80872894 0C03FE35 */  jal     func_800FF8D4              
/* 01AE8 80872898 02A03025 */  or      $a2, $s5, $zero            ## $a2 = FFFFFFEC
/* 01AEC 8087289C 461A003C */  c.lt.s  $f0, $f26                  
/* 01AF0 808728A0 03C02025 */  or      $a0, $s8, $zero            ## $a0 = 00000000
/* 01AF4 808728A4 02A02825 */  or      $a1, $s5, $zero            ## $a1 = FFFFFFEC
/* 01AF8 808728A8 45020018 */  bc1fl   .L8087290C                 
/* 01AFC 808728AC 02202025 */  or      $a0, $s1, $zero            ## $a0 = 80874650
/* 01B00 808728B0 46180032 */  c.eq.s  $f0, $f24                  
/* 01B04 808728B4 00000000 */  nop
/* 01B08 808728B8 45020006 */  bc1fl   .L808728D4                 
/* 01B0C 808728BC 4600D503 */  div.s   $f20, $f26, $f0            
/* 01B10 808728C0 E7B800CC */  swc1    $f24, 0x00CC($sp)          
/* 01B14 808728C4 E7BA00D0 */  swc1    $f26, 0x00D0($sp)          
/* 01B18 808728C8 1000000D */  beq     $zero, $zero, .L80872900   
/* 01B1C 808728CC E7B800D4 */  swc1    $f24, 0x00D4($sp)          
/* 01B20 808728D0 4600D503 */  div.s   $f20, $f26, $f0            
.L808728D4:
/* 01B24 808728D4 C7B000CC */  lwc1    $f16, 0x00CC($sp)          
/* 01B28 808728D8 C7A600D0 */  lwc1    $f6, 0x00D0($sp)           
/* 01B2C 808728DC C7A200D4 */  lwc1    $f2, 0x00D4($sp)           
/* 01B30 808728E0 46148402 */  mul.s   $f16, $f16, $f20           
/* 01B34 808728E4 00000000 */  nop
/* 01B38 808728E8 46143202 */  mul.s   $f8, $f6, $f20             
/* 01B3C 808728EC 00000000 */  nop
/* 01B40 808728F0 46141082 */  mul.s   $f2, $f2, $f20             
/* 01B44 808728F4 E7B000CC */  swc1    $f16, 0x00CC($sp)          
/* 01B48 808728F8 E7A800D0 */  swc1    $f8, 0x00D0($sp)           
/* 01B4C 808728FC E7A200D4 */  swc1    $f2, 0x00D4($sp)           
.L80872900:
/* 01B50 80872900 0C03FD6F */  jal     func_800FF5BC              
/* 01B54 80872904 02003025 */  or      $a2, $s0, $zero            ## $a2 = 8087466C
/* 01B58 80872908 02202025 */  or      $a0, $s1, $zero            ## $a0 = 80874650
.L8087290C:
/* 01B5C 8087290C 02002825 */  or      $a1, $s0, $zero            ## $a1 = 8087466C
/* 01B60 80872910 0C03FE35 */  jal     func_800FF8D4              
/* 01B64 80872914 02A03025 */  or      $a2, $s5, $zero            ## $a2 = FFFFFFEC
/* 01B68 80872918 46180032 */  c.eq.s  $f0, $f24                  
/* 01B6C 8087291C 00000000 */  nop
/* 01B70 80872920 45020005 */  bc1fl   .L80872938                 
/* 01B74 80872924 C7AC00D4 */  lwc1    $f12, 0x00D4($sp)          
/* 01B78 80872928 E7B800CC */  swc1    $f24, 0x00CC($sp)          
/* 01B7C 8087292C E7B600D0 */  swc1    $f22, 0x00D0($sp)          
/* 01B80 80872930 E7B800D4 */  swc1    $f24, 0x00D4($sp)          
/* 01B84 80872934 C7AC00D4 */  lwc1    $f12, 0x00D4($sp)          
.L80872938:
/* 01B88 80872938 0C060040 */  jal     func_80180100              
/* 01B8C 8087293C C7AE00CC */  lwc1    $f14, 0x00CC($sp)          
/* 01B90 80872940 A6020018 */  sh      $v0, 0x0018($s0)           ## 80874684
/* 01B94 80872944 C7AA00CC */  lwc1    $f10, 0x00CC($sp)          
/* 01B98 80872948 C7A400D4 */  lwc1    $f4, 0x00D4($sp)           
/* 01B9C 8087294C C7AE00D0 */  lwc1    $f14, 0x00D0($sp)          
/* 01BA0 80872950 460A5482 */  mul.s   $f18, $f10, $f10           
/* 01BA4 80872954 00000000 */  nop
/* 01BA8 80872958 46042182 */  mul.s   $f6, $f4, $f4              
/* 01BAC 8087295C 46069000 */  add.s   $f0, $f18, $f6             
/* 01BB0 80872960 0C060040 */  jal     func_80180100              
/* 01BB4 80872964 46000304 */  sqrt.s  $f12, $f0                  
/* 01BB8 80872968 A602001A */  sh      $v0, 0x001A($s0)           ## 80874686
/* 01BBC 8087296C 86250018 */  lh      $a1, 0x0018($s1)           ## 80874668
/* 01BC0 80872970 86180018 */  lh      $t8, 0x0018($s0)           ## 80874684
/* 01BC4 80872974 03051823 */  subu    $v1, $t8, $a1              
/* 01BC8 80872978 00031C00 */  sll     $v1, $v1, 16               
/* 01BCC 8087297C 00031C03 */  sra     $v1, $v1, 16               
/* 01BD0 80872980 2861E0C0 */  slti    $at, $v1, 0xE0C0           
/* 01BD4 80872984 50200004 */  beql    $at, $zero, .L80872998     
/* 01BD8 80872988 28611F41 */  slti    $at, $v1, 0x1F41           
/* 01BDC 8087298C 10000007 */  beq     $zero, $zero, .L808729AC   
/* 01BE0 80872990 2402E0C0 */  addiu   $v0, $zero, 0xE0C0         ## $v0 = FFFFE0C0
/* 01BE4 80872994 28611F41 */  slti    $at, $v1, 0x1F41           
.L80872998:
/* 01BE8 80872998 14200003 */  bne     $at, $zero, .L808729A8     
/* 01BEC 8087299C 00602025 */  or      $a0, $v1, $zero            ## $a0 = 00000000
/* 01BF0 808729A0 10000001 */  beq     $zero, $zero, .L808729A8   
/* 01BF4 808729A4 24041F40 */  addiu   $a0, $zero, 0x1F40         ## $a0 = 00001F40
.L808729A8:
/* 01BF8 808729A8 00801025 */  or      $v0, $a0, $zero            ## $v0 = 00001F40
.L808729AC:
/* 01BFC 808729AC 00454821 */  addu    $t1, $v0, $a1              
/* 01C00 808729B0 A6090018 */  sh      $t1, 0x0018($s0)           ## 80874684
/* 01C04 808729B4 8626001A */  lh      $a2, 0x001A($s1)           ## 8087466A
/* 01C08 808729B8 860A001A */  lh      $t2, 0x001A($s0)           ## 80874686
/* 01C0C 808729BC 01461823 */  subu    $v1, $t2, $a2              
/* 01C10 808729C0 00031C00 */  sll     $v1, $v1, 16               
/* 01C14 808729C4 00031C03 */  sra     $v1, $v1, 16               
/* 01C18 808729C8 2861E0C0 */  slti    $at, $v1, 0xE0C0           
/* 01C1C 808729CC 50200004 */  beql    $at, $zero, .L808729E0     
/* 01C20 808729D0 28611F41 */  slti    $at, $v1, 0x1F41           
/* 01C24 808729D4 10000007 */  beq     $zero, $zero, .L808729F4   
/* 01C28 808729D8 2402E0C0 */  addiu   $v0, $zero, 0xE0C0         ## $v0 = FFFFE0C0
/* 01C2C 808729DC 28611F41 */  slti    $at, $v1, 0x1F41           
.L808729E0:
/* 01C30 808729E0 14200003 */  bne     $at, $zero, .L808729F0     
/* 01C34 808729E4 00602025 */  or      $a0, $v1, $zero            ## $a0 = 00000000
/* 01C38 808729E8 10000001 */  beq     $zero, $zero, .L808729F0   
/* 01C3C 808729EC 24041F40 */  addiu   $a0, $zero, 0x1F40         ## $a0 = 00001F40
.L808729F0:
/* 01C40 808729F0 00801025 */  or      $v0, $a0, $zero            ## $v0 = 00001F40
.L808729F4:
/* 01C44 808729F4 00466821 */  addu    $t5, $v0, $a2              
/* 01C48 808729F8 A60D001A */  sh      $t5, 0x001A($s0)           ## 80874686
/* 01C4C 808729FC 0C03FB51 */  jal     func_800FED44              
/* 01C50 80872A00 8604001A */  lh      $a0, 0x001A($s0)           ## 80874686
/* 01C54 80872A04 46160502 */  mul.s   $f20, $f0, $f22            
/* 01C58 80872A08 0C03FB61 */  jal     func_800FED84              
/* 01C5C 80872A0C 86040018 */  lh      $a0, 0x0018($s0)           ## 80874684
/* 01C60 80872A10 46140202 */  mul.s   $f8, $f0, $f20             
/* 01C64 80872A14 E7A800C0 */  swc1    $f8, 0x00C0($sp)           
/* 01C68 80872A18 0C03FB51 */  jal     func_800FED44              
/* 01C6C 80872A1C 86040018 */  lh      $a0, 0x0018($s0)           ## 80874684
/* 01C70 80872A20 46140282 */  mul.s   $f10, $f0, $f20            
/* 01C74 80872A24 E7AA00C8 */  swc1    $f10, 0x00C8($sp)          
/* 01C78 80872A28 0C03FB61 */  jal     func_800FED84              
/* 01C7C 80872A2C 8604001A */  lh      $a0, 0x001A($s0)           ## 80874686
/* 01C80 80872A30 46160302 */  mul.s   $f12, $f0, $f22            
/* 01C84 80872A34 02202025 */  or      $a0, $s1, $zero            ## $a0 = 80874650
/* 01C88 80872A38 02C02825 */  or      $a1, $s6, $zero            ## $a1 = FFFFFFE0
/* 01C8C 80872A3C 02003025 */  or      $a2, $s0, $zero            ## $a2 = 8087466C
/* 01C90 80872A40 0C03FD6F */  jal     func_800FF5BC              
/* 01C94 80872A44 E7AC00C4 */  swc1    $f12, 0x00C4($sp)          
/* 01C98 80872A48 02E02025 */  or      $a0, $s7, $zero            ## $a0 = FFFFFFB0
/* 01C9C 80872A4C 0C03FD43 */  jal     func_800FF50C              
/* 01CA0 80872A50 02002825 */  or      $a1, $s0, $zero            ## $a1 = 8087466C
/* 01CA4 80872A54 3C014248 */  lui     $at, 0x4248                ## $at = 42480000
/* 01CA8 80872A58 44819000 */  mtc1    $at, $f18                  ## $f18 = 50.00
/* 01CAC 80872A5C C7A40094 */  lwc1    $f4, 0x0094($sp)           
/* 01CB0 80872A60 8FA40074 */  lw      $a0, 0x0074($sp)           
/* 01CB4 80872A64 27A500A0 */  addiu   $a1, $sp, 0x00A0           ## $a1 = FFFFFFC0
/* 01CB8 80872A68 46122180 */  add.s   $f6, $f4, $f18             
/* 01CBC 80872A6C 27A6009C */  addiu   $a2, $sp, 0x009C           ## $a2 = FFFFFFBC
/* 01CC0 80872A70 02E03825 */  or      $a3, $s7, $zero            ## $a3 = FFFFFFB0
/* 01CC4 80872A74 0C03102D */  jal     func_800C40B4              
/* 01CC8 80872A78 E7A60094 */  swc1    $f6, 0x0094($sp)           
/* 01CCC 80872A7C C6080004 */  lwc1    $f8, 0x0004($s0)           ## 80874670
/* 01CD0 80872A80 46080081 */  sub.s   $f2, $f0, $f8              
/* 01CD4 80872A84 4602C03E */  c.le.s  $f24, $f2                  
/* 01CD8 80872A88 00000000 */  nop
/* 01CDC 80872A8C 45020026 */  bc1fl   .L80872B28                 
/* 01CE0 80872A90 3C01BF80 */  lui     $at, 0xBF80                ## $at = BF800000
/* 01CE4 80872A94 C7AC00C4 */  lwc1    $f12, 0x00C4($sp)          
/* 01CE8 80872A98 02202025 */  or      $a0, $s1, $zero            ## $a0 = 80874650
/* 01CEC 80872A9C 02C02825 */  or      $a1, $s6, $zero            ## $a1 = FFFFFFE0
/* 01CF0 80872AA0 46026300 */  add.s   $f12, $f12, $f2            
/* 01CF4 80872AA4 460CB03C */  c.lt.s  $f22, $f12                 
/* 01CF8 80872AA8 00000000 */  nop
/* 01CFC 80872AAC 45000004 */  bc1f    .L80872AC0                 
/* 01D00 80872AB0 00000000 */  nop
/* 01D04 80872AB4 4600C086 */  mov.s   $f2, $f24                  
/* 01D08 80872AB8 10000006 */  beq     $zero, $zero, .L80872AD4   
/* 01D0C 80872ABC E7B600C4 */  swc1    $f22, 0x00C4($sp)          
.L80872AC0:
/* 01D10 80872AC0 4616B282 */  mul.s   $f10, $f22, $f22           
/* 01D14 80872AC4 E7AC00C4 */  swc1    $f12, 0x00C4($sp)          
/* 01D18 80872AC8 460C6102 */  mul.s   $f4, $f12, $f12            
/* 01D1C 80872ACC 46045001 */  sub.s   $f0, $f10, $f4             
/* 01D20 80872AD0 46000084 */  sqrt.s  $f2, $f0                   
.L80872AD4:
/* 01D24 80872AD4 4618A032 */  c.eq.s  $f20, $f24                 
/* 01D28 80872AD8 00000000 */  nop
/* 01D2C 80872ADC 45020004 */  bc1fl   .L80872AF0                 
/* 01D30 80872AE0 46141083 */  div.s   $f2, $f2, $f20             
/* 01D34 80872AE4 10000009 */  beq     $zero, $zero, .L80872B0C   
/* 01D38 80872AE8 E7A200C0 */  swc1    $f2, 0x00C0($sp)           
/* 01D3C 80872AEC 46141083 */  div.s   $f2, $f2, $f20             
.L80872AF0:
/* 01D40 80872AF0 C7B200C0 */  lwc1    $f18, 0x00C0($sp)          
/* 01D44 80872AF4 C7A800C8 */  lwc1    $f8, 0x00C8($sp)           
/* 01D48 80872AF8 46029182 */  mul.s   $f6, $f18, $f2             
/* 01D4C 80872AFC 00000000 */  nop
/* 01D50 80872B00 46024282 */  mul.s   $f10, $f8, $f2             
/* 01D54 80872B04 E7A600C0 */  swc1    $f6, 0x00C0($sp)           
/* 01D58 80872B08 E7AA00C8 */  swc1    $f10, 0x00C8($sp)          
.L80872B0C:
/* 01D5C 80872B0C 0C03FD6F */  jal     func_800FF5BC              
/* 01D60 80872B10 02003025 */  or      $a2, $s0, $zero            ## $a2 = 8087466C
/* 01D64 80872B14 3C05801D */  lui     $a1, 0x801D                ## $a1 = 801D0000
/* 01D68 80872B18 24A515B0 */  addiu   $a1, $a1, 0x15B0           ## $a1 = 801D15B0
/* 01D6C 80872B1C 0C03FD43 */  jal     func_800FF50C              
/* 01D70 80872B20 02602025 */  or      $a0, $s3, $zero            ## $a0 = 80874678
/* 01D74 80872B24 3C01BF80 */  lui     $at, 0xBF80                ## $at = BF800000
.L80872B28:
/* 01D78 80872B28 44819000 */  mtc1    $at, $f18                  ## $f18 = -1.00
/* 01D7C 80872B2C C6040010 */  lwc1    $f4, 0x0010($s0)           ## 8087467C
/* 01D80 80872B30 26940001 */  addiu   $s4, $s4, 0x0001           ## $s4 = 00000001
/* 01D84 80872B34 46122180 */  add.s   $f6, $f4, $f18             
/* 01D88 80872B38 E6060010 */  swc1    $f6, 0x0010($s0)           ## 8087467C
/* 01D8C 80872B3C C6080010 */  lwc1    $f8, 0x0010($s0)           ## 8087467C
/* 01D90 80872B40 461E403C */  c.lt.s  $f8, $f30                  
/* 01D94 80872B44 00000000 */  nop
/* 01D98 80872B48 45020003 */  bc1fl   .L80872B58                 
/* 01D9C 80872B4C 8FAE00B0 */  lw      $t6, 0x00B0($sp)           
/* 01DA0 80872B50 E61E0010 */  swc1    $f30, 0x0010($s0)          ## 8087467C
/* 01DA4 80872B54 8FAE00B0 */  lw      $t6, 0x00B0($sp)           
.L80872B58:
/* 01DA8 80872B58 2631001C */  addiu   $s1, $s1, 0x001C           ## $s1 = 8087466C
/* 01DAC 80872B5C 2610001C */  addiu   $s0, $s0, 0x001C           ## $s0 = 80874688
/* 01DB0 80872B60 028E082A */  slt     $at, $s4, $t6              
/* 01DB4 80872B64 1420FF2C */  bne     $at, $zero, .L80872818     
/* 01DB8 80872B68 2652FF10 */  addiu   $s2, $s2, 0xFF10           ## $s2 = FFFFFF10
.L80872B6C:
/* 01DBC 80872B6C 8FA400E4 */  lw      $a0, 0x00E4($sp)           
/* 01DC0 80872B70 0C03FD43 */  jal     func_800FF50C              
/* 01DC4 80872B74 02202825 */  or      $a1, $s1, $zero            ## $a1 = 8087466C
/* 01DC8 80872B78 8FBF006C */  lw      $ra, 0x006C($sp)           
/* 01DCC 80872B7C D7B40018 */  ldc1    $f20, 0x0018($sp)          
/* 01DD0 80872B80 D7B60020 */  ldc1    $f22, 0x0020($sp)          
/* 01DD4 80872B84 D7B80028 */  ldc1    $f24, 0x0028($sp)          
/* 01DD8 80872B88 D7BA0030 */  ldc1    $f26, 0x0030($sp)          
/* 01DDC 80872B8C D7BC0038 */  ldc1    $f28, 0x0038($sp)          
/* 01DE0 80872B90 D7BE0040 */  ldc1    $f30, 0x0040($sp)          
/* 01DE4 80872B94 8FB00048 */  lw      $s0, 0x0048($sp)           
/* 01DE8 80872B98 8FB1004C */  lw      $s1, 0x004C($sp)           
/* 01DEC 80872B9C 8FB20050 */  lw      $s2, 0x0050($sp)           
/* 01DF0 80872BA0 8FB30054 */  lw      $s3, 0x0054($sp)           
/* 01DF4 80872BA4 8FB40058 */  lw      $s4, 0x0058($sp)           
/* 01DF8 80872BA8 8FB5005C */  lw      $s5, 0x005C($sp)           
/* 01DFC 80872BAC 8FB60060 */  lw      $s6, 0x0060($sp)           
/* 01E00 80872BB0 8FB70064 */  lw      $s7, 0x0064($sp)           
/* 01E04 80872BB4 8FBE0068 */  lw      $s8, 0x0068($sp)           
/* 01E08 80872BB8 03E00008 */  jr      $ra                        
/* 01E0C 80872BBC 27BD00E0 */  addiu   $sp, $sp, 0x00E0           ## $sp = 00000000


glabel func_80872BC0
/* 01E10 80872BC0 27BDFFC0 */  addiu   $sp, $sp, 0xFFC0           ## $sp = FFFFFFC0
/* 01E14 80872BC4 AFB60034 */  sw      $s6, 0x0034($sp)           
/* 01E18 80872BC8 3C028087 */  lui     $v0, %hi(D_80874650)       ## $v0 = 80870000
/* 01E1C 80872BCC 24424650 */  addiu   $v0, $v0, %lo(D_80874650)  ## $v0 = 80874650
/* 01E20 80872BD0 0080B025 */  or      $s6, $a0, $zero            ## $s6 = 00000000
/* 01E24 80872BD4 AFBF003C */  sw      $ra, 0x003C($sp)           
/* 01E28 80872BD8 AFB70038 */  sw      $s7, 0x0038($sp)           
/* 01E2C 80872BDC AFB50030 */  sw      $s5, 0x0030($sp)           
/* 01E30 80872BE0 AFB4002C */  sw      $s4, 0x002C($sp)           
/* 01E34 80872BE4 AFB30028 */  sw      $s3, 0x0028($sp)           
/* 01E38 80872BE8 AFB20024 */  sw      $s2, 0x0024($sp)           
/* 01E3C 80872BEC AFB10020 */  sw      $s1, 0x0020($sp)           
/* 01E40 80872BF0 AFB0001C */  sw      $s0, 0x001C($sp)           
/* 01E44 80872BF4 F7B40010 */  sdc1    $f20, 0x0010($sp)          
/* 01E48 80872BF8 AFA50044 */  sw      $a1, 0x0044($sp)           
/* 01E4C 80872BFC 8ED20000 */  lw      $s2, 0x0000($s6)           ## 00000000
/* 01E50 80872C00 C44C0000 */  lwc1    $f12, 0x0000($v0)          ## 80874650
/* 01E54 80872C04 C44E0004 */  lwc1    $f14, 0x0004($v0)          ## 80874654
/* 01E58 80872C08 8C460008 */  lw      $a2, 0x0008($v0)           ## 80874658
/* 01E5C 80872C0C 0C0600A7 */  jal     func_8018029C              
/* 01E60 80872C10 00003825 */  or      $a3, $zero, $zero          ## $a3 = 00000000
/* 01E64 80872C14 3C048087 */  lui     $a0, %hi(D_8087466A)       ## $a0 = 80870000
/* 01E68 80872C18 3C058087 */  lui     $a1, %hi(D_80874668)       ## $a1 = 80870000
/* 01E6C 80872C1C 84A54668 */  lh      $a1, %lo(D_80874668)($a1)  
/* 01E70 80872C20 8484466A */  lh      $a0, %lo(D_8087466A)($a0)  
/* 01E74 80872C24 00003025 */  or      $a2, $zero, $zero          ## $a2 = 00000000
/* 01E78 80872C28 0C06040F */  jal     func_8018103C              
/* 01E7C 80872C2C 24070001 */  addiu   $a3, $zero, 0x0001         ## $a3 = 00000001
/* 01E80 80872C30 3C018087 */  lui     $at, %hi(D_808743F0)       ## $at = 80870000
/* 01E84 80872C34 C43443F0 */  lwc1    $f20, %lo(D_808743F0)($at) 
/* 01E88 80872C38 24070001 */  addiu   $a3, $zero, 0x0001         ## $a3 = 00000001
/* 01E8C 80872C3C 4406A000 */  mfc1    $a2, $f20                  
/* 01E90 80872C40 4600A306 */  mov.s   $f12, $f20                 
/* 01E94 80872C44 0C0600E7 */  jal     func_8018039C              
/* 01E98 80872C48 4600A386 */  mov.s   $f14, $f20                 
/* 01E9C 80872C4C 3C17DA38 */  lui     $s7, 0xDA38                ## $s7 = DA380000
/* 01EA0 80872C50 36F70003 */  ori     $s7, $s7, 0x0003           ## $s7 = DA380003
/* 01EA4 80872C54 8E4202B0 */  lw      $v0, 0x02B0($s2)           ## 000002B0
/* 01EA8 80872C58 244E0008 */  addiu   $t6, $v0, 0x0008           ## $t6 = 00000008
/* 01EAC 80872C5C AE4E02B0 */  sw      $t6, 0x02B0($s2)           ## 000002B0
/* 01EB0 80872C60 AC570000 */  sw      $s7, 0x0000($v0)           ## 00000000
/* 01EB4 80872C64 8EC40000 */  lw      $a0, 0x0000($s6)           ## 00000000
/* 01EB8 80872C68 0C060690 */  jal     func_80181A40              
/* 01EBC 80872C6C 00408025 */  or      $s0, $v0, $zero            ## $s0 = 00000000
/* 01EC0 80872C70 AE020004 */  sw      $v0, 0x0004($s0)           ## 00000004
/* 01EC4 80872C74 3C14DE00 */  lui     $s4, 0xDE00                ## $s4 = DE000000
/* 01EC8 80872C78 8E4202B0 */  lw      $v0, 0x02B0($s2)           ## 000002B0
/* 01ECC 80872C7C 3C188087 */  lui     $t8, %hi(D_80872F98)       ## $t8 = 80870000
/* 01ED0 80872C80 27182F98 */  addiu   $t8, $t8, %lo(D_80872F98)  ## $t8 = 80872F98
/* 01ED4 80872C84 244F0008 */  addiu   $t7, $v0, 0x0008           ## $t7 = 00000008
/* 01ED8 80872C88 AE4F02B0 */  sw      $t7, 0x02B0($s2)           ## 000002B0
/* 01EDC 80872C8C AC580004 */  sw      $t8, 0x0004($v0)           ## 00000004
/* 01EE0 80872C90 AC540000 */  sw      $s4, 0x0000($v0)           ## 00000000
/* 01EE4 80872C94 8FA20044 */  lw      $v0, 0x0044($sp)           
/* 01EE8 80872C98 240100F0 */  addiu   $at, $zero, 0x00F0         ## $at = 000000F0
/* 01EEC 80872C9C 3C118087 */  lui     $s1, %hi(D_8087466C)       ## $s1 = 80870000
/* 01EF0 80872CA0 0041001A */  div     $zero, $v0, $at            
/* 01EF4 80872CA4 00001012 */  mflo    $v0                        
/* 01EF8 80872CA8 24550001 */  addiu   $s5, $v0, 0x0001           ## $s5 = 00000001
/* 01EFC 80872CAC 2AA10002 */  slti    $at, $s5, 0x0002           
/* 01F00 80872CB0 2631466C */  addiu   $s1, $s1, %lo(D_8087466C)  ## $s1 = 8087466C
/* 01F04 80872CB4 1420002E */  bne     $at, $zero, .L80872D70     
/* 01F08 80872CB8 24130001 */  addiu   $s3, $zero, 0x0001         ## $s3 = 00000001
.L80872CBC:
/* 01F0C 80872CBC C62C0000 */  lwc1    $f12, 0x0000($s1)          ## 8087466C
/* 01F10 80872CC0 C62E0004 */  lwc1    $f14, 0x0004($s1)          ## 80874670
/* 01F14 80872CC4 8E260008 */  lw      $a2, 0x0008($s1)           ## 80874674
/* 01F18 80872CC8 0C0600A7 */  jal     func_8018029C              
/* 01F1C 80872CCC 00003825 */  or      $a3, $zero, $zero          ## $a3 = 00000000
/* 01F20 80872CD0 8624001A */  lh      $a0, 0x001A($s1)           ## 80874686
/* 01F24 80872CD4 86250018 */  lh      $a1, 0x0018($s1)           ## 80874684
/* 01F28 80872CD8 00003025 */  or      $a2, $zero, $zero          ## $a2 = 00000000
/* 01F2C 80872CDC 0C06040F */  jal     func_8018103C              
/* 01F30 80872CE0 24070001 */  addiu   $a3, $zero, 0x0001         ## $a3 = 00000001
/* 01F34 80872CE4 4406A000 */  mfc1    $a2, $f20                  
/* 01F38 80872CE8 4600A306 */  mov.s   $f12, $f20                 
/* 01F3C 80872CEC 4600A386 */  mov.s   $f14, $f20                 
/* 01F40 80872CF0 0C0600E7 */  jal     func_8018039C              
/* 01F44 80872CF4 24070001 */  addiu   $a3, $zero, 0x0001         ## $a3 = 00000001
/* 01F48 80872CF8 8E4202B0 */  lw      $v0, 0x02B0($s2)           ## 000002B0
/* 01F4C 80872CFC 24590008 */  addiu   $t9, $v0, 0x0008           ## $t9 = 00000008
/* 01F50 80872D00 AE5902B0 */  sw      $t9, 0x02B0($s2)           ## 000002B0
/* 01F54 80872D04 AC570000 */  sw      $s7, 0x0000($v0)           ## 00000000
/* 01F58 80872D08 8EC40000 */  lw      $a0, 0x0000($s6)           ## 00000000
/* 01F5C 80872D0C 0C060690 */  jal     func_80181A40              
/* 01F60 80872D10 00408025 */  or      $s0, $v0, $zero            ## $s0 = 00000000
/* 01F64 80872D14 AE020004 */  sw      $v0, 0x0004($s0)           ## 00000004
/* 01F68 80872D18 32680001 */  andi    $t0, $s3, 0x0001           ## $t0 = 00000001
/* 01F6C 80872D1C 1500000A */  bne     $t0, $zero, .L80872D48     
/* 01F70 80872D20 26730001 */  addiu   $s3, $s3, 0x0001           ## $s3 = 00000002
/* 01F74 80872D24 3C048087 */  lui     $a0, %hi(D_80873020)       ## $a0 = 80870000
/* 01F78 80872D28 24843020 */  addiu   $a0, $a0, %lo(D_80873020)  ## $a0 = 80873020
/* 01F7C 80872D2C 8E4202B0 */  lw      $v0, 0x02B0($s2)           ## 000002B0
/* 01F80 80872D30 24490008 */  addiu   $t1, $v0, 0x0008           ## $t1 = 00000008
/* 01F84 80872D34 AE4902B0 */  sw      $t1, 0x02B0($s2)           ## 000002B0
/* 01F88 80872D38 AC440004 */  sw      $a0, 0x0004($v0)           ## 00000004
/* 01F8C 80872D3C AC540000 */  sw      $s4, 0x0000($v0)           ## 00000000
/* 01F90 80872D40 10000009 */  beq     $zero, $zero, .L80872D68   
/* 01F94 80872D44 0275082A */  slt     $at, $s3, $s5              
.L80872D48:
/* 01F98 80872D48 3C048087 */  lui     $a0, %hi(D_80873040)       ## $a0 = 80870000
/* 01F9C 80872D4C 24843040 */  addiu   $a0, $a0, %lo(D_80873040)  ## $a0 = 80873040
/* 01FA0 80872D50 8E4202B0 */  lw      $v0, 0x02B0($s2)           ## 000002B0
/* 01FA4 80872D54 244A0008 */  addiu   $t2, $v0, 0x0008           ## $t2 = 00000008
/* 01FA8 80872D58 AE4A02B0 */  sw      $t2, 0x02B0($s2)           ## 000002B0
/* 01FAC 80872D5C AC440004 */  sw      $a0, 0x0004($v0)           ## 00000004
/* 01FB0 80872D60 AC540000 */  sw      $s4, 0x0000($v0)           ## 00000000
/* 01FB4 80872D64 0275082A */  slt     $at, $s3, $s5              
.L80872D68:
/* 01FB8 80872D68 1420FFD4 */  bne     $at, $zero, .L80872CBC     
/* 01FBC 80872D6C 2631001C */  addiu   $s1, $s1, 0x001C           ## $s1 = 80874688
.L80872D70:
/* 01FC0 80872D70 8FBF003C */  lw      $ra, 0x003C($sp)           
/* 01FC4 80872D74 D7B40010 */  ldc1    $f20, 0x0010($sp)          
/* 01FC8 80872D78 8FB0001C */  lw      $s0, 0x001C($sp)           
/* 01FCC 80872D7C 8FB10020 */  lw      $s1, 0x0020($sp)           
/* 01FD0 80872D80 8FB20024 */  lw      $s2, 0x0024($sp)           
/* 01FD4 80872D84 8FB30028 */  lw      $s3, 0x0028($sp)           
/* 01FD8 80872D88 8FB4002C */  lw      $s4, 0x002C($sp)           
/* 01FDC 80872D8C 8FB50030 */  lw      $s5, 0x0030($sp)           
/* 01FE0 80872D90 8FB60034 */  lw      $s6, 0x0034($sp)           
/* 01FE4 80872D94 8FB70038 */  lw      $s7, 0x0038($sp)           
/* 01FE8 80872D98 03E00008 */  jr      $ra                        
/* 01FEC 80872D9C 27BD0040 */  addiu   $sp, $sp, 0x0040           ## $sp = 00000000

.section .data

D_80872DA0: .word 0x00090300, 0x00000030, 0x00010000, 0x00000204
.word func_80870DB0
.word func_80870FF8
.word func_808719A8
.word func_808722F4
D_80872DC0: .word 0x3C23D70A, 0x3CF5C28F
D_80872DC8: .word \
0x00002939, 0x20010000, 0x02000000, 0x00000000, \
0x00000000, 0x00013828, 0x00000000, 0x00010100, \
0x0006000B, 0x000E0000, 0x00000000
D_80872DF4: .word \
0x00000000, 0x00000008, 0x00020000, 0x00000000, \
0x00000000, 0x19000000, 0x00000000, 0x00000000, \
0x00000064
D_80872E18: .word 0x00390000, 0x00000000, 0x00000001
.word D_80872DF4
D_80872E28: .word \
0x00000000, 0x80000008, 0x00040000, 0x00000000, \
0x00000000, 0x19000000, 0x00000000, 0x00000000, \
0x00000064
D_80872E4C: .word 0x00390000, 0x00000000, 0x00000001
.word D_80872E28
D_80872E5C: .word 0xC0580000, 0xB05407D0, 0x3874F060
D_80872E68: .word \
0x40000000, 0xC0C00000, 0xBE99999A, 0x3FC00000, \
0xC0A00000, 0xBF19999A
D_80872E80: .word 0x3E4CCCCD, 0xC0C00000, 0xBDCCCCCD
D_80872E8C: .word 0x006400C8
D_80872E90: .word 0xB98C46FF
D_80872E94: .word 0xFFFFFFFF
D_80872E98: .word 0x00030005
D_80872E9C: .word 0x000A000F
D_80872EA0: .word 0x00000000, 0x00000000, 0x00000000
D_80872EAC: .word 0x00000000, 0x3DCCCCCD, 0x00000000
D_80872EB8: .word 0x00000000, 0x00000000, 0x00000000
D_80872EC4: .word 0x00000000, 0x3F19999A, 0x00000000
D_80872ED0: .word 0xFFFFFFFF
D_80872ED4: .word 0x00280014, 0x0064012C, 0x003C0258
D_80872EE0: .word 0x00000000, 0x44480000, 0x00000000
D_80872EEC: .word 0xC43B8000, 0x00000000, 0x00000000
D_80872EF8: .word 0xC4480000, 0x00000000, 0x00000000
D_80872F04: .word 0x00000000, 0x00000000, 0x00000000
D_80872F10: .word \
0xFFB00000, 0x00000000, 0x00000000, 0x007F00FF, \
0x00500000, 0x00000000, 0x00400000, 0x007F00FF, \
0x0000FFB0, 0x00000000, 0x00000000, 0x007F00FF, \
0x00000050, 0x00000000, 0x00400000, 0x007F00FF
D_80872F50: .word \
0xFFB00000, 0x00000000, 0x00000200, 0x007F00FF, \
0x00500000, 0x00000000, 0x00400200, 0x007F00FF, \
0x0000FFB0, 0x00000000, 0x00000200, 0x007F00FF, \
0x00000050, 0x00000000, 0x00400200, 0x007F00FF
D_80872F90: .word 0xFFFF0000, 0x00000000
D_80872F98: .word \
0xE7000000, 0x00000000, 0xE3001001, 0x00000000, \
0xD9FFF9FF, 0x00000000, 0xD9FFFFFF, 0x00020000, \
0xFC127E03, 0xFFFFF3FB, 0xE200001C, 0xC8112078, \
0xD7000002, 0xFFFFFFFF, 0xFD900000
.word D_80872F90
.word \
0xF5900000, 0x07004010, 0xE6000000, 0x00000000, \
0xF3000000, 0x07001800, 0xE7000000, 0x00000000, \
0xF5880200, 0x00004010, 0xF2000000, 0x00004004, \
0xFA000000, 0xC8C800FF, 0x01004008
.word D_80872F10
.word 0xDF000000, 0x00000000
D_80873020: .word 0x01004008
.word D_80872F10
.word \
0x06080A02, 0x00080200, 0x060C0E06, 0x000C0604, \
0xDF000000, 0x00000000
D_80873040: .word 0x01004010
.word D_80872F50
.word \
0x0600020A, 0x00000A08, 0x0604060E, 0x00040E0C, \
0xDF000000, 0x00000000
D_80873060: .word \
0x7A8982C9, 0x6AD76A47, 0x930B8BDF, 0x39417249, \
0x9B4DA38D, 0x8B0B51C5, 0xFFFF0001, 0xB40FB56B, \
0x8ACEFFFF, 0xFFFFFFFF, 0xFFFFFFFF, 0xFFFFFFFF, \
0xFFFFFFFF, 0xFFFFFFFF, 0xFFFFFFFF, 0xFFFFFFFF, \
0xFFFFFFFF, 0xFFFFFFFF, 0xFFFFFFFF, 0xFFFFFFFF, \
0xFFFFFFFF, 0xFFFFFFFF, 0xFFFFFFFF, 0xFFFFFFFF, \
0xFFFFFFFF, 0xFFFFFFFF, 0xFFFFFFFF, 0xFFFFFFFF, \
0xFFFFFFFF, 0xFFFFFFFF, 0xFFFFFFFF, 0xFFFFFFFF, \
0xFFFFFFFF, 0xFFFFFFFF, 0xFFFFFFFF, 0xFFFFFFFF, \
0xFFFFFFFF, 0xFFFFFFFF, 0xFFFFFFFF, 0xFFFFFFFF, \
0xFFFFFFFF, 0xFFFFFFFF, 0xFFFFFFFF, 0xFFFFFFFF, \
0xFFFFFFFF, 0xFFFFFFFF, 0xFFFFFFFF, 0xFFFFFFFF, \
0xFFFFFFFF, 0xFFFFFFFF, 0xFFFFFFFF, 0xFFFFFFFF, \
0xFFFFFFFF, 0xFFFFFFFF, 0xFFFFFFFF, 0xFFFFFFFF, \
0xFFFFFFFF, 0xFFFFFFFF, 0xFFFFFFFF, 0xFFFFFFFF, \
0xFFFFFFFF, 0xFFFFFFFF, 0xFFFFFFFF, 0xFFFFFFFF, \
0xFFFFFFFF, 0xFFFFFFFF, 0xFFFFFFFF, 0xFFFFFFFF, \
0xFFFFFFFF, 0xFFFFFFFF, 0xFFFFFFFF, 0xFFFFFFFF, \
0xFFFFFFFF, 0xFFFFFFFF, 0xFFFFFFFF, 0xFFFFFFFF, \
0xFFFFFFFF, 0xFFFFFFFF, 0xFFFFFFFF, 0xFFFFFFFF, \
0xFFFFFFFF, 0xFFFFFFFF, 0xFFFFFFFF, 0xFFFFFFFF, \
0xFFFFFFFF, 0xFFFFFFFF, 0xFFFFFFFF, 0xFFFFFFFF, \
0xFFFFFFFF, 0xFFFFFFFF, 0xFFFFFFFF, 0xFFFFFFFF, \
0xFFFFFFFF, 0xFFFFFFFF, 0xFFFFFFFF, 0xFFFFFFFF, \
0xFFFFFFFF, 0xFFFFFFFF, 0xFFFFFFFF, 0xFFFFFFFF, \
0xFFFFFFFF, 0xFFFFFFFF, 0xFFFFFFFF, 0xFFFFFFFF, \
0xFFFFFFFF, 0xFFFFFFFF, 0xFFFFFFFF, 0xFFFFFFFF, \
0xFFFFFFFF, 0xFFFFFFFF, 0xFFFFFFFF, 0xFFFFFFFF, \
0xFFFFFFFF, 0xFFFFFFFF, 0xFFFFFFFF, 0xFFFFFFFF, \
0xFFFFFFFF, 0xFFFFFFFF, 0xFFFFFFFF, 0xFFFFFFFF, \
0xFFFFFFFF, 0xFFFFFFFF, 0xFFFFFFFF, 0xFFFFFFFF, \
0xFFFFFFFF, 0xFFFFFFFF, 0xFFFFFFFF, 0xFFFFFFFF
D_80873260: .word \
0x06020002, 0x02050202, 0x02020205, 0x05000D05, \
0x05050202, 0x02020202, 0x02020202, 0x0D050F0D, \
0x00020B02, 0x02020202, 0x02020202, 0x02020005, \
0x05020202, 0x02020202, 0x05050502, 0x0D020F06, \
0x00020102, 0x05020202, 0x02020202, 0x02020105, \
0x02020202, 0x02020505, 0x05050202, 0x05010206, \
0x05050505, 0x05050505, 0x090A0A09, 0x09090909, \
0x05050909, 0x09050505, 0x05090505, 0x05050500, \
0x060D0D0D, 0x0D0D0606, 0x06060D0D, 0x060D0D0D, \
0x0D0D0D0D, 0x0D0D0D0D, 0x0D0D0D0D, 0x0D0D060D, \
0x060B0606, 0x0B0B0B03, 0x0300030B, 0x0B0B0D0B, \
0x03010400, 0x0B06060B, 0x0303030A, 0x040A0B06, \
0x06000A00, 0x01010A09, 0x04040A01, 0x0A030604, \
0x0E0E0E04, 0x03010104, 0x01040909, 0x0E0E010B, \
0x06030301, 0x000A0109, 0x0A0A0A01, 0x0A0B0601, \
0x0909090A, 0x0301040A, 0x010A040A, 0x0909000B, \
0x0B010101, 0x00000104, 0x03030101, 0x000B060A, \
0x090E0401, 0x010A010A, 0x0A0A0409, 0x0904030B, \
0x0603010A, 0x01010904, 0x090A0103, 0x030B060A, \
0x09040404, 0x040A0101, 0x03010409, 0x0E09000B, \
0x0B0A030A, 0x01010A0A, 0x09040A0A, 0x0A030600, \
0x04090A0A, 0x09090A0A, 0x010A0909, 0x0E0E0306, \
0x06010A01, 0x0A0A0A04, 0x0909000A, 0x0003060A, \
0x0401090E, 0x0E040A03, 0x0A0A0A09, 0x090E010B, \
0x0B01010A, 0x000A0A09, 0x0909010A, 0x01030604, \
0x0E090901, 0x0904040A, 0x0A04090E, 0x04090A06, \
0x0B000A01, 0x0A000A09, 0x040A0A01, 0x01030601, \
0x040E090A, 0x010A040A, 0x030A0A0A, 0x09090A0B, \
0x060B010A, 0x0A010A04, 0x04010A03, 0x0103060A, \
0x0E090A03, 0x030A0A01, 0x01010901, 0x0E09030B, \
0x0B0B030A, 0x0A010A0A, 0x040A0001, 0x0A030603, \
0x04040409, 0x090A0109, 0x010A090E, 0x0E04030B, \
0x0B0A0A03, 0x01000104, 0x0904090A, 0x0003060A, \
0x09040101, 0x09090909, 0x00010409, 0x09090306, \
0x0B0A0A01, 0x0001010A, 0x04090A01, 0x01000603, \
0x0A000A0E, 0x09040400, 0x01010A04, 0x09090306, \
0x0600010A, 0x04010A09, 0x09090A0A, 0x01030601, \
0x01000A0E, 0x0E09090A, 0x090A0909, 0x0E090106, \
0x060A010A, 0x01010409, 0x0904010A, 0x01030601, \
0x0A0A0409, 0x0E09090A, 0x09040904, 0x040A030B, \
0x060B0303, 0x000A0404, 0x0909010A, 0x0A00060A, \
0x04010109, 0x04040904, 0x0A040909, 0x0909030B, \
0x0B030301, 0x010A0409, 0x0E090A01, 0x0A030600, \
0x09010409, 0x0A090A01, 0x03040409, 0x0E040306, \
0x060A0003, 0x03010404, 0x0909090A, 0x01030603, \
0x01010A04, 0x09010A04, 0x0A0A0A0A, 0x090E0106, \
0x06000000, 0x01000A01, 0x09090101, 0x010B0603, \
0x030B0303, 0x09090A0A, 0x0A000A0A, 0x09090306, \
0x06030300, 0x03010A04, 0x09040A01, 0x0A030603, \
0x010B0000, 0x0304040A, 0x0A0A0301, 0x09040106, \
0x06030100, 0x010A0A04, 0x09040101, 0x0A0B0600, \
0x0A03000A, 0x0A01040A, 0x01010303, 0x09090306, \
0x06000003, 0x03030101, 0x0404010A, 0x010B0603, \
0x040A010B, 0x00010401, 0x090A0100, 0x0A0A0006, \
0x0B030003, 0x0301030B, 0x00030B0B, 0x03060B06, \
0x0B00010A, 0x01000B03, 0x0A030303, 0x0B03000B, \
0x0C0C0C0C, 0x0C0C0C0C, 0x0C0C0C0C, 0x0C0C0C0C, \
0x0C0C0C0C, 0x0C0C0C0C, 0x0C0C0C0C, 0x0C0C0C03, \
0x050F0505, 0x05050F0F, 0x0F050505, 0x050F0F0F, \
0x05050505, 0x05050F0F, 0x0F020002, 0x02020F0D, \
0x02050505, 0x05050202, 0x02050202, 0x02020F0F, \
0x05050502, 0x05020202, 0x02000002, 0x05050F0D, \
0x06050C02, 0x02020505, 0x05020000, 0x02020F05, \
0x02020202, 0x02020202, 0x02020202, 0x050C0F0D
D_80873660: .word \
0xFD120000, 0x00000000, 0x02000400, 0x880000FF, \
0xFD120256, 0xFEA70000, 0x03FF0000, 0x880000FF, \
0xFD120000, 0xFD4E0000, 0x00000000, 0x880000FF, \
0x02EE0000, 0x00000000, 0x02000400, 0x780000FF, \
0x02EEFDAA, 0x01590000, 0x00000000, 0x780000FF, \
0x02EEFDAA, 0xFEA70000, 0x03FF0000, 0x780000FF, \
0x02EE0000, 0x00000000, 0x01FF0400, 0x780000FF, \
0x02EE0256, 0xFEA70000, 0x00000000, 0x780000FF, \
0x02EE0256, 0x01590000, 0x03FF0000, 0x780000FF, \
0x02EE0000, 0xFD4E0000, 0x00000000, 0x780000FF, \
0x02EE0256, 0xFEA70000, 0x03FF0000, 0x780000FF, \
0x02EE0000, 0x00000000, 0x02000400, 0x780000FF, \
0x02EE0000, 0x00000000, 0x01FF03FF, 0x780000FF, \
0x02EEFDAA, 0xFEA70000, 0x00000000, 0x780000FF, \
0x02EE0000, 0xFD4E0000, 0x03FF0000, 0x780000FF, \
0x02EE0000, 0x02B20000, 0x00000000, 0x780000FF, \
0x02EEFDAA, 0x01590000, 0x03FF0000, 0x780000FF, \
0x02EE0256, 0x01590000, 0x00000000, 0x780000FF, \
0x02EE0000, 0x02B20000, 0x04000000, 0x780000FF, \
0x02EE0000, 0x00000000, 0x02000400, 0x780000FF, \
0xFD12FDAA, 0x01590000, 0x03FF0000, 0x880000FF, \
0xFD120000, 0x02B20000, 0x00000000, 0x880000FF, \
0xFD12FDAA, 0xFEA70000, 0x03FF0000, 0x880000FF, \
0xFD12FDAA, 0x01590000, 0x00000000, 0x880000FF, \
0xFD120000, 0x00000000, 0x02000400, 0x880000FF, \
0xFD120000, 0x00000000, 0x01FF03FF, 0x880000FF, \
0xFD120000, 0xFD4E0000, 0x03FF0000, 0x880000FF, \
0xFD12FDAA, 0xFEA70000, 0x00000000, 0x880000FF, \
0xFD120256, 0x01590000, 0x03FF0000, 0x880000FF, \
0xFD120256, 0xFEA70000, 0x00000000, 0x880000FF, \
0xFD120000, 0x00000000, 0x01FF0400, 0x880000FF
D_80873850: .word \
0xFD120000, 0x00000000, 0x02000400, 0x880000FF, \
0xFD120000, 0x02B20000, 0x04000000, 0x880000FF, \
0xFD120256, 0x01590000, 0x00000000, 0x880000FF, \
0x02EE0000, 0xFD4E0000, 0x0000FF9A, 0x2DEB93FF, \
0x02EEFDAA, 0xFEA70000, 0x0400FF9A, 0x2D97DCFF, \
0x0000FC9E, 0xFE0C0000, 0x04000400, 0x0099C5FF, \
0x02EE0000, 0x02B20000, 0x0000FF9A, 0x2D156DFF, \
0x02EE0256, 0x01590000, 0x0400FF9A, 0x2D6924FF, \
0x00000362, 0x01F40000, 0x040003FF, 0x00673BFF, \
0x02EE0256, 0x01590000, 0x0000FF9A, 0x2D6924FF, \
0x02EE0256, 0xFEA70000, 0x0400FF9A, 0x2D54B8FF, \
0x00000362, 0xFE0C0000, 0x03FF0400, 0x0067C4FF, \
0xFD120256, 0xFEA70000, 0x04000466, 0xD369DCFF, \
0xFD120256, 0x01590000, 0x00000466, 0xD35448FF, \
0x00000362, 0x01F40000, 0x00000000, 0x00673BFF, \
0xFD120256, 0x01590000, 0x04000466, 0xD35448FF, \
0xFD120000, 0x02B20000, 0x00000466, 0xD3EB6DFF, \
0x00000000, 0x03E80000, 0x00000000, 0x000078FF, \
0xFD120000, 0x02B20000, 0x04000466, 0xD3EB6DFF, \
0xFD12FDAA, 0x01590000, 0x00000466, 0xD39724FF, \
0x0000FC9E, 0x01F40000, 0x00000000, 0x00993CFF, \
0xFD12FDAA, 0x01590000, 0x04000466, 0xD39724FF, \
0xFD12FDAA, 0xFEA70000, 0x00000466, 0xD3ACB8FF, \
0x0000FC9E, 0xFE0C0000, 0x00000000, 0x0099C5FF, \
0xFD12FDAA, 0xFEA70000, 0x04000466, 0xD3ACB8FF, \
0xFD120000, 0xFD4E0000, 0x00000466, 0xD31593FF, \
0x00000000, 0xFC180000, 0x00000000, 0x000088FF, \
0xFD120000, 0xFD4E0000, 0x04000466, 0xD31593FF, \
0xFD120256, 0xFEA70000, 0x00000466, 0xD369DCFF, \
0x00000362, 0xFE0C0000, 0x00000000, 0x0067C4FF
D_80873A30: .word \
0x02EE0256, 0xFEA70000, 0x0000FF9A, 0x2D54B8FF, \
0x02EE0000, 0xFD4E0000, 0x0400FF9A, 0x2DEB93FF, \
0x00000000, 0xFC180000, 0x04000400, 0x000088FF, \
0x02EEFDAA, 0xFEA70000, 0x0000FF9A, 0x2D97DCFF, \
0x02EEFDAA, 0x01590000, 0x0400FF9A, 0x2DAC48FF, \
0x0000FC9E, 0x01F40000, 0x04000400, 0x00993CFF, \
0x02EEFDAA, 0x01590000, 0x0000FF9A, 0x2DAC48FF, \
0x02EE0000, 0x02B20000, 0x0400FF9A, 0x2D156DFF, \
0x00000000, 0x03E80000, 0x040003FF, 0x000078FF, \
0x0000FC9E, 0x01F40000, 0x00000400, 0x00993CFF, \
0x0000FC9E, 0xFE0C0000, 0x00000400, 0x0099C5FF, \
0x0000FC9E, 0xFE0C0000, 0x04000400, 0x0099C5FF, \
0x00000000, 0xFC180000, 0x00000400, 0x000088FF, \
0x02EE0000, 0xFD4E0000, 0x0000FF9A, 0x2DEB93FF, \
0x00000362, 0xFE0C0000, 0x00000400, 0x0067C4FF, \
0x00000362, 0xFE0C0000, 0x03FF0400, 0x0067C4FF, \
0x00000362, 0x01F40000, 0x000003FF, 0x00673BFF, \
0x02EE0256, 0x01590000, 0x0000FF9A, 0x2D6924FF, \
0x00000362, 0x01F40000, 0x040003FF, 0x00673BFF, \
0x00000000, 0x03E80000, 0x000003FF, 0x000078FF, \
0x02EE0000, 0x02B20000, 0x0000FF9A, 0x2D156DFF, \
0x0000FC9E, 0x01F40000, 0x00000000, 0x00993CFF, \
0x00000000, 0x03E80000, 0x04000000, 0x000078FF, \
0xFD120000, 0x02B20000, 0x04000466, 0xD3EB6DFF, \
0x0000FC9E, 0xFE0C0000, 0x00000000, 0x0099C5FF, \
0x0000FC9E, 0x01F40000, 0x04000000, 0x00993CFF, \
0xFD12FDAA, 0x01590000, 0x04000466, 0xD39724FF, \
0x00000000, 0xFC180000, 0x00000000, 0x000088FF, \
0x0000FC9E, 0xFE0C0000, 0x04000000, 0x0099C5FF, \
0xFD12FDAA, 0xFEA70000, 0x04000466, 0xD3ACB8FF
D_80873C10: .word \
0x00000362, 0xFE0C0000, 0x00000000, 0x0067C4FF, \
0x00000000, 0xFC180000, 0x04000000, 0x000088FF, \
0xFD120000, 0xFD4E0000, 0x04000466, 0xD31593FF, \
0x00000362, 0x01F40000, 0x00000000, 0x00673BFF, \
0x00000362, 0xFE0C0000, 0x03FF0000, 0x0067C4FF, \
0xFD120256, 0xFEA70000, 0x04000466, 0xD369DCFF, \
0x00000000, 0x03E80000, 0x00000000, 0x000078FF, \
0x00000362, 0x01F40000, 0x04000000, 0x00673BFF, \
0xFD120256, 0x01590000, 0x04000466, 0xD35448FF
D_80873CA0: .word \
0xD7000002, 0xFFFFFFFF, 0xE7000000, 0x00000000, \
0xFC50FE04, 0xFFFFF3F8, 0xE200001C, 0xC8112078, \
0xE3001001, 0x00008000, 0xFD100000
.word D_80873060
.word \
0xE8000000, 0x00000000, 0xF5000100, 0x07000000, \
0xE6000000, 0x00000000, 0xF0000000, 0x073FC000, \
0xE7000000, 0x00000000, 0xFD500000
.word D_80873260
.word \
0xF5500000, 0x07014050, 0xE6000000, 0x00000000, \
0xF3000000, 0x071FF200, 0xE7000000, 0x00000000, \
0xF5480800, 0x00014050, 0xF2000000, 0x0007C07C, \
0xD9000000, 0x00230405, 0x01020040
.word D_80873660
.word \
0x06000204, 0x0006080A, 0x060C0E10, 0x00121416, \
0x06181A1C, 0x001E2016, 0x06222426, 0x0000282A, \
0x062C2E30, 0x00323436, 0x05383A3C, 0x00000000, \
0x01020040
.word D_80873850
.word \
0x06000204, 0x0006080A, 0x060C0E10, 0x00121416, \
0x06181A1C, 0x001E2022, 0x06242628, 0x002A2C2E, \
0x06303234, 0x0036383A, 0x01020040
.word D_80873A30
.word \
0x06000204, 0x0006080A, 0x060C0E10, 0x0010120C, \
0x060A1406, 0x0016181A, 0x06041C00, 0x001E2022, \
0x06242628, 0x002A2C2E, 0x06303234, 0x0036383A, \
0x01009012
.word D_80873C10
.word \
0x06000204, 0x0006080A, 0x050C0E10, 0x00000000, \
0xDF000000, 0x00000000
D_80873DF8: .word \
0x00013941, 0x6A815A01, 0x7AC151C1, 0xAC438B41, \
0x0801B443, 0xC4C5DDD3, 0x72C14181, 0xCD058341, \
0xDE15DD8F, 0xD54BBC85, 0x83016241, 0xB483DD8D, \
0xE617F725, 0xF6A1E657, 0xE659FF6B, 0x4981EE5B, \
0xDDD13101, 0xD549F6E3, 0xE61549C1, 0xFF273901, \
0xFFF3CD47, 0x2881F6E1, 0xEE9D9B81, 0xD58DA401, \
0x20811001, 0xFFAF7281, 0xFFF1EE9B, 0x414130C1, \
0xA3C11881, 0xFFAD8B81, 0xE5D3CCC5, 0x9381FFF5, \
0xD5478ACE, 0xFFFFFFFF, 0xFFFFFFFF, 0xFFFFFFFF, \
0xFFFFFFFF, 0xFFFFFFFF, 0xFFFFFFFF, 0xFFFFFFFF, \
0xFFFFFFFF, 0xFFFFFFFF, 0xFFFFFFFF, 0xFFFFFFFF, \
0xFFFFFFFF, 0xFFFFFFFF, 0xFFFFFFFF, 0xFFFFFFFF, \
0xFFFFFFFF, 0xFFFFFFFF, 0xFFFFFFFF, 0xFFFFFFFF, \
0xFFFFFFFF, 0xFFFFFFFF, 0xFFFFFFFF, 0xFFFFFFFF, \
0xFFFFFFFF, 0xFFFFFFFF, 0xFFFFFFFF, 0xFFFFFFFF, \
0xFFFFFFFF, 0xFFFFFFFF, 0xFFFFFFFF, 0xFFFFFFFF, \
0xFFFFFFFF, 0xFFFFFFFF, 0xFFFFFFFF, 0xFFFFFFFF, \
0xFFFFFFFF, 0xFFFFFFFF, 0xFFFFFFFF, 0xFFFFFFFF, \
0xFFFFFFFF, 0xFFFFFFFF, 0xFFFFFFFF, 0xFFFFFFFF, \
0xFFFFFFFF, 0xFFFFFFFF, 0xFFFFFFFF, 0xFFFFFFFF, \
0xFFFFFFFF, 0xFFFFFFFF, 0xFFFFFFFF, 0xFFFFFFFF, \
0xFFFFFFFF, 0xFFFFFFFF, 0xFFFFFFFF, 0xFFFFFFFF, \
0xFFFFFFFF, 0xFFFFFFFF, 0xFFFFFFFF, 0xFFFFFFFF, \
0xFFFFFFFF, 0xFFFFFFFF, 0xFFFFFFFF, 0xFFFFFFFF, \
0xFFFFFFFF, 0xFFFFFFFF, 0xFFFFFFFF, 0xFFFFFFFF, \
0xFFFFFFFF, 0xFFFFFFFF, 0xFFFFFFFF, 0xFFFFFFFF, \
0xFFFFFFFF, 0xFFFFFFFF, 0xFFFFFFFF, 0xFFFFFFFF, \
0xFFFFFFFF, 0xFFFFFFFF, 0xFFFFFFFF, 0xFFFFFFFF, \
0xFFFFFFFF, 0xFFFFFFFF, 0xFFFFFFFF, 0xFFFFFFFF, \
0xFFFFFFFF, 0xFFFFFFFF, 0xFFFFFFFF, 0xFFFFFFFF, \
0xFFFFFFFF, 0xFFFFFFFF, 0xFFFFFFFF, 0xFFFFFFFF, \
0xFFFFFFFF, 0xFFFFFFFF, 0xFFFFFFFF, 0xFFFFFFFF
D_80873FF8: .word \
0x41414141, 0x41414141, 0x41414141, 0x41414141, \
0x41414141, 0x41414141, 0x41414141, 0x41414141, \
0x41414141, 0x41414141, 0x41414141, 0x41414141, \
0x41414141, 0x41414141, 0x41414141, 0x41414141, \
0x41414141, 0x41414141, 0x41414141, 0x41414141, \
0x41414141, 0x41414141, 0x41414141, 0x41414105, \
0x41414102, 0x0F414141, 0x41414141, 0x41410D07, \
0x4141141C, 0x22414141, 0x41414141, 0x0415130E, \
0x41410220, 0x11024141, 0x41414103, 0x2D221217, \
0x41053E0E, 0x22130C41, 0x4104150A, 0x17113C24, \
0x41300407, 0x2F401215, 0x0D140E12, 0x20181F35, \
0x41412A05, 0x05140301, 0x070A2211, 0x182C2B23, \
0x41414141, 0x05210D0C, 0x2F0A1724, 0x1F23261D, \
0x41414141, 0x410D152D, 0x05371418, 0x2C193A28, \
0x41414141, 0x410D1405, 0x31313129, 0x2B26323F, \
0x41414141, 0x0D150605, 0x31313140, 0x2B19343F, \
0x41414141, 0x0D140616, 0x05210424, 0x2C231F26, \
0x41414141, 0x0D153E06, 0x16161220, 0x1F243140, \
0x41414141, 0x4115143E, 0x06160E12, 0x24111512, \
0x41414141, 0x410D1514, 0x3E061640, 0x173C1C1C, \
0x41414141, 0x41020D15, 0x143E0404, 0x3E060E3D, \
0x41414102, 0x02020D0D, 0x15150407, 0x07013121, \
0x4141020C, 0x023E3303, 0x0D150911, 0x1C3C121C, \
0x41053807, 0x020D0341, 0x41020314, 0x0A18261D, \
0x4102010D, 0x03414141, 0x41414141, 0x0214040F, \
0x41412103, 0x03414141, 0x41414141, 0x41414141, \
0x41414103, 0x41414141, 0x41414141, 0x41414141, \
0x41414141, 0x41414141, 0x41414141, 0x41414141, \
0x41414141, 0x41414141, 0x41414141, 0x41414141, \
0x41414141, 0x41414141, 0x41414141, 0x41414141, \
0x41414141, 0x41414141, 0x41414141, 0x41414141, \
0x41414141, 0x41414141, 0x41414141, 0x41414141
D_808741F8: .word \
0x0000FD4B, 0x028B0000, 0x01FF047F, 0x00C567FF, \
0x00000000, 0x041A0000, 0x01FF01FF, 0x000078FF, \
0xFD120000, 0x02D50000, 0xFEAB0200, 0xD1006EFF, \
0x02EE0000, 0x02D50000, 0xFEAB01FF, 0x2F006EFF, \
0x00000000, 0x041A0000, 0x020001FF, 0x000078FF, \
0x0000FD4B, 0x028B0000, 0x0200047F, 0x00C567FF, \
0x000002B5, 0x028B0000, 0x01FFFF80, 0x003B67FF, \
0x0000FD4B, 0xFD750000, 0x01FF0480, 0x00C599FF, \
0x00000000, 0xFBE60000, 0x01FF0200, 0x000088FF, \
0x02EE0000, 0xFD2B0000, 0xFEAB0200, 0x2F0092FF, \
0xFD120000, 0xFD2B0000, 0xFEAB0200, 0xD10092FF, \
0x00000000, 0xFBE60000, 0x02000200, 0x000088FF, \
0x0000FD4B, 0xFD750000, 0x02000480, 0x00C599FF, \
0x000002B5, 0xFD750000, 0x01FFFF81, 0x003B99FF, \
0x000002B5, 0x028B0000, 0x0200FF80, 0x003B67FF, \
0x000002B5, 0xFD750000, 0x0200FF81, 0x003B99FF
D_808742F8: .word \
0xD7000002, 0xFFFFFFFF, 0xE7000000, 0x00000000, \
0xFC50FE04, 0xFFFFF3F8, 0xE200001C, 0xC8113078, \
0xE3001001, 0x00008000, 0xFD100000
.word D_80873DF8
.word \
0xE8000000, 0x00000000, 0xF5000100, 0x07000000, \
0xE6000000, 0x00000000, 0xF0000000, 0x073FC000, \
0xE7000000, 0x00000000, 0xFD500000
.word D_80873FF8
.word \
0xF5500000, 0x07054340, 0xE6000000, 0x00000000, \
0xF3000000, 0x070FF400, 0xE7000000, 0x00000000, \
0xF5480400, 0x00054340, 0xF2000000, 0x0003C07C, \
0xD9000000, 0x00230405, 0x01010020
.word D_808741F8
.word \
0x06000204, 0x0006080A, 0x0604020C, 0x000E1012, \
0x06141618, 0x0012101A, 0x061C0806, 0x001E1614, \
0xDF000000, 0x00000000

.section .rodata

D_808743C0: .word 0x3F333333
D_808743C4: .word 0x40490FDB
D_808743C8: .word 0x40490FDB
D_808743CC: .word 0x3DCCCCCD
D_808743D0: .word 0x3E4CCCCD
D_808743D4: .word 0x446D8000
D_808743D8: .word 0xBF99999A
D_808743DC: .word 0x3E4CCCCD
D_808743E0: .word 0x3E4CCCCD
D_808743E4: .word 0x3B03126F
D_808743E8: .word 0x3DCCCCCD
D_808743EC: .word 0x3B888889
D_808743F0: .word 0x3C23D70A, 0x00000000, 0x00000000, 0x00000000

.bss

D_80874650: .space 0x18
D_80874668: .space 0x02
D_8087466A: .space 0x02
D_8087466C: .space 0x1A4

.section .rodata
D_80874400:
.incbin "baserom/En_Bom", 0x3650, 0x00000250
