.include "macro.inc"

# assembler directives
.set noat      # allow manual use of $at
.set noreorder # don't insert nops after branches
.set gp=64     # allow use of 64-bit general purpose registers

.section .text
glabel func_808C1D40
/* 00000 808C1D40 27BDFFD0 */  addiu   $sp, $sp, 0xFFD0           ## $sp = FFFFFFD0
/* 00004 808C1D44 AFB00028 */  sw      $s0, 0x0028($sp)           
/* 00008 808C1D48 00808025 */  or      $s0, $a0, $zero            ## $s0 = 00000000
/* 0000C 808C1D4C AFBF002C */  sw      $ra, 0x002C($sp)           
/* 00010 808C1D50 AFA50034 */  sw      $a1, 0x0034($sp)           
/* 00014 808C1D54 3C05808C */  lui     $a1, %hi(D_808C37F4)       ## $a1 = 808C0000
/* 00018 808C1D58 24A537F4 */  addiu   $a1, $a1, %lo(D_808C37F4)  ## $a1 = 808C37F4
/* 0001C 808C1D5C 0C03FEB7 */  jal     func_800FFADC              
/* 00020 808C1D60 02002025 */  or      $a0, $s0, $zero            ## $a0 = 00000000
/* 00024 808C1D64 3C060600 */  lui     $a2, 0x0600                ## $a2 = 06000000
/* 00028 808C1D68 3C070600 */  lui     $a3, 0x0600                ## $a3 = 06000000
/* 0002C 808C1D6C 260E0188 */  addiu   $t6, $s0, 0x0188           ## $t6 = 00000188
/* 00030 808C1D70 260F01E8 */  addiu   $t7, $s0, 0x01E8           ## $t7 = 000001E8
/* 00034 808C1D74 24180010 */  addiu   $t8, $zero, 0x0010         ## $t8 = 00000010
/* 00038 808C1D78 AFB80018 */  sw      $t8, 0x0018($sp)           
/* 0003C 808C1D7C AFAF0014 */  sw      $t7, 0x0014($sp)           
/* 00040 808C1D80 AFAE0010 */  sw      $t6, 0x0010($sp)           
/* 00044 808C1D84 24E70444 */  addiu   $a3, $a3, 0x0444           ## $a3 = 06000444
/* 00048 808C1D88 24C61A30 */  addiu   $a2, $a2, 0x1A30           ## $a2 = 06001A30
/* 0004C 808C1D8C 8FA40034 */  lw      $a0, 0x0034($sp)           
/* 00050 808C1D90 0C04DA9F */  jal     func_80136A7C              
/* 00054 808C1D94 26050144 */  addiu   $a1, $s0, 0x0144           ## $a1 = 00000144
/* 00058 808C1D98 3C07808C */  lui     $a3, %hi(D_808C37A0)       ## $a3 = 808C0000
/* 0005C 808C1D9C 24E737A0 */  addiu   $a3, $a3, %lo(D_808C37A0)  ## $a3 = 808C37A0
/* 00060 808C1DA0 8FA40034 */  lw      $a0, 0x0034($sp)           
/* 00064 808C1DA4 260502F4 */  addiu   $a1, $s0, 0x02F4           ## $a1 = 000002F4
/* 00068 808C1DA8 0C038897 */  jal     func_800E225C              
/* 0006C 808C1DAC 02003025 */  or      $a2, $s0, $zero            ## $a2 = 00000000
/* 00070 808C1DB0 3C0544BB */  lui     $a1, 0x44BB                ## $a1 = 44BB0000
/* 00074 808C1DB4 3C06800B */  lui     $a2, 0x800B                ## $a2 = 800B0000
/* 00078 808C1DB8 24C63FC0 */  addiu   $a2, $a2, 0x3FC0           ## $a2 = 800B3FC0
/* 0007C 808C1DBC 34A58000 */  ori     $a1, $a1, 0x8000           ## $a1 = 44BB8000
/* 00080 808C1DC0 260400BC */  addiu   $a0, $s0, 0x00BC           ## $a0 = 000000BC
/* 00084 808C1DC4 0C02CEE9 */  jal     func_800B3BA4              
/* 00088 808C1DC8 3C07420C */  lui     $a3, 0x420C                ## $a3 = 420C0000
/* 0008C 808C1DCC 3C05808C */  lui     $a1, %hi(D_808C37CC)       ## $a1 = 808C0000
/* 00090 808C1DD0 3C06808C */  lui     $a2, %hi(D_808C37EC)       ## $a2 = 808C0000
/* 00094 808C1DD4 24C637EC */  addiu   $a2, $a2, %lo(D_808C37EC)  ## $a2 = 808C37EC
/* 00098 808C1DD8 24A537CC */  addiu   $a1, $a1, %lo(D_808C37CC)  ## $a1 = 808C37CC
/* 0009C 808C1DDC 0C039D4C */  jal     func_800E7530              
/* 000A0 808C1DE0 260400A0 */  addiu   $a0, $s0, 0x00A0           ## $a0 = 000000A0
/* 000A4 808C1DE4 3C01808C */  lui     $at, %hi(D_808C3820)       ## $at = 808C0000
/* 000A8 808C1DE8 C4243820 */  lwc1    $f4, %lo(D_808C3820)($at)  
/* 000AC 808C1DEC 3C013F80 */  lui     $at, 0x3F80                ## $at = 3F800000
/* 000B0 808C1DF0 44813000 */  mtc1    $at, $f6                   ## $f6 = 1.00
/* 000B4 808C1DF4 3C014248 */  lui     $at, 0x4248                ## $at = 42480000
/* 000B8 808C1DF8 44815000 */  mtc1    $at, $f10                  ## $f10 = 50.00
/* 000BC 808C1DFC C6080028 */  lwc1    $f8, 0x0028($s0)           ## 00000028
/* 000C0 808C1E00 8602001C */  lh      $v0, 0x001C($s0)           ## 0000001C
/* 000C4 808C1E04 240100FF */  addiu   $at, $zero, 0x00FF         ## $at = 000000FF
/* 000C8 808C1E08 460A4400 */  add.s   $f16, $f8, $f10            
/* 000CC 808C1E0C 00021203 */  sra     $v0, $v0,  8               
/* 000D0 808C1E10 304200FF */  andi    $v0, $v0, 0x00FF           ## $v0 = 00000000
/* 000D4 808C1E14 E6040268 */  swc1    $f4, 0x0268($s0)           ## 00000268
/* 000D8 808C1E18 E6100028 */  swc1    $f16, 0x0028($s0)          ## 00000028
/* 000DC 808C1E1C 14410005 */  bne     $v0, $at, .L808C1E34       
/* 000E0 808C1E20 E6060264 */  swc1    $f6, 0x0264($s0)           ## 00000264
/* 000E4 808C1E24 3C014348 */  lui     $at, 0x4348                ## $at = 43480000
/* 000E8 808C1E28 44819000 */  mtc1    $at, $f18                  ## $f18 = 200.00
/* 000EC 808C1E2C 10000007 */  beq     $zero, $zero, .L808C1E4C   
/* 000F0 808C1E30 E6120260 */  swc1    $f18, 0x0260($s0)          ## 00000260
.L808C1E34:
/* 000F4 808C1E34 44822000 */  mtc1    $v0, $f4                   ## $f4 = 0.00
/* 000F8 808C1E38 3C014080 */  lui     $at, 0x4080                ## $at = 40800000
/* 000FC 808C1E3C 44814000 */  mtc1    $at, $f8                   ## $f8 = 4.00
/* 00100 808C1E40 468021A0 */  cvt.s.w $f6, $f4                   
/* 00104 808C1E44 46083282 */  mul.s   $f10, $f6, $f8             
/* 00108 808C1E48 E60A0260 */  swc1    $f10, 0x0260($s0)          ## 00000260
.L808C1E4C:
/* 0010C 808C1E4C 0C230835 */  jal     func_808C20D4              
/* 00110 808C1E50 02002025 */  or      $a0, $s0, $zero            ## $a0 = 00000000
/* 00114 808C1E54 8FBF002C */  lw      $ra, 0x002C($sp)           
/* 00118 808C1E58 8FB00028 */  lw      $s0, 0x0028($sp)           
/* 0011C 808C1E5C 27BD0030 */  addiu   $sp, $sp, 0x0030           ## $sp = 00000000
/* 00120 808C1E60 03E00008 */  jr      $ra                        
/* 00124 808C1E64 00000000 */  nop


glabel func_808C1E68
/* 00128 808C1E68 27BDFFE8 */  addiu   $sp, $sp, 0xFFE8           ## $sp = FFFFFFE8
/* 0012C 808C1E6C AFBF0014 */  sw      $ra, 0x0014($sp)           
/* 00130 808C1E70 00803025 */  or      $a2, $a0, $zero            ## $a2 = 00000000
/* 00134 808C1E74 00A03825 */  or      $a3, $a1, $zero            ## $a3 = 00000000
/* 00138 808C1E78 00E02025 */  or      $a0, $a3, $zero            ## $a0 = 00000000
/* 0013C 808C1E7C 0C038869 */  jal     func_800E21A4              
/* 00140 808C1E80 24C502F4 */  addiu   $a1, $a2, 0x02F4           ## $a1 = 000002F4
/* 00144 808C1E84 8FBF0014 */  lw      $ra, 0x0014($sp)           
/* 00148 808C1E88 27BD0018 */  addiu   $sp, $sp, 0x0018           ## $sp = 00000000
/* 0014C 808C1E8C 03E00008 */  jr      $ra                        
/* 00150 808C1E90 00000000 */  nop


glabel func_808C1E94
/* 00154 808C1E94 94820090 */  lhu     $v0, 0x0090($a0)           ## 00000090
/* 00158 808C1E98 304E0008 */  andi    $t6, $v0, 0x0008           ## $t6 = 00000000
/* 0015C 808C1E9C 11C00016 */  beq     $t6, $zero, .L808C1EF8     
/* 00160 808C1EA0 00000000 */  nop
/* 00164 808C1EA4 848500BE */  lh      $a1, 0x00BE($a0)           ## 000000BE
/* 00168 808C1EA8 84860086 */  lh      $a2, 0x0086($a0)           ## 00000086
/* 0016C 808C1EAC 00A61823 */  subu    $v1, $a1, $a2              
/* 00170 808C1EB0 00031C00 */  sll     $v1, $v1, 16               
/* 00174 808C1EB4 00031C03 */  sra     $v1, $v1, 16               
/* 00178 808C1EB8 04610003 */  bgez    $v1, .L808C1EC8            
/* 0017C 808C1EBC 00603825 */  or      $a3, $v1, $zero            ## $a3 = 00000000
/* 00180 808C1EC0 10000001 */  beq     $zero, $zero, .L808C1EC8   
/* 00184 808C1EC4 00033823 */  subu    $a3, $zero, $v1            
.L808C1EC8:
/* 00188 808C1EC8 28E14001 */  slti    $at, $a3, 0x4001           
/* 0018C 808C1ECC 14200007 */  bne     $at, $zero, .L808C1EEC     
/* 00190 808C1ED0 00067840 */  sll     $t7, $a2,  1               
/* 00194 808C1ED4 01E5C023 */  subu    $t8, $t7, $a1              
/* 00198 808C1ED8 24018000 */  addiu   $at, $zero, 0x8000         ## $at = FFFF8000
/* 0019C 808C1EDC 0301C821 */  addu    $t9, $t8, $at              
/* 001A0 808C1EE0 A49900BE */  sh      $t9, 0x00BE($a0)           ## 000000BE
/* 001A4 808C1EE4 848500BE */  lh      $a1, 0x00BE($a0)           ## 000000BE
/* 001A8 808C1EE8 94820090 */  lhu     $v0, 0x0090($a0)           ## 00000090
.L808C1EEC:
/* 001AC 808C1EEC 3048FFF7 */  andi    $t0, $v0, 0xFFF7           ## $t0 = 00000000
/* 001B0 808C1EF0 A4850254 */  sh      $a1, 0x0254($a0)           ## 00000254
/* 001B4 808C1EF4 A4880090 */  sh      $t0, 0x0090($a0)           ## 00000090
.L808C1EF8:
/* 001B8 808C1EF8 03E00008 */  jr      $ra                        
/* 001BC 808C1EFC 00000000 */  nop


glabel func_808C1F00
/* 001C0 808C1F00 27BDFFE0 */  addiu   $sp, $sp, 0xFFE0           ## $sp = FFFFFFE0
/* 001C4 808C1F04 AFBF001C */  sw      $ra, 0x001C($sp)           
/* 001C8 808C1F08 240E000A */  addiu   $t6, $zero, 0x000A         ## $t6 = 0000000A
/* 001CC 808C1F0C A08E024D */  sb      $t6, 0x024D($a0)           ## 0000024D
/* 001D0 808C1F10 3C01808C */  lui     $at, %hi(D_808C3824)       ## $at = 808C0000
/* 001D4 808C1F14 C4243824 */  lwc1    $f4, %lo(D_808C3824)($at)  
/* 001D8 808C1F18 3C01808C */  lui     $at, %hi(D_808C3828)       ## $at = 808C0000
/* 001DC 808C1F1C 8C980004 */  lw      $t8, 0x0004($a0)           ## 00000004
/* 001E0 808C1F20 E4840270 */  swc1    $f4, 0x0270($a0)           ## 00000270
/* 001E4 808C1F24 C4263828 */  lwc1    $f6, %lo(D_808C3828)($at)  
/* 001E8 808C1F28 3C013F80 */  lui     $at, 0x3F80                ## $at = 3F800000
/* 001EC 808C1F2C 44814000 */  mtc1    $at, $f8                   ## $f8 = 1.00
/* 001F0 808C1F30 2401FDFF */  addiu   $at, $zero, 0xFDFF         ## $at = FFFFFDFF
/* 001F4 808C1F34 240F0050 */  addiu   $t7, $zero, 0x0050         ## $t7 = 00000050
/* 001F8 808C1F38 0301C824 */  and     $t9, $t8, $at              
/* 001FC 808C1F3C A48F0250 */  sh      $t7, 0x0250($a0)           ## 00000250
/* 00200 808C1F40 AC990004 */  sw      $t9, 0x0004($a0)           ## 00000004
/* 00204 808C1F44 24080050 */  addiu   $t0, $zero, 0x0050         ## $t0 = 00000050
/* 00208 808C1F48 E4860274 */  swc1    $f6, 0x0274($a0)           ## 00000274
/* 0020C 808C1F4C E488026C */  swc1    $f8, 0x026C($a0)           ## 0000026C
/* 00210 808C1F50 AFA80010 */  sw      $t0, 0x0010($sp)           
/* 00214 808C1F54 24054000 */  addiu   $a1, $zero, 0x4000         ## $a1 = 00004000
/* 00218 808C1F58 240600FF */  addiu   $a2, $zero, 0x00FF         ## $a2 = 000000FF
/* 0021C 808C1F5C 0C02F2DC */  jal     func_800BCB70              
/* 00220 808C1F60 00003825 */  or      $a3, $zero, $zero          ## $a3 = 00000000
/* 00224 808C1F64 8FBF001C */  lw      $ra, 0x001C($sp)           
/* 00228 808C1F68 27BD0020 */  addiu   $sp, $sp, 0x0020           ## $sp = 00000000
/* 0022C 808C1F6C 03E00008 */  jr      $ra                        
/* 00230 808C1F70 00000000 */  nop


glabel func_808C1F74
/* 00234 808C1F74 27BDFFD0 */  addiu   $sp, $sp, 0xFFD0           ## $sp = FFFFFFD0
/* 00238 808C1F78 AFB00028 */  sw      $s0, 0x0028($sp)           
/* 0023C 808C1F7C 00808025 */  or      $s0, $a0, $zero            ## $s0 = 00000000
/* 00240 808C1F80 AFBF002C */  sw      $ra, 0x002C($sp)           
/* 00244 808C1F84 AFA50034 */  sw      $a1, 0x0034($sp)           
/* 00248 808C1F88 920E024D */  lbu     $t6, 0x024D($s0)           ## 0000024D
/* 0024C 808C1F8C 2401000A */  addiu   $at, $zero, 0x000A         ## $at = 0000000A
/* 00250 808C1F90 02002825 */  or      $a1, $s0, $zero            ## $a1 = 00000000
/* 00254 808C1F94 15C10012 */  bne     $t6, $at, .L808C1FE0       
/* 00258 808C1F98 26060278 */  addiu   $a2, $s0, 0x0278           ## $a2 = 00000278
/* 0025C 808C1F9C 44802000 */  mtc1    $zero, $f4                 ## $f4 = 0.00
/* 00260 808C1FA0 A200024D */  sb      $zero, 0x024D($s0)         ## 0000024D
/* 00264 808C1FA4 3C01808C */  lui     $at, %hi(D_808C382C)       ## $at = 808C0000
/* 00268 808C1FA8 E604026C */  swc1    $f4, 0x026C($s0)           ## 0000026C
/* 0026C 808C1FAC C426382C */  lwc1    $f6, %lo(D_808C382C)($at)  
/* 00270 808C1FB0 3C01808C */  lui     $at, %hi(D_808C3830)       ## $at = 808C0000
/* 00274 808C1FB4 C4283830 */  lwc1    $f8, %lo(D_808C3830)($at)  
/* 00278 808C1FB8 240F0002 */  addiu   $t7, $zero, 0x0002         ## $t7 = 00000002
/* 0027C 808C1FBC AFAF0010 */  sw      $t7, 0x0010($sp)           
/* 00280 808C1FC0 8FA40034 */  lw      $a0, 0x0034($sp)           
/* 00284 808C1FC4 24070005 */  addiu   $a3, $zero, 0x0005         ## $a3 = 00000005
/* 00288 808C1FC8 E7A60014 */  swc1    $f6, 0x0014($sp)           
/* 0028C 808C1FCC 0C02FDF3 */  jal     func_800BF7CC              
/* 00290 808C1FD0 E7A80018 */  swc1    $f8, 0x0018($sp)           
/* 00294 808C1FD4 8E180004 */  lw      $t8, 0x0004($s0)           ## 00000004
/* 00298 808C1FD8 37190200 */  ori     $t9, $t8, 0x0200           ## $t9 = 00000200
/* 0029C 808C1FDC AE190004 */  sw      $t9, 0x0004($s0)           ## 00000004
.L808C1FE0:
/* 002A0 808C1FE0 8FBF002C */  lw      $ra, 0x002C($sp)           
/* 002A4 808C1FE4 8FB00028 */  lw      $s0, 0x0028($sp)           
/* 002A8 808C1FE8 27BD0030 */  addiu   $sp, $sp, 0x0030           ## $sp = 00000000
/* 002AC 808C1FEC 03E00008 */  jr      $ra                        
/* 002B0 808C1FF0 00000000 */  nop


glabel func_808C1FF4
/* 002B4 808C1FF4 27BDFFE0 */  addiu   $sp, $sp, 0xFFE0           ## $sp = FFFFFFE0
/* 002B8 808C1FF8 AFB00018 */  sw      $s0, 0x0018($sp)           
/* 002BC 808C1FFC 00808025 */  or      $s0, $a0, $zero            ## $s0 = 00000000
/* 002C0 808C2000 AFBF001C */  sw      $ra, 0x001C($sp)           
/* 002C4 808C2004 0C04DB34 */  jal     func_80136CD0              
/* 002C8 808C2008 26040144 */  addiu   $a0, $s0, 0x0144           ## $a0 = 00000144
/* 002CC 808C200C 3C01C6FA */  lui     $at, 0xC6FA                ## $at = C6FA0000
/* 002D0 808C2010 44812000 */  mtc1    $at, $f4                   ## $f4 = -32000.00
/* 002D4 808C2014 C6000088 */  lwc1    $f0, 0x0088($s0)           ## 00000088
/* 002D8 808C2018 4600203C */  c.lt.s  $f4, $f0                   
/* 002DC 808C201C 00000000 */  nop
/* 002E0 808C2020 45000008 */  bc1f    .L808C2044                 
/* 002E4 808C2024 00000000 */  nop
/* 002E8 808C2028 C606025C */  lwc1    $f6, 0x025C($s0)           ## 0000025C
/* 002EC 808C202C 26040028 */  addiu   $a0, $s0, 0x0028           ## $a0 = 00000028
/* 002F0 808C2030 3C063F00 */  lui     $a2, 0x3F00                ## $a2 = 3F000000
/* 002F4 808C2034 46060200 */  add.s   $f8, $f0, $f6              
/* 002F8 808C2038 44054000 */  mfc1    $a1, $f8                   
/* 002FC 808C203C 0C03FC0F */  jal     func_800FF03C              
/* 00300 808C2040 00000000 */  nop
.L808C2044:
/* 00304 808C2044 0C03FB51 */  jal     func_800FED44              
/* 00308 808C2048 86040256 */  lh      $a0, 0x0256($s0)           ## 00000256
/* 0030C 808C204C C60A0028 */  lwc1    $f10, 0x0028($s0)          ## 00000028
/* 00310 808C2050 860E0256 */  lh      $t6, 0x0256($s0)           ## 00000256
/* 00314 808C2054 3C053F4C */  lui     $a1, 0x3F4C                ## $a1 = 3F4C0000
/* 00318 808C2058 46005400 */  add.s   $f16, $f10, $f0            
/* 0031C 808C205C 3C063DCC */  lui     $a2, 0x3DCC                ## $a2 = 3DCC0000
/* 00320 808C2060 25CF0826 */  addiu   $t7, $t6, 0x0826           ## $t7 = 00000826
/* 00324 808C2064 A60F0256 */  sh      $t7, 0x0256($s0)           ## 00000256
/* 00328 808C2068 E6100028 */  swc1    $f16, 0x0028($s0)          ## 00000028
/* 0032C 808C206C 34C6CCCD */  ori     $a2, $a2, 0xCCCD           ## $a2 = 3DCCCCCD
/* 00330 808C2070 34A5CCCD */  ori     $a1, $a1, 0xCCCD           ## $a1 = 3F4CCCCD
/* 00334 808C2074 0C03FC0F */  jal     func_800FF03C              
/* 00338 808C2078 26040268 */  addiu   $a0, $s0, 0x0268           ## $a0 = 00000268
/* 0033C 808C207C 3C063DCC */  lui     $a2, 0x3DCC                ## $a2 = 3DCC0000
/* 00340 808C2080 34C6CCCD */  ori     $a2, $a2, 0xCCCD           ## $a2 = 3DCCCCCD
/* 00344 808C2084 26040264 */  addiu   $a0, $s0, 0x0264           ## $a0 = 00000264
/* 00348 808C2088 0C03FC0F */  jal     func_800FF03C              
/* 0034C 808C208C 3C053F80 */  lui     $a1, 0x3F80                ## $a1 = 3F800000
/* 00350 808C2090 0C2307A5 */  jal     func_808C1E94              
/* 00354 808C2094 02002025 */  or      $a0, $s0, $zero            ## $a0 = 00000000
/* 00358 808C2098 26040070 */  addiu   $a0, $s0, 0x0070           ## $a0 = 00000070
/* 0035C 808C209C 8E050258 */  lw      $a1, 0x0258($s0)           ## 00000258
/* 00360 808C20A0 0C03FC0F */  jal     func_800FF03C              
/* 00364 808C20A4 3C063F00 */  lui     $a2, 0x3F00                ## $a2 = 3F000000
/* 00368 808C20A8 260400BE */  addiu   $a0, $s0, 0x00BE           ## $a0 = 000000BE
/* 0036C 808C20AC 86050254 */  lh      $a1, 0x0254($s0)           ## 00000254
/* 00370 808C20B0 24060005 */  addiu   $a2, $zero, 0x0005         ## $a2 = 00000005
/* 00374 808C20B4 0C03FFF6 */  jal     func_800FFFD8              
/* 00378 808C20B8 240703E8 */  addiu   $a3, $zero, 0x03E8         ## $a3 = 000003E8
/* 0037C 808C20BC 861800BE */  lh      $t8, 0x00BE($s0)           ## 000000BE
/* 00380 808C20C0 A6180032 */  sh      $t8, 0x0032($s0)           ## 00000032
/* 00384 808C20C4 8FBF001C */  lw      $ra, 0x001C($sp)           
/* 00388 808C20C8 8FB00018 */  lw      $s0, 0x0018($sp)           
/* 0038C 808C20CC 03E00008 */  jr      $ra                        
/* 00390 808C20D0 27BD0020 */  addiu   $sp, $sp, 0x0020           ## $sp = 00000000


glabel func_808C20D4
/* 00394 808C20D4 27BDFFD0 */  addiu   $sp, $sp, 0xFFD0           ## $sp = FFFFFFD0
/* 00398 808C20D8 AFB00018 */  sw      $s0, 0x0018($sp)           
/* 0039C 808C20DC 00808025 */  or      $s0, $a0, $zero            ## $s0 = 00000000
/* 003A0 808C20E0 AFBF001C */  sw      $ra, 0x001C($sp)           
/* 003A4 808C20E4 3C0E808C */  lui     $t6, %hi(func_808C2238)    ## $t6 = 808C0000
/* 003A8 808C20E8 25CE2238 */  addiu   $t6, $t6, %lo(func_808C2238) ## $t6 = 808C2238
/* 003AC 808C20EC AFAE0028 */  sw      $t6, 0x0028($sp)           
/* 003B0 808C20F0 8E020248 */  lw      $v0, 0x0248($s0)           ## 00000248
/* 003B4 808C20F4 26040144 */  addiu   $a0, $s0, 0x0144           ## $a0 = 00000144
/* 003B8 808C20F8 3C050600 */  lui     $a1, 0x0600                ## $a1 = 06000000
/* 003BC 808C20FC 11C20004 */  beq     $t6, $v0, .L808C2110       
/* 003C0 808C2100 00000000 */  nop
/* 003C4 808C2104 0C04DD50 */  jal     func_80137540              
/* 003C8 808C2108 24A50444 */  addiu   $a1, $a1, 0x0444           ## $a1 = 06000444
/* 003CC 808C210C 8E020248 */  lw      $v0, 0x0248($s0)           ## 00000248
.L808C2110:
/* 003D0 808C2110 3C0F808C */  lui     $t7, %hi(func_808C23EC)    ## $t7 = 808C0000
/* 003D4 808C2114 25EF23EC */  addiu   $t7, $t7, %lo(func_808C23EC) ## $t7 = 808C23EC
/* 003D8 808C2118 15E20004 */  bne     $t7, $v0, .L808C212C       
/* 003DC 808C211C 3C0141A0 */  lui     $at, 0x41A0                ## $at = 41A00000
/* 003E0 808C2120 24180028 */  addiu   $t8, $zero, 0x0028         ## $t8 = 00000028
/* 003E4 808C2124 10000002 */  beq     $zero, $zero, .L808C2130   
/* 003E8 808C2128 A6180252 */  sh      $t8, 0x0252($s0)           ## 00000252
.L808C212C:
/* 003EC 808C212C A6000252 */  sh      $zero, 0x0252($s0)         ## 00000252
.L808C2130:
/* 003F0 808C2130 44816000 */  mtc1    $at, $f12                  ## $f12 = 20.00
/* 003F4 808C2134 0C05E565 */  jal     func_80179594              
/* 003F8 808C2138 00000000 */  nop
/* 003FC 808C213C 4600010D */  trunc.w.s $f4, $f0                   
/* 00400 808C2140 44801000 */  mtc1    $zero, $f2                 ## $f2 = 0.00
/* 00404 808C2144 86040256 */  lh      $a0, 0x0256($s0)           ## 00000256
/* 00408 808C2148 44082000 */  mfc1    $t0, $f4                   
/* 0040C 808C214C E6020074 */  swc1    $f2, 0x0074($s0)           ## 00000074
/* 00410 808C2150 E6020068 */  swc1    $f2, 0x0068($s0)           ## 00000068
/* 00414 808C2154 25090028 */  addiu   $t1, $t0, 0x0028           ## $t1 = 00000028
/* 00418 808C2158 0C03FB51 */  jal     func_800FED44              
/* 0041C 808C215C A6090250 */  sh      $t1, 0x0250($s0)           ## 00000250
/* 00420 808C2160 3C014120 */  lui     $at, 0x4120                ## $at = 41200000
/* 00424 808C2164 44813000 */  mtc1    $at, $f6                   ## $f6 = 10.00
/* 00428 808C2168 3C0141F0 */  lui     $at, 0x41F0                ## $at = 41F00000
/* 0042C 808C216C 44815000 */  mtc1    $at, $f10                  ## $f10 = 30.00
/* 00430 808C2170 46060202 */  mul.s   $f8, $f0, $f6              
/* 00434 808C2174 26050008 */  addiu   $a1, $s0, 0x0008           ## $a1 = 00000008
/* 00438 808C2178 02002025 */  or      $a0, $s0, $zero            ## $a0 = 00000000
/* 0043C 808C217C 460A4400 */  add.s   $f16, $f8, $f10            
/* 00440 808C2180 E610025C */  swc1    $f16, 0x025C($s0)          ## 0000025C
/* 00444 808C2184 0C02DB4B */  jal     func_800B6D2C              
/* 00448 808C2188 AFA50024 */  sw      $a1, 0x0024($sp)           
/* 0044C 808C218C 3C0142F0 */  lui     $at, 0x42F0                ## $at = 42F00000
/* 00450 808C2190 44813000 */  mtc1    $at, $f6                   ## $f6 = 120.00
/* 00454 808C2194 C6040260 */  lwc1    $f4, 0x0260($s0)           ## 00000260
/* 00458 808C2198 C6120098 */  lwc1    $f18, 0x0098($s0)          ## 00000098
/* 0045C 808C219C 8FA50024 */  lw      $a1, 0x0024($sp)           
/* 00460 808C21A0 46062200 */  add.s   $f8, $f4, $f6              
/* 00464 808C21A4 A6020254 */  sh      $v0, 0x0254($s0)           ## 00000254
/* 00468 808C21A8 4608903C */  c.lt.s  $f18, $f8                  
/* 0046C 808C21AC 00000000 */  nop
/* 00470 808C21B0 4501000A */  bc1t    .L808C21DC                 
/* 00474 808C21B4 00000000 */  nop
/* 00478 808C21B8 0C02DB92 */  jal     func_800B6E48              
/* 0047C 808C21BC 02002025 */  or      $a0, $s0, $zero            ## $a0 = 00000000
/* 00480 808C21C0 3C014396 */  lui     $at, 0x4396                ## $at = 43960000
/* 00484 808C21C4 44815000 */  mtc1    $at, $f10                  ## $f10 = 300.00
/* 00488 808C21C8 00000000 */  nop
/* 0048C 808C21CC 460A003C */  c.lt.s  $f0, $f10                  
/* 00490 808C21D0 00000000 */  nop
/* 00494 808C21D4 45020008 */  bc1fl   .L808C21F8                 
/* 00498 808C21D8 920F0304 */  lbu     $t7, 0x0304($s0)           ## 00000304
.L808C21DC:
/* 0049C 808C21DC 0C021BE8 */  jal     func_80086FA0              
/* 004A0 808C21E0 00000000 */  nop
/* 004A4 808C21E4 860A0254 */  lh      $t2, 0x0254($s0)           ## 00000254
/* 004A8 808C21E8 00026C43 */  sra     $t5, $v0, 17               
/* 004AC 808C21EC 014D7021 */  addu    $t6, $t2, $t5              
/* 004B0 808C21F0 A60E0254 */  sh      $t6, 0x0254($s0)           ## 00000254
/* 004B4 808C21F4 920F0304 */  lbu     $t7, 0x0304($s0)           ## 00000304
.L808C21F8:
/* 004B8 808C21F8 3C013FC0 */  lui     $at, 0x3FC0                ## $at = 3FC00000
/* 004BC 808C21FC 44816000 */  mtc1    $at, $f12                  ## $f12 = 1.50
/* 004C0 808C2200 35F80001 */  ori     $t8, $t7, 0x0001           ## $t8 = 00000001
/* 004C4 808C2204 0C05E565 */  jal     func_80179594              
/* 004C8 808C2208 A2180304 */  sb      $t8, 0x0304($s0)           ## 00000304
/* 004CC 808C220C 3C013F80 */  lui     $at, 0x3F80                ## $at = 3F800000
/* 004D0 808C2210 44818000 */  mtc1    $at, $f16                  ## $f16 = 1.00
/* 004D4 808C2214 00000000 */  nop
/* 004D8 808C2218 46100100 */  add.s   $f4, $f0, $f16             
/* 004DC 808C221C E6040258 */  swc1    $f4, 0x0258($s0)           ## 00000258
/* 004E0 808C2220 8FB90028 */  lw      $t9, 0x0028($sp)           
/* 004E4 808C2224 AE190248 */  sw      $t9, 0x0248($s0)           ## 00000248
/* 004E8 808C2228 8FBF001C */  lw      $ra, 0x001C($sp)           
/* 004EC 808C222C 8FB00018 */  lw      $s0, 0x0018($sp)           
/* 004F0 808C2230 03E00008 */  jr      $ra                        
/* 004F4 808C2234 27BD0030 */  addiu   $sp, $sp, 0x0030           ## $sp = 00000000


glabel func_808C2238
/* 004F8 808C2238 27BDFFD8 */  addiu   $sp, $sp, 0xFFD8           ## $sp = FFFFFFD8
/* 004FC 808C223C AFB00018 */  sw      $s0, 0x0018($sp)           
/* 00500 808C2240 00808025 */  or      $s0, $a0, $zero            ## $s0 = 00000000
/* 00504 808C2244 AFBF001C */  sw      $ra, 0x001C($sp)           
/* 00508 808C2248 AFA5002C */  sw      $a1, 0x002C($sp)           
/* 0050C 808C224C 0C2307FD */  jal     func_808C1FF4              
/* 00510 808C2250 02002025 */  or      $a0, $s0, $zero            ## $a0 = 00000000
/* 00514 808C2254 26040144 */  addiu   $a0, $s0, 0x0144           ## $a0 = 00000144
/* 00518 808C2258 AFA40024 */  sw      $a0, 0x0024($sp)           
/* 0051C 808C225C 0C04DE2E */  jal     func_801378B8              
/* 00520 808C2260 3C0540A0 */  lui     $a1, 0x40A0                ## $a1 = 40A00000
/* 00524 808C2264 10400006 */  beq     $v0, $zero, .L808C2280     
/* 00528 808C2268 8FA40024 */  lw      $a0, 0x0024($sp)           
/* 0052C 808C226C 02002025 */  or      $a0, $s0, $zero            ## $a0 = 00000000
/* 00530 808C2270 0C02E3B2 */  jal     func_800B8EC8              
/* 00534 808C2274 240538C8 */  addiu   $a1, $zero, 0x38C8         ## $a1 = 000038C8
/* 00538 808C2278 10000011 */  beq     $zero, $zero, .L808C22C0   
/* 0053C 808C227C 86020252 */  lh      $v0, 0x0252($s0)           ## 00000252
.L808C2280:
/* 00540 808C2280 0C04DE2E */  jal     func_801378B8              
/* 00544 808C2284 24050000 */  addiu   $a1, $zero, 0x0000         ## $a1 = 00000000
/* 00548 808C2288 5040000D */  beql    $v0, $zero, .L808C22C0     
/* 0054C 808C228C 86020252 */  lh      $v0, 0x0252($s0)           ## 00000252
/* 00550 808C2290 0C021BF7 */  jal     func_80086FDC              
/* 00554 808C2294 00000000 */  nop
/* 00558 808C2298 3C01808C */  lui     $at, %hi(D_808C3834)       ## $at = 808C0000
/* 0055C 808C229C C4243834 */  lwc1    $f4, %lo(D_808C3834)($at)  
/* 00560 808C22A0 02002025 */  or      $a0, $s0, $zero            ## $a0 = 00000000
/* 00564 808C22A4 4604003C */  c.lt.s  $f0, $f4                   
/* 00568 808C22A8 00000000 */  nop
/* 0056C 808C22AC 45020004 */  bc1fl   .L808C22C0                 
/* 00570 808C22B0 86020252 */  lh      $v0, 0x0252($s0)           ## 00000252
/* 00574 808C22B4 0C02E3B2 */  jal     func_800B8EC8              
/* 00578 808C22B8 240538CA */  addiu   $a1, $zero, 0x38CA         ## $a1 = 000038CA
/* 0057C 808C22BC 86020252 */  lh      $v0, 0x0252($s0)           ## 00000252
.L808C22C0:
/* 00580 808C22C0 10400003 */  beq     $v0, $zero, .L808C22D0     
/* 00584 808C22C4 244EFFFF */  addiu   $t6, $v0, 0xFFFF           ## $t6 = FFFFFFFF
/* 00588 808C22C8 A60E0252 */  sh      $t6, 0x0252($s0)           ## 00000252
/* 0058C 808C22CC 86020252 */  lh      $v0, 0x0252($s0)           ## 00000252
.L808C22D0:
/* 00590 808C22D0 860F0250 */  lh      $t7, 0x0250($s0)           ## 00000250
/* 00594 808C22D4 25F8FFFF */  addiu   $t8, $t7, 0xFFFF           ## $t8 = FFFFFFFF
/* 00598 808C22D8 14400010 */  bne     $v0, $zero, .L808C231C     
/* 0059C 808C22DC A6180250 */  sh      $t8, 0x0250($s0)           ## 00000250
/* 005A0 808C22E0 C6060098 */  lwc1    $f6, 0x0098($s0)           ## 00000098
/* 005A4 808C22E4 C6080260 */  lwc1    $f8, 0x0260($s0)           ## 00000260
/* 005A8 808C22E8 4608303C */  c.lt.s  $f6, $f8                   
/* 005AC 808C22EC 00000000 */  nop
/* 005B0 808C22F0 4502000B */  bc1fl   .L808C2320                 
/* 005B4 808C22F4 86190250 */  lh      $t9, 0x0250($s0)           ## 00000250
/* 005B8 808C22F8 0C04900F */  jal     func_8012403C              
/* 005BC 808C22FC 8FA4002C */  lw      $a0, 0x002C($sp)           
/* 005C0 808C2300 24010010 */  addiu   $at, $zero, 0x0010         ## $at = 00000010
/* 005C4 808C2304 50410006 */  beql    $v0, $at, .L808C2320       
/* 005C8 808C2308 86190250 */  lh      $t9, 0x0250($s0)           ## 00000250
/* 005CC 808C230C 0C2308D1 */  jal     func_808C2344              
/* 005D0 808C2310 02002025 */  or      $a0, $s0, $zero            ## $a0 = 00000000
/* 005D4 808C2314 10000007 */  beq     $zero, $zero, .L808C2334   
/* 005D8 808C2318 8FBF001C */  lw      $ra, 0x001C($sp)           
.L808C231C:
/* 005DC 808C231C 86190250 */  lh      $t9, 0x0250($s0)           ## 00000250
.L808C2320:
/* 005E0 808C2320 57200004 */  bnel    $t9, $zero, .L808C2334     
/* 005E4 808C2324 8FBF001C */  lw      $ra, 0x001C($sp)           
/* 005E8 808C2328 0C230835 */  jal     func_808C20D4              
/* 005EC 808C232C 02002025 */  or      $a0, $s0, $zero            ## $a0 = 00000000
/* 005F0 808C2330 8FBF001C */  lw      $ra, 0x001C($sp)           
.L808C2334:
/* 005F4 808C2334 8FB00018 */  lw      $s0, 0x0018($sp)           
/* 005F8 808C2338 27BD0028 */  addiu   $sp, $sp, 0x0028           ## $sp = 00000000
/* 005FC 808C233C 03E00008 */  jr      $ra                        
/* 00600 808C2340 00000000 */  nop


glabel func_808C2344
/* 00604 808C2344 27BDFFE0 */  addiu   $sp, $sp, 0xFFE0           ## $sp = FFFFFFE0
/* 00608 808C2348 AFB00018 */  sw      $s0, 0x0018($sp)           
/* 0060C 808C234C 00808025 */  or      $s0, $a0, $zero            ## $s0 = 00000000
/* 00610 808C2350 AFBF001C */  sw      $ra, 0x001C($sp)           
/* 00614 808C2354 3C050600 */  lui     $a1, 0x0600                ## $a1 = 06000000
/* 00618 808C2358 24A50184 */  addiu   $a1, $a1, 0x0184           ## $a1 = 06000184
/* 0061C 808C235C 0C04DD50 */  jal     func_80137540              
/* 00620 808C2360 26040144 */  addiu   $a0, $s0, 0x0144           ## $a0 = 00000144
/* 00624 808C2364 3C0141A0 */  lui     $at, 0x41A0                ## $at = 41A00000
/* 00628 808C2368 44816000 */  mtc1    $at, $f12                  ## $f12 = 20.00
/* 0062C 808C236C 0C05E565 */  jal     func_80179594              
/* 00630 808C2370 00000000 */  nop
/* 00634 808C2374 4600010D */  trunc.w.s $f4, $f0                   
/* 00638 808C2378 86040256 */  lh      $a0, 0x0256($s0)           ## 00000256
/* 0063C 808C237C 440F2000 */  mfc1    $t7, $f4                   
/* 00640 808C2380 00000000 */  nop
/* 00644 808C2384 25F8003C */  addiu   $t8, $t7, 0x003C           ## $t8 = 0000003C
/* 00648 808C2388 0C03FB51 */  jal     func_800FED44              
/* 0064C 808C238C A6180250 */  sh      $t8, 0x0250($s0)           ## 00000250
/* 00650 808C2390 3C014120 */  lui     $at, 0x4120                ## $at = 41200000
/* 00654 808C2394 44813000 */  mtc1    $at, $f6                   ## $f6 = 10.00
/* 00658 808C2398 3C0141F0 */  lui     $at, 0x41F0                ## $at = 41F00000
/* 0065C 808C239C 44815000 */  mtc1    $at, $f10                  ## $f10 = 30.00
/* 00660 808C23A0 46060202 */  mul.s   $f8, $f0, $f6              
/* 00664 808C23A4 86190092 */  lh      $t9, 0x0092($s0)           ## 00000092
/* 00668 808C23A8 3C013FC0 */  lui     $at, 0x3FC0                ## $at = 3FC00000
/* 0066C 808C23AC 44816000 */  mtc1    $at, $f12                  ## $f12 = 1.50
/* 00670 808C23B0 A6190254 */  sh      $t9, 0x0254($s0)           ## 00000254
/* 00674 808C23B4 460A4400 */  add.s   $f16, $f8, $f10            
/* 00678 808C23B8 0C05E565 */  jal     func_80179594              
/* 0067C 808C23BC E610025C */  swc1    $f16, 0x025C($s0)          ## 0000025C
/* 00680 808C23C0 3C014080 */  lui     $at, 0x4080                ## $at = 40800000
/* 00684 808C23C4 44819000 */  mtc1    $at, $f18                  ## $f18 = 4.00
/* 00688 808C23C8 3C08808C */  lui     $t0, %hi(func_808C23EC)    ## $t0 = 808C0000
/* 0068C 808C23CC 250823EC */  addiu   $t0, $t0, %lo(func_808C23EC) ## $t0 = 808C23EC
/* 00690 808C23D0 46120100 */  add.s   $f4, $f0, $f18             
/* 00694 808C23D4 AE080248 */  sw      $t0, 0x0248($s0)           ## 00000248
/* 00698 808C23D8 E6040258 */  swc1    $f4, 0x0258($s0)           ## 00000258
/* 0069C 808C23DC 8FBF001C */  lw      $ra, 0x001C($sp)           
/* 006A0 808C23E0 8FB00018 */  lw      $s0, 0x0018($sp)           
/* 006A4 808C23E4 03E00008 */  jr      $ra                        
/* 006A8 808C23E8 27BD0020 */  addiu   $sp, $sp, 0x0020           ## $sp = 00000000


glabel func_808C23EC
/* 006AC 808C23EC 27BDFFD8 */  addiu   $sp, $sp, 0xFFD8           ## $sp = FFFFFFD8
/* 006B0 808C23F0 AFB00018 */  sw      $s0, 0x0018($sp)           
/* 006B4 808C23F4 00808025 */  or      $s0, $a0, $zero            ## $s0 = 00000000
/* 006B8 808C23F8 AFBF001C */  sw      $ra, 0x001C($sp)           
/* 006BC 808C23FC AFA5002C */  sw      $a1, 0x002C($sp)           
/* 006C0 808C2400 860E0092 */  lh      $t6, 0x0092($s0)           ## 00000092
/* 006C4 808C2404 02002025 */  or      $a0, $s0, $zero            ## $a0 = 00000000
/* 006C8 808C2408 0C2307FD */  jal     func_808C1FF4              
/* 006CC 808C240C A60E0254 */  sh      $t6, 0x0254($s0)           ## 00000254
/* 006D0 808C2410 26040144 */  addiu   $a0, $s0, 0x0144           ## $a0 = 00000144
/* 006D4 808C2414 AFA40024 */  sw      $a0, 0x0024($sp)           
/* 006D8 808C2418 0C04DE2E */  jal     func_801378B8              
/* 006DC 808C241C 24050000 */  addiu   $a1, $zero, 0x0000         ## $a1 = 00000000
/* 006E0 808C2420 14400005 */  bne     $v0, $zero, .L808C2438     
/* 006E4 808C2424 8FA40024 */  lw      $a0, 0x0024($sp)           
/* 006E8 808C2428 0C04DE2E */  jal     func_801378B8              
/* 006EC 808C242C 3C0540A0 */  lui     $a1, 0x40A0                ## $a1 = 40A00000
/* 006F0 808C2430 10400006 */  beq     $v0, $zero, .L808C244C     
/* 006F4 808C2434 8FA40024 */  lw      $a0, 0x0024($sp)           
.L808C2438:
/* 006F8 808C2438 02002025 */  or      $a0, $s0, $zero            ## $a0 = 00000000
/* 006FC 808C243C 0C02E3B2 */  jal     func_800B8EC8              
/* 00700 808C2440 240538C9 */  addiu   $a1, $zero, 0x38C9         ## $a1 = 000038C9
/* 00704 808C2444 1000001E */  beq     $zero, $zero, .L808C24C0   
/* 00708 808C2448 3C0142F0 */  lui     $at, 0x42F0                ## $at = 42F00000
.L808C244C:
/* 0070C 808C244C 0C04DE2E */  jal     func_801378B8              
/* 00710 808C2450 3C054000 */  lui     $a1, 0x4000                ## $a1 = 40000000
/* 00714 808C2454 14400005 */  bne     $v0, $zero, .L808C246C     
/* 00718 808C2458 8FA40024 */  lw      $a0, 0x0024($sp)           
/* 0071C 808C245C 0C04DE2E */  jal     func_801378B8              
/* 00720 808C2460 3C0540E0 */  lui     $a1, 0x40E0                ## $a1 = 40E00000
/* 00724 808C2464 10400006 */  beq     $v0, $zero, .L808C2480     
/* 00728 808C2468 8FA40024 */  lw      $a0, 0x0024($sp)           
.L808C246C:
/* 0072C 808C246C 02002025 */  or      $a0, $s0, $zero            ## $a0 = 00000000
/* 00730 808C2470 0C02E3B2 */  jal     func_800B8EC8              
/* 00734 808C2474 240538C8 */  addiu   $a1, $zero, 0x38C8         ## $a1 = 000038C8
/* 00738 808C2478 10000011 */  beq     $zero, $zero, .L808C24C0   
/* 0073C 808C247C 3C0142F0 */  lui     $at, 0x42F0                ## $at = 42F00000
.L808C2480:
/* 00740 808C2480 0C04DE2E */  jal     func_801378B8              
/* 00744 808C2484 24050000 */  addiu   $a1, $zero, 0x0000         ## $a1 = 00000000
/* 00748 808C2488 5040000D */  beql    $v0, $zero, .L808C24C0     
/* 0074C 808C248C 3C0142F0 */  lui     $at, 0x42F0                ## $at = 42F00000
/* 00750 808C2490 0C021BF7 */  jal     func_80086FDC              
/* 00754 808C2494 00000000 */  nop
/* 00758 808C2498 3C01808C */  lui     $at, %hi(D_808C3838)       ## $at = 808C0000
/* 0075C 808C249C C4243838 */  lwc1    $f4, %lo(D_808C3838)($at)  
/* 00760 808C24A0 02002025 */  or      $a0, $s0, $zero            ## $a0 = 00000000
/* 00764 808C24A4 4604003C */  c.lt.s  $f0, $f4                   
/* 00768 808C24A8 00000000 */  nop
/* 0076C 808C24AC 45020004 */  bc1fl   .L808C24C0                 
/* 00770 808C24B0 3C0142F0 */  lui     $at, 0x42F0                ## $at = 42F00000
/* 00774 808C24B4 0C02E3B2 */  jal     func_800B8EC8              
/* 00778 808C24B8 240538CA */  addiu   $a1, $zero, 0x38CA         ## $a1 = 000038CA
/* 0077C 808C24BC 3C0142F0 */  lui     $at, 0x42F0                ## $at = 42F00000
.L808C24C0:
/* 00780 808C24C0 44814000 */  mtc1    $at, $f8                   ## $f8 = 120.00
/* 00784 808C24C4 C6060260 */  lwc1    $f6, 0x0260($s0)           ## 00000260
/* 00788 808C24C8 C6100098 */  lwc1    $f16, 0x0098($s0)          ## 00000098
/* 0078C 808C24CC 860F0250 */  lh      $t7, 0x0250($s0)           ## 00000250
/* 00790 808C24D0 46083280 */  add.s   $f10, $f6, $f8             
/* 00794 808C24D4 25F8FFFF */  addiu   $t8, $t7, 0xFFFF           ## $t8 = FFFFFFFF
/* 00798 808C24D8 A6180250 */  sh      $t8, 0x0250($s0)           ## 00000250
/* 0079C 808C24DC 4610503C */  c.lt.s  $f10, $f16                 
/* 007A0 808C24E0 00000000 */  nop
/* 007A4 808C24E4 45010012 */  bc1t    .L808C2530                 
/* 007A8 808C24E8 00000000 */  nop
/* 007AC 808C24EC 86190250 */  lh      $t9, 0x0250($s0)           ## 00000250
/* 007B0 808C24F0 1320000F */  beq     $t9, $zero, .L808C2530     
/* 007B4 808C24F4 00000000 */  nop
/* 007B8 808C24F8 0C04900F */  jal     func_8012403C              
/* 007BC 808C24FC 8FA4002C */  lw      $a0, 0x002C($sp)           
/* 007C0 808C2500 24010010 */  addiu   $at, $zero, 0x0010         ## $at = 00000010
/* 007C4 808C2504 1041000A */  beq     $v0, $at, .L808C2530       
/* 007C8 808C2508 02002025 */  or      $a0, $s0, $zero            ## $a0 = 00000000
/* 007CC 808C250C 0C02DB92 */  jal     func_800B6E48              
/* 007D0 808C2510 26050008 */  addiu   $a1, $s0, 0x0008           ## $a1 = 00000008
/* 007D4 808C2514 3C0143C8 */  lui     $at, 0x43C8                ## $at = 43C80000
/* 007D8 808C2518 44819000 */  mtc1    $at, $f18                  ## $f18 = 400.00
/* 007DC 808C251C 00000000 */  nop
/* 007E0 808C2520 4600903C */  c.lt.s  $f18, $f0                  
/* 007E4 808C2524 00000000 */  nop
/* 007E8 808C2528 45020004 */  bc1fl   .L808C253C                 
/* 007EC 808C252C 8FBF001C */  lw      $ra, 0x001C($sp)           
.L808C2530:
/* 007F0 808C2530 0C230835 */  jal     func_808C20D4              
/* 007F4 808C2534 02002025 */  or      $a0, $s0, $zero            ## $a0 = 00000000
/* 007F8 808C2538 8FBF001C */  lw      $ra, 0x001C($sp)           
.L808C253C:
/* 007FC 808C253C 8FB00018 */  lw      $s0, 0x0018($sp)           
/* 00800 808C2540 27BD0028 */  addiu   $sp, $sp, 0x0028           ## $sp = 00000000
/* 00804 808C2544 03E00008 */  jr      $ra                        
/* 00808 808C2548 00000000 */  nop


glabel func_808C254C
/* 0080C 808C254C 27BDFFE8 */  addiu   $sp, $sp, 0xFFE8           ## $sp = FFFFFFE8
/* 00810 808C2550 AFBF0014 */  sw      $ra, 0x0014($sp)           
/* 00814 808C2554 00803025 */  or      $a2, $a0, $zero            ## $a2 = 00000000
/* 00818 808C2558 3C050600 */  lui     $a1, 0x0600                ## $a1 = 06000000
/* 0081C 808C255C 24A50444 */  addiu   $a1, $a1, 0x0444           ## $a1 = 06000444
/* 00820 808C2560 24C40144 */  addiu   $a0, $a2, 0x0144           ## $a0 = 00000144
/* 00824 808C2564 0C04DD50 */  jal     func_80137540              
/* 00828 808C2568 AFA60018 */  sw      $a2, 0x0018($sp)           
/* 0082C 808C256C 8FA40018 */  lw      $a0, 0x0018($sp)           
/* 00830 808C2570 3C014000 */  lui     $at, 0x4000                ## $at = 40000000
/* 00834 808C2574 44812000 */  mtc1    $at, $f4                   ## $f4 = 2.00
/* 00838 808C2578 908E0304 */  lbu     $t6, 0x0304($a0)           ## 00000304
/* 0083C 808C257C 90990305 */  lbu     $t9, 0x0305($a0)           ## 00000305
/* 00840 808C2580 44800000 */  mtc1    $zero, $f0                 ## $f0 = 0.00
/* 00844 808C2584 3C01C000 */  lui     $at, 0xC000                ## $at = C0000000
/* 00848 808C2588 44813000 */  mtc1    $at, $f6                   ## $f6 = -2.00
/* 0084C 808C258C 2418008C */  addiu   $t8, $zero, 0x008C         ## $t8 = 0000008C
/* 00850 808C2590 35CF0001 */  ori     $t7, $t6, 0x0001           ## $t7 = 00000001
/* 00854 808C2594 37280001 */  ori     $t0, $t9, 0x0001           ## $t0 = 00000001
/* 00858 808C2598 240538CD */  addiu   $a1, $zero, 0x38CD         ## $a1 = 000038CD
/* 0085C 808C259C A08F0304 */  sb      $t7, 0x0304($a0)           ## 00000304
/* 00860 808C25A0 A4980250 */  sh      $t8, 0x0250($a0)           ## 00000250
/* 00864 808C25A4 A0880305 */  sb      $t0, 0x0305($a0)           ## 00000305
/* 00868 808C25A8 E4840070 */  swc1    $f4, 0x0070($a0)           ## 00000070
/* 0086C 808C25AC E4800268 */  swc1    $f0, 0x0268($a0)           ## 00000268
/* 00870 808C25B0 E4800264 */  swc1    $f0, 0x0264($a0)           ## 00000264
/* 00874 808C25B4 0C02E3B2 */  jal     func_800B8EC8              
/* 00878 808C25B8 E4860074 */  swc1    $f6, 0x0074($a0)           ## 00000074
/* 0087C 808C25BC 8FA60018 */  lw      $a2, 0x0018($sp)           
/* 00880 808C25C0 3C0A808C */  lui     $t2, %hi(func_808C25E0)    ## $t2 = 808C0000
/* 00884 808C25C4 254A25E0 */  addiu   $t2, $t2, %lo(func_808C25E0) ## $t2 = 808C25E0
/* 00888 808C25C8 84C900BE */  lh      $t1, 0x00BE($a2)           ## 000000BE
/* 0088C 808C25CC ACCA0248 */  sw      $t2, 0x0248($a2)           ## 00000248
/* 00890 808C25D0 A4C90032 */  sh      $t1, 0x0032($a2)           ## 00000032
/* 00894 808C25D4 8FBF0014 */  lw      $ra, 0x0014($sp)           
/* 00898 808C25D8 03E00008 */  jr      $ra                        
/* 0089C 808C25DC 27BD0018 */  addiu   $sp, $sp, 0x0018           ## $sp = 00000000


glabel func_808C25E0
/* 008A0 808C25E0 27BDFFC0 */  addiu   $sp, $sp, 0xFFC0           ## $sp = FFFFFFC0
/* 008A4 808C25E4 AFB00030 */  sw      $s0, 0x0030($sp)           
/* 008A8 808C25E8 00808025 */  or      $s0, $a0, $zero            ## $s0 = 00000000
/* 008AC 808C25EC AFBF0034 */  sw      $ra, 0x0034($sp)           
/* 008B0 808C25F0 AFA50044 */  sw      $a1, 0x0044($sp)           
/* 008B4 808C25F4 26040144 */  addiu   $a0, $s0, 0x0144           ## $a0 = 00000144
/* 008B8 808C25F8 0C04DB34 */  jal     func_80136CD0              
/* 008BC 808C25FC AFA4003C */  sw      $a0, 0x003C($sp)           
/* 008C0 808C2600 0C2307A5 */  jal     func_808C1E94              
/* 008C4 808C2604 02002025 */  or      $a0, $s0, $zero            ## $a0 = 00000000
/* 008C8 808C2608 960E0090 */  lhu     $t6, 0x0090($s0)           ## 00000090
/* 008CC 808C260C 02002025 */  or      $a0, $s0, $zero            ## $a0 = 00000000
/* 008D0 808C2610 31CF0001 */  andi    $t7, $t6, 0x0001           ## $t7 = 00000000
/* 008D4 808C2614 51E00034 */  beql    $t7, $zero, .L808C26E8     
/* 008D8 808C2618 860A00BE */  lh      $t2, 0x00BE($s0)           ## 000000BE
/* 008DC 808C261C 0C02E3B2 */  jal     func_800B8EC8              
/* 008E0 808C2620 2405387B */  addiu   $a1, $zero, 0x387B         ## $a1 = 0000387B
/* 008E4 808C2624 86180250 */  lh      $t8, 0x0250($s0)           ## 00000250
/* 008E8 808C2628 3C01C160 */  lui     $at, 0xC160                ## $at = C1600000
/* 008EC 808C262C 02002825 */  or      $a1, $s0, $zero            ## $a1 = 00000000
/* 008F0 808C2630 17000008 */  bne     $t8, $zero, .L808C2654     
/* 008F4 808C2634 26060024 */  addiu   $a2, $s0, 0x0024           ## $a2 = 00000024
/* 008F8 808C2638 02002025 */  or      $a0, $s0, $zero            ## $a0 = 00000000
/* 008FC 808C263C 0C02E3B2 */  jal     func_800B8EC8              
/* 00900 808C2640 240538CC */  addiu   $a1, $zero, 0x38CC         ## $a1 = 000038CC
/* 00904 808C2644 0C230835 */  jal     func_808C20D4              
/* 00908 808C2648 02002025 */  or      $a0, $s0, $zero            ## $a0 = 00000000
/* 0090C 808C264C 10000033 */  beq     $zero, $zero, .L808C271C   
/* 00910 808C2650 8FBF0034 */  lw      $ra, 0x0034($sp)           
.L808C2654:
/* 00914 808C2654 C6000068 */  lwc1    $f0, 0x0068($s0)           ## 00000068
/* 00918 808C2658 44812000 */  mtc1    $at, $f4                   ## $f4 = 0.00
/* 0091C 808C265C 3C014120 */  lui     $at, 0x4120                ## $at = 41200000
/* 00920 808C2660 3C0740E0 */  lui     $a3, 0x40E0                ## $a3 = 40E00000
/* 00924 808C2664 4604003C */  c.lt.s  $f0, $f4                   
/* 00928 808C2668 24090002 */  addiu   $t1, $zero, 0x0002         ## $t1 = 00000002
/* 0092C 808C266C 45020007 */  bc1fl   .L808C268C                 
/* 00930 808C2670 44815000 */  mtc1    $at, $f10                  ## $f10 = 10.00
/* 00934 808C2674 3C01808C */  lui     $at, %hi(D_808C383C)       ## $at = 808C0000
/* 00938 808C2678 C426383C */  lwc1    $f6, %lo(D_808C383C)($at)  
/* 0093C 808C267C 46060202 */  mul.s   $f8, $f0, $f6              
/* 00940 808C2680 10000004 */  beq     $zero, $zero, .L808C2694   
/* 00944 808C2684 E6080068 */  swc1    $f8, 0x0068($s0)           ## 00000068
/* 00948 808C2688 44815000 */  mtc1    $at, $f10                  ## $f10 = -0.00
.L808C268C:
/* 0094C 808C268C 00000000 */  nop
/* 00950 808C2690 E60A0068 */  swc1    $f10, 0x0068($s0)          ## 00000068
.L808C2694:
/* 00954 808C2694 96190090 */  lhu     $t9, 0x0090($s0)           ## 00000090
/* 00958 808C2698 3C014000 */  lui     $at, 0x4000                ## $at = 40000000
/* 0095C 808C269C 44818000 */  mtc1    $at, $f16                  ## $f16 = 2.00
/* 00960 808C26A0 3328FFFE */  andi    $t0, $t9, 0xFFFE           ## $t0 = 00000000
/* 00964 808C26A4 A6080090 */  sh      $t0, 0x0090($s0)           ## 00000090
/* 00968 808C26A8 AFA00020 */  sw      $zero, 0x0020($sp)         
/* 0096C 808C26AC AFA0001C */  sw      $zero, 0x001C($sp)         
/* 00970 808C26B0 AFA00018 */  sw      $zero, 0x0018($sp)         
/* 00974 808C26B4 AFA90010 */  sw      $t1, 0x0010($sp)           
/* 00978 808C26B8 8FA40044 */  lw      $a0, 0x0044($sp)           
/* 0097C 808C26BC 0C02EF6B */  jal     func_800BBDAC              
/* 00980 808C26C0 E7B00014 */  swc1    $f16, 0x0014($sp)          
/* 00984 808C26C4 86050092 */  lh      $a1, 0x0092($s0)           ## 00000092
/* 00988 808C26C8 34018000 */  ori     $at, $zero, 0x8000         ## $at = 00008000
/* 0098C 808C26CC 260400BE */  addiu   $a0, $s0, 0x00BE           ## $a0 = 000000BE
/* 00990 808C26D0 00A12821 */  addu    $a1, $a1, $at              
/* 00994 808C26D4 00052C00 */  sll     $a1, $a1, 16               
/* 00998 808C26D8 00052C03 */  sra     $a1, $a1, 16               
/* 0099C 808C26DC 0C03FB9C */  jal     func_800FEE70              
/* 009A0 808C26E0 24060BB8 */  addiu   $a2, $zero, 0x0BB8         ## $a2 = 00000BB8
/* 009A4 808C26E4 860A00BE */  lh      $t2, 0x00BE($s0)           ## 000000BE
.L808C26E8:
/* 009A8 808C26E8 3C0540A0 */  lui     $a1, 0x40A0                ## $a1 = 40A00000
/* 009AC 808C26EC A60A0032 */  sh      $t2, 0x0032($s0)           ## 00000032
/* 009B0 808C26F0 0C04DE2E */  jal     func_801378B8              
/* 009B4 808C26F4 8FA4003C */  lw      $a0, 0x003C($sp)           
/* 009B8 808C26F8 10400003 */  beq     $v0, $zero, .L808C2708     
/* 009BC 808C26FC 02002025 */  or      $a0, $s0, $zero            ## $a0 = 00000000
/* 009C0 808C2700 0C02E3B2 */  jal     func_800B8EC8              
/* 009C4 808C2704 240538C8 */  addiu   $a1, $zero, 0x38C8         ## $a1 = 000038C8
.L808C2708:
/* 009C8 808C2708 86020250 */  lh      $v0, 0x0250($s0)           ## 00000250
/* 009CC 808C270C 18400002 */  blez    $v0, .L808C2718            
/* 009D0 808C2710 244BFFFF */  addiu   $t3, $v0, 0xFFFF           ## $t3 = FFFFFFFF
/* 009D4 808C2714 A60B0250 */  sh      $t3, 0x0250($s0)           ## 00000250
.L808C2718:
/* 009D8 808C2718 8FBF0034 */  lw      $ra, 0x0034($sp)           
.L808C271C:
/* 009DC 808C271C 8FB00030 */  lw      $s0, 0x0030($sp)           
/* 009E0 808C2720 27BD0040 */  addiu   $sp, $sp, 0x0040           ## $sp = 00000000
/* 009E4 808C2724 03E00008 */  jr      $ra                        
/* 009E8 808C2728 00000000 */  nop


glabel func_808C272C
/* 009EC 808C272C 27BDFF80 */  addiu   $sp, $sp, 0xFF80           ## $sp = FFFFFF80
/* 009F0 808C2730 AFB40048 */  sw      $s4, 0x0048($sp)           
/* 009F4 808C2734 AFB00038 */  sw      $s0, 0x0038($sp)           
/* 009F8 808C2738 00A08025 */  or      $s0, $a1, $zero            ## $s0 = 00000000
/* 009FC 808C273C 0080A025 */  or      $s4, $a0, $zero            ## $s4 = 00000000
/* 00A00 808C2740 AFBF0054 */  sw      $ra, 0x0054($sp)           
/* 00A04 808C2744 AFB60050 */  sw      $s6, 0x0050($sp)           
/* 00A08 808C2748 AFB5004C */  sw      $s5, 0x004C($sp)           
/* 00A0C 808C274C AFB30044 */  sw      $s3, 0x0044($sp)           
/* 00A10 808C2750 AFB20040 */  sw      $s2, 0x0040($sp)           
/* 00A14 808C2754 AFB1003C */  sw      $s1, 0x003C($sp)           
/* 00A18 808C2758 F7BA0030 */  sdc1    $f26, 0x0030($sp)          
/* 00A1C 808C275C F7B80028 */  sdc1    $f24, 0x0028($sp)          
/* 00A20 808C2760 F7B60020 */  sdc1    $f22, 0x0020($sp)          
/* 00A24 808C2764 F7B40018 */  sdc1    $f20, 0x0018($sp)          
/* 00A28 808C2768 02802025 */  or      $a0, $s4, $zero            ## $a0 = 00000000
/* 00A2C 808C276C 0C02F95A */  jal     func_800BE568              
/* 00A30 808C2770 268502F4 */  addiu   $a1, $s4, 0x02F4           ## $a1 = 000002F4
/* 00A34 808C2774 868F00BC */  lh      $t7, 0x00BC($s4)           ## 000000BC
/* 00A38 808C2778 4480A000 */  mtc1    $zero, $f20                ## $f20 = 0.00
/* 00A3C 808C277C 240E000F */  addiu   $t6, $zero, 0x000F         ## $t6 = 0000000F
/* 00A40 808C2780 26950024 */  addiu   $s5, $s4, 0x0024           ## $s5 = 00000024
/* 00A44 808C2784 25F84E20 */  addiu   $t8, $t7, 0x4E20           ## $t8 = 00004E20
/* 00A48 808C2788 A68E0250 */  sh      $t6, 0x0250($s4)           ## 00000250
/* 00A4C 808C278C A69800BC */  sh      $t8, 0x00BC($s4)           ## 000000BC
/* 00A50 808C2790 02A02825 */  or      $a1, $s5, $zero            ## $a1 = 00000024
/* 00A54 808C2794 02002025 */  or      $a0, $s0, $zero            ## $a0 = 00000000
/* 00A58 808C2798 24060028 */  addiu   $a2, $zero, 0x0028         ## $a2 = 00000028
/* 00A5C 808C279C 240738CE */  addiu   $a3, $zero, 0x38CE         ## $a3 = 000038CE
/* 00A60 808C27A0 0C03C15A */  jal     func_800F0568              
/* 00A64 808C27A4 E6940070 */  swc1    $f20, 0x0070($s4)          ## 00000070
/* 00A68 808C27A8 02002025 */  or      $a0, $s0, $zero            ## $a0 = 00000000
/* 00A6C 808C27AC 02802825 */  or      $a1, $s4, $zero            ## $a1 = 00000000
/* 00A70 808C27B0 02A03025 */  or      $a2, $s5, $zero            ## $a2 = 00000024
/* 00A74 808C27B4 0C029F4A */  jal     func_800A7D28              
/* 00A78 808C27B8 24070070 */  addiu   $a3, $zero, 0x0070         ## $a3 = 00000070
/* 00A7C 808C27BC 3C01BFC0 */  lui     $at, 0xBFC0                ## $at = BFC00000
/* 00A80 808C27C0 44812000 */  mtc1    $at, $f4                   ## $f4 = -1.50
/* 00A84 808C27C4 3C014120 */  lui     $at, 0x4120                ## $at = 41200000
/* 00A88 808C27C8 4481D000 */  mtc1    $at, $f26                  ## $f26 = 10.00
/* 00A8C 808C27CC 3C014060 */  lui     $at, 0x4060                ## $at = 40600000
/* 00A90 808C27D0 4481C000 */  mtc1    $at, $f24                  ## $f24 = 3.50
/* 00A94 808C27D4 3C014020 */  lui     $at, 0x4020                ## $at = 40200000
/* 00A98 808C27D8 4481B000 */  mtc1    $at, $f22                  ## $f22 = 2.50
/* 00A9C 808C27DC E6940068 */  swc1    $f20, 0x0068($s4)          ## 00000068
/* 00AA0 808C27E0 E6940070 */  swc1    $f20, 0x0070($s4)          ## 00000070
/* 00AA4 808C27E4 3C013F80 */  lui     $at, 0x3F80                ## $at = 3F800000
/* 00AA8 808C27E8 24190001 */  addiu   $t9, $zero, 0x0001         ## $t9 = 00000001
/* 00AAC 808C27EC 4481A000 */  mtc1    $at, $f20                  ## $f20 = 1.00
/* 00AB0 808C27F0 A299024C */  sb      $t9, 0x024C($s4)           ## 0000024C
/* 00AB4 808C27F4 269002B4 */  addiu   $s0, $s4, 0x02B4           ## $s0 = 000002B4
/* 00AB8 808C27F8 00008825 */  or      $s1, $zero, $zero          ## $s1 = 00000000
/* 00ABC 808C27FC 26920278 */  addiu   $s2, $s4, 0x0278           ## $s2 = 00000278
/* 00AC0 808C2800 2416003C */  addiu   $s6, $zero, 0x003C         ## $s6 = 0000003C
/* 00AC4 808C2804 27B30070 */  addiu   $s3, $sp, 0x0070           ## $s3 = FFFFFFF0
/* 00AC8 808C2808 E6840074 */  swc1    $f4, 0x0074($s4)           ## 00000074
.L808C280C:
/* 00ACC 808C280C 02402025 */  or      $a0, $s2, $zero            ## $a0 = 00000278
/* 00AD0 808C2810 02A02825 */  or      $a1, $s5, $zero            ## $a1 = 00000024
/* 00AD4 808C2814 0C03FD7D */  jal     func_800FF5F4              
/* 00AD8 808C2818 02603025 */  or      $a2, $s3, $zero            ## $a2 = FFFFFFF0
/* 00ADC 808C281C 0C05E9B5 */  jal     func_8017A6D4              
/* 00AE0 808C2820 02602025 */  or      $a0, $s3, $zero            ## $a0 = FFFFFFF0
/* 00AE4 808C2824 4600A03C */  c.lt.s  $f20, $f0                  
/* 00AE8 808C2828 46000086 */  mov.s   $f2, $f0                   
/* 00AEC 808C282C C7A60070 */  lwc1    $f6, 0x0070($sp)           
/* 00AF0 808C2830 45000002 */  bc1f    .L808C283C                 
/* 00AF4 808C2834 00000000 */  nop
/* 00AF8 808C2838 4600B083 */  div.s   $f2, $f22, $f0             
.L808C283C:
/* 00AFC 808C283C 46023202 */  mul.s   $f8, $f6, $f2              
/* 00B00 808C2840 4600C306 */  mov.s   $f12, $f24                 
/* 00B04 808C2844 E6080000 */  swc1    $f8, 0x0000($s0)           ## 000002B4
/* 00B08 808C2848 C7AA0078 */  lwc1    $f10, 0x0078($sp)          
/* 00B0C 808C284C 46025402 */  mul.s   $f16, $f10, $f2            
/* 00B10 808C2850 0C05E565 */  jal     func_80179594              
/* 00B14 808C2854 E6100008 */  swc1    $f16, 0x0008($s0)          ## 000002BC
/* 00B18 808C2858 461A0480 */  add.s   $f18, $f0, $f26            
/* 00B1C 808C285C 2631000C */  addiu   $s1, $s1, 0x000C           ## $s1 = 0000000C
/* 00B20 808C2860 2652000C */  addiu   $s2, $s2, 0x000C           ## $s2 = 00000284
/* 00B24 808C2864 2610000C */  addiu   $s0, $s0, 0x000C           ## $s0 = 000002C0
/* 00B28 808C2868 1636FFE8 */  bne     $s1, $s6, .L808C280C       
/* 00B2C 808C286C E612FFF8 */  swc1    $f18, -0x0008($s0)         ## 000002B8
/* 00B30 808C2870 8E880004 */  lw      $t0, 0x0004($s4)           ## 00000004
/* 00B34 808C2874 2401FFFE */  addiu   $at, $zero, 0xFFFE         ## $at = FFFFFFFE
/* 00B38 808C2878 3C0C808C */  lui     $t4, %hi(func_808C28CC)    ## $t4 = 808C0000
/* 00B3C 808C287C 35090010 */  ori     $t1, $t0, 0x0010           ## $t1 = 00000010
/* 00B40 808C2880 AE890004 */  sw      $t1, 0x0004($s4)           ## 00000004
/* 00B44 808C2884 01215824 */  and     $t3, $t1, $at              
/* 00B48 808C2888 258C28CC */  addiu   $t4, $t4, %lo(func_808C28CC) ## $t4 = 808C28CC
/* 00B4C 808C288C AE8B0004 */  sw      $t3, 0x0004($s4)           ## 00000004
/* 00B50 808C2890 AE8C0248 */  sw      $t4, 0x0248($s4)           ## 00000248
/* 00B54 808C2894 8FBF0054 */  lw      $ra, 0x0054($sp)           
/* 00B58 808C2898 D7B40018 */  ldc1    $f20, 0x0018($sp)          
/* 00B5C 808C289C D7B60020 */  ldc1    $f22, 0x0020($sp)          
/* 00B60 808C28A0 D7B80028 */  ldc1    $f24, 0x0028($sp)          
/* 00B64 808C28A4 D7BA0030 */  ldc1    $f26, 0x0030($sp)          
/* 00B68 808C28A8 8FB00038 */  lw      $s0, 0x0038($sp)           
/* 00B6C 808C28AC 8FB1003C */  lw      $s1, 0x003C($sp)           
/* 00B70 808C28B0 8FB20040 */  lw      $s2, 0x0040($sp)           
/* 00B74 808C28B4 8FB30044 */  lw      $s3, 0x0044($sp)           
/* 00B78 808C28B8 8FB40048 */  lw      $s4, 0x0048($sp)           
/* 00B7C 808C28BC 8FB5004C */  lw      $s5, 0x004C($sp)           
/* 00B80 808C28C0 8FB60050 */  lw      $s6, 0x0050($sp)           
/* 00B84 808C28C4 03E00008 */  jr      $ra                        
/* 00B88 808C28C8 27BD0080 */  addiu   $sp, $sp, 0x0080           ## $sp = 00000000


glabel func_808C28CC
/* 00B8C 808C28CC 27BDFFC0 */  addiu   $sp, $sp, 0xFFC0           ## $sp = FFFFFFC0
/* 00B90 808C28D0 AFB50038 */  sw      $s5, 0x0038($sp)           
/* 00B94 808C28D4 AFB30030 */  sw      $s3, 0x0030($sp)           
/* 00B98 808C28D8 00A09825 */  or      $s3, $a1, $zero            ## $s3 = 00000000
/* 00B9C 808C28DC 0080A825 */  or      $s5, $a0, $zero            ## $s5 = 00000000
/* 00BA0 808C28E0 AFBF003C */  sw      $ra, 0x003C($sp)           
/* 00BA4 808C28E4 AFB40034 */  sw      $s4, 0x0034($sp)           
/* 00BA8 808C28E8 AFB2002C */  sw      $s2, 0x002C($sp)           
/* 00BAC 808C28EC AFB10028 */  sw      $s1, 0x0028($sp)           
/* 00BB0 808C28F0 AFB00024 */  sw      $s0, 0x0024($sp)           
/* 00BB4 808C28F4 86AE0250 */  lh      $t6, 0x0250($s5)           ## 00000250
/* 00BB8 808C28F8 24180400 */  addiu   $t8, $zero, 0x0400         ## $t8 = 00000400
/* 00BBC 808C28FC 26A40034 */  addiu   $a0, $s5, 0x0034           ## $a0 = 00000034
/* 00BC0 808C2900 25CFFFFF */  addiu   $t7, $t6, 0xFFFF           ## $t7 = FFFFFFFF
/* 00BC4 808C2904 A6AF0250 */  sh      $t7, 0x0250($s5)           ## 00000250
/* 00BC8 808C2908 AFB80010 */  sw      $t8, 0x0010($sp)           
/* 00BCC 808C290C 24054000 */  addiu   $a1, $zero, 0x4000         ## $a1 = 00004000
/* 00BD0 808C2910 24060004 */  addiu   $a2, $zero, 0x0004         ## $a2 = 00000004
/* 00BD4 808C2914 0C03FFAF */  jal     func_800FFEBC              
/* 00BD8 808C2918 24071000 */  addiu   $a3, $zero, 0x1000         ## $a3 = 00001000
/* 00BDC 808C291C 86B90250 */  lh      $t9, 0x0250($s5)           ## 00000250
/* 00BE0 808C2920 00009025 */  or      $s2, $zero, $zero          ## $s2 = 00000000
/* 00BE4 808C2924 02A08825 */  or      $s1, $s5, $zero            ## $s1 = 00000000
/* 00BE8 808C2928 1720001D */  bne     $t9, $zero, .L808C29A0     
/* 00BEC 808C292C 26B00278 */  addiu   $s0, $s5, 0x0278           ## $s0 = 00000278
/* 00BF0 808C2930 3C12801D */  lui     $s2, 0x801D                ## $s2 = 801D0000
/* 00BF4 808C2934 265215B0 */  addiu   $s2, $s2, 0x15B0           ## $s2 = 801D15B0
/* 00BF8 808C2938 00008825 */  or      $s1, $zero, $zero          ## $s1 = 00000000
/* 00BFC 808C293C 26B00278 */  addiu   $s0, $s5, 0x0278           ## $s0 = 00000278
/* 00C00 808C2940 2414003C */  addiu   $s4, $zero, 0x003C         ## $s4 = 0000003C
.L808C2944:
/* 00C04 808C2944 24080028 */  addiu   $t0, $zero, 0x0028         ## $t0 = 00000028
/* 00C08 808C2948 24090007 */  addiu   $t1, $zero, 0x0007         ## $t1 = 00000007
/* 00C0C 808C294C 240A0002 */  addiu   $t2, $zero, 0x0002         ## $t2 = 00000002
/* 00C10 808C2950 AFAA0018 */  sw      $t2, 0x0018($sp)           
/* 00C14 808C2954 AFA90014 */  sw      $t1, 0x0014($sp)           
/* 00C18 808C2958 AFA80010 */  sw      $t0, 0x0010($sp)           
/* 00C1C 808C295C 02602025 */  or      $a0, $s3, $zero            ## $a0 = 00000000
/* 00C20 808C2960 02002825 */  or      $a1, $s0, $zero            ## $a1 = 00000278
/* 00C24 808C2964 02403025 */  or      $a2, $s2, $zero            ## $a2 = 801D15B0
/* 00C28 808C2968 0C02CC0C */  jal     func_800B3030              
/* 00C2C 808C296C 02403825 */  or      $a3, $s2, $zero            ## $a3 = 801D15B0
/* 00C30 808C2970 02602025 */  or      $a0, $s3, $zero            ## $a0 = 00000000
/* 00C34 808C2974 02002825 */  or      $a1, $s0, $zero            ## $a1 = 00000278
/* 00C38 808C2978 2406000B */  addiu   $a2, $zero, 0x000B         ## $a2 = 0000000B
/* 00C3C 808C297C 0C03C15A */  jal     func_800F0568              
/* 00C40 808C2980 24073878 */  addiu   $a3, $zero, 0x3878         ## $a3 = 00003878
/* 00C44 808C2984 2631000C */  addiu   $s1, $s1, 0x000C           ## $s1 = 0000000C
/* 00C48 808C2988 1634FFEE */  bne     $s1, $s4, .L808C2944       
/* 00C4C 808C298C 2610000C */  addiu   $s0, $s0, 0x000C           ## $s0 = 00000284
/* 00C50 808C2990 0C230B0E */  jal     func_808C2C38              
/* 00C54 808C2994 02A02025 */  or      $a0, $s5, $zero            ## $a0 = 00000000
/* 00C58 808C2998 10000011 */  beq     $zero, $zero, .L808C29E0   
/* 00C5C 808C299C 8FBF003C */  lw      $ra, 0x003C($sp)           
.L808C29A0:
/* 00C60 808C29A0 26B302B4 */  addiu   $s3, $s5, 0x02B4           ## $s3 = 000002B4
/* 00C64 808C29A4 24140005 */  addiu   $s4, $zero, 0x0005         ## $s4 = 00000005
.L808C29A8:
/* 00C68 808C29A8 02002025 */  or      $a0, $s0, $zero            ## $a0 = 00000284
/* 00C6C 808C29AC 02602825 */  or      $a1, $s3, $zero            ## $a1 = 000002B4
/* 00C70 808C29B0 0C03FD6F */  jal     func_800FF5BC              
/* 00C74 808C29B4 02003025 */  or      $a2, $s0, $zero            ## $a2 = 00000284
/* 00C78 808C29B8 C62402B8 */  lwc1    $f4, 0x02B8($s1)           ## 000002C4
/* 00C7C 808C29BC C6A60074 */  lwc1    $f6, 0x0074($s5)           ## 00000074
/* 00C80 808C29C0 26520001 */  addiu   $s2, $s2, 0x0001           ## $s2 = 801D15B1
/* 00C84 808C29C4 2631000C */  addiu   $s1, $s1, 0x000C           ## $s1 = 00000018
/* 00C88 808C29C8 46062200 */  add.s   $f8, $f4, $f6              
/* 00C8C 808C29CC 2610000C */  addiu   $s0, $s0, 0x000C           ## $s0 = 00000290
/* 00C90 808C29D0 2673000C */  addiu   $s3, $s3, 0x000C           ## $s3 = 000002C0
/* 00C94 808C29D4 1654FFF4 */  bne     $s2, $s4, .L808C29A8       
/* 00C98 808C29D8 E62802AC */  swc1    $f8, 0x02AC($s1)           ## 000002C4
/* 00C9C 808C29DC 8FBF003C */  lw      $ra, 0x003C($sp)           
.L808C29E0:
/* 00CA0 808C29E0 8FB00024 */  lw      $s0, 0x0024($sp)           
/* 00CA4 808C29E4 8FB10028 */  lw      $s1, 0x0028($sp)           
/* 00CA8 808C29E8 8FB2002C */  lw      $s2, 0x002C($sp)           
/* 00CAC 808C29EC 8FB30030 */  lw      $s3, 0x0030($sp)           
/* 00CB0 808C29F0 8FB40034 */  lw      $s4, 0x0034($sp)           
/* 00CB4 808C29F4 8FB50038 */  lw      $s5, 0x0038($sp)           
/* 00CB8 808C29F8 03E00008 */  jr      $ra                        
/* 00CBC 808C29FC 27BD0040 */  addiu   $sp, $sp, 0x0040           ## $sp = 00000000


glabel func_808C2A00
/* 00CC0 808C2A00 27BDFFD8 */  addiu   $sp, $sp, 0xFFD8           ## $sp = FFFFFFD8
/* 00CC4 808C2A04 AFB00020 */  sw      $s0, 0x0020($sp)           
/* 00CC8 808C2A08 00808025 */  or      $s0, $a0, $zero            ## $s0 = 00000000
/* 00CCC 808C2A0C AFBF0024 */  sw      $ra, 0x0024($sp)           
/* 00CD0 808C2A10 920E0305 */  lbu     $t6, 0x0305($s0)           ## 00000305
/* 00CD4 808C2A14 02002025 */  or      $a0, $s0, $zero            ## $a0 = 00000000
/* 00CD8 808C2A18 240538E3 */  addiu   $a1, $zero, 0x38E3         ## $a1 = 000038E3
/* 00CDC 808C2A1C 31CFFFFE */  andi    $t7, $t6, 0xFFFE           ## $t7 = 00000000
/* 00CE0 808C2A20 0C02E3B2 */  jal     func_800B8EC8              
/* 00CE4 808C2A24 A20F0305 */  sb      $t7, 0x0305($s0)           ## 00000305
/* 00CE8 808C2A28 02002025 */  or      $a0, $s0, $zero            ## $a0 = 00000000
/* 00CEC 808C2A2C 0C02F95A */  jal     func_800BE568              
/* 00CF0 808C2A30 260502F4 */  addiu   $a1, $s0, 0x02F4           ## $a1 = 000002F4
/* 00CF4 808C2A34 920200B9 */  lbu     $v0, 0x00B9($s0)           ## 000000B9
/* 00CF8 808C2A38 24010005 */  addiu   $at, $zero, 0x0005         ## $at = 00000005
/* 00CFC 808C2A3C 02002025 */  or      $a0, $s0, $zero            ## $a0 = 00000000
/* 00D00 808C2A40 1441000F */  bne     $v0, $at, .L808C2A80       
/* 00D04 808C2A44 00002825 */  or      $a1, $zero, $zero          ## $a1 = 00000000
/* 00D08 808C2A48 24180028 */  addiu   $t8, $zero, 0x0028         ## $t8 = 00000028
/* 00D0C 808C2A4C AFB80010 */  sw      $t8, 0x0010($sp)           
/* 00D10 808C2A50 240600FF */  addiu   $a2, $zero, 0x00FF         ## $a2 = 000000FF
/* 00D14 808C2A54 0C02F2DC */  jal     func_800BCB70              
/* 00D18 808C2A58 00003825 */  or      $a3, $zero, $zero          ## $a3 = 00000000
/* 00D1C 808C2A5C 3C014000 */  lui     $at, 0x4000                ## $at = 40000000
/* 00D20 808C2A60 44812000 */  mtc1    $at, $f4                   ## $f4 = 2.00
/* 00D24 808C2A64 24190020 */  addiu   $t9, $zero, 0x0020         ## $t9 = 00000020
/* 00D28 808C2A68 A219024D */  sb      $t9, 0x024D($s0)           ## 0000024D
/* 00D2C 808C2A6C 3C01808C */  lui     $at, %hi(D_808C3840)       ## $at = 808C0000
/* 00D30 808C2A70 E604026C */  swc1    $f4, 0x026C($s0)           ## 0000026C
/* 00D34 808C2A74 C4263840 */  lwc1    $f6, %lo(D_808C3840)($at)  
/* 00D38 808C2A78 1000001D */  beq     $zero, $zero, .L808C2AF0   
/* 00D3C 808C2A7C E6060270 */  swc1    $f6, 0x0270($s0)           ## 00000270
.L808C2A80:
/* 00D40 808C2A80 24010001 */  addiu   $at, $zero, 0x0001         ## $at = 00000001
/* 00D44 808C2A84 1441000A */  bne     $v0, $at, .L808C2AB0       
/* 00D48 808C2A88 02002025 */  or      $a0, $s0, $zero            ## $a0 = 00000000
/* 00D4C 808C2A8C 24080014 */  addiu   $t0, $zero, 0x0014         ## $t0 = 00000014
/* 00D50 808C2A90 AFA80010 */  sw      $t0, 0x0010($sp)           
/* 00D54 808C2A94 00002825 */  or      $a1, $zero, $zero          ## $a1 = 00000000
/* 00D58 808C2A98 240600FF */  addiu   $a2, $zero, 0x00FF         ## $a2 = 000000FF
/* 00D5C 808C2A9C 0C02F2DC */  jal     func_800BCB70              
/* 00D60 808C2AA0 00003825 */  or      $a3, $zero, $zero          ## $a3 = 00000000
/* 00D64 808C2AA4 44804000 */  mtc1    $zero, $f8                 ## $f8 = 0.00
/* 00D68 808C2AA8 10000011 */  beq     $zero, $zero, .L808C2AF0   
/* 00D6C 808C2AAC E6080070 */  swc1    $f8, 0x0070($s0)           ## 00000070
.L808C2AB0:
/* 00D70 808C2AB0 2401000E */  addiu   $at, $zero, 0x000E         ## $at = 0000000E
/* 00D74 808C2AB4 14410004 */  bne     $v0, $at, .L808C2AC8       
/* 00D78 808C2AB8 02002025 */  or      $a0, $s0, $zero            ## $a0 = 00000000
/* 00D7C 808C2ABC 44805000 */  mtc1    $zero, $f10                ## $f10 = 0.00
/* 00D80 808C2AC0 1000000B */  beq     $zero, $zero, .L808C2AF0   
/* 00D84 808C2AC4 E60A0070 */  swc1    $f10, 0x0070($s0)          ## 00000070
.L808C2AC8:
/* 00D88 808C2AC8 24090014 */  addiu   $t1, $zero, 0x0014         ## $t1 = 00000014
/* 00D8C 808C2ACC AFA90010 */  sw      $t1, 0x0010($sp)           
/* 00D90 808C2AD0 24054000 */  addiu   $a1, $zero, 0x4000         ## $a1 = 00004000
/* 00D94 808C2AD4 240600FF */  addiu   $a2, $zero, 0x00FF         ## $a2 = 000000FF
/* 00D98 808C2AD8 0C02F2DC */  jal     func_800BCB70              
/* 00D9C 808C2ADC 00003825 */  or      $a3, $zero, $zero          ## $a3 = 00000000
/* 00DA0 808C2AE0 3C0140E0 */  lui     $at, 0x40E0                ## $at = 40E00000
/* 00DA4 808C2AE4 44818000 */  mtc1    $at, $f16                  ## $f16 = 7.00
/* 00DA8 808C2AE8 00000000 */  nop
/* 00DAC 808C2AEC E6100070 */  swc1    $f16, 0x0070($s0)          ## 00000070
.L808C2AF0:
/* 00DB0 808C2AF0 3C01BF80 */  lui     $at, 0xBF80                ## $at = BF800000
/* 00DB4 808C2AF4 44819000 */  mtc1    $at, $f18                  ## $f18 = -1.00
/* 00DB8 808C2AF8 3C0A808C */  lui     $t2, %hi(func_808C2B1C)    ## $t2 = 808C0000
/* 00DBC 808C2AFC 254A2B1C */  addiu   $t2, $t2, %lo(func_808C2B1C) ## $t2 = 808C2B1C
/* 00DC0 808C2B00 AE0A0248 */  sw      $t2, 0x0248($s0)           ## 00000248
/* 00DC4 808C2B04 E6120074 */  swc1    $f18, 0x0074($s0)          ## 00000074
/* 00DC8 808C2B08 8FBF0024 */  lw      $ra, 0x0024($sp)           
/* 00DCC 808C2B0C 8FB00020 */  lw      $s0, 0x0020($sp)           
/* 00DD0 808C2B10 27BD0028 */  addiu   $sp, $sp, 0x0028           ## $sp = 00000000
/* 00DD4 808C2B14 03E00008 */  jr      $ra                        
/* 00DD8 808C2B18 00000000 */  nop


glabel func_808C2B1C
/* 00DDC 808C2B1C 27BDFFE0 */  addiu   $sp, $sp, 0xFFE0           ## $sp = FFFFFFE0
/* 00DE0 808C2B20 44800000 */  mtc1    $zero, $f0                 ## $f0 = 0.00
/* 00DE4 808C2B24 AFBF001C */  sw      $ra, 0x001C($sp)           
/* 00DE8 808C2B28 AFA40020 */  sw      $a0, 0x0020($sp)           
/* 00DEC 808C2B2C AFA50024 */  sw      $a1, 0x0024($sp)           
/* 00DF0 808C2B30 8FA40020 */  lw      $a0, 0x0020($sp)           
/* 00DF4 808C2B34 44050000 */  mfc1    $a1, $f0                   
/* 00DF8 808C2B38 3C063F80 */  lui     $a2, 0x3F80                ## $a2 = 3F800000
/* 00DFC 808C2B3C 3C073F00 */  lui     $a3, 0x3F00                ## $a3 = 3F000000
/* 00E00 808C2B40 E7A00010 */  swc1    $f0, 0x0010($sp)           
/* 00E04 808C2B44 0C03FF36 */  jal     func_800FFCD8              
/* 00E08 808C2B48 24840070 */  addiu   $a0, $a0, 0x0070           ## $a0 = 00000070
/* 00E0C 808C2B4C 8FA40020 */  lw      $a0, 0x0020($sp)           
/* 00E10 808C2B50 3C01808C */  lui     $at, %hi(D_808C3844)       ## $at = 808C0000
/* 00E14 808C2B54 948E0090 */  lhu     $t6, 0x0090($a0)           ## 00000090
/* 00E18 808C2B58 31CF0001 */  andi    $t7, $t6, 0x0001           ## $t7 = 00000000
/* 00E1C 808C2B5C 51E0000A */  beql    $t7, $zero, .L808C2B88     
/* 00E20 808C2B60 8FBF001C */  lw      $ra, 0x001C($sp)           
/* 00E24 808C2B64 C4840070 */  lwc1    $f4, 0x0070($a0)           ## 00000070
/* 00E28 808C2B68 C4263844 */  lwc1    $f6, %lo(D_808C3844)($at)  
/* 00E2C 808C2B6C 4606203C */  c.lt.s  $f4, $f6                   
/* 00E30 808C2B70 00000000 */  nop
/* 00E34 808C2B74 45020004 */  bc1fl   .L808C2B88                 
/* 00E38 808C2B78 8FBF001C */  lw      $ra, 0x001C($sp)           
/* 00E3C 808C2B7C 0C230953 */  jal     func_808C254C              
/* 00E40 808C2B80 00000000 */  nop
/* 00E44 808C2B84 8FBF001C */  lw      $ra, 0x001C($sp)           
.L808C2B88:
/* 00E48 808C2B88 27BD0020 */  addiu   $sp, $sp, 0x0020           ## $sp = 00000000
/* 00E4C 808C2B8C 03E00008 */  jr      $ra                        
/* 00E50 808C2B90 00000000 */  nop


glabel func_808C2B94
/* 00E54 808C2B94 44800000 */  mtc1    $zero, $f0                 ## $f0 = 0.00
/* 00E58 808C2B98 3C01C000 */  lui     $at, 0xC000                ## $at = C0000000
/* 00E5C 808C2B9C C4840068 */  lwc1    $f4, 0x0068($a0)           ## 00000068
/* 00E60 808C2BA0 44813000 */  mtc1    $at, $f6                   ## $f6 = -2.00
/* 00E64 808C2BA4 3C0E808C */  lui     $t6, %hi(func_808C2BD0)    ## $t6 = 808C0000
/* 00E68 808C2BA8 4604003C */  c.lt.s  $f0, $f4                   
/* 00E6C 808C2BAC E4800070 */  swc1    $f0, 0x0070($a0)           ## 00000070
/* 00E70 808C2BB0 25CE2BD0 */  addiu   $t6, $t6, %lo(func_808C2BD0) ## $t6 = 808C2BD0
/* 00E74 808C2BB4 45020003 */  bc1fl   .L808C2BC4                 
/* 00E78 808C2BB8 E4860074 */  swc1    $f6, 0x0074($a0)           ## 00000074
/* 00E7C 808C2BBC E4800068 */  swc1    $f0, 0x0068($a0)           ## 00000068
/* 00E80 808C2BC0 E4860074 */  swc1    $f6, 0x0074($a0)           ## 00000074
.L808C2BC4:
/* 00E84 808C2BC4 AC8E0248 */  sw      $t6, 0x0248($a0)           ## 00000248
/* 00E88 808C2BC8 03E00008 */  jr      $ra                        
/* 00E8C 808C2BCC 00000000 */  nop


glabel func_808C2BD0
/* 00E90 808C2BD0 27BDFFE8 */  addiu   $sp, $sp, 0xFFE8           ## $sp = FFFFFFE8
/* 00E94 808C2BD4 AFBF0014 */  sw      $ra, 0x0014($sp)           
/* 00E98 808C2BD8 AFA5001C */  sw      $a1, 0x001C($sp)           
/* 00E9C 808C2BDC 84820250 */  lh      $v0, 0x0250($a0)           ## 00000250
/* 00EA0 808C2BE0 10400003 */  beq     $v0, $zero, .L808C2BF0     
/* 00EA4 808C2BE4 244EFFFF */  addiu   $t6, $v0, 0xFFFF           ## $t6 = FFFFFFFF
/* 00EA8 808C2BE8 A48E0250 */  sh      $t6, 0x0250($a0)           ## 00000250
/* 00EAC 808C2BEC 84820250 */  lh      $v0, 0x0250($a0)           ## 00000250
.L808C2BF0:
/* 00EB0 808C2BF0 1440000D */  bne     $v0, $zero, .L808C2C28     
/* 00EB4 808C2BF4 8FA5001C */  lw      $a1, 0x001C($sp)           
/* 00EB8 808C2BF8 0C2307DD */  jal     func_808C1F74              
/* 00EBC 808C2BFC AFA40018 */  sw      $a0, 0x0018($sp)           
/* 00EC0 808C2C00 8FA40018 */  lw      $a0, 0x0018($sp)           
/* 00EC4 808C2C04 908F00B7 */  lbu     $t7, 0x00B7($a0)           ## 000000B7
/* 00EC8 808C2C08 15E00005 */  bne     $t7, $zero, .L808C2C20     
/* 00ECC 808C2C0C 00000000 */  nop
/* 00ED0 808C2C10 0C2309CB */  jal     func_808C272C              
/* 00ED4 808C2C14 8FA5001C */  lw      $a1, 0x001C($sp)           
/* 00ED8 808C2C18 10000004 */  beq     $zero, $zero, .L808C2C2C   
/* 00EDC 808C2C1C 8FBF0014 */  lw      $ra, 0x0014($sp)           
.L808C2C20:
/* 00EE0 808C2C20 0C230953 */  jal     func_808C254C              
/* 00EE4 808C2C24 00000000 */  nop
.L808C2C28:
/* 00EE8 808C2C28 8FBF0014 */  lw      $ra, 0x0014($sp)           
.L808C2C2C:
/* 00EEC 808C2C2C 27BD0018 */  addiu   $sp, $sp, 0x0018           ## $sp = 00000000
/* 00EF0 808C2C30 03E00008 */  jr      $ra                        
/* 00EF4 808C2C34 00000000 */  nop


glabel func_808C2C38
/* 00EF8 808C2C38 27BDFFE8 */  addiu   $sp, $sp, 0xFFE8           ## $sp = FFFFFFE8
/* 00EFC 808C2C3C 44800000 */  mtc1    $zero, $f0                 ## $f0 = 0.00
/* 00F00 808C2C40 AFBF0014 */  sw      $ra, 0x0014($sp)           
/* 00F04 808C2C44 00803025 */  or      $a2, $a0, $zero            ## $a2 = 00000000
/* 00F08 808C2C48 ACC0013C */  sw      $zero, 0x013C($a2)         ## 0000013C
/* 00F0C 808C2C4C A0C0024C */  sb      $zero, 0x024C($a2)         ## 0000024C
/* 00F10 808C2C50 E4C0026C */  swc1    $f0, 0x026C($a2)           ## 0000026C
/* 00F14 808C2C54 AFA60018 */  sw      $a2, 0x0018($sp)           
/* 00F18 808C2C58 24C40024 */  addiu   $a0, $a2, 0x0024           ## $a0 = 00000024
/* 00F1C 808C2C5C 0C03FD43 */  jal     func_800FF50C              
/* 00F20 808C2C60 24C50008 */  addiu   $a1, $a2, 0x0008           ## $a1 = 00000008
/* 00F24 808C2C64 8FA60018 */  lw      $a2, 0x0018($sp)           
/* 00F28 808C2C68 3C014248 */  lui     $at, 0x4248                ## $at = 42480000
/* 00F2C 808C2C6C 44813000 */  mtc1    $at, $f6                   ## $f6 = 50.00
/* 00F30 808C2C70 C4C40028 */  lwc1    $f4, 0x0028($a2)           ## 00000028
/* 00F34 808C2C74 44800000 */  mtc1    $zero, $f0                 ## $f0 = 0.00
/* 00F38 808C2C78 3C0F808C */  lui     $t7, %hi(func_808C2CB4)    ## $t7 = 808C0000
/* 00F3C 808C2C7C 46062200 */  add.s   $f8, $f4, $f6              
/* 00F40 808C2C80 240E00C8 */  addiu   $t6, $zero, 0x00C8         ## $t6 = 000000C8
/* 00F44 808C2C84 25EF2CB4 */  addiu   $t7, $t7, %lo(func_808C2CB4) ## $t7 = 808C2CB4
/* 00F48 808C2C88 A4C000BC */  sh      $zero, 0x00BC($a2)         ## 000000BC
/* 00F4C 808C2C8C E4C80028 */  swc1    $f8, 0x0028($a2)           ## 00000028
/* 00F50 808C2C90 A4CE0250 */  sh      $t6, 0x0250($a2)           ## 00000250
/* 00F54 808C2C94 ACCF0248 */  sw      $t7, 0x0248($a2)           ## 00000248
/* 00F58 808C2C98 E4C00070 */  swc1    $f0, 0x0070($a2)           ## 00000070
/* 00F5C 808C2C9C E4C00068 */  swc1    $f0, 0x0068($a2)           ## 00000068
/* 00F60 808C2CA0 E4C00074 */  swc1    $f0, 0x0074($a2)           ## 00000074
/* 00F64 808C2CA4 8FBF0014 */  lw      $ra, 0x0014($sp)           
/* 00F68 808C2CA8 27BD0018 */  addiu   $sp, $sp, 0x0018           ## $sp = 00000000
/* 00F6C 808C2CAC 03E00008 */  jr      $ra                        
/* 00F70 808C2CB0 00000000 */  nop


glabel func_808C2CB4
/* 00F74 808C2CB4 27BDFFE8 */  addiu   $sp, $sp, 0xFFE8           ## $sp = FFFFFFE8
/* 00F78 808C2CB8 AFBF0014 */  sw      $ra, 0x0014($sp)           
/* 00F7C 808C2CBC AFA5001C */  sw      $a1, 0x001C($sp)           
/* 00F80 808C2CC0 848E0250 */  lh      $t6, 0x0250($a0)           ## 00000250
/* 00F84 808C2CC4 25CFFFFF */  addiu   $t7, $t6, 0xFFFF           ## $t7 = FFFFFFFF
/* 00F88 808C2CC8 A48F0250 */  sh      $t7, 0x0250($a0)           ## 00000250
/* 00F8C 808C2CCC 84980250 */  lh      $t8, 0x0250($a0)           ## 00000250
/* 00F90 808C2CD0 57000004 */  bnel    $t8, $zero, .L808C2CE4     
/* 00F94 808C2CD4 8FBF0014 */  lw      $ra, 0x0014($sp)           
/* 00F98 808C2CD8 0C230B3C */  jal     func_808C2CF0              
/* 00F9C 808C2CDC 00000000 */  nop
/* 00FA0 808C2CE0 8FBF0014 */  lw      $ra, 0x0014($sp)           
.L808C2CE4:
/* 00FA4 808C2CE4 27BD0018 */  addiu   $sp, $sp, 0x0018           ## $sp = 00000000
/* 00FA8 808C2CE8 03E00008 */  jr      $ra                        
/* 00FAC 808C2CEC 00000000 */  nop


glabel func_808C2CF0
/* 00FB0 808C2CF0 27BDFFE8 */  addiu   $sp, $sp, 0xFFE8           ## $sp = FFFFFFE8
/* 00FB4 808C2CF4 AFBF0014 */  sw      $ra, 0x0014($sp)           
/* 00FB8 808C2CF8 00803025 */  or      $a2, $a0, $zero            ## $a2 = 00000000
/* 00FBC 808C2CFC 3C050600 */  lui     $a1, 0x0600                ## $a1 = 06000000
/* 00FC0 808C2D00 24A50184 */  addiu   $a1, $a1, 0x0184           ## $a1 = 06000184
/* 00FC4 808C2D04 24C40144 */  addiu   $a0, $a2, 0x0144           ## $a0 = 00000144
/* 00FC8 808C2D08 0C04DD50 */  jal     func_80137540              
/* 00FCC 808C2D0C AFA60018 */  sw      $a2, 0x0018($sp)           
/* 00FD0 808C2D10 8FA60018 */  lw      $a2, 0x0018($sp)           
/* 00FD4 808C2D14 44800000 */  mtc1    $zero, $f0                 ## $f0 = 0.00
/* 00FD8 808C2D18 3C0E808C */  lui     $t6, %hi(func_808C351C)    ## $t6 = 808C0000
/* 00FDC 808C2D1C 25CE351C */  addiu   $t6, $t6, %lo(func_808C351C) ## $t6 = 808C351C
/* 00FE0 808C2D20 3C01808C */  lui     $at, %hi(D_808C3848)       ## $at = 808C0000
/* 00FE4 808C2D24 ACCE013C */  sw      $t6, 0x013C($a2)           ## 0000013C
/* 00FE8 808C2D28 E4C00058 */  swc1    $f0, 0x0058($a2)           ## 00000058
/* 00FEC 808C2D2C C4243848 */  lwc1    $f4, %lo(D_808C3848)($at)  
/* 00FF0 808C2D30 3C013F80 */  lui     $at, 0x3F80                ## $at = 3F800000
/* 00FF4 808C2D34 44813000 */  mtc1    $at, $f6                   ## $f6 = 1.00
/* 00FF8 808C2D38 3C01808C */  lui     $at, %hi(D_808C384C)       ## $at = 808C0000
/* 00FFC 808C2D3C E4C00060 */  swc1    $f0, 0x0060($a2)           ## 00000060
/* 01000 808C2D40 E4C4005C */  swc1    $f4, 0x005C($a2)           ## 0000005C
/* 01004 808C2D44 E4C60264 */  swc1    $f6, 0x0264($a2)           ## 00000264
/* 01008 808C2D48 C428384C */  lwc1    $f8, %lo(D_808C384C)($at)  
/* 0100C 808C2D4C 3C0F808C */  lui     $t7, %hi(D_808C37EC)       ## $t7 = 808C0000
/* 01010 808C2D50 3C18808C */  lui     $t8, %hi(func_808C2D78)    ## $t8 = 808C0000
/* 01014 808C2D54 E4C80268 */  swc1    $f8, 0x0268($a2)           ## 00000268
/* 01018 808C2D58 91EF37EC */  lbu     $t7, %lo(D_808C37EC)($t7)  
/* 0101C 808C2D5C 27182D78 */  addiu   $t8, $t8, %lo(func_808C2D78) ## $t8 = 808C2D78
/* 01020 808C2D60 ACD80248 */  sw      $t8, 0x0248($a2)           ## 00000248
/* 01024 808C2D64 A0CF00B7 */  sb      $t7, 0x00B7($a2)           ## 000000B7
/* 01028 808C2D68 8FBF0014 */  lw      $ra, 0x0014($sp)           
/* 0102C 808C2D6C 27BD0018 */  addiu   $sp, $sp, 0x0018           ## $sp = 00000000
/* 01030 808C2D70 03E00008 */  jr      $ra                        
/* 01034 808C2D74 00000000 */  nop


glabel func_808C2D78
/* 01038 808C2D78 27BDFFE0 */  addiu   $sp, $sp, 0xFFE0           ## $sp = FFFFFFE0
/* 0103C 808C2D7C AFB00018 */  sw      $s0, 0x0018($sp)           
/* 01040 808C2D80 00808025 */  or      $s0, $a0, $zero            ## $s0 = 00000000
/* 01044 808C2D84 AFBF001C */  sw      $ra, 0x001C($sp)           
/* 01048 808C2D88 AFA50024 */  sw      $a1, 0x0024($sp)           
/* 0104C 808C2D8C 0C04DB34 */  jal     func_80136CD0              
/* 01050 808C2D90 26040144 */  addiu   $a0, $s0, 0x0144           ## $a0 = 00000144
/* 01054 808C2D94 860E00BE */  lh      $t6, 0x00BE($s0)           ## 000000BE
/* 01058 808C2D98 3C053C23 */  lui     $a1, 0x3C23                ## $a1 = 3C230000
/* 0105C 808C2D9C 3C063A03 */  lui     $a2, 0x3A03                ## $a2 = 3A030000
/* 01060 808C2DA0 25CF1F00 */  addiu   $t7, $t6, 0x1F00           ## $t7 = 00001F00
/* 01064 808C2DA4 A60F00BE */  sh      $t7, 0x00BE($s0)           ## 000000BE
/* 01068 808C2DA8 34C6126F */  ori     $a2, $a2, 0x126F           ## $a2 = 3A03126F
/* 0106C 808C2DAC 34A5D70A */  ori     $a1, $a1, 0xD70A           ## $a1 = 3C23D70A
/* 01070 808C2DB0 0C03FC0F */  jal     func_800FF03C              
/* 01074 808C2DB4 26040058 */  addiu   $a0, $s0, 0x0058           ## $a0 = 00000058
/* 01078 808C2DB8 10400010 */  beq     $v0, $zero, .L808C2DFC     
/* 0107C 808C2DBC 2401FFEF */  addiu   $at, $zero, 0xFFEF         ## $at = FFFFFFEF
/* 01080 808C2DC0 8E180004 */  lw      $t8, 0x0004($s0)           ## 00000004
/* 01084 808C2DC4 920A0305 */  lbu     $t2, 0x0305($s0)           ## 00000305
/* 01088 808C2DC8 920C0304 */  lbu     $t4, 0x0304($s0)           ## 00000304
/* 0108C 808C2DCC 0301C824 */  and     $t9, $t8, $at              
/* 01090 808C2DD0 860E00BE */  lh      $t6, 0x00BE($s0)           ## 000000BE
/* 01094 808C2DD4 AE190004 */  sw      $t9, 0x0004($s0)           ## 00000004
/* 01098 808C2DD8 37290001 */  ori     $t1, $t9, 0x0001           ## $t1 = 00000001
/* 0109C 808C2DDC 354B0001 */  ori     $t3, $t2, 0x0001           ## $t3 = 00000001
/* 010A0 808C2DE0 358D0001 */  ori     $t5, $t4, 0x0001           ## $t5 = 00000001
/* 010A4 808C2DE4 AE090004 */  sw      $t1, 0x0004($s0)           ## 00000004
/* 010A8 808C2DE8 A20B0305 */  sb      $t3, 0x0305($s0)           ## 00000305
/* 010AC 808C2DEC A20D0304 */  sb      $t5, 0x0304($s0)           ## 00000304
/* 010B0 808C2DF0 02002025 */  or      $a0, $s0, $zero            ## $a0 = 00000000
/* 010B4 808C2DF4 0C230835 */  jal     func_808C20D4              
/* 010B8 808C2DF8 A60E0032 */  sh      $t6, 0x0032($s0)           ## 00000032
.L808C2DFC:
/* 010BC 808C2DFC 3C01808C */  lui     $at, %hi(D_808C3850)       ## $at = 808C0000
/* 010C0 808C2E00 C4223850 */  lwc1    $f2, %lo(D_808C3850)($at)  
/* 010C4 808C2E04 C6000058 */  lwc1    $f0, 0x0058($s0)           ## 00000058
/* 010C8 808C2E08 3C013F00 */  lui     $at, 0x3F00                ## $at = 3F000000
/* 010CC 808C2E0C 44813000 */  mtc1    $at, $f6                   ## $f6 = 0.50
/* 010D0 808C2E10 46001101 */  sub.s   $f4, $f2, $f0              
/* 010D4 808C2E14 E6000060 */  swc1    $f0, 0x0060($s0)           ## 00000060
/* 010D8 808C2E18 46062202 */  mul.s   $f8, $f4, $f6              
/* 010DC 808C2E1C 46024280 */  add.s   $f10, $f8, $f2             
/* 010E0 808C2E20 E60A005C */  swc1    $f10, 0x005C($s0)          ## 0000005C
/* 010E4 808C2E24 8FBF001C */  lw      $ra, 0x001C($sp)           
/* 010E8 808C2E28 8FB00018 */  lw      $s0, 0x0018($sp)           
/* 010EC 808C2E2C 03E00008 */  jr      $ra                        
/* 010F0 808C2E30 27BD0020 */  addiu   $sp, $sp, 0x0020           ## $sp = 00000000


glabel func_808C2E34
/* 010F4 808C2E34 27BDFFC8 */  addiu   $sp, $sp, 0xFFC8           ## $sp = FFFFFFC8
/* 010F8 808C2E38 AFB00030 */  sw      $s0, 0x0030($sp)           
/* 010FC 808C2E3C 00808025 */  or      $s0, $a0, $zero            ## $s0 = 00000000
/* 01100 808C2E40 AFBF0034 */  sw      $ra, 0x0034($sp)           
/* 01104 808C2E44 AFA5003C */  sw      $a1, 0x003C($sp)           
/* 01108 808C2E48 92020305 */  lbu     $v0, 0x0305($s0)           ## 00000305
/* 0110C 808C2E4C 2401000A */  addiu   $at, $zero, 0x000A         ## $at = 0000000A
/* 01110 808C2E50 304E0002 */  andi    $t6, $v0, 0x0002           ## $t6 = 00000000
/* 01114 808C2E54 11C0005D */  beq     $t6, $zero, .L808C2FCC     
/* 01118 808C2E58 304FFFFD */  andi    $t7, $v0, 0xFFFD           ## $t7 = 00000000
/* 0111C 808C2E5C 92180304 */  lbu     $t8, 0x0304($s0)           ## 00000304
/* 01120 808C2E60 920A024D */  lbu     $t2, 0x024D($s0)           ## 0000024D
/* 01124 808C2E64 A20F0305 */  sb      $t7, 0x0305($s0)           ## 00000305
/* 01128 808C2E68 3308FFF9 */  andi    $t0, $t8, 0xFFF9           ## $t0 = 00000000
/* 0112C 808C2E6C A2080304 */  sb      $t0, 0x0304($s0)           ## 00000304
/* 01130 808C2E70 3109FFFE */  andi    $t1, $t0, 0xFFFE           ## $t1 = 00000000
/* 01134 808C2E74 15410007 */  bne     $t2, $at, .L808C2E94       
/* 01138 808C2E78 A2090304 */  sb      $t1, 0x0304($s0)           ## 00000304
/* 0113C 808C2E7C 8E0B0330 */  lw      $t3, 0x0330($s0)           ## 00000330
/* 01140 808C2E80 3C01000D */  lui     $at, 0x000D                ## $at = 000D0000
/* 01144 808C2E84 3421B0B3 */  ori     $at, $at, 0xB0B3           ## $at = 000DB0B3
/* 01148 808C2E88 8D6C0000 */  lw      $t4, 0x0000($t3)           ## 00000000
/* 0114C 808C2E8C 01816824 */  and     $t5, $t4, $at              
/* 01150 808C2E90 15A0007E */  bne     $t5, $zero, .L808C308C     
.L808C2E94:
/* 01154 808C2E94 02002025 */  or      $a0, $s0, $zero            ## $a0 = 00000000
/* 01158 808C2E98 0C02F896 */  jal     func_800BE258              
/* 0115C 808C2E9C 2605030C */  addiu   $a1, $s0, 0x030C           ## $a1 = 0000030C
/* 01160 808C2EA0 44800000 */  mtc1    $zero, $f0                 ## $f0 = 0.00
/* 01164 808C2EA4 02002025 */  or      $a0, $s0, $zero            ## $a0 = 00000000
/* 01168 808C2EA8 E6000268 */  swc1    $f0, 0x0268($s0)           ## 00000268
/* 0116C 808C2EAC E6000264 */  swc1    $f0, 0x0264($s0)           ## 00000264
/* 01170 808C2EB0 0C2307DD */  jal     func_808C1F74              
/* 01174 808C2EB4 8FA5003C */  lw      $a1, 0x003C($sp)           
/* 01178 808C2EB8 0C02F88B */  jal     func_800BE22C              
/* 0117C 808C2EBC 02002025 */  or      $a0, $s0, $zero            ## $a0 = 00000000
/* 01180 808C2EC0 14400003 */  bne     $v0, $zero, .L808C2ED0     
/* 01184 808C2EC4 8FA4003C */  lw      $a0, 0x003C($sp)           
/* 01188 808C2EC8 0C02EEA2 */  jal     func_800BBA88              
/* 0118C 808C2ECC 02002825 */  or      $a1, $s0, $zero            ## $a1 = 00000000
.L808C2ED0:
/* 01190 808C2ED0 920E00B9 */  lbu     $t6, 0x00B9($s0)           ## 000000B9
/* 01194 808C2ED4 24010003 */  addiu   $at, $zero, 0x0003         ## $at = 00000003
/* 01198 808C2ED8 55C10010 */  bnel    $t6, $at, .L808C2F1C       
/* 0119C 808C2EDC 920900B7 */  lbu     $t1, 0x00B7($s0)           ## 000000B7
/* 011A0 808C2EE0 0C2307C0 */  jal     func_808C1F00              
/* 011A4 808C2EE4 02002025 */  or      $a0, $s0, $zero            ## $a0 = 00000000
/* 011A8 808C2EE8 920F00B7 */  lbu     $t7, 0x00B7($s0)           ## 000000B7
/* 011AC 808C2EEC 15E00006 */  bne     $t7, $zero, .L808C2F08     
/* 011B0 808C2EF0 00000000 */  nop
/* 011B4 808C2EF4 92190305 */  lbu     $t9, 0x0305($s0)           ## 00000305
/* 011B8 808C2EF8 24180003 */  addiu   $t8, $zero, 0x0003         ## $t8 = 00000003
/* 011BC 808C2EFC A6180250 */  sh      $t8, 0x0250($s0)           ## 00000250
/* 011C0 808C2F00 3328FFFE */  andi    $t0, $t9, 0xFFFE           ## $t0 = 00000000
/* 011C4 808C2F04 A2080305 */  sb      $t0, 0x0305($s0)           ## 00000305
.L808C2F08:
/* 011C8 808C2F08 0C230AE5 */  jal     func_808C2B94              
/* 011CC 808C2F0C 02002025 */  or      $a0, $s0, $zero            ## $a0 = 00000000
/* 011D0 808C2F10 1000000C */  beq     $zero, $zero, .L808C2F44   
/* 011D4 808C2F14 920A00B9 */  lbu     $t2, 0x00B9($s0)           ## 000000B9
/* 011D8 808C2F18 920900B7 */  lbu     $t1, 0x00B7($s0)           ## 000000B7
.L808C2F1C:
/* 011DC 808C2F1C 02002025 */  or      $a0, $s0, $zero            ## $a0 = 00000000
/* 011E0 808C2F20 15200005 */  bne     $t1, $zero, .L808C2F38     
/* 011E4 808C2F24 00000000 */  nop
/* 011E8 808C2F28 0C2309CB */  jal     func_808C272C              
/* 011EC 808C2F2C 8FA5003C */  lw      $a1, 0x003C($sp)           
/* 011F0 808C2F30 10000004 */  beq     $zero, $zero, .L808C2F44   
/* 011F4 808C2F34 920A00B9 */  lbu     $t2, 0x00B9($s0)           ## 000000B9
.L808C2F38:
/* 011F8 808C2F38 0C230A80 */  jal     func_808C2A00              
/* 011FC 808C2F3C 02002025 */  or      $a0, $s0, $zero            ## $a0 = 00000000
/* 01200 808C2F40 920A00B9 */  lbu     $t2, 0x00B9($s0)           ## 000000B9
.L808C2F44:
/* 01204 808C2F44 24010004 */  addiu   $at, $zero, 0x0004         ## $at = 00000004
/* 01208 808C2F48 8FA5003C */  lw      $a1, 0x003C($sp)           
/* 0120C 808C2F4C 55410050 */  bnel    $t2, $at, .L808C3090       
/* 01210 808C2F50 8FBF0034 */  lw      $ra, 0x0034($sp)           
/* 01214 808C2F54 860D031C */  lh      $t5, 0x031C($s0)           ## 0000031C
/* 01218 808C2F58 860C031A */  lh      $t4, 0x031A($s0)           ## 0000031A
/* 0121C 808C2F5C 3C014080 */  lui     $at, 0x4080                ## $at = 40800000
/* 01220 808C2F60 44819000 */  mtc1    $at, $f18                  ## $f18 = 4.00
/* 01224 808C2F64 448D8000 */  mtc1    $t5, $f16                  ## $f16 = 0.00
/* 01228 808C2F68 448C7000 */  mtc1    $t4, $f14                  ## $f14 = 0.00
/* 0122C 808C2F6C E612026C */  swc1    $f18, 0x026C($s0)          ## 0000026C
/* 01230 808C2F70 46808420 */  cvt.s.w $f16, $f16                 
/* 01234 808C2F74 3C01808C */  lui     $at, %hi(D_808C3854)       ## $at = 808C0000
/* 01238 808C2F78 C4323854 */  lwc1    $f18, %lo(D_808C3854)($at) 
/* 0123C 808C2F7C 240B0014 */  addiu   $t3, $zero, 0x0014         ## $t3 = 00000014
/* 01240 808C2F80 A20B024D */  sb      $t3, 0x024D($s0)           ## 0000024D
/* 01244 808C2F84 468073A0 */  cvt.s.w $f14, $f14                 
/* 01248 808C2F88 E6120270 */  swc1    $f18, 0x0270($s0)          ## 00000270
/* 0124C 808C2F8C E7B00010 */  swc1    $f16, 0x0010($sp)          
/* 01250 808C2F90 860E031E */  lh      $t6, 0x031E($s0)           ## 0000031E
/* 01254 808C2F94 240F0003 */  addiu   $t7, $zero, 0x0003         ## $t7 = 00000003
/* 01258 808C2F98 24A41CA0 */  addiu   $a0, $a1, 0x1CA0           ## $a0 = 00001CA0
/* 0125C 808C2F9C 448E8000 */  mtc1    $t6, $f16                  ## $f16 = 0.00
/* 01260 808C2FA0 44077000 */  mfc1    $a3, $f14                  
/* 01264 808C2FA4 240600A2 */  addiu   $a2, $zero, 0x00A2         ## $a2 = 000000A2
/* 01268 808C2FA8 46808420 */  cvt.s.w $f16, $f16                 
/* 0126C 808C2FAC AFA00018 */  sw      $zero, 0x0018($sp)         
/* 01270 808C2FB0 AFA0001C */  sw      $zero, 0x001C($sp)         
/* 01274 808C2FB4 AFA00020 */  sw      $zero, 0x0020($sp)         
/* 01278 808C2FB8 AFAF0024 */  sw      $t7, 0x0024($sp)           
/* 0127C 808C2FBC 0C02EB18 */  jal     func_800BAC60              
/* 01280 808C2FC0 E7B00014 */  swc1    $f16, 0x0014($sp)          
/* 01284 808C2FC4 10000032 */  beq     $zero, $zero, .L808C3090   
/* 01288 808C2FC8 8FBF0034 */  lw      $ra, 0x0034($sp)           
.L808C2FCC:
/* 0128C 808C2FCC 92020304 */  lbu     $v0, 0x0304($s0)           ## 00000304
/* 01290 808C2FD0 3C08808C */  lui     $t0, %hi(func_808C25E0)    ## $t0 = 808C0000
/* 01294 808C2FD4 30580004 */  andi    $t8, $v0, 0x0004           ## $t8 = 00000000
/* 01298 808C2FD8 13000010 */  beq     $t8, $zero, .L808C301C     
/* 0129C 808C2FDC 304D0002 */  andi    $t5, $v0, 0x0002           ## $t5 = 00000000
/* 012A0 808C2FE0 8E090248 */  lw      $t1, 0x0248($s0)           ## 00000248
/* 012A4 808C2FE4 3059FFF9 */  andi    $t9, $v0, 0xFFF9           ## $t9 = 00000000
/* 012A8 808C2FE8 250825E0 */  addiu   $t0, $t0, %lo(func_808C25E0) ## $t0 = 808C25E0
/* 012AC 808C2FEC 11090027 */  beq     $t0, $t1, .L808C308C       
/* 012B0 808C2FF0 A2190304 */  sb      $t9, 0x0304($s0)           ## 00000304
/* 012B4 808C2FF4 860A0092 */  lh      $t2, 0x0092($s0)           ## 00000092
/* 012B8 808C2FF8 34018000 */  ori     $at, $zero, 0x8000         ## $at = 00008000
/* 012BC 808C2FFC 02002025 */  or      $a0, $s0, $zero            ## $a0 = 00000000
/* 012C0 808C3000 01415821 */  addu    $t3, $t2, $at              
/* 012C4 808C3004 A60B0032 */  sh      $t3, 0x0032($s0)           ## 00000032
/* 012C8 808C3008 860C0032 */  lh      $t4, 0x0032($s0)           ## 00000032
/* 012CC 808C300C 0C230953 */  jal     func_808C254C              
/* 012D0 808C3010 A60C00BE */  sh      $t4, 0x00BE($s0)           ## 000000BE
/* 012D4 808C3014 1000001E */  beq     $zero, $zero, .L808C3090   
/* 012D8 808C3018 8FBF0034 */  lw      $ra, 0x0034($sp)           
.L808C301C:
/* 012DC 808C301C 11A0001B */  beq     $t5, $zero, .L808C308C     
/* 012E0 808C3020 304EFFFD */  andi    $t6, $v0, 0xFFFD           ## $t6 = 00000000
/* 012E4 808C3024 860F0092 */  lh      $t7, 0x0092($s0)           ## 00000092
/* 012E8 808C3028 34018000 */  ori     $at, $zero, 0x8000         ## $at = 00008000
/* 012EC 808C302C A20E0304 */  sb      $t6, 0x0304($s0)           ## 00000304
/* 012F0 808C3030 01E1C021 */  addu    $t8, $t7, $at              
/* 012F4 808C3034 A6180032 */  sh      $t8, 0x0032($s0)           ## 00000032
/* 012F8 808C3038 86190032 */  lh      $t9, 0x0032($s0)           ## 00000032
/* 012FC 808C303C 02002025 */  or      $a0, $s0, $zero            ## $a0 = 00000000
/* 01300 808C3040 240538CB */  addiu   $a1, $zero, 0x38CB         ## $a1 = 000038CB
/* 01304 808C3044 0C02E3B2 */  jal     func_800B8EC8              
/* 01308 808C3048 A61900BE */  sh      $t9, 0x00BE($s0)           ## 000000BE
/* 0130C 808C304C 44800000 */  mtc1    $zero, $f0                 ## $f0 = 0.00
/* 01310 808C3050 C6060264 */  lwc1    $f6, 0x0264($s0)           ## 00000264
/* 01314 808C3054 240804B0 */  addiu   $t0, $zero, 0x04B0         ## $t0 = 000004B0
/* 01318 808C3058 3C01801F */  lui     $at, 0x801F                ## $at = 801F0000
/* 0131C 808C305C 4606003C */  c.lt.s  $f0, $f6                   
/* 01320 808C3060 00000000 */  nop
/* 01324 808C3064 45020003 */  bc1fl   .L808C3074                 
/* 01328 808C3068 8E0A0248 */  lw      $t2, 0x0248($s0)           ## 00000248
/* 0132C 808C306C A4280686 */  sh      $t0, 0x0686($at)           ## 801F0686
/* 01330 808C3070 8E0A0248 */  lw      $t2, 0x0248($s0)           ## 00000248
.L808C3074:
/* 01334 808C3074 3C09808C */  lui     $t1, %hi(func_808C23EC)    ## $t1 = 808C0000
/* 01338 808C3078 252923EC */  addiu   $t1, $t1, %lo(func_808C23EC) ## $t1 = 808C23EC
/* 0133C 808C307C 552A0004 */  bnel    $t1, $t2, .L808C3090       
/* 01340 808C3080 8FBF0034 */  lw      $ra, 0x0034($sp)           
/* 01344 808C3084 0C230835 */  jal     func_808C20D4              
/* 01348 808C3088 02002025 */  or      $a0, $s0, $zero            ## $a0 = 00000000
.L808C308C:
/* 0134C 808C308C 8FBF0034 */  lw      $ra, 0x0034($sp)           
.L808C3090:
/* 01350 808C3090 8FB00030 */  lw      $s0, 0x0030($sp)           
/* 01354 808C3094 27BD0038 */  addiu   $sp, $sp, 0x0038           ## $sp = 00000000
/* 01358 808C3098 03E00008 */  jr      $ra                        
/* 0135C 808C309C 00000000 */  nop


glabel func_808C30A0
/* 01360 808C30A0 27BDFFD8 */  addiu   $sp, $sp, 0xFFD8           ## $sp = FFFFFFD8
/* 01364 808C30A4 AFB10020 */  sw      $s1, 0x0020($sp)           
/* 01368 808C30A8 AFB0001C */  sw      $s0, 0x001C($sp)           
/* 0136C 808C30AC 00808025 */  or      $s0, $a0, $zero            ## $s0 = 00000000
/* 01370 808C30B0 00A08825 */  or      $s1, $a1, $zero            ## $s1 = 00000000
/* 01374 808C30B4 AFBF0024 */  sw      $ra, 0x0024($sp)           
/* 01378 808C30B8 02002025 */  or      $a0, $s0, $zero            ## $a0 = 00000000
/* 0137C 808C30BC 0C230B8D */  jal     func_808C2E34              
/* 01380 808C30C0 02202825 */  or      $a1, $s1, $zero            ## $a1 = 00000000
/* 01384 808C30C4 8E190248 */  lw      $t9, 0x0248($s0)           ## 00000248
/* 01388 808C30C8 02002025 */  or      $a0, $s0, $zero            ## $a0 = 00000000
/* 0138C 808C30CC 02202825 */  or      $a1, $s1, $zero            ## $a1 = 00000000
/* 01390 808C30D0 0320F809 */  jalr    $ra, $t9                   
/* 01394 808C30D4 00000000 */  nop
/* 01398 808C30D8 8E020248 */  lw      $v0, 0x0248($s0)           ## 00000248
/* 0139C 808C30DC 3C0E808C */  lui     $t6, %hi(func_808C28CC)    ## $t6 = 808C0000
/* 013A0 808C30E0 25CE28CC */  addiu   $t6, $t6, %lo(func_808C28CC) ## $t6 = 808C28CC
/* 013A4 808C30E4 11C2007C */  beq     $t6, $v0, .L808C32D8       
/* 013A8 808C30E8 3C0F808C */  lui     $t7, %hi(func_808C2CB4)    ## $t7 = 808C0000
/* 013AC 808C30EC 25EF2CB4 */  addiu   $t7, $t7, %lo(func_808C2CB4) ## $t7 = 808C2CB4
/* 013B0 808C30F0 51E2007A */  beql    $t7, $v0, .L808C32DC       
/* 013B4 808C30F4 8FBF0024 */  lw      $ra, 0x0024($sp)           
/* 013B8 808C30F8 0C02DAA2 */  jal     func_800B6A88              
/* 013BC 808C30FC 02002025 */  or      $a0, $s0, $zero            ## $a0 = 00000000
/* 013C0 808C3100 3C014220 */  lui     $at, 0x4220                ## $at = 42200000
/* 013C4 808C3104 44812000 */  mtc1    $at, $f4                   ## $f4 = 40.00
/* 013C8 808C3108 24180007 */  addiu   $t8, $zero, 0x0007         ## $t8 = 00000007
/* 013CC 808C310C AFB80014 */  sw      $t8, 0x0014($sp)           
/* 013D0 808C3110 02202025 */  or      $a0, $s1, $zero            ## $a0 = 00000000
/* 013D4 808C3114 02002825 */  or      $a1, $s0, $zero            ## $a1 = 00000000
/* 013D8 808C3118 3C0641F0 */  lui     $a2, 0x41F0                ## $a2 = 41F00000
/* 013DC 808C311C 3C0741C8 */  lui     $a3, 0x41C8                ## $a3 = 41C80000
/* 013E0 808C3120 0C02DE2E */  jal     func_800B78B8              
/* 013E4 808C3124 E7A40010 */  swc1    $f4, 0x0010($sp)           
/* 013E8 808C3128 3C014170 */  lui     $at, 0x4170                ## $at = 41700000
/* 013EC 808C312C 44818000 */  mtc1    $at, $f16                  ## $f16 = 15.00
/* 013F0 808C3130 C60A0028 */  lwc1    $f10, 0x0028($s0)          ## 00000028
/* 013F4 808C3134 3C0141F0 */  lui     $at, 0x41F0                ## $at = 41F00000
/* 013F8 808C3138 C6060024 */  lwc1    $f6, 0x0024($s0)           ## 00000024
/* 013FC 808C313C 46105480 */  add.s   $f18, $f10, $f16           
/* 01400 808C3140 44818000 */  mtc1    $at, $f16                  ## $f16 = 30.00
/* 01404 808C3144 C60A0264 */  lwc1    $f10, 0x0264($s0)          ## 00000264
/* 01408 808C3148 4600320D */  trunc.w.s $f8, $f6                   
/* 0140C 808C314C C606002C */  lwc1    $f6, 0x002C($s0)           ## 0000002C
/* 01410 808C3150 240F0014 */  addiu   $t7, $zero, 0x0014         ## $t7 = 00000014
/* 01414 808C3154 4600910D */  trunc.w.s $f4, $f18                  
/* 01418 808C3158 46105482 */  mul.s   $f18, $f10, $f16           
/* 0141C 808C315C 44094000 */  mfc1    $t1, $f8                   
/* 01420 808C3160 2604003C */  addiu   $a0, $s0, 0x003C           ## $a0 = 0000003C
/* 01424 808C3164 440B2000 */  mfc1    $t3, $f4                   
/* 01428 808C3168 A609033C */  sh      $t1, 0x033C($s0)           ## 0000033C
/* 0142C 808C316C 4600320D */  trunc.w.s $f8, $f6                   
/* 01430 808C3170 A60B033E */  sh      $t3, 0x033E($s0)           ## 0000033E
/* 01434 808C3174 4600910D */  trunc.w.s $f4, $f18                  
/* 01438 808C3178 440D4000 */  mfc1    $t5, $f8                   
/* 0143C 808C317C 440E2000 */  mfc1    $t6, $f4                   
/* 01440 808C3180 A60D0340 */  sh      $t5, 0x0340($s0)           ## 00000340
/* 01444 808C3184 A60E0342 */  sh      $t6, 0x0342($s0)           ## 00000342
/* 01448 808C3188 86020342 */  lh      $v0, 0x0342($s0)           ## 00000342
/* 0144C 808C318C 28410014 */  slti    $at, $v0, 0x0014           
/* 01450 808C3190 50200004 */  beql    $at, $zero, .L808C31A4     
/* 01454 808C3194 A6020342 */  sh      $v0, 0x0342($s0)           ## 00000342
/* 01458 808C3198 10000002 */  beq     $zero, $zero, .L808C31A4   
/* 0145C 808C319C A60F0342 */  sh      $t7, 0x0342($s0)           ## 00000342
/* 01460 808C31A0 A6020342 */  sh      $v0, 0x0342($s0)           ## 00000342
.L808C31A4:
/* 01464 808C31A4 0C03FD53 */  jal     func_800FF54C              
/* 01468 808C31A8 2605033C */  addiu   $a1, $s0, 0x033C           ## $a1 = 0000033C
/* 0146C 808C31AC 92180304 */  lbu     $t8, 0x0304($s0)           ## 00000304
/* 01470 808C31B0 3C010100 */  lui     $at, 0x0100                ## $at = 01000000
/* 01474 808C31B4 33080001 */  andi    $t0, $t8, 0x0001           ## $t0 = 00000000
/* 01478 808C31B8 5100000B */  beql    $t0, $zero, .L808C31E8     
/* 0147C 808C31BC 920B0305 */  lbu     $t3, 0x0305($s0)           ## 00000305
/* 01480 808C31C0 8E090004 */  lw      $t1, 0x0004($s0)           ## 00000004
/* 01484 808C31C4 02202025 */  or      $a0, $s1, $zero            ## $a0 = 00000000
/* 01488 808C31C8 260602F4 */  addiu   $a2, $s0, 0x02F4           ## $a2 = 000002F4
/* 0148C 808C31CC 01215025 */  or      $t2, $t1, $at              ## $t2 = 01000000
/* 01490 808C31D0 3C010001 */  lui     $at, 0x0001                ## $at = 00010000
/* 01494 808C31D4 34218884 */  ori     $at, $at, 0x8884           ## $at = 00018884
/* 01498 808C31D8 AE0A0004 */  sw      $t2, 0x0004($s0)           ## 00000004
/* 0149C 808C31DC 0C038956 */  jal     func_800E2558              
/* 014A0 808C31E0 02212821 */  addu    $a1, $s1, $at              
/* 014A4 808C31E4 920B0305 */  lbu     $t3, 0x0305($s0)           ## 00000305
.L808C31E8:
/* 014A8 808C31E8 3C010001 */  lui     $at, 0x0001                ## $at = 00010000
/* 014AC 808C31EC 34218884 */  ori     $at, $at, 0x8884           ## $at = 00018884
/* 014B0 808C31F0 316C0001 */  andi    $t4, $t3, 0x0001           ## $t4 = 00000000
/* 014B4 808C31F4 11800004 */  beq     $t4, $zero, .L808C3208     
/* 014B8 808C31F8 02202025 */  or      $a0, $s1, $zero            ## $a0 = 00000000
/* 014BC 808C31FC 02212821 */  addu    $a1, $s1, $at              
/* 014C0 808C3200 0C0389D0 */  jal     func_800E2740              
/* 014C4 808C3204 260602F4 */  addiu   $a2, $s0, 0x02F4           ## $a2 = 000002F4
.L808C3208:
/* 014C8 808C3208 920D0306 */  lbu     $t5, 0x0306($s0)           ## 00000306
/* 014CC 808C320C 3C010001 */  lui     $at, 0x0001                ## $at = 00010000
/* 014D0 808C3210 34218884 */  ori     $at, $at, 0x8884           ## $at = 00018884
/* 014D4 808C3214 31B90001 */  andi    $t9, $t5, 0x0001           ## $t9 = 00000000
/* 014D8 808C3218 13200004 */  beq     $t9, $zero, .L808C322C     
/* 014DC 808C321C 02202025 */  or      $a0, $s1, $zero            ## $a0 = 00000000
/* 014E0 808C3220 02212821 */  addu    $a1, $s1, $at              
/* 014E4 808C3224 0C038A4A */  jal     func_800E2928              
/* 014E8 808C3228 260602F4 */  addiu   $a2, $s0, 0x02F4           ## $a2 = 000002F4
.L808C322C:
/* 014EC 808C322C 44800000 */  mtc1    $zero, $f0                 ## $f0 = 0.00
/* 014F0 808C3230 C606026C */  lwc1    $f6, 0x026C($s0)           ## 0000026C
/* 014F4 808C3234 4606003C */  c.lt.s  $f0, $f6                   
/* 014F8 808C3238 00000000 */  nop
/* 014FC 808C323C 45020027 */  bc1fl   .L808C32DC                 
/* 01500 808C3240 8FBF0024 */  lw      $ra, 0x0024($sp)           
/* 01504 808C3244 920E024D */  lbu     $t6, 0x024D($s0)           ## 0000024D
/* 01508 808C3248 2401000A */  addiu   $at, $zero, 0x000A         ## $at = 0000000A
/* 0150C 808C324C 2604026C */  addiu   $a0, $s0, 0x026C           ## $a0 = 0000026C
/* 01510 808C3250 11C10016 */  beq     $t6, $at, .L808C32AC       
/* 01514 808C3254 3C063D4C */  lui     $a2, 0x3D4C                ## $a2 = 3D4C0000
/* 01518 808C3258 44050000 */  mfc1    $a1, $f0                   
/* 0151C 808C325C 0C03FC0F */  jal     func_800FF03C              
/* 01520 808C3260 34C6CCCD */  ori     $a2, $a2, 0xCCCD           ## $a2 = 3D4CCCCD
/* 01524 808C3264 3C01808C */  lui     $at, %hi(D_808C3858)       ## $at = 808C0000
/* 01528 808C3268 C4223858 */  lwc1    $f2, %lo(D_808C3858)($at)  
/* 0152C 808C326C 3C013F80 */  lui     $at, 0x3F80                ## $at = 3F800000
/* 01530 808C3270 44815000 */  mtc1    $at, $f10                  ## $f10 = 1.00
/* 01534 808C3274 C608026C */  lwc1    $f8, 0x026C($s0)           ## 0000026C
/* 01538 808C3278 3C01808C */  lui     $at, %hi(D_808C385C)       ## $at = 808C0000
/* 0153C 808C327C C432385C */  lwc1    $f18, %lo(D_808C385C)($at) 
/* 01540 808C3280 460A4400 */  add.s   $f16, $f8, $f10            
/* 01544 808C3284 46128002 */  mul.s   $f0, $f16, $f18            
/* 01548 808C3288 4600103C */  c.lt.s  $f2, $f0                   
/* 0154C 808C328C E6000270 */  swc1    $f0, 0x0270($s0)           ## 00000270
/* 01550 808C3290 45020004 */  bc1fl   .L808C32A4                 
/* 01554 808C3294 C6040270 */  lwc1    $f4, 0x0270($s0)           ## 00000270
/* 01558 808C3298 1000000F */  beq     $zero, $zero, .L808C32D8   
/* 0155C 808C329C E6020270 */  swc1    $f2, 0x0270($s0)           ## 00000270
/* 01560 808C32A0 C6040270 */  lwc1    $f4, 0x0270($s0)           ## 00000270
.L808C32A4:
/* 01564 808C32A4 1000000C */  beq     $zero, $zero, .L808C32D8   
/* 01568 808C32A8 E6040270 */  swc1    $f4, 0x0270($s0)           ## 00000270
.L808C32AC:
/* 0156C 808C32AC 3C01808C */  lui     $at, %hi(D_808C3860)       ## $at = 808C0000
/* 01570 808C32B0 C4223860 */  lwc1    $f2, %lo(D_808C3860)($at)  
/* 01574 808C32B4 3C063C23 */  lui     $a2, 0x3C23                ## $a2 = 3C230000
/* 01578 808C32B8 34C6D70A */  ori     $a2, $a2, 0xD70A           ## $a2 = 3C23D70A
/* 0157C 808C32BC 44051000 */  mfc1    $a1, $f2                   
/* 01580 808C32C0 0C03FC0F */  jal     func_800FF03C              
/* 01584 808C32C4 26040274 */  addiu   $a0, $s0, 0x0274           ## $a0 = 00000274
/* 01588 808C32C8 14400003 */  bne     $v0, $zero, .L808C32D8     
/* 0158C 808C32CC 02002025 */  or      $a0, $s0, $zero            ## $a0 = 00000000
/* 01590 808C32D0 0C02E404 */  jal     func_800B9010              
/* 01594 808C32D4 240520B2 */  addiu   $a1, $zero, 0x20B2         ## $a1 = 000020B2
.L808C32D8:
/* 01598 808C32D8 8FBF0024 */  lw      $ra, 0x0024($sp)           
.L808C32DC:
/* 0159C 808C32DC 8FB0001C */  lw      $s0, 0x001C($sp)           
/* 015A0 808C32E0 8FB10020 */  lw      $s1, 0x0020($sp)           
/* 015A4 808C32E4 03E00008 */  jr      $ra                        
/* 015A8 808C32E8 27BD0028 */  addiu   $sp, $sp, 0x0028           ## $sp = 00000000


glabel func_808C32EC
/* 015AC 808C32EC AFA40000 */  sw      $a0, 0x0000($sp)           
/* 015B0 808C32F0 8FA40014 */  lw      $a0, 0x0014($sp)           
/* 015B4 808C32F4 AFA50004 */  sw      $a1, 0x0004($sp)           
/* 015B8 808C32F8 AFA7000C */  sw      $a3, 0x000C($sp)           
/* 015BC 808C32FC 808E024C */  lb      $t6, 0x024C($a0)           ## 0000024C
/* 015C0 808C3300 2401FFFF */  addiu   $at, $zero, 0xFFFF         ## $at = FFFFFFFF
/* 015C4 808C3304 00001025 */  or      $v0, $zero, $zero          ## $v0 = 00000000
/* 015C8 808C3308 15C10004 */  bne     $t6, $at, .L808C331C       
/* 015CC 808C330C 00000000 */  nop
/* 015D0 808C3310 8CCF0000 */  lw      $t7, 0x0000($a2)           ## 00000000
/* 015D4 808C3314 AC8F02F0 */  sw      $t7, 0x02F0($a0)           ## 000002F0
/* 015D8 808C3318 ACC00000 */  sw      $zero, 0x0000($a2)         ## 00000000
.L808C331C:
/* 015DC 808C331C 03E00008 */  jr      $ra                        
/* 015E0 808C3320 00000000 */  nop


glabel func_808C3324
/* 015E4 808C3324 27BDFFC0 */  addiu   $sp, $sp, 0xFFC0           ## $sp = FFFFFFC0
/* 015E8 808C3328 AFB00018 */  sw      $s0, 0x0018($sp)           
/* 015EC 808C332C 8FB00050 */  lw      $s0, 0x0050($sp)           
/* 015F0 808C3330 AFBF001C */  sw      $ra, 0x001C($sp)           
/* 015F4 808C3334 AFA40040 */  sw      $a0, 0x0040($sp)           
/* 015F8 808C3338 AFA60048 */  sw      $a2, 0x0048($sp)           
/* 015FC 808C333C AFA7004C */  sw      $a3, 0x004C($sp)           
/* 01600 808C3340 8202024C */  lb      $v0, 0x024C($s0)           ## 0000024C
/* 01604 808C3344 14400022 */  bne     $v0, $zero, .L808C33D0     
/* 01608 808C3348 00000000 */  nop
/* 0160C 808C334C 3C02808C */  lui     $v0, %hi(D_808C37FC)       ## $v0 = 808C0000
/* 01610 808C3350 00451021 */  addu    $v0, $v0, $a1              
/* 01614 808C3354 804237FC */  lb      $v0, %lo(D_808C37FC)($v0)  
/* 01618 808C3358 2401FFFF */  addiu   $at, $zero, 0xFFFF         ## $at = FFFFFFFF
/* 0161C 808C335C 5041006B */  beql    $v0, $at, .L808C350C       
/* 01620 808C3360 8FBF001C */  lw      $ra, 0x001C($sp)           
/* 01624 808C3364 14400007 */  bne     $v0, $zero, .L808C3384     
/* 01628 808C3368 24010003 */  addiu   $at, $zero, 0x0003         ## $at = 00000003
/* 0162C 808C336C 3C01447A */  lui     $at, 0x447A                ## $at = 447A0000
/* 01630 808C3370 44816000 */  mtc1    $at, $f12                  ## $f12 = 1000.00
/* 01634 808C3374 0C0606DE */  jal     func_80181B78              
/* 01638 808C3378 26050278 */  addiu   $a1, $s0, 0x0278           ## $a1 = 00000278
/* 0163C 808C337C 10000063 */  beq     $zero, $zero, .L808C350C   
/* 01640 808C3380 8FBF001C */  lw      $ra, 0x001C($sp)           
.L808C3384:
/* 01644 808C3384 1441000B */  bne     $v0, $at, .L808C33B4       
/* 01648 808C3388 2406000C */  addiu   $a2, $zero, 0x000C         ## $a2 = 0000000C
/* 0164C 808C338C 3C01C47A */  lui     $at, 0xC47A                ## $at = C47A0000
/* 01650 808C3390 44816000 */  mtc1    $at, $f12                  ## $f12 = -1000.00
/* 01654 808C3394 0C0606DE */  jal     func_80181B78              
/* 01658 808C3398 2605029C */  addiu   $a1, $s0, 0x029C           ## $a1 = 0000029C
/* 0165C 808C339C 3C04808C */  lui     $a0, %hi(D_808C380C)       ## $a0 = 808C0000
/* 01660 808C33A0 2484380C */  addiu   $a0, $a0, %lo(D_808C380C)  ## $a0 = 808C380C
/* 01664 808C33A4 0C0606A6 */  jal     func_80181A98              
/* 01668 808C33A8 260502A8 */  addiu   $a1, $s0, 0x02A8           ## $a1 = 000002A8
/* 0166C 808C33AC 10000057 */  beq     $zero, $zero, .L808C350C   
/* 01670 808C33B0 8FBF001C */  lw      $ra, 0x001C($sp)           
.L808C33B4:
/* 01674 808C33B4 00460019 */  multu   $v0, $a2                   
/* 01678 808C33B8 00007012 */  mflo    $t6                        
/* 0167C 808C33BC 020E2021 */  addu    $a0, $s0, $t6              
/* 01680 808C33C0 0C0606D4 */  jal     func_80181B50              
/* 01684 808C33C4 24840278 */  addiu   $a0, $a0, 0x0278           ## $a0 = 00000278
/* 01688 808C33C8 10000050 */  beq     $zero, $zero, .L808C350C   
/* 0168C 808C33CC 8FBF001C */  lw      $ra, 0x001C($sp)           
.L808C33D0:
/* 01690 808C33D0 18400016 */  blez    $v0, .L808C342C            
/* 01694 808C33D4 3C09808C */  lui     $t1, %hi(D_808C37FC)       ## $t1 = 808C0000
/* 01698 808C33D8 3C0F808C */  lui     $t7, %hi(D_808C37FC)       ## $t7 = 808C0000
/* 0169C 808C33DC 25EF37FC */  addiu   $t7, $t7, %lo(D_808C37FC)  ## $t7 = 808C37FC
/* 016A0 808C33E0 00AF1821 */  addu    $v1, $a1, $t7              
/* 016A4 808C33E4 80620000 */  lb      $v0, 0x0000($v1)           ## 00000000
/* 016A8 808C33E8 2401FFFF */  addiu   $at, $zero, 0xFFFF         ## $at = FFFFFFFF
/* 016AC 808C33EC 2406000C */  addiu   $a2, $zero, 0x000C         ## $a2 = 0000000C
/* 016B0 808C33F0 10410008 */  beq     $v0, $at, .L808C3414       
/* 016B4 808C33F4 00000000 */  nop
/* 016B8 808C33F8 00460019 */  multu   $v0, $a2                   
/* 016BC 808C33FC AFA30020 */  sw      $v1, 0x0020($sp)           
/* 016C0 808C3400 0000C012 */  mflo    $t8                        
/* 016C4 808C3404 02182021 */  addu    $a0, $s0, $t8              
/* 016C8 808C3408 0C0606D4 */  jal     func_80181B50              
/* 016CC 808C340C 24840278 */  addiu   $a0, $a0, 0x0278           ## $a0 = 00000278
/* 016D0 808C3410 8FA30020 */  lw      $v1, 0x0020($sp)           
.L808C3414:
/* 016D4 808C3414 3C19808C */  lui     $t9, %hi(D_808C380B)       ## $t9 = 808C0000
/* 016D8 808C3418 2739380B */  addiu   $t9, $t9, %lo(D_808C380B)  ## $t9 = 808C380B
/* 016DC 808C341C 1479003A */  bne     $v1, $t9, .L808C3508       
/* 016E0 808C3420 2408FFFF */  addiu   $t0, $zero, 0xFFFF         ## $t0 = FFFFFFFF
/* 016E4 808C3424 10000038 */  beq     $zero, $zero, .L808C3508   
/* 016E8 808C3428 A208024C */  sb      $t0, 0x024C($s0)           ## 0000024C
.L808C342C:
/* 016EC 808C342C 252937FC */  addiu   $t1, $t1, %lo(D_808C37FC)  ## $t1 = 000037FC
/* 016F0 808C3430 00A91821 */  addu    $v1, $a1, $t1              
/* 016F4 808C3434 806A0000 */  lb      $t2, 0x0000($v1)           ## 00000000
/* 016F8 808C3438 2401FFFF */  addiu   $at, $zero, 0xFFFF         ## $at = FFFFFFFF
/* 016FC 808C343C 8FAB0040 */  lw      $t3, 0x0040($sp)           
/* 01700 808C3440 51410032 */  beql    $t2, $at, .L808C350C       
/* 01704 808C3444 8FBF001C */  lw      $ra, 0x001C($sp)           
/* 01708 808C3448 8D6C0000 */  lw      $t4, 0x0000($t3)           ## 00000000
/* 0170C 808C344C AFA30020 */  sw      $v1, 0x0020($sp)           
/* 01710 808C3450 0C06008D */  jal     func_80180234              
/* 01714 808C3454 AFAC0030 */  sw      $t4, 0x0030($sp)           
/* 01718 808C3458 8FA30020 */  lw      $v1, 0x0020($sp)           
/* 0171C 808C345C 2406000C */  addiu   $a2, $zero, 0x000C         ## $a2 = 0000000C
/* 01720 808C3460 24050001 */  addiu   $a1, $zero, 0x0001         ## $a1 = 00000001
/* 01724 808C3464 806D0000 */  lb      $t5, 0x0000($v1)           ## 00000000
/* 01728 808C3468 01A60019 */  multu   $t5, $a2                   
/* 0172C 808C346C 00007012 */  mflo    $t6                        
/* 01730 808C3470 020E7821 */  addu    $t7, $s0, $t6              
/* 01734 808C3474 C5E40278 */  lwc1    $f4, 0x0278($t7)           ## 00000278
/* 01738 808C3478 E4440030 */  swc1    $f4, 0x0030($v0)           ## 00000030
/* 0173C 808C347C 80780000 */  lb      $t8, 0x0000($v1)           ## 00000000
/* 01740 808C3480 03060019 */  multu   $t8, $a2                   
/* 01744 808C3484 0000C812 */  mflo    $t9                        
/* 01748 808C3488 02194021 */  addu    $t0, $s0, $t9              
/* 0174C 808C348C C506027C */  lwc1    $f6, 0x027C($t0)           ## 0000027C
/* 01750 808C3490 E4460034 */  swc1    $f6, 0x0034($v0)           ## 00000034
/* 01754 808C3494 80690000 */  lb      $t1, 0x0000($v1)           ## 00000000
/* 01758 808C3498 01260019 */  multu   $t1, $a2                   
/* 0175C 808C349C 00005012 */  mflo    $t2                        
/* 01760 808C34A0 020A5821 */  addu    $t3, $s0, $t2              
/* 01764 808C34A4 C5680280 */  lwc1    $f8, 0x0280($t3)           ## 00000280
/* 01768 808C34A8 E4480038 */  swc1    $f8, 0x0038($v0)           ## 00000038
/* 0176C 808C34AC 0C06033E */  jal     func_80180CF8              
/* 01770 808C34B0 86040034 */  lh      $a0, 0x0034($s0)           ## 00000034
/* 01774 808C34B4 8FA50030 */  lw      $a1, 0x0030($sp)           
/* 01778 808C34B8 8CA202B0 */  lw      $v0, 0x02B0($a1)           ## 000002B0
/* 0177C 808C34BC 3C0DDA38 */  lui     $t5, 0xDA38                ## $t5 = DA380000
/* 01780 808C34C0 35AD0003 */  ori     $t5, $t5, 0x0003           ## $t5 = DA380003
/* 01784 808C34C4 244C0008 */  addiu   $t4, $v0, 0x0008           ## $t4 = 00000008
/* 01788 808C34C8 ACAC02B0 */  sw      $t4, 0x02B0($a1)           ## 000002B0
/* 0178C 808C34CC AC4D0000 */  sw      $t5, 0x0000($v0)           ## 00000000
/* 01790 808C34D0 8FAE0040 */  lw      $t6, 0x0040($sp)           
/* 01794 808C34D4 8DC40000 */  lw      $a0, 0x0000($t6)           ## 00000000
/* 01798 808C34D8 0C060690 */  jal     func_80181A40              
/* 0179C 808C34DC AFA20028 */  sw      $v0, 0x0028($sp)           
/* 017A0 808C34E0 8FA30028 */  lw      $v1, 0x0028($sp)           
/* 017A4 808C34E4 AC620004 */  sw      $v0, 0x0004($v1)           ## 00000004
/* 017A8 808C34E8 8FAF0030 */  lw      $t7, 0x0030($sp)           
/* 017AC 808C34EC 8DE202B0 */  lw      $v0, 0x02B0($t7)           ## 000002B0
/* 017B0 808C34F0 3C19DE00 */  lui     $t9, 0xDE00                ## $t9 = DE000000
/* 017B4 808C34F4 24580008 */  addiu   $t8, $v0, 0x0008           ## $t8 = 00000008
/* 017B8 808C34F8 ADF802B0 */  sw      $t8, 0x02B0($t7)           ## 000002B0
/* 017BC 808C34FC AC590000 */  sw      $t9, 0x0000($v0)           ## 00000000
/* 017C0 808C3500 8E0802F0 */  lw      $t0, 0x02F0($s0)           ## 000002F0
/* 017C4 808C3504 AC480004 */  sw      $t0, 0x0004($v0)           ## 00000004
.L808C3508:
/* 017C8 808C3508 8FBF001C */  lw      $ra, 0x001C($sp)           
.L808C350C:
/* 017CC 808C350C 8FB00018 */  lw      $s0, 0x0018($sp)           
/* 017D0 808C3510 27BD0040 */  addiu   $sp, $sp, 0x0040           ## $sp = 00000000
/* 017D4 808C3514 03E00008 */  jr      $ra                        
/* 017D8 808C3518 00000000 */  nop


glabel func_808C351C
/* 017DC 808C351C 27BDFF88 */  addiu   $sp, $sp, 0xFF88           ## $sp = FFFFFF88
/* 017E0 808C3520 AFB20040 */  sw      $s2, 0x0040($sp)           
/* 017E4 808C3524 AFB1003C */  sw      $s1, 0x003C($sp)           
/* 017E8 808C3528 00808825 */  or      $s1, $a0, $zero            ## $s1 = 00000000
/* 017EC 808C352C 00A09025 */  or      $s2, $a1, $zero            ## $s2 = 00000000
/* 017F0 808C3530 AFBF0044 */  sw      $ra, 0x0044($sp)           
/* 017F4 808C3534 AFB00038 */  sw      $s0, 0x0038($sp)           
/* 017F8 808C3538 8E500000 */  lw      $s0, 0x0000($s2)           ## 00000000
/* 017FC 808C353C 3C0EDE00 */  lui     $t6, 0xDE00                ## $t6 = DE000000
/* 01800 808C3540 3C0F801C */  lui     $t7, 0x801C                ## $t7 = 801C0000
/* 01804 808C3544 8E0202B0 */  lw      $v0, 0x02B0($s0)           ## 000002B0
/* 01808 808C3548 25EF13A0 */  addiu   $t7, $t7, 0x13A0           ## $t7 = 801C13A0
/* 0180C 808C354C AC4F0004 */  sw      $t7, 0x0004($v0)           ## 00000004
/* 01810 808C3550 AC4E0000 */  sw      $t6, 0x0000($v0)           ## 00000000
/* 01814 808C3554 24580008 */  addiu   $t8, $v0, 0x0008           ## $t8 = 00000008
/* 01818 808C3558 AE1802B0 */  sw      $t8, 0x02B0($s0)           ## 000002B0
/* 0181C 808C355C 3C19808C */  lui     $t9, %hi(func_808C3324)    ## $t9 = 808C0000
/* 01820 808C3560 27393324 */  addiu   $t9, $t9, %lo(func_808C3324) ## $t9 = 808C3324
/* 01824 808C3564 8E260164 */  lw      $a2, 0x0164($s1)           ## 00000164
/* 01828 808C3568 8E250148 */  lw      $a1, 0x0148($s1)           ## 00000148
/* 0182C 808C356C 3C07808C */  lui     $a3, %hi(func_808C32EC)    ## $a3 = 808C0000
/* 01830 808C3570 24E732EC */  addiu   $a3, $a3, %lo(func_808C32EC) ## $a3 = 808C32EC
/* 01834 808C3574 AFB10014 */  sw      $s1, 0x0014($sp)           
/* 01838 808C3578 AFB90010 */  sw      $t9, 0x0010($sp)           
/* 0183C 808C357C 0C04CECF */  jal     func_80133B3C              
/* 01840 808C3580 02402025 */  or      $a0, $s2, $zero            ## $a0 = 00000000
/* 01844 808C3584 44802000 */  mtc1    $zero, $f4                 ## $f4 = 0.00
/* 01848 808C3588 C6260264 */  lwc1    $f6, 0x0264($s1)           ## 00000264
/* 0184C 808C358C 4606203C */  c.lt.s  $f4, $f6                   
/* 01850 808C3590 00000000 */  nop
/* 01854 808C3594 45020065 */  bc1fl   .L808C372C                 
/* 01858 808C3598 C6260270 */  lwc1    $f6, 0x0270($s1)           ## 00000270
/* 0185C 808C359C 0C06008D */  jal     func_80180234              
/* 01860 808C35A0 00000000 */  nop
/* 01864 808C35A4 AFA2006C */  sw      $v0, 0x006C($sp)           
/* 01868 808C35A8 0C04B0B7 */  jal     func_8012C2DC              
/* 0186C 808C35AC 8E440000 */  lw      $a0, 0x0000($s2)           ## 00000000
/* 01870 808C35B0 86480810 */  lh      $t0, 0x0810($s2)           ## 00000810
/* 01874 808C35B4 00084880 */  sll     $t1, $t0,  2               
/* 01878 808C35B8 02495021 */  addu    $t2, $s2, $t1              
/* 0187C 808C35BC 0C037F37 */  jal     func_800DFCDC              
/* 01880 808C35C0 8D440800 */  lw      $a0, 0x0800($t2)           ## 00000800
/* 01884 808C35C4 862B00BE */  lh      $t3, 0x00BE($s1)           ## 000000BE
/* 01888 808C35C8 34018000 */  ori     $at, $zero, 0x8000         ## $at = 00008000
/* 0188C 808C35CC 24050001 */  addiu   $a1, $zero, 0x0001         ## $a1 = 00000001
/* 01890 808C35D0 004B2023 */  subu    $a0, $v0, $t3              
/* 01894 808C35D4 00812021 */  addu    $a0, $a0, $at              
/* 01898 808C35D8 00042400 */  sll     $a0, $a0, 16               
/* 0189C 808C35DC 0C06026B */  jal     func_801809AC              
/* 018A0 808C35E0 00042403 */  sra     $a0, $a0, 16               
/* 018A4 808C35E4 C62C0264 */  lwc1    $f12, 0x0264($s1)          ## 00000264
/* 018A8 808C35E8 C62E0268 */  lwc1    $f14, 0x0268($s1)          ## 00000268
/* 018AC 808C35EC 3C063F80 */  lui     $a2, 0x3F80                ## $a2 = 3F800000
/* 018B0 808C35F0 0C0600E7 */  jal     func_8018039C              
/* 018B4 808C35F4 24070001 */  addiu   $a3, $zero, 0x0001         ## $a3 = 00000001
/* 018B8 808C35F8 8E0202C0 */  lw      $v0, 0x02C0($s0)           ## 000002C0
/* 018BC 808C35FC 3C0DFA00 */  lui     $t5, 0xFA00                ## $t5 = FA000000
/* 018C0 808C3600 35AD8080 */  ori     $t5, $t5, 0x8080           ## $t5 = FA008080
/* 018C4 808C3604 244C0008 */  addiu   $t4, $v0, 0x0008           ## $t4 = 00000008
/* 018C8 808C3608 AE0C02C0 */  sw      $t4, 0x02C0($s0)           ## 000002C0
/* 018CC 808C360C 240EFFFF */  addiu   $t6, $zero, 0xFFFF         ## $t6 = FFFFFFFF
/* 018D0 808C3610 AC4E0004 */  sw      $t6, 0x0004($v0)           ## 00000004
/* 018D4 808C3614 AC4D0000 */  sw      $t5, 0x0000($v0)           ## 00000000
/* 018D8 808C3618 8E0202C0 */  lw      $v0, 0x02C0($s0)           ## 000002C0
/* 018DC 808C361C 3C18FB00 */  lui     $t8, 0xFB00                ## $t8 = FB000000
/* 018E0 808C3620 3419FF00 */  ori     $t9, $zero, 0xFF00         ## $t9 = 0000FF00
/* 018E4 808C3624 244F0008 */  addiu   $t7, $v0, 0x0008           ## $t7 = 00000008
/* 018E8 808C3628 AE0F02C0 */  sw      $t7, 0x02C0($s0)           ## 000002C0
/* 018EC 808C362C AC590004 */  sw      $t9, 0x0004($v0)           ## 00000004
/* 018F0 808C3630 AC580000 */  sw      $t8, 0x0000($v0)           ## 00000000
/* 018F4 808C3634 8E0202C0 */  lw      $v0, 0x02C0($s0)           ## 000002C0
/* 018F8 808C3638 3C09DB06 */  lui     $t1, 0xDB06                ## $t1 = DB060000
/* 018FC 808C363C 35290020 */  ori     $t1, $t1, 0x0020           ## $t1 = DB060020
/* 01900 808C3640 24480008 */  addiu   $t0, $v0, 0x0008           ## $t0 = 00000008
/* 01904 808C3644 AE0802C0 */  sw      $t0, 0x02C0($s0)           ## 000002C0
/* 01908 808C3648 AC490000 */  sw      $t1, 0x0000($v0)           ## 00000000
/* 0190C 808C364C 8E440000 */  lw      $a0, 0x0000($s2)           ## 00000000
/* 01910 808C3650 240A0020 */  addiu   $t2, $zero, 0x0020         ## $t2 = 00000020
/* 01914 808C3654 240B0040 */  addiu   $t3, $zero, 0x0040         ## $t3 = 00000040
/* 01918 808C3658 240C0001 */  addiu   $t4, $zero, 0x0001         ## $t4 = 00000001
/* 0191C 808C365C 3C0D0002 */  lui     $t5, 0x0002                ## $t5 = 00020000
/* 01920 808C3660 01B26821 */  addu    $t5, $t5, $s2              
/* 01924 808C3664 AFAC0018 */  sw      $t4, 0x0018($sp)           
/* 01928 808C3668 AFAB0014 */  sw      $t3, 0x0014($sp)           
/* 0192C 808C366C AFAA0010 */  sw      $t2, 0x0010($sp)           
/* 01930 808C3670 AFA0001C */  sw      $zero, 0x001C($sp)         
/* 01934 808C3674 8DAD8840 */  lw      $t5, -0x77C0($t5)          ## 00018840
/* 01938 808C3678 24180020 */  addiu   $t8, $zero, 0x0020         ## $t8 = 00000020
/* 0193C 808C367C 24190080 */  addiu   $t9, $zero, 0x0080         ## $t9 = 00000080
/* 01940 808C3680 000D0823 */  subu    $at, $zero, $t5            
/* 01944 808C3684 00017080 */  sll     $t6, $at,  2               
/* 01948 808C3688 01C17021 */  addu    $t6, $t6, $at              
/* 0194C 808C368C 000E7080 */  sll     $t6, $t6,  2               
/* 01950 808C3690 31CF01FF */  andi    $t7, $t6, 0x01FF           ## $t7 = 000001FF
/* 01954 808C3694 AFAF0020 */  sw      $t7, 0x0020($sp)           
/* 01958 808C3698 AFB90028 */  sw      $t9, 0x0028($sp)           
/* 0195C 808C369C AFB80024 */  sw      $t8, 0x0024($sp)           
/* 01960 808C36A0 00002825 */  or      $a1, $zero, $zero          ## $a1 = 00000000
/* 01964 808C36A4 00003025 */  or      $a2, $zero, $zero          ## $a2 = 00000000
/* 01968 808C36A8 00003825 */  or      $a3, $zero, $zero          ## $a3 = 00000000
/* 0196C 808C36AC 0C04B2F4 */  jal     func_8012CBD0              
/* 01970 808C36B0 AFA20050 */  sw      $v0, 0x0050($sp)           
/* 01974 808C36B4 8FA30050 */  lw      $v1, 0x0050($sp)           
/* 01978 808C36B8 3C01423C */  lui     $at, 0x423C                ## $at = 423C0000
/* 0197C 808C36BC 44814000 */  mtc1    $at, $f8                   ## $f8 = 47.00
/* 01980 808C36C0 AC620004 */  sw      $v0, 0x0004($v1)           ## 00000004
/* 01984 808C36C4 C62A0268 */  lwc1    $f10, 0x0268($s1)          ## 00000268
/* 01988 808C36C8 8FA2006C */  lw      $v0, 0x006C($sp)           
/* 0198C 808C36CC 460A4402 */  mul.s   $f16, $f8, $f10            
/* 01990 808C36D0 C4520034 */  lwc1    $f18, 0x0034($v0)          ## 00000034
/* 01994 808C36D4 46109101 */  sub.s   $f4, $f18, $f16            
/* 01998 808C36D8 E4440034 */  swc1    $f4, 0x0034($v0)           ## 00000034
/* 0199C 808C36DC 8E0202C0 */  lw      $v0, 0x02C0($s0)           ## 000002C0
/* 019A0 808C36E0 3C09DA38 */  lui     $t1, 0xDA38                ## $t1 = DA380000
/* 019A4 808C36E4 35290003 */  ori     $t1, $t1, 0x0003           ## $t1 = DA380003
/* 019A8 808C36E8 24480008 */  addiu   $t0, $v0, 0x0008           ## $t0 = 00000008
/* 019AC 808C36EC AE0802C0 */  sw      $t0, 0x02C0($s0)           ## 000002C0
/* 019B0 808C36F0 AC490000 */  sw      $t1, 0x0000($v0)           ## 00000000
/* 019B4 808C36F4 8E440000 */  lw      $a0, 0x0000($s2)           ## 00000000
/* 019B8 808C36F8 0C060690 */  jal     func_80181A40              
/* 019BC 808C36FC AFA2004C */  sw      $v0, 0x004C($sp)           
/* 019C0 808C3700 8FA3004C */  lw      $v1, 0x004C($sp)           
/* 019C4 808C3704 3C0BDE00 */  lui     $t3, 0xDE00                ## $t3 = DE000000
/* 019C8 808C3708 AC620004 */  sw      $v0, 0x0004($v1)           ## 00000004
/* 019CC 808C370C 8E0202C0 */  lw      $v0, 0x02C0($s0)           ## 000002C0
/* 019D0 808C3710 3C0C0408 */  lui     $t4, 0x0408                ## $t4 = 04080000
/* 019D4 808C3714 258CD590 */  addiu   $t4, $t4, 0xD590           ## $t4 = 0407D590
/* 019D8 808C3718 244A0008 */  addiu   $t2, $v0, 0x0008           ## $t2 = 00000008
/* 019DC 808C371C AE0A02C0 */  sw      $t2, 0x02C0($s0)           ## 000002C0
/* 019E0 808C3720 AC4C0004 */  sw      $t4, 0x0004($v0)           ## 00000004
/* 019E4 808C3724 AC4B0000 */  sw      $t3, 0x0000($v0)           ## 00000000
/* 019E8 808C3728 C6260270 */  lwc1    $f6, 0x0270($s1)           ## 00000270
.L808C372C:
/* 019EC 808C372C 02402025 */  or      $a0, $s2, $zero            ## $a0 = 00000000
/* 019F0 808C3730 02202825 */  or      $a1, $s1, $zero            ## $a1 = 00000000
/* 019F4 808C3734 E7A60010 */  swc1    $f6, 0x0010($sp)           
/* 019F8 808C3738 C6280274 */  lwc1    $f8, 0x0274($s1)           ## 00000274
/* 019FC 808C373C 26260278 */  addiu   $a2, $s1, 0x0278           ## $a2 = 00000278
/* 01A00 808C3740 24070005 */  addiu   $a3, $zero, 0x0005         ## $a3 = 00000005
/* 01A04 808C3744 E7A80014 */  swc1    $f8, 0x0014($sp)           
/* 01A08 808C3748 C62A026C */  lwc1    $f10, 0x026C($s1)          ## 0000026C
/* 01A0C 808C374C E7AA0018 */  swc1    $f10, 0x0018($sp)          
/* 01A10 808C3750 922D024D */  lbu     $t5, 0x024D($s1)           ## 0000024D
/* 01A14 808C3754 0C02F9A0 */  jal     func_800BE680              
/* 01A18 808C3758 AFAD001C */  sw      $t5, 0x001C($sp)           
/* 01A1C 808C375C 8FBF0044 */  lw      $ra, 0x0044($sp)           
/* 01A20 808C3760 8FB00038 */  lw      $s0, 0x0038($sp)           
/* 01A24 808C3764 8FB1003C */  lw      $s1, 0x003C($sp)           
/* 01A28 808C3768 8FB20040 */  lw      $s2, 0x0040($sp)           
/* 01A2C 808C376C 03E00008 */  jr      $ra                        
/* 01A30 808C3770 27BD0078 */  addiu   $sp, $sp, 0x0078           ## $sp = 00000000
/* 01A34 808C3774 00000000 */  nop
/* 01A38 808C3778 00000000 */  nop
/* 01A3C 808C377C 00000000 */  nop

.section .data

D_808C3780: .word 0x003E0500, 0x00000205, 0x00510000, 0x0000034C
.word func_808C1D40
.word func_808C1E68
.word func_808C30A0
.word func_808C351C
D_808C37A0: .word \
0x03100939, 0x10040000, 0x00000000, 0xF7CFFFFF, \
0x00080000, 0xF7CFFFFF, 0x00000000, 0x01050100, \
0x00000000, 0x00000000, 0x00140064
D_808C37CC: .word \
0x10010101, 0x010100E0, 0x01010101, 0x32420101, \
0x01021050, 0x00000101, 0x01000000, 0x00000001
D_808C37EC: .word 0x02000014, 0x00283200
D_808C37F4: .word 0x891F001C, 0x3054000A
D_808C37FC: .byte 0xFF, 0xFF, 0xFF, 0xFF, 0x00, 0xFF, 0xFF, 0xFF, 0x01, 0xFF, 0xFF, 0xFF, 0xFF, 0x02, 0xFF
D_808C380B: .byte 0x03
D_808C380C: .word \
0x447A0000, 0xC42F0000, 0x00000000, 0x00000000, \
0x00000000

.section .rodata

D_808C3820: .word 0x3F4CCCCD
D_808C3824: .word 0x3ECCCCCD
D_808C3828: .word 0x3F19999A
D_808C382C: .word 0x3E4CCCCD
D_808C3830: .word 0x3E19999A
D_808C3834: .word 0x3DCCCCCD
D_808C3838: .word 0x3DCCCCCD
D_808C383C: .word 0xBF333333
D_808C3840: .word 0x3ECCCCCD
D_808C3844: .word 0x3DCCCCCD
D_808C3848: .word 0x3C75C28F
D_808C384C: .word 0x3F4CCCCD
D_808C3850: .word 0x3C23D70A
D_808C3854: .word 0x3ECCCCCD
D_808C3858: .word 0x3ECCCCCD
D_808C385C: .word 0x3E4CCCCD
D_808C3860: .word 0x3ECCCCCD, 0x00000000, 0x00000000, 0x00000000


.section .rodata
D_808C3870:
.incbin "baserom/En_Bb", 0x1B30, 0x000001E0
