.include "macro.inc"

# assembler directives
.set noat      # allow manual use of $at
.set noreorder # don't insert nops after branches
.set gp=64     # allow use of 64-bit general purpose registers

.section .text
glabel func_80B5A720
/* 00000 80B5A720 27BDFFD0 */  addiu   $sp, $sp, 0xFFD0           ## $sp = FFFFFFD0
/* 00004 80B5A724 AFB00028 */  sw      $s0, 0x0028($sp)           
/* 00008 80B5A728 00808025 */  or      $s0, $a0, $zero            ## $s0 = 00000000
/* 0000C 80B5A72C AFBF002C */  sw      $ra, 0x002C($sp)           
/* 00010 80B5A730 AFA50034 */  sw      $a1, 0x0034($sp)           
/* 00014 80B5A734 240E000A */  addiu   $t6, $zero, 0x000A         ## $t6 = 0000000A
/* 00018 80B5A738 3C06800B */  lui     $a2, 0x800B                ## $a2 = 800B0000
/* 0001C 80B5A73C A20E00B6 */  sb      $t6, 0x00B6($s0)           ## 000000B6
/* 00020 80B5A740 24C63FC0 */  addiu   $a2, $a2, 0x3FC0           ## $a2 = 800B3FC0
/* 00024 80B5A744 260400BC */  addiu   $a0, $s0, 0x00BC           ## $a0 = 000000BC
/* 00028 80B5A748 24050000 */  addiu   $a1, $zero, 0x0000         ## $a1 = 00000000
/* 0002C 80B5A74C 0C02CEE9 */  jal     func_800B3BA4              
/* 00030 80B5A750 3C074198 */  lui     $a3, 0x4198                ## $a3 = 41980000
/* 00034 80B5A754 3C060600 */  lui     $a2, 0x0600                ## $a2 = 06000000
/* 00038 80B5A758 3C070600 */  lui     $a3, 0x0600                ## $a3 = 06000000
/* 0003C 80B5A75C 260F0188 */  addiu   $t7, $s0, 0x0188           ## $t7 = 00000188
/* 00040 80B5A760 261801C4 */  addiu   $t8, $s0, 0x01C4           ## $t8 = 000001C4
/* 00044 80B5A764 2419000A */  addiu   $t9, $zero, 0x000A         ## $t9 = 0000000A
/* 00048 80B5A768 AFB90018 */  sw      $t9, 0x0018($sp)           
/* 0004C 80B5A76C AFB80014 */  sw      $t8, 0x0014($sp)           
/* 00050 80B5A770 AFAF0010 */  sw      $t7, 0x0010($sp)           
/* 00054 80B5A774 24E7005C */  addiu   $a3, $a3, 0x005C           ## $a3 = 0600005C
/* 00058 80B5A778 24C61398 */  addiu   $a2, $a2, 0x1398           ## $a2 = 06001398
/* 0005C 80B5A77C 8FA40034 */  lw      $a0, 0x0034($sp)           
/* 00060 80B5A780 0C04DA9F */  jal     func_80136A7C              
/* 00064 80B5A784 26050144 */  addiu   $a1, $s0, 0x0144           ## $a1 = 00000144
/* 00068 80B5A788 3C0980B6 */  lui     $t1, %hi(D_80B5B214)       ## $t1 = 80B60000
/* 0006C 80B5A78C 24080001 */  addiu   $t0, $zero, 0x0001         ## $t0 = 00000001
/* 00070 80B5A790 2529B214 */  addiu   $t1, $t1, %lo(D_80B5B214)  ## $t1 = 80B5B214
/* 00074 80B5A794 240A0006 */  addiu   $t2, $zero, 0x0006         ## $t2 = 00000006
/* 00078 80B5A798 A20800B7 */  sb      $t0, 0x00B7($s0)           ## 000000B7
/* 0007C 80B5A79C AE0900A0 */  sw      $t1, 0x00A0($s0)           ## 000000A0
/* 00080 80B5A7A0 A20A001F */  sb      $t2, 0x001F($s0)           ## 0000001F
/* 00084 80B5A7A4 3C0780B6 */  lui     $a3, %hi(D_80B5B234)       ## $a3 = 80B60000
/* 00088 80B5A7A8 24E7B234 */  addiu   $a3, $a3, %lo(D_80B5B234)  ## $a3 = 80B5B234
/* 0008C 80B5A7AC 8FA40034 */  lw      $a0, 0x0034($sp)           
/* 00090 80B5A7B0 2605023C */  addiu   $a1, $s0, 0x023C           ## $a1 = 0000023C
/* 00094 80B5A7B4 0C0384DD */  jal     func_800E1374              
/* 00098 80B5A7B8 02003025 */  or      $a2, $s0, $zero            ## $a2 = 00000000
/* 0009C 80B5A7BC 3C0380B6 */  lui     $v1, %hi(D_80B5B1F0)       ## $v1 = 80B60000
/* 000A0 80B5A7C0 2463B1F0 */  addiu   $v1, $v1, %lo(D_80B5B1F0)  ## $v1 = 80B5B1F0
/* 000A4 80B5A7C4 8C6B0000 */  lw      $t3, 0x0000($v1)           ## 80B5B1F0
/* 000A8 80B5A7C8 3C014140 */  lui     $at, 0x4140                ## $at = 41400000
/* 000AC 80B5A7CC 44812000 */  mtc1    $at, $f4                   ## $f4 = 12.00
/* 000B0 80B5A7D0 AE0B0218 */  sw      $t3, 0x0218($s0)           ## 00000218
/* 000B4 80B5A7D4 8C6C0000 */  lw      $t4, 0x0000($v1)           ## 80B5B1F0
/* 000B8 80B5A7D8 258D0001 */  addiu   $t5, $t4, 0x0001           ## $t5 = 00000001
/* 000BC 80B5A7DC AC6D0000 */  sw      $t5, 0x0000($v1)           ## 80B5B1F0
/* 000C0 80B5A7E0 0C03C81F */  jal     func_800F207C              
/* 000C4 80B5A7E4 E60400CC */  swc1    $f4, 0x00CC($s0)           ## 000000CC
/* 000C8 80B5A7E8 2401FFFF */  addiu   $at, $zero, 0xFFFF         ## $at = FFFFFFFF
/* 000CC 80B5A7EC 10410005 */  beq     $v0, $at, .L80B5A804       
/* 000D0 80B5A7F0 8FA40034 */  lw      $a0, 0x0034($sp)           
/* 000D4 80B5A7F4 24851CA0 */  addiu   $a1, $a0, 0x1CA0           ## $a1 = 00001CA0
/* 000D8 80B5A7F8 02003025 */  or      $a2, $s0, $zero            ## $a2 = 00000000
/* 000DC 80B5A7FC 0C02F055 */  jal     func_800BC154              
/* 000E0 80B5A800 24070007 */  addiu   $a3, $zero, 0x0007         ## $a3 = 00000007
.L80B5A804:
/* 000E4 80B5A804 240E000C */  addiu   $t6, $zero, 0x000C         ## $t6 = 0000000C
/* 000E8 80B5A808 A20E011F */  sb      $t6, 0x011F($s0)           ## 0000011F
/* 000EC 80B5A80C 0C2D6A15 */  jal     func_80B5A854              
/* 000F0 80B5A810 02002025 */  or      $a0, $s0, $zero            ## $a0 = 00000000
/* 000F4 80B5A814 8FBF002C */  lw      $ra, 0x002C($sp)           
/* 000F8 80B5A818 8FB00028 */  lw      $s0, 0x0028($sp)           
/* 000FC 80B5A81C 27BD0030 */  addiu   $sp, $sp, 0x0030           ## $sp = 00000000
/* 00100 80B5A820 03E00008 */  jr      $ra                        
/* 00104 80B5A824 00000000 */  nop


glabel func_80B5A828
/* 00108 80B5A828 27BDFFE8 */  addiu   $sp, $sp, 0xFFE8           ## $sp = FFFFFFE8
/* 0010C 80B5A82C AFBF0014 */  sw      $ra, 0x0014($sp)           
/* 00110 80B5A830 00803025 */  or      $a2, $a0, $zero            ## $a2 = 00000000
/* 00114 80B5A834 00A03825 */  or      $a3, $a1, $zero            ## $a3 = 00000000
/* 00118 80B5A838 00E02025 */  or      $a0, $a3, $zero            ## $a0 = 00000000
/* 0011C 80B5A83C 0C03847B */  jal     func_800E11EC              
/* 00120 80B5A840 24C5023C */  addiu   $a1, $a2, 0x023C           ## $a1 = 0000023C
/* 00124 80B5A844 8FBF0014 */  lw      $ra, 0x0014($sp)           
/* 00128 80B5A848 27BD0018 */  addiu   $sp, $sp, 0x0018           ## $sp = 00000000
/* 0012C 80B5A84C 03E00008 */  jr      $ra                        
/* 00130 80B5A850 00000000 */  nop


glabel func_80B5A854
/* 00134 80B5A854 27BDFFA8 */  addiu   $sp, $sp, 0xFFA8           ## $sp = FFFFFFA8
/* 00138 80B5A858 AFB00030 */  sw      $s0, 0x0030($sp)           
/* 0013C 80B5A85C 00808025 */  or      $s0, $a0, $zero            ## $s0 = 00000000
/* 00140 80B5A860 AFBF0034 */  sw      $ra, 0x0034($sp)           
/* 00144 80B5A864 F7B40028 */  sdc1    $f20, 0x0028($sp)          
/* 00148 80B5A868 3C040600 */  lui     $a0, 0x0600                ## $a0 = 06000000
/* 0014C 80B5A86C 0C04D1D2 */  jal     func_80134748              
/* 00150 80B5A870 2484005C */  addiu   $a0, $a0, 0x005C           ## $a0 = 0600005C
/* 00154 80B5A874 44822000 */  mtc1    $v0, $f4                   ## $f4 = 0.00
/* 00158 80B5A878 3C01C120 */  lui     $at, 0xC120                ## $at = C1200000
/* 0015C 80B5A87C 44814000 */  mtc1    $at, $f8                   ## $f8 = -10.00
/* 00160 80B5A880 468021A0 */  cvt.s.w $f6, $f4                   
/* 00164 80B5A884 3C050600 */  lui     $a1, 0x0600                ## $a1 = 06000000
/* 00168 80B5A888 24A5005C */  addiu   $a1, $a1, 0x005C           ## $a1 = 0600005C
/* 0016C 80B5A88C 26040144 */  addiu   $a0, $s0, 0x0144           ## $a0 = 00000144
/* 00170 80B5A890 3C063F80 */  lui     $a2, 0x3F80                ## $a2 = 3F800000
/* 00174 80B5A894 24070000 */  addiu   $a3, $zero, 0x0000         ## $a3 = 00000000
/* 00178 80B5A898 E7A60010 */  swc1    $f6, 0x0010($sp)           
/* 0017C 80B5A89C AFA00014 */  sw      $zero, 0x0014($sp)         
/* 00180 80B5A8A0 0C04DCFA */  jal     func_801373E8              
/* 00184 80B5A8A4 E7A80018 */  swc1    $f8, 0x0018($sp)           
/* 00188 80B5A8A8 26050008 */  addiu   $a1, $s0, 0x0008           ## $a1 = 00000008
/* 0018C 80B5A8AC AFA5003C */  sw      $a1, 0x003C($sp)           
/* 00190 80B5A8B0 0C03FD43 */  jal     func_800FF50C              
/* 00194 80B5A8B4 27A40048 */  addiu   $a0, $sp, 0x0048           ## $a0 = FFFFFFF0
/* 00198 80B5A8B8 8E040218 */  lw      $a0, 0x0218($s0)           ## 00000218
/* 0019C 80B5A8BC 00800821 */  addu    $at, $a0, $zero            
/* 001A0 80B5A8C0 000420C0 */  sll     $a0, $a0,  3               
/* 001A4 80B5A8C4 00812023 */  subu    $a0, $a0, $at              
/* 001A8 80B5A8C8 00042200 */  sll     $a0, $a0,  8               
/* 001AC 80B5A8CC 24842000 */  addiu   $a0, $a0, 0x2000           ## $a0 = 00002000
/* 001B0 80B5A8D0 00042400 */  sll     $a0, $a0, 16               
/* 001B4 80B5A8D4 00042403 */  sra     $a0, $a0, 16               
/* 001B8 80B5A8D8 0C03FB61 */  jal     func_800FED84              
/* 001BC 80B5A8DC A7A40046 */  sh      $a0, 0x0046($sp)           
/* 001C0 80B5A8E0 3C014248 */  lui     $at, 0x4248                ## $at = 42480000
/* 001C4 80B5A8E4 4481A000 */  mtc1    $at, $f20                  ## $f20 = 50.00
/* 001C8 80B5A8E8 C7AA0048 */  lwc1    $f10, 0x0048($sp)          
/* 001CC 80B5A8EC 46140402 */  mul.s   $f16, $f0, $f20            
/* 001D0 80B5A8F0 4600A306 */  mov.s   $f12, $f20                 
/* 001D4 80B5A8F4 46105480 */  add.s   $f18, $f10, $f16           
/* 001D8 80B5A8F8 0C05E565 */  jal     func_80179594              
/* 001DC 80B5A8FC E7B20048 */  swc1    $f18, 0x0048($sp)          
/* 001E0 80B5A900 3C0141F0 */  lui     $at, 0x41F0                ## $at = 41F00000
/* 001E4 80B5A904 44813000 */  mtc1    $at, $f6                   ## $f6 = 30.00
/* 001E8 80B5A908 C6040088 */  lwc1    $f4, 0x0088($s0)           ## 00000088
/* 001EC 80B5A90C 87A40046 */  lh      $a0, 0x0046($sp)           
/* 001F0 80B5A910 46062200 */  add.s   $f8, $f4, $f6              
/* 001F4 80B5A914 46080280 */  add.s   $f10, $f0, $f8             
/* 001F8 80B5A918 0C03FB51 */  jal     func_800FED44              
/* 001FC 80B5A91C E7AA004C */  swc1    $f10, 0x004C($sp)          
/* 00200 80B5A920 46140482 */  mul.s   $f18, $f0, $f20            
/* 00204 80B5A924 C7B00050 */  lwc1    $f16, 0x0050($sp)          
/* 00208 80B5A928 2604021C */  addiu   $a0, $s0, 0x021C           ## $a0 = 0000021C
/* 0020C 80B5A92C 27A50048 */  addiu   $a1, $sp, 0x0048           ## $a1 = FFFFFFF0
/* 00210 80B5A930 46128100 */  add.s   $f4, $f16, $f18            
/* 00214 80B5A934 0C03FD43 */  jal     func_800FF50C              
/* 00218 80B5A938 E7A40050 */  swc1    $f4, 0x0050($sp)           
/* 0021C 80B5A93C 27A40048 */  addiu   $a0, $sp, 0x0048           ## $a0 = FFFFFFF0
/* 00220 80B5A940 0C03FD43 */  jal     func_800FF50C              
/* 00224 80B5A944 8FA5003C */  lw      $a1, 0x003C($sp)           
/* 00228 80B5A948 87A40046 */  lh      $a0, 0x0046($sp)           
/* 0022C 80B5A94C 2484C000 */  addiu   $a0, $a0, 0xC000           ## $a0 = FFFFC000
/* 00230 80B5A950 00042400 */  sll     $a0, $a0, 16               
/* 00234 80B5A954 00042403 */  sra     $a0, $a0, 16               
/* 00238 80B5A958 0C03FB61 */  jal     func_800FED84              
/* 0023C 80B5A95C AFA4003C */  sw      $a0, 0x003C($sp)           
/* 00240 80B5A960 46140202 */  mul.s   $f8, $f0, $f20             
/* 00244 80B5A964 C7A60048 */  lwc1    $f6, 0x0048($sp)           
/* 00248 80B5A968 4600A306 */  mov.s   $f12, $f20                 
/* 0024C 80B5A96C 46083280 */  add.s   $f10, $f6, $f8             
/* 00250 80B5A970 0C05E565 */  jal     func_80179594              
/* 00254 80B5A974 E7AA0048 */  swc1    $f10, 0x0048($sp)          
/* 00258 80B5A978 3C0141F0 */  lui     $at, 0x41F0                ## $at = 41F00000
/* 0025C 80B5A97C 44819000 */  mtc1    $at, $f18                  ## $f18 = 30.00
/* 00260 80B5A980 C6100088 */  lwc1    $f16, 0x0088($s0)          ## 00000088
/* 00264 80B5A984 87A4003E */  lh      $a0, 0x003E($sp)           
/* 00268 80B5A988 46128100 */  add.s   $f4, $f16, $f18            
/* 0026C 80B5A98C 46040180 */  add.s   $f6, $f0, $f4              
/* 00270 80B5A990 0C03FB51 */  jal     func_800FED44              
/* 00274 80B5A994 E7A6004C */  swc1    $f6, 0x004C($sp)           
/* 00278 80B5A998 46140282 */  mul.s   $f10, $f0, $f20            
/* 0027C 80B5A99C C7A80050 */  lwc1    $f8, 0x0050($sp)           
/* 00280 80B5A9A0 26040228 */  addiu   $a0, $s0, 0x0228           ## $a0 = 00000228
/* 00284 80B5A9A4 27A50048 */  addiu   $a1, $sp, 0x0048           ## $a1 = FFFFFFF0
/* 00288 80B5A9A8 460A4400 */  add.s   $f16, $f8, $f10            
/* 0028C 80B5A9AC 0C03FD43 */  jal     func_800FF50C              
/* 00290 80B5A9B0 E7B00050 */  swc1    $f16, 0x0050($sp)          
/* 00294 80B5A9B4 24040014 */  addiu   $a0, $zero, 0x0014         ## $a0 = 00000014
/* 00298 80B5A9B8 0C03FD14 */  jal     func_800FF450              
/* 0029C 80B5A9BC 2405001E */  addiu   $a1, $zero, 0x001E         ## $a1 = 0000001E
/* 002A0 80B5A9C0 3C0E80B6 */  lui     $t6, %hi(func_80B5A9E8)    ## $t6 = 80B60000
/* 002A4 80B5A9C4 25CEA9E8 */  addiu   $t6, $t6, %lo(func_80B5A9E8) ## $t6 = 80B5A9E8
/* 002A8 80B5A9C8 A6020204 */  sh      $v0, 0x0204($s0)           ## 00000204
/* 002AC 80B5A9CC A6000208 */  sh      $zero, 0x0208($s0)         ## 00000208
/* 002B0 80B5A9D0 AE0E0200 */  sw      $t6, 0x0200($s0)           ## 00000200
/* 002B4 80B5A9D4 8FBF0034 */  lw      $ra, 0x0034($sp)           
/* 002B8 80B5A9D8 D7B40028 */  ldc1    $f20, 0x0028($sp)          
/* 002BC 80B5A9DC 8FB00030 */  lw      $s0, 0x0030($sp)           
/* 002C0 80B5A9E0 03E00008 */  jr      $ra                        
/* 002C4 80B5A9E4 27BD0058 */  addiu   $sp, $sp, 0x0058           ## $sp = 00000000


glabel func_80B5A9E8
/* 002C8 80B5A9E8 27BDFFB8 */  addiu   $sp, $sp, 0xFFB8           ## $sp = FFFFFFB8
/* 002CC 80B5A9EC AFB00020 */  sw      $s0, 0x0020($sp)           
/* 002D0 80B5A9F0 00808025 */  or      $s0, $a0, $zero            ## $s0 = 00000000
/* 002D4 80B5A9F4 AFBF0024 */  sw      $ra, 0x0024($sp)           
/* 002D8 80B5A9F8 AFA5004C */  sw      $a1, 0x004C($sp)           
/* 002DC 80B5A9FC 920E0002 */  lbu     $t6, 0x0002($s0)           ## 00000002
/* 002E0 80B5AA00 24010005 */  addiu   $at, $zero, 0x0005         ## $at = 00000005
/* 002E4 80B5AA04 51C1000B */  beql    $t6, $at, .L80B5AA34       
/* 002E8 80B5AA08 8E0F0214 */  lw      $t7, 0x0214($s0)           ## 00000214
/* 002EC 80B5AA0C 0C03C81F */  jal     func_800F207C              
/* 002F0 80B5AA10 00000000 */  nop
/* 002F4 80B5AA14 2401FFFF */  addiu   $at, $zero, 0xFFFF         ## $at = FFFFFFFF
/* 002F8 80B5AA18 14410005 */  bne     $v0, $at, .L80B5AA30       
/* 002FC 80B5AA1C 8FA4004C */  lw      $a0, 0x004C($sp)           
/* 00300 80B5AA20 24851CA0 */  addiu   $a1, $a0, 0x1CA0           ## $a1 = 00001CA0
/* 00304 80B5AA24 02003025 */  or      $a2, $s0, $zero            ## $a2 = 00000000
/* 00308 80B5AA28 0C02F055 */  jal     func_800BC154              
/* 0030C 80B5AA2C 24070005 */  addiu   $a3, $zero, 0x0005         ## $a3 = 00000005
.L80B5AA30:
/* 00310 80B5AA30 8E0F0214 */  lw      $t7, 0x0214($s0)           ## 00000214
.L80B5AA34:
/* 00314 80B5AA34 27A4003C */  addiu   $a0, $sp, 0x003C           ## $a0 = FFFFFFF4
/* 00318 80B5AA38 000FC080 */  sll     $t8, $t7,  2               
/* 0031C 80B5AA3C 030FC023 */  subu    $t8, $t8, $t7              
/* 00320 80B5AA40 0018C080 */  sll     $t8, $t8,  2               
/* 00324 80B5AA44 02182821 */  addu    $a1, $s0, $t8              
/* 00328 80B5AA48 0C03FD43 */  jal     func_800FF50C              
/* 0032C 80B5AA4C 24A5021C */  addiu   $a1, $a1, 0x021C           ## $a1 = 0000021C
/* 00330 80B5AA50 0C03FB61 */  jal     func_800FED84              
/* 00334 80B5AA54 8604020E */  lh      $a0, 0x020E($s0)           ## 0000020E
/* 00338 80B5AA58 3C0141F0 */  lui     $at, 0x41F0                ## $at = 41F00000
/* 0033C 80B5AA5C 44813000 */  mtc1    $at, $f6                   ## $f6 = 30.00
/* 00340 80B5AA60 C7A4003C */  lwc1    $f4, 0x003C($sp)           
/* 00344 80B5AA64 46060202 */  mul.s   $f8, $f0, $f6              
/* 00348 80B5AA68 46082280 */  add.s   $f10, $f4, $f8             
/* 0034C 80B5AA6C E7AA003C */  swc1    $f10, 0x003C($sp)          
/* 00350 80B5AA70 0C03FB51 */  jal     func_800FED44              
/* 00354 80B5AA74 8604020E */  lh      $a0, 0x020E($s0)           ## 0000020E
/* 00358 80B5AA78 3C0141F0 */  lui     $at, 0x41F0                ## $at = 41F00000
/* 0035C 80B5AA7C 44819000 */  mtc1    $at, $f18                  ## $f18 = 30.00
/* 00360 80B5AA80 C7B00044 */  lwc1    $f16, 0x0044($sp)          
/* 00364 80B5AA84 3C01447A */  lui     $at, 0x447A                ## $at = 447A0000
/* 00368 80B5AA88 46120182 */  mul.s   $f6, $f0, $f18             
/* 0036C 80B5AA8C 46068100 */  add.s   $f4, $f16, $f6             
/* 00370 80B5AA90 E7A40044 */  swc1    $f4, 0x0044($sp)           
/* 00374 80B5AA94 8E190218 */  lw      $t9, 0x0218($s0)           ## 00000218
/* 00378 80B5AA98 33280001 */  andi    $t0, $t9, 0x0001           ## $t0 = 00000000
/* 0037C 80B5AA9C 55000010 */  bnel    $t0, $zero, .L80B5AAE0     
/* 00380 80B5AAA0 44816000 */  mtc1    $at, $f12                  ## $f12 = 1000.00
/* 00384 80B5AAA4 3C01447A */  lui     $at, 0x447A                ## $at = 447A0000
/* 00388 80B5AAA8 44816000 */  mtc1    $at, $f12                  ## $f12 = 1000.00
/* 0038C 80B5AAAC 0C05E570 */  jal     func_801795C0              
/* 00390 80B5AAB0 00000000 */  nop
/* 00394 80B5AAB4 4600020D */  trunc.w.s $f8, $f0                   
/* 00398 80B5AAB8 8E09020C */  lw      $t1, 0x020C($s0)           ## 0000020C
/* 0039C 80B5AABC 440B4000 */  mfc1    $t3, $f8                   
/* 003A0 80B5AAC0 00000000 */  nop
/* 003A4 80B5AAC4 256C0FA0 */  addiu   $t4, $t3, 0x0FA0           ## $t4 = 00000FA0
/* 003A8 80B5AAC8 000C6C00 */  sll     $t5, $t4, 16               
/* 003AC 80B5AACC 000D7403 */  sra     $t6, $t5, 16               
/* 003B0 80B5AAD0 012E7821 */  addu    $t7, $t1, $t6              
/* 003B4 80B5AAD4 1000000D */  beq     $zero, $zero, .L80B5AB0C   
/* 003B8 80B5AAD8 AE0F020C */  sw      $t7, 0x020C($s0)           ## 0000020C
/* 003BC 80B5AADC 44816000 */  mtc1    $at, $f12                  ## $f12 = 0.00
.L80B5AAE0:
/* 003C0 80B5AAE0 0C05E570 */  jal     func_801795C0              
/* 003C4 80B5AAE4 00000000 */  nop
/* 003C8 80B5AAE8 4600028D */  trunc.w.s $f10, $f0                  
/* 003CC 80B5AAEC 8E18020C */  lw      $t8, 0x020C($s0)           ## 0000020C
/* 003D0 80B5AAF0 44085000 */  mfc1    $t0, $f10                  
/* 003D4 80B5AAF4 00000000 */  nop
/* 003D8 80B5AAF8 250A0FA0 */  addiu   $t2, $t0, 0x0FA0           ## $t2 = 00000FA0
/* 003DC 80B5AAFC 000A5C00 */  sll     $t3, $t2, 16               
/* 003E0 80B5AB00 000B6403 */  sra     $t4, $t3, 16               
/* 003E4 80B5AB04 030C6823 */  subu    $t5, $t8, $t4              
/* 003E8 80B5AB08 AE0D020C */  sw      $t5, 0x020C($s0)           ## 0000020C
.L80B5AB0C:
/* 003EC 80B5AB0C 8E090210 */  lw      $t1, 0x0210($s0)           ## 00000210
/* 003F0 80B5AB10 252E03E8 */  addiu   $t6, $t1, 0x03E8           ## $t6 = 000003E8
/* 003F4 80B5AB14 AE0E0210 */  sw      $t6, 0x0210($s0)           ## 00000210
/* 003F8 80B5AB18 0C03FB61 */  jal     func_800FED84              
/* 003FC 80B5AB1C 86040212 */  lh      $a0, 0x0212($s0)           ## 00000212
/* 00400 80B5AB20 8E0F020C */  lw      $t7, 0x020C($s0)           ## 0000020C
/* 00404 80B5AB24 3C010001 */  lui     $at, 0x0001                ## $at = 00010000
/* 00408 80B5AB28 34210001 */  ori     $at, $at, 0x0001           ## $at = 00010001
/* 0040C 80B5AB2C 01E1082A */  slt     $at, $t7, $at              
/* 00410 80B5AB30 14200007 */  bne     $at, $zero, .L80B5AB50     
/* 00414 80B5AB34 E6000068 */  swc1    $f0, 0x0068($s0)           ## 00000068
/* 00418 80B5AB38 8E190214 */  lw      $t9, 0x0214($s0)           ## 00000214
/* 0041C 80B5AB3C AE00020C */  sw      $zero, 0x020C($s0)         ## 0000020C
/* 00420 80B5AB40 27280001 */  addiu   $t0, $t9, 0x0001           ## $t0 = 00000001
/* 00424 80B5AB44 AE080214 */  sw      $t0, 0x0214($s0)           ## 00000214
/* 00428 80B5AB48 310B0001 */  andi    $t3, $t0, 0x0001           ## $t3 = 00000001
/* 0042C 80B5AB4C AE0B0214 */  sw      $t3, 0x0214($s0)           ## 00000214
.L80B5AB50:
/* 00430 80B5AB50 26040024 */  addiu   $a0, $s0, 0x0024           ## $a0 = 00000024
/* 00434 80B5AB54 0C03FE98 */  jal     func_800FFA60              
/* 00438 80B5AB58 27A5003C */  addiu   $a1, $sp, 0x003C           ## $a1 = FFFFFFF4
/* 0043C 80B5AB5C 00022C00 */  sll     $a1, $v0, 16               
/* 00440 80B5AB60 00052C03 */  sra     $a1, $a1, 16               
/* 00444 80B5AB64 26040032 */  addiu   $a0, $s0, 0x0032           ## $a0 = 00000032
/* 00448 80B5AB68 24060001 */  addiu   $a2, $zero, 0x0001         ## $a2 = 00000001
/* 0044C 80B5AB6C 240707D0 */  addiu   $a3, $zero, 0x07D0         ## $a3 = 000007D0
/* 00450 80B5AB70 0C03FFAF */  jal     func_800FFEBC              
/* 00454 80B5AB74 AFA00010 */  sw      $zero, 0x0010($sp)         
/* 00458 80B5AB78 3C063E99 */  lui     $a2, 0x3E99                ## $a2 = 3E990000
/* 0045C 80B5AB7C 34C6999A */  ori     $a2, $a2, 0x999A           ## $a2 = 3E99999A
/* 00460 80B5AB80 26040070 */  addiu   $a0, $s0, 0x0070           ## $a0 = 00000070
/* 00464 80B5AB84 3C054040 */  lui     $a1, 0x4040                ## $a1 = 40400000
/* 00468 80B5AB88 0C03FF7E */  jal     func_800FFDF8              
/* 0046C 80B5AB8C 3C073F80 */  lui     $a3, 0x3F80                ## $a3 = 3F800000
/* 00470 80B5AB90 86180204 */  lh      $t8, 0x0204($s0)           ## 00000204
/* 00474 80B5AB94 57000007 */  bnel    $t8, $zero, .L80B5ABB4     
/* 00478 80B5AB98 8FBF0024 */  lw      $ra, 0x0024($sp)           
/* 0047C 80B5AB9C 860C001C */  lh      $t4, 0x001C($s0)           ## 0000001C
/* 00480 80B5ABA0 51800004 */  beql    $t4, $zero, .L80B5ABB4     
/* 00484 80B5ABA4 8FBF0024 */  lw      $ra, 0x0024($sp)           
/* 00488 80B5ABA8 0C2D6AF1 */  jal     func_80B5ABC4              
/* 0048C 80B5ABAC 02002025 */  or      $a0, $s0, $zero            ## $a0 = 00000000
/* 00490 80B5ABB0 8FBF0024 */  lw      $ra, 0x0024($sp)           
.L80B5ABB4:
/* 00494 80B5ABB4 8FB00020 */  lw      $s0, 0x0020($sp)           
/* 00498 80B5ABB8 27BD0048 */  addiu   $sp, $sp, 0x0048           ## $sp = 00000000
/* 0049C 80B5ABBC 03E00008 */  jr      $ra                        
/* 004A0 80B5ABC0 00000000 */  nop


glabel func_80B5ABC4
/* 004A4 80B5ABC4 27BDFFD8 */  addiu   $sp, $sp, 0xFFD8           ## $sp = FFFFFFD8
/* 004A8 80B5ABC8 AFBF0024 */  sw      $ra, 0x0024($sp)           
/* 004AC 80B5ABCC AFA40028 */  sw      $a0, 0x0028($sp)           
/* 004B0 80B5ABD0 3C040600 */  lui     $a0, 0x0600                ## $a0 = 06000000
/* 004B4 80B5ABD4 0C04D1D2 */  jal     func_80134748              
/* 004B8 80B5ABD8 2484005C */  addiu   $a0, $a0, 0x005C           ## $a0 = 0600005C
/* 004BC 80B5ABDC 44822000 */  mtc1    $v0, $f4                   ## $f4 = 0.00
/* 004C0 80B5ABE0 3C01C120 */  lui     $at, 0xC120                ## $at = C1200000
/* 004C4 80B5ABE4 44814000 */  mtc1    $at, $f8                   ## $f8 = -10.00
/* 004C8 80B5ABE8 468021A0 */  cvt.s.w $f6, $f4                   
/* 004CC 80B5ABEC 8FA40028 */  lw      $a0, 0x0028($sp)           
/* 004D0 80B5ABF0 3C050600 */  lui     $a1, 0x0600                ## $a1 = 06000000
/* 004D4 80B5ABF4 24A5005C */  addiu   $a1, $a1, 0x005C           ## $a1 = 0600005C
/* 004D8 80B5ABF8 3C063F80 */  lui     $a2, 0x3F80                ## $a2 = 3F800000
/* 004DC 80B5ABFC 24070000 */  addiu   $a3, $zero, 0x0000         ## $a3 = 00000000
/* 004E0 80B5AC00 E7A60010 */  swc1    $f6, 0x0010($sp)           
/* 004E4 80B5AC04 AFA00014 */  sw      $zero, 0x0014($sp)         
/* 004E8 80B5AC08 E7A80018 */  swc1    $f8, 0x0018($sp)           
/* 004EC 80B5AC0C 0C04DCFA */  jal     func_801373E8              
/* 004F0 80B5AC10 24840144 */  addiu   $a0, $a0, 0x0144           ## $a0 = 00000144
/* 004F4 80B5AC14 8FA20028 */  lw      $v0, 0x0028($sp)           
/* 004F8 80B5AC18 3C0F80B6 */  lui     $t7, %hi(func_80B5AC3C)    ## $t7 = 80B60000
/* 004FC 80B5AC1C 240E0001 */  addiu   $t6, $zero, 0x0001         ## $t6 = 00000001
/* 00500 80B5AC20 25EFAC3C */  addiu   $t7, $t7, %lo(func_80B5AC3C) ## $t7 = 80B5AC3C
/* 00504 80B5AC24 A44E0208 */  sh      $t6, 0x0208($v0)           ## 00000208
/* 00508 80B5AC28 AC4F0200 */  sw      $t7, 0x0200($v0)           ## 00000200
/* 0050C 80B5AC2C 8FBF0024 */  lw      $ra, 0x0024($sp)           
/* 00510 80B5AC30 27BD0028 */  addiu   $sp, $sp, 0x0028           ## $sp = 00000000
/* 00514 80B5AC34 03E00008 */  jr      $ra                        
/* 00518 80B5AC38 00000000 */  nop


glabel func_80B5AC3C
/* 0051C 80B5AC3C 27BDFF68 */  addiu   $sp, $sp, 0xFF68           ## $sp = FFFFFF68
/* 00520 80B5AC40 AFB50060 */  sw      $s5, 0x0060($sp)           
/* 00524 80B5AC44 AFB0004C */  sw      $s0, 0x004C($sp)           
/* 00528 80B5AC48 00808025 */  or      $s0, $a0, $zero            ## $s0 = 00000000
/* 0052C 80B5AC4C 27B50088 */  addiu   $s5, $sp, 0x0088           ## $s5 = FFFFFFF0
/* 00530 80B5AC50 AFBF0064 */  sw      $ra, 0x0064($sp)           
/* 00534 80B5AC54 AFB4005C */  sw      $s4, 0x005C($sp)           
/* 00538 80B5AC58 AFB30058 */  sw      $s3, 0x0058($sp)           
/* 0053C 80B5AC5C AFB20054 */  sw      $s2, 0x0054($sp)           
/* 00540 80B5AC60 AFB10050 */  sw      $s1, 0x0050($sp)           
/* 00544 80B5AC64 F7BE0040 */  sdc1    $f30, 0x0040($sp)          
/* 00548 80B5AC68 F7BC0038 */  sdc1    $f28, 0x0038($sp)          
/* 0054C 80B5AC6C F7BA0030 */  sdc1    $f26, 0x0030($sp)          
/* 00550 80B5AC70 F7B80028 */  sdc1    $f24, 0x0028($sp)          
/* 00554 80B5AC74 F7B60020 */  sdc1    $f22, 0x0020($sp)          
/* 00558 80B5AC78 F7B40018 */  sdc1    $f20, 0x0018($sp)          
/* 0055C 80B5AC7C 00A03025 */  or      $a2, $a1, $zero            ## $a2 = 00000000
/* 00560 80B5AC80 8CD31CCC */  lw      $s3, 0x1CCC($a2)           ## 00001CCC
/* 00564 80B5AC84 02A02025 */  or      $a0, $s5, $zero            ## $a0 = FFFFFFF0
/* 00568 80B5AC88 0C03FD43 */  jal     func_800FF50C              
/* 0056C 80B5AC8C 26650024 */  addiu   $a1, $s3, 0x0024           ## $a1 = 00000024
/* 00570 80B5AC90 8E0E0218 */  lw      $t6, 0x0218($s0)           ## 00000218
/* 00574 80B5AC94 3C014220 */  lui     $at, 0x4220                ## $at = 42200000
/* 00578 80B5AC98 4481F000 */  mtc1    $at, $f30                  ## $f30 = 40.00
/* 0057C 80B5AC9C 000E78C0 */  sll     $t7, $t6,  3               
/* 00580 80B5ACA0 3C014120 */  lui     $at, 0x4120                ## $at = 41200000
/* 00584 80B5ACA4 01EE7823 */  subu    $t7, $t7, $t6              
/* 00588 80B5ACA8 000F7A00 */  sll     $t7, $t7,  8               
/* 0058C 80B5ACAC 4481E000 */  mtc1    $at, $f28                  ## $f28 = 10.00
/* 00590 80B5ACB0 25F82000 */  addiu   $t8, $t7, 0x2000           ## $t8 = 00002000
/* 00594 80B5ACB4 3C0141F0 */  lui     $at, 0x41F0                ## $at = 41F00000
/* 00598 80B5ACB8 44982000 */  mtc1    $t8, $f4                   ## $f4 = 0.00
/* 0059C 80B5ACBC 4481D000 */  mtc1    $at, $f26                  ## $f26 = 30.00
/* 005A0 80B5ACC0 3C0141A0 */  lui     $at, 0x41A0                ## $at = 41A00000
/* 005A4 80B5ACC4 4481C000 */  mtc1    $at, $f24                  ## $f24 = 20.00
/* 005A8 80B5ACC8 00008825 */  or      $s1, $zero, $zero          ## $s1 = 00000000
/* 005AC 80B5ACCC 2612021C */  addiu   $s2, $s0, 0x021C           ## $s2 = 0000021C
/* 005B0 80B5ACD0 24140018 */  addiu   $s4, $zero, 0x0018         ## $s4 = 00000018
/* 005B4 80B5ACD4 468025A0 */  cvt.s.w $f22, $f4                  
.L80B5ACD8:
/* 005B8 80B5ACD8 0C05E570 */  jal     func_801795C0              
/* 005BC 80B5ACDC 4600C306 */  mov.s   $f12, $f24                 
/* 005C0 80B5ACE0 86190092 */  lh      $t9, 0x0092($s0)           ## 00000092
/* 005C4 80B5ACE4 8E08020C */  lw      $t0, 0x020C($s0)           ## 0000020C
/* 005C8 80B5ACE8 46000506 */  mov.s   $f20, $f0                  
/* 005CC 80B5ACEC 44993000 */  mtc1    $t9, $f6                   ## $f6 = 0.00
/* 005D0 80B5ACF0 44885000 */  mtc1    $t0, $f10                  ## $f10 = 0.00
/* 005D4 80B5ACF4 46803220 */  cvt.s.w $f8, $f6                   
/* 005D8 80B5ACF8 46805420 */  cvt.s.w $f16, $f10                 
/* 005DC 80B5ACFC 46104480 */  add.s   $f18, $f8, $f16            
/* 005E0 80B5AD00 46169100 */  add.s   $f4, $f18, $f22            
/* 005E4 80B5AD04 4600218D */  trunc.w.s $f6, $f4                   
/* 005E8 80B5AD08 44043000 */  mfc1    $a0, $f6                   
/* 005EC 80B5AD0C 00000000 */  nop
/* 005F0 80B5AD10 00042400 */  sll     $a0, $a0, 16               
/* 005F4 80B5AD14 0C03FB61 */  jal     func_800FED84              
/* 005F8 80B5AD18 00042403 */  sra     $a0, $a0, 16               
/* 005FC 80B5AD1C 461AA200 */  add.s   $f8, $f20, $f26            
/* 00600 80B5AD20 C7AA0088 */  lwc1    $f10, 0x0088($sp)          
/* 00604 80B5AD24 46080402 */  mul.s   $f16, $f0, $f8             
/* 00608 80B5AD28 46105480 */  add.s   $f18, $f10, $f16           
/* 0060C 80B5AD2C E7B20088 */  swc1    $f18, 0x0088($sp)          
/* 00610 80B5AD30 0C03FB61 */  jal     func_800FED84              
/* 00614 80B5AD34 86040212 */  lh      $a0, 0x0212($s0)           ## 00000212
/* 00618 80B5AD38 461C0102 */  mul.s   $f4, $f0, $f28             
/* 0061C 80B5AD3C C6660088 */  lwc1    $f6, 0x0088($s3)           ## 00000088
/* 00620 80B5AD40 4600C306 */  mov.s   $f12, $f24                 
/* 00624 80B5AD44 461E3200 */  add.s   $f8, $f6, $f30             
/* 00628 80B5AD48 46082280 */  add.s   $f10, $f4, $f8             
/* 0062C 80B5AD4C 0C05E570 */  jal     func_801795C0              
/* 00630 80B5AD50 E7AA008C */  swc1    $f10, 0x008C($sp)          
/* 00634 80B5AD54 860A0092 */  lh      $t2, 0x0092($s0)           ## 00000092
/* 00638 80B5AD58 8E0B020C */  lw      $t3, 0x020C($s0)           ## 0000020C
/* 0063C 80B5AD5C 46000506 */  mov.s   $f20, $f0                  
/* 00640 80B5AD60 448A8000 */  mtc1    $t2, $f16                  ## $f16 = 0.00
/* 00644 80B5AD64 448B3000 */  mtc1    $t3, $f6                   ## $f6 = 0.00
/* 00648 80B5AD68 468084A0 */  cvt.s.w $f18, $f16                 
/* 0064C 80B5AD6C 46803120 */  cvt.s.w $f4, $f6                   
/* 00650 80B5AD70 46049200 */  add.s   $f8, $f18, $f4             
/* 00654 80B5AD74 46164280 */  add.s   $f10, $f8, $f22            
/* 00658 80B5AD78 4600540D */  trunc.w.s $f16, $f10                 
/* 0065C 80B5AD7C 44048000 */  mfc1    $a0, $f16                  
/* 00660 80B5AD80 00000000 */  nop
/* 00664 80B5AD84 00042400 */  sll     $a0, $a0, 16               
/* 00668 80B5AD88 0C03FB51 */  jal     func_800FED44              
/* 0066C 80B5AD8C 00042403 */  sra     $a0, $a0, 16               
/* 00670 80B5AD90 461AA480 */  add.s   $f18, $f20, $f26           
/* 00674 80B5AD94 C7A60090 */  lwc1    $f6, 0x0090($sp)           
/* 00678 80B5AD98 02402025 */  or      $a0, $s2, $zero            ## $a0 = 0000021C
/* 0067C 80B5AD9C 02A02825 */  or      $a1, $s5, $zero            ## $a1 = FFFFFFF0
/* 00680 80B5ADA0 46120102 */  mul.s   $f4, $f0, $f18             
/* 00684 80B5ADA4 46043200 */  add.s   $f8, $f6, $f4              
/* 00688 80B5ADA8 0C03FD43 */  jal     func_800FF50C              
/* 0068C 80B5ADAC E7A80090 */  swc1    $f8, 0x0090($sp)           
/* 00690 80B5ADB0 3C014680 */  lui     $at, 0x4680                ## $at = 46800000
/* 00694 80B5ADB4 44815000 */  mtc1    $at, $f10                  ## $f10 = 16384.00
/* 00698 80B5ADB8 2631000C */  addiu   $s1, $s1, 0x000C           ## $s1 = 0000000C
/* 0069C 80B5ADBC 2652000C */  addiu   $s2, $s2, 0x000C           ## $s2 = 00000228
/* 006A0 80B5ADC0 1634FFC5 */  bne     $s1, $s4, .L80B5ACD8       
/* 006A4 80B5ADC4 460AB581 */  sub.s   $f22, $f22, $f10           
/* 006A8 80B5ADC8 8E0D0214 */  lw      $t5, 0x0214($s0)           ## 00000214
/* 006AC 80B5ADCC 02A02025 */  or      $a0, $s5, $zero            ## $a0 = FFFFFFF0
/* 006B0 80B5ADD0 000D7080 */  sll     $t6, $t5,  2               
/* 006B4 80B5ADD4 01CD7023 */  subu    $t6, $t6, $t5              
/* 006B8 80B5ADD8 000E7080 */  sll     $t6, $t6,  2               
/* 006BC 80B5ADDC 020E2821 */  addu    $a1, $s0, $t6              
/* 006C0 80B5ADE0 0C03FD43 */  jal     func_800FF50C              
/* 006C4 80B5ADE4 24A5021C */  addiu   $a1, $a1, 0x021C           ## $a1 = 0000021C
/* 006C8 80B5ADE8 8E020218 */  lw      $v0, 0x0218($s0)           ## 00000218
/* 006CC 80B5ADEC 304F0001 */  andi    $t7, $v0, 0x0001           ## $t7 = 00000000
/* 006D0 80B5ADF0 15E00016 */  bne     $t7, $zero, .L80B5AE4C     
/* 006D4 80B5ADF4 000270C0 */  sll     $t6, $v0,  3               
/* 006D8 80B5ADF8 0002C0C0 */  sll     $t8, $v0,  3               
/* 006DC 80B5ADFC 0302C023 */  subu    $t8, $t8, $v0              
/* 006E0 80B5AE00 0018C200 */  sll     $t8, $t8,  8               
/* 006E4 80B5AE04 44988000 */  mtc1    $t8, $f16                  ## $f16 = 0.00
/* 006E8 80B5AE08 3C013F00 */  lui     $at, 0x3F00                ## $at = 3F000000
/* 006EC 80B5AE0C 44813000 */  mtc1    $at, $f6                   ## $f6 = 0.50
/* 006F0 80B5AE10 468084A0 */  cvt.s.w $f18, $f16                 
/* 006F4 80B5AE14 46069302 */  mul.s   $f12, $f18, $f6            
/* 006F8 80B5AE18 0C05E570 */  jal     func_801795C0              
/* 006FC 80B5AE1C 00000000 */  nop
/* 00700 80B5AE20 4600010D */  trunc.w.s $f4, $f0                   
/* 00704 80B5AE24 8E080218 */  lw      $t0, 0x0218($s0)           ## 00000218
/* 00708 80B5AE28 8E19020C */  lw      $t9, 0x020C($s0)           ## 0000020C
/* 0070C 80B5AE2C 000848C0 */  sll     $t1, $t0,  3               
/* 00710 80B5AE30 440C2000 */  mfc1    $t4, $f4                   
/* 00714 80B5AE34 01284823 */  subu    $t1, $t1, $t0              
/* 00718 80B5AE38 00094A00 */  sll     $t1, $t1,  8               
/* 0071C 80B5AE3C 03295021 */  addu    $t2, $t9, $t1              
/* 00720 80B5AE40 014C6821 */  addu    $t5, $t2, $t4              
/* 00724 80B5AE44 10000014 */  beq     $zero, $zero, .L80B5AE98   
/* 00728 80B5AE48 AE0D020C */  sw      $t5, 0x020C($s0)           ## 0000020C
.L80B5AE4C:
/* 0072C 80B5AE4C 01C27023 */  subu    $t6, $t6, $v0              
/* 00730 80B5AE50 000E7200 */  sll     $t6, $t6,  8               
/* 00734 80B5AE54 448E4000 */  mtc1    $t6, $f8                   ## $f8 = 0.00
/* 00738 80B5AE58 3C013F00 */  lui     $at, 0x3F00                ## $at = 3F000000
/* 0073C 80B5AE5C 44818000 */  mtc1    $at, $f16                  ## $f16 = 0.50
/* 00740 80B5AE60 468042A0 */  cvt.s.w $f10, $f8                  
/* 00744 80B5AE64 46105302 */  mul.s   $f12, $f10, $f16           
/* 00748 80B5AE68 0C05E570 */  jal     func_801795C0              
/* 0074C 80B5AE6C 00000000 */  nop
/* 00750 80B5AE70 4600048D */  trunc.w.s $f18, $f0                  
/* 00754 80B5AE74 8E180218 */  lw      $t8, 0x0218($s0)           ## 00000218
/* 00758 80B5AE78 8E0F020C */  lw      $t7, 0x020C($s0)           ## 0000020C
/* 0075C 80B5AE7C 001840C0 */  sll     $t0, $t8,  3               
/* 00760 80B5AE80 440B9000 */  mfc1    $t3, $f18                  
/* 00764 80B5AE84 01184023 */  subu    $t0, $t0, $t8              
/* 00768 80B5AE88 00084200 */  sll     $t0, $t0,  8               
/* 0076C 80B5AE8C 01E8C823 */  subu    $t9, $t7, $t0              
/* 00770 80B5AE90 032B5023 */  subu    $t2, $t9, $t3              
/* 00774 80B5AE94 AE0A020C */  sw      $t2, 0x020C($s0)           ## 0000020C
.L80B5AE98:
/* 00778 80B5AE98 3C0143FA */  lui     $at, 0x43FA                ## $at = 43FA0000
/* 0077C 80B5AE9C 44816000 */  mtc1    $at, $f12                  ## $f12 = 500.00
/* 00780 80B5AEA0 0C05E570 */  jal     func_801795C0              
/* 00784 80B5AEA4 00000000 */  nop
/* 00788 80B5AEA8 4600018D */  trunc.w.s $f6, $f0                   
/* 0078C 80B5AEAC 8E0C0210 */  lw      $t4, 0x0210($s0)           ## 00000210
/* 00790 80B5AEB0 8E08020C */  lw      $t0, 0x020C($s0)           ## 0000020C
/* 00794 80B5AEB4 3C010001 */  lui     $at, 0x0001                ## $at = 00010000
/* 00798 80B5AEB8 440E3000 */  mfc1    $t6, $f6                   
/* 0079C 80B5AEBC 34210001 */  ori     $at, $at, 0x0001           ## $at = 00010001
/* 007A0 80B5AEC0 0101082A */  slt     $at, $t0, $at              
/* 007A4 80B5AEC4 018EC021 */  addu    $t8, $t4, $t6              
/* 007A8 80B5AEC8 270F03E8 */  addiu   $t7, $t8, 0x03E8           ## $t7 = 000003E8
/* 007AC 80B5AECC 14200007 */  bne     $at, $zero, .L80B5AEEC     
/* 007B0 80B5AED0 AE0F0210 */  sw      $t7, 0x0210($s0)           ## 00000210
/* 007B4 80B5AED4 8E090214 */  lw      $t1, 0x0214($s0)           ## 00000214
/* 007B8 80B5AED8 AE00020C */  sw      $zero, 0x020C($s0)         ## 0000020C
/* 007BC 80B5AEDC 25390001 */  addiu   $t9, $t1, 0x0001           ## $t9 = 00000001
/* 007C0 80B5AEE0 AE190214 */  sw      $t9, 0x0214($s0)           ## 00000214
/* 007C4 80B5AEE4 332A0001 */  andi    $t2, $t9, 0x0001           ## $t2 = 00000001
/* 007C8 80B5AEE8 AE0A0214 */  sw      $t2, 0x0214($s0)           ## 00000214
.L80B5AEEC:
/* 007CC 80B5AEEC 26040024 */  addiu   $a0, $s0, 0x0024           ## $a0 = 00000024
/* 007D0 80B5AEF0 0C03FE98 */  jal     func_800FFA60              
/* 007D4 80B5AEF4 02A02825 */  or      $a1, $s5, $zero            ## $a1 = FFFFFFF0
/* 007D8 80B5AEF8 00022C00 */  sll     $a1, $v0, 16               
/* 007DC 80B5AEFC 00052C03 */  sra     $a1, $a1, 16               
/* 007E0 80B5AF00 26040032 */  addiu   $a0, $s0, 0x0032           ## $a0 = 00000032
/* 007E4 80B5AF04 24060001 */  addiu   $a2, $zero, 0x0001         ## $a2 = 00000001
/* 007E8 80B5AF08 24071388 */  addiu   $a3, $zero, 0x1388         ## $a3 = 00001388
/* 007EC 80B5AF0C 0C03FFAF */  jal     func_800FFEBC              
/* 007F0 80B5AF10 AFA00010 */  sw      $zero, 0x0010($sp)         
/* 007F4 80B5AF14 3C0180B6 */  lui     $at, %hi(D_80B5B260)       ## $at = 80B60000
/* 007F8 80B5AF18 C434B260 */  lwc1    $f20, %lo(D_80B5B260)($at) 
/* 007FC 80B5AF1C 26040028 */  addiu   $a0, $s0, 0x0028           ## $a0 = 00000028
/* 00800 80B5AF20 8FA5008C */  lw      $a1, 0x008C($sp)           
/* 00804 80B5AF24 4406A000 */  mfc1    $a2, $f20                  
/* 00808 80B5AF28 0C03FF7E */  jal     func_800FFDF8              
/* 0080C 80B5AF2C 3C074040 */  lui     $a3, 0x4040                ## $a3 = 40400000
/* 00810 80B5AF30 4406A000 */  mfc1    $a2, $f20                  
/* 00814 80B5AF34 26040070 */  addiu   $a0, $s0, 0x0070           ## $a0 = 00000070
/* 00818 80B5AF38 3C0540A0 */  lui     $a1, 0x40A0                ## $a1 = 40A00000
/* 0081C 80B5AF3C 0C03FF7E */  jal     func_800FFDF8              
/* 00820 80B5AF40 3C073F80 */  lui     $a3, 0x3F80                ## $a3 = 3F800000
/* 00824 80B5AF44 8FBF0064 */  lw      $ra, 0x0064($sp)           
/* 00828 80B5AF48 D7B40018 */  ldc1    $f20, 0x0018($sp)          
/* 0082C 80B5AF4C D7B60020 */  ldc1    $f22, 0x0020($sp)          
/* 00830 80B5AF50 D7B80028 */  ldc1    $f24, 0x0028($sp)          
/* 00834 80B5AF54 D7BA0030 */  ldc1    $f26, 0x0030($sp)          
/* 00838 80B5AF58 D7BC0038 */  ldc1    $f28, 0x0038($sp)          
/* 0083C 80B5AF5C D7BE0040 */  ldc1    $f30, 0x0040($sp)          
/* 00840 80B5AF60 8FB0004C */  lw      $s0, 0x004C($sp)           
/* 00844 80B5AF64 8FB10050 */  lw      $s1, 0x0050($sp)           
/* 00848 80B5AF68 8FB20054 */  lw      $s2, 0x0054($sp)           
/* 0084C 80B5AF6C 8FB30058 */  lw      $s3, 0x0058($sp)           
/* 00850 80B5AF70 8FB4005C */  lw      $s4, 0x005C($sp)           
/* 00854 80B5AF74 8FB50060 */  lw      $s5, 0x0060($sp)           
/* 00858 80B5AF78 03E00008 */  jr      $ra                        
/* 0085C 80B5AF7C 27BD0098 */  addiu   $sp, $sp, 0x0098           ## $sp = 00000000


glabel func_80B5AF80
/* 00860 80B5AF80 27BDFFC8 */  addiu   $sp, $sp, 0xFFC8           ## $sp = FFFFFFC8
/* 00864 80B5AF84 AFB00028 */  sw      $s0, 0x0028($sp)           
/* 00868 80B5AF88 00808025 */  or      $s0, $a0, $zero            ## $s0 = 00000000
/* 0086C 80B5AF8C AFBF002C */  sw      $ra, 0x002C($sp)           
/* 00870 80B5AF90 AFA5003C */  sw      $a1, 0x003C($sp)           
/* 00874 80B5AF94 860E0206 */  lh      $t6, 0x0206($s0)           ## 00000206
/* 00878 80B5AF98 55C0000B */  bnel    $t6, $zero, .L80B5AFC8     
/* 0087C 80B5AF9C 9208024D */  lbu     $t0, 0x024D($s0)           ## 0000024D
/* 00880 80B5AFA0 920F024C */  lbu     $t7, 0x024C($s0)           ## 0000024C
/* 00884 80B5AFA4 260400EC */  addiu   $a0, $s0, 0x00EC           ## $a0 = 000000EC
/* 00888 80B5AFA8 31F80002 */  andi    $t8, $t7, 0x0002           ## $t8 = 00000000
/* 0088C 80B5AFAC 53000006 */  beql    $t8, $zero, .L80B5AFC8     
/* 00890 80B5AFB0 9208024D */  lbu     $t0, 0x024D($s0)           ## 0000024D
/* 00894 80B5AFB4 0C069CCA */  jal     func_801A7328              
/* 00898 80B5AFB8 2405304A */  addiu   $a1, $zero, 0x304A         ## $a1 = 0000304A
/* 0089C 80B5AFBC 24190005 */  addiu   $t9, $zero, 0x0005         ## $t9 = 00000005
/* 008A0 80B5AFC0 A6190206 */  sh      $t9, 0x0206($s0)           ## 00000206
/* 008A4 80B5AFC4 9208024D */  lbu     $t0, 0x024D($s0)           ## 0000024D
.L80B5AFC8:
/* 008A8 80B5AFC8 8FA4003C */  lw      $a0, 0x003C($sp)           
/* 008AC 80B5AFCC 31090002 */  andi    $t1, $t0, 0x0002           ## $t1 = 00000000
/* 008B0 80B5AFD0 5120001F */  beql    $t1, $zero, .L80B5B050     
/* 008B4 80B5AFD4 8FBF002C */  lw      $ra, 0x002C($sp)           
/* 008B8 80B5AFD8 0C02EEA2 */  jal     func_800BBA88              
/* 008BC 80B5AFDC 02002825 */  or      $a1, $s0, $zero            ## $a1 = 00000000
/* 008C0 80B5AFE0 44802000 */  mtc1    $zero, $f4                 ## $f4 = 0.00
/* 008C4 80B5AFE4 26050024 */  addiu   $a1, $s0, 0x0024           ## $a1 = 00000024
/* 008C8 80B5AFE8 2406000A */  addiu   $a2, $zero, 0x000A         ## $a2 = 0000000A
/* 008CC 80B5AFEC E6040070 */  swc1    $f4, 0x0070($s0)           ## 00000070
/* 008D0 80B5AFF0 AFA50034 */  sw      $a1, 0x0034($sp)           
/* 008D4 80B5AFF4 8FA4003C */  lw      $a0, 0x003C($sp)           
/* 008D8 80B5AFF8 0C03C15A */  jal     func_800F0568              
/* 008DC 80B5AFFC 2407393B */  addiu   $a3, $zero, 0x393B         ## $a3 = 0000393B
/* 008E0 80B5B000 A20000B7 */  sb      $zero, 0x00B7($s0)         ## 000000B7
/* 008E4 80B5B004 8FA50034 */  lw      $a1, 0x0034($sp)           
/* 008E8 80B5B008 8FA4003C */  lw      $a0, 0x003C($sp)           
/* 008EC 80B5B00C 24060032 */  addiu   $a2, $zero, 0x0032         ## $a2 = 00000032
/* 008F0 80B5B010 0C03C15A */  jal     func_800F0568              
/* 008F4 80B5B014 24073878 */  addiu   $a3, $zero, 0x3878         ## $a3 = 00003878
/* 008F8 80B5B018 3C06801D */  lui     $a2, 0x801D                ## $a2 = 801D0000
/* 008FC 80B5B01C 24C615B0 */  addiu   $a2, $a2, 0x15B0           ## $a2 = 801D15B0
/* 00900 80B5B020 240A0064 */  addiu   $t2, $zero, 0x0064         ## $t2 = 00000064
/* 00904 80B5B024 240B0002 */  addiu   $t3, $zero, 0x0002         ## $t3 = 00000002
/* 00908 80B5B028 AFAB0018 */  sw      $t3, 0x0018($sp)           
/* 0090C 80B5B02C AFAA0010 */  sw      $t2, 0x0010($sp)           
/* 00910 80B5B030 00C03825 */  or      $a3, $a2, $zero            ## $a3 = 801D15B0
/* 00914 80B5B034 8FA4003C */  lw      $a0, 0x003C($sp)           
/* 00918 80B5B038 8FA50034 */  lw      $a1, 0x0034($sp)           
/* 0091C 80B5B03C 0C02CC0C */  jal     func_800B3030              
/* 00920 80B5B040 AFA00014 */  sw      $zero, 0x0014($sp)         
/* 00924 80B5B044 0C02D9C3 */  jal     func_800B670C              
/* 00928 80B5B048 02002025 */  or      $a0, $s0, $zero            ## $a0 = 00000000
/* 0092C 80B5B04C 8FBF002C */  lw      $ra, 0x002C($sp)           
.L80B5B050:
/* 00930 80B5B050 8FB00028 */  lw      $s0, 0x0028($sp)           
/* 00934 80B5B054 27BD0038 */  addiu   $sp, $sp, 0x0038           ## $sp = 00000000
/* 00938 80B5B058 03E00008 */  jr      $ra                        
/* 0093C 80B5B05C 00000000 */  nop


glabel func_80B5B060
/* 00940 80B5B060 27BDFFC8 */  addiu   $sp, $sp, 0xFFC8           ## $sp = FFFFFFC8
/* 00944 80B5B064 AFB10020 */  sw      $s1, 0x0020($sp)           
/* 00948 80B5B068 AFB0001C */  sw      $s0, 0x001C($sp)           
/* 0094C 80B5B06C 00808025 */  or      $s0, $a0, $zero            ## $s0 = 00000000
/* 00950 80B5B070 00A08825 */  or      $s1, $a1, $zero            ## $s1 = 00000000
/* 00954 80B5B074 AFBF0024 */  sw      $ra, 0x0024($sp)           
/* 00958 80B5B078 0C04DB34 */  jal     func_80136CD0              
/* 0095C 80B5B07C 26040144 */  addiu   $a0, $s0, 0x0144           ## $a0 = 00000144
/* 00960 80B5B080 920E0002 */  lbu     $t6, 0x0002($s0)           ## 00000002
/* 00964 80B5B084 24010005 */  addiu   $at, $zero, 0x0005         ## $at = 00000005
/* 00968 80B5B088 02002025 */  or      $a0, $s0, $zero            ## $a0 = 00000000
/* 0096C 80B5B08C 15C10009 */  bne     $t6, $at, .L80B5B0B4       
/* 00970 80B5B090 00000000 */  nop
/* 00974 80B5B094 86020204 */  lh      $v0, 0x0204($s0)           ## 00000204
/* 00978 80B5B098 10400002 */  beq     $v0, $zero, .L80B5B0A4     
/* 0097C 80B5B09C 244FFFFF */  addiu   $t7, $v0, 0xFFFF           ## $t7 = FFFFFFFF
/* 00980 80B5B0A0 A60F0204 */  sh      $t7, 0x0204($s0)           ## 00000204
.L80B5B0A4:
/* 00984 80B5B0A4 86020206 */  lh      $v0, 0x0206($s0)           ## 00000206
/* 00988 80B5B0A8 10400002 */  beq     $v0, $zero, .L80B5B0B4     
/* 0098C 80B5B0AC 2458FFFF */  addiu   $t8, $v0, 0xFFFF           ## $t8 = FFFFFFFF
/* 00990 80B5B0B0 A6180206 */  sh      $t8, 0x0206($s0)           ## 00000206
.L80B5B0B4:
/* 00994 80B5B0B4 0C02E3B2 */  jal     func_800B8EC8              
/* 00998 80B5B0B8 2405304A */  addiu   $a1, $zero, 0x304A         ## $a1 = 0000304A
/* 0099C 80B5B0BC 02002025 */  or      $a0, $s0, $zero            ## $a0 = 00000000
/* 009A0 80B5B0C0 0C2D6BE0 */  jal     func_80B5AF80              
/* 009A4 80B5B0C4 02202825 */  or      $a1, $s1, $zero            ## $a1 = 00000000
/* 009A8 80B5B0C8 260400BC */  addiu   $a0, $s0, 0x00BC           ## $a0 = 000000BC
/* 009AC 80B5B0CC 0C03FD4B */  jal     func_800FF52C              
/* 009B0 80B5B0D0 26050030 */  addiu   $a1, $s0, 0x0030           ## $a1 = 00000030
/* 009B4 80B5B0D4 02002025 */  or      $a0, $s0, $zero            ## $a0 = 00000000
/* 009B8 80B5B0D8 0C02D9D7 */  jal     func_800B675C              
/* 009BC 80B5B0DC 24050000 */  addiu   $a1, $zero, 0x0000         ## $a1 = 00000000
/* 009C0 80B5B0E0 3C053C23 */  lui     $a1, 0x3C23                ## $a1 = 3C230000
/* 009C4 80B5B0E4 34A5D70A */  ori     $a1, $a1, 0xD70A           ## $a1 = 3C23D70A
/* 009C8 80B5B0E8 0C02D9F8 */  jal     func_800B67E0              
/* 009CC 80B5B0EC 02002025 */  or      $a0, $s0, $zero            ## $a0 = 00000000
/* 009D0 80B5B0F0 8E190200 */  lw      $t9, 0x0200($s0)           ## 00000200
/* 009D4 80B5B0F4 02002025 */  or      $a0, $s0, $zero            ## $a0 = 00000000
/* 009D8 80B5B0F8 02202825 */  or      $a1, $s1, $zero            ## $a1 = 00000000
/* 009DC 80B5B0FC 0320F809 */  jalr    $ra, $t9                   
/* 009E0 80B5B100 00000000 */  nop
/* 009E4 80B5B104 0C02DAA2 */  jal     func_800B6A88              
/* 009E8 80B5B108 02002025 */  or      $a0, $s0, $zero            ## $a0 = 00000000
/* 009EC 80B5B10C 3C014220 */  lui     $at, 0x4220                ## $at = 42200000
/* 009F0 80B5B110 44810000 */  mtc1    $at, $f0                   ## $f0 = 40.00
/* 009F4 80B5B114 2408001D */  addiu   $t0, $zero, 0x001D         ## $t0 = 0000001D
/* 009F8 80B5B118 AFA80014 */  sw      $t0, 0x0014($sp)           
/* 009FC 80B5B11C 44070000 */  mfc1    $a3, $f0                   
/* 00A00 80B5B120 02202025 */  or      $a0, $s1, $zero            ## $a0 = 00000000
/* 00A04 80B5B124 02002825 */  or      $a1, $s0, $zero            ## $a1 = 00000000
/* 00A08 80B5B128 3C064120 */  lui     $a2, 0x4120                ## $a2 = 41200000
/* 00A0C 80B5B12C 0C02DE2E */  jal     func_800B78B8              
/* 00A10 80B5B130 E7A00010 */  swc1    $f0, 0x0010($sp)           
/* 00A14 80B5B134 2605023C */  addiu   $a1, $s0, 0x023C           ## $a1 = 0000023C
/* 00A18 80B5B138 AFA50028 */  sw      $a1, 0x0028($sp)           
/* 00A1C 80B5B13C 0C039F7E */  jal     func_800E7DF8              
/* 00A20 80B5B140 02002025 */  or      $a0, $s0, $zero            ## $a0 = 00000000
/* 00A24 80B5B144 3C010001 */  lui     $at, 0x0001                ## $at = 00010000
/* 00A28 80B5B148 34218884 */  ori     $at, $at, 0x8884           ## $at = 00018884
/* 00A2C 80B5B14C 02212821 */  addu    $a1, $s1, $at              
/* 00A30 80B5B150 AFA5002C */  sw      $a1, 0x002C($sp)           
/* 00A34 80B5B154 02202025 */  or      $a0, $s1, $zero            ## $a0 = 00000000
/* 00A38 80B5B158 0C038A4A */  jal     func_800E2928              
/* 00A3C 80B5B15C 8FA60028 */  lw      $a2, 0x0028($sp)           
/* 00A40 80B5B160 02202025 */  or      $a0, $s1, $zero            ## $a0 = 00000000
/* 00A44 80B5B164 8FA5002C */  lw      $a1, 0x002C($sp)           
/* 00A48 80B5B168 0C0389D0 */  jal     func_800E2740              
/* 00A4C 80B5B16C 8FA60028 */  lw      $a2, 0x0028($sp)           
/* 00A50 80B5B170 02202025 */  or      $a0, $s1, $zero            ## $a0 = 00000000
/* 00A54 80B5B174 8FA5002C */  lw      $a1, 0x002C($sp)           
/* 00A58 80B5B178 0C038956 */  jal     func_800E2558              
/* 00A5C 80B5B17C 8FA60028 */  lw      $a2, 0x0028($sp)           
/* 00A60 80B5B180 8FBF0024 */  lw      $ra, 0x0024($sp)           
/* 00A64 80B5B184 8FB0001C */  lw      $s0, 0x001C($sp)           
/* 00A68 80B5B188 8FB10020 */  lw      $s1, 0x0020($sp)           
/* 00A6C 80B5B18C 03E00008 */  jr      $ra                        
/* 00A70 80B5B190 27BD0038 */  addiu   $sp, $sp, 0x0038           ## $sp = 00000000


glabel func_80B5B194
/* 00A74 80B5B194 27BDFFE0 */  addiu   $sp, $sp, 0xFFE0           ## $sp = FFFFFFE0
/* 00A78 80B5B198 AFBF001C */  sw      $ra, 0x001C($sp)           
/* 00A7C 80B5B19C AFA40020 */  sw      $a0, 0x0020($sp)           
/* 00A80 80B5B1A0 AFA50024 */  sw      $a1, 0x0024($sp)           
/* 00A84 80B5B1A4 8FAE0024 */  lw      $t6, 0x0024($sp)           
/* 00A88 80B5B1A8 0C04B0A3 */  jal     func_8012C28C              
/* 00A8C 80B5B1AC 8DC40000 */  lw      $a0, 0x0000($t6)           ## 00000000
/* 00A90 80B5B1B0 8FAF0024 */  lw      $t7, 0x0024($sp)           
/* 00A94 80B5B1B4 0C04B0B7 */  jal     func_8012C2DC              
/* 00A98 80B5B1B8 8DE40000 */  lw      $a0, 0x0000($t7)           ## 00000000
/* 00A9C 80B5B1BC 8FA20020 */  lw      $v0, 0x0020($sp)           
/* 00AA0 80B5B1C0 8FA40024 */  lw      $a0, 0x0024($sp)           
/* 00AA4 80B5B1C4 00003825 */  or      $a3, $zero, $zero          ## $a3 = 00000000
/* 00AA8 80B5B1C8 8C450148 */  lw      $a1, 0x0148($v0)           ## 00000148
/* 00AAC 80B5B1CC 8C460164 */  lw      $a2, 0x0164($v0)           ## 00000164
/* 00AB0 80B5B1D0 AFA00010 */  sw      $zero, 0x0010($sp)         
/* 00AB4 80B5B1D4 0C04CECF */  jal     func_80133B3C              
/* 00AB8 80B5B1D8 AFA20014 */  sw      $v0, 0x0014($sp)           
/* 00ABC 80B5B1DC 8FBF001C */  lw      $ra, 0x001C($sp)           
/* 00AC0 80B5B1E0 27BD0020 */  addiu   $sp, $sp, 0x0020           ## $sp = 00000000
/* 00AC4 80B5B1E4 03E00008 */  jr      $ra                        
/* 00AC8 80B5B1E8 00000000 */  nop
/* 00ACC 80B5B1EC 00000000 */  nop

.section .data

D_80B5B1F0: .word 0x00000000
D_80B5B1F4: .word 0x02040500, 0x00000005, 0x01EB0000, 0x00000288
.word func_80B5A720
.word func_80B5A828
.word func_80B5B060
.word func_80B5B194
D_80B5B214: .word \
0xF1F1F1F1, 0xF1F100F1, 0xF1F1F1F2, 0xF2F2F1F1, \
0xF1F1F1F1, 0x0000F1F1, 0xF1F1F100, 0x000000F1
D_80B5B234: .word \
0x0A110D01, 0x10010000, 0x00000000, 0xF7CFFFFF, \
0x08020000, 0xF7CFFFFF, 0x00000000, 0x01010100, \
0x0006000D, 0xFFFC0000, 0x00000000

.section .rodata

D_80B5B260: .word 0x3E99999A, 0x00000000, 0x00000000, 0x00000000


.section .rodata
D_80B5B270:
.incbin "baserom/En_Bee", 0xB50, 0x00000070
