.include "macro.inc"

# assembler directives
.set noat      # allow manual use of $at
.set noreorder # don't insert nops after branches
.set gp=64     # allow use of 64-bit general purpose registers

.section .text
glabel func_80C03530
/* 00000 80C03530 27BDFFC0 */  addiu   $sp, $sp, 0xFFC0           ## $sp = FFFFFFC0
/* 00004 80C03534 AFB20038 */  sw      $s2, 0x0038($sp)           
/* 00008 80C03538 AFB00030 */  sw      $s0, 0x0030($sp)           
/* 0000C 80C0353C 00A08025 */  or      $s0, $a1, $zero            ## $s0 = 00000000
/* 00010 80C03540 00809025 */  or      $s2, $a0, $zero            ## $s2 = 00000000
/* 00014 80C03544 AFBF003C */  sw      $ra, 0x003C($sp)           
/* 00018 80C03548 AFB10034 */  sw      $s1, 0x0034($sp)           
/* 0001C 80C0354C 240E00FF */  addiu   $t6, $zero, 0x00FF         ## $t6 = 000000FF
/* 00020 80C03550 3C06800B */  lui     $a2, 0x800B                ## $a2 = 800B0000
/* 00024 80C03554 A24E00B6 */  sb      $t6, 0x00B6($s2)           ## 000000B6
/* 00028 80C03558 24C63FC0 */  addiu   $a2, $a2, 0x3FC0           ## $a2 = 800B3FC0
/* 0002C 80C0355C 264400BC */  addiu   $a0, $s2, 0x00BC           ## $a0 = 000000BC
/* 00030 80C03560 24050000 */  addiu   $a1, $zero, 0x0000         ## $a1 = 00000000
/* 00034 80C03564 0C02CEE9 */  jal     func_800B3BA4              
/* 00038 80C03568 3C074198 */  lui     $a3, 0x4198                ## $a3 = 41980000
/* 0003C 80C0356C 3C01BF80 */  lui     $at, 0xBF80                ## $at = BF800000
/* 00040 80C03570 44812000 */  mtc1    $at, $f4                   ## $f4 = -1.00
/* 00044 80C03574 3C060601 */  lui     $a2, 0x0601                ## $a2 = 06010000
/* 00048 80C03578 3C070600 */  lui     $a3, 0x0600                ## $a3 = 06000000
/* 0004C 80C0357C E6440074 */  swc1    $f4, 0x0074($s2)           ## 00000074
/* 00050 80C03580 264F0188 */  addiu   $t7, $s2, 0x0188           ## $t7 = 00000188
/* 00054 80C03584 26580206 */  addiu   $t8, $s2, 0x0206           ## $t8 = 00000206
/* 00058 80C03588 24190015 */  addiu   $t9, $zero, 0x0015         ## $t9 = 00000015
/* 0005C 80C0358C AFB90018 */  sw      $t9, 0x0018($sp)           
/* 00060 80C03590 AFB80014 */  sw      $t8, 0x0014($sp)           
/* 00064 80C03594 AFAF0010 */  sw      $t7, 0x0010($sp)           
/* 00068 80C03598 24E764B8 */  addiu   $a3, $a3, 0x64B8           ## $a3 = 060064B8
/* 0006C 80C0359C 24C6F82C */  addiu   $a2, $a2, 0xF82C           ## $a2 = 0600F82C
/* 00070 80C035A0 02002025 */  or      $a0, $s0, $zero            ## $a0 = 00000000
/* 00074 80C035A4 0C04DACC */  jal     func_80136B30              
/* 00078 80C035A8 26450144 */  addiu   $a1, $s2, 0x0144           ## $a1 = 00000144
/* 0007C 80C035AC 3C0780C0 */  lui     $a3, %hi(D_80C04770)       ## $a3 = 80C00000
/* 00080 80C035B0 24E74770 */  addiu   $a3, $a3, %lo(D_80C04770)  ## $a3 = 80C04770
/* 00084 80C035B4 02002025 */  or      $a0, $s0, $zero            ## $a0 = 00000000
/* 00088 80C035B8 264502C8 */  addiu   $a1, $s2, 0x02C8           ## $a1 = 000002C8
/* 0008C 80C035BC 0C0384DD */  jal     func_800E1374              
/* 00090 80C035C0 02403025 */  or      $a2, $s2, $zero            ## $a2 = 00000000
/* 00094 80C035C4 3C053C23 */  lui     $a1, 0x3C23                ## $a1 = 3C230000
/* 00098 80C035C8 A240001F */  sb      $zero, 0x001F($s2)         ## 0000001F
/* 0009C 80C035CC 34A5D70A */  ori     $a1, $a1, 0xD70A           ## $a1 = 3C23D70A
/* 000A0 80C035D0 0C02D9F8 */  jal     func_800B67E0              
/* 000A4 80C035D4 02402025 */  or      $a0, $s2, $zero            ## $a0 = 00000000
/* 000A8 80C035D8 8642001C */  lh      $v0, 0x001C($s2)           ## 0000001C
/* 000AC 80C035DC 3C03801F */  lui     $v1, 0x801F                ## $v1 = 801F0000
/* 000B0 80C035E0 2463F670 */  addiu   $v1, $v1, 0xF670           ## $v1 = 801EF670
/* 000B4 80C035E4 00024103 */  sra     $t0, $v0,  4               
/* 000B8 80C035E8 3109000F */  andi    $t1, $t0, 0x000F           ## $t1 = 00000000
/* 000BC 80C035EC A64902BC */  sh      $t1, 0x02BC($s2)           ## 000002BC
/* 000C0 80C035F0 864B02BC */  lh      $t3, 0x02BC($s2)           ## 000002BC
/* 000C4 80C035F4 304A000F */  andi    $t2, $v0, 0x000F           ## $t2 = 00000000
/* 000C8 80C035F8 A64A02BE */  sh      $t2, 0x02BE($s2)           ## 000002BE
/* 000CC 80C035FC 55600017 */  bnel    $t3, $zero, .L80C0365C     
/* 000D0 80C03600 90680F41 */  lbu     $t0, 0x0F41($v1)           ## 801F05B1
/* 000D4 80C03604 3C03801F */  lui     $v1, 0x801F                ## $v1 = 801F0000
/* 000D8 80C03608 2463F670 */  addiu   $v1, $v1, 0xF670           ## $v1 = 801EF670
/* 000DC 80C0360C 906C0F41 */  lbu     $t4, 0x0F41($v1)           ## 801F05B1
/* 000E0 80C03610 318D0010 */  andi    $t5, $t4, 0x0010           ## $t5 = 00000000
/* 000E4 80C03614 15A00005 */  bne     $t5, $zero, .L80C0362C     
/* 000E8 80C03618 00000000 */  nop
/* 000EC 80C0361C 906E0F4D */  lbu     $t6, 0x0F4D($v1)           ## 801F05BD
/* 000F0 80C03620 31CF0002 */  andi    $t7, $t6, 0x0002           ## $t7 = 00000000
/* 000F4 80C03624 51E00006 */  beql    $t7, $zero, .L80C03640     
/* 000F8 80C03628 865802BE */  lh      $t8, 0x02BE($s2)           ## 000002BE
.L80C0362C:
/* 000FC 80C0362C 0C02D9C3 */  jal     func_800B670C              
/* 00100 80C03630 02402025 */  or      $a0, $s2, $zero            ## $a0 = 00000000
/* 00104 80C03634 1000006B */  beq     $zero, $zero, .L80C037E4   
/* 00108 80C03638 8FBF003C */  lw      $ra, 0x003C($sp)           
/* 0010C 80C0363C 865802BE */  lh      $t8, 0x02BE($s2)           ## 000002BE
.L80C03640:
/* 00110 80C03640 02402025 */  or      $a0, $s2, $zero            ## $a0 = 00000000
/* 00114 80C03644 27190001 */  addiu   $t9, $t8, 0x0001           ## $t9 = 00000001
/* 00118 80C03648 0C300EB3 */  jal     func_80C03ACC              
/* 0011C 80C0364C A65902BE */  sh      $t9, 0x02BE($s2)           ## 000002BE
/* 00120 80C03650 10000064 */  beq     $zero, $zero, .L80C037E4   
/* 00124 80C03654 8FBF003C */  lw      $ra, 0x003C($sp)           
/* 00128 80C03658 90680F41 */  lbu     $t0, 0x0F41($v1)           ## 00000F41
.L80C0365C:
/* 0012C 80C0365C 31090010 */  andi    $t1, $t0, 0x0010           ## $t1 = 00000000
/* 00130 80C03660 55200006 */  bnel    $t1, $zero, .L80C0367C     
/* 00134 80C03664 864202BE */  lh      $v0, 0x02BE($s2)           ## 000002BE
/* 00138 80C03668 906A0F4D */  lbu     $t2, 0x0F4D($v1)           ## 00000F4D
/* 0013C 80C0366C 314B0002 */  andi    $t3, $t2, 0x0002           ## $t3 = 00000000
/* 00140 80C03670 11600059 */  beq     $t3, $zero, .L80C037D8     
/* 00144 80C03674 00000000 */  nop
/* 00148 80C03678 864202BE */  lh      $v0, 0x02BE($s2)           ## 000002BE
.L80C0367C:
/* 0014C 80C0367C 24010001 */  addiu   $at, $zero, 0x0001         ## $at = 00000001
/* 00150 80C03680 14400005 */  bne     $v0, $zero, .L80C03698     
/* 00154 80C03684 00000000 */  nop
/* 00158 80C03688 906C0F44 */  lbu     $t4, 0x0F44($v1)           ## 00000F44
/* 0015C 80C0368C 318D0001 */  andi    $t5, $t4, 0x0001           ## $t5 = 00000000
/* 00160 80C03690 55A0001A */  bnel    $t5, $zero, .L80C036FC     
/* 00164 80C03694 906C0F43 */  lbu     $t4, 0x0F43($v1)           ## 00000F43
.L80C03698:
/* 00168 80C03698 54410005 */  bnel    $v0, $at, .L80C036B0       
/* 0016C 80C0369C 24010002 */  addiu   $at, $zero, 0x0002         ## $at = 00000002
/* 00170 80C036A0 906E0F44 */  lbu     $t6, 0x0F44($v1)           ## 00000F44
/* 00174 80C036A4 31CF0002 */  andi    $t7, $t6, 0x0002           ## $t7 = 00000000
/* 00178 80C036A8 15E00013 */  bne     $t7, $zero, .L80C036F8     
/* 0017C 80C036AC 24010002 */  addiu   $at, $zero, 0x0002         ## $at = 00000002
.L80C036B0:
/* 00180 80C036B0 54410005 */  bnel    $v0, $at, .L80C036C8       
/* 00184 80C036B4 24010003 */  addiu   $at, $zero, 0x0003         ## $at = 00000003
/* 00188 80C036B8 90780F44 */  lbu     $t8, 0x0F44($v1)           ## 00000F44
/* 0018C 80C036BC 33190004 */  andi    $t9, $t8, 0x0004           ## $t9 = 00000000
/* 00190 80C036C0 1720000D */  bne     $t9, $zero, .L80C036F8     
/* 00194 80C036C4 24010003 */  addiu   $at, $zero, 0x0003         ## $at = 00000003
.L80C036C8:
/* 00198 80C036C8 54410005 */  bnel    $v0, $at, .L80C036E0       
/* 0019C 80C036CC 24010004 */  addiu   $at, $zero, 0x0004         ## $at = 00000004
/* 001A0 80C036D0 90680F44 */  lbu     $t0, 0x0F44($v1)           ## 00000F44
/* 001A4 80C036D4 31090008 */  andi    $t1, $t0, 0x0008           ## $t1 = 00000000
/* 001A8 80C036D8 15200007 */  bne     $t1, $zero, .L80C036F8     
/* 001AC 80C036DC 24010004 */  addiu   $at, $zero, 0x0004         ## $at = 00000004
.L80C036E0:
/* 001B0 80C036E0 1441003D */  bne     $v0, $at, .L80C037D8       
/* 001B4 80C036E4 00000000 */  nop
/* 001B8 80C036E8 906A0F44 */  lbu     $t2, 0x0F44($v1)           ## 00000F44
/* 001BC 80C036EC 314B0010 */  andi    $t3, $t2, 0x0010           ## $t3 = 00000000
/* 001C0 80C036F0 11600039 */  beq     $t3, $zero, .L80C037D8     
/* 001C4 80C036F4 00000000 */  nop
.L80C036F8:
/* 001C8 80C036F8 906C0F43 */  lbu     $t4, 0x0F43($v1)           ## 00000F43
.L80C036FC:
/* 001CC 80C036FC 318D0040 */  andi    $t5, $t4, 0x0040           ## $t5 = 00000000
/* 001D0 80C03700 11A00031 */  beq     $t5, $zero, .L80C037C8     
/* 001D4 80C03704 00000000 */  nop
/* 001D8 80C03708 1440002B */  bne     $v0, $zero, .L80C037B8     
/* 001DC 80C0370C 26041CA0 */  addiu   $a0, $s0, 0x1CA0           ## $a0 = 00001CA0
/* 001E0 80C03710 C6460028 */  lwc1    $f6, 0x0028($s2)           ## 00000028
/* 001E4 80C03714 8E470024 */  lw      $a3, 0x0024($s2)           ## 00000024
/* 001E8 80C03718 02002825 */  or      $a1, $s0, $zero            ## $a1 = 00000000
/* 001EC 80C0371C E7A60010 */  swc1    $f6, 0x0010($sp)           
/* 001F0 80C03720 C648002C */  lwc1    $f8, 0x002C($s2)           ## 0000002C
/* 001F4 80C03724 AFA00018 */  sw      $zero, 0x0018($sp)         
/* 001F8 80C03728 2406011C */  addiu   $a2, $zero, 0x011C         ## $a2 = 0000011C
/* 001FC 80C0372C E7A80014 */  swc1    $f8, 0x0014($sp)           
/* 00200 80C03730 864E0032 */  lh      $t6, 0x0032($s2)           ## 00000032
/* 00204 80C03734 AFA00024 */  sw      $zero, 0x0024($sp)         
/* 00208 80C03738 AFA00020 */  sw      $zero, 0x0020($sp)         
/* 0020C 80C0373C 0C02EB18 */  jal     func_800BAC60              
/* 00210 80C03740 AFAE001C */  sw      $t6, 0x001C($sp)           
/* 00214 80C03744 3C03801F */  lui     $v1, 0x801F                ## $v1 = 801F0000
/* 00218 80C03748 2463F670 */  addiu   $v1, $v1, 0xF670           ## $v1 = 801EF670
/* 0021C 80C0374C 1040001A */  beq     $v0, $zero, .L80C037B8     
/* 00220 80C03750 00402025 */  or      $a0, $v0, $zero            ## $a0 = 00000000
/* 00224 80C03754 82500038 */  lb      $s0, 0x0038($s2)           ## 00000038
/* 00228 80C03758 2401FFFF */  addiu   $at, $zero, 0xFFFF         ## $at = FFFFFFFF
/* 0022C 80C0375C 00808825 */  or      $s1, $a0, $zero            ## $s1 = 00000000
/* 00230 80C03760 1201000A */  beq     $s0, $at, .L80C0378C       
.L80C03764:
/* 00234 80C03764 00102400 */  sll     $a0, $s0, 16               
/* 00238 80C03768 00042403 */  sra     $a0, $a0, 16               
/* 0023C 80C0376C 0C03C82E */  jal     func_800F20B8              
/* 00240 80C03770 A63002CC */  sh      $s0, 0x02CC($s1)           ## 000002CC
/* 00244 80C03774 3C03801F */  lui     $v1, 0x801F                ## $v1 = 801F0000
/* 00248 80C03778 2401FFFF */  addiu   $at, $zero, 0xFFFF         ## $at = FFFFFFFF
/* 0024C 80C0377C 2463F670 */  addiu   $v1, $v1, 0xF670           ## $v1 = 801EF670
/* 00250 80C03780 00408025 */  or      $s0, $v0, $zero            ## $s0 = 00000000
/* 00254 80C03784 1441FFF7 */  bne     $v0, $at, .L80C03764       
/* 00258 80C03788 26310002 */  addiu   $s1, $s1, 0x0002           ## $s1 = 00000002
.L80C0378C:
/* 0025C 80C0378C 906F0F44 */  lbu     $t7, 0x0F44($v1)           ## 801F05B4
/* 00260 80C03790 31F900FE */  andi    $t9, $t7, 0x00FE           ## $t9 = 00000000
/* 00264 80C03794 332900FD */  andi    $t1, $t9, 0x00FD           ## $t1 = 00000000
/* 00268 80C03798 A0790F44 */  sb      $t9, 0x0F44($v1)           ## 801F05B4
/* 0026C 80C0379C 312B00FB */  andi    $t3, $t1, 0x00FB           ## $t3 = 00000000
/* 00270 80C037A0 A0690F44 */  sb      $t1, 0x0F44($v1)           ## 801F05B4
/* 00274 80C037A4 316D00F7 */  andi    $t5, $t3, 0x00F7           ## $t5 = 00000000
/* 00278 80C037A8 A06B0F44 */  sb      $t3, 0x0F44($v1)           ## 801F05B4
/* 0027C 80C037AC A06D0F44 */  sb      $t5, 0x0F44($v1)           ## 801F05B4
/* 00280 80C037B0 31AE00EF */  andi    $t6, $t5, 0x00EF           ## $t6 = 00000000
/* 00284 80C037B4 A06E0F44 */  sb      $t6, 0x0F44($v1)           ## 801F05B4
.L80C037B8:
/* 00288 80C037B8 0C02D9C3 */  jal     func_800B670C              
/* 0028C 80C037BC 02402025 */  or      $a0, $s2, $zero            ## $a0 = 00000000
/* 00290 80C037C0 10000008 */  beq     $zero, $zero, .L80C037E4   
/* 00294 80C037C4 8FBF003C */  lw      $ra, 0x003C($sp)           
.L80C037C8:
/* 00298 80C037C8 0C3010BE */  jal     func_80C042F8              
/* 0029C 80C037CC 02402025 */  or      $a0, $s2, $zero            ## $a0 = 00000000
/* 002A0 80C037D0 10000004 */  beq     $zero, $zero, .L80C037E4   
/* 002A4 80C037D4 8FBF003C */  lw      $ra, 0x003C($sp)           
.L80C037D8:
/* 002A8 80C037D8 0C02D9C3 */  jal     func_800B670C              
/* 002AC 80C037DC 02402025 */  or      $a0, $s2, $zero            ## $a0 = 00000000
/* 002B0 80C037E0 8FBF003C */  lw      $ra, 0x003C($sp)           
.L80C037E4:
/* 002B4 80C037E4 8FB00030 */  lw      $s0, 0x0030($sp)           
/* 002B8 80C037E8 8FB10034 */  lw      $s1, 0x0034($sp)           
/* 002BC 80C037EC 8FB20038 */  lw      $s2, 0x0038($sp)           
/* 002C0 80C037F0 03E00008 */  jr      $ra                        
/* 002C4 80C037F4 27BD0040 */  addiu   $sp, $sp, 0x0040           ## $sp = 00000000


glabel func_80C037F8
/* 002C8 80C037F8 27BDFFE8 */  addiu   $sp, $sp, 0xFFE8           ## $sp = FFFFFFE8
/* 002CC 80C037FC AFBF0014 */  sw      $ra, 0x0014($sp)           
/* 002D0 80C03800 00803025 */  or      $a2, $a0, $zero            ## $a2 = 00000000
/* 002D4 80C03804 00A03825 */  or      $a3, $a1, $zero            ## $a3 = 00000000
/* 002D8 80C03808 00E02025 */  or      $a0, $a3, $zero            ## $a0 = 00000000
/* 002DC 80C0380C 0C03847B */  jal     func_800E11EC              
/* 002E0 80C03810 24C502C8 */  addiu   $a1, $a2, 0x02C8           ## $a1 = 000002C8
/* 002E4 80C03814 8FBF0014 */  lw      $ra, 0x0014($sp)           
/* 002E8 80C03818 27BD0018 */  addiu   $sp, $sp, 0x0018           ## $sp = 00000000
/* 002EC 80C0381C 03E00008 */  jr      $ra                        
/* 002F0 80C03820 00000000 */  nop


glabel func_80C03824
/* 002F4 80C03824 27BDFFD8 */  addiu   $sp, $sp, 0xFFD8           ## $sp = FFFFFFD8
/* 002F8 80C03828 AFBF0024 */  sw      $ra, 0x0024($sp)           
/* 002FC 80C0382C AFA40028 */  sw      $a0, 0x0028($sp)           
/* 00300 80C03830 AFA60030 */  sw      $a2, 0x0030($sp)           
/* 00304 80C03834 8FAE0028 */  lw      $t6, 0x0028($sp)           
/* 00308 80C03838 00057880 */  sll     $t7, $a1,  2               
/* 0030C 80C0383C 3C0480C0 */  lui     $a0, %hi(D_80C0479C)       ## $a0 = 80C00000
/* 00310 80C03840 008F2021 */  addu    $a0, $a0, $t7              
/* 00314 80C03844 ADC502C4 */  sw      $a1, 0x02C4($t6)           ## 000002C4
/* 00318 80C03848 0C04D1D2 */  jal     func_80134748              
/* 0031C 80C0384C 8C84479C */  lw      $a0, %lo(D_80C0479C)($a0)  
/* 00320 80C03850 44822000 */  mtc1    $v0, $f4                   ## $f4 = 0.00
/* 00324 80C03854 8FA80028 */  lw      $t0, 0x0028($sp)           
/* 00328 80C03858 3C1980C0 */  lui     $t9, %hi(D_80C047E0)       ## $t9 = 80C00000
/* 0032C 80C0385C 46802020 */  cvt.s.w $f0, $f4                   
/* 00330 80C03860 8D0302C4 */  lw      $v1, 0x02C4($t0)           ## 000002C4
/* 00334 80C03864 3C01C120 */  lui     $at, 0xC120                ## $at = C1200000
/* 00338 80C03868 44813000 */  mtc1    $at, $f6                   ## $f6 = -10.00
/* 0033C 80C0386C 0323C821 */  addu    $t9, $t9, $v1              
/* 00340 80C03870 3C0580C0 */  lui     $a1, %hi(D_80C0479C)       ## $a1 = 80C00000
/* 00344 80C03874 E50002B0 */  swc1    $f0, 0x02B0($t0)           ## 000002B0
/* 00348 80C03878 933947E0 */  lbu     $t9, %lo(D_80C047E0)($t9)  
/* 0034C 80C0387C 0003C080 */  sll     $t8, $v1,  2               
/* 00350 80C03880 00B82821 */  addu    $a1, $a1, $t8              
/* 00354 80C03884 8CA5479C */  lw      $a1, %lo(D_80C0479C)($a1)  
/* 00358 80C03888 E7A00010 */  swc1    $f0, 0x0010($sp)           
/* 0035C 80C0388C 8FA60030 */  lw      $a2, 0x0030($sp)           
/* 00360 80C03890 24070000 */  addiu   $a3, $zero, 0x0000         ## $a3 = 00000000
/* 00364 80C03894 25040144 */  addiu   $a0, $t0, 0x0144           ## $a0 = 00000144
/* 00368 80C03898 E7A60018 */  swc1    $f6, 0x0018($sp)           
/* 0036C 80C0389C 0C04DCFA */  jal     func_801373E8              
/* 00370 80C038A0 AFB90014 */  sw      $t9, 0x0014($sp)           
/* 00374 80C038A4 8FBF0024 */  lw      $ra, 0x0024($sp)           
/* 00378 80C038A8 27BD0028 */  addiu   $sp, $sp, 0x0028           ## $sp = 00000000
/* 0037C 80C038AC 03E00008 */  jr      $ra                        
/* 00380 80C038B0 00000000 */  nop


glabel func_80C038B4
/* 00384 80C038B4 27BDFFE0 */  addiu   $sp, $sp, 0xFFE0           ## $sp = FFFFFFE0
/* 00388 80C038B8 AFBF001C */  sw      $ra, 0x001C($sp)           
/* 0038C 80C038BC AFB00018 */  sw      $s0, 0x0018($sp)           
/* 00390 80C038C0 AFA40020 */  sw      $a0, 0x0020($sp)           
/* 00394 80C038C4 8FAE0020 */  lw      $t6, 0x0020($sp)           
/* 00398 80C038C8 24010002 */  addiu   $at, $zero, 0x0002         ## $at = 00000002
/* 0039C 80C038CC 8DCF02C4 */  lw      $t7, 0x02C4($t6)           ## 000002C4
/* 003A0 80C038D0 25D00144 */  addiu   $s0, $t6, 0x0144           ## $s0 = 00000144
/* 003A4 80C038D4 02002025 */  or      $a0, $s0, $zero            ## $a0 = 00000144
/* 003A8 80C038D8 55E10015 */  bnel    $t7, $at, .L80C03930       
/* 003AC 80C038DC 8FB80020 */  lw      $t8, 0x0020($sp)           
/* 003B0 80C038E0 0C04DE2E */  jal     func_801378B8              
/* 003B4 80C038E4 3C054110 */  lui     $a1, 0x4110                ## $a1 = 41100000
/* 003B8 80C038E8 1440000D */  bne     $v0, $zero, .L80C03920     
/* 003BC 80C038EC 02002025 */  or      $a0, $s0, $zero            ## $a0 = 00000144
/* 003C0 80C038F0 0C04DE2E */  jal     func_801378B8              
/* 003C4 80C038F4 3C054120 */  lui     $a1, 0x4120                ## $a1 = 41200000
/* 003C8 80C038F8 14400009 */  bne     $v0, $zero, .L80C03920     
/* 003CC 80C038FC 02002025 */  or      $a0, $s0, $zero            ## $a0 = 00000144
/* 003D0 80C03900 0C04DE2E */  jal     func_801378B8              
/* 003D4 80C03904 3C054188 */  lui     $a1, 0x4188                ## $a1 = 41880000
/* 003D8 80C03908 14400005 */  bne     $v0, $zero, .L80C03920     
/* 003DC 80C0390C 02002025 */  or      $a0, $s0, $zero            ## $a0 = 00000144
/* 003E0 80C03910 0C04DE2E */  jal     func_801378B8              
/* 003E4 80C03914 3C054190 */  lui     $a1, 0x4190                ## $a1 = 41900000
/* 003E8 80C03918 50400005 */  beql    $v0, $zero, .L80C03930     
/* 003EC 80C0391C 8FB80020 */  lw      $t8, 0x0020($sp)           
.L80C03920:
/* 003F0 80C03920 8FA40020 */  lw      $a0, 0x0020($sp)           
/* 003F4 80C03924 0C02E3B2 */  jal     func_800B8EC8              
/* 003F8 80C03928 2405292C */  addiu   $a1, $zero, 0x292C         ## $a1 = 0000292C
/* 003FC 80C0392C 8FB80020 */  lw      $t8, 0x0020($sp)           
.L80C03930:
/* 00400 80C03930 2401000F */  addiu   $at, $zero, 0x000F         ## $at = 0000000F
/* 00404 80C03934 8F1902C4 */  lw      $t9, 0x02C4($t8)           ## 000002C4
/* 00408 80C03938 27100144 */  addiu   $s0, $t8, 0x0144           ## $s0 = 00000144
/* 0040C 80C0393C 02002025 */  or      $a0, $s0, $zero            ## $a0 = 00000144
/* 00410 80C03940 57210015 */  bnel    $t9, $at, .L80C03998       
/* 00414 80C03944 8FBF001C */  lw      $ra, 0x001C($sp)           
/* 00418 80C03948 0C04DE2E */  jal     func_801378B8              
/* 0041C 80C0394C 24050000 */  addiu   $a1, $zero, 0x0000         ## $a1 = 00000000
/* 00420 80C03950 1440000D */  bne     $v0, $zero, .L80C03988     
/* 00424 80C03954 02002025 */  or      $a0, $s0, $zero            ## $a0 = 00000144
/* 00428 80C03958 0C04DE2E */  jal     func_801378B8              
/* 0042C 80C0395C 3C054000 */  lui     $a1, 0x4000                ## $a1 = 40000000
/* 00430 80C03960 14400009 */  bne     $v0, $zero, .L80C03988     
/* 00434 80C03964 02002025 */  or      $a0, $s0, $zero            ## $a0 = 00000144
/* 00438 80C03968 0C04DE2E */  jal     func_801378B8              
/* 0043C 80C0396C 3C054080 */  lui     $a1, 0x4080                ## $a1 = 40800000
/* 00440 80C03970 14400005 */  bne     $v0, $zero, .L80C03988     
/* 00444 80C03974 02002025 */  or      $a0, $s0, $zero            ## $a0 = 00000144
/* 00448 80C03978 0C04DE2E */  jal     func_801378B8              
/* 0044C 80C0397C 3C0540C0 */  lui     $a1, 0x40C0                ## $a1 = 40C00000
/* 00450 80C03980 50400005 */  beql    $v0, $zero, .L80C03998     
/* 00454 80C03984 8FBF001C */  lw      $ra, 0x001C($sp)           
.L80C03988:
/* 00458 80C03988 8FA40020 */  lw      $a0, 0x0020($sp)           
/* 0045C 80C0398C 0C02E3B2 */  jal     func_800B8EC8              
/* 00460 80C03990 2405292C */  addiu   $a1, $zero, 0x292C         ## $a1 = 0000292C
/* 00464 80C03994 8FBF001C */  lw      $ra, 0x001C($sp)           
.L80C03998:
/* 00468 80C03998 8FB00018 */  lw      $s0, 0x0018($sp)           
/* 0046C 80C0399C 27BD0020 */  addiu   $sp, $sp, 0x0020           ## $sp = 00000000
/* 00470 80C039A0 03E00008 */  jr      $ra                        
/* 00474 80C039A4 00000000 */  nop


glabel func_80C039A8
/* 00478 80C039A8 24060001 */  addiu   $a2, $zero, 0x0001         ## $a2 = 00000001
/* 0047C 80C039AC 8CA21CCC */  lw      $v0, 0x1CCC($a1)           ## 00001CCC
/* 00480 80C039B0 240E0005 */  addiu   $t6, $zero, 0x0005         ## $t6 = 00000005
/* 00484 80C039B4 A48E02A6 */  sh      $t6, 0x02A6($a0)           ## 000002A6
/* 00488 80C039B8 9043014B */  lbu     $v1, 0x014B($v0)           ## 0000014B
/* 0048C 80C039BC 24050002 */  addiu   $a1, $zero, 0x0002         ## $a1 = 00000002
/* 00490 80C039C0 2409073E */  addiu   $t1, $zero, 0x073E         ## $t1 = 0000073E
/* 00494 80C039C4 10660012 */  beq     $v1, $a2, .L80C03A10       
/* 00498 80C039C8 00000000 */  nop
/* 0049C 80C039CC 10650012 */  beq     $v1, $a1, .L80C03A18       
/* 004A0 80C039D0 240A073F */  addiu   $t2, $zero, 0x073F         ## $t2 = 0000073F
/* 004A4 80C039D4 24070003 */  addiu   $a3, $zero, 0x0003         ## $a3 = 00000003
/* 004A8 80C039D8 10670011 */  beq     $v1, $a3, .L80C03A20       
/* 004AC 80C039DC 24010004 */  addiu   $at, $zero, 0x0004         ## $at = 00000004
/* 004B0 80C039E0 14610038 */  bne     $v1, $at, .L80C03AC4       
/* 004B4 80C039E4 240F073D */  addiu   $t7, $zero, 0x073D         ## $t7 = 0000073D
/* 004B8 80C039E8 3C03801F */  lui     $v1, 0x801F                ## $v1 = 801F0000
/* 004BC 80C039EC 2463F670 */  addiu   $v1, $v1, 0xF670           ## $v1 = 801EF670
/* 004C0 80C039F0 A48F0116 */  sh      $t7, 0x0116($a0)           ## 00000116
/* 004C4 80C039F4 90780F4C */  lbu     $t8, 0x0F4C($v1)           ## 801F05BC
/* 004C8 80C039F8 2408074B */  addiu   $t0, $zero, 0x074B         ## $t0 = 0000074B
/* 004CC 80C039FC 33190080 */  andi    $t9, $t8, 0x0080           ## $t9 = 00000000
/* 004D0 80C03A00 13200030 */  beq     $t9, $zero, .L80C03AC4     
/* 004D4 80C03A04 00000000 */  nop
/* 004D8 80C03A08 03E00008 */  jr      $ra                        
/* 004DC 80C03A0C A4880116 */  sh      $t0, 0x0116($a0)           ## 00000116
.L80C03A10:
/* 004E0 80C03A10 03E00008 */  jr      $ra                        
/* 004E4 80C03A14 A4890116 */  sh      $t1, 0x0116($a0)           ## 00000116
.L80C03A18:
/* 004E8 80C03A18 03E00008 */  jr      $ra                        
/* 004EC 80C03A1C A48A0116 */  sh      $t2, 0x0116($a0)           ## 00000116
.L80C03A20:
/* 004F0 80C03A20 3C03801F */  lui     $v1, 0x801F                ## $v1 = 801F0000
/* 004F4 80C03A24 2463F670 */  addiu   $v1, $v1, 0xF670           ## $v1 = 801EF670
/* 004F8 80C03A28 90620F41 */  lbu     $v0, 0x0F41($v1)           ## 801F05B1
/* 004FC 80C03A2C 240C075A */  addiu   $t4, $zero, 0x075A         ## $t4 = 0000075A
/* 00500 80C03A30 304B0020 */  andi    $t3, $v0, 0x0020           ## $t3 = 00000000
/* 00504 80C03A34 11600003 */  beq     $t3, $zero, .L80C03A44     
/* 00508 80C03A38 304D0040 */  andi    $t5, $v0, 0x0040           ## $t5 = 00000000
/* 0050C 80C03A3C 03E00008 */  jr      $ra                        
/* 00510 80C03A40 A48C0116 */  sh      $t4, 0x0116($a0)           ## 00000116
.L80C03A44:
/* 00514 80C03A44 11A0001E */  beq     $t5, $zero, .L80C03AC0     
/* 00518 80C03A48 240E0744 */  addiu   $t6, $zero, 0x0744         ## $t6 = 00000744
/* 0051C 80C03A4C 848202BE */  lh      $v0, 0x02BE($a0)           ## 000002BE
/* 00520 80C03A50 240E0749 */  addiu   $t6, $zero, 0x0749         ## $t6 = 00000749
/* 00524 80C03A54 A48E0116 */  sh      $t6, 0x0116($a0)           ## 00000116
/* 00528 80C03A58 14C20005 */  bne     $a2, $v0, .L80C03A70       
/* 0052C 80C03A5C 00000000 */  nop
/* 00530 80C03A60 906F0F42 */  lbu     $t7, 0x0F42($v1)           ## 801F05B2
/* 00534 80C03A64 31F80001 */  andi    $t8, $t7, 0x0001           ## $t8 = 00000001
/* 00538 80C03A68 57000013 */  bnel    $t8, $zero, .L80C03AB8     
/* 0053C 80C03A6C 240D074A */  addiu   $t5, $zero, 0x074A         ## $t5 = 0000074A
.L80C03A70:
/* 00540 80C03A70 14A20005 */  bne     $a1, $v0, .L80C03A88       
/* 00544 80C03A74 00000000 */  nop
/* 00548 80C03A78 90790F42 */  lbu     $t9, 0x0F42($v1)           ## 801F05B2
/* 0054C 80C03A7C 33280002 */  andi    $t0, $t9, 0x0002           ## $t0 = 00000000
/* 00550 80C03A80 5500000D */  bnel    $t0, $zero, .L80C03AB8     
/* 00554 80C03A84 240D074A */  addiu   $t5, $zero, 0x074A         ## $t5 = 0000074A
.L80C03A88:
/* 00558 80C03A88 14E20005 */  bne     $a3, $v0, .L80C03AA0       
/* 0055C 80C03A8C 24010004 */  addiu   $at, $zero, 0x0004         ## $at = 00000004
/* 00560 80C03A90 90690F42 */  lbu     $t1, 0x0F42($v1)           ## 801F05B2
/* 00564 80C03A94 312A0004 */  andi    $t2, $t1, 0x0004           ## $t2 = 00000004
/* 00568 80C03A98 55400007 */  bnel    $t2, $zero, .L80C03AB8     
/* 0056C 80C03A9C 240D074A */  addiu   $t5, $zero, 0x074A         ## $t5 = 0000074A
.L80C03AA0:
/* 00570 80C03AA0 14410008 */  bne     $v0, $at, .L80C03AC4       
/* 00574 80C03AA4 00000000 */  nop
/* 00578 80C03AA8 906B0F42 */  lbu     $t3, 0x0F42($v1)           ## 801F05B2
/* 0057C 80C03AAC 316C0008 */  andi    $t4, $t3, 0x0008           ## $t4 = 00000000
/* 00580 80C03AB0 11800004 */  beq     $t4, $zero, .L80C03AC4     
/* 00584 80C03AB4 240D074A */  addiu   $t5, $zero, 0x074A         ## $t5 = 0000074A
.L80C03AB8:
/* 00588 80C03AB8 03E00008 */  jr      $ra                        
/* 0058C 80C03ABC A48D0116 */  sh      $t5, 0x0116($a0)           ## 00000116
.L80C03AC0:
/* 00590 80C03AC0 A48E0116 */  sh      $t6, 0x0116($a0)           ## 00000116
.L80C03AC4:
/* 00594 80C03AC4 03E00008 */  jr      $ra                        
/* 00598 80C03AC8 00000000 */  nop


glabel func_80C03ACC
/* 0059C 80C03ACC 3C1880C0 */  lui     $t8, %hi(func_80C03AF4)    ## $t8 = 80C00000
/* 005A0 80C03AD0 240E000A */  addiu   $t6, $zero, 0x000A         ## $t6 = 0000000A
/* 005A4 80C03AD4 240F001E */  addiu   $t7, $zero, 0x001E         ## $t7 = 0000001E
/* 005A8 80C03AD8 27183AF4 */  addiu   $t8, $t8, %lo(func_80C03AF4) ## $t8 = 80C03AF4
/* 005AC 80C03ADC A48E0308 */  sh      $t6, 0x0308($a0)           ## 00000308
/* 005B0 80C03AE0 A48F030A */  sh      $t7, 0x030A($a0)           ## 0000030A
/* 005B4 80C03AE4 A48002C0 */  sh      $zero, 0x02C0($a0)         ## 000002C0
/* 005B8 80C03AE8 AC980284 */  sw      $t8, 0x0284($a0)           ## 00000284
/* 005BC 80C03AEC 03E00008 */  jr      $ra                        
/* 005C0 80C03AF0 00000000 */  nop


glabel func_80C03AF4
/* 005C4 80C03AF4 27BDFF80 */  addiu   $sp, $sp, 0xFF80           ## $sp = FFFFFF80
/* 005C8 80C03AF8 AFB00030 */  sw      $s0, 0x0030($sp)           
/* 005CC 80C03AFC 00808025 */  or      $s0, $a0, $zero            ## $s0 = 00000000
/* 005D0 80C03B00 AFBF0034 */  sw      $ra, 0x0034($sp)           
/* 005D4 80C03B04 AFA50084 */  sw      $a1, 0x0084($sp)           
/* 005D8 80C03B08 C604015C */  lwc1    $f4, 0x015C($s0)           ## 0000015C
/* 005DC 80C03B0C 24010001 */  addiu   $at, $zero, 0x0001         ## $at = 00000001
/* 005E0 80C03B10 E7A40078 */  swc1    $f4, 0x0078($sp)           
/* 005E4 80C03B14 860202A0 */  lh      $v0, 0x02A0($s0)           ## 000002A0
/* 005E8 80C03B18 50400006 */  beql    $v0, $zero, .L80C03B34     
/* 005EC 80C03B1C 860E02A8 */  lh      $t6, 0x02A8($s0)           ## 000002A8
/* 005F0 80C03B20 10410054 */  beq     $v0, $at, .L80C03C74       
/* 005F4 80C03B24 C7B20078 */  lwc1    $f18, 0x0078($sp)          
/* 005F8 80C03B28 100000E9 */  beq     $zero, $zero, .L80C03ED0   
/* 005FC 80C03B2C 8FA40084 */  lw      $a0, 0x0084($sp)           
/* 00600 80C03B30 860E02A8 */  lh      $t6, 0x02A8($s0)           ## 000002A8
.L80C03B34:
/* 00604 80C03B34 27A40060 */  addiu   $a0, $sp, 0x0060           ## $a0 = FFFFFFE0
/* 00608 80C03B38 55C000E5 */  bnel    $t6, $zero, .L80C03ED0     
/* 0060C 80C03B3C 8FA40084 */  lw      $a0, 0x0084($sp)           
/* 00610 80C03B40 0C03FD43 */  jal     func_800FF50C              
/* 00614 80C03B44 26050008 */  addiu   $a1, $s0, 0x0008           ## $a1 = 00000008
/* 00618 80C03B48 3C014316 */  lui     $at, 0x4316                ## $at = 43160000
/* 0061C 80C03B4C 44816000 */  mtc1    $at, $f12                  ## $f12 = 150.00
/* 00620 80C03B50 0C05E570 */  jal     func_801795C0              
/* 00624 80C03B54 00000000 */  nop
/* 00628 80C03B58 C7A60060 */  lwc1    $f6, 0x0060($sp)           
/* 0062C 80C03B5C 3C014316 */  lui     $at, 0x4316                ## $at = 43160000
/* 00630 80C03B60 44816000 */  mtc1    $at, $f12                  ## $f12 = 150.00
/* 00634 80C03B64 46003200 */  add.s   $f8, $f6, $f0              
/* 00638 80C03B68 0C05E570 */  jal     func_801795C0              
/* 0063C 80C03B6C E7A80060 */  swc1    $f8, 0x0060($sp)           
/* 00640 80C03B70 C7AA0068 */  lwc1    $f10, 0x0068($sp)          
/* 00644 80C03B74 26040024 */  addiu   $a0, $s0, 0x0024           ## $a0 = 00000024
/* 00648 80C03B78 AFA40038 */  sw      $a0, 0x0038($sp)           
/* 0064C 80C03B7C 46005400 */  add.s   $f16, $f10, $f0            
/* 00650 80C03B80 27A50060 */  addiu   $a1, $sp, 0x0060           ## $a1 = FFFFFFE0
/* 00654 80C03B84 0C03FE98 */  jal     func_800FFA60              
/* 00658 80C03B88 E7B00068 */  swc1    $f16, 0x0068($sp)          
/* 0065C 80C03B8C 860F0032 */  lh      $t7, 0x0032($s0)           ## 00000032
/* 00660 80C03B90 8FA40038 */  lw      $a0, 0x0038($sp)           
/* 00664 80C03B94 27A50060 */  addiu   $a1, $sp, 0x0060           ## $a1 = FFFFFFE0
/* 00668 80C03B98 01E2C023 */  subu    $t8, $t7, $v0              
/* 0066C 80C03B9C 0018CC00 */  sll     $t9, $t8, 16               
/* 00670 80C03BA0 00194403 */  sra     $t0, $t9, 16               
/* 00674 80C03BA4 0501000B */  bgez    $t0, .L80C03BD4            
/* 00678 80C03BA8 00000000 */  nop
/* 0067C 80C03BAC 0C03FE98 */  jal     func_800FFA60              
/* 00680 80C03BB0 8FA40038 */  lw      $a0, 0x0038($sp)           
/* 00684 80C03BB4 86090032 */  lh      $t1, 0x0032($s0)           ## 00000032
/* 00688 80C03BB8 01221823 */  subu    $v1, $t1, $v0              
/* 0068C 80C03BBC 00031C00 */  sll     $v1, $v1, 16               
/* 00690 80C03BC0 00031C03 */  sra     $v1, $v1, 16               
/* 00694 80C03BC4 00031823 */  subu    $v1, $zero, $v1            
/* 00698 80C03BC8 00031C00 */  sll     $v1, $v1, 16               
/* 0069C 80C03BCC 10000007 */  beq     $zero, $zero, .L80C03BEC   
/* 006A0 80C03BD0 00031C03 */  sra     $v1, $v1, 16               
.L80C03BD4:
/* 006A4 80C03BD4 0C03FE98 */  jal     func_800FFA60              
/* 006A8 80C03BD8 27A50060 */  addiu   $a1, $sp, 0x0060           ## $a1 = FFFFFFE0
/* 006AC 80C03BDC 860A0032 */  lh      $t2, 0x0032($s0)           ## 00000032
/* 006B0 80C03BE0 01421823 */  subu    $v1, $t2, $v0              
/* 006B4 80C03BE4 00031C00 */  sll     $v1, $v1, 16               
/* 006B8 80C03BE8 00031C03 */  sra     $v1, $v1, 16               
.L80C03BEC:
/* 006BC 80C03BEC 28614000 */  slti    $at, $v1, 0x4000           
/* 006C0 80C03BF0 102000B6 */  beq     $at, $zero, .L80C03ECC     
/* 006C4 80C03BF4 8FA40084 */  lw      $a0, 0x0084($sp)           
/* 006C8 80C03BF8 27AB007C */  addiu   $t3, $sp, 0x007C           ## $t3 = FFFFFFFC
/* 006CC 80C03BFC 240C0001 */  addiu   $t4, $zero, 0x0001         ## $t4 = 00000001
/* 006D0 80C03C00 240D0001 */  addiu   $t5, $zero, 0x0001         ## $t5 = 00000001
/* 006D4 80C03C04 27AE0048 */  addiu   $t6, $sp, 0x0048           ## $t6 = FFFFFFC8
/* 006D8 80C03C08 AFAE0024 */  sw      $t6, 0x0024($sp)           
/* 006DC 80C03C0C AFAD0020 */  sw      $t5, 0x0020($sp)           
/* 006E0 80C03C10 AFAC0014 */  sw      $t4, 0x0014($sp)           
/* 006E4 80C03C14 AFAB0010 */  sw      $t3, 0x0010($sp)           
/* 006E8 80C03C18 24840830 */  addiu   $a0, $a0, 0x0830           ## $a0 = 00000830
/* 006EC 80C03C1C 8FA50038 */  lw      $a1, 0x0038($sp)           
/* 006F0 80C03C20 27A60060 */  addiu   $a2, $sp, 0x0060           ## $a2 = FFFFFFE0
/* 006F4 80C03C24 27A7006C */  addiu   $a3, $sp, 0x006C           ## $a3 = FFFFFFEC
/* 006F8 80C03C28 AFA00018 */  sw      $zero, 0x0018($sp)         
/* 006FC 80C03C2C 0C031571 */  jal     func_800C55C4              
/* 00700 80C03C30 AFA0001C */  sw      $zero, 0x001C($sp)         
/* 00704 80C03C34 144000A5 */  bne     $v0, $zero, .L80C03ECC     
/* 00708 80C03C38 02002025 */  or      $a0, $s0, $zero            ## $a0 = 00000000
/* 0070C 80C03C3C 24050002 */  addiu   $a1, $zero, 0x0002         ## $a1 = 00000002
/* 00710 80C03C40 0C300E09 */  jal     func_80C03824              
/* 00714 80C03C44 3C063F80 */  lui     $a2, 0x3F80                ## $a2 = 3F800000
/* 00718 80C03C48 26040294 */  addiu   $a0, $s0, 0x0294           ## $a0 = 00000294
/* 0071C 80C03C4C 0C03FD43 */  jal     func_800FF50C              
/* 00720 80C03C50 27A50060 */  addiu   $a1, $sp, 0x0060           ## $a1 = FFFFFFE0
/* 00724 80C03C54 2404001E */  addiu   $a0, $zero, 0x001E         ## $a0 = 0000001E
/* 00728 80C03C58 0C03FD14 */  jal     func_800FF450              
/* 0072C 80C03C5C 24050032 */  addiu   $a1, $zero, 0x0032         ## $a1 = 00000032
/* 00730 80C03C60 860F02A0 */  lh      $t7, 0x02A0($s0)           ## 000002A0
/* 00734 80C03C64 A60202AA */  sh      $v0, 0x02AA($s0)           ## 000002AA
/* 00738 80C03C68 25F80001 */  addiu   $t8, $t7, 0x0001           ## $t8 = 00000001
/* 0073C 80C03C6C 10000097 */  beq     $zero, $zero, .L80C03ECC   
/* 00740 80C03C70 A61802A0 */  sh      $t8, 0x02A0($s0)           ## 000002A0
.L80C03C74:
/* 00744 80C03C74 44802000 */  mtc1    $zero, $f4                 ## $f4 = 0.00
/* 00748 80C03C78 26040024 */  addiu   $a0, $s0, 0x0024           ## $a0 = 00000024
/* 0074C 80C03C7C 4612203E */  c.le.s  $f4, $f18                  
/* 00750 80C03C80 00000000 */  nop
/* 00754 80C03C84 4502000C */  bc1fl   .L80C03CB8                 
/* 00758 80C03C88 86080032 */  lh      $t0, 0x0032($s0)           ## 00000032
/* 0075C 80C03C8C 0C03FE98 */  jal     func_800FFA60              
/* 00760 80C03C90 26050294 */  addiu   $a1, $s0, 0x0294           ## $a1 = 00000294
/* 00764 80C03C94 A60202A4 */  sh      $v0, 0x02A4($s0)           ## 000002A4
/* 00768 80C03C98 860502A4 */  lh      $a1, 0x02A4($s0)           ## 000002A4
/* 0076C 80C03C9C 24190014 */  addiu   $t9, $zero, 0x0014         ## $t9 = 00000014
/* 00770 80C03CA0 AFB90010 */  sw      $t9, 0x0010($sp)           
/* 00774 80C03CA4 26040032 */  addiu   $a0, $s0, 0x0032           ## $a0 = 00000032
/* 00778 80C03CA8 2406000A */  addiu   $a2, $zero, 0x000A         ## $a2 = 0000000A
/* 0077C 80C03CAC 0C03FFAF */  jal     func_800FFEBC              
/* 00780 80C03CB0 240707D0 */  addiu   $a3, $zero, 0x07D0         ## $a3 = 000007D0
/* 00784 80C03CB4 86080032 */  lh      $t0, 0x0032($s0)           ## 00000032
.L80C03CB8:
/* 00788 80C03CB8 860902A4 */  lh      $t1, 0x02A4($s0)           ## 000002A4
/* 0078C 80C03CBC 27A40054 */  addiu   $a0, $sp, 0x0054           ## $a0 = FFFFFFD4
/* 00790 80C03CC0 26050024 */  addiu   $a1, $s0, 0x0024           ## $a1 = 00000024
/* 00794 80C03CC4 01091823 */  subu    $v1, $t0, $t1              
/* 00798 80C03CC8 00031C00 */  sll     $v1, $v1, 16               
/* 0079C 80C03CCC 00031C03 */  sra     $v1, $v1, 16               
/* 007A0 80C03CD0 04610003 */  bgez    $v1, .L80C03CE0            
/* 007A4 80C03CD4 00601025 */  or      $v0, $v1, $zero            ## $v0 = 00000000
/* 007A8 80C03CD8 10000001 */  beq     $zero, $zero, .L80C03CE0   
/* 007AC 80C03CDC 00031023 */  subu    $v0, $zero, $v1            
.L80C03CE0:
/* 007B0 80C03CE0 00025400 */  sll     $t2, $v0, 16               
/* 007B4 80C03CE4 000A5C03 */  sra     $t3, $t2, 16               
/* 007B8 80C03CE8 29610100 */  slti    $at, $t3, 0x0100           
/* 007BC 80C03CEC 5020003B */  beql    $at, $zero, .L80C03DDC     
/* 007C0 80C03CF0 861802AA */  lh      $t8, 0x02AA($s0)           ## 000002AA
/* 007C4 80C03CF4 0C03FD43 */  jal     func_800FF50C              
/* 007C8 80C03CF8 AFA50038 */  sw      $a1, 0x0038($sp)           
/* 007CC 80C03CFC 0C03FB61 */  jal     func_800FED84              
/* 007D0 80C03D00 86040032 */  lh      $a0, 0x0032($s0)           ## 00000032
/* 007D4 80C03D04 3C014270 */  lui     $at, 0x4270                ## $at = 42700000
/* 007D8 80C03D08 44814000 */  mtc1    $at, $f8                   ## $f8 = 60.00
/* 007DC 80C03D0C C7A60054 */  lwc1    $f6, 0x0054($sp)           
/* 007E0 80C03D10 46080282 */  mul.s   $f10, $f0, $f8             
/* 007E4 80C03D14 460A3400 */  add.s   $f16, $f6, $f10            
/* 007E8 80C03D18 E7B00054 */  swc1    $f16, 0x0054($sp)          
/* 007EC 80C03D1C 0C03FB51 */  jal     func_800FED44              
/* 007F0 80C03D20 86040032 */  lh      $a0, 0x0032($s0)           ## 00000032
/* 007F4 80C03D24 3C014270 */  lui     $at, 0x4270                ## $at = 42700000
/* 007F8 80C03D28 44812000 */  mtc1    $at, $f4                   ## $f4 = 60.00
/* 007FC 80C03D2C C7B2005C */  lwc1    $f18, 0x005C($sp)          
/* 00800 80C03D30 8FA40084 */  lw      $a0, 0x0084($sp)           
/* 00804 80C03D34 46040202 */  mul.s   $f8, $f0, $f4              
/* 00808 80C03D38 27AC007C */  addiu   $t4, $sp, 0x007C           ## $t4 = FFFFFFFC
/* 0080C 80C03D3C 240D0001 */  addiu   $t5, $zero, 0x0001         ## $t5 = 00000001
/* 00810 80C03D40 240E0001 */  addiu   $t6, $zero, 0x0001         ## $t6 = 00000001
/* 00814 80C03D44 27AF0048 */  addiu   $t7, $sp, 0x0048           ## $t7 = FFFFFFC8
/* 00818 80C03D48 AFAF0024 */  sw      $t7, 0x0024($sp)           
/* 0081C 80C03D4C AFAE0020 */  sw      $t6, 0x0020($sp)           
/* 00820 80C03D50 46089180 */  add.s   $f6, $f18, $f8             
/* 00824 80C03D54 AFAD0014 */  sw      $t5, 0x0014($sp)           
/* 00828 80C03D58 AFAC0010 */  sw      $t4, 0x0010($sp)           
/* 0082C 80C03D5C 8FA50038 */  lw      $a1, 0x0038($sp)           
/* 00830 80C03D60 E7A6005C */  swc1    $f6, 0x005C($sp)           
/* 00834 80C03D64 27A60054 */  addiu   $a2, $sp, 0x0054           ## $a2 = FFFFFFD4
/* 00838 80C03D68 27A7006C */  addiu   $a3, $sp, 0x006C           ## $a3 = FFFFFFEC
/* 0083C 80C03D6C AFA00018 */  sw      $zero, 0x0018($sp)         
/* 00840 80C03D70 AFA0001C */  sw      $zero, 0x001C($sp)         
/* 00844 80C03D74 0C031571 */  jal     func_800C55C4              
/* 00848 80C03D78 24840830 */  addiu   $a0, $a0, 0x0830           ## $a0 = 00000830
/* 0084C 80C03D7C 50400017 */  beql    $v0, $zero, .L80C03DDC     
/* 00850 80C03D80 861802AA */  lh      $t8, 0x02AA($s0)           ## 000002AA
/* 00854 80C03D84 0C021BF7 */  jal     func_80086FDC              
/* 00858 80C03D88 A60002A8 */  sh      $zero, 0x02A8($s0)         ## 000002A8
/* 0085C 80C03D8C 3C013F00 */  lui     $at, 0x3F00                ## $at = 3F000000
/* 00860 80C03D90 44815000 */  mtc1    $at, $f10                  ## $f10 = 0.50
/* 00864 80C03D94 3C063F80 */  lui     $a2, 0x3F80                ## $a2 = 3F800000
/* 00868 80C03D98 02002025 */  or      $a0, $s0, $zero            ## $a0 = 00000000
/* 0086C 80C03D9C 460A003C */  c.lt.s  $f0, $f10                  
/* 00870 80C03DA0 00002825 */  or      $a1, $zero, $zero          ## $a1 = 00000000
/* 00874 80C03DA4 45000006 */  bc1f    .L80C03DC0                 
/* 00878 80C03DA8 00000000 */  nop
/* 0087C 80C03DAC 02002025 */  or      $a0, $s0, $zero            ## $a0 = 00000000
/* 00880 80C03DB0 0C300E09 */  jal     func_80C03824              
/* 00884 80C03DB4 24050010 */  addiu   $a1, $zero, 0x0010         ## $a1 = 00000010
/* 00888 80C03DB8 10000004 */  beq     $zero, $zero, .L80C03DCC   
/* 0088C 80C03DBC 44808000 */  mtc1    $zero, $f16                ## $f16 = 0.00
.L80C03DC0:
/* 00890 80C03DC0 0C300E09 */  jal     func_80C03824              
/* 00894 80C03DC4 3C063F80 */  lui     $a2, 0x3F80                ## $a2 = 3F800000
/* 00898 80C03DC8 44808000 */  mtc1    $zero, $f16                ## $f16 = 0.00
.L80C03DCC:
/* 0089C 80C03DCC A60002A0 */  sh      $zero, 0x02A0($s0)         ## 000002A0
/* 008A0 80C03DD0 1000003E */  beq     $zero, $zero, .L80C03ECC   
/* 008A4 80C03DD4 E61002B4 */  swc1    $f16, 0x02B4($s0)          ## 000002B4
/* 008A8 80C03DD8 861802AA */  lh      $t8, 0x02AA($s0)           ## 000002AA
.L80C03DDC:
/* 008AC 80C03DDC C60C0294 */  lwc1    $f12, 0x0294($s0)          ## 00000294
/* 008B0 80C03DE0 C6040024 */  lwc1    $f4, 0x0024($s0)           ## 00000024
/* 008B4 80C03DE4 C612029C */  lwc1    $f18, 0x029C($s0)          ## 0000029C
/* 008B8 80C03DE8 C608002C */  lwc1    $f8, 0x002C($s0)           ## 0000002C
/* 008BC 80C03DEC 46046081 */  sub.s   $f2, $f12, $f4             
/* 008C0 80C03DF0 1300000B */  beq     $t8, $zero, .L80C03E20     
/* 008C4 80C03DF4 46089381 */  sub.s   $f14, $f18, $f8            
/* 008C8 80C03DF8 46021182 */  mul.s   $f6, $f2, $f2              
/* 008CC 80C03DFC 3C014080 */  lui     $at, 0x4080                ## $at = 40800000
/* 008D0 80C03E00 44818000 */  mtc1    $at, $f16                  ## $f16 = 4.00
/* 008D4 80C03E04 460E7282 */  mul.s   $f10, $f14, $f14           
/* 008D8 80C03E08 C7B20078 */  lwc1    $f18, 0x0078($sp)          
/* 008DC 80C03E0C 460A3000 */  add.s   $f0, $f6, $f10             
/* 008E0 80C03E10 46000004 */  sqrt.s  $f0, $f0                   
/* 008E4 80C03E14 4610003C */  c.lt.s  $f0, $f16                  
/* 008E8 80C03E18 00000000 */  nop
/* 008EC 80C03E1C 45000015 */  bc1f    .L80C03E74                 
.L80C03E20:
/* 008F0 80C03E20 24040014 */  addiu   $a0, $zero, 0x0014         ## $a0 = 00000014
/* 008F4 80C03E24 0C03FD14 */  jal     func_800FF450              
/* 008F8 80C03E28 24050014 */  addiu   $a1, $zero, 0x0014         ## $a1 = 00000014
/* 008FC 80C03E2C A60202A8 */  sh      $v0, 0x02A8($s0)           ## 000002A8
/* 00900 80C03E30 861902A8 */  lh      $t9, 0x02A8($s0)           ## 000002A8
/* 00904 80C03E34 3C063F80 */  lui     $a2, 0x3F80                ## $a2 = 3F800000
/* 00908 80C03E38 02002025 */  or      $a0, $s0, $zero            ## $a0 = 00000000
/* 0090C 80C03E3C 33280001 */  andi    $t0, $t9, 0x0001           ## $t0 = 00000000
/* 00910 80C03E40 15000006 */  bne     $t0, $zero, .L80C03E5C     
/* 00914 80C03E44 00002825 */  or      $a1, $zero, $zero          ## $a1 = 00000000
/* 00918 80C03E48 02002025 */  or      $a0, $s0, $zero            ## $a0 = 00000000
/* 0091C 80C03E4C 0C300E09 */  jal     func_80C03824              
/* 00920 80C03E50 24050010 */  addiu   $a1, $zero, 0x0010         ## $a1 = 00000010
/* 00924 80C03E54 10000004 */  beq     $zero, $zero, .L80C03E68   
/* 00928 80C03E58 44802000 */  mtc1    $zero, $f4                 ## $f4 = 0.00
.L80C03E5C:
/* 0092C 80C03E5C 0C300E09 */  jal     func_80C03824              
/* 00930 80C03E60 3C063F80 */  lui     $a2, 0x3F80                ## $a2 = 3F800000
/* 00934 80C03E64 44802000 */  mtc1    $zero, $f4                 ## $f4 = 0.00
.L80C03E68:
/* 00938 80C03E68 A60002A0 */  sh      $zero, 0x02A0($s0)         ## 000002A0
/* 0093C 80C03E6C 10000017 */  beq     $zero, $zero, .L80C03ECC   
/* 00940 80C03E70 E60402B4 */  swc1    $f4, 0x02B4($s0)           ## 000002B4
.L80C03E74:
/* 00944 80C03E74 44804000 */  mtc1    $zero, $f8                 ## $f8 = 0.00
/* 00948 80C03E78 3C063E99 */  lui     $a2, 0x3E99                ## $a2 = 3E990000
/* 0094C 80C03E7C 34C6999A */  ori     $a2, $a2, 0x999A           ## $a2 = 3E99999A
/* 00950 80C03E80 4612403E */  c.le.s  $f8, $f18                  
/* 00954 80C03E84 26040024 */  addiu   $a0, $s0, 0x0024           ## $a0 = 00000024
/* 00958 80C03E88 45020011 */  bc1fl   .L80C03ED0                 
/* 0095C 80C03E8C 8FA40084 */  lw      $a0, 0x0084($sp)           
/* 00960 80C03E90 44056000 */  mfc1    $a1, $f12                  
/* 00964 80C03E94 0C03FF7E */  jal     func_800FFDF8              
/* 00968 80C03E98 8E0702B4 */  lw      $a3, 0x02B4($s0)           ## 000002B4
/* 0096C 80C03E9C 3C063E99 */  lui     $a2, 0x3E99                ## $a2 = 3E990000
/* 00970 80C03EA0 34C6999A */  ori     $a2, $a2, 0x999A           ## $a2 = 3E99999A
/* 00974 80C03EA4 2604002C */  addiu   $a0, $s0, 0x002C           ## $a0 = 0000002C
/* 00978 80C03EA8 8E05029C */  lw      $a1, 0x029C($s0)           ## 0000029C
/* 0097C 80C03EAC 0C03FF7E */  jal     func_800FFDF8              
/* 00980 80C03EB0 8E0702B4 */  lw      $a3, 0x02B4($s0)           ## 000002B4
/* 00984 80C03EB4 3C063E99 */  lui     $a2, 0x3E99                ## $a2 = 3E990000
/* 00988 80C03EB8 34C6999A */  ori     $a2, $a2, 0x999A           ## $a2 = 3E99999A
/* 0098C 80C03EBC 260402B4 */  addiu   $a0, $s0, 0x02B4           ## $a0 = 000002B4
/* 00990 80C03EC0 3C053F80 */  lui     $a1, 0x3F80                ## $a1 = 3F800000
/* 00994 80C03EC4 0C03FF7E */  jal     func_800FFDF8              
/* 00998 80C03EC8 3C073F00 */  lui     $a3, 0x3F00                ## $a3 = 3F000000
.L80C03ECC:
/* 0099C 80C03ECC 8FA40084 */  lw      $a0, 0x0084($sp)           
.L80C03ED0:
/* 009A0 80C03ED0 0C03C494 */  jal     func_800F1250              
/* 009A4 80C03ED4 24050012 */  addiu   $a1, $zero, 0x0012         ## $a1 = 00000012
/* 009A8 80C03ED8 14400006 */  bne     $v0, $zero, .L80C03EF4     
/* 009AC 80C03EDC 24090005 */  addiu   $t1, $zero, 0x0005         ## $t1 = 00000005
/* 009B0 80C03EE0 02002025 */  or      $a0, $s0, $zero            ## $a0 = 00000000
/* 009B4 80C03EE4 0C300E6A */  jal     func_80C039A8              
/* 009B8 80C03EE8 8FA50084 */  lw      $a1, 0x0084($sp)           
/* 009BC 80C03EEC 10000007 */  beq     $zero, $zero, .L80C03F0C   
/* 009C0 80C03EF0 02002025 */  or      $a0, $s0, $zero            ## $a0 = 00000000
.L80C03EF4:
/* 009C4 80C03EF4 A60902A6 */  sh      $t1, 0x02A6($s0)           ## 000002A6
/* 009C8 80C03EF8 8FA40084 */  lw      $a0, 0x0084($sp)           
/* 009CC 80C03EFC 0C03C494 */  jal     func_800F1250              
/* 009D0 80C03F00 24050012 */  addiu   $a1, $zero, 0x0012         ## $a1 = 00000012
/* 009D4 80C03F04 A6020116 */  sh      $v0, 0x0116($s0)           ## 00000116
/* 009D8 80C03F08 02002025 */  or      $a0, $s0, $zero            ## $a0 = 00000000
.L80C03F0C:
/* 009DC 80C03F0C 0C02E134 */  jal     func_800B84D0              
/* 009E0 80C03F10 8FA50084 */  lw      $a1, 0x0084($sp)           
/* 009E4 80C03F14 1040000B */  beq     $v0, $zero, .L80C03F44     
/* 009E8 80C03F18 02002025 */  or      $a0, $s0, $zero            ## $a0 = 00000000
/* 009EC 80C03F1C 860A0092 */  lh      $t2, 0x0092($s0)           ## 00000092
/* 009F0 80C03F20 240B0014 */  addiu   $t3, $zero, 0x0014         ## $t3 = 00000014
/* 009F4 80C03F24 240C003C */  addiu   $t4, $zero, 0x003C         ## $t4 = 0000003C
/* 009F8 80C03F28 A60B0308 */  sh      $t3, 0x0308($s0)           ## 00000308
/* 009FC 80C03F2C A60C030A */  sh      $t4, 0x030A($s0)           ## 0000030A
/* 00A00 80C03F30 02002025 */  or      $a0, $s0, $zero            ## $a0 = 00000000
/* 00A04 80C03F34 0C300FD9 */  jal     func_80C03F64              
/* 00A08 80C03F38 A60A02A4 */  sh      $t2, 0x02A4($s0)           ## 000002A4
/* 00A0C 80C03F3C 10000005 */  beq     $zero, $zero, .L80C03F54   
/* 00A10 80C03F40 8FBF0034 */  lw      $ra, 0x0034($sp)           
.L80C03F44:
/* 00A14 80C03F44 8FA50084 */  lw      $a1, 0x0084($sp)           
/* 00A18 80C03F48 0C02E185 */  jal     func_800B8614              
/* 00A1C 80C03F4C 3C06428C */  lui     $a2, 0x428C                ## $a2 = 428C0000
/* 00A20 80C03F50 8FBF0034 */  lw      $ra, 0x0034($sp)           
.L80C03F54:
/* 00A24 80C03F54 8FB00030 */  lw      $s0, 0x0030($sp)           
/* 00A28 80C03F58 27BD0080 */  addiu   $sp, $sp, 0x0080           ## $sp = 00000000
/* 00A2C 80C03F5C 03E00008 */  jr      $ra                        
/* 00A30 80C03F60 00000000 */  nop


glabel func_80C03F64
/* 00A34 80C03F64 27BDFFE8 */  addiu   $sp, $sp, 0xFFE8           ## $sp = FFFFFFE8
/* 00A38 80C03F68 AFBF0014 */  sw      $ra, 0x0014($sp)           
/* 00A3C 80C03F6C 848E0092 */  lh      $t6, 0x0092($a0)           ## 00000092
/* 00A40 80C03F70 24050001 */  addiu   $a1, $zero, 0x0001         ## $a1 = 00000001
/* 00A44 80C03F74 3C063F80 */  lui     $a2, 0x3F80                ## $a2 = 3F800000
/* 00A48 80C03F78 A48E02A4 */  sh      $t6, 0x02A4($a0)           ## 000002A4
/* 00A4C 80C03F7C 0C300E09 */  jal     func_80C03824              
/* 00A50 80C03F80 AFA40018 */  sw      $a0, 0x0018($sp)           
/* 00A54 80C03F84 8FA40018 */  lw      $a0, 0x0018($sp)           
/* 00A58 80C03F88 3C1880C0 */  lui     $t8, %hi(func_80C03FAC)    ## $t8 = 80C00000
/* 00A5C 80C03F8C 240F0001 */  addiu   $t7, $zero, 0x0001         ## $t7 = 00000001
/* 00A60 80C03F90 27183FAC */  addiu   $t8, $t8, %lo(func_80C03FAC) ## $t8 = 80C03FAC
/* 00A64 80C03F94 A48F02C0 */  sh      $t7, 0x02C0($a0)           ## 000002C0
/* 00A68 80C03F98 AC980284 */  sw      $t8, 0x0284($a0)           ## 00000284
/* 00A6C 80C03F9C 8FBF0014 */  lw      $ra, 0x0014($sp)           
/* 00A70 80C03FA0 27BD0018 */  addiu   $sp, $sp, 0x0018           ## $sp = 00000000
/* 00A74 80C03FA4 03E00008 */  jr      $ra                        
/* 00A78 80C03FA8 00000000 */  nop


glabel func_80C03FAC
/* 00A7C 80C03FAC 27BDFFD0 */  addiu   $sp, $sp, 0xFFD0           ## $sp = FFFFFFD0
/* 00A80 80C03FB0 AFB00020 */  sw      $s0, 0x0020($sp)           
/* 00A84 80C03FB4 00808025 */  or      $s0, $a0, $zero            ## $s0 = 00000000
/* 00A88 80C03FB8 AFBF0024 */  sw      $ra, 0x0024($sp)           
/* 00A8C 80C03FBC AFA50034 */  sw      $a1, 0x0034($sp)           
/* 00A90 80C03FC0 8FAE0034 */  lw      $t6, 0x0034($sp)           
/* 00A94 80C03FC4 26040032 */  addiu   $a0, $s0, 0x0032           ## $a0 = 00000032
/* 00A98 80C03FC8 24060001 */  addiu   $a2, $zero, 0x0001         ## $a2 = 00000001
/* 00A9C 80C03FCC 8DCF1CCC */  lw      $t7, 0x1CCC($t6)           ## 00001CCC
/* 00AA0 80C03FD0 24071388 */  addiu   $a3, $zero, 0x1388         ## $a3 = 00001388
/* 00AA4 80C03FD4 AFAF002C */  sw      $t7, 0x002C($sp)           
/* 00AA8 80C03FD8 860502A4 */  lh      $a1, 0x02A4($s0)           ## 000002A4
/* 00AAC 80C03FDC 0C03FFAF */  jal     func_800FFEBC              
/* 00AB0 80C03FE0 AFA00010 */  sw      $zero, 0x0010($sp)         
/* 00AB4 80C03FE4 8FB8002C */  lw      $t8, 0x002C($sp)           
/* 00AB8 80C03FE8 24010001 */  addiu   $at, $zero, 0x0001         ## $at = 00000001
/* 00ABC 80C03FEC 2408E890 */  addiu   $t0, $zero, 0xE890         ## $t0 = FFFFE890
/* 00AC0 80C03FF0 9303014B */  lbu     $v1, 0x014B($t8)           ## 0000014B
/* 00AC4 80C03FF4 10610007 */  beq     $v1, $at, .L80C04014       
/* 00AC8 80C03FF8 24010002 */  addiu   $at, $zero, 0x0002         ## $at = 00000002
/* 00ACC 80C03FFC 10610005 */  beq     $v1, $at, .L80C04014       
/* 00AD0 80C04000 24010004 */  addiu   $at, $zero, 0x0004         ## $at = 00000004
/* 00AD4 80C04004 14610004 */  bne     $v1, $at, .L80C04018       
/* 00AD8 80C04008 2419F060 */  addiu   $t9, $zero, 0xF060         ## $t9 = FFFFF060
/* 00ADC 80C0400C 10000002 */  beq     $zero, $zero, .L80C04018   
/* 00AE0 80C04010 A619028E */  sh      $t9, 0x028E($s0)           ## 0000028E
.L80C04014:
/* 00AE4 80C04014 A608028E */  sh      $t0, 0x028E($s0)           ## 0000028E
.L80C04018:
/* 00AE8 80C04018 8FA40034 */  lw      $a0, 0x0034($sp)           
/* 00AEC 80C0401C 0C054926 */  jal     func_80152498              
/* 00AF0 80C04020 24844908 */  addiu   $a0, $a0, 0x4908           ## $a0 = 00004908
/* 00AF4 80C04024 860902A6 */  lh      $t1, 0x02A6($s0)           ## 000002A6
/* 00AF8 80C04028 552200AF */  bnel    $t1, $v0, .L80C042E8       
/* 00AFC 80C0402C 8FBF0024 */  lw      $ra, 0x0024($sp)           
/* 00B00 80C04030 0C051D89 */  jal     func_80147624              
/* 00B04 80C04034 8FA40034 */  lw      $a0, 0x0034($sp)           
/* 00B08 80C04038 104000AA */  beq     $v0, $zero, .L80C042E4     
/* 00B0C 80C0403C 8FA40034 */  lw      $a0, 0x0034($sp)           
/* 00B10 80C04040 0C051DED */  jal     func_801477B4              
/* 00B14 80C04044 A7A0002A */  sh      $zero, 0x002A($sp)         
/* 00B18 80C04048 96020116 */  lhu     $v0, 0x0116($s0)           ## 00000116
/* 00B1C 80C0404C 87A5002A */  lh      $a1, 0x002A($sp)           
/* 00B20 80C04050 240A0005 */  addiu   $t2, $zero, 0x0005         ## $t2 = 00000005
/* 00B24 80C04054 2401073D */  addiu   $at, $zero, 0x073D         ## $at = 0000073D
/* 00B28 80C04058 10410005 */  beq     $v0, $at, .L80C04070       
/* 00B2C 80C0405C A60A02A6 */  sh      $t2, 0x02A6($s0)           ## 000002A6
/* 00B30 80C04060 2401073E */  addiu   $at, $zero, 0x073E         ## $at = 0000073E
/* 00B34 80C04064 10410002 */  beq     $v0, $at, .L80C04070       
/* 00B38 80C04068 2401073F */  addiu   $at, $zero, 0x073F         ## $at = 0000073F
/* 00B3C 80C0406C 14410006 */  bne     $v0, $at, .L80C04088       
.L80C04070:
/* 00B40 80C04070 240B0740 */  addiu   $t3, $zero, 0x0740         ## $t3 = 00000740
/* 00B44 80C04074 240C0004 */  addiu   $t4, $zero, 0x0004         ## $t4 = 00000004
/* 00B48 80C04078 A60B0116 */  sh      $t3, 0x0116($s0)           ## 00000116
/* 00B4C 80C0407C A60C02A6 */  sh      $t4, 0x02A6($s0)           ## 000002A6
/* 00B50 80C04080 1000008B */  beq     $zero, $zero, .L80C042B0   
/* 00B54 80C04084 24050001 */  addiu   $a1, $zero, 0x0001         ## $a1 = 00000001
.L80C04088:
/* 00B58 80C04088 24010740 */  addiu   $at, $zero, 0x0740         ## $at = 00000740
/* 00B5C 80C0408C 14410012 */  bne     $v0, $at, .L80C040D8       
/* 00B60 80C04090 8FAD0034 */  lw      $t5, 0x0034($sp)           
/* 00B64 80C04094 3C0E0001 */  lui     $t6, 0x0001                ## $t6 = 00010000
/* 00B68 80C04098 01CD7021 */  addu    $t6, $t6, $t5              
/* 00B6C 80C0409C 91CE6929 */  lbu     $t6, 0x6929($t6)           ## 00016929
/* 00B70 80C040A0 15C00007 */  bne     $t6, $zero, .L80C040C0     
/* 00B74 80C040A4 00000000 */  nop
/* 00B78 80C040A8 0C067C82 */  jal     func_8019F208              
/* 00B7C 80C040AC 00000000 */  nop
/* 00B80 80C040B0 240F0742 */  addiu   $t7, $zero, 0x0742         ## $t7 = 00000742
/* 00B84 80C040B4 A60F0116 */  sh      $t7, 0x0116($s0)           ## 00000116
/* 00B88 80C040B8 1000007D */  beq     $zero, $zero, .L80C042B0   
/* 00B8C 80C040BC 24050001 */  addiu   $a1, $zero, 0x0001         ## $a1 = 00000001
.L80C040C0:
/* 00B90 80C040C0 0C067C8C */  jal     func_8019F230              
/* 00B94 80C040C4 00000000 */  nop
/* 00B98 80C040C8 24180741 */  addiu   $t8, $zero, 0x0741         ## $t8 = 00000741
/* 00B9C 80C040CC A6180116 */  sh      $t8, 0x0116($s0)           ## 00000116
/* 00BA0 80C040D0 10000077 */  beq     $zero, $zero, .L80C042B0   
/* 00BA4 80C040D4 24050001 */  addiu   $a1, $zero, 0x0001         ## $a1 = 00000001
.L80C040D8:
/* 00BA8 80C040D8 24010742 */  addiu   $at, $zero, 0x0742         ## $at = 00000742
/* 00BAC 80C040DC 14410004 */  bne     $v0, $at, .L80C040F0       
/* 00BB0 80C040E0 24190737 */  addiu   $t9, $zero, 0x0737         ## $t9 = 00000737
/* 00BB4 80C040E4 A6190116 */  sh      $t9, 0x0116($s0)           ## 00000116
/* 00BB8 80C040E8 10000071 */  beq     $zero, $zero, .L80C042B0   
/* 00BBC 80C040EC 24050001 */  addiu   $a1, $zero, 0x0001         ## $a1 = 00000001
.L80C040F0:
/* 00BC0 80C040F0 24010737 */  addiu   $at, $zero, 0x0737         ## $at = 00000737
/* 00BC4 80C040F4 14410004 */  bne     $v0, $at, .L80C04108       
/* 00BC8 80C040F8 24080743 */  addiu   $t0, $zero, 0x0743         ## $t0 = 00000743
/* 00BCC 80C040FC A6080116 */  sh      $t0, 0x0116($s0)           ## 00000116
/* 00BD0 80C04100 1000006B */  beq     $zero, $zero, .L80C042B0   
/* 00BD4 80C04104 24050001 */  addiu   $a1, $zero, 0x0001         ## $a1 = 00000001
.L80C04108:
/* 00BD8 80C04108 2401074B */  addiu   $at, $zero, 0x074B         ## $at = 0000074B
/* 00BDC 80C0410C 14410006 */  bne     $v0, $at, .L80C04128       
/* 00BE0 80C04110 2409074C */  addiu   $t1, $zero, 0x074C         ## $t1 = 0000074C
/* 00BE4 80C04114 240A0004 */  addiu   $t2, $zero, 0x0004         ## $t2 = 00000004
/* 00BE8 80C04118 A6090116 */  sh      $t1, 0x0116($s0)           ## 00000116
/* 00BEC 80C0411C A60A02A6 */  sh      $t2, 0x02A6($s0)           ## 000002A6
/* 00BF0 80C04120 10000063 */  beq     $zero, $zero, .L80C042B0   
/* 00BF4 80C04124 24050001 */  addiu   $a1, $zero, 0x0001         ## $a1 = 00000001
.L80C04128:
/* 00BF8 80C04128 2401074C */  addiu   $at, $zero, 0x074C         ## $at = 0000074C
/* 00BFC 80C0412C 14410017 */  bne     $v0, $at, .L80C0418C       
/* 00C00 80C04130 8FAB0034 */  lw      $t3, 0x0034($sp)           
/* 00C04 80C04134 3C0C0001 */  lui     $t4, 0x0001                ## $t4 = 00010000
/* 00C08 80C04138 018B6021 */  addu    $t4, $t4, $t3              
/* 00C0C 80C0413C 918C6929 */  lbu     $t4, 0x6929($t4)           ## 00016929
/* 00C10 80C04140 24010001 */  addiu   $at, $zero, 0x0001         ## $at = 00000001
/* 00C14 80C04144 15810007 */  bne     $t4, $at, .L80C04164       
/* 00C18 80C04148 00000000 */  nop
/* 00C1C 80C0414C 0C067C8C */  jal     func_8019F230              
/* 00C20 80C04150 00000000 */  nop
/* 00C24 80C04154 240D0737 */  addiu   $t5, $zero, 0x0737         ## $t5 = 00000737
/* 00C28 80C04158 A60D0116 */  sh      $t5, 0x0116($s0)           ## 00000116
/* 00C2C 80C0415C 10000054 */  beq     $zero, $zero, .L80C042B0   
/* 00C30 80C04160 24050001 */  addiu   $a1, $zero, 0x0001         ## $a1 = 00000001
.L80C04164:
/* 00C34 80C04164 0C067C82 */  jal     func_8019F208              
/* 00C38 80C04168 00000000 */  nop
/* 00C3C 80C0416C 240E074D */  addiu   $t6, $zero, 0x074D         ## $t6 = 0000074D
/* 00C40 80C04170 A60E0116 */  sh      $t6, 0x0116($s0)           ## 00000116
/* 00C44 80C04174 02002025 */  or      $a0, $s0, $zero            ## $a0 = 00000000
/* 00C48 80C04178 2405000E */  addiu   $a1, $zero, 0x000E         ## $a1 = 0000000E
/* 00C4C 80C0417C 0C300E09 */  jal     func_80C03824              
/* 00C50 80C04180 3C063F80 */  lui     $a2, 0x3F80                ## $a2 = 3F800000
/* 00C54 80C04184 1000004A */  beq     $zero, $zero, .L80C042B0   
/* 00C58 80C04188 24050001 */  addiu   $a1, $zero, 0x0001         ## $a1 = 00000001
.L80C0418C:
/* 00C5C 80C0418C 24010744 */  addiu   $at, $zero, 0x0744         ## $at = 00000744
/* 00C60 80C04190 1441000F */  bne     $v0, $at, .L80C041D0       
/* 00C64 80C04194 3C03801F */  lui     $v1, 0x801F                ## $v1 = 801F0000
/* 00C68 80C04198 2463F670 */  addiu   $v1, $v1, 0xF670           ## $v1 = 801EF670
/* 00C6C 80C0419C 8C620018 */  lw      $v0, 0x0018($v1)           ## 801EF688
/* 00C70 80C041A0 24010002 */  addiu   $at, $zero, 0x0002         ## $at = 00000002
/* 00C74 80C041A4 24180745 */  addiu   $t8, $zero, 0x0745         ## $t8 = 00000745
/* 00C78 80C041A8 2442FFFF */  addiu   $v0, $v0, 0xFFFF           ## $v0 = FFFFFFFF
/* 00C7C 80C041AC 14410005 */  bne     $v0, $at, .L80C041C4       
/* 00C80 80C041B0 24050001 */  addiu   $a1, $zero, 0x0001         ## $a1 = 00000001
/* 00C84 80C041B4 240F0746 */  addiu   $t7, $zero, 0x0746         ## $t7 = 00000746
/* 00C88 80C041B8 A60F0116 */  sh      $t7, 0x0116($s0)           ## 00000116
/* 00C8C 80C041BC 1000003C */  beq     $zero, $zero, .L80C042B0   
/* 00C90 80C041C0 24050001 */  addiu   $a1, $zero, 0x0001         ## $a1 = 00000001
.L80C041C4:
/* 00C94 80C041C4 A6180116 */  sh      $t8, 0x0116($s0)           ## 00000116
/* 00C98 80C041C8 10000039 */  beq     $zero, $zero, .L80C042B0   
/* 00C9C 80C041CC 00000000 */  nop
.L80C041D0:
/* 00CA0 80C041D0 24010745 */  addiu   $at, $zero, 0x0745         ## $at = 00000745
/* 00CA4 80C041D4 10410004 */  beq     $v0, $at, .L80C041E8       
/* 00CA8 80C041D8 24190747 */  addiu   $t9, $zero, 0x0747         ## $t9 = 00000747
/* 00CAC 80C041DC 24010746 */  addiu   $at, $zero, 0x0746         ## $at = 00000746
/* 00CB0 80C041E0 54410005 */  bnel    $v0, $at, .L80C041F8       
/* 00CB4 80C041E4 24010747 */  addiu   $at, $zero, 0x0747         ## $at = 00000747
.L80C041E8:
/* 00CB8 80C041E8 A6190116 */  sh      $t9, 0x0116($s0)           ## 00000116
/* 00CBC 80C041EC 10000030 */  beq     $zero, $zero, .L80C042B0   
/* 00CC0 80C041F0 24050001 */  addiu   $a1, $zero, 0x0001         ## $a1 = 00000001
/* 00CC4 80C041F4 24010747 */  addiu   $at, $zero, 0x0747         ## $at = 00000747
.L80C041F8:
/* 00CC8 80C041F8 14410004 */  bne     $v0, $at, .L80C0420C       
/* 00CCC 80C041FC 24080748 */  addiu   $t0, $zero, 0x0748         ## $t0 = 00000748
/* 00CD0 80C04200 A6080116 */  sh      $t0, 0x0116($s0)           ## 00000116
/* 00CD4 80C04204 1000002A */  beq     $zero, $zero, .L80C042B0   
/* 00CD8 80C04208 24050001 */  addiu   $a1, $zero, 0x0001         ## $a1 = 00000001
.L80C0420C:
/* 00CDC 80C0420C 24010748 */  addiu   $at, $zero, 0x0748         ## $at = 00000748
/* 00CE0 80C04210 14410027 */  bne     $v0, $at, .L80C042B0       
/* 00CE4 80C04214 00000000 */  nop
/* 00CE8 80C04218 860302BE */  lh      $v1, 0x02BE($s0)           ## 000002BE
/* 00CEC 80C0421C 24010001 */  addiu   $at, $zero, 0x0001         ## $at = 00000001
/* 00CF0 80C04220 10610009 */  beq     $v1, $at, .L80C04248       
/* 00CF4 80C04224 24010002 */  addiu   $at, $zero, 0x0002         ## $at = 00000002
/* 00CF8 80C04228 1061000D */  beq     $v1, $at, .L80C04260       
/* 00CFC 80C0422C 24010003 */  addiu   $at, $zero, 0x0003         ## $at = 00000003
/* 00D00 80C04230 10610011 */  beq     $v1, $at, .L80C04278       
/* 00D04 80C04234 24010004 */  addiu   $at, $zero, 0x0004         ## $at = 00000004
/* 00D08 80C04238 10610015 */  beq     $v1, $at, .L80C04290       
/* 00D0C 80C0423C 3C03801F */  lui     $v1, 0x801F                ## $v1 = 801F0000
/* 00D10 80C04240 10000018 */  beq     $zero, $zero, .L80C042A4   
/* 00D14 80C04244 2463F670 */  addiu   $v1, $v1, 0xF670           ## $v1 = 801EF670
.L80C04248:
/* 00D18 80C04248 3C03801F */  lui     $v1, 0x801F                ## $v1 = 801F0000
/* 00D1C 80C0424C 2463F670 */  addiu   $v1, $v1, 0xF670           ## $v1 = 801EF670
/* 00D20 80C04250 90690F42 */  lbu     $t1, 0x0F42($v1)           ## 801F05B2
/* 00D24 80C04254 352A0001 */  ori     $t2, $t1, 0x0001           ## $t2 = 00000001
/* 00D28 80C04258 10000012 */  beq     $zero, $zero, .L80C042A4   
/* 00D2C 80C0425C A06A0F42 */  sb      $t2, 0x0F42($v1)           ## 801F05B2
.L80C04260:
/* 00D30 80C04260 3C03801F */  lui     $v1, 0x801F                ## $v1 = 801F0000
/* 00D34 80C04264 2463F670 */  addiu   $v1, $v1, 0xF670           ## $v1 = 801EF670
/* 00D38 80C04268 906B0F42 */  lbu     $t3, 0x0F42($v1)           ## 801F05B2
/* 00D3C 80C0426C 356C0002 */  ori     $t4, $t3, 0x0002           ## $t4 = 00000002
/* 00D40 80C04270 1000000C */  beq     $zero, $zero, .L80C042A4   
/* 00D44 80C04274 A06C0F42 */  sb      $t4, 0x0F42($v1)           ## 801F05B2
.L80C04278:
/* 00D48 80C04278 3C03801F */  lui     $v1, 0x801F                ## $v1 = 801F0000
/* 00D4C 80C0427C 2463F670 */  addiu   $v1, $v1, 0xF670           ## $v1 = 801EF670
/* 00D50 80C04280 906D0F42 */  lbu     $t5, 0x0F42($v1)           ## 801F05B2
/* 00D54 80C04284 35AE0004 */  ori     $t6, $t5, 0x0004           ## $t6 = 00000004
/* 00D58 80C04288 10000006 */  beq     $zero, $zero, .L80C042A4   
/* 00D5C 80C0428C A06E0F42 */  sb      $t6, 0x0F42($v1)           ## 801F05B2
.L80C04290:
/* 00D60 80C04290 3C03801F */  lui     $v1, 0x801F                ## $v1 = 801F0000
/* 00D64 80C04294 2463F670 */  addiu   $v1, $v1, 0xF670           ## $v1 = 801EF670
/* 00D68 80C04298 906F0F42 */  lbu     $t7, 0x0F42($v1)           ## 801F05B2
/* 00D6C 80C0429C 35F80008 */  ori     $t8, $t7, 0x0008           ## $t8 = 0000074E
/* 00D70 80C042A0 A0780F42 */  sb      $t8, 0x0F42($v1)           ## 801F05B2
.L80C042A4:
/* 00D74 80C042A4 90790F41 */  lbu     $t9, 0x0F41($v1)           ## 801F05B1
/* 00D78 80C042A8 37280040 */  ori     $t0, $t9, 0x0040           ## $t0 = 00000747
/* 00D7C 80C042AC A0680F41 */  sb      $t0, 0x0F41($v1)           ## 801F05B1
.L80C042B0:
/* 00D80 80C042B0 10A00006 */  beq     $a1, $zero, .L80C042CC     
/* 00D84 80C042B4 02002025 */  or      $a0, $s0, $zero            ## $a0 = 00000000
/* 00D88 80C042B8 24010001 */  addiu   $at, $zero, 0x0001         ## $at = 00000001
/* 00D8C 80C042BC 10A10007 */  beq     $a1, $at, .L80C042DC       
/* 00D90 80C042C0 8FA40034 */  lw      $a0, 0x0034($sp)           
/* 00D94 80C042C4 10000008 */  beq     $zero, $zero, .L80C042E8   
/* 00D98 80C042C8 8FBF0024 */  lw      $ra, 0x0024($sp)           
.L80C042CC:
/* 00D9C 80C042CC 0C300EB3 */  jal     func_80C03ACC              
/* 00DA0 80C042D0 A600028E */  sh      $zero, 0x028E($s0)         ## 0000028E
/* 00DA4 80C042D4 10000004 */  beq     $zero, $zero, .L80C042E8   
/* 00DA8 80C042D8 8FBF0024 */  lw      $ra, 0x0024($sp)           
.L80C042DC:
/* 00DAC 80C042DC 0C05464E */  jal     func_80151938              
/* 00DB0 80C042E0 96050116 */  lhu     $a1, 0x0116($s0)           ## 00000116
.L80C042E4:
/* 00DB4 80C042E4 8FBF0024 */  lw      $ra, 0x0024($sp)           
.L80C042E8:
/* 00DB8 80C042E8 8FB00020 */  lw      $s0, 0x0020($sp)           
/* 00DBC 80C042EC 27BD0030 */  addiu   $sp, $sp, 0x0030           ## $sp = 00000000
/* 00DC0 80C042F0 03E00008 */  jr      $ra                        
/* 00DC4 80C042F4 00000000 */  nop


glabel func_80C042F8
/* 00DC8 80C042F8 27BDFFE8 */  addiu   $sp, $sp, 0xFFE8           ## $sp = FFFFFFE8
/* 00DCC 80C042FC AFBF0014 */  sw      $ra, 0x0014($sp)           
/* 00DD0 80C04300 8C8E02C4 */  lw      $t6, 0x02C4($a0)           ## 000002C4
/* 00DD4 80C04304 24010006 */  addiu   $at, $zero, 0x0006         ## $at = 00000006
/* 00DD8 80C04308 24050006 */  addiu   $a1, $zero, 0x0006         ## $a1 = 00000006
/* 00DDC 80C0430C 11C10004 */  beq     $t6, $at, .L80C04320       
/* 00DE0 80C04310 3C063F80 */  lui     $a2, 0x3F80                ## $a2 = 3F800000
/* 00DE4 80C04314 0C300E09 */  jal     func_80C03824              
/* 00DE8 80C04318 AFA40018 */  sw      $a0, 0x0018($sp)           
/* 00DEC 80C0431C 8FA40018 */  lw      $a0, 0x0018($sp)           
.L80C04320:
/* 00DF0 80C04320 3C0880C0 */  lui     $t0, %hi(func_80C04354)    ## $t0 = 80C00000
/* 00DF4 80C04324 240F072D */  addiu   $t7, $zero, 0x072D         ## $t7 = 0000072D
/* 00DF8 80C04328 24181F40 */  addiu   $t8, $zero, 0x1F40         ## $t8 = 00001F40
/* 00DFC 80C0432C 24190002 */  addiu   $t9, $zero, 0x0002         ## $t9 = 00000002
/* 00E00 80C04330 25084354 */  addiu   $t0, $t0, %lo(func_80C04354) ## $t0 = 80C04354
/* 00E04 80C04334 A48F0116 */  sh      $t7, 0x0116($a0)           ## 00000116
/* 00E08 80C04338 A498028E */  sh      $t8, 0x028E($a0)           ## 0000028E
/* 00E0C 80C0433C A49902C0 */  sh      $t9, 0x02C0($a0)           ## 000002C0
/* 00E10 80C04340 AC880284 */  sw      $t0, 0x0284($a0)           ## 00000284
/* 00E14 80C04344 8FBF0014 */  lw      $ra, 0x0014($sp)           
/* 00E18 80C04348 27BD0018 */  addiu   $sp, $sp, 0x0018           ## $sp = 00000000
/* 00E1C 80C0434C 03E00008 */  jr      $ra                        
/* 00E20 80C04350 00000000 */  nop


glabel func_80C04354
/* 00E24 80C04354 27BDFFD8 */  addiu   $sp, $sp, 0xFFD8           ## $sp = FFFFFFD8
/* 00E28 80C04358 AFB00020 */  sw      $s0, 0x0020($sp)           
/* 00E2C 80C0435C 00808025 */  or      $s0, $a0, $zero            ## $s0 = 00000000
/* 00E30 80C04360 AFBF0024 */  sw      $ra, 0x0024($sp)           
/* 00E34 80C04364 AFA5002C */  sw      $a1, 0x002C($sp)           
/* 00E38 80C04368 8605028E */  lh      $a1, 0x028E($s0)           ## 0000028E
/* 00E3C 80C0436C AFA00010 */  sw      $zero, 0x0010($sp)         
/* 00E40 80C04370 26040288 */  addiu   $a0, $s0, 0x0288           ## $a0 = 00000288
/* 00E44 80C04374 24060001 */  addiu   $a2, $zero, 0x0001         ## $a2 = 00000001
/* 00E48 80C04378 0C03FFAF */  jal     func_800FFEBC              
/* 00E4C 80C0437C 240703E8 */  addiu   $a3, $zero, 0x03E8         ## $a3 = 000003E8
/* 00E50 80C04380 02002025 */  or      $a0, $s0, $zero            ## $a0 = 00000000
/* 00E54 80C04384 0C02E134 */  jal     func_800B84D0              
/* 00E58 80C04388 8FA5002C */  lw      $a1, 0x002C($sp)           
/* 00E5C 80C0438C 10400006 */  beq     $v0, $zero, .L80C043A8     
/* 00E60 80C04390 02002025 */  or      $a0, $s0, $zero            ## $a0 = 00000000
/* 00E64 80C04394 3C0E80C0 */  lui     $t6, %hi(func_80C043C8)    ## $t6 = 80C00000
/* 00E68 80C04398 25CE43C8 */  addiu   $t6, $t6, %lo(func_80C043C8) ## $t6 = 80C043C8
/* 00E6C 80C0439C A600028E */  sh      $zero, 0x028E($s0)         ## 0000028E
/* 00E70 80C043A0 10000004 */  beq     $zero, $zero, .L80C043B4   
/* 00E74 80C043A4 AE0E0284 */  sw      $t6, 0x0284($s0)           ## 00000284
.L80C043A8:
/* 00E78 80C043A8 8FA5002C */  lw      $a1, 0x002C($sp)           
/* 00E7C 80C043AC 0C02E185 */  jal     func_800B8614              
/* 00E80 80C043B0 3C06428C */  lui     $a2, 0x428C                ## $a2 = 428C0000
.L80C043B4:
/* 00E84 80C043B4 8FBF0024 */  lw      $ra, 0x0024($sp)           
/* 00E88 80C043B8 8FB00020 */  lw      $s0, 0x0020($sp)           
/* 00E8C 80C043BC 27BD0028 */  addiu   $sp, $sp, 0x0028           ## $sp = 00000000
/* 00E90 80C043C0 03E00008 */  jr      $ra                        
/* 00E94 80C043C4 00000000 */  nop


glabel func_80C043C8
/* 00E98 80C043C8 27BDFFE0 */  addiu   $sp, $sp, 0xFFE0           ## $sp = FFFFFFE0
/* 00E9C 80C043CC AFBF001C */  sw      $ra, 0x001C($sp)           
/* 00EA0 80C043D0 AFA40020 */  sw      $a0, 0x0020($sp)           
/* 00EA4 80C043D4 AFA50024 */  sw      $a1, 0x0024($sp)           
/* 00EA8 80C043D8 8FAE0020 */  lw      $t6, 0x0020($sp)           
/* 00EAC 80C043DC 24060001 */  addiu   $a2, $zero, 0x0001         ## $a2 = 00000001
/* 00EB0 80C043E0 240703E8 */  addiu   $a3, $zero, 0x03E8         ## $a3 = 000003E8
/* 00EB4 80C043E4 85C5028E */  lh      $a1, 0x028E($t6)           ## 0000028E
/* 00EB8 80C043E8 AFA00010 */  sw      $zero, 0x0010($sp)         
/* 00EBC 80C043EC 0C03FFAF */  jal     func_800FFEBC              
/* 00EC0 80C043F0 25C40288 */  addiu   $a0, $t6, 0x0288           ## $a0 = 00000288
/* 00EC4 80C043F4 8FA40024 */  lw      $a0, 0x0024($sp)           
/* 00EC8 80C043F8 0C054926 */  jal     func_80152498              
/* 00ECC 80C043FC 24844908 */  addiu   $a0, $a0, 0x4908           ## $a0 = 00004908
/* 00ED0 80C04400 24010005 */  addiu   $at, $zero, 0x0005         ## $at = 00000005
/* 00ED4 80C04404 5441000A */  bnel    $v0, $at, .L80C04430       
/* 00ED8 80C04408 8FBF001C */  lw      $ra, 0x001C($sp)           
/* 00EDC 80C0440C 0C051D89 */  jal     func_80147624              
/* 00EE0 80C04410 8FA40024 */  lw      $a0, 0x0024($sp)           
/* 00EE4 80C04414 50400006 */  beql    $v0, $zero, .L80C04430     
/* 00EE8 80C04418 8FBF001C */  lw      $ra, 0x001C($sp)           
/* 00EEC 80C0441C 0C051DED */  jal     func_801477B4              
/* 00EF0 80C04420 8FA40024 */  lw      $a0, 0x0024($sp)           
/* 00EF4 80C04424 0C3010BE */  jal     func_80C042F8              
/* 00EF8 80C04428 8FA40020 */  lw      $a0, 0x0020($sp)           
/* 00EFC 80C0442C 8FBF001C */  lw      $ra, 0x001C($sp)           
.L80C04430:
/* 00F00 80C04430 27BD0020 */  addiu   $sp, $sp, 0x0020           ## $sp = 00000000
/* 00F04 80C04434 03E00008 */  jr      $ra                        
/* 00F08 80C04438 00000000 */  nop


glabel func_80C0443C
/* 00F0C 80C0443C 27BDFFC8 */  addiu   $sp, $sp, 0xFFC8           ## $sp = FFFFFFC8
/* 00F10 80C04440 AFB00020 */  sw      $s0, 0x0020($sp)           
/* 00F14 80C04444 00808025 */  or      $s0, $a0, $zero            ## $s0 = 00000000
/* 00F18 80C04448 AFBF0024 */  sw      $ra, 0x0024($sp)           
/* 00F1C 80C0444C AFA5003C */  sw      $a1, 0x003C($sp)           
/* 00F20 80C04450 860202AA */  lh      $v0, 0x02AA($s0)           ## 000002AA
/* 00F24 80C04454 10400002 */  beq     $v0, $zero, .L80C04460     
/* 00F28 80C04458 244EFFFF */  addiu   $t6, $v0, 0xFFFF           ## $t6 = FFFFFFFF
/* 00F2C 80C0445C A60E02AA */  sh      $t6, 0x02AA($s0)           ## 000002AA
.L80C04460:
/* 00F30 80C04460 860202A8 */  lh      $v0, 0x02A8($s0)           ## 000002A8
/* 00F34 80C04464 10400002 */  beq     $v0, $zero, .L80C04470     
/* 00F38 80C04468 244FFFFF */  addiu   $t7, $v0, 0xFFFF           ## $t7 = FFFFFFFF
/* 00F3C 80C0446C A60F02A8 */  sh      $t7, 0x02A8($s0)           ## 000002A8
.L80C04470:
/* 00F40 80C04470 860202AC */  lh      $v0, 0x02AC($s0)           ## 000002AC
/* 00F44 80C04474 10400002 */  beq     $v0, $zero, .L80C04480     
/* 00F48 80C04478 2458FFFF */  addiu   $t8, $v0, 0xFFFF           ## $t8 = FFFFFFFF
/* 00F4C 80C0447C A61802AC */  sh      $t8, 0x02AC($s0)           ## 000002AC
.L80C04480:
/* 00F50 80C04480 0C04DB34 */  jal     func_80136CD0              
/* 00F54 80C04484 26040144 */  addiu   $a0, $s0, 0x0144           ## $a0 = 00000144
/* 00F58 80C04488 86190032 */  lh      $t9, 0x0032($s0)           ## 00000032
/* 00F5C 80C0448C 02002025 */  or      $a0, $s0, $zero            ## $a0 = 00000000
/* 00F60 80C04490 0C300E2D */  jal     func_80C038B4              
/* 00F64 80C04494 A61900BE */  sh      $t9, 0x00BE($s0)           ## 000000BE
/* 00F68 80C04498 02002025 */  or      $a0, $s0, $zero            ## $a0 = 00000000
/* 00F6C 80C0449C 0C02D9D7 */  jal     func_800B675C              
/* 00F70 80C044A0 3C0541A0 */  lui     $a1, 0x41A0                ## $a1 = 41A00000
/* 00F74 80C044A4 8E190284 */  lw      $t9, 0x0284($s0)           ## 00000284
/* 00F78 80C044A8 02002025 */  or      $a0, $s0, $zero            ## $a0 = 00000000
/* 00F7C 80C044AC 8FA5003C */  lw      $a1, 0x003C($sp)           
/* 00F80 80C044B0 0320F809 */  jalr    $ra, $t9                   
/* 00F84 80C044B4 00000000 */  nop
/* 00F88 80C044B8 0C02DAA2 */  jal     func_800B6A88              
/* 00F8C 80C044BC 02002025 */  or      $a0, $s0, $zero            ## $a0 = 00000000
/* 00F90 80C044C0 86050290 */  lh      $a1, 0x0290($s0)           ## 00000290
/* 00F94 80C044C4 AFA00010 */  sw      $zero, 0x0010($sp)         
/* 00F98 80C044C8 2604028A */  addiu   $a0, $s0, 0x028A           ## $a0 = 0000028A
/* 00F9C 80C044CC 24060001 */  addiu   $a2, $zero, 0x0001         ## $a2 = 00000001
/* 00FA0 80C044D0 0C03FFAF */  jal     func_800FFEBC              
/* 00FA4 80C044D4 24071388 */  addiu   $a3, $zero, 0x1388         ## $a3 = 00001388
/* 00FA8 80C044D8 8605028E */  lh      $a1, 0x028E($s0)           ## 0000028E
/* 00FAC 80C044DC AFA00010 */  sw      $zero, 0x0010($sp)         
/* 00FB0 80C044E0 26040288 */  addiu   $a0, $s0, 0x0288           ## $a0 = 00000288
/* 00FB4 80C044E4 24060001 */  addiu   $a2, $zero, 0x0001         ## $a2 = 00000001
/* 00FB8 80C044E8 0C03FFAF */  jal     func_800FFEBC              
/* 00FBC 80C044EC 24071388 */  addiu   $a3, $zero, 0x1388         ## $a3 = 00001388
/* 00FC0 80C044F0 860802BA */  lh      $t0, 0x02BA($s0)           ## 000002BA
/* 00FC4 80C044F4 55000011 */  bnel    $t0, $zero, .L80C0453C     
/* 00FC8 80C044F8 3C0141A0 */  lui     $at, 0x41A0                ## $at = 41A00000
/* 00FCC 80C044FC 860902B8 */  lh      $t1, 0x02B8($s0)           ## 000002B8
/* 00FD0 80C04500 252A0001 */  addiu   $t2, $t1, 0x0001           ## $t2 = 00000001
/* 00FD4 80C04504 A60A02B8 */  sh      $t2, 0x02B8($s0)           ## 000002B8
/* 00FD8 80C04508 860B02B8 */  lh      $t3, 0x02B8($s0)           ## 000002B8
/* 00FDC 80C0450C 29610003 */  slti    $at, $t3, 0x0003           
/* 00FE0 80C04510 14200009 */  bne     $at, $zero, .L80C04538     
/* 00FE4 80C04514 3C014270 */  lui     $at, 0x4270                ## $at = 42700000
/* 00FE8 80C04518 44816000 */  mtc1    $at, $f12                  ## $f12 = 60.00
/* 00FEC 80C0451C 0C05E565 */  jal     func_80179594              
/* 00FF0 80C04520 A60002B8 */  sh      $zero, 0x02B8($s0)         ## 000002B8
/* 00FF4 80C04524 4600010D */  trunc.w.s $f4, $f0                   
/* 00FF8 80C04528 440F2000 */  mfc1    $t7, $f4                   
/* 00FFC 80C0452C 00000000 */  nop
/* 01000 80C04530 25F80014 */  addiu   $t8, $t7, 0x0014           ## $t8 = 00000014
/* 01004 80C04534 A61802BA */  sh      $t8, 0x02BA($s0)           ## 000002BA
.L80C04538:
/* 01008 80C04538 3C0141A0 */  lui     $at, 0x41A0                ## $at = 41A00000
.L80C0453C:
/* 0100C 80C0453C 44810000 */  mtc1    $at, $f0                   ## $f0 = 20.00
/* 01010 80C04540 3C014248 */  lui     $at, 0x4248                ## $at = 42480000
/* 01014 80C04544 44813000 */  mtc1    $at, $f6                   ## $f6 = 50.00
/* 01018 80C04548 2419001D */  addiu   $t9, $zero, 0x001D         ## $t9 = 0000001D
/* 0101C 80C0454C 44060000 */  mfc1    $a2, $f0                   
/* 01020 80C04550 44070000 */  mfc1    $a3, $f0                   
/* 01024 80C04554 AFB90014 */  sw      $t9, 0x0014($sp)           
/* 01028 80C04558 8FA4003C */  lw      $a0, 0x003C($sp)           
/* 0102C 80C0455C 02002825 */  or      $a1, $s0, $zero            ## $a1 = 00000000
/* 01030 80C04560 0C02DE2E */  jal     func_800B78B8              
/* 01034 80C04564 E7A60010 */  swc1    $f6, 0x0010($sp)           
/* 01038 80C04568 3C0143FA */  lui     $at, 0x43FA                ## $at = 43FA0000
/* 0103C 80C0456C 44814000 */  mtc1    $at, $f8                   ## $f8 = 500.00
/* 01040 80C04570 260602C8 */  addiu   $a2, $s0, 0x02C8           ## $a2 = 000002C8
/* 01044 80C04574 00C02825 */  or      $a1, $a2, $zero            ## $a1 = 000002C8
/* 01048 80C04578 E60800FC */  swc1    $f8, 0x00FC($s0)           ## 000000FC
/* 0104C 80C0457C AFA6002C */  sw      $a2, 0x002C($sp)           
/* 01050 80C04580 0C039F7E */  jal     func_800E7DF8              
/* 01054 80C04584 02002025 */  or      $a0, $s0, $zero            ## $a0 = 00000000
/* 01058 80C04588 8FA4003C */  lw      $a0, 0x003C($sp)           
/* 0105C 80C0458C 3C010001 */  lui     $at, 0x0001                ## $at = 00010000
/* 01060 80C04590 34218884 */  ori     $at, $at, 0x8884           ## $at = 00018884
/* 01064 80C04594 8FA6002C */  lw      $a2, 0x002C($sp)           
/* 01068 80C04598 0C038A4A */  jal     func_800E2928              
/* 0106C 80C0459C 00812821 */  addu    $a1, $a0, $at              
/* 01070 80C045A0 8FBF0024 */  lw      $ra, 0x0024($sp)           
/* 01074 80C045A4 8FB00020 */  lw      $s0, 0x0020($sp)           
/* 01078 80C045A8 27BD0038 */  addiu   $sp, $sp, 0x0038           ## $sp = 00000000
/* 0107C 80C045AC 03E00008 */  jr      $ra                        
/* 01080 80C045B0 00000000 */  nop


glabel func_80C045B4
/* 01084 80C045B4 AFA40000 */  sw      $a0, 0x0000($sp)           
/* 01088 80C045B8 AFA7000C */  sw      $a3, 0x000C($sp)           
/* 0108C 80C045BC 2401000F */  addiu   $at, $zero, 0x000F         ## $at = 0000000F
/* 01090 80C045C0 54A10003 */  bnel    $a1, $at, .L80C045D0       
/* 01094 80C045C4 24010011 */  addiu   $at, $zero, 0x0011         ## $at = 00000011
/* 01098 80C045C8 ACC00000 */  sw      $zero, 0x0000($a2)         ## 00000000
/* 0109C 80C045CC 24010011 */  addiu   $at, $zero, 0x0011         ## $at = 00000011
.L80C045D0:
/* 010A0 80C045D0 14A1000A */  bne     $a1, $at, .L80C045FC       
/* 010A4 80C045D4 8FA20014 */  lw      $v0, 0x0014($sp)           
/* 010A8 80C045D8 8FA30010 */  lw      $v1, 0x0010($sp)           
/* 010AC 80C045DC 844F028A */  lh      $t7, 0x028A($v0)           ## 0000028A
/* 010B0 80C045E0 846E0000 */  lh      $t6, 0x0000($v1)           ## 00000000
/* 010B4 80C045E4 84790004 */  lh      $t9, 0x0004($v1)           ## 00000004
/* 010B8 80C045E8 01CFC021 */  addu    $t8, $t6, $t7              
/* 010BC 80C045EC A4780000 */  sh      $t8, 0x0000($v1)           ## 00000000
/* 010C0 80C045F0 84480288 */  lh      $t0, 0x0288($v0)           ## 00000288
/* 010C4 80C045F4 03284821 */  addu    $t1, $t9, $t0              
/* 010C8 80C045F8 A4690004 */  sh      $t1, 0x0004($v1)           ## 00000004
.L80C045FC:
/* 010CC 80C045FC 24010013 */  addiu   $at, $zero, 0x0013         ## $at = 00000013
/* 010D0 80C04600 14A10002 */  bne     $a1, $at, .L80C0460C       
/* 010D4 80C04604 00001025 */  or      $v0, $zero, $zero          ## $v0 = 00000000
/* 010D8 80C04608 ACC00000 */  sw      $zero, 0x0000($a2)         ## 00000000
.L80C0460C:
/* 010DC 80C0460C 03E00008 */  jr      $ra                        
/* 010E0 80C04610 00000000 */  nop


glabel func_80C04614
/* 010E4 80C04614 27BDFFB8 */  addiu   $sp, $sp, 0xFFB8           ## $sp = FFFFFFB8
/* 010E8 80C04618 AFB00024 */  sw      $s0, 0x0024($sp)           
/* 010EC 80C0461C 00808025 */  or      $s0, $a0, $zero            ## $s0 = 00000000
/* 010F0 80C04620 AFBF002C */  sw      $ra, 0x002C($sp)           
/* 010F4 80C04624 AFB10028 */  sw      $s1, 0x0028($sp)           
/* 010F8 80C04628 AFA5004C */  sw      $a1, 0x004C($sp)           
/* 010FC 80C0462C 8FAE004C */  lw      $t6, 0x004C($sp)           
/* 01100 80C04630 8DC40000 */  lw      $a0, 0x0000($t6)           ## 00000000
/* 01104 80C04634 0C04B0A3 */  jal     func_8012C28C              
/* 01108 80C04638 00808825 */  or      $s1, $a0, $zero            ## $s1 = 00000000
/* 0110C 80C0463C 8FAF004C */  lw      $t7, 0x004C($sp)           
/* 01110 80C04640 0C04B0B7 */  jal     func_8012C2DC              
/* 01114 80C04644 8DE40000 */  lw      $a0, 0x0000($t7)           ## 00000000
/* 01118 80C04648 8E2202B0 */  lw      $v0, 0x02B0($s1)           ## 000002B0
/* 0111C 80C0464C 3C19DB06 */  lui     $t9, 0xDB06                ## $t9 = DB060000
/* 01120 80C04650 37390020 */  ori     $t9, $t9, 0x0020           ## $t9 = DB060020
/* 01124 80C04654 24580008 */  addiu   $t8, $v0, 0x0008           ## $t8 = 00000008
/* 01128 80C04658 AE3802B0 */  sw      $t8, 0x02B0($s1)           ## 000002B0
/* 0112C 80C0465C AC590000 */  sw      $t9, 0x0000($v0)           ## 00000000
/* 01130 80C04660 860802B8 */  lh      $t0, 0x02B8($s0)           ## 000002B8
/* 01134 80C04664 3C0480C0 */  lui     $a0, %hi(D_80C0482C)       ## $a0 = 80C00000
/* 01138 80C04668 AFA20038 */  sw      $v0, 0x0038($sp)           
/* 0113C 80C0466C 00084880 */  sll     $t1, $t0,  2               
/* 01140 80C04670 00892021 */  addu    $a0, $a0, $t1              
/* 01144 80C04674 0C040141 */  jal     func_80100504              
/* 01148 80C04678 8C84482C */  lw      $a0, %lo(D_80C0482C)($a0)  
/* 0114C 80C0467C 8FA30038 */  lw      $v1, 0x0038($sp)           
/* 01150 80C04680 AC620004 */  sw      $v0, 0x0004($v1)           ## 00000004
/* 01154 80C04684 8E2202B0 */  lw      $v0, 0x02B0($s1)           ## 000002B0
/* 01158 80C04688 3C0BDB06 */  lui     $t3, 0xDB06                ## $t3 = DB060000
/* 0115C 80C0468C 356B0024 */  ori     $t3, $t3, 0x0024           ## $t3 = DB060024
/* 01160 80C04690 244A0008 */  addiu   $t2, $v0, 0x0008           ## $t2 = 00000008
/* 01164 80C04694 AE2A02B0 */  sw      $t2, 0x02B0($s1)           ## 000002B0
/* 01168 80C04698 AC4B0000 */  sw      $t3, 0x0000($v0)           ## 00000000
/* 0116C 80C0469C 860C02BE */  lh      $t4, 0x02BE($s0)           ## 000002BE
/* 01170 80C046A0 3C0480C0 */  lui     $a0, %hi(D_80C04838)       ## $a0 = 80C00000
/* 01174 80C046A4 AFA20034 */  sw      $v0, 0x0034($sp)           
/* 01178 80C046A8 000C6880 */  sll     $t5, $t4,  2               
/* 0117C 80C046AC 008D2021 */  addu    $a0, $a0, $t5              
/* 01180 80C046B0 0C040141 */  jal     func_80100504              
/* 01184 80C046B4 8C844838 */  lw      $a0, %lo(D_80C04838)($a0)  
/* 01188 80C046B8 8FA30034 */  lw      $v1, 0x0034($sp)           
/* 0118C 80C046BC AC620004 */  sw      $v0, 0x0004($v1)           ## 00000004
/* 01190 80C046C0 8E2202B0 */  lw      $v0, 0x02B0($s1)           ## 000002B0
/* 01194 80C046C4 3C0FDB06 */  lui     $t7, 0xDB06                ## $t7 = DB060000
/* 01198 80C046C8 35EF0028 */  ori     $t7, $t7, 0x0028           ## $t7 = DB060028
/* 0119C 80C046CC 244E0008 */  addiu   $t6, $v0, 0x0008           ## $t6 = 00000008
/* 011A0 80C046D0 AE2E02B0 */  sw      $t6, 0x02B0($s1)           ## 000002B0
/* 011A4 80C046D4 AC4F0000 */  sw      $t7, 0x0000($v0)           ## 00000000
/* 011A8 80C046D8 861802BE */  lh      $t8, 0x02BE($s0)           ## 000002BE
/* 011AC 80C046DC 3C0480C0 */  lui     $a0, %hi(D_80C04818)       ## $a0 = 80C00000
/* 011B0 80C046E0 AFA20030 */  sw      $v0, 0x0030($sp)           
/* 011B4 80C046E4 0018C880 */  sll     $t9, $t8,  2               
/* 011B8 80C046E8 00992021 */  addu    $a0, $a0, $t9              
/* 011BC 80C046EC 0C040141 */  jal     func_80100504              
/* 011C0 80C046F0 8C844818 */  lw      $a0, %lo(D_80C04818)($a0)  
/* 011C4 80C046F4 8FA30030 */  lw      $v1, 0x0030($sp)           
/* 011C8 80C046F8 00002825 */  or      $a1, $zero, $zero          ## $a1 = 00000000
/* 011CC 80C046FC 24060001 */  addiu   $a2, $zero, 0x0001         ## $a2 = 00000001
/* 011D0 80C04700 AC620004 */  sw      $v0, 0x0004($v1)           ## 00000004
/* 011D4 80C04704 0C04C77C */  jal     func_80131DF0              
/* 011D8 80C04708 8FA4004C */  lw      $a0, 0x004C($sp)           
/* 011DC 80C0470C 8E050148 */  lw      $a1, 0x0148($s0)           ## 00000148
/* 011E0 80C04710 8E060164 */  lw      $a2, 0x0164($s0)           ## 00000164
/* 011E4 80C04714 92070146 */  lbu     $a3, 0x0146($s0)           ## 00000146
/* 011E8 80C04718 3C0880C0 */  lui     $t0, %hi(func_80C045B4)    ## $t0 = 80C00000
/* 011EC 80C0471C 250845B4 */  addiu   $t0, $t0, %lo(func_80C045B4) ## $t0 = 80C045B4
/* 011F0 80C04720 AFA80010 */  sw      $t0, 0x0010($sp)           
/* 011F4 80C04724 AFB00018 */  sw      $s0, 0x0018($sp)           
/* 011F8 80C04728 AFA00014 */  sw      $zero, 0x0014($sp)         
/* 011FC 80C0472C 0C04CFCA */  jal     func_80133F28              
/* 01200 80C04730 8FA4004C */  lw      $a0, 0x004C($sp)           
/* 01204 80C04734 8FBF002C */  lw      $ra, 0x002C($sp)           
/* 01208 80C04738 8FB00024 */  lw      $s0, 0x0024($sp)           
/* 0120C 80C0473C 8FB10028 */  lw      $s1, 0x0028($sp)           
/* 01210 80C04740 03E00008 */  jr      $ra                        
/* 01214 80C04744 27BD0048 */  addiu   $sp, $sp, 0x0048           ## $sp = 00000000
/* 01218 80C04748 00000000 */  nop
/* 0121C 80C0474C 00000000 */  nop

.section .data

D_80C04750: .word 0x02800400, 0x00000009, 0x01100000, 0x00000314
.word func_80C03530
.word func_80C037F8
.word func_80C0443C
.word func_80C04614
D_80C04770: .word \
0x0A000009, 0x20010000, 0x00000000, 0x00000000, \
0x00000000, 0xF7CFFFFF, 0x00000000, 0x00000100, \
0x000A001E, 0x00000000, 0x00000000
D_80C0479C: .word \
0x060064B8, 0x060053F4, 0x0601007C, 0x0600349C, \
0x06004960, 0x06005128, 0x06004C1C, 0x06001A1C, \
0x06003EE4, 0x0600478C, 0x0600433C, 0x060060E8, \
0x06001708, 0x06005DC4, 0x060026B0, 0x060036B0, \
0x060031C4
D_80C047E0: .word \
0x00000002, 0x02000000, 0x02000000, 0x02000200, \
0x00000000, 0x00000000
D_80C047F8: .word 0xFA0000FF, 0x840000FF, 0xDF000000, 0x00000000
D_80C04808: .word 0xFA0000FF, 0x005AFFFF, 0xDF000000, 0x00000000
D_80C04818: .word D_80C047F8
.word D_80C04808
.word D_80C04808
.word D_80C04808
.word D_80C04808
D_80C0482C: .word 0x0600C520, 0x0600CD20, 0x0600D520
D_80C04838: .word \
0x0600E620, 0x0600EA20, 0x0600EE20, 0x0600DD20, \
0x0600F220, 0x00000000

.section .rodata



.section .rodata
D_80C04850:
.incbin "baserom/En_Bombers", 0x1320, 0x000000E0
