.include "macro.inc"

# assembler directives
.set noat      # allow manual use of $at
.set noreorder # don't insert nops after branches
.set gp=64     # allow use of 64-bit general purpose registers

.section .text
glabel func_80A612B0
/* 00000 80A612B0 AFA40000 */  sw      $a0, 0x0000($sp)           
/* 00004 80A612B4 AFA50004 */  sw      $a1, 0x0004($sp)           
/* 00008 80A612B8 03E00008 */  jr      $ra                        
/* 0000C 80A612BC 00000000 */  nop


glabel func_80A612C0
/* 00010 80A612C0 3C0180A6 */  lui     $at, %hi(D_80A61790)       ## $at = 80A60000
/* 00014 80A612C4 C4201790 */  lwc1    $f0, %lo(D_80A61790)($at)  
/* 00018 80A612C8 AFA50004 */  sw      $a1, 0x0004($sp)           
/* 0001C 80A612CC 848E001C */  lh      $t6, 0x001C($a0)           ## 0000001C
/* 00020 80A612D0 8C980024 */  lw      $t8, 0x0024($a0)           ## 00000024
/* 00024 80A612D4 E4800058 */  swc1    $f0, 0x0058($a0)           ## 00000058
/* 00028 80A612D8 3C0180A6 */  lui     $at, %hi(D_80A61794)       ## $at = 80A60000
/* 0002C 80A612DC A48E0148 */  sh      $t6, 0x0148($a0)           ## 00000148
/* 00030 80A612E0 C4241794 */  lwc1    $f4, %lo(D_80A61794)($at)  
/* 00034 80A612E4 AC980160 */  sw      $t8, 0x0160($a0)           ## 00000160
/* 00038 80A612E8 8C98002C */  lw      $t8, 0x002C($a0)           ## 0000002C
/* 0003C 80A612EC 8C8F0028 */  lw      $t7, 0x0028($a0)           ## 00000028
/* 00040 80A612F0 E4800060 */  swc1    $f0, 0x0060($a0)           ## 00000060
/* 00044 80A612F4 3C0180A6 */  lui     $at, %hi(D_80A61798)       ## $at = 80A60000
/* 00048 80A612F8 E484005C */  swc1    $f4, 0x005C($a0)           ## 0000005C
/* 0004C 80A612FC AC980168 */  sw      $t8, 0x0168($a0)           ## 00000168
/* 00050 80A61300 AC8F0164 */  sw      $t7, 0x0164($a0)           ## 00000164
/* 00054 80A61304 C4261798 */  lwc1    $f6, %lo(D_80A61798)($at)  
/* 00058 80A61308 3C013F80 */  lui     $at, 0x3F80                ## $at = 3F800000
/* 0005C 80A6130C 44814000 */  mtc1    $at, $f8                   ## $f8 = 1.00
/* 00060 80A61310 3C0880A6 */  lui     $t0, %hi(func_80A61334)    ## $t0 = 80A60000
/* 00064 80A61314 2419003C */  addiu   $t9, $zero, 0x003C         ## $t9 = 0000003C
/* 00068 80A61318 25081334 */  addiu   $t0, $t0, %lo(func_80A61334) ## $t0 = 80A61334
/* 0006C 80A6131C A499014C */  sh      $t9, 0x014C($a0)           ## 0000014C
/* 00070 80A61320 AC880144 */  sw      $t0, 0x0144($a0)           ## 00000144
/* 00074 80A61324 E4860074 */  swc1    $f6, 0x0074($a0)           ## 00000074
/* 00078 80A61328 E4880150 */  swc1    $f8, 0x0150($a0)           ## 00000150
/* 0007C 80A6132C 03E00008 */  jr      $ra                        
/* 00080 80A61330 00000000 */  nop


glabel func_80A61334
/* 00084 80A61334 27BDFFE0 */  addiu   $sp, $sp, 0xFFE0           ## $sp = FFFFFFE0
/* 00088 80A61338 AFB00018 */  sw      $s0, 0x0018($sp)           
/* 0008C 80A6133C 00808025 */  or      $s0, $a0, $zero            ## $s0 = 00000000
/* 00090 80A61340 AFBF001C */  sw      $ra, 0x001C($sp)           
/* 00094 80A61344 AFA50024 */  sw      $a1, 0x0024($sp)           
/* 00098 80A61348 3C063DCC */  lui     $a2, 0x3DCC                ## $a2 = 3DCC0000
/* 0009C 80A6134C 3C073BA3 */  lui     $a3, 0x3BA3                ## $a3 = 3BA30000
/* 000A0 80A61350 34E7D70A */  ori     $a3, $a3, 0xD70A           ## $a3 = 3BA3D70A
/* 000A4 80A61354 34C6CCCD */  ori     $a2, $a2, 0xCCCD           ## $a2 = 3DCCCCCD
/* 000A8 80A61358 26040074 */  addiu   $a0, $s0, 0x0074           ## $a0 = 00000074
/* 000AC 80A6135C 0C03FF7E */  jal     func_800FFDF8              
/* 000B0 80A61360 24050000 */  addiu   $a1, $zero, 0x0000         ## $a1 = 00000000
/* 000B4 80A61364 3C01C2AA */  lui     $at, 0xC2AA                ## $at = C2AA0000
/* 000B8 80A61368 44813000 */  mtc1    $at, $f6                   ## $f6 = -85.00
/* 000BC 80A6136C C6040028 */  lwc1    $f4, 0x0028($s0)           ## 00000028
/* 000C0 80A61370 4606203C */  c.lt.s  $f4, $f6                   
/* 000C4 80A61374 00000000 */  nop
/* 000C8 80A61378 45020005 */  bc1fl   .L80A61390                 
/* 000CC 80A6137C 860E014C */  lh      $t6, 0x014C($s0)           ## 0000014C
/* 000D0 80A61380 44804000 */  mtc1    $zero, $f8                 ## $f8 = 0.00
/* 000D4 80A61384 00000000 */  nop
/* 000D8 80A61388 E6080068 */  swc1    $f8, 0x0068($s0)           ## 00000068
/* 000DC 80A6138C 860E014C */  lh      $t6, 0x014C($s0)           ## 0000014C
.L80A61390:
/* 000E0 80A61390 55C00009 */  bnel    $t6, $zero, .L80A613B8     
/* 000E4 80A61394 8FBF001C */  lw      $ra, 0x001C($sp)           
/* 000E8 80A61398 860F014A */  lh      $t7, 0x014A($s0)           ## 0000014A
/* 000EC 80A6139C 3C1980A6 */  lui     $t9, %hi(func_80A613C8)    ## $t9 = 80A60000
/* 000F0 80A613A0 24180032 */  addiu   $t8, $zero, 0x0032         ## $t8 = 00000032
/* 000F4 80A613A4 11E00003 */  beq     $t7, $zero, .L80A613B4     
/* 000F8 80A613A8 273913C8 */  addiu   $t9, $t9, %lo(func_80A613C8) ## $t9 = 80A613C8
/* 000FC 80A613AC A618014C */  sh      $t8, 0x014C($s0)           ## 0000014C
/* 00100 80A613B0 AE190144 */  sw      $t9, 0x0144($s0)           ## 00000144
.L80A613B4:
/* 00104 80A613B4 8FBF001C */  lw      $ra, 0x001C($sp)           
.L80A613B8:
/* 00108 80A613B8 8FB00018 */  lw      $s0, 0x0018($sp)           
/* 0010C 80A613BC 27BD0020 */  addiu   $sp, $sp, 0x0020           ## $sp = 00000000
/* 00110 80A613C0 03E00008 */  jr      $ra                        
/* 00114 80A613C4 00000000 */  nop


glabel func_80A613C8
/* 00118 80A613C8 27BDFFE0 */  addiu   $sp, $sp, 0xFFE0           ## $sp = FFFFFFE0
/* 0011C 80A613CC AFB00018 */  sw      $s0, 0x0018($sp)           
/* 00120 80A613D0 00808025 */  or      $s0, $a0, $zero            ## $s0 = 00000000
/* 00124 80A613D4 AFBF001C */  sw      $ra, 0x001C($sp)           
/* 00128 80A613D8 AFA50024 */  sw      $a1, 0x0024($sp)           
/* 0012C 80A613DC 3C063DCC */  lui     $a2, 0x3DCC                ## $a2 = 3DCC0000
/* 00130 80A613E0 3C073BA3 */  lui     $a3, 0x3BA3                ## $a3 = 3BA30000
/* 00134 80A613E4 34E7D70A */  ori     $a3, $a3, 0xD70A           ## $a3 = 3BA3D70A
/* 00138 80A613E8 34C6CCCD */  ori     $a2, $a2, 0xCCCD           ## $a2 = 3DCCCCCD
/* 0013C 80A613EC 26040074 */  addiu   $a0, $s0, 0x0074           ## $a0 = 00000074
/* 00140 80A613F0 0C03FF7E */  jal     func_800FFDF8              
/* 00144 80A613F4 24050000 */  addiu   $a1, $zero, 0x0000         ## $a1 = 00000000
/* 00148 80A613F8 860E014C */  lh      $t6, 0x014C($s0)           ## 0000014C
/* 0014C 80A613FC 3C0180A6 */  lui     $at, %hi(D_80A6179C)       ## $at = 80A60000
/* 00150 80A61400 11C00008 */  beq     $t6, $zero, .L80A61424     
/* 00154 80A61404 00000000 */  nop
/* 00158 80A61408 C422179C */  lwc1    $f2, %lo(D_80A6179C)($at)  
/* 0015C 80A6140C C6000150 */  lwc1    $f0, 0x0150($s0)           ## 00000150
/* 00160 80A61410 3C01C2AA */  lui     $at, 0xC2AA                ## $at = C2AA0000
/* 00164 80A61414 4602003C */  c.lt.s  $f0, $f2                   
/* 00168 80A61418 00000000 */  nop
/* 0016C 80A6141C 45020006 */  bc1fl   .L80A61438                 
/* 00170 80A61420 C6060028 */  lwc1    $f6, 0x0028($s0)           ## 00000028
.L80A61424:
/* 00174 80A61424 0C02D9C3 */  jal     func_800B670C              
/* 00178 80A61428 02002025 */  or      $a0, $s0, $zero            ## $a0 = 00000000
/* 0017C 80A6142C 1000000C */  beq     $zero, $zero, .L80A61460   
/* 00180 80A61430 8FBF001C */  lw      $ra, 0x001C($sp)           
/* 00184 80A61434 C6060028 */  lwc1    $f6, 0x0028($s0)           ## 00000028
.L80A61438:
/* 00188 80A61438 44814000 */  mtc1    $at, $f8                   ## $f8 = 0.00
/* 0018C 80A6143C 46020101 */  sub.s   $f4, $f0, $f2              
/* 00190 80A61440 4608303C */  c.lt.s  $f6, $f8                   
/* 00194 80A61444 E6040150 */  swc1    $f4, 0x0150($s0)           ## 00000150
/* 00198 80A61448 45020005 */  bc1fl   .L80A61460                 
/* 0019C 80A6144C 8FBF001C */  lw      $ra, 0x001C($sp)           
/* 001A0 80A61450 44805000 */  mtc1    $zero, $f10                ## $f10 = 0.00
/* 001A4 80A61454 00000000 */  nop
/* 001A8 80A61458 E60A0068 */  swc1    $f10, 0x0068($s0)          ## 00000068
/* 001AC 80A6145C 8FBF001C */  lw      $ra, 0x001C($sp)           
.L80A61460:
/* 001B0 80A61460 8FB00018 */  lw      $s0, 0x0018($sp)           
/* 001B4 80A61464 27BD0020 */  addiu   $sp, $sp, 0x0020           ## $sp = 00000000
/* 001B8 80A61468 03E00008 */  jr      $ra                        
/* 001BC 80A6146C 00000000 */  nop


glabel func_80A61470
/* 001C0 80A61470 27BDFFE8 */  addiu   $sp, $sp, 0xFFE8           ## $sp = FFFFFFE8
/* 001C4 80A61474 AFBF0014 */  sw      $ra, 0x0014($sp)           
/* 001C8 80A61478 AFA5001C */  sw      $a1, 0x001C($sp)           
/* 001CC 80A6147C 8482014C */  lh      $v0, 0x014C($a0)           ## 0000014C
/* 001D0 80A61480 240500C4 */  addiu   $a1, $zero, 0x00C4         ## $a1 = 000000C4
/* 001D4 80A61484 10400002 */  beq     $v0, $zero, .L80A61490     
/* 001D8 80A61488 244EFFFF */  addiu   $t6, $v0, 0xFFFF           ## $t6 = FFFFFFFF
/* 001DC 80A6148C A48E014C */  sh      $t6, 0x014C($a0)           ## 0000014C
.L80A61490:
/* 001E0 80A61490 0C02E3B2 */  jal     func_800B8EC8              
/* 001E4 80A61494 AFA40018 */  sw      $a0, 0x0018($sp)           
/* 001E8 80A61498 8FA40018 */  lw      $a0, 0x0018($sp)           
/* 001EC 80A6149C 8FA5001C */  lw      $a1, 0x001C($sp)           
/* 001F0 80A614A0 8C990144 */  lw      $t9, 0x0144($a0)           ## 00000144
/* 001F4 80A614A4 0320F809 */  jalr    $ra, $t9                   
/* 001F8 80A614A8 00000000 */  nop
/* 001FC 80A614AC 0C02DAA2 */  jal     func_800B6A88              
/* 00200 80A614B0 8FA40018 */  lw      $a0, 0x0018($sp)           
/* 00204 80A614B4 8FBF0014 */  lw      $ra, 0x0014($sp)           
/* 00208 80A614B8 27BD0018 */  addiu   $sp, $sp, 0x0018           ## $sp = 00000000
/* 0020C 80A614BC 03E00008 */  jr      $ra                        
/* 00210 80A614C0 00000000 */  nop


glabel func_80A614C4
/* 00214 80A614C4 27BDFF80 */  addiu   $sp, $sp, 0xFF80           ## $sp = FFFFFF80
/* 00218 80A614C8 AFBF003C */  sw      $ra, 0x003C($sp)           
/* 0021C 80A614CC AFB00038 */  sw      $s0, 0x0038($sp)           
/* 00220 80A614D0 AFA40080 */  sw      $a0, 0x0080($sp)           
/* 00224 80A614D4 AFA50084 */  sw      $a1, 0x0084($sp)           
/* 00228 80A614D8 8FAE0084 */  lw      $t6, 0x0084($sp)           
/* 0022C 80A614DC 3C040601 */  lui     $a0, 0x0601                ## $a0 = 06010000
/* 00230 80A614E0 2484DD40 */  addiu   $a0, $a0, 0xDD40           ## $a0 = 0600DD40
/* 00234 80A614E4 0C040141 */  jal     func_80100504              
/* 00238 80A614E8 8DD00000 */  lw      $s0, 0x0000($t6)           ## 00000000
/* 0023C 80A614EC 8FA80080 */  lw      $t0, 0x0080($sp)           
/* 00240 80A614F0 A3A00068 */  sb      $zero, 0x0068($sp)         
/* 00244 80A614F4 3C014370 */  lui     $at, 0x4370                ## $at = 43700000
/* 00248 80A614F8 44813000 */  mtc1    $at, $f6                   ## $f6 = 240.00
/* 0024C 80A614FC C5040150 */  lwc1    $f4, 0x0150($t0)           ## 00000150
/* 00250 80A61500 3C01437F */  lui     $at, 0x437F                ## $at = 437F0000
/* 00254 80A61504 44819000 */  mtc1    $at, $f18                  ## $f18 = 255.00
/* 00258 80A61508 46062202 */  mul.s   $f8, $f4, $f6              
/* 0025C 80A6150C 3C0480A6 */  lui     $a0, %hi(D_80A61768)       ## $a0 = 80A60000
/* 00260 80A61510 24841768 */  addiu   $a0, $a0, %lo(D_80A61768)  ## $a0 = 80A61768
/* 00264 80A61514 00001825 */  or      $v1, $zero, $zero          ## $v1 = 00000000
/* 00268 80A61518 2407001B */  addiu   $a3, $zero, 0x001B         ## $a3 = 0000001B
/* 0026C 80A6151C 27A60068 */  addiu   $a2, $sp, 0x0068           ## $a2 = FFFFFFE8
/* 00270 80A61520 4600428D */  trunc.w.s $f10, $f8                  
/* 00274 80A61524 44185000 */  mfc1    $t8, $f10                  
/* 00278 80A61528 00000000 */  nop
/* 0027C 80A6152C A3B80069 */  sb      $t8, 0x0069($sp)           
/* 00280 80A61530 C5100150 */  lwc1    $f16, 0x0150($t0)          ## 00000150
/* 00284 80A61534 46128102 */  mul.s   $f4, $f16, $f18            
/* 00288 80A61538 4600218D */  trunc.w.s $f6, $f4                   
/* 0028C 80A6153C 440A3000 */  mfc1    $t2, $f6                   
/* 00290 80A61540 00000000 */  nop
/* 00294 80A61544 A3AA006A */  sb      $t2, 0x006A($sp)           
.L80A61548:
/* 00298 80A61548 90850000 */  lbu     $a1, 0x0000($a0)           ## 80A61768
/* 0029C 80A6154C 10A00005 */  beq     $a1, $zero, .L80A61564     
/* 002A0 80A61550 00C55821 */  addu    $t3, $a2, $a1              
/* 002A4 80A61554 916C0000 */  lbu     $t4, 0x0000($t3)           ## 00000000
/* 002A8 80A61558 00036900 */  sll     $t5, $v1,  4               
/* 002AC 80A6155C 004D7021 */  addu    $t6, $v0, $t5              
/* 002B0 80A61560 A1CC000F */  sb      $t4, 0x000F($t6)           ## 0000000F
.L80A61564:
/* 002B4 80A61564 24630001 */  addiu   $v1, $v1, 0x0001           ## $v1 = 00000001
/* 002B8 80A61568 1467FFF7 */  bne     $v1, $a3, .L80A61548       
/* 002BC 80A6156C 24840001 */  addiu   $a0, $a0, 0x0001           ## $a0 = 80A61769
/* 002C0 80A61570 8FAF0084 */  lw      $t7, 0x0084($sp)           
/* 002C4 80A61574 0C04B0B7 */  jal     func_8012C2DC              
/* 002C8 80A61578 8DE40000 */  lw      $a0, 0x0000($t7)           ## 00000000
/* 002CC 80A6157C 8FA90084 */  lw      $t1, 0x0084($sp)           
/* 002D0 80A61580 8E0202C0 */  lw      $v0, 0x02C0($s0)           ## 000002C0
/* 002D4 80A61584 3C19DB06 */  lui     $t9, 0xDB06                ## $t9 = DB060000
/* 002D8 80A61588 37390020 */  ori     $t9, $t9, 0x0020           ## $t9 = DB060020
/* 002DC 80A6158C 24580008 */  addiu   $t8, $v0, 0x0008           ## $t8 = 00000008
/* 002E0 80A61590 AE1802C0 */  sw      $t8, 0x02C0($s0)           ## 000002C0
/* 002E4 80A61594 AC590000 */  sw      $t9, 0x0000($v0)           ## 00000000
/* 002E8 80A61598 8D23009C */  lw      $v1, 0x009C($t1)           ## 0000009C
/* 002EC 80A6159C 8D240000 */  lw      $a0, 0x0000($t1)           ## 00000000
/* 002F0 80A615A0 240A0020 */  addiu   $t2, $zero, 0x0020         ## $t2 = 00000020
/* 002F4 80A615A4 00030823 */  subu    $at, $zero, $v1            
/* 002F8 80A615A8 000160C0 */  sll     $t4, $at,  3               
/* 002FC 80A615AC 240B0040 */  addiu   $t3, $zero, 0x0040         ## $t3 = 00000040
/* 00300 80A615B0 240D0001 */  addiu   $t5, $zero, 0x0001         ## $t5 = 00000001
/* 00304 80A615B4 240E0010 */  addiu   $t6, $zero, 0x0010         ## $t6 = 00000010
/* 00308 80A615B8 240F0010 */  addiu   $t7, $zero, 0x0010         ## $t7 = 00000010
/* 0030C 80A615BC AFAF0028 */  sw      $t7, 0x0028($sp)           
/* 00310 80A615C0 AFAE0024 */  sw      $t6, 0x0024($sp)           
/* 00314 80A615C4 AFAD0018 */  sw      $t5, 0x0018($sp)           
/* 00318 80A615C8 AFAB0014 */  sw      $t3, 0x0014($sp)           
/* 0031C 80A615CC AFAC0020 */  sw      $t4, 0x0020($sp)           
/* 00320 80A615D0 AFAA0010 */  sw      $t2, 0x0010($sp)           
/* 00324 80A615D4 00002825 */  or      $a1, $zero, $zero          ## $a1 = 00000000
/* 00328 80A615D8 00003825 */  or      $a3, $zero, $zero          ## $a3 = 00000000
/* 0032C 80A615DC AFA2005C */  sw      $v0, 0x005C($sp)           
/* 00330 80A615E0 AFA3001C */  sw      $v1, 0x001C($sp)           
/* 00334 80A615E4 0C04B2F4 */  jal     func_8012CBD0              
/* 00338 80A615E8 00033040 */  sll     $a2, $v1,  1               
/* 0033C 80A615EC 8FA8005C */  lw      $t0, 0x005C($sp)           
/* 00340 80A615F0 AD020004 */  sw      $v0, 0x0004($t0)           ## 00000004
/* 00344 80A615F4 8E0202C0 */  lw      $v0, 0x02C0($s0)           ## 000002C0
/* 00348 80A615F8 3C19E700 */  lui     $t9, 0xE700                ## $t9 = E7000000
/* 0034C 80A615FC 24580008 */  addiu   $t8, $v0, 0x0008           ## $t8 = 00000008
/* 00350 80A61600 AE1802C0 */  sw      $t8, 0x02C0($s0)           ## 000002C0
/* 00354 80A61604 AC400004 */  sw      $zero, 0x0004($v0)         ## 00000004
/* 00358 80A61608 AC590000 */  sw      $t9, 0x0000($v0)           ## 00000000
/* 0035C 80A6160C 8E0202C0 */  lw      $v0, 0x02C0($s0)           ## 000002C0
/* 00360 80A61610 3C0BDA38 */  lui     $t3, 0xDA38                ## $t3 = DA380000
/* 00364 80A61614 356B0003 */  ori     $t3, $t3, 0x0003           ## $t3 = DA380003
/* 00368 80A61618 244A0008 */  addiu   $t2, $v0, 0x0008           ## $t2 = 00000008
/* 0036C 80A6161C AE0A02C0 */  sw      $t2, 0x02C0($s0)           ## 000002C0
/* 00370 80A61620 AC4B0000 */  sw      $t3, 0x0000($v0)           ## 00000000
/* 00374 80A61624 8FAD0084 */  lw      $t5, 0x0084($sp)           
/* 00378 80A61628 8DA40000 */  lw      $a0, 0x0000($t5)           ## 00000000
/* 0037C 80A6162C 0C060690 */  jal     func_80181A40              
/* 00380 80A61630 AFA20054 */  sw      $v0, 0x0054($sp)           
/* 00384 80A61634 8FA30054 */  lw      $v1, 0x0054($sp)           
/* 00388 80A61638 AC620004 */  sw      $v0, 0x0004($v1)           ## 00000004
/* 0038C 80A6163C 8FA50080 */  lw      $a1, 0x0080($sp)           
/* 00390 80A61640 8E0202C0 */  lw      $v0, 0x02C0($s0)           ## 000002C0
/* 00394 80A61644 3C0EFA00 */  lui     $t6, 0xFA00                ## $t6 = FA000000
/* 00398 80A61648 35CE0080 */  ori     $t6, $t6, 0x0080           ## $t6 = FA000080
/* 0039C 80A6164C 244C0008 */  addiu   $t4, $v0, 0x0008           ## $t4 = 00000008
/* 003A0 80A61650 AE0C02C0 */  sw      $t4, 0x02C0($s0)           ## 000002C0
/* 003A4 80A61654 AC4E0000 */  sw      $t6, 0x0000($v0)           ## 00000000
/* 003A8 80A61658 84AF0148 */  lh      $t7, 0x0148($a1)           ## 00000148
/* 003AC 80A6165C 3C1980A6 */  lui     $t9, %hi(D_80A61740)       ## $t9 = 80A60000
/* 003B0 80A61660 27391740 */  addiu   $t9, $t9, %lo(D_80A61740)  ## $t9 = 80A61740
/* 003B4 80A61664 000FC080 */  sll     $t8, $t7,  2               
/* 003B8 80A61668 03191821 */  addu    $v1, $t8, $t9              
/* 003BC 80A6166C 906B0002 */  lbu     $t3, 0x0002($v1)           ## 00000002
/* 003C0 80A61670 906E0000 */  lbu     $t6, 0x0000($v1)           ## 00000000
/* 003C4 80A61674 906A0001 */  lbu     $t2, 0x0001($v1)           ## 00000001
/* 003C8 80A61678 000B6A00 */  sll     $t5, $t3,  8               
/* 003CC 80A6167C 000E7E00 */  sll     $t7, $t6, 24               
/* 003D0 80A61680 01AFC025 */  or      $t8, $t5, $t7              ## $t8 = 00000000
/* 003D4 80A61684 000A5C00 */  sll     $t3, $t2, 16               
/* 003D8 80A61688 030B6025 */  or      $t4, $t8, $t3              ## $t4 = 00000000
/* 003DC 80A6168C 358E00FF */  ori     $t6, $t4, 0x00FF           ## $t6 = 000000FF
/* 003E0 80A61690 AC4E0004 */  sw      $t6, 0x0004($v0)           ## 00000004
/* 003E4 80A61694 8E0202C0 */  lw      $v0, 0x02C0($s0)           ## 000002C0
/* 003E8 80A61698 3C0FFB00 */  lui     $t7, 0xFB00                ## $t7 = FB000000
/* 003EC 80A6169C 3C1880A6 */  lui     $t8, %hi(D_80A61754)       ## $t8 = 80A60000
/* 003F0 80A616A0 244D0008 */  addiu   $t5, $v0, 0x0008           ## $t5 = 00000008
/* 003F4 80A616A4 AE0D02C0 */  sw      $t5, 0x02C0($s0)           ## 000002C0
/* 003F8 80A616A8 AC4F0000 */  sw      $t7, 0x0000($v0)           ## 00000000
/* 003FC 80A616AC 84B90148 */  lh      $t9, 0x0148($a1)           ## 00000148
/* 00400 80A616B0 27181754 */  addiu   $t8, $t8, %lo(D_80A61754)  ## $t8 = 80A61754
/* 00404 80A616B4 00195080 */  sll     $t2, $t9,  2               
/* 00408 80A616B8 01581821 */  addu    $v1, $t2, $t8              
/* 0040C 80A616BC 906C0002 */  lbu     $t4, 0x0002($v1)           ## 00000002
/* 00410 80A616C0 906F0000 */  lbu     $t7, 0x0000($v1)           ## 00000000
/* 00414 80A616C4 906B0001 */  lbu     $t3, 0x0001($v1)           ## 00000001
/* 00418 80A616C8 000C7200 */  sll     $t6, $t4,  8               
/* 0041C 80A616CC 000FCE00 */  sll     $t9, $t7, 24               
/* 00420 80A616D0 01D95025 */  or      $t2, $t6, $t9              ## $t2 = 80A617FF
/* 00424 80A616D4 000B6400 */  sll     $t4, $t3, 16               
/* 00428 80A616D8 014C6825 */  or      $t5, $t2, $t4              ## $t5 = 80A617FF
/* 0042C 80A616DC 35AF0080 */  ori     $t7, $t5, 0x0080           ## $t7 = 80A617FF
/* 00430 80A616E0 AC4F0004 */  sw      $t7, 0x0004($v0)           ## 00000004
/* 00434 80A616E4 8E0202C0 */  lw      $v0, 0x02C0($s0)           ## 000002C0
/* 00438 80A616E8 3C180601 */  lui     $t8, 0x0601                ## $t8 = 06010000
/* 0043C 80A616EC 2718DEF0 */  addiu   $t8, $t8, 0xDEF0           ## $t8 = 0600DEF0
/* 00440 80A616F0 244E0008 */  addiu   $t6, $v0, 0x0008           ## $t6 = 00000008
/* 00444 80A616F4 AE0E02C0 */  sw      $t6, 0x02C0($s0)           ## 000002C0
/* 00448 80A616F8 3C19DE00 */  lui     $t9, 0xDE00                ## $t9 = DE000000
/* 0044C 80A616FC AC590000 */  sw      $t9, 0x0000($v0)           ## 00000000
/* 00450 80A61700 AC580004 */  sw      $t8, 0x0004($v0)           ## 00000004
/* 00454 80A61704 8FBF003C */  lw      $ra, 0x003C($sp)           
/* 00458 80A61708 8FB00038 */  lw      $s0, 0x0038($sp)           
/* 0045C 80A6170C 27BD0080 */  addiu   $sp, $sp, 0x0080           ## $sp = 00000000
/* 00460 80A61710 03E00008 */  jr      $ra                        
/* 00464 80A61714 00000000 */  nop
/* 00468 80A61718 00000000 */  nop
/* 0046C 80A6171C 00000000 */  nop

.section .data

D_80A61720: .word 0x01750600, 0x00000030, 0x00080000, 0x0000016C
.word func_80A612C0
.word func_80A612B0
.word func_80A61470
.word func_80A614C4
D_80A61740: .word \
0xFFFFAAFF, 0xFFAAFFFF, 0xFFFFAAFF, 0xAAFFFFFF, \
0xFFFFAAFF
D_80A61754: .word \
0xFF6400FF, 0xFF0064FF, 0x64FF00FF, 0x0064FFFF, \
0xFFE600FF
D_80A61768: .word \
0x02010102, 0x00000201, 0x00020100, 0x02010002, \
0x01000201, 0x00020100, 0x01020000, 0x00000000, \
0x00000000, 0x00000000

.section .rodata

D_80A61790: .word 0x3CCCCCCD
D_80A61794: .word 0x3D1FBE77
D_80A61798: .word 0xBE4CCCCD
D_80A6179C: .word 0x3CA3D70A


.section .rodata
D_80A617A0:
.incbin "baserom/En_Dy_Extra", 0x4F0, 0x00000070
