.include "macro.inc"

# assembler directives
.set noat      # allow manual use of $at
.set noreorder # don't insert nops after branches
.set gp=64     # allow use of 64-bit general purpose registers

.section .text
glabel func_808C4F80
/* 00000 808C4F80 27BDFFA0 */  addiu   $sp, $sp, 0xFFA0           ## $sp = FFFFFFA0
/* 00004 808C4F84 AFB40054 */  sw      $s4, 0x0054($sp)           
/* 00008 808C4F88 AFB2004C */  sw      $s2, 0x004C($sp)           
/* 0000C 808C4F8C 00809025 */  or      $s2, $a0, $zero            ## $s2 = 00000000
/* 00010 808C4F90 00A0A025 */  or      $s4, $a1, $zero            ## $s4 = 00000000
/* 00014 808C4F94 AFBF005C */  sw      $ra, 0x005C($sp)           
/* 00018 808C4F98 AFB50058 */  sw      $s5, 0x0058($sp)           
/* 0001C 808C4F9C AFB30050 */  sw      $s3, 0x0050($sp)           
/* 00020 808C4FA0 AFB10048 */  sw      $s1, 0x0048($sp)           
/* 00024 808C4FA4 AFB00044 */  sw      $s0, 0x0044($sp)           
/* 00028 808C4FA8 F7B60038 */  sdc1    $f22, 0x0038($sp)          
/* 0002C 808C4FAC F7B40030 */  sdc1    $f20, 0x0030($sp)          
/* 00030 808C4FB0 3C014170 */  lui     $at, 0x4170                ## $at = 41700000
/* 00034 808C4FB4 4481A000 */  mtc1    $at, $f20                  ## $f20 = 15.00
/* 00038 808C4FB8 3C05808D */  lui     $a1, %hi(D_808C9A60)       ## $a1 = 808D0000
/* 0003C 808C4FBC 00009825 */  or      $s3, $zero, $zero          ## $s3 = 00000000
/* 00040 808C4FC0 24A59A60 */  addiu   $a1, $a1, %lo(D_808C9A60)  ## $a1 = 808C9A60
/* 00044 808C4FC4 0C03FEB7 */  jal     func_800FFADC              
/* 00048 808C4FC8 02402025 */  or      $a0, $s2, $zero            ## $a0 = 00000000
/* 0004C 808C4FCC 3C0545AB */  lui     $a1, 0x45AB                ## $a1 = 45AB0000
/* 00050 808C4FD0 3C06800B */  lui     $a2, 0x800B                ## $a2 = 800B0000
/* 00054 808C4FD4 24C63FC0 */  addiu   $a2, $a2, 0x3FC0           ## $a2 = 800B3FC0
/* 00058 808C4FD8 34A5E000 */  ori     $a1, $a1, 0xE000           ## $a1 = 45ABE000
/* 0005C 808C4FDC 264400BC */  addiu   $a0, $s2, 0x00BC           ## $a0 = 000000BC
/* 00060 808C4FE0 0C02CEE9 */  jal     func_800B3BA4              
/* 00064 808C4FE4 3C0742A0 */  lui     $a3, 0x42A0                ## $a3 = 42A00000
/* 00068 808C4FE8 3C060601 */  lui     $a2, 0x0601                ## $a2 = 06010000
/* 0006C 808C4FEC 3C070600 */  lui     $a3, 0x0600                ## $a3 = 06000000
/* 00070 808C4FF0 264E01E2 */  addiu   $t6, $s2, 0x01E2           ## $t6 = 000001E2
/* 00074 808C4FF4 264F0266 */  addiu   $t7, $s2, 0x0266           ## $t7 = 00000266
/* 00078 808C4FF8 24180016 */  addiu   $t8, $zero, 0x0016         ## $t8 = 00000016
/* 0007C 808C4FFC AFB80018 */  sw      $t8, 0x0018($sp)           
/* 00080 808C5000 AFAF0014 */  sw      $t7, 0x0014($sp)           
/* 00084 808C5004 AFAE0010 */  sw      $t6, 0x0010($sp)           
/* 00088 808C5008 24E73CAC */  addiu   $a3, $a3, 0x3CAC           ## $a3 = 06003CAC
/* 0008C 808C500C 24C6AD08 */  addiu   $a2, $a2, 0xAD08           ## $a2 = 0600AD08
/* 00090 808C5010 02802025 */  or      $a0, $s4, $zero            ## $a0 = 00000000
/* 00094 808C5014 0C04DACC */  jal     func_80136B30              
/* 00098 808C5018 26450144 */  addiu   $a1, $s2, 0x0144           ## $a1 = 00000144
/* 0009C 808C501C 3C07808D */  lui     $a3, %hi(D_808C98E0)       ## $a3 = 808D0000
/* 000A0 808C5020 24E798E0 */  addiu   $a3, $a3, %lo(D_808C98E0)  ## $a3 = 808C98E0
/* 000A4 808C5024 02802025 */  or      $a0, $s4, $zero            ## $a0 = 00000000
/* 000A8 808C5028 26450808 */  addiu   $a1, $s2, 0x0808           ## $a1 = 00000808
/* 000AC 808C502C 0C038897 */  jal     func_800E225C              
/* 000B0 808C5030 02403025 */  or      $a2, $s2, $zero            ## $a2 = 00000000
/* 000B4 808C5034 3C07808D */  lui     $a3, %hi(D_808C990C)       ## $a3 = 808D0000
/* 000B8 808C5038 24E7990C */  addiu   $a3, $a3, %lo(D_808C990C)  ## $a3 = 808C990C
/* 000BC 808C503C 02802025 */  or      $a0, $s4, $zero            ## $a0 = 00000000
/* 000C0 808C5040 2645073C */  addiu   $a1, $s2, 0x073C           ## $a1 = 0000073C
/* 000C4 808C5044 0C0384DD */  jal     func_800E1374              
/* 000C8 808C5048 02403025 */  or      $a2, $s2, $zero            ## $a2 = 00000000
/* 000CC 808C504C 3C07808D */  lui     $a3, %hi(D_808C99C0)       ## $a3 = 808D0000
/* 000D0 808C5050 24E799C0 */  addiu   $a3, $a3, %lo(D_808C99C0)  ## $a3 = 808C99C0
/* 000D4 808C5054 02802025 */  or      $a0, $s4, $zero            ## $a0 = 00000000
/* 000D8 808C5058 26450788 */  addiu   $a1, $s2, 0x0788           ## $a1 = 00000788
/* 000DC 808C505C 0C0387E2 */  jal     func_800E1F88              
/* 000E0 808C5060 02403025 */  or      $a2, $s2, $zero            ## $a2 = 00000000
/* 000E4 808C5064 3C07808D */  lui     $a3, %hi(D_808C99B0)       ## $a3 = 808D0000
/* 000E8 808C5068 26590880 */  addiu   $t9, $s2, 0x0880           ## $t9 = 00000880
/* 000EC 808C506C AFB90010 */  sw      $t9, 0x0010($sp)           
/* 000F0 808C5070 24E799B0 */  addiu   $a3, $a3, %lo(D_808C99B0)  ## $a3 = 808C99B0
/* 000F4 808C5074 02802025 */  or      $a0, $s4, $zero            ## $a0 = 00000000
/* 000F8 808C5078 26450860 */  addiu   $a1, $s2, 0x0860           ## $a1 = 00000860
/* 000FC 808C507C 0C038689 */  jal     func_800E1A24              
/* 00100 808C5080 02403025 */  or      $a2, $s2, $zero            ## $a2 = 00000000
/* 00104 808C5084 8648084E */  lh      $t0, 0x084E($s2)           ## 0000084E
/* 00108 808C5088 3C05808D */  lui     $a1, %hi(D_808C9A10)       ## $a1 = 808D0000
/* 0010C 808C508C 3C06808D */  lui     $a2, %hi(D_808C9A30)       ## $a2 = 808D0000
/* 00110 808C5090 24C69A30 */  addiu   $a2, $a2, %lo(D_808C9A30)  ## $a2 = 808C9A30
/* 00114 808C5094 24A59A10 */  addiu   $a1, $a1, %lo(D_808C9A10)  ## $a1 = 808C9A10
/* 00118 808C5098 264400A0 */  addiu   $a0, $s2, 0x00A0           ## $a0 = 000000A0
/* 0011C 808C509C 0C039D57 */  jal     func_800E755C              
/* 00120 808C50A0 A6480856 */  sh      $t0, 0x0856($s2)           ## 00000856
/* 00124 808C50A4 3C09808D */  lui     $t1, %hi(D_808C9A3C)       ## $t1 = 808D0000
/* 00128 808C50A8 25299A3C */  addiu   $t1, $t1, %lo(D_808C9A3C)  ## $t1 = 808C9A3C
/* 0012C 808C50AC AFA90014 */  sw      $t1, 0x0014($sp)           
/* 00130 808C50B0 02802025 */  or      $a0, $s4, $zero            ## $a0 = 00000000
/* 00134 808C50B4 26450300 */  addiu   $a1, $s2, 0x0300           ## $a1 = 00000300
/* 00138 808C50B8 24060002 */  addiu   $a2, $zero, 0x0002         ## $a2 = 00000002
/* 0013C 808C50BC 00003825 */  or      $a3, $zero, $zero          ## $a3 = 00000000
/* 00140 808C50C0 0C02BE58 */  jal     func_800AF960              
/* 00144 808C50C4 AFA00010 */  sw      $zero, 0x0010($sp)         
/* 00148 808C50C8 3C0A801F */  lui     $t2, 0x801F                ## $t2 = 801F0000
/* 0014C 808C50CC 914A0682 */  lbu     $t2, 0x0682($t2)           ## 801F0682
/* 00150 808C50D0 3C0143C8 */  lui     $at, 0x43C8                ## $at = 43C80000
/* 00154 808C50D4 00008825 */  or      $s1, $zero, $zero          ## $s1 = 00000000
/* 00158 808C50D8 314B0008 */  andi    $t3, $t2, 0x0008           ## $t3 = 00000000
/* 0015C 808C50DC 15600006 */  bne     $t3, $zero, .L808C50F8     
/* 00160 808C50E0 02408025 */  or      $s0, $s2, $zero            ## $s0 = 00000000
/* 00164 808C50E4 C6440028 */  lwc1    $f4, 0x0028($s2)           ## 00000028
/* 00168 808C50E8 44813000 */  mtc1    $at, $f6                   ## $f6 = 400.00
/* 0016C 808C50EC 00000000 */  nop
/* 00170 808C50F0 46062200 */  add.s   $f8, $f4, $f6              
/* 00174 808C50F4 E6480028 */  swc1    $f8, 0x0028($s2)           ## 00000028
.L808C50F8:
/* 00178 808C50F8 3C014080 */  lui     $at, 0x4080                ## $at = 40800000
/* 0017C 808C50FC 4481B000 */  mtc1    $at, $f22                  ## $f22 = 4.00
/* 00180 808C5100 26951CA0 */  addiu   $s5, $s4, 0x1CA0           ## $s5 = 00001CA0
.L808C5104:
/* 00184 808C5104 C64A0024 */  lwc1    $f10, 0x0024($s2)          ## 00000024
/* 00188 808C5108 02A02025 */  or      $a0, $s5, $zero            ## $a0 = 00001CA0
/* 0018C 808C510C 02402825 */  or      $a1, $s2, $zero            ## $a1 = 00000000
/* 00190 808C5110 E7AA0010 */  swc1    $f10, 0x0010($sp)          
/* 00194 808C5114 C6500028 */  lwc1    $f16, 0x0028($s2)          ## 00000028
/* 00198 808C5118 02803025 */  or      $a2, $s4, $zero            ## $a2 = 00000000
/* 0019C 808C511C 24070044 */  addiu   $a3, $zero, 0x0044         ## $a3 = 00000044
/* 001A0 808C5120 46148480 */  add.s   $f18, $f16, $f20           
/* 001A4 808C5124 E7B20014 */  swc1    $f18, 0x0014($sp)          
/* 001A8 808C5128 C644002C */  lwc1    $f4, 0x002C($s2)           ## 0000002C
/* 001AC 808C512C AFB10028 */  sw      $s1, 0x0028($sp)           
/* 001B0 808C5130 AFA00024 */  sw      $zero, 0x0024($sp)         
/* 001B4 808C5134 AFB30020 */  sw      $s3, 0x0020($sp)           
/* 001B8 808C5138 AFA0001C */  sw      $zero, 0x001C($sp)         
/* 001BC 808C513C 0C02EC30 */  jal     func_800BB0C0              
/* 001C0 808C5140 E7A40018 */  swc1    $f4, 0x0018($sp)           
/* 001C4 808C5144 14400003 */  bne     $v0, $zero, .L808C5154     
/* 001C8 808C5148 AE0206E4 */  sw      $v0, 0x06E4($s0)           ## 000006E4
/* 001CC 808C514C 0C02D9C3 */  jal     func_800B670C              
/* 001D0 808C5150 02402025 */  or      $a0, $s2, $zero            ## $a0 = 00000000
.L808C5154:
/* 001D4 808C5154 26310001 */  addiu   $s1, $s1, 0x0001           ## $s1 = 00000001
/* 001D8 808C5158 26733A00 */  addiu   $s3, $s3, 0x3A00           ## $s3 = 00003A00
/* 001DC 808C515C 2A210014 */  slti    $at, $s1, 0x0014           
/* 001E0 808C5160 00139C00 */  sll     $s3, $s3, 16               
/* 001E4 808C5164 26100004 */  addiu   $s0, $s0, 0x0004           ## $s0 = 00000004
/* 001E8 808C5168 00139C03 */  sra     $s3, $s3, 16               
/* 001EC 808C516C 1420FFE5 */  bne     $at, $zero, .L808C5104     
/* 001F0 808C5170 4616A500 */  add.s   $f20, $f20, $f22           
/* 001F4 808C5174 8E4C06E8 */  lw      $t4, 0x06E8($s2)           ## 000006E8
/* 001F8 808C5178 8E4D06E4 */  lw      $t5, 0x06E4($s2)           ## 000006E4
/* 001FC 808C517C 24110003 */  addiu   $s1, $zero, 0x0003         ## $s1 = 00000003
/* 00200 808C5180 2650000C */  addiu   $s0, $s2, 0x000C           ## $s0 = 0000000C
/* 00204 808C5184 ADAC0124 */  sw      $t4, 0x0124($t5)           ## 00000124
/* 00208 808C5188 8E4E06EC */  lw      $t6, 0x06EC($s2)           ## 000006EC
/* 0020C 808C518C 8E4F06E8 */  lw      $t7, 0x06E8($s2)           ## 000006E8
/* 00210 808C5190 24020013 */  addiu   $v0, $zero, 0x0013         ## $v0 = 00000013
/* 00214 808C5194 3C040601 */  lui     $a0, 0x0601                ## $a0 = 06010000
/* 00218 808C5198 ADEE0124 */  sw      $t6, 0x0124($t7)           ## 00000124
/* 0021C 808C519C 8E5906EC */  lw      $t9, 0x06EC($s2)           ## 000006EC
/* 00220 808C51A0 8E5806F0 */  lw      $t8, 0x06F0($s2)           ## 000006F0
/* 00224 808C51A4 AF380124 */  sw      $t8, 0x0124($t9)           ## 00000124
.L808C51A8:
/* 00228 808C51A8 8E0806E8 */  lw      $t0, 0x06E8($s0)           ## 000006F4
/* 0022C 808C51AC 8E0906E4 */  lw      $t1, 0x06E4($s0)           ## 000006F0
/* 00230 808C51B0 26310004 */  addiu   $s1, $s1, 0x0004           ## $s1 = 00000007
/* 00234 808C51B4 26100010 */  addiu   $s0, $s0, 0x0010           ## $s0 = 0000001C
/* 00238 808C51B8 AD280124 */  sw      $t0, 0x0124($t1)           ## 00000124
/* 0023C 808C51BC 8E0A06DC */  lw      $t2, 0x06DC($s0)           ## 000006F8
/* 00240 808C51C0 8E0B06D8 */  lw      $t3, 0x06D8($s0)           ## 000006F4
/* 00244 808C51C4 AD6A0124 */  sw      $t2, 0x0124($t3)           ## 00000124
/* 00248 808C51C8 8E0C06E0 */  lw      $t4, 0x06E0($s0)           ## 000006FC
/* 0024C 808C51CC 8E0D06DC */  lw      $t5, 0x06DC($s0)           ## 000006F8
/* 00250 808C51D0 ADAC0124 */  sw      $t4, 0x0124($t5)           ## 00000124
/* 00254 808C51D4 8E0F06E0 */  lw      $t7, 0x06E0($s0)           ## 000006FC
/* 00258 808C51D8 8E0E06E4 */  lw      $t6, 0x06E4($s0)           ## 00000700
/* 0025C 808C51DC 1622FFF2 */  bne     $s1, $v0, .L808C51A8       
/* 00260 808C51E0 ADEE0124 */  sw      $t6, 0x0124($t7)           ## 00000124
/* 00264 808C51E4 0C040141 */  jal     func_80100504              
/* 00268 808C51E8 2484CBC0 */  addiu   $a0, $a0, 0xCBC0           ## $a0 = 0600CBC0
/* 0026C 808C51EC 3C040601 */  lui     $a0, 0x0601                ## $a0 = 06010000
/* 00270 808C51F0 AE420734 */  sw      $v0, 0x0734($s2)           ## 00000734
/* 00274 808C51F4 0C040141 */  jal     func_80100504              
/* 00278 808C51F8 2484CB84 */  addiu   $a0, $a0, 0xCB84           ## $a0 = 0600CB84
/* 0027C 808C51FC AE420738 */  sw      $v0, 0x0738($s2)           ## 00000738
/* 00280 808C5200 3C18801F */  lui     $t8, 0x801F                ## $t8 = 801F0000
/* 00284 808C5204 93180682 */  lbu     $t8, 0x0682($t8)           ## 801F0682
/* 00288 808C5208 24080001 */  addiu   $t0, $zero, 0x0001         ## $t0 = 00000001
/* 0028C 808C520C 240B0001 */  addiu   $t3, $zero, 0x0001         ## $t3 = 00000001
/* 00290 808C5210 33190008 */  andi    $t9, $t8, 0x0008           ## $t9 = 00000000
/* 00294 808C5214 13200011 */  beq     $t9, $zero, .L808C525C     
/* 00298 808C5218 2401FFFE */  addiu   $at, $zero, 0xFFFE         ## $at = FFFFFFFE
/* 0029C 808C521C 3C053C23 */  lui     $a1, 0x3C23                ## $a1 = 3C230000
/* 002A0 808C5220 A248018E */  sb      $t0, 0x018E($s2)           ## 0000018E
/* 002A4 808C5224 34A5D70A */  ori     $a1, $a1, 0xD70A           ## $a1 = 3C23D70A
/* 002A8 808C5228 0C02D9F8 */  jal     func_800B67E0              
/* 002AC 808C522C 02402025 */  or      $a0, $s2, $zero            ## $a0 = 00000000
/* 002B0 808C5230 3C013F80 */  lui     $at, 0x3F80                ## $at = 3F800000
/* 002B4 808C5234 44813000 */  mtc1    $at, $f6                   ## $f6 = 1.00
/* 002B8 808C5238 24090017 */  addiu   $t1, $zero, 0x0017         ## $t1 = 00000017
/* 002BC 808C523C 240A0014 */  addiu   $t2, $zero, 0x0014         ## $t2 = 00000014
/* 002C0 808C5240 A2490191 */  sb      $t1, 0x0191($s2)           ## 00000191
/* 002C4 808C5244 A64A001C */  sh      $t2, 0x001C($s2)           ## 0000001C
/* 002C8 808C5248 02402025 */  or      $a0, $s2, $zero            ## $a0 = 00000000
/* 002CC 808C524C 0C231F6E */  jal     func_808C7DB8              
/* 002D0 808C5250 E6460304 */  swc1    $f6, 0x0304($s2)           ## 00000304
/* 002D4 808C5254 10000008 */  beq     $zero, $zero, .L808C5278   
/* 002D8 808C5258 8FBF005C */  lw      $ra, 0x005C($sp)           
.L808C525C:
/* 002DC 808C525C 8E4C0004 */  lw      $t4, 0x0004($s2)           ## 00000004
/* 002E0 808C5260 A24B0192 */  sb      $t3, 0x0192($s2)           ## 00000192
/* 002E4 808C5264 02402025 */  or      $a0, $s2, $zero            ## $a0 = 00000000
/* 002E8 808C5268 01816824 */  and     $t5, $t4, $at              
/* 002EC 808C526C 0C231F3F */  jal     func_808C7CFC              
/* 002F0 808C5270 AE4D0004 */  sw      $t5, 0x0004($s2)           ## 00000004
/* 002F4 808C5274 8FBF005C */  lw      $ra, 0x005C($sp)           
.L808C5278:
/* 002F8 808C5278 D7B40030 */  ldc1    $f20, 0x0030($sp)          
/* 002FC 808C527C D7B60038 */  ldc1    $f22, 0x0038($sp)          
/* 00300 808C5280 8FB00044 */  lw      $s0, 0x0044($sp)           
/* 00304 808C5284 8FB10048 */  lw      $s1, 0x0048($sp)           
/* 00308 808C5288 8FB2004C */  lw      $s2, 0x004C($sp)           
/* 0030C 808C528C 8FB30050 */  lw      $s3, 0x0050($sp)           
/* 00310 808C5290 8FB40054 */  lw      $s4, 0x0054($sp)           
/* 00314 808C5294 8FB50058 */  lw      $s5, 0x0058($sp)           
/* 00318 808C5298 03E00008 */  jr      $ra                        
/* 0031C 808C529C 27BD0060 */  addiu   $sp, $sp, 0x0060           ## $sp = 00000000


glabel func_808C52A0
/* 00320 808C52A0 27BDFFE0 */  addiu   $sp, $sp, 0xFFE0           ## $sp = FFFFFFE0
/* 00324 808C52A4 AFB10018 */  sw      $s1, 0x0018($sp)           
/* 00328 808C52A8 AFB00014 */  sw      $s0, 0x0014($sp)           
/* 0032C 808C52AC 00808025 */  or      $s0, $a0, $zero            ## $s0 = 00000000
/* 00330 808C52B0 00A08825 */  or      $s1, $a1, $zero            ## $s1 = 00000000
/* 00334 808C52B4 AFBF001C */  sw      $ra, 0x001C($sp)           
/* 00338 808C52B8 02202025 */  or      $a0, $s1, $zero            ## $a0 = 00000000
/* 0033C 808C52BC 0C038869 */  jal     func_800E21A4              
/* 00340 808C52C0 26050808 */  addiu   $a1, $s0, 0x0808           ## $a1 = 00000808
/* 00344 808C52C4 02202025 */  or      $a0, $s1, $zero            ## $a0 = 00000000
/* 00348 808C52C8 0C03847B */  jal     func_800E11EC              
/* 0034C 808C52CC 2605073C */  addiu   $a1, $s0, 0x073C           ## $a1 = 0000073C
/* 00350 808C52D0 02202025 */  or      $a0, $s1, $zero            ## $a0 = 00000000
/* 00354 808C52D4 0C03879A */  jal     func_800E1E68              
/* 00358 808C52D8 26050788 */  addiu   $a1, $s0, 0x0788           ## $a1 = 00000788
/* 0035C 808C52DC 02202025 */  or      $a0, $s1, $zero            ## $a0 = 00000000
/* 00360 808C52E0 0C0385ED */  jal     func_800E17B4              
/* 00364 808C52E4 26050860 */  addiu   $a1, $s0, 0x0860           ## $a1 = 00000860
/* 00368 808C52E8 0C069CB3 */  jal     func_801A72CC              
/* 0036C 808C52EC 26040338 */  addiu   $a0, $s0, 0x0338           ## $a0 = 00000338
/* 00370 808C52F0 02202025 */  or      $a0, $s1, $zero            ## $a0 = 00000000
/* 00374 808C52F4 0C02BF73 */  jal     func_800AFDCC              
/* 00378 808C52F8 8E050300 */  lw      $a1, 0x0300($s0)           ## 00000300
/* 0037C 808C52FC 8FBF001C */  lw      $ra, 0x001C($sp)           
/* 00380 808C5300 8FB00014 */  lw      $s0, 0x0014($sp)           
/* 00384 808C5304 8FB10018 */  lw      $s1, 0x0018($sp)           
/* 00388 808C5308 03E00008 */  jr      $ra                        
/* 0038C 808C530C 27BD0020 */  addiu   $sp, $sp, 0x0020           ## $sp = 00000000


glabel func_808C5310
/* 00390 808C5310 24070014 */  addiu   $a3, $zero, 0x0014         ## $a3 = 00000014
/* 00394 808C5314 3C010001 */  lui     $at, 0x0001                ## $at = 00010000
/* 00398 808C5318 00240821 */  addu    $at, $at, $a0              
/* 0039C 808C531C A02770C7 */  sb      $a3, 0x70C7($at)           ## 000170C7
/* 003A0 808C5320 3C010001 */  lui     $at, 0x0001                ## $at = 00010000
/* 003A4 808C5324 00240821 */  addu    $at, $at, $a0              
/* 003A8 808C5328 A02770C5 */  sb      $a3, 0x70C5($at)           ## 000170C5
/* 003AC 808C532C 3C010001 */  lui     $at, 0x0001                ## $at = 00010000
/* 003B0 808C5330 00240821 */  addu    $at, $at, $a0              
/* 003B4 808C5334 A02770C6 */  sb      $a3, 0x70C6($at)           ## 000170C6
/* 003B8 808C5338 3C013F80 */  lui     $at, 0x3F80                ## $at = 3F800000
/* 003BC 808C533C 44812000 */  mtc1    $at, $f4                   ## $f4 = 1.00
/* 003C0 808C5340 3C010001 */  lui     $at, 0x0001                ## $at = 00010000
/* 003C4 808C5344 00240821 */  addu    $at, $at, $a0              
/* 003C8 808C5348 3C020001 */  lui     $v0, 0x0001                ## $v0 = 00010000
/* 003CC 808C534C 00441021 */  addu    $v0, $v0, $a0              
/* 003D0 808C5350 E42470E0 */  swc1    $f4, 0x70E0($at)           ## 000170E0
/* 003D4 808C5354 8C4270C0 */  lw      $v0, 0x70C0($v0)           ## 000170C0
/* 003D8 808C5358 3C010001 */  lui     $at, 0x0001                ## $at = 00010000
/* 003DC 808C535C 00813021 */  addu    $a2, $a0, $at              
/* 003E0 808C5360 244501B8 */  addiu   $a1, $v0, 0x01B8           ## $a1 = 000101B8
/* 003E4 808C5364 24020003 */  addiu   $v0, $zero, 0x0003         ## $v0 = 00000003
/* 003E8 808C5368 00001825 */  or      $v1, $zero, $zero          ## $v1 = 00000000
.L808C536C:
/* 003EC 808C536C 80CE70CB */  lb      $t6, 0x70CB($a2)           ## 000070CB
/* 003F0 808C5370 24630001 */  addiu   $v1, $v1, 0x0001           ## $v1 = 00000001
/* 003F4 808C5374 24A50001 */  addiu   $a1, $a1, 0x0001           ## $a1 = 000101B9
/* 003F8 808C5378 A0AE0002 */  sb      $t6, 0x0002($a1)           ## 000101BB
/* 003FC 808C537C 80CF70D1 */  lb      $t7, 0x70D1($a2)           ## 000070D1
/* 00400 808C5380 24C60001 */  addiu   $a2, $a2, 0x0001           ## $a2 = 00000001
/* 00404 808C5384 1462FFF9 */  bne     $v1, $v0, .L808C536C       
/* 00408 808C5388 A0AF0008 */  sb      $t7, 0x0008($a1)           ## 000101C1
/* 0040C 808C538C 03E00008 */  jr      $ra                        
/* 00410 808C5390 00000000 */  nop


glabel func_808C5394
/* 00414 808C5394 27BDFFE8 */  addiu   $sp, $sp, 0xFFE8           ## $sp = FFFFFFE8
/* 00418 808C5398 AFBF0014 */  sw      $ra, 0x0014($sp)           
/* 0041C 808C539C 00803025 */  or      $a2, $a0, $zero            ## $a2 = 00000000
/* 00420 808C53A0 00C02025 */  or      $a0, $a2, $zero            ## $a0 = 00000000
/* 00424 808C53A4 24053260 */  addiu   $a1, $zero, 0x3260         ## $a1 = 00003260
/* 00428 808C53A8 0C02E404 */  jal     func_800B9010              
/* 0042C 808C53AC AFA60018 */  sw      $a2, 0x0018($sp)           
/* 00430 808C53B0 8FA60018 */  lw      $a2, 0x0018($sp)           
/* 00434 808C53B4 240E0028 */  addiu   $t6, $zero, 0x0028         ## $t6 = 00000028
/* 00438 808C53B8 84C202EA */  lh      $v0, 0x02EA($a2)           ## 000002EA
/* 0043C 808C53BC 54400004 */  bnel    $v0, $zero, .L808C53D0     
/* 00440 808C53C0 244FFFFF */  addiu   $t7, $v0, 0xFFFF           ## $t7 = FFFFFFFF
/* 00444 808C53C4 A4CE02EA */  sh      $t6, 0x02EA($a2)           ## 000002EA
/* 00448 808C53C8 84C202EA */  lh      $v0, 0x02EA($a2)           ## 000002EA
/* 0044C 808C53CC 244FFFFF */  addiu   $t7, $v0, 0xFFFF           ## $t7 = FFFFFFFF
.L808C53D0:
/* 00450 808C53D0 A4CF02EA */  sh      $t7, 0x02EA($a2)           ## 000002EA
/* 00454 808C53D4 84C402EA */  lh      $a0, 0x02EA($a2)           ## 000002EA
/* 00458 808C53D8 24010666 */  addiu   $at, $zero, 0x0666         ## $at = 00000666
/* 0045C 808C53DC AFA60018 */  sw      $a2, 0x0018($sp)           
/* 00460 808C53E0 00810019 */  multu   $a0, $at                   
/* 00464 808C53E4 00002012 */  mflo    $a0                        
/* 00468 808C53E8 00042400 */  sll     $a0, $a0, 16               
/* 0046C 808C53EC 0C03FB51 */  jal     func_800FED44              
/* 00470 808C53F0 00042403 */  sra     $a0, $a0, 16               
/* 00474 808C53F4 3C013F80 */  lui     $at, 0x3F80                ## $at = 3F800000
/* 00478 808C53F8 44812000 */  mtc1    $at, $f4                   ## $f4 = 1.00
/* 0047C 808C53FC 3C0140F0 */  lui     $at, 0x40F0                ## $at = 40F00000
/* 00480 808C5400 44814000 */  mtc1    $at, $f8                   ## $f8 = 7.50
/* 00484 808C5404 46002181 */  sub.s   $f6, $f4, $f0              
/* 00488 808C5408 8FA60018 */  lw      $a2, 0x0018($sp)           
/* 0048C 808C540C 46083282 */  mul.s   $f10, $f6, $f8             
/* 00490 808C5410 C4D0000C */  lwc1    $f16, 0x000C($a2)          ## 0000000C
/* 00494 808C5414 46105480 */  add.s   $f18, $f10, $f16           
/* 00498 808C5418 E4D20028 */  swc1    $f18, 0x0028($a2)          ## 00000028
/* 0049C 808C541C 8FBF0014 */  lw      $ra, 0x0014($sp)           
/* 004A0 808C5420 03E00008 */  jr      $ra                        
/* 004A4 808C5424 27BD0018 */  addiu   $sp, $sp, 0x0018           ## $sp = 00000000


glabel func_808C5428
/* 004A8 808C5428 27BDFFE0 */  addiu   $sp, $sp, 0xFFE0           ## $sp = FFFFFFE0
/* 004AC 808C542C AFBF0014 */  sw      $ra, 0x0014($sp)           
/* 004B0 808C5430 AFA40020 */  sw      $a0, 0x0020($sp)           
/* 004B4 808C5434 AFA50024 */  sw      $a1, 0x0024($sp)           
/* 004B8 808C5438 3C070001 */  lui     $a3, 0x0001                ## $a3 = 00010000
/* 004BC 808C543C 34E738B0 */  ori     $a3, $a3, 0x38B0           ## $a3 = 000138B0
/* 004C0 808C5440 8FA40024 */  lw      $a0, 0x0024($sp)           
/* 004C4 808C5444 8FA50020 */  lw      $a1, 0x0020($sp)           
/* 004C8 808C5448 0C02F09C */  jal     func_800BC270              
/* 004CC 808C544C 3C0642A0 */  lui     $a2, 0x42A0                ## $a2 = 42A00000
/* 004D0 808C5450 10400022 */  beq     $v0, $zero, .L808C54DC     
/* 004D4 808C5454 00402825 */  or      $a1, $v0, $zero            ## $a1 = 00000000
/* 004D8 808C5458 8FA40020 */  lw      $a0, 0x0020($sp)           
/* 004DC 808C545C 0C02DB35 */  jal     func_800B6CD4              
/* 004E0 808C5460 AFA2001C */  sw      $v0, 0x001C($sp)           
/* 004E4 808C5464 8FAE0020 */  lw      $t6, 0x0020($sp)           
/* 004E8 808C5468 8FA50020 */  lw      $a1, 0x0020($sp)           
/* 004EC 808C546C 85CF00BE */  lh      $t7, 0x00BE($t6)           ## 000000BE
/* 004F0 808C5470 24A5003C */  addiu   $a1, $a1, 0x003C           ## $a1 = 0000003C
/* 004F4 808C5474 004F1823 */  subu    $v1, $v0, $t7              
/* 004F8 808C5478 00031C00 */  sll     $v1, $v1, 16               
/* 004FC 808C547C 00031C03 */  sra     $v1, $v1, 16               
/* 00500 808C5480 04610003 */  bgez    $v1, .L808C5490            
/* 00504 808C5484 00601025 */  or      $v0, $v1, $zero            ## $v0 = 00000000
/* 00508 808C5488 10000001 */  beq     $zero, $zero, .L808C5490   
/* 0050C 808C548C 00031023 */  subu    $v0, $zero, $v1            
.L808C5490:
/* 00510 808C5490 28412000 */  slti    $at, $v0, 0x2000           
/* 00514 808C5494 50200012 */  beql    $at, $zero, .L808C54E0     
/* 00518 808C5498 00001025 */  or      $v0, $zero, $zero          ## $v0 = 00000000
/* 0051C 808C549C 0C02DB6A */  jal     func_800B6DA8              
/* 00520 808C54A0 8FA4001C */  lw      $a0, 0x001C($sp)           
/* 00524 808C54A4 8FB8001C */  lw      $t8, 0x001C($sp)           
/* 00528 808C54A8 87190030 */  lh      $t9, 0x0030($t8)           ## 00000030
/* 0052C 808C54AC 00591823 */  subu    $v1, $v0, $t9              
/* 00530 808C54B0 00031C00 */  sll     $v1, $v1, 16               
/* 00534 808C54B4 00031C03 */  sra     $v1, $v1, 16               
/* 00538 808C54B8 04610003 */  bgez    $v1, .L808C54C8            
/* 0053C 808C54BC 00601025 */  or      $v0, $v1, $zero            ## $v0 = 00000000
/* 00540 808C54C0 10000001 */  beq     $zero, $zero, .L808C54C8   
/* 00544 808C54C4 00031023 */  subu    $v0, $zero, $v1            
.L808C54C8:
/* 00548 808C54C8 28413000 */  slti    $at, $v0, 0x3000           
/* 0054C 808C54CC 50200004 */  beql    $at, $zero, .L808C54E0     
/* 00550 808C54D0 00001025 */  or      $v0, $zero, $zero          ## $v0 = 00000000
/* 00554 808C54D4 10000002 */  beq     $zero, $zero, .L808C54E0   
/* 00558 808C54D8 24020001 */  addiu   $v0, $zero, 0x0001         ## $v0 = 00000001
.L808C54DC:
/* 0055C 808C54DC 00001025 */  or      $v0, $zero, $zero          ## $v0 = 00000000
.L808C54E0:
/* 00560 808C54E0 8FBF0014 */  lw      $ra, 0x0014($sp)           
/* 00564 808C54E4 27BD0020 */  addiu   $sp, $sp, 0x0020           ## $sp = 00000000
/* 00568 808C54E8 03E00008 */  jr      $ra                        
/* 0056C 808C54EC 00000000 */  nop


glabel func_808C54F0
/* 00570 808C54F0 27BDFF98 */  addiu   $sp, $sp, 0xFF98           ## $sp = FFFFFF98
/* 00574 808C54F4 AFB00020 */  sw      $s0, 0x0020($sp)           
/* 00578 808C54F8 00808025 */  or      $s0, $a0, $zero            ## $s0 = 00000000
/* 0057C 808C54FC AFBF0024 */  sw      $ra, 0x0024($sp)           
/* 00580 808C5500 0C03FB61 */  jal     func_800FED84              
/* 00584 808C5504 860400BE */  lh      $a0, 0x00BE($s0)           ## 000000BE
/* 00588 808C5508 860400BE */  lh      $a0, 0x00BE($s0)           ## 000000BE
/* 0058C 808C550C 0C03FB51 */  jal     func_800FED44              
/* 00590 808C5510 E7A00064 */  swc1    $f0, 0x0064($sp)           
/* 00594 808C5514 3C01C120 */  lui     $at, 0xC120                ## $at = C1200000
/* 00598 808C5518 44818000 */  mtc1    $at, $f16                  ## $f16 = -10.00
/* 0059C 808C551C 3C01428C */  lui     $at, 0x428C                ## $at = 428C0000
/* 005A0 808C5520 44819000 */  mtc1    $at, $f18                  ## $f18 = 70.00
/* 005A4 808C5524 3C014296 */  lui     $at, 0x4296                ## $at = 42960000
/* 005A8 808C5528 C7A20064 */  lwc1    $f2, 0x0064($sp)           
/* 005AC 808C552C 46009302 */  mul.s   $f12, $f18, $f0            
/* 005B0 808C5530 44815000 */  mtc1    $at, $f10                  ## $f10 = 75.00
/* 005B4 808C5534 E7A00060 */  swc1    $f0, 0x0060($sp)           
/* 005B8 808C5538 C6060024 */  lwc1    $f6, 0x0024($s0)           ## 00000024
/* 005BC 808C553C 46025102 */  mul.s   $f4, $f10, $f2             
/* 005C0 808C5540 26040860 */  addiu   $a0, $s0, 0x0860           ## $a0 = 00000860
/* 005C4 808C5544 27B80054 */  addiu   $t8, $sp, 0x0054           ## $t8 = FFFFFFEC
/* 005C8 808C5548 46029382 */  mul.s   $f14, $f18, $f2            
/* 005CC 808C554C 00002825 */  or      $a1, $zero, $zero          ## $a1 = 00000000
/* 005D0 808C5550 460C3201 */  sub.s   $f8, $f6, $f12             
/* 005D4 808C5554 27A6003C */  addiu   $a2, $sp, 0x003C           ## $a2 = FFFFFFD4
/* 005D8 808C5558 27A70048 */  addiu   $a3, $sp, 0x0048           ## $a3 = FFFFFFE0
/* 005DC 808C555C 46044180 */  add.s   $f6, $f8, $f4              
/* 005E0 808C5560 E7A6003C */  swc1    $f6, 0x003C($sp)           
/* 005E4 808C5564 C60A0028 */  lwc1    $f10, 0x0028($s0)          ## 00000028
/* 005E8 808C5568 46105200 */  add.s   $f8, $f10, $f16            
/* 005EC 808C556C E7A80040 */  swc1    $f8, 0x0040($sp)           
/* 005F0 808C5570 C604002C */  lwc1    $f4, 0x002C($s0)           ## 0000002C
/* 005F4 808C5574 44814000 */  mtc1    $at, $f8                   ## $f8 = 75.00
/* 005F8 808C5578 3C014282 */  lui     $at, 0x4282                ## $at = 42820000
/* 005FC 808C557C 460E2280 */  add.s   $f10, $f4, $f14            
/* 00600 808C5580 46004102 */  mul.s   $f4, $f8, $f0              
/* 00604 808C5584 46045200 */  add.s   $f8, $f10, $f4             
/* 00608 808C5588 E7A80044 */  swc1    $f8, 0x0044($sp)           
/* 0060C 808C558C C60A0024 */  lwc1    $f10, 0x0024($s0)          ## 00000024
/* 00610 808C5590 460C5100 */  add.s   $f4, $f10, $f12            
/* 00614 808C5594 44815000 */  mtc1    $at, $f10                  ## $f10 = 65.00
/* 00618 808C5598 3C014316 */  lui     $at, 0x4316                ## $at = 43160000
/* 0061C 808C559C 46025282 */  mul.s   $f10, $f10, $f2            
/* 00620 808C55A0 460A2100 */  add.s   $f4, $f4, $f10             
/* 00624 808C55A4 C7AA0040 */  lwc1    $f10, 0x0040($sp)          
/* 00628 808C55A8 E7A40048 */  swc1    $f4, 0x0048($sp)           
/* 0062C 808C55AC 44812000 */  mtc1    $at, $f4                   ## $f4 = 150.00
/* 00630 808C55B0 3C014282 */  lui     $at, 0x4282                ## $at = 42820000
/* 00634 808C55B4 46045280 */  add.s   $f10, $f10, $f4            
/* 00638 808C55B8 E7AA004C */  swc1    $f10, 0x004C($sp)          
/* 0063C 808C55BC C604002C */  lwc1    $f4, 0x002C($s0)           ## 0000002C
/* 00640 808C55C0 E7A60028 */  swc1    $f6, 0x0028($sp)           
/* 00644 808C55C4 44813000 */  mtc1    $at, $f6                   ## $f6 = 65.00
/* 00648 808C55C8 460E2101 */  sub.s   $f4, $f4, $f14             
/* 0064C 808C55CC E7AA0058 */  swc1    $f10, 0x0058($sp)          
/* 00650 808C55D0 46003182 */  mul.s   $f6, $f6, $f0              
/* 00654 808C55D4 AFA40038 */  sw      $a0, 0x0038($sp)           
/* 00658 808C55D8 AFB80010 */  sw      $t8, 0x0010($sp)           
/* 0065C 808C55DC 46062100 */  add.s   $f4, $f4, $f6              
/* 00660 808C55E0 C7A60028 */  lwc1    $f6, 0x0028($sp)           
/* 00664 808C55E4 E7A40050 */  swc1    $f4, 0x0050($sp)           
/* 00668 808C55E8 46028102 */  mul.s   $f4, $f16, $f2             
/* 0066C 808C55EC 46043180 */  add.s   $f6, $f6, $f4              
/* 00670 808C55F0 46008102 */  mul.s   $f4, $f16, $f0             
/* 00674 808C55F4 E7A60054 */  swc1    $f6, 0x0054($sp)           
/* 00678 808C55F8 46044180 */  add.s   $f6, $f8, $f4              
/* 0067C 808C55FC 0C039FB3 */  jal     func_800E7ECC              
/* 00680 808C5600 E7A6005C */  swc1    $f6, 0x005C($sp)           
/* 00684 808C5604 3C014120 */  lui     $at, 0x4120                ## $at = 41200000
/* 00688 808C5608 44810000 */  mtc1    $at, $f0                   ## $f0 = 10.00
/* 0068C 808C560C C7A20064 */  lwc1    $f2, 0x0064($sp)           
/* 00690 808C5610 C7AA0048 */  lwc1    $f10, 0x0048($sp)          
/* 00694 808C5614 C7A60040 */  lwc1    $f6, 0x0040($sp)           
/* 00698 808C5618 46020202 */  mul.s   $f8, $f0, $f2              
/* 0069C 808C561C 27B90048 */  addiu   $t9, $sp, 0x0048           ## $t9 = FFFFFFE0
/* 006A0 808C5620 E7A60058 */  swc1    $f6, 0x0058($sp)           
/* 006A4 808C5624 8FA40038 */  lw      $a0, 0x0038($sp)           
/* 006A8 808C5628 AFB90010 */  sw      $t9, 0x0010($sp)           
/* 006AC 808C562C 24050001 */  addiu   $a1, $zero, 0x0001         ## $a1 = 00000001
/* 006B0 808C5630 27A6003C */  addiu   $a2, $sp, 0x003C           ## $a2 = FFFFFFD4
/* 006B4 808C5634 46085100 */  add.s   $f4, $f10, $f8             
/* 006B8 808C5638 C7A80060 */  lwc1    $f8, 0x0060($sp)           
/* 006BC 808C563C C7AA0050 */  lwc1    $f10, 0x0050($sp)          
/* 006C0 808C5640 27A70054 */  addiu   $a3, $sp, 0x0054           ## $a3 = FFFFFFEC
/* 006C4 808C5644 E7A40054 */  swc1    $f4, 0x0054($sp)           
/* 006C8 808C5648 46080102 */  mul.s   $f4, $f0, $f8              
/* 006CC 808C564C 46045180 */  add.s   $f6, $f10, $f4             
/* 006D0 808C5650 0C039FB3 */  jal     func_800E7ECC              
/* 006D4 808C5654 E7A6005C */  swc1    $f6, 0x005C($sp)           
/* 006D8 808C5658 8FBF0024 */  lw      $ra, 0x0024($sp)           
/* 006DC 808C565C 8FB00020 */  lw      $s0, 0x0020($sp)           
/* 006E0 808C5660 27BD0068 */  addiu   $sp, $sp, 0x0068           ## $sp = 00000000
/* 006E4 808C5664 03E00008 */  jr      $ra                        
/* 006E8 808C5668 00000000 */  nop


glabel func_808C566C
/* 006EC 808C566C C4800028 */  lwc1    $f0, 0x0028($a0)           ## 00000028
/* 006F0 808C5670 C482000C */  lwc1    $f2, 0x000C($a0)           ## 0000000C
/* 006F4 808C5674 3C01808D */  lui     $at, %hi(D_808C9B60)       ## $at = 808D0000
/* 006F8 808C5678 4602003C */  c.lt.s  $f0, $f2                   
/* 006FC 808C567C 46020101 */  sub.s   $f4, $f0, $f2              
/* 00700 808C5680 45000004 */  bc1f    .L808C5694                 
/* 00704 808C5684 E4840308 */  swc1    $f4, 0x0308($a0)           ## 00000308
/* 00708 808C5688 44803000 */  mtc1    $zero, $f6                 ## $f6 = 0.00
/* 0070C 808C568C 10000003 */  beq     $zero, $zero, .L808C569C   
/* 00710 808C5690 E4860308 */  swc1    $f6, 0x0308($a0)           ## 00000308
.L808C5694:
/* 00714 808C5694 C4880308 */  lwc1    $f8, 0x0308($a0)           ## 00000308
/* 00718 808C5698 E4880308 */  swc1    $f8, 0x0308($a0)           ## 00000308
.L808C569C:
/* 0071C 808C569C C48A0308 */  lwc1    $f10, 0x0308($a0)          ## 00000308
/* 00720 808C56A0 C4309B60 */  lwc1    $f16, %lo(D_808C9B60)($at) 
/* 00724 808C56A4 3C014040 */  lui     $at, 0x4040                ## $at = 40400000
/* 00728 808C56A8 44813000 */  mtc1    $at, $f6                   ## $f6 = 3.00
/* 0072C 808C56AC 46105482 */  mul.s   $f18, $f10, $f16           
/* 00730 808C56B0 3C0142A0 */  lui     $at, 0x42A0                ## $at = 42A00000
/* 00734 808C56B4 44815000 */  mtc1    $at, $f10                  ## $f10 = 80.00
/* 00738 808C56B8 3C01808D */  lui     $at, %hi(D_808C9B64)       ## $at = 808D0000
/* 0073C 808C56BC 848E02F6 */  lh      $t6, 0x02F6($a0)           ## 000002F6
/* 00740 808C56C0 E4920308 */  swc1    $f18, 0x0308($a0)          ## 00000308
/* 00744 808C56C4 C4800308 */  lwc1    $f0, 0x0308($a0)           ## 00000308
/* 00748 808C56C8 46000102 */  mul.s   $f4, $f0, $f0              
/* 0074C 808C56CC 00000000 */  nop
/* 00750 808C56D0 46062202 */  mul.s   $f8, $f4, $f6              
/* 00754 808C56D4 460A4400 */  add.s   $f16, $f8, $f10            
/* 00758 808C56D8 E4900308 */  swc1    $f16, 0x0308($a0)          ## 00000308
/* 0075C 808C56DC C4249B64 */  lwc1    $f4, %lo(D_808C9B64)($at)  
/* 00760 808C56E0 C4920308 */  lwc1    $f18, 0x0308($a0)          ## 00000308
/* 00764 808C56E4 3C0141B4 */  lui     $at, 0x41B4                ## $at = 41B40000
/* 00768 808C56E8 44814000 */  mtc1    $at, $f8                   ## $f8 = 22.50
/* 0076C 808C56EC 46049182 */  mul.s   $f6, $f18, $f4             
/* 00770 808C56F0 3C014780 */  lui     $at, 0x4780                ## $at = 47800000
/* 00774 808C56F4 44815000 */  mtc1    $at, $f10                  ## $f10 = 65536.00
/* 00778 808C56F8 46064083 */  div.s   $f2, $f8, $f6              
/* 0077C 808C56FC 46025402 */  mul.s   $f16, $f10, $f2            
/* 00780 808C5700 4600848D */  trunc.w.s $f18, $f16                 
/* 00784 808C5704 44089000 */  mfc1    $t0, $f18                  
/* 00788 808C5708 00000000 */  nop
/* 0078C 808C570C 01C84821 */  addu    $t1, $t6, $t0              
/* 00790 808C5710 A48902F6 */  sh      $t1, 0x02F6($a0)           ## 000002F6
/* 00794 808C5714 03E00008 */  jr      $ra                        
/* 00798 808C5718 00000000 */  nop


glabel func_808C571C
/* 0079C 808C571C 27BDFFC0 */  addiu   $sp, $sp, 0xFFC0           ## $sp = FFFFFFC0
/* 007A0 808C5720 AFB00014 */  sw      $s0, 0x0014($sp)           
/* 007A4 808C5724 00808025 */  or      $s0, $a0, $zero            ## $s0 = 00000000
/* 007A8 808C5728 AFBF001C */  sw      $ra, 0x001C($sp)           
/* 007AC 808C572C AFB10018 */  sw      $s1, 0x0018($sp)           
/* 007B0 808C5730 AFA50044 */  sw      $a1, 0x0044($sp)           
/* 007B4 808C5734 86040016 */  lh      $a0, 0x0016($s0)           ## 00000016
/* 007B8 808C5738 8FAE0044 */  lw      $t6, 0x0044($sp)           
/* 007BC 808C573C 860F00BE */  lh      $t7, 0x00BE($s0)           ## 000000BE
/* 007C0 808C5740 24840098 */  addiu   $a0, $a0, 0x0098           ## $a0 = 00000098
/* 007C4 808C5744 2419003C */  addiu   $t9, $zero, 0x003C         ## $t9 = 0000003C
/* 007C8 808C5748 00042400 */  sll     $a0, $a0, 16               
/* 007CC 808C574C 8DD11CCC */  lw      $s1, 0x1CCC($t6)           ## 00001CCC
/* 007D0 808C5750 25F89A86 */  addiu   $t8, $t7, 0x9A86           ## $t8 = FFFF9A86
/* 007D4 808C5754 A61800BE */  sh      $t8, 0x00BE($s0)           ## 000000BE
/* 007D8 808C5758 A61902EE */  sh      $t9, 0x02EE($s0)           ## 000002EE
/* 007DC 808C575C 0C03FB61 */  jal     func_800FED84              
/* 007E0 808C5760 00042403 */  sra     $a0, $a0, 16               
/* 007E4 808C5764 3C01808D */  lui     $at, %hi(D_808C9B68)       ## $at = 808D0000
/* 007E8 808C5768 C4249B68 */  lwc1    $f4, %lo(D_808C9B68)($at)  
/* 007EC 808C576C C6080024 */  lwc1    $f8, 0x0024($s0)           ## 00000024
/* 007F0 808C5770 46040182 */  mul.s   $f6, $f0, $f4              
/* 007F4 808C5774 46083280 */  add.s   $f10, $f6, $f8             
/* 007F8 808C5778 E7AA0030 */  swc1    $f10, 0x0030($sp)          
/* 007FC 808C577C 86040016 */  lh      $a0, 0x0016($s0)           ## 00000016
/* 00800 808C5780 24840098 */  addiu   $a0, $a0, 0x0098           ## $a0 = 00000098
/* 00804 808C5784 00042400 */  sll     $a0, $a0, 16               
/* 00808 808C5788 0C03FB51 */  jal     func_800FED44              
/* 0080C 808C578C 00042403 */  sra     $a0, $a0, 16               
/* 00810 808C5790 3C01808D */  lui     $at, %hi(D_808C9B6C)       ## $at = 808D0000
/* 00814 808C5794 C4309B6C */  lwc1    $f16, %lo(D_808C9B6C)($at) 
/* 00818 808C5798 C604002C */  lwc1    $f4, 0x002C($s0)           ## 0000002C
/* 0081C 808C579C 3C014040 */  lui     $at, 0x4040                ## $at = 40400000
/* 00820 808C57A0 46100482 */  mul.s   $f18, $f0, $f16            
/* 00824 808C57A4 44815000 */  mtc1    $at, $f10                  ## $f10 = 3.00
/* 00828 808C57A8 3C0142E8 */  lui     $at, 0x42E8                ## $at = 42E80000
/* 0082C 808C57AC 46049180 */  add.s   $f6, $f18, $f4             
/* 00830 808C57B0 E7A60038 */  swc1    $f6, 0x0038($sp)           
/* 00834 808C57B4 C608000C */  lwc1    $f8, 0x000C($s0)           ## 0000000C
/* 00838 808C57B8 460A4400 */  add.s   $f16, $f8, $f10            
/* 0083C 808C57BC 44814000 */  mtc1    $at, $f8                   ## $f8 = 116.00
/* 00840 808C57C0 E7B00034 */  swc1    $f16, 0x0034($sp)          
/* 00844 808C57C4 C6120024 */  lwc1    $f18, 0x0024($s0)          ## 00000024
/* 00848 808C57C8 E7B20024 */  swc1    $f18, 0x0024($sp)          
/* 0084C 808C57CC C604002C */  lwc1    $f4, 0x002C($s0)           ## 0000002C
/* 00850 808C57D0 E7A4002C */  swc1    $f4, 0x002C($sp)           
/* 00854 808C57D4 C6060028 */  lwc1    $f6, 0x0028($s0)           ## 00000028
/* 00858 808C57D8 46083281 */  sub.s   $f10, $f6, $f8             
/* 0085C 808C57DC E7AA0028 */  swc1    $f10, 0x0028($sp)          
/* 00860 808C57E0 86040016 */  lh      $a0, 0x0016($s0)           ## 00000016
/* 00864 808C57E4 2484FC90 */  addiu   $a0, $a0, 0xFC90           ## $a0 = FFFFFC90
/* 00868 808C57E8 00042400 */  sll     $a0, $a0, 16               
/* 0086C 808C57EC 0C03FB61 */  jal     func_800FED84              
/* 00870 808C57F0 00042403 */  sra     $a0, $a0, 16               
/* 00874 808C57F4 3C01808D */  lui     $at, %hi(D_808C9B70)       ## $at = 808D0000
/* 00878 808C57F8 C4309B70 */  lwc1    $f16, %lo(D_808C9B70)($at) 
/* 0087C 808C57FC C6040024 */  lwc1    $f4, 0x0024($s0)           ## 00000024
/* 00880 808C5800 46100482 */  mul.s   $f18, $f0, $f16            
/* 00884 808C5804 46049180 */  add.s   $f6, $f18, $f4             
/* 00888 808C5808 E6260024 */  swc1    $f6, 0x0024($s1)           ## 00000024
/* 0088C 808C580C 86040016 */  lh      $a0, 0x0016($s0)           ## 00000016
/* 00890 808C5810 2484FC90 */  addiu   $a0, $a0, 0xFC90           ## $a0 = FFFFFC90
/* 00894 808C5814 00042400 */  sll     $a0, $a0, 16               
/* 00898 808C5818 0C03FB51 */  jal     func_800FED44              
/* 0089C 808C581C 00042403 */  sra     $a0, $a0, 16               
/* 008A0 808C5820 3C01808D */  lui     $at, %hi(D_808C9B74)       ## $at = 808D0000
/* 008A4 808C5824 C4289B74 */  lwc1    $f8, %lo(D_808C9B74)($at)  
/* 008A8 808C5828 C610002C */  lwc1    $f16, 0x002C($s0)          ## 0000002C
/* 008AC 808C582C 02202025 */  or      $a0, $s1, $zero            ## $a0 = 00000000
/* 008B0 808C5830 46080282 */  mul.s   $f10, $f0, $f8             
/* 008B4 808C5834 02002825 */  or      $a1, $s0, $zero            ## $a1 = 00000000
/* 008B8 808C5838 46105480 */  add.s   $f18, $f10, $f16           
/* 008BC 808C583C 0C02DB35 */  jal     func_800B6CD4              
/* 008C0 808C5840 E632002C */  swc1    $f18, 0x002C($s1)          ## 0000002C
/* 008C4 808C5844 A62200BE */  sh      $v0, 0x00BE($s1)           ## 000000BE
/* 008C8 808C5848 860502FA */  lh      $a1, 0x02FA($s0)           ## 000002FA
/* 008CC 808C584C 8FA40044 */  lw      $a0, 0x0044($sp)           
/* 008D0 808C5850 27A60024 */  addiu   $a2, $sp, 0x0024           ## $a2 = FFFFFFE4
/* 008D4 808C5854 0C05A5C3 */  jal     func_8016970C              
/* 008D8 808C5858 27A70030 */  addiu   $a3, $sp, 0x0030           ## $a3 = FFFFFFF0
/* 008DC 808C585C 8FA40044 */  lw      $a0, 0x0044($sp)           
/* 008E0 808C5860 860502FA */  lh      $a1, 0x02FA($s0)           ## 000002FA
/* 008E4 808C5864 0C05A650 */  jal     func_80169940              
/* 008E8 808C5868 3C06429A */  lui     $a2, 0x429A                ## $a2 = 429A0000
/* 008EC 808C586C 8FA40044 */  lw      $a0, 0x0044($sp)           
/* 008F0 808C5870 02002825 */  or      $a1, $s0, $zero            ## $a1 = 00000000
/* 008F4 808C5874 0C02DC93 */  jal     func_800B724C              
/* 008F8 808C5878 24060015 */  addiu   $a2, $zero, 0x0015         ## $a2 = 00000015
/* 008FC 808C587C 3C08808C */  lui     $t0, %hi(func_808C589C)    ## $t0 = 808C0000
/* 00900 808C5880 2508589C */  addiu   $t0, $t0, %lo(func_808C589C) ## $t0 = 808C589C
/* 00904 808C5884 AE080188 */  sw      $t0, 0x0188($s0)           ## 00000188
/* 00908 808C5888 8FBF001C */  lw      $ra, 0x001C($sp)           
/* 0090C 808C588C 8FB00014 */  lw      $s0, 0x0014($sp)           
/* 00910 808C5890 8FB10018 */  lw      $s1, 0x0018($sp)           
/* 00914 808C5894 03E00008 */  jr      $ra                        
/* 00918 808C5898 27BD0040 */  addiu   $sp, $sp, 0x0040           ## $sp = 00000000


glabel func_808C589C
/* 0091C 808C589C 27BDFFE0 */  addiu   $sp, $sp, 0xFFE0           ## $sp = FFFFFFE0
/* 00920 808C58A0 AFB00014 */  sw      $s0, 0x0014($sp)           
/* 00924 808C58A4 00808025 */  or      $s0, $a0, $zero            ## $s0 = 00000000
/* 00928 808C58A8 AFBF001C */  sw      $ra, 0x001C($sp)           
/* 0092C 808C58AC AFB10018 */  sw      $s1, 0x0018($sp)           
/* 00930 808C58B0 AFA50024 */  sw      $a1, 0x0024($sp)           
/* 00934 808C58B4 86040016 */  lh      $a0, 0x0016($s0)           ## 00000016
/* 00938 808C58B8 8FAE0024 */  lw      $t6, 0x0024($sp)           
/* 0093C 808C58BC 2484FC90 */  addiu   $a0, $a0, 0xFC90           ## $a0 = FFFFFC90
/* 00940 808C58C0 00042400 */  sll     $a0, $a0, 16               
/* 00944 808C58C4 00042403 */  sra     $a0, $a0, 16               
/* 00948 808C58C8 0C03FB61 */  jal     func_800FED84              
/* 0094C 808C58CC 8DD11CCC */  lw      $s1, 0x1CCC($t6)           ## 00001CCC
/* 00950 808C58D0 3C01808D */  lui     $at, %hi(D_808C9B78)       ## $at = 808D0000
/* 00954 808C58D4 C4249B78 */  lwc1    $f4, %lo(D_808C9B78)($at)  
/* 00958 808C58D8 C6080024 */  lwc1    $f8, 0x0024($s0)           ## 00000024
/* 0095C 808C58DC 46040182 */  mul.s   $f6, $f0, $f4              
/* 00960 808C58E0 46083280 */  add.s   $f10, $f6, $f8             
/* 00964 808C58E4 E62A0024 */  swc1    $f10, 0x0024($s1)          ## 00000024
/* 00968 808C58E8 86040016 */  lh      $a0, 0x0016($s0)           ## 00000016
/* 0096C 808C58EC 2484FC90 */  addiu   $a0, $a0, 0xFC90           ## $a0 = FFFFFC90
/* 00970 808C58F0 00042400 */  sll     $a0, $a0, 16               
/* 00974 808C58F4 0C03FB51 */  jal     func_800FED44              
/* 00978 808C58F8 00042403 */  sra     $a0, $a0, 16               
/* 0097C 808C58FC 3C01808D */  lui     $at, %hi(D_808C9B7C)       ## $at = 808D0000
/* 00980 808C5900 C4309B7C */  lwc1    $f16, %lo(D_808C9B7C)($at) 
/* 00984 808C5904 C604002C */  lwc1    $f4, 0x002C($s0)           ## 0000002C
/* 00988 808C5908 02202025 */  or      $a0, $s1, $zero            ## $a0 = 00000000
/* 0098C 808C590C 46100482 */  mul.s   $f18, $f0, $f16            
/* 00990 808C5910 02002825 */  or      $a1, $s0, $zero            ## $a1 = 00000000
/* 00994 808C5914 46049180 */  add.s   $f6, $f18, $f4             
/* 00998 808C5918 0C02DB35 */  jal     func_800B6CD4              
/* 0099C 808C591C E626002C */  swc1    $f6, 0x002C($s1)           ## 0000002C
/* 009A0 808C5920 A62200BE */  sh      $v0, 0x00BE($s1)           ## 000000BE
/* 009A4 808C5924 860302EE */  lh      $v1, 0x02EE($s0)           ## 000002EE
/* 009A8 808C5928 24010019 */  addiu   $at, $zero, 0x0019         ## $at = 00000019
/* 009AC 808C592C 8FA40024 */  lw      $a0, 0x0024($sp)           
/* 009B0 808C5930 14610004 */  bne     $v1, $at, .L808C5944       
/* 009B4 808C5934 02002825 */  or      $a1, $s0, $zero            ## $a1 = 00000000
/* 009B8 808C5938 0C02DC93 */  jal     func_800B724C              
/* 009BC 808C593C 24060051 */  addiu   $a2, $zero, 0x0051         ## $a2 = 00000051
/* 009C0 808C5940 860302EE */  lh      $v1, 0x02EE($s0)           ## 000002EE
.L808C5944:
/* 009C4 808C5944 18600004 */  blez    $v1, .L808C5958            
/* 009C8 808C5948 02002025 */  or      $a0, $s0, $zero            ## $a0 = 00000000
/* 009CC 808C594C 246FFFFF */  addiu   $t7, $v1, 0xFFFF           ## $t7 = FFFFFFFF
/* 009D0 808C5950 10000003 */  beq     $zero, $zero, .L808C5960   
/* 009D4 808C5954 A60F02EE */  sh      $t7, 0x02EE($s0)           ## 000002EE
.L808C5958:
/* 009D8 808C5958 0C23165F */  jal     func_808C597C              
/* 009DC 808C595C 8FA50024 */  lw      $a1, 0x0024($sp)           
.L808C5960:
/* 009E0 808C5960 0C23159B */  jal     func_808C566C              
/* 009E4 808C5964 02002025 */  or      $a0, $s0, $zero            ## $a0 = 00000000
/* 009E8 808C5968 8FBF001C */  lw      $ra, 0x001C($sp)           
/* 009EC 808C596C 8FB00014 */  lw      $s0, 0x0014($sp)           
/* 009F0 808C5970 8FB10018 */  lw      $s1, 0x0018($sp)           
/* 009F4 808C5974 03E00008 */  jr      $ra                        
/* 009F8 808C5978 27BD0020 */  addiu   $sp, $sp, 0x0020           ## $sp = 00000000


glabel func_808C597C
/* 009FC 808C597C 27BDFFD8 */  addiu   $sp, $sp, 0xFFD8           ## $sp = FFFFFFD8
/* 00A00 808C5980 AFB00018 */  sw      $s0, 0x0018($sp)           
/* 00A04 808C5984 00808025 */  or      $s0, $a0, $zero            ## $s0 = 00000000
/* 00A08 808C5988 AFBF001C */  sw      $ra, 0x001C($sp)           
/* 00A0C 808C598C AFA5002C */  sw      $a1, 0x002C($sp)           
/* 00A10 808C5990 8FA4002C */  lw      $a0, 0x002C($sp)           
/* 00A14 808C5994 0C05A5B5 */  jal     func_801696D4              
/* 00A18 808C5998 860502FA */  lh      $a1, 0x02FA($s0)           ## 000002FA
/* 00A1C 808C599C AFA20024 */  sw      $v0, 0x0024($sp)           
/* 00A20 808C59A0 0C2314C4 */  jal     func_808C5310              
/* 00A24 808C59A4 8FA4002C */  lw      $a0, 0x002C($sp)           
/* 00A28 808C59A8 00002025 */  or      $a0, $zero, $zero          ## $a0 = 00000000
/* 00A2C 808C59AC 02001825 */  or      $v1, $s0, $zero            ## $v1 = 00000000
/* 00A30 808C59B0 24050014 */  addiu   $a1, $zero, 0x0014         ## $a1 = 00000014
/* 00A34 808C59B4 24020007 */  addiu   $v0, $zero, 0x0007         ## $v0 = 00000007
.L808C59B8:
/* 00A38 808C59B8 8C6E06E4 */  lw      $t6, 0x06E4($v1)           ## 000006E4
/* 00A3C 808C59BC 24840004 */  addiu   $a0, $a0, 0x0004           ## $a0 = 00000004
/* 00A40 808C59C0 24630010 */  addiu   $v1, $v1, 0x0010           ## $v1 = 00000010
/* 00A44 808C59C4 A5C2001C */  sh      $v0, 0x001C($t6)           ## 0000001C
/* 00A48 808C59C8 8C6F06D8 */  lw      $t7, 0x06D8($v1)           ## 000006E8
/* 00A4C 808C59CC A5E2001C */  sh      $v0, 0x001C($t7)           ## 0000001C
/* 00A50 808C59D0 8C7806DC */  lw      $t8, 0x06DC($v1)           ## 000006EC
/* 00A54 808C59D4 A702001C */  sh      $v0, 0x001C($t8)           ## 0000001C
/* 00A58 808C59D8 8C7906E0 */  lw      $t9, 0x06E0($v1)           ## 000006F0
/* 00A5C 808C59DC 1485FFF6 */  bne     $a0, $a1, .L808C59B8       
/* 00A60 808C59E0 A722001C */  sh      $v0, 0x001C($t9)           ## 0000001C
/* 00A64 808C59E4 24080032 */  addiu   $t0, $zero, 0x0032         ## $t0 = 00000032
/* 00A68 808C59E8 A60802EE */  sh      $t0, 0x02EE($s0)           ## 000002EE
/* 00A6C 808C59EC 0C03FB61 */  jal     func_800FED84              
/* 00A70 808C59F0 86040016 */  lh      $a0, 0x0016($s0)           ## 00000016
/* 00A74 808C59F4 3C01430C */  lui     $at, 0x430C                ## $at = 430C0000
/* 00A78 808C59F8 44812000 */  mtc1    $at, $f4                   ## $f4 = 140.00
/* 00A7C 808C59FC C6080024 */  lwc1    $f8, 0x0024($s0)           ## 00000024
/* 00A80 808C5A00 86040016 */  lh      $a0, 0x0016($s0)           ## 00000016
/* 00A84 808C5A04 46040182 */  mul.s   $f6, $f0, $f4              
/* 00A88 808C5A08 46083280 */  add.s   $f10, $f6, $f8             
/* 00A8C 808C5A0C 0C03FB51 */  jal     func_800FED44              
/* 00A90 808C5A10 E60A0344 */  swc1    $f10, 0x0344($s0)          ## 00000344
/* 00A94 808C5A14 3C01430C */  lui     $at, 0x430C                ## $at = 430C0000
/* 00A98 808C5A18 44818000 */  mtc1    $at, $f16                  ## $f16 = 140.00
/* 00A9C 808C5A1C 3C0141A0 */  lui     $at, 0x41A0                ## $at = 41A00000
/* 00AA0 808C5A20 44813000 */  mtc1    $at, $f6                   ## $f6 = 20.00
/* 00AA4 808C5A24 46100482 */  mul.s   $f18, $f0, $f16            
/* 00AA8 808C5A28 C602002C */  lwc1    $f2, 0x002C($s0)           ## 0000002C
/* 00AAC 808C5A2C C60C000C */  lwc1    $f12, 0x000C($s0)          ## 0000000C
/* 00AB0 808C5A30 3C014248 */  lui     $at, 0x4248                ## $at = 42480000
/* 00AB4 808C5A34 44818000 */  mtc1    $at, $f16                  ## $f16 = 50.00
/* 00AB8 808C5A38 46066200 */  add.s   $f8, $f12, $f6             
/* 00ABC 808C5A3C C60A0024 */  lwc1    $f10, 0x0024($s0)          ## 00000024
/* 00AC0 808C5A40 E6020358 */  swc1    $f2, 0x0358($s0)           ## 00000358
/* 00AC4 808C5A44 46029100 */  add.s   $f4, $f18, $f2             
/* 00AC8 808C5A48 E6080348 */  swc1    $f8, 0x0348($s0)           ## 00000348
/* 00ACC 808C5A4C E60A0350 */  swc1    $f10, 0x0350($s0)          ## 00000350
/* 00AD0 808C5A50 46106480 */  add.s   $f18, $f12, $f16           
/* 00AD4 808C5A54 E604034C */  swc1    $f4, 0x034C($s0)           ## 0000034C
/* 00AD8 808C5A58 26050344 */  addiu   $a1, $s0, 0x0344           ## $a1 = 00000344
/* 00ADC 808C5A5C E6120354 */  swc1    $f18, 0x0354($s0)          ## 00000354
/* 00AE0 808C5A60 8FA40024 */  lw      $a0, 0x0024($sp)           
/* 00AE4 808C5A64 0C03FE21 */  jal     func_800FF884              
/* 00AE8 808C5A68 2484005C */  addiu   $a0, $a0, 0x005C           ## $a0 = 0000005C
/* 00AEC 808C5A6C 3C01808D */  lui     $at, %hi(D_808C9B80)       ## $at = 808D0000
/* 00AF0 808C5A70 C4249B80 */  lwc1    $f4, %lo(D_808C9B80)($at)  
/* 00AF4 808C5A74 26050350 */  addiu   $a1, $s0, 0x0350           ## $a1 = 00000350
/* 00AF8 808C5A78 46040182 */  mul.s   $f6, $f0, $f4              
/* 00AFC 808C5A7C E606030C */  swc1    $f6, 0x030C($s0)           ## 0000030C
/* 00B00 808C5A80 8FA40024 */  lw      $a0, 0x0024($sp)           
/* 00B04 808C5A84 0C03FE21 */  jal     func_800FF884              
/* 00B08 808C5A88 24840050 */  addiu   $a0, $a0, 0x0050           ## $a0 = 00000050
/* 00B0C 808C5A8C 3C01808D */  lui     $at, %hi(D_808C9B84)       ## $at = 808D0000
/* 00B10 808C5A90 C4289B84 */  lwc1    $f8, %lo(D_808C9B84)($at)  
/* 00B14 808C5A94 3C09808C */  lui     $t1, %hi(func_808C5AB8)    ## $t1 = 808C0000
/* 00B18 808C5A98 25295AB8 */  addiu   $t1, $t1, %lo(func_808C5AB8) ## $t1 = 808C5AB8
/* 00B1C 808C5A9C 46080282 */  mul.s   $f10, $f0, $f8             
/* 00B20 808C5AA0 AE090188 */  sw      $t1, 0x0188($s0)           ## 00000188
/* 00B24 808C5AA4 E60A0310 */  swc1    $f10, 0x0310($s0)          ## 00000310
/* 00B28 808C5AA8 8FBF001C */  lw      $ra, 0x001C($sp)           
/* 00B2C 808C5AAC 8FB00018 */  lw      $s0, 0x0018($sp)           
/* 00B30 808C5AB0 03E00008 */  jr      $ra                        
/* 00B34 808C5AB4 27BD0028 */  addiu   $sp, $sp, 0x0028           ## $sp = 00000000


glabel func_808C5AB8
/* 00B38 808C5AB8 27BDFFD0 */  addiu   $sp, $sp, 0xFFD0           ## $sp = FFFFFFD0
/* 00B3C 808C5ABC AFB00018 */  sw      $s0, 0x0018($sp)           
/* 00B40 808C5AC0 00808025 */  or      $s0, $a0, $zero            ## $s0 = 00000000
/* 00B44 808C5AC4 AFBF001C */  sw      $ra, 0x001C($sp)           
/* 00B48 808C5AC8 AFA50034 */  sw      $a1, 0x0034($sp)           
/* 00B4C 808C5ACC 8FA40034 */  lw      $a0, 0x0034($sp)           
/* 00B50 808C5AD0 0C05A5B5 */  jal     func_801696D4              
/* 00B54 808C5AD4 860502FA */  lh      $a1, 0x02FA($s0)           ## 000002FA
/* 00B58 808C5AD8 AFA2002C */  sw      $v0, 0x002C($sp)           
/* 00B5C 808C5ADC 860302EE */  lh      $v1, 0x02EE($s0)           ## 000002EE
/* 00B60 808C5AE0 2401002A */  addiu   $at, $zero, 0x002A         ## $at = 0000002A
/* 00B64 808C5AE4 8FA40034 */  lw      $a0, 0x0034($sp)           
/* 00B68 808C5AE8 14610005 */  bne     $v1, $at, .L808C5B00       
/* 00B6C 808C5AEC 02002825 */  or      $a1, $s0, $zero            ## $a1 = 00000000
/* 00B70 808C5AF0 0C02DC93 */  jal     func_800B724C              
/* 00B74 808C5AF4 24060004 */  addiu   $a2, $zero, 0x0004         ## $a2 = 00000004
/* 00B78 808C5AF8 10000008 */  beq     $zero, $zero, .L808C5B1C   
/* 00B7C 808C5AFC 860302EE */  lh      $v1, 0x02EE($s0)           ## 000002EE
.L808C5B00:
/* 00B80 808C5B00 2401001B */  addiu   $at, $zero, 0x001B         ## $at = 0000001B
/* 00B84 808C5B04 14610005 */  bne     $v1, $at, .L808C5B1C       
/* 00B88 808C5B08 8FA40034 */  lw      $a0, 0x0034($sp)           
/* 00B8C 808C5B0C 02002825 */  or      $a1, $s0, $zero            ## $a1 = 00000000
/* 00B90 808C5B10 0C02DC93 */  jal     func_800B724C              
/* 00B94 808C5B14 2406007B */  addiu   $a2, $zero, 0x007B         ## $a2 = 0000007B
/* 00B98 808C5B18 860302EE */  lh      $v1, 0x02EE($s0)           ## 000002EE
.L808C5B1C:
/* 00B9C 808C5B1C 1C600033 */  bgtz    $v1, .L808C5BEC            
/* 00BA0 808C5B20 2469FFFF */  addiu   $t1, $v1, 0xFFFF           ## $t1 = FFFFFFFF
/* 00BA4 808C5B24 3C0143C8 */  lui     $at, 0x43C8                ## $at = 43C80000
/* 00BA8 808C5B28 44814000 */  mtc1    $at, $f8                   ## $f8 = 400.00
/* 00BAC 808C5B2C C606000C */  lwc1    $f6, 0x000C($s0)           ## 0000000C
/* 00BB0 808C5B30 3C014361 */  lui     $at, 0x4361                ## $at = 43610000
/* 00BB4 808C5B34 44818000 */  mtc1    $at, $f16                  ## $f16 = 225.00
/* 00BB8 808C5B38 46083280 */  add.s   $f10, $f6, $f8             
/* 00BBC 808C5B3C C6040028 */  lwc1    $f4, 0x0028($s0)           ## 00000028
/* 00BC0 808C5B40 8FAF0034 */  lw      $t7, 0x0034($sp)           
/* 00BC4 808C5B44 3C010001 */  lui     $at, 0x0001                ## $at = 00010000
/* 00BC8 808C5B48 46105481 */  sub.s   $f18, $f10, $f16           
/* 00BCC 808C5B4C 002F0821 */  addu    $at, $at, $t7              
/* 00BD0 808C5B50 4612203C */  c.lt.s  $f4, $f18                  
/* 00BD4 808C5B54 00000000 */  nop
/* 00BD8 808C5B58 45000002 */  bc1f    .L808C5B64                 
/* 00BDC 808C5B5C 240E001A */  addiu   $t6, $zero, 0x001A         ## $t6 = 0000001A
/* 00BE0 808C5B60 A02E70C7 */  sb      $t6, 0x70C7($at)           ## 000170C7
.L808C5B64:
/* 00BE4 808C5B64 8FA4002C */  lw      $a0, 0x002C($sp)           
/* 00BE8 808C5B68 8E06030C */  lw      $a2, 0x030C($s0)           ## 0000030C
/* 00BEC 808C5B6C 26050344 */  addiu   $a1, $s0, 0x0344           ## $a1 = 00000344
/* 00BF0 808C5B70 2484005C */  addiu   $a0, $a0, 0x005C           ## $a0 = 0000005C
/* 00BF4 808C5B74 0C040112 */  jal     func_80100448              
/* 00BF8 808C5B78 AFA40028 */  sw      $a0, 0x0028($sp)           
/* 00BFC 808C5B7C 8FA4002C */  lw      $a0, 0x002C($sp)           
/* 00C00 808C5B80 8E060310 */  lw      $a2, 0x0310($s0)           ## 00000310
/* 00C04 808C5B84 26050350 */  addiu   $a1, $s0, 0x0350           ## $a1 = 00000350
/* 00C08 808C5B88 24840050 */  addiu   $a0, $a0, 0x0050           ## $a0 = 00000050
/* 00C0C 808C5B8C 0C040112 */  jal     func_80100448              
/* 00C10 808C5B90 AFA40024 */  sw      $a0, 0x0024($sp)           
/* 00C14 808C5B94 8FA40034 */  lw      $a0, 0x0034($sp)           
/* 00C18 808C5B98 860502FA */  lh      $a1, 0x02FA($s0)           ## 000002FA
/* 00C1C 808C5B9C 8FA60024 */  lw      $a2, 0x0024($sp)           
/* 00C20 808C5BA0 0C05A5C3 */  jal     func_8016970C              
/* 00C24 808C5BA4 8FA70028 */  lw      $a3, 0x0028($sp)           
/* 00C28 808C5BA8 26040028 */  addiu   $a0, $s0, 0x0028           ## $a0 = 00000028
/* 00C2C 808C5BAC 8E05000C */  lw      $a1, 0x000C($s0)           ## 0000000C
/* 00C30 808C5BB0 0C03FC0F */  jal     func_800FF03C              
/* 00C34 808C5BB4 3C064110 */  lui     $a2, 0x4110                ## $a2 = 41100000
/* 00C38 808C5BB8 1040000D */  beq     $v0, $zero, .L808C5BF0     
/* 00C3C 808C5BBC 00000000 */  nop
/* 00C40 808C5BC0 861802EE */  lh      $t8, 0x02EE($s0)           ## 000002EE
/* 00C44 808C5BC4 2401FFEC */  addiu   $at, $zero, 0xFFEC         ## $at = FFFFFFEC
/* 00C48 808C5BC8 2719FFFF */  addiu   $t9, $t8, 0xFFFF           ## $t9 = FFFFFFFF
/* 00C4C 808C5BCC A61902EE */  sh      $t9, 0x02EE($s0)           ## 000002EE
/* 00C50 808C5BD0 860802EE */  lh      $t0, 0x02EE($s0)           ## 000002EE
/* 00C54 808C5BD4 15010006 */  bne     $t0, $at, .L808C5BF0       
/* 00C58 808C5BD8 00000000 */  nop
/* 00C5C 808C5BDC 0C231703 */  jal     func_808C5C0C              
/* 00C60 808C5BE0 02002025 */  or      $a0, $s0, $zero            ## $a0 = 00000000
/* 00C64 808C5BE4 10000002 */  beq     $zero, $zero, .L808C5BF0   
/* 00C68 808C5BE8 00000000 */  nop
.L808C5BEC:
/* 00C6C 808C5BEC A60902EE */  sh      $t1, 0x02EE($s0)           ## 000002EE
.L808C5BF0:
/* 00C70 808C5BF0 0C23159B */  jal     func_808C566C              
/* 00C74 808C5BF4 02002025 */  or      $a0, $s0, $zero            ## $a0 = 00000000
/* 00C78 808C5BF8 8FBF001C */  lw      $ra, 0x001C($sp)           
/* 00C7C 808C5BFC 8FB00018 */  lw      $s0, 0x0018($sp)           
/* 00C80 808C5C00 27BD0030 */  addiu   $sp, $sp, 0x0030           ## $sp = 00000000
/* 00C84 808C5C04 03E00008 */  jr      $ra                        
/* 00C88 808C5C08 00000000 */  nop


glabel func_808C5C0C
/* 00C8C 808C5C0C 27BDFFD0 */  addiu   $sp, $sp, 0xFFD0           ## $sp = FFFFFFD0
/* 00C90 808C5C10 AFB00028 */  sw      $s0, 0x0028($sp)           
/* 00C94 808C5C14 3C02801F */  lui     $v0, 0x801F                ## $v0 = 801F0000
/* 00C98 808C5C18 2442F670 */  addiu   $v0, $v0, 0xF670           ## $v0 = 801EF670
/* 00C9C 808C5C1C 00808025 */  or      $s0, $a0, $zero            ## $s0 = 00000000
/* 00CA0 808C5C20 AFBF002C */  sw      $ra, 0x002C($sp)           
/* 00CA4 808C5C24 904E1012 */  lbu     $t6, 0x1012($v0)           ## 801F0682
/* 00CA8 808C5C28 3C040601 */  lui     $a0, 0x0601                ## $a0 = 06010000
/* 00CAC 808C5C2C 2484B284 */  addiu   $a0, $a0, 0xB284           ## $a0 = 0600B284
/* 00CB0 808C5C30 35CF0008 */  ori     $t7, $t6, 0x0008           ## $t7 = 00000008
/* 00CB4 808C5C34 0C04D1D2 */  jal     func_80134748              
/* 00CB8 808C5C38 A04F1012 */  sb      $t7, 0x1012($v0)           ## 801F0682
/* 00CBC 808C5C3C 44822000 */  mtc1    $v0, $f4                   ## $f4 = 0.00
/* 00CC0 808C5C40 44800000 */  mtc1    $zero, $f0                 ## $f0 = 0.00
/* 00CC4 808C5C44 3C050601 */  lui     $a1, 0x0601                ## $a1 = 06010000
/* 00CC8 808C5C48 468021A0 */  cvt.s.w $f6, $f4                   
/* 00CCC 808C5C4C 24180002 */  addiu   $t8, $zero, 0x0002         ## $t8 = 00000002
/* 00CD0 808C5C50 44060000 */  mfc1    $a2, $f0                   
/* 00CD4 808C5C54 44070000 */  mfc1    $a3, $f0                   
/* 00CD8 808C5C58 AFB80014 */  sw      $t8, 0x0014($sp)           
/* 00CDC 808C5C5C 24A5B284 */  addiu   $a1, $a1, 0xB284           ## $a1 = 0600B284
/* 00CE0 808C5C60 E7A60010 */  swc1    $f6, 0x0010($sp)           
/* 00CE4 808C5C64 26040144 */  addiu   $a0, $s0, 0x0144           ## $a0 = 00000144
/* 00CE8 808C5C68 0C04DCFA */  jal     func_801373E8              
/* 00CEC 808C5C6C E7A00018 */  swc1    $f0, 0x0018($sp)           
/* 00CF0 808C5C70 861900BE */  lh      $t9, 0x00BE($s0)           ## 000000BE
/* 00CF4 808C5C74 3C01808D */  lui     $at, %hi(D_808C9B88)       ## $at = 808D0000
/* 00CF8 808C5C78 C4289B88 */  lwc1    $f8, %lo(D_808C9B88)($at)  
/* 00CFC 808C5C7C 2728777F */  addiu   $t0, $t9, 0x777F           ## $t0 = 0000777F
/* 00D00 808C5C80 A60800BE */  sh      $t0, 0x00BE($s0)           ## 000000BE
/* 00D04 808C5C84 02002025 */  or      $a0, $s0, $zero            ## $a0 = 00000000
/* 00D08 808C5C88 24053AB4 */  addiu   $a1, $zero, 0x3AB4         ## $a1 = 00003AB4
/* 00D0C 808C5C8C 0C02E3B2 */  jal     func_800B8EC8              
/* 00D10 808C5C90 E608005C */  swc1    $f8, 0x005C($s0)           ## 0000005C
/* 00D14 808C5C94 3C09808C */  lui     $t1, %hi(func_808C5CB4)    ## $t1 = 808C0000
/* 00D18 808C5C98 25295CB4 */  addiu   $t1, $t1, %lo(func_808C5CB4) ## $t1 = 808C5CB4
/* 00D1C 808C5C9C AE090188 */  sw      $t1, 0x0188($s0)           ## 00000188
/* 00D20 808C5CA0 8FBF002C */  lw      $ra, 0x002C($sp)           
/* 00D24 808C5CA4 8FB00028 */  lw      $s0, 0x0028($sp)           
/* 00D28 808C5CA8 27BD0030 */  addiu   $sp, $sp, 0x0030           ## $sp = 00000000
/* 00D2C 808C5CAC 03E00008 */  jr      $ra                        
/* 00D30 808C5CB0 00000000 */  nop


glabel func_808C5CB4
/* 00D34 808C5CB4 27BDFFE8 */  addiu   $sp, $sp, 0xFFE8           ## $sp = FFFFFFE8
/* 00D38 808C5CB8 AFBF0014 */  sw      $ra, 0x0014($sp)           
/* 00D3C 808C5CBC AFA5001C */  sw      $a1, 0x001C($sp)           
/* 00D40 808C5CC0 00803825 */  or      $a3, $a0, $zero            ## $a3 = 00000000
/* 00D44 808C5CC4 3C053C23 */  lui     $a1, 0x3C23                ## $a1 = 3C230000
/* 00D48 808C5CC8 3C063A03 */  lui     $a2, 0x3A03                ## $a2 = 3A030000
/* 00D4C 808C5CCC 34C6126F */  ori     $a2, $a2, 0x126F           ## $a2 = 3A03126F
/* 00D50 808C5CD0 34A5D70A */  ori     $a1, $a1, 0xD70A           ## $a1 = 3C23D70A
/* 00D54 808C5CD4 24E40058 */  addiu   $a0, $a3, 0x0058           ## $a0 = 00000058
/* 00D58 808C5CD8 0C03FC0F */  jal     func_800FF03C              
/* 00D5C 808C5CDC AFA70018 */  sw      $a3, 0x0018($sp)           
/* 00D60 808C5CE0 8FA70018 */  lw      $a3, 0x0018($sp)           
/* 00D64 808C5CE4 3C01808D */  lui     $at, %hi(D_808C9B8C)       ## $at = 808D0000
/* 00D68 808C5CE8 C42C9B8C */  lwc1    $f12, %lo(D_808C9B8C)($at) 
/* 00D6C 808C5CEC C4E00058 */  lwc1    $f0, 0x0058($a3)           ## 00000058
/* 00D70 808C5CF0 3C01808D */  lui     $at, %hi(D_808C9B90)       ## $at = 808D0000
/* 00D74 808C5CF4 00E02025 */  or      $a0, $a3, $zero            ## $a0 = 00000000
/* 00D78 808C5CF8 E4E00060 */  swc1    $f0, 0x0060($a3)           ## 00000060
/* 00D7C 808C5CFC C4249B90 */  lwc1    $f4, %lo(D_808C9B90)($at)  
/* 00D80 808C5D00 3C01808D */  lui     $at, %hi(D_808C9B94)       ## $at = 808D0000
/* 00D84 808C5D04 46002081 */  sub.s   $f2, $f4, $f0              
/* 00D88 808C5D08 4602603C */  c.lt.s  $f12, $f2                  
/* 00D8C 808C5D0C 00000000 */  nop
/* 00D90 808C5D10 45000002 */  bc1f    .L808C5D1C                 
/* 00D94 808C5D14 00000000 */  nop
/* 00D98 808C5D18 46006086 */  mov.s   $f2, $f12                  
.L808C5D1C:
/* 00D9C 808C5D1C C4269B94 */  lwc1    $f6, %lo(D_808C9B94)($at)  
/* 00DA0 808C5D20 84EE00BE */  lh      $t6, 0x00BE($a3)           ## 000000BE
/* 00DA4 808C5D24 46061202 */  mul.s   $f8, $f2, $f6              
/* 00DA8 808C5D28 4600428D */  trunc.w.s $f10, $f8                  
/* 00DAC 808C5D2C 44085000 */  mfc1    $t0, $f10                  
/* 00DB0 808C5D30 00000000 */  nop
/* 00DB4 808C5D34 01C84821 */  addu    $t1, $t6, $t0              
/* 00DB8 808C5D38 10400006 */  beq     $v0, $zero, .L808C5D54     
/* 00DBC 808C5D3C A4E900BE */  sh      $t1, 0x00BE($a3)           ## 000000BE
/* 00DC0 808C5D40 A0E00192 */  sb      $zero, 0x0192($a3)         ## 00000192
/* 00DC4 808C5D44 AFA70018 */  sw      $a3, 0x0018($sp)           
/* 00DC8 808C5D48 0C23175B */  jal     func_808C5D6C              
/* 00DCC 808C5D4C 8FA5001C */  lw      $a1, 0x001C($sp)           
/* 00DD0 808C5D50 8FA70018 */  lw      $a3, 0x0018($sp)           
.L808C5D54:
/* 00DD4 808C5D54 0C23159B */  jal     func_808C566C              
/* 00DD8 808C5D58 00E02025 */  or      $a0, $a3, $zero            ## $a0 = 00000000
/* 00DDC 808C5D5C 8FBF0014 */  lw      $ra, 0x0014($sp)           
/* 00DE0 808C5D60 27BD0018 */  addiu   $sp, $sp, 0x0018           ## $sp = 00000000
/* 00DE4 808C5D64 03E00008 */  jr      $ra                        
/* 00DE8 808C5D68 00000000 */  nop


glabel func_808C5D6C
/* 00DEC 808C5D6C 27BDFFD8 */  addiu   $sp, $sp, 0xFFD8           ## $sp = FFFFFFD8
/* 00DF0 808C5D70 AFB00018 */  sw      $s0, 0x0018($sp)           
/* 00DF4 808C5D74 00808025 */  or      $s0, $a0, $zero            ## $s0 = 00000000
/* 00DF8 808C5D78 AFBF001C */  sw      $ra, 0x001C($sp)           
/* 00DFC 808C5D7C 00A03025 */  or      $a2, $a1, $zero            ## $a2 = 00000000
/* 00E00 808C5D80 00C02025 */  or      $a0, $a2, $zero            ## $a0 = 00000000
/* 00E04 808C5D84 0C05A5B5 */  jal     func_801696D4              
/* 00E08 808C5D88 860502FA */  lh      $a1, 0x02FA($s0)           ## 000002FA
/* 00E0C 808C5D8C 3C040601 */  lui     $a0, 0x0601                ## $a0 = 06010000
/* 00E10 808C5D90 AFA20024 */  sw      $v0, 0x0024($sp)           
/* 00E14 808C5D94 0C04D1D2 */  jal     func_80134748              
/* 00E18 808C5D98 2484B284 */  addiu   $a0, $a0, 0xB284           ## $a0 = 0600B284
/* 00E1C 808C5D9C 44822000 */  mtc1    $v0, $f4                   ## $f4 = 0.00
/* 00E20 808C5DA0 3C013F80 */  lui     $at, 0x3F80                ## $at = 3F800000
/* 00E24 808C5DA4 44810000 */  mtc1    $at, $f0                   ## $f0 = 1.00
/* 00E28 808C5DA8 468021A0 */  cvt.s.w $f6, $f4                   
/* 00E2C 808C5DAC 240E000A */  addiu   $t6, $zero, 0x000A         ## $t6 = 0000000A
/* 00E30 808C5DB0 46060203 */  div.s   $f8, $f0, $f6              
/* 00E34 808C5DB4 E7A80020 */  swc1    $f8, 0x0020($sp)           
/* 00E38 808C5DB8 86040016 */  lh      $a0, 0x0016($s0)           ## 00000016
/* 00E3C 808C5DBC A60E02EE */  sh      $t6, 0x02EE($s0)           ## 000002EE
/* 00E40 808C5DC0 E6000160 */  swc1    $f0, 0x0160($s0)           ## 00000160
/* 00E44 808C5DC4 0C03FB61 */  jal     func_800FED84              
/* 00E48 808C5DC8 A60400BE */  sh      $a0, 0x00BE($s0)           ## 000000BE
/* 00E4C 808C5DCC 3C014248 */  lui     $at, 0x4248                ## $at = 42480000
/* 00E50 808C5DD0 44815000 */  mtc1    $at, $f10                  ## $f10 = 50.00
/* 00E54 808C5DD4 C6120024 */  lwc1    $f18, 0x0024($s0)          ## 00000024
/* 00E58 808C5DD8 86040016 */  lh      $a0, 0x0016($s0)           ## 00000016
/* 00E5C 808C5DDC 460A0402 */  mul.s   $f16, $f0, $f10            
/* 00E60 808C5DE0 46128100 */  add.s   $f4, $f16, $f18            
/* 00E64 808C5DE4 0C03FB51 */  jal     func_800FED44              
/* 00E68 808C5DE8 E6040344 */  swc1    $f4, 0x0344($s0)           ## 00000344
/* 00E6C 808C5DEC 3C014248 */  lui     $at, 0x4248                ## $at = 42480000
/* 00E70 808C5DF0 44813000 */  mtc1    $at, $f6                   ## $f6 = 50.00
/* 00E74 808C5DF4 C602002C */  lwc1    $f2, 0x002C($s0)           ## 0000002C
/* 00E78 808C5DF8 3C0142BE */  lui     $at, 0x42BE                ## $at = 42BE0000
/* 00E7C 808C5DFC 46060202 */  mul.s   $f8, $f0, $f6              
/* 00E80 808C5E00 44819000 */  mtc1    $at, $f18                  ## $f18 = 95.00
/* 00E84 808C5E04 C610000C */  lwc1    $f16, 0x000C($s0)          ## 0000000C
/* 00E88 808C5E08 3C0142C8 */  lui     $at, 0x42C8                ## $at = 42C80000
/* 00E8C 808C5E0C C6060024 */  lwc1    $f6, 0x0024($s0)           ## 00000024
/* 00E90 808C5E10 46128100 */  add.s   $f4, $f16, $f18            
/* 00E94 808C5E14 E6020358 */  swc1    $f2, 0x0358($s0)           ## 00000358
/* 00E98 808C5E18 E6060350 */  swc1    $f6, 0x0350($s0)           ## 00000350
/* 00E9C 808C5E1C 46024280 */  add.s   $f10, $f8, $f2             
/* 00EA0 808C5E20 C6080028 */  lwc1    $f8, 0x0028($s0)           ## 00000028
/* 00EA4 808C5E24 E6040348 */  swc1    $f4, 0x0348($s0)           ## 00000348
/* 00EA8 808C5E28 26050344 */  addiu   $a1, $s0, 0x0344           ## $a1 = 00000344
/* 00EAC 808C5E2C E60A034C */  swc1    $f10, 0x034C($s0)          ## 0000034C
/* 00EB0 808C5E30 44815000 */  mtc1    $at, $f10                  ## $f10 = 100.00
/* 00EB4 808C5E34 00000000 */  nop
/* 00EB8 808C5E38 460A4400 */  add.s   $f16, $f8, $f10            
/* 00EBC 808C5E3C E6100354 */  swc1    $f16, 0x0354($s0)          ## 00000354
/* 00EC0 808C5E40 8FA40024 */  lw      $a0, 0x0024($sp)           
/* 00EC4 808C5E44 0C03FE21 */  jal     func_800FF884              
/* 00EC8 808C5E48 2484005C */  addiu   $a0, $a0, 0x005C           ## $a0 = 0000005C
/* 00ECC 808C5E4C C7B20020 */  lwc1    $f18, 0x0020($sp)          
/* 00ED0 808C5E50 26050350 */  addiu   $a1, $s0, 0x0350           ## $a1 = 00000350
/* 00ED4 808C5E54 46120102 */  mul.s   $f4, $f0, $f18             
/* 00ED8 808C5E58 E604030C */  swc1    $f4, 0x030C($s0)           ## 0000030C
/* 00EDC 808C5E5C 8FA40024 */  lw      $a0, 0x0024($sp)           
/* 00EE0 808C5E60 0C03FE21 */  jal     func_800FF884              
/* 00EE4 808C5E64 24840050 */  addiu   $a0, $a0, 0x0050           ## $a0 = 00000050
/* 00EE8 808C5E68 C7A60020 */  lwc1    $f6, 0x0020($sp)           
/* 00EEC 808C5E6C 3C0F808C */  lui     $t7, %hi(func_808C5E90)    ## $t7 = 808C0000
/* 00EF0 808C5E70 25EF5E90 */  addiu   $t7, $t7, %lo(func_808C5E90) ## $t7 = 808C5E90
/* 00EF4 808C5E74 46060202 */  mul.s   $f8, $f0, $f6              
/* 00EF8 808C5E78 AE0F0188 */  sw      $t7, 0x0188($s0)           ## 00000188
/* 00EFC 808C5E7C E6080310 */  swc1    $f8, 0x0310($s0)           ## 00000310
/* 00F00 808C5E80 8FBF001C */  lw      $ra, 0x001C($sp)           
/* 00F04 808C5E84 8FB00018 */  lw      $s0, 0x0018($sp)           
/* 00F08 808C5E88 03E00008 */  jr      $ra                        
/* 00F0C 808C5E8C 27BD0028 */  addiu   $sp, $sp, 0x0028           ## $sp = 00000000


glabel func_808C5E90
/* 00F10 808C5E90 27BDFFD0 */  addiu   $sp, $sp, 0xFFD0           ## $sp = FFFFFFD0
/* 00F14 808C5E94 AFB00018 */  sw      $s0, 0x0018($sp)           
/* 00F18 808C5E98 00808025 */  or      $s0, $a0, $zero            ## $s0 = 00000000
/* 00F1C 808C5E9C AFBF001C */  sw      $ra, 0x001C($sp)           
/* 00F20 808C5EA0 AFA50034 */  sw      $a1, 0x0034($sp)           
/* 00F24 808C5EA4 8FA40034 */  lw      $a0, 0x0034($sp)           
/* 00F28 808C5EA8 0C05A5B5 */  jal     func_801696D4              
/* 00F2C 808C5EAC 860502FA */  lh      $a1, 0x02FA($s0)           ## 000002FA
/* 00F30 808C5EB0 92040191 */  lbu     $a0, 0x0191($s0)           ## 00000191
/* 00F34 808C5EB4 00401825 */  or      $v1, $v0, $zero            ## $v1 = 00000000
/* 00F38 808C5EB8 26050344 */  addiu   $a1, $s0, 0x0344           ## $a1 = 00000344
/* 00F3C 808C5EBC 28810017 */  slti    $at, $a0, 0x0017           
/* 00F40 808C5EC0 10200002 */  beq     $at, $zero, .L808C5ECC     
/* 00F44 808C5EC4 248E0001 */  addiu   $t6, $a0, 0x0001           ## $t6 = 00000001
/* 00F48 808C5EC8 A20E0191 */  sb      $t6, 0x0191($s0)           ## 00000191
.L808C5ECC:
/* 00F4C 808C5ECC 2464005C */  addiu   $a0, $v1, 0x005C           ## $a0 = 0000005C
/* 00F50 808C5ED0 8E06030C */  lw      $a2, 0x030C($s0)           ## 0000030C
/* 00F54 808C5ED4 AFA40028 */  sw      $a0, 0x0028($sp)           
/* 00F58 808C5ED8 0C040112 */  jal     func_80100448              
/* 00F5C 808C5EDC AFA3002C */  sw      $v1, 0x002C($sp)           
/* 00F60 808C5EE0 8FA3002C */  lw      $v1, 0x002C($sp)           
/* 00F64 808C5EE4 8E060310 */  lw      $a2, 0x0310($s0)           ## 00000310
/* 00F68 808C5EE8 26050350 */  addiu   $a1, $s0, 0x0350           ## $a1 = 00000350
/* 00F6C 808C5EEC 24640050 */  addiu   $a0, $v1, 0x0050           ## $a0 = 00000050
/* 00F70 808C5EF0 0C040112 */  jal     func_80100448              
/* 00F74 808C5EF4 AFA40024 */  sw      $a0, 0x0024($sp)           
/* 00F78 808C5EF8 8FA40034 */  lw      $a0, 0x0034($sp)           
/* 00F7C 808C5EFC 860502FA */  lh      $a1, 0x02FA($s0)           ## 000002FA
/* 00F80 808C5F00 8FA60024 */  lw      $a2, 0x0024($sp)           
/* 00F84 808C5F04 0C05A5C3 */  jal     func_8016970C              
/* 00F88 808C5F08 8FA70028 */  lw      $a3, 0x0028($sp)           
/* 00F8C 808C5F0C 0C04DB34 */  jal     func_80136CD0              
/* 00F90 808C5F10 26040144 */  addiu   $a0, $s0, 0x0144           ## $a0 = 00000144
/* 00F94 808C5F14 10400009 */  beq     $v0, $zero, .L808C5F3C     
/* 00F98 808C5F18 00000000 */  nop
/* 00F9C 808C5F1C 860202EE */  lh      $v0, 0x02EE($s0)           ## 000002EE
/* 00FA0 808C5F20 02002025 */  or      $a0, $s0, $zero            ## $a0 = 00000000
/* 00FA4 808C5F24 18400003 */  blez    $v0, .L808C5F34            
/* 00FA8 808C5F28 244FFFFF */  addiu   $t7, $v0, 0xFFFF           ## $t7 = FFFFFFFF
/* 00FAC 808C5F2C 10000003 */  beq     $zero, $zero, .L808C5F3C   
/* 00FB0 808C5F30 A60F02EE */  sh      $t7, 0x02EE($s0)           ## 000002EE
.L808C5F34:
/* 00FB4 808C5F34 0C2317D6 */  jal     func_808C5F58              
/* 00FB8 808C5F38 8FA50034 */  lw      $a1, 0x0034($sp)           
.L808C5F3C:
/* 00FBC 808C5F3C 0C23159B */  jal     func_808C566C              
/* 00FC0 808C5F40 02002025 */  or      $a0, $s0, $zero            ## $a0 = 00000000
/* 00FC4 808C5F44 8FBF001C */  lw      $ra, 0x001C($sp)           
/* 00FC8 808C5F48 8FB00018 */  lw      $s0, 0x0018($sp)           
/* 00FCC 808C5F4C 27BD0030 */  addiu   $sp, $sp, 0x0030           ## $sp = 00000000
/* 00FD0 808C5F50 03E00008 */  jr      $ra                        
/* 00FD4 808C5F54 00000000 */  nop


glabel func_808C5F58
/* 00FD8 808C5F58 27BDFFD8 */  addiu   $sp, $sp, 0xFFD8           ## $sp = FFFFFFD8
/* 00FDC 808C5F5C AFB00018 */  sw      $s0, 0x0018($sp)           
/* 00FE0 808C5F60 00808025 */  or      $s0, $a0, $zero            ## $s0 = 00000000
/* 00FE4 808C5F64 AFBF001C */  sw      $ra, 0x001C($sp)           
/* 00FE8 808C5F68 00A03025 */  or      $a2, $a1, $zero            ## $a2 = 00000000
/* 00FEC 808C5F6C 00C02025 */  or      $a0, $a2, $zero            ## $a0 = 00000000
/* 00FF0 808C5F70 0C05A5B5 */  jal     func_801696D4              
/* 00FF4 808C5F74 860502FA */  lh      $a1, 0x02FA($s0)           ## 000002FA
/* 00FF8 808C5F78 3C050601 */  lui     $a1, 0x0601                ## $a1 = 06010000
/* 00FFC 808C5F7C AFA20024 */  sw      $v0, 0x0024($sp)           
/* 01000 808C5F80 24A5CB2C */  addiu   $a1, $a1, 0xCB2C           ## $a1 = 0600CB2C
/* 01004 808C5F84 0C04DD0C */  jal     func_80137430              
/* 01008 808C5F88 26040144 */  addiu   $a0, $s0, 0x0144           ## $a0 = 00000144
/* 0100C 808C5F8C 240E0017 */  addiu   $t6, $zero, 0x0017         ## $t6 = 00000017
/* 01010 808C5F90 A20E0191 */  sb      $t6, 0x0191($s0)           ## 00000191
/* 01014 808C5F94 0C068B95 */  jal     func_801A2E54              
/* 01018 808C5F98 24040038 */  addiu   $a0, $zero, 0x0038         ## $a0 = 00000038
/* 0101C 808C5F9C 0C03FB61 */  jal     func_800FED84              
/* 01020 808C5FA0 86040016 */  lh      $a0, 0x0016($s0)           ## 00000016
/* 01024 808C5FA4 3C014366 */  lui     $at, 0x4366                ## $at = 43660000
/* 01028 808C5FA8 44812000 */  mtc1    $at, $f4                   ## $f4 = 230.00
/* 0102C 808C5FAC C6080024 */  lwc1    $f8, 0x0024($s0)           ## 00000024
/* 01030 808C5FB0 86040016 */  lh      $a0, 0x0016($s0)           ## 00000016
/* 01034 808C5FB4 46040182 */  mul.s   $f6, $f0, $f4              
/* 01038 808C5FB8 46083280 */  add.s   $f10, $f6, $f8             
/* 0103C 808C5FBC 0C03FB51 */  jal     func_800FED44              
/* 01040 808C5FC0 E60A0344 */  swc1    $f10, 0x0344($s0)          ## 00000344
/* 01044 808C5FC4 3C014366 */  lui     $at, 0x4366                ## $at = 43660000
/* 01048 808C5FC8 44818000 */  mtc1    $at, $f16                  ## $f16 = 230.00
/* 0104C 808C5FCC C604002C */  lwc1    $f4, 0x002C($s0)           ## 0000002C
/* 01050 808C5FD0 3C014220 */  lui     $at, 0x4220                ## $at = 42200000
/* 01054 808C5FD4 46100482 */  mul.s   $f18, $f0, $f16            
/* 01058 808C5FD8 44815000 */  mtc1    $at, $f10                  ## $f10 = 40.00
/* 0105C 808C5FDC 3C0142AA */  lui     $at, 0x42AA                ## $at = 42AA0000
/* 01060 808C5FE0 C608000C */  lwc1    $f8, 0x000C($s0)           ## 0000000C
/* 01064 808C5FE4 26050344 */  addiu   $a1, $s0, 0x0344           ## $a1 = 00000344
/* 01068 808C5FE8 460A4400 */  add.s   $f16, $f8, $f10            
/* 0106C 808C5FEC 46049180 */  add.s   $f6, $f18, $f4             
/* 01070 808C5FF0 44812000 */  mtc1    $at, $f4                   ## $f4 = 85.00
/* 01074 808C5FF4 C6120028 */  lwc1    $f18, 0x0028($s0)          ## 00000028
/* 01078 808C5FF8 E6100348 */  swc1    $f16, 0x0348($s0)          ## 00000348
/* 0107C 808C5FFC E606034C */  swc1    $f6, 0x034C($s0)           ## 0000034C
/* 01080 808C6000 46049180 */  add.s   $f6, $f18, $f4             
/* 01084 808C6004 E6060354 */  swc1    $f6, 0x0354($s0)           ## 00000354
/* 01088 808C6008 8FA40024 */  lw      $a0, 0x0024($sp)           
/* 0108C 808C600C 0C03FE21 */  jal     func_800FF884              
/* 01090 808C6010 2484005C */  addiu   $a0, $a0, 0x005C           ## $a0 = 0000005C
/* 01094 808C6014 3C01808D */  lui     $at, %hi(D_808C9B98)       ## $at = 808D0000
/* 01098 808C6018 C4289B98 */  lwc1    $f8, %lo(D_808C9B98)($at)  
/* 0109C 808C601C 26050350 */  addiu   $a1, $s0, 0x0350           ## $a1 = 00000350
/* 010A0 808C6020 46080282 */  mul.s   $f10, $f0, $f8             
/* 010A4 808C6024 E60A030C */  swc1    $f10, 0x030C($s0)          ## 0000030C
/* 010A8 808C6028 8FA40024 */  lw      $a0, 0x0024($sp)           
/* 010AC 808C602C 0C03FE21 */  jal     func_800FF884              
/* 010B0 808C6030 24840050 */  addiu   $a0, $a0, 0x0050           ## $a0 = 00000050
/* 010B4 808C6034 3C01808D */  lui     $at, %hi(D_808C9B9C)       ## $at = 808D0000
/* 010B8 808C6038 C4309B9C */  lwc1    $f16, %lo(D_808C9B9C)($at) 
/* 010BC 808C603C 26040338 */  addiu   $a0, $s0, 0x0338           ## $a0 = 00000338
/* 010C0 808C6040 24053AB0 */  addiu   $a1, $zero, 0x3AB0         ## $a1 = 00003AB0
/* 010C4 808C6044 46100482 */  mul.s   $f18, $f0, $f16            
/* 010C8 808C6048 0C067C70 */  jal     func_8019F1C0              
/* 010CC 808C604C E6120310 */  swc1    $f18, 0x0310($s0)          ## 00000310
/* 010D0 808C6050 3C0F808C */  lui     $t7, %hi(func_808C6070)    ## $t7 = 808C0000
/* 010D4 808C6054 25EF6070 */  addiu   $t7, $t7, %lo(func_808C6070) ## $t7 = 808C6070
/* 010D8 808C6058 AE0F0188 */  sw      $t7, 0x0188($s0)           ## 00000188
/* 010DC 808C605C 8FBF001C */  lw      $ra, 0x001C($sp)           
/* 010E0 808C6060 8FB00018 */  lw      $s0, 0x0018($sp)           
/* 010E4 808C6064 27BD0028 */  addiu   $sp, $sp, 0x0028           ## $sp = 00000000
/* 010E8 808C6068 03E00008 */  jr      $ra                        
/* 010EC 808C606C 00000000 */  nop


glabel func_808C6070
/* 010F0 808C6070 27BDFFB8 */  addiu   $sp, $sp, 0xFFB8           ## $sp = FFFFFFB8
/* 010F4 808C6074 AFB00018 */  sw      $s0, 0x0018($sp)           
/* 010F8 808C6078 00808025 */  or      $s0, $a0, $zero            ## $s0 = 00000000
/* 010FC 808C607C AFBF001C */  sw      $ra, 0x001C($sp)           
/* 01100 808C6080 AFA5004C */  sw      $a1, 0x004C($sp)           
/* 01104 808C6084 8FA4004C */  lw      $a0, 0x004C($sp)           
/* 01108 808C6088 0C05A5B5 */  jal     func_801696D4              
/* 0110C 808C608C 860502FA */  lh      $a1, 0x02FA($s0)           ## 000002FA
/* 01110 808C6090 26040144 */  addiu   $a0, $s0, 0x0144           ## $a0 = 00000144
/* 01114 808C6094 AFA20044 */  sw      $v0, 0x0044($sp)           
/* 01118 808C6098 AFA4002C */  sw      $a0, 0x002C($sp)           
/* 0111C 808C609C 0C04DE2E */  jal     func_801378B8              
/* 01120 808C60A0 3C054140 */  lui     $a1, 0x4140                ## $a1 = 41400000
/* 01124 808C60A4 10400007 */  beq     $v0, $zero, .L808C60C4     
/* 01128 808C60A8 8FA4002C */  lw      $a0, 0x002C($sp)           
/* 0112C 808C60AC 8FAF004C */  lw      $t7, 0x004C($sp)           
/* 01130 808C60B0 3C010001 */  lui     $at, 0x0001                ## $at = 00010000
/* 01134 808C60B4 240E001B */  addiu   $t6, $zero, 0x001B         ## $t6 = 0000001B
/* 01138 808C60B8 002F0821 */  addu    $at, $at, $t7              
/* 0113C 808C60BC 10000094 */  beq     $zero, $zero, .L808C6310   
/* 01140 808C60C0 A02E70C7 */  sb      $t6, 0x70C7($at)           ## 000170C7
.L808C60C4:
/* 01144 808C60C4 0C04DE2E */  jal     func_801378B8              
/* 01148 808C60C8 3C0541C8 */  lui     $a1, 0x41C8                ## $a1 = 41C80000
/* 0114C 808C60CC 10400007 */  beq     $v0, $zero, .L808C60EC     
/* 01150 808C60D0 8FA4002C */  lw      $a0, 0x002C($sp)           
/* 01154 808C60D4 8FB9004C */  lw      $t9, 0x004C($sp)           
/* 01158 808C60D8 3C010001 */  lui     $at, 0x0001                ## $at = 00010000
/* 0115C 808C60DC 2418001A */  addiu   $t8, $zero, 0x001A         ## $t8 = 0000001A
/* 01160 808C60E0 00390821 */  addu    $at, $at, $t9              
/* 01164 808C60E4 1000008A */  beq     $zero, $zero, .L808C6310   
/* 01168 808C60E8 A03870C7 */  sb      $t8, 0x70C7($at)           ## 000170C7
.L808C60EC:
/* 0116C 808C60EC 0C04DE2E */  jal     func_801378B8              
/* 01170 808C60F0 3C054218 */  lui     $a1, 0x4218                ## $a1 = 42180000
/* 01174 808C60F4 10400012 */  beq     $v0, $zero, .L808C6140     
/* 01178 808C60F8 8FA4002C */  lw      $a0, 0x002C($sp)           
/* 0117C 808C60FC 00002025 */  or      $a0, $zero, $zero          ## $a0 = 00000000
/* 01180 808C6100 02001825 */  or      $v1, $s0, $zero            ## $v1 = 00000000
/* 01184 808C6104 24070014 */  addiu   $a3, $zero, 0x0014         ## $a3 = 00000014
/* 01188 808C6108 24020009 */  addiu   $v0, $zero, 0x0009         ## $v0 = 00000009
.L808C610C:
/* 0118C 808C610C 8C6806E4 */  lw      $t0, 0x06E4($v1)           ## 000006E4
/* 01190 808C6110 24840004 */  addiu   $a0, $a0, 0x0004           ## $a0 = 00000004
/* 01194 808C6114 24630010 */  addiu   $v1, $v1, 0x0010           ## $v1 = 00000010
/* 01198 808C6118 A502001C */  sh      $v0, 0x001C($t0)           ## 0000001C
/* 0119C 808C611C 8C6906D8 */  lw      $t1, 0x06D8($v1)           ## 000006E8
/* 011A0 808C6120 A522001C */  sh      $v0, 0x001C($t1)           ## 0000001C
/* 011A4 808C6124 8C6A06DC */  lw      $t2, 0x06DC($v1)           ## 000006EC
/* 011A8 808C6128 A542001C */  sh      $v0, 0x001C($t2)           ## 0000001C
/* 011AC 808C612C 8C6B06E0 */  lw      $t3, 0x06E0($v1)           ## 000006F0
/* 011B0 808C6130 1487FFF6 */  bne     $a0, $a3, .L808C610C       
/* 011B4 808C6134 A562001C */  sh      $v0, 0x001C($t3)           ## 0000001C
/* 011B8 808C6138 10000076 */  beq     $zero, $zero, .L808C6314   
/* 011BC 808C613C 8FA40044 */  lw      $a0, 0x0044($sp)           
.L808C6140:
/* 011C0 808C6140 0C04DE2E */  jal     func_801378B8              
/* 011C4 808C6144 3C054160 */  lui     $a1, 0x4160                ## $a1 = 41600000
/* 011C8 808C6148 10400071 */  beq     $v0, $zero, .L808C6310     
/* 011CC 808C614C 00003025 */  or      $a2, $zero, $zero          ## $a2 = 00000000
/* 011D0 808C6150 3C01808D */  lui     $at, %hi(D_808C9BA0)       ## $at = 808D0000
/* 011D4 808C6154 C4309BA0 */  lwc1    $f16, %lo(D_808C9BA0)($at) 
/* 011D8 808C6158 3C01808D */  lui     $at, %hi(D_808C9BA4)       ## $at = 808D0000
/* 011DC 808C615C C42E9BA4 */  lwc1    $f14, %lo(D_808C9BA4)($at) 
/* 011E0 808C6160 02002025 */  or      $a0, $s0, $zero            ## $a0 = 00000000
/* 011E4 808C6164 24070014 */  addiu   $a3, $zero, 0x0014         ## $a3 = 00000014
/* 011E8 808C6168 24050008 */  addiu   $a1, $zero, 0x0008         ## $a1 = 00000008
/* 011EC 808C616C 8C8C06E4 */  lw      $t4, 0x06E4($a0)           ## 000006E4
/* 011F0 808C6170 24C60002 */  addiu   $a2, $a2, 0x0002           ## $a2 = 00000002
/* 011F4 808C6174 A585001C */  sh      $a1, 0x001C($t4)           ## 0000001C
/* 011F8 808C6178 8C8206E4 */  lw      $v0, 0x06E4($a0)           ## 000006E4
/* 011FC 808C617C C6120024 */  lwc1    $f18, 0x0024($s0)          ## 00000024
/* 01200 808C6180 C44A0024 */  lwc1    $f10, 0x0024($v0)          ## 00000024
/* 01204 808C6184 46125281 */  sub.s   $f10, $f10, $f18           
/* 01208 808C6188 460E5302 */  mul.s   $f12, $f10, $f14           
/* 0120C 808C618C 50C70034 */  beql    $a2, $a3, .L808C6260       
/* 01210 808C6190 46126280 */  add.s   $f10, $f12, $f18           
/* 01214 808C6194 46126280 */  add.s   $f10, $f12, $f18           
.L808C6198:
/* 01218 808C6198 24C60002 */  addiu   $a2, $a2, 0x0002           ## $a2 = 00000004
/* 0121C 808C619C 24840008 */  addiu   $a0, $a0, 0x0008           ## $a0 = 00000008
/* 01220 808C61A0 E44A0024 */  swc1    $f10, 0x0024($v0)          ## 00000024
/* 01224 808C61A4 8C8206DC */  lw      $v0, 0x06DC($a0)           ## 000006E4
/* 01228 808C61A8 C60A002C */  lwc1    $f10, 0x002C($s0)          ## 0000002C
/* 0122C 808C61AC C448002C */  lwc1    $f8, 0x002C($v0)           ## 0000002C
/* 01230 808C61B0 460A4201 */  sub.s   $f8, $f8, $f10             
/* 01234 808C61B4 460E4202 */  mul.s   $f8, $f8, $f14             
/* 01238 808C61B8 460A4280 */  add.s   $f10, $f8, $f10            
/* 0123C 808C61BC E44A002C */  swc1    $f10, 0x002C($v0)          ## 0000002C
/* 01240 808C61C0 8C8206DC */  lw      $v0, 0x06DC($a0)           ## 000006E4
/* 01244 808C61C4 C60A0028 */  lwc1    $f10, 0x0028($s0)          ## 00000028
/* 01248 808C61C8 C4480028 */  lwc1    $f8, 0x0028($v0)           ## 00000028
/* 0124C 808C61CC 460A4201 */  sub.s   $f8, $f8, $f10             
/* 01250 808C61D0 46104202 */  mul.s   $f8, $f8, $f16             
/* 01254 808C61D4 460A4280 */  add.s   $f10, $f8, $f10            
/* 01258 808C61D8 E44A0028 */  swc1    $f10, 0x0028($v0)          ## 00000028
/* 0125C 808C61DC 8C8D06E0 */  lw      $t5, 0x06E0($a0)           ## 000006E8
/* 01260 808C61E0 A5A5001C */  sh      $a1, 0x001C($t5)           ## 0000001C
/* 01264 808C61E4 8C8306E0 */  lw      $v1, 0x06E0($a0)           ## 000006E8
/* 01268 808C61E8 C60A0024 */  lwc1    $f10, 0x0024($s0)          ## 00000024
/* 0126C 808C61EC C4680024 */  lwc1    $f8, 0x0024($v1)           ## 00000024
/* 01270 808C61F0 460A4201 */  sub.s   $f8, $f8, $f10             
/* 01274 808C61F4 460E4202 */  mul.s   $f8, $f8, $f14             
/* 01278 808C61F8 460A4280 */  add.s   $f10, $f8, $f10            
/* 0127C 808C61FC E46A0024 */  swc1    $f10, 0x0024($v1)          ## 00000024
/* 01280 808C6200 8C8306E0 */  lw      $v1, 0x06E0($a0)           ## 000006E8
/* 01284 808C6204 C60A002C */  lwc1    $f10, 0x002C($s0)          ## 0000002C
/* 01288 808C6208 C468002C */  lwc1    $f8, 0x002C($v1)           ## 0000002C
/* 0128C 808C620C 460A4201 */  sub.s   $f8, $f8, $f10             
/* 01290 808C6210 460E4202 */  mul.s   $f8, $f8, $f14             
/* 01294 808C6214 460A4280 */  add.s   $f10, $f8, $f10            
/* 01298 808C6218 E46A002C */  swc1    $f10, 0x002C($v1)          ## 0000002C
/* 0129C 808C621C 8C8306E0 */  lw      $v1, 0x06E0($a0)           ## 000006E8
/* 012A0 808C6220 C60A0028 */  lwc1    $f10, 0x0028($s0)          ## 00000028
/* 012A4 808C6224 C4680028 */  lwc1    $f8, 0x0028($v1)           ## 00000028
/* 012A8 808C6228 460A4201 */  sub.s   $f8, $f8, $f10             
/* 012AC 808C622C 46104202 */  mul.s   $f8, $f8, $f16             
/* 012B0 808C6230 460A4280 */  add.s   $f10, $f8, $f10            
/* 012B4 808C6234 E46A0028 */  swc1    $f10, 0x0028($v1)          ## 00000028
/* 012B8 808C6238 8C8C06E4 */  lw      $t4, 0x06E4($a0)           ## 000006EC
/* 012BC 808C623C A585001C */  sh      $a1, 0x001C($t4)           ## 0000001C
/* 012C0 808C6240 8C8206E4 */  lw      $v0, 0x06E4($a0)           ## 000006EC
/* 012C4 808C6244 C6120024 */  lwc1    $f18, 0x0024($s0)          ## 00000024
/* 012C8 808C6248 C44A0024 */  lwc1    $f10, 0x0024($v0)          ## 00000024
/* 012CC 808C624C 46125281 */  sub.s   $f10, $f10, $f18           
/* 012D0 808C6250 460E5302 */  mul.s   $f12, $f10, $f14           
/* 012D4 808C6254 54C7FFD0 */  bnel    $a2, $a3, .L808C6198       
/* 012D8 808C6258 46126280 */  add.s   $f10, $f12, $f18           
/* 012DC 808C625C 46126280 */  add.s   $f10, $f12, $f18           
.L808C6260:
/* 012E0 808C6260 24840008 */  addiu   $a0, $a0, 0x0008           ## $a0 = 00000010
/* 012E4 808C6264 E44A0024 */  swc1    $f10, 0x0024($v0)          ## 00000024
/* 012E8 808C6268 8C8206DC */  lw      $v0, 0x06DC($a0)           ## 000006EC
/* 012EC 808C626C C60A002C */  lwc1    $f10, 0x002C($s0)          ## 0000002C
/* 012F0 808C6270 C448002C */  lwc1    $f8, 0x002C($v0)           ## 0000002C
/* 012F4 808C6274 460A4201 */  sub.s   $f8, $f8, $f10             
/* 012F8 808C6278 460E4202 */  mul.s   $f8, $f8, $f14             
/* 012FC 808C627C 460A4280 */  add.s   $f10, $f8, $f10            
/* 01300 808C6280 E44A002C */  swc1    $f10, 0x002C($v0)          ## 0000002C
/* 01304 808C6284 8C8206DC */  lw      $v0, 0x06DC($a0)           ## 000006EC
/* 01308 808C6288 C60A0028 */  lwc1    $f10, 0x0028($s0)          ## 00000028
/* 0130C 808C628C C4480028 */  lwc1    $f8, 0x0028($v0)           ## 00000028
/* 01310 808C6290 460A4201 */  sub.s   $f8, $f8, $f10             
/* 01314 808C6294 46104202 */  mul.s   $f8, $f8, $f16             
/* 01318 808C6298 460A4280 */  add.s   $f10, $f8, $f10            
/* 0131C 808C629C E44A0028 */  swc1    $f10, 0x0028($v0)          ## 00000028
/* 01320 808C62A0 8C8D06E0 */  lw      $t5, 0x06E0($a0)           ## 000006F0
/* 01324 808C62A4 A5A5001C */  sh      $a1, 0x001C($t5)           ## 0000001C
/* 01328 808C62A8 8C8306E0 */  lw      $v1, 0x06E0($a0)           ## 000006F0
/* 0132C 808C62AC C60A0024 */  lwc1    $f10, 0x0024($s0)          ## 00000024
/* 01330 808C62B0 C4680024 */  lwc1    $f8, 0x0024($v1)           ## 00000024
/* 01334 808C62B4 460A4201 */  sub.s   $f8, $f8, $f10             
/* 01338 808C62B8 460E4202 */  mul.s   $f8, $f8, $f14             
/* 0133C 808C62BC 460A4280 */  add.s   $f10, $f8, $f10            
/* 01340 808C62C0 E46A0024 */  swc1    $f10, 0x0024($v1)          ## 00000024
/* 01344 808C62C4 8C8306E0 */  lw      $v1, 0x06E0($a0)           ## 000006F0
/* 01348 808C62C8 C60A002C */  lwc1    $f10, 0x002C($s0)          ## 0000002C
/* 0134C 808C62CC C468002C */  lwc1    $f8, 0x002C($v1)           ## 0000002C
/* 01350 808C62D0 460A4201 */  sub.s   $f8, $f8, $f10             
/* 01354 808C62D4 460E4202 */  mul.s   $f8, $f8, $f14             
/* 01358 808C62D8 460A4280 */  add.s   $f10, $f8, $f10            
/* 0135C 808C62DC E46A002C */  swc1    $f10, 0x002C($v1)          ## 0000002C
/* 01360 808C62E0 8C8306E0 */  lw      $v1, 0x06E0($a0)           ## 000006F0
/* 01364 808C62E4 C60A0028 */  lwc1    $f10, 0x0028($s0)          ## 00000028
/* 01368 808C62E8 C4680028 */  lwc1    $f8, 0x0028($v1)           ## 00000028
/* 0136C 808C62EC 460A4201 */  sub.s   $f8, $f8, $f10             
/* 01370 808C62F0 46104202 */  mul.s   $f8, $f8, $f16             
/* 01374 808C62F4 460A4280 */  add.s   $f10, $f8, $f10            
/* 01378 808C62F8 E46A0028 */  swc1    $f10, 0x0028($v1)          ## 00000028
/* 0137C 808C62FC 3C013F80 */  lui     $at, 0x3F80                ## $at = 3F800000
/* 01380 808C6300 44819000 */  mtc1    $at, $f18                  ## $f18 = 1.00
/* 01384 808C6304 240E0001 */  addiu   $t6, $zero, 0x0001         ## $t6 = 00000001
/* 01388 808C6308 A20E018E */  sb      $t6, 0x018E($s0)           ## 0000018E
/* 0138C 808C630C E6120304 */  swc1    $f18, 0x0304($s0)          ## 00000304
.L808C6310:
/* 01390 808C6310 8FA40044 */  lw      $a0, 0x0044($sp)           
.L808C6314:
/* 01394 808C6314 8E06030C */  lw      $a2, 0x030C($s0)           ## 0000030C
/* 01398 808C6318 26050344 */  addiu   $a1, $s0, 0x0344           ## $a1 = 00000344
/* 0139C 808C631C 2484005C */  addiu   $a0, $a0, 0x005C           ## $a0 = 0000006C
/* 013A0 808C6320 0C040112 */  jal     func_80100448              
/* 013A4 808C6324 AFA40028 */  sw      $a0, 0x0028($sp)           
/* 013A8 808C6328 8FA40044 */  lw      $a0, 0x0044($sp)           
/* 013AC 808C632C 8E060310 */  lw      $a2, 0x0310($s0)           ## 00000310
/* 013B0 808C6330 26050350 */  addiu   $a1, $s0, 0x0350           ## $a1 = 00000350
/* 013B4 808C6334 24840050 */  addiu   $a0, $a0, 0x0050           ## $a0 = 00000050
/* 013B8 808C6338 0C040112 */  jal     func_80100448              
/* 013BC 808C633C AFA40024 */  sw      $a0, 0x0024($sp)           
/* 013C0 808C6340 8FA40044 */  lw      $a0, 0x0044($sp)           
/* 013C4 808C6344 3C06401B */  lui     $a2, 0x401B                ## $a2 = 401B0000
/* 013C8 808C6348 34C66DB7 */  ori     $a2, $a2, 0x6DB7           ## $a2 = 401B6DB7
/* 013CC 808C634C 3C054270 */  lui     $a1, 0x4270                ## $a1 = 42700000
/* 013D0 808C6350 0C03FC0F */  jal     func_800FF03C              
/* 013D4 808C6354 248400FC */  addiu   $a0, $a0, 0x00FC           ## $a0 = 000000FC
/* 013D8 808C6358 8FAF0044 */  lw      $t7, 0x0044($sp)           
/* 013DC 808C635C 8FA4004C */  lw      $a0, 0x004C($sp)           
/* 013E0 808C6360 860502FA */  lh      $a1, 0x02FA($s0)           ## 000002FA
/* 013E4 808C6364 0C05A650 */  jal     func_80169940              
/* 013E8 808C6368 8DE600FC */  lw      $a2, 0x00FC($t7)           ## 000000FC
/* 013EC 808C636C 8FA4004C */  lw      $a0, 0x004C($sp)           
/* 013F0 808C6370 860502FA */  lh      $a1, 0x02FA($s0)           ## 000002FA
/* 013F4 808C6374 8FA60024 */  lw      $a2, 0x0024($sp)           
/* 013F8 808C6378 0C05A5C3 */  jal     func_8016970C              
/* 013FC 808C637C 8FA70028 */  lw      $a3, 0x0028($sp)           
/* 01400 808C6380 3C014120 */  lui     $at, 0x4120                ## $at = 41200000
/* 01404 808C6384 44817000 */  mtc1    $at, $f14                  ## $f14 = 10.00
/* 01408 808C6388 C600015C */  lwc1    $f0, 0x015C($s0)           ## 0000015C
/* 0140C 808C638C 3C014160 */  lui     $at, 0x4160                ## $at = 41600000
/* 01410 808C6390 460E003C */  c.lt.s  $f0, $f14                  
/* 01414 808C6394 00000000 */  nop
/* 01418 808C6398 45020004 */  bc1fl   .L808C63AC                 
/* 0141C 808C639C 44818000 */  mtc1    $at, $f16                  ## $f16 = 14.00
/* 01420 808C63A0 1000000B */  beq     $zero, $zero, .L808C63D0   
/* 01424 808C63A4 46007086 */  mov.s   $f2, $f14                  
/* 01428 808C63A8 44818000 */  mtc1    $at, $f16                  ## $f16 = 14.00
.L808C63AC:
/* 0142C 808C63AC 00000000 */  nop
/* 01430 808C63B0 4600803C */  c.lt.s  $f16, $f0                  
/* 01434 808C63B4 00000000 */  nop
/* 01438 808C63B8 45020004 */  bc1fl   .L808C63CC                 
/* 0143C 808C63BC 46000306 */  mov.s   $f12, $f0                  
/* 01440 808C63C0 10000002 */  beq     $zero, $zero, .L808C63CC   
/* 01444 808C63C4 46008306 */  mov.s   $f12, $f16                 
/* 01448 808C63C8 46000306 */  mov.s   $f12, $f0                  
.L808C63CC:
/* 0144C 808C63CC 46006086 */  mov.s   $f2, $f12                  
.L808C63D0:
/* 01450 808C63D0 3C013E80 */  lui     $at, 0x3E80                ## $at = 3E800000
/* 01454 808C63D4 460E1001 */  sub.s   $f0, $f2, $f14             
/* 01458 808C63D8 44812000 */  mtc1    $at, $f4                   ## $f4 = 0.25
/* 0145C 808C63DC 3C014160 */  lui     $at, 0x4160                ## $at = 41600000
/* 01460 808C63E0 44814000 */  mtc1    $at, $f8                   ## $f8 = 14.00
/* 01464 808C63E4 46040182 */  mul.s   $f6, $f0, $f4              
/* 01468 808C63E8 4608003C */  c.lt.s  $f0, $f8                   
/* 0146C 808C63EC 00000000 */  nop
/* 01470 808C63F0 45000003 */  bc1f    .L808C6400                 
/* 01474 808C63F4 E6060304 */  swc1    $f6, 0x0304($s0)           ## 00000304
/* 01478 808C63F8 0C23159B */  jal     func_808C566C              
/* 0147C 808C63FC 02002025 */  or      $a0, $s0, $zero            ## $a0 = 00000000
.L808C6400:
/* 01480 808C6400 0C04DB34 */  jal     func_80136CD0              
/* 01484 808C6404 8FA4002C */  lw      $a0, 0x002C($sp)           
/* 01488 808C6408 50400010 */  beql    $v0, $zero, .L808C644C     
/* 0148C 808C640C 8FBF001C */  lw      $ra, 0x001C($sp)           
/* 01490 808C6410 0C03C7EF */  jal     func_800F1FBC              
/* 01494 808C6414 82040038 */  lb      $a0, 0x0038($s0)           ## 00000038
/* 01498 808C6418 8FA4004C */  lw      $a0, 0x004C($sp)           
/* 0149C 808C641C 02002825 */  or      $a1, $s0, $zero            ## $a1 = 00000000
/* 014A0 808C6420 0C02DC93 */  jal     func_800B724C              
/* 014A4 808C6424 24060006 */  addiu   $a2, $zero, 0x0006         ## $a2 = 00000006
/* 014A8 808C6428 8E180004 */  lw      $t8, 0x0004($s0)           ## 00000004
/* 014AC 808C642C 92080819 */  lbu     $t0, 0x0819($s0)           ## 00000819
/* 014B0 808C6430 02002025 */  or      $a0, $s0, $zero            ## $a0 = 00000000
/* 014B4 808C6434 37190001 */  ori     $t9, $t8, 0x0001           ## $t9 = 00000001
/* 014B8 808C6438 35090001 */  ori     $t1, $t0, 0x0001           ## $t1 = 00000001
/* 014BC 808C643C AE190004 */  sw      $t9, 0x0004($s0)           ## 00000004
/* 014C0 808C6440 0C231917 */  jal     func_808C645C              
/* 014C4 808C6444 A2090819 */  sb      $t1, 0x0819($s0)           ## 00000819
/* 014C8 808C6448 8FBF001C */  lw      $ra, 0x001C($sp)           
.L808C644C:
/* 014CC 808C644C 8FB00018 */  lw      $s0, 0x0018($sp)           
/* 014D0 808C6450 27BD0048 */  addiu   $sp, $sp, 0x0048           ## $sp = 00000000
/* 014D4 808C6454 03E00008 */  jr      $ra                        
/* 014D8 808C6458 00000000 */  nop


glabel func_808C645C
/* 014DC 808C645C 27BDFFE8 */  addiu   $sp, $sp, 0xFFE8           ## $sp = FFFFFFE8
/* 014E0 808C6460 AFBF0014 */  sw      $ra, 0x0014($sp)           
/* 014E4 808C6464 00803825 */  or      $a3, $a0, $zero            ## $a3 = 00000000
/* 014E8 808C6468 3C050600 */  lui     $a1, 0x0600                ## $a1 = 06000000
/* 014EC 808C646C 24A53CAC */  addiu   $a1, $a1, 0x3CAC           ## $a1 = 06003CAC
/* 014F0 808C6470 24E40144 */  addiu   $a0, $a3, 0x0144           ## $a0 = 00000144
/* 014F4 808C6474 3C064120 */  lui     $a2, 0x4120                ## $a2 = 41200000
/* 014F8 808C6478 0C04DD65 */  jal     func_80137594              
/* 014FC 808C647C AFA70018 */  sw      $a3, 0x0018($sp)           
/* 01500 808C6480 8FA70018 */  lw      $a3, 0x0018($sp)           
/* 01504 808C6484 3C013FC0 */  lui     $at, 0x3FC0                ## $at = 3FC00000
/* 01508 808C6488 44812000 */  mtc1    $at, $f4                   ## $f4 = 1.50
/* 0150C 808C648C 8CE20188 */  lw      $v0, 0x0188($a3)           ## 00000188
/* 01510 808C6490 3C0E808C */  lui     $t6, %hi(func_808C682C)    ## $t6 = 808C0000
/* 01514 808C6494 25CE682C */  addiu   $t6, $t6, %lo(func_808C682C) ## $t6 = 808C682C
/* 01518 808C6498 11C20005 */  beq     $t6, $v0, .L808C64B0       
/* 0151C 808C649C E4E40070 */  swc1    $f4, 0x0070($a3)           ## 00000070
/* 01520 808C64A0 3C0F808C */  lui     $t7, %hi(func_808C6AB0)    ## $t7 = 808C0000
/* 01524 808C64A4 25EF6AB0 */  addiu   $t7, $t7, %lo(func_808C6AB0) ## $t7 = 808C6AB0
/* 01528 808C64A8 15E20004 */  bne     $t7, $v0, .L808C64BC       
/* 0152C 808C64AC 24190064 */  addiu   $t9, $zero, 0x0064         ## $t9 = 00000064
.L808C64B0:
/* 01530 808C64B0 2418008C */  addiu   $t8, $zero, 0x008C         ## $t8 = 0000008C
/* 01534 808C64B4 10000002 */  beq     $zero, $zero, .L808C64C0   
/* 01538 808C64B8 A4F802EE */  sh      $t8, 0x02EE($a3)           ## 000002EE
.L808C64BC:
/* 0153C 808C64BC A4F902EE */  sh      $t9, 0x02EE($a3)           ## 000002EE
.L808C64C0:
/* 01540 808C64C0 3C08808C */  lui     $t0, %hi(func_808C64DC)    ## $t0 = 808C0000
/* 01544 808C64C4 250864DC */  addiu   $t0, $t0, %lo(func_808C64DC) ## $t0 = 808C64DC
/* 01548 808C64C8 ACE80188 */  sw      $t0, 0x0188($a3)           ## 00000188
/* 0154C 808C64CC 8FBF0014 */  lw      $ra, 0x0014($sp)           
/* 01550 808C64D0 27BD0018 */  addiu   $sp, $sp, 0x0018           ## $sp = 00000000
/* 01554 808C64D4 03E00008 */  jr      $ra                        
/* 01558 808C64D8 00000000 */  nop


glabel func_808C64DC
/* 0155C 808C64DC 27BDFFD8 */  addiu   $sp, $sp, 0xFFD8           ## $sp = FFFFFFD8
/* 01560 808C64E0 AFB00020 */  sw      $s0, 0x0020($sp)           
/* 01564 808C64E4 00808025 */  or      $s0, $a0, $zero            ## $s0 = 00000000
/* 01568 808C64E8 AFBF0024 */  sw      $ra, 0x0024($sp)           
/* 0156C 808C64EC 3C0E0001 */  lui     $t6, 0x0001                ## $t6 = 00010000
/* 01570 808C64F0 01C57021 */  addu    $t6, $t6, $a1              
/* 01574 808C64F4 91CE70C7 */  lbu     $t6, 0x70C7($t6)           ## 000170C7
/* 01578 808C64F8 24010014 */  addiu   $at, $zero, 0x0014         ## $at = 00000014
/* 0157C 808C64FC 240F001A */  addiu   $t7, $zero, 0x001A         ## $t7 = 0000001A
/* 01580 808C6500 15C10004 */  bne     $t6, $at, .L808C6514       
/* 01584 808C6504 02002025 */  or      $a0, $s0, $zero            ## $a0 = 00000000
/* 01588 808C6508 3C010001 */  lui     $at, 0x0001                ## $at = 00010000
/* 0158C 808C650C 00250821 */  addu    $at, $at, $a1              
/* 01590 808C6510 A02F70C7 */  sb      $t7, 0x70C7($at)           ## 000170C7
.L808C6514:
/* 01594 808C6514 0C2314E5 */  jal     func_808C5394              
/* 01598 808C6518 AFA5002C */  sw      $a1, 0x002C($sp)           
/* 0159C 808C651C 0C04DB34 */  jal     func_80136CD0              
/* 015A0 808C6520 26040144 */  addiu   $a0, $s0, 0x0144           ## $a0 = 00000144
/* 015A4 808C6524 86050092 */  lh      $a1, 0x0092($s0)           ## 00000092
/* 015A8 808C6528 24180100 */  addiu   $t8, $zero, 0x0100         ## $t8 = 00000100
/* 015AC 808C652C AFB80010 */  sw      $t8, 0x0010($sp)           
/* 015B0 808C6530 260400BE */  addiu   $a0, $s0, 0x00BE           ## $a0 = 000000BE
/* 015B4 808C6534 24060008 */  addiu   $a2, $zero, 0x0008         ## $a2 = 00000008
/* 015B8 808C6538 0C03FFAF */  jal     func_800FFEBC              
/* 015BC 808C653C 24071000 */  addiu   $a3, $zero, 0x1000         ## $a3 = 00001000
/* 015C0 808C6540 860302EE */  lh      $v1, 0x02EE($s0)           ## 000002EE
/* 015C4 808C6544 18600002 */  blez    $v1, .L808C6550            
/* 015C8 808C6548 2479FFFF */  addiu   $t9, $v1, 0xFFFF           ## $t9 = FFFFFFFF
/* 015CC 808C654C A61902EE */  sh      $t9, 0x02EE($s0)           ## 000002EE
.L808C6550:
/* 015D0 808C6550 8608001C */  lh      $t0, 0x001C($s0)           ## 0000001C
/* 015D4 808C6554 29010005 */  slti    $at, $t0, 0x0005           
/* 015D8 808C6558 50200013 */  beql    $at, $zero, .L808C65A8     
/* 015DC 808C655C 860302EE */  lh      $v1, 0x02EE($s0)           ## 000002EE
/* 015E0 808C6560 0C021BF7 */  jal     func_80086FDC              
/* 015E4 808C6564 00000000 */  nop
/* 015E8 808C6568 3C01808D */  lui     $at, %hi(D_808C9BA8)       ## $at = 808D0000
/* 015EC 808C656C C4249BA8 */  lwc1    $f4, %lo(D_808C9BA8)($at)  
/* 015F0 808C6570 02002025 */  or      $a0, $s0, $zero            ## $a0 = 00000000
/* 015F4 808C6574 4604003C */  c.lt.s  $f0, $f4                   
/* 015F8 808C6578 00000000 */  nop
/* 015FC 808C657C 4502000A */  bc1fl   .L808C65A8                 
/* 01600 808C6580 860302EE */  lh      $v1, 0x02EE($s0)           ## 000002EE
/* 01604 808C6584 0C23150A */  jal     func_808C5428              
/* 01608 808C6588 8FA5002C */  lw      $a1, 0x002C($sp)           
/* 0160C 808C658C 50400006 */  beql    $v0, $zero, .L808C65A8     
/* 01610 808C6590 860302EE */  lh      $v1, 0x02EE($s0)           ## 000002EE
/* 01614 808C6594 0C231A2E */  jal     func_808C68B8              
/* 01618 808C6598 02002025 */  or      $a0, $s0, $zero            ## $a0 = 00000000
/* 0161C 808C659C 1000001C */  beq     $zero, $zero, .L808C6610   
/* 01620 808C65A0 8FBF0024 */  lw      $ra, 0x0024($sp)           
/* 01624 808C65A4 860302EE */  lh      $v1, 0x02EE($s0)           ## 000002EE
.L808C65A8:
/* 01628 808C65A8 28610064 */  slti    $at, $v1, 0x0064           
/* 0162C 808C65AC 1020000B */  beq     $at, $zero, .L808C65DC     
/* 01630 808C65B0 3C014348 */  lui     $at, 0x4348                ## $at = 43480000
/* 01634 808C65B4 44814000 */  mtc1    $at, $f8                   ## $f8 = 200.00
/* 01638 808C65B8 C6060098 */  lwc1    $f6, 0x0098($s0)           ## 00000098
/* 0163C 808C65BC 4608303C */  c.lt.s  $f6, $f8                   
/* 01640 808C65C0 00000000 */  nop
/* 01644 808C65C4 45000005 */  bc1f    .L808C65DC                 
/* 01648 808C65C8 00000000 */  nop
/* 0164C 808C65CC 0C231988 */  jal     func_808C6620              
/* 01650 808C65D0 02002025 */  or      $a0, $s0, $zero            ## $a0 = 00000000
/* 01654 808C65D4 1000000E */  beq     $zero, $zero, .L808C6610   
/* 01658 808C65D8 8FBF0024 */  lw      $ra, 0x0024($sp)           
.L808C65DC:
/* 0165C 808C65DC 5460000C */  bnel    $v1, $zero, .L808C6610     
/* 01660 808C65E0 8FBF0024 */  lw      $ra, 0x0024($sp)           
/* 01664 808C65E4 8609001C */  lh      $t1, 0x001C($s0)           ## 0000001C
/* 01668 808C65E8 29210005 */  slti    $at, $t1, 0x0005           
/* 0166C 808C65EC 14200005 */  bne     $at, $zero, .L808C6604     
/* 01670 808C65F0 00000000 */  nop
/* 01674 808C65F4 0C231EBB */  jal     func_808C7AEC              
/* 01678 808C65F8 02002025 */  or      $a0, $s0, $zero            ## $a0 = 00000000
/* 0167C 808C65FC 10000004 */  beq     $zero, $zero, .L808C6610   
/* 01680 808C6600 8FBF0024 */  lw      $ra, 0x0024($sp)           
.L808C6604:
/* 01684 808C6604 0C231A82 */  jal     func_808C6A08              
/* 01688 808C6608 02002025 */  or      $a0, $s0, $zero            ## $a0 = 00000000
/* 0168C 808C660C 8FBF0024 */  lw      $ra, 0x0024($sp)           
.L808C6610:
/* 01690 808C6610 8FB00020 */  lw      $s0, 0x0020($sp)           
/* 01694 808C6614 27BD0028 */  addiu   $sp, $sp, 0x0028           ## $sp = 00000000
/* 01698 808C6618 03E00008 */  jr      $ra                        
/* 0169C 808C661C 00000000 */  nop


glabel func_808C6620
/* 016A0 808C6620 27BDFFD0 */  addiu   $sp, $sp, 0xFFD0           ## $sp = FFFFFFD0
/* 016A4 808C6624 AFB00028 */  sw      $s0, 0x0028($sp)           
/* 016A8 808C6628 00808025 */  or      $s0, $a0, $zero            ## $s0 = 00000000
/* 016AC 808C662C AFBF002C */  sw      $ra, 0x002C($sp)           
/* 016B0 808C6630 3C014120 */  lui     $at, 0x4120                ## $at = 41200000
/* 016B4 808C6634 44812000 */  mtc1    $at, $f4                   ## $f4 = 10.00
/* 016B8 808C6638 3C01C040 */  lui     $at, 0xC040                ## $at = C0400000
/* 016BC 808C663C 44813000 */  mtc1    $at, $f6                   ## $f6 = -3.00
/* 016C0 808C6640 3C050600 */  lui     $a1, 0x0600                ## $a1 = 06000000
/* 016C4 808C6644 240E0002 */  addiu   $t6, $zero, 0x0002         ## $t6 = 00000002
/* 016C8 808C6648 AFAE0014 */  sw      $t6, 0x0014($sp)           
/* 016CC 808C664C 24A50E64 */  addiu   $a1, $a1, 0x0E64           ## $a1 = 06000E64
/* 016D0 808C6650 26040144 */  addiu   $a0, $s0, 0x0144           ## $a0 = 00000144
/* 016D4 808C6654 3C063F80 */  lui     $a2, 0x3F80                ## $a2 = 3F800000
/* 016D8 808C6658 24070000 */  addiu   $a3, $zero, 0x0000         ## $a3 = 00000000
/* 016DC 808C665C E7A40010 */  swc1    $f4, 0x0010($sp)           
/* 016E0 808C6660 0C04DCFA */  jal     func_801373E8              
/* 016E4 808C6664 E7A60018 */  swc1    $f6, 0x0018($sp)           
/* 016E8 808C6668 3C014100 */  lui     $at, 0x4100                ## $at = 41000000
/* 016EC 808C666C 44814000 */  mtc1    $at, $f8                   ## $f8 = 8.00
/* 016F0 808C6670 A60002EE */  sh      $zero, 0x02EE($s0)         ## 000002EE
/* 016F4 808C6674 A60002EA */  sh      $zero, 0x02EA($s0)         ## 000002EA
/* 016F8 808C6678 02002025 */  or      $a0, $s0, $zero            ## $a0 = 00000000
/* 016FC 808C667C 24053AB3 */  addiu   $a1, $zero, 0x3AB3         ## $a1 = 00003AB3
/* 01700 808C6680 0C02E3B2 */  jal     func_800B8EC8              
/* 01704 808C6684 E6080070 */  swc1    $f8, 0x0070($s0)           ## 00000070
/* 01708 808C6688 3C0F808C */  lui     $t7, %hi(func_808C66A8)    ## $t7 = 808C0000
/* 0170C 808C668C 25EF66A8 */  addiu   $t7, $t7, %lo(func_808C66A8) ## $t7 = 808C66A8
/* 01710 808C6690 AE0F0188 */  sw      $t7, 0x0188($s0)           ## 00000188
/* 01714 808C6694 8FBF002C */  lw      $ra, 0x002C($sp)           
/* 01718 808C6698 8FB00028 */  lw      $s0, 0x0028($sp)           
/* 0171C 808C669C 27BD0030 */  addiu   $sp, $sp, 0x0030           ## $sp = 00000000
/* 01720 808C66A0 03E00008 */  jr      $ra                        
/* 01724 808C66A4 00000000 */  nop


glabel func_808C66A8
/* 01728 808C66A8 27BDFFD8 */  addiu   $sp, $sp, 0xFFD8           ## $sp = FFFFFFD8
/* 0172C 808C66AC AFB00020 */  sw      $s0, 0x0020($sp)           
/* 01730 808C66B0 00808025 */  or      $s0, $a0, $zero            ## $s0 = 00000000
/* 01734 808C66B4 AFBF0024 */  sw      $ra, 0x0024($sp)           
/* 01738 808C66B8 AFA5002C */  sw      $a1, 0x002C($sp)           
/* 0173C 808C66BC 86050092 */  lh      $a1, 0x0092($s0)           ## 00000092
/* 01740 808C66C0 240E0200 */  addiu   $t6, $zero, 0x0200         ## $t6 = 00000200
/* 01744 808C66C4 AFAE0010 */  sw      $t6, 0x0010($sp)           
/* 01748 808C66C8 260400BE */  addiu   $a0, $s0, 0x00BE           ## $a0 = 000000BE
/* 0174C 808C66CC 24060004 */  addiu   $a2, $zero, 0x0004         ## $a2 = 00000004
/* 01750 808C66D0 0C03FFAF */  jal     func_800FFEBC              
/* 01754 808C66D4 24071000 */  addiu   $a3, $zero, 0x1000         ## $a3 = 00001000
/* 01758 808C66D8 26040028 */  addiu   $a0, $s0, 0x0028           ## $a0 = 00000028
/* 0175C 808C66DC 8E05000C */  lw      $a1, 0x000C($s0)           ## 0000000C
/* 01760 808C66E0 0C03FC0F */  jal     func_800FF03C              
/* 01764 808C66E4 3C064040 */  lui     $a2, 0x4040                ## $a2 = 40400000
/* 01768 808C66E8 3C0142C8 */  lui     $at, 0x42C8                ## $at = 42C80000
/* 0176C 808C66EC 44812000 */  mtc1    $at, $f4                   ## $f4 = 100.00
/* 01770 808C66F0 C6060098 */  lwc1    $f6, 0x0098($s0)           ## 00000098
/* 01774 808C66F4 3C01808D */  lui     $at, %hi(D_808C9BAC)       ## $at = 808D0000
/* 01778 808C66F8 C42A9BAC */  lwc1    $f10, %lo(D_808C9BAC)($at) 
/* 0177C 808C66FC 46062201 */  sub.s   $f8, $f4, $f6              
/* 01780 808C6700 3C014480 */  lui     $at, 0x4480                ## $at = 44800000
/* 01784 808C6704 44819000 */  mtc1    $at, $f18                  ## $f18 = 1024.00
/* 01788 808C6708 460A4402 */  mul.s   $f16, $f8, $f10            
/* 0178C 808C670C 00000000 */  nop
/* 01790 808C6710 46128102 */  mul.s   $f4, $f16, $f18            
/* 01794 808C6714 4600218D */  trunc.w.s $f6, $f4                   
/* 01798 808C6718 44183000 */  mfc1    $t8, $f6                   
/* 0179C 808C671C 00000000 */  nop
/* 017A0 808C6720 A61800BC */  sh      $t8, 0x00BC($s0)           ## 000000BC
/* 017A4 808C6724 860300BC */  lh      $v1, 0x00BC($s0)           ## 000000BC
/* 017A8 808C6728 04610003 */  bgez    $v1, .L808C6738            
/* 017AC 808C672C 00000000 */  nop
/* 017B0 808C6730 10000002 */  beq     $zero, $zero, .L808C673C   
/* 017B4 808C6734 A60000BC */  sh      $zero, 0x00BC($s0)         ## 000000BC
.L808C6738:
/* 017B8 808C6738 A60300BC */  sh      $v1, 0x00BC($s0)           ## 000000BC
.L808C673C:
/* 017BC 808C673C 860202EE */  lh      $v0, 0x02EE($s0)           ## 000002EE
/* 017C0 808C6740 1840000A */  blez    $v0, .L808C676C            
/* 017C4 808C6744 24590001 */  addiu   $t9, $v0, 0x0001           ## $t9 = 00000001
/* 017C8 808C6748 A61902EE */  sh      $t9, 0x02EE($s0)           ## 000002EE
/* 017CC 808C674C 860802EE */  lh      $t0, 0x02EE($s0)           ## 000002EE
/* 017D0 808C6750 24010003 */  addiu   $at, $zero, 0x0003         ## $at = 00000003
/* 017D4 808C6754 55010018 */  bnel    $t0, $at, .L808C67B8       
/* 017D8 808C6758 8FBF0024 */  lw      $ra, 0x0024($sp)           
/* 017DC 808C675C 0C2319F2 */  jal     func_808C67C8              
/* 017E0 808C6760 02002025 */  or      $a0, $s0, $zero            ## $a0 = 00000000
/* 017E4 808C6764 10000014 */  beq     $zero, $zero, .L808C67B8   
/* 017E8 808C6768 8FBF0024 */  lw      $ra, 0x0024($sp)           
.L808C676C:
/* 017EC 808C676C 0C04DB34 */  jal     func_80136CD0              
/* 017F0 808C6770 26040144 */  addiu   $a0, $s0, 0x0144           ## $a0 = 00000144
/* 017F4 808C6774 1040000F */  beq     $v0, $zero, .L808C67B4     
/* 017F8 808C6778 3C0142C8 */  lui     $at, 0x42C8                ## $at = 42C80000
/* 017FC 808C677C C6080098 */  lwc1    $f8, 0x0098($s0)           ## 00000098
/* 01800 808C6780 44815000 */  mtc1    $at, $f10                  ## $f10 = 100.00
/* 01804 808C6784 26040338 */  addiu   $a0, $s0, 0x0338           ## $a0 = 00000338
/* 01808 808C6788 460A403C */  c.lt.s  $f8, $f10                  
/* 0180C 808C678C 00000000 */  nop
/* 01810 808C6790 45020009 */  bc1fl   .L808C67B8                 
/* 01814 808C6794 8FBF0024 */  lw      $ra, 0x0024($sp)           
/* 01818 808C6798 0C067C70 */  jal     func_8019F1C0              
/* 0181C 808C679C 24053AAC */  addiu   $a1, $zero, 0x3AAC         ## $a1 = 00003AAC
/* 01820 808C67A0 860902EE */  lh      $t1, 0x02EE($s0)           ## 000002EE
/* 01824 808C67A4 44808000 */  mtc1    $zero, $f16                ## $f16 = 0.00
/* 01828 808C67A8 252A0001 */  addiu   $t2, $t1, 0x0001           ## $t2 = 00000001
/* 0182C 808C67AC A60A02EE */  sh      $t2, 0x02EE($s0)           ## 000002EE
/* 01830 808C67B0 E6100070 */  swc1    $f16, 0x0070($s0)          ## 00000070
.L808C67B4:
/* 01834 808C67B4 8FBF0024 */  lw      $ra, 0x0024($sp)           
.L808C67B8:
/* 01838 808C67B8 8FB00020 */  lw      $s0, 0x0020($sp)           
/* 0183C 808C67BC 27BD0028 */  addiu   $sp, $sp, 0x0028           ## $sp = 00000000
/* 01840 808C67C0 03E00008 */  jr      $ra                        
/* 01844 808C67C4 00000000 */  nop


glabel func_808C67C8
/* 01848 808C67C8 27BDFFE8 */  addiu   $sp, $sp, 0xFFE8           ## $sp = FFFFFFE8
/* 0184C 808C67CC AFBF0014 */  sw      $ra, 0x0014($sp)           
/* 01850 808C67D0 00802825 */  or      $a1, $a0, $zero            ## $a1 = 00000000
/* 01854 808C67D4 3C040600 */  lui     $a0, 0x0600                ## $a0 = 06000000
/* 01858 808C67D8 24840E64 */  addiu   $a0, $a0, 0x0E64           ## $a0 = 06000E64
/* 0185C 808C67DC 0C04D1D2 */  jal     func_80134748              
/* 01860 808C67E0 AFA50018 */  sw      $a1, 0x0018($sp)           
/* 01864 808C67E4 44822000 */  mtc1    $v0, $f4                   ## $f4 = 0.00
/* 01868 808C67E8 8FA50018 */  lw      $a1, 0x0018($sp)           
/* 0186C 808C67EC 44804000 */  mtc1    $zero, $f8                 ## $f8 = 0.00
/* 01870 808C67F0 468021A0 */  cvt.s.w $f6, $f4                   
/* 01874 808C67F4 3C18808C */  lui     $t8, %hi(func_808C682C)    ## $t8 = 808C0000
/* 01878 808C67F8 240EFFFF */  addiu   $t6, $zero, 0xFFFF         ## $t6 = FFFFFFFF
/* 0187C 808C67FC 240F0001 */  addiu   $t7, $zero, 0x0001         ## $t7 = 00000001
/* 01880 808C6800 2718682C */  addiu   $t8, $t8, %lo(func_808C682C) ## $t8 = 808C682C
/* 01884 808C6804 A4A002EE */  sh      $zero, 0x02EE($a1)         ## 000002EE
/* 01888 808C6808 E4A60154 */  swc1    $f6, 0x0154($a1)           ## 00000154
/* 0188C 808C680C A4AE02EC */  sh      $t6, 0x02EC($a1)           ## 000002EC
/* 01890 808C6810 A0AF018C */  sb      $t7, 0x018C($a1)           ## 0000018C
/* 01894 808C6814 ACB80188 */  sw      $t8, 0x0188($a1)           ## 00000188
/* 01898 808C6818 E4A80070 */  swc1    $f8, 0x0070($a1)           ## 00000070
/* 0189C 808C681C 8FBF0014 */  lw      $ra, 0x0014($sp)           
/* 018A0 808C6820 27BD0018 */  addiu   $sp, $sp, 0x0018           ## $sp = 00000000
/* 018A4 808C6824 03E00008 */  jr      $ra                        
/* 018A8 808C6828 00000000 */  nop


glabel func_808C682C
/* 018AC 808C682C 27BDFFE8 */  addiu   $sp, $sp, 0xFFE8           ## $sp = FFFFFFE8
/* 018B0 808C6830 AFBF0014 */  sw      $ra, 0x0014($sp)           
/* 018B4 808C6834 AFA5001C */  sw      $a1, 0x001C($sp)           
/* 018B8 808C6838 00803825 */  or      $a3, $a0, $zero            ## $a3 = 00000000
/* 018BC 808C683C 3C0141A0 */  lui     $at, 0x41A0                ## $at = 41A00000
/* 018C0 808C6840 44812000 */  mtc1    $at, $f4                   ## $f4 = 20.00
/* 018C4 808C6844 C4E6015C */  lwc1    $f6, 0x015C($a3)           ## 0000015C
/* 018C8 808C6848 84EE02EE */  lh      $t6, 0x02EE($a3)           ## 000002EE
/* 018CC 808C684C 24E400BC */  addiu   $a0, $a3, 0x00BC           ## $a0 = 000000BC
/* 018D0 808C6850 4606203C */  c.lt.s  $f4, $f6                   
/* 018D4 808C6854 25CF0001 */  addiu   $t7, $t6, 0x0001           ## $t7 = 00000001
/* 018D8 808C6858 A4EF02EE */  sh      $t7, 0x02EE($a3)           ## 000002EE
/* 018DC 808C685C 00002825 */  or      $a1, $zero, $zero          ## $a1 = 00000000
/* 018E0 808C6860 4502000A */  bc1fl   .L808C688C                 
/* 018E4 808C6864 24E40144 */  addiu   $a0, $a3, 0x0144           ## $a0 = 00000144
/* 018E8 808C6868 90F80798 */  lbu     $t8, 0x0798($a3)           ## 00000798
/* 018EC 808C686C A0E0018C */  sb      $zero, 0x018C($a3)         ## 0000018C
/* 018F0 808C6870 24060200 */  addiu   $a2, $zero, 0x0200         ## $a2 = 00000200
/* 018F4 808C6874 3319FFFE */  andi    $t9, $t8, 0xFFFE           ## $t9 = 00000000
/* 018F8 808C6878 A0F90798 */  sb      $t9, 0x0798($a3)           ## 00000798
/* 018FC 808C687C 0C03FB9C */  jal     func_800FEE70              
/* 01900 808C6880 AFA70018 */  sw      $a3, 0x0018($sp)           
/* 01904 808C6884 8FA70018 */  lw      $a3, 0x0018($sp)           
/* 01908 808C6888 24E40144 */  addiu   $a0, $a3, 0x0144           ## $a0 = 00000144
.L808C688C:
/* 0190C 808C688C 0C04DB34 */  jal     func_80136CD0              
/* 01910 808C6890 AFA70018 */  sw      $a3, 0x0018($sp)           
/* 01914 808C6894 10400004 */  beq     $v0, $zero, .L808C68A8     
/* 01918 808C6898 8FA70018 */  lw      $a3, 0x0018($sp)           
/* 0191C 808C689C A4E000BC */  sh      $zero, 0x00BC($a3)         ## 000000BC
/* 01920 808C68A0 0C231917 */  jal     func_808C645C              
/* 01924 808C68A4 00E02025 */  or      $a0, $a3, $zero            ## $a0 = 00000000
.L808C68A8:
/* 01928 808C68A8 8FBF0014 */  lw      $ra, 0x0014($sp)           
/* 0192C 808C68AC 27BD0018 */  addiu   $sp, $sp, 0x0018           ## $sp = 00000000
/* 01930 808C68B0 03E00008 */  jr      $ra                        
/* 01934 808C68B4 00000000 */  nop


glabel func_808C68B8
/* 01938 808C68B8 27BDFFE8 */  addiu   $sp, $sp, 0xFFE8           ## $sp = FFFFFFE8
/* 0193C 808C68BC AFBF0014 */  sw      $ra, 0x0014($sp)           
/* 01940 808C68C0 00803825 */  or      $a3, $a0, $zero            ## $a3 = 00000000
/* 01944 808C68C4 3C050601 */  lui     $a1, 0x0601                ## $a1 = 06010000
/* 01948 808C68C8 24A5B508 */  addiu   $a1, $a1, 0xB508           ## $a1 = 0600B508
/* 0194C 808C68CC 24E40144 */  addiu   $a0, $a3, 0x0144           ## $a0 = 00000144
/* 01950 808C68D0 3C06C040 */  lui     $a2, 0xC040                ## $a2 = C0400000
/* 01954 808C68D4 0C04DD65 */  jal     func_80137594              
/* 01958 808C68D8 AFA70018 */  sw      $a3, 0x0018($sp)           
/* 0195C 808C68DC 8FA40018 */  lw      $a0, 0x0018($sp)           
/* 01960 808C68E0 44802000 */  mtc1    $zero, $f4                 ## $f4 = 0.00
/* 01964 808C68E4 240E001F */  addiu   $t6, $zero, 0x001F         ## $t6 = 0000001F
/* 01968 808C68E8 240F001E */  addiu   $t7, $zero, 0x001E         ## $t7 = 0000001E
/* 0196C 808C68EC A48E02EC */  sh      $t6, 0x02EC($a0)           ## 000002EC
/* 01970 808C68F0 A48F02EE */  sh      $t7, 0x02EE($a0)           ## 000002EE
/* 01974 808C68F4 0C23153C */  jal     func_808C54F0              
/* 01978 808C68F8 E4840070 */  swc1    $f4, 0x0070($a0)           ## 00000070
/* 0197C 808C68FC 8FA70018 */  lw      $a3, 0x0018($sp)           
/* 01980 808C6900 3C08808C */  lui     $t0, %hi(func_808C692C)    ## $t0 = 808C0000
/* 01984 808C6904 24180001 */  addiu   $t8, $zero, 0x0001         ## $t8 = 00000001
/* 01988 808C6908 2419FFFD */  addiu   $t9, $zero, 0xFFFD         ## $t9 = FFFFFFFD
/* 0198C 808C690C 2508692C */  addiu   $t0, $t0, %lo(func_808C692C) ## $t0 = 808C692C
/* 01990 808C6910 A0F8018C */  sb      $t8, 0x018C($a3)           ## 0000018C
/* 01994 808C6914 A0F90190 */  sb      $t9, 0x0190($a3)           ## 00000190
/* 01998 808C6918 ACE80188 */  sw      $t0, 0x0188($a3)           ## 00000188
/* 0199C 808C691C 8FBF0014 */  lw      $ra, 0x0014($sp)           
/* 019A0 808C6920 27BD0018 */  addiu   $sp, $sp, 0x0018           ## $sp = 00000000
/* 019A4 808C6924 03E00008 */  jr      $ra                        
/* 019A8 808C6928 00000000 */  nop


glabel func_808C692C
/* 019AC 808C692C 27BDFFD0 */  addiu   $sp, $sp, 0xFFD0           ## $sp = FFFFFFD0
/* 019B0 808C6930 AFB00020 */  sw      $s0, 0x0020($sp)           
/* 019B4 808C6934 00808025 */  or      $s0, $a0, $zero            ## $s0 = 00000000
/* 019B8 808C6938 AFBF0024 */  sw      $ra, 0x0024($sp)           
/* 019BC 808C693C AFA50034 */  sw      $a1, 0x0034($sp)           
/* 019C0 808C6940 0C2314E5 */  jal     func_808C5394              
/* 019C4 808C6944 02002025 */  or      $a0, $s0, $zero            ## $a0 = 00000000
/* 019C8 808C6948 860E02EE */  lh      $t6, 0x02EE($s0)           ## 000002EE
/* 019CC 808C694C 82020190 */  lb      $v0, 0x0190($s0)           ## 00000190
/* 019D0 808C6950 26040144 */  addiu   $a0, $s0, 0x0144           ## $a0 = 00000144
/* 019D4 808C6954 25CFFFFF */  addiu   $t7, $t6, 0xFFFF           ## $t7 = FFFFFFFF
/* 019D8 808C6958 28410007 */  slti    $at, $v0, 0x0007           
/* 019DC 808C695C 10200003 */  beq     $at, $zero, .L808C696C     
/* 019E0 808C6960 A60F02EE */  sh      $t7, 0x02EE($s0)           ## 000002EE
/* 019E4 808C6964 24580001 */  addiu   $t8, $v0, 0x0001           ## $t8 = 00000001
/* 019E8 808C6968 A2180190 */  sb      $t8, 0x0190($s0)           ## 00000190
.L808C696C:
/* 019EC 808C696C 0C04DB34 */  jal     func_80136CD0              
/* 019F0 808C6970 AFA4002C */  sw      $a0, 0x002C($sp)           
/* 019F4 808C6974 8FA4002C */  lw      $a0, 0x002C($sp)           
/* 019F8 808C6978 0C04DE2E */  jal     func_801378B8              
/* 019FC 808C697C 24050000 */  addiu   $a1, $zero, 0x0000         ## $a1 = 00000000
/* 01A00 808C6980 10400003 */  beq     $v0, $zero, .L808C6990     
/* 01A04 808C6984 26040338 */  addiu   $a0, $s0, 0x0338           ## $a0 = 00000338
/* 01A08 808C6988 0C067C70 */  jal     func_8019F1C0              
/* 01A0C 808C698C 24053AAD */  addiu   $a1, $zero, 0x3AAD         ## $a1 = 00003AAD
.L808C6990:
/* 01A10 808C6990 86050092 */  lh      $a1, 0x0092($s0)           ## 00000092
/* 01A14 808C6994 24190100 */  addiu   $t9, $zero, 0x0100         ## $t9 = 00000100
/* 01A18 808C6998 AFB90010 */  sw      $t9, 0x0010($sp)           
/* 01A1C 808C699C 260400BE */  addiu   $a0, $s0, 0x00BE           ## $a0 = 000000BE
/* 01A20 808C69A0 24060008 */  addiu   $a2, $zero, 0x0008         ## $a2 = 00000008
/* 01A24 808C69A4 0C03FFAF */  jal     func_800FFEBC              
/* 01A28 808C69A8 24071000 */  addiu   $a3, $zero, 0x1000         ## $a3 = 00001000
/* 01A2C 808C69AC 0C23153C */  jal     func_808C54F0              
/* 01A30 808C69B0 02002025 */  or      $a0, $s0, $zero            ## $a0 = 00000000
/* 01A34 808C69B4 860802EE */  lh      $t0, 0x02EE($s0)           ## 000002EE
/* 01A38 808C69B8 3C014348 */  lui     $at, 0x4348                ## $at = 43480000
/* 01A3C 808C69BC 5500000E */  bnel    $t0, $zero, .L808C69F8     
/* 01A40 808C69C0 8FBF0024 */  lw      $ra, 0x0024($sp)           
/* 01A44 808C69C4 44812000 */  mtc1    $at, $f4                   ## $f4 = 200.00
/* 01A48 808C69C8 C6060098 */  lwc1    $f6, 0x0098($s0)           ## 00000098
/* 01A4C 808C69CC 4606203C */  c.lt.s  $f4, $f6                   
/* 01A50 808C69D0 00000000 */  nop
/* 01A54 808C69D4 45000005 */  bc1f    .L808C69EC                 
/* 01A58 808C69D8 00000000 */  nop
/* 01A5C 808C69DC 0C231A82 */  jal     func_808C6A08              
/* 01A60 808C69E0 02002025 */  or      $a0, $s0, $zero            ## $a0 = 00000000
/* 01A64 808C69E4 10000004 */  beq     $zero, $zero, .L808C69F8   
/* 01A68 808C69E8 8FBF0024 */  lw      $ra, 0x0024($sp)           
.L808C69EC:
/* 01A6C 808C69EC 0C231917 */  jal     func_808C645C              
/* 01A70 808C69F0 02002025 */  or      $a0, $s0, $zero            ## $a0 = 00000000
/* 01A74 808C69F4 8FBF0024 */  lw      $ra, 0x0024($sp)           
.L808C69F8:
/* 01A78 808C69F8 8FB00020 */  lw      $s0, 0x0020($sp)           
/* 01A7C 808C69FC 27BD0030 */  addiu   $sp, $sp, 0x0030           ## $sp = 00000000
/* 01A80 808C6A00 03E00008 */  jr      $ra                        
/* 01A84 808C6A04 00000000 */  nop


glabel func_808C6A08
/* 01A88 808C6A08 27BDFFE8 */  addiu   $sp, $sp, 0xFFE8           ## $sp = FFFFFFE8
/* 01A8C 808C6A0C AFBF0014 */  sw      $ra, 0x0014($sp)           
/* 01A90 808C6A10 00803825 */  or      $a3, $a0, $zero            ## $a3 = 00000000
/* 01A94 808C6A14 8CEF0188 */  lw      $t7, 0x0188($a3)           ## 00000188
/* 01A98 808C6A18 3C0E808C */  lui     $t6, %hi(func_808C692C)    ## $t6 = 808C0000
/* 01A9C 808C6A1C 25CE692C */  addiu   $t6, $t6, %lo(func_808C692C) ## $t6 = 808C692C
/* 01AA0 808C6A20 11CF0012 */  beq     $t6, $t7, .L808C6A6C       
/* 01AA4 808C6A24 2409000A */  addiu   $t1, $zero, 0x000A         ## $t1 = 0000000A
/* 01AA8 808C6A28 3C050601 */  lui     $a1, 0x0601                ## $a1 = 06010000
/* 01AAC 808C6A2C 24A5B508 */  addiu   $a1, $a1, 0xB508           ## $a1 = 0600B508
/* 01AB0 808C6A30 24E40144 */  addiu   $a0, $a3, 0x0144           ## $a0 = 00000144
/* 01AB4 808C6A34 3C06C040 */  lui     $a2, 0xC040                ## $a2 = C0400000
/* 01AB8 808C6A38 0C04DD65 */  jal     func_80137594              
/* 01ABC 808C6A3C AFA70018 */  sw      $a3, 0x0018($sp)           
/* 01AC0 808C6A40 8FA70018 */  lw      $a3, 0x0018($sp)           
/* 01AC4 808C6A44 44802000 */  mtc1    $zero, $f4                 ## $f4 = 0.00
/* 01AC8 808C6A48 2418FFFD */  addiu   $t8, $zero, 0xFFFD         ## $t8 = FFFFFFFD
/* 01ACC 808C6A4C 2419FFFF */  addiu   $t9, $zero, 0xFFFF         ## $t9 = FFFFFFFF
/* 01AD0 808C6A50 24080001 */  addiu   $t0, $zero, 0x0001         ## $t0 = 00000001
/* 01AD4 808C6A54 A0F80190 */  sb      $t8, 0x0190($a3)           ## 00000190
/* 01AD8 808C6A58 A4E002EE */  sh      $zero, 0x02EE($a3)         ## 000002EE
/* 01ADC 808C6A5C A4F902EC */  sh      $t9, 0x02EC($a3)           ## 000002EC
/* 01AE0 808C6A60 A0E8018C */  sb      $t0, 0x018C($a3)           ## 0000018C
/* 01AE4 808C6A64 10000007 */  beq     $zero, $zero, .L808C6A84   
/* 01AE8 808C6A68 E4E40070 */  swc1    $f4, 0x0070($a3)           ## 00000070
.L808C6A6C:
/* 01AEC 808C6A6C 3C014120 */  lui     $at, 0x4120                ## $at = 41200000
/* 01AF0 808C6A70 44813000 */  mtc1    $at, $f6                   ## $f6 = 10.00
/* 01AF4 808C6A74 240A0009 */  addiu   $t2, $zero, 0x0009         ## $t2 = 00000009
/* 01AF8 808C6A78 A4E902EE */  sh      $t1, 0x02EE($a3)           ## 000002EE
/* 01AFC 808C6A7C A4EA02EC */  sh      $t2, 0x02EC($a3)           ## 000002EC
/* 01B00 808C6A80 E4E60070 */  swc1    $f6, 0x0070($a3)           ## 00000070
.L808C6A84:
/* 01B04 808C6A84 00E02025 */  or      $a0, $a3, $zero            ## $a0 = 00000000
/* 01B08 808C6A88 0C23153C */  jal     func_808C54F0              
/* 01B0C 808C6A8C AFA70018 */  sw      $a3, 0x0018($sp)           
/* 01B10 808C6A90 8FA70018 */  lw      $a3, 0x0018($sp)           
/* 01B14 808C6A94 3C0B808C */  lui     $t3, %hi(func_808C6AB0)    ## $t3 = 808C0000
/* 01B18 808C6A98 256B6AB0 */  addiu   $t3, $t3, %lo(func_808C6AB0) ## $t3 = 808C6AB0
/* 01B1C 808C6A9C ACEB0188 */  sw      $t3, 0x0188($a3)           ## 00000188
/* 01B20 808C6AA0 8FBF0014 */  lw      $ra, 0x0014($sp)           
/* 01B24 808C6AA4 27BD0018 */  addiu   $sp, $sp, 0x0018           ## $sp = 00000000
/* 01B28 808C6AA8 03E00008 */  jr      $ra                        
/* 01B2C 808C6AAC 00000000 */  nop


glabel func_808C6AB0
/* 01B30 808C6AB0 27BDFFD0 */  addiu   $sp, $sp, 0xFFD0           ## $sp = FFFFFFD0
/* 01B34 808C6AB4 AFB00020 */  sw      $s0, 0x0020($sp)           
/* 01B38 808C6AB8 00808025 */  or      $s0, $a0, $zero            ## $s0 = 00000000
/* 01B3C 808C6ABC AFBF0024 */  sw      $ra, 0x0024($sp)           
/* 01B40 808C6AC0 AFA50034 */  sw      $a1, 0x0034($sp)           
/* 01B44 808C6AC4 0C2314E5 */  jal     func_808C5394              
/* 01B48 808C6AC8 02002025 */  or      $a0, $s0, $zero            ## $a0 = 00000000
/* 01B4C 808C6ACC 26040144 */  addiu   $a0, $s0, 0x0144           ## $a0 = 00000144
/* 01B50 808C6AD0 0C04DB34 */  jal     func_80136CD0              
/* 01B54 808C6AD4 AFA40028 */  sw      $a0, 0x0028($sp)           
/* 01B58 808C6AD8 8FA40028 */  lw      $a0, 0x0028($sp)           
/* 01B5C 808C6ADC 0C04DE2E */  jal     func_801378B8              
/* 01B60 808C6AE0 24050000 */  addiu   $a1, $zero, 0x0000         ## $a1 = 00000000
/* 01B64 808C6AE4 10400003 */  beq     $v0, $zero, .L808C6AF4     
/* 01B68 808C6AE8 26040338 */  addiu   $a0, $s0, 0x0338           ## $a0 = 00000338
/* 01B6C 808C6AEC 0C067C70 */  jal     func_8019F1C0              
/* 01B70 808C6AF0 24053AAD */  addiu   $a1, $zero, 0x3AAD         ## $a1 = 00003AAD
.L808C6AF4:
/* 01B74 808C6AF4 82020190 */  lb      $v0, 0x0190($s0)           ## 00000190
/* 01B78 808C6AF8 260400BE */  addiu   $a0, $s0, 0x00BE           ## $a0 = 000000BE
/* 01B7C 808C6AFC 24060008 */  addiu   $a2, $zero, 0x0008         ## $a2 = 00000008
/* 01B80 808C6B00 28410007 */  slti    $at, $v0, 0x0007           
/* 01B84 808C6B04 10200002 */  beq     $at, $zero, .L808C6B10     
/* 01B88 808C6B08 244E0001 */  addiu   $t6, $v0, 0x0001           ## $t6 = 00000001
/* 01B8C 808C6B0C A20E0190 */  sb      $t6, 0x0190($s0)           ## 00000190
.L808C6B10:
/* 01B90 808C6B10 860F02EE */  lh      $t7, 0x02EE($s0)           ## 000002EE
/* 01B94 808C6B14 24071000 */  addiu   $a3, $zero, 0x1000         ## $a3 = 00001000
/* 01B98 808C6B18 24190100 */  addiu   $t9, $zero, 0x0100         ## $t9 = 00000100
/* 01B9C 808C6B1C 25F80001 */  addiu   $t8, $t7, 0x0001           ## $t8 = 00000001
/* 01BA0 808C6B20 A61802EE */  sh      $t8, 0x02EE($s0)           ## 000002EE
/* 01BA4 808C6B24 860202EE */  lh      $v0, 0x02EE($s0)           ## 000002EE
/* 01BA8 808C6B28 2841000A */  slti    $at, $v0, 0x000A           
/* 01BAC 808C6B2C 50200007 */  beql    $at, $zero, .L808C6B4C     
/* 01BB0 808C6B30 2401000A */  addiu   $at, $zero, 0x000A         ## $at = 0000000A
/* 01BB4 808C6B34 86050092 */  lh      $a1, 0x0092($s0)           ## 00000092
/* 01BB8 808C6B38 0C03FFAF */  jal     func_800FFEBC              
/* 01BBC 808C6B3C AFB90010 */  sw      $t9, 0x0010($sp)           
/* 01BC0 808C6B40 10000007 */  beq     $zero, $zero, .L808C6B60   
/* 01BC4 808C6B44 00000000 */  nop
/* 01BC8 808C6B48 2401000A */  addiu   $at, $zero, 0x000A         ## $at = 0000000A
.L808C6B4C:
/* 01BCC 808C6B4C 14410004 */  bne     $v0, $at, .L808C6B60       
/* 01BD0 808C6B50 3C014120 */  lui     $at, 0x4120                ## $at = 41200000
/* 01BD4 808C6B54 44812000 */  mtc1    $at, $f4                   ## $f4 = 10.00
/* 01BD8 808C6B58 00000000 */  nop
/* 01BDC 808C6B5C E6040070 */  swc1    $f4, 0x0070($s0)           ## 00000070
.L808C6B60:
/* 01BE0 808C6B60 0C23153C */  jal     func_808C54F0              
/* 01BE4 808C6B64 02002025 */  or      $a0, $s0, $zero            ## $a0 = 00000000
/* 01BE8 808C6B68 860402EE */  lh      $a0, 0x02EE($s0)           ## 000002EE
/* 01BEC 808C6B6C 00042340 */  sll     $a0, $a0, 13               
/* 01BF0 808C6B70 00042400 */  sll     $a0, $a0, 16               
/* 01BF4 808C6B74 0C03FB61 */  jal     func_800FED84              
/* 01BF8 808C6B78 00042403 */  sra     $a0, $a0, 16               
/* 01BFC 808C6B7C 3C014500 */  lui     $at, 0x4500                ## $at = 45000000
/* 01C00 808C6B80 44813000 */  mtc1    $at, $f6                   ## $f6 = 2048.00
/* 01C04 808C6B84 260402F2 */  addiu   $a0, $s0, 0x02F2           ## $a0 = 000002F2
/* 01C08 808C6B88 24061000 */  addiu   $a2, $zero, 0x1000         ## $a2 = 00001000
/* 01C0C 808C6B8C 46060202 */  mul.s   $f8, $f0, $f6              
/* 01C10 808C6B90 4600428D */  trunc.w.s $f10, $f8                  
/* 01C14 808C6B94 44055000 */  mfc1    $a1, $f10                  
/* 01C18 808C6B98 00000000 */  nop
/* 01C1C 808C6B9C 24A53000 */  addiu   $a1, $a1, 0x3000           ## $a1 = 00003000
/* 01C20 808C6BA0 00052C00 */  sll     $a1, $a1, 16               
/* 01C24 808C6BA4 0C03FB9C */  jal     func_800FEE70              
/* 01C28 808C6BA8 00052C03 */  sra     $a1, $a1, 16               
/* 01C2C 808C6BAC 860402EE */  lh      $a0, 0x02EE($s0)           ## 000002EE
/* 01C30 808C6BB0 24018000 */  addiu   $at, $zero, 0x8000         ## $at = FFFF8000
/* 01C34 808C6BB4 00042340 */  sll     $a0, $a0, 13               
/* 01C38 808C6BB8 00812021 */  addu    $a0, $a0, $at              
/* 01C3C 808C6BBC 00042400 */  sll     $a0, $a0, 16               
/* 01C40 808C6BC0 0C03FB61 */  jal     func_800FED84              
/* 01C44 808C6BC4 00042403 */  sra     $a0, $a0, 16               
/* 01C48 808C6BC8 3C014500 */  lui     $at, 0x4500                ## $at = 45000000
/* 01C4C 808C6BCC 44818000 */  mtc1    $at, $f16                  ## $f16 = 2048.00
/* 01C50 808C6BD0 260402F4 */  addiu   $a0, $s0, 0x02F4           ## $a0 = 000002F4
/* 01C54 808C6BD4 24061000 */  addiu   $a2, $zero, 0x1000         ## $a2 = 00001000
/* 01C58 808C6BD8 46100482 */  mul.s   $f18, $f0, $f16            
/* 01C5C 808C6BDC 4600910D */  trunc.w.s $f4, $f18                  
/* 01C60 808C6BE0 44052000 */  mfc1    $a1, $f4                   
/* 01C64 808C6BE4 00000000 */  nop
/* 01C68 808C6BE8 00052C00 */  sll     $a1, $a1, 16               
/* 01C6C 808C6BEC 0C03FB9C */  jal     func_800FEE70              
/* 01C70 808C6BF0 00052C03 */  sra     $a1, $a1, 16               
/* 01C74 808C6BF4 960A0090 */  lhu     $t2, 0x0090($s0)           ## 00000090
/* 01C78 808C6BF8 02002025 */  or      $a0, $s0, $zero            ## $a0 = 00000000
/* 01C7C 808C6BFC 314B0008 */  andi    $t3, $t2, 0x0008           ## $t3 = 00000000
/* 01C80 808C6C00 5560000A */  bnel    $t3, $zero, .L808C6C2C     
/* 01C84 808C6C04 92180798 */  lbu     $t8, 0x0798($s0)           ## 00000798
/* 01C88 808C6C08 920C0798 */  lbu     $t4, 0x0798($s0)           ## 00000798
/* 01C8C 808C6C0C 318D0002 */  andi    $t5, $t4, 0x0002           ## $t5 = 00000000
/* 01C90 808C6C10 55A00006 */  bnel    $t5, $zero, .L808C6C2C     
/* 01C94 808C6C14 92180798 */  lbu     $t8, 0x0798($s0)           ## 00000798
/* 01C98 808C6C18 920E0870 */  lbu     $t6, 0x0870($s0)           ## 00000870
/* 01C9C 808C6C1C 31CF0002 */  andi    $t7, $t6, 0x0002           ## $t7 = 00000000
/* 01CA0 808C6C20 51E0000A */  beql    $t7, $zero, .L808C6C4C     
/* 01CA4 808C6C24 8FBF0024 */  lw      $ra, 0x0024($sp)           
/* 01CA8 808C6C28 92180798 */  lbu     $t8, 0x0798($s0)           ## 00000798
.L808C6C2C:
/* 01CAC 808C6C2C 92080870 */  lbu     $t0, 0x0870($s0)           ## 00000870
/* 01CB0 808C6C30 A200018C */  sb      $zero, 0x018C($s0)         ## 0000018C
/* 01CB4 808C6C34 3319FFFC */  andi    $t9, $t8, 0xFFFC           ## $t9 = 00000000
/* 01CB8 808C6C38 3109FFFD */  andi    $t1, $t0, 0xFFFD           ## $t1 = 00000000
/* 01CBC 808C6C3C A2190798 */  sb      $t9, 0x0798($s0)           ## 00000798
/* 01CC0 808C6C40 0C231917 */  jal     func_808C645C              
/* 01CC4 808C6C44 A2090870 */  sb      $t1, 0x0870($s0)           ## 00000870
/* 01CC8 808C6C48 8FBF0024 */  lw      $ra, 0x0024($sp)           
.L808C6C4C:
/* 01CCC 808C6C4C 8FB00020 */  lw      $s0, 0x0020($sp)           
/* 01CD0 808C6C50 27BD0030 */  addiu   $sp, $sp, 0x0030           ## $sp = 00000000
/* 01CD4 808C6C54 03E00008 */  jr      $ra                        
/* 01CD8 808C6C58 00000000 */  nop


glabel func_808C6C5C
/* 01CDC 808C6C5C 27BDFFD8 */  addiu   $sp, $sp, 0xFFD8           ## $sp = FFFFFFD8
/* 01CE0 808C6C60 AFB00020 */  sw      $s0, 0x0020($sp)           
/* 01CE4 808C6C64 00808025 */  or      $s0, $a0, $zero            ## $s0 = 00000000
/* 01CE8 808C6C68 AFBF0024 */  sw      $ra, 0x0024($sp)           
/* 01CEC 808C6C6C 3C050600 */  lui     $a1, 0x0600                ## $a1 = 06000000
/* 01CF0 808C6C70 24A51F80 */  addiu   $a1, $a1, 0x1F80           ## $a1 = 06001F80
/* 01CF4 808C6C74 0C04DD0C */  jal     func_80137430              
/* 01CF8 808C6C78 26040144 */  addiu   $a0, $s0, 0x0144           ## $a0 = 00000144
/* 01CFC 808C6C7C 3C014120 */  lui     $at, 0x4120                ## $at = 41200000
/* 01D00 808C6C80 44812000 */  mtc1    $at, $f4                   ## $f4 = 10.00
/* 01D04 808C6C84 02002025 */  or      $a0, $s0, $zero            ## $a0 = 00000000
/* 01D08 808C6C88 26050808 */  addiu   $a1, $s0, 0x0808           ## $a1 = 00000808
/* 01D0C 808C6C8C 0C02F95A */  jal     func_800BE568              
/* 01D10 808C6C90 E6040070 */  swc1    $f4, 0x0070($s0)           ## 00000070
/* 01D14 808C6C94 240E000F */  addiu   $t6, $zero, 0x000F         ## $t6 = 0000000F
/* 01D18 808C6C98 AFAE0010 */  sw      $t6, 0x0010($sp)           
/* 01D1C 808C6C9C 02002025 */  or      $a0, $s0, $zero            ## $a0 = 00000000
/* 01D20 808C6CA0 24054000 */  addiu   $a1, $zero, 0x4000         ## $a1 = 00004000
/* 01D24 808C6CA4 240600FF */  addiu   $a2, $zero, 0x00FF         ## $a2 = 000000FF
/* 01D28 808C6CA8 0C02F2DC */  jal     func_800BCB70              
/* 01D2C 808C6CAC 00003825 */  or      $a3, $zero, $zero          ## $a3 = 00000000
/* 01D30 808C6CB0 02002025 */  or      $a0, $s0, $zero            ## $a0 = 00000000
/* 01D34 808C6CB4 0C02E3B2 */  jal     func_800B8EC8              
/* 01D38 808C6CB8 24053AB1 */  addiu   $a1, $zero, 0x3AB1         ## $a1 = 00003AB1
/* 01D3C 808C6CBC 3C0F808C */  lui     $t7, %hi(func_808C6CDC)    ## $t7 = 808C0000
/* 01D40 808C6CC0 25EF6CDC */  addiu   $t7, $t7, %lo(func_808C6CDC) ## $t7 = 808C6CDC
/* 01D44 808C6CC4 AE0F0188 */  sw      $t7, 0x0188($s0)           ## 00000188
/* 01D48 808C6CC8 8FBF0024 */  lw      $ra, 0x0024($sp)           
/* 01D4C 808C6CCC 8FB00020 */  lw      $s0, 0x0020($sp)           
/* 01D50 808C6CD0 27BD0028 */  addiu   $sp, $sp, 0x0028           ## $sp = 00000000
/* 01D54 808C6CD4 03E00008 */  jr      $ra                        
/* 01D58 808C6CD8 00000000 */  nop


glabel func_808C6CDC
/* 01D5C 808C6CDC 27BDFFE0 */  addiu   $sp, $sp, 0xFFE0           ## $sp = FFFFFFE0
/* 01D60 808C6CE0 AFB00018 */  sw      $s0, 0x0018($sp)           
/* 01D64 808C6CE4 00808025 */  or      $s0, $a0, $zero            ## $s0 = 00000000
/* 01D68 808C6CE8 AFBF001C */  sw      $ra, 0x001C($sp)           
/* 01D6C 808C6CEC AFA50024 */  sw      $a1, 0x0024($sp)           
/* 01D70 808C6CF0 0C2314E5 */  jal     func_808C5394              
/* 01D74 808C6CF4 02002025 */  or      $a0, $s0, $zero            ## $a0 = 00000000
/* 01D78 808C6CF8 26040070 */  addiu   $a0, $s0, 0x0070           ## $a0 = 00000070
/* 01D7C 808C6CFC 24050000 */  addiu   $a1, $zero, 0x0000         ## $a1 = 00000000
/* 01D80 808C6D00 0C03FC0F */  jal     func_800FF03C              
/* 01D84 808C6D04 3C063F00 */  lui     $a2, 0x3F00                ## $a2 = 3F000000
/* 01D88 808C6D08 0C04DB34 */  jal     func_80136CD0              
/* 01D8C 808C6D0C 26040144 */  addiu   $a0, $s0, 0x0144           ## $a0 = 00000144
/* 01D90 808C6D10 50400007 */  beql    $v0, $zero, .L808C6D30     
/* 01D94 808C6D14 8FBF001C */  lw      $ra, 0x001C($sp)           
/* 01D98 808C6D18 920E0819 */  lbu     $t6, 0x0819($s0)           ## 00000819
/* 01D9C 808C6D1C 02002025 */  or      $a0, $s0, $zero            ## $a0 = 00000000
/* 01DA0 808C6D20 35CF0001 */  ori     $t7, $t6, 0x0001           ## $t7 = 00000001
/* 01DA4 808C6D24 0C231A82 */  jal     func_808C6A08              
/* 01DA8 808C6D28 A20F0819 */  sb      $t7, 0x0819($s0)           ## 00000819
/* 01DAC 808C6D2C 8FBF001C */  lw      $ra, 0x001C($sp)           
.L808C6D30:
/* 01DB0 808C6D30 8FB00018 */  lw      $s0, 0x0018($sp)           
/* 01DB4 808C6D34 27BD0020 */  addiu   $sp, $sp, 0x0020           ## $sp = 00000000
/* 01DB8 808C6D38 03E00008 */  jr      $ra                        
/* 01DBC 808C6D3C 00000000 */  nop


glabel func_808C6D40
/* 01DC0 808C6D40 27BDFFB8 */  addiu   $sp, $sp, 0xFFB8           ## $sp = FFFFFFB8
/* 01DC4 808C6D44 AFB00020 */  sw      $s0, 0x0020($sp)           
/* 01DC8 808C6D48 00808025 */  or      $s0, $a0, $zero            ## $s0 = 00000000
/* 01DCC 808C6D4C AFBF0024 */  sw      $ra, 0x0024($sp)           
/* 01DD0 808C6D50 AFA5004C */  sw      $a1, 0x004C($sp)           
/* 01DD4 808C6D54 8E0E0004 */  lw      $t6, 0x0004($s0)           ## 00000004
/* 01DD8 808C6D58 2401EFFE */  addiu   $at, $zero, 0xEFFE         ## $at = FFFFEFFE
/* 01DDC 808C6D5C 3C050600 */  lui     $a1, 0x0600                ## $a1 = 06000000
/* 01DE0 808C6D60 01C17824 */  and     $t7, $t6, $at              
/* 01DE4 808C6D64 AE0F0004 */  sw      $t7, 0x0004($s0)           ## 00000004
/* 01DE8 808C6D68 24A52DE8 */  addiu   $a1, $a1, 0x2DE8           ## $a1 = 06002DE8
/* 01DEC 808C6D6C 0C04DD0C */  jal     func_80137430              
/* 01DF0 808C6D70 26040144 */  addiu   $a0, $s0, 0x0144           ## $a0 = 00000144
/* 01DF4 808C6D74 00002025 */  or      $a0, $zero, $zero          ## $a0 = 00000000
/* 01DF8 808C6D78 02001825 */  or      $v1, $s0, $zero            ## $v1 = 00000000
/* 01DFC 808C6D7C 24050014 */  addiu   $a1, $zero, 0x0014         ## $a1 = 00000014
/* 01E00 808C6D80 24020006 */  addiu   $v0, $zero, 0x0006         ## $v0 = 00000006
.L808C6D84:
/* 01E04 808C6D84 8C7806E4 */  lw      $t8, 0x06E4($v1)           ## 000006E4
/* 01E08 808C6D88 24840004 */  addiu   $a0, $a0, 0x0004           ## $a0 = 00000004
/* 01E0C 808C6D8C 24630010 */  addiu   $v1, $v1, 0x0010           ## $v1 = 00000010
/* 01E10 808C6D90 A702001C */  sh      $v0, 0x001C($t8)           ## 0000001C
/* 01E14 808C6D94 8C7906D8 */  lw      $t9, 0x06D8($v1)           ## 000006E8
/* 01E18 808C6D98 A722001C */  sh      $v0, 0x001C($t9)           ## 0000001C
/* 01E1C 808C6D9C 8C6806DC */  lw      $t0, 0x06DC($v1)           ## 000006EC
/* 01E20 808C6DA0 A502001C */  sh      $v0, 0x001C($t0)           ## 0000001C
/* 01E24 808C6DA4 8C6906E0 */  lw      $t1, 0x06E0($v1)           ## 000006F0
/* 01E28 808C6DA8 1485FFF6 */  bne     $a0, $a1, .L808C6D84       
/* 01E2C 808C6DAC A522001C */  sh      $v0, 0x001C($t1)           ## 0000001C
/* 01E30 808C6DB0 920A0819 */  lbu     $t2, 0x0819($s0)           ## 00000819
/* 01E34 808C6DB4 A200018D */  sb      $zero, 0x018D($s0)         ## 0000018D
/* 01E38 808C6DB8 240C001E */  addiu   $t4, $zero, 0x001E         ## $t4 = 0000001E
/* 01E3C 808C6DBC 314BFFFE */  andi    $t3, $t2, 0xFFFE           ## $t3 = 00000000
/* 01E40 808C6DC0 A20B0819 */  sb      $t3, 0x0819($s0)           ## 00000819
/* 01E44 808C6DC4 AFAC0010 */  sw      $t4, 0x0010($sp)           
/* 01E48 808C6DC8 02002025 */  or      $a0, $s0, $zero            ## $a0 = 00000000
/* 01E4C 808C6DCC 24054000 */  addiu   $a1, $zero, 0x4000         ## $a1 = 00004000
/* 01E50 808C6DD0 240600FF */  addiu   $a2, $zero, 0x00FF         ## $a2 = 000000FF
/* 01E54 808C6DD4 0C02F2DC */  jal     func_800BCB70              
/* 01E58 808C6DD8 00003825 */  or      $a3, $zero, $zero          ## $a3 = 00000000
/* 01E5C 808C6DDC 860400BE */  lh      $a0, 0x00BE($s0)           ## 000000BE
/* 01E60 808C6DE0 C604000C */  lwc1    $f4, 0x000C($s0)           ## 0000000C
/* 01E64 808C6DE4 44803000 */  mtc1    $zero, $f6                 ## $f6 = 0.00
/* 01E68 808C6DE8 24840900 */  addiu   $a0, $a0, 0x0900           ## $a0 = 00000900
/* 01E6C 808C6DEC 240D0023 */  addiu   $t5, $zero, 0x0023         ## $t5 = 00000023
/* 01E70 808C6DF0 00042400 */  sll     $a0, $a0, 16               
/* 01E74 808C6DF4 A60D02EE */  sh      $t5, 0x02EE($s0)           ## 000002EE
/* 01E78 808C6DF8 00042403 */  sra     $a0, $a0, 16               
/* 01E7C 808C6DFC E6040028 */  swc1    $f4, 0x0028($s0)           ## 00000028
/* 01E80 808C6E00 0C03FB61 */  jal     func_800FED84              
/* 01E84 808C6E04 E6060070 */  swc1    $f6, 0x0070($s0)           ## 00000070
/* 01E88 808C6E08 3C01429E */  lui     $at, 0x429E                ## $at = 429E0000
/* 01E8C 808C6E0C 44814000 */  mtc1    $at, $f8                   ## $f8 = 79.00
/* 01E90 808C6E10 C6100024 */  lwc1    $f16, 0x0024($s0)          ## 00000024
/* 01E94 808C6E14 860400BE */  lh      $a0, 0x00BE($s0)           ## 000000BE
/* 01E98 808C6E18 46080282 */  mul.s   $f10, $f0, $f8             
/* 01E9C 808C6E1C 24840900 */  addiu   $a0, $a0, 0x0900           ## $a0 = 00000900
/* 01EA0 808C6E20 00042400 */  sll     $a0, $a0, 16               
/* 01EA4 808C6E24 00042403 */  sra     $a0, $a0, 16               
/* 01EA8 808C6E28 46105480 */  add.s   $f18, $f10, $f16           
/* 01EAC 808C6E2C 0C03FB51 */  jal     func_800FED44              
/* 01EB0 808C6E30 E6120344 */  swc1    $f18, 0x0344($s0)          ## 00000344
/* 01EB4 808C6E34 3C01429E */  lui     $at, 0x429E                ## $at = 429E0000
/* 01EB8 808C6E38 44812000 */  mtc1    $at, $f4                   ## $f4 = 79.00
/* 01EBC 808C6E3C 3C01427C */  lui     $at, 0x427C                ## $at = 427C0000
/* 01EC0 808C6E40 C608002C */  lwc1    $f8, 0x002C($s0)           ## 0000002C
/* 01EC4 808C6E44 46040182 */  mul.s   $f6, $f0, $f4              
/* 01EC8 808C6E48 44819000 */  mtc1    $at, $f18                  ## $f18 = 63.00
/* 01ECC 808C6E4C C610000C */  lwc1    $f16, 0x000C($s0)          ## 0000000C
/* 01ED0 808C6E50 3C0142C8 */  lui     $at, 0x42C8                ## $at = 42C80000
/* 01ED4 808C6E54 46128100 */  add.s   $f4, $f16, $f18            
/* 01ED8 808C6E58 46083280 */  add.s   $f10, $f6, $f8             
/* 01EDC 808C6E5C C6060024 */  lwc1    $f6, 0x0024($s0)           ## 00000024
/* 01EE0 808C6E60 E6040348 */  swc1    $f4, 0x0348($s0)           ## 00000348
/* 01EE4 808C6E64 E60A034C */  swc1    $f10, 0x034C($s0)          ## 0000034C
/* 01EE8 808C6E68 E7A60030 */  swc1    $f6, 0x0030($sp)           
/* 01EEC 808C6E6C C6080028 */  lwc1    $f8, 0x0028($s0)           ## 00000028
/* 01EF0 808C6E70 44815000 */  mtc1    $at, $f10                  ## $f10 = 100.00
/* 01EF4 808C6E74 00000000 */  nop
/* 01EF8 808C6E78 460A4400 */  add.s   $f16, $f8, $f10            
/* 01EFC 808C6E7C E7B00034 */  swc1    $f16, 0x0034($sp)          
/* 01F00 808C6E80 C612002C */  lwc1    $f18, 0x002C($s0)          ## 0000002C
/* 01F04 808C6E84 E7B20038 */  swc1    $f18, 0x0038($sp)          
/* 01F08 808C6E88 860400BE */  lh      $a0, 0x00BE($s0)           ## 000000BE
/* 01F0C 808C6E8C 24840900 */  addiu   $a0, $a0, 0x0900           ## $a0 = 00000900
/* 01F10 808C6E90 00042400 */  sll     $a0, $a0, 16               
/* 01F14 808C6E94 0C03FB61 */  jal     func_800FED84              
/* 01F18 808C6E98 00042403 */  sra     $a0, $a0, 16               
/* 01F1C 808C6E9C 3C014333 */  lui     $at, 0x4333                ## $at = 43330000
/* 01F20 808C6EA0 44812000 */  mtc1    $at, $f4                   ## $f4 = 179.00
/* 01F24 808C6EA4 C6080024 */  lwc1    $f8, 0x0024($s0)           ## 00000024
/* 01F28 808C6EA8 46040182 */  mul.s   $f6, $f0, $f4              
/* 01F2C 808C6EAC 46083280 */  add.s   $f10, $f6, $f8             
/* 01F30 808C6EB0 E7AA003C */  swc1    $f10, 0x003C($sp)          
/* 01F34 808C6EB4 860400BE */  lh      $a0, 0x00BE($s0)           ## 000000BE
/* 01F38 808C6EB8 24840900 */  addiu   $a0, $a0, 0x0900           ## $a0 = 00000900
/* 01F3C 808C6EBC 00042400 */  sll     $a0, $a0, 16               
/* 01F40 808C6EC0 0C03FB51 */  jal     func_800FED44              
/* 01F44 808C6EC4 00042403 */  sra     $a0, $a0, 16               
/* 01F48 808C6EC8 3C014333 */  lui     $at, 0x4333                ## $at = 43330000
/* 01F4C 808C6ECC 44818000 */  mtc1    $at, $f16                  ## $f16 = 179.00
/* 01F50 808C6ED0 C604002C */  lwc1    $f4, 0x002C($s0)           ## 0000002C
/* 01F54 808C6ED4 3C0141F0 */  lui     $at, 0x41F0                ## $at = 41F00000
/* 01F58 808C6ED8 46100482 */  mul.s   $f18, $f0, $f16            
/* 01F5C 808C6EDC 44815000 */  mtc1    $at, $f10                  ## $f10 = 30.00
/* 01F60 808C6EE0 8FA4004C */  lw      $a0, 0x004C($sp)           
/* 01F64 808C6EE4 27A60030 */  addiu   $a2, $sp, 0x0030           ## $a2 = FFFFFFE8
/* 01F68 808C6EE8 27A7003C */  addiu   $a3, $sp, 0x003C           ## $a3 = FFFFFFF4
/* 01F6C 808C6EEC 46049180 */  add.s   $f6, $f18, $f4             
/* 01F70 808C6EF0 E7A60044 */  swc1    $f6, 0x0044($sp)           
/* 01F74 808C6EF4 C608000C */  lwc1    $f8, 0x000C($s0)           ## 0000000C
/* 01F78 808C6EF8 460A4400 */  add.s   $f16, $f8, $f10            
/* 01F7C 808C6EFC E7B00040 */  swc1    $f16, 0x0040($sp)          
/* 01F80 808C6F00 0C05A5C3 */  jal     func_8016970C              
/* 01F84 808C6F04 860502FA */  lh      $a1, 0x02FA($s0)           ## 000002FA
/* 01F88 808C6F08 27A4003C */  addiu   $a0, $sp, 0x003C           ## $a0 = FFFFFFF4
/* 01F8C 808C6F0C 0C03FE21 */  jal     func_800FF884              
/* 01F90 808C6F10 26050344 */  addiu   $a1, $s0, 0x0344           ## $a1 = 00000344
/* 01F94 808C6F14 3C01808D */  lui     $at, %hi(D_808C9BB0)       ## $at = 808D0000
/* 01F98 808C6F18 C4329BB0 */  lwc1    $f18, %lo(D_808C9BB0)($at) 
/* 01F9C 808C6F1C 860E00BE */  lh      $t6, 0x00BE($s0)           ## 000000BE
/* 01FA0 808C6F20 02002825 */  or      $a1, $s0, $zero            ## $a1 = 00000000
/* 01FA4 808C6F24 46120102 */  mul.s   $f4, $f0, $f18             
/* 01FA8 808C6F28 25CF2000 */  addiu   $t7, $t6, 0x2000           ## $t7 = 00002000
/* 01FAC 808C6F2C A60F00BE */  sh      $t7, 0x00BE($s0)           ## 000000BE
/* 01FB0 808C6F30 24060007 */  addiu   $a2, $zero, 0x0007         ## $a2 = 00000007
/* 01FB4 808C6F34 E604030C */  swc1    $f4, 0x030C($s0)           ## 0000030C
/* 01FB8 808C6F38 0C02DC93 */  jal     func_800B724C              
/* 01FBC 808C6F3C 8FA4004C */  lw      $a0, 0x004C($sp)           
/* 01FC0 808C6F40 02002025 */  or      $a0, $s0, $zero            ## $a0 = 00000000
/* 01FC4 808C6F44 0C02E3B2 */  jal     func_800B8EC8              
/* 01FC8 808C6F48 24053AB2 */  addiu   $a1, $zero, 0x3AB2         ## $a1 = 00003AB2
/* 01FCC 808C6F4C 3C18808C */  lui     $t8, %hi(func_808C6F6C)    ## $t8 = 808C0000
/* 01FD0 808C6F50 27186F6C */  addiu   $t8, $t8, %lo(func_808C6F6C) ## $t8 = 808C6F6C
/* 01FD4 808C6F54 AE180188 */  sw      $t8, 0x0188($s0)           ## 00000188
/* 01FD8 808C6F58 8FBF0024 */  lw      $ra, 0x0024($sp)           
/* 01FDC 808C6F5C 8FB00020 */  lw      $s0, 0x0020($sp)           
/* 01FE0 808C6F60 27BD0048 */  addiu   $sp, $sp, 0x0048           ## $sp = 00000000
/* 01FE4 808C6F64 03E00008 */  jr      $ra                        
/* 01FE8 808C6F68 00000000 */  nop


glabel func_808C6F6C
/* 01FEC 808C6F6C 27BDFFD0 */  addiu   $sp, $sp, 0xFFD0           ## $sp = FFFFFFD0
/* 01FF0 808C6F70 AFB00018 */  sw      $s0, 0x0018($sp)           
/* 01FF4 808C6F74 00808025 */  or      $s0, $a0, $zero            ## $s0 = 00000000
/* 01FF8 808C6F78 AFBF001C */  sw      $ra, 0x001C($sp)           
/* 01FFC 808C6F7C AFA50034 */  sw      $a1, 0x0034($sp)           
/* 02000 808C6F80 8FA40034 */  lw      $a0, 0x0034($sp)           
/* 02004 808C6F84 0C05A5B5 */  jal     func_801696D4              
/* 02008 808C6F88 860502FA */  lh      $a1, 0x02FA($s0)           ## 000002FA
/* 0200C 808C6F8C 8E06030C */  lw      $a2, 0x030C($s0)           ## 0000030C
/* 02010 808C6F90 AFA2002C */  sw      $v0, 0x002C($sp)           
/* 02014 808C6F94 2444005C */  addiu   $a0, $v0, 0x005C           ## $a0 = 0000005C
/* 02018 808C6F98 0C040112 */  jal     func_80100448              
/* 0201C 808C6F9C 26050344 */  addiu   $a1, $s0, 0x0344           ## $a1 = 00000344
/* 02020 808C6FA0 8FA3002C */  lw      $v1, 0x002C($sp)           
/* 02024 808C6FA4 E7A00028 */  swc1    $f0, 0x0028($sp)           
/* 02028 808C6FA8 860502FA */  lh      $a1, 0x02FA($s0)           ## 000002FA
/* 0202C 808C6FAC 8FA40034 */  lw      $a0, 0x0034($sp)           
/* 02030 808C6FB0 24660050 */  addiu   $a2, $v1, 0x0050           ## $a2 = 00000050
/* 02034 808C6FB4 0C05A5C3 */  jal     func_8016970C              
/* 02038 808C6FB8 2467005C */  addiu   $a3, $v1, 0x005C           ## $a3 = 0000005C
/* 0203C 808C6FBC 26040144 */  addiu   $a0, $s0, 0x0144           ## $a0 = 00000144
/* 02040 808C6FC0 0C04DB34 */  jal     func_80136CD0              
/* 02044 808C6FC4 AFA40024 */  sw      $a0, 0x0024($sp)           
/* 02048 808C6FC8 10400009 */  beq     $v0, $zero, .L808C6FF0     
/* 0204C 808C6FCC 8FA40024 */  lw      $a0, 0x0024($sp)           
/* 02050 808C6FD0 860E00BE */  lh      $t6, 0x00BE($s0)           ## 000000BE
/* 02054 808C6FD4 3C050600 */  lui     $a1, 0x0600                ## $a1 = 06000000
/* 02058 808C6FD8 24A5352C */  addiu   $a1, $a1, 0x352C           ## $a1 = 0600352C
/* 0205C 808C6FDC 25CF2000 */  addiu   $t7, $t6, 0x2000           ## $t7 = 00002000
/* 02060 808C6FE0 0C04DD50 */  jal     func_80137540              
/* 02064 808C6FE4 A60F00BE */  sh      $t7, 0x00BE($s0)           ## 000000BE
/* 02068 808C6FE8 1000001F */  beq     $zero, $zero, .L808C7068   
/* 0206C 808C6FEC 00000000 */  nop
.L808C6FF0:
/* 02070 808C6FF0 8E19014C */  lw      $t9, 0x014C($s0)           ## 0000014C
/* 02074 808C6FF4 3C180600 */  lui     $t8, 0x0600                ## $t8 = 06000000
/* 02078 808C6FF8 27182DE8 */  addiu   $t8, $t8, 0x2DE8           ## $t8 = 06002DE8
/* 0207C 808C6FFC 1719001A */  bne     $t8, $t9, .L808C7068       
/* 02080 808C7000 3C014040 */  lui     $at, 0x4040                ## $at = 40400000
/* 02084 808C7004 44812000 */  mtc1    $at, $f4                   ## $f4 = 3.00
/* 02088 808C7008 C606015C */  lwc1    $f6, 0x015C($s0)           ## 0000015C
/* 0208C 808C700C 860800BE */  lh      $t0, 0x00BE($s0)           ## 000000BE
/* 02090 808C7010 260406A4 */  addiu   $a0, $s0, 0x06A4           ## $a0 = 000006A4
/* 02094 808C7014 4606203C */  c.lt.s  $f4, $f6                   
/* 02098 808C7018 25092000 */  addiu   $t1, $t0, 0x2000           ## $t1 = 00002000
/* 0209C 808C701C A60900BE */  sh      $t1, 0x00BE($s0)           ## 000000BE
/* 020A0 808C7020 45000011 */  bc1f    .L808C7068                 
/* 020A4 808C7024 00000000 */  nop
/* 020A8 808C7028 0C060083 */  jal     func_8018020C              
/* 020AC 808C702C AFA40024 */  sw      $a0, 0x0024($sp)           
/* 020B0 808C7030 2404F000 */  addiu   $a0, $zero, 0xF000         ## $a0 = FFFFF000
/* 020B4 808C7034 0C06011E */  jal     func_80180478              
/* 020B8 808C7038 24050001 */  addiu   $a1, $zero, 0x0001         ## $a1 = 00000001
/* 020BC 808C703C 0C06007A */  jal     func_801801E8              
/* 020C0 808C7040 8FA40024 */  lw      $a0, 0x0024($sp)           
/* 020C4 808C7044 3C014190 */  lui     $at, 0x4190                ## $at = 41900000
/* 020C8 808C7048 44815000 */  mtc1    $at, $f10                  ## $f10 = 18.00
/* 020CC 808C704C C60806D8 */  lwc1    $f8, 0x06D8($s0)           ## 000006D8
/* 020D0 808C7050 A200018E */  sb      $zero, 0x018E($s0)         ## 0000018E
/* 020D4 808C7054 02002025 */  or      $a0, $s0, $zero            ## $a0 = 00000000
/* 020D8 808C7058 460A4400 */  add.s   $f16, $f8, $f10            
/* 020DC 808C705C 24053AAC */  addiu   $a1, $zero, 0x3AAC         ## $a1 = 00003AAC
/* 020E0 808C7060 0C02E3B2 */  jal     func_800B8EC8              
/* 020E4 808C7064 E61006D8 */  swc1    $f16, 0x06D8($s0)          ## 000006D8
.L808C7068:
/* 020E8 808C7068 3C01808D */  lui     $at, %hi(D_808C9BB4)       ## $at = 808D0000
/* 020EC 808C706C C4249BB4 */  lwc1    $f4, %lo(D_808C9BB4)($at)  
/* 020F0 808C7070 C7B20028 */  lwc1    $f18, 0x0028($sp)          
/* 020F4 808C7074 4604903C */  c.lt.s  $f18, $f4                  
/* 020F8 808C7078 00000000 */  nop
/* 020FC 808C707C 45020012 */  bc1fl   .L808C70C8                 
/* 02100 808C7080 8FBF001C */  lw      $ra, 0x001C($sp)           
/* 02104 808C7084 860202EE */  lh      $v0, 0x02EE($s0)           ## 000002EE
/* 02108 808C7088 24010023 */  addiu   $at, $zero, 0x0023         ## $at = 00000023
/* 0210C 808C708C 26040338 */  addiu   $a0, $s0, 0x0338           ## $a0 = 00000338
/* 02110 808C7090 14410004 */  bne     $v0, $at, .L808C70A4       
/* 02114 808C7094 24053AAE */  addiu   $a1, $zero, 0x3AAE         ## $a1 = 00003AAE
/* 02118 808C7098 0C0691E7 */  jal     func_801A479C              
/* 0211C 808C709C 24060041 */  addiu   $a2, $zero, 0x0041         ## $a2 = 00000041
/* 02120 808C70A0 860202EE */  lh      $v0, 0x02EE($s0)           ## 000002EE
.L808C70A4:
/* 02124 808C70A4 18400003 */  blez    $v0, .L808C70B4            
/* 02128 808C70A8 244AFFFF */  addiu   $t2, $v0, 0xFFFF           ## $t2 = FFFFFFFF
/* 0212C 808C70AC A60A02EE */  sh      $t2, 0x02EE($s0)           ## 000002EE
/* 02130 808C70B0 860202EE */  lh      $v0, 0x02EE($s0)           ## 000002EE
.L808C70B4:
/* 02134 808C70B4 14400003 */  bne     $v0, $zero, .L808C70C4     
/* 02138 808C70B8 02002025 */  or      $a0, $s0, $zero            ## $a0 = 00000000
/* 0213C 808C70BC 0C231C36 */  jal     func_808C70D8              
/* 02140 808C70C0 8FA50034 */  lw      $a1, 0x0034($sp)           
.L808C70C4:
/* 02144 808C70C4 8FBF001C */  lw      $ra, 0x001C($sp)           
.L808C70C8:
/* 02148 808C70C8 8FB00018 */  lw      $s0, 0x0018($sp)           
/* 0214C 808C70CC 27BD0030 */  addiu   $sp, $sp, 0x0030           ## $sp = 00000000
/* 02150 808C70D0 03E00008 */  jr      $ra                        
/* 02154 808C70D4 00000000 */  nop


glabel func_808C70D8
/* 02158 808C70D8 27BDFFA8 */  addiu   $sp, $sp, 0xFFA8           ## $sp = FFFFFFA8
/* 0215C 808C70DC AFB10018 */  sw      $s1, 0x0018($sp)           
/* 02160 808C70E0 00808825 */  or      $s1, $a0, $zero            ## $s1 = 00000000
/* 02164 808C70E4 AFBF001C */  sw      $ra, 0x001C($sp)           
/* 02168 808C70E8 AFB00014 */  sw      $s0, 0x0014($sp)           
/* 0216C 808C70EC AFA5005C */  sw      $a1, 0x005C($sp)           
/* 02170 808C70F0 8FAE005C */  lw      $t6, 0x005C($sp)           
/* 02174 808C70F4 3C050600 */  lui     $a1, 0x0600                ## $a1 = 06000000
/* 02178 808C70F8 24A5352C */  addiu   $a1, $a1, 0x352C           ## $a1 = 0600352C
/* 0217C 808C70FC 26240144 */  addiu   $a0, $s1, 0x0144           ## $a0 = 00000144
/* 02180 808C7100 0C04DD50 */  jal     func_80137540              
/* 02184 808C7104 8DD01CCC */  lw      $s0, 0x1CCC($t6)           ## 00001CCC
/* 02188 808C7108 240F001E */  addiu   $t7, $zero, 0x001E         ## $t7 = 0000001E
/* 0218C 808C710C A62F02EE */  sh      $t7, 0x02EE($s1)           ## 000002EE
/* 02190 808C7110 02002025 */  or      $a0, $s0, $zero            ## $a0 = 00000000
/* 02194 808C7114 0C02DB4B */  jal     func_800B6D2C              
/* 02198 808C7118 26250008 */  addiu   $a1, $s1, 0x0008           ## $a1 = 00000008
/* 0219C 808C711C 24581000 */  addiu   $t8, $v0, 0x1000           ## $t8 = 00001000
/* 021A0 808C7120 A61800BE */  sh      $t8, 0x00BE($s0)           ## 000000BE
/* 021A4 808C7124 861900BE */  lh      $t9, 0x00BE($s0)           ## 000000BE
/* 021A8 808C7128 27296000 */  addiu   $t1, $t9, 0x6000           ## $t1 = 00006000
/* 021AC 808C712C A62900BE */  sh      $t1, 0x00BE($s1)           ## 000000BE
/* 021B0 808C7130 0C03FB61 */  jal     func_800FED84              
/* 021B4 808C7134 860400BE */  lh      $a0, 0x00BE($s0)           ## 000000BE
/* 021B8 808C7138 E7A00030 */  swc1    $f0, 0x0030($sp)           
/* 021BC 808C713C 0C03FB51 */  jal     func_800FED44              
/* 021C0 808C7140 860400BE */  lh      $a0, 0x00BE($s0)           ## 000000BE
/* 021C4 808C7144 3C014382 */  lui     $at, 0x4382                ## $at = 43820000
/* 021C8 808C7148 44811000 */  mtc1    $at, $f2                   ## $f2 = 260.00
/* 021CC 808C714C C7A60030 */  lwc1    $f6, 0x0030($sp)           
/* 021D0 808C7150 E7A0002C */  swc1    $f0, 0x002C($sp)           
/* 021D4 808C7154 C6040024 */  lwc1    $f4, 0x0024($s0)           ## 00000024
/* 021D8 808C7158 46061202 */  mul.s   $f8, $f2, $f6              
/* 021DC 808C715C 3C014170 */  lui     $at, 0x4170                ## $at = 41700000
/* 021E0 808C7160 46001482 */  mul.s   $f18, $f2, $f0             
/* 021E4 808C7164 46082280 */  add.s   $f10, $f4, $f8             
/* 021E8 808C7168 44814000 */  mtc1    $at, $f8                   ## $f8 = 15.00
/* 021EC 808C716C C624000C */  lwc1    $f4, 0x000C($s1)           ## 0000000C
/* 021F0 808C7170 E62A0024 */  swc1    $f10, 0x0024($s1)          ## 00000024
/* 021F4 808C7174 C610002C */  lwc1    $f16, 0x002C($s0)          ## 0000002C
/* 021F8 808C7178 46082280 */  add.s   $f10, $f4, $f8             
/* 021FC 808C717C 46128180 */  add.s   $f6, $f16, $f18            
/* 02200 808C7180 E62A0028 */  swc1    $f10, 0x0028($s1)          ## 00000028
/* 02204 808C7184 E626002C */  swc1    $f6, 0x002C($s1)           ## 0000002C
/* 02208 808C7188 860400BE */  lh      $a0, 0x00BE($s0)           ## 000000BE
/* 0220C 808C718C 2484DB00 */  addiu   $a0, $a0, 0xDB00           ## $a0 = FFFFDB00
/* 02210 808C7190 00042400 */  sll     $a0, $a0, 16               
/* 02214 808C7194 0C03FB61 */  jal     func_800FED84              
/* 02218 808C7198 00042403 */  sra     $a0, $a0, 16               
/* 0221C 808C719C 3C014336 */  lui     $at, 0x4336                ## $at = 43360000
/* 02220 808C71A0 44818000 */  mtc1    $at, $f16                  ## $f16 = 182.00
/* 02224 808C71A4 C6260024 */  lwc1    $f6, 0x0024($s1)           ## 00000024
/* 02228 808C71A8 46100482 */  mul.s   $f18, $f0, $f16            
/* 0222C 808C71AC 46069100 */  add.s   $f4, $f18, $f6             
/* 02230 808C71B0 E7A40040 */  swc1    $f4, 0x0040($sp)           
/* 02234 808C71B4 860400BE */  lh      $a0, 0x00BE($s0)           ## 000000BE
/* 02238 808C71B8 2484DB00 */  addiu   $a0, $a0, 0xDB00           ## $a0 = FFFFDB00
/* 0223C 808C71BC 00042400 */  sll     $a0, $a0, 16               
/* 02240 808C71C0 0C03FB51 */  jal     func_800FED44              
/* 02244 808C71C4 00042403 */  sra     $a0, $a0, 16               
/* 02248 808C71C8 3C0142F0 */  lui     $at, 0x42F0                ## $at = 42F00000
/* 0224C 808C71CC 44811000 */  mtc1    $at, $f2                   ## $f2 = 120.00
/* 02250 808C71D0 3C014336 */  lui     $at, 0x4336                ## $at = 43360000
/* 02254 808C71D4 44814000 */  mtc1    $at, $f8                   ## $f8 = 182.00
/* 02258 808C71D8 C630002C */  lwc1    $f16, 0x002C($s1)          ## 0000002C
/* 0225C 808C71DC 3C014150 */  lui     $at, 0x4150                ## $at = 41500000
/* 02260 808C71E0 46080282 */  mul.s   $f10, $f0, $f8             
/* 02264 808C71E4 44812000 */  mtc1    $at, $f4                   ## $f4 = 13.00
/* 02268 808C71E8 3C0142B4 */  lui     $at, 0x42B4                ## $at = 42B40000
/* 0226C 808C71EC 8FA4005C */  lw      $a0, 0x005C($sp)           
/* 02270 808C71F0 27A60034 */  addiu   $a2, $sp, 0x0034           ## $a2 = FFFFFFDC
/* 02274 808C71F4 27A70040 */  addiu   $a3, $sp, 0x0040           ## $a3 = FFFFFFE8
/* 02278 808C71F8 46105480 */  add.s   $f18, $f10, $f16           
/* 0227C 808C71FC C7B00030 */  lwc1    $f16, 0x0030($sp)          
/* 02280 808C7200 E7B20048 */  swc1    $f18, 0x0048($sp)          
/* 02284 808C7204 C6260028 */  lwc1    $f6, 0x0028($s1)           ## 00000028
/* 02288 808C7208 46101482 */  mul.s   $f18, $f2, $f16            
/* 0228C 808C720C 46043201 */  sub.s   $f8, $f6, $f4              
/* 02290 808C7210 E7A80044 */  swc1    $f8, 0x0044($sp)           
/* 02294 808C7214 C60A0024 */  lwc1    $f10, 0x0024($s0)          ## 00000024
/* 02298 808C7218 44814000 */  mtc1    $at, $f8                   ## $f8 = 90.00
/* 0229C 808C721C 46125180 */  add.s   $f6, $f10, $f18            
/* 022A0 808C7220 C7B2002C */  lwc1    $f18, 0x002C($sp)          
/* 022A4 808C7224 E7A60034 */  swc1    $f6, 0x0034($sp)           
/* 022A8 808C7228 C6040028 */  lwc1    $f4, 0x0028($s0)           ## 00000028
/* 022AC 808C722C 46121182 */  mul.s   $f6, $f2, $f18             
/* 022B0 808C7230 46082400 */  add.s   $f16, $f4, $f8             
/* 022B4 808C7234 E7B00038 */  swc1    $f16, 0x0038($sp)          
/* 022B8 808C7238 C60A002C */  lwc1    $f10, 0x002C($s0)          ## 0000002C
/* 022BC 808C723C 46065100 */  add.s   $f4, $f10, $f6             
/* 022C0 808C7240 E7A4003C */  swc1    $f4, 0x003C($sp)           
/* 022C4 808C7244 0C05A5C3 */  jal     func_8016970C              
/* 022C8 808C7248 862502FA */  lh      $a1, 0x02FA($s1)           ## 000002FA
/* 022CC 808C724C 8FAA005C */  lw      $t2, 0x005C($sp)           
/* 022D0 808C7250 3C060001 */  lui     $a2, 0x0001                ## $a2 = 00010000
/* 022D4 808C7254 00002825 */  or      $a1, $zero, $zero          ## $a1 = 00000000
/* 022D8 808C7258 00CA3021 */  addu    $a2, $a2, $t2              
/* 022DC 808C725C 8CC670C0 */  lw      $a2, 0x70C0($a2)           ## 000170C0
/* 022E0 808C7260 24020003 */  addiu   $v0, $zero, 0x0003         ## $v0 = 00000003
/* 022E4 808C7264 3C0D808C */  lui     $t5, %hi(func_808C72AC)    ## $t5 = 808C0000
/* 022E8 808C7268 24C301B8 */  addiu   $v1, $a2, 0x01B8           ## $v1 = 000101B8
/* 022EC 808C726C 24C401CE */  addiu   $a0, $a2, 0x01CE           ## $a0 = 000101CE
.L808C7270:
/* 022F0 808C7270 808B0003 */  lb      $t3, 0x0003($a0)           ## 000101D1
/* 022F4 808C7274 24A50001 */  addiu   $a1, $a1, 0x0001           ## $a1 = 00000001
/* 022F8 808C7278 24630001 */  addiu   $v1, $v1, 0x0001           ## $v1 = 000101B9
/* 022FC 808C727C A06B0002 */  sb      $t3, 0x0002($v1)           ## 000101BB
/* 02300 808C7280 808C0009 */  lb      $t4, 0x0009($a0)           ## 000101D7
/* 02304 808C7284 24840001 */  addiu   $a0, $a0, 0x0001           ## $a0 = 000101CF
/* 02308 808C7288 14A2FFF9 */  bne     $a1, $v0, .L808C7270       
/* 0230C 808C728C A06C0008 */  sb      $t4, 0x0008($v1)           ## 000101C1
/* 02310 808C7290 25AD72AC */  addiu   $t5, $t5, %lo(func_808C72AC) ## $t5 = 808C72AC
/* 02314 808C7294 AE2D0188 */  sw      $t5, 0x0188($s1)           ## 00000188
/* 02318 808C7298 8FBF001C */  lw      $ra, 0x001C($sp)           
/* 0231C 808C729C 8FB00014 */  lw      $s0, 0x0014($sp)           
/* 02320 808C72A0 8FB10018 */  lw      $s1, 0x0018($sp)           
/* 02324 808C72A4 03E00008 */  jr      $ra                        
/* 02328 808C72A8 27BD0058 */  addiu   $sp, $sp, 0x0058           ## $sp = 00000000


glabel func_808C72AC
/* 0232C 808C72AC 27BDFFD0 */  addiu   $sp, $sp, 0xFFD0           ## $sp = FFFFFFD0
/* 02330 808C72B0 AFB00018 */  sw      $s0, 0x0018($sp)           
/* 02334 808C72B4 00808025 */  or      $s0, $a0, $zero            ## $s0 = 00000000
/* 02338 808C72B8 AFBF001C */  sw      $ra, 0x001C($sp)           
/* 0233C 808C72BC AFA50034 */  sw      $a1, 0x0034($sp)           
/* 02340 808C72C0 0C04DB34 */  jal     func_80136CD0              
/* 02344 808C72C4 26040144 */  addiu   $a0, $s0, 0x0144           ## $a0 = 00000144
/* 02348 808C72C8 860E02EE */  lh      $t6, 0x02EE($s0)           ## 000002EE
/* 0234C 808C72CC 25CFFFFF */  addiu   $t7, $t6, 0xFFFF           ## $t7 = FFFFFFFF
/* 02350 808C72D0 A60F02EE */  sh      $t7, 0x02EE($s0)           ## 000002EE
/* 02354 808C72D4 860302EE */  lh      $v1, 0x02EE($s0)           ## 000002EE
/* 02358 808C72D8 04600064 */  bltz    $v1, .L808C746C            
/* 0235C 808C72DC 28610003 */  slti    $at, $v1, 0x0003           
/* 02360 808C72E0 10200062 */  beq     $at, $zero, .L808C746C     
/* 02364 808C72E4 8FA20034 */  lw      $v0, 0x0034($sp)           
/* 02368 808C72E8 84580810 */  lh      $t8, 0x0810($v0)           ## 00000810
/* 0236C 808C72EC 0018C880 */  sll     $t9, $t8,  2               
/* 02370 808C72F0 00594021 */  addu    $t0, $v0, $t9              
/* 02374 808C72F4 0C037F37 */  jal     func_800DFCDC              
/* 02378 808C72F8 8D040800 */  lw      $a0, 0x0800($t0)           ## 00000800
/* 0237C 808C72FC 34018000 */  ori     $at, $zero, 0x8000         ## $at = 00008000
/* 02380 808C7300 00411821 */  addu    $v1, $v0, $at              
/* 02384 808C7304 00032400 */  sll     $a0, $v1, 16               
/* 02388 808C7308 A7A30026 */  sh      $v1, 0x0026($sp)           
/* 0238C 808C730C 0C03FB61 */  jal     func_800FED84              
/* 02390 808C7310 00042403 */  sra     $a0, $a0, 16               
/* 02394 808C7314 87A40026 */  lh      $a0, 0x0026($sp)           
/* 02398 808C7318 0C03FB51 */  jal     func_800FED44              
/* 0239C 808C731C E7A0002C */  swc1    $f0, 0x002C($sp)           
/* 023A0 808C7320 3C0142A6 */  lui     $at, 0x42A6                ## $at = 42A60000
/* 023A4 808C7324 44818000 */  mtc1    $at, $f16                  ## $f16 = 83.00
/* 023A8 808C7328 C7A2002C */  lwc1    $f2, 0x002C($sp)           
/* 023AC 808C732C 3C01C218 */  lui     $at, 0xC218                ## $at = C2180000
/* 023B0 808C7330 44819000 */  mtc1    $at, $f18                  ## $f18 = -38.00
/* 023B4 808C7334 46028182 */  mul.s   $f6, $f16, $f2             
/* 023B8 808C7338 C6040024 */  lwc1    $f4, 0x0024($s0)           ## 00000024
/* 023BC 808C733C 3C014254 */  lui     $at, 0x4254                ## $at = 42540000
/* 023C0 808C7340 46009282 */  mul.s   $f10, $f18, $f0            
/* 023C4 808C7344 860902EE */  lh      $t1, 0x02EE($s0)           ## 000002EE
/* 023C8 808C7348 00003825 */  or      $a3, $zero, $zero          ## $a3 = 00000000
/* 023CC 808C734C 46062200 */  add.s   $f8, $f4, $f6              
/* 023D0 808C7350 44813000 */  mtc1    $at, $f6                   ## $f6 = 53.00
/* 023D4 808C7354 C6040028 */  lwc1    $f4, 0x0028($s0)           ## 00000028
/* 023D8 808C7358 3C014170 */  lui     $at, 0x4170                ## $at = 41700000
/* 023DC 808C735C 460A4300 */  add.s   $f12, $f8, $f10            
/* 023E0 808C7360 44815000 */  mtc1    $at, $f10                  ## $f10 = 15.00
/* 023E4 808C7364 46062200 */  add.s   $f8, $f4, $f6              
/* 023E8 808C7368 44892000 */  mtc1    $t1, $f4                   ## $f4 = 0.00
/* 023EC 808C736C 00000000 */  nop
/* 023F0 808C7370 468021A0 */  cvt.s.w $f6, $f4                   
/* 023F4 808C7374 46065102 */  mul.s   $f4, $f10, $f6             
/* 023F8 808C7378 C60A002C */  lwc1    $f10, 0x002C($s0)          ## 0000002C
/* 023FC 808C737C 46008182 */  mul.s   $f6, $f16, $f0             
/* 02400 808C7380 46044380 */  add.s   $f14, $f8, $f4             
/* 02404 808C7384 46029102 */  mul.s   $f4, $f18, $f2             
/* 02408 808C7388 46065200 */  add.s   $f8, $f10, $f6             
/* 0240C 808C738C 46044281 */  sub.s   $f10, $f8, $f4             
/* 02410 808C7390 44065000 */  mfc1    $a2, $f10                  
/* 02414 808C7394 0C0600A7 */  jal     func_8018029C              
/* 02418 808C7398 00000000 */  nop
/* 0241C 808C739C 87A40026 */  lh      $a0, 0x0026($sp)           
/* 02420 808C73A0 24050001 */  addiu   $a1, $zero, 0x0001         ## $a1 = 00000001
/* 02424 808C73A4 2484CD00 */  addiu   $a0, $a0, 0xCD00           ## $a0 = FFFFCD00
/* 02428 808C73A8 00042400 */  sll     $a0, $a0, 16               
/* 0242C 808C73AC 0C06026B */  jal     func_801809AC              
/* 02430 808C73B0 00042403 */  sra     $a0, $a0, 16               
/* 02434 808C73B4 860A02EE */  lh      $t2, 0x02EE($s0)           ## 000002EE
/* 02438 808C73B8 240C1100 */  addiu   $t4, $zero, 0x1100         ## $t4 = 00001100
/* 0243C 808C73BC 24050001 */  addiu   $a1, $zero, 0x0001         ## $a1 = 00000001
/* 02440 808C73C0 000A5880 */  sll     $t3, $t2,  2               
/* 02444 808C73C4 016A5823 */  subu    $t3, $t3, $t2              
/* 02448 808C73C8 000B5AC0 */  sll     $t3, $t3, 11               
/* 0244C 808C73CC 018B2023 */  subu    $a0, $t4, $t3              
/* 02450 808C73D0 00042400 */  sll     $a0, $a0, 16               
/* 02454 808C73D4 0C06011E */  jal     func_80180478              
/* 02458 808C73D8 00042403 */  sra     $a0, $a0, 16               
/* 0245C 808C73DC 2404F600 */  addiu   $a0, $zero, 0xF600         ## $a0 = FFFFF600
/* 02460 808C73E0 0C06033E */  jal     func_80180CF8              
/* 02464 808C73E4 24050001 */  addiu   $a1, $zero, 0x0001         ## $a1 = 00000001
/* 02468 808C73E8 3C01808D */  lui     $at, %hi(D_808C9BB8)       ## $at = 808D0000
/* 0246C 808C73EC C42C9BB8 */  lwc1    $f12, %lo(D_808C9BB8)($at) 
/* 02470 808C73F0 24070001 */  addiu   $a3, $zero, 0x0001         ## $a3 = 00000001
/* 02474 808C73F4 44066000 */  mfc1    $a2, $f12                  
/* 02478 808C73F8 0C0600E7 */  jal     func_8018039C              
/* 0247C 808C73FC 46006386 */  mov.s   $f14, $f12                 
/* 02480 808C7400 0C06007A */  jal     func_801801E8              
/* 02484 808C7404 260406A4 */  addiu   $a0, $s0, 0x06A4           ## $a0 = 000006A4
/* 02488 808C7408 860302EE */  lh      $v1, 0x02EE($s0)           ## 000002EE
/* 0248C 808C740C 8FA20034 */  lw      $v0, 0x0034($sp)           
/* 02490 808C7410 24050002 */  addiu   $a1, $zero, 0x0002         ## $a1 = 00000002
/* 02494 808C7414 54600016 */  bnel    $v1, $zero, .L808C7470     
/* 02498 808C7418 2861FFE7 */  slti    $at, $v1, 0xFFE7           
/* 0249C 808C741C 844D0810 */  lh      $t5, 0x0810($v0)           ## 00000810
/* 024A0 808C7420 24060004 */  addiu   $a2, $zero, 0x0004         ## $a2 = 00000004
/* 024A4 808C7424 24070006 */  addiu   $a3, $zero, 0x0006         ## $a3 = 00000006
/* 024A8 808C7428 000D7080 */  sll     $t6, $t5,  2               
/* 024AC 808C742C 004E7821 */  addu    $t7, $v0, $t6              
/* 024B0 808C7430 0C037F41 */  jal     func_800DFD04              
/* 024B4 808C7434 8DE40800 */  lw      $a0, 0x0800($t7)           ## 00000800
/* 024B8 808C7438 C60C0094 */  lwc1    $f12, 0x0094($s0)          ## 00000094
/* 024BC 808C743C 240500B4 */  addiu   $a1, $zero, 0x00B4         ## $a1 = 000000B4
/* 024C0 808C7440 24060014 */  addiu   $a2, $zero, 0x0014         ## $a2 = 00000014
/* 024C4 808C7444 0C04FB38 */  jal     func_8013ECE0              
/* 024C8 808C7448 24070064 */  addiu   $a3, $zero, 0x0064         ## $a3 = 00000064
/* 024CC 808C744C 26040338 */  addiu   $a0, $s0, 0x0338           ## $a0 = 00000338
/* 024D0 808C7450 AFA40020 */  sw      $a0, 0x0020($sp)           
/* 024D4 808C7454 0C069CCA */  jal     func_801A7328              
/* 024D8 808C7458 24053AAE */  addiu   $a1, $zero, 0x3AAE         ## $a1 = 00003AAE
/* 024DC 808C745C 8FA40020 */  lw      $a0, 0x0020($sp)           
/* 024E0 808C7460 0C067C70 */  jal     func_8019F1C0              
/* 024E4 808C7464 24053AAF */  addiu   $a1, $zero, 0x3AAF         ## $a1 = 00003AAF
/* 024E8 808C7468 860302EE */  lh      $v1, 0x02EE($s0)           ## 000002EE
.L808C746C:
/* 024EC 808C746C 2861FFE7 */  slti    $at, $v1, 0xFFE7           
.L808C7470:
/* 024F0 808C7470 10200007 */  beq     $at, $zero, .L808C7490     
/* 024F4 808C7474 24180014 */  addiu   $t8, $zero, 0x0014         ## $t8 = 00000014
/* 024F8 808C7478 8FB90034 */  lw      $t9, 0x0034($sp)           
/* 024FC 808C747C 3C010001 */  lui     $at, 0x0001                ## $at = 00010000
/* 02500 808C7480 02002025 */  or      $a0, $s0, $zero            ## $a0 = 00000000
/* 02504 808C7484 00390821 */  addu    $at, $at, $t9              
/* 02508 808C7488 0C231D29 */  jal     func_808C74A4              
/* 0250C 808C748C A03870C7 */  sb      $t8, 0x70C7($at)           ## 000170C7
.L808C7490:
/* 02510 808C7490 8FBF001C */  lw      $ra, 0x001C($sp)           
/* 02514 808C7494 8FB00018 */  lw      $s0, 0x0018($sp)           
/* 02518 808C7498 27BD0030 */  addiu   $sp, $sp, 0x0030           ## $sp = 00000000
/* 0251C 808C749C 03E00008 */  jr      $ra                        
/* 02520 808C74A0 00000000 */  nop


glabel func_808C74A4
/* 02524 808C74A4 00001025 */  or      $v0, $zero, $zero          ## $v0 = 00000000
/* 02528 808C74A8 00801825 */  or      $v1, $a0, $zero            ## $v1 = 00000000
/* 0252C 808C74AC 24060014 */  addiu   $a2, $zero, 0x0014         ## $a2 = 00000014
/* 02530 808C74B0 24050005 */  addiu   $a1, $zero, 0x0005         ## $a1 = 00000005
.L808C74B4:
/* 02534 808C74B4 8C6E06E4 */  lw      $t6, 0x06E4($v1)           ## 000006E4
/* 02538 808C74B8 24420004 */  addiu   $v0, $v0, 0x0004           ## $v0 = 00000004
/* 0253C 808C74BC 24630010 */  addiu   $v1, $v1, 0x0010           ## $v1 = 00000010
/* 02540 808C74C0 A5C5001C */  sh      $a1, 0x001C($t6)           ## 0000001C
/* 02544 808C74C4 8C6F06D8 */  lw      $t7, 0x06D8($v1)           ## 000006E8
/* 02548 808C74C8 A5E5001C */  sh      $a1, 0x001C($t7)           ## 0000001C
/* 0254C 808C74CC 8C7806DC */  lw      $t8, 0x06DC($v1)           ## 000006EC
/* 02550 808C74D0 A705001C */  sh      $a1, 0x001C($t8)           ## 0000001C
/* 02554 808C74D4 8C7906E0 */  lw      $t9, 0x06E0($v1)           ## 000006F0
/* 02558 808C74D8 1446FFF6 */  bne     $v0, $a2, .L808C74B4       
/* 0255C 808C74DC A725001C */  sh      $a1, 0x001C($t9)           ## 0000001C
/* 02560 808C74E0 3C08808C */  lui     $t0, %hi(func_808C74F8)    ## $t0 = 808C0000
/* 02564 808C74E4 250874F8 */  addiu   $t0, $t0, %lo(func_808C74F8) ## $t0 = 808C74F8
/* 02568 808C74E8 A48002EE */  sh      $zero, 0x02EE($a0)         ## 000002EE
/* 0256C 808C74EC AC880188 */  sw      $t0, 0x0188($a0)           ## 00000188
/* 02570 808C74F0 03E00008 */  jr      $ra                        
/* 02574 808C74F4 00000000 */  nop


glabel func_808C74F8
/* 02578 808C74F8 27BDFF68 */  addiu   $sp, $sp, 0xFF68           ## $sp = FFFFFF68
/* 0257C 808C74FC AFB3005C */  sw      $s3, 0x005C($sp)           
/* 02580 808C7500 00809825 */  or      $s3, $a0, $zero            ## $s3 = 00000000
/* 02584 808C7504 AFBF0074 */  sw      $ra, 0x0074($sp)           
/* 02588 808C7508 AFBE0070 */  sw      $s8, 0x0070($sp)           
/* 0258C 808C750C AFB7006C */  sw      $s7, 0x006C($sp)           
/* 02590 808C7510 AFB60068 */  sw      $s6, 0x0068($sp)           
/* 02594 808C7514 AFB50064 */  sw      $s5, 0x0064($sp)           
/* 02598 808C7518 AFB40060 */  sw      $s4, 0x0060($sp)           
/* 0259C 808C751C AFB20058 */  sw      $s2, 0x0058($sp)           
/* 025A0 808C7520 AFB10054 */  sw      $s1, 0x0054($sp)           
/* 025A4 808C7524 AFB00050 */  sw      $s0, 0x0050($sp)           
/* 025A8 808C7528 F7BE0048 */  sdc1    $f30, 0x0048($sp)          
/* 025AC 808C752C F7BC0040 */  sdc1    $f28, 0x0040($sp)          
/* 025B0 808C7530 F7BA0038 */  sdc1    $f26, 0x0038($sp)          
/* 025B4 808C7534 F7B80030 */  sdc1    $f24, 0x0030($sp)          
/* 025B8 808C7538 F7B60028 */  sdc1    $f22, 0x0028($sp)          
/* 025BC 808C753C F7B40020 */  sdc1    $f20, 0x0020($sp)          
/* 025C0 808C7540 00A03025 */  or      $a2, $a1, $zero            ## $a2 = 00000000
/* 025C4 808C7544 3C01808D */  lui     $at, %hi(D_808C9BBC)       ## $at = 808D0000
/* 025C8 808C7548 26710404 */  addiu   $s1, $s3, 0x0404           ## $s1 = 00000404
/* 025CC 808C754C 267201A9 */  addiu   $s2, $s3, 0x01A9           ## $s2 = 000001A9
/* 025D0 808C7550 C4209BBC */  lwc1    $f0, %lo(D_808C9BBC)($at)  
/* 025D4 808C7554 00001025 */  or      $v0, $zero, $zero          ## $v0 = 00000000
.L808C7558:
/* 025D8 808C7558 C6240004 */  lwc1    $f4, 0x0004($s1)           ## 00000408
/* 025DC 808C755C 24420001 */  addiu   $v0, $v0, 0x0001           ## $v0 = 00000001
/* 025E0 808C7560 28410038 */  slti    $at, $v0, 0x0038           
/* 025E4 808C7564 46002180 */  add.s   $f6, $f4, $f0              
/* 025E8 808C7568 2631000C */  addiu   $s1, $s1, 0x000C           ## $s1 = 00000410
/* 025EC 808C756C E626FFF8 */  swc1    $f6, -0x0008($s1)          ## 00000408
/* 025F0 808C7570 92430000 */  lbu     $v1, 0x0000($s2)           ## 000001A9
/* 025F4 808C7574 2463FFE2 */  addiu   $v1, $v1, 0xFFE2           ## $v1 = FFFFFFE2
/* 025F8 808C7578 04630004 */  bgezl   $v1, .L808C758C            
/* 025FC 808C757C A2430000 */  sb      $v1, 0x0000($s2)           ## 000001A9
/* 02600 808C7580 10000002 */  beq     $zero, $zero, .L808C758C   
/* 02604 808C7584 A2400000 */  sb      $zero, 0x0000($s2)         ## 000001A9
/* 02608 808C7588 A2430000 */  sb      $v1, 0x0000($s2)           ## 000001A9
.L808C758C:
/* 0260C 808C758C 1420FFF2 */  bne     $at, $zero, .L808C7558     
/* 02610 808C7590 26520001 */  addiu   $s2, $s2, 0x0001           ## $s2 = 000001AA
/* 02614 808C7594 866302EE */  lh      $v1, 0x02EE($s3)           ## 000002EE
/* 02618 808C7598 00031823 */  subu    $v1, $zero, $v1            
/* 0261C 808C759C 00600821 */  addu    $at, $v1, $zero            
/* 02620 808C75A0 000318C0 */  sll     $v1, $v1,  3               
/* 02624 808C75A4 00611823 */  subu    $v1, $v1, $at              
/* 02628 808C75A8 00031840 */  sll     $v1, $v1,  1               
/* 0262C 808C75AC 246300FC */  addiu   $v1, $v1, 0x00FC           ## $v1 = 000000DE
/* 02630 808C75B0 04630004 */  bgezl   $v1, .L808C75C4            
/* 02634 808C75B4 A26300D0 */  sb      $v1, 0x00D0($s3)           ## 000000D0
/* 02638 808C75B8 10000002 */  beq     $zero, $zero, .L808C75C4   
/* 0263C 808C75BC A26000D0 */  sb      $zero, 0x00D0($s3)         ## 000000D0
/* 02640 808C75C0 A26300D0 */  sb      $v1, 0x00D0($s3)           ## 000000D0
.L808C75C4:
/* 02644 808C75C4 866502EE */  lh      $a1, 0x02EE($s3)           ## 000002EE
/* 02648 808C75C8 28A10012 */  slti    $at, $a1, 0x0012           
/* 0264C 808C75CC 10200064 */  beq     $at, $zero, .L808C7760     
/* 02650 808C75D0 000510C0 */  sll     $v0, $a1,  3               
/* 02654 808C75D4 00451023 */  subu    $v0, $v0, $a1              
/* 02658 808C75D8 24010038 */  addiu   $at, $zero, 0x0038         ## $at = 00000038
/* 0265C 808C75DC 0041001A */  div     $zero, $v0, $at            
/* 02660 808C75E0 84CF0810 */  lh      $t7, 0x0810($a2)           ## 00000810
/* 02664 808C75E4 00001010 */  mfhi    $v0                        
/* 02668 808C75E8 00027080 */  sll     $t6, $v0,  2               
/* 0266C 808C75EC 01C27023 */  subu    $t6, $t6, $v0              
/* 02670 808C75F0 000FC080 */  sll     $t8, $t7,  2               
/* 02674 808C75F4 000E7080 */  sll     $t6, $t6,  2               
/* 02678 808C75F8 00D8C821 */  addu    $t9, $a2, $t8              
/* 0267C 808C75FC 026E8821 */  addu    $s1, $s3, $t6              
/* 02680 808C7600 02629021 */  addu    $s2, $s3, $v0              
/* 02684 808C7604 8F240800 */  lw      $a0, 0x0800($t9)           ## 00000800
/* 02688 808C7608 26310404 */  addiu   $s1, $s1, 0x0404           ## $s1 = 00000814
/* 0268C 808C760C 265201A9 */  addiu   $s2, $s2, 0x01A9           ## $s2 = 00000353
/* 02690 808C7610 0C037F37 */  jal     func_800DFCDC              
/* 02694 808C7614 AFA6009C */  sw      $a2, 0x009C($sp)           
/* 02698 808C7618 34108000 */  ori     $s0, $zero, 0x8000         ## $s0 = 00008000
/* 0269C 808C761C 00502021 */  addu    $a0, $v0, $s0              
/* 026A0 808C7620 00042400 */  sll     $a0, $a0, 16               
/* 026A4 808C7624 0C03FB61 */  jal     func_800FED84              
/* 026A8 808C7628 00042403 */  sra     $a0, $a0, 16               
/* 026AC 808C762C 8FA2009C */  lw      $v0, 0x009C($sp)           
/* 026B0 808C7630 E7A0007C */  swc1    $f0, 0x007C($sp)           
/* 026B4 808C7634 84480810 */  lh      $t0, 0x0810($v0)           ## 00000810
/* 026B8 808C7638 00084880 */  sll     $t1, $t0,  2               
/* 026BC 808C763C 00495021 */  addu    $t2, $v0, $t1              
/* 026C0 808C7640 0C037F37 */  jal     func_800DFCDC              
/* 026C4 808C7644 8D440800 */  lw      $a0, 0x0800($t2)           ## 00000800
/* 026C8 808C7648 00502021 */  addu    $a0, $v0, $s0              
/* 026CC 808C764C 00042400 */  sll     $a0, $a0, 16               
/* 026D0 808C7650 0C03FB51 */  jal     func_800FED44              
/* 026D4 808C7654 00042403 */  sra     $a0, $a0, 16               
/* 026D8 808C7658 3C0141F0 */  lui     $at, 0x41F0                ## $at = 41F00000
/* 026DC 808C765C 44814000 */  mtc1    $at, $f8                   ## $f8 = 30.00
/* 026E0 808C7660 C7AA007C */  lwc1    $f10, 0x007C($sp)          
/* 026E4 808C7664 44818000 */  mtc1    $at, $f16                  ## $f16 = 30.00
/* 026E8 808C7668 3C0142C8 */  lui     $at, 0x42C8                ## $at = 42C80000
/* 026EC 808C766C 460A4682 */  mul.s   $f26, $f8, $f10            
/* 026F0 808C7670 4481F000 */  mtc1    $at, $f30                  ## $f30 = 100.00
/* 026F4 808C7674 3C0141A0 */  lui     $at, 0x41A0                ## $at = 41A00000
/* 026F8 808C7678 3C17808D */  lui     $s7, %hi(D_808C9A8C)       ## $s7 = 808D0000
/* 026FC 808C767C 3C16808D */  lui     $s6, %hi(D_808C9A88)       ## $s6 = 808D0000
/* 02700 808C7680 3C15808D */  lui     $s5, %hi(D_808C9A7C)       ## $s5 = 808D0000
/* 02704 808C7684 3C14808D */  lui     $s4, %hi(D_808C9A70)       ## $s4 = 808D0000
/* 02708 808C7688 4481B000 */  mtc1    $at, $f22                  ## $f22 = 20.00
/* 0270C 808C768C 46008702 */  mul.s   $f28, $f16, $f0            
/* 02710 808C7690 46000606 */  mov.s   $f24, $f0                  
/* 02714 808C7694 26949A70 */  addiu   $s4, $s4, %lo(D_808C9A70)  ## $s4 = 808C9A70
/* 02718 808C7698 26B59A7C */  addiu   $s5, $s5, %lo(D_808C9A7C)  ## $s5 = 808C9A7C
/* 0271C 808C769C 26D69A88 */  addiu   $s6, $s6, %lo(D_808C9A88)  ## $s6 = 808C9A88
/* 02720 808C76A0 26F79A8C */  addiu   $s7, $s7, %lo(D_808C9A8C)  ## $s7 = 808C9A8C
/* 02724 808C76A4 241000FF */  addiu   $s0, $zero, 0x00FF         ## $s0 = 000000FF
/* 02728 808C76A8 241E00E3 */  addiu   $s8, $zero, 0x00E3         ## $s8 = 000000E3
.L808C76AC:
/* 0272C 808C76AC 0C05E570 */  jal     func_801795C0              
/* 02730 808C76B0 4600F306 */  mov.s   $f12, $f30                 
/* 02734 808C76B4 46160501 */  sub.s   $f20, $f0, $f22            
/* 02738 808C76B8 C6720024 */  lwc1    $f18, 0x0024($s3)          ## 00000024
/* 0273C 808C76BC 4600B306 */  mov.s   $f12, $f22                 
/* 02740 808C76C0 4618A182 */  mul.s   $f6, $f20, $f24            
/* 02744 808C76C4 461A9100 */  add.s   $f4, $f18, $f26            
/* 02748 808C76C8 46062200 */  add.s   $f8, $f4, $f6              
/* 0274C 808C76CC 0C05E565 */  jal     func_80179594              
/* 02750 808C76D0 E6280000 */  swc1    $f8, 0x0000($s1)           ## 00000814
/* 02754 808C76D4 866B02EE */  lh      $t3, 0x02EE($s3)           ## 000002EE
/* 02758 808C76D8 3C014080 */  lui     $at, 0x4080                ## $at = 40800000
/* 0275C 808C76DC 44815000 */  mtc1    $at, $f10                  ## $f10 = 4.00
/* 02760 808C76E0 448B8000 */  mtc1    $t3, $f16                  ## $f16 = 0.00
/* 02764 808C76E4 C6660028 */  lwc1    $f6, 0x0028($s3)           ## 00000028
/* 02768 808C76E8 3C0141F0 */  lui     $at, 0x41F0                ## $at = 41F00000
/* 0276C 808C76EC 468084A0 */  cvt.s.w $f18, $f16                 
/* 02770 808C76F0 02202825 */  or      $a1, $s1, $zero            ## $a1 = 00000814
/* 02774 808C76F4 02803025 */  or      $a2, $s4, $zero            ## $a2 = 808C9A70
/* 02778 808C76F8 02A03825 */  or      $a3, $s5, $zero            ## $a3 = 808C9A7C
/* 0277C 808C76FC 46060200 */  add.s   $f8, $f0, $f6              
/* 02780 808C7700 46125102 */  mul.s   $f4, $f10, $f18            
/* 02784 808C7704 44815000 */  mtc1    $at, $f10                  ## $f10 = 30.00
/* 02788 808C7708 46044400 */  add.s   $f16, $f8, $f4             
/* 0278C 808C770C 460A8481 */  sub.s   $f18, $f16, $f10           
/* 02790 808C7710 E6320004 */  swc1    $f18, 0x0004($s1)          ## 00000818
/* 02794 808C7714 C7A4007C */  lwc1    $f4, 0x007C($sp)           
/* 02798 808C7718 C666002C */  lwc1    $f6, 0x002C($s3)           ## 0000002C
/* 0279C 808C771C 4604A402 */  mul.s   $f16, $f20, $f4            
/* 027A0 808C7720 461C3200 */  add.s   $f8, $f6, $f28             
/* 027A4 808C7724 46104281 */  sub.s   $f10, $f8, $f16            
/* 027A8 808C7728 E62A0008 */  swc1    $f10, 0x0008($s1)          ## 0000081C
/* 027AC 808C772C A2500000 */  sb      $s0, 0x0000($s2)           ## 00000353
/* 027B0 808C7730 AFB70014 */  sw      $s7, 0x0014($sp)           
/* 027B4 808C7734 AFB60010 */  sw      $s6, 0x0010($sp)           
/* 027B8 808C7738 0C02C5AE */  jal     func_800B16B8              
/* 027BC 808C773C 8FA4009C */  lw      $a0, 0x009C($sp)           
/* 027C0 808C7740 2610FFFC */  addiu   $s0, $s0, 0xFFFC           ## $s0 = 000000FB
/* 027C4 808C7744 2631000C */  addiu   $s1, $s1, 0x000C           ## $s1 = 00000820
/* 027C8 808C7748 17D0FFD8 */  bne     $s8, $s0, .L808C76AC       
/* 027CC 808C774C 26520001 */  addiu   $s2, $s2, 0x0001           ## $s2 = 00000354
/* 027D0 808C7750 02602025 */  or      $a0, $s3, $zero            ## $a0 = 00000000
/* 027D4 808C7754 0C02E404 */  jal     func_800B9010              
/* 027D8 808C7758 2405321F */  addiu   $a1, $zero, 0x321F         ## $a1 = 0000321F
/* 027DC 808C775C 866502EE */  lh      $a1, 0x02EE($s3)           ## 000002EE
.L808C7760:
/* 027E0 808C7760 24AC0001 */  addiu   $t4, $a1, 0x0001           ## $t4 = 00000001
/* 027E4 808C7764 A66C02EE */  sh      $t4, 0x02EE($s3)           ## 000002EE
/* 027E8 808C7768 3C03808D */  lui     $v1, %hi(D_808C9A90)       ## $v1 = 808D0000
/* 027EC 808C776C 24639A90 */  addiu   $v1, $v1, %lo(D_808C9A90)  ## $v1 = 808C9A90
/* 027F0 808C7770 866502EE */  lh      $a1, 0x02EE($s3)           ## 000002EE
/* 027F4 808C7774 00001025 */  or      $v0, $zero, $zero          ## $v0 = 00000000
/* 027F8 808C7778 24060016 */  addiu   $a2, $zero, 0x0016         ## $a2 = 00000016
/* 027FC 808C777C 24040001 */  addiu   $a0, $zero, 0x0001         ## $a0 = 00000001
.L808C7780:
/* 02800 808C7780 846D0000 */  lh      $t5, 0x0000($v1)           ## 808C9A90
/* 02804 808C7784 02627021 */  addu    $t6, $s3, $v0              
/* 02808 808C7788 54AD0004 */  bnel    $a1, $t5, .L808C779C       
/* 0280C 808C778C 24420001 */  addiu   $v0, $v0, 0x0001           ## $v0 = 00000001
/* 02810 808C7790 A1C40193 */  sb      $a0, 0x0193($t6)           ## 00000193
/* 02814 808C7794 866502EE */  lh      $a1, 0x02EE($s3)           ## 000002EE
/* 02818 808C7798 24420001 */  addiu   $v0, $v0, 0x0001           ## $v0 = 00000002
.L808C779C:
/* 0281C 808C779C 1446FFF8 */  bne     $v0, $a2, .L808C7780       
/* 02820 808C77A0 24630002 */  addiu   $v1, $v1, 0x0002           ## $v1 = 808C9A92
/* 02824 808C77A4 2401001A */  addiu   $at, $zero, 0x001A         ## $at = 0000001A
/* 02828 808C77A8 54A10004 */  bnel    $a1, $at, .L808C77BC       
/* 0282C 808C77AC 8FBF0074 */  lw      $ra, 0x0074($sp)           
/* 02830 808C77B0 0C231E00 */  jal     func_808C7800              
/* 02834 808C77B4 02602025 */  or      $a0, $s3, $zero            ## $a0 = 00000000
/* 02838 808C77B8 8FBF0074 */  lw      $ra, 0x0074($sp)           
.L808C77BC:
/* 0283C 808C77BC D7B40020 */  ldc1    $f20, 0x0020($sp)          
/* 02840 808C77C0 D7B60028 */  ldc1    $f22, 0x0028($sp)          
/* 02844 808C77C4 D7B80030 */  ldc1    $f24, 0x0030($sp)          
/* 02848 808C77C8 D7BA0038 */  ldc1    $f26, 0x0038($sp)          
/* 0284C 808C77CC D7BC0040 */  ldc1    $f28, 0x0040($sp)          
/* 02850 808C77D0 D7BE0048 */  ldc1    $f30, 0x0048($sp)          
/* 02854 808C77D4 8FB00050 */  lw      $s0, 0x0050($sp)           
/* 02858 808C77D8 8FB10054 */  lw      $s1, 0x0054($sp)           
/* 0285C 808C77DC 8FB20058 */  lw      $s2, 0x0058($sp)           
/* 02860 808C77E0 8FB3005C */  lw      $s3, 0x005C($sp)           
/* 02864 808C77E4 8FB40060 */  lw      $s4, 0x0060($sp)           
/* 02868 808C77E8 8FB50064 */  lw      $s5, 0x0064($sp)           
/* 0286C 808C77EC 8FB60068 */  lw      $s6, 0x0068($sp)           
/* 02870 808C77F0 8FB7006C */  lw      $s7, 0x006C($sp)           
/* 02874 808C77F4 8FBE0070 */  lw      $s8, 0x0070($sp)           
/* 02878 808C77F8 03E00008 */  jr      $ra                        
/* 0287C 808C77FC 27BD0098 */  addiu   $sp, $sp, 0x0098           ## $sp = 00000000


glabel func_808C7800
/* 02880 808C7800 27BDFFE8 */  addiu   $sp, $sp, 0xFFE8           ## $sp = FFFFFFE8
/* 02884 808C7804 AFBF0014 */  sw      $ra, 0x0014($sp)           
/* 02888 808C7808 00803025 */  or      $a2, $a0, $zero            ## $a2 = 00000000
/* 0288C 808C780C 00001825 */  or      $v1, $zero, $zero          ## $v1 = 00000000
/* 02890 808C7810 00C01025 */  or      $v0, $a2, $zero            ## $v0 = 00000000
/* 02894 808C7814 24040038 */  addiu   $a0, $zero, 0x0038         ## $a0 = 00000038
.L808C7818:
/* 02898 808C7818 24630004 */  addiu   $v1, $v1, 0x0004           ## $v1 = 00000004
/* 0289C 808C781C A04001AA */  sb      $zero, 0x01AA($v0)         ## 000001AA
/* 028A0 808C7820 A04001AB */  sb      $zero, 0x01AB($v0)         ## 000001AB
/* 028A4 808C7824 A04001AC */  sb      $zero, 0x01AC($v0)         ## 000001AC
/* 028A8 808C7828 24420004 */  addiu   $v0, $v0, 0x0004           ## $v0 = 00000004
/* 028AC 808C782C 1464FFFA */  bne     $v1, $a0, .L808C7818       
/* 028B0 808C7830 A04001A5 */  sb      $zero, 0x01A5($v0)         ## 000001A9
/* 028B4 808C7834 24C40024 */  addiu   $a0, $a2, 0x0024           ## $a0 = 00000024
/* 028B8 808C7838 24C5003C */  addiu   $a1, $a2, 0x003C           ## $a1 = 0000003C
/* 028BC 808C783C 0C03FD43 */  jal     func_800FF50C              
/* 028C0 808C7840 AFA60018 */  sw      $a2, 0x0018($sp)           
/* 028C4 808C7844 8FA60018 */  lw      $a2, 0x0018($sp)           
/* 028C8 808C7848 3C01BF80 */  lui     $at, 0xBF80                ## $at = BF800000
/* 028CC 808C784C 44812000 */  mtc1    $at, $f4                   ## $f4 = -1.00
/* 028D0 808C7850 94CE0090 */  lhu     $t6, 0x0090($a2)           ## 00000090
/* 028D4 808C7854 44803000 */  mtc1    $zero, $f6                 ## $f6 = 0.00
/* 028D8 808C7858 3C18808C */  lui     $t8, %hi(func_808C7888)    ## $t8 = 808C0000
/* 028DC 808C785C 27187888 */  addiu   $t8, $t8, %lo(func_808C7888) ## $t8 = 808C7888
/* 028E0 808C7860 31CFFFFE */  andi    $t7, $t6, 0xFFFE           ## $t7 = 00000000
/* 028E4 808C7864 A4CF0090 */  sh      $t7, 0x0090($a2)           ## 00000090
/* 028E8 808C7868 A4C002EE */  sh      $zero, 0x02EE($a2)         ## 000002EE
/* 028EC 808C786C ACD80188 */  sw      $t8, 0x0188($a2)           ## 00000188
/* 028F0 808C7870 E4C40074 */  swc1    $f4, 0x0074($a2)           ## 00000074
/* 028F4 808C7874 E4C600C4 */  swc1    $f6, 0x00C4($a2)           ## 000000C4
/* 028F8 808C7878 8FBF0014 */  lw      $ra, 0x0014($sp)           
/* 028FC 808C787C 27BD0018 */  addiu   $sp, $sp, 0x0018           ## $sp = 00000000
/* 02900 808C7880 03E00008 */  jr      $ra                        
/* 02904 808C7884 00000000 */  nop


glabel func_808C7888
/* 02908 808C7888 27BDFF80 */  addiu   $sp, $sp, 0xFF80           ## $sp = FFFFFF80
/* 0290C 808C788C AFBE0060 */  sw      $s8, 0x0060($sp)           
/* 02910 808C7890 AFB7005C */  sw      $s7, 0x005C($sp)           
/* 02914 808C7894 00A0B825 */  or      $s7, $a1, $zero            ## $s7 = 00000000
/* 02918 808C7898 0080F025 */  or      $s8, $a0, $zero            ## $s8 = 00000000
/* 0291C 808C789C AFBF0064 */  sw      $ra, 0x0064($sp)           
/* 02920 808C78A0 AFB60058 */  sw      $s6, 0x0058($sp)           
/* 02924 808C78A4 AFB50054 */  sw      $s5, 0x0054($sp)           
/* 02928 808C78A8 AFB40050 */  sw      $s4, 0x0050($sp)           
/* 0292C 808C78AC AFB3004C */  sw      $s3, 0x004C($sp)           
/* 02930 808C78B0 AFB20048 */  sw      $s2, 0x0048($sp)           
/* 02934 808C78B4 AFB10044 */  sw      $s1, 0x0044($sp)           
/* 02938 808C78B8 AFB00040 */  sw      $s0, 0x0040($sp)           
/* 0293C 808C78BC F7BA0038 */  sdc1    $f26, 0x0038($sp)          
/* 02940 808C78C0 F7B80030 */  sdc1    $f24, 0x0030($sp)          
/* 02944 808C78C4 F7B60028 */  sdc1    $f22, 0x0028($sp)          
/* 02948 808C78C8 F7B40020 */  sdc1    $f20, 0x0020($sp)          
/* 0294C 808C78CC 87C202EE */  lh      $v0, 0x02EE($s8)           ## 000002EE
/* 02950 808C78D0 1440003F */  bne     $v0, $zero, .L808C79D0     
/* 02954 808C78D4 24480001 */  addiu   $t0, $v0, 0x0001           ## $t0 = 00000001
/* 02958 808C78D8 97CE0090 */  lhu     $t6, 0x0090($s8)           ## 00000090
/* 0295C 808C78DC 3C01C6FA */  lui     $at, 0xC6FA                ## $at = C6FA0000
/* 02960 808C78E0 03C02025 */  or      $a0, $s8, $zero            ## $a0 = 00000000
/* 02964 808C78E4 31CF0001 */  andi    $t7, $t6, 0x0001           ## $t7 = 00000000
/* 02968 808C78E8 15E00007 */  bne     $t7, $zero, .L808C7908     
/* 0296C 808C78EC 00000000 */  nop
/* 02970 808C78F0 44812000 */  mtc1    $at, $f4                   ## $f4 = -32000.00
/* 02974 808C78F4 C7C60088 */  lwc1    $f6, 0x0088($s8)           ## 00000088
/* 02978 808C78F8 46062032 */  c.eq.s  $f4, $f6                   
/* 0297C 808C78FC 00000000 */  nop
/* 02980 808C7900 4502003C */  bc1fl   .L808C79F4                 
/* 02984 808C7904 8FBF0064 */  lw      $ra, 0x0064($sp)           
.L808C7908:
/* 02988 808C7908 0C02D9F8 */  jal     func_800B67E0              
/* 0298C 808C790C 24050000 */  addiu   $a1, $zero, 0x0000         ## $a1 = 00000000
/* 02990 808C7910 87D802EE */  lh      $t8, 0x02EE($s8)           ## 000002EE
/* 02994 808C7914 3C014040 */  lui     $at, 0x4040                ## $at = 40400000
/* 02998 808C7918 4481D000 */  mtc1    $at, $f26                  ## $f26 = 3.00
/* 0299C 808C791C 3C014000 */  lui     $at, 0x4000                ## $at = 40000000
/* 029A0 808C7920 4481C000 */  mtc1    $at, $f24                  ## $f24 = 2.00
/* 029A4 808C7924 27190001 */  addiu   $t9, $t8, 0x0001           ## $t9 = 00000001
/* 029A8 808C7928 A7D902EE */  sh      $t9, 0x02EE($s8)           ## 000002EE
/* 029AC 808C792C 3C01808D */  lui     $at, %hi(D_808C9BC0)       ## $at = 808D0000
/* 029B0 808C7930 C4369BC0 */  lwc1    $f22, %lo(D_808C9BC0)($at) 
/* 029B4 808C7934 3C014080 */  lui     $at, 0x4080                ## $at = 40800000
/* 029B8 808C7938 3C14808D */  lui     $s4, %hi(D_808C9ACC)       ## $s4 = 808D0000
/* 029BC 808C793C 3C13808D */  lui     $s3, %hi(D_808C9AC8)       ## $s3 = 808D0000
/* 029C0 808C7940 3C12808D */  lui     $s2, %hi(D_808C9ABC)       ## $s2 = 808D0000
/* 029C4 808C7944 4481A000 */  mtc1    $at, $f20                  ## $f20 = 4.00
/* 029C8 808C7948 26529ABC */  addiu   $s2, $s2, %lo(D_808C9ABC)  ## $s2 = 808C9ABC
/* 029CC 808C794C 26739AC8 */  addiu   $s3, $s3, %lo(D_808C9AC8)  ## $s3 = 808C9AC8
/* 029D0 808C7950 26949ACC */  addiu   $s4, $s4, %lo(D_808C9ACC)  ## $s4 = 808C9ACC
/* 029D4 808C7954 00008025 */  or      $s0, $zero, $zero          ## $s0 = 00000000
/* 029D8 808C7958 27D60024 */  addiu   $s6, $s8, 0x0024           ## $s6 = 00000024
/* 029DC 808C795C 24150028 */  addiu   $s5, $zero, 0x0028         ## $s5 = 00000028
/* 029E0 808C7960 27B10074 */  addiu   $s1, $sp, 0x0074           ## $s1 = FFFFFFF4
.L808C7964:
/* 029E4 808C7964 3C01808D */  lui     $at, %hi(D_808C9AC0)       ## $at = 808D0000
/* 029E8 808C7968 E4369AC0 */  swc1    $f22, %lo(D_808C9AC0)($at) 
/* 029EC 808C796C 0C05E570 */  jal     func_801795C0              
/* 029F0 808C7970 4600A306 */  mov.s   $f12, $f20                 
/* 029F4 808C7974 E7A00074 */  swc1    $f0, 0x0074($sp)           
/* 029F8 808C7978 0C05E570 */  jal     func_801795C0              
/* 029FC 808C797C 4600A306 */  mov.s   $f12, $f20                 
/* 02A00 808C7980 E7A0007C */  swc1    $f0, 0x007C($sp)           
/* 02A04 808C7984 0C05E565 */  jal     func_80179594              
/* 02A08 808C7988 4600C306 */  mov.s   $f12, $f24                 
/* 02A0C 808C798C 461A0200 */  add.s   $f8, $f0, $f26             
/* 02A10 808C7990 02E02025 */  or      $a0, $s7, $zero            ## $a0 = 00000000
/* 02A14 808C7994 02C02825 */  or      $a1, $s6, $zero            ## $a1 = 00000024
/* 02A18 808C7998 02203025 */  or      $a2, $s1, $zero            ## $a2 = FFFFFFF4
/* 02A1C 808C799C E7A80078 */  swc1    $f8, 0x0078($sp)           
/* 02A20 808C79A0 02403825 */  or      $a3, $s2, $zero            ## $a3 = 808C9ABC
/* 02A24 808C79A4 AFB30010 */  sw      $s3, 0x0010($sp)           
/* 02A28 808C79A8 0C02C5AE */  jal     func_800B16B8              
/* 02A2C 808C79AC AFB40014 */  sw      $s4, 0x0014($sp)           
/* 02A30 808C79B0 26100001 */  addiu   $s0, $s0, 0x0001           ## $s0 = 00000001
/* 02A34 808C79B4 1615FFEB */  bne     $s0, $s5, .L808C7964       
/* 02A38 808C79B8 00000000 */  nop
/* 02A3C 808C79BC 03C02025 */  or      $a0, $s8, $zero            ## $a0 = 00000000
/* 02A40 808C79C0 0C02E3B2 */  jal     func_800B8EC8              
/* 02A44 808C79C4 24053AB5 */  addiu   $a1, $zero, 0x3AB5         ## $a1 = 00003AB5
/* 02A48 808C79C8 1000000A */  beq     $zero, $zero, .L808C79F4   
/* 02A4C 808C79CC 8FBF0064 */  lw      $ra, 0x0064($sp)           
.L808C79D0:
/* 02A50 808C79D0 A7C802EE */  sh      $t0, 0x02EE($s8)           ## 000002EE
/* 02A54 808C79D4 87C902EE */  lh      $t1, 0x02EE($s8)           ## 000002EE
/* 02A58 808C79D8 24010014 */  addiu   $at, $zero, 0x0014         ## $at = 00000014
/* 02A5C 808C79DC 03C02025 */  or      $a0, $s8, $zero            ## $a0 = 00000000
/* 02A60 808C79E0 55210004 */  bnel    $t1, $at, .L808C79F4       
/* 02A64 808C79E4 8FBF0064 */  lw      $ra, 0x0064($sp)           
/* 02A68 808C79E8 0C231E8C */  jal     func_808C7A30              
/* 02A6C 808C79EC 02E02825 */  or      $a1, $s7, $zero            ## $a1 = 00000000
/* 02A70 808C79F0 8FBF0064 */  lw      $ra, 0x0064($sp)           
.L808C79F4:
/* 02A74 808C79F4 D7B40020 */  ldc1    $f20, 0x0020($sp)          
/* 02A78 808C79F8 D7B60028 */  ldc1    $f22, 0x0028($sp)          
/* 02A7C 808C79FC D7B80030 */  ldc1    $f24, 0x0030($sp)          
/* 02A80 808C7A00 D7BA0038 */  ldc1    $f26, 0x0038($sp)          
/* 02A84 808C7A04 8FB00040 */  lw      $s0, 0x0040($sp)           
/* 02A88 808C7A08 8FB10044 */  lw      $s1, 0x0044($sp)           
/* 02A8C 808C7A0C 8FB20048 */  lw      $s2, 0x0048($sp)           
/* 02A90 808C7A10 8FB3004C */  lw      $s3, 0x004C($sp)           
/* 02A94 808C7A14 8FB40050 */  lw      $s4, 0x0050($sp)           
/* 02A98 808C7A18 8FB50054 */  lw      $s5, 0x0054($sp)           
/* 02A9C 808C7A1C 8FB60058 */  lw      $s6, 0x0058($sp)           
/* 02AA0 808C7A20 8FB7005C */  lw      $s7, 0x005C($sp)           
/* 02AA4 808C7A24 8FBE0060 */  lw      $s8, 0x0060($sp)           
/* 02AA8 808C7A28 03E00008 */  jr      $ra                        
/* 02AAC 808C7A2C 27BD0080 */  addiu   $sp, $sp, 0x0080           ## $sp = 00000000


glabel func_808C7A30
/* 02AB0 808C7A30 27BDFFE8 */  addiu   $sp, $sp, 0xFFE8           ## $sp = FFFFFFE8
/* 02AB4 808C7A34 AFBF0014 */  sw      $ra, 0x0014($sp)           
/* 02AB8 808C7A38 AFA40018 */  sw      $a0, 0x0018($sp)           
/* 02ABC 808C7A3C AFA5001C */  sw      $a1, 0x001C($sp)           
/* 02AC0 808C7A40 8FAE0018 */  lw      $t6, 0x0018($sp)           
/* 02AC4 808C7A44 0C03C7EF */  jal     func_800F1FBC              
/* 02AC8 808C7A48 81C40038 */  lb      $a0, 0x0038($t6)           ## 00000038
/* 02ACC 808C7A4C 8FA4001C */  lw      $a0, 0x001C($sp)           
/* 02AD0 808C7A50 8FA50018 */  lw      $a1, 0x0018($sp)           
/* 02AD4 808C7A54 0C02DC93 */  jal     func_800B724C              
/* 02AD8 808C7A58 24060006 */  addiu   $a2, $zero, 0x0006         ## $a2 = 00000006
/* 02ADC 808C7A5C 8FA4001C */  lw      $a0, 0x001C($sp)           
/* 02AE0 808C7A60 3C050002 */  lui     $a1, 0x0002                ## $a1 = 00020000
/* 02AE4 808C7A64 00A42821 */  addu    $a1, $a1, $a0              
/* 02AE8 808C7A68 0C02D74C */  jal     func_800B5D30              
/* 02AEC 808C7A6C 80A586E0 */  lb      $a1, -0x7920($a1)          ## 000186E0
/* 02AF0 808C7A70 8FA20018 */  lw      $v0, 0x0018($sp)           
/* 02AF4 808C7A74 240F00FF */  addiu   $t7, $zero, 0x00FF         ## $t7 = 000000FF
/* 02AF8 808C7A78 3C010001 */  lui     $at, 0x0001                ## $at = 00010000
/* 02AFC 808C7A7C A44F02EE */  sh      $t7, 0x02EE($v0)           ## 000002EE
/* 02B00 808C7A80 8FB9001C */  lw      $t9, 0x001C($sp)           
/* 02B04 808C7A84 241800FF */  addiu   $t8, $zero, 0x00FF         ## $t8 = 000000FF
/* 02B08 808C7A88 3C08808C */  lui     $t0, %hi(func_808C7AAC)    ## $t0 = 808C0000
/* 02B0C 808C7A8C 00390821 */  addu    $at, $at, $t9              
/* 02B10 808C7A90 A03870C7 */  sb      $t8, 0x70C7($at)           ## 000170C7
/* 02B14 808C7A94 25087AAC */  addiu   $t0, $t0, %lo(func_808C7AAC) ## $t0 = 808C7AAC
/* 02B18 808C7A98 AC480188 */  sw      $t0, 0x0188($v0)           ## 00000188
/* 02B1C 808C7A9C 8FBF0014 */  lw      $ra, 0x0014($sp)           
/* 02B20 808C7AA0 27BD0018 */  addiu   $sp, $sp, 0x0018           ## $sp = 00000000
/* 02B24 808C7AA4 03E00008 */  jr      $ra                        
/* 02B28 808C7AA8 00000000 */  nop


glabel func_808C7AAC
/* 02B2C 808C7AAC 27BDFFE8 */  addiu   $sp, $sp, 0xFFE8           ## $sp = FFFFFFE8
/* 02B30 808C7AB0 AFBF0014 */  sw      $ra, 0x0014($sp)           
/* 02B34 808C7AB4 AFA5001C */  sw      $a1, 0x001C($sp)           
/* 02B38 808C7AB8 848202EE */  lh      $v0, 0x02EE($a0)           ## 000002EE
/* 02B3C 808C7ABC 18400007 */  blez    $v0, .L808C7ADC            
/* 02B40 808C7AC0 244EFFFB */  addiu   $t6, $v0, 0xFFFB           ## $t6 = FFFFFFFB
/* 02B44 808C7AC4 A48E02EE */  sh      $t6, 0x02EE($a0)           ## 000002EE
/* 02B48 808C7AC8 848F02EE */  lh      $t7, 0x02EE($a0)           ## 000002EE
/* 02B4C 808C7ACC 5DE00004 */  bgtzl   $t7, .L808C7AE0            
/* 02B50 808C7AD0 8FBF0014 */  lw      $ra, 0x0014($sp)           
/* 02B54 808C7AD4 0C02D9C3 */  jal     func_800B670C              
/* 02B58 808C7AD8 A48002EE */  sh      $zero, 0x02EE($a0)         ## 000002EE
.L808C7ADC:
/* 02B5C 808C7ADC 8FBF0014 */  lw      $ra, 0x0014($sp)           
.L808C7AE0:
/* 02B60 808C7AE0 27BD0018 */  addiu   $sp, $sp, 0x0018           ## $sp = 00000000
/* 02B64 808C7AE4 03E00008 */  jr      $ra                        
/* 02B68 808C7AE8 00000000 */  nop


glabel func_808C7AEC
/* 02B6C 808C7AEC 27BDFFE8 */  addiu   $sp, $sp, 0xFFE8           ## $sp = FFFFFFE8
/* 02B70 808C7AF0 AFBF0014 */  sw      $ra, 0x0014($sp)           
/* 02B74 808C7AF4 00803825 */  or      $a3, $a0, $zero            ## $a3 = 00000000
/* 02B78 808C7AF8 00E02025 */  or      $a0, $a3, $zero            ## $a0 = 00000000
/* 02B7C 808C7AFC 24053AB0 */  addiu   $a1, $zero, 0x3AB0         ## $a1 = 00003AB0
/* 02B80 808C7B00 0C02E3B2 */  jal     func_800B8EC8              
/* 02B84 808C7B04 AFA70018 */  sw      $a3, 0x0018($sp)           
/* 02B88 808C7B08 8FA70018 */  lw      $a3, 0x0018($sp)           
/* 02B8C 808C7B0C 3C050600 */  lui     $a1, 0x0600                ## $a1 = 06000000
/* 02B90 808C7B10 24A515B4 */  addiu   $a1, $a1, 0x15B4           ## $a1 = 060015B4
/* 02B94 808C7B14 3C0640A0 */  lui     $a2, 0x40A0                ## $a2 = 40A00000
/* 02B98 808C7B18 0C04DD22 */  jal     func_80137488              
/* 02B9C 808C7B1C 24E40144 */  addiu   $a0, $a3, 0x0144           ## $a0 = 00000144
/* 02BA0 808C7B20 8FA70018 */  lw      $a3, 0x0018($sp)           
/* 02BA4 808C7B24 44802000 */  mtc1    $zero, $f4                 ## $f4 = 0.00
/* 02BA8 808C7B28 00002025 */  or      $a0, $zero, $zero          ## $a0 = 00000000
/* 02BAC 808C7B2C 24050014 */  addiu   $a1, $zero, 0x0014         ## $a1 = 00000014
/* 02BB0 808C7B30 24020003 */  addiu   $v0, $zero, 0x0003         ## $v0 = 00000003
/* 02BB4 808C7B34 00E01825 */  or      $v1, $a3, $zero            ## $v1 = 00000000
/* 02BB8 808C7B38 E4E40070 */  swc1    $f4, 0x0070($a3)           ## 00000070
.L808C7B3C:
/* 02BBC 808C7B3C 8C6E06E4 */  lw      $t6, 0x06E4($v1)           ## 000006E4
/* 02BC0 808C7B40 24840004 */  addiu   $a0, $a0, 0x0004           ## $a0 = 00000004
/* 02BC4 808C7B44 24630010 */  addiu   $v1, $v1, 0x0010           ## $v1 = 00000010
/* 02BC8 808C7B48 A5C2001C */  sh      $v0, 0x001C($t6)           ## 0000001C
/* 02BCC 808C7B4C 8C6F06D8 */  lw      $t7, 0x06D8($v1)           ## 000006E8
/* 02BD0 808C7B50 A5E2001C */  sh      $v0, 0x001C($t7)           ## 0000001C
/* 02BD4 808C7B54 8C7806DC */  lw      $t8, 0x06DC($v1)           ## 000006EC
/* 02BD8 808C7B58 A702001C */  sh      $v0, 0x001C($t8)           ## 0000001C
/* 02BDC 808C7B5C 8C7906E0 */  lw      $t9, 0x06E0($v1)           ## 000006F0
/* 02BE0 808C7B60 1485FFF6 */  bne     $a0, $a1, .L808C7B3C       
/* 02BE4 808C7B64 A722001C */  sh      $v0, 0x001C($t9)           ## 0000001C
/* 02BE8 808C7B68 3C08808C */  lui     $t0, %hi(func_808C7B88)    ## $t0 = 808C0000
/* 02BEC 808C7B6C 25087B88 */  addiu   $t0, $t0, %lo(func_808C7B88) ## $t0 = 808C7B88
/* 02BF0 808C7B70 A4E002EA */  sh      $zero, 0x02EA($a3)         ## 000002EA
/* 02BF4 808C7B74 ACE80188 */  sw      $t0, 0x0188($a3)           ## 00000188
/* 02BF8 808C7B78 8FBF0014 */  lw      $ra, 0x0014($sp)           
/* 02BFC 808C7B7C 27BD0018 */  addiu   $sp, $sp, 0x0018           ## $sp = 00000000
/* 02C00 808C7B80 03E00008 */  jr      $ra                        
/* 02C04 808C7B84 00000000 */  nop


glabel func_808C7B88
/* 02C08 808C7B88 27BDFFD8 */  addiu   $sp, $sp, 0xFFD8           ## $sp = FFFFFFD8
/* 02C0C 808C7B8C AFB00020 */  sw      $s0, 0x0020($sp)           
/* 02C10 808C7B90 00808025 */  or      $s0, $a0, $zero            ## $s0 = 00000000
/* 02C14 808C7B94 AFBF0024 */  sw      $ra, 0x0024($sp)           
/* 02C18 808C7B98 AFA5002C */  sw      $a1, 0x002C($sp)           
/* 02C1C 808C7B9C 86050092 */  lh      $a1, 0x0092($s0)           ## 00000092
/* 02C20 808C7BA0 240E0100 */  addiu   $t6, $zero, 0x0100         ## $t6 = 00000100
/* 02C24 808C7BA4 AFAE0010 */  sw      $t6, 0x0010($sp)           
/* 02C28 808C7BA8 260400BE */  addiu   $a0, $s0, 0x00BE           ## $a0 = 000000BE
/* 02C2C 808C7BAC 24060008 */  addiu   $a2, $zero, 0x0008         ## $a2 = 00000008
/* 02C30 808C7BB0 0C03FFAF */  jal     func_800FFEBC              
/* 02C34 808C7BB4 24071000 */  addiu   $a3, $zero, 0x1000         ## $a3 = 00001000
/* 02C38 808C7BB8 26040028 */  addiu   $a0, $s0, 0x0028           ## $a0 = 00000028
/* 02C3C 808C7BBC 8E05000C */  lw      $a1, 0x000C($s0)           ## 0000000C
/* 02C40 808C7BC0 0C03FC0F */  jal     func_800FF03C              
/* 02C44 808C7BC4 3C0640A0 */  lui     $a2, 0x40A0                ## $a2 = 40A00000
/* 02C48 808C7BC8 0C04DB34 */  jal     func_80136CD0              
/* 02C4C 808C7BCC 26040144 */  addiu   $a0, $s0, 0x0144           ## $a0 = 00000144
/* 02C50 808C7BD0 10400007 */  beq     $v0, $zero, .L808C7BF0     
/* 02C54 808C7BD4 240F001B */  addiu   $t7, $zero, 0x001B         ## $t7 = 0000001B
/* 02C58 808C7BD8 8FB8002C */  lw      $t8, 0x002C($sp)           
/* 02C5C 808C7BDC 3C010001 */  lui     $at, 0x0001                ## $at = 00010000
/* 02C60 808C7BE0 02002025 */  or      $a0, $s0, $zero            ## $a0 = 00000000
/* 02C64 808C7BE4 00380821 */  addu    $at, $at, $t8              
/* 02C68 808C7BE8 0C231F01 */  jal     func_808C7C04              
/* 02C6C 808C7BEC A02F70C7 */  sb      $t7, 0x70C7($at)           ## 000170C7
.L808C7BF0:
/* 02C70 808C7BF0 8FBF0024 */  lw      $ra, 0x0024($sp)           
/* 02C74 808C7BF4 8FB00020 */  lw      $s0, 0x0020($sp)           
/* 02C78 808C7BF8 27BD0028 */  addiu   $sp, $sp, 0x0028           ## $sp = 00000000
/* 02C7C 808C7BFC 03E00008 */  jr      $ra                        
/* 02C80 808C7C00 00000000 */  nop


glabel func_808C7C04
/* 02C84 808C7C04 27BDFFE8 */  addiu   $sp, $sp, 0xFFE8           ## $sp = FFFFFFE8
/* 02C88 808C7C08 AFBF0014 */  sw      $ra, 0x0014($sp)           
/* 02C8C 808C7C0C 00803025 */  or      $a2, $a0, $zero            ## $a2 = 00000000
/* 02C90 808C7C10 3C050600 */  lui     $a1, 0x0600                ## $a1 = 06000000
/* 02C94 808C7C14 24A51834 */  addiu   $a1, $a1, 0x1834           ## $a1 = 06001834
/* 02C98 808C7C18 24C40144 */  addiu   $a0, $a2, 0x0144           ## $a0 = 00000144
/* 02C9C 808C7C1C 0C04DD50 */  jal     func_80137540              
/* 02CA0 808C7C20 AFA60018 */  sw      $a2, 0x0018($sp)           
/* 02CA4 808C7C24 8FA60018 */  lw      $a2, 0x0018($sp)           
/* 02CA8 808C7C28 00002025 */  or      $a0, $zero, $zero          ## $a0 = 00000000
/* 02CAC 808C7C2C 24050014 */  addiu   $a1, $zero, 0x0014         ## $a1 = 00000014
/* 02CB0 808C7C30 24020004 */  addiu   $v0, $zero, 0x0004         ## $v0 = 00000004
/* 02CB4 808C7C34 00C01825 */  or      $v1, $a2, $zero            ## $v1 = 00000000
.L808C7C38:
/* 02CB8 808C7C38 8C6E06E4 */  lw      $t6, 0x06E4($v1)           ## 000006E4
/* 02CBC 808C7C3C 24840004 */  addiu   $a0, $a0, 0x0004           ## $a0 = 00000004
/* 02CC0 808C7C40 24630010 */  addiu   $v1, $v1, 0x0010           ## $v1 = 00000010
/* 02CC4 808C7C44 A5C2001C */  sh      $v0, 0x001C($t6)           ## 0000001C
/* 02CC8 808C7C48 8C6F06D8 */  lw      $t7, 0x06D8($v1)           ## 000006E8
/* 02CCC 808C7C4C A5E2001C */  sh      $v0, 0x001C($t7)           ## 0000001C
/* 02CD0 808C7C50 8C7806DC */  lw      $t8, 0x06DC($v1)           ## 000006EC
/* 02CD4 808C7C54 A702001C */  sh      $v0, 0x001C($t8)           ## 0000001C
/* 02CD8 808C7C58 8C7906E0 */  lw      $t9, 0x06E0($v1)           ## 000006F0
/* 02CDC 808C7C5C 1485FFF6 */  bne     $a0, $a1, .L808C7C38       
/* 02CE0 808C7C60 A722001C */  sh      $v0, 0x001C($t9)           ## 0000001C
/* 02CE4 808C7C64 44802000 */  mtc1    $zero, $f4                 ## $f4 = 0.00
/* 02CE8 808C7C68 3C08808C */  lui     $t0, %hi(func_808C7C88)    ## $t0 = 808C0000
/* 02CEC 808C7C6C 25087C88 */  addiu   $t0, $t0, %lo(func_808C7C88) ## $t0 = 808C7C88
/* 02CF0 808C7C70 ACC80188 */  sw      $t0, 0x0188($a2)           ## 00000188
/* 02CF4 808C7C74 E4C40070 */  swc1    $f4, 0x0070($a2)           ## 00000070
/* 02CF8 808C7C78 8FBF0014 */  lw      $ra, 0x0014($sp)           
/* 02CFC 808C7C7C 27BD0018 */  addiu   $sp, $sp, 0x0018           ## $sp = 00000000
/* 02D00 808C7C80 03E00008 */  jr      $ra                        
/* 02D04 808C7C84 00000000 */  nop


glabel func_808C7C88
/* 02D08 808C7C88 27BDFFD8 */  addiu   $sp, $sp, 0xFFD8           ## $sp = FFFFFFD8
/* 02D0C 808C7C8C AFB00020 */  sw      $s0, 0x0020($sp)           
/* 02D10 808C7C90 00808025 */  or      $s0, $a0, $zero            ## $s0 = 00000000
/* 02D14 808C7C94 AFBF0024 */  sw      $ra, 0x0024($sp)           
/* 02D18 808C7C98 AFA5002C */  sw      $a1, 0x002C($sp)           
/* 02D1C 808C7C9C 86050092 */  lh      $a1, 0x0092($s0)           ## 00000092
/* 02D20 808C7CA0 240E0100 */  addiu   $t6, $zero, 0x0100         ## $t6 = 00000100
/* 02D24 808C7CA4 AFAE0010 */  sw      $t6, 0x0010($sp)           
/* 02D28 808C7CA8 260400BE */  addiu   $a0, $s0, 0x00BE           ## $a0 = 000000BE
/* 02D2C 808C7CAC 24060008 */  addiu   $a2, $zero, 0x0008         ## $a2 = 00000008
/* 02D30 808C7CB0 0C03FFAF */  jal     func_800FFEBC              
/* 02D34 808C7CB4 24071000 */  addiu   $a3, $zero, 0x1000         ## $a3 = 00001000
/* 02D38 808C7CB8 0C04DB34 */  jal     func_80136CD0              
/* 02D3C 808C7CBC 26040144 */  addiu   $a0, $s0, 0x0144           ## $a0 = 00000144
/* 02D40 808C7CC0 860F001C */  lh      $t7, 0x001C($s0)           ## 0000001C
/* 02D44 808C7CC4 2418001A */  addiu   $t8, $zero, 0x001A         ## $t8 = 0000001A
/* 02D48 808C7CC8 8FB9002C */  lw      $t9, 0x002C($sp)           
/* 02D4C 808C7CCC 29E10005 */  slti    $at, $t7, 0x0005           
/* 02D50 808C7CD0 14200005 */  bne     $at, $zero, .L808C7CE8     
/* 02D54 808C7CD4 02002025 */  or      $a0, $s0, $zero            ## $a0 = 00000000
/* 02D58 808C7CD8 3C010001 */  lui     $at, 0x0001                ## $at = 00010000
/* 02D5C 808C7CDC 00390821 */  addu    $at, $at, $t9              
/* 02D60 808C7CE0 0C231917 */  jal     func_808C645C              
/* 02D64 808C7CE4 A03870C7 */  sb      $t8, 0x70C7($at)           ## 000170C7
.L808C7CE8:
/* 02D68 808C7CE8 8FBF0024 */  lw      $ra, 0x0024($sp)           
/* 02D6C 808C7CEC 8FB00020 */  lw      $s0, 0x0020($sp)           
/* 02D70 808C7CF0 27BD0028 */  addiu   $sp, $sp, 0x0028           ## $sp = 00000000
/* 02D74 808C7CF4 03E00008 */  jr      $ra                        
/* 02D78 808C7CF8 00000000 */  nop


glabel func_808C7CFC
/* 02D7C 808C7CFC 27BDFFE8 */  addiu   $sp, $sp, 0xFFE8           ## $sp = FFFFFFE8
/* 02D80 808C7D00 AFBF0014 */  sw      $ra, 0x0014($sp)           
/* 02D84 808C7D04 AFA40018 */  sw      $a0, 0x0018($sp)           
/* 02D88 808C7D08 8FAE0018 */  lw      $t6, 0x0018($sp)           
/* 02D8C 808C7D0C 0C03C6E9 */  jal     func_800F1BA4              
/* 02D90 808C7D10 81C40038 */  lb      $a0, 0x0038($t6)           ## 00000038
/* 02D94 808C7D14 8FB80018 */  lw      $t8, 0x0018($sp)           
/* 02D98 808C7D18 3C0F808C */  lui     $t7, %hi(func_808C7D34)    ## $t7 = 808C0000
/* 02D9C 808C7D1C 25EF7D34 */  addiu   $t7, $t7, %lo(func_808C7D34) ## $t7 = 808C7D34
/* 02DA0 808C7D20 AF0F0188 */  sw      $t7, 0x0188($t8)           ## 00000188
/* 02DA4 808C7D24 8FBF0014 */  lw      $ra, 0x0014($sp)           
/* 02DA8 808C7D28 27BD0018 */  addiu   $sp, $sp, 0x0018           ## $sp = 00000000
/* 02DAC 808C7D2C 03E00008 */  jr      $ra                        
/* 02DB0 808C7D30 00000000 */  nop


glabel func_808C7D34
/* 02DB4 808C7D34 27BDFFE0 */  addiu   $sp, $sp, 0xFFE0           ## $sp = FFFFFFE0
/* 02DB8 808C7D38 AFB00018 */  sw      $s0, 0x0018($sp)           
/* 02DBC 808C7D3C 00808025 */  or      $s0, $a0, $zero            ## $s0 = 00000000
/* 02DC0 808C7D40 AFBF001C */  sw      $ra, 0x001C($sp)           
/* 02DC4 808C7D44 AFA50024 */  sw      $a1, 0x0024($sp)           
/* 02DC8 808C7D48 0C03C6F9 */  jal     func_800F1BE4              
/* 02DCC 808C7D4C 82040038 */  lb      $a0, 0x0038($s0)           ## 00000038
/* 02DD0 808C7D50 10400012 */  beq     $v0, $zero, .L808C7D9C     
/* 02DD4 808C7D54 02002825 */  or      $a1, $s0, $zero            ## $a1 = 00000000
/* 02DD8 808C7D58 0C03C761 */  jal     func_800F1D84              
/* 02DDC 808C7D5C 82040038 */  lb      $a0, 0x0038($s0)           ## 00000038
/* 02DE0 808C7D60 0C03C86E */  jal     func_800F21B8              
/* 02DE4 808C7D64 82040038 */  lb      $a0, 0x0038($s0)           ## 00000038
/* 02DE8 808C7D68 920E00B7 */  lbu     $t6, 0x00B7($s0)           ## 000000B7
/* 02DEC 808C7D6C A60202FA */  sh      $v0, 0x02FA($s0)           ## 000002FA
/* 02DF0 808C7D70 8FA50024 */  lw      $a1, 0x0024($sp)           
/* 02DF4 808C7D74 15C00005 */  bne     $t6, $zero, .L808C7D8C     
/* 02DF8 808C7D78 02002025 */  or      $a0, $s0, $zero            ## $a0 = 00000000
/* 02DFC 808C7D7C 0C231B50 */  jal     func_808C6D40              
/* 02E00 808C7D80 02002025 */  or      $a0, $s0, $zero            ## $a0 = 00000000
/* 02E04 808C7D84 10000008 */  beq     $zero, $zero, .L808C7DA8   
/* 02E08 808C7D88 8FBF001C */  lw      $ra, 0x001C($sp)           
.L808C7D8C:
/* 02E0C 808C7D8C 0C2315C7 */  jal     func_808C571C              
/* 02E10 808C7D90 8FA50024 */  lw      $a1, 0x0024($sp)           
/* 02E14 808C7D94 10000004 */  beq     $zero, $zero, .L808C7DA8   
/* 02E18 808C7D98 8FBF001C */  lw      $ra, 0x001C($sp)           
.L808C7D9C:
/* 02E1C 808C7D9C 0C03C6E9 */  jal     func_800F1BA4              
/* 02E20 808C7DA0 82040038 */  lb      $a0, 0x0038($s0)           ## 00000038
/* 02E24 808C7DA4 8FBF001C */  lw      $ra, 0x001C($sp)           
.L808C7DA8:
/* 02E28 808C7DA8 8FB00018 */  lw      $s0, 0x0018($sp)           
/* 02E2C 808C7DAC 27BD0020 */  addiu   $sp, $sp, 0x0020           ## $sp = 00000000
/* 02E30 808C7DB0 03E00008 */  jr      $ra                        
/* 02E34 808C7DB4 00000000 */  nop


glabel func_808C7DB8
/* 02E38 808C7DB8 3C0E808C */  lui     $t6, %hi(func_808C7DCC)    ## $t6 = 808C0000
/* 02E3C 808C7DBC 25CE7DCC */  addiu   $t6, $t6, %lo(func_808C7DCC) ## $t6 = 808C7DCC
/* 02E40 808C7DC0 AC8E0188 */  sw      $t6, 0x0188($a0)           ## 00000188
/* 02E44 808C7DC4 03E00008 */  jr      $ra                        
/* 02E48 808C7DC8 00000000 */  nop


glabel func_808C7DCC
/* 02E4C 808C7DCC 27BDFFE8 */  addiu   $sp, $sp, 0xFFE8           ## $sp = FFFFFFE8
/* 02E50 808C7DD0 AFBF0014 */  sw      $ra, 0x0014($sp)           
/* 02E54 808C7DD4 AFA40018 */  sw      $a0, 0x0018($sp)           
/* 02E58 808C7DD8 AFA5001C */  sw      $a1, 0x001C($sp)           
/* 02E5C 808C7DDC 0C05A433 */  jal     func_801690CC              
/* 02E60 808C7DE0 8FA4001C */  lw      $a0, 0x001C($sp)           
/* 02E64 808C7DE4 5440000C */  bnel    $v0, $zero, .L808C7E18     
/* 02E68 808C7DE8 8FBF0014 */  lw      $ra, 0x0014($sp)           
/* 02E6C 808C7DEC 0C2314C4 */  jal     func_808C5310              
/* 02E70 808C7DF0 8FA4001C */  lw      $a0, 0x001C($sp)           
/* 02E74 808C7DF4 8FA20018 */  lw      $v0, 0x0018($sp)           
/* 02E78 808C7DF8 24040038 */  addiu   $a0, $zero, 0x0038         ## $a0 = 00000038
/* 02E7C 808C7DFC 904E0819 */  lbu     $t6, 0x0819($v0)           ## 00000819
/* 02E80 808C7E00 35CF0001 */  ori     $t7, $t6, 0x0001           ## $t7 = 00000001
/* 02E84 808C7E04 0C068B95 */  jal     func_801A2E54              
/* 02E88 808C7E08 A04F0819 */  sb      $t7, 0x0819($v0)           ## 00000819
/* 02E8C 808C7E0C 0C231917 */  jal     func_808C645C              
/* 02E90 808C7E10 8FA40018 */  lw      $a0, 0x0018($sp)           
/* 02E94 808C7E14 8FBF0014 */  lw      $ra, 0x0014($sp)           
.L808C7E18:
/* 02E98 808C7E18 27BD0018 */  addiu   $sp, $sp, 0x0018           ## $sp = 00000000
/* 02E9C 808C7E1C 03E00008 */  jr      $ra                        
/* 02EA0 808C7E20 00000000 */  nop


glabel func_808C7E24
/* 02EA4 808C7E24 27BDFFC8 */  addiu   $sp, $sp, 0xFFC8           ## $sp = FFFFFFC8
/* 02EA8 808C7E28 AFB00028 */  sw      $s0, 0x0028($sp)           
/* 02EAC 808C7E2C 00808025 */  or      $s0, $a0, $zero            ## $s0 = 00000000
/* 02EB0 808C7E30 AFBF002C */  sw      $ra, 0x002C($sp)           
/* 02EB4 808C7E34 AFA5003C */  sw      $a1, 0x003C($sp)           
/* 02EB8 808C7E38 920E018D */  lbu     $t6, 0x018D($s0)           ## 0000018D
/* 02EBC 808C7E3C 3C013F80 */  lui     $at, 0x3F80                ## $at = 3F800000
/* 02EC0 808C7E40 51C00022 */  beql    $t6, $zero, .L808C7ECC     
/* 02EC4 808C7E44 8FBF002C */  lw      $ra, 0x002C($sp)           
/* 02EC8 808C7E48 C6000308 */  lwc1    $f0, 0x0308($s0)           ## 00000308
/* 02ECC 808C7E4C C6040324 */  lwc1    $f4, 0x0324($s0)           ## 00000324
/* 02ED0 808C7E50 C6020088 */  lwc1    $f2, 0x0088($s0)           ## 00000088
/* 02ED4 808C7E54 44814000 */  mtc1    $at, $f8                   ## $f8 = 1.00
/* 02ED8 808C7E58 46002180 */  add.s   $f6, $f4, $f0              
/* 02EDC 808C7E5C 860F02F6 */  lh      $t7, 0x02F6($s0)           ## 000002F6
/* 02EE0 808C7E60 3C06801D */  lui     $a2, 0x801D                ## $a2 = 801D0000
/* 02EE4 808C7E64 46080281 */  sub.s   $f10, $f0, $f8             
/* 02EE8 808C7E68 E6060324 */  swc1    $f6, 0x0324($s0)           ## 00000324
/* 02EEC 808C7E6C C6100324 */  lwc1    $f16, 0x0324($s0)          ## 00000324
/* 02EF0 808C7E70 24C615B0 */  addiu   $a2, $a2, 0x15B0           ## $a2 = 801D15B0
/* 02EF4 808C7E74 25F81800 */  addiu   $t8, $t7, 0x1800           ## $t8 = 00001800
/* 02EF8 808C7E78 4602803C */  c.lt.s  $f16, $f2                  
/* 02EFC 808C7E7C E60A0308 */  swc1    $f10, 0x0308($s0)          ## 00000308
/* 02F00 808C7E80 A61802F6 */  sh      $t8, 0x02F6($s0)           ## 000002F6
/* 02F04 808C7E84 00C03825 */  or      $a3, $a2, $zero            ## $a3 = 801D15B0
/* 02F08 808C7E88 4500000F */  bc1f    .L808C7EC8                 
/* 02F0C 808C7E8C 26050320 */  addiu   $a1, $s0, 0x0320           ## $a1 = 00000320
/* 02F10 808C7E90 E6020324 */  swc1    $f2, 0x0324($s0)           ## 00000324
/* 02F14 808C7E94 24190064 */  addiu   $t9, $zero, 0x0064         ## $t9 = 00000064
/* 02F18 808C7E98 AFB90010 */  sw      $t9, 0x0010($sp)           
/* 02F1C 808C7E9C AFA50030 */  sw      $a1, 0x0030($sp)           
/* 02F20 808C7EA0 AFA00018 */  sw      $zero, 0x0018($sp)         
/* 02F24 808C7EA4 AFA00014 */  sw      $zero, 0x0014($sp)         
/* 02F28 808C7EA8 0C02CC0C */  jal     func_800B3030              
/* 02F2C 808C7EAC 8FA4003C */  lw      $a0, 0x003C($sp)           
/* 02F30 808C7EB0 8FA50030 */  lw      $a1, 0x0030($sp)           
/* 02F34 808C7EB4 8FA4003C */  lw      $a0, 0x003C($sp)           
/* 02F38 808C7EB8 2406000B */  addiu   $a2, $zero, 0x000B         ## $a2 = 0000000B
/* 02F3C 808C7EBC 0C03C15A */  jal     func_800F0568              
/* 02F40 808C7EC0 24073878 */  addiu   $a3, $zero, 0x3878         ## $a3 = 00003878
/* 02F44 808C7EC4 A200018D */  sb      $zero, 0x018D($s0)         ## 0000018D
.L808C7EC8:
/* 02F48 808C7EC8 8FBF002C */  lw      $ra, 0x002C($sp)           
.L808C7ECC:
/* 02F4C 808C7ECC 8FB00028 */  lw      $s0, 0x0028($sp)           
/* 02F50 808C7ED0 27BD0038 */  addiu   $sp, $sp, 0x0038           ## $sp = 00000000
/* 02F54 808C7ED4 03E00008 */  jr      $ra                        
/* 02F58 808C7ED8 00000000 */  nop


glabel func_808C7EDC
/* 02F5C 808C7EDC 27BDFFC0 */  addiu   $sp, $sp, 0xFFC0           ## $sp = FFFFFFC0
/* 02F60 808C7EE0 AFB00030 */  sw      $s0, 0x0030($sp)           
/* 02F64 808C7EE4 00808025 */  or      $s0, $a0, $zero            ## $s0 = 00000000
/* 02F68 808C7EE8 AFBF0034 */  sw      $ra, 0x0034($sp)           
/* 02F6C 808C7EEC AFA50044 */  sw      $a1, 0x0044($sp)           
/* 02F70 808C7EF0 860202F8 */  lh      $v0, 0x02F8($s0)           ## 000002F8
/* 02F74 808C7EF4 18400002 */  blez    $v0, .L808C7F00            
/* 02F78 808C7EF8 244EFFFF */  addiu   $t6, $v0, 0xFFFF           ## $t6 = FFFFFFFF
/* 02F7C 808C7EFC A60E02F8 */  sh      $t6, 0x02F8($s0)           ## 000002F8
.L808C7F00:
/* 02F80 808C7F00 92020819 */  lbu     $v0, 0x0819($s0)           ## 00000819
/* 02F84 808C7F04 304F0002 */  andi    $t7, $v0, 0x0002           ## $t7 = 00000000
/* 02F88 808C7F08 51E00095 */  beql    $t7, $zero, .L808C8160     
/* 02F8C 808C7F0C 8FBF0034 */  lw      $ra, 0x0034($sp)           
/* 02F90 808C7F10 8619001C */  lh      $t9, 0x001C($s0)           ## 0000001C
/* 02F94 808C7F14 3058FFFD */  andi    $t8, $v0, 0xFFFD           ## $t8 = 00000000
/* 02F98 808C7F18 A2180819 */  sb      $t8, 0x0819($s0)           ## 00000819
/* 02F9C 808C7F1C 2B210005 */  slti    $at, $t9, 0x0005           
/* 02FA0 808C7F20 14200039 */  bne     $at, $zero, .L808C8008     
/* 02FA4 808C7F24 24080001 */  addiu   $t0, $zero, 0x0001         ## $t0 = 00000001
/* 02FA8 808C7F28 3C01BF80 */  lui     $at, 0xBF80                ## $at = BF800000
/* 02FAC 808C7F2C 44812000 */  mtc1    $at, $f4                   ## $f4 = -1.00
/* 02FB0 808C7F30 860900BE */  lh      $t1, 0x00BE($s0)           ## 000000BE
/* 02FB4 808C7F34 A208018D */  sb      $t0, 0x018D($s0)           ## 0000018D
/* 02FB8 808C7F38 26040320 */  addiu   $a0, $s0, 0x0320           ## $a0 = 00000320
/* 02FBC 808C7F3C E6040308 */  swc1    $f4, 0x0308($s0)           ## 00000308
/* 02FC0 808C7F40 A60902F6 */  sh      $t1, 0x02F6($s0)           ## 000002F6
/* 02FC4 808C7F44 AFA40038 */  sw      $a0, 0x0038($sp)           
/* 02FC8 808C7F48 0C03FD53 */  jal     func_800FF54C              
/* 02FCC 808C7F4C 26050850 */  addiu   $a1, $s0, 0x0850           ## $a1 = 00000850
/* 02FD0 808C7F50 8FA40044 */  lw      $a0, 0x0044($sp)           
/* 02FD4 808C7F54 8FA50038 */  lw      $a1, 0x0038($sp)           
/* 02FD8 808C7F58 2406001E */  addiu   $a2, $zero, 0x001E         ## $a2 = 0000001E
/* 02FDC 808C7F5C 0C03C15A */  jal     func_800F0568              
/* 02FE0 808C7F60 24073842 */  addiu   $a3, $zero, 0x3842         ## $a3 = 00003842
/* 02FE4 808C7F64 920200B9 */  lbu     $v0, 0x00B9($s0)           ## 000000B9
/* 02FE8 808C7F68 24010004 */  addiu   $at, $zero, 0x0004         ## $at = 00000004
/* 02FEC 808C7F6C 54410022 */  bnel    $v0, $at, .L808C7FF8       
/* 02FF0 808C7F70 2401000F */  addiu   $at, $zero, 0x000F         ## $at = 0000000F
/* 02FF4 808C7F74 8E0B0188 */  lw      $t3, 0x0188($s0)           ## 00000188
/* 02FF8 808C7F78 3C0A808C */  lui     $t2, %hi(func_808C7B88)    ## $t2 = 808C0000
/* 02FFC 808C7F7C 254A7B88 */  addiu   $t2, $t2, %lo(func_808C7B88) ## $t2 = 808C7B88
/* 03000 808C7F80 114B001C */  beq     $t2, $t3, .L808C7FF4       
/* 03004 808C7F84 00002025 */  or      $a0, $zero, $zero          ## $a0 = 00000000
/* 03008 808C7F88 02001025 */  or      $v0, $s0, $zero            ## $v0 = 00000000
/* 0300C 808C7F8C 24050014 */  addiu   $a1, $zero, 0x0014         ## $a1 = 00000014
/* 03010 808C7F90 24030001 */  addiu   $v1, $zero, 0x0001         ## $v1 = 00000001
.L808C7F94:
/* 03014 808C7F94 8C4C06E4 */  lw      $t4, 0x06E4($v0)           ## 000006E4
/* 03018 808C7F98 24840004 */  addiu   $a0, $a0, 0x0004           ## $a0 = 00000004
/* 0301C 808C7F9C 24420010 */  addiu   $v0, $v0, 0x0010           ## $v0 = 00000010
/* 03020 808C7FA0 A583001C */  sh      $v1, 0x001C($t4)           ## 0000001C
/* 03024 808C7FA4 8C4D06D8 */  lw      $t5, 0x06D8($v0)           ## 000006E8
/* 03028 808C7FA8 A5A3001C */  sh      $v1, 0x001C($t5)           ## 0000001C
/* 0302C 808C7FAC 8C4E06DC */  lw      $t6, 0x06DC($v0)           ## 000006EC
/* 03030 808C7FB0 A5C3001C */  sh      $v1, 0x001C($t6)           ## 0000001C
/* 03034 808C7FB4 8C4F06E0 */  lw      $t7, 0x06E0($v0)           ## 000006F0
/* 03038 808C7FB8 1485FFF6 */  bne     $a0, $a1, .L808C7F94       
/* 0303C 808C7FBC A5E3001C */  sh      $v1, 0x001C($t7)           ## 0000001C
/* 03040 808C7FC0 8FB90044 */  lw      $t9, 0x0044($sp)           
/* 03044 808C7FC4 3C010001 */  lui     $at, 0x0001                ## $at = 00010000
/* 03048 808C7FC8 2418001C */  addiu   $t8, $zero, 0x001C         ## $t8 = 0000001C
/* 0304C 808C7FCC 00390821 */  addu    $at, $at, $t9              
/* 03050 808C7FD0 A03870C7 */  sb      $t8, 0x70C7($at)           ## 000170C7
/* 03054 808C7FD4 8E090188 */  lw      $t1, 0x0188($s0)           ## 00000188
/* 03058 808C7FD8 3C08808C */  lui     $t0, %hi(func_808C64DC)    ## $t0 = 808C0000
/* 0305C 808C7FDC 250864DC */  addiu   $t0, $t0, %lo(func_808C64DC) ## $t0 = 808C64DC
/* 03060 808C7FE0 1509005E */  bne     $t0, $t1, .L808C815C       
/* 03064 808C7FE4 A60502FC */  sh      $a1, 0x02FC($s0)           ## 000002FC
/* 03068 808C7FE8 240A0064 */  addiu   $t2, $zero, 0x0064         ## $t2 = 00000064
/* 0306C 808C7FEC 1000005B */  beq     $zero, $zero, .L808C815C   
/* 03070 808C7FF0 A60A02EE */  sh      $t2, 0x02EE($s0)           ## 000002EE
.L808C7FF4:
/* 03074 808C7FF4 2401000F */  addiu   $at, $zero, 0x000F         ## $at = 0000000F
.L808C7FF8:
/* 03078 808C7FF8 14410058 */  bne     $v0, $at, .L808C815C       
/* 0307C 808C7FFC 240B000A */  addiu   $t3, $zero, 0x000A         ## $t3 = 0000000A
/* 03080 808C8000 10000056 */  beq     $zero, $zero, .L808C815C   
/* 03084 808C8004 A60B02F8 */  sh      $t3, 0x02F8($s0)           ## 000002F8
.L808C8008:
/* 03088 808C8008 920200B9 */  lbu     $v0, 0x00B9($s0)           ## 000000B9
/* 0308C 808C800C 2401000F */  addiu   $at, $zero, 0x000F         ## $at = 0000000F
/* 03090 808C8010 54410005 */  bnel    $v0, $at, .L808C8028       
/* 03094 808C8014 920D0798 */  lbu     $t5, 0x0798($s0)           ## 00000798
/* 03098 808C8018 860C02F8 */  lh      $t4, 0x02F8($s0)           ## 000002F8
/* 0309C 808C801C 55800050 */  bnel    $t4, $zero, .L808C8160     
/* 030A0 808C8020 8FBF0034 */  lw      $ra, 0x0034($sp)           
/* 030A4 808C8024 920D0798 */  lbu     $t5, 0x0798($s0)           ## 00000798
.L808C8028:
/* 030A8 808C8028 920F0819 */  lbu     $t7, 0x0819($s0)           ## 00000819
/* 030AC 808C802C 24010004 */  addiu   $at, $zero, 0x0004         ## $at = 00000004
/* 030B0 808C8030 31AEFFFE */  andi    $t6, $t5, 0xFFFE           ## $t6 = 00000000
/* 030B4 808C8034 31F8FFFE */  andi    $t8, $t7, 0xFFFE           ## $t8 = 00000000
/* 030B8 808C8038 A200018C */  sb      $zero, 0x018C($s0)         ## 0000018C
/* 030BC 808C803C A20E0798 */  sb      $t6, 0x0798($s0)           ## 00000798
/* 030C0 808C8040 1441001E */  bne     $v0, $at, .L808C80BC       
/* 030C4 808C8044 A2180819 */  sb      $t8, 0x0819($s0)           ## 00000819
/* 030C8 808C8048 860A0830 */  lh      $t2, 0x0830($s0)           ## 00000830
/* 030CC 808C804C 3C014040 */  lui     $at, 0x4040                ## $at = 40400000
/* 030D0 808C8050 44813000 */  mtc1    $at, $f6                   ## $f6 = 3.00
/* 030D4 808C8054 448A8000 */  mtc1    $t2, $f16                  ## $f16 = 0.00
/* 030D8 808C8058 3C01808D */  lui     $at, %hi(D_808C9BC4)       ## $at = 808D0000
/* 030DC 808C805C E606031C */  swc1    $f6, 0x031C($s0)           ## 0000031C
/* 030E0 808C8060 468084A0 */  cvt.s.w $f18, $f16                 
/* 030E4 808C8064 C4289BC4 */  lwc1    $f8, %lo(D_808C9BC4)($at)  
/* 030E8 808C8068 8609082E */  lh      $t1, 0x082E($s0)           ## 0000082E
/* 030EC 808C806C 24190014 */  addiu   $t9, $zero, 0x0014         ## $t9 = 00000014
/* 030F0 808C8070 A219018F */  sb      $t9, 0x018F($s0)           ## 0000018F
/* 030F4 808C8074 E6080314 */  swc1    $f8, 0x0314($s0)           ## 00000314
/* 030F8 808C8078 E7B20010 */  swc1    $f18, 0x0010($sp)          
/* 030FC 808C807C 860B0832 */  lh      $t3, 0x0832($s0)           ## 00000832
/* 03100 808C8080 44895000 */  mtc1    $t1, $f10                  ## $f10 = 0.00
/* 03104 808C8084 8FA50044 */  lw      $a1, 0x0044($sp)           
/* 03108 808C8088 448B2000 */  mtc1    $t3, $f4                   ## $f4 = 0.00
/* 0310C 808C808C 468052A0 */  cvt.s.w $f10, $f10                 
/* 03110 808C8090 240C0004 */  addiu   $t4, $zero, 0x0004         ## $t4 = 00000004
/* 03114 808C8094 AFAC0024 */  sw      $t4, 0x0024($sp)           
/* 03118 808C8098 AFA00020 */  sw      $zero, 0x0020($sp)         
/* 0311C 808C809C AFA0001C */  sw      $zero, 0x001C($sp)         
/* 03120 808C80A0 468021A0 */  cvt.s.w $f6, $f4                   
/* 03124 808C80A4 44075000 */  mfc1    $a3, $f10                  
/* 03128 808C80A8 AFA00018 */  sw      $zero, 0x0018($sp)         
/* 0312C 808C80AC 240600A2 */  addiu   $a2, $zero, 0x00A2         ## $a2 = 000000A2
/* 03130 808C80B0 24A41CA0 */  addiu   $a0, $a1, 0x1CA0           ## $a0 = 00001CB4
/* 03134 808C80B4 0C02EB18 */  jal     func_800BAC60              
/* 03138 808C80B8 E7A60014 */  swc1    $f6, 0x0014($sp)           
.L808C80BC:
/* 0313C 808C80BC 8FAD0044 */  lw      $t5, 0x0044($sp)           
/* 03140 808C80C0 3C0E0001 */  lui     $t6, 0x0001                ## $t6 = 00010000
/* 03144 808C80C4 2401001B */  addiu   $at, $zero, 0x001B         ## $at = 0000001B
/* 03148 808C80C8 01CD7021 */  addu    $t6, $t6, $t5              
/* 0314C 808C80CC 91CE70C7 */  lbu     $t6, 0x70C7($t6)           ## 000170C7
/* 03150 808C80D0 240F001A */  addiu   $t7, $zero, 0x001A         ## $t7 = 0000001A
/* 03154 808C80D4 02002025 */  or      $a0, $s0, $zero            ## $a0 = 00000000
/* 03158 808C80D8 15C10003 */  bne     $t6, $at, .L808C80E8       
/* 0315C 808C80DC 3C010001 */  lui     $at, 0x0001                ## $at = 00010000
/* 03160 808C80E0 002D0821 */  addu    $at, $at, $t5              
/* 03164 808C80E4 A02F70C7 */  sb      $t7, 0x70C7($at)           ## 000170C7
.L808C80E8:
/* 03168 808C80E8 0C02F88B */  jal     func_800BE22C              
/* 0316C 808C80EC A60000BC */  sh      $zero, 0x00BC($s0)         ## 000000BC
/* 03170 808C80F0 1440000A */  bne     $v0, $zero, .L808C811C     
/* 03174 808C80F4 00002025 */  or      $a0, $zero, $zero          ## $a0 = 00000000
/* 03178 808C80F8 8FA40044 */  lw      $a0, 0x0044($sp)           
/* 0317C 808C80FC 0C02EEA2 */  jal     func_800BBA88              
/* 03180 808C8100 02002825 */  or      $a1, $s0, $zero            ## $a1 = 00000000
/* 03184 808C8104 0C068BB6 */  jal     func_801A2ED8              
/* 03188 808C8108 00000000 */  nop
/* 0318C 808C810C 0C231F3F */  jal     func_808C7CFC              
/* 03190 808C8110 02002025 */  or      $a0, $s0, $zero            ## $a0 = 00000000
/* 03194 808C8114 10000012 */  beq     $zero, $zero, .L808C8160   
/* 03198 808C8118 8FBF0034 */  lw      $ra, 0x0034($sp)           
.L808C811C:
/* 0319C 808C811C 02001025 */  or      $v0, $s0, $zero            ## $v0 = 00000000
/* 031A0 808C8120 24050014 */  addiu   $a1, $zero, 0x0014         ## $a1 = 00000014
/* 031A4 808C8124 24030002 */  addiu   $v1, $zero, 0x0002         ## $v1 = 00000002
.L808C8128:
/* 031A8 808C8128 8C5806E4 */  lw      $t8, 0x06E4($v0)           ## 000006E4
/* 031AC 808C812C 24840004 */  addiu   $a0, $a0, 0x0004           ## $a0 = 00000004
/* 031B0 808C8130 24420010 */  addiu   $v0, $v0, 0x0010           ## $v0 = 00000010
/* 031B4 808C8134 A703001C */  sh      $v1, 0x001C($t8)           ## 0000001C
/* 031B8 808C8138 8C5906D8 */  lw      $t9, 0x06D8($v0)           ## 000006E8
/* 031BC 808C813C A723001C */  sh      $v1, 0x001C($t9)           ## 0000001C
/* 031C0 808C8140 8C4806DC */  lw      $t0, 0x06DC($v0)           ## 000006EC
/* 031C4 808C8144 A503001C */  sh      $v1, 0x001C($t0)           ## 0000001C
/* 031C8 808C8148 8C4906E0 */  lw      $t1, 0x06E0($v0)           ## 000006F0
/* 031CC 808C814C 1485FFF6 */  bne     $a0, $a1, .L808C8128       
/* 031D0 808C8150 A523001C */  sh      $v1, 0x001C($t1)           ## 0000001C
/* 031D4 808C8154 0C231B17 */  jal     func_808C6C5C              
/* 031D8 808C8158 02002025 */  or      $a0, $s0, $zero            ## $a0 = 00000000
.L808C815C:
/* 031DC 808C815C 8FBF0034 */  lw      $ra, 0x0034($sp)           
.L808C8160:
/* 031E0 808C8160 8FB00030 */  lw      $s0, 0x0030($sp)           
/* 031E4 808C8164 27BD0040 */  addiu   $sp, $sp, 0x0040           ## $sp = 00000000
/* 031E8 808C8168 03E00008 */  jr      $ra                        
/* 031EC 808C816C 00000000 */  nop


glabel func_808C8170
/* 031F0 808C8170 27BDFFC0 */  addiu   $sp, $sp, 0xFFC0           ## $sp = FFFFFFC0
/* 031F4 808C8174 AFB10020 */  sw      $s1, 0x0020($sp)           
/* 031F8 808C8178 AFB0001C */  sw      $s0, 0x001C($sp)           
/* 031FC 808C817C 00808025 */  or      $s0, $a0, $zero            ## $s0 = 00000000
/* 03200 808C8180 00A08825 */  or      $s1, $a1, $zero            ## $s1 = 00000000
/* 03204 808C8184 AFBF0024 */  sw      $ra, 0x0024($sp)           
/* 03208 808C8188 860202FC */  lh      $v0, 0x02FC($s0)           ## 000002FC
/* 0320C 808C818C 18400012 */  blez    $v0, .L808C81D8            
/* 03210 808C8190 244EFFFF */  addiu   $t6, $v0, 0xFFFF           ## $t6 = FFFFFFFF
/* 03214 808C8194 A60E02FC */  sh      $t6, 0x02FC($s0)           ## 000002FC
/* 03218 808C8198 02202025 */  or      $a0, $s1, $zero            ## $a0 = 00000000
/* 0321C 808C819C 00002825 */  or      $a1, $zero, $zero          ## $a1 = 00000000
/* 03220 808C81A0 24060007 */  addiu   $a2, $zero, 0x0007         ## $a2 = 00000007
/* 03224 808C81A4 0C04F658 */  jal     func_8013D960              
/* 03228 808C81A8 2407007F */  addiu   $a3, $zero, 0x007F         ## $a3 = 0000007F
/* 0322C 808C81AC 10400004 */  beq     $v0, $zero, .L808C81C0     
/* 03230 808C81B0 3C01C2C8 */  lui     $at, 0xC2C8                ## $at = C2C80000
/* 03234 808C81B4 44812000 */  mtc1    $at, $f4                   ## $f4 = -100.00
/* 03238 808C81B8 00000000 */  nop
/* 0323C 808C81BC E444015C */  swc1    $f4, 0x015C($v0)           ## 0000015C
.L808C81C0:
/* 03240 808C81C0 860F02FC */  lh      $t7, 0x02FC($s0)           ## 000002FC
/* 03244 808C81C4 3C010001 */  lui     $at, 0x0001                ## $at = 00010000
/* 03248 808C81C8 00310821 */  addu    $at, $at, $s1              
/* 0324C 808C81CC 15E00002 */  bne     $t7, $zero, .L808C81D8     
/* 03250 808C81D0 2418001A */  addiu   $t8, $zero, 0x001A         ## $t8 = 0000001A
/* 03254 808C81D4 A03870C7 */  sb      $t8, 0x70C7($at)           ## 000170C7
.L808C81D8:
/* 03258 808C81D8 02002025 */  or      $a0, $s0, $zero            ## $a0 = 00000000
/* 0325C 808C81DC 0C231FB7 */  jal     func_808C7EDC              
/* 03260 808C81E0 02202825 */  or      $a1, $s1, $zero            ## $a1 = 00000000
/* 03264 808C81E4 02002025 */  or      $a0, $s0, $zero            ## $a0 = 00000000
/* 03268 808C81E8 0C231F89 */  jal     func_808C7E24              
/* 0326C 808C81EC 02202825 */  or      $a1, $s1, $zero            ## $a1 = 00000000
/* 03270 808C81F0 3C19808C */  lui     $t9, %hi(func_808C6AB0)    ## $t9 = 808C0000
/* 03274 808C81F4 27396AB0 */  addiu   $t9, $t9, %lo(func_808C6AB0) ## $t9 = 808C6AB0
/* 03278 808C81F8 AFB9002C */  sw      $t9, 0x002C($sp)           
/* 0327C 808C81FC 8E030188 */  lw      $v1, 0x0188($s0)           ## 00000188
/* 03280 808C8200 13230009 */  beq     $t9, $v1, .L808C8228       
/* 03284 808C8204 260402F2 */  addiu   $a0, $s0, 0x02F2           ## $a0 = 000002F2
/* 03288 808C8208 00002825 */  or      $a1, $zero, $zero          ## $a1 = 00000000
/* 0328C 808C820C 0C03FB9C */  jal     func_800FEE70              
/* 03290 808C8210 24060800 */  addiu   $a2, $zero, 0x0800         ## $a2 = 00000800
/* 03294 808C8214 260402F4 */  addiu   $a0, $s0, 0x02F4           ## $a0 = 000002F4
/* 03298 808C8218 00002825 */  or      $a1, $zero, $zero          ## $a1 = 00000000
/* 0329C 808C821C 0C03FB9C */  jal     func_800FEE70              
/* 032A0 808C8220 24060800 */  addiu   $a2, $zero, 0x0800         ## $a2 = 00000800
/* 032A4 808C8224 8E030188 */  lw      $v1, 0x0188($s0)           ## 00000188
.L808C8228:
/* 032A8 808C8228 02002025 */  or      $a0, $s0, $zero            ## $a0 = 00000000
/* 032AC 808C822C 0060F809 */  jalr    $ra, $v1                   
/* 032B0 808C8230 02202825 */  or      $a1, $s1, $zero            ## $a1 = 00000000
/* 032B4 808C8234 8E090188 */  lw      $t1, 0x0188($s0)           ## 00000188
/* 032B8 808C8238 3C08808C */  lui     $t0, %hi(func_808C6CDC)    ## $t0 = 808C0000
/* 032BC 808C823C 25086CDC */  addiu   $t0, $t0, %lo(func_808C6CDC) ## $t0 = 808C6CDC
/* 032C0 808C8240 11090003 */  beq     $t0, $t1, .L808C8250       
/* 032C4 808C8244 00000000 */  nop
/* 032C8 808C8248 860A00BE */  lh      $t2, 0x00BE($s0)           ## 000000BE
/* 032CC 808C824C A60A0032 */  sh      $t2, 0x0032($s0)           ## 00000032
.L808C8250:
/* 032D0 808C8250 0C02DAA2 */  jal     func_800B6A88              
/* 032D4 808C8254 02002025 */  or      $a0, $s0, $zero            ## $a0 = 00000000
/* 032D8 808C8258 8FAB002C */  lw      $t3, 0x002C($sp)           
/* 032DC 808C825C 8E0C0188 */  lw      $t4, 0x0188($s0)           ## 00000188
/* 032E0 808C8260 02202025 */  or      $a0, $s1, $zero            ## $a0 = 00000000
/* 032E4 808C8264 02002825 */  or      $a1, $s0, $zero            ## $a1 = 00000000
/* 032E8 808C8268 156C0005 */  bne     $t3, $t4, .L808C8280       
/* 032EC 808C826C 240D0007 */  addiu   $t5, $zero, 0x0007         ## $t5 = 00000007
/* 032F0 808C8270 3C014248 */  lui     $at, 0x4248                ## $at = 42480000
/* 032F4 808C8274 44810000 */  mtc1    $at, $f0                   ## $f0 = 50.00
/* 032F8 808C8278 10000005 */  beq     $zero, $zero, .L808C8290   
/* 032FC 808C827C 3C014220 */  lui     $at, 0x4220                ## $at = 42200000
.L808C8280:
/* 03300 808C8280 3C0142C8 */  lui     $at, 0x42C8                ## $at = 42C80000
/* 03304 808C8284 44810000 */  mtc1    $at, $f0                   ## $f0 = 100.00
/* 03308 808C8288 00000000 */  nop
/* 0330C 808C828C 3C014220 */  lui     $at, 0x4220                ## $at = 42200000
.L808C8290:
/* 03310 808C8290 44811000 */  mtc1    $at, $f2                   ## $f2 = 40.00
/* 03314 808C8294 44070000 */  mfc1    $a3, $f0                   
/* 03318 808C8298 AFAD0014 */  sw      $t5, 0x0014($sp)           
/* 0331C 808C829C 44061000 */  mfc1    $a2, $f2                   
/* 03320 808C82A0 0C02DE2E */  jal     func_800B78B8              
/* 03324 808C82A4 E7A20010 */  swc1    $f2, 0x0010($sp)           
/* 03328 808C82A8 0C03FB61 */  jal     func_800FED84              
/* 0332C 808C82AC 860400BE */  lh      $a0, 0x00BE($s0)           ## 000000BE
/* 03330 808C82B0 3C014040 */  lui     $at, 0x4040                ## $at = 40400000
/* 03334 808C82B4 44813000 */  mtc1    $at, $f6                   ## $f6 = 3.00
/* 03338 808C82B8 C60A0024 */  lwc1    $f10, 0x0024($s0)          ## 00000024
/* 0333C 808C82BC 860400BE */  lh      $a0, 0x00BE($s0)           ## 000000BE
/* 03340 808C82C0 46060202 */  mul.s   $f8, $f0, $f6              
/* 03344 808C82C4 460A4400 */  add.s   $f16, $f8, $f10            
/* 03348 808C82C8 4600848D */  trunc.w.s $f18, $f16                 
/* 0334C 808C82CC 440F9000 */  mfc1    $t7, $f18                  
/* 03350 808C82D0 0C03FB51 */  jal     func_800FED44              
/* 03354 808C82D4 A60F0782 */  sh      $t7, 0x0782($s0)           ## 00000782
/* 03358 808C82D8 3C014040 */  lui     $at, 0x4040                ## $at = 40400000
/* 0335C 808C82DC 44812000 */  mtc1    $at, $f4                   ## $f4 = 3.00
/* 03360 808C82E0 C608002C */  lwc1    $f8, 0x002C($s0)           ## 0000002C
/* 03364 808C82E4 C6120028 */  lwc1    $f18, 0x0028($s0)          ## 00000028
/* 03368 808C82E8 46040182 */  mul.s   $f6, $f0, $f4              
/* 0336C 808C82EC 860A001C */  lh      $t2, 0x001C($s0)           ## 0000001C
/* 03370 808C82F0 02202025 */  or      $a0, $s1, $zero            ## $a0 = 00000000
/* 03374 808C82F4 2606073C */  addiu   $a2, $s0, 0x073C           ## $a2 = 0000073C
/* 03378 808C82F8 29410005 */  slti    $at, $t2, 0x0005           
/* 0337C 808C82FC 4600910D */  trunc.w.s $f4, $f18                  
/* 03380 808C8300 46083280 */  add.s   $f10, $f6, $f8             
/* 03384 808C8304 44092000 */  mfc1    $t1, $f4                   
/* 03388 808C8308 4600540D */  trunc.w.s $f16, $f10                 
/* 0338C 808C830C A6090784 */  sh      $t1, 0x0784($s0)           ## 00000784
/* 03390 808C8310 44198000 */  mfc1    $t9, $f16                  
/* 03394 808C8314 10200005 */  beq     $at, $zero, .L808C832C     
/* 03398 808C8318 A6190786 */  sh      $t9, 0x0786($s0)           ## 00000786
/* 0339C 808C831C 860B084E */  lh      $t3, 0x084E($s0)           ## 0000084E
/* 033A0 808C8320 256C0005 */  addiu   $t4, $t3, 0x0005           ## $t4 = 00000005
/* 033A4 808C8324 10000003 */  beq     $zero, $zero, .L808C8334   
/* 033A8 808C8328 A60C0856 */  sh      $t4, 0x0856($s0)           ## 00000856
.L808C832C:
/* 033AC 808C832C 860D084E */  lh      $t5, 0x084E($s0)           ## 0000084E
/* 033B0 808C8330 A60D0856 */  sh      $t5, 0x0856($s0)           ## 00000856
.L808C8334:
/* 033B4 808C8334 8E0F0188 */  lw      $t7, 0x0188($s0)           ## 00000188
/* 033B8 808C8338 3C0E808C */  lui     $t6, %hi(func_808C7AAC)    ## $t6 = 808C0000
/* 033BC 808C833C 25CE7AAC */  addiu   $t6, $t6, %lo(func_808C7AAC) ## $t6 = 808C7AAC
/* 033C0 808C8340 11CF0004 */  beq     $t6, $t7, .L808C8354       
/* 033C4 808C8344 3C010001 */  lui     $at, 0x0001                ## $at = 00010000
/* 033C8 808C8348 34218884 */  ori     $at, $at, 0x8884           ## $at = 00018884
/* 033CC 808C834C 0C038A4A */  jal     func_800E2928              
/* 033D0 808C8350 02212821 */  addu    $a1, $s1, $at              
.L808C8354:
/* 033D4 808C8354 92180819 */  lbu     $t8, 0x0819($s0)           ## 00000819
/* 033D8 808C8358 3C010001 */  lui     $at, 0x0001                ## $at = 00010000
/* 033DC 808C835C 34218884 */  ori     $at, $at, 0x8884           ## $at = 00018884
/* 033E0 808C8360 33190001 */  andi    $t9, $t8, 0x0001           ## $t9 = 00000000
/* 033E4 808C8364 13200004 */  beq     $t9, $zero, .L808C8378     
/* 033E8 808C8368 02202025 */  or      $a0, $s1, $zero            ## $a0 = 00000000
/* 033EC 808C836C 02212821 */  addu    $a1, $s1, $at              
/* 033F0 808C8370 0C0389D0 */  jal     func_800E2740              
/* 033F4 808C8374 26060808 */  addiu   $a2, $s0, 0x0808           ## $a2 = 00000808
.L808C8378:
/* 033F8 808C8378 92080798 */  lbu     $t0, 0x0798($s0)           ## 00000798
/* 033FC 808C837C 3C010001 */  lui     $at, 0x0001                ## $at = 00010000
/* 03400 808C8380 34218884 */  ori     $at, $at, 0x8884           ## $at = 00018884
/* 03404 808C8384 31090001 */  andi    $t1, $t0, 0x0001           ## $t1 = 00000000
/* 03408 808C8388 11200004 */  beq     $t1, $zero, .L808C839C     
/* 0340C 808C838C 02202025 */  or      $a0, $s1, $zero            ## $a0 = 00000000
/* 03410 808C8390 02212821 */  addu    $a1, $s1, $at              
/* 03414 808C8394 0C038956 */  jal     func_800E2558              
/* 03418 808C8398 26060788 */  addiu   $a2, $s0, 0x0788           ## $a2 = 00000788
.L808C839C:
/* 0341C 808C839C 8E030188 */  lw      $v1, 0x0188($s0)           ## 00000188
/* 03420 808C83A0 3C0A808C */  lui     $t2, %hi(func_808C692C)    ## $t2 = 808C0000
/* 03424 808C83A4 254A692C */  addiu   $t2, $t2, %lo(func_808C692C) ## $t2 = 808C692C
/* 03428 808C83A8 11430002 */  beq     $t2, $v1, .L808C83B4       
/* 0342C 808C83AC 8FAB002C */  lw      $t3, 0x002C($sp)           
/* 03430 808C83B0 1563000C */  bne     $t3, $v1, .L808C83E4       
.L808C83B4:
/* 03434 808C83B4 3C010001 */  lui     $at, 0x0001                ## $at = 00010000
/* 03438 808C83B8 34218884 */  ori     $at, $at, 0x8884           ## $at = 00018884
/* 0343C 808C83BC 02212821 */  addu    $a1, $s1, $at              
/* 03440 808C83C0 26060860 */  addiu   $a2, $s0, 0x0860           ## $a2 = 00000860
/* 03444 808C83C4 AFA60028 */  sw      $a2, 0x0028($sp)           
/* 03448 808C83C8 AFA5002C */  sw      $a1, 0x002C($sp)           
/* 0344C 808C83CC 0C038956 */  jal     func_800E2558              
/* 03450 808C83D0 02202025 */  or      $a0, $s1, $zero            ## $a0 = 00000000
/* 03454 808C83D4 8FA5002C */  lw      $a1, 0x002C($sp)           
/* 03458 808C83D8 8FA60028 */  lw      $a2, 0x0028($sp)           
/* 0345C 808C83DC 0C0389D0 */  jal     func_800E2740              
/* 03460 808C83E0 02202025 */  or      $a0, $s1, $zero            ## $a0 = 00000000
.L808C83E4:
/* 03464 808C83E4 44800000 */  mtc1    $zero, $f0                 ## $f0 = 0.00
/* 03468 808C83E8 C606031C */  lwc1    $f6, 0x031C($s0)           ## 0000031C
/* 0346C 808C83EC 4606003C */  c.lt.s  $f0, $f6                   
/* 03470 808C83F0 00000000 */  nop
/* 03474 808C83F4 45020027 */  bc1fl   .L808C8494                 
/* 03478 808C83F8 8FBF0024 */  lw      $ra, 0x0024($sp)           
/* 0347C 808C83FC 920C018F */  lbu     $t4, 0x018F($s0)           ## 0000018F
/* 03480 808C8400 2401000A */  addiu   $at, $zero, 0x000A         ## $at = 0000000A
/* 03484 808C8404 2604031C */  addiu   $a0, $s0, 0x031C           ## $a0 = 0000031C
/* 03488 808C8408 11810016 */  beq     $t4, $at, .L808C8464       
/* 0348C 808C840C 3C063D4C */  lui     $a2, 0x3D4C                ## $a2 = 3D4C0000
/* 03490 808C8410 44050000 */  mfc1    $a1, $f0                   
/* 03494 808C8414 0C03FC0F */  jal     func_800FF03C              
/* 03498 808C8418 34C6CCCD */  ori     $a2, $a2, 0xCCCD           ## $a2 = 3D4CCCCD
/* 0349C 808C841C 3C01808D */  lui     $at, %hi(D_808C9BC8)       ## $at = 808D0000
/* 034A0 808C8420 C4229BC8 */  lwc1    $f2, %lo(D_808C9BC8)($at)  
/* 034A4 808C8424 3C013F80 */  lui     $at, 0x3F80                ## $at = 3F800000
/* 034A8 808C8428 44815000 */  mtc1    $at, $f10                  ## $f10 = 1.00
/* 034AC 808C842C C608031C */  lwc1    $f8, 0x031C($s0)           ## 0000031C
/* 034B0 808C8430 3C01808D */  lui     $at, %hi(D_808C9BCC)       ## $at = 808D0000
/* 034B4 808C8434 C4329BCC */  lwc1    $f18, %lo(D_808C9BCC)($at) 
/* 034B8 808C8438 460A4400 */  add.s   $f16, $f8, $f10            
/* 034BC 808C843C 46128002 */  mul.s   $f0, $f16, $f18            
/* 034C0 808C8440 4600103C */  c.lt.s  $f2, $f0                   
/* 034C4 808C8444 E6000314 */  swc1    $f0, 0x0314($s0)           ## 00000314
/* 034C8 808C8448 45020004 */  bc1fl   .L808C845C                 
/* 034CC 808C844C C6040314 */  lwc1    $f4, 0x0314($s0)           ## 00000314
/* 034D0 808C8450 1000000F */  beq     $zero, $zero, .L808C8490   
/* 034D4 808C8454 E6020314 */  swc1    $f2, 0x0314($s0)           ## 00000314
/* 034D8 808C8458 C6040314 */  lwc1    $f4, 0x0314($s0)           ## 00000314
.L808C845C:
/* 034DC 808C845C 1000000C */  beq     $zero, $zero, .L808C8490   
/* 034E0 808C8460 E6040314 */  swc1    $f4, 0x0314($s0)           ## 00000314
.L808C8464:
/* 034E4 808C8464 3C01808D */  lui     $at, %hi(D_808C9BD0)       ## $at = 808D0000
/* 034E8 808C8468 C4229BD0 */  lwc1    $f2, %lo(D_808C9BD0)($at)  
/* 034EC 808C846C 3C063CA3 */  lui     $a2, 0x3CA3                ## $a2 = 3CA30000
/* 034F0 808C8470 34C6D70A */  ori     $a2, $a2, 0xD70A           ## $a2 = 3CA3D70A
/* 034F4 808C8474 44051000 */  mfc1    $a1, $f2                   
/* 034F8 808C8478 0C03FC0F */  jal     func_800FF03C              
/* 034FC 808C847C 26040318 */  addiu   $a0, $s0, 0x0318           ## $a0 = 00000318
/* 03500 808C8480 14400003 */  bne     $v0, $zero, .L808C8490     
/* 03504 808C8484 02002025 */  or      $a0, $s0, $zero            ## $a0 = 00000000
/* 03508 808C8488 0C02E404 */  jal     func_800B9010              
/* 0350C 808C848C 240520B2 */  addiu   $a1, $zero, 0x20B2         ## $a1 = 000020B2
.L808C8490:
/* 03510 808C8490 8FBF0024 */  lw      $ra, 0x0024($sp)           
.L808C8494:
/* 03514 808C8494 8FB0001C */  lw      $s0, 0x001C($sp)           
/* 03518 808C8498 8FB10020 */  lw      $s1, 0x0020($sp)           
/* 0351C 808C849C 03E00008 */  jr      $ra                        
/* 03520 808C84A0 27BD0040 */  addiu   $sp, $sp, 0x0040           ## $sp = 00000000


glabel func_808C84A4
/* 03524 808C84A4 27BDFF68 */  addiu   $sp, $sp, 0xFF68           ## $sp = FFFFFF68
/* 03528 808C84A8 AFBE0050 */  sw      $s8, 0x0050($sp)           
/* 0352C 808C84AC AFB7004C */  sw      $s7, 0x004C($sp)           
/* 03530 808C84B0 00A0B825 */  or      $s7, $a1, $zero            ## $s7 = 00000000
/* 03534 808C84B4 0080F025 */  or      $s8, $a0, $zero            ## $s8 = 00000000
/* 03538 808C84B8 AFBF0054 */  sw      $ra, 0x0054($sp)           
/* 0353C 808C84BC AFB60048 */  sw      $s6, 0x0048($sp)           
/* 03540 808C84C0 AFB50044 */  sw      $s5, 0x0044($sp)           
/* 03544 808C84C4 AFB40040 */  sw      $s4, 0x0040($sp)           
/* 03548 808C84C8 AFB3003C */  sw      $s3, 0x003C($sp)           
/* 0354C 808C84CC AFB20038 */  sw      $s2, 0x0038($sp)           
/* 03550 808C84D0 AFB10034 */  sw      $s1, 0x0034($sp)           
/* 03554 808C84D4 AFB00030 */  sw      $s0, 0x0030($sp)           
/* 03558 808C84D8 F7B80028 */  sdc1    $f24, 0x0028($sp)          
/* 0355C 808C84DC F7B60020 */  sdc1    $f22, 0x0020($sp)          
/* 03560 808C84E0 F7B40018 */  sdc1    $f20, 0x0018($sp)          
/* 03564 808C84E4 03C02025 */  or      $a0, $s8, $zero            ## $a0 = 00000000
/* 03568 808C84E8 02E02825 */  or      $a1, $s7, $zero            ## $a1 = 00000000
/* 0356C 808C84EC 0C02E046 */  jal     func_800B8118              
/* 03570 808C84F0 00003025 */  or      $a2, $zero, $zero          ## $a2 = 00000000
/* 03574 808C84F4 02E02025 */  or      $a0, $s7, $zero            ## $a0 = 00000000
/* 03578 808C84F8 24050001 */  addiu   $a1, $zero, 0x0001         ## $a1 = 00000001
/* 0357C 808C84FC 0C04C77C */  jal     func_80131DF0              
/* 03580 808C8500 24060002 */  addiu   $a2, $zero, 0x0002         ## $a2 = 00000002
/* 03584 808C8504 8EEE0000 */  lw      $t6, 0x0000($s7)           ## 00000000
/* 03588 808C8508 24120001 */  addiu   $s2, $zero, 0x0001         ## $s2 = 00000001
/* 0358C 808C850C 241300DC */  addiu   $s3, $zero, 0x00DC         ## $s3 = 000000DC
/* 03590 808C8510 AFAE0088 */  sw      $t6, 0x0088($sp)           
/* 03594 808C8514 83D80190 */  lb      $t8, 0x0190($s8)           ## 00000190
/* 03598 808C8518 27D906A4 */  addiu   $t9, $s8, 0x06A4           ## $t9 = 000006A4
/* 0359C 808C851C 24142100 */  addiu   $s4, $zero, 0x2100         ## $s4 = 00002100
/* 035A0 808C8520 2B010002 */  slti    $at, $t8, 0x0002           
/* 035A4 808C8524 14200049 */  bne     $at, $zero, .L808C864C     
/* 035A8 808C8528 8DD002C0 */  lw      $s0, 0x02C0($t6)           ## 000002C0
/* 035AC 808C852C 3C01808D */  lui     $at, %hi(D_808C9BD4)       ## $at = 808D0000
/* 035B0 808C8530 C4389BD4 */  lwc1    $f24, %lo(D_808C9BD4)($at) 
/* 035B4 808C8534 3C080600 */  lui     $t0, 0x0600                ## $t0 = 06000000
/* 035B8 808C8538 3C090600 */  lui     $t1, 0x0600                ## $t1 = 06000000
/* 035BC 808C853C 252973D0 */  addiu   $t1, $t1, 0x73D0           ## $t1 = 060073D0
/* 035C0 808C8540 25086F88 */  addiu   $t0, $t0, 0x6F88           ## $t0 = 06006F88
/* 035C4 808C8544 3C01808D */  lui     $at, %hi(D_808C9BD8)       ## $at = 808D0000
/* 035C8 808C8548 3C15DA38 */  lui     $s5, 0xDA38                ## $s5 = DA380000
/* 035CC 808C854C 4480A000 */  mtc1    $zero, $f20                ## $f20 = 0.00
/* 035D0 808C8550 36B50003 */  ori     $s5, $s5, 0x0003           ## $s5 = DA380003
/* 035D4 808C8554 C4369BD8 */  lwc1    $f22, %lo(D_808C9BD8)($at) 
/* 035D8 808C8558 AFA8005C */  sw      $t0, 0x005C($sp)           
/* 035DC 808C855C AFA90058 */  sw      $t1, 0x0058($sp)           
/* 035E0 808C8560 AFB90064 */  sw      $t9, 0x0064($sp)           
/* 035E4 808C8564 3C16DE00 */  lui     $s6, 0xDE00                ## $s6 = DE000000
.L808C8568:
/* 035E8 808C8568 02001025 */  or      $v0, $s0, $zero            ## $v0 = 00000000
/* 035EC 808C856C 3C0AE700 */  lui     $t2, 0xE700                ## $t2 = E7000000
/* 035F0 808C8570 AC4A0000 */  sw      $t2, 0x0000($v0)           ## 00000000
/* 035F4 808C8574 AC400004 */  sw      $zero, 0x0004($v0)         ## 00000004
/* 035F8 808C8578 26100008 */  addiu   $s0, $s0, 0x0008           ## $s0 = 00000008
/* 035FC 808C857C 02001025 */  or      $v0, $s0, $zero            ## $v0 = 00000008
/* 03600 808C8580 326C00FF */  andi    $t4, $s3, 0x00FF           ## $t4 = 000000DC
/* 03604 808C8584 3C011E1E */  lui     $at, 0x1E1E                ## $at = 1E1E0000
/* 03608 808C8588 01816825 */  or      $t5, $t4, $at              ## $t5 = 1E1E00DC
/* 0360C 808C858C 3C0BFB00 */  lui     $t3, 0xFB00                ## $t3 = FB000000
/* 03610 808C8590 AC4B0000 */  sw      $t3, 0x0000($v0)           ## 00000008
/* 03614 808C8594 AC4D0004 */  sw      $t5, 0x0004($v0)           ## 0000000C
/* 03618 808C8598 26100008 */  addiu   $s0, $s0, 0x0008           ## $s0 = 00000010
/* 0361C 808C859C 0C060083 */  jal     func_8018020C              
/* 03620 808C85A0 8FA40064 */  lw      $a0, 0x0064($sp)           
/* 03624 808C85A4 00142400 */  sll     $a0, $s4, 16               
/* 03628 808C85A8 00042403 */  sra     $a0, $a0, 16               
/* 0362C 808C85AC 0C06011E */  jal     func_80180478              
/* 03630 808C85B0 24050001 */  addiu   $a1, $zero, 0x0001         ## $a1 = 00000001
/* 03634 808C85B4 02008825 */  or      $s1, $s0, $zero            ## $s1 = 00000010
/* 03638 808C85B8 AE350000 */  sw      $s5, 0x0000($s1)           ## 00000010
/* 0363C 808C85BC 8EE40000 */  lw      $a0, 0x0000($s7)           ## 00000000
/* 03640 808C85C0 0C060690 */  jal     func_80181A40              
/* 03644 808C85C4 26100008 */  addiu   $s0, $s0, 0x0008           ## $s0 = 00000018
/* 03648 808C85C8 AE220004 */  sw      $v0, 0x0004($s1)           ## 00000014
/* 0364C 808C85CC 02001025 */  or      $v0, $s0, $zero            ## $v0 = 00000018
/* 03650 808C85D0 AC560000 */  sw      $s6, 0x0000($v0)           ## 00000018
/* 03654 808C85D4 8FAE005C */  lw      $t6, 0x005C($sp)           
/* 03658 808C85D8 26100008 */  addiu   $s0, $s0, 0x0008           ## $s0 = 00000020
/* 0365C 808C85DC 4600A306 */  mov.s   $f12, $f20                 
/* 03660 808C85E0 AC4E0004 */  sw      $t6, 0x0004($v0)           ## 0000001C
/* 03664 808C85E4 4406C000 */  mfc1    $a2, $f24                  
/* 03668 808C85E8 4600B386 */  mov.s   $f14, $f22                 
/* 0366C 808C85EC 0C0600A7 */  jal     func_8018029C              
/* 03670 808C85F0 24070001 */  addiu   $a3, $zero, 0x0001         ## $a3 = 00000001
/* 03674 808C85F4 2404C000 */  addiu   $a0, $zero, 0xC000         ## $a0 = FFFFC000
/* 03678 808C85F8 00002825 */  or      $a1, $zero, $zero          ## $a1 = 00000000
/* 0367C 808C85FC 2406C000 */  addiu   $a2, $zero, 0xC000         ## $a2 = FFFFC000
/* 03680 808C8600 0C06040F */  jal     func_8018103C              
/* 03684 808C8604 24070001 */  addiu   $a3, $zero, 0x0001         ## $a3 = 00000001
/* 03688 808C8608 02008825 */  or      $s1, $s0, $zero            ## $s1 = 00000020
/* 0368C 808C860C AE350000 */  sw      $s5, 0x0000($s1)           ## 00000020
/* 03690 808C8610 8EE40000 */  lw      $a0, 0x0000($s7)           ## 00000000
/* 03694 808C8614 0C060690 */  jal     func_80181A40              
/* 03698 808C8618 26100008 */  addiu   $s0, $s0, 0x0008           ## $s0 = 00000028
/* 0369C 808C861C AE220004 */  sw      $v0, 0x0004($s1)           ## 00000024
/* 036A0 808C8620 02001025 */  or      $v0, $s0, $zero            ## $v0 = 00000028
/* 036A4 808C8624 AC560000 */  sw      $s6, 0x0000($v0)           ## 00000028
/* 036A8 808C8628 8FAF0058 */  lw      $t7, 0x0058($sp)           
/* 036AC 808C862C 26100008 */  addiu   $s0, $s0, 0x0008           ## $s0 = 00000030
/* 036B0 808C8630 AC4F0004 */  sw      $t7, 0x0004($v0)           ## 0000002C
/* 036B4 808C8634 83D80190 */  lb      $t8, 0x0190($s8)           ## 00000190
/* 036B8 808C8638 26520001 */  addiu   $s2, $s2, 0x0001           ## $s2 = 00000002
/* 036BC 808C863C 2673FFDD */  addiu   $s3, $s3, 0xFFDD           ## $s3 = 000000B9
/* 036C0 808C8640 0258082A */  slt     $at, $s2, $t8              
/* 036C4 808C8644 1420FFC8 */  bne     $at, $zero, .L808C8568     
/* 036C8 808C8648 26942100 */  addiu   $s4, $s4, 0x2100           ## $s4 = 00004200
.L808C864C:
/* 036CC 808C864C 8FB90088 */  lw      $t9, 0x0088($sp)           
/* 036D0 808C8650 AF3002C0 */  sw      $s0, 0x02C0($t9)           ## 000002C0
/* 036D4 808C8654 8FBF0054 */  lw      $ra, 0x0054($sp)           
/* 036D8 808C8658 D7B40018 */  ldc1    $f20, 0x0018($sp)          
/* 036DC 808C865C D7B60020 */  ldc1    $f22, 0x0020($sp)          
/* 036E0 808C8660 D7B80028 */  ldc1    $f24, 0x0028($sp)          
/* 036E4 808C8664 8FB00030 */  lw      $s0, 0x0030($sp)           
/* 036E8 808C8668 8FB10034 */  lw      $s1, 0x0034($sp)           
/* 036EC 808C866C 8FB20038 */  lw      $s2, 0x0038($sp)           
/* 036F0 808C8670 8FB3003C */  lw      $s3, 0x003C($sp)           
/* 036F4 808C8674 8FB40040 */  lw      $s4, 0x0040($sp)           
/* 036F8 808C8678 8FB50044 */  lw      $s5, 0x0044($sp)           
/* 036FC 808C867C 8FB60048 */  lw      $s6, 0x0048($sp)           
/* 03700 808C8680 8FB7004C */  lw      $s7, 0x004C($sp)           
/* 03704 808C8684 8FBE0050 */  lw      $s8, 0x0050($sp)           
/* 03708 808C8688 03E00008 */  jr      $ra                        
/* 0370C 808C868C 27BD0098 */  addiu   $sp, $sp, 0x0098           ## $sp = 00000000


glabel func_808C8690
/* 03710 808C8690 27BDFFB0 */  addiu   $sp, $sp, 0xFFB0           ## $sp = FFFFFFB0
/* 03714 808C8694 AFB10018 */  sw      $s1, 0x0018($sp)           
/* 03718 808C8698 00808825 */  or      $s1, $a0, $zero            ## $s1 = 00000000
/* 0371C 808C869C AFBF001C */  sw      $ra, 0x001C($sp)           
/* 03720 808C86A0 AFB00014 */  sw      $s0, 0x0014($sp)           
/* 03724 808C86A4 AFA50054 */  sw      $a1, 0x0054($sp)           
/* 03728 808C86A8 3C0E808C */  lui     $t6, %hi(func_808C7AAC)    ## $t6 = 808C0000
/* 0372C 808C86AC 25CE7AAC */  addiu   $t6, $t6, %lo(func_808C7AAC) ## $t6 = 808C7AAC
/* 03730 808C86B0 AFAE0024 */  sw      $t6, 0x0024($sp)           
/* 03734 808C86B4 8E220188 */  lw      $v0, 0x0188($s1)           ## 00000188
/* 03738 808C86B8 15C20009 */  bne     $t6, $v0, .L808C86E0       
/* 0373C 808C86BC 02202025 */  or      $a0, $s1, $zero            ## $a0 = 00000000
/* 03740 808C86C0 8FA50054 */  lw      $a1, 0x0054($sp)           
/* 03744 808C86C4 0C02E046 */  jal     func_800B8118              
/* 03748 808C86C8 00003025 */  or      $a2, $zero, $zero          ## $a2 = 00000000
/* 0374C 808C86CC 8FA40054 */  lw      $a0, 0x0054($sp)           
/* 03750 808C86D0 24050001 */  addiu   $a1, $zero, 0x0001         ## $a1 = 00000001
/* 03754 808C86D4 0C04C77C */  jal     func_80131DF0              
/* 03758 808C86D8 24060002 */  addiu   $a2, $zero, 0x0002         ## $a2 = 00000002
/* 0375C 808C86DC 8E220188 */  lw      $v0, 0x0188($s1)           ## 00000188
.L808C86E0:
/* 03760 808C86E0 8FB80024 */  lw      $t8, 0x0024($sp)           
/* 03764 808C86E4 8FAF0054 */  lw      $t7, 0x0054($sp)           
/* 03768 808C86E8 262406A4 */  addiu   $a0, $s1, 0x06A4           ## $a0 = 000006A4
/* 0376C 808C86EC 17020012 */  bne     $t8, $v0, .L808C8738       
/* 03770 808C86F0 8DE30000 */  lw      $v1, 0x0000($t7)           ## 00000000
/* 03774 808C86F4 8C7002C0 */  lw      $s0, 0x02C0($v1)           ## 000002C0
/* 03778 808C86F8 02001025 */  or      $v0, $s0, $zero            ## $v0 = 00000000
/* 0377C 808C86FC 3C19E700 */  lui     $t9, 0xE700                ## $t9 = E7000000
/* 03780 808C8700 AC590000 */  sw      $t9, 0x0000($v0)           ## 00000000
/* 03784 808C8704 AC400004 */  sw      $zero, 0x0004($v0)         ## 00000004
/* 03788 808C8708 26100008 */  addiu   $s0, $s0, 0x0008           ## $s0 = 00000008
/* 0378C 808C870C 02001025 */  or      $v0, $s0, $zero            ## $v0 = 00000008
/* 03790 808C8710 3C08FB00 */  lui     $t0, 0xFB00                ## $t0 = FB000000
/* 03794 808C8714 AC480000 */  sw      $t0, 0x0000($v0)           ## 00000008
/* 03798 808C8718 862902EE */  lh      $t1, 0x02EE($s1)           ## 000002EE
/* 0379C 808C871C 3C011E1E */  lui     $at, 0x1E1E                ## $at = 1E1E0000
/* 037A0 808C8720 26100008 */  addiu   $s0, $s0, 0x0008           ## $s0 = 00000010
/* 037A4 808C8724 312A00FF */  andi    $t2, $t1, 0x00FF           ## $t2 = 00000000
/* 037A8 808C8728 01415825 */  or      $t3, $t2, $at              ## $t3 = 1E1E0000
/* 037AC 808C872C AC4B0004 */  sw      $t3, 0x0004($v0)           ## 0000000C
/* 037B0 808C8730 10000002 */  beq     $zero, $zero, .L808C873C   
/* 037B4 808C8734 00000000 */  nop
.L808C8738:
/* 037B8 808C8738 8C7002B0 */  lw      $s0, 0x02B0($v1)           ## 000002B0
.L808C873C:
/* 037BC 808C873C 0C060083 */  jal     func_8018020C              
/* 037C0 808C8740 AFA30044 */  sw      $v1, 0x0044($sp)           
/* 037C4 808C8744 C62C0304 */  lwc1    $f12, 0x0304($s1)          ## 00000304
/* 037C8 808C8748 24070001 */  addiu   $a3, $zero, 0x0001         ## $a3 = 00000001
/* 037CC 808C874C 44066000 */  mfc1    $a2, $f12                  
/* 037D0 808C8750 0C0600E7 */  jal     func_8018039C              
/* 037D4 808C8754 46006386 */  mov.s   $f14, $f12                 
/* 037D8 808C8758 3C0CDA38 */  lui     $t4, 0xDA38                ## $t4 = DA380000
/* 037DC 808C875C 358C0003 */  ori     $t4, $t4, 0x0003           ## $t4 = DA380003
/* 037E0 808C8760 AE0C0000 */  sw      $t4, 0x0000($s0)           ## 00000010
/* 037E4 808C8764 8FAD0054 */  lw      $t5, 0x0054($sp)           
/* 037E8 808C8768 0C060690 */  jal     func_80181A40              
/* 037EC 808C876C 8DA40000 */  lw      $a0, 0x0000($t5)           ## 00000000
/* 037F0 808C8770 AE020004 */  sw      $v0, 0x0004($s0)           ## 00000014
/* 037F4 808C8774 3C0F0600 */  lui     $t7, 0x0600                ## $t7 = 06000000
/* 037F8 808C8778 25EF6F88 */  addiu   $t7, $t7, 0x6F88           ## $t7 = 06006F88
/* 037FC 808C877C 3C0EDE00 */  lui     $t6, 0xDE00                ## $t6 = DE000000
/* 03800 808C8780 AE0E0008 */  sw      $t6, 0x0008($s0)           ## 00000018
/* 03804 808C8784 AE0F000C */  sw      $t7, 0x000C($s0)           ## 0000001C
/* 03808 808C8788 44806000 */  mtc1    $zero, $f12                ## $f12 = 0.00
/* 0380C 808C878C 3C01808D */  lui     $at, %hi(D_808C9BDC)       ## $at = 808D0000
/* 03810 808C8790 3C0645DB */  lui     $a2, 0x45DB                ## $a2 = 45DB0000
/* 03814 808C8794 34C62000 */  ori     $a2, $a2, 0x2000           ## $a2 = 45DB2000
/* 03818 808C8798 C42E9BDC */  lwc1    $f14, %lo(D_808C9BDC)($at) 
/* 0381C 808C879C 0C0600A7 */  jal     func_8018029C              
/* 03820 808C87A0 24070001 */  addiu   $a3, $zero, 0x0001         ## $a3 = 00000001
/* 03824 808C87A4 2404C000 */  addiu   $a0, $zero, 0xC000         ## $a0 = FFFFC000
/* 03828 808C87A8 00002825 */  or      $a1, $zero, $zero          ## $a1 = 00000000
/* 0382C 808C87AC 2406C000 */  addiu   $a2, $zero, 0xC000         ## $a2 = FFFFC000
/* 03830 808C87B0 0C06040F */  jal     func_8018103C              
/* 03834 808C87B4 24070001 */  addiu   $a3, $zero, 0x0001         ## $a3 = 00000001
/* 03838 808C87B8 3C18DA38 */  lui     $t8, 0xDA38                ## $t8 = DA380000
/* 0383C 808C87BC 37180003 */  ori     $t8, $t8, 0x0003           ## $t8 = DA380003
/* 03840 808C87C0 AE180010 */  sw      $t8, 0x0010($s0)           ## 00000020
/* 03844 808C87C4 8FB90054 */  lw      $t9, 0x0054($sp)           
/* 03848 808C87C8 0C060690 */  jal     func_80181A40              
/* 0384C 808C87CC 8F240000 */  lw      $a0, 0x0000($t9)           ## 00000000
/* 03850 808C87D0 AE020014 */  sw      $v0, 0x0014($s0)           ## 00000024
/* 03854 808C87D4 3C090600 */  lui     $t1, 0x0600                ## $t1 = 06000000
/* 03858 808C87D8 252973D0 */  addiu   $t1, $t1, 0x73D0           ## $t1 = 060073D0
/* 0385C 808C87DC 3C08DE00 */  lui     $t0, 0xDE00                ## $t0 = DE000000
/* 03860 808C87E0 AE080018 */  sw      $t0, 0x0018($s0)           ## 00000028
/* 03864 808C87E4 AE09001C */  sw      $t1, 0x001C($s0)           ## 0000002C
/* 03868 808C87E8 0C0606D4 */  jal     func_80181B50              
/* 0386C 808C87EC 2624032C */  addiu   $a0, $s1, 0x032C           ## $a0 = 0000032C
/* 03870 808C87F0 8FAA0024 */  lw      $t2, 0x0024($sp)           
/* 03874 808C87F4 8E2B0188 */  lw      $t3, 0x0188($s1)           ## 00000188
/* 03878 808C87F8 8FAD0044 */  lw      $t5, 0x0044($sp)           
/* 0387C 808C87FC 8FAF0044 */  lw      $t7, 0x0044($sp)           
/* 03880 808C8800 154B0003 */  bne     $t2, $t3, .L808C8810       
/* 03884 808C8804 260C0020 */  addiu   $t4, $s0, 0x0020           ## $t4 = 00000030
/* 03888 808C8808 10000003 */  beq     $zero, $zero, .L808C8818   
/* 0388C 808C880C ADAC02C0 */  sw      $t4, 0x02C0($t5)           ## 000002C0
.L808C8810:
/* 03890 808C8810 260E0020 */  addiu   $t6, $s0, 0x0020           ## $t6 = 00000030
/* 03894 808C8814 ADEE02B0 */  sw      $t6, 0x02B0($t7)           ## 000002B0
.L808C8818:
/* 03898 808C8818 8FBF001C */  lw      $ra, 0x001C($sp)           
/* 0389C 808C881C 8FB00014 */  lw      $s0, 0x0014($sp)           
/* 038A0 808C8820 8FB10018 */  lw      $s1, 0x0018($sp)           
/* 038A4 808C8824 03E00008 */  jr      $ra                        
/* 038A8 808C8828 27BD0050 */  addiu   $sp, $sp, 0x0050           ## $sp = 00000000


glabel func_808C882C
/* 038AC 808C882C 27BDFF38 */  addiu   $sp, $sp, 0xFF38           ## $sp = FFFFFF38
/* 038B0 808C8830 AFBF0054 */  sw      $ra, 0x0054($sp)           
/* 038B4 808C8834 AFBE0050 */  sw      $s8, 0x0050($sp)           
/* 038B8 808C8838 AFB7004C */  sw      $s7, 0x004C($sp)           
/* 038BC 808C883C AFB60048 */  sw      $s6, 0x0048($sp)           
/* 038C0 808C8840 AFB50044 */  sw      $s5, 0x0044($sp)           
/* 038C4 808C8844 AFB40040 */  sw      $s4, 0x0040($sp)           
/* 038C8 808C8848 AFB3003C */  sw      $s3, 0x003C($sp)           
/* 038CC 808C884C AFB20038 */  sw      $s2, 0x0038($sp)           
/* 038D0 808C8850 AFB10034 */  sw      $s1, 0x0034($sp)           
/* 038D4 808C8854 AFB00030 */  sw      $s0, 0x0030($sp)           
/* 038D8 808C8858 F7B80028 */  sdc1    $f24, 0x0028($sp)          
/* 038DC 808C885C F7B60020 */  sdc1    $f22, 0x0020($sp)          
/* 038E0 808C8860 F7B40018 */  sdc1    $f20, 0x0018($sp)          
/* 038E4 808C8864 AFA400C8 */  sw      $a0, 0x00C8($sp)           
/* 038E8 808C8868 AFA500CC */  sw      $a1, 0x00CC($sp)           
/* 038EC 808C886C 8FAE00CC */  lw      $t6, 0x00CC($sp)           
/* 038F0 808C8870 3C0F801C */  lui     $t7, 0x801C                ## $t7 = 801C0000
/* 038F4 808C8874 25EF13A0 */  addiu   $t7, $t7, 0x13A0           ## $t7 = 801C13A0
/* 038F8 808C8878 8DC60000 */  lw      $a2, 0x0000($t6)           ## 00000000
/* 038FC 808C887C 3C03DE00 */  lui     $v1, 0xDE00                ## $v1 = DE000000
/* 03900 808C8880 3C180601 */  lui     $t8, 0x0601                ## $t8 = 06010000
/* 03904 808C8884 8CD302B0 */  lw      $s3, 0x02B0($a2)           ## 000002B0
/* 03908 808C8888 02601025 */  or      $v0, $s3, $zero            ## $v0 = 00000000
/* 0390C 808C888C AC430000 */  sw      $v1, 0x0000($v0)           ## 00000000
/* 03910 808C8890 AC4F0004 */  sw      $t7, 0x0004($v0)           ## 00000004
/* 03914 808C8894 26730008 */  addiu   $s3, $s3, 0x0008           ## $s3 = 00000008
/* 03918 808C8898 02601025 */  or      $v0, $s3, $zero            ## $v0 = 00000008
/* 0391C 808C889C 27189F10 */  addiu   $t8, $t8, 0x9F10           ## $t8 = 06009F10
/* 03920 808C88A0 AC580004 */  sw      $t8, 0x0004($v0)           ## 0000000C
/* 03924 808C88A4 AC430000 */  sw      $v1, 0x0000($v0)           ## 00000008
/* 03928 808C88A8 26730008 */  addiu   $s3, $s3, 0x0008           ## $s3 = 00000010
/* 0392C 808C88AC 0C06008D */  jal     func_80180234              
/* 03930 808C88B0 AFA60098 */  sw      $a2, 0x0098($sp)           
/* 03934 808C88B4 8FA300C8 */  lw      $v1, 0x00C8($sp)           
/* 03938 808C88B8 3C19808C */  lui     $t9, %hi(func_808C7AAC)    ## $t9 = 808C0000
/* 0393C 808C88BC 27397AAC */  addiu   $t9, $t9, %lo(func_808C7AAC) ## $t9 = 808C7AAC
/* 03940 808C88C0 8C6A0188 */  lw      $t2, 0x0188($v1)           ## 00000188
/* 03944 808C88C4 0040A825 */  or      $s5, $v0, $zero            ## $s5 = 00000000
/* 03948 808C88C8 3C01808D */  lui     $at, %hi(D_808C9BE8)       ## $at = 808D0000
/* 0394C 808C88CC 172A000F */  bne     $t9, $t2, .L808C890C       
/* 03950 808C88D0 27A4009C */  addiu   $a0, $sp, 0x009C           ## $a0 = FFFFFFD4
/* 03954 808C88D4 846B02EE */  lh      $t3, 0x02EE($v1)           ## 000002EE
/* 03958 808C88D8 3C01808D */  lui     $at, %hi(D_808C9BE0)       ## $at = 808D0000
/* 0395C 808C88DC C4369BE0 */  lwc1    $f22, %lo(D_808C9BE0)($at) 
/* 03960 808C88E0 448B2000 */  mtc1    $t3, $f4                   ## $f4 = 0.00
/* 03964 808C88E4 3C01808D */  lui     $at, %hi(D_808C9BE4)       ## $at = 808D0000
/* 03968 808C88E8 C4289BE4 */  lwc1    $f8, %lo(D_808C9BE4)($at)  
/* 0396C 808C88EC 468021A0 */  cvt.s.w $f6, $f4                   
/* 03970 808C88F0 46083602 */  mul.s   $f24, $f6, $f8             
/* 03974 808C88F4 4618B03C */  c.lt.s  $f22, $f24                 
/* 03978 808C88F8 00000000 */  nop
/* 0397C 808C88FC 45020006 */  bc1fl   .L808C8918                 
/* 03980 808C8900 8C6C0004 */  lw      $t4, 0x0004($v1)           ## 00000004
/* 03984 808C8904 10000003 */  beq     $zero, $zero, .L808C8914   
/* 03988 808C8908 4600B606 */  mov.s   $f24, $f22                 
.L808C890C:
/* 0398C 808C890C C4369BE8 */  lwc1    $f22, %lo(D_808C9BE8)($at) 
/* 03990 808C8910 4600B606 */  mov.s   $f24, $f22                 
.L808C8914:
/* 03994 808C8914 8C6C0004 */  lw      $t4, 0x0004($v1)           ## 00000004
.L808C8918:
/* 03998 808C8918 3C05801D */  lui     $a1, 0x801D                ## $a1 = 801D0000
/* 0399C 808C891C 318D1000 */  andi    $t5, $t4, 0x1000           ## $t5 = 00000000
/* 039A0 808C8920 11A00007 */  beq     $t5, $zero, .L808C8940     
/* 039A4 808C8924 00000000 */  nop
/* 039A8 808C8928 8FA500CC */  lw      $a1, 0x00CC($sp)           
/* 039AC 808C892C 27A4009C */  addiu   $a0, $sp, 0x009C           ## $a0 = FFFFFFD4
/* 039B0 808C8930 0C03FD43 */  jal     func_800FF50C              
/* 039B4 808C8934 24A502A0 */  addiu   $a1, $a1, 0x02A0           ## $a1 = 801D02A0
/* 039B8 808C8938 10000004 */  beq     $zero, $zero, .L808C894C   
/* 039BC 808C893C 8FA800C8 */  lw      $t0, 0x00C8($sp)           
.L808C8940:
/* 039C0 808C8940 0C03FD43 */  jal     func_800FF50C              
/* 039C4 808C8944 24A515B0 */  addiu   $a1, $a1, 0x15B0           ## $a1 = 000015B0
/* 039C8 808C8948 8FA800C8 */  lw      $t0, 0x00C8($sp)           
.L808C894C:
/* 039CC 808C894C 3C0E808C */  lui     $t6, %hi(func_808C7DCC)    ## $t6 = 808C0000
/* 039D0 808C8950 25CE7DCC */  addiu   $t6, $t6, %lo(func_808C7DCC) ## $t6 = 808C7DCC
/* 039D4 808C8954 3C17808D */  lui     $s7, %hi(D_808C9AD0)       ## $s7 = 808D0000
/* 039D8 808C8958 3C16DA38 */  lui     $s6, 0xDA38                ## $s6 = DA380000
/* 039DC 808C895C 36D60003 */  ori     $s6, $s6, 0x0003           ## $s6 = DA380003
/* 039E0 808C8960 26F79AD0 */  addiu   $s7, $s7, %lo(D_808C9AD0)  ## $s7 = 808C9AD0
/* 039E4 808C8964 AFAE0068 */  sw      $t6, 0x0068($sp)           
/* 039E8 808C8968 00004825 */  or      $t1, $zero, $zero          ## $t1 = 00000000
/* 039EC 808C896C 241E0003 */  addiu   $s8, $zero, 0x0003         ## $s8 = 00000003
/* 039F0 808C8970 01001025 */  or      $v0, $t0, $zero            ## $v0 = 00000000
.L808C8974:
/* 039F4 808C8974 8FAF0068 */  lw      $t7, 0x0068($sp)           
/* 039F8 808C8978 8D180188 */  lw      $t8, 0x0188($t0)           ## 00000188
/* 039FC 808C897C 51F80008 */  beql    $t7, $t8, .L808C89A0       
/* 03A00 808C8980 8C5406E4 */  lw      $s4, 0x06E4($v0)           ## 000006E4
/* 03A04 808C8984 8C5906E4 */  lw      $t9, 0x06E4($v0)           ## 000006E4
/* 03A08 808C8988 24010040 */  addiu   $at, $zero, 0x0040         ## $at = 00000040
/* 03A0C 808C898C 8F2A0004 */  lw      $t2, 0x0004($t9)           ## 00000004
/* 03A10 808C8990 314B0040 */  andi    $t3, $t2, 0x0040           ## $t3 = 00000000
/* 03A14 808C8994 55610066 */  bnel    $t3, $at, .L808C8B30       
/* 03A18 808C8998 25290004 */  addiu   $t1, $t1, 0x0004           ## $t1 = 00000004
/* 03A1C 808C899C 8C5406E4 */  lw      $s4, 0x06E4($v0)           ## 000006E4
.L808C89A0:
/* 03A20 808C89A0 00003025 */  or      $a2, $zero, $zero          ## $a2 = 00000000
/* 03A24 808C89A4 00003825 */  or      $a3, $zero, $zero          ## $a3 = 00000000
/* 03A28 808C89A8 868400BC */  lh      $a0, 0x00BC($s4)           ## 000000BC
/* 03A2C 808C89AC 868500BE */  lh      $a1, 0x00BE($s4)           ## 000000BE
/* 03A30 808C89B0 AFA90064 */  sw      $t1, 0x0064($sp)           
/* 03A34 808C89B4 0C06040F */  jal     func_8018103C              
/* 03A38 808C89B8 AFA20060 */  sw      $v0, 0x0060($sp)           
/* 03A3C 808C89BC 4406C000 */  mfc1    $a2, $f24                  
/* 03A40 808C89C0 4600C306 */  mov.s   $f12, $f24                 
/* 03A44 808C89C4 4600C386 */  mov.s   $f14, $f24                 
/* 03A48 808C89C8 0C0600E7 */  jal     func_8018039C              
/* 03A4C 808C89CC 24070001 */  addiu   $a3, $zero, 0x0001         ## $a3 = 00000001
/* 03A50 808C89D0 26900160 */  addiu   $s0, $s4, 0x0160           ## $s0 = 00000160
/* 03A54 808C89D4 AFB0005C */  sw      $s0, 0x005C($sp)           
/* 03A58 808C89D8 00009025 */  or      $s2, $zero, $zero          ## $s2 = 00000000
.L808C89DC:
/* 03A5C 808C89DC 920D0001 */  lbu     $t5, 0x0001($s0)           ## 00000161
/* 03A60 808C89E0 C7B0009C */  lwc1    $f16, 0x009C($sp)          
/* 03A64 808C89E4 02608825 */  or      $s1, $s3, $zero            ## $s1 = 00000010
/* 03A68 808C89E8 55A0001C */  bnel    $t5, $zero, .L808C8A5C     
/* 03A6C 808C89EC 26520001 */  addiu   $s2, $s2, 0x0001           ## $s2 = 00000001
/* 03A70 808C89F0 C60A0004 */  lwc1    $f10, 0x0004($s0)          ## 00000164
/* 03A74 808C89F4 46105480 */  add.s   $f18, $f10, $f16           
/* 03A78 808C89F8 E6B20030 */  swc1    $f18, 0x0030($s5)          ## 00000030
/* 03A7C 808C89FC C7A600A0 */  lwc1    $f6, 0x00A0($sp)           
/* 03A80 808C8A00 C6040008 */  lwc1    $f4, 0x0008($s0)           ## 00000168
/* 03A84 808C8A04 46062200 */  add.s   $f8, $f4, $f6              
/* 03A88 808C8A08 E6A80034 */  swc1    $f8, 0x0034($s5)           ## 00000034
/* 03A8C 808C8A0C C7B000A4 */  lwc1    $f16, 0x00A4($sp)          
/* 03A90 808C8A10 C60A000C */  lwc1    $f10, 0x000C($s0)          ## 0000016C
/* 03A94 808C8A14 46105480 */  add.s   $f18, $f10, $f16           
/* 03A98 808C8A18 E6B20038 */  swc1    $f18, 0x0038($s5)          ## 00000038
/* 03A9C 808C8A1C AE360000 */  sw      $s6, 0x0000($s1)           ## 00000010
/* 03AA0 808C8A20 8FAE00CC */  lw      $t6, 0x00CC($sp)           
/* 03AA4 808C8A24 26730008 */  addiu   $s3, $s3, 0x0008           ## $s3 = 00000018
/* 03AA8 808C8A28 0C060690 */  jal     func_80181A40              
/* 03AAC 808C8A2C 8DC40000 */  lw      $a0, 0x0000($t6)           ## 00000000
/* 03AB0 808C8A30 AE220004 */  sw      $v0, 0x0004($s1)           ## 00000014
/* 03AB4 808C8A34 02601025 */  or      $v0, $s3, $zero            ## $v0 = 00000018
/* 03AB8 808C8A38 3C0FDE00 */  lui     $t7, 0xDE00                ## $t7 = DE000000
/* 03ABC 808C8A3C AC4F0000 */  sw      $t7, 0x0000($v0)           ## 00000018
/* 03AC0 808C8A40 92180000 */  lbu     $t8, 0x0000($s0)           ## 00000160
/* 03AC4 808C8A44 26730008 */  addiu   $s3, $s3, 0x0008           ## $s3 = 00000020
/* 03AC8 808C8A48 0018C880 */  sll     $t9, $t8,  2               
/* 03ACC 808C8A4C 02F95021 */  addu    $t2, $s7, $t9              
/* 03AD0 808C8A50 8D4B0000 */  lw      $t3, 0x0000($t2)           ## 00000000
/* 03AD4 808C8A54 AC4B0004 */  sw      $t3, 0x0004($v0)           ## 0000001C
/* 03AD8 808C8A58 26520001 */  addiu   $s2, $s2, 0x0001           ## $s2 = 00000002
.L808C8A5C:
/* 03ADC 808C8A5C 2A410003 */  slti    $at, $s2, 0x0003           
/* 03AE0 808C8A60 1420FFDE */  bne     $at, $zero, .L808C89DC     
/* 03AE4 808C8A64 26100024 */  addiu   $s0, $s0, 0x0024           ## $s0 = 00000184
/* 03AE8 808C8A68 8FB0005C */  lw      $s0, 0x005C($sp)           
/* 03AEC 808C8A6C 00009025 */  or      $s2, $zero, $zero          ## $s2 = 00000000
.L808C8A70:
/* 03AF0 808C8A70 920C0001 */  lbu     $t4, 0x0001($s0)           ## 00000185
/* 03AF4 808C8A74 24010001 */  addiu   $at, $zero, 0x0001         ## $at = 00000001
/* 03AF8 808C8A78 24044000 */  addiu   $a0, $zero, 0x4000         ## $a0 = 00004000
/* 03AFC 808C8A7C 15810025 */  bne     $t4, $at, .L808C8B14       
/* 03B00 808C8A80 00003025 */  or      $a2, $zero, $zero          ## $a2 = 00000000
/* 03B04 808C8A84 8605001E */  lh      $a1, 0x001E($s0)           ## 000001A2
/* 03B08 808C8A88 0C06040F */  jal     func_8018103C              
/* 03B0C 808C8A8C 00003825 */  or      $a3, $zero, $zero          ## $a3 = 00000000
/* 03B10 808C8A90 4406B000 */  mfc1    $a2, $f22                  
/* 03B14 808C8A94 4600B306 */  mov.s   $f12, $f22                 
/* 03B18 808C8A98 4600B386 */  mov.s   $f14, $f22                 
/* 03B1C 808C8A9C 0C0600E7 */  jal     func_8018039C              
/* 03B20 808C8AA0 24070001 */  addiu   $a3, $zero, 0x0001         ## $a3 = 00000001
/* 03B24 808C8AA4 C6040004 */  lwc1    $f4, 0x0004($s0)           ## 00000188
/* 03B28 808C8AA8 C7A6009C */  lwc1    $f6, 0x009C($sp)           
/* 03B2C 808C8AAC 02608825 */  or      $s1, $s3, $zero            ## $s1 = 00000020
/* 03B30 808C8AB0 46062200 */  add.s   $f8, $f4, $f6              
/* 03B34 808C8AB4 E6A80030 */  swc1    $f8, 0x0030($s5)           ## 00000030
/* 03B38 808C8AB8 C7B000A0 */  lwc1    $f16, 0x00A0($sp)          
/* 03B3C 808C8ABC C60A0008 */  lwc1    $f10, 0x0008($s0)          ## 0000018C
/* 03B40 808C8AC0 46105480 */  add.s   $f18, $f10, $f16           
/* 03B44 808C8AC4 E6B20034 */  swc1    $f18, 0x0034($s5)          ## 00000034
/* 03B48 808C8AC8 C7A600A4 */  lwc1    $f6, 0x00A4($sp)           
/* 03B4C 808C8ACC C604000C */  lwc1    $f4, 0x000C($s0)           ## 00000190
/* 03B50 808C8AD0 46062200 */  add.s   $f8, $f4, $f6              
/* 03B54 808C8AD4 E6A80038 */  swc1    $f8, 0x0038($s5)           ## 00000038
/* 03B58 808C8AD8 AE360000 */  sw      $s6, 0x0000($s1)           ## 00000020
/* 03B5C 808C8ADC 8FAD00CC */  lw      $t5, 0x00CC($sp)           
/* 03B60 808C8AE0 26730008 */  addiu   $s3, $s3, 0x0008           ## $s3 = 00000028
/* 03B64 808C8AE4 0C060690 */  jal     func_80181A40              
/* 03B68 808C8AE8 8DA40000 */  lw      $a0, 0x0000($t5)           ## 00000000
/* 03B6C 808C8AEC AE220004 */  sw      $v0, 0x0004($s1)           ## 00000024
/* 03B70 808C8AF0 02601025 */  or      $v0, $s3, $zero            ## $v0 = 00000028
/* 03B74 808C8AF4 3C0EDE00 */  lui     $t6, 0xDE00                ## $t6 = DE000000
/* 03B78 808C8AF8 AC4E0000 */  sw      $t6, 0x0000($v0)           ## 00000028
/* 03B7C 808C8AFC 920F0000 */  lbu     $t7, 0x0000($s0)           ## 00000184
/* 03B80 808C8B00 26730008 */  addiu   $s3, $s3, 0x0008           ## $s3 = 00000030
/* 03B84 808C8B04 000FC080 */  sll     $t8, $t7,  2               
/* 03B88 808C8B08 02F8C821 */  addu    $t9, $s7, $t8              
/* 03B8C 808C8B0C 8F2A0000 */  lw      $t2, 0x0000($t9)           ## 00000000
/* 03B90 808C8B10 AC4A0004 */  sw      $t2, 0x0004($v0)           ## 0000002C
.L808C8B14:
/* 03B94 808C8B14 26520001 */  addiu   $s2, $s2, 0x0001           ## $s2 = 00000001
/* 03B98 808C8B18 165EFFD5 */  bne     $s2, $s8, .L808C8A70       
/* 03B9C 808C8B1C 26100024 */  addiu   $s0, $s0, 0x0024           ## $s0 = 000001A8
/* 03BA0 808C8B20 8FA90064 */  lw      $t1, 0x0064($sp)           
/* 03BA4 808C8B24 8FA800C8 */  lw      $t0, 0x00C8($sp)           
/* 03BA8 808C8B28 8FA20060 */  lw      $v0, 0x0060($sp)           
/* 03BAC 808C8B2C 25290004 */  addiu   $t1, $t1, 0x0004           ## $t1 = 00000004
.L808C8B30:
/* 03BB0 808C8B30 29210050 */  slti    $at, $t1, 0x0050           
/* 03BB4 808C8B34 1420FF8F */  bne     $at, $zero, .L808C8974     
/* 03BB8 808C8B38 24420004 */  addiu   $v0, $v0, 0x0004           ## $v0 = 0000002C
/* 03BBC 808C8B3C 910B0192 */  lbu     $t3, 0x0192($t0)           ## 00000192
/* 03BC0 808C8B40 3C0141A0 */  lui     $at, 0x41A0                ## $at = 41A00000
/* 03BC4 808C8B44 5160003C */  beql    $t3, $zero, .L808C8C38     
/* 03BC8 808C8B48 910E018D */  lbu     $t6, 0x018D($t0)           ## 0000018D
/* 03BCC 808C8B4C 4481A000 */  mtc1    $at, $f20                  ## $f20 = 20.00
/* 03BD0 808C8B50 AFA00064 */  sw      $zero, 0x0064($sp)         
/* 03BD4 808C8B54 AFA80060 */  sw      $t0, 0x0060($sp)           
.L808C8B58:
/* 03BD8 808C8B58 8FA20060 */  lw      $v0, 0x0060($sp)           
/* 03BDC 808C8B5C 00003025 */  or      $a2, $zero, $zero          ## $a2 = 00000000
/* 03BE0 808C8B60 00003825 */  or      $a3, $zero, $zero          ## $a3 = 00000000
/* 03BE4 808C8B64 8C5406E4 */  lw      $s4, 0x06E4($v0)           ## 00000710
/* 03BE8 808C8B68 868400BC */  lh      $a0, 0x00BC($s4)           ## 000000BC
/* 03BEC 808C8B6C 0C06040F */  jal     func_8018103C              
/* 03BF0 808C8B70 868500BE */  lh      $a1, 0x00BE($s4)           ## 000000BE
/* 03BF4 808C8B74 4406C000 */  mfc1    $a2, $f24                  
/* 03BF8 808C8B78 4600C306 */  mov.s   $f12, $f24                 
/* 03BFC 808C8B7C 4600C386 */  mov.s   $f14, $f24                 
/* 03C00 808C8B80 0C0600E7 */  jal     func_8018039C              
/* 03C04 808C8B84 24070001 */  addiu   $a3, $zero, 0x0001         ## $a3 = 00000001
/* 03C08 808C8B88 26900160 */  addiu   $s0, $s4, 0x0160           ## $s0 = 00000160
/* 03C0C 808C8B8C 00009025 */  or      $s2, $zero, $zero          ## $s2 = 00000000
.L808C8B90:
/* 03C10 808C8B90 C68A0024 */  lwc1    $f10, 0x0024($s4)          ## 00000024
/* 03C14 808C8B94 C6100010 */  lwc1    $f16, 0x0010($s0)          ## 00000170
/* 03C18 808C8B98 02608825 */  or      $s1, $s3, $zero            ## $s1 = 00000030
/* 03C1C 808C8B9C 46105481 */  sub.s   $f18, $f10, $f16           
/* 03C20 808C8BA0 E6B20030 */  swc1    $f18, 0x0030($s5)          ## 00000030
/* 03C24 808C8BA4 C6060014 */  lwc1    $f6, 0x0014($s0)           ## 00000174
/* 03C28 808C8BA8 C6840028 */  lwc1    $f4, 0x0028($s4)           ## 00000028
/* 03C2C 808C8BAC 4606A201 */  sub.s   $f8, $f20, $f6             
/* 03C30 808C8BB0 46082280 */  add.s   $f10, $f4, $f8             
/* 03C34 808C8BB4 E6AA0034 */  swc1    $f10, 0x0034($s5)          ## 00000034
/* 03C38 808C8BB8 C6120018 */  lwc1    $f18, 0x0018($s0)          ## 00000178
/* 03C3C 808C8BBC C690002C */  lwc1    $f16, 0x002C($s4)          ## 0000002C
/* 03C40 808C8BC0 46128181 */  sub.s   $f6, $f16, $f18            
/* 03C44 808C8BC4 E6A60038 */  swc1    $f6, 0x0038($s5)           ## 00000038
/* 03C48 808C8BC8 AE360000 */  sw      $s6, 0x0000($s1)           ## 00000030
/* 03C4C 808C8BCC 8FAC00CC */  lw      $t4, 0x00CC($sp)           
/* 03C50 808C8BD0 26730008 */  addiu   $s3, $s3, 0x0008           ## $s3 = 00000038
/* 03C54 808C8BD4 0C060690 */  jal     func_80181A40              
/* 03C58 808C8BD8 8D840000 */  lw      $a0, 0x0000($t4)           ## 00000000
/* 03C5C 808C8BDC AE220004 */  sw      $v0, 0x0004($s1)           ## 00000034
/* 03C60 808C8BE0 02601025 */  or      $v0, $s3, $zero            ## $v0 = 00000038
/* 03C64 808C8BE4 3C0DDE00 */  lui     $t5, 0xDE00                ## $t5 = DE000000
/* 03C68 808C8BE8 AC4D0000 */  sw      $t5, 0x0000($v0)           ## 00000038
/* 03C6C 808C8BEC 920E0000 */  lbu     $t6, 0x0000($s0)           ## 00000160
/* 03C70 808C8BF0 26520001 */  addiu   $s2, $s2, 0x0001           ## $s2 = 00000001
/* 03C74 808C8BF4 26730008 */  addiu   $s3, $s3, 0x0008           ## $s3 = 00000040
/* 03C78 808C8BF8 000E7880 */  sll     $t7, $t6,  2               
/* 03C7C 808C8BFC 02EFC021 */  addu    $t8, $s7, $t7              
/* 03C80 808C8C00 8F190000 */  lw      $t9, 0x0000($t8)           ## 00000000
/* 03C84 808C8C04 AC590004 */  sw      $t9, 0x0004($v0)           ## 0000003C
/* 03C88 808C8C08 165EFFE1 */  bne     $s2, $s8, .L808C8B90       
/* 03C8C 808C8C0C 26100024 */  addiu   $s0, $s0, 0x0024           ## $s0 = 00000184
/* 03C90 808C8C10 8FAA0064 */  lw      $t2, 0x0064($sp)           
/* 03C94 808C8C14 8FAC0060 */  lw      $t4, 0x0060($sp)           
/* 03C98 808C8C18 24010050 */  addiu   $at, $zero, 0x0050         ## $at = 00000050
/* 03C9C 808C8C1C 254B0004 */  addiu   $t3, $t2, 0x0004           ## $t3 = 00000004
/* 03CA0 808C8C20 258D0004 */  addiu   $t5, $t4, 0x0004           ## $t5 = 00000004
/* 03CA4 808C8C24 AFAD0060 */  sw      $t5, 0x0060($sp)           
/* 03CA8 808C8C28 1561FFCB */  bne     $t3, $at, .L808C8B58       
/* 03CAC 808C8C2C AFAB0064 */  sw      $t3, 0x0064($sp)           
/* 03CB0 808C8C30 8FA800C8 */  lw      $t0, 0x00C8($sp)           
/* 03CB4 808C8C34 910E018D */  lbu     $t6, 0x018D($t0)           ## 0000018D
.L808C8C38:
/* 03CB8 808C8C38 24044000 */  addiu   $a0, $zero, 0x4000         ## $a0 = 00004000
/* 03CBC 808C8C3C 00003025 */  or      $a2, $zero, $zero          ## $a2 = 00000000
/* 03CC0 808C8C40 11C00024 */  beq     $t6, $zero, .L808C8CD4     
/* 03CC4 808C8C44 00003825 */  or      $a3, $zero, $zero          ## $a3 = 00000000
/* 03CC8 808C8C48 0C06040F */  jal     func_8018103C              
/* 03CCC 808C8C4C 850502F6 */  lh      $a1, 0x02F6($t0)           ## 000002F6
/* 03CD0 808C8C50 4406B000 */  mfc1    $a2, $f22                  
/* 03CD4 808C8C54 4600B306 */  mov.s   $f12, $f22                 
/* 03CD8 808C8C58 4600B386 */  mov.s   $f14, $f22                 
/* 03CDC 808C8C5C 0C0600E7 */  jal     func_8018039C              
/* 03CE0 808C8C60 24070001 */  addiu   $a3, $zero, 0x0001         ## $a3 = 00000001
/* 03CE4 808C8C64 8FAF00C8 */  lw      $t7, 0x00C8($sp)           
/* 03CE8 808C8C68 C7A8009C */  lwc1    $f8, 0x009C($sp)           
/* 03CEC 808C8C6C 02608025 */  or      $s0, $s3, $zero            ## $s0 = 00000040
/* 03CF0 808C8C70 C5E40320 */  lwc1    $f4, 0x0320($t7)           ## 00000320
/* 03CF4 808C8C74 46082280 */  add.s   $f10, $f4, $f8             
/* 03CF8 808C8C78 E6AA0030 */  swc1    $f10, 0x0030($s5)          ## 00000030
/* 03CFC 808C8C7C 8FB800C8 */  lw      $t8, 0x00C8($sp)           
/* 03D00 808C8C80 C7B200A0 */  lwc1    $f18, 0x00A0($sp)          
/* 03D04 808C8C84 C7100324 */  lwc1    $f16, 0x0324($t8)          ## 00000324
/* 03D08 808C8C88 46128180 */  add.s   $f6, $f16, $f18            
/* 03D0C 808C8C8C E6A60034 */  swc1    $f6, 0x0034($s5)           ## 00000034
/* 03D10 808C8C90 8FB900C8 */  lw      $t9, 0x00C8($sp)           
/* 03D14 808C8C94 C7A800A4 */  lwc1    $f8, 0x00A4($sp)           
/* 03D18 808C8C98 C7240328 */  lwc1    $f4, 0x0328($t9)           ## 00000328
/* 03D1C 808C8C9C 46082280 */  add.s   $f10, $f4, $f8             
/* 03D20 808C8CA0 E6AA0038 */  swc1    $f10, 0x0038($s5)          ## 00000038
/* 03D24 808C8CA4 AE160000 */  sw      $s6, 0x0000($s0)           ## 00000040
/* 03D28 808C8CA8 8FAA00CC */  lw      $t2, 0x00CC($sp)           
/* 03D2C 808C8CAC 26730008 */  addiu   $s3, $s3, 0x0008           ## $s3 = 00000048
/* 03D30 808C8CB0 0C060690 */  jal     func_80181A40              
/* 03D34 808C8CB4 8D440000 */  lw      $a0, 0x0000($t2)           ## 00000000
/* 03D38 808C8CB8 AE020004 */  sw      $v0, 0x0004($s0)           ## 00000044
/* 03D3C 808C8CBC 02601025 */  or      $v0, $s3, $zero            ## $v0 = 00000048
/* 03D40 808C8CC0 3C0CDE00 */  lui     $t4, 0xDE00                ## $t4 = DE000000
/* 03D44 808C8CC4 AC4C0000 */  sw      $t4, 0x0000($v0)           ## 00000048
/* 03D48 808C8CC8 8EED0000 */  lw      $t5, 0x0000($s7)           ## 808C9AD0
/* 03D4C 808C8CCC 26730008 */  addiu   $s3, $s3, 0x0008           ## $s3 = 00000050
/* 03D50 808C8CD0 AC4D0004 */  sw      $t5, 0x0004($v0)           ## 0000004C
.L808C8CD4:
/* 03D54 808C8CD4 8FAB0098 */  lw      $t3, 0x0098($sp)           
/* 03D58 808C8CD8 AD7302B0 */  sw      $s3, 0x02B0($t3)           ## 000002B0
/* 03D5C 808C8CDC 8FBF0054 */  lw      $ra, 0x0054($sp)           
/* 03D60 808C8CE0 D7B40018 */  ldc1    $f20, 0x0018($sp)          
/* 03D64 808C8CE4 D7B60020 */  ldc1    $f22, 0x0020($sp)          
/* 03D68 808C8CE8 D7B80028 */  ldc1    $f24, 0x0028($sp)          
/* 03D6C 808C8CEC 8FB00030 */  lw      $s0, 0x0030($sp)           
/* 03D70 808C8CF0 8FB10034 */  lw      $s1, 0x0034($sp)           
/* 03D74 808C8CF4 8FB20038 */  lw      $s2, 0x0038($sp)           
/* 03D78 808C8CF8 8FB3003C */  lw      $s3, 0x003C($sp)           
/* 03D7C 808C8CFC 8FB40040 */  lw      $s4, 0x0040($sp)           
/* 03D80 808C8D00 8FB50044 */  lw      $s5, 0x0044($sp)           
/* 03D84 808C8D04 8FB60048 */  lw      $s6, 0x0048($sp)           
/* 03D88 808C8D08 8FB7004C */  lw      $s7, 0x004C($sp)           
/* 03D8C 808C8D0C 8FBE0050 */  lw      $s8, 0x0050($sp)           
/* 03D90 808C8D10 03E00008 */  jr      $ra                        
/* 03D94 808C8D14 27BD00C8 */  addiu   $sp, $sp, 0x00C8           ## $sp = 00000000


glabel func_808C8D18
/* 03D98 808C8D18 27BDFF38 */  addiu   $sp, $sp, 0xFF38           ## $sp = FFFFFF38
/* 03D9C 808C8D1C AFB60058 */  sw      $s6, 0x0058($sp)           
/* 03DA0 808C8D20 00A0B025 */  or      $s6, $a1, $zero            ## $s6 = 00000000
/* 03DA4 808C8D24 AFBF0064 */  sw      $ra, 0x0064($sp)           
/* 03DA8 808C8D28 AFBE0060 */  sw      $s8, 0x0060($sp)           
/* 03DAC 808C8D2C AFB7005C */  sw      $s7, 0x005C($sp)           
/* 03DB0 808C8D30 AFB50054 */  sw      $s5, 0x0054($sp)           
/* 03DB4 808C8D34 AFB40050 */  sw      $s4, 0x0050($sp)           
/* 03DB8 808C8D38 AFB3004C */  sw      $s3, 0x004C($sp)           
/* 03DBC 808C8D3C AFB20048 */  sw      $s2, 0x0048($sp)           
/* 03DC0 808C8D40 AFB10044 */  sw      $s1, 0x0044($sp)           
/* 03DC4 808C8D44 AFB00040 */  sw      $s0, 0x0040($sp)           
/* 03DC8 808C8D48 F7B40038 */  sdc1    $f20, 0x0038($sp)          
/* 03DCC 808C8D4C AFA400C8 */  sw      $a0, 0x00C8($sp)           
/* 03DD0 808C8D50 8FAE00C8 */  lw      $t6, 0x00C8($sp)           
/* 03DD4 808C8D54 3C18FB00 */  lui     $t8, 0xFB00                ## $t8 = FB000000
/* 03DD8 808C8D58 85D702EE */  lh      $s7, 0x02EE($t6)           ## 000002EE
/* 03DDC 808C8D5C 02E00821 */  addu    $at, $s7, $zero            
/* 03DE0 808C8D60 0017B8C0 */  sll     $s7, $s7,  3               
/* 03DE4 808C8D64 02E1B823 */  subu    $s7, $s7, $at              
/* 03DE8 808C8D68 2AE10039 */  slti    $at, $s7, 0x0039           
/* 03DEC 808C8D6C 54200003 */  bnel    $at, $zero, .L808C8D7C     
/* 03DF0 808C8D70 8ED20000 */  lw      $s2, 0x0000($s6)           ## 00000000
/* 03DF4 808C8D74 24170038 */  addiu   $s7, $zero, 0x0038         ## $s7 = 00000038
/* 03DF8 808C8D78 8ED20000 */  lw      $s2, 0x0000($s6)           ## 00000000
.L808C8D7C:
/* 03DFC 808C8D7C 8E4202C0 */  lw      $v0, 0x02C0($s2)           ## 000002C0
/* 03E00 808C8D80 3C19E687 */  lui     $t9, 0xE687                ## $t9 = E6870000
/* 03E04 808C8D84 37391900 */  ori     $t9, $t9, 0x1900           ## $t9 = E6871900
/* 03E08 808C8D88 244F0008 */  addiu   $t7, $v0, 0x0008           ## $t7 = 00000008
/* 03E0C 808C8D8C AE4F02C0 */  sw      $t7, 0x02C0($s2)           ## 000002C0
/* 03E10 808C8D90 AC590004 */  sw      $t9, 0x0004($v0)           ## 00000004
/* 03E14 808C8D94 AC580000 */  sw      $t8, 0x0000($v0)           ## 00000000
/* 03E18 808C8D98 3C010001 */  lui     $at, 0x0001                ## $at = 00010000
/* 03E1C 808C8D9C 342187FC */  ori     $at, $at, 0x87FC           ## $at = 000187FC
/* 03E20 808C8DA0 02C12021 */  addu    $a0, $s6, $at              
/* 03E24 808C8DA4 0C060083 */  jal     func_8018020C              
/* 03E28 808C8DA8 AFA4006C */  sw      $a0, 0x006C($sp)           
/* 03E2C 808C8DAC 3C01808D */  lui     $at, %hi(D_808C9BEC)       ## $at = 808D0000
/* 03E30 808C8DB0 C4349BEC */  lwc1    $f20, %lo(D_808C9BEC)($at) 
/* 03E34 808C8DB4 3C01808D */  lui     $at, %hi(D_808C9BF0)       ## $at = 808D0000
/* 03E38 808C8DB8 C42E9BF0 */  lwc1    $f14, %lo(D_808C9BF0)($at) 
/* 03E3C 808C8DBC 4406A000 */  mfc1    $a2, $f20                  
/* 03E40 808C8DC0 24070001 */  addiu   $a3, $zero, 0x0001         ## $a3 = 00000001
/* 03E44 808C8DC4 0C0600E7 */  jal     func_8018039C              
/* 03E48 808C8DC8 4600A306 */  mov.s   $f12, $f20                 
/* 03E4C 808C8DCC 0C06008D */  jal     func_80180234              
/* 03E50 808C8DD0 00000000 */  nop
/* 03E54 808C8DD4 8FAA00C8 */  lw      $t2, 0x00C8($sp)           
/* 03E58 808C8DD8 0040A825 */  or      $s5, $v0, $zero            ## $s5 = 00000000
/* 03E5C 808C8DDC 00004825 */  or      $t1, $zero, $zero          ## $t1 = 00000000
/* 03E60 808C8DE0 25510404 */  addiu   $s1, $t2, 0x0404           ## $s1 = 00000404
/* 03E64 808C8DE4 1AE00055 */  blez    $s7, .L808C8F3C            
/* 03E68 808C8DE8 255301A9 */  addiu   $s3, $t2, 0x01A9           ## $s3 = 000001A9
/* 03E6C 808C8DEC 3C14A5FF */  lui     $s4, 0xA5FF                ## $s4 = A5FF0000
/* 03E70 808C8DF0 3694D700 */  ori     $s4, $s4, 0xD700           ## $s4 = A5FFD700
.L808C8DF4:
/* 03E74 808C8DF4 926B0000 */  lbu     $t3, 0x0000($s3)           ## 000001A9
/* 03E78 808C8DF8 00094080 */  sll     $t0, $t1,  2               
/* 03E7C 808C8DFC 01094021 */  addu    $t0, $t0, $t1              
/* 03E80 808C8E00 19600049 */  blez    $t3, .L808C8F28            
/* 03E84 808C8E04 00084040 */  sll     $t0, $t0,  1               
/* 03E88 808C8E08 3C0C0408 */  lui     $t4, 0x0408                ## $t4 = 04080000
/* 03E8C 808C8E0C 3C010001 */  lui     $at, 0x0001                ## $at = 00010000
/* 03E90 808C8E10 34218000 */  ori     $at, $at, 0x8000           ## $at = 00018000
/* 03E94 808C8E14 258CD590 */  addiu   $t4, $t4, 0xD590           ## $t4 = 0407D590
/* 03E98 808C8E18 AFAC0070 */  sw      $t4, 0x0070($sp)           
/* 03E9C 808C8E1C 02C1F021 */  addu    $s8, $s6, $at              
/* 03EA0 808C8E20 8E4202C0 */  lw      $v0, 0x02C0($s2)           ## 000002C0
/* 03EA4 808C8E24 3C0EFA00 */  lui     $t6, 0xFA00                ## $t6 = FA000000
/* 03EA8 808C8E28 35CE8080 */  ori     $t6, $t6, 0x8080           ## $t6 = FA008080
/* 03EAC 808C8E2C 244D0008 */  addiu   $t5, $v0, 0x0008           ## $t5 = 00000008
/* 03EB0 808C8E30 AE4D02C0 */  sw      $t5, 0x02C0($s2)           ## 000002C0
/* 03EB4 808C8E34 AC4E0000 */  sw      $t6, 0x0000($v0)           ## 00000000
/* 03EB8 808C8E38 92780000 */  lbu     $t8, 0x0000($s3)           ## 000001A9
/* 03EBC 808C8E3C 3C0BDB06 */  lui     $t3, 0xDB06                ## $t3 = DB060000
/* 03EC0 808C8E40 356B0020 */  ori     $t3, $t3, 0x0020           ## $t3 = DB060020
/* 03EC4 808C8E44 0314C825 */  or      $t9, $t8, $s4              ## $t9 = A5FFD700
/* 03EC8 808C8E48 AC590004 */  sw      $t9, 0x0004($v0)           ## 00000004
/* 03ECC 808C8E4C 8E4202C0 */  lw      $v0, 0x02C0($s2)           ## 000002C0
/* 03ED0 808C8E50 240C0020 */  addiu   $t4, $zero, 0x0020         ## $t4 = 00000020
/* 03ED4 808C8E54 240D0040 */  addiu   $t5, $zero, 0x0040         ## $t5 = 00000040
/* 03ED8 808C8E58 244A0008 */  addiu   $t2, $v0, 0x0008           ## $t2 = 00000008
/* 03EDC 808C8E5C AE4A02C0 */  sw      $t2, 0x02C0($s2)           ## 000002C0
/* 03EE0 808C8E60 AC4B0000 */  sw      $t3, 0x0000($v0)           ## 00000000
/* 03EE4 808C8E64 8EC40000 */  lw      $a0, 0x0000($s6)           ## 00000000
/* 03EE8 808C8E68 240E0001 */  addiu   $t6, $zero, 0x0001         ## $t6 = 00000001
/* 03EEC 808C8E6C AFAE0018 */  sw      $t6, 0x0018($sp)           
/* 03EF0 808C8E70 AFA0001C */  sw      $zero, 0x001C($sp)         
/* 03EF4 808C8E74 AFAD0014 */  sw      $t5, 0x0014($sp)           
/* 03EF8 808C8E78 AFAC0010 */  sw      $t4, 0x0010($sp)           
/* 03EFC 808C8E7C 8FCF0840 */  lw      $t7, 0x0840($s8)           ## 00000840
/* 03F00 808C8E80 240C0080 */  addiu   $t4, $zero, 0x0080         ## $t4 = 00000080
/* 03F04 808C8E84 240B0020 */  addiu   $t3, $zero, 0x0020         ## $t3 = 00000020
/* 03F08 808C8E88 01E8C021 */  addu    $t8, $t7, $t0              
/* 03F0C 808C8E8C 00180823 */  subu    $at, $zero, $t8            
/* 03F10 808C8E90 0001C880 */  sll     $t9, $at,  2               
/* 03F14 808C8E94 0321C821 */  addu    $t9, $t9, $at              
/* 03F18 808C8E98 0019C880 */  sll     $t9, $t9,  2               
/* 03F1C 808C8E9C 332A01FF */  andi    $t2, $t9, 0x01FF           ## $t2 = 00000100
/* 03F20 808C8EA0 AFAA0020 */  sw      $t2, 0x0020($sp)           
/* 03F24 808C8EA4 AFAB0024 */  sw      $t3, 0x0024($sp)           
/* 03F28 808C8EA8 AFAC0028 */  sw      $t4, 0x0028($sp)           
/* 03F2C 808C8EAC AFA900C0 */  sw      $t1, 0x00C0($sp)           
/* 03F30 808C8EB0 00002825 */  or      $a1, $zero, $zero          ## $a1 = 00000000
/* 03F34 808C8EB4 00003025 */  or      $a2, $zero, $zero          ## $a2 = 00000000
/* 03F38 808C8EB8 00003825 */  or      $a3, $zero, $zero          ## $a3 = 00000000
/* 03F3C 808C8EBC 0C04B2F4 */  jal     func_8012CBD0              
/* 03F40 808C8EC0 00408025 */  or      $s0, $v0, $zero            ## $s0 = 00000000
/* 03F44 808C8EC4 AE020004 */  sw      $v0, 0x0004($s0)           ## 00000004
/* 03F48 808C8EC8 C6240000 */  lwc1    $f4, 0x0000($s1)           ## 00000404
/* 03F4C 808C8ECC E6A40030 */  swc1    $f4, 0x0030($s5)           ## 00000030
/* 03F50 808C8ED0 C6260004 */  lwc1    $f6, 0x0004($s1)           ## 00000408
/* 03F54 808C8ED4 E6A60034 */  swc1    $f6, 0x0034($s5)           ## 00000034
/* 03F58 808C8ED8 C6280008 */  lwc1    $f8, 0x0008($s1)           ## 0000040C
/* 03F5C 808C8EDC E6A80038 */  swc1    $f8, 0x0038($s5)           ## 00000038
/* 03F60 808C8EE0 8E4202C0 */  lw      $v0, 0x02C0($s2)           ## 000002C0
/* 03F64 808C8EE4 3C0EDA38 */  lui     $t6, 0xDA38                ## $t6 = DA380000
/* 03F68 808C8EE8 35CE0003 */  ori     $t6, $t6, 0x0003           ## $t6 = DA380003
/* 03F6C 808C8EEC 244D0008 */  addiu   $t5, $v0, 0x0008           ## $t5 = 00000008
/* 03F70 808C8EF0 AE4D02C0 */  sw      $t5, 0x02C0($s2)           ## 000002C0
/* 03F74 808C8EF4 AC4E0000 */  sw      $t6, 0x0000($v0)           ## 00000000
/* 03F78 808C8EF8 8EC40000 */  lw      $a0, 0x0000($s6)           ## 00000000
/* 03F7C 808C8EFC 0C060690 */  jal     func_80181A40              
/* 03F80 808C8F00 00408025 */  or      $s0, $v0, $zero            ## $s0 = 00000000
/* 03F84 808C8F04 AE020004 */  sw      $v0, 0x0004($s0)           ## 00000004
/* 03F88 808C8F08 8E4202C0 */  lw      $v0, 0x02C0($s2)           ## 000002C0
/* 03F8C 808C8F0C 3C18DE00 */  lui     $t8, 0xDE00                ## $t8 = DE000000
/* 03F90 808C8F10 244F0008 */  addiu   $t7, $v0, 0x0008           ## $t7 = 00000008
/* 03F94 808C8F14 AE4F02C0 */  sw      $t7, 0x02C0($s2)           ## 000002C0
/* 03F98 808C8F18 AC580000 */  sw      $t8, 0x0000($v0)           ## 00000000
/* 03F9C 808C8F1C 8FB90070 */  lw      $t9, 0x0070($sp)           
/* 03FA0 808C8F20 AC590004 */  sw      $t9, 0x0004($v0)           ## 00000004
/* 03FA4 808C8F24 8FA900C0 */  lw      $t1, 0x00C0($sp)           
.L808C8F28:
/* 03FA8 808C8F28 25290001 */  addiu   $t1, $t1, 0x0001           ## $t1 = 00000001
/* 03FAC 808C8F2C 2631000C */  addiu   $s1, $s1, 0x000C           ## $s1 = 00000410
/* 03FB0 808C8F30 1537FFB0 */  bne     $t1, $s7, .L808C8DF4       
/* 03FB4 808C8F34 26730001 */  addiu   $s3, $s3, 0x0001           ## $s3 = 000001AA
/* 03FB8 808C8F38 00004825 */  or      $t1, $zero, $zero          ## $t1 = 00000000
.L808C8F3C:
/* 03FBC 808C8F3C 8FA4006C */  lw      $a0, 0x006C($sp)           
/* 03FC0 808C8F40 0C060083 */  jal     func_8018020C              
/* 03FC4 808C8F44 AFA900C0 */  sw      $t1, 0x00C0($sp)           
/* 03FC8 808C8F48 3C01808D */  lui     $at, %hi(D_808C9BF4)       ## $at = 808D0000
/* 03FCC 808C8F4C 4406A000 */  mfc1    $a2, $f20                  
/* 03FD0 808C8F50 C42E9BF4 */  lwc1    $f14, %lo(D_808C9BF4)($at) 
/* 03FD4 808C8F54 4600A306 */  mov.s   $f12, $f20                 
/* 03FD8 808C8F58 0C0600E7 */  jal     func_8018039C              
/* 03FDC 808C8F5C 24070001 */  addiu   $a3, $zero, 0x0001         ## $a3 = 00000001
/* 03FE0 808C8F60 8FAB00C8 */  lw      $t3, 0x00C8($sp)           
/* 03FE4 808C8F64 3C0A808C */  lui     $t2, %hi(func_808C7AAC)    ## $t2 = 808C0000
/* 03FE8 808C8F68 254A7AAC */  addiu   $t2, $t2, %lo(func_808C7AAC) ## $t2 = 808C7AAC
/* 03FEC 808C8F6C 8D6C0188 */  lw      $t4, 0x0188($t3)           ## 00000188
/* 03FF0 808C8F70 240E00FF */  addiu   $t6, $zero, 0x00FF         ## $t6 = 000000FF
/* 03FF4 808C8F74 554C0005 */  bnel    $t2, $t4, .L808C8F8C       
/* 03FF8 808C8F78 A3AE00AB */  sb      $t6, 0x00AB($sp)           
/* 03FFC 808C8F7C 856D02EE */  lh      $t5, 0x02EE($t3)           ## 000002EE
/* 04000 808C8F80 10000002 */  beq     $zero, $zero, .L808C8F8C   
/* 04004 808C8F84 A3AD00AB */  sb      $t5, 0x00AB($sp)           
/* 04008 808C8F88 A3AE00AB */  sb      $t6, 0x00AB($sp)           
.L808C8F8C:
/* 0400C 808C8F8C 8FAF00C8 */  lw      $t7, 0x00C8($sp)           
/* 04010 808C8F90 3C014140 */  lui     $at, 0x4140                ## $at = 41400000
/* 04014 808C8F94 4481A000 */  mtc1    $at, $f20                  ## $f20 = 12.00
/* 04018 808C8F98 AFAF0074 */  sw      $t7, 0x0074($sp)           
.L808C8F9C:
/* 0401C 808C8F9C 8FB80074 */  lw      $t8, 0x0074($sp)           
/* 04020 808C8FA0 24010040 */  addiu   $at, $zero, 0x0040         ## $at = 00000040
/* 04024 808C8FA4 3C0C0408 */  lui     $t4, 0x0408                ## $t4 = 04080000
/* 04028 808C8FA8 8F0206E4 */  lw      $v0, 0x06E4($t8)           ## 000006E4
/* 0402C 808C8FAC 258CD590 */  addiu   $t4, $t4, 0xD590           ## $t4 = 0407D590
/* 04030 808C8FB0 00009825 */  or      $s3, $zero, $zero          ## $s3 = 00000000
/* 04034 808C8FB4 8C590004 */  lw      $t9, 0x0004($v0)           ## 00000004
/* 04038 808C8FB8 24510160 */  addiu   $s1, $v0, 0x0160           ## $s1 = 00000160
/* 0403C 808C8FBC 332A0040 */  andi    $t2, $t9, 0x0040           ## $t2 = 00000000
/* 04040 808C8FC0 55410053 */  bnel    $t2, $at, .L808C9110       
/* 04044 808C8FC4 8FAE00C0 */  lw      $t6, 0x00C0($sp)           
/* 04048 808C8FC8 93B700AB */  lbu     $s7, 0x00AB($sp)           
/* 0404C 808C8FCC 8FB400C0 */  lw      $s4, 0x00C0($sp)           
/* 04050 808C8FD0 3C01A5FF */  lui     $at, 0xA5FF                ## $at = A5FF0000
/* 04054 808C8FD4 3421D700 */  ori     $at, $at, 0xD700           ## $at = A5FFD700
/* 04058 808C8FD8 02E1B825 */  or      $s7, $s7, $at              ## $s7 = A5FFD738
/* 0405C 808C8FDC 02800821 */  addu    $at, $s4, $zero            
/* 04060 808C8FE0 0014A080 */  sll     $s4, $s4,  2               
/* 04064 808C8FE4 0281A021 */  addu    $s4, $s4, $at              
/* 04068 808C8FE8 3C010001 */  lui     $at, 0x0001                ## $at = 00010000
/* 0406C 808C8FEC 34218000 */  ori     $at, $at, 0x8000           ## $at = 00018000
/* 04070 808C8FF0 02C1F021 */  addu    $s8, $s6, $at              
/* 04074 808C8FF4 0014A040 */  sll     $s4, $s4,  1               
/* 04078 808C8FF8 AFAC0070 */  sw      $t4, 0x0070($sp)           
.L808C8FFC:
/* 0407C 808C8FFC C62A0004 */  lwc1    $f10, 0x0004($s1)          ## 00000164
/* 04080 808C9000 3C0FDB06 */  lui     $t7, 0xDB06                ## $t7 = DB060000
/* 04084 808C9004 35EF0020 */  ori     $t7, $t7, 0x0020           ## $t7 = DB060020
/* 04088 808C9008 E6AA0030 */  swc1    $f10, 0x0030($s5)          ## 00000030
/* 0408C 808C900C C6300008 */  lwc1    $f16, 0x0008($s1)          ## 00000168
/* 04090 808C9010 00002825 */  or      $a1, $zero, $zero          ## $a1 = 00000000
/* 04094 808C9014 00003025 */  or      $a2, $zero, $zero          ## $a2 = 00000000
/* 04098 808C9018 46148481 */  sub.s   $f18, $f16, $f20           
/* 0409C 808C901C 00003825 */  or      $a3, $zero, $zero          ## $a3 = 00000000
/* 040A0 808C9020 24180020 */  addiu   $t8, $zero, 0x0020         ## $t8 = 00000020
/* 040A4 808C9024 E6B20034 */  swc1    $f18, 0x0034($s5)          ## 00000034
/* 040A8 808C9028 C624000C */  lwc1    $f4, 0x000C($s1)           ## 0000016C
/* 040AC 808C902C E6A40038 */  swc1    $f4, 0x0038($s5)           ## 00000038
/* 040B0 808C9030 8E4202C0 */  lw      $v0, 0x02C0($s2)           ## 000002C0
/* 040B4 808C9034 3C0DFA00 */  lui     $t5, 0xFA00                ## $t5 = FA000000
/* 040B8 808C9038 35AD8080 */  ori     $t5, $t5, 0x8080           ## $t5 = FA008080
/* 040BC 808C903C 244B0008 */  addiu   $t3, $v0, 0x0008           ## $t3 = 00000008
/* 040C0 808C9040 AE4B02C0 */  sw      $t3, 0x02C0($s2)           ## 000002C0
/* 040C4 808C9044 AC570004 */  sw      $s7, 0x0004($v0)           ## 00000004
/* 040C8 808C9048 AC4D0000 */  sw      $t5, 0x0000($v0)           ## 00000000
/* 040CC 808C904C 8E4202C0 */  lw      $v0, 0x02C0($s2)           ## 000002C0
/* 040D0 808C9050 24190040 */  addiu   $t9, $zero, 0x0040         ## $t9 = 00000040
/* 040D4 808C9054 240A0001 */  addiu   $t2, $zero, 0x0001         ## $t2 = 00000001
/* 040D8 808C9058 244E0008 */  addiu   $t6, $v0, 0x0008           ## $t6 = 00000008
/* 040DC 808C905C AE4E02C0 */  sw      $t6, 0x02C0($s2)           ## 000002C0
/* 040E0 808C9060 AC4F0000 */  sw      $t7, 0x0000($v0)           ## 00000000
/* 040E4 808C9064 8EC40000 */  lw      $a0, 0x0000($s6)           ## 00000000
/* 040E8 808C9068 AFA0001C */  sw      $zero, 0x001C($sp)         
/* 040EC 808C906C AFAA0018 */  sw      $t2, 0x0018($sp)           
/* 040F0 808C9070 AFB90014 */  sw      $t9, 0x0014($sp)           
/* 040F4 808C9074 AFB80010 */  sw      $t8, 0x0010($sp)           
/* 040F8 808C9078 8FCC0840 */  lw      $t4, 0x0840($s8)           ## 00000840
/* 040FC 808C907C 24180080 */  addiu   $t8, $zero, 0x0080         ## $t8 = 00000080
/* 04100 808C9080 240F0020 */  addiu   $t7, $zero, 0x0020         ## $t7 = 00000020
/* 04104 808C9084 01945821 */  addu    $t3, $t4, $s4              
/* 04108 808C9088 000B0823 */  subu    $at, $zero, $t3            
/* 0410C 808C908C 00016880 */  sll     $t5, $at,  2               
/* 04110 808C9090 01A16821 */  addu    $t5, $t5, $at              
/* 04114 808C9094 000D6880 */  sll     $t5, $t5,  2               
/* 04118 808C9098 31AE01FF */  andi    $t6, $t5, 0x01FF           ## $t6 = 00000080
/* 0411C 808C909C AFAE0020 */  sw      $t6, 0x0020($sp)           
/* 04120 808C90A0 AFAF0024 */  sw      $t7, 0x0024($sp)           
/* 04124 808C90A4 AFB80028 */  sw      $t8, 0x0028($sp)           
/* 04128 808C90A8 0C04B2F4 */  jal     func_8012CBD0              
/* 0412C 808C90AC 00408025 */  or      $s0, $v0, $zero            ## $s0 = 00000000
/* 04130 808C90B0 AE020004 */  sw      $v0, 0x0004($s0)           ## 00000004
/* 04134 808C90B4 8E4202C0 */  lw      $v0, 0x02C0($s2)           ## 000002C0
/* 04138 808C90B8 3C0ADA38 */  lui     $t2, 0xDA38                ## $t2 = DA380000
/* 0413C 808C90BC 354A0003 */  ori     $t2, $t2, 0x0003           ## $t2 = DA380003
/* 04140 808C90C0 24590008 */  addiu   $t9, $v0, 0x0008           ## $t9 = 00000008
/* 04144 808C90C4 AE5902C0 */  sw      $t9, 0x02C0($s2)           ## 000002C0
/* 04148 808C90C8 AC4A0000 */  sw      $t2, 0x0000($v0)           ## 00000000
/* 0414C 808C90CC 8EC40000 */  lw      $a0, 0x0000($s6)           ## 00000000
/* 04150 808C90D0 0C060690 */  jal     func_80181A40              
/* 04154 808C90D4 00408025 */  or      $s0, $v0, $zero            ## $s0 = 00000000
/* 04158 808C90D8 AE020004 */  sw      $v0, 0x0004($s0)           ## 00000004
/* 0415C 808C90DC 8E4202C0 */  lw      $v0, 0x02C0($s2)           ## 000002C0
/* 04160 808C90E0 3C0BDE00 */  lui     $t3, 0xDE00                ## $t3 = DE000000
/* 04164 808C90E4 26730001 */  addiu   $s3, $s3, 0x0001           ## $s3 = 00000001
/* 04168 808C90E8 244C0008 */  addiu   $t4, $v0, 0x0008           ## $t4 = 00000008
/* 0416C 808C90EC AE4C02C0 */  sw      $t4, 0x02C0($s2)           ## 000002C0
/* 04170 808C90F0 AC4B0000 */  sw      $t3, 0x0000($v0)           ## 00000000
/* 04174 808C90F4 8FAD0070 */  lw      $t5, 0x0070($sp)           
/* 04178 808C90F8 2694000A */  addiu   $s4, $s4, 0x000A           ## $s4 = A5FFD70A
/* 0417C 808C90FC 24010003 */  addiu   $at, $zero, 0x0003         ## $at = 00000003
/* 04180 808C9100 AC4D0004 */  sw      $t5, 0x0004($v0)           ## 00000004
/* 04184 808C9104 1661FFBD */  bne     $s3, $at, .L808C8FFC       
/* 04188 808C9108 26310024 */  addiu   $s1, $s1, 0x0024           ## $s1 = 00000184
/* 0418C 808C910C 8FAE00C0 */  lw      $t6, 0x00C0($sp)           
.L808C9110:
/* 04190 808C9110 8FB80074 */  lw      $t8, 0x0074($sp)           
/* 04194 808C9114 24010014 */  addiu   $at, $zero, 0x0014         ## $at = 00000014
/* 04198 808C9118 25CF0001 */  addiu   $t7, $t6, 0x0001           ## $t7 = 00000001
/* 0419C 808C911C 27190004 */  addiu   $t9, $t8, 0x0004           ## $t9 = 00000004
/* 041A0 808C9120 AFB90074 */  sw      $t9, 0x0074($sp)           
/* 041A4 808C9124 15E1FF9D */  bne     $t7, $at, .L808C8F9C       
/* 041A8 808C9128 AFAF00C0 */  sw      $t7, 0x00C0($sp)           
/* 041AC 808C912C 8FBF0064 */  lw      $ra, 0x0064($sp)           
/* 041B0 808C9130 D7B40038 */  ldc1    $f20, 0x0038($sp)          
/* 041B4 808C9134 8FB00040 */  lw      $s0, 0x0040($sp)           
/* 041B8 808C9138 8FB10044 */  lw      $s1, 0x0044($sp)           
/* 041BC 808C913C 8FB20048 */  lw      $s2, 0x0048($sp)           
/* 041C0 808C9140 8FB3004C */  lw      $s3, 0x004C($sp)           
/* 041C4 808C9144 8FB40050 */  lw      $s4, 0x0050($sp)           
/* 041C8 808C9148 8FB50054 */  lw      $s5, 0x0054($sp)           
/* 041CC 808C914C 8FB60058 */  lw      $s6, 0x0058($sp)           
/* 041D0 808C9150 8FB7005C */  lw      $s7, 0x005C($sp)           
/* 041D4 808C9154 8FBE0060 */  lw      $s8, 0x0060($sp)           
/* 041D8 808C9158 03E00008 */  jr      $ra                        
/* 041DC 808C915C 27BD00C8 */  addiu   $sp, $sp, 0x00C8           ## $sp = 00000000


glabel func_808C9160
/* 041E0 808C9160 27BDFFD8 */  addiu   $sp, $sp, 0xFFD8           ## $sp = FFFFFFD8
/* 041E4 808C9164 AFBF0014 */  sw      $ra, 0x0014($sp)           
/* 041E8 808C9168 AFA40028 */  sw      $a0, 0x0028($sp)           
/* 041EC 808C916C 8CA60000 */  lw      $a2, 0x0000($a1)           ## 00000000
/* 041F0 808C9170 3C010001 */  lui     $at, 0x0001                ## $at = 00010000
/* 041F4 808C9174 342187FC */  ori     $at, $at, 0x87FC           ## $at = 000187FC
/* 041F8 808C9178 8CC302B0 */  lw      $v1, 0x02B0($a2)           ## 000002B0
/* 041FC 808C917C AFA5002C */  sw      $a1, 0x002C($sp)           
/* 04200 808C9180 00A12021 */  addu    $a0, $a1, $at              
/* 04204 808C9184 AFA6001C */  sw      $a2, 0x001C($sp)           
/* 04208 808C9188 0C060828 */  jal     func_801820A0              
/* 0420C 808C918C AFA30020 */  sw      $v1, 0x0020($sp)           
/* 04210 808C9190 8FA30020 */  lw      $v1, 0x0020($sp)           
/* 04214 808C9194 8FA5002C */  lw      $a1, 0x002C($sp)           
/* 04218 808C9198 8FA6001C */  lw      $a2, 0x001C($sp)           
/* 0421C 808C919C 3C0EDA38 */  lui     $t6, 0xDA38                ## $t6 = DA380000
/* 04220 808C91A0 35CE0003 */  ori     $t6, $t6, 0x0003           ## $t6 = DA380003
/* 04224 808C91A4 AC6E0000 */  sw      $t6, 0x0000($v1)           ## 00000000
/* 04228 808C91A8 8CA40000 */  lw      $a0, 0x0000($a1)           ## 00000000
/* 0422C 808C91AC AFA6001C */  sw      $a2, 0x001C($sp)           
/* 04230 808C91B0 0C060690 */  jal     func_80181A40              
/* 04234 808C91B4 AFA30020 */  sw      $v1, 0x0020($sp)           
/* 04238 808C91B8 8FA30020 */  lw      $v1, 0x0020($sp)           
/* 0423C 808C91BC 8FA6001C */  lw      $a2, 0x001C($sp)           
/* 04240 808C91C0 3C0F0601 */  lui     $t7, 0x0601                ## $t7 = 06010000
/* 04244 808C91C4 AC620004 */  sw      $v0, 0x0004($v1)           ## 00000004
/* 04248 808C91C8 3C02DE00 */  lui     $v0, 0xDE00                ## $v0 = DE000000
/* 0424C 808C91CC 25EF9988 */  addiu   $t7, $t7, 0x9988           ## $t7 = 06009988
/* 04250 808C91D0 AC6F000C */  sw      $t7, 0x000C($v1)           ## 0000000C
/* 04254 808C91D4 AC620008 */  sw      $v0, 0x0008($v1)           ## 00000008
/* 04258 808C91D8 8FB80028 */  lw      $t8, 0x0028($sp)           
/* 0425C 808C91DC 3C080601 */  lui     $t0, 0x0601                ## $t0 = 06010000
/* 04260 808C91E0 25089BA0 */  addiu   $t0, $t0, 0x9BA0           ## $t0 = 06009BA0
/* 04264 808C91E4 8719001C */  lh      $t9, 0x001C($t8)           ## 0000001C
/* 04268 808C91E8 24690018 */  addiu   $t1, $v1, 0x0018           ## $t1 = 00000018
/* 0426C 808C91EC 246A0010 */  addiu   $t2, $v1, 0x0010           ## $t2 = 00000010
/* 04270 808C91F0 2B210005 */  slti    $at, $t9, 0x0005           
/* 04274 808C91F4 54200006 */  bnel    $at, $zero, .L808C9210     
/* 04278 808C91F8 ACCA02B0 */  sw      $t2, 0x02B0($a2)           ## 000002B0
/* 0427C 808C91FC AC620010 */  sw      $v0, 0x0010($v1)           ## 00000010
/* 04280 808C9200 AC680014 */  sw      $t0, 0x0014($v1)           ## 00000014
/* 04284 808C9204 10000002 */  beq     $zero, $zero, .L808C9210   
/* 04288 808C9208 ACC902B0 */  sw      $t1, 0x02B0($a2)           ## 000002B0
/* 0428C 808C920C ACCA02B0 */  sw      $t2, 0x02B0($a2)           ## 000002B0
.L808C9210:
/* 04290 808C9210 8FBF0014 */  lw      $ra, 0x0014($sp)           
/* 04294 808C9214 27BD0028 */  addiu   $sp, $sp, 0x0028           ## $sp = 00000000
/* 04298 808C9218 03E00008 */  jr      $ra                        
/* 0429C 808C921C 00000000 */  nop


glabel func_808C9220
/* 042A0 808C9220 27BDFFE8 */  addiu   $sp, $sp, 0xFFE8           ## $sp = FFFFFFE8
/* 042A4 808C9224 AFA40018 */  sw      $a0, 0x0018($sp)           
/* 042A8 808C9228 8FA4002C */  lw      $a0, 0x002C($sp)           
/* 042AC 808C922C AFBF0014 */  sw      $ra, 0x0014($sp)           
/* 042B0 808C9230 AFA60020 */  sw      $a2, 0x0020($sp)           
/* 042B4 808C9234 AFA70024 */  sw      $a3, 0x0024($sp)           
/* 042B8 808C9238 00857021 */  addu    $t6, $a0, $a1              
/* 042BC 808C923C 91CF0193 */  lbu     $t7, 0x0193($t6)           ## 00000193
/* 042C0 808C9240 24010001 */  addiu   $at, $zero, 0x0001         ## $at = 00000001
/* 042C4 808C9244 8FB80020 */  lw      $t8, 0x0020($sp)           
/* 042C8 808C9248 55E10004 */  bnel    $t7, $at, .L808C925C       
/* 042CC 808C924C 2401000D */  addiu   $at, $zero, 0x000D         ## $at = 0000000D
/* 042D0 808C9250 1000001C */  beq     $zero, $zero, .L808C92C4   
/* 042D4 808C9254 AF000000 */  sw      $zero, 0x0000($t8)         ## 00000000
/* 042D8 808C9258 2401000D */  addiu   $at, $zero, 0x000D         ## $at = 0000000D
.L808C925C:
/* 042DC 808C925C 54A1001A */  bnel    $a1, $at, .L808C92C8       
/* 042E0 808C9260 24010014 */  addiu   $at, $zero, 0x0014         ## $at = 00000014
/* 042E4 808C9264 8C880188 */  lw      $t0, 0x0188($a0)           ## 00000188
/* 042E8 808C9268 3C19808C */  lui     $t9, %hi(func_808C74F8)    ## $t9 = 808C0000
/* 042EC 808C926C 273974F8 */  addiu   $t9, $t9, %lo(func_808C74F8) ## $t9 = 808C74F8
/* 042F0 808C9270 57280015 */  bnel    $t9, $t0, .L808C92C8       
/* 042F4 808C9274 24010014 */  addiu   $at, $zero, 0x0014         ## $at = 00000014
/* 042F8 808C9278 848202EE */  lh      $v0, 0x02EE($a0)           ## 000002EE
/* 042FC 808C927C 2442FFFB */  addiu   $v0, $v0, 0xFFFB           ## $v0 = FFFFFFFB
/* 04300 808C9280 58400011 */  blezl   $v0, .L808C92C8            
/* 04304 808C9284 24010014 */  addiu   $at, $zero, 0x0014         ## $at = 00000014
/* 04308 808C9288 44822000 */  mtc1    $v0, $f4                   ## $f4 = NaN
/* 0430C 808C928C 3C01808D */  lui     $at, %hi(D_808C9BF8)       ## $at = 808D0000
/* 04310 808C9290 C4289BF8 */  lwc1    $f8, %lo(D_808C9BF8)($at)  
/* 04314 808C9294 468021A0 */  cvt.s.w $f6, $f4                   
/* 04318 808C9298 3C013F80 */  lui     $at, 0x3F80                ## $at = 3F800000
/* 0431C 808C929C 44818000 */  mtc1    $at, $f16                  ## $f16 = 1.00
/* 04320 808C92A0 24070001 */  addiu   $a3, $zero, 0x0001         ## $a3 = 00000001
/* 04324 808C92A4 AFA5001C */  sw      $a1, 0x001C($sp)           
/* 04328 808C92A8 46083282 */  mul.s   $f10, $f6, $f8             
/* 0432C 808C92AC 460A8301 */  sub.s   $f12, $f16, $f10           
/* 04330 808C92B0 44066000 */  mfc1    $a2, $f12                  
/* 04334 808C92B4 0C0600E7 */  jal     func_8018039C              
/* 04338 808C92B8 46006386 */  mov.s   $f14, $f12                 
/* 0433C 808C92BC 8FA4002C */  lw      $a0, 0x002C($sp)           
/* 04340 808C92C0 8FA5001C */  lw      $a1, 0x001C($sp)           
.L808C92C4:
/* 04344 808C92C4 24010014 */  addiu   $at, $zero, 0x0014         ## $at = 00000014
.L808C92C8:
/* 04348 808C92C8 10A10003 */  beq     $a1, $at, .L808C92D8       
/* 0434C 808C92CC 24010015 */  addiu   $at, $zero, 0x0015         ## $at = 00000015
/* 04350 808C92D0 54A10008 */  bnel    $a1, $at, .L808C92F4       
/* 04354 808C92D4 2401000C */  addiu   $at, $zero, 0x000C         ## $at = 0000000C
.L808C92D8:
/* 04358 808C92D8 9089018E */  lbu     $t1, 0x018E($a0)           ## 0000018E
/* 0435C 808C92DC 8FAA0020 */  lw      $t2, 0x0020($sp)           
/* 04360 808C92E0 55200013 */  bnel    $t1, $zero, .L808C9330     
/* 04364 808C92E4 00001025 */  or      $v0, $zero, $zero          ## $v0 = 00000000
/* 04368 808C92E8 10000010 */  beq     $zero, $zero, .L808C932C   
/* 0436C 808C92EC AD400000 */  sw      $zero, 0x0000($t2)         ## 00000000
/* 04370 808C92F0 2401000C */  addiu   $at, $zero, 0x000C         ## $at = 0000000C
.L808C92F4:
/* 04374 808C92F4 14A10006 */  bne     $a1, $at, .L808C9310       
/* 04378 808C92F8 8FA20028 */  lw      $v0, 0x0028($sp)           
/* 0437C 808C92FC 844B0004 */  lh      $t3, 0x0004($v0)           ## 00000004
/* 04380 808C9300 848C02F2 */  lh      $t4, 0x02F2($a0)           ## 000002F2
/* 04384 808C9304 016C6821 */  addu    $t5, $t3, $t4              
/* 04388 808C9308 10000008 */  beq     $zero, $zero, .L808C932C   
/* 0438C 808C930C A44D0004 */  sh      $t5, 0x0004($v0)           ## 00000004
.L808C9310:
/* 04390 808C9310 2401000D */  addiu   $at, $zero, 0x000D         ## $at = 0000000D
/* 04394 808C9314 14A10005 */  bne     $a1, $at, .L808C932C       
/* 04398 808C9318 8FA20028 */  lw      $v0, 0x0028($sp)           
/* 0439C 808C931C 844E0004 */  lh      $t6, 0x0004($v0)           ## 00000004
/* 043A0 808C9320 848F02F4 */  lh      $t7, 0x02F4($a0)           ## 000002F4
/* 043A4 808C9324 01CFC021 */  addu    $t8, $t6, $t7              
/* 043A8 808C9328 A4580004 */  sh      $t8, 0x0004($v0)           ## 00000004
.L808C932C:
/* 043AC 808C932C 00001025 */  or      $v0, $zero, $zero          ## $v0 = 00000000
.L808C9330:
/* 043B0 808C9330 8FBF0014 */  lw      $ra, 0x0014($sp)           
/* 043B4 808C9334 27BD0018 */  addiu   $sp, $sp, 0x0018           ## $sp = 00000000
/* 043B8 808C9338 03E00008 */  jr      $ra                        
/* 043BC 808C933C 00000000 */  nop


glabel func_808C9340
/* 043C0 808C9340 27BDFF80 */  addiu   $sp, $sp, 0xFF80           ## $sp = FFFFFF80
/* 043C4 808C9344 AFB00020 */  sw      $s0, 0x0020($sp)           
/* 043C8 808C9348 00808025 */  or      $s0, $a0, $zero            ## $s0 = 00000000
/* 043CC 808C934C AFBF002C */  sw      $ra, 0x002C($sp)           
/* 043D0 808C9350 AFB20028 */  sw      $s2, 0x0028($sp)           
/* 043D4 808C9354 AFB10024 */  sw      $s1, 0x0024($sp)           
/* 043D8 808C9358 AFA50084 */  sw      $a1, 0x0084($sp)           
/* 043DC 808C935C AFA60088 */  sw      $a2, 0x0088($sp)           
/* 043E0 808C9360 AFA7008C */  sw      $a3, 0x008C($sp)           
/* 043E4 808C9364 8FAE0084 */  lw      $t6, 0x0084($sp)           
/* 043E8 808C9368 24010015 */  addiu   $at, $zero, 0x0015         ## $at = 00000015
/* 043EC 808C936C 8FB20090 */  lw      $s2, 0x0090($sp)           
/* 043F0 808C9370 15C1005C */  bne     $t6, $at, .L808C94E4       
/* 043F4 808C9374 8FA90084 */  lw      $t1, 0x0084($sp)           
/* 043F8 808C9378 0C0606D4 */  jal     func_80181B50              
/* 043FC 808C937C 2644032C */  addiu   $a0, $s2, 0x032C           ## $a0 = 0000032C
/* 04400 808C9380 924F0798 */  lbu     $t7, 0x0798($s2)           ## 00000798
/* 04404 808C9384 31F80001 */  andi    $t8, $t7, 0x0001           ## $t8 = 00000000
/* 04408 808C9388 53000037 */  beql    $t8, $zero, .L808C9468     
/* 0440C 808C938C 924D018C */  lbu     $t5, 0x018C($s2)           ## 0000018C
/* 04410 808C9390 865902EE */  lh      $t9, 0x02EE($s2)           ## 000002EE
/* 04414 808C9394 864802EC */  lh      $t0, 0x02EC($s2)           ## 000002EC
/* 04418 808C9398 27A4006C */  addiu   $a0, $sp, 0x006C           ## $a0 = FFFFFFEC
/* 0441C 808C939C 53280032 */  beql    $t9, $t0, .L808C9468       
/* 04420 808C93A0 924D018C */  lbu     $t5, 0x018C($s2)           ## 0000018C
/* 04424 808C93A4 0C03FD43 */  jal     func_800FF50C              
/* 04428 808C93A8 264507C8 */  addiu   $a1, $s2, 0x07C8           ## $a1 = 000007C8
/* 0442C 808C93AC 27A40060 */  addiu   $a0, $sp, 0x0060           ## $a0 = FFFFFFE0
/* 04430 808C93B0 0C03FD43 */  jal     func_800FF50C              
/* 04434 808C93B4 264507D4 */  addiu   $a1, $s2, 0x07D4           ## $a1 = 000007D4
/* 04438 808C93B8 8E4A0188 */  lw      $t2, 0x0188($s2)           ## 00000188
/* 0443C 808C93BC 3C09808C */  lui     $t1, %hi(func_808C682C)    ## $t1 = 808C0000
/* 04440 808C93C0 2529682C */  addiu   $t1, $t1, %lo(func_808C682C) ## $t1 = 808C682C
/* 04444 808C93C4 152A000D */  bne     $t1, $t2, .L808C93FC       
/* 04448 808C93C8 27B10048 */  addiu   $s1, $sp, 0x0048           ## $s1 = FFFFFFC8
/* 0444C 808C93CC 27B00054 */  addiu   $s0, $sp, 0x0054           ## $s0 = FFFFFFD4
/* 04450 808C93D0 3C01808D */  lui     $at, %hi(D_808C9BFC)       ## $at = 808D0000
/* 04454 808C93D4 C42C9BFC */  lwc1    $f12, %lo(D_808C9BFC)($at) 
/* 04458 808C93D8 0C0606DE */  jal     func_80181B78              
/* 0445C 808C93DC 02002825 */  or      $a1, $s0, $zero            ## $a1 = FFFFFFD4
/* 04460 808C93E0 27B10048 */  addiu   $s1, $sp, 0x0048           ## $s1 = FFFFFFC8
/* 04464 808C93E4 3C04808D */  lui     $a0, %hi(D_808C9AF4)       ## $a0 = 808D0000
/* 04468 808C93E8 24849AF4 */  addiu   $a0, $a0, %lo(D_808C9AF4)  ## $a0 = 808C9AF4
/* 0446C 808C93EC 0C0606A6 */  jal     func_80181A98              
/* 04470 808C93F0 02202825 */  or      $a1, $s1, $zero            ## $a1 = FFFFFFC8
/* 04474 808C93F4 1000000B */  beq     $zero, $zero, .L808C9424   
/* 04478 808C93F8 27AB0060 */  addiu   $t3, $sp, 0x0060           ## $t3 = FFFFFFE0
.L808C93FC:
/* 0447C 808C93FC 3C01808D */  lui     $at, %hi(D_808C9C00)       ## $at = 808D0000
/* 04480 808C9400 C42C9C00 */  lwc1    $f12, %lo(D_808C9C00)($at) 
/* 04484 808C9404 0C0606F1 */  jal     func_80181BC4              
/* 04488 808C9408 02202825 */  or      $a1, $s1, $zero            ## $a1 = FFFFFFC8
/* 0448C 808C940C 27B00054 */  addiu   $s0, $sp, 0x0054           ## $s0 = FFFFFFD4
/* 04490 808C9410 3C04808D */  lui     $a0, %hi(D_808C9B00)       ## $a0 = 808D0000
/* 04494 808C9414 24849B00 */  addiu   $a0, $a0, %lo(D_808C9B00)  ## $a0 = 808C9B00
/* 04498 808C9418 0C0606A6 */  jal     func_80181A98              
/* 0449C 808C941C 02002825 */  or      $a1, $s0, $zero            ## $a1 = FFFFFFD4
/* 044A0 808C9420 27AB0060 */  addiu   $t3, $sp, 0x0060           ## $t3 = FFFFFFE0
.L808C9424:
/* 044A4 808C9424 AFAB0010 */  sw      $t3, 0x0010($sp)           
/* 044A8 808C9428 26440788 */  addiu   $a0, $s2, 0x0788           ## $a0 = 00000788
/* 044AC 808C942C 02202825 */  or      $a1, $s1, $zero            ## $a1 = FFFFFFC8
/* 044B0 808C9430 02003025 */  or      $a2, $s0, $zero            ## $a2 = FFFFFFD4
/* 044B4 808C9434 0C039F97 */  jal     func_800E7E5C              
/* 044B8 808C9438 27A7006C */  addiu   $a3, $sp, 0x006C           ## $a3 = FFFFFFEC
/* 044BC 808C943C 0C02BDC8 */  jal     func_800AF720              
/* 044C0 808C9440 8E440300 */  lw      $a0, 0x0300($s2)           ## 00000300
/* 044C4 808C9444 00402025 */  or      $a0, $v0, $zero            ## $a0 = 00000000
/* 044C8 808C9448 02002825 */  or      $a1, $s0, $zero            ## $a1 = FFFFFFD4
/* 044CC 808C944C 0C02A07C */  jal     func_800A81F0              
/* 044D0 808C9450 02203025 */  or      $a2, $s1, $zero            ## $a2 = FFFFFFC8
/* 044D4 808C9454 864C02EE */  lh      $t4, 0x02EE($s2)           ## 000002EE
/* 044D8 808C9458 A64C02EC */  sh      $t4, 0x02EC($s2)           ## 000002EC
/* 044DC 808C945C 10000063 */  beq     $zero, $zero, .L808C95EC   
/* 044E0 808C9460 8FB90084 */  lw      $t9, 0x0084($sp)           
/* 044E4 808C9464 924D018C */  lbu     $t5, 0x018C($s2)           ## 0000018C
.L808C9468:
/* 044E8 808C9468 51A00060 */  beql    $t5, $zero, .L808C95EC     
/* 044EC 808C946C 8FB90084 */  lw      $t9, 0x0084($sp)           
/* 044F0 808C9470 8E4F0188 */  lw      $t7, 0x0188($s2)           ## 00000188
/* 044F4 808C9474 3C0E808C */  lui     $t6, %hi(func_808C682C)    ## $t6 = 808C0000
/* 044F8 808C9478 25CE682C */  addiu   $t6, $t6, %lo(func_808C682C) ## $t6 = 808C682C
/* 044FC 808C947C 15CF000B */  bne     $t6, $t7, .L808C94AC       
/* 04500 808C9480 3C01808D */  lui     $at, %hi(D_808C9C08)       ## $at = 808D0000
/* 04504 808C9484 3C01808D */  lui     $at, %hi(D_808C9C04)       ## $at = 808D0000
/* 04508 808C9488 C42C9C04 */  lwc1    $f12, %lo(D_808C9C04)($at) 
/* 0450C 808C948C 0C0606DE */  jal     func_80181B78              
/* 04510 808C9490 264507D4 */  addiu   $a1, $s2, 0x07D4           ## $a1 = 000007D4
/* 04514 808C9494 3C04808D */  lui     $a0, %hi(D_808C9AF4)       ## $a0 = 808D0000
/* 04518 808C9498 24849AF4 */  addiu   $a0, $a0, %lo(D_808C9AF4)  ## $a0 = 808C9AF4
/* 0451C 808C949C 0C0606A6 */  jal     func_80181A98              
/* 04520 808C94A0 264507C8 */  addiu   $a1, $s2, 0x07C8           ## $a1 = 000007C8
/* 04524 808C94A4 10000009 */  beq     $zero, $zero, .L808C94CC   
/* 04528 808C94A8 92580798 */  lbu     $t8, 0x0798($s2)           ## 00000798
.L808C94AC:
/* 0452C 808C94AC C42C9C08 */  lwc1    $f12, %lo(D_808C9C08)($at) 
/* 04530 808C94B0 0C0606F1 */  jal     func_80181BC4              
/* 04534 808C94B4 264507C8 */  addiu   $a1, $s2, 0x07C8           ## $a1 = 000007C8
/* 04538 808C94B8 3C04808D */  lui     $a0, %hi(D_808C9B00)       ## $a0 = 808D0000
/* 0453C 808C94BC 24849B00 */  addiu   $a0, $a0, %lo(D_808C9B00)  ## $a0 = 808C9B00
/* 04540 808C94C0 0C0606A6 */  jal     func_80181A98              
/* 04544 808C94C4 264507D4 */  addiu   $a1, $s2, 0x07D4           ## $a1 = 000007D4
/* 04548 808C94C8 92580798 */  lbu     $t8, 0x0798($s2)           ## 00000798
.L808C94CC:
/* 0454C 808C94CC 864802EE */  lh      $t0, 0x02EE($s2)           ## 000002EE
/* 04550 808C94D0 A240018C */  sb      $zero, 0x018C($s2)         ## 0000018C
/* 04554 808C94D4 37190001 */  ori     $t9, $t8, 0x0001           ## $t9 = 00000001
/* 04558 808C94D8 A2590798 */  sb      $t9, 0x0798($s2)           ## 00000798
/* 0455C 808C94DC 10000042 */  beq     $zero, $zero, .L808C95E8   
/* 04560 808C94E0 A64802EC */  sh      $t0, 0x02EC($s2)           ## 000002EC
.L808C94E4:
/* 04564 808C94E4 24010002 */  addiu   $at, $zero, 0x0002         ## $at = 00000002
/* 04568 808C94E8 15210026 */  bne     $t1, $at, .L808C9584       
/* 0456C 808C94EC 8FB20090 */  lw      $s2, 0x0090($sp)           
/* 04570 808C94F0 8E4B0188 */  lw      $t3, 0x0188($s2)           ## 00000188
/* 04574 808C94F4 3C0A808C */  lui     $t2, %hi(func_808C7AAC)    ## $t2 = 808C0000
/* 04578 808C94F8 254A7AAC */  addiu   $t2, $t2, %lo(func_808C7AAC) ## $t2 = 808C7AAC
/* 0457C 808C94FC 514B0022 */  beql    $t2, $t3, .L808C9588       
/* 04580 808C9500 8FAB0084 */  lw      $t3, 0x0084($sp)           
/* 04584 808C9504 0C060067 */  jal     func_8018019C              
/* 04588 808C9508 00000000 */  nop
/* 0458C 808C950C 02402025 */  or      $a0, $s2, $zero            ## $a0 = 00000000
/* 04590 808C9510 0C232458 */  jal     func_808C9160              
/* 04594 808C9514 02002825 */  or      $a1, $s0, $zero            ## $a1 = FFFFFFD4
/* 04598 808C9518 0C060073 */  jal     func_801801CC              
/* 0459C 808C951C 00000000 */  nop
/* 045A0 808C9520 0C0606D4 */  jal     func_80181B50              
/* 045A4 808C9524 2644003C */  addiu   $a0, $s2, 0x003C           ## $a0 = 0000003C
/* 045A8 808C9528 C644003C */  lwc1    $f4, 0x003C($s2)           ## 0000003C
/* 045AC 808C952C C6400040 */  lwc1    $f0, 0x0040($s2)           ## 00000040
/* 045B0 808C9530 C64A0044 */  lwc1    $f10, 0x0044($s2)          ## 00000044
/* 045B4 808C9534 4600218D */  trunc.w.s $f6, $f4                   
/* 045B8 808C9538 8648001C */  lh      $t0, 0x001C($s2)           ## 0000001C
/* 045BC 808C953C 4600020D */  trunc.w.s $f8, $f0                   
/* 045C0 808C9540 440D3000 */  mfc1    $t5, $f6                   
/* 045C4 808C9544 29010005 */  slti    $at, $t0, 0x0005           
/* 045C8 808C9548 4600540D */  trunc.w.s $f16, $f10                 
/* 045CC 808C954C 440F4000 */  mfc1    $t7, $f8                   
/* 045D0 808C9550 A64D0850 */  sh      $t5, 0x0850($s2)           ## 00000850
/* 045D4 808C9554 44198000 */  mfc1    $t9, $f16                  
/* 045D8 808C9558 A64F0852 */  sh      $t7, 0x0852($s2)           ## 00000852
/* 045DC 808C955C 10200022 */  beq     $at, $zero, .L808C95E8     
/* 045E0 808C9560 A6590854 */  sh      $t9, 0x0854($s2)           ## 00000854
/* 045E4 808C9564 3C0140A0 */  lui     $at, 0x40A0                ## $at = 40A00000
/* 045E8 808C9568 44819000 */  mtc1    $at, $f18                  ## $f18 = 5.00
/* 045EC 808C956C 00000000 */  nop
/* 045F0 808C9570 46120100 */  add.s   $f4, $f0, $f18             
/* 045F4 808C9574 4600218D */  trunc.w.s $f6, $f4                   
/* 045F8 808C9578 440A3000 */  mfc1    $t2, $f6                   
/* 045FC 808C957C 1000001A */  beq     $zero, $zero, .L808C95E8   
/* 04600 808C9580 A64A0852 */  sh      $t2, 0x0852($s2)           ## 00000852
.L808C9584:
/* 04604 808C9584 8FAB0084 */  lw      $t3, 0x0084($sp)           
.L808C9588:
/* 04608 808C9588 24010014 */  addiu   $at, $zero, 0x0014         ## $at = 00000014
/* 0460C 808C958C 8FB20090 */  lw      $s2, 0x0090($sp)           
/* 04610 808C9590 55610016 */  bnel    $t3, $at, .L808C95EC       
/* 04614 808C9594 8FB90084 */  lw      $t9, 0x0084($sp)           
/* 04618 808C9598 8E420188 */  lw      $v0, 0x0188($s2)           ## 00000188
/* 0461C 808C959C 3C0C808C */  lui     $t4, %hi(func_808C6AB0)    ## $t4 = 808C0000
/* 04620 808C95A0 258C6AB0 */  addiu   $t4, $t4, %lo(func_808C6AB0) ## $t4 = 808C6AB0
/* 04624 808C95A4 1182000E */  beq     $t4, $v0, .L808C95E0       
/* 04628 808C95A8 3C0D808C */  lui     $t5, %hi(func_808C692C)    ## $t5 = 808C0000
/* 0462C 808C95AC 25AD692C */  addiu   $t5, $t5, %lo(func_808C692C) ## $t5 = 808C692C
/* 04630 808C95B0 11A2000B */  beq     $t5, $v0, .L808C95E0       
/* 04634 808C95B4 3C0E808C */  lui     $t6, %hi(func_808C6070)    ## $t6 = 808C0000
/* 04638 808C95B8 25CE6070 */  addiu   $t6, $t6, %lo(func_808C6070) ## $t6 = 808C6070
/* 0463C 808C95BC 11C20008 */  beq     $t6, $v0, .L808C95E0       
/* 04640 808C95C0 3C0F808C */  lui     $t7, %hi(func_808C6F6C)    ## $t7 = 808C0000
/* 04644 808C95C4 25EF6F6C */  addiu   $t7, $t7, %lo(func_808C6F6C) ## $t7 = 808C6F6C
/* 04648 808C95C8 55E20008 */  bnel    $t7, $v0, .L808C95EC       
/* 0464C 808C95CC 8FB90084 */  lw      $t9, 0x0084($sp)           
/* 04650 808C95D0 9258018E */  lbu     $t8, 0x018E($s2)           ## 0000018E
/* 04654 808C95D4 24010001 */  addiu   $at, $zero, 0x0001         ## $at = 00000001
/* 04658 808C95D8 57010004 */  bnel    $t8, $at, .L808C95EC       
/* 0465C 808C95DC 8FB90084 */  lw      $t9, 0x0084($sp)           
.L808C95E0:
/* 04660 808C95E0 0C06007A */  jal     func_801801E8              
/* 04664 808C95E4 264406A4 */  addiu   $a0, $s2, 0x06A4           ## $a0 = 000006A4
.L808C95E8:
/* 04668 808C95E8 8FB90084 */  lw      $t9, 0x0084($sp)           
.L808C95EC:
/* 0466C 808C95EC 3C03808D */  lui     $v1, %hi(D_808C9B48)       ## $v1 = 808D0000
/* 04670 808C95F0 2401FFFF */  addiu   $at, $zero, 0xFFFF         ## $at = FFFFFFFF
/* 04674 808C95F4 00791821 */  addu    $v1, $v1, $t9              
/* 04678 808C95F8 80639B48 */  lb      $v1, %lo(D_808C9B48)($v1)  
/* 0467C 808C95FC 1061002C */  beq     $v1, $at, .L808C96B0       
/* 04680 808C9600 28610007 */  slti    $at, $v1, 0x0007           
/* 04684 808C9604 10200008 */  beq     $at, $zero, .L808C9628     
/* 04688 808C9608 2405000C */  addiu   $a1, $zero, 0x000C         ## $a1 = 0000000C
/* 0468C 808C960C 00650019 */  multu   $v1, $a1                   
/* 04690 808C9610 00004012 */  mflo    $t0                        
/* 04694 808C9614 02482021 */  addu    $a0, $s2, $t0              
/* 04698 808C9618 0C0606D4 */  jal     func_80181B50              
/* 0469C 808C961C 2484035C */  addiu   $a0, $a0, 0x035C           ## $a0 = 0000035C
/* 046A0 808C9620 10000024 */  beq     $zero, $zero, .L808C96B4   
/* 046A4 808C9624 8FBF002C */  lw      $ra, 0x002C($sp)           
.L808C9628:
/* 046A8 808C9628 24010007 */  addiu   $at, $zero, 0x0007         ## $at = 00000007
/* 046AC 808C962C 14610015 */  bne     $v1, $at, .L808C9684       
/* 046B0 808C9630 2405000C */  addiu   $a1, $zero, 0x000C         ## $a1 = 0000000C
/* 046B4 808C9634 2405000C */  addiu   $a1, $zero, 0x000C         ## $a1 = 0000000C
/* 046B8 808C9638 00650019 */  multu   $v1, $a1                   
/* 046BC 808C963C 3C11808D */  lui     $s1, %hi(D_808C9B0C)       ## $s1 = 808D0000
/* 046C0 808C9640 26319B0C */  addiu   $s1, $s1, %lo(D_808C9B0C)  ## $s1 = 808C9B0C
/* 046C4 808C9644 00001025 */  or      $v0, $zero, $zero          ## $v0 = 00000000
/* 046C8 808C9648 00004812 */  mflo    $t1                        
/* 046CC 808C964C 02498021 */  addu    $s0, $s2, $t1              
/* 046D0 808C9650 2610035C */  addiu   $s0, $s0, 0x035C           ## $s0 = 00000330
.L808C9654:
/* 046D4 808C9654 02202025 */  or      $a0, $s1, $zero            ## $a0 = 808C9B0C
/* 046D8 808C9658 02002825 */  or      $a1, $s0, $zero            ## $a1 = 00000330
/* 046DC 808C965C 0C0606A6 */  jal     func_80181A98              
/* 046E0 808C9660 AFA20044 */  sw      $v0, 0x0044($sp)           
/* 046E4 808C9664 8FA20044 */  lw      $v0, 0x0044($sp)           
/* 046E8 808C9668 24010005 */  addiu   $at, $zero, 0x0005         ## $at = 00000005
/* 046EC 808C966C 2631000C */  addiu   $s1, $s1, 0x000C           ## $s1 = 808C9B18
/* 046F0 808C9670 24420001 */  addiu   $v0, $v0, 0x0001           ## $v0 = 00000001
/* 046F4 808C9674 1441FFF7 */  bne     $v0, $at, .L808C9654       
/* 046F8 808C9678 2610000C */  addiu   $s0, $s0, 0x000C           ## $s0 = 0000033C
/* 046FC 808C967C 1000000D */  beq     $zero, $zero, .L808C96B4   
/* 04700 808C9680 8FBF002C */  lw      $ra, 0x002C($sp)           
.L808C9684:
/* 04704 808C9684 5465000B */  bnel    $v1, $a1, .L808C96B4       
/* 04708 808C9688 8FBF002C */  lw      $ra, 0x002C($sp)           
/* 0470C 808C968C 00650019 */  multu   $v1, $a1                   
/* 04710 808C9690 00005012 */  mflo    $t2                        
/* 04714 808C9694 024A8021 */  addu    $s0, $s2, $t2              
/* 04718 808C9698 0C0606D4 */  jal     func_80181B50              
/* 0471C 808C969C 2604035C */  addiu   $a0, $s0, 0x035C           ## $a0 = 00000698
/* 04720 808C96A0 3C01C4FA */  lui     $at, 0xC4FA                ## $at = C4FA0000
/* 04724 808C96A4 44816000 */  mtc1    $at, $f12                  ## $f12 = -2000.00
/* 04728 808C96A8 0C0606F1 */  jal     func_80181BC4              
/* 0472C 808C96AC 26050368 */  addiu   $a1, $s0, 0x0368           ## $a1 = 000006A4
.L808C96B0:
/* 04730 808C96B0 8FBF002C */  lw      $ra, 0x002C($sp)           
.L808C96B4:
/* 04734 808C96B4 8FB00020 */  lw      $s0, 0x0020($sp)           
/* 04738 808C96B8 8FB10024 */  lw      $s1, 0x0024($sp)           
/* 0473C 808C96BC 8FB20028 */  lw      $s2, 0x0028($sp)           
/* 04740 808C96C0 03E00008 */  jr      $ra                        
/* 04744 808C96C4 27BD0080 */  addiu   $sp, $sp, 0x0080           ## $sp = 00000000


glabel func_808C96C8
/* 04748 808C96C8 27BDFFB0 */  addiu   $sp, $sp, 0xFFB0           ## $sp = FFFFFFB0
/* 0474C 808C96CC AFB10028 */  sw      $s1, 0x0028($sp)           
/* 04750 808C96D0 AFB00024 */  sw      $s0, 0x0024($sp)           
/* 04754 808C96D4 00808025 */  or      $s0, $a0, $zero            ## $s0 = 00000000
/* 04758 808C96D8 00A08825 */  or      $s1, $a1, $zero            ## $s1 = 00000000
/* 0475C 808C96DC AFBF002C */  sw      $ra, 0x002C($sp)           
/* 04760 808C96E0 8E240000 */  lw      $a0, 0x0000($s1)           ## 00000000
/* 04764 808C96E4 0C04B0A3 */  jal     func_8012C28C              
/* 04768 808C96E8 AFA40044 */  sw      $a0, 0x0044($sp)           
/* 0476C 808C96EC 02002025 */  or      $a0, $s0, $zero            ## $a0 = 00000000
/* 04770 808C96F0 02202825 */  or      $a1, $s1, $zero            ## $a1 = 00000000
/* 04774 808C96F4 0C02E014 */  jal     func_800B8050              
/* 04778 808C96F8 00003025 */  or      $a2, $zero, $zero          ## $a2 = 00000000
/* 0477C 808C96FC 02202025 */  or      $a0, $s1, $zero            ## $a0 = 00000000
/* 04780 808C9700 8E050734 */  lw      $a1, 0x0734($s0)           ## 00000734
/* 04784 808C9704 0C04C632 */  jal     func_801318C8              
/* 04788 808C9708 92060191 */  lbu     $a2, 0x0191($s0)           ## 00000191
/* 0478C 808C970C 02202025 */  or      $a0, $s1, $zero            ## $a0 = 00000000
/* 04790 808C9710 0C04C5E3 */  jal     func_8013178C              
/* 04794 808C9714 8E050738 */  lw      $a1, 0x0738($s0)           ## 00000738
/* 04798 808C9718 02202025 */  or      $a0, $s1, $zero            ## $a0 = 00000000
/* 0479C 808C971C 00002825 */  or      $a1, $zero, $zero          ## $a1 = 00000000
/* 047A0 808C9720 0C04C77C */  jal     func_80131DF0              
/* 047A4 808C9724 24060001 */  addiu   $a2, $zero, 0x0001         ## $a2 = 00000001
/* 047A8 808C9728 8FA40044 */  lw      $a0, 0x0044($sp)           
/* 047AC 808C972C 8C8302B0 */  lw      $v1, 0x02B0($a0)           ## 000002B0
/* 047B0 808C9730 3C181E1E */  lui     $t8, 0x1E1E                ## $t8 = 1E1E0000
/* 047B4 808C9734 371800FF */  ori     $t8, $t8, 0x00FF           ## $t8 = 1E1E00FF
/* 047B8 808C9738 246E0008 */  addiu   $t6, $v1, 0x0008           ## $t6 = 00000008
/* 047BC 808C973C AC8E02B0 */  sw      $t6, 0x02B0($a0)           ## 000002B0
/* 047C0 808C9740 3C0FFB00 */  lui     $t7, 0xFB00                ## $t7 = FB000000
/* 047C4 808C9744 AC6F0000 */  sw      $t7, 0x0000($v1)           ## 00000000
/* 047C8 808C9748 AC780004 */  sw      $t8, 0x0004($v1)           ## 00000004
/* 047CC 808C974C 3C19808C */  lui     $t9, %hi(func_808C7AAC)    ## $t9 = 808C0000
/* 047D0 808C9750 27397AAC */  addiu   $t9, $t9, %lo(func_808C7AAC) ## $t9 = 808C7AAC
/* 047D4 808C9754 AFB90038 */  sw      $t9, 0x0038($sp)           
/* 047D8 808C9758 8E020188 */  lw      $v0, 0x0188($s0)           ## 00000188
/* 047DC 808C975C 3C08808C */  lui     $t0, %hi(func_808C7888)    ## $t0 = 808C0000
/* 047E0 808C9760 25087888 */  addiu   $t0, $t0, %lo(func_808C7888) ## $t0 = 808C7888
/* 047E4 808C9764 1322000F */  beq     $t9, $v0, .L808C97A4       
/* 047E8 808C9768 00000000 */  nop
/* 047EC 808C976C 1102000D */  beq     $t0, $v0, .L808C97A4       
/* 047F0 808C9770 02202025 */  or      $a0, $s1, $zero            ## $a0 = 00000000
/* 047F4 808C9774 8E050148 */  lw      $a1, 0x0148($s0)           ## 00000148
/* 047F8 808C9778 8E060164 */  lw      $a2, 0x0164($s0)           ## 00000164
/* 047FC 808C977C 92070146 */  lbu     $a3, 0x0146($s0)           ## 00000146
/* 04800 808C9780 3C09808D */  lui     $t1, %hi(func_808C9220)    ## $t1 = 808D0000
/* 04804 808C9784 3C0A808D */  lui     $t2, %hi(func_808C9340)    ## $t2 = 808D0000
/* 04808 808C9788 254A9340 */  addiu   $t2, $t2, %lo(func_808C9340) ## $t2 = 808C9340
/* 0480C 808C978C 25299220 */  addiu   $t1, $t1, %lo(func_808C9220) ## $t1 = 808C9220
/* 04810 808C9790 AFA90010 */  sw      $t1, 0x0010($sp)           
/* 04814 808C9794 AFAA0014 */  sw      $t2, 0x0014($sp)           
/* 04818 808C9798 0C04CFCA */  jal     func_80133F28              
/* 0481C 808C979C AFB00018 */  sw      $s0, 0x0018($sp)           
/* 04820 808C97A0 8E020188 */  lw      $v0, 0x0188($s0)           ## 00000188
.L808C97A4:
/* 04824 808C97A4 3C0B808C */  lui     $t3, %hi(func_808C7888)    ## $t3 = 808C0000
/* 04828 808C97A8 256B7888 */  addiu   $t3, $t3, %lo(func_808C7888) ## $t3 = 808C7888
/* 0482C 808C97AC 15620004 */  bne     $t3, $v0, .L808C97C0       
/* 04830 808C97B0 AFAB0034 */  sw      $t3, 0x0034($sp)           
/* 04834 808C97B4 02002025 */  or      $a0, $s0, $zero            ## $a0 = 00000000
/* 04838 808C97B8 0C232458 */  jal     func_808C9160              
/* 0483C 808C97BC 02202825 */  or      $a1, $s1, $zero            ## $a1 = 00000000
.L808C97C0:
/* 04840 808C97C0 920C018E */  lbu     $t4, 0x018E($s0)           ## 0000018E
/* 04844 808C97C4 02002025 */  or      $a0, $s0, $zero            ## $a0 = 00000000
/* 04848 808C97C8 55800004 */  bnel    $t4, $zero, .L808C97DC     
/* 0484C 808C97CC 920D011C */  lbu     $t5, 0x011C($s0)           ## 0000011C
/* 04850 808C97D0 0C2321A4 */  jal     func_808C8690              
/* 04854 808C97D4 02202825 */  or      $a1, $s1, $zero            ## $a1 = 00000000
/* 04858 808C97D8 920D011C */  lbu     $t5, 0x011C($s0)           ## 0000011C
.L808C97DC:
/* 0485C 808C97DC 51A00004 */  beql    $t5, $zero, .L808C97F0     
/* 04860 808C97E0 C6040314 */  lwc1    $f4, 0x0314($s0)           ## 00000314
/* 04864 808C97E4 0C02B968 */  jal     func_800AE5A0              
/* 04868 808C97E8 02202025 */  or      $a0, $s1, $zero            ## $a0 = 00000000
/* 0486C 808C97EC C6040314 */  lwc1    $f4, 0x0314($s0)           ## 00000314
.L808C97F0:
/* 04870 808C97F0 02202025 */  or      $a0, $s1, $zero            ## $a0 = 00000000
/* 04874 808C97F4 02002825 */  or      $a1, $s0, $zero            ## $a1 = 00000000
/* 04878 808C97F8 E7A40010 */  swc1    $f4, 0x0010($sp)           
/* 0487C 808C97FC C6060318 */  lwc1    $f6, 0x0318($s0)           ## 00000318
/* 04880 808C9800 2606035C */  addiu   $a2, $s0, 0x035C           ## $a2 = 0000035C
/* 04884 808C9804 2407000E */  addiu   $a3, $zero, 0x000E         ## $a3 = 0000000E
/* 04888 808C9808 E7A60014 */  swc1    $f6, 0x0014($sp)           
/* 0488C 808C980C C608031C */  lwc1    $f8, 0x031C($s0)           ## 0000031C
/* 04890 808C9810 E7A80018 */  swc1    $f8, 0x0018($sp)           
/* 04894 808C9814 920E018F */  lbu     $t6, 0x018F($s0)           ## 0000018F
/* 04898 808C9818 0C02F9A0 */  jal     func_800BE680              
/* 0489C 808C981C AFAE001C */  sw      $t6, 0x001C($sp)           
/* 048A0 808C9820 8E020188 */  lw      $v0, 0x0188($s0)           ## 00000188
/* 048A4 808C9824 3C0F808C */  lui     $t7, %hi(func_808C6AB0)    ## $t7 = 808C0000
/* 048A8 808C9828 25EF6AB0 */  addiu   $t7, $t7, %lo(func_808C6AB0) ## $t7 = 808C6AB0
/* 048AC 808C982C 11E20003 */  beq     $t7, $v0, .L808C983C       
/* 048B0 808C9830 3C18808C */  lui     $t8, %hi(func_808C692C)    ## $t8 = 808C0000
/* 048B4 808C9834 2718692C */  addiu   $t8, $t8, %lo(func_808C692C) ## $t8 = 808C692C
/* 048B8 808C9838 17020003 */  bne     $t8, $v0, .L808C9848       
.L808C983C:
/* 048BC 808C983C 02002025 */  or      $a0, $s0, $zero            ## $a0 = 00000000
/* 048C0 808C9840 0C232129 */  jal     func_808C84A4              
/* 048C4 808C9844 02202825 */  or      $a1, $s1, $zero            ## $a1 = 00000000
.L808C9848:
/* 048C8 808C9848 02002025 */  or      $a0, $s0, $zero            ## $a0 = 00000000
/* 048CC 808C984C 0C23220B */  jal     func_808C882C              
/* 048D0 808C9850 02202825 */  or      $a1, $s1, $zero            ## $a1 = 00000000
/* 048D4 808C9854 8E020188 */  lw      $v0, 0x0188($s0)           ## 00000188
/* 048D8 808C9858 8FB90038 */  lw      $t9, 0x0038($sp)           
/* 048DC 808C985C 8FA80034 */  lw      $t0, 0x0034($sp)           
/* 048E0 808C9860 02002025 */  or      $a0, $s0, $zero            ## $a0 = 00000000
/* 048E4 808C9864 13220009 */  beq     $t9, $v0, .L808C988C       
/* 048E8 808C9868 00000000 */  nop
/* 048EC 808C986C 11020007 */  beq     $t0, $v0, .L808C988C       
/* 048F0 808C9870 3C09808C */  lui     $t1, %hi(func_808C74F8)    ## $t1 = 808C0000
/* 048F4 808C9874 252974F8 */  addiu   $t1, $t1, %lo(func_808C74F8) ## $t1 = 808C74F8
/* 048F8 808C9878 55220007 */  bnel    $t1, $v0, .L808C9898       
/* 048FC 808C987C 3C010001 */  lui     $at, 0x0001                ## $at = 00010000
/* 04900 808C9880 860A02EE */  lh      $t2, 0x02EE($s0)           ## 000002EE
/* 04904 808C9884 59400004 */  blezl   $t2, .L808C9898            
/* 04908 808C9888 3C010001 */  lui     $at, 0x0001                ## $at = 00010000
.L808C988C:
/* 0490C 808C988C 0C232346 */  jal     func_808C8D18              
/* 04910 808C9890 02202825 */  or      $a1, $s1, $zero            ## $a1 = 00000000
/* 04914 808C9894 3C010001 */  lui     $at, 0x0001                ## $at = 00010000
.L808C9898:
/* 04918 808C9898 342187B0 */  ori     $at, $at, 0x87B0           ## $at = 000187B0
/* 0491C 808C989C 02212021 */  addu    $a0, $s1, $at              
/* 04920 808C98A0 2605032C */  addiu   $a1, $s0, 0x032C           ## $a1 = 0000032C
/* 04924 808C98A4 0C04E322 */  jal     func_80138C88              
/* 04928 808C98A8 26060338 */  addiu   $a2, $s0, 0x0338           ## $a2 = 00000338
/* 0492C 808C98AC 8FBF002C */  lw      $ra, 0x002C($sp)           
/* 04930 808C98B0 8FB00024 */  lw      $s0, 0x0024($sp)           
/* 04934 808C98B4 8FB10028 */  lw      $s1, 0x0028($sp)           
/* 04938 808C98B8 03E00008 */  jr      $ra                        
/* 0493C 808C98BC 27BD0050 */  addiu   $sp, $sp, 0x0050           ## $sp = 00000000

.section .data

D_808C98C0: .word 0x00430500, 0x00001035, 0x00520000, 0x00000938
.word func_808C4F80
.word func_808C52A0
.word func_808C8170
.word func_808C96C8
D_808C98E0: .word \
0x03000800, 0x10040000, 0x00000000, 0xF7CFFFFF, \
0x00000000, 0xF7CFFFFF, 0x00000000, 0x00010000, \
0x01000000, 0x00000000, 0x00160064
D_808C990C: .word \
0x0A000039, 0x10010000, 0x00000000, 0x00000000, \
0x00000000, 0x00000000, 0x00000000, 0x00000100, \
0x0023005A, 0x00140000, 0x00000000
D_808C9938: .word \
0x02000000, 0xF7CFFFFF, 0x04200000, 0xF7CFFFFF, \
0x00000000, 0x01010000, 0x00000000, 0x00000000, \
0x00000000, 0x00000000, 0x00000000, 0x00000000, \
0x00000000, 0x00000000, 0x00000000, 0x02000000, \
0xF7CFFFFF, 0x04200000, 0xF7CFFFFF, 0x00000000, \
0x01010000, 0x00000000, 0x00000000, 0x00000000, \
0x00000000, 0x00000000, 0x00000000, 0x00000000, \
0x00000000, 0x00000000
D_808C99B0: .word 0x09110D00, 0x10020000, 0x00000002
.word D_808C9938
D_808C99C0: .word \
0x0A100000, 0x20030000, 0x00000000, 0xF7CFFFFF, \
0x04200000, 0x00000000, 0x00000000, 0x81000000, \
0x00000000, 0x00000000, 0x00000000, 0x00000000, \
0x00000000, 0x00000000, 0x00000000, 0x00000000, \
0x00000000, 0x00000000, 0x00000000, 0x00000000
D_808C9A10: .word \
0x000100F1, 0x01010001, 0x01010021, 0x31420100, \
0x01020000, 0x00000101, 0x01000000, 0x000000F1
D_808C9A30: .word 0x1400001C, 0x005A0014, 0x64000000
D_808C9A3C: .word \
0x00000000, 0x00080000, 0x643264C8, 0x64000040, \
0x64000014, 0x32000000, 0x08000200, 0x00000000, \
0x00000000
D_808C9A60: .word 0xC0580000, 0x891F001A, 0xB0541770, 0x001F0005
D_808C9A70: .word 0x00000000, 0xBFC00000, 0x00000000
D_808C9A7C: .word 0x00000000, 0xBE4CCCCD, 0x00000000
D_808C9A88: .word 0x00000000
D_808C9A8C: .word 0x28282800
D_808C9A90: .word \
0x001E001E, 0x000A0002, 0x000C0011, 0x00110011, \
0x00110011, 0x00110011, 0x000E000A, 0x000C0009, \
0x0009000C, 0x00090009, 0x001E001E
D_808C9ABC: .word 0x00000000
D_808C9AC0: .word 0xBF800000, 0x00000000
D_808C9AC8: .word 0x00C86400
D_808C9ACC: .word 0x00640000
D_808C9AD0: .word \
0x06009F88, 0x0600A088, 0x0600A188, 0x0600A288, \
0x0600A388, 0x0600A488, 0x0600A588, 0x0600A688, \
0x0600A788
D_808C9AF4: .word 0xC47A0000, 0x463B8000, 0x00000000
D_808C9B00: .word 0xC4FA0000, 0xC51C4000, 0x00000000
D_808C9B0C: .word \
0x447A0000, 0x44FA0000, 0x00000000, 0x44BB8000, \
0x447A0000, 0x457A0000, 0x44BB8000, 0x447A0000, \
0xC57A0000, 0x457A0000, 0x457A0000, 0x44FA0000, \
0x457A0000, 0x457A0000, 0xC4FA0000
D_808C9B48: .word \
0xFFFFFF0C, 0xFF00FFFF, 0xFFFFFFFF, 0xFF070102, \
0x03040506, 0xFFFF0000

.section .rodata

D_808C9B60: .word 0x3CA3D70A
D_808C9B64: .word 0x40C90FDB
D_808C9B68: .word 0x44078000
D_808C9B6C: .word 0x44078000
D_808C9B70: .word 0x43E78000
D_808C9B74: .word 0x43E78000
D_808C9B78: .word 0x43E78000
D_808C9B7C: .word 0x43E78000
D_808C9B80: .word 0x3CB851EC
D_808C9B84: .word 0x3CB851EC
D_808C9B88: .word 0x3C23D70A
D_808C9B8C: .word 0x3B23D70A
D_808C9B90: .word 0x3C23D70A
D_808C9B94: .word 0x4A898000
D_808C9B98: .word 0x3E124925
D_808C9B9C: .word 0x3E124925
D_808C9BA0: .word 0x3FD9999A
D_808C9BA4: .word 0x3FE66666
D_808C9BA8: .word 0x3ECCCCCD
D_808C9BAC: .word 0x3C23D70A
D_808C9BB0: .word 0x3D4CCCCD
D_808C9BB4: .word 0x3DCCCCCD
D_808C9BB8: .word 0x3C23D70A
D_808C9BBC: .word 0x3FD9999A
D_808C9BC0: .word 0xBE4CCCCD
D_808C9BC4: .word 0x3F4CCCCD
D_808C9BC8: .word 0x3F4CCCCD
D_808C9BCC: .word 0x3ECCCCCD
D_808C9BD0: .word 0x3F4CCCCD
D_808C9BD4: .word 0x45DB2000
D_808C9BD8: .word 0xC4878000
D_808C9BDC: .word 0xC4878000
D_808C9BE0: .word 0x3BE56042
D_808C9BE4: .word 0x3812CCF7
D_808C9BE8: .word 0x3BE56042
D_808C9BEC: .word 0x3B84B5DD
D_808C9BF0: .word 0x3B449BA6
D_808C9BF4: .word 0x3B449BA6
D_808C9BF8: .word 0x3DCCCCCD
D_808C9BFC: .word 0x45BB8000
D_808C9C00: .word 0x459C4000
D_808C9C04: .word 0x45BB8000
D_808C9C08: .word 0x459C4000, 0x00000000


.section .rodata
D_808C9C10:
.incbin "baserom/En_Death", 0x4C90, 0x000004A0
