.include "macro.inc"

# assembler directives
.set noat      # allow manual use of $at
.set noreorder # don't insert nops after branches
.set gp=64     # allow use of 64-bit general purpose registers

.section .text
glabel func_80989140
/* 00000 80989140 27BDFFD0 */  addiu   $sp, $sp, 0xFFD0           ## $sp = FFFFFFD0
/* 00004 80989144 AFB00028 */  sw      $s0, 0x0028($sp)           
/* 00008 80989148 00A08025 */  or      $s0, $a1, $zero            ## $s0 = 00000000
/* 0000C 8098914C AFBF002C */  sw      $ra, 0x002C($sp)           
/* 00010 80989150 AFA40030 */  sw      $a0, 0x0030($sp)           
/* 00014 80989154 00067100 */  sll     $t6, $a2,  4               
/* 00018 80989158 020E8021 */  addu    $s0, $s0, $t6              
/* 0001C 8098915C 8602000A */  lh      $v0, 0x000A($s0)           ## 0000000A
/* 00020 80989160 04430007 */  bgezl   $v0, .L80989180            
/* 00024 80989164 44823000 */  mtc1    $v0, $f6                   ## $f6 = 0.00
/* 00028 80989168 0C04D1D2 */  jal     func_80134748              
/* 0002C 8098916C 8E040000 */  lw      $a0, 0x0000($s0)           ## 00000000
/* 00030 80989170 44822000 */  mtc1    $v0, $f4                   ## $f4 = 0.00
/* 00034 80989174 10000004 */  beq     $zero, $zero, .L80989188   
/* 00038 80989178 46802020 */  cvt.s.w $f0, $f4                   
/* 0003C 8098917C 44823000 */  mtc1    $v0, $f6                   ## $f6 = 0.00
.L80989180:
/* 00040 80989180 00000000 */  nop
/* 00044 80989184 46803020 */  cvt.s.w $f0, $f6                   
.L80989188:
/* 00048 80989188 3C0F801F */  lui     $t7, 0x801F                ## $t7 = 801F0000
/* 0004C 8098918C 8DEF3F60 */  lw      $t7, 0x3F60($t7)           ## 801F3F60
/* 00050 80989190 C6040004 */  lwc1    $f4, 0x0004($s0)           ## 00000004
/* 00054 80989194 86190008 */  lh      $t9, 0x0008($s0)           ## 00000008
/* 00058 80989198 85F81384 */  lh      $t8, 0x1384($t7)           ## 801F1384
/* 0005C 8098919C 8E050000 */  lw      $a1, 0x0000($s0)           ## 00000000
/* 00060 809891A0 E7A00010 */  swc1    $f0, 0x0010($sp)           
/* 00064 809891A4 44984000 */  mtc1    $t8, $f8                   ## $f8 = 0.00
/* 00068 809891A8 3C018099 */  lui     $at, %hi(D_8098C480)       ## $at = 80990000
/* 0006C 809891AC C430C480 */  lwc1    $f16, %lo(D_8098C480)($at) 
/* 00070 809891B0 468042A0 */  cvt.s.w $f10, $f8                  
/* 00074 809891B4 9208000C */  lbu     $t0, 0x000C($s0)           ## 0000000C
/* 00078 809891B8 44994000 */  mtc1    $t9, $f8                   ## $f8 = 0.00
/* 0007C 809891BC 8FA40030 */  lw      $a0, 0x0030($sp)           
/* 00080 809891C0 AFA80014 */  sw      $t0, 0x0014($sp)           
/* 00084 809891C4 8609000E */  lh      $t1, 0x000E($s0)           ## 0000000E
/* 00088 809891C8 46105482 */  mul.s   $f18, $f10, $f16           
/* 0008C 809891CC 44895000 */  mtc1    $t1, $f10                  ## $f10 = 0.00
/* 00090 809891D0 46804220 */  cvt.s.w $f8, $f8                   
/* 00094 809891D4 46805420 */  cvt.s.w $f16, $f10                 
/* 00098 809891D8 44074000 */  mfc1    $a3, $f8                   
/* 0009C 809891DC 46049180 */  add.s   $f6, $f18, $f4             
/* 000A0 809891E0 E7B00018 */  swc1    $f16, 0x0018($sp)          
/* 000A4 809891E4 44063000 */  mfc1    $a2, $f6                   
/* 000A8 809891E8 0C04DCFA */  jal     func_801373E8              
/* 000AC 809891EC 00000000 */  nop
/* 000B0 809891F0 8FBF002C */  lw      $ra, 0x002C($sp)           
/* 000B4 809891F4 8FB00028 */  lw      $s0, 0x0028($sp)           
/* 000B8 809891F8 27BD0030 */  addiu   $sp, $sp, 0x0030           ## $sp = 00000000
/* 000BC 809891FC 03E00008 */  jr      $ra                        
/* 000C0 80989200 00000000 */  nop


glabel func_80989204
/* 000C4 80989204 27BDFFC8 */  addiu   $sp, $sp, 0xFFC8           ## $sp = FFFFFFC8
/* 000C8 80989208 AFB10024 */  sw      $s1, 0x0024($sp)           
/* 000CC 8098920C AFB00020 */  sw      $s0, 0x0020($sp)           
/* 000D0 80989210 00808025 */  or      $s0, $a0, $zero            ## $s0 = 00000000
/* 000D4 80989214 00A08825 */  or      $s1, $a1, $zero            ## $s1 = 00000000
/* 000D8 80989218 AFBF002C */  sw      $ra, 0x002C($sp)           
/* 000DC 8098921C AFB20028 */  sw      $s2, 0x0028($sp)           
/* 000E0 80989220 8E2E1CCC */  lw      $t6, 0x1CCC($s1)           ## 00001CCC
/* 000E4 80989224 26120190 */  addiu   $s2, $s0, 0x0190           ## $s2 = 00000190
/* 000E8 80989228 02402825 */  or      $a1, $s2, $zero            ## $a1 = 00000190
/* 000EC 8098922C AFAE0034 */  sw      $t6, 0x0034($sp)           
/* 000F0 80989230 C6040024 */  lwc1    $f4, 0x0024($s0)           ## 00000024
/* 000F4 80989234 C6080028 */  lwc1    $f8, 0x0028($s0)           ## 00000028
/* 000F8 80989238 C610002C */  lwc1    $f16, 0x002C($s0)          ## 0000002C
/* 000FC 8098923C 4600218D */  trunc.w.s $f6, $f4                   
/* 00100 80989240 02002025 */  or      $a0, $s0, $zero            ## $a0 = 00000000
/* 00104 80989244 4600428D */  trunc.w.s $f10, $f8                  
/* 00108 80989248 44183000 */  mfc1    $t8, $f6                   
/* 0010C 8098924C 4600848D */  trunc.w.s $f18, $f16                 
/* 00110 80989250 44085000 */  mfc1    $t0, $f10                  
/* 00114 80989254 A61801D6 */  sh      $t8, 0x01D6($s0)           ## 000001D6
/* 00118 80989258 440A9000 */  mfc1    $t2, $f18                  
/* 0011C 8098925C A60801D8 */  sh      $t0, 0x01D8($s0)           ## 000001D8
/* 00120 80989260 0C039F7E */  jal     func_800E7DF8              
/* 00124 80989264 A60A01DA */  sh      $t2, 0x01DA($s0)           ## 000001DA
/* 00128 80989268 8FAB0034 */  lw      $t3, 0x0034($sp)           
/* 0012C 8098926C 24010003 */  addiu   $at, $zero, 0x0003         ## $at = 00000003
/* 00130 80989270 02202025 */  or      $a0, $s1, $zero            ## $a0 = 00000000
/* 00134 80989274 916C014B */  lbu     $t4, 0x014B($t3)           ## 0000014B
/* 00138 80989278 1581000D */  bne     $t4, $at, .L809892B0       
/* 0013C 8098927C 00000000 */  nop
/* 00140 80989280 8E0E0144 */  lw      $t6, 0x0144($s0)           ## 00000144
/* 00144 80989284 3C0D8099 */  lui     $t5, %hi(func_8098AC34)    ## $t5 = 80990000
/* 00148 80989288 25ADAC34 */  addiu   $t5, $t5, %lo(func_8098AC34) ## $t5 = 8098AC34
/* 0014C 8098928C 15AE0008 */  bne     $t5, $t6, .L809892B0       
/* 00150 80989290 3C010001 */  lui     $at, 0x0001                ## $at = 00010000
/* 00154 80989294 34218884 */  ori     $at, $at, 0x8884           ## $at = 00018884
/* 00158 80989298 02212821 */  addu    $a1, $s1, $at              
/* 0015C 8098929C 02202025 */  or      $a0, $s1, $zero            ## $a0 = 00000000
/* 00160 809892A0 0C038956 */  jal     func_800E2558              
/* 00164 809892A4 02403025 */  or      $a2, $s2, $zero            ## $a2 = 00000190
/* 00168 809892A8 10000004 */  beq     $zero, $zero, .L809892BC   
/* 0016C 809892AC 860F0290 */  lh      $t7, 0x0290($s0)           ## 00000290
.L809892B0:
/* 00170 809892B0 0C0384F0 */  jal     func_800E13C0              
/* 00174 809892B4 02402825 */  or      $a1, $s2, $zero            ## $a1 = 00000190
/* 00178 809892B8 860F0290 */  lh      $t7, 0x0290($s0)           ## 00000290
.L809892BC:
/* 0017C 809892BC 24010001 */  addiu   $at, $zero, 0x0001         ## $at = 00000001
/* 00180 809892C0 02202025 */  or      $a0, $s1, $zero            ## $a0 = 00000000
/* 00184 809892C4 11E1000C */  beq     $t7, $at, .L809892F8       
/* 00188 809892C8 00000000 */  nop
/* 0018C 809892CC 96180280 */  lhu     $t8, 0x0280($s0)           ## 00000280
/* 00190 809892D0 3C010001 */  lui     $at, 0x0001                ## $at = 00010000
/* 00194 809892D4 34218884 */  ori     $at, $at, 0x8884           ## $at = 00018884
/* 00198 809892D8 33190002 */  andi    $t9, $t8, 0x0002           ## $t9 = 00000000
/* 0019C 809892DC 17200006 */  bne     $t9, $zero, .L809892F8     
/* 001A0 809892E0 02212821 */  addu    $a1, $s1, $at              
/* 001A4 809892E4 02202025 */  or      $a0, $s1, $zero            ## $a0 = 00000000
/* 001A8 809892E8 0C038A4A */  jal     func_800E2928              
/* 001AC 809892EC 02403025 */  or      $a2, $s2, $zero            ## $a2 = 00000190
/* 001B0 809892F0 10000004 */  beq     $zero, $zero, .L80989304   
/* 001B4 809892F4 44802000 */  mtc1    $zero, $f4                 ## $f4 = 0.00
.L809892F8:
/* 001B8 809892F8 0C038510 */  jal     func_800E1440              
/* 001BC 809892FC 02402825 */  or      $a1, $s2, $zero            ## $a1 = 00000190
/* 001C0 80989300 44802000 */  mtc1    $zero, $f4                 ## $f4 = 0.00
.L80989304:
/* 001C4 80989304 24080005 */  addiu   $t0, $zero, 0x0005         ## $t0 = 00000005
/* 001C8 80989308 AFA80014 */  sw      $t0, 0x0014($sp)           
/* 001CC 8098930C 02202025 */  or      $a0, $s1, $zero            ## $a0 = 00000000
/* 001D0 80989310 02002825 */  or      $a1, $s0, $zero            ## $a1 = 00000000
/* 001D4 80989314 3C0641D0 */  lui     $a2, 0x41D0                ## $a2 = 41D00000
/* 001D8 80989318 3C074120 */  lui     $a3, 0x4120                ## $a3 = 41200000
/* 001DC 8098931C 0C02DE2E */  jal     func_800B78B8              
/* 001E0 80989320 E7A40010 */  swc1    $f4, 0x0010($sp)           
/* 001E4 80989324 8FBF002C */  lw      $ra, 0x002C($sp)           
/* 001E8 80989328 8FB00020 */  lw      $s0, 0x0020($sp)           
/* 001EC 8098932C 8FB10024 */  lw      $s1, 0x0024($sp)           
/* 001F0 80989330 8FB20028 */  lw      $s2, 0x0028($sp)           
/* 001F4 80989334 03E00008 */  jr      $ra                        
/* 001F8 80989338 27BD0038 */  addiu   $sp, $sp, 0x0038           ## $sp = 00000000


glabel func_8098933C
/* 001FC 8098933C 27BDFFD8 */  addiu   $sp, $sp, 0xFFD8           ## $sp = FFFFFFD8
/* 00200 80989340 AFBF0014 */  sw      $ra, 0x0014($sp)           
/* 00204 80989344 AFA5002C */  sw      $a1, 0x002C($sp)           
/* 00208 80989348 8C820080 */  lw      $v0, 0x0080($a0)           ## 00000080
/* 0020C 8098934C 5040002F */  beql    $v0, $zero, .L8098940C     
/* 00210 80989350 8FBF0014 */  lw      $ra, 0x0014($sp)           
/* 00214 80989354 844E0008 */  lh      $t6, 0x0008($v0)           ## 00000008
/* 00218 80989358 3C018099 */  lui     $at, %hi(D_8098C484)       ## $at = 80990000
/* 0021C 8098935C C420C484 */  lwc1    $f0, %lo(D_8098C484)($at)  
/* 00220 80989360 448E2000 */  mtc1    $t6, $f4                   ## $f4 = 0.00
/* 00224 80989364 44806000 */  mtc1    $zero, $f12                ## $f12 = 0.00
/* 00228 80989368 468021A0 */  cvt.s.w $f6, $f4                   
/* 0022C 8098936C 46003202 */  mul.s   $f8, $f6, $f0              
/* 00230 80989370 E7A80024 */  swc1    $f8, 0x0024($sp)           
/* 00234 80989374 844F000A */  lh      $t7, 0x000A($v0)           ## 0000000A
/* 00238 80989378 448F5000 */  mtc1    $t7, $f10                  ## $f10 = 0.00
/* 0023C 8098937C 00000000 */  nop
/* 00240 80989380 46805420 */  cvt.s.w $f16, $f10                 
/* 00244 80989384 46008482 */  mul.s   $f18, $f16, $f0            
/* 00248 80989388 E7B20020 */  swc1    $f18, 0x0020($sp)          
/* 0024C 8098938C 8458000C */  lh      $t8, 0x000C($v0)           ## 0000000C
/* 00250 80989390 44982000 */  mtc1    $t8, $f4                   ## $f4 = 0.00
/* 00254 80989394 00000000 */  nop
/* 00258 80989398 468021A0 */  cvt.s.w $f6, $f4                   
/* 0025C 8098939C 46003202 */  mul.s   $f8, $f6, $f0              
/* 00260 809893A0 0C0220D4 */  jal     func_80088350              
/* 00264 809893A4 E7A8001C */  swc1    $f8, 0x001C($sp)           
/* 00268 809893A8 44806000 */  mtc1    $zero, $f12                ## $f12 = 0.00
/* 0026C 809893AC 0C0247D0 */  jal     func_80091F40              
/* 00270 809893B0 00000000 */  nop
/* 00274 809893B4 C7AA001C */  lwc1    $f10, 0x001C($sp)          
/* 00278 809893B8 C7B20020 */  lwc1    $f18, 0x0020($sp)          
/* 0027C 809893BC 3C013F80 */  lui     $at, 0x3F80                ## $at = 3F800000
/* 00280 809893C0 46005407 */  neg.s   $f16, $f10                 
/* 00284 809893C4 44816000 */  mtc1    $at, $f12                  ## $f12 = 1.00
/* 00288 809893C8 46128382 */  mul.s   $f14, $f16, $f18           
/* 0028C 809893CC 0C06004B */  jal     func_8018012C              
/* 00290 809893D0 00000000 */  nop
/* 00294 809893D4 8FB9002C */  lw      $t9, 0x002C($sp)           
/* 00298 809893D8 46000107 */  neg.s   $f4, $f0                   
/* 0029C 809893DC 3C013F80 */  lui     $at, 0x3F80                ## $at = 3F800000
/* 002A0 809893E0 E7240000 */  swc1    $f4, 0x0000($t9)           ## 00000000
/* 002A4 809893E4 C7A60024 */  lwc1    $f6, 0x0024($sp)           
/* 002A8 809893E8 C7AA0020 */  lwc1    $f10, 0x0020($sp)          
/* 002AC 809893EC 44816000 */  mtc1    $at, $f12                  ## $f12 = 1.00
/* 002B0 809893F0 46003207 */  neg.s   $f8, $f6                   
/* 002B4 809893F4 460A4382 */  mul.s   $f14, $f8, $f10            
/* 002B8 809893F8 0C06004B */  jal     func_8018012C              
/* 002BC 809893FC 00000000 */  nop
/* 002C0 80989400 8FA8002C */  lw      $t0, 0x002C($sp)           
/* 002C4 80989404 E5000008 */  swc1    $f0, 0x0008($t0)           ## 00000008
/* 002C8 80989408 8FBF0014 */  lw      $ra, 0x0014($sp)           
.L8098940C:
/* 002CC 8098940C 27BD0028 */  addiu   $sp, $sp, 0x0028           ## $sp = 00000000
/* 002D0 80989410 03E00008 */  jr      $ra                        
/* 002D4 80989414 00000000 */  nop


glabel func_80989418
/* 002D8 80989418 27BDFFA0 */  addiu   $sp, $sp, 0xFFA0           ## $sp = FFFFFFA0
/* 002DC 8098941C AFBF001C */  sw      $ra, 0x001C($sp)           
/* 002E0 80989420 AFA40060 */  sw      $a0, 0x0060($sp)           
/* 002E4 80989424 AFA50064 */  sw      $a1, 0x0064($sp)           
/* 002E8 80989428 AFA60068 */  sw      $a2, 0x0068($sp)           
/* 002EC 8098942C 8FAE0064 */  lw      $t6, 0x0064($sp)           
/* 002F0 80989430 0C040141 */  jal     func_80100504              
/* 002F4 80989434 8DC40004 */  lw      $a0, 0x0004($t6)           ## 00000004
/* 002F8 80989438 8FA80068 */  lw      $t0, 0x0068($sp)           
/* 002FC 8098943C 8FAF0064 */  lw      $t7, 0x0064($sp)           
/* 00300 80989440 27A40030 */  addiu   $a0, $sp, 0x0030           ## $a0 = FFFFFFD0
/* 00304 80989444 00083880 */  sll     $a3, $t0,  2               
/* 00308 80989448 91E60000 */  lbu     $a2, 0x0000($t7)           ## 00000000
/* 0030C 8098944C 00E83823 */  subu    $a3, $a3, $t0              
/* 00310 80989450 00073840 */  sll     $a3, $a3,  1               
/* 00314 80989454 AFA00050 */  sw      $zero, 0x0050($sp)         
/* 00318 80989458 00E22821 */  addu    $a1, $a3, $v0              
/* 0031C 8098945C AFA70028 */  sw      $a3, 0x0028($sp)           
/* 00320 80989460 AFA2005C */  sw      $v0, 0x005C($sp)           
/* 00324 80989464 0C03FD53 */  jal     func_800FF54C              
/* 00328 80989468 AFA60058 */  sw      $a2, 0x0058($sp)           
/* 0032C 8098946C 8FA80068 */  lw      $t0, 0x0068($sp)           
/* 00330 80989470 8FA3005C */  lw      $v1, 0x005C($sp)           
/* 00334 80989474 8FA60058 */  lw      $a2, 0x0058($sp)           
/* 00338 80989478 1500000C */  bne     $t0, $zero, .L809894AC     
/* 0033C 8098947C 8FA70028 */  lw      $a3, 0x0028($sp)           
/* 00340 80989480 84780006 */  lh      $t8, 0x0006($v1)           ## 00000006
/* 00344 80989484 84790000 */  lh      $t9, 0x0000($v1)           ## 00000000
/* 00348 80989488 846A000A */  lh      $t2, 0x000A($v1)           ## 0000000A
/* 0034C 8098948C 846B0004 */  lh      $t3, 0x0004($v1)           ## 00000004
/* 00350 80989490 03194823 */  subu    $t1, $t8, $t9              
/* 00354 80989494 44892000 */  mtc1    $t1, $f4                   ## $f4 = 0.00
/* 00358 80989498 014B6023 */  subu    $t4, $t2, $t3              
/* 0035C 8098949C 448C3000 */  mtc1    $t4, $f6                   ## $f6 = 0.00
/* 00360 809894A0 46802320 */  cvt.s.w $f12, $f4                  
/* 00364 809894A4 1000001D */  beq     $zero, $zero, .L8098951C   
/* 00368 809894A8 468033A0 */  cvt.s.w $f14, $f6                  
.L809894AC:
/* 0036C 809894AC 250D0001 */  addiu   $t5, $t0, 0x0001           ## $t5 = 00000001
/* 00370 809894B0 14CD0010 */  bne     $a2, $t5, .L809894F4       
/* 00374 809894B4 00671021 */  addu    $v0, $v1, $a3              
/* 00378 809894B8 00067080 */  sll     $t6, $a2,  2               
/* 0037C 809894BC 01C67023 */  subu    $t6, $t6, $a2              
/* 00380 809894C0 000E7040 */  sll     $t6, $t6,  1               
/* 00384 809894C4 006E1021 */  addu    $v0, $v1, $t6              
/* 00388 809894C8 844FFFFA */  lh      $t7, -0x0006($v0)          ## FFFFFFFA
/* 0038C 809894CC 8458FFF4 */  lh      $t8, -0x000C($v0)          ## FFFFFFF4
/* 00390 809894D0 8449FFFE */  lh      $t1, -0x0002($v0)          ## FFFFFFFE
/* 00394 809894D4 844AFFF8 */  lh      $t2, -0x0008($v0)          ## FFFFFFF8
/* 00398 809894D8 01F8C823 */  subu    $t9, $t7, $t8              
/* 0039C 809894DC 44994000 */  mtc1    $t9, $f8                   ## $f8 = 0.00
/* 003A0 809894E0 012A5823 */  subu    $t3, $t1, $t2              
/* 003A4 809894E4 448B5000 */  mtc1    $t3, $f10                  ## $f10 = 0.00
/* 003A8 809894E8 46804320 */  cvt.s.w $f12, $f8                  
/* 003AC 809894EC 1000000B */  beq     $zero, $zero, .L8098951C   
/* 003B0 809894F0 468053A0 */  cvt.s.w $f14, $f10                 
.L809894F4:
/* 003B4 809894F4 844C0006 */  lh      $t4, 0x0006($v0)           ## 00000006
/* 003B8 809894F8 844DFFFA */  lh      $t5, -0x0006($v0)          ## FFFFFFFA
/* 003BC 809894FC 844F000A */  lh      $t7, 0x000A($v0)           ## 0000000A
/* 003C0 80989500 8458FFFE */  lh      $t8, -0x0002($v0)          ## FFFFFFFE
/* 003C4 80989504 018D7023 */  subu    $t6, $t4, $t5              
/* 003C8 80989508 448E8000 */  mtc1    $t6, $f16                  ## $f16 = 0.00
/* 003CC 8098950C 01F8C823 */  subu    $t9, $t7, $t8              
/* 003D0 80989510 44999000 */  mtc1    $t9, $f18                  ## $f18 = 0.00
/* 003D4 80989514 46808320 */  cvt.s.w $f12, $f16                 
/* 003D8 80989518 468093A0 */  cvt.s.w $f14, $f18                 
.L8098951C:
/* 003DC 8098951C 0C021ACC */  jal     func_80086B30              
/* 003E0 80989520 00000000 */  nop
/* 003E4 80989524 3C018099 */  lui     $at, %hi(D_8098C488)       ## $at = 80990000
/* 003E8 80989528 C424C488 */  lwc1    $f4, %lo(D_8098C488)($at)  
/* 003EC 8098952C 27AA003C */  addiu   $t2, $sp, 0x003C           ## $t2 = FFFFFFDC
/* 003F0 80989530 AFAA0010 */  sw      $t2, 0x0010($sp)           
/* 003F4 80989534 46040182 */  mul.s   $f6, $f0, $f4              
/* 003F8 80989538 27A40030 */  addiu   $a0, $sp, 0x0030           ## $a0 = FFFFFFD0
/* 003FC 8098953C 27A60044 */  addiu   $a2, $sp, 0x0044           ## $a2 = FFFFFFE4
/* 00400 80989540 27A70040 */  addiu   $a3, $sp, 0x0040           ## $a3 = FFFFFFE0
/* 00404 80989544 4600320D */  trunc.w.s $f8, $f6                   
/* 00408 80989548 44054000 */  mfc1    $a1, $f8                   
/* 0040C 8098954C 00000000 */  nop
/* 00410 80989550 00052C00 */  sll     $a1, $a1, 16               
/* 00414 80989554 0C05EDFE */  jal     func_8017B7F8              
/* 00418 80989558 00052C03 */  sra     $a1, $a1, 16               
/* 0041C 8098955C 8FA20060 */  lw      $v0, 0x0060($sp)           
/* 00420 80989560 C7B20044 */  lwc1    $f18, 0x0044($sp)          
/* 00424 80989564 C7A60040 */  lwc1    $f6, 0x0040($sp)           
/* 00428 80989568 C4500024 */  lwc1    $f16, 0x0024($v0)          ## 00000024
/* 0042C 8098956C C448002C */  lwc1    $f8, 0x002C($v0)           ## 0000002C
/* 00430 80989570 44805000 */  mtc1    $zero, $f10                ## $f10 = 0.00
/* 00434 80989574 46128102 */  mul.s   $f4, $f16, $f18            
/* 00438 80989578 240B0001 */  addiu   $t3, $zero, 0x0001         ## $t3 = 00000001
/* 0043C 8098957C 46083402 */  mul.s   $f16, $f6, $f8             
/* 00440 80989580 C7A6003C */  lwc1    $f6, 0x003C($sp)           
/* 00444 80989584 46102480 */  add.s   $f18, $f4, $f16            
/* 00448 80989588 46069200 */  add.s   $f8, $f18, $f6             
/* 0044C 8098958C 4608503C */  c.lt.s  $f10, $f8                  
/* 00450 80989590 00000000 */  nop
/* 00454 80989594 45020003 */  bc1fl   .L809895A4                 
/* 00458 80989598 8FA20050 */  lw      $v0, 0x0050($sp)           
/* 0045C 8098959C AFAB0050 */  sw      $t3, 0x0050($sp)           
/* 00460 809895A0 8FA20050 */  lw      $v0, 0x0050($sp)           
.L809895A4:
/* 00464 809895A4 8FBF001C */  lw      $ra, 0x001C($sp)           
/* 00468 809895A8 27BD0060 */  addiu   $sp, $sp, 0x0060           ## $sp = 00000000
/* 0046C 809895AC 03E00008 */  jr      $ra                        
/* 00470 809895B0 00000000 */  nop


glabel func_809895B4
/* 00474 809895B4 27BDFFE8 */  addiu   $sp, $sp, 0xFFE8           ## $sp = FFFFFFE8
/* 00478 809895B8 AFBF0014 */  sw      $ra, 0x0014($sp)           
/* 0047C 809895BC AFA40018 */  sw      $a0, 0x0018($sp)           
/* 00480 809895C0 AFA5001C */  sw      $a1, 0x001C($sp)           
/* 00484 809895C4 AFA70024 */  sw      $a3, 0x0024($sp)           
/* 00488 809895C8 8FAE0018 */  lw      $t6, 0x0018($sp)           
/* 0048C 809895CC 51C00016 */  beql    $t6, $zero, .L80989628     
/* 00490 809895D0 44806000 */  mtc1    $zero, $f12                ## $f12 = 0.00
/* 00494 809895D4 8DC40004 */  lw      $a0, 0x0004($t6)           ## 00000004
/* 00498 809895D8 0C040141 */  jal     func_80100504              
/* 0049C 809895DC AFA60020 */  sw      $a2, 0x0020($sp)           
/* 004A0 809895E0 8FAF001C */  lw      $t7, 0x001C($sp)           
/* 004A4 809895E4 8FA60020 */  lw      $a2, 0x0020($sp)           
/* 004A8 809895E8 000FC080 */  sll     $t8, $t7,  2               
/* 004AC 809895EC 030FC023 */  subu    $t8, $t8, $t7              
/* 004B0 809895F0 0018C040 */  sll     $t8, $t8,  1               
/* 004B4 809895F4 03021821 */  addu    $v1, $t8, $v0              
/* 004B8 809895F8 84790000 */  lh      $t9, 0x0000($v1)           ## 00000000
/* 004BC 809895FC 84680004 */  lh      $t0, 0x0004($v1)           ## 00000004
/* 004C0 80989600 C4C80000 */  lwc1    $f8, 0x0000($a2)           ## 00000000
/* 004C4 80989604 44992000 */  mtc1    $t9, $f4                   ## $f4 = 0.00
/* 004C8 80989608 44885000 */  mtc1    $t0, $f10                  ## $f10 = 0.00
/* 004CC 8098960C C4D20008 */  lwc1    $f18, 0x0008($a2)          ## 00000008
/* 004D0 80989610 468021A0 */  cvt.s.w $f6, $f4                   
/* 004D4 80989614 46805420 */  cvt.s.w $f16, $f10                 
/* 004D8 80989618 46083381 */  sub.s   $f14, $f6, $f8             
/* 004DC 8098961C 10000004 */  beq     $zero, $zero, .L80989630   
/* 004E0 80989620 46128301 */  sub.s   $f12, $f16, $f18           
/* 004E4 80989624 44806000 */  mtc1    $zero, $f12                ## $f12 = 0.00
.L80989628:
/* 004E8 80989628 00000000 */  nop
/* 004EC 8098962C 46006386 */  mov.s   $f14, $f12                 
.L80989630:
/* 004F0 80989630 460E7102 */  mul.s   $f4, $f14, $f14            
/* 004F4 80989634 8FA90024 */  lw      $t1, 0x0024($sp)           
/* 004F8 80989638 460C6182 */  mul.s   $f6, $f12, $f12            
/* 004FC 8098963C 46062200 */  add.s   $f8, $f4, $f6              
/* 00500 80989640 0C06004B */  jal     func_8018012C              
/* 00504 80989644 E5280000 */  swc1    $f8, 0x0000($t1)           ## 00000000
/* 00508 80989648 3C018099 */  lui     $at, %hi(D_8098C48C)       ## $at = 80990000
/* 0050C 8098964C C42AC48C */  lwc1    $f10, %lo(D_8098C48C)($at) 
/* 00510 80989650 8FBF0014 */  lw      $ra, 0x0014($sp)           
/* 00514 80989654 460A0402 */  mul.s   $f16, $f0, $f10            
/* 00518 80989658 4600848D */  trunc.w.s $f18, $f16                 
/* 0051C 8098965C 44029000 */  mfc1    $v0, $f18                  
/* 00520 80989660 00000000 */  nop
/* 00524 80989664 00021400 */  sll     $v0, $v0, 16               
/* 00528 80989668 00021403 */  sra     $v0, $v0, 16               
/* 0052C 8098966C 03E00008 */  jr      $ra                        
/* 00530 80989670 27BD0018 */  addiu   $sp, $sp, 0x0018           ## $sp = 00000000


glabel func_80989674
/* 00534 80989674 27BDFFC8 */  addiu   $sp, $sp, 0xFFC8           ## $sp = FFFFFFC8
/* 00538 80989678 AFB00020 */  sw      $s0, 0x0020($sp)           
/* 0053C 8098967C 00808025 */  or      $s0, $a0, $zero            ## $s0 = 00000000
/* 00540 80989680 AFBF0024 */  sw      $ra, 0x0024($sp)           
/* 00544 80989684 AFA5003C */  sw      $a1, 0x003C($sp)           
/* 00548 80989688 8E0E01DC */  lw      $t6, 0x01DC($s0)           ## 000001DC
/* 0054C 8098968C 26060024 */  addiu   $a2, $s0, 0x0024           ## $a2 = 00000024
/* 00550 80989690 27A70030 */  addiu   $a3, $sp, 0x0030           ## $a3 = FFFFFFF8
/* 00554 80989694 11C0006C */  beq     $t6, $zero, .L80989848     
/* 00558 80989698 AFAE002C */  sw      $t6, 0x002C($sp)           
/* 0055C 8098969C 01C02025 */  or      $a0, $t6, $zero            ## $a0 = 00000000
/* 00560 809896A0 0C26256D */  jal     func_809895B4              
/* 00564 809896A4 8E0501E0 */  lw      $a1, 0x01E0($s0)           ## 000001E0
/* 00568 809896A8 96180090 */  lhu     $t8, 0x0090($s0)           ## 00000090
/* 0056C 809896AC 00022C00 */  sll     $a1, $v0, 16               
/* 00570 809896B0 00052C03 */  sra     $a1, $a1, 16               
/* 00574 809896B4 33190008 */  andi    $t9, $t8, 0x0008           ## $t9 = 00000000
/* 00578 809896B8 13200002 */  beq     $t9, $zero, .L809896C4     
/* 0057C 809896BC 26040032 */  addiu   $a0, $s0, 0x0032           ## $a0 = 00000032
/* 00580 809896C0 86050086 */  lh      $a1, 0x0086($s0)           ## 00000086
.L809896C4:
/* 00584 809896C4 24080001 */  addiu   $t0, $zero, 0x0001         ## $t0 = 00000001
/* 00588 809896C8 AFA80010 */  sw      $t0, 0x0010($sp)           
/* 0058C 809896CC 24060004 */  addiu   $a2, $zero, 0x0004         ## $a2 = 00000004
/* 00590 809896D0 0C03FFAF */  jal     func_800FFEBC              
/* 00594 809896D4 240703E8 */  addiu   $a3, $zero, 0x03E8         ## $a3 = 000003E8
/* 00598 809896D8 86090032 */  lh      $t1, 0x0032($s0)           ## 00000032
/* 0059C 809896DC 02002025 */  or      $a0, $s0, $zero            ## $a0 = 00000000
/* 005A0 809896E0 8E0501DC */  lw      $a1, 0x01DC($s0)           ## 000001DC
/* 005A4 809896E4 8E0601E0 */  lw      $a2, 0x01E0($s0)           ## 000001E0
/* 005A8 809896E8 0C262506 */  jal     func_80989418              
/* 005AC 809896EC A60900BE */  sh      $t1, 0x00BE($s0)           ## 000000BE
/* 005B0 809896F0 1040000C */  beq     $v0, $zero, .L80989724     
/* 005B4 809896F4 24030014 */  addiu   $v1, $zero, 0x0014         ## $v1 = 00000014
/* 005B8 809896F8 8E0A01DC */  lw      $t2, 0x01DC($s0)           ## 000001DC
/* 005BC 809896FC 8E0201E0 */  lw      $v0, 0x01E0($s0)           ## 000001E0
/* 005C0 80989700 914B0000 */  lbu     $t3, 0x0000($t2)           ## 00000000
/* 005C4 80989704 244D0001 */  addiu   $t5, $v0, 0x0001           ## $t5 = 00000001
/* 005C8 80989708 256CFFFF */  addiu   $t4, $t3, 0xFFFF           ## $t4 = FFFFFFFF
/* 005CC 8098970C 004C082A */  slt     $at, $v0, $t4              
/* 005D0 80989710 54200004 */  bnel    $at, $zero, .L80989724     
/* 005D4 80989714 AE0D01E0 */  sw      $t5, 0x01E0($s0)           ## 000001E0
/* 005D8 80989718 10000002 */  beq     $zero, $zero, .L80989724   
/* 005DC 8098971C AE0001E0 */  sw      $zero, 0x01E0($s0)         ## 000001E0
/* 005E0 80989720 AE0D01E0 */  sw      $t5, 0x01E0($s0)           ## 000001E0
.L80989724:
/* 005E4 80989724 86020286 */  lh      $v0, 0x0286($s0)           ## 00000286
/* 005E8 80989728 24010015 */  addiu   $at, $zero, 0x0015         ## $at = 00000015
/* 005EC 8098972C 50410007 */  beql    $v0, $at, .L8098974C       
/* 005F0 80989730 3C013F80 */  lui     $at, 0x3F80                ## $at = 3F800000
/* 005F4 80989734 1462000E */  bne     $v1, $v0, .L80989770       
/* 005F8 80989738 8FAE003C */  lw      $t6, 0x003C($sp)           
/* 005FC 8098973C 85CF00A4 */  lh      $t7, 0x00A4($t6)           ## 000000A4
/* 00600 80989740 24010010 */  addiu   $at, $zero, 0x0010         ## $at = 00000010
/* 00604 80989744 15E1000A */  bne     $t7, $at, .L80989770       
/* 00608 80989748 3C013F80 */  lui     $at, 0x3F80                ## $at = 3F800000
.L8098974C:
/* 0060C 8098974C 44810000 */  mtc1    $at, $f0                   ## $f0 = 1.00
/* 00610 80989750 3C063E4C */  lui     $a2, 0x3E4C                ## $a2 = 3E4C0000
/* 00614 80989754 34C6CCCD */  ori     $a2, $a2, 0xCCCD           ## $a2 = 3E4CCCCD
/* 00618 80989758 44050000 */  mfc1    $a1, $f0                   
/* 0061C 8098975C 44070000 */  mfc1    $a3, $f0                   
/* 00620 80989760 0C03FF7E */  jal     func_800FFDF8              
/* 00624 80989764 26040070 */  addiu   $a0, $s0, 0x0070           ## $a0 = 00000070
/* 00628 80989768 1000003A */  beq     $zero, $zero, .L80989854   
/* 0062C 8098976C 8FBF0024 */  lw      $ra, 0x0024($sp)           
.L80989770:
/* 00630 80989770 1462000B */  bne     $v1, $v0, .L809897A0       
/* 00634 80989774 8FB8003C */  lw      $t8, 0x003C($sp)           
/* 00638 80989778 3C013F80 */  lui     $at, 0x3F80                ## $at = 3F800000
/* 0063C 8098977C 44810000 */  mtc1    $at, $f0                   ## $f0 = 1.00
/* 00640 80989780 3C063E4C */  lui     $a2, 0x3E4C                ## $a2 = 3E4C0000
/* 00644 80989784 34C6CCCD */  ori     $a2, $a2, 0xCCCD           ## $a2 = 3E4CCCCD
/* 00648 80989788 44070000 */  mfc1    $a3, $f0                   
/* 0064C 8098978C 26040070 */  addiu   $a0, $s0, 0x0070           ## $a0 = 00000070
/* 00650 80989790 0C03FF7E */  jal     func_800FFDF8              
/* 00654 80989794 3C054060 */  lui     $a1, 0x4060                ## $a1 = 40600000
/* 00658 80989798 1000002E */  beq     $zero, $zero, .L80989854   
/* 0065C 8098979C 8FBF0024 */  lw      $ra, 0x0024($sp)           
.L809897A0:
/* 00660 809897A0 871900A4 */  lh      $t9, 0x00A4($t8)           ## 000000A4
/* 00664 809897A4 2401006F */  addiu   $at, $zero, 0x006F         ## $at = 0000006F
/* 00668 809897A8 00024080 */  sll     $t0, $v0,  2               
/* 0066C 809897AC 1721000B */  bne     $t9, $at, .L809897DC       
/* 00670 809897B0 01024023 */  subu    $t0, $t0, $v0              
/* 00674 809897B4 3C013F80 */  lui     $at, 0x3F80                ## $at = 3F800000
/* 00678 809897B8 44810000 */  mtc1    $at, $f0                   ## $f0 = 1.00
/* 0067C 809897BC 3C063E4C */  lui     $a2, 0x3E4C                ## $a2 = 3E4C0000
/* 00680 809897C0 34C6CCCD */  ori     $a2, $a2, 0xCCCD           ## $a2 = 3E4CCCCD
/* 00684 809897C4 44070000 */  mfc1    $a3, $f0                   
/* 00688 809897C8 26040070 */  addiu   $a0, $s0, 0x0070           ## $a0 = 00000070
/* 0068C 809897CC 0C03FF7E */  jal     func_800FFDF8              
/* 00690 809897D0 3C054060 */  lui     $a1, 0x4060                ## $a1 = 40600000
/* 00694 809897D4 1000001F */  beq     $zero, $zero, .L80989854   
/* 00698 809897D8 8FBF0024 */  lw      $ra, 0x0024($sp)           
.L809897DC:
/* 0069C 809897DC 00084040 */  sll     $t0, $t0,  1               
/* 006A0 809897E0 3C098099 */  lui     $t1, %hi(D_8098C2AC)       ## $t1 = 80990000
/* 006A4 809897E4 01284821 */  addu    $t1, $t1, $t0              
/* 006A8 809897E8 8529C2AC */  lh      $t1, %lo(D_8098C2AC)($t1)  
/* 006AC 809897EC 3C013F80 */  lui     $at, 0x3F80                ## $at = 3F800000
/* 006B0 809897F0 26040070 */  addiu   $a0, $s0, 0x0070           ## $a0 = 00000070
/* 006B4 809897F4 312A0011 */  andi    $t2, $t1, 0x0011           ## $t2 = 00000000
/* 006B8 809897F8 5140000C */  beql    $t2, $zero, .L8098982C     
/* 006BC 809897FC 44810000 */  mtc1    $at, $f0                   ## $f0 = 1.00
/* 006C0 80989800 3C013F80 */  lui     $at, 0x3F80                ## $at = 3F800000
/* 006C4 80989804 44810000 */  mtc1    $at, $f0                   ## $f0 = 1.00
/* 006C8 80989808 3C063E4C */  lui     $a2, 0x3E4C                ## $a2 = 3E4C0000
/* 006CC 8098980C 34C6CCCD */  ori     $a2, $a2, 0xCCCD           ## $a2 = 3E4CCCCD
/* 006D0 80989810 44050000 */  mfc1    $a1, $f0                   
/* 006D4 80989814 44070000 */  mfc1    $a3, $f0                   
/* 006D8 80989818 0C03FF7E */  jal     func_800FFDF8              
/* 006DC 8098981C 26040070 */  addiu   $a0, $s0, 0x0070           ## $a0 = 00000070
/* 006E0 80989820 1000000C */  beq     $zero, $zero, .L80989854   
/* 006E4 80989824 8FBF0024 */  lw      $ra, 0x0024($sp)           
/* 006E8 80989828 44810000 */  mtc1    $at, $f0                   ## $f0 = 0.00
.L8098982C:
/* 006EC 8098982C 3C063E4C */  lui     $a2, 0x3E4C                ## $a2 = 3E4C0000
/* 006F0 80989830 34C6CCCD */  ori     $a2, $a2, 0xCCCD           ## $a2 = 3E4CCCCD
/* 006F4 80989834 44070000 */  mfc1    $a3, $f0                   
/* 006F8 80989838 0C03FF7E */  jal     func_800FFDF8              
/* 006FC 8098983C 3C054060 */  lui     $a1, 0x4060                ## $a1 = 40600000
/* 00700 80989840 10000004 */  beq     $zero, $zero, .L80989854   
/* 00704 80989844 8FBF0024 */  lw      $ra, 0x0024($sp)           
.L80989848:
/* 00708 80989848 0C02D9C3 */  jal     func_800B670C              
/* 0070C 8098984C 02002025 */  or      $a0, $s0, $zero            ## $a0 = 00000000
/* 00710 80989850 8FBF0024 */  lw      $ra, 0x0024($sp)           
.L80989854:
/* 00714 80989854 8FB00020 */  lw      $s0, 0x0020($sp)           
/* 00718 80989858 27BD0038 */  addiu   $sp, $sp, 0x0038           ## $sp = 00000000
/* 0071C 8098985C 03E00008 */  jr      $ra                        
/* 00720 80989860 00000000 */  nop


glabel func_80989864
/* 00724 80989864 27BDFFB8 */  addiu   $sp, $sp, 0xFFB8           ## $sp = FFFFFFB8
/* 00728 80989868 AFB00030 */  sw      $s0, 0x0030($sp)           
/* 0072C 8098986C 00808025 */  or      $s0, $a0, $zero            ## $s0 = 00000000
/* 00730 80989870 AFBF0034 */  sw      $ra, 0x0034($sp)           
/* 00734 80989874 AFA5004C */  sw      $a1, 0x004C($sp)           
/* 00738 80989878 C6040164 */  lwc1    $f4, 0x0164($s0)           ## 00000164
/* 0073C 8098987C 3C0140C0 */  lui     $at, 0x40C0                ## $at = 40C00000
/* 00740 80989880 44814000 */  mtc1    $at, $f8                   ## $f8 = 6.00
/* 00744 80989884 4600218D */  trunc.w.s $f6, $f4                   
/* 00748 80989888 C60A0070 */  lwc1    $f10, 0x0070($s0)          ## 00000070
/* 0074C 8098988C 24020003 */  addiu   $v0, $zero, 0x0003         ## $v0 = 00000003
/* 00750 80989890 460A403C */  c.lt.s  $f8, $f10                  
/* 00754 80989894 44033000 */  mfc1    $v1, $f6                   
/* 00758 80989898 00000000 */  nop
/* 0075C 8098989C 00031C00 */  sll     $v1, $v1, 16               
/* 00760 809898A0 45000003 */  bc1f    .L809898B0                 
/* 00764 809898A4 00031C03 */  sra     $v1, $v1, 16               
/* 00768 809898A8 10000001 */  beq     $zero, $zero, .L809898B0   
/* 0076C 809898AC 24020002 */  addiu   $v0, $zero, 0x0002         ## $v0 = 00000002
.L809898B0:
/* 00770 809898B0 860F0286 */  lh      $t7, 0x0286($s0)           ## 00000286
/* 00774 809898B4 01E3C021 */  addu    $t8, $t7, $v1              
/* 00778 809898B8 0302001A */  div     $zero, $t8, $v0            
/* 0077C 809898BC 14400002 */  bne     $v0, $zero, .L809898C8     
/* 00780 809898C0 00000000 */  nop
/* 00784 809898C4 0007000D */  break 7
.L809898C8:
/* 00788 809898C8 2401FFFF */  addiu   $at, $zero, 0xFFFF         ## $at = FFFFFFFF
/* 0078C 809898CC 14410004 */  bne     $v0, $at, .L809898E0       
/* 00790 809898D0 3C018000 */  lui     $at, 0x8000                ## $at = 80000000
/* 00794 809898D4 17010002 */  bne     $t8, $at, .L809898E0       
/* 00798 809898D8 00000000 */  nop
/* 0079C 809898DC 0006000D */  break 6
.L809898E0:
/* 007A0 809898E0 0000C810 */  mfhi    $t9                        
/* 007A4 809898E4 3C014170 */  lui     $at, 0x4170                ## $at = 41700000
/* 007A8 809898E8 5720001E */  bnel    $t9, $zero, .L80989964     
/* 007AC 809898EC 8FBF0034 */  lw      $ra, 0x0034($sp)           
/* 007B0 809898F0 44816000 */  mtc1    $at, $f12                  ## $f12 = 15.00
/* 007B4 809898F4 0C05E570 */  jal     func_801795C0              
/* 007B8 809898F8 00000000 */  nop
/* 007BC 809898FC C6100024 */  lwc1    $f16, 0x0024($s0)          ## 00000024
/* 007C0 80989900 3C014170 */  lui     $at, 0x4170                ## $at = 41700000
/* 007C4 80989904 44816000 */  mtc1    $at, $f12                  ## $f12 = 15.00
/* 007C8 80989908 46100480 */  add.s   $f18, $f0, $f16            
/* 007CC 8098990C E7B20038 */  swc1    $f18, 0x0038($sp)          
/* 007D0 80989910 C6040028 */  lwc1    $f4, 0x0028($s0)           ## 00000028
/* 007D4 80989914 0C05E570 */  jal     func_801795C0              
/* 007D8 80989918 E7A4003C */  swc1    $f4, 0x003C($sp)           
/* 007DC 8098991C C606002C */  lwc1    $f6, 0x002C($s0)           ## 0000002C
/* 007E0 80989920 3C014000 */  lui     $at, 0x4000                ## $at = 40000000
/* 007E4 80989924 44815000 */  mtc1    $at, $f10                  ## $f10 = 2.00
/* 007E8 80989928 46060200 */  add.s   $f8, $f0, $f6              
/* 007EC 8098992C 2408012C */  addiu   $t0, $zero, 0x012C         ## $t0 = 0000012C
/* 007F0 80989930 24090001 */  addiu   $t1, $zero, 0x0001         ## $t1 = 00000001
/* 007F4 80989934 AFA90020 */  sw      $t1, 0x0020($sp)           
/* 007F8 80989938 E7A80040 */  swc1    $f8, 0x0040($sp)           
/* 007FC 8098993C AFA80018 */  sw      $t0, 0x0018($sp)           
/* 00800 80989940 AFA0001C */  sw      $zero, 0x001C($sp)         
/* 00804 80989944 AFA00010 */  sw      $zero, 0x0010($sp)         
/* 00808 80989948 8FA4004C */  lw      $a0, 0x004C($sp)           
/* 0080C 8098994C 02002825 */  or      $a1, $s0, $zero            ## $a1 = 00000000
/* 00810 80989950 27A60038 */  addiu   $a2, $sp, 0x0038           ## $a2 = FFFFFFF0
/* 00814 80989954 3C074120 */  lui     $a3, 0x4120                ## $a3 = 41200000
/* 00818 80989958 0C02EF6B */  jal     func_800BBDAC              
/* 0081C 8098995C E7AA0014 */  swc1    $f10, 0x0014($sp)          
/* 00820 80989960 8FBF0034 */  lw      $ra, 0x0034($sp)           
.L80989964:
/* 00824 80989964 8FB00030 */  lw      $s0, 0x0030($sp)           
/* 00828 80989968 27BD0048 */  addiu   $sp, $sp, 0x0048           ## $sp = 00000000
/* 0082C 8098996C 03E00008 */  jr      $ra                        
/* 00830 80989970 00000000 */  nop


glabel func_80989974
/* 00834 80989974 27BDFFE0 */  addiu   $sp, $sp, 0xFFE0           ## $sp = FFFFFFE0
/* 00838 80989978 AFBF0014 */  sw      $ra, 0x0014($sp)           
/* 0083C 8098997C AFA40020 */  sw      $a0, 0x0020($sp)           
/* 00840 80989980 8FA40020 */  lw      $a0, 0x0020($sp)           
/* 00844 80989984 3C053F80 */  lui     $a1, 0x3F80                ## $a1 = 3F800000
/* 00848 80989988 2484014C */  addiu   $a0, $a0, 0x014C           ## $a0 = 0000014C
/* 0084C 8098998C 0C04DE2E */  jal     func_801378B8              
/* 00850 80989990 AFA4001C */  sw      $a0, 0x001C($sp)           
/* 00854 80989994 14400005 */  bne     $v0, $zero, .L809899AC     
/* 00858 80989998 8FA4001C */  lw      $a0, 0x001C($sp)           
/* 0085C 8098999C 0C04DE2E */  jal     func_801378B8              
/* 00860 809899A0 3C0540E0 */  lui     $a1, 0x40E0                ## $a1 = 40E00000
/* 00864 809899A4 50400005 */  beql    $v0, $zero, .L809899BC     
/* 00868 809899A8 8FBF0014 */  lw      $ra, 0x0014($sp)           
.L809899AC:
/* 0086C 809899AC 8FA40020 */  lw      $a0, 0x0020($sp)           
/* 00870 809899B0 0C02E3B2 */  jal     func_800B8EC8              
/* 00874 809899B4 240528EF */  addiu   $a1, $zero, 0x28EF         ## $a1 = 000028EF
/* 00878 809899B8 8FBF0014 */  lw      $ra, 0x0014($sp)           
.L809899BC:
/* 0087C 809899BC 27BD0020 */  addiu   $sp, $sp, 0x0020           ## $sp = 00000000
/* 00880 809899C0 03E00008 */  jr      $ra                        
/* 00884 809899C4 00000000 */  nop


glabel func_809899C8
/* 00888 809899C8 27BDFFE8 */  addiu   $sp, $sp, 0xFFE8           ## $sp = FFFFFFE8
/* 0088C 809899CC 44856000 */  mtc1    $a1, $f12                  ## $f12 = 0.00
/* 00890 809899D0 AFBF0014 */  sw      $ra, 0x0014($sp)           
/* 00894 809899D4 AFA40018 */  sw      $a0, 0x0018($sp)           
/* 00898 809899D8 8FA40018 */  lw      $a0, 0x0018($sp)           
/* 0089C 809899DC 44056000 */  mfc1    $a1, $f12                  
/* 008A0 809899E0 0C04DE2E */  jal     func_801378B8              
/* 008A4 809899E4 2484014C */  addiu   $a0, $a0, 0x014C           ## $a0 = 0000014C
/* 008A8 809899E8 10400003 */  beq     $v0, $zero, .L809899F8     
/* 008AC 809899EC 8FA40018 */  lw      $a0, 0x0018($sp)           
/* 008B0 809899F0 0C02E3B2 */  jal     func_800B8EC8              
/* 008B4 809899F4 240528D8 */  addiu   $a1, $zero, 0x28D8         ## $a1 = 000028D8
.L809899F8:
/* 008B8 809899F8 8FBF0014 */  lw      $ra, 0x0014($sp)           
/* 008BC 809899FC 27BD0018 */  addiu   $sp, $sp, 0x0018           ## $sp = 00000000
/* 008C0 80989A00 03E00008 */  jr      $ra                        
/* 008C4 80989A04 00000000 */  nop


glabel func_80989A08
/* 008C8 80989A08 27BDFFE8 */  addiu   $sp, $sp, 0xFFE8           ## $sp = FFFFFFE8
/* 008CC 80989A0C 44856000 */  mtc1    $a1, $f12                  ## $f12 = 0.00
/* 008D0 80989A10 AFBF0014 */  sw      $ra, 0x0014($sp)           
/* 008D4 80989A14 AFA40018 */  sw      $a0, 0x0018($sp)           
/* 008D8 80989A18 8FA40018 */  lw      $a0, 0x0018($sp)           
/* 008DC 80989A1C 44056000 */  mfc1    $a1, $f12                  
/* 008E0 80989A20 0C04DE2E */  jal     func_801378B8              
/* 008E4 80989A24 2484014C */  addiu   $a0, $a0, 0x014C           ## $a0 = 0000014C
/* 008E8 80989A28 10400003 */  beq     $v0, $zero, .L80989A38     
/* 008EC 80989A2C 8FA40018 */  lw      $a0, 0x0018($sp)           
/* 008F0 80989A30 0C02E3B2 */  jal     func_800B8EC8              
/* 008F4 80989A34 24052910 */  addiu   $a1, $zero, 0x2910         ## $a1 = 00002910
.L80989A38:
/* 008F8 80989A38 8FBF0014 */  lw      $ra, 0x0014($sp)           
/* 008FC 80989A3C 27BD0018 */  addiu   $sp, $sp, 0x0018           ## $sp = 00000000
/* 00900 80989A40 03E00008 */  jr      $ra                        
/* 00904 80989A44 00000000 */  nop


glabel func_80989A48
/* 00908 80989A48 27BDFFE0 */  addiu   $sp, $sp, 0xFFE0           ## $sp = FFFFFFE0
/* 0090C 80989A4C AFBF0014 */  sw      $ra, 0x0014($sp)           
/* 00910 80989A50 AFA40020 */  sw      $a0, 0x0020($sp)           
/* 00914 80989A54 8FA40020 */  lw      $a0, 0x0020($sp)           
/* 00918 80989A58 3C0541B8 */  lui     $a1, 0x41B8                ## $a1 = 41B80000
/* 0091C 80989A5C 2484014C */  addiu   $a0, $a0, 0x014C           ## $a0 = 0000014C
/* 00920 80989A60 0C04DE2E */  jal     func_801378B8              
/* 00924 80989A64 AFA4001C */  sw      $a0, 0x001C($sp)           
/* 00928 80989A68 14400005 */  bne     $v0, $zero, .L80989A80     
/* 0092C 80989A6C 8FA4001C */  lw      $a0, 0x001C($sp)           
/* 00930 80989A70 0C04DE2E */  jal     func_801378B8              
/* 00934 80989A74 3C0541E0 */  lui     $a1, 0x41E0                ## $a1 = 41E00000
/* 00938 80989A78 50400005 */  beql    $v0, $zero, .L80989A90     
/* 0093C 80989A7C 8FBF0014 */  lw      $ra, 0x0014($sp)           
.L80989A80:
/* 00940 80989A80 8FA40020 */  lw      $a0, 0x0020($sp)           
/* 00944 80989A84 0C02E3B2 */  jal     func_800B8EC8              
/* 00948 80989A88 24052913 */  addiu   $a1, $zero, 0x2913         ## $a1 = 00002913
/* 0094C 80989A8C 8FBF0014 */  lw      $ra, 0x0014($sp)           
.L80989A90:
/* 00950 80989A90 27BD0020 */  addiu   $sp, $sp, 0x0020           ## $sp = 00000000
/* 00954 80989A94 03E00008 */  jr      $ra                        
/* 00958 80989A98 00000000 */  nop


glabel func_80989A9C
/* 0095C 80989A9C 27BDFFE8 */  addiu   $sp, $sp, 0xFFE8           ## $sp = FFFFFFE8
/* 00960 80989AA0 44856000 */  mtc1    $a1, $f12                  ## $f12 = 0.00
/* 00964 80989AA4 AFBF0014 */  sw      $ra, 0x0014($sp)           
/* 00968 80989AA8 AFA40018 */  sw      $a0, 0x0018($sp)           
/* 0096C 80989AAC 8FA40018 */  lw      $a0, 0x0018($sp)           
/* 00970 80989AB0 44056000 */  mfc1    $a1, $f12                  
/* 00974 80989AB4 0C04DE2E */  jal     func_801378B8              
/* 00978 80989AB8 2484014C */  addiu   $a0, $a0, 0x014C           ## $a0 = 0000014C
/* 0097C 80989ABC 10400003 */  beq     $v0, $zero, .L80989ACC     
/* 00980 80989AC0 8FA40018 */  lw      $a0, 0x0018($sp)           
/* 00984 80989AC4 0C02E3B2 */  jal     func_800B8EC8              
/* 00988 80989AC8 2405290B */  addiu   $a1, $zero, 0x290B         ## $a1 = 0000290B
.L80989ACC:
/* 0098C 80989ACC 8FBF0014 */  lw      $ra, 0x0014($sp)           
/* 00990 80989AD0 27BD0018 */  addiu   $sp, $sp, 0x0018           ## $sp = 00000000
/* 00994 80989AD4 03E00008 */  jr      $ra                        
/* 00998 80989AD8 00000000 */  nop


glabel func_80989ADC
/* 0099C 80989ADC 27BDFFE0 */  addiu   $sp, $sp, 0xFFE0           ## $sp = FFFFFFE0
/* 009A0 80989AE0 AFB00018 */  sw      $s0, 0x0018($sp)           
/* 009A4 80989AE4 00808025 */  or      $s0, $a0, $zero            ## $s0 = 00000000
/* 009A8 80989AE8 AFBF001C */  sw      $ra, 0x001C($sp)           
/* 009AC 80989AEC 960E0090 */  lhu     $t6, 0x0090($s0)           ## 00000090
/* 009B0 80989AF0 31CF0020 */  andi    $t7, $t6, 0x0020           ## $t7 = 00000000
/* 009B4 80989AF4 55E0003C */  bnel    $t7, $zero, .L80989BE8     
/* 009B8 80989AF8 8FBF001C */  lw      $ra, 0x001C($sp)           
/* 009BC 80989AFC 86020286 */  lh      $v0, 0x0286($s0)           ## 00000286
/* 009C0 80989B00 24010015 */  addiu   $at, $zero, 0x0015         ## $at = 00000015
/* 009C4 80989B04 24030014 */  addiu   $v1, $zero, 0x0014         ## $v1 = 00000014
/* 009C8 80989B08 10410007 */  beq     $v0, $at, .L80989B28       
/* 009CC 80989B0C 2604014C */  addiu   $a0, $s0, 0x014C           ## $a0 = 0000014C
/* 009D0 80989B10 1462000B */  bne     $v1, $v0, .L80989B40       
/* 009D4 80989B14 00000000 */  nop
/* 009D8 80989B18 84B800A4 */  lh      $t8, 0x00A4($a1)           ## 000000A4
/* 009DC 80989B1C 24010010 */  addiu   $at, $zero, 0x0010         ## $at = 00000010
/* 009E0 80989B20 17010007 */  bne     $t8, $at, .L80989B40       
/* 009E4 80989B24 00000000 */  nop
.L80989B28:
/* 009E8 80989B28 3C058099 */  lui     $a1, %hi(D_8098C35C)       ## $a1 = 80990000
/* 009EC 80989B2C 24A5C35C */  addiu   $a1, $a1, %lo(D_8098C35C)  ## $a1 = 8098C35C
/* 009F0 80989B30 0C262450 */  jal     func_80989140              
/* 009F4 80989B34 24060001 */  addiu   $a2, $zero, 0x0001         ## $a2 = 00000001
/* 009F8 80989B38 10000027 */  beq     $zero, $zero, .L80989BD8   
/* 009FC 80989B3C 00000000 */  nop
.L80989B40:
/* 00A00 80989B40 14620007 */  bne     $v1, $v0, .L80989B60       
/* 00A04 80989B44 2604014C */  addiu   $a0, $s0, 0x014C           ## $a0 = 0000014C
/* 00A08 80989B48 3C058099 */  lui     $a1, %hi(D_8098C35C)       ## $a1 = 80990000
/* 00A0C 80989B4C 24A5C35C */  addiu   $a1, $a1, %lo(D_8098C35C)  ## $a1 = 8098C35C
/* 00A10 80989B50 0C262450 */  jal     func_80989140              
/* 00A14 80989B54 24060002 */  addiu   $a2, $zero, 0x0002         ## $a2 = 00000002
/* 00A18 80989B58 1000001F */  beq     $zero, $zero, .L80989BD8   
/* 00A1C 80989B5C 00000000 */  nop
.L80989B60:
/* 00A20 80989B60 84B900A4 */  lh      $t9, 0x00A4($a1)           ## 000000A4
/* 00A24 80989B64 2401006F */  addiu   $at, $zero, 0x006F         ## $at = 0000006F
/* 00A28 80989B68 00024080 */  sll     $t0, $v0,  2               
/* 00A2C 80989B6C 17210008 */  bne     $t9, $at, .L80989B90       
/* 00A30 80989B70 01024023 */  subu    $t0, $t0, $v0              
/* 00A34 80989B74 3C058099 */  lui     $a1, %hi(D_8098C35C)       ## $a1 = 80990000
/* 00A38 80989B78 24A5C35C */  addiu   $a1, $a1, %lo(D_8098C35C)  ## $a1 = 8098C35C
/* 00A3C 80989B7C 2604014C */  addiu   $a0, $s0, 0x014C           ## $a0 = 0000014C
/* 00A40 80989B80 0C262450 */  jal     func_80989140              
/* 00A44 80989B84 24060002 */  addiu   $a2, $zero, 0x0002         ## $a2 = 00000002
/* 00A48 80989B88 10000013 */  beq     $zero, $zero, .L80989BD8   
/* 00A4C 80989B8C 00000000 */  nop
.L80989B90:
/* 00A50 80989B90 00084040 */  sll     $t0, $t0,  1               
/* 00A54 80989B94 3C098099 */  lui     $t1, %hi(D_8098C2AC)       ## $t1 = 80990000
/* 00A58 80989B98 01284821 */  addu    $t1, $t1, $t0              
/* 00A5C 80989B9C 8529C2AC */  lh      $t1, %lo(D_8098C2AC)($t1)  
/* 00A60 80989BA0 3C058099 */  lui     $a1, %hi(D_8098C35C)       ## $a1 = 80990000
/* 00A64 80989BA4 24A5C35C */  addiu   $a1, $a1, %lo(D_8098C35C)  ## $a1 = 8098C35C
/* 00A68 80989BA8 312A0011 */  andi    $t2, $t1, 0x0011           ## $t2 = 00000000
/* 00A6C 80989BAC 11400008 */  beq     $t2, $zero, .L80989BD0     
/* 00A70 80989BB0 2604014C */  addiu   $a0, $s0, 0x014C           ## $a0 = 0000014C
/* 00A74 80989BB4 3C058099 */  lui     $a1, %hi(D_8098C35C)       ## $a1 = 80990000
/* 00A78 80989BB8 24A5C35C */  addiu   $a1, $a1, %lo(D_8098C35C)  ## $a1 = 8098C35C
/* 00A7C 80989BBC 2604014C */  addiu   $a0, $s0, 0x014C           ## $a0 = 0000014C
/* 00A80 80989BC0 0C262450 */  jal     func_80989140              
/* 00A84 80989BC4 24060001 */  addiu   $a2, $zero, 0x0001         ## $a2 = 00000001
/* 00A88 80989BC8 10000003 */  beq     $zero, $zero, .L80989BD8   
/* 00A8C 80989BCC 00000000 */  nop
.L80989BD0:
/* 00A90 80989BD0 0C262450 */  jal     func_80989140              
/* 00A94 80989BD4 24060002 */  addiu   $a2, $zero, 0x0002         ## $a2 = 00000002
.L80989BD8:
/* 00A98 80989BD8 3C0B8099 */  lui     $t3, %hi(func_8098A468)    ## $t3 = 80990000
/* 00A9C 80989BDC 256BA468 */  addiu   $t3, $t3, %lo(func_8098A468) ## $t3 = 8098A468
/* 00AA0 80989BE0 AE0B0144 */  sw      $t3, 0x0144($s0)           ## 00000144
/* 00AA4 80989BE4 8FBF001C */  lw      $ra, 0x001C($sp)           
.L80989BE8:
/* 00AA8 80989BE8 8FB00018 */  lw      $s0, 0x0018($sp)           
/* 00AAC 80989BEC 27BD0020 */  addiu   $sp, $sp, 0x0020           ## $sp = 00000000
/* 00AB0 80989BF0 03E00008 */  jr      $ra                        
/* 00AB4 80989BF4 00000000 */  nop


glabel func_80989BF8
/* 00AB8 80989BF8 27BDFFE8 */  addiu   $sp, $sp, 0xFFE8           ## $sp = FFFFFFE8
/* 00ABC 80989BFC AFBF0014 */  sw      $ra, 0x0014($sp)           
/* 00AC0 80989C00 84820286 */  lh      $v0, 0x0286($a0)           ## 00000286
/* 00AC4 80989C04 2841000E */  slti    $at, $v0, 0x000E           
/* 00AC8 80989C08 10200028 */  beq     $at, $zero, .L80989CAC     
/* 00ACC 80989C0C 00000000 */  nop
/* 00AD0 80989C10 04410004 */  bgez    $v0, .L80989C24            
/* 00AD4 80989C14 304E0001 */  andi    $t6, $v0, 0x0001           ## $t6 = 00000000
/* 00AD8 80989C18 11C00002 */  beq     $t6, $zero, .L80989C24     
/* 00ADC 80989C1C 00000000 */  nop
/* 00AE0 80989C20 25CEFFFE */  addiu   $t6, $t6, 0xFFFE           ## $t6 = FFFFFFFE
.L80989C24:
/* 00AE4 80989C24 11C00012 */  beq     $t6, $zero, .L80989C70     
/* 00AE8 80989C28 3C0C801F */  lui     $t4, 0x801F                ## $t4 = 801F0000
/* 00AEC 80989C2C 04410003 */  bgez    $v0, .L80989C3C            
/* 00AF0 80989C30 00027843 */  sra     $t7, $v0,  1               
/* 00AF4 80989C34 24410001 */  addiu   $at, $v0, 0x0001           ## $at = 00000001
/* 00AF8 80989C38 00017843 */  sra     $t7, $at,  1               
.L80989C3C:
/* 00AFC 80989C3C 3C18801F */  lui     $t8, 0x801F                ## $t8 = 801F0000
/* 00B00 80989C40 030FC021 */  addu    $t8, $t8, $t7              
/* 00B04 80989C44 93180592 */  lbu     $t8, 0x0592($t8)           ## 801F0592
/* 00B08 80989C48 00025080 */  sll     $t2, $v0,  2               
/* 00B0C 80989C4C 01425023 */  subu    $t2, $t2, $v0              
/* 00B10 80989C50 331900F0 */  andi    $t9, $t8, 0x00F0           ## $t9 = 00000000
/* 00B14 80989C54 00194103 */  sra     $t0, $t9,  4               
/* 00B18 80989C58 000A5040 */  sll     $t2, $t2,  1               
/* 00B1C 80989C5C 3C018099 */  lui     $at, %hi(D_8098C2AC)       ## $at = 80990000
/* 00B20 80989C60 002A0821 */  addu    $at, $at, $t2              
/* 00B24 80989C64 25093538 */  addiu   $t1, $t0, 0x3538           ## $t1 = 00003538
/* 00B28 80989C68 10000013 */  beq     $zero, $zero, .L80989CB8   
/* 00B2C 80989C6C A429C2AC */  sh      $t1, %lo(D_8098C2AC)($at)  
.L80989C70:
/* 00B30 80989C70 04410003 */  bgez    $v0, .L80989C80            
/* 00B34 80989C74 00025843 */  sra     $t3, $v0,  1               
/* 00B38 80989C78 24410001 */  addiu   $at, $v0, 0x0001           ## $at = 00000001
/* 00B3C 80989C7C 00015843 */  sra     $t3, $at,  1               
.L80989C80:
/* 00B40 80989C80 018B6021 */  addu    $t4, $t4, $t3              
/* 00B44 80989C84 918C0592 */  lbu     $t4, 0x0592($t4)           ## 801F0592
/* 00B48 80989C88 00027880 */  sll     $t7, $v0,  2               
/* 00B4C 80989C8C 01E27823 */  subu    $t7, $t7, $v0              
/* 00B50 80989C90 000F7840 */  sll     $t7, $t7,  1               
/* 00B54 80989C94 3C018099 */  lui     $at, %hi(D_8098C2AC)       ## $at = 80990000
/* 00B58 80989C98 318D000F */  andi    $t5, $t4, 0x000F           ## $t5 = 00000000
/* 00B5C 80989C9C 25AE3538 */  addiu   $t6, $t5, 0x3538           ## $t6 = 00003538
/* 00B60 80989CA0 002F0821 */  addu    $at, $at, $t7              
/* 00B64 80989CA4 10000004 */  beq     $zero, $zero, .L80989CB8   
/* 00B68 80989CA8 A42EC2AC */  sh      $t6, %lo(D_8098C2AC)($at)  
.L80989CAC:
/* 00B6C 80989CAC 0C02D9C3 */  jal     func_800B670C              
/* 00B70 80989CB0 AFA40018 */  sw      $a0, 0x0018($sp)           
/* 00B74 80989CB4 8FA40018 */  lw      $a0, 0x0018($sp)           
.L80989CB8:
/* 00B78 80989CB8 84980286 */  lh      $t8, 0x0286($a0)           ## 00000286
/* 00B7C 80989CBC 3C088099 */  lui     $t0, %hi(D_8098C2A8)       ## $t0 = 80990000
/* 00B80 80989CC0 2508C2A8 */  addiu   $t0, $t0, %lo(D_8098C2A8)  ## $t0 = 8098C2A8
/* 00B84 80989CC4 0018C880 */  sll     $t9, $t8,  2               
/* 00B88 80989CC8 0338C823 */  subu    $t9, $t9, $t8              
/* 00B8C 80989CCC 0019C840 */  sll     $t9, $t9,  1               
/* 00B90 80989CD0 03281821 */  addu    $v1, $t9, $t0              
/* 00B94 80989CD4 84620004 */  lh      $v0, 0x0004($v1)           ## 00000004
/* 00B98 80989CD8 2409353E */  addiu   $t1, $zero, 0x353E         ## $t1 = 0000353E
/* 00B9C 80989CDC 240D3538 */  addiu   $t5, $zero, 0x3538         ## $t5 = 00003538
/* 00BA0 80989CE0 28413547 */  slti    $at, $v0, 0x3547           
/* 00BA4 80989CE4 10200003 */  beq     $at, $zero, .L80989CF4     
/* 00BA8 80989CE8 28413538 */  slti    $at, $v0, 0x3538           
/* 00BAC 80989CEC 5020000B */  beql    $at, $zero, .L80989D1C     
/* 00BB0 80989CF0 2401353D */  addiu   $at, $zero, 0x353D         ## $at = 0000353D
.L80989CF4:
/* 00BB4 80989CF4 A4690004 */  sh      $t1, 0x0004($v1)           ## 00000004
/* 00BB8 80989CF8 848A0286 */  lh      $t2, 0x0286($a0)           ## 00000286
/* 00BBC 80989CFC 3C0C8099 */  lui     $t4, %hi(D_8098C2A8)       ## $t4 = 80990000
/* 00BC0 80989D00 258CC2A8 */  addiu   $t4, $t4, %lo(D_8098C2A8)  ## $t4 = 8098C2A8
/* 00BC4 80989D04 000A5880 */  sll     $t3, $t2,  2               
/* 00BC8 80989D08 016A5823 */  subu    $t3, $t3, $t2              
/* 00BCC 80989D0C 000B5840 */  sll     $t3, $t3,  1               
/* 00BD0 80989D10 016C1821 */  addu    $v1, $t3, $t4              
/* 00BD4 80989D14 84620004 */  lh      $v0, 0x0004($v1)           ## 00000004
/* 00BD8 80989D18 2401353D */  addiu   $at, $zero, 0x353D         ## $at = 0000353D
.L80989D1C:
/* 00BDC 80989D1C 54410003 */  bnel    $v0, $at, .L80989D2C       
/* 00BE0 80989D20 8FBF0014 */  lw      $ra, 0x0014($sp)           
/* 00BE4 80989D24 A46D0004 */  sh      $t5, 0x0004($v1)           ## 00000004
/* 00BE8 80989D28 8FBF0014 */  lw      $ra, 0x0014($sp)           
.L80989D2C:
/* 00BEC 80989D2C 27BD0018 */  addiu   $sp, $sp, 0x0018           ## $sp = 00000000
/* 00BF0 80989D30 03E00008 */  jr      $ra                        
/* 00BF4 80989D34 00000000 */  nop


glabel func_80989D38
/* 00BF8 80989D38 27BDFFE8 */  addiu   $sp, $sp, 0xFFE8           ## $sp = FFFFFFE8
/* 00BFC 80989D3C AFBF0014 */  sw      $ra, 0x0014($sp)           
/* 00C00 80989D40 00A03825 */  or      $a3, $a1, $zero            ## $a3 = 00000000
/* 00C04 80989D44 84820286 */  lh      $v0, 0x0286($a0)           ## 00000286
/* 00C08 80989D48 24010015 */  addiu   $at, $zero, 0x0015         ## $at = 00000015
/* 00C0C 80989D4C 3C0E801F */  lui     $t6, 0x801F                ## $t6 = 801F0000
/* 00C10 80989D50 14410013 */  bne     $v0, $at, .L80989DA0       
/* 00C14 80989D54 00000000 */  nop
/* 00C18 80989D58 8DCEF688 */  lw      $t6, -0x0978($t6)          ## 801EF688
/* 00C1C 80989D5C 24010005 */  addiu   $at, $zero, 0x0005         ## $at = 00000005
/* 00C20 80989D60 00E02025 */  or      $a0, $a3, $zero            ## $a0 = 00000000
/* 00C24 80989D64 01C1001A */  div     $zero, $t6, $at            
/* 00C28 80989D68 00007810 */  mfhi    $t7                        
/* 00C2C 80989D6C 24010001 */  addiu   $at, $zero, 0x0001         ## $at = 00000001
/* 00C30 80989D70 15E10007 */  bne     $t7, $at, .L80989D90       
/* 00C34 80989D74 2405091E */  addiu   $a1, $zero, 0x091E         ## $a1 = 0000091E
/* 00C38 80989D78 00E02025 */  or      $a0, $a3, $zero            ## $a0 = 00000000
/* 00C3C 80989D7C 2405091C */  addiu   $a1, $zero, 0x091C         ## $a1 = 0000091C
/* 00C40 80989D80 0C05462C */  jal     func_801518B0              
/* 00C44 80989D84 00003025 */  or      $a2, $zero, $zero          ## $a2 = 00000000
/* 00C48 80989D88 10000020 */  beq     $zero, $zero, .L80989E0C   
/* 00C4C 80989D8C 8FBF0014 */  lw      $ra, 0x0014($sp)           
.L80989D90:
/* 00C50 80989D90 0C05462C */  jal     func_801518B0              
/* 00C54 80989D94 00003025 */  or      $a2, $zero, $zero          ## $a2 = 00000000
/* 00C58 80989D98 1000001C */  beq     $zero, $zero, .L80989E0C   
/* 00C5C 80989D9C 8FBF0014 */  lw      $ra, 0x0014($sp)           
.L80989DA0:
/* 00C60 80989DA0 0440000D */  bltz    $v0, .L80989DD8            
/* 00C64 80989DA4 2841000E */  slti    $at, $v0, 0x000E           
/* 00C68 80989DA8 1020000B */  beq     $at, $zero, .L80989DD8     
/* 00C6C 80989DAC 00E02025 */  or      $a0, $a3, $zero            ## $a0 = 00000000
/* 00C70 80989DB0 0002C080 */  sll     $t8, $v0,  2               
/* 00C74 80989DB4 0302C023 */  subu    $t8, $t8, $v0              
/* 00C78 80989DB8 0018C040 */  sll     $t8, $t8,  1               
/* 00C7C 80989DBC 3C058099 */  lui     $a1, %hi(D_8098C2AC)       ## $a1 = 80990000
/* 00C80 80989DC0 00B82821 */  addu    $a1, $a1, $t8              
/* 00C84 80989DC4 94A5C2AC */  lhu     $a1, %lo(D_8098C2AC)($a1)  
/* 00C88 80989DC8 0C05462C */  jal     func_801518B0              
/* 00C8C 80989DCC 00003025 */  or      $a2, $zero, $zero          ## $a2 = 00000000
/* 00C90 80989DD0 1000000E */  beq     $zero, $zero, .L80989E0C   
/* 00C94 80989DD4 8FBF0014 */  lw      $ra, 0x0014($sp)           
.L80989DD8:
/* 00C98 80989DD8 24010014 */  addiu   $at, $zero, 0x0014         ## $at = 00000014
/* 00C9C 80989DDC 14410007 */  bne     $v0, $at, .L80989DFC       
/* 00CA0 80989DE0 00E02025 */  or      $a0, $a3, $zero            ## $a0 = 00000000
/* 00CA4 80989DE4 00E02025 */  or      $a0, $a3, $zero            ## $a0 = 00000000
/* 00CA8 80989DE8 2405353D */  addiu   $a1, $zero, 0x353D         ## $a1 = 0000353D
/* 00CAC 80989DEC 0C05462C */  jal     func_801518B0              
/* 00CB0 80989DF0 00003025 */  or      $a2, $zero, $zero          ## $a2 = 00000000
/* 00CB4 80989DF4 10000005 */  beq     $zero, $zero, .L80989E0C   
/* 00CB8 80989DF8 8FBF0014 */  lw      $ra, 0x0014($sp)           
.L80989DFC:
/* 00CBC 80989DFC 24050627 */  addiu   $a1, $zero, 0x0627         ## $a1 = 00000627
/* 00CC0 80989E00 0C05462C */  jal     func_801518B0              
/* 00CC4 80989E04 00003025 */  or      $a2, $zero, $zero          ## $a2 = 00000000
/* 00CC8 80989E08 8FBF0014 */  lw      $ra, 0x0014($sp)           
.L80989E0C:
/* 00CCC 80989E0C 27BD0018 */  addiu   $sp, $sp, 0x0018           ## $sp = 00000000
/* 00CD0 80989E10 03E00008 */  jr      $ra                        
/* 00CD4 80989E14 00000000 */  nop


glabel func_80989E18
/* 00CD8 80989E18 27BDFFE0 */  addiu   $sp, $sp, 0xFFE0           ## $sp = FFFFFFE0
/* 00CDC 80989E1C AFB00018 */  sw      $s0, 0x0018($sp)           
/* 00CE0 80989E20 00808025 */  or      $s0, $a0, $zero            ## $s0 = 00000000
/* 00CE4 80989E24 AFBF001C */  sw      $ra, 0x001C($sp)           
/* 00CE8 80989E28 AFA50024 */  sw      $a1, 0x0024($sp)           
/* 00CEC 80989E2C 3C038099 */  lui     $v1, %hi(D_8098C2A0)       ## $v1 = 80990000
/* 00CF0 80989E30 9063C2A0 */  lbu     $v1, %lo(D_8098C2A0)($v1)  
/* 00CF4 80989E34 02002025 */  or      $a0, $s0, $zero            ## $a0 = 00000000
/* 00CF8 80989E38 1060000C */  beq     $v1, $zero, .L80989E6C     
/* 00CFC 80989E3C 00000000 */  nop
/* 00D00 80989E40 96020280 */  lhu     $v0, 0x0280($s0)           ## 00000280
/* 00D04 80989E44 3C010800 */  lui     $at, 0x0800                ## $at = 08000000
/* 00D08 80989E48 304E0001 */  andi    $t6, $v0, 0x0001           ## $t6 = 00000000
/* 00D0C 80989E4C 15C00007 */  bne     $t6, $zero, .L80989E6C     
/* 00D10 80989E50 00000000 */  nop
/* 00D14 80989E54 8E0F0004 */  lw      $t7, 0x0004($s0)           ## 00000004
/* 00D18 80989E58 34590001 */  ori     $t9, $v0, 0x0001           ## $t9 = 00000001
/* 00D1C 80989E5C A6190280 */  sh      $t9, 0x0280($s0)           ## 00000280
/* 00D20 80989E60 01E1C025 */  or      $t8, $t7, $at              ## $t8 = 08000000
/* 00D24 80989E64 1000000E */  beq     $zero, $zero, .L80989EA0   
/* 00D28 80989E68 AE180004 */  sw      $t8, 0x0004($s0)           ## 00000004
.L80989E6C:
/* 00D2C 80989E6C 1460000C */  bne     $v1, $zero, .L80989EA0     
/* 00D30 80989E70 00000000 */  nop
/* 00D34 80989E74 96020280 */  lhu     $v0, 0x0280($s0)           ## 00000280
/* 00D38 80989E78 3C01F7FF */  lui     $at, 0xF7FF                ## $at = F7FF0000
/* 00D3C 80989E7C 3421FFFF */  ori     $at, $at, 0xFFFF           ## $at = F7FFFFFF
/* 00D40 80989E80 30480001 */  andi    $t0, $v0, 0x0001           ## $t0 = 00000000
/* 00D44 80989E84 11000006 */  beq     $t0, $zero, .L80989EA0     
/* 00D48 80989E88 00000000 */  nop
/* 00D4C 80989E8C 8E090004 */  lw      $t1, 0x0004($s0)           ## 00000004
/* 00D50 80989E90 304BFFFE */  andi    $t3, $v0, 0xFFFE           ## $t3 = 00000000
/* 00D54 80989E94 A60B0280 */  sh      $t3, 0x0280($s0)           ## 00000280
/* 00D58 80989E98 01215024 */  and     $t2, $t1, $at              
/* 00D5C 80989E9C AE0A0004 */  sw      $t2, 0x0004($s0)           ## 00000004
.L80989EA0:
/* 00D60 80989EA0 0C02E27E */  jal     func_800B89F8              
/* 00D64 80989EA4 8FA50024 */  lw      $a1, 0x0024($sp)           
/* 00D68 80989EA8 10400040 */  beq     $v0, $zero, .L80989FAC     
/* 00D6C 80989EAC 02002025 */  or      $a0, $s0, $zero            ## $a0 = 00000000
/* 00D70 80989EB0 02002025 */  or      $a0, $s0, $zero            ## $a0 = 00000000
/* 00D74 80989EB4 0C02E3B2 */  jal     func_800B8EC8              
/* 00D78 80989EB8 240528D8 */  addiu   $a1, $zero, 0x28D8         ## $a1 = 000028D8
/* 00D7C 80989EBC 860E0286 */  lh      $t6, 0x0286($s0)           ## 00000286
/* 00D80 80989EC0 3C188099 */  lui     $t8, %hi(D_8098C2A8)       ## $t8 = 80990000
/* 00D84 80989EC4 240C0001 */  addiu   $t4, $zero, 0x0001         ## $t4 = 00000001
/* 00D88 80989EC8 000E7880 */  sll     $t7, $t6,  2               
/* 00D8C 80989ECC 01EE7823 */  subu    $t7, $t7, $t6              
/* 00D90 80989ED0 000F7840 */  sll     $t7, $t7,  1               
/* 00D94 80989ED4 2718C2A8 */  addiu   $t8, $t8, %lo(D_8098C2A8)  ## $t8 = 8098C2A8
/* 00D98 80989ED8 A60C0290 */  sh      $t4, 0x0290($s0)           ## 00000290
/* 00D9C 80989EDC 01F8C821 */  addu    $t9, $t7, $t8              
/* 00DA0 80989EE0 8B290000 */  lwl     $t1, 0x0000($t9)           ## 00000000
/* 00DA4 80989EE4 9B290003 */  lwr     $t1, 0x0003($t9)           ## 00000003
/* 00DA8 80989EE8 3C0D8099 */  lui     $t5, %hi(D_8098C2FC)       ## $t5 = 80990000
/* 00DAC 80989EEC 25ADC2FC */  addiu   $t5, $t5, %lo(D_8098C2FC)  ## $t5 = 8098C2FC
/* 00DB0 80989EF0 ADA90000 */  sw      $t1, 0x0000($t5)           ## 8098C2FC
/* 00DB4 80989EF4 97290004 */  lhu     $t1, 0x0004($t9)           ## 00000004
/* 00DB8 80989EF8 3C028099 */  lui     $v0, %hi(D_8098C2A0)       ## $v0 = 80990000
/* 00DBC 80989EFC 2442C2A0 */  addiu   $v0, $v0, %lo(D_8098C2A0)  ## $v0 = 8098C2A0
/* 00DC0 80989F00 A5A90004 */  sh      $t1, 0x0004($t5)           ## 8098C300
/* 00DC4 80989F04 904A0000 */  lbu     $t2, 0x0000($v0)           ## 8098C2A0
/* 00DC8 80989F08 3C058099 */  lui     $a1, %hi(D_8098C35C)       ## $a1 = 80990000
/* 00DCC 80989F0C 24A5C35C */  addiu   $a1, $a1, %lo(D_8098C35C)  ## $a1 = 8098C35C
/* 00DD0 80989F10 1540000A */  bne     $t2, $zero, .L80989F3C     
/* 00DD4 80989F14 2604014C */  addiu   $a0, $s0, 0x014C           ## $a0 = 0000014C
/* 00DD8 80989F18 8E0B0004 */  lw      $t3, 0x0004($s0)           ## 00000004
/* 00DDC 80989F1C 3C010800 */  lui     $at, 0x0800                ## $at = 08000000
/* 00DE0 80989F20 240E0001 */  addiu   $t6, $zero, 0x0001         ## $t6 = 00000001
/* 00DE4 80989F24 01616025 */  or      $t4, $t3, $at              ## $t4 = 08000000
/* 00DE8 80989F28 AE0C0004 */  sw      $t4, 0x0004($s0)           ## 00000004
/* 00DEC 80989F2C A04E0000 */  sb      $t6, 0x0000($v0)           ## 8098C2A0
/* 00DF0 80989F30 960F0280 */  lhu     $t7, 0x0280($s0)           ## 00000280
/* 00DF4 80989F34 35F80001 */  ori     $t8, $t7, 0x0001           ## $t8 = 00000001
/* 00DF8 80989F38 A6180280 */  sh      $t8, 0x0280($s0)           ## 00000280
.L80989F3C:
/* 00DFC 80989F3C 0C262450 */  jal     func_80989140              
/* 00E00 80989F40 24060005 */  addiu   $a2, $zero, 0x0005         ## $a2 = 00000005
/* 00E04 80989F44 8E0D0004 */  lw      $t5, 0x0004($s0)           ## 00000004
/* 00E08 80989F48 44802000 */  mtc1    $zero, $f4                 ## $f4 = 0.00
/* 00E0C 80989F4C 2401FFFE */  addiu   $at, $zero, 0xFFFE         ## $at = FFFFFFFE
/* 00E10 80989F50 01A1C824 */  and     $t9, $t5, $at              
/* 00E14 80989F54 AE190004 */  sw      $t9, 0x0004($s0)           ## 00000004
/* 00E18 80989F58 E6040070 */  swc1    $f4, 0x0070($s0)           ## 00000070
/* 00E1C 80989F5C 0C04900F */  jal     func_8012403C              
/* 00E20 80989F60 8FA40024 */  lw      $a0, 0x0024($sp)           
/* 00E24 80989F64 24010001 */  addiu   $at, $zero, 0x0001         ## $at = 00000001
/* 00E28 80989F68 1441000D */  bne     $v0, $at, .L80989FA0       
/* 00E2C 80989F6C 3C0B8099 */  lui     $t3, %hi(func_8098BA64)    ## $t3 = 80990000
/* 00E30 80989F70 8E080004 */  lw      $t0, 0x0004($s0)           ## 00000004
/* 00E34 80989F74 3C010001 */  lui     $at, 0x0001                ## $at = 00010000
/* 00E38 80989F78 02002025 */  or      $a0, $s0, $zero            ## $a0 = 00000000
/* 00E3C 80989F7C 01014825 */  or      $t1, $t0, $at              ## $t1 = 00010000
/* 00E40 80989F80 AE090004 */  sw      $t1, 0x0004($s0)           ## 00000004
/* 00E44 80989F84 8FA50024 */  lw      $a1, 0x0024($sp)           
/* 00E48 80989F88 0C02E185 */  jal     func_800B8614              
/* 00E4C 80989F8C 3C0642C8 */  lui     $a2, 0x42C8                ## $a2 = 42C80000
/* 00E50 80989F90 3C0A8099 */  lui     $t2, %hi(func_8098BBEC)    ## $t2 = 80990000
/* 00E54 80989F94 254ABBEC */  addiu   $t2, $t2, %lo(func_8098BBEC) ## $t2 = 8098BBEC
/* 00E58 80989F98 10000006 */  beq     $zero, $zero, .L80989FB4   
/* 00E5C 80989F9C AE0A0144 */  sw      $t2, 0x0144($s0)           ## 00000144
.L80989FA0:
/* 00E60 80989FA0 256BBA64 */  addiu   $t3, $t3, %lo(func_8098BA64) ## $t3 = FFFFBA64
/* 00E64 80989FA4 10000003 */  beq     $zero, $zero, .L80989FB4   
/* 00E68 80989FA8 AE0B0144 */  sw      $t3, 0x0144($s0)           ## 00000144
.L80989FAC:
/* 00E6C 80989FAC 0C02E2EC */  jal     func_800B8BB0              
/* 00E70 80989FB0 8FA50024 */  lw      $a1, 0x0024($sp)           
.L80989FB4:
/* 00E74 80989FB4 8FBF001C */  lw      $ra, 0x001C($sp)           
/* 00E78 80989FB8 8FB00018 */  lw      $s0, 0x0018($sp)           
/* 00E7C 80989FBC 27BD0020 */  addiu   $sp, $sp, 0x0020           ## $sp = 00000000
/* 00E80 80989FC0 03E00008 */  jr      $ra                        
/* 00E84 80989FC4 00000000 */  nop


glabel func_80989FC8
/* 00E88 80989FC8 8C831CF0 */  lw      $v1, 0x1CF0($a0)           ## 00001CF0
/* 00E8C 80989FCC 3C018099 */  lui     $at, %hi(D_8098C490)       ## $at = 80990000
/* 00E90 80989FD0 C420C490 */  lwc1    $f0, %lo(D_8098C490)($at)  
/* 00E94 80989FD4 10600018 */  beq     $v1, $zero, .L8098A038     
/* 00E98 80989FD8 3C048099 */  lui     $a0, %hi(D_8098C2A4)       ## $a0 = 80990000
/* 00E9C 80989FDC 2484C2A4 */  addiu   $a0, $a0, %lo(D_8098C2A4)  ## $a0 = 8098C2A4
/* 00EA0 80989FE0 240200E2 */  addiu   $v0, $zero, 0x00E2         ## $v0 = 000000E2
/* 00EA4 80989FE4 846E0000 */  lh      $t6, 0x0000($v1)           ## 00000000
.L80989FE8:
/* 00EA8 80989FE8 544E0011 */  bnel    $v0, $t6, .L8098A030       
/* 00EAC 80989FEC 8C63012C */  lw      $v1, 0x012C($v1)           ## 0000012C
/* 00EB0 80989FF0 906F0114 */  lbu     $t7, 0x0114($v1)           ## 00000114
/* 00EB4 80989FF4 51E00006 */  beql    $t7, $zero, .L8098A010     
/* 00EB8 80989FF8 C4620098 */  lwc1    $f2, 0x0098($v1)           ## 00000098
/* 00EBC 80989FFC 84780286 */  lh      $t8, 0x0286($v1)           ## 00000286
/* 00EC0 8098A000 24020001 */  addiu   $v0, $zero, 0x0001         ## $v0 = 00000001
/* 00EC4 8098A004 03E00008 */  jr      $ra                        
/* 00EC8 8098A008 A4980000 */  sh      $t8, 0x0000($a0)           ## 8098C2A4
.L8098A00C:
/* 00ECC 8098A00C C4620098 */  lwc1    $f2, 0x0098($v1)           ## 00000098
.L8098A010:
/* 00ED0 8098A010 4600103C */  c.lt.s  $f2, $f0                   
/* 00ED4 8098A014 00000000 */  nop
/* 00ED8 8098A018 45020005 */  bc1fl   .L8098A030                 
/* 00EDC 8098A01C 8C63012C */  lw      $v1, 0x012C($v1)           ## 0000012C
/* 00EE0 8098A020 84790286 */  lh      $t9, 0x0286($v1)           ## 00000286
/* 00EE4 8098A024 46001006 */  mov.s   $f0, $f2                   
/* 00EE8 8098A028 A4990000 */  sh      $t9, 0x0000($a0)           ## 8098C2A4
/* 00EEC 8098A02C 8C63012C */  lw      $v1, 0x012C($v1)           ## 0000012C
.L8098A030:
/* 00EF0 8098A030 5460FFED */  bnel    $v1, $zero, .L80989FE8     
/* 00EF4 8098A034 846E0000 */  lh      $t6, 0x0000($v1)           ## 00000000
.L8098A038:
/* 00EF8 8098A038 3C048099 */  lui     $a0, %hi(D_8098C2A4)       ## $a0 = 80990000
/* 00EFC 8098A03C 2484C2A4 */  addiu   $a0, $a0, %lo(D_8098C2A4)  ## $a0 = 8098C2A4
/* 00F00 8098A040 84880000 */  lh      $t0, 0x0000($a0)           ## 8098C2A4
/* 00F04 8098A044 24010063 */  addiu   $at, $zero, 0x0063         ## $at = 00000063
/* 00F08 8098A048 00001025 */  or      $v0, $zero, $zero          ## $v0 = 00000000
/* 00F0C 8098A04C 11010003 */  beq     $t0, $at, .L8098A05C       
/* 00F10 8098A050 00000000 */  nop
/* 00F14 8098A054 03E00008 */  jr      $ra                        
/* 00F18 8098A058 24020001 */  addiu   $v0, $zero, 0x0001         ## $v0 = 00000001
.L8098A05C:
/* 00F1C 8098A05C 03E00008 */  jr      $ra                        
/* 00F20 8098A060 00000000 */  nop


glabel func_8098A064
/* 00F24 8098A064 27BDFFE8 */  addiu   $sp, $sp, 0xFFE8           ## $sp = FFFFFFE8
/* 00F28 8098A068 AFBF0014 */  sw      $ra, 0x0014($sp)           
/* 00F2C 8098A06C 00803825 */  or      $a3, $a0, $zero            ## $a3 = 00000000
/* 00F30 8098A070 8CA21CCC */  lw      $v0, 0x1CCC($a1)           ## 00001CCC
/* 00F34 8098A074 3C038099 */  lui     $v1, %hi(D_8098C2A4)       ## $v1 = 80990000
/* 00F38 8098A078 2463C2A4 */  addiu   $v1, $v1, %lo(D_8098C2A4)  ## $v1 = 8098C2A4
/* 00F3C 8098A07C 8C4E0A74 */  lw      $t6, 0x0A74($v0)           ## 00000A74
/* 00F40 8098A080 000E7880 */  sll     $t7, $t6,  2               
/* 00F44 8098A084 05E30038 */  bgezl   $t7, .L8098A168            
/* 00F48 8098A088 846E0000 */  lh      $t6, 0x0000($v1)           ## 8098C2A4
/* 00F4C 8098A08C 3C038099 */  lui     $v1, %hi(D_8098C2A4)       ## $v1 = 80990000
/* 00F50 8098A090 2463C2A4 */  addiu   $v1, $v1, %lo(D_8098C2A4)  ## $v1 = 8098C2A4
/* 00F54 8098A094 84620000 */  lh      $v0, 0x0000($v1)           ## 8098C2A4
/* 00F58 8098A098 24010063 */  addiu   $at, $zero, 0x0063         ## $at = 00000063
/* 00F5C 8098A09C 00A02025 */  or      $a0, $a1, $zero            ## $a0 = 00000000
/* 00F60 8098A0A0 54410007 */  bnel    $v0, $at, .L8098A0C0       
/* 00F64 8098A0A4 84F80286 */  lh      $t8, 0x0286($a3)           ## 00000286
/* 00F68 8098A0A8 0C2627F2 */  jal     func_80989FC8              
/* 00F6C 8098A0AC AFA70018 */  sw      $a3, 0x0018($sp)           
/* 00F70 8098A0B0 3C028099 */  lui     $v0, %hi(D_8098C2A4)       ## $v0 = 80990000
/* 00F74 8098A0B4 8442C2A4 */  lh      $v0, %lo(D_8098C2A4)($v0)  
/* 00F78 8098A0B8 8FA70018 */  lw      $a3, 0x0018($sp)           
/* 00F7C 8098A0BC 84F80286 */  lh      $t8, 0x0286($a3)           ## 00000286
.L8098A0C0:
/* 00F80 8098A0C0 54580039 */  bnel    $v0, $t8, .L8098A1A8       
/* 00F84 8098A0C4 8FBF0014 */  lw      $ra, 0x0014($sp)           
/* 00F88 8098A0C8 94E20280 */  lhu     $v0, 0x0280($a3)           ## 00000280
/* 00F8C 8098A0CC 24E4014C */  addiu   $a0, $a3, 0x014C           ## $a0 = 0000014C
/* 00F90 8098A0D0 3C058099 */  lui     $a1, %hi(D_8098C35C)       ## $a1 = 80990000
/* 00F94 8098A0D4 30590020 */  andi    $t9, $v0, 0x0020           ## $t9 = 00000000
/* 00F98 8098A0D8 1720000B */  bne     $t9, $zero, .L8098A108     
/* 00F9C 8098A0DC 34480020 */  ori     $t0, $v0, 0x0020           ## $t0 = 80990020
/* 00FA0 8098A0E0 A4E80280 */  sh      $t0, 0x0280($a3)           ## 00000280
/* 00FA4 8098A0E4 AFA70018 */  sw      $a3, 0x0018($sp)           
/* 00FA8 8098A0E8 24A5C35C */  addiu   $a1, $a1, %lo(D_8098C35C)  ## $a1 = 8098C35C
/* 00FAC 8098A0EC 0C262450 */  jal     func_80989140              
/* 00FB0 8098A0F0 24060001 */  addiu   $a2, $zero, 0x0001         ## $a2 = 00000001
/* 00FB4 8098A0F4 8FA70018 */  lw      $a3, 0x0018($sp)           
/* 00FB8 8098A0F8 3C098099 */  lui     $t1, %hi(func_8098AF44)    ## $t1 = 80990000
/* 00FBC 8098A0FC 2529AF44 */  addiu   $t1, $t1, %lo(func_8098AF44) ## $t1 = 8098AF44
/* 00FC0 8098A100 10000028 */  beq     $zero, $zero, .L8098A1A4   
/* 00FC4 8098A104 ACE90144 */  sw      $t1, 0x0144($a3)           ## 00000144
.L8098A108:
/* 00FC8 8098A108 8CE20144 */  lw      $v0, 0x0144($a3)           ## 00000144
/* 00FCC 8098A10C 3C0A8099 */  lui     $t2, %hi(func_8098B004)    ## $t2 = 80990000
/* 00FD0 8098A110 254AB004 */  addiu   $t2, $t2, %lo(func_8098B004) ## $t2 = 8098B004
/* 00FD4 8098A114 11420004 */  beq     $t2, $v0, .L8098A128       
/* 00FD8 8098A118 3C0B8099 */  lui     $t3, %hi(func_8098AB48)    ## $t3 = 80990000
/* 00FDC 8098A11C 256BAB48 */  addiu   $t3, $t3, %lo(func_8098AB48) ## $t3 = 8098AB48
/* 00FE0 8098A120 55620021 */  bnel    $t3, $v0, .L8098A1A8       
/* 00FE4 8098A124 8FBF0014 */  lw      $ra, 0x0014($sp)           
.L8098A128:
/* 00FE8 8098A128 84E20292 */  lh      $v0, 0x0292($a3)           ## 00000292
/* 00FEC 8098A12C 240D000A */  addiu   $t5, $zero, 0x000A         ## $t5 = 0000000A
/* 00FF0 8098A130 00E02025 */  or      $a0, $a3, $zero            ## $a0 = 00000000
/* 00FF4 8098A134 14400003 */  bne     $v0, $zero, .L8098A144     
/* 00FF8 8098A138 244CFFFF */  addiu   $t4, $v0, 0xFFFF           ## $t4 = FFFFFFFF
/* 00FFC 8098A13C 10000003 */  beq     $zero, $zero, .L8098A14C   
/* 01000 8098A140 00001825 */  or      $v1, $zero, $zero          ## $v1 = 00000000
.L8098A144:
/* 01004 8098A144 A4EC0292 */  sh      $t4, 0x0292($a3)           ## 00000292
/* 01008 8098A148 84E30292 */  lh      $v1, 0x0292($a3)           ## 00000292
.L8098A14C:
/* 0100C 8098A14C 14600015 */  bne     $v1, $zero, .L8098A1A4     
/* 01010 8098A150 240528D8 */  addiu   $a1, $zero, 0x28D8         ## $a1 = 000028D8
/* 01014 8098A154 0C02E3B2 */  jal     func_800B8EC8              
/* 01018 8098A158 A4ED0292 */  sh      $t5, 0x0292($a3)           ## 00000292
/* 0101C 8098A15C 10000012 */  beq     $zero, $zero, .L8098A1A8   
/* 01020 8098A160 8FBF0014 */  lw      $ra, 0x0014($sp)           
/* 01024 8098A164 846E0000 */  lh      $t6, 0x0000($v1)           ## 00000000
.L8098A168:
/* 01028 8098A168 84EF0286 */  lh      $t7, 0x0286($a3)           ## 00000286
/* 0102C 8098A16C 55CF000E */  bnel    $t6, $t7, .L8098A1A8       
/* 01030 8098A170 8FBF0014 */  lw      $ra, 0x0014($sp)           
/* 01034 8098A174 94F80280 */  lhu     $t8, 0x0280($a3)           ## 00000280
/* 01038 8098A178 24080063 */  addiu   $t0, $zero, 0x0063         ## $t0 = 00000063
/* 0103C 8098A17C 00E02025 */  or      $a0, $a3, $zero            ## $a0 = 00000000
/* 01040 8098A180 3319FFDF */  andi    $t9, $t8, 0xFFDF           ## $t9 = 00000000
/* 01044 8098A184 A4F90280 */  sh      $t9, 0x0280($a3)           ## 00000280
/* 01048 8098A188 A4680000 */  sh      $t0, 0x0000($v1)           ## 00000000
/* 0104C 8098A18C 0C2626B7 */  jal     func_80989ADC              
/* 01050 8098A190 AFA70018 */  sw      $a3, 0x0018($sp)           
/* 01054 8098A194 8FA70018 */  lw      $a3, 0x0018($sp)           
/* 01058 8098A198 3C098099 */  lui     $t1, %hi(func_8098A468)    ## $t1 = 80990000
/* 0105C 8098A19C 2529A468 */  addiu   $t1, $t1, %lo(func_8098A468) ## $t1 = 8098A468
/* 01060 8098A1A0 ACE90144 */  sw      $t1, 0x0144($a3)           ## 00000144
.L8098A1A4:
/* 01064 8098A1A4 8FBF0014 */  lw      $ra, 0x0014($sp)           
.L8098A1A8:
/* 01068 8098A1A8 27BD0018 */  addiu   $sp, $sp, 0x0018           ## $sp = 00000000
/* 0106C 8098A1AC 03E00008 */  jr      $ra                        
/* 01070 8098A1B0 00000000 */  nop


glabel func_8098A1B4
/* 01074 8098A1B4 8CA21CCC */  lw      $v0, 0x1CCC($a1)           ## 00001CCC
/* 01078 8098A1B8 24010001 */  addiu   $at, $zero, 0x0001         ## $at = 00000001
/* 0107C 8098A1BC 9043014B */  lbu     $v1, 0x014B($v0)           ## 0000014B
/* 01080 8098A1C0 10610007 */  beq     $v1, $at, .L8098A1E0       
/* 01084 8098A1C4 24010002 */  addiu   $at, $zero, 0x0002         ## $at = 00000002
/* 01088 8098A1C8 10610005 */  beq     $v1, $at, .L8098A1E0       
/* 0108C 8098A1CC 24010003 */  addiu   $at, $zero, 0x0003         ## $at = 00000003
/* 01090 8098A1D0 5061000D */  beql    $v1, $at, .L8098A208       
/* 01094 8098A1D4 3C01437A */  lui     $at, 0x437A                ## $at = 437A0000
/* 01098 8098A1D8 10000014 */  beq     $zero, $zero, .L8098A22C   
/* 0109C 8098A1DC 00001025 */  or      $v0, $zero, $zero          ## $v0 = 00000000
.L8098A1E0:
/* 010A0 8098A1E0 3C014396 */  lui     $at, 0x4396                ## $at = 43960000
/* 010A4 8098A1E4 44813000 */  mtc1    $at, $f6                   ## $f6 = 300.00
/* 010A8 8098A1E8 C4840098 */  lwc1    $f4, 0x0098($a0)           ## 00000098
/* 010AC 8098A1EC 4606203C */  c.lt.s  $f4, $f6                   
/* 010B0 8098A1F0 00000000 */  nop
/* 010B4 8098A1F4 45020004 */  bc1fl   .L8098A208                 
/* 010B8 8098A1F8 3C01437A */  lui     $at, 0x437A                ## $at = 437A0000
/* 010BC 8098A1FC 03E00008 */  jr      $ra                        
/* 010C0 8098A200 24020001 */  addiu   $v0, $zero, 0x0001         ## $v0 = 00000001
.L8098A204:
/* 010C4 8098A204 3C01437A */  lui     $at, 0x437A                ## $at = 437A0000
.L8098A208:
/* 010C8 8098A208 44815000 */  mtc1    $at, $f10                  ## $f10 = 250.00
/* 010CC 8098A20C C4880098 */  lwc1    $f8, 0x0098($a0)           ## 00000098
/* 010D0 8098A210 460A403C */  c.lt.s  $f8, $f10                  
/* 010D4 8098A214 00000000 */  nop
/* 010D8 8098A218 45020004 */  bc1fl   .L8098A22C                 
/* 010DC 8098A21C 00001025 */  or      $v0, $zero, $zero          ## $v0 = 00000000
/* 010E0 8098A220 03E00008 */  jr      $ra                        
/* 010E4 8098A224 24020001 */  addiu   $v0, $zero, 0x0001         ## $v0 = 00000001
.L8098A228:
/* 010E8 8098A228 00001025 */  or      $v0, $zero, $zero          ## $v0 = 00000000
.L8098A22C:
/* 010EC 8098A22C 03E00008 */  jr      $ra                        
/* 010F0 8098A230 00000000 */  nop


glabel func_8098A234
/* 010F4 8098A234 27BDFFE8 */  addiu   $sp, $sp, 0xFFE8           ## $sp = FFFFFFE8
/* 010F8 8098A238 AFBF0014 */  sw      $ra, 0x0014($sp)           
/* 010FC 8098A23C AFA5001C */  sw      $a1, 0x001C($sp)           
/* 01100 8098A240 00803825 */  or      $a3, $a0, $zero            ## $a3 = 00000000
/* 01104 8098A244 94EF0090 */  lhu     $t7, 0x0090($a3)           ## 00000090
/* 01108 8098A248 8FAE001C */  lw      $t6, 0x001C($sp)           
/* 0110C 8098A24C 31F80020 */  andi    $t8, $t7, 0x0020           ## $t8 = 00000000
/* 01110 8098A250 17000081 */  bne     $t8, $zero, .L8098A458     
/* 01114 8098A254 8DC31CCC */  lw      $v1, 0x1CCC($t6)           ## 00001CCC
/* 01118 8098A258 9062014B */  lbu     $v0, 0x014B($v1)           ## 0000014B
/* 0111C 8098A25C 24060001 */  addiu   $a2, $zero, 0x0001         ## $a2 = 00000001
/* 01120 8098A260 24010002 */  addiu   $at, $zero, 0x0002         ## $at = 00000002
/* 01124 8098A264 50460037 */  beql    $v0, $a2, .L8098A344       
/* 01128 8098A268 94EF0280 */  lhu     $t7, 0x0280($a3)           ## 00000280
/* 0112C 8098A26C 10410011 */  beq     $v0, $at, .L8098A2B4       
/* 01130 8098A270 24080003 */  addiu   $t0, $zero, 0x0003         ## $t0 = 00000003
/* 01134 8098A274 10480057 */  beq     $v0, $t0, .L8098A3D4       
/* 01138 8098A278 24010004 */  addiu   $at, $zero, 0x0004         ## $at = 00000004
/* 0113C 8098A27C 54410077 */  bnel    $v0, $at, .L8098A45C       
/* 01140 8098A280 8FBF0014 */  lw      $ra, 0x0014($sp)           
/* 01144 8098A284 84F9028C */  lh      $t9, 0x028C($a3)           ## 0000028C
/* 01148 8098A288 50D90074 */  beql    $a2, $t9, .L8098A45C       
/* 0114C 8098A28C 8FBF0014 */  lw      $ra, 0x0014($sp)           
/* 01150 8098A290 94EA0280 */  lhu     $t2, 0x0280($a3)           ## 00000280
/* 01154 8098A294 A4E6028C */  sh      $a2, 0x028C($a3)           ## 0000028C
/* 01158 8098A298 00E02025 */  or      $a0, $a3, $zero            ## $a0 = 00000000
/* 0115C 8098A29C 314BFFFD */  andi    $t3, $t2, 0xFFFD           ## $t3 = 00000000
/* 01160 8098A2A0 A4EB0280 */  sh      $t3, 0x0280($a3)           ## 00000280
/* 01164 8098A2A4 0C2626B7 */  jal     func_80989ADC              
/* 01168 8098A2A8 8FA5001C */  lw      $a1, 0x001C($sp)           
/* 0116C 8098A2AC 1000006B */  beq     $zero, $zero, .L8098A45C   
/* 01170 8098A2B0 8FBF0014 */  lw      $ra, 0x0014($sp)           
.L8098A2B4:
/* 01174 8098A2B4 94EC0280 */  lhu     $t4, 0x0280($a3)           ## 00000280
/* 01178 8098A2B8 84E2028C */  lh      $v0, 0x028C($a3)           ## 0000028C
/* 0117C 8098A2BC 24080004 */  addiu   $t0, $zero, 0x0004         ## $t0 = 00000004
/* 01180 8098A2C0 318DFFFD */  andi    $t5, $t4, 0xFFFD           ## $t5 = 00000000
/* 01184 8098A2C4 11020014 */  beq     $t0, $v0, .L8098A318       
/* 01188 8098A2C8 A4ED0280 */  sh      $t5, 0x0280($a3)           ## 00000280
/* 0118C 8098A2CC 3C013F80 */  lui     $at, 0x3F80                ## $at = 3F800000
/* 01190 8098A2D0 44812000 */  mtc1    $at, $f4                   ## $f4 = 1.00
/* 01194 8098A2D4 C4660070 */  lwc1    $f6, 0x0070($v1)           ## 00000070
/* 01198 8098A2D8 3C058099 */  lui     $a1, %hi(D_8098C35C)       ## $a1 = 80990000
/* 0119C 8098A2DC 24A5C35C */  addiu   $a1, $a1, %lo(D_8098C35C)  ## $a1 = 8098C35C
/* 011A0 8098A2E0 4606203C */  c.lt.s  $f4, $f6                   
/* 011A4 8098A2E4 24E4014C */  addiu   $a0, $a3, 0x014C           ## $a0 = 0000014C
/* 011A8 8098A2E8 24060002 */  addiu   $a2, $zero, 0x0002         ## $a2 = 00000002
/* 011AC 8098A2EC 4502000B */  bc1fl   .L8098A31C                 
/* 011B0 8098A2F0 24030005 */  addiu   $v1, $zero, 0x0005         ## $v1 = 00000005
/* 011B4 8098A2F4 A4E8028C */  sh      $t0, 0x028C($a3)           ## 0000028C
/* 011B8 8098A2F8 0C262450 */  jal     func_80989140              
/* 011BC 8098A2FC AFA70018 */  sw      $a3, 0x0018($sp)           
/* 011C0 8098A300 8FA70018 */  lw      $a3, 0x0018($sp)           
/* 011C4 8098A304 3C0E8099 */  lui     $t6, %hi(func_8098B004)    ## $t6 = 80990000
/* 011C8 8098A308 25CEB004 */  addiu   $t6, $t6, %lo(func_8098B004) ## $t6 = 8098B004
/* 011CC 8098A30C 24080004 */  addiu   $t0, $zero, 0x0004         ## $t0 = 00000004
/* 011D0 8098A310 ACEE0144 */  sw      $t6, 0x0144($a3)           ## 00000144
/* 011D4 8098A314 84E2028C */  lh      $v0, 0x028C($a3)           ## 0000028C
.L8098A318:
/* 011D8 8098A318 24030005 */  addiu   $v1, $zero, 0x0005         ## $v1 = 00000005
.L8098A31C:
/* 011DC 8098A31C 5062004F */  beql    $v1, $v0, .L8098A45C       
/* 011E0 8098A320 8FBF0014 */  lw      $ra, 0x0014($sp)           
/* 011E4 8098A324 1102004C */  beq     $t0, $v0, .L8098A458       
/* 011E8 8098A328 00E02025 */  or      $a0, $a3, $zero            ## $a0 = 00000000
/* 011EC 8098A32C A4E3028C */  sh      $v1, 0x028C($a3)           ## 0000028C
/* 011F0 8098A330 0C2626B7 */  jal     func_80989ADC              
/* 011F4 8098A334 8FA5001C */  lw      $a1, 0x001C($sp)           
/* 011F8 8098A338 10000048 */  beq     $zero, $zero, .L8098A45C   
/* 011FC 8098A33C 8FBF0014 */  lw      $ra, 0x0014($sp)           
/* 01200 8098A340 94EF0280 */  lhu     $t7, 0x0280($a3)           ## 00000280
.L8098A344:
/* 01204 8098A344 84E2028C */  lh      $v0, 0x028C($a3)           ## 0000028C
/* 01208 8098A348 24090002 */  addiu   $t1, $zero, 0x0002         ## $t1 = 00000002
/* 0120C 8098A34C 31F8FFFD */  andi    $t8, $t7, 0xFFFD           ## $t8 = 00000000
/* 01210 8098A350 11220016 */  beq     $t1, $v0, .L8098A3AC       
/* 01214 8098A354 A4F80280 */  sh      $t8, 0x0280($a3)           ## 00000280
/* 01218 8098A358 3C013F80 */  lui     $at, 0x3F80                ## $at = 3F800000
/* 0121C 8098A35C 44814000 */  mtc1    $at, $f8                   ## $f8 = 1.00
/* 01220 8098A360 C46A0070 */  lwc1    $f10, 0x0070($v1)          ## 00000070
/* 01224 8098A364 3C058099 */  lui     $a1, %hi(D_8098C35C)       ## $a1 = 80990000
/* 01228 8098A368 24A5C35C */  addiu   $a1, $a1, %lo(D_8098C35C)  ## $a1 = 8098C35C
/* 0122C 8098A36C 460A403C */  c.lt.s  $f8, $f10                  
/* 01230 8098A370 24E4014C */  addiu   $a0, $a3, 0x014C           ## $a0 = 0000014C
/* 01234 8098A374 2406000B */  addiu   $a2, $zero, 0x000B         ## $a2 = 0000000B
/* 01238 8098A378 4502000D */  bc1fl   .L8098A3B0                 
/* 0123C 8098A37C 24080003 */  addiu   $t0, $zero, 0x0003         ## $t0 = 00000003
/* 01240 8098A380 A4E9028C */  sh      $t1, 0x028C($a3)           ## 0000028C
/* 01244 8098A384 0C262450 */  jal     func_80989140              
/* 01248 8098A388 AFA70018 */  sw      $a3, 0x0018($sp)           
/* 0124C 8098A38C 8FA70018 */  lw      $a3, 0x0018($sp)           
/* 01250 8098A390 3C0A8099 */  lui     $t2, %hi(func_8098A618)    ## $t2 = 80990000
/* 01254 8098A394 24190032 */  addiu   $t9, $zero, 0x0032         ## $t9 = 00000032
/* 01258 8098A398 254AA618 */  addiu   $t2, $t2, %lo(func_8098A618) ## $t2 = 8098A618
/* 0125C 8098A39C 24090002 */  addiu   $t1, $zero, 0x0002         ## $t1 = 00000002
/* 01260 8098A3A0 A4F90282 */  sh      $t9, 0x0282($a3)           ## 00000282
/* 01264 8098A3A4 ACEA0144 */  sw      $t2, 0x0144($a3)           ## 00000144
/* 01268 8098A3A8 84E2028C */  lh      $v0, 0x028C($a3)           ## 0000028C
.L8098A3AC:
/* 0126C 8098A3AC 24080003 */  addiu   $t0, $zero, 0x0003         ## $t0 = 00000003
.L8098A3B0:
/* 01270 8098A3B0 5102002A */  beql    $t0, $v0, .L8098A45C       
/* 01274 8098A3B4 8FBF0014 */  lw      $ra, 0x0014($sp)           
/* 01278 8098A3B8 11220027 */  beq     $t1, $v0, .L8098A458       
/* 0127C 8098A3BC 00E02025 */  or      $a0, $a3, $zero            ## $a0 = 00000000
/* 01280 8098A3C0 A4E8028C */  sh      $t0, 0x028C($a3)           ## 0000028C
/* 01284 8098A3C4 0C2626B7 */  jal     func_80989ADC              
/* 01288 8098A3C8 8FA5001C */  lw      $a1, 0x001C($sp)           
/* 0128C 8098A3CC 10000023 */  beq     $zero, $zero, .L8098A45C   
/* 01290 8098A3D0 8FBF0014 */  lw      $ra, 0x0014($sp)           
.L8098A3D4:
/* 01294 8098A3D4 94EB0280 */  lhu     $t3, 0x0280($a3)           ## 00000280
/* 01298 8098A3D8 84E2028C */  lh      $v0, 0x028C($a3)           ## 0000028C
/* 0129C 8098A3DC 24080006 */  addiu   $t0, $zero, 0x0006         ## $t0 = 00000006
/* 012A0 8098A3E0 316CFFFD */  andi    $t4, $t3, 0xFFFD           ## $t4 = 00000000
/* 012A4 8098A3E4 11020014 */  beq     $t0, $v0, .L8098A438       
/* 012A8 8098A3E8 A4EC0280 */  sh      $t4, 0x0280($a3)           ## 00000280
/* 012AC 8098A3EC 3C013F80 */  lui     $at, 0x3F80                ## $at = 3F800000
/* 012B0 8098A3F0 44818000 */  mtc1    $at, $f16                  ## $f16 = 1.00
/* 012B4 8098A3F4 C4720070 */  lwc1    $f18, 0x0070($v1)          ## 00000070
/* 012B8 8098A3F8 3C058099 */  lui     $a1, %hi(D_8098C35C)       ## $a1 = 80990000
/* 012BC 8098A3FC 24A5C35C */  addiu   $a1, $a1, %lo(D_8098C35C)  ## $a1 = 8098C35C
/* 012C0 8098A400 4612803C */  c.lt.s  $f16, $f18                 
/* 012C4 8098A404 24E4014C */  addiu   $a0, $a3, 0x014C           ## $a0 = 0000014C
/* 012C8 8098A408 24060002 */  addiu   $a2, $zero, 0x0002         ## $a2 = 00000002
/* 012CC 8098A40C 4502000B */  bc1fl   .L8098A43C                 
/* 012D0 8098A410 24030007 */  addiu   $v1, $zero, 0x0007         ## $v1 = 00000007
/* 012D4 8098A414 A4E8028C */  sh      $t0, 0x028C($a3)           ## 0000028C
/* 012D8 8098A418 0C262450 */  jal     func_80989140              
/* 012DC 8098A41C AFA70018 */  sw      $a3, 0x0018($sp)           
/* 012E0 8098A420 8FA70018 */  lw      $a3, 0x0018($sp)           
/* 012E4 8098A424 3C0D8099 */  lui     $t5, %hi(func_8098A938)    ## $t5 = 80990000
/* 012E8 8098A428 25ADA938 */  addiu   $t5, $t5, %lo(func_8098A938) ## $t5 = 8098A938
/* 012EC 8098A42C 24080006 */  addiu   $t0, $zero, 0x0006         ## $t0 = 00000006
/* 012F0 8098A430 ACED0144 */  sw      $t5, 0x0144($a3)           ## 00000144
/* 012F4 8098A434 84E2028C */  lh      $v0, 0x028C($a3)           ## 0000028C
.L8098A438:
/* 012F8 8098A438 24030007 */  addiu   $v1, $zero, 0x0007         ## $v1 = 00000007
.L8098A43C:
/* 012FC 8098A43C 50620007 */  beql    $v1, $v0, .L8098A45C       
/* 01300 8098A440 8FBF0014 */  lw      $ra, 0x0014($sp)           
/* 01304 8098A444 11020004 */  beq     $t0, $v0, .L8098A458       
/* 01308 8098A448 00E02025 */  or      $a0, $a3, $zero            ## $a0 = 00000000
/* 0130C 8098A44C A4E3028C */  sh      $v1, 0x028C($a3)           ## 0000028C
/* 01310 8098A450 0C2626B7 */  jal     func_80989ADC              
/* 01314 8098A454 8FA5001C */  lw      $a1, 0x001C($sp)           
.L8098A458:
/* 01318 8098A458 8FBF0014 */  lw      $ra, 0x0014($sp)           
.L8098A45C:
/* 0131C 8098A45C 27BD0018 */  addiu   $sp, $sp, 0x0018           ## $sp = 00000000
/* 01320 8098A460 03E00008 */  jr      $ra                        
/* 01324 8098A464 00000000 */  nop


glabel func_8098A468
/* 01328 8098A468 27BDFFD8 */  addiu   $sp, $sp, 0xFFD8           ## $sp = FFFFFFD8
/* 0132C 8098A46C AFB00018 */  sw      $s0, 0x0018($sp)           
/* 01330 8098A470 00808025 */  or      $s0, $a0, $zero            ## $s0 = 00000000
/* 01334 8098A474 AFBF001C */  sw      $ra, 0x001C($sp)           
/* 01338 8098A478 8CAE1CCC */  lw      $t6, 0x1CCC($a1)           ## 00001CCC
/* 0133C 8098A47C 3C01C040 */  lui     $at, 0xC040                ## $at = C0400000
/* 01340 8098A480 44802000 */  mtc1    $zero, $f4                 ## $f4 = 0.00
/* 01344 8098A484 44813000 */  mtc1    $at, $f6                   ## $f6 = -3.00
/* 01348 8098A488 AFAE0024 */  sw      $t6, 0x0024($sp)           
/* 0134C 8098A48C E6040068 */  swc1    $f4, 0x0068($s0)           ## 00000068
/* 01350 8098A490 E6060074 */  swc1    $f6, 0x0074($s0)           ## 00000074
/* 01354 8098A494 AFA5002C */  sw      $a1, 0x002C($sp)           
/* 01358 8098A498 0C26259D */  jal     func_80989674              
/* 0135C 8098A49C 02002025 */  or      $a0, $s0, $zero            ## $a0 = 00000000
/* 01360 8098A4A0 0C02DAA2 */  jal     func_800B6A88              
/* 01364 8098A4A4 02002025 */  or      $a0, $s0, $zero            ## $a0 = 00000000
/* 01368 8098A4A8 8FAF0024 */  lw      $t7, 0x0024($sp)           
/* 0136C 8098A4AC 24010004 */  addiu   $at, $zero, 0x0004         ## $at = 00000004
/* 01370 8098A4B0 02002025 */  or      $a0, $s0, $zero            ## $a0 = 00000000
/* 01374 8098A4B4 91F8014B */  lbu     $t8, 0x014B($t7)           ## 0000014B
/* 01378 8098A4B8 57010004 */  bnel    $t8, $at, .L8098A4CC       
/* 0137C 8098A4BC 02002025 */  or      $a0, $s0, $zero            ## $a0 = 00000000
/* 01380 8098A4C0 0C262786 */  jal     func_80989E18              
/* 01384 8098A4C4 8FA5002C */  lw      $a1, 0x002C($sp)           
/* 01388 8098A4C8 02002025 */  or      $a0, $s0, $zero            ## $a0 = 00000000
.L8098A4CC:
/* 0138C 8098A4CC 0C262819 */  jal     func_8098A064              
/* 01390 8098A4D0 8FA5002C */  lw      $a1, 0x002C($sp)           
/* 01394 8098A4D4 0C26265D */  jal     func_80989974              
/* 01398 8098A4D8 02002025 */  or      $a0, $s0, $zero            ## $a0 = 00000000
/* 0139C 8098A4DC 96190090 */  lhu     $t9, 0x0090($s0)           ## 00000090
/* 013A0 8098A4E0 3C098099 */  lui     $t1, %hi(func_8098AF98)    ## $t1 = 80990000
/* 013A4 8098A4E4 2529AF98 */  addiu   $t1, $t1, %lo(func_8098AF98) ## $t1 = 8098AF98
/* 013A8 8098A4E8 33280001 */  andi    $t0, $t9, 0x0001           ## $t0 = 00000000
/* 013AC 8098A4EC 15000002 */  bne     $t0, $zero, .L8098A4F8     
/* 013B0 8098A4F0 24040014 */  addiu   $a0, $zero, 0x0014         ## $a0 = 00000014
/* 013B4 8098A4F4 AE090144 */  sw      $t1, 0x0144($s0)           ## 00000144
.L8098A4F8:
/* 013B8 8098A4F8 86020282 */  lh      $v0, 0x0282($s0)           ## 00000282
/* 013BC 8098A4FC 14400003 */  bne     $v0, $zero, .L8098A50C     
/* 013C0 8098A500 244AFFFF */  addiu   $t2, $v0, 0xFFFF           ## $t2 = FFFFFFFF
/* 013C4 8098A504 10000003 */  beq     $zero, $zero, .L8098A514   
/* 013C8 8098A508 00001825 */  or      $v1, $zero, $zero          ## $v1 = 00000000
.L8098A50C:
/* 013CC 8098A50C A60A0282 */  sh      $t2, 0x0282($s0)           ## 00000282
/* 013D0 8098A510 86030282 */  lh      $v1, 0x0282($s0)           ## 00000282
.L8098A514:
/* 013D4 8098A514 5460000D */  bnel    $v1, $zero, .L8098A54C     
/* 013D8 8098A518 8FBF001C */  lw      $ra, 0x001C($sp)           
/* 013DC 8098A51C 0C03FD14 */  jal     func_800FF450              
/* 013E0 8098A520 24050014 */  addiu   $a1, $zero, 0x0014         ## $a1 = 00000014
/* 013E4 8098A524 3C058099 */  lui     $a1, %hi(D_8098C35C)       ## $a1 = 80990000
/* 013E8 8098A528 A6020282 */  sh      $v0, 0x0282($s0)           ## 00000282
/* 013EC 8098A52C 24A5C35C */  addiu   $a1, $a1, %lo(D_8098C35C)  ## $a1 = 8098C35C
/* 013F0 8098A530 2604014C */  addiu   $a0, $s0, 0x014C           ## $a0 = 0000014C
/* 013F4 8098A534 0C262450 */  jal     func_80989140              
/* 013F8 8098A538 24060003 */  addiu   $a2, $zero, 0x0003         ## $a2 = 00000003
/* 013FC 8098A53C 3C0B8099 */  lui     $t3, %hi(func_8098A55C)    ## $t3 = 80990000
/* 01400 8098A540 256BA55C */  addiu   $t3, $t3, %lo(func_8098A55C) ## $t3 = 8098A55C
/* 01404 8098A544 AE0B0144 */  sw      $t3, 0x0144($s0)           ## 00000144
/* 01408 8098A548 8FBF001C */  lw      $ra, 0x001C($sp)           
.L8098A54C:
/* 0140C 8098A54C 8FB00018 */  lw      $s0, 0x0018($sp)           
/* 01410 8098A550 27BD0028 */  addiu   $sp, $sp, 0x0028           ## $sp = 00000000
/* 01414 8098A554 03E00008 */  jr      $ra                        
/* 01418 8098A558 00000000 */  nop


glabel func_8098A55C
/* 0141C 8098A55C 27BDFFE0 */  addiu   $sp, $sp, 0xFFE0           ## $sp = FFFFFFE0
/* 01420 8098A560 AFB00018 */  sw      $s0, 0x0018($sp)           
/* 01424 8098A564 00808025 */  or      $s0, $a0, $zero            ## $s0 = 00000000
/* 01428 8098A568 AFBF001C */  sw      $ra, 0x001C($sp)           
/* 0142C 8098A56C AFA50024 */  sw      $a1, 0x0024($sp)           
/* 01430 8098A570 8FAE0024 */  lw      $t6, 0x0024($sp)           
/* 01434 8098A574 24010004 */  addiu   $at, $zero, 0x0004         ## $at = 00000004
/* 01438 8098A578 02002025 */  or      $a0, $s0, $zero            ## $a0 = 00000000
/* 0143C 8098A57C 8DC21CCC */  lw      $v0, 0x1CCC($t6)           ## 00001CCC
/* 01440 8098A580 904F014B */  lbu     $t7, 0x014B($v0)           ## 0000014B
/* 01444 8098A584 55E10004 */  bnel    $t7, $at, .L8098A598       
/* 01448 8098A588 02002025 */  or      $a0, $s0, $zero            ## $a0 = 00000000
/* 0144C 8098A58C 0C262786 */  jal     func_80989E18              
/* 01450 8098A590 01C02825 */  or      $a1, $t6, $zero            ## $a1 = 00000000
/* 01454 8098A594 02002025 */  or      $a0, $s0, $zero            ## $a0 = 00000000
.L8098A598:
/* 01458 8098A598 0C262672 */  jal     func_809899C8              
/* 0145C 8098A59C 3C054150 */  lui     $a1, 0x4150                ## $a1 = 41500000
/* 01460 8098A5A0 02002025 */  or      $a0, $s0, $zero            ## $a0 = 00000000
/* 01464 8098A5A4 0C262672 */  jal     func_809899C8              
/* 01468 8098A5A8 3C054198 */  lui     $a1, 0x4198                ## $a1 = 41980000
/* 0146C 8098A5AC 96180090 */  lhu     $t8, 0x0090($s0)           ## 00000090
/* 01470 8098A5B0 3C088099 */  lui     $t0, %hi(func_8098AF98)    ## $t0 = 80990000
/* 01474 8098A5B4 2508AF98 */  addiu   $t0, $t0, %lo(func_8098AF98) ## $t0 = 8098AF98
/* 01478 8098A5B8 33190001 */  andi    $t9, $t8, 0x0001           ## $t9 = 00000000
/* 0147C 8098A5BC 17200002 */  bne     $t9, $zero, .L8098A5C8     
/* 01480 8098A5C0 2404003C */  addiu   $a0, $zero, 0x003C         ## $a0 = 0000003C
/* 01484 8098A5C4 AE080144 */  sw      $t0, 0x0144($s0)           ## 00000144
.L8098A5C8:
/* 01488 8098A5C8 86020282 */  lh      $v0, 0x0282($s0)           ## 00000282
/* 0148C 8098A5CC 14400003 */  bne     $v0, $zero, .L8098A5DC     
/* 01490 8098A5D0 2449FFFF */  addiu   $t1, $v0, 0xFFFF           ## $t1 = FFFFFFFF
/* 01494 8098A5D4 10000003 */  beq     $zero, $zero, .L8098A5E4   
/* 01498 8098A5D8 00001825 */  or      $v1, $zero, $zero          ## $v1 = 00000000
.L8098A5DC:
/* 0149C 8098A5DC A6090282 */  sh      $t1, 0x0282($s0)           ## 00000282
/* 014A0 8098A5E0 86030282 */  lh      $v1, 0x0282($s0)           ## 00000282
.L8098A5E4:
/* 014A4 8098A5E4 54600008 */  bnel    $v1, $zero, .L8098A608     
/* 014A8 8098A5E8 8FBF001C */  lw      $ra, 0x001C($sp)           
/* 014AC 8098A5EC 0C03FD14 */  jal     func_800FF450              
/* 014B0 8098A5F0 2405003C */  addiu   $a1, $zero, 0x003C         ## $a1 = 0000003C
/* 014B4 8098A5F4 A6020282 */  sh      $v0, 0x0282($s0)           ## 00000282
/* 014B8 8098A5F8 8FA50024 */  lw      $a1, 0x0024($sp)           
/* 014BC 8098A5FC 0C2626B7 */  jal     func_80989ADC              
/* 014C0 8098A600 02002025 */  or      $a0, $s0, $zero            ## $a0 = 00000000
/* 014C4 8098A604 8FBF001C */  lw      $ra, 0x001C($sp)           
.L8098A608:
/* 014C8 8098A608 8FB00018 */  lw      $s0, 0x0018($sp)           
/* 014CC 8098A60C 27BD0020 */  addiu   $sp, $sp, 0x0020           ## $sp = 00000000
/* 014D0 8098A610 03E00008 */  jr      $ra                        
/* 014D4 8098A614 00000000 */  nop


glabel func_8098A618
/* 014D8 8098A618 27BDFFD8 */  addiu   $sp, $sp, 0xFFD8           ## $sp = FFFFFFD8
/* 014DC 8098A61C AFB00020 */  sw      $s0, 0x0020($sp)           
/* 014E0 8098A620 00808025 */  or      $s0, $a0, $zero            ## $s0 = 00000000
/* 014E4 8098A624 AFBF0024 */  sw      $ra, 0x0024($sp)           
/* 014E8 8098A628 AFA5002C */  sw      $a1, 0x002C($sp)           
/* 014EC 8098A62C 86020282 */  lh      $v0, 0x0282($s0)           ## 00000282
/* 014F0 8098A630 44809000 */  mtc1    $zero, $f18                ## $f18 = 0.00
/* 014F4 8098A634 3C01C040 */  lui     $at, 0xC040                ## $at = C0400000
/* 014F8 8098A638 44818000 */  mtc1    $at, $f16                  ## $f16 = -3.00
/* 014FC 8098A63C E6120068 */  swc1    $f18, 0x0068($s0)          ## 00000068
/* 01500 8098A640 14400003 */  bne     $v0, $zero, .L8098A650     
/* 01504 8098A644 E6100074 */  swc1    $f16, 0x0074($s0)          ## 00000074
/* 01508 8098A648 10000004 */  beq     $zero, $zero, .L8098A65C   
/* 0150C 8098A64C 00001825 */  or      $v1, $zero, $zero          ## $v1 = 00000000
.L8098A650:
/* 01510 8098A650 244EFFFF */  addiu   $t6, $v0, 0xFFFF           ## $t6 = FFFFFFFF
/* 01514 8098A654 A60E0282 */  sh      $t6, 0x0282($s0)           ## 00000282
/* 01518 8098A658 86030282 */  lh      $v1, 0x0282($s0)           ## 00000282
.L8098A65C:
/* 0151C 8098A65C 1460000C */  bne     $v1, $zero, .L8098A690     
/* 01520 8098A660 260400BE */  addiu   $a0, $s0, 0x00BE           ## $a0 = 000000BE
/* 01524 8098A664 240F0032 */  addiu   $t7, $zero, 0x0032         ## $t7 = 00000032
/* 01528 8098A668 3C058099 */  lui     $a1, %hi(D_8098C35C)       ## $a1 = 80990000
/* 0152C 8098A66C A60F0282 */  sh      $t7, 0x0282($s0)           ## 00000282
/* 01530 8098A670 24A5C35C */  addiu   $a1, $a1, %lo(D_8098C35C)  ## $a1 = 8098C35C
/* 01534 8098A674 2604014C */  addiu   $a0, $s0, 0x014C           ## $a0 = 0000014C
/* 01538 8098A678 0C262450 */  jal     func_80989140              
/* 0153C 8098A67C 24060002 */  addiu   $a2, $zero, 0x0002         ## $a2 = 00000002
/* 01540 8098A680 3C188099 */  lui     $t8, %hi(func_8098A70C)    ## $t8 = 80990000
/* 01544 8098A684 2718A70C */  addiu   $t8, $t8, %lo(func_8098A70C) ## $t8 = 8098A70C
/* 01548 8098A688 10000016 */  beq     $zero, $zero, .L8098A6E4   
/* 0154C 8098A68C AE180144 */  sw      $t8, 0x0144($s0)           ## 00000144
.L8098A690:
/* 01550 8098A690 86050092 */  lh      $a1, 0x0092($s0)           ## 00000092
/* 01554 8098A694 24190001 */  addiu   $t9, $zero, 0x0001         ## $t9 = 00000001
/* 01558 8098A698 AFB90010 */  sw      $t9, 0x0010($sp)           
/* 0155C 8098A69C 24060004 */  addiu   $a2, $zero, 0x0004         ## $a2 = 00000004
/* 01560 8098A6A0 0C03FFAF */  jal     func_800FFEBC              
/* 01564 8098A6A4 240703E8 */  addiu   $a3, $zero, 0x03E8         ## $a3 = 000003E8
/* 01568 8098A6A8 96080090 */  lhu     $t0, 0x0090($s0)           ## 00000090
/* 0156C 8098A6AC 26040070 */  addiu   $a0, $s0, 0x0070           ## $a0 = 00000070
/* 01570 8098A6B0 3C05BFC0 */  lui     $a1, 0xBFC0                ## $a1 = BFC00000
/* 01574 8098A6B4 31090008 */  andi    $t1, $t0, 0x0008           ## $t1 = 00000000
/* 01578 8098A6B8 11200003 */  beq     $t1, $zero, .L8098A6C8     
/* 0157C 8098A6BC 3C063E4C */  lui     $a2, 0x3E4C                ## $a2 = 3E4C0000
/* 01580 8098A6C0 860A0086 */  lh      $t2, 0x0086($s0)           ## 00000086
/* 01584 8098A6C4 A60A00BE */  sh      $t2, 0x00BE($s0)           ## 000000BE
.L8098A6C8:
/* 01588 8098A6C8 860B00BE */  lh      $t3, 0x00BE($s0)           ## 000000BE
/* 0158C 8098A6CC 34C6CCCD */  ori     $a2, $a2, 0xCCCD           ## $a2 = 3E4CCCCD
/* 01590 8098A6D0 3C073F80 */  lui     $a3, 0x3F80                ## $a3 = 3F800000
/* 01594 8098A6D4 0C03FF7E */  jal     func_800FFDF8              
/* 01598 8098A6D8 A60B0032 */  sh      $t3, 0x0032($s0)           ## 00000032
/* 0159C 8098A6DC 0C02DAA2 */  jal     func_800B6A88              
/* 015A0 8098A6E0 02002025 */  or      $a0, $s0, $zero            ## $a0 = 00000000
.L8098A6E4:
/* 015A4 8098A6E4 0C26265D */  jal     func_80989974              
/* 015A8 8098A6E8 02002025 */  or      $a0, $s0, $zero            ## $a0 = 00000000
/* 015AC 8098A6EC 02002025 */  or      $a0, $s0, $zero            ## $a0 = 00000000
/* 015B0 8098A6F0 0C2626A7 */  jal     func_80989A9C              
/* 015B4 8098A6F4 24050000 */  addiu   $a1, $zero, 0x0000         ## $a1 = 00000000
/* 015B8 8098A6F8 8FBF0024 */  lw      $ra, 0x0024($sp)           
/* 015BC 8098A6FC 8FB00020 */  lw      $s0, 0x0020($sp)           
/* 015C0 8098A700 27BD0028 */  addiu   $sp, $sp, 0x0028           ## $sp = 00000000
/* 015C4 8098A704 03E00008 */  jr      $ra                        
/* 015C8 8098A708 00000000 */  nop


glabel func_8098A70C
/* 015CC 8098A70C 27BDFFC8 */  addiu   $sp, $sp, 0xFFC8           ## $sp = FFFFFFC8
/* 015D0 8098A710 AFB00020 */  sw      $s0, 0x0020($sp)           
/* 015D4 8098A714 00808025 */  or      $s0, $a0, $zero            ## $s0 = 00000000
/* 015D8 8098A718 AFBF0024 */  sw      $ra, 0x0024($sp)           
/* 015DC 8098A71C 8CAE1CCC */  lw      $t6, 0x1CCC($a1)           ## 00001CCC
/* 015E0 8098A720 3C01437A */  lui     $at, 0x437A                ## $at = 437A0000
/* 015E4 8098A724 44813000 */  mtc1    $at, $f6                   ## $f6 = 250.00
/* 015E8 8098A728 AFAE0034 */  sw      $t6, 0x0034($sp)           
/* 015EC 8098A72C C6040098 */  lwc1    $f4, 0x0098($s0)           ## 00000098
/* 015F0 8098A730 3C058099 */  lui     $a1, %hi(D_8098C35C)       ## $a1 = 80990000
/* 015F4 8098A734 24070C00 */  addiu   $a3, $zero, 0x0C00         ## $a3 = 00000C00
/* 015F8 8098A738 4606203C */  c.lt.s  $f4, $f6                   
/* 015FC 8098A73C 24A5C35C */  addiu   $a1, $a1, %lo(D_8098C35C)  ## $a1 = 8098C35C
/* 01600 8098A740 2604014C */  addiu   $a0, $s0, 0x014C           ## $a0 = 0000014C
/* 01604 8098A744 24060003 */  addiu   $a2, $zero, 0x0003         ## $a2 = 00000003
/* 01608 8098A748 4500002E */  bc1f    .L8098A804                 
/* 0160C 8098A74C 00000000 */  nop
/* 01610 8098A750 86050092 */  lh      $a1, 0x0092($s0)           ## 00000092
/* 01614 8098A754 260400BE */  addiu   $a0, $s0, 0x00BE           ## $a0 = 000000BE
/* 01618 8098A758 24060004 */  addiu   $a2, $zero, 0x0004         ## $a2 = 00000004
/* 0161C 8098A75C 00052823 */  subu    $a1, $zero, $a1            
/* 01620 8098A760 00052C00 */  sll     $a1, $a1, 16               
/* 01624 8098A764 0C03FFF6 */  jal     func_800FFFD8              
/* 01628 8098A768 00052C03 */  sra     $a1, $a1, 16               
/* 0162C 8098A76C 960F0090 */  lhu     $t7, 0x0090($s0)           ## 00000090
/* 01630 8098A770 26040032 */  addiu   $a0, $s0, 0x0032           ## $a0 = 00000032
/* 01634 8098A774 24060004 */  addiu   $a2, $zero, 0x0004         ## $a2 = 00000004
/* 01638 8098A778 31F80008 */  andi    $t8, $t7, 0x0008           ## $t8 = 00000000
/* 0163C 8098A77C 13000003 */  beq     $t8, $zero, .L8098A78C     
/* 01640 8098A780 240703E8 */  addiu   $a3, $zero, 0x03E8         ## $a3 = 000003E8
/* 01644 8098A784 10000002 */  beq     $zero, $zero, .L8098A790   
/* 01648 8098A788 86050086 */  lh      $a1, 0x0086($s0)           ## 00000086
.L8098A78C:
/* 0164C 8098A78C 00002825 */  or      $a1, $zero, $zero          ## $a1 = 00000000
.L8098A790:
/* 01650 8098A790 24190001 */  addiu   $t9, $zero, 0x0001         ## $t9 = 00000001
/* 01654 8098A794 0C03FFAF */  jal     func_800FFEBC              
/* 01658 8098A798 AFB90010 */  sw      $t9, 0x0010($sp)           
/* 0165C 8098A79C 860800BE */  lh      $t0, 0x00BE($s0)           ## 000000BE
/* 01660 8098A7A0 44804000 */  mtc1    $zero, $f8                 ## $f8 = 0.00
/* 01664 8098A7A4 3C063E4C */  lui     $a2, 0x3E4C                ## $a2 = 3E4C0000
/* 01668 8098A7A8 A6080032 */  sh      $t0, 0x0032($s0)           ## 00000032
/* 0166C 8098A7AC 8FA90034 */  lw      $t1, 0x0034($sp)           
/* 01670 8098A7B0 3C073F80 */  lui     $a3, 0x3F80                ## $a3 = 3F800000
/* 01674 8098A7B4 34C6CCCD */  ori     $a2, $a2, 0xCCCD           ## $a2 = 3E4CCCCD
/* 01678 8098A7B8 C5200070 */  lwc1    $f0, 0x0070($t1)           ## 00000070
/* 0167C 8098A7BC 26040070 */  addiu   $a0, $s0, 0x0070           ## $a0 = 00000070
/* 01680 8098A7C0 3C054060 */  lui     $a1, 0x4060                ## $a1 = 40600000
/* 01684 8098A7C4 46004032 */  c.eq.s  $f8, $f0                   
/* 01688 8098A7C8 00000000 */  nop
/* 0168C 8098A7CC 45010008 */  bc1t    .L8098A7F0                 
/* 01690 8098A7D0 00000000 */  nop
/* 01694 8098A7D4 44050000 */  mfc1    $a1, $f0                   
/* 01698 8098A7D8 3C063E4C */  lui     $a2, 0x3E4C                ## $a2 = 3E4C0000
/* 0169C 8098A7DC 34C6CCCD */  ori     $a2, $a2, 0xCCCD           ## $a2 = 3E4CCCCD
/* 016A0 8098A7E0 0C03FF7E */  jal     func_800FFDF8              
/* 016A4 8098A7E4 26040070 */  addiu   $a0, $s0, 0x0070           ## $a0 = 00000070
/* 016A8 8098A7E8 10000004 */  beq     $zero, $zero, .L8098A7FC   
/* 016AC 8098A7EC 260A014C */  addiu   $t2, $s0, 0x014C           ## $t2 = 0000014C
.L8098A7F0:
/* 016B0 8098A7F0 0C03FF7E */  jal     func_800FFDF8              
/* 016B4 8098A7F4 3C073F80 */  lui     $a3, 0x3F80                ## $a3 = 3F800000
/* 016B8 8098A7F8 260A014C */  addiu   $t2, $s0, 0x014C           ## $t2 = 0000014C
.L8098A7FC:
/* 016BC 8098A7FC 10000006 */  beq     $zero, $zero, .L8098A818   
/* 016C0 8098A800 AFAA002C */  sw      $t2, 0x002C($sp)           
.L8098A804:
/* 016C4 8098A804 0C262450 */  jal     func_80989140              
/* 016C8 8098A808 AFA4002C */  sw      $a0, 0x002C($sp)           
/* 016CC 8098A80C 3C0B8099 */  lui     $t3, %hi(func_8098A89C)    ## $t3 = 80990000
/* 016D0 8098A810 256BA89C */  addiu   $t3, $t3, %lo(func_8098A89C) ## $t3 = 8098A89C
/* 016D4 8098A814 AE0B0144 */  sw      $t3, 0x0144($s0)           ## 00000144
.L8098A818:
/* 016D8 8098A818 3C0140E0 */  lui     $at, 0x40E0                ## $at = 40E00000
/* 016DC 8098A81C 44810000 */  mtc1    $at, $f0                   ## $f0 = 7.00
/* 016E0 8098A820 C60A0070 */  lwc1    $f10, 0x0070($s0)          ## 00000070
/* 016E4 8098A824 460A003C */  c.lt.s  $f0, $f10                  
/* 016E8 8098A828 00000000 */  nop
/* 016EC 8098A82C 45000002 */  bc1f    .L8098A838                 
/* 016F0 8098A830 00000000 */  nop
/* 016F4 8098A834 E6000070 */  swc1    $f0, 0x0070($s0)           ## 00000070
.L8098A838:
/* 016F8 8098A838 0C02DAA2 */  jal     func_800B6A88              
/* 016FC 8098A83C 02002025 */  or      $a0, $s0, $zero            ## $a0 = 00000000
/* 01700 8098A840 0C26265D */  jal     func_80989974              
/* 01704 8098A844 02002025 */  or      $a0, $s0, $zero            ## $a0 = 00000000
/* 01708 8098A848 8FA4002C */  lw      $a0, 0x002C($sp)           
/* 0170C 8098A84C 0C04DE2E */  jal     func_801378B8              
/* 01710 8098A850 3C054040 */  lui     $a1, 0x4040                ## $a1 = 40400000
/* 01714 8098A854 10400006 */  beq     $v0, $zero, .L8098A870     
/* 01718 8098A858 8FA4002C */  lw      $a0, 0x002C($sp)           
/* 0171C 8098A85C 02002025 */  or      $a0, $s0, $zero            ## $a0 = 00000000
/* 01720 8098A860 0C02E3B2 */  jal     func_800B8EC8              
/* 01724 8098A864 2405290A */  addiu   $a1, $zero, 0x290A         ## $a1 = 0000290A
/* 01728 8098A868 10000008 */  beq     $zero, $zero, .L8098A88C   
/* 0172C 8098A86C 8FBF0024 */  lw      $ra, 0x0024($sp)           
.L8098A870:
/* 01730 8098A870 0C04DE2E */  jal     func_801378B8              
/* 01734 8098A874 3C0540C0 */  lui     $a1, 0x40C0                ## $a1 = 40C00000
/* 01738 8098A878 10400003 */  beq     $v0, $zero, .L8098A888     
/* 0173C 8098A87C 02002025 */  or      $a0, $s0, $zero            ## $a0 = 00000000
/* 01740 8098A880 0C02E3B2 */  jal     func_800B8EC8              
/* 01744 8098A884 240528EF */  addiu   $a1, $zero, 0x28EF         ## $a1 = 000028EF
.L8098A888:
/* 01748 8098A888 8FBF0024 */  lw      $ra, 0x0024($sp)           
.L8098A88C:
/* 0174C 8098A88C 8FB00020 */  lw      $s0, 0x0020($sp)           
/* 01750 8098A890 27BD0038 */  addiu   $sp, $sp, 0x0038           ## $sp = 00000000
/* 01754 8098A894 03E00008 */  jr      $ra                        
/* 01758 8098A898 00000000 */  nop


glabel func_8098A89C
/* 0175C 8098A89C 27BDFFE0 */  addiu   $sp, $sp, 0xFFE0           ## $sp = FFFFFFE0
/* 01760 8098A8A0 AFB00018 */  sw      $s0, 0x0018($sp)           
/* 01764 8098A8A4 00808025 */  or      $s0, $a0, $zero            ## $s0 = 00000000
/* 01768 8098A8A8 AFBF001C */  sw      $ra, 0x001C($sp)           
/* 0176C 8098A8AC AFA50024 */  sw      $a1, 0x0024($sp)           
/* 01770 8098A8B0 260400BE */  addiu   $a0, $s0, 0x00BE           ## $a0 = 000000BE
/* 01774 8098A8B4 86050092 */  lh      $a1, 0x0092($s0)           ## 00000092
/* 01778 8098A8B8 24060004 */  addiu   $a2, $zero, 0x0004         ## $a2 = 00000004
/* 0177C 8098A8BC 0C03FFF6 */  jal     func_800FFFD8              
/* 01780 8098A8C0 24070C00 */  addiu   $a3, $zero, 0x0C00         ## $a3 = 00000C00
/* 01784 8098A8C4 3C01437A */  lui     $at, 0x437A                ## $at = 437A0000
/* 01788 8098A8C8 44813000 */  mtc1    $at, $f6                   ## $f6 = 250.00
/* 0178C 8098A8CC C6040098 */  lwc1    $f4, 0x0098($s0)           ## 00000098
/* 01790 8098A8D0 860E00BE */  lh      $t6, 0x00BE($s0)           ## 000000BE
/* 01794 8098A8D4 3C058099 */  lui     $a1, %hi(D_8098C35C)       ## $a1 = 80990000
/* 01798 8098A8D8 4606203C */  c.lt.s  $f4, $f6                   
/* 0179C 8098A8DC 24A5C35C */  addiu   $a1, $a1, %lo(D_8098C35C)  ## $a1 = 8098C35C
/* 017A0 8098A8E0 2604014C */  addiu   $a0, $s0, 0x014C           ## $a0 = 0000014C
/* 017A4 8098A8E4 A60E0032 */  sh      $t6, 0x0032($s0)           ## 00000032
/* 017A8 8098A8E8 45020009 */  bc1fl   .L8098A910                 
/* 017AC 8098A8EC 02002025 */  or      $a0, $s0, $zero            ## $a0 = 00000000
/* 017B0 8098A8F0 0C262450 */  jal     func_80989140              
/* 017B4 8098A8F4 2406000B */  addiu   $a2, $zero, 0x000B         ## $a2 = 0000000B
/* 017B8 8098A8F8 3C188099 */  lui     $t8, %hi(func_8098A618)    ## $t8 = 80990000
/* 017BC 8098A8FC 240F0032 */  addiu   $t7, $zero, 0x0032         ## $t7 = 00000032
/* 017C0 8098A900 2718A618 */  addiu   $t8, $t8, %lo(func_8098A618) ## $t8 = 8098A618
/* 017C4 8098A904 A60F0282 */  sh      $t7, 0x0282($s0)           ## 00000282
/* 017C8 8098A908 AE180144 */  sw      $t8, 0x0144($s0)           ## 00000144
/* 017CC 8098A90C 02002025 */  or      $a0, $s0, $zero            ## $a0 = 00000000
.L8098A910:
/* 017D0 8098A910 0C262682 */  jal     func_80989A08              
/* 017D4 8098A914 3C054150 */  lui     $a1, 0x4150                ## $a1 = 41500000
/* 017D8 8098A918 02002025 */  or      $a0, $s0, $zero            ## $a0 = 00000000
/* 017DC 8098A91C 0C262682 */  jal     func_80989A08              
/* 017E0 8098A920 3C054198 */  lui     $a1, 0x4198                ## $a1 = 41980000
/* 017E4 8098A924 8FBF001C */  lw      $ra, 0x001C($sp)           
/* 017E8 8098A928 8FB00018 */  lw      $s0, 0x0018($sp)           
/* 017EC 8098A92C 27BD0020 */  addiu   $sp, $sp, 0x0020           ## $sp = 00000000
/* 017F0 8098A930 03E00008 */  jr      $ra                        
/* 017F4 8098A934 00000000 */  nop


glabel func_8098A938
/* 017F8 8098A938 27BDFFD0 */  addiu   $sp, $sp, 0xFFD0           ## $sp = FFFFFFD0
/* 017FC 8098A93C AFB00018 */  sw      $s0, 0x0018($sp)           
/* 01800 8098A940 00808025 */  or      $s0, $a0, $zero            ## $s0 = 00000000
/* 01804 8098A944 AFBF001C */  sw      $ra, 0x001C($sp)           
/* 01808 8098A948 8CAE1CCC */  lw      $t6, 0x1CCC($a1)           ## 00001CCC
/* 0180C 8098A94C 3C01C040 */  lui     $at, 0xC040                ## $at = C0400000
/* 01810 8098A950 44802000 */  mtc1    $zero, $f4                 ## $f4 = 0.00
/* 01814 8098A954 AFAE002C */  sw      $t6, 0x002C($sp)           
/* 01818 8098A958 960F0090 */  lhu     $t7, 0x0090($s0)           ## 00000090
/* 0181C 8098A95C 44813000 */  mtc1    $at, $f6                   ## $f6 = -3.00
/* 01820 8098A960 E6040068 */  swc1    $f4, 0x0068($s0)           ## 00000068
/* 01824 8098A964 31F80008 */  andi    $t8, $t7, 0x0008           ## $t8 = 00000000
/* 01828 8098A968 13000003 */  beq     $t8, $zero, .L8098A978     
/* 0182C 8098A96C E6060074 */  swc1    $f6, 0x0074($s0)           ## 00000074
/* 01830 8098A970 86190086 */  lh      $t9, 0x0086($s0)           ## 00000086
/* 01834 8098A974 A61900BE */  sh      $t9, 0x00BE($s0)           ## 000000BE
.L8098A978:
/* 01838 8098A978 3C01428C */  lui     $at, 0x428C                ## $at = 428C0000
/* 0183C 8098A97C 44815000 */  mtc1    $at, $f10                  ## $f10 = 70.00
/* 01840 8098A980 C6080098 */  lwc1    $f8, 0x0098($s0)           ## 00000098
/* 01844 8098A984 860800BE */  lh      $t0, 0x00BE($s0)           ## 000000BE
/* 01848 8098A988 3C053E4C */  lui     $a1, 0x3E4C                ## $a1 = 3E4C0000
/* 0184C 8098A98C 460A403C */  c.lt.s  $f8, $f10                  
/* 01850 8098A990 260400BE */  addiu   $a0, $s0, 0x00BE           ## $a0 = 000000BE
/* 01854 8098A994 24060004 */  addiu   $a2, $zero, 0x0004         ## $a2 = 00000004
/* 01858 8098A998 24070C00 */  addiu   $a3, $zero, 0x0C00         ## $a3 = 00000C00
/* 0185C 8098A99C 4500002F */  bc1f    .L8098AA5C                 
/* 01860 8098A9A0 A6080032 */  sh      $t0, 0x0032($s0)           ## 00000032
/* 01864 8098A9A4 26040070 */  addiu   $a0, $s0, 0x0070           ## $a0 = 00000070
/* 01868 8098A9A8 34A5CCCD */  ori     $a1, $a1, 0xCCCD           ## $a1 = 3E4CCCCD
/* 0186C 8098A9AC 0C03FF9A */  jal     func_800FFE68              
/* 01870 8098A9B0 3C063F80 */  lui     $a2, 0x3F80                ## $a2 = 3F800000
/* 01874 8098A9B4 2604014C */  addiu   $a0, $s0, 0x014C           ## $a0 = 0000014C
/* 01878 8098A9B8 AFA40024 */  sw      $a0, 0x0024($sp)           
/* 0187C 8098A9BC 0C04DE2E */  jal     func_801378B8              
/* 01880 8098A9C0 3C0540E0 */  lui     $a1, 0x40E0                ## $a1 = 40E00000
/* 01884 8098A9C4 1040002D */  beq     $v0, $zero, .L8098AA7C     
/* 01888 8098A9C8 8FA40024 */  lw      $a0, 0x0024($sp)           
/* 0188C 8098A9CC 8FA9002C */  lw      $t1, 0x002C($sp)           
/* 01890 8098A9D0 860B00BE */  lh      $t3, 0x00BE($s0)           ## 000000BE
/* 01894 8098A9D4 3C058099 */  lui     $a1, %hi(D_8098C35C)       ## $a1 = 80990000
/* 01898 8098A9D8 852A00BE */  lh      $t2, 0x00BE($t1)           ## 000000BE
/* 0189C 8098A9DC 240C0014 */  addiu   $t4, $zero, 0x0014         ## $t4 = 00000014
/* 018A0 8098A9E0 24A5C35C */  addiu   $a1, $a1, %lo(D_8098C35C)  ## $a1 = 8098C35C
/* 018A4 8098A9E4 014B1023 */  subu    $v0, $t2, $t3              
/* 018A8 8098A9E8 04410005 */  bgez    $v0, .L8098AA00            
/* 018AC 8098A9EC 00021C00 */  sll     $v1, $v0, 16               
/* 018B0 8098A9F0 00021823 */  subu    $v1, $zero, $v0            
/* 018B4 8098A9F4 00031C00 */  sll     $v1, $v1, 16               
/* 018B8 8098A9F8 10000002 */  beq     $zero, $zero, .L8098AA04   
/* 018BC 8098A9FC 00031C03 */  sra     $v1, $v1, 16               
.L8098AA00:
/* 018C0 8098AA00 00031C03 */  sra     $v1, $v1, 16               
.L8098AA04:
/* 018C4 8098AA04 28614000 */  slti    $at, $v1, 0x4000           
/* 018C8 8098AA08 10200009 */  beq     $at, $zero, .L8098AA30     
/* 018CC 8098AA0C A60C028E */  sh      $t4, 0x028E($s0)           ## 0000028E
/* 018D0 8098AA10 3C058099 */  lui     $a1, %hi(D_8098C35C)       ## $a1 = 80990000
/* 018D4 8098AA14 24A5C35C */  addiu   $a1, $a1, %lo(D_8098C35C)  ## $a1 = 8098C35C
/* 018D8 8098AA18 0C262450 */  jal     func_80989140              
/* 018DC 8098AA1C 2406000E */  addiu   $a2, $zero, 0x000E         ## $a2 = 0000000E
/* 018E0 8098AA20 3C0D8099 */  lui     $t5, %hi(func_8098AC34)    ## $t5 = 80990000
/* 018E4 8098AA24 25ADAC34 */  addiu   $t5, $t5, %lo(func_8098AC34) ## $t5 = 8098AC34
/* 018E8 8098AA28 10000014 */  beq     $zero, $zero, .L8098AA7C   
/* 018EC 8098AA2C AE0D0144 */  sw      $t5, 0x0144($s0)           ## 00000144
.L8098AA30:
/* 018F0 8098AA30 0C262450 */  jal     func_80989140              
/* 018F4 8098AA34 2406000B */  addiu   $a2, $zero, 0x000B         ## $a2 = 0000000B
/* 018F8 8098AA38 3C01BF80 */  lui     $at, 0xBF80                ## $at = BF800000
/* 018FC 8098AA3C 44818000 */  mtc1    $at, $f16                  ## $f16 = -1.00
/* 01900 8098AA40 3C018099 */  lui     $at, %hi(D_8098C410)       ## $at = 80990000
/* 01904 8098AA44 3C0E8099 */  lui     $t6, %hi(func_8098B198)    ## $t6 = 80990000
/* 01908 8098AA48 25CEB198 */  addiu   $t6, $t6, %lo(func_8098B198) ## $t6 = 8098B198
/* 0190C 8098AA4C E430C410 */  swc1    $f16, %lo(D_8098C410)($at) 
/* 01910 8098AA50 AE0E0144 */  sw      $t6, 0x0144($s0)           ## 00000144
/* 01914 8098AA54 10000009 */  beq     $zero, $zero, .L8098AA7C   
/* 01918 8098AA58 00000000 */  nop
.L8098AA5C:
/* 0191C 8098AA5C 0C03FFF6 */  jal     func_800FFFD8              
/* 01920 8098AA60 86050092 */  lh      $a1, 0x0092($s0)           ## 00000092
/* 01924 8098AA64 3C063E4C */  lui     $a2, 0x3E4C                ## $a2 = 3E4C0000
/* 01928 8098AA68 34C6CCCD */  ori     $a2, $a2, 0xCCCD           ## $a2 = 3E4CCCCD
/* 0192C 8098AA6C 26040070 */  addiu   $a0, $s0, 0x0070           ## $a0 = 00000070
/* 01930 8098AA70 3C0540A0 */  lui     $a1, 0x40A0                ## $a1 = 40A00000
/* 01934 8098AA74 0C03FF7E */  jal     func_800FFDF8              
/* 01938 8098AA78 3C073F80 */  lui     $a3, 0x3F80                ## $a3 = 3F800000
.L8098AA7C:
/* 0193C 8098AA7C 0C02DAA2 */  jal     func_800B6A88              
/* 01940 8098AA80 02002025 */  or      $a0, $s0, $zero            ## $a0 = 00000000
/* 01944 8098AA84 0C26265D */  jal     func_80989974              
/* 01948 8098AA88 02002025 */  or      $a0, $s0, $zero            ## $a0 = 00000000
/* 0194C 8098AA8C 02002025 */  or      $a0, $s0, $zero            ## $a0 = 00000000
/* 01950 8098AA90 0C262682 */  jal     func_80989A08              
/* 01954 8098AA94 3C0540A0 */  lui     $a1, 0x40A0                ## $a1 = 40A00000
/* 01958 8098AA98 8FBF001C */  lw      $ra, 0x001C($sp)           
/* 0195C 8098AA9C 8FB00018 */  lw      $s0, 0x0018($sp)           
/* 01960 8098AAA0 27BD0030 */  addiu   $sp, $sp, 0x0030           ## $sp = 00000000
/* 01964 8098AAA4 03E00008 */  jr      $ra                        
/* 01968 8098AAA8 00000000 */  nop


glabel func_8098AAAC
/* 0196C 8098AAAC 27BDFFE0 */  addiu   $sp, $sp, 0xFFE0           ## $sp = FFFFFFE0
/* 01970 8098AAB0 AFB00018 */  sw      $s0, 0x0018($sp)           
/* 01974 8098AAB4 00808025 */  or      $s0, $a0, $zero            ## $s0 = 00000000
/* 01978 8098AAB8 AFBF001C */  sw      $ra, 0x001C($sp)           
/* 0197C 8098AABC AFA50024 */  sw      $a1, 0x0024($sp)           
/* 01980 8098AAC0 960E0280 */  lhu     $t6, 0x0280($s0)           ## 00000280
/* 01984 8098AAC4 3C063DCC */  lui     $a2, 0x3DCC                ## $a2 = 3DCC0000
/* 01988 8098AAC8 34C6CCCD */  ori     $a2, $a2, 0xCCCD           ## $a2 = 3DCCCCCD
/* 0198C 8098AACC 31CFFFF7 */  andi    $t7, $t6, 0xFFF7           ## $t7 = 00000000
/* 01990 8098AAD0 A60F0280 */  sh      $t7, 0x0280($s0)           ## 00000280
/* 01994 8098AAD4 26040070 */  addiu   $a0, $s0, 0x0070           ## $a0 = 00000070
/* 01998 8098AAD8 3C054060 */  lui     $a1, 0x4060                ## $a1 = 40600000
/* 0199C 8098AADC 0C03FF7E */  jal     func_800FFDF8              
/* 019A0 8098AAE0 3C073F00 */  lui     $a3, 0x3F00                ## $a3 = 3F000000
/* 019A4 8098AAE4 0C02DAA2 */  jal     func_800B6A88              
/* 019A8 8098AAE8 02002025 */  or      $a0, $s0, $zero            ## $a0 = 00000000
/* 019AC 8098AAEC 8602028E */  lh      $v0, 0x028E($s0)           ## 0000028E
/* 019B0 8098AAF0 24190014 */  addiu   $t9, $zero, 0x0014         ## $t9 = 00000014
/* 019B4 8098AAF4 3C088099 */  lui     $t0, %hi(func_8098A938)    ## $t0 = 80990000
/* 019B8 8098AAF8 14400003 */  bne     $v0, $zero, .L8098AB08     
/* 019BC 8098AAFC 2458FFFF */  addiu   $t8, $v0, 0xFFFF           ## $t8 = FFFFFFFF
/* 019C0 8098AB00 10000003 */  beq     $zero, $zero, .L8098AB10   
/* 019C4 8098AB04 00001825 */  or      $v1, $zero, $zero          ## $v1 = 00000000
.L8098AB08:
/* 019C8 8098AB08 A618028E */  sh      $t8, 0x028E($s0)           ## 0000028E
/* 019CC 8098AB0C 8603028E */  lh      $v1, 0x028E($s0)           ## 0000028E
.L8098AB10:
/* 019D0 8098AB10 14600003 */  bne     $v1, $zero, .L8098AB20     
/* 019D4 8098AB14 2508A938 */  addiu   $t0, $t0, %lo(func_8098A938) ## $t0 = 8098A938
/* 019D8 8098AB18 A619028E */  sh      $t9, 0x028E($s0)           ## 0000028E
/* 019DC 8098AB1C AE080144 */  sw      $t0, 0x0144($s0)           ## 00000144
.L8098AB20:
/* 019E0 8098AB20 0C26265D */  jal     func_80989974              
/* 019E4 8098AB24 02002025 */  or      $a0, $s0, $zero            ## $a0 = 00000000
/* 019E8 8098AB28 02002025 */  or      $a0, $s0, $zero            ## $a0 = 00000000
/* 019EC 8098AB2C 0C262682 */  jal     func_80989A08              
/* 019F0 8098AB30 3C054040 */  lui     $a1, 0x4040                ## $a1 = 40400000
/* 019F4 8098AB34 8FBF001C */  lw      $ra, 0x001C($sp)           
/* 019F8 8098AB38 8FB00018 */  lw      $s0, 0x0018($sp)           
/* 019FC 8098AB3C 27BD0020 */  addiu   $sp, $sp, 0x0020           ## $sp = 00000000
/* 01A00 8098AB40 03E00008 */  jr      $ra                        
/* 01A04 8098AB44 00000000 */  nop


glabel func_8098AB48
/* 01A08 8098AB48 27BDFFE0 */  addiu   $sp, $sp, 0xFFE0           ## $sp = FFFFFFE0
/* 01A0C 8098AB4C AFB00018 */  sw      $s0, 0x0018($sp)           
/* 01A10 8098AB50 00808025 */  or      $s0, $a0, $zero            ## $s0 = 00000000
/* 01A14 8098AB54 AFBF001C */  sw      $ra, 0x001C($sp)           
/* 01A18 8098AB58 AFA50024 */  sw      $a1, 0x0024($sp)           
/* 01A1C 8098AB5C 960F0090 */  lhu     $t7, 0x0090($s0)           ## 00000090
/* 01A20 8098AB60 8FAE0024 */  lw      $t6, 0x0024($sp)           
/* 01A24 8098AB64 3C014248 */  lui     $at, 0x4248                ## $at = 42480000
/* 01A28 8098AB68 31F80001 */  andi    $t8, $t7, 0x0001           ## $t8 = 00000000
/* 01A2C 8098AB6C 17000004 */  bne     $t8, $zero, .L8098AB80     
/* 01A30 8098AB70 8DC21CCC */  lw      $v0, 0x1CCC($t6)           ## 00001CCC
/* 01A34 8098AB74 3C198099 */  lui     $t9, %hi(func_8098AF98)    ## $t9 = 80990000
/* 01A38 8098AB78 2739AF98 */  addiu   $t9, $t9, %lo(func_8098AF98) ## $t9 = 8098AF98
/* 01A3C 8098AB7C AE190144 */  sw      $t9, 0x0144($s0)           ## 00000144
.L8098AB80:
/* 01A40 8098AB80 C6040098 */  lwc1    $f4, 0x0098($s0)           ## 00000098
/* 01A44 8098AB84 44813000 */  mtc1    $at, $f6                   ## $f6 = 50.00
/* 01A48 8098AB88 260400BE */  addiu   $a0, $s0, 0x00BE           ## $a0 = 000000BE
/* 01A4C 8098AB8C 24060004 */  addiu   $a2, $zero, 0x0004         ## $a2 = 00000004
/* 01A50 8098AB90 4606203C */  c.lt.s  $f4, $f6                   
/* 01A54 8098AB94 24070C00 */  addiu   $a3, $zero, 0x0C00         ## $a3 = 00000C00
/* 01A58 8098AB98 45020007 */  bc1fl   .L8098ABB8                 
/* 01A5C 8098AB9C 8C490A74 */  lw      $t1, 0x0A74($v0)           ## 00000A74
/* 01A60 8098ABA0 0C03FFF6 */  jal     func_800FFFD8              
/* 01A64 8098ABA4 86050092 */  lh      $a1, 0x0092($s0)           ## 00000092
/* 01A68 8098ABA8 860800BE */  lh      $t0, 0x00BE($s0)           ## 000000BE
/* 01A6C 8098ABAC 10000013 */  beq     $zero, $zero, .L8098ABFC   
/* 01A70 8098ABB0 A6080032 */  sh      $t0, 0x0032($s0)           ## 00000032
/* 01A74 8098ABB4 8C490A74 */  lw      $t1, 0x0A74($v0)           ## 00000A74
.L8098ABB8:
/* 01A78 8098ABB8 3C058099 */  lui     $a1, %hi(D_8098C35C)       ## $a1 = 80990000
/* 01A7C 8098ABBC 24A5C35C */  addiu   $a1, $a1, %lo(D_8098C35C)  ## $a1 = 8098C35C
/* 01A80 8098ABC0 00095080 */  sll     $t2, $t1,  2               
/* 01A84 8098ABC4 05410008 */  bgez    $t2, .L8098ABE8            
/* 01A88 8098ABC8 2604014C */  addiu   $a0, $s0, 0x014C           ## $a0 = 0000014C
/* 01A8C 8098ABCC 3C058099 */  lui     $a1, %hi(D_8098C35C)       ## $a1 = 80990000
/* 01A90 8098ABD0 24A5C35C */  addiu   $a1, $a1, %lo(D_8098C35C)  ## $a1 = 8098C35C
/* 01A94 8098ABD4 2604014C */  addiu   $a0, $s0, 0x014C           ## $a0 = 0000014C
/* 01A98 8098ABD8 0C262450 */  jal     func_80989140              
/* 01A9C 8098ABDC 24060001 */  addiu   $a2, $zero, 0x0001         ## $a2 = 00000001
/* 01AA0 8098ABE0 10000003 */  beq     $zero, $zero, .L8098ABF0   
/* 01AA4 8098ABE4 00000000 */  nop
.L8098ABE8:
/* 01AA8 8098ABE8 0C262450 */  jal     func_80989140              
/* 01AAC 8098ABEC 24060002 */  addiu   $a2, $zero, 0x0002         ## $a2 = 00000002
.L8098ABF0:
/* 01AB0 8098ABF0 3C0B8099 */  lui     $t3, %hi(func_8098B004)    ## $t3 = 80990000
/* 01AB4 8098ABF4 256BB004 */  addiu   $t3, $t3, %lo(func_8098B004) ## $t3 = 8098B004
/* 01AB8 8098ABF8 AE0B0144 */  sw      $t3, 0x0144($s0)           ## 00000144
.L8098ABFC:
/* 01ABC 8098ABFC 02002025 */  or      $a0, $s0, $zero            ## $a0 = 00000000
/* 01AC0 8098AC00 0C262819 */  jal     func_8098A064              
/* 01AC4 8098AC04 8FA50024 */  lw      $a1, 0x0024($sp)           
/* 01AC8 8098AC08 960C0280 */  lhu     $t4, 0x0280($s0)           ## 00000280
/* 01ACC 8098AC0C 318D0020 */  andi    $t5, $t4, 0x0020           ## $t5 = 00000000
/* 01AD0 8098AC10 55A00004 */  bnel    $t5, $zero, .L8098AC24     
/* 01AD4 8098AC14 8FBF001C */  lw      $ra, 0x001C($sp)           
/* 01AD8 8098AC18 0C262692 */  jal     func_80989A48              
/* 01ADC 8098AC1C 02002025 */  or      $a0, $s0, $zero            ## $a0 = 00000000
/* 01AE0 8098AC20 8FBF001C */  lw      $ra, 0x001C($sp)           
.L8098AC24:
/* 01AE4 8098AC24 8FB00018 */  lw      $s0, 0x0018($sp)           
/* 01AE8 8098AC28 27BD0020 */  addiu   $sp, $sp, 0x0020           ## $sp = 00000000
/* 01AEC 8098AC2C 03E00008 */  jr      $ra                        
/* 01AF0 8098AC30 00000000 */  nop


glabel func_8098AC34
/* 01AF4 8098AC34 27BDFFD8 */  addiu   $sp, $sp, 0xFFD8           ## $sp = FFFFFFD8
/* 01AF8 8098AC38 AFB00018 */  sw      $s0, 0x0018($sp)           
/* 01AFC 8098AC3C 00808025 */  or      $s0, $a0, $zero            ## $s0 = 00000000
/* 01B00 8098AC40 AFBF001C */  sw      $ra, 0x001C($sp)           
/* 01B04 8098AC44 AFA5002C */  sw      $a1, 0x002C($sp)           
/* 01B08 8098AC48 C6040164 */  lwc1    $f4, 0x0164($s0)           ## 00000164
/* 01B0C 8098AC4C 3C014448 */  lui     $at, 0x4448                ## $at = 44480000
/* 01B10 8098AC50 44815000 */  mtc1    $at, $f10                  ## $f10 = 800.00
/* 01B14 8098AC54 4600218D */  trunc.w.s $f6, $f4                   
/* 01B18 8098AC58 440F3000 */  mfc1    $t7, $f6                   
/* 01B1C 8098AC5C 00000000 */  nop
/* 01B20 8098AC60 A7AF0026 */  sh      $t7, 0x0026($sp)           
/* 01B24 8098AC64 C6080094 */  lwc1    $f8, 0x0094($s0)           ## 00000094
/* 01B28 8098AC68 460A403C */  c.lt.s  $f8, $f10                  
/* 01B2C 8098AC6C 00000000 */  nop
/* 01B30 8098AC70 4502001C */  bc1fl   .L8098ACE4                 
/* 01B34 8098AC74 8602028E */  lh      $v0, 0x028E($s0)           ## 0000028E
/* 01B38 8098AC78 920201A0 */  lbu     $v0, 0x01A0($s0)           ## 000001A0
/* 01B3C 8098AC7C 2419003C */  addiu   $t9, $zero, 0x003C         ## $t9 = 0000003C
/* 01B40 8098AC80 3C01BF80 */  lui     $at, 0xBF80                ## $at = BF800000
/* 01B44 8098AC84 30580004 */  andi    $t8, $v0, 0x0004           ## $t8 = 00000000
/* 01B48 8098AC88 13000015 */  beq     $t8, $zero, .L8098ACE0     
/* 01B4C 8098AC8C 304CFFFB */  andi    $t4, $v0, 0xFFFB           ## $t4 = 00000000
/* 01B50 8098AC90 C6100070 */  lwc1    $f16, 0x0070($s0)          ## 00000070
/* 01B54 8098AC94 44819000 */  mtc1    $at, $f18                  ## $f18 = -1.00
/* 01B58 8098AC98 96080280 */  lhu     $t0, 0x0280($s0)           ## 00000280
/* 01B5C 8098AC9C 3C058099 */  lui     $a1, %hi(D_8098C35C)       ## $a1 = 80990000
/* 01B60 8098ACA0 46128102 */  mul.s   $f4, $f16, $f18            
/* 01B64 8098ACA4 310AFFFD */  andi    $t2, $t0, 0xFFFD           ## $t2 = 00000000
/* 01B68 8098ACA8 A60A0280 */  sh      $t2, 0x0280($s0)           ## 00000280
/* 01B6C 8098ACAC 354B0008 */  ori     $t3, $t2, 0x0008           ## $t3 = 00000008
/* 01B70 8098ACB0 A619028E */  sh      $t9, 0x028E($s0)           ## 0000028E
/* 01B74 8098ACB4 A60B0280 */  sh      $t3, 0x0280($s0)           ## 00000280
/* 01B78 8098ACB8 A20C01A0 */  sb      $t4, 0x01A0($s0)           ## 000001A0
/* 01B7C 8098ACBC E6040070 */  swc1    $f4, 0x0070($s0)           ## 00000070
/* 01B80 8098ACC0 24A5C35C */  addiu   $a1, $a1, %lo(D_8098C35C)  ## $a1 = 8098C35C
/* 01B84 8098ACC4 2604014C */  addiu   $a0, $s0, 0x014C           ## $a0 = 0000014C
/* 01B88 8098ACC8 0C262450 */  jal     func_80989140              
/* 01B8C 8098ACCC 24060002 */  addiu   $a2, $zero, 0x0002         ## $a2 = 00000002
/* 01B90 8098ACD0 3C0D8099 */  lui     $t5, %hi(func_8098AAAC)    ## $t5 = 80990000
/* 01B94 8098ACD4 25ADAAAC */  addiu   $t5, $t5, %lo(func_8098AAAC) ## $t5 = 8098AAAC
/* 01B98 8098ACD8 1000005A */  beq     $zero, $zero, .L8098AE44   
/* 01B9C 8098ACDC AE0D0144 */  sw      $t5, 0x0144($s0)           ## 00000144
.L8098ACE0:
/* 01BA0 8098ACE0 8602028E */  lh      $v0, 0x028E($s0)           ## 0000028E
.L8098ACE4:
/* 01BA4 8098ACE4 240F003C */  addiu   $t7, $zero, 0x003C         ## $t7 = 0000003C
/* 01BA8 8098ACE8 2604014C */  addiu   $a0, $s0, 0x014C           ## $a0 = 0000014C
/* 01BAC 8098ACEC 14400003 */  bne     $v0, $zero, .L8098ACFC     
/* 01BB0 8098ACF0 244EFFFF */  addiu   $t6, $v0, 0xFFFF           ## $t6 = FFFFFFFF
/* 01BB4 8098ACF4 10000003 */  beq     $zero, $zero, .L8098AD04   
/* 01BB8 8098ACF8 00001825 */  or      $v1, $zero, $zero          ## $v1 = 00000000
.L8098ACFC:
/* 01BBC 8098ACFC A60E028E */  sh      $t6, 0x028E($s0)           ## 0000028E
/* 01BC0 8098AD00 8603028E */  lh      $v1, 0x028E($s0)           ## 0000028E
.L8098AD04:
/* 01BC4 8098AD04 1460000B */  bne     $v1, $zero, .L8098AD34     
/* 01BC8 8098AD08 3C058099 */  lui     $a1, %hi(D_8098C35C)       ## $a1 = 80990000
/* 01BCC 8098AD0C 96180280 */  lhu     $t8, 0x0280($s0)           ## 00000280
/* 01BD0 8098AD10 A60F028E */  sh      $t7, 0x028E($s0)           ## 0000028E
/* 01BD4 8098AD14 24A5C35C */  addiu   $a1, $a1, %lo(D_8098C35C)  ## $a1 = 8098C35C
/* 01BD8 8098AD18 3319FFFD */  andi    $t9, $t8, 0xFFFD           ## $t9 = 00000000
/* 01BDC 8098AD1C A6190280 */  sh      $t9, 0x0280($s0)           ## 00000280
/* 01BE0 8098AD20 0C262450 */  jal     func_80989140              
/* 01BE4 8098AD24 24060002 */  addiu   $a2, $zero, 0x0002         ## $a2 = 00000002
/* 01BE8 8098AD28 3C088099 */  lui     $t0, %hi(func_8098AAAC)    ## $t0 = 80990000
/* 01BEC 8098AD2C 2508AAAC */  addiu   $t0, $t0, %lo(func_8098AAAC) ## $t0 = 8098AAAC
/* 01BF0 8098AD30 AE080144 */  sw      $t0, 0x0144($s0)           ## 00000144
.L8098AD34:
/* 01BF4 8098AD34 87A90026 */  lh      $t1, 0x0026($sp)           
/* 01BF8 8098AD38 2604014C */  addiu   $a0, $s0, 0x014C           ## $a0 = 0000014C
/* 01BFC 8098AD3C 29210009 */  slti    $at, $t1, 0x0009           
/* 01C00 8098AD40 50200013 */  beql    $at, $zero, .L8098AD90     
/* 01C04 8098AD44 960A0280 */  lhu     $t2, 0x0280($s0)           ## 00000280
/* 01C08 8098AD48 0C04DE2E */  jal     func_801378B8              
/* 01C0C 8098AD4C 24050000 */  addiu   $a1, $zero, 0x0000         ## $a1 = 00000000
/* 01C10 8098AD50 10400009 */  beq     $v0, $zero, .L8098AD78     
/* 01C14 8098AD54 3C013F80 */  lui     $at, 0x3F80                ## $at = 3F800000
/* 01C18 8098AD58 44816000 */  mtc1    $at, $f12                  ## $f12 = 1.00
/* 01C1C 8098AD5C 0C05E570 */  jal     func_801795C0              
/* 01C20 8098AD60 00000000 */  nop
/* 01C24 8098AD64 3C014040 */  lui     $at, 0x4040                ## $at = 40400000
/* 01C28 8098AD68 44813000 */  mtc1    $at, $f6                   ## $f6 = 3.00
/* 01C2C 8098AD6C 3C018099 */  lui     $at, %hi(D_8098C440)       ## $at = 80990000
/* 01C30 8098AD70 46060200 */  add.s   $f8, $f0, $f6              
/* 01C34 8098AD74 E428C440 */  swc1    $f8, %lo(D_8098C440)($at)  
.L8098AD78:
/* 01C38 8098AD78 02002025 */  or      $a0, $s0, $zero            ## $a0 = 00000000
/* 01C3C 8098AD7C 0C262619 */  jal     func_80989864              
/* 01C40 8098AD80 8FA5002C */  lw      $a1, 0x002C($sp)           
/* 01C44 8098AD84 1000002D */  beq     $zero, $zero, .L8098AE3C   
/* 01C48 8098AD88 02002025 */  or      $a0, $s0, $zero            ## $a0 = 00000000
/* 01C4C 8098AD8C 960A0280 */  lhu     $t2, 0x0280($s0)           ## 00000280
.L8098AD90:
/* 01C50 8098AD90 3C054110 */  lui     $a1, 0x4110                ## $a1 = 41100000
/* 01C54 8098AD94 354B0002 */  ori     $t3, $t2, 0x0002           ## $t3 = 00000002
/* 01C58 8098AD98 0C04DE2E */  jal     func_801378B8              
/* 01C5C 8098AD9C A60B0280 */  sh      $t3, 0x0280($s0)           ## 00000280
/* 01C60 8098ADA0 10400014 */  beq     $v0, $zero, .L8098ADF4     
/* 01C64 8098ADA4 87AC0026 */  lh      $t4, 0x0026($sp)           
/* 01C68 8098ADA8 3C013FC0 */  lui     $at, 0x3FC0                ## $at = 3FC00000
/* 01C6C 8098ADAC 44816000 */  mtc1    $at, $f12                  ## $f12 = 1.50
/* 01C70 8098ADB0 0C05E570 */  jal     func_801795C0              
/* 01C74 8098ADB4 00000000 */  nop
/* 01C78 8098ADB8 3C018099 */  lui     $at, %hi(D_8098C494)       ## $at = 80990000
/* 01C7C 8098ADBC C42AC494 */  lwc1    $f10, %lo(D_8098C494)($at) 
/* 01C80 8098ADC0 3C018099 */  lui     $at, %hi(D_8098C440)       ## $at = 80990000
/* 01C84 8098ADC4 46000400 */  add.s   $f16, $f0, $f0             
/* 01C88 8098ADC8 E42AC440 */  swc1    $f10, %lo(D_8098C440)($at) 
/* 01C8C 8098ADCC 3C014040 */  lui     $at, 0x4040                ## $at = 40400000
/* 01C90 8098ADD0 44819000 */  mtc1    $at, $f18                  ## $f18 = 3.00
/* 01C94 8098ADD4 3C014100 */  lui     $at, 0x4100                ## $at = 41000000
/* 01C98 8098ADD8 44813000 */  mtc1    $at, $f6                   ## $f6 = 8.00
/* 01C9C 8098ADDC 46128100 */  add.s   $f4, $f16, $f18            
/* 01CA0 8098ADE0 46003200 */  add.s   $f8, $f6, $f0              
/* 01CA4 8098ADE4 E6040068 */  swc1    $f4, 0x0068($s0)           ## 00000068
/* 01CA8 8098ADE8 E6080070 */  swc1    $f8, 0x0070($s0)           ## 00000070
/* 01CAC 8098ADEC 1000000A */  beq     $zero, $zero, .L8098AE18   
/* 01CB0 8098ADF0 87AD0026 */  lh      $t5, 0x0026($sp)           
.L8098ADF4:
/* 01CB4 8098ADF4 29810015 */  slti    $at, $t4, 0x0015           
/* 01CB8 8098ADF8 14200006 */  bne     $at, $zero, .L8098AE14     
/* 01CBC 8098ADFC 26040070 */  addiu   $a0, $s0, 0x0070           ## $a0 = 00000070
/* 01CC0 8098AE00 3C063E4C */  lui     $a2, 0x3E4C                ## $a2 = 3E4C0000
/* 01CC4 8098AE04 34C6CCCD */  ori     $a2, $a2, 0xCCCD           ## $a2 = 3E4CCCCD
/* 01CC8 8098AE08 3C054020 */  lui     $a1, 0x4020                ## $a1 = 40200000
/* 01CCC 8098AE0C 0C03FF7E */  jal     func_800FFDF8              
/* 01CD0 8098AE10 3C073F80 */  lui     $a3, 0x3F80                ## $a3 = 3F800000
.L8098AE14:
/* 01CD4 8098AE14 87AD0026 */  lh      $t5, 0x0026($sp)           
.L8098AE18:
/* 01CD8 8098AE18 02002025 */  or      $a0, $s0, $zero            ## $a0 = 00000000
/* 01CDC 8098AE1C 29A10018 */  slti    $at, $t5, 0x0018           
/* 01CE0 8098AE20 14200003 */  bne     $at, $zero, .L8098AE30     
/* 01CE4 8098AE24 00000000 */  nop
/* 01CE8 8098AE28 0C262619 */  jal     func_80989864              
/* 01CEC 8098AE2C 8FA5002C */  lw      $a1, 0x002C($sp)           
.L8098AE30:
/* 01CF0 8098AE30 0C02DAA2 */  jal     func_800B6A88              
/* 01CF4 8098AE34 02002025 */  or      $a0, $s0, $zero            ## $a0 = 00000000
/* 01CF8 8098AE38 02002025 */  or      $a0, $s0, $zero            ## $a0 = 00000000
.L8098AE3C:
/* 01CFC 8098AE3C 0C2626A7 */  jal     func_80989A9C              
/* 01D00 8098AE40 3C054120 */  lui     $a1, 0x4120                ## $a1 = 41200000
.L8098AE44:
/* 01D04 8098AE44 8FBF001C */  lw      $ra, 0x001C($sp)           
/* 01D08 8098AE48 8FB00018 */  lw      $s0, 0x0018($sp)           
/* 01D0C 8098AE4C 27BD0028 */  addiu   $sp, $sp, 0x0028           ## $sp = 00000000
/* 01D10 8098AE50 03E00008 */  jr      $ra                        
/* 01D14 8098AE54 00000000 */  nop


glabel func_8098AE58
/* 01D18 8098AE58 27BDFFE0 */  addiu   $sp, $sp, 0xFFE0           ## $sp = FFFFFFE0
/* 01D1C 8098AE5C AFB00018 */  sw      $s0, 0x0018($sp)           
/* 01D20 8098AE60 00808025 */  or      $s0, $a0, $zero            ## $s0 = 00000000
/* 01D24 8098AE64 AFBF001C */  sw      $ra, 0x001C($sp)           
/* 01D28 8098AE68 AFA50024 */  sw      $a1, 0x0024($sp)           
/* 01D2C 8098AE6C 3C014316 */  lui     $at, 0x4316                ## $at = 43160000
/* 01D30 8098AE70 44812000 */  mtc1    $at, $f4                   ## $f4 = 150.00
/* 01D34 8098AE74 C6000098 */  lwc1    $f0, 0x0098($s0)           ## 00000098
/* 01D38 8098AE78 3C058099 */  lui     $a1, %hi(D_8098C35C)       ## $a1 = 80990000
/* 01D3C 8098AE7C 24A5C35C */  addiu   $a1, $a1, %lo(D_8098C35C)  ## $a1 = 8098C35C
/* 01D40 8098AE80 4604003C */  c.lt.s  $f0, $f4                   
/* 01D44 8098AE84 2604014C */  addiu   $a0, $s0, 0x014C           ## $a0 = 0000014C
/* 01D48 8098AE88 3C014348 */  lui     $at, 0x4348                ## $at = 43480000
/* 01D4C 8098AE8C 45020008 */  bc1fl   .L8098AEB0                 
/* 01D50 8098AE90 44813000 */  mtc1    $at, $f6                   ## $f6 = 200.00
/* 01D54 8098AE94 0C262450 */  jal     func_80989140              
/* 01D58 8098AE98 2406000B */  addiu   $a2, $zero, 0x000B         ## $a2 = 0000000B
/* 01D5C 8098AE9C 3C0E8099 */  lui     $t6, %hi(func_8098B28C)    ## $t6 = 80990000
/* 01D60 8098AEA0 25CEB28C */  addiu   $t6, $t6, %lo(func_8098B28C) ## $t6 = 8098B28C
/* 01D64 8098AEA4 1000001D */  beq     $zero, $zero, .L8098AF1C   
/* 01D68 8098AEA8 AE0E0144 */  sw      $t6, 0x0144($s0)           ## 00000144
/* 01D6C 8098AEAC 44813000 */  mtc1    $at, $f6                   ## $f6 = 0.00
.L8098AEB0:
/* 01D70 8098AEB0 3C058099 */  lui     $a1, %hi(D_8098C35C)       ## $a1 = 80990000
/* 01D74 8098AEB4 24A5C35C */  addiu   $a1, $a1, %lo(D_8098C35C)  ## $a1 = 8098C35C
/* 01D78 8098AEB8 4606003C */  c.lt.s  $f0, $f6                   
/* 01D7C 8098AEBC 260400BE */  addiu   $a0, $s0, 0x00BE           ## $a0 = 000000BE
/* 01D80 8098AEC0 24060004 */  addiu   $a2, $zero, 0x0004         ## $a2 = 00000004
/* 01D84 8098AEC4 24070C00 */  addiu   $a3, $zero, 0x0C00         ## $a3 = 00000C00
/* 01D88 8098AEC8 45000008 */  bc1f    .L8098AEEC                 
/* 01D8C 8098AECC 00000000 */  nop
/* 01D90 8098AED0 2604014C */  addiu   $a0, $s0, 0x014C           ## $a0 = 0000014C
/* 01D94 8098AED4 0C262450 */  jal     func_80989140              
/* 01D98 8098AED8 24060003 */  addiu   $a2, $zero, 0x0003         ## $a2 = 00000003
/* 01D9C 8098AEDC 3C0F8099 */  lui     $t7, %hi(func_8098B390)    ## $t7 = 80990000
/* 01DA0 8098AEE0 25EFB390 */  addiu   $t7, $t7, %lo(func_8098B390) ## $t7 = 8098B390
/* 01DA4 8098AEE4 1000000D */  beq     $zero, $zero, .L8098AF1C   
/* 01DA8 8098AEE8 AE0F0144 */  sw      $t7, 0x0144($s0)           ## 00000144
.L8098AEEC:
/* 01DAC 8098AEEC 0C03FFF6 */  jal     func_800FFFD8              
/* 01DB0 8098AEF0 86050092 */  lh      $a1, 0x0092($s0)           ## 00000092
/* 01DB4 8098AEF4 861800BE */  lh      $t8, 0x00BE($s0)           ## 000000BE
/* 01DB8 8098AEF8 3C063E4C */  lui     $a2, 0x3E4C                ## $a2 = 3E4C0000
/* 01DBC 8098AEFC 34C6CCCD */  ori     $a2, $a2, 0xCCCD           ## $a2 = 3E4CCCCD
/* 01DC0 8098AF00 26040070 */  addiu   $a0, $s0, 0x0070           ## $a0 = 00000070
/* 01DC4 8098AF04 3C054000 */  lui     $a1, 0x4000                ## $a1 = 40000000
/* 01DC8 8098AF08 3C073F80 */  lui     $a3, 0x3F80                ## $a3 = 3F800000
/* 01DCC 8098AF0C 0C03FF7E */  jal     func_800FFDF8              
/* 01DD0 8098AF10 A6180032 */  sh      $t8, 0x0032($s0)           ## 00000032
/* 01DD4 8098AF14 0C02DAA2 */  jal     func_800B6A88              
/* 01DD8 8098AF18 02002025 */  or      $a0, $s0, $zero            ## $a0 = 00000000
.L8098AF1C:
/* 01DDC 8098AF1C 0C26265D */  jal     func_80989974              
/* 01DE0 8098AF20 02002025 */  or      $a0, $s0, $zero            ## $a0 = 00000000
/* 01DE4 8098AF24 02002025 */  or      $a0, $s0, $zero            ## $a0 = 00000000
/* 01DE8 8098AF28 0C262672 */  jal     func_809899C8              
/* 01DEC 8098AF2C 3C0540A0 */  lui     $a1, 0x40A0                ## $a1 = 40A00000
/* 01DF0 8098AF30 8FBF001C */  lw      $ra, 0x001C($sp)           
/* 01DF4 8098AF34 8FB00018 */  lw      $s0, 0x0018($sp)           
/* 01DF8 8098AF38 27BD0020 */  addiu   $sp, $sp, 0x0020           ## $sp = 00000000
/* 01DFC 8098AF3C 03E00008 */  jr      $ra                        
/* 01E00 8098AF40 00000000 */  nop


glabel func_8098AF44
/* 01E04 8098AF44 27BDFFE8 */  addiu   $sp, $sp, 0xFFE8           ## $sp = FFFFFFE8
/* 01E08 8098AF48 AFBF0014 */  sw      $ra, 0x0014($sp)           
/* 01E0C 8098AF4C AFA40018 */  sw      $a0, 0x0018($sp)           
/* 01E10 8098AF50 AFA5001C */  sw      $a1, 0x001C($sp)           
/* 01E14 8098AF54 0C0691BE */  jal     func_801A46F8              
/* 01E18 8098AF58 00000000 */  nop
/* 01E1C 8098AF5C 24010001 */  addiu   $at, $zero, 0x0001         ## $at = 00000001
/* 01E20 8098AF60 14410009 */  bne     $v0, $at, .L8098AF88       
/* 01E24 8098AF64 8FA40018 */  lw      $a0, 0x0018($sp)           
/* 01E28 8098AF68 240E000A */  addiu   $t6, $zero, 0x000A         ## $t6 = 0000000A
/* 01E2C 8098AF6C A48E0292 */  sh      $t6, 0x0292($a0)           ## 00000292
/* 01E30 8098AF70 0C02E3B2 */  jal     func_800B8EC8              
/* 01E34 8098AF74 240528D8 */  addiu   $a1, $zero, 0x28D8         ## $a1 = 000028D8
/* 01E38 8098AF78 8FB80018 */  lw      $t8, 0x0018($sp)           
/* 01E3C 8098AF7C 3C0F8099 */  lui     $t7, %hi(func_8098B004)    ## $t7 = 80990000
/* 01E40 8098AF80 25EFB004 */  addiu   $t7, $t7, %lo(func_8098B004) ## $t7 = 8098B004
/* 01E44 8098AF84 AF0F0144 */  sw      $t7, 0x0144($t8)           ## 00000144
.L8098AF88:
/* 01E48 8098AF88 8FBF0014 */  lw      $ra, 0x0014($sp)           
/* 01E4C 8098AF8C 27BD0018 */  addiu   $sp, $sp, 0x0018           ## $sp = 00000000
/* 01E50 8098AF90 03E00008 */  jr      $ra                        
/* 01E54 8098AF94 00000000 */  nop


glabel func_8098AF98
/* 01E58 8098AF98 27BDFFE8 */  addiu   $sp, $sp, 0xFFE8           ## $sp = FFFFFFE8
/* 01E5C 8098AF9C AFBF0014 */  sw      $ra, 0x0014($sp)           
/* 01E60 8098AFA0 AFA5001C */  sw      $a1, 0x001C($sp)           
/* 01E64 8098AFA4 00803825 */  or      $a3, $a0, $zero            ## $a3 = 00000000
/* 01E68 8098AFA8 94EE0090 */  lhu     $t6, 0x0090($a3)           ## 00000090
/* 01E6C 8098AFAC 3C058099 */  lui     $a1, %hi(D_8098C35C)       ## $a1 = 80990000
/* 01E70 8098AFB0 24A5C35C */  addiu   $a1, $a1, %lo(D_8098C35C)  ## $a1 = 8098C35C
/* 01E74 8098AFB4 31CF0001 */  andi    $t7, $t6, 0x0001           ## $t7 = 00000000
/* 01E78 8098AFB8 11E00008 */  beq     $t7, $zero, .L8098AFDC     
/* 01E7C 8098AFBC 24E4014C */  addiu   $a0, $a3, 0x014C           ## $a0 = 0000014C
/* 01E80 8098AFC0 24060002 */  addiu   $a2, $zero, 0x0002         ## $a2 = 00000002
/* 01E84 8098AFC4 0C262450 */  jal     func_80989140              
/* 01E88 8098AFC8 AFA70018 */  sw      $a3, 0x0018($sp)           
/* 01E8C 8098AFCC 8FA70018 */  lw      $a3, 0x0018($sp)           
/* 01E90 8098AFD0 3C188099 */  lui     $t8, %hi(func_8098A468)    ## $t8 = 80990000
/* 01E94 8098AFD4 2718A468 */  addiu   $t8, $t8, %lo(func_8098A468) ## $t8 = 8098A468
/* 01E98 8098AFD8 ACF80144 */  sw      $t8, 0x0144($a3)           ## 00000144
.L8098AFDC:
/* 01E9C 8098AFDC 00E02025 */  or      $a0, $a3, $zero            ## $a0 = 00000000
/* 01EA0 8098AFE0 0C02DAA2 */  jal     func_800B6A88              
/* 01EA4 8098AFE4 AFA70018 */  sw      $a3, 0x0018($sp)           
/* 01EA8 8098AFE8 8FA40018 */  lw      $a0, 0x0018($sp)           
/* 01EAC 8098AFEC 0C262672 */  jal     func_809899C8              
/* 01EB0 8098AFF0 3C054040 */  lui     $a1, 0x4040                ## $a1 = 40400000
/* 01EB4 8098AFF4 8FBF0014 */  lw      $ra, 0x0014($sp)           
/* 01EB8 8098AFF8 27BD0018 */  addiu   $sp, $sp, 0x0018           ## $sp = 00000000
/* 01EBC 8098AFFC 03E00008 */  jr      $ra                        
/* 01EC0 8098B000 00000000 */  nop


glabel func_8098B004
/* 01EC4 8098B004 27BDFFD8 */  addiu   $sp, $sp, 0xFFD8           ## $sp = FFFFFFD8
/* 01EC8 8098B008 AFB00018 */  sw      $s0, 0x0018($sp)           
/* 01ECC 8098B00C 00808025 */  or      $s0, $a0, $zero            ## $s0 = 00000000
/* 01ED0 8098B010 AFBF001C */  sw      $ra, 0x001C($sp)           
/* 01ED4 8098B014 AFA5002C */  sw      $a1, 0x002C($sp)           
/* 01ED8 8098B018 3C01C040 */  lui     $at, 0xC040                ## $at = C0400000
/* 01EDC 8098B01C 44813000 */  mtc1    $at, $f6                   ## $f6 = -3.00
/* 01EE0 8098B020 3C014270 */  lui     $at, 0x4270                ## $at = 42700000
/* 01EE4 8098B024 44815000 */  mtc1    $at, $f10                  ## $f10 = 60.00
/* 01EE8 8098B028 C6080098 */  lwc1    $f8, 0x0098($s0)           ## 00000098
/* 01EEC 8098B02C 8FAE002C */  lw      $t6, 0x002C($sp)           
/* 01EF0 8098B030 44802000 */  mtc1    $zero, $f4                 ## $f4 = 0.00
/* 01EF4 8098B034 460A403C */  c.lt.s  $f8, $f10                  
/* 01EF8 8098B038 8DC21CCC */  lw      $v0, 0x1CCC($t6)           ## 00001CCC
/* 01EFC 8098B03C 260400BE */  addiu   $a0, $s0, 0x00BE           ## $a0 = 000000BE
/* 01F00 8098B040 E6060074 */  swc1    $f6, 0x0074($s0)           ## 00000074
/* 01F04 8098B044 45000009 */  bc1f    .L8098B06C                 
/* 01F08 8098B048 E6040068 */  swc1    $f4, 0x0068($s0)           ## 00000068
/* 01F0C 8098B04C 920F01A2 */  lbu     $t7, 0x01A2($s0)           ## 000001A2
/* 01F10 8098B050 31F80002 */  andi    $t8, $t7, 0x0002           ## $t8 = 00000000
/* 01F14 8098B054 53000006 */  beql    $t8, $zero, .L8098B070     
/* 01F18 8098B058 86050092 */  lh      $a1, 0x0092($s0)           ## 00000092
/* 01F1C 8098B05C 861900BE */  lh      $t9, 0x00BE($s0)           ## 000000BE
/* 01F20 8098B060 2728071C */  addiu   $t0, $t9, 0x071C           ## $t0 = 0000071C
/* 01F24 8098B064 10000007 */  beq     $zero, $zero, .L8098B084   
/* 01F28 8098B068 A60800BE */  sh      $t0, 0x00BE($s0)           ## 000000BE
.L8098B06C:
/* 01F2C 8098B06C 86050092 */  lh      $a1, 0x0092($s0)           ## 00000092
.L8098B070:
/* 01F30 8098B070 AFA20024 */  sw      $v0, 0x0024($sp)           
/* 01F34 8098B074 24060004 */  addiu   $a2, $zero, 0x0004         ## $a2 = 00000004
/* 01F38 8098B078 0C03FFF6 */  jal     func_800FFFD8              
/* 01F3C 8098B07C 24070C00 */  addiu   $a3, $zero, 0x0C00         ## $a3 = 00000C00
/* 01F40 8098B080 8FA20024 */  lw      $v0, 0x0024($sp)           
.L8098B084:
/* 01F44 8098B084 3C014220 */  lui     $at, 0x4220                ## $at = 42200000
/* 01F48 8098B088 44811000 */  mtc1    $at, $f2                   ## $f2 = 40.00
/* 01F4C 8098B08C C6000098 */  lwc1    $f0, 0x0098($s0)           ## 00000098
/* 01F50 8098B090 860900BE */  lh      $t1, 0x00BE($s0)           ## 000000BE
/* 01F54 8098B094 3C058099 */  lui     $a1, %hi(D_8098C35C)       ## $a1 = 80990000
/* 01F58 8098B098 4602003C */  c.lt.s  $f0, $f2                   
/* 01F5C 8098B09C 24A5C35C */  addiu   $a1, $a1, %lo(D_8098C35C)  ## $a1 = 8098C35C
/* 01F60 8098B0A0 2604014C */  addiu   $a0, $s0, 0x014C           ## $a0 = 0000014C
/* 01F64 8098B0A4 A6090032 */  sh      $t1, 0x0032($s0)           ## 00000032
/* 01F68 8098B0A8 45020008 */  bc1fl   .L8098B0CC                 
/* 01F6C 8098B0AC 8C4B0A74 */  lw      $t3, 0x0A74($v0)           ## 00000A74
/* 01F70 8098B0B0 0C262450 */  jal     func_80989140              
/* 01F74 8098B0B4 24060005 */  addiu   $a2, $zero, 0x0005         ## $a2 = 00000005
/* 01F78 8098B0B8 3C0A8099 */  lui     $t2, %hi(func_8098AB48)    ## $t2 = 80990000
/* 01F7C 8098B0BC 254AAB48 */  addiu   $t2, $t2, %lo(func_8098AB48) ## $t2 = 8098AB48
/* 01F80 8098B0C0 10000022 */  beq     $zero, $zero, .L8098B14C   
/* 01F84 8098B0C4 AE0A0144 */  sw      $t2, 0x0144($s0)           ## 00000144
/* 01F88 8098B0C8 8C4B0A74 */  lw      $t3, 0x0A74($v0)           ## 00000A74
.L8098B0CC:
/* 01F8C 8098B0CC 26040070 */  addiu   $a0, $s0, 0x0070           ## $a0 = 00000070
/* 01F90 8098B0D0 3C054060 */  lui     $a1, 0x4060                ## $a1 = 40600000
/* 01F94 8098B0D4 000B6080 */  sll     $t4, $t3,  2               
/* 01F98 8098B0D8 05810019 */  bgez    $t4, .L8098B140            
/* 01F9C 8098B0DC 3C063E4C */  lui     $a2, 0x3E4C                ## $a2 = 3E4C0000
/* 01FA0 8098B0E0 4600103C */  c.lt.s  $f2, $f0                   
/* 01FA4 8098B0E4 3C063E4C */  lui     $a2, 0x3E4C                ## $a2 = 3E4C0000
/* 01FA8 8098B0E8 34C6CCCD */  ori     $a2, $a2, 0xCCCD           ## $a2 = 3E4CCCCD
/* 01FAC 8098B0EC 26040070 */  addiu   $a0, $s0, 0x0070           ## $a0 = 00000070
/* 01FB0 8098B0F0 4500000F */  bc1f    .L8098B130                 
/* 01FB4 8098B0F4 3C073F80 */  lui     $a3, 0x3F80                ## $a3 = 3F800000
/* 01FB8 8098B0F8 44808000 */  mtc1    $zero, $f16                ## $f16 = 0.00
/* 01FBC 8098B0FC C4520AD0 */  lwc1    $f18, 0x0AD0($v0)          ## 00000AD0
/* 01FC0 8098B100 3C053FC0 */  lui     $a1, 0x3FC0                ## $a1 = 3FC00000
/* 01FC4 8098B104 46128032 */  c.eq.s  $f16, $f18                 
/* 01FC8 8098B108 00000000 */  nop
/* 01FCC 8098B10C 45000008 */  bc1f    .L8098B130                 
/* 01FD0 8098B110 00000000 */  nop
/* 01FD4 8098B114 3C063E4C */  lui     $a2, 0x3E4C                ## $a2 = 3E4C0000
/* 01FD8 8098B118 34C6CCCD */  ori     $a2, $a2, 0xCCCD           ## $a2 = 3E4CCCCD
/* 01FDC 8098B11C 26040070 */  addiu   $a0, $s0, 0x0070           ## $a0 = 00000070
/* 01FE0 8098B120 0C03FF7E */  jal     func_800FFDF8              
/* 01FE4 8098B124 3C073F80 */  lui     $a3, 0x3F80                ## $a3 = 3F800000
/* 01FE8 8098B128 10000009 */  beq     $zero, $zero, .L8098B150   
/* 01FEC 8098B12C 02002025 */  or      $a0, $s0, $zero            ## $a0 = 00000000
.L8098B130:
/* 01FF0 8098B130 0C03FF7E */  jal     func_800FFDF8              
/* 01FF4 8098B134 8C450070 */  lw      $a1, 0x0070($v0)           ## 00000070
/* 01FF8 8098B138 10000005 */  beq     $zero, $zero, .L8098B150   
/* 01FFC 8098B13C 02002025 */  or      $a0, $s0, $zero            ## $a0 = 00000000
.L8098B140:
/* 02000 8098B140 34C6CCCD */  ori     $a2, $a2, 0xCCCD           ## $a2 = 0000CCCD
/* 02004 8098B144 0C03FF7E */  jal     func_800FFDF8              
/* 02008 8098B148 3C073F80 */  lui     $a3, 0x3F80                ## $a3 = 3F800000
.L8098B14C:
/* 0200C 8098B14C 02002025 */  or      $a0, $s0, $zero            ## $a0 = 00000000
.L8098B150:
/* 02010 8098B150 0C262819 */  jal     func_8098A064              
/* 02014 8098B154 8FA5002C */  lw      $a1, 0x002C($sp)           
/* 02018 8098B158 0C02DAA2 */  jal     func_800B6A88              
/* 0201C 8098B15C 02002025 */  or      $a0, $s0, $zero            ## $a0 = 00000000
/* 02020 8098B160 0C26265D */  jal     func_80989974              
/* 02024 8098B164 02002025 */  or      $a0, $s0, $zero            ## $a0 = 00000000
/* 02028 8098B168 960D0280 */  lhu     $t5, 0x0280($s0)           ## 00000280
/* 0202C 8098B16C 02002025 */  or      $a0, $s0, $zero            ## $a0 = 00000000
/* 02030 8098B170 31AE0020 */  andi    $t6, $t5, 0x0020           ## $t6 = 00000000
/* 02034 8098B174 55C00004 */  bnel    $t6, $zero, .L8098B188     
/* 02038 8098B178 8FBF001C */  lw      $ra, 0x001C($sp)           
/* 0203C 8098B17C 0C262672 */  jal     func_809899C8              
/* 02040 8098B180 3C054040 */  lui     $a1, 0x4040                ## $a1 = 40400000
/* 02044 8098B184 8FBF001C */  lw      $ra, 0x001C($sp)           
.L8098B188:
/* 02048 8098B188 8FB00018 */  lw      $s0, 0x0018($sp)           
/* 0204C 8098B18C 27BD0028 */  addiu   $sp, $sp, 0x0028           ## $sp = 00000000
/* 02050 8098B190 03E00008 */  jr      $ra                        
/* 02054 8098B194 00000000 */  nop


glabel func_8098B198
/* 02058 8098B198 27BDFFD0 */  addiu   $sp, $sp, 0xFFD0           ## $sp = FFFFFFD0
/* 0205C 8098B19C AFB00020 */  sw      $s0, 0x0020($sp)           
/* 02060 8098B1A0 00808025 */  or      $s0, $a0, $zero            ## $s0 = 00000000
/* 02064 8098B1A4 AFBF0024 */  sw      $ra, 0x0024($sp)           
/* 02068 8098B1A8 AFA50034 */  sw      $a1, 0x0034($sp)           
/* 0206C 8098B1AC 3C014290 */  lui     $at, 0x4290                ## $at = 42900000
/* 02070 8098B1B0 44812000 */  mtc1    $at, $f4                   ## $f4 = 72.00
/* 02074 8098B1B4 C6060098 */  lwc1    $f6, 0x0098($s0)           ## 00000098
/* 02078 8098B1B8 3C058099 */  lui     $a1, %hi(D_8098C35C)       ## $a1 = 80990000
/* 0207C 8098B1BC 24A5C35C */  addiu   $a1, $a1, %lo(D_8098C35C)  ## $a1 = 8098C35C
/* 02080 8098B1C0 4606203C */  c.lt.s  $f4, $f6                   
/* 02084 8098B1C4 2604014C */  addiu   $a0, $s0, 0x014C           ## $a0 = 0000014C
/* 02088 8098B1C8 45020007 */  bc1fl   .L8098B1E8                 
/* 0208C 8098B1CC 86050092 */  lh      $a1, 0x0092($s0)           ## 00000092
/* 02090 8098B1D0 0C262450 */  jal     func_80989140              
/* 02094 8098B1D4 2406000E */  addiu   $a2, $zero, 0x000E         ## $a2 = 0000000E
/* 02098 8098B1D8 3C0E8099 */  lui     $t6, %hi(func_8098AC34)    ## $t6 = 80990000
/* 0209C 8098B1DC 25CEAC34 */  addiu   $t6, $t6, %lo(func_8098AC34) ## $t6 = 8098AC34
/* 020A0 8098B1E0 AE0E0144 */  sw      $t6, 0x0144($s0)           ## 00000144
/* 020A4 8098B1E4 86050092 */  lh      $a1, 0x0092($s0)           ## 00000092
.L8098B1E8:
/* 020A8 8098B1E8 240F0001 */  addiu   $t7, $zero, 0x0001         ## $t7 = 00000001
/* 020AC 8098B1EC AFAF0010 */  sw      $t7, 0x0010($sp)           
/* 020B0 8098B1F0 260400BE */  addiu   $a0, $s0, 0x00BE           ## $a0 = 000000BE
/* 020B4 8098B1F4 24060004 */  addiu   $a2, $zero, 0x0004         ## $a2 = 00000004
/* 020B8 8098B1F8 0C03FFAF */  jal     func_800FFEBC              
/* 020BC 8098B1FC 240703E8 */  addiu   $a3, $zero, 0x03E8         ## $a3 = 000003E8
/* 020C0 8098B200 96180090 */  lhu     $t8, 0x0090($s0)           ## 00000090
/* 020C4 8098B204 3C058099 */  lui     $a1, %hi(D_8098C35C)       ## $a1 = 80990000
/* 020C8 8098B208 24A5C35C */  addiu   $a1, $a1, %lo(D_8098C35C)  ## $a1 = 8098C35C
/* 020CC 8098B20C 33190008 */  andi    $t9, $t8, 0x0008           ## $t9 = 00000000
/* 020D0 8098B210 1320000A */  beq     $t9, $zero, .L8098B23C     
/* 020D4 8098B214 2604014C */  addiu   $a0, $s0, 0x014C           ## $a0 = 0000014C
/* 020D8 8098B218 86080086 */  lh      $t0, 0x0086($s0)           ## 00000086
/* 020DC 8098B21C 3C098099 */  lui     $t1, %hi(func_8098AC34)    ## $t1 = 80990000
/* 020E0 8098B220 2529AC34 */  addiu   $t1, $t1, %lo(func_8098AC34) ## $t1 = 8098AC34
/* 020E4 8098B224 A60800BE */  sh      $t0, 0x00BE($s0)           ## 000000BE
/* 020E8 8098B228 AFA9002C */  sw      $t1, 0x002C($sp)           
/* 020EC 8098B22C 0C262450 */  jal     func_80989140              
/* 020F0 8098B230 2406000E */  addiu   $a2, $zero, 0x000E         ## $a2 = 0000000E
/* 020F4 8098B234 8FAA002C */  lw      $t2, 0x002C($sp)           
/* 020F8 8098B238 AE0A0144 */  sw      $t2, 0x0144($s0)           ## 00000144
.L8098B23C:
/* 020FC 8098B23C 860B00BE */  lh      $t3, 0x00BE($s0)           ## 000000BE
/* 02100 8098B240 3C063E4C */  lui     $a2, 0x3E4C                ## $a2 = 3E4C0000
/* 02104 8098B244 34C6CCCD */  ori     $a2, $a2, 0xCCCD           ## $a2 = 3E4CCCCD
/* 02108 8098B248 26040070 */  addiu   $a0, $s0, 0x0070           ## $a0 = 00000070
/* 0210C 8098B24C 3C05BF80 */  lui     $a1, 0xBF80                ## $a1 = BF800000
/* 02110 8098B250 3C073F80 */  lui     $a3, 0x3F80                ## $a3 = 3F800000
/* 02114 8098B254 0C03FF7E */  jal     func_800FFDF8              
/* 02118 8098B258 A60B0032 */  sh      $t3, 0x0032($s0)           ## 00000032
/* 0211C 8098B25C 0C02DAA2 */  jal     func_800B6A88              
/* 02120 8098B260 02002025 */  or      $a0, $s0, $zero            ## $a0 = 00000000
/* 02124 8098B264 0C26265D */  jal     func_80989974              
/* 02128 8098B268 02002025 */  or      $a0, $s0, $zero            ## $a0 = 00000000
/* 0212C 8098B26C 02002025 */  or      $a0, $s0, $zero            ## $a0 = 00000000
/* 02130 8098B270 0C2626A7 */  jal     func_80989A9C              
/* 02134 8098B274 3C054080 */  lui     $a1, 0x4080                ## $a1 = 40800000
/* 02138 8098B278 8FBF0024 */  lw      $ra, 0x0024($sp)           
/* 0213C 8098B27C 8FB00020 */  lw      $s0, 0x0020($sp)           
/* 02140 8098B280 27BD0030 */  addiu   $sp, $sp, 0x0030           ## $sp = 00000000
/* 02144 8098B284 03E00008 */  jr      $ra                        
/* 02148 8098B288 00000000 */  nop


glabel func_8098B28C
/* 0214C 8098B28C 27BDFFD8 */  addiu   $sp, $sp, 0xFFD8           ## $sp = FFFFFFD8
/* 02150 8098B290 AFB00020 */  sw      $s0, 0x0020($sp)           
/* 02154 8098B294 00808025 */  or      $s0, $a0, $zero            ## $s0 = 00000000
/* 02158 8098B298 AFBF0024 */  sw      $ra, 0x0024($sp)           
/* 0215C 8098B29C AFA5002C */  sw      $a1, 0x002C($sp)           
/* 02160 8098B2A0 3C014348 */  lui     $at, 0x4348                ## $at = 43480000
/* 02164 8098B2A4 44812000 */  mtc1    $at, $f4                   ## $f4 = 200.00
/* 02168 8098B2A8 C6000098 */  lwc1    $f0, 0x0098($s0)           ## 00000098
/* 0216C 8098B2AC 3C058099 */  lui     $a1, %hi(D_8098C35C)       ## $a1 = 80990000
/* 02170 8098B2B0 24A5C35C */  addiu   $a1, $a1, %lo(D_8098C35C)  ## $a1 = 8098C35C
/* 02174 8098B2B4 4600203C */  c.lt.s  $f4, $f0                   
/* 02178 8098B2B8 2604014C */  addiu   $a0, $s0, 0x014C           ## $a0 = 0000014C
/* 0217C 8098B2BC 3C014316 */  lui     $at, 0x4316                ## $at = 43160000
/* 02180 8098B2C0 45020008 */  bc1fl   .L8098B2E4                 
/* 02184 8098B2C4 44813000 */  mtc1    $at, $f6                   ## $f6 = 150.00
/* 02188 8098B2C8 0C262450 */  jal     func_80989140              
/* 0218C 8098B2CC 24060001 */  addiu   $a2, $zero, 0x0001         ## $a2 = 00000001
/* 02190 8098B2D0 3C0E8099 */  lui     $t6, %hi(func_8098AE58)    ## $t6 = 80990000
/* 02194 8098B2D4 25CEAE58 */  addiu   $t6, $t6, %lo(func_8098AE58) ## $t6 = 8098AE58
/* 02198 8098B2D8 10000023 */  beq     $zero, $zero, .L8098B368   
/* 0219C 8098B2DC AE0E0144 */  sw      $t6, 0x0144($s0)           ## 00000144
/* 021A0 8098B2E0 44813000 */  mtc1    $at, $f6                   ## $f6 = 0.00
.L8098B2E4:
/* 021A4 8098B2E4 3C058099 */  lui     $a1, %hi(D_8098C35C)       ## $a1 = 80990000
/* 021A8 8098B2E8 24A5C35C */  addiu   $a1, $a1, %lo(D_8098C35C)  ## $a1 = 8098C35C
/* 021AC 8098B2EC 4600303C */  c.lt.s  $f6, $f0                   
/* 021B0 8098B2F0 260400BE */  addiu   $a0, $s0, 0x00BE           ## $a0 = 000000BE
/* 021B4 8098B2F4 24060004 */  addiu   $a2, $zero, 0x0004         ## $a2 = 00000004
/* 021B8 8098B2F8 240703E8 */  addiu   $a3, $zero, 0x03E8         ## $a3 = 000003E8
/* 021BC 8098B2FC 45000008 */  bc1f    .L8098B320                 
/* 021C0 8098B300 24180001 */  addiu   $t8, $zero, 0x0001         ## $t8 = 00000001
/* 021C4 8098B304 2604014C */  addiu   $a0, $s0, 0x014C           ## $a0 = 0000014C
/* 021C8 8098B308 0C262450 */  jal     func_80989140              
/* 021CC 8098B30C 24060003 */  addiu   $a2, $zero, 0x0003         ## $a2 = 00000003
/* 021D0 8098B310 3C0F8099 */  lui     $t7, %hi(func_8098B390)    ## $t7 = 80990000
/* 021D4 8098B314 25EFB390 */  addiu   $t7, $t7, %lo(func_8098B390) ## $t7 = 8098B390
/* 021D8 8098B318 10000013 */  beq     $zero, $zero, .L8098B368   
/* 021DC 8098B31C AE0F0144 */  sw      $t7, 0x0144($s0)           ## 00000144
.L8098B320:
/* 021E0 8098B320 86050092 */  lh      $a1, 0x0092($s0)           ## 00000092
/* 021E4 8098B324 0C03FFAF */  jal     func_800FFEBC              
/* 021E8 8098B328 AFB80010 */  sw      $t8, 0x0010($sp)           
/* 021EC 8098B32C 96190090 */  lhu     $t9, 0x0090($s0)           ## 00000090
/* 021F0 8098B330 26040070 */  addiu   $a0, $s0, 0x0070           ## $a0 = 00000070
/* 021F4 8098B334 3C05C000 */  lui     $a1, 0xC000                ## $a1 = C0000000
/* 021F8 8098B338 33280008 */  andi    $t0, $t9, 0x0008           ## $t0 = 00000000
/* 021FC 8098B33C 11000003 */  beq     $t0, $zero, .L8098B34C     
/* 02200 8098B340 3C063E4C */  lui     $a2, 0x3E4C                ## $a2 = 3E4C0000
/* 02204 8098B344 86090086 */  lh      $t1, 0x0086($s0)           ## 00000086
/* 02208 8098B348 A60900BE */  sh      $t1, 0x00BE($s0)           ## 000000BE
.L8098B34C:
/* 0220C 8098B34C 860A00BE */  lh      $t2, 0x00BE($s0)           ## 000000BE
/* 02210 8098B350 34C6CCCD */  ori     $a2, $a2, 0xCCCD           ## $a2 = 3E4CCCCD
/* 02214 8098B354 3C073F80 */  lui     $a3, 0x3F80                ## $a3 = 3F800000
/* 02218 8098B358 0C03FF7E */  jal     func_800FFDF8              
/* 0221C 8098B35C A60A0032 */  sh      $t2, 0x0032($s0)           ## 00000032
/* 02220 8098B360 0C02DAA2 */  jal     func_800B6A88              
/* 02224 8098B364 02002025 */  or      $a0, $s0, $zero            ## $a0 = 00000000
.L8098B368:
/* 02228 8098B368 0C26265D */  jal     func_80989974              
/* 0222C 8098B36C 02002025 */  or      $a0, $s0, $zero            ## $a0 = 00000000
/* 02230 8098B370 02002025 */  or      $a0, $s0, $zero            ## $a0 = 00000000
/* 02234 8098B374 0C02E3B2 */  jal     func_800B8EC8              
/* 02238 8098B378 2405290B */  addiu   $a1, $zero, 0x290B         ## $a1 = 0000290B
/* 0223C 8098B37C 8FBF0024 */  lw      $ra, 0x0024($sp)           
/* 02240 8098B380 8FB00020 */  lw      $s0, 0x0020($sp)           
/* 02244 8098B384 27BD0028 */  addiu   $sp, $sp, 0x0028           ## $sp = 00000000
/* 02248 8098B388 03E00008 */  jr      $ra                        
/* 0224C 8098B38C 00000000 */  nop


glabel func_8098B390
/* 02250 8098B390 27BDFFE0 */  addiu   $sp, $sp, 0xFFE0           ## $sp = FFFFFFE0
/* 02254 8098B394 AFB00018 */  sw      $s0, 0x0018($sp)           
/* 02258 8098B398 00808025 */  or      $s0, $a0, $zero            ## $s0 = 00000000
/* 0225C 8098B39C AFBF001C */  sw      $ra, 0x001C($sp)           
/* 02260 8098B3A0 AFA50024 */  sw      $a1, 0x0024($sp)           
/* 02264 8098B3A4 3C014316 */  lui     $at, 0x4316                ## $at = 43160000
/* 02268 8098B3A8 44812000 */  mtc1    $at, $f4                   ## $f4 = 150.00
/* 0226C 8098B3AC C6000098 */  lwc1    $f0, 0x0098($s0)           ## 00000098
/* 02270 8098B3B0 3C058099 */  lui     $a1, %hi(D_8098C35C)       ## $a1 = 80990000
/* 02274 8098B3B4 24A5C35C */  addiu   $a1, $a1, %lo(D_8098C35C)  ## $a1 = 8098C35C
/* 02278 8098B3B8 4604003C */  c.lt.s  $f0, $f4                   
/* 0227C 8098B3BC 2604014C */  addiu   $a0, $s0, 0x014C           ## $a0 = 0000014C
/* 02280 8098B3C0 3C014348 */  lui     $at, 0x4348                ## $at = 43480000
/* 02284 8098B3C4 45020008 */  bc1fl   .L8098B3E8                 
/* 02288 8098B3C8 44813000 */  mtc1    $at, $f6                   ## $f6 = 200.00
/* 0228C 8098B3CC 0C262450 */  jal     func_80989140              
/* 02290 8098B3D0 2406000B */  addiu   $a2, $zero, 0x000B         ## $a2 = 0000000B
/* 02294 8098B3D4 3C0E8099 */  lui     $t6, %hi(func_8098B28C)    ## $t6 = 80990000
/* 02298 8098B3D8 25CEB28C */  addiu   $t6, $t6, %lo(func_8098B28C) ## $t6 = 8098B28C
/* 0229C 8098B3DC 1000000D */  beq     $zero, $zero, .L8098B414   
/* 022A0 8098B3E0 AE0E0144 */  sw      $t6, 0x0144($s0)           ## 00000144
/* 022A4 8098B3E4 44813000 */  mtc1    $at, $f6                   ## $f6 = 0.00
.L8098B3E8:
/* 022A8 8098B3E8 3C058099 */  lui     $a1, %hi(D_8098C35C)       ## $a1 = 80990000
/* 022AC 8098B3EC 24A5C35C */  addiu   $a1, $a1, %lo(D_8098C35C)  ## $a1 = 8098C35C
/* 022B0 8098B3F0 4600303C */  c.lt.s  $f6, $f0                   
/* 022B4 8098B3F4 2604014C */  addiu   $a0, $s0, 0x014C           ## $a0 = 0000014C
/* 022B8 8098B3F8 45020007 */  bc1fl   .L8098B418                 
/* 022BC 8098B3FC 02002025 */  or      $a0, $s0, $zero            ## $a0 = 00000000
/* 022C0 8098B400 0C262450 */  jal     func_80989140              
/* 022C4 8098B404 24060001 */  addiu   $a2, $zero, 0x0001         ## $a2 = 00000001
/* 022C8 8098B408 3C0F8099 */  lui     $t7, %hi(func_8098AE58)    ## $t7 = 80990000
/* 022CC 8098B40C 25EFAE58 */  addiu   $t7, $t7, %lo(func_8098AE58) ## $t7 = 8098AE58
/* 022D0 8098B410 AE0F0144 */  sw      $t7, 0x0144($s0)           ## 00000144
.L8098B414:
/* 022D4 8098B414 02002025 */  or      $a0, $s0, $zero            ## $a0 = 00000000
.L8098B418:
/* 022D8 8098B418 0C2626A7 */  jal     func_80989A9C              
/* 022DC 8098B41C 24050000 */  addiu   $a1, $zero, 0x0000         ## $a1 = 00000000
/* 022E0 8098B420 02002025 */  or      $a0, $s0, $zero            ## $a0 = 00000000
/* 022E4 8098B424 0C2626A7 */  jal     func_80989A9C              
/* 022E8 8098B428 3C053F80 */  lui     $a1, 0x3F80                ## $a1 = 3F800000
/* 022EC 8098B42C 02002025 */  or      $a0, $s0, $zero            ## $a0 = 00000000
/* 022F0 8098B430 0C2626A7 */  jal     func_80989A9C              
/* 022F4 8098B434 3C054000 */  lui     $a1, 0x4000                ## $a1 = 40000000
/* 022F8 8098B438 02002025 */  or      $a0, $s0, $zero            ## $a0 = 00000000
/* 022FC 8098B43C 0C2626A7 */  jal     func_80989A9C              
/* 02300 8098B440 3C054040 */  lui     $a1, 0x4040                ## $a1 = 40400000
/* 02304 8098B444 02002025 */  or      $a0, $s0, $zero            ## $a0 = 00000000
/* 02308 8098B448 0C262672 */  jal     func_809899C8              
/* 0230C 8098B44C 3C0540A0 */  lui     $a1, 0x40A0                ## $a1 = 40A00000
/* 02310 8098B450 8FBF001C */  lw      $ra, 0x001C($sp)           
/* 02314 8098B454 8FB00018 */  lw      $s0, 0x0018($sp)           
/* 02318 8098B458 27BD0020 */  addiu   $sp, $sp, 0x0020           ## $sp = 00000000
/* 0231C 8098B45C 03E00008 */  jr      $ra                        
/* 02320 8098B460 00000000 */  nop


glabel func_8098B464
/* 02324 8098B464 27BDFFC8 */  addiu   $sp, $sp, 0xFFC8           ## $sp = FFFFFFC8
/* 02328 8098B468 AFB00020 */  sw      $s0, 0x0020($sp)           
/* 0232C 8098B46C 00808025 */  or      $s0, $a0, $zero            ## $s0 = 00000000
/* 02330 8098B470 AFBF0024 */  sw      $ra, 0x0024($sp)           
/* 02334 8098B474 AFA5003C */  sw      $a1, 0x003C($sp)           
/* 02338 8098B478 C6040024 */  lwc1    $f4, 0x0024($s0)           ## 00000024
/* 0233C 8098B47C 3C0141A0 */  lui     $at, 0x41A0                ## $at = 41A00000
/* 02340 8098B480 44819000 */  mtc1    $at, $f18                  ## $f18 = 20.00
/* 02344 8098B484 E7A4002C */  swc1    $f4, 0x002C($sp)           
/* 02348 8098B488 C608008C */  lwc1    $f8, 0x008C($s0)           ## 0000008C
/* 0234C 8098B48C C6060028 */  lwc1    $f6, 0x0028($s0)           ## 00000028
/* 02350 8098B490 240E0320 */  addiu   $t6, $zero, 0x0320         ## $t6 = 00000320
/* 02354 8098B494 8FA4003C */  lw      $a0, 0x003C($sp)           
/* 02358 8098B498 46083280 */  add.s   $f10, $f6, $f8             
/* 0235C 8098B49C 27A5002C */  addiu   $a1, $sp, 0x002C           ## $a1 = FFFFFFF4
/* 02360 8098B4A0 00003025 */  or      $a2, $zero, $zero          ## $a2 = 00000000
/* 02364 8098B4A4 00003825 */  or      $a3, $zero, $zero          ## $a3 = 00000000
/* 02368 8098B4A8 E7AA0030 */  swc1    $f10, 0x0030($sp)          
/* 0236C 8098B4AC C610002C */  lwc1    $f16, 0x002C($s0)          ## 0000002C
/* 02370 8098B4B0 AFAE0014 */  sw      $t6, 0x0014($sp)           
/* 02374 8098B4B4 AFA00010 */  sw      $zero, 0x0010($sp)         
/* 02378 8098B4B8 46128100 */  add.s   $f4, $f16, $f18            
/* 0237C 8098B4BC 0C02C7D3 */  jal     func_800B1F4C              
/* 02380 8098B4C0 E7A40034 */  swc1    $f4, 0x0034($sp)           
/* 02384 8098B4C4 240F001E */  addiu   $t7, $zero, 0x001E         ## $t7 = 0000001E
/* 02388 8098B4C8 AFAF0010 */  sw      $t7, 0x0010($sp)           
/* 0238C 8098B4CC 8FA4003C */  lw      $a0, 0x003C($sp)           
/* 02390 8098B4D0 27A5002C */  addiu   $a1, $sp, 0x002C           ## $a1 = FFFFFFF4
/* 02394 8098B4D4 24060064 */  addiu   $a2, $zero, 0x0064         ## $a2 = 00000064
/* 02398 8098B4D8 0C02C7BD */  jal     func_800B1EF4              
/* 0239C 8098B4DC 240701F4 */  addiu   $a3, $zero, 0x01F4         ## $a3 = 000001F4
/* 023A0 8098B4E0 44800000 */  mtc1    $zero, $f0                 ## $f0 = 0.00
/* 023A4 8098B4E4 C606008C */  lwc1    $f6, 0x008C($s0)           ## 0000008C
/* 023A8 8098B4E8 3C01C040 */  lui     $at, 0xC040                ## $at = C0400000
/* 023AC 8098B4EC 2418000A */  addiu   $t8, $zero, 0x000A         ## $t8 = 0000000A
/* 023B0 8098B4F0 4606003C */  c.lt.s  $f0, $f6                   
/* 023B4 8098B4F4 02002025 */  or      $a0, $s0, $zero            ## $a0 = 00000000
/* 023B8 8098B4F8 24052817 */  addiu   $a1, $zero, 0x2817         ## $a1 = 00002817
/* 023BC 8098B4FC 4502000A */  bc1fl   .L8098B528                 
/* 023C0 8098B500 3C013F80 */  lui     $at, 0x3F80                ## $at = 3F800000
/* 023C4 8098B504 44814000 */  mtc1    $at, $f8                   ## $f8 = 1.00
/* 023C8 8098B508 E6000074 */  swc1    $f0, 0x0074($s0)           ## 00000074
/* 023CC 8098B50C A6180284 */  sh      $t8, 0x0284($s0)           ## 00000284
/* 023D0 8098B510 0C02E3B2 */  jal     func_800B8EC8              
/* 023D4 8098B514 E6080068 */  swc1    $f8, 0x0068($s0)           ## 00000068
/* 023D8 8098B518 3C198099 */  lui     $t9, %hi(func_8098B560)    ## $t9 = 80990000
/* 023DC 8098B51C 2739B560 */  addiu   $t9, $t9, %lo(func_8098B560) ## $t9 = 8098B560
/* 023E0 8098B520 AE190144 */  sw      $t9, 0x0144($s0)           ## 00000144
/* 023E4 8098B524 3C013F80 */  lui     $at, 0x3F80                ## $at = 3F800000
.L8098B528:
/* 023E8 8098B528 44810000 */  mtc1    $at, $f0                   ## $f0 = 1.00
/* 023EC 8098B52C 3C063E4C */  lui     $a2, 0x3E4C                ## $a2 = 3E4C0000
/* 023F0 8098B530 34C6CCCD */  ori     $a2, $a2, 0xCCCD           ## $a2 = 3E4CCCCD
/* 023F4 8098B534 44050000 */  mfc1    $a1, $f0                   
/* 023F8 8098B538 44070000 */  mfc1    $a3, $f0                   
/* 023FC 8098B53C 0C03FF7E */  jal     func_800FFDF8              
/* 02400 8098B540 26040070 */  addiu   $a0, $s0, 0x0070           ## $a0 = 00000070
/* 02404 8098B544 0C02DAA2 */  jal     func_800B6A88              
/* 02408 8098B548 02002025 */  or      $a0, $s0, $zero            ## $a0 = 00000000
/* 0240C 8098B54C 8FBF0024 */  lw      $ra, 0x0024($sp)           
/* 02410 8098B550 8FB00020 */  lw      $s0, 0x0020($sp)           
/* 02414 8098B554 27BD0038 */  addiu   $sp, $sp, 0x0038           ## $sp = 00000000
/* 02418 8098B558 03E00008 */  jr      $ra                        
/* 0241C 8098B55C 00000000 */  nop


glabel func_8098B560
/* 02420 8098B560 27BDFFA0 */  addiu   $sp, $sp, 0xFFA0           ## $sp = FFFFFFA0
/* 02424 8098B564 AFB00020 */  sw      $s0, 0x0020($sp)           
/* 02428 8098B568 00808025 */  or      $s0, $a0, $zero            ## $s0 = 00000000
/* 0242C 8098B56C AFBF0024 */  sw      $ra, 0x0024($sp)           
/* 02430 8098B570 AFA50064 */  sw      $a1, 0x0064($sp)           
/* 02434 8098B574 A7A00046 */  sh      $zero, 0x0046($sp)         
/* 02438 8098B578 C6040024 */  lwc1    $f4, 0x0024($s0)           ## 00000024
/* 0243C 8098B57C 3C0141A0 */  lui     $at, 0x41A0                ## $at = 41A00000
/* 02440 8098B580 44819000 */  mtc1    $at, $f18                  ## $f18 = 20.00
/* 02444 8098B584 E7A40054 */  swc1    $f4, 0x0054($sp)           
/* 02448 8098B588 C608008C */  lwc1    $f8, 0x008C($s0)           ## 0000008C
/* 0244C 8098B58C C6060028 */  lwc1    $f6, 0x0028($s0)           ## 00000028
/* 02450 8098B590 46083280 */  add.s   $f10, $f6, $f8             
/* 02454 8098B594 E7AA0058 */  swc1    $f10, 0x0058($sp)          
/* 02458 8098B598 C610002C */  lwc1    $f16, 0x002C($s0)          ## 0000002C
/* 0245C 8098B59C 46128100 */  add.s   $f4, $f16, $f18            
/* 02460 8098B5A0 E7A4005C */  swc1    $f4, 0x005C($sp)           
/* 02464 8098B5A4 0C03FB61 */  jal     func_800FED84              
/* 02468 8098B5A8 86040032 */  lh      $a0, 0x0032($s0)           ## 00000032
/* 0246C 8098B5AC 3C014248 */  lui     $at, 0x4248                ## $at = 42480000
/* 02470 8098B5B0 44813000 */  mtc1    $at, $f6                   ## $f6 = 50.00
/* 02474 8098B5B4 C60A0024 */  lwc1    $f10, 0x0024($s0)          ## 00000024
/* 02478 8098B5B8 3C0142C8 */  lui     $at, 0x42C8                ## $at = 42C80000
/* 0247C 8098B5BC 46060202 */  mul.s   $f8, $f0, $f6              
/* 02480 8098B5C0 44812000 */  mtc1    $at, $f4                   ## $f4 = 100.00
/* 02484 8098B5C4 460A4400 */  add.s   $f16, $f8, $f10            
/* 02488 8098B5C8 E7B00048 */  swc1    $f16, 0x0048($sp)          
/* 0248C 8098B5CC C612000C */  lwc1    $f18, 0x000C($s0)          ## 0000000C
/* 02490 8098B5D0 46049180 */  add.s   $f6, $f18, $f4             
/* 02494 8098B5D4 E7A6004C */  swc1    $f6, 0x004C($sp)           
/* 02498 8098B5D8 0C03FB51 */  jal     func_800FED44              
/* 0249C 8098B5DC 86040032 */  lh      $a0, 0x0032($s0)           ## 00000032
/* 024A0 8098B5E0 3C014248 */  lui     $at, 0x4248                ## $at = 42480000
/* 024A4 8098B5E4 44814000 */  mtc1    $at, $f8                   ## $f8 = 50.00
/* 024A8 8098B5E8 C610002C */  lwc1    $f16, 0x002C($s0)          ## 0000002C
/* 024AC 8098B5EC 46080282 */  mul.s   $f10, $f0, $f8             
/* 024B0 8098B5F0 46105480 */  add.s   $f18, $f10, $f16           
/* 024B4 8098B5F4 E7B20050 */  swc1    $f18, 0x0050($sp)          
/* 024B8 8098B5F8 86020284 */  lh      $v0, 0x0284($s0)           ## 00000284
/* 024BC 8098B5FC 14400003 */  bne     $v0, $zero, .L8098B60C     
/* 024C0 8098B600 244EFFFF */  addiu   $t6, $v0, 0xFFFF           ## $t6 = FFFFFFFF
/* 024C4 8098B604 10000003 */  beq     $zero, $zero, .L8098B614   
/* 024C8 8098B608 00001825 */  or      $v1, $zero, $zero          ## $v1 = 00000000
.L8098B60C:
/* 024CC 8098B60C A60E0284 */  sh      $t6, 0x0284($s0)           ## 00000284
/* 024D0 8098B610 86030284 */  lh      $v1, 0x0284($s0)           ## 00000284
.L8098B614:
/* 024D4 8098B614 54600013 */  bnel    $v1, $zero, .L8098B664     
/* 024D8 8098B618 3C014170 */  lui     $at, 0x4170                ## $at = 41700000
/* 024DC 8098B61C 96020280 */  lhu     $v0, 0x0280($s0)           ## 00000280
/* 024E0 8098B620 02002025 */  or      $a0, $s0, $zero            ## $a0 = 00000000
/* 024E4 8098B624 24052808 */  addiu   $a1, $zero, 0x2808         ## $a1 = 00002808
/* 024E8 8098B628 304F0004 */  andi    $t7, $v0, 0x0004           ## $t7 = 00000000
/* 024EC 8098B62C 15E00003 */  bne     $t7, $zero, .L8098B63C     
/* 024F0 8098B630 34580004 */  ori     $t8, $v0, 0x0004           ## $t8 = 00000004
/* 024F4 8098B634 0C02E3B2 */  jal     func_800B8EC8              
/* 024F8 8098B638 A6180280 */  sh      $t8, 0x0280($s0)           ## 00000280
.L8098B63C:
/* 024FC 8098B63C 24190005 */  addiu   $t9, $zero, 0x0005         ## $t9 = 00000005
/* 02500 8098B640 A6190284 */  sh      $t9, 0x0284($s0)           ## 00000284
/* 02504 8098B644 2408001E */  addiu   $t0, $zero, 0x001E         ## $t0 = 0000001E
/* 02508 8098B648 AFA80010 */  sw      $t0, 0x0010($sp)           
/* 0250C 8098B64C 8FA40064 */  lw      $a0, 0x0064($sp)           
/* 02510 8098B650 27A50054 */  addiu   $a1, $sp, 0x0054           ## $a1 = FFFFFFF4
/* 02514 8098B654 24060064 */  addiu   $a2, $zero, 0x0064         ## $a2 = 00000064
/* 02518 8098B658 0C02C7BD */  jal     func_800B1EF4              
/* 0251C 8098B65C 240701F4 */  addiu   $a3, $zero, 0x01F4         ## $a3 = 000001F4
/* 02520 8098B660 3C014170 */  lui     $at, 0x4170                ## $at = 41700000
.L8098B664:
/* 02524 8098B664 44812000 */  mtc1    $at, $f4                   ## $f4 = 15.00
/* 02528 8098B668 C600008C */  lwc1    $f0, 0x008C($s0)           ## 0000008C
/* 0252C 8098B66C 3C014120 */  lui     $at, 0x4120                ## $at = 41200000
/* 02530 8098B670 4600203C */  c.lt.s  $f4, $f0                   
/* 02534 8098B674 00000000 */  nop
/* 02538 8098B678 45020006 */  bc1fl   .L8098B694                 
/* 0253C 8098B67C 44814000 */  mtc1    $at, $f8                   ## $f8 = 10.00
/* 02540 8098B680 3C013F00 */  lui     $at, 0x3F00                ## $at = 3F000000
/* 02544 8098B684 44813000 */  mtc1    $at, $f6                   ## $f6 = 0.50
/* 02548 8098B688 1000000A */  beq     $zero, $zero, .L8098B6B4   
/* 0254C 8098B68C E6060068 */  swc1    $f6, 0x0068($s0)           ## 00000068
/* 02550 8098B690 44814000 */  mtc1    $at, $f8                   ## $f8 = 0.50
.L8098B694:
/* 02554 8098B694 3C01BF00 */  lui     $at, 0xBF00                ## $at = BF000000
/* 02558 8098B698 4608003C */  c.lt.s  $f0, $f8                   
/* 0255C 8098B69C 00000000 */  nop
/* 02560 8098B6A0 45020005 */  bc1fl   .L8098B6B8                 
/* 02564 8098B6A4 8FA40064 */  lw      $a0, 0x0064($sp)           
/* 02568 8098B6A8 44815000 */  mtc1    $at, $f10                  ## $f10 = -0.50
/* 0256C 8098B6AC 00000000 */  nop
/* 02570 8098B6B0 E60A0068 */  swc1    $f10, 0x0068($s0)          ## 00000068
.L8098B6B4:
/* 02574 8098B6B4 8FA40064 */  lw      $a0, 0x0064($sp)           
.L8098B6B8:
/* 02578 8098B6B8 27A60038 */  addiu   $a2, $sp, 0x0038           ## $a2 = FFFFFFD8
/* 0257C 8098B6BC 27A70048 */  addiu   $a3, $sp, 0x0048           ## $a3 = FFFFFFE8
/* 02580 8098B6C0 24850830 */  addiu   $a1, $a0, 0x0830           ## $a1 = 00000830
/* 02584 8098B6C4 0C031000 */  jal     func_800C4000              
/* 02588 8098B6C8 AFA5002C */  sw      $a1, 0x002C($sp)           
/* 0258C 8098B6CC 96020090 */  lhu     $v0, 0x0090($s0)           ## 00000090
/* 02590 8098B6D0 8FA5002C */  lw      $a1, 0x002C($sp)           
/* 02594 8098B6D4 46000086 */  mov.s   $f2, $f0                   
/* 02598 8098B6D8 30490008 */  andi    $t1, $v0, 0x0008           ## $t1 = 00000000
/* 0259C 8098B6DC 11200033 */  beq     $t1, $zero, .L8098B7AC     
/* 025A0 8098B6E0 304B0001 */  andi    $t3, $v0, 0x0001           ## $t3 = 00000000
/* 025A4 8098B6E4 27AA003C */  addiu   $t2, $sp, 0x003C           ## $t2 = FFFFFFDC
/* 025A8 8098B6E8 27AB0040 */  addiu   $t3, $sp, 0x0040           ## $t3 = FFFFFFE0
/* 025AC 8098B6EC AFAB0014 */  sw      $t3, 0x0014($sp)           
/* 025B0 8098B6F0 AFAA0010 */  sw      $t2, 0x0010($sp)           
/* 025B4 8098B6F4 8FA40064 */  lw      $a0, 0x0064($sp)           
/* 025B8 8098B6F8 8FA60048 */  lw      $a2, 0x0048($sp)           
/* 025BC 8098B6FC 8FA70050 */  lw      $a3, 0x0050($sp)           
/* 025C0 8098B700 0C03286B */  jal     func_800CA1AC              
/* 025C4 8098B704 E7A20034 */  swc1    $f2, 0x0034($sp)           
/* 025C8 8098B708 14400011 */  bne     $v0, $zero, .L8098B750     
/* 025CC 8098B70C C7A20034 */  lwc1    $f2, 0x0034($sp)           
/* 025D0 8098B710 3C01C2C8 */  lui     $at, 0xC2C8                ## $at = C2C80000
/* 025D4 8098B714 44818000 */  mtc1    $at, $f16                  ## $f16 = -100.00
/* 025D8 8098B718 3C0E8099 */  lui     $t6, %hi(func_8098B88C)    ## $t6 = 80990000
/* 025DC 8098B71C 4602803C */  c.lt.s  $f16, $f2                  
/* 025E0 8098B720 00000000 */  nop
/* 025E4 8098B724 45020008 */  bc1fl   .L8098B748                 
/* 025E8 8098B728 860F0086 */  lh      $t7, 0x0086($s0)           ## 00000086
/* 025EC 8098B72C 960C0280 */  lhu     $t4, 0x0280($s0)           ## 00000280
/* 025F0 8098B730 25CEB88C */  addiu   $t6, $t6, %lo(func_8098B88C) ## $t6 = 8098B88C
/* 025F4 8098B734 AE0E0144 */  sw      $t6, 0x0144($s0)           ## 00000144
/* 025F8 8098B738 318DFFFB */  andi    $t5, $t4, 0xFFFB           ## $t5 = 00000000
/* 025FC 8098B73C 1000003B */  beq     $zero, $zero, .L8098B82C   
/* 02600 8098B740 A60D0280 */  sh      $t5, 0x0280($s0)           ## 00000280
/* 02604 8098B744 860F0086 */  lh      $t7, 0x0086($s0)           ## 00000086
.L8098B748:
/* 02608 8098B748 10000038 */  beq     $zero, $zero, .L8098B82C   
/* 0260C 8098B74C A7AF0046 */  sh      $t7, 0x0046($sp)           
.L8098B750:
/* 02610 8098B750 3C01C2C8 */  lui     $at, 0xC2C8                ## $at = C2C80000
/* 02614 8098B754 44819000 */  mtc1    $at, $f18                  ## $f18 = -100.00
/* 02618 8098B758 C7A4003C */  lwc1    $f4, 0x003C($sp)           
/* 0261C 8098B75C 4602903C */  c.lt.s  $f18, $f2                  
/* 02620 8098B760 00000000 */  nop
/* 02624 8098B764 4502000F */  bc1fl   .L8098B7A4                 
/* 02628 8098B768 860A0086 */  lh      $t2, 0x0086($s0)           ## 00000086
/* 0262C 8098B76C 4602203C */  c.lt.s  $f4, $f2                   
/* 02630 8098B770 3C088099 */  lui     $t0, %hi(func_8098B88C)    ## $t0 = 80990000
/* 02634 8098B774 45020008 */  bc1fl   .L8098B798                 
/* 02638 8098B778 86090086 */  lh      $t1, 0x0086($s0)           ## 00000086
/* 0263C 8098B77C 96180280 */  lhu     $t8, 0x0280($s0)           ## 00000280
/* 02640 8098B780 2508B88C */  addiu   $t0, $t0, %lo(func_8098B88C) ## $t0 = 8098B88C
/* 02644 8098B784 AE080144 */  sw      $t0, 0x0144($s0)           ## 00000144
/* 02648 8098B788 3319FFFB */  andi    $t9, $t8, 0xFFFB           ## $t9 = 00000000
/* 0264C 8098B78C 10000027 */  beq     $zero, $zero, .L8098B82C   
/* 02650 8098B790 A6190280 */  sh      $t9, 0x0280($s0)           ## 00000280
/* 02654 8098B794 86090086 */  lh      $t1, 0x0086($s0)           ## 00000086
.L8098B798:
/* 02658 8098B798 10000024 */  beq     $zero, $zero, .L8098B82C   
/* 0265C 8098B79C A7A90046 */  sh      $t1, 0x0046($sp)           
/* 02660 8098B7A0 860A0086 */  lh      $t2, 0x0086($s0)           ## 00000086
.L8098B7A4:
/* 02664 8098B7A4 10000021 */  beq     $zero, $zero, .L8098B82C   
/* 02668 8098B7A8 A7AA0046 */  sh      $t2, 0x0046($sp)           
.L8098B7AC:
/* 0266C 8098B7AC 1160001F */  beq     $t3, $zero, .L8098B82C     
/* 02670 8098B7B0 304C0020 */  andi    $t4, $v0, 0x0020           ## $t4 = 00000000
/* 02674 8098B7B4 1580001D */  bne     $t4, $zero, .L8098B82C     
/* 02678 8098B7B8 3C01C040 */  lui     $at, 0xC040                ## $at = C0400000
/* 0267C 8098B7BC 960D0280 */  lhu     $t5, 0x0280($s0)           ## 00000280
/* 02680 8098B7C0 44813000 */  mtc1    $at, $f6                   ## $f6 = -3.00
/* 02684 8098B7C4 240F0008 */  addiu   $t7, $zero, 0x0008         ## $t7 = 00000008
/* 02688 8098B7C8 31AEFFFB */  andi    $t6, $t5, 0xFFFB           ## $t6 = 00000000
/* 0268C 8098B7CC A60E0280 */  sh      $t6, 0x0280($s0)           ## 00000280
/* 02690 8098B7D0 A60F028C */  sh      $t7, 0x028C($s0)           ## 0000028C
/* 02694 8098B7D4 2404003C */  addiu   $a0, $zero, 0x003C         ## $a0 = 0000003C
/* 02698 8098B7D8 2405003C */  addiu   $a1, $zero, 0x003C         ## $a1 = 0000003C
/* 0269C 8098B7DC 0C03FD14 */  jal     func_800FF450              
/* 026A0 8098B7E0 E6060074 */  swc1    $f6, 0x0074($s0)           ## 00000074
/* 026A4 8098B7E4 A6020282 */  sh      $v0, 0x0282($s0)           ## 00000282
/* 026A8 8098B7E8 02002025 */  or      $a0, $s0, $zero            ## $a0 = 00000000
/* 026AC 8098B7EC 0C02E3B2 */  jal     func_800B8EC8              
/* 026B0 8098B7F0 24052808 */  addiu   $a1, $zero, 0x2808         ## $a1 = 00002808
/* 026B4 8098B7F4 3C058099 */  lui     $a1, %hi(D_8098C35C)       ## $a1 = 80990000
/* 026B8 8098B7F8 24A5C35C */  addiu   $a1, $a1, %lo(D_8098C35C)  ## $a1 = 8098C35C
/* 026BC 8098B7FC 2604014C */  addiu   $a0, $s0, 0x014C           ## $a0 = 0000014C
/* 026C0 8098B800 0C262450 */  jal     func_80989140              
/* 026C4 8098B804 24060002 */  addiu   $a2, $zero, 0x0002         ## $a2 = 00000002
/* 026C8 8098B808 3C063E4C */  lui     $a2, 0x3E4C                ## $a2 = 3E4C0000
/* 026CC 8098B80C 34C6CCCD */  ori     $a2, $a2, 0xCCCD           ## $a2 = 3E4CCCCD
/* 026D0 8098B810 26040070 */  addiu   $a0, $s0, 0x0070           ## $a0 = 00000070
/* 026D4 8098B814 3C054060 */  lui     $a1, 0x4060                ## $a1 = 40600000
/* 026D8 8098B818 0C03FF7E */  jal     func_800FFDF8              
/* 026DC 8098B81C 3C073F80 */  lui     $a3, 0x3F80                ## $a3 = 3F800000
/* 026E0 8098B820 3C188099 */  lui     $t8, %hi(func_8098A468)    ## $t8 = 80990000
/* 026E4 8098B824 2718A468 */  addiu   $t8, $t8, %lo(func_8098A468) ## $t8 = 8098A468
/* 026E8 8098B828 AE180144 */  sw      $t8, 0x0144($s0)           ## 00000144
.L8098B82C:
/* 026EC 8098B82C 24190001 */  addiu   $t9, $zero, 0x0001         ## $t9 = 00000001
/* 026F0 8098B830 26080070 */  addiu   $t0, $s0, 0x0070           ## $t0 = 00000070
/* 026F4 8098B834 AFA8002C */  sw      $t0, 0x002C($sp)           
/* 026F8 8098B838 AFB90010 */  sw      $t9, 0x0010($sp)           
/* 026FC 8098B83C 26040032 */  addiu   $a0, $s0, 0x0032           ## $a0 = 00000032
/* 02700 8098B840 87A50046 */  lh      $a1, 0x0046($sp)           
/* 02704 8098B844 24060004 */  addiu   $a2, $zero, 0x0004         ## $a2 = 00000004
/* 02708 8098B848 0C03FFAF */  jal     func_800FFEBC              
/* 0270C 8098B84C 240703E8 */  addiu   $a3, $zero, 0x03E8         ## $a3 = 000003E8
/* 02710 8098B850 86090032 */  lh      $t1, 0x0032($s0)           ## 00000032
/* 02714 8098B854 3C063E4C */  lui     $a2, 0x3E4C                ## $a2 = 3E4C0000
/* 02718 8098B858 34C6CCCD */  ori     $a2, $a2, 0xCCCD           ## $a2 = 3E4CCCCD
/* 0271C 8098B85C A60900BE */  sh      $t1, 0x00BE($s0)           ## 000000BE
/* 02720 8098B860 8FA4002C */  lw      $a0, 0x002C($sp)           
/* 02724 8098B864 3C053F00 */  lui     $a1, 0x3F00                ## $a1 = 3F000000
/* 02728 8098B868 0C03FF7E */  jal     func_800FFDF8              
/* 0272C 8098B86C 3C073F80 */  lui     $a3, 0x3F80                ## $a3 = 3F800000
/* 02730 8098B870 0C02DAA2 */  jal     func_800B6A88              
/* 02734 8098B874 02002025 */  or      $a0, $s0, $zero            ## $a0 = 00000000
/* 02738 8098B878 8FBF0024 */  lw      $ra, 0x0024($sp)           
/* 0273C 8098B87C 8FB00020 */  lw      $s0, 0x0020($sp)           
/* 02740 8098B880 27BD0060 */  addiu   $sp, $sp, 0x0060           ## $sp = 00000000
/* 02744 8098B884 03E00008 */  jr      $ra                        
/* 02748 8098B888 00000000 */  nop


glabel func_8098B88C
/* 0274C 8098B88C 27BDFFC0 */  addiu   $sp, $sp, 0xFFC0           ## $sp = FFFFFFC0
/* 02750 8098B890 AFB00020 */  sw      $s0, 0x0020($sp)           
/* 02754 8098B894 00808025 */  or      $s0, $a0, $zero            ## $s0 = 00000000
/* 02758 8098B898 AFBF0024 */  sw      $ra, 0x0024($sp)           
/* 0275C 8098B89C AFA50044 */  sw      $a1, 0x0044($sp)           
/* 02760 8098B8A0 C6040024 */  lwc1    $f4, 0x0024($s0)           ## 00000024
/* 02764 8098B8A4 3C0141A0 */  lui     $at, 0x41A0                ## $at = 41A00000
/* 02768 8098B8A8 44819000 */  mtc1    $at, $f18                  ## $f18 = 20.00
/* 0276C 8098B8AC E7A40034 */  swc1    $f4, 0x0034($sp)           
/* 02770 8098B8B0 C608008C */  lwc1    $f8, 0x008C($s0)           ## 0000008C
/* 02774 8098B8B4 C6060028 */  lwc1    $f6, 0x0028($s0)           ## 00000028
/* 02778 8098B8B8 240F0005 */  addiu   $t7, $zero, 0x0005         ## $t7 = 00000005
/* 0277C 8098B8BC 27A50034 */  addiu   $a1, $sp, 0x0034           ## $a1 = FFFFFFF4
/* 02780 8098B8C0 46083280 */  add.s   $f10, $f6, $f8             
/* 02784 8098B8C4 24060064 */  addiu   $a2, $zero, 0x0064         ## $a2 = 00000064
/* 02788 8098B8C8 240701F4 */  addiu   $a3, $zero, 0x01F4         ## $a3 = 000001F4
/* 0278C 8098B8CC 2418001E */  addiu   $t8, $zero, 0x001E         ## $t8 = 0000001E
/* 02790 8098B8D0 E7AA0038 */  swc1    $f10, 0x0038($sp)          
/* 02794 8098B8D4 C610002C */  lwc1    $f16, 0x002C($s0)          ## 0000002C
/* 02798 8098B8D8 46128100 */  add.s   $f4, $f16, $f18            
/* 0279C 8098B8DC E7A4003C */  swc1    $f4, 0x003C($sp)           
/* 027A0 8098B8E0 86020284 */  lh      $v0, 0x0284($s0)           ## 00000284
/* 027A4 8098B8E4 14400003 */  bne     $v0, $zero, .L8098B8F4     
/* 027A8 8098B8E8 244EFFFF */  addiu   $t6, $v0, 0xFFFF           ## $t6 = FFFFFFFF
/* 027AC 8098B8EC 10000003 */  beq     $zero, $zero, .L8098B8FC   
/* 027B0 8098B8F0 00001825 */  or      $v1, $zero, $zero          ## $v1 = 00000000
.L8098B8F4:
/* 027B4 8098B8F4 A60E0284 */  sh      $t6, 0x0284($s0)           ## 00000284
/* 027B8 8098B8F8 86030284 */  lh      $v1, 0x0284($s0)           ## 00000284
.L8098B8FC:
/* 027BC 8098B8FC 54600006 */  bnel    $v1, $zero, .L8098B918     
/* 027C0 8098B900 3C014170 */  lui     $at, 0x4170                ## $at = 41700000
/* 027C4 8098B904 A60F0284 */  sh      $t7, 0x0284($s0)           ## 00000284
/* 027C8 8098B908 AFB80010 */  sw      $t8, 0x0010($sp)           
/* 027CC 8098B90C 0C02C7BD */  jal     func_800B1EF4              
/* 027D0 8098B910 8FA40044 */  lw      $a0, 0x0044($sp)           
/* 027D4 8098B914 3C014170 */  lui     $at, 0x4170                ## $at = 41700000
.L8098B918:
/* 027D8 8098B918 44813000 */  mtc1    $at, $f6                   ## $f6 = 15.00
/* 027DC 8098B91C C600008C */  lwc1    $f0, 0x008C($s0)           ## 0000008C
/* 027E0 8098B920 3C014120 */  lui     $at, 0x4120                ## $at = 41200000
/* 027E4 8098B924 27A50034 */  addiu   $a1, $sp, 0x0034           ## $a1 = FFFFFFF4
/* 027E8 8098B928 4600303C */  c.lt.s  $f6, $f0                   
/* 027EC 8098B92C 00003025 */  or      $a2, $zero, $zero          ## $a2 = 00000000
/* 027F0 8098B930 00003825 */  or      $a3, $zero, $zero          ## $a3 = 00000000
/* 027F4 8098B934 45020006 */  bc1fl   .L8098B950                 
/* 027F8 8098B938 44815000 */  mtc1    $at, $f10                  ## $f10 = 10.00
/* 027FC 8098B93C 3C013F80 */  lui     $at, 0x3F80                ## $at = 3F800000
/* 02800 8098B940 44814000 */  mtc1    $at, $f8                   ## $f8 = 1.00
/* 02804 8098B944 1000000A */  beq     $zero, $zero, .L8098B970   
/* 02808 8098B948 E6080068 */  swc1    $f8, 0x0068($s0)           ## 00000068
/* 0280C 8098B94C 44815000 */  mtc1    $at, $f10                  ## $f10 = 1.00
.L8098B950:
/* 02810 8098B950 3C01BF80 */  lui     $at, 0xBF80                ## $at = BF800000
/* 02814 8098B954 460A003C */  c.lt.s  $f0, $f10                  
/* 02818 8098B958 00000000 */  nop
/* 0281C 8098B95C 45020005 */  bc1fl   .L8098B974                 
/* 02820 8098B960 96020090 */  lhu     $v0, 0x0090($s0)           ## 00000090
/* 02824 8098B964 44818000 */  mtc1    $at, $f16                  ## $f16 = -1.00
/* 02828 8098B968 00000000 */  nop
/* 0282C 8098B96C E6100068 */  swc1    $f16, 0x0068($s0)          ## 00000068
.L8098B970:
/* 02830 8098B970 96020090 */  lhu     $v0, 0x0090($s0)           ## 00000090
.L8098B974:
/* 02834 8098B974 C7B20038 */  lwc1    $f18, 0x0038($sp)          
/* 02838 8098B978 3C014120 */  lui     $at, 0x4120                ## $at = 41200000
/* 0283C 8098B97C 30590008 */  andi    $t9, $v0, 0x0008           ## $t9 = 00000000
/* 02840 8098B980 5320000B */  beql    $t9, $zero, .L8098B9B0     
/* 02844 8098B984 30490020 */  andi    $t1, $v0, 0x0020           ## $t1 = 00000000
/* 02848 8098B988 44812000 */  mtc1    $at, $f4                   ## $f4 = 10.00
/* 0284C 8098B98C E6120028 */  swc1    $f18, 0x0028($s0)          ## 00000028
/* 02850 8098B990 24080320 */  addiu   $t0, $zero, 0x0320         ## $t0 = 00000320
/* 02854 8098B994 E6040068 */  swc1    $f4, 0x0068($s0)           ## 00000068
/* 02858 8098B998 AFA80014 */  sw      $t0, 0x0014($sp)           
/* 0285C 8098B99C AFA00010 */  sw      $zero, 0x0010($sp)         
/* 02860 8098B9A0 0C02C7D3 */  jal     func_800B1F4C              
/* 02864 8098B9A4 8FA40044 */  lw      $a0, 0x0044($sp)           
/* 02868 8098B9A8 96020090 */  lhu     $v0, 0x0090($s0)           ## 00000090
/* 0286C 8098B9AC 30490020 */  andi    $t1, $v0, 0x0020           ## $t1 = 00000000
.L8098B9B0:
/* 02870 8098B9B0 15200020 */  bne     $t1, $zero, .L8098BA34     
/* 02874 8098B9B4 26040070 */  addiu   $a0, $s0, 0x0070           ## $a0 = 00000070
/* 02878 8098B9B8 3C014120 */  lui     $at, 0x4120                ## $at = 41200000
/* 0287C 8098B9BC 44813000 */  mtc1    $at, $f6                   ## $f6 = 10.00
/* 02880 8098B9C0 3C01C040 */  lui     $at, 0xC040                ## $at = C0400000
/* 02884 8098B9C4 44814000 */  mtc1    $at, $f8                   ## $f8 = -3.00
/* 02888 8098B9C8 240A0008 */  addiu   $t2, $zero, 0x0008         ## $t2 = 00000008
/* 0288C 8098B9CC A60A028C */  sh      $t2, 0x028C($s0)           ## 0000028C
/* 02890 8098B9D0 2404003C */  addiu   $a0, $zero, 0x003C         ## $a0 = 0000003C
/* 02894 8098B9D4 2405003C */  addiu   $a1, $zero, 0x003C         ## $a1 = 0000003C
/* 02898 8098B9D8 E6060068 */  swc1    $f6, 0x0068($s0)           ## 00000068
/* 0289C 8098B9DC 0C03FD14 */  jal     func_800FF450              
/* 028A0 8098B9E0 E6080074 */  swc1    $f8, 0x0074($s0)           ## 00000074
/* 028A4 8098B9E4 A6020282 */  sh      $v0, 0x0282($s0)           ## 00000282
/* 028A8 8098B9E8 02002025 */  or      $a0, $s0, $zero            ## $a0 = 00000000
/* 028AC 8098B9EC 0C02E3B2 */  jal     func_800B8EC8              
/* 028B0 8098B9F0 24052808 */  addiu   $a1, $zero, 0x2808         ## $a1 = 00002808
/* 028B4 8098B9F4 3C058099 */  lui     $a1, %hi(D_8098C35C)       ## $a1 = 80990000
/* 028B8 8098B9F8 24A5C35C */  addiu   $a1, $a1, %lo(D_8098C35C)  ## $a1 = 8098C35C
/* 028BC 8098B9FC 2604014C */  addiu   $a0, $s0, 0x014C           ## $a0 = 0000014C
/* 028C0 8098BA00 0C262450 */  jal     func_80989140              
/* 028C4 8098BA04 24060002 */  addiu   $a2, $zero, 0x0002         ## $a2 = 00000002
/* 028C8 8098BA08 3C0B8099 */  lui     $t3, %hi(func_8098A468)    ## $t3 = 80990000
/* 028CC 8098BA0C 256BA468 */  addiu   $t3, $t3, %lo(func_8098A468) ## $t3 = 8098A468
/* 028D0 8098BA10 3C063E4C */  lui     $a2, 0x3E4C                ## $a2 = 3E4C0000
/* 028D4 8098BA14 AE0B0144 */  sw      $t3, 0x0144($s0)           ## 00000144
/* 028D8 8098BA18 34C6CCCD */  ori     $a2, $a2, 0xCCCD           ## $a2 = 3E4CCCCD
/* 028DC 8098BA1C 26040070 */  addiu   $a0, $s0, 0x0070           ## $a0 = 00000070
/* 028E0 8098BA20 3C054060 */  lui     $a1, 0x4060                ## $a1 = 40600000
/* 028E4 8098BA24 0C03FF7E */  jal     func_800FFDF8              
/* 028E8 8098BA28 3C073F80 */  lui     $a3, 0x3F80                ## $a3 = 3F800000
/* 028EC 8098BA2C 10000006 */  beq     $zero, $zero, .L8098BA48   
/* 028F0 8098BA30 00000000 */  nop
.L8098BA34:
/* 028F4 8098BA34 3C063E4C */  lui     $a2, 0x3E4C                ## $a2 = 3E4C0000
/* 028F8 8098BA38 34C6CCCD */  ori     $a2, $a2, 0xCCCD           ## $a2 = 3E4CCCCD
/* 028FC 8098BA3C 3C053F00 */  lui     $a1, 0x3F00                ## $a1 = 3F000000
/* 02900 8098BA40 0C03FF7E */  jal     func_800FFDF8              
/* 02904 8098BA44 3C073F80 */  lui     $a3, 0x3F80                ## $a3 = 3F800000
.L8098BA48:
/* 02908 8098BA48 0C02DAA2 */  jal     func_800B6A88              
/* 0290C 8098BA4C 02002025 */  or      $a0, $s0, $zero            ## $a0 = 00000000
/* 02910 8098BA50 8FBF0024 */  lw      $ra, 0x0024($sp)           
/* 02914 8098BA54 8FB00020 */  lw      $s0, 0x0020($sp)           
/* 02918 8098BA58 27BD0040 */  addiu   $sp, $sp, 0x0040           ## $sp = 00000000
/* 0291C 8098BA5C 03E00008 */  jr      $ra                        
/* 02920 8098BA60 00000000 */  nop


glabel func_8098BA64
/* 02924 8098BA64 27BDFFE8 */  addiu   $sp, $sp, 0xFFE8           ## $sp = FFFFFFE8
/* 02928 8098BA68 AFBF0014 */  sw      $ra, 0x0014($sp)           
/* 0292C 8098BA6C 0C02E2FF */  jal     func_800B8BFC              
/* 02930 8098BA70 AFA40018 */  sw      $a0, 0x0018($sp)           
/* 02934 8098BA74 10400022 */  beq     $v0, $zero, .L8098BB00     
/* 02938 8098BA78 8FA40018 */  lw      $a0, 0x0018($sp)           
/* 0293C 8098BA7C 8C8F0004 */  lw      $t7, 0x0004($a0)           ## 00000004
/* 02940 8098BA80 3C028099 */  lui     $v0, %hi(D_8098C2A0)       ## $v0 = 80990000
/* 02944 8098BA84 240E0002 */  addiu   $t6, $zero, 0x0002         ## $t6 = 00000002
/* 02948 8098BA88 35F80001 */  ori     $t8, $t7, 0x0001           ## $t8 = 00000001
/* 0294C 8098BA8C 2442C2A0 */  addiu   $v0, $v0, %lo(D_8098C2A0)  ## $v0 = 8098C2A0
/* 02950 8098BA90 A48E0290 */  sh      $t6, 0x0290($a0)           ## 00000290
/* 02954 8098BA94 AC980004 */  sw      $t8, 0x0004($a0)           ## 00000004
/* 02958 8098BA98 90590000 */  lbu     $t9, 0x0000($v0)           ## 8098C2A0
/* 0295C 8098BA9C 3C01F7FF */  lui     $at, 0xF7FF                ## $at = F7FF0000
/* 02960 8098BAA0 3421FFFF */  ori     $at, $at, 0xFFFF           ## $at = F7FFFFFF
/* 02964 8098BAA4 13200007 */  beq     $t9, $zero, .L8098BAC4     
/* 02968 8098BAA8 240CFFFF */  addiu   $t4, $zero, 0xFFFF         ## $t4 = FFFFFFFF
/* 0296C 8098BAAC 03014824 */  and     $t1, $t8, $at              
/* 02970 8098BAB0 AC890004 */  sw      $t1, 0x0004($a0)           ## 00000004
/* 02974 8098BAB4 A0400000 */  sb      $zero, 0x0000($v0)         ## 8098C2A0
/* 02978 8098BAB8 948A0280 */  lhu     $t2, 0x0280($a0)           ## 00000280
/* 0297C 8098BABC 314BFFFE */  andi    $t3, $t2, 0xFFFE           ## $t3 = 00000000
/* 02980 8098BAC0 A48B0280 */  sh      $t3, 0x0280($a0)           ## 00000280
.L8098BAC4:
/* 02984 8098BAC4 A48C0288 */  sh      $t4, 0x0288($a0)           ## 00000288
/* 02988 8098BAC8 848D0288 */  lh      $t5, 0x0288($a0)           ## 00000288
/* 0298C 8098BACC 3C018099 */  lui     $at, %hi(D_8098C2FE)       ## $at = 80990000
/* 02990 8098BAD0 240E0064 */  addiu   $t6, $zero, 0x0064         ## $t6 = 00000064
/* 02994 8098BAD4 A42DC2FE */  sh      $t5, %lo(D_8098C2FE)($at)  
/* 02998 8098BAD8 A48E028A */  sh      $t6, 0x028A($a0)           ## 0000028A
/* 0299C 8098BADC 0C02DAA2 */  jal     func_800B6A88              
/* 029A0 8098BAE0 AFA40018 */  sw      $a0, 0x0018($sp)           
/* 029A4 8098BAE4 8FA40018 */  lw      $a0, 0x0018($sp)           
/* 029A8 8098BAE8 3C198099 */  lui     $t9, %hi(func_8098BB10)    ## $t9 = 80990000
/* 029AC 8098BAEC 2739BB10 */  addiu   $t9, $t9, %lo(func_8098BB10) ## $t9 = 8098BB10
/* 029B0 8098BAF0 948F0280 */  lhu     $t7, 0x0280($a0)           ## 00000280
/* 029B4 8098BAF4 AC990144 */  sw      $t9, 0x0144($a0)           ## 00000144
/* 029B8 8098BAF8 35F80010 */  ori     $t8, $t7, 0x0010           ## $t8 = 00000010
/* 029BC 8098BAFC A4980280 */  sh      $t8, 0x0280($a0)           ## 00000280
.L8098BB00:
/* 029C0 8098BB00 8FBF0014 */  lw      $ra, 0x0014($sp)           
/* 029C4 8098BB04 27BD0018 */  addiu   $sp, $sp, 0x0018           ## $sp = 00000000
/* 029C8 8098BB08 03E00008 */  jr      $ra                        
/* 029CC 8098BB0C 00000000 */  nop


glabel func_8098BB10
/* 029D0 8098BB10 27BDFFD8 */  addiu   $sp, $sp, 0xFFD8           ## $sp = FFFFFFD8
/* 029D4 8098BB14 AFB00018 */  sw      $s0, 0x0018($sp)           
/* 029D8 8098BB18 00808025 */  or      $s0, $a0, $zero            ## $s0 = 00000000
/* 029DC 8098BB1C AFBF001C */  sw      $ra, 0x001C($sp)           
/* 029E0 8098BB20 AFA5002C */  sw      $a1, 0x002C($sp)           
/* 029E4 8098BB24 960F0090 */  lhu     $t7, 0x0090($s0)           ## 00000090
/* 029E8 8098BB28 8FAE002C */  lw      $t6, 0x002C($sp)           
/* 029EC 8098BB2C 31F80001 */  andi    $t8, $t7, 0x0001           ## $t8 = 00000000
/* 029F0 8098BB30 13000017 */  beq     $t8, $zero, .L8098BB90     
/* 029F4 8098BB34 8DC31CCC */  lw      $v1, 0x1CCC($t6)           ## 00001CCC
/* 029F8 8098BB38 96020280 */  lhu     $v0, 0x0280($s0)           ## 00000280
/* 029FC 8098BB3C 02002025 */  or      $a0, $s0, $zero            ## $a0 = 00000000
/* 02A00 8098BB40 240528EF */  addiu   $a1, $zero, 0x28EF         ## $a1 = 000028EF
/* 02A04 8098BB44 30590010 */  andi    $t9, $v0, 0x0010           ## $t9 = 00000000
/* 02A08 8098BB48 13200005 */  beq     $t9, $zero, .L8098BB60     
/* 02A0C 8098BB4C 3048FFEF */  andi    $t0, $v0, 0xFFEF           ## $t0 = 00000000
/* 02A10 8098BB50 A6080280 */  sh      $t0, 0x0280($s0)           ## 00000280
/* 02A14 8098BB54 0C02E3B2 */  jal     func_800B8EC8              
/* 02A18 8098BB58 AFA30024 */  sw      $v1, 0x0024($sp)           
/* 02A1C 8098BB5C 8FA30024 */  lw      $v1, 0x0024($sp)           
.L8098BB60:
/* 02A20 8098BB60 3C01C040 */  lui     $at, 0xC040                ## $at = C0400000
/* 02A24 8098BB64 44802000 */  mtc1    $zero, $f4                 ## $f4 = 0.00
/* 02A28 8098BB68 44813000 */  mtc1    $at, $f6                   ## $f6 = -3.00
/* 02A2C 8098BB6C 24010004 */  addiu   $at, $zero, 0x0004         ## $at = 00000004
/* 02A30 8098BB70 E6040070 */  swc1    $f4, 0x0070($s0)           ## 00000070
/* 02A34 8098BB74 E6060074 */  swc1    $f6, 0x0074($s0)           ## 00000074
/* 02A38 8098BB78 9069014B */  lbu     $t1, 0x014B($v1)           ## 0000014B
/* 02A3C 8098BB7C 02002025 */  or      $a0, $s0, $zero            ## $a0 = 00000000
/* 02A40 8098BB80 55210004 */  bnel    $t1, $at, .L8098BB94       
/* 02A44 8098BB84 8602028A */  lh      $v0, 0x028A($s0)           ## 0000028A
/* 02A48 8098BB88 0C262786 */  jal     func_80989E18              
/* 02A4C 8098BB8C 8FA5002C */  lw      $a1, 0x002C($sp)           
.L8098BB90:
/* 02A50 8098BB90 8602028A */  lh      $v0, 0x028A($s0)           ## 0000028A
.L8098BB94:
/* 02A54 8098BB94 02002025 */  or      $a0, $s0, $zero            ## $a0 = 00000000
/* 02A58 8098BB98 14400003 */  bne     $v0, $zero, .L8098BBA8     
/* 02A5C 8098BB9C 244AFFFF */  addiu   $t2, $v0, 0xFFFF           ## $t2 = FFFFFFFF
/* 02A60 8098BBA0 10000003 */  beq     $zero, $zero, .L8098BBB0   
/* 02A64 8098BBA4 00001825 */  or      $v1, $zero, $zero          ## $v1 = 00000000
.L8098BBA8:
/* 02A68 8098BBA8 A60A028A */  sh      $t2, 0x028A($s0)           ## 0000028A
/* 02A6C 8098BBAC 8603028A */  lh      $v1, 0x028A($s0)           ## 0000028A
.L8098BBB0:
/* 02A70 8098BBB0 14600007 */  bne     $v1, $zero, .L8098BBD0     
/* 02A74 8098BBB4 00000000 */  nop
/* 02A78 8098BBB8 A6000290 */  sh      $zero, 0x0290($s0)         ## 00000290
/* 02A7C 8098BBBC 0C2626B7 */  jal     func_80989ADC              
/* 02A80 8098BBC0 8FA5002C */  lw      $a1, 0x002C($sp)           
/* 02A84 8098BBC4 3C0B8099 */  lui     $t3, %hi(func_8098A468)    ## $t3 = 80990000
/* 02A88 8098BBC8 256BA468 */  addiu   $t3, $t3, %lo(func_8098A468) ## $t3 = 8098A468
/* 02A8C 8098BBCC AE0B0144 */  sw      $t3, 0x0144($s0)           ## 00000144
.L8098BBD0:
/* 02A90 8098BBD0 0C02DAA2 */  jal     func_800B6A88              
/* 02A94 8098BBD4 02002025 */  or      $a0, $s0, $zero            ## $a0 = 00000000
/* 02A98 8098BBD8 8FBF001C */  lw      $ra, 0x001C($sp)           
/* 02A9C 8098BBDC 8FB00018 */  lw      $s0, 0x0018($sp)           
/* 02AA0 8098BBE0 27BD0028 */  addiu   $sp, $sp, 0x0028           ## $sp = 00000000
/* 02AA4 8098BBE4 03E00008 */  jr      $ra                        
/* 02AA8 8098BBE8 00000000 */  nop


glabel func_8098BBEC
/* 02AAC 8098BBEC 27BDFFE8 */  addiu   $sp, $sp, 0xFFE8           ## $sp = FFFFFFE8
/* 02AB0 8098BBF0 AFBF0014 */  sw      $ra, 0x0014($sp)           
/* 02AB4 8098BBF4 AFA40018 */  sw      $a0, 0x0018($sp)           
/* 02AB8 8098BBF8 0C02E134 */  jal     func_800B84D0              
/* 02ABC 8098BBFC AFA5001C */  sw      $a1, 0x001C($sp)           
/* 02AC0 8098BC00 8FA40018 */  lw      $a0, 0x0018($sp)           
/* 02AC4 8098BC04 1040000D */  beq     $v0, $zero, .L8098BC3C     
/* 02AC8 8098BC08 8FA5001C */  lw      $a1, 0x001C($sp)           
/* 02ACC 8098BC0C 8C8E0004 */  lw      $t6, 0x0004($a0)           ## 00000004
/* 02AD0 8098BC10 3C01FFFE */  lui     $at, 0xFFFE                ## $at = FFFE0000
/* 02AD4 8098BC14 3421FFFF */  ori     $at, $at, 0xFFFF           ## $at = FFFEFFFF
/* 02AD8 8098BC18 01C17824 */  and     $t7, $t6, $at              
/* 02ADC 8098BC1C AC8F0004 */  sw      $t7, 0x0004($a0)           ## 00000004
/* 02AE0 8098BC20 0C26274E */  jal     func_80989D38              
/* 02AE4 8098BC24 AFA40018 */  sw      $a0, 0x0018($sp)           
/* 02AE8 8098BC28 8FA40018 */  lw      $a0, 0x0018($sp)           
/* 02AEC 8098BC2C 3C188099 */  lui     $t8, %hi(func_8098BC54)    ## $t8 = 80990000
/* 02AF0 8098BC30 2718BC54 */  addiu   $t8, $t8, %lo(func_8098BC54) ## $t8 = 8098BC54
/* 02AF4 8098BC34 10000003 */  beq     $zero, $zero, .L8098BC44   
/* 02AF8 8098BC38 AC980144 */  sw      $t8, 0x0144($a0)           ## 00000144
.L8098BC3C:
/* 02AFC 8098BC3C 0C02E185 */  jal     func_800B8614              
/* 02B00 8098BC40 3C0642C8 */  lui     $a2, 0x42C8                ## $a2 = 42C80000
.L8098BC44:
/* 02B04 8098BC44 8FBF0014 */  lw      $ra, 0x0014($sp)           
/* 02B08 8098BC48 27BD0018 */  addiu   $sp, $sp, 0x0018           ## $sp = 00000000
/* 02B0C 8098BC4C 03E00008 */  jr      $ra                        
/* 02B10 8098BC50 00000000 */  nop


glabel func_8098BC54
/* 02B14 8098BC54 27BDFFE8 */  addiu   $sp, $sp, 0xFFE8           ## $sp = FFFFFFE8
/* 02B18 8098BC58 AFBF0014 */  sw      $ra, 0x0014($sp)           
/* 02B1C 8098BC5C AFA40018 */  sw      $a0, 0x0018($sp)           
/* 02B20 8098BC60 0C054926 */  jal     func_80152498              
/* 02B24 8098BC64 24A44908 */  addiu   $a0, $a1, 0x4908           ## $a0 = 00004908
/* 02B28 8098BC68 24010002 */  addiu   $at, $zero, 0x0002         ## $at = 00000002
/* 02B2C 8098BC6C 1441000A */  bne     $v0, $at, .L8098BC98       
/* 02B30 8098BC70 8FA40018 */  lw      $a0, 0x0018($sp)           
/* 02B34 8098BC74 3C058099 */  lui     $a1, %hi(D_8098C35C)       ## $a1 = 80990000
/* 02B38 8098BC78 24A5C35C */  addiu   $a1, $a1, %lo(D_8098C35C)  ## $a1 = 8098C35C
/* 02B3C 8098BC7C 2484014C */  addiu   $a0, $a0, 0x014C           ## $a0 = 0000014C
/* 02B40 8098BC80 0C262450 */  jal     func_80989140              
/* 02B44 8098BC84 00003025 */  or      $a2, $zero, $zero          ## $a2 = 00000000
/* 02B48 8098BC88 8FAF0018 */  lw      $t7, 0x0018($sp)           
/* 02B4C 8098BC8C 3C0E8099 */  lui     $t6, %hi(func_8098BA64)    ## $t6 = 80990000
/* 02B50 8098BC90 25CEBA64 */  addiu   $t6, $t6, %lo(func_8098BA64) ## $t6 = 8098BA64
/* 02B54 8098BC94 ADEE0144 */  sw      $t6, 0x0144($t7)           ## 00000144
.L8098BC98:
/* 02B58 8098BC98 8FBF0014 */  lw      $ra, 0x0014($sp)           
/* 02B5C 8098BC9C 27BD0018 */  addiu   $sp, $sp, 0x0018           ## $sp = 00000000
/* 02B60 8098BCA0 03E00008 */  jr      $ra                        
/* 02B64 8098BCA4 00000000 */  nop


glabel func_8098BCA8
/* 02B68 8098BCA8 27BDFFC0 */  addiu   $sp, $sp, 0xFFC0           ## $sp = FFFFFFC0
/* 02B6C 8098BCAC AFB10028 */  sw      $s1, 0x0028($sp)           
/* 02B70 8098BCB0 AFB00024 */  sw      $s0, 0x0024($sp)           
/* 02B74 8098BCB4 00808025 */  or      $s0, $a0, $zero            ## $s0 = 00000000
/* 02B78 8098BCB8 00A08825 */  or      $s1, $a1, $zero            ## $s1 = 00000000
/* 02B7C 8098BCBC AFBF002C */  sw      $ra, 0x002C($sp)           
/* 02B80 8098BCC0 3C06800B */  lui     $a2, 0x800B                ## $a2 = 800B0000
/* 02B84 8098BCC4 24C63FC0 */  addiu   $a2, $a2, 0x3FC0           ## $a2 = 800B3FC0
/* 02B88 8098BCC8 260400BC */  addiu   $a0, $s0, 0x00BC           ## $a0 = 000000BC
/* 02B8C 8098BCCC 24050000 */  addiu   $a1, $zero, 0x0000         ## $a1 = 00000000
/* 02B90 8098BCD0 0C02CEE9 */  jal     func_800B3BA4              
/* 02B94 8098BCD4 3C0741C0 */  lui     $a3, 0x41C0                ## $a3 = 41C00000
/* 02B98 8098BCD8 3C060601 */  lui     $a2, 0x0601                ## $a2 = 06010000
/* 02B9C 8098BCDC 260E01E4 */  addiu   $t6, $s0, 0x01E4           ## $t6 = 000001E4
/* 02BA0 8098BCE0 260F0232 */  addiu   $t7, $s0, 0x0232           ## $t7 = 00000232
/* 02BA4 8098BCE4 2418000D */  addiu   $t8, $zero, 0x000D         ## $t8 = 0000000D
/* 02BA8 8098BCE8 AFB80018 */  sw      $t8, 0x0018($sp)           
/* 02BAC 8098BCEC AFAF0014 */  sw      $t7, 0x0014($sp)           
/* 02BB0 8098BCF0 AFAE0010 */  sw      $t6, 0x0010($sp)           
/* 02BB4 8098BCF4 24C680F0 */  addiu   $a2, $a2, 0x80F0           ## $a2 = 060080F0
/* 02BB8 8098BCF8 02202025 */  or      $a0, $s1, $zero            ## $a0 = 00000000
/* 02BBC 8098BCFC 2605014C */  addiu   $a1, $s0, 0x014C           ## $a1 = 0000014C
/* 02BC0 8098BD00 0C04DACC */  jal     func_80136B30              
/* 02BC4 8098BD04 00003825 */  or      $a3, $zero, $zero          ## $a3 = 00000000
/* 02BC8 8098BD08 26050190 */  addiu   $a1, $s0, 0x0190           ## $a1 = 00000190
/* 02BCC 8098BD0C AFA50034 */  sw      $a1, 0x0034($sp)           
/* 02BD0 8098BD10 0C038467 */  jal     func_800E119C              
/* 02BD4 8098BD14 02202025 */  or      $a0, $s1, $zero            ## $a0 = 00000000
/* 02BD8 8098BD18 3C078099 */  lui     $a3, %hi(D_8098C304)       ## $a3 = 80990000
/* 02BDC 8098BD1C 8FA50034 */  lw      $a1, 0x0034($sp)           
/* 02BE0 8098BD20 24E7C304 */  addiu   $a3, $a3, %lo(D_8098C304)  ## $a3 = 8098C304
/* 02BE4 8098BD24 02202025 */  or      $a0, $s1, $zero            ## $a0 = 00000000
/* 02BE8 8098BD28 0C0384C3 */  jal     func_800E130C              
/* 02BEC 8098BD2C 02003025 */  or      $a2, $s0, $zero            ## $a2 = 00000000
/* 02BF0 8098BD30 3C058099 */  lui     $a1, %hi(D_8098C33C)       ## $a1 = 80990000
/* 02BF4 8098BD34 3C068099 */  lui     $a2, %hi(D_8098C330)       ## $a2 = 80990000
/* 02BF8 8098BD38 24C6C330 */  addiu   $a2, $a2, %lo(D_8098C330)  ## $a2 = 8098C330
/* 02BFC 8098BD3C 24A5C33C */  addiu   $a1, $a1, %lo(D_8098C33C)  ## $a1 = 8098C33C
/* 02C00 8098BD40 0C039D57 */  jal     func_800E755C              
/* 02C04 8098BD44 260400A0 */  addiu   $a0, $s0, 0x00A0           ## $a0 = 000000A0
/* 02C08 8098BD48 3C058099 */  lui     $a1, %hi(D_8098C45C)       ## $a1 = 80990000
/* 02C0C 8098BD4C 24A5C45C */  addiu   $a1, $a1, %lo(D_8098C45C)  ## $a1 = 8098C45C
/* 02C10 8098BD50 0C03FEB7 */  jal     func_800FFADC              
/* 02C14 8098BD54 02002025 */  or      $a0, $s0, $zero            ## $a0 = 00000000
/* 02C18 8098BD58 8605001C */  lh      $a1, 0x001C($s0)           ## 0000001C
/* 02C1C 8098BD5C 02202025 */  or      $a0, $s1, $zero            ## $a0 = 00000000
/* 02C20 8098BD60 2406003F */  addiu   $a2, $zero, 0x003F         ## $a2 = 0000003F
/* 02C24 8098BD64 30A5FC00 */  andi    $a1, $a1, 0xFC00           ## $a1 = 00000000
/* 02C28 8098BD68 00052A83 */  sra     $a1, $a1, 10               
/* 02C2C 8098BD6C 00052C00 */  sll     $a1, $a1, 16               
/* 02C30 8098BD70 0C04F592 */  jal     func_8013D648              
/* 02C34 8098BD74 00052C03 */  sra     $a1, $a1, 16               
/* 02C38 8098BD78 3C053BF5 */  lui     $a1, 0x3BF5                ## $a1 = 3BF50000
/* 02C3C 8098BD7C AE0201DC */  sw      $v0, 0x01DC($s0)           ## 000001DC
/* 02C40 8098BD80 34A5C28F */  ori     $a1, $a1, 0xC28F           ## $a1 = 3BF5C28F
/* 02C44 8098BD84 0C02D9F8 */  jal     func_800B67E0              
/* 02C48 8098BD88 02002025 */  or      $a0, $s0, $zero            ## $a0 = 00000000
/* 02C4C 8098BD8C 3C01C040 */  lui     $at, 0xC040                ## $at = C0400000
/* 02C50 8098BD90 44812000 */  mtc1    $at, $f4                   ## $f4 = -3.00
/* 02C54 8098BD94 24190001 */  addiu   $t9, $zero, 0x0001         ## $t9 = 00000001
/* 02C58 8098BD98 A219001F */  sb      $t9, 0x001F($s0)           ## 0000001F
/* 02C5C 8098BD9C 2404003C */  addiu   $a0, $zero, 0x003C         ## $a0 = 0000003C
/* 02C60 8098BDA0 2405003C */  addiu   $a1, $zero, 0x003C         ## $a1 = 0000003C
/* 02C64 8098BDA4 0C03FD14 */  jal     func_800FF450              
/* 02C68 8098BDA8 E6040074 */  swc1    $f4, 0x0074($s0)           ## 00000074
/* 02C6C 8098BDAC 860A001C */  lh      $t2, 0x001C($s0)           ## 0000001C
/* 02C70 8098BDB0 24080014 */  addiu   $t0, $zero, 0x0014         ## $t0 = 00000014
/* 02C74 8098BDB4 2409000A */  addiu   $t1, $zero, 0x000A         ## $t1 = 0000000A
/* 02C78 8098BDB8 314B03E0 */  andi    $t3, $t2, 0x03E0           ## $t3 = 00000000
/* 02C7C 8098BDBC 000B6143 */  sra     $t4, $t3,  5               
/* 02C80 8098BDC0 A6020282 */  sh      $v0, 0x0282($s0)           ## 00000282
/* 02C84 8098BDC4 A6000280 */  sh      $zero, 0x0280($s0)         ## 00000280
/* 02C88 8098BDC8 A608028E */  sh      $t0, 0x028E($s0)           ## 0000028E
/* 02C8C 8098BDCC A6090284 */  sh      $t1, 0x0284($s0)           ## 00000284
/* 02C90 8098BDD0 A60C0286 */  sh      $t4, 0x0286($s0)           ## 00000286
/* 02C94 8098BDD4 A600028C */  sh      $zero, 0x028C($s0)         ## 0000028C
/* 02C98 8098BDD8 A6000290 */  sh      $zero, 0x0290($s0)         ## 00000290
/* 02C9C 8098BDDC 862D00A4 */  lh      $t5, 0x00A4($s1)           ## 000000A4
/* 02CA0 8098BDE0 24010041 */  addiu   $at, $zero, 0x0041         ## $at = 00000041
/* 02CA4 8098BDE4 240E0064 */  addiu   $t6, $zero, 0x0064         ## $t6 = 00000064
/* 02CA8 8098BDE8 15A10003 */  bne     $t5, $at, .L8098BDF8       
/* 02CAC 8098BDEC 02002025 */  or      $a0, $s0, $zero            ## $a0 = 00000000
/* 02CB0 8098BDF0 0C2626FE */  jal     func_80989BF8              
/* 02CB4 8098BDF4 A60E028A */  sh      $t6, 0x028A($s0)           ## 0000028A
.L8098BDF8:
/* 02CB8 8098BDF8 02002025 */  or      $a0, $s0, $zero            ## $a0 = 00000000
/* 02CBC 8098BDFC 0C2626B7 */  jal     func_80989ADC              
/* 02CC0 8098BE00 02202825 */  or      $a1, $s1, $zero            ## $a1 = 00000000
/* 02CC4 8098BE04 8FBF002C */  lw      $ra, 0x002C($sp)           
/* 02CC8 8098BE08 8FB00024 */  lw      $s0, 0x0024($sp)           
/* 02CCC 8098BE0C 8FB10028 */  lw      $s1, 0x0028($sp)           
/* 02CD0 8098BE10 03E00008 */  jr      $ra                        
/* 02CD4 8098BE14 27BD0040 */  addiu   $sp, $sp, 0x0040           ## $sp = 00000000


glabel func_8098BE18
/* 02CD8 8098BE18 27BDFFE8 */  addiu   $sp, $sp, 0xFFE8           ## $sp = FFFFFFE8
/* 02CDC 8098BE1C AFBF0014 */  sw      $ra, 0x0014($sp)           
/* 02CE0 8098BE20 00803025 */  or      $a2, $a0, $zero            ## $a2 = 00000000
/* 02CE4 8098BE24 00A03825 */  or      $a3, $a1, $zero            ## $a3 = 00000000
/* 02CE8 8098BE28 00E02025 */  or      $a0, $a3, $zero            ## $a0 = 00000000
/* 02CEC 8098BE2C 0C03847B */  jal     func_800E11EC              
/* 02CF0 8098BE30 24C50190 */  addiu   $a1, $a2, 0x0190           ## $a1 = 00000190
/* 02CF4 8098BE34 8FBF0014 */  lw      $ra, 0x0014($sp)           
/* 02CF8 8098BE38 27BD0018 */  addiu   $sp, $sp, 0x0018           ## $sp = 00000000
/* 02CFC 8098BE3C 03E00008 */  jr      $ra                        
/* 02D00 8098BE40 00000000 */  nop


glabel func_8098BE44
/* 02D04 8098BE44 27BDFFC0 */  addiu   $sp, $sp, 0xFFC0           ## $sp = FFFFFFC0
/* 02D08 8098BE48 AFB10018 */  sw      $s1, 0x0018($sp)           
/* 02D0C 8098BE4C AFB00014 */  sw      $s0, 0x0014($sp)           
/* 02D10 8098BE50 00808025 */  or      $s0, $a0, $zero            ## $s0 = 00000000
/* 02D14 8098BE54 00A08825 */  or      $s1, $a1, $zero            ## $s1 = 00000000
/* 02D18 8098BE58 AFBF001C */  sw      $ra, 0x001C($sp)           
/* 02D1C 8098BE5C 3C0F8099 */  lui     $t7, %hi(D_8098C460)       ## $t7 = 80990000
/* 02D20 8098BE60 25EFC460 */  addiu   $t7, $t7, %lo(D_8098C460)  ## $t7 = 8098C460
/* 02D24 8098BE64 8DF90000 */  lw      $t9, 0x0000($t7)           ## 8098C460
/* 02D28 8098BE68 8E221CCC */  lw      $v0, 0x1CCC($s1)           ## 00001CCC
/* 02D2C 8098BE6C 27AE0028 */  addiu   $t6, $sp, 0x0028           ## $t6 = FFFFFFE8
/* 02D30 8098BE70 ADD90000 */  sw      $t9, 0x0000($t6)           ## FFFFFFE8
/* 02D34 8098BE74 8DF90008 */  lw      $t9, 0x0008($t7)           ## 8098C468
/* 02D38 8098BE78 8DF80004 */  lw      $t8, 0x0004($t7)           ## 8098C464
/* 02D3C 8098BE7C 3C088099 */  lui     $t0, %hi(D_8098C2FE)       ## $t0 = 80990000
/* 02D40 8098BE80 ADD90008 */  sw      $t9, 0x0008($t6)           ## FFFFFFF0
/* 02D44 8098BE84 ADD80004 */  sw      $t8, 0x0004($t6)           ## FFFFFFEC
/* 02D48 8098BE88 8508C2FE */  lh      $t0, %lo(D_8098C2FE)($t0)  
/* 02D4C 8098BE8C 02002025 */  or      $a0, $s0, $zero            ## $a0 = 00000000
/* 02D50 8098BE90 A6080288 */  sh      $t0, 0x0288($s0)           ## 00000288
/* 02D54 8098BE94 8C490A6C */  lw      $t1, 0x0A6C($v0)           ## 00000A6C
/* 02D58 8098BE98 312A0020 */  andi    $t2, $t1, 0x0020           ## $t2 = 00000000
/* 02D5C 8098BE9C 11400005 */  beq     $t2, $zero, .L8098BEB4     
/* 02D60 8098BEA0 00000000 */  nop
/* 02D64 8098BEA4 862B00A4 */  lh      $t3, 0x00A4($s1)           ## 000000A4
/* 02D68 8098BEA8 2401006F */  addiu   $at, $zero, 0x006F         ## $at = 0000006F
/* 02D6C 8098BEAC 5161003E */  beql    $t3, $at, .L8098BFA8       
/* 02D70 8098BEB0 8FBF001C */  lw      $ra, 0x001C($sp)           
.L8098BEB4:
/* 02D74 8098BEB4 0C26286D */  jal     func_8098A1B4              
/* 02D78 8098BEB8 02202825 */  or      $a1, $s1, $zero            ## $a1 = 00000000
/* 02D7C 8098BEBC 10400005 */  beq     $v0, $zero, .L8098BED4     
/* 02D80 8098BEC0 02002025 */  or      $a0, $s0, $zero            ## $a0 = 00000000
/* 02D84 8098BEC4 0C26288D */  jal     func_8098A234              
/* 02D88 8098BEC8 02202825 */  or      $a1, $s1, $zero            ## $a1 = 00000000
/* 02D8C 8098BECC 10000009 */  beq     $zero, $zero, .L8098BEF4   
/* 02D90 8098BED0 960D0090 */  lhu     $t5, 0x0090($s0)           ## 00000090
.L8098BED4:
/* 02D94 8098BED4 860C028C */  lh      $t4, 0x028C($s0)           ## 0000028C
/* 02D98 8098BED8 24020008 */  addiu   $v0, $zero, 0x0008         ## $v0 = 00000008
/* 02D9C 8098BEDC 02002025 */  or      $a0, $s0, $zero            ## $a0 = 00000000
/* 02DA0 8098BEE0 104C0003 */  beq     $v0, $t4, .L8098BEF0       
/* 02DA4 8098BEE4 02202825 */  or      $a1, $s1, $zero            ## $a1 = 00000000
/* 02DA8 8098BEE8 0C2626B7 */  jal     func_80989ADC              
/* 02DAC 8098BEEC A602028C */  sh      $v0, 0x028C($s0)           ## 0000028C
.L8098BEF0:
/* 02DB0 8098BEF0 960D0090 */  lhu     $t5, 0x0090($s0)           ## 00000090
.L8098BEF4:
/* 02DB4 8098BEF4 02002025 */  or      $a0, $s0, $zero            ## $a0 = 00000000
/* 02DB8 8098BEF8 31AE0040 */  andi    $t6, $t5, 0x0040           ## $t6 = 00000000
/* 02DBC 8098BEFC 51C0000D */  beql    $t6, $zero, .L8098BF34     
/* 02DC0 8098BF00 2618014C */  addiu   $t8, $s0, 0x014C           ## $t8 = 0000014C
/* 02DC4 8098BF04 0C02E2FF */  jal     func_800B8BFC              
/* 02DC8 8098BF08 02202825 */  or      $a1, $s1, $zero            ## $a1 = 00000000
/* 02DCC 8098BF0C 10400008 */  beq     $v0, $zero, .L8098BF30     
/* 02DD0 8098BF10 2604014C */  addiu   $a0, $s0, 0x014C           ## $a0 = 0000014C
/* 02DD4 8098BF14 3C058099 */  lui     $a1, %hi(D_8098C35C)       ## $a1 = 80990000
/* 02DD8 8098BF18 24A5C35C */  addiu   $a1, $a1, %lo(D_8098C35C)  ## $a1 = 8098C35C
/* 02DDC 8098BF1C 0C262450 */  jal     func_80989140              
/* 02DE0 8098BF20 2406000F */  addiu   $a2, $zero, 0x000F         ## $a2 = 0000000F
/* 02DE4 8098BF24 3C0F8099 */  lui     $t7, %hi(func_8098B464)    ## $t7 = 80990000
/* 02DE8 8098BF28 25EFB464 */  addiu   $t7, $t7, %lo(func_8098B464) ## $t7 = 8098B464
/* 02DEC 8098BF2C AE0F0144 */  sw      $t7, 0x0144($s0)           ## 00000144
.L8098BF30:
/* 02DF0 8098BF30 2618014C */  addiu   $t8, $s0, 0x014C           ## $t8 = 0000014C
.L8098BF34:
/* 02DF4 8098BF34 AFB80024 */  sw      $t8, 0x0024($sp)           
/* 02DF8 8098BF38 8E190144 */  lw      $t9, 0x0144($s0)           ## 00000144
/* 02DFC 8098BF3C 02002025 */  or      $a0, $s0, $zero            ## $a0 = 00000000
/* 02E00 8098BF40 02202825 */  or      $a1, $s1, $zero            ## $a1 = 00000000
/* 02E04 8098BF44 0320F809 */  jalr    $ra, $t9                   
/* 02E08 8098BF48 00000000 */  nop
/* 02E0C 8098BF4C 02002025 */  or      $a0, $s0, $zero            ## $a0 = 00000000
/* 02E10 8098BF50 0C262481 */  jal     func_80989204              
/* 02E14 8098BF54 02202825 */  or      $a1, $s1, $zero            ## $a1 = 00000000
/* 02E18 8098BF58 02002025 */  or      $a0, $s0, $zero            ## $a0 = 00000000
/* 02E1C 8098BF5C 0C2624CF */  jal     func_8098933C              
/* 02E20 8098BF60 27A50028 */  addiu   $a1, $sp, 0x0028           ## $a1 = FFFFFFE8
/* 02E24 8098BF64 3C063E4C */  lui     $a2, 0x3E4C                ## $a2 = 3E4C0000
/* 02E28 8098BF68 3C073DCC */  lui     $a3, 0x3DCC                ## $a3 = 3DCC0000
/* 02E2C 8098BF6C 34E7CCCD */  ori     $a3, $a3, 0xCCCD           ## $a3 = 3DCCCCCD
/* 02E30 8098BF70 34C6CCCD */  ori     $a2, $a2, 0xCCCD           ## $a2 = 3E4CCCCD
/* 02E34 8098BF74 26040294 */  addiu   $a0, $s0, 0x0294           ## $a0 = 00000294
/* 02E38 8098BF78 0C03FF7E */  jal     func_800FFDF8              
/* 02E3C 8098BF7C 8FA50028 */  lw      $a1, 0x0028($sp)           
/* 02E40 8098BF80 3C063E4C */  lui     $a2, 0x3E4C                ## $a2 = 3E4C0000
/* 02E44 8098BF84 3C073DCC */  lui     $a3, 0x3DCC                ## $a3 = 3DCC0000
/* 02E48 8098BF88 34E7CCCD */  ori     $a3, $a3, 0xCCCD           ## $a3 = 3DCCCCCD
/* 02E4C 8098BF8C 34C6CCCD */  ori     $a2, $a2, 0xCCCD           ## $a2 = 3E4CCCCD
/* 02E50 8098BF90 2604029C */  addiu   $a0, $s0, 0x029C           ## $a0 = 0000029C
/* 02E54 8098BF94 0C03FF7E */  jal     func_800FFDF8              
/* 02E58 8098BF98 8FA50030 */  lw      $a1, 0x0030($sp)           
/* 02E5C 8098BF9C 0C04DB34 */  jal     func_80136CD0              
/* 02E60 8098BFA0 8FA40024 */  lw      $a0, 0x0024($sp)           
/* 02E64 8098BFA4 8FBF001C */  lw      $ra, 0x001C($sp)           
.L8098BFA8:
/* 02E68 8098BFA8 8FB00014 */  lw      $s0, 0x0014($sp)           
/* 02E6C 8098BFAC 8FB10018 */  lw      $s1, 0x0018($sp)           
/* 02E70 8098BFB0 03E00008 */  jr      $ra                        
/* 02E74 8098BFB4 27BD0040 */  addiu   $sp, $sp, 0x0040           ## $sp = 00000000


glabel func_8098BFB8
/* 02E78 8098BFB8 AFA40000 */  sw      $a0, 0x0000($sp)           
/* 02E7C 8098BFBC AFA50004 */  sw      $a1, 0x0004($sp)           
/* 02E80 8098BFC0 AFA60008 */  sw      $a2, 0x0008($sp)           
/* 02E84 8098BFC4 AFA7000C */  sw      $a3, 0x000C($sp)           
/* 02E88 8098BFC8 00001025 */  or      $v0, $zero, $zero          ## $v0 = 00000000
/* 02E8C 8098BFCC 03E00008 */  jr      $ra                        
/* 02E90 8098BFD0 00000000 */  nop


glabel func_8098BFD4
/* 02E94 8098BFD4 27BDFFD0 */  addiu   $sp, $sp, 0xFFD0           ## $sp = FFFFFFD0
/* 02E98 8098BFD8 AFA40030 */  sw      $a0, 0x0030($sp)           
/* 02E9C 8098BFDC 27A40020 */  addiu   $a0, $sp, 0x0020           ## $a0 = FFFFFFF0
/* 02EA0 8098BFE0 AFBF0014 */  sw      $ra, 0x0014($sp)           
/* 02EA4 8098BFE4 AFA60038 */  sw      $a2, 0x0038($sp)           
/* 02EA8 8098BFE8 AFA7003C */  sw      $a3, 0x003C($sp)           
/* 02EAC 8098BFEC 3C0E8099 */  lui     $t6, %hi(D_8098C46C)       ## $t6 = 80990000
/* 02EB0 8098BFF0 25CEC46C */  addiu   $t6, $t6, %lo(D_8098C46C)  ## $t6 = 8098C46C
/* 02EB4 8098BFF4 8DD80000 */  lw      $t8, 0x0000($t6)           ## 8098C46C
/* 02EB8 8098BFF8 24010005 */  addiu   $at, $zero, 0x0005         ## $at = 00000005
/* 02EBC 8098BFFC AC980000 */  sw      $t8, 0x0000($a0)           ## FFFFFFF0
/* 02EC0 8098C000 8DCF0004 */  lw      $t7, 0x0004($t6)           ## 8098C470
/* 02EC4 8098C004 AC8F0004 */  sw      $t7, 0x0004($a0)           ## FFFFFFF4
/* 02EC8 8098C008 8DD80008 */  lw      $t8, 0x0008($t6)           ## 8098C474
/* 02ECC 8098C00C 14A10013 */  bne     $a1, $at, .L8098C05C       
/* 02ED0 8098C010 AC980008 */  sw      $t8, 0x0008($a0)           ## FFFFFFF8
/* 02ED4 8098C014 8FA20040 */  lw      $v0, 0x0040($sp)           
/* 02ED8 8098C018 3C198099 */  lui     $t9, %hi(func_8098BBEC)    ## $t9 = 80990000
/* 02EDC 8098C01C 2739BBEC */  addiu   $t9, $t9, %lo(func_8098BBEC) ## $t9 = 8098BBEC
/* 02EE0 8098C020 8C430144 */  lw      $v1, 0x0144($v0)           ## 00000144
/* 02EE4 8098C024 3C088099 */  lui     $t0, %hi(func_8098BC54)    ## $t0 = 80990000
/* 02EE8 8098C028 3C018099 */  lui     $at, %hi(D_8098C498)       ## $at = 80990000
/* 02EEC 8098C02C 17230007 */  bne     $t9, $v1, .L8098C04C       
/* 02EF0 8098C030 2508BC54 */  addiu   $t0, $t0, %lo(func_8098BC54) ## $t0 = 8098BC54
/* 02EF4 8098C034 C424C498 */  lwc1    $f4, %lo(D_8098C498)($at)  
/* 02EF8 8098C038 2445003C */  addiu   $a1, $v0, 0x003C           ## $a1 = 0000003C
/* 02EFC 8098C03C 0C0606A6 */  jal     func_80181A98              
/* 02F00 8098C040 E7A40020 */  swc1    $f4, 0x0020($sp)           
/* 02F04 8098C044 10000006 */  beq     $zero, $zero, .L8098C060   
/* 02F08 8098C048 8FBF0014 */  lw      $ra, 0x0014($sp)           
.L8098C04C:
/* 02F0C 8098C04C 51030004 */  beql    $t0, $v1, .L8098C060       
/* 02F10 8098C050 8FBF0014 */  lw      $ra, 0x0014($sp)           
/* 02F14 8098C054 0C0606A6 */  jal     func_80181A98              
/* 02F18 8098C058 2445003C */  addiu   $a1, $v0, 0x003C           ## $a1 = 0000003C
.L8098C05C:
/* 02F1C 8098C05C 8FBF0014 */  lw      $ra, 0x0014($sp)           
.L8098C060:
/* 02F20 8098C060 27BD0030 */  addiu   $sp, $sp, 0x0030           ## $sp = 00000000
/* 02F24 8098C064 03E00008 */  jr      $ra                        
/* 02F28 8098C068 00000000 */  nop


glabel func_8098C06C
/* 02F2C 8098C06C 27BDFFC8 */  addiu   $sp, $sp, 0xFFC8           ## $sp = FFFFFFC8
/* 02F30 8098C070 AFB00028 */  sw      $s0, 0x0028($sp)           
/* 02F34 8098C074 00808025 */  or      $s0, $a0, $zero            ## $s0 = 00000000
/* 02F38 8098C078 AFBF002C */  sw      $ra, 0x002C($sp)           
/* 02F3C 8098C07C AFA5003C */  sw      $a1, 0x003C($sp)           
/* 02F40 8098C080 8FAE003C */  lw      $t6, 0x003C($sp)           
/* 02F44 8098C084 8DC40000 */  lw      $a0, 0x0000($t6)           ## 00000000
/* 02F48 8098C088 0C04B0A3 */  jal     func_8012C28C              
/* 02F4C 8098C08C AFA40030 */  sw      $a0, 0x0030($sp)           
/* 02F50 8098C090 8FA60030 */  lw      $a2, 0x0030($sp)           
/* 02F54 8098C094 8CC202B0 */  lw      $v0, 0x02B0($a2)           ## 000002B0
/* 02F58 8098C098 3C18E700 */  lui     $t8, 0xE700                ## $t8 = E7000000
/* 02F5C 8098C09C 244F0008 */  addiu   $t7, $v0, 0x0008           ## $t7 = 00000008
/* 02F60 8098C0A0 ACCF02B0 */  sw      $t7, 0x02B0($a2)           ## 000002B0
/* 02F64 8098C0A4 AC400004 */  sw      $zero, 0x0004($v0)         ## 00000004
/* 02F68 8098C0A8 AC580000 */  sw      $t8, 0x0000($v0)           ## 00000000
/* 02F6C 8098C0AC 86190286 */  lh      $t9, 0x0286($s0)           ## 00000286
/* 02F70 8098C0B0 3C098099 */  lui     $t1, %hi(D_8098C2A8)       ## $t1 = 80990000
/* 02F74 8098C0B4 00194080 */  sll     $t0, $t9,  2               
/* 02F78 8098C0B8 01194023 */  subu    $t0, $t0, $t9              
/* 02F7C 8098C0BC 00084040 */  sll     $t0, $t0,  1               
/* 02F80 8098C0C0 01284821 */  addu    $t1, $t1, $t0              
/* 02F84 8098C0C4 8529C2A8 */  lh      $t1, %lo(D_8098C2A8)($t1)  
/* 02F88 8098C0C8 252AFFFF */  addiu   $t2, $t1, 0xFFFF           ## $t2 = 8098FFFF
/* 02F8C 8098C0CC 2D410006 */  sltiu   $at, $t2, 0x0006           
/* 02F90 8098C0D0 10200040 */  beq     $at, $zero, .L8098C1D4     
/* 02F94 8098C0D4 000A5080 */  sll     $t2, $t2,  2               
/* 02F98 8098C0D8 3C018099 */  lui     $at, %hi(D_8098C49C)       ## $at = 80990000
/* 02F9C 8098C0DC 002A0821 */  addu    $at, $at, $t2              
/* 02FA0 8098C0E0 8C2AC49C */  lw      $t2, %lo(D_8098C49C)($at)  
/* 02FA4 8098C0E4 01400008 */  jr      $t2                        
/* 02FA8 8098C0E8 00000000 */  nop
.L8098C0EC:
/* 02FAC 8098C0EC 8CC202B0 */  lw      $v0, 0x02B0($a2)           ## 000002B0
/* 02FB0 8098C0F0 3C0CFB00 */  lui     $t4, 0xFB00                ## $t4 = FB000000
/* 02FB4 8098C0F4 240DC800 */  addiu   $t5, $zero, 0xC800         ## $t5 = FFFFC800
/* 02FB8 8098C0F8 244B0008 */  addiu   $t3, $v0, 0x0008           ## $t3 = 00000008
/* 02FBC 8098C0FC ACCB02B0 */  sw      $t3, 0x02B0($a2)           ## 000002B0
/* 02FC0 8098C100 AC4D0004 */  sw      $t5, 0x0004($v0)           ## 00000004
/* 02FC4 8098C104 AC4C0000 */  sw      $t4, 0x0000($v0)           ## 00000000
/* 02FC8 8098C108 1000003A */  beq     $zero, $zero, .L8098C1F4   
/* 02FCC 8098C10C C60C0024 */  lwc1    $f12, 0x0024($s0)          ## 00000024
.L8098C110:
/* 02FD0 8098C110 8CC202B0 */  lw      $v0, 0x02B0($a2)           ## 000002B0
/* 02FD4 8098C114 3C0FFB00 */  lui     $t7, 0xFB00                ## $t7 = FB000000
/* 02FD8 8098C118 2418FF00 */  addiu   $t8, $zero, 0xFF00         ## $t8 = FFFFFF00
/* 02FDC 8098C11C 244E0008 */  addiu   $t6, $v0, 0x0008           ## $t6 = 00000008
/* 02FE0 8098C120 ACCE02B0 */  sw      $t6, 0x02B0($a2)           ## 000002B0
/* 02FE4 8098C124 AC580004 */  sw      $t8, 0x0004($v0)           ## 00000004
/* 02FE8 8098C128 AC4F0000 */  sw      $t7, 0x0000($v0)           ## 00000000
/* 02FEC 8098C12C 10000031 */  beq     $zero, $zero, .L8098C1F4   
/* 02FF0 8098C130 C60C0024 */  lwc1    $f12, 0x0024($s0)          ## 00000024
.L8098C134:
/* 02FF4 8098C134 8CC202B0 */  lw      $v0, 0x02B0($a2)           ## 000002B0
/* 02FF8 8098C138 3C094F4F */  lui     $t1, 0x4F4F                ## $t1 = 4F4F0000
/* 02FFC 8098C13C 35298F00 */  ori     $t1, $t1, 0x8F00           ## $t1 = 4F4F8F00
/* 03000 8098C140 24590008 */  addiu   $t9, $v0, 0x0008           ## $t9 = 00000008
/* 03004 8098C144 ACD902B0 */  sw      $t9, 0x02B0($a2)           ## 000002B0
/* 03008 8098C148 3C08FB00 */  lui     $t0, 0xFB00                ## $t0 = FB000000
/* 0300C 8098C14C AC480000 */  sw      $t0, 0x0000($v0)           ## 00000000
/* 03010 8098C150 AC490004 */  sw      $t1, 0x0004($v0)           ## 00000004
/* 03014 8098C154 10000027 */  beq     $zero, $zero, .L8098C1F4   
/* 03018 8098C158 C60C0024 */  lwc1    $f12, 0x0024($s0)          ## 00000024
.L8098C15C:
/* 0301C 8098C15C 8CC202B0 */  lw      $v0, 0x02B0($a2)           ## 000002B0
/* 03020 8098C160 3C0CFFCF */  lui     $t4, 0xFFCF                ## $t4 = FFCF0000
/* 03024 8098C164 358C2F00 */  ori     $t4, $t4, 0x2F00           ## $t4 = FFCF2F00
/* 03028 8098C168 244A0008 */  addiu   $t2, $v0, 0x0008           ## $t2 = 00000008
/* 0302C 8098C16C ACCA02B0 */  sw      $t2, 0x02B0($a2)           ## 000002B0
/* 03030 8098C170 3C0BFB00 */  lui     $t3, 0xFB00                ## $t3 = FB000000
/* 03034 8098C174 AC4B0000 */  sw      $t3, 0x0000($v0)           ## 00000000
/* 03038 8098C178 AC4C0004 */  sw      $t4, 0x0004($v0)           ## 00000004
/* 0303C 8098C17C 1000001D */  beq     $zero, $zero, .L8098C1F4   
/* 03040 8098C180 C60C0024 */  lwc1    $f12, 0x0024($s0)          ## 00000024
.L8098C184:
/* 03044 8098C184 8CC202B0 */  lw      $v0, 0x02B0($a2)           ## 000002B0
/* 03048 8098C188 3C0F8F4F */  lui     $t7, 0x8F4F                ## $t7 = 8F4F0000
/* 0304C 8098C18C 35EF2F00 */  ori     $t7, $t7, 0x2F00           ## $t7 = 8F4F2F00
/* 03050 8098C190 244D0008 */  addiu   $t5, $v0, 0x0008           ## $t5 = 00000008
/* 03054 8098C194 ACCD02B0 */  sw      $t5, 0x02B0($a2)           ## 000002B0
/* 03058 8098C198 3C0EFB00 */  lui     $t6, 0xFB00                ## $t6 = FB000000
/* 0305C 8098C19C AC4E0000 */  sw      $t6, 0x0000($v0)           ## 00000000
/* 03060 8098C1A0 AC4F0004 */  sw      $t7, 0x0004($v0)           ## 00000004
/* 03064 8098C1A4 10000013 */  beq     $zero, $zero, .L8098C1F4   
/* 03068 8098C1A8 C60C0024 */  lwc1    $f12, 0x0024($s0)          ## 00000024
.L8098C1AC:
/* 0306C 8098C1AC 8CC202B0 */  lw      $v0, 0x02B0($a2)           ## 000002B0
/* 03070 8098C1B0 3C088F8F */  lui     $t0, 0x8F8F                ## $t0 = 8F8F0000
/* 03074 8098C1B4 35088F00 */  ori     $t0, $t0, 0x8F00           ## $t0 = 8F8F8F00
/* 03078 8098C1B8 24580008 */  addiu   $t8, $v0, 0x0008           ## $t8 = 00000008
/* 0307C 8098C1BC ACD802B0 */  sw      $t8, 0x02B0($a2)           ## 000002B0
/* 03080 8098C1C0 3C19FB00 */  lui     $t9, 0xFB00                ## $t9 = FB000000
/* 03084 8098C1C4 AC590000 */  sw      $t9, 0x0000($v0)           ## 00000000
/* 03088 8098C1C8 AC480004 */  sw      $t0, 0x0004($v0)           ## 00000004
/* 0308C 8098C1CC 10000009 */  beq     $zero, $zero, .L8098C1F4   
/* 03090 8098C1D0 C60C0024 */  lwc1    $f12, 0x0024($s0)          ## 00000024
.L8098C1D4:
/* 03094 8098C1D4 8CC202B0 */  lw      $v0, 0x02B0($a2)           ## 000002B0
/* 03098 8098C1D8 3C0AFB00 */  lui     $t2, 0xFB00                ## $t2 = FB000000
/* 0309C 8098C1DC 240BC800 */  addiu   $t3, $zero, 0xC800         ## $t3 = FFFFC800
/* 030A0 8098C1E0 24490008 */  addiu   $t1, $v0, 0x0008           ## $t1 = 00000008
/* 030A4 8098C1E4 ACC902B0 */  sw      $t1, 0x02B0($a2)           ## 000002B0
/* 030A8 8098C1E8 AC4B0004 */  sw      $t3, 0x0004($v0)           ## 00000004
/* 030AC 8098C1EC AC4A0000 */  sw      $t2, 0x0000($v0)           ## 00000000
/* 030B0 8098C1F0 C60C0024 */  lwc1    $f12, 0x0024($s0)          ## 00000024
.L8098C1F4:
/* 030B4 8098C1F4 C60E0028 */  lwc1    $f14, 0x0028($s0)          ## 00000028
/* 030B8 8098C1F8 8E06002C */  lw      $a2, 0x002C($s0)           ## 0000002C
/* 030BC 8098C1FC 0C0600A7 */  jal     func_8018029C              
/* 030C0 8098C200 00003825 */  or      $a3, $zero, $zero          ## $a3 = 00000000
/* 030C4 8098C204 0C0601EE */  jal     func_801807B8              
/* 030C8 8098C208 C60C0294 */  lwc1    $f12, 0x0294($s0)          ## 00000294
/* 030CC 8098C20C C60C029C */  lwc1    $f12, 0x029C($s0)          ## 0000029C
/* 030D0 8098C210 0C0603A4 */  jal     func_80180E90              
/* 030D4 8098C214 24050001 */  addiu   $a1, $zero, 0x0001         ## $a1 = 00000001
/* 030D8 8098C218 860400BE */  lh      $a0, 0x00BE($s0)           ## 000000BE
/* 030DC 8098C21C 0C06026B */  jal     func_801809AC              
/* 030E0 8098C220 24050001 */  addiu   $a1, $zero, 0x0001         ## $a1 = 00000001
/* 030E4 8098C224 C60C0058 */  lwc1    $f12, 0x0058($s0)          ## 00000058
/* 030E8 8098C228 C60E005C */  lwc1    $f14, 0x005C($s0)          ## 0000005C
/* 030EC 8098C22C 8E060060 */  lw      $a2, 0x0060($s0)           ## 00000060
/* 030F0 8098C230 0C0600E7 */  jal     func_8018039C              
/* 030F4 8098C234 24070001 */  addiu   $a3, $zero, 0x0001         ## $a3 = 00000001
/* 030F8 8098C238 8E050150 */  lw      $a1, 0x0150($s0)           ## 00000150
/* 030FC 8098C23C 8E06016C */  lw      $a2, 0x016C($s0)           ## 0000016C
/* 03100 8098C240 9207014E */  lbu     $a3, 0x014E($s0)           ## 0000014E
/* 03104 8098C244 3C0C8099 */  lui     $t4, %hi(func_8098BFB8)    ## $t4 = 80990000
/* 03108 8098C248 3C0D8099 */  lui     $t5, %hi(func_8098BFD4)    ## $t5 = 80990000
/* 0310C 8098C24C 25ADBFD4 */  addiu   $t5, $t5, %lo(func_8098BFD4) ## $t5 = 8098BFD4
/* 03110 8098C250 258CBFB8 */  addiu   $t4, $t4, %lo(func_8098BFB8) ## $t4 = 8098BFB8
/* 03114 8098C254 AFAC0010 */  sw      $t4, 0x0010($sp)           
/* 03118 8098C258 AFAD0014 */  sw      $t5, 0x0014($sp)           
/* 0311C 8098C25C AFB00018 */  sw      $s0, 0x0018($sp)           
/* 03120 8098C260 0C04CFCA */  jal     func_80133F28              
/* 03124 8098C264 8FA4003C */  lw      $a0, 0x003C($sp)           
/* 03128 8098C268 8FBF002C */  lw      $ra, 0x002C($sp)           
/* 0312C 8098C26C 8FB00028 */  lw      $s0, 0x0028($sp)           
/* 03130 8098C270 27BD0038 */  addiu   $sp, $sp, 0x0038           ## $sp = 00000000
/* 03134 8098C274 03E00008 */  jr      $ra                        
/* 03138 8098C278 00000000 */  nop
/* 0313C 8098C27C 00000000 */  nop

.section .data

D_8098C280: .word 0x00E20500, 0x00800019, 0x01320000, 0x000002A0
.word func_8098BCA8
.word func_8098BE18
.word func_8098BE44
.word func_8098C06C
D_8098C2A0: .word 0x00000000
D_8098C2A4: .word 0x00630000
D_8098C2A8: .word 0x00030000
D_8098C2AC: .word \
0x35390001, 0x0001353A, 0x00050002, 0x353B0002, \
0x0003353C, 0x00040004, 0x35380002, 0x0005353E, \
0x00030006, 0x353F0001, 0x00073540, 0x00010008, \
0x35410006, 0x00093542, 0x0002000A, 0x35430003, \
0x000B3544, 0x0001000C, 0x35450004, 0x000D3546
D_8098C2FC: .byte 0x00, 0x00
D_8098C2FE: .byte 0xFF, 0xFF, 0x35, 0x3E, 0x00, 0x00
D_8098C304: .word \
0x0A110939, 0x10010000, 0x01000000, 0xF7CFFFFF, \
0x04000000, 0xF7CFFFFF, 0x00000000, 0x01010100, \
0x000D0013, 0x00000000, 0x00000000
D_8098C330: .word 0x00000000, 0x00000000, 0x01000000
D_8098C33C: .word \
0x00000000, 0x00000000, 0x00000000, 0x00000000, \
0x00000000, 0x00000000, 0x00000000, 0x00000000
D_8098C35C: .word \
0x060021C8, 0x3F800000, 0x0000FFFF, 0x00000000, \
0x060021C8, 0x3F800000, 0x0000FFFF, 0x0000FFFA, \
0x06001BD8, 0x3F800000, 0x0000FFFF, 0x00000000, \
0x06000998, 0x3F800000, 0x0000FFFF, 0x0000FFFA, \
0x06001FB0, 0x3F800000, 0x0000FFFF, 0x0200FFFA, \
0x06001FB0, 0x3F800000, 0x0000FFFF, 0x0400FFFA, \
0x06001048, 0x3F800000, 0x0000FFFF, 0x0200FFFA, \
0x06001348, 0x3F800000, 0x0000FFFF, 0x0000FFFA, \
0x06001048, 0x3F800000, 0x0000001B, 0x0200FFFA, \
0x06001048, 0x3F800000, 0x001CFFFF, 0x0200FFFA, \
0x06001048, 0x3F800000, 0x00360036, 0x0200FFFA, \
0x060021C8
D_8098C410: .word \
0xBFC00000, 0xFFFF0000, 0x0000FFFA, 0x06001560, \
0x3F800000, 0x0000FFFF, 0x02000000, 0x06001A84, \
0x3F99999A, 0x0000FFFF, 0x02000000, 0x060017C0
D_8098C440: .word \
0x3F99999A, 0x0000FFFF, 0x02000000, 0x060021C8, \
0x3F000000, 0x0000FFFF, 0x00000000
D_8098C45C: .word 0x30FC03E8
D_8098C460: .word 0x00000000, 0x00000000, 0x00000000
D_8098C46C: .word \
0x00000000, 0x41A00000, 0x00000000, 0x00000000, \
0x00000000

.section .rodata

D_8098C480: .word 0x3DCCCCCD
D_8098C484: .word 0x38000100
D_8098C488: .word 0x4622F983
D_8098C48C: .word 0x4622F983
D_8098C490: .word 0x461C3C00
D_8098C494: .word 0x3F99999A
D_8098C498: .word 0x459C4000
D_8098C49C: .word .L8098C110
.word .L8098C1AC
.word .L8098C0EC
.word .L8098C184
.word .L8098C134
.word .L8098C15C
.word 0x00000000, 0x00000000, 0x00000000


.section .rodata
D_8098C4C0:
.incbin "baserom/En_Dg", 0x3380, 0x00000560
