.include "macro.inc"

# assembler directives
.set noat      # allow manual use of $at
.set noreorder # don't insert nops after branches
.set gp=64     # allow use of 64-bit general purpose registers

.section .text
glabel func_808B1330
/* 00000 808B1330 27BDFFD0 */  addiu   $sp, $sp, 0xFFD0           ## $sp = FFFFFFD0
/* 00004 808B1334 AFB00028 */  sw      $s0, 0x0028($sp)           
/* 00008 808B1338 00808025 */  or      $s0, $a0, $zero            ## $s0 = 00000000
/* 0000C 808B133C AFBF002C */  sw      $ra, 0x002C($sp)           
/* 00010 808B1340 AFA50034 */  sw      $a1, 0x0034($sp)           
/* 00014 808B1344 3C05808B */  lui     $a1, %hi(D_808B4E94)       ## $a1 = 808B0000
/* 00018 808B1348 24A54E94 */  addiu   $a1, $a1, %lo(D_808B4E94)  ## $a1 = 808B4E94
/* 0001C 808B134C 0C03FEB7 */  jal     func_800FFADC              
/* 00020 808B1350 02002025 */  or      $a0, $s0, $zero            ## $a0 = 00000000
/* 00024 808B1354 3C06800B */  lui     $a2, 0x800B                ## $a2 = 800B0000
/* 00028 808B1358 24C63FC0 */  addiu   $a2, $a2, 0x3FC0           ## $a2 = 800B3FC0
/* 0002C 808B135C 260400BC */  addiu   $a0, $s0, 0x00BC           ## $a0 = 000000BC
/* 00030 808B1360 24050000 */  addiu   $a1, $zero, 0x0000         ## $a1 = 00000000
/* 00034 808B1364 0C02CEE9 */  jal     func_800B3BA4              
/* 00038 808B1368 3C0741B0 */  lui     $a3, 0x41B0                ## $a3 = 41B00000
/* 0003C 808B136C 3C060600 */  lui     $a2, 0x0600                ## $a2 = 06000000
/* 00040 808B1370 3C070600 */  lui     $a3, 0x0600                ## $a3 = 06000000
/* 00044 808B1374 260E0198 */  addiu   $t6, $s0, 0x0198           ## $t6 = 00000198
/* 00048 808B1378 260F01C8 */  addiu   $t7, $s0, 0x01C8           ## $t7 = 000001C8
/* 0004C 808B137C 24180008 */  addiu   $t8, $zero, 0x0008         ## $t8 = 00000008
/* 00050 808B1380 AFB80018 */  sw      $t8, 0x0018($sp)           
/* 00054 808B1384 AFAF0014 */  sw      $t7, 0x0014($sp)           
/* 00058 808B1388 AFAE0010 */  sw      $t6, 0x0010($sp)           
/* 0005C 808B138C 24E702B8 */  addiu   $a3, $a3, 0x02B8           ## $a3 = 060002B8
/* 00060 808B1390 24C62A40 */  addiu   $a2, $a2, 0x2A40           ## $a2 = 06002A40
/* 00064 808B1394 8FA40034 */  lw      $a0, 0x0034($sp)           
/* 00068 808B1398 0C04DA9F */  jal     func_80136A7C              
/* 0006C 808B139C 26050144 */  addiu   $a1, $s0, 0x0144           ## $a1 = 00000144
/* 00070 808B13A0 3C07808B */  lui     $a3, %hi(D_808B4E5C)       ## $a3 = 808B0000
/* 00074 808B13A4 2619025C */  addiu   $t9, $s0, 0x025C           ## $t9 = 0000025C
/* 00078 808B13A8 24E74E5C */  addiu   $a3, $a3, %lo(D_808B4E5C)  ## $a3 = 808B4E5C
/* 0007C 808B13AC AFB90010 */  sw      $t9, 0x0010($sp)           
/* 00080 808B13B0 8FA40034 */  lw      $a0, 0x0034($sp)           
/* 00084 808B13B4 2605023C */  addiu   $a1, $s0, 0x023C           ## $a1 = 0000023C
/* 00088 808B13B8 0C0383C5 */  jal     func_800E0F14              
/* 0008C 808B13BC 02003025 */  or      $a2, $s0, $zero            ## $a2 = 00000000
/* 00090 808B13C0 3C05808B */  lui     $a1, %hi(D_808B4E74)       ## $a1 = 808B0000
/* 00094 808B13C4 3C06808B */  lui     $a2, %hi(D_808B4E6C)       ## $a2 = 808B0000
/* 00098 808B13C8 24C64E6C */  addiu   $a2, $a2, %lo(D_808B4E6C)  ## $a2 = 808B4E6C
/* 0009C 808B13CC 24A54E74 */  addiu   $a1, $a1, %lo(D_808B4E74)  ## $a1 = 808B4E74
/* 000A0 808B13D0 0C039D4C */  jal     func_800E7530              
/* 000A4 808B13D4 260400A0 */  addiu   $a0, $s0, 0x00A0           ## $a0 = 000000A0
/* 000A8 808B13D8 8608001C */  lh      $t0, 0x001C($s0)           ## 0000001C
/* 000AC 808B13DC 24050001 */  addiu   $a1, $zero, 0x0001         ## $a1 = 00000001
/* 000B0 808B13E0 3C07808B */  lui     $a3, %hi(D_808B4E5C)       ## $a3 = 808B0000
/* 000B4 808B13E4 14A80029 */  bne     $a1, $t0, .L808B148C       
/* 000B8 808B13E8 24E74E5C */  addiu   $a3, $a3, %lo(D_808B4E5C)  ## $a3 = 808B4E5C
/* 000BC 808B13EC 3C014020 */  lui     $at, 0x4020                ## $at = 40200000
/* 000C0 808B13F0 44812000 */  mtc1    $at, $f4                   ## $f4 = 2.50
/* 000C4 808B13F4 3C05808B */  lui     $a1, %hi(D_808B4D60)       ## $a1 = 808B0000
/* 000C8 808B13F8 24A54D60 */  addiu   $a1, $a1, %lo(D_808B4D60)  ## $a1 = 808B4D60
/* 000CC 808B13FC E60401F8 */  swc1    $f4, 0x01F8($s0)           ## 000001F8
/* 000D0 808B1400 8CE90008 */  lw      $t1, 0x0008($a3)           ## 808B4E64
/* 000D4 808B1404 00002025 */  or      $a0, $zero, $zero          ## $a0 = 00000000
/* 000D8 808B1408 24190004 */  addiu   $t9, $zero, 0x0004         ## $t9 = 00000004
/* 000DC 808B140C 1920001A */  blez    $t1, .L808B1478            
/* 000E0 808B1410 24080008 */  addiu   $t0, $zero, 0x0008         ## $t0 = 00000008
/* 000E4 808B1414 3C014020 */  lui     $at, 0x4020                ## $at = 40200000
/* 000E8 808B1418 44810000 */  mtc1    $at, $f0                   ## $f0 = 2.50
/* 000EC 808B141C 00001025 */  or      $v0, $zero, $zero          ## $v0 = 00000000
/* 000F0 808B1420 84AA0020 */  lh      $t2, 0x0020($a1)           ## 808B4D80
.L808B1424:
/* 000F4 808B1424 8E0C0258 */  lw      $t4, 0x0258($s0)           ## 00000258
/* 000F8 808B1428 24840001 */  addiu   $a0, $a0, 0x0001           ## $a0 = 00000001
/* 000FC 808B142C 448A3000 */  mtc1    $t2, $f6                   ## $f6 = 0.00
/* 00100 808B1430 01826821 */  addu    $t5, $t4, $v0              
/* 00104 808B1434 24A50024 */  addiu   $a1, $a1, 0x0024           ## $a1 = 808B4D84
/* 00108 808B1438 46803220 */  cvt.s.w $f8, $f6                   
/* 0010C 808B143C 46004282 */  mul.s   $f10, $f8, $f0             
/* 00110 808B1440 4600540D */  trunc.w.s $f16, $f10                 
/* 00114 808B1444 44038000 */  mfc1    $v1, $f16                  
/* 00118 808B1448 00000000 */  nop
/* 0011C 808B144C 00031C00 */  sll     $v1, $v1, 16               
/* 00120 808B1450 00031C03 */  sra     $v1, $v1, 16               
/* 00124 808B1454 A5A3002E */  sh      $v1, 0x002E($t5)           ## 0000002E
/* 00128 808B1458 8E0E0258 */  lw      $t6, 0x0258($s0)           ## 00000258
/* 0012C 808B145C 01C27821 */  addu    $t7, $t6, $v0              
/* 00130 808B1460 A5E30036 */  sh      $v1, 0x0036($t7)           ## 00000036
/* 00134 808B1464 8CF80008 */  lw      $t8, 0x0008($a3)           ## 808B4E64
/* 00138 808B1468 24420040 */  addiu   $v0, $v0, 0x0040           ## $v0 = 00000040
/* 0013C 808B146C 0098082A */  slt     $at, $a0, $t8              
/* 00140 808B1470 5420FFEC */  bnel    $at, $zero, .L808B1424     
/* 00144 808B1474 84AA0020 */  lh      $t2, 0x0020($a1)           ## 808B4DA4
.L808B1478:
/* 00148 808B1478 24090002 */  addiu   $t1, $zero, 0x0002         ## $t1 = 00000002
/* 0014C 808B147C A21900B7 */  sb      $t9, 0x00B7($s0)           ## 000000B7
/* 00150 808B1480 A208011F */  sb      $t0, 0x011F($s0)           ## 0000011F
/* 00154 808B1484 10000016 */  beq     $zero, $zero, .L808B14E0   
/* 00158 808B1488 A209001F */  sb      $t1, 0x001F($s0)           ## 0000001F
.L808B148C:
/* 0015C 808B148C 3C013F80 */  lui     $at, 0x3F80                ## $at = 3F800000
/* 00160 808B1490 44819000 */  mtc1    $at, $f18                  ## $f18 = 1.00
/* 00164 808B1494 00002025 */  or      $a0, $zero, $zero          ## $a0 = 00000000
/* 00168 808B1498 00001025 */  or      $v0, $zero, $zero          ## $v0 = 00000000
/* 0016C 808B149C E61201F8 */  swc1    $f18, 0x01F8($s0)          ## 000001F8
/* 00170 808B14A0 8CEA0008 */  lw      $t2, 0x0008($a3)           ## 808B4E64
/* 00174 808B14A4 240E0007 */  addiu   $t6, $zero, 0x0007         ## $t6 = 00000007
/* 00178 808B14A8 5940000C */  blezl   $t2, .L808B14DC            
/* 0017C 808B14AC A20E011F */  sb      $t6, 0x011F($s0)           ## 0000011F
/* 00180 808B14B0 8E0B0258 */  lw      $t3, 0x0258($s0)           ## 00000258
.L808B14B4:
/* 00184 808B14B4 24840001 */  addiu   $a0, $a0, 0x0001           ## $a0 = 00000001
/* 00188 808B14B8 01621821 */  addu    $v1, $t3, $v0              
/* 0018C 808B14BC 846C002E */  lh      $t4, 0x002E($v1)           ## 0000002E
/* 00190 808B14C0 24420040 */  addiu   $v0, $v0, 0x0040           ## $v0 = 00000040
/* 00194 808B14C4 A46C0036 */  sh      $t4, 0x0036($v1)           ## 00000036
/* 00198 808B14C8 8CED0008 */  lw      $t5, 0x0008($a3)           ## 808B4E64
/* 0019C 808B14CC 008D082A */  slt     $at, $a0, $t5              
/* 001A0 808B14D0 5420FFF8 */  bnel    $at, $zero, .L808B14B4     
/* 001A4 808B14D4 8E0B0258 */  lw      $t3, 0x0258($s0)           ## 00000258
/* 001A8 808B14D8 A20E011F */  sb      $t6, 0x011F($s0)           ## 0000011F
.L808B14DC:
/* 001AC 808B14DC A205001F */  sb      $a1, 0x001F($s0)           ## 0000001F
.L808B14E0:
/* 001B0 808B14E0 0C22C62A */  jal     func_808B18A8              
/* 001B4 808B14E4 02002025 */  or      $a0, $s0, $zero            ## $a0 = 00000000
/* 001B8 808B14E8 A600018E */  sh      $zero, 0x018E($s0)         ## 0000018E
/* 001BC 808B14EC AE000238 */  sw      $zero, 0x0238($s0)         ## 00000238
/* 001C0 808B14F0 8FBF002C */  lw      $ra, 0x002C($sp)           
/* 001C4 808B14F4 8FB00028 */  lw      $s0, 0x0028($sp)           
/* 001C8 808B14F8 27BD0030 */  addiu   $sp, $sp, 0x0030           ## $sp = 00000000
/* 001CC 808B14FC 03E00008 */  jr      $ra                        
/* 001D0 808B1500 00000000 */  nop


glabel func_808B1504
/* 001D4 808B1504 27BDFFE8 */  addiu   $sp, $sp, 0xFFE8           ## $sp = FFFFFFE8
/* 001D8 808B1508 AFBF0014 */  sw      $ra, 0x0014($sp)           
/* 001DC 808B150C 00803025 */  or      $a2, $a0, $zero            ## $a2 = 00000000
/* 001E0 808B1510 00A03825 */  or      $a3, $a1, $zero            ## $a3 = 00000000
/* 001E4 808B1514 00E02025 */  or      $a0, $a3, $zero            ## $a0 = 00000000
/* 001E8 808B1518 0C038306 */  jal     func_800E0C18              
/* 001EC 808B151C 24C5023C */  addiu   $a1, $a2, 0x023C           ## $a1 = 0000023C
/* 001F0 808B1520 8FBF0014 */  lw      $ra, 0x0014($sp)           
/* 001F4 808B1524 27BD0018 */  addiu   $sp, $sp, 0x0018           ## $sp = 00000000
/* 001F8 808B1528 03E00008 */  jr      $ra                        
/* 001FC 808B152C 00000000 */  nop


glabel func_808B1530
/* 00200 808B1530 8C830258 */  lw      $v1, 0x0258($a0)           ## 00000258
/* 00204 808B1534 24020003 */  addiu   $v0, $zero, 0x0003         ## $v0 = 00000003
/* 00208 808B1538 906E0056 */  lbu     $t6, 0x0056($v1)           ## 00000056
/* 0020C 808B153C 24630040 */  addiu   $v1, $v1, 0x0040           ## $v1 = 00000040
/* 00210 808B1540 31CFFFFE */  andi    $t7, $t6, 0xFFFE           ## $t7 = 00000000
/* 00214 808B1544 A06F0016 */  sb      $t7, 0x0016($v1)           ## 00000056
/* 00218 808B1548 8C830258 */  lw      $v1, 0x0258($a0)           ## 00000258
/* 0021C 808B154C 90780096 */  lbu     $t8, 0x0096($v1)           ## 000000D6
/* 00220 808B1550 24630040 */  addiu   $v1, $v1, 0x0040           ## $v1 = 00000080
/* 00224 808B1554 3319FFFE */  andi    $t9, $t8, 0xFFFE           ## $t9 = 00000000
/* 00228 808B1558 A0790056 */  sb      $t9, 0x0056($v1)           ## 000000D6
/* 0022C 808B155C 8C880258 */  lw      $t0, 0x0258($a0)           ## 00000258
/* 00230 808B1560 00021980 */  sll     $v1, $v0,  6               
/* 00234 808B1564 01032821 */  addu    $a1, $t0, $v1              
/* 00238 808B1568 90A90016 */  lbu     $t1, 0x0016($a1)           ## 00000016
/* 0023C 808B156C 312AFFFE */  andi    $t2, $t1, 0xFFFE           ## $t2 = 00000000
/* 00240 808B1570 A0AA0016 */  sb      $t2, 0x0016($a1)           ## 00000016
/* 00244 808B1574 8C8B0258 */  lw      $t3, 0x0258($a0)           ## 00000258
/* 00248 808B1578 01632821 */  addu    $a1, $t3, $v1              
/* 0024C 808B157C 90AC0056 */  lbu     $t4, 0x0056($a1)           ## 00000056
/* 00250 808B1580 318DFFFE */  andi    $t5, $t4, 0xFFFE           ## $t5 = 00000000
/* 00254 808B1584 A0AD0056 */  sb      $t5, 0x0056($a1)           ## 00000056
/* 00258 808B1588 8C8E0258 */  lw      $t6, 0x0258($a0)           ## 00000258
/* 0025C 808B158C 01C32821 */  addu    $a1, $t6, $v1              
/* 00260 808B1590 90AF0096 */  lbu     $t7, 0x0096($a1)           ## 00000096
/* 00264 808B1594 31F8FFFE */  andi    $t8, $t7, 0xFFFE           ## $t8 = 00000000
/* 00268 808B1598 A0B80096 */  sb      $t8, 0x0096($a1)           ## 00000096
/* 0026C 808B159C 8C990258 */  lw      $t9, 0x0258($a0)           ## 00000258
/* 00270 808B15A0 03232821 */  addu    $a1, $t9, $v1              
/* 00274 808B15A4 90A800D6 */  lbu     $t0, 0x00D6($a1)           ## 000000D6
/* 00278 808B15A8 3109FFFE */  andi    $t1, $t0, 0xFFFE           ## $t1 = 00000000
/* 0027C 808B15AC A0A900D6 */  sb      $t1, 0x00D6($a1)           ## 000000D6
/* 00280 808B15B0 03E00008 */  jr      $ra                        
/* 00284 808B15B4 00000000 */  nop


glabel func_808B15B8
/* 00288 808B15B8 27BDFFD0 */  addiu   $sp, $sp, 0xFFD0           ## $sp = FFFFFFD0
/* 0028C 808B15BC AFB00018 */  sw      $s0, 0x0018($sp)           
/* 00290 808B15C0 00808025 */  or      $s0, $a0, $zero            ## $s0 = 00000000
/* 00294 808B15C4 AFBF001C */  sw      $ra, 0x001C($sp)           
/* 00298 808B15C8 0C03FB51 */  jal     func_800FED44              
/* 0029C 808B15CC 86040194 */  lh      $a0, 0x0194($s0)           ## 00000194
/* 002A0 808B15D0 E7A00024 */  swc1    $f0, 0x0024($sp)           
/* 002A4 808B15D4 0C03FB51 */  jal     func_800FED44              
/* 002A8 808B15D8 86040192 */  lh      $a0, 0x0192($s0)           ## 00000192
/* 002AC 808B15DC E7A00028 */  swc1    $f0, 0x0028($sp)           
/* 002B0 808B15E0 0C03FB51 */  jal     func_800FED44              
/* 002B4 808B15E4 86040196 */  lh      $a0, 0x0196($s0)           ## 00000196
/* 002B8 808B15E8 C7A40028 */  lwc1    $f4, 0x0028($sp)           
/* 002BC 808B15EC C7A60024 */  lwc1    $f6, 0x0024($sp)           
/* 002C0 808B15F0 3C0141A0 */  lui     $at, 0x41A0                ## $at = 41A00000
/* 002C4 808B15F4 44818000 */  mtc1    $at, $f16                  ## $f16 = 20.00
/* 002C8 808B15F8 46062200 */  add.s   $f8, $f4, $f6              
/* 002CC 808B15FC 46080280 */  add.s   $f10, $f0, $f8             
/* 002D0 808B1600 46105482 */  mul.s   $f18, $f10, $f16           
/* 002D4 808B1604 E7B2002C */  swc1    $f18, 0x002C($sp)          
/* 002D8 808B1608 0C03FB61 */  jal     func_800FED84              
/* 002DC 808B160C 860400BE */  lh      $a0, 0x00BE($s0)           ## 000000BE
/* 002E0 808B1610 C7A4002C */  lwc1    $f4, 0x002C($sp)           
/* 002E4 808B1614 C60601F8 */  lwc1    $f6, 0x01F8($s0)           ## 000001F8
/* 002E8 808B1618 C6100008 */  lwc1    $f16, 0x0008($s0)          ## 00000008
/* 002EC 808B161C 86040194 */  lh      $a0, 0x0194($s0)           ## 00000194
/* 002F0 808B1620 46062202 */  mul.s   $f8, $f4, $f6              
/* 002F4 808B1624 00000000 */  nop
/* 002F8 808B1628 46080282 */  mul.s   $f10, $f0, $f8             
/* 002FC 808B162C 46105480 */  add.s   $f18, $f10, $f16           
/* 00300 808B1630 0C03FB61 */  jal     func_800FED84              
/* 00304 808B1634 E6120024 */  swc1    $f18, 0x0024($s0)          ## 00000024
/* 00308 808B1638 E7A00024 */  swc1    $f0, 0x0024($sp)           
/* 0030C 808B163C 0C03FB61 */  jal     func_800FED84              
/* 00310 808B1640 86040192 */  lh      $a0, 0x0192($s0)           ## 00000192
/* 00314 808B1644 E7A00028 */  swc1    $f0, 0x0028($sp)           
/* 00318 808B1648 0C03FB61 */  jal     func_800FED84              
/* 0031C 808B164C 86040196 */  lh      $a0, 0x0196($s0)           ## 00000196
/* 00320 808B1650 C7A40028 */  lwc1    $f4, 0x0028($sp)           
/* 00324 808B1654 C7A60024 */  lwc1    $f6, 0x0024($sp)           
/* 00328 808B1658 3C0141A0 */  lui     $at, 0x41A0                ## $at = 41A00000
/* 0032C 808B165C 44818000 */  mtc1    $at, $f16                  ## $f16 = 20.00
/* 00330 808B1660 46062200 */  add.s   $f8, $f4, $f6              
/* 00334 808B1664 C60401F8 */  lwc1    $f4, 0x01F8($s0)           ## 000001F8
/* 00338 808B1668 860400BE */  lh      $a0, 0x00BE($s0)           ## 000000BE
/* 0033C 808B166C 46080280 */  add.s   $f10, $f0, $f8             
/* 00340 808B1670 C608000C */  lwc1    $f8, 0x000C($s0)           ## 0000000C
/* 00344 808B1674 46105482 */  mul.s   $f18, $f10, $f16           
/* 00348 808B1678 00000000 */  nop
/* 0034C 808B167C 46049182 */  mul.s   $f6, $f18, $f4             
/* 00350 808B1680 46064281 */  sub.s   $f10, $f8, $f6             
/* 00354 808B1684 0C03FB51 */  jal     func_800FED44              
/* 00358 808B1688 E60A0028 */  swc1    $f10, 0x0028($s0)          ## 00000028
/* 0035C 808B168C C7B0002C */  lwc1    $f16, 0x002C($sp)          
/* 00360 808B1690 C61201F8 */  lwc1    $f18, 0x01F8($s0)          ## 000001F8
/* 00364 808B1694 C6060010 */  lwc1    $f6, 0x0010($s0)           ## 00000010
/* 00368 808B1698 46128102 */  mul.s   $f4, $f16, $f18            
/* 0036C 808B169C 00000000 */  nop
/* 00370 808B16A0 46040202 */  mul.s   $f8, $f0, $f4              
/* 00374 808B16A4 46064280 */  add.s   $f10, $f8, $f6             
/* 00378 808B16A8 E60A002C */  swc1    $f10, 0x002C($s0)          ## 0000002C
/* 0037C 808B16AC 8FBF001C */  lw      $ra, 0x001C($sp)           
/* 00380 808B16B0 8FB00018 */  lw      $s0, 0x0018($sp)           
/* 00384 808B16B4 03E00008 */  jr      $ra                        
/* 00388 808B16B8 27BD0030 */  addiu   $sp, $sp, 0x0030           ## $sp = 00000000


glabel func_808B16BC
/* 0038C 808B16BC 27BDFFC8 */  addiu   $sp, $sp, 0xFFC8           ## $sp = FFFFFFC8
/* 00390 808B16C0 AFB00030 */  sw      $s0, 0x0030($sp)           
/* 00394 808B16C4 00808025 */  or      $s0, $a0, $zero            ## $s0 = 00000000
/* 00398 808B16C8 AFBF0034 */  sw      $ra, 0x0034($sp)           
/* 0039C 808B16CC AFA60040 */  sw      $a2, 0x0040($sp)           
/* 003A0 808B16D0 920200B9 */  lbu     $v0, 0x00B9($s0)           ## 000000B9
/* 003A4 808B16D4 24010002 */  addiu   $at, $zero, 0x0002         ## $at = 00000002
/* 003A8 808B16D8 14410008 */  bne     $v0, $at, .L808B16FC       
/* 003AC 808B16DC 3C013F40 */  lui     $at, 0x3F40                ## $at = 3F400000
/* 003B0 808B16E0 44812000 */  mtc1    $at, $f4                   ## $f4 = 0.75
/* 003B4 808B16E4 3C014080 */  lui     $at, 0x4080                ## $at = 40800000
/* 003B8 808B16E8 44813000 */  mtc1    $at, $f6                   ## $f6 = 4.00
/* 003BC 808B16EC A200018C */  sb      $zero, 0x018C($s0)         ## 0000018C
/* 003C0 808B16F0 E6040200 */  swc1    $f4, 0x0200($s0)           ## 00000200
/* 003C4 808B16F4 10000023 */  beq     $zero, $zero, .L808B1784   
/* 003C8 808B16F8 E60601FC */  swc1    $f6, 0x01FC($s0)           ## 000001FC
.L808B16FC:
/* 003CC 808B16FC 24010004 */  addiu   $at, $zero, 0x0004         ## $at = 00000004
/* 003D0 808B1700 14410020 */  bne     $v0, $at, .L808B1784       
/* 003D4 808B1704 240E0014 */  addiu   $t6, $zero, 0x0014         ## $t6 = 00000014
/* 003D8 808B1708 3C013F40 */  lui     $at, 0x3F40                ## $at = 3F400000
/* 003DC 808B170C 44814000 */  mtc1    $at, $f8                   ## $f8 = 0.75
/* 003E0 808B1710 3C014080 */  lui     $at, 0x4080                ## $at = 40800000
/* 003E4 808B1714 44815000 */  mtc1    $at, $f10                  ## $f10 = 4.00
/* 003E8 808B1718 A20E018C */  sb      $t6, 0x018C($s0)           ## 0000018C
/* 003EC 808B171C E6080200 */  swc1    $f8, 0x0200($s0)           ## 00000200
/* 003F0 808B1720 E60A01FC */  swc1    $f10, 0x01FC($s0)          ## 000001FC
/* 003F4 808B1724 8FB80040 */  lw      $t8, 0x0040($sp)           
/* 003F8 808B1728 8E0F0258 */  lw      $t7, 0x0258($s0)           ## 00000258
/* 003FC 808B172C 240B0003 */  addiu   $t3, $zero, 0x0003         ## $t3 = 00000003
/* 00400 808B1730 0018C980 */  sll     $t9, $t8,  6               
/* 00404 808B1734 01F91021 */  addu    $v0, $t7, $t9              
/* 00408 808B1738 84490010 */  lh      $t1, 0x0010($v0)           ## 00000010
/* 0040C 808B173C 8448000E */  lh      $t0, 0x000E($v0)           ## 0000000E
/* 00410 808B1740 24A41CA0 */  addiu   $a0, $a1, 0x1CA0           ## $a0 = 00001CA0
/* 00414 808B1744 44899000 */  mtc1    $t1, $f18                  ## $f18 = 0.00
/* 00418 808B1748 44888000 */  mtc1    $t0, $f16                  ## $f16 = 0.00
/* 0041C 808B174C 240600A2 */  addiu   $a2, $zero, 0x00A2         ## $a2 = 000000A2
/* 00420 808B1750 46809120 */  cvt.s.w $f4, $f18                  
/* 00424 808B1754 46808420 */  cvt.s.w $f16, $f16                 
/* 00428 808B1758 E7A40010 */  swc1    $f4, 0x0010($sp)           
/* 0042C 808B175C 844A0012 */  lh      $t2, 0x0012($v0)           ## 00000012
/* 00430 808B1760 AFAB0024 */  sw      $t3, 0x0024($sp)           
/* 00434 808B1764 AFA00020 */  sw      $zero, 0x0020($sp)         
/* 00438 808B1768 448A3000 */  mtc1    $t2, $f6                   ## $f6 = 0.00
/* 0043C 808B176C 44078000 */  mfc1    $a3, $f16                  
/* 00440 808B1770 AFA0001C */  sw      $zero, 0x001C($sp)         
/* 00444 808B1774 46803220 */  cvt.s.w $f8, $f6                   
/* 00448 808B1778 AFA00018 */  sw      $zero, 0x0018($sp)         
/* 0044C 808B177C 0C02EB18 */  jal     func_800BAC60              
/* 00450 808B1780 E7A80014 */  swc1    $f8, 0x0014($sp)           
.L808B1784:
/* 00454 808B1784 8FBF0034 */  lw      $ra, 0x0034($sp)           
/* 00458 808B1788 8FB00030 */  lw      $s0, 0x0030($sp)           
/* 0045C 808B178C 27BD0038 */  addiu   $sp, $sp, 0x0038           ## $sp = 00000000
/* 00460 808B1790 03E00008 */  jr      $ra                        
/* 00464 808B1794 00000000 */  nop


glabel func_808B1798
/* 00468 808B1798 27BDFFE0 */  addiu   $sp, $sp, 0xFFE0           ## $sp = FFFFFFE0
/* 0046C 808B179C AFBF001C */  sw      $ra, 0x001C($sp)           
/* 00470 808B17A0 3C013F40 */  lui     $at, 0x3F40                ## $at = 3F400000
/* 00474 808B17A4 44812000 */  mtc1    $at, $f4                   ## $f4 = 0.75
/* 00478 808B17A8 3C013F90 */  lui     $at, 0x3F90                ## $at = 3F900000
/* 0047C 808B17AC 44813000 */  mtc1    $at, $f6                   ## $f6 = 1.12
/* 00480 808B17B0 3C013F80 */  lui     $at, 0x3F80                ## $at = 3F800000
/* 00484 808B17B4 44814000 */  mtc1    $at, $f8                   ## $f8 = 1.00
/* 00488 808B17B8 8C990004 */  lw      $t9, 0x0004($a0)           ## 00000004
/* 0048C 808B17BC 2401FBFF */  addiu   $at, $zero, 0xFBFF         ## $at = FFFFFBFF
/* 00490 808B17C0 240E000A */  addiu   $t6, $zero, 0x000A         ## $t6 = 0000000A
/* 00494 808B17C4 240F0003 */  addiu   $t7, $zero, 0x0003         ## $t7 = 00000003
/* 00498 808B17C8 24180050 */  addiu   $t8, $zero, 0x0050         ## $t8 = 00000050
/* 0049C 808B17CC 03214024 */  and     $t0, $t9, $at              
/* 004A0 808B17D0 A08E018C */  sb      $t6, 0x018C($a0)           ## 0000018C
/* 004A4 808B17D4 A08F0250 */  sb      $t7, 0x0250($a0)           ## 00000250
/* 004A8 808B17D8 A498018E */  sh      $t8, 0x018E($a0)           ## 0000018E
/* 004AC 808B17DC AC880004 */  sw      $t0, 0x0004($a0)           ## 00000004
/* 004B0 808B17E0 24090050 */  addiu   $t1, $zero, 0x0050         ## $t1 = 00000050
/* 004B4 808B17E4 E4840200 */  swc1    $f4, 0x0200($a0)           ## 00000200
/* 004B8 808B17E8 E4860204 */  swc1    $f6, 0x0204($a0)           ## 00000204
/* 004BC 808B17EC E48801FC */  swc1    $f8, 0x01FC($a0)           ## 000001FC
/* 004C0 808B17F0 AFA90010 */  sw      $t1, 0x0010($sp)           
/* 004C4 808B17F4 24054000 */  addiu   $a1, $zero, 0x4000         ## $a1 = 00004000
/* 004C8 808B17F8 240600FF */  addiu   $a2, $zero, 0x00FF         ## $a2 = 000000FF
/* 004CC 808B17FC 0C02F2DC */  jal     func_800BCB70              
/* 004D0 808B1800 00003825 */  or      $a3, $zero, $zero          ## $a3 = 00000000
/* 004D4 808B1804 8FBF001C */  lw      $ra, 0x001C($sp)           
/* 004D8 808B1808 27BD0020 */  addiu   $sp, $sp, 0x0020           ## $sp = 00000000
/* 004DC 808B180C 03E00008 */  jr      $ra                        
/* 004E0 808B1810 00000000 */  nop


glabel func_808B1814
/* 004E4 808B1814 27BDFFD0 */  addiu   $sp, $sp, 0xFFD0           ## $sp = FFFFFFD0
/* 004E8 808B1818 AFB00028 */  sw      $s0, 0x0028($sp)           
/* 004EC 808B181C 00808025 */  or      $s0, $a0, $zero            ## $s0 = 00000000
/* 004F0 808B1820 AFBF002C */  sw      $ra, 0x002C($sp)           
/* 004F4 808B1824 AFA50034 */  sw      $a1, 0x0034($sp)           
/* 004F8 808B1828 920E018C */  lbu     $t6, 0x018C($s0)           ## 0000018C
/* 004FC 808B182C 2401000A */  addiu   $at, $zero, 0x000A         ## $at = 0000000A
/* 00500 808B1830 240F0006 */  addiu   $t7, $zero, 0x0006         ## $t7 = 00000006
/* 00504 808B1834 15C10017 */  bne     $t6, $at, .L808B1894       
/* 00508 808B1838 24180004 */  addiu   $t8, $zero, 0x0004         ## $t8 = 00000004
/* 0050C 808B183C 44802000 */  mtc1    $zero, $f4                 ## $f4 = 0.00
/* 00510 808B1840 A200018C */  sb      $zero, 0x018C($s0)         ## 0000018C
/* 00514 808B1844 A20F0250 */  sb      $t7, 0x0250($s0)           ## 00000250
/* 00518 808B1848 E60401FC */  swc1    $f4, 0x01FC($s0)           ## 000001FC
/* 0051C 808B184C AFB80010 */  sw      $t8, 0x0010($sp)           
/* 00520 808B1850 3C01808B */  lui     $at, %hi(D_808B4EB0)       ## $at = 808B0000
/* 00524 808B1854 C4264EB0 */  lwc1    $f6, %lo(D_808B4EB0)($at)  
/* 00528 808B1858 C60001F8 */  lwc1    $f0, 0x01F8($s0)           ## 000001F8
/* 0052C 808B185C 3C01808B */  lui     $at, %hi(D_808B4EB4)       ## $at = 808B0000
/* 00530 808B1860 C42A4EB4 */  lwc1    $f10, %lo(D_808B4EB4)($at) 
/* 00534 808B1864 46060202 */  mul.s   $f8, $f0, $f6              
/* 00538 808B1868 8FA40034 */  lw      $a0, 0x0034($sp)           
/* 0053C 808B186C 02002825 */  or      $a1, $s0, $zero            ## $a1 = 00000000
/* 00540 808B1870 460A0402 */  mul.s   $f16, $f0, $f10            
/* 00544 808B1874 26060208 */  addiu   $a2, $s0, 0x0208           ## $a2 = 00000208
/* 00548 808B1878 24070004 */  addiu   $a3, $zero, 0x0004         ## $a3 = 00000004
/* 0054C 808B187C E7A80014 */  swc1    $f8, 0x0014($sp)           
/* 00550 808B1880 0C02FDF3 */  jal     func_800BF7CC              
/* 00554 808B1884 E7B00018 */  swc1    $f16, 0x0018($sp)          
/* 00558 808B1888 8E190004 */  lw      $t9, 0x0004($s0)           ## 00000004
/* 0055C 808B188C 37280400 */  ori     $t0, $t9, 0x0400           ## $t0 = 00000400
/* 00560 808B1890 AE080004 */  sw      $t0, 0x0004($s0)           ## 00000004
.L808B1894:
/* 00564 808B1894 8FBF002C */  lw      $ra, 0x002C($sp)           
/* 00568 808B1898 8FB00028 */  lw      $s0, 0x0028($sp)           
/* 0056C 808B189C 27BD0030 */  addiu   $sp, $sp, 0x0030           ## $sp = 00000000
/* 00570 808B18A0 03E00008 */  jr      $ra                        
/* 00574 808B18A4 00000000 */  nop


glabel func_808B18A8
/* 00578 808B18A8 27BDFFE8 */  addiu   $sp, $sp, 0xFFE8           ## $sp = FFFFFFE8
/* 0057C 808B18AC AFBF0014 */  sw      $ra, 0x0014($sp)           
/* 00580 808B18B0 3C014160 */  lui     $at, 0x4160                ## $at = 41600000
/* 00584 808B18B4 44815000 */  mtc1    $at, $f10                  ## $f10 = 14.00
/* 00588 808B18B8 C48001F8 */  lwc1    $f0, 0x01F8($a0)           ## 000001F8
/* 0058C 808B18BC C488000C */  lwc1    $f8, 0x000C($a0)           ## 0000000C
/* 00590 808B18C0 240EC000 */  addiu   $t6, $zero, 0xC000         ## $t6 = FFFFC000
/* 00594 808B18C4 46005402 */  mul.s   $f16, $f10, $f0            
/* 00598 808B18C8 A48E00BC */  sh      $t6, 0x00BC($a0)           ## 000000BC
/* 0059C 808B18CC 848200BC */  lh      $v0, 0x00BC($a0)           ## 000000BC
/* 005A0 808B18D0 C4840008 */  lwc1    $f4, 0x0008($a0)           ## 00000008
/* 005A4 808B18D4 C4860010 */  lwc1    $f6, 0x0010($a0)           ## 00000010
/* 005A8 808B18D8 3C01808B */  lui     $at, %hi(D_808B4EB8)       ## $at = 808B0000
/* 005AC 808B18DC A4820196 */  sh      $v0, 0x0196($a0)           ## 00000196
/* 005B0 808B18E0 46104480 */  add.s   $f18, $f8, $f16            
/* 005B4 808B18E4 A4820194 */  sh      $v0, 0x0194($a0)           ## 00000194
/* 005B8 808B18E8 A4820192 */  sh      $v0, 0x0192($a0)           ## 00000192
/* 005BC 808B18EC E4840024 */  swc1    $f4, 0x0024($a0)           ## 00000024
/* 005C0 808B18F0 E4920028 */  swc1    $f18, 0x0028($a0)          ## 00000028
/* 005C4 808B18F4 E486002C */  swc1    $f6, 0x002C($a0)           ## 0000002C
/* 005C8 808B18F8 C4244EB8 */  lwc1    $f4, %lo(D_808B4EB8)($at)  
/* 005CC 808B18FC 3C013F00 */  lui     $at, 0x3F00                ## $at = 3F000000
/* 005D0 808B1900 44815000 */  mtc1    $at, $f10                  ## $f10 = 0.50
/* 005D4 808B1904 46040182 */  mul.s   $f6, $f0, $f4              
/* 005D8 808B1908 AFA40018 */  sw      $a0, 0x0018($sp)           
/* 005DC 808B190C 460A3202 */  mul.s   $f8, $f6, $f10             
/* 005E0 808B1910 44054000 */  mfc1    $a1, $f8                   
/* 005E4 808B1914 0C02D9F8 */  jal     func_800B67E0              
/* 005E8 808B1918 00000000 */  nop
/* 005EC 808B191C 8FA40018 */  lw      $a0, 0x0018($sp)           
/* 005F0 808B1920 240F000C */  addiu   $t7, $zero, 0x000C         ## $t7 = 0000000C
/* 005F4 808B1924 2408002D */  addiu   $t0, $zero, 0x002D         ## $t0 = 0000002D
/* 005F8 808B1928 C4900024 */  lwc1    $f16, 0x0024($a0)          ## 00000024
/* 005FC 808B192C 9098024D */  lbu     $t8, 0x024D($a0)           ## 0000024D
/* 00600 808B1930 8C820258 */  lw      $v0, 0x0258($a0)           ## 00000258
/* 00604 808B1934 4600848D */  trunc.w.s $f18, $f16                 
/* 00608 808B1938 37190004 */  ori     $t9, $t8, 0x0004           ## $t9 = 00000004
/* 0060C 808B193C A08F0250 */  sb      $t7, 0x0250($a0)           ## 00000250
/* 00610 808B1940 A099024D */  sb      $t9, 0x024D($a0)           ## 0000024D
/* 00614 808B1944 440A9000 */  mfc1    $t2, $f18                  
/* 00618 808B1948 A488018E */  sh      $t0, 0x018E($a0)           ## 0000018E
/* 0061C 808B194C 24420040 */  addiu   $v0, $v0, 0x0040           ## $v0 = 00000040
/* 00620 808B1950 A44A0030 */  sh      $t2, 0x0030($v0)           ## 00000070
/* 00624 808B1954 C4840028 */  lwc1    $f4, 0x0028($a0)           ## 00000028
/* 00628 808B1958 24050003 */  addiu   $a1, $zero, 0x0003         ## $a1 = 00000003
/* 0062C 808B195C 00051980 */  sll     $v1, $a1,  6               
/* 00630 808B1960 4600218D */  trunc.w.s $f6, $f4                   
/* 00634 808B1964 440C3000 */  mfc1    $t4, $f6                   
/* 00638 808B1968 00000000 */  nop
/* 0063C 808B196C 258DFFF9 */  addiu   $t5, $t4, 0xFFF9           ## $t5 = FFFFFFF9
/* 00640 808B1970 A44D0032 */  sh      $t5, 0x0032($v0)           ## 00000072
/* 00644 808B1974 C48A002C */  lwc1    $f10, 0x002C($a0)          ## 0000002C
/* 00648 808B1978 4600520D */  trunc.w.s $f8, $f10                  
/* 0064C 808B197C 440F4000 */  mfc1    $t7, $f8                   
/* 00650 808B1980 00000000 */  nop
/* 00654 808B1984 A44F0034 */  sh      $t7, 0x0034($v0)           ## 00000074
/* 00658 808B1988 C4900024 */  lwc1    $f16, 0x0024($a0)          ## 00000024
/* 0065C 808B198C 8C820258 */  lw      $v0, 0x0258($a0)           ## 00000258
/* 00660 808B1990 4600848D */  trunc.w.s $f18, $f16                 
/* 00664 808B1994 24420080 */  addiu   $v0, $v0, 0x0080           ## $v0 = 000000C0
/* 00668 808B1998 44199000 */  mfc1    $t9, $f18                  
/* 0066C 808B199C 00000000 */  nop
/* 00670 808B19A0 A4590030 */  sh      $t9, 0x0030($v0)           ## 000000F0
/* 00674 808B19A4 C4840028 */  lwc1    $f4, 0x0028($a0)           ## 00000028
/* 00678 808B19A8 4600218D */  trunc.w.s $f6, $f4                   
/* 0067C 808B19AC 44093000 */  mfc1    $t1, $f6                   
/* 00680 808B19B0 00000000 */  nop
/* 00684 808B19B4 252AFFF9 */  addiu   $t2, $t1, 0xFFF9           ## $t2 = FFFFFFF9
/* 00688 808B19B8 A44A0032 */  sh      $t2, 0x0032($v0)           ## 000000F2
/* 0068C 808B19BC C48A002C */  lwc1    $f10, 0x002C($a0)          ## 0000002C
/* 00690 808B19C0 4600520D */  trunc.w.s $f8, $f10                  
/* 00694 808B19C4 440C4000 */  mfc1    $t4, $f8                   
/* 00698 808B19C8 00000000 */  nop
/* 0069C 808B19CC A44C0034 */  sh      $t4, 0x0034($v0)           ## 000000F4
/* 006A0 808B19D0 C4900024 */  lwc1    $f16, 0x0024($a0)          ## 00000024
/* 006A4 808B19D4 8C8D0258 */  lw      $t5, 0x0258($a0)           ## 00000258
/* 006A8 808B19D8 4600848D */  trunc.w.s $f18, $f16                 
/* 006AC 808B19DC 01A31021 */  addu    $v0, $t5, $v1              
/* 006B0 808B19E0 440F9000 */  mfc1    $t7, $f18                  
/* 006B4 808B19E4 00000000 */  nop
/* 006B8 808B19E8 A44F0030 */  sh      $t7, 0x0030($v0)           ## 000000F0
/* 006BC 808B19EC C4840028 */  lwc1    $f4, 0x0028($a0)           ## 00000028
/* 006C0 808B19F0 4600218D */  trunc.w.s $f6, $f4                   
/* 006C4 808B19F4 44193000 */  mfc1    $t9, $f6                   
/* 006C8 808B19F8 00000000 */  nop
/* 006CC 808B19FC 2728FFF9 */  addiu   $t0, $t9, 0xFFF9           ## $t0 = FFFFFFFD
/* 006D0 808B1A00 A4480032 */  sh      $t0, 0x0032($v0)           ## 000000F2
/* 006D4 808B1A04 C48A002C */  lwc1    $f10, 0x002C($a0)          ## 0000002C
/* 006D8 808B1A08 4600520D */  trunc.w.s $f8, $f10                  
/* 006DC 808B1A0C 440A4000 */  mfc1    $t2, $f8                   
/* 006E0 808B1A10 00000000 */  nop
/* 006E4 808B1A14 A44A0034 */  sh      $t2, 0x0034($v0)           ## 000000F4
/* 006E8 808B1A18 C4900024 */  lwc1    $f16, 0x0024($a0)          ## 00000024
/* 006EC 808B1A1C 8C8B0258 */  lw      $t3, 0x0258($a0)           ## 00000258
/* 006F0 808B1A20 4600848D */  trunc.w.s $f18, $f16                 
/* 006F4 808B1A24 01631021 */  addu    $v0, $t3, $v1              
/* 006F8 808B1A28 24420040 */  addiu   $v0, $v0, 0x0040           ## $v0 = 00000100
/* 006FC 808B1A2C 440D9000 */  mfc1    $t5, $f18                  
/* 00700 808B1A30 00000000 */  nop
/* 00704 808B1A34 A44D0030 */  sh      $t5, 0x0030($v0)           ## 00000130
/* 00708 808B1A38 C4840028 */  lwc1    $f4, 0x0028($a0)           ## 00000028
/* 0070C 808B1A3C 4600218D */  trunc.w.s $f6, $f4                   
/* 00710 808B1A40 440F3000 */  mfc1    $t7, $f6                   
/* 00714 808B1A44 00000000 */  nop
/* 00718 808B1A48 25F8FFF9 */  addiu   $t8, $t7, 0xFFF9           ## $t8 = 00000005
/* 0071C 808B1A4C A4580032 */  sh      $t8, 0x0032($v0)           ## 00000132
/* 00720 808B1A50 C48A002C */  lwc1    $f10, 0x002C($a0)          ## 0000002C
/* 00724 808B1A54 3C0F808B */  lui     $t7, %hi(func_808B1B14)    ## $t7 = 808B0000
/* 00728 808B1A58 25EF1B14 */  addiu   $t7, $t7, %lo(func_808B1B14) ## $t7 = 808B1B14
/* 0072C 808B1A5C 4600520D */  trunc.w.s $f8, $f10                  
/* 00730 808B1A60 44084000 */  mfc1    $t0, $f8                   
/* 00734 808B1A64 00000000 */  nop
/* 00738 808B1A68 A4480034 */  sh      $t0, 0x0034($v0)           ## 00000134
/* 0073C 808B1A6C C4900024 */  lwc1    $f16, 0x0024($a0)          ## 00000024
/* 00740 808B1A70 8C890258 */  lw      $t1, 0x0258($a0)           ## 00000258
/* 00744 808B1A74 4600848D */  trunc.w.s $f18, $f16                 
/* 00748 808B1A78 01231021 */  addu    $v0, $t1, $v1              
/* 0074C 808B1A7C 24420080 */  addiu   $v0, $v0, 0x0080           ## $v0 = 00000180
/* 00750 808B1A80 440B9000 */  mfc1    $t3, $f18                  
/* 00754 808B1A84 00000000 */  nop
/* 00758 808B1A88 A44B0030 */  sh      $t3, 0x0030($v0)           ## 000001B0
/* 0075C 808B1A8C C4840028 */  lwc1    $f4, 0x0028($a0)           ## 00000028
/* 00760 808B1A90 4600218D */  trunc.w.s $f6, $f4                   
/* 00764 808B1A94 440D3000 */  mfc1    $t5, $f6                   
/* 00768 808B1A98 00000000 */  nop
/* 0076C 808B1A9C 25AEFFF9 */  addiu   $t6, $t5, 0xFFF9           ## $t6 = FFFFFFF2
/* 00770 808B1AA0 A44E0032 */  sh      $t6, 0x0032($v0)           ## 000001B2
/* 00774 808B1AA4 C48A002C */  lwc1    $f10, 0x002C($a0)          ## 0000002C
/* 00778 808B1AA8 4600520D */  trunc.w.s $f8, $f10                  
/* 0077C 808B1AAC 44184000 */  mfc1    $t8, $f8                   
/* 00780 808B1AB0 00000000 */  nop
/* 00784 808B1AB4 A4580034 */  sh      $t8, 0x0034($v0)           ## 000001B4
/* 00788 808B1AB8 C4900024 */  lwc1    $f16, 0x0024($a0)          ## 00000024
/* 0078C 808B1ABC 8C990258 */  lw      $t9, 0x0258($a0)           ## 00000258
/* 00790 808B1AC0 4600848D */  trunc.w.s $f18, $f16                 
/* 00794 808B1AC4 03231021 */  addu    $v0, $t9, $v1              
/* 00798 808B1AC8 244200C0 */  addiu   $v0, $v0, 0x00C0           ## $v0 = 00000240
/* 0079C 808B1ACC 44099000 */  mfc1    $t1, $f18                  
/* 007A0 808B1AD0 00000000 */  nop
/* 007A4 808B1AD4 A4490030 */  sh      $t1, 0x0030($v0)           ## 00000270
/* 007A8 808B1AD8 C4840028 */  lwc1    $f4, 0x0028($a0)           ## 00000028
/* 007AC 808B1ADC 4600218D */  trunc.w.s $f6, $f4                   
/* 007B0 808B1AE0 440B3000 */  mfc1    $t3, $f6                   
/* 007B4 808B1AE4 00000000 */  nop
/* 007B8 808B1AE8 256CFFF9 */  addiu   $t4, $t3, 0xFFF9           ## $t4 = FFFFFFF9
/* 007BC 808B1AEC A44C0032 */  sh      $t4, 0x0032($v0)           ## 00000272
/* 007C0 808B1AF0 C48A002C */  lwc1    $f10, 0x002C($a0)          ## 0000002C
/* 007C4 808B1AF4 4600520D */  trunc.w.s $f8, $f10                  
/* 007C8 808B1AF8 440E4000 */  mfc1    $t6, $f8                   
/* 007CC 808B1AFC 00000000 */  nop
/* 007D0 808B1B00 A44E0034 */  sh      $t6, 0x0034($v0)           ## 00000274
/* 007D4 808B1B04 AC8F0188 */  sw      $t7, 0x0188($a0)           ## 00000188
/* 007D8 808B1B08 8FBF0014 */  lw      $ra, 0x0014($sp)           
/* 007DC 808B1B0C 03E00008 */  jr      $ra                        
/* 007E0 808B1B10 27BD0018 */  addiu   $sp, $sp, 0x0018           ## $sp = 00000000


glabel func_808B1B14
/* 007E4 808B1B14 27BDFFE8 */  addiu   $sp, $sp, 0xFFE8           ## $sp = FFFFFFE8
/* 007E8 808B1B18 AFBF0014 */  sw      $ra, 0x0014($sp)           
/* 007EC 808B1B1C AFA5001C */  sw      $a1, 0x001C($sp)           
/* 007F0 808B1B20 8482018E */  lh      $v0, 0x018E($a0)           ## 0000018E
/* 007F4 808B1B24 3C014160 */  lui     $at, 0x4160                ## $at = 41600000
/* 007F8 808B1B28 44815000 */  mtc1    $at, $f10                  ## $f10 = 14.00
/* 007FC 808B1B2C 10400003 */  beq     $v0, $zero, .L808B1B3C     
/* 00800 808B1B30 244EFFFF */  addiu   $t6, $v0, 0xFFFF           ## $t6 = FFFFFFFF
/* 00804 808B1B34 A48E018E */  sh      $t6, 0x018E($a0)           ## 0000018E
/* 00808 808B1B38 8482018E */  lh      $v0, 0x018E($a0)           ## 0000018E
.L808B1B3C:
/* 0080C 808B1B3C C48201F8 */  lwc1    $f2, 0x01F8($a0)           ## 000001F8
/* 00810 808B1B40 C488000C */  lwc1    $f8, 0x000C($a0)           ## 0000000C
/* 00814 808B1B44 C4840008 */  lwc1    $f4, 0x0008($a0)           ## 00000008
/* 00818 808B1B48 46025402 */  mul.s   $f16, $f10, $f2            
/* 0081C 808B1B4C C4860010 */  lwc1    $f6, 0x0010($a0)           ## 00000010
/* 00820 808B1B50 3C014348 */  lui     $at, 0x4348                ## $at = 43480000
/* 00824 808B1B54 E4840024 */  swc1    $f4, 0x0024($a0)           ## 00000024
/* 00828 808B1B58 E486002C */  swc1    $f6, 0x002C($a0)           ## 0000002C
/* 0082C 808B1B5C 46104480 */  add.s   $f18, $f8, $f16            
/* 00830 808B1B60 14400013 */  bne     $v0, $zero, .L808B1BB0     
/* 00834 808B1B64 E4920028 */  swc1    $f18, 0x0028($a0)          ## 00000028
/* 00838 808B1B68 44813000 */  mtc1    $at, $f6                   ## $f6 = 200.00
/* 0083C 808B1B6C C4840098 */  lwc1    $f4, 0x0098($a0)           ## 00000098
/* 00840 808B1B70 3C0141F0 */  lui     $at, 0x41F0                ## $at = 41F00000
/* 00844 808B1B74 46023282 */  mul.s   $f10, $f6, $f2             
/* 00848 808B1B78 460A203C */  c.lt.s  $f4, $f10                  
/* 0084C 808B1B7C 00000000 */  nop
/* 00850 808B1B80 4502000C */  bc1fl   .L808B1BB4                 
/* 00854 808B1B84 8FBF0014 */  lw      $ra, 0x0014($sp)           
/* 00858 808B1B88 44814000 */  mtc1    $at, $f8                   ## $f8 = 30.00
/* 0085C 808B1B8C C480009C */  lwc1    $f0, 0x009C($a0)           ## 0000009C
/* 00860 808B1B90 46024402 */  mul.s   $f16, $f8, $f2             
/* 00864 808B1B94 46000005 */  abs.s   $f0, $f0                   
/* 00868 808B1B98 4610003C */  c.lt.s  $f0, $f16                  
/* 0086C 808B1B9C 00000000 */  nop
/* 00870 808B1BA0 45020004 */  bc1fl   .L808B1BB4                 
/* 00874 808B1BA4 8FBF0014 */  lw      $ra, 0x0014($sp)           
/* 00878 808B1BA8 0C22C6F0 */  jal     func_808B1BC0              
/* 0087C 808B1BAC 00000000 */  nop
.L808B1BB0:
/* 00880 808B1BB0 8FBF0014 */  lw      $ra, 0x0014($sp)           
.L808B1BB4:
/* 00884 808B1BB4 27BD0018 */  addiu   $sp, $sp, 0x0018           ## $sp = 00000000
/* 00888 808B1BB8 03E00008 */  jr      $ra                        
/* 0088C 808B1BBC 00000000 */  nop


glabel func_808B1BC0
/* 00890 808B1BC0 27BDFFC8 */  addiu   $sp, $sp, 0xFFC8           ## $sp = FFFFFFC8
/* 00894 808B1BC4 AFB00028 */  sw      $s0, 0x0028($sp)           
/* 00898 808B1BC8 00808025 */  or      $s0, $a0, $zero            ## $s0 = 00000000
/* 0089C 808B1BCC AFBF002C */  sw      $ra, 0x002C($sp)           
/* 008A0 808B1BD0 3C040600 */  lui     $a0, 0x0600                ## $a0 = 06000000
/* 008A4 808B1BD4 0C04D1D2 */  jal     func_80134748              
/* 008A8 808B1BD8 248402B8 */  addiu   $a0, $a0, 0x02B8           ## $a0 = 060002B8
/* 008AC 808B1BDC 3C040600 */  lui     $a0, 0x0600                ## $a0 = 06000000
/* 008B0 808B1BE0 248402B8 */  addiu   $a0, $a0, 0x02B8           ## $a0 = 060002B8
/* 008B4 808B1BE4 0C04D1D2 */  jal     func_80134748              
/* 008B8 808B1BE8 A7A20030 */  sh      $v0, 0x0030($sp)           
/* 008BC 808B1BEC 87AE0030 */  lh      $t6, 0x0030($sp)           
/* 008C0 808B1BF0 3C01808B */  lui     $at, %hi(D_808B4EBC)       ## $at = 808B0000
/* 008C4 808B1BF4 C4284EBC */  lwc1    $f8, %lo(D_808B4EBC)($at)  
/* 008C8 808B1BF8 448E2000 */  mtc1    $t6, $f4                   ## $f4 = 0.00
/* 008CC 808B1BFC 44828000 */  mtc1    $v0, $f16                  ## $f16 = 0.00
/* 008D0 808B1C00 44800000 */  mtc1    $zero, $f0                 ## $f0 = 0.00
/* 008D4 808B1C04 468021A0 */  cvt.s.w $f6, $f4                   
/* 008D8 808B1C08 3C050600 */  lui     $a1, 0x0600                ## $a1 = 06000000
/* 008DC 808B1C0C 240F0002 */  addiu   $t7, $zero, 0x0002         ## $t7 = 00000002
/* 008E0 808B1C10 44070000 */  mfc1    $a3, $f0                   
/* 008E4 808B1C14 AFAF0014 */  sw      $t7, 0x0014($sp)           
/* 008E8 808B1C18 468084A0 */  cvt.s.w $f18, $f16                 
/* 008EC 808B1C1C 46083282 */  mul.s   $f10, $f6, $f8             
/* 008F0 808B1C20 24A502B8 */  addiu   $a1, $a1, 0x02B8           ## $a1 = 060002B8
/* 008F4 808B1C24 26040144 */  addiu   $a0, $s0, 0x0144           ## $a0 = 00000144
/* 008F8 808B1C28 E7A00018 */  swc1    $f0, 0x0018($sp)           
/* 008FC 808B1C2C E7B20010 */  swc1    $f18, 0x0010($sp)          
/* 00900 808B1C30 44065000 */  mfc1    $a2, $f10                  
/* 00904 808B1C34 0C04DCFA */  jal     func_801373E8              
/* 00908 808B1C38 00000000 */  nop
/* 0090C 808B1C3C 8E020258 */  lw      $v0, 0x0258($s0)           ## 00000258
/* 00910 808B1C40 2418000F */  addiu   $t8, $zero, 0x000F         ## $t8 = 0000000F
/* 00914 808B1C44 A618018E */  sh      $t8, 0x018E($s0)           ## 0000018E
/* 00918 808B1C48 90590097 */  lbu     $t9, 0x0097($v0)           ## 00000097
/* 0091C 808B1C4C 24040003 */  addiu   $a0, $zero, 0x0003         ## $a0 = 00000003
/* 00920 808B1C50 00041980 */  sll     $v1, $a0,  6               
/* 00924 808B1C54 37280001 */  ori     $t0, $t9, 0x0001           ## $t0 = 00000001
/* 00928 808B1C58 A0480097 */  sb      $t0, 0x0097($v0)           ## 00000097
/* 0092C 808B1C5C 8E090258 */  lw      $t1, 0x0258($s0)           ## 00000258
/* 00930 808B1C60 24420080 */  addiu   $v0, $v0, 0x0080           ## $v0 = 00000080
/* 00934 808B1C64 02002025 */  or      $a0, $s0, $zero            ## $a0 = 00000000
/* 00938 808B1C68 01231021 */  addu    $v0, $t1, $v1              
/* 0093C 808B1C6C 904A0017 */  lbu     $t2, 0x0017($v0)           ## 00000097
/* 00940 808B1C70 240539E2 */  addiu   $a1, $zero, 0x39E2         ## $a1 = 000039E2
/* 00944 808B1C74 354B0001 */  ori     $t3, $t2, 0x0001           ## $t3 = 00000001
/* 00948 808B1C78 A04B0017 */  sb      $t3, 0x0017($v0)           ## 00000097
/* 0094C 808B1C7C 8E0C0258 */  lw      $t4, 0x0258($s0)           ## 00000258
/* 00950 808B1C80 240B0006 */  addiu   $t3, $zero, 0x0006         ## $t3 = 00000006
/* 00954 808B1C84 01831021 */  addu    $v0, $t4, $v1              
/* 00958 808B1C88 904D0057 */  lbu     $t5, 0x0057($v0)           ## 000000D7
/* 0095C 808B1C8C 35AE0001 */  ori     $t6, $t5, 0x0001           ## $t6 = 00000001
/* 00960 808B1C90 A04E0057 */  sb      $t6, 0x0057($v0)           ## 000000D7
/* 00964 808B1C94 8E0F0258 */  lw      $t7, 0x0258($s0)           ## 00000258
/* 00968 808B1C98 01E31021 */  addu    $v0, $t7, $v1              
/* 0096C 808B1C9C 90580097 */  lbu     $t8, 0x0097($v0)           ## 00000117
/* 00970 808B1CA0 37190001 */  ori     $t9, $t8, 0x0001           ## $t9 = 0000000F
/* 00974 808B1CA4 A0590097 */  sb      $t9, 0x0097($v0)           ## 00000117
/* 00978 808B1CA8 8E080258 */  lw      $t0, 0x0258($s0)           ## 00000258
/* 0097C 808B1CAC 01031021 */  addu    $v0, $t0, $v1              
/* 00980 808B1CB0 904900D7 */  lbu     $t1, 0x00D7($v0)           ## 00000157
/* 00984 808B1CB4 352A0001 */  ori     $t2, $t1, 0x0001           ## $t2 = 00000001
/* 00988 808B1CB8 A04A00D7 */  sb      $t2, 0x00D7($v0)           ## 00000157
/* 0098C 808B1CBC 920C024D */  lbu     $t4, 0x024D($s0)           ## 0000024D
/* 00990 808B1CC0 A20B0250 */  sb      $t3, 0x0250($s0)           ## 00000250
/* 00994 808B1CC4 318DFFFB */  andi    $t5, $t4, 0xFFFB           ## $t5 = 00000000
/* 00998 808B1CC8 0C02E3B2 */  jal     func_800B8EC8              
/* 0099C 808B1CCC A20D024D */  sb      $t5, 0x024D($s0)           ## 0000024D
/* 009A0 808B1CD0 3C0E808B */  lui     $t6, %hi(func_808B1CF0)    ## $t6 = 808B0000
/* 009A4 808B1CD4 25CE1CF0 */  addiu   $t6, $t6, %lo(func_808B1CF0) ## $t6 = 808B1CF0
/* 009A8 808B1CD8 AE0E0188 */  sw      $t6, 0x0188($s0)           ## 00000188
/* 009AC 808B1CDC 8FBF002C */  lw      $ra, 0x002C($sp)           
/* 009B0 808B1CE0 8FB00028 */  lw      $s0, 0x0028($sp)           
/* 009B4 808B1CE4 27BD0038 */  addiu   $sp, $sp, 0x0038           ## $sp = 00000000
/* 009B8 808B1CE8 03E00008 */  jr      $ra                        
/* 009BC 808B1CEC 00000000 */  nop


glabel func_808B1CF0
/* 009C0 808B1CF0 27BDFF98 */  addiu   $sp, $sp, 0xFF98           ## $sp = FFFFFF98
/* 009C4 808B1CF4 AFB00030 */  sw      $s0, 0x0030($sp)           
/* 009C8 808B1CF8 00808025 */  or      $s0, $a0, $zero            ## $s0 = 00000000
/* 009CC 808B1CFC AFBF0034 */  sw      $ra, 0x0034($sp)           
/* 009D0 808B1D00 AFA5006C */  sw      $a1, 0x006C($sp)           
/* 009D4 808B1D04 8FAE006C */  lw      $t6, 0x006C($sp)           
/* 009D8 808B1D08 8DCF1CCC */  lw      $t7, 0x1CCC($t6)           ## 00001CCC
/* 009DC 808B1D0C AFAF0064 */  sw      $t7, 0x0064($sp)           
/* 009E0 808B1D10 8602018E */  lh      $v0, 0x018E($s0)           ## 0000018E
/* 009E4 808B1D14 10400002 */  beq     $v0, $zero, .L808B1D20     
/* 009E8 808B1D18 2458FFFF */  addiu   $t8, $v0, 0xFFFF           ## $t8 = FFFFFFFF
/* 009EC 808B1D1C A618018E */  sh      $t8, 0x018E($s0)           ## 0000018E
.L808B1D20:
/* 009F0 808B1D20 0C04DB34 */  jal     func_80136CD0              
/* 009F4 808B1D24 26040144 */  addiu   $a0, $s0, 0x0144           ## $a0 = 00000144
/* 009F8 808B1D28 8619018E */  lh      $t9, 0x018E($s0)           ## 0000018E
/* 009FC 808B1D2C 2408000F */  addiu   $t0, $zero, 0x000F         ## $t0 = 0000000F
/* 00A00 808B1D30 3C013F00 */  lui     $at, 0x3F00                ## $at = 3F000000
/* 00A04 808B1D34 01194823 */  subu    $t1, $t0, $t9              
/* 00A08 808B1D38 44895000 */  mtc1    $t1, $f10                  ## $f10 = 0.00
/* 00A0C 808B1D3C 44810000 */  mtc1    $at, $f0                   ## $f0 = 0.50
/* 00A10 808B1D40 3C01808B */  lui     $at, %hi(D_808B4EC0)       ## $at = 808B0000
/* 00A14 808B1D44 468054A0 */  cvt.s.w $f18, $f10                 
/* 00A18 808B1D48 C4264EC0 */  lwc1    $f6, %lo(D_808B4EC0)($at)  
/* 00A1C 808B1D4C C60401F8 */  lwc1    $f4, 0x01F8($s0)           ## 000001F8
/* 00A20 808B1D50 3C014170 */  lui     $at, 0x4170                ## $at = 41700000
/* 00A24 808B1D54 260400BC */  addiu   $a0, $s0, 0x00BC           ## $a0 = 000000BC
/* 00A28 808B1D58 46062202 */  mul.s   $f8, $f4, $f6              
/* 00A2C 808B1D5C 44813000 */  mtc1    $at, $f6                   ## $f6 = 15.00
/* 00A30 808B1D60 24051800 */  addiu   $a1, $zero, 0x1800         ## $a1 = 00001800
/* 00A34 808B1D64 46009102 */  mul.s   $f4, $f18, $f0             
/* 00A38 808B1D68 24060800 */  addiu   $a2, $zero, 0x0800         ## $a2 = 00000800
/* 00A3C 808B1D6C 46062283 */  div.s   $f10, $f4, $f6             
/* 00A40 808B1D70 460A0480 */  add.s   $f18, $f0, $f10            
/* 00A44 808B1D74 46124082 */  mul.s   $f2, $f8, $f18             
/* 00A48 808B1D78 E6020060 */  swc1    $f2, 0x0060($s0)           ## 00000060
/* 00A4C 808B1D7C E602005C */  swc1    $f2, 0x005C($s0)           ## 0000005C
/* 00A50 808B1D80 0C03FB9C */  jal     func_800FEE70              
/* 00A54 808B1D84 E6020058 */  swc1    $f2, 0x0058($s0)           ## 00000058
/* 00A58 808B1D88 860A018E */  lh      $t2, 0x018E($s0)           ## 0000018E
/* 00A5C 808B1D8C 240B000F */  addiu   $t3, $zero, 0x000F         ## $t3 = 0000000F
/* 00A60 808B1D90 3C01808B */  lui     $at, %hi(D_808B4EC4)       ## $at = 808B0000
/* 00A64 808B1D94 016A6023 */  subu    $t4, $t3, $t2              
/* 00A68 808B1D98 448C2000 */  mtc1    $t4, $f4                   ## $f4 = 0.00
/* 00A6C 808B1D9C C4224EC4 */  lwc1    $f2, %lo(D_808B4EC4)($at)  
/* 00A70 808B1DA0 3C01808B */  lui     $at, %hi(D_808B4EC8)       ## $at = 808B0000
/* 00A74 808B1DA4 468021A0 */  cvt.s.w $f6, $f4                   
/* 00A78 808B1DA8 C42A4EC8 */  lwc1    $f10, %lo(D_808B4EC8)($at) 
/* 00A7C 808B1DAC 3C01808B */  lui     $at, %hi(D_808B4ECC)       ## $at = 808B0000
/* 00A80 808B1DB0 460A3002 */  mul.s   $f0, $f6, $f10             
/* 00A84 808B1DB4 4600103C */  c.lt.s  $f2, $f0                   
/* 00A88 808B1DB8 00000000 */  nop
/* 00A8C 808B1DBC 45020004 */  bc1fl   .L808B1DD0                 
/* 00A90 808B1DC0 46000386 */  mov.s   $f14, $f0                  
/* 00A94 808B1DC4 10000002 */  beq     $zero, $zero, .L808B1DD0   
/* 00A98 808B1DC8 46001386 */  mov.s   $f14, $f2                  
/* 00A9C 808B1DCC 46000386 */  mov.s   $f14, $f0                  
.L808B1DD0:
/* 00AA0 808B1DD0 C4284ECC */  lwc1    $f8, %lo(D_808B4ECC)($at)  
/* 00AA4 808B1DD4 46087302 */  mul.s   $f12, $f14, $f8            
/* 00AA8 808B1DD8 0C05E53B */  jal     func_801794EC              
/* 00AAC 808B1DDC 00000000 */  nop
/* 00AB0 808B1DE0 3C014200 */  lui     $at, 0x4200                ## $at = 42000000
/* 00AB4 808B1DE4 44819000 */  mtc1    $at, $f18                  ## $f18 = 32.00
/* 00AB8 808B1DE8 3C014160 */  lui     $at, 0x4160                ## $at = 41600000
/* 00ABC 808B1DEC 44813000 */  mtc1    $at, $f6                   ## $f6 = 14.00
/* 00AC0 808B1DF0 46120102 */  mul.s   $f4, $f0, $f18             
/* 00AC4 808B1DF4 46062280 */  add.s   $f10, $f4, $f6             
/* 00AC8 808B1DF8 E7AA005C */  swc1    $f10, 0x005C($sp)          
/* 00ACC 808B1DFC 860200BC */  lh      $v0, 0x00BC($s0)           ## 000000BC
/* 00AD0 808B1E00 2841C71D */  slti    $at, $v0, 0xC71D           
/* 00AD4 808B1E04 50200005 */  beql    $at, $zero, .L808B1E1C     
/* 00AD8 808B1E08 2841DC72 */  slti    $at, $v0, 0xDC72           
/* 00ADC 808B1E0C 44806000 */  mtc1    $zero, $f12                ## $f12 = 0.00
/* 00AE0 808B1E10 10000071 */  beq     $zero, $zero, .L808B1FD8   
/* 00AE4 808B1E14 860D018E */  lh      $t5, 0x018E($s0)           ## 0000018E
/* 00AE8 808B1E18 2841DC72 */  slti    $at, $v0, 0xDC72           
.L808B1E1C:
/* 00AEC 808B1E1C 1020000C */  beq     $at, $zero, .L808B1E50     
/* 00AF0 808B1E20 26040192 */  addiu   $a0, $s0, 0x0192           ## $a0 = 00000192
/* 00AF4 808B1E24 2405AAAB */  addiu   $a1, $zero, 0xAAAB         ## $a1 = FFFFAAAB
/* 00AF8 808B1E28 0C03FB9C */  jal     func_800FEE70              
/* 00AFC 808B1E2C 2406038E */  addiu   $a2, $zero, 0x038E         ## $a2 = 0000038E
/* 00B00 808B1E30 0C03FB51 */  jal     func_800FED44              
/* 00B04 808B1E34 86040192 */  lh      $a0, 0x0192($s0)           ## 00000192
/* 00B08 808B1E38 3C0141A0 */  lui     $at, 0x41A0                ## $at = 41A00000
/* 00B0C 808B1E3C 44818000 */  mtc1    $at, $f16                  ## $f16 = 20.00
/* 00B10 808B1E40 00000000 */  nop
/* 00B14 808B1E44 46100302 */  mul.s   $f12, $f0, $f16            
/* 00B18 808B1E48 10000063 */  beq     $zero, $zero, .L808B1FD8   
/* 00B1C 808B1E4C 860D018E */  lh      $t5, 0x018E($s0)           ## 0000018E
.L808B1E50:
/* 00B20 808B1E50 2841F1C8 */  slti    $at, $v0, 0xF1C8           
/* 00B24 808B1E54 10200031 */  beq     $at, $zero, .L808B1F1C     
/* 00B28 808B1E58 26040192 */  addiu   $a0, $s0, 0x0192           ## $a0 = 00000192
/* 00B2C 808B1E5C 26040192 */  addiu   $a0, $s0, 0x0192           ## $a0 = 00000192
/* 00B30 808B1E60 2405F556 */  addiu   $a1, $zero, 0xF556         ## $a1 = FFFFF556
/* 00B34 808B1E64 0C03FB9C */  jal     func_800FEE70              
/* 00B38 808B1E68 2406038E */  addiu   $a2, $zero, 0x038E         ## $a2 = 0000038E
/* 00B3C 808B1E6C 26040194 */  addiu   $a0, $s0, 0x0194           ## $a0 = 00000194
/* 00B40 808B1E70 2405AAAB */  addiu   $a1, $zero, 0xAAAB         ## $a1 = FFFFAAAB
/* 00B44 808B1E74 0C03FB9C */  jal     func_800FEE70              
/* 00B48 808B1E78 2406038E */  addiu   $a2, $zero, 0x038E         ## $a2 = 0000038E
/* 00B4C 808B1E7C 26040196 */  addiu   $a0, $s0, 0x0196           ## $a0 = 00000196
/* 00B50 808B1E80 2405AAAB */  addiu   $a1, $zero, 0xAAAB         ## $a1 = FFFFAAAB
/* 00B54 808B1E84 0C03FB9C */  jal     func_800FEE70              
/* 00B58 808B1E88 24060222 */  addiu   $a2, $zero, 0x0222         ## $a2 = 00000222
/* 00B5C 808B1E8C 0C03FB51 */  jal     func_800FED44              
/* 00B60 808B1E90 86040194 */  lh      $a0, 0x0194($s0)           ## 00000194
/* 00B64 808B1E94 E7A00040 */  swc1    $f0, 0x0040($sp)           
/* 00B68 808B1E98 0C03FB51 */  jal     func_800FED44              
/* 00B6C 808B1E9C 86040192 */  lh      $a0, 0x0192($s0)           ## 00000192
/* 00B70 808B1EA0 E7A00044 */  swc1    $f0, 0x0044($sp)           
/* 00B74 808B1EA4 0C03FB51 */  jal     func_800FED44              
/* 00B78 808B1EA8 86040196 */  lh      $a0, 0x0196($s0)           ## 00000196
/* 00B7C 808B1EAC E7A00048 */  swc1    $f0, 0x0048($sp)           
/* 00B80 808B1EB0 0C03FB61 */  jal     func_800FED84              
/* 00B84 808B1EB4 86040194 */  lh      $a0, 0x0194($s0)           ## 00000194
/* 00B88 808B1EB8 86040192 */  lh      $a0, 0x0192($s0)           ## 00000192
/* 00B8C 808B1EBC 0C03FB61 */  jal     func_800FED84              
/* 00B90 808B1EC0 E7A0004C */  swc1    $f0, 0x004C($sp)           
/* 00B94 808B1EC4 86040196 */  lh      $a0, 0x0196($s0)           ## 00000196
/* 00B98 808B1EC8 0C03FB61 */  jal     func_800FED84              
/* 00B9C 808B1ECC E7A00050 */  swc1    $f0, 0x0050($sp)           
/* 00BA0 808B1ED0 C7AE0050 */  lwc1    $f14, 0x0050($sp)          
/* 00BA4 808B1ED4 C7A2004C */  lwc1    $f2, 0x004C($sp)           
/* 00BA8 808B1ED8 3C0141A0 */  lui     $at, 0x41A0                ## $at = 41A00000
/* 00BAC 808B1EDC 46007487 */  neg.s   $f18, $f14                 
/* 00BB0 808B1EE0 44818000 */  mtc1    $at, $f16                  ## $f16 = 20.00
/* 00BB4 808B1EE4 46029101 */  sub.s   $f4, $f18, $f2             
/* 00BB8 808B1EE8 C7A8005C */  lwc1    $f8, 0x005C($sp)           
/* 00BBC 808B1EEC C7B20048 */  lwc1    $f18, 0x0048($sp)          
/* 00BC0 808B1EF0 46048182 */  mul.s   $f6, $f16, $f4             
/* 00BC4 808B1EF4 46064281 */  sub.s   $f10, $f8, $f6             
/* 00BC8 808B1EF8 46000207 */  neg.s   $f8, $f0                   
/* 00BCC 808B1EFC 46125102 */  mul.s   $f4, $f10, $f18            
/* 00BD0 808B1F00 C7B20040 */  lwc1    $f18, 0x0040($sp)          
/* 00BD4 808B1F04 C7AA0044 */  lwc1    $f10, 0x0044($sp)          
/* 00BD8 808B1F08 46082183 */  div.s   $f6, $f4, $f8              
/* 00BDC 808B1F0C 46125100 */  add.s   $f4, $f10, $f18            
/* 00BE0 808B1F10 46048202 */  mul.s   $f8, $f16, $f4             
/* 00BE4 808B1F14 1000002F */  beq     $zero, $zero, .L808B1FD4   
/* 00BE8 808B1F18 46083300 */  add.s   $f12, $f6, $f8             
.L808B1F1C:
/* 00BEC 808B1F1C 2405F556 */  addiu   $a1, $zero, 0xF556         ## $a1 = FFFFF556
/* 00BF0 808B1F20 0C03FB9C */  jal     func_800FEE70              
/* 00BF4 808B1F24 2406038E */  addiu   $a2, $zero, 0x038E         ## $a2 = 0000038E
/* 00BF8 808B1F28 26040194 */  addiu   $a0, $s0, 0x0194           ## $a0 = 00000194
/* 00BFC 808B1F2C 2405CE39 */  addiu   $a1, $zero, 0xCE39         ## $a1 = FFFFCE39
/* 00C00 808B1F30 0C03FB9C */  jal     func_800FEE70              
/* 00C04 808B1F34 24060222 */  addiu   $a2, $zero, 0x0222         ## $a2 = 00000222
/* 00C08 808B1F38 26040196 */  addiu   $a0, $s0, 0x0196           ## $a0 = 00000196
/* 00C0C 808B1F3C 2405AAAB */  addiu   $a1, $zero, 0xAAAB         ## $a1 = FFFFAAAB
/* 00C10 808B1F40 0C03FB9C */  jal     func_800FEE70              
/* 00C14 808B1F44 24060222 */  addiu   $a2, $zero, 0x0222         ## $a2 = 00000222
/* 00C18 808B1F48 0C03FB51 */  jal     func_800FED44              
/* 00C1C 808B1F4C 86040194 */  lh      $a0, 0x0194($s0)           ## 00000194
/* 00C20 808B1F50 E7A00040 */  swc1    $f0, 0x0040($sp)           
/* 00C24 808B1F54 0C03FB51 */  jal     func_800FED44              
/* 00C28 808B1F58 86040192 */  lh      $a0, 0x0192($s0)           ## 00000192
/* 00C2C 808B1F5C E7A00044 */  swc1    $f0, 0x0044($sp)           
/* 00C30 808B1F60 0C03FB51 */  jal     func_800FED44              
/* 00C34 808B1F64 86040196 */  lh      $a0, 0x0196($s0)           ## 00000196
/* 00C38 808B1F68 E7A00048 */  swc1    $f0, 0x0048($sp)           
/* 00C3C 808B1F6C 0C03FB61 */  jal     func_800FED84              
/* 00C40 808B1F70 86040194 */  lh      $a0, 0x0194($s0)           ## 00000194
/* 00C44 808B1F74 86040192 */  lh      $a0, 0x0192($s0)           ## 00000192
/* 00C48 808B1F78 0C03FB61 */  jal     func_800FED84              
/* 00C4C 808B1F7C E7A0004C */  swc1    $f0, 0x004C($sp)           
/* 00C50 808B1F80 86040196 */  lh      $a0, 0x0196($s0)           ## 00000196
/* 00C54 808B1F84 0C03FB61 */  jal     func_800FED84              
/* 00C58 808B1F88 E7A00050 */  swc1    $f0, 0x0050($sp)           
/* 00C5C 808B1F8C C7AE0050 */  lwc1    $f14, 0x0050($sp)          
/* 00C60 808B1F90 C7A2004C */  lwc1    $f2, 0x004C($sp)           
/* 00C64 808B1F94 3C0141A0 */  lui     $at, 0x41A0                ## $at = 41A00000
/* 00C68 808B1F98 46007487 */  neg.s   $f18, $f14                 
/* 00C6C 808B1F9C 44818000 */  mtc1    $at, $f16                  ## $f16 = 20.00
/* 00C70 808B1FA0 46029101 */  sub.s   $f4, $f18, $f2             
/* 00C74 808B1FA4 C7AA005C */  lwc1    $f10, 0x005C($sp)          
/* 00C78 808B1FA8 C7B20048 */  lwc1    $f18, 0x0048($sp)          
/* 00C7C 808B1FAC 46048182 */  mul.s   $f6, $f16, $f4             
/* 00C80 808B1FB0 46065201 */  sub.s   $f8, $f10, $f6             
/* 00C84 808B1FB4 46000287 */  neg.s   $f10, $f0                  
/* 00C88 808B1FB8 46124102 */  mul.s   $f4, $f8, $f18             
/* 00C8C 808B1FBC C7B20040 */  lwc1    $f18, 0x0040($sp)          
/* 00C90 808B1FC0 C7A80044 */  lwc1    $f8, 0x0044($sp)           
/* 00C94 808B1FC4 460A2183 */  div.s   $f6, $f4, $f10             
/* 00C98 808B1FC8 46124100 */  add.s   $f4, $f8, $f18             
/* 00C9C 808B1FCC 46048282 */  mul.s   $f10, $f16, $f4            
/* 00CA0 808B1FD0 460A3300 */  add.s   $f12, $f6, $f10            
.L808B1FD4:
/* 00CA4 808B1FD4 860D018E */  lh      $t5, 0x018E($s0)           ## 0000018E
.L808B1FD8:
/* 00CA8 808B1FD8 8FA50064 */  lw      $a1, 0x0064($sp)           
/* 00CAC 808B1FDC 26040008 */  addiu   $a0, $s0, 0x0008           ## $a0 = 00000008
/* 00CB0 808B1FE0 29A1000A */  slti    $at, $t5, 0x000A           
/* 00CB4 808B1FE4 1020000A */  beq     $at, $zero, .L808B2010     
/* 00CB8 808B1FE8 24A50024 */  addiu   $a1, $a1, 0x0024           ## $a1 = 00000024
/* 00CBC 808B1FEC 0C03FE98 */  jal     func_800FFA60              
/* 00CC0 808B1FF0 E7AC0060 */  swc1    $f12, 0x0060($sp)          
/* 00CC4 808B1FF4 00022C00 */  sll     $a1, $v0, 16               
/* 00CC8 808B1FF8 00052C03 */  sra     $a1, $a1, 16               
/* 00CCC 808B1FFC 260400BE */  addiu   $a0, $s0, 0x00BE           ## $a0 = 000000BE
/* 00CD0 808B2000 24060002 */  addiu   $a2, $zero, 0x0002         ## $a2 = 00000002
/* 00CD4 808B2004 0C03FFF6 */  jal     func_800FFFD8              
/* 00CD8 808B2008 24070E38 */  addiu   $a3, $zero, 0x0E38         ## $a3 = 00000E38
/* 00CDC 808B200C C7AC0060 */  lwc1    $f12, 0x0060($sp)          
.L808B2010:
/* 00CE0 808B2010 C7A8005C */  lwc1    $f8, 0x005C($sp)           
/* 00CE4 808B2014 C61201F8 */  lwc1    $f18, 0x01F8($s0)          ## 000001F8
/* 00CE8 808B2018 C606000C */  lwc1    $f6, 0x000C($s0)           ## 0000000C
/* 00CEC 808B201C 860400BE */  lh      $a0, 0x00BE($s0)           ## 000000BE
/* 00CF0 808B2020 46124102 */  mul.s   $f4, $f8, $f18             
/* 00CF4 808B2024 260E0008 */  addiu   $t6, $s0, 0x0008           ## $t6 = 00000008
/* 00CF8 808B2028 46043280 */  add.s   $f10, $f6, $f4             
/* 00CFC 808B202C E60A0028 */  swc1    $f10, 0x0028($s0)          ## 00000028
/* 00D00 808B2030 E7AC0060 */  swc1    $f12, 0x0060($sp)          
/* 00D04 808B2034 0C03FB61 */  jal     func_800FED84              
/* 00D08 808B2038 AFAE0038 */  sw      $t6, 0x0038($sp)           
/* 00D0C 808B203C C7AC0060 */  lwc1    $f12, 0x0060($sp)          
/* 00D10 808B2040 C60801F8 */  lwc1    $f8, 0x01F8($s0)           ## 000001F8
/* 00D14 808B2044 46086482 */  mul.s   $f18, $f12, $f8            
/* 00D18 808B2048 00000000 */  nop
/* 00D1C 808B204C 46120182 */  mul.s   $f6, $f0, $f18             
/* 00D20 808B2050 E7A60058 */  swc1    $f6, 0x0058($sp)           
/* 00D24 808B2054 0C03FB51 */  jal     func_800FED44              
/* 00D28 808B2058 860400BE */  lh      $a0, 0x00BE($s0)           ## 000000BE
/* 00D2C 808B205C C7B20060 */  lwc1    $f18, 0x0060($sp)          
/* 00D30 808B2060 C61001F8 */  lwc1    $f16, 0x01F8($s0)          ## 000001F8
/* 00D34 808B2064 C60E0008 */  lwc1    $f14, 0x0008($s0)          ## 00000008
/* 00D38 808B2068 C7AC0058 */  lwc1    $f12, 0x0058($sp)          
/* 00D3C 808B206C 46109482 */  mul.s   $f18, $f18, $f16           
/* 00D40 808B2070 C60A0010 */  lwc1    $f10, 0x0010($s0)          ## 00000010
/* 00D44 808B2074 460C7300 */  add.s   $f12, $f14, $f12           
/* 00D48 808B2078 3C014040 */  lui     $at, 0x4040                ## $at = 40400000
/* 00D4C 808B207C 44817000 */  mtc1    $at, $f14                  ## $f14 = 3.00
/* 00D50 808B2080 3C014140 */  lui     $at, 0x4140                ## $at = 41400000
/* 00D54 808B2084 44814000 */  mtc1    $at, $f8                   ## $f8 = 12.00
/* 00D58 808B2088 46120482 */  mul.s   $f18, $f0, $f18            
/* 00D5C 808B208C 3C0140A0 */  lui     $at, 0x40A0                ## $at = 40A00000
/* 00D60 808B2090 44813000 */  mtc1    $at, $f6                   ## $f6 = 5.00
/* 00D64 808B2094 460E8382 */  mul.s   $f14, $f16, $f14           
/* 00D68 808B2098 E60C0024 */  swc1    $f12, 0x0024($s0)          ## 00000024
/* 00D6C 808B209C 24090001 */  addiu   $t1, $zero, 0x0001         ## $t1 = 00000001
/* 00D70 808B20A0 46088202 */  mul.s   $f8, $f16, $f8             
/* 00D74 808B20A4 240BFFFF */  addiu   $t3, $zero, 0xFFFF         ## $t3 = FFFFFFFF
/* 00D78 808B20A8 46125480 */  add.s   $f18, $f10, $f18           
/* 00D7C 808B20AC 46068182 */  mul.s   $f6, $f16, $f6             
/* 00D80 808B20B0 44067000 */  mfc1    $a2, $f14                  
/* 00D84 808B20B4 240A000A */  addiu   $t2, $zero, 0x000A         ## $t2 = 0000000A
/* 00D88 808B20B8 E612002C */  swc1    $f18, 0x002C($s0)          ## 0000002C
/* 00D8C 808B20BC 8FA4006C */  lw      $a0, 0x006C($sp)           
/* 00D90 808B20C0 8FA50038 */  lw      $a1, 0x0038($sp)           
/* 00D94 808B20C4 4600420D */  trunc.w.s $f8, $f8                   
/* 00D98 808B20C8 00003825 */  or      $a3, $zero, $zero          ## $a3 = 00000000
/* 00D9C 808B20CC AFA90018 */  sw      $t1, 0x0018($sp)           
/* 00DA0 808B20D0 4600318D */  trunc.w.s $f6, $f6                   
/* 00DA4 808B20D4 44184000 */  mfc1    $t8, $f8                   
/* 00DA8 808B20D8 AFAB001C */  sw      $t3, 0x001C($sp)           
/* 00DAC 808B20DC AFAA0020 */  sw      $t2, 0x0020($sp)           
/* 00DB0 808B20E0 44193000 */  mfc1    $t9, $f6                   
/* 00DB4 808B20E4 AFB80010 */  sw      $t8, 0x0010($sp)           
/* 00DB8 808B20E8 AFA00024 */  sw      $zero, 0x0024($sp)         
/* 00DBC 808B20EC 0C02C887 */  jal     func_800B221C              
/* 00DC0 808B20F0 AFB90014 */  sw      $t9, 0x0014($sp)           
/* 00DC4 808B20F4 860C018E */  lh      $t4, 0x018E($s0)           ## 0000018E
/* 00DC8 808B20F8 8FA50064 */  lw      $a1, 0x0064($sp)           
/* 00DCC 808B20FC 15800011 */  bne     $t4, $zero, .L808B2144     
/* 00DD0 808B2100 24A50024 */  addiu   $a1, $a1, 0x0024           ## $a1 = 00000024
/* 00DD4 808B2104 0C03FE4B */  jal     func_800FF92C              
/* 00DD8 808B2108 8FA40038 */  lw      $a0, 0x0038($sp)           
/* 00DDC 808B210C 3C014370 */  lui     $at, 0x4370                ## $at = 43700000
/* 00DE0 808B2110 44813000 */  mtc1    $at, $f6                   ## $f6 = 240.00
/* 00DE4 808B2114 C60401F8 */  lwc1    $f4, 0x01F8($s0)           ## 000001F8
/* 00DE8 808B2118 46043282 */  mul.s   $f10, $f6, $f4             
/* 00DEC 808B211C 460A003C */  c.lt.s  $f0, $f10                  
/* 00DF0 808B2120 00000000 */  nop
/* 00DF4 808B2124 45000005 */  bc1f    .L808B213C                 
/* 00DF8 808B2128 00000000 */  nop
/* 00DFC 808B212C 0C22CA24 */  jal     func_808B2890              
/* 00E00 808B2130 02002025 */  or      $a0, $s0, $zero            ## $a0 = 00000000
/* 00E04 808B2134 10000004 */  beq     $zero, $zero, .L808B2148   
/* 00E08 808B2138 8FBF0034 */  lw      $ra, 0x0034($sp)           
.L808B213C:
/* 00E0C 808B213C 0C22C856 */  jal     func_808B2158              
/* 00E10 808B2140 02002025 */  or      $a0, $s0, $zero            ## $a0 = 00000000
.L808B2144:
/* 00E14 808B2144 8FBF0034 */  lw      $ra, 0x0034($sp)           
.L808B2148:
/* 00E18 808B2148 8FB00030 */  lw      $s0, 0x0030($sp)           
/* 00E1C 808B214C 27BD0068 */  addiu   $sp, $sp, 0x0068           ## $sp = 00000000
/* 00E20 808B2150 03E00008 */  jr      $ra                        
/* 00E24 808B2154 00000000 */  nop


glabel func_808B2158
/* 00E28 808B2158 27BDFFD0 */  addiu   $sp, $sp, 0xFFD0           ## $sp = FFFFFFD0
/* 00E2C 808B215C AFB00028 */  sw      $s0, 0x0028($sp)           
/* 00E30 808B2160 00808025 */  or      $s0, $a0, $zero            ## $s0 = 00000000
/* 00E34 808B2164 AFBF002C */  sw      $ra, 0x002C($sp)           
/* 00E38 808B2168 3C040600 */  lui     $a0, 0x0600                ## $a0 = 06000000
/* 00E3C 808B216C 0C04D1D2 */  jal     func_80134748              
/* 00E40 808B2170 248402B8 */  addiu   $a0, $a0, 0x02B8           ## $a0 = 060002B8
/* 00E44 808B2174 44822000 */  mtc1    $v0, $f4                   ## $f4 = 0.00
/* 00E48 808B2178 3C01C040 */  lui     $at, 0xC040                ## $at = C0400000
/* 00E4C 808B217C 44814000 */  mtc1    $at, $f8                   ## $f8 = -3.00
/* 00E50 808B2180 46802120 */  cvt.s.w $f4, $f4                   
/* 00E54 808B2184 44803000 */  mtc1    $zero, $f6                 ## $f6 = 0.00
/* 00E58 808B2188 3C050600 */  lui     $a1, 0x0600                ## $a1 = 06000000
/* 00E5C 808B218C 240E0002 */  addiu   $t6, $zero, 0x0002         ## $t6 = 00000002
/* 00E60 808B2190 AFAE0014 */  sw      $t6, 0x0014($sp)           
/* 00E64 808B2194 24A502B8 */  addiu   $a1, $a1, 0x02B8           ## $a1 = 060002B8
/* 00E68 808B2198 44072000 */  mfc1    $a3, $f4                   
/* 00E6C 808B219C 26040144 */  addiu   $a0, $s0, 0x0144           ## $a0 = 00000144
/* 00E70 808B21A0 3C06BFC0 */  lui     $a2, 0xBFC0                ## $a2 = BFC00000
/* 00E74 808B21A4 E7A80018 */  swc1    $f8, 0x0018($sp)           
/* 00E78 808B21A8 0C04DCFA */  jal     func_801373E8              
/* 00E7C 808B21AC E7A60010 */  swc1    $f6, 0x0010($sp)           
/* 00E80 808B21B0 8E020258 */  lw      $v0, 0x0258($s0)           ## 00000258
/* 00E84 808B21B4 240F000F */  addiu   $t7, $zero, 0x000F         ## $t7 = 0000000F
/* 00E88 808B21B8 A60F018E */  sh      $t7, 0x018E($s0)           ## 0000018E
/* 00E8C 808B21BC 90580097 */  lbu     $t8, 0x0097($v0)           ## 00000097
/* 00E90 808B21C0 24050003 */  addiu   $a1, $zero, 0x0003         ## $a1 = 00000003
/* 00E94 808B21C4 00051980 */  sll     $v1, $a1,  6               
/* 00E98 808B21C8 3319FFFE */  andi    $t9, $t8, 0xFFFE           ## $t9 = 00000000
/* 00E9C 808B21CC A0590097 */  sb      $t9, 0x0097($v0)           ## 00000097
/* 00EA0 808B21D0 8E080258 */  lw      $t0, 0x0258($s0)           ## 00000258
/* 00EA4 808B21D4 24420080 */  addiu   $v0, $v0, 0x0080           ## $v0 = 00000080
/* 00EA8 808B21D8 01031021 */  addu    $v0, $t0, $v1              
/* 00EAC 808B21DC 90490017 */  lbu     $t1, 0x0017($v0)           ## 00000097
/* 00EB0 808B21E0 312AFFFE */  andi    $t2, $t1, 0xFFFE           ## $t2 = 00000000
/* 00EB4 808B21E4 A04A0017 */  sb      $t2, 0x0017($v0)           ## 00000097
/* 00EB8 808B21E8 8E0B0258 */  lw      $t3, 0x0258($s0)           ## 00000258
/* 00EBC 808B21EC 3C0A808B */  lui     $t2, %hi(func_808B2240)    ## $t2 = 808B0000
/* 00EC0 808B21F0 254A2240 */  addiu   $t2, $t2, %lo(func_808B2240) ## $t2 = 808B2240
/* 00EC4 808B21F4 01631021 */  addu    $v0, $t3, $v1              
/* 00EC8 808B21F8 904C0057 */  lbu     $t4, 0x0057($v0)           ## 000000D7
/* 00ECC 808B21FC 318DFFFE */  andi    $t5, $t4, 0xFFFE           ## $t5 = 00000000
/* 00ED0 808B2200 A04D0057 */  sb      $t5, 0x0057($v0)           ## 000000D7
/* 00ED4 808B2204 8E0E0258 */  lw      $t6, 0x0258($s0)           ## 00000258
/* 00ED8 808B2208 01C31021 */  addu    $v0, $t6, $v1              
/* 00EDC 808B220C 904F0097 */  lbu     $t7, 0x0097($v0)           ## 00000117
/* 00EE0 808B2210 31F8FFFE */  andi    $t8, $t7, 0xFFFE           ## $t8 = 0000000E
/* 00EE4 808B2214 A0580097 */  sb      $t8, 0x0097($v0)           ## 00000117
/* 00EE8 808B2218 8E190258 */  lw      $t9, 0x0258($s0)           ## 00000258
/* 00EEC 808B221C 03231021 */  addu    $v0, $t9, $v1              
/* 00EF0 808B2220 904800D7 */  lbu     $t0, 0x00D7($v0)           ## 00000157
/* 00EF4 808B2224 3109FFFE */  andi    $t1, $t0, 0xFFFE           ## $t1 = 00000000
/* 00EF8 808B2228 A04900D7 */  sb      $t1, 0x00D7($v0)           ## 00000157
/* 00EFC 808B222C AE0A0188 */  sw      $t2, 0x0188($s0)           ## 00000188
/* 00F00 808B2230 8FBF002C */  lw      $ra, 0x002C($sp)           
/* 00F04 808B2234 8FB00028 */  lw      $s0, 0x0028($sp)           
/* 00F08 808B2238 03E00008 */  jr      $ra                        
/* 00F0C 808B223C 27BD0030 */  addiu   $sp, $sp, 0x0030           ## $sp = 00000000


glabel func_808B2240
/* 00F10 808B2240 27BDFFA0 */  addiu   $sp, $sp, 0xFFA0           ## $sp = FFFFFFA0
/* 00F14 808B2244 AFB00030 */  sw      $s0, 0x0030($sp)           
/* 00F18 808B2248 00808025 */  or      $s0, $a0, $zero            ## $s0 = 00000000
/* 00F1C 808B224C AFBF0034 */  sw      $ra, 0x0034($sp)           
/* 00F20 808B2250 AFA50064 */  sw      $a1, 0x0064($sp)           
/* 00F24 808B2254 8602018E */  lh      $v0, 0x018E($s0)           ## 0000018E
/* 00F28 808B2258 10400002 */  beq     $v0, $zero, .L808B2264     
/* 00F2C 808B225C 244EFFFF */  addiu   $t6, $v0, 0xFFFF           ## $t6 = FFFFFFFF
/* 00F30 808B2260 A60E018E */  sh      $t6, 0x018E($s0)           ## 0000018E
.L808B2264:
/* 00F34 808B2264 0C04DB34 */  jal     func_80136CD0              
/* 00F38 808B2268 26040144 */  addiu   $a0, $s0, 0x0144           ## $a0 = 00000144
/* 00F3C 808B226C 860F018E */  lh      $t7, 0x018E($s0)           ## 0000018E
/* 00F40 808B2270 3C01808B */  lui     $at, %hi(D_808B4ED0)       ## $at = 808B0000
/* 00F44 808B2274 C4264ED0 */  lwc1    $f6, %lo(D_808B4ED0)($at)  
/* 00F48 808B2278 448F5000 */  mtc1    $t7, $f10                  ## $f10 = 0.00
/* 00F4C 808B227C C60401F8 */  lwc1    $f4, 0x01F8($s0)           ## 000001F8
/* 00F50 808B2280 3C01808B */  lui     $at, %hi(D_808B4ED4)       ## $at = 808B0000
/* 00F54 808B2284 468054A0 */  cvt.s.w $f18, $f10                 
/* 00F58 808B2288 46062202 */  mul.s   $f8, $f4, $f6              
/* 00F5C 808B228C C4244ED4 */  lwc1    $f4, %lo(D_808B4ED4)($at)  
/* 00F60 808B2290 3C013F00 */  lui     $at, 0x3F00                ## $at = 3F000000
/* 00F64 808B2294 44815000 */  mtc1    $at, $f10                  ## $f10 = 0.50
/* 00F68 808B2298 260400BC */  addiu   $a0, $s0, 0x00BC           ## $a0 = 000000BC
/* 00F6C 808B229C 46049182 */  mul.s   $f6, $f18, $f4             
/* 00F70 808B22A0 2405C000 */  addiu   $a1, $zero, 0xC000         ## $a1 = FFFFC000
/* 00F74 808B22A4 24060300 */  addiu   $a2, $zero, 0x0300         ## $a2 = 00000300
/* 00F78 808B22A8 46065480 */  add.s   $f18, $f10, $f6            
/* 00F7C 808B22AC 46124082 */  mul.s   $f2, $f8, $f18             
/* 00F80 808B22B0 E6020060 */  swc1    $f2, 0x0060($s0)           ## 00000060
/* 00F84 808B22B4 E602005C */  swc1    $f2, 0x005C($s0)           ## 0000005C
/* 00F88 808B22B8 0C03FB9C */  jal     func_800FEE70              
/* 00F8C 808B22BC E6020058 */  swc1    $f2, 0x0058($s0)           ## 00000058
/* 00F90 808B22C0 8618018E */  lh      $t8, 0x018E($s0)           ## 0000018E
/* 00F94 808B22C4 3C01808B */  lui     $at, %hi(D_808B4ED8)       ## $at = 808B0000
/* 00F98 808B22C8 C4224ED8 */  lwc1    $f2, %lo(D_808B4ED8)($at)  
/* 00F9C 808B22CC 44982000 */  mtc1    $t8, $f4                   ## $f4 = 0.00
/* 00FA0 808B22D0 3C01808B */  lui     $at, %hi(D_808B4EDC)       ## $at = 808B0000
/* 00FA4 808B22D4 C4264EDC */  lwc1    $f6, %lo(D_808B4EDC)($at)  
/* 00FA8 808B22D8 468022A0 */  cvt.s.w $f10, $f4                  
/* 00FAC 808B22DC 3C01808B */  lui     $at, %hi(D_808B4EE0)       ## $at = 808B0000
/* 00FB0 808B22E0 46065002 */  mul.s   $f0, $f10, $f6             
/* 00FB4 808B22E4 4600103C */  c.lt.s  $f2, $f0                   
/* 00FB8 808B22E8 00000000 */  nop
/* 00FBC 808B22EC 45020004 */  bc1fl   .L808B2300                 
/* 00FC0 808B22F0 46000386 */  mov.s   $f14, $f0                  
/* 00FC4 808B22F4 10000002 */  beq     $zero, $zero, .L808B2300   
/* 00FC8 808B22F8 46001386 */  mov.s   $f14, $f2                  
/* 00FCC 808B22FC 46000386 */  mov.s   $f14, $f0                  
.L808B2300:
/* 00FD0 808B2300 C4284EE0 */  lwc1    $f8, %lo(D_808B4EE0)($at)  
/* 00FD4 808B2304 46087302 */  mul.s   $f12, $f14, $f8            
/* 00FD8 808B2308 0C05E53B */  jal     func_801794EC              
/* 00FDC 808B230C 00000000 */  nop
/* 00FE0 808B2310 3C014200 */  lui     $at, 0x4200                ## $at = 42000000
/* 00FE4 808B2314 44819000 */  mtc1    $at, $f18                  ## $f18 = 32.00
/* 00FE8 808B2318 3C014160 */  lui     $at, 0x4160                ## $at = 41600000
/* 00FEC 808B231C 44815000 */  mtc1    $at, $f10                  ## $f10 = 14.00
/* 00FF0 808B2320 46120102 */  mul.s   $f4, $f0, $f18             
/* 00FF4 808B2324 460A2180 */  add.s   $f6, $f4, $f10             
/* 00FF8 808B2328 E7A60058 */  swc1    $f6, 0x0058($sp)           
/* 00FFC 808B232C 860200BC */  lh      $v0, 0x00BC($s0)           ## 000000BC
/* 01000 808B2330 2841C71D */  slti    $at, $v0, 0xC71D           
/* 01004 808B2334 50200005 */  beql    $at, $zero, .L808B234C     
/* 01008 808B2338 2841DC72 */  slti    $at, $v0, 0xDC72           
/* 0100C 808B233C 44806000 */  mtc1    $zero, $f12                ## $f12 = 0.00
/* 01010 808B2340 10000071 */  beq     $zero, $zero, .L808B2508   
/* 01014 808B2344 C7A80058 */  lwc1    $f8, 0x0058($sp)           
/* 01018 808B2348 2841DC72 */  slti    $at, $v0, 0xDC72           
.L808B234C:
/* 0101C 808B234C 1020000C */  beq     $at, $zero, .L808B2380     
/* 01020 808B2350 26040192 */  addiu   $a0, $s0, 0x0192           ## $a0 = 00000192
/* 01024 808B2354 2405C000 */  addiu   $a1, $zero, 0xC000         ## $a1 = FFFFC000
/* 01028 808B2358 0C03FB9C */  jal     func_800FEE70              
/* 0102C 808B235C 24060555 */  addiu   $a2, $zero, 0x0555         ## $a2 = 00000555
/* 01030 808B2360 0C03FB51 */  jal     func_800FED44              
/* 01034 808B2364 86040192 */  lh      $a0, 0x0192($s0)           ## 00000192
/* 01038 808B2368 3C0141A0 */  lui     $at, 0x41A0                ## $at = 41A00000
/* 0103C 808B236C 44818000 */  mtc1    $at, $f16                  ## $f16 = 20.00
/* 01040 808B2370 00000000 */  nop
/* 01044 808B2374 46100302 */  mul.s   $f12, $f0, $f16            
/* 01048 808B2378 10000063 */  beq     $zero, $zero, .L808B2508   
/* 0104C 808B237C C7A80058 */  lwc1    $f8, 0x0058($sp)           
.L808B2380:
/* 01050 808B2380 2841F1C8 */  slti    $at, $v0, 0xF1C8           
/* 01054 808B2384 10200031 */  beq     $at, $zero, .L808B244C     
/* 01058 808B2388 26040192 */  addiu   $a0, $s0, 0x0192           ## $a0 = 00000192
/* 0105C 808B238C 26040192 */  addiu   $a0, $s0, 0x0192           ## $a0 = 00000192
/* 01060 808B2390 2405AAAB */  addiu   $a1, $zero, 0xAAAB         ## $a1 = FFFFAAAB
/* 01064 808B2394 0C03FB9C */  jal     func_800FEE70              
/* 01068 808B2398 24060555 */  addiu   $a2, $zero, 0x0555         ## $a2 = 00000555
/* 0106C 808B239C 26040194 */  addiu   $a0, $s0, 0x0194           ## $a0 = 00000194
/* 01070 808B23A0 2405C000 */  addiu   $a1, $zero, 0xC000         ## $a1 = FFFFC000
/* 01074 808B23A4 0C03FB9C */  jal     func_800FEE70              
/* 01078 808B23A8 24060555 */  addiu   $a2, $zero, 0x0555         ## $a2 = 00000555
/* 0107C 808B23AC 26040196 */  addiu   $a0, $s0, 0x0196           ## $a0 = 00000196
/* 01080 808B23B0 2405C000 */  addiu   $a1, $zero, 0xC000         ## $a1 = FFFFC000
/* 01084 808B23B4 0C03FB9C */  jal     func_800FEE70              
/* 01088 808B23B8 24060333 */  addiu   $a2, $zero, 0x0333         ## $a2 = 00000333
/* 0108C 808B23BC 0C03FB51 */  jal     func_800FED44              
/* 01090 808B23C0 86040194 */  lh      $a0, 0x0194($s0)           ## 00000194
/* 01094 808B23C4 E7A0003C */  swc1    $f0, 0x003C($sp)           
/* 01098 808B23C8 0C03FB51 */  jal     func_800FED44              
/* 0109C 808B23CC 86040192 */  lh      $a0, 0x0192($s0)           ## 00000192
/* 010A0 808B23D0 E7A00040 */  swc1    $f0, 0x0040($sp)           
/* 010A4 808B23D4 0C03FB51 */  jal     func_800FED44              
/* 010A8 808B23D8 86040196 */  lh      $a0, 0x0196($s0)           ## 00000196
/* 010AC 808B23DC E7A00044 */  swc1    $f0, 0x0044($sp)           
/* 010B0 808B23E0 0C03FB61 */  jal     func_800FED84              
/* 010B4 808B23E4 86040194 */  lh      $a0, 0x0194($s0)           ## 00000194
/* 010B8 808B23E8 86040192 */  lh      $a0, 0x0192($s0)           ## 00000192
/* 010BC 808B23EC 0C03FB61 */  jal     func_800FED84              
/* 010C0 808B23F0 E7A00048 */  swc1    $f0, 0x0048($sp)           
/* 010C4 808B23F4 86040196 */  lh      $a0, 0x0196($s0)           ## 00000196
/* 010C8 808B23F8 0C03FB61 */  jal     func_800FED84              
/* 010CC 808B23FC E7A0004C */  swc1    $f0, 0x004C($sp)           
/* 010D0 808B2400 C7AE004C */  lwc1    $f14, 0x004C($sp)          
/* 010D4 808B2404 C7A20048 */  lwc1    $f2, 0x0048($sp)           
/* 010D8 808B2408 3C0141A0 */  lui     $at, 0x41A0                ## $at = 41A00000
/* 010DC 808B240C 46007487 */  neg.s   $f18, $f14                 
/* 010E0 808B2410 44818000 */  mtc1    $at, $f16                  ## $f16 = 20.00
/* 010E4 808B2414 46029101 */  sub.s   $f4, $f18, $f2             
/* 010E8 808B2418 C7A80058 */  lwc1    $f8, 0x0058($sp)           
/* 010EC 808B241C C7B20044 */  lwc1    $f18, 0x0044($sp)          
/* 010F0 808B2420 46048282 */  mul.s   $f10, $f16, $f4            
/* 010F4 808B2424 460A4181 */  sub.s   $f6, $f8, $f10             
/* 010F8 808B2428 46000207 */  neg.s   $f8, $f0                   
/* 010FC 808B242C 46123102 */  mul.s   $f4, $f6, $f18             
/* 01100 808B2430 C7B2003C */  lwc1    $f18, 0x003C($sp)          
/* 01104 808B2434 C7A60040 */  lwc1    $f6, 0x0040($sp)           
/* 01108 808B2438 46082283 */  div.s   $f10, $f4, $f8             
/* 0110C 808B243C 46123100 */  add.s   $f4, $f6, $f18             
/* 01110 808B2440 46048202 */  mul.s   $f8, $f16, $f4             
/* 01114 808B2444 1000002F */  beq     $zero, $zero, .L808B2504   
/* 01118 808B2448 46085300 */  add.s   $f12, $f10, $f8            
.L808B244C:
/* 0111C 808B244C 2405AAAB */  addiu   $a1, $zero, 0xAAAB         ## $a1 = FFFFAAAB
/* 01120 808B2450 0C03FB9C */  jal     func_800FEE70              
/* 01124 808B2454 24060555 */  addiu   $a2, $zero, 0x0555         ## $a2 = 00000555
/* 01128 808B2458 26040194 */  addiu   $a0, $s0, 0x0194           ## $a0 = 00000194
/* 0112C 808B245C 2405AAAB */  addiu   $a1, $zero, 0xAAAB         ## $a1 = FFFFAAAB
/* 01130 808B2460 0C03FB9C */  jal     func_800FEE70              
/* 01134 808B2464 24060333 */  addiu   $a2, $zero, 0x0333         ## $a2 = 00000333
/* 01138 808B2468 26040196 */  addiu   $a0, $s0, 0x0196           ## $a0 = 00000196
/* 0113C 808B246C 2405C000 */  addiu   $a1, $zero, 0xC000         ## $a1 = FFFFC000
/* 01140 808B2470 0C03FB9C */  jal     func_800FEE70              
/* 01144 808B2474 24060333 */  addiu   $a2, $zero, 0x0333         ## $a2 = 00000333
/* 01148 808B2478 0C03FB51 */  jal     func_800FED44              
/* 0114C 808B247C 86040194 */  lh      $a0, 0x0194($s0)           ## 00000194
/* 01150 808B2480 E7A0003C */  swc1    $f0, 0x003C($sp)           
/* 01154 808B2484 0C03FB51 */  jal     func_800FED44              
/* 01158 808B2488 86040192 */  lh      $a0, 0x0192($s0)           ## 00000192
/* 0115C 808B248C E7A00040 */  swc1    $f0, 0x0040($sp)           
/* 01160 808B2490 0C03FB51 */  jal     func_800FED44              
/* 01164 808B2494 86040196 */  lh      $a0, 0x0196($s0)           ## 00000196
/* 01168 808B2498 E7A00044 */  swc1    $f0, 0x0044($sp)           
/* 0116C 808B249C 0C03FB61 */  jal     func_800FED84              
/* 01170 808B24A0 86040194 */  lh      $a0, 0x0194($s0)           ## 00000194
/* 01174 808B24A4 86040192 */  lh      $a0, 0x0192($s0)           ## 00000192
/* 01178 808B24A8 0C03FB61 */  jal     func_800FED84              
/* 0117C 808B24AC E7A00048 */  swc1    $f0, 0x0048($sp)           
/* 01180 808B24B0 86040196 */  lh      $a0, 0x0196($s0)           ## 00000196
/* 01184 808B24B4 0C03FB61 */  jal     func_800FED84              
/* 01188 808B24B8 E7A0004C */  swc1    $f0, 0x004C($sp)           
/* 0118C 808B24BC C7AE004C */  lwc1    $f14, 0x004C($sp)          
/* 01190 808B24C0 C7A20048 */  lwc1    $f2, 0x0048($sp)           
/* 01194 808B24C4 3C0141A0 */  lui     $at, 0x41A0                ## $at = 41A00000
/* 01198 808B24C8 46007487 */  neg.s   $f18, $f14                 
/* 0119C 808B24CC 44818000 */  mtc1    $at, $f16                  ## $f16 = 20.00
/* 011A0 808B24D0 46029101 */  sub.s   $f4, $f18, $f2             
/* 011A4 808B24D4 C7A60058 */  lwc1    $f6, 0x0058($sp)           
/* 011A8 808B24D8 C7B20044 */  lwc1    $f18, 0x0044($sp)          
/* 011AC 808B24DC 46048282 */  mul.s   $f10, $f16, $f4            
/* 011B0 808B24E0 460A3201 */  sub.s   $f8, $f6, $f10             
/* 011B4 808B24E4 46000187 */  neg.s   $f6, $f0                   
/* 011B8 808B24E8 46124102 */  mul.s   $f4, $f8, $f18             
/* 011BC 808B24EC C7B2003C */  lwc1    $f18, 0x003C($sp)          
/* 011C0 808B24F0 C7A80040 */  lwc1    $f8, 0x0040($sp)           
/* 011C4 808B24F4 46062283 */  div.s   $f10, $f4, $f6             
/* 011C8 808B24F8 46124100 */  add.s   $f4, $f8, $f18             
/* 011CC 808B24FC 46048182 */  mul.s   $f6, $f16, $f4             
/* 011D0 808B2500 46065300 */  add.s   $f12, $f10, $f6            
.L808B2504:
/* 011D4 808B2504 C7A80058 */  lwc1    $f8, 0x0058($sp)           
.L808B2508:
/* 011D8 808B2508 C61201F8 */  lwc1    $f18, 0x01F8($s0)          ## 000001F8
/* 011DC 808B250C C60A000C */  lwc1    $f10, 0x000C($s0)          ## 0000000C
/* 011E0 808B2510 860400BE */  lh      $a0, 0x00BE($s0)           ## 000000BE
/* 011E4 808B2514 46124102 */  mul.s   $f4, $f8, $f18             
/* 011E8 808B2518 46045180 */  add.s   $f6, $f10, $f4             
/* 011EC 808B251C E6060028 */  swc1    $f6, 0x0028($s0)           ## 00000028
/* 011F0 808B2520 0C03FB61 */  jal     func_800FED84              
/* 011F4 808B2524 E7AC005C */  swc1    $f12, 0x005C($sp)          
/* 011F8 808B2528 C7AC005C */  lwc1    $f12, 0x005C($sp)          
/* 011FC 808B252C C60801F8 */  lwc1    $f8, 0x01F8($s0)           ## 000001F8
/* 01200 808B2530 46086482 */  mul.s   $f18, $f12, $f8            
/* 01204 808B2534 00000000 */  nop
/* 01208 808B2538 46120282 */  mul.s   $f10, $f0, $f18            
/* 0120C 808B253C E7AA0054 */  swc1    $f10, 0x0054($sp)          
/* 01210 808B2540 0C03FB51 */  jal     func_800FED44              
/* 01214 808B2544 860400BE */  lh      $a0, 0x00BE($s0)           ## 000000BE
/* 01218 808B2548 C7B2005C */  lwc1    $f18, 0x005C($sp)          
/* 0121C 808B254C C61001F8 */  lwc1    $f16, 0x01F8($s0)          ## 000001F8
/* 01220 808B2550 C60E0008 */  lwc1    $f14, 0x0008($s0)          ## 00000008
/* 01224 808B2554 C7AC0054 */  lwc1    $f12, 0x0054($sp)          
/* 01228 808B2558 46109482 */  mul.s   $f18, $f18, $f16           
/* 0122C 808B255C C60A0010 */  lwc1    $f10, 0x0010($s0)          ## 00000010
/* 01230 808B2560 460C7300 */  add.s   $f12, $f14, $f12           
/* 01234 808B2564 3C014040 */  lui     $at, 0x4040                ## $at = 40400000
/* 01238 808B2568 44817000 */  mtc1    $at, $f14                  ## $f14 = 3.00
/* 0123C 808B256C 3C014140 */  lui     $at, 0x4140                ## $at = 41400000
/* 01240 808B2570 44814000 */  mtc1    $at, $f8                   ## $f8 = 12.00
/* 01244 808B2574 46120482 */  mul.s   $f18, $f0, $f18            
/* 01248 808B2578 3C0140A0 */  lui     $at, 0x40A0                ## $at = 40A00000
/* 0124C 808B257C 44813000 */  mtc1    $at, $f6                   ## $f6 = 5.00
/* 01250 808B2580 460E8382 */  mul.s   $f14, $f16, $f14           
/* 01254 808B2584 E60C0024 */  swc1    $f12, 0x0024($s0)          ## 00000024
/* 01258 808B2588 240B0001 */  addiu   $t3, $zero, 0x0001         ## $t3 = 00000001
/* 0125C 808B258C 46088202 */  mul.s   $f8, $f16, $f8             
/* 01260 808B2590 240CFFFF */  addiu   $t4, $zero, 0xFFFF         ## $t4 = FFFFFFFF
/* 01264 808B2594 46125480 */  add.s   $f18, $f10, $f18           
/* 01268 808B2598 46068182 */  mul.s   $f6, $f16, $f6             
/* 0126C 808B259C 44067000 */  mfc1    $a2, $f14                  
/* 01270 808B25A0 240D000A */  addiu   $t5, $zero, 0x000A         ## $t5 = 0000000A
/* 01274 808B25A4 E612002C */  swc1    $f18, 0x002C($s0)          ## 0000002C
/* 01278 808B25A8 8FA40064 */  lw      $a0, 0x0064($sp)           
/* 0127C 808B25AC 26050008 */  addiu   $a1, $s0, 0x0008           ## $a1 = 00000008
/* 01280 808B25B0 4600420D */  trunc.w.s $f8, $f8                   
/* 01284 808B25B4 00003825 */  or      $a3, $zero, $zero          ## $a3 = 00000000
/* 01288 808B25B8 AFAB0018 */  sw      $t3, 0x0018($sp)           
/* 0128C 808B25BC 4600318D */  trunc.w.s $f6, $f6                   
/* 01290 808B25C0 44084000 */  mfc1    $t0, $f8                   
/* 01294 808B25C4 AFAC001C */  sw      $t4, 0x001C($sp)           
/* 01298 808B25C8 AFAD0020 */  sw      $t5, 0x0020($sp)           
/* 0129C 808B25CC 440A3000 */  mfc1    $t2, $f6                   
/* 012A0 808B25D0 AFA80010 */  sw      $t0, 0x0010($sp)           
/* 012A4 808B25D4 AFA00024 */  sw      $zero, 0x0024($sp)         
/* 012A8 808B25D8 0C02C887 */  jal     func_800B221C              
/* 012AC 808B25DC AFAA0014 */  sw      $t2, 0x0014($sp)           
/* 012B0 808B25E0 860E018E */  lh      $t6, 0x018E($s0)           ## 0000018E
/* 012B4 808B25E4 55C00004 */  bnel    $t6, $zero, .L808B25F8     
/* 012B8 808B25E8 8FBF0034 */  lw      $ra, 0x0034($sp)           
/* 012BC 808B25EC 0C22C62A */  jal     func_808B18A8              
/* 012C0 808B25F0 02002025 */  or      $a0, $s0, $zero            ## $a0 = 00000000
/* 012C4 808B25F4 8FBF0034 */  lw      $ra, 0x0034($sp)           
.L808B25F8:
/* 012C8 808B25F8 8FB00030 */  lw      $s0, 0x0030($sp)           
/* 012CC 808B25FC 27BD0060 */  addiu   $sp, $sp, 0x0060           ## $sp = 00000000
/* 012D0 808B2600 03E00008 */  jr      $ra                        
/* 012D4 808B2604 00000000 */  nop


glabel func_808B2608
/* 012D8 808B2608 27BDFFE8 */  addiu   $sp, $sp, 0xFFE8           ## $sp = FFFFFFE8
/* 012DC 808B260C AFBF0014 */  sw      $ra, 0x0014($sp)           
/* 012E0 808B2610 AFA40018 */  sw      $a0, 0x0018($sp)           
/* 012E4 808B2614 3C040600 */  lui     $a0, 0x0600                ## $a0 = 06000000
/* 012E8 808B2618 0C04D1D2 */  jal     func_80134748              
/* 012EC 808B261C 248402B8 */  addiu   $a0, $a0, 0x02B8           ## $a0 = 060002B8
/* 012F0 808B2620 8FA30018 */  lw      $v1, 0x0018($sp)           
/* 012F4 808B2624 00027040 */  sll     $t6, $v0,  1               
/* 012F8 808B2628 3C050600 */  lui     $a1, 0x0600                ## $a1 = 06000000
/* 012FC 808B262C 24A502B8 */  addiu   $a1, $a1, 0x02B8           ## $a1 = 060002B8
/* 01300 808B2630 3C06C040 */  lui     $a2, 0xC040                ## $a2 = C0400000
/* 01304 808B2634 A46E018E */  sh      $t6, 0x018E($v1)           ## 0000018E
/* 01308 808B2638 0C04DD65 */  jal     func_80137594              
/* 0130C 808B263C 24640144 */  addiu   $a0, $v1, 0x0144           ## $a0 = 00000144
/* 01310 808B2640 8FB80018 */  lw      $t8, 0x0018($sp)           
/* 01314 808B2644 3C0F808B */  lui     $t7, %hi(func_808B2660)    ## $t7 = 808B0000
/* 01318 808B2648 25EF2660 */  addiu   $t7, $t7, %lo(func_808B2660) ## $t7 = 808B2660
/* 0131C 808B264C AF0F0188 */  sw      $t7, 0x0188($t8)           ## 00000188
/* 01320 808B2650 8FBF0014 */  lw      $ra, 0x0014($sp)           
/* 01324 808B2654 27BD0018 */  addiu   $sp, $sp, 0x0018           ## $sp = 00000000
/* 01328 808B2658 03E00008 */  jr      $ra                        
/* 0132C 808B265C 00000000 */  nop


glabel func_808B2660
/* 01330 808B2660 27BDFFC8 */  addiu   $sp, $sp, 0xFFC8           ## $sp = FFFFFFC8
/* 01334 808B2664 AFB00018 */  sw      $s0, 0x0018($sp)           
/* 01338 808B2668 00808025 */  or      $s0, $a0, $zero            ## $s0 = 00000000
/* 0133C 808B266C AFBF001C */  sw      $ra, 0x001C($sp)           
/* 01340 808B2670 8CAE1CCC */  lw      $t6, 0x1CCC($a1)           ## 00001CCC
/* 01344 808B2674 26040144 */  addiu   $a0, $s0, 0x0144           ## $a0 = 00000144
/* 01348 808B2678 AFA4002C */  sw      $a0, 0x002C($sp)           
/* 0134C 808B267C 0C04DB34 */  jal     func_80136CD0              
/* 01350 808B2680 AFAE0034 */  sw      $t6, 0x0034($sp)           
/* 01354 808B2684 8FA4002C */  lw      $a0, 0x002C($sp)           
/* 01358 808B2688 0C04DE2E */  jal     func_801378B8              
/* 0135C 808B268C 24050000 */  addiu   $a1, $zero, 0x0000         ## $a1 = 00000000
/* 01360 808B2690 14400005 */  bne     $v0, $zero, .L808B26A8     
/* 01364 808B2694 8FA4002C */  lw      $a0, 0x002C($sp)           
/* 01368 808B2698 0C04DE2E */  jal     func_801378B8              
/* 0136C 808B269C 3C054140 */  lui     $a1, 0x4140                ## $a1 = 41400000
/* 01370 808B26A0 5040000D */  beql    $v0, $zero, .L808B26D8     
/* 01374 808B26A4 8602018E */  lh      $v0, 0x018E($s0)           ## 0000018E
.L808B26A8:
/* 01378 808B26A8 860F001C */  lh      $t7, 0x001C($s0)           ## 0000001C
/* 0137C 808B26AC 24010001 */  addiu   $at, $zero, 0x0001         ## $at = 00000001
/* 01380 808B26B0 2405385C */  addiu   $a1, $zero, 0x385C         ## $a1 = 0000385C
/* 01384 808B26B4 15E10005 */  bne     $t7, $at, .L808B26CC       
/* 01388 808B26B8 02002025 */  or      $a0, $s0, $zero            ## $a0 = 00000000
/* 0138C 808B26BC 0C02E3B2 */  jal     func_800B8EC8              
/* 01390 808B26C0 02002025 */  or      $a0, $s0, $zero            ## $a0 = 00000000
/* 01394 808B26C4 10000004 */  beq     $zero, $zero, .L808B26D8   
/* 01398 808B26C8 8602018E */  lh      $v0, 0x018E($s0)           ## 0000018E
.L808B26CC:
/* 0139C 808B26CC 0C02E3B2 */  jal     func_800B8EC8              
/* 013A0 808B26D0 24053860 */  addiu   $a1, $zero, 0x3860         ## $a1 = 00003860
/* 013A4 808B26D4 8602018E */  lh      $v0, 0x018E($s0)           ## 0000018E
.L808B26D8:
/* 013A8 808B26D8 10400002 */  beq     $v0, $zero, .L808B26E4     
/* 013AC 808B26DC 2458FFFF */  addiu   $t8, $v0, 0xFFFF           ## $t8 = FFFFFFFF
/* 013B0 808B26E0 A618018E */  sh      $t8, 0x018E($s0)           ## 0000018E
.L808B26E4:
/* 013B4 808B26E4 8FA50034 */  lw      $a1, 0x0034($sp)           
/* 013B8 808B26E8 26040008 */  addiu   $a0, $s0, 0x0008           ## $a0 = 00000008
/* 013BC 808B26EC AFA40028 */  sw      $a0, 0x0028($sp)           
/* 013C0 808B26F0 24A50024 */  addiu   $a1, $a1, 0x0024           ## $a1 = 00000024
/* 013C4 808B26F4 0C03FE98 */  jal     func_800FFA60              
/* 013C8 808B26F8 AFA50024 */  sw      $a1, 0x0024($sp)           
/* 013CC 808B26FC 8607018E */  lh      $a3, 0x018E($s0)           ## 0000018E
/* 013D0 808B2700 24010005 */  addiu   $at, $zero, 0x0005         ## $at = 00000005
/* 013D4 808B2704 00022C00 */  sll     $a1, $v0, 16               
/* 013D8 808B2708 00E1001A */  div     $zero, $a3, $at            
/* 013DC 808B270C 00003810 */  mfhi    $a3                        
/* 013E0 808B2710 00E00821 */  addu    $at, $a3, $zero            
/* 013E4 808B2714 00073900 */  sll     $a3, $a3,  4               
/* 013E8 808B2718 00E13821 */  addu    $a3, $a3, $at              
/* 013EC 808B271C 00073900 */  sll     $a3, $a3,  4               
/* 013F0 808B2720 00E13821 */  addu    $a3, $a3, $at              
/* 013F4 808B2724 00073840 */  sll     $a3, $a3,  1               
/* 013F8 808B2728 00073C00 */  sll     $a3, $a3, 16               
/* 013FC 808B272C 00073C03 */  sra     $a3, $a3, 16               
/* 01400 808B2730 00052C03 */  sra     $a1, $a1, 16               
/* 01404 808B2734 260400BE */  addiu   $a0, $s0, 0x00BE           ## $a0 = 000000BE
/* 01408 808B2738 0C03FFF6 */  jal     func_800FFFD8              
/* 0140C 808B273C 24060002 */  addiu   $a2, $zero, 0x0002         ## $a2 = 00000002
/* 01410 808B2740 8602018E */  lh      $v0, 0x018E($s0)           ## 0000018E
/* 01414 808B2744 2841000A */  slti    $at, $v0, 0x000A           
/* 01418 808B2748 5020000F */  beql    $at, $zero, .L808B2788     
/* 0141C 808B274C 28410014 */  slti    $at, $v0, 0x0014           
/* 01420 808B2750 86190192 */  lh      $t9, 0x0192($s0)           ## 00000192
/* 01424 808B2754 86090194 */  lh      $t1, 0x0194($s0)           ## 00000194
/* 01428 808B2758 860B0196 */  lh      $t3, 0x0196($s0)           ## 00000196
/* 0142C 808B275C 860D00BC */  lh      $t5, 0x00BC($s0)           ## 000000BC
/* 01430 808B2760 2728016C */  addiu   $t0, $t9, 0x016C           ## $t0 = 0000016C
/* 01434 808B2764 252A016C */  addiu   $t2, $t1, 0x016C           ## $t2 = 0000016C
/* 01438 808B2768 256C00B6 */  addiu   $t4, $t3, 0x00B6           ## $t4 = 000000B6
/* 0143C 808B276C 25AE0222 */  addiu   $t6, $t5, 0x0222           ## $t6 = 00000222
/* 01440 808B2770 A6080192 */  sh      $t0, 0x0192($s0)           ## 00000192
/* 01444 808B2774 A60A0194 */  sh      $t2, 0x0194($s0)           ## 00000194
/* 01448 808B2778 A60C0196 */  sh      $t4, 0x0196($s0)           ## 00000196
/* 0144C 808B277C 10000021 */  beq     $zero, $zero, .L808B2804   
/* 01450 808B2780 A60E00BC */  sh      $t6, 0x00BC($s0)           ## 000000BC
/* 01454 808B2784 28410014 */  slti    $at, $v0, 0x0014           
.L808B2788:
/* 01458 808B2788 5020000C */  beql    $at, $zero, .L808B27BC     
/* 0145C 808B278C 2841001E */  slti    $at, $v0, 0x001E           
/* 01460 808B2790 860F0192 */  lh      $t7, 0x0192($s0)           ## 00000192
/* 01464 808B2794 86190194 */  lh      $t9, 0x0194($s0)           ## 00000194
/* 01468 808B2798 860900BC */  lh      $t1, 0x00BC($s0)           ## 000000BC
/* 0146C 808B279C 25F8FE94 */  addiu   $t8, $t7, 0xFE94           ## $t8 = FFFFFE94
/* 01470 808B27A0 27280111 */  addiu   $t0, $t9, 0x0111           ## $t0 = 00000111
/* 01474 808B27A4 252A016C */  addiu   $t2, $t1, 0x016C           ## $t2 = 0000016C
/* 01478 808B27A8 A6180192 */  sh      $t8, 0x0192($s0)           ## 00000192
/* 0147C 808B27AC A6080194 */  sh      $t0, 0x0194($s0)           ## 00000194
/* 01480 808B27B0 10000014 */  beq     $zero, $zero, .L808B2804   
/* 01484 808B27B4 A60A00BC */  sh      $t2, 0x00BC($s0)           ## 000000BC
/* 01488 808B27B8 2841001E */  slti    $at, $v0, 0x001E           
.L808B27BC:
/* 0148C 808B27BC 50200009 */  beql    $at, $zero, .L808B27E4     
/* 01490 808B27C0 860F0194 */  lh      $t7, 0x0194($s0)           ## 00000194
/* 01494 808B27C4 860B0194 */  lh      $t3, 0x0194($s0)           ## 00000194
/* 01498 808B27C8 860D00BC */  lh      $t5, 0x00BC($s0)           ## 000000BC
/* 0149C 808B27CC 256CFEEF */  addiu   $t4, $t3, 0xFEEF           ## $t4 = FFFFFEEF
/* 014A0 808B27D0 25AEFF4A */  addiu   $t6, $t5, 0xFF4A           ## $t6 = FFFFFF4A
/* 014A4 808B27D4 A60C0194 */  sh      $t4, 0x0194($s0)           ## 00000194
/* 014A8 808B27D8 1000000A */  beq     $zero, $zero, .L808B2804   
/* 014AC 808B27DC A60E00BC */  sh      $t6, 0x00BC($s0)           ## 000000BC
/* 014B0 808B27E0 860F0194 */  lh      $t7, 0x0194($s0)           ## 00000194
.L808B27E4:
/* 014B4 808B27E4 86190196 */  lh      $t9, 0x0196($s0)           ## 00000196
/* 014B8 808B27E8 860900BC */  lh      $t1, 0x00BC($s0)           ## 000000BC
/* 014BC 808B27EC 25F8FF4A */  addiu   $t8, $t7, 0xFF4A           ## $t8 = FFFFFF4A
/* 014C0 808B27F0 272800B6 */  addiu   $t0, $t9, 0x00B6           ## $t0 = 000000B6
/* 014C4 808B27F4 252AFE94 */  addiu   $t2, $t1, 0xFE94           ## $t2 = FFFFFE94
/* 014C8 808B27F8 A6180194 */  sh      $t8, 0x0194($s0)           ## 00000194
/* 014CC 808B27FC A6080196 */  sh      $t0, 0x0196($s0)           ## 00000196
/* 014D0 808B2800 A60A00BC */  sh      $t2, 0x00BC($s0)           ## 000000BC
.L808B2804:
/* 014D4 808B2804 0C22C56E */  jal     func_808B15B8              
/* 014D8 808B2808 02002025 */  or      $a0, $s0, $zero            ## $a0 = 00000000
/* 014DC 808B280C 8FA40028 */  lw      $a0, 0x0028($sp)           
/* 014E0 808B2810 0C03FE4B */  jal     func_800FF92C              
/* 014E4 808B2814 8FA50024 */  lw      $a1, 0x0024($sp)           
/* 014E8 808B2818 3C014370 */  lui     $at, 0x4370                ## $at = 43700000
/* 014EC 808B281C 44812000 */  mtc1    $at, $f4                   ## $f4 = 240.00
/* 014F0 808B2820 C60201F8 */  lwc1    $f2, 0x01F8($s0)           ## 000001F8
/* 014F4 808B2824 46022182 */  mul.s   $f6, $f4, $f2              
/* 014F8 808B2828 4600303C */  c.lt.s  $f6, $f0                   
/* 014FC 808B282C 00000000 */  nop
/* 01500 808B2830 45020006 */  bc1fl   .L808B284C                 
/* 01504 808B2834 860B018E */  lh      $t3, 0x018E($s0)           ## 0000018E
/* 01508 808B2838 0C22C856 */  jal     func_808B2158              
/* 0150C 808B283C 02002025 */  or      $a0, $s0, $zero            ## $a0 = 00000000
/* 01510 808B2840 1000000F */  beq     $zero, $zero, .L808B2880   
/* 01514 808B2844 8FBF001C */  lw      $ra, 0x001C($sp)           
/* 01518 808B2848 860B018E */  lh      $t3, 0x018E($s0)           ## 0000018E
.L808B284C:
/* 0151C 808B284C 3C0142A0 */  lui     $at, 0x42A0                ## $at = 42A00000
/* 01520 808B2850 11600008 */  beq     $t3, $zero, .L808B2874     
/* 01524 808B2854 00000000 */  nop
/* 01528 808B2858 44815000 */  mtc1    $at, $f10                  ## $f10 = 80.00
/* 0152C 808B285C C6080098 */  lwc1    $f8, 0x0098($s0)           ## 00000098
/* 01530 808B2860 46025402 */  mul.s   $f16, $f10, $f2            
/* 01534 808B2864 4610403C */  c.lt.s  $f8, $f16                  
/* 01538 808B2868 00000000 */  nop
/* 0153C 808B286C 45020004 */  bc1fl   .L808B2880                 
/* 01540 808B2870 8FBF001C */  lw      $ra, 0x001C($sp)           
.L808B2874:
/* 01544 808B2874 0C22CA24 */  jal     func_808B2890              
/* 01548 808B2878 02002025 */  or      $a0, $s0, $zero            ## $a0 = 00000000
/* 0154C 808B287C 8FBF001C */  lw      $ra, 0x001C($sp)           
.L808B2880:
/* 01550 808B2880 8FB00018 */  lw      $s0, 0x0018($sp)           
/* 01554 808B2884 27BD0038 */  addiu   $sp, $sp, 0x0038           ## $sp = 00000000
/* 01558 808B2888 03E00008 */  jr      $ra                        
/* 0155C 808B288C 00000000 */  nop


glabel func_808B2890
/* 01560 808B2890 44802000 */  mtc1    $zero, $f4                 ## $f4 = 0.00
/* 01564 808B2894 3C0F808B */  lui     $t7, %hi(func_808B28B4)    ## $t7 = 808B0000
/* 01568 808B2898 240E0008 */  addiu   $t6, $zero, 0x0008         ## $t6 = 00000008
/* 0156C 808B289C 25EF28B4 */  addiu   $t7, $t7, %lo(func_808B28B4) ## $t7 = 808B28B4
/* 01570 808B28A0 A48E018E */  sh      $t6, 0x018E($a0)           ## 0000018E
/* 01574 808B28A4 AC8F0188 */  sw      $t7, 0x0188($a0)           ## 00000188
/* 01578 808B28A8 E4840160 */  swc1    $f4, 0x0160($a0)           ## 00000160
/* 0157C 808B28AC 03E00008 */  jr      $ra                        
/* 01580 808B28B0 00000000 */  nop


glabel func_808B28B4
/* 01584 808B28B4 27BDFFD0 */  addiu   $sp, $sp, 0xFFD0           ## $sp = FFFFFFD0
/* 01588 808B28B8 AFB00020 */  sw      $s0, 0x0020($sp)           
/* 0158C 808B28BC 00808025 */  or      $s0, $a0, $zero            ## $s0 = 00000000
/* 01590 808B28C0 AFBF0024 */  sw      $ra, 0x0024($sp)           
/* 01594 808B28C4 8602018E */  lh      $v0, 0x018E($s0)           ## 0000018E
/* 01598 808B28C8 8CA31CCC */  lw      $v1, 0x1CCC($a1)           ## 00001CCC
/* 0159C 808B28CC 24051800 */  addiu   $a1, $zero, 0x1800         ## $a1 = 00001800
/* 015A0 808B28D0 10400003 */  beq     $v0, $zero, .L808B28E0     
/* 015A4 808B28D4 260400BC */  addiu   $a0, $s0, 0x00BC           ## $a0 = 000000BC
/* 015A8 808B28D8 244EFFFF */  addiu   $t6, $v0, 0xFFFF           ## $t6 = FFFFFFFF
/* 015AC 808B28DC A60E018E */  sh      $t6, 0x018E($s0)           ## 0000018E
.L808B28E0:
/* 015B0 808B28E0 240F071C */  addiu   $t7, $zero, 0x071C         ## $t7 = 0000071C
/* 015B4 808B28E4 AFAF0010 */  sw      $t7, 0x0010($sp)           
/* 015B8 808B28E8 24060002 */  addiu   $a2, $zero, 0x0002         ## $a2 = 00000002
/* 015BC 808B28EC 24070E38 */  addiu   $a3, $zero, 0x0E38         ## $a3 = 00000E38
/* 015C0 808B28F0 0C03FFAF */  jal     func_800FFEBC              
/* 015C4 808B28F4 AFA3002C */  sw      $v1, 0x002C($sp)           
/* 015C8 808B28F8 8FA3002C */  lw      $v1, 0x002C($sp)           
/* 015CC 808B28FC 26040008 */  addiu   $a0, $s0, 0x0008           ## $a0 = 00000008
/* 015D0 808B2900 0C03FE98 */  jal     func_800FFA60              
/* 015D4 808B2904 24650024 */  addiu   $a1, $v1, 0x0024           ## $a1 = 00000024
/* 015D8 808B2908 00022C00 */  sll     $a1, $v0, 16               
/* 015DC 808B290C 00052C03 */  sra     $a1, $a1, 16               
/* 015E0 808B2910 260400BE */  addiu   $a0, $s0, 0x00BE           ## $a0 = 000000BE
/* 015E4 808B2914 24060002 */  addiu   $a2, $zero, 0x0002         ## $a2 = 00000002
/* 015E8 808B2918 0C03FFF6 */  jal     func_800FFFD8              
/* 015EC 808B291C 24070E38 */  addiu   $a3, $zero, 0x0E38         ## $a3 = 00000E38
/* 015F0 808B2920 26040192 */  addiu   $a0, $s0, 0x0192           ## $a0 = 00000192
/* 015F4 808B2924 24050AAA */  addiu   $a1, $zero, 0x0AAA         ## $a1 = 00000AAA
/* 015F8 808B2928 0C03FB9C */  jal     func_800FEE70              
/* 015FC 808B292C 24060444 */  addiu   $a2, $zero, 0x0444         ## $a2 = 00000444
/* 01600 808B2930 26040194 */  addiu   $a0, $s0, 0x0194           ## $a0 = 00000194
/* 01604 808B2934 2405B8E8 */  addiu   $a1, $zero, 0xB8E8         ## $a1 = FFFFB8E8
/* 01608 808B2938 0C03FB9C */  jal     func_800FEE70              
/* 0160C 808B293C 24060888 */  addiu   $a2, $zero, 0x0888         ## $a2 = 00000888
/* 01610 808B2940 26040196 */  addiu   $a0, $s0, 0x0196           ## $a0 = 00000196
/* 01614 808B2944 2405955C */  addiu   $a1, $zero, 0x955C         ## $a1 = FFFF955C
/* 01618 808B2948 0C03FB9C */  jal     func_800FEE70              
/* 0161C 808B294C 24060888 */  addiu   $a2, $zero, 0x0888         ## $a2 = 00000888
/* 01620 808B2950 8618018E */  lh      $t8, 0x018E($s0)           ## 0000018E
/* 01624 808B2954 17000003 */  bne     $t8, $zero, .L808B2964     
/* 01628 808B2958 00000000 */  nop
/* 0162C 808B295C 0C22CA60 */  jal     func_808B2980              
/* 01630 808B2960 02002025 */  or      $a0, $s0, $zero            ## $a0 = 00000000
.L808B2964:
/* 01634 808B2964 0C22C56E */  jal     func_808B15B8              
/* 01638 808B2968 02002025 */  or      $a0, $s0, $zero            ## $a0 = 00000000
/* 0163C 808B296C 8FBF0024 */  lw      $ra, 0x0024($sp)           
/* 01640 808B2970 8FB00020 */  lw      $s0, 0x0020($sp)           
/* 01644 808B2974 27BD0030 */  addiu   $sp, $sp, 0x0030           ## $sp = 00000000
/* 01648 808B2978 03E00008 */  jr      $ra                        
/* 0164C 808B297C 00000000 */  nop


glabel func_808B2980
/* 01650 808B2980 27BDFFE8 */  addiu   $sp, $sp, 0xFFE8           ## $sp = FFFFFFE8
/* 01654 808B2984 AFBF0014 */  sw      $ra, 0x0014($sp)           
/* 01658 808B2988 00803025 */  or      $a2, $a0, $zero            ## $a2 = 00000000
/* 0165C 808B298C 3C050600 */  lui     $a1, 0x0600                ## $a1 = 06000000
/* 01660 808B2990 24A50208 */  addiu   $a1, $a1, 0x0208           ## $a1 = 06000208
/* 01664 808B2994 24C40144 */  addiu   $a0, $a2, 0x0144           ## $a0 = 00000144
/* 01668 808B2998 0C04DD0C */  jal     func_80137430              
/* 0166C 808B299C AFA60018 */  sw      $a2, 0x0018($sp)           
/* 01670 808B29A0 8FA60018 */  lw      $a2, 0x0018($sp)           
/* 01674 808B29A4 3C0E808B */  lui     $t6, %hi(func_808B29C4)    ## $t6 = 808B0000
/* 01678 808B29A8 25CE29C4 */  addiu   $t6, $t6, %lo(func_808B29C4) ## $t6 = 808B29C4
/* 0167C 808B29AC A4C0018E */  sh      $zero, 0x018E($a2)         ## 0000018E
/* 01680 808B29B0 ACCE0188 */  sw      $t6, 0x0188($a2)           ## 00000188
/* 01684 808B29B4 8FBF0014 */  lw      $ra, 0x0014($sp)           
/* 01688 808B29B8 27BD0018 */  addiu   $sp, $sp, 0x0018           ## $sp = 00000000
/* 0168C 808B29BC 03E00008 */  jr      $ra                        
/* 01690 808B29C0 00000000 */  nop


glabel func_808B29C4
/* 01694 808B29C4 27BDFFB0 */  addiu   $sp, $sp, 0xFFB0           ## $sp = FFFFFFB0
/* 01698 808B29C8 AFB00028 */  sw      $s0, 0x0028($sp)           
/* 0169C 808B29CC 00808025 */  or      $s0, $a0, $zero            ## $s0 = 00000000
/* 016A0 808B29D0 AFBF002C */  sw      $ra, 0x002C($sp)           
/* 016A4 808B29D4 AFA50054 */  sw      $a1, 0x0054($sp)           
/* 016A8 808B29D8 26040144 */  addiu   $a0, $s0, 0x0144           ## $a0 = 00000144
/* 016AC 808B29DC 0C04DB34 */  jal     func_80136CD0              
/* 016B0 808B29E0 AFA40034 */  sw      $a0, 0x0034($sp)           
/* 016B4 808B29E4 8603018E */  lh      $v1, 0x018E($s0)           ## 0000018E
/* 016B8 808B29E8 8FA40034 */  lw      $a0, 0x0034($sp)           
/* 016BC 808B29EC 14600065 */  bne     $v1, $zero, .L808B2B84     
/* 016C0 808B29F0 2861000B */  slti    $at, $v1, 0x000B           
/* 016C4 808B29F4 0C04DE2E */  jal     func_801378B8              
/* 016C8 808B29F8 3C053F80 */  lui     $a1, 0x3F80                ## $a1 = 3F800000
/* 016CC 808B29FC 5040000D */  beql    $v0, $zero, .L808B2A34     
/* 016D0 808B2A00 260400BC */  addiu   $a0, $s0, 0x00BC           ## $a0 = 000000BC
/* 016D4 808B2A04 860E001C */  lh      $t6, 0x001C($s0)           ## 0000001C
/* 016D8 808B2A08 24010001 */  addiu   $at, $zero, 0x0001         ## $at = 00000001
/* 016DC 808B2A0C 2405385D */  addiu   $a1, $zero, 0x385D         ## $a1 = 0000385D
/* 016E0 808B2A10 15C10005 */  bne     $t6, $at, .L808B2A28       
/* 016E4 808B2A14 02002025 */  or      $a0, $s0, $zero            ## $a0 = 00000000
/* 016E8 808B2A18 0C02E3B2 */  jal     func_800B8EC8              
/* 016EC 808B2A1C 02002025 */  or      $a0, $s0, $zero            ## $a0 = 00000000
/* 016F0 808B2A20 10000004 */  beq     $zero, $zero, .L808B2A34   
/* 016F4 808B2A24 260400BC */  addiu   $a0, $s0, 0x00BC           ## $a0 = 000000BC
.L808B2A28:
/* 016F8 808B2A28 0C02E3B2 */  jal     func_800B8EC8              
/* 016FC 808B2A2C 24053861 */  addiu   $a1, $zero, 0x3861         ## $a1 = 00003861
/* 01700 808B2A30 260400BC */  addiu   $a0, $s0, 0x00BC           ## $a0 = 000000BC
.L808B2A34:
/* 01704 808B2A34 00002825 */  or      $a1, $zero, $zero          ## $a1 = 00000000
/* 01708 808B2A38 0C03FB9C */  jal     func_800FEE70              
/* 0170C 808B2A3C 24060222 */  addiu   $a2, $zero, 0x0222         ## $a2 = 00000222
/* 01710 808B2A40 3C014120 */  lui     $at, 0x4120                ## $at = 41200000
/* 01714 808B2A44 44813000 */  mtc1    $at, $f6                   ## $f6 = 10.00
/* 01718 808B2A48 C604015C */  lwc1    $f4, 0x015C($s0)           ## 0000015C
/* 0171C 808B2A4C 26040192 */  addiu   $a0, $s0, 0x0192           ## $a0 = 00000192
/* 01720 808B2A50 2405F1C8 */  addiu   $a1, $zero, 0xF1C8         ## $a1 = FFFFF1C8
/* 01724 808B2A54 46062202 */  mul.s   $f8, $f4, $f6              
/* 01728 808B2A58 4600428D */  trunc.w.s $f10, $f8                  
/* 0172C 808B2A5C 44035000 */  mfc1    $v1, $f10                  
/* 01730 808B2A60 00000000 */  nop
/* 01734 808B2A64 00031C00 */  sll     $v1, $v1, 16               
/* 01738 808B2A68 00031C03 */  sra     $v1, $v1, 16               
/* 0173C 808B2A6C 2466038E */  addiu   $a2, $v1, 0x038E           ## $a2 = 0000038E
/* 01740 808B2A70 00063400 */  sll     $a2, $a2, 16               
/* 01744 808B2A74 00063403 */  sra     $a2, $a2, 16               
/* 01748 808B2A78 0C03FB9C */  jal     func_800FEE70              
/* 0174C 808B2A7C A7A3004A */  sh      $v1, 0x004A($sp)           
/* 01750 808B2A80 87A6004A */  lh      $a2, 0x004A($sp)           
/* 01754 808B2A84 30430001 */  andi    $v1, $v0, 0x0001           ## $v1 = 00000000
/* 01758 808B2A88 AFA3004C */  sw      $v1, 0x004C($sp)           
/* 0175C 808B2A8C 24C6071C */  addiu   $a2, $a2, 0x071C           ## $a2 = 0000071C
/* 01760 808B2A90 00063400 */  sll     $a2, $a2, 16               
/* 01764 808B2A94 00063403 */  sra     $a2, $a2, 16               
/* 01768 808B2A98 26040194 */  addiu   $a0, $s0, 0x0194           ## $a0 = 00000194
/* 0176C 808B2A9C 0C03FB9C */  jal     func_800FEE70              
/* 01770 808B2AA0 2405F1C8 */  addiu   $a1, $zero, 0xF1C8         ## $a1 = FFFFF1C8
/* 01774 808B2AA4 87A6004A */  lh      $a2, 0x004A($sp)           
/* 01778 808B2AA8 8FA3004C */  lw      $v1, 0x004C($sp)           
/* 0177C 808B2AAC 26040196 */  addiu   $a0, $s0, 0x0196           ## $a0 = 00000196
/* 01780 808B2AB0 24C60E38 */  addiu   $a2, $a2, 0x0E38           ## $a2 = 00000E38
/* 01784 808B2AB4 00063400 */  sll     $a2, $a2, 16               
/* 01788 808B2AB8 00621824 */  and     $v1, $v1, $v0              
/* 0178C 808B2ABC AFA3004C */  sw      $v1, 0x004C($sp)           
/* 01790 808B2AC0 00063403 */  sra     $a2, $a2, 16               
/* 01794 808B2AC4 0C03FB9C */  jal     func_800FEE70              
/* 01798 808B2AC8 2405F1C8 */  addiu   $a1, $zero, 0xF1C8         ## $a1 = FFFFF1C8
/* 0179C 808B2ACC 8FA3004C */  lw      $v1, 0x004C($sp)           
/* 017A0 808B2AD0 3C050600 */  lui     $a1, 0x0600                ## $a1 = 06000000
/* 017A4 808B2AD4 24A502B8 */  addiu   $a1, $a1, 0x02B8           ## $a1 = 060002B8
/* 017A8 808B2AD8 00621824 */  and     $v1, $v1, $v0              
/* 017AC 808B2ADC 10600051 */  beq     $v1, $zero, .L808B2C24     
/* 017B0 808B2AE0 8FA40034 */  lw      $a0, 0x0034($sp)           
/* 017B4 808B2AE4 0C04DD73 */  jal     func_801375CC              
/* 017B8 808B2AE8 3C064080 */  lui     $a2, 0x4080                ## $a2 = 40800000
/* 017BC 808B2AEC 0C03FB61 */  jal     func_800FED84              
/* 017C0 808B2AF0 860400BE */  lh      $a0, 0x00BE($s0)           ## 000000BE
/* 017C4 808B2AF4 3C0140A0 */  lui     $at, 0x40A0                ## $at = 40A00000
/* 017C8 808B2AF8 44818000 */  mtc1    $at, $f16                  ## $f16 = 5.00
/* 017CC 808B2AFC 44802000 */  mtc1    $zero, $f4                 ## $f4 = 0.00
/* 017D0 808B2B00 46100482 */  mul.s   $f18, $f0, $f16            
/* 017D4 808B2B04 E7A40040 */  swc1    $f4, 0x0040($sp)           
/* 017D8 808B2B08 E7B2003C */  swc1    $f18, 0x003C($sp)          
/* 017DC 808B2B0C 0C03FB51 */  jal     func_800FED44              
/* 017E0 808B2B10 860400BE */  lh      $a0, 0x00BE($s0)           ## 000000BE
/* 017E4 808B2B14 3C0140A0 */  lui     $at, 0x40A0                ## $at = 40A00000
/* 017E8 808B2B18 44813000 */  mtc1    $at, $f6                   ## $f6 = 5.00
/* 017EC 808B2B1C 3C18808B */  lui     $t8, %hi(D_808B4E98)       ## $t8 = 808B0000
/* 017F0 808B2B20 3C19808B */  lui     $t9, %hi(D_808B4E9C)       ## $t9 = 808B0000
/* 017F4 808B2B24 46060202 */  mul.s   $f8, $f0, $f6              
/* 017F8 808B2B28 27394E9C */  addiu   $t9, $t9, %lo(D_808B4E9C)  ## $t9 = 808B4E9C
/* 017FC 808B2B2C 27184E98 */  addiu   $t8, $t8, %lo(D_808B4E98)  ## $t8 = 808B4E98
/* 01800 808B2B30 24080001 */  addiu   $t0, $zero, 0x0001         ## $t0 = 00000001
/* 01804 808B2B34 AFA80018 */  sw      $t0, 0x0018($sp)           
/* 01808 808B2B38 AFB80010 */  sw      $t8, 0x0010($sp)           
/* 0180C 808B2B3C AFB90014 */  sw      $t9, 0x0014($sp)           
/* 01810 808B2B40 E7A80044 */  swc1    $f8, 0x0044($sp)           
/* 01814 808B2B44 3C0142C8 */  lui     $at, 0x42C8                ## $at = 42C80000
/* 01818 808B2B48 44818000 */  mtc1    $at, $f16                  ## $f16 = 100.00
/* 0181C 808B2B4C C60A01F8 */  lwc1    $f10, 0x01F8($s0)          ## 000001F8
/* 01820 808B2B50 3C07801D */  lui     $a3, 0x801D                ## $a3 = 801D0000
/* 01824 808B2B54 24E715B0 */  addiu   $a3, $a3, 0x15B0           ## $a3 = 801D15B0
/* 01828 808B2B58 46105482 */  mul.s   $f18, $f10, $f16           
/* 0182C 808B2B5C 8FA40054 */  lw      $a0, 0x0054($sp)           
/* 01830 808B2B60 26050024 */  addiu   $a1, $s0, 0x0024           ## $a1 = 00000024
/* 01834 808B2B64 27A6003C */  addiu   $a2, $sp, 0x003C           ## $a2 = FFFFFFEC
/* 01838 808B2B68 4600910D */  trunc.w.s $f4, $f18                  
/* 0183C 808B2B6C 440A2000 */  mfc1    $t2, $f4                   
/* 01840 808B2B70 0C02C378 */  jal     func_800B0DE0              
/* 01844 808B2B74 AFAA001C */  sw      $t2, 0x001C($sp)           
/* 01848 808B2B78 240B0001 */  addiu   $t3, $zero, 0x0001         ## $t3 = 00000001
/* 0184C 808B2B7C 10000029 */  beq     $zero, $zero, .L808B2C24   
/* 01850 808B2B80 A60B018E */  sh      $t3, 0x018E($s0)           ## 0000018E
.L808B2B84:
/* 01854 808B2B84 14200005 */  bne     $at, $zero, .L808B2B9C     
/* 01858 808B2B88 246C0001 */  addiu   $t4, $v1, 0x0001           ## $t4 = 00000001
/* 0185C 808B2B8C 0C22CB10 */  jal     func_808B2C40              
/* 01860 808B2B90 02002025 */  or      $a0, $s0, $zero            ## $a0 = 00000000
/* 01864 808B2B94 10000023 */  beq     $zero, $zero, .L808B2C24   
/* 01868 808B2B98 00000000 */  nop
.L808B2B9C:
/* 0186C 808B2B9C A60C018E */  sh      $t4, 0x018E($s0)           ## 0000018E
/* 01870 808B2BA0 860D018E */  lh      $t5, 0x018E($s0)           ## 0000018E
/* 01874 808B2BA4 02002025 */  or      $a0, $s0, $zero            ## $a0 = 00000000
/* 01878 808B2BA8 29A10004 */  slti    $at, $t5, 0x0004           
/* 0187C 808B2BAC 5420000A */  bnel    $at, $zero, .L808B2BD8     
/* 01880 808B2BB0 8FA40034 */  lw      $a0, 0x0034($sp)           
/* 01884 808B2BB4 0C02DCF8 */  jal     func_800B73E0              
/* 01888 808B2BB8 2405016C */  addiu   $a1, $zero, 0x016C         ## $a1 = 0000016C
/* 0188C 808B2BBC 14400005 */  bne     $v0, $zero, .L808B2BD4     
/* 01890 808B2BC0 260400BE */  addiu   $a0, $s0, 0x00BE           ## $a0 = 000000BE
/* 01894 808B2BC4 86050092 */  lh      $a1, 0x0092($s0)           ## 00000092
/* 01898 808B2BC8 2406000F */  addiu   $a2, $zero, 0x000F         ## $a2 = 0000000F
/* 0189C 808B2BCC 0C03FFF6 */  jal     func_800FFFD8              
/* 018A0 808B2BD0 2407071C */  addiu   $a3, $zero, 0x071C         ## $a3 = 0000071C
.L808B2BD4:
/* 018A4 808B2BD4 8FA40034 */  lw      $a0, 0x0034($sp)           
.L808B2BD8:
/* 018A8 808B2BD8 0C04DE2E */  jal     func_801378B8              
/* 018AC 808B2BDC 24050000 */  addiu   $a1, $zero, 0x0000         ## $a1 = 00000000
/* 018B0 808B2BE0 14400005 */  bne     $v0, $zero, .L808B2BF8     
/* 018B4 808B2BE4 8FA40034 */  lw      $a0, 0x0034($sp)           
/* 018B8 808B2BE8 0C04DE2E */  jal     func_801378B8              
/* 018BC 808B2BEC 3C054140 */  lui     $a1, 0x4140                ## $a1 = 41400000
/* 018C0 808B2BF0 1040000C */  beq     $v0, $zero, .L808B2C24     
/* 018C4 808B2BF4 00000000 */  nop
.L808B2BF8:
/* 018C8 808B2BF8 860E001C */  lh      $t6, 0x001C($s0)           ## 0000001C
/* 018CC 808B2BFC 24010001 */  addiu   $at, $zero, 0x0001         ## $at = 00000001
/* 018D0 808B2C00 2405385C */  addiu   $a1, $zero, 0x385C         ## $a1 = 0000385C
/* 018D4 808B2C04 15C10005 */  bne     $t6, $at, .L808B2C1C       
/* 018D8 808B2C08 02002025 */  or      $a0, $s0, $zero            ## $a0 = 00000000
/* 018DC 808B2C0C 0C02E3B2 */  jal     func_800B8EC8              
/* 018E0 808B2C10 02002025 */  or      $a0, $s0, $zero            ## $a0 = 00000000
/* 018E4 808B2C14 10000003 */  beq     $zero, $zero, .L808B2C24   
/* 018E8 808B2C18 00000000 */  nop
.L808B2C1C:
/* 018EC 808B2C1C 0C02E3B2 */  jal     func_800B8EC8              
/* 018F0 808B2C20 24053860 */  addiu   $a1, $zero, 0x3860         ## $a1 = 00003860
.L808B2C24:
/* 018F4 808B2C24 0C22C56E */  jal     func_808B15B8              
/* 018F8 808B2C28 02002025 */  or      $a0, $s0, $zero            ## $a0 = 00000000
/* 018FC 808B2C2C 8FBF002C */  lw      $ra, 0x002C($sp)           
/* 01900 808B2C30 8FB00028 */  lw      $s0, 0x0028($sp)           
/* 01904 808B2C34 27BD0050 */  addiu   $sp, $sp, 0x0050           ## $sp = 00000000
/* 01908 808B2C38 03E00008 */  jr      $ra                        
/* 0190C 808B2C3C 00000000 */  nop


glabel func_808B2C40
/* 01910 808B2C40 27BDFFD8 */  addiu   $sp, $sp, 0xFFD8           ## $sp = FFFFFFD8
/* 01914 808B2C44 AFBF0024 */  sw      $ra, 0x0024($sp)           
/* 01918 808B2C48 AFA40028 */  sw      $a0, 0x0028($sp)           
/* 0191C 808B2C4C 3C040600 */  lui     $a0, 0x0600                ## $a0 = 06000000
/* 01920 808B2C50 0C04D1D2 */  jal     func_80134748              
/* 01924 808B2C54 24840208 */  addiu   $a0, $a0, 0x0208           ## $a0 = 06000208
/* 01928 808B2C58 44822000 */  mtc1    $v0, $f4                   ## $f4 = 0.00
/* 0192C 808B2C5C 3C01C040 */  lui     $at, 0xC040                ## $at = C0400000
/* 01930 808B2C60 44814000 */  mtc1    $at, $f8                   ## $f8 = -3.00
/* 01934 808B2C64 468021A0 */  cvt.s.w $f6, $f4                   
/* 01938 808B2C68 8FA40028 */  lw      $a0, 0x0028($sp)           
/* 0193C 808B2C6C 3C050600 */  lui     $a1, 0x0600                ## $a1 = 06000000
/* 01940 808B2C70 240E0002 */  addiu   $t6, $zero, 0x0002         ## $t6 = 00000002
/* 01944 808B2C74 AFAE0014 */  sw      $t6, 0x0014($sp)           
/* 01948 808B2C78 24A50208 */  addiu   $a1, $a1, 0x0208           ## $a1 = 06000208
/* 0194C 808B2C7C E7A60010 */  swc1    $f6, 0x0010($sp)           
/* 01950 808B2C80 3C063F80 */  lui     $a2, 0x3F80                ## $a2 = 3F800000
/* 01954 808B2C84 3C074170 */  lui     $a3, 0x4170                ## $a3 = 41700000
/* 01958 808B2C88 E7A80018 */  swc1    $f8, 0x0018($sp)           
/* 0195C 808B2C8C 0C04DCFA */  jal     func_801373E8              
/* 01960 808B2C90 24840144 */  addiu   $a0, $a0, 0x0144           ## $a0 = 00000144
/* 01964 808B2C94 8FA20028 */  lw      $v0, 0x0028($sp)           
/* 01968 808B2C98 3C0F808B */  lui     $t7, %hi(func_808B2CB8)    ## $t7 = 808B0000
/* 0196C 808B2C9C 25EF2CB8 */  addiu   $t7, $t7, %lo(func_808B2CB8) ## $t7 = 808B2CB8
/* 01970 808B2CA0 A440018E */  sh      $zero, 0x018E($v0)         ## 0000018E
/* 01974 808B2CA4 AC4F0188 */  sw      $t7, 0x0188($v0)           ## 00000188
/* 01978 808B2CA8 8FBF0024 */  lw      $ra, 0x0024($sp)           
/* 0197C 808B2CAC 27BD0028 */  addiu   $sp, $sp, 0x0028           ## $sp = 00000000
/* 01980 808B2CB0 03E00008 */  jr      $ra                        
/* 01984 808B2CB4 00000000 */  nop


glabel func_808B2CB8
/* 01988 808B2CB8 27BDFFB8 */  addiu   $sp, $sp, 0xFFB8           ## $sp = FFFFFFB8
/* 0198C 808B2CBC AFB10020 */  sw      $s1, 0x0020($sp)           
/* 01990 808B2CC0 00808825 */  or      $s1, $a0, $zero            ## $s1 = 00000000
/* 01994 808B2CC4 AFBF0024 */  sw      $ra, 0x0024($sp)           
/* 01998 808B2CC8 AFB0001C */  sw      $s0, 0x001C($sp)           
/* 0199C 808B2CCC AFA5004C */  sw      $a1, 0x004C($sp)           
/* 019A0 808B2CD0 0C04DB34 */  jal     func_80136CD0              
/* 019A4 808B2CD4 26240144 */  addiu   $a0, $s1, 0x0144           ## $a0 = 00000144
/* 019A8 808B2CD8 8623018E */  lh      $v1, 0x018E($s1)           ## 0000018E
/* 019AC 808B2CDC 262400BC */  addiu   $a0, $s1, 0x00BC           ## $a0 = 000000BC
/* 019B0 808B2CE0 2405F6C2 */  addiu   $a1, $zero, 0xF6C2         ## $a1 = FFFFF6C2
/* 019B4 808B2CE4 1460004E */  bne     $v1, $zero, .L808B2E20     
/* 019B8 808B2CE8 2401000B */  addiu   $at, $zero, 0x000B         ## $at = 0000000B
/* 019BC 808B2CEC 0C03FB9C */  jal     func_800FEE70              
/* 019C0 808B2CF0 2406038E */  addiu   $a2, $zero, 0x038E         ## $a2 = 0000038E
/* 019C4 808B2CF4 26240192 */  addiu   $a0, $s1, 0x0192           ## $a0 = 00000192
/* 019C8 808B2CF8 2405F778 */  addiu   $a1, $zero, 0xF778         ## $a1 = FFFFF778
/* 019CC 808B2CFC 0C03FB9C */  jal     func_800FEE70              
/* 019D0 808B2D00 2406016C */  addiu   $a2, $zero, 0x016C         ## $a2 = 0000016C
/* 019D4 808B2D04 26240194 */  addiu   $a0, $s1, 0x0194           ## $a0 = 00000194
/* 019D8 808B2D08 2405F778 */  addiu   $a1, $zero, 0xF778         ## $a1 = FFFFF778
/* 019DC 808B2D0C 0C03FB9C */  jal     func_800FEE70              
/* 019E0 808B2D10 2406016C */  addiu   $a2, $zero, 0x016C         ## $a2 = 0000016C
/* 019E4 808B2D14 26240196 */  addiu   $a0, $s1, 0x0196           ## $a0 = 00000196
/* 019E8 808B2D18 2405F778 */  addiu   $a1, $zero, 0xF778         ## $a1 = FFFFF778
/* 019EC 808B2D1C 0C03FB9C */  jal     func_800FEE70              
/* 019F0 808B2D20 2406016C */  addiu   $a2, $zero, 0x016C         ## $a2 = 0000016C
/* 019F4 808B2D24 104000C0 */  beq     $v0, $zero, .L808B3028     
/* 019F8 808B2D28 00000000 */  nop
/* 019FC 808B2D2C 0C03FB61 */  jal     func_800FED84              
/* 01A00 808B2D30 862400BE */  lh      $a0, 0x00BE($s1)           ## 000000BE
/* 01A04 808B2D34 3C0141F0 */  lui     $at, 0x41F0                ## $at = 41F00000
/* 01A08 808B2D38 44812000 */  mtc1    $at, $f4                   ## $f4 = 30.00
/* 01A0C 808B2D3C C62801F8 */  lwc1    $f8, 0x01F8($s1)           ## 000001F8
/* 01A10 808B2D40 46040182 */  mul.s   $f6, $f0, $f4              
/* 01A14 808B2D44 00000000 */  nop
/* 01A18 808B2D48 46083282 */  mul.s   $f10, $f6, $f8             
/* 01A1C 808B2D4C E7AA0038 */  swc1    $f10, 0x0038($sp)          
/* 01A20 808B2D50 0C03FB51 */  jal     func_800FED44              
/* 01A24 808B2D54 862400BE */  lh      $a0, 0x00BE($s1)           ## 000000BE
/* 01A28 808B2D58 3C0141F0 */  lui     $at, 0x41F0                ## $at = 41F00000
/* 01A2C 808B2D5C 44818000 */  mtc1    $at, $f16                  ## $f16 = 30.00
/* 01A30 808B2D60 8E2F0008 */  lw      $t7, 0x0008($s1)           ## 00000008
/* 01A34 808B2D64 C62401F8 */  lwc1    $f4, 0x01F8($s1)           ## 000001F8
/* 01A38 808B2D68 27A5003C */  addiu   $a1, $sp, 0x003C           ## $a1 = FFFFFFF4
/* 01A3C 808B2D6C 46100482 */  mul.s   $f18, $f0, $f16            
/* 01A40 808B2D70 ACAF0000 */  sw      $t7, 0x0000($a1)           ## FFFFFFF4
/* 01A44 808B2D74 8E2E000C */  lw      $t6, 0x000C($s1)           ## 0000000C
/* 01A48 808B2D78 3C10801D */  lui     $s0, 0x801D                ## $s0 = 801D0000
/* 01A4C 808B2D7C 261015B0 */  addiu   $s0, $s0, 0x15B0           ## $s0 = 801D15B0
/* 01A50 808B2D80 ACAE0004 */  sw      $t6, 0x0004($a1)           ## FFFFFFF8
/* 01A54 808B2D84 8E2F0010 */  lw      $t7, 0x0010($s1)           ## 00000010
/* 01A58 808B2D88 46049082 */  mul.s   $f2, $f18, $f4             
/* 01A5C 808B2D8C 00001025 */  or      $v0, $zero, $zero          ## $v0 = 00000000
/* 01A60 808B2D90 ACAF0008 */  sw      $t7, 0x0008($a1)           ## FFFFFFFC
.L808B2D94:
/* 01A64 808B2D94 3C0143FA */  lui     $at, 0x43FA                ## $at = 43FA0000
/* 01A68 808B2D98 44813000 */  mtc1    $at, $f6                   ## $f6 = 500.00
/* 01A6C 808B2D9C C62001F8 */  lwc1    $f0, 0x01F8($s1)           ## 000001F8
/* 01A70 808B2DA0 3C014248 */  lui     $at, 0x4248                ## $at = 42480000
/* 01A74 808B2DA4 44818000 */  mtc1    $at, $f16                  ## $f16 = 50.00
/* 01A78 808B2DA8 46060202 */  mul.s   $f8, $f0, $f6              
/* 01A7C 808B2DAC 27A5003C */  addiu   $a1, $sp, 0x003C           ## $a1 = FFFFFFF4
/* 01A80 808B2DB0 E7A20034 */  swc1    $f2, 0x0034($sp)           
/* 01A84 808B2DB4 46100482 */  mul.s   $f18, $f0, $f16            
/* 01A88 808B2DB8 AFA20030 */  sw      $v0, 0x0030($sp)           
/* 01A8C 808B2DBC 8FA4004C */  lw      $a0, 0x004C($sp)           
/* 01A90 808B2DC0 02003025 */  or      $a2, $s0, $zero            ## $a2 = 801D15B0
/* 01A94 808B2DC4 02003825 */  or      $a3, $s0, $zero            ## $a3 = 801D15B0
/* 01A98 808B2DC8 4600428D */  trunc.w.s $f10, $f8                  
/* 01A9C 808B2DCC 4600910D */  trunc.w.s $f4, $f18                  
/* 01AA0 808B2DD0 44195000 */  mfc1    $t9, $f10                  
/* 01AA4 808B2DD4 44092000 */  mfc1    $t1, $f4                   
/* 01AA8 808B2DD8 AFB90010 */  sw      $t9, 0x0010($sp)           
/* 01AAC 808B2DDC 0C02C484 */  jal     func_800B1210              
/* 01AB0 808B2DE0 AFA90014 */  sw      $t1, 0x0014($sp)           
/* 01AB4 808B2DE4 C7A20034 */  lwc1    $f2, 0x0034($sp)           
/* 01AB8 808B2DE8 C7A6003C */  lwc1    $f6, 0x003C($sp)           
/* 01ABC 808B2DEC C7A80038 */  lwc1    $f8, 0x0038($sp)           
/* 01AC0 808B2DF0 C7B00044 */  lwc1    $f16, 0x0044($sp)          
/* 01AC4 808B2DF4 8FA20030 */  lw      $v0, 0x0030($sp)           
/* 01AC8 808B2DF8 46083280 */  add.s   $f10, $f6, $f8             
/* 01ACC 808B2DFC 24010003 */  addiu   $at, $zero, 0x0003         ## $at = 00000003
/* 01AD0 808B2E00 24420001 */  addiu   $v0, $v0, 0x0001           ## $v0 = 00000001
/* 01AD4 808B2E04 46028480 */  add.s   $f18, $f16, $f2            
/* 01AD8 808B2E08 E7AA003C */  swc1    $f10, 0x003C($sp)          
/* 01ADC 808B2E0C 1441FFE1 */  bne     $v0, $at, .L808B2D94       
/* 01AE0 808B2E10 E7B20044 */  swc1    $f18, 0x0044($sp)          
/* 01AE4 808B2E14 240A0001 */  addiu   $t2, $zero, 0x0001         ## $t2 = 00000001
/* 01AE8 808B2E18 10000083 */  beq     $zero, $zero, .L808B3028   
/* 01AEC 808B2E1C A62A018E */  sh      $t2, 0x018E($s1)           ## 0000018E
.L808B2E20:
/* 01AF0 808B2E20 14610014 */  bne     $v1, $at, .L808B2E74       
/* 01AF4 808B2E24 262400BC */  addiu   $a0, $s1, 0x00BC           ## $a0 = 000000BC
/* 01AF8 808B2E28 2405F6C2 */  addiu   $a1, $zero, 0xF6C2         ## $a1 = FFFFF6C2
/* 01AFC 808B2E2C 0C03FB9C */  jal     func_800FEE70              
/* 01B00 808B2E30 24060200 */  addiu   $a2, $zero, 0x0200         ## $a2 = 00000200
/* 01B04 808B2E34 26240192 */  addiu   $a0, $s1, 0x0192           ## $a0 = 00000192
/* 01B08 808B2E38 2405F556 */  addiu   $a1, $zero, 0xF556         ## $a1 = FFFFF556
/* 01B0C 808B2E3C 0C03FB9C */  jal     func_800FEE70              
/* 01B10 808B2E40 24060200 */  addiu   $a2, $zero, 0x0200         ## $a2 = 00000200
/* 01B14 808B2E44 26240196 */  addiu   $a0, $s1, 0x0196           ## $a0 = 00000196
/* 01B18 808B2E48 2405A38F */  addiu   $a1, $zero, 0xA38F         ## $a1 = FFFFA38F
/* 01B1C 808B2E4C 0C03FB9C */  jal     func_800FEE70              
/* 01B20 808B2E50 24060200 */  addiu   $a2, $zero, 0x0200         ## $a2 = 00000200
/* 01B24 808B2E54 26240194 */  addiu   $a0, $s1, 0x0194           ## $a0 = 00000194
/* 01B28 808B2E58 2405238C */  addiu   $a1, $zero, 0x238C         ## $a1 = 0000238C
/* 01B2C 808B2E5C 0C03FB9C */  jal     func_800FEE70              
/* 01B30 808B2E60 24060200 */  addiu   $a2, $zero, 0x0200         ## $a2 = 00000200
/* 01B34 808B2E64 10400070 */  beq     $v0, $zero, .L808B3028     
/* 01B38 808B2E68 240B000C */  addiu   $t3, $zero, 0x000C         ## $t3 = 0000000C
/* 01B3C 808B2E6C 1000006E */  beq     $zero, $zero, .L808B3028   
/* 01B40 808B2E70 A62B018E */  sh      $t3, 0x018E($s1)           ## 0000018E
.L808B2E74:
/* 01B44 808B2E74 24010012 */  addiu   $at, $zero, 0x0012         ## $at = 00000012
/* 01B48 808B2E78 14610015 */  bne     $v1, $at, .L808B2ED0       
/* 01B4C 808B2E7C 262400BC */  addiu   $a0, $s1, 0x00BC           ## $a0 = 000000BC
/* 01B50 808B2E80 24052AA8 */  addiu   $a1, $zero, 0x2AA8         ## $a1 = 00002AA8
/* 01B54 808B2E84 0C03FB9C */  jal     func_800FEE70              
/* 01B58 808B2E88 24060AAA */  addiu   $a2, $zero, 0x0AAA         ## $a2 = 00000AAA
/* 01B5C 808B2E8C 26240192 */  addiu   $a0, $s1, 0x0192           ## $a0 = 00000192
/* 01B60 808B2E90 24051554 */  addiu   $a1, $zero, 0x1554         ## $a1 = 00001554
/* 01B64 808B2E94 0C03FB9C */  jal     func_800FEE70              
/* 01B68 808B2E98 240605B0 */  addiu   $a2, $zero, 0x05B0         ## $a2 = 000005B0
/* 01B6C 808B2E9C 10400003 */  beq     $v0, $zero, .L808B2EAC     
/* 01B70 808B2EA0 26240194 */  addiu   $a0, $s1, 0x0194           ## $a0 = 00000194
/* 01B74 808B2EA4 240C0019 */  addiu   $t4, $zero, 0x0019         ## $t4 = 00000019
/* 01B78 808B2EA8 A62C018E */  sh      $t4, 0x018E($s1)           ## 0000018E
.L808B2EAC:
/* 01B7C 808B2EAC 2405C71D */  addiu   $a1, $zero, 0xC71D         ## $a1 = FFFFC71D
/* 01B80 808B2EB0 0C03FB9C */  jal     func_800FEE70              
/* 01B84 808B2EB4 24060AAA */  addiu   $a2, $zero, 0x0AAA         ## $a2 = 00000AAA
/* 01B88 808B2EB8 26240196 */  addiu   $a0, $s1, 0x0196           ## $a0 = 00000196
/* 01B8C 808B2EBC 2405A38F */  addiu   $a1, $zero, 0xA38F         ## $a1 = FFFFA38F
/* 01B90 808B2EC0 0C03FB9C */  jal     func_800FEE70              
/* 01B94 808B2EC4 240602D8 */  addiu   $a2, $zero, 0x02D8         ## $a2 = 000002D8
/* 01B98 808B2EC8 10000057 */  beq     $zero, $zero, .L808B3028   
/* 01B9C 808B2ECC 00000000 */  nop
.L808B2ED0:
/* 01BA0 808B2ED0 24010019 */  addiu   $at, $zero, 0x0019         ## $at = 00000019
/* 01BA4 808B2ED4 14610015 */  bne     $v1, $at, .L808B2F2C       
/* 01BA8 808B2ED8 262400BC */  addiu   $a0, $s1, 0x00BC           ## $a0 = 000000BC
/* 01BAC 808B2EDC 2405AAB0 */  addiu   $a1, $zero, 0xAAB0         ## $a1 = FFFFAAB0
/* 01BB0 808B2EE0 0C03FB9C */  jal     func_800FEE70              
/* 01BB4 808B2EE4 24060AAA */  addiu   $a2, $zero, 0x0AAA         ## $a2 = 00000AAA
/* 01BB8 808B2EE8 26240192 */  addiu   $a0, $s1, 0x0192           ## $a0 = 00000192
/* 01BBC 808B2EEC 24059C78 */  addiu   $a1, $zero, 0x9C78         ## $a1 = FFFF9C78
/* 01BC0 808B2EF0 0C03FB9C */  jal     func_800FEE70              
/* 01BC4 808B2EF4 2406093E */  addiu   $a2, $zero, 0x093E         ## $a2 = 0000093E
/* 01BC8 808B2EF8 10400003 */  beq     $v0, $zero, .L808B2F08     
/* 01BCC 808B2EFC 26240194 */  addiu   $a0, $s1, 0x0194           ## $a0 = 00000194
/* 01BD0 808B2F00 240D001A */  addiu   $t5, $zero, 0x001A         ## $t5 = 0000001A
/* 01BD4 808B2F04 A62D018E */  sh      $t5, 0x018E($s1)           ## 0000018E
.L808B2F08:
/* 01BD8 808B2F08 2405C004 */  addiu   $a1, $zero, 0xC004         ## $a1 = FFFFC004
/* 01BDC 808B2F0C 0C03FB9C */  jal     func_800FEE70              
/* 01BE0 808B2F10 240604FA */  addiu   $a2, $zero, 0x04FA         ## $a2 = 000004FA
/* 01BE4 808B2F14 26240196 */  addiu   $a0, $s1, 0x0196           ## $a0 = 00000196
/* 01BE8 808B2F18 2405DC74 */  addiu   $a1, $zero, 0xDC74         ## $a1 = FFFFDC74
/* 01BEC 808B2F1C 0C03FB9C */  jal     func_800FEE70              
/* 01BF0 808B2F20 24060444 */  addiu   $a2, $zero, 0x0444         ## $a2 = 00000444
/* 01BF4 808B2F24 10000040 */  beq     $zero, $zero, .L808B3028   
/* 01BF8 808B2F28 00000000 */  nop
.L808B2F2C:
/* 01BFC 808B2F2C 2401001A */  addiu   $at, $zero, 0x001A         ## $at = 0000001A
/* 01C00 808B2F30 14610015 */  bne     $v1, $at, .L808B2F88       
/* 01C04 808B2F34 262400BC */  addiu   $a0, $s1, 0x00BC           ## $a0 = 000000BC
/* 01C08 808B2F38 24051800 */  addiu   $a1, $zero, 0x1800         ## $a1 = 00001800
/* 01C0C 808B2F3C 0C03FB9C */  jal     func_800FEE70              
/* 01C10 808B2F40 2406093E */  addiu   $a2, $zero, 0x093E         ## $a2 = 0000093E
/* 01C14 808B2F44 26240192 */  addiu   $a0, $s1, 0x0192           ## $a0 = 00000192
/* 01C18 808B2F48 2405EAAB */  addiu   $a1, $zero, 0xEAAB         ## $a1 = FFFFEAAB
/* 01C1C 808B2F4C 0C03FB9C */  jal     func_800FEE70              
/* 01C20 808B2F50 2406071C */  addiu   $a2, $zero, 0x071C         ## $a2 = 0000071C
/* 01C24 808B2F54 10400003 */  beq     $v0, $zero, .L808B2F64     
/* 01C28 808B2F58 26240194 */  addiu   $a0, $s1, 0x0194           ## $a0 = 00000194
/* 01C2C 808B2F5C 240E001B */  addiu   $t6, $zero, 0x001B         ## $t6 = 0000001B
/* 01C30 808B2F60 A62E018E */  sh      $t6, 0x018E($s1)           ## 0000018E
.L808B2F64:
/* 01C34 808B2F64 2405C71D */  addiu   $a1, $zero, 0xC71D         ## $a1 = FFFFC71D
/* 01C38 808B2F68 0C03FB9C */  jal     func_800FEE70              
/* 01C3C 808B2F6C 240602D8 */  addiu   $a2, $zero, 0x02D8         ## $a2 = 000002D8
/* 01C40 808B2F70 26240196 */  addiu   $a0, $s1, 0x0196           ## $a0 = 00000196
/* 01C44 808B2F74 2405A38F */  addiu   $a1, $zero, 0xA38F         ## $a1 = FFFFA38F
/* 01C48 808B2F78 0C03FB9C */  jal     func_800FEE70              
/* 01C4C 808B2F7C 240605B0 */  addiu   $a2, $zero, 0x05B0         ## $a2 = 000005B0
/* 01C50 808B2F80 10000029 */  beq     $zero, $zero, .L808B3028   
/* 01C54 808B2F84 00000000 */  nop
.L808B2F88:
/* 01C58 808B2F88 2861001B */  slti    $at, $v1, 0x001B           
/* 01C5C 808B2F8C 14200017 */  bne     $at, $zero, .L808B2FEC     
/* 01C60 808B2F90 24790001 */  addiu   $t9, $v1, 0x0001           ## $t9 = 00000001
/* 01C64 808B2F94 246F0001 */  addiu   $t7, $v1, 0x0001           ## $t7 = 00000001
/* 01C68 808B2F98 A62F018E */  sh      $t7, 0x018E($s1)           ## 0000018E
/* 01C6C 808B2F9C 8638018E */  lh      $t8, 0x018E($s1)           ## 0000018E
/* 01C70 808B2FA0 2B01001F */  slti    $at, $t8, 0x001F           
/* 01C74 808B2FA4 14200020 */  bne     $at, $zero, .L808B3028     
/* 01C78 808B2FA8 3C0142A0 */  lui     $at, 0x42A0                ## $at = 42A00000
/* 01C7C 808B2FAC 44813000 */  mtc1    $at, $f6                   ## $f6 = 80.00
/* 01C80 808B2FB0 C62801F8 */  lwc1    $f8, 0x01F8($s1)           ## 000001F8
/* 01C84 808B2FB4 C6240098 */  lwc1    $f4, 0x0098($s1)           ## 00000098
/* 01C88 808B2FB8 46083282 */  mul.s   $f10, $f6, $f8             
/* 01C8C 808B2FBC 460A203C */  c.lt.s  $f4, $f10                  
/* 01C90 808B2FC0 00000000 */  nop
/* 01C94 808B2FC4 45000005 */  bc1f    .L808B2FDC                 
/* 01C98 808B2FC8 00000000 */  nop
/* 01C9C 808B2FCC 0C22CA24 */  jal     func_808B2890              
/* 01CA0 808B2FD0 02202025 */  or      $a0, $s1, $zero            ## $a0 = 00000000
/* 01CA4 808B2FD4 10000014 */  beq     $zero, $zero, .L808B3028   
/* 01CA8 808B2FD8 00000000 */  nop
.L808B2FDC:
/* 01CAC 808B2FDC 0C22C982 */  jal     func_808B2608              
/* 01CB0 808B2FE0 02202025 */  or      $a0, $s1, $zero            ## $a0 = 00000000
/* 01CB4 808B2FE4 10000010 */  beq     $zero, $zero, .L808B3028   
/* 01CB8 808B2FE8 00000000 */  nop
.L808B2FEC:
/* 01CBC 808B2FEC A639018E */  sh      $t9, 0x018E($s1)           ## 0000018E
/* 01CC0 808B2FF0 8623018E */  lh      $v1, 0x018E($s1)           ## 0000018E
/* 01CC4 808B2FF4 2401000A */  addiu   $at, $zero, 0x000A         ## $at = 0000000A
/* 01CC8 808B2FF8 02202025 */  or      $a0, $s1, $zero            ## $a0 = 00000000
/* 01CCC 808B2FFC 54610005 */  bnel    $v1, $at, .L808B3014       
/* 01CD0 808B3000 2861000C */  slti    $at, $v1, 0x000C           
/* 01CD4 808B3004 0C02E3B2 */  jal     func_800B8EC8              
/* 01CD8 808B3008 24053863 */  addiu   $a1, $zero, 0x3863         ## $a1 = 00003863
/* 01CDC 808B300C 8623018E */  lh      $v1, 0x018E($s1)           ## 0000018E
/* 01CE0 808B3010 2861000C */  slti    $at, $v1, 0x000C           
.L808B3014:
/* 01CE4 808B3014 14200004 */  bne     $at, $zero, .L808B3028     
/* 01CE8 808B3018 26240196 */  addiu   $a0, $s1, 0x0196           ## $a0 = 00000196
/* 01CEC 808B301C 2405A38F */  addiu   $a1, $zero, 0xA38F         ## $a1 = FFFFA38F
/* 01CF0 808B3020 0C03FB9C */  jal     func_800FEE70              
/* 01CF4 808B3024 24060088 */  addiu   $a2, $zero, 0x0088         ## $a2 = 00000088
.L808B3028:
/* 01CF8 808B3028 0C22C56E */  jal     func_808B15B8              
/* 01CFC 808B302C 02202025 */  or      $a0, $s1, $zero            ## $a0 = 00000000
/* 01D00 808B3030 8FBF0024 */  lw      $ra, 0x0024($sp)           
/* 01D04 808B3034 8FB0001C */  lw      $s0, 0x001C($sp)           
/* 01D08 808B3038 8FB10020 */  lw      $s1, 0x0020($sp)           
/* 01D0C 808B303C 03E00008 */  jr      $ra                        
/* 01D10 808B3040 27BD0048 */  addiu   $sp, $sp, 0x0048           ## $sp = 00000000


glabel func_808B3044
/* 01D14 808B3044 908F024D */  lbu     $t7, 0x024D($a0)           ## 0000024D
/* 01D18 808B3048 3C01BF80 */  lui     $at, 0xBF80                ## $at = BF800000
/* 01D1C 808B304C 44812000 */  mtc1    $at, $f4                   ## $f4 = -1.00
/* 01D20 808B3050 3C19808B */  lui     $t9, %hi(func_808B3078)    ## $t9 = 808B0000
/* 01D24 808B3054 240E0009 */  addiu   $t6, $zero, 0x0009         ## $t6 = 00000009
/* 01D28 808B3058 27393078 */  addiu   $t9, $t9, %lo(func_808B3078) ## $t9 = 808B3078
/* 01D2C 808B305C 35F80001 */  ori     $t8, $t7, 0x0001           ## $t8 = 00000001
/* 01D30 808B3060 A48E018E */  sh      $t6, 0x018E($a0)           ## 0000018E
/* 01D34 808B3064 A098024D */  sb      $t8, 0x024D($a0)           ## 0000024D
/* 01D38 808B3068 AC990188 */  sw      $t9, 0x0188($a0)           ## 00000188
/* 01D3C 808B306C E4840160 */  swc1    $f4, 0x0160($a0)           ## 00000160
/* 01D40 808B3070 03E00008 */  jr      $ra                        
/* 01D44 808B3074 00000000 */  nop


glabel func_808B3078
/* 01D48 808B3078 27BDFFD8 */  addiu   $sp, $sp, 0xFFD8           ## $sp = FFFFFFD8
/* 01D4C 808B307C AFB10020 */  sw      $s1, 0x0020($sp)           
/* 01D50 808B3080 00808825 */  or      $s1, $a0, $zero            ## $s1 = 00000000
/* 01D54 808B3084 AFBF0024 */  sw      $ra, 0x0024($sp)           
/* 01D58 808B3088 AFB0001C */  sw      $s0, 0x001C($sp)           
/* 01D5C 808B308C AFA5002C */  sw      $a1, 0x002C($sp)           
/* 01D60 808B3090 0C04DB34 */  jal     func_80136CD0              
/* 01D64 808B3094 26240144 */  addiu   $a0, $s1, 0x0144           ## $a0 = 00000144
/* 01D68 808B3098 8623018E */  lh      $v1, 0x018E($s1)           ## 0000018E
/* 01D6C 808B309C 262400BC */  addiu   $a0, $s1, 0x00BC           ## $a0 = 000000BC
/* 01D70 808B30A0 24051800 */  addiu   $a1, $zero, 0x1800         ## $a1 = 00001800
/* 01D74 808B30A4 28610009 */  slti    $at, $v1, 0x0009           
/* 01D78 808B30A8 14200022 */  bne     $at, $zero, .L808B3134     
/* 01D7C 808B30AC 24060001 */  addiu   $a2, $zero, 0x0001         ## $a2 = 00000001
/* 01D80 808B30B0 240E071C */  addiu   $t6, $zero, 0x071C         ## $t6 = 0000071C
/* 01D84 808B30B4 AFAE0010 */  sw      $t6, 0x0010($sp)           
/* 01D88 808B30B8 0C03FFAF */  jal     func_800FFEBC              
/* 01D8C 808B30BC 240711C6 */  addiu   $a3, $zero, 0x11C6         ## $a3 = 000011C6
/* 01D90 808B30C0 240F071C */  addiu   $t7, $zero, 0x071C         ## $t7 = 0000071C
/* 01D94 808B30C4 00408025 */  or      $s0, $v0, $zero            ## $s0 = 00000000
/* 01D98 808B30C8 AFAF0010 */  sw      $t7, 0x0010($sp)           
/* 01D9C 808B30CC 26240192 */  addiu   $a0, $s1, 0x0192           ## $a0 = 00000192
/* 01DA0 808B30D0 2405EAAB */  addiu   $a1, $zero, 0xEAAB         ## $a1 = FFFFEAAB
/* 01DA4 808B30D4 24060001 */  addiu   $a2, $zero, 0x0001         ## $a2 = 00000001
/* 01DA8 808B30D8 0C03FFAF */  jal     func_800FFEBC              
/* 01DAC 808B30DC 24070AAA */  addiu   $a3, $zero, 0x0AAA         ## $a3 = 00000AAA
/* 01DB0 808B30E0 2418071C */  addiu   $t8, $zero, 0x071C         ## $t8 = 0000071C
/* 01DB4 808B30E4 02028025 */  or      $s0, $s0, $v0              ## $s0 = 00000000
/* 01DB8 808B30E8 AFB80010 */  sw      $t8, 0x0010($sp)           
/* 01DBC 808B30EC 26240194 */  addiu   $a0, $s1, 0x0194           ## $a0 = 00000194
/* 01DC0 808B30F0 2405C71D */  addiu   $a1, $zero, 0xC71D         ## $a1 = FFFFC71D
/* 01DC4 808B30F4 24060001 */  addiu   $a2, $zero, 0x0001         ## $a2 = 00000001
/* 01DC8 808B30F8 0C03FFAF */  jal     func_800FFEBC              
/* 01DCC 808B30FC 24070E38 */  addiu   $a3, $zero, 0x0E38         ## $a3 = 00000E38
/* 01DD0 808B3100 2419071C */  addiu   $t9, $zero, 0x071C         ## $t9 = 0000071C
/* 01DD4 808B3104 02028025 */  or      $s0, $s0, $v0              ## $s0 = 00000000
/* 01DD8 808B3108 AFB90010 */  sw      $t9, 0x0010($sp)           
/* 01DDC 808B310C 26240196 */  addiu   $a0, $s1, 0x0196           ## $a0 = 00000196
/* 01DE0 808B3110 2405A38F */  addiu   $a1, $zero, 0xA38F         ## $a1 = FFFFA38F
/* 01DE4 808B3114 24060001 */  addiu   $a2, $zero, 0x0001         ## $a2 = 00000001
/* 01DE8 808B3118 0C03FFAF */  jal     func_800FFEBC              
/* 01DEC 808B311C 240711C6 */  addiu   $a3, $zero, 0x11C6         ## $a3 = 000011C6
/* 01DF0 808B3120 02028025 */  or      $s0, $s0, $v0              ## $s0 = 00000000
/* 01DF4 808B3124 1600000B */  bne     $s0, $zero, .L808B3154     
/* 01DF8 808B3128 24080008 */  addiu   $t0, $zero, 0x0008         ## $t0 = 00000008
/* 01DFC 808B312C 10000009 */  beq     $zero, $zero, .L808B3154   
/* 01E00 808B3130 A628018E */  sh      $t0, 0x018E($s1)           ## 0000018E
.L808B3134:
/* 01E04 808B3134 10600003 */  beq     $v1, $zero, .L808B3144     
/* 01E08 808B3138 2469FFFF */  addiu   $t1, $v1, 0xFFFF           ## $t1 = FFFFFFFF
/* 01E0C 808B313C A629018E */  sh      $t1, 0x018E($s1)           ## 0000018E
/* 01E10 808B3140 8623018E */  lh      $v1, 0x018E($s1)           ## 0000018E
.L808B3144:
/* 01E14 808B3144 14600003 */  bne     $v1, $zero, .L808B3154     
/* 01E18 808B3148 00000000 */  nop
/* 01E1C 808B314C 0C22C982 */  jal     func_808B2608              
/* 01E20 808B3150 02202025 */  or      $a0, $s1, $zero            ## $a0 = 00000000
.L808B3154:
/* 01E24 808B3154 0C22C56E */  jal     func_808B15B8              
/* 01E28 808B3158 02202025 */  or      $a0, $s1, $zero            ## $a0 = 00000000
/* 01E2C 808B315C 8FBF0024 */  lw      $ra, 0x0024($sp)           
/* 01E30 808B3160 8FB0001C */  lw      $s0, 0x001C($sp)           
/* 01E34 808B3164 8FB10020 */  lw      $s1, 0x0020($sp)           
/* 01E38 808B3168 03E00008 */  jr      $ra                        
/* 01E3C 808B316C 27BD0028 */  addiu   $sp, $sp, 0x0028           ## $sp = 00000000


glabel func_808B3170
/* 01E40 808B3170 27BDFFD8 */  addiu   $sp, $sp, 0xFFD8           ## $sp = FFFFFFD8
/* 01E44 808B3174 AFB00020 */  sw      $s0, 0x0020($sp)           
/* 01E48 808B3178 00808025 */  or      $s0, $a0, $zero            ## $s0 = 00000000
/* 01E4C 808B317C AFBF0024 */  sw      $ra, 0x0024($sp)           
/* 01E50 808B3180 AFA5002C */  sw      $a1, 0x002C($sp)           
/* 01E54 808B3184 3C050600 */  lui     $a1, 0x0600                ## $a1 = 06000000
/* 01E58 808B3188 24A50208 */  addiu   $a1, $a1, 0x0208           ## $a1 = 06000208
/* 01E5C 808B318C 26040144 */  addiu   $a0, $s0, 0x0144           ## $a0 = 00000144
/* 01E60 808B3190 0C04DD22 */  jal     func_80137488              
/* 01E64 808B3194 3C06C0A0 */  lui     $a2, 0xC0A0                ## $a2 = C0A00000
/* 01E68 808B3198 920F024D */  lbu     $t7, 0x024D($s0)           ## 0000024D
/* 01E6C 808B319C 8FAE002C */  lw      $t6, 0x002C($sp)           
/* 01E70 808B31A0 3C01808B */  lui     $at, %hi(D_808B4EE4)       ## $at = 808B0000
/* 01E74 808B31A4 31F8FFFE */  andi    $t8, $t7, 0xFFFE           ## $t8 = 00000000
/* 01E78 808B31A8 A218024D */  sb      $t8, 0x024D($s0)           ## 0000024D
/* 01E7C 808B31AC A60E018E */  sh      $t6, 0x018E($s0)           ## 0000018E
/* 01E80 808B31B0 C4264EE4 */  lwc1    $f6, %lo(D_808B4EE4)($at)  
/* 01E84 808B31B4 C60401F8 */  lwc1    $f4, 0x01F8($s0)           ## 000001F8
/* 01E88 808B31B8 02002025 */  or      $a0, $s0, $zero            ## $a0 = 00000000
/* 01E8C 808B31BC 46062202 */  mul.s   $f8, $f4, $f6              
/* 01E90 808B31C0 44054000 */  mfc1    $a1, $f8                   
/* 01E94 808B31C4 0C02D9F8 */  jal     func_800B67E0              
/* 01E98 808B31C8 00000000 */  nop
/* 01E9C 808B31CC 8FA2002C */  lw      $v0, 0x002C($sp)           
/* 01EA0 808B31D0 24010002 */  addiu   $at, $zero, 0x0002         ## $at = 00000002
/* 01EA4 808B31D4 02002025 */  or      $a0, $s0, $zero            ## $a0 = 00000000
/* 01EA8 808B31D8 14410008 */  bne     $v0, $at, .L808B31FC       
/* 01EAC 808B31DC 00002825 */  or      $a1, $zero, $zero          ## $a1 = 00000000
/* 01EB0 808B31E0 2419002A */  addiu   $t9, $zero, 0x002A         ## $t9 = 0000002A
/* 01EB4 808B31E4 AFB90010 */  sw      $t9, 0x0010($sp)           
/* 01EB8 808B31E8 2406009B */  addiu   $a2, $zero, 0x009B         ## $a2 = 0000009B
/* 01EBC 808B31EC 0C02F2DC */  jal     func_800BCB70              
/* 01EC0 808B31F0 00003825 */  or      $a3, $zero, $zero          ## $a3 = 00000000
/* 01EC4 808B31F4 1000001A */  beq     $zero, $zero, .L808B3260   
/* 01EC8 808B31F8 00000000 */  nop
.L808B31FC:
/* 01ECC 808B31FC 24010003 */  addiu   $at, $zero, 0x0003         ## $at = 00000003
/* 01ED0 808B3200 14410011 */  bne     $v0, $at, .L808B3248       
/* 01ED4 808B3204 02002025 */  or      $a0, $s0, $zero            ## $a0 = 00000000
/* 01ED8 808B3208 2408002A */  addiu   $t0, $zero, 0x002A         ## $t0 = 0000002A
/* 01EDC 808B320C AFA80010 */  sw      $t0, 0x0010($sp)           
/* 01EE0 808B3210 02002025 */  or      $a0, $s0, $zero            ## $a0 = 00000000
/* 01EE4 808B3214 00002825 */  or      $a1, $zero, $zero          ## $a1 = 00000000
/* 01EE8 808B3218 2406009B */  addiu   $a2, $zero, 0x009B         ## $a2 = 0000009B
/* 01EEC 808B321C 0C02F2DC */  jal     func_800BCB70              
/* 01EF0 808B3220 00003825 */  or      $a3, $zero, $zero          ## $a3 = 00000000
/* 01EF4 808B3224 3C013F40 */  lui     $at, 0x3F40                ## $at = 3F400000
/* 01EF8 808B3228 44815000 */  mtc1    $at, $f10                  ## $f10 = 0.75
/* 01EFC 808B322C 3C014000 */  lui     $at, 0x4000                ## $at = 40000000
/* 01F00 808B3230 44818000 */  mtc1    $at, $f16                  ## $f16 = 2.00
/* 01F04 808B3234 24090020 */  addiu   $t1, $zero, 0x0020         ## $t1 = 00000020
/* 01F08 808B3238 A209018C */  sb      $t1, 0x018C($s0)           ## 0000018C
/* 01F0C 808B323C E60A0200 */  swc1    $f10, 0x0200($s0)          ## 00000200
/* 01F10 808B3240 10000007 */  beq     $zero, $zero, .L808B3260   
/* 01F14 808B3244 E61001FC */  swc1    $f16, 0x01FC($s0)          ## 000001FC
.L808B3248:
/* 01F18 808B3248 240A002A */  addiu   $t2, $zero, 0x002A         ## $t2 = 0000002A
/* 01F1C 808B324C AFAA0010 */  sw      $t2, 0x0010($sp)           
/* 01F20 808B3250 24054000 */  addiu   $a1, $zero, 0x4000         ## $a1 = 00004000
/* 01F24 808B3254 240600FF */  addiu   $a2, $zero, 0x00FF         ## $a2 = 000000FF
/* 01F28 808B3258 0C02F2DC */  jal     func_800BCB70              
/* 01F2C 808B325C 00003825 */  or      $a3, $zero, $zero          ## $a3 = 00000000
.L808B3260:
/* 01F30 808B3260 3C0B808B */  lui     $t3, %hi(func_808B3280)    ## $t3 = 808B0000
/* 01F34 808B3264 256B3280 */  addiu   $t3, $t3, %lo(func_808B3280) ## $t3 = 808B3280
/* 01F38 808B3268 AE0B0188 */  sw      $t3, 0x0188($s0)           ## 00000188
/* 01F3C 808B326C 8FBF0024 */  lw      $ra, 0x0024($sp)           
/* 01F40 808B3270 8FB00020 */  lw      $s0, 0x0020($sp)           
/* 01F44 808B3274 27BD0028 */  addiu   $sp, $sp, 0x0028           ## $sp = 00000000
/* 01F48 808B3278 03E00008 */  jr      $ra                        
/* 01F4C 808B327C 00000000 */  nop


glabel func_808B3280
/* 01F50 808B3280 27BDFFE0 */  addiu   $sp, $sp, 0xFFE0           ## $sp = FFFFFFE0
/* 01F54 808B3284 AFB10018 */  sw      $s1, 0x0018($sp)           
/* 01F58 808B3288 00808825 */  or      $s1, $a0, $zero            ## $s1 = 00000000
/* 01F5C 808B328C AFBF001C */  sw      $ra, 0x001C($sp)           
/* 01F60 808B3290 AFB00014 */  sw      $s0, 0x0014($sp)           
/* 01F64 808B3294 AFA50024 */  sw      $a1, 0x0024($sp)           
/* 01F68 808B3298 0C04DB34 */  jal     func_80136CD0              
/* 01F6C 808B329C 26240144 */  addiu   $a0, $s1, 0x0144           ## $a0 = 00000144
/* 01F70 808B32A0 262400BC */  addiu   $a0, $s1, 0x00BC           ## $a0 = 000000BC
/* 01F74 808B32A4 2405C000 */  addiu   $a1, $zero, 0xC000         ## $a1 = FFFFC000
/* 01F78 808B32A8 0C03FB9C */  jal     func_800FEE70              
/* 01F7C 808B32AC 24060E38 */  addiu   $a2, $zero, 0x0E38         ## $a2 = 00000E38
/* 01F80 808B32B0 30500001 */  andi    $s0, $v0, 0x0001           ## $s0 = 00000000
/* 01F84 808B32B4 26240192 */  addiu   $a0, $s1, 0x0192           ## $a0 = 00000192
/* 01F88 808B32B8 2405C000 */  addiu   $a1, $zero, 0xC000         ## $a1 = FFFFC000
/* 01F8C 808B32BC 0C03FB9C */  jal     func_800FEE70              
/* 01F90 808B32C0 24060E38 */  addiu   $a2, $zero, 0x0E38         ## $a2 = 00000E38
/* 01F94 808B32C4 02028024 */  and     $s0, $s0, $v0              
/* 01F98 808B32C8 26240194 */  addiu   $a0, $s1, 0x0194           ## $a0 = 00000194
/* 01F9C 808B32CC 2405C000 */  addiu   $a1, $zero, 0xC000         ## $a1 = FFFFC000
/* 01FA0 808B32D0 0C03FB9C */  jal     func_800FEE70              
/* 01FA4 808B32D4 24060E38 */  addiu   $a2, $zero, 0x0E38         ## $a2 = 00000E38
/* 01FA8 808B32D8 02028024 */  and     $s0, $s0, $v0              
/* 01FAC 808B32DC 26240196 */  addiu   $a0, $s1, 0x0196           ## $a0 = 00000196
/* 01FB0 808B32E0 2405C000 */  addiu   $a1, $zero, 0xC000         ## $a1 = FFFFC000
/* 01FB4 808B32E4 0C03FB9C */  jal     func_800FEE70              
/* 01FB8 808B32E8 24060E38 */  addiu   $a2, $zero, 0x0E38         ## $a2 = 00000E38
/* 01FBC 808B32EC 02028024 */  and     $s0, $s0, $v0              
/* 01FC0 808B32F0 12000020 */  beq     $s0, $zero, .L808B3374     
/* 01FC4 808B32F4 00000000 */  nop
/* 01FC8 808B32F8 922E00B7 */  lbu     $t6, 0x00B7($s1)           ## 000000B7
/* 01FCC 808B32FC 55C00006 */  bnel    $t6, $zero, .L808B3318     
/* 01FD0 808B3300 922F024D */  lbu     $t7, 0x024D($s1)           ## 0000024D
/* 01FD4 808B3304 0C22CDDA */  jal     func_808B3768              
/* 01FD8 808B3308 02202025 */  or      $a0, $s1, $zero            ## $a0 = 00000000
/* 01FDC 808B330C 10000019 */  beq     $zero, $zero, .L808B3374   
/* 01FE0 808B3310 00000000 */  nop
/* 01FE4 808B3314 922F024D */  lbu     $t7, 0x024D($s1)           ## 0000024D
.L808B3318:
/* 01FE8 808B3318 8639018E */  lh      $t9, 0x018E($s1)           ## 0000018E
/* 01FEC 808B331C 3C0142A0 */  lui     $at, 0x42A0                ## $at = 42A00000
/* 01FF0 808B3320 35F80001 */  ori     $t8, $t7, 0x0001           ## $t8 = 00000001
/* 01FF4 808B3324 17200011 */  bne     $t9, $zero, .L808B336C     
/* 01FF8 808B3328 A238024D */  sb      $t8, 0x024D($s1)           ## 0000024D
/* 01FFC 808B332C 44813000 */  mtc1    $at, $f6                   ## $f6 = 80.00
/* 02000 808B3330 C62801F8 */  lwc1    $f8, 0x01F8($s1)           ## 000001F8
/* 02004 808B3334 C6240098 */  lwc1    $f4, 0x0098($s1)           ## 00000098
/* 02008 808B3338 46083282 */  mul.s   $f10, $f6, $f8             
/* 0200C 808B333C 460A203C */  c.lt.s  $f4, $f10                  
/* 02010 808B3340 00000000 */  nop
/* 02014 808B3344 45000005 */  bc1f    .L808B335C                 
/* 02018 808B3348 00000000 */  nop
/* 0201C 808B334C 0C22CA24 */  jal     func_808B2890              
/* 02020 808B3350 02202025 */  or      $a0, $s1, $zero            ## $a0 = 00000000
/* 02024 808B3354 10000007 */  beq     $zero, $zero, .L808B3374   
/* 02028 808B3358 00000000 */  nop
.L808B335C:
/* 0202C 808B335C 0C22CC11 */  jal     func_808B3044              
/* 02030 808B3360 02202025 */  or      $a0, $s1, $zero            ## $a0 = 00000000
/* 02034 808B3364 10000003 */  beq     $zero, $zero, .L808B3374   
/* 02038 808B3368 00000000 */  nop
.L808B336C:
/* 0203C 808B336C 0C22CE6B */  jal     func_808B39AC              
/* 02040 808B3370 02202025 */  or      $a0, $s1, $zero            ## $a0 = 00000000
.L808B3374:
/* 02044 808B3374 0C22C56E */  jal     func_808B15B8              
/* 02048 808B3378 02202025 */  or      $a0, $s1, $zero            ## $a0 = 00000000
/* 0204C 808B337C 8FBF001C */  lw      $ra, 0x001C($sp)           
/* 02050 808B3380 8FB00014 */  lw      $s0, 0x0014($sp)           
/* 02054 808B3384 8FB10018 */  lw      $s1, 0x0018($sp)           
/* 02058 808B3388 03E00008 */  jr      $ra                        
/* 0205C 808B338C 27BD0020 */  addiu   $sp, $sp, 0x0020           ## $sp = 00000000


glabel func_808B3390
/* 02060 808B3390 44802000 */  mtc1    $zero, $f4                 ## $f4 = 0.00
/* 02064 808B3394 A480018E */  sh      $zero, 0x018E($a0)         ## 0000018E
/* 02068 808B3398 3C01808B */  lui     $at, %hi(D_808B4EE8)       ## $at = 808B0000
/* 0206C 808B339C E4840160 */  swc1    $f4, 0x0160($a0)           ## 00000160
/* 02070 808B33A0 C4264EE8 */  lwc1    $f6, %lo(D_808B4EE8)($at)  
/* 02074 808B33A4 848E00BE */  lh      $t6, 0x00BE($a0)           ## 000000BE
/* 02078 808B33A8 3C014080 */  lui     $at, 0x4080                ## $at = 40800000
/* 0207C 808B33AC 44814000 */  mtc1    $at, $f8                   ## $f8 = 4.00
/* 02080 808B33B0 34018000 */  ori     $at, $zero, 0x8000         ## $at = 00008000
/* 02084 808B33B4 01C17821 */  addu    $t7, $t6, $at              
/* 02088 808B33B8 3C014040 */  lui     $at, 0x4040                ## $at = 40400000
/* 0208C 808B33BC 44818000 */  mtc1    $at, $f16                  ## $f16 = 3.00
/* 02090 808B33C0 C48A01F8 */  lwc1    $f10, 0x01F8($a0)          ## 000001F8
/* 02094 808B33C4 9098024D */  lbu     $t8, 0x024D($a0)           ## 0000024D
/* 02098 808B33C8 8C880004 */  lw      $t0, 0x0004($a0)           ## 00000004
/* 0209C 808B33CC 46105482 */  mul.s   $f18, $f10, $f16           
/* 020A0 808B33D0 3C0A808B */  lui     $t2, %hi(func_808B3404)    ## $t2 = 808B0000
/* 020A4 808B33D4 254A3404 */  addiu   $t2, $t2, %lo(func_808B3404) ## $t2 = 808B3404
/* 020A8 808B33D8 3319FFFE */  andi    $t9, $t8, 0xFFFE           ## $t9 = 00000000
/* 020AC 808B33DC 35090030 */  ori     $t1, $t0, 0x0030           ## $t1 = 00000030
/* 020B0 808B33E0 A48F0032 */  sh      $t7, 0x0032($a0)           ## 00000032
/* 020B4 808B33E4 A099024D */  sb      $t9, 0x024D($a0)           ## 0000024D
/* 020B8 808B33E8 E4920070 */  swc1    $f18, 0x0070($a0)          ## 00000070
/* 020BC 808B33EC AC890004 */  sw      $t1, 0x0004($a0)           ## 00000004
/* 020C0 808B33F0 AC8A0188 */  sw      $t2, 0x0188($a0)           ## 00000188
/* 020C4 808B33F4 E4860074 */  swc1    $f6, 0x0074($a0)           ## 00000074
/* 020C8 808B33F8 E4880068 */  swc1    $f8, 0x0068($a0)           ## 00000068
/* 020CC 808B33FC 03E00008 */  jr      $ra                        
/* 020D0 808B3400 00000000 */  nop


glabel func_808B3404
/* 020D4 808B3404 27BDFF78 */  addiu   $sp, $sp, 0xFF78           ## $sp = FFFFFF78
/* 020D8 808B3408 F7B40028 */  sdc1    $f20, 0x0028($sp)          
/* 020DC 808B340C AFB50058 */  sw      $s5, 0x0058($sp)           
/* 020E0 808B3410 AFB30050 */  sw      $s3, 0x0050($sp)           
/* 020E4 808B3414 4480A000 */  mtc1    $zero, $f20                ## $f20 = 0.00
/* 020E8 808B3418 00809825 */  or      $s3, $a0, $zero            ## $s3 = 00000000
/* 020EC 808B341C 00A0A825 */  or      $s5, $a1, $zero            ## $s5 = 00000000
/* 020F0 808B3420 AFBF005C */  sw      $ra, 0x005C($sp)           
/* 020F4 808B3424 AFB40054 */  sw      $s4, 0x0054($sp)           
/* 020F8 808B3428 AFB2004C */  sw      $s2, 0x004C($sp)           
/* 020FC 808B342C AFB10048 */  sw      $s1, 0x0048($sp)           
/* 02100 808B3430 AFB00044 */  sw      $s0, 0x0044($sp)           
/* 02104 808B3434 F7B80038 */  sdc1    $f24, 0x0038($sp)          
/* 02108 808B3438 F7B60030 */  sdc1    $f22, 0x0030($sp)          
/* 0210C 808B343C 3C01808B */  lui     $at, %hi(D_808B4EEC)       ## $at = 808B0000
/* 02110 808B3440 C4264EEC */  lwc1    $f6, %lo(D_808B4EEC)($at)  
/* 02114 808B3444 C66401F8 */  lwc1    $f4, 0x01F8($s3)           ## 000001F8
/* 02118 808B3448 4405A000 */  mfc1    $a1, $f20                  
/* 0211C 808B344C 26640070 */  addiu   $a0, $s3, 0x0070           ## $a0 = 00000070
/* 02120 808B3450 46062202 */  mul.s   $f8, $f4, $f6              
/* 02124 808B3454 44064000 */  mfc1    $a2, $f8                   
/* 02128 808B3458 0C03FC0F */  jal     func_800FF03C              
/* 0212C 808B345C 00000000 */  nop
/* 02130 808B3460 8662018E */  lh      $v0, 0x018E($s3)           ## 0000018E
/* 02134 808B3464 266400BC */  addiu   $a0, $s3, 0x00BC           ## $a0 = 000000BC
/* 02138 808B3468 24054800 */  addiu   $a1, $zero, 0x4800         ## $a1 = 00004800
/* 0213C 808B346C 1440005F */  bne     $v0, $zero, .L808B35EC     
/* 02140 808B3470 24010001 */  addiu   $at, $zero, 0x0001         ## $at = 00000001
/* 02144 808B3474 0C03FB9C */  jal     func_800FEE70              
/* 02148 808B3478 2406071C */  addiu   $a2, $zero, 0x071C         ## $a2 = 0000071C
/* 0214C 808B347C 26640192 */  addiu   $a0, $s3, 0x0192           ## $a0 = 00000192
/* 02150 808B3480 24054800 */  addiu   $a1, $zero, 0x4800         ## $a1 = 00004800
/* 02154 808B3484 0C03FB9C */  jal     func_800FEE70              
/* 02158 808B3488 2406071C */  addiu   $a2, $zero, 0x071C         ## $a2 = 0000071C
/* 0215C 808B348C 26640194 */  addiu   $a0, $s3, 0x0194           ## $a0 = 00000194
/* 02160 808B3490 24054800 */  addiu   $a1, $zero, 0x4800         ## $a1 = 00004800
/* 02164 808B3494 0C03FB9C */  jal     func_800FEE70              
/* 02168 808B3498 2406071C */  addiu   $a2, $zero, 0x071C         ## $a2 = 0000071C
/* 0216C 808B349C 3C014040 */  lui     $at, 0x4040                ## $at = 40400000
/* 02170 808B34A0 4481B000 */  mtc1    $at, $f22                  ## $f22 = 3.00
/* 02174 808B34A4 C66001F8 */  lwc1    $f0, 0x01F8($s3)           ## 000001F8
/* 02178 808B34A8 3C014140 */  lui     $at, 0x4140                ## $at = 41400000
/* 0217C 808B34AC 4481C000 */  mtc1    $at, $f24                  ## $f24 = 12.00
/* 02180 808B34B0 46160282 */  mul.s   $f10, $f0, $f22            
/* 02184 808B34B4 3C0140A0 */  lui     $at, 0x40A0                ## $at = 40A00000
/* 02188 808B34B8 44812000 */  mtc1    $at, $f4                   ## $f4 = 5.00
/* 0218C 808B34BC 46180402 */  mul.s   $f16, $f0, $f24            
/* 02190 808B34C0 26700024 */  addiu   $s0, $s3, 0x0024           ## $s0 = 00000024
/* 02194 808B34C4 24080001 */  addiu   $t0, $zero, 0x0001         ## $t0 = 00000001
/* 02198 808B34C8 46040182 */  mul.s   $f6, $f0, $f4              
/* 0219C 808B34CC 44065000 */  mfc1    $a2, $f10                  
/* 021A0 808B34D0 2409FFFF */  addiu   $t1, $zero, 0xFFFF         ## $t1 = FFFFFFFF
/* 021A4 808B34D4 240A000A */  addiu   $t2, $zero, 0x000A         ## $t2 = 0000000A
/* 021A8 808B34D8 AFAA0020 */  sw      $t2, 0x0020($sp)           
/* 021AC 808B34DC AFA9001C */  sw      $t1, 0x001C($sp)           
/* 021B0 808B34E0 4600848D */  trunc.w.s $f18, $f16                 
/* 021B4 808B34E4 AFA80018 */  sw      $t0, 0x0018($sp)           
/* 021B8 808B34E8 02002825 */  or      $a1, $s0, $zero            ## $a1 = 00000024
/* 021BC 808B34EC 4600320D */  trunc.w.s $f8, $f6                   
/* 021C0 808B34F0 440F9000 */  mfc1    $t7, $f18                  
/* 021C4 808B34F4 AFA00024 */  sw      $zero, 0x0024($sp)         
/* 021C8 808B34F8 02A02025 */  or      $a0, $s5, $zero            ## $a0 = 00000000
/* 021CC 808B34FC 44194000 */  mfc1    $t9, $f8                   
/* 021D0 808B3500 00003825 */  or      $a3, $zero, $zero          ## $a3 = 00000000
/* 021D4 808B3504 AFAF0010 */  sw      $t7, 0x0010($sp)           
/* 021D8 808B3508 0C02C887 */  jal     func_800B221C              
/* 021DC 808B350C AFB90014 */  sw      $t9, 0x0014($sp)           
/* 021E0 808B3510 3C01808B */  lui     $at, %hi(D_808B4EF0)       ## $at = 808B0000
/* 021E4 808B3514 C42A4EF0 */  lwc1    $f10, %lo(D_808B4EF0)($at) 
/* 021E8 808B3518 C6700058 */  lwc1    $f16, 0x0058($s3)          ## 00000058
/* 021EC 808B351C 4610503C */  c.lt.s  $f10, $f16                 
/* 021F0 808B3520 00000000 */  nop
/* 021F4 808B3524 45020028 */  bc1fl   .L808B35C8                 
/* 021F8 808B3528 966C0090 */  lhu     $t4, 0x0090($s3)           ## 00000090
/* 021FC 808B352C 96620090 */  lhu     $v0, 0x0090($s3)           ## 00000090
/* 02200 808B3530 2401FFFA */  addiu   $at, $zero, 0xFFFA         ## $at = FFFFFFFA
/* 02204 808B3534 02A02025 */  or      $a0, $s5, $zero            ## $a0 = 00000000
/* 02208 808B3538 304B0002 */  andi    $t3, $v0, 0x0002           ## $t3 = 00000000
/* 0220C 808B353C 15600003 */  bne     $t3, $zero, .L808B354C     
/* 02210 808B3540 304C0008 */  andi    $t4, $v0, 0x0008           ## $t4 = 00000000
/* 02214 808B3544 51800020 */  beql    $t4, $zero, .L808B35C8     
/* 02218 808B3548 966C0090 */  lhu     $t4, 0x0090($s3)           ## 00000090
.L808B354C:
/* 0221C 808B354C C66001F8 */  lwc1    $f0, 0x01F8($s3)           ## 000001F8
/* 02220 808B3550 8E6D0004 */  lw      $t5, 0x0004($s3)           ## 00000004
/* 02224 808B3554 E6740060 */  swc1    $f20, 0x0060($s3)          ## 00000060
/* 02228 808B3558 46160482 */  mul.s   $f18, $f0, $f22            
/* 0222C 808B355C 01A17024 */  and     $t6, $t5, $at              
/* 02230 808B3560 3C0140A0 */  lui     $at, 0x40A0                ## $at = 40A00000
/* 02234 808B3564 46180102 */  mul.s   $f4, $f0, $f24             
/* 02238 808B3568 44814000 */  mtc1    $at, $f8                   ## $f8 = 5.00
/* 0223C 808B356C E674005C */  swc1    $f20, 0x005C($s3)          ## 0000005C
/* 02240 808B3570 E6740058 */  swc1    $f20, 0x0058($s3)          ## 00000058
/* 02244 808B3574 46080282 */  mul.s   $f10, $f0, $f8             
/* 02248 808B3578 E6740070 */  swc1    $f20, 0x0070($s3)          ## 00000070
/* 0224C 808B357C AE6E0004 */  sw      $t6, 0x0004($s3)           ## 00000004
/* 02250 808B3580 44069000 */  mfc1    $a2, $f18                  
/* 02254 808B3584 2409000F */  addiu   $t1, $zero, 0x000F         ## $t1 = 0000000F
/* 02258 808B3588 240AFFFF */  addiu   $t2, $zero, 0xFFFF         ## $t2 = FFFFFFFF
/* 0225C 808B358C 4600218D */  trunc.w.s $f6, $f4                   
/* 02260 808B3590 240B000A */  addiu   $t3, $zero, 0x000A         ## $t3 = 0000000A
/* 02264 808B3594 AFAB0020 */  sw      $t3, 0x0020($sp)           
/* 02268 808B3598 4600540D */  trunc.w.s $f16, $f10                 
/* 0226C 808B359C 44183000 */  mfc1    $t8, $f6                   
/* 02270 808B35A0 AFAA001C */  sw      $t2, 0x001C($sp)           
/* 02274 808B35A4 AFA90018 */  sw      $t1, 0x0018($sp)           
/* 02278 808B35A8 44088000 */  mfc1    $t0, $f16                  
/* 0227C 808B35AC AFA00024 */  sw      $zero, 0x0024($sp)         
/* 02280 808B35B0 02002825 */  or      $a1, $s0, $zero            ## $a1 = 00000024
/* 02284 808B35B4 00003825 */  or      $a3, $zero, $zero          ## $a3 = 00000000
/* 02288 808B35B8 AFB80010 */  sw      $t8, 0x0010($sp)           
/* 0228C 808B35BC 0C02C887 */  jal     func_800B221C              
/* 02290 808B35C0 AFA80014 */  sw      $t0, 0x0014($sp)           
/* 02294 808B35C4 966C0090 */  lhu     $t4, 0x0090($s3)           ## 00000090
.L808B35C8:
/* 02298 808B35C8 02602025 */  or      $a0, $s3, $zero            ## $a0 = 00000000
/* 0229C 808B35CC 318D0002 */  andi    $t5, $t4, 0x0002           ## $t5 = 00000000
/* 022A0 808B35D0 51A0005A */  beql    $t5, $zero, .L808B373C     
/* 022A4 808B35D4 8FBF005C */  lw      $ra, 0x005C($sp)           
/* 022A8 808B35D8 0C02E3B2 */  jal     func_800B8EC8              
/* 022AC 808B35DC 2405387B */  addiu   $a1, $zero, 0x387B         ## $a1 = 0000387B
/* 022B0 808B35E0 240E0001 */  addiu   $t6, $zero, 0x0001         ## $t6 = 00000001
/* 022B4 808B35E4 10000054 */  beq     $zero, $zero, .L808B3738   
/* 022B8 808B35E8 A66E018E */  sh      $t6, 0x018E($s3)           ## 0000018E
.L808B35EC:
/* 022BC 808B35EC 54410053 */  bnel    $v0, $at, .L808B373C       
/* 022C0 808B35F0 8FBF005C */  lw      $ra, 0x005C($sp)           
/* 022C4 808B35F4 8E780024 */  lw      $t8, 0x0024($s3)           ## 00000024
/* 022C8 808B35F8 27B40078 */  addiu   $s4, $sp, 0x0078           ## $s4 = FFFFFFF0
/* 022CC 808B35FC AE980000 */  sw      $t8, 0x0000($s4)           ## FFFFFFF0
/* 022D0 808B3600 8E6F0028 */  lw      $t7, 0x0028($s3)           ## 00000028
/* 022D4 808B3604 AE8F0004 */  sw      $t7, 0x0004($s4)           ## FFFFFFF4
/* 022D8 808B3608 8E78002C */  lw      $t8, 0x002C($s3)           ## 0000002C
/* 022DC 808B360C AE980008 */  sw      $t8, 0x0008($s4)           ## FFFFFFF8
/* 022E0 808B3610 0C03FB61 */  jal     func_800FED84              
/* 022E4 808B3614 866400BC */  lh      $a0, 0x00BC($s3)           ## 000000BC
/* 022E8 808B3618 3C0141A0 */  lui     $at, 0x41A0                ## $at = 41A00000
/* 022EC 808B361C 44819000 */  mtc1    $at, $f18                  ## $f18 = 20.00
/* 022F0 808B3620 866400BC */  lh      $a0, 0x00BC($s3)           ## 000000BC
/* 022F4 808B3624 46120602 */  mul.s   $f24, $f0, $f18            
/* 022F8 808B3628 0C03FB51 */  jal     func_800FED44              
/* 022FC 808B362C 00000000 */  nop
/* 02300 808B3630 E7A00068 */  swc1    $f0, 0x0068($sp)           
/* 02304 808B3634 0C03FB61 */  jal     func_800FED84              
/* 02308 808B3638 866400BE */  lh      $a0, 0x00BE($s3)           ## 000000BE
/* 0230C 808B363C 3C01C1A0 */  lui     $at, 0xC1A0                ## $at = C1A00000
/* 02310 808B3640 44812000 */  mtc1    $at, $f4                   ## $f4 = -20.00
/* 02314 808B3644 C7A60068 */  lwc1    $f6, 0x0068($sp)           
/* 02318 808B3648 866400BC */  lh      $a0, 0x00BC($s3)           ## 000000BC
/* 0231C 808B364C 46062202 */  mul.s   $f8, $f4, $f6              
/* 02320 808B3650 00000000 */  nop
/* 02324 808B3654 46080502 */  mul.s   $f20, $f0, $f8             
/* 02328 808B3658 0C03FB51 */  jal     func_800FED44              
/* 0232C 808B365C 00000000 */  nop
/* 02330 808B3660 E7A00068 */  swc1    $f0, 0x0068($sp)           
/* 02334 808B3664 0C03FB51 */  jal     func_800FED44              
/* 02338 808B3668 866400BE */  lh      $a0, 0x00BE($s3)           ## 000000BE
/* 0233C 808B366C 3C01C1A0 */  lui     $at, 0xC1A0                ## $at = C1A00000
/* 02340 808B3670 44815000 */  mtc1    $at, $f10                  ## $f10 = -20.00
/* 02344 808B3674 C7B00068 */  lwc1    $f16, 0x0068($sp)          
/* 02348 808B3678 3C11801D */  lui     $s1, 0x801D                ## $s1 = 801D0000
/* 0234C 808B367C 263115B0 */  addiu   $s1, $s1, 0x15B0           ## $s1 = 801D15B0
/* 02350 808B3680 46105482 */  mul.s   $f18, $f10, $f16           
/* 02354 808B3684 00008025 */  or      $s0, $zero, $zero          ## $s0 = 00000000
/* 02358 808B3688 24120004 */  addiu   $s2, $zero, 0x0004         ## $s2 = 00000004
/* 0235C 808B368C 46120582 */  mul.s   $f22, $f0, $f18            
/* 02360 808B3690 00000000 */  nop
.L808B3694:
/* 02364 808B3694 241901F4 */  addiu   $t9, $zero, 0x01F4         ## $t9 = 000001F4
/* 02368 808B3698 24080032 */  addiu   $t0, $zero, 0x0032         ## $t0 = 00000032
/* 0236C 808B369C AFA80014 */  sw      $t0, 0x0014($sp)           
/* 02370 808B36A0 AFB90010 */  sw      $t9, 0x0010($sp)           
/* 02374 808B36A4 02A02025 */  or      $a0, $s5, $zero            ## $a0 = 00000000
/* 02378 808B36A8 02802825 */  or      $a1, $s4, $zero            ## $a1 = FFFFFFF0
/* 0237C 808B36AC 02203025 */  or      $a2, $s1, $zero            ## $a2 = 801D15B0
/* 02380 808B36B0 0C02C484 */  jal     func_800B1210              
/* 02384 808B36B4 02203825 */  or      $a3, $s1, $zero            ## $a3 = 801D15B0
/* 02388 808B36B8 C7A40078 */  lwc1    $f4, 0x0078($sp)           
/* 0238C 808B36BC C7A8007C */  lwc1    $f8, 0x007C($sp)           
/* 02390 808B36C0 C7B00080 */  lwc1    $f16, 0x0080($sp)          
/* 02394 808B36C4 46142180 */  add.s   $f6, $f4, $f20             
/* 02398 808B36C8 26100001 */  addiu   $s0, $s0, 0x0001           ## $s0 = 00000001
/* 0239C 808B36CC 46184280 */  add.s   $f10, $f8, $f24            
/* 023A0 808B36D0 E7A60078 */  swc1    $f6, 0x0078($sp)           
/* 023A4 808B36D4 46168480 */  add.s   $f18, $f16, $f22           
/* 023A8 808B36D8 E7AA007C */  swc1    $f10, 0x007C($sp)          
/* 023AC 808B36DC 1612FFED */  bne     $s0, $s2, .L808B3694       
/* 023B0 808B36E0 E7B20080 */  swc1    $f18, 0x0080($sp)          
/* 023B4 808B36E4 3C0143FA */  lui     $at, 0x43FA                ## $at = 43FA0000
/* 023B8 808B36E8 44812000 */  mtc1    $at, $f4                   ## $f4 = 500.00
/* 023BC 808B36EC C66001F8 */  lwc1    $f0, 0x01F8($s3)           ## 000001F8
/* 023C0 808B36F0 3C0142C8 */  lui     $at, 0x42C8                ## $at = 42C80000
/* 023C4 808B36F4 44815000 */  mtc1    $at, $f10                  ## $f10 = 100.00
/* 023C8 808B36F8 46040182 */  mul.s   $f6, $f0, $f4              
/* 023CC 808B36FC 02A02025 */  or      $a0, $s5, $zero            ## $a0 = 00000000
/* 023D0 808B3700 26650008 */  addiu   $a1, $s3, 0x0008           ## $a1 = 00000008
/* 023D4 808B3704 460A0402 */  mul.s   $f16, $f0, $f10            
/* 023D8 808B3708 02203025 */  or      $a2, $s1, $zero            ## $a2 = 801D15B0
/* 023DC 808B370C 02203825 */  or      $a3, $s1, $zero            ## $a3 = 801D15B0
/* 023E0 808B3710 4600320D */  trunc.w.s $f8, $f6                   
/* 023E4 808B3714 4600848D */  trunc.w.s $f18, $f16                 
/* 023E8 808B3718 440A4000 */  mfc1    $t2, $f8                   
/* 023EC 808B371C 440C9000 */  mfc1    $t4, $f18                  
/* 023F0 808B3720 AFAA0010 */  sw      $t2, 0x0010($sp)           
/* 023F4 808B3724 0C02C484 */  jal     func_800B1210              
/* 023F8 808B3728 AFAC0014 */  sw      $t4, 0x0014($sp)           
/* 023FC 808B372C 02602025 */  or      $a0, $s3, $zero            ## $a0 = 00000000
/* 02400 808B3730 0C22CF90 */  jal     func_808B3E40              
/* 02404 808B3734 02A02825 */  or      $a1, $s5, $zero            ## $a1 = 00000000
.L808B3738:
/* 02408 808B3738 8FBF005C */  lw      $ra, 0x005C($sp)           
.L808B373C:
/* 0240C 808B373C D7B40028 */  ldc1    $f20, 0x0028($sp)          
/* 02410 808B3740 D7B60030 */  ldc1    $f22, 0x0030($sp)          
/* 02414 808B3744 D7B80038 */  ldc1    $f24, 0x0038($sp)          
/* 02418 808B3748 8FB00044 */  lw      $s0, 0x0044($sp)           
/* 0241C 808B374C 8FB10048 */  lw      $s1, 0x0048($sp)           
/* 02420 808B3750 8FB2004C */  lw      $s2, 0x004C($sp)           
/* 02424 808B3754 8FB30050 */  lw      $s3, 0x0050($sp)           
/* 02428 808B3758 8FB40054 */  lw      $s4, 0x0054($sp)           
/* 0242C 808B375C 8FB50058 */  lw      $s5, 0x0058($sp)           
/* 02430 808B3760 03E00008 */  jr      $ra                        
/* 02434 808B3764 27BD0088 */  addiu   $sp, $sp, 0x0088           ## $sp = 00000000


glabel func_808B3768
/* 02438 808B3768 27BDFFD8 */  addiu   $sp, $sp, 0xFFD8           ## $sp = FFFFFFD8
/* 0243C 808B376C AFBF0024 */  sw      $ra, 0x0024($sp)           
/* 02440 808B3770 AFA40028 */  sw      $a0, 0x0028($sp)           
/* 02444 808B3774 3C040600 */  lui     $a0, 0x0600                ## $a0 = 06000000
/* 02448 808B3778 0C04D1D2 */  jal     func_80134748              
/* 0244C 808B377C 248402B8 */  addiu   $a0, $a0, 0x02B8           ## $a0 = 060002B8
/* 02450 808B3780 44822000 */  mtc1    $v0, $f4                   ## $f4 = 0.00
/* 02454 808B3784 3C01C040 */  lui     $at, 0xC040                ## $at = C0400000
/* 02458 808B3788 44814000 */  mtc1    $at, $f8                   ## $f8 = -3.00
/* 0245C 808B378C 46802120 */  cvt.s.w $f4, $f4                   
/* 02460 808B3790 8FA30028 */  lw      $v1, 0x0028($sp)           
/* 02464 808B3794 44803000 */  mtc1    $zero, $f6                 ## $f6 = 0.00
/* 02468 808B3798 3C050600 */  lui     $a1, 0x0600                ## $a1 = 06000000
/* 0246C 808B379C 240E0002 */  addiu   $t6, $zero, 0x0002         ## $t6 = 00000002
/* 02470 808B37A0 AFAE0014 */  sw      $t6, 0x0014($sp)           
/* 02474 808B37A4 44072000 */  mfc1    $a3, $f4                   
/* 02478 808B37A8 24A502B8 */  addiu   $a1, $a1, 0x02B8           ## $a1 = 060002B8
/* 0247C 808B37AC 3C06BFC0 */  lui     $a2, 0xBFC0                ## $a2 = BFC00000
/* 02480 808B37B0 E7A80018 */  swc1    $f8, 0x0018($sp)           
/* 02484 808B37B4 24640144 */  addiu   $a0, $v1, 0x0144           ## $a0 = 00000144
/* 02488 808B37B8 0C04DCFA */  jal     func_801373E8              
/* 0248C 808B37BC E7A60010 */  swc1    $f6, 0x0010($sp)           
/* 02490 808B37C0 8FA30028 */  lw      $v1, 0x0028($sp)           
/* 02494 808B37C4 3C19808B */  lui     $t9, %hi(func_808B37E8)    ## $t9 = 808B0000
/* 02498 808B37C8 273937E8 */  addiu   $t9, $t9, %lo(func_808B37E8) ## $t9 = 808B37E8
/* 0249C 808B37CC 906F024D */  lbu     $t7, 0x024D($v1)           ## 0000024D
/* 024A0 808B37D0 AC790188 */  sw      $t9, 0x0188($v1)           ## 00000188
/* 024A4 808B37D4 31F8FFFE */  andi    $t8, $t7, 0xFFFE           ## $t8 = 00000000
/* 024A8 808B37D8 A078024D */  sb      $t8, 0x024D($v1)           ## 0000024D
/* 024AC 808B37DC 8FBF0024 */  lw      $ra, 0x0024($sp)           
/* 024B0 808B37E0 03E00008 */  jr      $ra                        
/* 024B4 808B37E4 27BD0028 */  addiu   $sp, $sp, 0x0028           ## $sp = 00000000


glabel func_808B37E8
/* 024B8 808B37E8 27BDFFC0 */  addiu   $sp, $sp, 0xFFC0           ## $sp = FFFFFFC0
/* 024BC 808B37EC AFB10030 */  sw      $s1, 0x0030($sp)           
/* 024C0 808B37F0 AFB0002C */  sw      $s0, 0x002C($sp)           
/* 024C4 808B37F4 00808025 */  or      $s0, $a0, $zero            ## $s0 = 00000000
/* 024C8 808B37F8 00A08825 */  or      $s1, $a1, $zero            ## $s1 = 00000000
/* 024CC 808B37FC AFBF0034 */  sw      $ra, 0x0034($sp)           
/* 024D0 808B3800 3C0140A0 */  lui     $at, 0x40A0                ## $at = 40A00000
/* 024D4 808B3804 44813000 */  mtc1    $at, $f6                   ## $f6 = 5.00
/* 024D8 808B3808 C60401F8 */  lwc1    $f4, 0x01F8($s0)           ## 000001F8
/* 024DC 808B380C 26040028 */  addiu   $a0, $s0, 0x0028           ## $a0 = 00000028
/* 024E0 808B3810 8E05000C */  lw      $a1, 0x000C($s0)           ## 0000000C
/* 024E4 808B3814 46062202 */  mul.s   $f8, $f4, $f6              
/* 024E8 808B3818 44064000 */  mfc1    $a2, $f8                   
/* 024EC 808B381C 0C03FC0F */  jal     func_800FF03C              
/* 024F0 808B3820 00000000 */  nop
/* 024F4 808B3824 3C01808B */  lui     $at, %hi(D_808B4EF4)       ## $at = 808B0000
/* 024F8 808B3828 C4304EF4 */  lwc1    $f16, %lo(D_808B4EF4)($at) 
/* 024FC 808B382C C60A01F8 */  lwc1    $f10, 0x01F8($s0)          ## 000001F8
/* 02500 808B3830 3C01808B */  lui     $at, %hi(D_808B4EF8)       ## $at = 808B0000
/* 02504 808B3834 C4244EF8 */  lwc1    $f4, %lo(D_808B4EF8)($at)  
/* 02508 808B3838 46105482 */  mul.s   $f18, $f10, $f16           
/* 0250C 808B383C 26040058 */  addiu   $a0, $s0, 0x0058           ## $a0 = 00000058
/* 02510 808B3840 46049002 */  mul.s   $f0, $f18, $f4             
/* 02514 808B3844 44050000 */  mfc1    $a1, $f0                   
/* 02518 808B3848 44060000 */  mfc1    $a2, $f0                   
/* 0251C 808B384C 0C03FC0F */  jal     func_800FF03C              
/* 02520 808B3850 00000000 */  nop
/* 02524 808B3854 1040002E */  beq     $v0, $zero, .L808B3910     
/* 02528 808B3858 3C0143FA */  lui     $at, 0x43FA                ## $at = 43FA0000
/* 0252C 808B385C C60001F8 */  lwc1    $f0, 0x01F8($s0)           ## 000001F8
/* 02530 808B3860 44813000 */  mtc1    $at, $f6                   ## $f6 = 500.00
/* 02534 808B3864 3C0142C8 */  lui     $at, 0x42C8                ## $at = 42C80000
/* 02538 808B3868 44818000 */  mtc1    $at, $f16                  ## $f16 = 100.00
/* 0253C 808B386C 46060202 */  mul.s   $f8, $f0, $f6              
/* 02540 808B3870 3C06801D */  lui     $a2, 0x801D                ## $a2 = 801D0000
/* 02544 808B3874 24C615B0 */  addiu   $a2, $a2, 0x15B0           ## $a2 = 801D15B0
/* 02548 808B3878 46100482 */  mul.s   $f18, $f0, $f16            
/* 0254C 808B387C 00C03825 */  or      $a3, $a2, $zero            ## $a3 = 801D15B0
/* 02550 808B3880 02202025 */  or      $a0, $s1, $zero            ## $a0 = 00000000
/* 02554 808B3884 26050008 */  addiu   $a1, $s0, 0x0008           ## $a1 = 00000008
/* 02558 808B3888 4600428D */  trunc.w.s $f10, $f8                  
/* 0255C 808B388C 4600910D */  trunc.w.s $f4, $f18                  
/* 02560 808B3890 440F5000 */  mfc1    $t7, $f10                  
/* 02564 808B3894 44192000 */  mfc1    $t9, $f4                   
/* 02568 808B3898 AFAF0010 */  sw      $t7, 0x0010($sp)           
/* 0256C 808B389C 0C02C484 */  jal     func_800B1210              
/* 02570 808B38A0 AFB90014 */  sw      $t9, 0x0014($sp)           
/* 02574 808B38A4 9208011E */  lbu     $t0, 0x011E($s0)           ## 0000011E
/* 02578 808B38A8 02202025 */  or      $a0, $s1, $zero            ## $a0 = 00000000
/* 0257C 808B38AC 02002825 */  or      $a1, $s0, $zero            ## $a1 = 00000000
/* 02580 808B38B0 15000013 */  bne     $t0, $zero, .L808B3900     
/* 02584 808B38B4 26060024 */  addiu   $a2, $s0, 0x0024           ## $a2 = 00000024
/* 02588 808B38B8 26050024 */  addiu   $a1, $s0, 0x0024           ## $a1 = 00000024
/* 0258C 808B38BC AFA50038 */  sw      $a1, 0x0038($sp)           
/* 02590 808B38C0 02202025 */  or      $a0, $s1, $zero            ## $a0 = 00000000
/* 02594 808B38C4 0C029DCC */  jal     func_800A7730              
/* 02598 808B38C8 2406000C */  addiu   $a2, $zero, 0x000C         ## $a2 = 0000000C
/* 0259C 808B38CC 8609001C */  lh      $t1, 0x001C($s0)           ## 0000001C
/* 025A0 808B38D0 24010001 */  addiu   $at, $zero, 0x0001         ## $at = 00000001
/* 025A4 808B38D4 02202025 */  or      $a0, $s1, $zero            ## $a0 = 00000000
/* 025A8 808B38D8 1521000B */  bne     $t1, $at, .L808B3908       
/* 025AC 808B38DC 8FA50038 */  lw      $a1, 0x0038($sp)           
/* 025B0 808B38E0 0C029DCC */  jal     func_800A7730              
/* 025B4 808B38E4 2406000C */  addiu   $a2, $zero, 0x000C         ## $a2 = 0000000C
/* 025B8 808B38E8 02202025 */  or      $a0, $s1, $zero            ## $a0 = 00000000
/* 025BC 808B38EC 8FA50038 */  lw      $a1, 0x0038($sp)           
/* 025C0 808B38F0 0C029DCC */  jal     func_800A7730              
/* 025C4 808B38F4 2406000C */  addiu   $a2, $zero, 0x000C         ## $a2 = 0000000C
/* 025C8 808B38F8 10000003 */  beq     $zero, $zero, .L808B3908   
/* 025CC 808B38FC 00000000 */  nop
.L808B3900:
/* 025D0 808B3900 0C029F4A */  jal     func_800A7D28              
/* 025D4 808B3904 24070030 */  addiu   $a3, $zero, 0x0030         ## $a3 = 00000030
.L808B3908:
/* 025D8 808B3908 0C02D9C3 */  jal     func_800B670C              
/* 025DC 808B390C 02002025 */  or      $a0, $s0, $zero            ## $a0 = 00000000
.L808B3910:
/* 025E0 808B3910 3C014040 */  lui     $at, 0x4040                ## $at = 40400000
/* 025E4 808B3914 44813000 */  mtc1    $at, $f6                   ## $f6 = 3.00
/* 025E8 808B3918 C60001F8 */  lwc1    $f0, 0x01F8($s0)           ## 000001F8
/* 025EC 808B391C 3C014140 */  lui     $at, 0x4140                ## $at = 41400000
/* 025F0 808B3920 44815000 */  mtc1    $at, $f10                  ## $f10 = 12.00
/* 025F4 808B3924 46060202 */  mul.s   $f8, $f0, $f6              
/* 025F8 808B3928 3C0140A0 */  lui     $at, 0x40A0                ## $at = 40A00000
/* 025FC 808B392C 44812000 */  mtc1    $at, $f4                   ## $f4 = 5.00
/* 02600 808B3930 460A0402 */  mul.s   $f16, $f0, $f10            
/* 02604 808B3934 C6020058 */  lwc1    $f2, 0x0058($s0)           ## 00000058
/* 02608 808B3938 860A00C0 */  lh      $t2, 0x00C0($s0)           ## 000000C0
/* 0260C 808B393C 46040182 */  mul.s   $f6, $f0, $f4              
/* 02610 808B3940 44064000 */  mfc1    $a2, $f8                   
/* 02614 808B3944 254B1C70 */  addiu   $t3, $t2, 0x1C70           ## $t3 = 00001C70
/* 02618 808B3948 A60B00C0 */  sh      $t3, 0x00C0($s0)           ## 000000C0
/* 0261C 808B394C E6020060 */  swc1    $f2, 0x0060($s0)           ## 00000060
/* 02620 808B3950 E602005C */  swc1    $f2, 0x005C($s0)           ## 0000005C
/* 02624 808B3954 4600848D */  trunc.w.s $f18, $f16                 
/* 02628 808B3958 24180001 */  addiu   $t8, $zero, 0x0001         ## $t8 = 00000001
/* 0262C 808B395C 2419FFFF */  addiu   $t9, $zero, 0xFFFF         ## $t9 = FFFFFFFF
/* 02630 808B3960 4600320D */  trunc.w.s $f8, $f6                   
/* 02634 808B3964 440D9000 */  mfc1    $t5, $f18                  
/* 02638 808B3968 2408000A */  addiu   $t0, $zero, 0x000A         ## $t0 = 0000000A
/* 0263C 808B396C AFA80020 */  sw      $t0, 0x0020($sp)           
/* 02640 808B3970 440F4000 */  mfc1    $t7, $f8                   
/* 02644 808B3974 AFB9001C */  sw      $t9, 0x001C($sp)           
/* 02648 808B3978 AFB80018 */  sw      $t8, 0x0018($sp)           
/* 0264C 808B397C AFA00024 */  sw      $zero, 0x0024($sp)         
/* 02650 808B3980 02202025 */  or      $a0, $s1, $zero            ## $a0 = 00000000
/* 02654 808B3984 26050008 */  addiu   $a1, $s0, 0x0008           ## $a1 = 00000008
/* 02658 808B3988 00003825 */  or      $a3, $zero, $zero          ## $a3 = 00000000
/* 0265C 808B398C AFAD0010 */  sw      $t5, 0x0010($sp)           
/* 02660 808B3990 0C02C887 */  jal     func_800B221C              
/* 02664 808B3994 AFAF0014 */  sw      $t7, 0x0014($sp)           
/* 02668 808B3998 8FBF0034 */  lw      $ra, 0x0034($sp)           
/* 0266C 808B399C 8FB0002C */  lw      $s0, 0x002C($sp)           
/* 02670 808B39A0 8FB10030 */  lw      $s1, 0x0030($sp)           
/* 02674 808B39A4 03E00008 */  jr      $ra                        
/* 02678 808B39A8 27BD0040 */  addiu   $sp, $sp, 0x0040           ## $sp = 00000000


glabel func_808B39AC
/* 0267C 808B39AC 27BDFFD0 */  addiu   $sp, $sp, 0xFFD0           ## $sp = FFFFFFD0
/* 02680 808B39B0 AFB00028 */  sw      $s0, 0x0028($sp)           
/* 02684 808B39B4 00808025 */  or      $s0, $a0, $zero            ## $s0 = 00000000
/* 02688 808B39B8 AFBF002C */  sw      $ra, 0x002C($sp)           
/* 0268C 808B39BC 8E020258 */  lw      $v0, 0x0258($s0)           ## 00000258
/* 02690 808B39C0 24040003 */  addiu   $a0, $zero, 0x0003         ## $a0 = 00000003
/* 02694 808B39C4 00041980 */  sll     $v1, $a0,  6               
/* 02698 808B39C8 904E0056 */  lbu     $t6, 0x0056($v0)           ## 00000056
/* 0269C 808B39CC 24420040 */  addiu   $v0, $v0, 0x0040           ## $v0 = 00000040
/* 026A0 808B39D0 24010001 */  addiu   $at, $zero, 0x0001         ## $at = 00000001
/* 026A4 808B39D4 35CF0001 */  ori     $t7, $t6, 0x0001           ## $t7 = 00000001
/* 026A8 808B39D8 A04F0016 */  sb      $t7, 0x0016($v0)           ## 00000056
/* 026AC 808B39DC 8E020258 */  lw      $v0, 0x0258($s0)           ## 00000258
/* 026B0 808B39E0 3C040600 */  lui     $a0, 0x0600                ## $a0 = 06000000
/* 026B4 808B39E4 90580096 */  lbu     $t8, 0x0096($v0)           ## 000000D6
/* 026B8 808B39E8 24420040 */  addiu   $v0, $v0, 0x0040           ## $v0 = 00000080
/* 026BC 808B39EC 37190001 */  ori     $t9, $t8, 0x0001           ## $t9 = 00000001
/* 026C0 808B39F0 A0590056 */  sb      $t9, 0x0056($v0)           ## 000000D6
/* 026C4 808B39F4 8E080258 */  lw      $t0, 0x0258($s0)           ## 00000258
/* 026C8 808B39F8 01031021 */  addu    $v0, $t0, $v1              
/* 026CC 808B39FC 90490016 */  lbu     $t1, 0x0016($v0)           ## 00000096
/* 026D0 808B3A00 352A0001 */  ori     $t2, $t1, 0x0001           ## $t2 = 00000001
/* 026D4 808B3A04 A04A0016 */  sb      $t2, 0x0016($v0)           ## 00000096
/* 026D8 808B3A08 8E0B0258 */  lw      $t3, 0x0258($s0)           ## 00000258
/* 026DC 808B3A0C 01631021 */  addu    $v0, $t3, $v1              
/* 026E0 808B3A10 904C0056 */  lbu     $t4, 0x0056($v0)           ## 000000D6
/* 026E4 808B3A14 358D0001 */  ori     $t5, $t4, 0x0001           ## $t5 = 00000001
/* 026E8 808B3A18 A04D0056 */  sb      $t5, 0x0056($v0)           ## 000000D6
/* 026EC 808B3A1C 8E0E0258 */  lw      $t6, 0x0258($s0)           ## 00000258
/* 026F0 808B3A20 01C31021 */  addu    $v0, $t6, $v1              
/* 026F4 808B3A24 904F0096 */  lbu     $t7, 0x0096($v0)           ## 00000116
/* 026F8 808B3A28 35F80001 */  ori     $t8, $t7, 0x0001           ## $t8 = 00000001
/* 026FC 808B3A2C A0580096 */  sb      $t8, 0x0096($v0)           ## 00000116
/* 02700 808B3A30 8E190258 */  lw      $t9, 0x0258($s0)           ## 00000258
/* 02704 808B3A34 03231021 */  addu    $v0, $t9, $v1              
/* 02708 808B3A38 904800D6 */  lbu     $t0, 0x00D6($v0)           ## 00000156
/* 0270C 808B3A3C 35090001 */  ori     $t1, $t0, 0x0001           ## $t1 = 00000001
/* 02710 808B3A40 A04900D6 */  sb      $t1, 0x00D6($v0)           ## 00000156
/* 02714 808B3A44 860A018E */  lh      $t2, 0x018E($s0)           ## 0000018E
/* 02718 808B3A48 15410015 */  bne     $t2, $at, .L808B3AA0       
/* 0271C 808B3A4C 00000000 */  nop
/* 02720 808B3A50 3C040600 */  lui     $a0, 0x0600                ## $a0 = 06000000
/* 02724 808B3A54 0C04D1D2 */  jal     func_80134748              
/* 02728 808B3A58 248402B8 */  addiu   $a0, $a0, 0x02B8           ## $a0 = 060002B8
/* 0272C 808B3A5C 44822000 */  mtc1    $v0, $f4                   ## $f4 = 0.00
/* 02730 808B3A60 44800000 */  mtc1    $zero, $f0                 ## $f0 = 0.00
/* 02734 808B3A64 3C01C040 */  lui     $at, 0xC040                ## $at = C0400000
/* 02738 808B3A68 468021A0 */  cvt.s.w $f6, $f4                   
/* 0273C 808B3A6C 44814000 */  mtc1    $at, $f8                   ## $f8 = -3.00
/* 02740 808B3A70 3C050600 */  lui     $a1, 0x0600                ## $a1 = 06000000
/* 02744 808B3A74 44070000 */  mfc1    $a3, $f0                   
/* 02748 808B3A78 24A502B8 */  addiu   $a1, $a1, 0x02B8           ## $a1 = 060002B8
/* 0274C 808B3A7C 26040144 */  addiu   $a0, $s0, 0x0144           ## $a0 = 00000144
/* 02750 808B3A80 E7A60010 */  swc1    $f6, 0x0010($sp)           
/* 02754 808B3A84 3C064080 */  lui     $a2, 0x4080                ## $a2 = 40800000
/* 02758 808B3A88 AFA00014 */  sw      $zero, 0x0014($sp)         
/* 0275C 808B3A8C 0C04DCFA */  jal     func_801373E8              
/* 02760 808B3A90 E7A80018 */  swc1    $f8, 0x0018($sp)           
/* 02764 808B3A94 240B0028 */  addiu   $t3, $zero, 0x0028         ## $t3 = 00000028
/* 02768 808B3A98 10000019 */  beq     $zero, $zero, .L808B3B00   
/* 0276C 808B3A9C A60B018E */  sh      $t3, 0x018E($s0)           ## 0000018E
.L808B3AA0:
/* 02770 808B3AA0 0C04D1D2 */  jal     func_80134748              
/* 02774 808B3AA4 248402B8 */  addiu   $a0, $a0, 0x02B8           ## $a0 = 000002B8
/* 02778 808B3AA8 44825000 */  mtc1    $v0, $f10                  ## $f10 = 0.00
/* 0277C 808B3AAC 44800000 */  mtc1    $zero, $f0                 ## $f0 = 0.00
/* 02780 808B3AB0 3C01C040 */  lui     $at, 0xC040                ## $at = C0400000
/* 02784 808B3AB4 46805420 */  cvt.s.w $f16, $f10                 
/* 02788 808B3AB8 44819000 */  mtc1    $at, $f18                  ## $f18 = -3.00
/* 0278C 808B3ABC 3C050600 */  lui     $a1, 0x0600                ## $a1 = 06000000
/* 02790 808B3AC0 44060000 */  mfc1    $a2, $f0                   
/* 02794 808B3AC4 44070000 */  mfc1    $a3, $f0                   
/* 02798 808B3AC8 24A502B8 */  addiu   $a1, $a1, 0x02B8           ## $a1 = 060002B8
/* 0279C 808B3ACC E7B00010 */  swc1    $f16, 0x0010($sp)          
/* 027A0 808B3AD0 26040144 */  addiu   $a0, $s0, 0x0144           ## $a0 = 00000144
/* 027A4 808B3AD4 AFA00014 */  sw      $zero, 0x0014($sp)         
/* 027A8 808B3AD8 0C04DCFA */  jal     func_801373E8              
/* 027AC 808B3ADC E7B20018 */  swc1    $f18, 0x0018($sp)          
/* 027B0 808B3AE0 860C018E */  lh      $t4, 0x018E($s0)           ## 0000018E
/* 027B4 808B3AE4 24010002 */  addiu   $at, $zero, 0x0002         ## $at = 00000002
/* 027B8 808B3AE8 240D0028 */  addiu   $t5, $zero, 0x0028         ## $t5 = 00000028
/* 027BC 808B3AEC 15810003 */  bne     $t4, $at, .L808B3AFC       
/* 027C0 808B3AF0 240E0028 */  addiu   $t6, $zero, 0x0028         ## $t6 = 00000028
/* 027C4 808B3AF4 10000002 */  beq     $zero, $zero, .L808B3B00   
/* 027C8 808B3AF8 A60D018E */  sh      $t5, 0x018E($s0)           ## 0000018E
.L808B3AFC:
/* 027CC 808B3AFC A60E018E */  sh      $t6, 0x018E($s0)           ## 0000018E
.L808B3B00:
/* 027D0 808B3B00 3C014270 */  lui     $at, 0x4270                ## $at = 42700000
/* 027D4 808B3B04 44813000 */  mtc1    $at, $f6                   ## $f6 = 60.00
/* 027D8 808B3B08 C60801F8 */  lwc1    $f8, 0x01F8($s0)           ## 000001F8
/* 027DC 808B3B0C C6040008 */  lwc1    $f4, 0x0008($s0)           ## 00000008
/* 027E0 808B3B10 C610000C */  lwc1    $f16, 0x000C($s0)          ## 0000000C
/* 027E4 808B3B14 46083282 */  mul.s   $f10, $f6, $f8             
/* 027E8 808B3B18 E6040024 */  swc1    $f4, 0x0024($s0)           ## 00000024
/* 027EC 808B3B1C C6040010 */  lwc1    $f4, 0x0010($s0)           ## 00000010
/* 027F0 808B3B20 3C0F808B */  lui     $t7, %hi(func_808B3B48)    ## $t7 = 808B0000
/* 027F4 808B3B24 25EF3B48 */  addiu   $t7, $t7, %lo(func_808B3B48) ## $t7 = 808B3B48
/* 027F8 808B3B28 AE0F0188 */  sw      $t7, 0x0188($s0)           ## 00000188
/* 027FC 808B3B2C E604002C */  swc1    $f4, 0x002C($s0)           ## 0000002C
/* 02800 808B3B30 460A8480 */  add.s   $f18, $f16, $f10           
/* 02804 808B3B34 E6120028 */  swc1    $f18, 0x0028($s0)          ## 00000028
/* 02808 808B3B38 8FBF002C */  lw      $ra, 0x002C($sp)           
/* 0280C 808B3B3C 8FB00028 */  lw      $s0, 0x0028($sp)           
/* 02810 808B3B40 03E00008 */  jr      $ra                        
/* 02814 808B3B44 27BD0030 */  addiu   $sp, $sp, 0x0030           ## $sp = 00000000


glabel func_808B3B48
/* 02818 808B3B48 27BDFFE8 */  addiu   $sp, $sp, 0xFFE8           ## $sp = FFFFFFE8
/* 0281C 808B3B4C AFA5001C */  sw      $a1, 0x001C($sp)           
/* 02820 808B3B50 00802825 */  or      $a1, $a0, $zero            ## $a1 = 00000000
/* 02824 808B3B54 AFBF0014 */  sw      $ra, 0x0014($sp)           
/* 02828 808B3B58 AFA40018 */  sw      $a0, 0x0018($sp)           
/* 0282C 808B3B5C 24A40144 */  addiu   $a0, $a1, 0x0144           ## $a0 = 00000144
/* 02830 808B3B60 0C04DB34 */  jal     func_80136CD0              
/* 02834 808B3B64 AFA50018 */  sw      $a1, 0x0018($sp)           
/* 02838 808B3B68 8FA50018 */  lw      $a1, 0x0018($sp)           
/* 0283C 808B3B6C 84A2018E */  lh      $v0, 0x018E($a1)           ## 0000018E
/* 02840 808B3B70 00A02025 */  or      $a0, $a1, $zero            ## $a0 = 00000000
/* 02844 808B3B74 10400003 */  beq     $v0, $zero, .L808B3B84     
/* 02848 808B3B78 244EFFFF */  addiu   $t6, $v0, 0xFFFF           ## $t6 = FFFFFFFF
/* 0284C 808B3B7C A4AE018E */  sh      $t6, 0x018E($a1)           ## 0000018E
/* 02850 808B3B80 84A2018E */  lh      $v0, 0x018E($a1)           ## 0000018E
.L808B3B84:
/* 02854 808B3B84 54400014 */  bnel    $v0, $zero, .L808B3BD8     
/* 02858 808B3B88 8FBF0014 */  lw      $ra, 0x0014($sp)           
/* 0285C 808B3B8C 0C22C54C */  jal     func_808B1530              
/* 02860 808B3B90 AFA50018 */  sw      $a1, 0x0018($sp)           
/* 02864 808B3B94 8FA50018 */  lw      $a1, 0x0018($sp)           
/* 02868 808B3B98 3C0142A0 */  lui     $at, 0x42A0                ## $at = 42A00000
/* 0286C 808B3B9C 44813000 */  mtc1    $at, $f6                   ## $f6 = 80.00
/* 02870 808B3BA0 C4A801F8 */  lwc1    $f8, 0x01F8($a1)           ## 000001F8
/* 02874 808B3BA4 C4A40098 */  lwc1    $f4, 0x0098($a1)           ## 00000098
/* 02878 808B3BA8 46083282 */  mul.s   $f10, $f6, $f8             
/* 0287C 808B3BAC 460A203C */  c.lt.s  $f4, $f10                  
/* 02880 808B3BB0 00000000 */  nop
/* 02884 808B3BB4 45000005 */  bc1f    .L808B3BCC                 
/* 02888 808B3BB8 00000000 */  nop
/* 0288C 808B3BBC 0C22CA24 */  jal     func_808B2890              
/* 02890 808B3BC0 00A02025 */  or      $a0, $a1, $zero            ## $a0 = 00000000
/* 02894 808B3BC4 10000004 */  beq     $zero, $zero, .L808B3BD8   
/* 02898 808B3BC8 8FBF0014 */  lw      $ra, 0x0014($sp)           
.L808B3BCC:
/* 0289C 808B3BCC 0C22CC11 */  jal     func_808B3044              
/* 028A0 808B3BD0 00A02025 */  or      $a0, $a1, $zero            ## $a0 = 00000000
/* 028A4 808B3BD4 8FBF0014 */  lw      $ra, 0x0014($sp)           
.L808B3BD8:
/* 028A8 808B3BD8 27BD0018 */  addiu   $sp, $sp, 0x0018           ## $sp = 00000000
/* 028AC 808B3BDC 03E00008 */  jr      $ra                        
/* 028B0 808B3BE0 00000000 */  nop


glabel func_808B3BE4
/* 028B4 808B3BE4 27BDFFE0 */  addiu   $sp, $sp, 0xFFE0           ## $sp = FFFFFFE0
/* 028B8 808B3BE8 AFBF001C */  sw      $ra, 0x001C($sp)           
/* 028BC 808B3BEC 240EA000 */  addiu   $t6, $zero, 0xA000         ## $t6 = FFFFA000
/* 028C0 808B3BF0 240FB000 */  addiu   $t7, $zero, 0xB000         ## $t7 = FFFFB000
/* 028C4 808B3BF4 2418B800 */  addiu   $t8, $zero, 0xB800         ## $t8 = FFFFB800
/* 028C8 808B3BF8 A48E0190 */  sh      $t6, 0x0190($a0)           ## 00000190
/* 028CC 808B3BFC A48F0196 */  sh      $t7, 0x0196($a0)           ## 00000196
/* 028D0 808B3C00 A4980194 */  sh      $t8, 0x0194($a0)           ## 00000194
/* 028D4 808B3C04 0C22C54C */  jal     func_808B1530              
/* 028D8 808B3C08 AFA40020 */  sw      $a0, 0x0020($sp)           
/* 028DC 808B3C0C 24190023 */  addiu   $t9, $zero, 0x0023         ## $t9 = 00000023
/* 028E0 808B3C10 8FA40020 */  lw      $a0, 0x0020($sp)           
/* 028E4 808B3C14 AFB90010 */  sw      $t9, 0x0010($sp)           
/* 028E8 808B3C18 24054000 */  addiu   $a1, $zero, 0x4000         ## $a1 = 00004000
/* 028EC 808B3C1C 240600FF */  addiu   $a2, $zero, 0x00FF         ## $a2 = 000000FF
/* 028F0 808B3C20 0C02F2DC */  jal     func_800BCB70              
/* 028F4 808B3C24 00003825 */  or      $a3, $zero, $zero          ## $a3 = 00000000
/* 028F8 808B3C28 8FA40020 */  lw      $a0, 0x0020($sp)           
/* 028FC 808B3C2C 3C0A808B */  lui     $t2, %hi(func_808B3C50)    ## $t2 = 808B0000
/* 02900 808B3C30 254A3C50 */  addiu   $t2, $t2, %lo(func_808B3C50) ## $t2 = 808B3C50
/* 02904 808B3C34 9088024D */  lbu     $t0, 0x024D($a0)           ## 0000024D
/* 02908 808B3C38 AC8A0188 */  sw      $t2, 0x0188($a0)           ## 00000188
/* 0290C 808B3C3C 3109FFFE */  andi    $t1, $t0, 0xFFFE           ## $t1 = 00000000
/* 02910 808B3C40 A089024D */  sb      $t1, 0x024D($a0)           ## 0000024D
/* 02914 808B3C44 8FBF001C */  lw      $ra, 0x001C($sp)           
/* 02918 808B3C48 03E00008 */  jr      $ra                        
/* 0291C 808B3C4C 27BD0020 */  addiu   $sp, $sp, 0x0020           ## $sp = 00000000


glabel func_808B3C50
/* 02920 808B3C50 27BDFFE0 */  addiu   $sp, $sp, 0xFFE0           ## $sp = FFFFFFE0
/* 02924 808B3C54 AFB00018 */  sw      $s0, 0x0018($sp)           
/* 02928 808B3C58 00808025 */  or      $s0, $a0, $zero            ## $s0 = 00000000
/* 0292C 808B3C5C AFBF001C */  sw      $ra, 0x001C($sp)           
/* 02930 808B3C60 AFA50024 */  sw      $a1, 0x0024($sp)           
/* 02934 808B3C64 0C04DB34 */  jal     func_80136CD0              
/* 02938 808B3C68 26040144 */  addiu   $a0, $s0, 0x0144           ## $a0 = 00000144
/* 0293C 808B3C6C 260400BC */  addiu   $a0, $s0, 0x00BC           ## $a0 = 000000BC
/* 02940 808B3C70 86050192 */  lh      $a1, 0x0192($s0)           ## 00000192
/* 02944 808B3C74 0C03FB9C */  jal     func_800FEE70              
/* 02948 808B3C78 2406071C */  addiu   $a2, $zero, 0x071C         ## $a2 = 0000071C
/* 0294C 808B3C7C 26040192 */  addiu   $a0, $s0, 0x0192           ## $a0 = 00000192
/* 02950 808B3C80 86050194 */  lh      $a1, 0x0194($s0)           ## 00000194
/* 02954 808B3C84 0C03FB9C */  jal     func_800FEE70              
/* 02958 808B3C88 2406071C */  addiu   $a2, $zero, 0x071C         ## $a2 = 0000071C
/* 0295C 808B3C8C 26040194 */  addiu   $a0, $s0, 0x0194           ## $a0 = 00000194
/* 02960 808B3C90 86050196 */  lh      $a1, 0x0196($s0)           ## 00000196
/* 02964 808B3C94 0C03FB9C */  jal     func_800FEE70              
/* 02968 808B3C98 2406071C */  addiu   $a2, $zero, 0x071C         ## $a2 = 0000071C
/* 0296C 808B3C9C 26040196 */  addiu   $a0, $s0, 0x0196           ## $a0 = 00000196
/* 02970 808B3CA0 86050190 */  lh      $a1, 0x0190($s0)           ## 00000190
/* 02974 808B3CA4 0C03FB9C */  jal     func_800FEE70              
/* 02978 808B3CA8 2406071C */  addiu   $a2, $zero, 0x071C         ## $a2 = 0000071C
/* 0297C 808B3CAC 5040000F */  beql    $v0, $zero, .L808B3CEC     
/* 02980 808B3CB0 86020190 */  lh      $v0, 0x0190($s0)           ## 00000190
/* 02984 808B3CB4 860E0190 */  lh      $t6, 0x0190($s0)           ## 00000190
/* 02988 808B3CB8 3C01808B */  lui     $at, %hi(D_808B4EFC)       ## $at = 808B0000
/* 0298C 808B3CBC C4284EFC */  lwc1    $f8, %lo(D_808B4EFC)($at)  
/* 02990 808B3CC0 25CF4000 */  addiu   $t7, $t6, 0x4000           ## $t7 = 00004000
/* 02994 808B3CC4 448F2000 */  mtc1    $t7, $f4                   ## $f4 = 0.00
/* 02998 808B3CC8 2408C000 */  addiu   $t0, $zero, 0xC000         ## $t0 = FFFFC000
/* 0299C 808B3CCC 468021A0 */  cvt.s.w $f6, $f4                   
/* 029A0 808B3CD0 46083282 */  mul.s   $f10, $f6, $f8             
/* 029A4 808B3CD4 4600540D */  trunc.w.s $f16, $f10                 
/* 029A8 808B3CD8 44198000 */  mfc1    $t9, $f16                  
/* 029AC 808B3CDC 00000000 */  nop
/* 029B0 808B3CE0 01194823 */  subu    $t1, $t0, $t9              
/* 029B4 808B3CE4 A6090190 */  sh      $t1, 0x0190($s0)           ## 00000190
/* 029B8 808B3CE8 86020190 */  lh      $v0, 0x0190($s0)           ## 00000190
.L808B3CEC:
/* 029BC 808B3CEC 24424000 */  addiu   $v0, $v0, 0x4000           ## $v0 = 00004000
/* 029C0 808B3CF0 00021400 */  sll     $v0, $v0, 16               
/* 029C4 808B3CF4 00021403 */  sra     $v0, $v0, 16               
/* 029C8 808B3CF8 04410003 */  bgez    $v0, .L808B3D08            
/* 029CC 808B3CFC 00401825 */  or      $v1, $v0, $zero            ## $v1 = 00004000
/* 029D0 808B3D00 10000001 */  beq     $zero, $zero, .L808B3D08   
/* 029D4 808B3D04 00021823 */  subu    $v1, $zero, $v0            
.L808B3D08:
/* 029D8 808B3D08 28610100 */  slti    $at, $v1, 0x0100           
/* 029DC 808B3D0C 10200012 */  beq     $at, $zero, .L808B3D58     
/* 029E0 808B3D10 3C0142A0 */  lui     $at, 0x42A0                ## $at = 42A00000
/* 029E4 808B3D14 44812000 */  mtc1    $at, $f4                   ## $f4 = 80.00
/* 029E8 808B3D18 C60601F8 */  lwc1    $f6, 0x01F8($s0)           ## 000001F8
/* 029EC 808B3D1C C6120098 */  lwc1    $f18, 0x0098($s0)          ## 00000098
/* 029F0 808B3D20 920A024D */  lbu     $t2, 0x024D($s0)           ## 0000024D
/* 029F4 808B3D24 46062202 */  mul.s   $f8, $f4, $f6              
/* 029F8 808B3D28 354B0001 */  ori     $t3, $t2, 0x0001           ## $t3 = 00000001
/* 029FC 808B3D2C A20B024D */  sb      $t3, 0x024D($s0)           ## 0000024D
/* 02A00 808B3D30 4608903C */  c.lt.s  $f18, $f8                  
/* 02A04 808B3D34 00000000 */  nop
/* 02A08 808B3D38 45000005 */  bc1f    .L808B3D50                 
/* 02A0C 808B3D3C 00000000 */  nop
/* 02A10 808B3D40 0C22CA24 */  jal     func_808B2890              
/* 02A14 808B3D44 02002025 */  or      $a0, $s0, $zero            ## $a0 = 00000000
/* 02A18 808B3D48 10000003 */  beq     $zero, $zero, .L808B3D58   
/* 02A1C 808B3D4C 00000000 */  nop
.L808B3D50:
/* 02A20 808B3D50 0C22CC11 */  jal     func_808B3044              
/* 02A24 808B3D54 02002025 */  or      $a0, $s0, $zero            ## $a0 = 00000000
.L808B3D58:
/* 02A28 808B3D58 0C22C56E */  jal     func_808B15B8              
/* 02A2C 808B3D5C 02002025 */  or      $a0, $s0, $zero            ## $a0 = 00000000
/* 02A30 808B3D60 8FBF001C */  lw      $ra, 0x001C($sp)           
/* 02A34 808B3D64 8FB00018 */  lw      $s0, 0x0018($sp)           
/* 02A38 808B3D68 27BD0020 */  addiu   $sp, $sp, 0x0020           ## $sp = 00000000
/* 02A3C 808B3D6C 03E00008 */  jr      $ra                        
/* 02A40 808B3D70 00000000 */  nop


glabel func_808B3D74
/* 02A44 808B3D74 27BDFFE8 */  addiu   $sp, $sp, 0xFFE8           ## $sp = FFFFFFE8
/* 02A48 808B3D78 AFBF0014 */  sw      $ra, 0x0014($sp)           
/* 02A4C 808B3D7C AFA40018 */  sw      $a0, 0x0018($sp)           
/* 02A50 808B3D80 0C22C5E6 */  jal     func_808B1798              
/* 02A54 808B3D84 8FA40018 */  lw      $a0, 0x0018($sp)           
/* 02A58 808B3D88 8FAF0018 */  lw      $t7, 0x0018($sp)           
/* 02A5C 808B3D8C 3C0E808B */  lui     $t6, %hi(func_808B3DA8)    ## $t6 = 808B0000
/* 02A60 808B3D90 25CE3DA8 */  addiu   $t6, $t6, %lo(func_808B3DA8) ## $t6 = 808B3DA8
/* 02A64 808B3D94 ADEE0188 */  sw      $t6, 0x0188($t7)           ## 00000188
/* 02A68 808B3D98 8FBF0014 */  lw      $ra, 0x0014($sp)           
/* 02A6C 808B3D9C 27BD0018 */  addiu   $sp, $sp, 0x0018           ## $sp = 00000000
/* 02A70 808B3DA0 03E00008 */  jr      $ra                        
/* 02A74 808B3DA4 00000000 */  nop


glabel func_808B3DA8
/* 02A78 808B3DA8 27BDFFE8 */  addiu   $sp, $sp, 0xFFE8           ## $sp = FFFFFFE8
/* 02A7C 808B3DAC AFBF0014 */  sw      $ra, 0x0014($sp)           
/* 02A80 808B3DB0 8482018E */  lh      $v0, 0x018E($a0)           ## 0000018E
/* 02A84 808B3DB4 10400003 */  beq     $v0, $zero, .L808B3DC4     
/* 02A88 808B3DB8 244EFFFF */  addiu   $t6, $v0, 0xFFFF           ## $t6 = FFFFFFFF
/* 02A8C 808B3DBC A48E018E */  sh      $t6, 0x018E($a0)           ## 0000018E
/* 02A90 808B3DC0 8482018E */  lh      $v0, 0x018E($a0)           ## 0000018E
.L808B3DC4:
/* 02A94 808B3DC4 5440001B */  bnel    $v0, $zero, .L808B3E34     
/* 02A98 808B3DC8 8FBF0014 */  lw      $ra, 0x0014($sp)           
/* 02A9C 808B3DCC 0C22C605 */  jal     func_808B1814              
/* 02AA0 808B3DD0 AFA40018 */  sw      $a0, 0x0018($sp)           
/* 02AA4 808B3DD4 8FA40018 */  lw      $a0, 0x0018($sp)           
/* 02AA8 808B3DD8 3C0142A0 */  lui     $at, 0x42A0                ## $at = 42A00000
/* 02AAC 808B3DDC 908F00B7 */  lbu     $t7, 0x00B7($a0)           ## 000000B7
/* 02AB0 808B3DE0 55E00006 */  bnel    $t7, $zero, .L808B3DFC     
/* 02AB4 808B3DE4 44813000 */  mtc1    $at, $f6                   ## $f6 = 80.00
/* 02AB8 808B3DE8 0C22CDDA */  jal     func_808B3768              
/* 02ABC 808B3DEC 00000000 */  nop
/* 02AC0 808B3DF0 10000010 */  beq     $zero, $zero, .L808B3E34   
/* 02AC4 808B3DF4 8FBF0014 */  lw      $ra, 0x0014($sp)           
/* 02AC8 808B3DF8 44813000 */  mtc1    $at, $f6                   ## $f6 = 0.00
.L808B3DFC:
/* 02ACC 808B3DFC C48801F8 */  lwc1    $f8, 0x01F8($a0)           ## 000001F8
/* 02AD0 808B3E00 C4840098 */  lwc1    $f4, 0x0098($a0)           ## 00000098
/* 02AD4 808B3E04 46083282 */  mul.s   $f10, $f6, $f8             
/* 02AD8 808B3E08 460A203C */  c.lt.s  $f4, $f10                  
/* 02ADC 808B3E0C 00000000 */  nop
/* 02AE0 808B3E10 45000005 */  bc1f    .L808B3E28                 
/* 02AE4 808B3E14 00000000 */  nop
/* 02AE8 808B3E18 0C22CA24 */  jal     func_808B2890              
/* 02AEC 808B3E1C 00000000 */  nop
/* 02AF0 808B3E20 10000004 */  beq     $zero, $zero, .L808B3E34   
/* 02AF4 808B3E24 8FBF0014 */  lw      $ra, 0x0014($sp)           
.L808B3E28:
/* 02AF8 808B3E28 0C22CC11 */  jal     func_808B3044              
/* 02AFC 808B3E2C 00000000 */  nop
/* 02B00 808B3E30 8FBF0014 */  lw      $ra, 0x0014($sp)           
.L808B3E34:
/* 02B04 808B3E34 27BD0018 */  addiu   $sp, $sp, 0x0018           ## $sp = 00000000
/* 02B08 808B3E38 03E00008 */  jr      $ra                        
/* 02B0C 808B3E3C 00000000 */  nop


glabel func_808B3E40
/* 02B10 808B3E40 27BDFFE8 */  addiu   $sp, $sp, 0xFFE8           ## $sp = FFFFFFE8
/* 02B14 808B3E44 AFBF0014 */  sw      $ra, 0x0014($sp)           
/* 02B18 808B3E48 AFA5001C */  sw      $a1, 0x001C($sp)           
/* 02B1C 808B3E4C 00803025 */  or      $a2, $a0, $zero            ## $a2 = 00000000
/* 02B20 808B3E50 3C053CF5 */  lui     $a1, 0x3CF5                ## $a1 = 3CF50000
/* 02B24 808B3E54 34A5C28F */  ori     $a1, $a1, 0xC28F           ## $a1 = 3CF5C28F
/* 02B28 808B3E58 00C02025 */  or      $a0, $a2, $zero            ## $a0 = 00000000
/* 02B2C 808B3E5C 0C02D9F8 */  jal     func_800B67E0              
/* 02B30 808B3E60 AFA60018 */  sw      $a2, 0x0018($sp)           
/* 02B34 808B3E64 8FA60018 */  lw      $a2, 0x0018($sp)           
/* 02B38 808B3E68 8FA4001C */  lw      $a0, 0x001C($sp)           
/* 02B3C 808B3E6C 3C01447A */  lui     $at, 0x447A                ## $at = 447A0000
/* 02B40 808B3E70 44812000 */  mtc1    $at, $f4                   ## $f4 = 1000.00
/* 02B44 808B3E74 84CE00BC */  lh      $t6, 0x00BC($a2)           ## 000000BC
/* 02B48 808B3E78 44800000 */  mtc1    $zero, $f0                 ## $f0 = 0.00
/* 02B4C 808B3E7C 3C014040 */  lui     $at, 0x4040                ## $at = 40400000
/* 02B50 808B3E80 44813000 */  mtc1    $at, $f6                   ## $f6 = 3.00
/* 02B54 808B3E84 25CFC000 */  addiu   $t7, $t6, 0xC000           ## $t7 = FFFFC000
/* 02B58 808B3E88 24070008 */  addiu   $a3, $zero, 0x0008         ## $a3 = 00000008
/* 02B5C 808B3E8C A4CF00BC */  sh      $t7, 0x00BC($a2)           ## 000000BC
/* 02B60 808B3E90 24851CA0 */  addiu   $a1, $a0, 0x1CA0           ## $a1 = 00001CA0
/* 02B64 808B3E94 E4C400C4 */  swc1    $f4, 0x00C4($a2)           ## 000000C4
/* 02B68 808B3E98 E4C00074 */  swc1    $f0, 0x0074($a2)           ## 00000074
/* 02B6C 808B3E9C E4C00068 */  swc1    $f0, 0x0068($a2)           ## 00000068
/* 02B70 808B3EA0 0C02F055 */  jal     func_800BC154              
/* 02B74 808B3EA4 E4C600CC */  swc1    $f6, 0x00CC($a2)           ## 000000CC
/* 02B78 808B3EA8 8FA60018 */  lw      $a2, 0x0018($sp)           
/* 02B7C 808B3EAC 44804000 */  mtc1    $zero, $f8                 ## $f8 = 0.00
/* 02B80 808B3EB0 2401FFDF */  addiu   $at, $zero, 0xFFDF         ## $at = FFFFFFDF
/* 02B84 808B3EB4 8CD80004 */  lw      $t8, 0x0004($a2)           ## 00000004
/* 02B88 808B3EB8 3C09808B */  lui     $t1, %hi(func_808B3EE8)    ## $t1 = 808B0000
/* 02B8C 808B3EBC 240800C8 */  addiu   $t0, $zero, 0x00C8         ## $t0 = 000000C8
/* 02B90 808B3EC0 25293EE8 */  addiu   $t1, $t1, %lo(func_808B3EE8) ## $t1 = 808B3EE8
/* 02B94 808B3EC4 0301C824 */  and     $t9, $t8, $at              
/* 02B98 808B3EC8 ACD90004 */  sw      $t9, 0x0004($a2)           ## 00000004
/* 02B9C 808B3ECC A4C8018E */  sh      $t0, 0x018E($a2)           ## 0000018E
/* 02BA0 808B3ED0 ACC90188 */  sw      $t1, 0x0188($a2)           ## 00000188
/* 02BA4 808B3ED4 E4C801FC */  swc1    $f8, 0x01FC($a2)           ## 000001FC
/* 02BA8 808B3ED8 8FBF0014 */  lw      $ra, 0x0014($sp)           
/* 02BAC 808B3EDC 27BD0018 */  addiu   $sp, $sp, 0x0018           ## $sp = 00000000
/* 02BB0 808B3EE0 03E00008 */  jr      $ra                        
/* 02BB4 808B3EE4 00000000 */  nop


glabel func_808B3EE8
/* 02BB8 808B3EE8 27BDFFE8 */  addiu   $sp, $sp, 0xFFE8           ## $sp = FFFFFFE8
/* 02BBC 808B3EEC AFBF0014 */  sw      $ra, 0x0014($sp)           
/* 02BC0 808B3EF0 AFA5001C */  sw      $a1, 0x001C($sp)           
/* 02BC4 808B3EF4 8482018E */  lh      $v0, 0x018E($a0)           ## 0000018E
/* 02BC8 808B3EF8 10400002 */  beq     $v0, $zero, .L808B3F04     
/* 02BCC 808B3EFC 244EFFFF */  addiu   $t6, $v0, 0xFFFF           ## $t6 = FFFFFFFF
/* 02BD0 808B3F00 A48E018E */  sh      $t6, 0x018E($a0)           ## 0000018E
.L808B3F04:
/* 02BD4 808B3F04 8FA5001C */  lw      $a1, 0x001C($sp)           
/* 02BD8 808B3F08 0C02E27E */  jal     func_800B89F8              
/* 02BDC 808B3F0C AFA40018 */  sw      $a0, 0x0018($sp)           
/* 02BE0 808B3F10 14400005 */  bne     $v0, $zero, .L808B3F28     
/* 02BE4 808B3F14 8FA40018 */  lw      $a0, 0x0018($sp)           
/* 02BE8 808B3F18 848F018E */  lh      $t7, 0x018E($a0)           ## 0000018E
/* 02BEC 808B3F1C 8FA5001C */  lw      $a1, 0x001C($sp)           
/* 02BF0 808B3F20 15E00005 */  bne     $t7, $zero, .L808B3F38     
/* 02BF4 808B3F24 00000000 */  nop
.L808B3F28:
/* 02BF8 808B3F28 0C02D9C3 */  jal     func_800B670C              
/* 02BFC 808B3F2C 00000000 */  nop
/* 02C00 808B3F30 10000004 */  beq     $zero, $zero, .L808B3F44   
/* 02C04 808B3F34 8FBF0014 */  lw      $ra, 0x0014($sp)           
.L808B3F38:
/* 02C08 808B3F38 0C02E2E1 */  jal     func_800B8B84              
/* 02C0C 808B3F3C 24060019 */  addiu   $a2, $zero, 0x0019         ## $a2 = 00000019
/* 02C10 808B3F40 8FBF0014 */  lw      $ra, 0x0014($sp)           
.L808B3F44:
/* 02C14 808B3F44 27BD0018 */  addiu   $sp, $sp, 0x0018           ## $sp = 00000000
/* 02C18 808B3F48 03E00008 */  jr      $ra                        
/* 02C1C 808B3F4C 00000000 */  nop


glabel func_808B3F50
/* 02C20 808B3F50 27BDFFD8 */  addiu   $sp, $sp, 0xFFD8           ## $sp = FFFFFFD8
/* 02C24 808B3F54 AFB00018 */  sw      $s0, 0x0018($sp)           
/* 02C28 808B3F58 00808025 */  or      $s0, $a0, $zero            ## $s0 = 00000000
/* 02C2C 808B3F5C AFBF001C */  sw      $ra, 0x001C($sp)           
/* 02C30 808B3F60 AFA5002C */  sw      $a1, 0x002C($sp)           
/* 02C34 808B3F64 9202024D */  lbu     $v0, 0x024D($s0)           ## 0000024D
/* 02C38 808B3F68 02002025 */  or      $a0, $s0, $zero            ## $a0 = 00000000
/* 02C3C 808B3F6C 8FB8002C */  lw      $t8, 0x002C($sp)           
/* 02C40 808B3F70 304E0002 */  andi    $t6, $v0, 0x0002           ## $t6 = 00000000
/* 02C44 808B3F74 11C0008C */  beq     $t6, $zero, .L808B41A8     
/* 02C48 808B3F78 304FFFFD */  andi    $t7, $v0, 0xFFFD           ## $t7 = 00000000
/* 02C4C 808B3F7C A20F024D */  sb      $t7, 0x024D($s0)           ## 0000024D
/* 02C50 808B3F80 0C02F8AE */  jal     func_800BE2B8              
/* 02C54 808B3F84 2605023C */  addiu   $a1, $s0, 0x023C           ## $a1 = 0000023C
/* 02C58 808B3F88 92180250 */  lbu     $t8, 0x0250($s0)           ## 00000250
/* 02C5C 808B3F8C 2401000C */  addiu   $at, $zero, 0x000C         ## $at = 0000000C
/* 02C60 808B3F90 530100D6 */  beql    $t8, $at, .L808B42EC       
/* 02C64 808B3F94 8FBF001C */  lw      $ra, 0x001C($sp)           
/* 02C68 808B3F98 921900B9 */  lbu     $t9, 0x00B9($s0)           ## 000000B9
/* 02C6C 808B3F9C 2401000D */  addiu   $at, $zero, 0x000D         ## $at = 0000000D
/* 02C70 808B3FA0 00003025 */  or      $a2, $zero, $zero          ## $a2 = 00000000
/* 02C74 808B3FA4 132100D0 */  beq     $t9, $at, .L808B42E8       
/* 02C78 808B3FA8 24030007 */  addiu   $v1, $zero, 0x0007         ## $v1 = 00000007
/* 02C7C 808B3FAC 8E020258 */  lw      $v0, 0x0258($s0)           ## 00000258
.L808B3FB0:
/* 02C80 808B3FB0 90480016 */  lbu     $t0, 0x0016($v0)           ## 00000016
/* 02C84 808B3FB4 31090002 */  andi    $t1, $t0, 0x0002           ## $t1 = 00000000
/* 02C88 808B3FB8 15200004 */  bne     $t1, $zero, .L808B3FCC     
/* 02C8C 808B3FBC 00000000 */  nop
/* 02C90 808B3FC0 24C60001 */  addiu   $a2, $a2, 0x0001           ## $a2 = 00000001
/* 02C94 808B3FC4 14C3FFFA */  bne     $a2, $v1, .L808B3FB0       
/* 02C98 808B3FC8 24420040 */  addiu   $v0, $v0, 0x0040           ## $v0 = 00000040
.L808B3FCC:
/* 02C9C 808B3FCC 50C300C7 */  beql    $a2, $v1, .L808B42EC       
/* 02CA0 808B3FD0 8FBF001C */  lw      $ra, 0x001C($sp)           
/* 02CA4 808B3FD4 920A018C */  lbu     $t2, 0x018C($s0)           ## 0000018C
/* 02CA8 808B3FD8 2401000A */  addiu   $at, $zero, 0x000A         ## $at = 0000000A
/* 02CAC 808B3FDC 02002025 */  or      $a0, $s0, $zero            ## $a0 = 00000000
/* 02CB0 808B3FE0 15410008 */  bne     $t2, $at, .L808B4004       
/* 02CB4 808B3FE4 8FA5002C */  lw      $a1, 0x002C($sp)           
/* 02CB8 808B3FE8 8C4B0024 */  lw      $t3, 0x0024($v0)           ## 00000064
/* 02CBC 808B3FEC 3C01000D */  lui     $at, 0x000D                ## $at = 000D0000
/* 02CC0 808B3FF0 3421B0B3 */  ori     $at, $at, 0xB0B3           ## $at = 000DB0B3
/* 02CC4 808B3FF4 8D6C0000 */  lw      $t4, 0x0000($t3)           ## 00000000
/* 02CC8 808B3FF8 01816824 */  and     $t5, $t4, $at              
/* 02CCC 808B3FFC 55A000BB */  bnel    $t5, $zero, .L808B42EC     
/* 02CD0 808B4000 8FBF001C */  lw      $ra, 0x001C($sp)           
.L808B4004:
/* 02CD4 808B4004 0C22C605 */  jal     func_808B1814              
/* 02CD8 808B4008 AFA60020 */  sw      $a2, 0x0020($sp)           
/* 02CDC 808B400C 920E00B7 */  lbu     $t6, 0x00B7($s0)           ## 000000B7
/* 02CE0 808B4010 920F00B8 */  lbu     $t7, 0x00B8($s0)           ## 000000B8
/* 02CE4 808B4014 3C19808B */  lui     $t9, %hi(func_808B3B48)    ## $t9 = 808B0000
/* 02CE8 808B4018 27393B48 */  addiu   $t9, $t9, %lo(func_808B3B48) ## $t9 = 808B3B48
/* 02CEC 808B401C 01CFC023 */  subu    $t8, $t6, $t7              
/* 02CF0 808B4020 AFB80024 */  sw      $t8, 0x0024($sp)           
/* 02CF4 808B4024 8E080188 */  lw      $t0, 0x0188($s0)           ## 00000188
/* 02CF8 808B4028 8FA60020 */  lw      $a2, 0x0020($sp)           
/* 02CFC 808B402C 5328002E */  beql    $t9, $t0, .L808B40E8       
/* 02D00 808B4030 920200B9 */  lbu     $v0, 0x00B9($s0)           ## 000000B9
/* 02D04 808B4034 920200B9 */  lbu     $v0, 0x00B9($s0)           ## 000000B9
/* 02D08 808B4038 24010003 */  addiu   $at, $zero, 0x0003         ## $at = 00000003
/* 02D0C 808B403C 54410006 */  bnel    $v0, $at, .L808B4058       
/* 02D10 808B4040 24010005 */  addiu   $at, $zero, 0x0005         ## $at = 00000005
/* 02D14 808B4044 0C22CF5D */  jal     func_808B3D74              
/* 02D18 808B4048 02002025 */  or      $a0, $s0, $zero            ## $a0 = 00000000
/* 02D1C 808B404C 1000004F */  beq     $zero, $zero, .L808B418C   
/* 02D20 808B4050 8FAE0024 */  lw      $t6, 0x0024($sp)           
/* 02D24 808B4054 24010005 */  addiu   $at, $zero, 0x0005         ## $at = 00000005
.L808B4058:
/* 02D28 808B4058 14410005 */  bne     $v0, $at, .L808B4070       
/* 02D2C 808B405C 02002025 */  or      $a0, $s0, $zero            ## $a0 = 00000000
/* 02D30 808B4060 0C22CC5C */  jal     func_808B3170              
/* 02D34 808B4064 24050003 */  addiu   $a1, $zero, 0x0003         ## $a1 = 00000003
/* 02D38 808B4068 10000048 */  beq     $zero, $zero, .L808B418C   
/* 02D3C 808B406C 8FAE0024 */  lw      $t6, 0x0024($sp)           
.L808B4070:
/* 02D40 808B4070 24010001 */  addiu   $at, $zero, 0x0001         ## $at = 00000001
/* 02D44 808B4074 14410006 */  bne     $v0, $at, .L808B4090       
/* 02D48 808B4078 02002025 */  or      $a0, $s0, $zero            ## $a0 = 00000000
/* 02D4C 808B407C 02002025 */  or      $a0, $s0, $zero            ## $a0 = 00000000
/* 02D50 808B4080 0C22CC5C */  jal     func_808B3170              
/* 02D54 808B4084 24050002 */  addiu   $a1, $zero, 0x0002         ## $a1 = 00000002
/* 02D58 808B4088 10000040 */  beq     $zero, $zero, .L808B418C   
/* 02D5C 808B408C 8FAE0024 */  lw      $t6, 0x0024($sp)           
.L808B4090:
/* 02D60 808B4090 0C22C5AF */  jal     func_808B16BC              
/* 02D64 808B4094 8FA5002C */  lw      $a1, 0x002C($sp)           
/* 02D68 808B4098 8E0A0188 */  lw      $t2, 0x0188($s0)           ## 00000188
/* 02D6C 808B409C 3C09808B */  lui     $t1, %hi(func_808B2CB8)    ## $t1 = 808B0000
/* 02D70 808B40A0 25292CB8 */  addiu   $t1, $t1, %lo(func_808B2CB8) ## $t1 = 808B2CB8
/* 02D74 808B40A4 152A000B */  bne     $t1, $t2, .L808B40D4       
/* 02D78 808B40A8 02002025 */  or      $a0, $s0, $zero            ## $a0 = 00000000
/* 02D7C 808B40AC 8FAB0024 */  lw      $t3, 0x0024($sp)           
/* 02D80 808B40B0 240C0001 */  addiu   $t4, $zero, 0x0001         ## $t4 = 00000001
/* 02D84 808B40B4 02002025 */  or      $a0, $s0, $zero            ## $a0 = 00000000
/* 02D88 808B40B8 1D600002 */  bgtz    $t3, .L808B40C4            
/* 02D8C 808B40BC 00000000 */  nop
/* 02D90 808B40C0 AFAC0024 */  sw      $t4, 0x0024($sp)           
.L808B40C4:
/* 02D94 808B40C4 0C22CC5C */  jal     func_808B3170              
/* 02D98 808B40C8 24050001 */  addiu   $a1, $zero, 0x0001         ## $a1 = 00000001
/* 02D9C 808B40CC 1000002F */  beq     $zero, $zero, .L808B418C   
/* 02DA0 808B40D0 8FAE0024 */  lw      $t6, 0x0024($sp)           
.L808B40D4:
/* 02DA4 808B40D4 0C22CC5C */  jal     func_808B3170              
/* 02DA8 808B40D8 00002825 */  or      $a1, $zero, $zero          ## $a1 = 00000000
/* 02DAC 808B40DC 1000002B */  beq     $zero, $zero, .L808B418C   
/* 02DB0 808B40E0 8FAE0024 */  lw      $t6, 0x0024($sp)           
/* 02DB4 808B40E4 920200B9 */  lbu     $v0, 0x00B9($s0)           ## 000000B9
.L808B40E8:
/* 02DB8 808B40E8 2401000F */  addiu   $at, $zero, 0x000F         ## $at = 0000000F
/* 02DBC 808B40EC 8FAD0024 */  lw      $t5, 0x0024($sp)           
/* 02DC0 808B40F0 5441000C */  bnel    $v0, $at, .L808B4124       
/* 02DC4 808B40F4 24010005 */  addiu   $at, $zero, 0x0005         ## $at = 00000005
/* 02DC8 808B40F8 19A00005 */  blez    $t5, .L808B4110            
/* 02DCC 808B40FC 00000000 */  nop
/* 02DD0 808B4100 0C22CEF9 */  jal     func_808B3BE4              
/* 02DD4 808B4104 02002025 */  or      $a0, $s0, $zero            ## $a0 = 00000000
/* 02DD8 808B4108 10000020 */  beq     $zero, $zero, .L808B418C   
/* 02DDC 808B410C 8FAE0024 */  lw      $t6, 0x0024($sp)           
.L808B4110:
/* 02DE0 808B4110 0C22CCE4 */  jal     func_808B3390              
/* 02DE4 808B4114 02002025 */  or      $a0, $s0, $zero            ## $a0 = 00000000
/* 02DE8 808B4118 1000001C */  beq     $zero, $zero, .L808B418C   
/* 02DEC 808B411C 8FAE0024 */  lw      $t6, 0x0024($sp)           
/* 02DF0 808B4120 24010005 */  addiu   $at, $zero, 0x0005         ## $at = 00000005
.L808B4124:
/* 02DF4 808B4124 14410005 */  bne     $v0, $at, .L808B413C       
/* 02DF8 808B4128 02002025 */  or      $a0, $s0, $zero            ## $a0 = 00000000
/* 02DFC 808B412C 0C22CC5C */  jal     func_808B3170              
/* 02E00 808B4130 24050003 */  addiu   $a1, $zero, 0x0003         ## $a1 = 00000003
/* 02E04 808B4134 10000015 */  beq     $zero, $zero, .L808B418C   
/* 02E08 808B4138 8FAE0024 */  lw      $t6, 0x0024($sp)           
.L808B413C:
/* 02E0C 808B413C 24010001 */  addiu   $at, $zero, 0x0001         ## $at = 00000001
/* 02E10 808B4140 14410005 */  bne     $v0, $at, .L808B4158       
/* 02E14 808B4144 02002025 */  or      $a0, $s0, $zero            ## $a0 = 00000000
/* 02E18 808B4148 0C22CC5C */  jal     func_808B3170              
/* 02E1C 808B414C 24050002 */  addiu   $a1, $zero, 0x0002         ## $a1 = 00000002
/* 02E20 808B4150 1000000E */  beq     $zero, $zero, .L808B418C   
/* 02E24 808B4154 8FAE0024 */  lw      $t6, 0x0024($sp)           
.L808B4158:
/* 02E28 808B4158 24010003 */  addiu   $at, $zero, 0x0003         ## $at = 00000003
/* 02E2C 808B415C 14410005 */  bne     $v0, $at, .L808B4174       
/* 02E30 808B4160 02002025 */  or      $a0, $s0, $zero            ## $a0 = 00000000
/* 02E34 808B4164 0C22CF5D */  jal     func_808B3D74              
/* 02E38 808B4168 02002025 */  or      $a0, $s0, $zero            ## $a0 = 00000000
/* 02E3C 808B416C 10000007 */  beq     $zero, $zero, .L808B418C   
/* 02E40 808B4170 8FAE0024 */  lw      $t6, 0x0024($sp)           
.L808B4174:
/* 02E44 808B4174 0C22C5AF */  jal     func_808B16BC              
/* 02E48 808B4178 8FA5002C */  lw      $a1, 0x002C($sp)           
/* 02E4C 808B417C 02002025 */  or      $a0, $s0, $zero            ## $a0 = 00000000
/* 02E50 808B4180 0C22CC5C */  jal     func_808B3170              
/* 02E54 808B4184 00002825 */  or      $a1, $zero, $zero          ## $a1 = 00000000
/* 02E58 808B4188 8FAE0024 */  lw      $t6, 0x0024($sp)           
.L808B418C:
/* 02E5C 808B418C 8FAF0024 */  lw      $t7, 0x0024($sp)           
/* 02E60 808B4190 05C10003 */  bgez    $t6, .L808B41A0            
/* 02E64 808B4194 00000000 */  nop
/* 02E68 808B4198 10000021 */  beq     $zero, $zero, .L808B4220   
/* 02E6C 808B419C A20000B7 */  sb      $zero, 0x00B7($s0)         ## 000000B7
.L808B41A0:
/* 02E70 808B41A0 1000001F */  beq     $zero, $zero, .L808B4220   
/* 02E74 808B41A4 A20F00B7 */  sb      $t7, 0x00B7($s0)           ## 000000B7
.L808B41A8:
/* 02E78 808B41A8 93191CA2 */  lbu     $t9, 0x1CA2($t8)           ## 00001CA2
/* 02E7C 808B41AC 3C01808B */  lui     $at, %hi(D_808B4F00)       ## $at = 808B0000
/* 02E80 808B41B0 5320004E */  beql    $t9, $zero, .L808B42EC     
/* 02E84 808B41B4 8FBF001C */  lw      $ra, 0x001C($sp)           
/* 02E88 808B41B8 C6040094 */  lwc1    $f4, 0x0094($s0)           ## 00000094
/* 02E8C 808B41BC C4264F00 */  lwc1    $f6, %lo(D_808B4F00)($at)  
/* 02E90 808B41C0 4606203C */  c.lt.s  $f4, $f6                   
/* 02E94 808B41C4 00000000 */  nop
/* 02E98 808B41C8 45020048 */  bc1fl   .L808B42EC                 
/* 02E9C 808B41CC 8FBF001C */  lw      $ra, 0x001C($sp)           
/* 02EA0 808B41D0 92080250 */  lbu     $t0, 0x0250($s0)           ## 00000250
/* 02EA4 808B41D4 2401000C */  addiu   $at, $zero, 0x000C         ## $at = 0000000C
/* 02EA8 808B41D8 51010044 */  beql    $t0, $at, .L808B42EC       
/* 02EAC 808B41DC 8FBF001C */  lw      $ra, 0x001C($sp)           
/* 02EB0 808B41E0 8E020188 */  lw      $v0, 0x0188($s0)           ## 00000188
/* 02EB4 808B41E4 3C09808B */  lui     $t1, %hi(func_808B3B48)    ## $t1 = 808B0000
/* 02EB8 808B41E8 25293B48 */  addiu   $t1, $t1, %lo(func_808B3B48) ## $t1 = 808B3B48
/* 02EBC 808B41EC 1122003E */  beq     $t1, $v0, .L808B42E8       
/* 02EC0 808B41F0 3C0A808B */  lui     $t2, %hi(func_808B3280)    ## $t2 = 808B0000
/* 02EC4 808B41F4 254A3280 */  addiu   $t2, $t2, %lo(func_808B3280) ## $t2 = 808B3280
/* 02EC8 808B41F8 5142003C */  beql    $t2, $v0, .L808B42EC       
/* 02ECC 808B41FC 8FBF001C */  lw      $ra, 0x001C($sp)           
/* 02ED0 808B4200 920200B7 */  lbu     $v0, 0x00B7($s0)           ## 000000B7
/* 02ED4 808B4204 02002025 */  or      $a0, $s0, $zero            ## $a0 = 00000000
/* 02ED8 808B4208 24050001 */  addiu   $a1, $zero, 0x0001         ## $a1 = 00000001
/* 02EDC 808B420C 10400036 */  beq     $v0, $zero, .L808B42E8     
/* 02EE0 808B4210 244BFFFF */  addiu   $t3, $v0, 0xFFFF           ## $t3 = FFFFFFFF
/* 02EE4 808B4214 A20B00B7 */  sb      $t3, 0x00B7($s0)           ## 000000B7
/* 02EE8 808B4218 0C22CC5C */  jal     func_808B3170              
/* 02EEC 808B421C A200011E */  sb      $zero, 0x011E($s0)         ## 0000011E
.L808B4220:
/* 02EF0 808B4220 920C00B7 */  lbu     $t4, 0x00B7($s0)           ## 000000B7
/* 02EF4 808B4224 8FA4002C */  lw      $a0, 0x002C($sp)           
/* 02EF8 808B4228 11800010 */  beq     $t4, $zero, .L808B426C     
/* 02EFC 808B422C 00000000 */  nop
/* 02F00 808B4230 8602018E */  lh      $v0, 0x018E($s0)           ## 0000018E
/* 02F04 808B4234 24010002 */  addiu   $at, $zero, 0x0002         ## $at = 00000002
/* 02F08 808B4238 02002025 */  or      $a0, $s0, $zero            ## $a0 = 00000000
/* 02F0C 808B423C 10410003 */  beq     $v0, $at, .L808B424C       
/* 02F10 808B4240 24010003 */  addiu   $at, $zero, 0x0003         ## $at = 00000003
/* 02F14 808B4244 14410005 */  bne     $v0, $at, .L808B425C       
/* 02F18 808B4248 2405385E */  addiu   $a1, $zero, 0x385E         ## $a1 = 0000385E
.L808B424C:
/* 02F1C 808B424C 0C02E3B2 */  jal     func_800B8EC8              
/* 02F20 808B4250 2405389E */  addiu   $a1, $zero, 0x389E         ## $a1 = 0000389E
/* 02F24 808B4254 10000025 */  beq     $zero, $zero, .L808B42EC   
/* 02F28 808B4258 8FBF001C */  lw      $ra, 0x001C($sp)           
.L808B425C:
/* 02F2C 808B425C 0C02E3B2 */  jal     func_800B8EC8              
/* 02F30 808B4260 02002025 */  or      $a0, $s0, $zero            ## $a0 = 00000000
/* 02F34 808B4264 10000021 */  beq     $zero, $zero, .L808B42EC   
/* 02F38 808B4268 8FBF001C */  lw      $ra, 0x001C($sp)           
.L808B426C:
/* 02F3C 808B426C 0C02EEA2 */  jal     func_800BBA88              
/* 02F40 808B4270 02002825 */  or      $a1, $s0, $zero            ## $a1 = 00000000
/* 02F44 808B4274 920D018C */  lbu     $t5, 0x018C($s0)           ## 0000018C
/* 02F48 808B4278 2401000A */  addiu   $at, $zero, 0x000A         ## $at = 0000000A
/* 02F4C 808B427C 2405385F */  addiu   $a1, $zero, 0x385F         ## $a1 = 0000385F
/* 02F50 808B4280 15A10007 */  bne     $t5, $at, .L808B42A0       
/* 02F54 808B4284 02002025 */  or      $a0, $s0, $zero            ## $a0 = 00000000
/* 02F58 808B4288 920F024D */  lbu     $t7, 0x024D($s0)           ## 0000024D
/* 02F5C 808B428C 240E0003 */  addiu   $t6, $zero, 0x0003         ## $t6 = 00000003
/* 02F60 808B4290 A60E018E */  sh      $t6, 0x018E($s0)           ## 0000018E
/* 02F64 808B4294 31F8FFFE */  andi    $t8, $t7, 0xFFFE           ## $t8 = 00000000
/* 02F68 808B4298 10000009 */  beq     $zero, $zero, .L808B42C0   
/* 02F6C 808B429C A218024D */  sb      $t8, 0x024D($s0)           ## 0000024D
.L808B42A0:
/* 02F70 808B42A0 3C013FC0 */  lui     $at, 0x3FC0                ## $at = 3FC00000
/* 02F74 808B42A4 44810000 */  mtc1    $at, $f0                   ## $f0 = 1.50
/* 02F78 808B42A8 C60801FC */  lwc1    $f8, 0x01FC($s0)           ## 000001FC
/* 02F7C 808B42AC 4608003C */  c.lt.s  $f0, $f8                   
/* 02F80 808B42B0 00000000 */  nop
/* 02F84 808B42B4 45020003 */  bc1fl   .L808B42C4                 
/* 02F88 808B42B8 8619001C */  lh      $t9, 0x001C($s0)           ## 0000001C
/* 02F8C 808B42BC E60001FC */  swc1    $f0, 0x01FC($s0)           ## 000001FC
.L808B42C0:
/* 02F90 808B42C0 8619001C */  lh      $t9, 0x001C($s0)           ## 0000001C
.L808B42C4:
/* 02F94 808B42C4 24010001 */  addiu   $at, $zero, 0x0001         ## $at = 00000001
/* 02F98 808B42C8 17210005 */  bne     $t9, $at, .L808B42E0       
/* 02F9C 808B42CC 00000000 */  nop
/* 02FA0 808B42D0 0C02E3B2 */  jal     func_800B8EC8              
/* 02FA4 808B42D4 02002025 */  or      $a0, $s0, $zero            ## $a0 = 00000000
/* 02FA8 808B42D8 10000004 */  beq     $zero, $zero, .L808B42EC   
/* 02FAC 808B42DC 8FBF001C */  lw      $ra, 0x001C($sp)           
.L808B42E0:
/* 02FB0 808B42E0 0C02E3B2 */  jal     func_800B8EC8              
/* 02FB4 808B42E4 24053862 */  addiu   $a1, $zero, 0x3862         ## $a1 = 00003862
.L808B42E8:
/* 02FB8 808B42E8 8FBF001C */  lw      $ra, 0x001C($sp)           
.L808B42EC:
/* 02FBC 808B42EC 8FB00018 */  lw      $s0, 0x0018($sp)           
/* 02FC0 808B42F0 27BD0028 */  addiu   $sp, $sp, 0x0028           ## $sp = 00000000
/* 02FC4 808B42F4 03E00008 */  jr      $ra                        
/* 02FC8 808B42F8 00000000 */  nop


glabel func_808B42FC
/* 02FCC 808B42FC 27BDFFC8 */  addiu   $sp, $sp, 0xFFC8           ## $sp = FFFFFFC8
/* 02FD0 808B4300 AFB10020 */  sw      $s1, 0x0020($sp)           
/* 02FD4 808B4304 AFB0001C */  sw      $s0, 0x001C($sp)           
/* 02FD8 808B4308 00808025 */  or      $s0, $a0, $zero            ## $s0 = 00000000
/* 02FDC 808B430C 00A08825 */  or      $s1, $a1, $zero            ## $s1 = 00000000
/* 02FE0 808B4310 AFBF0024 */  sw      $ra, 0x0024($sp)           
/* 02FE4 808B4314 9202024C */  lbu     $v0, 0x024C($s0)           ## 0000024C
/* 02FE8 808B4318 02002025 */  or      $a0, $s0, $zero            ## $a0 = 00000000
/* 02FEC 808B431C 304E0002 */  andi    $t6, $v0, 0x0002           ## $t6 = 00000000
/* 02FF0 808B4320 11C00003 */  beq     $t6, $zero, .L808B4330     
/* 02FF4 808B4324 304FFFFD */  andi    $t7, $v0, 0xFFFD           ## $t7 = 00000000
/* 02FF8 808B4328 0C22CC11 */  jal     func_808B3044              
/* 02FFC 808B432C A20F024C */  sb      $t7, 0x024C($s0)           ## 0000024C
.L808B4330:
/* 03000 808B4330 02002025 */  or      $a0, $s0, $zero            ## $a0 = 00000000
/* 03004 808B4334 0C22CFD4 */  jal     func_808B3F50              
/* 03008 808B4338 02202825 */  or      $a1, $s1, $zero            ## $a1 = 00000000
/* 0300C 808B433C 8E190188 */  lw      $t9, 0x0188($s0)           ## 00000188
/* 03010 808B4340 02002025 */  or      $a0, $s0, $zero            ## $a0 = 00000000
/* 03014 808B4344 02202825 */  or      $a1, $s1, $zero            ## $a1 = 00000000
/* 03018 808B4348 0320F809 */  jalr    $ra, $t9                   
/* 0301C 808B434C 00000000 */  nop
/* 03020 808B4350 8E020188 */  lw      $v0, 0x0188($s0)           ## 00000188
/* 03024 808B4354 3C18808B */  lui     $t8, %hi(func_808B3404)    ## $t8 = 808B0000
/* 03028 808B4358 27183404 */  addiu   $t8, $t8, %lo(func_808B3404) ## $t8 = 808B3404
/* 0302C 808B435C 17020015 */  bne     $t8, $v0, .L808B43B4       
/* 03030 808B4360 3C03808B */  lui     $v1, %hi(func_808B3EE8)    ## $v1 = 808B0000
/* 03034 808B4364 0C02DAA2 */  jal     func_800B6A88              
/* 03038 808B4368 02002025 */  or      $a0, $s0, $zero            ## $a0 = 00000000
/* 0303C 808B436C 3C014120 */  lui     $at, 0x4120                ## $at = 41200000
/* 03040 808B4370 44810000 */  mtc1    $at, $f0                   ## $f0 = 10.00
/* 03044 808B4374 3C014170 */  lui     $at, 0x4170                ## $at = 41700000
/* 03048 808B4378 44813000 */  mtc1    $at, $f6                   ## $f6 = 15.00
/* 0304C 808B437C C60401F8 */  lwc1    $f4, 0x01F8($s0)           ## 000001F8
/* 03050 808B4380 24080005 */  addiu   $t0, $zero, 0x0005         ## $t0 = 00000005
/* 03054 808B4384 44060000 */  mfc1    $a2, $f0                   
/* 03058 808B4388 46062202 */  mul.s   $f8, $f4, $f6              
/* 0305C 808B438C AFA80014 */  sw      $t0, 0x0014($sp)           
/* 03060 808B4390 02202025 */  or      $a0, $s1, $zero            ## $a0 = 00000000
/* 03064 808B4394 02002825 */  or      $a1, $s0, $zero            ## $a1 = 00000000
/* 03068 808B4398 E7A00010 */  swc1    $f0, 0x0010($sp)           
/* 0306C 808B439C 44074000 */  mfc1    $a3, $f8                   
/* 03070 808B43A0 0C02DE2E */  jal     func_800B78B8              
/* 03074 808B43A4 00000000 */  nop
/* 03078 808B43A8 3C03808B */  lui     $v1, %hi(func_808B3EE8)    ## $v1 = 808B0000
/* 0307C 808B43AC 10000013 */  beq     $zero, $zero, .L808B43FC   
/* 03080 808B43B0 24633EE8 */  addiu   $v1, $v1, %lo(func_808B3EE8) ## $v1 = 808B3EE8
.L808B43B4:
/* 03084 808B43B4 24633EE8 */  addiu   $v1, $v1, %lo(func_808B3EE8) ## $v1 = 808B7DD0
/* 03088 808B43B8 10620010 */  beq     $v1, $v0, .L808B43FC       
/* 0308C 808B43BC 02202025 */  or      $a0, $s1, $zero            ## $a0 = 00000000
/* 03090 808B43C0 44800000 */  mtc1    $zero, $f0                 ## $f0 = 0.00
/* 03094 808B43C4 24090004 */  addiu   $t1, $zero, 0x0004         ## $t1 = 00000004
/* 03098 808B43C8 AFA90014 */  sw      $t1, 0x0014($sp)           
/* 0309C 808B43CC 44060000 */  mfc1    $a2, $f0                   
/* 030A0 808B43D0 44070000 */  mfc1    $a3, $f0                   
/* 030A4 808B43D4 02002825 */  or      $a1, $s0, $zero            ## $a1 = 00000000
/* 030A8 808B43D8 AFA3002C */  sw      $v1, 0x002C($sp)           
/* 030AC 808B43DC 0C02DE2E */  jal     func_800B78B8              
/* 030B0 808B43E0 E7A00010 */  swc1    $f0, 0x0010($sp)           
/* 030B4 808B43E4 8E0A0238 */  lw      $t2, 0x0238($s0)           ## 00000238
/* 030B8 808B43E8 8FA3002C */  lw      $v1, 0x002C($sp)           
/* 030BC 808B43EC 55400004 */  bnel    $t2, $zero, .L808B4400     
/* 030C0 808B43F0 8E0D0188 */  lw      $t5, 0x0188($s0)           ## 00000188
/* 030C4 808B43F4 8E0B0080 */  lw      $t3, 0x0080($s0)           ## 00000080
/* 030C8 808B43F8 AE0B0238 */  sw      $t3, 0x0238($s0)           ## 00000238
.L808B43FC:
/* 030CC 808B43FC 8E0D0188 */  lw      $t5, 0x0188($s0)           ## 00000188
.L808B4400:
/* 030D0 808B4400 3C0C808B */  lui     $t4, %hi(func_808B29C4)    ## $t4 = 808B0000
/* 030D4 808B4404 258C29C4 */  addiu   $t4, $t4, %lo(func_808B29C4) ## $t4 = 808B29C4
/* 030D8 808B4408 158D000C */  bne     $t4, $t5, .L808B443C       
/* 030DC 808B440C 02202025 */  or      $a0, $s1, $zero            ## $a0 = 00000000
/* 030E0 808B4410 3C010001 */  lui     $at, 0x0001                ## $at = 00010000
/* 030E4 808B4414 34218884 */  ori     $at, $at, 0x8884           ## $at = 00018884
/* 030E8 808B4418 02212821 */  addu    $a1, $s1, $at              
/* 030EC 808B441C 2606023C */  addiu   $a2, $s0, 0x023C           ## $a2 = 0000023C
/* 030F0 808B4420 0C038956 */  jal     func_800E2558              
/* 030F4 808B4424 AFA3002C */  sw      $v1, 0x002C($sp)           
/* 030F8 808B4428 8E0E0004 */  lw      $t6, 0x0004($s0)           ## 00000004
/* 030FC 808B442C 3C010100 */  lui     $at, 0x0100                ## $at = 01000000
/* 03100 808B4430 8FA3002C */  lw      $v1, 0x002C($sp)           
/* 03104 808B4434 01C17825 */  or      $t7, $t6, $at              ## $t7 = 01000000
/* 03108 808B4438 AE0F0004 */  sw      $t7, 0x0004($s0)           ## 00000004
.L808B443C:
/* 0310C 808B443C 9219024D */  lbu     $t9, 0x024D($s0)           ## 0000024D
/* 03110 808B4440 3C010001 */  lui     $at, 0x0001                ## $at = 00010000
/* 03114 808B4444 34218884 */  ori     $at, $at, 0x8884           ## $at = 00018884
/* 03118 808B4448 33380001 */  andi    $t8, $t9, 0x0001           ## $t8 = 00000000
/* 0311C 808B444C 13000006 */  beq     $t8, $zero, .L808B4468     
/* 03120 808B4450 02202025 */  or      $a0, $s1, $zero            ## $a0 = 00000000
/* 03124 808B4454 02212821 */  addu    $a1, $s1, $at              
/* 03128 808B4458 2606023C */  addiu   $a2, $s0, 0x023C           ## $a2 = 0000023C
/* 0312C 808B445C 0C0389D0 */  jal     func_800E2740              
/* 03130 808B4460 AFA3002C */  sw      $v1, 0x002C($sp)           
/* 03134 808B4464 8FA3002C */  lw      $v1, 0x002C($sp)           
.L808B4468:
/* 03138 808B4468 8E080188 */  lw      $t0, 0x0188($s0)           ## 00000188
/* 0313C 808B446C 3C010001 */  lui     $at, 0x0001                ## $at = 00010000
/* 03140 808B4470 34218884 */  ori     $at, $at, 0x8884           ## $at = 00018884
/* 03144 808B4474 10680004 */  beq     $v1, $t0, .L808B4488       
/* 03148 808B4478 02202025 */  or      $a0, $s1, $zero            ## $a0 = 00000000
/* 0314C 808B447C 02212821 */  addu    $a1, $s1, $at              
/* 03150 808B4480 0C038A4A */  jal     func_800E2928              
/* 03154 808B4484 2606023C */  addiu   $a2, $s0, 0x023C           ## $a2 = 0000023C
.L808B4488:
/* 03158 808B4488 44800000 */  mtc1    $zero, $f0                 ## $f0 = 0.00
/* 0315C 808B448C C60A01FC */  lwc1    $f10, 0x01FC($s0)          ## 000001FC
/* 03160 808B4490 460A003C */  c.lt.s  $f0, $f10                  
/* 03164 808B4494 00000000 */  nop
/* 03168 808B4498 45020027 */  bc1fl   .L808B4538                 
/* 0316C 808B449C 8FBF0024 */  lw      $ra, 0x0024($sp)           
/* 03170 808B44A0 9209018C */  lbu     $t1, 0x018C($s0)           ## 0000018C
/* 03174 808B44A4 2401000A */  addiu   $at, $zero, 0x000A         ## $at = 0000000A
/* 03178 808B44A8 260401FC */  addiu   $a0, $s0, 0x01FC           ## $a0 = 000001FC
/* 0317C 808B44AC 11210016 */  beq     $t1, $at, .L808B4508       
/* 03180 808B44B0 3C063D4C */  lui     $a2, 0x3D4C                ## $a2 = 3D4C0000
/* 03184 808B44B4 44050000 */  mfc1    $a1, $f0                   
/* 03188 808B44B8 0C03FC0F */  jal     func_800FF03C              
/* 0318C 808B44BC 34C6CCCD */  ori     $a2, $a2, 0xCCCD           ## $a2 = 3D4CCCCD
/* 03190 808B44C0 3C013F40 */  lui     $at, 0x3F40                ## $at = 3F400000
/* 03194 808B44C4 44811000 */  mtc1    $at, $f2                   ## $f2 = 0.75
/* 03198 808B44C8 3C013F80 */  lui     $at, 0x3F80                ## $at = 3F800000
/* 0319C 808B44CC 44819000 */  mtc1    $at, $f18                  ## $f18 = 1.00
/* 031A0 808B44D0 C61001FC */  lwc1    $f16, 0x01FC($s0)          ## 000001FC
/* 031A4 808B44D4 3C013EC0 */  lui     $at, 0x3EC0                ## $at = 3EC00000
/* 031A8 808B44D8 44813000 */  mtc1    $at, $f6                   ## $f6 = 0.38
/* 031AC 808B44DC 46128100 */  add.s   $f4, $f16, $f18            
/* 031B0 808B44E0 46062002 */  mul.s   $f0, $f4, $f6              
/* 031B4 808B44E4 4600103C */  c.lt.s  $f2, $f0                   
/* 031B8 808B44E8 E6000200 */  swc1    $f0, 0x0200($s0)           ## 00000200
/* 031BC 808B44EC 45020004 */  bc1fl   .L808B4500                 
/* 031C0 808B44F0 C6080200 */  lwc1    $f8, 0x0200($s0)           ## 00000200
/* 031C4 808B44F4 1000000F */  beq     $zero, $zero, .L808B4534   
/* 031C8 808B44F8 E6020200 */  swc1    $f2, 0x0200($s0)           ## 00000200
/* 031CC 808B44FC C6080200 */  lwc1    $f8, 0x0200($s0)           ## 00000200
.L808B4500:
/* 031D0 808B4500 1000000C */  beq     $zero, $zero, .L808B4534   
/* 031D4 808B4504 E6080200 */  swc1    $f8, 0x0200($s0)           ## 00000200
.L808B4508:
/* 031D8 808B4508 3C013F40 */  lui     $at, 0x3F40                ## $at = 3F400000
/* 031DC 808B450C 44811000 */  mtc1    $at, $f2                   ## $f2 = 0.75
/* 031E0 808B4510 3C063C99 */  lui     $a2, 0x3C99                ## $a2 = 3C990000
/* 031E4 808B4514 34C6999A */  ori     $a2, $a2, 0x999A           ## $a2 = 3C99999A
/* 031E8 808B4518 44051000 */  mfc1    $a1, $f2                   
/* 031EC 808B451C 0C03FC0F */  jal     func_800FF03C              
/* 031F0 808B4520 26040204 */  addiu   $a0, $s0, 0x0204           ## $a0 = 00000204
/* 031F4 808B4524 14400003 */  bne     $v0, $zero, .L808B4534     
/* 031F8 808B4528 02002025 */  or      $a0, $s0, $zero            ## $a0 = 00000000
/* 031FC 808B452C 0C02E404 */  jal     func_800B9010              
/* 03200 808B4530 240520B2 */  addiu   $a1, $zero, 0x20B2         ## $a1 = 000020B2
.L808B4534:
/* 03204 808B4534 8FBF0024 */  lw      $ra, 0x0024($sp)           
.L808B4538:
/* 03208 808B4538 8FB0001C */  lw      $s0, 0x001C($sp)           
/* 0320C 808B453C 8FB10020 */  lw      $s1, 0x0020($sp)           
/* 03210 808B4540 03E00008 */  jr      $ra                        
/* 03214 808B4544 27BD0038 */  addiu   $sp, $sp, 0x0038           ## $sp = 00000000


glabel func_808B4548
/* 03218 808B4548 27BDFFD0 */  addiu   $sp, $sp, 0xFFD0           ## $sp = FFFFFFD0
/* 0321C 808B454C AFB30020 */  sw      $s3, 0x0020($sp)           
/* 03220 808B4550 AFB2001C */  sw      $s2, 0x001C($sp)           
/* 03224 808B4554 00A09025 */  or      $s2, $a1, $zero            ## $s2 = 00000000
/* 03228 808B4558 00809825 */  or      $s3, $a0, $zero            ## $s3 = 00000000
/* 0322C 808B455C AFBF0024 */  sw      $ra, 0x0024($sp)           
/* 03230 808B4560 AFB10018 */  sw      $s1, 0x0018($sp)           
/* 03234 808B4564 AFB00014 */  sw      $s0, 0x0014($sp)           
/* 03238 808B4568 3C01808B */  lui     $at, %hi(D_808B4F04)       ## $at = 808B0000
/* 0323C 808B456C C4244F04 */  lwc1    $f4, %lo(D_808B4F04)($at)  
/* 03240 808B4570 C66001F8 */  lwc1    $f0, 0x01F8($s3)           ## 000001F8
/* 03244 808B4574 3C01C0C0 */  lui     $at, 0xC0C0                ## $at = C0C00000
/* 03248 808B4578 44815000 */  mtc1    $at, $f10                  ## $f10 = -6.00
/* 0324C 808B457C 46040182 */  mul.s   $f6, $f0, $f4              
/* 03250 808B4580 8E500000 */  lw      $s0, 0x0000($s2)           ## 00000000
/* 03254 808B4584 00003825 */  or      $a3, $zero, $zero          ## $a3 = 00000000
/* 03258 808B4588 46005402 */  mul.s   $f16, $f10, $f0            
/* 0325C 808B458C E7A6002C */  swc1    $f6, 0x002C($sp)           
/* 03260 808B4590 C668000C */  lwc1    $f8, 0x000C($s3)           ## 0000000C
/* 03264 808B4594 8E660010 */  lw      $a2, 0x0010($s3)           ## 00000010
/* 03268 808B4598 C66C0008 */  lwc1    $f12, 0x0008($s3)          ## 00000008
/* 0326C 808B459C 0C0600A7 */  jal     func_8018029C              
/* 03270 808B45A0 46104380 */  add.s   $f14, $f8, $f16            
/* 03274 808B45A4 86640192 */  lh      $a0, 0x0192($s3)           ## 00000192
/* 03278 808B45A8 866500BE */  lh      $a1, 0x00BE($s3)           ## 000000BE
/* 0327C 808B45AC 00003025 */  or      $a2, $zero, $zero          ## $a2 = 00000000
/* 03280 808B45B0 0C06040F */  jal     func_8018103C              
/* 03284 808B45B4 24070001 */  addiu   $a3, $zero, 0x0001         ## $a3 = 00000001
/* 03288 808B45B8 C7AC002C */  lwc1    $f12, 0x002C($sp)          
/* 0328C 808B45BC 24070001 */  addiu   $a3, $zero, 0x0001         ## $a3 = 00000001
/* 03290 808B45C0 44066000 */  mfc1    $a2, $f12                  
/* 03294 808B45C4 0C0600E7 */  jal     func_8018039C              
/* 03298 808B45C8 46006386 */  mov.s   $f14, $f12                 
/* 0329C 808B45CC 8E0202B0 */  lw      $v0, 0x02B0($s0)           ## 000002B0
/* 032A0 808B45D0 3C0FDA38 */  lui     $t7, 0xDA38                ## $t7 = DA380000
/* 032A4 808B45D4 35EF0003 */  ori     $t7, $t7, 0x0003           ## $t7 = DA380003
/* 032A8 808B45D8 244E0008 */  addiu   $t6, $v0, 0x0008           ## $t6 = 00000008
/* 032AC 808B45DC AE0E02B0 */  sw      $t6, 0x02B0($s0)           ## 000002B0
/* 032B0 808B45E0 AC4F0000 */  sw      $t7, 0x0000($v0)           ## 00000000
/* 032B4 808B45E4 8E440000 */  lw      $a0, 0x0000($s2)           ## 00000000
/* 032B8 808B45E8 0C060690 */  jal     func_80181A40              
/* 032BC 808B45EC 00408825 */  or      $s1, $v0, $zero            ## $s1 = 00000000
/* 032C0 808B45F0 AE220004 */  sw      $v0, 0x0004($s1)           ## 00000004
/* 032C4 808B45F4 8E0202B0 */  lw      $v0, 0x02B0($s0)           ## 000002B0
/* 032C8 808B45F8 3C080600 */  lui     $t0, 0x0600                ## $t0 = 06000000
/* 032CC 808B45FC 25081330 */  addiu   $t0, $t0, 0x1330           ## $t0 = 06001330
/* 032D0 808B4600 24580008 */  addiu   $t8, $v0, 0x0008           ## $t8 = 00000008
/* 032D4 808B4604 AE1802B0 */  sw      $t8, 0x02B0($s0)           ## 000002B0
/* 032D8 808B4608 3C19DE00 */  lui     $t9, 0xDE00                ## $t9 = DE000000
/* 032DC 808B460C AC590000 */  sw      $t9, 0x0000($v0)           ## 00000000
/* 032E0 808B4610 AC480004 */  sw      $t0, 0x0004($v0)           ## 00000004
/* 032E4 808B4614 2410000C */  addiu   $s0, $zero, 0x000C         ## $s0 = 0000000C
/* 032E8 808B4618 26710214 */  addiu   $s1, $s3, 0x0214           ## $s1 = 00000214
/* 032EC 808B461C 24120030 */  addiu   $s2, $zero, 0x0030         ## $s2 = 00000030
.L808B4620:
/* 032F0 808B4620 0C0606D4 */  jal     func_80181B50              
/* 032F4 808B4624 02202025 */  or      $a0, $s1, $zero            ## $a0 = 00000214
/* 032F8 808B4628 2610000C */  addiu   $s0, $s0, 0x000C           ## $s0 = 00000018
/* 032FC 808B462C 1612FFFC */  bne     $s0, $s2, .L808B4620       
/* 03300 808B4630 2631000C */  addiu   $s1, $s1, 0x000C           ## $s1 = 00000220
/* 03304 808B4634 02602025 */  or      $a0, $s3, $zero            ## $a0 = 00000000
/* 03308 808B4638 0C02D9D7 */  jal     func_800B675C              
/* 0330C 808B463C 24050000 */  addiu   $a1, $zero, 0x0000         ## $a1 = 00000000
/* 03310 808B4640 8FBF0024 */  lw      $ra, 0x0024($sp)           
/* 03314 808B4644 8FB00014 */  lw      $s0, 0x0014($sp)           
/* 03318 808B4648 8FB10018 */  lw      $s1, 0x0018($sp)           
/* 0331C 808B464C 8FB2001C */  lw      $s2, 0x001C($sp)           
/* 03320 808B4650 8FB30020 */  lw      $s3, 0x0020($sp)           
/* 03324 808B4654 03E00008 */  jr      $ra                        
/* 03328 808B4658 27BD0030 */  addiu   $sp, $sp, 0x0030           ## $sp = 00000000


glabel func_808B465C
/* 0332C 808B465C 27BDFF20 */  addiu   $sp, $sp, 0xFF20           ## $sp = FFFFFF20
/* 03330 808B4660 AFB00030 */  sw      $s0, 0x0030($sp)           
/* 03334 808B4664 00808025 */  or      $s0, $a0, $zero            ## $s0 = 00000000
/* 03338 808B4668 AFBF0054 */  sw      $ra, 0x0054($sp)           
/* 0333C 808B466C AFBE0050 */  sw      $s8, 0x0050($sp)           
/* 03340 808B4670 AFB7004C */  sw      $s7, 0x004C($sp)           
/* 03344 808B4674 AFB60048 */  sw      $s6, 0x0048($sp)           
/* 03348 808B4678 AFB50044 */  sw      $s5, 0x0044($sp)           
/* 0334C 808B467C AFB40040 */  sw      $s4, 0x0040($sp)           
/* 03350 808B4680 AFB3003C */  sw      $s3, 0x003C($sp)           
/* 03354 808B4684 AFB20038 */  sw      $s2, 0x0038($sp)           
/* 03358 808B4688 AFB10034 */  sw      $s1, 0x0034($sp)           
/* 0335C 808B468C F7B80028 */  sdc1    $f24, 0x0028($sp)          
/* 03360 808B4690 F7B60020 */  sdc1    $f22, 0x0020($sp)          
/* 03364 808B4694 F7B40018 */  sdc1    $f20, 0x0018($sp)          
/* 03368 808B4698 AFA500E4 */  sw      $a1, 0x00E4($sp)           
/* 0336C 808B469C 8E180188 */  lw      $t8, 0x0188($s0)           ## 00000188
/* 03370 808B46A0 8FAE00E4 */  lw      $t6, 0x00E4($sp)           
/* 03374 808B46A4 3C0F808B */  lui     $t7, %hi(func_808B3404)    ## $t7 = 808B0000
/* 03378 808B46A8 25EF3404 */  addiu   $t7, $t7, %lo(func_808B3404) ## $t7 = 808B3404
/* 0337C 808B46AC 15F80004 */  bne     $t7, $t8, .L808B46C0       
/* 03380 808B46B0 8DDE0000 */  lw      $s8, 0x0000($t6)           ## 00000000
/* 03384 808B46B4 24190002 */  addiu   $t9, $zero, 0x0002         ## $t9 = 00000002
/* 03388 808B46B8 10000003 */  beq     $zero, $zero, .L808B46C8   
/* 0338C 808B46BC AFB90090 */  sw      $t9, 0x0090($sp)           
.L808B46C0:
/* 03390 808B46C0 24080003 */  addiu   $t0, $zero, 0x0003         ## $t0 = 00000003
/* 03394 808B46C4 AFA80090 */  sw      $t0, 0x0090($sp)           
.L808B46C8:
/* 03398 808B46C8 3C01808B */  lui     $at, %hi(D_808B4F08)       ## $at = 808B0000
/* 0339C 808B46CC C4264F08 */  lwc1    $f6, %lo(D_808B4F08)($at)  
/* 033A0 808B46D0 C60401F8 */  lwc1    $f4, 0x01F8($s0)           ## 000001F8
/* 033A4 808B46D4 C60C0024 */  lwc1    $f12, 0x0024($s0)          ## 00000024
/* 033A8 808B46D8 C60E0028 */  lwc1    $f14, 0x0028($s0)          ## 00000028
/* 033AC 808B46DC 46062502 */  mul.s   $f20, $f4, $f6             
/* 033B0 808B46E0 8E06002C */  lw      $a2, 0x002C($s0)           ## 0000002C
/* 033B4 808B46E4 0C0600A7 */  jal     func_8018029C              
/* 033B8 808B46E8 00003825 */  or      $a3, $zero, $zero          ## $a3 = 00000000
/* 033BC 808B46EC 4406A000 */  mfc1    $a2, $f20                  
/* 033C0 808B46F0 4600A306 */  mov.s   $f12, $f20                 
/* 033C4 808B46F4 4600A386 */  mov.s   $f14, $f20                 
/* 033C8 808B46F8 0C0600E7 */  jal     func_8018039C              
/* 033CC 808B46FC 24070001 */  addiu   $a3, $zero, 0x0001         ## $a3 = 00000001
/* 033D0 808B4700 0C06007A */  jal     func_801801E8              
/* 033D4 808B4704 27A400A0 */  addiu   $a0, $sp, 0x00A0           ## $a0 = FFFFFFC0
/* 033D8 808B4708 8FA30090 */  lw      $v1, 0x0090($sp)           
/* 033DC 808B470C 3C14808B */  lui     $s4, %hi(D_808B4EA0)       ## $s4 = 808B0000
/* 033E0 808B4710 26944EA0 */  addiu   $s4, $s4, %lo(D_808B4EA0)  ## $s4 = 808B4EA0
/* 033E4 808B4714 1860006A */  blez    $v1, .L808B48C0            
/* 033E8 808B4718 02009025 */  or      $s2, $s0, $zero            ## $s2 = 00000000
/* 033EC 808B471C 00035080 */  sll     $t2, $v1,  2               
/* 033F0 808B4720 01435023 */  subu    $t2, $t2, $v1              
/* 033F4 808B4724 3C014220 */  lui     $at, 0x4220                ## $at = 42200000
/* 033F8 808B4728 4481C000 */  mtc1    $at, $f24                  ## $f24 = 40.00
/* 033FC 808B472C 000A5080 */  sll     $t2, $t2,  2               
/* 03400 808B4730 01505821 */  addu    $t3, $t2, $s0              
/* 03404 808B4734 3C0141A0 */  lui     $at, 0x41A0                ## $at = 41A00000
/* 03408 808B4738 256C0214 */  addiu   $t4, $t3, 0x0214           ## $t4 = 00000214
/* 0340C 808B473C 2609023C */  addiu   $t1, $s0, 0x023C           ## $t1 = 0000023C
/* 03410 808B4740 4481B000 */  mtc1    $at, $f22                  ## $f22 = 20.00
/* 03414 808B4744 AFA9006C */  sw      $t1, 0x006C($sp)           
/* 03418 808B4748 AFAC005C */  sw      $t4, 0x005C($sp)           
/* 0341C 808B474C 24150033 */  addiu   $s5, $zero, 0x0033         ## $s5 = 00000033
/* 03420 808B4750 24160034 */  addiu   $s6, $zero, 0x0034         ## $s6 = 00000034
/* 03424 808B4754 0000B825 */  or      $s7, $zero, $zero          ## $s7 = 00000000
/* 03428 808B4758 26130214 */  addiu   $s3, $s0, 0x0214           ## $s3 = 00000214
.L808B475C:
/* 0342C 808B475C 0C03FB61 */  jal     func_800FED84              
/* 03430 808B4760 86440192 */  lh      $a0, 0x0192($s2)           ## 00000192
/* 03434 808B4764 4600B202 */  mul.s   $f8, $f22, $f0             
/* 03438 808B4768 C60A01F8 */  lwc1    $f10, 0x01F8($s0)          ## 000001F8
/* 0343C 808B476C C7B200D4 */  lwc1    $f18, 0x00D4($sp)          
/* 03440 808B4770 460A4402 */  mul.s   $f16, $f8, $f10            
/* 03444 808B4774 46109100 */  add.s   $f4, $f18, $f16            
/* 03448 808B4778 E7A400D4 */  swc1    $f4, 0x00D4($sp)           
/* 0344C 808B477C 0C03FB51 */  jal     func_800FED44              
/* 03450 808B4780 86440192 */  lh      $a0, 0x0192($s2)           ## 00000192
/* 03454 808B4784 46160182 */  mul.s   $f6, $f0, $f22             
/* 03458 808B4788 C60801F8 */  lwc1    $f8, 0x01F8($s0)           ## 000001F8
/* 0345C 808B478C 860400BE */  lh      $a0, 0x00BE($s0)           ## 000000BE
/* 03460 808B4790 46083502 */  mul.s   $f20, $f6, $f8             
/* 03464 808B4794 0C03FB61 */  jal     func_800FED84              
/* 03468 808B4798 00000000 */  nop
/* 0346C 808B479C 4600A482 */  mul.s   $f18, $f20, $f0            
/* 03470 808B47A0 C7AA00D0 */  lwc1    $f10, 0x00D0($sp)          
/* 03474 808B47A4 46125401 */  sub.s   $f16, $f10, $f18           
/* 03478 808B47A8 E7B000D0 */  swc1    $f16, 0x00D0($sp)          
/* 0347C 808B47AC 0C03FB51 */  jal     func_800FED44              
/* 03480 808B47B0 860400BE */  lh      $a0, 0x00BE($s0)           ## 000000BE
/* 03484 808B47B4 4600A182 */  mul.s   $f6, $f20, $f0             
/* 03488 808B47B8 C7A400D8 */  lwc1    $f4, 0x00D8($sp)           
/* 0348C 808B47BC 27A400A0 */  addiu   $a0, $sp, 0x00A0           ## $a0 = FFFFFFC0
/* 03490 808B47C0 46062201 */  sub.s   $f8, $f4, $f6              
/* 03494 808B47C4 0C060083 */  jal     func_8018020C              
/* 03498 808B47C8 E7A800D8 */  swc1    $f8, 0x00D8($sp)           
/* 0349C 808B47CC 86440192 */  lh      $a0, 0x0192($s2)           ## 00000192
/* 034A0 808B47D0 860500BE */  lh      $a1, 0x00BE($s0)           ## 000000BE
/* 034A4 808B47D4 00003025 */  or      $a2, $zero, $zero          ## $a2 = 00000000
/* 034A8 808B47D8 0C06040F */  jal     func_8018103C              
/* 034AC 808B47DC 24070001 */  addiu   $a3, $zero, 0x0001         ## $a3 = 00000001
/* 034B0 808B47E0 8FC202B0 */  lw      $v0, 0x02B0($s8)           ## 000002B0
/* 034B4 808B47E4 3C0EDA38 */  lui     $t6, 0xDA38                ## $t6 = DA380000
/* 034B8 808B47E8 35CE0003 */  ori     $t6, $t6, 0x0003           ## $t6 = DA380003
/* 034BC 808B47EC 244D0008 */  addiu   $t5, $v0, 0x0008           ## $t5 = 00000008
/* 034C0 808B47F0 AFCD02B0 */  sw      $t5, 0x02B0($s8)           ## 000002B0
/* 034C4 808B47F4 AC4E0000 */  sw      $t6, 0x0000($v0)           ## 00000000
/* 034C8 808B47F8 8FAF00E4 */  lw      $t7, 0x00E4($sp)           
/* 034CC 808B47FC 00408825 */  or      $s1, $v0, $zero            ## $s1 = 00000000
/* 034D0 808B4800 0C060690 */  jal     func_80181A40              
/* 034D4 808B4804 8DE40000 */  lw      $a0, 0x0000($t7)           ## 00000000
/* 034D8 808B4808 AE220004 */  sw      $v0, 0x0004($s1)           ## 00000004
/* 034DC 808B480C 8FC202B0 */  lw      $v0, 0x02B0($s8)           ## 000002B0
/* 034E0 808B4810 3C19DE00 */  lui     $t9, 0xDE00                ## $t9 = DE000000
/* 034E4 808B4814 02A02025 */  or      $a0, $s5, $zero            ## $a0 = 00000033
/* 034E8 808B4818 24580008 */  addiu   $t8, $v0, 0x0008           ## $t8 = 00000008
/* 034EC 808B481C AFD802B0 */  sw      $t8, 0x02B0($s8)           ## 000002B0
/* 034F0 808B4820 AC590000 */  sw      $t9, 0x0000($v0)           ## 00000000
/* 034F4 808B4824 8E880000 */  lw      $t0, 0x0000($s4)           ## 808B4EA0
/* 034F8 808B4828 AC480004 */  sw      $t0, 0x0004($v0)           ## 00000004
/* 034FC 808B482C 0C039FF7 */  jal     func_800E7FDC              
/* 03500 808B4830 8FA5006C */  lw      $a1, 0x006C($sp)           
/* 03504 808B4834 02C02025 */  or      $a0, $s6, $zero            ## $a0 = 00000034
/* 03508 808B4838 0C039FF7 */  jal     func_800E7FDC              
/* 0350C 808B483C 8FA5006C */  lw      $a1, 0x006C($sp)           
/* 03510 808B4840 16E00015 */  bne     $s7, $zero, .L808B4898     
/* 03514 808B4844 00000000 */  nop
/* 03518 808B4848 8E0A0188 */  lw      $t2, 0x0188($s0)           ## 00000188
/* 0351C 808B484C 3C09808B */  lui     $t1, %hi(func_808B3C50)    ## $t1 = 808B0000
/* 03520 808B4850 25293C50 */  addiu   $t1, $t1, %lo(func_808B3C50) ## $t1 = 808B3C50
/* 03524 808B4854 112A0007 */  beq     $t1, $t2, .L808B4874       
/* 03528 808B4858 C7AA00D0 */  lwc1    $f10, 0x00D0($sp)          
/* 0352C 808B485C E60A003C */  swc1    $f10, 0x003C($s0)          ## 0000003C
/* 03530 808B4860 C7B200D4 */  lwc1    $f18, 0x00D4($sp)          
/* 03534 808B4864 E6120040 */  swc1    $f18, 0x0040($s0)          ## 00000040
/* 03538 808B4868 C7B000D8 */  lwc1    $f16, 0x00D8($sp)          
/* 0353C 808B486C 1000000A */  beq     $zero, $zero, .L808B4898   
/* 03540 808B4870 E6100044 */  swc1    $f16, 0x0044($s0)          ## 00000044
.L808B4874:
/* 03544 808B4874 C60801F8 */  lwc1    $f8, 0x01F8($s0)           ## 000001F8
/* 03548 808B4878 C606000C */  lwc1    $f6, 0x000C($s0)           ## 0000000C
/* 0354C 808B487C C6040008 */  lwc1    $f4, 0x0008($s0)           ## 00000008
/* 03550 808B4880 4608C282 */  mul.s   $f10, $f24, $f8            
/* 03554 808B4884 C6100010 */  lwc1    $f16, 0x0010($s0)          ## 00000010
/* 03558 808B4888 E604003C */  swc1    $f4, 0x003C($s0)           ## 0000003C
/* 0355C 808B488C E6100044 */  swc1    $f16, 0x0044($s0)          ## 00000044
/* 03560 808B4890 460A3480 */  add.s   $f18, $f6, $f10            
/* 03564 808B4894 E6120040 */  swc1    $f18, 0x0040($s0)          ## 00000040
.L808B4898:
/* 03568 808B4898 0C0606D4 */  jal     func_80181B50              
/* 0356C 808B489C 02602025 */  or      $a0, $s3, $zero            ## $a0 = 00000214
/* 03570 808B48A0 8FAB005C */  lw      $t3, 0x005C($sp)           
/* 03574 808B48A4 2673000C */  addiu   $s3, $s3, 0x000C           ## $s3 = 00000220
/* 03578 808B48A8 26520002 */  addiu   $s2, $s2, 0x0002           ## $s2 = 00000002
/* 0357C 808B48AC 26940004 */  addiu   $s4, $s4, 0x0004           ## $s4 = 808B4EA4
/* 03580 808B48B0 26B50002 */  addiu   $s5, $s5, 0x0002           ## $s5 = 00000035
/* 03584 808B48B4 26D60002 */  addiu   $s6, $s6, 0x0002           ## $s6 = 00000036
/* 03588 808B48B8 166BFFA8 */  bne     $s3, $t3, .L808B475C       
/* 0358C 808B48BC 26F7000C */  addiu   $s7, $s7, 0x000C           ## $s7 = 0000000C
.L808B48C0:
/* 03590 808B48C0 8FBF0054 */  lw      $ra, 0x0054($sp)           
/* 03594 808B48C4 D7B40018 */  ldc1    $f20, 0x0018($sp)          
/* 03598 808B48C8 D7B60020 */  ldc1    $f22, 0x0020($sp)          
/* 0359C 808B48CC D7B80028 */  ldc1    $f24, 0x0028($sp)          
/* 035A0 808B48D0 8FB00030 */  lw      $s0, 0x0030($sp)           
/* 035A4 808B48D4 8FB10034 */  lw      $s1, 0x0034($sp)           
/* 035A8 808B48D8 8FB20038 */  lw      $s2, 0x0038($sp)           
/* 035AC 808B48DC 8FB3003C */  lw      $s3, 0x003C($sp)           
/* 035B0 808B48E0 8FB40040 */  lw      $s4, 0x0040($sp)           
/* 035B4 808B48E4 8FB50044 */  lw      $s5, 0x0044($sp)           
/* 035B8 808B48E8 8FB60048 */  lw      $s6, 0x0048($sp)           
/* 035BC 808B48EC 8FB7004C */  lw      $s7, 0x004C($sp)           
/* 035C0 808B48F0 8FBE0050 */  lw      $s8, 0x0050($sp)           
/* 035C4 808B48F4 03E00008 */  jr      $ra                        
/* 035C8 808B48F8 27BD00E0 */  addiu   $sp, $sp, 0x00E0           ## $sp = 00000000


glabel func_808B48FC
/* 035CC 808B48FC 27BDFFD0 */  addiu   $sp, $sp, 0xFFD0           ## $sp = FFFFFFD0
/* 035D0 808B4900 AFBF0014 */  sw      $ra, 0x0014($sp)           
/* 035D4 808B4904 AFA40030 */  sw      $a0, 0x0030($sp)           
/* 035D8 808B4908 AFA50034 */  sw      $a1, 0x0034($sp)           
/* 035DC 808B490C 8FAE0034 */  lw      $t6, 0x0034($sp)           
/* 035E0 808B4910 8FAF0030 */  lw      $t7, 0x0030($sp)           
/* 035E4 808B4914 00003025 */  or      $a2, $zero, $zero          ## $a2 = 00000000
/* 035E8 808B4918 8DC80000 */  lw      $t0, 0x0000($t6)           ## 00000000
/* 035EC 808B491C 85E40196 */  lh      $a0, 0x0196($t7)           ## 00000196
/* 035F0 808B4920 85E500BE */  lh      $a1, 0x00BE($t7)           ## 000000BE
/* 035F4 808B4924 24070001 */  addiu   $a3, $zero, 0x0001         ## $a3 = 00000001
/* 035F8 808B4928 0C06040F */  jal     func_8018103C              
/* 035FC 808B492C AFA8002C */  sw      $t0, 0x002C($sp)           
/* 03600 808B4930 8FA8002C */  lw      $t0, 0x002C($sp)           
/* 03604 808B4934 8D0202B0 */  lw      $v0, 0x02B0($t0)           ## 000002B0
/* 03608 808B4938 3C19DA38 */  lui     $t9, 0xDA38                ## $t9 = DA380000
/* 0360C 808B493C 37390003 */  ori     $t9, $t9, 0x0003           ## $t9 = DA380003
/* 03610 808B4940 24580008 */  addiu   $t8, $v0, 0x0008           ## $t8 = 00000008
/* 03614 808B4944 AD1802B0 */  sw      $t8, 0x02B0($t0)           ## 000002B0
/* 03618 808B4948 AC590000 */  sw      $t9, 0x0000($v0)           ## 00000000
/* 0361C 808B494C 8FA90034 */  lw      $t1, 0x0034($sp)           
/* 03620 808B4950 8D240000 */  lw      $a0, 0x0000($t1)           ## 00000000
/* 03624 808B4954 AFA8002C */  sw      $t0, 0x002C($sp)           
/* 03628 808B4958 0C060690 */  jal     func_80181A40              
/* 0362C 808B495C AFA20024 */  sw      $v0, 0x0024($sp)           
/* 03630 808B4960 8FA30024 */  lw      $v1, 0x0024($sp)           
/* 03634 808B4964 8FA8002C */  lw      $t0, 0x002C($sp)           
/* 03638 808B4968 3C0BDE00 */  lui     $t3, 0xDE00                ## $t3 = DE000000
/* 0363C 808B496C AC620004 */  sw      $v0, 0x0004($v1)           ## 00000004
/* 03640 808B4970 8D0202B0 */  lw      $v0, 0x02B0($t0)           ## 000002B0
/* 03644 808B4974 3C0C0600 */  lui     $t4, 0x0600                ## $t4 = 06000000
/* 03648 808B4978 258C1828 */  addiu   $t4, $t4, 0x1828           ## $t4 = 06001828
/* 0364C 808B497C 244A0008 */  addiu   $t2, $v0, 0x0008           ## $t2 = 00000008
/* 03650 808B4980 AD0A02B0 */  sw      $t2, 0x02B0($t0)           ## 000002B0
/* 03654 808B4984 AC4C0004 */  sw      $t4, 0x0004($v0)           ## 00000004
/* 03658 808B4988 AC4B0000 */  sw      $t3, 0x0000($v0)           ## 00000000
/* 0365C 808B498C 8FA50030 */  lw      $a1, 0x0030($sp)           
/* 03660 808B4990 24040037 */  addiu   $a0, $zero, 0x0037         ## $a0 = 00000037
/* 03664 808B4994 24A5023C */  addiu   $a1, $a1, 0x023C           ## $a1 = 0000023C
/* 03668 808B4998 0C039FF7 */  jal     func_800E7FDC              
/* 0366C 808B499C AFA5001C */  sw      $a1, 0x001C($sp)           
/* 03670 808B49A0 8FA5001C */  lw      $a1, 0x001C($sp)           
/* 03674 808B49A4 0C039FF7 */  jal     func_800E7FDC              
/* 03678 808B49A8 24040038 */  addiu   $a0, $zero, 0x0038         ## $a0 = 00000038
/* 0367C 808B49AC 8FA40030 */  lw      $a0, 0x0030($sp)           
/* 03680 808B49B0 0C0606D4 */  jal     func_80181B50              
/* 03684 808B49B4 2484022C */  addiu   $a0, $a0, 0x022C           ## $a0 = 0000022C
/* 03688 808B49B8 8FBF0014 */  lw      $ra, 0x0014($sp)           
/* 0368C 808B49BC 27BD0030 */  addiu   $sp, $sp, 0x0030           ## $sp = 00000000
/* 03690 808B49C0 03E00008 */  jr      $ra                        
/* 03694 808B49C4 00000000 */  nop


glabel func_808B49C8
/* 03698 808B49C8 27BDFF78 */  addiu   $sp, $sp, 0xFF78           ## $sp = FFFFFF78
/* 0369C 808B49CC AFB10020 */  sw      $s1, 0x0020($sp)           
/* 036A0 808B49D0 00808825 */  or      $s1, $a0, $zero            ## $s1 = 00000000
/* 036A4 808B49D4 AFBF0024 */  sw      $ra, 0x0024($sp)           
/* 036A8 808B49D8 AFB0001C */  sw      $s0, 0x001C($sp)           
/* 036AC 808B49DC AFA5008C */  sw      $a1, 0x008C($sp)           
/* 036B0 808B49E0 8FAE008C */  lw      $t6, 0x008C($sp)           
/* 036B4 808B49E4 8DC40000 */  lw      $a0, 0x0000($t6)           ## 00000000
/* 036B8 808B49E8 0C04B112 */  jal     func_8012C448              
/* 036BC 808B49EC 00808025 */  or      $s0, $a0, $zero            ## $s0 = 00000000
/* 036C0 808B49F0 8E0202C0 */  lw      $v0, 0x02C0($s0)           ## 000002C0
/* 036C4 808B49F4 3C18FA00 */  lui     $t8, 0xFA00                ## $t8 = FA000000
/* 036C8 808B49F8 241900FF */  addiu   $t9, $zero, 0x00FF         ## $t9 = 000000FF
/* 036CC 808B49FC 244F0008 */  addiu   $t7, $v0, 0x0008           ## $t7 = 00000008
/* 036D0 808B4A00 AE0F02C0 */  sw      $t7, 0x02C0($s0)           ## 000002C0
/* 036D4 808B4A04 AC590004 */  sw      $t9, 0x0004($v0)           ## 00000004
/* 036D8 808B4A08 AC580000 */  sw      $t8, 0x0000($v0)           ## 00000000
/* 036DC 808B4A0C 8E240238 */  lw      $a0, 0x0238($s1)           ## 00000238
/* 036E0 808B4A10 8E250008 */  lw      $a1, 0x0008($s1)           ## 00000008
/* 036E4 808B4A14 8E26000C */  lw      $a2, 0x000C($s1)           ## 0000000C
/* 036E8 808B4A18 8E270010 */  lw      $a3, 0x0010($s1)           ## 00000010
/* 036EC 808B4A1C 27A80048 */  addiu   $t0, $sp, 0x0048           ## $t0 = FFFFFFC0
/* 036F0 808B4A20 0C030025 */  jal     func_800C0094              
/* 036F4 808B4A24 AFA80010 */  sw      $t0, 0x0010($sp)           
/* 036F8 808B4A28 27A40048 */  addiu   $a0, $sp, 0x0048           ## $a0 = FFFFFFC0
/* 036FC 808B4A2C 0C060091 */  jal     func_80180244              
/* 03700 808B4A30 00002825 */  or      $a1, $zero, $zero          ## $a1 = 00000000
/* 03704 808B4A34 3C01808B */  lui     $at, %hi(D_808B4F0C)       ## $at = 808B0000
/* 03708 808B4A38 C4264F0C */  lwc1    $f6, %lo(D_808B4F0C)($at)  
/* 0370C 808B4A3C C62401F8 */  lwc1    $f4, 0x01F8($s1)           ## 000001F8
/* 03710 808B4A40 3C013F80 */  lui     $at, 0x3F80                ## $at = 3F800000
/* 03714 808B4A44 44817000 */  mtc1    $at, $f14                  ## $f14 = 1.00
/* 03718 808B4A48 46062302 */  mul.s   $f12, $f4, $f6             
/* 0371C 808B4A4C 24070001 */  addiu   $a3, $zero, 0x0001         ## $a3 = 00000001
/* 03720 808B4A50 44066000 */  mfc1    $a2, $f12                  
/* 03724 808B4A54 0C0600E7 */  jal     func_8018039C              
/* 03728 808B4A58 00000000 */  nop
/* 0372C 808B4A5C 8E0202C0 */  lw      $v0, 0x02C0($s0)           ## 000002C0
/* 03730 808B4A60 3C0ADA38 */  lui     $t2, 0xDA38                ## $t2 = DA380000
/* 03734 808B4A64 354A0003 */  ori     $t2, $t2, 0x0003           ## $t2 = DA380003
/* 03738 808B4A68 24490008 */  addiu   $t1, $v0, 0x0008           ## $t1 = 00000008
/* 0373C 808B4A6C AE0902C0 */  sw      $t1, 0x02C0($s0)           ## 000002C0
/* 03740 808B4A70 AC4A0000 */  sw      $t2, 0x0000($v0)           ## 00000000
/* 03744 808B4A74 8FAB008C */  lw      $t3, 0x008C($sp)           
/* 03748 808B4A78 00408825 */  or      $s1, $v0, $zero            ## $s1 = 00000000
/* 0374C 808B4A7C 0C060690 */  jal     func_80181A40              
/* 03750 808B4A80 8D640000 */  lw      $a0, 0x0000($t3)           ## 00000000
/* 03754 808B4A84 AE220004 */  sw      $v0, 0x0004($s1)           ## 00000004
/* 03758 808B4A88 8E0202C0 */  lw      $v0, 0x02C0($s0)           ## 000002C0
/* 0375C 808B4A8C 3C0E0407 */  lui     $t6, 0x0407                ## $t6 = 04070000
/* 03760 808B4A90 25CE6BC0 */  addiu   $t6, $t6, 0x6BC0           ## $t6 = 04076BC0
/* 03764 808B4A94 244C0008 */  addiu   $t4, $v0, 0x0008           ## $t4 = 00000008
/* 03768 808B4A98 AE0C02C0 */  sw      $t4, 0x02C0($s0)           ## 000002C0
/* 0376C 808B4A9C 3C0DDE00 */  lui     $t5, 0xDE00                ## $t5 = DE000000
/* 03770 808B4AA0 AC4D0000 */  sw      $t5, 0x0000($v0)           ## 00000000
/* 03774 808B4AA4 AC4E0004 */  sw      $t6, 0x0004($v0)           ## 00000004
/* 03778 808B4AA8 8FBF0024 */  lw      $ra, 0x0024($sp)           
/* 0377C 808B4AAC 8FB0001C */  lw      $s0, 0x001C($sp)           
/* 03780 808B4AB0 8FB10020 */  lw      $s1, 0x0020($sp)           
/* 03784 808B4AB4 03E00008 */  jr      $ra                        
/* 03788 808B4AB8 27BD0088 */  addiu   $sp, $sp, 0x0088           ## $sp = 00000000


glabel func_808B4ABC
/* 0378C 808B4ABC 27BDFFE8 */  addiu   $sp, $sp, 0xFFE8           ## $sp = FFFFFFE8
/* 03790 808B4AC0 AFA40018 */  sw      $a0, 0x0018($sp)           
/* 03794 808B4AC4 00A02025 */  or      $a0, $a1, $zero            ## $a0 = 00000000
/* 03798 808B4AC8 AFBF0014 */  sw      $ra, 0x0014($sp)           
/* 0379C 808B4ACC AFA60020 */  sw      $a2, 0x0020($sp)           
/* 037A0 808B4AD0 AFA70024 */  sw      $a3, 0x0024($sp)           
/* 037A4 808B4AD4 24010001 */  addiu   $at, $zero, 0x0001         ## $at = 00000001
/* 037A8 808B4AD8 14810003 */  bne     $a0, $at, .L808B4AE8       
/* 037AC 808B4ADC 8FA50028 */  lw      $a1, 0x0028($sp)           
/* 037B0 808B4AE0 0C039FF7 */  jal     func_800E7FDC              
/* 037B4 808B4AE4 24A5023C */  addiu   $a1, $a1, 0x023C           ## $a1 = 0000023C
.L808B4AE8:
/* 037B8 808B4AE8 8FBF0014 */  lw      $ra, 0x0014($sp)           
/* 037BC 808B4AEC 27BD0018 */  addiu   $sp, $sp, 0x0018           ## $sp = 00000000
/* 037C0 808B4AF0 03E00008 */  jr      $ra                        
/* 037C4 808B4AF4 00000000 */  nop


glabel func_808B4AF8
/* 037C8 808B4AF8 27BDFFA8 */  addiu   $sp, $sp, 0xFFA8           ## $sp = FFFFFFA8
/* 037CC 808B4AFC AFB00024 */  sw      $s0, 0x0024($sp)           
/* 037D0 808B4B00 00808025 */  or      $s0, $a0, $zero            ## $s0 = 00000000
/* 037D4 808B4B04 AFBF002C */  sw      $ra, 0x002C($sp)           
/* 037D8 808B4B08 AFB10028 */  sw      $s1, 0x0028($sp)           
/* 037DC 808B4B0C AFA5005C */  sw      $a1, 0x005C($sp)           
/* 037E0 808B4B10 8FAE005C */  lw      $t6, 0x005C($sp)           
/* 037E4 808B4B14 8DC40000 */  lw      $a0, 0x0000($t6)           ## 00000000
/* 037E8 808B4B18 0C04B0A3 */  jal     func_8012C28C              
/* 037EC 808B4B1C 00808825 */  or      $s1, $a0, $zero            ## $s1 = 00000000
/* 037F0 808B4B20 26040208 */  addiu   $a0, $s0, 0x0208           ## $a0 = 00000208
/* 037F4 808B4B24 AFA40030 */  sw      $a0, 0x0030($sp)           
/* 037F8 808B4B28 0C03FD43 */  jal     func_800FF50C              
/* 037FC 808B4B2C 26050024 */  addiu   $a1, $s0, 0x0024           ## $a1 = 00000024
/* 03800 808B4B30 8E180188 */  lw      $t8, 0x0188($s0)           ## 00000188
/* 03804 808B4B34 3C0F808B */  lui     $t7, %hi(func_808B3EE8)    ## $t7 = 808B0000
/* 03808 808B4B38 25EF3EE8 */  addiu   $t7, $t7, %lo(func_808B3EE8) ## $t7 = 808B3EE8
/* 0380C 808B4B3C 11F8004B */  beq     $t7, $t8, .L808B4C6C       
/* 03810 808B4B40 8FA4005C */  lw      $a0, 0x005C($sp)           
/* 03814 808B4B44 3C19808B */  lui     $t9, %hi(func_808B4ABC)    ## $t9 = 808B0000
/* 03818 808B4B48 27394ABC */  addiu   $t9, $t9, %lo(func_808B4ABC) ## $t9 = 808B4ABC
/* 0381C 808B4B4C 8E050148 */  lw      $a1, 0x0148($s0)           ## 00000148
/* 03820 808B4B50 8E060164 */  lw      $a2, 0x0164($s0)           ## 00000164
/* 03824 808B4B54 AFB00014 */  sw      $s0, 0x0014($sp)           
/* 03828 808B4B58 AFB90010 */  sw      $t9, 0x0010($sp)           
/* 0382C 808B4B5C 0C04CECF */  jal     func_80133B3C              
/* 03830 808B4B60 00003825 */  or      $a3, $zero, $zero          ## $a3 = 00000000
/* 03834 808B4B64 8E090188 */  lw      $t1, 0x0188($s0)           ## 00000188
/* 03838 808B4B68 3C08808B */  lui     $t0, %hi(func_808B1B14)    ## $t0 = 808B0000
/* 0383C 808B4B6C 25081B14 */  addiu   $t0, $t0, %lo(func_808B1B14) ## $t0 = 808B1B14
/* 03840 808B4B70 15090006 */  bne     $t0, $t1, .L808B4B8C       
/* 03844 808B4B74 02002025 */  or      $a0, $s0, $zero            ## $a0 = 00000000
/* 03848 808B4B78 02002025 */  or      $a0, $s0, $zero            ## $a0 = 00000000
/* 0384C 808B4B7C 0C22D152 */  jal     func_808B4548              
/* 03850 808B4B80 8FA5005C */  lw      $a1, 0x005C($sp)           
/* 03854 808B4B84 10000003 */  beq     $zero, $zero, .L808B4B94   
/* 03858 808B4B88 00000000 */  nop
.L808B4B8C:
/* 0385C 808B4B8C 0C22D197 */  jal     func_808B465C              
/* 03860 808B4B90 8FA5005C */  lw      $a1, 0x005C($sp)           
.L808B4B94:
/* 03864 808B4B94 3C01808B */  lui     $at, %hi(D_808B4F10)       ## $at = 808B0000
/* 03868 808B4B98 C4264F10 */  lwc1    $f6, %lo(D_808B4F10)($at)  
/* 0386C 808B4B9C C60401F8 */  lwc1    $f4, 0x01F8($s0)           ## 000001F8
/* 03870 808B4BA0 00003825 */  or      $a3, $zero, $zero          ## $a3 = 00000000
/* 03874 808B4BA4 46062202 */  mul.s   $f8, $f4, $f6              
/* 03878 808B4BA8 E7A80050 */  swc1    $f8, 0x0050($sp)           
/* 0387C 808B4BAC 8E060010 */  lw      $a2, 0x0010($s0)           ## 00000010
/* 03880 808B4BB0 C60E000C */  lwc1    $f14, 0x000C($s0)          ## 0000000C
/* 03884 808B4BB4 0C0600A7 */  jal     func_8018029C              
/* 03888 808B4BB8 C60C0008 */  lwc1    $f12, 0x0008($s0)          ## 00000008
/* 0388C 808B4BBC 86040016 */  lh      $a0, 0x0016($s0)           ## 00000016
/* 03890 808B4BC0 0C06026B */  jal     func_801809AC              
/* 03894 808B4BC4 24050001 */  addiu   $a1, $zero, 0x0001         ## $a1 = 00000001
/* 03898 808B4BC8 C7AC0050 */  lwc1    $f12, 0x0050($sp)          
/* 0389C 808B4BCC 24070001 */  addiu   $a3, $zero, 0x0001         ## $a3 = 00000001
/* 038A0 808B4BD0 44066000 */  mfc1    $a2, $f12                  
/* 038A4 808B4BD4 0C0600E7 */  jal     func_8018039C              
/* 038A8 808B4BD8 46006386 */  mov.s   $f14, $f12                 
/* 038AC 808B4BDC 8E2202B0 */  lw      $v0, 0x02B0($s1)           ## 000002B0
/* 038B0 808B4BE0 3C0BDA38 */  lui     $t3, 0xDA38                ## $t3 = DA380000
/* 038B4 808B4BE4 356B0003 */  ori     $t3, $t3, 0x0003           ## $t3 = DA380003
/* 038B8 808B4BE8 244A0008 */  addiu   $t2, $v0, 0x0008           ## $t2 = 00000008
/* 038BC 808B4BEC AE2A02B0 */  sw      $t2, 0x02B0($s1)           ## 000002B0
/* 038C0 808B4BF0 AC4B0000 */  sw      $t3, 0x0000($v0)           ## 00000000
/* 038C4 808B4BF4 8FAC005C */  lw      $t4, 0x005C($sp)           
/* 038C8 808B4BF8 8D840000 */  lw      $a0, 0x0000($t4)           ## 00000000
/* 038CC 808B4BFC 0C060690 */  jal     func_80181A40              
/* 038D0 808B4C00 AFA20044 */  sw      $v0, 0x0044($sp)           
/* 038D4 808B4C04 8FA30044 */  lw      $v1, 0x0044($sp)           
/* 038D8 808B4C08 3C0EDE00 */  lui     $t6, 0xDE00                ## $t6 = DE000000
/* 038DC 808B4C0C 02002025 */  or      $a0, $s0, $zero            ## $a0 = 00000000
/* 038E0 808B4C10 AC620004 */  sw      $v0, 0x0004($v1)           ## 00000004
/* 038E4 808B4C14 8E2202B0 */  lw      $v0, 0x02B0($s1)           ## 000002B0
/* 038E8 808B4C18 3C0F0600 */  lui     $t7, 0x0600                ## $t7 = 06000000
/* 038EC 808B4C1C 25EF10F0 */  addiu   $t7, $t7, 0x10F0           ## $t7 = 060010F0
/* 038F0 808B4C20 244D0008 */  addiu   $t5, $v0, 0x0008           ## $t5 = 00000008
/* 038F4 808B4C24 AE2D02B0 */  sw      $t5, 0x02B0($s1)           ## 000002B0
/* 038F8 808B4C28 AC4F0004 */  sw      $t7, 0x0004($v0)           ## 00000004
/* 038FC 808B4C2C AC4E0000 */  sw      $t6, 0x0000($v0)           ## 00000000
/* 03900 808B4C30 8E190188 */  lw      $t9, 0x0188($s0)           ## 00000188
/* 03904 808B4C34 3C18808B */  lui     $t8, %hi(func_808B3404)    ## $t8 = 808B0000
/* 03908 808B4C38 27183404 */  addiu   $t8, $t8, %lo(func_808B3404) ## $t8 = 808B3404
/* 0390C 808B4C3C 57190004 */  bnel    $t8, $t9, .L808B4C50       
/* 03910 808B4C40 8E080238 */  lw      $t0, 0x0238($s0)           ## 00000238
/* 03914 808B4C44 0C22D23F */  jal     func_808B48FC              
/* 03918 808B4C48 8FA5005C */  lw      $a1, 0x005C($sp)           
/* 0391C 808B4C4C 8E080238 */  lw      $t0, 0x0238($s0)           ## 00000238
.L808B4C50:
/* 03920 808B4C50 02002025 */  or      $a0, $s0, $zero            ## $a0 = 00000000
/* 03924 808B4C54 51000025 */  beql    $t0, $zero, .L808B4CEC     
/* 03928 808B4C58 C60A0200 */  lwc1    $f10, 0x0200($s0)          ## 00000200
/* 0392C 808B4C5C 0C22D272 */  jal     func_808B49C8              
/* 03930 808B4C60 8FA5005C */  lw      $a1, 0x005C($sp)           
/* 03934 808B4C64 10000021 */  beq     $zero, $zero, .L808B4CEC   
/* 03938 808B4C68 C60A0200 */  lwc1    $f10, 0x0200($s0)          ## 00000200
.L808B4C6C:
/* 0393C 808B4C6C 8602018E */  lh      $v0, 0x018E($s0)           ## 0000018E
/* 03940 808B4C70 3C064348 */  lui     $a2, 0x4348                ## $a2 = 43480000
/* 03944 808B4C74 28410029 */  slti    $at, $v0, 0x0029           
/* 03948 808B4C78 10200003 */  beq     $at, $zero, .L808B4C88     
/* 0394C 808B4C7C 30490001 */  andi    $t1, $v0, 0x0001           ## $t1 = 00000000
/* 03950 808B4C80 5120001A */  beql    $t1, $zero, .L808B4CEC     
/* 03954 808B4C84 C60A0200 */  lwc1    $f10, 0x0200($s0)          ## 00000200
.L808B4C88:
/* 03958 808B4C88 44806000 */  mtc1    $zero, $f12                ## $f12 = 0.00
/* 0395C 808B4C8C 24070001 */  addiu   $a3, $zero, 0x0001         ## $a3 = 00000001
/* 03960 808B4C90 0C0600A7 */  jal     func_8018029C              
/* 03964 808B4C94 46006386 */  mov.s   $f14, $f12                 
/* 03968 808B4C98 8E2202B0 */  lw      $v0, 0x02B0($s1)           ## 000002B0
/* 0396C 808B4C9C 3C0BDA38 */  lui     $t3, 0xDA38                ## $t3 = DA380000
/* 03970 808B4CA0 356B0003 */  ori     $t3, $t3, 0x0003           ## $t3 = DA380003
/* 03974 808B4CA4 244A0008 */  addiu   $t2, $v0, 0x0008           ## $t2 = 00000008
/* 03978 808B4CA8 AE2A02B0 */  sw      $t2, 0x02B0($s1)           ## 000002B0
/* 0397C 808B4CAC AC4B0000 */  sw      $t3, 0x0000($v0)           ## 00000000
/* 03980 808B4CB0 8FAC005C */  lw      $t4, 0x005C($sp)           
/* 03984 808B4CB4 8D840000 */  lw      $a0, 0x0000($t4)           ## 00000000
/* 03988 808B4CB8 0C060690 */  jal     func_80181A40              
/* 0398C 808B4CBC AFA2003C */  sw      $v0, 0x003C($sp)           
/* 03990 808B4CC0 8FA3003C */  lw      $v1, 0x003C($sp)           
/* 03994 808B4CC4 3C0EDE00 */  lui     $t6, 0xDE00                ## $t6 = DE000000
/* 03998 808B4CC8 AC620004 */  sw      $v0, 0x0004($v1)           ## 00000004
/* 0399C 808B4CCC 8E2202B0 */  lw      $v0, 0x02B0($s1)           ## 000002B0
/* 039A0 808B4CD0 3C0F0600 */  lui     $t7, 0x0600                ## $t7 = 06000000
/* 039A4 808B4CD4 25EF3070 */  addiu   $t7, $t7, 0x3070           ## $t7 = 06003070
/* 039A8 808B4CD8 244D0008 */  addiu   $t5, $v0, 0x0008           ## $t5 = 00000008
/* 039AC 808B4CDC AE2D02B0 */  sw      $t5, 0x02B0($s1)           ## 000002B0
/* 039B0 808B4CE0 AC4F0004 */  sw      $t7, 0x0004($v0)           ## 00000004
/* 039B4 808B4CE4 AC4E0000 */  sw      $t6, 0x0000($v0)           ## 00000000
/* 039B8 808B4CE8 C60A0200 */  lwc1    $f10, 0x0200($s0)          ## 00000200
.L808B4CEC:
/* 039BC 808B4CEC C61001F8 */  lwc1    $f16, 0x01F8($s0)          ## 000001F8
/* 039C0 808B4CF0 8FA4005C */  lw      $a0, 0x005C($sp)           
/* 039C4 808B4CF4 02002825 */  or      $a1, $s0, $zero            ## $a1 = 00000000
/* 039C8 808B4CF8 46105482 */  mul.s   $f18, $f10, $f16           
/* 039CC 808B4CFC 8FA60030 */  lw      $a2, 0x0030($sp)           
/* 039D0 808B4D00 24070004 */  addiu   $a3, $zero, 0x0004         ## $a3 = 00000004
/* 039D4 808B4D04 E7B20010 */  swc1    $f18, 0x0010($sp)          
/* 039D8 808B4D08 C6040204 */  lwc1    $f4, 0x0204($s0)           ## 00000204
/* 039DC 808B4D0C E7A40014 */  swc1    $f4, 0x0014($sp)           
/* 039E0 808B4D10 C60601FC */  lwc1    $f6, 0x01FC($s0)           ## 000001FC
/* 039E4 808B4D14 E7A60018 */  swc1    $f6, 0x0018($sp)           
/* 039E8 808B4D18 9218018C */  lbu     $t8, 0x018C($s0)           ## 0000018C
/* 039EC 808B4D1C 0C02F9A0 */  jal     func_800BE680              
/* 039F0 808B4D20 AFB8001C */  sw      $t8, 0x001C($sp)           
/* 039F4 808B4D24 8FBF002C */  lw      $ra, 0x002C($sp)           
/* 039F8 808B4D28 8FB00024 */  lw      $s0, 0x0024($sp)           
/* 039FC 808B4D2C 8FB10028 */  lw      $s1, 0x0028($sp)           
/* 03A00 808B4D30 03E00008 */  jr      $ra                        
/* 03A04 808B4D34 27BD0058 */  addiu   $sp, $sp, 0x0058           ## $sp = 00000000
/* 03A08 808B4D38 00000000 */  nop
/* 03A0C 808B4D3C 00000000 */  nop

.section .data

D_808B4D40: .word 0x00330500, 0x00000405, 0x00310000, 0x0000041C
.word func_808B1330
.word func_808B1504
.word func_808B42FC
.word func_808B4AF8
D_808B4D60: .word \
0x00000000, 0xF7CFFFFF, 0x00080000, 0xF7CFFFFF, \
0x00000000, 0x09050100, 0x01000000, 0x006403E8, \
0x000F0064, 0x00000000, 0x00000000, 0x00000000, \
0xF7CFFFFF, 0x00000000, 0x00000100, 0x33000000, \
0x000005DC, 0x00080064, 0x00000000, 0x00000000, \
0x00000000, 0xF7CFFFFF, 0x00000000, 0x00000000, \
0x34000000, 0x000001F4, 0x00080064, 0x00000000, \
0x00000000, 0x00000000, 0xF7CFFFFF, 0x00000000, \
0x00000000, 0x35000000, 0x000005DC, 0x00080064, \
0x00000000, 0x00000000, 0x00000000, 0xF7CFFFFF, \
0x00000000, 0x00000000, 0x36000000, 0x000001F4, \
0x00080064, 0x00000000, 0x00000000, 0x00000000, \
0xF7CFFFFF, 0x00000000, 0x00000000, 0x37000000, \
0x000005DC, 0x00080064, 0x00000000, 0x00000000, \
0x00000000, 0xF7CFFFFF, 0x00000000, 0x00000000, \
0x38000000, 0x000001F4, 0x00080064
D_808B4E5C: .word 0x06110939, 0x10000000, 0x00000007
.word D_808B4D60
D_808B4E6C: .word 0x02000019, 0x0019FF00
D_808B4E74: .word \
0x10030101, 0xF10300D0, 0x02F10421, 0x334301F1, \
0x03021050, 0x00000101, 0xF1000000, 0x00000001
D_808B4E94: .word 0x305405DC
D_808B4E98: .word 0x69FF69FF
D_808B4E9C: .word 0x96FA9600
D_808B4EA0: .word 0x06001330, 0x06001628, 0x06001828, 0x00000000

.section .rodata

D_808B4EB0: .word 0x3E99999A
D_808B4EB4: .word 0x3E4CCCCD
D_808B4EB8: .word 0x3C23D70A
D_808B4EBC: .word 0x3D888889
D_808B4EC0: .word 0x3C23D70A
D_808B4EC4: .word 0x3F333333
D_808B4EC8: .word 0x3D888889
D_808B4ECC: .word 0x40490FDB
D_808B4ED0: .word 0x3C23D70A
D_808B4ED4: .word 0x3D088889
D_808B4ED8: .word 0x3F333333
D_808B4EDC: .word 0x3D072B02
D_808B4EE0: .word 0x40490FDB
D_808B4EE4: .word 0x3C23D70A
D_808B4EE8: .word 0xBF4CCCCD
D_808B4EEC: .word 0x3DCCCCCD
D_808B4EF0: .word 0x3BA3D70A
D_808B4EF4: .word 0x3DCCCCCD
D_808B4EF8: .word 0x3C23D70A
D_808B4EFC: .word 0x3F4CCCCD
D_808B4F00: .word 0x471C4000
D_808B4F04: .word 0x3C23D70A
D_808B4F08: .word 0x3C23D70A
D_808B4F0C: .word 0x3E19999A
D_808B4F10: .word 0x3C23D70A, 0x00000000, 0x00000000, 0x00000000


.section .rodata
D_808B4F20:
.incbin "baserom/En_Dekubaba", 0x3BF0, 0x00000310
