.include "macro.inc"

# assembler directives
.set noat      # allow manual use of $at
.set noreorder # don't insert nops after branches
.set gp=64     # allow use of 64-bit general purpose registers

.section .text
glabel func_80A514F0
/* 00000 80A514F0 27BDFFC8 */  addiu   $sp, $sp, 0xFFC8           ## $sp = FFFFFFC8
/* 00004 80A514F4 AFA5003C */  sw      $a1, 0x003C($sp)           
/* 00008 80A514F8 00052C00 */  sll     $a1, $a1, 16               
/* 0000C 80A514FC 00052C03 */  sra     $a1, $a1, 16               
/* 00010 80A51500 AFBF0024 */  sw      $ra, 0x0024($sp)           
/* 00014 80A51504 AFA40038 */  sw      $a0, 0x0038($sp)           
/* 00018 80A51508 04A00029 */  bltz    $a1, .L80A515B0            
/* 0001C 80A5150C 00004825 */  or      $t1, $zero, $zero          ## $t1 = 00000000
/* 00020 80A51510 28A10024 */  slti    $at, $a1, 0x0024           
/* 00024 80A51514 10200026 */  beq     $at, $zero, .L80A515B0     
/* 00028 80A51518 00057100 */  sll     $t6, $a1,  4               
/* 0002C 80A5151C 3C0F80A5 */  lui     $t7, %hi(D_80A5221C)       ## $t7 = 80A50000
/* 00030 80A51520 25EF221C */  addiu   $t7, $t7, %lo(D_80A5221C)  ## $t7 = 80A5221C
/* 00034 80A51524 01CF1821 */  addu    $v1, $t6, $t7              
/* 00038 80A51528 8468000A */  lh      $t0, 0x000A($v1)           ## 0000000A
/* 0003C 80A5152C 24090001 */  addiu   $t1, $zero, 0x0001         ## $t1 = 00000001
/* 00040 80A51530 0503000A */  bgezl   $t0, .L80A5155C            
/* 00044 80A51534 84620008 */  lh      $v0, 0x0008($v1)           ## 00000008
/* 00048 80A51538 8C640000 */  lw      $a0, 0x0000($v1)           ## 00000000
/* 0004C 80A5153C AFA3002C */  sw      $v1, 0x002C($sp)           
/* 00050 80A51540 0C04D1D2 */  jal     func_80134748              
/* 00054 80A51544 AFA90030 */  sw      $t1, 0x0030($sp)           
/* 00058 80A51548 00024400 */  sll     $t0, $v0, 16               
/* 0005C 80A5154C 00084403 */  sra     $t0, $t0, 16               
/* 00060 80A51550 8FA3002C */  lw      $v1, 0x002C($sp)           
/* 00064 80A51554 8FA90030 */  lw      $t1, 0x0030($sp)           
/* 00068 80A51558 84620008 */  lh      $v0, 0x0008($v1)           ## 00000008
.L80A5155C:
/* 0006C 80A5155C 44883000 */  mtc1    $t0, $f6                   ## $f6 = 0.00
/* 00070 80A51560 04410003 */  bgez    $v0, .L80A51570            
/* 00074 80A51564 46803220 */  cvt.s.w $f8, $f6                   
/* 00078 80A51568 00081400 */  sll     $v0, $t0, 16               
/* 0007C 80A5156C 00021403 */  sra     $v0, $v0, 16               
.L80A51570:
/* 00080 80A51570 8479000E */  lh      $t9, 0x000E($v1)           ## 0000000E
/* 00084 80A51574 44822000 */  mtc1    $v0, $f4                   ## $f4 = 0.00
/* 00088 80A51578 9078000C */  lbu     $t8, 0x000C($v1)           ## 0000000C
/* 0008C 80A5157C 44995000 */  mtc1    $t9, $f10                  ## $f10 = 0.00
/* 00090 80A51580 46802120 */  cvt.s.w $f4, $f4                   
/* 00094 80A51584 8FA40038 */  lw      $a0, 0x0038($sp)           
/* 00098 80A51588 8C650000 */  lw      $a1, 0x0000($v1)           ## 00000000
/* 0009C 80A5158C 8C660004 */  lw      $a2, 0x0004($v1)           ## 00000004
/* 000A0 80A51590 E7A80010 */  swc1    $f8, 0x0010($sp)           
/* 000A4 80A51594 46805420 */  cvt.s.w $f16, $f10                 
/* 000A8 80A51598 44072000 */  mfc1    $a3, $f4                   
/* 000AC 80A5159C AFA90030 */  sw      $t1, 0x0030($sp)           
/* 000B0 80A515A0 AFB80014 */  sw      $t8, 0x0014($sp)           
/* 000B4 80A515A4 0C04DCFA */  jal     func_801373E8              
/* 000B8 80A515A8 E7B00018 */  swc1    $f16, 0x0018($sp)          
/* 000BC 80A515AC 8FA90030 */  lw      $t1, 0x0030($sp)           
.L80A515B0:
/* 000C0 80A515B0 01201025 */  or      $v0, $t1, $zero            ## $v0 = 00000000
/* 000C4 80A515B4 8FBF0024 */  lw      $ra, 0x0024($sp)           
/* 000C8 80A515B8 27BD0038 */  addiu   $sp, $sp, 0x0038           ## $sp = 00000000
/* 000CC 80A515BC 03E00008 */  jr      $ra                        
/* 000D0 80A515C0 00000000 */  nop


glabel func_80A515C4
/* 000D4 80A515C4 27BDFFE8 */  addiu   $sp, $sp, 0xFFE8           ## $sp = FFFFFFE8
/* 000D8 80A515C8 AFBF0014 */  sw      $ra, 0x0014($sp)           
/* 000DC 80A515CC 00803025 */  or      $a2, $a0, $zero            ## $a2 = 00000000
/* 000E0 80A515D0 84C2029E */  lh      $v0, 0x029E($a2)           ## 0000029E
/* 000E4 80A515D4 00002825 */  or      $a1, $zero, $zero          ## $a1 = 00000000
/* 000E8 80A515D8 14400003 */  bne     $v0, $zero, .L80A515E8     
/* 000EC 80A515DC 244EFFFF */  addiu   $t6, $v0, 0xFFFF           ## $t6 = FFFFFFFF
/* 000F0 80A515E0 10000003 */  beq     $zero, $zero, .L80A515F0   
/* 000F4 80A515E4 00001825 */  or      $v1, $zero, $zero          ## $v1 = 00000000
.L80A515E8:
/* 000F8 80A515E8 A4CE029E */  sh      $t6, 0x029E($a2)           ## 0000029E
/* 000FC 80A515EC 84C3029E */  lh      $v1, 0x029E($a2)           ## 0000029E
.L80A515F0:
/* 00100 80A515F0 54600011 */  bnel    $v1, $zero, .L80A51638     
/* 00104 80A515F4 00A01025 */  or      $v0, $a1, $zero            ## $v0 = 00000000
/* 00108 80A515F8 84CF02A0 */  lh      $t7, 0x02A0($a2)           ## 000002A0
/* 0010C 80A515FC 24040014 */  addiu   $a0, $zero, 0x0014         ## $a0 = 00000014
/* 00110 80A51600 24050014 */  addiu   $a1, $zero, 0x0014         ## $a1 = 00000014
/* 00114 80A51604 25F80001 */  addiu   $t8, $t7, 0x0001           ## $t8 = 00000001
/* 00118 80A51608 A4D802A0 */  sh      $t8, 0x02A0($a2)           ## 000002A0
/* 0011C 80A5160C 84D902A0 */  lh      $t9, 0x02A0($a2)           ## 000002A0
/* 00120 80A51610 2B210003 */  slti    $at, $t9, 0x0003           
/* 00124 80A51614 54200007 */  bnel    $at, $zero, .L80A51634     
/* 00128 80A51618 24050001 */  addiu   $a1, $zero, 0x0001         ## $a1 = 00000001
/* 0012C 80A5161C 0C03FD14 */  jal     func_800FF450              
/* 00130 80A51620 AFA60018 */  sw      $a2, 0x0018($sp)           
/* 00134 80A51624 8FA60018 */  lw      $a2, 0x0018($sp)           
/* 00138 80A51628 A4C2029E */  sh      $v0, 0x029E($a2)           ## 0000029E
/* 0013C 80A5162C A4C002A0 */  sh      $zero, 0x02A0($a2)         ## 000002A0
/* 00140 80A51630 24050001 */  addiu   $a1, $zero, 0x0001         ## $a1 = 00000001
.L80A51634:
/* 00144 80A51634 00A01025 */  or      $v0, $a1, $zero            ## $v0 = 00000001
.L80A51638:
/* 00148 80A51638 8FBF0014 */  lw      $ra, 0x0014($sp)           
/* 0014C 80A5163C 27BD0018 */  addiu   $sp, $sp, 0x0018           ## $sp = 00000000
/* 00150 80A51640 03E00008 */  jr      $ra                        
/* 00154 80A51644 00000000 */  nop


glabel func_80A51648
/* 00158 80A51648 27BDFFC8 */  addiu   $sp, $sp, 0xFFC8           ## $sp = FFFFFFC8
/* 0015C 80A5164C AFB20030 */  sw      $s2, 0x0030($sp)           
/* 00160 80A51650 AFB00028 */  sw      $s0, 0x0028($sp)           
/* 00164 80A51654 00808025 */  or      $s0, $a0, $zero            ## $s0 = 00000000
/* 00168 80A51658 00A09025 */  or      $s2, $a1, $zero            ## $s2 = 00000000
/* 0016C 80A5165C AFBF0034 */  sw      $ra, 0x0034($sp)           
/* 00170 80A51660 AFB1002C */  sw      $s1, 0x002C($sp)           
/* 00174 80A51664 8204028E */  lb      $a0, 0x028E($s0)           ## 0000028E
/* 00178 80A51668 0C04F637 */  jal     func_8013D8DC              
/* 0017C 80A5166C 02402825 */  or      $a1, $s2, $zero            ## $a1 = 00000000
/* 00180 80A51670 24110001 */  addiu   $s1, $zero, 0x0001         ## $s1 = 00000001
/* 00184 80A51674 14510080 */  bne     $v0, $s1, .L80A51878       
/* 00188 80A51678 3C190001 */  lui     $t9, 0x0001                ## $t9 = 00010000
/* 0018C 80A5167C 820E028E */  lb      $t6, 0x028E($s0)           ## 0000028E
/* 00190 80A51680 3C018000 */  lui     $at, 0x8000                ## $at = 80000000
/* 00194 80A51684 3C0980A5 */  lui     $t1, %hi(func_80A52018)    ## $t1 = 80A50000
/* 00198 80A51688 000E7900 */  sll     $t7, $t6,  4               
/* 0019C 80A5168C 01EE7821 */  addu    $t7, $t7, $t6              
/* 001A0 80A51690 000F7880 */  sll     $t7, $t7,  2               
/* 001A4 80A51694 024FC021 */  addu    $t8, $s2, $t7              
/* 001A8 80A51698 0338C821 */  addu    $t9, $t9, $t8              
/* 001AC 80A5169C 8F397D98 */  lw      $t9, 0x7D98($t9)           ## 00017D98
/* 001B0 80A516A0 25292018 */  addiu   $t1, $t1, %lo(func_80A52018) ## $t1 = 80A52018
/* 001B4 80A516A4 260400BC */  addiu   $a0, $s0, 0x00BC           ## $a0 = 000000BC
/* 001B8 80A516A8 03214021 */  addu    $t0, $t9, $at              
/* 001BC 80A516AC 3C018020 */  lui     $at, 0x8020                ## $at = 80200000
/* 001C0 80A516B0 AC288198 */  sw      $t0, -0x7E68($at)          ## 801F8198
/* 001C4 80A516B4 820A028E */  lb      $t2, 0x028E($s0)           ## 0000028E
/* 001C8 80A516B8 AE09013C */  sw      $t1, 0x013C($s0)           ## 0000013C
/* 001CC 80A516BC 24050000 */  addiu   $a1, $zero, 0x0000         ## $a1 = 00000000
/* 001D0 80A516C0 00003025 */  or      $a2, $zero, $zero          ## $a2 = 00000000
/* 001D4 80A516C4 3C074190 */  lui     $a3, 0x4190                ## $a3 = 41900000
/* 001D8 80A516C8 0C02CEE9 */  jal     func_800B3BA4              
/* 001DC 80A516CC A20A001E */  sb      $t2, 0x001E($s0)           ## 0000001E
/* 001E0 80A516D0 8602001C */  lh      $v0, 0x001C($s0)           ## 0000001C
/* 001E4 80A516D4 3C060600 */  lui     $a2, 0x0600                ## $a2 = 06000000
/* 001E8 80A516D8 24C62848 */  addiu   $a2, $a2, 0x2848           ## $a2 = 06002848
/* 001EC 80A516DC 30420003 */  andi    $v0, $v0, 0x0003           ## $v0 = 00000000
/* 001F0 80A516E0 10400008 */  beq     $v0, $zero, .L80A51704     
/* 001F4 80A516E4 02402025 */  or      $a0, $s2, $zero            ## $a0 = 00000000
/* 001F8 80A516E8 10510015 */  beq     $v0, $s1, .L80A51740       
/* 001FC 80A516EC 02402025 */  or      $a0, $s2, $zero            ## $a0 = 00000000
/* 00200 80A516F0 24010002 */  addiu   $at, $zero, 0x0002         ## $at = 00000002
/* 00204 80A516F4 10410023 */  beq     $v0, $at, .L80A51784       
/* 00208 80A516F8 02402025 */  or      $a0, $s2, $zero            ## $a0 = 00000000
/* 0020C 80A516FC 10000031 */  beq     $zero, $zero, .L80A517C4   
/* 00210 80A51700 26110190 */  addiu   $s1, $s0, 0x0190           ## $s1 = 00000190
.L80A51704:
/* 00214 80A51704 26110144 */  addiu   $s1, $s0, 0x0144           ## $s1 = 00000144
/* 00218 80A51708 260B01DC */  addiu   $t3, $s0, 0x01DC           ## $t3 = 000001DC
/* 0021C 80A5170C 260C021E */  addiu   $t4, $s0, 0x021E           ## $t4 = 0000021E
/* 00220 80A51710 240D000B */  addiu   $t5, $zero, 0x000B         ## $t5 = 0000000B
/* 00224 80A51714 AFAD0018 */  sw      $t5, 0x0018($sp)           
/* 00228 80A51718 AFAC0014 */  sw      $t4, 0x0014($sp)           
/* 0022C 80A5171C AFAB0010 */  sw      $t3, 0x0010($sp)           
/* 00230 80A51720 02202825 */  or      $a1, $s1, $zero            ## $a1 = 00000144
/* 00234 80A51724 0C04DA9F */  jal     func_80136A7C              
/* 00238 80A51728 00003825 */  or      $a3, $zero, $zero          ## $a3 = 00000000
/* 0023C 80A5172C 02202025 */  or      $a0, $s1, $zero            ## $a0 = 00000144
/* 00240 80A51730 0C29453C */  jal     func_80A514F0              
/* 00244 80A51734 24050007 */  addiu   $a1, $zero, 0x0007         ## $a1 = 00000007
/* 00248 80A51738 10000022 */  beq     $zero, $zero, .L80A517C4   
/* 0024C 80A5173C 26110190 */  addiu   $s1, $s0, 0x0190           ## $s1 = 00000190
.L80A51740:
/* 00250 80A51740 26110144 */  addiu   $s1, $s0, 0x0144           ## $s1 = 00000144
/* 00254 80A51744 3C060600 */  lui     $a2, 0x0600                ## $a2 = 06000000
/* 00258 80A51748 260E01DC */  addiu   $t6, $s0, 0x01DC           ## $t6 = 000001DC
/* 0025C 80A5174C 260F021E */  addiu   $t7, $s0, 0x021E           ## $t7 = 0000021E
/* 00260 80A51750 2418000A */  addiu   $t8, $zero, 0x000A         ## $t8 = 0000000A
/* 00264 80A51754 AFB80018 */  sw      $t8, 0x0018($sp)           
/* 00268 80A51758 AFAF0014 */  sw      $t7, 0x0014($sp)           
/* 0026C 80A5175C AFAE0010 */  sw      $t6, 0x0010($sp)           
/* 00270 80A51760 24C623B8 */  addiu   $a2, $a2, 0x23B8           ## $a2 = 060023B8
/* 00274 80A51764 02202825 */  or      $a1, $s1, $zero            ## $a1 = 00000144
/* 00278 80A51768 0C04DA9F */  jal     func_80136A7C              
/* 0027C 80A5176C 00003825 */  or      $a3, $zero, $zero          ## $a3 = 00000000
/* 00280 80A51770 02202025 */  or      $a0, $s1, $zero            ## $a0 = 00000144
/* 00284 80A51774 0C29453C */  jal     func_80A514F0              
/* 00288 80A51778 24050012 */  addiu   $a1, $zero, 0x0012         ## $a1 = 00000012
/* 0028C 80A5177C 10000011 */  beq     $zero, $zero, .L80A517C4   
/* 00290 80A51780 26110190 */  addiu   $s1, $s0, 0x0190           ## $s1 = 00000190
.L80A51784:
/* 00294 80A51784 26110144 */  addiu   $s1, $s0, 0x0144           ## $s1 = 00000144
/* 00298 80A51788 3C060600 */  lui     $a2, 0x0600                ## $a2 = 06000000
/* 0029C 80A5178C 261901DC */  addiu   $t9, $s0, 0x01DC           ## $t9 = 000001DC
/* 002A0 80A51790 2608021E */  addiu   $t0, $s0, 0x021E           ## $t0 = 0000021E
/* 002A4 80A51794 2409000A */  addiu   $t1, $zero, 0x000A         ## $t1 = 0000000A
/* 002A8 80A51798 AFA90018 */  sw      $t1, 0x0018($sp)           
/* 002AC 80A5179C AFA80014 */  sw      $t0, 0x0014($sp)           
/* 002B0 80A517A0 AFB90010 */  sw      $t9, 0x0010($sp)           
/* 002B4 80A517A4 24C62468 */  addiu   $a2, $a2, 0x2468           ## $a2 = 06002468
/* 002B8 80A517A8 02202825 */  or      $a1, $s1, $zero            ## $a1 = 00000144
/* 002BC 80A517AC 0C04DA9F */  jal     func_80136A7C              
/* 002C0 80A517B0 00003825 */  or      $a3, $zero, $zero          ## $a3 = 00000000
/* 002C4 80A517B4 02202025 */  or      $a0, $s1, $zero            ## $a0 = 00000144
/* 002C8 80A517B8 0C29453C */  jal     func_80A514F0              
/* 002CC 80A517BC 24050023 */  addiu   $a1, $zero, 0x0023         ## $a1 = 00000023
/* 002D0 80A517C0 26110190 */  addiu   $s1, $s0, 0x0190           ## $s1 = 00000190
.L80A517C4:
/* 002D4 80A517C4 02202825 */  or      $a1, $s1, $zero            ## $a1 = 00000190
/* 002D8 80A517C8 0C038467 */  jal     func_800E119C              
/* 002DC 80A517CC 02402025 */  or      $a0, $s2, $zero            ## $a0 = 00000000
/* 002E0 80A517D0 3C0780A5 */  lui     $a3, %hi(D_80A521C4)       ## $a3 = 80A50000
/* 002E4 80A517D4 24E721C4 */  addiu   $a3, $a3, %lo(D_80A521C4)  ## $a3 = 80A521C4
/* 002E8 80A517D8 02402025 */  or      $a0, $s2, $zero            ## $a0 = 00000000
/* 002EC 80A517DC 02202825 */  or      $a1, $s1, $zero            ## $a1 = 00000190
/* 002F0 80A517E0 0C0384C3 */  jal     func_800E130C              
/* 002F4 80A517E4 02003025 */  or      $a2, $s0, $zero            ## $a2 = 00000000
/* 002F8 80A517E8 3C0580A5 */  lui     $a1, %hi(D_80A521FC)       ## $a1 = 80A50000
/* 002FC 80A517EC 3C0680A5 */  lui     $a2, %hi(D_80A521F0)       ## $a2 = 80A50000
/* 00300 80A517F0 24C621F0 */  addiu   $a2, $a2, %lo(D_80A521F0)  ## $a2 = 80A521F0
/* 00304 80A517F4 24A521FC */  addiu   $a1, $a1, %lo(D_80A521FC)  ## $a1 = 80A521FC
/* 00308 80A517F8 0C039D57 */  jal     func_800E755C              
/* 0030C 80A517FC 260400A0 */  addiu   $a0, $s0, 0x00A0           ## $a0 = 000000A0
/* 00310 80A51800 860A001C */  lh      $t2, 0x001C($s0)           ## 0000001C
/* 00314 80A51804 24010004 */  addiu   $at, $zero, 0x0004         ## $at = 00000004
/* 00318 80A51808 3C0980A5 */  lui     $t1, %hi(func_80A518DC)    ## $t1 = 80A50000
/* 0031C 80A5180C 314B003C */  andi    $t3, $t2, 0x003C           ## $t3 = 00000000
/* 00320 80A51810 15610010 */  bne     $t3, $at, .L80A51854       
/* 00324 80A51814 252918DC */  addiu   $t1, $t1, %lo(func_80A518DC) ## $t1 = 80A518DC
/* 00328 80A51818 8E0C0004 */  lw      $t4, 0x0004($s0)           ## 00000004
/* 0032C 80A5181C 2401FFFE */  addiu   $at, $zero, 0xFFFE         ## $at = FFFFFFFE
/* 00330 80A51820 3C1880A5 */  lui     $t8, %hi(func_80A51890)    ## $t8 = 80A50000
/* 00334 80A51824 01816824 */  and     $t5, $t4, $at              
/* 00338 80A51828 AE0D0004 */  sw      $t5, 0x0004($s0)           ## 00000004
/* 0033C 80A5182C 35AF0030 */  ori     $t7, $t5, 0x0030           ## $t7 = 00000030
/* 00340 80A51830 27181890 */  addiu   $t8, $t8, %lo(func_80A51890) ## $t8 = 80A51890
/* 00344 80A51834 3C053DCC */  lui     $a1, 0x3DCC                ## $a1 = 3DCC0000
/* 00348 80A51838 AE0F0004 */  sw      $t7, 0x0004($s0)           ## 00000004
/* 0034C 80A5183C AE180188 */  sw      $t8, 0x0188($s0)           ## 00000188
/* 00350 80A51840 34A5CCCD */  ori     $a1, $a1, 0xCCCD           ## $a1 = 3DCCCCCD
/* 00354 80A51844 0C02D9F8 */  jal     func_800B67E0              
/* 00358 80A51848 02002025 */  or      $a0, $s0, $zero            ## $a0 = 00000000
/* 0035C 80A5184C 1000000B */  beq     $zero, $zero, .L80A5187C   
/* 00360 80A51850 8FBF0034 */  lw      $ra, 0x0034($sp)           
.L80A51854:
/* 00364 80A51854 8E190004 */  lw      $t9, 0x0004($s0)           ## 00000004
/* 00368 80A51858 2401FFFE */  addiu   $at, $zero, 0xFFFE         ## $at = FFFFFFFE
/* 0036C 80A5185C 3C053C23 */  lui     $a1, 0x3C23                ## $a1 = 3C230000
/* 00370 80A51860 03214024 */  and     $t0, $t9, $at              
/* 00374 80A51864 AE080004 */  sw      $t0, 0x0004($s0)           ## 00000004
/* 00378 80A51868 AE090188 */  sw      $t1, 0x0188($s0)           ## 00000188
/* 0037C 80A5186C 34A5D70A */  ori     $a1, $a1, 0xD70A           ## $a1 = 3C23D70A
/* 00380 80A51870 0C02D9F8 */  jal     func_800B67E0              
/* 00384 80A51874 02002025 */  or      $a0, $s0, $zero            ## $a0 = 00000000
.L80A51878:
/* 00388 80A51878 8FBF0034 */  lw      $ra, 0x0034($sp)           
.L80A5187C:
/* 0038C 80A5187C 8FB00028 */  lw      $s0, 0x0028($sp)           
/* 00390 80A51880 8FB1002C */  lw      $s1, 0x002C($sp)           
/* 00394 80A51884 8FB20030 */  lw      $s2, 0x0030($sp)           
/* 00398 80A51888 03E00008 */  jr      $ra                        
/* 0039C 80A5188C 27BD0038 */  addiu   $sp, $sp, 0x0038           ## $sp = 00000000


glabel func_80A51890
/* 003A0 80A51890 27BDFFE8 */  addiu   $sp, $sp, 0xFFE8           ## $sp = FFFFFFE8
/* 003A4 80A51894 AFBF0014 */  sw      $ra, 0x0014($sp)           
/* 003A8 80A51898 AFA40018 */  sw      $a0, 0x0018($sp)           
/* 003AC 80A5189C AFA5001C */  sw      $a1, 0x001C($sp)           
/* 003B0 80A518A0 8FA4001C */  lw      $a0, 0x001C($sp)           
/* 003B4 80A518A4 0C03B8A7 */  jal     func_800EE29C              
/* 003B8 80A518A8 2405007E */  addiu   $a1, $zero, 0x007E         ## $a1 = 0000007E
/* 003BC 80A518AC 10400007 */  beq     $v0, $zero, .L80A518CC     
/* 003C0 80A518B0 8FA4001C */  lw      $a0, 0x001C($sp)           
/* 003C4 80A518B4 0C03B880 */  jal     func_800EE200              
/* 003C8 80A518B8 2405007E */  addiu   $a1, $zero, 0x007E         ## $a1 = 0000007E
/* 003CC 80A518BC 8FA40018 */  lw      $a0, 0x0018($sp)           
/* 003D0 80A518C0 8FA5001C */  lw      $a1, 0x001C($sp)           
/* 003D4 80A518C4 0C03B7C9 */  jal     func_800EDF24              
/* 003D8 80A518C8 00403025 */  or      $a2, $v0, $zero            ## $a2 = 00000000
.L80A518CC:
/* 003DC 80A518CC 8FBF0014 */  lw      $ra, 0x0014($sp)           
/* 003E0 80A518D0 27BD0018 */  addiu   $sp, $sp, 0x0018           ## $sp = 00000000
/* 003E4 80A518D4 03E00008 */  jr      $ra                        
/* 003E8 80A518D8 00000000 */  nop


glabel func_80A518DC
/* 003EC 80A518DC AFA40000 */  sw      $a0, 0x0000($sp)           
/* 003F0 80A518E0 AFA50004 */  sw      $a1, 0x0004($sp)           
/* 003F4 80A518E4 03E00008 */  jr      $ra                        
/* 003F8 80A518E8 00000000 */  nop


glabel func_80A518EC
/* 003FC 80A518EC 27BDFFE0 */  addiu   $sp, $sp, 0xFFE0           ## $sp = FFFFFFE0
/* 00400 80A518F0 AFB00018 */  sw      $s0, 0x0018($sp)           
/* 00404 80A518F4 00808025 */  or      $s0, $a0, $zero            ## $s0 = 00000000
/* 00408 80A518F8 AFBF001C */  sw      $ra, 0x001C($sp)           
/* 0040C 80A518FC 8602001C */  lh      $v0, 0x001C($s0)           ## 0000001C
/* 00410 80A51900 240EFFFF */  addiu   $t6, $zero, 0xFFFF         ## $t6 = FFFFFFFF
/* 00414 80A51904 A20E028E */  sb      $t6, 0x028E($s0)           ## 0000028E
/* 00418 80A51908 30420003 */  andi    $v0, $v0, 0x0003           ## $v0 = 00000000
/* 0041C 80A5190C 1040000B */  beq     $v0, $zero, .L80A5193C     
/* 00420 80A51910 24010001 */  addiu   $at, $zero, 0x0001         ## $at = 00000001
/* 00424 80A51914 10410005 */  beq     $v0, $at, .L80A5192C       
/* 00428 80A51918 24010002 */  addiu   $at, $zero, 0x0002         ## $at = 00000002
/* 0042C 80A5191C 1041000B */  beq     $v0, $at, .L80A5194C       
/* 00430 80A51920 00000000 */  nop
/* 00434 80A51924 1000000D */  beq     $zero, $zero, .L80A5195C   
/* 00438 80A51928 820F028E */  lb      $t7, 0x028E($s0)           ## 0000028E
.L80A5192C:
/* 0043C 80A5192C 0C04F649 */  jal     func_8013D924              
/* 00440 80A51930 2404012B */  addiu   $a0, $zero, 0x012B         ## $a0 = 0000012B
/* 00444 80A51934 10000008 */  beq     $zero, $zero, .L80A51958   
/* 00448 80A51938 A202028E */  sb      $v0, 0x028E($s0)           ## 0000028E
.L80A5193C:
/* 0044C 80A5193C 0C04F649 */  jal     func_8013D924              
/* 00450 80A51940 24040135 */  addiu   $a0, $zero, 0x0135         ## $a0 = 00000135
/* 00454 80A51944 10000004 */  beq     $zero, $zero, .L80A51958   
/* 00458 80A51948 A202028E */  sb      $v0, 0x028E($s0)           ## 0000028E
.L80A5194C:
/* 0045C 80A5194C 0C04F649 */  jal     func_8013D924              
/* 00460 80A51950 24040040 */  addiu   $a0, $zero, 0x0040         ## $a0 = 00000040
/* 00464 80A51954 A202028E */  sb      $v0, 0x028E($s0)           ## 0000028E
.L80A51958:
/* 00468 80A51958 820F028E */  lb      $t7, 0x028E($s0)           ## 0000028E
.L80A5195C:
/* 0046C 80A5195C 3C1880A5 */  lui     $t8, %hi(func_80A51648)    ## $t8 = 80A50000
/* 00470 80A51960 27181648 */  addiu   $t8, $t8, %lo(func_80A51648) ## $t8 = 80A51648
/* 00474 80A51964 05E00003 */  bltz    $t7, .L80A51974            
/* 00478 80A51968 00000000 */  nop
/* 0047C 80A5196C 10000003 */  beq     $zero, $zero, .L80A5197C   
/* 00480 80A51970 AE180188 */  sw      $t8, 0x0188($s0)           ## 00000188
.L80A51974:
/* 00484 80A51974 0C02D9C3 */  jal     func_800B670C              
/* 00488 80A51978 02002025 */  or      $a0, $s0, $zero            ## $a0 = 00000000
.L80A5197C:
/* 0048C 80A5197C 3C0280A5 */  lui     $v0, %hi(D_80A521A0)       ## $v0 = 80A50000
/* 00490 80A51980 244221A0 */  addiu   $v0, $v0, %lo(D_80A521A0)  ## $v0 = 80A521A0
/* 00494 80A51984 84590000 */  lh      $t9, 0x0000($v0)           ## 80A521A0
/* 00498 80A51988 A61902A2 */  sh      $t9, 0x02A2($s0)           ## 000002A2
/* 0049C 80A5198C 84480000 */  lh      $t0, 0x0000($v0)           ## 80A521A0
/* 004A0 80A51990 25090001 */  addiu   $t1, $t0, 0x0001           ## $t1 = 00000001
/* 004A4 80A51994 A4490000 */  sh      $t1, 0x0000($v0)           ## 80A521A0
/* 004A8 80A51998 8FBF001C */  lw      $ra, 0x001C($sp)           
/* 004AC 80A5199C 8FB00018 */  lw      $s0, 0x0018($sp)           
/* 004B0 80A519A0 03E00008 */  jr      $ra                        
/* 004B4 80A519A4 27BD0020 */  addiu   $sp, $sp, 0x0020           ## $sp = 00000000


glabel func_80A519A8
/* 004B8 80A519A8 27BDFFE8 */  addiu   $sp, $sp, 0xFFE8           ## $sp = FFFFFFE8
/* 004BC 80A519AC AFBF0014 */  sw      $ra, 0x0014($sp)           
/* 004C0 80A519B0 00803025 */  or      $a2, $a0, $zero            ## $a2 = 00000000
/* 004C4 80A519B4 00A03825 */  or      $a3, $a1, $zero            ## $a3 = 00000000
/* 004C8 80A519B8 00E02025 */  or      $a0, $a3, $zero            ## $a0 = 00000000
/* 004CC 80A519BC 0C03847B */  jal     func_800E11EC              
/* 004D0 80A519C0 24C50190 */  addiu   $a1, $a2, 0x0190           ## $a1 = 00000190
/* 004D4 80A519C4 8FBF0014 */  lw      $ra, 0x0014($sp)           
/* 004D8 80A519C8 27BD0018 */  addiu   $sp, $sp, 0x0018           ## $sp = 00000000
/* 004DC 80A519CC 03E00008 */  jr      $ra                        
/* 004E0 80A519D0 00000000 */  nop


glabel func_80A519D4
/* 004E4 80A519D4 27BDFFD0 */  addiu   $sp, $sp, 0xFFD0           ## $sp = FFFFFFD0
/* 004E8 80A519D8 AFB10018 */  sw      $s1, 0x0018($sp)           
/* 004EC 80A519DC AFB00014 */  sw      $s0, 0x0014($sp)           
/* 004F0 80A519E0 00808025 */  or      $s0, $a0, $zero            ## $s0 = 00000000
/* 004F4 80A519E4 00A08825 */  or      $s1, $a1, $zero            ## $s1 = 00000000
/* 004F8 80A519E8 AFBF001C */  sw      $ra, 0x001C($sp)           
/* 004FC 80A519EC 8E190188 */  lw      $t9, 0x0188($s0)           ## 00000188
/* 00500 80A519F0 02002025 */  or      $a0, $s0, $zero            ## $a0 = 00000000
/* 00504 80A519F4 02202825 */  or      $a1, $s1, $zero            ## $a1 = 00000000
/* 00508 80A519F8 0320F809 */  jalr    $ra, $t9                   
/* 0050C 80A519FC 00000000 */  nop
/* 00510 80A51A00 0C04DB34 */  jal     func_80136CD0              
/* 00514 80A51A04 26040144 */  addiu   $a0, $s0, 0x0144           ## $a0 = 00000144
/* 00518 80A51A08 0C294571 */  jal     func_80A515C4              
/* 0051C 80A51A0C 02002025 */  or      $a0, $s0, $zero            ## $a0 = 00000000
/* 00520 80A51A10 02002025 */  or      $a0, $s0, $zero            ## $a0 = 00000000
/* 00524 80A51A14 0C02D9D7 */  jal     func_800B675C              
/* 00528 80A51A18 3C054208 */  lui     $a1, 0x4208                ## $a1 = 42080000
/* 0052C 80A51A1C 26050190 */  addiu   $a1, $s0, 0x0190           ## $a1 = 00000190
/* 00530 80A51A20 AFA50020 */  sw      $a1, 0x0020($sp)           
/* 00534 80A51A24 0C039F7E */  jal     func_800E7DF8              
/* 00538 80A51A28 02002025 */  or      $a0, $s0, $zero            ## $a0 = 00000000
/* 0053C 80A51A2C 3C010001 */  lui     $at, 0x0001                ## $at = 00010000
/* 00540 80A51A30 34218884 */  ori     $at, $at, 0x8884           ## $at = 00018884
/* 00544 80A51A34 02212821 */  addu    $a1, $s1, $at              
/* 00548 80A51A38 AFA50024 */  sw      $a1, 0x0024($sp)           
/* 0054C 80A51A3C 02202025 */  or      $a0, $s1, $zero            ## $a0 = 00000000
/* 00550 80A51A40 0C0389D0 */  jal     func_800E2740              
/* 00554 80A51A44 8FA60020 */  lw      $a2, 0x0020($sp)           
/* 00558 80A51A48 8FA50024 */  lw      $a1, 0x0024($sp)           
/* 0055C 80A51A4C 02202025 */  or      $a0, $s1, $zero            ## $a0 = 00000000
/* 00560 80A51A50 0C038A4A */  jal     func_800E2928              
/* 00564 80A51A54 8FA60020 */  lw      $a2, 0x0020($sp)           
/* 00568 80A51A58 02002025 */  or      $a0, $s0, $zero            ## $a0 = 00000000
/* 0056C 80A51A5C 0C29484D */  jal     func_80A52134              
/* 00570 80A51A60 02202825 */  or      $a1, $s1, $zero            ## $a1 = 00000000
/* 00574 80A51A64 8FBF001C */  lw      $ra, 0x001C($sp)           
/* 00578 80A51A68 8FB00014 */  lw      $s0, 0x0014($sp)           
/* 0057C 80A51A6C 8FB10018 */  lw      $s1, 0x0018($sp)           
/* 00580 80A51A70 03E00008 */  jr      $ra                        
/* 00584 80A51A74 27BD0030 */  addiu   $sp, $sp, 0x0030           ## $sp = 00000000


glabel func_80A51A78
/* 00588 80A51A78 AFA40000 */  sw      $a0, 0x0000($sp)           
/* 0058C 80A51A7C AFA7000C */  sw      $a3, 0x000C($sp)           
/* 00590 80A51A80 8FAF0014 */  lw      $t7, 0x0014($sp)           
/* 00594 80A51A84 8CCE0000 */  lw      $t6, 0x0000($a2)           ## 00000000
/* 00598 80A51A88 0005C080 */  sll     $t8, $a1,  2               
/* 0059C 80A51A8C 01F8C821 */  addu    $t9, $t7, $t8              
/* 005A0 80A51A90 AF2E0260 */  sw      $t6, 0x0260($t9)           ## 00000260
/* 005A4 80A51A94 ACC00000 */  sw      $zero, 0x0000($a2)         ## 00000000
/* 005A8 80A51A98 00001025 */  or      $v0, $zero, $zero          ## $v0 = 00000000
/* 005AC 80A51A9C 03E00008 */  jr      $ra                        
/* 005B0 80A51AA0 00000000 */  nop


glabel func_80A51AA4
/* 005B4 80A51AA4 27BDFF60 */  addiu   $sp, $sp, 0xFF60           ## $sp = FFFFFF60
/* 005B8 80A51AA8 AFA600A8 */  sw      $a2, 0x00A8($sp)           
/* 005BC 80A51AAC 27A60050 */  addiu   $a2, $sp, 0x0050           ## $a2 = FFFFFFB0
/* 005C0 80A51AB0 AFBF0024 */  sw      $ra, 0x0024($sp)           
/* 005C4 80A51AB4 AFB00020 */  sw      $s0, 0x0020($sp)           
/* 005C8 80A51AB8 AFA400A0 */  sw      $a0, 0x00A0($sp)           
/* 005CC 80A51ABC AFA500A4 */  sw      $a1, 0x00A4($sp)           
/* 005D0 80A51AC0 AFA700AC */  sw      $a3, 0x00AC($sp)           
/* 005D4 80A51AC4 3C0E801D */  lui     $t6, 0x801D                ## $t6 = 801D0000
/* 005D8 80A51AC8 25CE15B0 */  addiu   $t6, $t6, 0x15B0           ## $t6 = 801D15B0
/* 005DC 80A51ACC 8DD80000 */  lw      $t8, 0x0000($t6)           ## 801D15B0
/* 005E0 80A51AD0 24010002 */  addiu   $at, $zero, 0x0002         ## $at = 00000002
/* 005E4 80A51AD4 00C02025 */  or      $a0, $a2, $zero            ## $a0 = FFFFFFB0
/* 005E8 80A51AD8 ACD80000 */  sw      $t8, 0x0000($a2)           ## FFFFFFB0
/* 005EC 80A51ADC 8DCF0004 */  lw      $t7, 0x0004($t6)           ## 801D15B4
/* 005F0 80A51AE0 ACCF0004 */  sw      $t7, 0x0004($a2)           ## FFFFFFB4
/* 005F4 80A51AE4 8DD80008 */  lw      $t8, 0x0008($t6)           ## 801D15B8
/* 005F8 80A51AE8 ACD80008 */  sw      $t8, 0x0008($a2)           ## FFFFFFB8
/* 005FC 80A51AEC 8FB900A4 */  lw      $t9, 0x00A4($sp)           
/* 00600 80A51AF0 57210053 */  bnel    $t9, $at, .L80A51C40       
/* 00604 80A51AF4 8FB000B0 */  lw      $s0, 0x00B0($sp)           
/* 00608 80A51AF8 0C0606A6 */  jal     func_80181A98              
/* 0060C 80A51AFC 27A50044 */  addiu   $a1, $sp, 0x0044           ## $a1 = FFFFFFA4
/* 00610 80A51B00 27B0005C */  addiu   $s0, $sp, 0x005C           ## $s0 = FFFFFFBC
/* 00614 80A51B04 0C06007A */  jal     func_801801E8              
/* 00618 80A51B08 02002025 */  or      $a0, $s0, $zero            ## $a0 = FFFFFFBC
/* 0061C 80A51B0C 02002025 */  or      $a0, $s0, $zero            ## $a0 = FFFFFFBC
/* 00620 80A51B10 27A5003C */  addiu   $a1, $sp, 0x003C           ## $a1 = FFFFFF9C
/* 00624 80A51B14 0C060867 */  jal     func_8018219C              
/* 00628 80A51B18 00003025 */  or      $a2, $zero, $zero          ## $a2 = 00000000
/* 0062C 80A51B1C C7AC0044 */  lwc1    $f12, 0x0044($sp)          
/* 00630 80A51B20 C7AE0048 */  lwc1    $f14, 0x0048($sp)          
/* 00634 80A51B24 8FA6004C */  lw      $a2, 0x004C($sp)           
/* 00638 80A51B28 0C0600A7 */  jal     func_8018029C              
/* 0063C 80A51B2C 00003825 */  or      $a3, $zero, $zero          ## $a3 = 00000000
/* 00640 80A51B30 8FB000B0 */  lw      $s0, 0x00B0($sp)           
/* 00644 80A51B34 24070001 */  addiu   $a3, $zero, 0x0001         ## $a3 = 00000001
/* 00648 80A51B38 C60C0058 */  lwc1    $f12, 0x0058($s0)          ## 00000014
/* 0064C 80A51B3C C60E005C */  lwc1    $f14, 0x005C($s0)          ## 00000018
/* 00650 80A51B40 0C0600E7 */  jal     func_8018039C              
/* 00654 80A51B44 8E060060 */  lw      $a2, 0x0060($s0)           ## 0000001C
/* 00658 80A51B48 9602028C */  lhu     $v0, 0x028C($s0)           ## 00000248
/* 0065C 80A51B4C 30480010 */  andi    $t0, $v0, 0x0010           ## $t0 = 00000000
/* 00660 80A51B50 1100002A */  beq     $t0, $zero, .L80A51BFC     
/* 00664 80A51B54 344B0010 */  ori     $t3, $v0, 0x0010           ## $t3 = 00000010
/* 00668 80A51B58 30490020 */  andi    $t1, $v0, 0x0020           ## $t1 = 00000000
/* 0066C 80A51B5C 11200021 */  beq     $t1, $zero, .L80A51BE4     
/* 00670 80A51B60 87A8003C */  lh      $t0, 0x003C($sp)           
/* 00674 80A51B64 860A0296 */  lh      $t2, 0x0296($s0)           ## 00000252
/* 00678 80A51B68 240F0001 */  addiu   $t7, $zero, 0x0001         ## $t7 = 00000001
/* 0067C 80A51B6C 26040290 */  addiu   $a0, $s0, 0x0290           ## $a0 = 0000024C
/* 00680 80A51B70 A7AA003C */  sh      $t2, 0x003C($sp)           
/* 00684 80A51B74 860B0298 */  lh      $t3, 0x0298($s0)           ## 00000254
/* 00688 80A51B78 87A5003C */  lh      $a1, 0x003C($sp)           
/* 0068C 80A51B7C 24060004 */  addiu   $a2, $zero, 0x0004         ## $a2 = 00000004
/* 00690 80A51B80 A7AB003E */  sh      $t3, 0x003E($sp)           
/* 00694 80A51B84 87AC003E */  lh      $t4, 0x003E($sp)           
/* 00698 80A51B88 860D00BE */  lh      $t5, 0x00BE($s0)           ## 0000007A
/* 0069C 80A51B8C A7A00040 */  sh      $zero, 0x0040($sp)         
/* 006A0 80A51B90 AFAF0010 */  sw      $t7, 0x0010($sp)           
/* 006A4 80A51B94 018D7021 */  addu    $t6, $t4, $t5              
/* 006A8 80A51B98 A7AE003E */  sh      $t6, 0x003E($sp)           
/* 006AC 80A51B9C 0C03FFAF */  jal     func_800FFEBC              
/* 006B0 80A51BA0 24071FFE */  addiu   $a3, $zero, 0x1FFE         ## $a3 = 00001FFE
/* 006B4 80A51BA4 24180001 */  addiu   $t8, $zero, 0x0001         ## $t8 = 00000001
/* 006B8 80A51BA8 AFB80010 */  sw      $t8, 0x0010($sp)           
/* 006BC 80A51BAC 26040292 */  addiu   $a0, $s0, 0x0292           ## $a0 = 0000024E
/* 006C0 80A51BB0 87A5003E */  lh      $a1, 0x003E($sp)           
/* 006C4 80A51BB4 24060004 */  addiu   $a2, $zero, 0x0004         ## $a2 = 00000004
/* 006C8 80A51BB8 0C03FFAF */  jal     func_800FFEBC              
/* 006CC 80A51BBC 24071FFE */  addiu   $a3, $zero, 0x1FFE         ## $a3 = 00001FFE
/* 006D0 80A51BC0 24190001 */  addiu   $t9, $zero, 0x0001         ## $t9 = 00000001
/* 006D4 80A51BC4 AFB90010 */  sw      $t9, 0x0010($sp)           
/* 006D8 80A51BC8 26040294 */  addiu   $a0, $s0, 0x0294           ## $a0 = 00000250
/* 006DC 80A51BCC 87A50040 */  lh      $a1, 0x0040($sp)           
/* 006E0 80A51BD0 24060004 */  addiu   $a2, $zero, 0x0004         ## $a2 = 00000004
/* 006E4 80A51BD4 0C03FFAF */  jal     func_800FFEBC              
/* 006E8 80A51BD8 24071FFE */  addiu   $a3, $zero, 0x1FFE         ## $a3 = 00001FFE
/* 006EC 80A51BDC 1000000F */  beq     $zero, $zero, .L80A51C1C   
/* 006F0 80A51BE0 86040292 */  lh      $a0, 0x0292($s0)           ## 0000024E
.L80A51BE4:
/* 006F4 80A51BE4 A6080290 */  sh      $t0, 0x0290($s0)           ## 0000024C
/* 006F8 80A51BE8 87A9003E */  lh      $t1, 0x003E($sp)           
/* 006FC 80A51BEC A6090292 */  sh      $t1, 0x0292($s0)           ## 0000024E
/* 00700 80A51BF0 87AA0040 */  lh      $t2, 0x0040($sp)           
/* 00704 80A51BF4 10000008 */  beq     $zero, $zero, .L80A51C18   
/* 00708 80A51BF8 A60A0294 */  sh      $t2, 0x0294($s0)           ## 00000250
.L80A51BFC:
/* 0070C 80A51BFC A60B028C */  sh      $t3, 0x028C($s0)           ## 00000248
/* 00710 80A51C00 87AC003C */  lh      $t4, 0x003C($sp)           
/* 00714 80A51C04 A60C0290 */  sh      $t4, 0x0290($s0)           ## 0000024C
/* 00718 80A51C08 87AD003E */  lh      $t5, 0x003E($sp)           
/* 0071C 80A51C0C A60D0292 */  sh      $t5, 0x0292($s0)           ## 0000024E
/* 00720 80A51C10 87AE0040 */  lh      $t6, 0x0040($sp)           
/* 00724 80A51C14 A60E0294 */  sh      $t6, 0x0294($s0)           ## 00000250
.L80A51C18:
/* 00728 80A51C18 86040292 */  lh      $a0, 0x0292($s0)           ## 0000024E
.L80A51C1C:
/* 0072C 80A51C1C 0C06026B */  jal     func_801809AC              
/* 00730 80A51C20 24050001 */  addiu   $a1, $zero, 0x0001         ## $a1 = 00000001
/* 00734 80A51C24 86040290 */  lh      $a0, 0x0290($s0)           ## 0000024C
/* 00738 80A51C28 0C06011E */  jal     func_80180478              
/* 0073C 80A51C2C 24050001 */  addiu   $a1, $zero, 0x0001         ## $a1 = 00000001
/* 00740 80A51C30 86040294 */  lh      $a0, 0x0294($s0)           ## 00000250
/* 00744 80A51C34 0C06033E */  jal     func_80180CF8              
/* 00748 80A51C38 24050001 */  addiu   $a1, $zero, 0x0001         ## $a1 = 00000001
/* 0074C 80A51C3C 8FB000B0 */  lw      $s0, 0x00B0($sp)           
.L80A51C40:
/* 00750 80A51C40 8FAF00A0 */  lw      $t7, 0x00A0($sp)           
/* 00754 80A51C44 8DE50000 */  lw      $a1, 0x0000($t7)           ## 00000000
/* 00758 80A51C48 8CA202B0 */  lw      $v0, 0x02B0($a1)           ## 000002B0
/* 0075C 80A51C4C 3C19DA38 */  lui     $t9, 0xDA38                ## $t9 = DA380000
/* 00760 80A51C50 37390003 */  ori     $t9, $t9, 0x0003           ## $t9 = DA380003
/* 00764 80A51C54 24580008 */  addiu   $t8, $v0, 0x0008           ## $t8 = 00000008
/* 00768 80A51C58 ACB802B0 */  sw      $t8, 0x02B0($a1)           ## 000002B0
/* 0076C 80A51C5C AC590000 */  sw      $t9, 0x0000($v0)           ## 00000000
/* 00770 80A51C60 8FA800A0 */  lw      $t0, 0x00A0($sp)           
/* 00774 80A51C64 8D040000 */  lw      $a0, 0x0000($t0)           ## 00000000
/* 00778 80A51C68 AFA50038 */  sw      $a1, 0x0038($sp)           
/* 0077C 80A51C6C 0C060690 */  jal     func_80181A40              
/* 00780 80A51C70 AFA20030 */  sw      $v0, 0x0030($sp)           
/* 00784 80A51C74 8FA30030 */  lw      $v1, 0x0030($sp)           
/* 00788 80A51C78 8FA50038 */  lw      $a1, 0x0038($sp)           
/* 0078C 80A51C7C AC620004 */  sw      $v0, 0x0004($v1)           ## 00000004
/* 00790 80A51C80 8CA202B0 */  lw      $v0, 0x02B0($a1)           ## 000002B0
/* 00794 80A51C84 3C0ADE00 */  lui     $t2, 0xDE00                ## $t2 = DE000000
/* 00798 80A51C88 24490008 */  addiu   $t1, $v0, 0x0008           ## $t1 = 00000008
/* 0079C 80A51C8C ACA902B0 */  sw      $t1, 0x02B0($a1)           ## 000002B0
/* 007A0 80A51C90 AC4A0000 */  sw      $t2, 0x0000($v0)           ## 00000000
/* 007A4 80A51C94 8FAB00A4 */  lw      $t3, 0x00A4($sp)           
/* 007A8 80A51C98 000B6080 */  sll     $t4, $t3,  2               
/* 007AC 80A51C9C 020C6821 */  addu    $t5, $s0, $t4              
/* 007B0 80A51CA0 8DAE0260 */  lw      $t6, 0x0260($t5)           ## 00000260
/* 007B4 80A51CA4 AC4E0004 */  sw      $t6, 0x0004($v0)           ## 00000004
/* 007B8 80A51CA8 8FBF0024 */  lw      $ra, 0x0024($sp)           
/* 007BC 80A51CAC 8FB00020 */  lw      $s0, 0x0020($sp)           
/* 007C0 80A51CB0 03E00008 */  jr      $ra                        
/* 007C4 80A51CB4 27BD00A0 */  addiu   $sp, $sp, 0x00A0           ## $sp = 00000000


glabel func_80A51CB8
/* 007C8 80A51CB8 27BDFFD0 */  addiu   $sp, $sp, 0xFFD0           ## $sp = FFFFFFD0
/* 007CC 80A51CBC AFBF001C */  sw      $ra, 0x001C($sp)           
/* 007D0 80A51CC0 AFA40030 */  sw      $a0, 0x0030($sp)           
/* 007D4 80A51CC4 AFA50034 */  sw      $a1, 0x0034($sp)           
/* 007D8 80A51CC8 8FAE0034 */  lw      $t6, 0x0034($sp)           
/* 007DC 80A51CCC 8DC40000 */  lw      $a0, 0x0000($t6)           ## 00000000
/* 007E0 80A51CD0 0C04B0A3 */  jal     func_8012C28C              
/* 007E4 80A51CD4 AFA40028 */  sw      $a0, 0x0028($sp)           
/* 007E8 80A51CD8 8FA60028 */  lw      $a2, 0x0028($sp)           
/* 007EC 80A51CDC 8FA80030 */  lw      $t0, 0x0030($sp)           
/* 007F0 80A51CE0 8CC202B0 */  lw      $v0, 0x02B0($a2)           ## 000002B0
/* 007F4 80A51CE4 3C18DB06 */  lui     $t8, 0xDB06                ## $t8 = DB060000
/* 007F8 80A51CE8 37180020 */  ori     $t8, $t8, 0x0020           ## $t8 = DB060020
/* 007FC 80A51CEC 244F0008 */  addiu   $t7, $v0, 0x0008           ## $t7 = 00000008
/* 00800 80A51CF0 ACCF02B0 */  sw      $t7, 0x02B0($a2)           ## 000002B0
/* 00804 80A51CF4 AC580000 */  sw      $t8, 0x0000($v0)           ## 00000000
/* 00808 80A51CF8 851902A0 */  lh      $t9, 0x02A0($t0)           ## 000002A0
/* 0080C 80A51CFC 3C0480A5 */  lui     $a0, %hi(D_80A5245C)       ## $a0 = 80A50000
/* 00810 80A51D00 AFA60028 */  sw      $a2, 0x0028($sp)           
/* 00814 80A51D04 00194880 */  sll     $t1, $t9,  2               
/* 00818 80A51D08 00892021 */  addu    $a0, $a0, $t1              
/* 0081C 80A51D0C 8C84245C */  lw      $a0, %lo(D_80A5245C)($a0)  
/* 00820 80A51D10 0C040141 */  jal     func_80100504              
/* 00824 80A51D14 AFA20020 */  sw      $v0, 0x0020($sp)           
/* 00828 80A51D18 8FA30020 */  lw      $v1, 0x0020($sp)           
/* 0082C 80A51D1C 8FA60028 */  lw      $a2, 0x0028($sp)           
/* 00830 80A51D20 8FA80030 */  lw      $t0, 0x0030($sp)           
/* 00834 80A51D24 AC620004 */  sw      $v0, 0x0004($v1)           ## 00000004
/* 00838 80A51D28 8CC202B0 */  lw      $v0, 0x02B0($a2)           ## 000002B0
/* 0083C 80A51D2C 3C0BE700 */  lui     $t3, 0xE700                ## $t3 = E7000000
/* 00840 80A51D30 3C0780A5 */  lui     $a3, %hi(func_80A51A78)    ## $a3 = 80A50000
/* 00844 80A51D34 244A0008 */  addiu   $t2, $v0, 0x0008           ## $t2 = 00000008
/* 00848 80A51D38 ACCA02B0 */  sw      $t2, 0x02B0($a2)           ## 000002B0
/* 0084C 80A51D3C AC400004 */  sw      $zero, 0x0004($v0)         ## 00000004
/* 00850 80A51D40 AC4B0000 */  sw      $t3, 0x0000($v0)           ## 00000000
/* 00854 80A51D44 3C0C80A5 */  lui     $t4, %hi(func_80A51AA4)    ## $t4 = 80A50000
/* 00858 80A51D48 258C1AA4 */  addiu   $t4, $t4, %lo(func_80A51AA4) ## $t4 = 80A51AA4
/* 0085C 80A51D4C 8D050148 */  lw      $a1, 0x0148($t0)           ## 00000148
/* 00860 80A51D50 8D060164 */  lw      $a2, 0x0164($t0)           ## 00000164
/* 00864 80A51D54 AFA80014 */  sw      $t0, 0x0014($sp)           
/* 00868 80A51D58 AFAC0010 */  sw      $t4, 0x0010($sp)           
/* 0086C 80A51D5C 8FA40034 */  lw      $a0, 0x0034($sp)           
/* 00870 80A51D60 0C04CECF */  jal     func_80133B3C              
/* 00874 80A51D64 24E71A78 */  addiu   $a3, $a3, %lo(func_80A51A78) ## $a3 = 80A51A78
/* 00878 80A51D68 8FBF001C */  lw      $ra, 0x001C($sp)           
/* 0087C 80A51D6C 27BD0030 */  addiu   $sp, $sp, 0x0030           ## $sp = 00000000
/* 00880 80A51D70 03E00008 */  jr      $ra                        
/* 00884 80A51D74 00000000 */  nop


glabel func_80A51D78
/* 00888 80A51D78 AFA40000 */  sw      $a0, 0x0000($sp)           
/* 0088C 80A51D7C AFA7000C */  sw      $a3, 0x000C($sp)           
/* 00890 80A51D80 8FAF0014 */  lw      $t7, 0x0014($sp)           
/* 00894 80A51D84 8CCE0000 */  lw      $t6, 0x0000($a2)           ## 00000000
/* 00898 80A51D88 0005C080 */  sll     $t8, $a1,  2               
/* 0089C 80A51D8C 01F8C821 */  addu    $t9, $t7, $t8              
/* 008A0 80A51D90 AF2E0260 */  sw      $t6, 0x0260($t9)           ## 00000260
/* 008A4 80A51D94 ACC00000 */  sw      $zero, 0x0000($a2)         ## 00000000
/* 008A8 80A51D98 00001025 */  or      $v0, $zero, $zero          ## $v0 = 00000000
/* 008AC 80A51D9C 03E00008 */  jr      $ra                        
/* 008B0 80A51DA0 00000000 */  nop


glabel func_80A51DA4
/* 008B4 80A51DA4 27BDFF60 */  addiu   $sp, $sp, 0xFF60           ## $sp = FFFFFF60
/* 008B8 80A51DA8 AFA600A8 */  sw      $a2, 0x00A8($sp)           
/* 008BC 80A51DAC 27A60050 */  addiu   $a2, $sp, 0x0050           ## $a2 = FFFFFFB0
/* 008C0 80A51DB0 AFBF0024 */  sw      $ra, 0x0024($sp)           
/* 008C4 80A51DB4 AFB00020 */  sw      $s0, 0x0020($sp)           
/* 008C8 80A51DB8 AFA400A0 */  sw      $a0, 0x00A0($sp)           
/* 008CC 80A51DBC AFA500A4 */  sw      $a1, 0x00A4($sp)           
/* 008D0 80A51DC0 AFA700AC */  sw      $a3, 0x00AC($sp)           
/* 008D4 80A51DC4 3C0E801D */  lui     $t6, 0x801D                ## $t6 = 801D0000
/* 008D8 80A51DC8 25CE15B0 */  addiu   $t6, $t6, 0x15B0           ## $t6 = 801D15B0
/* 008DC 80A51DCC 8DD80000 */  lw      $t8, 0x0000($t6)           ## 801D15B0
/* 008E0 80A51DD0 24010002 */  addiu   $at, $zero, 0x0002         ## $at = 00000002
/* 008E4 80A51DD4 00C02025 */  or      $a0, $a2, $zero            ## $a0 = FFFFFFB0
/* 008E8 80A51DD8 ACD80000 */  sw      $t8, 0x0000($a2)           ## FFFFFFB0
/* 008EC 80A51DDC 8DCF0004 */  lw      $t7, 0x0004($t6)           ## 801D15B4
/* 008F0 80A51DE0 ACCF0004 */  sw      $t7, 0x0004($a2)           ## FFFFFFB4
/* 008F4 80A51DE4 8DD80008 */  lw      $t8, 0x0008($t6)           ## 801D15B8
/* 008F8 80A51DE8 ACD80008 */  sw      $t8, 0x0008($a2)           ## FFFFFFB8
/* 008FC 80A51DEC 8FB900A4 */  lw      $t9, 0x00A4($sp)           
/* 00900 80A51DF0 57210055 */  bnel    $t9, $at, .L80A51F48       
/* 00904 80A51DF4 8FB000B0 */  lw      $s0, 0x00B0($sp)           
/* 00908 80A51DF8 0C0606A6 */  jal     func_80181A98              
/* 0090C 80A51DFC 27A50044 */  addiu   $a1, $sp, 0x0044           ## $a1 = FFFFFFA4
/* 00910 80A51E00 27B0005C */  addiu   $s0, $sp, 0x005C           ## $s0 = FFFFFFBC
/* 00914 80A51E04 0C06007A */  jal     func_801801E8              
/* 00918 80A51E08 02002025 */  or      $a0, $s0, $zero            ## $a0 = FFFFFFBC
/* 0091C 80A51E0C 02002025 */  or      $a0, $s0, $zero            ## $a0 = FFFFFFBC
/* 00920 80A51E10 27A5003C */  addiu   $a1, $sp, 0x003C           ## $a1 = FFFFFF9C
/* 00924 80A51E14 0C060867 */  jal     func_8018219C              
/* 00928 80A51E18 00003025 */  or      $a2, $zero, $zero          ## $a2 = 00000000
/* 0092C 80A51E1C C7AC0044 */  lwc1    $f12, 0x0044($sp)          
/* 00930 80A51E20 C7AE0048 */  lwc1    $f14, 0x0048($sp)          
/* 00934 80A51E24 8FA6004C */  lw      $a2, 0x004C($sp)           
/* 00938 80A51E28 0C0600A7 */  jal     func_8018029C              
/* 0093C 80A51E2C 00003825 */  or      $a3, $zero, $zero          ## $a3 = 00000000
/* 00940 80A51E30 8FB000B0 */  lw      $s0, 0x00B0($sp)           
/* 00944 80A51E34 24070001 */  addiu   $a3, $zero, 0x0001         ## $a3 = 00000001
/* 00948 80A51E38 C60C0058 */  lwc1    $f12, 0x0058($s0)          ## 00000014
/* 0094C 80A51E3C C60E005C */  lwc1    $f14, 0x005C($s0)          ## 00000018
/* 00950 80A51E40 0C0600E7 */  jal     func_8018039C              
/* 00954 80A51E44 8E060060 */  lw      $a2, 0x0060($s0)           ## 0000001C
/* 00958 80A51E48 9602028C */  lhu     $v0, 0x028C($s0)           ## 00000248
/* 0095C 80A51E4C 30480010 */  andi    $t0, $v0, 0x0010           ## $t0 = 00000000
/* 00960 80A51E50 1100002C */  beq     $t0, $zero, .L80A51F04     
/* 00964 80A51E54 344D0010 */  ori     $t5, $v0, 0x0010           ## $t5 = 00000010
/* 00968 80A51E58 30490020 */  andi    $t1, $v0, 0x0020           ## $t1 = 00000000
/* 0096C 80A51E5C 11200023 */  beq     $t1, $zero, .L80A51EEC     
/* 00970 80A51E60 87AA003C */  lh      $t2, 0x003C($sp)           
/* 00974 80A51E64 860A0296 */  lh      $t2, 0x0296($s0)           ## 00000252
/* 00978 80A51E68 24190001 */  addiu   $t9, $zero, 0x0001         ## $t9 = 00000001
/* 0097C 80A51E6C 26040290 */  addiu   $a0, $s0, 0x0290           ## $a0 = 0000024C
/* 00980 80A51E70 254B4000 */  addiu   $t3, $t2, 0x4000           ## $t3 = 00004000
/* 00984 80A51E74 A7AB0040 */  sh      $t3, 0x0040($sp)           
/* 00988 80A51E78 860C0298 */  lh      $t4, 0x0298($s0)           ## 00000254
/* 0098C 80A51E7C 00002825 */  or      $a1, $zero, $zero          ## $a1 = 00000000
/* 00990 80A51E80 24060004 */  addiu   $a2, $zero, 0x0004         ## $a2 = 00000004
/* 00994 80A51E84 258D4000 */  addiu   $t5, $t4, 0x4000           ## $t5 = 00004000
/* 00998 80A51E88 A7AD003E */  sh      $t5, 0x003E($sp)           
/* 0099C 80A51E8C 87AE003E */  lh      $t6, 0x003E($sp)           
/* 009A0 80A51E90 860F00BE */  lh      $t7, 0x00BE($s0)           ## 0000007A
/* 009A4 80A51E94 A7A0003C */  sh      $zero, 0x003C($sp)         
/* 009A8 80A51E98 AFB90010 */  sw      $t9, 0x0010($sp)           
/* 009AC 80A51E9C 01CFC021 */  addu    $t8, $t6, $t7              
/* 009B0 80A51EA0 A7B8003E */  sh      $t8, 0x003E($sp)           
/* 009B4 80A51EA4 0C03FFAF */  jal     func_800FFEBC              
/* 009B8 80A51EA8 24071FFE */  addiu   $a3, $zero, 0x1FFE         ## $a3 = 00001FFE
/* 009BC 80A51EAC 24080001 */  addiu   $t0, $zero, 0x0001         ## $t0 = 00000001
/* 009C0 80A51EB0 AFA80010 */  sw      $t0, 0x0010($sp)           
/* 009C4 80A51EB4 26040292 */  addiu   $a0, $s0, 0x0292           ## $a0 = 0000024E
/* 009C8 80A51EB8 87A5003E */  lh      $a1, 0x003E($sp)           
/* 009CC 80A51EBC 24060004 */  addiu   $a2, $zero, 0x0004         ## $a2 = 00000004
/* 009D0 80A51EC0 0C03FFAF */  jal     func_800FFEBC              
/* 009D4 80A51EC4 24071FFE */  addiu   $a3, $zero, 0x1FFE         ## $a3 = 00001FFE
/* 009D8 80A51EC8 24090001 */  addiu   $t1, $zero, 0x0001         ## $t1 = 00000001
/* 009DC 80A51ECC AFA90010 */  sw      $t1, 0x0010($sp)           
/* 009E0 80A51ED0 26040294 */  addiu   $a0, $s0, 0x0294           ## $a0 = 00000250
/* 009E4 80A51ED4 87A50040 */  lh      $a1, 0x0040($sp)           
/* 009E8 80A51ED8 24060004 */  addiu   $a2, $zero, 0x0004         ## $a2 = 00000004
/* 009EC 80A51EDC 0C03FFAF */  jal     func_800FFEBC              
/* 009F0 80A51EE0 24071FFE */  addiu   $a3, $zero, 0x1FFE         ## $a3 = 00001FFE
/* 009F4 80A51EE4 1000000F */  beq     $zero, $zero, .L80A51F24   
/* 009F8 80A51EE8 86040292 */  lh      $a0, 0x0292($s0)           ## 0000024E
.L80A51EEC:
/* 009FC 80A51EEC A60A0290 */  sh      $t2, 0x0290($s0)           ## 0000024C
/* 00A00 80A51EF0 87AB003E */  lh      $t3, 0x003E($sp)           
/* 00A04 80A51EF4 A60B0292 */  sh      $t3, 0x0292($s0)           ## 0000024E
/* 00A08 80A51EF8 87AC0040 */  lh      $t4, 0x0040($sp)           
/* 00A0C 80A51EFC 10000008 */  beq     $zero, $zero, .L80A51F20   
/* 00A10 80A51F00 A60C0294 */  sh      $t4, 0x0294($s0)           ## 00000250
.L80A51F04:
/* 00A14 80A51F04 A60D028C */  sh      $t5, 0x028C($s0)           ## 00000248
/* 00A18 80A51F08 87AE003C */  lh      $t6, 0x003C($sp)           
/* 00A1C 80A51F0C A60E0290 */  sh      $t6, 0x0290($s0)           ## 0000024C
/* 00A20 80A51F10 87AF003E */  lh      $t7, 0x003E($sp)           
/* 00A24 80A51F14 A60F0292 */  sh      $t7, 0x0292($s0)           ## 0000024E
/* 00A28 80A51F18 87B80040 */  lh      $t8, 0x0040($sp)           
/* 00A2C 80A51F1C A6180294 */  sh      $t8, 0x0294($s0)           ## 00000250
.L80A51F20:
/* 00A30 80A51F20 86040292 */  lh      $a0, 0x0292($s0)           ## 0000024E
.L80A51F24:
/* 00A34 80A51F24 0C06026B */  jal     func_801809AC              
/* 00A38 80A51F28 24050001 */  addiu   $a1, $zero, 0x0001         ## $a1 = 00000001
/* 00A3C 80A51F2C 86040290 */  lh      $a0, 0x0290($s0)           ## 0000024C
/* 00A40 80A51F30 0C06011E */  jal     func_80180478              
/* 00A44 80A51F34 24050001 */  addiu   $a1, $zero, 0x0001         ## $a1 = 00000001
/* 00A48 80A51F38 86040294 */  lh      $a0, 0x0294($s0)           ## 00000250
/* 00A4C 80A51F3C 0C06033E */  jal     func_80180CF8              
/* 00A50 80A51F40 24050001 */  addiu   $a1, $zero, 0x0001         ## $a1 = 00000001
/* 00A54 80A51F44 8FB000B0 */  lw      $s0, 0x00B0($sp)           
.L80A51F48:
/* 00A58 80A51F48 8FB900A0 */  lw      $t9, 0x00A0($sp)           
/* 00A5C 80A51F4C 8F250000 */  lw      $a1, 0x0000($t9)           ## 00000000
/* 00A60 80A51F50 8CA202B0 */  lw      $v0, 0x02B0($a1)           ## 000002B0
/* 00A64 80A51F54 3C09DA38 */  lui     $t1, 0xDA38                ## $t1 = DA380000
/* 00A68 80A51F58 35290003 */  ori     $t1, $t1, 0x0003           ## $t1 = DA380003
/* 00A6C 80A51F5C 24480008 */  addiu   $t0, $v0, 0x0008           ## $t0 = 00000008
/* 00A70 80A51F60 ACA802B0 */  sw      $t0, 0x02B0($a1)           ## 000002B0
/* 00A74 80A51F64 AC490000 */  sw      $t1, 0x0000($v0)           ## 00000000
/* 00A78 80A51F68 8FAA00A0 */  lw      $t2, 0x00A0($sp)           
/* 00A7C 80A51F6C 8D440000 */  lw      $a0, 0x0000($t2)           ## 00000000
/* 00A80 80A51F70 AFA50038 */  sw      $a1, 0x0038($sp)           
/* 00A84 80A51F74 0C060690 */  jal     func_80181A40              
/* 00A88 80A51F78 AFA20030 */  sw      $v0, 0x0030($sp)           
/* 00A8C 80A51F7C 8FA30030 */  lw      $v1, 0x0030($sp)           
/* 00A90 80A51F80 8FA50038 */  lw      $a1, 0x0038($sp)           
/* 00A94 80A51F84 AC620004 */  sw      $v0, 0x0004($v1)           ## 00000004
/* 00A98 80A51F88 8CA202B0 */  lw      $v0, 0x02B0($a1)           ## 000002B0
/* 00A9C 80A51F8C 3C0CDE00 */  lui     $t4, 0xDE00                ## $t4 = DE000000
/* 00AA0 80A51F90 244B0008 */  addiu   $t3, $v0, 0x0008           ## $t3 = 00000008
/* 00AA4 80A51F94 ACAB02B0 */  sw      $t3, 0x02B0($a1)           ## 000002B0
/* 00AA8 80A51F98 AC4C0000 */  sw      $t4, 0x0000($v0)           ## 00000000
/* 00AAC 80A51F9C 8FAD00A4 */  lw      $t5, 0x00A4($sp)           
/* 00AB0 80A51FA0 000D7080 */  sll     $t6, $t5,  2               
/* 00AB4 80A51FA4 020E7821 */  addu    $t7, $s0, $t6              
/* 00AB8 80A51FA8 8DF80260 */  lw      $t8, 0x0260($t7)           ## 00000260
/* 00ABC 80A51FAC AC580004 */  sw      $t8, 0x0004($v0)           ## 00000004
/* 00AC0 80A51FB0 8FBF0024 */  lw      $ra, 0x0024($sp)           
/* 00AC4 80A51FB4 8FB00020 */  lw      $s0, 0x0020($sp)           
/* 00AC8 80A51FB8 03E00008 */  jr      $ra                        
/* 00ACC 80A51FBC 27BD00A0 */  addiu   $sp, $sp, 0x00A0           ## $sp = 00000000


glabel func_80A51FC0
/* 00AD0 80A51FC0 27BDFFE0 */  addiu   $sp, $sp, 0xFFE0           ## $sp = FFFFFFE0
/* 00AD4 80A51FC4 AFBF001C */  sw      $ra, 0x001C($sp)           
/* 00AD8 80A51FC8 AFA40020 */  sw      $a0, 0x0020($sp)           
/* 00ADC 80A51FCC AFA50024 */  sw      $a1, 0x0024($sp)           
/* 00AE0 80A51FD0 8FAE0024 */  lw      $t6, 0x0024($sp)           
/* 00AE4 80A51FD4 0C04B0A3 */  jal     func_8012C28C              
/* 00AE8 80A51FD8 8DC40000 */  lw      $a0, 0x0000($t6)           ## 00000000
/* 00AEC 80A51FDC 8FA20020 */  lw      $v0, 0x0020($sp)           
/* 00AF0 80A51FE0 3C0F80A5 */  lui     $t7, %hi(func_80A51DA4)    ## $t7 = 80A50000
/* 00AF4 80A51FE4 25EF1DA4 */  addiu   $t7, $t7, %lo(func_80A51DA4) ## $t7 = 80A51DA4
/* 00AF8 80A51FE8 3C0780A5 */  lui     $a3, %hi(func_80A51D78)    ## $a3 = 80A50000
/* 00AFC 80A51FEC 8C450148 */  lw      $a1, 0x0148($v0)           ## 00000148
/* 00B00 80A51FF0 8C460164 */  lw      $a2, 0x0164($v0)           ## 00000164
/* 00B04 80A51FF4 AFAF0010 */  sw      $t7, 0x0010($sp)           
/* 00B08 80A51FF8 24E71D78 */  addiu   $a3, $a3, %lo(func_80A51D78) ## $a3 = 80A51D78
/* 00B0C 80A51FFC 8FA40024 */  lw      $a0, 0x0024($sp)           
/* 00B10 80A52000 0C04CECF */  jal     func_80133B3C              
/* 00B14 80A52004 AFA20014 */  sw      $v0, 0x0014($sp)           
/* 00B18 80A52008 8FBF001C */  lw      $ra, 0x001C($sp)           
/* 00B1C 80A5200C 27BD0020 */  addiu   $sp, $sp, 0x0020           ## $sp = 00000000
/* 00B20 80A52010 03E00008 */  jr      $ra                        
/* 00B24 80A52014 00000000 */  nop


glabel func_80A52018
/* 00B28 80A52018 27BDFFE8 */  addiu   $sp, $sp, 0xFFE8           ## $sp = FFFFFFE8
/* 00B2C 80A5201C AFBF0014 */  sw      $ra, 0x0014($sp)           
/* 00B30 80A52020 8482001C */  lh      $v0, 0x001C($a0)           ## 0000001C
/* 00B34 80A52024 24010001 */  addiu   $at, $zero, 0x0001         ## $at = 00000001
/* 00B38 80A52028 30420003 */  andi    $v0, $v0, 0x0003           ## $v0 = 00000000
/* 00B3C 80A5202C 10400007 */  beq     $v0, $zero, .L80A5204C     
/* 00B40 80A52030 00000000 */  nop
/* 00B44 80A52034 10410009 */  beq     $v0, $at, .L80A5205C       
/* 00B48 80A52038 24010002 */  addiu   $at, $zero, 0x0002         ## $at = 00000002
/* 00B4C 80A5203C 10410007 */  beq     $v0, $at, .L80A5205C       
/* 00B50 80A52040 00000000 */  nop
/* 00B54 80A52044 10000008 */  beq     $zero, $zero, .L80A52068   
/* 00B58 80A52048 8FBF0014 */  lw      $ra, 0x0014($sp)           
.L80A5204C:
/* 00B5C 80A5204C 0C29472E */  jal     func_80A51CB8              
/* 00B60 80A52050 00000000 */  nop
/* 00B64 80A52054 10000004 */  beq     $zero, $zero, .L80A52068   
/* 00B68 80A52058 8FBF0014 */  lw      $ra, 0x0014($sp)           
.L80A5205C:
/* 00B6C 80A5205C 0C2947F0 */  jal     func_80A51FC0              
/* 00B70 80A52060 00000000 */  nop
/* 00B74 80A52064 8FBF0014 */  lw      $ra, 0x0014($sp)           
.L80A52068:
/* 00B78 80A52068 27BD0018 */  addiu   $sp, $sp, 0x0018           ## $sp = 00000000
/* 00B7C 80A5206C 03E00008 */  jr      $ra                        
/* 00B80 80A52070 00000000 */  nop


glabel func_80A52074
/* 00B84 80A52074 27BDFFE8 */  addiu   $sp, $sp, 0xFFE8           ## $sp = FFFFFFE8
/* 00B88 80A52078 AFBF0014 */  sw      $ra, 0x0014($sp)           
/* 00B8C 80A5207C 00A03025 */  or      $a2, $a1, $zero            ## $a2 = 00000000
/* 00B90 80A52080 94C31F34 */  lhu     $v1, 0x1F34($a2)           ## 00001F34
/* 00B94 80A52084 24010050 */  addiu   $at, $zero, 0x0050         ## $at = 00000050
/* 00B98 80A52088 1061000A */  beq     $v1, $at, .L80A520B4       
/* 00B9C 80A5208C 2401007B */  addiu   $at, $zero, 0x007B         ## $at = 0000007B
/* 00BA0 80A52090 1061000E */  beq     $v1, $at, .L80A520CC       
/* 00BA4 80A52094 240101B6 */  addiu   $at, $zero, 0x01B6         ## $at = 000001B6
/* 00BA8 80A52098 10610012 */  beq     $v1, $at, .L80A520E4       
/* 00BAC 80A5209C 2405391A */  addiu   $a1, $zero, 0x391A         ## $a1 = 0000391A
/* 00BB0 80A520A0 240101ED */  addiu   $at, $zero, 0x01ED         ## $at = 000001ED
/* 00BB4 80A520A4 10610014 */  beq     $v1, $at, .L80A520F8       
/* 00BB8 80A520A8 24053873 */  addiu   $a1, $zero, 0x3873         ## $a1 = 00003873
/* 00BBC 80A520AC 10000017 */  beq     $zero, $zero, .L80A5210C   
/* 00BC0 80A520B0 286100C6 */  slti    $at, $v1, 0x00C6           
.L80A520B4:
/* 00BC4 80A520B4 24043918 */  addiu   $a0, $zero, 0x3918         ## $a0 = 00003918
/* 00BC8 80A520B8 0C067C4A */  jal     func_8019F128              
/* 00BCC 80A520BC AFA6001C */  sw      $a2, 0x001C($sp)           
/* 00BD0 80A520C0 8FA6001C */  lw      $a2, 0x001C($sp)           
/* 00BD4 80A520C4 10000010 */  beq     $zero, $zero, .L80A52108   
/* 00BD8 80A520C8 94C31F34 */  lhu     $v1, 0x1F34($a2)           ## 00001F34
.L80A520CC:
/* 00BDC 80A520CC 24043919 */  addiu   $a0, $zero, 0x3919         ## $a0 = 00003919
/* 00BE0 80A520D0 0C067C4A */  jal     func_8019F128              
/* 00BE4 80A520D4 AFA6001C */  sw      $a2, 0x001C($sp)           
/* 00BE8 80A520D8 8FA6001C */  lw      $a2, 0x001C($sp)           
/* 00BEC 80A520DC 1000000A */  beq     $zero, $zero, .L80A52108   
/* 00BF0 80A520E0 94C31F34 */  lhu     $v1, 0x1F34($a2)           ## 00001F34
.L80A520E4:
/* 00BF4 80A520E4 0C02E3B2 */  jal     func_800B8EC8              
/* 00BF8 80A520E8 AFA6001C */  sw      $a2, 0x001C($sp)           
/* 00BFC 80A520EC 8FA6001C */  lw      $a2, 0x001C($sp)           
/* 00C00 80A520F0 10000005 */  beq     $zero, $zero, .L80A52108   
/* 00C04 80A520F4 94C31F34 */  lhu     $v1, 0x1F34($a2)           ## 00001F34
.L80A520F8:
/* 00C08 80A520F8 0C02E3B2 */  jal     func_800B8EC8              
/* 00C0C 80A520FC AFA6001C */  sw      $a2, 0x001C($sp)           
/* 00C10 80A52100 8FA6001C */  lw      $a2, 0x001C($sp)           
/* 00C14 80A52104 94C31F34 */  lhu     $v1, 0x1F34($a2)           ## 00001F34
.L80A52108:
/* 00C18 80A52108 286100C6 */  slti    $at, $v1, 0x00C6           
.L80A5210C:
/* 00C1C 80A5210C 14200005 */  bne     $at, $zero, .L80A52124     
/* 00C20 80A52110 286101B6 */  slti    $at, $v1, 0x01B6           
/* 00C24 80A52114 50200004 */  beql    $at, $zero, .L80A52128     
/* 00C28 80A52118 8FBF0014 */  lw      $ra, 0x0014($sp)           
/* 00C2C 80A5211C 0C067C4A */  jal     func_8019F128              
/* 00C30 80A52120 24043117 */  addiu   $a0, $zero, 0x3117         ## $a0 = 00003117
.L80A52124:
/* 00C34 80A52124 8FBF0014 */  lw      $ra, 0x0014($sp)           
.L80A52128:
/* 00C38 80A52128 27BD0018 */  addiu   $sp, $sp, 0x0018           ## $sp = 00000000
/* 00C3C 80A5212C 03E00008 */  jr      $ra                        
/* 00C40 80A52130 00000000 */  nop


glabel func_80A52134
/* 00C44 80A52134 27BDFFE8 */  addiu   $sp, $sp, 0xFFE8           ## $sp = FFFFFFE8
/* 00C48 80A52138 AFBF0014 */  sw      $ra, 0x0014($sp)           
/* 00C4C 80A5213C 90AE1F2C */  lbu     $t6, 0x1F2C($a1)           ## 00001F2C
/* 00C50 80A52140 51C00012 */  beql    $t6, $zero, .L80A5218C     
/* 00C54 80A52144 8FBF0014 */  lw      $ra, 0x0014($sp)           
/* 00C58 80A52148 848F001C */  lh      $t7, 0x001C($a0)           ## 0000001C
/* 00C5C 80A5214C 24010004 */  addiu   $at, $zero, 0x0004         ## $at = 00000004
/* 00C60 80A52150 31F8003C */  andi    $t8, $t7, 0x003C           ## $t8 = 00000000
/* 00C64 80A52154 5701000D */  bnel    $t8, $at, .L80A5218C       
/* 00C68 80A52158 8FBF0014 */  lw      $ra, 0x0014($sp)           
/* 00C6C 80A5215C 84B900A4 */  lh      $t9, 0x00A4($a1)           ## 000000A4
/* 00C70 80A52160 24010008 */  addiu   $at, $zero, 0x0008         ## $at = 00000008
/* 00C74 80A52164 3C08801F */  lui     $t0, 0x801F                ## $t0 = 801F0000
/* 00C78 80A52168 57210008 */  bnel    $t9, $at, .L80A5218C       
/* 00C7C 80A5216C 8FBF0014 */  lw      $ra, 0x0014($sp)           
/* 00C80 80A52170 8D08331C */  lw      $t0, 0x331C($t0)           ## 801F331C
/* 00C84 80A52174 24010002 */  addiu   $at, $zero, 0x0002         ## $at = 00000002
/* 00C88 80A52178 55010004 */  bnel    $t0, $at, .L80A5218C       
/* 00C8C 80A5217C 8FBF0014 */  lw      $ra, 0x0014($sp)           
/* 00C90 80A52180 0C29481D */  jal     func_80A52074              
/* 00C94 80A52184 00000000 */  nop
/* 00C98 80A52188 8FBF0014 */  lw      $ra, 0x0014($sp)           
.L80A5218C:
/* 00C9C 80A5218C 27BD0018 */  addiu   $sp, $sp, 0x0018           ## $sp = 00000000
/* 00CA0 80A52190 03E00008 */  jr      $ra                        
/* 00CA4 80A52194 00000000 */  nop
/* 00CA8 80A52198 00000000 */  nop
/* 00CAC 80A5219C 00000000 */  nop

.section .data

D_80A521A0: .word 0x00000000
D_80A521A4: .word 0x01690400, 0x00000009, 0x00010000, 0x000002A4
.word func_80A518EC
.word func_80A519A8
.word func_80A519D4
.word 0x00000000
D_80A521C4: .word \
0x00000939, 0x10010000, 0x01000000, 0x00000000, \
0x00000000, 0xF7CFFFFF, 0x00000000, 0x00010100, \
0x0012002E, 0x00000000, 0x00000000
D_80A521F0: .word 0x01000000, 0x00000000, 0xFF000000
D_80A521FC: .word \
0x01010101, 0x01010101, 0x01010101, 0x01010101, \
0x01010101, 0x01010101, 0x01010101, 0x01010101
D_80A5221C: .word \
0x06000B70, 0x3F800000, 0x0000FFFF, 0x02000000, \
0x06000B70, 0x3F800000, 0x0000FFFF, 0x0200FFFC, \
0x06002A08, 0x3F800000, 0x0000FFFF, 0x0000FFFC, \
0x0600031C, 0x3F800000, 0x0000FFFF, 0x0000FFFC, \
0x06000430, 0x3F800000, 0xFFFFFFFF, 0x02000000, \
0x06000430, 0x3F800000, 0x0000FFFF, 0x0200FFFC, \
0x06000894, 0x3F800000, 0x0000FFFF, 0x0200FFFC, \
0x06002B6C, 0x3F800000, 0x0000FFFF, 0x00000000, \
0x06002B6C, 0x3F800000, 0x0000FFFF, 0x0000FFFC, \
0x060006CC, 0x3F800000, 0x0000FFFF, 0x0000FFFC, \
0x06000168, 0x3F800000, 0x0000FFFF, 0x0200FFFC, \
0x060024CC, 0x3F800000, 0xFFFFFFFF, 0x02000000, \
0x060024CC, 0x3F800000, 0x0000FFFF, 0x0200FFFC, \
0x060026C4, 0x3F800000, 0x0000FFFF, 0x0200FFFC, \
0x06002894, 0x3F800000, 0x0000FFFF, 0x0200FFFC, \
0x06002B90, 0x3F800000, 0x0000FFFF, 0x0200FFFC, \
0x06002F7C, 0x3F800000, 0x0000FFFF, 0x00000000, \
0x06002F7C, 0x3F800000, 0x0000FFFF, 0x0000FFFC, \
0x06003128, 0x3F800000, 0x0000FFFF, 0x00000000, \
0x06003128, 0x3F800000, 0x0000FFFF, 0x0000FFFC, \
0x060029BC, 0x3F800000, 0x0000FFFF, 0x0000FFFC, \
0x06002E84, 0x3F800000, 0x0000FFFF, 0x0000FFFC, \
0x06000168, 0x3F800000, 0x0000FFFF, 0x0000FFFC, \
0x0600259C, 0x3F800000, 0x0000FFFF, 0x0200FFFC, \
0x06002A5C, 0x3F800000, 0x0000FFFF, 0x02000000, \
0x06002A5C, 0x3F800000, 0x0000FFFF, 0x0200FFFC, \
0x06002BD4, 0x3F800000, 0x0000FFFF, 0x0200FFFC, \
0x06002DD4, 0x3F800000, 0x0000FFFF, 0x0200FFFC, \
0x06002FA4, 0x3F800000, 0x0000FFFF, 0x0000FFFC, \
0x06003180, 0x3F800000, 0x0000FFFF, 0x0200FFFC, \
0x0600326C, 0x3F800000, 0x0000FFFF, 0x00000000, \
0x0600326C, 0x3F800000, 0x0000FFFF, 0x0000FFFC, \
0x060033E4, 0x3F800000, 0x0000FFFF, 0x0000FFFC, \
0x06003780, 0x3F800000, 0x0000FFFF, 0x00000000, \
0x06003780, 0x3F800000, 0x0000FFFF, 0x0000FFFC, \
0x06002950, 0x3F800000, 0x0000FFFF, 0x00000000
D_80A5245C: .word \
0x06001680, 0x06001700, 0x06001780, 0x00000000, \
0x00000000

.section .rodata



.section .rodata
D_80A52470:
.incbin "baserom/En_Dnk", 0xF80, 0x000000C0
