.include "macro.inc"

# assembler directives
.set noat      # allow manual use of $at
.set noreorder # don't insert nops after branches
.set gp=64     # allow use of 64-bit general purpose registers

.section .text
glabel func_808BD1E0
/* 00000 808BD1E0 27BDFFD0 */  addiu   $sp, $sp, 0xFFD0           ## $sp = FFFFFFD0
/* 00004 808BD1E4 AFB00028 */  sw      $s0, 0x0028($sp)           
/* 00008 808BD1E8 00808025 */  or      $s0, $a0, $zero            ## $s0 = 00000000
/* 0000C 808BD1EC AFBF002C */  sw      $ra, 0x002C($sp)           
/* 00010 808BD1F0 AFA50034 */  sw      $a1, 0x0034($sp)           
/* 00014 808BD1F4 3C05808C */  lui     $a1, %hi(D_808BEF84)       ## $a1 = 808C0000
/* 00018 808BD1F8 24A5EF84 */  addiu   $a1, $a1, %lo(D_808BEF84)  ## $a1 = 808BEF84
/* 0001C 808BD1FC 0C03FEB7 */  jal     func_800FFADC              
/* 00020 808BD200 02002025 */  or      $a0, $s0, $zero            ## $a0 = 00000000
/* 00024 808BD204 3C06800B */  lui     $a2, 0x800B                ## $a2 = 800B0000
/* 00028 808BD208 24C63FC0 */  addiu   $a2, $a2, 0x3FC0           ## $a2 = 800B3FC0
/* 0002C 808BD20C 260400BC */  addiu   $a0, $s0, 0x00BC           ## $a0 = 000000BC
/* 00030 808BD210 24050000 */  addiu   $a1, $zero, 0x0000         ## $a1 = 00000000
/* 00034 808BD214 0C02CEE9 */  jal     func_800B3BA4              
/* 00038 808BD218 3C07420C */  lui     $a3, 0x420C                ## $a3 = 420C0000
/* 0003C 808BD21C 3C060600 */  lui     $a2, 0x0600                ## $a2 = 06000000
/* 00040 808BD220 3C070600 */  lui     $a3, 0x0600                ## $a3 = 06000000
/* 00044 808BD224 260E0196 */  addiu   $t6, $s0, 0x0196           ## $t6 = 00000196
/* 00048 808BD228 260F01D2 */  addiu   $t7, $s0, 0x01D2           ## $t7 = 000001D2
/* 0004C 808BD22C 2418000A */  addiu   $t8, $zero, 0x000A         ## $t8 = 0000000A
/* 00050 808BD230 AFB80018 */  sw      $t8, 0x0018($sp)           
/* 00054 808BD234 AFAF0014 */  sw      $t7, 0x0014($sp)           
/* 00058 808BD238 AFAE0010 */  sw      $t6, 0x0010($sp)           
/* 0005C 808BD23C 24E7326C */  addiu   $a3, $a3, 0x326C           ## $a3 = 0600326C
/* 00060 808BD240 24C62468 */  addiu   $a2, $a2, 0x2468           ## $a2 = 06002468
/* 00064 808BD244 8FA40034 */  lw      $a0, 0x0034($sp)           
/* 00068 808BD248 0C04DA9F */  jal     func_80136A7C              
/* 0006C 808BD24C 26050144 */  addiu   $a1, $s0, 0x0144           ## $a1 = 00000144
/* 00070 808BD250 3C07808C */  lui     $a3, %hi(D_808BEF30)       ## $a3 = 808C0000
/* 00074 808BD254 24E7EF30 */  addiu   $a3, $a3, %lo(D_808BEF30)  ## $a3 = 808BEF30
/* 00078 808BD258 8FA40034 */  lw      $a0, 0x0034($sp)           
/* 0007C 808BD25C 2605027C */  addiu   $a1, $s0, 0x027C           ## $a1 = 0000027C
/* 00080 808BD260 0C0384DD */  jal     func_800E1374              
/* 00084 808BD264 02003025 */  or      $a2, $s0, $zero            ## $a2 = 00000000
/* 00088 808BD268 3C05808C */  lui     $a1, %hi(D_808BEF64)       ## $a1 = 808C0000
/* 0008C 808BD26C 3C06808C */  lui     $a2, %hi(D_808BEF5C)       ## $a2 = 808C0000
/* 00090 808BD270 24C6EF5C */  addiu   $a2, $a2, %lo(D_808BEF5C)  ## $a2 = 808BEF5C
/* 00094 808BD274 24A5EF64 */  addiu   $a1, $a1, %lo(D_808BEF64)  ## $a1 = 808BEF64
/* 00098 808BD278 0C039D4C */  jal     func_800E7530              
/* 0009C 808BD27C 260400A0 */  addiu   $a0, $s0, 0x00A0           ## $a0 = 000000A0
/* 000A0 808BD280 8619001C */  lh      $t9, 0x001C($s0)           ## 0000001C
/* 000A4 808BD284 860A001C */  lh      $t2, 0x001C($s0)           ## 0000001C
/* 000A8 808BD288 240100FF */  addiu   $at, $zero, 0x00FF         ## $at = 000000FF
/* 000AC 808BD28C 00194203 */  sra     $t0, $t9,  8               
/* 000B0 808BD290 310900FF */  andi    $t1, $t0, 0x00FF           ## $t1 = 00000000
/* 000B4 808BD294 A6090194 */  sh      $t1, 0x0194($s0)           ## 00000194
/* 000B8 808BD298 86020194 */  lh      $v0, 0x0194($s0)           ## 00000194
/* 000BC 808BD29C 314B00FF */  andi    $t3, $t2, 0x00FF           ## $t3 = 00000000
/* 000C0 808BD2A0 A60B001C */  sh      $t3, 0x001C($s0)           ## 0000001C
/* 000C4 808BD2A4 10410003 */  beq     $v0, $at, .L808BD2B4       
/* 000C8 808BD2A8 240C0001 */  addiu   $t4, $zero, 0x0001         ## $t4 = 00000001
/* 000CC 808BD2AC 54400003 */  bnel    $v0, $zero, .L808BD2BC     
/* 000D0 808BD2B0 8602001C */  lh      $v0, 0x001C($s0)           ## 0000001C
.L808BD2B4:
/* 000D4 808BD2B4 A60C0194 */  sh      $t4, 0x0194($s0)           ## 00000194
/* 000D8 808BD2B8 8602001C */  lh      $v0, 0x001C($s0)           ## 0000001C
.L808BD2BC:
/* 000DC 808BD2BC 24010001 */  addiu   $at, $zero, 0x0001         ## $at = 00000001
/* 000E0 808BD2C0 240F000A */  addiu   $t7, $zero, 0x000A         ## $t7 = 0000000A
/* 000E4 808BD2C4 5441000B */  bnel    $v0, $at, .L808BD2F4       
/* 000E8 808BD2C8 24010002 */  addiu   $at, $zero, 0x0002         ## $at = 00000002
/* 000EC 808BD2CC 8E0D0004 */  lw      $t5, 0x0004($s0)           ## 00000004
/* 000F0 808BD2D0 921802AA */  lbu     $t8, 0x02AA($s0)           ## 000002AA
/* 000F4 808BD2D4 2401FFFE */  addiu   $at, $zero, 0xFFFE         ## $at = FFFFFFFE
/* 000F8 808BD2D8 01A17024 */  and     $t6, $t5, $at              
/* 000FC 808BD2DC 37190078 */  ori     $t9, $t8, 0x0078           ## $t9 = 00000078
/* 00100 808BD2E0 AE0E0004 */  sw      $t6, 0x0004($s0)           ## 00000004
/* 00104 808BD2E4 A20F0290 */  sb      $t7, 0x0290($s0)           ## 00000290
/* 00108 808BD2E8 10000005 */  beq     $zero, $zero, .L808BD300   
/* 0010C 808BD2EC A21902AA */  sb      $t9, 0x02AA($s0)           ## 000002AA
/* 00110 808BD2F0 24010002 */  addiu   $at, $zero, 0x0002         ## $at = 00000002
.L808BD2F4:
/* 00114 808BD2F4 14410002 */  bne     $v0, $at, .L808BD300       
/* 00118 808BD2F8 00000000 */  nop
/* 0011C 808BD2FC A200001F */  sb      $zero, 0x001F($s0)         ## 0000001F
.L808BD300:
/* 00120 808BD300 0C22F50A */  jal     func_808BD428              
/* 00124 808BD304 02002025 */  or      $a0, $s0, $zero            ## $a0 = 00000000
/* 00128 808BD308 8FBF002C */  lw      $ra, 0x002C($sp)           
/* 0012C 808BD30C 8FB00028 */  lw      $s0, 0x0028($sp)           
/* 00130 808BD310 27BD0030 */  addiu   $sp, $sp, 0x0030           ## $sp = 00000000
/* 00134 808BD314 03E00008 */  jr      $ra                        
/* 00138 808BD318 00000000 */  nop


glabel func_808BD31C
/* 0013C 808BD31C 27BDFFE8 */  addiu   $sp, $sp, 0xFFE8           ## $sp = FFFFFFE8
/* 00140 808BD320 AFBF0014 */  sw      $ra, 0x0014($sp)           
/* 00144 808BD324 00803025 */  or      $a2, $a0, $zero            ## $a2 = 00000000
/* 00148 808BD328 00A03825 */  or      $a3, $a1, $zero            ## $a3 = 00000000
/* 0014C 808BD32C 00E02025 */  or      $a0, $a3, $zero            ## $a0 = 00000000
/* 00150 808BD330 0C03847B */  jal     func_800E11EC              
/* 00154 808BD334 24C5027C */  addiu   $a1, $a2, 0x027C           ## $a1 = 0000027C
/* 00158 808BD338 8FBF0014 */  lw      $ra, 0x0014($sp)           
/* 0015C 808BD33C 27BD0018 */  addiu   $sp, $sp, 0x0018           ## $sp = 00000000
/* 00160 808BD340 03E00008 */  jr      $ra                        
/* 00164 808BD344 00000000 */  nop


glabel func_808BD348
/* 00168 808BD348 27BDFFE0 */  addiu   $sp, $sp, 0xFFE0           ## $sp = FFFFFFE0
/* 0016C 808BD34C AFBF001C */  sw      $ra, 0x001C($sp)           
/* 00170 808BD350 240E000A */  addiu   $t6, $zero, 0x000A         ## $t6 = 0000000A
/* 00174 808BD354 A08E018E */  sb      $t6, 0x018E($a0)           ## 0000018E
/* 00178 808BD358 3C01808C */  lui     $at, %hi(D_808BEFE0)       ## $at = 808C0000
/* 0017C 808BD35C C424EFE0 */  lwc1    $f4, %lo(D_808BEFE0)($at)  
/* 00180 808BD360 3C01808C */  lui     $at, %hi(D_808BEFE4)       ## $at = 808C0000
/* 00184 808BD364 240F0003 */  addiu   $t7, $zero, 0x0003         ## $t7 = 00000003
/* 00188 808BD368 E4840214 */  swc1    $f4, 0x0214($a0)           ## 00000214
/* 0018C 808BD36C C426EFE4 */  lwc1    $f6, %lo(D_808BEFE4)($at)  
/* 00190 808BD370 3C013F80 */  lui     $at, 0x3F80                ## $at = 3F800000
/* 00194 808BD374 44814000 */  mtc1    $at, $f8                   ## $f8 = 1.00
/* 00198 808BD378 24180050 */  addiu   $t8, $zero, 0x0050         ## $t8 = 00000050
/* 0019C 808BD37C A08F0290 */  sb      $t7, 0x0290($a0)           ## 00000290
/* 001A0 808BD380 A4980190 */  sh      $t8, 0x0190($a0)           ## 00000190
/* 001A4 808BD384 24190050 */  addiu   $t9, $zero, 0x0050         ## $t9 = 00000050
/* 001A8 808BD388 E4860218 */  swc1    $f6, 0x0218($a0)           ## 00000218
/* 001AC 808BD38C E4880210 */  swc1    $f8, 0x0210($a0)           ## 00000210
/* 001B0 808BD390 AFB90010 */  sw      $t9, 0x0010($sp)           
/* 001B4 808BD394 24054000 */  addiu   $a1, $zero, 0x4000         ## $a1 = 00004000
/* 001B8 808BD398 240600FF */  addiu   $a2, $zero, 0x00FF         ## $a2 = 000000FF
/* 001BC 808BD39C 0C02F2DC */  jal     func_800BCB70              
/* 001C0 808BD3A0 00003825 */  or      $a3, $zero, $zero          ## $a3 = 00000000
/* 001C4 808BD3A4 8FBF001C */  lw      $ra, 0x001C($sp)           
/* 001C8 808BD3A8 27BD0020 */  addiu   $sp, $sp, 0x0020           ## $sp = 00000000
/* 001CC 808BD3AC 03E00008 */  jr      $ra                        
/* 001D0 808BD3B0 00000000 */  nop


glabel func_808BD3B4
/* 001D4 808BD3B4 27BDFFD0 */  addiu   $sp, $sp, 0xFFD0           ## $sp = FFFFFFD0
/* 001D8 808BD3B8 AFB00028 */  sw      $s0, 0x0028($sp)           
/* 001DC 808BD3BC 00808025 */  or      $s0, $a0, $zero            ## $s0 = 00000000
/* 001E0 808BD3C0 AFBF002C */  sw      $ra, 0x002C($sp)           
/* 001E4 808BD3C4 AFA50034 */  sw      $a1, 0x0034($sp)           
/* 001E8 808BD3C8 920E018E */  lbu     $t6, 0x018E($s0)           ## 0000018E
/* 001EC 808BD3CC 2401000A */  addiu   $at, $zero, 0x000A         ## $at = 0000000A
/* 001F0 808BD3D0 240F0006 */  addiu   $t7, $zero, 0x0006         ## $t7 = 00000006
/* 001F4 808BD3D4 15C1000F */  bne     $t6, $at, .L808BD414       
/* 001F8 808BD3D8 02002825 */  or      $a1, $s0, $zero            ## $a1 = 00000000
/* 001FC 808BD3DC 3C01808C */  lui     $at, %hi(D_808BEFE8)       ## $at = 808C0000
/* 00200 808BD3E0 C420EFE8 */  lwc1    $f0, %lo(D_808BEFE8)($at)  
/* 00204 808BD3E4 44802000 */  mtc1    $zero, $f4                 ## $f4 = 0.00
/* 00208 808BD3E8 A200018E */  sb      $zero, 0x018E($s0)         ## 0000018E
/* 0020C 808BD3EC A20F0290 */  sb      $t7, 0x0290($s0)           ## 00000290
/* 00210 808BD3F0 E6040210 */  swc1    $f4, 0x0210($s0)           ## 00000210
/* 00214 808BD3F4 24180002 */  addiu   $t8, $zero, 0x0002         ## $t8 = 00000002
/* 00218 808BD3F8 AFB80010 */  sw      $t8, 0x0010($sp)           
/* 0021C 808BD3FC 8FA40034 */  lw      $a0, 0x0034($sp)           
/* 00220 808BD400 2606021C */  addiu   $a2, $s0, 0x021C           ## $a2 = 0000021C
/* 00224 808BD404 24070008 */  addiu   $a3, $zero, 0x0008         ## $a3 = 00000008
/* 00228 808BD408 E7A00018 */  swc1    $f0, 0x0018($sp)           
/* 0022C 808BD40C 0C02FDF3 */  jal     func_800BF7CC              
/* 00230 808BD410 E7A00014 */  swc1    $f0, 0x0014($sp)           
.L808BD414:
/* 00234 808BD414 8FBF002C */  lw      $ra, 0x002C($sp)           
/* 00238 808BD418 8FB00028 */  lw      $s0, 0x0028($sp)           
/* 0023C 808BD41C 27BD0030 */  addiu   $sp, $sp, 0x0030           ## $sp = 00000000
/* 00240 808BD420 03E00008 */  jr      $ra                        
/* 00244 808BD424 00000000 */  nop


glabel func_808BD428
/* 00248 808BD428 27BDFFE0 */  addiu   $sp, $sp, 0xFFE0           ## $sp = FFFFFFE0
/* 0024C 808BD42C AFB00018 */  sw      $s0, 0x0018($sp)           
/* 00250 808BD430 00808025 */  or      $s0, $a0, $zero            ## $s0 = 00000000
/* 00254 808BD434 AFBF001C */  sw      $ra, 0x001C($sp)           
/* 00258 808BD438 3C050600 */  lui     $a1, 0x0600                ## $a1 = 06000000
/* 0025C 808BD43C 24A53180 */  addiu   $a1, $a1, 0x3180           ## $a1 = 06003180
/* 00260 808BD440 26040144 */  addiu   $a0, $s0, 0x0144           ## $a0 = 00000144
/* 00264 808BD444 0C04DD39 */  jal     func_801374E4              
/* 00268 808BD448 24060000 */  addiu   $a2, $zero, 0x0000         ## $a2 = 00000000
/* 0026C 808BD44C 24040064 */  addiu   $a0, $zero, 0x0064         ## $a0 = 00000064
/* 00270 808BD450 0C03FD14 */  jal     func_800FF450              
/* 00274 808BD454 24050032 */  addiu   $a1, $zero, 0x0032         ## $a1 = 00000032
/* 00278 808BD458 240E0005 */  addiu   $t6, $zero, 0x0005         ## $t6 = 00000005
/* 0027C 808BD45C A6020190 */  sh      $v0, 0x0190($s0)           ## 00000190
/* 00280 808BD460 A60E02BE */  sh      $t6, 0x02BE($s0)           ## 000002BE
/* 00284 808BD464 26040024 */  addiu   $a0, $s0, 0x0024           ## $a0 = 00000024
/* 00288 808BD468 0C03FD43 */  jal     func_800FF50C              
/* 0028C 808BD46C 26050008 */  addiu   $a1, $s0, 0x0008           ## $a1 = 00000008
/* 00290 808BD470 920F028D */  lbu     $t7, 0x028D($s0)           ## 0000028D
/* 00294 808BD474 3C19808C */  lui     $t9, %hi(func_808BD49C)    ## $t9 = 808C0000
/* 00298 808BD478 2739D49C */  addiu   $t9, $t9, %lo(func_808BD49C) ## $t9 = 808BD49C
/* 0029C 808BD47C 31F8FFFE */  andi    $t8, $t7, 0xFFFE           ## $t8 = 00000000
/* 002A0 808BD480 A218028D */  sb      $t8, 0x028D($s0)           ## 0000028D
/* 002A4 808BD484 AE190188 */  sw      $t9, 0x0188($s0)           ## 00000188
/* 002A8 808BD488 8FBF001C */  lw      $ra, 0x001C($sp)           
/* 002AC 808BD48C 8FB00018 */  lw      $s0, 0x0018($sp)           
/* 002B0 808BD490 27BD0020 */  addiu   $sp, $sp, 0x0020           ## $sp = 00000000
/* 002B4 808BD494 03E00008 */  jr      $ra                        
/* 002B8 808BD498 00000000 */  nop


glabel func_808BD49C
/* 002BC 808BD49C 27BDFFD0 */  addiu   $sp, $sp, 0xFFD0           ## $sp = FFFFFFD0
/* 002C0 808BD4A0 AFB00018 */  sw      $s0, 0x0018($sp)           
/* 002C4 808BD4A4 00808025 */  or      $s0, $a0, $zero            ## $s0 = 00000000
/* 002C8 808BD4A8 AFBF001C */  sw      $ra, 0x001C($sp)           
/* 002CC 808BD4AC AFA50034 */  sw      $a1, 0x0034($sp)           
/* 002D0 808BD4B0 3C013F00 */  lui     $at, 0x3F00                ## $at = 3F000000
/* 002D4 808BD4B4 44813000 */  mtc1    $at, $f6                   ## $f6 = 0.50
/* 002D8 808BD4B8 C6040160 */  lwc1    $f4, 0x0160($s0)           ## 00000160
/* 002DC 808BD4BC 00001825 */  or      $v1, $zero, $zero          ## $v1 = 00000000
/* 002E0 808BD4C0 26040144 */  addiu   $a0, $s0, 0x0144           ## $a0 = 00000144
/* 002E4 808BD4C4 4606203C */  c.lt.s  $f4, $f6                   
/* 002E8 808BD4C8 3C054110 */  lui     $a1, 0x4110                ## $a1 = 41100000
/* 002EC 808BD4CC 45000002 */  bc1f    .L808BD4D8                 
/* 002F0 808BD4D0 00000000 */  nop
/* 002F4 808BD4D4 24030001 */  addiu   $v1, $zero, 0x0001         ## $v1 = 00000001
.L808BD4D8:
/* 002F8 808BD4D8 50600006 */  beql    $v1, $zero, .L808BD4F4     
/* 002FC 808BD4DC AFA3002C */  sw      $v1, 0x002C($sp)           
/* 00300 808BD4E0 86020190 */  lh      $v0, 0x0190($s0)           ## 00000190
/* 00304 808BD4E4 10400002 */  beq     $v0, $zero, .L808BD4F0     
/* 00308 808BD4E8 244EFFFF */  addiu   $t6, $v0, 0xFFFF           ## $t6 = FFFFFFFF
/* 0030C 808BD4EC A60E0190 */  sh      $t6, 0x0190($s0)           ## 00000190
.L808BD4F0:
/* 00310 808BD4F0 AFA3002C */  sw      $v1, 0x002C($sp)           
.L808BD4F4:
/* 00314 808BD4F4 0C04DE2E */  jal     func_801378B8              
/* 00318 808BD4F8 AFA40020 */  sw      $a0, 0x0020($sp)           
/* 0031C 808BD4FC 3C014110 */  lui     $at, 0x4110                ## $at = 41100000
/* 00320 808BD500 44816000 */  mtc1    $at, $f12                  ## $f12 = 9.00
/* 00324 808BD504 10400005 */  beq     $v0, $zero, .L808BD51C     
/* 00328 808BD508 8FA40020 */  lw      $a0, 0x0020($sp)           
/* 0032C 808BD50C 920F028D */  lbu     $t7, 0x028D($s0)           ## 0000028D
/* 00330 808BD510 35F80001 */  ori     $t8, $t7, 0x0001           ## $t8 = 00000001
/* 00334 808BD514 1000000C */  beq     $zero, $zero, .L808BD548   
/* 00338 808BD518 A218028D */  sb      $t8, 0x028D($s0)           ## 0000028D
.L808BD51C:
/* 0033C 808BD51C 0C04DE2E */  jal     func_801378B8              
/* 00340 808BD520 3C054100 */  lui     $a1, 0x4100                ## $a1 = 41000000
/* 00344 808BD524 3C014110 */  lui     $at, 0x4110                ## $at = 41100000
/* 00348 808BD528 44816000 */  mtc1    $at, $f12                  ## $f12 = 9.00
/* 0034C 808BD52C 10400006 */  beq     $v0, $zero, .L808BD548     
/* 00350 808BD530 02002025 */  or      $a0, $s0, $zero            ## $a0 = 00000000
/* 00354 808BD534 0C02E3B2 */  jal     func_800B8EC8              
/* 00358 808BD538 2405387C */  addiu   $a1, $zero, 0x387C         ## $a1 = 0000387C
/* 0035C 808BD53C 3C014110 */  lui     $at, 0x4110                ## $at = 41100000
/* 00360 808BD540 44816000 */  mtc1    $at, $f12                  ## $f12 = 9.00
/* 00364 808BD544 00000000 */  nop
.L808BD548:
/* 00368 808BD548 C600015C */  lwc1    $f0, 0x015C($s0)           ## 0000015C
/* 0036C 808BD54C 3C014140 */  lui     $at, 0x4140                ## $at = 41400000
/* 00370 808BD550 460C003C */  c.lt.s  $f0, $f12                  
/* 00374 808BD554 00000000 */  nop
/* 00378 808BD558 45020004 */  bc1fl   .L808BD56C                 
/* 0037C 808BD55C 44817000 */  mtc1    $at, $f14                  ## $f14 = 12.00
/* 00380 808BD560 1000000B */  beq     $zero, $zero, .L808BD590   
/* 00384 808BD564 46006006 */  mov.s   $f0, $f12                  
/* 00388 808BD568 44817000 */  mtc1    $at, $f14                  ## $f14 = 12.00
.L808BD56C:
/* 0038C 808BD56C 00000000 */  nop
/* 00390 808BD570 4600703C */  c.lt.s  $f14, $f0                  
/* 00394 808BD574 00000000 */  nop
/* 00398 808BD578 45020004 */  bc1fl   .L808BD58C                 
/* 0039C 808BD57C 46000086 */  mov.s   $f2, $f0                   
/* 003A0 808BD580 10000002 */  beq     $zero, $zero, .L808BD58C   
/* 003A4 808BD584 46007086 */  mov.s   $f2, $f14                  
/* 003A8 808BD588 46000086 */  mov.s   $f2, $f0                   
.L808BD58C:
/* 003AC 808BD58C 46001006 */  mov.s   $f0, $f2                   
.L808BD590:
/* 003B0 808BD590 460C0201 */  sub.s   $f8, $f0, $f12             
/* 003B4 808BD594 460C4282 */  mul.s   $f10, $f8, $f12            
/* 003B8 808BD598 4600540D */  trunc.w.s $f16, $f10                 
/* 003BC 808BD59C 44088000 */  mfc1    $t0, $f16                  
/* 003C0 808BD5A0 00000000 */  nop
/* 003C4 808BD5A4 25090005 */  addiu   $t1, $t0, 0x0005           ## $t1 = 00000005
/* 003C8 808BD5A8 A60902BE */  sh      $t1, 0x02BE($s0)           ## 000002BE
/* 003CC 808BD5AC 8FAA002C */  lw      $t2, 0x002C($sp)           
/* 003D0 808BD5B0 15400013 */  bne     $t2, $zero, .L808BD600     
/* 003D4 808BD5B4 00000000 */  nop
/* 003D8 808BD5B8 860B001C */  lh      $t3, 0x001C($s0)           ## 0000001C
/* 003DC 808BD5BC 15600010 */  bne     $t3, $zero, .L808BD600     
/* 003E0 808BD5C0 00000000 */  nop
/* 003E4 808BD5C4 0C04900F */  jal     func_8012403C              
/* 003E8 808BD5C8 8FA40034 */  lw      $a0, 0x0034($sp)           
/* 003EC 808BD5CC 24010010 */  addiu   $at, $zero, 0x0010         ## $at = 00000010
/* 003F0 808BD5D0 1041000B */  beq     $v0, $at, .L808BD600       
/* 003F4 808BD5D4 3C0142F0 */  lui     $at, 0x42F0                ## $at = 42F00000
/* 003F8 808BD5D8 44812000 */  mtc1    $at, $f4                   ## $f4 = 120.00
/* 003FC 808BD5DC C6120098 */  lwc1    $f18, 0x0098($s0)          ## 00000098
/* 00400 808BD5E0 4604903C */  c.lt.s  $f18, $f4                  
/* 00404 808BD5E4 00000000 */  nop
/* 00408 808BD5E8 45000005 */  bc1f    .L808BD600                 
/* 0040C 808BD5EC 00000000 */  nop
/* 00410 808BD5F0 0C22F727 */  jal     func_808BDC9C              
/* 00414 808BD5F4 02002025 */  or      $a0, $s0, $zero            ## $a0 = 00000000
/* 00418 808BD5F8 10000030 */  beq     $zero, $zero, .L808BD6BC   
/* 0041C 808BD5FC 8FAD002C */  lw      $t5, 0x002C($sp)           
.L808BD600:
/* 00420 808BD600 0C04DB34 */  jal     func_80136CD0              
/* 00424 808BD604 8FA40020 */  lw      $a0, 0x0020($sp)           
/* 00428 808BD608 5040002C */  beql    $v0, $zero, .L808BD6BC     
/* 0042C 808BD60C 8FAD002C */  lw      $t5, 0x002C($sp)           
/* 00430 808BD610 860C0190 */  lh      $t4, 0x0190($s0)           ## 00000190
/* 00434 808BD614 3C0143A0 */  lui     $at, 0x43A0                ## $at = 43A00000
/* 00438 808BD618 15800007 */  bne     $t4, $zero, .L808BD638     
/* 0043C 808BD61C 00000000 */  nop
/* 00440 808BD620 44813000 */  mtc1    $at, $f6                   ## $f6 = 320.00
/* 00444 808BD624 C6080098 */  lwc1    $f8, 0x0098($s0)           ## 00000098
/* 00448 808BD628 4608303C */  c.lt.s  $f6, $f8                   
/* 0044C 808BD62C 00000000 */  nop
/* 00450 808BD630 45010006 */  bc1t    .L808BD64C                 
/* 00454 808BD634 00000000 */  nop
.L808BD638:
/* 00458 808BD638 0C04900F */  jal     func_8012403C              
/* 0045C 808BD63C 8FA40034 */  lw      $a0, 0x0034($sp)           
/* 00460 808BD640 24010010 */  addiu   $at, $zero, 0x0010         ## $at = 00000010
/* 00464 808BD644 54410006 */  bnel    $v0, $at, .L808BD660       
/* 00468 808BD648 8602001C */  lh      $v0, 0x001C($s0)           ## 0000001C
.L808BD64C:
/* 0046C 808BD64C 0C22F5E3 */  jal     func_808BD78C              
/* 00470 808BD650 02002025 */  or      $a0, $s0, $zero            ## $a0 = 00000000
/* 00474 808BD654 10000019 */  beq     $zero, $zero, .L808BD6BC   
/* 00478 808BD658 8FAD002C */  lw      $t5, 0x002C($sp)           
/* 0047C 808BD65C 8602001C */  lh      $v0, 0x001C($s0)           ## 0000001C
.L808BD660:
/* 00480 808BD660 24010001 */  addiu   $at, $zero, 0x0001         ## $at = 00000001
/* 00484 808BD664 14410005 */  bne     $v0, $at, .L808BD67C       
/* 00488 808BD668 00000000 */  nop
/* 0048C 808BD66C 0C22F9A0 */  jal     func_808BE680              
/* 00490 808BD670 02002025 */  or      $a0, $s0, $zero            ## $a0 = 00000000
/* 00494 808BD674 10000011 */  beq     $zero, $zero, .L808BD6BC   
/* 00498 808BD678 8FAD002C */  lw      $t5, 0x002C($sp)           
.L808BD67C:
/* 0049C 808BD67C 1440000C */  bne     $v0, $zero, .L808BD6B0     
/* 004A0 808BD680 3C0142F0 */  lui     $at, 0x42F0                ## $at = 42F00000
/* 004A4 808BD684 C60A0098 */  lwc1    $f10, 0x0098($s0)          ## 00000098
/* 004A8 808BD688 44818000 */  mtc1    $at, $f16                  ## $f16 = 120.00
/* 004AC 808BD68C 00000000 */  nop
/* 004B0 808BD690 4610503C */  c.lt.s  $f10, $f16                 
/* 004B4 808BD694 00000000 */  nop
/* 004B8 808BD698 45000005 */  bc1f    .L808BD6B0                 
/* 004BC 808BD69C 00000000 */  nop
/* 004C0 808BD6A0 0C22F727 */  jal     func_808BDC9C              
/* 004C4 808BD6A4 02002025 */  or      $a0, $s0, $zero            ## $a0 = 00000000
/* 004C8 808BD6A8 10000004 */  beq     $zero, $zero, .L808BD6BC   
/* 004CC 808BD6AC 8FAD002C */  lw      $t5, 0x002C($sp)           
.L808BD6B0:
/* 004D0 808BD6B0 0C22F61C */  jal     func_808BD870              
/* 004D4 808BD6B4 02002025 */  or      $a0, $s0, $zero            ## $a0 = 00000000
/* 004D8 808BD6B8 8FAD002C */  lw      $t5, 0x002C($sp)           
.L808BD6BC:
/* 004DC 808BD6BC 3C014320 */  lui     $at, 0x4320                ## $at = 43200000
/* 004E0 808BD6C0 51A0002E */  beql    $t5, $zero, .L808BD77C     
/* 004E4 808BD6C4 8FBF001C */  lw      $ra, 0x001C($sp)           
/* 004E8 808BD6C8 C6020098 */  lwc1    $f2, 0x0098($s0)           ## 00000098
/* 004EC 808BD6CC 44819000 */  mtc1    $at, $f18                  ## $f18 = 160.00
/* 004F0 808BD6D0 00000000 */  nop
/* 004F4 808BD6D4 4602903C */  c.lt.s  $f18, $f2                  
/* 004F8 808BD6D8 00000000 */  nop
/* 004FC 808BD6DC 45030005 */  bc1tl   .L808BD6F4                 
/* 00500 808BD6E0 8602001C */  lh      $v0, 0x001C($s0)           ## 0000001C
/* 00504 808BD6E4 860E001C */  lh      $t6, 0x001C($s0)           ## 0000001C
/* 00508 808BD6E8 51C00024 */  beql    $t6, $zero, .L808BD77C     
/* 0050C 808BD6EC 8FBF001C */  lw      $ra, 0x001C($sp)           
/* 00510 808BD6F0 8602001C */  lh      $v0, 0x001C($s0)           ## 0000001C
.L808BD6F4:
/* 00514 808BD6F4 54400009 */  bnel    $v0, $zero, .L808BD71C     
/* 00518 808BD6F8 24010002 */  addiu   $at, $zero, 0x0002         ## $at = 00000002
/* 0051C 808BD6FC C600009C */  lwc1    $f0, 0x009C($s0)           ## 0000009C
/* 00520 808BD700 3C0142F0 */  lui     $at, 0x42F0                ## $at = 42F00000
/* 00524 808BD704 44812000 */  mtc1    $at, $f4                   ## $f4 = 120.00
/* 00528 808BD708 46000005 */  abs.s   $f0, $f0                   
/* 0052C 808BD70C 4604003C */  c.lt.s  $f0, $f4                   
/* 00530 808BD710 00000000 */  nop
/* 00534 808BD714 4501000B */  bc1t    .L808BD744                 
/* 00538 808BD718 24010002 */  addiu   $at, $zero, 0x0002         ## $at = 00000002
.L808BD71C:
/* 0053C 808BD71C 14410006 */  bne     $v0, $at, .L808BD738       
/* 00540 808BD720 3C01C270 */  lui     $at, 0xC270                ## $at = C2700000
/* 00544 808BD724 44813000 */  mtc1    $at, $f6                   ## $f6 = -60.00
/* 00548 808BD728 C608009C */  lwc1    $f8, 0x009C($s0)           ## 0000009C
/* 0054C 808BD72C 4608303C */  c.lt.s  $f6, $f8                   
/* 00550 808BD730 00000000 */  nop
/* 00554 808BD734 45010003 */  bc1t    .L808BD744                 
.L808BD738:
/* 00558 808BD738 24010001 */  addiu   $at, $zero, 0x0001         ## $at = 00000001
/* 0055C 808BD73C 5441000F */  bnel    $v0, $at, .L808BD77C       
/* 00560 808BD740 8FBF001C */  lw      $ra, 0x001C($sp)           
.L808BD744:
/* 00564 808BD744 860F0190 */  lh      $t7, 0x0190($s0)           ## 00000190
/* 00568 808BD748 3C0143F0 */  lui     $at, 0x43F0                ## $at = 43F00000
/* 0056C 808BD74C 51E00007 */  beql    $t7, $zero, .L808BD76C     
/* 00570 808BD750 3C013F80 */  lui     $at, 0x3F80                ## $at = 3F800000
/* 00574 808BD754 44815000 */  mtc1    $at, $f10                  ## $f10 = 1.00
/* 00578 808BD758 00000000 */  nop
/* 0057C 808BD75C 460A103C */  c.lt.s  $f2, $f10                  
/* 00580 808BD760 00000000 */  nop
/* 00584 808BD764 45000004 */  bc1f    .L808BD778                 
/* 00588 808BD768 3C013F80 */  lui     $at, 0x3F80                ## $at = 3F800000
.L808BD76C:
/* 0058C 808BD76C 44818000 */  mtc1    $at, $f16                  ## $f16 = 1.00
/* 00590 808BD770 00000000 */  nop
/* 00594 808BD774 E6100160 */  swc1    $f16, 0x0160($s0)          ## 00000160
.L808BD778:
/* 00598 808BD778 8FBF001C */  lw      $ra, 0x001C($sp)           
.L808BD77C:
/* 0059C 808BD77C 8FB00018 */  lw      $s0, 0x0018($sp)           
/* 005A0 808BD780 27BD0030 */  addiu   $sp, $sp, 0x0030           ## $sp = 00000000
/* 005A4 808BD784 03E00008 */  jr      $ra                        
/* 005A8 808BD788 00000000 */  nop


glabel func_808BD78C
/* 005AC 808BD78C 27BDFFE8 */  addiu   $sp, $sp, 0xFFE8           ## $sp = FFFFFFE8
/* 005B0 808BD790 AFBF0014 */  sw      $ra, 0x0014($sp)           
/* 005B4 808BD794 00803025 */  or      $a2, $a0, $zero            ## $a2 = 00000000
/* 005B8 808BD798 3C050600 */  lui     $a1, 0x0600                ## $a1 = 06000000
/* 005BC 808BD79C 24A52FA4 */  addiu   $a1, $a1, 0x2FA4           ## $a1 = 06002FA4
/* 005C0 808BD7A0 24C40144 */  addiu   $a0, $a2, 0x0144           ## $a0 = 00000144
/* 005C4 808BD7A4 0C04DD50 */  jal     func_80137540              
/* 005C8 808BD7A8 AFA60018 */  sw      $a2, 0x0018($sp)           
/* 005CC 808BD7AC 8FA60018 */  lw      $a2, 0x0018($sp)           
/* 005D0 808BD7B0 3C0F808C */  lui     $t7, %hi(func_808BD7D4)    ## $t7 = 808C0000
/* 005D4 808BD7B4 240E0002 */  addiu   $t6, $zero, 0x0002         ## $t6 = 00000002
/* 005D8 808BD7B8 25EFD7D4 */  addiu   $t7, $t7, %lo(func_808BD7D4) ## $t7 = 808BD7D4
/* 005DC 808BD7BC A4CE0190 */  sh      $t6, 0x0190($a2)           ## 00000190
/* 005E0 808BD7C0 ACCF0188 */  sw      $t7, 0x0188($a2)           ## 00000188
/* 005E4 808BD7C4 8FBF0014 */  lw      $ra, 0x0014($sp)           
/* 005E8 808BD7C8 27BD0018 */  addiu   $sp, $sp, 0x0018           ## $sp = 00000000
/* 005EC 808BD7CC 03E00008 */  jr      $ra                        
/* 005F0 808BD7D0 00000000 */  nop


glabel func_808BD7D4
/* 005F4 808BD7D4 27BDFFE0 */  addiu   $sp, $sp, 0xFFE0           ## $sp = FFFFFFE0
/* 005F8 808BD7D8 AFBF0014 */  sw      $ra, 0x0014($sp)           
/* 005FC 808BD7DC AFA50024 */  sw      $a1, 0x0024($sp)           
/* 00600 808BD7E0 00803025 */  or      $a2, $a0, $zero            ## $a2 = 00000000
/* 00604 808BD7E4 24C40144 */  addiu   $a0, $a2, 0x0144           ## $a0 = 00000144
/* 00608 808BD7E8 AFA4001C */  sw      $a0, 0x001C($sp)           
/* 0060C 808BD7EC 0C04DB34 */  jal     func_80136CD0              
/* 00610 808BD7F0 AFA60020 */  sw      $a2, 0x0020($sp)           
/* 00614 808BD7F4 8FA4001C */  lw      $a0, 0x001C($sp)           
/* 00618 808BD7F8 0C04DE2E */  jal     func_801378B8              
/* 0061C 808BD7FC 24050000 */  addiu   $a1, $zero, 0x0000         ## $a1 = 00000000
/* 00620 808BD800 10400005 */  beq     $v0, $zero, .L808BD818     
/* 00624 808BD804 8FA60020 */  lw      $a2, 0x0020($sp)           
/* 00628 808BD808 84C20190 */  lh      $v0, 0x0190($a2)           ## 00000190
/* 0062C 808BD80C 10400002 */  beq     $v0, $zero, .L808BD818     
/* 00630 808BD810 244EFFFF */  addiu   $t6, $v0, 0xFFFF           ## $t6 = FFFFFFFF
/* 00634 808BD814 A4CE0190 */  sh      $t6, 0x0190($a2)           ## 00000190
.L808BD818:
/* 00638 808BD818 84CF0190 */  lh      $t7, 0x0190($a2)           ## 00000190
/* 0063C 808BD81C 3C0142F0 */  lui     $at, 0x42F0                ## $at = 42F00000
/* 00640 808BD820 11E0000D */  beq     $t7, $zero, .L808BD858     
/* 00644 808BD824 00000000 */  nop
/* 00648 808BD828 C4C40098 */  lwc1    $f4, 0x0098($a2)           ## 00000098
/* 0064C 808BD82C 44813000 */  mtc1    $at, $f6                   ## $f6 = 120.00
/* 00650 808BD830 8FA40024 */  lw      $a0, 0x0024($sp)           
/* 00654 808BD834 4606203C */  c.lt.s  $f4, $f6                   
/* 00658 808BD838 00000000 */  nop
/* 0065C 808BD83C 45020009 */  bc1fl   .L808BD864                 
/* 00660 808BD840 8FBF0014 */  lw      $ra, 0x0014($sp)           
/* 00664 808BD844 0C04900F */  jal     func_8012403C              
/* 00668 808BD848 AFA60020 */  sw      $a2, 0x0020($sp)           
/* 0066C 808BD84C 24010010 */  addiu   $at, $zero, 0x0010         ## $at = 00000010
/* 00670 808BD850 10410003 */  beq     $v0, $at, .L808BD860       
/* 00674 808BD854 8FA60020 */  lw      $a2, 0x0020($sp)           
.L808BD858:
/* 00678 808BD858 0C22F727 */  jal     func_808BDC9C              
/* 0067C 808BD85C 00C02025 */  or      $a0, $a2, $zero            ## $a0 = 00000000
.L808BD860:
/* 00680 808BD860 8FBF0014 */  lw      $ra, 0x0014($sp)           
.L808BD864:
/* 00684 808BD864 27BD0020 */  addiu   $sp, $sp, 0x0020           ## $sp = 00000000
/* 00688 808BD868 03E00008 */  jr      $ra                        
/* 0068C 808BD86C 00000000 */  nop


glabel func_808BD870
/* 00690 808BD870 27BDFFE8 */  addiu   $sp, $sp, 0xFFE8           ## $sp = FFFFFFE8
/* 00694 808BD874 AFBF0014 */  sw      $ra, 0x0014($sp)           
/* 00698 808BD878 00803825 */  or      $a3, $a0, $zero            ## $a3 = 00000000
/* 0069C 808BD87C 3C050600 */  lui     $a1, 0x0600                ## $a1 = 06000000
/* 006A0 808BD880 24A5326C */  addiu   $a1, $a1, 0x326C           ## $a1 = 0600326C
/* 006A4 808BD884 24E40144 */  addiu   $a0, $a3, 0x0144           ## $a0 = 00000144
/* 006A8 808BD888 3C06C040 */  lui     $a2, 0xC040                ## $a2 = C0400000
/* 006AC 808BD88C 0C04DD65 */  jal     func_80137594              
/* 006B0 808BD890 AFA70018 */  sw      $a3, 0x0018($sp)           
/* 006B4 808BD894 8FA70018 */  lw      $a3, 0x0018($sp)           
/* 006B8 808BD898 3C0E808C */  lui     $t6, %hi(func_808BDA4C)    ## $t6 = 808C0000
/* 006BC 808BD89C 25CEDA4C */  addiu   $t6, $t6, %lo(func_808BDA4C) ## $t6 = 808BDA4C
/* 006C0 808BD8A0 8CEF0188 */  lw      $t7, 0x0188($a3)           ## 00000188
/* 006C4 808BD8A4 3C08808C */  lui     $t0, %hi(func_808BD8D8)    ## $t0 = 808C0000
/* 006C8 808BD8A8 24190001 */  addiu   $t9, $zero, 0x0001         ## $t9 = 00000001
/* 006CC 808BD8AC 15CF0004 */  bne     $t6, $t7, .L808BD8C0       
/* 006D0 808BD8B0 2508D8D8 */  addiu   $t0, $t0, %lo(func_808BD8D8) ## $t0 = 808BD8D8
/* 006D4 808BD8B4 24181002 */  addiu   $t8, $zero, 0x1002         ## $t8 = 00001002
/* 006D8 808BD8B8 10000002 */  beq     $zero, $zero, .L808BD8C4   
/* 006DC 808BD8BC A4F80190 */  sh      $t8, 0x0190($a3)           ## 00000190
.L808BD8C0:
/* 006E0 808BD8C0 A4F90190 */  sh      $t9, 0x0190($a3)           ## 00000190
.L808BD8C4:
/* 006E4 808BD8C4 ACE80188 */  sw      $t0, 0x0188($a3)           ## 00000188
/* 006E8 808BD8C8 8FBF0014 */  lw      $ra, 0x0014($sp)           
/* 006EC 808BD8CC 27BD0018 */  addiu   $sp, $sp, 0x0018           ## $sp = 00000000
/* 006F0 808BD8D0 03E00008 */  jr      $ra                        
/* 006F4 808BD8D4 00000000 */  nop


glabel func_808BD8D8
/* 006F8 808BD8D8 27BDFFD8 */  addiu   $sp, $sp, 0xFFD8           ## $sp = FFFFFFD8
/* 006FC 808BD8DC AFB00018 */  sw      $s0, 0x0018($sp)           
/* 00700 808BD8E0 00808025 */  or      $s0, $a0, $zero            ## $s0 = 00000000
/* 00704 808BD8E4 AFBF001C */  sw      $ra, 0x001C($sp)           
/* 00708 808BD8E8 AFA5002C */  sw      $a1, 0x002C($sp)           
/* 0070C 808BD8EC 26040144 */  addiu   $a0, $s0, 0x0144           ## $a0 = 00000144
/* 00710 808BD8F0 0C04DB34 */  jal     func_80136CD0              
/* 00714 808BD8F4 AFA40024 */  sw      $a0, 0x0024($sp)           
/* 00718 808BD8F8 8FA40024 */  lw      $a0, 0x0024($sp)           
/* 0071C 808BD8FC 0C04DE2E */  jal     func_801378B8              
/* 00720 808BD900 24050000 */  addiu   $a1, $zero, 0x0000         ## $a1 = 00000000
/* 00724 808BD904 10400005 */  beq     $v0, $zero, .L808BD91C     
/* 00728 808BD908 260400BE */  addiu   $a0, $s0, 0x00BE           ## $a0 = 000000BE
/* 0072C 808BD90C 86020190 */  lh      $v0, 0x0190($s0)           ## 00000190
/* 00730 808BD910 10400002 */  beq     $v0, $zero, .L808BD91C     
/* 00734 808BD914 244EFFFF */  addiu   $t6, $v0, 0xFFFF           ## $t6 = FFFFFFFF
/* 00738 808BD918 A60E0190 */  sh      $t6, 0x0190($s0)           ## 00000190
.L808BD91C:
/* 0073C 808BD91C 86020190 */  lh      $v0, 0x0190($s0)           ## 00000190
/* 00740 808BD920 24060002 */  addiu   $a2, $zero, 0x0002         ## $a2 = 00000002
/* 00744 808BD924 24070E38 */  addiu   $a3, $zero, 0x0E38         ## $a3 = 00000E38
/* 00748 808BD928 304F1000 */  andi    $t7, $v0, 0x1000           ## $t7 = 00000000
/* 0074C 808BD92C 55E00005 */  bnel    $t7, $zero, .L808BD944     
/* 00750 808BD930 24011000 */  addiu   $at, $zero, 0x1000         ## $at = 00001000
/* 00754 808BD934 0C03FFF6 */  jal     func_800FFFD8              
/* 00758 808BD938 86050092 */  lh      $a1, 0x0092($s0)           ## 00000092
/* 0075C 808BD93C 86020190 */  lh      $v0, 0x0190($s0)           ## 00000190
/* 00760 808BD940 24011000 */  addiu   $at, $zero, 0x1000         ## $at = 00001000
.L808BD944:
/* 00764 808BD944 1441001E */  bne     $v0, $at, .L808BD9C0       
/* 00768 808BD948 3C0143F0 */  lui     $at, 0x43F0                ## $at = 43F00000
/* 0076C 808BD94C 44812000 */  mtc1    $at, $f4                   ## $f4 = 480.00
/* 00770 808BD950 C6000098 */  lwc1    $f0, 0x0098($s0)           ## 00000098
/* 00774 808BD954 4600203C */  c.lt.s  $f4, $f0                   
/* 00778 808BD958 00000000 */  nop
/* 0077C 808BD95C 45010010 */  bc1t    .L808BD9A0                 
/* 00780 808BD960 00000000 */  nop
/* 00784 808BD964 8618001C */  lh      $t8, 0x001C($s0)           ## 0000001C
/* 00788 808BD968 3C0142F0 */  lui     $at, 0x42F0                ## $at = 42F00000
/* 0078C 808BD96C 17000007 */  bne     $t8, $zero, .L808BD98C     
/* 00790 808BD970 00000000 */  nop
/* 00794 808BD974 44813000 */  mtc1    $at, $f6                   ## $f6 = 120.00
/* 00798 808BD978 00000000 */  nop
/* 0079C 808BD97C 4606003C */  c.lt.s  $f0, $f6                   
/* 007A0 808BD980 00000000 */  nop
/* 007A4 808BD984 45010006 */  bc1t    .L808BD9A0                 
/* 007A8 808BD988 00000000 */  nop
.L808BD98C:
/* 007AC 808BD98C 0C04900F */  jal     func_8012403C              
/* 007B0 808BD990 8FA4002C */  lw      $a0, 0x002C($sp)           
/* 007B4 808BD994 24010010 */  addiu   $at, $zero, 0x0010         ## $at = 00000010
/* 007B8 808BD998 14410005 */  bne     $v0, $at, .L808BD9B0       
/* 007BC 808BD99C 00000000 */  nop
.L808BD9A0:
/* 007C0 808BD9A0 0C22F727 */  jal     func_808BDC9C              
/* 007C4 808BD9A4 02002025 */  or      $a0, $s0, $zero            ## $a0 = 00000000
/* 007C8 808BD9A8 10000013 */  beq     $zero, $zero, .L808BD9F8   
/* 007CC 808BD9AC 8FBF001C */  lw      $ra, 0x001C($sp)           
.L808BD9B0:
/* 007D0 808BD9B0 0C22F682 */  jal     func_808BDA08              
/* 007D4 808BD9B4 02002025 */  or      $a0, $s0, $zero            ## $a0 = 00000000
/* 007D8 808BD9B8 1000000F */  beq     $zero, $zero, .L808BD9F8   
/* 007DC 808BD9BC 8FBF001C */  lw      $ra, 0x001C($sp)           
.L808BD9C0:
/* 007E0 808BD9C0 5440000D */  bnel    $v0, $zero, .L808BD9F8     
/* 007E4 808BD9C4 8FBF001C */  lw      $ra, 0x001C($sp)           
/* 007E8 808BD9C8 0C04900F */  jal     func_8012403C              
/* 007EC 808BD9CC 8FA4002C */  lw      $a0, 0x002C($sp)           
/* 007F0 808BD9D0 24010010 */  addiu   $at, $zero, 0x0010         ## $at = 00000010
/* 007F4 808BD9D4 14410005 */  bne     $v0, $at, .L808BD9EC       
/* 007F8 808BD9D8 00000000 */  nop
/* 007FC 808BD9DC 0C22F727 */  jal     func_808BDC9C              
/* 00800 808BD9E0 02002025 */  or      $a0, $s0, $zero            ## $a0 = 00000000
/* 00804 808BD9E4 10000004 */  beq     $zero, $zero, .L808BD9F8   
/* 00808 808BD9E8 8FBF001C */  lw      $ra, 0x001C($sp)           
.L808BD9EC:
/* 0080C 808BD9EC 0C22F682 */  jal     func_808BDA08              
/* 00810 808BD9F0 02002025 */  or      $a0, $s0, $zero            ## $a0 = 00000000
/* 00814 808BD9F4 8FBF001C */  lw      $ra, 0x001C($sp)           
.L808BD9F8:
/* 00818 808BD9F8 8FB00018 */  lw      $s0, 0x0018($sp)           
/* 0081C 808BD9FC 27BD0028 */  addiu   $sp, $sp, 0x0028           ## $sp = 00000000
/* 00820 808BDA00 03E00008 */  jr      $ra                        
/* 00824 808BDA04 00000000 */  nop


glabel func_808BDA08
/* 00828 808BDA08 27BDFFE8 */  addiu   $sp, $sp, 0xFFE8           ## $sp = FFFFFFE8
/* 0082C 808BDA0C AFBF0014 */  sw      $ra, 0x0014($sp)           
/* 00830 808BDA10 00803025 */  or      $a2, $a0, $zero            ## $a2 = 00000000
/* 00834 808BDA14 3C050600 */  lui     $a1, 0x0600                ## $a1 = 06000000
/* 00838 808BDA18 24A50168 */  addiu   $a1, $a1, 0x0168           ## $a1 = 06000168
/* 0083C 808BDA1C 24C40144 */  addiu   $a0, $a2, 0x0144           ## $a0 = 00000144
/* 00840 808BDA20 0C04DD0C */  jal     func_80137430              
/* 00844 808BDA24 AFA60018 */  sw      $a2, 0x0018($sp)           
/* 00848 808BDA28 8FA60018 */  lw      $a2, 0x0018($sp)           
/* 0084C 808BDA2C 3C0F808C */  lui     $t7, %hi(func_808BDA4C)    ## $t7 = 808C0000
/* 00850 808BDA30 25EFDA4C */  addiu   $t7, $t7, %lo(func_808BDA4C) ## $t7 = 808BDA4C
/* 00854 808BDA34 84CE0194 */  lh      $t6, 0x0194($a2)           ## 00000194
/* 00858 808BDA38 ACCF0188 */  sw      $t7, 0x0188($a2)           ## 00000188
/* 0085C 808BDA3C A4CE0190 */  sh      $t6, 0x0190($a2)           ## 00000190
/* 00860 808BDA40 8FBF0014 */  lw      $ra, 0x0014($sp)           
/* 00864 808BDA44 03E00008 */  jr      $ra                        
/* 00868 808BDA48 27BD0018 */  addiu   $sp, $sp, 0x0018           ## $sp = 00000000


glabel func_808BDA4C
/* 0086C 808BDA4C 27BDFF98 */  addiu   $sp, $sp, 0xFF98           ## $sp = FFFFFF98
/* 00870 808BDA50 AFB00030 */  sw      $s0, 0x0030($sp)           
/* 00874 808BDA54 00808025 */  or      $s0, $a0, $zero            ## $s0 = 00000000
/* 00878 808BDA58 AFBF0034 */  sw      $ra, 0x0034($sp)           
/* 0087C 808BDA5C AFA5006C */  sw      $a1, 0x006C($sp)           
/* 00880 808BDA60 260400BE */  addiu   $a0, $s0, 0x00BE           ## $a0 = 000000BE
/* 00884 808BDA64 86050092 */  lh      $a1, 0x0092($s0)           ## 00000092
/* 00888 808BDA68 24060002 */  addiu   $a2, $zero, 0x0002         ## $a2 = 00000002
/* 0088C 808BDA6C 0C03FFF6 */  jal     func_800FFFD8              
/* 00890 808BDA70 24070E38 */  addiu   $a3, $zero, 0x0E38         ## $a3 = 00000E38
/* 00894 808BDA74 860E001C */  lh      $t6, 0x001C($s0)           ## 0000001C
/* 00898 808BDA78 24010002 */  addiu   $at, $zero, 0x0002         ## $at = 00000002
/* 0089C 808BDA7C 8FAF006C */  lw      $t7, 0x006C($sp)           
/* 008A0 808BDA80 55C1002A */  bnel    $t6, $at, .L808BDB2C       
/* 008A4 808BDA84 26040144 */  addiu   $a0, $s0, 0x0144           ## $a0 = 00000144
/* 008A8 808BDA88 8DE21CCC */  lw      $v0, 0x1CCC($t7)           ## 00001CCC
/* 008AC 808BDA8C 3C014220 */  lui     $at, 0x4220                ## $at = 42200000
/* 008B0 808BDA90 44815000 */  mtc1    $at, $f10                  ## $f10 = 40.00
/* 008B4 808BDA94 C4440024 */  lwc1    $f4, 0x0024($v0)           ## 00000024
/* 008B8 808BDA98 02002025 */  or      $a0, $s0, $zero            ## $a0 = 00000000
/* 008BC 808BDA9C 27A50058 */  addiu   $a1, $sp, 0x0058           ## $a1 = FFFFFFF0
/* 008C0 808BDAA0 E7A40058 */  swc1    $f4, 0x0058($sp)           
/* 008C4 808BDAA4 C446002C */  lwc1    $f6, 0x002C($v0)           ## 0000002C
/* 008C8 808BDAA8 E7A60060 */  swc1    $f6, 0x0060($sp)           
/* 008CC 808BDAAC C4480028 */  lwc1    $f8, 0x0028($v0)           ## 00000028
/* 008D0 808BDAB0 460A4400 */  add.s   $f16, $f8, $f10            
/* 008D4 808BDAB4 0C02DB6A */  jal     func_800B6DA8              
/* 008D8 808BDAB8 E7B0005C */  swc1    $f16, 0x005C($sp)          
/* 008DC 808BDABC 2841C800 */  slti    $at, $v0, 0xC800           
/* 008E0 808BDAC0 10200003 */  beq     $at, $zero, .L808BDAD0     
/* 008E4 808BDAC4 26040030 */  addiu   $a0, $s0, 0x0030           ## $a0 = 00000030
/* 008E8 808BDAC8 10000008 */  beq     $zero, $zero, .L808BDAEC   
/* 008EC 808BDACC 2405C800 */  addiu   $a1, $zero, 0xC800         ## $a1 = FFFFC800
.L808BDAD0:
/* 008F0 808BDAD0 2841E001 */  slti    $at, $v0, 0xE001           
/* 008F4 808BDAD4 14200003 */  bne     $at, $zero, .L808BDAE4     
/* 008F8 808BDAD8 00401825 */  or      $v1, $v0, $zero            ## $v1 = 00000000
/* 008FC 808BDADC 10000001 */  beq     $zero, $zero, .L808BDAE4   
/* 00900 808BDAE0 2403E000 */  addiu   $v1, $zero, 0xE000         ## $v1 = FFFFE000
.L808BDAE4:
/* 00904 808BDAE4 00032C00 */  sll     $a1, $v1, 16               
/* 00908 808BDAE8 00052C03 */  sra     $a1, $a1, 16               
.L808BDAEC:
/* 0090C 808BDAEC 3C0140E0 */  lui     $at, 0x40E0                ## $at = 40E00000
/* 00910 808BDAF0 44812000 */  mtc1    $at, $f4                   ## $f4 = 7.00
/* 00914 808BDAF4 C612015C */  lwc1    $f18, 0x015C($s0)          ## 0000015C
/* 00918 808BDAF8 24060800 */  addiu   $a2, $zero, 0x0800         ## $a2 = 00000800
/* 0091C 808BDAFC 4604903C */  c.lt.s  $f18, $f4                  
/* 00920 808BDB00 00000000 */  nop
/* 00924 808BDB04 45000006 */  bc1f    .L808BDB20                 
/* 00928 808BDB08 00000000 */  nop
/* 0092C 808BDB0C 26040030 */  addiu   $a0, $s0, 0x0030           ## $a0 = 00000030
/* 00930 808BDB10 0C03FB9C */  jal     func_800FEE70              
/* 00934 808BDB14 24060800 */  addiu   $a2, $zero, 0x0800         ## $a2 = 00000800
/* 00938 808BDB18 10000004 */  beq     $zero, $zero, .L808BDB2C   
/* 0093C 808BDB1C 26040144 */  addiu   $a0, $s0, 0x0144           ## $a0 = 00000144
.L808BDB20:
/* 00940 808BDB20 0C03FB9C */  jal     func_800FEE70              
/* 00944 808BDB24 00002825 */  or      $a1, $zero, $zero          ## $a1 = 00000000
/* 00948 808BDB28 26040144 */  addiu   $a0, $s0, 0x0144           ## $a0 = 00000144
.L808BDB2C:
/* 0094C 808BDB2C 0C04DB34 */  jal     func_80136CD0              
/* 00950 808BDB30 AFA40038 */  sw      $a0, 0x0038($sp)           
/* 00954 808BDB34 10400006 */  beq     $v0, $zero, .L808BDB50     
/* 00958 808BDB38 8FA40038 */  lw      $a0, 0x0038($sp)           
/* 0095C 808BDB3C A6000030 */  sh      $zero, 0x0030($s0)         ## 00000030
/* 00960 808BDB40 0C22F61C */  jal     func_808BD870              
/* 00964 808BDB44 02002025 */  or      $a0, $s0, $zero            ## $a0 = 00000000
/* 00968 808BDB48 10000050 */  beq     $zero, $zero, .L808BDC8C   
/* 0096C 808BDB4C 8FBF0034 */  lw      $ra, 0x0034($sp)           
.L808BDB50:
/* 00970 808BDB50 0C04DE2E */  jal     func_801378B8              
/* 00974 808BDB54 3C0540E0 */  lui     $a1, 0x40E0                ## $a1 = 40E00000
/* 00978 808BDB58 5040003B */  beql    $v0, $zero, .L808BDC48     
/* 0097C 808BDB5C 860A0190 */  lh      $t2, 0x0190($s0)           ## 00000190
/* 00980 808BDB60 0C03FB51 */  jal     func_800FED44              
/* 00984 808BDB64 86040030 */  lh      $a0, 0x0030($s0)           ## 00000030
/* 00988 808BDB68 3C014170 */  lui     $at, 0x4170                ## $at = 41700000
/* 0098C 808BDB6C 44813000 */  mtc1    $at, $f6                   ## $f6 = 15.00
/* 00990 808BDB70 00000000 */  nop
/* 00994 808BDB74 46060202 */  mul.s   $f8, $f0, $f6              
/* 00998 808BDB78 E7A80044 */  swc1    $f8, 0x0044($sp)           
/* 0099C 808BDB7C 0C03FB61 */  jal     func_800FED84              
/* 009A0 808BDB80 860400BE */  lh      $a0, 0x00BE($s0)           ## 000000BE
/* 009A4 808BDB84 C7AA0044 */  lwc1    $f10, 0x0044($sp)          
/* 009A8 808BDB88 C6120024 */  lwc1    $f18, 0x0024($s0)          ## 00000024
/* 009AC 808BDB8C 460A0402 */  mul.s   $f16, $f0, $f10            
/* 009B0 808BDB90 46128100 */  add.s   $f4, $f16, $f18            
/* 009B4 808BDB94 E7A40048 */  swc1    $f4, 0x0048($sp)           
/* 009B8 808BDB98 0C03FB61 */  jal     func_800FED84              
/* 009BC 808BDB9C 86040030 */  lh      $a0, 0x0030($s0)           ## 00000030
/* 009C0 808BDBA0 3C014140 */  lui     $at, 0x4140                ## $at = 41400000
/* 009C4 808BDBA4 44814000 */  mtc1    $at, $f8                   ## $f8 = 12.00
/* 009C8 808BDBA8 3C014170 */  lui     $at, 0x4170                ## $at = 41700000
/* 009CC 808BDBAC 44818000 */  mtc1    $at, $f16                  ## $f16 = 15.00
/* 009D0 808BDBB0 C6060028 */  lwc1    $f6, 0x0028($s0)           ## 00000028
/* 009D4 808BDBB4 46100482 */  mul.s   $f18, $f0, $f16            
/* 009D8 808BDBB8 46083280 */  add.s   $f10, $f6, $f8             
/* 009DC 808BDBBC 46125101 */  sub.s   $f4, $f10, $f18            
/* 009E0 808BDBC0 E7A4004C */  swc1    $f4, 0x004C($sp)           
/* 009E4 808BDBC4 0C03FB51 */  jal     func_800FED44              
/* 009E8 808BDBC8 860400BE */  lh      $a0, 0x00BE($s0)           ## 000000BE
/* 009EC 808BDBCC C7A60044 */  lwc1    $f6, 0x0044($sp)           
/* 009F0 808BDBD0 8618001C */  lh      $t8, 0x001C($s0)           ## 0000001C
/* 009F4 808BDBD4 C610002C */  lwc1    $f16, 0x002C($s0)          ## 0000002C
/* 009F8 808BDBD8 46060202 */  mul.s   $f8, $f0, $f6              
/* 009FC 808BDBDC 24010002 */  addiu   $at, $zero, 0x0002         ## $at = 00000002
/* 00A00 808BDBE0 00001025 */  or      $v0, $zero, $zero          ## $v0 = 00000000
/* 00A04 808BDBE4 8FA5006C */  lw      $a1, 0x006C($sp)           
/* 00A08 808BDBE8 C7AA004C */  lwc1    $f10, 0x004C($sp)          
/* 00A0C 808BDBEC 17010003 */  bne     $t8, $at, .L808BDBFC       
/* 00A10 808BDBF0 46104080 */  add.s   $f2, $f8, $f16             
/* 00A14 808BDBF4 10000001 */  beq     $zero, $zero, .L808BDBFC   
/* 00A18 808BDBF8 24020002 */  addiu   $v0, $zero, 0x0002         ## $v0 = 00000002
.L808BDBFC:
/* 00A1C 808BDBFC E7AA0010 */  swc1    $f10, 0x0010($sp)          
/* 00A20 808BDC00 E7A20014 */  swc1    $f2, 0x0014($sp)           
/* 00A24 808BDC04 86080030 */  lh      $t0, 0x0030($s0)           ## 00000030
/* 00A28 808BDC08 24A41CA0 */  addiu   $a0, $a1, 0x1CA0           ## $a0 = 00001CA0
/* 00A2C 808BDC0C 240600DA */  addiu   $a2, $zero, 0x00DA         ## $a2 = 000000DA
/* 00A30 808BDC10 AFA80018 */  sw      $t0, 0x0018($sp)           
/* 00A34 808BDC14 860900BE */  lh      $t1, 0x00BE($s0)           ## 000000BE
/* 00A38 808BDC18 AFA20024 */  sw      $v0, 0x0024($sp)           
/* 00A3C 808BDC1C AFA00020 */  sw      $zero, 0x0020($sp)         
/* 00A40 808BDC20 8FA70048 */  lw      $a3, 0x0048($sp)           
/* 00A44 808BDC24 0C02EB18 */  jal     func_800BAC60              
/* 00A48 808BDC28 AFA9001C */  sw      $t1, 0x001C($sp)           
/* 00A4C 808BDC2C 10400016 */  beq     $v0, $zero, .L808BDC88     
/* 00A50 808BDC30 02002025 */  or      $a0, $s0, $zero            ## $a0 = 00000000
/* 00A54 808BDC34 0C02E3B2 */  jal     func_800B8EC8              
/* 00A58 808BDC38 2405387E */  addiu   $a1, $zero, 0x387E         ## $a1 = 0000387E
/* 00A5C 808BDC3C 10000013 */  beq     $zero, $zero, .L808BDC8C   
/* 00A60 808BDC40 8FBF0034 */  lw      $ra, 0x0034($sp)           
/* 00A64 808BDC44 860A0190 */  lh      $t2, 0x0190($s0)           ## 00000190
.L808BDC48:
/* 00A68 808BDC48 8FA40038 */  lw      $a0, 0x0038($sp)           
/* 00A6C 808BDC4C 29410002 */  slti    $at, $t2, 0x0002           
/* 00A70 808BDC50 5420000E */  bnel    $at, $zero, .L808BDC8C     
/* 00A74 808BDC54 8FBF0034 */  lw      $ra, 0x0034($sp)           
/* 00A78 808BDC58 0C04DE2E */  jal     func_801378B8              
/* 00A7C 808BDC5C 3C054140 */  lui     $a1, 0x4140                ## $a1 = 41400000
/* 00A80 808BDC60 10400009 */  beq     $v0, $zero, .L808BDC88     
/* 00A84 808BDC64 8FA40038 */  lw      $a0, 0x0038($sp)           
/* 00A88 808BDC68 3C050600 */  lui     $a1, 0x0600                ## $a1 = 06000000
/* 00A8C 808BDC6C 24A50168 */  addiu   $a1, $a1, 0x0168           ## $a1 = 06000168
/* 00A90 808BDC70 0C04DD22 */  jal     func_80137488              
/* 00A94 808BDC74 3C06C040 */  lui     $a2, 0xC040                ## $a2 = C0400000
/* 00A98 808BDC78 86020190 */  lh      $v0, 0x0190($s0)           ## 00000190
/* 00A9C 808BDC7C 10400002 */  beq     $v0, $zero, .L808BDC88     
/* 00AA0 808BDC80 244BFFFF */  addiu   $t3, $v0, 0xFFFF           ## $t3 = FFFFFFFF
/* 00AA4 808BDC84 A60B0190 */  sh      $t3, 0x0190($s0)           ## 00000190
.L808BDC88:
/* 00AA8 808BDC88 8FBF0034 */  lw      $ra, 0x0034($sp)           
.L808BDC8C:
/* 00AAC 808BDC8C 8FB00030 */  lw      $s0, 0x0030($sp)           
/* 00AB0 808BDC90 27BD0068 */  addiu   $sp, $sp, 0x0068           ## $sp = 00000000
/* 00AB4 808BDC94 03E00008 */  jr      $ra                        
/* 00AB8 808BDC98 00000000 */  nop


glabel func_808BDC9C
/* 00ABC 808BDC9C 27BDFFE8 */  addiu   $sp, $sp, 0xFFE8           ## $sp = FFFFFFE8
/* 00AC0 808BDCA0 AFBF0014 */  sw      $ra, 0x0014($sp)           
/* 00AC4 808BDCA4 AFA40018 */  sw      $a0, 0x0018($sp)           
/* 00AC8 808BDCA8 8FA40018 */  lw      $a0, 0x0018($sp)           
/* 00ACC 808BDCAC 3C050600 */  lui     $a1, 0x0600                ## $a1 = 06000000
/* 00AD0 808BDCB0 24A52A5C */  addiu   $a1, $a1, 0x2A5C           ## $a1 = 06002A5C
/* 00AD4 808BDCB4 3C06C0A0 */  lui     $a2, 0xC0A0                ## $a2 = C0A00000
/* 00AD8 808BDCB8 0C04DD22 */  jal     func_80137488              
/* 00ADC 808BDCBC 24840144 */  addiu   $a0, $a0, 0x0144           ## $a0 = 00000144
/* 00AE0 808BDCC0 8FA40018 */  lw      $a0, 0x0018($sp)           
/* 00AE4 808BDCC4 2405387D */  addiu   $a1, $zero, 0x387D         ## $a1 = 0000387D
/* 00AE8 808BDCC8 0C02E3B2 */  jal     func_800B8EC8              
/* 00AEC 808BDCCC A4800190 */  sh      $zero, 0x0190($a0)         ## 00000190
/* 00AF0 808BDCD0 8FAF0018 */  lw      $t7, 0x0018($sp)           
/* 00AF4 808BDCD4 3C0E808C */  lui     $t6, %hi(func_808BDD54)    ## $t6 = 808C0000
/* 00AF8 808BDCD8 25CEDD54 */  addiu   $t6, $t6, %lo(func_808BDD54) ## $t6 = 808BDD54
/* 00AFC 808BDCDC ADEE0188 */  sw      $t6, 0x0188($t7)           ## 00000188
/* 00B00 808BDCE0 8FBF0014 */  lw      $ra, 0x0014($sp)           
/* 00B04 808BDCE4 27BD0018 */  addiu   $sp, $sp, 0x0018           ## $sp = 00000000
/* 00B08 808BDCE8 03E00008 */  jr      $ra                        
/* 00B0C 808BDCEC 00000000 */  nop


glabel func_808BDCF0
/* 00B10 808BDCF0 27BDFFE8 */  addiu   $sp, $sp, 0xFFE8           ## $sp = FFFFFFE8
/* 00B14 808BDCF4 AFBF0014 */  sw      $ra, 0x0014($sp)           
/* 00B18 808BDCF8 00803825 */  or      $a3, $a0, $zero            ## $a3 = 00000000
/* 00B1C 808BDCFC 3C050600 */  lui     $a1, 0x0600                ## $a1 = 06000000
/* 00B20 808BDD00 24A52A5C */  addiu   $a1, $a1, 0x2A5C           ## $a1 = 06002A5C
/* 00B24 808BDD04 24E40144 */  addiu   $a0, $a3, 0x0144           ## $a0 = 00000144
/* 00B28 808BDD08 3C06C0A0 */  lui     $a2, 0xC0A0                ## $a2 = C0A00000
/* 00B2C 808BDD0C 0C04DD22 */  jal     func_80137488              
/* 00B30 808BDD10 AFA70018 */  sw      $a3, 0x0018($sp)           
/* 00B34 808BDD14 8FA40018 */  lw      $a0, 0x0018($sp)           
/* 00B38 808BDD18 24180050 */  addiu   $t8, $zero, 0x0050         ## $t8 = 00000050
/* 00B3C 808BDD1C 2405387D */  addiu   $a1, $zero, 0x387D         ## $a1 = 0000387D
/* 00B40 808BDD20 908E028D */  lbu     $t6, 0x028D($a0)           ## 0000028D
/* 00B44 808BDD24 A4980190 */  sh      $t8, 0x0190($a0)           ## 00000190
/* 00B48 808BDD28 31CFFFFE */  andi    $t7, $t6, 0xFFFE           ## $t7 = 00000000
/* 00B4C 808BDD2C 0C02E3B2 */  jal     func_800B8EC8              
/* 00B50 808BDD30 A08F028D */  sb      $t7, 0x028D($a0)           ## 0000028D
/* 00B54 808BDD34 8FA70018 */  lw      $a3, 0x0018($sp)           
/* 00B58 808BDD38 3C19808C */  lui     $t9, %hi(func_808BDD54)    ## $t9 = 808C0000
/* 00B5C 808BDD3C 2739DD54 */  addiu   $t9, $t9, %lo(func_808BDD54) ## $t9 = 808BDD54
/* 00B60 808BDD40 ACF90188 */  sw      $t9, 0x0188($a3)           ## 00000188
/* 00B64 808BDD44 8FBF0014 */  lw      $ra, 0x0014($sp)           
/* 00B68 808BDD48 27BD0018 */  addiu   $sp, $sp, 0x0018           ## $sp = 00000000
/* 00B6C 808BDD4C 03E00008 */  jr      $ra                        
/* 00B70 808BDD50 00000000 */  nop


glabel func_808BDD54
/* 00B74 808BDD54 27BDFFD0 */  addiu   $sp, $sp, 0xFFD0           ## $sp = FFFFFFD0
/* 00B78 808BDD58 AFB00018 */  sw      $s0, 0x0018($sp)           
/* 00B7C 808BDD5C 00808025 */  or      $s0, $a0, $zero            ## $s0 = 00000000
/* 00B80 808BDD60 AFBF001C */  sw      $ra, 0x001C($sp)           
/* 00B84 808BDD64 AFA50034 */  sw      $a1, 0x0034($sp)           
/* 00B88 808BDD68 26040144 */  addiu   $a0, $s0, 0x0144           ## $a0 = 00000144
/* 00B8C 808BDD6C 0C04DB34 */  jal     func_80136CD0              
/* 00B90 808BDD70 AFA40024 */  sw      $a0, 0x0024($sp)           
/* 00B94 808BDD74 1040000C */  beq     $v0, $zero, .L808BDDA8     
/* 00B98 808BDD78 3C013F80 */  lui     $at, 0x3F80                ## $at = 3F800000
/* 00B9C 808BDD7C 86020190 */  lh      $v0, 0x0190($s0)           ## 00000190
/* 00BA0 808BDD80 10400003 */  beq     $v0, $zero, .L808BDD90     
/* 00BA4 808BDD84 244EFFFF */  addiu   $t6, $v0, 0xFFFF           ## $t6 = FFFFFFFF
/* 00BA8 808BDD88 A60E0190 */  sh      $t6, 0x0190($s0)           ## 00000190
/* 00BAC 808BDD8C 86020190 */  lh      $v0, 0x0190($s0)           ## 00000190
.L808BDD90:
/* 00BB0 808BDD90 54400025 */  bnel    $v0, $zero, .L808BDE28     
/* 00BB4 808BDD94 8FA40024 */  lw      $a0, 0x0024($sp)           
/* 00BB8 808BDD98 0C22F50A */  jal     func_808BD428              
/* 00BBC 808BDD9C 02002025 */  or      $a0, $s0, $zero            ## $a0 = 00000000
/* 00BC0 808BDDA0 10000021 */  beq     $zero, $zero, .L808BDE28   
/* 00BC4 808BDDA4 8FA40024 */  lw      $a0, 0x0024($sp)           
.L808BDDA8:
/* 00BC8 808BDDA8 44811000 */  mtc1    $at, $f2                   ## $f2 = 0.00
/* 00BCC 808BDDAC C600015C */  lwc1    $f0, 0x015C($s0)           ## 0000015C
/* 00BD0 808BDDB0 3C014040 */  lui     $at, 0x4040                ## $at = 40400000
/* 00BD4 808BDDB4 4602003C */  c.lt.s  $f0, $f2                   
/* 00BD8 808BDDB8 00000000 */  nop
/* 00BDC 808BDDBC 45020004 */  bc1fl   .L808BDDD0                 
/* 00BE0 808BDDC0 44812000 */  mtc1    $at, $f4                   ## $f4 = 3.00
/* 00BE4 808BDDC4 1000000C */  beq     $zero, $zero, .L808BDDF8   
/* 00BE8 808BDDC8 46001006 */  mov.s   $f0, $f2                   
/* 00BEC 808BDDCC 44812000 */  mtc1    $at, $f4                   ## $f4 = 3.00
.L808BDDD0:
/* 00BF0 808BDDD0 3C014040 */  lui     $at, 0x4040                ## $at = 40400000
/* 00BF4 808BDDD4 4600203C */  c.lt.s  $f4, $f0                   
/* 00BF8 808BDDD8 00000000 */  nop
/* 00BFC 808BDDDC 45020005 */  bc1fl   .L808BDDF4                 
/* 00C00 808BDDE0 46000086 */  mov.s   $f2, $f0                   
/* 00C04 808BDDE4 44811000 */  mtc1    $at, $f2                   ## $f2 = 3.00
/* 00C08 808BDDE8 10000003 */  beq     $zero, $zero, .L808BDDF8   
/* 00C0C 808BDDEC 46001006 */  mov.s   $f0, $f2                   
/* 00C10 808BDDF0 46000086 */  mov.s   $f2, $f0                   
.L808BDDF4:
/* 00C14 808BDDF4 46001006 */  mov.s   $f0, $f2                   
.L808BDDF8:
/* 00C18 808BDDF8 3C014040 */  lui     $at, 0x4040                ## $at = 40400000
/* 00C1C 808BDDFC 44813000 */  mtc1    $at, $f6                   ## $f6 = 3.00
/* 00C20 808BDE00 3C014140 */  lui     $at, 0x4140                ## $at = 41400000
/* 00C24 808BDE04 44815000 */  mtc1    $at, $f10                  ## $f10 = 12.00
/* 00C28 808BDE08 46003201 */  sub.s   $f8, $f6, $f0              
/* 00C2C 808BDE0C 460A4402 */  mul.s   $f16, $f8, $f10            
/* 00C30 808BDE10 4600848D */  trunc.w.s $f18, $f16                 
/* 00C34 808BDE14 44189000 */  mfc1    $t8, $f18                  
/* 00C38 808BDE18 00000000 */  nop
/* 00C3C 808BDE1C 27190005 */  addiu   $t9, $t8, 0x0005           ## $t9 = 00000005
/* 00C40 808BDE20 A61902BE */  sh      $t9, 0x02BE($s0)           ## 000002BE
/* 00C44 808BDE24 8FA40024 */  lw      $a0, 0x0024($sp)           
.L808BDE28:
/* 00C48 808BDE28 0C04DE2E */  jal     func_801378B8              
/* 00C4C 808BDE2C 3C054080 */  lui     $a1, 0x4080                ## $a1 = 40800000
/* 00C50 808BDE30 10400004 */  beq     $v0, $zero, .L808BDE44     
/* 00C54 808BDE34 26040024 */  addiu   $a0, $s0, 0x0024           ## $a0 = 00000024
/* 00C58 808BDE38 9208028D */  lbu     $t0, 0x028D($s0)           ## 0000028D
/* 00C5C 808BDE3C 3109FFFE */  andi    $t1, $t0, 0xFFFE           ## $t1 = 00000000
/* 00C60 808BDE40 A209028D */  sb      $t1, 0x028D($s0)           ## 0000028D
.L808BDE44:
/* 00C64 808BDE44 8E050008 */  lw      $a1, 0x0008($s0)           ## 00000008
/* 00C68 808BDE48 3C063F00 */  lui     $a2, 0x3F00                ## $a2 = 3F000000
/* 00C6C 808BDE4C 0C03FF7E */  jal     func_800FFDF8              
/* 00C70 808BDE50 3C074040 */  lui     $a3, 0x4040                ## $a3 = 40400000
/* 00C74 808BDE54 2604002C */  addiu   $a0, $s0, 0x002C           ## $a0 = 0000002C
/* 00C78 808BDE58 8E050010 */  lw      $a1, 0x0010($s0)           ## 00000010
/* 00C7C 808BDE5C 3C063F00 */  lui     $a2, 0x3F00                ## $a2 = 3F000000
/* 00C80 808BDE60 0C03FF7E */  jal     func_800FFDF8              
/* 00C84 808BDE64 3C074040 */  lui     $a3, 0x4040                ## $a3 = 40400000
/* 00C88 808BDE68 8FBF001C */  lw      $ra, 0x001C($sp)           
/* 00C8C 808BDE6C 8FB00018 */  lw      $s0, 0x0018($sp)           
/* 00C90 808BDE70 27BD0030 */  addiu   $sp, $sp, 0x0030           ## $sp = 00000000
/* 00C94 808BDE74 03E00008 */  jr      $ra                        
/* 00C98 808BDE78 00000000 */  nop


glabel func_808BDE7C
/* 00C9C 808BDE7C 27BDFFE8 */  addiu   $sp, $sp, 0xFFE8           ## $sp = FFFFFFE8
/* 00CA0 808BDE80 AFBF0014 */  sw      $ra, 0x0014($sp)           
/* 00CA4 808BDE84 00803825 */  or      $a3, $a0, $zero            ## $a3 = 00000000
/* 00CA8 808BDE88 3C050600 */  lui     $a1, 0x0600                ## $a1 = 06000000
/* 00CAC 808BDE8C 24A52DD4 */  addiu   $a1, $a1, 0x2DD4           ## $a1 = 06002DD4
/* 00CB0 808BDE90 24E40144 */  addiu   $a0, $a3, 0x0144           ## $a0 = 00000144
/* 00CB4 808BDE94 3C06C040 */  lui     $a2, 0xC040                ## $a2 = C0400000
/* 00CB8 808BDE98 0C04DD22 */  jal     func_80137488              
/* 00CBC 808BDE9C AFA70018 */  sw      $a3, 0x0018($sp)           
/* 00CC0 808BDEA0 8FA40018 */  lw      $a0, 0x0018($sp)           
/* 00CC4 808BDEA4 240E0025 */  addiu   $t6, $zero, 0x0025         ## $t6 = 00000025
/* 00CC8 808BDEA8 240F0032 */  addiu   $t7, $zero, 0x0032         ## $t7 = 00000032
/* 00CCC 808BDEAC 24053880 */  addiu   $a1, $zero, 0x3880         ## $a1 = 00003880
/* 00CD0 808BDEB0 A48E02BE */  sh      $t6, 0x02BE($a0)           ## 000002BE
/* 00CD4 808BDEB4 0C02E3B2 */  jal     func_800B8EC8              
/* 00CD8 808BDEB8 A08F00B6 */  sb      $t7, 0x00B6($a0)           ## 000000B6
/* 00CDC 808BDEBC 8FA70018 */  lw      $a3, 0x0018($sp)           
/* 00CE0 808BDEC0 3C0A808C */  lui     $t2, %hi(func_808BDEF8)    ## $t2 = 808C0000
/* 00CE4 808BDEC4 254ADEF8 */  addiu   $t2, $t2, %lo(func_808BDEF8) ## $t2 = 808BDEF8
/* 00CE8 808BDEC8 8CF80004 */  lw      $t8, 0x0004($a3)           ## 00000004
/* 00CEC 808BDECC 90E8028D */  lbu     $t0, 0x028D($a3)           ## 0000028D
/* 00CF0 808BDED0 A4E00030 */  sh      $zero, 0x0030($a3)         ## 00000030
/* 00CF4 808BDED4 37190020 */  ori     $t9, $t8, 0x0020           ## $t9 = 00000020
/* 00CF8 808BDED8 3109FFFE */  andi    $t1, $t0, 0xFFFE           ## $t1 = 00000000
/* 00CFC 808BDEDC ACF90004 */  sw      $t9, 0x0004($a3)           ## 00000004
/* 00D00 808BDEE0 A0E9028D */  sb      $t1, 0x028D($a3)           ## 0000028D
/* 00D04 808BDEE4 ACEA0188 */  sw      $t2, 0x0188($a3)           ## 00000188
/* 00D08 808BDEE8 8FBF0014 */  lw      $ra, 0x0014($sp)           
/* 00D0C 808BDEEC 27BD0018 */  addiu   $sp, $sp, 0x0018           ## $sp = 00000000
/* 00D10 808BDEF0 03E00008 */  jr      $ra                        
/* 00D14 808BDEF4 00000000 */  nop


glabel func_808BDEF8
/* 00D18 808BDEF8 27BDFFE0 */  addiu   $sp, $sp, 0xFFE0           ## $sp = FFFFFFE0
/* 00D1C 808BDEFC AFB00018 */  sw      $s0, 0x0018($sp)           
/* 00D20 808BDF00 00808025 */  or      $s0, $a0, $zero            ## $s0 = 00000000
/* 00D24 808BDF04 AFBF001C */  sw      $ra, 0x001C($sp)           
/* 00D28 808BDF08 AFA50024 */  sw      $a1, 0x0024($sp)           
/* 00D2C 808BDF0C 0C04DB34 */  jal     func_80136CD0              
/* 00D30 808BDF10 26040144 */  addiu   $a0, $s0, 0x0144           ## $a0 = 00000144
/* 00D34 808BDF14 10400008 */  beq     $v0, $zero, .L808BDF38     
/* 00D38 808BDF18 34018000 */  ori     $at, $zero, 0x8000         ## $at = 00008000
/* 00D3C 808BDF1C 860E0092 */  lh      $t6, 0x0092($s0)           ## 00000092
/* 00D40 808BDF20 24180003 */  addiu   $t8, $zero, 0x0003         ## $t8 = 00000003
/* 00D44 808BDF24 A218018D */  sb      $t8, 0x018D($s0)           ## 0000018D
/* 00D48 808BDF28 01C17821 */  addu    $t7, $t6, $at              
/* 00D4C 808BDF2C A60F0192 */  sh      $t7, 0x0192($s0)           ## 00000192
/* 00D50 808BDF30 0C22F7D8 */  jal     func_808BDF60              
/* 00D54 808BDF34 02002025 */  or      $a0, $s0, $zero            ## $a0 = 00000000
.L808BDF38:
/* 00D58 808BDF38 260400BE */  addiu   $a0, $s0, 0x00BE           ## $a0 = 000000BE
/* 00D5C 808BDF3C 86050092 */  lh      $a1, 0x0092($s0)           ## 00000092
/* 00D60 808BDF40 24060002 */  addiu   $a2, $zero, 0x0002         ## $a2 = 00000002
/* 00D64 808BDF44 0C03FFF6 */  jal     func_800FFFD8              
/* 00D68 808BDF48 24070E38 */  addiu   $a3, $zero, 0x0E38         ## $a3 = 00000E38
/* 00D6C 808BDF4C 8FBF001C */  lw      $ra, 0x001C($sp)           
/* 00D70 808BDF50 8FB00018 */  lw      $s0, 0x0018($sp)           
/* 00D74 808BDF54 27BD0020 */  addiu   $sp, $sp, 0x0020           ## $sp = 00000000
/* 00D78 808BDF58 03E00008 */  jr      $ra                        
/* 00D7C 808BDF5C 00000000 */  nop


glabel func_808BDF60
/* 00D80 808BDF60 27BDFFE8 */  addiu   $sp, $sp, 0xFFE8           ## $sp = FFFFFFE8
/* 00D84 808BDF64 AFBF0014 */  sw      $ra, 0x0014($sp)           
/* 00D88 808BDF68 00803025 */  or      $a2, $a0, $zero            ## $a2 = 00000000
/* 00D8C 808BDF6C 3C050600 */  lui     $a1, 0x0600                ## $a1 = 06000000
/* 00D90 808BDF70 24A53780 */  addiu   $a1, $a1, 0x3780           ## $a1 = 06003780
/* 00D94 808BDF74 24C40144 */  addiu   $a0, $a2, 0x0144           ## $a0 = 00000144
/* 00D98 808BDF78 0C04DD50 */  jal     func_80137540              
/* 00D9C 808BDF7C AFA60018 */  sw      $a2, 0x0018($sp)           
/* 00DA0 808BDF80 8FA60018 */  lw      $a2, 0x0018($sp)           
/* 00DA4 808BDF84 3C19808C */  lui     $t9, %hi(func_808BDFB8)    ## $t9 = 808C0000
/* 00DA8 808BDF88 240E0002 */  addiu   $t6, $zero, 0x0002         ## $t6 = 00000002
/* 00DAC 808BDF8C 90CF028D */  lbu     $t7, 0x028D($a2)           ## 0000028D
/* 00DB0 808BDF90 2739DFB8 */  addiu   $t9, $t9, %lo(func_808BDFB8) ## $t9 = 808BDFB8
/* 00DB4 808BDF94 A4CE0190 */  sh      $t6, 0x0190($a2)           ## 00000190
/* 00DB8 808BDF98 35F80001 */  ori     $t8, $t7, 0x0001           ## $t8 = 00000001
/* 00DBC 808BDF9C A0C0018C */  sb      $zero, 0x018C($a2)         ## 0000018C
/* 00DC0 808BDFA0 A0D8028D */  sb      $t8, 0x028D($a2)           ## 0000028D
/* 00DC4 808BDFA4 ACD90188 */  sw      $t9, 0x0188($a2)           ## 00000188
/* 00DC8 808BDFA8 8FBF0014 */  lw      $ra, 0x0014($sp)           
/* 00DCC 808BDFAC 27BD0018 */  addiu   $sp, $sp, 0x0018           ## $sp = 00000000
/* 00DD0 808BDFB0 03E00008 */  jr      $ra                        
/* 00DD4 808BDFB4 00000000 */  nop


glabel func_808BDFB8
/* 00DD8 808BDFB8 27BDFFC8 */  addiu   $sp, $sp, 0xFFC8           ## $sp = FFFFFFC8
/* 00DDC 808BDFBC AFB00020 */  sw      $s0, 0x0020($sp)           
/* 00DE0 808BDFC0 00808025 */  or      $s0, $a0, $zero            ## $s0 = 00000000
/* 00DE4 808BDFC4 AFBF0024 */  sw      $ra, 0x0024($sp)           
/* 00DE8 808BDFC8 AFA5003C */  sw      $a1, 0x003C($sp)           
/* 00DEC 808BDFCC 26040144 */  addiu   $a0, $s0, 0x0144           ## $a0 = 00000144
/* 00DF0 808BDFD0 0C04DB34 */  jal     func_80136CD0              
/* 00DF4 808BDFD4 AFA4002C */  sw      $a0, 0x002C($sp)           
/* 00DF8 808BDFD8 8FA4002C */  lw      $a0, 0x002C($sp)           
/* 00DFC 808BDFDC 0C04DE2E */  jal     func_801378B8              
/* 00E00 808BDFE0 24050000 */  addiu   $a1, $zero, 0x0000         ## $a1 = 00000000
/* 00E04 808BDFE4 10400005 */  beq     $v0, $zero, .L808BDFFC     
/* 00E08 808BDFE8 24180001 */  addiu   $t8, $zero, 0x0001         ## $t8 = 00000001
/* 00E0C 808BDFEC 86020190 */  lh      $v0, 0x0190($s0)           ## 00000190
/* 00E10 808BDFF0 10400002 */  beq     $v0, $zero, .L808BDFFC     
/* 00E14 808BDFF4 244EFFFF */  addiu   $t6, $v0, 0xFFFF           ## $t6 = FFFFFFFF
/* 00E18 808BDFF8 A60E0190 */  sh      $t6, 0x0190($s0)           ## 00000190
.L808BDFFC:
/* 00E1C 808BDFFC 920F018C */  lbu     $t7, 0x018C($s0)           ## 0000018C
/* 00E20 808BE000 02002025 */  or      $a0, $s0, $zero            ## $a0 = 00000000
/* 00E24 808BE004 51E00006 */  beql    $t7, $zero, .L808BE020     
/* 00E28 808BE008 A218018C */  sb      $t8, 0x018C($s0)           ## 0000018C
/* 00E2C 808BE00C 0C02E3B2 */  jal     func_800B8EC8              
/* 00E30 808BE010 2405387F */  addiu   $a1, $zero, 0x387F         ## $a1 = 0000387F
/* 00E34 808BE014 10000002 */  beq     $zero, $zero, .L808BE020   
/* 00E38 808BE018 A200018C */  sb      $zero, 0x018C($s0)         ## 0000018C
/* 00E3C 808BE01C A218018C */  sb      $t8, 0x018C($s0)           ## 0000018C
.L808BE020:
/* 00E40 808BE020 26040070 */  addiu   $a0, $s0, 0x0070           ## $a0 = 00000070
/* 00E44 808BE024 3C0540F0 */  lui     $a1, 0x40F0                ## $a1 = 40F00000
/* 00E48 808BE028 0C03FC0F */  jal     func_800FF03C              
/* 00E4C 808BE02C 3C063F80 */  lui     $a2, 0x3F80                ## $a2 = 3F800000
/* 00E50 808BE030 86050192 */  lh      $a1, 0x0192($s0)           ## 00000192
/* 00E54 808BE034 241900B6 */  addiu   $t9, $zero, 0x00B6         ## $t9 = 000000B6
/* 00E58 808BE038 AFB90010 */  sw      $t9, 0x0010($sp)           
/* 00E5C 808BE03C 26040032 */  addiu   $a0, $s0, 0x0032           ## $a0 = 00000032
/* 00E60 808BE040 24060001 */  addiu   $a2, $zero, 0x0001         ## $a2 = 00000001
/* 00E64 808BE044 0C03FFAF */  jal     func_800FFEBC              
/* 00E68 808BE048 24070E38 */  addiu   $a3, $zero, 0x0E38         ## $a3 = 00000E38
/* 00E6C 808BE04C 54400030 */  bnel    $v0, $zero, .L808BE110     
/* 00E70 808BE050 86180032 */  lh      $t8, 0x0032($s0)           ## 00000032
/* 00E74 808BE054 96020090 */  lhu     $v0, 0x0090($s0)           ## 00000090
/* 00E78 808BE058 02002025 */  or      $a0, $s0, $zero            ## $a0 = 00000000
/* 00E7C 808BE05C 30480020 */  andi    $t0, $v0, 0x0020           ## $t0 = 00000000
/* 00E80 808BE060 11000005 */  beq     $t0, $zero, .L808BE078     
/* 00E84 808BE064 30490008 */  andi    $t1, $v0, 0x0008           ## $t1 = 00000000
/* 00E88 808BE068 0C02DB4B */  jal     func_800B6D2C              
/* 00E8C 808BE06C 26050008 */  addiu   $a1, $s0, 0x0008           ## $a1 = 00000008
/* 00E90 808BE070 10000026 */  beq     $zero, $zero, .L808BE10C   
/* 00E94 808BE074 A6020192 */  sh      $v0, 0x0192($s0)           ## 00000192
.L808BE078:
/* 00E98 808BE078 51200005 */  beql    $t1, $zero, .L808BE090     
/* 00E9C 808BE07C 920B018D */  lbu     $t3, 0x018D($s0)           ## 0000018D
/* 00EA0 808BE080 860A0086 */  lh      $t2, 0x0086($s0)           ## 00000086
/* 00EA4 808BE084 10000021 */  beq     $zero, $zero, .L808BE10C   
/* 00EA8 808BE088 A60A0192 */  sh      $t2, 0x0192($s0)           ## 00000192
/* 00EAC 808BE08C 920B018D */  lbu     $t3, 0x018D($s0)           ## 0000018D
.L808BE090:
/* 00EB0 808BE090 02002025 */  or      $a0, $s0, $zero            ## $a0 = 00000000
/* 00EB4 808BE094 5560001A */  bnel    $t3, $zero, .L808BE100     
/* 00EB8 808BE098 860E0092 */  lh      $t6, 0x0092($s0)           ## 00000092
/* 00EBC 808BE09C 0C02DB4B */  jal     func_800B6D2C              
/* 00EC0 808BE0A0 26050008 */  addiu   $a1, $s0, 0x0008           ## $a1 = 00000008
/* 00EC4 808BE0A4 86050092 */  lh      $a1, 0x0092($s0)           ## 00000092
/* 00EC8 808BE0A8 00451823 */  subu    $v1, $v0, $a1              
/* 00ECC 808BE0AC 00031C00 */  sll     $v1, $v1, 16               
/* 00ED0 808BE0B0 00031C03 */  sra     $v1, $v1, 16               
/* 00ED4 808BE0B4 04610003 */  bgez    $v1, .L808BE0C4            
/* 00ED8 808BE0B8 00602025 */  or      $a0, $v1, $zero            ## $a0 = 00000000
/* 00EDC 808BE0BC 10000001 */  beq     $zero, $zero, .L808BE0C4   
/* 00EE0 808BE0C0 00032023 */  subu    $a0, $zero, $v1            
.L808BE0C4:
/* 00EE4 808BE0C4 28812001 */  slti    $at, $a0, 0x2001           
/* 00EE8 808BE0C8 14200003 */  bne     $at, $zero, .L808BE0D8     
/* 00EEC 808BE0CC 00000000 */  nop
/* 00EF0 808BE0D0 1000000E */  beq     $zero, $zero, .L808BE10C   
/* 00EF4 808BE0D4 A6020192 */  sh      $v0, 0x0192($s0)           ## 00000192
.L808BE0D8:
/* 00EF8 808BE0D8 04600003 */  bltz    $v1, .L808BE0E8            
/* 00EFC 808BE0DC 2404FFFF */  addiu   $a0, $zero, 0xFFFF         ## $a0 = FFFFFFFF
/* 00F00 808BE0E0 10000001 */  beq     $zero, $zero, .L808BE0E8   
/* 00F04 808BE0E4 24040001 */  addiu   $a0, $zero, 0x0001         ## $a0 = 00000001
.L808BE0E8:
/* 00F08 808BE0E8 00040823 */  subu    $at, $zero, $a0            
/* 00F0C 808BE0EC 00016340 */  sll     $t4, $at, 13               
/* 00F10 808BE0F0 01856821 */  addu    $t5, $t4, $a1              
/* 00F14 808BE0F4 10000005 */  beq     $zero, $zero, .L808BE10C   
/* 00F18 808BE0F8 A60D0192 */  sh      $t5, 0x0192($s0)           ## 00000192
/* 00F1C 808BE0FC 860E0092 */  lh      $t6, 0x0092($s0)           ## 00000092
.L808BE100:
/* 00F20 808BE100 34018000 */  ori     $at, $zero, 0x8000         ## $at = 00008000
/* 00F24 808BE104 01C17821 */  addu    $t7, $t6, $at              
/* 00F28 808BE108 A60F0192 */  sh      $t7, 0x0192($s0)           ## 00000192
.L808BE10C:
/* 00F2C 808BE10C 86180032 */  lh      $t8, 0x0032($s0)           ## 00000032
.L808BE110:
/* 00F30 808BE110 9208018D */  lbu     $t0, 0x018D($s0)           ## 0000018D
/* 00F34 808BE114 34018000 */  ori     $at, $zero, 0x8000         ## $at = 00008000
/* 00F38 808BE118 0301C821 */  addu    $t9, $t8, $at              
/* 00F3C 808BE11C 15000021 */  bne     $t0, $zero, .L808BE1A4     
/* 00F40 808BE120 A61900BE */  sh      $t9, 0x00BE($s0)           ## 000000BE
/* 00F44 808BE124 02002025 */  or      $a0, $s0, $zero            ## $a0 = 00000000
/* 00F48 808BE128 0C02DB92 */  jal     func_800B6E48              
/* 00F4C 808BE12C 26050008 */  addiu   $a1, $s0, 0x0008           ## $a1 = 00000008
/* 00F50 808BE130 3C0141A0 */  lui     $at, 0x41A0                ## $at = 41A00000
/* 00F54 808BE134 44812000 */  mtc1    $at, $f4                   ## $f4 = 20.00
/* 00F58 808BE138 00000000 */  nop
/* 00F5C 808BE13C 4604003C */  c.lt.s  $f0, $f4                   
/* 00F60 808BE140 00000000 */  nop
/* 00F64 808BE144 45020018 */  bc1fl   .L808BE1A8                 
/* 00F68 808BE148 860C0190 */  lh      $t4, 0x0190($s0)           ## 00000190
/* 00F6C 808BE14C C6060028 */  lwc1    $f6, 0x0028($s0)           ## 00000028
/* 00F70 808BE150 C608000C */  lwc1    $f8, 0x000C($s0)           ## 0000000C
/* 00F74 808BE154 3C014000 */  lui     $at, 0x4000                ## $at = 40000000
/* 00F78 808BE158 44815000 */  mtc1    $at, $f10                  ## $f10 = 2.00
/* 00F7C 808BE15C 46083001 */  sub.s   $f0, $f6, $f8              
/* 00F80 808BE160 240900FF */  addiu   $t1, $zero, 0x00FF         ## $t1 = 000000FF
/* 00F84 808BE164 2401FFDF */  addiu   $at, $zero, 0xFFDF         ## $at = FFFFFFDF
/* 00F88 808BE168 02002025 */  or      $a0, $s0, $zero            ## $a0 = 00000000
/* 00F8C 808BE16C 46000005 */  abs.s   $f0, $f0                   
/* 00F90 808BE170 460A003C */  c.lt.s  $f0, $f10                  
/* 00F94 808BE174 00000000 */  nop
/* 00F98 808BE178 4502000B */  bc1fl   .L808BE1A8                 
/* 00F9C 808BE17C 860C0190 */  lh      $t4, 0x0190($s0)           ## 00000190
/* 00FA0 808BE180 8E0A0004 */  lw      $t2, 0x0004($s0)           ## 00000004
/* 00FA4 808BE184 44808000 */  mtc1    $zero, $f16                ## $f16 = 0.00
/* 00FA8 808BE188 A20900B6 */  sb      $t1, 0x00B6($s0)           ## 000000B6
/* 00FAC 808BE18C 01415824 */  and     $t3, $t2, $at              
/* 00FB0 808BE190 AE0B0004 */  sw      $t3, 0x0004($s0)           ## 00000004
/* 00FB4 808BE194 0C22F727 */  jal     func_808BDC9C              
/* 00FB8 808BE198 E6100070 */  swc1    $f16, 0x0070($s0)          ## 00000070
/* 00FBC 808BE19C 10000007 */  beq     $zero, $zero, .L808BE1BC   
/* 00FC0 808BE1A0 8FBF0024 */  lw      $ra, 0x0024($sp)           
.L808BE1A4:
/* 00FC4 808BE1A4 860C0190 */  lh      $t4, 0x0190($s0)           ## 00000190
.L808BE1A8:
/* 00FC8 808BE1A8 55800004 */  bnel    $t4, $zero, .L808BE1BC     
/* 00FCC 808BE1AC 8FBF0024 */  lw      $ra, 0x0024($sp)           
/* 00FD0 808BE1B0 0C22F873 */  jal     func_808BE1CC              
/* 00FD4 808BE1B4 02002025 */  or      $a0, $s0, $zero            ## $a0 = 00000000
/* 00FD8 808BE1B8 8FBF0024 */  lw      $ra, 0x0024($sp)           
.L808BE1BC:
/* 00FDC 808BE1BC 8FB00020 */  lw      $s0, 0x0020($sp)           
/* 00FE0 808BE1C0 27BD0038 */  addiu   $sp, $sp, 0x0038           ## $sp = 00000000
/* 00FE4 808BE1C4 03E00008 */  jr      $ra                        
/* 00FE8 808BE1C8 00000000 */  nop


glabel func_808BE1CC
/* 00FEC 808BE1CC 27BDFFE8 */  addiu   $sp, $sp, 0xFFE8           ## $sp = FFFFFFE8
/* 00FF0 808BE1D0 AFBF0014 */  sw      $ra, 0x0014($sp)           
/* 00FF4 808BE1D4 00803025 */  or      $a2, $a0, $zero            ## $a2 = 00000000
/* 00FF8 808BE1D8 3C050600 */  lui     $a1, 0x0600                ## $a1 = 06000000
/* 00FFC 808BE1DC 24A533E4 */  addiu   $a1, $a1, 0x33E4           ## $a1 = 060033E4
/* 01000 808BE1E0 24C40144 */  addiu   $a0, $a2, 0x0144           ## $a0 = 00000144
/* 01004 808BE1E4 0C04DD50 */  jal     func_80137540              
/* 01008 808BE1E8 AFA60018 */  sw      $a2, 0x0018($sp)           
/* 0100C 808BE1EC 8FA60018 */  lw      $a2, 0x0018($sp)           
/* 01010 808BE1F0 44802000 */  mtc1    $zero, $f4                 ## $f4 = 0.00
/* 01014 808BE1F4 240E0003 */  addiu   $t6, $zero, 0x0003         ## $t6 = 00000003
/* 01018 808BE1F8 90C2018D */  lbu     $v0, 0x018D($a2)           ## 0000018D
/* 0101C 808BE1FC 3C18808C */  lui     $t8, %hi(func_808BE22C)    ## $t8 = 808C0000
/* 01020 808BE200 A4CE0190 */  sh      $t6, 0x0190($a2)           ## 00000190
/* 01024 808BE204 10400003 */  beq     $v0, $zero, .L808BE214     
/* 01028 808BE208 E4C40070 */  swc1    $f4, 0x0070($a2)           ## 00000070
/* 0102C 808BE20C 244FFFFF */  addiu   $t7, $v0, 0xFFFF           ## $t7 = FFFFFFFF
/* 01030 808BE210 A0CF018D */  sb      $t7, 0x018D($a2)           ## 0000018D
.L808BE214:
/* 01034 808BE214 2718E22C */  addiu   $t8, $t8, %lo(func_808BE22C) ## $t8 = 808BE22C
/* 01038 808BE218 ACD80188 */  sw      $t8, 0x0188($a2)           ## 00000188
/* 0103C 808BE21C 8FBF0014 */  lw      $ra, 0x0014($sp)           
/* 01040 808BE220 27BD0018 */  addiu   $sp, $sp, 0x0018           ## $sp = 00000000
/* 01044 808BE224 03E00008 */  jr      $ra                        
/* 01048 808BE228 00000000 */  nop


glabel func_808BE22C
/* 0104C 808BE22C 27BDFFE0 */  addiu   $sp, $sp, 0xFFE0           ## $sp = FFFFFFE0
/* 01050 808BE230 AFBF0014 */  sw      $ra, 0x0014($sp)           
/* 01054 808BE234 AFA50024 */  sw      $a1, 0x0024($sp)           
/* 01058 808BE238 00803025 */  or      $a2, $a0, $zero            ## $a2 = 00000000
/* 0105C 808BE23C 24C40144 */  addiu   $a0, $a2, 0x0144           ## $a0 = 00000144
/* 01060 808BE240 AFA4001C */  sw      $a0, 0x001C($sp)           
/* 01064 808BE244 0C04DB34 */  jal     func_80136CD0              
/* 01068 808BE248 AFA60020 */  sw      $a2, 0x0020($sp)           
/* 0106C 808BE24C 8FA4001C */  lw      $a0, 0x001C($sp)           
/* 01070 808BE250 0C04DE2E */  jal     func_801378B8              
/* 01074 808BE254 24050000 */  addiu   $a1, $zero, 0x0000         ## $a1 = 00000000
/* 01078 808BE258 10400005 */  beq     $v0, $zero, .L808BE270     
/* 0107C 808BE25C 8FA60020 */  lw      $a2, 0x0020($sp)           
/* 01080 808BE260 84C20190 */  lh      $v0, 0x0190($a2)           ## 00000190
/* 01084 808BE264 10400002 */  beq     $v0, $zero, .L808BE270     
/* 01088 808BE268 244EFFFF */  addiu   $t6, $v0, 0xFFFF           ## $t6 = FFFFFFFF
/* 0108C 808BE26C A4CE0190 */  sh      $t6, 0x0190($a2)           ## 00000190
.L808BE270:
/* 01090 808BE270 84CF0190 */  lh      $t7, 0x0190($a2)           ## 00000190
/* 01094 808BE274 55E00004 */  bnel    $t7, $zero, .L808BE288     
/* 01098 808BE278 8FBF0014 */  lw      $ra, 0x0014($sp)           
/* 0109C 808BE27C 0C22F7D8 */  jal     func_808BDF60              
/* 010A0 808BE280 00C02025 */  or      $a0, $a2, $zero            ## $a0 = 00000000
/* 010A4 808BE284 8FBF0014 */  lw      $ra, 0x0014($sp)           
.L808BE288:
/* 010A8 808BE288 27BD0020 */  addiu   $sp, $sp, 0x0020           ## $sp = 00000000
/* 010AC 808BE28C 03E00008 */  jr      $ra                        
/* 010B0 808BE290 00000000 */  nop


glabel func_808BE294
/* 010B4 808BE294 27BDFFD8 */  addiu   $sp, $sp, 0xFFD8           ## $sp = FFFFFFD8
/* 010B8 808BE298 AFB00020 */  sw      $s0, 0x0020($sp)           
/* 010BC 808BE29C 00808025 */  or      $s0, $a0, $zero            ## $s0 = 00000000
/* 010C0 808BE2A0 AFBF0024 */  sw      $ra, 0x0024($sp)           
/* 010C4 808BE2A4 AFA5002C */  sw      $a1, 0x002C($sp)           
/* 010C8 808BE2A8 3C050600 */  lui     $a1, 0x0600                ## $a1 = 06000000
/* 010CC 808BE2AC 24A5259C */  addiu   $a1, $a1, 0x259C           ## $a1 = 0600259C
/* 010D0 808BE2B0 26040144 */  addiu   $a0, $s0, 0x0144           ## $a0 = 00000144
/* 010D4 808BE2B4 0C04DD22 */  jal     func_80137488              
/* 010D8 808BE2B8 3C06C040 */  lui     $a2, 0xC040                ## $a2 = C0400000
/* 010DC 808BE2BC 860E001C */  lh      $t6, 0x001C($s0)           ## 0000001C
/* 010E0 808BE2C0 3C014120 */  lui     $at, 0x4120                ## $at = 41200000
/* 010E4 808BE2C4 55C0000A */  bnel    $t6, $zero, .L808BE2F0     
/* 010E8 808BE2C8 9218028D */  lbu     $t8, 0x028D($s0)           ## 0000028D
/* 010EC 808BE2CC 44812000 */  mtc1    $at, $f4                   ## $f4 = 10.00
/* 010F0 808BE2D0 02002025 */  or      $a0, $s0, $zero            ## $a0 = 00000000
/* 010F4 808BE2D4 E6040070 */  swc1    $f4, 0x0070($s0)           ## 00000070
/* 010F8 808BE2D8 8FAF002C */  lw      $t7, 0x002C($sp)           
/* 010FC 808BE2DC 51E00004 */  beql    $t7, $zero, .L808BE2F0     
/* 01100 808BE2E0 9218028D */  lbu     $t8, 0x028D($s0)           ## 0000028D
/* 01104 808BE2E4 0C02F941 */  jal     func_800BE504              
/* 01108 808BE2E8 2605027C */  addiu   $a1, $s0, 0x027C           ## $a1 = 0000027C
/* 0110C 808BE2EC 9218028D */  lbu     $t8, 0x028D($s0)           ## 0000028D
.L808BE2F0:
/* 01110 808BE2F0 3C08808C */  lui     $t0, %hi(func_808BE358)    ## $t0 = 808C0000
/* 01114 808BE2F4 2508E358 */  addiu   $t0, $t0, %lo(func_808BE358) ## $t0 = 808BE358
/* 01118 808BE2F8 3319FFFE */  andi    $t9, $t8, 0xFFFE           ## $t9 = 00000000
/* 0111C 808BE2FC A6000030 */  sh      $zero, 0x0030($s0)         ## 00000030
/* 01120 808BE300 A219028D */  sb      $t9, 0x028D($s0)           ## 0000028D
/* 01124 808BE304 AE080188 */  sw      $t0, 0x0188($s0)           ## 00000188
/* 01128 808BE308 02002025 */  or      $a0, $s0, $zero            ## $a0 = 00000000
/* 0112C 808BE30C 0C02E3B2 */  jal     func_800B8EC8              
/* 01130 808BE310 24053880 */  addiu   $a1, $zero, 0x3880         ## $a1 = 00003880
/* 01134 808BE314 02002025 */  or      $a0, $s0, $zero            ## $a0 = 00000000
/* 01138 808BE318 0C02E3B2 */  jal     func_800B8EC8              
/* 0113C 808BE31C 2405393B */  addiu   $a1, $zero, 0x393B         ## $a1 = 0000393B
/* 01140 808BE320 3C040600 */  lui     $a0, 0x0600                ## $a0 = 06000000
/* 01144 808BE324 0C04D1D2 */  jal     func_80134748              
/* 01148 808BE328 2484259C */  addiu   $a0, $a0, 0x259C           ## $a0 = 0600259C
/* 0114C 808BE32C 02002025 */  or      $a0, $s0, $zero            ## $a0 = 00000000
/* 01150 808BE330 24054000 */  addiu   $a1, $zero, 0x4000         ## $a1 = 00004000
/* 01154 808BE334 240600FF */  addiu   $a2, $zero, 0x00FF         ## $a2 = 000000FF
/* 01158 808BE338 00003825 */  or      $a3, $zero, $zero          ## $a3 = 00000000
/* 0115C 808BE33C 0C02F2DC */  jal     func_800BCB70              
/* 01160 808BE340 AFA20010 */  sw      $v0, 0x0010($sp)           
/* 01164 808BE344 8FBF0024 */  lw      $ra, 0x0024($sp)           
/* 01168 808BE348 8FB00020 */  lw      $s0, 0x0020($sp)           
/* 0116C 808BE34C 27BD0028 */  addiu   $sp, $sp, 0x0028           ## $sp = 00000000
/* 01170 808BE350 03E00008 */  jr      $ra                        
/* 01174 808BE354 00000000 */  nop


glabel func_808BE358
/* 01178 808BE358 27BDFFE8 */  addiu   $sp, $sp, 0xFFE8           ## $sp = FFFFFFE8
/* 0117C 808BE35C AFBF0014 */  sw      $ra, 0x0014($sp)           
/* 01180 808BE360 AFA40018 */  sw      $a0, 0x0018($sp)           
/* 01184 808BE364 AFA5001C */  sw      $a1, 0x001C($sp)           
/* 01188 808BE368 8FA40018 */  lw      $a0, 0x0018($sp)           
/* 0118C 808BE36C 24050000 */  addiu   $a1, $zero, 0x0000         ## $a1 = 00000000
/* 01190 808BE370 3C063F80 */  lui     $a2, 0x3F80                ## $a2 = 3F800000
/* 01194 808BE374 0C03FC0F */  jal     func_800FF03C              
/* 01198 808BE378 24840070 */  addiu   $a0, $a0, 0x0070           ## $a0 = 00000070
/* 0119C 808BE37C 8FA40018 */  lw      $a0, 0x0018($sp)           
/* 011A0 808BE380 0C04DB34 */  jal     func_80136CD0              
/* 011A4 808BE384 24840144 */  addiu   $a0, $a0, 0x0144           ## $a0 = 00000144
/* 011A8 808BE388 50400004 */  beql    $v0, $zero, .L808BE39C     
/* 011AC 808BE38C 8FBF0014 */  lw      $ra, 0x0014($sp)           
/* 011B0 808BE390 0C22F921 */  jal     func_808BE484              
/* 011B4 808BE394 8FA40018 */  lw      $a0, 0x0018($sp)           
/* 011B8 808BE398 8FBF0014 */  lw      $ra, 0x0014($sp)           
.L808BE39C:
/* 011BC 808BE39C 27BD0018 */  addiu   $sp, $sp, 0x0018           ## $sp = 00000000
/* 011C0 808BE3A0 03E00008 */  jr      $ra                        
/* 011C4 808BE3A4 00000000 */  nop


glabel func_808BE3A8
/* 011C8 808BE3A8 27BDFFE8 */  addiu   $sp, $sp, 0xFFE8           ## $sp = FFFFFFE8
/* 011CC 808BE3AC 44800000 */  mtc1    $zero, $f0                 ## $f0 = 0.00
/* 011D0 808BE3B0 AFBF0014 */  sw      $ra, 0x0014($sp)           
/* 011D4 808BE3B4 C4840068 */  lwc1    $f4, 0x0068($a0)           ## 00000068
/* 011D8 808BE3B8 E4800070 */  swc1    $f0, 0x0070($a0)           ## 00000070
/* 011DC 808BE3BC 2485027C */  addiu   $a1, $a0, 0x027C           ## $a1 = 0000027C
/* 011E0 808BE3C0 4604003C */  c.lt.s  $f0, $f4                   
/* 011E4 808BE3C4 00000000 */  nop
/* 011E8 808BE3C8 45000002 */  bc1f    .L808BE3D4                 
/* 011EC 808BE3CC 00000000 */  nop
/* 011F0 808BE3D0 E4800068 */  swc1    $f0, 0x0068($a0)           ## 00000068
.L808BE3D4:
/* 011F4 808BE3D4 0C02F941 */  jal     func_800BE504              
/* 011F8 808BE3D8 AFA40018 */  sw      $a0, 0x0018($sp)           
/* 011FC 808BE3DC 8FA40018 */  lw      $a0, 0x0018($sp)           
/* 01200 808BE3E0 3C0E808C */  lui     $t6, %hi(func_808BE3FC)    ## $t6 = 808C0000
/* 01204 808BE3E4 25CEE3FC */  addiu   $t6, $t6, %lo(func_808BE3FC) ## $t6 = 808BE3FC
/* 01208 808BE3E8 AC8E0188 */  sw      $t6, 0x0188($a0)           ## 00000188
/* 0120C 808BE3EC 8FBF0014 */  lw      $ra, 0x0014($sp)           
/* 01210 808BE3F0 27BD0018 */  addiu   $sp, $sp, 0x0018           ## $sp = 00000000
/* 01214 808BE3F4 03E00008 */  jr      $ra                        
/* 01218 808BE3F8 00000000 */  nop


glabel func_808BE3FC
/* 0121C 808BE3FC 27BDFFE8 */  addiu   $sp, $sp, 0xFFE8           ## $sp = FFFFFFE8
/* 01220 808BE400 AFBF0014 */  sw      $ra, 0x0014($sp)           
/* 01224 808BE404 84820190 */  lh      $v0, 0x0190($a0)           ## 00000190
/* 01228 808BE408 10400003 */  beq     $v0, $zero, .L808BE418     
/* 0122C 808BE40C 244EFFFF */  addiu   $t6, $v0, 0xFFFF           ## $t6 = FFFFFFFF
/* 01230 808BE410 A48E0190 */  sh      $t6, 0x0190($a0)           ## 00000190
/* 01234 808BE414 84820190 */  lh      $v0, 0x0190($a0)           ## 00000190
.L808BE418:
/* 01238 808BE418 54400017 */  bnel    $v0, $zero, .L808BE478     
/* 0123C 808BE41C 8FBF0014 */  lw      $ra, 0x0014($sp)           
/* 01240 808BE420 0C22F4ED */  jal     func_808BD3B4              
/* 01244 808BE424 AFA40018 */  sw      $a0, 0x0018($sp)           
/* 01248 808BE428 8FA40018 */  lw      $a0, 0x0018($sp)           
/* 0124C 808BE42C 24010001 */  addiu   $at, $zero, 0x0001         ## $at = 00000001
/* 01250 808BE430 848F001C */  lh      $t7, 0x001C($a0)           ## 0000001C
/* 01254 808BE434 55E10006 */  bnel    $t7, $at, .L808BE450       
/* 01258 808BE438 909800B7 */  lbu     $t8, 0x00B7($a0)           ## 000000B7
/* 0125C 808BE43C 0C22F73C */  jal     func_808BDCF0              
/* 01260 808BE440 00000000 */  nop
/* 01264 808BE444 1000000C */  beq     $zero, $zero, .L808BE478   
/* 01268 808BE448 8FBF0014 */  lw      $ra, 0x0014($sp)           
/* 0126C 808BE44C 909800B7 */  lbu     $t8, 0x00B7($a0)           ## 000000B7
.L808BE450:
/* 01270 808BE450 57000006 */  bnel    $t8, $zero, .L808BE46C     
/* 01274 808BE454 849900BE */  lh      $t9, 0x00BE($a0)           ## 000000BE
/* 01278 808BE458 0C22F8A5 */  jal     func_808BE294              
/* 0127C 808BE45C 00002825 */  or      $a1, $zero, $zero          ## $a1 = 00000000
/* 01280 808BE460 10000005 */  beq     $zero, $zero, .L808BE478   
/* 01284 808BE464 8FBF0014 */  lw      $ra, 0x0014($sp)           
/* 01288 808BE468 849900BE */  lh      $t9, 0x00BE($a0)           ## 000000BE
.L808BE46C:
/* 0128C 808BE46C 0C22F7D8 */  jal     func_808BDF60              
/* 01290 808BE470 A4990032 */  sh      $t9, 0x0032($a0)           ## 00000032
/* 01294 808BE474 8FBF0014 */  lw      $ra, 0x0014($sp)           
.L808BE478:
/* 01298 808BE478 27BD0018 */  addiu   $sp, $sp, 0x0018           ## $sp = 00000000
/* 0129C 808BE47C 03E00008 */  jr      $ra                        
/* 012A0 808BE480 00000000 */  nop


glabel func_808BE484
/* 012A4 808BE484 27BDFFE8 */  addiu   $sp, $sp, 0xFFE8           ## $sp = FFFFFFE8
/* 012A8 808BE488 AFBF0014 */  sw      $ra, 0x0014($sp)           
/* 012AC 808BE48C 00803025 */  or      $a2, $a0, $zero            ## $a2 = 00000000
/* 012B0 808BE490 3C050600 */  lui     $a1, 0x0600                ## $a1 = 06000000
/* 012B4 808BE494 24A52BD4 */  addiu   $a1, $a1, 0x2BD4           ## $a1 = 06002BD4
/* 012B8 808BE498 24C40144 */  addiu   $a0, $a2, 0x0144           ## $a0 = 00000144
/* 012BC 808BE49C 0C04DD0C */  jal     func_80137430              
/* 012C0 808BE4A0 AFA60018 */  sw      $a2, 0x0018($sp)           
/* 012C4 808BE4A4 8FA40018 */  lw      $a0, 0x0018($sp)           
/* 012C8 808BE4A8 44802000 */  mtc1    $zero, $f4                 ## $f4 = 0.00
/* 012CC 808BE4AC 3C0E808C */  lui     $t6, %hi(func_808BE4D4)    ## $t6 = 808C0000
/* 012D0 808BE4B0 25CEE4D4 */  addiu   $t6, $t6, %lo(func_808BE4D4) ## $t6 = 808BE4D4
/* 012D4 808BE4B4 24053881 */  addiu   $a1, $zero, 0x3881         ## $a1 = 00003881
/* 012D8 808BE4B8 AC8E0188 */  sw      $t6, 0x0188($a0)           ## 00000188
/* 012DC 808BE4BC 0C02E3B2 */  jal     func_800B8EC8              
/* 012E0 808BE4C0 E4840070 */  swc1    $f4, 0x0070($a0)           ## 00000070
/* 012E4 808BE4C4 8FBF0014 */  lw      $ra, 0x0014($sp)           
/* 012E8 808BE4C8 27BD0018 */  addiu   $sp, $sp, 0x0018           ## $sp = 00000000
/* 012EC 808BE4CC 03E00008 */  jr      $ra                        
/* 012F0 808BE4D0 00000000 */  nop


glabel func_808BE4D4
/* 012F4 808BE4D4 27BDFFB0 */  addiu   $sp, $sp, 0xFFB0           ## $sp = FFFFFFB0
/* 012F8 808BE4D8 AFB10030 */  sw      $s1, 0x0030($sp)           
/* 012FC 808BE4DC AFB0002C */  sw      $s0, 0x002C($sp)           
/* 01300 808BE4E0 00808025 */  or      $s0, $a0, $zero            ## $s0 = 00000000
/* 01304 808BE4E4 00A08825 */  or      $s1, $a1, $zero            ## $s1 = 00000000
/* 01308 808BE4E8 AFBF0034 */  sw      $ra, 0x0034($sp)           
/* 0130C 808BE4EC 0C04DB34 */  jal     func_80136CD0              
/* 01310 808BE4F0 26040144 */  addiu   $a0, $s0, 0x0144           ## $a0 = 00000144
/* 01314 808BE4F4 1040005D */  beq     $v0, $zero, .L808BE66C     
/* 01318 808BE4F8 3C06801D */  lui     $a2, 0x801D                ## $a2 = 801D0000
/* 0131C 808BE4FC C6040024 */  lwc1    $f4, 0x0024($s0)           ## 00000024
/* 01320 808BE500 3C014190 */  lui     $at, 0x4190                ## $at = 41900000
/* 01324 808BE504 44814000 */  mtc1    $at, $f8                   ## $f8 = 18.00
/* 01328 808BE508 E7A40040 */  swc1    $f4, 0x0040($sp)           
/* 0132C 808BE50C C6060028 */  lwc1    $f6, 0x0028($s0)           ## 00000028
/* 01330 808BE510 3C0E808C */  lui     $t6, %hi(D_808BEF90)       ## $t6 = 808C0000
/* 01334 808BE514 3C0F808C */  lui     $t7, %hi(D_808BEF94)       ## $t7 = 808C0000
/* 01338 808BE518 46083280 */  add.s   $f10, $f6, $f8             
/* 0133C 808BE51C 24C615B0 */  addiu   $a2, $a2, 0x15B0           ## $a2 = 801D15B0
/* 01340 808BE520 25EFEF94 */  addiu   $t7, $t7, %lo(D_808BEF94)  ## $t7 = 808BEF94
/* 01344 808BE524 25CEEF90 */  addiu   $t6, $t6, %lo(D_808BEF90)  ## $t6 = 808BEF90
/* 01348 808BE528 E7AA0044 */  swc1    $f10, 0x0044($sp)          
/* 0134C 808BE52C C610002C */  lwc1    $f16, 0x002C($s0)          ## 0000002C
/* 01350 808BE530 241800C8 */  addiu   $t8, $zero, 0x00C8         ## $t8 = 000000C8
/* 01354 808BE534 2419000D */  addiu   $t9, $zero, 0x000D         ## $t9 = 0000000D
/* 01358 808BE538 AFB90020 */  sw      $t9, 0x0020($sp)           
/* 0135C 808BE53C AFB80018 */  sw      $t8, 0x0018($sp)           
/* 01360 808BE540 AFA0001C */  sw      $zero, 0x001C($sp)         
/* 01364 808BE544 AFAF0014 */  sw      $t7, 0x0014($sp)           
/* 01368 808BE548 AFAE0010 */  sw      $t6, 0x0010($sp)           
/* 0136C 808BE54C 00C03825 */  or      $a3, $a2, $zero            ## $a3 = 801D15B0
/* 01370 808BE550 02202025 */  or      $a0, $s1, $zero            ## $a0 = 00000000
/* 01374 808BE554 27A50040 */  addiu   $a1, $sp, 0x0040           ## $a1 = FFFFFFF0
/* 01378 808BE558 0C02CBE0 */  jal     func_800B2F80              
/* 0137C 808BE55C E7B00048 */  swc1    $f16, 0x0048($sp)          
/* 01380 808BE560 26050024 */  addiu   $a1, $s0, 0x0024           ## $a1 = 00000024
/* 01384 808BE564 AFA5003C */  sw      $a1, 0x003C($sp)           
/* 01388 808BE568 02202025 */  or      $a0, $s1, $zero            ## $a0 = 00000000
/* 0138C 808BE56C 2406000B */  addiu   $a2, $zero, 0x000B         ## $a2 = 0000000B
/* 01390 808BE570 0C03C15A */  jal     func_800F0568              
/* 01394 808BE574 24073878 */  addiu   $a3, $zero, 0x3878         ## $a3 = 00003878
/* 01398 808BE578 C6120028 */  lwc1    $f18, 0x0028($s0)          ## 00000028
/* 0139C 808BE57C 3C014120 */  lui     $at, 0x4120                ## $at = 41200000
/* 013A0 808BE580 44812000 */  mtc1    $at, $f4                   ## $f4 = 10.00
/* 013A4 808BE584 2408000C */  addiu   $t0, $zero, 0x000C         ## $t0 = 0000000C
/* 013A8 808BE588 24090003 */  addiu   $t1, $zero, 0x0003         ## $t1 = 00000003
/* 013AC 808BE58C 46049180 */  add.s   $f6, $f18, $f4             
/* 013B0 808BE590 240A000F */  addiu   $t2, $zero, 0x000F         ## $t2 = 0000000F
/* 013B4 808BE594 240BFFFF */  addiu   $t3, $zero, 0xFFFF         ## $t3 = FFFFFFFF
/* 013B8 808BE598 240C000A */  addiu   $t4, $zero, 0x000A         ## $t4 = 0000000A
/* 013BC 808BE59C E7A60044 */  swc1    $f6, 0x0044($sp)           
/* 013C0 808BE5A0 AFAC0020 */  sw      $t4, 0x0020($sp)           
/* 013C4 808BE5A4 AFAB001C */  sw      $t3, 0x001C($sp)           
/* 013C8 808BE5A8 AFAA0018 */  sw      $t2, 0x0018($sp)           
/* 013CC 808BE5AC AFA90014 */  sw      $t1, 0x0014($sp)           
/* 013D0 808BE5B0 AFA80010 */  sw      $t0, 0x0010($sp)           
/* 013D4 808BE5B4 AFA00024 */  sw      $zero, 0x0024($sp)         
/* 013D8 808BE5B8 02202025 */  or      $a0, $s1, $zero            ## $a0 = 00000000
/* 013DC 808BE5BC 27A50040 */  addiu   $a1, $sp, 0x0040           ## $a1 = FFFFFFF0
/* 013E0 808BE5C0 3C064040 */  lui     $a2, 0x4040                ## $a2 = 40400000
/* 013E4 808BE5C4 0C02C887 */  jal     func_800B221C              
/* 013E8 808BE5C8 00003825 */  or      $a3, $zero, $zero          ## $a3 = 00000000
/* 013EC 808BE5CC 02202025 */  or      $a0, $s1, $zero            ## $a0 = 00000000
/* 013F0 808BE5D0 02002825 */  or      $a1, $s0, $zero            ## $a1 = 00000000
/* 013F4 808BE5D4 8FA6003C */  lw      $a2, 0x003C($sp)           
/* 013F8 808BE5D8 0C029F4A */  jal     func_800A7D28              
/* 013FC 808BE5DC 240700E0 */  addiu   $a3, $zero, 0x00E0         ## $a3 = 000000E0
/* 01400 808BE5E0 C608000C */  lwc1    $f8, 0x000C($s0)           ## 0000000C
/* 01404 808BE5E4 8E070008 */  lw      $a3, 0x0008($s0)           ## 00000008
/* 01408 808BE5E8 240E0080 */  addiu   $t6, $zero, 0x0080         ## $t6 = 00000080
/* 0140C 808BE5EC E7A80010 */  swc1    $f8, 0x0010($sp)           
/* 01410 808BE5F0 C60A0010 */  lwc1    $f10, 0x0010($s0)          ## 00000010
/* 01414 808BE5F4 AFA00018 */  sw      $zero, 0x0018($sp)         
/* 01418 808BE5F8 26241CA0 */  addiu   $a0, $s1, 0x1CA0           ## $a0 = 00001CA0
/* 0141C 808BE5FC E7AA0014 */  swc1    $f10, 0x0014($sp)          
/* 01420 808BE600 860D0016 */  lh      $t5, 0x0016($s0)           ## 00000016
/* 01424 808BE604 AFAE0024 */  sw      $t6, 0x0024($sp)           
/* 01428 808BE608 AFA00020 */  sw      $zero, 0x0020($sp)         
/* 0142C 808BE60C 02202825 */  or      $a1, $s1, $zero            ## $a1 = 00000000
/* 01430 808BE610 24060183 */  addiu   $a2, $zero, 0x0183         ## $a2 = 00000183
/* 01434 808BE614 0C02EB18 */  jal     func_800BAC60              
/* 01438 808BE618 AFAD001C */  sw      $t5, 0x001C($sp)           
/* 0143C 808BE61C 3C0A0600 */  lui     $t2, 0x0600                ## $t2 = 06000000
/* 01440 808BE620 254A1F50 */  addiu   $t2, $t2, 0x1F50           ## $t2 = 06001F50
/* 01444 808BE624 240F0006 */  addiu   $t7, $zero, 0x0006         ## $t7 = 00000006
/* 01448 808BE628 24180002 */  addiu   $t8, $zero, 0x0002         ## $t8 = 00000002
/* 0144C 808BE62C 2419000F */  addiu   $t9, $zero, 0x000F         ## $t9 = 0000000F
/* 01450 808BE630 24080040 */  addiu   $t0, $zero, 0x0040         ## $t0 = 00000040
/* 01454 808BE634 2409000A */  addiu   $t1, $zero, 0x000A         ## $t1 = 0000000A
/* 01458 808BE638 AFA90020 */  sw      $t1, 0x0020($sp)           
/* 0145C 808BE63C AFA8001C */  sw      $t0, 0x001C($sp)           
/* 01460 808BE640 AFB90018 */  sw      $t9, 0x0018($sp)           
/* 01464 808BE644 AFB80014 */  sw      $t8, 0x0014($sp)           
/* 01468 808BE648 AFAF0010 */  sw      $t7, 0x0010($sp)           
/* 0146C 808BE64C AFAA0024 */  sw      $t2, 0x0024($sp)           
/* 01470 808BE650 02202025 */  or      $a0, $s1, $zero            ## $a0 = 00000000
/* 01474 808BE654 26050008 */  addiu   $a1, $s0, 0x0008           ## $a1 = 00000008
/* 01478 808BE658 3C0640C0 */  lui     $a2, 0x40C0                ## $a2 = 40C00000
/* 0147C 808BE65C 0C02C887 */  jal     func_800B221C              
/* 01480 808BE660 00003825 */  or      $a3, $zero, $zero          ## $a3 = 00000000
/* 01484 808BE664 0C02D9C3 */  jal     func_800B670C              
/* 01488 808BE668 02002025 */  or      $a0, $s0, $zero            ## $a0 = 00000000
.L808BE66C:
/* 0148C 808BE66C 8FBF0034 */  lw      $ra, 0x0034($sp)           
/* 01490 808BE670 8FB0002C */  lw      $s0, 0x002C($sp)           
/* 01494 808BE674 8FB10030 */  lw      $s1, 0x0030($sp)           
/* 01498 808BE678 03E00008 */  jr      $ra                        
/* 0149C 808BE67C 27BD0050 */  addiu   $sp, $sp, 0x0050           ## $sp = 00000000


glabel func_808BE680
/* 014A0 808BE680 27BDFFE8 */  addiu   $sp, $sp, 0xFFE8           ## $sp = FFFFFFE8
/* 014A4 808BE684 AFBF0014 */  sw      $ra, 0x0014($sp)           
/* 014A8 808BE688 AFA40018 */  sw      $a0, 0x0018($sp)           
/* 014AC 808BE68C 8FA40018 */  lw      $a0, 0x0018($sp)           
/* 014B0 808BE690 3C050600 */  lui     $a1, 0x0600                ## $a1 = 06000000
/* 014B4 808BE694 24A5326C */  addiu   $a1, $a1, 0x326C           ## $a1 = 0600326C
/* 014B8 808BE698 3C06C040 */  lui     $a2, 0xC040                ## $a2 = C0400000
/* 014BC 808BE69C 0C04DD65 */  jal     func_80137594              
/* 014C0 808BE6A0 24840144 */  addiu   $a0, $a0, 0x0144           ## $a0 = 00000144
/* 014C4 808BE6A4 8FAF0018 */  lw      $t7, 0x0018($sp)           
/* 014C8 808BE6A8 3C0E808C */  lui     $t6, %hi(func_808BE6C4)    ## $t6 = 808C0000
/* 014CC 808BE6AC 25CEE6C4 */  addiu   $t6, $t6, %lo(func_808BE6C4) ## $t6 = 808BE6C4
/* 014D0 808BE6B0 ADEE0188 */  sw      $t6, 0x0188($t7)           ## 00000188
/* 014D4 808BE6B4 8FBF0014 */  lw      $ra, 0x0014($sp)           
/* 014D8 808BE6B8 27BD0018 */  addiu   $sp, $sp, 0x0018           ## $sp = 00000000
/* 014DC 808BE6BC 03E00008 */  jr      $ra                        
/* 014E0 808BE6C0 00000000 */  nop


glabel func_808BE6C4
/* 014E4 808BE6C4 27BDFFE0 */  addiu   $sp, $sp, 0xFFE0           ## $sp = FFFFFFE0
/* 014E8 808BE6C8 AFB00018 */  sw      $s0, 0x0018($sp)           
/* 014EC 808BE6CC 00808025 */  or      $s0, $a0, $zero            ## $s0 = 00000000
/* 014F0 808BE6D0 AFBF001C */  sw      $ra, 0x001C($sp)           
/* 014F4 808BE6D4 AFA50024 */  sw      $a1, 0x0024($sp)           
/* 014F8 808BE6D8 0C04DB34 */  jal     func_80136CD0              
/* 014FC 808BE6DC 26040144 */  addiu   $a0, $s0, 0x0144           ## $a0 = 00000144
/* 01500 808BE6E0 0C04900F */  jal     func_8012403C              
/* 01504 808BE6E4 8FA40024 */  lw      $a0, 0x0024($sp)           
/* 01508 808BE6E8 24010010 */  addiu   $at, $zero, 0x0010         ## $at = 00000010
/* 0150C 808BE6EC 10410005 */  beq     $v0, $at, .L808BE704       
/* 01510 808BE6F0 260400BE */  addiu   $a0, $s0, 0x00BE           ## $a0 = 000000BE
/* 01514 808BE6F4 86050092 */  lh      $a1, 0x0092($s0)           ## 00000092
/* 01518 808BE6F8 24060002 */  addiu   $a2, $zero, 0x0002         ## $a2 = 00000002
/* 0151C 808BE6FC 0C03FFF6 */  jal     func_800FFFD8              
/* 01520 808BE700 24070E38 */  addiu   $a3, $zero, 0x0E38         ## $a3 = 00000E38
.L808BE704:
/* 01524 808BE704 3C0143F0 */  lui     $at, 0x43F0                ## $at = 43F00000
/* 01528 808BE708 44812000 */  mtc1    $at, $f4                   ## $f4 = 480.00
/* 0152C 808BE70C C6060098 */  lwc1    $f6, 0x0098($s0)           ## 00000098
/* 01530 808BE710 4606203C */  c.lt.s  $f4, $f6                   
/* 01534 808BE714 00000000 */  nop
/* 01538 808BE718 45020004 */  bc1fl   .L808BE72C                 
/* 0153C 808BE71C 8FBF001C */  lw      $ra, 0x001C($sp)           
/* 01540 808BE720 0C22F727 */  jal     func_808BDC9C              
/* 01544 808BE724 02002025 */  or      $a0, $s0, $zero            ## $a0 = 00000000
/* 01548 808BE728 8FBF001C */  lw      $ra, 0x001C($sp)           
.L808BE72C:
/* 0154C 808BE72C 8FB00018 */  lw      $s0, 0x0018($sp)           
/* 01550 808BE730 27BD0020 */  addiu   $sp, $sp, 0x0020           ## $sp = 00000000
/* 01554 808BE734 03E00008 */  jr      $ra                        
/* 01558 808BE738 00000000 */  nop


glabel func_808BE73C
/* 0155C 808BE73C 27BDFFC8 */  addiu   $sp, $sp, 0xFFC8           ## $sp = FFFFFFC8
/* 01560 808BE740 AFB00030 */  sw      $s0, 0x0030($sp)           
/* 01564 808BE744 00808025 */  or      $s0, $a0, $zero            ## $s0 = 00000000
/* 01568 808BE748 AFBF0034 */  sw      $ra, 0x0034($sp)           
/* 0156C 808BE74C 00A03025 */  or      $a2, $a1, $zero            ## $a2 = 00000000
/* 01570 808BE750 9202028D */  lbu     $v0, 0x028D($s0)           ## 0000028D
/* 01574 808BE754 02002025 */  or      $a0, $s0, $zero            ## $a0 = 00000000
/* 01578 808BE758 26050294 */  addiu   $a1, $s0, 0x0294           ## $a1 = 00000294
/* 0157C 808BE75C 304E0002 */  andi    $t6, $v0, 0x0002           ## $t6 = 00000000
/* 01580 808BE760 11C0008E */  beq     $t6, $zero, .L808BE99C     
/* 01584 808BE764 304FFFFD */  andi    $t7, $v0, 0xFFFD           ## $t7 = 00000000
/* 01588 808BE768 A20F028D */  sb      $t7, 0x028D($s0)           ## 0000028D
/* 0158C 808BE76C 0C02F896 */  jal     func_800BE258              
/* 01590 808BE770 AFA6003C */  sw      $a2, 0x003C($sp)           
/* 01594 808BE774 9218018E */  lbu     $t8, 0x018E($s0)           ## 0000018E
/* 01598 808BE778 2401000A */  addiu   $at, $zero, 0x000A         ## $at = 0000000A
/* 0159C 808BE77C 02002025 */  or      $a0, $s0, $zero            ## $a0 = 00000000
/* 015A0 808BE780 17010008 */  bne     $t8, $at, .L808BE7A4       
/* 015A4 808BE784 00000000 */  nop
/* 015A8 808BE788 8E1902B8 */  lw      $t9, 0x02B8($s0)           ## 000002B8
/* 015AC 808BE78C 3C01000D */  lui     $at, 0x000D                ## $at = 000D0000
/* 015B0 808BE790 3421B0B3 */  ori     $at, $at, 0xB0B3           ## $at = 000DB0B3
/* 015B4 808BE794 8F280000 */  lw      $t0, 0x0000($t9)           ## 00000000
/* 015B8 808BE798 01014824 */  and     $t1, $t0, $at              
/* 015BC 808BE79C 552000A6 */  bnel    $t1, $zero, .L808BEA38     
/* 015C0 808BE7A0 8FBF0034 */  lw      $ra, 0x0034($sp)           
.L808BE7A4:
/* 015C4 808BE7A4 0C22F4ED */  jal     func_808BD3B4              
/* 015C8 808BE7A8 8FA5003C */  lw      $a1, 0x003C($sp)           
/* 015CC 808BE7AC 920A00B6 */  lbu     $t2, 0x00B6($s0)           ## 000000B6
/* 015D0 808BE7B0 24010032 */  addiu   $at, $zero, 0x0032         ## $at = 00000032
/* 015D4 808BE7B4 51410005 */  beql    $t2, $at, .L808BE7CC       
/* 015D8 808BE7B8 860B001C */  lh      $t3, 0x001C($s0)           ## 0000001C
/* 015DC 808BE7BC 8602001C */  lh      $v0, 0x001C($s0)           ## 0000001C
/* 015E0 808BE7C0 10400070 */  beq     $v0, $zero, .L808BE984     
/* 015E4 808BE7C4 00000000 */  nop
/* 015E8 808BE7C8 860B001C */  lh      $t3, 0x001C($s0)           ## 0000001C
.L808BE7CC:
/* 015EC 808BE7CC 24030001 */  addiu   $v1, $zero, 0x0001         ## $v1 = 00000001
/* 015F0 808BE7D0 506B0008 */  beql    $v1, $t3, .L808BE7F4       
/* 015F4 808BE7D4 860C001C */  lh      $t4, 0x001C($s0)           ## 0000001C
/* 015F8 808BE7D8 0C02F88B */  jal     func_800BE22C              
/* 015FC 808BE7DC 02002025 */  or      $a0, $s0, $zero            ## $a0 = 00000000
/* 01600 808BE7E0 14400003 */  bne     $v0, $zero, .L808BE7F0     
/* 01604 808BE7E4 8FA4003C */  lw      $a0, 0x003C($sp)           
/* 01608 808BE7E8 0C02EEA2 */  jal     func_800BBA88              
/* 0160C 808BE7EC 02002825 */  or      $a1, $s0, $zero            ## $a1 = 00000000
.L808BE7F0:
/* 01610 808BE7F0 860C001C */  lh      $t4, 0x001C($s0)           ## 0000001C
.L808BE7F4:
/* 01614 808BE7F4 24030001 */  addiu   $v1, $zero, 0x0001         ## $v1 = 00000001
/* 01618 808BE7F8 546C0006 */  bnel    $v1, $t4, .L808BE814       
/* 0161C 808BE7FC 920200B9 */  lbu     $v0, 0x00B9($s0)           ## 000000B9
/* 01620 808BE800 0C22F73C */  jal     func_808BDCF0              
/* 01624 808BE804 02002025 */  or      $a0, $s0, $zero            ## $a0 = 00000000
/* 01628 808BE808 1000008B */  beq     $zero, $zero, .L808BEA38   
/* 0162C 808BE80C 8FBF0034 */  lw      $ra, 0x0034($sp)           
/* 01630 808BE810 920200B9 */  lbu     $v0, 0x00B9($s0)           ## 000000B9
.L808BE814:
/* 01634 808BE814 24010003 */  addiu   $at, $zero, 0x0003         ## $at = 00000003
/* 01638 808BE818 1441000F */  bne     $v0, $at, .L808BE858       
/* 0163C 808BE81C 00000000 */  nop
/* 01640 808BE820 0C22F4D2 */  jal     func_808BD348              
/* 01644 808BE824 02002025 */  or      $a0, $s0, $zero            ## $a0 = 00000000
/* 01648 808BE828 920D00B7 */  lbu     $t5, 0x00B7($s0)           ## 000000B7
/* 0164C 808BE82C 15A00006 */  bne     $t5, $zero, .L808BE848     
/* 01650 808BE830 00000000 */  nop
/* 01654 808BE834 920F028D */  lbu     $t7, 0x028D($s0)           ## 0000028D
/* 01658 808BE838 240E0003 */  addiu   $t6, $zero, 0x0003         ## $t6 = 00000003
/* 0165C 808BE83C A60E0190 */  sh      $t6, 0x0190($s0)           ## 00000190
/* 01660 808BE840 31F8FFFE */  andi    $t8, $t7, 0xFFFE           ## $t8 = 00000000
/* 01664 808BE844 A218028D */  sb      $t8, 0x028D($s0)           ## 0000028D
.L808BE848:
/* 01668 808BE848 0C22F8EA */  jal     func_808BE3A8              
/* 0166C 808BE84C 02002025 */  or      $a0, $s0, $zero            ## $a0 = 00000000
/* 01670 808BE850 10000079 */  beq     $zero, $zero, .L808BEA38   
/* 01674 808BE854 8FBF0034 */  lw      $ra, 0x0034($sp)           
.L808BE858:
/* 01678 808BE858 14620011 */  bne     $v1, $v0, .L808BE8A0       
/* 0167C 808BE85C 24010002 */  addiu   $at, $zero, 0x0002         ## $at = 00000002
/* 01680 808BE860 24190028 */  addiu   $t9, $zero, 0x0028         ## $t9 = 00000028
/* 01684 808BE864 A6190190 */  sh      $t9, 0x0190($s0)           ## 00000190
/* 01688 808BE868 24080028 */  addiu   $t0, $zero, 0x0028         ## $t0 = 00000028
/* 0168C 808BE86C AFA80010 */  sw      $t0, 0x0010($sp)           
/* 01690 808BE870 02002025 */  or      $a0, $s0, $zero            ## $a0 = 00000000
/* 01694 808BE874 00002825 */  or      $a1, $zero, $zero          ## $a1 = 00000000
/* 01698 808BE878 240600FF */  addiu   $a2, $zero, 0x00FF         ## $a2 = 000000FF
/* 0169C 808BE87C 0C02F2DC */  jal     func_800BCB70              
/* 016A0 808BE880 00003825 */  or      $a3, $zero, $zero          ## $a3 = 00000000
/* 016A4 808BE884 02002025 */  or      $a0, $s0, $zero            ## $a0 = 00000000
/* 016A8 808BE888 0C02E3B2 */  jal     func_800B8EC8              
/* 016AC 808BE88C 2405389E */  addiu   $a1, $zero, 0x389E         ## $a1 = 0000389E
/* 016B0 808BE890 0C22F8EA */  jal     func_808BE3A8              
/* 016B4 808BE894 02002025 */  or      $a0, $s0, $zero            ## $a0 = 00000000
/* 016B8 808BE898 10000067 */  beq     $zero, $zero, .L808BEA38   
/* 016BC 808BE89C 8FBF0034 */  lw      $ra, 0x0034($sp)           
.L808BE8A0:
/* 016C0 808BE8A0 14410008 */  bne     $v0, $at, .L808BE8C4       
/* 016C4 808BE8A4 3C014080 */  lui     $at, 0x4080                ## $at = 40800000
/* 016C8 808BE8A8 44812000 */  mtc1    $at, $f4                   ## $f4 = 4.00
/* 016CC 808BE8AC 3C01808C */  lui     $at, %hi(D_808BEFEC)       ## $at = 808C0000
/* 016D0 808BE8B0 E6040210 */  swc1    $f4, 0x0210($s0)           ## 00000210
/* 016D4 808BE8B4 C426EFEC */  lwc1    $f6, %lo(D_808BEFEC)($at)  
/* 016D8 808BE8B8 A200018E */  sb      $zero, 0x018E($s0)         ## 0000018E
/* 016DC 808BE8BC 1000002C */  beq     $zero, $zero, .L808BE970   
/* 016E0 808BE8C0 E6060214 */  swc1    $f6, 0x0214($s0)           ## 00000214
.L808BE8C4:
/* 016E4 808BE8C4 24010004 */  addiu   $at, $zero, 0x0004         ## $at = 00000004
/* 016E8 808BE8C8 1441001F */  bne     $v0, $at, .L808BE948       
/* 016EC 808BE8CC 24090014 */  addiu   $t1, $zero, 0x0014         ## $t1 = 00000014
/* 016F0 808BE8D0 860C02A4 */  lh      $t4, 0x02A4($s0)           ## 000002A4
/* 016F4 808BE8D4 3C014080 */  lui     $at, 0x4080                ## $at = 40800000
/* 016F8 808BE8D8 44814000 */  mtc1    $at, $f8                   ## $f8 = 4.00
/* 016FC 808BE8DC 448C9000 */  mtc1    $t4, $f18                  ## $f18 = 0.00
/* 01700 808BE8E0 3C01808C */  lui     $at, %hi(D_808BEFF0)       ## $at = 808C0000
/* 01704 808BE8E4 E6080210 */  swc1    $f8, 0x0210($s0)           ## 00000210
/* 01708 808BE8E8 46809120 */  cvt.s.w $f4, $f18                  
/* 0170C 808BE8EC C42AEFF0 */  lwc1    $f10, %lo(D_808BEFF0)($at) 
/* 01710 808BE8F0 860B02A2 */  lh      $t3, 0x02A2($s0)           ## 000002A2
/* 01714 808BE8F4 A209018E */  sb      $t1, 0x018E($s0)           ## 0000018E
/* 01718 808BE8F8 E60A0214 */  swc1    $f10, 0x0214($s0)          ## 00000214
/* 0171C 808BE8FC 448B8000 */  mtc1    $t3, $f16                  ## $f16 = 0.00
/* 01720 808BE900 E7A40010 */  swc1    $f4, 0x0010($sp)           
/* 01724 808BE904 860D02A6 */  lh      $t5, 0x02A6($s0)           ## 000002A6
/* 01728 808BE908 46808420 */  cvt.s.w $f16, $f16                 
/* 0172C 808BE90C 8FA5003C */  lw      $a1, 0x003C($sp)           
/* 01730 808BE910 448D3000 */  mtc1    $t5, $f6                   ## $f6 = 0.00
/* 01734 808BE914 240E0003 */  addiu   $t6, $zero, 0x0003         ## $t6 = 00000003
/* 01738 808BE918 AFAE0024 */  sw      $t6, 0x0024($sp)           
/* 0173C 808BE91C 46803220 */  cvt.s.w $f8, $f6                   
/* 01740 808BE920 44078000 */  mfc1    $a3, $f16                  
/* 01744 808BE924 AFA00020 */  sw      $zero, 0x0020($sp)         
/* 01748 808BE928 AFA0001C */  sw      $zero, 0x001C($sp)         
/* 0174C 808BE92C AFA00018 */  sw      $zero, 0x0018($sp)         
/* 01750 808BE930 240600A2 */  addiu   $a2, $zero, 0x00A2         ## $a2 = 000000A2
/* 01754 808BE934 E7A80014 */  swc1    $f8, 0x0014($sp)           
/* 01758 808BE938 0C02EB18 */  jal     func_800BAC60              
/* 0175C 808BE93C 24A41CA0 */  addiu   $a0, $a1, 0x1CA0           ## $a0 = 00001CA0
/* 01760 808BE940 1000000C */  beq     $zero, $zero, .L808BE974   
/* 01764 808BE944 02002025 */  or      $a0, $s0, $zero            ## $a0 = 00000000
.L808BE948:
/* 01768 808BE948 24010005 */  addiu   $at, $zero, 0x0005         ## $at = 00000005
/* 0176C 808BE94C 14410008 */  bne     $v0, $at, .L808BE970       
/* 01770 808BE950 240F0020 */  addiu   $t7, $zero, 0x0020         ## $t7 = 00000020
/* 01774 808BE954 3C014080 */  lui     $at, 0x4080                ## $at = 40800000
/* 01778 808BE958 44815000 */  mtc1    $at, $f10                  ## $f10 = 4.00
/* 0177C 808BE95C A20F018E */  sb      $t7, 0x018E($s0)           ## 0000018E
/* 01780 808BE960 3C01808C */  lui     $at, %hi(D_808BEFF4)       ## $at = 808C0000
/* 01784 808BE964 E60A0210 */  swc1    $f10, 0x0210($s0)          ## 00000210
/* 01788 808BE968 C430EFF4 */  lwc1    $f16, %lo(D_808BEFF4)($at) 
/* 0178C 808BE96C E6100214 */  swc1    $f16, 0x0214($s0)          ## 00000214
.L808BE970:
/* 01790 808BE970 02002025 */  or      $a0, $s0, $zero            ## $a0 = 00000000
.L808BE974:
/* 01794 808BE974 0C22F8A5 */  jal     func_808BE294              
/* 01798 808BE978 24050001 */  addiu   $a1, $zero, 0x0001         ## $a1 = 00000001
/* 0179C 808BE97C 1000002E */  beq     $zero, $zero, .L808BEA38   
/* 017A0 808BE980 8FBF0034 */  lw      $ra, 0x0034($sp)           
.L808BE984:
/* 017A4 808BE984 5440002C */  bnel    $v0, $zero, .L808BEA38     
/* 017A8 808BE988 8FBF0034 */  lw      $ra, 0x0034($sp)           
/* 017AC 808BE98C 0C22F79F */  jal     func_808BDE7C              
/* 017B0 808BE990 02002025 */  or      $a0, $s0, $zero            ## $a0 = 00000000
/* 017B4 808BE994 10000028 */  beq     $zero, $zero, .L808BEA38   
/* 017B8 808BE998 8FBF0034 */  lw      $ra, 0x0034($sp)           
.L808BE99C:
/* 017BC 808BE99C 921800B6 */  lbu     $t8, 0x00B6($s0)           ## 000000B6
/* 017C0 808BE9A0 240100FF */  addiu   $at, $zero, 0x00FF         ## $at = 000000FF
/* 017C4 808BE9A4 57010024 */  bnel    $t8, $at, .L808BEA38       
/* 017C8 808BE9A8 8FBF0034 */  lw      $ra, 0x0034($sp)           
/* 017CC 808BE9AC 90D91CA2 */  lbu     $t9, 0x1CA2($a2)           ## 00001CA2
/* 017D0 808BE9B0 3C01808C */  lui     $at, %hi(D_808BEFF8)       ## $at = 808C0000
/* 017D4 808BE9B4 53200020 */  beql    $t9, $zero, .L808BEA38     
/* 017D8 808BE9B8 8FBF0034 */  lw      $ra, 0x0034($sp)           
/* 017DC 808BE9BC C6120094 */  lwc1    $f18, 0x0094($s0)          ## 00000094
/* 017E0 808BE9C0 C424EFF8 */  lwc1    $f4, %lo(D_808BEFF8)($at)  
/* 017E4 808BE9C4 4604903C */  c.lt.s  $f18, $f4                  
/* 017E8 808BE9C8 00000000 */  nop
/* 017EC 808BE9CC 4502001A */  bc1fl   .L808BEA38                 
/* 017F0 808BE9D0 8FBF0034 */  lw      $ra, 0x0034($sp)           
/* 017F4 808BE9D4 8602001C */  lh      $v0, 0x001C($s0)           ## 0000001C
/* 017F8 808BE9D8 24010001 */  addiu   $at, $zero, 0x0001         ## $at = 00000001
/* 017FC 808BE9DC 14410005 */  bne     $v0, $at, .L808BE9F4       
/* 01800 808BE9E0 00000000 */  nop
/* 01804 808BE9E4 0C22F73C */  jal     func_808BDCF0              
/* 01808 808BE9E8 02002025 */  or      $a0, $s0, $zero            ## $a0 = 00000000
/* 0180C 808BE9EC 10000012 */  beq     $zero, $zero, .L808BEA38   
/* 01810 808BE9F0 8FBF0034 */  lw      $ra, 0x0034($sp)           
.L808BE9F4:
/* 01814 808BE9F4 54400006 */  bnel    $v0, $zero, .L808BEA10     
/* 01818 808BE9F8 920800B7 */  lbu     $t0, 0x00B7($s0)           ## 000000B7
/* 0181C 808BE9FC 0C22F79F */  jal     func_808BDE7C              
/* 01820 808BEA00 02002025 */  or      $a0, $s0, $zero            ## $a0 = 00000000
/* 01824 808BEA04 1000000C */  beq     $zero, $zero, .L808BEA38   
/* 01828 808BEA08 8FBF0034 */  lw      $ra, 0x0034($sp)           
/* 0182C 808BEA0C 920800B7 */  lbu     $t0, 0x00B7($s0)           ## 000000B7
.L808BEA10:
/* 01830 808BEA10 00C02025 */  or      $a0, $a2, $zero            ## $a0 = 00000000
/* 01834 808BEA14 02002825 */  or      $a1, $s0, $zero            ## $a1 = 00000000
/* 01838 808BEA18 51000007 */  beql    $t0, $zero, .L808BEA38     
/* 0183C 808BEA1C 8FBF0034 */  lw      $ra, 0x0034($sp)           
/* 01840 808BEA20 0C02EEA2 */  jal     func_800BBA88              
/* 01844 808BEA24 A20000B7 */  sb      $zero, 0x00B7($s0)         ## 000000B7
/* 01848 808BEA28 02002025 */  or      $a0, $s0, $zero            ## $a0 = 00000000
/* 0184C 808BEA2C 0C22F8A5 */  jal     func_808BE294              
/* 01850 808BEA30 00002825 */  or      $a1, $zero, $zero          ## $a1 = 00000000
/* 01854 808BEA34 8FBF0034 */  lw      $ra, 0x0034($sp)           
.L808BEA38:
/* 01858 808BEA38 8FB00030 */  lw      $s0, 0x0030($sp)           
/* 0185C 808BEA3C 27BD0038 */  addiu   $sp, $sp, 0x0038           ## $sp = 00000000
/* 01860 808BEA40 03E00008 */  jr      $ra                        
/* 01864 808BEA44 00000000 */  nop


glabel func_808BEA48
/* 01868 808BEA48 27BDFFC8 */  addiu   $sp, $sp, 0xFFC8           ## $sp = FFFFFFC8
/* 0186C 808BEA4C AFB10020 */  sw      $s1, 0x0020($sp)           
/* 01870 808BEA50 AFB0001C */  sw      $s0, 0x001C($sp)           
/* 01874 808BEA54 00808025 */  or      $s0, $a0, $zero            ## $s0 = 00000000
/* 01878 808BEA58 00A08825 */  or      $s1, $a1, $zero            ## $s1 = 00000000
/* 0187C 808BEA5C AFBF0024 */  sw      $ra, 0x0024($sp)           
/* 01880 808BEA60 02002025 */  or      $a0, $s0, $zero            ## $a0 = 00000000
/* 01884 808BEA64 0C22F9CF */  jal     func_808BE73C              
/* 01888 808BEA68 02202825 */  or      $a1, $s1, $zero            ## $a1 = 00000000
/* 0188C 808BEA6C 8E190188 */  lw      $t9, 0x0188($s0)           ## 00000188
/* 01890 808BEA70 02002025 */  or      $a0, $s0, $zero            ## $a0 = 00000000
/* 01894 808BEA74 02202825 */  or      $a1, $s1, $zero            ## $a1 = 00000000
/* 01898 808BEA78 0320F809 */  jalr    $ra, $t9                   
/* 0189C 808BEA7C 00000000 */  nop
/* 018A0 808BEA80 0C02DAA2 */  jal     func_800B6A88              
/* 018A4 808BEA84 02002025 */  or      $a0, $s0, $zero            ## $a0 = 00000000
/* 018A8 808BEA88 860E02BC */  lh      $t6, 0x02BC($s0)           ## 000002BC
/* 018AC 808BEA8C 860F02BE */  lh      $t7, 0x02BE($s0)           ## 000002BE
/* 018B0 808BEA90 2418001D */  addiu   $t8, $zero, 0x001D         ## $t8 = 0000001D
/* 018B4 808BEA94 448E2000 */  mtc1    $t6, $f4                   ## $f4 = 0.00
/* 018B8 808BEA98 448F3000 */  mtc1    $t7, $f6                   ## $f6 = 0.00
/* 018BC 808BEA9C AFB80014 */  sw      $t8, 0x0014($sp)           
/* 018C0 808BEAA0 46802120 */  cvt.s.w $f4, $f4                   
/* 018C4 808BEAA4 02202025 */  or      $a0, $s1, $zero            ## $a0 = 00000000
/* 018C8 808BEAA8 02002825 */  or      $a1, $s0, $zero            ## $a1 = 00000000
/* 018CC 808BEAAC 3C0641A0 */  lui     $a2, 0x41A0                ## $a2 = 41A00000
/* 018D0 808BEAB0 46803220 */  cvt.s.w $f8, $f6                   
/* 018D4 808BEAB4 44072000 */  mfc1    $a3, $f4                   
/* 018D8 808BEAB8 0C02DE2E */  jal     func_800B78B8              
/* 018DC 808BEABC E7A80010 */  swc1    $f8, 0x0010($sp)           
/* 018E0 808BEAC0 2605027C */  addiu   $a1, $s0, 0x027C           ## $a1 = 0000027C
/* 018E4 808BEAC4 AFA5002C */  sw      $a1, 0x002C($sp)           
/* 018E8 808BEAC8 0C039F7E */  jal     func_800E7DF8              
/* 018EC 808BEACC 02002025 */  or      $a0, $s0, $zero            ## $a0 = 00000000
/* 018F0 808BEAD0 9208028D */  lbu     $t0, 0x028D($s0)           ## 0000028D
/* 018F4 808BEAD4 3C010001 */  lui     $at, 0x0001                ## $at = 00010000
/* 018F8 808BEAD8 34218884 */  ori     $at, $at, 0x8884           ## $at = 00018884
/* 018FC 808BEADC 31090001 */  andi    $t1, $t0, 0x0001           ## $t1 = 00000000
/* 01900 808BEAE0 11200004 */  beq     $t1, $zero, .L808BEAF4     
/* 01904 808BEAE4 02202025 */  or      $a0, $s1, $zero            ## $a0 = 00000000
/* 01908 808BEAE8 02212821 */  addu    $a1, $s1, $at              
/* 0190C 808BEAEC 0C0389D0 */  jal     func_800E2740              
/* 01910 808BEAF0 8FA6002C */  lw      $a2, 0x002C($sp)           
.L808BEAF4:
/* 01914 808BEAF4 3C010001 */  lui     $at, 0x0001                ## $at = 00010000
/* 01918 808BEAF8 34218884 */  ori     $at, $at, 0x8884           ## $at = 00018884
/* 0191C 808BEAFC 02212821 */  addu    $a1, $s1, $at              
/* 01920 808BEB00 02202025 */  or      $a0, $s1, $zero            ## $a0 = 00000000
/* 01924 808BEB04 0C038A4A */  jal     func_800E2928              
/* 01928 808BEB08 8FA6002C */  lw      $a2, 0x002C($sp)           
/* 0192C 808BEB0C 44800000 */  mtc1    $zero, $f0                 ## $f0 = 0.00
/* 01930 808BEB10 C60A0210 */  lwc1    $f10, 0x0210($s0)          ## 00000210
/* 01934 808BEB14 460A003C */  c.lt.s  $f0, $f10                  
/* 01938 808BEB18 00000000 */  nop
/* 0193C 808BEB1C 45020028 */  bc1fl   .L808BEBC0                 
/* 01940 808BEB20 8FBF0024 */  lw      $ra, 0x0024($sp)           
/* 01944 808BEB24 9202018E */  lbu     $v0, 0x018E($s0)           ## 0000018E
/* 01948 808BEB28 2403000A */  addiu   $v1, $zero, 0x000A         ## $v1 = 0000000A
/* 0194C 808BEB2C 26040210 */  addiu   $a0, $s0, 0x0210           ## $a0 = 00000210
/* 01950 808BEB30 10620016 */  beq     $v1, $v0, .L808BEB8C       
/* 01954 808BEB34 3C063D4C */  lui     $a2, 0x3D4C                ## $a2 = 3D4C0000
/* 01958 808BEB38 44050000 */  mfc1    $a1, $f0                   
/* 0195C 808BEB3C 0C03FC0F */  jal     func_800FF03C              
/* 01960 808BEB40 34C6CCCD */  ori     $a2, $a2, 0xCCCD           ## $a2 = 3D4CCCCD
/* 01964 808BEB44 3C01808C */  lui     $at, %hi(D_808BEFFC)       ## $at = 808C0000
/* 01968 808BEB48 C422EFFC */  lwc1    $f2, %lo(D_808BEFFC)($at)  
/* 0196C 808BEB4C 3C013F80 */  lui     $at, 0x3F80                ## $at = 3F800000
/* 01970 808BEB50 44819000 */  mtc1    $at, $f18                  ## $f18 = 1.00
/* 01974 808BEB54 C6100210 */  lwc1    $f16, 0x0210($s0)          ## 00000210
/* 01978 808BEB58 3C01808C */  lui     $at, %hi(D_808BF000)       ## $at = 808C0000
/* 0197C 808BEB5C C426F000 */  lwc1    $f6, %lo(D_808BF000)($at)  
/* 01980 808BEB60 46128100 */  add.s   $f4, $f16, $f18            
/* 01984 808BEB64 46062002 */  mul.s   $f0, $f4, $f6              
/* 01988 808BEB68 4600103C */  c.lt.s  $f2, $f0                   
/* 0198C 808BEB6C E6000214 */  swc1    $f0, 0x0214($s0)           ## 00000214
/* 01990 808BEB70 45020004 */  bc1fl   .L808BEB84                 
/* 01994 808BEB74 C6080214 */  lwc1    $f8, 0x0214($s0)           ## 00000214
/* 01998 808BEB78 10000010 */  beq     $zero, $zero, .L808BEBBC   
/* 0199C 808BEB7C E6020214 */  swc1    $f2, 0x0214($s0)           ## 00000214
/* 019A0 808BEB80 C6080214 */  lwc1    $f8, 0x0214($s0)           ## 00000214
.L808BEB84:
/* 019A4 808BEB84 1000000D */  beq     $zero, $zero, .L808BEBBC   
/* 019A8 808BEB88 E6080214 */  swc1    $f8, 0x0214($s0)           ## 00000214
.L808BEB8C:
/* 019AC 808BEB8C 1462000B */  bne     $v1, $v0, .L808BEBBC       
/* 019B0 808BEB90 3C01808C */  lui     $at, %hi(D_808BF004)       ## $at = 808C0000
/* 019B4 808BEB94 C422F004 */  lwc1    $f2, %lo(D_808BF004)($at)  
/* 019B8 808BEB98 3C063CA8 */  lui     $a2, 0x3CA8                ## $a2 = 3CA80000
/* 019BC 808BEB9C 34C6F5C3 */  ori     $a2, $a2, 0xF5C3           ## $a2 = 3CA8F5C3
/* 019C0 808BEBA0 44051000 */  mfc1    $a1, $f2                   
/* 019C4 808BEBA4 0C03FC0F */  jal     func_800FF03C              
/* 019C8 808BEBA8 26040218 */  addiu   $a0, $s0, 0x0218           ## $a0 = 00000218
/* 019CC 808BEBAC 14400003 */  bne     $v0, $zero, .L808BEBBC     
/* 019D0 808BEBB0 02002025 */  or      $a0, $s0, $zero            ## $a0 = 00000000
/* 019D4 808BEBB4 0C02E404 */  jal     func_800B9010              
/* 019D8 808BEBB8 240520B2 */  addiu   $a1, $zero, 0x20B2         ## $a1 = 000020B2
.L808BEBBC:
/* 019DC 808BEBBC 8FBF0024 */  lw      $ra, 0x0024($sp)           
.L808BEBC0:
/* 019E0 808BEBC0 8FB0001C */  lw      $s0, 0x001C($sp)           
/* 019E4 808BEBC4 8FB10020 */  lw      $s1, 0x0020($sp)           
/* 019E8 808BEBC8 03E00008 */  jr      $ra                        
/* 019EC 808BEBCC 27BD0038 */  addiu   $sp, $sp, 0x0038           ## $sp = 00000000


glabel func_808BEBD0
/* 019F0 808BEBD0 27BDFFE8 */  addiu   $sp, $sp, 0xFFE8           ## $sp = FFFFFFE8
/* 019F4 808BEBD4 AFA40018 */  sw      $a0, 0x0018($sp)           
/* 019F8 808BEBD8 8FA4002C */  lw      $a0, 0x002C($sp)           
/* 019FC 808BEBDC AFBF0014 */  sw      $ra, 0x0014($sp)           
/* 01A00 808BEBE0 AFA60020 */  sw      $a2, 0x0020($sp)           
/* 01A04 808BEBE4 AFA70024 */  sw      $a3, 0x0024($sp)           
/* 01A08 808BEBE8 8C8F0188 */  lw      $t7, 0x0188($a0)           ## 00000188
/* 01A0C 808BEBEC 3C0E808C */  lui     $t6, %hi(func_808BDA4C)    ## $t6 = 808C0000
/* 01A10 808BEBF0 25CEDA4C */  addiu   $t6, $t6, %lo(func_808BDA4C) ## $t6 = 808BDA4C
/* 01A14 808BEBF4 15CF0049 */  bne     $t6, $t7, .L808BED1C       
/* 01A18 808BEBF8 24010005 */  addiu   $at, $zero, 0x0005         ## $at = 00000005
/* 01A1C 808BEBFC 14A1003F */  bne     $a1, $at, .L808BECFC       
/* 01A20 808BEC00 24020002 */  addiu   $v0, $zero, 0x0002         ## $v0 = 00000002
/* 01A24 808BEC04 3C0140C0 */  lui     $at, 0x40C0                ## $at = 40C00000
/* 01A28 808BEC08 44819000 */  mtc1    $at, $f18                  ## $f18 = 6.00
/* 01A2C 808BEC0C C480015C */  lwc1    $f0, 0x015C($a0)           ## 0000015C
/* 01A30 808BEC10 3C0140E0 */  lui     $at, 0x40E0                ## $at = 40E00000
/* 01A34 808BEC14 4612003E */  c.le.s  $f0, $f18                  
/* 01A38 808BEC18 00000000 */  nop
/* 01A3C 808BEC1C 4502000F */  bc1fl   .L808BEC5C                 
/* 01A40 808BEC20 44811000 */  mtc1    $at, $f2                   ## $f2 = 7.00
/* 01A44 808BEC24 3C013F80 */  lui     $at, 0x3F80                ## $at = 3F800000
/* 01A48 808BEC28 44819000 */  mtc1    $at, $f18                  ## $f18 = 1.00
/* 01A4C 808BEC2C 3C01808C */  lui     $at, %hi(D_808BF008)       ## $at = 808C0000
/* 01A50 808BEC30 C424F008 */  lwc1    $f4, %lo(D_808BF008)($at)  
/* 01A54 808BEC34 3C01808C */  lui     $at, %hi(D_808BF00C)       ## $at = 808C0000
/* 01A58 808BEC38 C428F00C */  lwc1    $f8, %lo(D_808BF00C)($at)  
/* 01A5C 808BEC3C 46040182 */  mul.s   $f6, $f0, $f4              
/* 01A60 808BEC40 00000000 */  nop
/* 01A64 808BEC44 46080282 */  mul.s   $f10, $f0, $f8             
/* 01A68 808BEC48 46069381 */  sub.s   $f14, $f18, $f6            
/* 01A6C 808BEC4C 46125400 */  add.s   $f16, $f10, $f18           
/* 01A70 808BEC50 10000025 */  beq     $zero, $zero, .L808BECE8   
/* 01A74 808BEC54 46008306 */  mov.s   $f12, $f16                 
/* 01A78 808BEC58 44811000 */  mtc1    $at, $f2                   ## $f2 = -0.00
.L808BEC5C:
/* 01A7C 808BEC5C 3C014120 */  lui     $at, 0x4120                ## $at = 41200000
/* 01A80 808BEC60 4602003E */  c.le.s  $f0, $f2                   
/* 01A84 808BEC64 00000000 */  nop
/* 01A88 808BEC68 4502000E */  bc1fl   .L808BECA4                 
/* 01A8C 808BEC6C 44812000 */  mtc1    $at, $f4                   ## $f4 = 10.00
/* 01A90 808BEC70 3C013F00 */  lui     $at, 0x3F00                ## $at = 3F000000
/* 01A94 808BEC74 44812000 */  mtc1    $at, $f4                   ## $f4 = 0.50
/* 01A98 808BEC78 3C01808C */  lui     $at, %hi(D_808BF010)       ## $at = 808C0000
/* 01A9C 808BEC7C C426F010 */  lwc1    $f6, %lo(D_808BF010)($at)  
/* 01AA0 808BEC80 46120001 */  sub.s   $f0, $f0, $f18             
/* 01AA4 808BEC84 3C01808C */  lui     $at, %hi(D_808BF014)       ## $at = 808C0000
/* 01AA8 808BEC88 C428F014 */  lwc1    $f8, %lo(D_808BF014)($at)  
/* 01AAC 808BEC8C 46002380 */  add.s   $f14, $f4, $f0             
/* 01AB0 808BEC90 46080282 */  mul.s   $f10, $f0, $f8             
/* 01AB4 808BEC94 460A3401 */  sub.s   $f16, $f6, $f10            
/* 01AB8 808BEC98 10000013 */  beq     $zero, $zero, .L808BECE8   
/* 01ABC 808BEC9C 46008306 */  mov.s   $f12, $f16                 
/* 01AC0 808BECA0 44812000 */  mtc1    $at, $f4                   ## $f4 = -0.00
.L808BECA4:
/* 01AC4 808BECA4 3C013F80 */  lui     $at, 0x3F80                ## $at = 3F800000
/* 01AC8 808BECA8 4604003E */  c.le.s  $f0, $f4                   
/* 01ACC 808BECAC 00000000 */  nop
/* 01AD0 808BECB0 4500000B */  bc1f    .L808BECE0                 
/* 01AD4 808BECB4 00000000 */  nop
/* 01AD8 808BECB8 44818000 */  mtc1    $at, $f16                  ## $f16 = 1.00
/* 01ADC 808BECBC 46020201 */  sub.s   $f8, $f0, $f2              
/* 01AE0 808BECC0 3C01808C */  lui     $at, %hi(D_808BF018)       ## $at = 808C0000
/* 01AE4 808BECC4 C426F018 */  lwc1    $f6, %lo(D_808BF018)($at)  
/* 01AE8 808BECC8 3C013FC0 */  lui     $at, 0x3FC0                ## $at = 3FC00000
/* 01AEC 808BECCC 44812000 */  mtc1    $at, $f4                   ## $f4 = 1.50
/* 01AF0 808BECD0 46064282 */  mul.s   $f10, $f8, $f6             
/* 01AF4 808BECD4 46008306 */  mov.s   $f12, $f16                 
/* 01AF8 808BECD8 10000003 */  beq     $zero, $zero, .L808BECE8   
/* 01AFC 808BECDC 460A2381 */  sub.s   $f14, $f4, $f10            
.L808BECE0:
/* 01B00 808BECE0 1000000F */  beq     $zero, $zero, .L808BED20   
/* 01B04 808BECE4 00001025 */  or      $v0, $zero, $zero          ## $v0 = 00000000
.L808BECE8:
/* 01B08 808BECE8 44068000 */  mfc1    $a2, $f16                  
/* 01B0C 808BECEC 0C0600E7 */  jal     func_8018039C              
/* 01B10 808BECF0 24070001 */  addiu   $a3, $zero, 0x0001         ## $a3 = 00000001
/* 01B14 808BECF4 1000000A */  beq     $zero, $zero, .L808BED20   
/* 01B18 808BECF8 00001025 */  or      $v0, $zero, $zero          ## $v0 = 00000000
.L808BECFC:
/* 01B1C 808BECFC 54A20008 */  bnel    $a1, $v0, .L808BED20       
/* 01B20 808BED00 00001025 */  or      $v0, $zero, $zero          ## $v0 = 00000000
/* 01B24 808BED04 8498001C */  lh      $t8, 0x001C($a0)           ## 0000001C
/* 01B28 808BED08 8FA80028 */  lw      $t0, 0x0028($sp)           
/* 01B2C 808BED0C 54580004 */  bnel    $v0, $t8, .L808BED20       
/* 01B30 808BED10 00001025 */  or      $v0, $zero, $zero          ## $v0 = 00000000
/* 01B34 808BED14 84990030 */  lh      $t9, 0x0030($a0)           ## 00000030
/* 01B38 808BED18 A5190004 */  sh      $t9, 0x0004($t0)           ## 00000004
.L808BED1C:
/* 01B3C 808BED1C 00001025 */  or      $v0, $zero, $zero          ## $v0 = 00000000
.L808BED20:
/* 01B40 808BED20 8FBF0014 */  lw      $ra, 0x0014($sp)           
/* 01B44 808BED24 27BD0018 */  addiu   $sp, $sp, 0x0018           ## $sp = 00000000
/* 01B48 808BED28 03E00008 */  jr      $ra                        
/* 01B4C 808BED2C 00000000 */  nop


glabel func_808BED30
/* 01B50 808BED30 27BDFFB8 */  addiu   $sp, $sp, 0xFFB8           ## $sp = FFFFFFB8
/* 01B54 808BED34 AFBF0024 */  sw      $ra, 0x0024($sp)           
/* 01B58 808BED38 AFB30020 */  sw      $s3, 0x0020($sp)           
/* 01B5C 808BED3C AFB2001C */  sw      $s2, 0x001C($sp)           
/* 01B60 808BED40 AFB10018 */  sw      $s1, 0x0018($sp)           
/* 01B64 808BED44 AFB00014 */  sw      $s0, 0x0014($sp)           
/* 01B68 808BED48 AFA40048 */  sw      $a0, 0x0048($sp)           
/* 01B6C 808BED4C AFA60050 */  sw      $a2, 0x0050($sp)           
/* 01B70 808BED50 AFA70054 */  sw      $a3, 0x0054($sp)           
/* 01B74 808BED54 3C0E808C */  lui     $t6, %hi(D_808BEF98)       ## $t6 = 808C0000
/* 01B78 808BED58 25CEEF98 */  addiu   $t6, $t6, %lo(D_808BEF98)  ## $t6 = 808BEF98
/* 01B7C 808BED5C 00AE7821 */  addu    $t7, $a1, $t6              
/* 01B80 808BED60 AFAF0030 */  sw      $t7, 0x0030($sp)           
/* 01B84 808BED64 81F30000 */  lb      $s3, 0x0000($t7)           ## 00000000
/* 01B88 808BED68 2401FFFF */  addiu   $at, $zero, 0xFFFF         ## $at = FFFFFFFF
/* 01B8C 808BED6C 12610024 */  beq     $s3, $at, .L808BEE00       
/* 01B90 808BED70 2A610003 */  slti    $at, $s3, 0x0003           
/* 01B94 808BED74 1020000C */  beq     $at, $zero, .L808BEDA8     
/* 01B98 808BED78 8FA90058 */  lw      $t1, 0x0058($sp)           
/* 01B9C 808BED7C 8FB90058 */  lw      $t9, 0x0058($sp)           
/* 01BA0 808BED80 00134080 */  sll     $t0, $s3,  2               
/* 01BA4 808BED84 01134023 */  subu    $t0, $t0, $s3              
/* 01BA8 808BED88 00084080 */  sll     $t0, $t0,  2               
/* 01BAC 808BED8C 3C01447A */  lui     $at, 0x447A                ## $at = 447A0000
/* 01BB0 808BED90 44816000 */  mtc1    $at, $f12                  ## $f12 = 1000.00
/* 01BB4 808BED94 03282821 */  addu    $a1, $t9, $t0              
/* 01BB8 808BED98 0C0606DE */  jal     func_80181B78              
/* 01BBC 808BED9C 24A5021C */  addiu   $a1, $a1, 0x021C           ## $a1 = 0000021C
/* 01BC0 808BEDA0 10000018 */  beq     $zero, $zero, .L808BEE04   
/* 01BC4 808BEDA4 8FAB0030 */  lw      $t3, 0x0030($sp)           
.L808BEDA8:
/* 01BC8 808BEDA8 00135080 */  sll     $t2, $s3,  2               
/* 01BCC 808BEDAC 01535023 */  subu    $t2, $t2, $s3              
/* 01BD0 808BEDB0 000A5080 */  sll     $t2, $t2,  2               
/* 01BD4 808BEDB4 012A1821 */  addu    $v1, $t1, $t2              
/* 01BD8 808BEDB8 2464021C */  addiu   $a0, $v1, 0x021C           ## $a0 = 0000021C
/* 01BDC 808BEDBC 0C0606D4 */  jal     func_80181B50              
/* 01BE0 808BEDC0 AFA3002C */  sw      $v1, 0x002C($sp)           
/* 01BE4 808BEDC4 8FA3002C */  lw      $v1, 0x002C($sp)           
/* 01BE8 808BEDC8 26720001 */  addiu   $s2, $s3, 0x0001           ## $s2 = 00000001
/* 01BEC 808BEDCC 3C10808C */  lui     $s0, %hi(D_808BEFA4)       ## $s0 = 808C0000
/* 01BF0 808BEDD0 2A410008 */  slti    $at, $s2, 0x0008           
/* 01BF4 808BEDD4 2610EFA4 */  addiu   $s0, $s0, %lo(D_808BEFA4)  ## $s0 = 808BEFA4
/* 01BF8 808BEDD8 10200009 */  beq     $at, $zero, .L808BEE00     
/* 01BFC 808BEDDC 24710228 */  addiu   $s1, $v1, 0x0228           ## $s1 = 00000228
/* 01C00 808BEDE0 24130008 */  addiu   $s3, $zero, 0x0008         ## $s3 = 00000008
.L808BEDE4:
/* 01C04 808BEDE4 02002025 */  or      $a0, $s0, $zero            ## $a0 = 808BEFA4
/* 01C08 808BEDE8 0C0606A6 */  jal     func_80181A98              
/* 01C0C 808BEDEC 02202825 */  or      $a1, $s1, $zero            ## $a1 = 00000228
/* 01C10 808BEDF0 26520001 */  addiu   $s2, $s2, 0x0001           ## $s2 = 00000002
/* 01C14 808BEDF4 2610000C */  addiu   $s0, $s0, 0x000C           ## $s0 = 808BEFB0
/* 01C18 808BEDF8 1653FFFA */  bne     $s2, $s3, .L808BEDE4       
/* 01C1C 808BEDFC 2631000C */  addiu   $s1, $s1, 0x000C           ## $s1 = 00000234
.L808BEE00:
/* 01C20 808BEE00 8FAB0030 */  lw      $t3, 0x0030($sp)           
.L808BEE04:
/* 01C24 808BEE04 3C0C808C */  lui     $t4, %hi(D_808BEF9A)       ## $t4 = 808C0000
/* 01C28 808BEE08 258CEF9A */  addiu   $t4, $t4, %lo(D_808BEF9A)  ## $t4 = 808BEF9A
/* 01C2C 808BEE0C 156C0003 */  bne     $t3, $t4, .L808BEE1C       
/* 01C30 808BEE10 8FA40058 */  lw      $a0, 0x0058($sp)           
/* 01C34 808BEE14 0C0606D4 */  jal     func_80181B50              
/* 01C38 808BEE18 2484003C */  addiu   $a0, $a0, 0x003C           ## $a0 = 0000003C
.L808BEE1C:
/* 01C3C 808BEE1C 8FBF0024 */  lw      $ra, 0x0024($sp)           
/* 01C40 808BEE20 8FB00014 */  lw      $s0, 0x0014($sp)           
/* 01C44 808BEE24 8FB10018 */  lw      $s1, 0x0018($sp)           
/* 01C48 808BEE28 8FB2001C */  lw      $s2, 0x001C($sp)           
/* 01C4C 808BEE2C 8FB30020 */  lw      $s3, 0x0020($sp)           
/* 01C50 808BEE30 03E00008 */  jr      $ra                        
/* 01C54 808BEE34 27BD0048 */  addiu   $sp, $sp, 0x0048           ## $sp = 00000000


glabel func_808BEE38
/* 01C58 808BEE38 27BDFFD0 */  addiu   $sp, $sp, 0xFFD0           ## $sp = FFFFFFD0
/* 01C5C 808BEE3C AFB00028 */  sw      $s0, 0x0028($sp)           
/* 01C60 808BEE40 00808025 */  or      $s0, $a0, $zero            ## $s0 = 00000000
/* 01C64 808BEE44 AFBF002C */  sw      $ra, 0x002C($sp)           
/* 01C68 808BEE48 AFA50034 */  sw      $a1, 0x0034($sp)           
/* 01C6C 808BEE4C 3C0E808C */  lui     $t6, %hi(func_808BED30)    ## $t6 = 808C0000
/* 01C70 808BEE50 25CEED30 */  addiu   $t6, $t6, %lo(func_808BED30) ## $t6 = 808BED30
/* 01C74 808BEE54 8E050148 */  lw      $a1, 0x0148($s0)           ## 00000148
/* 01C78 808BEE58 8E060164 */  lw      $a2, 0x0164($s0)           ## 00000164
/* 01C7C 808BEE5C 3C07808C */  lui     $a3, %hi(func_808BEBD0)    ## $a3 = 808C0000
/* 01C80 808BEE60 24E7EBD0 */  addiu   $a3, $a3, %lo(func_808BEBD0) ## $a3 = 808BEBD0
/* 01C84 808BEE64 AFB00014 */  sw      $s0, 0x0014($sp)           
/* 01C88 808BEE68 AFAE0010 */  sw      $t6, 0x0010($sp)           
/* 01C8C 808BEE6C 0C04CECF */  jal     func_80133B3C              
/* 01C90 808BEE70 8FA40034 */  lw      $a0, 0x0034($sp)           
/* 01C94 808BEE74 C60C0008 */  lwc1    $f12, 0x0008($s0)          ## 00000008
/* 01C98 808BEE78 C60E000C */  lwc1    $f14, 0x000C($s0)          ## 0000000C
/* 01C9C 808BEE7C 8E060010 */  lw      $a2, 0x0010($s0)           ## 00000010
/* 01CA0 808BEE80 0C060594 */  jal     func_80181650              
/* 01CA4 808BEE84 26070014 */  addiu   $a3, $s0, 0x0014           ## $a3 = 00000014
/* 01CA8 808BEE88 C60C0058 */  lwc1    $f12, 0x0058($s0)          ## 00000058
/* 01CAC 808BEE8C C60E005C */  lwc1    $f14, 0x005C($s0)          ## 0000005C
/* 01CB0 808BEE90 8E060060 */  lw      $a2, 0x0060($s0)           ## 00000060
/* 01CB4 808BEE94 0C0600E7 */  jal     func_8018039C              
/* 01CB8 808BEE98 24070001 */  addiu   $a3, $zero, 0x0001         ## $a3 = 00000001
/* 01CBC 808BEE9C 920F011C */  lbu     $t7, 0x011C($s0)           ## 0000011C
/* 01CC0 808BEEA0 11E00003 */  beq     $t7, $zero, .L808BEEB0     
/* 01CC4 808BEEA4 00000000 */  nop
/* 01CC8 808BEEA8 0C02B968 */  jal     func_800AE5A0              
/* 01CCC 808BEEAC 8FA40034 */  lw      $a0, 0x0034($sp)           
.L808BEEB0:
/* 01CD0 808BEEB0 3C050600 */  lui     $a1, 0x0600                ## $a1 = 06000000
/* 01CD4 808BEEB4 24A51E50 */  addiu   $a1, $a1, 0x1E50           ## $a1 = 06001E50
/* 01CD8 808BEEB8 0C02F7F0 */  jal     func_800BDFC0              
/* 01CDC 808BEEBC 8FA40034 */  lw      $a0, 0x0034($sp)           
/* 01CE0 808BEEC0 C6040214 */  lwc1    $f4, 0x0214($s0)           ## 00000214
/* 01CE4 808BEEC4 8FA40034 */  lw      $a0, 0x0034($sp)           
/* 01CE8 808BEEC8 02002825 */  or      $a1, $s0, $zero            ## $a1 = 00000000
/* 01CEC 808BEECC E7A40010 */  swc1    $f4, 0x0010($sp)           
/* 01CF0 808BEED0 C6060218 */  lwc1    $f6, 0x0218($s0)           ## 00000218
/* 01CF4 808BEED4 2606021C */  addiu   $a2, $s0, 0x021C           ## $a2 = 0000021C
/* 01CF8 808BEED8 24070008 */  addiu   $a3, $zero, 0x0008         ## $a3 = 00000008
/* 01CFC 808BEEDC E7A60014 */  swc1    $f6, 0x0014($sp)           
/* 01D00 808BEEE0 C6080210 */  lwc1    $f8, 0x0210($s0)           ## 00000210
/* 01D04 808BEEE4 E7A80018 */  swc1    $f8, 0x0018($sp)           
/* 01D08 808BEEE8 9218018E */  lbu     $t8, 0x018E($s0)           ## 0000018E
/* 01D0C 808BEEEC 0C02F9A0 */  jal     func_800BE680              
/* 01D10 808BEEF0 AFB8001C */  sw      $t8, 0x001C($sp)           
/* 01D14 808BEEF4 8FBF002C */  lw      $ra, 0x002C($sp)           
/* 01D18 808BEEF8 8FB00028 */  lw      $s0, 0x0028($sp)           
/* 01D1C 808BEEFC 27BD0030 */  addiu   $sp, $sp, 0x0030           ## $sp = 00000000
/* 01D20 808BEF00 03E00008 */  jr      $ra                        
/* 01D24 808BEF04 00000000 */  nop
/* 01D28 808BEF08 00000000 */  nop
/* 01D2C 808BEF0C 00000000 */  nop

.section .data

D_808BEF10: .word 0x003B0500, 0x00000005, 0x00400000, 0x000002C8
.word func_808BD1E0
.word func_808BD31C
.word func_808BEA48
.word func_808BEE38
D_808BEF30: .word \
0x06000939, 0x10010000, 0x00000000, 0x00000000, \
0x00000000, 0xF7CFFFFF, 0x00000000, 0x00010100, \
0x00120020, 0x00000000, 0x00000000
D_808BEF5C: .word 0x01000012, 0x0020FF00
D_808BEF64: .word \
0x01010001, 0x01010001, 0x01010122, 0x32420101, \
0x01020151, 0x00000101, 0x01000000, 0x00000001
D_808BEF84: .word 0x891F004D, 0xB074FFFF, 0x30540A28
D_808BEF90: .word 0xFFFFFFFF
D_808BEF94: .word 0x96969600
D_808BEF98: .byte 0xFF, 0xFF
D_808BEF9A: .byte 0xFF, 0x03, 0xFF, 0x00, 0xFF, 0x01, 0xFF, 0x02, 0x00, 0x00
D_808BEFA4: .word \
0xC4BB8000, 0x00000000, 0xC4D48000, 0xC4BB8000, \
0x00000000, 0x44D48000, 0xC51C4000, 0xC4FA0000, \
0x00000000, 0xC47A0000, 0x447A0000, 0x00000000, \
0x00000000, 0x00000000, 0x00000000

.section .rodata

D_808BEFE0: .word 0x3F0CCCCD
D_808BEFE4: .word 0x3F533334
D_808BEFE8: .word 0x3E4CCCCD
D_808BEFEC: .word 0x3F0CCCCD
D_808BEFF0: .word 0x3F0CCCCD
D_808BEFF4: .word 0x3F0CCCCD
D_808BEFF8: .word 0x471C4000
D_808BEFFC: .word 0x3F0CCCCD
D_808BF000: .word 0x3E8CCCCD
D_808BF004: .word 0x3F0CCCCD
D_808BF008: .word 0x3DAA9931
D_808BF00C: .word 0x3DEF0069
D_808BF010: .word 0x3FD9999A
D_808BF014: .word 0x3F333333
D_808BF018: .word 0x3E2AB368, 0x00000000


.section .rodata
D_808BF020:
.incbin "baserom/En_Dekunuts", 0x1E40, 0x00000200
