.include "macro.inc"

# assembler directives
.set noat      # allow manual use of $at
.set noreorder # don't insert nops after branches
.set gp=64     # allow use of 64-bit general purpose registers

.section .text
glabel func_80C23230
/* 00000 80C23230 27BDFFD0 */  addiu   $sp, $sp, 0xFFD0           ## $sp = FFFFFFD0
/* 00004 80C23234 AFB00028 */  sw      $s0, 0x0028($sp)           
/* 00008 80C23238 00808025 */  or      $s0, $a0, $zero            ## $s0 = 00000000
/* 0000C 80C2323C AFBF002C */  sw      $ra, 0x002C($sp)           
/* 00010 80C23240 AFA50034 */  sw      $a1, 0x0034($sp)           
/* 00014 80C23244 240E00FF */  addiu   $t6, $zero, 0x00FF         ## $t6 = 000000FF
/* 00018 80C23248 3C053C23 */  lui     $a1, 0x3C23                ## $a1 = 3C230000
/* 0001C 80C2324C A20E00B6 */  sb      $t6, 0x00B6($s0)           ## 000000B6
/* 00020 80C23250 34A5D70A */  ori     $a1, $a1, 0xD70A           ## $a1 = 3C23D70A
/* 00024 80C23254 0C02D9F8 */  jal     func_800B67E0              
/* 00028 80C23258 02002025 */  or      $a0, $s0, $zero            ## $a0 = 00000000
/* 0002C 80C2325C 3C01C040 */  lui     $at, 0xC040                ## $at = C0400000
/* 00030 80C23260 44812000 */  mtc1    $at, $f4                   ## $f4 = -3.00
/* 00034 80C23264 240F0006 */  addiu   $t7, $zero, 0x0006         ## $t7 = 00000006
/* 00038 80C23268 A20F001F */  sb      $t7, 0x001F($s0)           ## 0000001F
/* 0003C 80C2326C E6040074 */  swc1    $f4, 0x0074($s0)           ## 00000074
/* 00040 80C23270 3C060600 */  lui     $a2, 0x0600                ## $a2 = 06000000
/* 00044 80C23274 3C070600 */  lui     $a3, 0x0600                ## $a3 = 06000000
/* 00048 80C23278 26180188 */  addiu   $t8, $s0, 0x0188           ## $t8 = 00000188
/* 0004C 80C2327C 26190200 */  addiu   $t9, $s0, 0x0200           ## $t9 = 00000200
/* 00050 80C23280 24080014 */  addiu   $t0, $zero, 0x0014         ## $t0 = 00000014
/* 00054 80C23284 AFA80018 */  sw      $t0, 0x0018($sp)           
/* 00058 80C23288 AFB90014 */  sw      $t9, 0x0014($sp)           
/* 0005C 80C2328C AFB80010 */  sw      $t8, 0x0010($sp)           
/* 00060 80C23290 24E711C0 */  addiu   $a3, $a3, 0x11C0           ## $a3 = 060011C0
/* 00064 80C23294 24C67908 */  addiu   $a2, $a2, 0x7908           ## $a2 = 06007908
/* 00068 80C23298 8FA40034 */  lw      $a0, 0x0034($sp)           
/* 0006C 80C2329C 0C04DACC */  jal     func_80136B30              
/* 00070 80C232A0 26050144 */  addiu   $a1, $s0, 0x0144           ## $a1 = 00000144
/* 00074 80C232A4 3C06800B */  lui     $a2, 0x800B                ## $a2 = 800B0000
/* 00078 80C232A8 24C63FC0 */  addiu   $a2, $a2, 0x3FC0           ## $a2 = 800B3FC0
/* 0007C 80C232AC 260400BC */  addiu   $a0, $s0, 0x00BC           ## $a0 = 000000BC
/* 00080 80C232B0 24050000 */  addiu   $a1, $zero, 0x0000         ## $a1 = 00000000
/* 00084 80C232B4 0C02CEE9 */  jal     func_800B3BA4              
/* 00088 80C232B8 3C0741C8 */  lui     $a3, 0x41C8                ## $a3 = 41C80000
/* 0008C 80C232BC 0C308CBA */  jal     func_80C232E8              
/* 00090 80C232C0 02002025 */  or      $a0, $s0, $zero            ## $a0 = 00000000
/* 00094 80C232C4 8FBF002C */  lw      $ra, 0x002C($sp)           
/* 00098 80C232C8 8FB00028 */  lw      $s0, 0x0028($sp)           
/* 0009C 80C232CC 27BD0030 */  addiu   $sp, $sp, 0x0030           ## $sp = 00000000
/* 000A0 80C232D0 03E00008 */  jr      $ra                        
/* 000A4 80C232D4 00000000 */  nop


glabel func_80C232D8
/* 000A8 80C232D8 AFA40000 */  sw      $a0, 0x0000($sp)           
/* 000AC 80C232DC AFA50004 */  sw      $a1, 0x0004($sp)           
/* 000B0 80C232E0 03E00008 */  jr      $ra                        
/* 000B4 80C232E4 00000000 */  nop


glabel func_80C232E8
/* 000B8 80C232E8 3C0F80C2 */  lui     $t7, %hi(func_80C23304)    ## $t7 = 80C20000
/* 000BC 80C232EC 240E0001 */  addiu   $t6, $zero, 0x0001         ## $t6 = 00000001
/* 000C0 80C232F0 25EF3304 */  addiu   $t7, $t7, %lo(func_80C23304) ## $t7 = 80C23304
/* 000C4 80C232F4 A48E027C */  sh      $t6, 0x027C($a0)           ## 0000027C
/* 000C8 80C232F8 AC8F0278 */  sw      $t7, 0x0278($a0)           ## 00000278
/* 000CC 80C232FC 03E00008 */  jr      $ra                        
/* 000D0 80C23300 00000000 */  nop


glabel func_80C23304
/* 000D4 80C23304 27BDFFE8 */  addiu   $sp, $sp, 0xFFE8           ## $sp = FFFFFFE8
/* 000D8 80C23308 AFA5001C */  sw      $a1, 0x001C($sp)           
/* 000DC 80C2330C 00802825 */  or      $a1, $a0, $zero            ## $a1 = 00000000
/* 000E0 80C23310 AFBF0014 */  sw      $ra, 0x0014($sp)           
/* 000E4 80C23314 AFA40018 */  sw      $a0, 0x0018($sp)           
/* 000E8 80C23318 0C04DB34 */  jal     func_80136CD0              
/* 000EC 80C2331C 24A40144 */  addiu   $a0, $a1, 0x0144           ## $a0 = 00000144
/* 000F0 80C23320 8FBF0014 */  lw      $ra, 0x0014($sp)           
/* 000F4 80C23324 27BD0018 */  addiu   $sp, $sp, 0x0018           ## $sp = 00000000
/* 000F8 80C23328 03E00008 */  jr      $ra                        
/* 000FC 80C2332C 00000000 */  nop


glabel func_80C23330
/* 00100 80C23330 27BDFFE0 */  addiu   $sp, $sp, 0xFFE0           ## $sp = FFFFFFE0
/* 00104 80C23334 AFBF001C */  sw      $ra, 0x001C($sp)           
/* 00108 80C23338 AFA50024 */  sw      $a1, 0x0024($sp)           
/* 0010C 80C2333C AFA40020 */  sw      $a0, 0x0020($sp)           
/* 00110 80C23340 8C990278 */  lw      $t9, 0x0278($a0)           ## 00000278
/* 00114 80C23344 8FA50024 */  lw      $a1, 0x0024($sp)           
/* 00118 80C23348 0320F809 */  jalr    $ra, $t9                   
/* 0011C 80C2334C 00000000 */  nop
/* 00120 80C23350 0C02DAA2 */  jal     func_800B6A88              
/* 00124 80C23354 8FA40020 */  lw      $a0, 0x0020($sp)           
/* 00128 80C23358 3C0141A0 */  lui     $at, 0x41A0                ## $at = 41A00000
/* 0012C 80C2335C 44810000 */  mtc1    $at, $f0                   ## $f0 = 20.00
/* 00130 80C23360 3C014248 */  lui     $at, 0x4248                ## $at = 42480000
/* 00134 80C23364 44812000 */  mtc1    $at, $f4                   ## $f4 = 50.00
/* 00138 80C23368 240E001D */  addiu   $t6, $zero, 0x001D         ## $t6 = 0000001D
/* 0013C 80C2336C 44060000 */  mfc1    $a2, $f0                   
/* 00140 80C23370 44070000 */  mfc1    $a3, $f0                   
/* 00144 80C23374 AFAE0014 */  sw      $t6, 0x0014($sp)           
/* 00148 80C23378 8FA40024 */  lw      $a0, 0x0024($sp)           
/* 0014C 80C2337C 8FA50020 */  lw      $a1, 0x0020($sp)           
/* 00150 80C23380 0C02DE2E */  jal     func_800B78B8              
/* 00154 80C23384 E7A40010 */  swc1    $f4, 0x0010($sp)           
/* 00158 80C23388 8FBF001C */  lw      $ra, 0x001C($sp)           
/* 0015C 80C2338C 27BD0020 */  addiu   $sp, $sp, 0x0020           ## $sp = 00000000
/* 00160 80C23390 03E00008 */  jr      $ra                        
/* 00164 80C23394 00000000 */  nop


glabel func_80C23398
/* 00168 80C23398 27BDFFD8 */  addiu   $sp, $sp, 0xFFD8           ## $sp = FFFFFFD8
/* 0016C 80C2339C AFBF0024 */  sw      $ra, 0x0024($sp)           
/* 00170 80C233A0 AFA40028 */  sw      $a0, 0x0028($sp)           
/* 00174 80C233A4 AFA5002C */  sw      $a1, 0x002C($sp)           
/* 00178 80C233A8 8FAE002C */  lw      $t6, 0x002C($sp)           
/* 0017C 80C233AC 0C04B0A3 */  jal     func_8012C28C              
/* 00180 80C233B0 8DC40000 */  lw      $a0, 0x0000($t6)           ## 00000000
/* 00184 80C233B4 8FAF002C */  lw      $t7, 0x002C($sp)           
/* 00188 80C233B8 0C04B0B7 */  jal     func_8012C2DC              
/* 0018C 80C233BC 8DE40000 */  lw      $a0, 0x0000($t7)           ## 00000000
/* 00190 80C233C0 8FA20028 */  lw      $v0, 0x0028($sp)           
/* 00194 80C233C4 8FA4002C */  lw      $a0, 0x002C($sp)           
/* 00198 80C233C8 8C450148 */  lw      $a1, 0x0148($v0)           ## 00000148
/* 0019C 80C233CC 8C460164 */  lw      $a2, 0x0164($v0)           ## 00000164
/* 001A0 80C233D0 90470146 */  lbu     $a3, 0x0146($v0)           ## 00000146
/* 001A4 80C233D4 AFA00014 */  sw      $zero, 0x0014($sp)         
/* 001A8 80C233D8 AFA00010 */  sw      $zero, 0x0010($sp)         
/* 001AC 80C233DC 0C04CFCA */  jal     func_80133F28              
/* 001B0 80C233E0 AFA20018 */  sw      $v0, 0x0018($sp)           
/* 001B4 80C233E4 8FBF0024 */  lw      $ra, 0x0024($sp)           
/* 001B8 80C233E8 27BD0028 */  addiu   $sp, $sp, 0x0028           ## $sp = 00000000
/* 001BC 80C233EC 03E00008 */  jr      $ra                        
/* 001C0 80C233F0 00000000 */  nop
/* 001C4 80C233F4 00000000 */  nop
/* 001C8 80C233F8 00000000 */  nop
/* 001CC 80C233FC 00000000 */  nop

.section .data

D_80C23400: .word 0x02A80400, 0x00000009, 0x02470000, 0x00000280
.word func_80C23230
.word func_80C232D8
.word func_80C23330
.word func_80C23398

.section .rodata



.section .rodata
D_80C23420:
.incbin "baserom/En_Ending_Hero2", 0x1F0, 0x00000040
