.include "macro.inc"

# assembler directives
.set noat      # allow manual use of $at
.set noreorder # don't insert nops after branches
.set gp=64     # allow use of 64-bit general purpose registers

.section .text
glabel func_80C23690
/* 00000 80C23690 27BDFFD0 */  addiu   $sp, $sp, 0xFFD0           ## $sp = FFFFFFD0
/* 00004 80C23694 AFB00028 */  sw      $s0, 0x0028($sp)           
/* 00008 80C23698 00808025 */  or      $s0, $a0, $zero            ## $s0 = 00000000
/* 0000C 80C2369C AFBF002C */  sw      $ra, 0x002C($sp)           
/* 00010 80C236A0 AFA50034 */  sw      $a1, 0x0034($sp)           
/* 00014 80C236A4 240E00FF */  addiu   $t6, $zero, 0x00FF         ## $t6 = 000000FF
/* 00018 80C236A8 3C053C23 */  lui     $a1, 0x3C23                ## $a1 = 3C230000
/* 0001C 80C236AC A20E00B6 */  sb      $t6, 0x00B6($s0)           ## 000000B6
/* 00020 80C236B0 34A5D70A */  ori     $a1, $a1, 0xD70A           ## $a1 = 3C23D70A
/* 00024 80C236B4 0C02D9F8 */  jal     func_800B67E0              
/* 00028 80C236B8 02002025 */  or      $a0, $s0, $zero            ## $a0 = 00000000
/* 0002C 80C236BC 3C01C040 */  lui     $at, 0xC040                ## $at = C0400000
/* 00030 80C236C0 44812000 */  mtc1    $at, $f4                   ## $f4 = -3.00
/* 00034 80C236C4 240F0006 */  addiu   $t7, $zero, 0x0006         ## $t7 = 00000006
/* 00038 80C236C8 A20F001F */  sb      $t7, 0x001F($s0)           ## 0000001F
/* 0003C 80C236CC E6040074 */  swc1    $f4, 0x0074($s0)           ## 00000074
/* 00040 80C236D0 3C060601 */  lui     $a2, 0x0601                ## $a2 = 06010000
/* 00044 80C236D4 3C070600 */  lui     $a3, 0x0600                ## $a3 = 06000000
/* 00048 80C236D8 26180188 */  addiu   $t8, $s0, 0x0188           ## $t8 = 00000188
/* 0004C 80C236DC 261901EE */  addiu   $t9, $s0, 0x01EE           ## $t9 = 000001EE
/* 00050 80C236E0 24080011 */  addiu   $t0, $zero, 0x0011         ## $t0 = 00000011
/* 00054 80C236E4 AFA80018 */  sw      $t0, 0x0018($sp)           
/* 00058 80C236E8 AFB90014 */  sw      $t9, 0x0014($sp)           
/* 0005C 80C236EC AFB80010 */  sw      $t8, 0x0010($sp)           
/* 00060 80C236F0 24E72A84 */  addiu   $a3, $a3, 0x2A84           ## $a3 = 06002A84
/* 00064 80C236F4 24C6D640 */  addiu   $a2, $a2, 0xD640           ## $a2 = 0600D640
/* 00068 80C236F8 8FA40034 */  lw      $a0, 0x0034($sp)           
/* 0006C 80C236FC 0C04DACC */  jal     func_80136B30              
/* 00070 80C23700 26050144 */  addiu   $a1, $s0, 0x0144           ## $a1 = 00000144
/* 00074 80C23704 3C06800B */  lui     $a2, 0x800B                ## $a2 = 800B0000
/* 00078 80C23708 24C63FC0 */  addiu   $a2, $a2, 0x3FC0           ## $a2 = 800B3FC0
/* 0007C 80C2370C 260400BC */  addiu   $a0, $s0, 0x00BC           ## $a0 = 000000BC
/* 00080 80C23710 24050000 */  addiu   $a1, $zero, 0x0000         ## $a1 = 00000000
/* 00084 80C23714 0C02CEE9 */  jal     func_800B3BA4              
/* 00088 80C23718 3C0741C8 */  lui     $a3, 0x41C8                ## $a3 = 41C80000
/* 0008C 80C2371C 0C308DD2 */  jal     func_80C23748              
/* 00090 80C23720 02002025 */  or      $a0, $s0, $zero            ## $a0 = 00000000
/* 00094 80C23724 8FBF002C */  lw      $ra, 0x002C($sp)           
/* 00098 80C23728 8FB00028 */  lw      $s0, 0x0028($sp)           
/* 0009C 80C2372C 27BD0030 */  addiu   $sp, $sp, 0x0030           ## $sp = 00000000
/* 000A0 80C23730 03E00008 */  jr      $ra                        
/* 000A4 80C23734 00000000 */  nop


glabel func_80C23738
/* 000A8 80C23738 AFA40000 */  sw      $a0, 0x0000($sp)           
/* 000AC 80C2373C AFA50004 */  sw      $a1, 0x0004($sp)           
/* 000B0 80C23740 03E00008 */  jr      $ra                        
/* 000B4 80C23744 00000000 */  nop


glabel func_80C23748
/* 000B8 80C23748 3C0F80C2 */  lui     $t7, %hi(func_80C23764)    ## $t7 = 80C20000
/* 000BC 80C2374C 240E0001 */  addiu   $t6, $zero, 0x0001         ## $t6 = 00000001
/* 000C0 80C23750 25EF3764 */  addiu   $t7, $t7, %lo(func_80C23764) ## $t7 = 80C23764
/* 000C4 80C23754 A48E0258 */  sh      $t6, 0x0258($a0)           ## 00000258
/* 000C8 80C23758 AC8F0254 */  sw      $t7, 0x0254($a0)           ## 00000254
/* 000CC 80C2375C 03E00008 */  jr      $ra                        
/* 000D0 80C23760 00000000 */  nop


glabel func_80C23764
/* 000D4 80C23764 27BDFFE8 */  addiu   $sp, $sp, 0xFFE8           ## $sp = FFFFFFE8
/* 000D8 80C23768 AFA5001C */  sw      $a1, 0x001C($sp)           
/* 000DC 80C2376C 00802825 */  or      $a1, $a0, $zero            ## $a1 = 00000000
/* 000E0 80C23770 AFBF0014 */  sw      $ra, 0x0014($sp)           
/* 000E4 80C23774 AFA40018 */  sw      $a0, 0x0018($sp)           
/* 000E8 80C23778 0C04DB34 */  jal     func_80136CD0              
/* 000EC 80C2377C 24A40144 */  addiu   $a0, $a1, 0x0144           ## $a0 = 00000144
/* 000F0 80C23780 8FBF0014 */  lw      $ra, 0x0014($sp)           
/* 000F4 80C23784 27BD0018 */  addiu   $sp, $sp, 0x0018           ## $sp = 00000000
/* 000F8 80C23788 03E00008 */  jr      $ra                        
/* 000FC 80C2378C 00000000 */  nop


glabel func_80C23790
/* 00100 80C23790 27BDFFE0 */  addiu   $sp, $sp, 0xFFE0           ## $sp = FFFFFFE0
/* 00104 80C23794 AFBF001C */  sw      $ra, 0x001C($sp)           
/* 00108 80C23798 AFA50024 */  sw      $a1, 0x0024($sp)           
/* 0010C 80C2379C AFA40020 */  sw      $a0, 0x0020($sp)           
/* 00110 80C237A0 8C990254 */  lw      $t9, 0x0254($a0)           ## 00000254
/* 00114 80C237A4 8FA50024 */  lw      $a1, 0x0024($sp)           
/* 00118 80C237A8 0320F809 */  jalr    $ra, $t9                   
/* 0011C 80C237AC 00000000 */  nop
/* 00120 80C237B0 0C02DAA2 */  jal     func_800B6A88              
/* 00124 80C237B4 8FA40020 */  lw      $a0, 0x0020($sp)           
/* 00128 80C237B8 3C0141A0 */  lui     $at, 0x41A0                ## $at = 41A00000
/* 0012C 80C237BC 44810000 */  mtc1    $at, $f0                   ## $f0 = 20.00
/* 00130 80C237C0 3C014248 */  lui     $at, 0x4248                ## $at = 42480000
/* 00134 80C237C4 44812000 */  mtc1    $at, $f4                   ## $f4 = 50.00
/* 00138 80C237C8 240E001D */  addiu   $t6, $zero, 0x001D         ## $t6 = 0000001D
/* 0013C 80C237CC 44060000 */  mfc1    $a2, $f0                   
/* 00140 80C237D0 44070000 */  mfc1    $a3, $f0                   
/* 00144 80C237D4 AFAE0014 */  sw      $t6, 0x0014($sp)           
/* 00148 80C237D8 8FA40024 */  lw      $a0, 0x0024($sp)           
/* 0014C 80C237DC 8FA50020 */  lw      $a1, 0x0020($sp)           
/* 00150 80C237E0 0C02DE2E */  jal     func_800B78B8              
/* 00154 80C237E4 E7A40010 */  swc1    $f4, 0x0010($sp)           
/* 00158 80C237E8 8FBF001C */  lw      $ra, 0x001C($sp)           
/* 0015C 80C237EC 27BD0020 */  addiu   $sp, $sp, 0x0020           ## $sp = 00000000
/* 00160 80C237F0 03E00008 */  jr      $ra                        
/* 00164 80C237F4 00000000 */  nop


glabel func_80C237F8
/* 00168 80C237F8 27BDFFD8 */  addiu   $sp, $sp, 0xFFD8           ## $sp = FFFFFFD8
/* 0016C 80C237FC AFBF0024 */  sw      $ra, 0x0024($sp)           
/* 00170 80C23800 AFA40028 */  sw      $a0, 0x0028($sp)           
/* 00174 80C23804 AFA5002C */  sw      $a1, 0x002C($sp)           
/* 00178 80C23808 8FAE002C */  lw      $t6, 0x002C($sp)           
/* 0017C 80C2380C 0C04B0A3 */  jal     func_8012C28C              
/* 00180 80C23810 8DC40000 */  lw      $a0, 0x0000($t6)           ## 00000000
/* 00184 80C23814 8FAF002C */  lw      $t7, 0x002C($sp)           
/* 00188 80C23818 0C04B0B7 */  jal     func_8012C2DC              
/* 0018C 80C2381C 8DE40000 */  lw      $a0, 0x0000($t7)           ## 00000000
/* 00190 80C23820 8FA20028 */  lw      $v0, 0x0028($sp)           
/* 00194 80C23824 8FA4002C */  lw      $a0, 0x002C($sp)           
/* 00198 80C23828 8C450148 */  lw      $a1, 0x0148($v0)           ## 00000148
/* 0019C 80C2382C 8C460164 */  lw      $a2, 0x0164($v0)           ## 00000164
/* 001A0 80C23830 90470146 */  lbu     $a3, 0x0146($v0)           ## 00000146
/* 001A4 80C23834 AFA00014 */  sw      $zero, 0x0014($sp)         
/* 001A8 80C23838 AFA00010 */  sw      $zero, 0x0010($sp)         
/* 001AC 80C2383C 0C04CFCA */  jal     func_80133F28              
/* 001B0 80C23840 AFA20018 */  sw      $v0, 0x0018($sp)           
/* 001B4 80C23844 8FBF0024 */  lw      $ra, 0x0024($sp)           
/* 001B8 80C23848 27BD0028 */  addiu   $sp, $sp, 0x0028           ## $sp = 00000000
/* 001BC 80C2384C 03E00008 */  jr      $ra                        
/* 001C0 80C23850 00000000 */  nop
/* 001C4 80C23854 00000000 */  nop
/* 001C8 80C23858 00000000 */  nop
/* 001CC 80C2385C 00000000 */  nop

.section .data

D_80C23860: .word 0x02AA0400, 0x00000009, 0x01B60000, 0x0000025C
.word func_80C23690
.word func_80C23738
.word func_80C23790
.word func_80C237F8

.section .rodata



.section .rodata
D_80C23880:
.incbin "baserom/En_Ending_Hero4", 0x1F0, 0x00000040
