.include "macro.inc"

# assembler directives
.set noat      # allow manual use of $at
.set noreorder # don't insert nops after branches
.set gp=64     # allow use of 64-bit general purpose registers

.section .text
glabel func_80C238C0
/* 00000 80C238C0 27BDFFD0 */  addiu   $sp, $sp, 0xFFD0           ## $sp = FFFFFFD0
/* 00004 80C238C4 AFB00028 */  sw      $s0, 0x0028($sp)           
/* 00008 80C238C8 00808025 */  or      $s0, $a0, $zero            ## $s0 = 00000000
/* 0000C 80C238CC AFBF002C */  sw      $ra, 0x002C($sp)           
/* 00010 80C238D0 AFA50034 */  sw      $a1, 0x0034($sp)           
/* 00014 80C238D4 240E00FF */  addiu   $t6, $zero, 0x00FF         ## $t6 = 000000FF
/* 00018 80C238D8 3C053C23 */  lui     $a1, 0x3C23                ## $a1 = 3C230000
/* 0001C 80C238DC A20E00B6 */  sb      $t6, 0x00B6($s0)           ## 000000B6
/* 00020 80C238E0 34A5D70A */  ori     $a1, $a1, 0xD70A           ## $a1 = 3C23D70A
/* 00024 80C238E4 0C02D9F8 */  jal     func_800B67E0              
/* 00028 80C238E8 02002025 */  or      $a0, $s0, $zero            ## $a0 = 00000000
/* 0002C 80C238EC 3C01C040 */  lui     $at, 0xC040                ## $at = C0400000
/* 00030 80C238F0 44812000 */  mtc1    $at, $f4                   ## $f4 = -3.00
/* 00034 80C238F4 240F0006 */  addiu   $t7, $zero, 0x0006         ## $t7 = 00000006
/* 00038 80C238F8 A20F001F */  sb      $t7, 0x001F($s0)           ## 0000001F
/* 0003C 80C238FC E6040074 */  swc1    $f4, 0x0074($s0)           ## 00000074
/* 00040 80C23900 3C060601 */  lui     $a2, 0x0601                ## $a2 = 06010000
/* 00044 80C23904 3C070600 */  lui     $a3, 0x0600                ## $a3 = 06000000
/* 00048 80C23908 26180188 */  addiu   $t8, $s0, 0x0188           ## $t8 = 00000188
/* 0004C 80C2390C 261901EE */  addiu   $t9, $s0, 0x01EE           ## $t9 = 000001EE
/* 00050 80C23910 24080011 */  addiu   $t0, $zero, 0x0011         ## $t0 = 00000011
/* 00054 80C23914 AFA80018 */  sw      $t0, 0x0018($sp)           
/* 00058 80C23918 AFB90014 */  sw      $t9, 0x0014($sp)           
/* 0005C 80C2391C AFB80010 */  sw      $t8, 0x0010($sp)           
/* 00060 80C23920 24E72FA0 */  addiu   $a3, $a3, 0x2FA0           ## $a3 = 06002FA0
/* 00064 80C23924 24C6A850 */  addiu   $a2, $a2, 0xA850           ## $a2 = 0600A850
/* 00068 80C23928 8FA40034 */  lw      $a0, 0x0034($sp)           
/* 0006C 80C2392C 0C04DACC */  jal     func_80136B30              
/* 00070 80C23930 26050144 */  addiu   $a1, $s0, 0x0144           ## $a1 = 00000144
/* 00074 80C23934 3C06800B */  lui     $a2, 0x800B                ## $a2 = 800B0000
/* 00078 80C23938 24C63FC0 */  addiu   $a2, $a2, 0x3FC0           ## $a2 = 800B3FC0
/* 0007C 80C2393C 260400BC */  addiu   $a0, $s0, 0x00BC           ## $a0 = 000000BC
/* 00080 80C23940 24050000 */  addiu   $a1, $zero, 0x0000         ## $a1 = 00000000
/* 00084 80C23944 0C02CEE9 */  jal     func_800B3BA4              
/* 00088 80C23948 3C0741C8 */  lui     $a3, 0x41C8                ## $a3 = 41C80000
/* 0008C 80C2394C 8609001C */  lh      $t1, 0x001C($s0)           ## 0000001C
/* 00090 80C23950 02002025 */  or      $a0, $s0, $zero            ## $a0 = 00000000
/* 00094 80C23954 0C308E60 */  jal     func_80C23980              
/* 00098 80C23958 AE09025C */  sw      $t1, 0x025C($s0)           ## 0000025C
/* 0009C 80C2395C 8FBF002C */  lw      $ra, 0x002C($sp)           
/* 000A0 80C23960 8FB00028 */  lw      $s0, 0x0028($sp)           
/* 000A4 80C23964 27BD0030 */  addiu   $sp, $sp, 0x0030           ## $sp = 00000000
/* 000A8 80C23968 03E00008 */  jr      $ra                        
/* 000AC 80C2396C 00000000 */  nop


glabel func_80C23970
/* 000B0 80C23970 AFA40000 */  sw      $a0, 0x0000($sp)           
/* 000B4 80C23974 AFA50004 */  sw      $a1, 0x0004($sp)           
/* 000B8 80C23978 03E00008 */  jr      $ra                        
/* 000BC 80C2397C 00000000 */  nop


glabel func_80C23980
/* 000C0 80C23980 3C0F80C2 */  lui     $t7, %hi(func_80C2399C)    ## $t7 = 80C20000
/* 000C4 80C23984 240E0001 */  addiu   $t6, $zero, 0x0001         ## $t6 = 00000001
/* 000C8 80C23988 25EF399C */  addiu   $t7, $t7, %lo(func_80C2399C) ## $t7 = 80C2399C
/* 000CC 80C2398C A48E0258 */  sh      $t6, 0x0258($a0)           ## 00000258
/* 000D0 80C23990 AC8F0254 */  sw      $t7, 0x0254($a0)           ## 00000254
/* 000D4 80C23994 03E00008 */  jr      $ra                        
/* 000D8 80C23998 00000000 */  nop


glabel func_80C2399C
/* 000DC 80C2399C 27BDFFE8 */  addiu   $sp, $sp, 0xFFE8           ## $sp = FFFFFFE8
/* 000E0 80C239A0 AFA5001C */  sw      $a1, 0x001C($sp)           
/* 000E4 80C239A4 00802825 */  or      $a1, $a0, $zero            ## $a1 = 00000000
/* 000E8 80C239A8 AFBF0014 */  sw      $ra, 0x0014($sp)           
/* 000EC 80C239AC AFA40018 */  sw      $a0, 0x0018($sp)           
/* 000F0 80C239B0 0C04DB34 */  jal     func_80136CD0              
/* 000F4 80C239B4 24A40144 */  addiu   $a0, $a1, 0x0144           ## $a0 = 00000144
/* 000F8 80C239B8 8FBF0014 */  lw      $ra, 0x0014($sp)           
/* 000FC 80C239BC 27BD0018 */  addiu   $sp, $sp, 0x0018           ## $sp = 00000000
/* 00100 80C239C0 03E00008 */  jr      $ra                        
/* 00104 80C239C4 00000000 */  nop


glabel func_80C239C8
/* 00108 80C239C8 27BDFFE0 */  addiu   $sp, $sp, 0xFFE0           ## $sp = FFFFFFE0
/* 0010C 80C239CC AFBF001C */  sw      $ra, 0x001C($sp)           
/* 00110 80C239D0 AFA50024 */  sw      $a1, 0x0024($sp)           
/* 00114 80C239D4 AFA40020 */  sw      $a0, 0x0020($sp)           
/* 00118 80C239D8 8C990254 */  lw      $t9, 0x0254($a0)           ## 00000254
/* 0011C 80C239DC 8FA50024 */  lw      $a1, 0x0024($sp)           
/* 00120 80C239E0 0320F809 */  jalr    $ra, $t9                   
/* 00124 80C239E4 00000000 */  nop
/* 00128 80C239E8 0C02DAA2 */  jal     func_800B6A88              
/* 0012C 80C239EC 8FA40020 */  lw      $a0, 0x0020($sp)           
/* 00130 80C239F0 3C0141A0 */  lui     $at, 0x41A0                ## $at = 41A00000
/* 00134 80C239F4 44810000 */  mtc1    $at, $f0                   ## $f0 = 20.00
/* 00138 80C239F8 3C014248 */  lui     $at, 0x4248                ## $at = 42480000
/* 0013C 80C239FC 44812000 */  mtc1    $at, $f4                   ## $f4 = 50.00
/* 00140 80C23A00 240E001D */  addiu   $t6, $zero, 0x001D         ## $t6 = 0000001D
/* 00144 80C23A04 44060000 */  mfc1    $a2, $f0                   
/* 00148 80C23A08 44070000 */  mfc1    $a3, $f0                   
/* 0014C 80C23A0C AFAE0014 */  sw      $t6, 0x0014($sp)           
/* 00150 80C23A10 8FA40024 */  lw      $a0, 0x0024($sp)           
/* 00154 80C23A14 8FA50020 */  lw      $a1, 0x0020($sp)           
/* 00158 80C23A18 0C02DE2E */  jal     func_800B78B8              
/* 0015C 80C23A1C E7A40010 */  swc1    $f4, 0x0010($sp)           
/* 00160 80C23A20 8FBF001C */  lw      $ra, 0x001C($sp)           
/* 00164 80C23A24 27BD0020 */  addiu   $sp, $sp, 0x0020           ## $sp = 00000000
/* 00168 80C23A28 03E00008 */  jr      $ra                        
/* 0016C 80C23A2C 00000000 */  nop


glabel func_80C23A30
/* 00170 80C23A30 AFA60008 */  sw      $a2, 0x0008($sp)           
/* 00174 80C23A34 AFA7000C */  sw      $a3, 0x000C($sp)           
/* 00178 80C23A38 2401000F */  addiu   $at, $zero, 0x000F         ## $at = 0000000F
/* 0017C 80C23A3C 14A1000D */  bne     $a1, $at, .L80C23A74       
/* 00180 80C23A40 8C820000 */  lw      $v0, 0x0000($a0)           ## 00000000
/* 00184 80C23A44 8C4402B0 */  lw      $a0, 0x02B0($v0)           ## 000002B0
/* 00188 80C23A48 3C0FDE00 */  lui     $t7, 0xDE00                ## $t7 = DE000000
/* 0018C 80C23A4C 3C0980C2 */  lui     $t1, %hi(D_80C23BF0)       ## $t1 = 80C20000
/* 00190 80C23A50 248E0008 */  addiu   $t6, $a0, 0x0008           ## $t6 = 00000008
/* 00194 80C23A54 AC4E02B0 */  sw      $t6, 0x02B0($v0)           ## 000002B0
/* 00198 80C23A58 AC8F0000 */  sw      $t7, 0x0000($a0)           ## 00000000
/* 0019C 80C23A5C 8FB80010 */  lw      $t8, 0x0010($sp)           
/* 001A0 80C23A60 8F19025C */  lw      $t9, 0x025C($t8)           ## 0000025C
/* 001A4 80C23A64 00194080 */  sll     $t0, $t9,  2               
/* 001A8 80C23A68 01284821 */  addu    $t1, $t1, $t0              
/* 001AC 80C23A6C 8D293BF0 */  lw      $t1, %lo(D_80C23BF0)($t1)  
/* 001B0 80C23A70 AC890004 */  sw      $t1, 0x0004($a0)           ## 00000004
.L80C23A74:
/* 001B4 80C23A74 03E00008 */  jr      $ra                        
/* 001B8 80C23A78 00000000 */  nop


glabel func_80C23A7C
/* 001BC 80C23A7C 27BDFFD8 */  addiu   $sp, $sp, 0xFFD8           ## $sp = FFFFFFD8
/* 001C0 80C23A80 AFBF0024 */  sw      $ra, 0x0024($sp)           
/* 001C4 80C23A84 AFA40028 */  sw      $a0, 0x0028($sp)           
/* 001C8 80C23A88 AFA5002C */  sw      $a1, 0x002C($sp)           
/* 001CC 80C23A8C 8FAE002C */  lw      $t6, 0x002C($sp)           
/* 001D0 80C23A90 0C04B0A3 */  jal     func_8012C28C              
/* 001D4 80C23A94 8DC40000 */  lw      $a0, 0x0000($t6)           ## 00000000
/* 001D8 80C23A98 8FAF002C */  lw      $t7, 0x002C($sp)           
/* 001DC 80C23A9C 0C04B0B7 */  jal     func_8012C2DC              
/* 001E0 80C23AA0 8DE40000 */  lw      $a0, 0x0000($t7)           ## 00000000
/* 001E4 80C23AA4 8FA80028 */  lw      $t0, 0x0028($sp)           
/* 001E8 80C23AA8 8D19025C */  lw      $t9, 0x025C($t0)           ## 0000025C
/* 001EC 80C23AAC 8FB8002C */  lw      $t8, 0x002C($sp)           
/* 001F0 80C23AB0 2F210005 */  sltiu   $at, $t9, 0x0005           
/* 001F4 80C23AB4 10200037 */  beq     $at, $zero, .L80C23B94     
/* 001F8 80C23AB8 8F040000 */  lw      $a0, 0x0000($t8)           ## 00000000
/* 001FC 80C23ABC 0019C880 */  sll     $t9, $t9,  2               
/* 00200 80C23AC0 3C0180C2 */  lui     $at, %hi(D_80C23C10)       ## $at = 80C20000
/* 00204 80C23AC4 00390821 */  addu    $at, $at, $t9              
/* 00208 80C23AC8 8C393C10 */  lw      $t9, %lo(D_80C23C10)($at)  
/* 0020C 80C23ACC 03200008 */  jr      $t9                        
/* 00210 80C23AD0 00000000 */  nop
.L80C23AD4:
/* 00214 80C23AD4 8C8202B0 */  lw      $v0, 0x02B0($a0)           ## 000002B0
/* 00218 80C23AD8 3C0BAA0A */  lui     $t3, 0xAA0A                ## $t3 = AA0A0000
/* 0021C 80C23ADC 356B46FF */  ori     $t3, $t3, 0x46FF           ## $t3 = AA0A46FF
/* 00220 80C23AE0 24490008 */  addiu   $t1, $v0, 0x0008           ## $t1 = 00000008
/* 00224 80C23AE4 AC8902B0 */  sw      $t1, 0x02B0($a0)           ## 000002B0
/* 00228 80C23AE8 3C0AFB00 */  lui     $t2, 0xFB00                ## $t2 = FB000000
/* 0022C 80C23AEC AC4A0000 */  sw      $t2, 0x0000($v0)           ## 00000000
/* 00230 80C23AF0 AC4B0004 */  sw      $t3, 0x0004($v0)           ## 00000004
/* 00234 80C23AF4 10000028 */  beq     $zero, $zero, .L80C23B98   
/* 00238 80C23AF8 8D050148 */  lw      $a1, 0x0148($t0)           ## 00000148
.L80C23AFC:
/* 0023C 80C23AFC 8C8202B0 */  lw      $v0, 0x02B0($a0)           ## 000002B0
/* 00240 80C23B00 3C0EAAC8 */  lui     $t6, 0xAAC8                ## $t6 = AAC80000
/* 00244 80C23B04 35CEFFFF */  ori     $t6, $t6, 0xFFFF           ## $t6 = AAC8FFFF
/* 00248 80C23B08 244C0008 */  addiu   $t4, $v0, 0x0008           ## $t4 = 00000008
/* 0024C 80C23B0C AC8C02B0 */  sw      $t4, 0x02B0($a0)           ## 000002B0
/* 00250 80C23B10 3C0DFB00 */  lui     $t5, 0xFB00                ## $t5 = FB000000
/* 00254 80C23B14 AC4D0000 */  sw      $t5, 0x0000($v0)           ## 00000000
/* 00258 80C23B18 AC4E0004 */  sw      $t6, 0x0004($v0)           ## 00000004
/* 0025C 80C23B1C 1000001E */  beq     $zero, $zero, .L80C23B98   
/* 00260 80C23B20 8D050148 */  lw      $a1, 0x0148($t0)           ## 00000148
.L80C23B24:
/* 00264 80C23B24 8C8202B0 */  lw      $v0, 0x02B0($a0)           ## 000002B0
/* 00268 80C23B28 3C1900E6 */  lui     $t9, 0x00E6                ## $t9 = 00E60000
/* 0026C 80C23B2C 373946FF */  ori     $t9, $t9, 0x46FF           ## $t9 = 00E646FF
/* 00270 80C23B30 244F0008 */  addiu   $t7, $v0, 0x0008           ## $t7 = 00000008
/* 00274 80C23B34 AC8F02B0 */  sw      $t7, 0x02B0($a0)           ## 000002B0
/* 00278 80C23B38 3C18FB00 */  lui     $t8, 0xFB00                ## $t8 = FB000000
/* 0027C 80C23B3C AC580000 */  sw      $t8, 0x0000($v0)           ## 00000000
/* 00280 80C23B40 AC590004 */  sw      $t9, 0x0004($v0)           ## 00000004
/* 00284 80C23B44 10000014 */  beq     $zero, $zero, .L80C23B98   
/* 00288 80C23B48 8D050148 */  lw      $a1, 0x0148($t0)           ## 00000148
.L80C23B4C:
/* 0028C 80C23B4C 8C8202B0 */  lw      $v0, 0x02B0($a0)           ## 000002B0
/* 00290 80C23B50 3C0BC800 */  lui     $t3, 0xC800                ## $t3 = C8000000
/* 00294 80C23B54 356B96FF */  ori     $t3, $t3, 0x96FF           ## $t3 = C80096FF
/* 00298 80C23B58 24490008 */  addiu   $t1, $v0, 0x0008           ## $t1 = 00000008
/* 0029C 80C23B5C AC8902B0 */  sw      $t1, 0x02B0($a0)           ## 000002B0
/* 002A0 80C23B60 3C0AFB00 */  lui     $t2, 0xFB00                ## $t2 = FB000000
/* 002A4 80C23B64 AC4A0000 */  sw      $t2, 0x0000($v0)           ## 00000000
/* 002A8 80C23B68 AC4B0004 */  sw      $t3, 0x0004($v0)           ## 00000004
/* 002AC 80C23B6C 1000000A */  beq     $zero, $zero, .L80C23B98   
/* 002B0 80C23B70 8D050148 */  lw      $a1, 0x0148($t0)           ## 00000148
.L80C23B74:
/* 002B4 80C23B74 8C8202B0 */  lw      $v0, 0x02B0($a0)           ## 000002B0
/* 002B8 80C23B78 3C0EF59B */  lui     $t6, 0xF59B                ## $t6 = F59B0000
/* 002BC 80C23B7C 35CE00FF */  ori     $t6, $t6, 0x00FF           ## $t6 = F59B00FF
/* 002C0 80C23B80 244C0008 */  addiu   $t4, $v0, 0x0008           ## $t4 = 00000008
/* 002C4 80C23B84 AC8C02B0 */  sw      $t4, 0x02B0($a0)           ## 000002B0
/* 002C8 80C23B88 3C0DFB00 */  lui     $t5, 0xFB00                ## $t5 = FB000000
/* 002CC 80C23B8C AC4D0000 */  sw      $t5, 0x0000($v0)           ## 00000000
/* 002D0 80C23B90 AC4E0004 */  sw      $t6, 0x0004($v0)           ## 00000004
.L80C23B94:
/* 002D4 80C23B94 8D050148 */  lw      $a1, 0x0148($t0)           ## 00000148
.L80C23B98:
/* 002D8 80C23B98 8D060164 */  lw      $a2, 0x0164($t0)           ## 00000164
/* 002DC 80C23B9C 91070146 */  lbu     $a3, 0x0146($t0)           ## 00000146
/* 002E0 80C23BA0 3C0F80C2 */  lui     $t7, %hi(func_80C23A30)    ## $t7 = 80C20000
/* 002E4 80C23BA4 25EF3A30 */  addiu   $t7, $t7, %lo(func_80C23A30) ## $t7 = 80C23A30
/* 002E8 80C23BA8 AFAF0014 */  sw      $t7, 0x0014($sp)           
/* 002EC 80C23BAC AFA80018 */  sw      $t0, 0x0018($sp)           
/* 002F0 80C23BB0 AFA00010 */  sw      $zero, 0x0010($sp)         
/* 002F4 80C23BB4 0C04CFCA */  jal     func_80133F28              
/* 002F8 80C23BB8 8FA4002C */  lw      $a0, 0x002C($sp)           
/* 002FC 80C23BBC 8FBF0024 */  lw      $ra, 0x0024($sp)           
/* 00300 80C23BC0 27BD0028 */  addiu   $sp, $sp, 0x0028           ## $sp = 00000000
/* 00304 80C23BC4 03E00008 */  jr      $ra                        
/* 00308 80C23BC8 00000000 */  nop
/* 0030C 80C23BCC 00000000 */  nop

.section .data

D_80C23BD0: .word 0x02AB0400, 0x00000009, 0x00F10000, 0x00000260
.word func_80C238C0
.word func_80C23970
.word func_80C239C8
.word func_80C23A7C
D_80C23BF0: .word \
0x060070C0, 0x06006FB0, 0x06006E80, 0x06006D70, \
0x0600A390, 0x00000000, 0x00000000, 0x00000000

.section .rodata

D_80C23C10: .word .L80C23AD4
.word .L80C23AFC
.word .L80C23B24
.word .L80C23B4C
.word .L80C23B74
.word 0x00000000, 0x00000000, 0x00000000


.section .rodata
D_80C23C30:
.incbin "baserom/En_Ending_Hero5", 0x370, 0x00000060
