.include "macro.inc"

# assembler directives
.set noat      # allow manual use of $at
.set noreorder # don't insert nops after branches
.set gp=64     # allow use of 64-bit general purpose registers

.section .text
glabel func_808E1560
/* 00000 808E1560 27BDFFC8 */  addiu   $sp, $sp, 0xFFC8           ## $sp = FFFFFFC8
/* 00004 808E1564 AFB00020 */  sw      $s0, 0x0020($sp)           
/* 00008 808E1568 00808025 */  or      $s0, $a0, $zero            ## $s0 = 00000000
/* 0000C 808E156C AFBF0024 */  sw      $ra, 0x0024($sp)           
/* 00010 808E1570 AFA5003C */  sw      $a1, 0x003C($sp)           
/* 00014 808E1574 AFA0002C */  sw      $zero, 0x002C($sp)         
/* 00018 808E1578 02002025 */  or      $a0, $s0, $zero            ## $a0 = 00000000
/* 0001C 808E157C 0C032B84 */  jal     func_800CAE10              
/* 00020 808E1580 00002825 */  or      $a1, $zero, $zero          ## $a1 = 00000000
/* 00024 808E1584 3C040600 */  lui     $a0, 0x0600                ## $a0 = 06000000
/* 00028 808E1588 24842420 */  addiu   $a0, $a0, 0x2420           ## $a0 = 06002420
/* 0002C 808E158C 0C032559 */  jal     func_800C9564              
/* 00030 808E1590 27A5002C */  addiu   $a1, $sp, 0x002C           ## $a1 = FFFFFFF4
/* 00034 808E1594 8FA4003C */  lw      $a0, 0x003C($sp)           
/* 00038 808E1598 02003025 */  or      $a2, $s0, $zero            ## $a2 = 00000000
/* 0003C 808E159C 8FA7002C */  lw      $a3, 0x002C($sp)           
/* 00040 808E15A0 0C031862 */  jal     func_800C6188              
/* 00044 808E15A4 24850880 */  addiu   $a1, $a0, 0x0880           ## $a1 = 00000880
/* 00048 808E15A8 3C06800B */  lui     $a2, 0x800B                ## $a2 = 800B0000
/* 0004C 808E15AC AE020144 */  sw      $v0, 0x0144($s0)           ## 00000144
/* 00050 808E15B0 24C63FC0 */  addiu   $a2, $a2, 0x3FC0           ## $a2 = 800B3FC0
/* 00054 808E15B4 260400BC */  addiu   $a0, $s0, 0x00BC           ## $a0 = 000000BC
/* 00058 808E15B8 24050000 */  addiu   $a1, $zero, 0x0000         ## $a1 = 00000000
/* 0005C 808E15BC 0C02CEE9 */  jal     func_800B3BA4              
/* 00060 808E15C0 3C0741C8 */  lui     $a3, 0x41C8                ## $a3 = 41C80000
/* 00064 808E15C4 240E00FF */  addiu   $t6, $zero, 0x00FF         ## $t6 = 000000FF
/* 00068 808E15C8 A20E00B6 */  sb      $t6, 0x00B6($s0)           ## 000000B6
/* 0006C 808E15CC 3C07808E */  lui     $a3, %hi(D_808E1F14)       ## $a3 = 808E0000
/* 00070 808E15D0 260F0190 */  addiu   $t7, $s0, 0x0190           ## $t7 = 00000190
/* 00074 808E15D4 AFAF0010 */  sw      $t7, 0x0010($sp)           
/* 00078 808E15D8 24E71F14 */  addiu   $a3, $a3, %lo(D_808E1F14)  ## $a3 = 808E1F14
/* 0007C 808E15DC 8FA4003C */  lw      $a0, 0x003C($sp)           
/* 00080 808E15E0 26050170 */  addiu   $a1, $s0, 0x0170           ## $a1 = 00000170
/* 00084 808E15E4 0C0383C5 */  jal     func_800E0F14              
/* 00088 808E15E8 02003025 */  or      $a2, $s0, $zero            ## $a2 = 00000000
/* 0008C 808E15EC 8608001C */  lh      $t0, 0x001C($s0)           ## 0000001C
/* 00090 808E15F0 24180006 */  addiu   $t8, $zero, 0x0006         ## $t8 = 00000006
/* 00094 808E15F4 24190001 */  addiu   $t9, $zero, 0x0001         ## $t9 = 00000001
/* 00098 808E15F8 A218001F */  sb      $t8, 0x001F($s0)           ## 0000001F
/* 0009C 808E15FC A21900B7 */  sb      $t9, 0x00B7($s0)           ## 000000B7
/* 000A0 808E1600 3C01808E */  lui     $at, %hi(D_808E1F50)       ## $at = 808E0000
/* 000A4 808E1604 C4241F50 */  lwc1    $f4, %lo(D_808E1F50)($at)  
/* 000A8 808E1608 3109007F */  andi    $t1, $t0, 0x007F           ## $t1 = 00000000
/* 000AC 808E160C A6090164 */  sh      $t1, 0x0164($s0)           ## 00000164
/* 000B0 808E1610 86050164 */  lh      $a1, 0x0164($s0)           ## 00000164
/* 000B4 808E1614 2401007F */  addiu   $at, $zero, 0x007F         ## $at = 0000007F
/* 000B8 808E1618 240AFFFF */  addiu   $t2, $zero, 0xFFFF         ## $t2 = FFFFFFFF
/* 000BC 808E161C 14A10003 */  bne     $a1, $at, .L808E162C       
/* 000C0 808E1620 E6040168 */  swc1    $f4, 0x0168($s0)           ## 00000168
/* 000C4 808E1624 A60A0164 */  sh      $t2, 0x0164($s0)           ## 00000164
/* 000C8 808E1628 86050164 */  lh      $a1, 0x0164($s0)           ## 00000164
.L808E162C:
/* 000CC 808E162C 04A2000A */  bltzl   $a1, .L808E1658            
/* 000D0 808E1630 8E0C018C */  lw      $t4, 0x018C($s0)           ## 0000018C
/* 000D4 808E1634 0C02D6EC */  jal     func_800B5BB0              
/* 000D8 808E1638 8FA4003C */  lw      $a0, 0x003C($sp)           
/* 000DC 808E163C 50400006 */  beql    $v0, $zero, .L808E1658     
/* 000E0 808E1640 8E0C018C */  lw      $t4, 0x018C($s0)           ## 0000018C
/* 000E4 808E1644 0C02D9C3 */  jal     func_800B670C              
/* 000E8 808E1648 02002025 */  or      $a0, $s0, $zero            ## $a0 = 00000000
/* 000EC 808E164C 10000015 */  beq     $zero, $zero, .L808E16A4   
/* 000F0 808E1650 8FBF0024 */  lw      $ra, 0x0024($sp)           
/* 000F4 808E1654 8E0C018C */  lw      $t4, 0x018C($s0)           ## 0000018C
.L808E1658:
/* 000F8 808E1658 240B0039 */  addiu   $t3, $zero, 0x0039         ## $t3 = 00000039
/* 000FC 808E165C 3C013F80 */  lui     $at, 0x3F80                ## $at = 3F800000
/* 00100 808E1660 A58B002E */  sh      $t3, 0x002E($t4)           ## 0000002E
/* 00104 808E1664 8E0D018C */  lw      $t5, 0x018C($s0)           ## 0000018C
/* 00108 808E1668 44813000 */  mtc1    $at, $f6                   ## $f6 = 1.00
/* 0010C 808E166C 240FFFFC */  addiu   $t7, $zero, 0xFFFC         ## $t7 = FFFFFFFC
/* 00110 808E1670 3C08808E */  lui     $t0, %hi(D_808E1F24)       ## $t0 = 808E0000
/* 00114 808E1674 E5A60038 */  swc1    $f6, 0x0038($t5)           ## 00000038
/* 00118 808E1678 8E0E018C */  lw      $t6, 0x018C($s0)           ## 0000018C
/* 0011C 808E167C 25081F24 */  addiu   $t0, $t0, %lo(D_808E1F24)  ## $t0 = 808E1F24
/* 00120 808E1680 02002025 */  or      $a0, $s0, $zero            ## $a0 = 00000000
/* 00124 808E1684 A5C00028 */  sh      $zero, 0x0028($t6)         ## 00000028
/* 00128 808E1688 8E18018C */  lw      $t8, 0x018C($s0)           ## 0000018C
/* 0012C 808E168C A70F002A */  sh      $t7, 0x002A($t8)           ## 0000002A
/* 00130 808E1690 8E19018C */  lw      $t9, 0x018C($s0)           ## 0000018C
/* 00134 808E1694 A720002C */  sh      $zero, 0x002C($t9)         ## 0000002C
/* 00138 808E1698 0C2385BF */  jal     func_808E16FC              
/* 0013C 808E169C AE0800A0 */  sw      $t0, 0x00A0($s0)           ## 000000A0
/* 00140 808E16A0 8FBF0024 */  lw      $ra, 0x0024($sp)           
.L808E16A4:
/* 00144 808E16A4 8FB00020 */  lw      $s0, 0x0020($sp)           
/* 00148 808E16A8 27BD0038 */  addiu   $sp, $sp, 0x0038           ## $sp = 00000000
/* 0014C 808E16AC 03E00008 */  jr      $ra                        
/* 00150 808E16B0 00000000 */  nop


glabel func_808E16B4
/* 00154 808E16B4 27BDFFE8 */  addiu   $sp, $sp, 0xFFE8           ## $sp = FFFFFFE8
/* 00158 808E16B8 AFBF0014 */  sw      $ra, 0x0014($sp)           
/* 0015C 808E16BC AFA40018 */  sw      $a0, 0x0018($sp)           
/* 00160 808E16C0 00A03825 */  or      $a3, $a1, $zero            ## $a3 = 00000000
/* 00164 808E16C4 8FAE0018 */  lw      $t6, 0x0018($sp)           
/* 00168 808E16C8 00E02025 */  or      $a0, $a3, $zero            ## $a0 = 00000000
/* 0016C 808E16CC 24E50880 */  addiu   $a1, $a3, 0x0880           ## $a1 = 00000880
/* 00170 808E16D0 8DC60144 */  lw      $a2, 0x0144($t6)           ## 00000144
/* 00174 808E16D4 0C031933 */  jal     func_800C64CC              
/* 00178 808E16D8 AFA7001C */  sw      $a3, 0x001C($sp)           
/* 0017C 808E16DC 8FA50018 */  lw      $a1, 0x0018($sp)           
/* 00180 808E16E0 8FA4001C */  lw      $a0, 0x001C($sp)           
/* 00184 808E16E4 0C038306 */  jal     func_800E0C18              
/* 00188 808E16E8 24A50170 */  addiu   $a1, $a1, 0x0170           ## $a1 = 00000170
/* 0018C 808E16EC 8FBF0014 */  lw      $ra, 0x0014($sp)           
/* 00190 808E16F0 27BD0018 */  addiu   $sp, $sp, 0x0018           ## $sp = 00000000
/* 00194 808E16F4 03E00008 */  jr      $ra                        
/* 00198 808E16F8 00000000 */  nop


glabel func_808E16FC
/* 0019C 808E16FC 3C0E808E */  lui     $t6, %hi(func_808E1714)    ## $t6 = 808E0000
/* 001A0 808E1700 25CE1714 */  addiu   $t6, $t6, %lo(func_808E1714) ## $t6 = 808E1714
/* 001A4 808E1704 A4800162 */  sh      $zero, 0x0162($a0)         ## 00000162
/* 001A8 808E1708 AC8E015C */  sw      $t6, 0x015C($a0)           ## 0000015C
/* 001AC 808E170C 03E00008 */  jr      $ra                        
/* 001B0 808E1710 00000000 */  nop


glabel func_808E1714
/* 001B4 808E1714 27BDFFE0 */  addiu   $sp, $sp, 0xFFE0           ## $sp = FFFFFFE0
/* 001B8 808E1718 AFB00018 */  sw      $s0, 0x0018($sp)           
/* 001BC 808E171C 00808025 */  or      $s0, $a0, $zero            ## $s0 = 00000000
/* 001C0 808E1720 AFBF001C */  sw      $ra, 0x001C($sp)           
/* 001C4 808E1724 AFA50024 */  sw      $a1, 0x0024($sp)           
/* 001C8 808E1728 3C01808E */  lui     $at, %hi(D_808E1F54)       ## $at = 808E0000
/* 001CC 808E172C C4261F54 */  lwc1    $f6, %lo(D_808E1F54)($at)  
/* 001D0 808E1730 C604016C */  lwc1    $f4, 0x016C($s0)           ## 0000016C
/* 001D4 808E1734 46062200 */  add.s   $f8, $f4, $f6              
/* 001D8 808E1738 E608016C */  swc1    $f8, 0x016C($s0)           ## 0000016C
/* 001DC 808E173C C60A016C */  lwc1    $f10, 0x016C($s0)          ## 0000016C
/* 001E0 808E1740 4600540D */  trunc.w.s $f16, $f10                 
/* 001E4 808E1744 44048000 */  mfc1    $a0, $f16                  
/* 001E8 808E1748 00000000 */  nop
/* 001EC 808E174C 00042400 */  sll     $a0, $a0, 16               
/* 001F0 808E1750 0C03FB61 */  jal     func_800FED84              
/* 001F4 808E1754 00042403 */  sra     $a0, $a0, 16               
/* 001F8 808E1758 3C053DCC */  lui     $a1, 0x3DCC                ## $a1 = 3DCC0000
/* 001FC 808E175C 3C063E99 */  lui     $a2, 0x3E99                ## $a2 = 3E990000
/* 00200 808E1760 3C073C23 */  lui     $a3, 0x3C23                ## $a3 = 3C230000
/* 00204 808E1764 E6000068 */  swc1    $f0, 0x0068($s0)           ## 00000068
/* 00208 808E1768 34E7D70A */  ori     $a3, $a3, 0xD70A           ## $a3 = 3C23D70A
/* 0020C 808E176C 34C6999A */  ori     $a2, $a2, 0x999A           ## $a2 = 3E99999A
/* 00210 808E1770 34A5CCCD */  ori     $a1, $a1, 0xCCCD           ## $a1 = 3DCCCCCD
/* 00214 808E1774 0C03FF7E */  jal     func_800FFDF8              
/* 00218 808E1778 26040168 */  addiu   $a0, $s0, 0x0168           ## $a0 = 00000168
/* 0021C 808E177C 920F0181 */  lbu     $t7, 0x0181($s0)           ## 00000181
/* 00220 808E1780 31F80002 */  andi    $t8, $t7, 0x0002           ## $t8 = 00000000
/* 00224 808E1784 5300000B */  beql    $t8, $zero, .L808E17B4     
/* 00228 808E1788 8FBF001C */  lw      $ra, 0x001C($sp)           
/* 0022C 808E178C 921900B9 */  lbu     $t9, 0x00B9($s0)           ## 000000B9
/* 00230 808E1790 2401000E */  addiu   $at, $zero, 0x000E         ## $at = 0000000E
/* 00234 808E1794 24080001 */  addiu   $t0, $zero, 0x0001         ## $t0 = 00000001
/* 00238 808E1798 17210005 */  bne     $t9, $at, .L808E17B0       
/* 0023C 808E179C 3C09808E */  lui     $t1, %hi(func_808E17C4)    ## $t1 = 808E0000
/* 00240 808E17A0 252917C4 */  addiu   $t1, $t1, %lo(func_808E17C4) ## $t1 = 808E17C4
/* 00244 808E17A4 A20000B7 */  sb      $zero, 0x00B7($s0)         ## 000000B7
/* 00248 808E17A8 A6080162 */  sh      $t0, 0x0162($s0)           ## 00000162
/* 0024C 808E17AC AE09015C */  sw      $t1, 0x015C($s0)           ## 0000015C
.L808E17B0:
/* 00250 808E17B0 8FBF001C */  lw      $ra, 0x001C($sp)           
.L808E17B4:
/* 00254 808E17B4 8FB00018 */  lw      $s0, 0x0018($sp)           
/* 00258 808E17B8 27BD0020 */  addiu   $sp, $sp, 0x0020           ## $sp = 00000000
/* 0025C 808E17BC 03E00008 */  jr      $ra                        
/* 00260 808E17C0 00000000 */  nop


glabel func_808E17C4
/* 00264 808E17C4 27BDFFB0 */  addiu   $sp, $sp, 0xFFB0           ## $sp = FFFFFFB0
/* 00268 808E17C8 AFB30038 */  sw      $s3, 0x0038($sp)           
/* 0026C 808E17CC AFB10030 */  sw      $s1, 0x0030($sp)           
/* 00270 808E17D0 AFB0002C */  sw      $s0, 0x002C($sp)           
/* 00274 808E17D4 00A08025 */  or      $s0, $a1, $zero            ## $s0 = 00000000
/* 00278 808E17D8 27B10040 */  addiu   $s1, $sp, 0x0040           ## $s1 = FFFFFFF0
/* 0027C 808E17DC 00809825 */  or      $s3, $a0, $zero            ## $s3 = 00000000
/* 00280 808E17E0 AFBF003C */  sw      $ra, 0x003C($sp)           
/* 00284 808E17E4 AFB20034 */  sw      $s2, 0x0034($sp)           
/* 00288 808E17E8 02202025 */  or      $a0, $s1, $zero            ## $a0 = FFFFFFF0
/* 0028C 808E17EC 0C03FD43 */  jal     func_800FF50C              
/* 00290 808E17F0 26650024 */  addiu   $a1, $s3, 0x0024           ## $a1 = 00000024
/* 00294 808E17F4 3C014270 */  lui     $at, 0x4270                ## $at = 42700000
/* 00298 808E17F8 C7A00044 */  lwc1    $f0, 0x0044($sp)           
/* 0029C 808E17FC 44812000 */  mtc1    $at, $f4                   ## $f4 = 60.00
/* 002A0 808E1800 C7A60048 */  lwc1    $f6, 0x0048($sp)           
/* 002A4 808E1804 240E00FF */  addiu   $t6, $zero, 0x00FF         ## $t6 = 000000FF
/* 002A8 808E1808 46040000 */  add.s   $f0, $f0, $f4              
/* 002AC 808E180C 240F00FF */  addiu   $t7, $zero, 0x00FF         ## $t7 = 000000FF
/* 002B0 808E1810 241800C8 */  addiu   $t8, $zero, 0x00C8         ## $t8 = 000000C8
/* 002B4 808E1814 24190001 */  addiu   $t9, $zero, 0x0001         ## $t9 = 00000001
/* 002B8 808E1818 AFB90024 */  sw      $t9, 0x0024($sp)           
/* 002BC 808E181C AFB80020 */  sw      $t8, 0x0020($sp)           
/* 002C0 808E1820 AFAF001C */  sw      $t7, 0x001C($sp)           
/* 002C4 808E1824 E7A00010 */  swc1    $f0, 0x0010($sp)           
/* 002C8 808E1828 E7A00044 */  swc1    $f0, 0x0044($sp)           
/* 002CC 808E182C AFAE0018 */  sw      $t6, 0x0018($sp)           
/* 002D0 808E1830 26041CA0 */  addiu   $a0, $s0, 0x1CA0           ## $a0 = 00001CA0
/* 002D4 808E1834 02002825 */  or      $a1, $s0, $zero            ## $a1 = 00000000
/* 002D8 808E1838 240600A2 */  addiu   $a2, $zero, 0x00A2         ## $a2 = 000000A2
/* 002DC 808E183C 8FA70040 */  lw      $a3, 0x0040($sp)           
/* 002E0 808E1840 0C02EB18 */  jal     func_800BAC60              
/* 002E4 808E1844 E7A60014 */  swc1    $f6, 0x0014($sp)           
/* 002E8 808E1848 00008025 */  or      $s0, $zero, $zero          ## $s0 = 00000000
/* 002EC 808E184C 24120064 */  addiu   $s2, $zero, 0x0064         ## $s2 = 00000064
/* 002F0 808E1850 02602025 */  or      $a0, $s3, $zero            ## $a0 = 00000000
.L808E1854:
/* 002F4 808E1854 02202825 */  or      $a1, $s1, $zero            ## $a1 = FFFFFFF0
/* 002F8 808E1858 0C238689 */  jal     func_808E1A24              
/* 002FC 808E185C 2406000A */  addiu   $a2, $zero, 0x000A         ## $a2 = 0000000A
/* 00300 808E1860 26100001 */  addiu   $s0, $s0, 0x0001           ## $s0 = 00000001
/* 00304 808E1864 5612FFFB */  bnel    $s0, $s2, .L808E1854       
/* 00308 808E1868 02602025 */  or      $a0, $s3, $zero            ## $a0 = 00000000
/* 0030C 808E186C 02602025 */  or      $a0, $s3, $zero            ## $a0 = 00000000
/* 00310 808E1870 0C02E3B2 */  jal     func_800B8EC8              
/* 00314 808E1874 24052949 */  addiu   $a1, $zero, 0x2949         ## $a1 = 00002949
/* 00318 808E1878 3C09808E */  lui     $t1, %hi(func_808E18A8)    ## $t1 = 808E0000
/* 0031C 808E187C 2408001E */  addiu   $t0, $zero, 0x001E         ## $t0 = 0000001E
/* 00320 808E1880 252918A8 */  addiu   $t1, $t1, %lo(func_808E18A8) ## $t1 = 808E18A8
/* 00324 808E1884 A6680160 */  sh      $t0, 0x0160($s3)           ## 00000160
/* 00328 808E1888 AE69015C */  sw      $t1, 0x015C($s3)           ## 0000015C
/* 0032C 808E188C 8FBF003C */  lw      $ra, 0x003C($sp)           
/* 00330 808E1890 8FB0002C */  lw      $s0, 0x002C($sp)           
/* 00334 808E1894 8FB10030 */  lw      $s1, 0x0030($sp)           
/* 00338 808E1898 8FB20034 */  lw      $s2, 0x0034($sp)           
/* 0033C 808E189C 8FB30038 */  lw      $s3, 0x0038($sp)           
/* 00340 808E18A0 03E00008 */  jr      $ra                        
/* 00344 808E18A4 27BD0050 */  addiu   $sp, $sp, 0x0050           ## $sp = 00000000


glabel func_808E18A8
/* 00348 808E18A8 27BDFFE8 */  addiu   $sp, $sp, 0xFFE8           ## $sp = FFFFFFE8
/* 0034C 808E18AC AFBF0014 */  sw      $ra, 0x0014($sp)           
/* 00350 808E18B0 00803025 */  or      $a2, $a0, $zero            ## $a2 = 00000000
/* 00354 808E18B4 00A03825 */  or      $a3, $a1, $zero            ## $a3 = 00000000
/* 00358 808E18B8 84CE0160 */  lh      $t6, 0x0160($a2)           ## 00000160
/* 0035C 808E18BC 55C0000B */  bnel    $t6, $zero, .L808E18EC     
/* 00360 808E18C0 8FBF0014 */  lw      $ra, 0x0014($sp)           
/* 00364 808E18C4 84C50164 */  lh      $a1, 0x0164($a2)           ## 00000164
/* 00368 808E18C8 00E02025 */  or      $a0, $a3, $zero            ## $a0 = 00000000
/* 0036C 808E18CC 04A00004 */  bltz    $a1, .L808E18E0            
/* 00370 808E18D0 00000000 */  nop
/* 00374 808E18D4 0C02D6FD */  jal     func_800B5BF4              
/* 00378 808E18D8 AFA60018 */  sw      $a2, 0x0018($sp)           
/* 0037C 808E18DC 8FA60018 */  lw      $a2, 0x0018($sp)           
.L808E18E0:
/* 00380 808E18E0 0C02D9C3 */  jal     func_800B670C              
/* 00384 808E18E4 00C02025 */  or      $a0, $a2, $zero            ## $a0 = 00000000
/* 00388 808E18E8 8FBF0014 */  lw      $ra, 0x0014($sp)           
.L808E18EC:
/* 0038C 808E18EC 27BD0018 */  addiu   $sp, $sp, 0x0018           ## $sp = 00000000
/* 00390 808E18F0 03E00008 */  jr      $ra                        
/* 00394 808E18F4 00000000 */  nop


glabel func_808E18F8
/* 00398 808E18F8 27BDFFD0 */  addiu   $sp, $sp, 0xFFD0           ## $sp = FFFFFFD0
/* 0039C 808E18FC AFB10018 */  sw      $s1, 0x0018($sp)           
/* 003A0 808E1900 AFB00014 */  sw      $s0, 0x0014($sp)           
/* 003A4 808E1904 00808025 */  or      $s0, $a0, $zero            ## $s0 = 00000000
/* 003A8 808E1908 00A08825 */  or      $s1, $a1, $zero            ## $s1 = 00000000
/* 003AC 808E190C AFBF001C */  sw      $ra, 0x001C($sp)           
/* 003B0 808E1910 86020160 */  lh      $v0, 0x0160($s0)           ## 00000160
/* 003B4 808E1914 02002025 */  or      $a0, $s0, $zero            ## $a0 = 00000000
/* 003B8 808E1918 10400002 */  beq     $v0, $zero, .L808E1924     
/* 003BC 808E191C 244EFFFF */  addiu   $t6, $v0, 0xFFFF           ## $t6 = FFFFFFFF
/* 003C0 808E1920 A60E0160 */  sh      $t6, 0x0160($s0)           ## 00000160
.L808E1924:
/* 003C4 808E1924 860F0032 */  lh      $t7, 0x0032($s0)           ## 00000032
/* 003C8 808E1928 3C0541F0 */  lui     $a1, 0x41F0                ## $a1 = 41F00000
/* 003CC 808E192C 0C02D9D7 */  jal     func_800B675C              
/* 003D0 808E1930 A60F00BE */  sh      $t7, 0x00BE($s0)           ## 000000BE
/* 003D4 808E1934 02002025 */  or      $a0, $s0, $zero            ## $a0 = 00000000
/* 003D8 808E1938 0C02D9F8 */  jal     func_800B67E0              
/* 003DC 808E193C 8E050168 */  lw      $a1, 0x0168($s0)           ## 00000168
/* 003E0 808E1940 8E19015C */  lw      $t9, 0x015C($s0)           ## 0000015C
/* 003E4 808E1944 02002025 */  or      $a0, $s0, $zero            ## $a0 = 00000000
/* 003E8 808E1948 02202825 */  or      $a1, $s1, $zero            ## $a1 = 00000000
/* 003EC 808E194C 0320F809 */  jalr    $ra, $t9                   
/* 003F0 808E1950 00000000 */  nop
/* 003F4 808E1954 0C02DAA2 */  jal     func_800B6A88              
/* 003F8 808E1958 02002025 */  or      $a0, $s0, $zero            ## $a0 = 00000000
/* 003FC 808E195C 02002025 */  or      $a0, $s0, $zero            ## $a0 = 00000000
/* 00400 808E1960 0C2386D3 */  jal     func_808E1B4C              
/* 00404 808E1964 02202825 */  or      $a1, $s1, $zero            ## $a1 = 00000000
/* 00408 808E1968 86180162 */  lh      $t8, 0x0162($s0)           ## 00000162
/* 0040C 808E196C 26040170 */  addiu   $a0, $s0, 0x0170           ## $a0 = 00000170
/* 00410 808E1970 00002825 */  or      $a1, $zero, $zero          ## $a1 = 00000000
/* 00414 808E1974 1700000E */  bne     $t8, $zero, .L808E19B0     
/* 00418 808E1978 02003025 */  or      $a2, $s0, $zero            ## $a2 = 00000000
/* 0041C 808E197C 0C03A058 */  jal     func_800E8160              
/* 00420 808E1980 AFA40020 */  sw      $a0, 0x0020($sp)           
/* 00424 808E1984 3C010001 */  lui     $at, 0x0001                ## $at = 00010000
/* 00428 808E1988 34218884 */  ori     $at, $at, 0x8884           ## $at = 00018884
/* 0042C 808E198C 02212821 */  addu    $a1, $s1, $at              
/* 00430 808E1990 AFA50024 */  sw      $a1, 0x0024($sp)           
/* 00434 808E1994 02202025 */  or      $a0, $s1, $zero            ## $a0 = 00000000
/* 00438 808E1998 0C0389D0 */  jal     func_800E2740              
/* 0043C 808E199C 8FA60020 */  lw      $a2, 0x0020($sp)           
/* 00440 808E19A0 8FA50024 */  lw      $a1, 0x0024($sp)           
/* 00444 808E19A4 02202025 */  or      $a0, $s1, $zero            ## $a0 = 00000000
/* 00448 808E19A8 0C038A4A */  jal     func_800E2928              
/* 0044C 808E19AC 8FA60020 */  lw      $a2, 0x0020($sp)           
.L808E19B0:
/* 00450 808E19B0 8FBF001C */  lw      $ra, 0x001C($sp)           
/* 00454 808E19B4 8FB00014 */  lw      $s0, 0x0014($sp)           
/* 00458 808E19B8 8FB10018 */  lw      $s1, 0x0018($sp)           
/* 0045C 808E19BC 03E00008 */  jr      $ra                        
/* 00460 808E19C0 27BD0030 */  addiu   $sp, $sp, 0x0030           ## $sp = 00000000


glabel func_808E19C4
/* 00464 808E19C4 27BDFFE8 */  addiu   $sp, $sp, 0xFFE8           ## $sp = FFFFFFE8
/* 00468 808E19C8 AFBF0014 */  sw      $ra, 0x0014($sp)           
/* 0046C 808E19CC AFA40018 */  sw      $a0, 0x0018($sp)           
/* 00470 808E19D0 AFA5001C */  sw      $a1, 0x001C($sp)           
/* 00474 808E19D4 8FAE0018 */  lw      $t6, 0x0018($sp)           
/* 00478 808E19D8 24010001 */  addiu   $at, $zero, 0x0001         ## $at = 00000001
/* 0047C 808E19DC 8FA4001C */  lw      $a0, 0x001C($sp)           
/* 00480 808E19E0 85CF0162 */  lh      $t7, 0x0162($t6)           ## 00000162
/* 00484 808E19E4 3C050600 */  lui     $a1, 0x0600                ## $a1 = 06000000
/* 00488 808E19E8 51E10008 */  beql    $t7, $at, .L808E1A0C       
/* 0048C 808E19EC 8FA40018 */  lw      $a0, 0x0018($sp)           
/* 00490 808E19F0 0C02F7F0 */  jal     func_800BDFC0              
/* 00494 808E19F4 24A50A00 */  addiu   $a1, $a1, 0x0A00           ## $a1 = 06000A00
/* 00498 808E19F8 3C050600 */  lui     $a1, 0x0600                ## $a1 = 06000000
/* 0049C 808E19FC 24A50D78 */  addiu   $a1, $a1, 0x0D78           ## $a1 = 06000D78
/* 004A0 808E1A00 0C02F7F0 */  jal     func_800BDFC0              
/* 004A4 808E1A04 8FA4001C */  lw      $a0, 0x001C($sp)           
/* 004A8 808E1A08 8FA40018 */  lw      $a0, 0x0018($sp)           
.L808E1A0C:
/* 004AC 808E1A0C 0C238727 */  jal     func_808E1C9C              
/* 004B0 808E1A10 8FA5001C */  lw      $a1, 0x001C($sp)           
/* 004B4 808E1A14 8FBF0014 */  lw      $ra, 0x0014($sp)           
/* 004B8 808E1A18 27BD0018 */  addiu   $sp, $sp, 0x0018           ## $sp = 00000000
/* 004BC 808E1A1C 03E00008 */  jr      $ra                        
/* 004C0 808E1A20 00000000 */  nop


glabel func_808E1A24
/* 004C4 808E1A24 27BDFFD8 */  addiu   $sp, $sp, 0xFFD8           ## $sp = FFFFFFD8
/* 004C8 808E1A28 AFA60030 */  sw      $a2, 0x0030($sp)           
/* 004CC 808E1A2C 00063400 */  sll     $a2, $a2, 16               
/* 004D0 808E1A30 00063403 */  sra     $a2, $a2, 16               
/* 004D4 808E1A34 AFBF0024 */  sw      $ra, 0x0024($sp)           
/* 004D8 808E1A38 AFB00020 */  sw      $s0, 0x0020($sp)           
/* 004DC 808E1A3C F7B40018 */  sdc1    $f20, 0x0018($sp)          
/* 004E0 808E1A40 249001D0 */  addiu   $s0, $a0, 0x01D0           ## $s0 = 000001D0
/* 004E4 808E1A44 00001025 */  or      $v0, $zero, $zero          ## $v0 = 00000000
.L808E1A48:
/* 004E8 808E1A48 920E0000 */  lbu     $t6, 0x0000($s0)           ## 000001D0
/* 004EC 808E1A4C 24420001 */  addiu   $v0, $v0, 0x0001           ## $v0 = 00000001
/* 004F0 808E1A50 00021400 */  sll     $v0, $v0, 16               
/* 004F4 808E1A54 15C00035 */  bne     $t6, $zero, .L808E1B2C     
/* 004F8 808E1A58 00021403 */  sra     $v0, $v0, 16               
/* 004FC 808E1A5C 240F0001 */  addiu   $t7, $zero, 0x0001         ## $t7 = 00000001
/* 00500 808E1A60 A20F0000 */  sb      $t7, 0x0000($s0)           ## 000001D0
/* 00504 808E1A64 8CB90000 */  lw      $t9, 0x0000($a1)           ## 00000000
/* 00508 808E1A68 240800FF */  addiu   $t0, $zero, 0x00FF         ## $t0 = 000000FF
/* 0050C 808E1A6C AE190004 */  sw      $t9, 0x0004($s0)           ## 000001D4
/* 00510 808E1A70 8CB80004 */  lw      $t8, 0x0004($a1)           ## 00000004
/* 00514 808E1A74 AE180008 */  sw      $t8, 0x0008($s0)           ## 000001D8
/* 00518 808E1A78 8CB90008 */  lw      $t9, 0x0008($a1)           ## 00000008
/* 0051C 808E1A7C A6060016 */  sh      $a2, 0x0016($s0)           ## 000001E6
/* 00520 808E1A80 A6080014 */  sh      $t0, 0x0014($s0)           ## 000001E4
/* 00524 808E1A84 0C021BF7 */  jal     func_80086FDC              
/* 00528 808E1A88 AE19000C */  sw      $t9, 0x000C($s0)           ## 000001DC
/* 0052C 808E1A8C 3C013F00 */  lui     $at, 0x3F00                ## $at = 3F000000
/* 00530 808E1A90 4481A000 */  mtc1    $at, $f20                  ## $f20 = 0.50
/* 00534 808E1A94 3C014120 */  lui     $at, 0x4120                ## $at = 41200000
/* 00538 808E1A98 44813000 */  mtc1    $at, $f6                   ## $f6 = 10.00
/* 0053C 808E1A9C 46140101 */  sub.s   $f4, $f0, $f20             
/* 00540 808E1AA0 46062202 */  mul.s   $f8, $f4, $f6              
/* 00544 808E1AA4 0C021BF7 */  jal     func_80086FDC              
/* 00548 808E1AA8 E6080024 */  swc1    $f8, 0x0024($s0)           ## 000001F4
/* 0054C 808E1AAC 46140281 */  sub.s   $f10, $f0, $f20            
/* 00550 808E1AB0 3C014120 */  lui     $at, 0x4120                ## $at = 41200000
/* 00554 808E1AB4 44818000 */  mtc1    $at, $f16                  ## $f16 = 10.00
/* 00558 808E1AB8 00000000 */  nop
/* 0055C 808E1ABC 46105482 */  mul.s   $f18, $f10, $f16           
/* 00560 808E1AC0 0C021BF7 */  jal     func_80086FDC              
/* 00564 808E1AC4 E6120028 */  swc1    $f18, 0x0028($s0)          ## 000001F8
/* 00568 808E1AC8 46140101 */  sub.s   $f4, $f0, $f20             
/* 0056C 808E1ACC 3C014120 */  lui     $at, 0x4120                ## $at = 41200000
/* 00570 808E1AD0 44813000 */  mtc1    $at, $f6                   ## $f6 = 10.00
/* 00574 808E1AD4 00000000 */  nop
/* 00578 808E1AD8 46062202 */  mul.s   $f8, $f4, $f6              
/* 0057C 808E1ADC 0C021BF7 */  jal     func_80086FDC              
/* 00580 808E1AE0 E608002C */  swc1    $f8, 0x002C($s0)           ## 000001FC
/* 00584 808E1AE4 46140281 */  sub.s   $f10, $f0, $f20            
/* 00588 808E1AE8 0C021BF7 */  jal     func_80086FDC              
/* 0058C 808E1AEC E60A0018 */  swc1    $f10, 0x0018($s0)          ## 000001E8
/* 00590 808E1AF0 46140401 */  sub.s   $f16, $f0, $f20            
/* 00594 808E1AF4 0C021BF7 */  jal     func_80086FDC              
/* 00598 808E1AF8 E610001C */  swc1    $f16, 0x001C($s0)          ## 000001EC
/* 0059C 808E1AFC 46140481 */  sub.s   $f18, $f0, $f20            
/* 005A0 808E1B00 3C013F80 */  lui     $at, 0x3F80                ## $at = 3F800000
/* 005A4 808E1B04 44816000 */  mtc1    $at, $f12                  ## $f12 = 1.00
/* 005A8 808E1B08 0C05E565 */  jal     func_80179594              
/* 005AC 808E1B0C E6120020 */  swc1    $f18, 0x0020($s0)          ## 000001F0
/* 005B0 808E1B10 46140102 */  mul.s   $f4, $f0, $f20             
/* 005B4 808E1B14 3C014000 */  lui     $at, 0x4000                ## $at = 40000000
/* 005B8 808E1B18 44813000 */  mtc1    $at, $f6                   ## $f6 = 2.00
/* 005BC 808E1B1C 00000000 */  nop
/* 005C0 808E1B20 46062200 */  add.s   $f8, $f4, $f6              
/* 005C4 808E1B24 10000004 */  beq     $zero, $zero, .L808E1B38   
/* 005C8 808E1B28 E6080030 */  swc1    $f8, 0x0030($s0)           ## 00000200
.L808E1B2C:
/* 005CC 808E1B2C 284100C8 */  slti    $at, $v0, 0x00C8           
/* 005D0 808E1B30 1420FFC5 */  bne     $at, $zero, .L808E1A48     
/* 005D4 808E1B34 26100034 */  addiu   $s0, $s0, 0x0034           ## $s0 = 00000204
.L808E1B38:
/* 005D8 808E1B38 8FBF0024 */  lw      $ra, 0x0024($sp)           
/* 005DC 808E1B3C D7B40018 */  ldc1    $f20, 0x0018($sp)          
/* 005E0 808E1B40 8FB00020 */  lw      $s0, 0x0020($sp)           
/* 005E4 808E1B44 03E00008 */  jr      $ra                        
/* 005E8 808E1B48 27BD0028 */  addiu   $sp, $sp, 0x0028           ## $sp = 00000000


glabel func_808E1B4C
/* 005EC 808E1B4C AFA50004 */  sw      $a1, 0x0004($sp)           
/* 005F0 808E1B50 248201D0 */  addiu   $v0, $a0, 0x01D0           ## $v0 = 000001D0
/* 005F4 808E1B54 00001825 */  or      $v1, $zero, $zero          ## $v1 = 00000000
/* 005F8 808E1B58 240500C8 */  addiu   $a1, $zero, 0x00C8         ## $a1 = 000000C8
.L808E1B5C:
/* 005FC 808E1B5C 904E0000 */  lbu     $t6, 0x0000($v0)           ## 000001D0
/* 00600 808E1B60 24630002 */  addiu   $v1, $v1, 0x0002           ## $v1 = 00000002
/* 00604 808E1B64 51C00024 */  beql    $t6, $zero, .L808E1BF8     
/* 00608 808E1B68 90490034 */  lbu     $t1, 0x0034($v0)           ## 00000204
/* 0060C 808E1B6C C4400018 */  lwc1    $f0, 0x0018($v0)           ## 000001E8
/* 00610 808E1B70 C4440004 */  lwc1    $f4, 0x0004($v0)           ## 000001D4
/* 00614 808E1B74 C442001C */  lwc1    $f2, 0x001C($v0)           ## 000001EC
/* 00618 808E1B78 C4480008 */  lwc1    $f8, 0x0008($v0)           ## 000001D8
/* 0061C 808E1B7C C44C0020 */  lwc1    $f12, 0x0020($v0)          ## 000001F0
/* 00620 808E1B80 C450000C */  lwc1    $f16, 0x000C($v0)          ## 000001DC
/* 00624 808E1B84 46002180 */  add.s   $f6, $f4, $f0              
/* 00628 808E1B88 C4440024 */  lwc1    $f4, 0x0024($v0)           ## 000001F4
/* 0062C 808E1B8C 84440016 */  lh      $a0, 0x0016($v0)           ## 000001E6
/* 00630 808E1B90 46024280 */  add.s   $f10, $f8, $f2             
/* 00634 808E1B94 C4480028 */  lwc1    $f8, 0x0028($v0)           ## 000001F8
/* 00638 808E1B98 E4460004 */  swc1    $f6, 0x0004($v0)           ## 000001D4
/* 0063C 808E1B9C 460C8480 */  add.s   $f18, $f16, $f12           
/* 00640 808E1BA0 C450002C */  lwc1    $f16, 0x002C($v0)          ## 000001FC
/* 00644 808E1BA4 E44A0008 */  swc1    $f10, 0x0008($v0)          ## 000001D8
/* 00648 808E1BA8 46040180 */  add.s   $f6, $f0, $f4              
/* 0064C 808E1BAC E452000C */  swc1    $f18, 0x000C($v0)          ## 000001DC
/* 00650 808E1BB0 248FFFFF */  addiu   $t7, $a0, 0xFFFF           ## $t7 = FFFFFFFF
/* 00654 808E1BB4 46081280 */  add.s   $f10, $f2, $f8             
/* 00658 808E1BB8 E4460018 */  swc1    $f6, 0x0018($v0)           ## 000001E8
/* 0065C 808E1BBC 46106480 */  add.s   $f18, $f12, $f16           
/* 00660 808E1BC0 E44A001C */  swc1    $f10, 0x001C($v0)          ## 000001EC
/* 00664 808E1BC4 10800003 */  beq     $a0, $zero, .L808E1BD4     
/* 00668 808E1BC8 E4520020 */  swc1    $f18, 0x0020($v0)          ## 000001F0
/* 0066C 808E1BCC 10000009 */  beq     $zero, $zero, .L808E1BF4   
/* 00670 808E1BD0 A44F0016 */  sh      $t7, 0x0016($v0)           ## 000001E6
.L808E1BD4:
/* 00674 808E1BD4 84580014 */  lh      $t8, 0x0014($v0)           ## 000001E4
/* 00678 808E1BD8 2719FFF6 */  addiu   $t9, $t8, 0xFFF6           ## $t9 = FFFFFFF6
/* 0067C 808E1BDC A4590014 */  sh      $t9, 0x0014($v0)           ## 000001E4
/* 00680 808E1BE0 84480014 */  lh      $t0, 0x0014($v0)           ## 000001E4
/* 00684 808E1BE4 2901000A */  slti    $at, $t0, 0x000A           
/* 00688 808E1BE8 50200003 */  beql    $at, $zero, .L808E1BF8     
/* 0068C 808E1BEC 90490034 */  lbu     $t1, 0x0034($v0)           ## 00000204
/* 00690 808E1BF0 A0400000 */  sb      $zero, 0x0000($v0)         ## 000001D0
.L808E1BF4:
/* 00694 808E1BF4 90490034 */  lbu     $t1, 0x0034($v0)           ## 00000204
.L808E1BF8:
/* 00698 808E1BF8 24420034 */  addiu   $v0, $v0, 0x0034           ## $v0 = 00000204
/* 0069C 808E1BFC 11200023 */  beq     $t1, $zero, .L808E1C8C     
/* 006A0 808E1C00 00000000 */  nop
/* 006A4 808E1C04 C4400018 */  lwc1    $f0, 0x0018($v0)           ## 0000021C
/* 006A8 808E1C08 C4440004 */  lwc1    $f4, 0x0004($v0)           ## 00000208
/* 006AC 808E1C0C C442001C */  lwc1    $f2, 0x001C($v0)           ## 00000220
/* 006B0 808E1C10 C4480008 */  lwc1    $f8, 0x0008($v0)           ## 0000020C
/* 006B4 808E1C14 C44C0020 */  lwc1    $f12, 0x0020($v0)          ## 00000224
/* 006B8 808E1C18 C450000C */  lwc1    $f16, 0x000C($v0)          ## 00000210
/* 006BC 808E1C1C 46002180 */  add.s   $f6, $f4, $f0              
/* 006C0 808E1C20 C4440024 */  lwc1    $f4, 0x0024($v0)           ## 00000228
/* 006C4 808E1C24 84440016 */  lh      $a0, 0x0016($v0)           ## 0000021A
/* 006C8 808E1C28 46024280 */  add.s   $f10, $f8, $f2             
/* 006CC 808E1C2C C4480028 */  lwc1    $f8, 0x0028($v0)           ## 0000022C
/* 006D0 808E1C30 E4460004 */  swc1    $f6, 0x0004($v0)           ## 00000208
/* 006D4 808E1C34 460C8480 */  add.s   $f18, $f16, $f12           
/* 006D8 808E1C38 C450002C */  lwc1    $f16, 0x002C($v0)          ## 00000230
/* 006DC 808E1C3C E44A0008 */  swc1    $f10, 0x0008($v0)          ## 0000020C
/* 006E0 808E1C40 46040180 */  add.s   $f6, $f0, $f4              
/* 006E4 808E1C44 E452000C */  swc1    $f18, 0x000C($v0)          ## 00000210
/* 006E8 808E1C48 248AFFFF */  addiu   $t2, $a0, 0xFFFF           ## $t2 = FFFFFFFF
/* 006EC 808E1C4C 46081280 */  add.s   $f10, $f2, $f8             
/* 006F0 808E1C50 E4460018 */  swc1    $f6, 0x0018($v0)           ## 0000021C
/* 006F4 808E1C54 46106480 */  add.s   $f18, $f12, $f16           
/* 006F8 808E1C58 E44A001C */  swc1    $f10, 0x001C($v0)          ## 00000220
/* 006FC 808E1C5C 10800003 */  beq     $a0, $zero, .L808E1C6C     
/* 00700 808E1C60 E4520020 */  swc1    $f18, 0x0020($v0)          ## 00000224
/* 00704 808E1C64 10000009 */  beq     $zero, $zero, .L808E1C8C   
/* 00708 808E1C68 A44A0016 */  sh      $t2, 0x0016($v0)           ## 0000021A
.L808E1C6C:
/* 0070C 808E1C6C 844B0014 */  lh      $t3, 0x0014($v0)           ## 00000218
/* 00710 808E1C70 256CFFF6 */  addiu   $t4, $t3, 0xFFF6           ## $t4 = FFFFFFF6
/* 00714 808E1C74 A44C0014 */  sh      $t4, 0x0014($v0)           ## 00000218
/* 00718 808E1C78 844D0014 */  lh      $t5, 0x0014($v0)           ## 00000218
/* 0071C 808E1C7C 29A1000A */  slti    $at, $t5, 0x000A           
/* 00720 808E1C80 10200002 */  beq     $at, $zero, .L808E1C8C     
/* 00724 808E1C84 00000000 */  nop
/* 00728 808E1C88 A0400000 */  sb      $zero, 0x0000($v0)         ## 00000204
.L808E1C8C:
/* 0072C 808E1C8C 1465FFB3 */  bne     $v1, $a1, .L808E1B5C       
/* 00730 808E1C90 24420034 */  addiu   $v0, $v0, 0x0034           ## $v0 = 00000238
/* 00734 808E1C94 03E00008 */  jr      $ra                        
/* 00738 808E1C98 00000000 */  nop


glabel func_808E1C9C
/* 0073C 808E1C9C 27BDFFB0 */  addiu   $sp, $sp, 0xFFB0           ## $sp = FFFFFFB0
/* 00740 808E1CA0 AFB5003C */  sw      $s5, 0x003C($sp)           
/* 00744 808E1CA4 00A0A825 */  or      $s5, $a1, $zero            ## $s5 = 00000000
/* 00748 808E1CA8 AFBF004C */  sw      $ra, 0x004C($sp)           
/* 0074C 808E1CAC AFBE0048 */  sw      $s8, 0x0048($sp)           
/* 00750 808E1CB0 AFB70044 */  sw      $s7, 0x0044($sp)           
/* 00754 808E1CB4 AFB60040 */  sw      $s6, 0x0040($sp)           
/* 00758 808E1CB8 AFB40038 */  sw      $s4, 0x0038($sp)           
/* 0075C 808E1CBC AFB30034 */  sw      $s3, 0x0034($sp)           
/* 00760 808E1CC0 AFB20030 */  sw      $s2, 0x0030($sp)           
/* 00764 808E1CC4 AFB1002C */  sw      $s1, 0x002C($sp)           
/* 00768 808E1CC8 AFB00028 */  sw      $s0, 0x0028($sp)           
/* 0076C 808E1CCC F7B60020 */  sdc1    $f22, 0x0020($sp)          
/* 00770 808E1CD0 F7B40018 */  sdc1    $f20, 0x0018($sp)          
/* 00774 808E1CD4 00803025 */  or      $a2, $a0, $zero            ## $a2 = 00000000
/* 00778 808E1CD8 8EB00000 */  lw      $s0, 0x0000($s5)           ## 00000000
/* 0077C 808E1CDC 24D201D0 */  addiu   $s2, $a2, 0x01D0           ## $s2 = 000001D0
/* 00780 808E1CE0 0C04B0A3 */  jal     func_8012C28C              
/* 00784 808E1CE4 02002025 */  or      $a0, $s0, $zero            ## $a0 = 00000000
/* 00788 808E1CE8 0C04B0B7 */  jal     func_8012C2DC              
/* 0078C 808E1CEC 8EA40000 */  lw      $a0, 0x0000($s5)           ## 00000000
/* 00790 808E1CF0 3C01808E */  lui     $at, %hi(D_808E1F58)       ## $at = 808E0000
/* 00794 808E1CF4 C4361F58 */  lwc1    $f22, %lo(D_808E1F58)($at) 
/* 00798 808E1CF8 3C0141A0 */  lui     $at, 0x41A0                ## $at = 41A00000
/* 0079C 808E1CFC 4481A000 */  mtc1    $at, $f20                  ## $f20 = 20.00
/* 007A0 808E1D00 0000A025 */  or      $s4, $zero, $zero          ## $s4 = 00000000
/* 007A4 808E1D04 3C1EDE00 */  lui     $s8, 0xDE00                ## $s8 = DE000000
.L808E1D08:
/* 007A8 808E1D08 924E0000 */  lbu     $t6, 0x0000($s2)           ## 000001D0
/* 007AC 808E1D0C 3C130408 */  lui     $s3, 0x0408                ## $s3 = 04080000
/* 007B0 808E1D10 2673AB10 */  addiu   $s3, $s3, 0xAB10           ## $s3 = 0407AB10
/* 007B4 808E1D14 11C0005A */  beq     $t6, $zero, .L808E1E80     
/* 007B8 808E1D18 00003825 */  or      $a3, $zero, $zero          ## $a3 = 00000000
/* 007BC 808E1D1C 3C010001 */  lui     $at, 0x0001                ## $at = 00010000
/* 007C0 808E1D20 342187FC */  ori     $at, $at, 0x87FC           ## $at = 000187FC
/* 007C4 808E1D24 3C170408 */  lui     $s7, 0x0408                ## $s7 = 04080000
/* 007C8 808E1D28 26F7AB58 */  addiu   $s7, $s7, 0xAB58           ## $s7 = 0407AB58
/* 007CC 808E1D2C 02A1B021 */  addu    $s6, $s5, $at              
/* 007D0 808E1D30 C64C0004 */  lwc1    $f12, 0x0004($s2)          ## 000001D4
/* 007D4 808E1D34 C64E0008 */  lwc1    $f14, 0x0008($s2)          ## 000001D8
/* 007D8 808E1D38 0C0600A7 */  jal     func_8018029C              
/* 007DC 808E1D3C 8E46000C */  lw      $a2, 0x000C($s2)           ## 000001DC
/* 007E0 808E1D40 C64C0030 */  lwc1    $f12, 0x0030($s2)          ## 00000200
/* 007E4 808E1D44 24070001 */  addiu   $a3, $zero, 0x0001         ## $a3 = 00000001
/* 007E8 808E1D48 44066000 */  mfc1    $a2, $f12                  
/* 007EC 808E1D4C 0C0600E7 */  jal     func_8018039C              
/* 007F0 808E1D50 46006386 */  mov.s   $f14, $f12                 
/* 007F4 808E1D54 8E0402C0 */  lw      $a0, 0x02C0($s0)           ## 000002C0
/* 007F8 808E1D58 0C04AFDE */  jal     func_8012BF78              
/* 007FC 808E1D5C 24050014 */  addiu   $a1, $zero, 0x0014         ## $a1 = 00000014
/* 00800 808E1D60 AE0202C0 */  sw      $v0, 0x02C0($s0)           ## 000002C0
/* 00804 808E1D64 8E0202C0 */  lw      $v0, 0x02C0($s0)           ## 000002C0
/* 00808 808E1D68 3C18DB06 */  lui     $t8, 0xDB06                ## $t8 = DB060000
/* 0080C 808E1D6C 37180020 */  ori     $t8, $t8, 0x0020           ## $t8 = DB060020
/* 00810 808E1D70 244F0008 */  addiu   $t7, $v0, 0x0008           ## $t7 = 00000008
/* 00814 808E1D74 AE0F02C0 */  sw      $t7, 0x02C0($s0)           ## 000002C0
/* 00818 808E1D78 3C040408 */  lui     $a0, 0x0408                ## $a0 = 04080000
/* 0081C 808E1D7C 24849B10 */  addiu   $a0, $a0, 0x9B10           ## $a0 = 04079B10
/* 00820 808E1D80 AC580000 */  sw      $t8, 0x0000($v0)           ## 00000000
/* 00824 808E1D84 0C040141 */  jal     func_80100504              
/* 00828 808E1D88 00408825 */  or      $s1, $v0, $zero            ## $s1 = 00000000
/* 0082C 808E1D8C AE220004 */  sw      $v0, 0x0004($s1)           ## 00000004
/* 00830 808E1D90 8E0202C0 */  lw      $v0, 0x02C0($s0)           ## 000002C0
/* 00834 808E1D94 02C02025 */  or      $a0, $s6, $zero            ## $a0 = 00000000
/* 00838 808E1D98 24590008 */  addiu   $t9, $v0, 0x0008           ## $t9 = 00000008
/* 0083C 808E1D9C AE1902C0 */  sw      $t9, 0x02C0($s0)           ## 000002C0
/* 00840 808E1DA0 AC530004 */  sw      $s3, 0x0004($v0)           ## 00000004
/* 00844 808E1DA4 AC5E0000 */  sw      $s8, 0x0000($v0)           ## 00000000
/* 00848 808E1DA8 8E0202C0 */  lw      $v0, 0x02C0($s0)           ## 000002C0
/* 0084C 808E1DAC 3C09E700 */  lui     $t1, 0xE700                ## $t1 = E7000000
/* 00850 808E1DB0 24480008 */  addiu   $t0, $v0, 0x0008           ## $t0 = 00000008
/* 00854 808E1DB4 AE0802C0 */  sw      $t0, 0x02C0($s0)           ## 000002C0
/* 00858 808E1DB8 AC400004 */  sw      $zero, 0x0004($v0)         ## 00000004
/* 0085C 808E1DBC AC490000 */  sw      $t1, 0x0000($v0)           ## 00000000
/* 00860 808E1DC0 8E0202C0 */  lw      $v0, 0x02C0($s0)           ## 000002C0
/* 00864 808E1DC4 3C0BFA00 */  lui     $t3, 0xFA00                ## $t3 = FA000000
/* 00868 808E1DC8 240CFFFF */  addiu   $t4, $zero, 0xFFFF         ## $t4 = FFFFFFFF
/* 0086C 808E1DCC 244A0008 */  addiu   $t2, $v0, 0x0008           ## $t2 = 00000008
/* 00870 808E1DD0 AE0A02C0 */  sw      $t2, 0x02C0($s0)           ## 000002C0
/* 00874 808E1DD4 AC4C0004 */  sw      $t4, 0x0004($v0)           ## 00000004
/* 00878 808E1DD8 AC4B0000 */  sw      $t3, 0x0000($v0)           ## 00000000
/* 0087C 808E1DDC 8E0202C0 */  lw      $v0, 0x02C0($s0)           ## 000002C0
/* 00880 808E1DE0 3C0EFB00 */  lui     $t6, 0xFB00                ## $t6 = FB000000
/* 00884 808E1DE4 3C01FAB4 */  lui     $at, 0xFAB4                ## $at = FAB40000
/* 00888 808E1DE8 244D0008 */  addiu   $t5, $v0, 0x0008           ## $t5 = 00000008
/* 0088C 808E1DEC AE0D02C0 */  sw      $t5, 0x02C0($s0)           ## 000002C0
/* 00890 808E1DF0 AC4E0000 */  sw      $t6, 0x0000($v0)           ## 00000000
/* 00894 808E1DF4 864F0014 */  lh      $t7, 0x0014($s2)           ## 000001E4
/* 00898 808E1DF8 3421FF00 */  ori     $at, $at, 0xFF00           ## $at = FAB4FF00
/* 0089C 808E1DFC 31F800FF */  andi    $t8, $t7, 0x00FF           ## $t8 = 00000000
/* 008A0 808E1E00 0301C825 */  or      $t9, $t8, $at              ## $t9 = FAB4FF00
/* 008A4 808E1E04 AC590004 */  sw      $t9, 0x0004($v0)           ## 00000004
/* 008A8 808E1E08 0C060091 */  jal     func_80180244              
/* 008AC 808E1E0C 24050001 */  addiu   $a1, $zero, 0x0001         ## $a1 = 00000001
/* 008B0 808E1E10 8EA8009C */  lw      $t0, 0x009C($s5)           ## 0000009C
/* 008B4 808E1E14 3C014F80 */  lui     $at, 0x4F80                ## $at = 4F800000
/* 008B8 808E1E18 44882000 */  mtc1    $t0, $f4                   ## $f4 = 0.00
/* 008BC 808E1E1C 05010004 */  bgez    $t0, .L808E1E30            
/* 008C0 808E1E20 468021A0 */  cvt.s.w $f6, $f4                   
/* 008C4 808E1E24 44814000 */  mtc1    $at, $f8                   ## $f8 = 4294967296.00
/* 008C8 808E1E28 00000000 */  nop
/* 008CC 808E1E2C 46083180 */  add.s   $f6, $f6, $f8              
.L808E1E30:
/* 008D0 808E1E30 46143282 */  mul.s   $f10, $f6, $f20            
/* 008D4 808E1E34 24050001 */  addiu   $a1, $zero, 0x0001         ## $a1 = 00000001
/* 008D8 808E1E38 46165302 */  mul.s   $f12, $f10, $f22           
/* 008DC 808E1E3C 0C0603A4 */  jal     func_80180E90              
/* 008E0 808E1E40 00000000 */  nop
/* 008E4 808E1E44 8E0202C0 */  lw      $v0, 0x02C0($s0)           ## 000002C0
/* 008E8 808E1E48 3C0ADA38 */  lui     $t2, 0xDA38                ## $t2 = DA380000
/* 008EC 808E1E4C 354A0003 */  ori     $t2, $t2, 0x0003           ## $t2 = DA380003
/* 008F0 808E1E50 24490008 */  addiu   $t1, $v0, 0x0008           ## $t1 = 00000008
/* 008F4 808E1E54 AE0902C0 */  sw      $t1, 0x02C0($s0)           ## 000002C0
/* 008F8 808E1E58 AC4A0000 */  sw      $t2, 0x0000($v0)           ## 00000000
/* 008FC 808E1E5C 8EA40000 */  lw      $a0, 0x0000($s5)           ## 00000000
/* 00900 808E1E60 0C060690 */  jal     func_80181A40              
/* 00904 808E1E64 00408825 */  or      $s1, $v0, $zero            ## $s1 = 00000000
/* 00908 808E1E68 AE220004 */  sw      $v0, 0x0004($s1)           ## 00000004
/* 0090C 808E1E6C 8E0202C0 */  lw      $v0, 0x02C0($s0)           ## 000002C0
/* 00910 808E1E70 244B0008 */  addiu   $t3, $v0, 0x0008           ## $t3 = 00000008
/* 00914 808E1E74 AE0B02C0 */  sw      $t3, 0x02C0($s0)           ## 000002C0
/* 00918 808E1E78 AC570004 */  sw      $s7, 0x0004($v0)           ## 00000004
/* 0091C 808E1E7C AC5E0000 */  sw      $s8, 0x0000($v0)           ## 00000000
.L808E1E80:
/* 00920 808E1E80 26940001 */  addiu   $s4, $s4, 0x0001           ## $s4 = 00000001
/* 00924 808E1E84 0014A400 */  sll     $s4, $s4, 16               
/* 00928 808E1E88 0014A403 */  sra     $s4, $s4, 16               
/* 0092C 808E1E8C 2A8100C8 */  slti    $at, $s4, 0x00C8           
/* 00930 808E1E90 1420FF9D */  bne     $at, $zero, .L808E1D08     
/* 00934 808E1E94 26520034 */  addiu   $s2, $s2, 0x0034           ## $s2 = 00000204
/* 00938 808E1E98 8FBF004C */  lw      $ra, 0x004C($sp)           
/* 0093C 808E1E9C D7B40018 */  ldc1    $f20, 0x0018($sp)          
/* 00940 808E1EA0 D7B60020 */  ldc1    $f22, 0x0020($sp)          
/* 00944 808E1EA4 8FB00028 */  lw      $s0, 0x0028($sp)           
/* 00948 808E1EA8 8FB1002C */  lw      $s1, 0x002C($sp)           
/* 0094C 808E1EAC 8FB20030 */  lw      $s2, 0x0030($sp)           
/* 00950 808E1EB0 8FB30034 */  lw      $s3, 0x0034($sp)           
/* 00954 808E1EB4 8FB40038 */  lw      $s4, 0x0038($sp)           
/* 00958 808E1EB8 8FB5003C */  lw      $s5, 0x003C($sp)           
/* 0095C 808E1EBC 8FB60040 */  lw      $s6, 0x0040($sp)           
/* 00960 808E1EC0 8FB70044 */  lw      $s7, 0x0044($sp)           
/* 00964 808E1EC4 8FBE0048 */  lw      $s8, 0x0048($sp)           
/* 00968 808E1EC8 03E00008 */  jr      $ra                        
/* 0096C 808E1ECC 27BD0050 */  addiu   $sp, $sp, 0x0050           ## $sp = 00000000

.section .data

D_808E1ED0: .word 0x005F0600, 0x00000010, 0x02800000, 0x00002A70
.word func_808E1560
.word func_808E16B4
.word func_808E18F8
.word func_808E19C4
D_808E1EF0: .word \
0x00000000, 0xF7CFFFFF, 0x00000000, 0xF7CFFFFF, \
0x00000000, 0x00010100, 0x01000000, 0x00000000, \
0x00000001
D_808E1F14: .word 0x0C000939, 0x10000000, 0x00000001
.word D_808E1EF0
D_808E1F24: .word \
0xF0F000F0, 0xE1E100E1, 0xF0F0F0E1, 0xE1E1F0F0, \
0xE1F0F0F0, 0x0000E1F0, 0xF0000000, 0x000000F0, \
0x00000000, 0x00000000, 0x00000000

.section .rodata

D_808E1F50: .word 0x3DCCCCCD
D_808E1F54: .word 0x44BB8000
D_808E1F58: .word 0x3C8EFA35, 0x00000000


.section .rodata
D_808E1F60:
.incbin "baserom/En_Encount2", 0xA00, 0x00000080
