.include "macro.inc"

# assembler directives
.set noat      # allow manual use of $at
.set noreorder # don't insert nops after branches
.set gp=64     # allow use of 64-bit general purpose registers

.section .text
glabel func_808D0680
/* 00000 808D0680 27BDFFA0 */  addiu   $sp, $sp, 0xFFA0           ## $sp = FFFFFFA0
/* 00004 808D0684 AFB10040 */  sw      $s1, 0x0040($sp)           
/* 00008 808D0688 AFB0003C */  sw      $s0, 0x003C($sp)           
/* 0000C 808D068C 00808025 */  or      $s0, $a0, $zero            ## $s0 = 00000000
/* 00010 808D0690 00A08825 */  or      $s1, $a1, $zero            ## $s1 = 00000000
/* 00014 808D0694 AFBF0044 */  sw      $ra, 0x0044($sp)           
/* 00018 808D0698 3C05808D */  lui     $a1, %hi(D_808D38F4)       ## $a1 = 808D0000
/* 0001C 808D069C 24A538F4 */  addiu   $a1, $a1, %lo(D_808D38F4)  ## $a1 = 808D38F4
/* 00020 808D06A0 0C03FEB7 */  jal     func_800FFADC              
/* 00024 808D06A4 02002025 */  or      $a0, $s0, $zero            ## $a0 = 00000000
/* 00028 808D06A8 3C06800B */  lui     $a2, 0x800B                ## $a2 = 800B0000
/* 0002C 808D06AC 24C63FC0 */  addiu   $a2, $a2, 0x3FC0           ## $a2 = 800B3FC0
/* 00030 808D06B0 260400BC */  addiu   $a0, $s0, 0x00BC           ## $a0 = 000000BC
/* 00034 808D06B4 24050000 */  addiu   $a1, $zero, 0x0000         ## $a1 = 00000000
/* 00038 808D06B8 0C02CEE9 */  jal     func_800B3BA4              
/* 0003C 808D06BC 3C074248 */  lui     $a3, 0x4248                ## $a3 = 42480000
/* 00040 808D06C0 3C060601 */  lui     $a2, 0x0601                ## $a2 = 06010000
/* 00044 808D06C4 3C070601 */  lui     $a3, 0x0601                ## $a3 = 06010000
/* 00048 808D06C8 260E0196 */  addiu   $t6, $s0, 0x0196           ## $t6 = 00000196
/* 0004C 808D06CC 260F022C */  addiu   $t7, $s0, 0x022C           ## $t7 = 0000022C
/* 00050 808D06D0 24180019 */  addiu   $t8, $zero, 0x0019         ## $t8 = 00000019
/* 00054 808D06D4 AFB80018 */  sw      $t8, 0x0018($sp)           
/* 00058 808D06D8 AFAF0014 */  sw      $t7, 0x0014($sp)           
/* 0005C 808D06DC AFAE0010 */  sw      $t6, 0x0010($sp)           
/* 00060 808D06E0 24E79DB0 */  addiu   $a3, $a3, 0x9DB0           ## $a3 = 06009DB0
/* 00064 808D06E4 24C68FB0 */  addiu   $a2, $a2, 0x8FB0           ## $a2 = 06008FB0
/* 00068 808D06E8 02202025 */  or      $a0, $s1, $zero            ## $a0 = 00000000
/* 0006C 808D06EC 0C04DACC */  jal     func_80136B30              
/* 00070 808D06F0 26050144 */  addiu   $a1, $s0, 0x0144           ## $a1 = 00000144
/* 00074 808D06F4 3C07808D */  lui     $a3, %hi(D_808D38A0)       ## $a3 = 808D0000
/* 00078 808D06F8 24E738A0 */  addiu   $a3, $a3, %lo(D_808D38A0)  ## $a3 = 808D38A0
/* 0007C 808D06FC 02202025 */  or      $a0, $s1, $zero            ## $a0 = 00000000
/* 00080 808D0700 26050354 */  addiu   $a1, $s0, 0x0354           ## $a1 = 00000354
/* 00084 808D0704 0C0384DD */  jal     func_800E1374              
/* 00088 808D0708 02003025 */  or      $a2, $s0, $zero            ## $a2 = 00000000
/* 0008C 808D070C 3C05808D */  lui     $a1, %hi(D_808D38D4)       ## $a1 = 808D0000
/* 00090 808D0710 3C06808D */  lui     $a2, %hi(D_808D38CC)       ## $a2 = 808D0000
/* 00094 808D0714 24C638CC */  addiu   $a2, $a2, %lo(D_808D38CC)  ## $a2 = 808D38CC
/* 00098 808D0718 24A538D4 */  addiu   $a1, $a1, %lo(D_808D38D4)  ## $a1 = 808D38D4
/* 0009C 808D071C 0C039D4C */  jal     func_800E7530              
/* 000A0 808D0720 260400A0 */  addiu   $a0, $s0, 0x00A0           ## $a0 = 000000A0
/* 000A4 808D0724 8602001C */  lh      $v0, 0x001C($s0)           ## 0000001C
/* 000A8 808D0728 2419F9C0 */  addiu   $t9, $zero, 0xF9C0         ## $t9 = FFFFF9C0
/* 000AC 808D072C A6190192 */  sh      $t9, 0x0192($s0)           ## 00000192
/* 000B0 808D0730 30438000 */  andi    $v1, $v0, 0x8000           ## $v1 = 00000000
/* 000B4 808D0734 30497FFF */  andi    $t1, $v0, 0x7FFF           ## $t1 = 00000000
/* 000B8 808D0738 10600007 */  beq     $v1, $zero, .L808D0758     
/* 000BC 808D073C A609001C */  sh      $t1, 0x001C($s0)           ## 0000001C
/* 000C0 808D0740 8E0A0004 */  lw      $t2, 0x0004($s0)           ## 00000004
/* 000C4 808D0744 3C0C808D */  lui     $t4, %hi(func_808D3754)    ## $t4 = 808D0000
/* 000C8 808D0748 258C3754 */  addiu   $t4, $t4, %lo(func_808D3754) ## $t4 = 808D3754
/* 000CC 808D074C 354B0080 */  ori     $t3, $t2, 0x0080           ## $t3 = 00000080
/* 000D0 808D0750 AE0B0004 */  sw      $t3, 0x0004($s0)           ## 00000004
/* 000D4 808D0754 AE0C013C */  sw      $t4, 0x013C($s0)           ## 0000013C
.L808D0758:
/* 000D8 808D0758 860D001C */  lh      $t5, 0x001C($s0)           ## 0000001C
/* 000DC 808D075C 24010010 */  addiu   $at, $zero, 0x0010         ## $at = 00000010
/* 000E0 808D0760 26241CA0 */  addiu   $a0, $s1, 0x1CA0           ## $a0 = 00001CA0
/* 000E4 808D0764 15A1000A */  bne     $t5, $at, .L808D0790       
/* 000E8 808D0768 02202825 */  or      $a1, $s1, $zero            ## $a1 = 00000000
/* 000EC 808D076C 8E0E0004 */  lw      $t6, 0x0004($s0)           ## 00000004
/* 000F0 808D0770 2401FFFE */  addiu   $at, $zero, 0xFFFE         ## $at = FFFFFFFE
/* 000F4 808D0774 3C18808D */  lui     $t8, %hi(func_808D2AA8)    ## $t8 = 808D0000
/* 000F8 808D0778 27182AA8 */  addiu   $t8, $t8, %lo(func_808D2AA8) ## $t8 = 808D2AA8
/* 000FC 808D077C 01C17824 */  and     $t7, $t6, $at              
/* 00100 808D0780 AE00013C */  sw      $zero, 0x013C($s0)         ## 0000013C
/* 00104 808D0784 AE0F0004 */  sw      $t7, 0x0004($s0)           ## 00000004
/* 00108 808D0788 10000041 */  beq     $zero, $zero, .L808D0890   
/* 0010C 808D078C AE180188 */  sw      $t8, 0x0188($s0)           ## 00000188
.L808D0790:
/* 00110 808D0790 C6040028 */  lwc1    $f4, 0x0028($s0)           ## 00000028
/* 00114 808D0794 8E070024 */  lw      $a3, 0x0024($s0)           ## 00000024
/* 00118 808D0798 24680010 */  addiu   $t0, $v1, 0x0010           ## $t0 = 00000010
/* 0011C 808D079C E7A40010 */  swc1    $f4, 0x0010($sp)           
/* 00120 808D07A0 C606002C */  lwc1    $f6, 0x002C($s0)           ## 0000002C
/* 00124 808D07A4 2419FFFF */  addiu   $t9, $zero, 0xFFFF         ## $t9 = FFFFFFFF
/* 00128 808D07A8 AFB90028 */  sw      $t9, 0x0028($sp)           
/* 0012C 808D07AC AFA80024 */  sw      $t0, 0x0024($sp)           
/* 00130 808D07B0 AFA00020 */  sw      $zero, 0x0020($sp)         
/* 00134 808D07B4 AFA0001C */  sw      $zero, 0x001C($sp)         
/* 00138 808D07B8 AFA00018 */  sw      $zero, 0x0018($sp)         
/* 0013C 808D07BC E7A60014 */  swc1    $f6, 0x0014($sp)           
/* 00140 808D07C0 86090020 */  lh      $t1, 0x0020($s0)           ## 00000020
/* 00144 808D07C4 AFA8004C */  sw      $t0, 0x004C($sp)           
/* 00148 808D07C8 AFA40048 */  sw      $a0, 0x0048($sp)           
/* 0014C 808D07CC AFA00030 */  sw      $zero, 0x0030($sp)         
/* 00150 808D07D0 2406004A */  addiu   $a2, $zero, 0x004A         ## $a2 = 0000004A
/* 00154 808D07D4 0C02EB85 */  jal     func_800BAE14              
/* 00158 808D07D8 AFA9002C */  sw      $t1, 0x002C($sp)           
/* 0015C 808D07DC 8FA40048 */  lw      $a0, 0x0048($sp)           
/* 00160 808D07E0 8FA8004C */  lw      $t0, 0x004C($sp)           
/* 00164 808D07E4 14400005 */  bne     $v0, $zero, .L808D07FC     
/* 00168 808D07E8 AE020120 */  sw      $v0, 0x0120($s0)           ## 00000120
/* 0016C 808D07EC 0C02D9C3 */  jal     func_800B670C              
/* 00170 808D07F0 02002025 */  or      $a0, $s0, $zero            ## $a0 = 00000000
/* 00174 808D07F4 10000027 */  beq     $zero, $zero, .L808D0894   
/* 00178 808D07F8 8FBF0044 */  lw      $ra, 0x0044($sp)           
.L808D07FC:
/* 0017C 808D07FC C6080028 */  lwc1    $f8, 0x0028($s0)           ## 00000028
/* 00180 808D0800 8E070024 */  lw      $a3, 0x0024($s0)           ## 00000024
/* 00184 808D0804 240AFFFF */  addiu   $t2, $zero, 0xFFFF         ## $t2 = FFFFFFFF
/* 00188 808D0808 E7A80010 */  swc1    $f8, 0x0010($sp)           
/* 0018C 808D080C C60A002C */  lwc1    $f10, 0x002C($s0)          ## 0000002C
/* 00190 808D0810 AFAA0028 */  sw      $t2, 0x0028($sp)           
/* 00194 808D0814 AFA80024 */  sw      $t0, 0x0024($sp)           
/* 00198 808D0818 AFA00020 */  sw      $zero, 0x0020($sp)         
/* 0019C 808D081C AFA0001C */  sw      $zero, 0x001C($sp)         
/* 001A0 808D0820 AFA00018 */  sw      $zero, 0x0018($sp)         
/* 001A4 808D0824 E7AA0014 */  swc1    $f10, 0x0014($sp)          
/* 001A8 808D0828 860B0020 */  lh      $t3, 0x0020($s0)           ## 00000020
/* 001AC 808D082C AFA00030 */  sw      $zero, 0x0030($sp)         
/* 001B0 808D0830 02202825 */  or      $a1, $s1, $zero            ## $a1 = 00000000
/* 001B4 808D0834 2406004A */  addiu   $a2, $zero, 0x004A         ## $a2 = 0000004A
/* 001B8 808D0838 0C02EB85 */  jal     func_800BAE14              
/* 001BC 808D083C AFAB002C */  sw      $t3, 0x002C($sp)           
/* 001C0 808D0840 14400007 */  bne     $v0, $zero, .L808D0860     
/* 001C4 808D0844 AE020124 */  sw      $v0, 0x0124($s0)           ## 00000124
/* 001C8 808D0848 0C02D9C3 */  jal     func_800B670C              
/* 001CC 808D084C 8E040120 */  lw      $a0, 0x0120($s0)           ## 00000120
/* 001D0 808D0850 0C02D9C3 */  jal     func_800B670C              
/* 001D4 808D0854 02002025 */  or      $a0, $s0, $zero            ## $a0 = 00000000
/* 001D8 808D0858 1000000E */  beq     $zero, $zero, .L808D0894   
/* 001DC 808D085C 8FBF0044 */  lw      $ra, 0x0044($sp)           
.L808D0860:
/* 001E0 808D0860 8E0C0120 */  lw      $t4, 0x0120($s0)           ## 00000120
/* 001E4 808D0864 02002025 */  or      $a0, $s0, $zero            ## $a0 = 00000000
/* 001E8 808D0868 AD900124 */  sw      $s0, 0x0124($t4)           ## 00000124
/* 001EC 808D086C 8E0D0124 */  lw      $t5, 0x0124($s0)           ## 00000124
/* 001F0 808D0870 8E0E0120 */  lw      $t6, 0x0120($s0)           ## 00000120
/* 001F4 808D0874 ADCD0120 */  sw      $t5, 0x0120($t6)           ## 00000120
/* 001F8 808D0878 8E0F0124 */  lw      $t7, 0x0124($s0)           ## 00000124
/* 001FC 808D087C ADF00120 */  sw      $s0, 0x0120($t7)           ## 00000120
/* 00200 808D0880 8E190124 */  lw      $t9, 0x0124($s0)           ## 00000124
/* 00204 808D0884 8E180120 */  lw      $t8, 0x0120($s0)           ## 00000120
/* 00208 808D0888 0C2342C2 */  jal     func_808D0B08              
/* 0020C 808D088C AF380124 */  sw      $t8, 0x0124($t9)           ## 00000124
.L808D0890:
/* 00210 808D0890 8FBF0044 */  lw      $ra, 0x0044($sp)           
.L808D0894:
/* 00214 808D0894 8FB0003C */  lw      $s0, 0x003C($sp)           
/* 00218 808D0898 8FB10040 */  lw      $s1, 0x0040($sp)           
/* 0021C 808D089C 03E00008 */  jr      $ra                        
/* 00220 808D08A0 27BD0060 */  addiu   $sp, $sp, 0x0060           ## $sp = 00000000


glabel func_808D08A4
/* 00224 808D08A4 27BDFFE8 */  addiu   $sp, $sp, 0xFFE8           ## $sp = FFFFFFE8
/* 00228 808D08A8 AFBF0014 */  sw      $ra, 0x0014($sp)           
/* 0022C 808D08AC 00803025 */  or      $a2, $a0, $zero            ## $a2 = 00000000
/* 00230 808D08B0 00A03825 */  or      $a3, $a1, $zero            ## $a3 = 00000000
/* 00234 808D08B4 00E02025 */  or      $a0, $a3, $zero            ## $a0 = 00000000
/* 00238 808D08B8 0C03847B */  jal     func_800E11EC              
/* 0023C 808D08BC 24C50354 */  addiu   $a1, $a2, 0x0354           ## $a1 = 00000354
/* 00240 808D08C0 8FBF0014 */  lw      $ra, 0x0014($sp)           
/* 00244 808D08C4 27BD0018 */  addiu   $sp, $sp, 0x0018           ## $sp = 00000000
/* 00248 808D08C8 03E00008 */  jr      $ra                        
/* 0024C 808D08CC 00000000 */  nop


glabel func_808D08D0
/* 00250 808D08D0 908F0365 */  lbu     $t7, 0x0365($a0)           ## 00000365
/* 00254 808D08D4 8C990374 */  lw      $t9, 0x0374($a0)           ## 00000374
/* 00258 808D08D8 3C01FFFF */  lui     $at, 0xFFFF                ## $at = FFFF0000
/* 0025C 808D08DC 34217FFF */  ori     $at, $at, 0x7FFF           ## $at = FFFF7FFF
/* 00260 808D08E0 240E000C */  addiu   $t6, $zero, 0x000C         ## $t6 = 0000000C
/* 00264 808D08E4 24090028 */  addiu   $t1, $zero, 0x0028         ## $t1 = 00000028
/* 00268 808D08E8 35F80004 */  ori     $t8, $t7, 0x0004           ## $t8 = 00000004
/* 0026C 808D08EC 03214024 */  and     $t0, $t9, $at              
/* 00270 808D08F0 A08E0368 */  sb      $t6, 0x0368($a0)           ## 00000368
/* 00274 808D08F4 A0980365 */  sb      $t8, 0x0365($a0)           ## 00000365
/* 00278 808D08F8 AC880374 */  sw      $t0, 0x0374($a0)           ## 00000374
/* 0027C 808D08FC A4890190 */  sh      $t1, 0x0190($a0)           ## 00000190
/* 00280 808D0900 03E00008 */  jr      $ra                        
/* 00284 808D0904 00000000 */  nop


glabel func_808D0908
/* 00288 808D0908 908E0365 */  lbu     $t6, 0x0365($a0)           ## 00000365
/* 0028C 808D090C 8C980374 */  lw      $t8, 0x0374($a0)           ## 00000374
/* 00290 808D0910 A0800368 */  sb      $zero, 0x0368($a0)         ## 00000368
/* 00294 808D0914 31CFFFFB */  andi    $t7, $t6, 0xFFFB           ## $t7 = 00000000
/* 00298 808D0918 37198000 */  ori     $t9, $t8, 0x8000           ## $t9 = 00008000
/* 0029C 808D091C A08F0365 */  sb      $t7, 0x0365($a0)           ## 00000365
/* 002A0 808D0920 AC990374 */  sw      $t9, 0x0374($a0)           ## 00000374
/* 002A4 808D0924 A4800190 */  sh      $zero, 0x0190($a0)         ## 00000190
/* 002A8 808D0928 03E00008 */  jr      $ra                        
/* 002AC 808D092C 00000000 */  nop


glabel func_808D0930
/* 002B0 808D0930 27BDFFE0 */  addiu   $sp, $sp, 0xFFE0           ## $sp = FFFFFFE0
/* 002B4 808D0934 AFB00018 */  sw      $s0, 0x0018($sp)           
/* 002B8 808D0938 00808025 */  or      $s0, $a0, $zero            ## $s0 = 00000000
/* 002BC 808D093C AFBF001C */  sw      $ra, 0x001C($sp)           
/* 002C0 808D0940 AFA50024 */  sw      $a1, 0x0024($sp)           
/* 002C4 808D0944 3C01808D */  lui     $at, %hi(D_808D3960)       ## $at = 808D0000
/* 002C8 808D0948 C4243960 */  lwc1    $f4, %lo(D_808D3960)($at)  
/* 002CC 808D094C C6060058 */  lwc1    $f6, 0x0058($s0)           ## 00000058
/* 002D0 808D0950 8FA40024 */  lw      $a0, 0x0024($sp)           
/* 002D4 808D0954 02002825 */  or      $a1, $s0, $zero            ## $a1 = 00000000
/* 002D8 808D0958 4606203C */  c.lt.s  $f4, $f6                   
/* 002DC 808D095C 26060024 */  addiu   $a2, $s0, 0x0024           ## $a2 = 00000024
/* 002E0 808D0960 45000010 */  bc1f    .L808D09A4                 
/* 002E4 808D0964 00000000 */  nop
/* 002E8 808D0968 860E0092 */  lh      $t6, 0x0092($s0)           ## 00000092
/* 002EC 808D096C 34018000 */  ori     $at, $zero, 0x8000         ## $at = 00008000
/* 002F0 808D0970 8E040124 */  lw      $a0, 0x0124($s0)           ## 00000124
/* 002F4 808D0974 01C17821 */  addu    $t7, $t6, $at              
/* 002F8 808D0978 0C234675 */  jal     func_808D19D4              
/* 002FC 808D097C A60F00BE */  sh      $t7, 0x00BE($s0)           ## 000000BE
/* 00300 808D0980 0C234675 */  jal     func_808D19D4              
/* 00304 808D0984 8E040120 */  lw      $a0, 0x0120($s0)           ## 00000120
/* 00308 808D0988 0C234675 */  jal     func_808D19D4              
/* 0030C 808D098C 02002025 */  or      $a0, $s0, $zero            ## $a0 = 00000000
/* 00310 808D0990 02002025 */  or      $a0, $s0, $zero            ## $a0 = 00000000
/* 00314 808D0994 0C02E3B2 */  jal     func_800B8EC8              
/* 00318 808D0998 24053935 */  addiu   $a1, $zero, 0x3935         ## $a1 = 00003935
/* 0031C 808D099C 10000007 */  beq     $zero, $zero, .L808D09BC   
/* 00320 808D09A0 8FBF001C */  lw      $ra, 0x001C($sp)           
.L808D09A4:
/* 00324 808D09A4 0C029F4A */  jal     func_800A7D28              
/* 00328 808D09A8 24070090 */  addiu   $a3, $zero, 0x0090         ## $a3 = 00000090
/* 0032C 808D09AC 02002025 */  or      $a0, $s0, $zero            ## $a0 = 00000000
/* 00330 808D09B0 0C2347B5 */  jal     func_808D1ED4              
/* 00334 808D09B4 8FA50024 */  lw      $a1, 0x0024($sp)           
/* 00338 808D09B8 8FBF001C */  lw      $ra, 0x001C($sp)           
.L808D09BC:
/* 0033C 808D09BC 8FB00018 */  lw      $s0, 0x0018($sp)           
/* 00340 808D09C0 27BD0020 */  addiu   $sp, $sp, 0x0020           ## $sp = 00000000
/* 00344 808D09C4 03E00008 */  jr      $ra                        
/* 00348 808D09C8 00000000 */  nop


glabel func_808D09CC
/* 0034C 808D09CC 27BDFFE0 */  addiu   $sp, $sp, 0xFFE0           ## $sp = FFFFFFE0
/* 00350 808D09D0 AFBF001C */  sw      $ra, 0x001C($sp)           
/* 00354 808D09D4 240E000A */  addiu   $t6, $zero, 0x000A         ## $t6 = 0000000A
/* 00358 808D09D8 A08E018C */  sb      $t6, 0x018C($a0)           ## 0000018C
/* 0035C 808D09DC 3C01808D */  lui     $at, %hi(D_808D3964)       ## $at = 808D0000
/* 00360 808D09E0 C4243964 */  lwc1    $f4, %lo(D_808D3964)($at)  
/* 00364 808D09E4 3C01808D */  lui     $at, %hi(D_808D3968)       ## $at = 808D0000
/* 00368 808D09E8 8C990004 */  lw      $t9, 0x0004($a0)           ## 00000004
/* 0036C 808D09EC E48402C8 */  swc1    $f4, 0x02C8($a0)           ## 000002C8
/* 00370 808D09F0 C4263968 */  lwc1    $f6, %lo(D_808D3968)($at)  
/* 00374 808D09F4 3C013F80 */  lui     $at, 0x3F80                ## $at = 3F800000
/* 00378 808D09F8 44814000 */  mtc1    $at, $f8                   ## $f8 = 1.00
/* 0037C 808D09FC 2401F9FF */  addiu   $at, $zero, 0xF9FF         ## $at = FFFFF9FF
/* 00380 808D0A00 240F0003 */  addiu   $t7, $zero, 0x0003         ## $t7 = 00000003
/* 00384 808D0A04 24180050 */  addiu   $t8, $zero, 0x0050         ## $t8 = 00000050
/* 00388 808D0A08 03214024 */  and     $t0, $t9, $at              
/* 0038C 808D0A0C A08F0368 */  sb      $t7, 0x0368($a0)           ## 00000368
/* 00390 808D0A10 A498018E */  sh      $t8, 0x018E($a0)           ## 0000018E
/* 00394 808D0A14 AC880004 */  sw      $t0, 0x0004($a0)           ## 00000004
/* 00398 808D0A18 24090050 */  addiu   $t1, $zero, 0x0050         ## $t1 = 00000050
/* 0039C 808D0A1C E48602CC */  swc1    $f6, 0x02CC($a0)           ## 000002CC
/* 003A0 808D0A20 E48802C4 */  swc1    $f8, 0x02C4($a0)           ## 000002C4
/* 003A4 808D0A24 AFA90010 */  sw      $t1, 0x0010($sp)           
/* 003A8 808D0A28 24054000 */  addiu   $a1, $zero, 0x4000         ## $a1 = 00004000
/* 003AC 808D0A2C 240600FF */  addiu   $a2, $zero, 0x00FF         ## $a2 = 000000FF
/* 003B0 808D0A30 0C02F2DC */  jal     func_800BCB70              
/* 003B4 808D0A34 00003825 */  or      $a3, $zero, $zero          ## $a3 = 00000000
/* 003B8 808D0A38 8FBF001C */  lw      $ra, 0x001C($sp)           
/* 003BC 808D0A3C 27BD0020 */  addiu   $sp, $sp, 0x0020           ## $sp = 00000000
/* 003C0 808D0A40 03E00008 */  jr      $ra                        
/* 003C4 808D0A44 00000000 */  nop


glabel func_808D0A48
/* 003C8 808D0A48 27BDFFD0 */  addiu   $sp, $sp, 0xFFD0           ## $sp = FFFFFFD0
/* 003CC 808D0A4C AFB00028 */  sw      $s0, 0x0028($sp)           
/* 003D0 808D0A50 00808025 */  or      $s0, $a0, $zero            ## $s0 = 00000000
/* 003D4 808D0A54 AFBF002C */  sw      $ra, 0x002C($sp)           
/* 003D8 808D0A58 AFA50034 */  sw      $a1, 0x0034($sp)           
/* 003DC 808D0A5C 920E018C */  lbu     $t6, 0x018C($s0)           ## 0000018C
/* 003E0 808D0A60 2401000A */  addiu   $at, $zero, 0x000A         ## $at = 0000000A
/* 003E4 808D0A64 240F0002 */  addiu   $t7, $zero, 0x0002         ## $t7 = 00000002
/* 003E8 808D0A68 55C10023 */  bnel    $t6, $at, .L808D0AF8       
/* 003EC 808D0A6C 8FBF002C */  lw      $ra, 0x002C($sp)           
/* 003F0 808D0A70 44802000 */  mtc1    $zero, $f4                 ## $f4 = 0.00
/* 003F4 808D0A74 A200018C */  sb      $zero, 0x018C($s0)         ## 0000018C
/* 003F8 808D0A78 A2000368 */  sb      $zero, 0x0368($s0)         ## 00000368
/* 003FC 808D0A7C E60402C4 */  swc1    $f4, 0x02C4($s0)           ## 000002C4
/* 00400 808D0A80 AFAF0010 */  sw      $t7, 0x0010($sp)           
/* 00404 808D0A84 3C01808D */  lui     $at, %hi(D_808D396C)       ## $at = 808D0000
/* 00408 808D0A88 C426396C */  lwc1    $f6, %lo(D_808D396C)($at)  
/* 0040C 808D0A8C C6000058 */  lwc1    $f0, 0x0058($s0)           ## 00000058
/* 00410 808D0A90 3C0141A0 */  lui     $at, 0x41A0                ## $at = 41A00000
/* 00414 808D0A94 44815000 */  mtc1    $at, $f10                  ## $f10 = 20.00
/* 00418 808D0A98 46060202 */  mul.s   $f8, $f0, $f6              
/* 0041C 808D0A9C 8FA40034 */  lw      $a0, 0x0034($sp)           
/* 00420 808D0AA0 02002825 */  or      $a1, $s0, $zero            ## $a1 = 00000000
/* 00424 808D0AA4 460A0402 */  mul.s   $f16, $f0, $f10            
/* 00428 808D0AA8 260602D0 */  addiu   $a2, $s0, 0x02D0           ## $a2 = 000002D0
/* 0042C 808D0AAC 2407000B */  addiu   $a3, $zero, 0x000B         ## $a3 = 0000000B
/* 00430 808D0AB0 E7A80014 */  swc1    $f8, 0x0014($sp)           
/* 00434 808D0AB4 0C02FDF3 */  jal     func_800BF7CC              
/* 00438 808D0AB8 E7B00018 */  swc1    $f16, 0x0018($sp)          
/* 0043C 808D0ABC 3C01808D */  lui     $at, %hi(D_808D3970)       ## $at = 808D0000
/* 00440 808D0AC0 C4323970 */  lwc1    $f18, %lo(D_808D3970)($at) 
/* 00444 808D0AC4 C6040058 */  lwc1    $f4, 0x0058($s0)           ## 00000058
/* 00448 808D0AC8 4604903C */  c.lt.s  $f18, $f4                  
/* 0044C 808D0ACC 00000000 */  nop
/* 00450 808D0AD0 45020006 */  bc1fl   .L808D0AEC                 
/* 00454 808D0AD4 8E080004 */  lw      $t0, 0x0004($s0)           ## 00000004
/* 00458 808D0AD8 8E180004 */  lw      $t8, 0x0004($s0)           ## 00000004
/* 0045C 808D0ADC 37190400 */  ori     $t9, $t8, 0x0400           ## $t9 = 00000400
/* 00460 808D0AE0 10000004 */  beq     $zero, $zero, .L808D0AF4   
/* 00464 808D0AE4 AE190004 */  sw      $t9, 0x0004($s0)           ## 00000004
/* 00468 808D0AE8 8E080004 */  lw      $t0, 0x0004($s0)           ## 00000004
.L808D0AEC:
/* 0046C 808D0AEC 35090200 */  ori     $t1, $t0, 0x0200           ## $t1 = 00000200
/* 00470 808D0AF0 AE090004 */  sw      $t1, 0x0004($s0)           ## 00000004
.L808D0AF4:
/* 00474 808D0AF4 8FBF002C */  lw      $ra, 0x002C($sp)           
.L808D0AF8:
/* 00478 808D0AF8 8FB00028 */  lw      $s0, 0x0028($sp)           
/* 0047C 808D0AFC 27BD0030 */  addiu   $sp, $sp, 0x0030           ## $sp = 00000000
/* 00480 808D0B00 03E00008 */  jr      $ra                        
/* 00484 808D0B04 00000000 */  nop


glabel func_808D0B08
/* 00488 808D0B08 27BDFFE8 */  addiu   $sp, $sp, 0xFFE8           ## $sp = FFFFFFE8
/* 0048C 808D0B0C AFBF0014 */  sw      $ra, 0x0014($sp)           
/* 00490 808D0B10 00803025 */  or      $a2, $a0, $zero            ## $a2 = 00000000
/* 00494 808D0B14 3C050601 */  lui     $a1, 0x0601                ## $a1 = 06010000
/* 00498 808D0B18 24A59DB0 */  addiu   $a1, $a1, 0x9DB0           ## $a1 = 06009DB0
/* 0049C 808D0B1C 24C40144 */  addiu   $a0, $a2, 0x0144           ## $a0 = 00000144
/* 004A0 808D0B20 0C04DD0C */  jal     func_80137430              
/* 004A4 808D0B24 AFA60018 */  sw      $a2, 0x0018($sp)           
/* 004A8 808D0B28 8FA60018 */  lw      $a2, 0x0018($sp)           
/* 004AC 808D0B2C 44802000 */  mtc1    $zero, $f4                 ## $f4 = 0.00
/* 004B0 808D0B30 3C0E808D */  lui     $t6, %hi(func_808D0B50)    ## $t6 = 808D0000
/* 004B4 808D0B34 25CE0B50 */  addiu   $t6, $t6, %lo(func_808D0B50) ## $t6 = 808D0B50
/* 004B8 808D0B38 ACCE0188 */  sw      $t6, 0x0188($a2)           ## 00000188
/* 004BC 808D0B3C E4C40070 */  swc1    $f4, 0x0070($a2)           ## 00000070
/* 004C0 808D0B40 8FBF0014 */  lw      $ra, 0x0014($sp)           
/* 004C4 808D0B44 27BD0018 */  addiu   $sp, $sp, 0x0018           ## $sp = 00000000
/* 004C8 808D0B48 03E00008 */  jr      $ra                        
/* 004CC 808D0B4C 00000000 */  nop


glabel func_808D0B50
/* 004D0 808D0B50 27BDFFE0 */  addiu   $sp, $sp, 0xFFE0           ## $sp = FFFFFFE0
/* 004D4 808D0B54 AFB00018 */  sw      $s0, 0x0018($sp)           
/* 004D8 808D0B58 00808025 */  or      $s0, $a0, $zero            ## $s0 = 00000000
/* 004DC 808D0B5C AFBF001C */  sw      $ra, 0x001C($sp)           
/* 004E0 808D0B60 AFA50024 */  sw      $a1, 0x0024($sp)           
/* 004E4 808D0B64 0C04DB34 */  jal     func_80136CD0              
/* 004E8 808D0B68 26040144 */  addiu   $a0, $s0, 0x0144           ## $a0 = 00000144
/* 004EC 808D0B6C 10400024 */  beq     $v0, $zero, .L808D0C00     
/* 004F0 808D0B70 3C0143C8 */  lui     $at, 0x43C8                ## $at = 43C80000
/* 004F4 808D0B74 C6040098 */  lwc1    $f4, 0x0098($s0)           ## 00000098
/* 004F8 808D0B78 44813000 */  mtc1    $at, $f6                   ## $f6 = 400.00
/* 004FC 808D0B7C 02002025 */  or      $a0, $s0, $zero            ## $a0 = 00000000
/* 00500 808D0B80 4606203C */  c.lt.s  $f4, $f6                   
/* 00504 808D0B84 00000000 */  nop
/* 00508 808D0B88 4502000C */  bc1fl   .L808D0BBC                 
/* 0050C 808D0B8C 3C01438C */  lui     $at, 0x438C                ## $at = 438C0000
/* 00510 808D0B90 0C02DCF8 */  jal     func_800B73E0              
/* 00514 808D0B94 24054000 */  addiu   $a1, $zero, 0x4000         ## $a1 = 00004000
/* 00518 808D0B98 54400008 */  bnel    $v0, $zero, .L808D0BBC     
/* 0051C 808D0B9C 3C01438C */  lui     $at, 0x438C                ## $at = 438C0000
/* 00520 808D0BA0 860E0092 */  lh      $t6, 0x0092($s0)           ## 00000092
/* 00524 808D0BA4 02002025 */  or      $a0, $s0, $zero            ## $a0 = 00000000
/* 00528 808D0BA8 0C234423 */  jal     func_808D108C              
/* 0052C 808D0BAC A60E0190 */  sh      $t6, 0x0190($s0)           ## 00000190
/* 00530 808D0BB0 10000014 */  beq     $zero, $zero, .L808D0C04   
/* 00534 808D0BB4 8FBF001C */  lw      $ra, 0x001C($sp)           
/* 00538 808D0BB8 3C01438C */  lui     $at, 0x438C                ## $at = 438C0000
.L808D0BBC:
/* 0053C 808D0BBC 44815000 */  mtc1    $at, $f10                  ## $f10 = 280.00
/* 00540 808D0BC0 C6080098 */  lwc1    $f8, 0x0098($s0)           ## 00000098
/* 00544 808D0BC4 02002025 */  or      $a0, $s0, $zero            ## $a0 = 00000000
/* 00548 808D0BC8 460A403C */  c.lt.s  $f8, $f10                  
/* 0054C 808D0BCC 00000000 */  nop
/* 00550 808D0BD0 45000009 */  bc1f    .L808D0BF8                 
/* 00554 808D0BD4 00000000 */  nop
/* 00558 808D0BD8 0C02DCF8 */  jal     func_800B73E0              
/* 0055C 808D0BDC 24052000 */  addiu   $a1, $zero, 0x2000         ## $a1 = 00002000
/* 00560 808D0BE0 10400005 */  beq     $v0, $zero, .L808D0BF8     
/* 00564 808D0BE4 02002025 */  or      $a0, $s0, $zero            ## $a0 = 00000000
/* 00568 808D0BE8 0C2344E0 */  jal     func_808D1380              
/* 0056C 808D0BEC 8FA50024 */  lw      $a1, 0x0024($sp)           
/* 00570 808D0BF0 10000004 */  beq     $zero, $zero, .L808D0C04   
/* 00574 808D0BF4 8FBF001C */  lw      $ra, 0x001C($sp)           
.L808D0BF8:
/* 00578 808D0BF8 0C234305 */  jal     func_808D0C14              
/* 0057C 808D0BFC 02002025 */  or      $a0, $s0, $zero            ## $a0 = 00000000
.L808D0C00:
/* 00580 808D0C00 8FBF001C */  lw      $ra, 0x001C($sp)           
.L808D0C04:
/* 00584 808D0C04 8FB00018 */  lw      $s0, 0x0018($sp)           
/* 00588 808D0C08 27BD0020 */  addiu   $sp, $sp, 0x0020           ## $sp = 00000000
/* 0058C 808D0C0C 03E00008 */  jr      $ra                        
/* 00590 808D0C10 00000000 */  nop


glabel func_808D0C14
/* 00594 808D0C14 27BDFFE8 */  addiu   $sp, $sp, 0xFFE8           ## $sp = FFFFFFE8
/* 00598 808D0C18 AFBF0014 */  sw      $ra, 0x0014($sp)           
/* 0059C 808D0C1C AFA40018 */  sw      $a0, 0x0018($sp)           
/* 005A0 808D0C20 8FA40018 */  lw      $a0, 0x0018($sp)           
/* 005A4 808D0C24 3C050601 */  lui     $a1, 0x0601                ## $a1 = 06010000
/* 005A8 808D0C28 24A5A054 */  addiu   $a1, $a1, 0xA054           ## $a1 = 0600A054
/* 005AC 808D0C2C 3C06C040 */  lui     $a2, 0xC040                ## $a2 = C0400000
/* 005B0 808D0C30 0C04DD22 */  jal     func_80137488              
/* 005B4 808D0C34 24840144 */  addiu   $a0, $a0, 0x0144           ## $a0 = 00000144
/* 005B8 808D0C38 8FAF0018 */  lw      $t7, 0x0018($sp)           
/* 005BC 808D0C3C 3C0E808D */  lui     $t6, %hi(func_808D0C58)    ## $t6 = 808D0000
/* 005C0 808D0C40 25CE0C58 */  addiu   $t6, $t6, %lo(func_808D0C58) ## $t6 = 808D0C58
/* 005C4 808D0C44 ADEE0188 */  sw      $t6, 0x0188($t7)           ## 00000188
/* 005C8 808D0C48 8FBF0014 */  lw      $ra, 0x0014($sp)           
/* 005CC 808D0C4C 27BD0018 */  addiu   $sp, $sp, 0x0018           ## $sp = 00000000
/* 005D0 808D0C50 03E00008 */  jr      $ra                        
/* 005D4 808D0C54 00000000 */  nop


glabel func_808D0C58
/* 005D8 808D0C58 27BDFFE8 */  addiu   $sp, $sp, 0xFFE8           ## $sp = FFFFFFE8
/* 005DC 808D0C5C AFA5001C */  sw      $a1, 0x001C($sp)           
/* 005E0 808D0C60 00802825 */  or      $a1, $a0, $zero            ## $a1 = 00000000
/* 005E4 808D0C64 AFBF0014 */  sw      $ra, 0x0014($sp)           
/* 005E8 808D0C68 AFA40018 */  sw      $a0, 0x0018($sp)           
/* 005EC 808D0C6C 24A40144 */  addiu   $a0, $a1, 0x0144           ## $a0 = 00000144
/* 005F0 808D0C70 0C04DB34 */  jal     func_80136CD0              
/* 005F4 808D0C74 AFA50018 */  sw      $a1, 0x0018($sp)           
/* 005F8 808D0C78 10400016 */  beq     $v0, $zero, .L808D0CD4     
/* 005FC 808D0C7C 8FA50018 */  lw      $a1, 0x0018($sp)           
/* 00600 808D0C80 3C01808D */  lui     $at, %hi(D_808D3974)       ## $at = 808D0000
/* 00604 808D0C84 C4243974 */  lwc1    $f4, %lo(D_808D3974)($at)  
/* 00608 808D0C88 C4A60058 */  lwc1    $f6, 0x0058($a1)           ## 00000058
/* 0060C 808D0C8C 4606203C */  c.lt.s  $f4, $f6                   
/* 00610 808D0C90 00000000 */  nop
/* 00614 808D0C94 45020006 */  bc1fl   .L808D0CB0                 
/* 00618 808D0C98 84AE001C */  lh      $t6, 0x001C($a1)           ## 0000001C
/* 0061C 808D0C9C 0C234339 */  jal     func_808D0CE4              
/* 00620 808D0CA0 00A02025 */  or      $a0, $a1, $zero            ## $a0 = 00000000
/* 00624 808D0CA4 1000000C */  beq     $zero, $zero, .L808D0CD8   
/* 00628 808D0CA8 8FBF0014 */  lw      $ra, 0x0014($sp)           
/* 0062C 808D0CAC 84AE001C */  lh      $t6, 0x001C($a1)           ## 0000001C
.L808D0CB0:
/* 00630 808D0CB0 24010020 */  addiu   $at, $zero, 0x0020         ## $at = 00000020
/* 00634 808D0CB4 15C10005 */  bne     $t6, $at, .L808D0CCC       
/* 00638 808D0CB8 00000000 */  nop
/* 0063C 808D0CBC 0C234743 */  jal     func_808D1D0C              
/* 00640 808D0CC0 00A02025 */  or      $a0, $a1, $zero            ## $a0 = 00000000
/* 00644 808D0CC4 10000004 */  beq     $zero, $zero, .L808D0CD8   
/* 00648 808D0CC8 8FBF0014 */  lw      $ra, 0x0014($sp)           
.L808D0CCC:
/* 0064C 808D0CCC 0C2346F3 */  jal     func_808D1BCC              
/* 00650 808D0CD0 00A02025 */  or      $a0, $a1, $zero            ## $a0 = 00000000
.L808D0CD4:
/* 00654 808D0CD4 8FBF0014 */  lw      $ra, 0x0014($sp)           
.L808D0CD8:
/* 00658 808D0CD8 27BD0018 */  addiu   $sp, $sp, 0x0018           ## $sp = 00000000
/* 0065C 808D0CDC 03E00008 */  jr      $ra                        
/* 00660 808D0CE0 00000000 */  nop


glabel func_808D0CE4
/* 00664 808D0CE4 27BDFFE8 */  addiu   $sp, $sp, 0xFFE8           ## $sp = FFFFFFE8
/* 00668 808D0CE8 AFBF0014 */  sw      $ra, 0x0014($sp)           
/* 0066C 808D0CEC 00803825 */  or      $a3, $a0, $zero            ## $a3 = 00000000
/* 00670 808D0CF0 8CEF0188 */  lw      $t7, 0x0188($a3)           ## 00000188
/* 00674 808D0CF4 3C0E808D */  lui     $t6, %hi(func_808D0F80)    ## $t6 = 808D0000
/* 00678 808D0CF8 25CE0F80 */  addiu   $t6, $t6, %lo(func_808D0F80) ## $t6 = 808D0F80
/* 0067C 808D0CFC 11CF0009 */  beq     $t6, $t7, .L808D0D24       
/* 00680 808D0D00 3C013FC0 */  lui     $at, 0x3FC0                ## $at = 3FC00000
/* 00684 808D0D04 3C050600 */  lui     $a1, 0x0600                ## $a1 = 06000000
/* 00688 808D0D08 24A541F4 */  addiu   $a1, $a1, 0x41F4           ## $a1 = 060041F4
/* 0068C 808D0D0C 24E40144 */  addiu   $a0, $a3, 0x0144           ## $a0 = 00000144
/* 00690 808D0D10 3C063FC0 */  lui     $a2, 0x3FC0                ## $a2 = 3FC00000
/* 00694 808D0D14 0C04DD73 */  jal     func_801375CC              
/* 00698 808D0D18 AFA70018 */  sw      $a3, 0x0018($sp)           
/* 0069C 808D0D1C 10000004 */  beq     $zero, $zero, .L808D0D30   
/* 006A0 808D0D20 8FA70018 */  lw      $a3, 0x0018($sp)           
.L808D0D24:
/* 006A4 808D0D24 44812000 */  mtc1    $at, $f4                   ## $f4 = 0.00
/* 006A8 808D0D28 00000000 */  nop
/* 006AC 808D0D2C E4E40160 */  swc1    $f4, 0x0160($a3)           ## 00000160
.L808D0D30:
/* 006B0 808D0D30 24040002 */  addiu   $a0, $zero, 0x0002         ## $a0 = 00000002
/* 006B4 808D0D34 24050004 */  addiu   $a1, $zero, 0x0004         ## $a1 = 00000004
/* 006B8 808D0D38 0C03FD14 */  jal     func_800FF450              
/* 006BC 808D0D3C AFA70018 */  sw      $a3, 0x0018($sp)           
/* 006C0 808D0D40 8FA70018 */  lw      $a3, 0x0018($sp)           
/* 006C4 808D0D44 3C013FC0 */  lui     $at, 0x3FC0                ## $at = 3FC00000
/* 006C8 808D0D48 44813000 */  mtc1    $at, $f6                   ## $f6 = 1.50
/* 006CC 808D0D4C 3C18808D */  lui     $t8, %hi(func_808D0D70)    ## $t8 = 808D0000
/* 006D0 808D0D50 27180D70 */  addiu   $t8, $t8, %lo(func_808D0D70) ## $t8 = 808D0D70
/* 006D4 808D0D54 A4E2018E */  sh      $v0, 0x018E($a3)           ## 0000018E
/* 006D8 808D0D58 ACF80188 */  sw      $t8, 0x0188($a3)           ## 00000188
/* 006DC 808D0D5C E4E60070 */  swc1    $f6, 0x0070($a3)           ## 00000070
/* 006E0 808D0D60 8FBF0014 */  lw      $ra, 0x0014($sp)           
/* 006E4 808D0D64 27BD0018 */  addiu   $sp, $sp, 0x0018           ## $sp = 00000000
/* 006E8 808D0D68 03E00008 */  jr      $ra                        
/* 006EC 808D0D6C 00000000 */  nop


glabel func_808D0D70
/* 006F0 808D0D70 27BDFFD8 */  addiu   $sp, $sp, 0xFFD8           ## $sp = FFFFFFD8
/* 006F4 808D0D74 AFB00018 */  sw      $s0, 0x0018($sp)           
/* 006F8 808D0D78 00808025 */  or      $s0, $a0, $zero            ## $s0 = 00000000
/* 006FC 808D0D7C AFBF001C */  sw      $ra, 0x001C($sp)           
/* 00700 808D0D80 AFA5002C */  sw      $a1, 0x002C($sp)           
/* 00704 808D0D84 26040144 */  addiu   $a0, $s0, 0x0144           ## $a0 = 00000144
/* 00708 808D0D88 0C04DB34 */  jal     func_80136CD0              
/* 0070C 808D0D8C AFA40020 */  sw      $a0, 0x0020($sp)           
/* 00710 808D0D90 8FA40020 */  lw      $a0, 0x0020($sp)           
/* 00714 808D0D94 0C04DE2E */  jal     func_801378B8              
/* 00718 808D0D98 24050000 */  addiu   $a1, $zero, 0x0000         ## $a1 = 00000000
/* 0071C 808D0D9C 10400005 */  beq     $v0, $zero, .L808D0DB4     
/* 00720 808D0DA0 3C054140 */  lui     $a1, 0x4140                ## $a1 = 41400000
/* 00724 808D0DA4 8603018E */  lh      $v1, 0x018E($s0)           ## 0000018E
/* 00728 808D0DA8 10600002 */  beq     $v1, $zero, .L808D0DB4     
/* 0072C 808D0DAC 246EFFFF */  addiu   $t6, $v1, 0xFFFF           ## $t6 = FFFFFFFF
/* 00730 808D0DB0 A60E018E */  sh      $t6, 0x018E($s0)           ## 0000018E
.L808D0DB4:
/* 00734 808D0DB4 5440000D */  bnel    $v0, $zero, .L808D0DEC     
/* 00738 808D0DB8 02002025 */  or      $a0, $s0, $zero            ## $a0 = 00000000
/* 0073C 808D0DBC 0C04DE2E */  jal     func_801378B8              
/* 00740 808D0DC0 8FA40020 */  lw      $a0, 0x0020($sp)           
/* 00744 808D0DC4 14400008 */  bne     $v0, $zero, .L808D0DE8     
/* 00748 808D0DC8 8FA40020 */  lw      $a0, 0x0020($sp)           
/* 0074C 808D0DCC 0C04DE2E */  jal     func_801378B8              
/* 00750 808D0DD0 3C0541C0 */  lui     $a1, 0x41C0                ## $a1 = 41C00000
/* 00754 808D0DD4 14400004 */  bne     $v0, $zero, .L808D0DE8     
/* 00758 808D0DD8 8FA40020 */  lw      $a0, 0x0020($sp)           
/* 0075C 808D0DDC 0C04DE2E */  jal     func_801378B8              
/* 00760 808D0DE0 3C054210 */  lui     $a1, 0x4210                ## $a1 = 42100000
/* 00764 808D0DE4 10400003 */  beq     $v0, $zero, .L808D0DF4     
.L808D0DE8:
/* 00768 808D0DE8 02002025 */  or      $a0, $s0, $zero            ## $a0 = 00000000
.L808D0DEC:
/* 0076C 808D0DEC 0C02E3B2 */  jal     func_800B8EC8              
/* 00770 808D0DF0 24053894 */  addiu   $a1, $zero, 0x3894         ## $a1 = 00003894
.L808D0DF4:
/* 00774 808D0DF4 3C0143A0 */  lui     $at, 0x43A0                ## $at = 43A00000
/* 00778 808D0DF8 44813000 */  mtc1    $at, $f6                   ## $f6 = 320.00
/* 0077C 808D0DFC C6040098 */  lwc1    $f4, 0x0098($s0)           ## 00000098
/* 00780 808D0E00 02002025 */  or      $a0, $s0, $zero            ## $a0 = 00000000
/* 00784 808D0E04 4606203C */  c.lt.s  $f4, $f6                   
/* 00788 808D0E08 00000000 */  nop
/* 0078C 808D0E0C 4502000A */  bc1fl   .L808D0E38                 
/* 00790 808D0E10 960F0090 */  lhu     $t7, 0x0090($s0)           ## 00000090
/* 00794 808D0E14 0C02DCF8 */  jal     func_800B73E0              
/* 00798 808D0E18 24054000 */  addiu   $a1, $zero, 0x4000         ## $a1 = 00004000
/* 0079C 808D0E1C 50400006 */  beql    $v0, $zero, .L808D0E38     
/* 007A0 808D0E20 960F0090 */  lhu     $t7, 0x0090($s0)           ## 00000090
/* 007A4 808D0E24 0C2343D4 */  jal     func_808D0F50              
/* 007A8 808D0E28 02002025 */  or      $a0, $s0, $zero            ## $a0 = 00000000
/* 007AC 808D0E2C 10000023 */  beq     $zero, $zero, .L808D0EBC   
/* 007B0 808D0E30 8FBF001C */  lw      $ra, 0x001C($sp)           
/* 007B4 808D0E34 960F0090 */  lhu     $t7, 0x0090($s0)           ## 00000090
.L808D0E38:
/* 007B8 808D0E38 3C0143C8 */  lui     $at, 0x43C8                ## $at = 43C80000
/* 007BC 808D0E3C 31F80008 */  andi    $t8, $t7, 0x0008           ## $t8 = 00000000
/* 007C0 808D0E40 53000008 */  beql    $t8, $zero, .L808D0E64     
/* 007C4 808D0E44 C6080098 */  lwc1    $f8, 0x0098($s0)           ## 00000098
/* 007C8 808D0E48 86190086 */  lh      $t9, 0x0086($s0)           ## 00000086
/* 007CC 808D0E4C 02002025 */  or      $a0, $s0, $zero            ## $a0 = 00000000
/* 007D0 808D0E50 0C234423 */  jal     func_808D108C              
/* 007D4 808D0E54 A6190190 */  sh      $t9, 0x0190($s0)           ## 00000190
/* 007D8 808D0E58 10000018 */  beq     $zero, $zero, .L808D0EBC   
/* 007DC 808D0E5C 8FBF001C */  lw      $ra, 0x001C($sp)           
/* 007E0 808D0E60 C6080098 */  lwc1    $f8, 0x0098($s0)           ## 00000098
.L808D0E64:
/* 007E4 808D0E64 44815000 */  mtc1    $at, $f10                  ## $f10 = 0.00
/* 007E8 808D0E68 02002025 */  or      $a0, $s0, $zero            ## $a0 = 00000000
/* 007EC 808D0E6C 460A403C */  c.lt.s  $f8, $f10                  
/* 007F0 808D0E70 00000000 */  nop
/* 007F4 808D0E74 4502000C */  bc1fl   .L808D0EA8                 
/* 007F8 808D0E78 8609018E */  lh      $t1, 0x018E($s0)           ## 0000018E
/* 007FC 808D0E7C 0C02DCF8 */  jal     func_800B73E0              
/* 00800 808D0E80 24054000 */  addiu   $a1, $zero, 0x4000         ## $a1 = 00004000
/* 00804 808D0E84 54400008 */  bnel    $v0, $zero, .L808D0EA8     
/* 00808 808D0E88 8609018E */  lh      $t1, 0x018E($s0)           ## 0000018E
/* 0080C 808D0E8C 86080092 */  lh      $t0, 0x0092($s0)           ## 00000092
/* 00810 808D0E90 02002025 */  or      $a0, $s0, $zero            ## $a0 = 00000000
/* 00814 808D0E94 0C234423 */  jal     func_808D108C              
/* 00818 808D0E98 A6080190 */  sh      $t0, 0x0190($s0)           ## 00000190
/* 0081C 808D0E9C 10000007 */  beq     $zero, $zero, .L808D0EBC   
/* 00820 808D0EA0 8FBF001C */  lw      $ra, 0x001C($sp)           
/* 00824 808D0EA4 8609018E */  lh      $t1, 0x018E($s0)           ## 0000018E
.L808D0EA8:
/* 00828 808D0EA8 55200004 */  bnel    $t1, $zero, .L808D0EBC     
/* 0082C 808D0EAC 8FBF001C */  lw      $ra, 0x001C($sp)           
/* 00830 808D0EB0 0C2343B3 */  jal     func_808D0ECC              
/* 00834 808D0EB4 02002025 */  or      $a0, $s0, $zero            ## $a0 = 00000000
/* 00838 808D0EB8 8FBF001C */  lw      $ra, 0x001C($sp)           
.L808D0EBC:
/* 0083C 808D0EBC 8FB00018 */  lw      $s0, 0x0018($sp)           
/* 00840 808D0EC0 27BD0028 */  addiu   $sp, $sp, 0x0028           ## $sp = 00000000
/* 00844 808D0EC4 03E00008 */  jr      $ra                        
/* 00848 808D0EC8 00000000 */  nop


glabel func_808D0ECC
/* 0084C 808D0ECC 27BDFFE8 */  addiu   $sp, $sp, 0xFFE8           ## $sp = FFFFFFE8
/* 00850 808D0ED0 AFBF0014 */  sw      $ra, 0x0014($sp)           
/* 00854 808D0ED4 00803025 */  or      $a2, $a0, $zero            ## $a2 = 00000000
/* 00858 808D0ED8 3C050601 */  lui     $a1, 0x0601                ## $a1 = 06010000
/* 0085C 808D0EDC 24A59244 */  addiu   $a1, $a1, 0x9244           ## $a1 = 06009244
/* 00860 808D0EE0 24C40144 */  addiu   $a0, $a2, 0x0144           ## $a0 = 00000144
/* 00864 808D0EE4 0C04DD0C */  jal     func_80137430              
/* 00868 808D0EE8 AFA60018 */  sw      $a2, 0x0018($sp)           
/* 0086C 808D0EEC 8FA60018 */  lw      $a2, 0x0018($sp)           
/* 00870 808D0EF0 44802000 */  mtc1    $zero, $f4                 ## $f4 = 0.00
/* 00874 808D0EF4 3C0E808D */  lui     $t6, %hi(func_808D0F14)    ## $t6 = 808D0000
/* 00878 808D0EF8 25CE0F14 */  addiu   $t6, $t6, %lo(func_808D0F14) ## $t6 = 808D0F14
/* 0087C 808D0EFC ACCE0188 */  sw      $t6, 0x0188($a2)           ## 00000188
/* 00880 808D0F00 E4C40070 */  swc1    $f4, 0x0070($a2)           ## 00000070
/* 00884 808D0F04 8FBF0014 */  lw      $ra, 0x0014($sp)           
/* 00888 808D0F08 27BD0018 */  addiu   $sp, $sp, 0x0018           ## $sp = 00000000
/* 0088C 808D0F0C 03E00008 */  jr      $ra                        
/* 00890 808D0F10 00000000 */  nop


glabel func_808D0F14
/* 00894 808D0F14 27BDFFE8 */  addiu   $sp, $sp, 0xFFE8           ## $sp = FFFFFFE8
/* 00898 808D0F18 AFBF0014 */  sw      $ra, 0x0014($sp)           
/* 0089C 808D0F1C AFA40018 */  sw      $a0, 0x0018($sp)           
/* 008A0 808D0F20 AFA5001C */  sw      $a1, 0x001C($sp)           
/* 008A4 808D0F24 8FA40018 */  lw      $a0, 0x0018($sp)           
/* 008A8 808D0F28 0C04DB34 */  jal     func_80136CD0              
/* 008AC 808D0F2C 24840144 */  addiu   $a0, $a0, 0x0144           ## $a0 = 00000144
/* 008B0 808D0F30 50400004 */  beql    $v0, $zero, .L808D0F44     
/* 008B4 808D0F34 8FBF0014 */  lw      $ra, 0x0014($sp)           
/* 008B8 808D0F38 0C2342C2 */  jal     func_808D0B08              
/* 008BC 808D0F3C 8FA40018 */  lw      $a0, 0x0018($sp)           
/* 008C0 808D0F40 8FBF0014 */  lw      $ra, 0x0014($sp)           
.L808D0F44:
/* 008C4 808D0F44 27BD0018 */  addiu   $sp, $sp, 0x0018           ## $sp = 00000000
/* 008C8 808D0F48 03E00008 */  jr      $ra                        
/* 008CC 808D0F4C 00000000 */  nop


glabel func_808D0F50
/* 008D0 808D0F50 3C0140A0 */  lui     $at, 0x40A0                ## $at = 40A00000
/* 008D4 808D0F54 44812000 */  mtc1    $at, $f4                   ## $f4 = 5.00
/* 008D8 808D0F58 3C014040 */  lui     $at, 0x4040                ## $at = 40400000
/* 008DC 808D0F5C 44813000 */  mtc1    $at, $f6                   ## $f6 = 3.00
/* 008E0 808D0F60 3C0E808D */  lui     $t6, %hi(func_808D0F80)    ## $t6 = 808D0000
/* 008E4 808D0F64 25CE0F80 */  addiu   $t6, $t6, %lo(func_808D0F80) ## $t6 = 808D0F80
/* 008E8 808D0F68 A480018E */  sh      $zero, 0x018E($a0)         ## 0000018E
/* 008EC 808D0F6C AC8E0188 */  sw      $t6, 0x0188($a0)           ## 00000188
/* 008F0 808D0F70 E4840070 */  swc1    $f4, 0x0070($a0)           ## 00000070
/* 008F4 808D0F74 E4860160 */  swc1    $f6, 0x0160($a0)           ## 00000160
/* 008F8 808D0F78 03E00008 */  jr      $ra                        
/* 008FC 808D0F7C 00000000 */  nop


glabel func_808D0F80
/* 00900 808D0F80 27BDFFD8 */  addiu   $sp, $sp, 0xFFD8           ## $sp = FFFFFFD8
/* 00904 808D0F84 AFB00018 */  sw      $s0, 0x0018($sp)           
/* 00908 808D0F88 00808025 */  or      $s0, $a0, $zero            ## $s0 = 00000000
/* 0090C 808D0F8C AFBF001C */  sw      $ra, 0x001C($sp)           
/* 00910 808D0F90 AFA5002C */  sw      $a1, 0x002C($sp)           
/* 00914 808D0F94 26040144 */  addiu   $a0, $s0, 0x0144           ## $a0 = 00000144
/* 00918 808D0F98 0C04DB34 */  jal     func_80136CD0              
/* 0091C 808D0F9C AFA40024 */  sw      $a0, 0x0024($sp)           
/* 00920 808D0FA0 8FA40024 */  lw      $a0, 0x0024($sp)           
/* 00924 808D0FA4 0C04DE2E */  jal     func_801378B8              
/* 00928 808D0FA8 24050000 */  addiu   $a1, $zero, 0x0000         ## $a1 = 00000000
/* 0092C 808D0FAC 1440000C */  bne     $v0, $zero, .L808D0FE0     
/* 00930 808D0FB0 8FA40024 */  lw      $a0, 0x0024($sp)           
/* 00934 808D0FB4 0C04DE2E */  jal     func_801378B8              
/* 00938 808D0FB8 3C054140 */  lui     $a1, 0x4140                ## $a1 = 41400000
/* 0093C 808D0FBC 14400008 */  bne     $v0, $zero, .L808D0FE0     
/* 00940 808D0FC0 8FA40024 */  lw      $a0, 0x0024($sp)           
/* 00944 808D0FC4 0C04DE2E */  jal     func_801378B8              
/* 00948 808D0FC8 3C0541C0 */  lui     $a1, 0x41C0                ## $a1 = 41C00000
/* 0094C 808D0FCC 14400004 */  bne     $v0, $zero, .L808D0FE0     
/* 00950 808D0FD0 8FA40024 */  lw      $a0, 0x0024($sp)           
/* 00954 808D0FD4 0C04DE2E */  jal     func_801378B8              
/* 00958 808D0FD8 3C054210 */  lui     $a1, 0x4210                ## $a1 = 42100000
/* 0095C 808D0FDC 10400003 */  beq     $v0, $zero, .L808D0FEC     
.L808D0FE0:
/* 00960 808D0FE0 02002025 */  or      $a0, $s0, $zero            ## $a0 = 00000000
/* 00964 808D0FE4 0C02E3B2 */  jal     func_800B8EC8              
/* 00968 808D0FE8 24053894 */  addiu   $a1, $zero, 0x3894         ## $a1 = 00003894
.L808D0FEC:
/* 0096C 808D0FEC 260400BE */  addiu   $a0, $s0, 0x00BE           ## $a0 = 000000BE
/* 00970 808D0FF0 86050092 */  lh      $a1, 0x0092($s0)           ## 00000092
/* 00974 808D0FF4 24060003 */  addiu   $a2, $zero, 0x0003         ## $a2 = 00000003
/* 00978 808D0FF8 0C03FFF6 */  jal     func_800FFFD8              
/* 0097C 808D0FFC 2407071C */  addiu   $a3, $zero, 0x071C         ## $a3 = 0000071C
/* 00980 808D1000 3C01438C */  lui     $at, 0x438C                ## $at = 438C0000
/* 00984 808D1004 44813000 */  mtc1    $at, $f6                   ## $f6 = 280.00
/* 00988 808D1008 C6040098 */  lwc1    $f4, 0x0098($s0)           ## 00000098
/* 0098C 808D100C 02002025 */  or      $a0, $s0, $zero            ## $a0 = 00000000
/* 00990 808D1010 4606203C */  c.lt.s  $f4, $f6                   
/* 00994 808D1014 00000000 */  nop
/* 00998 808D1018 4502000F */  bc1fl   .L808D1058                 
/* 0099C 808D101C 3C0143C8 */  lui     $at, 0x43C8                ## $at = 43C80000
/* 009A0 808D1020 0C02DCF8 */  jal     func_800B73E0              
/* 009A4 808D1024 24052000 */  addiu   $a1, $zero, 0x2000         ## $a1 = 00002000
/* 009A8 808D1028 5040000B */  beql    $v0, $zero, .L808D1058     
/* 009AC 808D102C 3C0143C8 */  lui     $at, 0x43C8                ## $at = 43C80000
/* 009B0 808D1030 960E0090 */  lhu     $t6, 0x0090($s0)           ## 00000090
/* 009B4 808D1034 02002025 */  or      $a0, $s0, $zero            ## $a0 = 00000000
/* 009B8 808D1038 31CF0008 */  andi    $t7, $t6, 0x0008           ## $t7 = 00000000
/* 009BC 808D103C 55E00006 */  bnel    $t7, $zero, .L808D1058     
/* 009C0 808D1040 3C0143C8 */  lui     $at, 0x43C8                ## $at = 43C80000
/* 009C4 808D1044 0C2344E0 */  jal     func_808D1380              
/* 009C8 808D1048 8FA5002C */  lw      $a1, 0x002C($sp)           
/* 009CC 808D104C 1000000B */  beq     $zero, $zero, .L808D107C   
/* 009D0 808D1050 8FBF001C */  lw      $ra, 0x001C($sp)           
/* 009D4 808D1054 3C0143C8 */  lui     $at, 0x43C8                ## $at = 43C80000
.L808D1058:
/* 009D8 808D1058 44814000 */  mtc1    $at, $f8                   ## $f8 = 400.00
/* 009DC 808D105C C60A0098 */  lwc1    $f10, 0x0098($s0)          ## 00000098
/* 009E0 808D1060 460A403C */  c.lt.s  $f8, $f10                  
/* 009E4 808D1064 00000000 */  nop
/* 009E8 808D1068 45020004 */  bc1fl   .L808D107C                 
/* 009EC 808D106C 8FBF001C */  lw      $ra, 0x001C($sp)           
/* 009F0 808D1070 0C234339 */  jal     func_808D0CE4              
/* 009F4 808D1074 02002025 */  or      $a0, $s0, $zero            ## $a0 = 00000000
/* 009F8 808D1078 8FBF001C */  lw      $ra, 0x001C($sp)           
.L808D107C:
/* 009FC 808D107C 8FB00018 */  lw      $s0, 0x0018($sp)           
/* 00A00 808D1080 27BD0028 */  addiu   $sp, $sp, 0x0028           ## $sp = 00000000
/* 00A04 808D1084 03E00008 */  jr      $ra                        
/* 00A08 808D1088 00000000 */  nop


glabel func_808D108C
/* 00A0C 808D108C 27BDFFC8 */  addiu   $sp, $sp, 0xFFC8           ## $sp = FFFFFFC8
/* 00A10 808D1090 AFB00028 */  sw      $s0, 0x0028($sp)           
/* 00A14 808D1094 00808025 */  or      $s0, $a0, $zero            ## $s0 = 00000000
/* 00A18 808D1098 AFBF002C */  sw      $ra, 0x002C($sp)           
/* 00A1C 808D109C 860E0190 */  lh      $t6, 0x0190($s0)           ## 00000190
/* 00A20 808D10A0 860F00BE */  lh      $t7, 0x00BE($s0)           ## 000000BE
/* 00A24 808D10A4 44802000 */  mtc1    $zero, $f4                 ## $f4 = 0.00
/* 00A28 808D10A8 3C040600 */  lui     $a0, 0x0600                ## $a0 = 06000000
/* 00A2C 808D10AC 01CF1823 */  subu    $v1, $t6, $t7              
/* 00A30 808D10B0 00031C00 */  sll     $v1, $v1, 16               
/* 00A34 808D10B4 00031C03 */  sra     $v1, $v1, 16               
/* 00A38 808D10B8 18600009 */  blez    $v1, .L808D10E0            
/* 00A3C 808D10BC E6040070 */  swc1    $f4, 0x0070($s0)           ## 00000070
/* 00A40 808D10C0 3C050600 */  lui     $a1, 0x0600                ## $a1 = 06000000
/* 00A44 808D10C4 24A52158 */  addiu   $a1, $a1, 0x2158           ## $a1 = 06002158
/* 00A48 808D10C8 26040144 */  addiu   $a0, $s0, 0x0144           ## $a0 = 00000144
/* 00A4C 808D10CC 3C06C040 */  lui     $a2, 0xC040                ## $a2 = C0400000
/* 00A50 808D10D0 0C04DD22 */  jal     func_80137488              
/* 00A54 808D10D4 A7A30036 */  sh      $v1, 0x0036($sp)           
/* 00A58 808D10D8 10000014 */  beq     $zero, $zero, .L808D112C   
/* 00A5C 808D10DC 87A30036 */  lh      $v1, 0x0036($sp)           
.L808D10E0:
/* 00A60 808D10E0 24842158 */  addiu   $a0, $a0, 0x2158           ## $a0 = 00002158
/* 00A64 808D10E4 0C04D1D2 */  jal     func_80134748              
/* 00A68 808D10E8 A7A30036 */  sh      $v1, 0x0036($sp)           
/* 00A6C 808D10EC 44823000 */  mtc1    $v0, $f6                   ## $f6 = 0.00
/* 00A70 808D10F0 3C01C040 */  lui     $at, 0xC040                ## $at = C0400000
/* 00A74 808D10F4 44815000 */  mtc1    $at, $f10                  ## $f10 = -3.00
/* 00A78 808D10F8 468031A0 */  cvt.s.w $f6, $f6                   
/* 00A7C 808D10FC 44804000 */  mtc1    $zero, $f8                 ## $f8 = 0.00
/* 00A80 808D1100 3C050600 */  lui     $a1, 0x0600                ## $a1 = 06000000
/* 00A84 808D1104 24180002 */  addiu   $t8, $zero, 0x0002         ## $t8 = 00000002
/* 00A88 808D1108 AFB80014 */  sw      $t8, 0x0014($sp)           
/* 00A8C 808D110C 24A52158 */  addiu   $a1, $a1, 0x2158           ## $a1 = 06002158
/* 00A90 808D1110 44073000 */  mfc1    $a3, $f6                   
/* 00A94 808D1114 26040144 */  addiu   $a0, $s0, 0x0144           ## $a0 = 00000144
/* 00A98 808D1118 3C06BF80 */  lui     $a2, 0xBF80                ## $a2 = BF800000
/* 00A9C 808D111C E7AA0018 */  swc1    $f10, 0x0018($sp)          
/* 00AA0 808D1120 0C04DCFA */  jal     func_801373E8              
/* 00AA4 808D1124 E7A80010 */  swc1    $f8, 0x0010($sp)           
/* 00AA8 808D1128 87A30036 */  lh      $v1, 0x0036($sp)           
.L808D112C:
/* 00AAC 808D112C 3C01808D */  lui     $at, %hi(D_808D3978)       ## $at = 808D0000
/* 00AB0 808D1130 C4303978 */  lwc1    $f16, %lo(D_808D3978)($at) 
/* 00AB4 808D1134 C6120058 */  lwc1    $f18, 0x0058($s0)          ## 00000058
/* 00AB8 808D1138 3C0B808D */  lui     $t3, %hi(func_808D11BC)    ## $t3 = 808D0000
/* 00ABC 808D113C 256B11BC */  addiu   $t3, $t3, %lo(func_808D11BC) ## $t3 = 808D11BC
/* 00AC0 808D1140 4612803C */  c.lt.s  $f16, $f18                 
/* 00AC4 808D1144 00000000 */  nop
/* 00AC8 808D1148 4502000B */  bc1fl   .L808D1178                 
/* 00ACC 808D114C C6000160 */  lwc1    $f0, 0x0160($s0)           ## 00000160
/* 00AD0 808D1150 44832000 */  mtc1    $v1, $f4                   ## $f4 = 0.00
/* 00AD4 808D1154 3C01808D */  lui     $at, %hi(D_808D397C)       ## $at = 808D0000
/* 00AD8 808D1158 C428397C */  lwc1    $f8, %lo(D_808D397C)($at)  
/* 00ADC 808D115C 468021A0 */  cvt.s.w $f6, $f4                   
/* 00AE0 808D1160 46083282 */  mul.s   $f10, $f6, $f8             
/* 00AE4 808D1164 4600540D */  trunc.w.s $f16, $f10                 
/* 00AE8 808D1168 44088000 */  mfc1    $t0, $f16                  
/* 00AEC 808D116C 1000000D */  beq     $zero, $zero, .L808D11A4   
/* 00AF0 808D1170 A6080190 */  sh      $t0, 0x0190($s0)           ## 00000190
/* 00AF4 808D1174 C6000160 */  lwc1    $f0, 0x0160($s0)           ## 00000160
.L808D1178:
/* 00AF8 808D1178 44832000 */  mtc1    $v1, $f4                   ## $f4 = 0.00
/* 00AFC 808D117C 3C01808D */  lui     $at, %hi(D_808D3980)       ## $at = 808D0000
/* 00B00 808D1180 46000480 */  add.s   $f18, $f0, $f0             
/* 00B04 808D1184 468021A0 */  cvt.s.w $f6, $f4                   
/* 00B08 808D1188 E6120160 */  swc1    $f18, 0x0160($s0)          ## 00000160
/* 00B0C 808D118C C4283980 */  lwc1    $f8, %lo(D_808D3980)($at)  
/* 00B10 808D1190 46083282 */  mul.s   $f10, $f6, $f8             
/* 00B14 808D1194 4600540D */  trunc.w.s $f16, $f10                 
/* 00B18 808D1198 440A8000 */  mfc1    $t2, $f16                  
/* 00B1C 808D119C 00000000 */  nop
/* 00B20 808D11A0 A60A0190 */  sh      $t2, 0x0190($s0)           ## 00000190
.L808D11A4:
/* 00B24 808D11A4 AE0B0188 */  sw      $t3, 0x0188($s0)           ## 00000188
/* 00B28 808D11A8 8FBF002C */  lw      $ra, 0x002C($sp)           
/* 00B2C 808D11AC 8FB00028 */  lw      $s0, 0x0028($sp)           
/* 00B30 808D11B0 27BD0038 */  addiu   $sp, $sp, 0x0038           ## $sp = 00000000
/* 00B34 808D11B4 03E00008 */  jr      $ra                        
/* 00B38 808D11B8 00000000 */  nop


glabel func_808D11BC
/* 00B3C 808D11BC 27BDFFC8 */  addiu   $sp, $sp, 0xFFC8           ## $sp = FFFFFFC8
/* 00B40 808D11C0 AFB00018 */  sw      $s0, 0x0018($sp)           
/* 00B44 808D11C4 00808025 */  or      $s0, $a0, $zero            ## $s0 = 00000000
/* 00B48 808D11C8 AFBF001C */  sw      $ra, 0x001C($sp)           
/* 00B4C 808D11CC AFA5003C */  sw      $a1, 0x003C($sp)           
/* 00B50 808D11D0 26040144 */  addiu   $a0, $s0, 0x0144           ## $a0 = 00000144
/* 00B54 808D11D4 0C04DB34 */  jal     func_80136CD0              
/* 00B58 808D11D8 AFA40024 */  sw      $a0, 0x0024($sp)           
/* 00B5C 808D11DC 50400004 */  beql    $v0, $zero, .L808D11F0     
/* 00B60 808D11E0 C6000160 */  lwc1    $f0, 0x0160($s0)           ## 00000160
/* 00B64 808D11E4 0C234305 */  jal     func_808D0C14              
/* 00B68 808D11E8 02002025 */  or      $a0, $s0, $zero            ## $a0 = 00000000
/* 00B6C 808D11EC C6000160 */  lwc1    $f0, 0x0160($s0)           ## 00000160
.L808D11F0:
/* 00B70 808D11F0 44802000 */  mtc1    $zero, $f4                 ## $f4 = 0.00
/* 00B74 808D11F4 8FA40024 */  lw      $a0, 0x0024($sp)           
/* 00B78 808D11F8 4600203C */  c.lt.s  $f4, $f0                   
/* 00B7C 808D11FC 00000000 */  nop
/* 00B80 808D1200 45020007 */  bc1fl   .L808D1220                 
/* 00B84 808D1204 44803000 */  mtc1    $zero, $f6                 ## $f6 = 0.00
/* 00B88 808D1208 0C04DE2E */  jal     func_801378B8              
/* 00B8C 808D120C 3C0541A8 */  lui     $a1, 0x41A8                ## $a1 = 41A80000
/* 00B90 808D1210 1440000B */  bne     $v0, $zero, .L808D1240     
/* 00B94 808D1214 00000000 */  nop
/* 00B98 808D1218 C6000160 */  lwc1    $f0, 0x0160($s0)           ## 00000160
/* 00B9C 808D121C 44803000 */  mtc1    $zero, $f6                 ## $f6 = 0.00
.L808D1220:
/* 00BA0 808D1220 8FA40024 */  lw      $a0, 0x0024($sp)           
/* 00BA4 808D1224 4606003C */  c.lt.s  $f0, $f6                   
/* 00BA8 808D1228 00000000 */  nop
/* 00BAC 808D122C 45020014 */  bc1fl   .L808D1280                 
/* 00BB0 808D1230 3C0140E0 */  lui     $at, 0x40E0                ## $at = 40E00000
/* 00BB4 808D1234 0C04DE2E */  jal     func_801378B8              
/* 00BB8 808D1238 3C0540C0 */  lui     $a1, 0x40C0                ## $a1 = 40C00000
/* 00BBC 808D123C 1040000F */  beq     $v0, $zero, .L808D127C     
.L808D1240:
/* 00BC0 808D1240 3C01808D */  lui     $at, %hi(D_808D3984)       ## $at = 808D0000
/* 00BC4 808D1244 C4283984 */  lwc1    $f8, %lo(D_808D3984)($at)  
/* 00BC8 808D1248 C60A0058 */  lwc1    $f10, 0x0058($s0)          ## 00000058
/* 00BCC 808D124C 24053894 */  addiu   $a1, $zero, 0x3894         ## $a1 = 00003894
/* 00BD0 808D1250 02002025 */  or      $a0, $s0, $zero            ## $a0 = 00000000
/* 00BD4 808D1254 460A403C */  c.lt.s  $f8, $f10                  
/* 00BD8 808D1258 00000000 */  nop
/* 00BDC 808D125C 45000005 */  bc1f    .L808D1274                 
/* 00BE0 808D1260 00000000 */  nop
/* 00BE4 808D1264 0C02E3B2 */  jal     func_800B8EC8              
/* 00BE8 808D1268 02002025 */  or      $a0, $s0, $zero            ## $a0 = 00000000
/* 00BEC 808D126C 10000004 */  beq     $zero, $zero, .L808D1280   
/* 00BF0 808D1270 3C0140E0 */  lui     $at, 0x40E0                ## $at = 40E00000
.L808D1274:
/* 00BF4 808D1274 0C02E3B2 */  jal     func_800B8EC8              
/* 00BF8 808D1278 24053931 */  addiu   $a1, $zero, 0x3931         ## $a1 = 00003931
.L808D127C:
/* 00BFC 808D127C 3C0140E0 */  lui     $at, 0x40E0                ## $at = 40E00000
.L808D1280:
/* 00C00 808D1280 C600015C */  lwc1    $f0, 0x015C($s0)           ## 0000015C
/* 00C04 808D1284 44818000 */  mtc1    $at, $f16                  ## $f16 = 7.00
/* 00C08 808D1288 3C0141B0 */  lui     $at, 0x41B0                ## $at = 41B00000
/* 00C0C 808D128C 4600803E */  c.le.s  $f16, $f0                  
/* 00C10 808D1290 00000000 */  nop
/* 00C14 808D1294 45020036 */  bc1fl   .L808D1370                 
/* 00C18 808D1298 8FBF001C */  lw      $ra, 0x001C($sp)           
/* 00C1C 808D129C 44819000 */  mtc1    $at, $f18                  ## $f18 = 22.00
/* 00C20 808D12A0 00000000 */  nop
/* 00C24 808D12A4 4612003C */  c.lt.s  $f0, $f18                  
/* 00C28 808D12A8 00000000 */  nop
/* 00C2C 808D12AC 45020030 */  bc1fl   .L808D1370                 
/* 00C30 808D12B0 8FBF001C */  lw      $ra, 0x001C($sp)           
/* 00C34 808D12B4 860400BE */  lh      $a0, 0x00BE($s0)           ## 000000BE
/* 00C38 808D12B8 24844268 */  addiu   $a0, $a0, 0x4268           ## $a0 = 00004268
/* 00C3C 808D12BC 00042400 */  sll     $a0, $a0, 16               
/* 00C40 808D12C0 0C03FB61 */  jal     func_800FED84              
/* 00C44 808D12C4 00042403 */  sra     $a0, $a0, 16               
/* 00C48 808D12C8 E7A00030 */  swc1    $f0, 0x0030($sp)           
/* 00C4C 808D12CC 860400BE */  lh      $a0, 0x00BE($s0)           ## 000000BE
/* 00C50 808D12D0 24844268 */  addiu   $a0, $a0, 0x4268           ## $a0 = 00004268
/* 00C54 808D12D4 00042400 */  sll     $a0, $a0, 16               
/* 00C58 808D12D8 0C03FB51 */  jal     func_800FED44              
/* 00C5C 808D12DC 00042403 */  sra     $a0, $a0, 16               
/* 00C60 808D12E0 E7A0002C */  swc1    $f0, 0x002C($sp)           
/* 00C64 808D12E4 860E00BE */  lh      $t6, 0x00BE($s0)           ## 000000BE
/* 00C68 808D12E8 860F0190 */  lh      $t7, 0x0190($s0)           ## 00000190
/* 00C6C 808D12EC 01CFC021 */  addu    $t8, $t6, $t7              
/* 00C70 808D12F0 A61800BE */  sh      $t8, 0x00BE($s0)           ## 000000BE
/* 00C74 808D12F4 860400BE */  lh      $a0, 0x00BE($s0)           ## 000000BE
/* 00C78 808D12F8 24844268 */  addiu   $a0, $a0, 0x4268           ## $a0 = 00004268
/* 00C7C 808D12FC 00042400 */  sll     $a0, $a0, 16               
/* 00C80 808D1300 0C03FB61 */  jal     func_800FED84              
/* 00C84 808D1304 00042403 */  sra     $a0, $a0, 16               
/* 00C88 808D1308 3C01808D */  lui     $at, %hi(D_808D3988)       ## $at = 808D0000
/* 00C8C 808D130C C4263988 */  lwc1    $f6, %lo(D_808D3988)($at)  
/* 00C90 808D1310 C6040058 */  lwc1    $f4, 0x0058($s0)           ## 00000058
/* 00C94 808D1314 C7AA0030 */  lwc1    $f10, 0x0030($sp)          
/* 00C98 808D1318 860400BE */  lh      $a0, 0x00BE($s0)           ## 000000BE
/* 00C9C 808D131C 46062202 */  mul.s   $f8, $f4, $f6              
/* 00CA0 808D1320 460A0401 */  sub.s   $f16, $f0, $f10            
/* 00CA4 808D1324 C6040024 */  lwc1    $f4, 0x0024($s0)           ## 00000024
/* 00CA8 808D1328 24844268 */  addiu   $a0, $a0, 0x4268           ## $a0 = 00004268
/* 00CAC 808D132C 00042400 */  sll     $a0, $a0, 16               
/* 00CB0 808D1330 00042403 */  sra     $a0, $a0, 16               
/* 00CB4 808D1334 46104482 */  mul.s   $f18, $f8, $f16            
/* 00CB8 808D1338 46122181 */  sub.s   $f6, $f4, $f18             
/* 00CBC 808D133C 0C03FB51 */  jal     func_800FED44              
/* 00CC0 808D1340 E6060024 */  swc1    $f6, 0x0024($s0)           ## 00000024
/* 00CC4 808D1344 3C01808D */  lui     $at, %hi(D_808D398C)       ## $at = 808D0000
/* 00CC8 808D1348 C428398C */  lwc1    $f8, %lo(D_808D398C)($at)  
/* 00CCC 808D134C C60A0058 */  lwc1    $f10, 0x0058($s0)          ## 00000058
/* 00CD0 808D1350 C7A4002C */  lwc1    $f4, 0x002C($sp)           
/* 00CD4 808D1354 46085402 */  mul.s   $f16, $f10, $f8            
/* 00CD8 808D1358 46040481 */  sub.s   $f18, $f0, $f4             
/* 00CDC 808D135C C60A002C */  lwc1    $f10, 0x002C($s0)          ## 0000002C
/* 00CE0 808D1360 46128182 */  mul.s   $f6, $f16, $f18            
/* 00CE4 808D1364 46065201 */  sub.s   $f8, $f10, $f6             
/* 00CE8 808D1368 E608002C */  swc1    $f8, 0x002C($s0)           ## 0000002C
/* 00CEC 808D136C 8FBF001C */  lw      $ra, 0x001C($sp)           
.L808D1370:
/* 00CF0 808D1370 8FB00018 */  lw      $s0, 0x0018($sp)           
/* 00CF4 808D1374 27BD0038 */  addiu   $sp, $sp, 0x0038           ## $sp = 00000000
/* 00CF8 808D1378 03E00008 */  jr      $ra                        
/* 00CFC 808D137C 00000000 */  nop


glabel func_808D1380
/* 00D00 808D1380 27BDFFC8 */  addiu   $sp, $sp, 0xFFC8           ## $sp = FFFFFFC8
/* 00D04 808D1384 AFB00030 */  sw      $s0, 0x0030($sp)           
/* 00D08 808D1388 00808025 */  or      $s0, $a0, $zero            ## $s0 = 00000000
/* 00D0C 808D138C AFBF0034 */  sw      $ra, 0x0034($sp)           
/* 00D10 808D1390 AFA5003C */  sw      $a1, 0x003C($sp)           
/* 00D14 808D1394 3C040601 */  lui     $a0, 0x0601                ## $a0 = 06010000
/* 00D18 808D1398 0C04D1D2 */  jal     func_80134748              
/* 00D1C 808D139C 24849520 */  addiu   $a0, $a0, 0x9520           ## $a0 = 06009520
/* 00D20 808D13A0 44822000 */  mtc1    $v0, $f4                   ## $f4 = 0.00
/* 00D24 808D13A4 3C01C040 */  lui     $at, 0xC040                ## $at = C0400000
/* 00D28 808D13A8 44814000 */  mtc1    $at, $f8                   ## $f8 = -3.00
/* 00D2C 808D13AC 468021A0 */  cvt.s.w $f6, $f4                   
/* 00D30 808D13B0 3C050601 */  lui     $a1, 0x0601                ## $a1 = 06010000
/* 00D34 808D13B4 240E0002 */  addiu   $t6, $zero, 0x0002         ## $t6 = 00000002
/* 00D38 808D13B8 AFAE0014 */  sw      $t6, 0x0014($sp)           
/* 00D3C 808D13BC 24A59520 */  addiu   $a1, $a1, 0x9520           ## $a1 = 06009520
/* 00D40 808D13C0 26040144 */  addiu   $a0, $s0, 0x0144           ## $a0 = 00000144
/* 00D44 808D13C4 E7A60010 */  swc1    $f6, 0x0010($sp)           
/* 00D48 808D13C8 3C064040 */  lui     $a2, 0x4040                ## $a2 = 40400000
/* 00D4C 808D13CC 24070000 */  addiu   $a3, $zero, 0x0000         ## $a3 = 00000000
/* 00D50 808D13D0 0C04DCFA */  jal     func_801373E8              
/* 00D54 808D13D4 E7A80018 */  swc1    $f8, 0x0018($sp)           
/* 00D58 808D13D8 44800000 */  mtc1    $zero, $f0                 ## $f0 = 0.00
/* 00D5C 808D13DC 02002025 */  or      $a0, $s0, $zero            ## $a0 = 00000000
/* 00D60 808D13E0 E6000070 */  swc1    $f0, 0x0070($s0)           ## 00000070
/* 00D64 808D13E4 0C234234 */  jal     func_808D08D0              
/* 00D68 808D13E8 E6000074 */  swc1    $f0, 0x0074($s0)           ## 00000074
/* 00D6C 808D13EC 3C0141A0 */  lui     $at, 0x41A0                ## $at = 41A00000
/* 00D70 808D13F0 44815000 */  mtc1    $at, $f10                  ## $f10 = 20.00
/* 00D74 808D13F4 240F0006 */  addiu   $t7, $zero, 0x0006         ## $t7 = 00000006
/* 00D78 808D13F8 2418012C */  addiu   $t8, $zero, 0x012C         ## $t8 = 0000012C
/* 00D7C 808D13FC 24190064 */  addiu   $t9, $zero, 0x0064         ## $t9 = 00000064
/* 00D80 808D1400 24080001 */  addiu   $t0, $zero, 0x0001         ## $t0 = 00000001
/* 00D84 808D1404 AFA80020 */  sw      $t0, 0x0020($sp)           
/* 00D88 808D1408 AFB9001C */  sw      $t9, 0x001C($sp)           
/* 00D8C 808D140C AFB80018 */  sw      $t8, 0x0018($sp)           
/* 00D90 808D1410 AFAF0010 */  sw      $t7, 0x0010($sp)           
/* 00D94 808D1414 8FA4003C */  lw      $a0, 0x003C($sp)           
/* 00D98 808D1418 02002825 */  or      $a1, $s0, $zero            ## $a1 = 00000000
/* 00D9C 808D141C 26060024 */  addiu   $a2, $s0, 0x0024           ## $a2 = 00000024
/* 00DA0 808D1420 3C074170 */  lui     $a3, 0x4170                ## $a3 = 41700000
/* 00DA4 808D1424 0C02EF6B */  jal     func_800BBDAC              
/* 00DA8 808D1428 E7AA0014 */  swc1    $f10, 0x0014($sp)          
/* 00DAC 808D142C 02002025 */  or      $a0, $s0, $zero            ## $a0 = 00000000
/* 00DB0 808D1430 0C02E3B2 */  jal     func_800B8EC8              
/* 00DB4 808D1434 24053930 */  addiu   $a1, $zero, 0x3930         ## $a1 = 00003930
/* 00DB8 808D1438 3C09808D */  lui     $t1, %hi(func_808D1458)    ## $t1 = 808D0000
/* 00DBC 808D143C 25291458 */  addiu   $t1, $t1, %lo(func_808D1458) ## $t1 = 808D1458
/* 00DC0 808D1440 AE090188 */  sw      $t1, 0x0188($s0)           ## 00000188
/* 00DC4 808D1444 8FBF0034 */  lw      $ra, 0x0034($sp)           
/* 00DC8 808D1448 8FB00030 */  lw      $s0, 0x0030($sp)           
/* 00DCC 808D144C 27BD0038 */  addiu   $sp, $sp, 0x0038           ## $sp = 00000000
/* 00DD0 808D1450 03E00008 */  jr      $ra                        
/* 00DD4 808D1454 00000000 */  nop


glabel func_808D1458
/* 00DD8 808D1458 27BDFFE0 */  addiu   $sp, $sp, 0xFFE0           ## $sp = FFFFFFE0
/* 00DDC 808D145C AFB00018 */  sw      $s0, 0x0018($sp)           
/* 00DE0 808D1460 00808025 */  or      $s0, $a0, $zero            ## $s0 = 00000000
/* 00DE4 808D1464 AFBF001C */  sw      $ra, 0x001C($sp)           
/* 00DE8 808D1468 AFA50024 */  sw      $a1, 0x0024($sp)           
/* 00DEC 808D146C 0C04DB34 */  jal     func_80136CD0              
/* 00DF0 808D1470 26040144 */  addiu   $a0, $s0, 0x0144           ## $a0 = 00000144
/* 00DF4 808D1474 50400004 */  beql    $v0, $zero, .L808D1488     
/* 00DF8 808D1478 3C014120 */  lui     $at, 0x4120                ## $at = 41200000
/* 00DFC 808D147C 0C234587 */  jal     func_808D161C              
/* 00E00 808D1480 02002025 */  or      $a0, $s0, $zero            ## $a0 = 00000000
/* 00E04 808D1484 3C014120 */  lui     $at, 0x4120                ## $at = 41200000
.L808D1488:
/* 00E08 808D1488 44813000 */  mtc1    $at, $f6                   ## $f6 = 10.00
/* 00E0C 808D148C C6040028 */  lwc1    $f4, 0x0028($s0)           ## 00000028
/* 00E10 808D1490 860E00BC */  lh      $t6, 0x00BC($s0)           ## 000000BC
/* 00E14 808D1494 260400BE */  addiu   $a0, $s0, 0x00BE           ## $a0 = 000000BE
/* 00E18 808D1498 46062200 */  add.s   $f8, $f4, $f6              
/* 00E1C 808D149C 25CF0140 */  addiu   $t7, $t6, 0x0140           ## $t7 = 00000140
/* 00E20 808D14A0 A60F00BC */  sh      $t7, 0x00BC($s0)           ## 000000BC
/* 00E24 808D14A4 86050092 */  lh      $a1, 0x0092($s0)           ## 00000092
/* 00E28 808D14A8 E6080028 */  swc1    $f8, 0x0028($s0)           ## 00000028
/* 00E2C 808D14AC 24060003 */  addiu   $a2, $zero, 0x0003         ## $a2 = 00000003
/* 00E30 808D14B0 0C03FFF6 */  jal     func_800FFFD8              
/* 00E34 808D14B4 24070AAA */  addiu   $a3, $zero, 0x0AAA         ## $a3 = 00000AAA
/* 00E38 808D14B8 26040192 */  addiu   $a0, $s0, 0x0192           ## $a0 = 00000192
/* 00E3C 808D14BC 240504B0 */  addiu   $a1, $zero, 0x04B0         ## $a1 = 000004B0
/* 00E40 808D14C0 0C03FBCB */  jal     func_800FEF2C              
/* 00E44 808D14C4 24060064 */  addiu   $a2, $zero, 0x0064         ## $a2 = 00000064
/* 00E48 808D14C8 8FBF001C */  lw      $ra, 0x001C($sp)           
/* 00E4C 808D14CC 8FB00018 */  lw      $s0, 0x0018($sp)           
/* 00E50 808D14D0 27BD0020 */  addiu   $sp, $sp, 0x0020           ## $sp = 00000000
/* 00E54 808D14D4 03E00008 */  jr      $ra                        
/* 00E58 808D14D8 00000000 */  nop


glabel func_808D14DC
/* 00E5C 808D14DC 27BDFFC0 */  addiu   $sp, $sp, 0xFFC0           ## $sp = FFFFFFC0
/* 00E60 808D14E0 AFB00020 */  sw      $s0, 0x0020($sp)           
/* 00E64 808D14E4 00808025 */  or      $s0, $a0, $zero            ## $s0 = 00000000
/* 00E68 808D14E8 AFBF0024 */  sw      $ra, 0x0024($sp)           
/* 00E6C 808D14EC AFA50044 */  sw      $a1, 0x0044($sp)           
/* 00E70 808D14F0 C6040024 */  lwc1    $f4, 0x0024($s0)           ## 00000024
/* 00E74 808D14F4 3C014000 */  lui     $at, 0x4000                ## $at = 40000000
/* 00E78 808D14F8 44815000 */  mtc1    $at, $f10                  ## $f10 = 2.00
/* 00E7C 808D14FC E7A40034 */  swc1    $f4, 0x0034($sp)           
/* 00E80 808D1500 C606002C */  lwc1    $f6, 0x002C($s0)           ## 0000002C
/* 00E84 808D1504 E7A6003C */  swc1    $f6, 0x003C($sp)           
/* 00E88 808D1508 C6080088 */  lwc1    $f8, 0x0088($s0)           ## 00000088
/* 00E8C 808D150C E7AA002C */  swc1    $f10, 0x002C($sp)          
/* 00E90 808D1510 E7A80038 */  swc1    $f8, 0x0038($sp)           
/* 00E94 808D1514 860400BE */  lh      $a0, 0x00BE($s0)           ## 000000BE
/* 00E98 808D1518 24846000 */  addiu   $a0, $a0, 0x6000           ## $a0 = 00006000
/* 00E9C 808D151C 00042400 */  sll     $a0, $a0, 16               
/* 00EA0 808D1520 0C03FB61 */  jal     func_800FED84              
/* 00EA4 808D1524 00042403 */  sra     $a0, $a0, 16               
/* 00EA8 808D1528 3C0140E0 */  lui     $at, 0x40E0                ## $at = 40E00000
/* 00EAC 808D152C 44818000 */  mtc1    $at, $f16                  ## $f16 = 7.00
/* 00EB0 808D1530 00000000 */  nop
/* 00EB4 808D1534 46100482 */  mul.s   $f18, $f0, $f16            
/* 00EB8 808D1538 E7B20028 */  swc1    $f18, 0x0028($sp)          
/* 00EBC 808D153C 860400BE */  lh      $a0, 0x00BE($s0)           ## 000000BE
/* 00EC0 808D1540 24846000 */  addiu   $a0, $a0, 0x6000           ## $a0 = 00006000
/* 00EC4 808D1544 00042400 */  sll     $a0, $a0, 16               
/* 00EC8 808D1548 0C03FB51 */  jal     func_800FED44              
/* 00ECC 808D154C 00042403 */  sra     $a0, $a0, 16               
/* 00ED0 808D1550 3C0140E0 */  lui     $at, 0x40E0                ## $at = 40E00000
/* 00ED4 808D1554 44812000 */  mtc1    $at, $f4                   ## $f4 = 7.00
/* 00ED8 808D1558 3C07801D */  lui     $a3, 0x801D                ## $a3 = 801D0000
/* 00EDC 808D155C 240E01C2 */  addiu   $t6, $zero, 0x01C2         ## $t6 = 000001C2
/* 00EE0 808D1560 46040182 */  mul.s   $f6, $f0, $f4              
/* 00EE4 808D1564 240F0064 */  addiu   $t7, $zero, 0x0064         ## $t7 = 00000064
/* 00EE8 808D1568 AFAF0014 */  sw      $t7, 0x0014($sp)           
/* 00EEC 808D156C AFAE0010 */  sw      $t6, 0x0010($sp)           
/* 00EF0 808D1570 24E715B0 */  addiu   $a3, $a3, 0x15B0           ## $a3 = 801D15B0
/* 00EF4 808D1574 8FA40044 */  lw      $a0, 0x0044($sp)           
/* 00EF8 808D1578 27A50034 */  addiu   $a1, $sp, 0x0034           ## $a1 = FFFFFFF4
/* 00EFC 808D157C E7A60030 */  swc1    $f6, 0x0030($sp)           
/* 00F00 808D1580 0C02C484 */  jal     func_800B1210              
/* 00F04 808D1584 27A60028 */  addiu   $a2, $sp, 0x0028           ## $a2 = FFFFFFE8
/* 00F08 808D1588 860400BE */  lh      $a0, 0x00BE($s0)           ## 000000BE
/* 00F0C 808D158C 2484A000 */  addiu   $a0, $a0, 0xA000           ## $a0 = FFFFA000
/* 00F10 808D1590 00042400 */  sll     $a0, $a0, 16               
/* 00F14 808D1594 0C03FB61 */  jal     func_800FED84              
/* 00F18 808D1598 00042403 */  sra     $a0, $a0, 16               
/* 00F1C 808D159C 3C0140E0 */  lui     $at, 0x40E0                ## $at = 40E00000
/* 00F20 808D15A0 44814000 */  mtc1    $at, $f8                   ## $f8 = 7.00
/* 00F24 808D15A4 00000000 */  nop
/* 00F28 808D15A8 46080282 */  mul.s   $f10, $f0, $f8             
/* 00F2C 808D15AC E7AA0028 */  swc1    $f10, 0x0028($sp)          
/* 00F30 808D15B0 860400BE */  lh      $a0, 0x00BE($s0)           ## 000000BE
/* 00F34 808D15B4 2484A000 */  addiu   $a0, $a0, 0xA000           ## $a0 = FFFFA000
/* 00F38 808D15B8 00042400 */  sll     $a0, $a0, 16               
/* 00F3C 808D15BC 0C03FB51 */  jal     func_800FED44              
/* 00F40 808D15C0 00042403 */  sra     $a0, $a0, 16               
/* 00F44 808D15C4 3C0140E0 */  lui     $at, 0x40E0                ## $at = 40E00000
/* 00F48 808D15C8 44818000 */  mtc1    $at, $f16                  ## $f16 = 7.00
/* 00F4C 808D15CC 3C07801D */  lui     $a3, 0x801D                ## $a3 = 801D0000
/* 00F50 808D15D0 241801C2 */  addiu   $t8, $zero, 0x01C2         ## $t8 = 000001C2
/* 00F54 808D15D4 46100482 */  mul.s   $f18, $f0, $f16            
/* 00F58 808D15D8 24190064 */  addiu   $t9, $zero, 0x0064         ## $t9 = 00000064
/* 00F5C 808D15DC AFB90014 */  sw      $t9, 0x0014($sp)           
/* 00F60 808D15E0 AFB80010 */  sw      $t8, 0x0010($sp)           
/* 00F64 808D15E4 24E715B0 */  addiu   $a3, $a3, 0x15B0           ## $a3 = 801D15B0
/* 00F68 808D15E8 8FA40044 */  lw      $a0, 0x0044($sp)           
/* 00F6C 808D15EC 27A50034 */  addiu   $a1, $sp, 0x0034           ## $a1 = FFFFFFF4
/* 00F70 808D15F0 E7B20030 */  swc1    $f18, 0x0030($sp)          
/* 00F74 808D15F4 0C02C484 */  jal     func_800B1210              
/* 00F78 808D15F8 27A60028 */  addiu   $a2, $sp, 0x0028           ## $a2 = FFFFFFE8
/* 00F7C 808D15FC 02002025 */  or      $a0, $s0, $zero            ## $a0 = 00000000
/* 00F80 808D1600 0C02E404 */  jal     func_800B9010              
/* 00F84 808D1604 24053034 */  addiu   $a1, $zero, 0x3034         ## $a1 = 00003034
/* 00F88 808D1608 8FBF0024 */  lw      $ra, 0x0024($sp)           
/* 00F8C 808D160C 8FB00020 */  lw      $s0, 0x0020($sp)           
/* 00F90 808D1610 27BD0040 */  addiu   $sp, $sp, 0x0040           ## $sp = 00000000
/* 00F94 808D1614 03E00008 */  jr      $ra                        
/* 00F98 808D1618 00000000 */  nop


glabel func_808D161C
/* 00F9C 808D161C 240E0019 */  addiu   $t6, $zero, 0x0019         ## $t6 = 00000019
/* 00FA0 808D1620 A48E018E */  sh      $t6, 0x018E($a0)           ## 0000018E
/* 00FA4 808D1624 3C01808D */  lui     $at, %hi(D_808D3990)       ## $at = 808D0000
/* 00FA8 808D1628 C4243990 */  lwc1    $f4, %lo(D_808D3990)($at)  
/* 00FAC 808D162C 3C013F00 */  lui     $at, 0x3F00                ## $at = 3F000000
/* 00FB0 808D1630 44813000 */  mtc1    $at, $f6                   ## $f6 = 0.50
/* 00FB4 808D1634 3C0F808D */  lui     $t7, %hi(func_808D1650)    ## $t7 = 808D0000
/* 00FB8 808D1638 25EF1650 */  addiu   $t7, $t7, %lo(func_808D1650) ## $t7 = 808D1650
/* 00FBC 808D163C AC8F0188 */  sw      $t7, 0x0188($a0)           ## 00000188
/* 00FC0 808D1640 E4840074 */  swc1    $f4, 0x0074($a0)           ## 00000074
/* 00FC4 808D1644 E4860070 */  swc1    $f6, 0x0070($a0)           ## 00000070
/* 00FC8 808D1648 03E00008 */  jr      $ra                        
/* 00FCC 808D164C 00000000 */  nop


glabel func_808D1650
/* 00FD0 808D1650 27BDFFE0 */  addiu   $sp, $sp, 0xFFE0           ## $sp = FFFFFFE0
/* 00FD4 808D1654 AFB00018 */  sw      $s0, 0x0018($sp)           
/* 00FD8 808D1658 00808025 */  or      $s0, $a0, $zero            ## $s0 = 00000000
/* 00FDC 808D165C AFBF001C */  sw      $ra, 0x001C($sp)           
/* 00FE0 808D1660 AFA50024 */  sw      $a1, 0x0024($sp)           
/* 00FE4 808D1664 8602018E */  lh      $v0, 0x018E($s0)           ## 0000018E
/* 00FE8 808D1668 10400002 */  beq     $v0, $zero, .L808D1674     
/* 00FEC 808D166C 244EFFFF */  addiu   $t6, $v0, 0xFFFF           ## $t6 = FFFFFFFF
/* 00FF0 808D1670 A60E018E */  sh      $t6, 0x018E($s0)           ## 0000018E
.L808D1674:
/* 00FF4 808D1674 C6000070 */  lwc1    $f0, 0x0070($s0)           ## 00000070
/* 00FF8 808D1678 3C01808D */  lui     $at, %hi(D_808D3994)       ## $at = 808D0000
/* 00FFC 808D167C C4263994 */  lwc1    $f6, %lo(D_808D3994)($at)  
/* 01000 808D1680 46000102 */  mul.s   $f4, $f0, $f0              
/* 01004 808D1684 26040070 */  addiu   $a0, $s0, 0x0070           ## $a0 = 00000070
/* 01008 808D1688 3C054170 */  lui     $a1, 0x4170                ## $a1 = 41700000
/* 0100C 808D168C 46062202 */  mul.s   $f8, $f4, $f6              
/* 01010 808D1690 44064000 */  mfc1    $a2, $f8                   
/* 01014 808D1694 0C03FC0F */  jal     func_800FF03C              
/* 01018 808D1698 00000000 */  nop
/* 0101C 808D169C 260400BC */  addiu   $a0, $s0, 0x00BC           ## $a0 = 000000BC
/* 01020 808D16A0 2405E980 */  addiu   $a1, $zero, 0xE980         ## $a1 = FFFFE980
/* 01024 808D16A4 0C03FB9C */  jal     func_800FEE70              
/* 01028 808D16A8 24060140 */  addiu   $a2, $zero, 0x0140         ## $a2 = 00000140
/* 0102C 808D16AC C6020088 */  lwc1    $f2, 0x0088($s0)           ## 00000088
/* 01030 808D16B0 C60A0028 */  lwc1    $f10, 0x0028($s0)          ## 00000028
/* 01034 808D16B4 3C014120 */  lui     $at, 0x4120                ## $at = 41200000
/* 01038 808D16B8 44817000 */  mtc1    $at, $f14                  ## $f14 = 10.00
/* 0103C 808D16BC 46025001 */  sub.s   $f0, $f10, $f2             
/* 01040 808D16C0 3C014140 */  lui     $at, 0x4140                ## $at = 41400000
/* 01044 808D16C4 44819000 */  mtc1    $at, $f18                  ## $f18 = 12.00
/* 01048 808D16C8 02002025 */  or      $a0, $s0, $zero            ## $a0 = 00000000
/* 0104C 808D16CC 460E003C */  c.lt.s  $f0, $f14                  
/* 01050 808D16D0 00000000 */  nop
/* 01054 808D16D4 45020007 */  bc1fl   .L808D16F4                 
/* 01058 808D16D8 4612003C */  c.lt.s  $f0, $f18                  
/* 0105C 808D16DC 460E1400 */  add.s   $f16, $f2, $f14            
/* 01060 808D16E0 44806000 */  mtc1    $zero, $f12                ## $f12 = 0.00
/* 01064 808D16E4 E6100028 */  swc1    $f16, 0x0028($s0)          ## 00000028
/* 01068 808D16E8 E60C0074 */  swc1    $f12, 0x0074($s0)          ## 00000074
/* 0106C 808D16EC E60C0068 */  swc1    $f12, 0x0068($s0)          ## 00000068
/* 01070 808D16F0 4612003C */  c.lt.s  $f0, $f18                  
.L808D16F4:
/* 01074 808D16F4 00000000 */  nop
/* 01078 808D16F8 45020004 */  bc1fl   .L808D170C                 
/* 0107C 808D16FC 960F0090 */  lhu     $t7, 0x0090($s0)           ## 00000090
/* 01080 808D1700 0C234537 */  jal     func_808D14DC              
/* 01084 808D1704 8FA50024 */  lw      $a1, 0x0024($sp)           
/* 01088 808D1708 960F0090 */  lhu     $t7, 0x0090($s0)           ## 00000090
.L808D170C:
/* 0108C 808D170C 31F80008 */  andi    $t8, $t7, 0x0008           ## $t8 = 00000000
/* 01090 808D1710 17000004 */  bne     $t8, $zero, .L808D1724     
/* 01094 808D1714 00000000 */  nop
/* 01098 808D1718 8619018E */  lh      $t9, 0x018E($s0)           ## 0000018E
/* 0109C 808D171C 57200004 */  bnel    $t9, $zero, .L808D1730     
/* 010A0 808D1720 8FBF001C */  lw      $ra, 0x001C($sp)           
.L808D1724:
/* 010A4 808D1724 0C2345D0 */  jal     func_808D1740              
/* 010A8 808D1728 02002025 */  or      $a0, $s0, $zero            ## $a0 = 00000000
/* 010AC 808D172C 8FBF001C */  lw      $ra, 0x001C($sp)           
.L808D1730:
/* 010B0 808D1730 8FB00018 */  lw      $s0, 0x0018($sp)           
/* 010B4 808D1734 27BD0020 */  addiu   $sp, $sp, 0x0020           ## $sp = 00000000
/* 010B8 808D1738 03E00008 */  jr      $ra                        
/* 010BC 808D173C 00000000 */  nop


glabel func_808D1740
/* 010C0 808D1740 27BDFFD0 */  addiu   $sp, $sp, 0xFFD0           ## $sp = FFFFFFD0
/* 010C4 808D1744 AFB00028 */  sw      $s0, 0x0028($sp)           
/* 010C8 808D1748 00808025 */  or      $s0, $a0, $zero            ## $s0 = 00000000
/* 010CC 808D174C AFBF002C */  sw      $ra, 0x002C($sp)           
/* 010D0 808D1750 3C014228 */  lui     $at, 0x4228                ## $at = 42280000
/* 010D4 808D1754 44812000 */  mtc1    $at, $f4                   ## $f4 = 42.00
/* 010D8 808D1758 3C0140A0 */  lui     $at, 0x40A0                ## $at = 40A00000
/* 010DC 808D175C 44813000 */  mtc1    $at, $f6                   ## $f6 = 5.00
/* 010E0 808D1760 3C050600 */  lui     $a1, 0x0600                ## $a1 = 06000000
/* 010E4 808D1764 240E0002 */  addiu   $t6, $zero, 0x0002         ## $t6 = 00000002
/* 010E8 808D1768 AFAE0014 */  sw      $t6, 0x0014($sp)           
/* 010EC 808D176C 24A519CC */  addiu   $a1, $a1, 0x19CC           ## $a1 = 060019CC
/* 010F0 808D1770 26040144 */  addiu   $a0, $s0, 0x0144           ## $a0 = 00000144
/* 010F4 808D1774 3C063F80 */  lui     $a2, 0x3F80                ## $a2 = 3F800000
/* 010F8 808D1778 3C074224 */  lui     $a3, 0x4224                ## $a3 = 42240000
/* 010FC 808D177C E7A40010 */  swc1    $f4, 0x0010($sp)           
/* 01100 808D1780 0C04DCFA */  jal     func_801373E8              
/* 01104 808D1784 E7A60018 */  swc1    $f6, 0x0018($sp)           
/* 01108 808D1788 C6080070 */  lwc1    $f8, 0x0070($s0)           ## 00000070
/* 0110C 808D178C 44805000 */  mtc1    $zero, $f10                ## $f10 = 0.00
/* 01110 808D1790 3C01BF80 */  lui     $at, 0xBF80                ## $at = BF800000
/* 01114 808D1794 44818000 */  mtc1    $at, $f16                  ## $f16 = -1.00
/* 01118 808D1798 460A403C */  c.lt.s  $f8, $f10                  
/* 0111C 808D179C 3C09808D */  lui     $t1, %hi(func_808D17EC)    ## $t1 = 808D0000
/* 01120 808D17A0 2419001E */  addiu   $t9, $zero, 0x001E         ## $t9 = 0000001E
/* 01124 808D17A4 252917EC */  addiu   $t1, $t1, %lo(func_808D17EC) ## $t1 = 808D17EC
/* 01128 808D17A8 45010006 */  bc1t    .L808D17C4                 
/* 0112C 808D17AC 00000000 */  nop
/* 01130 808D17B0 8E180188 */  lw      $t8, 0x0188($s0)           ## 00000188
/* 01134 808D17B4 3C0F808D */  lui     $t7, %hi(func_808D1650)    ## $t7 = 808D0000
/* 01138 808D17B8 25EF1650 */  addiu   $t7, $t7, %lo(func_808D1650) ## $t7 = 808D1650
/* 0113C 808D17BC 11F80003 */  beq     $t7, $t8, .L808D17CC       
/* 01140 808D17C0 2408002D */  addiu   $t0, $zero, 0x002D         ## $t0 = 0000002D
.L808D17C4:
/* 01144 808D17C4 10000002 */  beq     $zero, $zero, .L808D17D0   
/* 01148 808D17C8 A619018E */  sh      $t9, 0x018E($s0)           ## 0000018E
.L808D17CC:
/* 0114C 808D17CC A608018E */  sh      $t0, 0x018E($s0)           ## 0000018E
.L808D17D0:
/* 01150 808D17D0 E6100074 */  swc1    $f16, 0x0074($s0)          ## 00000074
/* 01154 808D17D4 AE090188 */  sw      $t1, 0x0188($s0)           ## 00000188
/* 01158 808D17D8 8FBF002C */  lw      $ra, 0x002C($sp)           
/* 0115C 808D17DC 8FB00028 */  lw      $s0, 0x0028($sp)           
/* 01160 808D17E0 27BD0030 */  addiu   $sp, $sp, 0x0030           ## $sp = 00000000
/* 01164 808D17E4 03E00008 */  jr      $ra                        
/* 01168 808D17E8 00000000 */  nop


glabel func_808D17EC
/* 0116C 808D17EC 27BDFFD8 */  addiu   $sp, $sp, 0xFFD8           ## $sp = FFFFFFD8
/* 01170 808D17F0 AFB00018 */  sw      $s0, 0x0018($sp)           
/* 01174 808D17F4 00808025 */  or      $s0, $a0, $zero            ## $s0 = 00000000
/* 01178 808D17F8 AFBF001C */  sw      $ra, 0x001C($sp)           
/* 0117C 808D17FC AFA5002C */  sw      $a1, 0x002C($sp)           
/* 01180 808D1800 96020090 */  lhu     $v0, 0x0090($s0)           ## 00000090
/* 01184 808D1804 304E0001 */  andi    $t6, $v0, 0x0001           ## $t6 = 00000000
/* 01188 808D1808 304F0002 */  andi    $t7, $v0, 0x0002           ## $t7 = 00000000
/* 0118C 808D180C 11E0001D */  beq     $t7, $zero, .L808D1884     
/* 01190 808D1810 AFAE0024 */  sw      $t6, 0x0024($sp)           
/* 01194 808D1814 8618001C */  lh      $t8, 0x001C($s0)           ## 0000001C
/* 01198 808D1818 24010040 */  addiu   $at, $zero, 0x0040         ## $at = 00000040
/* 0119C 808D181C 53010004 */  beql    $t8, $at, .L808D1830       
/* 011A0 808D1820 3C01C080 */  lui     $at, 0xC080                ## $at = C0800000
/* 011A4 808D1824 0C234242 */  jal     func_808D0908              
/* 011A8 808D1828 02002025 */  or      $a0, $s0, $zero            ## $a0 = 00000000
/* 011AC 808D182C 3C01C080 */  lui     $at, 0xC080                ## $at = C0800000
.L808D1830:
/* 011B0 808D1830 44813000 */  mtc1    $at, $f6                   ## $f6 = -4.00
/* 011B4 808D1834 C6040068 */  lwc1    $f4, 0x0068($s0)           ## 00000068
/* 011B8 808D1838 3C01808D */  lui     $at, %hi(D_808D3998)       ## $at = 808D0000
/* 011BC 808D183C 4606203C */  c.lt.s  $f4, $f6                   
/* 011C0 808D1840 00000000 */  nop
/* 011C4 808D1844 45020010 */  bc1fl   .L808D1888                 
/* 011C8 808D1848 96190090 */  lhu     $t9, 0x0090($s0)           ## 00000090
/* 011CC 808D184C C4283998 */  lwc1    $f8, %lo(D_808D3998)($at)  
/* 011D0 808D1850 C60A0058 */  lwc1    $f10, 0x0058($s0)          ## 00000058
/* 011D4 808D1854 24053893 */  addiu   $a1, $zero, 0x3893         ## $a1 = 00003893
/* 011D8 808D1858 02002025 */  or      $a0, $s0, $zero            ## $a0 = 00000000
/* 011DC 808D185C 460A403C */  c.lt.s  $f8, $f10                  
/* 011E0 808D1860 00000000 */  nop
/* 011E4 808D1864 45000005 */  bc1f    .L808D187C                 
/* 011E8 808D1868 00000000 */  nop
/* 011EC 808D186C 0C02E3B2 */  jal     func_800B8EC8              
/* 011F0 808D1870 02002025 */  or      $a0, $s0, $zero            ## $a0 = 00000000
/* 011F4 808D1874 10000004 */  beq     $zero, $zero, .L808D1888   
/* 011F8 808D1878 96190090 */  lhu     $t9, 0x0090($s0)           ## 00000090
.L808D187C:
/* 011FC 808D187C 0C02E3B2 */  jal     func_800B8EC8              
/* 01200 808D1880 24053937 */  addiu   $a1, $zero, 0x3937         ## $a1 = 00003937
.L808D1884:
/* 01204 808D1884 96190090 */  lhu     $t9, 0x0090($s0)           ## 00000090
.L808D1888:
/* 01208 808D1888 26040070 */  addiu   $a0, $s0, 0x0070           ## $a0 = 00000070
/* 0120C 808D188C 24050000 */  addiu   $a1, $zero, 0x0000         ## $a1 = 00000000
/* 01210 808D1890 33280008 */  andi    $t0, $t9, 0x0008           ## $t0 = 00000000
/* 01214 808D1894 51000005 */  beql    $t0, $zero, .L808D18AC     
/* 01218 808D1898 8FA90024 */  lw      $t1, 0x0024($sp)           
/* 0121C 808D189C 44808000 */  mtc1    $zero, $f16                ## $f16 = 0.00
/* 01220 808D18A0 00000000 */  nop
/* 01224 808D18A4 E6100070 */  swc1    $f16, 0x0070($s0)          ## 00000070
/* 01228 808D18A8 8FA90024 */  lw      $t1, 0x0024($sp)           
.L808D18AC:
/* 0122C 808D18AC 51200004 */  beql    $t1, $zero, .L808D18C0     
/* 01230 808D18B0 44809000 */  mtc1    $zero, $f18                ## $f18 = 0.00
/* 01234 808D18B4 0C03FC0F */  jal     func_800FF03C              
/* 01238 808D18B8 3C064000 */  lui     $a2, 0x4000                ## $a2 = 40000000
/* 0123C 808D18BC 44809000 */  mtc1    $zero, $f18                ## $f18 = 0.00
.L808D18C0:
/* 01240 808D18C0 C6040070 */  lwc1    $f4, 0x0070($s0)           ## 00000070
/* 01244 808D18C4 4604903C */  c.lt.s  $f18, $f4                  
/* 01248 808D18C8 00000000 */  nop
/* 0124C 808D18CC 4500000D */  bc1f    .L808D1904                 
/* 01250 808D18D0 00000000 */  nop
/* 01254 808D18D4 C6060028 */  lwc1    $f6, 0x0028($s0)           ## 00000028
/* 01258 808D18D8 C6080088 */  lwc1    $f8, 0x0088($s0)           ## 00000088
/* 0125C 808D18DC 3C014140 */  lui     $at, 0x4140                ## $at = 41400000
/* 01260 808D18E0 44818000 */  mtc1    $at, $f16                  ## $f16 = 12.00
/* 01264 808D18E4 46083281 */  sub.s   $f10, $f6, $f8             
/* 01268 808D18E8 02002025 */  or      $a0, $s0, $zero            ## $a0 = 00000000
/* 0126C 808D18EC 4610503C */  c.lt.s  $f10, $f16                 
/* 01270 808D18F0 00000000 */  nop
/* 01274 808D18F4 45000003 */  bc1f    .L808D1904                 
/* 01278 808D18F8 00000000 */  nop
/* 0127C 808D18FC 0C234537 */  jal     func_808D14DC              
/* 01280 808D1900 8FA5002C */  lw      $a1, 0x002C($sp)           
.L808D1904:
/* 01284 808D1904 0C04DB34 */  jal     func_80136CD0              
/* 01288 808D1908 26040144 */  addiu   $a0, $s0, 0x0144           ## $a0 = 00000144
/* 0128C 808D190C 50400025 */  beql    $v0, $zero, .L808D19A4     
/* 01290 808D1910 260400BC */  addiu   $a0, $s0, 0x00BC           ## $a0 = 000000BC
/* 01294 808D1914 8602018E */  lh      $v0, 0x018E($s0)           ## 0000018E
/* 01298 808D1918 10400003 */  beq     $v0, $zero, .L808D1928     
/* 0129C 808D191C 244AFFFF */  addiu   $t2, $v0, 0xFFFF           ## $t2 = FFFFFFFF
/* 012A0 808D1920 A60A018E */  sh      $t2, 0x018E($s0)           ## 0000018E
/* 012A4 808D1924 8602018E */  lh      $v0, 0x018E($s0)           ## 0000018E
.L808D1928:
/* 012A8 808D1928 1440001D */  bne     $v0, $zero, .L808D19A0     
/* 012AC 808D192C 8FAB0024 */  lw      $t3, 0x0024($sp)           
/* 012B0 808D1930 1160001B */  beq     $t3, $zero, .L808D19A0     
/* 012B4 808D1934 3C014234 */  lui     $at, 0x4234                ## $at = 42340000
/* 012B8 808D1938 C6120154 */  lwc1    $f18, 0x0154($s0)          ## 00000154
/* 012BC 808D193C 44812000 */  mtc1    $at, $f4                   ## $f4 = 45.00
/* 012C0 808D1940 3C040600 */  lui     $a0, 0x0600                ## $a0 = 06000000
/* 012C4 808D1944 4604903C */  c.lt.s  $f18, $f4                  
/* 012C8 808D1948 00000000 */  nop
/* 012CC 808D194C 45020009 */  bc1fl   .L808D1974                 
/* 012D0 808D1950 860C001C */  lh      $t4, 0x001C($s0)           ## 0000001C
/* 012D4 808D1954 0C04D1D2 */  jal     func_80134748              
/* 012D8 808D1958 248419CC */  addiu   $a0, $a0, 0x19CC           ## $a0 = 060019CC
/* 012DC 808D195C 44823000 */  mtc1    $v0, $f6                   ## $f6 = 0.00
/* 012E0 808D1960 00000000 */  nop
/* 012E4 808D1964 46803220 */  cvt.s.w $f8, $f6                   
/* 012E8 808D1968 1000000D */  beq     $zero, $zero, .L808D19A0   
/* 012EC 808D196C E6080154 */  swc1    $f8, 0x0154($s0)           ## 00000154
/* 012F0 808D1970 860C001C */  lh      $t4, 0x001C($s0)           ## 0000001C
.L808D1974:
/* 012F4 808D1974 24010040 */  addiu   $at, $zero, 0x0040         ## $at = 00000040
/* 012F8 808D1978 15810005 */  bne     $t4, $at, .L808D1990       
/* 012FC 808D197C 00000000 */  nop
/* 01300 808D1980 0C2349C0 */  jal     func_808D2700              
/* 01304 808D1984 02002025 */  or      $a0, $s0, $zero            ## $a0 = 00000000
/* 01308 808D1988 10000006 */  beq     $zero, $zero, .L808D19A4   
/* 0130C 808D198C 260400BC */  addiu   $a0, $s0, 0x00BC           ## $a0 = 000000BC
.L808D1990:
/* 01310 808D1990 0C234305 */  jal     func_808D0C14              
/* 01314 808D1994 02002025 */  or      $a0, $s0, $zero            ## $a0 = 00000000
/* 01318 808D1998 240D0032 */  addiu   $t5, $zero, 0x0032         ## $t5 = 00000032
/* 0131C 808D199C A60D0194 */  sh      $t5, 0x0194($s0)           ## 00000194
.L808D19A0:
/* 01320 808D19A0 260400BC */  addiu   $a0, $s0, 0x00BC           ## $a0 = 000000BC
.L808D19A4:
/* 01324 808D19A4 00002825 */  or      $a1, $zero, $zero          ## $a1 = 00000000
/* 01328 808D19A8 0C03FB9C */  jal     func_800FEE70              
/* 0132C 808D19AC 24060140 */  addiu   $a2, $zero, 0x0140         ## $a2 = 00000140
/* 01330 808D19B0 26040192 */  addiu   $a0, $s0, 0x0192           ## $a0 = 00000192
/* 01334 808D19B4 2405F9C0 */  addiu   $a1, $zero, 0xF9C0         ## $a1 = FFFFF9C0
/* 01338 808D19B8 0C03FBCB */  jal     func_800FEF2C              
/* 0133C 808D19BC 24060064 */  addiu   $a2, $zero, 0x0064         ## $a2 = 00000064
/* 01340 808D19C0 8FBF001C */  lw      $ra, 0x001C($sp)           
/* 01344 808D19C4 8FB00018 */  lw      $s0, 0x0018($sp)           
/* 01348 808D19C8 27BD0028 */  addiu   $sp, $sp, 0x0028           ## $sp = 00000000
/* 0134C 808D19CC 03E00008 */  jr      $ra                        
/* 01350 808D19D0 00000000 */  nop


glabel func_808D19D4
/* 01354 808D19D4 27BDFFD0 */  addiu   $sp, $sp, 0xFFD0           ## $sp = FFFFFFD0
/* 01358 808D19D8 AFB00028 */  sw      $s0, 0x0028($sp)           
/* 0135C 808D19DC 00808025 */  or      $s0, $a0, $zero            ## $s0 = 00000000
/* 01360 808D19E0 AFBF002C */  sw      $ra, 0x002C($sp)           
/* 01364 808D19E4 44802000 */  mtc1    $zero, $f4                 ## $f4 = 0.00
/* 01368 808D19E8 3C053B83 */  lui     $a1, 0x3B83                ## $a1 = 3B830000
/* 0136C 808D19EC A200011C */  sb      $zero, 0x011C($s0)         ## 0000011C
/* 01370 808D19F0 34A5126F */  ori     $a1, $a1, 0x126F           ## $a1 = 3B83126F
/* 01374 808D19F4 02002025 */  or      $a0, $s0, $zero            ## $a0 = 00000000
/* 01378 808D19F8 0C02D9F8 */  jal     func_800B67E0              
/* 0137C 808D19FC E60402C4 */  swc1    $f4, 0x02C4($s0)           ## 000002C4
/* 01380 808D1A00 8E0E0004 */  lw      $t6, 0x0004($s0)           ## 00000004
/* 01384 808D1A04 24010080 */  addiu   $at, $zero, 0x0080         ## $at = 00000080
/* 01388 808D1A08 3C09808D */  lui     $t1, %hi(func_808D3630)    ## $t1 = 808D0000
/* 0138C 808D1A0C 35CF0010 */  ori     $t7, $t6, 0x0010           ## $t7 = 00000010
/* 01390 808D1A10 31F90080 */  andi    $t9, $t7, 0x0080           ## $t9 = 00000000
/* 01394 808D1A14 17210005 */  bne     $t9, $at, .L808D1A2C       
/* 01398 808D1A18 AE0F0004 */  sw      $t7, 0x0004($s0)           ## 00000004
/* 0139C 808D1A1C 3C08808D */  lui     $t0, %hi(func_808D3754)    ## $t0 = 808D0000
/* 013A0 808D1A20 25083754 */  addiu   $t0, $t0, %lo(func_808D3754) ## $t0 = 808D3754
/* 013A4 808D1A24 10000003 */  beq     $zero, $zero, .L808D1A34   
/* 013A8 808D1A28 AE08013C */  sw      $t0, 0x013C($s0)           ## 0000013C
.L808D1A2C:
/* 013AC 808D1A2C 25293630 */  addiu   $t1, $t1, %lo(func_808D3630) ## $t1 = 808D3630
/* 013B0 808D1A30 AE09013C */  sw      $t1, 0x013C($s0)           ## 0000013C
.L808D1A34:
/* 013B4 808D1A34 8E020120 */  lw      $v0, 0x0120($s0)           ## 00000120
/* 013B8 808D1A38 240E0010 */  addiu   $t6, $zero, 0x0010         ## $t6 = 00000010
/* 013BC 808D1A3C 3C040600 */  lui     $a0, 0x0600                ## $a0 = 06000000
/* 013C0 808D1A40 844A00BE */  lh      $t2, 0x00BE($v0)           ## 000000BE
/* 013C4 808D1A44 248419CC */  addiu   $a0, $a0, 0x19CC           ## $a0 = 060019CC
/* 013C8 808D1A48 254B5555 */  addiu   $t3, $t2, 0x5555           ## $t3 = 00005555
/* 013CC 808D1A4C A60B00BE */  sh      $t3, 0x00BE($s0)           ## 000000BE
/* 013D0 808D1A50 8C4D0024 */  lw      $t5, 0x0024($v0)           ## 00000024
/* 013D4 808D1A54 AE0D0024 */  sw      $t5, 0x0024($s0)           ## 00000024
/* 013D8 808D1A58 8C4C0028 */  lw      $t4, 0x0028($v0)           ## 00000028
/* 013DC 808D1A5C AE0C0028 */  sw      $t4, 0x0028($s0)           ## 00000028
/* 013E0 808D1A60 8C4D002C */  lw      $t5, 0x002C($v0)           ## 0000002C
/* 013E4 808D1A64 A60E001C */  sh      $t6, 0x001C($s0)           ## 0000001C
/* 013E8 808D1A68 0C04D1D2 */  jal     func_80134748              
/* 013EC 808D1A6C AE0D002C */  sw      $t5, 0x002C($s0)           ## 0000002C
/* 013F0 808D1A70 44823000 */  mtc1    $v0, $f6                   ## $f6 = 0.00
/* 013F4 808D1A74 44805000 */  mtc1    $zero, $f10                ## $f10 = 0.00
/* 013F8 808D1A78 3C050600 */  lui     $a1, 0x0600                ## $a1 = 06000000
/* 013FC 808D1A7C 46803220 */  cvt.s.w $f8, $f6                   
/* 01400 808D1A80 240F0002 */  addiu   $t7, $zero, 0x0002         ## $t7 = 00000002
/* 01404 808D1A84 AFAF0014 */  sw      $t7, 0x0014($sp)           
/* 01408 808D1A88 24A519CC */  addiu   $a1, $a1, 0x19CC           ## $a1 = 060019CC
/* 0140C 808D1A8C 26040144 */  addiu   $a0, $s0, 0x0144           ## $a0 = 00000144
/* 01410 808D1A90 3C063F80 */  lui     $a2, 0x3F80                ## $a2 = 3F800000
/* 01414 808D1A94 E7A80010 */  swc1    $f8, 0x0010($sp)           
/* 01418 808D1A98 3C074224 */  lui     $a3, 0x4224                ## $a3 = 42240000
/* 0141C 808D1A9C 0C04DCFA */  jal     func_801373E8              
/* 01420 808D1AA0 E7AA0018 */  swc1    $f10, 0x0018($sp)          
/* 01424 808D1AA4 3C02808D */  lui     $v0, %hi(D_808D38A0)       ## $v0 = 808D0000
/* 01428 808D1AA8 244238A0 */  addiu   $v0, $v0, %lo(D_808D38A0)  ## $v0 = 808D38A0
/* 0142C 808D1AAC 84580020 */  lh      $t8, 0x0020($v0)           ## 808D38C0
/* 01430 808D1AB0 3C01808D */  lui     $at, %hi(D_808D399C)       ## $at = 808D0000
/* 01434 808D1AB4 C420399C */  lwc1    $f0, %lo(D_808D399C)($at)  
/* 01438 808D1AB8 44988000 */  mtc1    $t8, $f16                  ## $f16 = 0.00
/* 0143C 808D1ABC 8E0C0004 */  lw      $t4, 0x0004($s0)           ## 00000004
/* 01440 808D1AC0 2401FBFF */  addiu   $at, $zero, 0xFBFF         ## $at = FFFFFBFF
/* 01444 808D1AC4 468084A0 */  cvt.s.w $f18, $f16                 
/* 01448 808D1AC8 01816824 */  and     $t5, $t4, $at              
/* 0144C 808D1ACC 3C014080 */  lui     $at, 0x4080                ## $at = 40800000
/* 01450 808D1AD0 3C19808D */  lui     $t9, %hi(func_808D1B44)    ## $t9 = 808D0000
/* 01454 808D1AD4 35AF0200 */  ori     $t7, $t5, 0x0200           ## $t7 = 00000200
/* 01458 808D1AD8 24180001 */  addiu   $t8, $zero, 0x0001         ## $t8 = 00000001
/* 0145C 808D1ADC 46009102 */  mul.s   $f4, $f18, $f0             
/* 01460 808D1AE0 27391B44 */  addiu   $t9, $t9, %lo(func_808D1B44) ## $t9 = 808D1B44
/* 01464 808D1AE4 4600218D */  trunc.w.s $f6, $f4                   
/* 01468 808D1AE8 44812000 */  mtc1    $at, $f4                   ## $f4 = 4.00
/* 0146C 808D1AEC 3C0140E0 */  lui     $at, 0x40E0                ## $at = 40E00000
/* 01470 808D1AF0 44083000 */  mfc1    $t0, $f6                   
/* 01474 808D1AF4 44813000 */  mtc1    $at, $f6                   ## $f6 = 7.00
/* 01478 808D1AF8 A6080394 */  sh      $t0, 0x0394($s0)           ## 00000394
/* 0147C 808D1AFC 84490022 */  lh      $t1, 0x0022($v0)           ## 808D38C2
/* 01480 808D1B00 AE0D0004 */  sw      $t5, 0x0004($s0)           ## 00000004
/* 01484 808D1B04 AE0F0004 */  sw      $t7, 0x0004($s0)           ## 00000004
/* 01488 808D1B08 44894000 */  mtc1    $t1, $f8                   ## $f8 = 0.00
/* 0148C 808D1B0C A21800B7 */  sb      $t8, 0x00B7($s0)           ## 000000B7
/* 01490 808D1B10 AE190188 */  sw      $t9, 0x0188($s0)           ## 00000188
/* 01494 808D1B14 468042A0 */  cvt.s.w $f10, $f8                  
/* 01498 808D1B18 E6040070 */  swc1    $f4, 0x0070($s0)           ## 00000070
/* 0149C 808D1B1C E6060068 */  swc1    $f6, 0x0068($s0)           ## 00000068
/* 014A0 808D1B20 46005402 */  mul.s   $f16, $f10, $f0            
/* 014A4 808D1B24 4600848D */  trunc.w.s $f18, $f16                 
/* 014A8 808D1B28 440B9000 */  mfc1    $t3, $f18                  
/* 014AC 808D1B2C 00000000 */  nop
/* 014B0 808D1B30 A60B0396 */  sh      $t3, 0x0396($s0)           ## 00000396
/* 014B4 808D1B34 8FBF002C */  lw      $ra, 0x002C($sp)           
/* 014B8 808D1B38 8FB00028 */  lw      $s0, 0x0028($sp)           
/* 014BC 808D1B3C 03E00008 */  jr      $ra                        
/* 014C0 808D1B40 27BD0030 */  addiu   $sp, $sp, 0x0030           ## $sp = 00000000


glabel func_808D1B44
/* 014C4 808D1B44 27BDFFE0 */  addiu   $sp, $sp, 0xFFE0           ## $sp = FFFFFFE0
/* 014C8 808D1B48 AFB00018 */  sw      $s0, 0x0018($sp)           
/* 014CC 808D1B4C 00808025 */  or      $s0, $a0, $zero            ## $s0 = 00000000
/* 014D0 808D1B50 AFBF001C */  sw      $ra, 0x001C($sp)           
/* 014D4 808D1B54 AFA50024 */  sw      $a1, 0x0024($sp)           
/* 014D8 808D1B58 96030090 */  lhu     $v1, 0x0090($s0)           ## 00000090
/* 014DC 808D1B5C 306E0001 */  andi    $t6, $v1, 0x0001           ## $t6 = 00000000
/* 014E0 808D1B60 51C00011 */  beql    $t6, $zero, .L808D1BA8     
/* 014E4 808D1B64 30680002 */  andi    $t0, $v1, 0x0002           ## $t0 = 00000000
/* 014E8 808D1B68 0C04DB34 */  jal     func_80136CD0              
/* 014EC 808D1B6C 26040144 */  addiu   $a0, $s0, 0x0144           ## $a0 = 00000144
/* 014F0 808D1B70 10400007 */  beq     $v0, $zero, .L808D1B90     
/* 014F4 808D1B74 24190032 */  addiu   $t9, $zero, 0x0032         ## $t9 = 00000032
/* 014F8 808D1B78 8E0F0004 */  lw      $t7, 0x0004($s0)           ## 00000004
/* 014FC 808D1B7C A6190194 */  sh      $t9, 0x0194($s0)           ## 00000194
/* 01500 808D1B80 02002025 */  or      $a0, $s0, $zero            ## $a0 = 00000000
/* 01504 808D1B84 35F80001 */  ori     $t8, $t7, 0x0001           ## $t8 = 00000001
/* 01508 808D1B88 0C234305 */  jal     func_808D0C14              
/* 0150C 808D1B8C AE180004 */  sw      $t8, 0x0004($s0)           ## 00000004
.L808D1B90:
/* 01510 808D1B90 26040070 */  addiu   $a0, $s0, 0x0070           ## $a0 = 00000070
/* 01514 808D1B94 24050000 */  addiu   $a1, $zero, 0x0000         ## $a1 = 00000000
/* 01518 808D1B98 0C03FC0F */  jal     func_800FF03C              
/* 0151C 808D1B9C 3C063F80 */  lui     $a2, 0x3F80                ## $a2 = 3F800000
/* 01520 808D1BA0 96030090 */  lhu     $v1, 0x0090($s0)           ## 00000090
/* 01524 808D1BA4 30680002 */  andi    $t0, $v1, 0x0002           ## $t0 = 00000000
.L808D1BA8:
/* 01528 808D1BA8 11000003 */  beq     $t0, $zero, .L808D1BB8     
/* 0152C 808D1BAC 02002025 */  or      $a0, $s0, $zero            ## $a0 = 00000000
/* 01530 808D1BB0 0C02E3B2 */  jal     func_800B8EC8              
/* 01534 808D1BB4 24053937 */  addiu   $a1, $zero, 0x3937         ## $a1 = 00003937
.L808D1BB8:
/* 01538 808D1BB8 8FBF001C */  lw      $ra, 0x001C($sp)           
/* 0153C 808D1BBC 8FB00018 */  lw      $s0, 0x0018($sp)           
/* 01540 808D1BC0 27BD0020 */  addiu   $sp, $sp, 0x0020           ## $sp = 00000000
/* 01544 808D1BC4 03E00008 */  jr      $ra                        
/* 01548 808D1BC8 00000000 */  nop


glabel func_808D1BCC
/* 0154C 808D1BCC 27BDFFE8 */  addiu   $sp, $sp, 0xFFE8           ## $sp = FFFFFFE8
/* 01550 808D1BD0 AFBF0014 */  sw      $ra, 0x0014($sp)           
/* 01554 808D1BD4 00803825 */  or      $a3, $a0, $zero            ## $a3 = 00000000
/* 01558 808D1BD8 3C050600 */  lui     $a1, 0x0600                ## $a1 = 06000000
/* 0155C 808D1BDC 24A541F4 */  addiu   $a1, $a1, 0x41F4           ## $a1 = 060041F4
/* 01560 808D1BE0 24E40144 */  addiu   $a0, $a3, 0x0144           ## $a0 = 00000144
/* 01564 808D1BE4 3C064090 */  lui     $a2, 0x4090                ## $a2 = 40900000
/* 01568 808D1BE8 0C04DD73 */  jal     func_801375CC              
/* 0156C 808D1BEC AFA70018 */  sw      $a3, 0x0018($sp)           
/* 01570 808D1BF0 8FA70018 */  lw      $a3, 0x0018($sp)           
/* 01574 808D1BF4 3C0140A0 */  lui     $at, 0x40A0                ## $at = 40A00000
/* 01578 808D1BF8 44812000 */  mtc1    $at, $f4                   ## $f4 = 5.00
/* 0157C 808D1BFC 3C0E808D */  lui     $t6, %hi(func_808D1C1C)    ## $t6 = 808D0000
/* 01580 808D1C00 25CE1C1C */  addiu   $t6, $t6, %lo(func_808D1C1C) ## $t6 = 808D1C1C
/* 01584 808D1C04 ACEE0188 */  sw      $t6, 0x0188($a3)           ## 00000188
/* 01588 808D1C08 E4E40070 */  swc1    $f4, 0x0070($a3)           ## 00000070
/* 0158C 808D1C0C 8FBF0014 */  lw      $ra, 0x0014($sp)           
/* 01590 808D1C10 27BD0018 */  addiu   $sp, $sp, 0x0018           ## $sp = 00000000
/* 01594 808D1C14 03E00008 */  jr      $ra                        
/* 01598 808D1C18 00000000 */  nop


glabel func_808D1C1C
/* 0159C 808D1C1C 27BDFFD8 */  addiu   $sp, $sp, 0xFFD8           ## $sp = FFFFFFD8
/* 015A0 808D1C20 AFB00018 */  sw      $s0, 0x0018($sp)           
/* 015A4 808D1C24 00808025 */  or      $s0, $a0, $zero            ## $s0 = 00000000
/* 015A8 808D1C28 AFBF001C */  sw      $ra, 0x001C($sp)           
/* 015AC 808D1C2C AFA5002C */  sw      $a1, 0x002C($sp)           
/* 015B0 808D1C30 26040144 */  addiu   $a0, $s0, 0x0144           ## $a0 = 00000144
/* 015B4 808D1C34 0C04DB34 */  jal     func_80136CD0              
/* 015B8 808D1C38 AFA40024 */  sw      $a0, 0x0024($sp)           
/* 015BC 808D1C3C 86030194 */  lh      $v1, 0x0194($s0)           ## 00000194
/* 015C0 808D1C40 24050000 */  addiu   $a1, $zero, 0x0000         ## $a1 = 00000000
/* 015C4 808D1C44 10600002 */  beq     $v1, $zero, .L808D1C50     
/* 015C8 808D1C48 246EFFFF */  addiu   $t6, $v1, 0xFFFF           ## $t6 = FFFFFFFF
/* 015CC 808D1C4C A60E0194 */  sh      $t6, 0x0194($s0)           ## 00000194
.L808D1C50:
/* 015D0 808D1C50 0C04DE2E */  jal     func_801378B8              
/* 015D4 808D1C54 8FA40024 */  lw      $a0, 0x0024($sp)           
/* 015D8 808D1C58 14400004 */  bne     $v0, $zero, .L808D1C6C     
/* 015DC 808D1C5C 8FA40024 */  lw      $a0, 0x0024($sp)           
/* 015E0 808D1C60 0C04DE2E */  jal     func_801378B8              
/* 015E4 808D1C64 3C054190 */  lui     $a1, 0x4190                ## $a1 = 41900000
/* 015E8 808D1C68 10400003 */  beq     $v0, $zero, .L808D1C78     
.L808D1C6C:
/* 015EC 808D1C6C 02002025 */  or      $a0, $s0, $zero            ## $a0 = 00000000
/* 015F0 808D1C70 0C02E3B2 */  jal     func_800B8EC8              
/* 015F4 808D1C74 24053931 */  addiu   $a1, $zero, 0x3931         ## $a1 = 00003931
.L808D1C78:
/* 015F8 808D1C78 860F0194 */  lh      $t7, 0x0194($s0)           ## 00000194
/* 015FC 808D1C7C 55E00006 */  bnel    $t7, $zero, .L808D1C98     
/* 01600 808D1C80 96180090 */  lhu     $t8, 0x0090($s0)           ## 00000090
/* 01604 808D1C84 0C234743 */  jal     func_808D1D0C              
/* 01608 808D1C88 02002025 */  or      $a0, $s0, $zero            ## $a0 = 00000000
/* 0160C 808D1C8C 1000001B */  beq     $zero, $zero, .L808D1CFC   
/* 01610 808D1C90 8FBF001C */  lw      $ra, 0x001C($sp)           
/* 01614 808D1C94 96180090 */  lhu     $t8, 0x0090($s0)           ## 00000090
.L808D1C98:
/* 01618 808D1C98 3C0142F0 */  lui     $at, 0x42F0                ## $at = 42F00000
/* 0161C 808D1C9C 33190008 */  andi    $t9, $t8, 0x0008           ## $t9 = 00000000
/* 01620 808D1CA0 53200008 */  beql    $t9, $zero, .L808D1CC4     
/* 01624 808D1CA4 C6040098 */  lwc1    $f4, 0x0098($s0)           ## 00000098
/* 01628 808D1CA8 86080086 */  lh      $t0, 0x0086($s0)           ## 00000086
/* 0162C 808D1CAC 02002025 */  or      $a0, $s0, $zero            ## $a0 = 00000000
/* 01630 808D1CB0 0C234423 */  jal     func_808D108C              
/* 01634 808D1CB4 A6080190 */  sh      $t0, 0x0190($s0)           ## 00000190
/* 01638 808D1CB8 10000010 */  beq     $zero, $zero, .L808D1CFC   
/* 0163C 808D1CBC 8FBF001C */  lw      $ra, 0x001C($sp)           
/* 01640 808D1CC0 C6040098 */  lwc1    $f4, 0x0098($s0)           ## 00000098
.L808D1CC4:
/* 01644 808D1CC4 44813000 */  mtc1    $at, $f6                   ## $f6 = 0.00
/* 01648 808D1CC8 260400BE */  addiu   $a0, $s0, 0x00BE           ## $a0 = 000000BE
/* 0164C 808D1CCC 4606203C */  c.lt.s  $f4, $f6                   
/* 01650 808D1CD0 00000000 */  nop
/* 01654 808D1CD4 45020009 */  bc1fl   .L808D1CFC                 
/* 01658 808D1CD8 8FBF001C */  lw      $ra, 0x001C($sp)           
/* 0165C 808D1CDC 86050092 */  lh      $a1, 0x0092($s0)           ## 00000092
/* 01660 808D1CE0 34018000 */  ori     $at, $zero, 0x8000         ## $at = 00008000
/* 01664 808D1CE4 2406038E */  addiu   $a2, $zero, 0x038E         ## $a2 = 0000038E
/* 01668 808D1CE8 00A12821 */  addu    $a1, $a1, $at              
/* 0166C 808D1CEC 00052C00 */  sll     $a1, $a1, 16               
/* 01670 808D1CF0 0C03FB9C */  jal     func_800FEE70              
/* 01674 808D1CF4 00052C03 */  sra     $a1, $a1, 16               
/* 01678 808D1CF8 8FBF001C */  lw      $ra, 0x001C($sp)           
.L808D1CFC:
/* 0167C 808D1CFC 8FB00018 */  lw      $s0, 0x0018($sp)           
/* 01680 808D1D00 27BD0028 */  addiu   $sp, $sp, 0x0028           ## $sp = 00000000
/* 01684 808D1D04 03E00008 */  jr      $ra                        
/* 01688 808D1D08 00000000 */  nop


glabel func_808D1D0C
/* 0168C 808D1D0C 27BDFFE8 */  addiu   $sp, $sp, 0xFFE8           ## $sp = FFFFFFE8
/* 01690 808D1D10 AFBF0014 */  sw      $ra, 0x0014($sp)           
/* 01694 808D1D14 00803825 */  or      $a3, $a0, $zero            ## $a3 = 00000000
/* 01698 808D1D18 8CEF0188 */  lw      $t7, 0x0188($a3)           ## 00000188
/* 0169C 808D1D1C 3C0E808D */  lui     $t6, %hi(func_808D1C1C)    ## $t6 = 808D0000
/* 016A0 808D1D20 25CE1C1C */  addiu   $t6, $t6, %lo(func_808D1C1C) ## $t6 = 808D1C1C
/* 016A4 808D1D24 11CF0007 */  beq     $t6, $t7, .L808D1D44       
/* 016A8 808D1D28 24E40144 */  addiu   $a0, $a3, 0x0144           ## $a0 = 00000144
/* 016AC 808D1D2C 3C050600 */  lui     $a1, 0x0600                ## $a1 = 06000000
/* 016B0 808D1D30 24A541F4 */  addiu   $a1, $a1, 0x41F4           ## $a1 = 060041F4
/* 016B4 808D1D34 3C064090 */  lui     $a2, 0x4090                ## $a2 = 40900000
/* 016B8 808D1D38 0C04DD73 */  jal     func_801375CC              
/* 016BC 808D1D3C AFA70018 */  sw      $a3, 0x0018($sp)           
/* 016C0 808D1D40 8FA70018 */  lw      $a3, 0x0018($sp)           
.L808D1D44:
/* 016C4 808D1D44 3C0140A0 */  lui     $at, 0x40A0                ## $at = 40A00000
/* 016C8 808D1D48 44812000 */  mtc1    $at, $f4                   ## $f4 = 5.00
/* 016CC 808D1D4C 3C18808D */  lui     $t8, %hi(func_808D1D6C)    ## $t8 = 808D0000
/* 016D0 808D1D50 27181D6C */  addiu   $t8, $t8, %lo(func_808D1D6C) ## $t8 = 808D1D6C
/* 016D4 808D1D54 ACF80188 */  sw      $t8, 0x0188($a3)           ## 00000188
/* 016D8 808D1D58 E4E40070 */  swc1    $f4, 0x0070($a3)           ## 00000070
/* 016DC 808D1D5C 8FBF0014 */  lw      $ra, 0x0014($sp)           
/* 016E0 808D1D60 27BD0018 */  addiu   $sp, $sp, 0x0018           ## $sp = 00000000
/* 016E4 808D1D64 03E00008 */  jr      $ra                        
/* 016E8 808D1D68 00000000 */  nop


glabel func_808D1D6C
/* 016EC 808D1D6C 27BDFFD0 */  addiu   $sp, $sp, 0xFFD0           ## $sp = FFFFFFD0
/* 016F0 808D1D70 AFB00018 */  sw      $s0, 0x0018($sp)           
/* 016F4 808D1D74 00808025 */  or      $s0, $a0, $zero            ## $s0 = 00000000
/* 016F8 808D1D78 AFBF001C */  sw      $ra, 0x001C($sp)           
/* 016FC 808D1D7C AFA50034 */  sw      $a1, 0x0034($sp)           
/* 01700 808D1D80 26040144 */  addiu   $a0, $s0, 0x0144           ## $a0 = 00000144
/* 01704 808D1D84 0C04DB34 */  jal     func_80136CD0              
/* 01708 808D1D88 AFA40020 */  sw      $a0, 0x0020($sp)           
/* 0170C 808D1D8C 8FA40020 */  lw      $a0, 0x0020($sp)           
/* 01710 808D1D90 0C04DE2E */  jal     func_801378B8              
/* 01714 808D1D94 24050000 */  addiu   $a1, $zero, 0x0000         ## $a1 = 00000000
/* 01718 808D1D98 14400004 */  bne     $v0, $zero, .L808D1DAC     
/* 0171C 808D1D9C 8FA40020 */  lw      $a0, 0x0020($sp)           
/* 01720 808D1DA0 0C04DE2E */  jal     func_801378B8              
/* 01724 808D1DA4 3C054190 */  lui     $a1, 0x4190                ## $a1 = 41900000
/* 01728 808D1DA8 10400003 */  beq     $v0, $zero, .L808D1DB8     
.L808D1DAC:
/* 0172C 808D1DAC 02002025 */  or      $a0, $s0, $zero            ## $a0 = 00000000
/* 01730 808D1DB0 0C02E3B2 */  jal     func_800B8EC8              
/* 01734 808D1DB4 24053931 */  addiu   $a1, $zero, 0x3931         ## $a1 = 00003931
.L808D1DB8:
/* 01738 808D1DB8 96020090 */  lhu     $v0, 0x0090($s0)           ## 00000090
/* 0173C 808D1DBC 30420008 */  andi    $v0, $v0, 0x0008           ## $v0 = 00000000
/* 01740 808D1DC0 50400008 */  beql    $v0, $zero, .L808D1DE4     
/* 01744 808D1DC4 860F001C */  lh      $t7, 0x001C($s0)           ## 0000001C
/* 01748 808D1DC8 860E0086 */  lh      $t6, 0x0086($s0)           ## 00000086
/* 0174C 808D1DCC 02002025 */  or      $a0, $s0, $zero            ## $a0 = 00000000
/* 01750 808D1DD0 0C234423 */  jal     func_808D108C              
/* 01754 808D1DD4 A60E0190 */  sh      $t6, 0x0190($s0)           ## 00000190
/* 01758 808D1DD8 1000003A */  beq     $zero, $zero, .L808D1EC4   
/* 0175C 808D1DDC 8FBF001C */  lw      $ra, 0x001C($sp)           
/* 01760 808D1DE0 860F001C */  lh      $t7, 0x001C($s0)           ## 0000001C
.L808D1DE4:
/* 01764 808D1DE4 24010020 */  addiu   $at, $zero, 0x0020         ## $at = 00000020
/* 01768 808D1DE8 260400BE */  addiu   $a0, $s0, 0x00BE           ## $a0 = 000000BE
/* 0176C 808D1DEC 15E10028 */  bne     $t7, $at, .L808D1E90       
/* 01770 808D1DF0 24060003 */  addiu   $a2, $zero, 0x0003         ## $a2 = 00000003
/* 01774 808D1DF4 8E020120 */  lw      $v0, 0x0120($s0)           ## 00000120
/* 01778 808D1DF8 24030040 */  addiu   $v1, $zero, 0x0040         ## $v1 = 00000040
/* 0177C 808D1DFC 02002025 */  or      $a0, $s0, $zero            ## $a0 = 00000000
/* 01780 808D1E00 8458001C */  lh      $t8, 0x001C($v0)           ## 0000001C
/* 01784 808D1E04 54780004 */  bnel    $v1, $t8, .L808D1E18       
/* 01788 808D1E08 8E020124 */  lw      $v0, 0x0124($s0)           ## 00000124
/* 0178C 808D1E0C 1000000A */  beq     $zero, $zero, .L808D1E38   
/* 01790 808D1E10 00403825 */  or      $a3, $v0, $zero            ## $a3 = 00000000
/* 01794 808D1E14 8E020124 */  lw      $v0, 0x0124($s0)           ## 00000124
.L808D1E18:
/* 01798 808D1E18 24080010 */  addiu   $t0, $zero, 0x0010         ## $t0 = 00000010
/* 0179C 808D1E1C 8459001C */  lh      $t9, 0x001C($v0)           ## 0000001C
/* 017A0 808D1E20 14790003 */  bne     $v1, $t9, .L808D1E30       
/* 017A4 808D1E24 00000000 */  nop
/* 017A8 808D1E28 10000003 */  beq     $zero, $zero, .L808D1E38   
/* 017AC 808D1E2C 00403825 */  or      $a3, $v0, $zero            ## $a3 = 00000000
.L808D1E30:
/* 017B0 808D1E30 10000023 */  beq     $zero, $zero, .L808D1EC0   
/* 017B4 808D1E34 A608001C */  sh      $t0, 0x001C($s0)           ## 0000001C
.L808D1E38:
/* 017B8 808D1E38 00E02825 */  or      $a1, $a3, $zero            ## $a1 = 00000000
/* 017BC 808D1E3C 0C02DB35 */  jal     func_800B6CD4              
/* 017C0 808D1E40 AFA7002C */  sw      $a3, 0x002C($sp)           
/* 017C4 808D1E44 00022C00 */  sll     $a1, $v0, 16               
/* 017C8 808D1E48 00052C03 */  sra     $a1, $a1, 16               
/* 017CC 808D1E4C 260400BE */  addiu   $a0, $s0, 0x00BE           ## $a0 = 000000BE
/* 017D0 808D1E50 0C03FB9C */  jal     func_800FEE70              
/* 017D4 808D1E54 2406038E */  addiu   $a2, $zero, 0x038E         ## $a2 = 0000038E
/* 017D8 808D1E58 8FA5002C */  lw      $a1, 0x002C($sp)           
/* 017DC 808D1E5C 0C02DB87 */  jal     func_800B6E1C              
/* 017E0 808D1E60 02002025 */  or      $a0, $s0, $zero            ## $a0 = 00000000
/* 017E4 808D1E64 3C0142A0 */  lui     $at, 0x42A0                ## $at = 42A00000
/* 017E8 808D1E68 44812000 */  mtc1    $at, $f4                   ## $f4 = 80.00
/* 017EC 808D1E6C 00000000 */  nop
/* 017F0 808D1E70 4604003C */  c.lt.s  $f0, $f4                   
/* 017F4 808D1E74 00000000 */  nop
/* 017F8 808D1E78 45020012 */  bc1fl   .L808D1EC4                 
/* 017FC 808D1E7C 8FBF001C */  lw      $ra, 0x001C($sp)           
/* 01800 808D1E80 0C234921 */  jal     func_808D2484              
/* 01804 808D1E84 02002025 */  or      $a0, $s0, $zero            ## $a0 = 00000000
/* 01808 808D1E88 1000000E */  beq     $zero, $zero, .L808D1EC4   
/* 0180C 808D1E8C 8FBF001C */  lw      $ra, 0x001C($sp)           
.L808D1E90:
/* 01810 808D1E90 86050092 */  lh      $a1, 0x0092($s0)           ## 00000092
/* 01814 808D1E94 0C03FFF6 */  jal     func_800FFFD8              
/* 01818 808D1E98 2407071C */  addiu   $a3, $zero, 0x071C         ## $a3 = 0000071C
/* 0181C 808D1E9C 3C0142A0 */  lui     $at, 0x42A0                ## $at = 42A00000
/* 01820 808D1EA0 44814000 */  mtc1    $at, $f8                   ## $f8 = 80.00
/* 01824 808D1EA4 C6060098 */  lwc1    $f6, 0x0098($s0)           ## 00000098
/* 01828 808D1EA8 4608303C */  c.lt.s  $f6, $f8                   
/* 0182C 808D1EAC 00000000 */  nop
/* 01830 808D1EB0 45020004 */  bc1fl   .L808D1EC4                 
/* 01834 808D1EB4 8FBF001C */  lw      $ra, 0x001C($sp)           
/* 01838 808D1EB8 0C2347F5 */  jal     func_808D1FD4              
/* 0183C 808D1EBC 02002025 */  or      $a0, $s0, $zero            ## $a0 = 00000000
.L808D1EC0:
/* 01840 808D1EC0 8FBF001C */  lw      $ra, 0x001C($sp)           
.L808D1EC4:
/* 01844 808D1EC4 8FB00018 */  lw      $s0, 0x0018($sp)           
/* 01848 808D1EC8 27BD0030 */  addiu   $sp, $sp, 0x0030           ## $sp = 00000000
/* 0184C 808D1ECC 03E00008 */  jr      $ra                        
/* 01850 808D1ED0 00000000 */  nop


glabel func_808D1ED4
/* 01854 808D1ED4 27BDFFC0 */  addiu   $sp, $sp, 0xFFC0           ## $sp = FFFFFFC0
/* 01858 808D1ED8 AFB00028 */  sw      $s0, 0x0028($sp)           
/* 0185C 808D1EDC 3C06801D */  lui     $a2, 0x801D                ## $a2 = 801D0000
/* 01860 808D1EE0 44800000 */  mtc1    $zero, $f0                 ## $f0 = 0.00
/* 01864 808D1EE4 24C615B0 */  addiu   $a2, $a2, 0x15B0           ## $a2 = 801D15B0
/* 01868 808D1EE8 00808025 */  or      $s0, $a0, $zero            ## $s0 = 00000000
/* 0186C 808D1EEC AFBF002C */  sw      $ra, 0x002C($sp)           
/* 01870 808D1EF0 AFA50044 */  sw      $a1, 0x0044($sp)           
/* 01874 808D1EF4 C6040024 */  lwc1    $f4, 0x0024($s0)           ## 00000024
/* 01878 808D1EF8 E6000070 */  swc1    $f0, 0x0070($s0)           ## 00000070
/* 0187C 808D1EFC E6000068 */  swc1    $f0, 0x0068($s0)           ## 00000068
/* 01880 808D1F00 3C014170 */  lui     $at, 0x4170                ## $at = 41700000
/* 01884 808D1F04 E7A40034 */  swc1    $f4, 0x0034($sp)           
/* 01888 808D1F08 C6060028 */  lwc1    $f6, 0x0028($s0)           ## 00000028
/* 0188C 808D1F0C 44814000 */  mtc1    $at, $f8                   ## $f8 = 15.00
/* 01890 808D1F10 240E0096 */  addiu   $t6, $zero, 0x0096         ## $t6 = 00000096
/* 01894 808D1F14 240FFFF6 */  addiu   $t7, $zero, 0xFFF6         ## $t7 = FFFFFFF6
/* 01898 808D1F18 46083280 */  add.s   $f10, $f6, $f8             
/* 0189C 808D1F1C 24180002 */  addiu   $t8, $zero, 0x0002         ## $t8 = 00000002
/* 018A0 808D1F20 8FA40044 */  lw      $a0, 0x0044($sp)           
/* 018A4 808D1F24 27A50034 */  addiu   $a1, $sp, 0x0034           ## $a1 = FFFFFFF4
/* 018A8 808D1F28 E7AA0038 */  swc1    $f10, 0x0038($sp)          
/* 018AC 808D1F2C C610002C */  lwc1    $f16, 0x002C($s0)          ## 0000002C
/* 018B0 808D1F30 AFB80018 */  sw      $t8, 0x0018($sp)           
/* 018B4 808D1F34 AFAF0014 */  sw      $t7, 0x0014($sp)           
/* 018B8 808D1F38 AFAE0010 */  sw      $t6, 0x0010($sp)           
/* 018BC 808D1F3C 00C03825 */  or      $a3, $a2, $zero            ## $a3 = 801D15B0
/* 018C0 808D1F40 0C02CC0C */  jal     func_800B3030              
/* 018C4 808D1F44 E7B0003C */  swc1    $f16, 0x003C($sp)          
/* 018C8 808D1F48 8FA40044 */  lw      $a0, 0x0044($sp)           
/* 018CC 808D1F4C 26050024 */  addiu   $a1, $s0, 0x0024           ## $a1 = 00000024
/* 018D0 808D1F50 2406000B */  addiu   $a2, $zero, 0x000B         ## $a2 = 0000000B
/* 018D4 808D1F54 0C03C15A */  jal     func_800F0568              
/* 018D8 808D1F58 24073878 */  addiu   $a3, $zero, 0x3878         ## $a3 = 00003878
/* 018DC 808D1F5C 3C19808D */  lui     $t9, %hi(func_808D1F7C)    ## $t9 = 808D0000
/* 018E0 808D1F60 27391F7C */  addiu   $t9, $t9, %lo(func_808D1F7C) ## $t9 = 808D1F7C
/* 018E4 808D1F64 AE190188 */  sw      $t9, 0x0188($s0)           ## 00000188
/* 018E8 808D1F68 8FBF002C */  lw      $ra, 0x002C($sp)           
/* 018EC 808D1F6C 8FB00028 */  lw      $s0, 0x0028($sp)           
/* 018F0 808D1F70 27BD0040 */  addiu   $sp, $sp, 0x0040           ## $sp = 00000000
/* 018F4 808D1F74 03E00008 */  jr      $ra                        
/* 018F8 808D1F78 00000000 */  nop


glabel func_808D1F7C
/* 018FC 808D1F7C 27BDFFE8 */  addiu   $sp, $sp, 0xFFE8           ## $sp = FFFFFFE8
/* 01900 808D1F80 AFBF0014 */  sw      $ra, 0x0014($sp)           
/* 01904 808D1F84 AFA5001C */  sw      $a1, 0x001C($sp)           
/* 01908 808D1F88 00803825 */  or      $a3, $a0, $zero            ## $a3 = 00000000
/* 0190C 808D1F8C 3C063AC4 */  lui     $a2, 0x3AC4                ## $a2 = 3AC40000
/* 01910 808D1F90 34C69BA6 */  ori     $a2, $a2, 0x9BA6           ## $a2 = 3AC49BA6
/* 01914 808D1F94 24E40058 */  addiu   $a0, $a3, 0x0058           ## $a0 = 00000058
/* 01918 808D1F98 24050000 */  addiu   $a1, $zero, 0x0000         ## $a1 = 00000000
/* 0191C 808D1F9C 0C03FC0F */  jal     func_800FF03C              
/* 01920 808D1FA0 AFA70018 */  sw      $a3, 0x0018($sp)           
/* 01924 808D1FA4 10400005 */  beq     $v0, $zero, .L808D1FBC     
/* 01928 808D1FA8 8FA70018 */  lw      $a3, 0x0018($sp)           
/* 0192C 808D1FAC 00E02025 */  or      $a0, $a3, $zero            ## $a0 = 00000000
/* 01930 808D1FB0 0C234A88 */  jal     func_808D2A20              
/* 01934 808D1FB4 AFA70018 */  sw      $a3, 0x0018($sp)           
/* 01938 808D1FB8 8FA70018 */  lw      $a3, 0x0018($sp)           
.L808D1FBC:
/* 0193C 808D1FBC C4E00058 */  lwc1    $f0, 0x0058($a3)           ## 00000058
/* 01940 808D1FC0 E4E00060 */  swc1    $f0, 0x0060($a3)           ## 00000060
/* 01944 808D1FC4 E4E0005C */  swc1    $f0, 0x005C($a3)           ## 0000005C
/* 01948 808D1FC8 8FBF0014 */  lw      $ra, 0x0014($sp)           
/* 0194C 808D1FCC 03E00008 */  jr      $ra                        
/* 01950 808D1FD0 27BD0018 */  addiu   $sp, $sp, 0x0018           ## $sp = 00000000


glabel func_808D1FD4
/* 01954 808D1FD4 27BDFFD8 */  addiu   $sp, $sp, 0xFFD8           ## $sp = FFFFFFD8
/* 01958 808D1FD8 44800000 */  mtc1    $zero, $f0                 ## $f0 = 0.00
/* 0195C 808D1FDC AFBF0024 */  sw      $ra, 0x0024($sp)           
/* 01960 808D1FE0 AFA40028 */  sw      $a0, 0x0028($sp)           
/* 01964 808D1FE4 3C014224 */  lui     $at, 0x4224                ## $at = 42240000
/* 01968 808D1FE8 44812000 */  mtc1    $at, $f4                   ## $f4 = 41.00
/* 0196C 808D1FEC 8FA40028 */  lw      $a0, 0x0028($sp)           
/* 01970 808D1FF0 3C050600 */  lui     $a1, 0x0600                ## $a1 = 06000000
/* 01974 808D1FF4 44070000 */  mfc1    $a3, $f0                   
/* 01978 808D1FF8 240E0002 */  addiu   $t6, $zero, 0x0002         ## $t6 = 00000002
/* 0197C 808D1FFC AFAE0014 */  sw      $t6, 0x0014($sp)           
/* 01980 808D2000 24A519CC */  addiu   $a1, $a1, 0x19CC           ## $a1 = 060019CC
/* 01984 808D2004 3C064000 */  lui     $a2, 0x4000                ## $a2 = 40000000
/* 01988 808D2008 E7A00018 */  swc1    $f0, 0x0018($sp)           
/* 0198C 808D200C 24840144 */  addiu   $a0, $a0, 0x0144           ## $a0 = 00000144
/* 01990 808D2010 0C04DCFA */  jal     func_801373E8              
/* 01994 808D2014 E7A40010 */  swc1    $f4, 0x0010($sp)           
/* 01998 808D2018 8FA20028 */  lw      $v0, 0x0028($sp)           
/* 0199C 808D201C 44803000 */  mtc1    $zero, $f6                 ## $f6 = 0.00
/* 019A0 808D2020 3C0F808D */  lui     $t7, %hi(func_808D2040)    ## $t7 = 808D0000
/* 019A4 808D2024 25EF2040 */  addiu   $t7, $t7, %lo(func_808D2040) ## $t7 = 808D2040
/* 019A8 808D2028 AC4F0188 */  sw      $t7, 0x0188($v0)           ## 00000188
/* 019AC 808D202C E4460070 */  swc1    $f6, 0x0070($v0)           ## 00000070
/* 019B0 808D2030 8FBF0024 */  lw      $ra, 0x0024($sp)           
/* 019B4 808D2034 27BD0028 */  addiu   $sp, $sp, 0x0028           ## $sp = 00000000
/* 019B8 808D2038 03E00008 */  jr      $ra                        
/* 019BC 808D203C 00000000 */  nop


glabel func_808D2040
/* 019C0 808D2040 27BDFFD8 */  addiu   $sp, $sp, 0xFFD8           ## $sp = FFFFFFD8
/* 019C4 808D2044 AFB00018 */  sw      $s0, 0x0018($sp)           
/* 019C8 808D2048 00808025 */  or      $s0, $a0, $zero            ## $s0 = 00000000
/* 019CC 808D204C AFBF001C */  sw      $ra, 0x001C($sp)           
/* 019D0 808D2050 AFA5002C */  sw      $a1, 0x002C($sp)           
/* 019D4 808D2054 8FAE002C */  lw      $t6, 0x002C($sp)           
/* 019D8 808D2058 26040144 */  addiu   $a0, $s0, 0x0144           ## $a0 = 00000144
/* 019DC 808D205C 8DCF1CCC */  lw      $t7, 0x1CCC($t6)           ## 00001CCC
/* 019E0 808D2060 AFA40020 */  sw      $a0, 0x0020($sp)           
/* 019E4 808D2064 0C04DB34 */  jal     func_80136CD0              
/* 019E8 808D2068 AFAF0024 */  sw      $t7, 0x0024($sp)           
/* 019EC 808D206C 3C0141A0 */  lui     $at, 0x41A0                ## $at = 41A00000
/* 019F0 808D2070 44810000 */  mtc1    $at, $f0                   ## $f0 = 20.00
/* 019F4 808D2074 C604015C */  lwc1    $f4, 0x015C($s0)           ## 0000015C
/* 019F8 808D2078 8FA40020 */  lw      $a0, 0x0020($sp)           
/* 019FC 808D207C 24060002 */  addiu   $a2, $zero, 0x0002         ## $a2 = 00000002
/* 01A00 808D2080 4600203C */  c.lt.s  $f4, $f0                   
/* 01A04 808D2084 24070E38 */  addiu   $a3, $zero, 0x0E38         ## $a3 = 00000E38
/* 01A08 808D2088 45020007 */  bc1fl   .L808D20A8                 
/* 01A0C 808D208C 44050000 */  mfc1    $a1, $f0                   
/* 01A10 808D2090 260400BE */  addiu   $a0, $s0, 0x00BE           ## $a0 = 000000BE
/* 01A14 808D2094 0C03FFF6 */  jal     func_800FFFD8              
/* 01A18 808D2098 86050092 */  lh      $a1, 0x0092($s0)           ## 00000092
/* 01A1C 808D209C 10000033 */  beq     $zero, $zero, .L808D216C   
/* 01A20 808D20A0 8FBF001C */  lw      $ra, 0x001C($sp)           
/* 01A24 808D20A4 44050000 */  mfc1    $a1, $f0                   
.L808D20A8:
/* 01A28 808D20A8 0C04DE2E */  jal     func_801378B8              
/* 01A2C 808D20AC 00000000 */  nop
/* 01A30 808D20B0 10400007 */  beq     $v0, $zero, .L808D20D0     
/* 01A34 808D20B4 3C0140A0 */  lui     $at, 0x40A0                ## $at = 40A00000
/* 01A38 808D20B8 44813000 */  mtc1    $at, $f6                   ## $f6 = 5.00
/* 01A3C 808D20BC 3C0140E0 */  lui     $at, 0x40E0                ## $at = 40E00000
/* 01A40 808D20C0 44814000 */  mtc1    $at, $f8                   ## $f8 = 7.00
/* 01A44 808D20C4 E6060070 */  swc1    $f6, 0x0070($s0)           ## 00000070
/* 01A48 808D20C8 10000027 */  beq     $zero, $zero, .L808D2168   
/* 01A4C 808D20CC E6080068 */  swc1    $f8, 0x0068($s0)           ## 00000068
.L808D20D0:
/* 01A50 808D20D0 96180090 */  lhu     $t8, 0x0090($s0)           ## 00000090
/* 01A54 808D20D4 24080032 */  addiu   $t0, $zero, 0x0032         ## $t0 = 00000032
/* 01A58 808D20D8 02002025 */  or      $a0, $s0, $zero            ## $a0 = 00000000
/* 01A5C 808D20DC 33190002 */  andi    $t9, $t8, 0x0002           ## $t9 = 00000000
/* 01A60 808D20E0 1320000A */  beq     $t9, $zero, .L808D210C     
/* 01A64 808D20E4 3C01C120 */  lui     $at, 0xC120                ## $at = C1200000
/* 01A68 808D20E8 44805000 */  mtc1    $zero, $f10                ## $f10 = 0.00
/* 01A6C 808D20EC A608018E */  sh      $t0, 0x018E($s0)           ## 0000018E
/* 01A70 808D20F0 24053937 */  addiu   $a1, $zero, 0x3937         ## $a1 = 00003937
/* 01A74 808D20F4 0C02E3B2 */  jal     func_800B8EC8              
/* 01A78 808D20F8 E60A0070 */  swc1    $f10, 0x0070($s0)          ## 00000070
/* 01A7C 808D20FC 0C2345D0 */  jal     func_808D1740              
/* 01A80 808D2100 02002025 */  or      $a0, $s0, $zero            ## $a0 = 00000000
/* 01A84 808D2104 10000019 */  beq     $zero, $zero, .L808D216C   
/* 01A88 808D2108 8FBF001C */  lw      $ra, 0x001C($sp)           
.L808D210C:
/* 01A8C 808D210C C610009C */  lwc1    $f16, 0x009C($s0)          ## 0000009C
/* 01A90 808D2110 44819000 */  mtc1    $at, $f18                  ## $f18 = 0.00
/* 01A94 808D2114 00000000 */  nop
/* 01A98 808D2118 4612803C */  c.lt.s  $f16, $f18                 
/* 01A9C 808D211C 00000000 */  nop
/* 01AA0 808D2120 45020012 */  bc1fl   .L808D216C                 
/* 01AA4 808D2124 8FBF001C */  lw      $ra, 0x001C($sp)           
/* 01AA8 808D2128 92090366 */  lbu     $t1, 0x0366($s0)           ## 00000366
/* 01AAC 808D212C 8FA50024 */  lw      $a1, 0x0024($sp)           
/* 01AB0 808D2130 312A0002 */  andi    $t2, $t1, 0x0002           ## $t2 = 00000000
/* 01AB4 808D2134 5140000D */  beql    $t2, $zero, .L808D216C     
/* 01AB8 808D2138 8FBF001C */  lw      $ra, 0x001C($sp)           
/* 01ABC 808D213C 8E0B0360 */  lw      $t3, 0x0360($s0)           ## 00000360
/* 01AC0 808D2140 8FA4002C */  lw      $a0, 0x002C($sp)           
/* 01AC4 808D2144 3C190002 */  lui     $t9, 0x0002                ## $t9 = 00020000
/* 01AC8 808D2148 14AB0007 */  bne     $a1, $t3, .L808D2168       
/* 01ACC 808D214C 0324C821 */  addu    $t9, $t9, $a0              
/* 01AD0 808D2150 8F398778 */  lw      $t9, -0x7888($t9)          ## 00018778
/* 01AD4 808D2154 0320F809 */  jalr    $ra, $t9                   
/* 01AD8 808D2158 00000000 */  nop
/* 01ADC 808D215C 02002025 */  or      $a0, $s0, $zero            ## $a0 = 00000000
/* 01AE0 808D2160 0C23485F */  jal     func_808D217C              
/* 01AE4 808D2164 8FA50024 */  lw      $a1, 0x0024($sp)           
.L808D2168:
/* 01AE8 808D2168 8FBF001C */  lw      $ra, 0x001C($sp)           
.L808D216C:
/* 01AEC 808D216C 8FB00018 */  lw      $s0, 0x0018($sp)           
/* 01AF0 808D2170 27BD0028 */  addiu   $sp, $sp, 0x0028           ## $sp = 00000000
/* 01AF4 808D2174 03E00008 */  jr      $ra                        
/* 01AF8 808D2178 00000000 */  nop


glabel func_808D217C
/* 01AFC 808D217C 27BDFFC0 */  addiu   $sp, $sp, 0xFFC0           ## $sp = FFFFFFC0
/* 01B00 808D2180 AFB00028 */  sw      $s0, 0x0028($sp)           
/* 01B04 808D2184 00808025 */  or      $s0, $a0, $zero            ## $s0 = 00000000
/* 01B08 808D2188 AFBF002C */  sw      $ra, 0x002C($sp)           
/* 01B0C 808D218C AFA50044 */  sw      $a1, 0x0044($sp)           
/* 01B10 808D2190 3C014234 */  lui     $at, 0x4234                ## $at = 42340000
/* 01B14 808D2194 44812000 */  mtc1    $at, $f4                   ## $f4 = 45.00
/* 01B18 808D2198 3C01C040 */  lui     $at, 0xC040                ## $at = C0400000
/* 01B1C 808D219C 44813000 */  mtc1    $at, $f6                   ## $f6 = -3.00
/* 01B20 808D21A0 3C050600 */  lui     $a1, 0x0600                ## $a1 = 06000000
/* 01B24 808D21A4 240E0002 */  addiu   $t6, $zero, 0x0002         ## $t6 = 00000002
/* 01B28 808D21A8 AFAE0014 */  sw      $t6, 0x0014($sp)           
/* 01B2C 808D21AC 24A519CC */  addiu   $a1, $a1, 0x19CC           ## $a1 = 060019CC
/* 01B30 808D21B0 26040144 */  addiu   $a0, $s0, 0x0144           ## $a0 = 00000144
/* 01B34 808D21B4 3C063F80 */  lui     $a2, 0x3F80                ## $a2 = 3F800000
/* 01B38 808D21B8 3C074210 */  lui     $a3, 0x4210                ## $a3 = 42100000
/* 01B3C 808D21BC E7A40010 */  swc1    $f4, 0x0010($sp)           
/* 01B40 808D21C0 0C04DCFA */  jal     func_801373E8              
/* 01B44 808D21C4 E7A60018 */  swc1    $f6, 0x0018($sp)           
/* 01B48 808D21C8 8E0F0004 */  lw      $t7, 0x0004($s0)           ## 00000004
/* 01B4C 808D21CC 44800000 */  mtc1    $zero, $f0                 ## $f0 = 0.00
/* 01B50 808D21D0 2401FFFE */  addiu   $at, $zero, 0xFFFE         ## $at = FFFFFFFE
/* 01B54 808D21D4 01E1C024 */  and     $t8, $t7, $at              
/* 01B58 808D21D8 AE180004 */  sw      $t8, 0x0004($s0)           ## 00000004
/* 01B5C 808D21DC 02002025 */  or      $a0, $s0, $zero            ## $a0 = 00000000
/* 01B60 808D21E0 E6000070 */  swc1    $f0, 0x0070($s0)           ## 00000070
/* 01B64 808D21E4 0C234234 */  jal     func_808D08D0              
/* 01B68 808D21E8 E6000068 */  swc1    $f0, 0x0068($s0)           ## 00000068
/* 01B6C 808D21EC 3C19801F */  lui     $t9, 0x801F                ## $t9 = 801F0000
/* 01B70 808D21F0 9339F690 */  lbu     $t9, -0x0970($t9)          ## 801EF690
/* 01B74 808D21F4 A3B9003B */  sb      $t9, 0x003B($sp)           
/* 01B78 808D21F8 0C03FB61 */  jal     func_800FED84              
/* 01B7C 808D21FC 860400BE */  lh      $a0, 0x00BE($s0)           ## 000000BE
/* 01B80 808D2200 93A8003B */  lbu     $t0, 0x003B($sp)           
/* 01B84 808D2204 3C0A808D */  lui     $t2, %hi(D_808D3900)       ## $t2 = 808D0000
/* 01B88 808D2208 254A3900 */  addiu   $t2, $t2, %lo(D_808D3900)  ## $t2 = 808D3900
/* 01B8C 808D220C 00084880 */  sll     $t1, $t0,  2               
/* 01B90 808D2210 01284823 */  subu    $t1, $t1, $t0              
/* 01B94 808D2214 00094880 */  sll     $t1, $t1,  2               
/* 01B98 808D2218 012A1021 */  addu    $v0, $t1, $t2              
/* 01B9C 808D221C C4480008 */  lwc1    $f8, 0x0008($v0)           ## 00000008
/* 01BA0 808D2220 C602009C */  lwc1    $f2, 0x009C($s0)           ## 0000009C
/* 01BA4 808D2224 46080282 */  mul.s   $f10, $f0, $f8             
/* 01BA8 808D2228 46001087 */  neg.s   $f2, $f2                   
/* 01BAC 808D222C E60A0008 */  swc1    $f10, 0x0008($s0)          ## 00000008
/* 01BB0 808D2230 C44C0000 */  lwc1    $f12, 0x0000($v0)          ## 00000000
/* 01BB4 808D2234 460C103C */  c.lt.s  $f2, $f12                  
/* 01BB8 808D2238 00000000 */  nop
/* 01BBC 808D223C 45020004 */  bc1fl   .L808D2250                 
/* 01BC0 808D2240 C44C0004 */  lwc1    $f12, 0x0004($v0)          ## 00000004
/* 01BC4 808D2244 1000000A */  beq     $zero, $zero, .L808D2270   
/* 01BC8 808D2248 E60C000C */  swc1    $f12, 0x000C($s0)          ## 0000000C
/* 01BCC 808D224C C44C0004 */  lwc1    $f12, 0x0004($v0)          ## 00000004
.L808D2250:
/* 01BD0 808D2250 4602603C */  c.lt.s  $f12, $f2                  
/* 01BD4 808D2254 00000000 */  nop
/* 01BD8 808D2258 45020004 */  bc1fl   .L808D226C                 
/* 01BDC 808D225C 46001006 */  mov.s   $f0, $f2                   
/* 01BE0 808D2260 10000002 */  beq     $zero, $zero, .L808D226C   
/* 01BE4 808D2264 46006006 */  mov.s   $f0, $f12                  
/* 01BE8 808D2268 46001006 */  mov.s   $f0, $f2                   
.L808D226C:
/* 01BEC 808D226C E600000C */  swc1    $f0, 0x000C($s0)           ## 0000000C
.L808D2270:
/* 01BF0 808D2270 860400BE */  lh      $a0, 0x00BE($s0)           ## 000000BE
/* 01BF4 808D2274 0C03FB51 */  jal     func_800FED44              
/* 01BF8 808D2278 AFA20030 */  sw      $v0, 0x0030($sp)           
/* 01BFC 808D227C 8FA20030 */  lw      $v0, 0x0030($sp)           
/* 01C00 808D2280 26050008 */  addiu   $a1, $s0, 0x0008           ## $a1 = 00000008
/* 01C04 808D2284 26060024 */  addiu   $a2, $s0, 0x0024           ## $a2 = 00000024
/* 01C08 808D2288 C4500008 */  lwc1    $f16, 0x0008($v0)          ## 00000008
/* 01C0C 808D228C 46100482 */  mul.s   $f18, $f0, $f16            
/* 01C10 808D2290 E6120010 */  swc1    $f18, 0x0010($s0)          ## 00000010
/* 01C14 808D2294 8FA40044 */  lw      $a0, 0x0044($sp)           
/* 01C18 808D2298 0C03FD6F */  jal     func_800FF5BC              
/* 01C1C 808D229C 24840024 */  addiu   $a0, $a0, 0x0024           ## $a0 = 00000024
/* 01C20 808D22A0 3C0C808D */  lui     $t4, %hi(func_808D22C8)    ## $t4 = 808D0000
/* 01C24 808D22A4 240BB320 */  addiu   $t3, $zero, 0xB320         ## $t3 = FFFFB320
/* 01C28 808D22A8 258C22C8 */  addiu   $t4, $t4, %lo(func_808D22C8) ## $t4 = 808D22C8
/* 01C2C 808D22AC A60B00BC */  sh      $t3, 0x00BC($s0)           ## 000000BC
/* 01C30 808D22B0 AE0C0188 */  sw      $t4, 0x0188($s0)           ## 00000188
/* 01C34 808D22B4 8FBF002C */  lw      $ra, 0x002C($sp)           
/* 01C38 808D22B8 8FB00028 */  lw      $s0, 0x0028($sp)           
/* 01C3C 808D22BC 27BD0040 */  addiu   $sp, $sp, 0x0040           ## $sp = 00000000
/* 01C40 808D22C0 03E00008 */  jr      $ra                        
/* 01C44 808D22C4 00000000 */  nop


glabel func_808D22C8
/* 01C48 808D22C8 27BDFFD8 */  addiu   $sp, $sp, 0xFFD8           ## $sp = FFFFFFD8
/* 01C4C 808D22CC AFB00018 */  sw      $s0, 0x0018($sp)           
/* 01C50 808D22D0 00808025 */  or      $s0, $a0, $zero            ## $s0 = 00000000
/* 01C54 808D22D4 AFBF001C */  sw      $ra, 0x001C($sp)           
/* 01C58 808D22D8 AFA5002C */  sw      $a1, 0x002C($sp)           
/* 01C5C 808D22DC 8FAE002C */  lw      $t6, 0x002C($sp)           
/* 01C60 808D22E0 26040144 */  addiu   $a0, $s0, 0x0144           ## $a0 = 00000144
/* 01C64 808D22E4 8DC71CCC */  lw      $a3, 0x1CCC($t6)           ## 00001CCC
/* 01C68 808D22E8 0C04DB34 */  jal     func_80136CD0              
/* 01C6C 808D22EC AFA70024 */  sw      $a3, 0x0024($sp)           
/* 01C70 808D22F0 1040001A */  beq     $v0, $zero, .L808D235C     
/* 01C74 808D22F4 8FA70024 */  lw      $a3, 0x0024($sp)           
/* 01C78 808D22F8 44802000 */  mtc1    $zero, $f4                 ## $f4 = 0.00
/* 01C7C 808D22FC C6060160 */  lwc1    $f6, 0x0160($s0)           ## 00000160
/* 01C80 808D2300 3C013F80 */  lui     $at, 0x3F80                ## $at = 3F800000
/* 01C84 808D2304 4606203C */  c.lt.s  $f4, $f6                   
/* 01C88 808D2308 00000000 */  nop
/* 01C8C 808D230C 4502000C */  bc1fl   .L808D2340                 
/* 01C90 808D2310 44819000 */  mtc1    $at, $f18                  ## $f18 = 1.00
/* 01C94 808D2314 3C01BF80 */  lui     $at, 0xBF80                ## $at = BF800000
/* 01C98 808D2318 44814000 */  mtc1    $at, $f8                   ## $f8 = -1.00
/* 01C9C 808D231C 3C014210 */  lui     $at, 0x4210                ## $at = 42100000
/* 01CA0 808D2320 44815000 */  mtc1    $at, $f10                  ## $f10 = 36.00
/* 01CA4 808D2324 3C014234 */  lui     $at, 0x4234                ## $at = 42340000
/* 01CA8 808D2328 44818000 */  mtc1    $at, $f16                  ## $f16 = 45.00
/* 01CAC 808D232C E6080160 */  swc1    $f8, 0x0160($s0)           ## 00000160
/* 01CB0 808D2330 E60A0154 */  swc1    $f10, 0x0154($s0)          ## 00000154
/* 01CB4 808D2334 10000009 */  beq     $zero, $zero, .L808D235C   
/* 01CB8 808D2338 E6100150 */  swc1    $f16, 0x0150($s0)          ## 00000150
/* 01CBC 808D233C 44819000 */  mtc1    $at, $f18                  ## $f18 = 45.00
.L808D2340:
/* 01CC0 808D2340 3C014234 */  lui     $at, 0x4234                ## $at = 42340000
/* 01CC4 808D2344 44812000 */  mtc1    $at, $f4                   ## $f4 = 45.00
/* 01CC8 808D2348 3C014210 */  lui     $at, 0x4210                ## $at = 42100000
/* 01CCC 808D234C 44813000 */  mtc1    $at, $f6                   ## $f6 = 36.00
/* 01CD0 808D2350 E6120160 */  swc1    $f18, 0x0160($s0)          ## 00000160
/* 01CD4 808D2354 E6040154 */  swc1    $f4, 0x0154($s0)           ## 00000154
/* 01CD8 808D2358 E6060150 */  swc1    $f6, 0x0150($s0)           ## 00000150
.L808D235C:
/* 01CDC 808D235C 24E40024 */  addiu   $a0, $a3, 0x0024           ## $a0 = 00000024
/* 01CE0 808D2360 26050008 */  addiu   $a1, $s0, 0x0008           ## $a1 = 00000008
/* 01CE4 808D2364 26060024 */  addiu   $a2, $s0, 0x0024           ## $a2 = 00000024
/* 01CE8 808D2368 0C03FD6F */  jal     func_800FF5BC              
/* 01CEC 808D236C AFA70024 */  sw      $a3, 0x0024($sp)           
/* 01CF0 808D2370 8FA70024 */  lw      $a3, 0x0024($sp)           
/* 01CF4 808D2374 3C0140C0 */  lui     $at, 0x40C0                ## $at = 40C00000
/* 01CF8 808D2378 8CEF0A70 */  lw      $t7, 0x0A70($a3)           ## 00000A70
/* 01CFC 808D237C 31F80080 */  andi    $t8, $t7, 0x0080           ## $t8 = 00000000
/* 01D00 808D2380 53000005 */  beql    $t8, $zero, .L808D2398     
/* 01D04 808D2384 8E040120 */  lw      $a0, 0x0120($s0)           ## 00000120
/* 01D08 808D2388 80F90D5C */  lb      $t9, 0x0D5C($a3)           ## 00000D5C
/* 01D0C 808D238C 07230023 */  bgezl   $t9, .L808D241C            
/* 01D10 808D2390 860D0190 */  lh      $t5, 0x0190($s0)           ## 00000190
/* 01D14 808D2394 8E040120 */  lw      $a0, 0x0120($s0)           ## 00000120
.L808D2398:
/* 01D18 808D2398 3C02808D */  lui     $v0, %hi(func_808D22C8)    ## $v0 = 808D0000
/* 01D1C 808D239C 244222C8 */  addiu   $v0, $v0, %lo(func_808D22C8) ## $v0 = 808D22C8
/* 01D20 808D23A0 8C830188 */  lw      $v1, 0x0188($a0)           ## 00000188
/* 01D24 808D23A4 44814000 */  mtc1    $at, $f8                   ## $f8 = 6.00
/* 01D28 808D23A8 8E050124 */  lw      $a1, 0x0124($s0)           ## 00000124
/* 01D2C 808D23AC 10430005 */  beq     $v0, $v1, .L808D23C4       
/* 01D30 808D23B0 3C01C040 */  lui     $at, 0xC040                ## $at = C0400000
/* 01D34 808D23B4 3C08808D */  lui     $t0, %hi(func_808D2AA8)    ## $t0 = 808D0000
/* 01D38 808D23B8 25082AA8 */  addiu   $t0, $t0, %lo(func_808D2AA8) ## $t0 = 808D2AA8
/* 01D3C 808D23BC 5503000C */  bnel    $t0, $v1, .L808D23F0       
/* 01D40 808D23C0 8E0B0004 */  lw      $t3, 0x0004($s0)           ## 00000004
.L808D23C4:
/* 01D44 808D23C4 8CA30188 */  lw      $v1, 0x0188($a1)           ## 00000188
/* 01D48 808D23C8 3C09808D */  lui     $t1, %hi(func_808D2AA8)    ## $t1 = 808D0000
/* 01D4C 808D23CC 25292AA8 */  addiu   $t1, $t1, %lo(func_808D2AA8) ## $t1 = 808D2AA8
/* 01D50 808D23D0 10430002 */  beq     $v0, $v1, .L808D23DC       
/* 01D54 808D23D4 240A0040 */  addiu   $t2, $zero, 0x0040         ## $t2 = 00000040
/* 01D58 808D23D8 15230004 */  bne     $t1, $v1, .L808D23EC       
.L808D23DC:
/* 01D5C 808D23DC 24020020 */  addiu   $v0, $zero, 0x0020         ## $v0 = 00000020
/* 01D60 808D23E0 A482001C */  sh      $v0, 0x001C($a0)           ## 0000001C
/* 01D64 808D23E4 A4A2001C */  sh      $v0, 0x001C($a1)           ## 0000001C
/* 01D68 808D23E8 A60A001C */  sh      $t2, 0x001C($s0)           ## 0000001C
.L808D23EC:
/* 01D6C 808D23EC 8E0B0004 */  lw      $t3, 0x0004($s0)           ## 00000004
.L808D23F0:
/* 01D70 808D23F0 44815000 */  mtc1    $at, $f10                  ## $f10 = -3.00
/* 01D74 808D23F4 A60000BC */  sh      $zero, 0x00BC($s0)         ## 000000BC
/* 01D78 808D23F8 356C0001 */  ori     $t4, $t3, 0x0001           ## $t4 = 00000001
/* 01D7C 808D23FC E6080068 */  swc1    $f8, 0x0068($s0)           ## 00000068
/* 01D80 808D2400 AE0C0004 */  sw      $t4, 0x0004($s0)           ## 00000004
/* 01D84 808D2404 02002025 */  or      $a0, $s0, $zero            ## $a0 = 00000000
/* 01D88 808D2408 0C2345D0 */  jal     func_808D1740              
/* 01D8C 808D240C E60A0070 */  swc1    $f10, 0x0070($s0)          ## 00000070
/* 01D90 808D2410 10000015 */  beq     $zero, $zero, .L808D2468   
/* 01D94 808D2414 02002025 */  or      $a0, $s0, $zero            ## $a0 = 00000000
/* 01D98 808D2418 860D0190 */  lh      $t5, 0x0190($s0)           ## 00000190
.L808D241C:
/* 01D9C 808D241C 24010014 */  addiu   $at, $zero, 0x0014         ## $at = 00000014
/* 01DA0 808D2420 01A1001A */  div     $zero, $t5, $at            
/* 01DA4 808D2424 00007010 */  mfhi    $t6                        
/* 01DA8 808D2428 55C0000F */  bnel    $t6, $zero, .L808D2468     
/* 01DAC 808D242C 02002025 */  or      $a0, $s0, $zero            ## $a0 = 00000000
/* 01DB0 808D2430 8CEF0A68 */  lw      $t7, 0x0A68($a3)           ## 00000A68
/* 01DB4 808D2434 00E02025 */  or      $a0, $a3, $zero            ## $a0 = 00000000
/* 01DB8 808D2438 95E50092 */  lhu     $a1, 0x0092($t7)           ## 00000092
/* 01DBC 808D243C 24A56805 */  addiu   $a1, $a1, 0x6805           ## $a1 = 00006805
/* 01DC0 808D2440 0C02E396 */  jal     func_800B8E58              
/* 01DC4 808D2444 30A5FFFF */  andi    $a1, $a1, 0xFFFF           ## $a1 = 00006805
/* 01DC8 808D2448 8FA4002C */  lw      $a0, 0x002C($sp)           
/* 01DCC 808D244C 3C190002 */  lui     $t9, 0x0002                ## $t9 = 00020000
/* 01DD0 808D2450 2405FFFC */  addiu   $a1, $zero, 0xFFFC         ## $a1 = FFFFFFFC
/* 01DD4 808D2454 0324C821 */  addu    $t9, $t9, $a0              
/* 01DD8 808D2458 8F398784 */  lw      $t9, -0x787C($t9)          ## 00018784
/* 01DDC 808D245C 0320F809 */  jalr    $ra, $t9                   
/* 01DE0 808D2460 00000000 */  nop
/* 01DE4 808D2464 02002025 */  or      $a0, $s0, $zero            ## $a0 = 00000000
.L808D2468:
/* 01DE8 808D2468 0C02E3B2 */  jal     func_800B8EC8              
/* 01DEC 808D246C 24053136 */  addiu   $a1, $zero, 0x3136         ## $a1 = 00003136
/* 01DF0 808D2470 8FBF001C */  lw      $ra, 0x001C($sp)           
/* 01DF4 808D2474 8FB00018 */  lw      $s0, 0x0018($sp)           
/* 01DF8 808D2478 27BD0028 */  addiu   $sp, $sp, 0x0028           ## $sp = 00000000
/* 01DFC 808D247C 03E00008 */  jr      $ra                        
/* 01E00 808D2480 00000000 */  nop


glabel func_808D2484
/* 01E04 808D2484 27BDFFD8 */  addiu   $sp, $sp, 0xFFD8           ## $sp = FFFFFFD8
/* 01E08 808D2488 44800000 */  mtc1    $zero, $f0                 ## $f0 = 0.00
/* 01E0C 808D248C AFBF0024 */  sw      $ra, 0x0024($sp)           
/* 01E10 808D2490 AFA40028 */  sw      $a0, 0x0028($sp)           
/* 01E14 808D2494 3C014224 */  lui     $at, 0x4224                ## $at = 42240000
/* 01E18 808D2498 44812000 */  mtc1    $at, $f4                   ## $f4 = 41.00
/* 01E1C 808D249C 8FA40028 */  lw      $a0, 0x0028($sp)           
/* 01E20 808D24A0 3C050600 */  lui     $a1, 0x0600                ## $a1 = 06000000
/* 01E24 808D24A4 44070000 */  mfc1    $a3, $f0                   
/* 01E28 808D24A8 240E0002 */  addiu   $t6, $zero, 0x0002         ## $t6 = 00000002
/* 01E2C 808D24AC AFAE0014 */  sw      $t6, 0x0014($sp)           
/* 01E30 808D24B0 24A519CC */  addiu   $a1, $a1, 0x19CC           ## $a1 = 060019CC
/* 01E34 808D24B4 3C064000 */  lui     $a2, 0x4000                ## $a2 = 40000000
/* 01E38 808D24B8 E7A00018 */  swc1    $f0, 0x0018($sp)           
/* 01E3C 808D24BC 24840144 */  addiu   $a0, $a0, 0x0144           ## $a0 = 00000144
/* 01E40 808D24C0 0C04DCFA */  jal     func_801373E8              
/* 01E44 808D24C4 E7A40010 */  swc1    $f4, 0x0010($sp)           
/* 01E48 808D24C8 8FA20028 */  lw      $v0, 0x0028($sp)           
/* 01E4C 808D24CC 44803000 */  mtc1    $zero, $f6                 ## $f6 = 0.00
/* 01E50 808D24D0 3C0F808D */  lui     $t7, %hi(func_808D24F0)    ## $t7 = 808D0000
/* 01E54 808D24D4 25EF24F0 */  addiu   $t7, $t7, %lo(func_808D24F0) ## $t7 = 808D24F0
/* 01E58 808D24D8 AC4F0188 */  sw      $t7, 0x0188($v0)           ## 00000188
/* 01E5C 808D24DC E4460070 */  swc1    $f6, 0x0070($v0)           ## 00000070
/* 01E60 808D24E0 8FBF0024 */  lw      $ra, 0x0024($sp)           
/* 01E64 808D24E4 27BD0028 */  addiu   $sp, $sp, 0x0028           ## $sp = 00000000
/* 01E68 808D24E8 03E00008 */  jr      $ra                        
/* 01E6C 808D24EC 00000000 */  nop


glabel func_808D24F0
/* 01E70 808D24F0 27BDFFD0 */  addiu   $sp, $sp, 0xFFD0           ## $sp = FFFFFFD0
/* 01E74 808D24F4 AFB00014 */  sw      $s0, 0x0014($sp)           
/* 01E78 808D24F8 00808025 */  or      $s0, $a0, $zero            ## $s0 = 00000000
/* 01E7C 808D24FC AFBF001C */  sw      $ra, 0x001C($sp)           
/* 01E80 808D2500 AFB10018 */  sw      $s1, 0x0018($sp)           
/* 01E84 808D2504 AFA50034 */  sw      $a1, 0x0034($sp)           
/* 01E88 808D2508 26040144 */  addiu   $a0, $s0, 0x0144           ## $a0 = 00000144
/* 01E8C 808D250C 0C04DB34 */  jal     func_80136CD0              
/* 01E90 808D2510 AFA40024 */  sw      $a0, 0x0024($sp)           
/* 01E94 808D2514 8E030120 */  lw      $v1, 0x0120($s0)           ## 00000120
/* 01E98 808D2518 24050040 */  addiu   $a1, $zero, 0x0040         ## $a1 = 00000040
/* 01E9C 808D251C 8FA40024 */  lw      $a0, 0x0024($sp)           
/* 01EA0 808D2520 846E001C */  lh      $t6, 0x001C($v1)           ## 0000001C
/* 01EA4 808D2524 54AE0004 */  bnel    $a1, $t6, .L808D2538       
/* 01EA8 808D2528 8E020124 */  lw      $v0, 0x0124($s0)           ## 00000124
/* 01EAC 808D252C 10000011 */  beq     $zero, $zero, .L808D2574   
/* 01EB0 808D2530 00608825 */  or      $s1, $v1, $zero            ## $s1 = 00000000
/* 01EB4 808D2534 8E020124 */  lw      $v0, 0x0124($s0)           ## 00000124
.L808D2538:
/* 01EB8 808D2538 844F001C */  lh      $t7, 0x001C($v0)           ## 0000001C
/* 01EBC 808D253C 54AF0004 */  bnel    $a1, $t7, .L808D2550       
/* 01EC0 808D2540 96180090 */  lhu     $t8, 0x0090($s0)           ## 00000090
/* 01EC4 808D2544 1000000B */  beq     $zero, $zero, .L808D2574   
/* 01EC8 808D2548 00408825 */  or      $s1, $v0, $zero            ## $s1 = 00000000
/* 01ECC 808D254C 96180090 */  lhu     $t8, 0x0090($s0)           ## 00000090
.L808D2550:
/* 01ED0 808D2550 24080010 */  addiu   $t0, $zero, 0x0010         ## $t0 = 00000010
/* 01ED4 808D2554 02002025 */  or      $a0, $s0, $zero            ## $a0 = 00000000
/* 01ED8 808D2558 33190002 */  andi    $t9, $t8, 0x0002           ## $t9 = 00000000
/* 01EDC 808D255C 53200064 */  beql    $t9, $zero, .L808D26F0     
/* 01EE0 808D2560 8FBF001C */  lw      $ra, 0x001C($sp)           
/* 01EE4 808D2564 0C2345D0 */  jal     func_808D1740              
/* 01EE8 808D2568 A608001C */  sh      $t0, 0x001C($s0)           ## 0000001C
/* 01EEC 808D256C 10000060 */  beq     $zero, $zero, .L808D26F0   
/* 01EF0 808D2570 8FBF001C */  lw      $ra, 0x001C($sp)           
.L808D2574:
/* 01EF4 808D2574 0C04DE2E */  jal     func_801378B8              
/* 01EF8 808D2578 3C0541A0 */  lui     $a1, 0x41A0                ## $a1 = 41A00000
/* 01EFC 808D257C 10400008 */  beq     $v0, $zero, .L808D25A0     
/* 01F00 808D2580 3C0141A0 */  lui     $at, 0x41A0                ## $at = 41A00000
/* 01F04 808D2584 3C0140A0 */  lui     $at, 0x40A0                ## $at = 40A00000
/* 01F08 808D2588 44811000 */  mtc1    $at, $f2                   ## $f2 = 5.00
/* 01F0C 808D258C 3C0140E0 */  lui     $at, 0x40E0                ## $at = 40E00000
/* 01F10 808D2590 44812000 */  mtc1    $at, $f4                   ## $f4 = 7.00
/* 01F14 808D2594 E6020070 */  swc1    $f2, 0x0070($s0)           ## 00000070
/* 01F18 808D2598 1000003E */  beq     $zero, $zero, .L808D2694   
/* 01F1C 808D259C E6040068 */  swc1    $f4, 0x0068($s0)           ## 00000068
.L808D25A0:
/* 01F20 808D25A0 C606015C */  lwc1    $f6, 0x015C($s0)           ## 0000015C
/* 01F24 808D25A4 44814000 */  mtc1    $at, $f8                   ## $f8 = 7.00
/* 01F28 808D25A8 02002025 */  or      $a0, $s0, $zero            ## $a0 = 00000000
/* 01F2C 808D25AC 4608303C */  c.lt.s  $f6, $f8                   
/* 01F30 808D25B0 00000000 */  nop
/* 01F34 808D25B4 4502000C */  bc1fl   .L808D25E8                 
/* 01F38 808D25B8 C62A0028 */  lwc1    $f10, 0x0028($s1)          ## 00000028
/* 01F3C 808D25BC 0C02DB35 */  jal     func_800B6CD4              
/* 01F40 808D25C0 02202825 */  or      $a1, $s1, $zero            ## $a1 = 00000000
/* 01F44 808D25C4 00022C00 */  sll     $a1, $v0, 16               
/* 01F48 808D25C8 00052C03 */  sra     $a1, $a1, 16               
/* 01F4C 808D25CC 260400BE */  addiu   $a0, $s0, 0x00BE           ## $a0 = 000000BE
/* 01F50 808D25D0 24060002 */  addiu   $a2, $zero, 0x0002         ## $a2 = 00000002
/* 01F54 808D25D4 0C03FFF6 */  jal     func_800FFFD8              
/* 01F58 808D25D8 24070E38 */  addiu   $a3, $zero, 0x0E38         ## $a3 = 00000E38
/* 01F5C 808D25DC 1000002E */  beq     $zero, $zero, .L808D2698   
/* 01F60 808D25E0 C6040024 */  lwc1    $f4, 0x0024($s0)           ## 00000024
/* 01F64 808D25E4 C62A0028 */  lwc1    $f10, 0x0028($s1)          ## 00000028
.L808D25E8:
/* 01F68 808D25E8 C6100028 */  lwc1    $f16, 0x0028($s0)          ## 00000028
/* 01F6C 808D25EC 3C01C120 */  lui     $at, 0xC120                ## $at = C1200000
/* 01F70 808D25F0 44812000 */  mtc1    $at, $f4                   ## $f4 = -10.00
/* 01F74 808D25F4 46105481 */  sub.s   $f18, $f10, $f16           
/* 01F78 808D25F8 4604903C */  c.lt.s  $f18, $f4                  
/* 01F7C 808D25FC 00000000 */  nop
/* 01F80 808D2600 4502001A */  bc1fl   .L808D266C                 
/* 01F84 808D2604 960B0090 */  lhu     $t3, 0x0090($s0)           ## 00000090
/* 01F88 808D2608 C6060024 */  lwc1    $f6, 0x0024($s0)           ## 00000024
/* 01F8C 808D260C C6280024 */  lwc1    $f8, 0x0024($s1)           ## 00000024
/* 01F90 808D2610 3C014120 */  lui     $at, 0x4120                ## $at = 41200000
/* 01F94 808D2614 44811000 */  mtc1    $at, $f2                   ## $f2 = 10.00
/* 01F98 808D2618 46083001 */  sub.s   $f0, $f6, $f8              
/* 01F9C 808D261C 46000005 */  abs.s   $f0, $f0                   
/* 01FA0 808D2620 4602003C */  c.lt.s  $f0, $f2                   
/* 01FA4 808D2624 00000000 */  nop
/* 01FA8 808D2628 45020010 */  bc1fl   .L808D266C                 
/* 01FAC 808D262C 960B0090 */  lhu     $t3, 0x0090($s0)           ## 00000090
/* 01FB0 808D2630 C60A002C */  lwc1    $f10, 0x002C($s0)          ## 0000002C
/* 01FB4 808D2634 C630002C */  lwc1    $f16, 0x002C($s1)          ## 0000002C
/* 01FB8 808D2638 46105001 */  sub.s   $f0, $f10, $f16            
/* 01FBC 808D263C 46000005 */  abs.s   $f0, $f0                   
/* 01FC0 808D2640 4602003C */  c.lt.s  $f0, $f2                   
/* 01FC4 808D2644 00000000 */  nop
/* 01FC8 808D2648 45020008 */  bc1fl   .L808D266C                 
/* 01FCC 808D264C 960B0090 */  lhu     $t3, 0x0090($s0)           ## 00000090
/* 01FD0 808D2650 0C234A88 */  jal     func_808D2A20              
/* 01FD4 808D2654 02002025 */  or      $a0, $s0, $zero            ## $a0 = 00000000
/* 01FD8 808D2658 92090366 */  lbu     $t1, 0x0366($s0)           ## 00000366
/* 01FDC 808D265C 352A0001 */  ori     $t2, $t1, 0x0001           ## $t2 = 00000001
/* 01FE0 808D2660 1000000C */  beq     $zero, $zero, .L808D2694   
/* 01FE4 808D2664 A20A0366 */  sb      $t2, 0x0366($s0)           ## 00000366
/* 01FE8 808D2668 960B0090 */  lhu     $t3, 0x0090($s0)           ## 00000090
.L808D266C:
/* 01FEC 808D266C 02002025 */  or      $a0, $s0, $zero            ## $a0 = 00000000
/* 01FF0 808D2670 316C0002 */  andi    $t4, $t3, 0x0002           ## $t4 = 00000000
/* 01FF4 808D2674 51800008 */  beql    $t4, $zero, .L808D2698     
/* 01FF8 808D2678 C6040024 */  lwc1    $f4, 0x0024($s0)           ## 00000024
/* 01FFC 808D267C 44809000 */  mtc1    $zero, $f18                ## $f18 = 0.00
/* 02000 808D2680 24053937 */  addiu   $a1, $zero, 0x3937         ## $a1 = 00003937
/* 02004 808D2684 0C02E3B2 */  jal     func_800B8EC8              
/* 02008 808D2688 E6120070 */  swc1    $f18, 0x0070($s0)          ## 00000070
/* 0200C 808D268C 0C2345D0 */  jal     func_808D1740              
/* 02010 808D2690 02002025 */  or      $a0, $s0, $zero            ## $a0 = 00000000
.L808D2694:
/* 02014 808D2694 C6040024 */  lwc1    $f4, 0x0024($s0)           ## 00000024
.L808D2698:
/* 02018 808D2698 C6260024 */  lwc1    $f6, 0x0024($s1)           ## 00000024
/* 0201C 808D269C 3C0140A0 */  lui     $at, 0x40A0                ## $at = 40A00000
/* 02020 808D26A0 44811000 */  mtc1    $at, $f2                   ## $f2 = 5.00
/* 02024 808D26A4 46062001 */  sub.s   $f0, $f4, $f6              
/* 02028 808D26A8 46000005 */  abs.s   $f0, $f0                   
/* 0202C 808D26AC 4602003C */  c.lt.s  $f0, $f2                   
/* 02030 808D26B0 00000000 */  nop
/* 02034 808D26B4 4502000E */  bc1fl   .L808D26F0                 
/* 02038 808D26B8 8FBF001C */  lw      $ra, 0x001C($sp)           
/* 0203C 808D26BC C608002C */  lwc1    $f8, 0x002C($s0)           ## 0000002C
/* 02040 808D26C0 C62A002C */  lwc1    $f10, 0x002C($s1)          ## 0000002C
/* 02044 808D26C4 26040070 */  addiu   $a0, $s0, 0x0070           ## $a0 = 00000070
/* 02048 808D26C8 24050000 */  addiu   $a1, $zero, 0x0000         ## $a1 = 00000000
/* 0204C 808D26CC 460A4001 */  sub.s   $f0, $f8, $f10             
/* 02050 808D26D0 46000005 */  abs.s   $f0, $f0                   
/* 02054 808D26D4 4602003C */  c.lt.s  $f0, $f2                   
/* 02058 808D26D8 00000000 */  nop
/* 0205C 808D26DC 45020004 */  bc1fl   .L808D26F0                 
/* 02060 808D26E0 8FBF001C */  lw      $ra, 0x001C($sp)           
/* 02064 808D26E4 0C03FC0F */  jal     func_800FF03C              
/* 02068 808D26E8 3C064000 */  lui     $a2, 0x4000                ## $a2 = 40000000
/* 0206C 808D26EC 8FBF001C */  lw      $ra, 0x001C($sp)           
.L808D26F0:
/* 02070 808D26F0 8FB00014 */  lw      $s0, 0x0014($sp)           
/* 02074 808D26F4 8FB10018 */  lw      $s1, 0x0018($sp)           
/* 02078 808D26F8 03E00008 */  jr      $ra                        
/* 0207C 808D26FC 27BD0030 */  addiu   $sp, $sp, 0x0030           ## $sp = 00000000


glabel func_808D2700
/* 02080 808D2700 27BDFFE8 */  addiu   $sp, $sp, 0xFFE8           ## $sp = FFFFFFE8
/* 02084 808D2704 AFBF0014 */  sw      $ra, 0x0014($sp)           
/* 02088 808D2708 00803025 */  or      $a2, $a0, $zero            ## $a2 = 00000000
/* 0208C 808D270C 3C050601 */  lui     $a1, 0x0601                ## $a1 = 06010000
/* 02090 808D2710 24A59DB0 */  addiu   $a1, $a1, 0x9DB0           ## $a1 = 06009DB0
/* 02094 808D2714 24C40144 */  addiu   $a0, $a2, 0x0144           ## $a0 = 00000144
/* 02098 808D2718 0C04DD0C */  jal     func_80137430              
/* 0209C 808D271C AFA60018 */  sw      $a2, 0x0018($sp)           
/* 020A0 808D2720 8FA40018 */  lw      $a0, 0x0018($sp)           
/* 020A4 808D2724 44802000 */  mtc1    $zero, $f4                 ## $f4 = 0.00
/* 020A8 808D2728 240E05DC */  addiu   $t6, $zero, 0x05DC         ## $t6 = 000005DC
/* 020AC 808D272C 240F0040 */  addiu   $t7, $zero, 0x0040         ## $t7 = 00000040
/* 020B0 808D2730 A480018E */  sh      $zero, 0x018E($a0)         ## 0000018E
/* 020B4 808D2734 A48E0194 */  sh      $t6, 0x0194($a0)           ## 00000194
/* 020B8 808D2738 A48F001C */  sh      $t7, 0x001C($a0)           ## 0000001C
/* 020BC 808D273C 0C234234 */  jal     func_808D08D0              
/* 020C0 808D2740 E4840070 */  swc1    $f4, 0x0070($a0)           ## 00000070
/* 020C4 808D2744 8FA60018 */  lw      $a2, 0x0018($sp)           
/* 020C8 808D2748 3C18808D */  lui     $t8, %hi(func_808D2764)    ## $t8 = 808D0000
/* 020CC 808D274C 27182764 */  addiu   $t8, $t8, %lo(func_808D2764) ## $t8 = 808D2764
/* 020D0 808D2750 ACD80188 */  sw      $t8, 0x0188($a2)           ## 00000188
/* 020D4 808D2754 8FBF0014 */  lw      $ra, 0x0014($sp)           
/* 020D8 808D2758 27BD0018 */  addiu   $sp, $sp, 0x0018           ## $sp = 00000000
/* 020DC 808D275C 03E00008 */  jr      $ra                        
/* 020E0 808D2760 00000000 */  nop


glabel func_808D2764
/* 020E4 808D2764 27BDFFC0 */  addiu   $sp, $sp, 0xFFC0           ## $sp = FFFFFFC0
/* 020E8 808D2768 AFB00018 */  sw      $s0, 0x0018($sp)           
/* 020EC 808D276C 00808025 */  or      $s0, $a0, $zero            ## $s0 = 00000000
/* 020F0 808D2770 AFBF001C */  sw      $ra, 0x001C($sp)           
/* 020F4 808D2774 AFA50044 */  sw      $a1, 0x0044($sp)           
/* 020F8 808D2778 86020194 */  lh      $v0, 0x0194($s0)           ## 00000194
/* 020FC 808D277C 00003025 */  or      $a2, $zero, $zero          ## $a2 = 00000000
/* 02100 808D2780 10400003 */  beq     $v0, $zero, .L808D2790     
/* 02104 808D2784 244EFFFF */  addiu   $t6, $v0, 0xFFFF           ## $t6 = FFFFFFFF
/* 02108 808D2788 A60E0194 */  sh      $t6, 0x0194($s0)           ## 00000194
/* 0210C 808D278C 86020194 */  lh      $v0, 0x0194($s0)           ## 00000194
.L808D2790:
/* 02110 808D2790 8E040120 */  lw      $a0, 0x0120($s0)           ## 00000120
/* 02114 808D2794 14400016 */  bne     $v0, $zero, .L808D27F0     
/* 02118 808D2798 8E070124 */  lw      $a3, 0x0124($s0)           ## 00000124
/* 0211C 808D279C 8C8F0188 */  lw      $t7, 0x0188($a0)           ## 00000188
/* 02120 808D27A0 3C02808D */  lui     $v0, %hi(func_808D2AA8)    ## $v0 = 808D0000
/* 02124 808D27A4 24422AA8 */  addiu   $v0, $v0, %lo(func_808D2AA8) ## $v0 = 808D2AA8
/* 02128 808D27A8 104F0008 */  beq     $v0, $t7, .L808D27CC       
/* 0212C 808D27AC 8FA50044 */  lw      $a1, 0x0044($sp)           
/* 02130 808D27B0 AFA20028 */  sw      $v0, 0x0028($sp)           
/* 02134 808D27B4 AFA60034 */  sw      $a2, 0x0034($sp)           
/* 02138 808D27B8 0C2347B5 */  jal     func_808D1ED4              
/* 0213C 808D27BC AFA70038 */  sw      $a3, 0x0038($sp)           
/* 02140 808D27C0 8FA20028 */  lw      $v0, 0x0028($sp)           
/* 02144 808D27C4 8FA60034 */  lw      $a2, 0x0034($sp)           
/* 02148 808D27C8 8FA70038 */  lw      $a3, 0x0038($sp)           
.L808D27CC:
/* 0214C 808D27CC 8CF80188 */  lw      $t8, 0x0188($a3)           ## 00000188
/* 02150 808D27D0 00E02025 */  or      $a0, $a3, $zero            ## $a0 = 00000000
/* 02154 808D27D4 8FA50044 */  lw      $a1, 0x0044($sp)           
/* 02158 808D27D8 50580017 */  beql    $v0, $t8, .L808D2838       
/* 0215C 808D27DC C6020058 */  lwc1    $f2, 0x0058($s0)           ## 00000058
/* 02160 808D27E0 0C2347B5 */  jal     func_808D1ED4              
/* 02164 808D27E4 AFA60034 */  sw      $a2, 0x0034($sp)           
/* 02168 808D27E8 10000012 */  beq     $zero, $zero, .L808D2834   
/* 0216C 808D27EC 8FA60034 */  lw      $a2, 0x0034($sp)           
.L808D27F0:
/* 02170 808D27F0 8C830188 */  lw      $v1, 0x0188($a0)           ## 00000188
/* 02174 808D27F4 3C02808D */  lui     $v0, %hi(func_808D2AA8)    ## $v0 = 808D0000
/* 02178 808D27F8 24422AA8 */  addiu   $v0, $v0, %lo(func_808D2AA8) ## $v0 = 808D2AA8
/* 0217C 808D27FC 10430005 */  beq     $v0, $v1, .L808D2814       
/* 02180 808D2800 3C19808D */  lui     $t9, %hi(func_808D1F7C)    ## $t9 = 808D0000
/* 02184 808D2804 27391F7C */  addiu   $t9, $t9, %lo(func_808D1F7C) ## $t9 = 808D1F7C
/* 02188 808D2808 53230003 */  beql    $t9, $v1, .L808D2818       
/* 0218C 808D280C 8CE30188 */  lw      $v1, 0x0188($a3)           ## 00000188
/* 02190 808D2810 24060001 */  addiu   $a2, $zero, 0x0001         ## $a2 = 00000001
.L808D2814:
/* 02194 808D2814 8CE30188 */  lw      $v1, 0x0188($a3)           ## 00000188
.L808D2818:
/* 02198 808D2818 3C08808D */  lui     $t0, %hi(func_808D1F7C)    ## $t0 = 808D0000
/* 0219C 808D281C 25081F7C */  addiu   $t0, $t0, %lo(func_808D1F7C) ## $t0 = 808D1F7C
/* 021A0 808D2820 50430005 */  beql    $v0, $v1, .L808D2838       
/* 021A4 808D2824 C6020058 */  lwc1    $f2, 0x0058($s0)           ## 00000058
/* 021A8 808D2828 51030003 */  beql    $t0, $v1, .L808D2838       
/* 021AC 808D282C C6020058 */  lwc1    $f2, 0x0058($s0)           ## 00000058
/* 021B0 808D2830 24C60001 */  addiu   $a2, $a2, 0x0001           ## $a2 = 00000002
.L808D2834:
/* 021B4 808D2834 C6020058 */  lwc1    $f2, 0x0058($s0)           ## 00000058
.L808D2838:
/* 021B8 808D2838 24010001 */  addiu   $at, $zero, 0x0001         ## $at = 00000001
/* 021BC 808D283C 14C1000B */  bne     $a2, $at, .L808D286C       
/* 021C0 808D2840 46001306 */  mov.s   $f12, $f2                  
/* 021C4 808D2844 3C053BE5 */  lui     $a1, 0x3BE5                ## $a1 = 3BE50000
/* 021C8 808D2848 3C063A03 */  lui     $a2, 0x3A03                ## $a2 = 3A030000
/* 021CC 808D284C 34C6126F */  ori     $a2, $a2, 0x126F           ## $a2 = 3A03126F
/* 021D0 808D2850 34A56042 */  ori     $a1, $a1, 0x6042           ## $a1 = 3BE56042
/* 021D4 808D2854 26040058 */  addiu   $a0, $s0, 0x0058           ## $a0 = 00000058
/* 021D8 808D2858 0C03FC0F */  jal     func_800FF03C              
/* 021DC 808D285C E7AC0030 */  swc1    $f12, 0x0030($sp)          
/* 021E0 808D2860 C7AC0030 */  lwc1    $f12, 0x0030($sp)          
/* 021E4 808D2864 1000000B */  beq     $zero, $zero, .L808D2894   
/* 021E8 808D2868 C6020058 */  lwc1    $f2, 0x0058($s0)           ## 00000058
.L808D286C:
/* 021EC 808D286C 14C00009 */  bne     $a2, $zero, .L808D2894     
/* 021F0 808D2870 26040058 */  addiu   $a0, $s0, 0x0058           ## $a0 = 00000058
/* 021F4 808D2874 3C053C23 */  lui     $a1, 0x3C23                ## $a1 = 3C230000
/* 021F8 808D2878 3C063A03 */  lui     $a2, 0x3A03                ## $a2 = 3A030000
/* 021FC 808D287C 34C6126F */  ori     $a2, $a2, 0x126F           ## $a2 = 3A03126F
/* 02200 808D2880 34A5D70A */  ori     $a1, $a1, 0xD70A           ## $a1 = 3C23D70A
/* 02204 808D2884 0C03FC0F */  jal     func_800FF03C              
/* 02208 808D2888 E7AC0030 */  swc1    $f12, 0x0030($sp)          
/* 0220C 808D288C C7AC0030 */  lwc1    $f12, 0x0030($sp)          
/* 02210 808D2890 C6020058 */  lwc1    $f2, 0x0058($s0)           ## 00000058
.L808D2894:
/* 02214 808D2894 E6020060 */  swc1    $f2, 0x0060($s0)           ## 00000060
/* 02218 808D2898 E602005C */  swc1    $f2, 0x005C($s0)           ## 0000005C
/* 0221C 808D289C 3C01808D */  lui     $at, %hi(D_808D39A0)       ## $at = 808D0000
/* 02220 808D28A0 C42439A0 */  lwc1    $f4, %lo(D_808D39A0)($at)  
/* 02224 808D28A4 3C01808D */  lui     $at, %hi(D_808D39A4)       ## $at = 808D0000
/* 02228 808D28A8 46046032 */  c.eq.s  $f12, $f4                  
/* 0222C 808D28AC 00000000 */  nop
/* 02230 808D28B0 45030007 */  bc1tl   .L808D28D0                 
/* 02234 808D28B4 46026032 */  c.eq.s  $f12, $f2                  
/* 02238 808D28B8 C42639A4 */  lwc1    $f6, %lo(D_808D39A4)($at)  
/* 0223C 808D28BC 46066032 */  c.eq.s  $f12, $f6                  
/* 02240 808D28C0 00000000 */  nop
/* 02244 808D28C4 45000008 */  bc1f    .L808D28E8                 
/* 02248 808D28C8 00000000 */  nop
/* 0224C 808D28CC 46026032 */  c.eq.s  $f12, $f2                  
.L808D28D0:
/* 02250 808D28D0 02002025 */  or      $a0, $s0, $zero            ## $a0 = 00000000
/* 02254 808D28D4 45010004 */  bc1t    .L808D28E8                 
/* 02258 808D28D8 00000000 */  nop
/* 0225C 808D28DC 0C02E3B2 */  jal     func_800B8EC8              
/* 02260 808D28E0 24053934 */  addiu   $a1, $zero, 0x3934         ## $a1 = 00003934
/* 02264 808D28E4 C6020058 */  lwc1    $f2, 0x0058($s0)           ## 00000058
.L808D28E8:
/* 02268 808D28E8 3C02808D */  lui     $v0, %hi(D_808D38A0)       ## $v0 = 808D0000
/* 0226C 808D28EC 244238A0 */  addiu   $v0, $v0, %lo(D_808D38A0)  ## $v0 = 808D38A0
/* 02270 808D28F0 84490020 */  lh      $t1, 0x0020($v0)           ## 808D38C0
/* 02274 808D28F4 3C0142C8 */  lui     $at, 0x42C8                ## $at = 42C80000
/* 02278 808D28F8 44810000 */  mtc1    $at, $f0                   ## $f0 = 100.00
/* 0227C 808D28FC 44894000 */  mtc1    $t1, $f8                   ## $f8 = 0.00
/* 02280 808D2900 26040144 */  addiu   $a0, $s0, 0x0144           ## $a0 = 00000144
/* 02284 808D2904 468042A0 */  cvt.s.w $f10, $f8                  
/* 02288 808D2908 46005402 */  mul.s   $f16, $f10, $f0            
/* 0228C 808D290C 00000000 */  nop
/* 02290 808D2910 46028482 */  mul.s   $f18, $f16, $f2            
/* 02294 808D2914 4600910D */  trunc.w.s $f4, $f18                  
/* 02298 808D2918 440B2000 */  mfc1    $t3, $f4                   
/* 0229C 808D291C 00000000 */  nop
/* 022A0 808D2920 A60B0394 */  sh      $t3, 0x0394($s0)           ## 00000394
/* 022A4 808D2924 844C0022 */  lh      $t4, 0x0022($v0)           ## 808D38C2
/* 022A8 808D2928 448C3000 */  mtc1    $t4, $f6                   ## $f6 = 0.00
/* 022AC 808D292C 00000000 */  nop
/* 022B0 808D2930 46803220 */  cvt.s.w $f8, $f6                   
/* 022B4 808D2934 46004282 */  mul.s   $f10, $f8, $f0             
/* 022B8 808D2938 00000000 */  nop
/* 022BC 808D293C 46025402 */  mul.s   $f16, $f10, $f2            
/* 022C0 808D2940 4600848D */  trunc.w.s $f18, $f16                 
/* 022C4 808D2944 440E9000 */  mfc1    $t6, $f18                  
/* 022C8 808D2948 00000000 */  nop
/* 022CC 808D294C A60E0396 */  sh      $t6, 0x0396($s0)           ## 00000396
/* 022D0 808D2950 0C04DB34 */  jal     func_80136CD0              
/* 022D4 808D2954 AFA40024 */  sw      $a0, 0x0024($sp)           
/* 022D8 808D2958 10400029 */  beq     $v0, $zero, .L808D2A00     
/* 022DC 808D295C 8FA40024 */  lw      $a0, 0x0024($sp)           
/* 022E0 808D2960 3C01808D */  lui     $at, %hi(D_808D39A8)       ## $at = 808D0000
/* 022E4 808D2964 C42639A8 */  lwc1    $f6, %lo(D_808D39A8)($at)  
/* 022E8 808D2968 C6040058 */  lwc1    $f4, 0x0058($s0)           ## 00000058
/* 022EC 808D296C 4604303E */  c.le.s  $f6, $f4                   
/* 022F0 808D2970 00000000 */  nop
/* 022F4 808D2974 45020016 */  bc1fl   .L808D29D0                 
/* 022F8 808D2978 860C018E */  lh      $t4, 0x018E($s0)           ## 0000018E
/* 022FC 808D297C 8E0F0004 */  lw      $t7, 0x0004($s0)           ## 00000004
/* 02300 808D2980 2401FFEF */  addiu   $at, $zero, 0xFFEF         ## $at = FFFFFFEF
/* 02304 808D2984 02002025 */  or      $a0, $s0, $zero            ## $a0 = 00000000
/* 02308 808D2988 01E1C024 */  and     $t8, $t7, $at              
/* 0230C 808D298C 0C234242 */  jal     func_808D0908              
/* 02310 808D2990 AE180004 */  sw      $t8, 0x0004($s0)           ## 00000004
/* 02314 808D2994 8E190004 */  lw      $t9, 0x0004($s0)           ## 00000004
/* 02318 808D2998 2401FDFF */  addiu   $at, $zero, 0xFDFF         ## $at = FFFFFDFF
/* 0231C 808D299C A600001C */  sh      $zero, 0x001C($s0)         ## 0000001C
/* 02320 808D29A0 03214024 */  and     $t0, $t9, $at              
/* 02324 808D29A4 AE080004 */  sw      $t0, 0x0004($s0)           ## 00000004
/* 02328 808D29A8 350A0400 */  ori     $t2, $t0, 0x0400           ## $t2 = 00000400
/* 0232C 808D29AC AE0A0004 */  sw      $t2, 0x0004($s0)           ## 00000004
/* 02330 808D29B0 3C0B808D */  lui     $t3, %hi(D_808D38CC)       ## $t3 = 808D0000
/* 02334 808D29B4 916B38CC */  lbu     $t3, %lo(D_808D38CC)($t3)  
/* 02338 808D29B8 02002025 */  or      $a0, $s0, $zero            ## $a0 = 00000000
/* 0233C 808D29BC 0C234305 */  jal     func_808D0C14              
/* 02340 808D29C0 A20B00B7 */  sb      $t3, 0x00B7($s0)           ## 000000B7
/* 02344 808D29C4 1000000F */  beq     $zero, $zero, .L808D2A04   
/* 02348 808D29C8 02002025 */  or      $a0, $s0, $zero            ## $a0 = 00000000
/* 0234C 808D29CC 860C018E */  lh      $t4, 0x018E($s0)           ## 0000018E
.L808D29D0:
/* 02350 808D29D0 3C050601 */  lui     $a1, 0x0601                ## $a1 = 06010000
/* 02354 808D29D4 15800007 */  bne     $t4, $zero, .L808D29F4     
/* 02358 808D29D8 00000000 */  nop
/* 0235C 808D29DC 3C050600 */  lui     $a1, 0x0600                ## $a1 = 06000000
/* 02360 808D29E0 0C04DD0C */  jal     func_80137430              
/* 02364 808D29E4 24A539B0 */  addiu   $a1, $a1, 0x39B0           ## $a1 = 060039B0
/* 02368 808D29E8 240D0001 */  addiu   $t5, $zero, 0x0001         ## $t5 = 00000001
/* 0236C 808D29EC 10000004 */  beq     $zero, $zero, .L808D2A00   
/* 02370 808D29F0 A60D018E */  sh      $t5, 0x018E($s0)           ## 0000018E
.L808D29F4:
/* 02374 808D29F4 0C04DD0C */  jal     func_80137430              
/* 02378 808D29F8 24A59DB0 */  addiu   $a1, $a1, 0x9DB0           ## $a1 = FFFF9DB0
/* 0237C 808D29FC A600018E */  sh      $zero, 0x018E($s0)         ## 0000018E
.L808D2A00:
/* 02380 808D2A00 02002025 */  or      $a0, $s0, $zero            ## $a0 = 00000000
.L808D2A04:
/* 02384 808D2A04 0C02E404 */  jal     func_800B9010              
/* 02388 808D2A08 24053133 */  addiu   $a1, $zero, 0x3133         ## $a1 = 00003133
/* 0238C 808D2A0C 8FBF001C */  lw      $ra, 0x001C($sp)           
/* 02390 808D2A10 8FB00018 */  lw      $s0, 0x0018($sp)           
/* 02394 808D2A14 27BD0040 */  addiu   $sp, $sp, 0x0040           ## $sp = 00000000
/* 02398 808D2A18 03E00008 */  jr      $ra                        
/* 0239C 808D2A1C 00000000 */  nop


glabel func_808D2A20
/* 023A0 808D2A20 27BDFFE0 */  addiu   $sp, $sp, 0xFFE0           ## $sp = FFFFFFE0
/* 023A4 808D2A24 AFBF0014 */  sw      $ra, 0x0014($sp)           
/* 023A8 808D2A28 00802825 */  or      $a1, $a0, $zero            ## $a1 = 00000000
/* 023AC 808D2A2C 44802000 */  mtc1    $zero, $f4                 ## $f4 = 0.00
/* 023B0 808D2A30 8CA60120 */  lw      $a2, 0x0120($a1)           ## 00000120
/* 023B4 808D2A34 3C02808D */  lui     $v0, %hi(func_808D2AA8)    ## $v0 = 808D0000
/* 023B8 808D2A38 E4A402C4 */  swc1    $f4, 0x02C4($a1)           ## 000002C4
/* 023BC 808D2A3C 8CCE0188 */  lw      $t6, 0x0188($a2)           ## 00000188
/* 023C0 808D2A40 24422AA8 */  addiu   $v0, $v0, %lo(func_808D2AA8) ## $v0 = 808D2AA8
/* 023C4 808D2A44 8CA70124 */  lw      $a3, 0x0124($a1)           ## 00000124
/* 023C8 808D2A48 144E000E */  bne     $v0, $t6, .L808D2A84       
/* 023CC 808D2A4C 2401FFEE */  addiu   $at, $zero, 0xFFEE         ## $at = FFFFFFEE
/* 023D0 808D2A50 8CEF0188 */  lw      $t7, 0x0188($a3)           ## 00000188
/* 023D4 808D2A54 00C02025 */  or      $a0, $a2, $zero            ## $a0 = 00000000
/* 023D8 808D2A58 544F000B */  bnel    $v0, $t7, .L808D2A88       
/* 023DC 808D2A5C 8CB80004 */  lw      $t8, 0x0004($a1)           ## 00000004
/* 023E0 808D2A60 AFA50020 */  sw      $a1, 0x0020($sp)           
/* 023E4 808D2A64 0C234AAE */  jal     func_808D2AB8              
/* 023E8 808D2A68 AFA70018 */  sw      $a3, 0x0018($sp)           
/* 023EC 808D2A6C 0C234AAE */  jal     func_808D2AB8              
/* 023F0 808D2A70 8FA40018 */  lw      $a0, 0x0018($sp)           
/* 023F4 808D2A74 0C02D9C3 */  jal     func_800B670C              
/* 023F8 808D2A78 8FA40020 */  lw      $a0, 0x0020($sp)           
/* 023FC 808D2A7C 10000007 */  beq     $zero, $zero, .L808D2A9C   
/* 02400 808D2A80 8FBF0014 */  lw      $ra, 0x0014($sp)           
.L808D2A84:
/* 02404 808D2A84 8CB80004 */  lw      $t8, 0x0004($a1)           ## 00000004
.L808D2A88:
/* 02408 808D2A88 ACA0013C */  sw      $zero, 0x013C($a1)         ## 0000013C
/* 0240C 808D2A8C ACA20188 */  sw      $v0, 0x0188($a1)           ## 00000188
/* 02410 808D2A90 0301C824 */  and     $t9, $t8, $at              
/* 02414 808D2A94 ACB90004 */  sw      $t9, 0x0004($a1)           ## 00000004
/* 02418 808D2A98 8FBF0014 */  lw      $ra, 0x0014($sp)           
.L808D2A9C:
/* 0241C 808D2A9C 27BD0020 */  addiu   $sp, $sp, 0x0020           ## $sp = 00000000
/* 02420 808D2AA0 03E00008 */  jr      $ra                        
/* 02424 808D2AA4 00000000 */  nop


glabel func_808D2AA8
/* 02428 808D2AA8 AFA40000 */  sw      $a0, 0x0000($sp)           
/* 0242C 808D2AAC AFA50004 */  sw      $a1, 0x0004($sp)           
/* 02430 808D2AB0 03E00008 */  jr      $ra                        
/* 02434 808D2AB4 00000000 */  nop


glabel func_808D2AB8
/* 02438 808D2AB8 2402FFFC */  addiu   $v0, $zero, 0xFFFC         ## $v0 = FFFFFFFC
/* 0243C 808D2ABC 908E0364 */  lbu     $t6, 0x0364($a0)           ## 00000364
/* 02440 808D2AC0 90980365 */  lbu     $t8, 0x0365($a0)           ## 00000365
/* 02444 808D2AC4 90880366 */  lbu     $t0, 0x0366($a0)           ## 00000366
/* 02448 808D2AC8 3C0A808D */  lui     $t2, %hi(func_808D2AF4)    ## $t2 = 808D0000
/* 0244C 808D2ACC 254A2AF4 */  addiu   $t2, $t2, %lo(func_808D2AF4) ## $t2 = 808D2AF4
/* 02450 808D2AD0 01C27824 */  and     $t7, $t6, $v0              
/* 02454 808D2AD4 0302C824 */  and     $t9, $t8, $v0              
/* 02458 808D2AD8 01024824 */  and     $t1, $t0, $v0              
/* 0245C 808D2ADC A08F0364 */  sb      $t7, 0x0364($a0)           ## 00000364
/* 02460 808D2AE0 A0990365 */  sb      $t9, 0x0365($a0)           ## 00000365
/* 02464 808D2AE4 A0890366 */  sb      $t1, 0x0366($a0)           ## 00000366
/* 02468 808D2AE8 AC8A0188 */  sw      $t2, 0x0188($a0)           ## 00000188
/* 0246C 808D2AEC 03E00008 */  jr      $ra                        
/* 02470 808D2AF0 00000000 */  nop


glabel func_808D2AF4
/* 02474 808D2AF4 27BDFFE8 */  addiu   $sp, $sp, 0xFFE8           ## $sp = FFFFFFE8
/* 02478 808D2AF8 AFBF0014 */  sw      $ra, 0x0014($sp)           
/* 0247C 808D2AFC AFA5001C */  sw      $a1, 0x001C($sp)           
/* 02480 808D2B00 0C02D9C3 */  jal     func_800B670C              
/* 02484 808D2B04 00000000 */  nop
/* 02488 808D2B08 8FBF0014 */  lw      $ra, 0x0014($sp)           
/* 0248C 808D2B0C 27BD0018 */  addiu   $sp, $sp, 0x0018           ## $sp = 00000000
/* 02490 808D2B10 03E00008 */  jr      $ra                        
/* 02494 808D2B14 00000000 */  nop


glabel func_808D2B18
/* 02498 808D2B18 27BDFFD8 */  addiu   $sp, $sp, 0xFFD8           ## $sp = FFFFFFD8
/* 0249C 808D2B1C AFB00020 */  sw      $s0, 0x0020($sp)           
/* 024A0 808D2B20 00808025 */  or      $s0, $a0, $zero            ## $s0 = 00000000
/* 024A4 808D2B24 AFBF0024 */  sw      $ra, 0x0024($sp)           
/* 024A8 808D2B28 3C050600 */  lui     $a1, 0x0600                ## $a1 = 06000000
/* 024AC 808D2B2C 24A50590 */  addiu   $a1, $a1, 0x0590           ## $a1 = 06000590
/* 024B0 808D2B30 26040144 */  addiu   $a0, $s0, 0x0144           ## $a0 = 00000144
/* 024B4 808D2B34 0C04DD22 */  jal     func_80137488              
/* 024B8 808D2B38 3C06C040 */  lui     $a2, 0xC040                ## $a2 = C0400000
/* 024BC 808D2B3C 02002025 */  or      $a0, $s0, $zero            ## $a0 = 00000000
/* 024C0 808D2B40 0C02F941 */  jal     func_800BE504              
/* 024C4 808D2B44 26050354 */  addiu   $a1, $s0, 0x0354           ## $a1 = 00000354
/* 024C8 808D2B48 240E0014 */  addiu   $t6, $zero, 0x0014         ## $t6 = 00000014
/* 024CC 808D2B4C AFAE0010 */  sw      $t6, 0x0010($sp)           
/* 024D0 808D2B50 02002025 */  or      $a0, $s0, $zero            ## $a0 = 00000000
/* 024D4 808D2B54 24054000 */  addiu   $a1, $zero, 0x4000         ## $a1 = 00004000
/* 024D8 808D2B58 240600FF */  addiu   $a2, $zero, 0x00FF         ## $a2 = 000000FF
/* 024DC 808D2B5C 0C02F2DC */  jal     func_800BCB70              
/* 024E0 808D2B60 00003825 */  or      $a3, $zero, $zero          ## $a3 = 00000000
/* 024E4 808D2B64 3C0140A0 */  lui     $at, 0x40A0                ## $at = 40A00000
/* 024E8 808D2B68 44812000 */  mtc1    $at, $f4                   ## $f4 = 5.00
/* 024EC 808D2B6C 3C0140B0 */  lui     $at, 0x40B0                ## $at = 40B00000
/* 024F0 808D2B70 44813000 */  mtc1    $at, $f6                   ## $f6 = 5.50
/* 024F4 808D2B74 860F001C */  lh      $t7, 0x001C($s0)           ## 0000001C
/* 024F8 808D2B78 24010040 */  addiu   $at, $zero, 0x0040         ## $at = 00000040
/* 024FC 808D2B7C E6040070 */  swc1    $f4, 0x0070($s0)           ## 00000070
/* 02500 808D2B80 15E10019 */  bne     $t7, $at, .L808D2BE8       
/* 02504 808D2B84 E6060068 */  swc1    $f6, 0x0068($s0)           ## 00000068
/* 02508 808D2B88 8E040120 */  lw      $a0, 0x0120($s0)           ## 00000120
/* 0250C 808D2B8C 3C02808D */  lui     $v0, %hi(func_808D2AA8)    ## $v0 = 808D0000
/* 02510 808D2B90 24422AA8 */  addiu   $v0, $v0, %lo(func_808D2AA8) ## $v0 = 808D2AA8
/* 02514 808D2B94 8C980188 */  lw      $t8, 0x0188($a0)           ## 00000188
/* 02518 808D2B98 50580009 */  beql    $v0, $t8, .L808D2BC0       
/* 0251C 808D2B9C 8E040124 */  lw      $a0, 0x0124($s0)           ## 00000124
/* 02520 808D2BA0 909900B7 */  lbu     $t9, 0x00B7($a0)           ## 000000B7
/* 02524 808D2BA4 5B200006 */  blezl   $t9, .L808D2BC0            
/* 02528 808D2BA8 8E040124 */  lw      $a0, 0x0124($s0)           ## 00000124
/* 0252C 808D2BAC 0C2349C0 */  jal     func_808D2700              
/* 02530 808D2BB0 00000000 */  nop
/* 02534 808D2BB4 1000000B */  beq     $zero, $zero, .L808D2BE4   
/* 02538 808D2BB8 240A0020 */  addiu   $t2, $zero, 0x0020         ## $t2 = 00000020
/* 0253C 808D2BBC 8E040124 */  lw      $a0, 0x0124($s0)           ## 00000124
.L808D2BC0:
/* 02540 808D2BC0 8C880188 */  lw      $t0, 0x0188($a0)           ## 00000188
/* 02544 808D2BC4 50480007 */  beql    $v0, $t0, .L808D2BE4       
/* 02548 808D2BC8 240A0020 */  addiu   $t2, $zero, 0x0020         ## $t2 = 00000020
/* 0254C 808D2BCC 908900B7 */  lbu     $t1, 0x00B7($a0)           ## 000000B7
/* 02550 808D2BD0 59200004 */  blezl   $t1, .L808D2BE4            
/* 02554 808D2BD4 240A0020 */  addiu   $t2, $zero, 0x0020         ## $t2 = 00000020
/* 02558 808D2BD8 0C2349C0 */  jal     func_808D2700              
/* 0255C 808D2BDC 00000000 */  nop
/* 02560 808D2BE0 240A0020 */  addiu   $t2, $zero, 0x0020         ## $t2 = 00000020
.L808D2BE4:
/* 02564 808D2BE4 A60A001C */  sh      $t2, 0x001C($s0)           ## 0000001C
.L808D2BE8:
/* 02568 808D2BE8 3C0B808D */  lui     $t3, %hi(func_808D2C08)    ## $t3 = 808D0000
/* 0256C 808D2BEC 256B2C08 */  addiu   $t3, $t3, %lo(func_808D2C08) ## $t3 = 808D2C08
/* 02570 808D2BF0 AE0B0188 */  sw      $t3, 0x0188($s0)           ## 00000188
/* 02574 808D2BF4 8FBF0024 */  lw      $ra, 0x0024($sp)           
/* 02578 808D2BF8 8FB00020 */  lw      $s0, 0x0020($sp)           
/* 0257C 808D2BFC 27BD0028 */  addiu   $sp, $sp, 0x0028           ## $sp = 00000000
/* 02580 808D2C00 03E00008 */  jr      $ra                        
/* 02584 808D2C04 00000000 */  nop


glabel func_808D2C08
/* 02588 808D2C08 27BDFFD8 */  addiu   $sp, $sp, 0xFFD8           ## $sp = FFFFFFD8
/* 0258C 808D2C0C AFB00018 */  sw      $s0, 0x0018($sp)           
/* 02590 808D2C10 00808025 */  or      $s0, $a0, $zero            ## $s0 = 00000000
/* 02594 808D2C14 AFBF001C */  sw      $ra, 0x001C($sp)           
/* 02598 808D2C18 AFA5002C */  sw      $a1, 0x002C($sp)           
/* 0259C 808D2C1C 26040144 */  addiu   $a0, $s0, 0x0144           ## $a0 = 00000144
/* 025A0 808D2C20 0C04DB34 */  jal     func_80136CD0              
/* 025A4 808D2C24 AFA40024 */  sw      $a0, 0x0024($sp)           
/* 025A8 808D2C28 50400010 */  beql    $v0, $zero, .L808D2C6C     
/* 025AC 808D2C2C 8FA40024 */  lw      $a0, 0x0024($sp)           
/* 025B0 808D2C30 960E0090 */  lhu     $t6, 0x0090($s0)           ## 00000090
/* 025B4 808D2C34 31CF0001 */  andi    $t7, $t6, 0x0001           ## $t7 = 00000000
/* 025B8 808D2C38 51E0000C */  beql    $t7, $zero, .L808D2C6C     
/* 025BC 808D2C3C 8FA40024 */  lw      $a0, 0x0024($sp)           
/* 025C0 808D2C40 921800B7 */  lbu     $t8, 0x00B7($s0)           ## 000000B7
/* 025C4 808D2C44 02002025 */  or      $a0, $s0, $zero            ## $a0 = 00000000
/* 025C8 808D2C48 17000005 */  bne     $t8, $zero, .L808D2C60     
/* 025CC 808D2C4C 00000000 */  nop
/* 025D0 808D2C50 0C23424C */  jal     func_808D0930              
/* 025D4 808D2C54 8FA5002C */  lw      $a1, 0x002C($sp)           
/* 025D8 808D2C58 10000004 */  beq     $zero, $zero, .L808D2C6C   
/* 025DC 808D2C5C 8FA40024 */  lw      $a0, 0x0024($sp)           
.L808D2C60:
/* 025E0 808D2C60 0C234B37 */  jal     func_808D2CDC              
/* 025E4 808D2C64 02002025 */  or      $a0, $s0, $zero            ## $a0 = 00000000
/* 025E8 808D2C68 8FA40024 */  lw      $a0, 0x0024($sp)           
.L808D2C6C:
/* 025EC 808D2C6C 0C04DE2E */  jal     func_801378B8              
/* 025F0 808D2C70 3C054150 */  lui     $a1, 0x4150                ## $a1 = 41500000
/* 025F4 808D2C74 1040000F */  beq     $v0, $zero, .L808D2CB4     
/* 025F8 808D2C78 3C01808D */  lui     $at, %hi(D_808D39AC)       ## $at = 808D0000
/* 025FC 808D2C7C C42439AC */  lwc1    $f4, %lo(D_808D39AC)($at)  
/* 02600 808D2C80 C6060058 */  lwc1    $f6, 0x0058($s0)           ## 00000058
/* 02604 808D2C84 2405387B */  addiu   $a1, $zero, 0x387B         ## $a1 = 0000387B
/* 02608 808D2C88 02002025 */  or      $a0, $s0, $zero            ## $a0 = 00000000
/* 0260C 808D2C8C 4606203C */  c.lt.s  $f4, $f6                   
/* 02610 808D2C90 00000000 */  nop
/* 02614 808D2C94 45000005 */  bc1f    .L808D2CAC                 
/* 02618 808D2C98 00000000 */  nop
/* 0261C 808D2C9C 0C02E3B2 */  jal     func_800B8EC8              
/* 02620 808D2CA0 02002025 */  or      $a0, $s0, $zero            ## $a0 = 00000000
/* 02624 808D2CA4 10000004 */  beq     $zero, $zero, .L808D2CB8   
/* 02628 808D2CA8 3C063E4C */  lui     $a2, 0x3E4C                ## $a2 = 3E4C0000
.L808D2CAC:
/* 0262C 808D2CAC 0C02E3B2 */  jal     func_800B8EC8              
/* 02630 808D2CB0 2405387B */  addiu   $a1, $zero, 0x387B         ## $a1 = 0000387B
.L808D2CB4:
/* 02634 808D2CB4 3C063E4C */  lui     $a2, 0x3E4C                ## $a2 = 3E4C0000
.L808D2CB8:
/* 02638 808D2CB8 34C6CCCD */  ori     $a2, $a2, 0xCCCD           ## $a2 = 3E4CCCCD
/* 0263C 808D2CBC 26040070 */  addiu   $a0, $s0, 0x0070           ## $a0 = 00000070
/* 02640 808D2CC0 0C03FC0F */  jal     func_800FF03C              
/* 02644 808D2CC4 24050000 */  addiu   $a1, $zero, 0x0000         ## $a1 = 00000000
/* 02648 808D2CC8 8FBF001C */  lw      $ra, 0x001C($sp)           
/* 0264C 808D2CCC 8FB00018 */  lw      $s0, 0x0018($sp)           
/* 02650 808D2CD0 27BD0028 */  addiu   $sp, $sp, 0x0028           ## $sp = 00000000
/* 02654 808D2CD4 03E00008 */  jr      $ra                        
/* 02658 808D2CD8 00000000 */  nop


glabel func_808D2CDC
/* 0265C 808D2CDC 27BDFFE8 */  addiu   $sp, $sp, 0xFFE8           ## $sp = FFFFFFE8
/* 02660 808D2CE0 AFBF0014 */  sw      $ra, 0x0014($sp)           
/* 02664 808D2CE4 00803025 */  or      $a2, $a0, $zero            ## $a2 = 00000000
/* 02668 808D2CE8 3C050600 */  lui     $a1, 0x0600                ## $a1 = 06000000
/* 0266C 808D2CEC 24A50EA4 */  addiu   $a1, $a1, 0x0EA4           ## $a1 = 06000EA4
/* 02670 808D2CF0 24C40144 */  addiu   $a0, $a2, 0x0144           ## $a0 = 00000144
/* 02674 808D2CF4 0C04DD0C */  jal     func_80137430              
/* 02678 808D2CF8 AFA60018 */  sw      $a2, 0x0018($sp)           
/* 0267C 808D2CFC 8FA60018 */  lw      $a2, 0x0018($sp)           
/* 02680 808D2D00 44800000 */  mtc1    $zero, $f0                 ## $f0 = 0.00
/* 02684 808D2D04 3C0F808D */  lui     $t7, %hi(func_808D2D30)    ## $t7 = 808D0000
/* 02688 808D2D08 84CE00BE */  lh      $t6, 0x00BE($a2)           ## 000000BE
/* 0268C 808D2D0C 25EF2D30 */  addiu   $t7, $t7, %lo(func_808D2D30) ## $t7 = 808D2D30
/* 02690 808D2D10 ACCF0188 */  sw      $t7, 0x0188($a2)           ## 00000188
/* 02694 808D2D14 E4C00070 */  swc1    $f0, 0x0070($a2)           ## 00000070
/* 02698 808D2D18 E4C00068 */  swc1    $f0, 0x0068($a2)           ## 00000068
/* 0269C 808D2D1C A4CE0032 */  sh      $t6, 0x0032($a2)           ## 00000032
/* 026A0 808D2D20 8FBF0014 */  lw      $ra, 0x0014($sp)           
/* 026A4 808D2D24 27BD0018 */  addiu   $sp, $sp, 0x0018           ## $sp = 00000000
/* 026A8 808D2D28 03E00008 */  jr      $ra                        
/* 026AC 808D2D2C 00000000 */  nop


glabel func_808D2D30
/* 026B0 808D2D30 27BDFFE8 */  addiu   $sp, $sp, 0xFFE8           ## $sp = FFFFFFE8
/* 026B4 808D2D34 AFBF0014 */  sw      $ra, 0x0014($sp)           
/* 026B8 808D2D38 AFA40018 */  sw      $a0, 0x0018($sp)           
/* 026BC 808D2D3C AFA5001C */  sw      $a1, 0x001C($sp)           
/* 026C0 808D2D40 8FA40018 */  lw      $a0, 0x0018($sp)           
/* 026C4 808D2D44 0C04DB34 */  jal     func_80136CD0              
/* 026C8 808D2D48 24840144 */  addiu   $a0, $a0, 0x0144           ## $a0 = 00000144
/* 026CC 808D2D4C 50400004 */  beql    $v0, $zero, .L808D2D60     
/* 026D0 808D2D50 8FBF0014 */  lw      $ra, 0x0014($sp)           
/* 026D4 808D2D54 0C234305 */  jal     func_808D0C14              
/* 026D8 808D2D58 8FA40018 */  lw      $a0, 0x0018($sp)           
/* 026DC 808D2D5C 8FBF0014 */  lw      $ra, 0x0014($sp)           
.L808D2D60:
/* 026E0 808D2D60 27BD0018 */  addiu   $sp, $sp, 0x0018           ## $sp = 00000000
/* 026E4 808D2D64 03E00008 */  jr      $ra                        
/* 026E8 808D2D68 00000000 */  nop


glabel func_808D2D6C
/* 026EC 808D2D6C 27BDFFE8 */  addiu   $sp, $sp, 0xFFE8           ## $sp = FFFFFFE8
/* 026F0 808D2D70 44800000 */  mtc1    $zero, $f0                 ## $f0 = 0.00
/* 026F4 808D2D74 AFBF0014 */  sw      $ra, 0x0014($sp)           
/* 026F8 808D2D78 C4840068 */  lwc1    $f4, 0x0068($a0)           ## 00000068
/* 026FC 808D2D7C E4800070 */  swc1    $f0, 0x0070($a0)           ## 00000070
/* 02700 808D2D80 24850354 */  addiu   $a1, $a0, 0x0354           ## $a1 = 00000354
/* 02704 808D2D84 4604003C */  c.lt.s  $f0, $f4                   
/* 02708 808D2D88 00000000 */  nop
/* 0270C 808D2D8C 45000002 */  bc1f    .L808D2D98                 
/* 02710 808D2D90 00000000 */  nop
/* 02714 808D2D94 E4800068 */  swc1    $f0, 0x0068($a0)           ## 00000068
.L808D2D98:
/* 02718 808D2D98 0C02F941 */  jal     func_800BE504              
/* 0271C 808D2D9C AFA40018 */  sw      $a0, 0x0018($sp)           
/* 02720 808D2DA0 8FA40018 */  lw      $a0, 0x0018($sp)           
/* 02724 808D2DA4 3C0E808D */  lui     $t6, %hi(func_808D2DC0)    ## $t6 = 808D0000
/* 02728 808D2DA8 25CE2DC0 */  addiu   $t6, $t6, %lo(func_808D2DC0) ## $t6 = 808D2DC0
/* 0272C 808D2DAC AC8E0188 */  sw      $t6, 0x0188($a0)           ## 00000188
/* 02730 808D2DB0 8FBF0014 */  lw      $ra, 0x0014($sp)           
/* 02734 808D2DB4 27BD0018 */  addiu   $sp, $sp, 0x0018           ## $sp = 00000000
/* 02738 808D2DB8 03E00008 */  jr      $ra                        
/* 0273C 808D2DBC 00000000 */  nop


glabel func_808D2DC0
/* 02740 808D2DC0 27BDFFE8 */  addiu   $sp, $sp, 0xFFE8           ## $sp = FFFFFFE8
/* 02744 808D2DC4 AFBF0014 */  sw      $ra, 0x0014($sp)           
/* 02748 808D2DC8 AFA5001C */  sw      $a1, 0x001C($sp)           
/* 0274C 808D2DCC 8482018E */  lh      $v0, 0x018E($a0)           ## 0000018E
/* 02750 808D2DD0 10400003 */  beq     $v0, $zero, .L808D2DE0     
/* 02754 808D2DD4 244EFFFF */  addiu   $t6, $v0, 0xFFFF           ## $t6 = FFFFFFFF
/* 02758 808D2DD8 A48E018E */  sh      $t6, 0x018E($a0)           ## 0000018E
/* 0275C 808D2DDC 8482018E */  lh      $v0, 0x018E($a0)           ## 0000018E
.L808D2DE0:
/* 02760 808D2DE0 14400010 */  bne     $v0, $zero, .L808D2E24     
/* 02764 808D2DE4 8FA5001C */  lw      $a1, 0x001C($sp)           
/* 02768 808D2DE8 0C234292 */  jal     func_808D0A48              
/* 0276C 808D2DEC AFA40018 */  sw      $a0, 0x0018($sp)           
/* 02770 808D2DF0 8FA40018 */  lw      $a0, 0x0018($sp)           
/* 02774 808D2DF4 908F00B7 */  lbu     $t7, 0x00B7($a0)           ## 000000B7
/* 02778 808D2DF8 15E00008 */  bne     $t7, $zero, .L808D2E1C     
/* 0277C 808D2DFC 00000000 */  nop
/* 02780 808D2E00 90980365 */  lbu     $t8, 0x0365($a0)           ## 00000365
/* 02784 808D2E04 37190001 */  ori     $t9, $t8, 0x0001           ## $t9 = 00000001
/* 02788 808D2E08 A0990365 */  sb      $t9, 0x0365($a0)           ## 00000365
/* 0278C 808D2E0C 0C23424C */  jal     func_808D0930              
/* 02790 808D2E10 8FA5001C */  lw      $a1, 0x001C($sp)           
/* 02794 808D2E14 10000004 */  beq     $zero, $zero, .L808D2E28   
/* 02798 808D2E18 8FBF0014 */  lw      $ra, 0x0014($sp)           
.L808D2E1C:
/* 0279C 808D2E1C 0C234305 */  jal     func_808D0C14              
/* 027A0 808D2E20 00000000 */  nop
.L808D2E24:
/* 027A4 808D2E24 8FBF0014 */  lw      $ra, 0x0014($sp)           
.L808D2E28:
/* 027A8 808D2E28 27BD0018 */  addiu   $sp, $sp, 0x0018           ## $sp = 00000000
/* 027AC 808D2E2C 03E00008 */  jr      $ra                        
/* 027B0 808D2E30 00000000 */  nop


glabel func_808D2E34
/* 027B4 808D2E34 27BDFFC8 */  addiu   $sp, $sp, 0xFFC8           ## $sp = FFFFFFC8
/* 027B8 808D2E38 AFB00030 */  sw      $s0, 0x0030($sp)           
/* 027BC 808D2E3C 00808025 */  or      $s0, $a0, $zero            ## $s0 = 00000000
/* 027C0 808D2E40 AFBF0034 */  sw      $ra, 0x0034($sp)           
/* 027C4 808D2E44 AFA5003C */  sw      $a1, 0x003C($sp)           
/* 027C8 808D2E48 92020365 */  lbu     $v0, 0x0365($s0)           ## 00000365
/* 027CC 808D2E4C 02002025 */  or      $a0, $s0, $zero            ## $a0 = 00000000
/* 027D0 808D2E50 2605036C */  addiu   $a1, $s0, 0x036C           ## $a1 = 0000036C
/* 027D4 808D2E54 304E0002 */  andi    $t6, $v0, 0x0002           ## $t6 = 00000000
/* 027D8 808D2E58 11C000BF */  beq     $t6, $zero, .L808D3158     
/* 027DC 808D2E5C 304FFFFD */  andi    $t7, $v0, 0xFFFD           ## $t7 = 00000000
/* 027E0 808D2E60 0C02F896 */  jal     func_800BE258              
/* 027E4 808D2E64 A20F0365 */  sb      $t7, 0x0365($s0)           ## 00000365
/* 027E8 808D2E68 9218018C */  lbu     $t8, 0x018C($s0)           ## 0000018C
/* 027EC 808D2E6C 2401000A */  addiu   $at, $zero, 0x000A         ## $at = 0000000A
/* 027F0 808D2E70 57010009 */  bnel    $t8, $at, .L808D2E98       
/* 027F4 808D2E74 920A00B9 */  lbu     $t2, 0x00B9($s0)           ## 000000B9
/* 027F8 808D2E78 8E190390 */  lw      $t9, 0x0390($s0)           ## 00000390
/* 027FC 808D2E7C 3C01000D */  lui     $at, 0x000D                ## $at = 000D0000
/* 02800 808D2E80 3421B0B3 */  ori     $at, $at, 0xB0B3           ## $at = 000DB0B3
/* 02804 808D2E84 8F280000 */  lw      $t0, 0x0000($t9)           ## 00000000
/* 02808 808D2E88 01014824 */  and     $t1, $t0, $at              
/* 0280C 808D2E8C 552000B3 */  bnel    $t1, $zero, .L808D315C     
/* 02810 808D2E90 8FBF0034 */  lw      $ra, 0x0034($sp)           
/* 02814 808D2E94 920A00B9 */  lbu     $t2, 0x00B9($s0)           ## 000000B9
.L808D2E98:
/* 02818 808D2E98 2401000E */  addiu   $at, $zero, 0x000E         ## $at = 0000000E
/* 0281C 808D2E9C 55410014 */  bnel    $t2, $at, .L808D2EF0       
/* 02820 808D2EA0 920E0368 */  lbu     $t6, 0x0368($s0)           ## 00000368
/* 02824 808D2EA4 0C234242 */  jal     func_808D0908              
/* 02828 808D2EA8 02002025 */  or      $a0, $s0, $zero            ## $a0 = 00000000
/* 0282C 808D2EAC 3C01BF80 */  lui     $at, 0xBF80                ## $at = BF800000
/* 02830 808D2EB0 44812000 */  mtc1    $at, $f4                   ## $f4 = -1.00
/* 02834 808D2EB4 3C014080 */  lui     $at, 0x4080                ## $at = 40800000
/* 02838 808D2EB8 44813000 */  mtc1    $at, $f6                   ## $f6 = 4.00
/* 0283C 808D2EBC 240B0004 */  addiu   $t3, $zero, 0x0004         ## $t3 = 00000004
/* 02840 808D2EC0 240CF9C0 */  addiu   $t4, $zero, 0xF9C0         ## $t4 = FFFFF9C0
/* 02844 808D2EC4 A200011C */  sb      $zero, 0x011C($s0)         ## 0000011C
/* 02848 808D2EC8 A20B00B8 */  sb      $t3, 0x00B8($s0)           ## 000000B8
/* 0284C 808D2ECC A60C0192 */  sh      $t4, 0x0192($s0)           ## 00000192
/* 02850 808D2ED0 3C01808D */  lui     $at, %hi(D_808D39B0)       ## $at = 808D0000
/* 02854 808D2ED4 E6040074 */  swc1    $f4, 0x0074($s0)           ## 00000074
/* 02858 808D2ED8 E60602C4 */  swc1    $f6, 0x02C4($s0)           ## 000002C4
/* 0285C 808D2EDC C42839B0 */  lwc1    $f8, %lo(D_808D39B0)($at)  
/* 02860 808D2EE0 240D0014 */  addiu   $t5, $zero, 0x0014         ## $t5 = 00000014
/* 02864 808D2EE4 A20D018C */  sb      $t5, 0x018C($s0)           ## 0000018C
/* 02868 808D2EE8 E60802C8 */  swc1    $f8, 0x02C8($s0)           ## 000002C8
/* 0286C 808D2EEC 920E0368 */  lbu     $t6, 0x0368($s0)           ## 00000368
.L808D2EF0:
/* 02870 808D2EF0 2401000C */  addiu   $at, $zero, 0x000C         ## $at = 0000000C
/* 02874 808D2EF4 51C10099 */  beql    $t6, $at, .L808D315C       
/* 02878 808D2EF8 8FBF0034 */  lw      $ra, 0x0034($sp)           
/* 0287C 808D2EFC 0C02F88B */  jal     func_800BE22C              
/* 02880 808D2F00 02002025 */  or      $a0, $s0, $zero            ## $a0 = 00000000
/* 02884 808D2F04 14400017 */  bne     $v0, $zero, .L808D2F64     
/* 02888 808D2F08 3C01808D */  lui     $at, %hi(D_808D39B4)       ## $at = 808D0000
/* 0288C 808D2F0C C42A39B4 */  lwc1    $f10, %lo(D_808D39B4)($at) 
/* 02890 808D2F10 C6100058 */  lwc1    $f16, 0x0058($s0)          ## 00000058
/* 02894 808D2F14 24053896 */  addiu   $a1, $zero, 0x3896         ## $a1 = 00003896
/* 02898 808D2F18 02002025 */  or      $a0, $s0, $zero            ## $a0 = 00000000
/* 0289C 808D2F1C 4610503C */  c.lt.s  $f10, $f16                 
/* 028A0 808D2F20 00000000 */  nop
/* 028A4 808D2F24 45000005 */  bc1f    .L808D2F3C                 
/* 028A8 808D2F28 00000000 */  nop
/* 028AC 808D2F2C 0C02E3B2 */  jal     func_800B8EC8              
/* 028B0 808D2F30 02002025 */  or      $a0, $s0, $zero            ## $a0 = 00000000
/* 028B4 808D2F34 10000004 */  beq     $zero, $zero, .L808D2F48   
/* 028B8 808D2F38 8FA4003C */  lw      $a0, 0x003C($sp)           
.L808D2F3C:
/* 028BC 808D2F3C 0C02E3B2 */  jal     func_800B8EC8              
/* 028C0 808D2F40 24053932 */  addiu   $a1, $zero, 0x3932         ## $a1 = 00003932
/* 028C4 808D2F44 8FA4003C */  lw      $a0, 0x003C($sp)           
.L808D2F48:
/* 028C8 808D2F48 0C02EEA2 */  jal     func_800BBA88              
/* 028CC 808D2F4C 02002825 */  or      $a1, $s0, $zero            ## $a1 = 00000000
/* 028D0 808D2F50 8E0F0004 */  lw      $t7, 0x0004($s0)           ## 00000004
/* 028D4 808D2F54 2401FFFE */  addiu   $at, $zero, 0xFFFE         ## $at = FFFFFFFE
/* 028D8 808D2F58 01E1C024 */  and     $t8, $t7, $at              
/* 028DC 808D2F5C 10000007 */  beq     $zero, $zero, .L808D2F7C   
/* 028E0 808D2F60 AE180004 */  sw      $t8, 0x0004($s0)           ## 00000004
.L808D2F64:
/* 028E4 808D2F64 921900B8 */  lbu     $t9, 0x00B8($s0)           ## 000000B8
/* 028E8 808D2F68 02002025 */  or      $a0, $s0, $zero            ## $a0 = 00000000
/* 028EC 808D2F6C 53200004 */  beql    $t9, $zero, .L808D2F80     
/* 028F0 808D2F70 02002025 */  or      $a0, $s0, $zero            ## $a0 = 00000000
/* 028F4 808D2F74 0C02E3B2 */  jal     func_800B8EC8              
/* 028F8 808D2F78 24053895 */  addiu   $a1, $zero, 0x3895         ## $a1 = 00003895
.L808D2F7C:
/* 028FC 808D2F7C 02002025 */  or      $a0, $s0, $zero            ## $a0 = 00000000
.L808D2F80:
/* 02900 808D2F80 0C234292 */  jal     func_808D0A48              
/* 02904 808D2F84 8FA5003C */  lw      $a1, 0x003C($sp)           
/* 02908 808D2F88 920200B9 */  lbu     $v0, 0x00B9($s0)           ## 000000B9
/* 0290C 808D2F8C 2401000F */  addiu   $at, $zero, 0x000F         ## $at = 0000000F
/* 02910 808D2F90 10410071 */  beq     $v0, $at, .L808D3158       
/* 02914 808D2F94 24010003 */  addiu   $at, $zero, 0x0003         ## $at = 00000003
/* 02918 808D2F98 54410010 */  bnel    $v0, $at, .L808D2FDC       
/* 0291C 808D2F9C 24010001 */  addiu   $at, $zero, 0x0001         ## $at = 00000001
/* 02920 808D2FA0 0C234273 */  jal     func_808D09CC              
/* 02924 808D2FA4 02002025 */  or      $a0, $s0, $zero            ## $a0 = 00000000
/* 02928 808D2FA8 920800B7 */  lbu     $t0, 0x00B7($s0)           ## 000000B7
/* 0292C 808D2FAC 15000006 */  bne     $t0, $zero, .L808D2FC8     
/* 02930 808D2FB0 00000000 */  nop
/* 02934 808D2FB4 920A0365 */  lbu     $t2, 0x0365($s0)           ## 00000365
/* 02938 808D2FB8 24090003 */  addiu   $t1, $zero, 0x0003         ## $t1 = 00000003
/* 0293C 808D2FBC A609018E */  sh      $t1, 0x018E($s0)           ## 0000018E
/* 02940 808D2FC0 314BFFFE */  andi    $t3, $t2, 0xFFFE           ## $t3 = 00000000
/* 02944 808D2FC4 A20B0365 */  sb      $t3, 0x0365($s0)           ## 00000365
.L808D2FC8:
/* 02948 808D2FC8 0C234B5B */  jal     func_808D2D6C              
/* 0294C 808D2FCC 02002025 */  or      $a0, $s0, $zero            ## $a0 = 00000000
/* 02950 808D2FD0 10000062 */  beq     $zero, $zero, .L808D315C   
/* 02954 808D2FD4 8FBF0034 */  lw      $ra, 0x0034($sp)           
/* 02958 808D2FD8 24010001 */  addiu   $at, $zero, 0x0001         ## $at = 00000001
.L808D2FDC:
/* 0295C 808D2FDC 14410010 */  bne     $v0, $at, .L808D3020       
/* 02960 808D2FE0 240C0028 */  addiu   $t4, $zero, 0x0028         ## $t4 = 00000028
/* 02964 808D2FE4 A60C018E */  sh      $t4, 0x018E($s0)           ## 0000018E
/* 02968 808D2FE8 240D0028 */  addiu   $t5, $zero, 0x0028         ## $t5 = 00000028
/* 0296C 808D2FEC AFAD0010 */  sw      $t5, 0x0010($sp)           
/* 02970 808D2FF0 02002025 */  or      $a0, $s0, $zero            ## $a0 = 00000000
/* 02974 808D2FF4 00002825 */  or      $a1, $zero, $zero          ## $a1 = 00000000
/* 02978 808D2FF8 240600FF */  addiu   $a2, $zero, 0x00FF         ## $a2 = 000000FF
/* 0297C 808D2FFC 0C02F2DC */  jal     func_800BCB70              
/* 02980 808D3000 00003825 */  or      $a3, $zero, $zero          ## $a3 = 00000000
/* 02984 808D3004 02002025 */  or      $a0, $s0, $zero            ## $a0 = 00000000
/* 02988 808D3008 0C02E3B2 */  jal     func_800B8EC8              
/* 0298C 808D300C 2405389E */  addiu   $a1, $zero, 0x389E         ## $a1 = 0000389E
/* 02990 808D3010 0C234B5B */  jal     func_808D2D6C              
/* 02994 808D3014 02002025 */  or      $a0, $s0, $zero            ## $a0 = 00000000
/* 02998 808D3018 10000050 */  beq     $zero, $zero, .L808D315C   
/* 0299C 808D301C 8FBF0034 */  lw      $ra, 0x0034($sp)           
.L808D3020:
/* 029A0 808D3020 24010005 */  addiu   $at, $zero, 0x0005         ## $at = 00000005
/* 029A4 808D3024 14410018 */  bne     $v0, $at, .L808D3088       
/* 029A8 808D3028 240E0028 */  addiu   $t6, $zero, 0x0028         ## $t6 = 00000028
/* 029AC 808D302C A60E018E */  sh      $t6, 0x018E($s0)           ## 0000018E
/* 029B0 808D3030 240F0028 */  addiu   $t7, $zero, 0x0028         ## $t7 = 00000028
/* 029B4 808D3034 AFAF0010 */  sw      $t7, 0x0010($sp)           
/* 029B8 808D3038 02002025 */  or      $a0, $s0, $zero            ## $a0 = 00000000
/* 029BC 808D303C 00002825 */  or      $a1, $zero, $zero          ## $a1 = 00000000
/* 029C0 808D3040 240600FF */  addiu   $a2, $zero, 0x00FF         ## $a2 = 000000FF
/* 029C4 808D3044 0C02F2DC */  jal     func_800BCB70              
/* 029C8 808D3048 00003825 */  or      $a3, $zero, $zero          ## $a3 = 00000000
/* 029CC 808D304C 02002025 */  or      $a0, $s0, $zero            ## $a0 = 00000000
/* 029D0 808D3050 0C02E3B2 */  jal     func_800B8EC8              
/* 029D4 808D3054 2405389E */  addiu   $a1, $zero, 0x389E         ## $a1 = 0000389E
/* 029D8 808D3058 3C01808D */  lui     $at, %hi(D_808D39B8)       ## $at = 808D0000
/* 029DC 808D305C C43239B8 */  lwc1    $f18, %lo(D_808D39B8)($at) 
/* 029E0 808D3060 3C014000 */  lui     $at, 0x4000                ## $at = 40000000
/* 029E4 808D3064 44812000 */  mtc1    $at, $f4                   ## $f4 = 2.00
/* 029E8 808D3068 2418001F */  addiu   $t8, $zero, 0x001F         ## $t8 = 0000001F
/* 029EC 808D306C A218018C */  sb      $t8, 0x018C($s0)           ## 0000018C
/* 029F0 808D3070 02002025 */  or      $a0, $s0, $zero            ## $a0 = 00000000
/* 029F4 808D3074 E61202C8 */  swc1    $f18, 0x02C8($s0)          ## 000002C8
/* 029F8 808D3078 0C234B5B */  jal     func_808D2D6C              
/* 029FC 808D307C E60402C4 */  swc1    $f4, 0x02C4($s0)           ## 000002C4
/* 02A00 808D3080 10000036 */  beq     $zero, $zero, .L808D315C   
/* 02A04 808D3084 8FBF0034 */  lw      $ra, 0x0034($sp)           
.L808D3088:
/* 02A08 808D3088 24010002 */  addiu   $at, $zero, 0x0002         ## $at = 00000002
/* 02A0C 808D308C 14410008 */  bne     $v0, $at, .L808D30B0       
/* 02A10 808D3090 3C014080 */  lui     $at, 0x4080                ## $at = 40800000
/* 02A14 808D3094 44813000 */  mtc1    $at, $f6                   ## $f6 = 4.00
/* 02A18 808D3098 3C01808D */  lui     $at, %hi(D_808D39BC)       ## $at = 808D0000
/* 02A1C 808D309C E60602C4 */  swc1    $f6, 0x02C4($s0)           ## 000002C4
/* 02A20 808D30A0 C42839BC */  lwc1    $f8, %lo(D_808D39BC)($at)  
/* 02A24 808D30A4 A200018C */  sb      $zero, 0x018C($s0)         ## 0000018C
/* 02A28 808D30A8 10000029 */  beq     $zero, $zero, .L808D3150   
/* 02A2C 808D30AC E60802C8 */  swc1    $f8, 0x02C8($s0)           ## 000002C8
.L808D30B0:
/* 02A30 808D30B0 24010004 */  addiu   $at, $zero, 0x0004         ## $at = 00000004
/* 02A34 808D30B4 14410026 */  bne     $v0, $at, .L808D3150       
/* 02A38 808D30B8 24190014 */  addiu   $t9, $zero, 0x0014         ## $t9 = 00000014
/* 02A3C 808D30BC 3C014080 */  lui     $at, 0x4080                ## $at = 40800000
/* 02A40 808D30C0 44815000 */  mtc1    $at, $f10                  ## $f10 = 4.00
/* 02A44 808D30C4 3C01808D */  lui     $at, %hi(D_808D39C0)       ## $at = 808D0000
/* 02A48 808D30C8 C6040058 */  lwc1    $f4, 0x0058($s0)           ## 00000058
/* 02A4C 808D30CC E60A02C4 */  swc1    $f10, 0x02C4($s0)          ## 000002C4
/* 02A50 808D30D0 C43039C0 */  lwc1    $f16, %lo(D_808D39C0)($at) 
/* 02A54 808D30D4 A219018C */  sb      $t9, 0x018C($s0)           ## 0000018C
/* 02A58 808D30D8 3C01808D */  lui     $at, %hi(D_808D39C4)       ## $at = 808D0000
/* 02A5C 808D30DC E61002C8 */  swc1    $f16, 0x02C8($s0)          ## 000002C8
/* 02A60 808D30E0 C43239C4 */  lwc1    $f18, %lo(D_808D39C4)($at) 
/* 02A64 808D30E4 24020003 */  addiu   $v0, $zero, 0x0003         ## $v0 = 00000003
/* 02A68 808D30E8 4604903C */  c.lt.s  $f18, $f4                  
/* 02A6C 808D30EC 00000000 */  nop
/* 02A70 808D30F0 45000003 */  bc1f    .L808D3100                 
/* 02A74 808D30F4 00000000 */  nop
/* 02A78 808D30F8 10000001 */  beq     $zero, $zero, .L808D3100   
/* 02A7C 808D30FC 24020004 */  addiu   $v0, $zero, 0x0004         ## $v0 = 00000004
.L808D3100:
/* 02A80 808D3100 860A037C */  lh      $t2, 0x037C($s0)           ## 0000037C
/* 02A84 808D3104 8609037A */  lh      $t1, 0x037A($s0)           ## 0000037A
/* 02A88 808D3108 8FA5003C */  lw      $a1, 0x003C($sp)           
/* 02A8C 808D310C 448A4000 */  mtc1    $t2, $f8                   ## $f8 = 0.00
/* 02A90 808D3110 44893000 */  mtc1    $t1, $f6                   ## $f6 = 0.00
/* 02A94 808D3114 240600A2 */  addiu   $a2, $zero, 0x00A2         ## $a2 = 000000A2
/* 02A98 808D3118 468042A0 */  cvt.s.w $f10, $f8                  
/* 02A9C 808D311C 24A41CA0 */  addiu   $a0, $a1, 0x1CA0           ## $a0 = 00001CA0
/* 02AA0 808D3120 468031A0 */  cvt.s.w $f6, $f6                   
/* 02AA4 808D3124 E7AA0010 */  swc1    $f10, 0x0010($sp)          
/* 02AA8 808D3128 860B037E */  lh      $t3, 0x037E($s0)           ## 0000037E
/* 02AAC 808D312C AFA20024 */  sw      $v0, 0x0024($sp)           
/* 02AB0 808D3130 AFA00020 */  sw      $zero, 0x0020($sp)         
/* 02AB4 808D3134 448B8000 */  mtc1    $t3, $f16                  ## $f16 = 0.00
/* 02AB8 808D3138 44073000 */  mfc1    $a3, $f6                   
/* 02ABC 808D313C AFA0001C */  sw      $zero, 0x001C($sp)         
/* 02AC0 808D3140 468084A0 */  cvt.s.w $f18, $f16                 
/* 02AC4 808D3144 AFA00018 */  sw      $zero, 0x0018($sp)         
/* 02AC8 808D3148 0C02EB18 */  jal     func_800BAC60              
/* 02ACC 808D314C E7B20014 */  swc1    $f18, 0x0014($sp)          
.L808D3150:
/* 02AD0 808D3150 0C234AC6 */  jal     func_808D2B18              
/* 02AD4 808D3154 02002025 */  or      $a0, $s0, $zero            ## $a0 = 00000000
.L808D3158:
/* 02AD8 808D3158 8FBF0034 */  lw      $ra, 0x0034($sp)           
.L808D315C:
/* 02ADC 808D315C 8FB00030 */  lw      $s0, 0x0030($sp)           
/* 02AE0 808D3160 27BD0038 */  addiu   $sp, $sp, 0x0038           ## $sp = 00000000
/* 02AE4 808D3164 03E00008 */  jr      $ra                        
/* 02AE8 808D3168 00000000 */  nop


glabel func_808D316C
/* 02AEC 808D316C 27BDFFC0 */  addiu   $sp, $sp, 0xFFC0           ## $sp = FFFFFFC0
/* 02AF0 808D3170 AFB00020 */  sw      $s0, 0x0020($sp)           
/* 02AF4 808D3174 00808025 */  or      $s0, $a0, $zero            ## $s0 = 00000000
/* 02AF8 808D3178 AFBF0024 */  sw      $ra, 0x0024($sp)           
/* 02AFC 808D317C AFA50044 */  sw      $a1, 0x0044($sp)           
/* 02B00 808D3180 8E0F0188 */  lw      $t7, 0x0188($s0)           ## 00000188
/* 02B04 808D3184 3C0E808D */  lui     $t6, %hi(func_808D2AA8)    ## $t6 = 808D0000
/* 02B08 808D3188 25CE2AA8 */  addiu   $t6, $t6, %lo(func_808D2AA8) ## $t6 = 808D2AA8
/* 02B0C 808D318C 51CF00BA */  beql    $t6, $t7, .L808D3478       
/* 02B10 808D3190 8FBF0024 */  lw      $ra, 0x0024($sp)           
/* 02B14 808D3194 92020364 */  lbu     $v0, 0x0364($s0)           ## 00000364
/* 02B18 808D3198 3C01C0A0 */  lui     $at, 0xC0A0                ## $at = C0A00000
/* 02B1C 808D319C 30580002 */  andi    $t8, $v0, 0x0002           ## $t8 = 00000000
/* 02B20 808D31A0 53000017 */  beql    $t8, $zero, .L808D3200     
/* 02B24 808D31A4 02002025 */  or      $a0, $s0, $zero            ## $a0 = 00000000
/* 02B28 808D31A8 44811000 */  mtc1    $at, $f2                   ## $f2 = -5.00
/* 02B2C 808D31AC 3C01BF00 */  lui     $at, 0xBF00                ## $at = BF000000
/* 02B30 808D31B0 44813000 */  mtc1    $at, $f6                   ## $f6 = -0.50
/* 02B34 808D31B4 C6040070 */  lwc1    $f4, 0x0070($s0)           ## 00000070
/* 02B38 808D31B8 3C0140A0 */  lui     $at, 0x40A0                ## $at = 40A00000
/* 02B3C 808D31BC 3059FFFD */  andi    $t9, $v0, 0xFFFD           ## $t9 = 00000000
/* 02B40 808D31C0 46062202 */  mul.s   $f8, $f4, $f6              
/* 02B44 808D31C4 44815000 */  mtc1    $at, $f10                  ## $f10 = 5.00
/* 02B48 808D31C8 A2190364 */  sb      $t9, 0x0364($s0)           ## 00000364
/* 02B4C 808D31CC 02002025 */  or      $a0, $s0, $zero            ## $a0 = 00000000
/* 02B50 808D31D0 E6080070 */  swc1    $f8, 0x0070($s0)           ## 00000070
/* 02B54 808D31D4 C6000070 */  lwc1    $f0, 0x0070($s0)           ## 00000070
/* 02B58 808D31D8 4600103C */  c.lt.s  $f2, $f0                   
/* 02B5C 808D31DC 00000000 */  nop
/* 02B60 808D31E0 45020004 */  bc1fl   .L808D31F4                 
/* 02B64 808D31E4 E6000070 */  swc1    $f0, 0x0070($s0)           ## 00000070
/* 02B68 808D31E8 10000002 */  beq     $zero, $zero, .L808D31F4   
/* 02B6C 808D31EC E6020070 */  swc1    $f2, 0x0070($s0)           ## 00000070
/* 02B70 808D31F0 E6000070 */  swc1    $f0, 0x0070($s0)           ## 00000070
.L808D31F4:
/* 02B74 808D31F4 0C2345D0 */  jal     func_808D1740              
/* 02B78 808D31F8 E60A0068 */  swc1    $f10, 0x0068($s0)          ## 00000068
/* 02B7C 808D31FC 02002025 */  or      $a0, $s0, $zero            ## $a0 = 00000000
.L808D3200:
/* 02B80 808D3200 0C234B8D */  jal     func_808D2E34              
/* 02B84 808D3204 8FA50044 */  lw      $a1, 0x0044($sp)           
/* 02B88 808D3208 8E190188 */  lw      $t9, 0x0188($s0)           ## 00000188
/* 02B8C 808D320C 02002025 */  or      $a0, $s0, $zero            ## $a0 = 00000000
/* 02B90 808D3210 8FA50044 */  lw      $a1, 0x0044($sp)           
/* 02B94 808D3214 0320F809 */  jalr    $ra, $t9                   
/* 02B98 808D3218 00000000 */  nop
/* 02B9C 808D321C 8E030188 */  lw      $v1, 0x0188($s0)           ## 00000188
/* 02BA0 808D3220 3C08808D */  lui     $t0, %hi(func_808D2AF4)    ## $t0 = 808D0000
/* 02BA4 808D3224 25082AF4 */  addiu   $t0, $t0, %lo(func_808D2AF4) ## $t0 = 808D2AF4
/* 02BA8 808D3228 11030092 */  beq     $t0, $v1, .L808D3474       
/* 02BAC 808D322C 3C09808D */  lui     $t1, %hi(func_808D2C08)    ## $t1 = 808D0000
/* 02BB0 808D3230 25292C08 */  addiu   $t1, $t1, %lo(func_808D2C08) ## $t1 = 808D2C08
/* 02BB4 808D3234 11230004 */  beq     $t1, $v1, .L808D3248       
/* 02BB8 808D3238 AFA90030 */  sw      $t1, 0x0030($sp)           
/* 02BBC 808D323C 860A00BE */  lh      $t2, 0x00BE($s0)           ## 000000BE
/* 02BC0 808D3240 8E030188 */  lw      $v1, 0x0188($s0)           ## 00000188
/* 02BC4 808D3244 A60A0032 */  sh      $t2, 0x0032($s0)           ## 00000032
.L808D3248:
/* 02BC8 808D3248 3C0B808D */  lui     $t3, %hi(func_808D22C8)    ## $t3 = 808D0000
/* 02BCC 808D324C 256B22C8 */  addiu   $t3, $t3, %lo(func_808D22C8) ## $t3 = 808D22C8
/* 02BD0 808D3250 11630003 */  beq     $t3, $v1, .L808D3260       
/* 02BD4 808D3254 AFAB002C */  sw      $t3, 0x002C($sp)           
/* 02BD8 808D3258 0C02DAA2 */  jal     func_800B6A88              
/* 02BDC 808D325C 02002025 */  or      $a0, $s0, $zero            ## $a0 = 00000000
.L808D3260:
/* 02BE0 808D3260 3C01808D */  lui     $at, %hi(D_808D39C8)       ## $at = 808D0000
/* 02BE4 808D3264 C43239C8 */  lwc1    $f18, %lo(D_808D39C8)($at) 
/* 02BE8 808D3268 C6100058 */  lwc1    $f16, 0x0058($s0)          ## 00000058
/* 02BEC 808D326C 44803000 */  mtc1    $zero, $f6                 ## $f6 = 0.00
/* 02BF0 808D3270 240C001D */  addiu   $t4, $zero, 0x001D         ## $t4 = 0000001D
/* 02BF4 808D3274 46128102 */  mul.s   $f4, $f16, $f18            
/* 02BF8 808D3278 AFAC0014 */  sw      $t4, 0x0014($sp)           
/* 02BFC 808D327C 8FA40044 */  lw      $a0, 0x0044($sp)           
/* 02C00 808D3280 02002825 */  or      $a1, $s0, $zero            ## $a1 = 00000000
/* 02C04 808D3284 3C0641A0 */  lui     $a2, 0x41A0                ## $a2 = 41A00000
/* 02C08 808D3288 E7A60010 */  swc1    $f6, 0x0010($sp)           
/* 02C0C 808D328C 44072000 */  mfc1    $a3, $f4                   
/* 02C10 808D3290 0C02DE2E */  jal     func_800B78B8              
/* 02C14 808D3294 00000000 */  nop
/* 02C18 808D3298 26050354 */  addiu   $a1, $s0, 0x0354           ## $a1 = 00000354
/* 02C1C 808D329C AFA50028 */  sw      $a1, 0x0028($sp)           
/* 02C20 808D32A0 0C039F7E */  jal     func_800E7DF8              
/* 02C24 808D32A4 02002025 */  or      $a0, $s0, $zero            ## $a0 = 00000000
/* 02C28 808D32A8 8E030188 */  lw      $v1, 0x0188($s0)           ## 00000188
/* 02C2C 808D32AC 3C0D808D */  lui     $t5, %hi(func_808D1650)    ## $t5 = 808D0000
/* 02C30 808D32B0 25AD1650 */  addiu   $t5, $t5, %lo(func_808D1650) ## $t5 = 808D1650
/* 02C34 808D32B4 55A3000D */  bnel    $t5, $v1, .L808D32EC       
/* 02C38 808D32B8 8FB8002C */  lw      $t8, 0x002C($sp)           
/* 02C3C 808D32BC 8E0E0004 */  lw      $t6, 0x0004($s0)           ## 00000004
/* 02C40 808D32C0 3C010100 */  lui     $at, 0x0100                ## $at = 01000000
/* 02C44 808D32C4 8FA40044 */  lw      $a0, 0x0044($sp)           
/* 02C48 808D32C8 01C17825 */  or      $t7, $t6, $at              ## $t7 = 01000000
/* 02C4C 808D32CC 3C010001 */  lui     $at, 0x0001                ## $at = 00010000
/* 02C50 808D32D0 AE0F0004 */  sw      $t7, 0x0004($s0)           ## 00000004
/* 02C54 808D32D4 34218884 */  ori     $at, $at, 0x8884           ## $at = 00018884
/* 02C58 808D32D8 8FA60028 */  lw      $a2, 0x0028($sp)           
/* 02C5C 808D32DC 0C038956 */  jal     func_800E2558              
/* 02C60 808D32E0 00812821 */  addu    $a1, $a0, $at              
/* 02C64 808D32E4 8E030188 */  lw      $v1, 0x0188($s0)           ## 00000188
/* 02C68 808D32E8 8FB8002C */  lw      $t8, 0x002C($sp)           
.L808D32EC:
/* 02C6C 808D32EC 3C19808D */  lui     $t9, %hi(func_808D1B44)    ## $t9 = 808D0000
/* 02C70 808D32F0 27391B44 */  addiu   $t9, $t9, %lo(func_808D1B44) ## $t9 = 808D1B44
/* 02C74 808D32F4 1303001F */  beq     $t8, $v1, .L808D3374       
/* 02C78 808D32F8 00000000 */  nop
/* 02C7C 808D32FC 1323000C */  beq     $t9, $v1, .L808D3330       
/* 02C80 808D3300 8FA80030 */  lw      $t0, 0x0030($sp)           
/* 02C84 808D3304 1103000A */  beq     $t0, $v1, .L808D3330       
/* 02C88 808D3308 3C09808D */  lui     $t1, %hi(func_808D1F7C)    ## $t1 = 808D0000
/* 02C8C 808D330C 25291F7C */  addiu   $t1, $t1, %lo(func_808D1F7C) ## $t1 = 808D1F7C
/* 02C90 808D3310 11230007 */  beq     $t1, $v1, .L808D3330       
/* 02C94 808D3314 8FA40044 */  lw      $a0, 0x0044($sp)           
/* 02C98 808D3318 3C010001 */  lui     $at, 0x0001                ## $at = 00010000
/* 02C9C 808D331C 34218884 */  ori     $at, $at, 0x8884           ## $at = 00018884
/* 02CA0 808D3320 00812821 */  addu    $a1, $a0, $at              
/* 02CA4 808D3324 0C0389D0 */  jal     func_800E2740              
/* 02CA8 808D3328 8FA60028 */  lw      $a2, 0x0028($sp)           
/* 02CAC 808D332C 8E030188 */  lw      $v1, 0x0188($s0)           ## 00000188
.L808D3330:
/* 02CB0 808D3330 3C0B808D */  lui     $t3, %hi(func_808D24F0)    ## $t3 = 808D0000
/* 02CB4 808D3334 256B24F0 */  addiu   $t3, $t3, %lo(func_808D24F0) ## $t3 = 808D24F0
/* 02CB8 808D3338 15630008 */  bne     $t3, $v1, .L808D335C       
/* 02CBC 808D333C 3C0141A0 */  lui     $at, 0x41A0                ## $at = 41A00000
/* 02CC0 808D3340 C608015C */  lwc1    $f8, 0x015C($s0)           ## 0000015C
/* 02CC4 808D3344 44815000 */  mtc1    $at, $f10                  ## $f10 = 20.00
/* 02CC8 808D3348 00000000 */  nop
/* 02CCC 808D334C 460A403C */  c.lt.s  $f8, $f10                  
/* 02CD0 808D3350 00000000 */  nop
/* 02CD4 808D3354 45000007 */  bc1f    .L808D3374                 
/* 02CD8 808D3358 00000000 */  nop
.L808D335C:
/* 02CDC 808D335C 8FA40044 */  lw      $a0, 0x0044($sp)           
/* 02CE0 808D3360 3C010001 */  lui     $at, 0x0001                ## $at = 00010000
/* 02CE4 808D3364 34218884 */  ori     $at, $at, 0x8884           ## $at = 00018884
/* 02CE8 808D3368 8FA60028 */  lw      $a2, 0x0028($sp)           
/* 02CEC 808D336C 0C038A4A */  jal     func_800E2928              
/* 02CF0 808D3370 00812821 */  addu    $a1, $a0, $at              
.L808D3374:
/* 02CF4 808D3374 3C01808D */  lui     $at, %hi(D_808D39CC)       ## $at = 808D0000
/* 02CF8 808D3378 C43239CC */  lwc1    $f18, %lo(D_808D39CC)($at) 
/* 02CFC 808D337C C6100058 */  lwc1    $f16, 0x0058($s0)          ## 00000058
/* 02D00 808D3380 02002025 */  or      $a0, $s0, $zero            ## $a0 = 00000000
/* 02D04 808D3384 46128102 */  mul.s   $f4, $f16, $f18            
/* 02D08 808D3388 44052000 */  mfc1    $a1, $f4                   
/* 02D0C 808D338C 0C02D9D7 */  jal     func_800B675C              
/* 02D10 808D3390 00000000 */  nop
/* 02D14 808D3394 920D0368 */  lbu     $t5, 0x0368($s0)           ## 00000368
/* 02D18 808D3398 2401000C */  addiu   $at, $zero, 0x000C         ## $at = 0000000C
/* 02D1C 808D339C 44800000 */  mtc1    $zero, $f0                 ## $f0 = 0.00
/* 02D20 808D33A0 55A1000B */  bnel    $t5, $at, .L808D33D0       
/* 02D24 808D33A4 C60602C4 */  lwc1    $f6, 0x02C4($s0)           ## 000002C4
/* 02D28 808D33A8 86020190 */  lh      $v0, 0x0190($s0)           ## 00000190
/* 02D2C 808D33AC 240F0028 */  addiu   $t7, $zero, 0x0028         ## $t7 = 00000028
/* 02D30 808D33B0 10400003 */  beq     $v0, $zero, .L808D33C0     
/* 02D34 808D33B4 244EFFFF */  addiu   $t6, $v0, 0xFFFF           ## $t6 = FFFFFFFF
/* 02D38 808D33B8 A60E0190 */  sh      $t6, 0x0190($s0)           ## 00000190
/* 02D3C 808D33BC 86020190 */  lh      $v0, 0x0190($s0)           ## 00000190
.L808D33C0:
/* 02D40 808D33C0 54400003 */  bnel    $v0, $zero, .L808D33D0     
/* 02D44 808D33C4 C60602C4 */  lwc1    $f6, 0x02C4($s0)           ## 000002C4
/* 02D48 808D33C8 A60F0190 */  sh      $t7, 0x0190($s0)           ## 00000190
/* 02D4C 808D33CC C60602C4 */  lwc1    $f6, 0x02C4($s0)           ## 000002C4
.L808D33D0:
/* 02D50 808D33D0 4606003C */  c.lt.s  $f0, $f6                   
/* 02D54 808D33D4 00000000 */  nop
/* 02D58 808D33D8 45020027 */  bc1fl   .L808D3478                 
/* 02D5C 808D33DC 8FBF0024 */  lw      $ra, 0x0024($sp)           
/* 02D60 808D33E0 9218018C */  lbu     $t8, 0x018C($s0)           ## 0000018C
/* 02D64 808D33E4 2401000A */  addiu   $at, $zero, 0x000A         ## $at = 0000000A
/* 02D68 808D33E8 260402C4 */  addiu   $a0, $s0, 0x02C4           ## $a0 = 000002C4
/* 02D6C 808D33EC 13010016 */  beq     $t8, $at, .L808D3448       
/* 02D70 808D33F0 3C063D4C */  lui     $a2, 0x3D4C                ## $a2 = 3D4C0000
/* 02D74 808D33F4 44050000 */  mfc1    $a1, $f0                   
/* 02D78 808D33F8 0C03FC0F */  jal     func_800FF03C              
/* 02D7C 808D33FC 34C6CCCD */  ori     $a2, $a2, 0xCCCD           ## $a2 = 3D4CCCCD
/* 02D80 808D3400 3C01808D */  lui     $at, %hi(D_808D39D0)       ## $at = 808D0000
/* 02D84 808D3404 C42239D0 */  lwc1    $f2, %lo(D_808D39D0)($at)  
/* 02D88 808D3408 3C013F80 */  lui     $at, 0x3F80                ## $at = 3F800000
/* 02D8C 808D340C 44815000 */  mtc1    $at, $f10                  ## $f10 = 1.00
/* 02D90 808D3410 C60802C4 */  lwc1    $f8, 0x02C4($s0)           ## 000002C4
/* 02D94 808D3414 3C01808D */  lui     $at, %hi(D_808D39D4)       ## $at = 808D0000
/* 02D98 808D3418 C43239D4 */  lwc1    $f18, %lo(D_808D39D4)($at) 
/* 02D9C 808D341C 460A4400 */  add.s   $f16, $f8, $f10            
/* 02DA0 808D3420 46128002 */  mul.s   $f0, $f16, $f18            
/* 02DA4 808D3424 4600103C */  c.lt.s  $f2, $f0                   
/* 02DA8 808D3428 E60002C8 */  swc1    $f0, 0x02C8($s0)           ## 000002C8
/* 02DAC 808D342C 45020004 */  bc1fl   .L808D3440                 
/* 02DB0 808D3430 C60402C8 */  lwc1    $f4, 0x02C8($s0)           ## 000002C8
/* 02DB4 808D3434 1000000F */  beq     $zero, $zero, .L808D3474   
/* 02DB8 808D3438 E60202C8 */  swc1    $f2, 0x02C8($s0)           ## 000002C8
/* 02DBC 808D343C C60402C8 */  lwc1    $f4, 0x02C8($s0)           ## 000002C8
.L808D3440:
/* 02DC0 808D3440 1000000C */  beq     $zero, $zero, .L808D3474   
/* 02DC4 808D3444 E60402C8 */  swc1    $f4, 0x02C8($s0)           ## 000002C8
.L808D3448:
/* 02DC8 808D3448 3C01808D */  lui     $at, %hi(D_808D39D8)       ## $at = 808D0000
/* 02DCC 808D344C C42239D8 */  lwc1    $f2, %lo(D_808D39D8)($at)  
/* 02DD0 808D3450 3C063C61 */  lui     $a2, 0x3C61                ## $a2 = 3C610000
/* 02DD4 808D3454 34C647AE */  ori     $a2, $a2, 0x47AE           ## $a2 = 3C6147AE
/* 02DD8 808D3458 44051000 */  mfc1    $a1, $f2                   
/* 02DDC 808D345C 0C03FC0F */  jal     func_800FF03C              
/* 02DE0 808D3460 260402CC */  addiu   $a0, $s0, 0x02CC           ## $a0 = 000002CC
/* 02DE4 808D3464 14400003 */  bne     $v0, $zero, .L808D3474     
/* 02DE8 808D3468 02002025 */  or      $a0, $s0, $zero            ## $a0 = 00000000
/* 02DEC 808D346C 0C02E404 */  jal     func_800B9010              
/* 02DF0 808D3470 240520B2 */  addiu   $a1, $zero, 0x20B2         ## $a1 = 000020B2
.L808D3474:
/* 02DF4 808D3474 8FBF0024 */  lw      $ra, 0x0024($sp)           
.L808D3478:
/* 02DF8 808D3478 8FB00020 */  lw      $s0, 0x0020($sp)           
/* 02DFC 808D347C 27BD0040 */  addiu   $sp, $sp, 0x0040           ## $sp = 00000000
/* 02E00 808D3480 03E00008 */  jr      $ra                        
/* 02E04 808D3484 00000000 */  nop


glabel func_808D3488
/* 02E08 808D3488 AFA40000 */  sw      $a0, 0x0000($sp)           
/* 02E0C 808D348C AFA60008 */  sw      $a2, 0x0008($sp)           
/* 02E10 808D3490 24010001 */  addiu   $at, $zero, 0x0001         ## $at = 00000001
/* 02E14 808D3494 14A10009 */  bne     $a1, $at, .L808D34BC       
/* 02E18 808D3498 00001025 */  or      $v0, $zero, $zero          ## $v0 = 00000000
/* 02E1C 808D349C 8FAE0014 */  lw      $t6, 0x0014($sp)           
/* 02E20 808D34A0 C4E40008 */  lwc1    $f4, 0x0008($a3)           ## 00000008
/* 02E24 808D34A4 85CF0192 */  lh      $t7, 0x0192($t6)           ## 00000192
/* 02E28 808D34A8 448F3000 */  mtc1    $t7, $f6                   ## $f6 = 0.00
/* 02E2C 808D34AC 00000000 */  nop
/* 02E30 808D34B0 46803220 */  cvt.s.w $f8, $f6                   
/* 02E34 808D34B4 46082280 */  add.s   $f10, $f4, $f8             
/* 02E38 808D34B8 E4EA0008 */  swc1    $f10, 0x0008($a3)          ## 00000008
.L808D34BC:
/* 02E3C 808D34BC 03E00008 */  jr      $ra                        
/* 02E40 808D34C0 00000000 */  nop


glabel func_808D34C4
/* 02E44 808D34C4 27BDFFD8 */  addiu   $sp, $sp, 0xFFD8           ## $sp = FFFFFFD8
/* 02E48 808D34C8 AFBF0014 */  sw      $ra, 0x0014($sp)           
/* 02E4C 808D34CC AFA40028 */  sw      $a0, 0x0028($sp)           
/* 02E50 808D34D0 AFA60030 */  sw      $a2, 0x0030($sp)           
/* 02E54 808D34D4 AFA70034 */  sw      $a3, 0x0034($sp)           
/* 02E58 808D34D8 3C0E808D */  lui     $t6, %hi(D_808D393C)       ## $t6 = 808D0000
/* 02E5C 808D34DC 25CE393C */  addiu   $t6, $t6, %lo(D_808D393C)  ## $t6 = 808D393C
/* 02E60 808D34E0 00AE1021 */  addu    $v0, $a1, $t6              
/* 02E64 808D34E4 80430000 */  lb      $v1, 0x0000($v0)           ## 00000000
/* 02E68 808D34E8 2401FFFF */  addiu   $at, $zero, 0xFFFF         ## $at = FFFFFFFF
/* 02E6C 808D34EC 8FAF0038 */  lw      $t7, 0x0038($sp)           
/* 02E70 808D34F0 10610008 */  beq     $v1, $at, .L808D3514       
/* 02E74 808D34F4 0003C080 */  sll     $t8, $v1,  2               
/* 02E78 808D34F8 0303C023 */  subu    $t8, $t8, $v1              
/* 02E7C 808D34FC 0018C080 */  sll     $t8, $t8,  2               
/* 02E80 808D3500 01F82021 */  addu    $a0, $t7, $t8              
/* 02E84 808D3504 248402D0 */  addiu   $a0, $a0, 0x02D0           ## $a0 = 000002D0
/* 02E88 808D3508 0C0606D4 */  jal     func_80181B50              
/* 02E8C 808D350C AFA20018 */  sw      $v0, 0x0018($sp)           
/* 02E90 808D3510 8FA20018 */  lw      $v0, 0x0018($sp)           
.L808D3514:
/* 02E94 808D3514 3C19808D */  lui     $t9, %hi(D_808D394F)       ## $t9 = 808D0000
/* 02E98 808D3518 2739394F */  addiu   $t9, $t9, %lo(D_808D394F)  ## $t9 = 808D394F
/* 02E9C 808D351C 1459000D */  bne     $v0, $t9, .L808D3554       
/* 02EA0 808D3520 3C08808D */  lui     $t0, %hi(D_808D393E)       ## $t0 = 808D0000
/* 02EA4 808D3524 8FA50038 */  lw      $a1, 0x0038($sp)           
/* 02EA8 808D3528 3C01447A */  lui     $at, 0x447A                ## $at = 447A0000
/* 02EAC 808D352C 44816000 */  mtc1    $at, $f12                  ## $f12 = 1000.00
/* 02EB0 808D3530 0C0606DE */  jal     func_80181B78              
/* 02EB4 808D3534 24A5033C */  addiu   $a1, $a1, 0x033C           ## $a1 = 0000033C
/* 02EB8 808D3538 8FA50038 */  lw      $a1, 0x0038($sp)           
/* 02EBC 808D353C 3C01C47A */  lui     $at, 0xC47A                ## $at = C47A0000
/* 02EC0 808D3540 44816000 */  mtc1    $at, $f12                  ## $f12 = -1000.00
/* 02EC4 808D3544 0C0606DE */  jal     func_80181B78              
/* 02EC8 808D3548 24A50348 */  addiu   $a1, $a1, 0x0348           ## $a1 = 00000348
/* 02ECC 808D354C 10000035 */  beq     $zero, $zero, .L808D3624   
/* 02ED0 808D3550 8FBF0014 */  lw      $ra, 0x0014($sp)           
.L808D3554:
/* 02ED4 808D3554 2508393E */  addiu   $t0, $t0, %lo(D_808D393E)  ## $t0 = 0000393E
/* 02ED8 808D3558 54480032 */  bnel    $v0, $t0, .L808D3624       
/* 02EDC 808D355C 8FBF0014 */  lw      $ra, 0x0014($sp)           
/* 02EE0 808D3560 0C060067 */  jal     func_8018019C              
/* 02EE4 808D3564 00000000 */  nop
/* 02EE8 808D3568 3C0144C8 */  lui     $at, 0x44C8                ## $at = 44C80000
/* 02EEC 808D356C 44816000 */  mtc1    $at, $f12                  ## $f12 = 1600.00
/* 02EF0 808D3570 3C01C42F */  lui     $at, 0xC42F                ## $at = C42F0000
/* 02EF4 808D3574 44817000 */  mtc1    $at, $f14                  ## $f14 = -700.00
/* 02EF8 808D3578 3C06C4D4 */  lui     $a2, 0xC4D4                ## $a2 = C4D40000
/* 02EFC 808D357C 34C68000 */  ori     $a2, $a2, 0x8000           ## $a2 = C4D48000
/* 02F00 808D3580 0C0600A7 */  jal     func_8018029C              
/* 02F04 808D3584 24070001 */  addiu   $a3, $zero, 0x0001         ## $a3 = 00000001
/* 02F08 808D3588 3C01808D */  lui     $at, %hi(D_808D39DC)       ## $at = 808D0000
/* 02F0C 808D358C C42C39DC */  lwc1    $f12, %lo(D_808D39DC)($at) 
/* 02F10 808D3590 0C0602D2 */  jal     func_80180B48              
/* 02F14 808D3594 24050001 */  addiu   $a1, $zero, 0x0001         ## $a1 = 00000001
/* 02F18 808D3598 3C01808D */  lui     $at, %hi(D_808D39E0)       ## $at = 808D0000
/* 02F1C 808D359C C42C39E0 */  lwc1    $f12, %lo(D_808D39E0)($at) 
/* 02F20 808D35A0 0C0603A4 */  jal     func_80180E90              
/* 02F24 808D35A4 24050001 */  addiu   $a1, $zero, 0x0001         ## $a1 = 00000001
/* 02F28 808D35A8 3C014000 */  lui     $at, 0x4000                ## $at = 40000000
/* 02F2C 808D35AC 44816000 */  mtc1    $at, $f12                  ## $f12 = 2.00
/* 02F30 808D35B0 24070001 */  addiu   $a3, $zero, 0x0001         ## $a3 = 00000001
/* 02F34 808D35B4 44066000 */  mfc1    $a2, $f12                  
/* 02F38 808D35B8 0C0600E7 */  jal     func_8018039C              
/* 02F3C 808D35BC 46006386 */  mov.s   $f14, $f12                 
/* 02F40 808D35C0 8FA5003C */  lw      $a1, 0x003C($sp)           
/* 02F44 808D35C4 8CA20000 */  lw      $v0, 0x0000($a1)           ## 00000000
/* 02F48 808D35C8 3C0ADA38 */  lui     $t2, 0xDA38                ## $t2 = DA380000
/* 02F4C 808D35CC 354A0003 */  ori     $t2, $t2, 0x0003           ## $t2 = DA380003
/* 02F50 808D35D0 24490008 */  addiu   $t1, $v0, 0x0008           ## $t1 = 00000008
/* 02F54 808D35D4 ACA90000 */  sw      $t1, 0x0000($a1)           ## 00000000
/* 02F58 808D35D8 AC4A0000 */  sw      $t2, 0x0000($v0)           ## 00000000
/* 02F5C 808D35DC 8FAB0028 */  lw      $t3, 0x0028($sp)           
/* 02F60 808D35E0 8D640000 */  lw      $a0, 0x0000($t3)           ## 00000000
/* 02F64 808D35E4 0C060690 */  jal     func_80181A40              
/* 02F68 808D35E8 AFA20020 */  sw      $v0, 0x0020($sp)           
/* 02F6C 808D35EC 8FA30020 */  lw      $v1, 0x0020($sp)           
/* 02F70 808D35F0 8FA5003C */  lw      $a1, 0x003C($sp)           
/* 02F74 808D35F4 3C0DDE00 */  lui     $t5, 0xDE00                ## $t5 = DE000000
/* 02F78 808D35F8 AC620004 */  sw      $v0, 0x0004($v1)           ## 00000004
/* 02F7C 808D35FC 8CA20000 */  lw      $v0, 0x0000($a1)           ## 00000000
/* 02F80 808D3600 3C0E0601 */  lui     $t6, 0x0601                ## $t6 = 06010000
/* 02F84 808D3604 25CE8688 */  addiu   $t6, $t6, 0x8688           ## $t6 = 06008688
/* 02F88 808D3608 244C0008 */  addiu   $t4, $v0, 0x0008           ## $t4 = 00000008
/* 02F8C 808D360C ACAC0000 */  sw      $t4, 0x0000($a1)           ## 00000000
/* 02F90 808D3610 AC4E0004 */  sw      $t6, 0x0004($v0)           ## 00000004
/* 02F94 808D3614 AC4D0000 */  sw      $t5, 0x0000($v0)           ## 00000000
/* 02F98 808D3618 0C060073 */  jal     func_801801CC              
/* 02F9C 808D361C 00000000 */  nop
/* 02FA0 808D3620 8FBF0014 */  lw      $ra, 0x0014($sp)           
.L808D3624:
/* 02FA4 808D3624 27BD0028 */  addiu   $sp, $sp, 0x0028           ## $sp = 00000000
/* 02FA8 808D3628 03E00008 */  jr      $ra                        
/* 02FAC 808D362C 00000000 */  nop


glabel func_808D3630
/* 02FB0 808D3630 27BDFFC8 */  addiu   $sp, $sp, 0xFFC8           ## $sp = FFFFFFC8
/* 02FB4 808D3634 AFB10028 */  sw      $s1, 0x0028($sp)           
/* 02FB8 808D3638 AFB00024 */  sw      $s0, 0x0024($sp)           
/* 02FBC 808D363C 00808025 */  or      $s0, $a0, $zero            ## $s0 = 00000000
/* 02FC0 808D3640 00A08825 */  or      $s1, $a1, $zero            ## $s1 = 00000000
/* 02FC4 808D3644 AFBF002C */  sw      $ra, 0x002C($sp)           
/* 02FC8 808D3648 8E240000 */  lw      $a0, 0x0000($s1)           ## 00000000
/* 02FCC 808D364C 0C04B0A3 */  jal     func_8012C28C              
/* 02FD0 808D3650 AFA40030 */  sw      $a0, 0x0030($sp)           
/* 02FD4 808D3654 920E0368 */  lbu     $t6, 0x0368($s0)           ## 00000368
/* 02FD8 808D3658 2401000C */  addiu   $at, $zero, 0x000C         ## $at = 0000000C
/* 02FDC 808D365C 02202025 */  or      $a0, $s1, $zero            ## $a0 = 00000000
/* 02FE0 808D3660 15C1000A */  bne     $t6, $at, .L808D368C       
/* 02FE4 808D3664 3C05808D */  lui     $a1, %hi(D_808D3958)       ## $a1 = 808D0000
/* 02FE8 808D3668 86060190 */  lh      $a2, 0x0190($s0)           ## 00000190
/* 02FEC 808D366C 24010028 */  addiu   $at, $zero, 0x0028         ## $at = 00000028
/* 02FF0 808D3670 24A53958 */  addiu   $a1, $a1, %lo(D_808D3958)  ## $a1 = 808D3958
/* 02FF4 808D3674 00C1001A */  div     $zero, $a2, $at            
/* 02FF8 808D3678 00003010 */  mfhi    $a2                        
/* 02FFC 808D367C 00063400 */  sll     $a2, $a2, 16               
/* 03000 808D3680 00063403 */  sra     $a2, $a2, 16               
/* 03004 808D3684 0C02B8A8 */  jal     func_800AE2A0              
/* 03008 808D3688 24070028 */  addiu   $a3, $zero, 0x0028         ## $a3 = 00000028
.L808D368C:
/* 0300C 808D368C 8E050148 */  lw      $a1, 0x0148($s0)           ## 00000148
/* 03010 808D3690 8E060164 */  lw      $a2, 0x0164($s0)           ## 00000164
/* 03014 808D3694 92070146 */  lbu     $a3, 0x0146($s0)           ## 00000146
/* 03018 808D3698 8FB90030 */  lw      $t9, 0x0030($sp)           
/* 0301C 808D369C 3C0F808D */  lui     $t7, %hi(func_808D3488)    ## $t7 = 808D0000
/* 03020 808D36A0 3C18808D */  lui     $t8, %hi(func_808D34C4)    ## $t8 = 808D0000
/* 03024 808D36A4 271834C4 */  addiu   $t8, $t8, %lo(func_808D34C4) ## $t8 = 808D34C4
/* 03028 808D36A8 25EF3488 */  addiu   $t7, $t7, %lo(func_808D3488) ## $t7 = 808D3488
/* 0302C 808D36AC AFAF0010 */  sw      $t7, 0x0010($sp)           
/* 03030 808D36B0 AFB80014 */  sw      $t8, 0x0014($sp)           
/* 03034 808D36B4 AFB00018 */  sw      $s0, 0x0018($sp)           
/* 03038 808D36B8 8F2802B0 */  lw      $t0, 0x02B0($t9)           ## 000002B0
/* 0303C 808D36BC 02202025 */  or      $a0, $s1, $zero            ## $a0 = 00000000
/* 03040 808D36C0 0C04D36F */  jal     func_80134DBC              
/* 03044 808D36C4 AFA8001C */  sw      $t0, 0x001C($sp)           
/* 03048 808D36C8 8FA90030 */  lw      $t1, 0x0030($sp)           
/* 0304C 808D36CC 2401000C */  addiu   $at, $zero, 0x000C         ## $at = 0000000C
/* 03050 808D36D0 AD2202B0 */  sw      $v0, 0x02B0($t1)           ## 000002B0
/* 03054 808D36D4 920A0368 */  lbu     $t2, 0x0368($s0)           ## 00000368
/* 03058 808D36D8 55410004 */  bnel    $t2, $at, .L808D36EC       
/* 0305C 808D36DC 3C0142C8 */  lui     $at, 0x42C8                ## $at = 42C80000
/* 03060 808D36E0 0C02B968 */  jal     func_800AE5A0              
/* 03064 808D36E4 02202025 */  or      $a0, $s1, $zero            ## $a0 = 00000000
/* 03068 808D36E8 3C0142C8 */  lui     $at, 0x42C8                ## $at = 42C80000
.L808D36EC:
/* 0306C 808D36EC 44811000 */  mtc1    $at, $f2                   ## $f2 = 100.00
/* 03070 808D36F0 00000000 */  nop
/* 03074 808D36F4 C6000058 */  lwc1    $f0, 0x0058($s0)           ## 00000058
/* 03078 808D36F8 C60402C8 */  lwc1    $f4, 0x02C8($s0)           ## 000002C8
/* 0307C 808D36FC 02202025 */  or      $a0, $s1, $zero            ## $a0 = 00000000
/* 03080 808D3700 02002825 */  or      $a1, $s0, $zero            ## $a1 = 00000000
/* 03084 808D3704 46002182 */  mul.s   $f6, $f4, $f0              
/* 03088 808D3708 260602D0 */  addiu   $a2, $s0, 0x02D0           ## $a2 = 000002D0
/* 0308C 808D370C 2407000B */  addiu   $a3, $zero, 0x000B         ## $a3 = 0000000B
/* 03090 808D3710 46023202 */  mul.s   $f8, $f6, $f2              
/* 03094 808D3714 E7A80010 */  swc1    $f8, 0x0010($sp)           
/* 03098 808D3718 C60A02CC */  lwc1    $f10, 0x02CC($s0)          ## 000002CC
/* 0309C 808D371C 46005402 */  mul.s   $f16, $f10, $f0            
/* 030A0 808D3720 00000000 */  nop
/* 030A4 808D3724 46028482 */  mul.s   $f18, $f16, $f2            
/* 030A8 808D3728 E7B20014 */  swc1    $f18, 0x0014($sp)          
/* 030AC 808D372C C60402C4 */  lwc1    $f4, 0x02C4($s0)           ## 000002C4
/* 030B0 808D3730 E7A40018 */  swc1    $f4, 0x0018($sp)           
/* 030B4 808D3734 920B018C */  lbu     $t3, 0x018C($s0)           ## 0000018C
/* 030B8 808D3738 0C02F9A0 */  jal     func_800BE680              
/* 030BC 808D373C AFAB001C */  sw      $t3, 0x001C($sp)           
/* 030C0 808D3740 8FBF002C */  lw      $ra, 0x002C($sp)           
/* 030C4 808D3744 8FB00024 */  lw      $s0, 0x0024($sp)           
/* 030C8 808D3748 8FB10028 */  lw      $s1, 0x0028($sp)           
/* 030CC 808D374C 03E00008 */  jr      $ra                        
/* 030D0 808D3750 27BD0038 */  addiu   $sp, $sp, 0x0038           ## $sp = 00000000


glabel func_808D3754
/* 030D4 808D3754 27BDFFC8 */  addiu   $sp, $sp, 0xFFC8           ## $sp = FFFFFFC8
/* 030D8 808D3758 AFB10028 */  sw      $s1, 0x0028($sp)           
/* 030DC 808D375C AFB00024 */  sw      $s0, 0x0024($sp)           
/* 030E0 808D3760 00808025 */  or      $s0, $a0, $zero            ## $s0 = 00000000
/* 030E4 808D3764 00A08825 */  or      $s1, $a1, $zero            ## $s1 = 00000000
/* 030E8 808D3768 AFBF002C */  sw      $ra, 0x002C($sp)           
/* 030EC 808D376C 8E240000 */  lw      $a0, 0x0000($s1)           ## 00000000
/* 030F0 808D3770 0C04B0B7 */  jal     func_8012C2DC              
/* 030F4 808D3774 AFA40030 */  sw      $a0, 0x0030($sp)           
/* 030F8 808D3778 920E0368 */  lbu     $t6, 0x0368($s0)           ## 00000368
/* 030FC 808D377C 2401000C */  addiu   $at, $zero, 0x000C         ## $at = 0000000C
/* 03100 808D3780 02202025 */  or      $a0, $s1, $zero            ## $a0 = 00000000
/* 03104 808D3784 15C1000A */  bne     $t6, $at, .L808D37B0       
/* 03108 808D3788 3C05808D */  lui     $a1, %hi(D_808D3958)       ## $a1 = 808D0000
/* 0310C 808D378C 86060190 */  lh      $a2, 0x0190($s0)           ## 00000190
/* 03110 808D3790 24010028 */  addiu   $at, $zero, 0x0028         ## $at = 00000028
/* 03114 808D3794 24A53958 */  addiu   $a1, $a1, %lo(D_808D3958)  ## $a1 = 808D3958
/* 03118 808D3798 00C1001A */  div     $zero, $a2, $at            
/* 0311C 808D379C 00003010 */  mfhi    $a2                        
/* 03120 808D37A0 00063400 */  sll     $a2, $a2, 16               
/* 03124 808D37A4 00063403 */  sra     $a2, $a2, 16               
/* 03128 808D37A8 0C02B979 */  jal     func_800AE5E4              
/* 0312C 808D37AC 24070028 */  addiu   $a3, $zero, 0x0028         ## $a3 = 00000028
.L808D37B0:
/* 03130 808D37B0 8E050148 */  lw      $a1, 0x0148($s0)           ## 00000148
/* 03134 808D37B4 8E060164 */  lw      $a2, 0x0164($s0)           ## 00000164
/* 03138 808D37B8 92070146 */  lbu     $a3, 0x0146($s0)           ## 00000146
/* 0313C 808D37BC 8FB90030 */  lw      $t9, 0x0030($sp)           
/* 03140 808D37C0 3C0F808D */  lui     $t7, %hi(func_808D3488)    ## $t7 = 808D0000
/* 03144 808D37C4 3C18808D */  lui     $t8, %hi(func_808D34C4)    ## $t8 = 808D0000
/* 03148 808D37C8 271834C4 */  addiu   $t8, $t8, %lo(func_808D34C4) ## $t8 = 808D34C4
/* 0314C 808D37CC 25EF3488 */  addiu   $t7, $t7, %lo(func_808D3488) ## $t7 = 808D3488
/* 03150 808D37D0 AFAF0010 */  sw      $t7, 0x0010($sp)           
/* 03154 808D37D4 AFB80014 */  sw      $t8, 0x0014($sp)           
/* 03158 808D37D8 AFB00018 */  sw      $s0, 0x0018($sp)           
/* 0315C 808D37DC 8F2802C0 */  lw      $t0, 0x02C0($t9)           ## 000002C0
/* 03160 808D37E0 02202025 */  or      $a0, $s1, $zero            ## $a0 = 00000000
/* 03164 808D37E4 0C04D36F */  jal     func_80134DBC              
/* 03168 808D37E8 AFA8001C */  sw      $t0, 0x001C($sp)           
/* 0316C 808D37EC 8FA90030 */  lw      $t1, 0x0030($sp)           
/* 03170 808D37F0 2401000C */  addiu   $at, $zero, 0x000C         ## $at = 0000000C
/* 03174 808D37F4 AD2202C0 */  sw      $v0, 0x02C0($t1)           ## 000002C0
/* 03178 808D37F8 920A0368 */  lbu     $t2, 0x0368($s0)           ## 00000368
/* 0317C 808D37FC 55410004 */  bnel    $t2, $at, .L808D3810       
/* 03180 808D3800 3C0142C8 */  lui     $at, 0x42C8                ## $at = 42C80000
/* 03184 808D3804 0C02BA3B */  jal     func_800AE8EC              
/* 03188 808D3808 02202025 */  or      $a0, $s1, $zero            ## $a0 = 00000000
/* 0318C 808D380C 3C0142C8 */  lui     $at, 0x42C8                ## $at = 42C80000
.L808D3810:
/* 03190 808D3810 44811000 */  mtc1    $at, $f2                   ## $f2 = 100.00
/* 03194 808D3814 00000000 */  nop
/* 03198 808D3818 C6000058 */  lwc1    $f0, 0x0058($s0)           ## 00000058
/* 0319C 808D381C C60402C8 */  lwc1    $f4, 0x02C8($s0)           ## 000002C8
/* 031A0 808D3820 02202025 */  or      $a0, $s1, $zero            ## $a0 = 00000000
/* 031A4 808D3824 02002825 */  or      $a1, $s0, $zero            ## $a1 = 00000000
/* 031A8 808D3828 46002182 */  mul.s   $f6, $f4, $f0              
/* 031AC 808D382C 260602D0 */  addiu   $a2, $s0, 0x02D0           ## $a2 = 000002D0
/* 031B0 808D3830 2407000B */  addiu   $a3, $zero, 0x000B         ## $a3 = 0000000B
/* 031B4 808D3834 46023202 */  mul.s   $f8, $f6, $f2              
/* 031B8 808D3838 E7A80010 */  swc1    $f8, 0x0010($sp)           
/* 031BC 808D383C C60A02CC */  lwc1    $f10, 0x02CC($s0)          ## 000002CC
/* 031C0 808D3840 46005402 */  mul.s   $f16, $f10, $f0            
/* 031C4 808D3844 00000000 */  nop
/* 031C8 808D3848 46028482 */  mul.s   $f18, $f16, $f2            
/* 031CC 808D384C E7B20014 */  swc1    $f18, 0x0014($sp)          
/* 031D0 808D3850 C60402C4 */  lwc1    $f4, 0x02C4($s0)           ## 000002C4
/* 031D4 808D3854 E7A40018 */  swc1    $f4, 0x0018($sp)           
/* 031D8 808D3858 920B018C */  lbu     $t3, 0x018C($s0)           ## 0000018C
/* 031DC 808D385C 0C02F9A0 */  jal     func_800BE680              
/* 031E0 808D3860 AFAB001C */  sw      $t3, 0x001C($sp)           
/* 031E4 808D3864 8FBF002C */  lw      $ra, 0x002C($sp)           
/* 031E8 808D3868 8FB00024 */  lw      $s0, 0x0024($sp)           
/* 031EC 808D386C 8FB10028 */  lw      $s1, 0x0028($sp)           
/* 031F0 808D3870 03E00008 */  jr      $ra                        
/* 031F4 808D3874 27BD0038 */  addiu   $sp, $sp, 0x0038           ## $sp = 00000000
/* 031F8 808D3878 00000000 */  nop
/* 031FC 808D387C 00000000 */  nop

.section .data

D_808D3880: .word 0x004A0500, 0x00000405, 0x00090000, 0x000003A0
.word func_808D0680
.word func_808D08A4
.word func_808D316C
.word func_808D3630
D_808D38A0: .word \
0x00110939, 0x10010000, 0x00000000, 0xF7CFFFFF, \
0x04100000, 0xF7EFFFFF, 0x00000000, 0x09050100, \
0x00190028, 0x00000000, 0x00000000
D_808D38CC: .word 0x0300001E, 0x00289600
D_808D38D4: .word \
0x10010101, 0x010100F0, 0x01010122, 0x31420110, \
0x01021050, 0x00E00101, 0x01000000, 0x00000001
D_808D38F4: .word 0x891F0031, 0xB054157C, 0x3874FC18
D_808D3900: .word \
0x41C80000, 0x42340000, 0xC0E00000, 0x41C80000, \
0x42200000, 0xC1400000, 0x41C80000, 0x420C0000, \
0xC0000000, 0x41200000, 0x41A00000, 0xC0800000, \
0x41700000, 0x41C80000, 0xC0000000
D_808D393C: .byte 0xFF, 0xFF
D_808D393E: .byte \
0xFF, 0xFF, 0x00, 0xFF, 0xFF, 0x01, 0xFF, 0x02, 0xFF, 0xFF, 0x03, 0xFF, 0x04, 0xFF, 0xFF, 0x05, \
0xFF
D_808D394F: .byte 0xFF, 0xFF, 0x06, 0x07, 0xFF, 0x08, 0x00, 0x00, 0x00
D_808D3958: .word 0x00FF0000, 0x00000000

.section .rodata

D_808D3960: .word 0x3C1374BC
D_808D3964: .word 0x3F0CCCCD
D_808D3968: .word 0x3F533334
D_808D396C: .word 0x41F00001
D_808D3970: .word 0x3C1374BC
D_808D3974: .word 0x3C1374BC
D_808D3978: .word 0x3C1374BC
D_808D397C: .word 0x3D888889
D_808D3980: .word 0x3E088889
D_808D3984: .word 0x3C1374BC
D_808D3988: .word 0x4528C000
D_808D398C: .word 0x4528C000
D_808D3990: .word 0xBE19999A
D_808D3994: .word 0x3EAAAAAB
D_808D3998: .word 0x3C1374BC
D_808D399C: .word 0x3F19999A
D_808D39A0: .word 0x3BE56042
D_808D39A4: .word 0x3B83126F
D_808D39A8: .word 0x3C23D70A
D_808D39AC: .word 0x3C1374BC
D_808D39B0: .word 0x3F0CCCCD
D_808D39B4: .word 0x3C1374BC
D_808D39B8: .word 0x3F0CCCCD
D_808D39BC: .word 0x3F0CCCCD
D_808D39C0: .word 0x3F0CCCCD
D_808D39C4: .word 0x3C1374BC
D_808D39C8: .word 0x453B8000
D_808D39CC: .word 0x451C4000
D_808D39D0: .word 0x3F0CCCCD
D_808D39D4: .word 0x3E8CCCCD
D_808D39D8: .word 0x3F0CCCCD
D_808D39DC: .word 0x3F860A92
D_808D39E0: .word 0x3E860A92, 0x00000000, 0x00000000, 0x00000000


.section .rodata
D_808D39F0:
.incbin "baserom/En_Floormas", 0x3370, 0x00000430
