.include "macro.inc"

# assembler directives
.set noat      # allow manual use of $at
.set noreorder # don't insert nops after branches
.set gp=64     # allow use of 64-bit general purpose registers

.section .text
glabel func_80932490
/* 00000 80932490 27BDFFD8 */  addiu   $sp, $sp, 0xFFD8           ## $sp = FFFFFFD8
/* 00004 80932494 AFB00018 */  sw      $s0, 0x0018($sp)           
/* 00008 80932498 00808025 */  or      $s0, $a0, $zero            ## $s0 = 00000000
/* 0000C 8093249C AFBF001C */  sw      $ra, 0x001C($sp)           
/* 00010 809324A0 AFA5002C */  sw      $a1, 0x002C($sp)           
/* 00014 809324A4 3C058093 */  lui     $a1, %hi(D_8093479C)       ## $a1 = 80930000
/* 00018 809324A8 24A5479C */  addiu   $a1, $a1, %lo(D_8093479C)  ## $a1 = 8093479C
/* 0001C 809324AC 0C03FEB7 */  jal     func_800FFADC              
/* 00020 809324B0 02002025 */  or      $a0, $s0, $zero            ## $a0 = 00000000
/* 00024 809324B4 3C0E8093 */  lui     $t6, %hi(D_8093477C)       ## $t6 = 80930000
/* 00028 809324B8 25CE477C */  addiu   $t6, $t6, %lo(D_8093477C)  ## $t6 = 8093477C
/* 0002C 809324BC 240F0003 */  addiu   $t7, $zero, 0x0003         ## $t7 = 00000003
/* 00030 809324C0 AE0E00A0 */  sw      $t6, 0x00A0($s0)           ## 000000A0
/* 00034 809324C4 A20F00B7 */  sb      $t7, 0x00B7($s0)           ## 000000B7
/* 00038 809324C8 26050148 */  addiu   $a1, $s0, 0x0148           ## $a1 = 00000148
/* 0003C 809324CC AFA50020 */  sw      $a1, 0x0020($sp)           
/* 00040 809324D0 0C038467 */  jal     func_800E119C              
/* 00044 809324D4 8FA4002C */  lw      $a0, 0x002C($sp)           
/* 00048 809324D8 3C078093 */  lui     $a3, %hi(D_809346F8)       ## $a3 = 80930000
/* 0004C 809324DC 8FA50020 */  lw      $a1, 0x0020($sp)           
/* 00050 809324E0 24E746F8 */  addiu   $a3, $a3, %lo(D_809346F8)  ## $a3 = 809346F8
/* 00054 809324E4 8FA4002C */  lw      $a0, 0x002C($sp)           
/* 00058 809324E8 0C0384A9 */  jal     func_800E12A4              
/* 0005C 809324EC 02003025 */  or      $a2, $s0, $zero            ## $a2 = 00000000
/* 00060 809324F0 26050194 */  addiu   $a1, $s0, 0x0194           ## $a1 = 00000194
/* 00064 809324F4 AFA50020 */  sw      $a1, 0x0020($sp)           
/* 00068 809324F8 0C038467 */  jal     func_800E119C              
/* 0006C 809324FC 8FA4002C */  lw      $a0, 0x002C($sp)           
/* 00070 80932500 3C078093 */  lui     $a3, %hi(D_80934724)       ## $a3 = 80930000
/* 00074 80932504 8FA50020 */  lw      $a1, 0x0020($sp)           
/* 00078 80932508 24E74724 */  addiu   $a3, $a3, %lo(D_80934724)  ## $a3 = 80934724
/* 0007C 8093250C 8FA4002C */  lw      $a0, 0x002C($sp)           
/* 00080 80932510 0C0384A9 */  jal     func_800E12A4              
/* 00084 80932514 02003025 */  or      $a2, $s0, $zero            ## $a2 = 00000000
/* 00088 80932518 260501E0 */  addiu   $a1, $s0, 0x01E0           ## $a1 = 000001E0
/* 0008C 8093251C AFA50020 */  sw      $a1, 0x0020($sp)           
/* 00090 80932520 0C038467 */  jal     func_800E119C              
/* 00094 80932524 8FA4002C */  lw      $a0, 0x002C($sp)           
/* 00098 80932528 3C078093 */  lui     $a3, %hi(D_80934750)       ## $a3 = 80930000
/* 0009C 8093252C 8FA50020 */  lw      $a1, 0x0020($sp)           
/* 000A0 80932530 24E74750 */  addiu   $a3, $a3, %lo(D_80934750)  ## $a3 = 80934750
/* 000A4 80932534 8FA4002C */  lw      $a0, 0x002C($sp)           
/* 000A8 80932538 0C0384A9 */  jal     func_800E12A4              
/* 000AC 8093253C 02003025 */  or      $a2, $s0, $zero            ## $a2 = 00000000
/* 000B0 80932540 3C053C03 */  lui     $a1, 0x3C03                ## $a1 = 3C030000
/* 000B4 80932544 34A5126F */  ori     $a1, $a1, 0x126F           ## $a1 = 3C03126F
/* 000B8 80932548 0C02D9F8 */  jal     func_800B67E0              
/* 000BC 8093254C 02002025 */  or      $a0, $s0, $zero            ## $a0 = 00000000
/* 000C0 80932550 8E180004 */  lw      $t8, 0x0004($s0)           ## 00000004
/* 000C4 80932554 2401FFFE */  addiu   $at, $zero, 0xFFFE         ## $at = FFFFFFFE
/* 000C8 80932558 44801000 */  mtc1    $zero, $f2                 ## $f2 = 0.00
/* 000CC 8093255C 0301C824 */  and     $t9, $t8, $at              
/* 000D0 80932560 3C0143C8 */  lui     $at, 0x43C8                ## $at = 43C80000
/* 000D4 80932564 44812000 */  mtc1    $at, $f4                   ## $f4 = 400.00
/* 000D8 80932568 8608001C */  lh      $t0, 0x001C($s0)           ## 0000001C
/* 000DC 8093256C C6000028 */  lwc1    $f0, 0x0028($s0)           ## 00000028
/* 000E0 80932570 3C014307 */  lui     $at, 0x4307                ## $at = 43070000
/* 000E4 80932574 E6020074 */  swc1    $f2, 0x0074($s0)           ## 00000074
/* 000E8 80932578 C6060024 */  lwc1    $f6, 0x0024($s0)           ## 00000024
/* 000EC 8093257C C608002C */  lwc1    $f8, 0x002C($s0)           ## 0000002C
/* 000F0 80932580 C60A0074 */  lwc1    $f10, 0x0074($s0)          ## 00000074
/* 000F4 80932584 44818000 */  mtc1    $at, $f16                  ## $f16 = 135.00
/* 000F8 80932588 24020001 */  addiu   $v0, $zero, 0x0001         ## $v0 = 00000001
/* 000FC 8093258C 240300FF */  addiu   $v1, $zero, 0x00FF         ## $v1 = 000000FF
/* 00100 80932590 E6020068 */  swc1    $f2, 0x0068($s0)           ## 00000068
/* 00104 80932594 31098000 */  andi    $t1, $t0, 0x8000           ## $t1 = 00000000
/* 00108 80932598 A20300B6 */  sb      $v1, 0x00B6($s0)           ## 000000B6
/* 0010C 8093259C AE190004 */  sw      $t9, 0x0004($s0)           ## 00000004
/* 00110 809325A0 A6000BC8 */  sh      $zero, 0x0BC8($s0)         ## 00000BC8
/* 00114 809325A4 A2000BCF */  sb      $zero, 0x0BCF($s0)         ## 00000BCF
/* 00118 809325A8 A2020BCC */  sb      $v0, 0x0BCC($s0)           ## 00000BCC
/* 0011C 809325AC A2000BCD */  sb      $zero, 0x0BCD($s0)         ## 00000BCD
/* 00120 809325B0 A2000BCE */  sb      $zero, 0x0BCE($s0)         ## 00000BCE
/* 00124 809325B4 A2020BD7 */  sb      $v0, 0x0BD7($s0)           ## 00000BD7
/* 00128 809325B8 A2000BD8 */  sb      $zero, 0x0BD8($s0)         ## 00000BD8
/* 0012C 809325BC E6020070 */  swc1    $f2, 0x0070($s0)           ## 00000070
/* 00130 809325C0 E6040100 */  swc1    $f4, 0x0100($s0)           ## 00000100
/* 00134 809325C4 E6000BAC */  swc1    $f0, 0x0BAC($s0)           ## 00000BAC
/* 00138 809325C8 E6000BB4 */  swc1    $f0, 0x0BB4($s0)           ## 00000BB4
/* 0013C 809325CC E6060BA8 */  swc1    $f6, 0x0BA8($s0)           ## 00000BA8
/* 00140 809325D0 E6080BB0 */  swc1    $f8, 0x0BB0($s0)           ## 00000BB0
/* 00144 809325D4 E60A0068 */  swc1    $f10, 0x0068($s0)          ## 00000068
/* 00148 809325D8 11200007 */  beq     $t1, $zero, .L809325F8     
/* 0014C 809325DC E6100BB8 */  swc1    $f16, 0x0BB8($s0)          ## 00000BB8
/* 00150 809325E0 AE000BC0 */  sw      $zero, 0x0BC0($s0)         ## 00000BC0
/* 00154 809325E4 E602005C */  swc1    $f2, 0x005C($s0)           ## 0000005C
/* 00158 809325E8 0C24CC61 */  jal     func_80933184              
/* 0015C 809325EC 02002025 */  or      $a0, $s0, $zero            ## $a0 = 00000000
/* 00160 809325F0 10000034 */  beq     $zero, $zero, .L809326C4   
/* 00164 809325F4 44802000 */  mtc1    $zero, $f4                 ## $f4 = 0.00
.L809325F8:
/* 00168 809325F8 860200C0 */  lh      $v0, 0x00C0($s0)           ## 000000C0
/* 0016C 809325FC AE030BC0 */  sw      $v1, 0x0BC0($s0)           ## 00000BC0
/* 00170 80932600 3C014280 */  lui     $at, 0x4280                ## $at = 42800000
/* 00174 80932604 1440000B */  bne     $v0, $zero, .L80932634     
/* 00178 80932608 00000000 */  nop
/* 0017C 8093260C 44816000 */  mtc1    $at, $f12                  ## $f12 = 64.00
/* 00180 80932610 0C05E565 */  jal     func_80179594              
/* 00184 80932614 00000000 */  nop
/* 00188 80932618 4600048D */  trunc.w.s $f18, $f0                  
/* 0018C 8093261C 44801000 */  mtc1    $zero, $f2                 ## $f2 = 0.00
/* 00190 80932620 440B9000 */  mfc1    $t3, $f18                  
/* 00194 80932624 00000000 */  nop
/* 00198 80932628 256C00C0 */  addiu   $t4, $t3, 0x00C0           ## $t4 = 000000C0
/* 0019C 8093262C 10000010 */  beq     $zero, $zero, .L80932670   
/* 001A0 80932630 A60C0BC6 */  sh      $t4, 0x0BC6($s0)           ## 00000BC6
.L80932634:
/* 001A4 80932634 04410005 */  bgez    $v0, .L8093264C            
/* 001A8 80932638 28410011 */  slti    $at, $v0, 0x0011           
/* 001AC 8093263C 240D0001 */  addiu   $t5, $zero, 0x0001         ## $t5 = 00000001
/* 001B0 80932640 A60D00C0 */  sh      $t5, 0x00C0($s0)           ## 000000C0
/* 001B4 80932644 10000005 */  beq     $zero, $zero, .L8093265C   
/* 001B8 80932648 860200C0 */  lh      $v0, 0x00C0($s0)           ## 000000C0
.L8093264C:
/* 001BC 8093264C 14200003 */  bne     $at, $zero, .L8093265C     
/* 001C0 80932650 240E0010 */  addiu   $t6, $zero, 0x0010         ## $t6 = 00000010
/* 001C4 80932654 A60E00C0 */  sh      $t6, 0x00C0($s0)           ## 000000C0
/* 001C8 80932658 860200C0 */  lh      $v0, 0x00C0($s0)           ## 000000C0
.L8093265C:
/* 001CC 8093265C 244FFFFF */  addiu   $t7, $v0, 0xFFFF           ## $t7 = FFFFFFFF
/* 001D0 80932660 A60F00C0 */  sh      $t7, 0x00C0($s0)           ## 000000C0
/* 001D4 80932664 861800C0 */  lh      $t8, 0x00C0($s0)           ## 000000C0
/* 001D8 80932668 0018C900 */  sll     $t9, $t8,  4               
/* 001DC 8093266C A6190BC6 */  sh      $t9, 0x0BC6($s0)           ## 00000BC6
.L80932670:
/* 001E0 80932670 8602001C */  lh      $v0, 0x001C($s0)           ## 0000001C
/* 001E4 80932674 A60000C0 */  sh      $zero, 0x00C0($s0)         ## 000000C0
/* 001E8 80932678 24010003 */  addiu   $at, $zero, 0x0003         ## $at = 00000003
/* 001EC 8093267C 30484000 */  andi    $t0, $v0, 0x4000           ## $t0 = 00000000
/* 001F0 80932680 11000007 */  beq     $t0, $zero, .L809326A0     
/* 001F4 80932684 3049000F */  andi    $t1, $v0, 0x000F           ## $t1 = 00000000
/* 001F8 80932688 AE000BC0 */  sw      $zero, 0x0BC0($s0)         ## 00000BC0
/* 001FC 8093268C E602005C */  swc1    $f2, 0x005C($s0)           ## 0000005C
/* 00200 80932690 0C24CC61 */  jal     func_80933184              
/* 00204 80932694 02002025 */  or      $a0, $s0, $zero            ## $a0 = 00000000
/* 00208 80932698 1000000A */  beq     $zero, $zero, .L809326C4   
/* 0020C 8093269C 44802000 */  mtc1    $zero, $f4                 ## $f4 = 0.00
.L809326A0:
/* 00210 809326A0 15210005 */  bne     $t1, $at, .L809326B8       
/* 00214 809326A4 00000000 */  nop
/* 00218 809326A8 0C24CEBD */  jal     func_80933AF4              
/* 0021C 809326AC 02002025 */  or      $a0, $s0, $zero            ## $a0 = 00000000
/* 00220 809326B0 10000004 */  beq     $zero, $zero, .L809326C4   
/* 00224 809326B4 44802000 */  mtc1    $zero, $f4                 ## $f4 = 0.00
.L809326B8:
/* 00228 809326B8 0C24CE27 */  jal     func_8093389C              
/* 0022C 809326BC 02002025 */  or      $a0, $s0, $zero            ## $a0 = 00000000
/* 00230 809326C0 44802000 */  mtc1    $zero, $f4                 ## $f4 = 0.00
.L809326C4:
/* 00234 809326C4 44803000 */  mtc1    $zero, $f6                 ## $f6 = 0.00
/* 00238 809326C8 A6000BA4 */  sh      $zero, 0x0BA4($s0)         ## 00000BA4
/* 0023C 809326CC E6040BA0 */  swc1    $f4, 0x0BA0($s0)           ## 00000BA0
/* 00240 809326D0 E6060B9C */  swc1    $f6, 0x0B9C($s0)           ## 00000B9C
/* 00244 809326D4 8FA5002C */  lw      $a1, 0x002C($sp)           
/* 00248 809326D8 0C24C9E1 */  jal     func_80932784              
/* 0024C 809326DC 02002025 */  or      $a0, $s0, $zero            ## $a0 = 00000000
/* 00250 809326E0 8FBF001C */  lw      $ra, 0x001C($sp)           
/* 00254 809326E4 8FB00018 */  lw      $s0, 0x0018($sp)           
/* 00258 809326E8 27BD0028 */  addiu   $sp, $sp, 0x0028           ## $sp = 00000000
/* 0025C 809326EC 03E00008 */  jr      $ra                        
/* 00260 809326F0 00000000 */  nop


glabel func_809326F4
/* 00264 809326F4 27BDFFE0 */  addiu   $sp, $sp, 0xFFE0           ## $sp = FFFFFFE0
/* 00268 809326F8 AFB00018 */  sw      $s0, 0x0018($sp)           
/* 0026C 809326FC 00808025 */  or      $s0, $a0, $zero            ## $s0 = 00000000
/* 00270 80932700 AFBF001C */  sw      $ra, 0x001C($sp)           
/* 00274 80932704 AFA50024 */  sw      $a1, 0x0024($sp)           
/* 00278 80932708 8FA40024 */  lw      $a0, 0x0024($sp)           
/* 0027C 8093270C 0C03847B */  jal     func_800E11EC              
/* 00280 80932710 26050148 */  addiu   $a1, $s0, 0x0148           ## $a1 = 00000148
/* 00284 80932714 8FA40024 */  lw      $a0, 0x0024($sp)           
/* 00288 80932718 0C03847B */  jal     func_800E11EC              
/* 0028C 8093271C 26050194 */  addiu   $a1, $s0, 0x0194           ## $a1 = 00000194
/* 00290 80932720 8FA40024 */  lw      $a0, 0x0024($sp)           
/* 00294 80932724 0C03847B */  jal     func_800E11EC              
/* 00298 80932728 260501E0 */  addiu   $a1, $s0, 0x01E0           ## $a1 = 000001E0
/* 0029C 8093272C 8E030120 */  lw      $v1, 0x0120($s0)           ## 00000120
/* 002A0 80932730 50600010 */  beql    $v1, $zero, .L80932774     
/* 002A4 80932734 8FBF001C */  lw      $ra, 0x001C($sp)           
/* 002A8 80932738 860E0BC4 */  lh      $t6, 0x0BC4($s0)           ## 00000BC4
/* 002AC 8093273C 55C0000D */  bnel    $t6, $zero, .L80932774     
/* 002B0 80932740 8FBF001C */  lw      $ra, 0x001C($sp)           
/* 002B4 80932744 846F0000 */  lh      $t7, 0x0000($v1)           ## 00000000
/* 002B8 80932748 2401015D */  addiu   $at, $zero, 0x015D         ## $at = 0000015D
/* 002BC 8093274C 55E10009 */  bnel    $t7, $at, .L80932774       
/* 002C0 80932750 8FBF001C */  lw      $ra, 0x001C($sp)           
/* 002C4 80932754 8C780138 */  lw      $t8, 0x0138($v1)           ## 00000138
/* 002C8 80932758 53000006 */  beql    $t8, $zero, .L80932774     
/* 002CC 8093275C 8FBF001C */  lw      $ra, 0x001C($sp)           
/* 002D0 80932760 8C790448 */  lw      $t9, 0x0448($v1)           ## 00000448
/* 002D4 80932764 53200003 */  beql    $t9, $zero, .L80932774     
/* 002D8 80932768 8FBF001C */  lw      $ra, 0x001C($sp)           
/* 002DC 8093276C AC600448 */  sw      $zero, 0x0448($v1)         ## 00000448
/* 002E0 80932770 8FBF001C */  lw      $ra, 0x001C($sp)           
.L80932774:
/* 002E4 80932774 8FB00018 */  lw      $s0, 0x0018($sp)           
/* 002E8 80932778 27BD0020 */  addiu   $sp, $sp, 0x0020           ## $sp = 00000000
/* 002EC 8093277C 03E00008 */  jr      $ra                        
/* 002F0 80932780 00000000 */  nop


glabel func_80932784
/* 002F4 80932784 27BDFF98 */  addiu   $sp, $sp, 0xFF98           ## $sp = FFFFFF98
/* 002F8 80932788 AFB00030 */  sw      $s0, 0x0030($sp)           
/* 002FC 8093278C 00808025 */  or      $s0, $a0, $zero            ## $s0 = 00000000
/* 00300 80932790 AFBF0034 */  sw      $ra, 0x0034($sp)           
/* 00304 80932794 AFA5006C */  sw      $a1, 0x006C($sp)           
/* 00308 80932798 C6040024 */  lwc1    $f4, 0x0024($s0)           ## 00000024
/* 0030C 8093279C 3C0141A0 */  lui     $at, 0x41A0                ## $at = 41A00000
/* 00310 809327A0 44814000 */  mtc1    $at, $f8                   ## $f8 = 20.00
/* 00314 809327A4 E7A4005C */  swc1    $f4, 0x005C($sp)           
/* 00318 809327A8 C6060028 */  lwc1    $f6, 0x0028($s0)           ## 00000028
/* 0031C 809327AC C7AC005C */  lwc1    $f12, 0x005C($sp)          
/* 00320 809327B0 00003825 */  or      $a3, $zero, $zero          ## $a3 = 00000000
/* 00324 809327B4 46083280 */  add.s   $f10, $f6, $f8             
/* 00328 809327B8 E7AA0060 */  swc1    $f10, 0x0060($sp)          
/* 0032C 809327BC C610002C */  lwc1    $f16, 0x002C($s0)          ## 0000002C
/* 00330 809327C0 C7AE0060 */  lwc1    $f14, 0x0060($sp)          
/* 00334 809327C4 E7B00064 */  swc1    $f16, 0x0064($sp)          
/* 00338 809327C8 0C0600A7 */  jal     func_8018029C              
/* 0033C 809327CC 8FA60064 */  lw      $a2, 0x0064($sp)           
/* 00340 809327D0 860400BC */  lh      $a0, 0x00BC($s0)           ## 000000BC
/* 00344 809327D4 860500BE */  lh      $a1, 0x00BE($s0)           ## 000000BE
/* 00348 809327D8 860600C0 */  lh      $a2, 0x00C0($s0)           ## 000000C0
/* 0034C 809327DC 0C06040F */  jal     func_8018103C              
/* 00350 809327E0 24070001 */  addiu   $a3, $zero, 0x0001         ## $a3 = 00000001
/* 00354 809327E4 44800000 */  mtc1    $zero, $f0                 ## $f0 = 0.00
/* 00358 809327E8 3C0143DC */  lui     $at, 0x43DC                ## $at = 43DC0000
/* 0035C 809327EC 44819000 */  mtc1    $at, $f18                  ## $f18 = 440.00
/* 00360 809327F0 2605022C */  addiu   $a1, $s0, 0x022C           ## $a1 = 0000022C
/* 00364 809327F4 AFA50038 */  sw      $a1, 0x0038($sp)           
/* 00368 809327F8 27A40044 */  addiu   $a0, $sp, 0x0044           ## $a0 = FFFFFFDC
/* 0036C 809327FC E7A00048 */  swc1    $f0, 0x0048($sp)           
/* 00370 80932800 E7A00044 */  swc1    $f0, 0x0044($sp)           
/* 00374 80932804 0C0606A6 */  jal     func_80181A98              
/* 00378 80932808 E7B2004C */  swc1    $f18, 0x004C($sp)          
/* 0037C 8093280C 8FA4006C */  lw      $a0, 0x006C($sp)           
/* 00380 80932810 27AE003C */  addiu   $t6, $sp, 0x003C           ## $t6 = FFFFFFD4
/* 00384 80932814 240F0001 */  addiu   $t7, $zero, 0x0001         ## $t7 = 00000001
/* 00388 80932818 24180001 */  addiu   $t8, $zero, 0x0001         ## $t8 = 00000001
/* 0038C 8093281C 27B90040 */  addiu   $t9, $sp, 0x0040           ## $t9 = FFFFFFD8
/* 00390 80932820 AFB90024 */  sw      $t9, 0x0024($sp)           
/* 00394 80932824 AFB80020 */  sw      $t8, 0x0020($sp)           
/* 00398 80932828 AFAF0014 */  sw      $t7, 0x0014($sp)           
/* 0039C 8093282C AFAE0010 */  sw      $t6, 0x0010($sp)           
/* 003A0 80932830 27A5005C */  addiu   $a1, $sp, 0x005C           ## $a1 = FFFFFFF4
/* 003A4 80932834 8FA60038 */  lw      $a2, 0x0038($sp)           
/* 003A8 80932838 27A70050 */  addiu   $a3, $sp, 0x0050           ## $a3 = FFFFFFE8
/* 003AC 8093283C AFA00018 */  sw      $zero, 0x0018($sp)         
/* 003B0 80932840 AFA0001C */  sw      $zero, 0x001C($sp)         
/* 003B4 80932844 0C031571 */  jal     func_800C55C4              
/* 003B8 80932848 24840830 */  addiu   $a0, $a0, 0x0830           ## $a0 = 00000830
/* 003BC 8093284C 10400003 */  beq     $v0, $zero, .L8093285C     
/* 003C0 80932850 8FA40038 */  lw      $a0, 0x0038($sp)           
/* 003C4 80932854 0C03FD43 */  jal     func_800FF50C              
/* 003C8 80932858 27A50050 */  addiu   $a1, $sp, 0x0050           ## $a1 = FFFFFFE8
.L8093285C:
/* 003CC 8093285C C6040024 */  lwc1    $f4, 0x0024($s0)           ## 00000024
/* 003D0 80932860 C606022C */  lwc1    $f6, 0x022C($s0)           ## 0000022C
/* 003D4 80932864 46062201 */  sub.s   $f8, $f4, $f6              
/* 003D8 80932868 E7A8005C */  swc1    $f8, 0x005C($sp)           
/* 003DC 8093286C C6100234 */  lwc1    $f16, 0x0234($s0)          ## 00000234
/* 003E0 80932870 C60A002C */  lwc1    $f10, 0x002C($s0)          ## 0000002C
/* 003E4 80932874 C7A4005C */  lwc1    $f4, 0x005C($sp)           
/* 003E8 80932878 46105481 */  sub.s   $f18, $f10, $f16           
/* 003EC 8093287C 46042182 */  mul.s   $f6, $f4, $f4              
/* 003F0 80932880 E7B20064 */  swc1    $f18, 0x0064($sp)          
/* 003F4 80932884 C7A80064 */  lwc1    $f8, 0x0064($sp)           
/* 003F8 80932888 46084282 */  mul.s   $f10, $f8, $f8             
/* 003FC 8093288C 460A3400 */  add.s   $f16, $f6, $f10            
/* 00400 80932890 E6100238 */  swc1    $f16, 0x0238($s0)          ## 00000238
/* 00404 80932894 8FBF0034 */  lw      $ra, 0x0034($sp)           
/* 00408 80932898 8FB00030 */  lw      $s0, 0x0030($sp)           
/* 0040C 8093289C 03E00008 */  jr      $ra                        
/* 00410 809328A0 27BD0068 */  addiu   $sp, $sp, 0x0068           ## $sp = 00000000


glabel func_809328A4
/* 00414 809328A4 C4840024 */  lwc1    $f4, 0x0024($a0)           ## 00000024
/* 00418 809328A8 C4A60000 */  lwc1    $f6, 0x0000($a1)           ## 00000000
/* 0041C 809328AC C488002C */  lwc1    $f8, 0x002C($a0)           ## 0000002C
/* 00420 809328B0 C4AA0008 */  lwc1    $f10, 0x0008($a1)          ## 00000008
/* 00424 809328B4 46062001 */  sub.s   $f0, $f4, $f6              
/* 00428 809328B8 C4860238 */  lwc1    $f6, 0x0238($a0)           ## 00000238
/* 0042C 809328BC 00001025 */  or      $v0, $zero, $zero          ## $v0 = 00000000
/* 00430 809328C0 460A4081 */  sub.s   $f2, $f8, $f10             
/* 00434 809328C4 46000402 */  mul.s   $f16, $f0, $f0             
/* 00438 809328C8 00000000 */  nop
/* 0043C 809328CC 46021482 */  mul.s   $f18, $f2, $f2             
/* 00440 809328D0 46128100 */  add.s   $f4, $f16, $f18            
/* 00444 809328D4 4604303E */  c.le.s  $f6, $f4                   
/* 00448 809328D8 00000000 */  nop
/* 0044C 809328DC 45000003 */  bc1f    .L809328EC                 
/* 00450 809328E0 00000000 */  nop
/* 00454 809328E4 03E00008 */  jr      $ra                        
/* 00458 809328E8 24020001 */  addiu   $v0, $zero, 0x0001         ## $v0 = 00000001
.L809328EC:
/* 0045C 809328EC 03E00008 */  jr      $ra                        
/* 00460 809328F0 00000000 */  nop


glabel func_809328F4
/* 00464 809328F4 27BDFF48 */  addiu   $sp, $sp, 0xFF48           ## $sp = FFFFFF48
/* 00468 809328F8 AFB30064 */  sw      $s3, 0x0064($sp)           
/* 0046C 809328FC AFB20060 */  sw      $s2, 0x0060($sp)           
/* 00470 80932900 44800000 */  mtc1    $zero, $f0                 ## $f0 = 0.00
/* 00474 80932904 00C09025 */  or      $s2, $a2, $zero            ## $s2 = 00000000
/* 00478 80932908 00E09825 */  or      $s3, $a3, $zero            ## $s3 = 00000000
/* 0047C 8093290C AFBF007C */  sw      $ra, 0x007C($sp)           
/* 00480 80932910 AFBE0078 */  sw      $s8, 0x0078($sp)           
/* 00484 80932914 AFB70074 */  sw      $s7, 0x0074($sp)           
/* 00488 80932918 AFB60070 */  sw      $s6, 0x0070($sp)           
/* 0048C 8093291C AFB5006C */  sw      $s5, 0x006C($sp)           
/* 00490 80932920 AFB40068 */  sw      $s4, 0x0068($sp)           
/* 00494 80932924 AFB1005C */  sw      $s1, 0x005C($sp)           
/* 00498 80932928 AFB00058 */  sw      $s0, 0x0058($sp)           
/* 0049C 8093292C F7BE0050 */  sdc1    $f30, 0x0050($sp)          
/* 004A0 80932930 F7BC0048 */  sdc1    $f28, 0x0048($sp)          
/* 004A4 80932934 F7BA0040 */  sdc1    $f26, 0x0040($sp)          
/* 004A8 80932938 F7B80038 */  sdc1    $f24, 0x0038($sp)          
/* 004AC 8093293C F7B60030 */  sdc1    $f22, 0x0030($sp)          
/* 004B0 80932940 F7B40028 */  sdc1    $f20, 0x0028($sp)          
/* 004B4 80932944 AFA400B8 */  sw      $a0, 0x00B8($sp)           
/* 004B8 80932948 AFA500BC */  sw      $a1, 0x00BC($sp)           
/* 004BC 8093294C 3C01BF80 */  lui     $at, 0xBF80                ## $at = BF800000
/* 004C0 80932950 44812000 */  mtc1    $at, $f4                   ## $f4 = -1.00
/* 004C4 80932954 240E009B */  addiu   $t6, $zero, 0x009B         ## $t6 = 0000009B
/* 004C8 80932958 240F00FF */  addiu   $t7, $zero, 0x00FF         ## $t7 = 000000FF
/* 004CC 8093295C 241800FF */  addiu   $t8, $zero, 0x00FF         ## $t8 = 000000FF
/* 004D0 80932960 241900FF */  addiu   $t9, $zero, 0x00FF         ## $t9 = 000000FF
/* 004D4 80932964 240800C8 */  addiu   $t0, $zero, 0x00C8         ## $t0 = 000000C8
/* 004D8 80932968 240900C8 */  addiu   $t1, $zero, 0x00C8         ## $t1 = 000000C8
/* 004DC 8093296C 240A00C8 */  addiu   $t2, $zero, 0x00C8         ## $t2 = 000000C8
/* 004E0 80932970 E7A00098 */  swc1    $f0, 0x0098($sp)           
/* 004E4 80932974 E7A00090 */  swc1    $f0, 0x0090($sp)           
/* 004E8 80932978 A3AE008C */  sb      $t6, 0x008C($sp)           
/* 004EC 8093297C A3AF008D */  sb      $t7, 0x008D($sp)           
/* 004F0 80932980 A3B8008E */  sb      $t8, 0x008E($sp)           
/* 004F4 80932984 A3B9008F */  sb      $t9, 0x008F($sp)           
/* 004F8 80932988 A3A80088 */  sb      $t0, 0x0088($sp)           
/* 004FC 8093298C A3A90089 */  sb      $t1, 0x0089($sp)           
/* 00500 80932990 A3AA008A */  sb      $t2, 0x008A($sp)           
/* 00504 80932994 00008025 */  or      $s0, $zero, $zero          ## $s0 = 00000000
/* 00508 80932998 1A60003E */  blez    $s3, .L80932A94            
/* 0050C 8093299C E7A40094 */  swc1    $f4, 0x0094($sp)           
/* 00510 809329A0 3C0140A0 */  lui     $at, 0x40A0                ## $at = 40A00000
/* 00514 809329A4 4481F000 */  mtc1    $at, $f30                  ## $f30 = 5.00
/* 00518 809329A8 3C018093 */  lui     $at, %hi(D_809347D0)       ## $at = 80930000
/* 0051C 809329AC C43C47D0 */  lwc1    $f28, %lo(D_809347D0)($at) 
/* 00520 809329B0 3C018093 */  lui     $at, %hi(D_809347D4)       ## $at = 80930000
/* 00524 809329B4 C43A47D4 */  lwc1    $f26, %lo(D_809347D4)($at) 
/* 00528 809329B8 3C014120 */  lui     $at, 0x4120                ## $at = 41200000
/* 0052C 809329BC 4481B000 */  mtc1    $at, $f22                  ## $f22 = 10.00
/* 00530 809329C0 C7B400C8 */  lwc1    $f20, 0x00C8($sp)          
/* 00534 809329C4 27BE0088 */  addiu   $s8, $sp, 0x0088           ## $s8 = FFFFFFD0
/* 00538 809329C8 27B7008C */  addiu   $s7, $sp, 0x008C           ## $s7 = FFFFFFD4
/* 0053C 809329CC 27B60090 */  addiu   $s6, $sp, 0x0090           ## $s6 = FFFFFFD8
/* 00540 809329D0 27B5009C */  addiu   $s5, $sp, 0x009C           ## $s5 = FFFFFFE4
/* 00544 809329D4 27B400A8 */  addiu   $s4, $sp, 0x00A8           ## $s4 = FFFFFFF0
.L809329D8:
/* 00548 809329D8 0C05E570 */  jal     func_801795C0              
/* 0054C 809329DC 4600D306 */  mov.s   $f12, $f26                 
/* 00550 809329E0 461C0600 */  add.s   $f24, $f0, $f28            
/* 00554 809329E4 0C05E570 */  jal     func_801795C0              
/* 00558 809329E8 4600F306 */  mov.s   $f12, $f30                 
/* 0055C 809329EC 4600018D */  trunc.w.s $f6, $f0                   
/* 00560 809329F0 4600A306 */  mov.s   $f12, $f20                 
/* 00564 809329F4 44113000 */  mfc1    $s1, $f6                   
/* 00568 809329F8 0C05E570 */  jal     func_801795C0              
/* 0056C 809329FC 2631000C */  addiu   $s1, $s1, 0x000C           ## $s1 = 0000000C
/* 00570 80932A00 C6480000 */  lwc1    $f8, 0x0000($s2)           ## 00000000
/* 00574 80932A04 4600A306 */  mov.s   $f12, $f20                 
/* 00578 80932A08 46080280 */  add.s   $f10, $f0, $f8             
/* 0057C 80932A0C 0C05E565 */  jal     func_80179594              
/* 00580 80932A10 E7AA00A8 */  swc1    $f10, 0x00A8($sp)          
/* 00584 80932A14 C6500004 */  lwc1    $f16, 0x0004($s2)          ## 00000004
/* 00588 80932A18 4600A306 */  mov.s   $f12, $f20                 
/* 0058C 80932A1C 46100480 */  add.s   $f18, $f0, $f16            
/* 00590 80932A20 0C05E570 */  jal     func_801795C0              
/* 00594 80932A24 E7B200AC */  swc1    $f18, 0x00AC($sp)          
/* 00598 80932A28 C6440008 */  lwc1    $f4, 0x0008($s2)           ## 00000008
/* 0059C 80932A2C 4600B306 */  mov.s   $f12, $f22                 
/* 005A0 80932A30 46040180 */  add.s   $f6, $f0, $f4              
/* 005A4 80932A34 0C05E570 */  jal     func_801795C0              
/* 005A8 80932A38 E7A600B0 */  swc1    $f6, 0x00B0($sp)           
/* 005AC 80932A3C E7A0009C */  swc1    $f0, 0x009C($sp)           
/* 005B0 80932A40 0C05E565 */  jal     func_80179594              
/* 005B4 80932A44 4600B306 */  mov.s   $f12, $f22                 
/* 005B8 80932A48 3C014000 */  lui     $at, 0x4000                ## $at = 40000000
/* 005BC 80932A4C 44814000 */  mtc1    $at, $f8                   ## $f8 = 2.00
/* 005C0 80932A50 4600B306 */  mov.s   $f12, $f22                 
/* 005C4 80932A54 46080280 */  add.s   $f10, $f0, $f8             
/* 005C8 80932A58 0C05E570 */  jal     func_801795C0              
/* 005CC 80932A5C E7AA00A0 */  swc1    $f10, 0x00A0($sp)          
/* 005D0 80932A60 4406C000 */  mfc1    $a2, $f24                  
/* 005D4 80932A64 E7A000A4 */  swc1    $f0, 0x00A4($sp)           
/* 005D8 80932A68 8FA400BC */  lw      $a0, 0x00BC($sp)           
/* 005DC 80932A6C 02802825 */  or      $a1, $s4, $zero            ## $a1 = FFFFFFF0
/* 005E0 80932A70 02A03825 */  or      $a3, $s5, $zero            ## $a3 = FFFFFFE4
/* 005E4 80932A74 AFB60010 */  sw      $s6, 0x0010($sp)           
/* 005E8 80932A78 AFB70014 */  sw      $s7, 0x0014($sp)           
/* 005EC 80932A7C AFBE0018 */  sw      $s8, 0x0018($sp)           
/* 005F0 80932A80 0C02CAF0 */  jal     func_800B2BC0              
/* 005F4 80932A84 AFB1001C */  sw      $s1, 0x001C($sp)           
/* 005F8 80932A88 26100001 */  addiu   $s0, $s0, 0x0001           ## $s0 = 00000001
/* 005FC 80932A8C 1613FFD2 */  bne     $s0, $s3, .L809329D8       
/* 00600 80932A90 00000000 */  nop
.L80932A94:
/* 00604 80932A94 8FA400BC */  lw      $a0, 0x00BC($sp)           
/* 00608 80932A98 0C03A175 */  jal     func_800E85D4              
/* 0060C 80932A9C 02402825 */  or      $a1, $s2, $zero            ## $a1 = 00000000
/* 00610 80932AA0 8FBF007C */  lw      $ra, 0x007C($sp)           
/* 00614 80932AA4 D7B40028 */  ldc1    $f20, 0x0028($sp)          
/* 00618 80932AA8 D7B60030 */  ldc1    $f22, 0x0030($sp)          
/* 0061C 80932AAC D7B80038 */  ldc1    $f24, 0x0038($sp)          
/* 00620 80932AB0 D7BA0040 */  ldc1    $f26, 0x0040($sp)          
/* 00624 80932AB4 D7BC0048 */  ldc1    $f28, 0x0048($sp)          
/* 00628 80932AB8 D7BE0050 */  ldc1    $f30, 0x0050($sp)          
/* 0062C 80932ABC 8FB00058 */  lw      $s0, 0x0058($sp)           
/* 00630 80932AC0 8FB1005C */  lw      $s1, 0x005C($sp)           
/* 00634 80932AC4 8FB20060 */  lw      $s2, 0x0060($sp)           
/* 00638 80932AC8 8FB30064 */  lw      $s3, 0x0064($sp)           
/* 0063C 80932ACC 8FB40068 */  lw      $s4, 0x0068($sp)           
/* 00640 80932AD0 8FB5006C */  lw      $s5, 0x006C($sp)           
/* 00644 80932AD4 8FB60070 */  lw      $s6, 0x0070($sp)           
/* 00648 80932AD8 8FB70074 */  lw      $s7, 0x0074($sp)           
/* 0064C 80932ADC 8FBE0078 */  lw      $s8, 0x0078($sp)           
/* 00650 80932AE0 03E00008 */  jr      $ra                        
/* 00654 80932AE4 27BD00B8 */  addiu   $sp, $sp, 0x00B8           ## $sp = 00000000


glabel func_80932AE8
/* 00658 80932AE8 AFA40000 */  sw      $a0, 0x0000($sp)           
/* 0065C 80932AEC 03E00008 */  jr      $ra                        
/* 00660 80932AF0 00000000 */  nop


glabel func_80932AF4
/* 00664 80932AF4 27BDFFB0 */  addiu   $sp, $sp, 0xFFB0           ## $sp = FFFFFFB0
/* 00668 80932AF8 AFB00020 */  sw      $s0, 0x0020($sp)           
/* 0066C 80932AFC 00808025 */  or      $s0, $a0, $zero            ## $s0 = 00000000
/* 00670 80932B00 AFBF0024 */  sw      $ra, 0x0024($sp)           
/* 00674 80932B04 860E0BC6 */  lh      $t6, 0x0BC6($s0)           ## 00000BC6
/* 00678 80932B08 3C014220 */  lui     $at, 0x4220                ## $at = 42200000
/* 0067C 80932B0C 31CF000F */  andi    $t7, $t6, 0x000F           ## $t7 = 00000000
/* 00680 80932B10 55E0002C */  bnel    $t7, $zero, .L80932BC4     
/* 00684 80932B14 8FBF0024 */  lw      $ra, 0x0024($sp)           
/* 00688 80932B18 44816000 */  mtc1    $at, $f12                  ## $f12 = 40.00
/* 0068C 80932B1C 0C05E570 */  jal     func_801795C0              
/* 00690 80932B20 00000000 */  nop
/* 00694 80932B24 C6040024 */  lwc1    $f4, 0x0024($s0)           ## 00000024
/* 00698 80932B28 3C014220 */  lui     $at, 0x4220                ## $at = 42200000
/* 0069C 80932B2C 44816000 */  mtc1    $at, $f12                  ## $f12 = 40.00
/* 006A0 80932B30 46040180 */  add.s   $f6, $f0, $f4              
/* 006A4 80932B34 0C05E570 */  jal     func_801795C0              
/* 006A8 80932B38 E7A60044 */  swc1    $f6, 0x0044($sp)           
/* 006AC 80932B3C C6080028 */  lwc1    $f8, 0x0028($s0)           ## 00000028
/* 006B0 80932B40 3C0141F0 */  lui     $at, 0x41F0                ## $at = 41F00000
/* 006B4 80932B44 44818000 */  mtc1    $at, $f16                  ## $f16 = 30.00
/* 006B8 80932B48 46080280 */  add.s   $f10, $f0, $f8             
/* 006BC 80932B4C 3C014220 */  lui     $at, 0x4220                ## $at = 42200000
/* 006C0 80932B50 44816000 */  mtc1    $at, $f12                  ## $f12 = 40.00
/* 006C4 80932B54 46105480 */  add.s   $f18, $f10, $f16           
/* 006C8 80932B58 0C05E570 */  jal     func_801795C0              
/* 006CC 80932B5C E7B20048 */  swc1    $f18, 0x0048($sp)          
/* 006D0 80932B60 C604002C */  lwc1    $f4, 0x002C($s0)           ## 0000002C
/* 006D4 80932B64 44801000 */  mtc1    $zero, $f2                 ## $f2 = 0.00
/* 006D8 80932B68 3C018093 */  lui     $at, %hi(D_809347D8)       ## $at = 80930000
/* 006DC 80932B6C 46040180 */  add.s   $f6, $f0, $f4              
/* 006E0 80932B70 C42847D8 */  lwc1    $f8, %lo(D_809347D8)($at)  
/* 006E4 80932B74 3C0140F0 */  lui     $at, 0x40F0                ## $at = 40F00000
/* 006E8 80932B78 44816000 */  mtc1    $at, $f12                  ## $f12 = 7.50
/* 006EC 80932B7C E7A6004C */  swc1    $f6, 0x004C($sp)           
/* 006F0 80932B80 E7A20034 */  swc1    $f2, 0x0034($sp)           
/* 006F4 80932B84 E7A2002C */  swc1    $f2, 0x002C($sp)           
/* 006F8 80932B88 E7A20040 */  swc1    $f2, 0x0040($sp)           
/* 006FC 80932B8C E7A2003C */  swc1    $f2, 0x003C($sp)           
/* 00700 80932B90 E7A20038 */  swc1    $f2, 0x0038($sp)           
/* 00704 80932B94 0C05E565 */  jal     func_80179594              
/* 00708 80932B98 E7A80030 */  swc1    $f8, 0x0030($sp)           
/* 0070C 80932B9C 3C014170 */  lui     $at, 0x4170                ## $at = 41700000
/* 00710 80932BA0 44815000 */  mtc1    $at, $f10                  ## $f10 = 15.00
/* 00714 80932BA4 02002025 */  or      $a0, $s0, $zero            ## $a0 = 00000000
/* 00718 80932BA8 27A50044 */  addiu   $a1, $sp, 0x0044           ## $a1 = FFFFFFF4
/* 0071C 80932BAC 460A0400 */  add.s   $f16, $f0, $f10            
/* 00720 80932BB0 27A60038 */  addiu   $a2, $sp, 0x0038           ## $a2 = FFFFFFE8
/* 00724 80932BB4 27A7002C */  addiu   $a3, $sp, 0x002C           ## $a3 = FFFFFFDC
/* 00728 80932BB8 0C24D006 */  jal     func_80934018              
/* 0072C 80932BBC E7B00010 */  swc1    $f16, 0x0010($sp)          
/* 00730 80932BC0 8FBF0024 */  lw      $ra, 0x0024($sp)           
.L80932BC4:
/* 00734 80932BC4 8FB00020 */  lw      $s0, 0x0020($sp)           
/* 00738 80932BC8 27BD0050 */  addiu   $sp, $sp, 0x0050           ## $sp = 00000000
/* 0073C 80932BCC 03E00008 */  jr      $ra                        
/* 00740 80932BD0 00000000 */  nop


glabel func_80932BD4
/* 00744 80932BD4 27BDFFB0 */  addiu   $sp, $sp, 0xFFB0           ## $sp = FFFFFFB0
/* 00748 80932BD8 AFB00020 */  sw      $s0, 0x0020($sp)           
/* 0074C 80932BDC 00808025 */  or      $s0, $a0, $zero            ## $s0 = 00000000
/* 00750 80932BE0 AFBF0024 */  sw      $ra, 0x0024($sp)           
/* 00754 80932BE4 860E0BC6 */  lh      $t6, 0x0BC6($s0)           ## 00000BC6
/* 00758 80932BE8 3C014220 */  lui     $at, 0x4220                ## $at = 42200000
/* 0075C 80932BEC 31CF0003 */  andi    $t7, $t6, 0x0003           ## $t7 = 00000000
/* 00760 80932BF0 55E00025 */  bnel    $t7, $zero, .L80932C88     
/* 00764 80932BF4 8FBF0024 */  lw      $ra, 0x0024($sp)           
/* 00768 80932BF8 44816000 */  mtc1    $at, $f12                  ## $f12 = 40.00
/* 0076C 80932BFC 0C05E570 */  jal     func_801795C0              
/* 00770 80932C00 00000000 */  nop
/* 00774 80932C04 C6040024 */  lwc1    $f4, 0x0024($s0)           ## 00000024
/* 00778 80932C08 3C014220 */  lui     $at, 0x4220                ## $at = 42200000
/* 0077C 80932C0C 44816000 */  mtc1    $at, $f12                  ## $f12 = 40.00
/* 00780 80932C10 46040180 */  add.s   $f6, $f0, $f4              
/* 00784 80932C14 E7A60044 */  swc1    $f6, 0x0044($sp)           
/* 00788 80932C18 C6080BB4 */  lwc1    $f8, 0x0BB4($s0)           ## 00000BB4
/* 0078C 80932C1C 0C05E570 */  jal     func_801795C0              
/* 00790 80932C20 E7A80048 */  swc1    $f8, 0x0048($sp)           
/* 00794 80932C24 C60A002C */  lwc1    $f10, 0x002C($s0)          ## 0000002C
/* 00798 80932C28 44801000 */  mtc1    $zero, $f2                 ## $f2 = 0.00
/* 0079C 80932C2C 3C018093 */  lui     $at, %hi(D_809347DC)       ## $at = 80930000
/* 007A0 80932C30 460A0400 */  add.s   $f16, $f0, $f10            
/* 007A4 80932C34 C43247DC */  lwc1    $f18, %lo(D_809347DC)($at) 
/* 007A8 80932C38 3C0140F0 */  lui     $at, 0x40F0                ## $at = 40F00000
/* 007AC 80932C3C 44816000 */  mtc1    $at, $f12                  ## $f12 = 7.50
/* 007B0 80932C40 E7B0004C */  swc1    $f16, 0x004C($sp)          
/* 007B4 80932C44 E7A20034 */  swc1    $f2, 0x0034($sp)           
/* 007B8 80932C48 E7A2002C */  swc1    $f2, 0x002C($sp)           
/* 007BC 80932C4C E7A20040 */  swc1    $f2, 0x0040($sp)           
/* 007C0 80932C50 E7A2003C */  swc1    $f2, 0x003C($sp)           
/* 007C4 80932C54 E7A20038 */  swc1    $f2, 0x0038($sp)           
/* 007C8 80932C58 0C05E565 */  jal     func_80179594              
/* 007CC 80932C5C E7B20030 */  swc1    $f18, 0x0030($sp)          
/* 007D0 80932C60 3C014170 */  lui     $at, 0x4170                ## $at = 41700000
/* 007D4 80932C64 44812000 */  mtc1    $at, $f4                   ## $f4 = 15.00
/* 007D8 80932C68 02002025 */  or      $a0, $s0, $zero            ## $a0 = 00000000
/* 007DC 80932C6C 27A50044 */  addiu   $a1, $sp, 0x0044           ## $a1 = FFFFFFF4
/* 007E0 80932C70 46040180 */  add.s   $f6, $f0, $f4              
/* 007E4 80932C74 27A60038 */  addiu   $a2, $sp, 0x0038           ## $a2 = FFFFFFE8
/* 007E8 80932C78 27A7002C */  addiu   $a3, $sp, 0x002C           ## $a3 = FFFFFFDC
/* 007EC 80932C7C 0C24D006 */  jal     func_80934018              
/* 007F0 80932C80 E7A60010 */  swc1    $f6, 0x0010($sp)           
/* 007F4 80932C84 8FBF0024 */  lw      $ra, 0x0024($sp)           
.L80932C88:
/* 007F8 80932C88 8FB00020 */  lw      $s0, 0x0020($sp)           
/* 007FC 80932C8C 27BD0050 */  addiu   $sp, $sp, 0x0050           ## $sp = 00000000
/* 00800 80932C90 03E00008 */  jr      $ra                        
/* 00804 80932C94 00000000 */  nop


glabel func_80932C98
/* 00808 80932C98 27BDFFB8 */  addiu   $sp, $sp, 0xFFB8           ## $sp = FFFFFFB8
/* 0080C 80932C9C AFB00020 */  sw      $s0, 0x0020($sp)           
/* 00810 80932CA0 00808025 */  or      $s0, $a0, $zero            ## $s0 = 00000000
/* 00814 80932CA4 AFBF0024 */  sw      $ra, 0x0024($sp)           
/* 00818 80932CA8 AFA5004C */  sw      $a1, 0x004C($sp)           
/* 0081C 80932CAC 920E0BCD */  lbu     $t6, 0x0BCD($s0)           ## 00000BCD
/* 00820 80932CB0 51C00013 */  beql    $t6, $zero, .L80932D00     
/* 00824 80932CB4 8E020120 */  lw      $v0, 0x0120($s0)           ## 00000120
/* 00828 80932CB8 96020090 */  lhu     $v0, 0x0090($s0)           ## 00000090
/* 0082C 80932CBC 02002025 */  or      $a0, $s0, $zero            ## $a0 = 00000000
/* 00830 80932CC0 8FA5004C */  lw      $a1, 0x004C($sp)           
/* 00834 80932CC4 304F0008 */  andi    $t7, $v0, 0x0008           ## $t7 = 00000000
/* 00838 80932CC8 15E00006 */  bne     $t7, $zero, .L80932CE4     
/* 0083C 80932CCC 3C064270 */  lui     $a2, 0x4270                ## $a2 = 42700000
/* 00840 80932CD0 0C02F13B */  jal     func_800BC4EC              
/* 00844 80932CD4 86070032 */  lh      $a3, 0x0032($s0)           ## 00000032
/* 00848 80932CD8 54400009 */  bnel    $v0, $zero, .L80932D00     
/* 0084C 80932CDC 8E020120 */  lw      $v0, 0x0120($s0)           ## 00000120
/* 00850 80932CE0 96020090 */  lhu     $v0, 0x0090($s0)           ## 00000090
.L80932CE4:
/* 00854 80932CE4 44800000 */  mtc1    $zero, $f0                 ## $f0 = 0.00
/* 00858 80932CE8 3058FFF7 */  andi    $t8, $v0, 0xFFF7           ## $t8 = 00000000
/* 0085C 80932CEC A6180090 */  sh      $t8, 0x0090($s0)           ## 00000090
/* 00860 80932CF0 A2000BCD */  sb      $zero, 0x0BCD($s0)         ## 00000BCD
/* 00864 80932CF4 E6000BBC */  swc1    $f0, 0x0BBC($s0)           ## 00000BBC
/* 00868 80932CF8 E6000070 */  swc1    $f0, 0x0070($s0)           ## 00000070
/* 0086C 80932CFC 8E020120 */  lw      $v0, 0x0120($s0)           ## 00000120
.L80932D00:
/* 00870 80932D00 44800000 */  mtc1    $zero, $f0                 ## $f0 = 0.00
/* 00874 80932D04 5040004B */  beql    $v0, $zero, .L80932E34     
/* 00878 80932D08 920B0BCE */  lbu     $t3, 0x0BCE($s0)           ## 00000BCE
/* 0087C 80932D0C 86040BC4 */  lh      $a0, 0x0BC4($s0)           ## 00000BC4
/* 00880 80932D10 24060005 */  addiu   $a2, $zero, 0x0005         ## $a2 = 00000005
/* 00884 80932D14 50C40047 */  beql    $a2, $a0, .L80932E34       
/* 00888 80932D18 920B0BCE */  lbu     $t3, 0x0BCE($s0)           ## 00000BCE
/* 0088C 80932D1C 84590000 */  lh      $t9, 0x0000($v0)           ## 00000000
/* 00890 80932D20 2401015D */  addiu   $at, $zero, 0x015D         ## $at = 0000015D
/* 00894 80932D24 57210043 */  bnel    $t9, $at, .L80932E34       
/* 00898 80932D28 920B0BCE */  lbu     $t3, 0x0BCE($s0)           ## 00000BCE
/* 0089C 80932D2C 8C480138 */  lw      $t0, 0x0138($v0)           ## 00000138
/* 008A0 80932D30 240539A6 */  addiu   $a1, $zero, 0x39A6         ## $a1 = 000039A6
/* 008A4 80932D34 51000005 */  beql    $t0, $zero, .L80932D4C     
/* 008A8 80932D38 A20000B7 */  sb      $zero, 0x00B7($s0)         ## 000000B7
/* 008AC 80932D3C 904900B7 */  lbu     $t1, 0x00B7($v0)           ## 000000B7
/* 008B0 80932D40 5D20001C */  bgtzl   $t1, .L80932DB4            
/* 008B4 80932D44 920A00B7 */  lbu     $t2, 0x00B7($s0)           ## 000000B7
/* 008B8 80932D48 A20000B7 */  sb      $zero, 0x00B7($s0)         ## 000000B7
.L80932D4C:
/* 008BC 80932D4C A6060BC4 */  sh      $a2, 0x0BC4($s0)           ## 00000BC4
/* 008C0 80932D50 0C02E3B2 */  jal     func_800B8EC8              
/* 008C4 80932D54 02002025 */  or      $a0, $s0, $zero            ## $a0 = 00000000
/* 008C8 80932D58 02002025 */  or      $a0, $s0, $zero            ## $a0 = 00000000
/* 008CC 80932D5C 0C02E3B2 */  jal     func_800B8EC8              
/* 008D0 80932D60 240528CB */  addiu   $a1, $zero, 0x28CB         ## $a1 = 000028CB
/* 008D4 80932D64 C6040024 */  lwc1    $f4, 0x0024($s0)           ## 00000024
/* 008D8 80932D68 3C014120 */  lui     $at, 0x4120                ## $at = 41200000
/* 008DC 80932D6C 44815000 */  mtc1    $at, $f10                  ## $f10 = 10.00
/* 008E0 80932D70 E7A4003C */  swc1    $f4, 0x003C($sp)           
/* 008E4 80932D74 C6060028 */  lwc1    $f6, 0x0028($s0)           ## 00000028
/* 008E8 80932D78 02002025 */  or      $a0, $s0, $zero            ## $a0 = 00000000
/* 008EC 80932D7C 8FA5004C */  lw      $a1, 0x004C($sp)           
/* 008F0 80932D80 E7A60040 */  swc1    $f6, 0x0040($sp)           
/* 008F4 80932D84 C608002C */  lwc1    $f8, 0x002C($s0)           ## 0000002C
/* 008F8 80932D88 27A6003C */  addiu   $a2, $sp, 0x003C           ## $a2 = FFFFFFF4
/* 008FC 80932D8C 2407001E */  addiu   $a3, $zero, 0x001E         ## $a3 = 0000001E
/* 00900 80932D90 E7AA0010 */  swc1    $f10, 0x0010($sp)          
/* 00904 80932D94 0C24CA3D */  jal     func_809328F4              
/* 00908 80932D98 E7A80044 */  swc1    $f8, 0x0044($sp)           
/* 0090C 80932D9C 02002025 */  or      $a0, $s0, $zero            ## $a0 = 00000000
/* 00910 80932DA0 0C24CDB0 */  jal     func_809336C0              
/* 00914 80932DA4 8FA5004C */  lw      $a1, 0x004C($sp)           
/* 00918 80932DA8 10000096 */  beq     $zero, $zero, .L80933004   
/* 0091C 80932DAC 8FBF0024 */  lw      $ra, 0x0024($sp)           
/* 00920 80932DB0 920A00B7 */  lbu     $t2, 0x00B7($s0)           ## 000000B7
.L80932DB4:
/* 00924 80932DB4 24010001 */  addiu   $at, $zero, 0x0001         ## $at = 00000001
/* 00928 80932DB8 5140001E */  beql    $t2, $zero, .L80932E34     
/* 0092C 80932DBC 920B0BCE */  lbu     $t3, 0x0BCE($s0)           ## 00000BCE
/* 00930 80932DC0 1481001B */  bne     $a0, $at, .L80932E30       
/* 00934 80932DC4 240539A6 */  addiu   $a1, $zero, 0x39A6         ## $a1 = 000039A6
/* 00938 80932DC8 A20000B7 */  sb      $zero, 0x00B7($s0)         ## 000000B7
/* 0093C 80932DCC A6060BC4 */  sh      $a2, 0x0BC4($s0)           ## 00000BC4
/* 00940 80932DD0 0C02E3B2 */  jal     func_800B8EC8              
/* 00944 80932DD4 02002025 */  or      $a0, $s0, $zero            ## $a0 = 00000000
/* 00948 80932DD8 02002025 */  or      $a0, $s0, $zero            ## $a0 = 00000000
/* 0094C 80932DDC 0C02E3B2 */  jal     func_800B8EC8              
/* 00950 80932DE0 240528CB */  addiu   $a1, $zero, 0x28CB         ## $a1 = 000028CB
/* 00954 80932DE4 C6100024 */  lwc1    $f16, 0x0024($s0)          ## 00000024
/* 00958 80932DE8 3C014120 */  lui     $at, 0x4120                ## $at = 41200000
/* 0095C 80932DEC 44813000 */  mtc1    $at, $f6                   ## $f6 = 10.00
/* 00960 80932DF0 E7B0003C */  swc1    $f16, 0x003C($sp)          
/* 00964 80932DF4 C6120028 */  lwc1    $f18, 0x0028($s0)          ## 00000028
/* 00968 80932DF8 02002025 */  or      $a0, $s0, $zero            ## $a0 = 00000000
/* 0096C 80932DFC 8FA5004C */  lw      $a1, 0x004C($sp)           
/* 00970 80932E00 E7B20040 */  swc1    $f18, 0x0040($sp)          
/* 00974 80932E04 C604002C */  lwc1    $f4, 0x002C($s0)           ## 0000002C
/* 00978 80932E08 27A6003C */  addiu   $a2, $sp, 0x003C           ## $a2 = FFFFFFF4
/* 0097C 80932E0C 2407001E */  addiu   $a3, $zero, 0x001E         ## $a3 = 0000001E
/* 00980 80932E10 E7A60010 */  swc1    $f6, 0x0010($sp)           
/* 00984 80932E14 0C24CA3D */  jal     func_809328F4              
/* 00988 80932E18 E7A40044 */  swc1    $f4, 0x0044($sp)           
/* 0098C 80932E1C 02002025 */  or      $a0, $s0, $zero            ## $a0 = 00000000
/* 00990 80932E20 0C24CDB0 */  jal     func_809336C0              
/* 00994 80932E24 8FA5004C */  lw      $a1, 0x004C($sp)           
/* 00998 80932E28 10000076 */  beq     $zero, $zero, .L80933004   
/* 0099C 80932E2C 8FBF0024 */  lw      $ra, 0x0024($sp)           
.L80932E30:
/* 009A0 80932E30 920B0BCE */  lbu     $t3, 0x0BCE($s0)           ## 00000BCE
.L80932E34:
/* 009A4 80932E34 51600073 */  beql    $t3, $zero, .L80933004     
/* 009A8 80932E38 8FBF0024 */  lw      $ra, 0x0024($sp)           
/* 009AC 80932E3C 860C001C */  lh      $t4, 0x001C($s0)           ## 0000001C
/* 009B0 80932E40 318D8000 */  andi    $t5, $t4, 0x8000           ## $t5 = 00000000
/* 009B4 80932E44 51A00012 */  beql    $t5, $zero, .L80932E90     
/* 009B8 80932E48 920201A5 */  lbu     $v0, 0x01A5($s0)           ## 000001A5
/* 009BC 80932E4C 920E0158 */  lbu     $t6, 0x0158($s0)           ## 00000158
/* 009C0 80932E50 2408000A */  addiu   $t0, $zero, 0x000A         ## $t0 = 0000000A
/* 009C4 80932E54 02002025 */  or      $a0, $s0, $zero            ## $a0 = 00000000
/* 009C8 80932E58 31CF0002 */  andi    $t7, $t6, 0x0002           ## $t7 = 00000000
/* 009CC 80932E5C 51E0000C */  beql    $t7, $zero, .L80932E90     
/* 009D0 80932E60 920201A5 */  lbu     $v0, 0x01A5($s0)           ## 000001A5
/* 009D4 80932E64 92180159 */  lbu     $t8, 0x0159($s0)           ## 00000159
/* 009D8 80932E68 A2000BCD */  sb      $zero, 0x0BCD($s0)         ## 00000BCD
/* 009DC 80932E6C E6000BBC */  swc1    $f0, 0x0BBC($s0)           ## 00000BBC
/* 009E0 80932E70 3319FFFD */  andi    $t9, $t8, 0xFFFD           ## $t9 = 00000000
/* 009E4 80932E74 A2190159 */  sb      $t9, 0x0159($s0)           ## 00000159
/* 009E8 80932E78 E6000070 */  swc1    $f0, 0x0070($s0)           ## 00000070
/* 009EC 80932E7C 0C24CC35 */  jal     func_809330D4              
/* 009F0 80932E80 A6080BCA */  sh      $t0, 0x0BCA($s0)           ## 00000BCA
/* 009F4 80932E84 1000005F */  beq     $zero, $zero, .L80933004   
/* 009F8 80932E88 8FBF0024 */  lw      $ra, 0x0024($sp)           
/* 009FC 80932E8C 920201A5 */  lbu     $v0, 0x01A5($s0)           ## 000001A5
.L80932E90:
/* 00A00 80932E90 30490080 */  andi    $t1, $v0, 0x0080           ## $t1 = 00000000
/* 00A04 80932E94 51200008 */  beql    $t1, $zero, .L80932EB8     
/* 00A08 80932E98 92030159 */  lbu     $v1, 0x0159($s0)           ## 00000159
/* 00A0C 80932E9C 920B0159 */  lbu     $t3, 0x0159($s0)           ## 00000159
/* 00A10 80932EA0 304AFF7F */  andi    $t2, $v0, 0xFF7F           ## $t2 = 00000000
/* 00A14 80932EA4 A20A01A5 */  sb      $t2, 0x01A5($s0)           ## 000001A5
/* 00A18 80932EA8 316CFFFD */  andi    $t4, $t3, 0xFFFD           ## $t4 = 00000000
/* 00A1C 80932EAC 10000054 */  beq     $zero, $zero, .L80933000   
/* 00A20 80932EB0 A20C0159 */  sb      $t4, 0x0159($s0)           ## 00000159
/* 00A24 80932EB4 92030159 */  lbu     $v1, 0x0159($s0)           ## 00000159
.L80932EB8:
/* 00A28 80932EB8 306D0002 */  andi    $t5, $v1, 0x0002           ## $t5 = 00000000
/* 00A2C 80932EBC 51A00051 */  beql    $t5, $zero, .L80933004     
/* 00A30 80932EC0 8FBF0024 */  lw      $ra, 0x0024($sp)           
/* 00A34 80932EC4 920200B9 */  lbu     $v0, 0x00B9($s0)           ## 000000B9
/* 00A38 80932EC8 306EFFFD */  andi    $t6, $v1, 0xFFFD           ## $t6 = 00000000
/* 00A3C 80932ECC 24010002 */  addiu   $at, $zero, 0x0002         ## $at = 00000002
/* 00A40 80932ED0 10410046 */  beq     $v0, $at, .L80932FEC       
/* 00A44 80932ED4 A20E0159 */  sb      $t6, 0x0159($s0)           ## 00000159
/* 00A48 80932ED8 24010004 */  addiu   $at, $zero, 0x0004         ## $at = 00000004
/* 00A4C 80932EDC 10410005 */  beq     $v0, $at, .L80932EF4       
/* 00A50 80932EE0 2401000F */  addiu   $at, $zero, 0x000F         ## $at = 0000000F
/* 00A54 80932EE4 10410008 */  beq     $v0, $at, .L80932F08       
/* 00A58 80932EE8 00000000 */  nop
/* 00A5C 80932EEC 10000045 */  beq     $zero, $zero, .L80933004   
/* 00A60 80932EF0 8FBF0024 */  lw      $ra, 0x0024($sp)           
.L80932EF4:
/* 00A64 80932EF4 3C013F80 */  lui     $at, 0x3F80                ## $at = 3F800000
/* 00A68 80932EF8 44814000 */  mtc1    $at, $f8                   ## $f8 = 1.00
/* 00A6C 80932EFC 240F0028 */  addiu   $t7, $zero, 0x0028         ## $t7 = 00000028
/* 00A70 80932F00 A60F0BA4 */  sh      $t7, 0x0BA4($s0)           ## 00000BA4
/* 00A74 80932F04 E6080B9C */  swc1    $f8, 0x0B9C($s0)           ## 00000B9C
.L80932F08:
/* 00A78 80932F08 0C02F88B */  jal     func_800BE22C              
/* 00A7C 80932F0C 02002025 */  or      $a0, $s0, $zero            ## $a0 = 00000000
/* 00A80 80932F10 24180008 */  addiu   $t8, $zero, 0x0008         ## $t8 = 00000008
/* 00A84 80932F14 AFB80010 */  sw      $t8, 0x0010($sp)           
/* 00A88 80932F18 02002025 */  or      $a0, $s0, $zero            ## $a0 = 00000000
/* 00A8C 80932F1C 24054000 */  addiu   $a1, $zero, 0x4000         ## $a1 = 00004000
/* 00A90 80932F20 240600FF */  addiu   $a2, $zero, 0x00FF         ## $a2 = 000000FF
/* 00A94 80932F24 0C02F2DC */  jal     func_800BCB70              
/* 00A98 80932F28 24072000 */  addiu   $a3, $zero, 0x2000         ## $a3 = 00002000
/* 00A9C 80932F2C 921900B7 */  lbu     $t9, 0x00B7($s0)           ## 000000B7
/* 00AA0 80932F30 240539A5 */  addiu   $a1, $zero, 0x39A5         ## $a1 = 000039A5
/* 00AA4 80932F34 02002025 */  or      $a0, $s0, $zero            ## $a0 = 00000000
/* 00AA8 80932F38 13200014 */  beq     $t9, $zero, .L80932F8C     
/* 00AAC 80932F3C 00000000 */  nop
/* 00AB0 80932F40 0C02E3B2 */  jal     func_800B8EC8              
/* 00AB4 80932F44 02002025 */  or      $a0, $s0, $zero            ## $a0 = 00000000
/* 00AB8 80932F48 C60A0024 */  lwc1    $f10, 0x0024($s0)          ## 00000024
/* 00ABC 80932F4C 44802000 */  mtc1    $zero, $f4                 ## $f4 = 0.00
/* 00AC0 80932F50 02002025 */  or      $a0, $s0, $zero            ## $a0 = 00000000
/* 00AC4 80932F54 E7AA003C */  swc1    $f10, 0x003C($sp)          
/* 00AC8 80932F58 C6100028 */  lwc1    $f16, 0x0028($s0)          ## 00000028
/* 00ACC 80932F5C 8FA5004C */  lw      $a1, 0x004C($sp)           
/* 00AD0 80932F60 27A6003C */  addiu   $a2, $sp, 0x003C           ## $a2 = FFFFFFF4
/* 00AD4 80932F64 E7B00040 */  swc1    $f16, 0x0040($sp)          
/* 00AD8 80932F68 C612002C */  lwc1    $f18, 0x002C($s0)          ## 0000002C
/* 00ADC 80932F6C 2407000A */  addiu   $a3, $zero, 0x000A         ## $a3 = 0000000A
/* 00AE0 80932F70 E7A40010 */  swc1    $f4, 0x0010($sp)           
/* 00AE4 80932F74 0C24CA3D */  jal     func_809328F4              
/* 00AE8 80932F78 E7B20044 */  swc1    $f18, 0x0044($sp)          
/* 00AEC 80932F7C 92080BCF */  lbu     $t0, 0x0BCF($s0)           ## 00000BCF
/* 00AF0 80932F80 25090001 */  addiu   $t1, $t0, 0x0001           ## $t1 = 00000001
/* 00AF4 80932F84 1000001E */  beq     $zero, $zero, .L80933000   
/* 00AF8 80932F88 A2090BCF */  sb      $t1, 0x0BCF($s0)           ## 00000BCF
.L80932F8C:
/* 00AFC 80932F8C 0C02E3B2 */  jal     func_800B8EC8              
/* 00B00 80932F90 240539A6 */  addiu   $a1, $zero, 0x39A6         ## $a1 = 000039A6
/* 00B04 80932F94 02002025 */  or      $a0, $s0, $zero            ## $a0 = 00000000
/* 00B08 80932F98 0C02E3B2 */  jal     func_800B8EC8              
/* 00B0C 80932F9C 240528CB */  addiu   $a1, $zero, 0x28CB         ## $a1 = 000028CB
/* 00B10 80932FA0 C6060024 */  lwc1    $f6, 0x0024($s0)           ## 00000024
/* 00B14 80932FA4 3C014120 */  lui     $at, 0x4120                ## $at = 41200000
/* 00B18 80932FA8 44818000 */  mtc1    $at, $f16                  ## $f16 = 10.00
/* 00B1C 80932FAC E7A6003C */  swc1    $f6, 0x003C($sp)           
/* 00B20 80932FB0 C6080028 */  lwc1    $f8, 0x0028($s0)           ## 00000028
/* 00B24 80932FB4 02002025 */  or      $a0, $s0, $zero            ## $a0 = 00000000
/* 00B28 80932FB8 8FA5004C */  lw      $a1, 0x004C($sp)           
/* 00B2C 80932FBC E7A80040 */  swc1    $f8, 0x0040($sp)           
/* 00B30 80932FC0 C60A002C */  lwc1    $f10, 0x002C($s0)          ## 0000002C
/* 00B34 80932FC4 27A6003C */  addiu   $a2, $sp, 0x003C           ## $a2 = FFFFFFF4
/* 00B38 80932FC8 2407001E */  addiu   $a3, $zero, 0x001E         ## $a3 = 0000001E
/* 00B3C 80932FCC E7B00010 */  swc1    $f16, 0x0010($sp)          
/* 00B40 80932FD0 0C24CA3D */  jal     func_809328F4              
/* 00B44 80932FD4 E7AA0044 */  swc1    $f10, 0x0044($sp)          
/* 00B48 80932FD8 02002025 */  or      $a0, $s0, $zero            ## $a0 = 00000000
/* 00B4C 80932FDC 0C24CDB0 */  jal     func_809336C0              
/* 00B50 80932FE0 8FA5004C */  lw      $a1, 0x004C($sp)           
/* 00B54 80932FE4 10000007 */  beq     $zero, $zero, .L80933004   
/* 00B58 80932FE8 8FBF0024 */  lw      $ra, 0x0024($sp)           
.L80932FEC:
/* 00B5C 80932FEC 02002025 */  or      $a0, $s0, $zero            ## $a0 = 00000000
/* 00B60 80932FF0 0C02E3B2 */  jal     func_800B8EC8              
/* 00B64 80932FF4 240539A6 */  addiu   $a1, $zero, 0x39A6         ## $a1 = 000039A6
/* 00B68 80932FF8 0C24CDE4 */  jal     func_80933790              
/* 00B6C 80932FFC 02002025 */  or      $a0, $s0, $zero            ## $a0 = 00000000
.L80933000:
/* 00B70 80933000 8FBF0024 */  lw      $ra, 0x0024($sp)           
.L80933004:
/* 00B74 80933004 8FB00020 */  lw      $s0, 0x0020($sp)           
/* 00B78 80933008 27BD0048 */  addiu   $sp, $sp, 0x0048           ## $sp = 00000000
/* 00B7C 8093300C 03E00008 */  jr      $ra                        
/* 00B80 80933010 00000000 */  nop


glabel func_80933014
/* 00B84 80933014 27BDFFD8 */  addiu   $sp, $sp, 0xFFD8           ## $sp = FFFFFFD8
/* 00B88 80933018 AFB00020 */  sw      $s0, 0x0020($sp)           
/* 00B8C 8093301C 00808025 */  or      $s0, $a0, $zero            ## $s0 = 00000000
/* 00B90 80933020 AFBF0024 */  sw      $ra, 0x0024($sp)           
/* 00B94 80933024 8602001C */  lh      $v0, 0x001C($s0)           ## 0000001C
/* 00B98 80933028 86050092 */  lh      $a1, 0x0092($s0)           ## 00000092
/* 00B9C 8093302C 24010003 */  addiu   $at, $zero, 0x0003         ## $at = 00000003
/* 00BA0 80933030 30463000 */  andi    $a2, $v0, 0x3000           ## $a2 = 00000000
/* 00BA4 80933034 304E8000 */  andi    $t6, $v0, 0x8000           ## $t6 = 00000000
/* 00BA8 80933038 15C0001B */  bne     $t6, $zero, .L809330A8     
/* 00BAC 8093303C 00063303 */  sra     $a2, $a2, 12               
/* 00BB0 80933040 10C10019 */  beq     $a2, $at, .L809330A8       
/* 00BB4 80933044 86070016 */  lh      $a3, 0x0016($s0)           ## 00000016
/* 00BB8 80933048 00A71023 */  subu    $v0, $a1, $a3              
/* 00BBC 8093304C 00021400 */  sll     $v0, $v0, 16               
/* 00BC0 80933050 00021403 */  sra     $v0, $v0, 16               
/* 00BC4 80933054 04410003 */  bgez    $v0, .L80933064            
/* 00BC8 80933058 00067840 */  sll     $t7, $a2,  1               
/* 00BCC 8093305C 10000002 */  beq     $zero, $zero, .L80933068   
/* 00BD0 80933060 00022023 */  subu    $a0, $zero, $v0            
.L80933064:
/* 00BD4 80933064 00402025 */  or      $a0, $v0, $zero            ## $a0 = 00000000
.L80933068:
/* 00BD8 80933068 3C038093 */  lui     $v1, %hi(D_809346F0)       ## $v1 = 80930000
/* 00BDC 8093306C 006F1821 */  addu    $v1, $v1, $t7              
/* 00BE0 80933070 846346F0 */  lh      $v1, %lo(D_809346F0)($v1)  
/* 00BE4 80933074 0064082A */  slt     $at, $v1, $a0              
/* 00BE8 80933078 5020000C */  beql    $at, $zero, .L809330AC     
/* 00BEC 8093307C 260400BE */  addiu   $a0, $s0, 0x00BE           ## $a0 = 000000BE
/* 00BF0 80933080 18400003 */  blez    $v0, .L80933090            
/* 00BF4 80933084 00031400 */  sll     $v0, $v1, 16               
/* 00BF8 80933088 10000004 */  beq     $zero, $zero, .L8093309C   
/* 00BFC 8093308C 00021403 */  sra     $v0, $v0, 16               
.L80933090:
/* 00C00 80933090 00031023 */  subu    $v0, $zero, $v1            
/* 00C04 80933094 00021400 */  sll     $v0, $v0, 16               
/* 00C08 80933098 00021403 */  sra     $v0, $v0, 16               
.L8093309C:
/* 00C0C 8093309C 00E22821 */  addu    $a1, $a3, $v0              
/* 00C10 809330A0 00052C00 */  sll     $a1, $a1, 16               
/* 00C14 809330A4 00052C03 */  sra     $a1, $a1, 16               
.L809330A8:
/* 00C18 809330A8 260400BE */  addiu   $a0, $s0, 0x00BE           ## $a0 = 000000BE
.L809330AC:
/* 00C1C 809330AC 2406000A */  addiu   $a2, $zero, 0x000A         ## $a2 = 0000000A
/* 00C20 809330B0 240707D0 */  addiu   $a3, $zero, 0x07D0         ## $a3 = 000007D0
/* 00C24 809330B4 0C03FFAF */  jal     func_800FFEBC              
/* 00C28 809330B8 AFA00010 */  sw      $zero, 0x0010($sp)         
/* 00C2C 809330BC 861800BE */  lh      $t8, 0x00BE($s0)           ## 000000BE
/* 00C30 809330C0 A6180032 */  sh      $t8, 0x0032($s0)           ## 00000032
/* 00C34 809330C4 8FBF0024 */  lw      $ra, 0x0024($sp)           
/* 00C38 809330C8 8FB00020 */  lw      $s0, 0x0020($sp)           
/* 00C3C 809330CC 03E00008 */  jr      $ra                        
/* 00C40 809330D0 27BD0028 */  addiu   $sp, $sp, 0x0028           ## $sp = 00000000


glabel func_809330D4
/* 00C44 809330D4 8C8F0004 */  lw      $t7, 0x0004($a0)           ## 00000004
/* 00C48 809330D8 2401FFFE */  addiu   $at, $zero, 0xFFFE         ## $at = FFFFFFFE
/* 00C4C 809330DC 3C198093 */  lui     $t9, %hi(func_80933104)    ## $t9 = 80930000
/* 00C50 809330E0 240E0002 */  addiu   $t6, $zero, 0x0002         ## $t6 = 00000002
/* 00C54 809330E4 27393104 */  addiu   $t9, $t9, %lo(func_80933104) ## $t9 = 80933104
/* 00C58 809330E8 01E1C024 */  and     $t8, $t7, $at              
/* 00C5C 809330EC A08E0BD6 */  sb      $t6, 0x0BD6($a0)           ## 00000BD6
/* 00C60 809330F0 A0800BCE */  sb      $zero, 0x0BCE($a0)         ## 00000BCE
/* 00C64 809330F4 AC980004 */  sw      $t8, 0x0004($a0)           ## 00000004
/* 00C68 809330F8 AC990144 */  sw      $t9, 0x0144($a0)           ## 00000144
/* 00C6C 809330FC 03E00008 */  jr      $ra                        
/* 00C70 80933100 00000000 */  nop


glabel func_80933104
/* 00C74 80933104 27BDFFD8 */  addiu   $sp, $sp, 0xFFD8           ## $sp = FFFFFFD8
/* 00C78 80933108 AFB00020 */  sw      $s0, 0x0020($sp)           
/* 00C7C 8093310C 00808025 */  or      $s0, $a0, $zero            ## $s0 = 00000000
/* 00C80 80933110 AFBF0024 */  sw      $ra, 0x0024($sp)           
/* 00C84 80933114 AFA5002C */  sw      $a1, 0x002C($sp)           
/* 00C88 80933118 8E0E0BC0 */  lw      $t6, 0x0BC0($s0)           ## 00000BC0
/* 00C8C 8093311C 2604005C */  addiu   $a0, $s0, 0x005C           ## $a0 = 0000005C
/* 00C90 80933120 24050000 */  addiu   $a1, $zero, 0x0000         ## $a1 = 00000000
/* 00C94 80933124 25CFFFF0 */  addiu   $t7, $t6, 0xFFF0           ## $t7 = FFFFFFF0
/* 00C98 80933128 2DE10100 */  sltiu   $at, $t7, 0x0100           
/* 00C9C 8093312C 14200002 */  bne     $at, $zero, .L80933138     
/* 00CA0 80933130 AE0F0BC0 */  sw      $t7, 0x0BC0($s0)           ## 00000BC0
/* 00CA4 80933134 AE000BC0 */  sw      $zero, 0x0BC0($s0)         ## 00000BC0
.L80933138:
/* 00CA8 80933138 44802000 */  mtc1    $zero, $f4                 ## $f4 = 0.00
/* 00CAC 8093313C 3C073A03 */  lui     $a3, 0x3A03                ## $a3 = 3A030000
/* 00CB0 80933140 34E7126F */  ori     $a3, $a3, 0x126F           ## $a3 = 3A03126F
/* 00CB4 80933144 3C063F80 */  lui     $a2, 0x3F80                ## $a2 = 3F800000
/* 00CB8 80933148 0C03FF36 */  jal     func_800FFCD8              
/* 00CBC 8093314C E7A40010 */  swc1    $f4, 0x0010($sp)           
/* 00CC0 80933150 44803000 */  mtc1    $zero, $f6                 ## $f6 = 0.00
/* 00CC4 80933154 00000000 */  nop
/* 00CC8 80933158 46060032 */  c.eq.s  $f0, $f6                   
/* 00CCC 8093315C 00000000 */  nop
/* 00CD0 80933160 45020004 */  bc1fl   .L80933174                 
/* 00CD4 80933164 8FBF0024 */  lw      $ra, 0x0024($sp)           
/* 00CD8 80933168 0C24CC61 */  jal     func_80933184              
/* 00CDC 8093316C 02002025 */  or      $a0, $s0, $zero            ## $a0 = 00000000
/* 00CE0 80933170 8FBF0024 */  lw      $ra, 0x0024($sp)           
.L80933174:
/* 00CE4 80933174 8FB00020 */  lw      $s0, 0x0020($sp)           
/* 00CE8 80933178 27BD0028 */  addiu   $sp, $sp, 0x0028           ## $sp = 00000000
/* 00CEC 8093317C 03E00008 */  jr      $ra                        
/* 00CF0 80933180 00000000 */  nop


glabel func_80933184
/* 00CF4 80933184 848F001C */  lh      $t7, 0x001C($a0)           ## 0000001C
/* 00CF8 80933188 C4840BA8 */  lwc1    $f4, 0x0BA8($a0)           ## 00000BA8
/* 00CFC 8093318C C4860BAC */  lwc1    $f6, 0x0BAC($a0)           ## 00000BAC
/* 00D00 80933190 C4880BB0 */  lwc1    $f8, 0x0BB0($a0)           ## 00000BB0
/* 00D04 80933194 240E0064 */  addiu   $t6, $zero, 0x0064         ## $t6 = 00000064
/* 00D08 80933198 31F84000 */  andi    $t8, $t7, 0x4000           ## $t8 = 00000000
/* 00D0C 8093319C A0800BD6 */  sb      $zero, 0x0BD6($a0)         ## 00000BD6
/* 00D10 809331A0 A4800BD2 */  sh      $zero, 0x0BD2($a0)         ## 00000BD2
/* 00D14 809331A4 A4800BD0 */  sh      $zero, 0x0BD0($a0)         ## 00000BD0
/* 00D18 809331A8 A48E0BCA */  sh      $t6, 0x0BCA($a0)           ## 00000BCA
/* 00D1C 809331AC E4840024 */  swc1    $f4, 0x0024($a0)           ## 00000024
/* 00D20 809331B0 E4860028 */  swc1    $f6, 0x0028($a0)           ## 00000028
/* 00D24 809331B4 1300000B */  beq     $t8, $zero, .L809331E4     
/* 00D28 809331B8 E488002C */  swc1    $f8, 0x002C($a0)           ## 0000002C
/* 00D2C 809331BC 3C0A8093 */  lui     $t2, %hi(func_80933274)    ## $t2 = 80930000
/* 00D30 809331C0 24190002 */  addiu   $t9, $zero, 0x0002         ## $t9 = 00000002
/* 00D34 809331C4 2408000A */  addiu   $t0, $zero, 0x000A         ## $t0 = 0000000A
/* 00D38 809331C8 24090FA0 */  addiu   $t1, $zero, 0x0FA0         ## $t1 = 00000FA0
/* 00D3C 809331CC 254A3274 */  addiu   $t2, $t2, %lo(func_80933274) ## $t2 = 80933274
/* 00D40 809331D0 A0990BD6 */  sb      $t9, 0x0BD6($a0)           ## 00000BD6
/* 00D44 809331D4 A4880BCA */  sh      $t0, 0x0BCA($a0)           ## 00000BCA
/* 00D48 809331D8 A4890BD2 */  sh      $t1, 0x0BD2($a0)           ## 00000BD2
/* 00D4C 809331DC 03E00008 */  jr      $ra                        
/* 00D50 809331E0 AC8A0144 */  sw      $t2, 0x0144($a0)           ## 00000144
.L809331E4:
/* 00D54 809331E4 3C0B8093 */  lui     $t3, %hi(func_809331F8)    ## $t3 = 80930000
/* 00D58 809331E8 256B31F8 */  addiu   $t3, $t3, %lo(func_809331F8) ## $t3 = 809331F8
/* 00D5C 809331EC AC8B0144 */  sw      $t3, 0x0144($a0)           ## 00000144
/* 00D60 809331F0 03E00008 */  jr      $ra                        
/* 00D64 809331F4 00000000 */  nop


glabel func_809331F8
/* 00D68 809331F8 27BDFFE8 */  addiu   $sp, $sp, 0xFFE8           ## $sp = FFFFFFE8
/* 00D6C 809331FC AFBF0014 */  sw      $ra, 0x0014($sp)           
/* 00D70 80933200 AFA5001C */  sw      $a1, 0x001C($sp)           
/* 00D74 80933204 848E0BCA */  lh      $t6, 0x0BCA($a0)           ## 00000BCA
/* 00D78 80933208 3C0143C8 */  lui     $at, 0x43C8                ## $at = 43C80000
/* 00D7C 8093320C 55C0000B */  bnel    $t6, $zero, .L8093323C     
/* 00D80 80933210 8FBF0014 */  lw      $ra, 0x0014($sp)           
/* 00D84 80933214 C4840098 */  lwc1    $f4, 0x0098($a0)           ## 00000098
/* 00D88 80933218 44813000 */  mtc1    $at, $f6                   ## $f6 = 400.00
/* 00D8C 8093321C 00000000 */  nop
/* 00D90 80933220 4606203C */  c.lt.s  $f4, $f6                   
/* 00D94 80933224 00000000 */  nop
/* 00D98 80933228 45020004 */  bc1fl   .L8093323C                 
/* 00D9C 8093322C 8FBF0014 */  lw      $ra, 0x0014($sp)           
/* 00DA0 80933230 0C24CC92 */  jal     func_80933248              
/* 00DA4 80933234 00000000 */  nop
/* 00DA8 80933238 8FBF0014 */  lw      $ra, 0x0014($sp)           
.L8093323C:
/* 00DAC 8093323C 27BD0018 */  addiu   $sp, $sp, 0x0018           ## $sp = 00000000
/* 00DB0 80933240 03E00008 */  jr      $ra                        
/* 00DB4 80933244 00000000 */  nop


glabel func_80933248
/* 00DB8 80933248 3C198093 */  lui     $t9, %hi(func_80933274)    ## $t9 = 80930000
/* 00DBC 8093324C 240E0002 */  addiu   $t6, $zero, 0x0002         ## $t6 = 00000002
/* 00DC0 80933250 240F0014 */  addiu   $t7, $zero, 0x0014         ## $t7 = 00000014
/* 00DC4 80933254 24180FA0 */  addiu   $t8, $zero, 0x0FA0         ## $t8 = 00000FA0
/* 00DC8 80933258 27393274 */  addiu   $t9, $t9, %lo(func_80933274) ## $t9 = 80933274
/* 00DCC 8093325C A08E0BD6 */  sb      $t6, 0x0BD6($a0)           ## 00000BD6
/* 00DD0 80933260 A48F0BCA */  sh      $t7, 0x0BCA($a0)           ## 00000BCA
/* 00DD4 80933264 A4980BD2 */  sh      $t8, 0x0BD2($a0)           ## 00000BD2
/* 00DD8 80933268 AC990144 */  sw      $t9, 0x0144($a0)           ## 00000144
/* 00DDC 8093326C 03E00008 */  jr      $ra                        
/* 00DE0 80933270 00000000 */  nop


glabel func_80933274
/* 00DE4 80933274 27BDFFD8 */  addiu   $sp, $sp, 0xFFD8           ## $sp = FFFFFFD8
/* 00DE8 80933278 AFB00020 */  sw      $s0, 0x0020($sp)           
/* 00DEC 8093327C 00808025 */  or      $s0, $a0, $zero            ## $s0 = 00000000
/* 00DF0 80933280 AFBF0024 */  sw      $ra, 0x0024($sp)           
/* 00DF4 80933284 AFA5002C */  sw      $a1, 0x002C($sp)           
/* 00DF8 80933288 860E0BCA */  lh      $t6, 0x0BCA($s0)           ## 00000BCA
/* 00DFC 8093328C 3C053C03 */  lui     $a1, 0x3C03                ## $a1 = 3C030000
/* 00E00 80933290 34A5126F */  ori     $a1, $a1, 0x126F           ## $a1 = 3C03126F
/* 00E04 80933294 15C0001E */  bne     $t6, $zero, .L80933310     
/* 00E08 80933298 2604005C */  addiu   $a0, $s0, 0x005C           ## $a0 = 0000005C
/* 00E0C 8093329C 8E0F0BC0 */  lw      $t7, 0x0BC0($s0)           ## 00000BC0
/* 00E10 809332A0 3C063F80 */  lui     $a2, 0x3F80                ## $a2 = 3F800000
/* 00E14 809332A4 3C073A03 */  lui     $a3, 0x3A03                ## $a3 = 3A030000
/* 00E18 809332A8 25F80008 */  addiu   $t8, $t7, 0x0008           ## $t8 = 00000008
/* 00E1C 809332AC 2F010100 */  sltiu   $at, $t8, 0x0100           
/* 00E20 809332B0 14200003 */  bne     $at, $zero, .L809332C0     
/* 00E24 809332B4 AE180BC0 */  sw      $t8, 0x0BC0($s0)           ## 00000BC0
/* 00E28 809332B8 240800FF */  addiu   $t0, $zero, 0x00FF         ## $t0 = 000000FF
/* 00E2C 809332BC AE080BC0 */  sw      $t0, 0x0BC0($s0)           ## 00000BC0
.L809332C0:
/* 00E30 809332C0 44802000 */  mtc1    $zero, $f4                 ## $f4 = 0.00
/* 00E34 809332C4 34E7126F */  ori     $a3, $a3, 0x126F           ## $a3 = 3A03126F
/* 00E38 809332C8 0C03FF36 */  jal     func_800FFCD8              
/* 00E3C 809332CC E7A40010 */  swc1    $f4, 0x0010($sp)           
/* 00E40 809332D0 44803000 */  mtc1    $zero, $f6                 ## $f6 = 0.00
/* 00E44 809332D4 00000000 */  nop
/* 00E48 809332D8 46060032 */  c.eq.s  $f0, $f6                   
/* 00E4C 809332DC 00000000 */  nop
/* 00E50 809332E0 4502000C */  bc1fl   .L80933314                 
/* 00E54 809332E4 8FBF0024 */  lw      $ra, 0x0024($sp)           
/* 00E58 809332E8 8609001C */  lh      $t1, 0x001C($s0)           ## 0000001C
/* 00E5C 809332EC 312A4000 */  andi    $t2, $t1, 0x4000           ## $t2 = 00000000
/* 00E60 809332F0 11400005 */  beq     $t2, $zero, .L80933308     
/* 00E64 809332F4 00000000 */  nop
/* 00E68 809332F8 0C24CE27 */  jal     func_8093389C              
/* 00E6C 809332FC 02002025 */  or      $a0, $s0, $zero            ## $a0 = 00000000
/* 00E70 80933300 10000004 */  beq     $zero, $zero, .L80933314   
/* 00E74 80933304 8FBF0024 */  lw      $ra, 0x0024($sp)           
.L80933308:
/* 00E78 80933308 0C24CCC9 */  jal     func_80933324              
/* 00E7C 8093330C 02002025 */  or      $a0, $s0, $zero            ## $a0 = 00000000
.L80933310:
/* 00E80 80933310 8FBF0024 */  lw      $ra, 0x0024($sp)           
.L80933314:
/* 00E84 80933314 8FB00020 */  lw      $s0, 0x0020($sp)           
/* 00E88 80933318 27BD0028 */  addiu   $sp, $sp, 0x0028           ## $sp = 00000000
/* 00E8C 8093331C 03E00008 */  jr      $ra                        
/* 00E90 80933320 00000000 */  nop


glabel func_80933324
/* 00E94 80933324 24020001 */  addiu   $v0, $zero, 0x0001         ## $v0 = 00000001
/* 00E98 80933328 8C8F0004 */  lw      $t7, 0x0004($a0)           ## 00000004
/* 00E9C 8093332C 3C01BF80 */  lui     $at, 0xBF80                ## $at = BF800000
/* 00EA0 80933330 44812000 */  mtc1    $at, $f4                   ## $f4 = -1.00
/* 00EA4 80933334 3C198093 */  lui     $t9, %hi(func_80933368)    ## $t9 = 80930000
/* 00EA8 80933338 240E0028 */  addiu   $t6, $zero, 0x0028         ## $t6 = 00000028
/* 00EAC 8093333C 27393368 */  addiu   $t9, $t9, %lo(func_80933368) ## $t9 = 80933368
/* 00EB0 80933340 35F80001 */  ori     $t8, $t7, 0x0001           ## $t8 = 00000001
/* 00EB4 80933344 A0820BD6 */  sb      $v0, 0x0BD6($a0)           ## 00000BD6
/* 00EB8 80933348 A48E0BCA */  sh      $t6, 0x0BCA($a0)           ## 00000BCA
/* 00EBC 8093334C A0820BCC */  sb      $v0, 0x0BCC($a0)           ## 00000BCC
/* 00EC0 80933350 A0820BCE */  sb      $v0, 0x0BCE($a0)           ## 00000BCE
/* 00EC4 80933354 AC980004 */  sw      $t8, 0x0004($a0)           ## 00000004
/* 00EC8 80933358 AC990144 */  sw      $t9, 0x0144($a0)           ## 00000144
/* 00ECC 8093335C E4840074 */  swc1    $f4, 0x0074($a0)           ## 00000074
/* 00ED0 80933360 03E00008 */  jr      $ra                        
/* 00ED4 80933364 00000000 */  nop


glabel func_80933368
/* 00ED8 80933368 27BDFFE8 */  addiu   $sp, $sp, 0xFFE8           ## $sp = FFFFFFE8
/* 00EDC 8093336C AFBF0014 */  sw      $ra, 0x0014($sp)           
/* 00EE0 80933370 AFA5001C */  sw      $a1, 0x001C($sp)           
/* 00EE4 80933374 0C24CC05 */  jal     func_80933014              
/* 00EE8 80933378 AFA40018 */  sw      $a0, 0x0018($sp)           
/* 00EEC 8093337C 8FA40018 */  lw      $a0, 0x0018($sp)           
/* 00EF0 80933380 848E0BCA */  lh      $t6, 0x0BCA($a0)           ## 00000BCA
/* 00EF4 80933384 55C00004 */  bnel    $t6, $zero, .L80933398     
/* 00EF8 80933388 8FBF0014 */  lw      $ra, 0x0014($sp)           
/* 00EFC 8093338C 0C24CCE9 */  jal     func_809333A4              
/* 00F00 80933390 00000000 */  nop
/* 00F04 80933394 8FBF0014 */  lw      $ra, 0x0014($sp)           
.L80933398:
/* 00F08 80933398 27BD0018 */  addiu   $sp, $sp, 0x0018           ## $sp = 00000000
/* 00F0C 8093339C 03E00008 */  jr      $ra                        
/* 00F10 809333A0 00000000 */  nop


glabel func_809333A4
/* 00F14 809333A4 24020001 */  addiu   $v0, $zero, 0x0001         ## $v0 = 00000001
/* 00F18 809333A8 3C014080 */  lui     $at, 0x4080                ## $at = 40800000
/* 00F1C 809333AC 44812000 */  mtc1    $at, $f4                   ## $f4 = 4.00
/* 00F20 809333B0 3C0F8093 */  lui     $t7, %hi(func_809333D8)    ## $t7 = 80930000
/* 00F24 809333B4 240E0064 */  addiu   $t6, $zero, 0x0064         ## $t6 = 00000064
/* 00F28 809333B8 25EF33D8 */  addiu   $t7, $t7, %lo(func_809333D8) ## $t7 = 809333D8
/* 00F2C 809333BC A0820BD6 */  sb      $v0, 0x0BD6($a0)           ## 00000BD6
/* 00F30 809333C0 A0820BCD */  sb      $v0, 0x0BCD($a0)           ## 00000BCD
/* 00F34 809333C4 A48E0BCA */  sh      $t6, 0x0BCA($a0)           ## 00000BCA
/* 00F38 809333C8 AC8F0144 */  sw      $t7, 0x0144($a0)           ## 00000144
/* 00F3C 809333CC E4840BBC */  swc1    $f4, 0x0BBC($a0)           ## 00000BBC
/* 00F40 809333D0 03E00008 */  jr      $ra                        
/* 00F44 809333D4 00000000 */  nop


glabel func_809333D8
/* 00F48 809333D8 27BDFFE8 */  addiu   $sp, $sp, 0xFFE8           ## $sp = FFFFFFE8
/* 00F4C 809333DC AFBF0014 */  sw      $ra, 0x0014($sp)           
/* 00F50 809333E0 AFA5001C */  sw      $a1, 0x001C($sp)           
/* 00F54 809333E4 848E0BCA */  lh      $t6, 0x0BCA($a0)           ## 00000BCA
/* 00F58 809333E8 11C00004 */  beq     $t6, $zero, .L809333FC     
/* 00F5C 809333EC 00000000 */  nop
/* 00F60 809333F0 908F0BCD */  lbu     $t7, 0x0BCD($a0)           ## 00000BCD
/* 00F64 809333F4 55E00004 */  bnel    $t7, $zero, .L80933408     
/* 00F68 809333F8 8FBF0014 */  lw      $ra, 0x0014($sp)           
.L809333FC:
/* 00F6C 809333FC 0C24CD05 */  jal     func_80933414              
/* 00F70 80933400 00000000 */  nop
/* 00F74 80933404 8FBF0014 */  lw      $ra, 0x0014($sp)           
.L80933408:
/* 00F78 80933408 27BD0018 */  addiu   $sp, $sp, 0x0018           ## $sp = 00000000
/* 00F7C 8093340C 03E00008 */  jr      $ra                        
/* 00F80 80933410 00000000 */  nop


glabel func_80933414
/* 00F84 80933414 44800000 */  mtc1    $zero, $f0                 ## $f0 = 0.00
/* 00F88 80933418 240E0001 */  addiu   $t6, $zero, 0x0001         ## $t6 = 00000001
/* 00F8C 8093341C 3C188093 */  lui     $t8, %hi(func_80933444)    ## $t8 = 80930000
/* 00F90 80933420 240F0028 */  addiu   $t7, $zero, 0x0028         ## $t7 = 00000028
/* 00F94 80933424 27183444 */  addiu   $t8, $t8, %lo(func_80933444) ## $t8 = 80933444
/* 00F98 80933428 A08E0BD6 */  sb      $t6, 0x0BD6($a0)           ## 00000BD6
/* 00F9C 8093342C E4800BBC */  swc1    $f0, 0x0BBC($a0)           ## 00000BBC
/* 00FA0 80933430 E4800070 */  swc1    $f0, 0x0070($a0)           ## 00000070
/* 00FA4 80933434 A48F0BCA */  sh      $t7, 0x0BCA($a0)           ## 00000BCA
/* 00FA8 80933438 AC980144 */  sw      $t8, 0x0144($a0)           ## 00000144
/* 00FAC 8093343C 03E00008 */  jr      $ra                        
/* 00FB0 80933440 00000000 */  nop


glabel func_80933444
/* 00FB4 80933444 27BDFFE8 */  addiu   $sp, $sp, 0xFFE8           ## $sp = FFFFFFE8
/* 00FB8 80933448 AFBF0014 */  sw      $ra, 0x0014($sp)           
/* 00FBC 8093344C AFA5001C */  sw      $a1, 0x001C($sp)           
/* 00FC0 80933450 0C24CC05 */  jal     func_80933014              
/* 00FC4 80933454 AFA40018 */  sw      $a0, 0x0018($sp)           
/* 00FC8 80933458 8FA40018 */  lw      $a0, 0x0018($sp)           
/* 00FCC 8093345C 848E0BCA */  lh      $t6, 0x0BCA($a0)           ## 00000BCA
/* 00FD0 80933460 55C00004 */  bnel    $t6, $zero, .L80933474     
/* 00FD4 80933464 8FBF0014 */  lw      $ra, 0x0014($sp)           
/* 00FD8 80933468 0C24CD20 */  jal     func_80933480              
/* 00FDC 8093346C 8FA5001C */  lw      $a1, 0x001C($sp)           
/* 00FE0 80933470 8FBF0014 */  lw      $ra, 0x0014($sp)           
.L80933474:
/* 00FE4 80933474 27BD0018 */  addiu   $sp, $sp, 0x0018           ## $sp = 00000000
/* 00FE8 80933478 03E00008 */  jr      $ra                        
/* 00FEC 8093347C 00000000 */  nop


glabel func_80933480
/* 00FF0 80933480 27BDFFE8 */  addiu   $sp, $sp, 0xFFE8           ## $sp = FFFFFFE8
/* 00FF4 80933484 AFBF0014 */  sw      $ra, 0x0014($sp)           
/* 00FF8 80933488 3C188093 */  lui     $t8, %hi(func_809334B8)    ## $t8 = 80930000
/* 00FFC 8093348C 240E0001 */  addiu   $t6, $zero, 0x0001         ## $t6 = 00000001
/* 01000 80933490 240F0050 */  addiu   $t7, $zero, 0x0050         ## $t7 = 00000050
/* 01004 80933494 271834B8 */  addiu   $t8, $t8, %lo(func_809334B8) ## $t8 = 809334B8
/* 01008 80933498 A08E0BD6 */  sb      $t6, 0x0BD6($a0)           ## 00000BD6
/* 0100C 8093349C A48F0BCA */  sh      $t7, 0x0BCA($a0)           ## 00000BCA
/* 01010 809334A0 0C24C9E1 */  jal     func_80932784              
/* 01014 809334A4 AC980144 */  sw      $t8, 0x0144($a0)           ## 00000144
/* 01018 809334A8 8FBF0014 */  lw      $ra, 0x0014($sp)           
/* 0101C 809334AC 27BD0018 */  addiu   $sp, $sp, 0x0018           ## $sp = 00000000
/* 01020 809334B0 03E00008 */  jr      $ra                        
/* 01024 809334B4 00000000 */  nop


glabel func_809334B8
/* 01028 809334B8 27BDFF90 */  addiu   $sp, $sp, 0xFF90           ## $sp = FFFFFF90
/* 0102C 809334BC AFB00028 */  sw      $s0, 0x0028($sp)           
/* 01030 809334C0 00808025 */  or      $s0, $a0, $zero            ## $s0 = 00000000
/* 01034 809334C4 AFBF002C */  sw      $ra, 0x002C($sp)           
/* 01038 809334C8 AFA50074 */  sw      $a1, 0x0074($sp)           
/* 0103C 809334CC 86020BCA */  lh      $v0, 0x0BCA($s0)           ## 00000BCA
/* 01040 809334D0 14400005 */  bne     $v0, $zero, .L809334E8     
/* 01044 809334D4 2841000B */  slti    $at, $v0, 0x000B           
/* 01048 809334D8 0C24CC35 */  jal     func_809330D4              
/* 0104C 809334DC 02002025 */  or      $a0, $s0, $zero            ## $a0 = 00000000
/* 01050 809334E0 10000073 */  beq     $zero, $zero, .L809336B0   
/* 01054 809334E4 8FBF002C */  lw      $ra, 0x002C($sp)           
.L809334E8:
/* 01058 809334E8 14200070 */  bne     $at, $zero, .L809336AC     
/* 0105C 809334EC 240E0096 */  addiu   $t6, $zero, 0x0096         ## $t6 = 00000096
/* 01060 809334F0 A3A0003F */  sb      $zero, 0x003F($sp)         
/* 01064 809334F4 A7AE003C */  sh      $t6, 0x003C($sp)           
/* 01068 809334F8 02002025 */  or      $a0, $s0, $zero            ## $a0 = 00000000
/* 0106C 809334FC 0C02E404 */  jal     func_800B9010              
/* 01070 80933500 240531A4 */  addiu   $a1, $zero, 0x31A4         ## $a1 = 000031A4
/* 01074 80933504 86020BCA */  lh      $v0, 0x0BCA($s0)           ## 00000BCA
/* 01078 80933508 44800000 */  mtc1    $zero, $f0                 ## $f0 = 0.00
/* 0107C 8093350C 244FFFF6 */  addiu   $t7, $v0, 0xFFF6           ## $t7 = FFFFFFF6
/* 01080 80933510 29E10010 */  slti    $at, $t7, 0x0010           
/* 01084 80933514 10200005 */  beq     $at, $zero, .L8093352C     
/* 01088 80933518 0002C080 */  sll     $t8, $v0,  2               
/* 0108C 8093351C 0302C021 */  addu    $t8, $t8, $v0              
/* 01090 80933520 0018C040 */  sll     $t8, $t8,  1               
/* 01094 80933524 2719FF9C */  addiu   $t9, $t8, 0xFF9C           ## $t9 = FFFFFF9C
/* 01098 80933528 A7B9003C */  sh      $t9, 0x003C($sp)           
.L8093352C:
/* 0109C 8093352C 3C018093 */  lui     $at, %hi(D_809347E0)       ## $at = 80930000
/* 010A0 80933530 C42447E0 */  lwc1    $f4, %lo(D_809347E0)($at)  
/* 010A4 80933534 E7A00048 */  swc1    $f0, 0x0048($sp)           
/* 010A8 80933538 E7A00040 */  swc1    $f0, 0x0040($sp)           
/* 010AC 8093353C E7A40044 */  swc1    $f4, 0x0044($sp)           
/* 010B0 80933540 C6060024 */  lwc1    $f6, 0x0024($s0)           ## 00000024
/* 010B4 80933544 3C0141A0 */  lui     $at, 0x41A0                ## $at = 41A00000
/* 010B8 80933548 44815000 */  mtc1    $at, $f10                  ## $f10 = 20.00
/* 010BC 8093354C E7A60058 */  swc1    $f6, 0x0058($sp)           
/* 010C0 80933550 C6080028 */  lwc1    $f8, 0x0028($s0)           ## 00000028
/* 010C4 80933554 00002825 */  or      $a1, $zero, $zero          ## $a1 = 00000000
/* 010C8 80933558 460A4400 */  add.s   $f16, $f8, $f10            
/* 010CC 8093355C E7B0005C */  swc1    $f16, 0x005C($sp)          
/* 010D0 80933560 C612002C */  lwc1    $f18, 0x002C($s0)          ## 0000002C
/* 010D4 80933564 E7B20060 */  swc1    $f18, 0x0060($sp)          
/* 010D8 80933568 0C06026B */  jal     func_801809AC              
/* 010DC 8093356C 860400BE */  lh      $a0, 0x00BE($s0)           ## 000000BE
/* 010E0 80933570 3C01C000 */  lui     $at, 0xC000                ## $at = C0000000
/* 010E4 80933574 44800000 */  mtc1    $zero, $f0                 ## $f0 = 0.00
/* 010E8 80933578 44812000 */  mtc1    $at, $f4                   ## $f4 = -2.00
/* 010EC 8093357C 24010001 */  addiu   $at, $zero, 0x0001         ## $at = 00000001
/* 010F0 80933580 E7A00064 */  swc1    $f0, 0x0064($sp)           
/* 010F4 80933584 E7A40068 */  swc1    $f4, 0x0068($sp)           
/* 010F8 80933588 8602001C */  lh      $v0, 0x001C($s0)           ## 0000001C
/* 010FC 8093358C 3042000F */  andi    $v0, $v0, 0x000F           ## $v0 = 00000000
/* 01100 80933590 14410004 */  bne     $v0, $at, .L809335A4       
/* 01104 80933594 3C014120 */  lui     $at, 0x4120                ## $at = 41200000
/* 01108 80933598 44810000 */  mtc1    $at, $f0                   ## $f0 = 10.00
/* 0110C 8093359C 1000000A */  beq     $zero, $zero, .L809335C8   
/* 01110 809335A0 3C0141A0 */  lui     $at, 0x41A0                ## $at = 41A00000
.L809335A4:
/* 01114 809335A4 24010002 */  addiu   $at, $zero, 0x0002         ## $at = 00000002
/* 01118 809335A8 14410004 */  bne     $v0, $at, .L809335BC       
/* 0111C 809335AC 3C0141A0 */  lui     $at, 0x41A0                ## $at = 41A00000
/* 01120 809335B0 44811000 */  mtc1    $at, $f2                   ## $f2 = 20.00
/* 01124 809335B4 10000003 */  beq     $zero, $zero, .L809335C4   
/* 01128 809335B8 46001006 */  mov.s   $f0, $f2                   
.L809335BC:
/* 0112C 809335BC 46000086 */  mov.s   $f2, $f0                   
/* 01130 809335C0 46001006 */  mov.s   $f0, $f2                   
.L809335C4:
/* 01134 809335C4 3C0141A0 */  lui     $at, 0x41A0                ## $at = 41A00000
.L809335C8:
/* 01138 809335C8 44813000 */  mtc1    $at, $f6                   ## $f6 = 20.00
/* 0113C 809335CC 27A40064 */  addiu   $a0, $sp, 0x0064           ## $a0 = FFFFFFF4
/* 01140 809335D0 27A5004C */  addiu   $a1, $sp, 0x004C           ## $a1 = FFFFFFDC
/* 01144 809335D4 46060200 */  add.s   $f8, $f0, $f6              
/* 01148 809335D8 0C0606A6 */  jal     func_80181A98              
/* 0114C 809335DC E7A8006C */  swc1    $f8, 0x006C($sp)           
/* 01150 809335E0 86080BCA */  lh      $t0, 0x0BCA($s0)           ## 00000BCA
/* 01154 809335E4 02002025 */  or      $a0, $s0, $zero            ## $a0 = 00000000
/* 01158 809335E8 27A50058 */  addiu   $a1, $sp, 0x0058           ## $a1 = FFFFFFE8
/* 0115C 809335EC 31090007 */  andi    $t1, $t0, 0x0007           ## $t1 = 00000000
/* 01160 809335F0 15200003 */  bne     $t1, $zero, .L80933600     
/* 01164 809335F4 27A6004C */  addiu   $a2, $sp, 0x004C           ## $a2 = FFFFFFDC
/* 01168 809335F8 240A0001 */  addiu   $t2, $zero, 0x0001         ## $t2 = 00000001
/* 0116C 809335FC A3AA003F */  sb      $t2, 0x003F($sp)           
.L80933600:
/* 01170 80933600 3C014000 */  lui     $at, 0x4000                ## $at = 40000000
/* 01174 80933604 44815000 */  mtc1    $at, $f10                  ## $f10 = 2.00
/* 01178 80933608 3C0141C8 */  lui     $at, 0x41C8                ## $at = 41C80000
/* 0117C 8093360C 44818000 */  mtc1    $at, $f16                  ## $f16 = 25.00
/* 01180 80933610 87AB003C */  lh      $t3, 0x003C($sp)           
/* 01184 80933614 93AC003F */  lbu     $t4, 0x003F($sp)           
/* 01188 80933618 27A70040 */  addiu   $a3, $sp, 0x0040           ## $a3 = FFFFFFD0
/* 0118C 8093361C E7AA0010 */  swc1    $f10, 0x0010($sp)          
/* 01190 80933620 AFAB0018 */  sw      $t3, 0x0018($sp)           
/* 01194 80933624 E7B00014 */  swc1    $f16, 0x0014($sp)          
/* 01198 80933628 0C24D02F */  jal     func_809340BC              
/* 0119C 8093362C AFAC001C */  sw      $t4, 0x001C($sp)           
/* 011A0 80933630 C7B2004C */  lwc1    $f18, 0x004C($sp)          
/* 011A4 80933634 C7B00050 */  lwc1    $f16, 0x0050($sp)          
/* 011A8 80933638 C7AE0054 */  lwc1    $f14, 0x0054($sp)          
/* 011AC 8093363C C7AC0058 */  lwc1    $f12, 0x0058($sp)          
/* 011B0 80933640 C7AA005C */  lwc1    $f10, 0x005C($sp)          
/* 011B4 80933644 C7A80060 */  lwc1    $f8, 0x0060($sp)           
/* 011B8 80933648 3C013F00 */  lui     $at, 0x3F00                ## $at = 3F000000
/* 011BC 8093364C 44813000 */  mtc1    $at, $f6                   ## $f6 = 0.50
/* 011C0 80933650 87AD003C */  lh      $t5, 0x003C($sp)           
/* 011C4 80933654 3C014000 */  lui     $at, 0x4000                ## $at = 40000000
/* 011C8 80933658 46069482 */  mul.s   $f18, $f18, $f6            
/* 011CC 8093365C 44812000 */  mtc1    $at, $f4                   ## $f4 = 2.00
/* 011D0 80933660 3C0141C8 */  lui     $at, 0x41C8                ## $at = 41C80000
/* 011D4 80933664 46068402 */  mul.s   $f16, $f16, $f6            
/* 011D8 80933668 44811000 */  mtc1    $at, $f2                   ## $f2 = 25.00
/* 011DC 8093366C E7A40010 */  swc1    $f4, 0x0010($sp)           
/* 011E0 80933670 46067182 */  mul.s   $f6, $f14, $f6             
/* 011E4 80933674 02002025 */  or      $a0, $s0, $zero            ## $a0 = 00000000
/* 011E8 80933678 46126480 */  add.s   $f18, $f12, $f18           
/* 011EC 8093367C 27A50058 */  addiu   $a1, $sp, 0x0058           ## $a1 = FFFFFFE8
/* 011F0 80933680 27A6004C */  addiu   $a2, $sp, 0x004C           ## $a2 = FFFFFFDC
/* 011F4 80933684 46105400 */  add.s   $f16, $f10, $f16           
/* 011F8 80933688 E7B20058 */  swc1    $f18, 0x0058($sp)          
/* 011FC 8093368C 27A70040 */  addiu   $a3, $sp, 0x0040           ## $a3 = FFFFFFD0
/* 01200 80933690 46064180 */  add.s   $f6, $f8, $f6              
/* 01204 80933694 E7B0005C */  swc1    $f16, 0x005C($sp)          
/* 01208 80933698 E7A20014 */  swc1    $f2, 0x0014($sp)           
/* 0120C 8093369C AFAD0018 */  sw      $t5, 0x0018($sp)           
/* 01210 809336A0 E7A60060 */  swc1    $f6, 0x0060($sp)           
/* 01214 809336A4 0C24D02F */  jal     func_809340BC              
/* 01218 809336A8 AFA0001C */  sw      $zero, 0x001C($sp)         
.L809336AC:
/* 0121C 809336AC 8FBF002C */  lw      $ra, 0x002C($sp)           
.L809336B0:
/* 01220 809336B0 8FB00028 */  lw      $s0, 0x0028($sp)           
/* 01224 809336B4 27BD0070 */  addiu   $sp, $sp, 0x0070           ## $sp = 00000000
/* 01228 809336B8 03E00008 */  jr      $ra                        
/* 0122C 809336BC 00000000 */  nop


glabel func_809336C0
/* 01230 809336C0 27BDFFE0 */  addiu   $sp, $sp, 0xFFE0           ## $sp = FFFFFFE0
/* 01234 809336C4 AFB00018 */  sw      $s0, 0x0018($sp)           
/* 01238 809336C8 44800000 */  mtc1    $zero, $f0                 ## $f0 = 0.00
/* 0123C 809336CC 00808025 */  or      $s0, $a0, $zero            ## $s0 = 00000000
/* 01240 809336D0 AFBF001C */  sw      $ra, 0x001C($sp)           
/* 01244 809336D4 AFA50024 */  sw      $a1, 0x0024($sp)           
/* 01248 809336D8 24020001 */  addiu   $v0, $zero, 0x0001         ## $v0 = 00000001
/* 0124C 809336DC 8E0E0004 */  lw      $t6, 0x0004($s0)           ## 00000004
/* 01250 809336E0 2401FFFE */  addiu   $at, $zero, 0xFFFE         ## $at = FFFFFFFE
/* 01254 809336E4 2418003C */  addiu   $t8, $zero, 0x003C         ## $t8 = 0000003C
/* 01258 809336E8 01C17824 */  and     $t7, $t6, $at              
/* 0125C 809336EC A2000BD6 */  sb      $zero, 0x0BD6($s0)         ## 00000BD6
/* 01260 809336F0 E6000BBC */  swc1    $f0, 0x0BBC($s0)           ## 00000BBC
/* 01264 809336F4 E6000074 */  swc1    $f0, 0x0074($s0)           ## 00000074
/* 01268 809336F8 E6000068 */  swc1    $f0, 0x0068($s0)           ## 00000068
/* 0126C 809336FC E6000070 */  swc1    $f0, 0x0070($s0)           ## 00000070
/* 01270 80933700 A2020BCC */  sb      $v0, 0x0BCC($s0)           ## 00000BCC
/* 01274 80933704 A2000BCE */  sb      $zero, 0x0BCE($s0)         ## 00000BCE
/* 01278 80933708 A2020BD8 */  sb      $v0, 0x0BD8($s0)           ## 00000BD8
/* 0127C 8093370C AE0F0004 */  sw      $t7, 0x0004($s0)           ## 00000004
/* 01280 80933710 A2000BD7 */  sb      $zero, 0x0BD7($s0)         ## 00000BD7
/* 01284 80933714 A6180BCA */  sh      $t8, 0x0BCA($s0)           ## 00000BCA
/* 01288 80933718 8FA40024 */  lw      $a0, 0x0024($sp)           
/* 0128C 8093371C 02003025 */  or      $a2, $s0, $zero            ## $a2 = 00000000
/* 01290 80933720 24070006 */  addiu   $a3, $zero, 0x0006         ## $a3 = 00000006
/* 01294 80933724 0C02F055 */  jal     func_800BC154              
/* 01298 80933728 24851CA0 */  addiu   $a1, $a0, 0x1CA0           ## $a1 = 00001CA0
/* 0129C 8093372C 8FA40024 */  lw      $a0, 0x0024($sp)           
/* 012A0 80933730 02002825 */  or      $a1, $s0, $zero            ## $a1 = 00000000
/* 012A4 80933734 26060024 */  addiu   $a2, $s0, 0x0024           ## $a2 = 00000024
/* 012A8 80933738 0C029F4A */  jal     func_800A7D28              
/* 012AC 8093373C 240700A0 */  addiu   $a3, $zero, 0x00A0         ## $a3 = 000000A0
/* 012B0 80933740 3C088093 */  lui     $t0, %hi(func_80933760)    ## $t0 = 80930000
/* 012B4 80933744 25083760 */  addiu   $t0, $t0, %lo(func_80933760) ## $t0 = 80933760
/* 012B8 80933748 AE080144 */  sw      $t0, 0x0144($s0)           ## 00000144
/* 012BC 8093374C 8FBF001C */  lw      $ra, 0x001C($sp)           
/* 012C0 80933750 8FB00018 */  lw      $s0, 0x0018($sp)           
/* 012C4 80933754 27BD0020 */  addiu   $sp, $sp, 0x0020           ## $sp = 00000000
/* 012C8 80933758 03E00008 */  jr      $ra                        
/* 012CC 8093375C 00000000 */  nop


glabel func_80933760
/* 012D0 80933760 27BDFFE8 */  addiu   $sp, $sp, 0xFFE8           ## $sp = FFFFFFE8
/* 012D4 80933764 AFBF0014 */  sw      $ra, 0x0014($sp)           
/* 012D8 80933768 AFA5001C */  sw      $a1, 0x001C($sp)           
/* 012DC 8093376C 848E0BCA */  lh      $t6, 0x0BCA($a0)           ## 00000BCA
/* 012E0 80933770 55C00004 */  bnel    $t6, $zero, .L80933784     
/* 012E4 80933774 8FBF0014 */  lw      $ra, 0x0014($sp)           
/* 012E8 80933778 0C02D9C3 */  jal     func_800B670C              
/* 012EC 8093377C 00000000 */  nop
/* 012F0 80933780 8FBF0014 */  lw      $ra, 0x0014($sp)           
.L80933784:
/* 012F4 80933784 27BD0018 */  addiu   $sp, $sp, 0x0018           ## $sp = 00000000
/* 012F8 80933788 03E00008 */  jr      $ra                        
/* 012FC 8093378C 00000000 */  nop


glabel func_80933790
/* 01300 80933790 44800000 */  mtc1    $zero, $f0                 ## $f0 = 0.00
/* 01304 80933794 240E0003 */  addiu   $t6, $zero, 0x0003         ## $t6 = 00000003
/* 01308 80933798 8C980004 */  lw      $t8, 0x0004($a0)           ## 00000004
/* 0130C 8093379C 2401FFFE */  addiu   $at, $zero, 0xFFFE         ## $at = FFFFFFFE
/* 01310 809337A0 3C088093 */  lui     $t0, %hi(func_809337D4)    ## $t0 = 80930000
/* 01314 809337A4 240F0001 */  addiu   $t7, $zero, 0x0001         ## $t7 = 00000001
/* 01318 809337A8 250837D4 */  addiu   $t0, $t0, %lo(func_809337D4) ## $t0 = 809337D4
/* 0131C 809337AC 0301C824 */  and     $t9, $t8, $at              
/* 01320 809337B0 A08E0BD6 */  sb      $t6, 0x0BD6($a0)           ## 00000BD6
/* 01324 809337B4 A0800BCE */  sb      $zero, 0x0BCE($a0)         ## 00000BCE
/* 01328 809337B8 A08F0BD8 */  sb      $t7, 0x0BD8($a0)           ## 00000BD8
/* 0132C 809337BC AC990004 */  sw      $t9, 0x0004($a0)           ## 00000004
/* 01330 809337C0 E4800070 */  swc1    $f0, 0x0070($a0)           ## 00000070
/* 01334 809337C4 E4800BBC */  swc1    $f0, 0x0BBC($a0)           ## 00000BBC
/* 01338 809337C8 AC880144 */  sw      $t0, 0x0144($a0)           ## 00000144
/* 0133C 809337CC 03E00008 */  jr      $ra                        
/* 01340 809337D0 00000000 */  nop


glabel func_809337D4
/* 01344 809337D4 27BDFFE8 */  addiu   $sp, $sp, 0xFFE8           ## $sp = FFFFFFE8
/* 01348 809337D8 3C018093 */  lui     $at, %hi(D_809347E4)       ## $at = 80930000
/* 0134C 809337DC C42047E4 */  lwc1    $f0, %lo(D_809347E4)($at)  
/* 01350 809337E0 AFBF0014 */  sw      $ra, 0x0014($sp)           
/* 01354 809337E4 AFA5001C */  sw      $a1, 0x001C($sp)           
/* 01358 809337E8 00803825 */  or      $a3, $a0, $zero            ## $a3 = 00000000
/* 0135C 809337EC 44050000 */  mfc1    $a1, $f0                   
/* 01360 809337F0 44060000 */  mfc1    $a2, $f0                   
/* 01364 809337F4 24E4005C */  addiu   $a0, $a3, 0x005C           ## $a0 = 0000005C
/* 01368 809337F8 0C03FC0F */  jal     func_800FF03C              
/* 0136C 809337FC AFA70018 */  sw      $a3, 0x0018($sp)           
/* 01370 80933800 8FA70018 */  lw      $a3, 0x0018($sp)           
/* 01374 80933804 3C018093 */  lui     $at, %hi(D_809347E8)       ## $at = 80930000
/* 01378 80933808 C42447E8 */  lwc1    $f4, %lo(D_809347E8)($at)  
/* 0137C 8093380C C4E0005C */  lwc1    $f0, 0x005C($a3)           ## 0000005C
/* 01380 80933810 3C018093 */  lui     $at, %hi(D_809347EC)       ## $at = 80930000
/* 01384 80933814 00E02025 */  or      $a0, $a3, $zero            ## $a0 = 00000000
/* 01388 80933818 4604003C */  c.lt.s  $f0, $f4                   
/* 0138C 8093381C 00000000 */  nop
/* 01390 80933820 45000009 */  bc1f    .L80933848                 
/* 01394 80933824 00000000 */  nop
/* 01398 80933828 C42247EC */  lwc1    $f2, %lo(D_809347EC)($at)  
/* 0139C 8093382C C4E60058 */  lwc1    $f6, 0x0058($a3)           ## 00000058
/* 013A0 80933830 C4EA0060 */  lwc1    $f10, 0x0060($a3)          ## 00000060
/* 013A4 80933834 C4E0005C */  lwc1    $f0, 0x005C($a3)           ## 0000005C
/* 013A8 80933838 46023200 */  add.s   $f8, $f6, $f2              
/* 013AC 8093383C 46025400 */  add.s   $f16, $f10, $f2            
/* 013B0 80933840 E4E80058 */  swc1    $f8, 0x0058($a3)           ## 00000058
/* 013B4 80933844 E4F00060 */  swc1    $f16, 0x0060($a3)          ## 00000060
.L80933848:
/* 013B8 80933848 3C018093 */  lui     $at, %hi(D_809347F0)       ## $at = 80930000
/* 013BC 8093384C C43247F0 */  lwc1    $f18, %lo(D_809347F0)($at) 
/* 013C0 80933850 4612003C */  c.lt.s  $f0, $f18                  
/* 013C4 80933854 00000000 */  nop
/* 013C8 80933858 45020008 */  bc1fl   .L8093387C                 
/* 013CC 8093385C 8CF90BC0 */  lw      $t9, 0x0BC0($a3)           ## 00000BC0
/* 013D0 80933860 8CEE0BC0 */  lw      $t6, 0x0BC0($a3)           ## 00000BC0
/* 013D4 80933864 25CFFFEC */  addiu   $t7, $t6, 0xFFEC           ## $t7 = FFFFFFEC
/* 013D8 80933868 2DE10100 */  sltiu   $at, $t7, 0x0100           
/* 013DC 8093386C 14200002 */  bne     $at, $zero, .L80933878     
/* 013E0 80933870 ACEF0BC0 */  sw      $t7, 0x0BC0($a3)           ## 00000BC0
/* 013E4 80933874 ACE00BC0 */  sw      $zero, 0x0BC0($a3)         ## 00000BC0
.L80933878:
/* 013E8 80933878 8CF90BC0 */  lw      $t9, 0x0BC0($a3)           ## 00000BC0
.L8093387C:
/* 013EC 8093387C 57200004 */  bnel    $t9, $zero, .L80933890     
/* 013F0 80933880 8FBF0014 */  lw      $ra, 0x0014($sp)           
/* 013F4 80933884 0C24CDB0 */  jal     func_809336C0              
/* 013F8 80933888 8FA5001C */  lw      $a1, 0x001C($sp)           
/* 013FC 8093388C 8FBF0014 */  lw      $ra, 0x0014($sp)           
.L80933890:
/* 01400 80933890 27BD0018 */  addiu   $sp, $sp, 0x0018           ## $sp = 00000000
/* 01404 80933894 03E00008 */  jr      $ra                        
/* 01408 80933898 00000000 */  nop


glabel func_8093389C
/* 0140C 8093389C 24020001 */  addiu   $v0, $zero, 0x0001         ## $v0 = 00000001
/* 01410 809338A0 8C8F0004 */  lw      $t7, 0x0004($a0)           ## 00000004
/* 01414 809338A4 3C01BF80 */  lui     $at, 0xBF80                ## $at = BF800000
/* 01418 809338A8 44812000 */  mtc1    $at, $f4                   ## $f4 = -1.00
/* 0141C 809338AC 3C198093 */  lui     $t9, %hi(func_809338E0)    ## $t9 = 80930000
/* 01420 809338B0 240E0028 */  addiu   $t6, $zero, 0x0028         ## $t6 = 00000028
/* 01424 809338B4 273938E0 */  addiu   $t9, $t9, %lo(func_809338E0) ## $t9 = 809338E0
/* 01428 809338B8 35F80001 */  ori     $t8, $t7, 0x0001           ## $t8 = 00000001
/* 0142C 809338BC A0820BD6 */  sb      $v0, 0x0BD6($a0)           ## 00000BD6
/* 01430 809338C0 A48E0BCA */  sh      $t6, 0x0BCA($a0)           ## 00000BCA
/* 01434 809338C4 A0820BCC */  sb      $v0, 0x0BCC($a0)           ## 00000BCC
/* 01438 809338C8 A0820BCE */  sb      $v0, 0x0BCE($a0)           ## 00000BCE
/* 0143C 809338CC AC980004 */  sw      $t8, 0x0004($a0)           ## 00000004
/* 01440 809338D0 AC990144 */  sw      $t9, 0x0144($a0)           ## 00000144
/* 01444 809338D4 E4840074 */  swc1    $f4, 0x0074($a0)           ## 00000074
/* 01448 809338D8 03E00008 */  jr      $ra                        
/* 0144C 809338DC 00000000 */  nop


glabel func_809338E0
/* 01450 809338E0 27BDFF90 */  addiu   $sp, $sp, 0xFF90           ## $sp = FFFFFF90
/* 01454 809338E4 AFB00028 */  sw      $s0, 0x0028($sp)           
/* 01458 809338E8 00808025 */  or      $s0, $a0, $zero            ## $s0 = 00000000
/* 0145C 809338EC AFBF002C */  sw      $ra, 0x002C($sp)           
/* 01460 809338F0 AFA50074 */  sw      $a1, 0x0074($sp)           
/* 01464 809338F4 860E0BC6 */  lh      $t6, 0x0BC6($s0)           ## 00000BC6
/* 01468 809338F8 24180096 */  addiu   $t8, $zero, 0x0096         ## $t8 = 00000096
/* 0146C 809338FC 02002025 */  or      $a0, $s0, $zero            ## $a0 = 00000000
/* 01470 80933900 31CF00C0 */  andi    $t7, $t6, 0x00C0           ## $t7 = 00000000
/* 01474 80933904 11E00008 */  beq     $t7, $zero, .L80933928     
/* 01478 80933908 240531A4 */  addiu   $a1, $zero, 0x31A4         ## $a1 = 000031A4
/* 0147C 8093390C 0C24CC05 */  jal     func_80933014              
/* 01480 80933910 02002025 */  or      $a0, $s0, $zero            ## $a0 = 00000000
/* 01484 80933914 02002025 */  or      $a0, $s0, $zero            ## $a0 = 00000000
/* 01488 80933918 0C24C9E1 */  jal     func_80932784              
/* 0148C 8093391C 8FA50074 */  lw      $a1, 0x0074($sp)           
/* 01490 80933920 10000070 */  beq     $zero, $zero, .L80933AE4   
/* 01494 80933924 8FBF002C */  lw      $ra, 0x002C($sp)           
.L80933928:
/* 01498 80933928 A3A0003F */  sb      $zero, 0x003F($sp)         
/* 0149C 8093392C 0C02E404 */  jal     func_800B9010              
/* 014A0 80933930 A7B8003C */  sh      $t8, 0x003C($sp)           
/* 014A4 80933934 86020BC6 */  lh      $v0, 0x0BC6($s0)           ## 00000BC6
/* 014A8 80933938 44800000 */  mtc1    $zero, $f0                 ## $f0 = 0.00
/* 014AC 8093393C 24080276 */  addiu   $t0, $zero, 0x0276         ## $t0 = 00000276
/* 014B0 80933940 3042003F */  andi    $v0, $v0, 0x003F           ## $v0 = 00000000
/* 014B4 80933944 28410030 */  slti    $at, $v0, 0x0030           
/* 014B8 80933948 14200005 */  bne     $at, $zero, .L80933960     
/* 014BC 8093394C 0002C880 */  sll     $t9, $v0,  2               
/* 014C0 80933950 0322C821 */  addu    $t9, $t9, $v0              
/* 014C4 80933954 0019C840 */  sll     $t9, $t9,  1               
/* 014C8 80933958 01194823 */  subu    $t1, $t0, $t9              
/* 014CC 8093395C A7A9003C */  sh      $t1, 0x003C($sp)           
.L80933960:
/* 014D0 80933960 3C018093 */  lui     $at, %hi(D_809347F4)       ## $at = 80930000
/* 014D4 80933964 C42447F4 */  lwc1    $f4, %lo(D_809347F4)($at)  
/* 014D8 80933968 E7A00048 */  swc1    $f0, 0x0048($sp)           
/* 014DC 8093396C E7A00040 */  swc1    $f0, 0x0040($sp)           
/* 014E0 80933970 E7A40044 */  swc1    $f4, 0x0044($sp)           
/* 014E4 80933974 C6060024 */  lwc1    $f6, 0x0024($s0)           ## 00000024
/* 014E8 80933978 3C0141A0 */  lui     $at, 0x41A0                ## $at = 41A00000
/* 014EC 8093397C 44815000 */  mtc1    $at, $f10                  ## $f10 = 20.00
/* 014F0 80933980 E7A60058 */  swc1    $f6, 0x0058($sp)           
/* 014F4 80933984 C6080028 */  lwc1    $f8, 0x0028($s0)           ## 00000028
/* 014F8 80933988 00002825 */  or      $a1, $zero, $zero          ## $a1 = 00000000
/* 014FC 8093398C 460A4400 */  add.s   $f16, $f8, $f10            
/* 01500 80933990 E7B0005C */  swc1    $f16, 0x005C($sp)          
/* 01504 80933994 C612002C */  lwc1    $f18, 0x002C($s0)          ## 0000002C
/* 01508 80933998 E7B20060 */  swc1    $f18, 0x0060($sp)          
/* 0150C 8093399C 0C06026B */  jal     func_801809AC              
/* 01510 809339A0 860400BE */  lh      $a0, 0x00BE($s0)           ## 000000BE
/* 01514 809339A4 3C01C000 */  lui     $at, 0xC000                ## $at = C0000000
/* 01518 809339A8 44800000 */  mtc1    $zero, $f0                 ## $f0 = 0.00
/* 0151C 809339AC 44812000 */  mtc1    $at, $f4                   ## $f4 = -2.00
/* 01520 809339B0 24010001 */  addiu   $at, $zero, 0x0001         ## $at = 00000001
/* 01524 809339B4 E7A00064 */  swc1    $f0, 0x0064($sp)           
/* 01528 809339B8 E7A40068 */  swc1    $f4, 0x0068($sp)           
/* 0152C 809339BC 8602001C */  lh      $v0, 0x001C($s0)           ## 0000001C
/* 01530 809339C0 3042000F */  andi    $v0, $v0, 0x000F           ## $v0 = 00000000
/* 01534 809339C4 14410004 */  bne     $v0, $at, .L809339D8       
/* 01538 809339C8 3C014120 */  lui     $at, 0x4120                ## $at = 41200000
/* 0153C 809339CC 44810000 */  mtc1    $at, $f0                   ## $f0 = 10.00
/* 01540 809339D0 1000000A */  beq     $zero, $zero, .L809339FC   
/* 01544 809339D4 3C0141A0 */  lui     $at, 0x41A0                ## $at = 41A00000
.L809339D8:
/* 01548 809339D8 24010002 */  addiu   $at, $zero, 0x0002         ## $at = 00000002
/* 0154C 809339DC 14410004 */  bne     $v0, $at, .L809339F0       
/* 01550 809339E0 3C0141A0 */  lui     $at, 0x41A0                ## $at = 41A00000
/* 01554 809339E4 44811000 */  mtc1    $at, $f2                   ## $f2 = 20.00
/* 01558 809339E8 10000003 */  beq     $zero, $zero, .L809339F8   
/* 0155C 809339EC 46001006 */  mov.s   $f0, $f2                   
.L809339F0:
/* 01560 809339F0 46000086 */  mov.s   $f2, $f0                   
/* 01564 809339F4 46001006 */  mov.s   $f0, $f2                   
.L809339F8:
/* 01568 809339F8 3C0141A0 */  lui     $at, 0x41A0                ## $at = 41A00000
.L809339FC:
/* 0156C 809339FC 44813000 */  mtc1    $at, $f6                   ## $f6 = 20.00
/* 01570 80933A00 27A40064 */  addiu   $a0, $sp, 0x0064           ## $a0 = FFFFFFF4
/* 01574 80933A04 27A5004C */  addiu   $a1, $sp, 0x004C           ## $a1 = FFFFFFDC
/* 01578 80933A08 46060200 */  add.s   $f8, $f0, $f6              
/* 0157C 80933A0C 0C0606A6 */  jal     func_80181A98              
/* 01580 80933A10 E7A8006C */  swc1    $f8, 0x006C($sp)           
/* 01584 80933A14 860A0BC6 */  lh      $t2, 0x0BC6($s0)           ## 00000BC6
/* 01588 80933A18 02002025 */  or      $a0, $s0, $zero            ## $a0 = 00000000
/* 0158C 80933A1C 27A50058 */  addiu   $a1, $sp, 0x0058           ## $a1 = FFFFFFE8
/* 01590 80933A20 314B0007 */  andi    $t3, $t2, 0x0007           ## $t3 = 00000000
/* 01594 80933A24 15600003 */  bne     $t3, $zero, .L80933A34     
/* 01598 80933A28 27A6004C */  addiu   $a2, $sp, 0x004C           ## $a2 = FFFFFFDC
/* 0159C 80933A2C 240C0001 */  addiu   $t4, $zero, 0x0001         ## $t4 = 00000001
/* 015A0 80933A30 A3AC003F */  sb      $t4, 0x003F($sp)           
.L80933A34:
/* 015A4 80933A34 3C014000 */  lui     $at, 0x4000                ## $at = 40000000
/* 015A8 80933A38 44815000 */  mtc1    $at, $f10                  ## $f10 = 2.00
/* 015AC 80933A3C 3C0141C8 */  lui     $at, 0x41C8                ## $at = 41C80000
/* 015B0 80933A40 44818000 */  mtc1    $at, $f16                  ## $f16 = 25.00
/* 015B4 80933A44 87AD003C */  lh      $t5, 0x003C($sp)           
/* 015B8 80933A48 93AE003F */  lbu     $t6, 0x003F($sp)           
/* 015BC 80933A4C 27A70040 */  addiu   $a3, $sp, 0x0040           ## $a3 = FFFFFFD0
/* 015C0 80933A50 E7AA0010 */  swc1    $f10, 0x0010($sp)          
/* 015C4 80933A54 AFAD0018 */  sw      $t5, 0x0018($sp)           
/* 015C8 80933A58 E7B00014 */  swc1    $f16, 0x0014($sp)          
/* 015CC 80933A5C 0C24D02F */  jal     func_809340BC              
/* 015D0 80933A60 AFAE001C */  sw      $t6, 0x001C($sp)           
/* 015D4 80933A64 C7B2004C */  lwc1    $f18, 0x004C($sp)          
/* 015D8 80933A68 C7B00050 */  lwc1    $f16, 0x0050($sp)          
/* 015DC 80933A6C C7AE0054 */  lwc1    $f14, 0x0054($sp)          
/* 015E0 80933A70 C7AC0058 */  lwc1    $f12, 0x0058($sp)          
/* 015E4 80933A74 C7AA005C */  lwc1    $f10, 0x005C($sp)          
/* 015E8 80933A78 C7A80060 */  lwc1    $f8, 0x0060($sp)           
/* 015EC 80933A7C 3C013F00 */  lui     $at, 0x3F00                ## $at = 3F000000
/* 015F0 80933A80 44813000 */  mtc1    $at, $f6                   ## $f6 = 0.50
/* 015F4 80933A84 87AF003C */  lh      $t7, 0x003C($sp)           
/* 015F8 80933A88 3C014000 */  lui     $at, 0x4000                ## $at = 40000000
/* 015FC 80933A8C 46069482 */  mul.s   $f18, $f18, $f6            
/* 01600 80933A90 44812000 */  mtc1    $at, $f4                   ## $f4 = 2.00
/* 01604 80933A94 3C0141C8 */  lui     $at, 0x41C8                ## $at = 41C80000
/* 01608 80933A98 46068402 */  mul.s   $f16, $f16, $f6            
/* 0160C 80933A9C 44811000 */  mtc1    $at, $f2                   ## $f2 = 25.00
/* 01610 80933AA0 E7A40010 */  swc1    $f4, 0x0010($sp)           
/* 01614 80933AA4 46067182 */  mul.s   $f6, $f14, $f6             
/* 01618 80933AA8 02002025 */  or      $a0, $s0, $zero            ## $a0 = 00000000
/* 0161C 80933AAC 46126480 */  add.s   $f18, $f12, $f18           
/* 01620 80933AB0 27A50058 */  addiu   $a1, $sp, 0x0058           ## $a1 = FFFFFFE8
/* 01624 80933AB4 27A6004C */  addiu   $a2, $sp, 0x004C           ## $a2 = FFFFFFDC
/* 01628 80933AB8 46105400 */  add.s   $f16, $f10, $f16           
/* 0162C 80933ABC E7B20058 */  swc1    $f18, 0x0058($sp)          
/* 01630 80933AC0 27A70040 */  addiu   $a3, $sp, 0x0040           ## $a3 = FFFFFFD0
/* 01634 80933AC4 46064180 */  add.s   $f6, $f8, $f6              
/* 01638 80933AC8 E7B0005C */  swc1    $f16, 0x005C($sp)          
/* 0163C 80933ACC E7A20014 */  swc1    $f2, 0x0014($sp)           
/* 01640 80933AD0 AFAF0018 */  sw      $t7, 0x0018($sp)           
/* 01644 80933AD4 E7A60060 */  swc1    $f6, 0x0060($sp)           
/* 01648 80933AD8 0C24D02F */  jal     func_809340BC              
/* 0164C 80933ADC AFA0001C */  sw      $zero, 0x001C($sp)         
/* 01650 80933AE0 8FBF002C */  lw      $ra, 0x002C($sp)           
.L80933AE4:
/* 01654 80933AE4 8FB00028 */  lw      $s0, 0x0028($sp)           
/* 01658 80933AE8 27BD0070 */  addiu   $sp, $sp, 0x0070           ## $sp = 00000000
/* 0165C 80933AEC 03E00008 */  jr      $ra                        
/* 01660 80933AF0 00000000 */  nop


glabel func_80933AF4
/* 01664 80933AF4 24020001 */  addiu   $v0, $zero, 0x0001         ## $v0 = 00000001
/* 01668 80933AF8 8C8F0004 */  lw      $t7, 0x0004($a0)           ## 00000004
/* 0166C 80933AFC 3C01BF80 */  lui     $at, 0xBF80                ## $at = BF800000
/* 01670 80933B00 44812000 */  mtc1    $at, $f4                   ## $f4 = -1.00
/* 01674 80933B04 3C198093 */  lui     $t9, %hi(func_80933B38)    ## $t9 = 80930000
/* 01678 80933B08 240E0028 */  addiu   $t6, $zero, 0x0028         ## $t6 = 00000028
/* 0167C 80933B0C 27393B38 */  addiu   $t9, $t9, %lo(func_80933B38) ## $t9 = 80933B38
/* 01680 80933B10 35F80001 */  ori     $t8, $t7, 0x0001           ## $t8 = 00000001
/* 01684 80933B14 A0820BD6 */  sb      $v0, 0x0BD6($a0)           ## 00000BD6
/* 01688 80933B18 A48E0BCA */  sh      $t6, 0x0BCA($a0)           ## 00000BCA
/* 0168C 80933B1C A0820BCC */  sb      $v0, 0x0BCC($a0)           ## 00000BCC
/* 01690 80933B20 A0820BCE */  sb      $v0, 0x0BCE($a0)           ## 00000BCE
/* 01694 80933B24 AC980004 */  sw      $t8, 0x0004($a0)           ## 00000004
/* 01698 80933B28 AC990144 */  sw      $t9, 0x0144($a0)           ## 00000144
/* 0169C 80933B2C E4840074 */  swc1    $f4, 0x0074($a0)           ## 00000074
/* 016A0 80933B30 03E00008 */  jr      $ra                        
/* 016A4 80933B34 00000000 */  nop


glabel func_80933B38
/* 016A8 80933B38 AFA40000 */  sw      $a0, 0x0000($sp)           
/* 016AC 80933B3C AFA50004 */  sw      $a1, 0x0004($sp)           
/* 016B0 80933B40 03E00008 */  jr      $ra                        
/* 016B4 80933B44 00000000 */  nop


glabel func_80933B48
/* 016B8 80933B48 27BDFFD8 */  addiu   $sp, $sp, 0xFFD8           ## $sp = FFFFFFD8
/* 016BC 80933B4C AFB00020 */  sw      $s0, 0x0020($sp)           
/* 016C0 80933B50 00808025 */  or      $s0, $a0, $zero            ## $s0 = 00000000
/* 016C4 80933B54 AFBF0024 */  sw      $ra, 0x0024($sp)           
/* 016C8 80933B58 AFA5002C */  sw      $a1, 0x002C($sp)           
/* 016CC 80933B5C 86020BA4 */  lh      $v0, 0x0BA4($s0)           ## 00000BA4
/* 016D0 80933B60 50400022 */  beql    $v0, $zero, .L80933BEC     
/* 016D4 80933B64 8FBF0024 */  lw      $ra, 0x0024($sp)           
/* 016D8 80933B68 18400003 */  blez    $v0, .L80933B78            
/* 016DC 80933B6C 244EFFFF */  addiu   $t6, $v0, 0xFFFF           ## $t6 = FFFFFFFF
/* 016E0 80933B70 A60E0BA4 */  sh      $t6, 0x0BA4($s0)           ## 00000BA4
/* 016E4 80933B74 86020BA4 */  lh      $v0, 0x0BA4($s0)           ## 00000BA4
.L80933B78:
/* 016E8 80933B78 28410014 */  slti    $at, $v0, 0x0014           
/* 016EC 80933B7C 10200012 */  beq     $at, $zero, .L80933BC8     
/* 016F0 80933B80 26040BA0 */  addiu   $a0, $s0, 0x0BA0           ## $a0 = 00000BA0
/* 016F4 80933B84 44800000 */  mtc1    $zero, $f0                 ## $f0 = 0.00
/* 016F8 80933B88 3C073CF5 */  lui     $a3, 0x3CF5                ## $a3 = 3CF50000
/* 016FC 80933B8C 34E7C28F */  ori     $a3, $a3, 0xC28F           ## $a3 = 3CF5C28F
/* 01700 80933B90 44050000 */  mfc1    $a1, $f0                   
/* 01704 80933B94 26040BA0 */  addiu   $a0, $s0, 0x0BA0           ## $a0 = 00000BA0
/* 01708 80933B98 3C063F00 */  lui     $a2, 0x3F00                ## $a2 = 3F000000
/* 0170C 80933B9C 0C03FF36 */  jal     func_800FFCD8              
/* 01710 80933BA0 E7A00010 */  swc1    $f0, 0x0010($sp)           
/* 01714 80933BA4 860F0BA4 */  lh      $t7, 0x0BA4($s0)           ## 00000BA4
/* 01718 80933BA8 3C018093 */  lui     $at, %hi(D_809347F8)       ## $at = 80930000
/* 0171C 80933BAC C42847F8 */  lwc1    $f8, %lo(D_809347F8)($at)  
/* 01720 80933BB0 448F2000 */  mtc1    $t7, $f4                   ## $f4 = 0.00
/* 01724 80933BB4 00000000 */  nop
/* 01728 80933BB8 468021A0 */  cvt.s.w $f6, $f4                   
/* 0172C 80933BBC 46083282 */  mul.s   $f10, $f6, $f8             
/* 01730 80933BC0 10000009 */  beq     $zero, $zero, .L80933BE8   
/* 01734 80933BC4 E60A0B9C */  swc1    $f10, 0x0B9C($s0)          ## 00000B9C
.L80933BC8:
/* 01738 80933BC8 44800000 */  mtc1    $zero, $f0                 ## $f0 = 0.00
/* 0173C 80933BCC 3C063DCC */  lui     $a2, 0x3DCC                ## $a2 = 3DCC0000
/* 01740 80933BD0 3C073CA3 */  lui     $a3, 0x3CA3                ## $a3 = 3CA30000
/* 01744 80933BD4 34E7D70A */  ori     $a3, $a3, 0xD70A           ## $a3 = 3CA3D70A
/* 01748 80933BD8 34C6CCCD */  ori     $a2, $a2, 0xCCCD           ## $a2 = 3DCCCCCD
/* 0174C 80933BDC 3C053F00 */  lui     $a1, 0x3F00                ## $a1 = 3F000000
/* 01750 80933BE0 0C03FF36 */  jal     func_800FFCD8              
/* 01754 80933BE4 E7A00010 */  swc1    $f0, 0x0010($sp)           
.L80933BE8:
/* 01758 80933BE8 8FBF0024 */  lw      $ra, 0x0024($sp)           
.L80933BEC:
/* 0175C 80933BEC 8FB00020 */  lw      $s0, 0x0020($sp)           
/* 01760 80933BF0 27BD0028 */  addiu   $sp, $sp, 0x0028           ## $sp = 00000000
/* 01764 80933BF4 03E00008 */  jr      $ra                        
/* 01768 80933BF8 00000000 */  nop


glabel func_80933BFC
/* 0176C 80933BFC 27BDFFC0 */  addiu   $sp, $sp, 0xFFC0           ## $sp = FFFFFFC0
/* 01770 80933C00 AFB10020 */  sw      $s1, 0x0020($sp)           
/* 01774 80933C04 AFB0001C */  sw      $s0, 0x001C($sp)           
/* 01778 80933C08 00808025 */  or      $s0, $a0, $zero            ## $s0 = 00000000
/* 0177C 80933C0C 00A08825 */  or      $s1, $a1, $zero            ## $s1 = 00000000
/* 01780 80933C10 AFBF0024 */  sw      $ra, 0x0024($sp)           
/* 01784 80933C14 860E0BC6 */  lh      $t6, 0x0BC6($s0)           ## 00000BC6
/* 01788 80933C18 86020BC8 */  lh      $v0, 0x0BC8($s0)           ## 00000BC8
/* 0178C 80933C1C 02002025 */  or      $a0, $s0, $zero            ## $a0 = 00000000
/* 01790 80933C20 25CF0001 */  addiu   $t7, $t6, 0x0001           ## $t7 = 00000001
/* 01794 80933C24 10400003 */  beq     $v0, $zero, .L80933C34     
/* 01798 80933C28 A60F0BC6 */  sh      $t7, 0x0BC6($s0)           ## 00000BC6
/* 0179C 80933C2C 2458FFFF */  addiu   $t8, $v0, 0xFFFF           ## $t8 = FFFFFFFF
/* 017A0 80933C30 A6180BC8 */  sh      $t8, 0x0BC8($s0)           ## 00000BC8
.L80933C34:
/* 017A4 80933C34 86020BCA */  lh      $v0, 0x0BCA($s0)           ## 00000BCA
/* 017A8 80933C38 10400002 */  beq     $v0, $zero, .L80933C44     
/* 017AC 80933C3C 2459FFFF */  addiu   $t9, $v0, 0xFFFF           ## $t9 = FFFFFFFF
/* 017B0 80933C40 A6190BCA */  sh      $t9, 0x0BCA($s0)           ## 00000BCA
.L80933C44:
/* 017B4 80933C44 92020BD9 */  lbu     $v0, 0x0BD9($s0)           ## 00000BD9
/* 017B8 80933C48 10400002 */  beq     $v0, $zero, .L80933C54     
/* 017BC 80933C4C 2448FFFF */  addiu   $t0, $v0, 0xFFFF           ## $t0 = FFFFFFFF
/* 017C0 80933C50 A2080BD9 */  sb      $t0, 0x0BD9($s0)           ## 00000BD9
.L80933C54:
/* 017C4 80933C54 0C02D9D7 */  jal     func_800B675C              
/* 017C8 80933C58 3C054248 */  lui     $a1, 0x4248                ## $a1 = 42480000
/* 017CC 80933C5C 02002025 */  or      $a0, $s0, $zero            ## $a0 = 00000000
/* 017D0 80933C60 0C24CB26 */  jal     func_80932C98              
/* 017D4 80933C64 02202825 */  or      $a1, $s1, $zero            ## $a1 = 00000000
/* 017D8 80933C68 8E190144 */  lw      $t9, 0x0144($s0)           ## 00000144
/* 017DC 80933C6C 02002025 */  or      $a0, $s0, $zero            ## $a0 = 00000000
/* 017E0 80933C70 02202825 */  or      $a1, $s1, $zero            ## $a1 = 00000000
/* 017E4 80933C74 0320F809 */  jalr    $ra, $t9                   
/* 017E8 80933C78 00000000 */  nop
/* 017EC 80933C7C 92090BD8 */  lbu     $t1, 0x0BD8($s0)           ## 00000BD8
/* 017F0 80933C80 02002025 */  or      $a0, $s0, $zero            ## $a0 = 00000000
/* 017F4 80933C84 26050148 */  addiu   $a1, $s0, 0x0148           ## $a1 = 00000148
/* 017F8 80933C88 5520001E */  bnel    $t1, $zero, .L80933D04     
/* 017FC 80933C8C 3C063E4C */  lui     $a2, 0x3E4C                ## $a2 = 3E4C0000
/* 01800 80933C90 0C039F7E */  jal     func_800E7DF8              
/* 01804 80933C94 AFA50030 */  sw      $a1, 0x0030($sp)           
/* 01808 80933C98 26050194 */  addiu   $a1, $s0, 0x0194           ## $a1 = 00000194
/* 0180C 80933C9C AFA5002C */  sw      $a1, 0x002C($sp)           
/* 01810 80933CA0 0C039F7E */  jal     func_800E7DF8              
/* 01814 80933CA4 02002025 */  or      $a0, $s0, $zero            ## $a0 = 00000000
/* 01818 80933CA8 920A0BCE */  lbu     $t2, 0x0BCE($s0)           ## 00000BCE
/* 0181C 80933CAC 51400015 */  beql    $t2, $zero, .L80933D04     
/* 01820 80933CB0 3C063E4C */  lui     $a2, 0x3E4C                ## $a2 = 3E4C0000
/* 01824 80933CB4 920B011C */  lbu     $t3, 0x011C($s0)           ## 0000011C
/* 01828 80933CB8 3C010001 */  lui     $at, 0x0001                ## $at = 00010000
/* 0182C 80933CBC 34218884 */  ori     $at, $at, 0x8884           ## $at = 00018884
/* 01830 80933CC0 15600009 */  bne     $t3, $zero, .L80933CE8     
/* 01834 80933CC4 02202025 */  or      $a0, $s1, $zero            ## $a0 = 00000000
/* 01838 80933CC8 02212821 */  addu    $a1, $s1, $at              
/* 0183C 80933CCC AFA50034 */  sw      $a1, 0x0034($sp)           
/* 01840 80933CD0 0C0389D0 */  jal     func_800E2740              
/* 01844 80933CD4 8FA60030 */  lw      $a2, 0x0030($sp)           
/* 01848 80933CD8 8FA50034 */  lw      $a1, 0x0034($sp)           
/* 0184C 80933CDC 02202025 */  or      $a0, $s1, $zero            ## $a0 = 00000000
/* 01850 80933CE0 0C0389D0 */  jal     func_800E2740              
/* 01854 80933CE4 8FA6002C */  lw      $a2, 0x002C($sp)           
.L80933CE8:
/* 01858 80933CE8 3C010001 */  lui     $at, 0x0001                ## $at = 00010000
/* 0185C 80933CEC 34218884 */  ori     $at, $at, 0x8884           ## $at = 00018884
/* 01860 80933CF0 02212821 */  addu    $a1, $s1, $at              
/* 01864 80933CF4 02202025 */  or      $a0, $s1, $zero            ## $a0 = 00000000
/* 01868 80933CF8 0C038A4A */  jal     func_800E2928              
/* 0186C 80933CFC 8FA60030 */  lw      $a2, 0x0030($sp)           
/* 01870 80933D00 3C063E4C */  lui     $a2, 0x3E4C                ## $a2 = 3E4C0000
.L80933D04:
/* 01874 80933D04 34C6CCCD */  ori     $a2, $a2, 0xCCCD           ## $a2 = 3E4CCCCD
/* 01878 80933D08 26040070 */  addiu   $a0, $s0, 0x0070           ## $a0 = 00000070
/* 0187C 80933D0C 0C03FC0F */  jal     func_800FF03C              
/* 01880 80933D10 8E050BBC */  lw      $a1, 0x0BBC($s0)           ## 00000BBC
/* 01884 80933D14 0C02DAA2 */  jal     func_800B6A88              
/* 01888 80933D18 02002025 */  or      $a0, $s0, $zero            ## $a0 = 00000000
/* 0188C 80933D1C 920C0BCC */  lbu     $t4, 0x0BCC($s0)           ## 00000BCC
/* 01890 80933D20 3C0141A0 */  lui     $at, 0x41A0                ## $at = 41A00000
/* 01894 80933D24 02202025 */  or      $a0, $s1, $zero            ## $a0 = 00000000
/* 01898 80933D28 11800008 */  beq     $t4, $zero, .L80933D4C     
/* 0189C 80933D2C 02002825 */  or      $a1, $s0, $zero            ## $a1 = 00000000
/* 018A0 80933D30 44810000 */  mtc1    $at, $f0                   ## $f0 = 20.00
/* 018A4 80933D34 240D0005 */  addiu   $t5, $zero, 0x0005         ## $t5 = 00000005
/* 018A8 80933D38 AFAD0014 */  sw      $t5, 0x0014($sp)           
/* 018AC 80933D3C 44060000 */  mfc1    $a2, $f0                   
/* 018B0 80933D40 44070000 */  mfc1    $a3, $f0                   
/* 018B4 80933D44 0C02DE2E */  jal     func_800B78B8              
/* 018B8 80933D48 E7A00010 */  swc1    $f0, 0x0010($sp)           
.L80933D4C:
/* 018BC 80933D4C 920E0BD6 */  lbu     $t6, 0x0BD6($s0)           ## 00000BD6
/* 018C0 80933D50 3C198093 */  lui     $t9, %hi(D_809347AC)       ## $t9 = 80930000
/* 018C4 80933D54 02002025 */  or      $a0, $s0, $zero            ## $a0 = 00000000
/* 018C8 80933D58 000E7880 */  sll     $t7, $t6,  2               
/* 018CC 80933D5C 032FC821 */  addu    $t9, $t9, $t7              
/* 018D0 80933D60 8F3947AC */  lw      $t9, %lo(D_809347AC)($t9)  
/* 018D4 80933D64 0320F809 */  jalr    $ra, $t9                   
/* 018D8 80933D68 00000000 */  nop
/* 018DC 80933D6C 02002025 */  or      $a0, $s0, $zero            ## $a0 = 00000000
/* 018E0 80933D70 0C24CED2 */  jal     func_80933B48              
/* 018E4 80933D74 02202825 */  or      $a1, $s1, $zero            ## $a1 = 00000000
/* 018E8 80933D78 02002025 */  or      $a0, $s0, $zero            ## $a0 = 00000000
/* 018EC 80933D7C 0C24D05E */  jal     func_80934178              
/* 018F0 80933D80 02202825 */  or      $a1, $s1, $zero            ## $a1 = 00000000
/* 018F4 80933D84 8FBF0024 */  lw      $ra, 0x0024($sp)           
/* 018F8 80933D88 8FB0001C */  lw      $s0, 0x001C($sp)           
/* 018FC 80933D8C 8FB10020 */  lw      $s1, 0x0020($sp)           
/* 01900 80933D90 03E00008 */  jr      $ra                        
/* 01904 80933D94 27BD0040 */  addiu   $sp, $sp, 0x0040           ## $sp = 00000000


glabel func_80933D98
/* 01908 80933D98 27BDFF58 */  addiu   $sp, $sp, 0xFF58           ## $sp = FFFFFF58
/* 0190C 80933D9C AFB10038 */  sw      $s1, 0x0038($sp)           
/* 01910 80933DA0 AFB00034 */  sw      $s0, 0x0034($sp)           
/* 01914 80933DA4 00808025 */  or      $s0, $a0, $zero            ## $s0 = 00000000
/* 01918 80933DA8 00A08825 */  or      $s1, $a1, $zero            ## $s1 = 00000000
/* 0191C 80933DAC AFBF003C */  sw      $ra, 0x003C($sp)           
/* 01920 80933DB0 920200B7 */  lbu     $v0, 0x00B7($s0)           ## 000000B7
/* 01924 80933DB4 240E0003 */  addiu   $t6, $zero, 0x0003         ## $t6 = 00000003
/* 01928 80933DB8 02002025 */  or      $a0, $s0, $zero            ## $a0 = 00000000
/* 0192C 80933DBC 01C21823 */  subu    $v1, $t6, $v0              
/* 01930 80933DC0 14400002 */  bne     $v0, $zero, .L80933DCC     
/* 01934 80933DC4 8E280000 */  lw      $t0, 0x0000($s1)           ## 00000000
/* 01938 80933DC8 24030002 */  addiu   $v1, $zero, 0x0002         ## $v1 = 00000002
.L80933DCC:
/* 0193C 80933DCC 920F0BD7 */  lbu     $t7, 0x0BD7($s0)           ## 00000BD7
/* 01940 80933DD0 02202825 */  or      $a1, $s1, $zero            ## $a1 = 00000000
/* 01944 80933DD4 00003025 */  or      $a2, $zero, $zero          ## $a2 = 00000000
/* 01948 80933DD8 51E0005C */  beql    $t7, $zero, .L80933F4C     
/* 0194C 80933DDC 02002025 */  or      $a0, $s0, $zero            ## $a0 = 00000000
/* 01950 80933DE0 AFA3009C */  sw      $v1, 0x009C($sp)           
/* 01954 80933DE4 0C02E046 */  jal     func_800B8118              
/* 01958 80933DE8 AFA80098 */  sw      $t0, 0x0098($sp)           
/* 0195C 80933DEC 0C04B0B7 */  jal     func_8012C2DC              
/* 01960 80933DF0 8E240000 */  lw      $a0, 0x0000($s1)           ## 00000000
/* 01964 80933DF4 8FA80098 */  lw      $t0, 0x0098($sp)           
/* 01968 80933DF8 8D0202C0 */  lw      $v0, 0x02C0($t0)           ## 000002C0
/* 0196C 80933DFC 3C19DB06 */  lui     $t9, 0xDB06                ## $t9 = DB060000
/* 01970 80933E00 37390020 */  ori     $t9, $t9, 0x0020           ## $t9 = DB060020
/* 01974 80933E04 24580008 */  addiu   $t8, $v0, 0x0008           ## $t8 = 00000008
/* 01978 80933E08 AD1802C0 */  sw      $t8, 0x02C0($t0)           ## 000002C0
/* 0197C 80933E0C AC590000 */  sw      $t9, 0x0000($v0)           ## 00000000
/* 01980 80933E10 8E23009C */  lw      $v1, 0x009C($s1)           ## 0000009C
/* 01984 80933E14 8E240000 */  lw      $a0, 0x0000($s1)           ## 00000000
/* 01988 80933E18 24180020 */  addiu   $t8, $zero, 0x0020         ## $t8 = 00000020
/* 0198C 80933E1C 00036840 */  sll     $t5, $v1,  1               
/* 01990 80933E20 31AE007F */  andi    $t6, $t5, 0x007F           ## $t6 = 00000000
/* 01994 80933E24 240A0020 */  addiu   $t2, $zero, 0x0020         ## $t2 = 00000020
/* 01998 80933E28 240B0020 */  addiu   $t3, $zero, 0x0020         ## $t3 = 00000020
/* 0199C 80933E2C 240C0001 */  addiu   $t4, $zero, 0x0001         ## $t4 = 00000001
/* 019A0 80933E30 240F0020 */  addiu   $t7, $zero, 0x0020         ## $t7 = 00000020
/* 019A4 80933E34 AFAF0024 */  sw      $t7, 0x0024($sp)           
/* 019A8 80933E38 AFAC0018 */  sw      $t4, 0x0018($sp)           
/* 019AC 80933E3C AFAB0014 */  sw      $t3, 0x0014($sp)           
/* 019B0 80933E40 AFAA0010 */  sw      $t2, 0x0010($sp)           
/* 019B4 80933E44 AFAE0020 */  sw      $t6, 0x0020($sp)           
/* 019B8 80933E48 AFB80028 */  sw      $t8, 0x0028($sp)           
/* 019BC 80933E4C AFA80098 */  sw      $t0, 0x0098($sp)           
/* 019C0 80933E50 AFA0001C */  sw      $zero, 0x001C($sp)         
/* 019C4 80933E54 00002825 */  or      $a1, $zero, $zero          ## $a1 = 00000000
/* 019C8 80933E58 00003025 */  or      $a2, $zero, $zero          ## $a2 = 00000000
/* 019CC 80933E5C AFA20090 */  sw      $v0, 0x0090($sp)           
/* 019D0 80933E60 0C04B2F4 */  jal     func_8012CBD0              
/* 019D4 80933E64 3067007F */  andi    $a3, $v1, 0x007F           ## $a3 = 00000000
/* 019D8 80933E68 8FA90090 */  lw      $t1, 0x0090($sp)           
/* 019DC 80933E6C 8FA80098 */  lw      $t0, 0x0098($sp)           
/* 019E0 80933E70 AD220004 */  sw      $v0, 0x0004($t1)           ## 00000004
/* 019E4 80933E74 8D0202C0 */  lw      $v0, 0x02C0($t0)           ## 000002C0
/* 019E8 80933E78 3C0ADA38 */  lui     $t2, 0xDA38                ## $t2 = DA380000
/* 019EC 80933E7C 354A0003 */  ori     $t2, $t2, 0x0003           ## $t2 = DA380003
/* 019F0 80933E80 24590008 */  addiu   $t9, $v0, 0x0008           ## $t9 = 00000008
/* 019F4 80933E84 AD1902C0 */  sw      $t9, 0x02C0($t0)           ## 000002C0
/* 019F8 80933E88 AC4A0000 */  sw      $t2, 0x0000($v0)           ## 00000000
/* 019FC 80933E8C 8E240000 */  lw      $a0, 0x0000($s1)           ## 00000000
/* 01A00 80933E90 AFA80098 */  sw      $t0, 0x0098($sp)           
/* 01A04 80933E94 0C060690 */  jal     func_80181A40              
/* 01A08 80933E98 AFA2008C */  sw      $v0, 0x008C($sp)           
/* 01A0C 80933E9C 8FA3008C */  lw      $v1, 0x008C($sp)           
/* 01A10 80933EA0 8FA80098 */  lw      $t0, 0x0098($sp)           
/* 01A14 80933EA4 3C0CFC27 */  lui     $t4, 0xFC27                ## $t4 = FC270000
/* 01A18 80933EA8 AC620004 */  sw      $v0, 0x0004($v1)           ## 00000004
/* 01A1C 80933EAC 8D0202C0 */  lw      $v0, 0x02C0($t0)           ## 000002C0
/* 01A20 80933EB0 3C0D3514 */  lui     $t5, 0x3514                ## $t5 = 35140000
/* 01A24 80933EB4 35AD937F */  ori     $t5, $t5, 0x937F           ## $t5 = 3514937F
/* 01A28 80933EB8 244B0008 */  addiu   $t3, $v0, 0x0008           ## $t3 = 00000008
/* 01A2C 80933EBC AD0B02C0 */  sw      $t3, 0x02C0($t0)           ## 000002C0
/* 01A30 80933EC0 358C2660 */  ori     $t4, $t4, 0x2660           ## $t4 = FC272660
/* 01A34 80933EC4 AC4C0000 */  sw      $t4, 0x0000($v0)           ## 00000000
/* 01A38 80933EC8 AC4D0004 */  sw      $t5, 0x0004($v0)           ## 00000004
/* 01A3C 80933ECC 8D0202C0 */  lw      $v0, 0x02C0($t0)           ## 000002C0
/* 01A40 80933ED0 3C0FFA00 */  lui     $t7, 0xFA00                ## $t7 = FA000000
/* 01A44 80933ED4 3C189BFF */  lui     $t8, 0x9BFF                ## $t8 = 9BFF0000
/* 01A48 80933ED8 244E0008 */  addiu   $t6, $v0, 0x0008           ## $t6 = 00000008
/* 01A4C 80933EDC AD0E02C0 */  sw      $t6, 0x02C0($t0)           ## 000002C0
/* 01A50 80933EE0 3718FFFF */  ori     $t8, $t8, 0xFFFF           ## $t8 = 9BFFFFFF
/* 01A54 80933EE4 35EF0080 */  ori     $t7, $t7, 0x0080           ## $t7 = FA000080
/* 01A58 80933EE8 AC4F0000 */  sw      $t7, 0x0000($v0)           ## 00000000
/* 01A5C 80933EEC AC580004 */  sw      $t8, 0x0004($v0)           ## 00000004
/* 01A60 80933EF0 8D0202C0 */  lw      $v0, 0x02C0($t0)           ## 000002C0
/* 01A64 80933EF4 3C0AFB00 */  lui     $t2, 0xFB00                ## $t2 = FB000000
/* 01A68 80933EF8 3C01C8C8 */  lui     $at, 0xC8C8                ## $at = C8C80000
/* 01A6C 80933EFC 24590008 */  addiu   $t9, $v0, 0x0008           ## $t9 = 00000008
/* 01A70 80933F00 AD1902C0 */  sw      $t9, 0x02C0($t0)           ## 000002C0
/* 01A74 80933F04 AC4A0000 */  sw      $t2, 0x0000($v0)           ## 00000000
/* 01A78 80933F08 8E0B0BC0 */  lw      $t3, 0x0BC0($s0)           ## 00000BC0
/* 01A7C 80933F0C 3421C800 */  ori     $at, $at, 0xC800           ## $at = C8C8C800
/* 01A80 80933F10 316C00FF */  andi    $t4, $t3, 0x00FF           ## $t4 = 00000008
/* 01A84 80933F14 01816825 */  or      $t5, $t4, $at              ## $t5 = C8C8C808
/* 01A88 80933F18 AC4D0004 */  sw      $t5, 0x0004($v0)           ## 00000004
/* 01A8C 80933F1C 8D0202C0 */  lw      $v0, 0x02C0($t0)           ## 000002C0
/* 01A90 80933F20 3C0FDE00 */  lui     $t7, 0xDE00                ## $t7 = DE000000
/* 01A94 80933F24 3C0A8093 */  lui     $t2, %hi(D_809347BC)       ## $t2 = 80930000
/* 01A98 80933F28 244E0008 */  addiu   $t6, $v0, 0x0008           ## $t6 = 00000008
/* 01A9C 80933F2C AD0E02C0 */  sw      $t6, 0x02C0($t0)           ## 000002C0
/* 01AA0 80933F30 AC4F0000 */  sw      $t7, 0x0000($v0)           ## 00000000
/* 01AA4 80933F34 8FB8009C */  lw      $t8, 0x009C($sp)           
/* 01AA8 80933F38 0018C880 */  sll     $t9, $t8,  2               
/* 01AAC 80933F3C 01595021 */  addu    $t2, $t2, $t9              
/* 01AB0 80933F40 8D4A47BC */  lw      $t2, %lo(D_809347BC)($t2)  
/* 01AB4 80933F44 AC4A0004 */  sw      $t2, 0x0004($v0)           ## 00000004
/* 01AB8 80933F48 02002025 */  or      $a0, $s0, $zero            ## $a0 = 00000000
.L80933F4C:
/* 01ABC 80933F4C 0C24D119 */  jal     func_80934464              
/* 01AC0 80933F50 02202825 */  or      $a1, $s1, $zero            ## $a1 = 00000000
/* 01AC4 80933F54 860B0BA4 */  lh      $t3, 0x0BA4($s0)           ## 00000BA4
/* 01AC8 80933F58 27A6004C */  addiu   $a2, $sp, 0x004C           ## $a2 = FFFFFFA4
/* 01ACC 80933F5C 26020024 */  addiu   $v0, $s0, 0x0024           ## $v0 = 00000024
/* 01AD0 80933F60 59600029 */  blezl   $t3, .L80934008            
/* 01AD4 80933F64 8FBF003C */  lw      $ra, 0x003C($sp)           
/* 01AD8 80933F68 8C4D0000 */  lw      $t5, 0x0000($v0)           ## 00000024
/* 01ADC 80933F6C 27AE0058 */  addiu   $t6, $sp, 0x0058           ## $t6 = FFFFFFB0
/* 01AE0 80933F70 3C0141A0 */  lui     $at, 0x41A0                ## $at = 41A00000
/* 01AE4 80933F74 ACCD0000 */  sw      $t5, 0x0000($a2)           ## FFFFFFA4
/* 01AE8 80933F78 8C4C0004 */  lw      $t4, 0x0004($v0)           ## 00000028
/* 01AEC 80933F7C 44813000 */  mtc1    $at, $f6                   ## $f6 = 20.00
/* 01AF0 80933F80 3C014220 */  lui     $at, 0x4220                ## $at = 42200000
/* 01AF4 80933F84 ACCC0004 */  sw      $t4, 0x0004($a2)           ## FFFFFFA8
/* 01AF8 80933F88 8C4D0008 */  lw      $t5, 0x0008($v0)           ## 0000002C
/* 01AFC 80933F8C 44818000 */  mtc1    $at, $f16                  ## $f16 = 40.00
/* 01B00 80933F90 3C014080 */  lui     $at, 0x4080                ## $at = 40800000
/* 01B04 80933F94 ACCD0008 */  sw      $t5, 0x0008($a2)           ## FFFFFFAC
/* 01B08 80933F98 8C580000 */  lw      $t8, 0x0000($v0)           ## 00000024
/* 01B0C 80933F9C 24190014 */  addiu   $t9, $zero, 0x0014         ## $t9 = 00000014
/* 01B10 80933FA0 02202025 */  or      $a0, $s1, $zero            ## $a0 = 00000000
/* 01B14 80933FA4 ADD80000 */  sw      $t8, 0x0000($t6)           ## FFFFFFB0
/* 01B18 80933FA8 8C4F0004 */  lw      $t7, 0x0004($v0)           ## 00000028
/* 01B1C 80933FAC 00002825 */  or      $a1, $zero, $zero          ## $a1 = 00000000
/* 01B20 80933FB0 24070002 */  addiu   $a3, $zero, 0x0002         ## $a3 = 00000002
/* 01B24 80933FB4 ADCF0004 */  sw      $t7, 0x0004($t6)           ## FFFFFFB4
/* 01B28 80933FB8 8C580008 */  lw      $t8, 0x0008($v0)           ## 0000002C
/* 01B2C 80933FBC ADD80008 */  sw      $t8, 0x0008($t6)           ## FFFFFFB8
/* 01B30 80933FC0 C7A40050 */  lwc1    $f4, 0x0050($sp)           
/* 01B34 80933FC4 C7AA005C */  lwc1    $f10, 0x005C($sp)          
/* 01B38 80933FC8 46062200 */  add.s   $f8, $f4, $f6              
/* 01B3C 80933FCC 44813000 */  mtc1    $at, $f6                   ## $f6 = 4.00
/* 01B40 80933FD0 3C013F00 */  lui     $at, 0x3F00                ## $at = 3F000000
/* 01B44 80933FD4 46105480 */  add.s   $f18, $f10, $f16           
/* 01B48 80933FD8 E7A80050 */  swc1    $f8, 0x0050($sp)           
/* 01B4C 80933FDC 44815000 */  mtc1    $at, $f10                  ## $f10 = 0.50
/* 01B50 80933FE0 E7B2005C */  swc1    $f18, 0x005C($sp)          
/* 01B54 80933FE4 C6040BA0 */  lwc1    $f4, 0x0BA0($s0)           ## 00000BA0
/* 01B58 80933FE8 E7AA0014 */  swc1    $f10, 0x0014($sp)          
/* 01B5C 80933FEC 46062202 */  mul.s   $f8, $f4, $f6              
/* 01B60 80933FF0 E7A80010 */  swc1    $f8, 0x0010($sp)           
/* 01B64 80933FF4 C6100B9C */  lwc1    $f16, 0x0B9C($s0)          ## 00000B9C
/* 01B68 80933FF8 AFB9001C */  sw      $t9, 0x001C($sp)           
/* 01B6C 80933FFC 0C02F9A0 */  jal     func_800BE680              
/* 01B70 80934000 E7B00018 */  swc1    $f16, 0x0018($sp)          
/* 01B74 80934004 8FBF003C */  lw      $ra, 0x003C($sp)           
.L80934008:
/* 01B78 80934008 8FB00034 */  lw      $s0, 0x0034($sp)           
/* 01B7C 8093400C 8FB10038 */  lw      $s1, 0x0038($sp)           
/* 01B80 80934010 03E00008 */  jr      $ra                        
/* 01B84 80934014 27BD00A8 */  addiu   $sp, $sp, 0x00A8           ## $sp = 00000000


glabel func_80934018
/* 01B88 80934018 2482023C */  addiu   $v0, $a0, 0x023C           ## $v0 = 0000023C
/* 01B8C 8093401C 00001825 */  or      $v1, $zero, $zero          ## $v1 = 00000000
.L80934020:
/* 01B90 80934020 904E0000 */  lbu     $t6, 0x0000($v0)           ## 0000023C
/* 01B94 80934024 24630001 */  addiu   $v1, $v1, 0x0001           ## $v1 = 00000001
/* 01B98 80934028 00031C00 */  sll     $v1, $v1, 16               
/* 01B9C 8093402C 15C0001E */  bne     $t6, $zero, .L809340A8     
/* 01BA0 80934030 00031C03 */  sra     $v1, $v1, 16               
/* 01BA4 80934034 240F0001 */  addiu   $t7, $zero, 0x0001         ## $t7 = 00000001
/* 01BA8 80934038 A04F0000 */  sb      $t7, 0x0000($v0)           ## 0000023C
/* 01BAC 8093403C 8CB90000 */  lw      $t9, 0x0000($a1)           ## 00000000
/* 01BB0 80934040 3C01447A */  lui     $at, 0x447A                ## $at = 447A0000
/* 01BB4 80934044 44813000 */  mtc1    $at, $f6                   ## $f6 = 1000.00
/* 01BB8 80934048 AC590004 */  sw      $t9, 0x0004($v0)           ## 00000240
/* 01BBC 8093404C 8CB80004 */  lw      $t8, 0x0004($a1)           ## 00000004
/* 01BC0 80934050 AC580008 */  sw      $t8, 0x0008($v0)           ## 00000244
/* 01BC4 80934054 8CB90008 */  lw      $t9, 0x0008($a1)           ## 00000008
/* 01BC8 80934058 AC59000C */  sw      $t9, 0x000C($v0)           ## 00000248
/* 01BCC 8093405C 8CC90000 */  lw      $t1, 0x0000($a2)           ## 00000000
/* 01BD0 80934060 AC490010 */  sw      $t1, 0x0010($v0)           ## 0000024C
/* 01BD4 80934064 8CC80004 */  lw      $t0, 0x0004($a2)           ## 00000004
/* 01BD8 80934068 AC480014 */  sw      $t0, 0x0014($v0)           ## 00000250
/* 01BDC 8093406C 8CC90008 */  lw      $t1, 0x0008($a2)           ## 00000008
/* 01BE0 80934070 AC490018 */  sw      $t1, 0x0018($v0)           ## 00000254
/* 01BE4 80934074 8CEB0000 */  lw      $t3, 0x0000($a3)           ## 00000000
/* 01BE8 80934078 AC4B001C */  sw      $t3, 0x001C($v0)           ## 00000258
/* 01BEC 8093407C 8CEA0004 */  lw      $t2, 0x0004($a3)           ## 00000004
/* 01BF0 80934080 AC4A0020 */  sw      $t2, 0x0020($v0)           ## 0000025C
/* 01BF4 80934084 8CEB0008 */  lw      $t3, 0x0008($a3)           ## 00000008
/* 01BF8 80934088 A440002E */  sh      $zero, 0x002E($v0)         ## 0000026A
/* 01BFC 8093408C AC4B0024 */  sw      $t3, 0x0024($v0)           ## 00000260
/* 01C00 80934090 C7A40010 */  lwc1    $f4, 0x0010($sp)           
/* 01C04 80934094 A440002C */  sh      $zero, 0x002C($v0)         ## 00000268
/* 01C08 80934098 A0400001 */  sb      $zero, 0x0001($v0)         ## 0000023D
/* 01C0C 8093409C 46062203 */  div.s   $f8, $f4, $f6              
/* 01C10 809340A0 03E00008 */  jr      $ra                        
/* 01C14 809340A4 E4480030 */  swc1    $f8, 0x0030($v0)           ## 0000026C
.L809340A8:
/* 01C18 809340A8 28610028 */  slti    $at, $v1, 0x0028           
/* 01C1C 809340AC 1420FFDC */  bne     $at, $zero, .L80934020     
/* 01C20 809340B0 2442003C */  addiu   $v0, $v0, 0x003C           ## $v0 = 00000278
/* 01C24 809340B4 03E00008 */  jr      $ra                        
/* 01C28 809340B8 00000000 */  nop


glabel func_809340BC
/* 01C2C 809340BC 2482023C */  addiu   $v0, $a0, 0x023C           ## $v0 = 0000023C
/* 01C30 809340C0 00001825 */  or      $v1, $zero, $zero          ## $v1 = 00000000
.L809340C4:
/* 01C34 809340C4 904E0000 */  lbu     $t6, 0x0000($v0)           ## 0000023C
/* 01C38 809340C8 24630001 */  addiu   $v1, $v1, 0x0001           ## $v1 = 00000001
/* 01C3C 809340CC 00031C00 */  sll     $v1, $v1, 16               
/* 01C40 809340D0 15C00024 */  bne     $t6, $zero, .L80934164     
/* 01C44 809340D4 00031C03 */  sra     $v1, $v1, 16               
/* 01C48 809340D8 240F0002 */  addiu   $t7, $zero, 0x0002         ## $t7 = 00000002
/* 01C4C 809340DC A04F0000 */  sb      $t7, 0x0000($v0)           ## 0000023C
/* 01C50 809340E0 8CB90000 */  lw      $t9, 0x0000($a1)           ## 00000000
/* 01C54 809340E4 3C01447A */  lui     $at, 0x447A                ## $at = 447A0000
/* 01C58 809340E8 44810000 */  mtc1    $at, $f0                   ## $f0 = 1000.00
/* 01C5C 809340EC AC590004 */  sw      $t9, 0x0004($v0)           ## 00000240
/* 01C60 809340F0 8CB80004 */  lw      $t8, 0x0004($a1)           ## 00000004
/* 01C64 809340F4 AC580008 */  sw      $t8, 0x0008($v0)           ## 00000244
/* 01C68 809340F8 8CB90008 */  lw      $t9, 0x0008($a1)           ## 00000008
/* 01C6C 809340FC AC59000C */  sw      $t9, 0x000C($v0)           ## 00000248
/* 01C70 80934100 8CC90000 */  lw      $t1, 0x0000($a2)           ## 00000000
/* 01C74 80934104 AC490010 */  sw      $t1, 0x0010($v0)           ## 0000024C
/* 01C78 80934108 8CC80004 */  lw      $t0, 0x0004($a2)           ## 00000004
/* 01C7C 8093410C AC480014 */  sw      $t0, 0x0014($v0)           ## 00000250
/* 01C80 80934110 8CC90008 */  lw      $t1, 0x0008($a2)           ## 00000008
/* 01C84 80934114 AC490018 */  sw      $t1, 0x0018($v0)           ## 00000254
/* 01C88 80934118 8CEB0000 */  lw      $t3, 0x0000($a3)           ## 00000000
/* 01C8C 8093411C AC4B001C */  sw      $t3, 0x001C($v0)           ## 00000258
/* 01C90 80934120 8CEA0004 */  lw      $t2, 0x0004($a3)           ## 00000004
/* 01C94 80934124 AC4A0020 */  sw      $t2, 0x0020($v0)           ## 0000025C
/* 01C98 80934128 8CEB0008 */  lw      $t3, 0x0008($a3)           ## 00000008
/* 01C9C 8093412C A440002E */  sh      $zero, 0x002E($v0)         ## 0000026A
/* 01CA0 80934130 AC4B0024 */  sw      $t3, 0x0024($v0)           ## 00000260
/* 01CA4 80934134 C7A40010 */  lwc1    $f4, 0x0010($sp)           
/* 01CA8 80934138 46002183 */  div.s   $f6, $f4, $f0              
/* 01CAC 8093413C E4460030 */  swc1    $f6, 0x0030($v0)           ## 0000026C
/* 01CB0 80934140 C7A80014 */  lwc1    $f8, 0x0014($sp)           
/* 01CB4 80934144 46004283 */  div.s   $f10, $f8, $f0             
/* 01CB8 80934148 E44A0034 */  swc1    $f10, 0x0034($v0)          ## 00000270
/* 01CBC 8093414C 87AC001A */  lh      $t4, 0x001A($sp)           
/* 01CC0 80934150 A0400001 */  sb      $zero, 0x0001($v0)         ## 0000023D
/* 01CC4 80934154 A44C002C */  sh      $t4, 0x002C($v0)           ## 00000268
/* 01CC8 80934158 93AD001F */  lbu     $t5, 0x001F($sp)           
/* 01CCC 8093415C 03E00008 */  jr      $ra                        
/* 01CD0 80934160 A04D0038 */  sb      $t5, 0x0038($v0)           ## 00000274
.L80934164:
/* 01CD4 80934164 28610028 */  slti    $at, $v1, 0x0028           
/* 01CD8 80934168 1420FFD6 */  bne     $at, $zero, .L809340C4     
/* 01CDC 8093416C 2442003C */  addiu   $v0, $v0, 0x003C           ## $v0 = 00000278
/* 01CE0 80934170 03E00008 */  jr      $ra                        
/* 01CE4 80934174 00000000 */  nop


glabel func_80934178
/* 01CE8 80934178 27BDFF88 */  addiu   $sp, $sp, 0xFF88           ## $sp = FFFFFF88
/* 01CEC 8093417C AFB4004C */  sw      $s4, 0x004C($sp)           
/* 01CF0 80934180 AFB10040 */  sw      $s1, 0x0040($sp)           
/* 01CF4 80934184 00808825 */  or      $s1, $a0, $zero            ## $s1 = 00000000
/* 01CF8 80934188 00A0A025 */  or      $s4, $a1, $zero            ## $s4 = 00000000
/* 01CFC 8093418C AFBF005C */  sw      $ra, 0x005C($sp)           
/* 01D00 80934190 AFB70058 */  sw      $s7, 0x0058($sp)           
/* 01D04 80934194 AFB60054 */  sw      $s6, 0x0054($sp)           
/* 01D08 80934198 AFB50050 */  sw      $s5, 0x0050($sp)           
/* 01D0C 8093419C AFB30048 */  sw      $s3, 0x0048($sp)           
/* 01D10 809341A0 AFB20044 */  sw      $s2, 0x0044($sp)           
/* 01D14 809341A4 AFB0003C */  sw      $s0, 0x003C($sp)           
/* 01D18 809341A8 F7BC0030 */  sdc1    $f28, 0x0030($sp)          
/* 01D1C 809341AC F7BA0028 */  sdc1    $f26, 0x0028($sp)          
/* 01D20 809341B0 F7B80020 */  sdc1    $f24, 0x0020($sp)          
/* 01D24 809341B4 F7B60018 */  sdc1    $f22, 0x0018($sp)          
/* 01D28 809341B8 F7B40010 */  sdc1    $f20, 0x0010($sp)          
/* 01D2C 809341BC 3C014000 */  lui     $at, 0x4000                ## $at = 40000000
/* 01D30 809341C0 4481E000 */  mtc1    $at, $f28                  ## $f28 = 2.00
/* 01D34 809341C4 3C018093 */  lui     $at, %hi(D_809347FC)       ## $at = 80930000
/* 01D38 809341C8 C43A47FC */  lwc1    $f26, %lo(D_809347FC)($at) 
/* 01D3C 809341CC 3C013F40 */  lui     $at, 0x3F40                ## $at = 3F400000
/* 01D40 809341D0 4481C000 */  mtc1    $at, $f24                  ## $f24 = 0.75
/* 01D44 809341D4 3C014120 */  lui     $at, 0x4120                ## $at = 41200000
/* 01D48 809341D8 3C160001 */  lui     $s6, 0x0001                ## $s6 = 00010000
/* 01D4C 809341DC 4481A000 */  mtc1    $at, $f20                  ## $f20 = 10.00
/* 01D50 809341E0 4480B000 */  mtc1    $zero, $f22                ## $f22 = 0.00
/* 01D54 809341E4 2630023C */  addiu   $s0, $s1, 0x023C           ## $s0 = 0000023C
/* 01D58 809341E8 36D68884 */  ori     $s6, $s6, 0x8884           ## $s6 = 00018884
/* 01D5C 809341EC 00009025 */  or      $s2, $zero, $zero          ## $s2 = 00000000
/* 01D60 809341F0 27B70064 */  addiu   $s7, $sp, 0x0064           ## $s7 = FFFFFFEC
/* 01D64 809341F4 24150001 */  addiu   $s5, $zero, 0x0001         ## $s5 = 00000001
/* 01D68 809341F8 24130002 */  addiu   $s3, $zero, 0x0002         ## $s3 = 00000002
.L809341FC:
/* 01D6C 809341FC 920E0000 */  lbu     $t6, 0x0000($s0)           ## 0000023C
/* 01D70 80934200 51C00083 */  beql    $t6, $zero, .L80934410     
/* 01D74 80934204 26520001 */  addiu   $s2, $s2, 0x0001           ## $s2 = 00000001
/* 01D78 80934208 C6000010 */  lwc1    $f0, 0x0010($s0)           ## 0000024C
/* 01D7C 8093420C C6040004 */  lwc1    $f4, 0x0004($s0)           ## 00000240
/* 01D80 80934210 C6020014 */  lwc1    $f2, 0x0014($s0)           ## 00000250
/* 01D84 80934214 C6080008 */  lwc1    $f8, 0x0008($s0)           ## 00000244
/* 01D88 80934218 C60C0018 */  lwc1    $f12, 0x0018($s0)          ## 00000254
/* 01D8C 8093421C C610000C */  lwc1    $f16, 0x000C($s0)          ## 00000248
/* 01D90 80934220 46002180 */  add.s   $f6, $f4, $f0              
/* 01D94 80934224 C604001C */  lwc1    $f4, 0x001C($s0)           ## 00000258
/* 01D98 80934228 920F0001 */  lbu     $t7, 0x0001($s0)           ## 0000023D
/* 01D9C 8093422C 46024280 */  add.s   $f10, $f8, $f2             
/* 01DA0 80934230 C6080020 */  lwc1    $f8, 0x0020($s0)           ## 0000025C
/* 01DA4 80934234 E6060004 */  swc1    $f6, 0x0004($s0)           ## 00000240
/* 01DA8 80934238 460C8480 */  add.s   $f18, $f16, $f12           
/* 01DAC 8093423C C6100024 */  lwc1    $f16, 0x0024($s0)          ## 00000260
/* 01DB0 80934240 E60A0008 */  swc1    $f10, 0x0008($s0)          ## 00000244
/* 01DB4 80934244 46040180 */  add.s   $f6, $f0, $f4              
/* 01DB8 80934248 E612000C */  swc1    $f18, 0x000C($s0)          ## 00000248
/* 01DBC 8093424C 92020000 */  lbu     $v0, 0x0000($s0)           ## 0000023C
/* 01DC0 80934250 46081280 */  add.s   $f10, $f2, $f8             
/* 01DC4 80934254 25F80001 */  addiu   $t8, $t7, 0x0001           ## $t8 = 00000001
/* 01DC8 80934258 A2180001 */  sb      $t8, 0x0001($s0)           ## 0000023D
/* 01DCC 8093425C 46106480 */  add.s   $f18, $f12, $f16           
/* 01DD0 80934260 E6060010 */  swc1    $f6, 0x0010($s0)           ## 0000024C
/* 01DD4 80934264 E60A0014 */  swc1    $f10, 0x0014($s0)          ## 00000250
/* 01DD8 80934268 16A20018 */  bne     $s5, $v0, .L809342CC       
/* 01DDC 8093426C E6120018 */  swc1    $f18, 0x0018($s0)          ## 00000254
/* 01DE0 80934270 8619002E */  lh      $t9, 0x002E($s0)           ## 0000026A
/* 01DE4 80934274 5720000D */  bnel    $t9, $zero, .L809342AC     
/* 01DE8 80934278 860D002C */  lh      $t5, 0x002C($s0)           ## 00000268
/* 01DEC 8093427C 8608002C */  lh      $t0, 0x002C($s0)           ## 00000268
/* 01DF0 80934280 2509000A */  addiu   $t1, $t0, 0x000A           ## $t1 = 0000000A
/* 01DF4 80934284 A609002C */  sh      $t1, 0x002C($s0)           ## 00000268
/* 01DF8 80934288 860A002C */  lh      $t2, 0x002C($s0)           ## 00000268
/* 01DFC 8093428C 29410064 */  slti    $at, $t2, 0x0064           
/* 01E00 80934290 5420005F */  bnel    $at, $zero, .L80934410     
/* 01E04 80934294 26520001 */  addiu   $s2, $s2, 0x0001           ## $s2 = 00000002
/* 01E08 80934298 860B002E */  lh      $t3, 0x002E($s0)           ## 0000026A
/* 01E0C 8093429C 256C0001 */  addiu   $t4, $t3, 0x0001           ## $t4 = 00000001
/* 01E10 809342A0 1000005A */  beq     $zero, $zero, .L8093440C   
/* 01E14 809342A4 A60C002E */  sh      $t4, 0x002E($s0)           ## 0000026A
/* 01E18 809342A8 860D002C */  lh      $t5, 0x002C($s0)           ## 00000268
.L809342AC:
/* 01E1C 809342AC 25AEFFFD */  addiu   $t6, $t5, 0xFFFD           ## $t6 = FFFFFFFD
/* 01E20 809342B0 A60E002C */  sh      $t6, 0x002C($s0)           ## 00000268
/* 01E24 809342B4 860F002C */  lh      $t7, 0x002C($s0)           ## 00000268
/* 01E28 809342B8 5DE00055 */  bgtzl   $t7, .L80934410            
/* 01E2C 809342BC 26520001 */  addiu   $s2, $s2, 0x0001           ## $s2 = 00000003
/* 01E30 809342C0 A600002C */  sh      $zero, 0x002C($s0)         ## 00000268
/* 01E34 809342C4 10000051 */  beq     $zero, $zero, .L8093440C   
/* 01E38 809342C8 A2000000 */  sb      $zero, 0x0000($s0)         ## 0000023C
.L809342CC:
/* 01E3C 809342CC 56620050 */  bnel    $s3, $v0, .L80934410       
/* 01E40 809342D0 26520001 */  addiu   $s2, $s2, 0x0001           ## $s2 = 00000004
/* 01E44 809342D4 C6000034 */  lwc1    $f0, 0x0034($s0)           ## 00000270
/* 01E48 809342D8 4406D000 */  mfc1    $a2, $f26                  
/* 01E4C 809342DC 26040030 */  addiu   $a0, $s0, 0x0030           ## $a0 = 0000026C
/* 01E50 809342E0 46140103 */  div.s   $f4, $f0, $f20             
/* 01E54 809342E4 44050000 */  mfc1    $a1, $f0                   
/* 01E58 809342E8 44072000 */  mfc1    $a3, $f4                   
/* 01E5C 809342EC 0C03FF7E */  jal     func_800FFDF8              
/* 01E60 809342F0 00000000 */  nop
/* 01E64 809342F4 8602002E */  lh      $v0, 0x002E($s0)           ## 0000026A
/* 01E68 809342F8 54400009 */  bnel    $v0, $zero, .L80934320     
/* 01E6C 809342FC C6060010 */  lwc1    $f6, 0x0010($s0)           ## 0000024C
/* 01E70 80934300 92180001 */  lbu     $t8, 0x0001($s0)           ## 0000023D
/* 01E74 80934304 24590001 */  addiu   $t9, $v0, 0x0001           ## $t9 = 00000001
/* 01E78 80934308 2B010007 */  slti    $at, $t8, 0x0007           
/* 01E7C 8093430C 54200012 */  bnel    $at, $zero, .L80934358     
/* 01E80 80934310 922B0BD9 */  lbu     $t3, 0x0BD9($s1)           ## 00000BD9
/* 01E84 80934314 1000000F */  beq     $zero, $zero, .L80934354   
/* 01E88 80934318 A619002E */  sh      $t9, 0x002E($s0)           ## 0000026A
/* 01E8C 8093431C C6060010 */  lwc1    $f6, 0x0010($s0)           ## 0000024C
.L80934320:
/* 01E90 80934320 C60A0018 */  lwc1    $f10, 0x0018($s0)          ## 00000254
/* 01E94 80934324 8608002C */  lh      $t0, 0x002C($s0)           ## 00000268
/* 01E98 80934328 46183202 */  mul.s   $f8, $f6, $f24             
/* 01E9C 8093432C E61C0020 */  swc1    $f28, 0x0020($s0)          ## 0000025C
/* 01EA0 80934330 2509FFEF */  addiu   $t1, $t0, 0xFFEF           ## $t1 = FFFFFFEF
/* 01EA4 80934334 46185402 */  mul.s   $f16, $f10, $f24           
/* 01EA8 80934338 A609002C */  sh      $t1, 0x002C($s0)           ## 00000268
/* 01EAC 8093433C 860A002C */  lh      $t2, 0x002C($s0)           ## 00000268
/* 01EB0 80934340 E6080010 */  swc1    $f8, 0x0010($s0)           ## 0000024C
/* 01EB4 80934344 1D400003 */  bgtz    $t2, .L80934354            
/* 01EB8 80934348 E6100018 */  swc1    $f16, 0x0018($s0)          ## 00000254
/* 01EBC 8093434C A600002C */  sh      $zero, 0x002C($s0)         ## 00000268
/* 01EC0 80934350 A2000000 */  sb      $zero, 0x0000($s0)         ## 0000023C
.L80934354:
/* 01EC4 80934354 922B0BD9 */  lbu     $t3, 0x0BD9($s1)           ## 00000BD9
.L80934358:
/* 01EC8 80934358 5560001B */  bnel    $t3, $zero, .L809343C8     
/* 01ECC 8093435C C6120004 */  lwc1    $f18, 0x0004($s0)          ## 00000240
/* 01ED0 80934360 860C002C */  lh      $t4, 0x002C($s0)           ## 00000268
/* 01ED4 80934364 29810065 */  slti    $at, $t4, 0x0065           
/* 01ED8 80934368 54200017 */  bnel    $at, $zero, .L809343C8     
/* 01EDC 8093436C C6120004 */  lwc1    $f18, 0x0004($s0)          ## 00000240
/* 01EE0 80934370 920D0038 */  lbu     $t5, 0x0038($s0)           ## 00000274
/* 01EE4 80934374 51A00014 */  beql    $t5, $zero, .L809343C8     
/* 01EE8 80934378 C6120004 */  lwc1    $f18, 0x0004($s0)          ## 00000240
/* 01EEC 8093437C C6120004 */  lwc1    $f18, 0x0004($s0)          ## 00000240
/* 01EF0 80934380 02802025 */  or      $a0, $s4, $zero            ## $a0 = 00000000
/* 01EF4 80934384 02962821 */  addu    $a1, $s4, $s6              
/* 01EF8 80934388 4600910D */  trunc.w.s $f4, $f18                  
/* 01EFC 8093438C 262601E0 */  addiu   $a2, $s1, 0x01E0           ## $a2 = 000001E0
/* 01F00 80934390 440F2000 */  mfc1    $t7, $f4                   
/* 01F04 80934394 00000000 */  nop
/* 01F08 80934398 A62F0226 */  sh      $t7, 0x0226($s1)           ## 00000226
/* 01F0C 8093439C C6060008 */  lwc1    $f6, 0x0008($s0)           ## 00000244
/* 01F10 809343A0 4600320D */  trunc.w.s $f8, $f6                   
/* 01F14 809343A4 44194000 */  mfc1    $t9, $f8                   
/* 01F18 809343A8 00000000 */  nop
/* 01F1C 809343AC A6390228 */  sh      $t9, 0x0228($s1)           ## 00000228
/* 01F20 809343B0 C60A000C */  lwc1    $f10, 0x000C($s0)          ## 00000248
/* 01F24 809343B4 4600540D */  trunc.w.s $f16, $f10                 
/* 01F28 809343B8 44098000 */  mfc1    $t1, $f16                  
/* 01F2C 809343BC 0C038956 */  jal     func_800E2558              
/* 01F30 809343C0 A629022A */  sh      $t1, 0x022A($s1)           ## 0000022A
/* 01F34 809343C4 C6120004 */  lwc1    $f18, 0x0004($s0)          ## 00000240
.L809343C8:
/* 01F38 809343C8 02202025 */  or      $a0, $s1, $zero            ## $a0 = 00000000
/* 01F3C 809343CC E7B20064 */  swc1    $f18, 0x0064($sp)          
/* 01F40 809343D0 C6040008 */  lwc1    $f4, 0x0008($s0)           ## 00000244
/* 01F44 809343D4 46142180 */  add.s   $f6, $f4, $f20             
/* 01F48 809343D8 E7A60068 */  swc1    $f6, 0x0068($sp)           
/* 01F4C 809343DC C608000C */  lwc1    $f8, 0x000C($s0)           ## 00000248
/* 01F50 809343E0 E7A8006C */  swc1    $f8, 0x006C($sp)           
/* 01F54 809343E4 860A002E */  lh      $t2, 0x002E($s0)           ## 0000026A
/* 01F58 809343E8 526A0009 */  beql    $s3, $t2, .L80934410       
/* 01F5C 809343EC 26520001 */  addiu   $s2, $s2, 0x0001           ## $s2 = 00000005
/* 01F60 809343F0 0C24CA29 */  jal     func_809328A4              
/* 01F64 809343F4 02E02825 */  or      $a1, $s7, $zero            ## $a1 = FFFFFFEC
/* 01F68 809343F8 50400005 */  beql    $v0, $zero, .L80934410     
/* 01F6C 809343FC 26520001 */  addiu   $s2, $s2, 0x0001           ## $s2 = 00000006
/* 01F70 80934400 A613002E */  sh      $s3, 0x002E($s0)           ## 0000026A
/* 01F74 80934404 E6160010 */  swc1    $f22, 0x0010($s0)          ## 0000024C
/* 01F78 80934408 E6160018 */  swc1    $f22, 0x0018($s0)          ## 00000254
.L8093440C:
/* 01F7C 8093440C 26520001 */  addiu   $s2, $s2, 0x0001           ## $s2 = 00000007
.L80934410:
/* 01F80 80934410 00129400 */  sll     $s2, $s2, 16               
/* 01F84 80934414 00129403 */  sra     $s2, $s2, 16               
/* 01F88 80934418 2A410028 */  slti    $at, $s2, 0x0028           
/* 01F8C 8093441C 1420FF77 */  bne     $at, $zero, .L809341FC     
/* 01F90 80934420 2610003C */  addiu   $s0, $s0, 0x003C           ## $s0 = 00000278
/* 01F94 80934424 8FBF005C */  lw      $ra, 0x005C($sp)           
/* 01F98 80934428 D7B40010 */  ldc1    $f20, 0x0010($sp)          
/* 01F9C 8093442C D7B60018 */  ldc1    $f22, 0x0018($sp)          
/* 01FA0 80934430 D7B80020 */  ldc1    $f24, 0x0020($sp)          
/* 01FA4 80934434 D7BA0028 */  ldc1    $f26, 0x0028($sp)          
/* 01FA8 80934438 D7BC0030 */  ldc1    $f28, 0x0030($sp)          
/* 01FAC 8093443C 8FB0003C */  lw      $s0, 0x003C($sp)           
/* 01FB0 80934440 8FB10040 */  lw      $s1, 0x0040($sp)           
/* 01FB4 80934444 8FB20044 */  lw      $s2, 0x0044($sp)           
/* 01FB8 80934448 8FB30048 */  lw      $s3, 0x0048($sp)           
/* 01FBC 8093444C 8FB4004C */  lw      $s4, 0x004C($sp)           
/* 01FC0 80934450 8FB50050 */  lw      $s5, 0x0050($sp)           
/* 01FC4 80934454 8FB60054 */  lw      $s6, 0x0054($sp)           
/* 01FC8 80934458 8FB70058 */  lw      $s7, 0x0058($sp)           
/* 01FCC 8093445C 03E00008 */  jr      $ra                        
/* 01FD0 80934460 27BD0078 */  addiu   $sp, $sp, 0x0078           ## $sp = 00000000


glabel func_80934464
/* 01FD4 80934464 27BDFF98 */  addiu   $sp, $sp, 0xFF98           ## $sp = FFFFFF98
/* 01FD8 80934468 AFBF0064 */  sw      $ra, 0x0064($sp)           
/* 01FDC 8093446C AFBE0060 */  sw      $s8, 0x0060($sp)           
/* 01FE0 80934470 AFB7005C */  sw      $s7, 0x005C($sp)           
/* 01FE4 80934474 AFB60058 */  sw      $s6, 0x0058($sp)           
/* 01FE8 80934478 AFB50054 */  sw      $s5, 0x0054($sp)           
/* 01FEC 8093447C AFB40050 */  sw      $s4, 0x0050($sp)           
/* 01FF0 80934480 AFB3004C */  sw      $s3, 0x004C($sp)           
/* 01FF4 80934484 AFB20048 */  sw      $s2, 0x0048($sp)           
/* 01FF8 80934488 AFB10044 */  sw      $s1, 0x0044($sp)           
/* 01FFC 8093448C AFB00040 */  sw      $s0, 0x0040($sp)           
/* 02000 80934490 F7B40038 */  sdc1    $f20, 0x0038($sp)          
/* 02004 80934494 AFA5006C */  sw      $a1, 0x006C($sp)           
/* 02008 80934498 00803025 */  or      $a2, $a0, $zero            ## $a2 = 00000000
/* 0200C 8093449C 8FAE006C */  lw      $t6, 0x006C($sp)           
/* 02010 809344A0 0000A825 */  or      $s5, $zero, $zero          ## $s5 = 00000000
/* 02014 809344A4 24D2023C */  addiu   $s2, $a2, 0x023C           ## $s2 = 0000023C
/* 02018 809344A8 8DC40000 */  lw      $a0, 0x0000($t6)           ## 00000000
/* 0201C 809344AC 00808025 */  or      $s0, $a0, $zero            ## $s0 = 00000000
/* 02020 809344B0 0C04B0B7 */  jal     func_8012C2DC              
/* 02024 809344B4 00000000 */  nop
/* 02028 809344B8 8E0202C0 */  lw      $v0, 0x02C0($s0)           ## 000002C0
/* 0202C 809344BC 3C18E300 */  lui     $t8, 0xE300                ## $t8 = E3000000
/* 02030 809344C0 37181801 */  ori     $t8, $t8, 0x1801           ## $t8 = E3001801
/* 02034 809344C4 244F0008 */  addiu   $t7, $v0, 0x0008           ## $t7 = 00000008
/* 02038 809344C8 AE0F02C0 */  sw      $t7, 0x02C0($s0)           ## 000002C0
/* 0203C 809344CC 24190040 */  addiu   $t9, $zero, 0x0040         ## $t9 = 00000040
/* 02040 809344D0 AC590004 */  sw      $t9, 0x0004($v0)           ## 00000004
/* 02044 809344D4 AC580000 */  sw      $t8, 0x0000($v0)           ## 00000000
/* 02048 809344D8 8E0202C0 */  lw      $v0, 0x02C0($s0)           ## 000002C0
/* 0204C 809344DC 3C09E300 */  lui     $t1, 0xE300                ## $t1 = E3000000
/* 02050 809344E0 35291A01 */  ori     $t1, $t1, 0x1A01           ## $t1 = E3001A01
/* 02054 809344E4 24480008 */  addiu   $t0, $v0, 0x0008           ## $t0 = 00000008
/* 02058 809344E8 AE0802C0 */  sw      $t0, 0x02C0($s0)           ## 000002C0
/* 0205C 809344EC AC400004 */  sw      $zero, 0x0004($v0)         ## 00000004
/* 02060 809344F0 AC490000 */  sw      $t1, 0x0000($v0)           ## 00000000
/* 02064 809344F4 3C013F80 */  lui     $at, 0x3F80                ## $at = 3F800000
/* 02068 809344F8 4481A000 */  mtc1    $at, $f20                  ## $f20 = 1.00
/* 0206C 809344FC 00009825 */  or      $s3, $zero, $zero          ## $s3 = 00000000
/* 02070 80934500 241E0003 */  addiu   $s8, $zero, 0x0003         ## $s8 = 00000003
/* 02074 80934504 3C17DE00 */  lui     $s7, 0xDE00                ## $s7 = DE000000
.L80934508:
/* 02078 80934508 924A0000 */  lbu     $t2, 0x0000($s2)           ## 0000023C
/* 0207C 8093450C 02A02025 */  or      $a0, $s5, $zero            ## $a0 = 00000000
/* 02080 80934510 8FB4006C */  lw      $s4, 0x006C($sp)           
/* 02084 80934514 1940005B */  blez    $t2, .L80934684            
/* 02088 80934518 3C010001 */  lui     $at, 0x0001                ## $at = 00010000
/* 0208C 8093451C 342187FC */  ori     $at, $at, 0x87FC           ## $at = 000187FC
/* 02090 80934520 3C160405 */  lui     $s6, 0x0405                ## $s6 = 04050000
/* 02094 80934524 26D61238 */  addiu   $s6, $s6, 0x1238           ## $s6 = 04051238
/* 02098 80934528 0281A021 */  addu    $s4, $s4, $at              
/* 0209C 8093452C 8E0202C0 */  lw      $v0, 0x02C0($s0)           ## 000002C0
/* 020A0 80934530 3C0CE700 */  lui     $t4, 0xE700                ## $t4 = E7000000
/* 020A4 80934534 3C0ADB06 */  lui     $t2, 0xDB06                ## $t2 = DB060000
/* 020A8 80934538 244B0008 */  addiu   $t3, $v0, 0x0008           ## $t3 = 00000008
/* 020AC 8093453C AE0B02C0 */  sw      $t3, 0x02C0($s0)           ## 000002C0
/* 020B0 80934540 AC400004 */  sw      $zero, 0x0004($v0)         ## 00000004
/* 020B4 80934544 AC4C0000 */  sw      $t4, 0x0000($v0)           ## 00000000
/* 020B8 80934548 1480000A */  bne     $a0, $zero, .L80934574     
/* 020BC 8093454C 354A0020 */  ori     $t2, $t2, 0x0020           ## $t2 = DB060020
/* 020C0 80934550 3C040405 */  lui     $a0, 0x0405                ## $a0 = 04050000
/* 020C4 80934554 24841180 */  addiu   $a0, $a0, 0x1180           ## $a0 = 04051180
/* 020C8 80934558 8E0202C0 */  lw      $v0, 0x02C0($s0)           ## 000002C0
/* 020CC 8093455C 26B50001 */  addiu   $s5, $s5, 0x0001           ## $s5 = 00000001
/* 020D0 80934560 32B500FF */  andi    $s5, $s5, 0x00FF           ## $s5 = 00000001
/* 020D4 80934564 244D0008 */  addiu   $t5, $v0, 0x0008           ## $t5 = 00000008
/* 020D8 80934568 AE0D02C0 */  sw      $t5, 0x02C0($s0)           ## 000002C0
/* 020DC 8093456C AC440004 */  sw      $a0, 0x0004($v0)           ## 00000004
/* 020E0 80934570 AC570000 */  sw      $s7, 0x0000($v0)           ## 00000000
.L80934574:
/* 020E4 80934574 8E0202C0 */  lw      $v0, 0x02C0($s0)           ## 000002C0
/* 020E8 80934578 3C0FFA00 */  lui     $t7, 0xFA00                ## $t7 = FA000000
/* 020EC 8093457C 3C01C3E1 */  lui     $at, 0xC3E1                ## $at = C3E10000
/* 020F0 80934580 244E0008 */  addiu   $t6, $v0, 0x0008           ## $t6 = 00000008
/* 020F4 80934584 AE0E02C0 */  sw      $t6, 0x02C0($s0)           ## 000002C0
/* 020F8 80934588 AC4F0000 */  sw      $t7, 0x0000($v0)           ## 00000000
/* 020FC 8093458C 8658002C */  lh      $t8, 0x002C($s2)           ## 00000268
/* 02100 80934590 3421EB00 */  ori     $at, $at, 0xEB00           ## $at = C3E1EB00
/* 02104 80934594 00002825 */  or      $a1, $zero, $zero          ## $a1 = 00000000
/* 02108 80934598 331900FF */  andi    $t9, $t8, 0x00FF           ## $t9 = 00000001
/* 0210C 8093459C 03214025 */  or      $t0, $t9, $at              ## $t0 = C3E1EB01
/* 02110 809345A0 AC480004 */  sw      $t0, 0x0004($v0)           ## 00000004
/* 02114 809345A4 027E0019 */  multu   $s3, $s8                   
/* 02118 809345A8 8E0202C0 */  lw      $v0, 0x02C0($s0)           ## 000002C0
/* 0211C 809345AC 240E0020 */  addiu   $t6, $zero, 0x0020         ## $t6 = 00000020
/* 02120 809345B0 240F0040 */  addiu   $t7, $zero, 0x0040         ## $t7 = 00000040
/* 02124 809345B4 24490008 */  addiu   $t1, $v0, 0x0008           ## $t1 = 00000008
/* 02128 809345B8 AE0902C0 */  sw      $t1, 0x02C0($s0)           ## 000002C0
/* 0212C 809345BC AC4A0000 */  sw      $t2, 0x0000($v0)           ## 00000000
/* 02130 809345C0 924C0001 */  lbu     $t4, 0x0001($s2)           ## 0000023D
/* 02134 809345C4 8FAB006C */  lw      $t3, 0x006C($sp)           
/* 02138 809345C8 24180001 */  addiu   $t8, $zero, 0x0001         ## $t8 = 00000001
/* 0213C 809345CC 00006812 */  mflo    $t5                        
/* 02140 809345D0 018D1821 */  addu    $v1, $t4, $t5              
/* 02144 809345D4 8D640000 */  lw      $a0, 0x0000($t3)           ## 00000008
/* 02148 809345D8 007E0019 */  multu   $v1, $s8                   
/* 0214C 809345DC 00033900 */  sll     $a3, $v1,  4               
/* 02150 809345E0 24190020 */  addiu   $t9, $zero, 0x0020         ## $t9 = 00000020
/* 02154 809345E4 24080020 */  addiu   $t0, $zero, 0x0020         ## $t0 = 00000020
/* 02158 809345E8 AFA80028 */  sw      $t0, 0x0028($sp)           
/* 0215C 809345EC AFB90024 */  sw      $t9, 0x0024($sp)           
/* 02160 809345F0 00E33823 */  subu    $a3, $a3, $v1              
/* 02164 809345F4 AFA00020 */  sw      $zero, 0x0020($sp)         
/* 02168 809345F8 AFA0001C */  sw      $zero, 0x001C($sp)         
/* 0216C 809345FC AFB80018 */  sw      $t8, 0x0018($sp)           
/* 02170 80934600 00003012 */  mflo    $a2                        
/* 02174 80934604 AFAF0014 */  sw      $t7, 0x0014($sp)           
/* 02178 80934608 AFAE0010 */  sw      $t6, 0x0010($sp)           
/* 0217C 8093460C 0C04B2F4 */  jal     func_8012CBD0              
/* 02180 80934610 00408825 */  or      $s1, $v0, $zero            ## $s1 = 00000000
/* 02184 80934614 AE220004 */  sw      $v0, 0x0004($s1)           ## 00000004
/* 02188 80934618 C64C0004 */  lwc1    $f12, 0x0004($s2)          ## 00000240
/* 0218C 8093461C C64E0008 */  lwc1    $f14, 0x0008($s2)          ## 00000244
/* 02190 80934620 8E46000C */  lw      $a2, 0x000C($s2)           ## 00000248
/* 02194 80934624 0C0600A7 */  jal     func_8018029C              
/* 02198 80934628 00003825 */  or      $a3, $zero, $zero          ## $a3 = 00000000
/* 0219C 8093462C 0C060828 */  jal     func_801820A0              
/* 021A0 80934630 02802025 */  or      $a0, $s4, $zero            ## $a0 = 00000000
/* 021A4 80934634 C64C0030 */  lwc1    $f12, 0x0030($s2)          ## 0000026C
/* 021A8 80934638 4406A000 */  mfc1    $a2, $f20                  
/* 021AC 8093463C 24070001 */  addiu   $a3, $zero, 0x0001         ## $a3 = 00000001
/* 021B0 80934640 0C0600E7 */  jal     func_8018039C              
/* 021B4 80934644 46006386 */  mov.s   $f14, $f12                 
/* 021B8 80934648 8E0202C0 */  lw      $v0, 0x02C0($s0)           ## 000002C0
/* 021BC 8093464C 3C0ADA38 */  lui     $t2, 0xDA38                ## $t2 = DA380000
/* 021C0 80934650 354A0003 */  ori     $t2, $t2, 0x0003           ## $t2 = DA380003
/* 021C4 80934654 24490008 */  addiu   $t1, $v0, 0x0008           ## $t1 = 00000008
/* 021C8 80934658 AE0902C0 */  sw      $t1, 0x02C0($s0)           ## 000002C0
/* 021CC 8093465C 02002025 */  or      $a0, $s0, $zero            ## $a0 = 00000000
/* 021D0 80934660 AC4A0000 */  sw      $t2, 0x0000($v0)           ## 00000000
/* 021D4 80934664 0C060690 */  jal     func_80181A40              
/* 021D8 80934668 00408825 */  or      $s1, $v0, $zero            ## $s1 = 00000000
/* 021DC 8093466C AE220004 */  sw      $v0, 0x0004($s1)           ## 00000004
/* 021E0 80934670 8E0202C0 */  lw      $v0, 0x02C0($s0)           ## 000002C0
/* 021E4 80934674 244B0008 */  addiu   $t3, $v0, 0x0008           ## $t3 = 00000008
/* 021E8 80934678 AE0B02C0 */  sw      $t3, 0x02C0($s0)           ## 000002C0
/* 021EC 8093467C AC560004 */  sw      $s6, 0x0004($v0)           ## 00000004
/* 021F0 80934680 AC570000 */  sw      $s7, 0x0000($v0)           ## 00000000
.L80934684:
/* 021F4 80934684 26730001 */  addiu   $s3, $s3, 0x0001           ## $s3 = 00000001
/* 021F8 80934688 00139C00 */  sll     $s3, $s3, 16               
/* 021FC 8093468C 00139C03 */  sra     $s3, $s3, 16               
/* 02200 80934690 2A610028 */  slti    $at, $s3, 0x0028           
/* 02204 80934694 1420FF9C */  bne     $at, $zero, .L80934508     
/* 02208 80934698 2652003C */  addiu   $s2, $s2, 0x003C           ## $s2 = 00000278
/* 0220C 8093469C 8FBF0064 */  lw      $ra, 0x0064($sp)           
/* 02210 809346A0 D7B40038 */  ldc1    $f20, 0x0038($sp)          
/* 02214 809346A4 8FB00040 */  lw      $s0, 0x0040($sp)           
/* 02218 809346A8 8FB10044 */  lw      $s1, 0x0044($sp)           
/* 0221C 809346AC 8FB20048 */  lw      $s2, 0x0048($sp)           
/* 02220 809346B0 8FB3004C */  lw      $s3, 0x004C($sp)           
/* 02224 809346B4 8FB40050 */  lw      $s4, 0x0050($sp)           
/* 02228 809346B8 8FB50054 */  lw      $s5, 0x0054($sp)           
/* 0222C 809346BC 8FB60058 */  lw      $s6, 0x0058($sp)           
/* 02230 809346C0 8FB7005C */  lw      $s7, 0x005C($sp)           
/* 02234 809346C4 8FBE0060 */  lw      $s8, 0x0060($sp)           
/* 02238 809346C8 03E00008 */  jr      $ra                        
/* 0223C 809346CC 27BD0068 */  addiu   $sp, $sp, 0x0068           ## $sp = 00000000

.section .data

D_809346D0: .word 0x008F0500, 0x00000015, 0x00E40000, 0x00000BDC
.word func_80932490
.word func_809326F4
.word func_80933BFC
.word func_80933D98
D_809346F0: .word 0x00002000, 0x40000000
D_809346F8: .word \
0x0A110939, 0x01000000, 0x00000000, 0xF7CFFFFF, \
0x00000000, 0xF7CFEFDD, 0x00000000, 0x01050100, \
0x001E0050, 0x00000000, 0x00000000
D_80934724: .word \
0x09000D00, 0x01000000, 0x00000000, 0xF7CFFFFF, \
0x00000000, 0x00001022, 0x00000000, 0x00010000, \
0x00230050, 0x00000000, 0x00000000
D_80934750: .word \
0x0A110000, 0x01000000, 0x00000000, 0x20000000, \
0x02040000, 0x00000000, 0x00000000, 0x01000000, \
0x0014001E, 0xFFF10000, 0x00000000
D_8093477C: .word \
0x00D000F2, 0x00D0F2F3, 0xF2F1F322, 0x0042F100, \
0x00000000, 0x00E0F1F1, 0xF1000000, 0x000000F1
D_8093479C: .word 0x891F003B, 0x801F0002, 0xB0FC0578, 0x3054001E
D_809347AC: .word func_80932AE8
.word func_80932AF4
.word func_80932BD4
.word func_80932BD4
D_809347BC: .word \
0x06001130, 0x060021A0, 0x06002CA0, 0x00000000, \
0x00000000

.section .rodata

D_809347D0: .word 0x3F19999A
D_809347D4: .word 0x3E99999A
D_809347D8: .word 0x3DCCCCCD
D_809347DC: .word 0x3DCCCCCD
D_809347E0: .word 0x3F19999A
D_809347E4: .word 0x3A1D4952
D_809347E8: .word 0x3BC49BA6
D_809347EC: .word 0x3A83126F
D_809347F0: .word 0x3B83126F
D_809347F4: .word 0x3F19999A
D_809347F8: .word 0x3D4CCCCD
D_809347FC: .word 0x3DCCCCCD


.section .rodata
D_80934800:
.incbin "baserom/En_Fz", 0x2370, 0x000001E0
