.include "macro.inc"

# assembler directives
.set noat      # allow manual use of $at
.set noreorder # don't insert nops after branches
.set gp=64     # allow use of 64-bit general purpose registers

.section .text
glabel func_808796F0
/* 00000 808796F0 27BDFFD0 */  addiu   $sp, $sp, 0xFFD0           ## $sp = FFFFFFD0
/* 00004 808796F4 AFB00028 */  sw      $s0, 0x0028($sp)           
/* 00008 808796F8 00808025 */  or      $s0, $a0, $zero            ## $s0 = 00000000
/* 0000C 808796FC AFBF002C */  sw      $ra, 0x002C($sp)           
/* 00010 80879700 AFA50034 */  sw      $a1, 0x0034($sp)           
/* 00014 80879704 3C058088 */  lui     $a1, %hi(D_8087B4C4)       ## $a1 = 80880000
/* 00018 80879708 24A5B4C4 */  addiu   $a1, $a1, %lo(D_8087B4C4)  ## $a1 = 8087B4C4
/* 0001C 8087970C 0C03FEB7 */  jal     func_800FFADC              
/* 00020 80879710 02002025 */  or      $a0, $s0, $zero            ## $a0 = 00000000
/* 00024 80879714 3C06800B */  lui     $a2, 0x800B                ## $a2 = 800B0000
/* 00028 80879718 24C63FC0 */  addiu   $a2, $a2, 0x3FC0           ## $a2 = 800B3FC0
/* 0002C 8087971C 260400BC */  addiu   $a0, $s0, 0x00BC           ## $a0 = 000000BC
/* 00030 80879720 24050000 */  addiu   $a1, $zero, 0x0000         ## $a1 = 00000000
/* 00034 80879724 0C02CEE9 */  jal     func_800B3BA4              
/* 00038 80879728 3C0741C8 */  lui     $a3, 0x41C8                ## $a3 = 41C80000
/* 0003C 8087972C 3C060600 */  lui     $a2, 0x0600                ## $a2 = 06000000
/* 00040 80879730 3C070600 */  lui     $a3, 0x0600                ## $a3 = 06000000
/* 00044 80879734 260E0194 */  addiu   $t6, $s0, 0x0194           ## $t6 = 00000194
/* 00048 80879738 260F023C */  addiu   $t7, $s0, 0x023C           ## $t7 = 0000023C
/* 0004C 8087973C 2418001C */  addiu   $t8, $zero, 0x001C         ## $t8 = 0000001C
/* 00050 80879740 AFB80018 */  sw      $t8, 0x0018($sp)           
/* 00054 80879744 AFAF0014 */  sw      $t7, 0x0014($sp)           
/* 00058 80879748 AFAE0010 */  sw      $t6, 0x0010($sp)           
/* 0005C 8087974C 24E7017C */  addiu   $a3, $a3, 0x017C           ## $a3 = 0600017C
/* 00060 80879750 24C618B8 */  addiu   $a2, $a2, 0x18B8           ## $a2 = 060018B8
/* 00064 80879754 8FA40034 */  lw      $a0, 0x0034($sp)           
/* 00068 80879758 0C04DA9F */  jal     func_80136A7C              
/* 0006C 8087975C 26050144 */  addiu   $a1, $s0, 0x0144           ## $a1 = 00000144
/* 00070 80879760 3C078088 */  lui     $a3, %hi(D_8087B470)       ## $a3 = 80880000
/* 00074 80879764 24E7B470 */  addiu   $a3, $a3, %lo(D_8087B470)  ## $a3 = 8087B470
/* 00078 80879768 8FA40034 */  lw      $a0, 0x0034($sp)           
/* 0007C 8087976C 2605031C */  addiu   $a1, $s0, 0x031C           ## $a1 = 0000031C
/* 00080 80879770 0C038897 */  jal     func_800E225C              
/* 00084 80879774 02003025 */  or      $a2, $s0, $zero            ## $a2 = 00000000
/* 00088 80879778 3C058088 */  lui     $a1, %hi(D_8087B4A4)       ## $a1 = 80880000
/* 0008C 8087977C 3C068088 */  lui     $a2, %hi(D_8087B49C)       ## $a2 = 80880000
/* 00090 80879780 24C6B49C */  addiu   $a2, $a2, %lo(D_8087B49C)  ## $a2 = 8087B49C
/* 00094 80879784 24A5B4A4 */  addiu   $a1, $a1, %lo(D_8087B4A4)  ## $a1 = 8087B4A4
/* 00098 80879788 0C039D4C */  jal     func_800E7530              
/* 0009C 8087978C 260400A0 */  addiu   $a0, $s0, 0x00A0           ## $a0 = 000000A0
/* 000A0 80879790 8602001C */  lh      $v0, 0x001C($s0)           ## 0000001C
/* 000A4 80879794 240C0001 */  addiu   $t4, $zero, 0x0001         ## $t4 = 00000001
/* 000A8 80879798 240D0001 */  addiu   $t5, $zero, 0x0001         ## $t5 = 00000001
/* 000AC 8087979C 30598000 */  andi    $t9, $v0, 0x8000           ## $t9 = 00000000
/* 000B0 808797A0 13200009 */  beq     $t9, $zero, .L808797C8     
/* 000B4 808797A4 24010004 */  addiu   $at, $zero, 0x0004         ## $at = 00000004
/* 000B8 808797A8 860A001C */  lh      $t2, 0x001C($s0)           ## 0000001C
/* 000BC 808797AC 8E080004 */  lw      $t0, 0x0004($s0)           ## 00000004
/* 000C0 808797B0 A20C018E */  sb      $t4, 0x018E($s0)           ## 0000018E
/* 000C4 808797B4 314B7FFF */  andi    $t3, $t2, 0x7FFF           ## $t3 = 00000000
/* 000C8 808797B8 A60B001C */  sh      $t3, 0x001C($s0)           ## 0000001C
/* 000CC 808797BC 35090080 */  ori     $t1, $t0, 0x0080           ## $t1 = 00000080
/* 000D0 808797C0 AE090004 */  sw      $t1, 0x0004($s0)           ## 00000004
/* 000D4 808797C4 8602001C */  lh      $v0, 0x001C($s0)           ## 0000001C
.L808797C8:
/* 000D8 808797C8 1440000F */  bne     $v0, $zero, .L80879808     
/* 000DC 808797CC 24040014 */  addiu   $a0, $zero, 0x0014         ## $a0 = 00000014
/* 000E0 808797D0 A20D018C */  sb      $t5, 0x018C($s0)           ## 0000018C
/* 000E4 808797D4 0C03FD14 */  jal     func_800FF450              
/* 000E8 808797D8 2405003C */  addiu   $a1, $zero, 0x003C         ## $a1 = 0000003C
/* 000EC 808797DC C604000C */  lwc1    $f4, 0x000C($s0)           ## 0000000C
/* 000F0 808797E0 3C188088 */  lui     $t8, %hi(func_80879CC0)    ## $t8 = 80880000
/* 000F4 808797E4 240E1554 */  addiu   $t6, $zero, 0x1554         ## $t6 = 00001554
/* 000F8 808797E8 240F0011 */  addiu   $t7, $zero, 0x0011         ## $t7 = 00000011
/* 000FC 808797EC 27189CC0 */  addiu   $t8, $t8, %lo(func_80879CC0) ## $t8 = 80879CC0
/* 00100 808797F0 A6020190 */  sh      $v0, 0x0190($s0)           ## 00000190
/* 00104 808797F4 A60E00BC */  sh      $t6, 0x00BC($s0)           ## 000000BC
/* 00108 808797F8 A20F011F */  sb      $t7, 0x011F($s0)           ## 0000011F
/* 0010C 808797FC AE180188 */  sw      $t8, 0x0188($s0)           ## 00000188
/* 00110 80879800 1000001C */  beq     $zero, $zero, .L80879874   
/* 00114 80879804 E60402E4 */  swc1    $f4, 0x02E4($s0)           ## 000002E4
.L80879808:
/* 00118 80879808 1441000F */  bne     $v0, $at, .L80879848       
/* 0011C 8087980C 24090012 */  addiu   $t1, $zero, 0x0012         ## $t1 = 00000012
/* 00120 80879810 3C0142C8 */  lui     $at, 0x42C8                ## $at = 42C80000
/* 00124 80879814 44814000 */  mtc1    $at, $f8                   ## $f8 = 100.00
/* 00128 80879818 C606000C */  lwc1    $f6, 0x000C($s0)           ## 0000000C
/* 0012C 8087981C 3C088088 */  lui     $t0, %hi(func_80879CC0)    ## $t0 = 80880000
/* 00130 80879820 24020002 */  addiu   $v0, $zero, 0x0002         ## $v0 = 00000002
/* 00134 80879824 46083280 */  add.s   $f10, $f6, $f8             
/* 00138 80879828 24190056 */  addiu   $t9, $zero, 0x0056         ## $t9 = 00000056
/* 0013C 8087982C 25089CC0 */  addiu   $t0, $t0, %lo(func_80879CC0) ## $t0 = 80879CC0
/* 00140 80879830 A202018C */  sb      $v0, 0x018C($s0)           ## 0000018C
/* 00144 80879834 A2020338 */  sb      $v0, 0x0338($s0)           ## 00000338
/* 00148 80879838 A219011F */  sb      $t9, 0x011F($s0)           ## 0000011F
/* 0014C 8087983C E60A02E4 */  swc1    $f10, 0x02E4($s0)          ## 000002E4
/* 00150 80879840 1000000C */  beq     $zero, $zero, .L80879874   
/* 00154 80879844 AE080188 */  sw      $t0, 0x0188($s0)           ## 00000188
.L80879848:
/* 00158 80879848 3C0142C8 */  lui     $at, 0x42C8                ## $at = 42C80000
/* 0015C 8087984C 44819000 */  mtc1    $at, $f18                  ## $f18 = 100.00
/* 00160 80879850 C610000C */  lwc1    $f16, 0x000C($s0)          ## 0000000C
/* 00164 80879854 3C0A8088 */  lui     $t2, %hi(func_8087A920)    ## $t2 = 80880000
/* 00168 80879858 254AA920 */  addiu   $t2, $t2, %lo(func_8087A920) ## $t2 = 8087A920
/* 0016C 8087985C 46128100 */  add.s   $f4, $f16, $f18            
/* 00170 80879860 A200018C */  sb      $zero, 0x018C($s0)         ## 0000018C
/* 00174 80879864 A2000338 */  sb      $zero, 0x0338($s0)         ## 00000338
/* 00178 80879868 A209011F */  sb      $t1, 0x011F($s0)           ## 0000011F
/* 0017C 8087986C E60402E4 */  swc1    $f4, 0x02E4($s0)           ## 000002E4
/* 00180 80879870 AE0A0188 */  sw      $t2, 0x0188($s0)           ## 00000188
.L80879874:
/* 00184 80879874 860B001C */  lh      $t3, 0x001C($s0)           ## 0000001C
/* 00188 80879878 3C0C8088 */  lui     $t4, %hi(D_8087B498)       ## $t4 = 80880000
/* 0018C 8087987C A20B018D */  sb      $t3, 0x018D($s0)           ## 0000018D
/* 00190 80879880 858CB498 */  lh      $t4, %lo(D_8087B498)($t4)  
/* 00194 80879884 A60C036A */  sh      $t4, 0x036A($s0)           ## 0000036A
/* 00198 80879888 8FBF002C */  lw      $ra, 0x002C($sp)           
/* 0019C 8087988C 8FB00028 */  lw      $s0, 0x0028($sp)           
/* 001A0 80879890 03E00008 */  jr      $ra                        
/* 001A4 80879894 27BD0030 */  addiu   $sp, $sp, 0x0030           ## $sp = 00000000


glabel func_80879898
/* 001A8 80879898 27BDFFE8 */  addiu   $sp, $sp, 0xFFE8           ## $sp = FFFFFFE8
/* 001AC 8087989C AFBF0014 */  sw      $ra, 0x0014($sp)           
/* 001B0 808798A0 00803025 */  or      $a2, $a0, $zero            ## $a2 = 00000000
/* 001B4 808798A4 00A03825 */  or      $a3, $a1, $zero            ## $a3 = 00000000
/* 001B8 808798A8 00E02025 */  or      $a0, $a3, $zero            ## $a0 = 00000000
/* 001BC 808798AC 0C038869 */  jal     func_800E21A4              
/* 001C0 808798B0 24C5031C */  addiu   $a1, $a2, 0x031C           ## $a1 = 0000031C
/* 001C4 808798B4 8FBF0014 */  lw      $ra, 0x0014($sp)           
/* 001C8 808798B8 27BD0018 */  addiu   $sp, $sp, 0x0018           ## $sp = 00000000
/* 001CC 808798BC 03E00008 */  jr      $ra                        
/* 001D0 808798C0 00000000 */  nop


glabel func_808798C4
/* 001D4 808798C4 27BDFFD0 */  addiu   $sp, $sp, 0xFFD0           ## $sp = FFFFFFD0
/* 001D8 808798C8 AFB00028 */  sw      $s0, 0x0028($sp)           
/* 001DC 808798CC 00808025 */  or      $s0, $a0, $zero            ## $s0 = 00000000
/* 001E0 808798D0 AFBF002C */  sw      $ra, 0x002C($sp)           
/* 001E4 808798D4 AFA50034 */  sw      $a1, 0x0034($sp)           
/* 001E8 808798D8 920E018F */  lbu     $t6, 0x018F($s0)           ## 0000018F
/* 001EC 808798DC 2401000A */  addiu   $at, $zero, 0x000A         ## $at = 0000000A
/* 001F0 808798E0 02002825 */  or      $a1, $s0, $zero            ## $a1 = 00000000
/* 001F4 808798E4 15C1000D */  bne     $t6, $at, .L8087991C       
/* 001F8 808798E8 260602F8 */  addiu   $a2, $s0, 0x02F8           ## $a2 = 000002F8
/* 001FC 808798EC 44802000 */  mtc1    $zero, $f4                 ## $f4 = 0.00
/* 00200 808798F0 3C018088 */  lui     $at, %hi(D_8087B500)       ## $at = 80880000
/* 00204 808798F4 C420B500 */  lwc1    $f0, %lo(D_8087B500)($at)  
/* 00208 808798F8 A200018F */  sb      $zero, 0x018F($s0)         ## 0000018F
/* 0020C 808798FC E60402E8 */  swc1    $f4, 0x02E8($s0)           ## 000002E8
/* 00210 80879900 240F0002 */  addiu   $t7, $zero, 0x0002         ## $t7 = 00000002
/* 00214 80879904 AFAF0010 */  sw      $t7, 0x0010($sp)           
/* 00218 80879908 8FA40034 */  lw      $a0, 0x0034($sp)           
/* 0021C 8087990C 24070003 */  addiu   $a3, $zero, 0x0003         ## $a3 = 00000003
/* 00220 80879910 E7A00018 */  swc1    $f0, 0x0018($sp)           
/* 00224 80879914 0C02FDF3 */  jal     func_800BF7CC              
/* 00228 80879918 E7A00014 */  swc1    $f0, 0x0014($sp)           
.L8087991C:
/* 0022C 8087991C 8FBF002C */  lw      $ra, 0x002C($sp)           
/* 00230 80879920 8FB00028 */  lw      $s0, 0x0028($sp)           
/* 00234 80879924 27BD0030 */  addiu   $sp, $sp, 0x0030           ## $sp = 00000000
/* 00238 80879928 03E00008 */  jr      $ra                        
/* 0023C 8087992C 00000000 */  nop


glabel func_80879930
/* 00240 80879930 240E0003 */  addiu   $t6, $zero, 0x0003         ## $t6 = 00000003
/* 00244 80879934 240F0012 */  addiu   $t7, $zero, 0x0012         ## $t7 = 00000012
/* 00248 80879938 A08E018D */  sb      $t6, 0x018D($a0)           ## 0000018D
/* 0024C 8087993C A0800338 */  sb      $zero, 0x0338($a0)         ## 00000338
/* 00250 80879940 A080018C */  sb      $zero, 0x018C($a0)         ## 0000018C
/* 00254 80879944 A08F011F */  sb      $t7, 0x011F($a0)           ## 0000011F
/* 00258 80879948 03E00008 */  jr      $ra                        
/* 0025C 8087994C 00000000 */  nop


glabel func_80879950
/* 00260 80879950 848E001C */  lh      $t6, 0x001C($a0)           ## 0000001C
/* 00264 80879954 24020001 */  addiu   $v0, $zero, 0x0001         ## $v0 = 00000001
/* 00268 80879958 240F0011 */  addiu   $t7, $zero, 0x0011         ## $t7 = 00000011
/* 0026C 8087995C 15C00005 */  bne     $t6, $zero, .L80879974     
/* 00270 80879960 00000000 */  nop
/* 00274 80879964 A080018D */  sb      $zero, 0x018D($a0)         ## 0000018D
/* 00278 80879968 A0820338 */  sb      $v0, 0x0338($a0)           ## 00000338
/* 0027C 8087996C A082018C */  sb      $v0, 0x018C($a0)           ## 0000018C
/* 00280 80879970 A08F011F */  sb      $t7, 0x011F($a0)           ## 0000011F
.L80879974:
/* 00284 80879974 03E00008 */  jr      $ra                        
/* 00288 80879978 00000000 */  nop


glabel func_8087997C
/* 0028C 8087997C 27BDFFE0 */  addiu   $sp, $sp, 0xFFE0           ## $sp = FFFFFFE0
/* 00290 80879980 AFB00014 */  sw      $s0, 0x0014($sp)           
/* 00294 80879984 00808025 */  or      $s0, $a0, $zero            ## $s0 = 00000000
/* 00298 80879988 AFBF001C */  sw      $ra, 0x001C($sp)           
/* 0029C 8087998C AFB10018 */  sw      $s1, 0x0018($sp)           
/* 002A0 80879990 860E001C */  lh      $t6, 0x001C($s0)           ## 0000001C
/* 002A4 80879994 8CA61CCC */  lw      $a2, 0x1CCC($a1)           ## 00001CCC
/* 002A8 80879998 24010003 */  addiu   $at, $zero, 0x0003         ## $at = 00000003
/* 002AC 8087999C 11C10003 */  beq     $t6, $at, .L808799AC       
/* 002B0 808799A0 00C02025 */  or      $a0, $a2, $zero            ## $a0 = 00000000
/* 002B4 808799A4 10000037 */  beq     $zero, $zero, .L80879A84   
/* 002B8 808799A8 00001025 */  or      $v0, $zero, $zero          ## $v0 = 00000000
.L808799AC:
/* 002BC 808799AC 26110008 */  addiu   $s1, $s0, 0x0008           ## $s1 = 00000008
/* 002C0 808799B0 0C02DB92 */  jal     func_800B6E48              
/* 002C4 808799B4 02202825 */  or      $a1, $s1, $zero            ## $a1 = 00000008
/* 002C8 808799B8 3C014396 */  lui     $at, 0x4396                ## $at = 43960000
/* 002CC 808799BC 44812000 */  mtc1    $at, $f4                   ## $f4 = 300.00
/* 002D0 808799C0 02002025 */  or      $a0, $s0, $zero            ## $a0 = 00000000
/* 002D4 808799C4 00001025 */  or      $v0, $zero, $zero          ## $v0 = 00000000
/* 002D8 808799C8 4600203C */  c.lt.s  $f4, $f0                   
/* 002DC 808799CC 00000000 */  nop
/* 002E0 808799D0 4500002C */  bc1f    .L80879A84                 
/* 002E4 808799D4 00000000 */  nop
/* 002E8 808799D8 0C02DB7E */  jal     func_800B6DF8              
/* 002EC 808799DC 02202825 */  or      $a1, $s1, $zero            ## $a1 = 00000008
/* 002F0 808799E0 3C0140A0 */  lui     $at, 0x40A0                ## $at = 40A00000
/* 002F4 808799E4 44813000 */  mtc1    $at, $f6                   ## $f6 = 5.00
/* 002F8 808799E8 3C018088 */  lui     $at, %hi(D_8087B504)       ## $at = 80880000
/* 002FC 808799EC 02002025 */  or      $a0, $s0, $zero            ## $a0 = 00000000
/* 00300 808799F0 4606003C */  c.lt.s  $f0, $f6                   
/* 00304 808799F4 00000000 */  nop
/* 00308 808799F8 45000005 */  bc1f    .L80879A10                 
/* 0030C 808799FC 00000000 */  nop
/* 00310 80879A00 0C21EA3F */  jal     func_8087A8FC              
/* 00314 80879A04 02002025 */  or      $a0, $s0, $zero            ## $a0 = 00000000
/* 00318 80879A08 1000001E */  beq     $zero, $zero, .L80879A84   
/* 0031C 80879A0C 24020001 */  addiu   $v0, $zero, 0x0001         ## $v0 = 00000001
.L80879A10:
/* 00320 80879A10 C428B504 */  lwc1    $f8, %lo(D_8087B504)($at)  
/* 00324 80879A14 3C013F80 */  lui     $at, 0x3F80                ## $at = 3F800000
/* 00328 80879A18 44815000 */  mtc1    $at, $f10                  ## $f10 = 1.00
/* 0032C 80879A1C 46080082 */  mul.s   $f2, $f0, $f8              
/* 00330 80879A20 460A103C */  c.lt.s  $f2, $f10                  
/* 00334 80879A24 00000000 */  nop
/* 00338 80879A28 45000004 */  bc1f    .L80879A3C                 
/* 0033C 80879A2C 00000000 */  nop
/* 00340 80879A30 C6100070 */  lwc1    $f16, 0x0070($s0)          ## 00000070
/* 00344 80879A34 46028482 */  mul.s   $f18, $f16, $f2            
/* 00348 80879A38 E6120070 */  swc1    $f18, 0x0070($s0)          ## 00000070
.L80879A3C:
/* 0034C 80879A3C 0C02DB4B */  jal     func_800B6D2C              
/* 00350 80879A40 02202825 */  or      $a1, $s1, $zero            ## $a1 = 00000008
/* 00354 80879A44 00022C00 */  sll     $a1, $v0, 16               
/* 00358 80879A48 00052C03 */  sra     $a1, $a1, 16               
/* 0035C 80879A4C 260400BE */  addiu   $a0, $s0, 0x00BE           ## $a0 = 000000BE
/* 00360 80879A50 0C03FB9C */  jal     func_800FEE70              
/* 00364 80879A54 24060300 */  addiu   $a2, $zero, 0x0300         ## $a2 = 00000300
/* 00368 80879A58 02002025 */  or      $a0, $s0, $zero            ## $a0 = 00000000
/* 0036C 80879A5C 0C02DB6A */  jal     func_800B6DA8              
/* 00370 80879A60 02202825 */  or      $a1, $s1, $zero            ## $a1 = 00000008
/* 00374 80879A64 24451554 */  addiu   $a1, $v0, 0x1554           ## $a1 = 00001554
/* 00378 80879A68 00052C00 */  sll     $a1, $a1, 16               
/* 0037C 80879A6C 00052C03 */  sra     $a1, $a1, 16               
/* 00380 80879A70 260400BC */  addiu   $a0, $s0, 0x00BC           ## $a0 = 000000BC
/* 00384 80879A74 0C03FB9C */  jal     func_800FEE70              
/* 00388 80879A78 24060100 */  addiu   $a2, $zero, 0x0100         ## $a2 = 00000100
/* 0038C 80879A7C 10000001 */  beq     $zero, $zero, .L80879A84   
/* 00390 80879A80 24020001 */  addiu   $v0, $zero, 0x0001         ## $v0 = 00000001
.L80879A84:
/* 00394 80879A84 8FBF001C */  lw      $ra, 0x001C($sp)           
/* 00398 80879A88 8FB00014 */  lw      $s0, 0x0014($sp)           
/* 0039C 80879A8C 8FB10018 */  lw      $s1, 0x0018($sp)           
/* 003A0 80879A90 03E00008 */  jr      $ra                        
/* 003A4 80879A94 27BD0020 */  addiu   $sp, $sp, 0x0020           ## $sp = 00000000


glabel func_80879A98
/* 003A8 80879A98 27BDFFB0 */  addiu   $sp, $sp, 0xFFB0           ## $sp = FFFFFFB0
/* 003AC 80879A9C AFB30028 */  sw      $s3, 0x0028($sp)           
/* 003B0 80879AA0 00809825 */  or      $s3, $a0, $zero            ## $s3 = 00000000
/* 003B4 80879AA4 AFBF002C */  sw      $ra, 0x002C($sp)           
/* 003B8 80879AA8 AFB20024 */  sw      $s2, 0x0024($sp)           
/* 003BC 80879AAC AFB10020 */  sw      $s1, 0x0020($sp)           
/* 003C0 80879AB0 AFB0001C */  sw      $s0, 0x001C($sp)           
/* 003C4 80879AB4 F7B40010 */  sdc1    $f20, 0x0010($sp)          
/* 003C8 80879AB8 866E001C */  lh      $t6, 0x001C($s3)           ## 0000001C
/* 003CC 80879ABC 3C018088 */  lui     $at, %hi(D_8087B508)       ## $at = 80880000
/* 003D0 80879AC0 8CB01CFC */  lw      $s0, 0x1CFC($a1)           ## 00001CFC
/* 003D4 80879AC4 00009025 */  or      $s2, $zero, $zero          ## $s2 = 00000000
/* 003D8 80879AC8 15C00005 */  bne     $t6, $zero, .L80879AE0     
/* 003DC 80879ACC C434B508 */  lwc1    $f20, %lo(D_8087B508)($at) 
/* 003E0 80879AD0 926F018D */  lbu     $t7, 0x018D($s3)           ## 0000018D
/* 003E4 80879AD4 24010003 */  addiu   $at, $zero, 0x0003         ## $at = 00000003
/* 003E8 80879AD8 11E10003 */  beq     $t7, $at, .L80879AE8       
/* 003EC 80879ADC 00000000 */  nop
.L80879AE0:
/* 003F0 80879AE0 10000044 */  beq     $zero, $zero, .L80879BF4   
/* 003F4 80879AE4 00001025 */  or      $v0, $zero, $zero          ## $v0 = 00000000
.L80879AE8:
/* 003F8 80879AE8 12000013 */  beq     $s0, $zero, .L80879B38     
/* 003FC 80879AEC 24110039 */  addiu   $s1, $zero, 0x0039         ## $s1 = 00000039
/* 00400 80879AF0 86180000 */  lh      $t8, 0x0000($s0)           ## 00000000
.L80879AF4:
/* 00404 80879AF4 5638000E */  bnel    $s1, $t8, .L80879B30       
/* 00408 80879AF8 8E10012C */  lw      $s0, 0x012C($s0)           ## 0000012C
/* 0040C 80879AFC 861901DC */  lh      $t9, 0x01DC($s0)           ## 000001DC
/* 00410 80879B00 02602025 */  or      $a0, $s3, $zero            ## $a0 = 00000000
/* 00414 80879B04 5320000A */  beql    $t9, $zero, .L80879B30     
/* 00418 80879B08 8E10012C */  lw      $s0, 0x012C($s0)           ## 0000012C
/* 0041C 80879B0C 0C02DB73 */  jal     func_800B6DCC              
/* 00420 80879B10 02002825 */  or      $a1, $s0, $zero            ## $a1 = 00000000
/* 00424 80879B14 4614003C */  c.lt.s  $f0, $f20                  
/* 00428 80879B18 00000000 */  nop
/* 0042C 80879B1C 45020004 */  bc1fl   .L80879B30                 
/* 00430 80879B20 8E10012C */  lw      $s0, 0x012C($s0)           ## 0000012C
/* 00434 80879B24 46000506 */  mov.s   $f20, $f0                  
/* 00438 80879B28 02009025 */  or      $s2, $s0, $zero            ## $s2 = 00000000
/* 0043C 80879B2C 8E10012C */  lw      $s0, 0x012C($s0)           ## 0000012C
.L80879B30:
/* 00440 80879B30 5600FFF0 */  bnel    $s0, $zero, .L80879AF4     
/* 00444 80879B34 86180000 */  lh      $t8, 0x0000($s0)           ## 00000000
.L80879B38:
/* 00448 80879B38 1240002E */  beq     $s2, $zero, .L80879BF4     
/* 0044C 80879B3C 00001025 */  or      $v0, $zero, $zero          ## $v0 = 00000000
/* 00450 80879B40 C6440024 */  lwc1    $f4, 0x0024($s2)           ## 00000024
/* 00454 80879B44 3C014250 */  lui     $at, 0x4250                ## $at = 42500000
/* 00458 80879B48 44814000 */  mtc1    $at, $f8                   ## $f8 = 52.00
/* 0045C 80879B4C E7A40034 */  swc1    $f4, 0x0034($sp)           
/* 00460 80879B50 C6460028 */  lwc1    $f6, 0x0028($s2)           ## 00000028
/* 00464 80879B54 3C0141F0 */  lui     $at, 0x41F0                ## $at = 41F00000
/* 00468 80879B58 44818000 */  mtc1    $at, $f16                  ## $f16 = 30.00
/* 0046C 80879B5C 46083280 */  add.s   $f10, $f6, $f8             
/* 00470 80879B60 27B00034 */  addiu   $s0, $sp, 0x0034           ## $s0 = FFFFFFE4
/* 00474 80879B64 02002825 */  or      $a1, $s0, $zero            ## $a1 = FFFFFFE4
/* 00478 80879B68 02602025 */  or      $a0, $s3, $zero            ## $a0 = 00000000
/* 0047C 80879B6C 46105480 */  add.s   $f18, $f10, $f16           
/* 00480 80879B70 E7B20038 */  swc1    $f18, 0x0038($sp)          
/* 00484 80879B74 C644002C */  lwc1    $f4, 0x002C($s2)           ## 0000002C
/* 00488 80879B78 0C02DB7E */  jal     func_800B6DF8              
/* 0048C 80879B7C E7A4003C */  swc1    $f4, 0x003C($sp)           
/* 00490 80879B80 3C014170 */  lui     $at, 0x4170                ## $at = 41700000
/* 00494 80879B84 44813000 */  mtc1    $at, $f6                   ## $f6 = 15.00
/* 00498 80879B88 02602025 */  or      $a0, $s3, $zero            ## $a0 = 00000000
/* 0049C 80879B8C 4606003C */  c.lt.s  $f0, $f6                   
/* 004A0 80879B90 00000000 */  nop
/* 004A4 80879B94 45000005 */  bc1f    .L80879BAC                 
/* 004A8 80879B98 00000000 */  nop
/* 004AC 80879B9C 0C21E654 */  jal     func_80879950              
/* 004B0 80879BA0 02602025 */  or      $a0, $s3, $zero            ## $a0 = 00000000
/* 004B4 80879BA4 10000013 */  beq     $zero, $zero, .L80879BF4   
/* 004B8 80879BA8 24020001 */  addiu   $v0, $zero, 0x0001         ## $v0 = 00000001
.L80879BAC:
/* 004BC 80879BAC 0C02DB35 */  jal     func_800B6CD4              
/* 004C0 80879BB0 02402825 */  or      $a1, $s2, $zero            ## $a1 = 00000000
/* 004C4 80879BB4 00022C00 */  sll     $a1, $v0, 16               
/* 004C8 80879BB8 00052C03 */  sra     $a1, $a1, 16               
/* 004CC 80879BBC 266400BE */  addiu   $a0, $s3, 0x00BE           ## $a0 = 000000BE
/* 004D0 80879BC0 0C03FB9C */  jal     func_800FEE70              
/* 004D4 80879BC4 24060300 */  addiu   $a2, $zero, 0x0300         ## $a2 = 00000300
/* 004D8 80879BC8 02602025 */  or      $a0, $s3, $zero            ## $a0 = 00000000
/* 004DC 80879BCC 0C02DB6A */  jal     func_800B6DA8              
/* 004E0 80879BD0 02002825 */  or      $a1, $s0, $zero            ## $a1 = FFFFFFE4
/* 004E4 80879BD4 24451554 */  addiu   $a1, $v0, 0x1554           ## $a1 = 00001554
/* 004E8 80879BD8 00052C00 */  sll     $a1, $a1, 16               
/* 004EC 80879BDC 00052C03 */  sra     $a1, $a1, 16               
/* 004F0 80879BE0 266400BC */  addiu   $a0, $s3, 0x00BC           ## $a0 = 000000BC
/* 004F4 80879BE4 0C03FB9C */  jal     func_800FEE70              
/* 004F8 80879BE8 24060100 */  addiu   $a2, $zero, 0x0100         ## $a2 = 00000100
/* 004FC 80879BEC 10000001 */  beq     $zero, $zero, .L80879BF4   
/* 00500 80879BF0 24020001 */  addiu   $v0, $zero, 0x0001         ## $v0 = 00000001
.L80879BF4:
/* 00504 80879BF4 8FBF002C */  lw      $ra, 0x002C($sp)           
/* 00508 80879BF8 D7B40010 */  ldc1    $f20, 0x0010($sp)          
/* 0050C 80879BFC 8FB0001C */  lw      $s0, 0x001C($sp)           
/* 00510 80879C00 8FB10020 */  lw      $s1, 0x0020($sp)           
/* 00514 80879C04 8FB20024 */  lw      $s2, 0x0024($sp)           
/* 00518 80879C08 8FB30028 */  lw      $s3, 0x0028($sp)           
/* 0051C 80879C0C 03E00008 */  jr      $ra                        
/* 00520 80879C10 27BD0050 */  addiu   $sp, $sp, 0x0050           ## $sp = 00000000


glabel func_80879C14
/* 00524 80879C14 27BDFFE0 */  addiu   $sp, $sp, 0xFFE0           ## $sp = FFFFFFE0
/* 00528 80879C18 AFB00018 */  sw      $s0, 0x0018($sp)           
/* 0052C 80879C1C 00808025 */  or      $s0, $a0, $zero            ## $s0 = 00000000
/* 00530 80879C20 AFBF001C */  sw      $ra, 0x001C($sp)           
/* 00534 80879C24 24040046 */  addiu   $a0, $zero, 0x0046         ## $a0 = 00000046
/* 00538 80879C28 0C03FD14 */  jal     func_800FF450              
/* 0053C 80879C2C 24050064 */  addiu   $a1, $zero, 0x0064         ## $a1 = 00000064
/* 00540 80879C30 0C021BF7 */  jal     func_80086FDC              
/* 00544 80879C34 A6020190 */  sh      $v0, 0x0190($s0)           ## 00000190
/* 00548 80879C38 3C013FC0 */  lui     $at, 0x3FC0                ## $at = 3FC00000
/* 0054C 80879C3C 44811000 */  mtc1    $at, $f2                   ## $f2 = 1.50
/* 00550 80879C40 02002025 */  or      $a0, $s0, $zero            ## $a0 = 00000000
/* 00554 80879C44 26050008 */  addiu   $a1, $s0, 0x0008           ## $a1 = 00000008
/* 00558 80879C48 46020102 */  mul.s   $f4, $f0, $f2              
/* 0055C 80879C4C 46022180 */  add.s   $f6, $f4, $f2              
/* 00560 80879C50 0C02DB4B */  jal     func_800B6D2C              
/* 00564 80879C54 E6060070 */  swc1    $f6, 0x0070($s0)           ## 00000070
/* 00568 80879C58 00022C00 */  sll     $a1, $v0, 16               
/* 0056C 80879C5C 00052C03 */  sra     $a1, $a1, 16               
/* 00570 80879C60 260400BE */  addiu   $a0, $s0, 0x00BE           ## $a0 = 000000BE
/* 00574 80879C64 0C03FB9C */  jal     func_800FEE70              
/* 00578 80879C68 24060300 */  addiu   $a2, $zero, 0x0300         ## $a2 = 00000300
/* 0057C 80879C6C C60802E4 */  lwc1    $f8, 0x02E4($s0)           ## 000002E4
/* 00580 80879C70 C60A0028 */  lwc1    $f10, 0x0028($s0)          ## 00000028
/* 00584 80879C74 3C013F80 */  lui     $at, 0x3F80                ## $at = 3F800000
/* 00588 80879C78 44818000 */  mtc1    $at, $f16                  ## $f16 = 1.00
/* 0058C 80879C7C 460A403C */  c.lt.s  $f8, $f10                  
/* 00590 80879C80 3C0F8088 */  lui     $t7, %hi(func_80879CC0)    ## $t7 = 80880000
/* 00594 80879C84 2402F400 */  addiu   $v0, $zero, 0xF400         ## $v0 = FFFFF400
/* 00598 80879C88 25EF9CC0 */  addiu   $t7, $t7, %lo(func_80879CC0) ## $t7 = 80879CC0
/* 0059C 80879C8C 45000003 */  bc1f    .L80879C9C                 
/* 005A0 80879C90 00000000 */  nop
/* 005A4 80879C94 10000001 */  beq     $zero, $zero, .L80879C9C   
/* 005A8 80879C98 24020C00 */  addiu   $v0, $zero, 0x0C00         ## $v0 = 00000C00
.L80879C9C:
/* 005AC 80879C9C 244E1554 */  addiu   $t6, $v0, 0x1554           ## $t6 = 00002154
/* 005B0 80879CA0 A60E0192 */  sh      $t6, 0x0192($s0)           ## 00000192
/* 005B4 80879CA4 E6100160 */  swc1    $f16, 0x0160($s0)          ## 00000160
/* 005B8 80879CA8 AE0F0188 */  sw      $t7, 0x0188($s0)           ## 00000188
/* 005BC 80879CAC 8FBF001C */  lw      $ra, 0x001C($sp)           
/* 005C0 80879CB0 8FB00018 */  lw      $s0, 0x0018($sp)           
/* 005C4 80879CB4 27BD0020 */  addiu   $sp, $sp, 0x0020           ## $sp = 00000000
/* 005C8 80879CB8 03E00008 */  jr      $ra                        
/* 005CC 80879CBC 00000000 */  nop


glabel func_80879CC0
/* 005D0 80879CC0 27BDFFC0 */  addiu   $sp, $sp, 0xFFC0           ## $sp = FFFFFFC0
/* 005D4 80879CC4 AFB00020 */  sw      $s0, 0x0020($sp)           
/* 005D8 80879CC8 00808025 */  or      $s0, $a0, $zero            ## $s0 = 00000000
/* 005DC 80879CCC AFBF0024 */  sw      $ra, 0x0024($sp)           
/* 005E0 80879CD0 AFA50044 */  sw      $a1, 0x0044($sp)           
/* 005E4 80879CD4 26040144 */  addiu   $a0, $s0, 0x0144           ## $a0 = 00000144
/* 005E8 80879CD8 0C04DB34 */  jal     func_80136CD0              
/* 005EC 80879CDC AFA4002C */  sw      $a0, 0x002C($sp)           
/* 005F0 80879CE0 86030190 */  lh      $v1, 0x0190($s0)           ## 00000190
/* 005F4 80879CE4 8FA4002C */  lw      $a0, 0x002C($sp)           
/* 005F8 80879CE8 10600002 */  beq     $v1, $zero, .L80879CF4     
/* 005FC 80879CEC 246EFFFF */  addiu   $t6, $v1, 0xFFFF           ## $t6 = FFFFFFFF
/* 00600 80879CF0 A60E0190 */  sh      $t6, 0x0190($s0)           ## 00000190
.L80879CF4:
/* 00604 80879CF4 0C04DE2E */  jal     func_801378B8              
/* 00608 80879CF8 24050000 */  addiu   $a1, $zero, 0x0000         ## $a1 = 00000000
/* 0060C 80879CFC 0C021BF7 */  jal     func_80086FDC              
/* 00610 80879D00 AFA2003C */  sw      $v0, 0x003C($sp)           
/* 00614 80879D04 3C013FC0 */  lui     $at, 0x3FC0                ## $at = 3FC00000
/* 00618 80879D08 44811000 */  mtc1    $at, $f2                   ## $f2 = 1.50
/* 0061C 80879D0C 02002025 */  or      $a0, $s0, $zero            ## $a0 = 00000000
/* 00620 80879D10 46020102 */  mul.s   $f4, $f0, $f2              
/* 00624 80879D14 46022180 */  add.s   $f6, $f4, $f2              
/* 00628 80879D18 E6060070 */  swc1    $f6, 0x0070($s0)           ## 00000070
/* 0062C 80879D1C 0C21E65F */  jal     func_8087997C              
/* 00630 80879D20 8FA50044 */  lw      $a1, 0x0044($sp)           
/* 00634 80879D24 1440005F */  bne     $v0, $zero, .L80879EA4     
/* 00638 80879D28 02002025 */  or      $a0, $s0, $zero            ## $a0 = 00000000
/* 0063C 80879D2C 0C21E6A6 */  jal     func_80879A98              
/* 00640 80879D30 8FA50044 */  lw      $a1, 0x0044($sp)           
/* 00644 80879D34 1440005B */  bne     $v0, $zero, .L80879EA4     
/* 00648 80879D38 8FAF003C */  lw      $t7, 0x003C($sp)           
/* 0064C 80879D3C 51E00046 */  beql    $t7, $zero, .L80879E58     
/* 00650 80879D40 96020090 */  lhu     $v0, 0x0090($s0)           ## 00000090
/* 00654 80879D44 0C021BF7 */  jal     func_80086FDC              
/* 00658 80879D48 00000000 */  nop
/* 0065C 80879D4C 3C013F00 */  lui     $at, 0x3F00                ## $at = 3F000000
/* 00660 80879D50 44814000 */  mtc1    $at, $f8                   ## $f8 = 0.50
/* 00664 80879D54 02002025 */  or      $a0, $s0, $zero            ## $a0 = 00000000
/* 00668 80879D58 3C018088 */  lui     $at, %hi(D_8087B50C)       ## $at = 80880000
/* 0066C 80879D5C 4608003C */  c.lt.s  $f0, $f8                   
/* 00670 80879D60 00000000 */  nop
/* 00674 80879D64 4500000A */  bc1f    .L80879D90                 
/* 00678 80879D68 00000000 */  nop
/* 0067C 80879D6C 0C02DB4B */  jal     func_800B6D2C              
/* 00680 80879D70 26050008 */  addiu   $a1, $s0, 0x0008           ## $a1 = 00000008
/* 00684 80879D74 00022C00 */  sll     $a1, $v0, 16               
/* 00688 80879D78 00052C03 */  sra     $a1, $a1, 16               
/* 0068C 80879D7C 260400BE */  addiu   $a0, $s0, 0x00BE           ## $a0 = 000000BE
/* 00690 80879D80 0C03FB9C */  jal     func_800FEE70              
/* 00694 80879D84 24060300 */  addiu   $a2, $zero, 0x0300         ## $a2 = 00000300
/* 00698 80879D88 10000011 */  beq     $zero, $zero, .L80879DD0   
/* 0069C 80879D8C 3C0141A0 */  lui     $at, 0x41A0                ## $at = 41A00000
.L80879D90:
/* 006A0 80879D90 C42AB50C */  lwc1    $f10, %lo(D_8087B50C)($at) 
/* 006A4 80879D94 3C0144C0 */  lui     $at, 0x44C0                ## $at = 44C00000
/* 006A8 80879D98 460A003C */  c.lt.s  $f0, $f10                  
/* 006AC 80879D9C 00000000 */  nop
/* 006B0 80879DA0 4502000B */  bc1fl   .L80879DD0                 
/* 006B4 80879DA4 3C0141A0 */  lui     $at, 0x41A0                ## $at = 41A00000
/* 006B8 80879DA8 44816000 */  mtc1    $at, $f12                  ## $f12 = 20.00
/* 006BC 80879DAC 0C05E570 */  jal     func_801795C0              
/* 006C0 80879DB0 00000000 */  nop
/* 006C4 80879DB4 4600040D */  trunc.w.s $f16, $f0                  
/* 006C8 80879DB8 861800BE */  lh      $t8, 0x00BE($s0)           ## 000000BE
/* 006CC 80879DBC 440A8000 */  mfc1    $t2, $f16                  
/* 006D0 80879DC0 00000000 */  nop
/* 006D4 80879DC4 030A5821 */  addu    $t3, $t8, $t2              
/* 006D8 80879DC8 A60B00BE */  sh      $t3, 0x00BE($s0)           ## 000000BE
/* 006DC 80879DCC 3C0141A0 */  lui     $at, 0x41A0                ## $at = 41A00000
.L80879DD0:
/* 006E0 80879DD0 44812000 */  mtc1    $at, $f4                   ## $f4 = 20.00
/* 006E4 80879DD4 C6120088 */  lwc1    $f18, 0x0088($s0)          ## 00000088
/* 006E8 80879DD8 C6000028 */  lwc1    $f0, 0x0028($s0)           ## 00000028
/* 006EC 80879DDC 240C0954 */  addiu   $t4, $zero, 0x0954         ## $t4 = 00000954
/* 006F0 80879DE0 46049180 */  add.s   $f6, $f18, $f4             
/* 006F4 80879DE4 4606003C */  c.lt.s  $f0, $f6                   
/* 006F8 80879DE8 00000000 */  nop
/* 006FC 80879DEC 45020004 */  bc1fl   .L80879E00                 
/* 00700 80879DF0 C60802E4 */  lwc1    $f8, 0x02E4($s0)           ## 000002E4
/* 00704 80879DF4 10000027 */  beq     $zero, $zero, .L80879E94   
/* 00708 80879DF8 A60C0192 */  sh      $t4, 0x0192($s0)           ## 00000192
/* 0070C 80879DFC C60802E4 */  lwc1    $f8, 0x02E4($s0)           ## 000002E4
.L80879E00:
/* 00710 80879E00 240D2154 */  addiu   $t5, $zero, 0x2154         ## $t5 = 00002154
/* 00714 80879E04 4600403C */  c.lt.s  $f8, $f0                   
/* 00718 80879E08 00000000 */  nop
/* 0071C 80879E0C 45000003 */  bc1f    .L80879E1C                 
/* 00720 80879E10 00000000 */  nop
/* 00724 80879E14 1000001F */  beq     $zero, $zero, .L80879E94   
/* 00728 80879E18 A60D0192 */  sh      $t5, 0x0192($s0)           ## 00000192
.L80879E1C:
/* 0072C 80879E1C 0C021BF7 */  jal     func_80086FDC              
/* 00730 80879E20 00000000 */  nop
/* 00734 80879E24 3C018088 */  lui     $at, %hi(D_8087B510)       ## $at = 80880000
/* 00738 80879E28 C42AB510 */  lwc1    $f10, %lo(D_8087B510)($at) 
/* 0073C 80879E2C 240E0954 */  addiu   $t6, $zero, 0x0954         ## $t6 = 00000954
/* 00740 80879E30 240F2154 */  addiu   $t7, $zero, 0x2154         ## $t7 = 00002154
/* 00744 80879E34 4600503C */  c.lt.s  $f10, $f0                  
/* 00748 80879E38 00000000 */  nop
/* 0074C 80879E3C 45000003 */  bc1f    .L80879E4C                 
/* 00750 80879E40 00000000 */  nop
/* 00754 80879E44 10000013 */  beq     $zero, $zero, .L80879E94   
/* 00758 80879E48 A60E0192 */  sh      $t6, 0x0192($s0)           ## 00000192
.L80879E4C:
/* 0075C 80879E4C 10000011 */  beq     $zero, $zero, .L80879E94   
/* 00760 80879E50 A60F0192 */  sh      $t7, 0x0192($s0)           ## 00000192
/* 00764 80879E54 96020090 */  lhu     $v0, 0x0090($s0)           ## 00000090
.L80879E58:
/* 00768 80879E58 24080954 */  addiu   $t0, $zero, 0x0954         ## $t0 = 00000954
/* 0076C 80879E5C 30590001 */  andi    $t9, $v0, 0x0001           ## $t9 = 00000000
/* 00770 80879E60 13200003 */  beq     $t9, $zero, .L80879E70     
/* 00774 80879E64 30490010 */  andi    $t1, $v0, 0x0010           ## $t1 = 00000000
/* 00778 80879E68 1000000A */  beq     $zero, $zero, .L80879E94   
/* 0077C 80879E6C A6080192 */  sh      $t0, 0x0192($s0)           ## 00000192
.L80879E70:
/* 00780 80879E70 15200007 */  bne     $t1, $zero, .L80879E90     
/* 00784 80879E74 24182154 */  addiu   $t8, $zero, 0x2154         ## $t8 = 00002154
/* 00788 80879E78 C61002E4 */  lwc1    $f16, 0x02E4($s0)          ## 000002E4
/* 0078C 80879E7C C6120028 */  lwc1    $f18, 0x0028($s0)          ## 00000028
/* 00790 80879E80 4612803C */  c.lt.s  $f16, $f18                 
/* 00794 80879E84 00000000 */  nop
/* 00798 80879E88 45020003 */  bc1fl   .L80879E98                 
/* 0079C 80879E8C 260400BC */  addiu   $a0, $s0, 0x00BC           ## $a0 = 000000BC
.L80879E90:
/* 007A0 80879E90 A6180192 */  sh      $t8, 0x0192($s0)           ## 00000192
.L80879E94:
/* 007A4 80879E94 260400BC */  addiu   $a0, $s0, 0x00BC           ## $a0 = 000000BC
.L80879E98:
/* 007A8 80879E98 86050192 */  lh      $a1, 0x0192($s0)           ## 00000192
/* 007AC 80879E9C 0C03FB9C */  jal     func_800FEE70              
/* 007B0 80879EA0 24060100 */  addiu   $a2, $zero, 0x0100         ## $a2 = 00000100
.L80879EA4:
/* 007B4 80879EA4 960A0090 */  lhu     $t2, 0x0090($s0)           ## 00000090
/* 007B8 80879EA8 260400BE */  addiu   $a0, $s0, 0x00BE           ## $a0 = 000000BE
/* 007BC 80879EAC 24060002 */  addiu   $a2, $zero, 0x0002         ## $a2 = 00000002
/* 007C0 80879EB0 314B0008 */  andi    $t3, $t2, 0x0008           ## $t3 = 00000000
/* 007C4 80879EB4 11600005 */  beq     $t3, $zero, .L80879ECC     
/* 007C8 80879EB8 24070C00 */  addiu   $a3, $zero, 0x0C00         ## $a3 = 00000C00
/* 007CC 80879EBC 86050086 */  lh      $a1, 0x0086($s0)           ## 00000086
/* 007D0 80879EC0 240C0300 */  addiu   $t4, $zero, 0x0300         ## $t4 = 00000300
/* 007D4 80879EC4 0C03FFAF */  jal     func_800FFEBC              
/* 007D8 80879EC8 AFAC0010 */  sw      $t4, 0x0010($sp)           
.L80879ECC:
/* 007DC 80879ECC 860D0190 */  lh      $t5, 0x0190($s0)           ## 00000190
/* 007E0 80879ED0 3C014348 */  lui     $at, 0x4348                ## $at = 43480000
/* 007E4 80879ED4 55A00010 */  bnel    $t5, $zero, .L80879F18     
/* 007E8 80879ED8 8FBF0024 */  lw      $ra, 0x0024($sp)           
/* 007EC 80879EDC C6040098 */  lwc1    $f4, 0x0098($s0)           ## 00000098
/* 007F0 80879EE0 44813000 */  mtc1    $at, $f6                   ## $f6 = 200.00
/* 007F4 80879EE4 00000000 */  nop
/* 007F8 80879EE8 4606203C */  c.lt.s  $f4, $f6                   
/* 007FC 80879EEC 00000000 */  nop
/* 00800 80879EF0 45020009 */  bc1fl   .L80879F18                 
/* 00804 80879EF4 8FBF0024 */  lw      $ra, 0x0024($sp)           
/* 00808 80879EF8 0C04900F */  jal     func_8012403C              
/* 0080C 80879EFC 8FA40044 */  lw      $a0, 0x0044($sp)           
/* 00810 80879F00 24010010 */  addiu   $at, $zero, 0x0010         ## $at = 00000010
/* 00814 80879F04 50410004 */  beql    $v0, $at, .L80879F18       
/* 00818 80879F08 8FBF0024 */  lw      $ra, 0x0024($sp)           
/* 0081C 80879F0C 0C21E89A */  jal     func_8087A268              
/* 00820 80879F10 02002025 */  or      $a0, $s0, $zero            ## $a0 = 00000000
/* 00824 80879F14 8FBF0024 */  lw      $ra, 0x0024($sp)           
.L80879F18:
/* 00828 80879F18 8FB00020 */  lw      $s0, 0x0020($sp)           
/* 0082C 80879F1C 27BD0040 */  addiu   $sp, $sp, 0x0040           ## $sp = 00000000
/* 00830 80879F20 03E00008 */  jr      $ra                        
/* 00834 80879F24 00000000 */  nop


glabel func_80879F28
/* 00838 80879F28 27BDFFC8 */  addiu   $sp, $sp, 0xFFC8           ## $sp = FFFFFFC8
/* 0083C 80879F2C 3C0140C0 */  lui     $at, 0x40C0                ## $at = 40C00000
/* 00840 80879F30 AFB00030 */  sw      $s0, 0x0030($sp)           
/* 00844 80879F34 44810000 */  mtc1    $at, $f0                   ## $f0 = 6.00
/* 00848 80879F38 44801000 */  mtc1    $zero, $f2                 ## $f2 = 0.00
/* 0084C 80879F3C 00808025 */  or      $s0, $a0, $zero            ## $s0 = 00000000
/* 00850 80879F40 AFBF0034 */  sw      $ra, 0x0034($sp)           
/* 00854 80879F44 AFA5003C */  sw      $a1, 0x003C($sp)           
/* 00858 80879F48 240E0028 */  addiu   $t6, $zero, 0x0028         ## $t6 = 00000028
/* 0085C 80879F4C A60E0190 */  sh      $t6, 0x0190($s0)           ## 00000190
/* 00860 80879F50 E6020068 */  swc1    $f2, 0x0068($s0)           ## 00000068
/* 00864 80879F54 3C050600 */  lui     $a1, 0x0600                ## $a1 = 06000000
/* 00868 80879F58 44061000 */  mfc1    $a2, $f2                   
/* 0086C 80879F5C 44070000 */  mfc1    $a3, $f0                   
/* 00870 80879F60 240F0002 */  addiu   $t7, $zero, 0x0002         ## $t7 = 00000002
/* 00874 80879F64 AFAF0014 */  sw      $t7, 0x0014($sp)           
/* 00878 80879F68 24A5017C */  addiu   $a1, $a1, 0x017C           ## $a1 = 0600017C
/* 0087C 80879F6C E7A20018 */  swc1    $f2, 0x0018($sp)           
/* 00880 80879F70 E7A00010 */  swc1    $f0, 0x0010($sp)           
/* 00884 80879F74 0C04DCFA */  jal     func_801373E8              
/* 00888 80879F78 26040144 */  addiu   $a0, $s0, 0x0144           ## $a0 = 00000144
/* 0088C 80879F7C 02002025 */  or      $a0, $s0, $zero            ## $a0 = 00000000
/* 00890 80879F80 0C02E3B2 */  jal     func_800B8EC8              
/* 00894 80879F84 24053842 */  addiu   $a1, $zero, 0x3842         ## $a1 = 00003842
/* 00898 80879F88 8E180004 */  lw      $t8, 0x0004($s0)           ## 00000004
/* 0089C 80879F8C 9208018E */  lbu     $t0, 0x018E($s0)           ## 0000018E
/* 008A0 80879F90 02002025 */  or      $a0, $s0, $zero            ## $a0 = 00000000
/* 008A4 80879F94 37190010 */  ori     $t9, $t8, 0x0010           ## $t9 = 00000010
/* 008A8 80879F98 1100000A */  beq     $t0, $zero, .L80879FC4     
/* 008AC 80879F9C AE190004 */  sw      $t9, 0x0004($s0)           ## 00000004
/* 008B0 80879FA0 24090028 */  addiu   $t1, $zero, 0x0028         ## $t1 = 00000028
/* 008B4 80879FA4 AFA90010 */  sw      $t1, 0x0010($sp)           
/* 008B8 80879FA8 02002025 */  or      $a0, $s0, $zero            ## $a0 = 00000000
/* 008BC 80879FAC 24054000 */  addiu   $a1, $zero, 0x4000         ## $a1 = 00004000
/* 008C0 80879FB0 240600FF */  addiu   $a2, $zero, 0x00FF         ## $a2 = 000000FF
/* 008C4 80879FB4 0C02F2DC */  jal     func_800BCB70              
/* 008C8 80879FB8 24072000 */  addiu   $a3, $zero, 0x2000         ## $a3 = 00002000
/* 008CC 80879FBC 10000008 */  beq     $zero, $zero, .L80879FE0   
/* 008D0 80879FC0 920200B9 */  lbu     $v0, 0x00B9($s0)           ## 000000B9
.L80879FC4:
/* 008D4 80879FC4 240A0028 */  addiu   $t2, $zero, 0x0028         ## $t2 = 00000028
/* 008D8 80879FC8 AFAA0010 */  sw      $t2, 0x0010($sp)           
/* 008DC 80879FCC 24054000 */  addiu   $a1, $zero, 0x4000         ## $a1 = 00004000
/* 008E0 80879FD0 240600FF */  addiu   $a2, $zero, 0x00FF         ## $a2 = 000000FF
/* 008E4 80879FD4 0C02F2DC */  jal     func_800BCB70              
/* 008E8 80879FD8 00003825 */  or      $a3, $zero, $zero          ## $a3 = 00000000
/* 008EC 80879FDC 920200B9 */  lbu     $v0, 0x00B9($s0)           ## 000000B9
.L80879FE0:
/* 008F0 80879FE0 24010003 */  addiu   $at, $zero, 0x0003         ## $at = 00000003
/* 008F4 80879FE4 240B000A */  addiu   $t3, $zero, 0x000A         ## $t3 = 0000000A
/* 008F8 80879FE8 1441000B */  bne     $v0, $at, .L8087A018       
/* 008FC 80879FEC 3C013F80 */  lui     $at, 0x3F80                ## $at = 3F800000
/* 00900 80879FF0 44812000 */  mtc1    $at, $f4                   ## $f4 = 1.00
/* 00904 80879FF4 A20B018F */  sb      $t3, 0x018F($s0)           ## 0000018F
/* 00908 80879FF8 3C018088 */  lui     $at, %hi(D_8087B514)       ## $at = 80880000
/* 0090C 80879FFC E60402E8 */  swc1    $f4, 0x02E8($s0)           ## 000002E8
/* 00910 8087A000 C426B514 */  lwc1    $f6, %lo(D_8087B514)($at)  
/* 00914 8087A004 3C018088 */  lui     $at, %hi(D_8087B518)       ## $at = 80880000
/* 00918 8087A008 E60602EC */  swc1    $f6, 0x02EC($s0)           ## 000002EC
/* 0091C 8087A00C C428B518 */  lwc1    $f8, %lo(D_8087B518)($at)  
/* 00920 8087A010 1000002B */  beq     $zero, $zero, .L8087A0C0   
/* 00924 8087A014 E60802F0 */  swc1    $f8, 0x02F0($s0)           ## 000002F0
.L8087A018:
/* 00928 8087A018 24010004 */  addiu   $at, $zero, 0x0004         ## $at = 00000004
/* 0092C 8087A01C 1441001F */  bne     $v0, $at, .L8087A09C       
/* 00930 8087A020 8FA5003C */  lw      $a1, 0x003C($sp)           
/* 00934 8087A024 860E0344 */  lh      $t6, 0x0344($s0)           ## 00000344
/* 00938 8087A028 3C014080 */  lui     $at, 0x4080                ## $at = 40800000
/* 0093C 8087A02C 44815000 */  mtc1    $at, $f10                  ## $f10 = 4.00
/* 00940 8087A030 448E2000 */  mtc1    $t6, $f4                   ## $f4 = 0.00
/* 00944 8087A034 240C0014 */  addiu   $t4, $zero, 0x0014         ## $t4 = 00000014
/* 00948 8087A038 A20C018F */  sb      $t4, 0x018F($s0)           ## 0000018F
/* 0094C 8087A03C 468021A0 */  cvt.s.w $f6, $f4                   
/* 00950 8087A040 3C018088 */  lui     $at, %hi(D_8087B51C)       ## $at = 80880000
/* 00954 8087A044 E60A02E8 */  swc1    $f10, 0x02E8($s0)          ## 000002E8
/* 00958 8087A048 C430B51C */  lwc1    $f16, %lo(D_8087B51C)($at) 
/* 0095C 8087A04C 860D0342 */  lh      $t5, 0x0342($s0)           ## 00000342
/* 00960 8087A050 24180003 */  addiu   $t8, $zero, 0x0003         ## $t8 = 00000003
/* 00964 8087A054 E61002EC */  swc1    $f16, 0x02EC($s0)          ## 000002EC
/* 00968 8087A058 E7A60010 */  swc1    $f6, 0x0010($sp)           
/* 0096C 8087A05C 860F0346 */  lh      $t7, 0x0346($s0)           ## 00000346
/* 00970 8087A060 448D9000 */  mtc1    $t5, $f18                  ## $f18 = 0.00
/* 00974 8087A064 AFB80024 */  sw      $t8, 0x0024($sp)           
/* 00978 8087A068 448F4000 */  mtc1    $t7, $f8                   ## $f8 = 0.00
/* 0097C 8087A06C 468094A0 */  cvt.s.w $f18, $f18                 
/* 00980 8087A070 AFA00020 */  sw      $zero, 0x0020($sp)         
/* 00984 8087A074 AFA0001C */  sw      $zero, 0x001C($sp)         
/* 00988 8087A078 AFA00018 */  sw      $zero, 0x0018($sp)         
/* 0098C 8087A07C 24A41CA0 */  addiu   $a0, $a1, 0x1CA0           ## $a0 = 00001CA0
/* 00990 8087A080 468042A0 */  cvt.s.w $f10, $f8                  
/* 00994 8087A084 44079000 */  mfc1    $a3, $f18                  
/* 00998 8087A088 240600A2 */  addiu   $a2, $zero, 0x00A2         ## $a2 = 000000A2
/* 0099C 8087A08C 0C02EB18 */  jal     func_800BAC60              
/* 009A0 8087A090 E7AA0014 */  swc1    $f10, 0x0014($sp)          
/* 009A4 8087A094 1000000B */  beq     $zero, $zero, .L8087A0C4   
/* 009A8 8087A098 44800000 */  mtc1    $zero, $f0                 ## $f0 = 0.00
.L8087A09C:
/* 009AC 8087A09C 24010002 */  addiu   $at, $zero, 0x0002         ## $at = 00000002
/* 009B0 8087A0A0 14410007 */  bne     $v0, $at, .L8087A0C0       
/* 009B4 8087A0A4 3C014080 */  lui     $at, 0x4080                ## $at = 40800000
/* 009B8 8087A0A8 44818000 */  mtc1    $at, $f16                  ## $f16 = 4.00
/* 009BC 8087A0AC A200018F */  sb      $zero, 0x018F($s0)         ## 0000018F
/* 009C0 8087A0B0 3C018088 */  lui     $at, %hi(D_8087B520)       ## $at = 80880000
/* 009C4 8087A0B4 E61002E8 */  swc1    $f16, 0x02E8($s0)          ## 000002E8
/* 009C8 8087A0B8 C432B520 */  lwc1    $f18, %lo(D_8087B520)($at) 
/* 009CC 8087A0BC E61202EC */  swc1    $f18, 0x02EC($s0)          ## 000002EC
.L8087A0C0:
/* 009D0 8087A0C0 44800000 */  mtc1    $zero, $f0                 ## $f0 = 0.00
.L8087A0C4:
/* 009D4 8087A0C4 C60402E8 */  lwc1    $f4, 0x02E8($s0)           ## 000002E8
/* 009D8 8087A0C8 3C098088 */  lui     $t1, %hi(func_8087A110)    ## $t1 = 80880000
/* 009DC 8087A0CC 2529A110 */  addiu   $t1, $t1, %lo(func_8087A110) ## $t1 = 8087A110
/* 009E0 8087A0D0 4604003C */  c.lt.s  $f0, $f4                   
/* 009E4 8087A0D4 00000000 */  nop
/* 009E8 8087A0D8 45020003 */  bc1fl   .L8087A0E8                 
/* 009EC 8087A0DC 8E190004 */  lw      $t9, 0x0004($s0)           ## 00000004
/* 009F0 8087A0E0 A200018C */  sb      $zero, 0x018C($s0)         ## 0000018C
/* 009F4 8087A0E4 8E190004 */  lw      $t9, 0x0004($s0)           ## 00000004
.L8087A0E8:
/* 009F8 8087A0E8 33288000 */  andi    $t0, $t9, 0x8000           ## $t0 = 00000000
/* 009FC 8087A0EC 51000003 */  beql    $t0, $zero, .L8087A0FC     
/* 00A00 8087A0F0 AE090188 */  sw      $t1, 0x0188($s0)           ## 00000188
/* 00A04 8087A0F4 E6000070 */  swc1    $f0, 0x0070($s0)           ## 00000070
/* 00A08 8087A0F8 AE090188 */  sw      $t1, 0x0188($s0)           ## 00000188
.L8087A0FC:
/* 00A0C 8087A0FC 8FBF0034 */  lw      $ra, 0x0034($sp)           
/* 00A10 8087A100 8FB00030 */  lw      $s0, 0x0030($sp)           
/* 00A14 8087A104 27BD0038 */  addiu   $sp, $sp, 0x0038           ## $sp = 00000000
/* 00A18 8087A108 03E00008 */  jr      $ra                        
/* 00A1C 8087A10C 00000000 */  nop


glabel func_8087A110
/* 00A20 8087A110 27BDFFE0 */  addiu   $sp, $sp, 0xFFE0           ## $sp = FFFFFFE0
/* 00A24 8087A114 AFB00018 */  sw      $s0, 0x0018($sp)           
/* 00A28 8087A118 00808025 */  or      $s0, $a0, $zero            ## $s0 = 00000000
/* 00A2C 8087A11C AFBF001C */  sw      $ra, 0x001C($sp)           
/* 00A30 8087A120 AFA50024 */  sw      $a1, 0x0024($sp)           
/* 00A34 8087A124 240E0028 */  addiu   $t6, $zero, 0x0028         ## $t6 = 00000028
/* 00A38 8087A128 A20E011C */  sb      $t6, 0x011C($s0)           ## 0000011C
/* 00A3C 8087A12C 26040070 */  addiu   $a0, $s0, 0x0070           ## $a0 = 00000070
/* 00A40 8087A130 24050000 */  addiu   $a1, $zero, 0x0000         ## $a1 = 00000000
/* 00A44 8087A134 0C03FC0F */  jal     func_800FF03C              
/* 00A48 8087A138 3C063F00 */  lui     $a2, 0x3F00                ## $a2 = 3F000000
/* 00A4C 8087A13C 8E0F0004 */  lw      $t7, 0x0004($s0)           ## 00000004
/* 00A50 8087A140 31F88000 */  andi    $t8, $t7, 0x8000           ## $t8 = 00000000
/* 00A54 8087A144 5700001C */  bnel    $t8, $zero, .L8087A1B8     
/* 00A58 8087A148 8FBF001C */  lw      $ra, 0x001C($sp)           
/* 00A5C 8087A14C 9219018F */  lbu     $t9, 0x018F($s0)           ## 0000018F
/* 00A60 8087A150 2401000A */  addiu   $at, $zero, 0x000A         ## $at = 0000000A
/* 00A64 8087A154 260400BC */  addiu   $a0, $s0, 0x00BC           ## $a0 = 000000BC
/* 00A68 8087A158 13210006 */  beq     $t9, $at, .L8087A174       
/* 00A6C 8087A15C 24056800 */  addiu   $a1, $zero, 0x6800         ## $a1 = 00006800
/* 00A70 8087A160 0C03FB9C */  jal     func_800FEE70              
/* 00A74 8087A164 24060200 */  addiu   $a2, $zero, 0x0200         ## $a2 = 00000200
/* 00A78 8087A168 860800BE */  lh      $t0, 0x00BE($s0)           ## 000000BE
/* 00A7C 8087A16C 2509FD00 */  addiu   $t1, $t0, 0xFD00           ## $t1 = FFFFFD00
/* 00A80 8087A170 A60900BE */  sh      $t1, 0x00BE($s0)           ## 000000BE
.L8087A174:
/* 00A84 8087A174 960A0090 */  lhu     $t2, 0x0090($s0)           ## 00000090
/* 00A88 8087A178 3C01C6FA */  lui     $at, 0xC6FA                ## $at = C6FA0000
/* 00A8C 8087A17C 02002025 */  or      $a0, $s0, $zero            ## $a0 = 00000000
/* 00A90 8087A180 314B0001 */  andi    $t3, $t2, 0x0001           ## $t3 = 00000000
/* 00A94 8087A184 15600007 */  bne     $t3, $zero, .L8087A1A4     
/* 00A98 8087A188 00000000 */  nop
/* 00A9C 8087A18C 44812000 */  mtc1    $at, $f4                   ## $f4 = -32000.00
/* 00AA0 8087A190 C6060088 */  lwc1    $f6, 0x0088($s0)           ## 00000088
/* 00AA4 8087A194 46062032 */  c.eq.s  $f4, $f6                   
/* 00AA8 8087A198 00000000 */  nop
/* 00AAC 8087A19C 45020006 */  bc1fl   .L8087A1B8                 
/* 00AB0 8087A1A0 8FBF001C */  lw      $ra, 0x001C($sp)           
.L8087A1A4:
/* 00AB4 8087A1A4 0C21E631 */  jal     func_808798C4              
/* 00AB8 8087A1A8 8FA50024 */  lw      $a1, 0x0024($sp)           
/* 00ABC 8087A1AC 0C21E872 */  jal     func_8087A1C8              
/* 00AC0 8087A1B0 02002025 */  or      $a0, $s0, $zero            ## $a0 = 00000000
/* 00AC4 8087A1B4 8FBF001C */  lw      $ra, 0x001C($sp)           
.L8087A1B8:
/* 00AC8 8087A1B8 8FB00018 */  lw      $s0, 0x0018($sp)           
/* 00ACC 8087A1BC 27BD0020 */  addiu   $sp, $sp, 0x0020           ## $sp = 00000000
/* 00AD0 8087A1C0 03E00008 */  jr      $ra                        
/* 00AD4 8087A1C4 00000000 */  nop


glabel func_8087A1C8
/* 00AD8 8087A1C8 44802000 */  mtc1    $zero, $f4                 ## $f4 = 0.00
/* 00ADC 8087A1CC 3C0F8088 */  lui     $t7, %hi(func_8087A1EC)    ## $t7 = 80880000
/* 00AE0 8087A1D0 240E000F */  addiu   $t6, $zero, 0x000F         ## $t6 = 0000000F
/* 00AE4 8087A1D4 25EFA1EC */  addiu   $t7, $t7, %lo(func_8087A1EC) ## $t7 = 8087A1EC
/* 00AE8 8087A1D8 A48E0190 */  sh      $t6, 0x0190($a0)           ## 00000190
/* 00AEC 8087A1DC AC8F0188 */  sw      $t7, 0x0188($a0)           ## 00000188
/* 00AF0 8087A1E0 E4840070 */  swc1    $f4, 0x0070($a0)           ## 00000070
/* 00AF4 8087A1E4 03E00008 */  jr      $ra                        
/* 00AF8 8087A1E8 00000000 */  nop


glabel func_8087A1EC
/* 00AFC 8087A1EC 27BDFFE0 */  addiu   $sp, $sp, 0xFFE0           ## $sp = FFFFFFE0
/* 00B00 8087A1F0 AFB00018 */  sw      $s0, 0x0018($sp)           
/* 00B04 8087A1F4 00808025 */  or      $s0, $a0, $zero            ## $s0 = 00000000
/* 00B08 8087A1F8 AFBF001C */  sw      $ra, 0x001C($sp)           
/* 00B0C 8087A1FC AFA50024 */  sw      $a1, 0x0024($sp)           
/* 00B10 8087A200 86020190 */  lh      $v0, 0x0190($s0)           ## 00000190
/* 00B14 8087A204 26040058 */  addiu   $a0, $s0, 0x0058           ## $a0 = 00000058
/* 00B18 8087A208 24050000 */  addiu   $a1, $zero, 0x0000         ## $a1 = 00000000
/* 00B1C 8087A20C 10400003 */  beq     $v0, $zero, .L8087A21C     
/* 00B20 8087A210 3C0639B2 */  lui     $a2, 0x39B2                ## $a2 = 39B20000
/* 00B24 8087A214 244EFFFF */  addiu   $t6, $v0, 0xFFFF           ## $t6 = FFFFFFFF
/* 00B28 8087A218 A60E0190 */  sh      $t6, 0x0190($s0)           ## 00000190
.L8087A21C:
/* 00B2C 8087A21C 0C03FC0F */  jal     func_800FF03C              
/* 00B30 8087A220 34C64207 */  ori     $a2, $a2, 0x4207           ## $a2 = 39B24207
/* 00B34 8087A224 C6000058 */  lwc1    $f0, 0x0058($s0)           ## 00000058
/* 00B38 8087A228 860F0190 */  lh      $t7, 0x0190($s0)           ## 00000190
/* 00B3C 8087A22C 02002825 */  or      $a1, $s0, $zero            ## $a1 = 00000000
/* 00B40 8087A230 E6000060 */  swc1    $f0, 0x0060($s0)           ## 00000060
/* 00B44 8087A234 15E00007 */  bne     $t7, $zero, .L8087A254     
/* 00B48 8087A238 E600005C */  swc1    $f0, 0x005C($s0)           ## 0000005C
/* 00B4C 8087A23C 8FA40024 */  lw      $a0, 0x0024($sp)           
/* 00B50 8087A240 26060024 */  addiu   $a2, $s0, 0x0024           ## $a2 = 00000024
/* 00B54 8087A244 0C029F4A */  jal     func_800A7D28              
/* 00B58 8087A248 240700A0 */  addiu   $a3, $zero, 0x00A0         ## $a3 = 000000A0
/* 00B5C 8087A24C 0C02D9C3 */  jal     func_800B670C              
/* 00B60 8087A250 02002025 */  or      $a0, $s0, $zero            ## $a0 = 00000000
.L8087A254:
/* 00B64 8087A254 8FBF001C */  lw      $ra, 0x001C($sp)           
/* 00B68 8087A258 8FB00018 */  lw      $s0, 0x0018($sp)           
/* 00B6C 8087A25C 27BD0020 */  addiu   $sp, $sp, 0x0020           ## $sp = 00000000
/* 00B70 8087A260 03E00008 */  jr      $ra                        
/* 00B74 8087A264 00000000 */  nop


glabel func_8087A268
/* 00B78 8087A268 27BDFFE8 */  addiu   $sp, $sp, 0xFFE8           ## $sp = FFFFFFE8
/* 00B7C 8087A26C AFBF0014 */  sw      $ra, 0x0014($sp)           
/* 00B80 8087A270 00803025 */  or      $a2, $a0, $zero            ## $a2 = 00000000
/* 00B84 8087A274 24040046 */  addiu   $a0, $zero, 0x0046         ## $a0 = 00000046
/* 00B88 8087A278 24050064 */  addiu   $a1, $zero, 0x0064         ## $a1 = 00000064
/* 00B8C 8087A27C 0C03FD14 */  jal     func_800FF450              
/* 00B90 8087A280 AFA60018 */  sw      $a2, 0x0018($sp)           
/* 00B94 8087A284 8FA60018 */  lw      $a2, 0x0018($sp)           
/* 00B98 8087A288 44803000 */  mtc1    $zero, $f6                 ## $f6 = 0.00
/* 00B9C 8087A28C 3C013F80 */  lui     $at, 0x3F80                ## $at = 3F800000
/* 00BA0 8087A290 C4C8009C */  lwc1    $f8, 0x009C($a2)           ## 0000009C
/* 00BA4 8087A294 44812000 */  mtc1    $at, $f4                   ## $f4 = 1.00
/* 00BA8 8087A298 3C0F8088 */  lui     $t7, %hi(func_8087A2D8)    ## $t7 = 80880000
/* 00BAC 8087A29C 4608303C */  c.lt.s  $f6, $f8                   
/* 00BB0 8087A2A0 A4C20190 */  sh      $v0, 0x0190($a2)           ## 00000190
/* 00BB4 8087A2A4 24020C00 */  addiu   $v0, $zero, 0x0C00         ## $v0 = 00000C00
/* 00BB8 8087A2A8 25EFA2D8 */  addiu   $t7, $t7, %lo(func_8087A2D8) ## $t7 = 8087A2D8
/* 00BBC 8087A2AC 45000003 */  bc1f    .L8087A2BC                 
/* 00BC0 8087A2B0 E4C40160 */  swc1    $f4, 0x0160($a2)           ## 00000160
/* 00BC4 8087A2B4 10000001 */  beq     $zero, $zero, .L8087A2BC   
/* 00BC8 8087A2B8 2402F400 */  addiu   $v0, $zero, 0xF400         ## $v0 = FFFFF400
.L8087A2BC:
/* 00BCC 8087A2BC 244E1554 */  addiu   $t6, $v0, 0x1554           ## $t6 = 00000954
/* 00BD0 8087A2C0 A4CE0192 */  sh      $t6, 0x0192($a2)           ## 00000192
/* 00BD4 8087A2C4 ACCF0188 */  sw      $t7, 0x0188($a2)           ## 00000188
/* 00BD8 8087A2C8 8FBF0014 */  lw      $ra, 0x0014($sp)           
/* 00BDC 8087A2CC 27BD0018 */  addiu   $sp, $sp, 0x0018           ## $sp = 00000000
/* 00BE0 8087A2D0 03E00008 */  jr      $ra                        
/* 00BE4 8087A2D4 00000000 */  nop


glabel func_8087A2D8
/* 00BE8 8087A2D8 27BDFFB8 */  addiu   $sp, $sp, 0xFFB8           ## $sp = FFFFFFB8
/* 00BEC 8087A2DC AFB00020 */  sw      $s0, 0x0020($sp)           
/* 00BF0 8087A2E0 00808025 */  or      $s0, $a0, $zero            ## $s0 = 00000000
/* 00BF4 8087A2E4 AFBF0024 */  sw      $ra, 0x0024($sp)           
/* 00BF8 8087A2E8 AFA5004C */  sw      $a1, 0x004C($sp)           
/* 00BFC 8087A2EC 8FAE004C */  lw      $t6, 0x004C($sp)           
/* 00C00 8087A2F0 26040144 */  addiu   $a0, $s0, 0x0144           ## $a0 = 00000144
/* 00C04 8087A2F4 8DCF1CCC */  lw      $t7, 0x1CCC($t6)           ## 00001CCC
/* 00C08 8087A2F8 AFA40030 */  sw      $a0, 0x0030($sp)           
/* 00C0C 8087A2FC 0C04DB34 */  jal     func_80136CD0              
/* 00C10 8087A300 AFAF0044 */  sw      $t7, 0x0044($sp)           
/* 00C14 8087A304 86030190 */  lh      $v1, 0x0190($s0)           ## 00000190
/* 00C18 8087A308 26040070 */  addiu   $a0, $s0, 0x0070           ## $a0 = 00000070
/* 00C1C 8087A30C 3C054080 */  lui     $a1, 0x4080                ## $a1 = 40800000
/* 00C20 8087A310 10600002 */  beq     $v1, $zero, .L8087A31C     
/* 00C24 8087A314 2478FFFF */  addiu   $t8, $v1, 0xFFFF           ## $t8 = FFFFFFFF
/* 00C28 8087A318 A6180190 */  sh      $t8, 0x0190($s0)           ## 00000190
.L8087A31C:
/* 00C2C 8087A31C 0C03FC0F */  jal     func_800FF03C              
/* 00C30 8087A320 3C063F00 */  lui     $a2, 0x3F00                ## $a2 = 3F000000
/* 00C34 8087A324 96190090 */  lhu     $t9, 0x0090($s0)           ## 00000090
/* 00C38 8087A328 24060002 */  addiu   $a2, $zero, 0x0002         ## $a2 = 00000002
/* 00C3C 8087A32C 24070C00 */  addiu   $a3, $zero, 0x0C00         ## $a3 = 00000C00
/* 00C40 8087A330 33280008 */  andi    $t0, $t9, 0x0008           ## $t0 = 00000000
/* 00C44 8087A334 1100000C */  beq     $t0, $zero, .L8087A368     
/* 00C48 8087A338 02002025 */  or      $a0, $s0, $zero            ## $a0 = 00000000
/* 00C4C 8087A33C 86050086 */  lh      $a1, 0x0086($s0)           ## 00000086
/* 00C50 8087A340 24090300 */  addiu   $t1, $zero, 0x0300         ## $t1 = 00000300
/* 00C54 8087A344 AFA90010 */  sw      $t1, 0x0010($sp)           
/* 00C58 8087A348 0C03FFAF */  jal     func_800FFEBC              
/* 00C5C 8087A34C 260400BE */  addiu   $a0, $s0, 0x00BE           ## $a0 = 000000BE
/* 00C60 8087A350 260400BC */  addiu   $a0, $s0, 0x00BC           ## $a0 = 000000BC
/* 00C64 8087A354 86050192 */  lh      $a1, 0x0192($s0)           ## 00000192
/* 00C68 8087A358 0C03FB9C */  jal     func_800FEE70              
/* 00C6C 8087A35C 24060100 */  addiu   $a2, $zero, 0x0100         ## $a2 = 00000100
/* 00C70 8087A360 10000054 */  beq     $zero, $zero, .L8087A4B4   
/* 00C74 8087A364 86080190 */  lh      $t0, 0x0190($s0)           ## 00000190
.L8087A368:
/* 00C78 8087A368 0C02DCF8 */  jal     func_800B73E0              
/* 00C7C 8087A36C 24052800 */  addiu   $a1, $zero, 0x2800         ## $a1 = 00002800
/* 00C80 8087A370 10400029 */  beq     $v0, $zero, .L8087A418     
/* 00C84 8087A374 3C013FC0 */  lui     $at, 0x3FC0                ## $at = 3FC00000
/* 00C88 8087A378 8FA40030 */  lw      $a0, 0x0030($sp)           
/* 00C8C 8087A37C 0C04DE2E */  jal     func_801378B8              
/* 00C90 8087A380 3C054080 */  lui     $a1, 0x4080                ## $a1 = 40800000
/* 00C94 8087A384 10400006 */  beq     $v0, $zero, .L8087A3A0     
/* 00C98 8087A388 260400BE */  addiu   $a0, $s0, 0x00BE           ## $a0 = 000000BE
/* 00C9C 8087A38C 3C014080 */  lui     $at, 0x4080                ## $at = 40800000
/* 00CA0 8087A390 44802000 */  mtc1    $zero, $f4                 ## $f4 = 0.00
/* 00CA4 8087A394 44813000 */  mtc1    $at, $f6                   ## $f6 = 4.00
/* 00CA8 8087A398 E6040160 */  swc1    $f4, 0x0160($s0)           ## 00000160
/* 00CAC 8087A39C E606015C */  swc1    $f6, 0x015C($s0)           ## 0000015C
.L8087A3A0:
/* 00CB0 8087A3A0 86050092 */  lh      $a1, 0x0092($s0)           ## 00000092
/* 00CB4 8087A3A4 240A0300 */  addiu   $t2, $zero, 0x0300         ## $t2 = 00000300
/* 00CB8 8087A3A8 AFAA0010 */  sw      $t2, 0x0010($sp)           
/* 00CBC 8087A3AC 24060002 */  addiu   $a2, $zero, 0x0002         ## $a2 = 00000002
/* 00CC0 8087A3B0 0C03FFAF */  jal     func_800FFEBC              
/* 00CC4 8087A3B4 24070C00 */  addiu   $a3, $zero, 0x0C00         ## $a3 = 00000C00
/* 00CC8 8087A3B8 8FA30044 */  lw      $v1, 0x0044($sp)           
/* 00CCC 8087A3BC 3C0141A0 */  lui     $at, 0x41A0                ## $at = 41A00000
/* 00CD0 8087A3C0 44818000 */  mtc1    $at, $f16                  ## $f16 = 20.00
/* 00CD4 8087A3C4 C4680024 */  lwc1    $f8, 0x0024($v1)           ## 00000024
/* 00CD8 8087A3C8 02002025 */  or      $a0, $s0, $zero            ## $a0 = 00000000
/* 00CDC 8087A3CC 27A50038 */  addiu   $a1, $sp, 0x0038           ## $a1 = FFFFFFF0
/* 00CE0 8087A3D0 E7A80038 */  swc1    $f8, 0x0038($sp)           
/* 00CE4 8087A3D4 C46A0028 */  lwc1    $f10, 0x0028($v1)          ## 00000028
/* 00CE8 8087A3D8 46105480 */  add.s   $f18, $f10, $f16           
/* 00CEC 8087A3DC E7B2003C */  swc1    $f18, 0x003C($sp)          
/* 00CF0 8087A3E0 C464002C */  lwc1    $f4, 0x002C($v1)           ## 0000002C
/* 00CF4 8087A3E4 0C02DB6A */  jal     func_800B6DA8              
/* 00CF8 8087A3E8 E7A40040 */  swc1    $f4, 0x0040($sp)           
/* 00CFC 8087A3EC 24451554 */  addiu   $a1, $v0, 0x1554           ## $a1 = 00001554
/* 00D00 8087A3F0 00052C00 */  sll     $a1, $a1, 16               
/* 00D04 8087A3F4 240B0100 */  addiu   $t3, $zero, 0x0100         ## $t3 = 00000100
/* 00D08 8087A3F8 AFAB0010 */  sw      $t3, 0x0010($sp)           
/* 00D0C 8087A3FC 00052C03 */  sra     $a1, $a1, 16               
/* 00D10 8087A400 260400BC */  addiu   $a0, $s0, 0x00BC           ## $a0 = 000000BC
/* 00D14 8087A404 24060002 */  addiu   $a2, $zero, 0x0002         ## $a2 = 00000002
/* 00D18 8087A408 0C03FFAF */  jal     func_800FFEBC              
/* 00D1C 8087A40C 24070400 */  addiu   $a3, $zero, 0x0400         ## $a3 = 00000400
/* 00D20 8087A410 10000028 */  beq     $zero, $zero, .L8087A4B4   
/* 00D24 8087A414 86080190 */  lh      $t0, 0x0190($s0)           ## 00000190
.L8087A418:
/* 00D28 8087A418 44813000 */  mtc1    $at, $f6                   ## $f6 = 0.00
/* 00D2C 8087A41C 3C0142A0 */  lui     $at, 0x42A0                ## $at = 42A00000
/* 00D30 8087A420 44814000 */  mtc1    $at, $f8                   ## $f8 = 80.00
/* 00D34 8087A424 C60A0098 */  lwc1    $f10, 0x0098($s0)          ## 00000098
/* 00D38 8087A428 260400BE */  addiu   $a0, $s0, 0x00BE           ## $a0 = 000000BE
/* 00D3C 8087A42C 24060002 */  addiu   $a2, $zero, 0x0002         ## $a2 = 00000002
/* 00D40 8087A430 460A403C */  c.lt.s  $f8, $f10                  
/* 00D44 8087A434 24070C00 */  addiu   $a3, $zero, 0x0C00         ## $a3 = 00000C00
/* 00D48 8087A438 240C0300 */  addiu   $t4, $zero, 0x0300         ## $t4 = 00000300
/* 00D4C 8087A43C E6060160 */  swc1    $f6, 0x0160($s0)           ## 00000160
/* 00D50 8087A440 45020005 */  bc1fl   .L8087A458                 
/* 00D54 8087A444 96020090 */  lhu     $v0, 0x0090($s0)           ## 00000090
/* 00D58 8087A448 86050092 */  lh      $a1, 0x0092($s0)           ## 00000092
/* 00D5C 8087A44C 0C03FFAF */  jal     func_800FFEBC              
/* 00D60 8087A450 AFAC0010 */  sw      $t4, 0x0010($sp)           
/* 00D64 8087A454 96020090 */  lhu     $v0, 0x0090($s0)           ## 00000090
.L8087A458:
/* 00D68 8087A458 240E0954 */  addiu   $t6, $zero, 0x0954         ## $t6 = 00000954
/* 00D6C 8087A45C 260400BC */  addiu   $a0, $s0, 0x00BC           ## $a0 = 000000BC
/* 00D70 8087A460 304D0001 */  andi    $t5, $v0, 0x0001           ## $t5 = 00000000
/* 00D74 8087A464 11A00003 */  beq     $t5, $zero, .L8087A474     
/* 00D78 8087A468 24060100 */  addiu   $a2, $zero, 0x0100         ## $a2 = 00000100
/* 00D7C 8087A46C A60E0192 */  sh      $t6, 0x0192($s0)           ## 00000192
/* 00D80 8087A470 96020090 */  lhu     $v0, 0x0090($s0)           ## 00000090
.L8087A474:
/* 00D84 8087A474 304F0010 */  andi    $t7, $v0, 0x0010           ## $t7 = 00000000
/* 00D88 8087A478 15E00008 */  bne     $t7, $zero, .L8087A49C     
/* 00D8C 8087A47C 24182154 */  addiu   $t8, $zero, 0x2154         ## $t8 = 00002154
/* 00D90 8087A480 C61002E4 */  lwc1    $f16, 0x02E4($s0)          ## 000002E4
/* 00D94 8087A484 C6120028 */  lwc1    $f18, 0x0028($s0)          ## 00000028
/* 00D98 8087A488 24190954 */  addiu   $t9, $zero, 0x0954         ## $t9 = 00000954
/* 00D9C 8087A48C 4612803C */  c.lt.s  $f16, $f18                 
/* 00DA0 8087A490 00000000 */  nop
/* 00DA4 8087A494 45020004 */  bc1fl   .L8087A4A8                 
/* 00DA8 8087A498 A6190192 */  sh      $t9, 0x0192($s0)           ## 00000192
.L8087A49C:
/* 00DAC 8087A49C 10000002 */  beq     $zero, $zero, .L8087A4A8   
/* 00DB0 8087A4A0 A6180192 */  sh      $t8, 0x0192($s0)           ## 00000192
/* 00DB4 8087A4A4 A6190192 */  sh      $t9, 0x0192($s0)           ## 00000192
.L8087A4A8:
/* 00DB8 8087A4A8 0C03FB9C */  jal     func_800FEE70              
/* 00DBC 8087A4AC 86050192 */  lh      $a1, 0x0192($s0)           ## 00000192
/* 00DC0 8087A4B0 86080190 */  lh      $t0, 0x0190($s0)           ## 00000190
.L8087A4B4:
/* 00DC4 8087A4B4 1100000E */  beq     $t0, $zero, .L8087A4F0     
/* 00DC8 8087A4B8 00000000 */  nop
/* 00DCC 8087A4BC 0C04900F */  jal     func_8012403C              
/* 00DD0 8087A4C0 8FA4004C */  lw      $a0, 0x004C($sp)           
/* 00DD4 8087A4C4 24010010 */  addiu   $at, $zero, 0x0010         ## $at = 00000010
/* 00DD8 8087A4C8 10410009 */  beq     $v0, $at, .L8087A4F0       
/* 00DDC 8087A4CC 00000000 */  nop
/* 00DE0 8087A4D0 8FA20044 */  lw      $v0, 0x0044($sp)           
/* 00DE4 8087A4D4 8C490A70 */  lw      $t1, 0x0A70($v0)           ## 00000A70
/* 00DE8 8087A4D8 312A0080 */  andi    $t2, $t1, 0x0080           ## $t2 = 00000000
/* 00DEC 8087A4DC 15400004 */  bne     $t2, $zero, .L8087A4F0     
/* 00DF0 8087A4E0 00000000 */  nop
/* 00DF4 8087A4E4 944B0118 */  lhu     $t3, 0x0118($v0)           ## 00000118
/* 00DF8 8087A4E8 59600004 */  blezl   $t3, .L8087A4FC            
/* 00DFC 8087A4EC 8FBF0024 */  lw      $ra, 0x0024($sp)           
.L8087A4F0:
/* 00E00 8087A4F0 0C21E977 */  jal     func_8087A5DC              
/* 00E04 8087A4F4 02002025 */  or      $a0, $s0, $zero            ## $a0 = 00000000
/* 00E08 8087A4F8 8FBF0024 */  lw      $ra, 0x0024($sp)           
.L8087A4FC:
/* 00E0C 8087A4FC 8FB00020 */  lw      $s0, 0x0020($sp)           
/* 00E10 8087A500 27BD0048 */  addiu   $sp, $sp, 0x0048           ## $sp = 00000000
/* 00E14 8087A504 03E00008 */  jr      $ra                        
/* 00E18 8087A508 00000000 */  nop


glabel func_8087A50C
/* 00E1C 8087A50C 3C013F80 */  lui     $at, 0x3F80                ## $at = 3F800000
/* 00E20 8087A510 44812000 */  mtc1    $at, $f4                   ## $f4 = 1.00
/* 00E24 8087A514 3C014020 */  lui     $at, 0x4020                ## $at = 40200000
/* 00E28 8087A518 44813000 */  mtc1    $at, $f6                   ## $f6 = 2.50
/* 00E2C 8087A51C 3C188088 */  lui     $t8, %hi(func_8087A548)    ## $t8 = 80880000
/* 00E30 8087A520 240E7000 */  addiu   $t6, $zero, 0x7000         ## $t6 = 00007000
/* 00E34 8087A524 240F0012 */  addiu   $t7, $zero, 0x0012         ## $t7 = 00000012
/* 00E38 8087A528 2718A548 */  addiu   $t8, $t8, %lo(func_8087A548) ## $t8 = 8087A548
/* 00E3C 8087A52C A48E0030 */  sh      $t6, 0x0030($a0)           ## 00000030
/* 00E40 8087A530 A48F0190 */  sh      $t7, 0x0190($a0)           ## 00000190
/* 00E44 8087A534 AC980188 */  sw      $t8, 0x0188($a0)           ## 00000188
/* 00E48 8087A538 E4840160 */  swc1    $f4, 0x0160($a0)           ## 00000160
/* 00E4C 8087A53C E4860070 */  swc1    $f6, 0x0070($a0)           ## 00000070
/* 00E50 8087A540 03E00008 */  jr      $ra                        
/* 00E54 8087A544 00000000 */  nop


glabel func_8087A548
/* 00E58 8087A548 27BDFFE0 */  addiu   $sp, $sp, 0xFFE0           ## $sp = FFFFFFE0
/* 00E5C 8087A54C AFB00018 */  sw      $s0, 0x0018($sp)           
/* 00E60 8087A550 00808025 */  or      $s0, $a0, $zero            ## $s0 = 00000000
/* 00E64 8087A554 AFBF001C */  sw      $ra, 0x001C($sp)           
/* 00E68 8087A558 AFA50024 */  sw      $a1, 0x0024($sp)           
/* 00E6C 8087A55C 0C04DB34 */  jal     func_80136CD0              
/* 00E70 8087A560 26040144 */  addiu   $a0, $s0, 0x0144           ## $a0 = 00000144
/* 00E74 8087A564 260400BC */  addiu   $a0, $s0, 0x00BC           ## $a0 = 000000BC
/* 00E78 8087A568 00002825 */  or      $a1, $zero, $zero          ## $a1 = 00000000
/* 00E7C 8087A56C 0C03FB9C */  jal     func_800FEE70              
/* 00E80 8087A570 24060100 */  addiu   $a2, $zero, 0x0100         ## $a2 = 00000100
/* 00E84 8087A574 3C063ECC */  lui     $a2, 0x3ECC                ## $a2 = 3ECC0000
/* 00E88 8087A578 34C6CCCD */  ori     $a2, $a2, 0xCCCD           ## $a2 = 3ECCCCCD
/* 00E8C 8087A57C 26040068 */  addiu   $a0, $s0, 0x0068           ## $a0 = 00000068
/* 00E90 8087A580 0C03FC0F */  jal     func_800FF03C              
/* 00E94 8087A584 24050000 */  addiu   $a1, $zero, 0x0000         ## $a1 = 00000000
/* 00E98 8087A588 3C063E19 */  lui     $a2, 0x3E19                ## $a2 = 3E190000
/* 00E9C 8087A58C 34C6999A */  ori     $a2, $a2, 0x999A           ## $a2 = 3E19999A
/* 00EA0 8087A590 26040070 */  addiu   $a0, $s0, 0x0070           ## $a0 = 00000070
/* 00EA4 8087A594 0C03FC0F */  jal     func_800FF03C              
/* 00EA8 8087A598 24050000 */  addiu   $a1, $zero, 0x0000         ## $a1 = 00000000
/* 00EAC 8087A59C 5040000B */  beql    $v0, $zero, .L8087A5CC     
/* 00EB0 8087A5A0 8FBF001C */  lw      $ra, 0x001C($sp)           
/* 00EB4 8087A5A4 86020190 */  lh      $v0, 0x0190($s0)           ## 00000190
/* 00EB8 8087A5A8 10400003 */  beq     $v0, $zero, .L8087A5B8     
/* 00EBC 8087A5AC 244EFFFF */  addiu   $t6, $v0, 0xFFFF           ## $t6 = FFFFFFFF
/* 00EC0 8087A5B0 A60E0190 */  sh      $t6, 0x0190($s0)           ## 00000190
/* 00EC4 8087A5B4 86020190 */  lh      $v0, 0x0190($s0)           ## 00000190
.L8087A5B8:
/* 00EC8 8087A5B8 54400004 */  bnel    $v0, $zero, .L8087A5CC     
/* 00ECC 8087A5BC 8FBF001C */  lw      $ra, 0x001C($sp)           
/* 00ED0 8087A5C0 0C21E977 */  jal     func_8087A5DC              
/* 00ED4 8087A5C4 02002025 */  or      $a0, $s0, $zero            ## $a0 = 00000000
/* 00ED8 8087A5C8 8FBF001C */  lw      $ra, 0x001C($sp)           
.L8087A5CC:
/* 00EDC 8087A5CC 8FB00018 */  lw      $s0, 0x0018($sp)           
/* 00EE0 8087A5D0 27BD0020 */  addiu   $sp, $sp, 0x0020           ## $sp = 00000000
/* 00EE4 8087A5D4 03E00008 */  jr      $ra                        
/* 00EE8 8087A5D8 00000000 */  nop


glabel func_8087A5DC
/* 00EEC 8087A5DC 3C013F80 */  lui     $at, 0x3F80                ## $at = 3F800000
/* 00EF0 8087A5E0 44812000 */  mtc1    $at, $f4                   ## $f4 = 1.00
/* 00EF4 8087A5E4 3C188088 */  lui     $t8, %hi(func_8087A60C)    ## $t8 = 80880000
/* 00EF8 8087A5E8 240E0096 */  addiu   $t6, $zero, 0x0096         ## $t6 = 00000096
/* 00EFC 8087A5EC 240F0954 */  addiu   $t7, $zero, 0x0954         ## $t7 = 00000954
/* 00F00 8087A5F0 2718A60C */  addiu   $t8, $t8, %lo(func_8087A60C) ## $t8 = 8087A60C
/* 00F04 8087A5F4 A48E0190 */  sh      $t6, 0x0190($a0)           ## 00000190
/* 00F08 8087A5F8 A48F0192 */  sh      $t7, 0x0192($a0)           ## 00000192
/* 00F0C 8087A5FC AC980188 */  sw      $t8, 0x0188($a0)           ## 00000188
/* 00F10 8087A600 E4840160 */  swc1    $f4, 0x0160($a0)           ## 00000160
/* 00F14 8087A604 03E00008 */  jr      $ra                        
/* 00F18 8087A608 00000000 */  nop


glabel func_8087A60C
/* 00F1C 8087A60C 27BDFFD8 */  addiu   $sp, $sp, 0xFFD8           ## $sp = FFFFFFD8
/* 00F20 8087A610 AFB00020 */  sw      $s0, 0x0020($sp)           
/* 00F24 8087A614 00808025 */  or      $s0, $a0, $zero            ## $s0 = 00000000
/* 00F28 8087A618 AFBF0024 */  sw      $ra, 0x0024($sp)           
/* 00F2C 8087A61C AFA5002C */  sw      $a1, 0x002C($sp)           
/* 00F30 8087A620 0C04DB34 */  jal     func_80136CD0              
/* 00F34 8087A624 26040144 */  addiu   $a0, $s0, 0x0144           ## $a0 = 00000144
/* 00F38 8087A628 86030190 */  lh      $v1, 0x0190($s0)           ## 00000190
/* 00F3C 8087A62C 26040024 */  addiu   $a0, $s0, 0x0024           ## $a0 = 00000024
/* 00F40 8087A630 10600002 */  beq     $v1, $zero, .L8087A63C     
/* 00F44 8087A634 246EFFFF */  addiu   $t6, $v1, 0xFFFF           ## $t6 = FFFFFFFF
/* 00F48 8087A638 A60E0190 */  sh      $t6, 0x0190($s0)           ## 00000190
.L8087A63C:
/* 00F4C 8087A63C C6040028 */  lwc1    $f4, 0x0028($s0)           ## 00000028
/* 00F50 8087A640 C60602E4 */  lwc1    $f6, 0x02E4($s0)           ## 000002E4
/* 00F54 8087A644 3C014120 */  lui     $at, 0x4120                ## $at = 41200000
/* 00F58 8087A648 44814000 */  mtc1    $at, $f8                   ## $f8 = 10.00
/* 00F5C 8087A64C 46062001 */  sub.s   $f0, $f4, $f6              
/* 00F60 8087A650 46000005 */  abs.s   $f0, $f0                   
/* 00F64 8087A654 4608003C */  c.lt.s  $f0, $f8                   
/* 00F68 8087A658 00000000 */  nop
/* 00F6C 8087A65C 4502000B */  bc1fl   .L8087A68C                 
/* 00F70 8087A660 860F0190 */  lh      $t7, 0x0190($s0)           ## 00000190
/* 00F74 8087A664 0C03FE4B */  jal     func_800FF92C              
/* 00F78 8087A668 26050008 */  addiu   $a1, $s0, 0x0008           ## $a1 = 00000008
/* 00F7C 8087A66C 3C0141A0 */  lui     $at, 0x41A0                ## $at = 41A00000
/* 00F80 8087A670 44815000 */  mtc1    $at, $f10                  ## $f10 = 20.00
/* 00F84 8087A674 00000000 */  nop
/* 00F88 8087A678 460A003C */  c.lt.s  $f0, $f10                  
/* 00F8C 8087A67C 00000000 */  nop
/* 00F90 8087A680 45010006 */  bc1t    .L8087A69C                 
/* 00F94 8087A684 00000000 */  nop
/* 00F98 8087A688 860F0190 */  lh      $t7, 0x0190($s0)           ## 00000190
.L8087A68C:
/* 00F9C 8087A68C 26040070 */  addiu   $a0, $s0, 0x0070           ## $a0 = 00000070
/* 00FA0 8087A690 3C054040 */  lui     $a1, 0x4040                ## $a1 = 40400000
/* 00FA4 8087A694 15E00005 */  bne     $t7, $zero, .L8087A6AC     
/* 00FA8 8087A698 3C063E99 */  lui     $a2, 0x3E99                ## $a2 = 3E990000
.L8087A69C:
/* 00FAC 8087A69C 0C21E705 */  jal     func_80879C14              
/* 00FB0 8087A6A0 02002025 */  or      $a0, $s0, $zero            ## $a0 = 00000000
/* 00FB4 8087A6A4 1000002F */  beq     $zero, $zero, .L8087A764   
/* 00FB8 8087A6A8 8FBF0024 */  lw      $ra, 0x0024($sp)           
.L8087A6AC:
/* 00FBC 8087A6AC 0C03FC0F */  jal     func_800FF03C              
/* 00FC0 8087A6B0 34C6999A */  ori     $a2, $a2, 0x999A           ## $a2 = 0000999A
/* 00FC4 8087A6B4 96030090 */  lhu     $v1, 0x0090($s0)           ## 00000090
/* 00FC8 8087A6B8 24190954 */  addiu   $t9, $zero, 0x0954         ## $t9 = 00000954
/* 00FCC 8087A6BC 02002025 */  or      $a0, $s0, $zero            ## $a0 = 00000000
/* 00FD0 8087A6C0 30780001 */  andi    $t8, $v1, 0x0001           ## $t8 = 00000000
/* 00FD4 8087A6C4 13000003 */  beq     $t8, $zero, .L8087A6D4     
/* 00FD8 8087A6C8 30680010 */  andi    $t0, $v1, 0x0010           ## $t0 = 00000000
/* 00FDC 8087A6CC 1000000D */  beq     $zero, $zero, .L8087A704   
/* 00FE0 8087A6D0 A6190192 */  sh      $t9, 0x0192($s0)           ## 00000192
.L8087A6D4:
/* 00FE4 8087A6D4 15000008 */  bne     $t0, $zero, .L8087A6F8     
/* 00FE8 8087A6D8 24092154 */  addiu   $t1, $zero, 0x2154         ## $t1 = 00002154
/* 00FEC 8087A6DC C61002E4 */  lwc1    $f16, 0x02E4($s0)          ## 000002E4
/* 00FF0 8087A6E0 C6120028 */  lwc1    $f18, 0x0028($s0)          ## 00000028
/* 00FF4 8087A6E4 240A0954 */  addiu   $t2, $zero, 0x0954         ## $t2 = 00000954
/* 00FF8 8087A6E8 4612803C */  c.lt.s  $f16, $f18                 
/* 00FFC 8087A6EC 00000000 */  nop
/* 01000 8087A6F0 45020004 */  bc1fl   .L8087A704                 
/* 01004 8087A6F4 A60A0192 */  sh      $t2, 0x0192($s0)           ## 00000192
.L8087A6F8:
/* 01008 8087A6F8 10000002 */  beq     $zero, $zero, .L8087A704   
/* 0100C 8087A6FC A6090192 */  sh      $t1, 0x0192($s0)           ## 00000192
/* 01010 8087A700 A60A0192 */  sh      $t2, 0x0192($s0)           ## 00000192
.L8087A704:
/* 01014 8087A704 960B0090 */  lhu     $t3, 0x0090($s0)           ## 00000090
/* 01018 8087A708 24060002 */  addiu   $a2, $zero, 0x0002         ## $a2 = 00000002
/* 0101C 8087A70C 24070C00 */  addiu   $a3, $zero, 0x0C00         ## $a3 = 00000C00
/* 01020 8087A710 316C0008 */  andi    $t4, $t3, 0x0008           ## $t4 = 00000000
/* 01024 8087A714 11800007 */  beq     $t4, $zero, .L8087A734     
/* 01028 8087A718 240D0300 */  addiu   $t5, $zero, 0x0300         ## $t5 = 00000300
/* 0102C 8087A71C 86050086 */  lh      $a1, 0x0086($s0)           ## 00000086
/* 01030 8087A720 AFAD0010 */  sw      $t5, 0x0010($sp)           
/* 01034 8087A724 0C03FFAF */  jal     func_800FFEBC              
/* 01038 8087A728 260400BE */  addiu   $a0, $s0, 0x00BE           ## $a0 = 000000BE
/* 0103C 8087A72C 10000009 */  beq     $zero, $zero, .L8087A754   
/* 01040 8087A730 260400BC */  addiu   $a0, $s0, 0x00BC           ## $a0 = 000000BC
.L8087A734:
/* 01044 8087A734 0C02DB4B */  jal     func_800B6D2C              
/* 01048 8087A738 26050008 */  addiu   $a1, $s0, 0x0008           ## $a1 = 00000008
/* 0104C 8087A73C 00022C00 */  sll     $a1, $v0, 16               
/* 01050 8087A740 00052C03 */  sra     $a1, $a1, 16               
/* 01054 8087A744 260400BE */  addiu   $a0, $s0, 0x00BE           ## $a0 = 000000BE
/* 01058 8087A748 0C03FB9C */  jal     func_800FEE70              
/* 0105C 8087A74C 24060300 */  addiu   $a2, $zero, 0x0300         ## $a2 = 00000300
/* 01060 8087A750 260400BC */  addiu   $a0, $s0, 0x00BC           ## $a0 = 000000BC
.L8087A754:
/* 01064 8087A754 86050192 */  lh      $a1, 0x0192($s0)           ## 00000192
/* 01068 8087A758 0C03FB9C */  jal     func_800FEE70              
/* 0106C 8087A75C 24060100 */  addiu   $a2, $zero, 0x0100         ## $a2 = 00000100
/* 01070 8087A760 8FBF0024 */  lw      $ra, 0x0024($sp)           
.L8087A764:
/* 01074 8087A764 8FB00020 */  lw      $s0, 0x0020($sp)           
/* 01078 8087A768 27BD0028 */  addiu   $sp, $sp, 0x0028           ## $sp = 00000000
/* 0107C 8087A76C 03E00008 */  jr      $ra                        
/* 01080 8087A770 00000000 */  nop


glabel func_8087A774
/* 01084 8087A774 27BDFFD0 */  addiu   $sp, $sp, 0xFFD0           ## $sp = FFFFFFD0
/* 01088 8087A778 AFB00020 */  sw      $s0, 0x0020($sp)           
/* 0108C 8087A77C 00808025 */  or      $s0, $a0, $zero            ## $s0 = 00000000
/* 01090 8087A780 AFBF0024 */  sw      $ra, 0x0024($sp)           
/* 01094 8087A784 920E018E */  lbu     $t6, 0x018E($s0)           ## 0000018E
/* 01098 8087A788 02002025 */  or      $a0, $s0, $zero            ## $a0 = 00000000
/* 0109C 8087A78C 00002825 */  or      $a1, $zero, $zero          ## $a1 = 00000000
/* 010A0 8087A790 11C0000A */  beq     $t6, $zero, .L8087A7BC     
/* 010A4 8087A794 240600FF */  addiu   $a2, $zero, 0x00FF         ## $a2 = 000000FF
/* 010A8 8087A798 860F0190 */  lh      $t7, 0x0190($s0)           ## 00000190
/* 010AC 8087A79C 02002025 */  or      $a0, $s0, $zero            ## $a0 = 00000000
/* 010B0 8087A7A0 00002825 */  or      $a1, $zero, $zero          ## $a1 = 00000000
/* 010B4 8087A7A4 240600FF */  addiu   $a2, $zero, 0x00FF         ## $a2 = 000000FF
/* 010B8 8087A7A8 24072000 */  addiu   $a3, $zero, 0x2000         ## $a3 = 00002000
/* 010BC 8087A7AC 0C02F2DC */  jal     func_800BCB70              
/* 010C0 8087A7B0 AFAF0010 */  sw      $t7, 0x0010($sp)           
/* 010C4 8087A7B4 10000006 */  beq     $zero, $zero, .L8087A7D0   
/* 010C8 8087A7B8 8E190188 */  lw      $t9, 0x0188($s0)           ## 00000188
.L8087A7BC:
/* 010CC 8087A7BC 86180190 */  lh      $t8, 0x0190($s0)           ## 00000190
/* 010D0 8087A7C0 00003825 */  or      $a3, $zero, $zero          ## $a3 = 00000000
/* 010D4 8087A7C4 0C02F2DC */  jal     func_800BCB70              
/* 010D8 8087A7C8 AFB80010 */  sw      $t8, 0x0010($sp)           
/* 010DC 8087A7CC 8E190188 */  lw      $t9, 0x0188($s0)           ## 00000188
.L8087A7D0:
/* 010E0 8087A7D0 3C028088 */  lui     $v0, %hi(func_8087A818)    ## $v0 = 80880000
/* 010E4 8087A7D4 2442A818 */  addiu   $v0, $v0, %lo(func_8087A818) ## $v0 = 8087A818
/* 010E8 8087A7D8 10590005 */  beq     $v0, $t9, .L8087A7F0       
/* 010EC 8087A7DC 02002025 */  or      $a0, $s0, $zero            ## $a0 = 00000000
/* 010F0 8087A7E0 44800000 */  mtc1    $zero, $f0                 ## $f0 = 0.00
/* 010F4 8087A7E4 00000000 */  nop
/* 010F8 8087A7E8 E6000068 */  swc1    $f0, 0x0068($s0)           ## 00000068
/* 010FC 8087A7EC E6000070 */  swc1    $f0, 0x0070($s0)           ## 00000070
.L8087A7F0:
/* 01100 8087A7F0 A200018C */  sb      $zero, 0x018C($s0)         ## 0000018C
/* 01104 8087A7F4 AFA2002C */  sw      $v0, 0x002C($sp)           
/* 01108 8087A7F8 0C02E3B2 */  jal     func_800B8EC8              
/* 0110C 8087A7FC 2405389E */  addiu   $a1, $zero, 0x389E         ## $a1 = 0000389E
/* 01110 8087A800 8FA2002C */  lw      $v0, 0x002C($sp)           
/* 01114 8087A804 AE020188 */  sw      $v0, 0x0188($s0)           ## 00000188
/* 01118 8087A808 8FBF0024 */  lw      $ra, 0x0024($sp)           
/* 0111C 8087A80C 8FB00020 */  lw      $s0, 0x0020($sp)           
/* 01120 8087A810 03E00008 */  jr      $ra                        
/* 01124 8087A814 27BD0030 */  addiu   $sp, $sp, 0x0030           ## $sp = 00000000


glabel func_8087A818
/* 01128 8087A818 27BDFFE8 */  addiu   $sp, $sp, 0xFFE8           ## $sp = FFFFFFE8
/* 0112C 8087A81C AFBF0014 */  sw      $ra, 0x0014($sp)           
/* 01130 8087A820 AFA5001C */  sw      $a1, 0x001C($sp)           
/* 01134 8087A824 00803825 */  or      $a3, $a0, $zero            ## $a3 = 00000000
/* 01138 8087A828 24E400BC */  addiu   $a0, $a3, 0x00BC           ## $a0 = 000000BC
/* 0113C 8087A82C 24051554 */  addiu   $a1, $zero, 0x1554         ## $a1 = 00001554
/* 01140 8087A830 24060100 */  addiu   $a2, $zero, 0x0100         ## $a2 = 00000100
/* 01144 8087A834 0C03FB9C */  jal     func_800FEE70              
/* 01148 8087A838 AFA70018 */  sw      $a3, 0x0018($sp)           
/* 0114C 8087A83C 8FA70018 */  lw      $a3, 0x0018($sp)           
/* 01150 8087A840 3C01C6FA */  lui     $at, 0xC6FA                ## $at = C6FA0000
/* 01154 8087A844 94EE0090 */  lhu     $t6, 0x0090($a3)           ## 00000090
/* 01158 8087A848 31CF0001 */  andi    $t7, $t6, 0x0001           ## $t7 = 00000000
/* 0115C 8087A84C 55E00008 */  bnel    $t7, $zero, .L8087A870     
/* 01160 8087A850 84E20190 */  lh      $v0, 0x0190($a3)           ## 00000190
/* 01164 8087A854 44812000 */  mtc1    $at, $f4                   ## $f4 = -32000.00
/* 01168 8087A858 C4E60088 */  lwc1    $f6, 0x0088($a3)           ## 00000088
/* 0116C 8087A85C 46062032 */  c.eq.s  $f4, $f6                   
/* 01170 8087A860 00000000 */  nop
/* 01174 8087A864 45020017 */  bc1fl   .L8087A8C4                 
/* 01178 8087A868 44804000 */  mtc1    $zero, $f8                 ## $f8 = 0.00
/* 0117C 8087A86C 84E20190 */  lh      $v0, 0x0190($a3)           ## 00000190
.L8087A870:
/* 01180 8087A870 10400003 */  beq     $v0, $zero, .L8087A880     
/* 01184 8087A874 2458FFFF */  addiu   $t8, $v0, 0xFFFF           ## $t8 = FFFFFFFF
/* 01188 8087A878 A4F80190 */  sh      $t8, 0x0190($a3)           ## 00000190
/* 0118C 8087A87C 84E20190 */  lh      $v0, 0x0190($a3)           ## 00000190
.L8087A880:
/* 01190 8087A880 5440001B */  bnel    $v0, $zero, .L8087A8F0     
/* 01194 8087A884 8FBF0014 */  lw      $ra, 0x0014($sp)           
/* 01198 8087A888 90E2018D */  lbu     $v0, 0x018D($a3)           ## 0000018D
/* 0119C 8087A88C 24190001 */  addiu   $t9, $zero, 0x0001         ## $t9 = 00000001
/* 011A0 8087A890 24010004 */  addiu   $at, $zero, 0x0004         ## $at = 00000004
/* 011A4 8087A894 14400003 */  bne     $v0, $zero, .L8087A8A4     
/* 011A8 8087A898 00000000 */  nop
/* 011AC 8087A89C 10000004 */  beq     $zero, $zero, .L8087A8B0   
/* 011B0 8087A8A0 A0F9018C */  sb      $t9, 0x018C($a3)           ## 0000018C
.L8087A8A4:
/* 011B4 8087A8A4 14410002 */  bne     $v0, $at, .L8087A8B0       
/* 011B8 8087A8A8 24080002 */  addiu   $t0, $zero, 0x0002         ## $t0 = 00000002
/* 011BC 8087A8AC A0E8018C */  sb      $t0, 0x018C($a3)           ## 0000018C
.L8087A8B0:
/* 011C0 8087A8B0 0C21E705 */  jal     func_80879C14              
/* 011C4 8087A8B4 00E02025 */  or      $a0, $a3, $zero            ## $a0 = 00000000
/* 011C8 8087A8B8 1000000D */  beq     $zero, $zero, .L8087A8F0   
/* 011CC 8087A8BC 8FBF0014 */  lw      $ra, 0x0014($sp)           
/* 011D0 8087A8C0 44804000 */  mtc1    $zero, $f8                 ## $f8 = 0.00
.L8087A8C4:
/* 011D4 8087A8C4 C4EA02E8 */  lwc1    $f10, 0x02E8($a3)          ## 000002E8
/* 011D8 8087A8C8 24090028 */  addiu   $t1, $zero, 0x0028         ## $t1 = 00000028
/* 011DC 8087A8CC A0E9011C */  sb      $t1, 0x011C($a3)           ## 0000011C
/* 011E0 8087A8D0 460A403C */  c.lt.s  $f8, $f10                  
/* 011E4 8087A8D4 3C014000 */  lui     $at, 0x4000                ## $at = 40000000
/* 011E8 8087A8D8 45020005 */  bc1fl   .L8087A8F0                 
/* 011EC 8087A8DC 8FBF0014 */  lw      $ra, 0x0014($sp)           
/* 011F0 8087A8E0 44818000 */  mtc1    $at, $f16                  ## $f16 = 2.00
/* 011F4 8087A8E4 00000000 */  nop
/* 011F8 8087A8E8 E4F002E8 */  swc1    $f16, 0x02E8($a3)          ## 000002E8
/* 011FC 8087A8EC 8FBF0014 */  lw      $ra, 0x0014($sp)           
.L8087A8F0:
/* 01200 8087A8F0 27BD0018 */  addiu   $sp, $sp, 0x0018           ## $sp = 00000000
/* 01204 8087A8F4 03E00008 */  jr      $ra                        
/* 01208 8087A8F8 00000000 */  nop


glabel func_8087A8FC
/* 0120C 8087A8FC 44802000 */  mtc1    $zero, $f4                 ## $f4 = 0.00
/* 01210 8087A900 3C0F8088 */  lui     $t7, %hi(func_8087A920)    ## $t7 = 80880000
/* 01214 8087A904 240E0001 */  addiu   $t6, $zero, 0x0001         ## $t6 = 00000001
/* 01218 8087A908 25EFA920 */  addiu   $t7, $t7, %lo(func_8087A920) ## $t7 = 8087A920
/* 0121C 8087A90C A48E0190 */  sh      $t6, 0x0190($a0)           ## 00000190
/* 01220 8087A910 AC8F0188 */  sw      $t7, 0x0188($a0)           ## 00000188
/* 01224 8087A914 E4840070 */  swc1    $f4, 0x0070($a0)           ## 00000070
/* 01228 8087A918 03E00008 */  jr      $ra                        
/* 0122C 8087A91C 00000000 */  nop


glabel func_8087A920
/* 01230 8087A920 27BDFFD8 */  addiu   $sp, $sp, 0xFFD8           ## $sp = FFFFFFD8
/* 01234 8087A924 AFB00018 */  sw      $s0, 0x0018($sp)           
/* 01238 8087A928 00808025 */  or      $s0, $a0, $zero            ## $s0 = 00000000
/* 0123C 8087A92C AFBF001C */  sw      $ra, 0x001C($sp)           
/* 01240 8087A930 AFA5002C */  sw      $a1, 0x002C($sp)           
/* 01244 8087A934 260400BC */  addiu   $a0, $s0, 0x00BC           ## $a0 = 000000BC
/* 01248 8087A938 00002825 */  or      $a1, $zero, $zero          ## $a1 = 00000000
/* 0124C 8087A93C 0C03FB9C */  jal     func_800FEE70              
/* 01250 8087A940 24060100 */  addiu   $a2, $zero, 0x0100         ## $a2 = 00000100
/* 01254 8087A944 860E0190 */  lh      $t6, 0x0190($s0)           ## 00000190
/* 01258 8087A948 26040144 */  addiu   $a0, $s0, 0x0144           ## $a0 = 00000144
/* 0125C 8087A94C 11C0000C */  beq     $t6, $zero, .L8087A980     
/* 01260 8087A950 00000000 */  nop
/* 01264 8087A954 0C04DB34 */  jal     func_80136CD0              
/* 01268 8087A958 AFA40024 */  sw      $a0, 0x0024($sp)           
/* 0126C 8087A95C 8FA40024 */  lw      $a0, 0x0024($sp)           
/* 01270 8087A960 0C04DE2E */  jal     func_801378B8              
/* 01274 8087A964 3C0540C0 */  lui     $a1, 0x40C0                ## $a1 = 40C00000
/* 01278 8087A968 50400010 */  beql    $v0, $zero, .L8087A9AC     
/* 0127C 8087A96C 3C0142F0 */  lui     $at, 0x42F0                ## $at = 42F00000
/* 01280 8087A970 860F0190 */  lh      $t7, 0x0190($s0)           ## 00000190
/* 01284 8087A974 25F8FFFF */  addiu   $t8, $t7, 0xFFFF           ## $t8 = FFFFFFFF
/* 01288 8087A978 1000000B */  beq     $zero, $zero, .L8087A9A8   
/* 0128C 8087A97C A6180190 */  sh      $t8, 0x0190($s0)           ## 00000190
.L8087A980:
/* 01290 8087A980 0C021BF7 */  jal     func_80086FDC              
/* 01294 8087A984 00000000 */  nop
/* 01298 8087A988 3C018088 */  lui     $at, %hi(D_8087B524)       ## $at = 80880000
/* 0129C 8087A98C C424B524 */  lwc1    $f4, %lo(D_8087B524)($at)  
/* 012A0 8087A990 24190001 */  addiu   $t9, $zero, 0x0001         ## $t9 = 00000001
/* 012A4 8087A994 4604003C */  c.lt.s  $f0, $f4                   
/* 012A8 8087A998 00000000 */  nop
/* 012AC 8087A99C 45020003 */  bc1fl   .L8087A9AC                 
/* 012B0 8087A9A0 3C0142F0 */  lui     $at, 0x42F0                ## $at = 42F00000
/* 012B4 8087A9A4 A6190190 */  sh      $t9, 0x0190($s0)           ## 00000190
.L8087A9A8:
/* 012B8 8087A9A8 3C0142F0 */  lui     $at, 0x42F0                ## $at = 42F00000
.L8087A9AC:
/* 012BC 8087A9AC 44814000 */  mtc1    $at, $f8                   ## $f8 = 120.00
/* 012C0 8087A9B0 C6060098 */  lwc1    $f6, 0x0098($s0)           ## 00000098
/* 012C4 8087A9B4 4608303C */  c.lt.s  $f6, $f8                   
/* 012C8 8087A9B8 00000000 */  nop
/* 012CC 8087A9BC 45020004 */  bc1fl   .L8087A9D0                 
/* 012D0 8087A9C0 8FBF001C */  lw      $ra, 0x001C($sp)           
/* 012D4 8087A9C4 0C21EA78 */  jal     func_8087A9E0              
/* 012D8 8087A9C8 02002025 */  or      $a0, $s0, $zero            ## $a0 = 00000000
/* 012DC 8087A9CC 8FBF001C */  lw      $ra, 0x001C($sp)           
.L8087A9D0:
/* 012E0 8087A9D0 8FB00018 */  lw      $s0, 0x0018($sp)           
/* 012E4 8087A9D4 27BD0028 */  addiu   $sp, $sp, 0x0028           ## $sp = 00000000
/* 012E8 8087A9D8 03E00008 */  jr      $ra                        
/* 012EC 8087A9DC 00000000 */  nop


glabel func_8087A9E0
/* 012F0 8087A9E0 3C014040 */  lui     $at, 0x4040                ## $at = 40400000
/* 012F4 8087A9E4 44810000 */  mtc1    $at, $f0                   ## $f0 = 3.00
/* 012F8 8087A9E8 240E1554 */  addiu   $t6, $zero, 0x1554         ## $t6 = 00001554
/* 012FC 8087A9EC 848F0092 */  lh      $t7, 0x0092($a0)           ## 00000092
/* 01300 8087A9F0 3C198088 */  lui     $t9, %hi(func_8087AA1C)    ## $t9 = 80880000
/* 01304 8087A9F4 24180032 */  addiu   $t8, $zero, 0x0032         ## $t8 = 00000032
/* 01308 8087A9F8 2739AA1C */  addiu   $t9, $t9, %lo(func_8087AA1C) ## $t9 = 8087AA1C
/* 0130C 8087A9FC E4800160 */  swc1    $f0, 0x0160($a0)           ## 00000160
/* 01310 8087AA00 A48E00BC */  sh      $t6, 0x00BC($a0)           ## 000000BC
/* 01314 8087AA04 A4980190 */  sh      $t8, 0x0190($a0)           ## 00000190
/* 01318 8087AA08 E4800070 */  swc1    $f0, 0x0070($a0)           ## 00000070
/* 0131C 8087AA0C AC990188 */  sw      $t9, 0x0188($a0)           ## 00000188
/* 01320 8087AA10 A48F00BE */  sh      $t7, 0x00BE($a0)           ## 000000BE
/* 01324 8087AA14 03E00008 */  jr      $ra                        
/* 01328 8087AA18 00000000 */  nop


glabel func_8087AA1C
/* 0132C 8087AA1C 27BDFFC8 */  addiu   $sp, $sp, 0xFFC8           ## $sp = FFFFFFC8
/* 01330 8087AA20 AFB00018 */  sw      $s0, 0x0018($sp)           
/* 01334 8087AA24 00808025 */  or      $s0, $a0, $zero            ## $s0 = 00000000
/* 01338 8087AA28 AFBF001C */  sw      $ra, 0x001C($sp)           
/* 0133C 8087AA2C 8CA61CCC */  lw      $a2, 0x1CCC($a1)           ## 00001CCC
/* 01340 8087AA30 26040144 */  addiu   $a0, $s0, 0x0144           ## $a0 = 00000144
/* 01344 8087AA34 0C04DB34 */  jal     func_80136CD0              
/* 01348 8087AA38 AFA60034 */  sw      $a2, 0x0034($sp)           
/* 0134C 8087AA3C 86030190 */  lh      $v1, 0x0190($s0)           ## 00000190
/* 01350 8087AA40 8FA60034 */  lw      $a2, 0x0034($sp)           
/* 01354 8087AA44 260400BC */  addiu   $a0, $s0, 0x00BC           ## $a0 = 000000BC
/* 01358 8087AA48 10600003 */  beq     $v1, $zero, .L8087AA58     
/* 0135C 8087AA4C 246EFFFF */  addiu   $t6, $v1, 0xFFFF           ## $t6 = FFFFFFFF
/* 01360 8087AA50 A60E0190 */  sh      $t6, 0x0190($s0)           ## 00000190
/* 01364 8087AA54 86030190 */  lh      $v1, 0x0190($s0)           ## 00000190
.L8087AA58:
/* 01368 8087AA58 28610028 */  slti    $at, $v1, 0x0028           
/* 0136C 8087AA5C 10200005 */  beq     $at, $zero, .L8087AA74     
/* 01370 8087AA60 2405F554 */  addiu   $a1, $zero, 0xF554         ## $a1 = FFFFF554
/* 01374 8087AA64 0C03FB9C */  jal     func_800FEE70              
/* 01378 8087AA68 24060100 */  addiu   $a2, $zero, 0x0100         ## $a2 = 00000100
/* 0137C 8087AA6C 10000018 */  beq     $zero, $zero, .L8087AAD0   
/* 01380 8087AA70 860F0190 */  lh      $t7, 0x0190($s0)           ## 00000190
.L8087AA74:
/* 01384 8087AA74 C4C40024 */  lwc1    $f4, 0x0024($a2)           ## 00000024
/* 01388 8087AA78 3C0141A0 */  lui     $at, 0x41A0                ## $at = 41A00000
/* 0138C 8087AA7C 44814000 */  mtc1    $at, $f8                   ## $f8 = 20.00
/* 01390 8087AA80 E7A40028 */  swc1    $f4, 0x0028($sp)           
/* 01394 8087AA84 C4C60028 */  lwc1    $f6, 0x0028($a2)           ## 00000028
/* 01398 8087AA88 02002025 */  or      $a0, $s0, $zero            ## $a0 = 00000000
/* 0139C 8087AA8C 27A50028 */  addiu   $a1, $sp, 0x0028           ## $a1 = FFFFFFF0
/* 013A0 8087AA90 46083280 */  add.s   $f10, $f6, $f8             
/* 013A4 8087AA94 E7AA002C */  swc1    $f10, 0x002C($sp)          
/* 013A8 8087AA98 C4D0002C */  lwc1    $f16, 0x002C($a2)          ## 0000002C
/* 013AC 8087AA9C 0C02DB6A */  jal     func_800B6DA8              
/* 013B0 8087AAA0 E7B00030 */  swc1    $f16, 0x0030($sp)          
/* 013B4 8087AAA4 24451554 */  addiu   $a1, $v0, 0x1554           ## $a1 = 00001554
/* 013B8 8087AAA8 00052C00 */  sll     $a1, $a1, 16               
/* 013BC 8087AAAC 00052C03 */  sra     $a1, $a1, 16               
/* 013C0 8087AAB0 260400BC */  addiu   $a0, $s0, 0x00BC           ## $a0 = 000000BC
/* 013C4 8087AAB4 0C03FB9C */  jal     func_800FEE70              
/* 013C8 8087AAB8 24060100 */  addiu   $a2, $zero, 0x0100         ## $a2 = 00000100
/* 013CC 8087AABC 260400BE */  addiu   $a0, $s0, 0x00BE           ## $a0 = 000000BE
/* 013D0 8087AAC0 86050092 */  lh      $a1, 0x0092($s0)           ## 00000092
/* 013D4 8087AAC4 0C03FB9C */  jal     func_800FEE70              
/* 013D8 8087AAC8 24060300 */  addiu   $a2, $zero, 0x0300         ## $a2 = 00000300
/* 013DC 8087AACC 860F0190 */  lh      $t7, 0x0190($s0)           ## 00000190
.L8087AAD0:
/* 013E0 8087AAD0 55E00004 */  bnel    $t7, $zero, .L8087AAE4     
/* 013E4 8087AAD4 8FBF001C */  lw      $ra, 0x001C($sp)           
/* 013E8 8087AAD8 0C21E705 */  jal     func_80879C14              
/* 013EC 8087AADC 02002025 */  or      $a0, $s0, $zero            ## $a0 = 00000000
/* 013F0 8087AAE0 8FBF001C */  lw      $ra, 0x001C($sp)           
.L8087AAE4:
/* 013F4 8087AAE4 8FB00018 */  lw      $s0, 0x0018($sp)           
/* 013F8 8087AAE8 27BD0038 */  addiu   $sp, $sp, 0x0038           ## $sp = 00000000
/* 013FC 8087AAEC 03E00008 */  jr      $ra                        
/* 01400 8087AAF0 00000000 */  nop


glabel func_8087AAF4
/* 01404 8087AAF4 27BDFFE8 */  addiu   $sp, $sp, 0xFFE8           ## $sp = FFFFFFE8
/* 01408 8087AAF8 AFBF0014 */  sw      $ra, 0x0014($sp)           
/* 0140C 8087AAFC AFA5001C */  sw      $a1, 0x001C($sp)           
/* 01410 8087AB00 00803025 */  or      $a2, $a0, $zero            ## $a2 = 00000000
/* 01414 8087AB04 90C2032D */  lbu     $v0, 0x032D($a2)           ## 0000032D
/* 01418 8087AB08 00C02025 */  or      $a0, $a2, $zero            ## $a0 = 00000000
/* 0141C 8087AB0C 24C50334 */  addiu   $a1, $a2, 0x0334           ## $a1 = 00000334
/* 01420 8087AB10 304E0002 */  andi    $t6, $v0, 0x0002           ## $t6 = 00000000
/* 01424 8087AB14 11C00039 */  beq     $t6, $zero, .L8087ABFC     
/* 01428 8087AB18 304FFFFD */  andi    $t7, $v0, 0xFFFD           ## $t7 = 00000000
/* 0142C 8087AB1C A0CF032D */  sb      $t7, 0x032D($a2)           ## 0000032D
/* 01430 8087AB20 0C02F896 */  jal     func_800BE258              
/* 01434 8087AB24 AFA60018 */  sw      $a2, 0x0018($sp)           
/* 01438 8087AB28 8FA60018 */  lw      $a2, 0x0018($sp)           
/* 0143C 8087AB2C 24010001 */  addiu   $at, $zero, 0x0001         ## $at = 00000001
/* 01440 8087AB30 24180028 */  addiu   $t8, $zero, 0x0028         ## $t8 = 00000028
/* 01444 8087AB34 90C200B9 */  lbu     $v0, 0x00B9($a2)           ## 000000B9
/* 01448 8087AB38 00C02025 */  or      $a0, $a2, $zero            ## $a0 = 00000000
/* 0144C 8087AB3C 54410006 */  bnel    $v0, $at, .L8087AB58       
/* 01450 8087AB40 24010005 */  addiu   $at, $zero, 0x0005         ## $at = 00000005
/* 01454 8087AB44 0C21E9DD */  jal     func_8087A774              
/* 01458 8087AB48 A4D80190 */  sh      $t8, 0x0190($a2)           ## 00000190
/* 0145C 8087AB4C 1000002C */  beq     $zero, $zero, .L8087AC00   
/* 01460 8087AB50 8FBF0014 */  lw      $ra, 0x0014($sp)           
/* 01464 8087AB54 24010005 */  addiu   $at, $zero, 0x0005         ## $at = 00000005
.L8087AB58:
/* 01468 8087AB58 1441000F */  bne     $v0, $at, .L8087AB98       
/* 0146C 8087AB5C 8FA4001C */  lw      $a0, 0x001C($sp)           
/* 01470 8087AB60 3C014000 */  lui     $at, 0x4000                ## $at = 40000000
/* 01474 8087AB64 44812000 */  mtc1    $at, $f4                   ## $f4 = 2.00
/* 01478 8087AB68 24190028 */  addiu   $t9, $zero, 0x0028         ## $t9 = 00000028
/* 0147C 8087AB6C 2408001F */  addiu   $t0, $zero, 0x001F         ## $t0 = 0000001F
/* 01480 8087AB70 A4D90190 */  sh      $t9, 0x0190($a2)           ## 00000190
/* 01484 8087AB74 A0C8018F */  sb      $t0, 0x018F($a2)           ## 0000018F
/* 01488 8087AB78 3C018088 */  lui     $at, %hi(D_8087B528)       ## $at = 80880000
/* 0148C 8087AB7C E4C402E8 */  swc1    $f4, 0x02E8($a2)           ## 000002E8
/* 01490 8087AB80 C426B528 */  lwc1    $f6, %lo(D_8087B528)($at)  
/* 01494 8087AB84 00C02025 */  or      $a0, $a2, $zero            ## $a0 = 00000000
/* 01498 8087AB88 0C21E9DD */  jal     func_8087A774              
/* 0149C 8087AB8C E4C602EC */  swc1    $f6, 0x02EC($a2)           ## 000002EC
/* 014A0 8087AB90 1000001B */  beq     $zero, $zero, .L8087AC00   
/* 014A4 8087AB94 8FBF0014 */  lw      $ra, 0x0014($sp)           
.L8087AB98:
/* 014A8 8087AB98 00C02825 */  or      $a1, $a2, $zero            ## $a1 = 00000000
/* 014AC 8087AB9C 0C02EEA2 */  jal     func_800BBA88              
/* 014B0 8087ABA0 AFA60018 */  sw      $a2, 0x0018($sp)           
/* 014B4 8087ABA4 8FA60018 */  lw      $a2, 0x0018($sp)           
/* 014B8 8087ABA8 2401FFFE */  addiu   $at, $zero, 0xFFFE         ## $at = FFFFFFFE
/* 014BC 8087ABAC 8CC90004 */  lw      $t1, 0x0004($a2)           ## 00000004
/* 014C0 8087ABB0 90C2018D */  lbu     $v0, 0x018D($a2)           ## 0000018D
/* 014C4 8087ABB4 A0C000B7 */  sb      $zero, 0x00B7($a2)         ## 000000B7
/* 014C8 8087ABB8 01215024 */  and     $t2, $t1, $at              
/* 014CC 8087ABBC 14400004 */  bne     $v0, $zero, .L8087ABD0     
/* 014D0 8087ABC0 ACCA0004 */  sw      $t2, 0x0004($a2)           ## 00000004
/* 014D4 8087ABC4 90CB00B9 */  lbu     $t3, 0x00B9($a2)           ## 000000B9
/* 014D8 8087ABC8 24010002 */  addiu   $at, $zero, 0x0002         ## $at = 00000002
/* 014DC 8087ABCC 11610007 */  beq     $t3, $at, .L8087ABEC       
.L8087ABD0:
/* 014E0 8087ABD0 24010004 */  addiu   $at, $zero, 0x0004         ## $at = 00000004
/* 014E4 8087ABD4 54410007 */  bnel    $v0, $at, .L8087ABF4       
/* 014E8 8087ABD8 00C02025 */  or      $a0, $a2, $zero            ## $a0 = 00000000
/* 014EC 8087ABDC 90CC00B9 */  lbu     $t4, 0x00B9($a2)           ## 000000B9
/* 014F0 8087ABE0 24010003 */  addiu   $at, $zero, 0x0003         ## $at = 00000003
/* 014F4 8087ABE4 55810003 */  bnel    $t4, $at, .L8087ABF4       
/* 014F8 8087ABE8 00C02025 */  or      $a0, $a2, $zero            ## $a0 = 00000000
.L8087ABEC:
/* 014FC 8087ABEC A0C000B9 */  sb      $zero, 0x00B9($a2)         ## 000000B9
/* 01500 8087ABF0 00C02025 */  or      $a0, $a2, $zero            ## $a0 = 00000000
.L8087ABF4:
/* 01504 8087ABF4 0C21E7CA */  jal     func_80879F28              
/* 01508 8087ABF8 8FA5001C */  lw      $a1, 0x001C($sp)           
.L8087ABFC:
/* 0150C 8087ABFC 8FBF0014 */  lw      $ra, 0x0014($sp)           
.L8087AC00:
/* 01510 8087AC00 27BD0018 */  addiu   $sp, $sp, 0x0018           ## $sp = 00000000
/* 01514 8087AC04 03E00008 */  jr      $ra                        
/* 01518 8087AC08 00000000 */  nop


glabel func_8087AC0C
/* 0151C 8087AC0C 27BDFFC0 */  addiu   $sp, $sp, 0xFFC0           ## $sp = FFFFFFC0
/* 01520 8087AC10 AFB00020 */  sw      $s0, 0x0020($sp)           
/* 01524 8087AC14 00808025 */  or      $s0, $a0, $zero            ## $s0 = 00000000
/* 01528 8087AC18 AFBF0024 */  sw      $ra, 0x0024($sp)           
/* 0152C 8087AC1C AFA50044 */  sw      $a1, 0x0044($sp)           
/* 01530 8087AC20 9202032C */  lbu     $v0, 0x032C($s0)           ## 0000032C
/* 01534 8087AC24 304E0002 */  andi    $t6, $v0, 0x0002           ## $t6 = 00000000
/* 01538 8087AC28 11C00012 */  beq     $t6, $zero, .L8087AC74     
/* 0153C 8087AC2C 304FFFFD */  andi    $t7, $v0, 0xFFFD           ## $t7 = 00000000
/* 01540 8087AC30 A20F032C */  sb      $t7, 0x032C($s0)           ## 0000032C
/* 01544 8087AC34 02002025 */  or      $a0, $s0, $zero            ## $a0 = 00000000
/* 01548 8087AC38 0C02E3B2 */  jal     func_800B8EC8              
/* 0154C 8087AC3C 24053840 */  addiu   $a1, $zero, 0x3840         ## $a1 = 00003840
/* 01550 8087AC40 9218018D */  lbu     $t8, 0x018D($s0)           ## 0000018D
/* 01554 8087AC44 24010003 */  addiu   $at, $zero, 0x0003         ## $at = 00000003
/* 01558 8087AC48 53010004 */  beql    $t8, $at, .L8087AC5C       
/* 0155C 8087AC4C 8E080188 */  lw      $t0, 0x0188($s0)           ## 00000188
/* 01560 8087AC50 0C21E64C */  jal     func_80879930              
/* 01564 8087AC54 02002025 */  or      $a0, $s0, $zero            ## $a0 = 00000000
/* 01568 8087AC58 8E080188 */  lw      $t0, 0x0188($s0)           ## 00000188
.L8087AC5C:
/* 0156C 8087AC5C 3C198088 */  lui     $t9, %hi(func_8087AA1C)    ## $t9 = 80880000
/* 01570 8087AC60 2739AA1C */  addiu   $t9, $t9, %lo(func_8087AA1C) ## $t9 = 8087AA1C
/* 01574 8087AC64 53280004 */  beql    $t9, $t0, .L8087AC78       
/* 01578 8087AC68 02002025 */  or      $a0, $s0, $zero            ## $a0 = 00000000
/* 0157C 8087AC6C 0C21E943 */  jal     func_8087A50C              
/* 01580 8087AC70 02002025 */  or      $a0, $s0, $zero            ## $a0 = 00000000
.L8087AC74:
/* 01584 8087AC74 02002025 */  or      $a0, $s0, $zero            ## $a0 = 00000000
.L8087AC78:
/* 01588 8087AC78 0C21EABD */  jal     func_8087AAF4              
/* 0158C 8087AC7C 8FA50044 */  lw      $a1, 0x0044($sp)           
/* 01590 8087AC80 8E190188 */  lw      $t9, 0x0188($s0)           ## 00000188
/* 01594 8087AC84 02002025 */  or      $a0, $s0, $zero            ## $a0 = 00000000
/* 01598 8087AC88 8FA50044 */  lw      $a1, 0x0044($sp)           
/* 0159C 8087AC8C 0320F809 */  jalr    $ra, $t9                   
/* 015A0 8087AC90 00000000 */  nop
/* 015A4 8087AC94 8E090004 */  lw      $t1, 0x0004($s0)           ## 00000004
/* 015A8 8087AC98 312A8000 */  andi    $t2, $t1, 0x8000           ## $t2 = 00000000
/* 015AC 8087AC9C 55400017 */  bnel    $t2, $zero, .L8087ACFC     
/* 015B0 8087ACA0 3C014120 */  lui     $at, 0x4120                ## $at = 41200000
/* 015B4 8087ACA4 920B00B7 */  lbu     $t3, 0x00B7($s0)           ## 000000B7
/* 015B8 8087ACA8 11600006 */  beq     $t3, $zero, .L8087ACC4     
/* 015BC 8087ACAC 00000000 */  nop
/* 015C0 8087ACB0 8E020188 */  lw      $v0, 0x0188($s0)           ## 00000188
/* 015C4 8087ACB4 3C0C8088 */  lui     $t4, %hi(func_8087A818)    ## $t4 = 80880000
/* 015C8 8087ACB8 258CA818 */  addiu   $t4, $t4, %lo(func_8087A818) ## $t4 = 8087A818
/* 015CC 8087ACBC 15820005 */  bne     $t4, $v0, .L8087ACD4       
/* 015D0 8087ACC0 3C0D8088 */  lui     $t5, %hi(func_8087A548)    ## $t5 = 80880000
.L8087ACC4:
/* 015D4 8087ACC4 0C02DAA2 */  jal     func_800B6A88              
/* 015D8 8087ACC8 02002025 */  or      $a0, $s0, $zero            ## $a0 = 00000000
/* 015DC 8087ACCC 1000000B */  beq     $zero, $zero, .L8087ACFC   
/* 015E0 8087ACD0 3C014120 */  lui     $at, 0x4120                ## $at = 41200000
.L8087ACD4:
/* 015E4 8087ACD4 25ADA548 */  addiu   $t5, $t5, %lo(func_8087A548) ## $t5 = FFFFA548
/* 015E8 8087ACD8 11A20005 */  beq     $t5, $v0, .L8087ACF0       
/* 015EC 8087ACDC 00000000 */  nop
/* 015F0 8087ACE0 860E00BC */  lh      $t6, 0x00BC($s0)           ## 000000BC
/* 015F4 8087ACE4 240F1554 */  addiu   $t7, $zero, 0x1554         ## $t7 = 00001554
/* 015F8 8087ACE8 01EEC023 */  subu    $t8, $t7, $t6              
/* 015FC 8087ACEC A6180030 */  sh      $t8, 0x0030($s0)           ## 00000030
.L8087ACF0:
/* 01600 8087ACF0 0C02DAC9 */  jal     func_800B6B24              
/* 01604 8087ACF4 02002025 */  or      $a0, $s0, $zero            ## $a0 = 00000000
/* 01608 8087ACF8 3C014120 */  lui     $at, 0x4120                ## $at = 41200000
.L8087ACFC:
/* 0160C 8087ACFC 44810000 */  mtc1    $at, $f0                   ## $f0 = 10.00
/* 01610 8087AD00 3C014170 */  lui     $at, 0x4170                ## $at = 41700000
/* 01614 8087AD04 44812000 */  mtc1    $at, $f4                   ## $f4 = 15.00
/* 01618 8087AD08 24080007 */  addiu   $t0, $zero, 0x0007         ## $t0 = 00000007
/* 0161C 8087AD0C 44060000 */  mfc1    $a2, $f0                   
/* 01620 8087AD10 44070000 */  mfc1    $a3, $f0                   
/* 01624 8087AD14 AFA80014 */  sw      $t0, 0x0014($sp)           
/* 01628 8087AD18 8FA40044 */  lw      $a0, 0x0044($sp)           
/* 0162C 8087AD1C 02002825 */  or      $a1, $s0, $zero            ## $a1 = 00000000
/* 01630 8087AD20 0C02DE2E */  jal     func_800B78B8              
/* 01634 8087AD24 E7A40010 */  swc1    $f4, 0x0010($sp)           
/* 01638 8087AD28 C60A0028 */  lwc1    $f10, 0x0028($s0)          ## 00000028
/* 0163C 8087AD2C C6060024 */  lwc1    $f6, 0x0024($s0)           ## 00000024
/* 01640 8087AD30 C612002C */  lwc1    $f18, 0x002C($s0)          ## 0000002C
/* 01644 8087AD34 4600540D */  trunc.w.s $f16, $f10                 
/* 01648 8087AD38 8E020188 */  lw      $v0, 0x0188($s0)           ## 00000188
/* 0164C 8087AD3C 3C0E8088 */  lui     $t6, %hi(func_8087A2D8)    ## $t6 = 80880000
/* 01650 8087AD40 4600320D */  trunc.w.s $f8, $f6                   
/* 01654 8087AD44 440B8000 */  mfc1    $t3, $f16                  
/* 01658 8087AD48 25CEA2D8 */  addiu   $t6, $t6, %lo(func_8087A2D8) ## $t6 = 8087A2D8
/* 0165C 8087AD4C 4600910D */  trunc.w.s $f4, $f18                  
/* 01660 8087AD50 44094000 */  mfc1    $t1, $f8                   
/* 01664 8087AD54 256C000A */  addiu   $t4, $t3, 0x000A           ## $t4 = 0000000A
/* 01668 8087AD58 A60C0366 */  sh      $t4, 0x0366($s0)           ## 00000366
/* 0166C 8087AD5C 440F2000 */  mfc1    $t7, $f4                   
/* 01670 8087AD60 A6090364 */  sh      $t1, 0x0364($s0)           ## 00000364
/* 01674 8087AD64 11C20005 */  beq     $t6, $v0, .L8087AD7C       
/* 01678 8087AD68 A60F0368 */  sh      $t7, 0x0368($s0)           ## 00000368
/* 0167C 8087AD6C 3C188088 */  lui     $t8, %hi(func_8087AA1C)    ## $t8 = 80880000
/* 01680 8087AD70 2718AA1C */  addiu   $t8, $t8, %lo(func_8087AA1C) ## $t8 = 8087AA1C
/* 01684 8087AD74 57020008 */  bnel    $t8, $v0, .L8087AD98       
/* 01688 8087AD78 8FA40044 */  lw      $a0, 0x0044($sp)           
.L8087AD7C:
/* 0168C 8087AD7C 8FA40044 */  lw      $a0, 0x0044($sp)           
/* 01690 8087AD80 3C010001 */  lui     $at, 0x0001                ## $at = 00010000
/* 01694 8087AD84 34218884 */  ori     $at, $at, 0x8884           ## $at = 00018884
/* 01698 8087AD88 2606031C */  addiu   $a2, $s0, 0x031C           ## $a2 = 0000031C
/* 0169C 8087AD8C 0C038956 */  jal     func_800E2558              
/* 016A0 8087AD90 00812821 */  addu    $a1, $a0, $at              
/* 016A4 8087AD94 8FA40044 */  lw      $a0, 0x0044($sp)           
.L8087AD98:
/* 016A8 8087AD98 3C010001 */  lui     $at, 0x0001                ## $at = 00010000
/* 016AC 8087AD9C 34218884 */  ori     $at, $at, 0x8884           ## $at = 00018884
/* 016B0 8087ADA0 2619031C */  addiu   $t9, $s0, 0x031C           ## $t9 = 0000031C
/* 016B4 8087ADA4 00814021 */  addu    $t0, $a0, $at              
/* 016B8 8087ADA8 AFA80030 */  sw      $t0, 0x0030($sp)           
/* 016BC 8087ADAC AFB9002C */  sw      $t9, 0x002C($sp)           
/* 016C0 8087ADB0 920900B7 */  lbu     $t1, 0x00B7($s0)           ## 000000B7
/* 016C4 8087ADB4 01002825 */  or      $a1, $t0, $zero            ## $a1 = 00000000
/* 016C8 8087ADB8 5120000D */  beql    $t1, $zero, .L8087ADF0     
/* 016CC 8087ADBC 8FA40044 */  lw      $a0, 0x0044($sp)           
/* 016D0 8087ADC0 0C0389D0 */  jal     func_800E2740              
/* 016D4 8087ADC4 03203025 */  or      $a2, $t9, $zero            ## $a2 = 0000031C
/* 016D8 8087ADC8 860A00BE */  lh      $t2, 0x00BE($s0)           ## 000000BE
/* 016DC 8087ADCC 26040144 */  addiu   $a0, $s0, 0x0144           ## $a0 = 00000144
/* 016E0 8087ADD0 3C0540A0 */  lui     $a1, 0x40A0                ## $a1 = 40A00000
/* 016E4 8087ADD4 0C04DE2E */  jal     func_801378B8              
/* 016E8 8087ADD8 A60A0032 */  sh      $t2, 0x0032($s0)           ## 00000032
/* 016EC 8087ADDC 10400003 */  beq     $v0, $zero, .L8087ADEC     
/* 016F0 8087ADE0 02002025 */  or      $a0, $s0, $zero            ## $a0 = 00000000
/* 016F4 8087ADE4 0C02E3B2 */  jal     func_800B8EC8              
/* 016F8 8087ADE8 24053841 */  addiu   $a1, $zero, 0x3841         ## $a1 = 00003841
.L8087ADEC:
/* 016FC 8087ADEC 8FA40044 */  lw      $a0, 0x0044($sp)           
.L8087ADF0:
/* 01700 8087ADF0 8FA50030 */  lw      $a1, 0x0030($sp)           
/* 01704 8087ADF4 0C038A4A */  jal     func_800E2928              
/* 01708 8087ADF8 8FA6002C */  lw      $a2, 0x002C($sp)           
/* 0170C 8087ADFC 44800000 */  mtc1    $zero, $f0                 ## $f0 = 0.00
/* 01710 8087AE00 C60602E8 */  lwc1    $f6, 0x02E8($s0)           ## 000002E8
/* 01714 8087AE04 4606003C */  c.lt.s  $f0, $f6                   
/* 01718 8087AE08 00000000 */  nop
/* 0171C 8087AE0C 45000026 */  bc1f    .L8087AEA8                 
/* 01720 8087AE10 00000000 */  nop
/* 01724 8087AE14 920B018F */  lbu     $t3, 0x018F($s0)           ## 0000018F
/* 01728 8087AE18 2401000A */  addiu   $at, $zero, 0x000A         ## $at = 0000000A
/* 0172C 8087AE1C 260402E8 */  addiu   $a0, $s0, 0x02E8           ## $a0 = 000002E8
/* 01730 8087AE20 11610016 */  beq     $t3, $at, .L8087AE7C       
/* 01734 8087AE24 3C063D4C */  lui     $a2, 0x3D4C                ## $a2 = 3D4C0000
/* 01738 8087AE28 44050000 */  mfc1    $a1, $f0                   
/* 0173C 8087AE2C 0C03FC0F */  jal     func_800FF03C              
/* 01740 8087AE30 34C6CCCD */  ori     $a2, $a2, 0xCCCD           ## $a2 = 3D4CCCCD
/* 01744 8087AE34 3C018088 */  lui     $at, %hi(D_8087B52C)       ## $at = 80880000
/* 01748 8087AE38 C422B52C */  lwc1    $f2, %lo(D_8087B52C)($at)  
/* 0174C 8087AE3C 3C013F80 */  lui     $at, 0x3F80                ## $at = 3F800000
/* 01750 8087AE40 44815000 */  mtc1    $at, $f10                  ## $f10 = 1.00
/* 01754 8087AE44 C60802E8 */  lwc1    $f8, 0x02E8($s0)           ## 000002E8
/* 01758 8087AE48 3C018088 */  lui     $at, %hi(D_8087B530)       ## $at = 80880000
/* 0175C 8087AE4C C432B530 */  lwc1    $f18, %lo(D_8087B530)($at) 
/* 01760 8087AE50 460A4400 */  add.s   $f16, $f8, $f10            
/* 01764 8087AE54 46128002 */  mul.s   $f0, $f16, $f18            
/* 01768 8087AE58 4600103C */  c.lt.s  $f2, $f0                   
/* 0176C 8087AE5C E60002EC */  swc1    $f0, 0x02EC($s0)           ## 000002EC
/* 01770 8087AE60 45020004 */  bc1fl   .L8087AE74                 
/* 01774 8087AE64 C60402EC */  lwc1    $f4, 0x02EC($s0)           ## 000002EC
/* 01778 8087AE68 1000000F */  beq     $zero, $zero, .L8087AEA8   
/* 0177C 8087AE6C E60202EC */  swc1    $f2, 0x02EC($s0)           ## 000002EC
/* 01780 8087AE70 C60402EC */  lwc1    $f4, 0x02EC($s0)           ## 000002EC
.L8087AE74:
/* 01784 8087AE74 1000000C */  beq     $zero, $zero, .L8087AEA8   
/* 01788 8087AE78 E60402EC */  swc1    $f4, 0x02EC($s0)           ## 000002EC
.L8087AE7C:
/* 0178C 8087AE7C 3C018088 */  lui     $at, %hi(D_8087B534)       ## $at = 80880000
/* 01790 8087AE80 C422B534 */  lwc1    $f2, %lo(D_8087B534)($at)  
/* 01794 8087AE84 3C063C61 */  lui     $a2, 0x3C61                ## $a2 = 3C610000
/* 01798 8087AE88 34C647AE */  ori     $a2, $a2, 0x47AE           ## $a2 = 3C6147AE
/* 0179C 8087AE8C 44051000 */  mfc1    $a1, $f2                   
/* 017A0 8087AE90 0C03FC0F */  jal     func_800FF03C              
/* 017A4 8087AE94 260402F0 */  addiu   $a0, $s0, 0x02F0           ## $a0 = 000002F0
/* 017A8 8087AE98 14400003 */  bne     $v0, $zero, .L8087AEA8     
/* 017AC 8087AE9C 02002025 */  or      $a0, $s0, $zero            ## $a0 = 00000000
/* 017B0 8087AEA0 0C02E404 */  jal     func_800B9010              
/* 017B4 8087AEA4 240520B2 */  addiu   $a1, $zero, 0x20B2         ## $a1 = 000020B2
.L8087AEA8:
/* 017B8 8087AEA8 0C03FB61 */  jal     func_800FED84              
/* 017BC 8087AEAC 860400BC */  lh      $a0, 0x00BC($s0)           ## 000000BC
/* 017C0 8087AEB0 E7A00034 */  swc1    $f0, 0x0034($sp)           
/* 017C4 8087AEB4 0C03FB61 */  jal     func_800FED84              
/* 017C8 8087AEB8 860400BE */  lh      $a0, 0x00BE($s0)           ## 000000BE
/* 017CC 8087AEBC 3C014120 */  lui     $at, 0x4120                ## $at = 41200000
/* 017D0 8087AEC0 44813000 */  mtc1    $at, $f6                   ## $f6 = 10.00
/* 017D4 8087AEC4 C7A80034 */  lwc1    $f8, 0x0034($sp)           
/* 017D8 8087AEC8 C6120024 */  lwc1    $f18, 0x0024($s0)          ## 00000024
/* 017DC 8087AECC 860400BC */  lh      $a0, 0x00BC($s0)           ## 000000BC
/* 017E0 8087AED0 46083282 */  mul.s   $f10, $f6, $f8             
/* 017E4 8087AED4 00000000 */  nop
/* 017E8 8087AED8 460A0402 */  mul.s   $f16, $f0, $f10            
/* 017EC 8087AEDC 46128100 */  add.s   $f4, $f16, $f18            
/* 017F0 8087AEE0 0C03FB51 */  jal     func_800FED44              
/* 017F4 8087AEE4 E604003C */  swc1    $f4, 0x003C($s0)           ## 0000003C
/* 017F8 8087AEE8 3C014120 */  lui     $at, 0x4120                ## $at = 41200000
/* 017FC 8087AEEC 44813000 */  mtc1    $at, $f6                   ## $f6 = 10.00
/* 01800 8087AEF0 C60A0028 */  lwc1    $f10, 0x0028($s0)          ## 00000028
/* 01804 8087AEF4 860400BC */  lh      $a0, 0x00BC($s0)           ## 000000BC
/* 01808 8087AEF8 46060202 */  mul.s   $f8, $f0, $f6              
/* 0180C 8087AEFC 460A4400 */  add.s   $f16, $f8, $f10            
/* 01810 8087AF00 0C03FB61 */  jal     func_800FED84              
/* 01814 8087AF04 E6100040 */  swc1    $f16, 0x0040($s0)          ## 00000040
/* 01818 8087AF08 E7A00034 */  swc1    $f0, 0x0034($sp)           
/* 0181C 8087AF0C 0C03FB51 */  jal     func_800FED44              
/* 01820 8087AF10 860400BE */  lh      $a0, 0x00BE($s0)           ## 000000BE
/* 01824 8087AF14 3C014120 */  lui     $at, 0x4120                ## $at = 41200000
/* 01828 8087AF18 44819000 */  mtc1    $at, $f18                  ## $f18 = 10.00
/* 0182C 8087AF1C C7A40034 */  lwc1    $f4, 0x0034($sp)           
/* 01830 8087AF20 C60A002C */  lwc1    $f10, 0x002C($s0)          ## 0000002C
/* 01834 8087AF24 46049182 */  mul.s   $f6, $f18, $f4             
/* 01838 8087AF28 00000000 */  nop
/* 0183C 8087AF2C 46060202 */  mul.s   $f8, $f0, $f6              
/* 01840 8087AF30 460A4400 */  add.s   $f16, $f8, $f10            
/* 01844 8087AF34 E6100044 */  swc1    $f16, 0x0044($s0)          ## 00000044
/* 01848 8087AF38 8FBF0024 */  lw      $ra, 0x0024($sp)           
/* 0184C 8087AF3C 8FB00020 */  lw      $s0, 0x0020($sp)           
/* 01850 8087AF40 03E00008 */  jr      $ra                        
/* 01854 8087AF44 27BD0040 */  addiu   $sp, $sp, 0x0040           ## $sp = 00000000


glabel func_8087AF48
/* 01858 8087AF48 8FAE0014 */  lw      $t6, 0x0014($sp)           
/* 0185C 8087AF4C 00001025 */  or      $v0, $zero, $zero          ## $v0 = 00000000
/* 01860 8087AF50 91CF018E */  lbu     $t7, 0x018E($t6)           ## 0000018E
/* 01864 8087AF54 51E00008 */  beql    $t7, $zero, .L8087AF78     
/* 01868 8087AF58 24010001 */  addiu   $at, $zero, 0x0001         ## $at = 00000001
/* 0186C 8087AF5C 80981CA4 */  lb      $t8, 0x1CA4($a0)           ## 00001CA4
/* 01870 8087AF60 24010064 */  addiu   $at, $zero, 0x0064         ## $at = 00000064
/* 01874 8087AF64 53010004 */  beql    $t8, $at, .L8087AF78       
/* 01878 8087AF68 24010001 */  addiu   $at, $zero, 0x0001         ## $at = 00000001
/* 0187C 8087AF6C 10000008 */  beq     $zero, $zero, .L8087AF90   
/* 01880 8087AF70 ACC00000 */  sw      $zero, 0x0000($a2)         ## 00000000
/* 01884 8087AF74 24010001 */  addiu   $at, $zero, 0x0001         ## $at = 00000001
.L8087AF78:
/* 01888 8087AF78 14A10005 */  bne     $a1, $at, .L8087AF90       
/* 0188C 8087AF7C 3C018088 */  lui     $at, %hi(D_8087B538)       ## $at = 80880000
/* 01890 8087AF80 C426B538 */  lwc1    $f6, %lo(D_8087B538)($at)  
/* 01894 8087AF84 C4E40004 */  lwc1    $f4, 0x0004($a3)           ## 00000004
/* 01898 8087AF88 46062200 */  add.s   $f8, $f4, $f6              
/* 0189C 8087AF8C E4E80004 */  swc1    $f8, 0x0004($a3)           ## 00000004
.L8087AF90:
/* 018A0 8087AF90 03E00008 */  jr      $ra                        
/* 018A4 8087AF94 00000000 */  nop


glabel func_8087AF98
/* 018A8 8087AF98 27BDFF98 */  addiu   $sp, $sp, 0xFF98           ## $sp = FFFFFF98
/* 018AC 8087AF9C AFB00030 */  sw      $s0, 0x0030($sp)           
/* 018B0 8087AFA0 8FB00078 */  lw      $s0, 0x0078($sp)           
/* 018B4 8087AFA4 AFBF0034 */  sw      $ra, 0x0034($sp)           
/* 018B8 8087AFA8 AFA40068 */  sw      $a0, 0x0068($sp)           
/* 018BC 8087AFAC AFA5006C */  sw      $a1, 0x006C($sp)           
/* 018C0 8087AFB0 AFA60070 */  sw      $a2, 0x0070($sp)           
/* 018C4 8087AFB4 AFA70074 */  sw      $a3, 0x0074($sp)           
/* 018C8 8087AFB8 920E018D */  lbu     $t6, 0x018D($s0)           ## 0000018D
/* 018CC 8087AFBC 8FAF006C */  lw      $t7, 0x006C($sp)           
/* 018D0 8087AFC0 2401001B */  addiu   $at, $zero, 0x001B         ## $at = 0000001B
/* 018D4 8087AFC4 11C0000D */  beq     $t6, $zero, .L8087AFFC     
/* 018D8 8087AFC8 8FAB0068 */  lw      $t3, 0x0068($sp)           
/* 018DC 8087AFCC 15E1000B */  bne     $t7, $at, .L8087AFFC       
/* 018E0 8087AFD0 8FA4007C */  lw      $a0, 0x007C($sp)           
/* 018E4 8087AFD4 8C830000 */  lw      $v1, 0x0000($a0)           ## 00000000
/* 018E8 8087AFD8 3C0A0600 */  lui     $t2, 0x0600                ## $t2 = 06000000
/* 018EC 8087AFDC 254A1678 */  addiu   $t2, $t2, 0x1678           ## $t2 = 06001678
/* 018F0 8087AFE0 24780008 */  addiu   $t8, $v1, 0x0008           ## $t8 = 00000008
/* 018F4 8087AFE4 AC980000 */  sw      $t8, 0x0000($a0)           ## 00000000
/* 018F8 8087AFE8 3C19DE00 */  lui     $t9, 0xDE00                ## $t9 = DE000000
/* 018FC 8087AFEC AC790000 */  sw      $t9, 0x0000($v1)           ## 00000000
/* 01900 8087AFF0 AC6A0004 */  sw      $t2, 0x0004($v1)           ## 00000004
/* 01904 8087AFF4 100000B1 */  beq     $zero, $zero, .L8087B2BC   
/* 01908 8087AFF8 8FAB006C */  lw      $t3, 0x006C($sp)           
.L8087AFFC:
/* 0190C 8087AFFC 3C0C0002 */  lui     $t4, 0x0002                ## $t4 = 00020000
/* 01910 8087B000 018B6021 */  addu    $t4, $t4, $t3              
/* 01914 8087B004 8D8C8840 */  lw      $t4, -0x77C0($t4)          ## 00018840
/* 01918 8087B008 8E0D02F4 */  lw      $t5, 0x02F4($s0)           ## 000002F4
/* 0191C 8087B00C 518D00AB */  beql    $t4, $t5, .L8087B2BC       
/* 01920 8087B010 8FAB006C */  lw      $t3, 0x006C($sp)           
/* 01924 8087B014 9202018C */  lbu     $v0, 0x018C($s0)           ## 0000018C
/* 01928 8087B018 24010001 */  addiu   $at, $zero, 0x0001         ## $at = 00000001
/* 0192C 8087B01C 8FAE006C */  lw      $t6, 0x006C($sp)           
/* 01930 8087B020 10410002 */  beq     $v0, $at, .L8087B02C       
/* 01934 8087B024 24010002 */  addiu   $at, $zero, 0x0002         ## $at = 00000002
/* 01938 8087B028 144100A3 */  bne     $v0, $at, .L8087B2B8       
.L8087B02C:
/* 0193C 8087B02C 2402000F */  addiu   $v0, $zero, 0x000F         ## $v0 = 0000000F
/* 01940 8087B030 11C20003 */  beq     $t6, $v0, .L8087B040       
/* 01944 8087B034 24010015 */  addiu   $at, $zero, 0x0015         ## $at = 00000015
/* 01948 8087B038 55C100A0 */  bnel    $t6, $at, .L8087B2BC       
/* 0194C 8087B03C 8FAB006C */  lw      $t3, 0x006C($sp)           
.L8087B040:
/* 01950 8087B040 8E180188 */  lw      $t8, 0x0188($s0)           ## 00000188
/* 01954 8087B044 3C0F8088 */  lui     $t7, %hi(func_8087A1EC)    ## $t7 = 80880000
/* 01958 8087B048 25EFA1EC */  addiu   $t7, $t7, %lo(func_8087A1EC) ## $t7 = 8087A1EC
/* 0195C 8087B04C 11F80019 */  beq     $t7, $t8, .L8087B0B4       
/* 01960 8087B050 8FB9006C */  lw      $t9, 0x006C($sp)           
/* 01964 8087B054 0C0606D4 */  jal     func_80181B50              
/* 01968 8087B058 27A4005C */  addiu   $a0, $sp, 0x005C           ## $a0 = FFFFFFF4
/* 0196C 8087B05C 3C0140A0 */  lui     $at, 0x40A0                ## $at = 40A00000
/* 01970 8087B060 44816000 */  mtc1    $at, $f12                  ## $f12 = 5.00
/* 01974 8087B064 0C05E565 */  jal     func_80179594              
/* 01978 8087B068 00000000 */  nop
/* 0197C 8087B06C C7A4005C */  lwc1    $f4, 0x005C($sp)           
/* 01980 8087B070 3C0140A0 */  lui     $at, 0x40A0                ## $at = 40A00000
/* 01984 8087B074 44816000 */  mtc1    $at, $f12                  ## $f12 = 5.00
/* 01988 8087B078 46002180 */  add.s   $f6, $f4, $f0              
/* 0198C 8087B07C 0C05E565 */  jal     func_80179594              
/* 01990 8087B080 E7A6005C */  swc1    $f6, 0x005C($sp)           
/* 01994 8087B084 C7A80060 */  lwc1    $f8, 0x0060($sp)           
/* 01998 8087B088 3C0140A0 */  lui     $at, 0x40A0                ## $at = 40A00000
/* 0199C 8087B08C 44816000 */  mtc1    $at, $f12                  ## $f12 = 5.00
/* 019A0 8087B090 46004280 */  add.s   $f10, $f8, $f0             
/* 019A4 8087B094 0C05E565 */  jal     func_80179594              
/* 019A8 8087B098 E7AA0060 */  swc1    $f10, 0x0060($sp)          
/* 019AC 8087B09C C7B00064 */  lwc1    $f16, 0x0064($sp)          
/* 019B0 8087B0A0 2408FFD8 */  addiu   $t0, $zero, 0xFFD8         ## $t0 = FFFFFFD8
/* 019B4 8087B0A4 24090003 */  addiu   $t1, $zero, 0x0003         ## $t1 = 00000003
/* 019B8 8087B0A8 46008480 */  add.s   $f18, $f16, $f0            
/* 019BC 8087B0AC 10000069 */  beq     $zero, $zero, .L8087B254   
/* 019C0 8087B0B0 E7B20064 */  swc1    $f18, 0x0064($sp)          
.L8087B0B4:
/* 019C4 8087B0B4 5722002F */  bnel    $t9, $v0, .L8087B174       
/* 019C8 8087B0B8 86040190 */  lh      $a0, 0x0190($s0)           ## 00000190
/* 019CC 8087B0BC 86040190 */  lh      $a0, 0x0190($s0)           ## 00000190
/* 019D0 8087B0C0 00800821 */  addu    $at, $a0, $zero            
/* 019D4 8087B0C4 000420C0 */  sll     $a0, $a0,  3               
/* 019D8 8087B0C8 00812021 */  addu    $a0, $a0, $at              
/* 019DC 8087B0CC 000420C0 */  sll     $a0, $a0,  3               
/* 019E0 8087B0D0 00812023 */  subu    $a0, $a0, $at              
/* 019E4 8087B0D4 000420C0 */  sll     $a0, $a0,  3               
/* 019E8 8087B0D8 00812021 */  addu    $a0, $a0, $at              
/* 019EC 8087B0DC 00042080 */  sll     $a0, $a0,  2               
/* 019F0 8087B0E0 00812023 */  subu    $a0, $a0, $at              
/* 019F4 8087B0E4 00042080 */  sll     $a0, $a0,  2               
/* 019F8 8087B0E8 00042400 */  sll     $a0, $a0, 16               
/* 019FC 8087B0EC 0C03FB61 */  jal     func_800FED84              
/* 01A00 8087B0F0 00042403 */  sra     $a0, $a0, 16               
/* 01A04 8087B0F4 860A0190 */  lh      $t2, 0x0190($s0)           ## 00000190
/* 01A08 8087B0F8 C60A0024 */  lwc1    $f10, 0x0024($s0)          ## 00000024
/* 01A0C 8087B0FC 448A2000 */  mtc1    $t2, $f4                   ## $f4 = 0.00
/* 01A10 8087B100 00000000 */  nop
/* 01A14 8087B104 468021A0 */  cvt.s.w $f6, $f4                   
/* 01A18 8087B108 46060202 */  mul.s   $f8, $f0, $f6              
/* 01A1C 8087B10C 460A4400 */  add.s   $f16, $f8, $f10            
/* 01A20 8087B110 E7B0005C */  swc1    $f16, 0x005C($sp)          
/* 01A24 8087B114 86040190 */  lh      $a0, 0x0190($s0)           ## 00000190
/* 01A28 8087B118 00800821 */  addu    $at, $a0, $zero            
/* 01A2C 8087B11C 000420C0 */  sll     $a0, $a0,  3               
/* 01A30 8087B120 00812021 */  addu    $a0, $a0, $at              
/* 01A34 8087B124 000420C0 */  sll     $a0, $a0,  3               
/* 01A38 8087B128 00812023 */  subu    $a0, $a0, $at              
/* 01A3C 8087B12C 000420C0 */  sll     $a0, $a0,  3               
/* 01A40 8087B130 00812021 */  addu    $a0, $a0, $at              
/* 01A44 8087B134 00042080 */  sll     $a0, $a0,  2               
/* 01A48 8087B138 00812023 */  subu    $a0, $a0, $at              
/* 01A4C 8087B13C 00042080 */  sll     $a0, $a0,  2               
/* 01A50 8087B140 00042400 */  sll     $a0, $a0, 16               
/* 01A54 8087B144 0C03FB51 */  jal     func_800FED44              
/* 01A58 8087B148 00042403 */  sra     $a0, $a0, 16               
/* 01A5C 8087B14C 860B0190 */  lh      $t3, 0x0190($s0)           ## 00000190
/* 01A60 8087B150 C608002C */  lwc1    $f8, 0x002C($s0)           ## 0000002C
/* 01A64 8087B154 448B9000 */  mtc1    $t3, $f18                  ## $f18 = 0.00
/* 01A68 8087B158 00000000 */  nop
/* 01A6C 8087B15C 46809120 */  cvt.s.w $f4, $f18                  
/* 01A70 8087B160 46040182 */  mul.s   $f6, $f0, $f4              
/* 01A74 8087B164 46083280 */  add.s   $f10, $f6, $f8             
/* 01A78 8087B168 1000002D */  beq     $zero, $zero, .L8087B220   
/* 01A7C 8087B16C E7AA0064 */  swc1    $f10, 0x0064($sp)          
/* 01A80 8087B170 86040190 */  lh      $a0, 0x0190($s0)           ## 00000190
.L8087B174:
/* 01A84 8087B174 00800821 */  addu    $at, $a0, $zero            
/* 01A88 8087B178 000420C0 */  sll     $a0, $a0,  3               
/* 01A8C 8087B17C 00812021 */  addu    $a0, $a0, $at              
/* 01A90 8087B180 000420C0 */  sll     $a0, $a0,  3               
/* 01A94 8087B184 00812023 */  subu    $a0, $a0, $at              
/* 01A98 8087B188 000420C0 */  sll     $a0, $a0,  3               
/* 01A9C 8087B18C 00812021 */  addu    $a0, $a0, $at              
/* 01AA0 8087B190 00042080 */  sll     $a0, $a0,  2               
/* 01AA4 8087B194 00812023 */  subu    $a0, $a0, $at              
/* 01AA8 8087B198 00042080 */  sll     $a0, $a0,  2               
/* 01AAC 8087B19C 00042400 */  sll     $a0, $a0, 16               
/* 01AB0 8087B1A0 0C03FB61 */  jal     func_800FED84              
/* 01AB4 8087B1A4 00042403 */  sra     $a0, $a0, 16               
/* 01AB8 8087B1A8 860C0190 */  lh      $t4, 0x0190($s0)           ## 00000190
/* 01ABC 8087B1AC C6100024 */  lwc1    $f16, 0x0024($s0)          ## 00000024
/* 01AC0 8087B1B0 448C9000 */  mtc1    $t4, $f18                  ## $f18 = 0.00
/* 01AC4 8087B1B4 00000000 */  nop
/* 01AC8 8087B1B8 46809120 */  cvt.s.w $f4, $f18                  
/* 01ACC 8087B1BC 46040182 */  mul.s   $f6, $f0, $f4              
/* 01AD0 8087B1C0 46068201 */  sub.s   $f8, $f16, $f6             
/* 01AD4 8087B1C4 E7A8005C */  swc1    $f8, 0x005C($sp)           
/* 01AD8 8087B1C8 86040190 */  lh      $a0, 0x0190($s0)           ## 00000190
/* 01ADC 8087B1CC 00800821 */  addu    $at, $a0, $zero            
/* 01AE0 8087B1D0 000420C0 */  sll     $a0, $a0,  3               
/* 01AE4 8087B1D4 00812021 */  addu    $a0, $a0, $at              
/* 01AE8 8087B1D8 000420C0 */  sll     $a0, $a0,  3               
/* 01AEC 8087B1DC 00812023 */  subu    $a0, $a0, $at              
/* 01AF0 8087B1E0 000420C0 */  sll     $a0, $a0,  3               
/* 01AF4 8087B1E4 00812021 */  addu    $a0, $a0, $at              
/* 01AF8 8087B1E8 00042080 */  sll     $a0, $a0,  2               
/* 01AFC 8087B1EC 00812023 */  subu    $a0, $a0, $at              
/* 01B00 8087B1F0 00042080 */  sll     $a0, $a0,  2               
/* 01B04 8087B1F4 00042400 */  sll     $a0, $a0, 16               
/* 01B08 8087B1F8 0C03FB51 */  jal     func_800FED44              
/* 01B0C 8087B1FC 00042403 */  sra     $a0, $a0, 16               
/* 01B10 8087B200 860D0190 */  lh      $t5, 0x0190($s0)           ## 00000190
/* 01B14 8087B204 C60A002C */  lwc1    $f10, 0x002C($s0)          ## 0000002C
/* 01B18 8087B208 448D9000 */  mtc1    $t5, $f18                  ## $f18 = 0.00
/* 01B1C 8087B20C 00000000 */  nop
/* 01B20 8087B210 46809120 */  cvt.s.w $f4, $f18                  
/* 01B24 8087B214 46040402 */  mul.s   $f16, $f0, $f4             
/* 01B28 8087B218 46105181 */  sub.s   $f6, $f10, $f16            
/* 01B2C 8087B21C E7A60064 */  swc1    $f6, 0x0064($sp)           
.L8087B220:
/* 01B30 8087B220 860E0190 */  lh      $t6, 0x0190($s0)           ## 00000190
/* 01B34 8087B224 240F000F */  addiu   $t7, $zero, 0x000F         ## $t7 = 0000000F
/* 01B38 8087B228 3C013FC0 */  lui     $at, 0x3FC0                ## $at = 3FC00000
/* 01B3C 8087B22C 01EEC023 */  subu    $t8, $t7, $t6              
/* 01B40 8087B230 44984000 */  mtc1    $t8, $f8                   ## $f8 = 0.00
/* 01B44 8087B234 44812000 */  mtc1    $at, $f4                   ## $f4 = 1.50
/* 01B48 8087B238 C6100028 */  lwc1    $f16, 0x0028($s0)          ## 00000028
/* 01B4C 8087B23C 468044A0 */  cvt.s.w $f18, $f8                  
/* 01B50 8087B240 2408FFFB */  addiu   $t0, $zero, 0xFFFB         ## $t0 = FFFFFFFB
/* 01B54 8087B244 2409000A */  addiu   $t1, $zero, 0x000A         ## $t1 = 0000000A
/* 01B58 8087B248 46049282 */  mul.s   $f10, $f18, $f4            
/* 01B5C 8087B24C 460A8180 */  add.s   $f6, $f16, $f10            
/* 01B60 8087B250 E7A60060 */  swc1    $f6, 0x0060($sp)           
.L8087B254:
/* 01B64 8087B254 9219018C */  lbu     $t9, 0x018C($s0)           ## 0000018C
/* 01B68 8087B258 24010001 */  addiu   $at, $zero, 0x0001         ## $at = 00000001
/* 01B6C 8087B25C 8FA40068 */  lw      $a0, 0x0068($sp)           
/* 01B70 8087B260 17210006 */  bne     $t9, $at, .L8087B27C       
/* 01B74 8087B264 27A5005C */  addiu   $a1, $sp, 0x005C           ## $a1 = FFFFFFF4
/* 01B78 8087B268 3C028088 */  lui     $v0, %hi(D_8087B4D4)       ## $v0 = 80880000
/* 01B7C 8087B26C 3C038088 */  lui     $v1, %hi(D_8087B4D8)       ## $v1 = 80880000
/* 01B80 8087B270 2442B4D4 */  addiu   $v0, $v0, %lo(D_8087B4D4)  ## $v0 = 8087B4D4
/* 01B84 8087B274 10000005 */  beq     $zero, $zero, .L8087B28C   
/* 01B88 8087B278 2463B4D8 */  addiu   $v1, $v1, %lo(D_8087B4D8)  ## $v1 = 8087B4D8
.L8087B27C:
/* 01B8C 8087B27C 3C028088 */  lui     $v0, %hi(D_8087B4DC)       ## $v0 = 80880000
/* 01B90 8087B280 3C038088 */  lui     $v1, %hi(D_8087B4E0)       ## $v1 = 80880000
/* 01B94 8087B284 2442B4DC */  addiu   $v0, $v0, %lo(D_8087B4DC)  ## $v0 = 8087B4DC
/* 01B98 8087B288 2463B4E0 */  addiu   $v1, $v1, %lo(D_8087B4E0)  ## $v1 = 8087B4E0
.L8087B28C:
/* 01B9C 8087B28C 3C068088 */  lui     $a2, %hi(D_8087B4E4)       ## $a2 = 80880000
/* 01BA0 8087B290 3C078088 */  lui     $a3, %hi(D_8087B4F0)       ## $a3 = 80880000
/* 01BA4 8087B294 240A00FA */  addiu   $t2, $zero, 0x00FA         ## $t2 = 000000FA
/* 01BA8 8087B298 AFAA0018 */  sw      $t2, 0x0018($sp)           
/* 01BAC 8087B29C 24E7B4F0 */  addiu   $a3, $a3, %lo(D_8087B4F0)  ## $a3 = 8087B4F0
/* 01BB0 8087B2A0 24C6B4E4 */  addiu   $a2, $a2, %lo(D_8087B4E4)  ## $a2 = 8087B4E4
/* 01BB4 8087B2A4 AFA20010 */  sw      $v0, 0x0010($sp)           
/* 01BB8 8087B2A8 AFA30014 */  sw      $v1, 0x0014($sp)           
/* 01BBC 8087B2AC AFA8001C */  sw      $t0, 0x001C($sp)           
/* 01BC0 8087B2B0 0C02C3E0 */  jal     func_800B0F80              
/* 01BC4 8087B2B4 AFA90020 */  sw      $t1, 0x0020($sp)           
.L8087B2B8:
/* 01BC8 8087B2B8 8FAB006C */  lw      $t3, 0x006C($sp)           
.L8087B2BC:
/* 01BCC 8087B2BC 2401000F */  addiu   $at, $zero, 0x000F         ## $at = 0000000F
/* 01BD0 8087B2C0 8FAC006C */  lw      $t4, 0x006C($sp)           
/* 01BD4 8087B2C4 55610006 */  bnel    $t3, $at, .L8087B2E0       
/* 01BD8 8087B2C8 24010015 */  addiu   $at, $zero, 0x0015         ## $at = 00000015
/* 01BDC 8087B2CC 0C0606D4 */  jal     func_80181B50              
/* 01BE0 8087B2D0 260402F8 */  addiu   $a0, $s0, 0x02F8           ## $a0 = 000002F8
/* 01BE4 8087B2D4 1000000E */  beq     $zero, $zero, .L8087B310   
/* 01BE8 8087B2D8 8FBF0034 */  lw      $ra, 0x0034($sp)           
/* 01BEC 8087B2DC 24010015 */  addiu   $at, $zero, 0x0015         ## $at = 00000015
.L8087B2E0:
/* 01BF0 8087B2E0 15810005 */  bne     $t4, $at, .L8087B2F8       
/* 01BF4 8087B2E4 8FAD006C */  lw      $t5, 0x006C($sp)           
/* 01BF8 8087B2E8 0C0606D4 */  jal     func_80181B50              
/* 01BFC 8087B2EC 26040304 */  addiu   $a0, $s0, 0x0304           ## $a0 = 00000304
/* 01C00 8087B2F0 10000007 */  beq     $zero, $zero, .L8087B310   
/* 01C04 8087B2F4 8FBF0034 */  lw      $ra, 0x0034($sp)           
.L8087B2F8:
/* 01C08 8087B2F8 2401000A */  addiu   $at, $zero, 0x000A         ## $at = 0000000A
/* 01C0C 8087B2FC 55A10004 */  bnel    $t5, $at, .L8087B310       
/* 01C10 8087B300 8FBF0034 */  lw      $ra, 0x0034($sp)           
/* 01C14 8087B304 0C0606D4 */  jal     func_80181B50              
/* 01C18 8087B308 26040310 */  addiu   $a0, $s0, 0x0310           ## $a0 = 00000310
/* 01C1C 8087B30C 8FBF0034 */  lw      $ra, 0x0034($sp)           
.L8087B310:
/* 01C20 8087B310 8FB00030 */  lw      $s0, 0x0030($sp)           
/* 01C24 8087B314 27BD0068 */  addiu   $sp, $sp, 0x0068           ## $sp = 00000000
/* 01C28 8087B318 03E00008 */  jr      $ra                        
/* 01C2C 8087B31C 00000000 */  nop


glabel func_8087B320
/* 01C30 8087B320 27BDFFC0 */  addiu   $sp, $sp, 0xFFC0           ## $sp = FFFFFFC0
/* 01C34 8087B324 AFB00028 */  sw      $s0, 0x0028($sp)           
/* 01C38 8087B328 00808025 */  or      $s0, $a0, $zero            ## $s0 = 00000000
/* 01C3C 8087B32C AFBF002C */  sw      $ra, 0x002C($sp)           
/* 01C40 8087B330 AFA50044 */  sw      $a1, 0x0044($sp)           
/* 01C44 8087B334 920F018E */  lbu     $t7, 0x018E($s0)           ## 0000018E
/* 01C48 8087B338 8FAE0044 */  lw      $t6, 0x0044($sp)           
/* 01C4C 8087B33C 3C18DE00 */  lui     $t8, 0xDE00                ## $t8 = DE000000
/* 01C50 8087B340 11E00003 */  beq     $t7, $zero, .L8087B350     
/* 01C54 8087B344 8DC30000 */  lw      $v1, 0x0000($t6)           ## 00000000
/* 01C58 8087B348 10000002 */  beq     $zero, $zero, .L8087B354   
/* 01C5C 8087B34C 8C6202C0 */  lw      $v0, 0x02C0($v1)           ## 000002C0
.L8087B350:
/* 01C60 8087B350 8C6202B0 */  lw      $v0, 0x02B0($v1)           ## 000002B0
.L8087B354:
/* 01C64 8087B354 3C19801C */  lui     $t9, 0x801C                ## $t9 = 801C0000
/* 01C68 8087B358 273913A0 */  addiu   $t9, $t9, 0x13A0           ## $t9 = 801C13A0
/* 01C6C 8087B35C AC590004 */  sw      $t9, 0x0004($v0)           ## 00000004
/* 01C70 8087B360 AC580000 */  sw      $t8, 0x0000($v0)           ## 00000000
/* 01C74 8087B364 9208018D */  lbu     $t0, 0x018D($s0)           ## 0000018D
/* 01C78 8087B368 3C078088 */  lui     $a3, %hi(func_8087AF48)    ## $a3 = 80880000
/* 01C7C 8087B36C 24E7AF48 */  addiu   $a3, $a3, %lo(func_8087AF48) ## $a3 = 8087AF48
/* 01C80 8087B370 15000006 */  bne     $t0, $zero, .L8087B38C     
/* 01C84 8087B374 3C0C8088 */  lui     $t4, %hi(func_8087AF98)    ## $t4 = 80880000
/* 01C88 8087B378 3C09FB00 */  lui     $t1, 0xFB00                ## $t1 = FB000000
/* 01C8C 8087B37C AC490008 */  sw      $t1, 0x0008($v0)           ## 00000008
/* 01C90 8087B380 AC40000C */  sw      $zero, 0x000C($v0)         ## 0000000C
/* 01C94 8087B384 10000006 */  beq     $zero, $zero, .L8087B3A0   
/* 01C98 8087B388 8E050148 */  lw      $a1, 0x0148($s0)           ## 00000148
.L8087B38C:
/* 01C9C 8087B38C 3C0AFB00 */  lui     $t2, 0xFB00                ## $t2 = FB000000
/* 01CA0 8087B390 240B00FF */  addiu   $t3, $zero, 0x00FF         ## $t3 = 000000FF
/* 01CA4 8087B394 AC4B000C */  sw      $t3, 0x000C($v0)           ## 0000000C
/* 01CA8 8087B398 AC4A0008 */  sw      $t2, 0x0008($v0)           ## 00000008
/* 01CAC 8087B39C 8E050148 */  lw      $a1, 0x0148($s0)           ## 00000148
.L8087B3A0:
/* 01CB0 8087B3A0 8E060164 */  lw      $a2, 0x0164($s0)           ## 00000164
/* 01CB4 8087B3A4 258CAF98 */  addiu   $t4, $t4, %lo(func_8087AF98) ## $t4 = 8087AF98
/* 01CB8 8087B3A8 244D0010 */  addiu   $t5, $v0, 0x0010           ## $t5 = 00000010
/* 01CBC 8087B3AC AFAD0018 */  sw      $t5, 0x0018($sp)           
/* 01CC0 8087B3B0 AFAC0010 */  sw      $t4, 0x0010($sp)           
/* 01CC4 8087B3B4 AFA30030 */  sw      $v1, 0x0030($sp)           
/* 01CC8 8087B3B8 AFB00014 */  sw      $s0, 0x0014($sp)           
/* 01CCC 8087B3BC 0C04D264 */  jal     func_80134990              
/* 01CD0 8087B3C0 8FA40044 */  lw      $a0, 0x0044($sp)           
/* 01CD4 8087B3C4 920E018E */  lbu     $t6, 0x018E($s0)           ## 0000018E
/* 01CD8 8087B3C8 8FA30030 */  lw      $v1, 0x0030($sp)           
/* 01CDC 8087B3CC 51C00004 */  beql    $t6, $zero, .L8087B3E0     
/* 01CE0 8087B3D0 AC6202B0 */  sw      $v0, 0x02B0($v1)           ## 000002B0
/* 01CE4 8087B3D4 10000002 */  beq     $zero, $zero, .L8087B3E0   
/* 01CE8 8087B3D8 AC6202C0 */  sw      $v0, 0x02C0($v1)           ## 000002C0
/* 01CEC 8087B3DC AC6202B0 */  sw      $v0, 0x02B0($v1)           ## 000002B0
.L8087B3E0:
/* 01CF0 8087B3E0 C60402EC */  lwc1    $f4, 0x02EC($s0)           ## 000002EC
/* 01CF4 8087B3E4 C606005C */  lwc1    $f6, 0x005C($s0)           ## 0000005C
/* 01CF8 8087B3E8 3C014348 */  lui     $at, 0x4348                ## $at = 43480000
/* 01CFC 8087B3EC 44815000 */  mtc1    $at, $f10                  ## $f10 = 200.00
/* 01D00 8087B3F0 46062202 */  mul.s   $f8, $f4, $f6              
/* 01D04 8087B3F4 8FA40044 */  lw      $a0, 0x0044($sp)           
/* 01D08 8087B3F8 00002825 */  or      $a1, $zero, $zero          ## $a1 = 00000000
/* 01D0C 8087B3FC 260602F8 */  addiu   $a2, $s0, 0x02F8           ## $a2 = 000002F8
/* 01D10 8087B400 24070003 */  addiu   $a3, $zero, 0x0003         ## $a3 = 00000003
/* 01D14 8087B404 460A4402 */  mul.s   $f16, $f8, $f10            
/* 01D18 8087B408 E7B00010 */  swc1    $f16, 0x0010($sp)          
/* 01D1C 8087B40C C61202F0 */  lwc1    $f18, 0x02F0($s0)          ## 000002F0
/* 01D20 8087B410 E7B20014 */  swc1    $f18, 0x0014($sp)          
/* 01D24 8087B414 C60402E8 */  lwc1    $f4, 0x02E8($s0)           ## 000002E8
/* 01D28 8087B418 E7A40018 */  swc1    $f4, 0x0018($sp)           
/* 01D2C 8087B41C 920F018F */  lbu     $t7, 0x018F($s0)           ## 0000018F
/* 01D30 8087B420 0C02F9A0 */  jal     func_800BE680              
/* 01D34 8087B424 AFAF001C */  sw      $t7, 0x001C($sp)           
/* 01D38 8087B428 8FB80044 */  lw      $t8, 0x0044($sp)           
/* 01D3C 8087B42C 3C190002 */  lui     $t9, 0x0002                ## $t9 = 00020000
/* 01D40 8087B430 0338C821 */  addu    $t9, $t9, $t8              
/* 01D44 8087B434 8F398840 */  lw      $t9, -0x77C0($t9)          ## 00018840
/* 01D48 8087B438 AE1902F4 */  sw      $t9, 0x02F4($s0)           ## 000002F4
/* 01D4C 8087B43C 8FBF002C */  lw      $ra, 0x002C($sp)           
/* 01D50 8087B440 8FB00028 */  lw      $s0, 0x0028($sp)           
/* 01D54 8087B444 03E00008 */  jr      $ra                        
/* 01D58 8087B448 27BD0040 */  addiu   $sp, $sp, 0x0040           ## $sp = 00000000
/* 01D5C 8087B44C 00000000 */  nop

.section .data

D_8087B450: .word 0x000C0500, 0x00005005, 0x000B0000, 0x00000374
.word func_808796F0
.word func_80879898
.word func_8087AC0C
.word func_8087B320
D_8087B470: .word \
0x03110939, 0x10040000, 0x00000000, 0xF7CFFFFF, \
0x01080000, 0xF7CFFFFF, 0x00000000, 0x09010100, \
0x01000000, 0x03E80000
D_8087B498: .word 0x000F0064
D_8087B49C: .word 0x0100000A, 0x000A0A00
D_8087B4A4: .word \
0x10010001, 0x01010001, 0x01010122, 0x32420101, \
0x01021050, 0x00000101, 0x01000000, 0x00000001
D_8087B4C4: .word 0xC8580005, 0xB874FE0C, 0x801F0002, 0x30540FA0
D_8087B4D4: .word 0xFFFF64FF
D_8087B4D8: .word 0xFF320000
D_8087B4DC: .word 0x64C8FFFF
D_8087B4E0: .word 0x0000FF00
D_8087B4E4: .word 0x00000000, 0x3F000000, 0x00000000
D_8087B4F0: .word 0x00000000, 0x3F000000, 0x00000000, 0x00000000

.section .rodata

D_8087B500: .word 0x3E4CCCCD
D_8087B504: .word 0x3D4CCCCD
D_8087B508: .word 0x4708B800
D_8087B50C: .word 0x3F4CCCCD
D_8087B510: .word 0x3EB33333
D_8087B514: .word 0x3F0CCCCD
D_8087B518: .word 0x3F533334
D_8087B51C: .word 0x3F0CCCCD
D_8087B520: .word 0x3F0CCCCD
D_8087B524: .word 0x3CA3D70A
D_8087B528: .word 0x3F0CCCCD
D_8087B52C: .word 0x3F0CCCCD
D_8087B530: .word 0x3E8CCCCD
D_8087B534: .word 0x3F0CCCCD
D_8087B538: .word 0x450FC000, 0x00000000


.section .rodata
D_8087B540:
.incbin "baserom/En_Firefly", 0x1E50, 0x000001F0
