.include "macro.inc"

# assembler directives
.set noat      # allow manual use of $at
.set noreorder # don't insert nops after branches
.set gp=64     # allow use of 64-bit general purpose registers

.section .text
glabel func_809A6280
/* 00000 809A6280 27BDFFB8 */  addiu   $sp, $sp, 0xFFB8           ## $sp = FFFFFFB8
/* 00004 809A6284 AFB00028 */  sw      $s0, 0x0028($sp)           
/* 00008 809A6288 00808025 */  or      $s0, $a0, $zero            ## $s0 = 00000000
/* 0000C 809A628C AFBF002C */  sw      $ra, 0x002C($sp)           
/* 00010 809A6290 AFA5004C */  sw      $a1, 0x004C($sp)           
/* 00014 809A6294 240E0015 */  addiu   $t6, $zero, 0x0015         ## $t6 = 00000015
/* 00018 809A6298 240F0004 */  addiu   $t7, $zero, 0x0004         ## $t7 = 00000004
/* 0001C 809A629C 2418003C */  addiu   $t8, $zero, 0x003C         ## $t8 = 0000003C
/* 00020 809A62A0 24190002 */  addiu   $t9, $zero, 0x0002         ## $t9 = 00000002
/* 00024 809A62A4 A20E011F */  sb      $t6, 0x011F($s0)           ## 0000011F
/* 00028 809A62A8 A20F001F */  sb      $t7, 0x001F($s0)           ## 0000001F
/* 0002C 809A62AC A21800B6 */  sb      $t8, 0x00B6($s0)           ## 000000B6
/* 00030 809A62B0 A21900B7 */  sb      $t9, 0x00B7($s0)           ## 000000B7
/* 00034 809A62B4 3C07809B */  lui     $a3, %hi(D_809A8D64)       ## $a3 = 809B0000
/* 00038 809A62B8 26090530 */  addiu   $t1, $s0, 0x0530           ## $t1 = 00000530
/* 0003C 809A62BC AFA90010 */  sw      $t1, 0x0010($sp)           
/* 00040 809A62C0 24E78D64 */  addiu   $a3, $a3, %lo(D_809A8D64)  ## $a3 = 809A8D64
/* 00044 809A62C4 8FA4004C */  lw      $a0, 0x004C($sp)           
/* 00048 809A62C8 26050510 */  addiu   $a1, $s0, 0x0510           ## $a1 = 00000510
/* 0004C 809A62CC 0C0383C5 */  jal     func_800E0F14              
/* 00050 809A62D0 02003025 */  or      $a2, $s0, $zero            ## $a2 = 00000000
/* 00054 809A62D4 8E0A052C */  lw      $t2, 0x052C($s0)           ## 0000052C
/* 00058 809A62D8 24080001 */  addiu   $t0, $zero, 0x0001         ## $t0 = 00000001
/* 0005C 809A62DC 3C0141B0 */  lui     $at, 0x41B0                ## $at = 41B00000
/* 00060 809A62E0 A548002E */  sh      $t0, 0x002E($t2)           ## 0000002E
/* 00064 809A62E4 8E0B052C */  lw      $t3, 0x052C($s0)           ## 0000052C
/* 00068 809A62E8 44812000 */  mtc1    $at, $f4                   ## $f4 = 22.00
/* 0006C 809A62EC 3C014180 */  lui     $at, 0x4180                ## $at = 41800000
/* 00070 809A62F0 44813000 */  mtc1    $at, $f6                   ## $f6 = 16.00
/* 00074 809A62F4 E5640038 */  swc1    $f4, 0x0038($t3)           ## 00000038
/* 00078 809A62F8 8E0C052C */  lw      $t4, 0x052C($s0)           ## 0000052C
/* 0007C 809A62FC 240E03E8 */  addiu   $t6, $zero, 0x03E8         ## $t6 = 000003E8
/* 00080 809A6300 260400BC */  addiu   $a0, $s0, 0x00BC           ## $a0 = 000000BC
/* 00084 809A6304 A588006E */  sh      $t0, 0x006E($t4)           ## 0000006E
/* 00088 809A6308 8E0D052C */  lw      $t5, 0x052C($s0)           ## 0000052C
/* 0008C 809A630C 24050000 */  addiu   $a1, $zero, 0x0000         ## $a1 = 00000000
/* 00090 809A6310 00003025 */  or      $a2, $zero, $zero          ## $a2 = 00000000
/* 00094 809A6314 E5A60078 */  swc1    $f6, 0x0078($t5)           ## 00000078
/* 00098 809A6318 8E0F052C */  lw      $t7, 0x052C($s0)           ## 0000052C
/* 0009C 809A631C 3C073F80 */  lui     $a3, 0x3F80                ## $a3 = 3F800000
/* 000A0 809A6320 A5EE0068 */  sh      $t6, 0x0068($t7)           ## 00000068
/* 000A4 809A6324 8E18052C */  lw      $t8, 0x052C($s0)           ## 0000052C
/* 000A8 809A6328 A700006C */  sh      $zero, 0x006C($t8)         ## 0000006C
/* 000AC 809A632C 8E03052C */  lw      $v1, 0x052C($s0)           ## 0000052C
/* 000B0 809A6330 8462006C */  lh      $v0, 0x006C($v1)           ## 0000006C
/* 000B4 809A6334 A462006A */  sh      $v0, 0x006A($v1)           ## 0000006A
/* 000B8 809A6338 8E19052C */  lw      $t9, 0x052C($s0)           ## 0000052C
/* 000BC 809A633C A722002C */  sh      $v0, 0x002C($t9)           ## 0000002C
/* 000C0 809A6340 8E09052C */  lw      $t1, 0x052C($s0)           ## 0000052C
/* 000C4 809A6344 A522002A */  sh      $v0, 0x002A($t1)           ## 0000002A
/* 000C8 809A6348 8E0A052C */  lw      $t2, 0x052C($s0)           ## 0000052C
/* 000CC 809A634C A5420028 */  sh      $v0, 0x0028($t2)           ## 00000028
/* 000D0 809A6350 8E0B0004 */  lw      $t3, 0x0004($s0)           ## 00000004
/* 000D4 809A6354 356C0200 */  ori     $t4, $t3, 0x0200           ## $t4 = 00000200
/* 000D8 809A6358 0C02CEE9 */  jal     func_800B3BA4              
/* 000DC 809A635C AE0C0004 */  sw      $t4, 0x0004($s0)           ## 00000004
/* 000E0 809A6360 3C0D809B */  lui     $t5, %hi(D_809A8CDC)       ## $t5 = 809B0000
/* 000E4 809A6364 25AD8CDC */  addiu   $t5, $t5, %lo(D_809A8CDC)  ## $t5 = 809A8CDC
/* 000E8 809A6368 AE0D00A0 */  sw      $t5, 0x00A0($s0)           ## 000000A0
/* 000EC 809A636C 26040380 */  addiu   $a0, $s0, 0x0380           ## $a0 = 00000380
/* 000F0 809A6370 AFA40030 */  sw      $a0, 0x0030($sp)           
/* 000F4 809A6374 0C03FD43 */  jal     func_800FF50C              
/* 000F8 809A6378 26050008 */  addiu   $a1, $s0, 0x0008           ## $a1 = 00000008
/* 000FC 809A637C 240EFFFF */  addiu   $t6, $zero, 0xFFFF         ## $t6 = FFFFFFFF
/* 00100 809A6380 3C03809B */  lui     $v1, %hi(D_809A8C80)       ## $v1 = 809B0000
/* 00104 809A6384 A6000358 */  sh      $zero, 0x0358($s0)         ## 00000358
/* 00108 809A6388 A60E035A */  sh      $t6, 0x035A($s0)           ## 0000035A
/* 0010C 809A638C 24638C80 */  addiu   $v1, $v1, %lo(D_809A8C80)  ## $v1 = 809A8C80
/* 00110 809A6390 00001025 */  or      $v0, $zero, $zero          ## $v0 = 00000000
/* 00114 809A6394 24040005 */  addiu   $a0, $zero, 0x0005         ## $a0 = 00000005
.L809A6398:
/* 00118 809A6398 8C6F0000 */  lw      $t7, 0x0000($v1)           ## 809A8C80
/* 0011C 809A639C 55E00006 */  bnel    $t7, $zero, .L809A63B8     
/* 00120 809A63A0 24420001 */  addiu   $v0, $v0, 0x0001           ## $v0 = 00000001
/* 00124 809A63A4 A602035A */  sh      $v0, 0x035A($s0)           ## 0000035A
/* 00128 809A63A8 24180001 */  addiu   $t8, $zero, 0x0001         ## $t8 = 00000001
/* 0012C 809A63AC 10000004 */  beq     $zero, $zero, .L809A63C0   
/* 00130 809A63B0 AC780000 */  sw      $t8, 0x0000($v1)           ## 809A8C80
/* 00134 809A63B4 24420001 */  addiu   $v0, $v0, 0x0001           ## $v0 = 00000002
.L809A63B8:
/* 00138 809A63B8 1444FFF7 */  bne     $v0, $a0, .L809A6398       
/* 0013C 809A63BC 24630004 */  addiu   $v1, $v1, 0x0004           ## $v1 = 809A8C84
.L809A63C0:
/* 00140 809A63C0 8619035A */  lh      $t9, 0x035A($s0)           ## 0000035A
/* 00144 809A63C4 3C01809B */  lui     $at, %hi(D_809A8E40)       ## $at = 809B0000
/* 00148 809A63C8 07210007 */  bgez    $t9, .L809A63E8            
/* 0014C 809A63CC 00000000 */  nop
/* 00150 809A63D0 0C05E565 */  jal     func_80179594              
/* 00154 809A63D4 C42C8E40 */  lwc1    $f12, %lo(D_809A8E40)($at) 
/* 00158 809A63D8 4600020D */  trunc.w.s $f8, $f0                   
/* 0015C 809A63DC 440A4000 */  mfc1    $t2, $f8                   
/* 00160 809A63E0 00000000 */  nop
/* 00164 809A63E4 A60A035A */  sh      $t2, 0x035A($s0)           ## 0000035A
.L809A63E8:
/* 00168 809A63E8 3C060600 */  lui     $a2, 0x0600                ## $a2 = 06000000
/* 0016C 809A63EC 3C070600 */  lui     $a3, 0x0600                ## $a3 = 06000000
/* 00170 809A63F0 260B0188 */  addiu   $t3, $s0, 0x0188           ## $t3 = 00000188
/* 00174 809A63F4 260C0218 */  addiu   $t4, $s0, 0x0218           ## $t4 = 00000218
/* 00178 809A63F8 240D0018 */  addiu   $t5, $zero, 0x0018         ## $t5 = 00000018
/* 0017C 809A63FC AFAD0018 */  sw      $t5, 0x0018($sp)           
/* 00180 809A6400 AFAC0014 */  sw      $t4, 0x0014($sp)           
/* 00184 809A6404 AFAB0010 */  sw      $t3, 0x0010($sp)           
/* 00188 809A6408 24E70F9C */  addiu   $a3, $a3, 0x0F9C           ## $a3 = 06000F9C
/* 0018C 809A640C 24C63F00 */  addiu   $a2, $a2, 0x3F00           ## $a2 = 06003F00
/* 00190 809A6410 8FA4004C */  lw      $a0, 0x004C($sp)           
/* 00194 809A6414 0C04DA9F */  jal     func_80136A7C              
/* 00198 809A6418 26050144 */  addiu   $a1, $s0, 0x0144           ## $a1 = 00000144
/* 0019C 809A641C 860E001C */  lh      $t6, 0x001C($s0)           ## 0000001C
/* 001A0 809A6420 A60E035E */  sh      $t6, 0x035E($s0)           ## 0000035E
/* 001A4 809A6424 8602035E */  lh      $v0, 0x035E($s0)           ## 0000035E
/* 001A8 809A6428 2841FFFF */  slti    $at, $v0, 0xFFFF           
/* 001AC 809A642C 50200004 */  beql    $at, $zero, .L809A6440     
/* 001B0 809A6430 24010001 */  addiu   $at, $zero, 0x0001         ## $at = 00000001
/* 001B4 809A6434 A600035E */  sh      $zero, 0x035E($s0)         ## 0000035E
/* 001B8 809A6438 8602035E */  lh      $v0, 0x035E($s0)           ## 0000035E
/* 001BC 809A643C 24010001 */  addiu   $at, $zero, 0x0001         ## $at = 00000001
.L809A6440:
/* 001C0 809A6440 10410004 */  beq     $v0, $at, .L809A6454       
/* 001C4 809A6444 3C01809B */  lui     $at, %hi(D_809A8E44)       ## $at = 809B0000
/* 001C8 809A6448 C42A8E44 */  lwc1    $f10, %lo(D_809A8E44)($at) 
/* 001CC 809A644C 10000016 */  beq     $zero, $zero, .L809A64A8   
/* 001D0 809A6450 E60A0360 */  swc1    $f10, 0x0360($s0)          ## 00000360
.L809A6454:
/* 001D4 809A6454 44800000 */  mtc1    $zero, $f0                 ## $f0 = 0.00
/* 001D8 809A6458 02002025 */  or      $a0, $s0, $zero            ## $a0 = 00000000
/* 001DC 809A645C 44050000 */  mfc1    $a1, $f0                   
/* 001E0 809A6460 0C02D9F8 */  jal     func_800B67E0              
/* 001E4 809A6464 E6000360 */  swc1    $f0, 0x0360($s0)           ## 00000360
/* 001E8 809A6468 86020092 */  lh      $v0, 0x0092($s0)           ## 00000092
/* 001EC 809A646C 26050024 */  addiu   $a1, $s0, 0x0024           ## $a1 = 00000024
/* 001F0 809A6470 A6020032 */  sh      $v0, 0x0032($s0)           ## 00000032
/* 001F4 809A6474 A60200BE */  sh      $v0, 0x00BE($s0)           ## 000000BE
/* 001F8 809A6478 0C03FD43 */  jal     func_800FF50C              
/* 001FC 809A647C 8FA40030 */  lw      $a0, 0x0030($sp)           
/* 00200 809A6480 3C0142B4 */  lui     $at, 0x42B4                ## $at = 42B40000
/* 00204 809A6484 44819000 */  mtc1    $at, $f18                  ## $f18 = 90.00
/* 00208 809A6488 C6100384 */  lwc1    $f16, 0x0384($s0)          ## 00000384
/* 0020C 809A648C 8602035E */  lh      $v0, 0x035E($s0)           ## 0000035E
/* 00210 809A6490 8E0F052C */  lw      $t7, 0x052C($s0)           ## 0000052C
/* 00214 809A6494 46128100 */  add.s   $f4, $f16, $f18            
/* 00218 809A6498 E6040384 */  swc1    $f4, 0x0384($s0)           ## 00000384
/* 0021C 809A649C A5E2006E */  sh      $v0, 0x006E($t7)           ## 0000006E
/* 00220 809A64A0 8E18052C */  lw      $t8, 0x052C($s0)           ## 0000052C
/* 00224 809A64A4 A702002E */  sh      $v0, 0x002E($t8)           ## 0000002E
.L809A64A8:
/* 00228 809A64A8 3C014248 */  lui     $at, 0x4248                ## $at = 42480000
/* 0022C 809A64AC 44816000 */  mtc1    $at, $f12                  ## $f12 = 50.00
/* 00230 809A64B0 0C05E570 */  jal     func_801795C0              
/* 00234 809A64B4 00000000 */  nop
/* 00238 809A64B8 C6060384 */  lwc1    $f6, 0x0384($s0)           ## 00000384
/* 0023C 809A64BC 02002025 */  or      $a0, $s0, $zero            ## $a0 = 00000000
/* 00240 809A64C0 46060200 */  add.s   $f8, $f0, $f6              
/* 00244 809A64C4 0C2699D5 */  jal     func_809A6754              
/* 00248 809A64C8 E6080370 */  swc1    $f8, 0x0370($s0)           ## 00000370
/* 0024C 809A64CC 8FBF002C */  lw      $ra, 0x002C($sp)           
/* 00250 809A64D0 8FB00028 */  lw      $s0, 0x0028($sp)           
/* 00254 809A64D4 27BD0048 */  addiu   $sp, $sp, 0x0048           ## $sp = 00000000
/* 00258 809A64D8 03E00008 */  jr      $ra                        
/* 0025C 809A64DC 00000000 */  nop


glabel func_809A64E0
/* 00260 809A64E0 27BDFFE8 */  addiu   $sp, $sp, 0xFFE8           ## $sp = FFFFFFE8
/* 00264 809A64E4 AFBF0014 */  sw      $ra, 0x0014($sp)           
/* 00268 809A64E8 AFA40018 */  sw      $a0, 0x0018($sp)           
/* 0026C 809A64EC 00A03025 */  or      $a2, $a1, $zero            ## $a2 = 00000000
/* 00270 809A64F0 8FA50018 */  lw      $a1, 0x0018($sp)           
/* 00274 809A64F4 00C02025 */  or      $a0, $a2, $zero            ## $a0 = 00000000
/* 00278 809A64F8 0C038306 */  jal     func_800E0C18              
/* 0027C 809A64FC 24A50510 */  addiu   $a1, $a1, 0x0510           ## $a1 = 00000510
/* 00280 809A6500 8FAE0018 */  lw      $t6, 0x0018($sp)           
/* 00284 809A6504 3C01809B */  lui     $at, %hi(D_809A8C80)       ## $at = 809B0000
/* 00288 809A6508 8FBF0014 */  lw      $ra, 0x0014($sp)           
/* 0028C 809A650C 85CF035A */  lh      $t7, 0x035A($t6)           ## 0000035A
/* 00290 809A6510 000FC080 */  sll     $t8, $t7,  2               
/* 00294 809A6514 00380821 */  addu    $at, $at, $t8              
/* 00298 809A6518 AC208C80 */  sw      $zero, %lo(D_809A8C80)($at) 
/* 0029C 809A651C 03E00008 */  jr      $ra                        
/* 002A0 809A6520 27BD0018 */  addiu   $sp, $sp, 0x0018           ## $sp = 00000000


glabel func_809A6524
/* 002A4 809A6524 27BDFFC8 */  addiu   $sp, $sp, 0xFFC8           ## $sp = FFFFFFC8
/* 002A8 809A6528 AFB00028 */  sw      $s0, 0x0028($sp)           
/* 002AC 809A652C 00A08025 */  or      $s0, $a1, $zero            ## $s0 = 00000000
/* 002B0 809A6530 AFBF002C */  sw      $ra, 0x002C($sp)           
/* 002B4 809A6534 AFA40038 */  sw      $a0, 0x0038($sp)           
/* 002B8 809A6538 3C0F809B */  lui     $t7, %hi(D_809A8D74)       ## $t7 = 809B0000
/* 002BC 809A653C 25EF8D74 */  addiu   $t7, $t7, %lo(D_809A8D74)  ## $t7 = 809A8D74
/* 002C0 809A6540 00107080 */  sll     $t6, $s0,  2               
/* 002C4 809A6544 01CF1821 */  addu    $v1, $t6, $t7              
/* 002C8 809A6548 8C640000 */  lw      $a0, 0x0000($v1)           ## 00000000
/* 002CC 809A654C 0C04D1D2 */  jal     func_80134748              
/* 002D0 809A6550 AFA30030 */  sw      $v1, 0x0030($sp)           
/* 002D4 809A6554 44822000 */  mtc1    $v0, $f4                   ## $f4 = 0.00
/* 002D8 809A6558 8FA80038 */  lw      $t0, 0x0038($sp)           
/* 002DC 809A655C 44801000 */  mtc1    $zero, $f2                 ## $f2 = 0.00
/* 002E0 809A6560 468021A0 */  cvt.s.w $f6, $f4                   
/* 002E4 809A6564 8FA30030 */  lw      $v1, 0x0030($sp)           
/* 002E8 809A6568 24010003 */  addiu   $at, $zero, 0x0003         ## $at = 00000003
/* 002EC 809A656C 25040144 */  addiu   $a0, $t0, 0x0144           ## $a0 = 00000144
/* 002F0 809A6570 46001006 */  mov.s   $f0, $f2                   
/* 002F4 809A6574 12010005 */  beq     $s0, $at, .L809A658C       
/* 002F8 809A6578 E5060368 */  swc1    $f6, 0x0368($t0)           ## 00000368
/* 002FC 809A657C 24010004 */  addiu   $at, $zero, 0x0004         ## $at = 00000004
/* 00300 809A6580 12010002 */  beq     $s0, $at, .L809A658C       
/* 00304 809A6584 24010005 */  addiu   $at, $zero, 0x0005         ## $at = 00000005
/* 00308 809A6588 16010003 */  bne     $s0, $at, .L809A6598       
.L809A658C:
/* 0030C 809A658C 3C01C040 */  lui     $at, 0xC040                ## $at = C0400000
/* 00310 809A6590 44810000 */  mtc1    $at, $f0                   ## $f0 = -3.00
/* 00314 809A6594 00000000 */  nop
.L809A6598:
/* 00318 809A6598 3C18809B */  lui     $t8, %hi(D_809A8D94)       ## $t8 = 809B0000
/* 0031C 809A659C 0310C021 */  addu    $t8, $t8, $s0              
/* 00320 809A65A0 93188D94 */  lbu     $t8, %lo(D_809A8D94)($t8)  
/* 00324 809A65A4 C5080368 */  lwc1    $f8, 0x0368($t0)           ## 00000368
/* 00328 809A65A8 44071000 */  mfc1    $a3, $f2                   
/* 0032C 809A65AC E7A00018 */  swc1    $f0, 0x0018($sp)           
/* 00330 809A65B0 8C650000 */  lw      $a1, 0x0000($v1)           ## 00000000
/* 00334 809A65B4 3C063F80 */  lui     $a2, 0x3F80                ## $a2 = 3F800000
/* 00338 809A65B8 AFB80014 */  sw      $t8, 0x0014($sp)           
/* 0033C 809A65BC 0C04DCFA */  jal     func_801373E8              
/* 00340 809A65C0 E7A80010 */  swc1    $f8, 0x0010($sp)           
/* 00344 809A65C4 8FBF002C */  lw      $ra, 0x002C($sp)           
/* 00348 809A65C8 8FB00028 */  lw      $s0, 0x0028($sp)           
/* 0034C 809A65CC 27BD0038 */  addiu   $sp, $sp, 0x0038           ## $sp = 00000000
/* 00350 809A65D0 03E00008 */  jr      $ra                        
/* 00354 809A65D4 00000000 */  nop


glabel func_809A65D8
/* 00358 809A65D8 27BDFFE8 */  addiu   $sp, $sp, 0xFFE8           ## $sp = FFFFFFE8
/* 0035C 809A65DC AFBF0014 */  sw      $ra, 0x0014($sp)           
/* 00360 809A65E0 00002825 */  or      $a1, $zero, $zero          ## $a1 = 00000000
/* 00364 809A65E4 0C269949 */  jal     func_809A6524              
/* 00368 809A65E8 AFA40018 */  sw      $a0, 0x0018($sp)           
/* 0036C 809A65EC 8FA40018 */  lw      $a0, 0x0018($sp)           
/* 00370 809A65F0 24010002 */  addiu   $at, $zero, 0x0002         ## $at = 00000002
/* 00374 809A65F4 3C19809A */  lui     $t9, %hi(func_809A6668)    ## $t9 = 809A0000
/* 00378 809A65F8 908E02AC */  lbu     $t6, 0x02AC($a0)           ## 000002AC
/* 0037C 809A65FC 240F0001 */  addiu   $t7, $zero, 0x0001         ## $t7 = 00000001
/* 00380 809A6600 24180004 */  addiu   $t8, $zero, 0x0004         ## $t8 = 00000004
/* 00384 809A6604 11C10002 */  beq     $t6, $at, .L809A6610       
/* 00388 809A6608 27396668 */  addiu   $t9, $t9, %lo(func_809A6668) ## $t9 = 809A6668
/* 0038C 809A660C A08F02AC */  sb      $t7, 0x02AC($a0)           ## 000002AC
.L809A6610:
/* 00390 809A6610 A4980358 */  sh      $t8, 0x0358($a0)           ## 00000358
/* 00394 809A6614 AC9902A8 */  sw      $t9, 0x02A8($a0)           ## 000002A8
/* 00398 809A6618 8FBF0014 */  lw      $ra, 0x0014($sp)           
/* 0039C 809A661C 27BD0018 */  addiu   $sp, $sp, 0x0018           ## $sp = 00000000
/* 003A0 809A6620 03E00008 */  jr      $ra                        
/* 003A4 809A6624 00000000 */  nop


glabel func_809A6628
/* 003A8 809A6628 27BDFFE8 */  addiu   $sp, $sp, 0xFFE8           ## $sp = FFFFFFE8
/* 003AC 809A662C AFBF0014 */  sw      $ra, 0x0014($sp)           
/* 003B0 809A6630 24050001 */  addiu   $a1, $zero, 0x0001         ## $a1 = 00000001
/* 003B4 809A6634 0C269949 */  jal     func_809A6524              
/* 003B8 809A6638 AFA40018 */  sw      $a0, 0x0018($sp)           
/* 003BC 809A663C 8FA40018 */  lw      $a0, 0x0018($sp)           
/* 003C0 809A6640 3C0F809A */  lui     $t7, %hi(func_809A6668)    ## $t7 = 809A0000
/* 003C4 809A6644 240E0004 */  addiu   $t6, $zero, 0x0004         ## $t6 = 00000004
/* 003C8 809A6648 25EF6668 */  addiu   $t7, $t7, %lo(func_809A6668) ## $t7 = 809A6668
/* 003CC 809A664C A48E0358 */  sh      $t6, 0x0358($a0)           ## 00000358
/* 003D0 809A6650 A08002AC */  sb      $zero, 0x02AC($a0)         ## 000002AC
/* 003D4 809A6654 AC8F02A8 */  sw      $t7, 0x02A8($a0)           ## 000002A8
/* 003D8 809A6658 8FBF0014 */  lw      $ra, 0x0014($sp)           
/* 003DC 809A665C 27BD0018 */  addiu   $sp, $sp, 0x0018           ## $sp = 00000000
/* 003E0 809A6660 03E00008 */  jr      $ra                        
/* 003E4 809A6664 00000000 */  nop


glabel func_809A6668
/* 003E8 809A6668 27BDFFE0 */  addiu   $sp, $sp, 0xFFE0           ## $sp = FFFFFFE0
/* 003EC 809A666C AFB00018 */  sw      $s0, 0x0018($sp)           
/* 003F0 809A6670 00808025 */  or      $s0, $a0, $zero            ## $s0 = 00000000
/* 003F4 809A6674 AFBF001C */  sw      $ra, 0x001C($sp)           
/* 003F8 809A6678 AFA50024 */  sw      $a1, 0x0024($sp)           
/* 003FC 809A667C C600015C */  lwc1    $f0, 0x015C($s0)           ## 0000015C
/* 00400 809A6680 C6040368 */  lwc1    $f4, 0x0368($s0)           ## 00000368
/* 00404 809A6684 4600203E */  c.le.s  $f4, $f0                   
/* 00408 809A6688 00000000 */  nop
/* 0040C 809A668C 4502002D */  bc1fl   .L809A6744                 
/* 00410 809A6690 8FBF001C */  lw      $ra, 0x001C($sp)           
/* 00414 809A6694 920E02AC */  lbu     $t6, 0x02AC($s0)           ## 000002AC
/* 00418 809A6698 26040380 */  addiu   $a0, $s0, 0x0380           ## $a0 = 00000380
/* 0041C 809A669C 15C00005 */  bne     $t6, $zero, .L809A66B4     
/* 00420 809A66A0 00000000 */  nop
/* 00424 809A66A4 0C269D25 */  jal     func_809A7494              
/* 00428 809A66A8 02002025 */  or      $a0, $s0, $zero            ## $a0 = 00000000
/* 0042C 809A66AC 10000025 */  beq     $zero, $zero, .L809A6744   
/* 00430 809A66B0 8FBF001C */  lw      $ra, 0x001C($sp)           
.L809A66B4:
/* 00434 809A66B4 0C03FD43 */  jal     func_800FF50C              
/* 00438 809A66B8 26050024 */  addiu   $a1, $s0, 0x0024           ## $a1 = 00000024
/* 0043C 809A66BC 3C0142B4 */  lui     $at, 0x42B4                ## $at = 42B40000
/* 00440 809A66C0 44814000 */  mtc1    $at, $f8                   ## $f8 = 90.00
/* 00444 809A66C4 C6060088 */  lwc1    $f6, 0x0088($s0)           ## 00000088
/* 00448 809A66C8 02002025 */  or      $a0, $s0, $zero            ## $a0 = 00000000
/* 0044C 809A66CC 24050002 */  addiu   $a1, $zero, 0x0002         ## $a1 = 00000002
/* 00450 809A66D0 46083280 */  add.s   $f10, $f6, $f8             
/* 00454 809A66D4 0C269949 */  jal     func_809A6524              
/* 00458 809A66D8 E60A0384 */  swc1    $f10, 0x0384($s0)          ## 00000384
/* 0045C 809A66DC 920F02AC */  lbu     $t7, 0x02AC($s0)           ## 000002AC
/* 00460 809A66E0 24010002 */  addiu   $at, $zero, 0x0002         ## $at = 00000002
/* 00464 809A66E4 24180001 */  addiu   $t8, $zero, 0x0001         ## $t8 = 00000001
/* 00468 809A66E8 11E1000E */  beq     $t7, $at, .L809A6724       
/* 0046C 809A66EC 3C08809A */  lui     $t0, %hi(func_809A6B6C)    ## $t0 = 809A0000
/* 00470 809A66F0 0C04900F */  jal     func_8012403C              
/* 00474 809A66F4 8FA40024 */  lw      $a0, 0x0024($sp)           
/* 00478 809A66F8 24010010 */  addiu   $at, $zero, 0x0010         ## $at = 00000010
/* 0047C 809A66FC 14410005 */  bne     $v0, $at, .L809A6714       
/* 00480 809A6700 02002025 */  or      $a0, $s0, $zero            ## $a0 = 00000000
/* 00484 809A6704 0C2699D5 */  jal     func_809A6754              
/* 00488 809A6708 02002025 */  or      $a0, $s0, $zero            ## $a0 = 00000000
/* 0048C 809A670C 1000000D */  beq     $zero, $zero, .L809A6744   
/* 00490 809A6710 8FBF001C */  lw      $ra, 0x001C($sp)           
.L809A6714:
/* 00494 809A6714 0C269C4D */  jal     func_809A7134              
/* 00498 809A6718 8FA50024 */  lw      $a1, 0x0024($sp)           
/* 0049C 809A671C 10000009 */  beq     $zero, $zero, .L809A6744   
/* 004A0 809A6720 8FBF001C */  lw      $ra, 0x001C($sp)           
.L809A6724:
/* 004A4 809A6724 A60002B0 */  sh      $zero, 0x02B0($s0)         ## 000002B0
/* 004A8 809A6728 861902B0 */  lh      $t9, 0x02B0($s0)           ## 000002B0
/* 004AC 809A672C 25086B6C */  addiu   $t0, $t0, %lo(func_809A6B6C) ## $t0 = 00006B6C
/* 004B0 809A6730 A6180358 */  sh      $t8, 0x0358($s0)           ## 00000358
/* 004B4 809A6734 A20002AC */  sb      $zero, 0x02AC($s0)         ## 000002AC
/* 004B8 809A6738 AE0802A8 */  sw      $t0, 0x02A8($s0)           ## 000002A8
/* 004BC 809A673C A61902B2 */  sh      $t9, 0x02B2($s0)           ## 000002B2
/* 004C0 809A6740 8FBF001C */  lw      $ra, 0x001C($sp)           
.L809A6744:
/* 004C4 809A6744 8FB00018 */  lw      $s0, 0x0018($sp)           
/* 004C8 809A6748 27BD0020 */  addiu   $sp, $sp, 0x0020           ## $sp = 00000000
/* 004CC 809A674C 03E00008 */  jr      $ra                        
/* 004D0 809A6750 00000000 */  nop


glabel func_809A6754
/* 004D4 809A6754 27BDFFE8 */  addiu   $sp, $sp, 0xFFE8           ## $sp = FFFFFFE8
/* 004D8 809A6758 AFBF0014 */  sw      $ra, 0x0014($sp)           
/* 004DC 809A675C 24050002 */  addiu   $a1, $zero, 0x0002         ## $a1 = 00000002
/* 004E0 809A6760 0C269949 */  jal     func_809A6524              
/* 004E4 809A6764 AFA40018 */  sw      $a0, 0x0018($sp)           
/* 004E8 809A6768 3C014248 */  lui     $at, 0x4248                ## $at = 42480000
/* 004EC 809A676C 44816000 */  mtc1    $at, $f12                  ## $f12 = 50.00
/* 004F0 809A6770 0C05E570 */  jal     func_801795C0              
/* 004F4 809A6774 00000000 */  nop
/* 004F8 809A6778 8FA40018 */  lw      $a0, 0x0018($sp)           
/* 004FC 809A677C 3C0E809A */  lui     $t6, %hi(func_809A67A4)    ## $t6 = 809A0000
/* 00500 809A6780 25CE67A4 */  addiu   $t6, $t6, %lo(func_809A67A4) ## $t6 = 809A67A4
/* 00504 809A6784 C4840384 */  lwc1    $f4, 0x0384($a0)           ## 00000384
/* 00508 809A6788 A4800358 */  sh      $zero, 0x0358($a0)         ## 00000358
/* 0050C 809A678C AC8E02A8 */  sw      $t6, 0x02A8($a0)           ## 000002A8
/* 00510 809A6790 46040180 */  add.s   $f6, $f0, $f4              
/* 00514 809A6794 E4860370 */  swc1    $f6, 0x0370($a0)           ## 00000370
/* 00518 809A6798 8FBF0014 */  lw      $ra, 0x0014($sp)           
/* 0051C 809A679C 03E00008 */  jr      $ra                        
/* 00520 809A67A0 27BD0018 */  addiu   $sp, $sp, 0x0018           ## $sp = 00000000


glabel func_809A67A4
/* 00524 809A67A4 27BDFFB8 */  addiu   $sp, $sp, 0xFFB8           ## $sp = FFFFFFB8
/* 00528 809A67A8 AFB00020 */  sw      $s0, 0x0020($sp)           
/* 0052C 809A67AC 00808025 */  or      $s0, $a0, $zero            ## $s0 = 00000000
/* 00530 809A67B0 AFBF0024 */  sw      $ra, 0x0024($sp)           
/* 00534 809A67B4 AFA5004C */  sw      $a1, 0x004C($sp)           
/* 00538 809A67B8 02002025 */  or      $a0, $s0, $zero            ## $a0 = 00000000
/* 0053C 809A67BC 0C02E3B2 */  jal     func_800B8EC8              
/* 00540 809A67C0 240530A0 */  addiu   $a1, $zero, 0x30A0         ## $a1 = 000030A0
/* 00544 809A67C4 C6040380 */  lwc1    $f4, 0x0380($s0)           ## 00000380
/* 00548 809A67C8 C6060024 */  lwc1    $f6, 0x0024($s0)           ## 00000024
/* 0054C 809A67CC 24010002 */  addiu   $at, $zero, 0x0002         ## $at = 00000002
/* 00550 809A67D0 46062201 */  sub.s   $f8, $f4, $f6              
/* 00554 809A67D4 E7A80044 */  swc1    $f8, 0x0044($sp)           
/* 00558 809A67D8 C610002C */  lwc1    $f16, 0x002C($s0)          ## 0000002C
/* 0055C 809A67DC C60A0388 */  lwc1    $f10, 0x0388($s0)          ## 00000388
/* 00560 809A67E0 46105481 */  sub.s   $f18, $f10, $f16           
/* 00564 809A67E4 E7B20040 */  swc1    $f18, 0x0040($sp)          
/* 00568 809A67E8 8602035E */  lh      $v0, 0x035E($s0)           ## 0000035E
/* 0056C 809A67EC 1041005A */  beq     $v0, $at, .L809A6958       
/* 00570 809A67F0 24010003 */  addiu   $at, $zero, 0x0003         ## $at = 00000003
/* 00574 809A67F4 10410058 */  beq     $v0, $at, .L809A6958       
/* 00578 809A67F8 00000000 */  nop
/* 0057C 809A67FC 860E038C */  lh      $t6, 0x038C($s0)           ## 0000038C
/* 00580 809A6800 25CF0AF0 */  addiu   $t7, $t6, 0x0AF0           ## $t7 = 00000AF0
/* 00584 809A6804 A60F038C */  sh      $t7, 0x038C($s0)           ## 0000038C
/* 00588 809A6808 0C03FB61 */  jal     func_800FED84              
/* 0058C 809A680C 8604038C */  lh      $a0, 0x038C($s0)           ## 0000038C
/* 00590 809A6810 3C014120 */  lui     $at, 0x4120                ## $at = 41200000
/* 00594 809A6814 44816000 */  mtc1    $at, $f12                  ## $f12 = 10.00
/* 00598 809A6818 C6060370 */  lwc1    $f6, 0x0370($s0)           ## 00000370
/* 0059C 809A681C 3C063DCC */  lui     $a2, 0x3DCC                ## $a2 = 3DCC0000
/* 005A0 809A6820 460C0102 */  mul.s   $f4, $f0, $f12             
/* 005A4 809A6824 44076000 */  mfc1    $a3, $f12                  
/* 005A8 809A6828 34C6CCCD */  ori     $a2, $a2, 0xCCCD           ## $a2 = 3DCCCCCD
/* 005AC 809A682C 26040028 */  addiu   $a0, $s0, 0x0028           ## $a0 = 00000028
/* 005B0 809A6830 46062080 */  add.s   $f2, $f4, $f6              
/* 005B4 809A6834 44051000 */  mfc1    $a1, $f2                   
/* 005B8 809A6838 0C03FF7E */  jal     func_800FFDF8              
/* 005BC 809A683C E6020374 */  swc1    $f2, 0x0374($s0)           ## 00000374
/* 005C0 809A6840 0C03FB61 */  jal     func_800FED84              
/* 005C4 809A6844 860400BE */  lh      $a0, 0x00BE($s0)           ## 000000BE
/* 005C8 809A6848 3C0142C8 */  lui     $at, 0x42C8                ## $at = 42C80000
/* 005CC 809A684C 44814000 */  mtc1    $at, $f8                   ## $f8 = 100.00
/* 005D0 809A6850 C6100024 */  lwc1    $f16, 0x0024($s0)          ## 00000024
/* 005D4 809A6854 46080282 */  mul.s   $f10, $f0, $f8             
/* 005D8 809A6858 46105480 */  add.s   $f18, $f10, $f16           
/* 005DC 809A685C E7B20030 */  swc1    $f18, 0x0030($sp)          
/* 005E0 809A6860 C6040028 */  lwc1    $f4, 0x0028($s0)           ## 00000028
/* 005E4 809A6864 E7A40034 */  swc1    $f4, 0x0034($sp)           
/* 005E8 809A6868 0C03FB51 */  jal     func_800FED44              
/* 005EC 809A686C 860400BE */  lh      $a0, 0x00BE($s0)           ## 000000BE
/* 005F0 809A6870 3C0142C8 */  lui     $at, 0x42C8                ## $at = 42C80000
/* 005F4 809A6874 44813000 */  mtc1    $at, $f6                   ## $f6 = 100.00
/* 005F8 809A6878 C60A002C */  lwc1    $f10, 0x002C($s0)          ## 0000002C
/* 005FC 809A687C 24090001 */  addiu   $t1, $zero, 0x0001         ## $t1 = 00000001
/* 00600 809A6880 46060202 */  mul.s   $f8, $f0, $f6              
/* 00604 809A6884 27A50030 */  addiu   $a1, $sp, 0x0030           ## $a1 = FFFFFFE8
/* 00608 809A6888 460A4400 */  add.s   $f16, $f8, $f10            
/* 0060C 809A688C E7B00038 */  swc1    $f16, 0x0038($sp)          
/* 00610 809A6890 8E18052C */  lw      $t8, 0x052C($s0)           ## 0000052C
/* 00614 809A6894 93190017 */  lbu     $t9, 0x0017($t8)           ## 00000017
/* 00618 809A6898 33280002 */  andi    $t0, $t9, 0x0002           ## $t0 = 00000000
/* 0061C 809A689C 51000003 */  beql    $t0, $zero, .L809A68AC     
/* 00620 809A68A0 8FA4004C */  lw      $a0, 0x004C($sp)           
/* 00624 809A68A4 A20902AD */  sb      $t1, 0x02AD($s0)           ## 000002AD
/* 00628 809A68A8 8FA4004C */  lw      $a0, 0x004C($sp)           
.L809A68AC:
/* 0062C 809A68AC 3C064120 */  lui     $a2, 0x4120                ## $a2 = 41200000
/* 00630 809A68B0 0C031688 */  jal     func_800C5A20              
/* 00634 809A68B4 24840830 */  addiu   $a0, $a0, 0x0830           ## $a0 = 00000830
/* 00638 809A68B8 10400003 */  beq     $v0, $zero, .L809A68C8     
/* 0063C 809A68BC 24030001 */  addiu   $v1, $zero, 0x0001         ## $v1 = 00000001
/* 00640 809A68C0 10000002 */  beq     $zero, $zero, .L809A68CC   
/* 00644 809A68C4 A20302AD */  sb      $v1, 0x02AD($s0)           ## 000002AD
.L809A68C8:
/* 00648 809A68C8 A20002AD */  sb      $zero, 0x02AD($s0)         ## 000002AD
.L809A68CC:
/* 0064C 809A68CC 860A035E */  lh      $t2, 0x035E($s0)           ## 0000035E
/* 00650 809A68D0 24010003 */  addiu   $at, $zero, 0x0003         ## $at = 00000003
/* 00654 809A68D4 5541000F */  bnel    $t2, $at, .L809A6914       
/* 00658 809A68D8 920B02AD */  lbu     $t3, 0x02AD($s0)           ## 000002AD
/* 0065C 809A68DC C6020024 */  lwc1    $f2, 0x0024($s0)           ## 00000024
/* 00660 809A68E0 C60C002C */  lwc1    $f12, 0x002C($s0)          ## 0000002C
/* 00664 809A68E4 3C014416 */  lui     $at, 0x4416                ## $at = 44160000
/* 00668 809A68E8 46021482 */  mul.s   $f18, $f2, $f2             
/* 0066C 809A68EC 44813000 */  mtc1    $at, $f6                   ## $f6 = 600.00
/* 00670 809A68F0 460C6102 */  mul.s   $f4, $f12, $f12            
/* 00674 809A68F4 46049000 */  add.s   $f0, $f18, $f4             
/* 00678 809A68F8 46000004 */  sqrt.s  $f0, $f0                   
/* 0067C 809A68FC 4606003C */  c.lt.s  $f0, $f6                   
/* 00680 809A6900 00000000 */  nop
/* 00684 809A6904 45020003 */  bc1fl   .L809A6914                 
/* 00688 809A6908 920B02AD */  lbu     $t3, 0x02AD($s0)           ## 000002AD
/* 0068C 809A690C A20302AD */  sb      $v1, 0x02AD($s0)           ## 000002AD
/* 00690 809A6910 920B02AD */  lbu     $t3, 0x02AD($s0)           ## 000002AD
.L809A6914:
/* 00694 809A6914 3C014248 */  lui     $at, 0x4248                ## $at = 42480000
/* 00698 809A6918 1160000F */  beq     $t3, $zero, .L809A6958     
/* 0069C 809A691C 00000000 */  nop
/* 006A0 809A6920 44816000 */  mtc1    $at, $f12                  ## $f12 = 50.00
/* 006A4 809A6924 0C05E570 */  jal     func_801795C0              
/* 006A8 809A6928 00000000 */  nop
/* 006AC 809A692C C6080384 */  lwc1    $f8, 0x0384($s0)           ## 00000384
/* 006B0 809A6930 46080280 */  add.s   $f10, $f0, $f8             
/* 006B4 809A6934 E60A0370 */  swc1    $f10, 0x0370($s0)          ## 00000370
/* 006B8 809A6938 C7AE0040 */  lwc1    $f14, 0x0040($sp)          
/* 006BC 809A693C 0C05FFB9 */  jal     func_8017FEE4              
/* 006C0 809A6940 C7AC0044 */  lwc1    $f12, 0x0044($sp)          
/* 006C4 809A6944 A602037A */  sh      $v0, 0x037A($s0)           ## 0000037A
/* 006C8 809A6948 2404001E */  addiu   $a0, $zero, 0x001E         ## $a0 = 0000001E
/* 006CC 809A694C 0C03FD14 */  jal     func_800FF450              
/* 006D0 809A6950 2405001E */  addiu   $a1, $zero, 0x001E         ## $a1 = 0000001E
/* 006D4 809A6954 A60202B0 */  sh      $v0, 0x02B0($s0)           ## 000002B0
.L809A6958:
/* 006D8 809A6958 0C04900F */  jal     func_8012403C              
/* 006DC 809A695C 8FA4004C */  lw      $a0, 0x004C($sp)           
/* 006E0 809A6960 24010010 */  addiu   $at, $zero, 0x0010         ## $at = 00000010
/* 006E4 809A6964 10410014 */  beq     $v0, $at, .L809A69B8       
/* 006E8 809A6968 3C0C801F */  lui     $t4, 0x801F                ## $t4 = 801F0000
/* 006EC 809A696C 918C0680 */  lbu     $t4, 0x0680($t4)           ## 801F0680
/* 006F0 809A6970 318D0002 */  andi    $t5, $t4, 0x0002           ## $t5 = 00000000
/* 006F4 809A6974 55A00011 */  bnel    $t5, $zero, .L809A69BC     
/* 006F8 809A6978 8605037C */  lh      $a1, 0x037C($s0)           ## 0000037C
/* 006FC 809A697C 920E02AD */  lbu     $t6, 0x02AD($s0)           ## 000002AD
/* 00700 809A6980 3C014348 */  lui     $at, 0x4348                ## $at = 43480000
/* 00704 809A6984 55C0000D */  bnel    $t6, $zero, .L809A69BC     
/* 00708 809A6988 8605037C */  lh      $a1, 0x037C($s0)           ## 0000037C
/* 0070C 809A698C C6100098 */  lwc1    $f16, 0x0098($s0)          ## 00000098
/* 00710 809A6990 44819000 */  mtc1    $at, $f18                  ## $f18 = 200.00
/* 00714 809A6994 02002025 */  or      $a0, $s0, $zero            ## $a0 = 00000000
/* 00718 809A6998 4612803C */  c.lt.s  $f16, $f18                 
/* 0071C 809A699C 00000000 */  nop
/* 00720 809A69A0 45020006 */  bc1fl   .L809A69BC                 
/* 00724 809A69A4 8605037C */  lh      $a1, 0x037C($s0)           ## 0000037C
/* 00728 809A69A8 0C269C4D */  jal     func_809A7134              
/* 0072C 809A69AC 8FA5004C */  lw      $a1, 0x004C($sp)           
/* 00730 809A69B0 1000006A */  beq     $zero, $zero, .L809A6B5C   
/* 00734 809A69B4 8FBF0024 */  lw      $ra, 0x0024($sp)           
.L809A69B8:
/* 00738 809A69B8 8605037C */  lh      $a1, 0x037C($s0)           ## 0000037C
.L809A69BC:
/* 0073C 809A69BC 240F0005 */  addiu   $t7, $zero, 0x0005         ## $t7 = 00000005
/* 00740 809A69C0 AFAF0010 */  sw      $t7, 0x0010($sp)           
/* 00744 809A69C4 26040034 */  addiu   $a0, $s0, 0x0034           ## $a0 = 00000034
/* 00748 809A69C8 24060005 */  addiu   $a2, $zero, 0x0005         ## $a2 = 00000005
/* 0074C 809A69CC 0C03FFAF */  jal     func_800FFEBC              
/* 00750 809A69D0 240703E8 */  addiu   $a3, $zero, 0x03E8         ## $a3 = 000003E8
/* 00754 809A69D4 8618037C */  lh      $t8, 0x037C($s0)           ## 0000037C
/* 00758 809A69D8 3C01809B */  lui     $at, %hi(D_809A8E48)       ## $at = 809B0000
/* 0075C 809A69DC C4288E48 */  lwc1    $f8, %lo(D_809A8E48)($at)  
/* 00760 809A69E0 44982000 */  mtc1    $t8, $f4                   ## $f4 = 0.00
/* 00764 809A69E4 860902B2 */  lh      $t1, 0x02B2($s0)           ## 000002B2
/* 00768 809A69E8 3C053E4C */  lui     $a1, 0x3E4C                ## $a1 = 3E4C0000
/* 0076C 809A69EC 468021A0 */  cvt.s.w $f6, $f4                   
/* 00770 809A69F0 34A5CCCD */  ori     $a1, $a1, 0xCCCD           ## $a1 = 3E4CCCCD
/* 00774 809A69F4 26040070 */  addiu   $a0, $s0, 0x0070           ## $a0 = 00000070
/* 00778 809A69F8 46083282 */  mul.s   $f10, $f6, $f8             
/* 0077C 809A69FC 4600540D */  trunc.w.s $f16, $f10                 
/* 00780 809A6A00 44088000 */  mfc1    $t0, $f16                  
/* 00784 809A6A04 11200005 */  beq     $t1, $zero, .L809A6A1C     
/* 00788 809A6A08 A608037C */  sh      $t0, 0x037C($s0)           ## 0000037C
/* 0078C 809A6A0C 0C03FF9A */  jal     func_800FFE68              
/* 00790 809A6A10 3C063F00 */  lui     $a2, 0x3F00                ## $a2 = 3F000000
/* 00794 809A6A14 10000051 */  beq     $zero, $zero, .L809A6B5C   
/* 00798 809A6A18 8FBF0024 */  lw      $ra, 0x0024($sp)           
.L809A6A1C:
/* 0079C 809A6A1C 860A0032 */  lh      $t2, 0x0032($s0)           ## 00000032
/* 007A0 809A6A20 860B037A */  lh      $t3, 0x037A($s0)           ## 0000037A
/* 007A4 809A6A24 3C01809B */  lui     $at, %hi(D_809A8E4C)       ## $at = 809B0000
/* 007A8 809A6A28 C4268E4C */  lwc1    $f6, %lo(D_809A8E4C)($at)  
/* 007AC 809A6A2C 014B6023 */  subu    $t4, $t2, $t3              
/* 007B0 809A6A30 448C9000 */  mtc1    $t4, $f18                  ## $f18 = 0.00
/* 007B4 809A6A34 860F035A */  lh      $t7, 0x035A($s0)           ## 0000035A
/* 007B8 809A6A38 3C01809B */  lui     $at, %hi(D_809A8E50)       ## $at = 809B0000
/* 007BC 809A6A3C 46809120 */  cvt.s.w $f4, $f18                  
/* 007C0 809A6A40 448F8000 */  mtc1    $t7, $f16                  ## $f16 = 0.00
/* 007C4 809A6A44 3C063ECC */  lui     $a2, 0x3ECC                ## $a2 = 3ECC0000
/* 007C8 809A6A48 3C073F33 */  lui     $a3, 0x3F33                ## $a3 = 3F330000
/* 007CC 809A6A4C 34E73333 */  ori     $a3, $a3, 0x3333           ## $a3 = 3F333333
/* 007D0 809A6A50 468084A0 */  cvt.s.w $f18, $f16                 
/* 007D4 809A6A54 46062202 */  mul.s   $f8, $f4, $f6              
/* 007D8 809A6A58 34C6CCCD */  ori     $a2, $a2, 0xCCCD           ## $a2 = 3ECCCCCD
/* 007DC 809A6A5C 26040070 */  addiu   $a0, $s0, 0x0070           ## $a0 = 00000070
/* 007E0 809A6A60 4600428D */  trunc.w.s $f10, $f8                  
/* 007E4 809A6A64 440E5000 */  mfc1    $t6, $f10                  
/* 007E8 809A6A68 00000000 */  nop
/* 007EC 809A6A6C A60E037C */  sh      $t6, 0x037C($s0)           ## 0000037C
/* 007F0 809A6A70 C4248E50 */  lwc1    $f4, %lo(D_809A8E50)($at)  
/* 007F4 809A6A74 3C014080 */  lui     $at, 0x4080                ## $at = 40800000
/* 007F8 809A6A78 44814000 */  mtc1    $at, $f8                   ## $f8 = 4.00
/* 007FC 809A6A7C 46049182 */  mul.s   $f6, $f18, $f4             
/* 00800 809A6A80 46083000 */  add.s   $f0, $f6, $f8              
/* 00804 809A6A84 44050000 */  mfc1    $a1, $f0                   
/* 00808 809A6A88 0C03FF7E */  jal     func_800FFDF8              
/* 0080C 809A6A8C 00000000 */  nop
/* 00810 809A6A90 26040364 */  addiu   $a0, $s0, 0x0364           ## $a0 = 00000364
/* 00814 809A6A94 3C0544FA */  lui     $a1, 0x44FA                ## $a1 = 44FA0000
/* 00818 809A6A98 3C063F80 */  lui     $a2, 0x3F80                ## $a2 = 3F800000
/* 0081C 809A6A9C 0C03FF7E */  jal     func_800FFDF8              
/* 00820 809A6AA0 3C074248 */  lui     $a3, 0x4248                ## $a3 = 42480000
/* 00824 809A6AA4 C60A0364 */  lwc1    $f10, 0x0364($s0)          ## 00000364
/* 00828 809A6AA8 8605037A */  lh      $a1, 0x037A($s0)           ## 0000037A
/* 0082C 809A6AAC 24190005 */  addiu   $t9, $zero, 0x0005         ## $t9 = 00000005
/* 00830 809A6AB0 4600540D */  trunc.w.s $f16, $f10                 
/* 00834 809A6AB4 AFB90010 */  sw      $t9, 0x0010($sp)           
/* 00838 809A6AB8 26040032 */  addiu   $a0, $s0, 0x0032           ## $a0 = 00000032
/* 0083C 809A6ABC 24060005 */  addiu   $a2, $zero, 0x0005         ## $a2 = 00000005
/* 00840 809A6AC0 44078000 */  mfc1    $a3, $f16                  
/* 00844 809A6AC4 00000000 */  nop
/* 00848 809A6AC8 00073C00 */  sll     $a3, $a3, 16               
/* 0084C 809A6ACC 0C03FFAF */  jal     func_800FFEBC              
/* 00850 809A6AD0 00073C03 */  sra     $a3, $a3, 16               
/* 00854 809A6AD4 860802B0 */  lh      $t0, 0x02B0($s0)           ## 000002B0
/* 00858 809A6AD8 3C013F80 */  lui     $at, 0x3F80                ## $at = 3F800000
/* 0085C 809A6ADC 5500001F */  bnel    $t0, $zero, .L809A6B5C     
/* 00860 809A6AE0 8FBF0024 */  lw      $ra, 0x0024($sp)           
/* 00864 809A6AE4 44816000 */  mtc1    $at, $f12                  ## $f12 = 1.00
/* 00868 809A6AE8 0C05E565 */  jal     func_80179594              
/* 0086C 809A6AEC 00000000 */  nop
/* 00870 809A6AF0 3C01809B */  lui     $at, %hi(D_809A8E54)       ## $at = 809B0000
/* 00874 809A6AF4 C4328E54 */  lwc1    $f18, %lo(D_809A8E54)($at) 
/* 00878 809A6AF8 2404000A */  addiu   $a0, $zero, 0x000A         ## $a0 = 0000000A
/* 0087C 809A6AFC 4612003C */  c.lt.s  $f0, $f18                  
/* 00880 809A6B00 00000000 */  nop
/* 00884 809A6B04 45020007 */  bc1fl   .L809A6B24                 
/* 00888 809A6B08 C7AC0044 */  lwc1    $f12, 0x0044($sp)          
/* 0088C 809A6B0C 0C03FD14 */  jal     func_800FF450              
/* 00890 809A6B10 2405000A */  addiu   $a1, $zero, 0x000A         ## $a1 = 0000000A
/* 00894 809A6B14 44802000 */  mtc1    $zero, $f4                 ## $f4 = 0.00
/* 00898 809A6B18 A60202B2 */  sh      $v0, 0x02B2($s0)           ## 000002B2
/* 0089C 809A6B1C E6040364 */  swc1    $f4, 0x0364($s0)           ## 00000364
/* 008A0 809A6B20 C7AC0044 */  lwc1    $f12, 0x0044($sp)          
.L809A6B24:
/* 008A4 809A6B24 0C05FFB9 */  jal     func_8017FEE4              
/* 008A8 809A6B28 C7AE0040 */  lwc1    $f14, 0x0040($sp)          
/* 008AC 809A6B2C A602037A */  sh      $v0, 0x037A($s0)           ## 0000037A
/* 008B0 809A6B30 2404001E */  addiu   $a0, $zero, 0x001E         ## $a0 = 0000001E
/* 008B4 809A6B34 0C03FD14 */  jal     func_800FF450              
/* 008B8 809A6B38 24050046 */  addiu   $a1, $zero, 0x0046         ## $a1 = 00000046
/* 008BC 809A6B3C 3C014248 */  lui     $at, 0x4248                ## $at = 42480000
/* 008C0 809A6B40 44816000 */  mtc1    $at, $f12                  ## $f12 = 50.00
/* 008C4 809A6B44 0C05E570 */  jal     func_801795C0              
/* 008C8 809A6B48 A60202B0 */  sh      $v0, 0x02B0($s0)           ## 000002B0
/* 008CC 809A6B4C C6060384 */  lwc1    $f6, 0x0384($s0)           ## 00000384
/* 008D0 809A6B50 46060200 */  add.s   $f8, $f0, $f6              
/* 008D4 809A6B54 E6080370 */  swc1    $f8, 0x0370($s0)           ## 00000370
/* 008D8 809A6B58 8FBF0024 */  lw      $ra, 0x0024($sp)           
.L809A6B5C:
/* 008DC 809A6B5C 8FB00020 */  lw      $s0, 0x0020($sp)           
/* 008E0 809A6B60 27BD0048 */  addiu   $sp, $sp, 0x0048           ## $sp = 00000000
/* 008E4 809A6B64 03E00008 */  jr      $ra                        
/* 008E8 809A6B68 00000000 */  nop


glabel func_809A6B6C
/* 008EC 809A6B6C 27BDFFB0 */  addiu   $sp, $sp, 0xFFB0           ## $sp = FFFFFFB0
/* 008F0 809A6B70 AFB00020 */  sw      $s0, 0x0020($sp)           
/* 008F4 809A6B74 00808025 */  or      $s0, $a0, $zero            ## $s0 = 00000000
/* 008F8 809A6B78 AFBF0024 */  sw      $ra, 0x0024($sp)           
/* 008FC 809A6B7C AFA50054 */  sw      $a1, 0x0054($sp)           
/* 00900 809A6B80 8FAE0054 */  lw      $t6, 0x0054($sp)           
/* 00904 809A6B84 02002025 */  or      $a0, $s0, $zero            ## $a0 = 00000000
/* 00908 809A6B88 240530A0 */  addiu   $a1, $zero, 0x30A0         ## $a1 = 000030A0
/* 0090C 809A6B8C 8DCF1CCC */  lw      $t7, 0x1CCC($t6)           ## 00001CCC
/* 00910 809A6B90 0C02E3B2 */  jal     func_800B8EC8              
/* 00914 809A6B94 AFAF002C */  sw      $t7, 0x002C($sp)           
/* 00918 809A6B98 0C04900F */  jal     func_8012403C              
/* 0091C 809A6B9C 8FA40054 */  lw      $a0, 0x0054($sp)           
/* 00920 809A6BA0 24010010 */  addiu   $at, $zero, 0x0010         ## $at = 00000010
/* 00924 809A6BA4 54410006 */  bnel    $v0, $at, .L809A6BC0       
/* 00928 809A6BA8 8FA2002C */  lw      $v0, 0x002C($sp)           
/* 0092C 809A6BAC 0C2699D5 */  jal     func_809A6754              
/* 00930 809A6BB0 02002025 */  or      $a0, $s0, $zero            ## $a0 = 00000000
/* 00934 809A6BB4 10000094 */  beq     $zero, $zero, .L809A6E08   
/* 00938 809A6BB8 8FBF0024 */  lw      $ra, 0x0024($sp)           
/* 0093C 809A6BBC 8FA2002C */  lw      $v0, 0x002C($sp)           
.L809A6BC0:
/* 00940 809A6BC0 C6060024 */  lwc1    $f6, 0x0024($s0)           ## 00000024
/* 00944 809A6BC4 3C014270 */  lui     $at, 0x4270                ## $at = 42700000
/* 00948 809A6BC8 C4440024 */  lwc1    $f4, 0x0024($v0)           ## 00000024
/* 0094C 809A6BCC 46062201 */  sub.s   $f8, $f4, $f6              
/* 00950 809A6BD0 44813000 */  mtc1    $at, $f6                   ## $f6 = 60.00
/* 00954 809A6BD4 E7A8004C */  swc1    $f8, 0x004C($sp)           
/* 00958 809A6BD8 C610002C */  lwc1    $f16, 0x002C($s0)          ## 0000002C
/* 0095C 809A6BDC C44A002C */  lwc1    $f10, 0x002C($v0)          ## 0000002C
/* 00960 809A6BE0 46105481 */  sub.s   $f18, $f10, $f16           
/* 00964 809A6BE4 E7B20048 */  swc1    $f18, 0x0048($sp)          
/* 00968 809A6BE8 8618038C */  lh      $t8, 0x038C($s0)           ## 0000038C
/* 0096C 809A6BEC 27190AF0 */  addiu   $t9, $t8, 0x0AF0           ## $t9 = 00000AF0
/* 00970 809A6BF0 A619038C */  sh      $t9, 0x038C($s0)           ## 0000038C
/* 00974 809A6BF4 C4440028 */  lwc1    $f4, 0x0028($v0)           ## 00000028
/* 00978 809A6BF8 8604038C */  lh      $a0, 0x038C($s0)           ## 0000038C
/* 0097C 809A6BFC 46062200 */  add.s   $f8, $f4, $f6              
/* 00980 809A6C00 0C03FB61 */  jal     func_800FED84              
/* 00984 809A6C04 E6080374 */  swc1    $f8, 0x0374($s0)           ## 00000374
/* 00988 809A6C08 3C014120 */  lui     $at, 0x4120                ## $at = 41200000
/* 0098C 809A6C0C 44816000 */  mtc1    $at, $f12                  ## $f12 = 10.00
/* 00990 809A6C10 860802B0 */  lh      $t0, 0x02B0($s0)           ## 000002B0
/* 00994 809A6C14 460C0282 */  mul.s   $f10, $f0, $f12            
/* 00998 809A6C18 1500000A */  bne     $t0, $zero, .L809A6C44     
/* 0099C 809A6C1C E60A0370 */  swc1    $f10, 0x0370($s0)          ## 00000370
/* 009A0 809A6C20 0C05E570 */  jal     func_801795C0              
/* 009A4 809A6C24 00000000 */  nop
/* 009A8 809A6C28 E6000370 */  swc1    $f0, 0x0370($s0)           ## 00000370
/* 009AC 809A6C2C 2404001E */  addiu   $a0, $zero, 0x001E         ## $a0 = 0000001E
/* 009B0 809A6C30 0C03FD14 */  jal     func_800FF450              
/* 009B4 809A6C34 2405001E */  addiu   $a1, $zero, 0x001E         ## $a1 = 0000001E
/* 009B8 809A6C38 3C014120 */  lui     $at, 0x4120                ## $at = 41200000
/* 009BC 809A6C3C 44816000 */  mtc1    $at, $f12                  ## $f12 = 10.00
/* 009C0 809A6C40 A60202B0 */  sh      $v0, 0x02B0($s0)           ## 000002B0
.L809A6C44:
/* 009C4 809A6C44 3C063DCC */  lui     $a2, 0x3DCC                ## $a2 = 3DCC0000
/* 009C8 809A6C48 44076000 */  mfc1    $a3, $f12                  
/* 009CC 809A6C4C 34C6CCCD */  ori     $a2, $a2, 0xCCCD           ## $a2 = 3DCCCCCD
/* 009D0 809A6C50 26040028 */  addiu   $a0, $s0, 0x0028           ## $a0 = 00000028
/* 009D4 809A6C54 0C03FF7E */  jal     func_800FFDF8              
/* 009D8 809A6C58 8E050374 */  lw      $a1, 0x0374($s0)           ## 00000374
/* 009DC 809A6C5C 0C03FB61 */  jal     func_800FED84              
/* 009E0 809A6C60 860400BE */  lh      $a0, 0x00BE($s0)           ## 000000BE
/* 009E4 809A6C64 3C0142C8 */  lui     $at, 0x42C8                ## $at = 42C80000
/* 009E8 809A6C68 44818000 */  mtc1    $at, $f16                  ## $f16 = 100.00
/* 009EC 809A6C6C C6040024 */  lwc1    $f4, 0x0024($s0)           ## 00000024
/* 009F0 809A6C70 46100482 */  mul.s   $f18, $f0, $f16            
/* 009F4 809A6C74 46049180 */  add.s   $f6, $f18, $f4             
/* 009F8 809A6C78 E7A60030 */  swc1    $f6, 0x0030($sp)           
/* 009FC 809A6C7C C6080028 */  lwc1    $f8, 0x0028($s0)           ## 00000028
/* 00A00 809A6C80 E7A80034 */  swc1    $f8, 0x0034($sp)           
/* 00A04 809A6C84 0C03FB51 */  jal     func_800FED44              
/* 00A08 809A6C88 860400BE */  lh      $a0, 0x00BE($s0)           ## 000000BE
/* 00A0C 809A6C8C 3C0142C8 */  lui     $at, 0x42C8                ## $at = 42C80000
/* 00A10 809A6C90 44815000 */  mtc1    $at, $f10                  ## $f10 = 100.00
/* 00A14 809A6C94 C612002C */  lwc1    $f18, 0x002C($s0)          ## 0000002C
/* 00A18 809A6C98 8FA40054 */  lw      $a0, 0x0054($sp)           
/* 00A1C 809A6C9C 460A0402 */  mul.s   $f16, $f0, $f10            
/* 00A20 809A6CA0 27A50030 */  addiu   $a1, $sp, 0x0030           ## $a1 = FFFFFFE0
/* 00A24 809A6CA4 24840830 */  addiu   $a0, $a0, 0x0830           ## $a0 = 00000830
/* 00A28 809A6CA8 46128100 */  add.s   $f4, $f16, $f18            
/* 00A2C 809A6CAC E7A40038 */  swc1    $f4, 0x0038($sp)           
/* 00A30 809A6CB0 96090090 */  lhu     $t1, 0x0090($s0)           ## 00000090
/* 00A34 809A6CB4 312A0008 */  andi    $t2, $t1, 0x0008           ## $t2 = 00000000
/* 00A38 809A6CB8 15400005 */  bne     $t2, $zero, .L809A6CD0     
/* 00A3C 809A6CBC 00000000 */  nop
/* 00A40 809A6CC0 0C031688 */  jal     func_800C5A20              
/* 00A44 809A6CC4 3C064120 */  lui     $a2, 0x4120                ## $a2 = 41200000
/* 00A48 809A6CC8 10400005 */  beq     $v0, $zero, .L809A6CE0     
/* 00A4C 809A6CCC 8FAB002C */  lw      $t3, 0x002C($sp)           
.L809A6CD0:
/* 00A50 809A6CD0 0C269B86 */  jal     func_809A6E18              
/* 00A54 809A6CD4 02002025 */  or      $a0, $s0, $zero            ## $a0 = 00000000
/* 00A58 809A6CD8 1000004B */  beq     $zero, $zero, .L809A6E08   
/* 00A5C 809A6CDC 8FBF0024 */  lw      $ra, 0x0024($sp)           
.L809A6CE0:
/* 00A60 809A6CE0 8D6C0A6C */  lw      $t4, 0x0A6C($t3)           ## 00000A6C
/* 00A64 809A6CE4 000C6900 */  sll     $t5, $t4,  4               
/* 00A68 809A6CE8 05A3000A */  bgezl   $t5, .L809A6D14            
/* 00A6C 809A6CEC 92180520 */  lbu     $t8, 0x0520($s0)           ## 00000520
/* 00A70 809A6CF0 8E02052C */  lw      $v0, 0x052C($s0)           ## 0000052C
/* 00A74 809A6CF4 02002025 */  or      $a0, $s0, $zero            ## $a0 = 00000000
/* 00A78 809A6CF8 904E0015 */  lbu     $t6, 0x0015($v0)           ## 00000015
/* 00A7C 809A6CFC 35CF0011 */  ori     $t7, $t6, 0x0011           ## $t7 = 00000011
/* 00A80 809A6D00 0C269976 */  jal     func_809A65D8              
/* 00A84 809A6D04 A04F0015 */  sb      $t7, 0x0015($v0)           ## 00000015
/* 00A88 809A6D08 1000003F */  beq     $zero, $zero, .L809A6E08   
/* 00A8C 809A6D0C 8FBF0024 */  lw      $ra, 0x0024($sp)           
/* 00A90 809A6D10 92180520 */  lbu     $t8, 0x0520($s0)           ## 00000520
.L809A6D14:
/* 00A94 809A6D14 33190004 */  andi    $t9, $t8, 0x0004           ## $t9 = 00000000
/* 00A98 809A6D18 5320000A */  beql    $t9, $zero, .L809A6D44     
/* 00A9C 809A6D1C 860A0032 */  lh      $t2, 0x0032($s0)           ## 00000032
/* 00AA0 809A6D20 8E02052C */  lw      $v0, 0x052C($s0)           ## 0000052C
/* 00AA4 809A6D24 02002025 */  or      $a0, $s0, $zero            ## $a0 = 00000000
/* 00AA8 809A6D28 90480015 */  lbu     $t0, 0x0015($v0)           ## 00000015
/* 00AAC 809A6D2C 3109FFEE */  andi    $t1, $t0, 0xFFEE           ## $t1 = 00000000
/* 00AB0 809A6D30 0C269BE3 */  jal     func_809A6F8C              
/* 00AB4 809A6D34 A0490015 */  sb      $t1, 0x0015($v0)           ## 00000015
/* 00AB8 809A6D38 10000033 */  beq     $zero, $zero, .L809A6E08   
/* 00ABC 809A6D3C 8FBF0024 */  lw      $ra, 0x0024($sp)           
/* 00AC0 809A6D40 860A0032 */  lh      $t2, 0x0032($s0)           ## 00000032
.L809A6D44:
/* 00AC4 809A6D44 860B037A */  lh      $t3, 0x037A($s0)           ## 0000037A
/* 00AC8 809A6D48 3C01809B */  lui     $at, %hi(D_809A8E58)       ## $at = 809B0000
/* 00ACC 809A6D4C C42A8E58 */  lwc1    $f10, %lo(D_809A8E58)($at) 
/* 00AD0 809A6D50 014B6023 */  subu    $t4, $t2, $t3              
/* 00AD4 809A6D54 448C3000 */  mtc1    $t4, $f6                   ## $f6 = 0.00
/* 00AD8 809A6D58 240F0005 */  addiu   $t7, $zero, 0x0005         ## $t7 = 00000005
/* 00ADC 809A6D5C 26040034 */  addiu   $a0, $s0, 0x0034           ## $a0 = 00000034
/* 00AE0 809A6D60 46803220 */  cvt.s.w $f8, $f6                   
/* 00AE4 809A6D64 24060005 */  addiu   $a2, $zero, 0x0005         ## $a2 = 00000005
/* 00AE8 809A6D68 240703E8 */  addiu   $a3, $zero, 0x03E8         ## $a3 = 000003E8
/* 00AEC 809A6D6C 460A4402 */  mul.s   $f16, $f8, $f10            
/* 00AF0 809A6D70 4600848D */  trunc.w.s $f18, $f16                 
/* 00AF4 809A6D74 440E9000 */  mfc1    $t6, $f18                  
/* 00AF8 809A6D78 00000000 */  nop
/* 00AFC 809A6D7C A60E037C */  sh      $t6, 0x037C($s0)           ## 0000037C
/* 00B00 809A6D80 8605037C */  lh      $a1, 0x037C($s0)           ## 0000037C
/* 00B04 809A6D84 0C03FFAF */  jal     func_800FFEBC              
/* 00B08 809A6D88 AFAF0010 */  sw      $t7, 0x0010($sp)           
/* 00B0C 809A6D8C 8603035A */  lh      $v1, 0x035A($s0)           ## 0000035A
/* 00B10 809A6D90 3C01809B */  lui     $at, %hi(D_809A8E5C)       ## $at = 809B0000
/* 00B14 809A6D94 C4288E5C */  lwc1    $f8, %lo(D_809A8E5C)($at)  
/* 00B18 809A6D98 44832000 */  mtc1    $v1, $f4                   ## $f4 = 0.00
/* 00B1C 809A6D9C 3C014080 */  lui     $at, 0x4080                ## $at = 40800000
/* 00B20 809A6DA0 44818000 */  mtc1    $at, $f16                  ## $f16 = 4.00
/* 00B24 809A6DA4 468021A0 */  cvt.s.w $f6, $f4                   
/* 00B28 809A6DA8 24780046 */  addiu   $t8, $v1, 0x0046           ## $t8 = 00000046
/* 00B2C 809A6DAC A7B80042 */  sh      $t8, 0x0042($sp)           
/* 00B30 809A6DB0 C7AC004C */  lwc1    $f12, 0x004C($sp)          
/* 00B34 809A6DB4 C7AE0048 */  lwc1    $f14, 0x0048($sp)          
/* 00B38 809A6DB8 46083282 */  mul.s   $f10, $f6, $f8             
/* 00B3C 809A6DBC 46105480 */  add.s   $f18, $f10, $f16           
/* 00B40 809A6DC0 0C05FFB9 */  jal     func_8017FEE4              
/* 00B44 809A6DC4 E7B20044 */  swc1    $f18, 0x0044($sp)          
/* 00B48 809A6DC8 A602037A */  sh      $v0, 0x037A($s0)           ## 0000037A
/* 00B4C 809A6DCC 3C063ECC */  lui     $a2, 0x3ECC                ## $a2 = 3ECC0000
/* 00B50 809A6DD0 3C073F4C */  lui     $a3, 0x3F4C                ## $a3 = 3F4C0000
/* 00B54 809A6DD4 34E7CCCD */  ori     $a3, $a3, 0xCCCD           ## $a3 = 3F4CCCCD
/* 00B58 809A6DD8 34C6CCCD */  ori     $a2, $a2, 0xCCCD           ## $a2 = 3ECCCCCD
/* 00B5C 809A6DDC 8FA50044 */  lw      $a1, 0x0044($sp)           
/* 00B60 809A6DE0 0C03FF7E */  jal     func_800FFDF8              
/* 00B64 809A6DE4 26040070 */  addiu   $a0, $s0, 0x0070           ## $a0 = 00000070
/* 00B68 809A6DE8 8605037A */  lh      $a1, 0x037A($s0)           ## 0000037A
/* 00B6C 809A6DEC 2419000A */  addiu   $t9, $zero, 0x000A         ## $t9 = 0000000A
/* 00B70 809A6DF0 AFB90010 */  sw      $t9, 0x0010($sp)           
/* 00B74 809A6DF4 26040032 */  addiu   $a0, $s0, 0x0032           ## $a0 = 00000032
/* 00B78 809A6DF8 87A60042 */  lh      $a2, 0x0042($sp)           
/* 00B7C 809A6DFC 0C03FFAF */  jal     func_800FFEBC              
/* 00B80 809A6E00 24070FA0 */  addiu   $a3, $zero, 0x0FA0         ## $a3 = 00000FA0
/* 00B84 809A6E04 8FBF0024 */  lw      $ra, 0x0024($sp)           
.L809A6E08:
/* 00B88 809A6E08 8FB00020 */  lw      $s0, 0x0020($sp)           
/* 00B8C 809A6E0C 27BD0050 */  addiu   $sp, $sp, 0x0050           ## $sp = 00000000
/* 00B90 809A6E10 03E00008 */  jr      $ra                        
/* 00B94 809A6E14 00000000 */  nop


glabel func_809A6E18
/* 00B98 809A6E18 27BDFFE8 */  addiu   $sp, $sp, 0xFFE8           ## $sp = FFFFFFE8
/* 00B9C 809A6E1C AFBF0014 */  sw      $ra, 0x0014($sp)           
/* 00BA0 809A6E20 240530A0 */  addiu   $a1, $zero, 0x30A0         ## $a1 = 000030A0
/* 00BA4 809A6E24 0C02E3B2 */  jal     func_800B8EC8              
/* 00BA8 809A6E28 AFA40018 */  sw      $a0, 0x0018($sp)           
/* 00BAC 809A6E2C 8FA40018 */  lw      $a0, 0x0018($sp)           
/* 00BB0 809A6E30 34018000 */  ori     $at, $zero, 0x8000         ## $at = 00008000
/* 00BB4 809A6E34 3C19809A */  lui     $t9, %hi(func_809A6E74)    ## $t9 = 809A0000
/* 00BB8 809A6E38 848E0032 */  lh      $t6, 0x0032($a0)           ## 00000032
/* 00BBC 809A6E3C 24180002 */  addiu   $t8, $zero, 0x0002         ## $t8 = 00000002
/* 00BC0 809A6E40 27396E74 */  addiu   $t9, $t9, %lo(func_809A6E74) ## $t9 = 809A6E74
/* 00BC4 809A6E44 01C17821 */  addu    $t7, $t6, $at              
/* 00BC8 809A6E48 3C014000 */  lui     $at, 0x4000                ## $at = 40000000
/* 00BCC 809A6E4C 44812000 */  mtc1    $at, $f4                   ## $f4 = 2.00
/* 00BD0 809A6E50 A48F050A */  sh      $t7, 0x050A($a0)           ## 0000050A
/* 00BD4 809A6E54 A4980358 */  sh      $t8, 0x0358($a0)           ## 00000358
/* 00BD8 809A6E58 A480035C */  sh      $zero, 0x035C($a0)         ## 0000035C
/* 00BDC 809A6E5C AC9902A8 */  sw      $t9, 0x02A8($a0)           ## 000002A8
/* 00BE0 809A6E60 E4840070 */  swc1    $f4, 0x0070($a0)           ## 00000070
/* 00BE4 809A6E64 8FBF0014 */  lw      $ra, 0x0014($sp)           
/* 00BE8 809A6E68 27BD0018 */  addiu   $sp, $sp, 0x0018           ## $sp = 00000000
/* 00BEC 809A6E6C 03E00008 */  jr      $ra                        
/* 00BF0 809A6E70 00000000 */  nop


glabel func_809A6E74
/* 00BF4 809A6E74 27BDFFD8 */  addiu   $sp, $sp, 0xFFD8           ## $sp = FFFFFFD8
/* 00BF8 809A6E78 AFB00020 */  sw      $s0, 0x0020($sp)           
/* 00BFC 809A6E7C 00808025 */  or      $s0, $a0, $zero            ## $s0 = 00000000
/* 00C00 809A6E80 AFBF0024 */  sw      $ra, 0x0024($sp)           
/* 00C04 809A6E84 AFA5002C */  sw      $a1, 0x002C($sp)           
/* 00C08 809A6E88 02002025 */  or      $a0, $s0, $zero            ## $a0 = 00000000
/* 00C0C 809A6E8C 0C02E3B2 */  jal     func_800B8EC8              
/* 00C10 809A6E90 240530A0 */  addiu   $a1, $zero, 0x30A0         ## $a1 = 000030A0
/* 00C14 809A6E94 8602035C */  lh      $v0, 0x035C($s0)           ## 0000035C
/* 00C18 809A6E98 26040032 */  addiu   $a0, $s0, 0x0032           ## $a0 = 00000032
/* 00C1C 809A6E9C 24060064 */  addiu   $a2, $zero, 0x0064         ## $a2 = 00000064
/* 00C20 809A6EA0 10400006 */  beq     $v0, $zero, .L809A6EBC     
/* 00C24 809A6EA4 240703E8 */  addiu   $a3, $zero, 0x03E8         ## $a3 = 000003E8
/* 00C28 809A6EA8 24010001 */  addiu   $at, $zero, 0x0001         ## $at = 00000001
/* 00C2C 809A6EAC 10410021 */  beq     $v0, $at, .L809A6F34       
/* 00C30 809A6EB0 26040034 */  addiu   $a0, $s0, 0x0034           ## $a0 = 00000034
/* 00C34 809A6EB4 10000031 */  beq     $zero, $zero, .L809A6F7C   
/* 00C38 809A6EB8 8FBF0024 */  lw      $ra, 0x0024($sp)           
.L809A6EBC:
/* 00C3C 809A6EBC 8605050A */  lh      $a1, 0x050A($s0)           ## 0000050A
/* 00C40 809A6EC0 240E03E8 */  addiu   $t6, $zero, 0x03E8         ## $t6 = 000003E8
/* 00C44 809A6EC4 0C03FFAF */  jal     func_800FFEBC              
/* 00C48 809A6EC8 AFAE0010 */  sw      $t6, 0x0010($sp)           
/* 00C4C 809A6ECC 240F0BB8 */  addiu   $t7, $zero, 0x0BB8         ## $t7 = 00000BB8
/* 00C50 809A6ED0 AFAF0010 */  sw      $t7, 0x0010($sp)           
/* 00C54 809A6ED4 26040034 */  addiu   $a0, $s0, 0x0034           ## $a0 = 00000034
/* 00C58 809A6ED8 24054000 */  addiu   $a1, $zero, 0x4000         ## $a1 = 00004000
/* 00C5C 809A6EDC 24060064 */  addiu   $a2, $zero, 0x0064         ## $a2 = 00000064
/* 00C60 809A6EE0 0C03FFAF */  jal     func_800FFEBC              
/* 00C64 809A6EE4 24071F40 */  addiu   $a3, $zero, 0x1F40         ## $a3 = 00001F40
/* 00C68 809A6EE8 86180032 */  lh      $t8, 0x0032($s0)           ## 00000032
/* 00C6C 809A6EEC 8619050A */  lh      $t9, 0x050A($s0)           ## 0000050A
/* 00C70 809A6EF0 3C014120 */  lui     $at, 0x4120                ## $at = 41200000
/* 00C74 809A6EF4 44982000 */  mtc1    $t8, $f4                   ## $f4 = 0.00
/* 00C78 809A6EF8 44994000 */  mtc1    $t9, $f8                   ## $f8 = 0.00
/* 00C7C 809A6EFC 44818000 */  mtc1    $at, $f16                  ## $f16 = 10.00
/* 00C80 809A6F00 468021A0 */  cvt.s.w $f6, $f4                   
/* 00C84 809A6F04 24080064 */  addiu   $t0, $zero, 0x0064         ## $t0 = 00000064
/* 00C88 809A6F08 24090001 */  addiu   $t1, $zero, 0x0001         ## $t1 = 00000001
/* 00C8C 809A6F0C 468042A0 */  cvt.s.w $f10, $f8                  
/* 00C90 809A6F10 460A3001 */  sub.s   $f0, $f6, $f10             
/* 00C94 809A6F14 46000005 */  abs.s   $f0, $f0                   
/* 00C98 809A6F18 4610003C */  c.lt.s  $f0, $f16                  
/* 00C9C 809A6F1C 00000000 */  nop
/* 00CA0 809A6F20 45020016 */  bc1fl   .L809A6F7C                 
/* 00CA4 809A6F24 8FBF0024 */  lw      $ra, 0x0024($sp)           
/* 00CA8 809A6F28 A60802B4 */  sh      $t0, 0x02B4($s0)           ## 000002B4
/* 00CAC 809A6F2C 10000012 */  beq     $zero, $zero, .L809A6F78   
/* 00CB0 809A6F30 A609035C */  sh      $t1, 0x035C($s0)           ## 0000035C
.L809A6F34:
/* 00CB4 809A6F34 240A0BB8 */  addiu   $t2, $zero, 0x0BB8         ## $t2 = 00000BB8
/* 00CB8 809A6F38 AFAA0010 */  sw      $t2, 0x0010($sp)           
/* 00CBC 809A6F3C 00002825 */  or      $a1, $zero, $zero          ## $a1 = 00000000
/* 00CC0 809A6F40 24060064 */  addiu   $a2, $zero, 0x0064         ## $a2 = 00000064
/* 00CC4 809A6F44 0C03FFAF */  jal     func_800FFEBC              
/* 00CC8 809A6F48 24071F40 */  addiu   $a3, $zero, 0x1F40         ## $a3 = 00001F40
/* 00CCC 809A6F4C 860B02B4 */  lh      $t3, 0x02B4($s0)           ## 000002B4
/* 00CD0 809A6F50 3C0E809A */  lui     $t6, %hi(func_809A6B6C)    ## $t6 = 809A0000
/* 00CD4 809A6F54 240C0001 */  addiu   $t4, $zero, 0x0001         ## $t4 = 00000001
/* 00CD8 809A6F58 15600007 */  bne     $t3, $zero, .L809A6F78     
/* 00CDC 809A6F5C 25CE6B6C */  addiu   $t6, $t6, %lo(func_809A6B6C) ## $t6 = 809A6B6C
/* 00CE0 809A6F60 A60002B0 */  sh      $zero, 0x02B0($s0)         ## 000002B0
/* 00CE4 809A6F64 860D02B0 */  lh      $t5, 0x02B0($s0)           ## 000002B0
/* 00CE8 809A6F68 A60C0358 */  sh      $t4, 0x0358($s0)           ## 00000358
/* 00CEC 809A6F6C A20002AC */  sb      $zero, 0x02AC($s0)         ## 000002AC
/* 00CF0 809A6F70 AE0E02A8 */  sw      $t6, 0x02A8($s0)           ## 000002A8
/* 00CF4 809A6F74 A60D02B2 */  sh      $t5, 0x02B2($s0)           ## 000002B2
.L809A6F78:
/* 00CF8 809A6F78 8FBF0024 */  lw      $ra, 0x0024($sp)           
.L809A6F7C:
/* 00CFC 809A6F7C 8FB00020 */  lw      $s0, 0x0020($sp)           
/* 00D00 809A6F80 27BD0028 */  addiu   $sp, $sp, 0x0028           ## $sp = 00000000
/* 00D04 809A6F84 03E00008 */  jr      $ra                        
/* 00D08 809A6F88 00000000 */  nop


glabel func_809A6F8C
/* 00D0C 809A6F8C 27BDFFE8 */  addiu   $sp, $sp, 0xFFE8           ## $sp = FFFFFFE8
/* 00D10 809A6F90 AFBF0014 */  sw      $ra, 0x0014($sp)           
/* 00D14 809A6F94 00803025 */  or      $a2, $a0, $zero            ## $a2 = 00000000
/* 00D18 809A6F98 84CE0092 */  lh      $t6, 0x0092($a2)           ## 00000092
/* 00D1C 809A6F9C 2404001E */  addiu   $a0, $zero, 0x001E         ## $a0 = 0000001E
/* 00D20 809A6FA0 2405001E */  addiu   $a1, $zero, 0x001E         ## $a1 = 0000001E
/* 00D24 809A6FA4 000E7823 */  subu    $t7, $zero, $t6            
/* 00D28 809A6FA8 A4CF037A */  sh      $t7, 0x037A($a2)           ## 0000037A
/* 00D2C 809A6FAC 0C03FD14 */  jal     func_800FF450              
/* 00D30 809A6FB0 AFA60018 */  sw      $a2, 0x0018($sp)           
/* 00D34 809A6FB4 8FA60018 */  lw      $a2, 0x0018($sp)           
/* 00D38 809A6FB8 3C01809B */  lui     $at, %hi(D_809A8E60)       ## $at = 809B0000
/* 00D3C 809A6FBC 3C0C809A */  lui     $t4, %hi(func_809A700C)    ## $t4 = 809A0000
/* 00D40 809A6FC0 84D80032 */  lh      $t8, 0x0032($a2)           ## 00000032
/* 00D44 809A6FC4 84D9037A */  lh      $t9, 0x037A($a2)           ## 0000037A
/* 00D48 809A6FC8 A4C202B0 */  sh      $v0, 0x02B0($a2)           ## 000002B0
/* 00D4C 809A6FCC C4288E60 */  lwc1    $f8, %lo(D_809A8E60)($at)  
/* 00D50 809A6FD0 03194023 */  subu    $t0, $t8, $t9              
/* 00D54 809A6FD4 44882000 */  mtc1    $t0, $f4                   ## $f4 = 0.00
/* 00D58 809A6FD8 240B0003 */  addiu   $t3, $zero, 0x0003         ## $t3 = 00000003
/* 00D5C 809A6FDC 258C700C */  addiu   $t4, $t4, %lo(func_809A700C) ## $t4 = 809A700C
/* 00D60 809A6FE0 468021A0 */  cvt.s.w $f6, $f4                   
/* 00D64 809A6FE4 A4CB0358 */  sh      $t3, 0x0358($a2)           ## 00000358
/* 00D68 809A6FE8 ACCC02A8 */  sw      $t4, 0x02A8($a2)           ## 000002A8
/* 00D6C 809A6FEC 46083282 */  mul.s   $f10, $f6, $f8             
/* 00D70 809A6FF0 4600540D */  trunc.w.s $f16, $f10                 
/* 00D74 809A6FF4 440A8000 */  mfc1    $t2, $f16                  
/* 00D78 809A6FF8 00000000 */  nop
/* 00D7C 809A6FFC A4CA037C */  sh      $t2, 0x037C($a2)           ## 0000037C
/* 00D80 809A7000 8FBF0014 */  lw      $ra, 0x0014($sp)           
/* 00D84 809A7004 03E00008 */  jr      $ra                        
/* 00D88 809A7008 27BD0018 */  addiu   $sp, $sp, 0x0018           ## $sp = 00000000


glabel func_809A700C
/* 00D8C 809A700C 27BDFFD8 */  addiu   $sp, $sp, 0xFFD8           ## $sp = FFFFFFD8
/* 00D90 809A7010 AFB00020 */  sw      $s0, 0x0020($sp)           
/* 00D94 809A7014 00808025 */  or      $s0, $a0, $zero            ## $s0 = 00000000
/* 00D98 809A7018 AFBF0024 */  sw      $ra, 0x0024($sp)           
/* 00D9C 809A701C AFA5002C */  sw      $a1, 0x002C($sp)           
/* 00DA0 809A7020 02002025 */  or      $a0, $s0, $zero            ## $a0 = 00000000
/* 00DA4 809A7024 0C02E3B2 */  jal     func_800B8EC8              
/* 00DA8 809A7028 240530A0 */  addiu   $a1, $zero, 0x30A0         ## $a1 = 000030A0
/* 00DAC 809A702C 860E035A */  lh      $t6, 0x035A($s0)           ## 0000035A
/* 00DB0 809A7030 3C01809B */  lui     $at, %hi(D_809A8E64)       ## $at = 809B0000
/* 00DB4 809A7034 C4288E64 */  lwc1    $f8, %lo(D_809A8E64)($at)  
/* 00DB8 809A7038 448E2000 */  mtc1    $t6, $f4                   ## $f4 = 0.00
/* 00DBC 809A703C 3C0140E0 */  lui     $at, 0x40E0                ## $at = 40E00000
/* 00DC0 809A7040 44818000 */  mtc1    $at, $f16                  ## $f16 = 7.00
/* 00DC4 809A7044 468021A0 */  cvt.s.w $f6, $f4                   
/* 00DC8 809A7048 3C063ECC */  lui     $a2, 0x3ECC                ## $a2 = 3ECC0000
/* 00DCC 809A704C 3C073F4C */  lui     $a3, 0x3F4C                ## $a3 = 3F4C0000
/* 00DD0 809A7050 34E7CCCD */  ori     $a3, $a3, 0xCCCD           ## $a3 = 3F4CCCCD
/* 00DD4 809A7054 34C6CCCD */  ori     $a2, $a2, 0xCCCD           ## $a2 = 3ECCCCCD
/* 00DD8 809A7058 26040070 */  addiu   $a0, $s0, 0x0070           ## $a0 = 00000070
/* 00DDC 809A705C 46083282 */  mul.s   $f10, $f6, $f8             
/* 00DE0 809A7060 46105000 */  add.s   $f0, $f10, $f16            
/* 00DE4 809A7064 44050000 */  mfc1    $a1, $f0                   
/* 00DE8 809A7068 0C03FF7E */  jal     func_800FFDF8              
/* 00DEC 809A706C 00000000 */  nop
/* 00DF0 809A7070 8605037C */  lh      $a1, 0x037C($s0)           ## 0000037C
/* 00DF4 809A7074 240F0005 */  addiu   $t7, $zero, 0x0005         ## $t7 = 00000005
/* 00DF8 809A7078 AFAF0010 */  sw      $t7, 0x0010($sp)           
/* 00DFC 809A707C 26040034 */  addiu   $a0, $s0, 0x0034           ## $a0 = 00000034
/* 00E00 809A7080 24060005 */  addiu   $a2, $zero, 0x0005         ## $a2 = 00000005
/* 00E04 809A7084 0C03FFAF */  jal     func_800FFEBC              
/* 00E08 809A7088 240703E8 */  addiu   $a3, $zero, 0x03E8         ## $a3 = 000003E8
/* 00E0C 809A708C 8618037C */  lh      $t8, 0x037C($s0)           ## 0000037C
/* 00E10 809A7090 3C01809B */  lui     $at, %hi(D_809A8E68)       ## $at = 809B0000
/* 00E14 809A7094 C4268E68 */  lwc1    $f6, %lo(D_809A8E68)($at)  
/* 00E18 809A7098 44989000 */  mtc1    $t8, $f18                  ## $f18 = 0.00
/* 00E1C 809A709C C6100364 */  lwc1    $f16, 0x0364($s0)          ## 00000364
/* 00E20 809A70A0 8605037A */  lh      $a1, 0x037A($s0)           ## 0000037A
/* 00E24 809A70A4 46809120 */  cvt.s.w $f4, $f18                  
/* 00E28 809A70A8 240A0005 */  addiu   $t2, $zero, 0x0005         ## $t2 = 00000005
/* 00E2C 809A70AC 26040032 */  addiu   $a0, $s0, 0x0032           ## $a0 = 00000032
/* 00E30 809A70B0 24060005 */  addiu   $a2, $zero, 0x0005         ## $a2 = 00000005
/* 00E34 809A70B4 4600848D */  trunc.w.s $f18, $f16                 
/* 00E38 809A70B8 46062202 */  mul.s   $f8, $f4, $f6              
/* 00E3C 809A70BC 44079000 */  mfc1    $a3, $f18                  
/* 00E40 809A70C0 00000000 */  nop
/* 00E44 809A70C4 00073C00 */  sll     $a3, $a3, 16               
/* 00E48 809A70C8 4600428D */  trunc.w.s $f10, $f8                  
/* 00E4C 809A70CC 00073C03 */  sra     $a3, $a3, 16               
/* 00E50 809A70D0 44085000 */  mfc1    $t0, $f10                  
/* 00E54 809A70D4 00000000 */  nop
/* 00E58 809A70D8 A608037C */  sh      $t0, 0x037C($s0)           ## 0000037C
/* 00E5C 809A70DC 0C03FFAF */  jal     func_800FFEBC              
/* 00E60 809A70E0 AFAA0010 */  sw      $t2, 0x0010($sp)           
/* 00E64 809A70E4 860B02B0 */  lh      $t3, 0x02B0($s0)           ## 000002B0
/* 00E68 809A70E8 5560000E */  bnel    $t3, $zero, .L809A7124     
/* 00E6C 809A70EC 8FBF0024 */  lw      $ra, 0x0024($sp)           
/* 00E70 809A70F0 8E02052C */  lw      $v0, 0x052C($s0)           ## 0000052C
/* 00E74 809A70F4 3C18809A */  lui     $t8, %hi(func_809A6B6C)    ## $t8 = 809A0000
/* 00E78 809A70F8 240E0001 */  addiu   $t6, $zero, 0x0001         ## $t6 = 00000001
/* 00E7C 809A70FC 904C0015 */  lbu     $t4, 0x0015($v0)           ## 00000015
/* 00E80 809A7100 27186B6C */  addiu   $t8, $t8, %lo(func_809A6B6C) ## $t8 = 809A6B6C
/* 00E84 809A7104 358D0011 */  ori     $t5, $t4, 0x0011           ## $t5 = 00000011
/* 00E88 809A7108 A04D0015 */  sb      $t5, 0x0015($v0)           ## 00000015
/* 00E8C 809A710C A60002B0 */  sh      $zero, 0x02B0($s0)         ## 000002B0
/* 00E90 809A7110 860F02B0 */  lh      $t7, 0x02B0($s0)           ## 000002B0
/* 00E94 809A7114 A60E0358 */  sh      $t6, 0x0358($s0)           ## 00000358
/* 00E98 809A7118 AE1802A8 */  sw      $t8, 0x02A8($s0)           ## 000002A8
/* 00E9C 809A711C A60F02B2 */  sh      $t7, 0x02B2($s0)           ## 000002B2
/* 00EA0 809A7120 8FBF0024 */  lw      $ra, 0x0024($sp)           
.L809A7124:
/* 00EA4 809A7124 8FB00020 */  lw      $s0, 0x0020($sp)           
/* 00EA8 809A7128 27BD0028 */  addiu   $sp, $sp, 0x0028           ## $sp = 00000000
/* 00EAC 809A712C 03E00008 */  jr      $ra                        
/* 00EB0 809A7130 00000000 */  nop


glabel func_809A7134
/* 00EB4 809A7134 27BDFFE0 */  addiu   $sp, $sp, 0xFFE0           ## $sp = FFFFFFE0
/* 00EB8 809A7138 AFBF0014 */  sw      $ra, 0x0014($sp)           
/* 00EBC 809A713C 00803025 */  or      $a2, $a0, $zero            ## $a2 = 00000000
/* 00EC0 809A7140 8CA21CCC */  lw      $v0, 0x1CCC($a1)           ## 00001CCC
/* 00EC4 809A7144 44802000 */  mtc1    $zero, $f4                 ## $f4 = 0.00
/* 00EC8 809A7148 240E0032 */  addiu   $t6, $zero, 0x0032         ## $t6 = 00000032
/* 00ECC 809A714C 240F0005 */  addiu   $t7, $zero, 0x0005         ## $t7 = 00000005
/* 00ED0 809A7150 A4CE02B0 */  sh      $t6, 0x02B0($a2)           ## 000002B0
/* 00ED4 809A7154 A4CF0358 */  sh      $t7, 0x0358($a2)           ## 00000358
/* 00ED8 809A7158 E4C4036C */  swc1    $f4, 0x036C($a2)           ## 0000036C
/* 00EDC 809A715C 844400BE */  lh      $a0, 0x00BE($v0)           ## 000000BE
/* 00EE0 809A7160 AFA60020 */  sw      $a2, 0x0020($sp)           
/* 00EE4 809A7164 0C03FB61 */  jal     func_800FED84              
/* 00EE8 809A7168 AFA20018 */  sw      $v0, 0x0018($sp)           
/* 00EEC 809A716C 3C014302 */  lui     $at, 0x4302                ## $at = 43020000
/* 00EF0 809A7170 44813000 */  mtc1    $at, $f6                   ## $f6 = 130.00
/* 00EF4 809A7174 8FA20018 */  lw      $v0, 0x0018($sp)           
/* 00EF8 809A7178 8FA60020 */  lw      $a2, 0x0020($sp)           
/* 00EFC 809A717C 46060202 */  mul.s   $f8, $f0, $f6              
/* 00F00 809A7180 C44A0024 */  lwc1    $f10, 0x0024($v0)          ## 00000024
/* 00F04 809A7184 460A4400 */  add.s   $f16, $f8, $f10            
/* 00F08 809A7188 E4D003B4 */  swc1    $f16, 0x03B4($a2)          ## 000003B4
/* 00F0C 809A718C 0C03FB51 */  jal     func_800FED44              
/* 00F10 809A7190 844400BE */  lh      $a0, 0x00BE($v0)           ## 000000BE
/* 00F14 809A7194 3C014302 */  lui     $at, 0x4302                ## $at = 43020000
/* 00F18 809A7198 44819000 */  mtc1    $at, $f18                  ## $f18 = 130.00
/* 00F1C 809A719C 8FA20018 */  lw      $v0, 0x0018($sp)           
/* 00F20 809A71A0 8FA60020 */  lw      $a2, 0x0020($sp)           
/* 00F24 809A71A4 46120102 */  mul.s   $f4, $f0, $f18             
/* 00F28 809A71A8 C446002C */  lwc1    $f6, 0x002C($v0)           ## 0000002C
/* 00F2C 809A71AC 3C18809A */  lui     $t8, %hi(func_809A71CC)    ## $t8 = 809A0000
/* 00F30 809A71B0 271871CC */  addiu   $t8, $t8, %lo(func_809A71CC) ## $t8 = 809A71CC
/* 00F34 809A71B4 ACD802A8 */  sw      $t8, 0x02A8($a2)           ## 000002A8
/* 00F38 809A71B8 46062200 */  add.s   $f8, $f4, $f6              
/* 00F3C 809A71BC E4C803BC */  swc1    $f8, 0x03BC($a2)           ## 000003BC
/* 00F40 809A71C0 8FBF0014 */  lw      $ra, 0x0014($sp)           
/* 00F44 809A71C4 03E00008 */  jr      $ra                        
/* 00F48 809A71C8 27BD0020 */  addiu   $sp, $sp, 0x0020           ## $sp = 00000000


glabel func_809A71CC
/* 00F4C 809A71CC 27BDFFB8 */  addiu   $sp, $sp, 0xFFB8           ## $sp = FFFFFFB8
/* 00F50 809A71D0 AFB00020 */  sw      $s0, 0x0020($sp)           
/* 00F54 809A71D4 00808025 */  or      $s0, $a0, $zero            ## $s0 = 00000000
/* 00F58 809A71D8 AFBF0024 */  sw      $ra, 0x0024($sp)           
/* 00F5C 809A71DC AFA5004C */  sw      $a1, 0x004C($sp)           
/* 00F60 809A71E0 8FAE004C */  lw      $t6, 0x004C($sp)           
/* 00F64 809A71E4 02002025 */  or      $a0, $s0, $zero            ## $a0 = 00000000
/* 00F68 809A71E8 240530A0 */  addiu   $a1, $zero, 0x30A0         ## $a1 = 000030A0
/* 00F6C 809A71EC 8DCF1CCC */  lw      $t7, 0x1CCC($t6)           ## 00001CCC
/* 00F70 809A71F0 0C02E3B2 */  jal     func_800B8EC8              
/* 00F74 809A71F4 AFAF0044 */  sw      $t7, 0x0044($sp)           
/* 00F78 809A71F8 8618038C */  lh      $t8, 0x038C($s0)           ## 0000038C
/* 00F7C 809A71FC 27190AF0 */  addiu   $t9, $t8, 0x0AF0           ## $t9 = 00000AF0
/* 00F80 809A7200 A619038C */  sh      $t9, 0x038C($s0)           ## 0000038C
/* 00F84 809A7204 0C03FB61 */  jal     func_800FED84              
/* 00F88 809A7208 8604038C */  lh      $a0, 0x038C($s0)           ## 0000038C
/* 00F8C 809A720C 3C0142F0 */  lui     $at, 0x42F0                ## $at = 42F00000
/* 00F90 809A7210 44813000 */  mtc1    $at, $f6                   ## $f6 = 120.00
/* 00F94 809A7214 3C014120 */  lui     $at, 0x4120                ## $at = 41200000
/* 00F98 809A7218 44815000 */  mtc1    $at, $f10                  ## $f10 = 10.00
/* 00F9C 809A721C 8FA80044 */  lw      $t0, 0x0044($sp)           
/* 00FA0 809A7220 24090005 */  addiu   $t1, $zero, 0x0005         ## $t1 = 00000005
/* 00FA4 809A7224 460A0402 */  mul.s   $f16, $f0, $f10            
/* 00FA8 809A7228 C5040028 */  lwc1    $f4, 0x0028($t0)           ## 00000028
/* 00FAC 809A722C 26040034 */  addiu   $a0, $s0, 0x0034           ## $a0 = 00000034
/* 00FB0 809A7230 00002825 */  or      $a1, $zero, $zero          ## $a1 = 00000000
/* 00FB4 809A7234 24060005 */  addiu   $a2, $zero, 0x0005         ## $a2 = 00000005
/* 00FB8 809A7238 46062200 */  add.s   $f8, $f4, $f6              
/* 00FBC 809A723C 240703E8 */  addiu   $a3, $zero, 0x03E8         ## $a3 = 000003E8
/* 00FC0 809A7240 46088480 */  add.s   $f18, $f16, $f8            
/* 00FC4 809A7244 E61203B8 */  swc1    $f18, 0x03B8($s0)          ## 000003B8
/* 00FC8 809A7248 0C03FFAF */  jal     func_800FFEBC              
/* 00FCC 809A724C AFA90010 */  sw      $t1, 0x0010($sp)           
/* 00FD0 809A7250 860500BE */  lh      $a1, 0x00BE($s0)           ## 000000BE
/* 00FD4 809A7254 240A000A */  addiu   $t2, $zero, 0x000A         ## $t2 = 0000000A
/* 00FD8 809A7258 AFAA0010 */  sw      $t2, 0x0010($sp)           
/* 00FDC 809A725C 26040032 */  addiu   $a0, $s0, 0x0032           ## $a0 = 00000032
/* 00FE0 809A7260 2406000A */  addiu   $a2, $zero, 0x000A         ## $a2 = 0000000A
/* 00FE4 809A7264 0C03FFAF */  jal     func_800FFEBC              
/* 00FE8 809A7268 24070FA0 */  addiu   $a3, $zero, 0x0FA0         ## $a3 = 00000FA0
/* 00FEC 809A726C 86050092 */  lh      $a1, 0x0092($s0)           ## 00000092
/* 00FF0 809A7270 240B000A */  addiu   $t3, $zero, 0x000A         ## $t3 = 0000000A
/* 00FF4 809A7274 AFAB0010 */  sw      $t3, 0x0010($sp)           
/* 00FF8 809A7278 260400BE */  addiu   $a0, $s0, 0x00BE           ## $a0 = 000000BE
/* 00FFC 809A727C 2406000A */  addiu   $a2, $zero, 0x000A         ## $a2 = 0000000A
/* 01000 809A7280 0C03FFAF */  jal     func_800FFEBC              
/* 01004 809A7284 24070FA0 */  addiu   $a3, $zero, 0x0FA0         ## $a3 = 00000FA0
/* 01008 809A7288 26040024 */  addiu   $a0, $s0, 0x0024           ## $a0 = 00000024
/* 0100C 809A728C 8E0503B4 */  lw      $a1, 0x03B4($s0)           ## 000003B4
/* 01010 809A7290 3C063E99 */  lui     $a2, 0x3E99                ## $a2 = 3E990000
/* 01014 809A7294 8E07036C */  lw      $a3, 0x036C($s0)           ## 0000036C
/* 01018 809A7298 AFA4002C */  sw      $a0, 0x002C($sp)           
/* 0101C 809A729C 0C03FF7E */  jal     func_800FFDF8              
/* 01020 809A72A0 34C6999A */  ori     $a2, $a2, 0x999A           ## $a2 = 3E99999A
/* 01024 809A72A4 3C063DCC */  lui     $a2, 0x3DCC                ## $a2 = 3DCC0000
/* 01028 809A72A8 34C6CCCD */  ori     $a2, $a2, 0xCCCD           ## $a2 = 3DCCCCCD
/* 0102C 809A72AC 26040028 */  addiu   $a0, $s0, 0x0028           ## $a0 = 00000028
/* 01030 809A72B0 8E0503B8 */  lw      $a1, 0x03B8($s0)           ## 000003B8
/* 01034 809A72B4 0C03FF7E */  jal     func_800FFDF8              
/* 01038 809A72B8 8E07036C */  lw      $a3, 0x036C($s0)           ## 0000036C
/* 0103C 809A72BC 3C063E99 */  lui     $a2, 0x3E99                ## $a2 = 3E990000
/* 01040 809A72C0 34C6999A */  ori     $a2, $a2, 0x999A           ## $a2 = 3E99999A
/* 01044 809A72C4 2604002C */  addiu   $a0, $s0, 0x002C           ## $a0 = 0000002C
/* 01048 809A72C8 8E0503BC */  lw      $a1, 0x03BC($s0)           ## 000003BC
/* 0104C 809A72CC 0C03FF7E */  jal     func_800FFDF8              
/* 01050 809A72D0 8E07036C */  lw      $a3, 0x036C($s0)           ## 0000036C
/* 01054 809A72D4 3C063E99 */  lui     $a2, 0x3E99                ## $a2 = 3E990000
/* 01058 809A72D8 34C6999A */  ori     $a2, $a2, 0x999A           ## $a2 = 3E99999A
/* 0105C 809A72DC 2604036C */  addiu   $a0, $s0, 0x036C           ## $a0 = 0000036C
/* 01060 809A72E0 3C0540E0 */  lui     $a1, 0x40E0                ## $a1 = 40E00000
/* 01064 809A72E4 0C03FF7E */  jal     func_800FFDF8              
/* 01068 809A72E8 3C073F80 */  lui     $a3, 0x3F80                ## $a3 = 3F800000
/* 0106C 809A72EC 8FA4004C */  lw      $a0, 0x004C($sp)           
/* 01070 809A72F0 8E0603C0 */  lw      $a2, 0x03C0($s0)           ## 000003C0
/* 01074 809A72F4 8E0703C8 */  lw      $a3, 0x03C8($s0)           ## 000003C8
/* 01078 809A72F8 260C04F8 */  addiu   $t4, $s0, 0x04F8           ## $t4 = 000004F8
/* 0107C 809A72FC 27AD0040 */  addiu   $t5, $sp, 0x0040           ## $t5 = FFFFFFF8
/* 01080 809A7300 AFAD0014 */  sw      $t5, 0x0014($sp)           
/* 01084 809A7304 AFAC0010 */  sw      $t4, 0x0010($sp)           
/* 01088 809A7308 0C03286B */  jal     func_800CA1AC              
/* 0108C 809A730C 24850830 */  addiu   $a1, $a0, 0x0830           ## $a1 = 00000830
/* 01090 809A7310 5040003B */  beql    $v0, $zero, .L809A7400     
/* 01094 809A7314 860C02B0 */  lh      $t4, 0x02B0($s0)           ## 000002B0
/* 01098 809A7318 C60403C4 */  lwc1    $f4, 0x03C4($s0)           ## 000003C4
/* 0109C 809A731C C60604F8 */  lwc1    $f6, 0x04F8($s0)           ## 000004F8
/* 010A0 809A7320 4606203C */  c.lt.s  $f4, $f6                   
/* 010A4 809A7324 00000000 */  nop
/* 010A8 809A7328 45020034 */  bc1fl   .L809A73FC                 
/* 010AC 809A732C A6000356 */  sh      $zero, 0x0356($s0)         ## 00000356
/* 010B0 809A7330 86020356 */  lh      $v0, 0x0356($s0)           ## 00000356
/* 010B4 809A7334 8FAE004C */  lw      $t6, 0x004C($sp)           
/* 010B8 809A7338 3C0F0002 */  lui     $t7, 0x0002                ## $t7 = 00020000
/* 010BC 809A733C 28410003 */  slti    $at, $v0, 0x0003           
/* 010C0 809A7340 14200004 */  bne     $at, $zero, .L809A7354     
/* 010C4 809A7344 01EE7821 */  addu    $t7, $t7, $t6              
/* 010C8 809A7348 8DEF8840 */  lw      $t7, -0x77C0($t7)          ## 00018840
/* 010CC 809A734C 31F80007 */  andi    $t8, $t7, 0x0007           ## $t8 = 00000000
/* 010D0 809A7350 1700002A */  bne     $t8, $zero, .L809A73FC     
.L809A7354:
/* 010D4 809A7354 24590001 */  addiu   $t9, $v0, 0x0001           ## $t9 = 00000001
/* 010D8 809A7358 A6190356 */  sh      $t9, 0x0356($s0)           ## 00000356
/* 010DC 809A735C 27A40034 */  addiu   $a0, $sp, 0x0034           ## $a0 = FFFFFFEC
/* 010E0 809A7360 0C03FD43 */  jal     func_800FF50C              
/* 010E4 809A7364 260503C0 */  addiu   $a1, $s0, 0x03C0           ## $a1 = 000003C0
/* 010E8 809A7368 3C0141A0 */  lui     $at, 0x41A0                ## $at = 41A00000
/* 010EC 809A736C 44816000 */  mtc1    $at, $f12                  ## $f12 = 20.00
/* 010F0 809A7370 0C05E570 */  jal     func_801795C0              
/* 010F4 809A7374 00000000 */  nop
/* 010F8 809A7378 C7AA0034 */  lwc1    $f10, 0x0034($sp)          
/* 010FC 809A737C 3C0141A0 */  lui     $at, 0x41A0                ## $at = 41A00000
/* 01100 809A7380 44816000 */  mtc1    $at, $f12                  ## $f12 = 20.00
/* 01104 809A7384 46005400 */  add.s   $f16, $f10, $f0            
/* 01108 809A7388 0C05E570 */  jal     func_801795C0              
/* 0110C 809A738C E7B00034 */  swc1    $f16, 0x0034($sp)          
/* 01110 809A7390 C7A8003C */  lwc1    $f8, 0x003C($sp)           
/* 01114 809A7394 46004480 */  add.s   $f18, $f8, $f0             
/* 01118 809A7398 0C021BF7 */  jal     func_80086FDC              
/* 0111C 809A739C E7B2003C */  swc1    $f18, 0x003C($sp)          
/* 01120 809A73A0 4600010D */  trunc.w.s $f4, $f0                   
/* 01124 809A73A4 8FA4004C */  lw      $a0, 0x004C($sp)           
/* 01128 809A73A8 27A50034 */  addiu   $a1, $sp, 0x0034           ## $a1 = FFFFFFEC
/* 0112C 809A73AC 00003025 */  or      $a2, $zero, $zero          ## $a2 = 00000000
/* 01130 809A73B0 44092000 */  mfc1    $t1, $f4                   
/* 01134 809A73B4 00003825 */  or      $a3, $zero, $zero          ## $a3 = 00000000
/* 01138 809A73B8 AFA00010 */  sw      $zero, 0x0010($sp)         
/* 0113C 809A73BC 00095080 */  sll     $t2, $t1,  2               
/* 01140 809A73C0 01495023 */  subu    $t2, $t2, $t1              
/* 01144 809A73C4 000A50C0 */  sll     $t2, $t2,  3               
/* 01148 809A73C8 01495021 */  addu    $t2, $t2, $t1              
/* 0114C 809A73CC 000A5080 */  sll     $t2, $t2,  2               
/* 01150 809A73D0 254B0190 */  addiu   $t3, $t2, 0x0190           ## $t3 = 00000190
/* 01154 809A73D4 0C02C7D3 */  jal     func_800B1F4C              
/* 01158 809A73D8 AFAB0014 */  sw      $t3, 0x0014($sp)           
/* 0115C 809A73DC 8FA4004C */  lw      $a0, 0x004C($sp)           
/* 01160 809A73E0 8FA5002C */  lw      $a1, 0x002C($sp)           
/* 01164 809A73E4 24060032 */  addiu   $a2, $zero, 0x0032         ## $a2 = 00000032
/* 01168 809A73E8 0C03C15A */  jal     func_800F0568              
/* 0116C 809A73EC 24072817 */  addiu   $a3, $zero, 0x2817         ## $a3 = 00002817
/* 01170 809A73F0 10000003 */  beq     $zero, $zero, .L809A7400   
/* 01174 809A73F4 860C02B0 */  lh      $t4, 0x02B0($s0)           ## 000002B0
/* 01178 809A73F8 A6000356 */  sh      $zero, 0x0356($s0)         ## 00000356
.L809A73FC:
/* 0117C 809A73FC 860C02B0 */  lh      $t4, 0x02B0($s0)           ## 000002B0
.L809A7400:
/* 01180 809A7400 1180001D */  beq     $t4, $zero, .L809A7478     
/* 01184 809A7404 00000000 */  nop
/* 01188 809A7408 C60603B4 */  lwc1    $f6, 0x03B4($s0)           ## 000003B4
/* 0118C 809A740C C60A0024 */  lwc1    $f10, 0x0024($s0)          ## 00000024
/* 01190 809A7410 3C014120 */  lui     $at, 0x4120                ## $at = 41200000
/* 01194 809A7414 44811000 */  mtc1    $at, $f2                   ## $f2 = 10.00
/* 01198 809A7418 460A3001 */  sub.s   $f0, $f6, $f10             
/* 0119C 809A741C 46000005 */  abs.s   $f0, $f0                   
/* 011A0 809A7420 4602003E */  c.le.s  $f0, $f2                   
/* 011A4 809A7424 00000000 */  nop
/* 011A8 809A7428 45020016 */  bc1fl   .L809A7484                 
/* 011AC 809A742C 8FBF0024 */  lw      $ra, 0x0024($sp)           
/* 011B0 809A7430 C61003B8 */  lwc1    $f16, 0x03B8($s0)          ## 000003B8
/* 011B4 809A7434 C6080028 */  lwc1    $f8, 0x0028($s0)           ## 00000028
/* 011B8 809A7438 3C0141A0 */  lui     $at, 0x41A0                ## $at = 41A00000
/* 011BC 809A743C 44819000 */  mtc1    $at, $f18                  ## $f18 = 20.00
/* 011C0 809A7440 46088001 */  sub.s   $f0, $f16, $f8             
/* 011C4 809A7444 46000005 */  abs.s   $f0, $f0                   
/* 011C8 809A7448 4612003E */  c.le.s  $f0, $f18                  
/* 011CC 809A744C 00000000 */  nop
/* 011D0 809A7450 4502000C */  bc1fl   .L809A7484                 
/* 011D4 809A7454 8FBF0024 */  lw      $ra, 0x0024($sp)           
/* 011D8 809A7458 C60403BC */  lwc1    $f4, 0x03BC($s0)           ## 000003BC
/* 011DC 809A745C C606002C */  lwc1    $f6, 0x002C($s0)           ## 0000002C
/* 011E0 809A7460 46062001 */  sub.s   $f0, $f4, $f6              
/* 011E4 809A7464 46000005 */  abs.s   $f0, $f0                   
/* 011E8 809A7468 4602003E */  c.le.s  $f0, $f2                   
/* 011EC 809A746C 00000000 */  nop
/* 011F0 809A7470 45020004 */  bc1fl   .L809A7484                 
/* 011F4 809A7474 8FBF0024 */  lw      $ra, 0x0024($sp)           
.L809A7478:
/* 011F8 809A7478 0C26998A */  jal     func_809A6628              
/* 011FC 809A747C 02002025 */  or      $a0, $s0, $zero            ## $a0 = 00000000
/* 01200 809A7480 8FBF0024 */  lw      $ra, 0x0024($sp)           
.L809A7484:
/* 01204 809A7484 8FB00020 */  lw      $s0, 0x0020($sp)           
/* 01208 809A7488 27BD0048 */  addiu   $sp, $sp, 0x0048           ## $sp = 00000000
/* 0120C 809A748C 03E00008 */  jr      $ra                        
/* 01210 809A7490 00000000 */  nop


glabel func_809A7494
/* 01214 809A7494 27BDFFD8 */  addiu   $sp, $sp, 0xFFD8           ## $sp = FFFFFFD8
/* 01218 809A7498 AFB00020 */  sw      $s0, 0x0020($sp)           
/* 0121C 809A749C 00808025 */  or      $s0, $a0, $zero            ## $s0 = 00000000
/* 01220 809A74A0 AFBF0024 */  sw      $ra, 0x0024($sp)           
/* 01224 809A74A4 02002025 */  or      $a0, $s0, $zero            ## $a0 = 00000000
/* 01228 809A74A8 0C269949 */  jal     func_809A6524              
/* 0122C 809A74AC 24050003 */  addiu   $a1, $zero, 0x0003         ## $a1 = 00000003
/* 01230 809A74B0 44802000 */  mtc1    $zero, $f4                 ## $f4 = 0.00
/* 01234 809A74B4 86050092 */  lh      $a1, 0x0092($s0)           ## 00000092
/* 01238 809A74B8 240E000A */  addiu   $t6, $zero, 0x000A         ## $t6 = 0000000A
/* 0123C 809A74BC E604036C */  swc1    $f4, 0x036C($s0)           ## 0000036C
/* 01240 809A74C0 AFAE0010 */  sw      $t6, 0x0010($sp)           
/* 01244 809A74C4 26040032 */  addiu   $a0, $s0, 0x0032           ## $a0 = 00000032
/* 01248 809A74C8 2406000A */  addiu   $a2, $zero, 0x000A         ## $a2 = 0000000A
/* 0124C 809A74CC 0C03FFAF */  jal     func_800FFEBC              
/* 01250 809A74D0 24070FA0 */  addiu   $a3, $zero, 0x0FA0         ## $a3 = 00000FA0
/* 01254 809A74D4 3C014040 */  lui     $at, 0x4040                ## $at = 40400000
/* 01258 809A74D8 44813000 */  mtc1    $at, $f6                   ## $f6 = 3.00
/* 0125C 809A74DC C6080028 */  lwc1    $f8, 0x0028($s0)           ## 00000028
/* 01260 809A74E0 8E02052C */  lw      $v0, 0x052C($s0)           ## 0000052C
/* 01264 809A74E4 E6060070 */  swc1    $f6, 0x0070($s0)           ## 00000070
/* 01268 809A74E8 E6080370 */  swc1    $f8, 0x0370($s0)           ## 00000370
/* 0126C 809A74EC 904F0015 */  lbu     $t7, 0x0015($v0)           ## 00000015
/* 01270 809A74F0 02002025 */  or      $a0, $s0, $zero            ## $a0 = 00000000
/* 01274 809A74F4 240538A1 */  addiu   $a1, $zero, 0x38A1         ## $a1 = 000038A1
/* 01278 809A74F8 31F8FFEE */  andi    $t8, $t7, 0xFFEE           ## $t8 = 00000000
/* 0127C 809A74FC A0580015 */  sb      $t8, 0x0015($v0)           ## 00000015
/* 01280 809A7500 8E02052C */  lw      $v0, 0x052C($s0)           ## 0000052C
/* 01284 809A7504 90590055 */  lbu     $t9, 0x0055($v0)           ## 00000055
/* 01288 809A7508 37280011 */  ori     $t0, $t9, 0x0011           ## $t0 = 00000011
/* 0128C 809A750C 0C02E3B2 */  jal     func_800B8EC8              
/* 01290 809A7510 A0480055 */  sb      $t0, 0x0055($v0)           ## 00000055
/* 01294 809A7514 3C0A809A */  lui     $t2, %hi(func_809A753C)    ## $t2 = 809A0000
/* 01298 809A7518 24090006 */  addiu   $t1, $zero, 0x0006         ## $t1 = 00000006
/* 0129C 809A751C 254A753C */  addiu   $t2, $t2, %lo(func_809A753C) ## $t2 = 809A753C
/* 012A0 809A7520 A6090358 */  sh      $t1, 0x0358($s0)           ## 00000358
/* 012A4 809A7524 AE0A02A8 */  sw      $t2, 0x02A8($s0)           ## 000002A8
/* 012A8 809A7528 8FBF0024 */  lw      $ra, 0x0024($sp)           
/* 012AC 809A752C 8FB00020 */  lw      $s0, 0x0020($sp)           
/* 012B0 809A7530 27BD0028 */  addiu   $sp, $sp, 0x0028           ## $sp = 00000000
/* 012B4 809A7534 03E00008 */  jr      $ra                        
/* 012B8 809A7538 00000000 */  nop


glabel func_809A753C
/* 012BC 809A753C 27BDFF88 */  addiu   $sp, $sp, 0xFF88           ## $sp = FFFFFF88
/* 012C0 809A7540 AFB20024 */  sw      $s2, 0x0024($sp)           
/* 012C4 809A7544 00809025 */  or      $s2, $a0, $zero            ## $s2 = 00000000
/* 012C8 809A7548 AFBF002C */  sw      $ra, 0x002C($sp)           
/* 012CC 809A754C AFB30028 */  sw      $s3, 0x0028($sp)           
/* 012D0 809A7550 AFB10020 */  sw      $s1, 0x0020($sp)           
/* 012D4 809A7554 AFB0001C */  sw      $s0, 0x001C($sp)           
/* 012D8 809A7558 AFA5007C */  sw      $a1, 0x007C($sp)           
/* 012DC 809A755C 8FAE007C */  lw      $t6, 0x007C($sp)           
/* 012E0 809A7560 00008025 */  or      $s0, $zero, $zero          ## $s0 = 00000000
/* 012E4 809A7564 265303C0 */  addiu   $s3, $s2, 0x03C0           ## $s3 = 000003C0
/* 012E8 809A7568 8DCF1CCC */  lw      $t7, 0x1CCC($t6)           ## 00001CCC
/* 012EC 809A756C 24110006 */  addiu   $s1, $zero, 0x0006         ## $s1 = 00000006
/* 012F0 809A7570 AFAF0074 */  sw      $t7, 0x0074($sp)           
/* 012F4 809A7574 C644015C */  lwc1    $f4, 0x015C($s2)           ## 0000015C
/* 012F8 809A7578 E7A40070 */  swc1    $f4, 0x0070($sp)           
/* 012FC 809A757C 02402025 */  or      $a0, $s2, $zero            ## $a0 = 00000000
.L809A7580:
/* 01300 809A7580 0C26A21C */  jal     func_809A8870              
/* 01304 809A7584 02602825 */  or      $a1, $s3, $zero            ## $a1 = 000003C0
/* 01308 809A7588 26100001 */  addiu   $s0, $s0, 0x0001           ## $s0 = 00000001
/* 0130C 809A758C 5611FFFC */  bnel    $s0, $s1, .L809A7580       
/* 01310 809A7590 02402025 */  or      $a0, $s2, $zero            ## $a0 = 00000000
/* 01314 809A7594 8FA4007C */  lw      $a0, 0x007C($sp)           
/* 01318 809A7598 8E4603C0 */  lw      $a2, 0x03C0($s2)           ## 000003C0
/* 0131C 809A759C 8E4703C8 */  lw      $a3, 0x03C8($s2)           ## 000003C8
/* 01320 809A75A0 265904F8 */  addiu   $t9, $s2, 0x04F8           ## $t9 = 000004F8
/* 01324 809A75A4 27A8004C */  addiu   $t0, $sp, 0x004C           ## $t0 = FFFFFFD4
/* 01328 809A75A8 AFA80014 */  sw      $t0, 0x0014($sp)           
/* 0132C 809A75AC AFB90010 */  sw      $t9, 0x0010($sp)           
/* 01330 809A75B0 0C03286B */  jal     func_800CA1AC              
/* 01334 809A75B4 24850830 */  addiu   $a1, $a0, 0x0830           ## $a1 = 00000830
/* 01338 809A75B8 5040003C */  beql    $v0, $zero, .L809A76AC     
/* 0133C 809A75BC 8659038C */  lh      $t9, 0x038C($s2)           ## 0000038C
/* 01340 809A75C0 C64603C4 */  lwc1    $f6, 0x03C4($s2)           ## 000003C4
/* 01344 809A75C4 C64804F8 */  lwc1    $f8, 0x04F8($s2)           ## 000004F8
/* 01348 809A75C8 4608303C */  c.lt.s  $f6, $f8                   
/* 0134C 809A75CC 00000000 */  nop
/* 01350 809A75D0 45020035 */  bc1fl   .L809A76A8                 
/* 01354 809A75D4 A6400356 */  sh      $zero, 0x0356($s2)         ## 00000356
/* 01358 809A75D8 86420356 */  lh      $v0, 0x0356($s2)           ## 00000356
/* 0135C 809A75DC 8FA9007C */  lw      $t1, 0x007C($sp)           
/* 01360 809A75E0 3C0A0002 */  lui     $t2, 0x0002                ## $t2 = 00020000
/* 01364 809A75E4 28410003 */  slti    $at, $v0, 0x0003           
/* 01368 809A75E8 14200004 */  bne     $at, $zero, .L809A75FC     
/* 0136C 809A75EC 01495021 */  addu    $t2, $t2, $t1              
/* 01370 809A75F0 8D4A8840 */  lw      $t2, -0x77C0($t2)          ## 00018840
/* 01374 809A75F4 314B0007 */  andi    $t3, $t2, 0x0007           ## $t3 = 00000000
/* 01378 809A75F8 1560002B */  bne     $t3, $zero, .L809A76A8     
.L809A75FC:
/* 0137C 809A75FC 27B00040 */  addiu   $s0, $sp, 0x0040           ## $s0 = FFFFFFC8
/* 01380 809A7600 244C0001 */  addiu   $t4, $v0, 0x0001           ## $t4 = 00000001
/* 01384 809A7604 A64C0356 */  sh      $t4, 0x0356($s2)           ## 00000356
/* 01388 809A7608 02002025 */  or      $a0, $s0, $zero            ## $a0 = FFFFFFC8
/* 0138C 809A760C 0C03FD43 */  jal     func_800FF50C              
/* 01390 809A7610 02602825 */  or      $a1, $s3, $zero            ## $a1 = 000003C0
/* 01394 809A7614 3C0141A0 */  lui     $at, 0x41A0                ## $at = 41A00000
/* 01398 809A7618 44816000 */  mtc1    $at, $f12                  ## $f12 = 20.00
/* 0139C 809A761C 0C05E570 */  jal     func_801795C0              
/* 013A0 809A7620 00000000 */  nop
/* 013A4 809A7624 C7AA0040 */  lwc1    $f10, 0x0040($sp)          
/* 013A8 809A7628 3C0141A0 */  lui     $at, 0x41A0                ## $at = 41A00000
/* 013AC 809A762C 44816000 */  mtc1    $at, $f12                  ## $f12 = 20.00
/* 013B0 809A7630 46005100 */  add.s   $f4, $f10, $f0             
/* 013B4 809A7634 0C05E570 */  jal     func_801795C0              
/* 013B8 809A7638 E7A40040 */  swc1    $f4, 0x0040($sp)           
/* 013BC 809A763C C7A60048 */  lwc1    $f6, 0x0048($sp)           
/* 013C0 809A7640 46003200 */  add.s   $f8, $f6, $f0              
/* 013C4 809A7644 0C021BF7 */  jal     func_80086FDC              
/* 013C8 809A7648 E7A80048 */  swc1    $f8, 0x0048($sp)           
/* 013CC 809A764C 4600028D */  trunc.w.s $f10, $f0                  
/* 013D0 809A7650 8FA4007C */  lw      $a0, 0x007C($sp)           
/* 013D4 809A7654 02002825 */  or      $a1, $s0, $zero            ## $a1 = FFFFFFC8
/* 013D8 809A7658 00003025 */  or      $a2, $zero, $zero          ## $a2 = 00000000
/* 013DC 809A765C 440E5000 */  mfc1    $t6, $f10                  
/* 013E0 809A7660 00003825 */  or      $a3, $zero, $zero          ## $a3 = 00000000
/* 013E4 809A7664 AFA00010 */  sw      $zero, 0x0010($sp)         
/* 013E8 809A7668 000E7880 */  sll     $t7, $t6,  2               
/* 013EC 809A766C 01EE7823 */  subu    $t7, $t7, $t6              
/* 013F0 809A7670 000F78C0 */  sll     $t7, $t7,  3               
/* 013F4 809A7674 01EE7821 */  addu    $t7, $t7, $t6              
/* 013F8 809A7678 000F7880 */  sll     $t7, $t7,  2               
/* 013FC 809A767C 25F80190 */  addiu   $t8, $t7, 0x0190           ## $t8 = 00000190
/* 01400 809A7680 0C02C7D3 */  jal     func_800B1F4C              
/* 01404 809A7684 AFB80014 */  sw      $t8, 0x0014($sp)           
/* 01408 809A7688 8FA4007C */  lw      $a0, 0x007C($sp)           
/* 0140C 809A768C 26450024 */  addiu   $a1, $s2, 0x0024           ## $a1 = 00000024
/* 01410 809A7690 24060032 */  addiu   $a2, $zero, 0x0032         ## $a2 = 00000032
/* 01414 809A7694 0C03C15A */  jal     func_800F0568              
/* 01418 809A7698 24072817 */  addiu   $a3, $zero, 0x2817         ## $a3 = 00002817
/* 0141C 809A769C 10000003 */  beq     $zero, $zero, .L809A76AC   
/* 01420 809A76A0 8659038C */  lh      $t9, 0x038C($s2)           ## 0000038C
/* 01424 809A76A4 A6400356 */  sh      $zero, 0x0356($s2)         ## 00000356
.L809A76A8:
/* 01428 809A76A8 8659038C */  lh      $t9, 0x038C($s2)           ## 0000038C
.L809A76AC:
/* 0142C 809A76AC 27280AF0 */  addiu   $t0, $t9, 0x0AF0           ## $t0 = 00000AF0
/* 01430 809A76B0 A648038C */  sh      $t0, 0x038C($s2)           ## 0000038C
/* 01434 809A76B4 0C03FB61 */  jal     func_800FED84              
/* 01438 809A76B8 8644038C */  lh      $a0, 0x038C($s2)           ## 0000038C
/* 0143C 809A76BC 8FA90074 */  lw      $t1, 0x0074($sp)           
/* 01440 809A76C0 3C014270 */  lui     $at, 0x4270                ## $at = 42700000
/* 01444 809A76C4 44813000 */  mtc1    $at, $f6                   ## $f6 = 60.00
/* 01448 809A76C8 C5240028 */  lwc1    $f4, 0x0028($t1)           ## 00000028
/* 0144C 809A76CC 3C014120 */  lui     $at, 0x4120                ## $at = 41200000
/* 01450 809A76D0 44815000 */  mtc1    $at, $f10                  ## $f10 = 10.00
/* 01454 809A76D4 46062200 */  add.s   $f8, $f4, $f6              
/* 01458 809A76D8 8E42052C */  lw      $v0, 0x052C($s2)           ## 0000052C
/* 0145C 809A76DC 460A0102 */  mul.s   $f4, $f0, $f10             
/* 01460 809A76E0 3C063DCC */  lui     $a2, 0x3DCC                ## $a2 = 3DCC0000
/* 01464 809A76E4 34C6CCCD */  ori     $a2, $a2, 0xCCCD           ## $a2 = 3DCCCCCD
/* 01468 809A76E8 26440028 */  addiu   $a0, $s2, 0x0028           ## $a0 = 00000028
/* 0146C 809A76EC 46082180 */  add.s   $f6, $f4, $f8              
/* 01470 809A76F0 E64603B8 */  swc1    $f6, 0x03B8($s2)           ## 000003B8
/* 01474 809A76F4 844C0052 */  lh      $t4, 0x0052($v0)           ## 00000052
/* 01478 809A76F8 844A004E */  lh      $t2, 0x004E($v0)           ## 0000004E
/* 0147C 809A76FC 844B0050 */  lh      $t3, 0x0050($v0)           ## 00000050
/* 01480 809A7700 448C4000 */  mtc1    $t4, $f8                   ## $f8 = 0.00
/* 01484 809A7704 448A5000 */  mtc1    $t2, $f10                  ## $f10 = 0.00
/* 01488 809A7708 8FAD0074 */  lw      $t5, 0x0074($sp)           
/* 0148C 809A770C 468041A0 */  cvt.s.w $f6, $f8                   
/* 01490 809A7710 448B2000 */  mtc1    $t3, $f4                   ## $f4 = 0.00
/* 01494 809A7714 46805420 */  cvt.s.w $f16, $f10                 
/* 01498 809A7718 E7A6006C */  swc1    $f6, 0x006C($sp)           
/* 0149C 809A771C C5AA0024 */  lwc1    $f10, 0x0024($t5)          ## 00000024
/* 014A0 809A7720 C7A8006C */  lwc1    $f8, 0x006C($sp)           
/* 014A4 809A7724 C5A6002C */  lwc1    $f6, 0x002C($t5)           ## 0000002C
/* 014A8 809A7728 468024A0 */  cvt.s.w $f18, $f4                  
/* 014AC 809A772C C5A40028 */  lwc1    $f4, 0x0028($t5)           ## 00000028
/* 014B0 809A7730 924E0520 */  lbu     $t6, 0x0520($s2)           ## 00000520
/* 014B4 809A7734 460A8081 */  sub.s   $f2, $f16, $f10            
/* 014B8 809A7738 31CF0004 */  andi    $t7, $t6, 0x0004           ## $t7 = 00000000
/* 014BC 809A773C 46049301 */  sub.s   $f12, $f18, $f4            
/* 014C0 809A7740 46021282 */  mul.s   $f10, $f2, $f2             
/* 014C4 809A7744 46064381 */  sub.s   $f14, $f8, $f6             
/* 014C8 809A7748 460C6102 */  mul.s   $f4, $f12, $f12            
/* 014CC 809A774C 46045200 */  add.s   $f8, $f10, $f4             
/* 014D0 809A7750 460E7182 */  mul.s   $f6, $f14, $f14            
/* 014D4 809A7754 46064000 */  add.s   $f0, $f8, $f6              
/* 014D8 809A7758 15E00018 */  bne     $t7, $zero, .L809A77BC     
/* 014DC 809A775C 46000004 */  sqrt.s  $f0, $f0                   
/* 014E0 809A7760 8DB80A6C */  lw      $t8, 0x0A6C($t5)           ## 00000A6C
/* 014E4 809A7764 3C014270 */  lui     $at, 0x4270                ## $at = 42700000
/* 014E8 809A7768 0018CA40 */  sll     $t9, $t8,  9               
/* 014EC 809A776C 07230017 */  bgezl   $t9, .L809A77CC            
/* 014F0 809A7770 8E4503B8 */  lw      $a1, 0x03B8($s2)           ## 000003B8
/* 014F4 809A7774 44815000 */  mtc1    $at, $f10                  ## $f10 = 60.00
/* 014F8 809A7778 00000000 */  nop
/* 014FC 809A777C 460A003E */  c.le.s  $f0, $f10                  
/* 01500 809A7780 00000000 */  nop
/* 01504 809A7784 45020011 */  bc1fl   .L809A77CC                 
/* 01508 809A7788 8E4503B8 */  lw      $a1, 0x03B8($s2)           ## 000003B8
/* 0150C 809A778C 85A800BE */  lh      $t0, 0x00BE($t5)           ## 000000BE
/* 01510 809A7790 864900BE */  lh      $t1, 0x00BE($s2)           ## 000000BE
/* 01514 809A7794 34018000 */  ori     $at, $zero, 0x8000         ## $at = 00008000
/* 01518 809A7798 01091823 */  subu    $v1, $t0, $t1              
/* 0151C 809A779C 00611821 */  addu    $v1, $v1, $at              
/* 01520 809A77A0 00031C00 */  sll     $v1, $v1, 16               
/* 01524 809A77A4 00031C03 */  sra     $v1, $v1, 16               
/* 01528 809A77A8 28612000 */  slti    $at, $v1, 0x2000           
/* 0152C 809A77AC 10200006 */  beq     $at, $zero, .L809A77C8     
/* 01530 809A77B0 2861E001 */  slti    $at, $v1, 0xE001           
/* 01534 809A77B4 54200005 */  bnel    $at, $zero, .L809A77CC     
/* 01538 809A77B8 8E4503B8 */  lw      $a1, 0x03B8($s2)           ## 000003B8
.L809A77BC:
/* 0153C 809A77BC 904A0055 */  lbu     $t2, 0x0055($v0)           ## 00000055
/* 01540 809A77C0 314BFFEE */  andi    $t3, $t2, 0xFFEE           ## $t3 = 00000000
/* 01544 809A77C4 A04B0055 */  sb      $t3, 0x0055($v0)           ## 00000055
.L809A77C8:
/* 01548 809A77C8 8E4503B8 */  lw      $a1, 0x03B8($s2)           ## 000003B8
.L809A77CC:
/* 0154C 809A77CC 0C03FF7E */  jal     func_800FFDF8              
/* 01550 809A77D0 8E47036C */  lw      $a3, 0x036C($s2)           ## 0000036C
/* 01554 809A77D4 3C063DCC */  lui     $a2, 0x3DCC                ## $a2 = 3DCC0000
/* 01558 809A77D8 34C6CCCD */  ori     $a2, $a2, 0xCCCD           ## $a2 = 3DCCCCCD
/* 0155C 809A77DC 2644036C */  addiu   $a0, $s2, 0x036C           ## $a0 = 0000036C
/* 01560 809A77E0 3C054120 */  lui     $a1, 0x4120                ## $a1 = 41200000
/* 01564 809A77E4 0C03FF7E */  jal     func_800FFDF8              
/* 01568 809A77E8 3C073F80 */  lui     $a3, 0x3F80                ## $a3 = 3F800000
/* 0156C 809A77EC 86450092 */  lh      $a1, 0x0092($s2)           ## 00000092
/* 01570 809A77F0 240C000A */  addiu   $t4, $zero, 0x000A         ## $t4 = 0000000A
/* 01574 809A77F4 AFAC0010 */  sw      $t4, 0x0010($sp)           
/* 01578 809A77F8 26440032 */  addiu   $a0, $s2, 0x0032           ## $a0 = 00000032
/* 0157C 809A77FC 2406000A */  addiu   $a2, $zero, 0x000A         ## $a2 = 0000000A
/* 01580 809A7800 0C03FFAF */  jal     func_800FFEBC              
/* 01584 809A7804 24070FA0 */  addiu   $a3, $zero, 0x0FA0         ## $a3 = 00000FA0
/* 01588 809A7808 C7A40070 */  lwc1    $f4, 0x0070($sp)           
/* 0158C 809A780C C6480368 */  lwc1    $f8, 0x0368($s2)           ## 00000368
/* 01590 809A7810 4604403E */  c.le.s  $f8, $f4                   
/* 01594 809A7814 00000000 */  nop
/* 01598 809A7818 45020004 */  bc1fl   .L809A782C                 
/* 0159C 809A781C 8FBF002C */  lw      $ra, 0x002C($sp)           
/* 015A0 809A7820 0C269E11 */  jal     func_809A7844              
/* 015A4 809A7824 02402025 */  or      $a0, $s2, $zero            ## $a0 = 00000000
/* 015A8 809A7828 8FBF002C */  lw      $ra, 0x002C($sp)           
.L809A782C:
/* 015AC 809A782C 8FB0001C */  lw      $s0, 0x001C($sp)           
/* 015B0 809A7830 8FB10020 */  lw      $s1, 0x0020($sp)           
/* 015B4 809A7834 8FB20024 */  lw      $s2, 0x0024($sp)           
/* 015B8 809A7838 8FB30028 */  lw      $s3, 0x0028($sp)           
/* 015BC 809A783C 03E00008 */  jr      $ra                        
/* 015C0 809A7840 27BD0078 */  addiu   $sp, $sp, 0x0078           ## $sp = 00000000


glabel func_809A7844
/* 015C4 809A7844 27BDFFE0 */  addiu   $sp, $sp, 0xFFE0           ## $sp = FFFFFFE0
/* 015C8 809A7848 AFB00018 */  sw      $s0, 0x0018($sp)           
/* 015CC 809A784C 00808025 */  or      $s0, $a0, $zero            ## $s0 = 00000000
/* 015D0 809A7850 AFBF001C */  sw      $ra, 0x001C($sp)           
/* 015D4 809A7854 02002025 */  or      $a0, $s0, $zero            ## $a0 = 00000000
/* 015D8 809A7858 0C269949 */  jal     func_809A6524              
/* 015DC 809A785C 24050004 */  addiu   $a1, $zero, 0x0004         ## $a1 = 00000004
/* 015E0 809A7860 860E038C */  lh      $t6, 0x038C($s0)           ## 0000038C
/* 015E4 809A7864 25CF0AF0 */  addiu   $t7, $t6, 0x0AF0           ## $t7 = 00000AF0
/* 015E8 809A7868 A60F038C */  sh      $t7, 0x038C($s0)           ## 0000038C
/* 015EC 809A786C 0C03FB61 */  jal     func_800FED84              
/* 015F0 809A7870 8604038C */  lh      $a0, 0x038C($s0)           ## 0000038C
/* 015F4 809A7874 3C014120 */  lui     $at, 0x4120                ## $at = 41200000
/* 015F8 809A7878 44816000 */  mtc1    $at, $f12                  ## $f12 = 10.00
/* 015FC 809A787C C6060370 */  lwc1    $f6, 0x0370($s0)           ## 00000370
/* 01600 809A7880 3C063DCC */  lui     $a2, 0x3DCC                ## $a2 = 3DCC0000
/* 01604 809A7884 460C0102 */  mul.s   $f4, $f0, $f12             
/* 01608 809A7888 44076000 */  mfc1    $a3, $f12                  
/* 0160C 809A788C 34C6CCCD */  ori     $a2, $a2, 0xCCCD           ## $a2 = 3DCCCCCD
/* 01610 809A7890 26040028 */  addiu   $a0, $s0, 0x0028           ## $a0 = 00000028
/* 01614 809A7894 46062080 */  add.s   $f2, $f4, $f6              
/* 01618 809A7898 44051000 */  mfc1    $a1, $f2                   
/* 0161C 809A789C 0C03FF7E */  jal     func_800FFDF8              
/* 01620 809A78A0 E6020374 */  swc1    $f2, 0x0374($s0)           ## 00000374
/* 01624 809A78A4 44804000 */  mtc1    $zero, $f8                 ## $f8 = 0.00
/* 01628 809A78A8 8E02052C */  lw      $v0, 0x052C($s0)           ## 0000052C
/* 0162C 809A78AC 24180007 */  addiu   $t8, $zero, 0x0007         ## $t8 = 00000007
/* 01630 809A78B0 24190014 */  addiu   $t9, $zero, 0x0014         ## $t9 = 00000014
/* 01634 809A78B4 A6180358 */  sh      $t8, 0x0358($s0)           ## 00000358
/* 01638 809A78B8 A61902B2 */  sh      $t9, 0x02B2($s0)           ## 000002B2
/* 0163C 809A78BC E6080070 */  swc1    $f8, 0x0070($s0)           ## 00000070
/* 01640 809A78C0 90480055 */  lbu     $t0, 0x0055($v0)           ## 00000055
/* 01644 809A78C4 3C0A809A */  lui     $t2, %hi(func_809A78EC)    ## $t2 = 809A0000
/* 01648 809A78C8 254A78EC */  addiu   $t2, $t2, %lo(func_809A78EC) ## $t2 = 809A78EC
/* 0164C 809A78CC 3109FFEE */  andi    $t1, $t0, 0xFFEE           ## $t1 = 00000000
/* 01650 809A78D0 A0490055 */  sb      $t1, 0x0055($v0)           ## 00000055
/* 01654 809A78D4 AE0A02A8 */  sw      $t2, 0x02A8($s0)           ## 000002A8
/* 01658 809A78D8 8FBF001C */  lw      $ra, 0x001C($sp)           
/* 0165C 809A78DC 8FB00018 */  lw      $s0, 0x0018($sp)           
/* 01660 809A78E0 27BD0020 */  addiu   $sp, $sp, 0x0020           ## $sp = 00000000
/* 01664 809A78E4 03E00008 */  jr      $ra                        
/* 01668 809A78E8 00000000 */  nop


glabel func_809A78EC
/* 0166C 809A78EC 27BDFFE0 */  addiu   $sp, $sp, 0xFFE0           ## $sp = FFFFFFE0
/* 01670 809A78F0 AFB00018 */  sw      $s0, 0x0018($sp)           
/* 01674 809A78F4 00808025 */  or      $s0, $a0, $zero            ## $s0 = 00000000
/* 01678 809A78F8 AFBF001C */  sw      $ra, 0x001C($sp)           
/* 0167C 809A78FC AFA50024 */  sw      $a1, 0x0024($sp)           
/* 01680 809A7900 860E038C */  lh      $t6, 0x038C($s0)           ## 0000038C
/* 01684 809A7904 25CF0AF0 */  addiu   $t7, $t6, 0x0AF0           ## $t7 = 00000AF0
/* 01688 809A7908 A60F038C */  sh      $t7, 0x038C($s0)           ## 0000038C
/* 0168C 809A790C 0C03FB61 */  jal     func_800FED84              
/* 01690 809A7910 8604038C */  lh      $a0, 0x038C($s0)           ## 0000038C
/* 01694 809A7914 3C014120 */  lui     $at, 0x4120                ## $at = 41200000
/* 01698 809A7918 44816000 */  mtc1    $at, $f12                  ## $f12 = 10.00
/* 0169C 809A791C C6060370 */  lwc1    $f6, 0x0370($s0)           ## 00000370
/* 016A0 809A7920 3C063DCC */  lui     $a2, 0x3DCC                ## $a2 = 3DCC0000
/* 016A4 809A7924 460C0102 */  mul.s   $f4, $f0, $f12             
/* 016A8 809A7928 44076000 */  mfc1    $a3, $f12                  
/* 016AC 809A792C 34C6CCCD */  ori     $a2, $a2, 0xCCCD           ## $a2 = 3DCCCCCD
/* 016B0 809A7930 26040028 */  addiu   $a0, $s0, 0x0028           ## $a0 = 00000028
/* 016B4 809A7934 46062080 */  add.s   $f2, $f4, $f6              
/* 016B8 809A7938 44051000 */  mfc1    $a1, $f2                   
/* 016BC 809A793C 0C03FF7E */  jal     func_800FFDF8              
/* 016C0 809A7940 E6020374 */  swc1    $f2, 0x0374($s0)           ## 00000374
/* 016C4 809A7944 861802B2 */  lh      $t8, 0x02B2($s0)           ## 000002B2
/* 016C8 809A7948 57000008 */  bnel    $t8, $zero, .L809A796C     
/* 016CC 809A794C 8FBF001C */  lw      $ra, 0x001C($sp)           
/* 016D0 809A7950 8E02052C */  lw      $v0, 0x052C($s0)           ## 0000052C
/* 016D4 809A7954 02002025 */  or      $a0, $s0, $zero            ## $a0 = 00000000
/* 016D8 809A7958 90590015 */  lbu     $t9, 0x0015($v0)           ## 00000015
/* 016DC 809A795C 37280011 */  ori     $t0, $t9, 0x0011           ## $t0 = 00000011
/* 016E0 809A7960 0C269976 */  jal     func_809A65D8              
/* 016E4 809A7964 A0480015 */  sb      $t0, 0x0015($v0)           ## 00000015
/* 016E8 809A7968 8FBF001C */  lw      $ra, 0x001C($sp)           
.L809A796C:
/* 016EC 809A796C 8FB00018 */  lw      $s0, 0x0018($sp)           
/* 016F0 809A7970 27BD0020 */  addiu   $sp, $sp, 0x0020           ## $sp = 00000000
/* 016F4 809A7974 03E00008 */  jr      $ra                        
/* 016F8 809A7978 00000000 */  nop


glabel func_809A797C
/* 016FC 809A797C 27BDFFC0 */  addiu   $sp, $sp, 0xFFC0           ## $sp = FFFFFFC0
/* 01700 809A7980 AFB00028 */  sw      $s0, 0x0028($sp)           
/* 01704 809A7984 00808025 */  or      $s0, $a0, $zero            ## $s0 = 00000000
/* 01708 809A7988 AFBF002C */  sw      $ra, 0x002C($sp)           
/* 0170C 809A798C AFA50044 */  sw      $a1, 0x0044($sp)           
/* 01710 809A7990 02002025 */  or      $a0, $s0, $zero            ## $a0 = 00000000
/* 01714 809A7994 0C269949 */  jal     func_809A6524              
/* 01718 809A7998 24050005 */  addiu   $a1, $zero, 0x0005         ## $a1 = 00000005
/* 0171C 809A799C 44800000 */  mtc1    $zero, $f0                 ## $f0 = 0.00
/* 01720 809A79A0 8E0E0004 */  lw      $t6, 0x0004($s0)           ## 00000004
/* 01724 809A79A4 8E02052C */  lw      $v0, 0x052C($s0)           ## 0000052C
/* 01728 809A79A8 E6000070 */  swc1    $f0, 0x0070($s0)           ## 00000070
/* 0172C 809A79AC 35CF0001 */  ori     $t7, $t6, 0x0001           ## $t7 = 00000001
/* 01730 809A79B0 AE0F0004 */  sw      $t7, 0x0004($s0)           ## 00000004
/* 01734 809A79B4 E600036C */  swc1    $f0, 0x036C($s0)           ## 0000036C
/* 01738 809A79B8 90580055 */  lbu     $t8, 0x0055($v0)           ## 00000055
/* 0173C 809A79BC 00002825 */  or      $a1, $zero, $zero          ## $a1 = 00000000
/* 01740 809A79C0 3319FFEE */  andi    $t9, $t8, 0xFFEE           ## $t9 = 00000000
/* 01744 809A79C4 A0590055 */  sb      $t9, 0x0055($v0)           ## 00000055
/* 01748 809A79C8 0C06026B */  jal     func_801809AC              
/* 0174C 809A79CC 86040092 */  lh      $a0, 0x0092($s0)           ## 00000092
/* 01750 809A79D0 3C01C1A0 */  lui     $at, 0xC1A0                ## $at = C1A00000
/* 01754 809A79D4 44816000 */  mtc1    $at, $f12                  ## $f12 = -20.00
/* 01758 809A79D8 0C060704 */  jal     func_80181C10              
/* 0175C 809A79DC 27A50034 */  addiu   $a1, $sp, 0x0034           ## $a1 = FFFFFFF4
/* 01760 809A79E0 260404FC */  addiu   $a0, $s0, 0x04FC           ## $a0 = 000004FC
/* 01764 809A79E4 0C03FD43 */  jal     func_800FF50C              
/* 01768 809A79E8 27A50034 */  addiu   $a1, $sp, 0x0034           ## $a1 = FFFFFFF4
/* 0176C 809A79EC 860202B8 */  lh      $v0, 0x02B8($s0)           ## 000002B8
/* 01770 809A79F0 2401000B */  addiu   $at, $zero, 0x000B         ## $at = 0000000B
/* 01774 809A79F4 10410003 */  beq     $v0, $at, .L809A7A04       
/* 01778 809A79F8 2401000A */  addiu   $at, $zero, 0x000A         ## $at = 0000000A
/* 0177C 809A79FC 54410013 */  bnel    $v0, $at, .L809A7A4C       
/* 01780 809A7A00 240A0008 */  addiu   $t2, $zero, 0x0008         ## $t2 = 00000008
.L809A7A04:
/* 01784 809A7A04 860802B6 */  lh      $t0, 0x02B6($s0)           ## 000002B6
/* 01788 809A7A08 8FA40044 */  lw      $a0, 0x0044($sp)           
/* 0178C 809A7A0C 02002825 */  or      $a1, $s0, $zero            ## $a1 = 00000000
/* 01790 809A7A10 1100000D */  beq     $t0, $zero, .L809A7A48     
/* 01794 809A7A14 260602C4 */  addiu   $a2, $s0, 0x02C4           ## $a2 = 000002C4
/* 01798 809A7A18 3C01809B */  lui     $at, %hi(D_809A8E6C)       ## $at = 809B0000
/* 0179C 809A7A1C C4248E6C */  lwc1    $f4, %lo(D_809A8E6C)($at)  
/* 017A0 809A7A20 3C01809B */  lui     $at, %hi(D_809A8E70)       ## $at = 809B0000
/* 017A4 809A7A24 C4268E70 */  lwc1    $f6, %lo(D_809A8E70)($at)  
/* 017A8 809A7A28 24090002 */  addiu   $t1, $zero, 0x0002         ## $t1 = 00000002
/* 017AC 809A7A2C AFA90010 */  sw      $t1, 0x0010($sp)           
/* 017B0 809A7A30 2407000C */  addiu   $a3, $zero, 0x000C         ## $a3 = 0000000C
/* 017B4 809A7A34 E7A40014 */  swc1    $f4, 0x0014($sp)           
/* 017B8 809A7A38 0C02FDF3 */  jal     func_800BF7CC              
/* 017BC 809A7A3C E7A60018 */  swc1    $f6, 0x0018($sp)           
/* 017C0 809A7A40 A60002B6 */  sh      $zero, 0x02B6($s0)         ## 000002B6
/* 017C4 809A7A44 A60002B8 */  sh      $zero, 0x02B8($s0)         ## 000002B8
.L809A7A48:
/* 017C8 809A7A48 240A0008 */  addiu   $t2, $zero, 0x0008         ## $t2 = 00000008
.L809A7A4C:
/* 017CC 809A7A4C AFAA0010 */  sw      $t2, 0x0010($sp)           
/* 017D0 809A7A50 02002025 */  or      $a0, $s0, $zero            ## $a0 = 00000000
/* 017D4 809A7A54 24054000 */  addiu   $a1, $zero, 0x4000         ## $a1 = 00004000
/* 017D8 809A7A58 240600FF */  addiu   $a2, $zero, 0x00FF         ## $a2 = 000000FF
/* 017DC 809A7A5C 0C02F2DC */  jal     func_800BCB70              
/* 017E0 809A7A60 00003825 */  or      $a3, $zero, $zero          ## $a3 = 00000000
/* 017E4 809A7A64 3C0C809A */  lui     $t4, %hi(func_809A7A8C)    ## $t4 = 809A0000
/* 017E8 809A7A68 240B0008 */  addiu   $t3, $zero, 0x0008         ## $t3 = 00000008
/* 017EC 809A7A6C 258C7A8C */  addiu   $t4, $t4, %lo(func_809A7A8C) ## $t4 = 809A7A8C
/* 017F0 809A7A70 A60B0358 */  sh      $t3, 0x0358($s0)           ## 00000358
/* 017F4 809A7A74 AE0C02A8 */  sw      $t4, 0x02A8($s0)           ## 000002A8
/* 017F8 809A7A78 8FBF002C */  lw      $ra, 0x002C($sp)           
/* 017FC 809A7A7C 8FB00028 */  lw      $s0, 0x0028($sp)           
/* 01800 809A7A80 27BD0040 */  addiu   $sp, $sp, 0x0040           ## $sp = 00000000
/* 01804 809A7A84 03E00008 */  jr      $ra                        
/* 01808 809A7A88 00000000 */  nop


glabel func_809A7A8C
/* 0180C 809A7A8C 27BDFFE0 */  addiu   $sp, $sp, 0xFFE0           ## $sp = FFFFFFE0
/* 01810 809A7A90 AFBF001C */  sw      $ra, 0x001C($sp)           
/* 01814 809A7A94 AFA40020 */  sw      $a0, 0x0020($sp)           
/* 01818 809A7A98 AFA50024 */  sw      $a1, 0x0024($sp)           
/* 0181C 809A7A9C 8FA40020 */  lw      $a0, 0x0020($sp)           
/* 01820 809A7AA0 240E0005 */  addiu   $t6, $zero, 0x0005         ## $t6 = 00000005
/* 01824 809A7AA4 AFAE0010 */  sw      $t6, 0x0010($sp)           
/* 01828 809A7AA8 00002825 */  or      $a1, $zero, $zero          ## $a1 = 00000000
/* 0182C 809A7AAC 24060005 */  addiu   $a2, $zero, 0x0005         ## $a2 = 00000005
/* 01830 809A7AB0 240703E8 */  addiu   $a3, $zero, 0x03E8         ## $a3 = 000003E8
/* 01834 809A7AB4 0C03FFAF */  jal     func_800FFEBC              
/* 01838 809A7AB8 24840034 */  addiu   $a0, $a0, 0x0034           ## $a0 = 00000034
/* 0183C 809A7ABC 8FA40020 */  lw      $a0, 0x0020($sp)           
/* 01840 809A7AC0 908F011C */  lbu     $t7, 0x011C($a0)           ## 0000011C
/* 01844 809A7AC4 55E00004 */  bnel    $t7, $zero, .L809A7AD8     
/* 01848 809A7AC8 8FBF001C */  lw      $ra, 0x001C($sp)           
/* 0184C 809A7ACC 0C269976 */  jal     func_809A65D8              
/* 01850 809A7AD0 00000000 */  nop
/* 01854 809A7AD4 8FBF001C */  lw      $ra, 0x001C($sp)           
.L809A7AD8:
/* 01858 809A7AD8 27BD0020 */  addiu   $sp, $sp, 0x0020           ## $sp = 00000000
/* 0185C 809A7ADC 03E00008 */  jr      $ra                        
/* 01860 809A7AE0 00000000 */  nop


glabel func_809A7AE4
/* 01864 809A7AE4 27BDFFD8 */  addiu   $sp, $sp, 0xFFD8           ## $sp = FFFFFFD8
/* 01868 809A7AE8 AFB00020 */  sw      $s0, 0x0020($sp)           
/* 0186C 809A7AEC 00808025 */  or      $s0, $a0, $zero            ## $s0 = 00000000
/* 01870 809A7AF0 AFBF0024 */  sw      $ra, 0x0024($sp)           
/* 01874 809A7AF4 AFA5002C */  sw      $a1, 0x002C($sp)           
/* 01878 809A7AF8 02002025 */  or      $a0, $s0, $zero            ## $a0 = 00000000
/* 0187C 809A7AFC 0C269949 */  jal     func_809A6524              
/* 01880 809A7B00 24050006 */  addiu   $a1, $zero, 0x0006         ## $a1 = 00000006
/* 01884 809A7B04 8E0E0004 */  lw      $t6, 0x0004($s0)           ## 00000004
/* 01888 809A7B08 3C010800 */  lui     $at, 0x0800                ## $at = 08000000
/* 0188C 809A7B0C 44800000 */  mtc1    $zero, $f0                 ## $f0 = 0.00
/* 01890 809A7B10 01C17825 */  or      $t7, $t6, $at              ## $t7 = 08000000
/* 01894 809A7B14 3C0140A0 */  lui     $at, 0x40A0                ## $at = 40A00000
/* 01898 809A7B18 44812000 */  mtc1    $at, $f4                   ## $f4 = 5.00
/* 0189C 809A7B1C 3C01BF00 */  lui     $at, 0xBF00                ## $at = BF000000
/* 018A0 809A7B20 44813000 */  mtc1    $at, $f6                   ## $f6 = -0.50
/* 018A4 809A7B24 860202B8 */  lh      $v0, 0x02B8($s0)           ## 000002B8
/* 018A8 809A7B28 2401000B */  addiu   $at, $zero, 0x000B         ## $at = 0000000B
/* 018AC 809A7B2C AE0F0004 */  sw      $t7, 0x0004($s0)           ## 00000004
/* 018B0 809A7B30 E6000070 */  swc1    $f0, 0x0070($s0)           ## 00000070
/* 018B4 809A7B34 E600036C */  swc1    $f0, 0x036C($s0)           ## 0000036C
/* 018B8 809A7B38 E6040068 */  swc1    $f4, 0x0068($s0)           ## 00000068
/* 018BC 809A7B3C 10410004 */  beq     $v0, $at, .L809A7B50       
/* 018C0 809A7B40 E6060074 */  swc1    $f6, 0x0074($s0)           ## 00000074
/* 018C4 809A7B44 2401000A */  addiu   $at, $zero, 0x000A         ## $at = 0000000A
/* 018C8 809A7B48 54410006 */  bnel    $v0, $at, .L809A7B64       
/* 018CC 809A7B4C 24190019 */  addiu   $t9, $zero, 0x0019         ## $t9 = 00000019
.L809A7B50:
/* 018D0 809A7B50 861802B6 */  lh      $t8, 0x02B6($s0)           ## 000002B6
/* 018D4 809A7B54 57000003 */  bnel    $t8, $zero, .L809A7B64     
/* 018D8 809A7B58 24190019 */  addiu   $t9, $zero, 0x0019         ## $t9 = 00000019
/* 018DC 809A7B5C A60002B8 */  sh      $zero, 0x02B8($s0)         ## 000002B8
/* 018E0 809A7B60 24190019 */  addiu   $t9, $zero, 0x0019         ## $t9 = 00000019
.L809A7B64:
/* 018E4 809A7B64 AFB90010 */  sw      $t9, 0x0010($sp)           
/* 018E8 809A7B68 02002025 */  or      $a0, $s0, $zero            ## $a0 = 00000000
/* 018EC 809A7B6C 24054000 */  addiu   $a1, $zero, 0x4000         ## $a1 = 00004000
/* 018F0 809A7B70 240600FF */  addiu   $a2, $zero, 0x00FF         ## $a2 = 000000FF
/* 018F4 809A7B74 0C02F2DC */  jal     func_800BCB70              
/* 018F8 809A7B78 00003825 */  or      $a3, $zero, $zero          ## $a3 = 00000000
/* 018FC 809A7B7C 8FA4002C */  lw      $a0, 0x002C($sp)           
/* 01900 809A7B80 0C02EEA2 */  jal     func_800BBA88              
/* 01904 809A7B84 02002825 */  or      $a1, $s0, $zero            ## $a1 = 00000000
/* 01908 809A7B88 02002025 */  or      $a0, $s0, $zero            ## $a0 = 00000000
/* 0190C 809A7B8C 0C02E3B2 */  jal     func_800B8EC8              
/* 01910 809A7B90 240538A3 */  addiu   $a1, $zero, 0x38A3         ## $a1 = 000038A3
/* 01914 809A7B94 3C09809A */  lui     $t1, %hi(func_809A7BBC)    ## $t1 = 809A0000
/* 01918 809A7B98 24080009 */  addiu   $t0, $zero, 0x0009         ## $t0 = 00000009
/* 0191C 809A7B9C 25297BBC */  addiu   $t1, $t1, %lo(func_809A7BBC) ## $t1 = 809A7BBC
/* 01920 809A7BA0 A6080358 */  sh      $t0, 0x0358($s0)           ## 00000358
/* 01924 809A7BA4 AE0902A8 */  sw      $t1, 0x02A8($s0)           ## 000002A8
/* 01928 809A7BA8 8FBF0024 */  lw      $ra, 0x0024($sp)           
/* 0192C 809A7BAC 8FB00020 */  lw      $s0, 0x0020($sp)           
/* 01930 809A7BB0 27BD0028 */  addiu   $sp, $sp, 0x0028           ## $sp = 00000000
/* 01934 809A7BB4 03E00008 */  jr      $ra                        
/* 01938 809A7BB8 00000000 */  nop


glabel func_809A7BBC
/* 0193C 809A7BBC 27BDFFC8 */  addiu   $sp, $sp, 0xFFC8           ## $sp = FFFFFFC8
/* 01940 809A7BC0 AFB00028 */  sw      $s0, 0x0028($sp)           
/* 01944 809A7BC4 00808025 */  or      $s0, $a0, $zero            ## $s0 = 00000000
/* 01948 809A7BC8 AFBF002C */  sw      $ra, 0x002C($sp)           
/* 0194C 809A7BCC AFA5003C */  sw      $a1, 0x003C($sp)           
/* 01950 809A7BD0 C604015C */  lwc1    $f4, 0x015C($s0)           ## 0000015C
/* 01954 809A7BD4 240E0005 */  addiu   $t6, $zero, 0x0005         ## $t6 = 00000005
/* 01958 809A7BD8 AFAE0010 */  sw      $t6, 0x0010($sp)           
/* 0195C 809A7BDC 26040034 */  addiu   $a0, $s0, 0x0034           ## $a0 = 00000034
/* 01960 809A7BE0 00002825 */  or      $a1, $zero, $zero          ## $a1 = 00000000
/* 01964 809A7BE4 24060005 */  addiu   $a2, $zero, 0x0005         ## $a2 = 00000005
/* 01968 809A7BE8 240703E8 */  addiu   $a3, $zero, 0x03E8         ## $a3 = 000003E8
/* 0196C 809A7BEC 0C03FFAF */  jal     func_800FFEBC              
/* 01970 809A7BF0 E7A40034 */  swc1    $f4, 0x0034($sp)           
/* 01974 809A7BF4 860202B8 */  lh      $v0, 0x02B8($s0)           ## 000002B8
/* 01978 809A7BF8 2401000B */  addiu   $at, $zero, 0x000B         ## $at = 0000000B
/* 0197C 809A7BFC 10410003 */  beq     $v0, $at, .L809A7C0C       
/* 01980 809A7C00 2401000A */  addiu   $at, $zero, 0x000A         ## $at = 0000000A
/* 01984 809A7C04 54410014 */  bnel    $v0, $at, .L809A7C58       
/* 01988 809A7C08 C7AA0034 */  lwc1    $f10, 0x0034($sp)          
.L809A7C0C:
/* 0198C 809A7C0C 860F02B6 */  lh      $t7, 0x02B6($s0)           ## 000002B6
/* 01990 809A7C10 8FA4003C */  lw      $a0, 0x003C($sp)           
/* 01994 809A7C14 02002825 */  or      $a1, $s0, $zero            ## $a1 = 00000000
/* 01998 809A7C18 29E10002 */  slti    $at, $t7, 0x0002           
/* 0199C 809A7C1C 1020000D */  beq     $at, $zero, .L809A7C54     
/* 019A0 809A7C20 260602C4 */  addiu   $a2, $s0, 0x02C4           ## $a2 = 000002C4
/* 019A4 809A7C24 3C01809B */  lui     $at, %hi(D_809A8E74)       ## $at = 809B0000
/* 019A8 809A7C28 C4268E74 */  lwc1    $f6, %lo(D_809A8E74)($at)  
/* 019AC 809A7C2C 3C01809B */  lui     $at, %hi(D_809A8E78)       ## $at = 809B0000
/* 019B0 809A7C30 C4288E78 */  lwc1    $f8, %lo(D_809A8E78)($at)  
/* 019B4 809A7C34 24180002 */  addiu   $t8, $zero, 0x0002         ## $t8 = 00000002
/* 019B8 809A7C38 AFB80010 */  sw      $t8, 0x0010($sp)           
/* 019BC 809A7C3C 2407000C */  addiu   $a3, $zero, 0x000C         ## $a3 = 0000000C
/* 019C0 809A7C40 E7A60014 */  swc1    $f6, 0x0014($sp)           
/* 019C4 809A7C44 0C02FDF3 */  jal     func_800BF7CC              
/* 019C8 809A7C48 E7A80018 */  swc1    $f8, 0x0018($sp)           
/* 019CC 809A7C4C A60002B6 */  sh      $zero, 0x02B6($s0)         ## 000002B6
/* 019D0 809A7C50 A60002B8 */  sh      $zero, 0x02B8($s0)         ## 000002B8
.L809A7C54:
/* 019D4 809A7C54 C7AA0034 */  lwc1    $f10, 0x0034($sp)          
.L809A7C58:
/* 019D8 809A7C58 C6100368 */  lwc1    $f16, 0x0368($s0)          ## 00000368
/* 019DC 809A7C5C 460A803E */  c.le.s  $f16, $f10                 
/* 019E0 809A7C60 00000000 */  nop
/* 019E4 809A7C64 45020008 */  bc1fl   .L809A7C88                 
/* 019E8 809A7C68 8FBF002C */  lw      $ra, 0x002C($sp)           
/* 019EC 809A7C6C 8E190004 */  lw      $t9, 0x0004($s0)           ## 00000004
/* 019F0 809A7C70 2401FFEF */  addiu   $at, $zero, 0xFFEF         ## $at = FFFFFFEF
/* 019F4 809A7C74 02002025 */  or      $a0, $s0, $zero            ## $a0 = 00000000
/* 019F8 809A7C78 03214024 */  and     $t0, $t9, $at              
/* 019FC 809A7C7C 0C269F26 */  jal     func_809A7C98              
/* 01A00 809A7C80 AE080004 */  sw      $t0, 0x0004($s0)           ## 00000004
/* 01A04 809A7C84 8FBF002C */  lw      $ra, 0x002C($sp)           
.L809A7C88:
/* 01A08 809A7C88 8FB00028 */  lw      $s0, 0x0028($sp)           
/* 01A0C 809A7C8C 27BD0038 */  addiu   $sp, $sp, 0x0038           ## $sp = 00000000
/* 01A10 809A7C90 03E00008 */  jr      $ra                        
/* 01A14 809A7C94 00000000 */  nop


glabel func_809A7C98
/* 01A18 809A7C98 27BDFFE8 */  addiu   $sp, $sp, 0xFFE8           ## $sp = FFFFFFE8
/* 01A1C 809A7C9C AFBF0014 */  sw      $ra, 0x0014($sp)           
/* 01A20 809A7CA0 24050007 */  addiu   $a1, $zero, 0x0007         ## $a1 = 00000007
/* 01A24 809A7CA4 0C269949 */  jal     func_809A6524              
/* 01A28 809A7CA8 AFA40018 */  sw      $a0, 0x0018($sp)           
/* 01A2C 809A7CAC 8FA40018 */  lw      $a0, 0x0018($sp)           
/* 01A30 809A7CB0 44800000 */  mtc1    $zero, $f0                 ## $f0 = 0.00
/* 01A34 809A7CB4 3C0F809A */  lui     $t7, %hi(func_809A7CE0)    ## $t7 = 809A0000
/* 01A38 809A7CB8 240E000A */  addiu   $t6, $zero, 0x000A         ## $t6 = 0000000A
/* 01A3C 809A7CBC 25EF7CE0 */  addiu   $t7, $t7, %lo(func_809A7CE0) ## $t7 = 809A7CE0
/* 01A40 809A7CC0 A48E0358 */  sh      $t6, 0x0358($a0)           ## 00000358
/* 01A44 809A7CC4 AC8F02A8 */  sw      $t7, 0x02A8($a0)           ## 000002A8
/* 01A48 809A7CC8 E4800070 */  swc1    $f0, 0x0070($a0)           ## 00000070
/* 01A4C 809A7CCC E480036C */  swc1    $f0, 0x036C($a0)           ## 0000036C
/* 01A50 809A7CD0 8FBF0014 */  lw      $ra, 0x0014($sp)           
/* 01A54 809A7CD4 27BD0018 */  addiu   $sp, $sp, 0x0018           ## $sp = 00000000
/* 01A58 809A7CD8 03E00008 */  jr      $ra                        
/* 01A5C 809A7CDC 00000000 */  nop


glabel func_809A7CE0
/* 01A60 809A7CE0 27BDFF08 */  addiu   $sp, $sp, 0xFF08           ## $sp = FFFFFF08
/* 01A64 809A7CE4 AFB40040 */  sw      $s4, 0x0040($sp)           
/* 01A68 809A7CE8 AFB20038 */  sw      $s2, 0x0038($sp)           
/* 01A6C 809A7CEC 00809025 */  or      $s2, $a0, $zero            ## $s2 = 00000000
/* 01A70 809A7CF0 00A0A025 */  or      $s4, $a1, $zero            ## $s4 = 00000000
/* 01A74 809A7CF4 AFBF004C */  sw      $ra, 0x004C($sp)           
/* 01A78 809A7CF8 AFB60048 */  sw      $s6, 0x0048($sp)           
/* 01A7C 809A7CFC AFB50044 */  sw      $s5, 0x0044($sp)           
/* 01A80 809A7D00 AFB3003C */  sw      $s3, 0x003C($sp)           
/* 01A84 809A7D04 AFB10034 */  sw      $s1, 0x0034($sp)           
/* 01A88 809A7D08 AFB00030 */  sw      $s0, 0x0030($sp)           
/* 01A8C 809A7D0C F7B40028 */  sdc1    $f20, 0x0028($sp)          
/* 01A90 809A7D10 3C01C6FA */  lui     $at, 0xC6FA                ## $at = C6FA0000
/* 01A94 809A7D14 44812000 */  mtc1    $at, $f4                   ## $f4 = -32000.00
/* 01A98 809A7D18 C6400088 */  lwc1    $f0, 0x0088($s2)           ## 00000088
/* 01A9C 809A7D1C 864E00BE */  lh      $t6, 0x00BE($s2)           ## 000000BE
/* 01AA0 809A7D20 0000A825 */  or      $s5, $zero, $zero          ## $s5 = 00000000
/* 01AA4 809A7D24 4604003E */  c.le.s  $f0, $f4                   
/* 01AA8 809A7D28 25CF1388 */  addiu   $t7, $t6, 0x1388           ## $t7 = 00001388
/* 01AAC 809A7D2C A64F00BE */  sh      $t7, 0x00BE($s2)           ## 000000BE
/* 01AB0 809A7D30 3C0146FA */  lui     $at, 0x46FA                ## $at = 46FA0000
/* 01AB4 809A7D34 4501000A */  bc1t    .L809A7D60                 
/* 01AB8 809A7D38 00000000 */  nop
/* 01ABC 809A7D3C 44813000 */  mtc1    $at, $f6                   ## $f6 = 32000.00
/* 01AC0 809A7D40 26960830 */  addiu   $s6, $s4, 0x0830           ## $s6 = 00000830
/* 01AC4 809A7D44 02C02825 */  or      $a1, $s6, $zero            ## $a1 = 00000830
/* 01AC8 809A7D48 4600303E */  c.le.s  $f6, $f0                   
/* 01ACC 809A7D4C 02802025 */  or      $a0, $s4, $zero            ## $a0 = 00000000
/* 01AD0 809A7D50 27B800F0 */  addiu   $t8, $sp, 0x00F0           ## $t8 = FFFFFFF8
/* 01AD4 809A7D54 27B900F4 */  addiu   $t9, $sp, 0x00F4           ## $t9 = FFFFFFFC
/* 01AD8 809A7D58 45020006 */  bc1fl   .L809A7D74                 
/* 01ADC 809A7D5C 8E460024 */  lw      $a2, 0x0024($s2)           ## 00000024
.L809A7D60:
/* 01AE0 809A7D60 0C02D9C3 */  jal     func_800B670C              
/* 01AE4 809A7D64 02402025 */  or      $a0, $s2, $zero            ## $a0 = 00000000
/* 01AE8 809A7D68 100000AC */  beq     $zero, $zero, .L809A801C   
/* 01AEC 809A7D6C 8FBF004C */  lw      $ra, 0x004C($sp)           
/* 01AF0 809A7D70 8E460024 */  lw      $a2, 0x0024($s2)           ## 00000024
.L809A7D74:
/* 01AF4 809A7D74 8E47002C */  lw      $a3, 0x002C($s2)           ## 0000002C
/* 01AF8 809A7D78 AFB90014 */  sw      $t9, 0x0014($sp)           
/* 01AFC 809A7D7C 0C03286B */  jal     func_800CA1AC              
/* 01B00 809A7D80 AFB80010 */  sw      $t8, 0x0010($sp)           
/* 01B04 809A7D84 10400037 */  beq     $v0, $zero, .L809A7E64     
/* 01B08 809A7D88 C7AA00F0 */  lwc1    $f10, 0x00F0($sp)          
/* 01B0C 809A7D8C C6480028 */  lwc1    $f8, 0x0028($s2)           ## 00000028
/* 01B10 809A7D90 00008025 */  or      $s0, $zero, $zero          ## $s0 = 00000000
/* 01B14 809A7D94 26530024 */  addiu   $s3, $s2, 0x0024           ## $s3 = 00000024
/* 01B18 809A7D98 460A403C */  c.lt.s  $f8, $f10                  
/* 01B1C 809A7D9C 27B100E0 */  addiu   $s1, $sp, 0x00E0           ## $s1 = FFFFFFE8
/* 01B20 809A7DA0 45020031 */  bc1fl   .L809A7E68                 
/* 01B24 809A7DA4 265003C0 */  addiu   $s0, $s2, 0x03C0           ## $s0 = 000003C0
/* 01B28 809A7DA8 02202025 */  or      $a0, $s1, $zero            ## $a0 = FFFFFFE8
.L809A7DAC:
/* 01B2C 809A7DAC 0C03FD43 */  jal     func_800FF50C              
/* 01B30 809A7DB0 02602825 */  or      $a1, $s3, $zero            ## $a1 = 00000024
/* 01B34 809A7DB4 44908000 */  mtc1    $s0, $f16                  ## $f16 = 0.00
/* 01B38 809A7DB8 3C0140A0 */  lui     $at, 0x40A0                ## $at = 40A00000
/* 01B3C 809A7DBC 44812000 */  mtc1    $at, $f4                   ## $f4 = 5.00
/* 01B40 809A7DC0 468084A0 */  cvt.s.w $f18, $f16                 
/* 01B44 809A7DC4 3C0141A0 */  lui     $at, 0x41A0                ## $at = 41A00000
/* 01B48 809A7DC8 44814000 */  mtc1    $at, $f8                   ## $f8 = 20.00
/* 01B4C 809A7DCC 46049182 */  mul.s   $f6, $f18, $f4             
/* 01B50 809A7DD0 46083500 */  add.s   $f20, $f6, $f8             
/* 01B54 809A7DD4 0C05E570 */  jal     func_801795C0              
/* 01B58 809A7DD8 4600A306 */  mov.s   $f12, $f20                 
/* 01B5C 809A7DDC C7AA00E0 */  lwc1    $f10, 0x00E0($sp)          
/* 01B60 809A7DE0 4600A306 */  mov.s   $f12, $f20                 
/* 01B64 809A7DE4 46005400 */  add.s   $f16, $f10, $f0            
/* 01B68 809A7DE8 0C05E570 */  jal     func_801795C0              
/* 01B6C 809A7DEC E7B000E0 */  swc1    $f16, 0x00E0($sp)          
/* 01B70 809A7DF0 C7B200E8 */  lwc1    $f18, 0x00E8($sp)          
/* 01B74 809A7DF4 46009100 */  add.s   $f4, $f18, $f0             
/* 01B78 809A7DF8 0C021BF7 */  jal     func_80086FDC              
/* 01B7C 809A7DFC E7A400E8 */  swc1    $f4, 0x00E8($sp)           
/* 01B80 809A7E00 4600018D */  trunc.w.s $f6, $f0                   
/* 01B84 809A7E04 02802025 */  or      $a0, $s4, $zero            ## $a0 = 00000000
/* 01B88 809A7E08 02202825 */  or      $a1, $s1, $zero            ## $a1 = FFFFFFE8
/* 01B8C 809A7E0C 00003025 */  or      $a2, $zero, $zero          ## $a2 = 00000000
/* 01B90 809A7E10 44093000 */  mfc1    $t1, $f6                   
/* 01B94 809A7E14 00003825 */  or      $a3, $zero, $zero          ## $a3 = 00000000
/* 01B98 809A7E18 AFA00010 */  sw      $zero, 0x0010($sp)         
/* 01B9C 809A7E1C 00095080 */  sll     $t2, $t1,  2               
/* 01BA0 809A7E20 01495023 */  subu    $t2, $t2, $t1              
/* 01BA4 809A7E24 000A50C0 */  sll     $t2, $t2,  3               
/* 01BA8 809A7E28 01495021 */  addu    $t2, $t2, $t1              
/* 01BAC 809A7E2C 000A5080 */  sll     $t2, $t2,  2               
/* 01BB0 809A7E30 254B0190 */  addiu   $t3, $t2, 0x0190           ## $t3 = 00000190
/* 01BB4 809A7E34 0C02C7D3 */  jal     func_800B1F4C              
/* 01BB8 809A7E38 AFAB0014 */  sw      $t3, 0x0014($sp)           
/* 01BBC 809A7E3C 26100001 */  addiu   $s0, $s0, 0x0001           ## $s0 = 000003C1
/* 01BC0 809A7E40 24010003 */  addiu   $at, $zero, 0x0003         ## $at = 00000003
/* 01BC4 809A7E44 5601FFD9 */  bnel    $s0, $at, .L809A7DAC       
/* 01BC8 809A7E48 02202025 */  or      $a0, $s1, $zero            ## $a0 = FFFFFFE8
/* 01BCC 809A7E4C 02802025 */  or      $a0, $s4, $zero            ## $a0 = 00000000
/* 01BD0 809A7E50 02602825 */  or      $a1, $s3, $zero            ## $a1 = 00000024
/* 01BD4 809A7E54 24060032 */  addiu   $a2, $zero, 0x0032         ## $a2 = 00000032
/* 01BD8 809A7E58 0C03C15A */  jal     func_800F0568              
/* 01BDC 809A7E5C 24072817 */  addiu   $a3, $zero, 0x2817         ## $a3 = 00002817
/* 01BE0 809A7E60 24150001 */  addiu   $s5, $zero, 0x0001         ## $s5 = 00000001
.L809A7E64:
/* 01BE4 809A7E64 265003C0 */  addiu   $s0, $s2, 0x03C0           ## $s0 = 000003C0
.L809A7E68:
/* 01BE8 809A7E68 02002825 */  or      $a1, $s0, $zero            ## $a1 = 000003C0
/* 01BEC 809A7E6C 02C02025 */  or      $a0, $s6, $zero            ## $a0 = 00000830
/* 01BF0 809A7E70 0C031688 */  jal     func_800C5A20              
/* 01BF4 809A7E74 3C064220 */  lui     $a2, 0x4220                ## $a2 = 42200000
/* 01BF8 809A7E78 10400018 */  beq     $v0, $zero, .L809A7EDC     
/* 01BFC 809A7E7C 00000000 */  nop
/* 01C00 809A7E80 864202B8 */  lh      $v0, 0x02B8($s2)           ## 000002B8
/* 01C04 809A7E84 2401000B */  addiu   $at, $zero, 0x000B         ## $at = 0000000B
/* 01C08 809A7E88 10410003 */  beq     $v0, $at, .L809A7E98       
/* 01C0C 809A7E8C 2401000A */  addiu   $at, $zero, 0x000A         ## $at = 0000000A
/* 01C10 809A7E90 14410012 */  bne     $v0, $at, .L809A7EDC       
/* 01C14 809A7E94 00000000 */  nop
.L809A7E98:
/* 01C18 809A7E98 864C02B6 */  lh      $t4, 0x02B6($s2)           ## 000002B6
/* 01C1C 809A7E9C 02802025 */  or      $a0, $s4, $zero            ## $a0 = 00000000
/* 01C20 809A7EA0 02402825 */  or      $a1, $s2, $zero            ## $a1 = 00000000
/* 01C24 809A7EA4 1180000D */  beq     $t4, $zero, .L809A7EDC     
/* 01C28 809A7EA8 264602C4 */  addiu   $a2, $s2, 0x02C4           ## $a2 = 000002C4
/* 01C2C 809A7EAC 3C01809B */  lui     $at, %hi(D_809A8E7C)       ## $at = 809B0000
/* 01C30 809A7EB0 C4288E7C */  lwc1    $f8, %lo(D_809A8E7C)($at)  
/* 01C34 809A7EB4 3C01809B */  lui     $at, %hi(D_809A8E80)       ## $at = 809B0000
/* 01C38 809A7EB8 C42A8E80 */  lwc1    $f10, %lo(D_809A8E80)($at) 
/* 01C3C 809A7EBC 240D0002 */  addiu   $t5, $zero, 0x0002         ## $t5 = 00000002
/* 01C40 809A7EC0 AFAD0010 */  sw      $t5, 0x0010($sp)           
/* 01C44 809A7EC4 2407000C */  addiu   $a3, $zero, 0x000C         ## $a3 = 0000000C
/* 01C48 809A7EC8 E7A80014 */  swc1    $f8, 0x0014($sp)           
/* 01C4C 809A7ECC 0C02FDF3 */  jal     func_800BF7CC              
/* 01C50 809A7ED0 E7AA0018 */  swc1    $f10, 0x0018($sp)          
/* 01C54 809A7ED4 A64002B6 */  sh      $zero, 0x02B6($s2)         ## 000002B6
/* 01C58 809A7ED8 A64002B8 */  sh      $zero, 0x02B8($s2)         ## 000002B8
.L809A7EDC:
/* 01C5C 809A7EDC 16A00005 */  bne     $s5, $zero, .L809A7EF4     
/* 01C60 809A7EE0 02C02025 */  or      $a0, $s6, $zero            ## $a0 = 00000830
/* 01C64 809A7EE4 02002825 */  or      $a1, $s0, $zero            ## $a1 = 000003C0
/* 01C68 809A7EE8 0C031688 */  jal     func_800C5A20              
/* 01C6C 809A7EEC 3C064120 */  lui     $a2, 0x4120                ## $a2 = 41200000
/* 01C70 809A7EF0 10400049 */  beq     $v0, $zero, .L809A8018     
.L809A7EF4:
/* 01C74 809A7EF4 3C0F809B */  lui     $t7, %hi(D_809A8D9C)       ## $t7 = 809B0000
/* 01C78 809A7EF8 25EF8D9C */  addiu   $t7, $t7, %lo(D_809A8D9C)  ## $t7 = 809A8D9C
/* 01C7C 809A7EFC 25E8006C */  addiu   $t0, $t7, 0x006C           ## $t0 = 809A8E08
/* 01C80 809A7F00 27AE0064 */  addiu   $t6, $sp, 0x0064           ## $t6 = FFFFFF6C
.L809A7F04:
/* 01C84 809A7F04 8DF90000 */  lw      $t9, 0x0000($t7)           ## 809A8D9C
/* 01C88 809A7F08 25EF000C */  addiu   $t7, $t7, 0x000C           ## $t7 = 809A8DA8
/* 01C8C 809A7F0C 25CE000C */  addiu   $t6, $t6, 0x000C           ## $t6 = FFFFFF78
/* 01C90 809A7F10 ADD9FFF4 */  sw      $t9, -0x000C($t6)          ## FFFFFF6C
/* 01C94 809A7F14 8DF8FFF8 */  lw      $t8, -0x0008($t7)          ## 809A8DA0
/* 01C98 809A7F18 ADD8FFF8 */  sw      $t8, -0x0008($t6)          ## FFFFFF70
/* 01C9C 809A7F1C 8DF9FFFC */  lw      $t9, -0x0004($t7)          ## 809A8DA4
/* 01CA0 809A7F20 15E8FFF8 */  bne     $t7, $t0, .L809A7F04       
/* 01CA4 809A7F24 ADD9FFFC */  sw      $t9, -0x0004($t6)          ## FFFFFF74
/* 01CA8 809A7F28 3C0141F0 */  lui     $at, 0x41F0                ## $at = 41F00000
/* 01CAC 809A7F2C 4481A000 */  mtc1    $at, $f20                  ## $f20 = 30.00
/* 01CB0 809A7F30 26530024 */  addiu   $s3, $s2, 0x0024           ## $s3 = 00000024
/* 01CB4 809A7F34 27B00064 */  addiu   $s0, $sp, 0x0064           ## $s0 = FFFFFF6C
/* 01CB8 809A7F38 27B100D0 */  addiu   $s1, $sp, 0x00D0           ## $s1 = FFFFFFD8
/* 01CBC 809A7F3C 02202025 */  or      $a0, $s1, $zero            ## $a0 = FFFFFFD8
.L809A7F40:
/* 01CC0 809A7F40 0C03FD43 */  jal     func_800FF50C              
/* 01CC4 809A7F44 02602825 */  or      $a1, $s3, $zero            ## $a1 = 00000024
/* 01CC8 809A7F48 0C05E570 */  jal     func_801795C0              
/* 01CCC 809A7F4C 4600A306 */  mov.s   $f12, $f20                 
/* 01CD0 809A7F50 C7B000D0 */  lwc1    $f16, 0x00D0($sp)          
/* 01CD4 809A7F54 02802025 */  or      $a0, $s4, $zero            ## $a0 = 00000000
/* 01CD8 809A7F58 02C02825 */  or      $a1, $s6, $zero            ## $a1 = 00000830
/* 01CDC 809A7F5C 46008480 */  add.s   $f18, $f16, $f0            
/* 01CE0 809A7F60 27A900F0 */  addiu   $t1, $sp, 0x00F0           ## $t1 = FFFFFFF8
/* 01CE4 809A7F64 27AA00F4 */  addiu   $t2, $sp, 0x00F4           ## $t2 = FFFFFFFC
/* 01CE8 809A7F68 16A00004 */  bne     $s5, $zero, .L809A7F7C     
/* 01CEC 809A7F6C E7B200D0 */  swc1    $f18, 0x00D0($sp)          
/* 01CF0 809A7F70 C6440088 */  lwc1    $f4, 0x0088($s2)           ## 00000088
/* 01CF4 809A7F74 10000009 */  beq     $zero, $zero, .L809A7F9C   
/* 01CF8 809A7F78 E7A400D4 */  swc1    $f4, 0x00D4($sp)           
.L809A7F7C:
/* 01CFC 809A7F7C 8E460024 */  lw      $a2, 0x0024($s2)           ## 00000024
/* 01D00 809A7F80 8E47002C */  lw      $a3, 0x002C($s2)           ## 0000002C
/* 01D04 809A7F84 AFAA0014 */  sw      $t2, 0x0014($sp)           
/* 01D08 809A7F88 0C03286B */  jal     func_800CA1AC              
/* 01D0C 809A7F8C AFA90010 */  sw      $t1, 0x0010($sp)           
/* 01D10 809A7F90 10400002 */  beq     $v0, $zero, .L809A7F9C     
/* 01D14 809A7F94 C7A600F0 */  lwc1    $f6, 0x00F0($sp)           
/* 01D18 809A7F98 E7A600D4 */  swc1    $f6, 0x00D4($sp)           
.L809A7F9C:
/* 01D1C 809A7F9C 0C05E570 */  jal     func_801795C0              
/* 01D20 809A7FA0 4600A306 */  mov.s   $f12, $f20                 
/* 01D24 809A7FA4 C7A800D8 */  lwc1    $f8, 0x00D8($sp)           
/* 01D28 809A7FA8 240B0064 */  addiu   $t3, $zero, 0x0064         ## $t3 = 00000064
/* 01D2C 809A7FAC 240C0002 */  addiu   $t4, $zero, 0x0002         ## $t4 = 00000002
/* 01D30 809A7FB0 46004280 */  add.s   $f10, $f8, $f0             
/* 01D34 809A7FB4 AFAC0018 */  sw      $t4, 0x0018($sp)           
/* 01D38 809A7FB8 AFAB0010 */  sw      $t3, 0x0010($sp)           
/* 01D3C 809A7FBC 02802025 */  or      $a0, $s4, $zero            ## $a0 = 00000000
/* 01D40 809A7FC0 E7AA00D8 */  swc1    $f10, 0x00D8($sp)          
/* 01D44 809A7FC4 02202825 */  or      $a1, $s1, $zero            ## $a1 = FFFFFFD8
/* 01D48 809A7FC8 02003025 */  or      $a2, $s0, $zero            ## $a2 = FFFFFF6C
/* 01D4C 809A7FCC 02003825 */  or      $a3, $s0, $zero            ## $a3 = FFFFFF6C
/* 01D50 809A7FD0 0C02CC0C */  jal     func_800B3030              
/* 01D54 809A7FD4 AFA00014 */  sw      $zero, 0x0014($sp)         
/* 01D58 809A7FD8 2610000C */  addiu   $s0, $s0, 0x000C           ## $s0 = FFFFFF78
/* 01D5C 809A7FDC 27AD00D0 */  addiu   $t5, $sp, 0x00D0           ## $t5 = FFFFFFD8
/* 01D60 809A7FE0 560DFFD7 */  bnel    $s0, $t5, .L809A7F40       
/* 01D64 809A7FE4 02202025 */  or      $a0, $s1, $zero            ## $a0 = FFFFFFD8
/* 01D68 809A7FE8 02802025 */  or      $a0, $s4, $zero            ## $a0 = 00000000
/* 01D6C 809A7FEC 02602825 */  or      $a1, $s3, $zero            ## $a1 = 00000024
/* 01D70 809A7FF0 2406000A */  addiu   $a2, $zero, 0x000A         ## $a2 = 0000000A
/* 01D74 809A7FF4 0C03C164 */  jal     func_800F0590              
/* 01D78 809A7FF8 2407321F */  addiu   $a3, $zero, 0x321F         ## $a3 = 0000321F
/* 01D7C 809A7FFC 02802025 */  or      $a0, $s4, $zero            ## $a0 = 00000000
/* 01D80 809A8000 00002825 */  or      $a1, $zero, $zero          ## $a1 = 00000000
/* 01D84 809A8004 02603025 */  or      $a2, $s3, $zero            ## $a2 = 00000024
/* 01D88 809A8008 0C029F4A */  jal     func_800A7D28              
/* 01D8C 809A800C 24070060 */  addiu   $a3, $zero, 0x0060         ## $a3 = 00000060
/* 01D90 809A8010 0C02D9C3 */  jal     func_800B670C              
/* 01D94 809A8014 02402025 */  or      $a0, $s2, $zero            ## $a0 = 00000000
.L809A8018:
/* 01D98 809A8018 8FBF004C */  lw      $ra, 0x004C($sp)           
.L809A801C:
/* 01D9C 809A801C D7B40028 */  ldc1    $f20, 0x0028($sp)          
/* 01DA0 809A8020 8FB00030 */  lw      $s0, 0x0030($sp)           
/* 01DA4 809A8024 8FB10034 */  lw      $s1, 0x0034($sp)           
/* 01DA8 809A8028 8FB20038 */  lw      $s2, 0x0038($sp)           
/* 01DAC 809A802C 8FB3003C */  lw      $s3, 0x003C($sp)           
/* 01DB0 809A8030 8FB40040 */  lw      $s4, 0x0040($sp)           
/* 01DB4 809A8034 8FB50044 */  lw      $s5, 0x0044($sp)           
/* 01DB8 809A8038 8FB60048 */  lw      $s6, 0x0048($sp)           
/* 01DBC 809A803C 03E00008 */  jr      $ra                        
/* 01DC0 809A8040 27BD00F8 */  addiu   $sp, $sp, 0x00F8           ## $sp = 00000000


glabel func_809A8044
/* 01DC4 809A8044 27BDFFC0 */  addiu   $sp, $sp, 0xFFC0           ## $sp = FFFFFFC0
/* 01DC8 809A8048 AFB00030 */  sw      $s0, 0x0030($sp)           
/* 01DCC 809A804C 00808025 */  or      $s0, $a0, $zero            ## $s0 = 00000000
/* 01DD0 809A8050 AFBF0034 */  sw      $ra, 0x0034($sp)           
/* 01DD4 809A8054 AFA50044 */  sw      $a1, 0x0044($sp)           
/* 01DD8 809A8058 8E02052C */  lw      $v0, 0x052C($s0)           ## 0000052C
/* 01DDC 809A805C 00001825 */  or      $v1, $zero, $zero          ## $v1 = 00000000
/* 01DE0 809A8060 904E0016 */  lbu     $t6, 0x0016($v0)           ## 00000016
/* 01DE4 809A8064 31CF0002 */  andi    $t7, $t6, 0x0002           ## $t7 = 00000000
/* 01DE8 809A8068 55E00006 */  bnel    $t7, $zero, .L809A8084     
/* 01DEC 809A806C 92080521 */  lbu     $t0, 0x0521($s0)           ## 00000521
/* 01DF0 809A8070 90580056 */  lbu     $t8, 0x0056($v0)           ## 00000056
/* 01DF4 809A8074 33190002 */  andi    $t9, $t8, 0x0002           ## $t9 = 00000000
/* 01DF8 809A8078 13200053 */  beq     $t9, $zero, .L809A81C8     
/* 01DFC 809A807C 00000000 */  nop
/* 01E00 809A8080 92080521 */  lbu     $t0, 0x0521($s0)           ## 00000521
.L809A8084:
/* 01E04 809A8084 86020358 */  lh      $v0, 0x0358($s0)           ## 00000358
/* 01E08 809A8088 24010008 */  addiu   $at, $zero, 0x0008         ## $at = 00000008
/* 01E0C 809A808C 3109FFFD */  andi    $t1, $t0, 0xFFFD           ## $t1 = 00000000
/* 01E10 809A8090 1041004D */  beq     $v0, $at, .L809A81C8       
/* 01E14 809A8094 A2090521 */  sb      $t1, 0x0521($s0)           ## 00000521
/* 01E18 809A8098 24010009 */  addiu   $at, $zero, 0x0009         ## $at = 00000009
/* 01E1C 809A809C 1041004A */  beq     $v0, $at, .L809A81C8       
/* 01E20 809A80A0 2401000A */  addiu   $at, $zero, 0x000A         ## $at = 0000000A
/* 01E24 809A80A4 10410048 */  beq     $v0, $at, .L809A81C8       
/* 01E28 809A80A8 00000000 */  nop
/* 01E2C 809A80AC 920200B9 */  lbu     $v0, 0x00B9($s0)           ## 000000B9
/* 01E30 809A80B0 2401000F */  addiu   $at, $zero, 0x000F         ## $at = 0000000F
/* 01E34 809A80B4 54410004 */  bnel    $v0, $at, .L809A80C8       
/* 01E38 809A80B8 24010002 */  addiu   $at, $zero, 0x0002         ## $at = 00000002
/* 01E3C 809A80BC 10000042 */  beq     $zero, $zero, .L809A81C8   
/* 01E40 809A80C0 24030001 */  addiu   $v1, $zero, 0x0001         ## $v1 = 00000001
/* 01E44 809A80C4 24010002 */  addiu   $at, $zero, 0x0002         ## $at = 00000002
.L809A80C8:
/* 01E48 809A80C8 14410005 */  bne     $v0, $at, .L809A80E0       
/* 01E4C 809A80CC 240A0028 */  addiu   $t2, $zero, 0x0028         ## $t2 = 00000028
/* 01E50 809A80D0 A60A02B6 */  sh      $t2, 0x02B6($s0)           ## 000002B6
/* 01E54 809A80D4 A60002B8 */  sh      $zero, 0x02B8($s0)         ## 000002B8
/* 01E58 809A80D8 1000003B */  beq     $zero, $zero, .L809A81C8   
/* 01E5C 809A80DC 24030001 */  addiu   $v1, $zero, 0x0001         ## $v1 = 00000001
.L809A80E0:
/* 01E60 809A80E0 24010003 */  addiu   $at, $zero, 0x0003         ## $at = 00000003
/* 01E64 809A80E4 5441001E */  bnel    $v0, $at, .L809A8160       
/* 01E68 809A80E8 24010004 */  addiu   $at, $zero, 0x0004         ## $at = 00000004
/* 01E6C 809A80EC 860B02B8 */  lh      $t3, 0x02B8($s0)           ## 000002B8
/* 01E70 809A80F0 24010001 */  addiu   $at, $zero, 0x0001         ## $at = 00000001
/* 01E74 809A80F4 02002025 */  or      $a0, $s0, $zero            ## $a0 = 00000000
/* 01E78 809A80F8 15610004 */  bne     $t3, $at, .L809A810C       
/* 01E7C 809A80FC 00000000 */  nop
/* 01E80 809A8100 860C02B6 */  lh      $t4, 0x02B6($s0)           ## 000002B6
/* 01E84 809A8104 5580000E */  bnel    $t4, $zero, .L809A8140     
/* 01E88 809A8108 920F00B7 */  lbu     $t7, 0x00B7($s0)           ## 000000B7
.L809A810C:
/* 01E8C 809A810C 0C02F88B */  jal     func_800BE22C              
/* 01E90 809A8110 A7A3003A */  sh      $v1, 0x003A($sp)           
/* 01E94 809A8114 87A3003A */  lh      $v1, 0x003A($sp)           
/* 01E98 809A8118 3C013FC0 */  lui     $at, 0x3FC0                ## $at = 3FC00000
/* 01E9C 809A811C 44802000 */  mtc1    $zero, $f4                 ## $f4 = 0.00
/* 01EA0 809A8120 44813000 */  mtc1    $at, $f6                   ## $f6 = 1.50
/* 01EA4 809A8124 240D0050 */  addiu   $t5, $zero, 0x0050         ## $t5 = 00000050
/* 01EA8 809A8128 240E000A */  addiu   $t6, $zero, 0x000A         ## $t6 = 0000000A
/* 01EAC 809A812C A60D02B6 */  sh      $t5, 0x02B6($s0)           ## 000002B6
/* 01EB0 809A8130 A60E02B8 */  sh      $t6, 0x02B8($s0)           ## 000002B8
/* 01EB4 809A8134 E60402BC */  swc1    $f4, 0x02BC($s0)           ## 000002BC
/* 01EB8 809A8138 E60602C0 */  swc1    $f6, 0x02C0($s0)           ## 000002C0
/* 01EBC 809A813C 920F00B7 */  lbu     $t7, 0x00B7($s0)           ## 000000B7
.L809A8140:
/* 01EC0 809A8140 02002025 */  or      $a0, $s0, $zero            ## $a0 = 00000000
/* 01EC4 809A8144 1DE00020 */  bgtz    $t7, .L809A81C8            
/* 01EC8 809A8148 00000000 */  nop
/* 01ECC 809A814C 0C269EB9 */  jal     func_809A7AE4              
/* 01ED0 809A8150 8FA50044 */  lw      $a1, 0x0044($sp)           
/* 01ED4 809A8154 1000002F */  beq     $zero, $zero, .L809A8214   
/* 01ED8 809A8158 8FBF0034 */  lw      $ra, 0x0034($sp)           
/* 01EDC 809A815C 24010004 */  addiu   $at, $zero, 0x0004         ## $at = 00000004
.L809A8160:
/* 01EE0 809A8160 14410019 */  bne     $v0, $at, .L809A81C8       
/* 01EE4 809A8164 02002025 */  or      $a0, $s0, $zero            ## $a0 = 00000000
/* 01EE8 809A8168 24180019 */  addiu   $t8, $zero, 0x0019         ## $t8 = 00000019
/* 01EEC 809A816C AFB80010 */  sw      $t8, 0x0010($sp)           
/* 01EF0 809A8170 34058000 */  ori     $a1, $zero, 0x8000         ## $a1 = 00008000
/* 01EF4 809A8174 240600FF */  addiu   $a2, $zero, 0x00FF         ## $a2 = 000000FF
/* 01EF8 809A8178 0C02F2DC */  jal     func_800BCB70              
/* 01EFC 809A817C 00003825 */  or      $a3, $zero, $zero          ## $a3 = 00000000
/* 01F00 809A8180 C6080040 */  lwc1    $f8, 0x0040($s0)           ## 00000040
/* 01F04 809A8184 24020014 */  addiu   $v0, $zero, 0x0014         ## $v0 = 00000014
/* 01F08 809A8188 A60202B6 */  sh      $v0, 0x02B6($s0)           ## 000002B6
/* 01F0C 809A818C A60202B8 */  sh      $v0, 0x02B8($s0)           ## 000002B8
/* 01F10 809A8190 8E07003C */  lw      $a3, 0x003C($s0)           ## 0000003C
/* 01F14 809A8194 E7A80010 */  swc1    $f8, 0x0010($sp)           
/* 01F18 809A8198 C60A0044 */  lwc1    $f10, 0x0044($s0)          ## 00000044
/* 01F1C 809A819C 8FA50044 */  lw      $a1, 0x0044($sp)           
/* 01F20 809A81A0 24080004 */  addiu   $t0, $zero, 0x0004         ## $t0 = 00000004
/* 01F24 809A81A4 AFA80024 */  sw      $t0, 0x0024($sp)           
/* 01F28 809A81A8 AFA00020 */  sw      $zero, 0x0020($sp)         
/* 01F2C 809A81AC AFA0001C */  sw      $zero, 0x001C($sp)         
/* 01F30 809A81B0 AFA00018 */  sw      $zero, 0x0018($sp)         
/* 01F34 809A81B4 240600A2 */  addiu   $a2, $zero, 0x00A2         ## $a2 = 000000A2
/* 01F38 809A81B8 E7AA0014 */  swc1    $f10, 0x0014($sp)          
/* 01F3C 809A81BC 0C02EB18 */  jal     func_800BAC60              
/* 01F40 809A81C0 24A41CA0 */  addiu   $a0, $a1, 0x1CA0           ## $a0 = 00001CA0
/* 01F44 809A81C4 24030001 */  addiu   $v1, $zero, 0x0001         ## $v1 = 00000001
.L809A81C8:
/* 01F48 809A81C8 50600012 */  beql    $v1, $zero, .L809A8214     
/* 01F4C 809A81CC 8FBF0034 */  lw      $ra, 0x0034($sp)           
/* 01F50 809A81D0 0C02F88B */  jal     func_800BE22C              
/* 01F54 809A81D4 02002025 */  or      $a0, $s0, $zero            ## $a0 = 00000000
/* 01F58 809A81D8 920900B7 */  lbu     $t1, 0x00B7($s0)           ## 000000B7
/* 01F5C 809A81DC 240538A2 */  addiu   $a1, $zero, 0x38A2         ## $a1 = 000038A2
/* 01F60 809A81E0 02002025 */  or      $a0, $s0, $zero            ## $a0 = 00000000
/* 01F64 809A81E4 19200008 */  blez    $t1, .L809A8208            
/* 01F68 809A81E8 00000000 */  nop
/* 01F6C 809A81EC 0C02E3B2 */  jal     func_800B8EC8              
/* 01F70 809A81F0 02002025 */  or      $a0, $s0, $zero            ## $a0 = 00000000
/* 01F74 809A81F4 02002025 */  or      $a0, $s0, $zero            ## $a0 = 00000000
/* 01F78 809A81F8 0C269E5F */  jal     func_809A797C              
/* 01F7C 809A81FC 8FA50044 */  lw      $a1, 0x0044($sp)           
/* 01F80 809A8200 10000004 */  beq     $zero, $zero, .L809A8214   
/* 01F84 809A8204 8FBF0034 */  lw      $ra, 0x0034($sp)           
.L809A8208:
/* 01F88 809A8208 0C269EB9 */  jal     func_809A7AE4              
/* 01F8C 809A820C 8FA50044 */  lw      $a1, 0x0044($sp)           
/* 01F90 809A8210 8FBF0034 */  lw      $ra, 0x0034($sp)           
.L809A8214:
/* 01F94 809A8214 8FB00030 */  lw      $s0, 0x0030($sp)           
/* 01F98 809A8218 27BD0040 */  addiu   $sp, $sp, 0x0040           ## $sp = 00000000
/* 01F9C 809A821C 03E00008 */  jr      $ra                        
/* 01FA0 809A8220 00000000 */  nop


glabel func_809A8224
/* 01FA4 809A8224 27BDFFC0 */  addiu   $sp, $sp, 0xFFC0           ## $sp = FFFFFFC0
/* 01FA8 809A8228 AFB00020 */  sw      $s0, 0x0020($sp)           
/* 01FAC 809A822C 00808025 */  or      $s0, $a0, $zero            ## $s0 = 00000000
/* 01FB0 809A8230 AFBF0024 */  sw      $ra, 0x0024($sp)           
/* 01FB4 809A8234 AFA50044 */  sw      $a1, 0x0044($sp)           
/* 01FB8 809A8238 0C04DB34 */  jal     func_80136CD0              
/* 01FBC 809A823C 26040144 */  addiu   $a0, $s0, 0x0144           ## $a0 = 00000144
/* 01FC0 809A8240 02002025 */  or      $a0, $s0, $zero            ## $a0 = 00000000
/* 01FC4 809A8244 0C26A011 */  jal     func_809A8044              
/* 01FC8 809A8248 8FA50044 */  lw      $a1, 0x0044($sp)           
/* 01FCC 809A824C 8E1902A8 */  lw      $t9, 0x02A8($s0)           ## 000002A8
/* 01FD0 809A8250 02002025 */  or      $a0, $s0, $zero            ## $a0 = 00000000
/* 01FD4 809A8254 8FA50044 */  lw      $a1, 0x0044($sp)           
/* 01FD8 809A8258 0320F809 */  jalr    $ra, $t9                   
/* 01FDC 809A825C 00000000 */  nop
/* 01FE0 809A8260 02002025 */  or      $a0, $s0, $zero            ## $a0 = 00000000
/* 01FE4 809A8264 0C02D9D7 */  jal     func_800B675C              
/* 01FE8 809A8268 24050000 */  addiu   $a1, $zero, 0x0000         ## $a1 = 00000000
/* 01FEC 809A826C 02002025 */  or      $a0, $s0, $zero            ## $a0 = 00000000
/* 01FF0 809A8270 0C02D9F8 */  jal     func_800B67E0              
/* 01FF4 809A8274 8E050360 */  lw      $a1, 0x0360($s0)           ## 00000360
/* 01FF8 809A8278 860202B0 */  lh      $v0, 0x02B0($s0)           ## 000002B0
/* 01FFC 809A827C 10400002 */  beq     $v0, $zero, .L809A8288     
/* 02000 809A8280 244EFFFF */  addiu   $t6, $v0, 0xFFFF           ## $t6 = FFFFFFFF
/* 02004 809A8284 A60E02B0 */  sh      $t6, 0x02B0($s0)           ## 000002B0
.L809A8288:
/* 02008 809A8288 860202B2 */  lh      $v0, 0x02B2($s0)           ## 000002B2
/* 0200C 809A828C 10400002 */  beq     $v0, $zero, .L809A8298     
/* 02010 809A8290 244FFFFF */  addiu   $t7, $v0, 0xFFFF           ## $t7 = FFFFFFFF
/* 02014 809A8294 A60F02B2 */  sh      $t7, 0x02B2($s0)           ## 000002B2
.L809A8298:
/* 02018 809A8298 860202B4 */  lh      $v0, 0x02B4($s0)           ## 000002B4
/* 0201C 809A829C 10400002 */  beq     $v0, $zero, .L809A82A8     
/* 02020 809A82A0 2458FFFF */  addiu   $t8, $v0, 0xFFFF           ## $t8 = FFFFFFFF
/* 02024 809A82A4 A61802B4 */  sh      $t8, 0x02B4($s0)           ## 000002B4
.L809A82A8:
/* 02028 809A82A8 860202B6 */  lh      $v0, 0x02B6($s0)           ## 000002B6
/* 0202C 809A82AC 10400002 */  beq     $v0, $zero, .L809A82B8     
/* 02030 809A82B0 2448FFFF */  addiu   $t0, $v0, 0xFFFF           ## $t0 = FFFFFFFF
/* 02034 809A82B4 A60802B6 */  sh      $t0, 0x02B6($s0)           ## 000002B6
.L809A82B8:
/* 02038 809A82B8 0C02DAA2 */  jal     func_800B6A88              
/* 0203C 809A82BC 02002025 */  or      $a0, $s0, $zero            ## $a0 = 00000000
/* 02040 809A82C0 C6040024 */  lwc1    $f4, 0x0024($s0)           ## 00000024
/* 02044 809A82C4 C60604FC */  lwc1    $f6, 0x04FC($s0)           ## 000004FC
/* 02048 809A82C8 C60A0028 */  lwc1    $f10, 0x0028($s0)          ## 00000028
/* 0204C 809A82CC C6100500 */  lwc1    $f16, 0x0500($s0)          ## 00000500
/* 02050 809A82D0 46062200 */  add.s   $f8, $f4, $f6              
/* 02054 809A82D4 C6060504 */  lwc1    $f6, 0x0504($s0)           ## 00000504
/* 02058 809A82D8 C604002C */  lwc1    $f4, 0x002C($s0)           ## 0000002C
/* 0205C 809A82DC 46105480 */  add.s   $f18, $f10, $f16           
/* 02060 809A82E0 E6080024 */  swc1    $f8, 0x0024($s0)           ## 00000024
/* 02064 809A82E4 260404FC */  addiu   $a0, $s0, 0x04FC           ## $a0 = 000004FC
/* 02068 809A82E8 46062200 */  add.s   $f8, $f4, $f6              
/* 0206C 809A82EC E6120028 */  swc1    $f18, 0x0028($s0)          ## 00000028
/* 02070 809A82F0 3C053F80 */  lui     $a1, 0x3F80                ## $a1 = 3F800000
/* 02074 809A82F4 3C064000 */  lui     $a2, 0x4000                ## $a2 = 40000000
/* 02078 809A82F8 0C03FF9A */  jal     func_800FFE68              
/* 0207C 809A82FC E608002C */  swc1    $f8, 0x002C($s0)           ## 0000002C
/* 02080 809A8300 26040500 */  addiu   $a0, $s0, 0x0500           ## $a0 = 00000500
/* 02084 809A8304 3C053F80 */  lui     $a1, 0x3F80                ## $a1 = 3F800000
/* 02088 809A8308 0C03FF9A */  jal     func_800FFE68              
/* 0208C 809A830C 3C064000 */  lui     $a2, 0x4000                ## $a2 = 40000000
/* 02090 809A8310 26040504 */  addiu   $a0, $s0, 0x0504           ## $a0 = 00000504
/* 02094 809A8314 3C053F80 */  lui     $a1, 0x3F80                ## $a1 = 3F800000
/* 02098 809A8318 0C03FF9A */  jal     func_800FFE68              
/* 0209C 809A831C 3C064000 */  lui     $a2, 0x4000                ## $a2 = 40000000
/* 020A0 809A8320 86090358 */  lh      $t1, 0x0358($s0)           ## 00000358
/* 020A4 809A8324 2401000A */  addiu   $at, $zero, 0x000A         ## $at = 0000000A
/* 020A8 809A8328 5121000F */  beql    $t1, $at, .L809A8368       
/* 020AC 809A832C 8602035E */  lh      $v0, 0x035E($s0)           ## 0000035E
/* 020B0 809A8330 860A035E */  lh      $t2, 0x035E($s0)           ## 0000035E
/* 020B4 809A8334 24010003 */  addiu   $at, $zero, 0x0003         ## $at = 00000003
/* 020B8 809A8338 8FA40044 */  lw      $a0, 0x0044($sp)           
/* 020BC 809A833C 11410009 */  beq     $t2, $at, .L809A8364       
/* 020C0 809A8340 02002825 */  or      $a1, $s0, $zero            ## $a1 = 00000000
/* 020C4 809A8344 3C014270 */  lui     $at, 0x4270                ## $at = 42700000
/* 020C8 809A8348 44810000 */  mtc1    $at, $f0                   ## $f0 = 60.00
/* 020CC 809A834C 240B001D */  addiu   $t3, $zero, 0x001D         ## $t3 = 0000001D
/* 020D0 809A8350 AFAB0014 */  sw      $t3, 0x0014($sp)           
/* 020D4 809A8354 44070000 */  mfc1    $a3, $f0                   
/* 020D8 809A8358 3C06420C */  lui     $a2, 0x420C                ## $a2 = 420C0000
/* 020DC 809A835C 0C02DE2E */  jal     func_800B78B8              
/* 020E0 809A8360 E7A00010 */  swc1    $f0, 0x0010($sp)           
.L809A8364:
/* 020E4 809A8364 8602035E */  lh      $v0, 0x035E($s0)           ## 0000035E
.L809A8368:
/* 020E8 809A8368 860C0034 */  lh      $t4, 0x0034($s0)           ## 00000034
/* 020EC 809A836C 24010001 */  addiu   $at, $zero, 0x0001         ## $at = 00000001
/* 020F0 809A8370 14410013 */  bne     $v0, $at, .L809A83C0       
/* 020F4 809A8374 A60C00C0 */  sh      $t4, 0x00C0($s0)           ## 000000C0
/* 020F8 809A8378 3C01809B */  lui     $at, %hi(D_809A8E84)       ## $at = 809B0000
/* 020FC 809A837C C4228E84 */  lwc1    $f2, %lo(D_809A8E84)($at)  
/* 02100 809A8380 3C01809B */  lui     $at, %hi(D_809A8E88)       ## $at = 809B0000
/* 02104 809A8384 C42C8E88 */  lwc1    $f12, %lo(D_809A8E88)($at) 
/* 02108 809A8388 44825000 */  mtc1    $v0, $f10                  ## $f10 = 0.00
/* 0210C 809A838C 44071000 */  mfc1    $a3, $f2                   
/* 02110 809A8390 26040360 */  addiu   $a0, $s0, 0x0360           ## $a0 = 00000360
/* 02114 809A8394 46805420 */  cvt.s.w $f16, $f10                 
/* 02118 809A8398 3C063DCC */  lui     $a2, 0x3DCC                ## $a2 = 3DCC0000
/* 0211C 809A839C 46028002 */  mul.s   $f0, $f16, $f2             
/* 02120 809A83A0 4600603E */  c.le.s  $f12, $f0                  
/* 02124 809A83A4 00000000 */  nop
/* 02128 809A83A8 45020003 */  bc1fl   .L809A83B8                 
/* 0212C 809A83AC 44050000 */  mfc1    $a1, $f0                   
/* 02130 809A83B0 46006006 */  mov.s   $f0, $f12                  
/* 02134 809A83B4 44050000 */  mfc1    $a1, $f0                   
.L809A83B8:
/* 02138 809A83B8 0C03FF7E */  jal     func_800FFDF8              
/* 0213C 809A83BC 34C6CCCD */  ori     $a2, $a2, 0xCCCD           ## $a2 = 3DCCCCCD
.L809A83C0:
/* 02140 809A83C0 86020358 */  lh      $v0, 0x0358($s0)           ## 00000358
/* 02144 809A83C4 2401000A */  addiu   $at, $zero, 0x000A         ## $at = 0000000A
/* 02148 809A83C8 10410009 */  beq     $v0, $at, .L809A83F0       
/* 0214C 809A83CC 24010005 */  addiu   $at, $zero, 0x0005         ## $at = 00000005
/* 02150 809A83D0 10410007 */  beq     $v0, $at, .L809A83F0       
/* 02154 809A83D4 260400BE */  addiu   $a0, $s0, 0x00BE           ## $a0 = 000000BE
/* 02158 809A83D8 86050032 */  lh      $a1, 0x0032($s0)           ## 00000032
/* 0215C 809A83DC 240D0005 */  addiu   $t5, $zero, 0x0005         ## $t5 = 00000005
/* 02160 809A83E0 AFAD0010 */  sw      $t5, 0x0010($sp)           
/* 02164 809A83E4 24060005 */  addiu   $a2, $zero, 0x0005         ## $a2 = 00000005
/* 02168 809A83E8 0C03FFAF */  jal     func_800FFEBC              
/* 0216C 809A83EC 240703E8 */  addiu   $a3, $zero, 0x03E8         ## $a3 = 000003E8
.L809A83F0:
/* 02170 809A83F0 02002025 */  or      $a0, $s0, $zero            ## $a0 = 00000000
/* 02174 809A83F4 0C26A249 */  jal     func_809A8924              
/* 02178 809A83F8 8FA50044 */  lw      $a1, 0x0044($sp)           
/* 0217C 809A83FC 86020358 */  lh      $v0, 0x0358($s0)           ## 00000358
/* 02180 809A8400 24010009 */  addiu   $at, $zero, 0x0009         ## $at = 00000009
/* 02184 809A8404 10410018 */  beq     $v0, $at, .L809A8468       
/* 02188 809A8408 2401000A */  addiu   $at, $zero, 0x000A         ## $at = 0000000A
/* 0218C 809A840C 10410016 */  beq     $v0, $at, .L809A8468       
/* 02190 809A8410 8FA40044 */  lw      $a0, 0x0044($sp)           
/* 02194 809A8414 3C010001 */  lui     $at, 0x0001                ## $at = 00010000
/* 02198 809A8418 34218884 */  ori     $at, $at, 0x8884           ## $at = 00018884
/* 0219C 809A841C 00812821 */  addu    $a1, $a0, $at              
/* 021A0 809A8420 26060510 */  addiu   $a2, $s0, 0x0510           ## $a2 = 00000510
/* 021A4 809A8424 AFA6002C */  sw      $a2, 0x002C($sp)           
/* 021A8 809A8428 0C038A4A */  jal     func_800E2928              
/* 021AC 809A842C AFA50030 */  sw      $a1, 0x0030($sp)           
/* 021B0 809A8430 8FA40044 */  lw      $a0, 0x0044($sp)           
/* 021B4 809A8434 8FA50030 */  lw      $a1, 0x0030($sp)           
/* 021B8 809A8438 0C0389D0 */  jal     func_800E2740              
/* 021BC 809A843C 8FA6002C */  lw      $a2, 0x002C($sp)           
/* 021C0 809A8440 86020358 */  lh      $v0, 0x0358($s0)           ## 00000358
/* 021C4 809A8444 24010005 */  addiu   $at, $zero, 0x0005         ## $at = 00000005
/* 021C8 809A8448 8FA40044 */  lw      $a0, 0x0044($sp)           
/* 021CC 809A844C 10410004 */  beq     $v0, $at, .L809A8460       
/* 021D0 809A8450 8FA50030 */  lw      $a1, 0x0030($sp)           
/* 021D4 809A8454 24010006 */  addiu   $at, $zero, 0x0006         ## $at = 00000006
/* 021D8 809A8458 54410004 */  bnel    $v0, $at, .L809A846C       
/* 021DC 809A845C 8FBF0024 */  lw      $ra, 0x0024($sp)           
.L809A8460:
/* 021E0 809A8460 0C038956 */  jal     func_800E2558              
/* 021E4 809A8464 8FA6002C */  lw      $a2, 0x002C($sp)           
.L809A8468:
/* 021E8 809A8468 8FBF0024 */  lw      $ra, 0x0024($sp)           
.L809A846C:
/* 021EC 809A846C 8FB00020 */  lw      $s0, 0x0020($sp)           
/* 021F0 809A8470 27BD0040 */  addiu   $sp, $sp, 0x0040           ## $sp = 00000000
/* 021F4 809A8474 03E00008 */  jr      $ra                        
/* 021F8 809A8478 00000000 */  nop


glabel func_809A847C
/* 021FC 809A847C 27BDFFC0 */  addiu   $sp, $sp, 0xFFC0           ## $sp = FFFFFFC0
/* 02200 809A8480 AFB00014 */  sw      $s0, 0x0014($sp)           
/* 02204 809A8484 00A08025 */  or      $s0, $a1, $zero            ## $s0 = 00000000
/* 02208 809A8488 AFBF001C */  sw      $ra, 0x001C($sp)           
/* 0220C 809A848C AFB10018 */  sw      $s1, 0x0018($sp)           
/* 02210 809A8490 AFA40040 */  sw      $a0, 0x0040($sp)           
/* 02214 809A8494 AFA60048 */  sw      $a2, 0x0048($sp)           
/* 02218 809A8498 AFA7004C */  sw      $a3, 0x004C($sp)           
/* 0221C 809A849C 3C0F809B */  lui     $t7, %hi(D_809A8E08)       ## $t7 = 809B0000
/* 02220 809A84A0 25EF8E08 */  addiu   $t7, $t7, %lo(D_809A8E08)  ## $t7 = 809A8E08
/* 02224 809A84A4 8DF90000 */  lw      $t9, 0x0000($t7)           ## 809A8E08
/* 02228 809A84A8 27AE0030 */  addiu   $t6, $sp, 0x0030           ## $t6 = FFFFFFF0
/* 0222C 809A84AC 8DF80004 */  lw      $t8, 0x0004($t7)           ## 809A8E0C
/* 02230 809A84B0 ADD90000 */  sw      $t9, 0x0000($t6)           ## FFFFFFF0
/* 02234 809A84B4 8DF90008 */  lw      $t9, 0x0008($t7)           ## 809A8E10
/* 02238 809A84B8 3C09809B */  lui     $t1, %hi(D_809A8E14)       ## $t1 = 809B0000
/* 0223C 809A84BC 25298E14 */  addiu   $t1, $t1, %lo(D_809A8E14)  ## $t1 = 809A8E14
/* 02240 809A84C0 ADD80004 */  sw      $t8, 0x0004($t6)           ## FFFFFFF4
/* 02244 809A84C4 ADD90008 */  sw      $t9, 0x0008($t6)           ## FFFFFFF8
/* 02248 809A84C8 8D2B0000 */  lw      $t3, 0x0000($t1)           ## 809A8E14
/* 0224C 809A84CC 27A80024 */  addiu   $t0, $sp, 0x0024           ## $t0 = FFFFFFE4
/* 02250 809A84D0 8D2A0004 */  lw      $t2, 0x0004($t1)           ## 809A8E18
/* 02254 809A84D4 AD0B0000 */  sw      $t3, 0x0000($t0)           ## FFFFFFE4
/* 02258 809A84D8 8D2B0008 */  lw      $t3, 0x0008($t1)           ## 809A8E1C
/* 0225C 809A84DC AD0A0004 */  sw      $t2, 0x0004($t0)           ## FFFFFFE8
/* 02260 809A84E0 0C060067 */  jal     func_8018019C              
/* 02264 809A84E4 AD0B0008 */  sw      $t3, 0x0008($t0)           ## FFFFFFEC
/* 02268 809A84E8 8FB10050 */  lw      $s1, 0x0050($sp)           
/* 0226C 809A84EC 24010002 */  addiu   $at, $zero, 0x0002         ## $at = 00000002
/* 02270 809A84F0 8622035E */  lh      $v0, 0x035E($s1)           ## 0000035E
/* 02274 809A84F4 10410011 */  beq     $v0, $at, .L809A853C       
/* 02278 809A84F8 24010003 */  addiu   $at, $zero, 0x0003         ## $at = 00000003
/* 0227C 809A84FC 1041000F */  beq     $v0, $at, .L809A853C       
/* 02280 809A8500 3C02809B */  lui     $v0, %hi(D_809A8C94)       ## $v0 = 809B0000
/* 02284 809A8504 00501021 */  addu    $v0, $v0, $s0              
/* 02288 809A8508 80428C94 */  lb      $v0, %lo(D_809A8C94)($v0)  
/* 0228C 809A850C 27A40024 */  addiu   $a0, $sp, 0x0024           ## $a0 = FFFFFFE4
/* 02290 809A8510 284C0000 */  slti    $t4, $v0, 0x0000           
/* 02294 809A8514 398C0001 */  xori    $t4, $t4, 0x0001           ## $t4 = 00000001
/* 02298 809A8518 000C6E00 */  sll     $t5, $t4, 24               
/* 0229C 809A851C 000D7603 */  sra     $t6, $t5, 24               
/* 022A0 809A8520 11C00006 */  beq     $t6, $zero, .L809A853C     
/* 022A4 809A8524 00027880 */  sll     $t7, $v0,  2               
/* 022A8 809A8528 01E27823 */  subu    $t7, $t7, $v0              
/* 022AC 809A852C 000F7880 */  sll     $t7, $t7,  2               
/* 022B0 809A8530 022F2821 */  addu    $a1, $s1, $t7              
/* 022B4 809A8534 0C0606A6 */  jal     func_80181A98              
/* 022B8 809A8538 24A503D8 */  addiu   $a1, $a1, 0x03D8           ## $a1 = 000003D8
.L809A853C:
/* 022BC 809A853C 24010006 */  addiu   $at, $zero, 0x0006         ## $at = 00000006
/* 022C0 809A8540 5601000E */  bnel    $s0, $at, .L809A857C       
/* 022C4 809A8544 02002025 */  or      $a0, $s0, $zero            ## $a0 = 00000000
/* 022C8 809A8548 44806000 */  mtc1    $zero, $f12                ## $f12 = 0.00
/* 022CC 809A854C 24070001 */  addiu   $a3, $zero, 0x0001         ## $a3 = 00000001
/* 022D0 809A8550 44066000 */  mfc1    $a2, $f12                  
/* 022D4 809A8554 0C0600A7 */  jal     func_8018029C              
/* 022D8 809A8558 46006386 */  mov.s   $f14, $f12                 
/* 022DC 809A855C 3C04801D */  lui     $a0, 0x801D                ## $a0 = 801D0000
/* 022E0 809A8560 248415B0 */  addiu   $a0, $a0, 0x15B0           ## $a0 = 801D15B0
/* 022E4 809A8564 0C0606A6 */  jal     func_80181A98              
/* 022E8 809A8568 262503C0 */  addiu   $a1, $s1, 0x03C0           ## $a1 = 000003C0
/* 022EC 809A856C 27A40030 */  addiu   $a0, $sp, 0x0030           ## $a0 = FFFFFFF0
/* 022F0 809A8570 0C0606A6 */  jal     func_80181A98              
/* 022F4 809A8574 262503CC */  addiu   $a1, $s1, 0x03CC           ## $a1 = 000003CC
/* 022F8 809A8578 02002025 */  or      $a0, $s0, $zero            ## $a0 = 00000000
.L809A857C:
/* 022FC 809A857C 0C039FF7 */  jal     func_800E7FDC              
/* 02300 809A8580 26250510 */  addiu   $a1, $s1, 0x0510           ## $a1 = 00000510
/* 02304 809A8584 24020001 */  addiu   $v0, $zero, 0x0001         ## $v0 = 00000001
/* 02308 809A8588 12020017 */  beq     $s0, $v0, .L809A85E8       
/* 0230C 809A858C 24010003 */  addiu   $at, $zero, 0x0003         ## $at = 00000003
/* 02310 809A8590 12010015 */  beq     $s0, $at, .L809A85E8       
/* 02314 809A8594 24010006 */  addiu   $at, $zero, 0x0006         ## $at = 00000006
/* 02318 809A8598 12010013 */  beq     $s0, $at, .L809A85E8       
/* 0231C 809A859C 2401000A */  addiu   $at, $zero, 0x000A         ## $at = 0000000A
/* 02320 809A85A0 12010011 */  beq     $s0, $at, .L809A85E8       
/* 02324 809A85A4 2401000D */  addiu   $at, $zero, 0x000D         ## $at = 0000000D
/* 02328 809A85A8 1201000F */  beq     $s0, $at, .L809A85E8       
/* 0232C 809A85AC 24010010 */  addiu   $at, $zero, 0x0010         ## $at = 00000010
/* 02330 809A85B0 1201000D */  beq     $s0, $at, .L809A85E8       
/* 02334 809A85B4 24010012 */  addiu   $at, $zero, 0x0012         ## $at = 00000012
/* 02338 809A85B8 1201000B */  beq     $s0, $at, .L809A85E8       
/* 0233C 809A85BC 24010013 */  addiu   $at, $zero, 0x0013         ## $at = 00000013
/* 02340 809A85C0 12010009 */  beq     $s0, $at, .L809A85E8       
/* 02344 809A85C4 24010016 */  addiu   $at, $zero, 0x0016         ## $at = 00000016
/* 02348 809A85C8 12010007 */  beq     $s0, $at, .L809A85E8       
/* 0234C 809A85CC 24010018 */  addiu   $at, $zero, 0x0018         ## $at = 00000018
/* 02350 809A85D0 12010005 */  beq     $s0, $at, .L809A85E8       
/* 02354 809A85D4 24010019 */  addiu   $at, $zero, 0x0019         ## $at = 00000019
/* 02358 809A85D8 52010004 */  beql    $s0, $at, .L809A85EC       
/* 0235C 809A85DC 86380354 */  lh      $t8, 0x0354($s1)           ## 00000354
/* 02360 809A85E0 16020010 */  bne     $s0, $v0, .L809A8624       
/* 02364 809A85E4 00000000 */  nop
.L809A85E8:
/* 02368 809A85E8 86380354 */  lh      $t8, 0x0354($s1)           ## 00000354
.L809A85EC:
/* 0236C 809A85EC 0018C880 */  sll     $t9, $t8,  2               
/* 02370 809A85F0 0338C823 */  subu    $t9, $t9, $t8              
/* 02374 809A85F4 0019C880 */  sll     $t9, $t9,  2               
/* 02378 809A85F8 02392021 */  addu    $a0, $s1, $t9              
/* 0237C 809A85FC 0C0606D4 */  jal     func_80181B50              
/* 02380 809A8600 248402C4 */  addiu   $a0, $a0, 0x02C4           ## $a0 = 000002C4
/* 02384 809A8604 86280354 */  lh      $t0, 0x0354($s1)           ## 00000354
/* 02388 809A8608 25090001 */  addiu   $t1, $t0, 0x0001           ## $t1 = 00000001
/* 0238C 809A860C A6290354 */  sh      $t1, 0x0354($s1)           ## 00000354
/* 02390 809A8610 862A0354 */  lh      $t2, 0x0354($s1)           ## 00000354
/* 02394 809A8614 2941000C */  slti    $at, $t2, 0x000C           
/* 02398 809A8618 14200002 */  bne     $at, $zero, .L809A8624     
/* 0239C 809A861C 00000000 */  nop
/* 023A0 809A8620 A6200354 */  sh      $zero, 0x0354($s1)         ## 00000354
.L809A8624:
/* 023A4 809A8624 0C060073 */  jal     func_801801CC              
/* 023A8 809A8628 00000000 */  nop
/* 023AC 809A862C 8FBF001C */  lw      $ra, 0x001C($sp)           
/* 023B0 809A8630 8FB00014 */  lw      $s0, 0x0014($sp)           
/* 023B4 809A8634 8FB10018 */  lw      $s1, 0x0018($sp)           
/* 023B8 809A8638 03E00008 */  jr      $ra                        
/* 023BC 809A863C 27BD0040 */  addiu   $sp, $sp, 0x0040           ## $sp = 00000000


glabel func_809A8640
/* 023C0 809A8640 27BDFFB0 */  addiu   $sp, $sp, 0xFFB0           ## $sp = FFFFFFB0
/* 023C4 809A8644 AFB20034 */  sw      $s2, 0x0034($sp)           
/* 023C8 809A8648 00809025 */  or      $s2, $a0, $zero            ## $s2 = 00000000
/* 023CC 809A864C AFBF004C */  sw      $ra, 0x004C($sp)           
/* 023D0 809A8650 AFB70048 */  sw      $s7, 0x0048($sp)           
/* 023D4 809A8654 AFB60044 */  sw      $s6, 0x0044($sp)           
/* 023D8 809A8658 AFB50040 */  sw      $s5, 0x0040($sp)           
/* 023DC 809A865C AFB4003C */  sw      $s4, 0x003C($sp)           
/* 023E0 809A8660 AFB30038 */  sw      $s3, 0x0038($sp)           
/* 023E4 809A8664 AFB10030 */  sw      $s1, 0x0030($sp)           
/* 023E8 809A8668 AFB0002C */  sw      $s0, 0x002C($sp)           
/* 023EC 809A866C F7B40020 */  sdc1    $f20, 0x0020($sp)          
/* 023F0 809A8670 8CA20000 */  lw      $v0, 0x0000($a1)           ## 00000000
/* 023F4 809A8674 8C5102B4 */  lw      $s1, 0x02B4($v0)           ## 000002B4
/* 023F8 809A8678 2631F000 */  addiu   $s1, $s1, 0xF000           ## $s1 = FFFFF000
/* 023FC 809A867C AC5102B4 */  sw      $s1, 0x02B4($v0)           ## 000002B4
/* 02400 809A8680 8CA40000 */  lw      $a0, 0x0000($a1)           ## 00000000
/* 02404 809A8684 0C04B0B7 */  jal     func_8012C2DC              
/* 02408 809A8688 AFA50054 */  sw      $a1, 0x0054($sp)           
/* 0240C 809A868C 3C0E809B */  lui     $t6, %hi(func_809A847C)    ## $t6 = 809B0000
/* 02410 809A8690 25CE847C */  addiu   $t6, $t6, %lo(func_809A847C) ## $t6 = 809A847C
/* 02414 809A8694 8E450148 */  lw      $a1, 0x0148($s2)           ## 00000148
/* 02418 809A8698 8E460164 */  lw      $a2, 0x0164($s2)           ## 00000164
/* 0241C 809A869C AFB20014 */  sw      $s2, 0x0014($sp)           
/* 02420 809A86A0 AFAE0010 */  sw      $t6, 0x0010($sp)           
/* 02424 809A86A4 8FA40054 */  lw      $a0, 0x0054($sp)           
/* 02428 809A86A8 0C04CECF */  jal     func_80133B3C              
/* 0242C 809A86AC 00003825 */  or      $a3, $zero, $zero          ## $a3 = 00000000
/* 02430 809A86B0 8642035E */  lh      $v0, 0x035E($s2)           ## 0000035E
/* 02434 809A86B4 24010002 */  addiu   $at, $zero, 0x0002         ## $at = 00000002
/* 02438 809A86B8 1041002A */  beq     $v0, $at, .L809A8764       
/* 0243C 809A86BC 24010003 */  addiu   $at, $zero, 0x0003         ## $at = 00000003
/* 02440 809A86C0 10410028 */  beq     $v0, $at, .L809A8764       
/* 02444 809A86C4 00002025 */  or      $a0, $zero, $zero          ## $a0 = 00000000
/* 02448 809A86C8 0C06011E */  jal     func_80180478              
/* 0244C 809A86CC 00002825 */  or      $a1, $zero, $zero          ## $a1 = 00000000
/* 02450 809A86D0 00008025 */  or      $s0, $zero, $zero          ## $s0 = 00000000
/* 02454 809A86D4 02201025 */  or      $v0, $s1, $zero            ## $v0 = FFFFF000
.L809A86D8:
/* 02458 809A86D8 26100001 */  addiu   $s0, $s0, 0x0001           ## $s0 = 00000001
/* 0245C 809A86DC 2A011000 */  slti    $at, $s0, 0x1000           
/* 02460 809A86E0 A0400000 */  sb      $zero, 0x0000($v0)         ## FFFFF000
/* 02464 809A86E4 1420FFFC */  bne     $at, $zero, .L809A86D8     
/* 02468 809A86E8 24420001 */  addiu   $v0, $v0, 0x0001           ## $v0 = FFFFF001
/* 0246C 809A86EC 3C0140A0 */  lui     $at, 0x40A0                ## $at = 40A00000
/* 02470 809A86F0 3C16809B */  lui     $s6, %hi(D_809A8CAC)       ## $s6 = 809B0000
/* 02474 809A86F4 3C15809B */  lui     $s5, %hi(D_809A8CC4)       ## $s5 = 809B0000
/* 02478 809A86F8 4481A000 */  mtc1    $at, $f20                  ## $f20 = 5.00
/* 0247C 809A86FC 26B58CC4 */  addiu   $s5, $s5, %lo(D_809A8CC4)  ## $s5 = 809A8CC4
/* 02480 809A8700 26D68CAC */  addiu   $s6, $s6, %lo(D_809A8CAC)  ## $s6 = 809A8CAC
/* 02484 809A8704 00008025 */  or      $s0, $zero, $zero          ## $s0 = 00000000
/* 02488 809A8708 265303D8 */  addiu   $s3, $s2, 0x03D8           ## $s3 = 000003D8
/* 0248C 809A870C 26540024 */  addiu   $s4, $s2, 0x0024           ## $s4 = 00000024
/* 02490 809A8710 24170005 */  addiu   $s7, $zero, 0x0005         ## $s7 = 00000005
/* 02494 809A8714 44902000 */  mtc1    $s0, $f4                   ## $f4 = 0.00
.L809A8718:
/* 02498 809A8718 240F000E */  addiu   $t7, $zero, 0x000E         ## $t7 = 0000000E
/* 0249C 809A871C AFAF0010 */  sw      $t7, 0x0010($sp)           
/* 024A0 809A8720 468021A0 */  cvt.s.w $f6, $f4                   
/* 024A4 809A8724 02602025 */  or      $a0, $s3, $zero            ## $a0 = 000003D8
/* 024A8 809A8728 02802825 */  or      $a1, $s4, $zero            ## $a1 = 00000024
/* 024AC 809A872C 02203025 */  or      $a2, $s1, $zero            ## $a2 = FFFFF000
/* 024B0 809A8730 AFB50014 */  sw      $s5, 0x0014($sp)           
/* 024B4 809A8734 AFB60018 */  sw      $s6, 0x0018($sp)           
/* 024B8 809A8738 46143203 */  div.s   $f8, $f6, $f20             
/* 024BC 809A873C 44074000 */  mfc1    $a3, $f8                   
/* 024C0 809A8740 0C04F359 */  jal     func_8013CD64              
/* 024C4 809A8744 00000000 */  nop
/* 024C8 809A8748 26100001 */  addiu   $s0, $s0, 0x0001           ## $s0 = 00000001
/* 024CC 809A874C 5617FFF2 */  bnel    $s0, $s7, .L809A8718       
/* 024D0 809A8750 44902000 */  mtc1    $s0, $f4                   ## $f4 = 0.00
/* 024D4 809A8754 02402025 */  or      $a0, $s2, $zero            ## $a0 = 00000000
/* 024D8 809A8758 8FA50054 */  lw      $a1, 0x0054($sp)           
/* 024DC 809A875C 0C04F3C1 */  jal     func_8013CF04              
/* 024E0 809A8760 02203025 */  or      $a2, $s1, $zero            ## $a2 = FFFFF000
.L809A8764:
/* 024E4 809A8764 864302B6 */  lh      $v1, 0x02B6($s2)           ## 000002B6
/* 024E8 809A8768 50600033 */  beql    $v1, $zero, .L809A8838     
/* 024EC 809A876C 02402025 */  or      $a0, $s2, $zero            ## $a0 = 00000000
/* 024F0 809A8770 44835000 */  mtc1    $v1, $f10                  ## $f10 = 0.00
/* 024F4 809A8774 3C01809B */  lui     $at, %hi(D_809A8E8C)       ## $at = 809B0000
/* 024F8 809A8778 C4328E8C */  lwc1    $f18, %lo(D_809A8E8C)($at) 
/* 024FC 809A877C 46805420 */  cvt.s.w $f16, $f10                 
/* 02500 809A8780 864202B8 */  lh      $v0, 0x02B8($s2)           ## 000002B8
/* 02504 809A8784 2401000B */  addiu   $at, $zero, 0x000B         ## $at = 0000000B
/* 02508 809A8788 3C063DCC */  lui     $a2, 0x3DCC                ## $a2 = 3DCC0000
/* 0250C 809A878C 34C6CCCD */  ori     $a2, $a2, 0xCCCD           ## $a2 = 3DCCCCCD
/* 02510 809A8790 264402C0 */  addiu   $a0, $s2, 0x02C0           ## $a0 = 000002C0
/* 02514 809A8794 46128502 */  mul.s   $f20, $f16, $f18           
/* 02518 809A8798 10410003 */  beq     $v0, $at, .L809A87A8       
/* 0251C 809A879C 3C073D23 */  lui     $a3, 0x3D23                ## $a3 = 3D230000
/* 02520 809A87A0 2401000A */  addiu   $at, $zero, 0x000A         ## $at = 0000000A
/* 02524 809A87A4 14410013 */  bne     $v0, $at, .L809A87F4       
.L809A87A8:
/* 02528 809A87A8 3C013F00 */  lui     $at, 0x3F00                ## $at = 3F000000
/* 0252C 809A87AC 44811000 */  mtc1    $at, $f2                   ## $f2 = 0.50
/* 02530 809A87B0 3C01809B */  lui     $at, %hi(D_809A8E90)       ## $at = 809B0000
/* 02534 809A87B4 C4268E90 */  lwc1    $f6, %lo(D_809A8E90)($at)  
/* 02538 809A87B8 C64402BC */  lwc1    $f4, 0x02BC($s2)           ## 000002BC
/* 0253C 809A87BC 46062200 */  add.s   $f8, $f4, $f6              
/* 02540 809A87C0 E64802BC */  swc1    $f8, 0x02BC($s2)           ## 000002BC
/* 02544 809A87C4 C64002BC */  lwc1    $f0, 0x02BC($s2)           ## 000002BC
/* 02548 809A87C8 4600103C */  c.lt.s  $f2, $f0                   
/* 0254C 809A87CC 00000000 */  nop
/* 02550 809A87D0 45020004 */  bc1fl   .L809A87E4                 
/* 02554 809A87D4 44050000 */  mfc1    $a1, $f0                   
/* 02558 809A87D8 E64202BC */  swc1    $f2, 0x02BC($s2)           ## 000002BC
/* 0255C 809A87DC C64002BC */  lwc1    $f0, 0x02BC($s2)           ## 000002BC
/* 02560 809A87E0 44050000 */  mfc1    $a1, $f0                   
.L809A87E4:
/* 02564 809A87E4 0C03FF7E */  jal     func_800FFDF8              
/* 02568 809A87E8 34E7D70A */  ori     $a3, $a3, 0xD70A           ## $a3 = 3D23D70A
/* 0256C 809A87EC 10000006 */  beq     $zero, $zero, .L809A8808   
/* 02570 809A87F0 C64A02BC */  lwc1    $f10, 0x02BC($s2)          ## 000002BC
.L809A87F4:
/* 02574 809A87F4 3C01809B */  lui     $at, %hi(D_809A8E94)       ## $at = 809B0000
/* 02578 809A87F8 C4208E94 */  lwc1    $f0, %lo(D_809A8E94)($at)  
/* 0257C 809A87FC E64002BC */  swc1    $f0, 0x02BC($s2)           ## 000002BC
/* 02580 809A8800 E64002C0 */  swc1    $f0, 0x02C0($s2)           ## 000002C0
/* 02584 809A8804 C64A02BC */  lwc1    $f10, 0x02BC($s2)          ## 000002BC
.L809A8808:
/* 02588 809A8808 8FA40054 */  lw      $a0, 0x0054($sp)           
/* 0258C 809A880C 02402825 */  or      $a1, $s2, $zero            ## $a1 = 00000000
/* 02590 809A8810 E7AA0010 */  swc1    $f10, 0x0010($sp)          
/* 02594 809A8814 C65002C0 */  lwc1    $f16, 0x02C0($s2)          ## 000002C0
/* 02598 809A8818 E7B40018 */  swc1    $f20, 0x0018($sp)          
/* 0259C 809A881C 264602C4 */  addiu   $a2, $s2, 0x02C4           ## $a2 = 000002C4
/* 025A0 809A8820 E7B00014 */  swc1    $f16, 0x0014($sp)          
/* 025A4 809A8824 865802B8 */  lh      $t8, 0x02B8($s2)           ## 000002B8
/* 025A8 809A8828 2407000C */  addiu   $a3, $zero, 0x000C         ## $a3 = 0000000C
/* 025AC 809A882C 0C02F9A0 */  jal     func_800BE680              
/* 025B0 809A8830 AFB8001C */  sw      $t8, 0x001C($sp)           
/* 025B4 809A8834 02402025 */  or      $a0, $s2, $zero            ## $a0 = 00000000
.L809A8838:
/* 025B8 809A8838 0C26A299 */  jal     func_809A8A64              
/* 025BC 809A883C 8FA50054 */  lw      $a1, 0x0054($sp)           
/* 025C0 809A8840 8FBF004C */  lw      $ra, 0x004C($sp)           
/* 025C4 809A8844 D7B40020 */  ldc1    $f20, 0x0020($sp)          
/* 025C8 809A8848 8FB0002C */  lw      $s0, 0x002C($sp)           
/* 025CC 809A884C 8FB10030 */  lw      $s1, 0x0030($sp)           
/* 025D0 809A8850 8FB20034 */  lw      $s2, 0x0034($sp)           
/* 025D4 809A8854 8FB30038 */  lw      $s3, 0x0038($sp)           
/* 025D8 809A8858 8FB4003C */  lw      $s4, 0x003C($sp)           
/* 025DC 809A885C 8FB50040 */  lw      $s5, 0x0040($sp)           
/* 025E0 809A8860 8FB60044 */  lw      $s6, 0x0044($sp)           
/* 025E4 809A8864 8FB70048 */  lw      $s7, 0x0048($sp)           
/* 025E8 809A8868 03E00008 */  jr      $ra                        
/* 025EC 809A886C 27BD0050 */  addiu   $sp, $sp, 0x0050           ## $sp = 00000000


glabel func_809A8870
/* 025F0 809A8870 27BDFFE0 */  addiu   $sp, $sp, 0xFFE0           ## $sp = FFFFFFE0
/* 025F4 809A8874 AFBF001C */  sw      $ra, 0x001C($sp)           
/* 025F8 809A8878 AFB00018 */  sw      $s0, 0x0018($sp)           
/* 025FC 809A887C 249005B0 */  addiu   $s0, $a0, 0x05B0           ## $s0 = 000005B0
/* 02600 809A8880 00001025 */  or      $v0, $zero, $zero          ## $v0 = 00000000
.L809A8884:
/* 02604 809A8884 920E0000 */  lbu     $t6, 0x0000($s0)           ## 000005B0
/* 02608 809A8888 24420001 */  addiu   $v0, $v0, 0x0001           ## $v0 = 00000001
/* 0260C 809A888C 00021400 */  sll     $v0, $v0, 16               
/* 02610 809A8890 15C0001C */  bne     $t6, $zero, .L809A8904     
/* 02614 809A8894 00021403 */  sra     $v0, $v0, 16               
/* 02618 809A8898 240F0001 */  addiu   $t7, $zero, 0x0001         ## $t7 = 00000001
/* 0261C 809A889C A20F0000 */  sb      $t7, 0x0000($s0)           ## 000005B0
/* 02620 809A88A0 8CB90000 */  lw      $t9, 0x0000($a1)           ## 00000000
/* 02624 809A88A4 3C0141A0 */  lui     $at, 0x41A0                ## $at = 41A00000
/* 02628 809A88A8 2408000A */  addiu   $t0, $zero, 0x000A         ## $t0 = 0000000A
/* 0262C 809A88AC AE190004 */  sw      $t9, 0x0004($s0)           ## 000005B4
/* 02630 809A88B0 8CB80004 */  lw      $t8, 0x0004($a1)           ## 00000004
/* 02634 809A88B4 44816000 */  mtc1    $at, $f12                  ## $f12 = 20.00
/* 02638 809A88B8 AE180008 */  sw      $t8, 0x0008($s0)           ## 000005B8
/* 0263C 809A88BC 8CB90008 */  lw      $t9, 0x0008($a1)           ## 00000008
/* 02640 809A88C0 A608002C */  sh      $t0, 0x002C($s0)           ## 000005DC
/* 02644 809A88C4 0C05E570 */  jal     func_801795C0              
/* 02648 809A88C8 AE19000C */  sw      $t9, 0x000C($s0)           ## 000005BC
/* 0264C 809A88CC 3C0141A0 */  lui     $at, 0x41A0                ## $at = 41A00000
/* 02650 809A88D0 44816000 */  mtc1    $at, $f12                  ## $f12 = 20.00
/* 02654 809A88D4 0C05E570 */  jal     func_801795C0              
/* 02658 809A88D8 E6000010 */  swc1    $f0, 0x0010($s0)           ## 000005C0
/* 0265C 809A88DC 3C0141A0 */  lui     $at, 0x41A0                ## $at = 41A00000
/* 02660 809A88E0 44816000 */  mtc1    $at, $f12                  ## $f12 = 20.00
/* 02664 809A88E4 0C05E570 */  jal     func_801795C0              
/* 02668 809A88E8 E6000014 */  swc1    $f0, 0x0014($s0)           ## 000005C4
/* 0266C 809A88EC E6000018 */  swc1    $f0, 0x0018($s0)           ## 000005C8
/* 02670 809A88F0 3C01809B */  lui     $at, %hi(D_809A8E98)       ## $at = 809B0000
/* 02674 809A88F4 0C05E570 */  jal     func_801795C0              
/* 02678 809A88F8 C42C8E98 */  lwc1    $f12, %lo(D_809A8E98)($at) 
/* 0267C 809A88FC 10000004 */  beq     $zero, $zero, .L809A8910   
/* 02680 809A8900 E600001C */  swc1    $f0, 0x001C($s0)           ## 000005CC
.L809A8904:
/* 02684 809A8904 28410064 */  slti    $at, $v0, 0x0064           
/* 02688 809A8908 1420FFDE */  bne     $at, $zero, .L809A8884     
/* 0268C 809A890C 26100030 */  addiu   $s0, $s0, 0x0030           ## $s0 = 000005E0
.L809A8910:
/* 02690 809A8910 8FBF001C */  lw      $ra, 0x001C($sp)           
/* 02694 809A8914 8FB00018 */  lw      $s0, 0x0018($sp)           
/* 02698 809A8918 27BD0020 */  addiu   $sp, $sp, 0x0020           ## $sp = 00000000
/* 0269C 809A891C 03E00008 */  jr      $ra                        
/* 026A0 809A8920 00000000 */  nop


glabel func_809A8924
/* 026A4 809A8924 27BDFFC0 */  addiu   $sp, $sp, 0xFFC0           ## $sp = FFFFFFC0
/* 026A8 809A8928 AFB10030 */  sw      $s1, 0x0030($sp)           
/* 026AC 809A892C 00808825 */  or      $s1, $a0, $zero            ## $s1 = 00000000
/* 026B0 809A8930 AFBF003C */  sw      $ra, 0x003C($sp)           
/* 026B4 809A8934 AFB30038 */  sw      $s3, 0x0038($sp)           
/* 026B8 809A8938 AFB20034 */  sw      $s2, 0x0034($sp)           
/* 026BC 809A893C AFB0002C */  sw      $s0, 0x002C($sp)           
/* 026C0 809A8940 F7B80020 */  sdc1    $f24, 0x0020($sp)          
/* 026C4 809A8944 F7B60018 */  sdc1    $f22, 0x0018($sp)          
/* 026C8 809A8948 F7B40010 */  sdc1    $f20, 0x0010($sp)          
/* 026CC 809A894C AFA50044 */  sw      $a1, 0x0044($sp)           
/* 026D0 809A8950 3C01809B */  lui     $at, %hi(D_809A8E9C)       ## $at = 809B0000
/* 026D4 809A8954 C4388E9C */  lwc1    $f24, %lo(D_809A8E9C)($at) 
/* 026D8 809A8958 3C01809B */  lui     $at, %hi(D_809A8EA0)       ## $at = 809B0000
/* 026DC 809A895C C4368EA0 */  lwc1    $f22, %lo(D_809A8EA0)($at) 
/* 026E0 809A8960 3C01809B */  lui     $at, %hi(D_809A8EA4)       ## $at = 809B0000
/* 026E4 809A8964 263005B0 */  addiu   $s0, $s1, 0x05B0           ## $s0 = 000005B0
/* 026E8 809A8968 C4348EA4 */  lwc1    $f20, %lo(D_809A8EA4)($at) 
/* 026EC 809A896C 00009025 */  or      $s2, $zero, $zero          ## $s2 = 00000000
/* 026F0 809A8970 24130064 */  addiu   $s3, $zero, 0x0064         ## $s3 = 00000064
.L809A8974:
/* 026F4 809A8974 920E0000 */  lbu     $t6, 0x0000($s0)           ## 000005B0
/* 026F8 809A8978 51C0002E */  beql    $t6, $zero, .L809A8A34     
/* 026FC 809A897C 26520001 */  addiu   $s2, $s2, 0x0001           ## $s2 = 00000001
/* 02700 809A8980 C62403CC */  lwc1    $f4, 0x03CC($s1)           ## 000003CC
/* 02704 809A8984 C6060010 */  lwc1    $f6, 0x0010($s0)           ## 000005C0
/* 02708 809A8988 C6100014 */  lwc1    $f16, 0x0014($s0)          ## 000005C4
/* 0270C 809A898C 8602002C */  lh      $v0, 0x002C($s0)           ## 000005DC
/* 02710 809A8990 46062200 */  add.s   $f8, $f4, $f6              
/* 02714 809A8994 C6060018 */  lwc1    $f6, 0x0018($s0)           ## 000005C8
/* 02718 809A8998 26040020 */  addiu   $a0, $s0, 0x0020           ## $a0 = 000005D0
/* 0271C 809A899C 244FFFFF */  addiu   $t7, $v0, 0xFFFF           ## $t7 = FFFFFFFF
/* 02720 809A89A0 E6080004 */  swc1    $f8, 0x0004($s0)           ## 000005B4
/* 02724 809A89A4 C62A03D0 */  lwc1    $f10, 0x03D0($s1)          ## 000003D0
/* 02728 809A89A8 46105480 */  add.s   $f18, $f10, $f16           
/* 0272C 809A89AC E6120008 */  swc1    $f18, 0x0008($s0)          ## 000005B8
/* 02730 809A89B0 C62403D4 */  lwc1    $f4, 0x03D4($s1)           ## 000003D4
/* 02734 809A89B4 46062200 */  add.s   $f8, $f4, $f6              
/* 02738 809A89B8 10400010 */  beq     $v0, $zero, .L809A89FC     
/* 0273C 809A89BC E608000C */  swc1    $f8, 0x000C($s0)           ## 000005BC
/* 02740 809A89C0 8618002E */  lh      $t8, 0x002E($s0)           ## 000005DE
/* 02744 809A89C4 4405A000 */  mfc1    $a1, $f20                  
/* 02748 809A89C8 4406A000 */  mfc1    $a2, $f20                  
/* 0274C 809A89CC 4407B000 */  mfc1    $a3, $f22                  
/* 02750 809A89D0 27190001 */  addiu   $t9, $t8, 0x0001           ## $t9 = 00000001
/* 02754 809A89D4 A60F002C */  sh      $t7, 0x002C($s0)           ## 000005DC
/* 02758 809A89D8 0C03FF7E */  jal     func_800FFDF8              
/* 0275C 809A89DC A619002E */  sh      $t9, 0x002E($s0)           ## 000005DE
/* 02760 809A89E0 8608002E */  lh      $t0, 0x002E($s0)           ## 000005DE
/* 02764 809A89E4 29010008 */  slti    $at, $t0, 0x0008           
/* 02768 809A89E8 14200002 */  bne     $at, $zero, .L809A89F4     
/* 0276C 809A89EC 00000000 */  nop
/* 02770 809A89F0 A600002E */  sh      $zero, 0x002E($s0)         ## 000005DE
.L809A89F4:
/* 02774 809A89F4 1000000C */  beq     $zero, $zero, .L809A8A28   
/* 02778 809A89F8 C6020020 */  lwc1    $f2, 0x0020($s0)           ## 000005D0
.L809A89FC:
/* 0277C 809A89FC 4405A000 */  mfc1    $a1, $f20                  
/* 02780 809A8A00 4406A000 */  mfc1    $a2, $f20                  
/* 02784 809A8A04 0C03FF9A */  jal     func_800FFE68              
/* 02788 809A8A08 26040020 */  addiu   $a0, $s0, 0x0020           ## $a0 = 000005D0
/* 0278C 809A8A0C C6020020 */  lwc1    $f2, 0x0020($s0)           ## 000005D0
/* 02790 809A8A10 4618103C */  c.lt.s  $f2, $f24                  
/* 02794 809A8A14 00000000 */  nop
/* 02798 809A8A18 45020004 */  bc1fl   .L809A8A2C                 
/* 0279C 809A8A1C E6020028 */  swc1    $f2, 0x0028($s0)           ## 000005D8
/* 027A0 809A8A20 A2000000 */  sb      $zero, 0x0000($s0)         ## 000005B0
/* 027A4 809A8A24 C6020020 */  lwc1    $f2, 0x0020($s0)           ## 000005D0
.L809A8A28:
/* 027A8 809A8A28 E6020028 */  swc1    $f2, 0x0028($s0)           ## 000005D8
.L809A8A2C:
/* 027AC 809A8A2C E6020024 */  swc1    $f2, 0x0024($s0)           ## 000005D4
/* 027B0 809A8A30 26520001 */  addiu   $s2, $s2, 0x0001           ## $s2 = 00000002
.L809A8A34:
/* 027B4 809A8A34 1653FFCF */  bne     $s2, $s3, .L809A8974       
/* 027B8 809A8A38 26100030 */  addiu   $s0, $s0, 0x0030           ## $s0 = 000005E0
/* 027BC 809A8A3C 8FBF003C */  lw      $ra, 0x003C($sp)           
/* 027C0 809A8A40 D7B40010 */  ldc1    $f20, 0x0010($sp)          
/* 027C4 809A8A44 D7B60018 */  ldc1    $f22, 0x0018($sp)          
/* 027C8 809A8A48 D7B80020 */  ldc1    $f24, 0x0020($sp)          
/* 027CC 809A8A4C 8FB0002C */  lw      $s0, 0x002C($sp)           
/* 027D0 809A8A50 8FB10030 */  lw      $s1, 0x0030($sp)           
/* 027D4 809A8A54 8FB20034 */  lw      $s2, 0x0034($sp)           
/* 027D8 809A8A58 8FB30038 */  lw      $s3, 0x0038($sp)           
/* 027DC 809A8A5C 03E00008 */  jr      $ra                        
/* 027E0 809A8A60 27BD0040 */  addiu   $sp, $sp, 0x0040           ## $sp = 00000000


glabel func_809A8A64
/* 027E4 809A8A64 27BDFE00 */  addiu   $sp, $sp, 0xFE00           ## $sp = FFFFFE00
/* 027E8 809A8A68 AFB40028 */  sw      $s4, 0x0028($sp)           
/* 027EC 809A8A6C 00A0A025 */  or      $s4, $a1, $zero            ## $s4 = 00000000
/* 027F0 809A8A70 AFBF003C */  sw      $ra, 0x003C($sp)           
/* 027F4 809A8A74 AFBE0038 */  sw      $s8, 0x0038($sp)           
/* 027F8 809A8A78 AFB70034 */  sw      $s7, 0x0034($sp)           
/* 027FC 809A8A7C AFB60030 */  sw      $s6, 0x0030($sp)           
/* 02800 809A8A80 AFB5002C */  sw      $s5, 0x002C($sp)           
/* 02804 809A8A84 AFB30024 */  sw      $s3, 0x0024($sp)           
/* 02808 809A8A88 AFB20020 */  sw      $s2, 0x0020($sp)           
/* 0280C 809A8A8C AFB1001C */  sw      $s1, 0x001C($sp)           
/* 02810 809A8A90 AFB00018 */  sw      $s0, 0x0018($sp)           
/* 02814 809A8A94 8E900000 */  lw      $s0, 0x0000($s4)           ## 00000000
/* 02818 809A8A98 249205B0 */  addiu   $s2, $a0, 0x05B0           ## $s2 = 000005B0
/* 0281C 809A8A9C 0000A825 */  or      $s5, $zero, $zero          ## $s5 = 00000000
/* 02820 809A8AA0 27BE00F0 */  addiu   $s8, $sp, 0x00F0           ## $s8 = FFFFFEF0
/* 02824 809A8AA4 27B70130 */  addiu   $s7, $sp, 0x0130           ## $s7 = FFFFFF30
/* 02828 809A8AA8 27B60170 */  addiu   $s6, $sp, 0x0170           ## $s6 = FFFFFF70
.L809A8AAC:
/* 0282C 809A8AAC 924E0000 */  lbu     $t6, 0x0000($s2)           ## 000005B0
/* 02830 809A8AB0 3C010001 */  lui     $at, 0x0001                ## $at = 00010000
/* 02834 809A8AB4 342187FC */  ori     $at, $at, 0x87FC           ## $at = 000187FC
/* 02838 809A8AB8 11C0005D */  beq     $t6, $zero, .L809A8C30     
/* 0283C 809A8ABC 02C02025 */  or      $a0, $s6, $zero            ## $a0 = FFFFFF70
/* 02840 809A8AC0 3C13801D */  lui     $s3, 0x801D                ## $s3 = 801D0000
/* 02844 809A8AC4 26731DE0 */  addiu   $s3, $s3, 0x1DE0           ## $s3 = 801D1DE0
/* 02848 809A8AC8 8E450004 */  lw      $a1, 0x0004($s2)           ## 000005B4
/* 0284C 809A8ACC 8E460008 */  lw      $a2, 0x0008($s2)           ## 000005B8
/* 02850 809A8AD0 8E47000C */  lw      $a3, 0x000C($s2)           ## 000005BC
/* 02854 809A8AD4 0C04E5EB */  jal     func_801397AC              
/* 02858 809A8AD8 02818821 */  addu    $s1, $s4, $at              
/* 0285C 809A8ADC 02E02025 */  or      $a0, $s7, $zero            ## $a0 = FFFFFF30
/* 02860 809A8AE0 8E450020 */  lw      $a1, 0x0020($s2)           ## 000005D0
/* 02864 809A8AE4 8E460024 */  lw      $a2, 0x0024($s2)           ## 000005D4
/* 02868 809A8AE8 0C04E50A */  jal     func_80139428              
/* 0286C 809A8AEC 8E470028 */  lw      $a3, 0x0028($s2)           ## 000005D8
/* 02870 809A8AF0 C644001C */  lwc1    $f4, 0x001C($s2)           ## 000005CC
/* 02874 809A8AF4 03C02025 */  or      $a0, $s8, $zero            ## $a0 = FFFFFEF0
/* 02878 809A8AF8 00002825 */  or      $a1, $zero, $zero          ## $a1 = 00000000
/* 0287C 809A8AFC 4600218D */  trunc.w.s $f6, $f4                   
/* 02880 809A8B00 00003025 */  or      $a2, $zero, $zero          ## $a2 = 00000000
/* 02884 809A8B04 44073000 */  mfc1    $a3, $f6                   
/* 02888 809A8B08 00000000 */  nop
/* 0288C 809A8B0C 00073C00 */  sll     $a3, $a3, 16               
/* 02890 809A8B10 0C04E523 */  jal     func_8013948C              
/* 02894 809A8B14 00073C03 */  sra     $a3, $a3, 16               
/* 02898 809A8B18 02C02025 */  or      $a0, $s6, $zero            ## $a0 = FFFFFF70
/* 0289C 809A8B1C 02202825 */  or      $a1, $s1, $zero            ## $a1 = 00000000
/* 028A0 809A8B20 0C04E34E */  jal     func_80138D38              
/* 028A4 809A8B24 27A600B0 */  addiu   $a2, $sp, 0x00B0           ## $a2 = FFFFFEB0
/* 028A8 809A8B28 27A400B0 */  addiu   $a0, $sp, 0x00B0           ## $a0 = FFFFFEB0
/* 028AC 809A8B2C 03C02825 */  or      $a1, $s8, $zero            ## $a1 = FFFFFEF0
/* 028B0 809A8B30 0C04E34E */  jal     func_80138D38              
/* 028B4 809A8B34 27A60070 */  addiu   $a2, $sp, 0x0070           ## $a2 = FFFFFE70
/* 028B8 809A8B38 27A40070 */  addiu   $a0, $sp, 0x0070           ## $a0 = FFFFFE70
/* 028BC 809A8B3C 02E02825 */  or      $a1, $s7, $zero            ## $a1 = FFFFFF30
/* 028C0 809A8B40 0C04E34E */  jal     func_80138D38              
/* 028C4 809A8B44 27A601B0 */  addiu   $a2, $sp, 0x01B0           ## $a2 = FFFFFFB0
/* 028C8 809A8B48 8E0302C0 */  lw      $v1, 0x02C0($s0)           ## 000002C0
/* 028CC 809A8B4C 3C19DA38 */  lui     $t9, 0xDA38                ## $t9 = DA380000
/* 028D0 809A8B50 37390003 */  ori     $t9, $t9, 0x0003           ## $t9 = DA380003
/* 028D4 809A8B54 24780008 */  addiu   $t8, $v1, 0x0008           ## $t8 = 00000008
/* 028D8 809A8B58 AE1802C0 */  sw      $t8, 0x02C0($s0)           ## 000002C0
/* 028DC 809A8B5C AC730004 */  sw      $s3, 0x0004($v1)           ## 00000004
/* 028E0 809A8B60 AC790000 */  sw      $t9, 0x0000($v1)           ## 00000000
/* 028E4 809A8B64 8E840000 */  lw      $a0, 0x0000($s4)           ## 00000000
/* 028E8 809A8B68 0C04E706 */  jal     func_80139C18              
/* 028EC 809A8B6C 27A501B0 */  addiu   $a1, $sp, 0x01B0           ## $a1 = FFFFFFB0
/* 028F0 809A8B70 50400030 */  beql    $v0, $zero, .L809A8C34     
/* 028F4 809A8B74 26B50001 */  addiu   $s5, $s5, 0x0001           ## $s5 = 00000001
/* 028F8 809A8B78 8E0302C0 */  lw      $v1, 0x02C0($s0)           ## 000002C0
/* 028FC 809A8B7C 3C09DA38 */  lui     $t1, 0xDA38                ## $t1 = DA380000
/* 02900 809A8B80 35290003 */  ori     $t1, $t1, 0x0003           ## $t1 = DA380003
/* 02904 809A8B84 24680008 */  addiu   $t0, $v1, 0x0008           ## $t0 = 00000008
/* 02908 809A8B88 AE0802C0 */  sw      $t0, 0x02C0($s0)           ## 000002C0
/* 0290C 809A8B8C AC620004 */  sw      $v0, 0x0004($v1)           ## 00000004
/* 02910 809A8B90 AC690000 */  sw      $t1, 0x0000($v1)           ## 00000000
/* 02914 809A8B94 0C04B26F */  jal     func_8012C9BC              
/* 02918 809A8B98 8E840000 */  lw      $a0, 0x0000($s4)           ## 00000000
/* 0291C 809A8B9C 8E1102C0 */  lw      $s1, 0x02C0($s0)           ## 000002C0
/* 02920 809A8BA0 3C0BDB06 */  lui     $t3, 0xDB06                ## $t3 = DB060000
/* 02924 809A8BA4 356B0020 */  ori     $t3, $t3, 0x0020           ## $t3 = DB060020
/* 02928 809A8BA8 262A0008 */  addiu   $t2, $s1, 0x0008           ## $t2 = 00000008
/* 0292C 809A8BAC AE0A02C0 */  sw      $t2, 0x02C0($s0)           ## 000002C0
/* 02930 809A8BB0 AE2B0000 */  sw      $t3, 0x0000($s1)           ## 00000000
/* 02934 809A8BB4 864C002E */  lh      $t4, 0x002E($s2)           ## 000005DE
/* 02938 809A8BB8 3C04809B */  lui     $a0, %hi(D_809A8E20)       ## $a0 = 809B0000
/* 0293C 809A8BBC 000C6880 */  sll     $t5, $t4,  2               
/* 02940 809A8BC0 008D2021 */  addu    $a0, $a0, $t5              
/* 02944 809A8BC4 0C040141 */  jal     func_80100504              
/* 02948 809A8BC8 8C848E20 */  lw      $a0, %lo(D_809A8E20)($a0)  
/* 0294C 809A8BCC AE220004 */  sw      $v0, 0x0004($s1)           ## 00000004
/* 02950 809A8BD0 8E0302C0 */  lw      $v1, 0x02C0($s0)           ## 000002C0
/* 02954 809A8BD4 3C0FFA00 */  lui     $t7, 0xFA00                ## $t7 = FA000000
/* 02958 809A8BD8 2418FFFF */  addiu   $t8, $zero, 0xFFFF         ## $t8 = FFFFFFFF
/* 0295C 809A8BDC 246E0008 */  addiu   $t6, $v1, 0x0008           ## $t6 = 00000008
/* 02960 809A8BE0 AE0E02C0 */  sw      $t6, 0x02C0($s0)           ## 000002C0
/* 02964 809A8BE4 AC780004 */  sw      $t8, 0x0004($v1)           ## 00000004
/* 02968 809A8BE8 AC6F0000 */  sw      $t7, 0x0000($v1)           ## 00000000
/* 0296C 809A8BEC 8E0302C0 */  lw      $v1, 0x02C0($s0)           ## 000002C0
/* 02970 809A8BF0 3C09C8FF */  lui     $t1, 0xC8FF                ## $t1 = C8FF0000
/* 02974 809A8BF4 3529FFFF */  ori     $t1, $t1, 0xFFFF           ## $t1 = C8FFFFFF
/* 02978 809A8BF8 24790008 */  addiu   $t9, $v1, 0x0008           ## $t9 = 00000008
/* 0297C 809A8BFC AE1902C0 */  sw      $t9, 0x02C0($s0)           ## 000002C0
/* 02980 809A8C00 3C08FB00 */  lui     $t0, 0xFB00                ## $t0 = FB000000
/* 02984 809A8C04 AC680000 */  sw      $t0, 0x0000($v1)           ## 00000000
/* 02988 809A8C08 AC690004 */  sw      $t1, 0x0004($v1)           ## 00000004
/* 0298C 809A8C0C 8E1102C0 */  lw      $s1, 0x02C0($s0)           ## 000002C0
/* 02990 809A8C10 3C0BDE00 */  lui     $t3, 0xDE00                ## $t3 = DE000000
/* 02994 809A8C14 3C040404 */  lui     $a0, 0x0404                ## $a0 = 04040000
/* 02998 809A8C18 262A0008 */  addiu   $t2, $s1, 0x0008           ## $t2 = 00000008
/* 0299C 809A8C1C AE0A02C0 */  sw      $t2, 0x02C0($s0)           ## 000002C0
/* 029A0 809A8C20 2484F230 */  addiu   $a0, $a0, 0xF230           ## $a0 = 0403F230
/* 029A4 809A8C24 0C040141 */  jal     func_80100504              
/* 029A8 809A8C28 AE2B0000 */  sw      $t3, 0x0000($s1)           ## 00000000
/* 029AC 809A8C2C AE220004 */  sw      $v0, 0x0004($s1)           ## 00000004
.L809A8C30:
/* 029B0 809A8C30 26B50001 */  addiu   $s5, $s5, 0x0001           ## $s5 = 00000002
.L809A8C34:
/* 029B4 809A8C34 0015AC00 */  sll     $s5, $s5, 16               
/* 029B8 809A8C38 0015AC03 */  sra     $s5, $s5, 16               
/* 029BC 809A8C3C 2AA10064 */  slti    $at, $s5, 0x0064           
/* 029C0 809A8C40 1420FF9A */  bne     $at, $zero, .L809A8AAC     
/* 029C4 809A8C44 26520030 */  addiu   $s2, $s2, 0x0030           ## $s2 = 000005E0
/* 029C8 809A8C48 8FBF003C */  lw      $ra, 0x003C($sp)           
/* 029CC 809A8C4C 8FB00018 */  lw      $s0, 0x0018($sp)           
/* 029D0 809A8C50 8FB1001C */  lw      $s1, 0x001C($sp)           
/* 029D4 809A8C54 8FB20020 */  lw      $s2, 0x0020($sp)           
/* 029D8 809A8C58 8FB30024 */  lw      $s3, 0x0024($sp)           
/* 029DC 809A8C5C 8FB40028 */  lw      $s4, 0x0028($sp)           
/* 029E0 809A8C60 8FB5002C */  lw      $s5, 0x002C($sp)           
/* 029E4 809A8C64 8FB60030 */  lw      $s6, 0x0030($sp)           
/* 029E8 809A8C68 8FB70034 */  lw      $s7, 0x0034($sp)           
/* 029EC 809A8C6C 8FBE0038 */  lw      $s8, 0x0038($sp)           
/* 029F0 809A8C70 03E00008 */  jr      $ra                        
/* 029F4 809A8C74 27BD0200 */  addiu   $sp, $sp, 0x0200           ## $sp = 00000000
/* 029F8 809A8C78 00000000 */  nop
/* 029FC 809A8C7C 00000000 */  nop

.section .data

D_809A8C80: .word \
0x00000000, 0x00000000, 0x00000000, 0x00000000, \
0x00000000
D_809A8C94: .word \
0xFFFF0001, 0x02030405, 0xFFFF0607, 0xFF0809FF, \
0x0A0BFF0C, 0x0DFFFFFF
D_809A8CAC: .word \
0xFFFFFF00, 0x010203FF, 0xFFFFFF06, 0xFFFF08FF, \
0xFF0AFFFF, 0x0CFFFFFF
D_809A8CC4: .word \
0x00000000, 0x00000000, 0x00000000, 0x00000000, \
0x00000000, 0x00000000
D_809A8CDC: .word \
0xF1F100F1, 0xF1F100E0, 0xF1F1F022, 0x3242F1F1, \
0xF1F2F1F1, 0x0000F1F1, 0xF1000000, 0x000000E1
D_809A8CFC: .word 0x01090500, 0x00000015, 0x014E0000, 0x00001870
.word func_809A6280
.word func_809A64E0
.word func_809A8224
.word func_809A8640
D_809A8D1C: .word \
0x03000000, 0xF7CFFFFF, 0x00000000, 0xF7CFFFFF, \
0x00000000, 0x01050100, 0x07000000, 0x00000000, \
0x00000000, 0x02000000, 0xF7CFFFFF, 0x07040000, \
0xF7CFFFFF, 0x00000000, 0x01010000, 0x06000000, \
0x00000000, 0x00000000
D_809A8D64: .word 0x02110911, 0x10000000, 0x00000002
.word D_809A8D1C
D_809A8D74: .word \
0x060042F0, 0x06004BC8, 0x06000F9C, 0x0600066C, \
0x0600524C, 0x060047AC, 0x060008D4, 0x060009E0
D_809A8D94: .word 0x02020002, 0x00020202
D_809A8D9C: .word \
0x3F800000, 0x00000000, 0x3F000000, 0x3F800000, \
0x00000000, 0xBF000000, 0xBF800000, 0x00000000, \
0x3F000000, 0xBF800000, 0x00000000, 0xBF000000, \
0x3F000000, 0x00000000, 0x3F800000, 0xBF000000, \
0x00000000, 0x3F800000, 0x3F000000, 0x00000000, \
0xBF800000, 0xBF000000, 0x00000000, 0xBF800000, \
0x00000000, 0x00000000, 0x00000000
D_809A8E08: .word 0x43FA0000, 0x00000000, 0x00000000
D_809A8E14: .word 0x00000000, 0x00000000, 0x00000000
D_809A8E20: .word \
0x0403C230, 0x0403C830, 0x0403CE30, 0x0403D430, \
0x0403DA30, 0x0403E030, 0x0403E630, 0x0403EC30

.section .rodata

D_809A8E40: .word 0x409FAE14
D_809A8E44: .word 0x3C23D70A
D_809A8E48: .word 0x3F4CCCCD
D_809A8E4C: .word 0x3E4CCCCD
D_809A8E50: .word 0x3DCCCCCD
D_809A8E54: .word 0x3E99999A
D_809A8E58: .word 0x3E4CCCCD
D_809A8E5C: .word 0x3D4CCCCD
D_809A8E60: .word 0x3E4CCCCD
D_809A8E64: .word 0x3D4CCCCD
D_809A8E68: .word 0x3F4CCCCD
D_809A8E6C: .word 0x3E99999A
D_809A8E70: .word 0x3E4CCCCD
D_809A8E74: .word 0x3E99999A
D_809A8E78: .word 0x3E4CCCCD
D_809A8E7C: .word 0x3E99999A
D_809A8E80: .word 0x3E4CCCCD
D_809A8E84: .word 0x3C23D70A
D_809A8E88: .word 0x3C9374BC
D_809A8E8C: .word 0x3D4CCCCD
D_809A8E90: .word 0x3E99999A
D_809A8E94: .word 0x3F4CCCCD
D_809A8E98: .word 0x46EA6000
D_809A8E9C: .word 0x3E4CCCCD
D_809A8EA0: .word 0x3D4CCCCD
D_809A8EA4: .word 0x3DCCCCCD, 0x00000000, 0x00000000


.section .rodata
D_809A8EB0:
.incbin "baserom/En_Grasshopper", 0x2C30, 0x00000260
