.include "macro.inc"

# assembler directives
.set noat      # allow manual use of $at
.set noreorder # don't insert nops after branches
.set gp=64     # allow use of 64-bit general purpose registers

.section .text
glabel func_80A644A0
/* 00000 80A644A0 27BDFFD0 */  addiu   $sp, $sp, 0xFFD0           ## $sp = FFFFFFD0
/* 00004 80A644A4 AFB00028 */  sw      $s0, 0x0028($sp)           
/* 00008 80A644A8 00808025 */  or      $s0, $a0, $zero            ## $s0 = 00000000
/* 0000C 80A644AC AFBF002C */  sw      $ra, 0x002C($sp)           
/* 00010 80A644B0 AFA50034 */  sw      $a1, 0x0034($sp)           
/* 00014 80A644B4 3C0143C8 */  lui     $at, 0x43C8                ## $at = 43C80000
/* 00018 80A644B8 44812000 */  mtc1    $at, $f4                   ## $f4 = 400.00
/* 0001C 80A644BC 240E0001 */  addiu   $t6, $zero, 0x0001         ## $t6 = 00000001
/* 00020 80A644C0 3C053C23 */  lui     $a1, 0x3C23                ## $a1 = 3C230000
/* 00024 80A644C4 A20E001F */  sb      $t6, 0x001F($s0)           ## 0000001F
/* 00028 80A644C8 34A5D70A */  ori     $a1, $a1, 0xD70A           ## $a1 = 3C23D70A
/* 0002C 80A644CC 02002025 */  or      $a0, $s0, $zero            ## $a0 = 00000000
/* 00030 80A644D0 0C02D9F8 */  jal     func_800B67E0              
/* 00034 80A644D4 E60400FC */  swc1    $f4, 0x00FC($s0)           ## 000000FC
/* 00038 80A644D8 240F0064 */  addiu   $t7, $zero, 0x0064         ## $t7 = 00000064
/* 0003C 80A644DC A60F00B0 */  sh      $t7, 0x00B0($s0)           ## 000000B0
/* 00040 80A644E0 A6000258 */  sh      $zero, 0x0258($s0)         ## 00000258
/* 00044 80A644E4 A600025E */  sh      $zero, 0x025E($s0)         ## 0000025E
/* 00048 80A644E8 A6000260 */  sh      $zero, 0x0260($s0)         ## 00000260
/* 0004C 80A644EC A600025C */  sh      $zero, 0x025C($s0)         ## 0000025C
/* 00050 80A644F0 A600025A */  sh      $zero, 0x025A($s0)         ## 0000025A
/* 00054 80A644F4 3C060601 */  lui     $a2, 0x0601                ## $a2 = 06010000
/* 00058 80A644F8 3C070600 */  lui     $a3, 0x0600                ## $a3 = 06000000
/* 0005C 80A644FC 2618018C */  addiu   $t8, $s0, 0x018C           ## $t8 = 0000018C
/* 00060 80A64500 261901EC */  addiu   $t9, $s0, 0x01EC           ## $t9 = 000001EC
/* 00064 80A64504 24080010 */  addiu   $t0, $zero, 0x0010         ## $t0 = 00000010
/* 00068 80A64508 AFA80018 */  sw      $t0, 0x0018($sp)           
/* 0006C 80A6450C AFB90014 */  sw      $t9, 0x0014($sp)           
/* 00070 80A64510 AFB80010 */  sw      $t8, 0x0010($sp)           
/* 00074 80A64514 24E743F0 */  addiu   $a3, $a3, 0x43F0           ## $a3 = 060043F0
/* 00078 80A64518 24C6C240 */  addiu   $a2, $a2, 0xC240           ## $a2 = 0600C240
/* 0007C 80A6451C 8FA40034 */  lw      $a0, 0x0034($sp)           
/* 00080 80A64520 0C04DACC */  jal     func_80136B30              
/* 00084 80A64524 26050144 */  addiu   $a1, $s0, 0x0144           ## $a1 = 00000144
/* 00088 80A64528 0C299155 */  jal     func_80A64554              
/* 0008C 80A6452C 02002025 */  or      $a0, $s0, $zero            ## $a0 = 00000000
/* 00090 80A64530 8FBF002C */  lw      $ra, 0x002C($sp)           
/* 00094 80A64534 8FB00028 */  lw      $s0, 0x0028($sp)           
/* 00098 80A64538 27BD0030 */  addiu   $sp, $sp, 0x0030           ## $sp = 00000000
/* 0009C 80A6453C 03E00008 */  jr      $ra                        
/* 000A0 80A64540 00000000 */  nop


glabel func_80A64544
/* 000A4 80A64544 AFA40000 */  sw      $a0, 0x0000($sp)           
/* 000A8 80A64548 AFA50004 */  sw      $a1, 0x0004($sp)           
/* 000AC 80A6454C 03E00008 */  jr      $ra                        
/* 000B0 80A64550 00000000 */  nop


glabel func_80A64554
/* 000B4 80A64554 27BDFFE8 */  addiu   $sp, $sp, 0xFFE8           ## $sp = FFFFFFE8
/* 000B8 80A64558 AFBF0014 */  sw      $ra, 0x0014($sp)           
/* 000BC 80A6455C 00803825 */  or      $a3, $a0, $zero            ## $a3 = 00000000
/* 000C0 80A64560 8CEE0004 */  lw      $t6, 0x0004($a3)           ## 00000004
/* 000C4 80A64564 3C0580A6 */  lui     $a1, %hi(D_80A65D60)       ## $a1 = 80A60000
/* 000C8 80A64568 24A55D60 */  addiu   $a1, $a1, %lo(D_80A65D60)  ## $a1 = 80A65D60
/* 000CC 80A6456C 35CF0001 */  ori     $t7, $t6, 0x0001           ## $t7 = 00000001
/* 000D0 80A64570 ACEF0004 */  sw      $t7, 0x0004($a3)           ## 00000004
/* 000D4 80A64574 AFA70018 */  sw      $a3, 0x0018($sp)           
/* 000D8 80A64578 24E40144 */  addiu   $a0, $a3, 0x0144           ## $a0 = 00000144
/* 000DC 80A6457C 0C02F717 */  jal     func_800BDC5C              
/* 000E0 80A64580 24060001 */  addiu   $a2, $zero, 0x0001         ## $a2 = 00000001
/* 000E4 80A64584 8FA70018 */  lw      $a3, 0x0018($sp)           
/* 000E8 80A64588 3C1880A6 */  lui     $t8, %hi(func_80A645A4)    ## $t8 = 80A60000
/* 000EC 80A6458C 271845A4 */  addiu   $t8, $t8, %lo(func_80A645A4) ## $t8 = 80A645A4
/* 000F0 80A64590 ACF80188 */  sw      $t8, 0x0188($a3)           ## 00000188
/* 000F4 80A64594 8FBF0014 */  lw      $ra, 0x0014($sp)           
/* 000F8 80A64598 27BD0018 */  addiu   $sp, $sp, 0x0018           ## $sp = 00000000
/* 000FC 80A6459C 03E00008 */  jr      $ra                        
/* 00100 80A645A0 00000000 */  nop


glabel func_80A645A4
/* 00104 80A645A4 27BDFFD8 */  addiu   $sp, $sp, 0xFFD8           ## $sp = FFFFFFD8
/* 00108 80A645A8 AFB00018 */  sw      $s0, 0x0018($sp)           
/* 0010C 80A645AC 00808025 */  or      $s0, $a0, $zero            ## $s0 = 00000000
/* 00110 80A645B0 AFBF001C */  sw      $ra, 0x001C($sp)           
/* 00114 80A645B4 AFA5002C */  sw      $a1, 0x002C($sp)           
/* 00118 80A645B8 860E0092 */  lh      $t6, 0x0092($s0)           ## 00000092
/* 0011C 80A645BC 860F00BE */  lh      $t7, 0x00BE($s0)           ## 000000BE
/* 00120 80A645C0 02002025 */  or      $a0, $s0, $zero            ## $a0 = 00000000
/* 00124 80A645C4 8FA5002C */  lw      $a1, 0x002C($sp)           
/* 00128 80A645C8 01CF1823 */  subu    $v1, $t6, $t7              
/* 0012C 80A645CC 0C299662 */  jal     func_80A65988              
/* 00130 80A645D0 AFA30024 */  sw      $v1, 0x0024($sp)           
/* 00134 80A645D4 02002025 */  or      $a0, $s0, $zero            ## $a0 = 00000000
/* 00138 80A645D8 0C02E134 */  jal     func_800B84D0              
/* 0013C 80A645DC 8FA5002C */  lw      $a1, 0x002C($sp)           
/* 00140 80A645E0 8FA30024 */  lw      $v1, 0x0024($sp)           
/* 00144 80A645E4 10400034 */  beq     $v0, $zero, .L80A646B8     
/* 00148 80A645E8 8FA7002C */  lw      $a3, 0x002C($sp)           
/* 0014C 80A645EC 3C02801F */  lui     $v0, 0x801F                ## $v0 = 801F0000
/* 00150 80A645F0 2442F670 */  addiu   $v0, $v0, 0xF670           ## $v0 = 801EF670
/* 00154 80A645F4 8C580EDC */  lw      $t8, 0x0EDC($v0)           ## 801F054C
/* 00158 80A645F8 3C0580A6 */  lui     $a1, %hi(D_80A65D60)       ## $a1 = 80A60000
/* 0015C 80A645FC 24A55D60 */  addiu   $a1, $a1, %lo(D_80A65D60)  ## $a1 = 80A65D60
/* 00160 80A64600 3319FFFF */  andi    $t9, $t8, 0xFFFF           ## $t9 = 00000000
/* 00164 80A64604 1720000D */  bne     $t9, $zero, .L80A6463C     
/* 00168 80A64608 26040144 */  addiu   $a0, $s0, 0x0144           ## $a0 = 00000144
/* 0016C 80A6460C 3C0580A6 */  lui     $a1, %hi(D_80A65D60)       ## $a1 = 80A60000
/* 00170 80A64610 24A55D60 */  addiu   $a1, $a1, %lo(D_80A65D60)  ## $a1 = 80A65D60
/* 00174 80A64614 26040144 */  addiu   $a0, $s0, 0x0144           ## $a0 = 00000144
/* 00178 80A64618 0C02F717 */  jal     func_800BDC5C              
/* 0017C 80A6461C 00003025 */  or      $a2, $zero, $zero          ## $a2 = 00000000
/* 00180 80A64620 8FA4002C */  lw      $a0, 0x002C($sp)           
/* 00184 80A64624 2405044C */  addiu   $a1, $zero, 0x044C         ## $a1 = 0000044C
/* 00188 80A64628 0C05462C */  jal     func_801518B0              
/* 0018C 80A6462C 02003025 */  or      $a2, $s0, $zero            ## $a2 = 00000000
/* 00190 80A64630 2408044C */  addiu   $t0, $zero, 0x044C         ## $t0 = 0000044C
/* 00194 80A64634 1000001C */  beq     $zero, $zero, .L80A646A8   
/* 00198 80A64638 A6080258 */  sh      $t0, 0x0258($s0)           ## 00000258
.L80A6463C:
/* 0019C 80A6463C 0C02F717 */  jal     func_800BDC5C              
/* 001A0 80A64640 24060001 */  addiu   $a2, $zero, 0x0001         ## $a2 = 00000001
/* 001A4 80A64644 3C02801F */  lui     $v0, 0x801F                ## $v0 = 801F0000
/* 001A8 80A64648 2442F670 */  addiu   $v0, $v0, 0xF670           ## $v0 = 801EF670
/* 001AC 80A6464C 8C490018 */  lw      $t1, 0x0018($v0)           ## 801EF688
/* 001B0 80A64650 24010005 */  addiu   $at, $zero, 0x0005         ## $at = 00000005
/* 001B4 80A64654 8FA7002C */  lw      $a3, 0x002C($sp)           
/* 001B8 80A64658 0121001A */  div     $zero, $t1, $at            
/* 001BC 80A6465C 00005010 */  mfhi    $t2                        
/* 001C0 80A64660 24010003 */  addiu   $at, $zero, 0x0003         ## $at = 00000003
/* 001C4 80A64664 1541000B */  bne     $t2, $at, .L80A64694       
/* 001C8 80A64668 00E02025 */  or      $a0, $a3, $zero            ## $a0 = 00000000
/* 001CC 80A6466C 8C4B0010 */  lw      $t3, 0x0010($v0)           ## 801EF680
/* 001D0 80A64670 24010001 */  addiu   $at, $zero, 0x0001         ## $at = 00000001
/* 001D4 80A64674 24050467 */  addiu   $a1, $zero, 0x0467         ## $a1 = 00000467
/* 001D8 80A64678 15610006 */  bne     $t3, $at, .L80A64694       
/* 001DC 80A6467C 02003025 */  or      $a2, $s0, $zero            ## $a2 = 00000000
/* 001E0 80A64680 0C05462C */  jal     func_801518B0              
/* 001E4 80A64684 00E02025 */  or      $a0, $a3, $zero            ## $a0 = 00000000
/* 001E8 80A64688 240C0467 */  addiu   $t4, $zero, 0x0467         ## $t4 = 00000467
/* 001EC 80A6468C 10000006 */  beq     $zero, $zero, .L80A646A8   
/* 001F0 80A64690 A60C0258 */  sh      $t4, 0x0258($s0)           ## 00000258
.L80A64694:
/* 001F4 80A64694 24050466 */  addiu   $a1, $zero, 0x0466         ## $a1 = 00000466
/* 001F8 80A64698 0C05462C */  jal     func_801518B0              
/* 001FC 80A6469C 02003025 */  or      $a2, $s0, $zero            ## $a2 = 00000000
/* 00200 80A646A0 240D0466 */  addiu   $t5, $zero, 0x0466         ## $t5 = 00000466
/* 00204 80A646A4 A60D0258 */  sh      $t5, 0x0258($s0)           ## 00000258
.L80A646A8:
/* 00208 80A646A8 0C299524 */  jal     func_80A65490              
/* 0020C 80A646AC 02002025 */  or      $a0, $s0, $zero            ## $a0 = 00000000
/* 00210 80A646B0 1000000C */  beq     $zero, $zero, .L80A646E4   
/* 00214 80A646B4 8FBF001C */  lw      $ra, 0x001C($sp)           
.L80A646B8:
/* 00218 80A646B8 04610003 */  bgez    $v1, .L80A646C8            
/* 0021C 80A646BC 00601025 */  or      $v0, $v1, $zero            ## $v0 = 00000000
/* 00220 80A646C0 10000001 */  beq     $zero, $zero, .L80A646C8   
/* 00224 80A646C4 00031023 */  subu    $v0, $zero, $v1            
.L80A646C8:
/* 00228 80A646C8 28411555 */  slti    $at, $v0, 0x1555           
/* 0022C 80A646CC 10200004 */  beq     $at, $zero, .L80A646E0     
/* 00230 80A646D0 02002025 */  or      $a0, $s0, $zero            ## $a0 = 00000000
/* 00234 80A646D4 00E02825 */  or      $a1, $a3, $zero            ## $a1 = 00000000
/* 00238 80A646D8 0C02E185 */  jal     func_800B8614              
/* 0023C 80A646DC 3C0642C8 */  lui     $a2, 0x42C8                ## $a2 = 42C80000
.L80A646E0:
/* 00240 80A646E0 8FBF001C */  lw      $ra, 0x001C($sp)           
.L80A646E4:
/* 00244 80A646E4 8FB00018 */  lw      $s0, 0x0018($sp)           
/* 00248 80A646E8 27BD0028 */  addiu   $sp, $sp, 0x0028           ## $sp = 00000000
/* 0024C 80A646EC 03E00008 */  jr      $ra                        
/* 00250 80A646F0 00000000 */  nop


glabel func_80A646F4
/* 00254 80A646F4 27BDFFE0 */  addiu   $sp, $sp, 0xFFE0           ## $sp = FFFFFFE0
/* 00258 80A646F8 AFB00018 */  sw      $s0, 0x0018($sp)           
/* 0025C 80A646FC 00808025 */  or      $s0, $a0, $zero            ## $s0 = 00000000
/* 00260 80A64700 AFBF001C */  sw      $ra, 0x001C($sp)           
/* 00264 80A64704 00A03825 */  or      $a3, $a1, $zero            ## $a3 = 00000000
/* 00268 80A64708 00E02025 */  or      $a0, $a3, $zero            ## $a0 = 00000000
/* 0026C 80A6470C 0C051D89 */  jal     func_80147624              
/* 00270 80A64710 AFA70024 */  sw      $a3, 0x0024($sp)           
/* 00274 80A64714 104001A6 */  beq     $v0, $zero, .L80A64DB0     
/* 00278 80A64718 8FA70024 */  lw      $a3, 0x0024($sp)           
/* 0027C 80A6471C 86020258 */  lh      $v0, 0x0258($s0)           ## 00000258
/* 00280 80A64720 244EFBB4 */  addiu   $t6, $v0, 0xFBB4           ## $t6 = FFFFFBB4
/* 00284 80A64724 2DC10033 */  sltiu   $at, $t6, 0x0033           
/* 00288 80A64728 102001A1 */  beq     $at, $zero, .L80A64DB0     
/* 0028C 80A6472C 000E7080 */  sll     $t6, $t6,  2               
/* 00290 80A64730 3C0180A6 */  lui     $at, %hi(D_80A65DE0)       ## $at = 80A60000
/* 00294 80A64734 002E0821 */  addu    $at, $at, $t6              
/* 00298 80A64738 8C2E5DE0 */  lw      $t6, %lo(D_80A65DE0)($at)  
/* 0029C 80A6473C 01C00008 */  jr      $t6                        
/* 002A0 80A64740 00000000 */  nop
.L80A64744:
/* 002A4 80A64744 3C0580A6 */  lui     $a1, %hi(D_80A65D60)       ## $a1 = 80A60000
/* 002A8 80A64748 24A55D60 */  addiu   $a1, $a1, %lo(D_80A65D60)  ## $a1 = 80A65D60
/* 002AC 80A6474C 26040144 */  addiu   $a0, $s0, 0x0144           ## $a0 = 00000144
/* 002B0 80A64750 24060001 */  addiu   $a2, $zero, 0x0001         ## $a2 = 00000001
/* 002B4 80A64754 0C02F717 */  jal     func_800BDC5C              
/* 002B8 80A64758 AFA70024 */  sw      $a3, 0x0024($sp)           
/* 002BC 80A6475C 3C09801F */  lui     $t1, 0x801F                ## $t1 = 801F0000
/* 002C0 80A64760 2529F670 */  addiu   $t1, $t1, 0xF670           ## $t1 = 801EF670
/* 002C4 80A64764 912F0F02 */  lbu     $t7, 0x0F02($t1)           ## 801F0572
/* 002C8 80A64768 8FA70024 */  lw      $a3, 0x0024($sp)           
/* 002CC 80A6476C 2405044D */  addiu   $a1, $zero, 0x044D         ## $a1 = 0000044D
/* 002D0 80A64770 31F80008 */  andi    $t8, $t7, 0x0008           ## $t8 = 00000000
/* 002D4 80A64774 13000008 */  beq     $t8, $zero, .L80A64798     
/* 002D8 80A64778 00E02025 */  or      $a0, $a3, $zero            ## $a0 = 00000000
/* 002DC 80A6477C 00E02025 */  or      $a0, $a3, $zero            ## $a0 = 00000000
/* 002E0 80A64780 2405044E */  addiu   $a1, $zero, 0x044E         ## $a1 = 0000044E
/* 002E4 80A64784 0C05462C */  jal     func_801518B0              
/* 002E8 80A64788 02003025 */  or      $a2, $s0, $zero            ## $a2 = 00000000
/* 002EC 80A6478C 2419044E */  addiu   $t9, $zero, 0x044E         ## $t9 = 0000044E
/* 002F0 80A64790 10000187 */  beq     $zero, $zero, .L80A64DB0   
/* 002F4 80A64794 A6190258 */  sh      $t9, 0x0258($s0)           ## 00000258
.L80A64798:
/* 002F8 80A64798 0C05462C */  jal     func_801518B0              
/* 002FC 80A6479C 02003025 */  or      $a2, $s0, $zero            ## $a2 = 00000000
/* 00300 80A647A0 240A044D */  addiu   $t2, $zero, 0x044D         ## $t2 = 0000044D
/* 00304 80A647A4 10000182 */  beq     $zero, $zero, .L80A64DB0   
/* 00308 80A647A8 A60A0258 */  sh      $t2, 0x0258($s0)           ## 00000258
.L80A647AC:
/* 0030C 80A647AC 00E02025 */  or      $a0, $a3, $zero            ## $a0 = 00000000
/* 00310 80A647B0 2405044E */  addiu   $a1, $zero, 0x044E         ## $a1 = 0000044E
/* 00314 80A647B4 0C05462C */  jal     func_801518B0              
/* 00318 80A647B8 02003025 */  or      $a2, $s0, $zero            ## $a2 = 00000000
/* 0031C 80A647BC 240B044E */  addiu   $t3, $zero, 0x044E         ## $t3 = 0000044E
/* 00320 80A647C0 1000017B */  beq     $zero, $zero, .L80A64DB0   
/* 00324 80A647C4 A60B0258 */  sh      $t3, 0x0258($s0)           ## 00000258
.L80A647C8:
/* 00328 80A647C8 3C0580A6 */  lui     $a1, %hi(D_80A65D60)       ## $a1 = 80A60000
/* 0032C 80A647CC 24A55D60 */  addiu   $a1, $a1, %lo(D_80A65D60)  ## $a1 = 80A65D60
/* 00330 80A647D0 26040144 */  addiu   $a0, $s0, 0x0144           ## $a0 = 00000144
/* 00334 80A647D4 00003025 */  or      $a2, $zero, $zero          ## $a2 = 00000000
/* 00338 80A647D8 0C02F717 */  jal     func_800BDC5C              
/* 0033C 80A647DC AFA70024 */  sw      $a3, 0x0024($sp)           
/* 00340 80A647E0 8FA40024 */  lw      $a0, 0x0024($sp)           
/* 00344 80A647E4 24050450 */  addiu   $a1, $zero, 0x0450         ## $a1 = 00000450
/* 00348 80A647E8 0C05462C */  jal     func_801518B0              
/* 0034C 80A647EC 02003025 */  or      $a2, $s0, $zero            ## $a2 = 00000000
/* 00350 80A647F0 240C0450 */  addiu   $t4, $zero, 0x0450         ## $t4 = 00000450
/* 00354 80A647F4 1000016E */  beq     $zero, $zero, .L80A64DB0   
/* 00358 80A647F8 A60C0258 */  sh      $t4, 0x0258($s0)           ## 00000258
.L80A647FC:
/* 0035C 80A647FC 860D025E */  lh      $t5, 0x025E($s0)           ## 0000025E
/* 00360 80A64800 24010001 */  addiu   $at, $zero, 0x0001         ## $at = 00000001
/* 00364 80A64804 15A10011 */  bne     $t5, $at, .L80A6484C       
/* 00368 80A64808 24010453 */  addiu   $at, $zero, 0x0453         ## $at = 00000453
/* 0036C 80A6480C 10410008 */  beq     $v0, $at, .L80A64830       
/* 00370 80A64810 A600025E */  sh      $zero, 0x025E($s0)         ## 0000025E
/* 00374 80A64814 3C0580A6 */  lui     $a1, %hi(D_80A65D60)       ## $a1 = 80A60000
/* 00378 80A64818 24A55D60 */  addiu   $a1, $a1, %lo(D_80A65D60)  ## $a1 = 80A65D60
/* 0037C 80A6481C 26040144 */  addiu   $a0, $s0, 0x0144           ## $a0 = 00000144
/* 00380 80A64820 24060001 */  addiu   $a2, $zero, 0x0001         ## $a2 = 00000001
/* 00384 80A64824 0C02F717 */  jal     func_800BDC5C              
/* 00388 80A64828 AFA70024 */  sw      $a3, 0x0024($sp)           
/* 0038C 80A6482C 8FA70024 */  lw      $a3, 0x0024($sp)           
.L80A64830:
/* 00390 80A64830 00E02025 */  or      $a0, $a3, $zero            ## $a0 = 00000000
/* 00394 80A64834 24050461 */  addiu   $a1, $zero, 0x0461         ## $a1 = 00000461
/* 00398 80A64838 0C05462C */  jal     func_801518B0              
/* 0039C 80A6483C 02003025 */  or      $a2, $s0, $zero            ## $a2 = 00000000
/* 003A0 80A64840 240E0461 */  addiu   $t6, $zero, 0x0461         ## $t6 = 00000461
/* 003A4 80A64844 1000015A */  beq     $zero, $zero, .L80A64DB0   
/* 003A8 80A64848 A60E0258 */  sh      $t6, 0x0258($s0)           ## 00000258
.L80A6484C:
/* 003AC 80A6484C 24010453 */  addiu   $at, $zero, 0x0453         ## $at = 00000453
/* 003B0 80A64850 14410007 */  bne     $v0, $at, .L80A64870       
/* 003B4 80A64854 26040144 */  addiu   $a0, $s0, 0x0144           ## $a0 = 00000144
/* 003B8 80A64858 3C0580A6 */  lui     $a1, %hi(D_80A65D60)       ## $a1 = 80A60000
/* 003BC 80A6485C 24A55D60 */  addiu   $a1, $a1, %lo(D_80A65D60)  ## $a1 = 80A65D60
/* 003C0 80A64860 00003025 */  or      $a2, $zero, $zero          ## $a2 = 00000000
/* 003C4 80A64864 0C02F717 */  jal     func_800BDC5C              
/* 003C8 80A64868 AFA70024 */  sw      $a3, 0x0024($sp)           
/* 003CC 80A6486C 8FA70024 */  lw      $a3, 0x0024($sp)           
.L80A64870:
/* 003D0 80A64870 3C09801F */  lui     $t1, 0x801F                ## $t1 = 801F0000
/* 003D4 80A64874 2529F670 */  addiu   $t1, $t1, 0xF670           ## $t1 = 801EF670
/* 003D8 80A64878 8D2F0EDC */  lw      $t7, 0x0EDC($t1)           ## 801F054C
/* 003DC 80A6487C 3C010001 */  lui     $at, 0x0001                ## $at = 00010000
/* 003E0 80A64880 00270821 */  addu    $at, $at, $a3              
/* 003E4 80A64884 31F8FFFF */  andi    $t8, $t7, 0xFFFF           ## $t8 = 00000000
/* 003E8 80A64888 AC386984 */  sw      $t8, 0x6984($at)           ## 00016984
/* 003EC 80A6488C 00E02025 */  or      $a0, $a3, $zero            ## $a0 = 00000000
/* 003F0 80A64890 2405045A */  addiu   $a1, $zero, 0x045A         ## $a1 = 0000045A
/* 003F4 80A64894 0C05462C */  jal     func_801518B0              
/* 003F8 80A64898 02003025 */  or      $a2, $s0, $zero            ## $a2 = 00000000
/* 003FC 80A6489C 2419045A */  addiu   $t9, $zero, 0x045A         ## $t9 = 0000045A
/* 00400 80A648A0 10000143 */  beq     $zero, $zero, .L80A64DB0   
/* 00404 80A648A4 A6190258 */  sh      $t9, 0x0258($s0)           ## 00000258
.L80A648A8:
/* 00408 80A648A8 00E02025 */  or      $a0, $a3, $zero            ## $a0 = 00000000
/* 0040C 80A648AC 2405044E */  addiu   $a1, $zero, 0x044E         ## $a1 = 0000044E
/* 00410 80A648B0 0C05462C */  jal     func_801518B0              
/* 00414 80A648B4 02003025 */  or      $a2, $s0, $zero            ## $a2 = 00000000
/* 00418 80A648B8 240A044E */  addiu   $t2, $zero, 0x044E         ## $t2 = 0000044E
/* 0041C 80A648BC 1000013C */  beq     $zero, $zero, .L80A64DB0   
/* 00420 80A648C0 A60A0258 */  sh      $t2, 0x0258($s0)           ## 00000258
.L80A648C4:
/* 00424 80A648C4 3C09801F */  lui     $t1, 0x801F                ## $t1 = 801F0000
/* 00428 80A648C8 2529F670 */  addiu   $t1, $t1, 0xF670           ## $t1 = 801EF670
/* 0042C 80A648CC 8D230EDC */  lw      $v1, 0x0EDC($t1)           ## 801F054C
/* 00430 80A648D0 3063FFFF */  andi    $v1, $v1, 0xFFFF           ## $v1 = 00000000
/* 00434 80A648D4 2C6100C8 */  sltiu   $at, $v1, 0x00C8           
/* 00438 80A648D8 54200012 */  bnel    $at, $zero, .L80A64924     
/* 0043C 80A648DC 2C6103E8 */  sltiu   $at, $v1, 0x03E8           
/* 00440 80A648E0 860B0262 */  lh      $t3, 0x0262($s0)           ## 00000262
/* 00444 80A648E4 296100C8 */  slti    $at, $t3, 0x00C8           
/* 00448 80A648E8 5020000E */  beql    $at, $zero, .L80A64924     
/* 0044C 80A648EC 2C6103E8 */  sltiu   $at, $v1, 0x03E8           
/* 00450 80A648F0 91220F33 */  lbu     $v0, 0x0F33($t1)           ## 801F05A3
/* 00454 80A648F4 00E02025 */  or      $a0, $a3, $zero            ## $a0 = 00000000
/* 00458 80A648F8 2405045B */  addiu   $a1, $zero, 0x045B         ## $a1 = 0000045B
/* 0045C 80A648FC 304C0040 */  andi    $t4, $v0, 0x0040           ## $t4 = 00000000
/* 00460 80A64900 15800007 */  bne     $t4, $zero, .L80A64920     
/* 00464 80A64904 344D0040 */  ori     $t5, $v0, 0x0040           ## $t5 = 00000040
/* 00468 80A64908 A12D0F33 */  sb      $t5, 0x0F33($t1)           ## 801F05A3
/* 0046C 80A6490C 0C05462C */  jal     func_801518B0              
/* 00470 80A64910 02003025 */  or      $a2, $s0, $zero            ## $a2 = 00000000
/* 00474 80A64914 240E045B */  addiu   $t6, $zero, 0x045B         ## $t6 = 0000045B
/* 00478 80A64918 10000125 */  beq     $zero, $zero, .L80A64DB0   
/* 0047C 80A6491C A60E0258 */  sh      $t6, 0x0258($s0)           ## 00000258
.L80A64920:
/* 00480 80A64920 2C6103E8 */  sltiu   $at, $v1, 0x03E8           
.L80A64924:
/* 00484 80A64924 54200012 */  bnel    $at, $zero, .L80A64970     
/* 00488 80A64928 2C611388 */  sltiu   $at, $v1, 0x1388           
/* 0048C 80A6492C 860F0262 */  lh      $t7, 0x0262($s0)           ## 00000262
/* 00490 80A64930 29E103E8 */  slti    $at, $t7, 0x03E8           
/* 00494 80A64934 5020000E */  beql    $at, $zero, .L80A64970     
/* 00498 80A64938 2C611388 */  sltiu   $at, $v1, 0x1388           
/* 0049C 80A6493C 91220F33 */  lbu     $v0, 0x0F33($t1)           ## 00000F33
/* 004A0 80A64940 00E02025 */  or      $a0, $a3, $zero            ## $a0 = 00000000
/* 004A4 80A64944 2405045C */  addiu   $a1, $zero, 0x045C         ## $a1 = 0000045C
/* 004A8 80A64948 30580080 */  andi    $t8, $v0, 0x0080           ## $t8 = 00000000
/* 004AC 80A6494C 17000007 */  bne     $t8, $zero, .L80A6496C     
/* 004B0 80A64950 34590080 */  ori     $t9, $v0, 0x0080           ## $t9 = 00000080
/* 004B4 80A64954 A1390F33 */  sb      $t9, 0x0F33($t1)           ## 00000F33
/* 004B8 80A64958 0C05462C */  jal     func_801518B0              
/* 004BC 80A6495C 02003025 */  or      $a2, $s0, $zero            ## $a2 = 00000000
/* 004C0 80A64960 240A045C */  addiu   $t2, $zero, 0x045C         ## $t2 = 0000045C
/* 004C4 80A64964 10000112 */  beq     $zero, $zero, .L80A64DB0   
/* 004C8 80A64968 A60A0258 */  sh      $t2, 0x0258($s0)           ## 00000258
.L80A6496C:
/* 004CC 80A6496C 2C611388 */  sltiu   $at, $v1, 0x1388           
.L80A64970:
/* 004D0 80A64970 1420002F */  bne     $at, $zero, .L80A64A30     
/* 004D4 80A64974 26040144 */  addiu   $a0, $s0, 0x0144           ## $a0 = 00000144
/* 004D8 80A64978 86020262 */  lh      $v0, 0x0262($s0)           ## 00000262
/* 004DC 80A6497C 00037400 */  sll     $t6, $v1, 16               
/* 004E0 80A64980 000E7C03 */  sra     $t7, $t6, 16               
/* 004E4 80A64984 28411388 */  slti    $at, $v0, 0x1388           
/* 004E8 80A64988 5020000E */  beql    $at, $zero, .L80A649C4     
/* 004EC 80A6498C 004F082A */  slt     $at, $v0, $t7              
/* 004F0 80A64990 91280F34 */  lbu     $t0, 0x0F34($t1)           ## 00000F34
/* 004F4 80A64994 00E02025 */  or      $a0, $a3, $zero            ## $a0 = 00000000
/* 004F8 80A64998 2405045D */  addiu   $a1, $zero, 0x045D         ## $a1 = 0000045D
/* 004FC 80A6499C 310B0001 */  andi    $t3, $t0, 0x0001           ## $t3 = 00000000
/* 00500 80A649A0 15600007 */  bne     $t3, $zero, .L80A649C0     
/* 00504 80A649A4 350C0001 */  ori     $t4, $t0, 0x0001           ## $t4 = 00000001
/* 00508 80A649A8 A12C0F34 */  sb      $t4, 0x0F34($t1)           ## 00000F34
/* 0050C 80A649AC 0C05462C */  jal     func_801518B0              
/* 00510 80A649B0 02003025 */  or      $a2, $s0, $zero            ## $a2 = 00000000
/* 00514 80A649B4 240D045D */  addiu   $t5, $zero, 0x045D         ## $t5 = 0000045D
/* 00518 80A649B8 100000FD */  beq     $zero, $zero, .L80A64DB0   
/* 0051C 80A649BC A60D0258 */  sh      $t5, 0x0258($s0)           ## 00000258
.L80A649C0:
/* 00520 80A649C0 004F082A */  slt     $at, $v0, $t7              
.L80A649C4:
/* 00524 80A649C4 1020000E */  beq     $at, $zero, .L80A64A00     
/* 00528 80A649C8 26040144 */  addiu   $a0, $s0, 0x0144           ## $a0 = 00000144
/* 0052C 80A649CC 3C0580A6 */  lui     $a1, %hi(D_80A65D60)       ## $a1 = 80A60000
/* 00530 80A649D0 24A55D60 */  addiu   $a1, $a1, %lo(D_80A65D60)  ## $a1 = 80A65D60
/* 00534 80A649D4 26040144 */  addiu   $a0, $s0, 0x0144           ## $a0 = 00000144
/* 00538 80A649D8 24060001 */  addiu   $a2, $zero, 0x0001         ## $a2 = 00000001
/* 0053C 80A649DC 0C02F717 */  jal     func_800BDC5C              
/* 00540 80A649E0 AFA70024 */  sw      $a3, 0x0024($sp)           
/* 00544 80A649E4 8FA40024 */  lw      $a0, 0x0024($sp)           
/* 00548 80A649E8 2405045E */  addiu   $a1, $zero, 0x045E         ## $a1 = 0000045E
/* 0054C 80A649EC 0C05462C */  jal     func_801518B0              
/* 00550 80A649F0 02003025 */  or      $a2, $s0, $zero            ## $a2 = 00000000
/* 00554 80A649F4 2418045E */  addiu   $t8, $zero, 0x045E         ## $t8 = 0000045E
/* 00558 80A649F8 100000ED */  beq     $zero, $zero, .L80A64DB0   
/* 0055C 80A649FC A6180258 */  sh      $t8, 0x0258($s0)           ## 00000258
.L80A64A00:
/* 00560 80A64A00 3C0580A6 */  lui     $a1, %hi(D_80A65D60)       ## $a1 = 80A60000
/* 00564 80A64A04 24A55D60 */  addiu   $a1, $a1, %lo(D_80A65D60)  ## $a1 = 80A65D60
/* 00568 80A64A08 00003025 */  or      $a2, $zero, $zero          ## $a2 = 00000000
/* 0056C 80A64A0C 0C02F717 */  jal     func_800BDC5C              
/* 00570 80A64A10 AFA70024 */  sw      $a3, 0x0024($sp)           
/* 00574 80A64A14 8FA40024 */  lw      $a0, 0x0024($sp)           
/* 00578 80A64A18 24050460 */  addiu   $a1, $zero, 0x0460         ## $a1 = 00000460
/* 0057C 80A64A1C 0C05462C */  jal     func_801518B0              
/* 00580 80A64A20 02003025 */  or      $a2, $s0, $zero            ## $a2 = 00000000
/* 00584 80A64A24 24190460 */  addiu   $t9, $zero, 0x0460         ## $t9 = 00000460
/* 00588 80A64A28 100000E1 */  beq     $zero, $zero, .L80A64DB0   
/* 0058C 80A64A2C A6190258 */  sh      $t9, 0x0258($s0)           ## 00000258
.L80A64A30:
/* 00590 80A64A30 3C0580A6 */  lui     $a1, %hi(D_80A65D60)       ## $a1 = 80A60000
/* 00594 80A64A34 24A55D60 */  addiu   $a1, $a1, %lo(D_80A65D60)  ## $a1 = 80A65D60
/* 00598 80A64A38 00003025 */  or      $a2, $zero, $zero          ## $a2 = 00000000
/* 0059C 80A64A3C 0C02F717 */  jal     func_800BDC5C              
/* 005A0 80A64A40 AFA70024 */  sw      $a3, 0x0024($sp)           
/* 005A4 80A64A44 8FA40024 */  lw      $a0, 0x0024($sp)           
/* 005A8 80A64A48 24050460 */  addiu   $a1, $zero, 0x0460         ## $a1 = 00000460
/* 005AC 80A64A4C 0C05462C */  jal     func_801518B0              
/* 005B0 80A64A50 02003025 */  or      $a2, $s0, $zero            ## $a2 = 00000000
/* 005B4 80A64A54 240A0460 */  addiu   $t2, $zero, 0x0460         ## $t2 = 00000460
/* 005B8 80A64A58 100000D5 */  beq     $zero, $zero, .L80A64DB0   
/* 005BC 80A64A5C A60A0258 */  sh      $t2, 0x0258($s0)           ## 00000258
.L80A64A60:
/* 005C0 80A64A60 A6000260 */  sh      $zero, 0x0260($s0)         ## 00000260
/* 005C4 80A64A64 AFA70024 */  sw      $a3, 0x0024($sp)           
/* 005C8 80A64A68 0C051DED */  jal     func_801477B4              
/* 005CC 80A64A6C 00E02025 */  or      $a0, $a3, $zero            ## $a0 = 00000000
/* 005D0 80A64A70 0C29955F */  jal     func_80A6557C              
/* 005D4 80A64A74 02002025 */  or      $a0, $s0, $zero            ## $a0 = 00000000
/* 005D8 80A64A78 8FA50024 */  lw      $a1, 0x0024($sp)           
/* 005DC 80A64A7C 0C299564 */  jal     func_80A65590              
/* 005E0 80A64A80 02002025 */  or      $a0, $s0, $zero            ## $a0 = 00000000
/* 005E4 80A64A84 100000CB */  beq     $zero, $zero, .L80A64DB4   
/* 005E8 80A64A88 8FBF001C */  lw      $ra, 0x001C($sp)           
.L80A64A8C:
/* 005EC 80A64A8C 00E02025 */  or      $a0, $a3, $zero            ## $a0 = 00000000
/* 005F0 80A64A90 24050462 */  addiu   $a1, $zero, 0x0462         ## $a1 = 00000462
/* 005F4 80A64A94 0C05462C */  jal     func_801518B0              
/* 005F8 80A64A98 02003025 */  or      $a2, $s0, $zero            ## $a2 = 00000000
/* 005FC 80A64A9C 240B0462 */  addiu   $t3, $zero, 0x0462         ## $t3 = 00000462
/* 00600 80A64AA0 100000C3 */  beq     $zero, $zero, .L80A64DB0   
/* 00604 80A64AA4 A60B0258 */  sh      $t3, 0x0258($s0)           ## 00000258
.L80A64AA8:
/* 00608 80A64AA8 00E02025 */  or      $a0, $a3, $zero            ## $a0 = 00000000
/* 0060C 80A64AAC 24050463 */  addiu   $a1, $zero, 0x0463         ## $a1 = 00000463
/* 00610 80A64AB0 0C05462C */  jal     func_801518B0              
/* 00614 80A64AB4 02003025 */  or      $a2, $s0, $zero            ## $a2 = 00000000
/* 00618 80A64AB8 240C0463 */  addiu   $t4, $zero, 0x0463         ## $t4 = 00000463
/* 0061C 80A64ABC 100000BC */  beq     $zero, $zero, .L80A64DB0   
/* 00620 80A64AC0 A60C0258 */  sh      $t4, 0x0258($s0)           ## 00000258
.L80A64AC4:
/* 00624 80A64AC4 00E02025 */  or      $a0, $a3, $zero            ## $a0 = 00000000
/* 00628 80A64AC8 24050464 */  addiu   $a1, $zero, 0x0464         ## $a1 = 00000464
/* 0062C 80A64ACC 0C05462C */  jal     func_801518B0              
/* 00630 80A64AD0 02003025 */  or      $a2, $s0, $zero            ## $a2 = 00000000
/* 00634 80A64AD4 240D0464 */  addiu   $t5, $zero, 0x0464         ## $t5 = 00000464
/* 00638 80A64AD8 100000B5 */  beq     $zero, $zero, .L80A64DB0   
/* 0063C 80A64ADC A60D0258 */  sh      $t5, 0x0258($s0)           ## 00000258
.L80A64AE0:
/* 00640 80A64AE0 3C010001 */  lui     $at, 0x0001                ## $at = 00010000
/* 00644 80A64AE4 00270821 */  addu    $at, $at, $a3              
/* 00648 80A64AE8 240E0044 */  addiu   $t6, $zero, 0x0044         ## $t6 = 00000044
/* 0064C 80A64AEC A02E682A */  sb      $t6, 0x682A($at)           ## 0001682A
/* 00650 80A64AF0 0C299600 */  jal     func_80A65800              
/* 00654 80A64AF4 02002025 */  or      $a0, $s0, $zero            ## $a0 = 00000000
/* 00658 80A64AF8 100000AE */  beq     $zero, $zero, .L80A64DB4   
/* 0065C 80A64AFC 8FBF001C */  lw      $ra, 0x001C($sp)           
.L80A64B00:
/* 00660 80A64B00 3C0580A6 */  lui     $a1, %hi(D_80A65D60)       ## $a1 = 80A60000
/* 00664 80A64B04 24A55D60 */  addiu   $a1, $a1, %lo(D_80A65D60)  ## $a1 = 80A65D60
/* 00668 80A64B08 26040144 */  addiu   $a0, $s0, 0x0144           ## $a0 = 00000144
/* 0066C 80A64B0C 00003025 */  or      $a2, $zero, $zero          ## $a2 = 00000000
/* 00670 80A64B10 0C02F717 */  jal     func_800BDC5C              
/* 00674 80A64B14 AFA70024 */  sw      $a3, 0x0024($sp)           
/* 00678 80A64B18 3C09801F */  lui     $t1, 0x801F                ## $t1 = 801F0000
/* 0067C 80A64B1C 2529F670 */  addiu   $t1, $t1, 0xF670           ## $t1 = 801EF670
/* 00680 80A64B20 8FA40024 */  lw      $a0, 0x0024($sp)           
/* 00684 80A64B24 8D2F0EDC */  lw      $t7, 0x0EDC($t1)           ## 801F054C
/* 00688 80A64B28 3C010001 */  lui     $at, 0x0001                ## $at = 00010000
/* 0068C 80A64B2C 00240821 */  addu    $at, $at, $a0              
/* 00690 80A64B30 31F8FFFF */  andi    $t8, $t7, 0xFFFF           ## $t8 = 00000000
/* 00694 80A64B34 AC386984 */  sw      $t8, 0x6984($at)           ## 00016984
/* 00698 80A64B38 2405045A */  addiu   $a1, $zero, 0x045A         ## $a1 = 0000045A
/* 0069C 80A64B3C 0C05462C */  jal     func_801518B0              
/* 006A0 80A64B40 02003025 */  or      $a2, $s0, $zero            ## $a2 = 00000000
/* 006A4 80A64B44 2419045A */  addiu   $t9, $zero, 0x045A         ## $t9 = 0000045A
/* 006A8 80A64B48 10000099 */  beq     $zero, $zero, .L80A64DB0   
/* 006AC 80A64B4C A6190258 */  sh      $t9, 0x0258($s0)           ## 00000258
.L80A64B50:
/* 006B0 80A64B50 00E02025 */  or      $a0, $a3, $zero            ## $a0 = 00000000
/* 006B4 80A64B54 24050468 */  addiu   $a1, $zero, 0x0468         ## $a1 = 00000468
/* 006B8 80A64B58 0C05462C */  jal     func_801518B0              
/* 006BC 80A64B5C 02003025 */  or      $a2, $s0, $zero            ## $a2 = 00000000
/* 006C0 80A64B60 240A0468 */  addiu   $t2, $zero, 0x0468         ## $t2 = 00000468
/* 006C4 80A64B64 10000092 */  beq     $zero, $zero, .L80A64DB0   
/* 006C8 80A64B68 A60A0258 */  sh      $t2, 0x0258($s0)           ## 00000258
.L80A64B6C:
/* 006CC 80A64B6C 0C299600 */  jal     func_80A65800              
/* 006D0 80A64B70 02002025 */  or      $a0, $s0, $zero            ## $a0 = 00000000
/* 006D4 80A64B74 1000008F */  beq     $zero, $zero, .L80A64DB4   
/* 006D8 80A64B78 8FBF001C */  lw      $ra, 0x001C($sp)           
.L80A64B7C:
/* 006DC 80A64B7C 860B025C */  lh      $t3, 0x025C($s0)           ## 0000025C
/* 006E0 80A64B80 3C09801F */  lui     $t1, 0x801F                ## $t1 = 801F0000
/* 006E4 80A64B84 2529F670 */  addiu   $t1, $t1, 0xF670           ## $t1 = 801EF670
/* 006E8 80A64B88 55600020 */  bnel    $t3, $zero, .L80A64C0C     
/* 006EC 80A64B8C 8D2A0018 */  lw      $t2, 0x0018($t1)           ## 801EF688
/* 006F0 80A64B90 3C09801F */  lui     $t1, 0x801F                ## $t1 = 801F0000
/* 006F4 80A64B94 2529F670 */  addiu   $t1, $t1, 0xF670           ## $t1 = 801EF670
/* 006F8 80A64B98 8D2C0EDC */  lw      $t4, 0x0EDC($t1)           ## 801F054C
/* 006FC 80A64B9C 00E02025 */  or      $a0, $a3, $zero            ## $a0 = 00000000
/* 00700 80A64BA0 2405045F */  addiu   $a1, $zero, 0x045F         ## $a1 = 0000045F
/* 00704 80A64BA4 318DFFFF */  andi    $t5, $t4, 0xFFFF           ## $t5 = 00000000
/* 00708 80A64BA8 2DA11388 */  sltiu   $at, $t5, 0x1388           
/* 0070C 80A64BAC 54200007 */  bnel    $at, $zero, .L80A64BCC     
/* 00710 80A64BB0 852F003A */  lh      $t7, 0x003A($t1)           ## 801EF6AA
/* 00714 80A64BB4 0C05462C */  jal     func_801518B0              
/* 00718 80A64BB8 02003025 */  or      $a2, $s0, $zero            ## $a2 = 00000000
/* 0071C 80A64BBC 240E045F */  addiu   $t6, $zero, 0x045F         ## $t6 = 0000045F
/* 00720 80A64BC0 10000028 */  beq     $zero, $zero, .L80A64C64   
/* 00724 80A64BC4 A60E0258 */  sh      $t6, 0x0258($s0)           ## 00000258
/* 00728 80A64BC8 852F003A */  lh      $t7, 0x003A($t1)           ## 0000003A
.L80A64BCC:
/* 0072C 80A64BCC 02003025 */  or      $a2, $s0, $zero            ## $a2 = 00000000
/* 00730 80A64BD0 00E02025 */  or      $a0, $a3, $zero            ## $a0 = 00000000
/* 00734 80A64BD4 15E00007 */  bne     $t7, $zero, .L80A64BF4     
/* 00738 80A64BD8 24050479 */  addiu   $a1, $zero, 0x0479         ## $a1 = 00000479
/* 0073C 80A64BDC 00E02025 */  or      $a0, $a3, $zero            ## $a0 = 00000000
/* 00740 80A64BE0 0C05462C */  jal     func_801518B0              
/* 00744 80A64BE4 24050458 */  addiu   $a1, $zero, 0x0458         ## $a1 = 00000458
/* 00748 80A64BE8 24180458 */  addiu   $t8, $zero, 0x0458         ## $t8 = 00000458
/* 0074C 80A64BEC 1000001D */  beq     $zero, $zero, .L80A64C64   
/* 00750 80A64BF0 A6180258 */  sh      $t8, 0x0258($s0)           ## 00000258
.L80A64BF4:
/* 00754 80A64BF4 0C05462C */  jal     func_801518B0              
/* 00758 80A64BF8 02003025 */  or      $a2, $s0, $zero            ## $a2 = 00000000
/* 0075C 80A64BFC 24190479 */  addiu   $t9, $zero, 0x0479         ## $t9 = 00000479
/* 00760 80A64C00 10000018 */  beq     $zero, $zero, .L80A64C64   
/* 00764 80A64C04 A6190258 */  sh      $t9, 0x0258($s0)           ## 00000258
/* 00768 80A64C08 8D2A0018 */  lw      $t2, 0x0018($t1)           ## 00000018
.L80A64C0C:
/* 0076C 80A64C0C 24010005 */  addiu   $at, $zero, 0x0005         ## $at = 00000005
/* 00770 80A64C10 00E02025 */  or      $a0, $a3, $zero            ## $a0 = 00000000
/* 00774 80A64C14 0141001A */  div     $zero, $t2, $at            
/* 00778 80A64C18 00005810 */  mfhi    $t3                        
/* 0077C 80A64C1C 24010003 */  addiu   $at, $zero, 0x0003         ## $at = 00000003
/* 00780 80A64C20 1561000C */  bne     $t3, $at, .L80A64C54       
/* 00784 80A64C24 2405046B */  addiu   $a1, $zero, 0x046B         ## $a1 = 0000046B
/* 00788 80A64C28 8D2C0010 */  lw      $t4, 0x0010($t1)           ## 00000010
/* 0078C 80A64C2C 24010001 */  addiu   $at, $zero, 0x0001         ## $at = 00000001
/* 00790 80A64C30 02003025 */  or      $a2, $s0, $zero            ## $a2 = 00000000
/* 00794 80A64C34 15810007 */  bne     $t4, $at, .L80A64C54       
/* 00798 80A64C38 00000000 */  nop
/* 0079C 80A64C3C 00E02025 */  or      $a0, $a3, $zero            ## $a0 = 00000000
/* 007A0 80A64C40 0C05462C */  jal     func_801518B0              
/* 007A4 80A64C44 2405046D */  addiu   $a1, $zero, 0x046D         ## $a1 = 0000046D
/* 007A8 80A64C48 240D046D */  addiu   $t5, $zero, 0x046D         ## $t5 = 0000046D
/* 007AC 80A64C4C 10000005 */  beq     $zero, $zero, .L80A64C64   
/* 007B0 80A64C50 A60D0258 */  sh      $t5, 0x0258($s0)           ## 00000258
.L80A64C54:
/* 007B4 80A64C54 0C05462C */  jal     func_801518B0              
/* 007B8 80A64C58 02003025 */  or      $a2, $s0, $zero            ## $a2 = 00000000
/* 007BC 80A64C5C 240E046B */  addiu   $t6, $zero, 0x046B         ## $t6 = 0000046B
/* 007C0 80A64C60 A60E0258 */  sh      $t6, 0x0258($s0)           ## 00000258
.L80A64C64:
/* 007C4 80A64C64 10000052 */  beq     $zero, $zero, .L80A64DB0   
/* 007C8 80A64C68 A600025C */  sh      $zero, 0x025C($s0)         ## 0000025C
.L80A64C6C:
/* 007CC 80A64C6C 00E02025 */  or      $a0, $a3, $zero            ## $a0 = 00000000
/* 007D0 80A64C70 2405046E */  addiu   $a1, $zero, 0x046E         ## $a1 = 0000046E
/* 007D4 80A64C74 0C05462C */  jal     func_801518B0              
/* 007D8 80A64C78 02003025 */  or      $a2, $s0, $zero            ## $a2 = 00000000
/* 007DC 80A64C7C 240F046E */  addiu   $t7, $zero, 0x046E         ## $t7 = 0000046E
/* 007E0 80A64C80 1000004B */  beq     $zero, $zero, .L80A64DB0   
/* 007E4 80A64C84 A60F0258 */  sh      $t7, 0x0258($s0)           ## 00000258
.L80A64C88:
/* 007E8 80A64C88 00E02025 */  or      $a0, $a3, $zero            ## $a0 = 00000000
/* 007EC 80A64C8C 2405046B */  addiu   $a1, $zero, 0x046B         ## $a1 = 0000046B
/* 007F0 80A64C90 0C05462C */  jal     func_801518B0              
/* 007F4 80A64C94 02003025 */  or      $a2, $s0, $zero            ## $a2 = 00000000
/* 007F8 80A64C98 2418046B */  addiu   $t8, $zero, 0x046B         ## $t8 = 0000046B
/* 007FC 80A64C9C 10000044 */  beq     $zero, $zero, .L80A64DB0   
/* 00800 80A64CA0 A6180258 */  sh      $t8, 0x0258($s0)           ## 00000258
.L80A64CA4:
/* 00804 80A64CA4 00E02025 */  or      $a0, $a3, $zero            ## $a0 = 00000000
/* 00808 80A64CA8 0C051D89 */  jal     func_80147624              
/* 0080C 80A64CAC AFA70024 */  sw      $a3, 0x0024($sp)           
/* 00810 80A64CB0 1040003F */  beq     $v0, $zero, .L80A64DB0     
/* 00814 80A64CB4 8FA70024 */  lw      $a3, 0x0024($sp)           
/* 00818 80A64CB8 0C051DED */  jal     func_801477B4              
/* 0081C 80A64CBC 00E02025 */  or      $a0, $a3, $zero            ## $a0 = 00000000
/* 00820 80A64CC0 A6000260 */  sh      $zero, 0x0260($s0)         ## 00000260
/* 00824 80A64CC4 0C299155 */  jal     func_80A64554              
/* 00828 80A64CC8 02002025 */  or      $a0, $s0, $zero            ## $a0 = 00000000
/* 0082C 80A64CCC 10000039 */  beq     $zero, $zero, .L80A64DB4   
/* 00830 80A64CD0 8FBF001C */  lw      $ra, 0x001C($sp)           
.L80A64CD4:
/* 00834 80A64CD4 3C0580A6 */  lui     $a1, %hi(D_80A65D60)       ## $a1 = 80A60000
/* 00838 80A64CD8 24A55D60 */  addiu   $a1, $a1, %lo(D_80A65D60)  ## $a1 = 80A65D60
/* 0083C 80A64CDC 26040144 */  addiu   $a0, $s0, 0x0144           ## $a0 = 00000144
/* 00840 80A64CE0 24060001 */  addiu   $a2, $zero, 0x0001         ## $a2 = 00000001
/* 00844 80A64CE4 0C02F717 */  jal     func_800BDC5C              
/* 00848 80A64CE8 AFA70024 */  sw      $a3, 0x0024($sp)           
/* 0084C 80A64CEC 8FA70024 */  lw      $a3, 0x0024($sp)           
.L80A64CF0:
/* 00850 80A64CF0 00E02025 */  or      $a0, $a3, $zero            ## $a0 = 00000000
/* 00854 80A64CF4 24050468 */  addiu   $a1, $zero, 0x0468         ## $a1 = 00000468
/* 00858 80A64CF8 0C05462C */  jal     func_801518B0              
/* 0085C 80A64CFC 02003025 */  or      $a2, $s0, $zero            ## $a2 = 00000000
/* 00860 80A64D00 24190468 */  addiu   $t9, $zero, 0x0468         ## $t9 = 00000468
/* 00864 80A64D04 1000002A */  beq     $zero, $zero, .L80A64DB0   
/* 00868 80A64D08 A6190258 */  sh      $t9, 0x0258($s0)           ## 00000258
.L80A64D0C:
/* 0086C 80A64D0C 3C09801F */  lui     $t1, 0x801F                ## $t1 = 801F0000
/* 00870 80A64D10 2529F670 */  addiu   $t1, $t1, 0xF670           ## $t1 = 801EF670
/* 00874 80A64D14 8D230EDC */  lw      $v1, 0x0EDC($t1)           ## 801F054C
/* 00878 80A64D18 3C010001 */  lui     $at, 0x0001                ## $at = 00010000
/* 0087C 80A64D1C 00270821 */  addu    $at, $at, $a3              
/* 00880 80A64D20 3063FFFF */  andi    $v1, $v1, 0xFFFF           ## $v1 = 00000000
/* 00884 80A64D24 14600008 */  bne     $v1, $zero, .L80A64D48     
/* 00888 80A64D28 00E02025 */  or      $a0, $a3, $zero            ## $a0 = 00000000
/* 0088C 80A64D2C 00E02025 */  or      $a0, $a3, $zero            ## $a0 = 00000000
/* 00890 80A64D30 24050478 */  addiu   $a1, $zero, 0x0478         ## $a1 = 00000478
/* 00894 80A64D34 0C05462C */  jal     func_801518B0              
/* 00898 80A64D38 02003025 */  or      $a2, $s0, $zero            ## $a2 = 00000000
/* 0089C 80A64D3C 240A0478 */  addiu   $t2, $zero, 0x0478         ## $t2 = 00000478
/* 008A0 80A64D40 1000001B */  beq     $zero, $zero, .L80A64DB0   
/* 008A4 80A64D44 A60A0258 */  sh      $t2, 0x0258($s0)           ## 00000258
.L80A64D48:
/* 008A8 80A64D48 AC236984 */  sw      $v1, 0x6984($at)           ## 00006984
/* 008AC 80A64D4C 2405045A */  addiu   $a1, $zero, 0x045A         ## $a1 = 0000045A
/* 008B0 80A64D50 0C05462C */  jal     func_801518B0              
/* 008B4 80A64D54 02003025 */  or      $a2, $s0, $zero            ## $a2 = 00000000
/* 008B8 80A64D58 240B045A */  addiu   $t3, $zero, 0x045A         ## $t3 = 0000045A
/* 008BC 80A64D5C 10000014 */  beq     $zero, $zero, .L80A64DB0   
/* 008C0 80A64D60 A60B0258 */  sh      $t3, 0x0258($s0)           ## 00000258
.L80A64D64:
/* 008C4 80A64D64 00E02025 */  or      $a0, $a3, $zero            ## $a0 = 00000000
/* 008C8 80A64D68 24050471 */  addiu   $a1, $zero, 0x0471         ## $a1 = 00000471
/* 008CC 80A64D6C 02003025 */  or      $a2, $s0, $zero            ## $a2 = 00000000
/* 008D0 80A64D70 0C05462C */  jal     func_801518B0              
/* 008D4 80A64D74 AFA70024 */  sw      $a3, 0x0024($sp)           
/* 008D8 80A64D78 8FA70024 */  lw      $a3, 0x0024($sp)           
/* 008DC 80A64D7C 240C0471 */  addiu   $t4, $zero, 0x0471         ## $t4 = 00000471
/* 008E0 80A64D80 3C0D0001 */  lui     $t5, 0x0001                ## $t5 = 00010000
/* 008E4 80A64D84 A60C0258 */  sh      $t4, 0x0258($s0)           ## 00000258
/* 008E8 80A64D88 01A76821 */  addu    $t5, $t5, $a3              
/* 008EC 80A64D8C 8DAD6974 */  lw      $t5, 0x6974($t5)           ## 00016974
/* 008F0 80A64D90 10000007 */  beq     $zero, $zero, .L80A64DB0   
/* 008F4 80A64D94 A60D025A */  sh      $t5, 0x025A($s0)           ## 0000025A
.L80A64D98:
/* 008F8 80A64D98 00E02025 */  or      $a0, $a3, $zero            ## $a0 = 00000000
/* 008FC 80A64D9C 2405044F */  addiu   $a1, $zero, 0x044F         ## $a1 = 0000044F
/* 00900 80A64DA0 0C05462C */  jal     func_801518B0              
/* 00904 80A64DA4 02003025 */  or      $a2, $s0, $zero            ## $a2 = 00000000
/* 00908 80A64DA8 240E044F */  addiu   $t6, $zero, 0x044F         ## $t6 = 0000044F
/* 0090C 80A64DAC A60E0258 */  sh      $t6, 0x0258($s0)           ## 00000258
.L80A64DB0:
/* 00910 80A64DB0 8FBF001C */  lw      $ra, 0x001C($sp)           
.L80A64DB4:
/* 00914 80A64DB4 8FB00018 */  lw      $s0, 0x0018($sp)           
/* 00918 80A64DB8 27BD0020 */  addiu   $sp, $sp, 0x0020           ## $sp = 00000000
/* 0091C 80A64DBC 03E00008 */  jr      $ra                        
/* 00920 80A64DC0 00000000 */  nop


glabel func_80A64DC4
/* 00924 80A64DC4 27BDFFD8 */  addiu   $sp, $sp, 0xFFD8           ## $sp = FFFFFFD8
/* 00928 80A64DC8 AFB00018 */  sw      $s0, 0x0018($sp)           
/* 0092C 80A64DCC 00808025 */  or      $s0, $a0, $zero            ## $s0 = 00000000
/* 00930 80A64DD0 AFBF001C */  sw      $ra, 0x001C($sp)           
/* 00934 80A64DD4 00A03825 */  or      $a3, $a1, $zero            ## $a3 = 00000000
/* 00938 80A64DD8 00E02025 */  or      $a0, $a3, $zero            ## $a0 = 00000000
/* 0093C 80A64DDC 0C051D89 */  jal     func_80147624              
/* 00940 80A64DE0 AFA7002C */  sw      $a3, 0x002C($sp)           
/* 00944 80A64DE4 1040015A */  beq     $v0, $zero, .L80A65350     
/* 00948 80A64DE8 8FA7002C */  lw      $a3, 0x002C($sp)           
/* 0094C 80A64DEC 86020258 */  lh      $v0, 0x0258($s0)           ## 00000258
/* 00950 80A64DF0 2401044E */  addiu   $at, $zero, 0x044E         ## $at = 0000044E
/* 00954 80A64DF4 3C0E0001 */  lui     $t6, 0x0001                ## $t6 = 00010000
/* 00958 80A64DF8 1041000A */  beq     $v0, $at, .L80A64E24       
/* 0095C 80A64DFC 01C77021 */  addu    $t6, $t6, $a3              
/* 00960 80A64E00 24010452 */  addiu   $at, $zero, 0x0452         ## $at = 00000452
/* 00964 80A64E04 1041003A */  beq     $v0, $at, .L80A64EF0       
/* 00968 80A64E08 24010468 */  addiu   $at, $zero, 0x0468         ## $at = 00000468
/* 0096C 80A64E0C 104100B2 */  beq     $v0, $at, .L80A650D8       
/* 00970 80A64E10 24010471 */  addiu   $at, $zero, 0x0471         ## $at = 00000471
/* 00974 80A64E14 504100D9 */  beql    $v0, $at, .L80A6517C       
/* 00978 80A64E18 3C010001 */  lui     $at, 0x0001                ## $at = 00010000
/* 0097C 80A64E1C 1000014D */  beq     $zero, $zero, .L80A65354   
/* 00980 80A64E20 8FBF001C */  lw      $ra, 0x001C($sp)           
.L80A64E24:
/* 00984 80A64E24 91CE6929 */  lbu     $t6, 0x6929($t6)           ## 00016929
/* 00988 80A64E28 3C0F801F */  lui     $t7, 0x801F                ## $t7 = 801F0000
/* 0098C 80A64E2C 15C00027 */  bne     $t6, $zero, .L80A64ECC     
/* 00990 80A64E30 00000000 */  nop
/* 00994 80A64E34 8DEF054C */  lw      $t7, 0x054C($t7)           ## 801F054C
/* 00998 80A64E38 24044806 */  addiu   $a0, $zero, 0x4806         ## $a0 = 00004806
/* 0099C 80A64E3C 3C08801F */  lui     $t0, 0x801F                ## $t0 = 801F0000
/* 009A0 80A64E40 31F8FFFF */  andi    $t8, $t7, 0xFFFF           ## $t8 = 00000000
/* 009A4 80A64E44 2F011388 */  sltiu   $at, $t8, 0x1388           
/* 009A8 80A64E48 1420000A */  bne     $at, $zero, .L80A64E74     
/* 009AC 80A64E4C 00000000 */  nop
/* 009B0 80A64E50 0C067C32 */  jal     func_8019F0C8              
/* 009B4 80A64E54 AFA7002C */  sw      $a3, 0x002C($sp)           
/* 009B8 80A64E58 8FA4002C */  lw      $a0, 0x002C($sp)           
/* 009BC 80A64E5C 2405045F */  addiu   $a1, $zero, 0x045F         ## $a1 = 0000045F
/* 009C0 80A64E60 0C05462C */  jal     func_801518B0              
/* 009C4 80A64E64 02003025 */  or      $a2, $s0, $zero            ## $a2 = 00000000
/* 009C8 80A64E68 2419045F */  addiu   $t9, $zero, 0x045F         ## $t9 = 0000045F
/* 009CC 80A64E6C 10000138 */  beq     $zero, $zero, .L80A65350   
/* 009D0 80A64E70 A6190258 */  sh      $t9, 0x0258($s0)           ## 00000258
.L80A64E74:
/* 009D4 80A64E74 8508F6AA */  lh      $t0, -0x0956($t0)          ## FFFFF6AA
/* 009D8 80A64E78 24044806 */  addiu   $a0, $zero, 0x4806         ## $a0 = 00004806
/* 009DC 80A64E7C 1900000A */  blez    $t0, .L80A64EA8            
/* 009E0 80A64E80 00000000 */  nop
/* 009E4 80A64E84 0C067C82 */  jal     func_8019F208              
/* 009E8 80A64E88 AFA7002C */  sw      $a3, 0x002C($sp)           
/* 009EC 80A64E8C 8FA4002C */  lw      $a0, 0x002C($sp)           
/* 009F0 80A64E90 2405044F */  addiu   $a1, $zero, 0x044F         ## $a1 = 0000044F
/* 009F4 80A64E94 0C05462C */  jal     func_801518B0              
/* 009F8 80A64E98 02003025 */  or      $a2, $s0, $zero            ## $a2 = 00000000
/* 009FC 80A64E9C 2409044F */  addiu   $t1, $zero, 0x044F         ## $t1 = 0000044F
/* 00A00 80A64EA0 1000012B */  beq     $zero, $zero, .L80A65350   
/* 00A04 80A64EA4 A6090258 */  sh      $t1, 0x0258($s0)           ## 00000258
.L80A64EA8:
/* 00A08 80A64EA8 0C067C32 */  jal     func_8019F0C8              
/* 00A0C 80A64EAC AFA7002C */  sw      $a3, 0x002C($sp)           
/* 00A10 80A64EB0 8FA4002C */  lw      $a0, 0x002C($sp)           
/* 00A14 80A64EB4 24050458 */  addiu   $a1, $zero, 0x0458         ## $a1 = 00000458
/* 00A18 80A64EB8 0C05462C */  jal     func_801518B0              
/* 00A1C 80A64EBC 02003025 */  or      $a2, $s0, $zero            ## $a2 = 00000000
/* 00A20 80A64EC0 240A0458 */  addiu   $t2, $zero, 0x0458         ## $t2 = 00000458
/* 00A24 80A64EC4 10000122 */  beq     $zero, $zero, .L80A65350   
/* 00A28 80A64EC8 A60A0258 */  sh      $t2, 0x0258($s0)           ## 00000258
.L80A64ECC:
/* 00A2C 80A64ECC 0C067C8C */  jal     func_8019F230              
/* 00A30 80A64ED0 AFA7002C */  sw      $a3, 0x002C($sp)           
/* 00A34 80A64ED4 8FA4002C */  lw      $a0, 0x002C($sp)           
/* 00A38 80A64ED8 24050451 */  addiu   $a1, $zero, 0x0451         ## $a1 = 00000451
/* 00A3C 80A64EDC 0C05462C */  jal     func_801518B0              
/* 00A40 80A64EE0 02003025 */  or      $a2, $s0, $zero            ## $a2 = 00000000
/* 00A44 80A64EE4 240B0451 */  addiu   $t3, $zero, 0x0451         ## $t3 = 00000451
/* 00A48 80A64EE8 10000119 */  beq     $zero, $zero, .L80A65350   
/* 00A4C 80A64EEC A60B0258 */  sh      $t3, 0x0258($s0)           ## 00000258
.L80A64EF0:
/* 00A50 80A64EF0 3C010001 */  lui     $at, 0x0001                ## $at = 00010000
/* 00A54 80A64EF4 00E11821 */  addu    $v1, $a3, $at              
/* 00A58 80A64EF8 906C6929 */  lbu     $t4, 0x6929($v1)           ## 00006929
/* 00A5C 80A64EFC 3C0D801F */  lui     $t5, 0x801F                ## $t5 = 801F0000
/* 00A60 80A64F00 1580005B */  bne     $t4, $zero, .L80A65070     
/* 00A64 80A64F04 00000000 */  nop
/* 00A68 80A64F08 85ADF6AA */  lh      $t5, -0x0956($t5)          ## 801EF6AA
/* 00A6C 80A64F0C 8C6E6980 */  lw      $t6, 0x6980($v1)           ## 00006980
/* 00A70 80A64F10 24044806 */  addiu   $a0, $zero, 0x4806         ## $a0 = 00004806
/* 00A74 80A64F14 01AE082A */  slt     $at, $t5, $t6              
/* 00A78 80A64F18 50200010 */  beql    $at, $zero, .L80A64F5C     
/* 00A7C 80A64F1C AFA30020 */  sw      $v1, 0x0020($sp)           
/* 00A80 80A64F20 0C067C32 */  jal     func_8019F0C8              
/* 00A84 80A64F24 AFA7002C */  sw      $a3, 0x002C($sp)           
/* 00A88 80A64F28 3C0580A6 */  lui     $a1, %hi(D_80A65D60)       ## $a1 = 80A60000
/* 00A8C 80A64F2C 24A55D60 */  addiu   $a1, $a1, %lo(D_80A65D60)  ## $a1 = 80A65D60
/* 00A90 80A64F30 26040144 */  addiu   $a0, $s0, 0x0144           ## $a0 = 00000144
/* 00A94 80A64F34 0C02F717 */  jal     func_800BDC5C              
/* 00A98 80A64F38 24060001 */  addiu   $a2, $zero, 0x0001         ## $a2 = 00000001
/* 00A9C 80A64F3C 8FA4002C */  lw      $a0, 0x002C($sp)           
/* 00AA0 80A64F40 24050459 */  addiu   $a1, $zero, 0x0459         ## $a1 = 00000459
/* 00AA4 80A64F44 0C05462C */  jal     func_801518B0              
/* 00AA8 80A64F48 02003025 */  or      $a2, $s0, $zero            ## $a2 = 00000000
/* 00AAC 80A64F4C 240F0459 */  addiu   $t7, $zero, 0x0459         ## $t7 = 00000459
/* 00AB0 80A64F50 100000FF */  beq     $zero, $zero, .L80A65350   
/* 00AB4 80A64F54 A60F0258 */  sh      $t7, 0x0258($s0)           ## 00000258
/* 00AB8 80A64F58 AFA30020 */  sw      $v1, 0x0020($sp)           
.L80A64F5C:
/* 00ABC 80A64F5C 0C067C82 */  jal     func_8019F208              
/* 00AC0 80A64F60 AFA7002C */  sw      $a3, 0x002C($sp)           
/* 00AC4 80A64F64 8FA30020 */  lw      $v1, 0x0020($sp)           
/* 00AC8 80A64F68 8FA7002C */  lw      $a3, 0x002C($sp)           
/* 00ACC 80A64F6C 24050455 */  addiu   $a1, $zero, 0x0455         ## $a1 = 00000455
/* 00AD0 80A64F70 8C626980 */  lw      $v0, 0x6980($v1)           ## 00006980
/* 00AD4 80A64F74 02003025 */  or      $a2, $s0, $zero            ## $a2 = 00000000
/* 00AD8 80A64F78 00E02025 */  or      $a0, $a3, $zero            ## $a0 = 00000000
/* 00ADC 80A64F7C 28410064 */  slti    $at, $v0, 0x0064           
/* 00AE0 80A64F80 54200008 */  bnel    $at, $zero, .L80A64FA4     
/* 00AE4 80A64F84 2841000A */  slti    $at, $v0, 0x000A           
/* 00AE8 80A64F88 0C05462C */  jal     func_801518B0              
/* 00AEC 80A64F8C AFA30020 */  sw      $v1, 0x0020($sp)           
/* 00AF0 80A64F90 8FA30020 */  lw      $v1, 0x0020($sp)           
/* 00AF4 80A64F94 24180455 */  addiu   $t8, $zero, 0x0455         ## $t8 = 00000455
/* 00AF8 80A64F98 1000001A */  beq     $zero, $zero, .L80A65004   
/* 00AFC 80A64F9C A6180258 */  sh      $t8, 0x0258($s0)           ## 00000258
/* 00B00 80A64FA0 2841000A */  slti    $at, $v0, 0x000A           
.L80A64FA4:
/* 00B04 80A64FA4 1420000A */  bne     $at, $zero, .L80A64FD0     
/* 00B08 80A64FA8 26040144 */  addiu   $a0, $s0, 0x0144           ## $a0 = 00000144
/* 00B0C 80A64FAC 00E02025 */  or      $a0, $a3, $zero            ## $a0 = 00000000
/* 00B10 80A64FB0 24050454 */  addiu   $a1, $zero, 0x0454         ## $a1 = 00000454
/* 00B14 80A64FB4 02003025 */  or      $a2, $s0, $zero            ## $a2 = 00000000
/* 00B18 80A64FB8 0C05462C */  jal     func_801518B0              
/* 00B1C 80A64FBC AFA30020 */  sw      $v1, 0x0020($sp)           
/* 00B20 80A64FC0 8FA30020 */  lw      $v1, 0x0020($sp)           
/* 00B24 80A64FC4 24190454 */  addiu   $t9, $zero, 0x0454         ## $t9 = 00000454
/* 00B28 80A64FC8 1000000E */  beq     $zero, $zero, .L80A65004   
/* 00B2C 80A64FCC A6190258 */  sh      $t9, 0x0258($s0)           ## 00000258
.L80A64FD0:
/* 00B30 80A64FD0 3C0580A6 */  lui     $a1, %hi(D_80A65D60)       ## $a1 = 80A60000
/* 00B34 80A64FD4 24A55D60 */  addiu   $a1, $a1, %lo(D_80A65D60)  ## $a1 = 80A65D60
/* 00B38 80A64FD8 24060001 */  addiu   $a2, $zero, 0x0001         ## $a2 = 00000001
/* 00B3C 80A64FDC AFA30020 */  sw      $v1, 0x0020($sp)           
/* 00B40 80A64FE0 0C02F717 */  jal     func_800BDC5C              
/* 00B44 80A64FE4 AFA7002C */  sw      $a3, 0x002C($sp)           
/* 00B48 80A64FE8 8FA4002C */  lw      $a0, 0x002C($sp)           
/* 00B4C 80A64FEC 24050453 */  addiu   $a1, $zero, 0x0453         ## $a1 = 00000453
/* 00B50 80A64FF0 0C05462C */  jal     func_801518B0              
/* 00B54 80A64FF4 02003025 */  or      $a2, $s0, $zero            ## $a2 = 00000000
/* 00B58 80A64FF8 8FA30020 */  lw      $v1, 0x0020($sp)           
/* 00B5C 80A64FFC 24080453 */  addiu   $t0, $zero, 0x0453         ## $t0 = 00000453
/* 00B60 80A65000 A6080258 */  sh      $t0, 0x0258($s0)           ## 00000258
.L80A65004:
/* 00B64 80A65004 3C09801F */  lui     $t1, 0x801F                ## $t1 = 801F0000
/* 00B68 80A65008 8D29054C */  lw      $t1, 0x054C($t1)           ## 801F054C
/* 00B6C 80A6500C 240B0001 */  addiu   $t3, $zero, 0x0001         ## $t3 = 00000001
/* 00B70 80A65010 312AFFFF */  andi    $t2, $t1, 0xFFFF           ## $t2 = 00000000
/* 00B74 80A65014 55400003 */  bnel    $t2, $zero, .L80A65024     
/* 00B78 80A65018 8C646980 */  lw      $a0, 0x6980($v1)           ## 00006980
/* 00B7C 80A6501C A60B025E */  sh      $t3, 0x025E($s0)           ## 0000025E
/* 00B80 80A65020 8C646980 */  lw      $a0, 0x6980($v1)           ## 00006980
.L80A65024:
/* 00B84 80A65024 AFA30020 */  sw      $v1, 0x0020($sp)           
/* 00B88 80A65028 00042023 */  subu    $a0, $zero, $a0            
/* 00B8C 80A6502C 00042400 */  sll     $a0, $a0, 16               
/* 00B90 80A65030 0C04567B */  jal     func_801159EC              
/* 00B94 80A65034 00042403 */  sra     $a0, $a0, 16               
/* 00B98 80A65038 3C04801F */  lui     $a0, 0x801F                ## $a0 = 801F0000
/* 00B9C 80A6503C 2484F670 */  addiu   $a0, $a0, 0xF670           ## $a0 = 801EF670
/* 00BA0 80A65040 8C8D0EDC */  lw      $t5, 0x0EDC($a0)           ## 801F054C
/* 00BA4 80A65044 8FA30020 */  lw      $v1, 0x0020($sp)           
/* 00BA8 80A65048 3C01FFFF */  lui     $at, 0xFFFF                ## $at = FFFF0000
/* 00BAC 80A6504C A60D0262 */  sh      $t5, 0x0262($s0)           ## 00000262
/* 00BB0 80A65050 8C820EDC */  lw      $v0, 0x0EDC($a0)           ## 801F054C
/* 00BB4 80A65054 8C6F6980 */  lw      $t7, 0x6980($v1)           ## 00006980
/* 00BB8 80A65058 304EFFFF */  andi    $t6, $v0, 0xFFFF           ## $t6 = 00000000
/* 00BBC 80A6505C 0041C824 */  and     $t9, $v0, $at              
/* 00BC0 80A65060 01CFC021 */  addu    $t8, $t6, $t7              
/* 00BC4 80A65064 03194025 */  or      $t0, $t8, $t9              ## $t0 = 00000000
/* 00BC8 80A65068 100000B9 */  beq     $zero, $zero, .L80A65350   
/* 00BCC 80A6506C AC880EDC */  sw      $t0, 0x0EDC($a0)           ## 801F054C
.L80A65070:
/* 00BD0 80A65070 0C067C8C */  jal     func_8019F230              
/* 00BD4 80A65074 AFA7002C */  sw      $a3, 0x002C($sp)           
/* 00BD8 80A65078 3C0580A6 */  lui     $a1, %hi(D_80A65D60)       ## $a1 = 80A60000
/* 00BDC 80A6507C 24A55D60 */  addiu   $a1, $a1, %lo(D_80A65D60)  ## $a1 = 80A65D60
/* 00BE0 80A65080 26040144 */  addiu   $a0, $s0, 0x0144           ## $a0 = 00000144
/* 00BE4 80A65084 0C02F717 */  jal     func_800BDC5C              
/* 00BE8 80A65088 24060001 */  addiu   $a2, $zero, 0x0001         ## $a2 = 00000001
/* 00BEC 80A6508C 3C09801F */  lui     $t1, 0x801F                ## $t1 = 801F0000
/* 00BF0 80A65090 8D29054C */  lw      $t1, 0x054C($t1)           ## 801F054C
/* 00BF4 80A65094 8FA7002C */  lw      $a3, 0x002C($sp)           
/* 00BF8 80A65098 2405047D */  addiu   $a1, $zero, 0x047D         ## $a1 = 0000047D
/* 00BFC 80A6509C 312AFFFF */  andi    $t2, $t1, 0xFFFF           ## $t2 = 00000000
/* 00C00 80A650A0 15400008 */  bne     $t2, $zero, .L80A650C4     
/* 00C04 80A650A4 00E02025 */  or      $a0, $a3, $zero            ## $a0 = 00000000
/* 00C08 80A650A8 00E02025 */  or      $a0, $a3, $zero            ## $a0 = 00000000
/* 00C0C 80A650AC 24050456 */  addiu   $a1, $zero, 0x0456         ## $a1 = 00000456
/* 00C10 80A650B0 0C05462C */  jal     func_801518B0              
/* 00C14 80A650B4 02003025 */  or      $a2, $s0, $zero            ## $a2 = 00000000
/* 00C18 80A650B8 240B0456 */  addiu   $t3, $zero, 0x0456         ## $t3 = 00000456
/* 00C1C 80A650BC 100000A4 */  beq     $zero, $zero, .L80A65350   
/* 00C20 80A650C0 A60B0258 */  sh      $t3, 0x0258($s0)           ## 00000258
.L80A650C4:
/* 00C24 80A650C4 0C05462C */  jal     func_801518B0              
/* 00C28 80A650C8 02003025 */  or      $a2, $s0, $zero            ## $a2 = 00000000
/* 00C2C 80A650CC 240C047D */  addiu   $t4, $zero, 0x047D         ## $t4 = 0000047D
/* 00C30 80A650D0 1000009F */  beq     $zero, $zero, .L80A65350   
/* 00C34 80A650D4 A60C0258 */  sh      $t4, 0x0258($s0)           ## 00000258
.L80A650D8:
/* 00C38 80A650D8 3C010001 */  lui     $at, 0x0001                ## $at = 00010000
/* 00C3C 80A650DC 00E11821 */  addu    $v1, $a3, $at              
/* 00C40 80A650E0 906D6929 */  lbu     $t5, 0x6929($v1)           ## 00006929
/* 00C44 80A650E4 24010002 */  addiu   $at, $zero, 0x0002         ## $at = 00000002
/* 00C48 80A650E8 55A1000B */  bnel    $t5, $at, .L80A65118       
/* 00C4C 80A650EC AFA30020 */  sw      $v1, 0x0020($sp)           
/* 00C50 80A650F0 0C067C8C */  jal     func_8019F230              
/* 00C54 80A650F4 AFA7002C */  sw      $a3, 0x002C($sp)           
/* 00C58 80A650F8 8FA4002C */  lw      $a0, 0x002C($sp)           
/* 00C5C 80A650FC 24050470 */  addiu   $a1, $zero, 0x0470         ## $a1 = 00000470
/* 00C60 80A65100 0C05462C */  jal     func_801518B0              
/* 00C64 80A65104 02003025 */  or      $a2, $s0, $zero            ## $a2 = 00000000
/* 00C68 80A65108 240E0470 */  addiu   $t6, $zero, 0x0470         ## $t6 = 00000470
/* 00C6C 80A6510C 10000090 */  beq     $zero, $zero, .L80A65350   
/* 00C70 80A65110 A60E0258 */  sh      $t6, 0x0258($s0)           ## 00000258
/* 00C74 80A65114 AFA30020 */  sw      $v1, 0x0020($sp)           
.L80A65118:
/* 00C78 80A65118 0C067C82 */  jal     func_8019F208              
/* 00C7C 80A6511C AFA7002C */  sw      $a3, 0x002C($sp)           
/* 00C80 80A65120 8FA30020 */  lw      $v1, 0x0020($sp)           
/* 00C84 80A65124 86180260 */  lh      $t8, 0x0260($s0)           ## 00000260
/* 00C88 80A65128 8FA7002C */  lw      $a3, 0x002C($sp)           
/* 00C8C 80A6512C 906F6929 */  lbu     $t7, 0x6929($v1)           ## 00006929
/* 00C90 80A65130 2405047E */  addiu   $a1, $zero, 0x047E         ## $a1 = 0000047E
/* 00C94 80A65134 1700000A */  bne     $t8, $zero, .L80A65160     
/* 00C98 80A65138 A60F025C */  sh      $t7, 0x025C($s0)           ## 0000025C
/* 00C9C 80A6513C 24190001 */  addiu   $t9, $zero, 0x0001         ## $t9 = 00000001
/* 00CA0 80A65140 A6190260 */  sh      $t9, 0x0260($s0)           ## 00000260
/* 00CA4 80A65144 00E02025 */  or      $a0, $a3, $zero            ## $a0 = 00000000
/* 00CA8 80A65148 24050469 */  addiu   $a1, $zero, 0x0469         ## $a1 = 00000469
/* 00CAC 80A6514C 0C05462C */  jal     func_801518B0              
/* 00CB0 80A65150 02003025 */  or      $a2, $s0, $zero            ## $a2 = 00000000
/* 00CB4 80A65154 24080469 */  addiu   $t0, $zero, 0x0469         ## $t0 = 00000469
/* 00CB8 80A65158 1000007D */  beq     $zero, $zero, .L80A65350   
/* 00CBC 80A6515C A6080258 */  sh      $t0, 0x0258($s0)           ## 00000258
.L80A65160:
/* 00CC0 80A65160 00E02025 */  or      $a0, $a3, $zero            ## $a0 = 00000000
/* 00CC4 80A65164 0C05462C */  jal     func_801518B0              
/* 00CC8 80A65168 02003025 */  or      $a2, $s0, $zero            ## $a2 = 00000000
/* 00CCC 80A6516C 2409047E */  addiu   $t1, $zero, 0x047E         ## $t1 = 0000047E
/* 00CD0 80A65170 10000077 */  beq     $zero, $zero, .L80A65350   
/* 00CD4 80A65174 A6090258 */  sh      $t1, 0x0258($s0)           ## 00000258
/* 00CD8 80A65178 3C010001 */  lui     $at, 0x0001                ## $at = 00010000
.L80A6517C:
/* 00CDC 80A6517C 00E11821 */  addu    $v1, $a3, $at              
/* 00CE0 80A65180 906A6929 */  lbu     $t2, 0x6929($v1)           ## 00006929
/* 00CE4 80A65184 3C04801F */  lui     $a0, 0x801F                ## $a0 = 801F0000
/* 00CE8 80A65188 2484F670 */  addiu   $a0, $a0, 0xF670           ## $a0 = 801EF670
/* 00CEC 80A6518C 15400068 */  bne     $t2, $zero, .L80A65330     
/* 00CF0 80A65190 00000000 */  nop
/* 00CF4 80A65194 8C626980 */  lw      $v0, 0x6980($v1)           ## 00006980
/* 00CF8 80A65198 8C8B0EDC */  lw      $t3, 0x0EDC($a0)           ## 801F054C
/* 00CFC 80A6519C 860D025A */  lh      $t5, 0x025A($s0)           ## 0000025A
/* 00D00 80A651A0 3C19801C */  lui     $t9, 0x801C                ## $t9 = 801C0000
/* 00D04 80A651A4 316CFFFF */  andi    $t4, $t3, 0xFFFF           ## $t4 = 00000000
/* 00D08 80A651A8 004D7021 */  addu    $t6, $v0, $t5              
/* 00D0C 80A651AC 018E082A */  slt     $at, $t4, $t6              
/* 00D10 80A651B0 10200010 */  beq     $at, $zero, .L80A651F4     
/* 00D14 80A651B4 3C09801C */  lui     $t1, 0x801C                ## $t1 = 801C0000
/* 00D18 80A651B8 24044806 */  addiu   $a0, $zero, 0x4806         ## $a0 = 00004806
/* 00D1C 80A651BC 0C067C32 */  jal     func_8019F0C8              
/* 00D20 80A651C0 AFA7002C */  sw      $a3, 0x002C($sp)           
/* 00D24 80A651C4 3C0580A6 */  lui     $a1, %hi(D_80A65D60)       ## $a1 = 80A60000
/* 00D28 80A651C8 24A55D60 */  addiu   $a1, $a1, %lo(D_80A65D60)  ## $a1 = 80A65D60
/* 00D2C 80A651CC 26040144 */  addiu   $a0, $s0, 0x0144           ## $a0 = 00000144
/* 00D30 80A651D0 0C02F717 */  jal     func_800BDC5C              
/* 00D34 80A651D4 00003025 */  or      $a2, $zero, $zero          ## $a2 = 00000000
/* 00D38 80A651D8 8FA4002C */  lw      $a0, 0x002C($sp)           
/* 00D3C 80A651DC 24050476 */  addiu   $a1, $zero, 0x0476         ## $a1 = 00000476
/* 00D40 80A651E0 0C05462C */  jal     func_801518B0              
/* 00D44 80A651E4 02003025 */  or      $a2, $s0, $zero            ## $a2 = 00000000
/* 00D48 80A651E8 240F0476 */  addiu   $t7, $zero, 0x0476         ## $t7 = 00000476
/* 00D4C 80A651EC 10000058 */  beq     $zero, $zero, .L80A65350   
/* 00D50 80A651F0 A60F0258 */  sh      $t7, 0x0258($s0)           ## 00000258
.L80A651F4:
/* 00D54 80A651F4 8C9800B8 */  lw      $t8, 0x00B8($a0)           ## 000000B8
/* 00D58 80A651F8 8F391DD0 */  lw      $t9, 0x1DD0($t9)           ## 00001DD0
/* 00D5C 80A651FC 91291E08 */  lbu     $t1, 0x1E08($t1)           ## 00001E08
/* 00D60 80A65200 3C0D801C */  lui     $t5, 0x801C                ## $t5 = 801C0000
/* 00D64 80A65204 03194024 */  and     $t0, $t8, $t9              
/* 00D68 80A65208 01285006 */  srlv    $t2, $t0, $t1              
/* 00D6C 80A6520C 000A5840 */  sll     $t3, $t2,  1               
/* 00D70 80A65210 848C003A */  lh      $t4, 0x003A($a0)           ## 0000003A
/* 00D74 80A65214 01AB6821 */  addu    $t5, $t5, $t3              
/* 00D78 80A65218 95AD1E2C */  lhu     $t5, 0x1E2C($t5)           ## 801C1E2C
/* 00D7C 80A6521C 004C7021 */  addu    $t6, $v0, $t4              
/* 00D80 80A65220 24044806 */  addiu   $a0, $zero, 0x4806         ## $a0 = 00004806
/* 00D84 80A65224 01AE082A */  slt     $at, $t5, $t6              
/* 00D88 80A65228 5020000B */  beql    $at, $zero, .L80A65258     
/* 00D8C 80A6522C AFA30020 */  sw      $v1, 0x0020($sp)           
/* 00D90 80A65230 0C067C32 */  jal     func_8019F0C8              
/* 00D94 80A65234 AFA7002C */  sw      $a3, 0x002C($sp)           
/* 00D98 80A65238 8FA4002C */  lw      $a0, 0x002C($sp)           
/* 00D9C 80A6523C 24050475 */  addiu   $a1, $zero, 0x0475         ## $a1 = 00000475
/* 00DA0 80A65240 0C05462C */  jal     func_801518B0              
/* 00DA4 80A65244 02003025 */  or      $a2, $s0, $zero            ## $a2 = 00000000
/* 00DA8 80A65248 240F0475 */  addiu   $t7, $zero, 0x0475         ## $t7 = 00000475
/* 00DAC 80A6524C 10000040 */  beq     $zero, $zero, .L80A65350   
/* 00DB0 80A65250 A60F0258 */  sh      $t7, 0x0258($s0)           ## 00000258
/* 00DB4 80A65254 AFA30020 */  sw      $v1, 0x0020($sp)           
.L80A65258:
/* 00DB8 80A65258 0C067C82 */  jal     func_8019F208              
/* 00DBC 80A6525C AFA7002C */  sw      $a3, 0x002C($sp)           
/* 00DC0 80A65260 8FA30020 */  lw      $v1, 0x0020($sp)           
/* 00DC4 80A65264 8FA7002C */  lw      $a3, 0x002C($sp)           
/* 00DC8 80A65268 24050474 */  addiu   $a1, $zero, 0x0474         ## $a1 = 00000474
/* 00DCC 80A6526C 8C626980 */  lw      $v0, 0x6980($v1)           ## 00006980
/* 00DD0 80A65270 02003025 */  or      $a2, $s0, $zero            ## $a2 = 00000000
/* 00DD4 80A65274 00E02025 */  or      $a0, $a3, $zero            ## $a0 = 00000000
/* 00DD8 80A65278 28410064 */  slti    $at, $v0, 0x0064           
/* 00DDC 80A6527C 54200008 */  bnel    $at, $zero, .L80A652A0     
/* 00DE0 80A65280 2841000A */  slti    $at, $v0, 0x000A           
/* 00DE4 80A65284 0C05462C */  jal     func_801518B0              
/* 00DE8 80A65288 AFA30020 */  sw      $v1, 0x0020($sp)           
/* 00DEC 80A6528C 8FA30020 */  lw      $v1, 0x0020($sp)           
/* 00DF0 80A65290 24180474 */  addiu   $t8, $zero, 0x0474         ## $t8 = 00000474
/* 00DF4 80A65294 10000014 */  beq     $zero, $zero, .L80A652E8   
/* 00DF8 80A65298 A6180258 */  sh      $t8, 0x0258($s0)           ## 00000258
/* 00DFC 80A6529C 2841000A */  slti    $at, $v0, 0x000A           
.L80A652A0:
/* 00E00 80A652A0 1420000A */  bne     $at, $zero, .L80A652CC     
/* 00E04 80A652A4 00E02025 */  or      $a0, $a3, $zero            ## $a0 = 00000000
/* 00E08 80A652A8 00E02025 */  or      $a0, $a3, $zero            ## $a0 = 00000000
/* 00E0C 80A652AC 24050473 */  addiu   $a1, $zero, 0x0473         ## $a1 = 00000473
/* 00E10 80A652B0 02003025 */  or      $a2, $s0, $zero            ## $a2 = 00000000
/* 00E14 80A652B4 0C05462C */  jal     func_801518B0              
/* 00E18 80A652B8 AFA30020 */  sw      $v1, 0x0020($sp)           
/* 00E1C 80A652BC 8FA30020 */  lw      $v1, 0x0020($sp)           
/* 00E20 80A652C0 24190473 */  addiu   $t9, $zero, 0x0473         ## $t9 = 00000473
/* 00E24 80A652C4 10000008 */  beq     $zero, $zero, .L80A652E8   
/* 00E28 80A652C8 A6190258 */  sh      $t9, 0x0258($s0)           ## 00000258
.L80A652CC:
/* 00E2C 80A652CC 24050472 */  addiu   $a1, $zero, 0x0472         ## $a1 = 00000472
/* 00E30 80A652D0 02003025 */  or      $a2, $s0, $zero            ## $a2 = 00000000
/* 00E34 80A652D4 0C05462C */  jal     func_801518B0              
/* 00E38 80A652D8 AFA30020 */  sw      $v1, 0x0020($sp)           
/* 00E3C 80A652DC 8FA30020 */  lw      $v1, 0x0020($sp)           
/* 00E40 80A652E0 24080472 */  addiu   $t0, $zero, 0x0472         ## $t0 = 00000472
/* 00E44 80A652E4 A6080258 */  sh      $t0, 0x0258($s0)           ## 00000258
.L80A652E8:
/* 00E48 80A652E8 3C05801F */  lui     $a1, 0x801F                ## $a1 = 801F0000
/* 00E4C 80A652EC 24A5F670 */  addiu   $a1, $a1, 0xF670           ## $a1 = 801EF670
/* 00E50 80A652F0 8CAA0EDC */  lw      $t2, 0x0EDC($a1)           ## 801F054C
/* 00E54 80A652F4 860E025A */  lh      $t6, 0x025A($s0)           ## 0000025A
/* 00E58 80A652F8 3C01FFFF */  lui     $at, 0xFFFF                ## $at = FFFF0000
/* 00E5C 80A652FC A60A0262 */  sh      $t2, 0x0262($s0)           ## 00000262
/* 00E60 80A65300 8CA20EDC */  lw      $v0, 0x0EDC($a1)           ## 801F054C
/* 00E64 80A65304 8C6C6980 */  lw      $t4, 0x6980($v1)           ## 00006980
/* 00E68 80A65308 304BFFFF */  andi    $t3, $v0, 0xFFFF           ## $t3 = 00000000
/* 00E6C 80A6530C 016C6823 */  subu    $t5, $t3, $t4              
/* 00E70 80A65310 01AE7823 */  subu    $t7, $t5, $t6              
/* 00E74 80A65314 0041C024 */  and     $t8, $v0, $at              
/* 00E78 80A65318 01F8C825 */  or      $t9, $t7, $t8              ## $t9 = 00000000
/* 00E7C 80A6531C ACB90EDC */  sw      $t9, 0x0EDC($a1)           ## 801F054C
/* 00E80 80A65320 0C04567B */  jal     func_801159EC              
/* 00E84 80A65324 84646982 */  lh      $a0, 0x6982($v1)           ## 00006982
/* 00E88 80A65328 1000000A */  beq     $zero, $zero, .L80A65354   
/* 00E8C 80A6532C 8FBF001C */  lw      $ra, 0x001C($sp)           
.L80A65330:
/* 00E90 80A65330 0C067C8C */  jal     func_8019F230              
/* 00E94 80A65334 AFA7002C */  sw      $a3, 0x002C($sp)           
/* 00E98 80A65338 8FA4002C */  lw      $a0, 0x002C($sp)           
/* 00E9C 80A6533C 2405047C */  addiu   $a1, $zero, 0x047C         ## $a1 = 0000047C
/* 00EA0 80A65340 0C05462C */  jal     func_801518B0              
/* 00EA4 80A65344 02003025 */  or      $a2, $s0, $zero            ## $a2 = 00000000
/* 00EA8 80A65348 2408047C */  addiu   $t0, $zero, 0x047C         ## $t0 = 0000047C
/* 00EAC 80A6534C A6080258 */  sh      $t0, 0x0258($s0)           ## 00000258
.L80A65350:
/* 00EB0 80A65350 8FBF001C */  lw      $ra, 0x001C($sp)           
.L80A65354:
/* 00EB4 80A65354 8FB00018 */  lw      $s0, 0x0018($sp)           
/* 00EB8 80A65358 27BD0028 */  addiu   $sp, $sp, 0x0028           ## $sp = 00000000
/* 00EBC 80A6535C 03E00008 */  jr      $ra                        
/* 00EC0 80A65360 00000000 */  nop


glabel func_80A65364
/* 00EC4 80A65364 27BDFFE0 */  addiu   $sp, $sp, 0xFFE0           ## $sp = FFFFFFE0
/* 00EC8 80A65368 AFB00018 */  sw      $s0, 0x0018($sp)           
/* 00ECC 80A6536C 00808025 */  or      $s0, $a0, $zero            ## $s0 = 00000000
/* 00ED0 80A65370 AFBF001C */  sw      $ra, 0x001C($sp)           
/* 00ED4 80A65374 00A03825 */  or      $a3, $a1, $zero            ## $a3 = 00000000
/* 00ED8 80A65378 00E02025 */  or      $a0, $a3, $zero            ## $a0 = 00000000
/* 00EDC 80A6537C 0C051D89 */  jal     func_80147624              
/* 00EE0 80A65380 AFA70024 */  sw      $a3, 0x0024($sp)           
/* 00EE4 80A65384 1040003D */  beq     $v0, $zero, .L80A6547C     
/* 00EE8 80A65388 8FA70024 */  lw      $a3, 0x0024($sp)           
/* 00EEC 80A6538C 86020258 */  lh      $v0, 0x0258($s0)           ## 00000258
/* 00EF0 80A65390 24010450 */  addiu   $at, $zero, 0x0450         ## $at = 00000450
/* 00EF4 80A65394 3C0E0001 */  lui     $t6, 0x0001                ## $t6 = 00010000
/* 00EF8 80A65398 10410006 */  beq     $v0, $at, .L80A653B4       
/* 00EFC 80A6539C 01C77021 */  addu    $t6, $t6, $a3              
/* 00F00 80A653A0 2401046E */  addiu   $at, $zero, 0x046E         ## $at = 0000046E
/* 00F04 80A653A4 10410019 */  beq     $v0, $at, .L80A6540C       
/* 00F08 80A653A8 3C190001 */  lui     $t9, 0x0001                ## $t9 = 00010000
/* 00F0C 80A653AC 10000034 */  beq     $zero, $zero, .L80A65480   
/* 00F10 80A653B0 8FBF001C */  lw      $ra, 0x001C($sp)           
.L80A653B4:
/* 00F14 80A653B4 8DCE6980 */  lw      $t6, 0x6980($t6)           ## 00016980
/* 00F18 80A653B8 24060001 */  addiu   $a2, $zero, 0x0001         ## $a2 = 00000001
/* 00F1C 80A653BC 00E02025 */  or      $a0, $a3, $zero            ## $a0 = 00000000
/* 00F20 80A653C0 15C0000D */  bne     $t6, $zero, .L80A653F8     
/* 00F24 80A653C4 24050452 */  addiu   $a1, $zero, 0x0452         ## $a1 = 00000452
/* 00F28 80A653C8 3C0580A6 */  lui     $a1, %hi(D_80A65D60)       ## $a1 = 80A60000
/* 00F2C 80A653CC 24A55D60 */  addiu   $a1, $a1, %lo(D_80A65D60)  ## $a1 = 80A65D60
/* 00F30 80A653D0 26040144 */  addiu   $a0, $s0, 0x0144           ## $a0 = 00000144
/* 00F34 80A653D4 0C02F717 */  jal     func_800BDC5C              
/* 00F38 80A653D8 AFA70024 */  sw      $a3, 0x0024($sp)           
/* 00F3C 80A653DC 8FA40024 */  lw      $a0, 0x0024($sp)           
/* 00F40 80A653E0 24050457 */  addiu   $a1, $zero, 0x0457         ## $a1 = 00000457
/* 00F44 80A653E4 0C05462C */  jal     func_801518B0              
/* 00F48 80A653E8 02003025 */  or      $a2, $s0, $zero            ## $a2 = 00000000
/* 00F4C 80A653EC 240F0457 */  addiu   $t7, $zero, 0x0457         ## $t7 = 00000457
/* 00F50 80A653F0 10000022 */  beq     $zero, $zero, .L80A6547C   
/* 00F54 80A653F4 A60F0258 */  sh      $t7, 0x0258($s0)           ## 00000258
.L80A653F8:
/* 00F58 80A653F8 0C05462C */  jal     func_801518B0              
/* 00F5C 80A653FC 02003025 */  or      $a2, $s0, $zero            ## $a2 = 00000000
/* 00F60 80A65400 24180452 */  addiu   $t8, $zero, 0x0452         ## $t8 = 00000452
/* 00F64 80A65404 1000001D */  beq     $zero, $zero, .L80A6547C   
/* 00F68 80A65408 A6180258 */  sh      $t8, 0x0258($s0)           ## 00000258
.L80A6540C:
/* 00F6C 80A6540C 0327C821 */  addu    $t9, $t9, $a3              
/* 00F70 80A65410 8F396980 */  lw      $t9, 0x6980($t9)           ## 00006980
/* 00F74 80A65414 00E02025 */  or      $a0, $a3, $zero            ## $a0 = 00000000
/* 00F78 80A65418 2405046F */  addiu   $a1, $zero, 0x046F         ## $a1 = 0000046F
/* 00F7C 80A6541C 17200006 */  bne     $t9, $zero, .L80A65438     
/* 00F80 80A65420 3C09801F */  lui     $t1, 0x801F                ## $t1 = 801F0000
/* 00F84 80A65424 0C05462C */  jal     func_801518B0              
/* 00F88 80A65428 02003025 */  or      $a2, $s0, $zero            ## $a2 = 00000000
/* 00F8C 80A6542C 2408046F */  addiu   $t0, $zero, 0x046F         ## $t0 = 0000046F
/* 00F90 80A65430 10000012 */  beq     $zero, $zero, .L80A6547C   
/* 00F94 80A65434 A6080258 */  sh      $t0, 0x0258($s0)           ## 00000258
.L80A65438:
/* 00F98 80A65438 8D29F680 */  lw      $t1, -0x0980($t1)          ## FFFFF680
/* 00F9C 80A6543C 24010001 */  addiu   $at, $zero, 0x0001         ## $at = 00000001
/* 00FA0 80A65440 00E02025 */  or      $a0, $a3, $zero            ## $a0 = 00000000
/* 00FA4 80A65444 15210008 */  bne     $t1, $at, .L80A65468       
/* 00FA8 80A65448 24050471 */  addiu   $a1, $zero, 0x0471         ## $a1 = 00000471
/* 00FAC 80A6544C 00E02025 */  or      $a0, $a3, $zero            ## $a0 = 00000000
/* 00FB0 80A65450 24050477 */  addiu   $a1, $zero, 0x0477         ## $a1 = 00000477
/* 00FB4 80A65454 0C05462C */  jal     func_801518B0              
/* 00FB8 80A65458 02003025 */  or      $a2, $s0, $zero            ## $a2 = 00000000
/* 00FBC 80A6545C 240A0477 */  addiu   $t2, $zero, 0x0477         ## $t2 = 00000477
/* 00FC0 80A65460 10000006 */  beq     $zero, $zero, .L80A6547C   
/* 00FC4 80A65464 A60A0258 */  sh      $t2, 0x0258($s0)           ## 00000258
.L80A65468:
/* 00FC8 80A65468 0C05462C */  jal     func_801518B0              
/* 00FCC 80A6546C 02003025 */  or      $a2, $s0, $zero            ## $a2 = 00000000
/* 00FD0 80A65470 240B0471 */  addiu   $t3, $zero, 0x0471         ## $t3 = 00000471
/* 00FD4 80A65474 A60B0258 */  sh      $t3, 0x0258($s0)           ## 00000258
/* 00FD8 80A65478 A600025A */  sh      $zero, 0x025A($s0)         ## 0000025A
.L80A6547C:
/* 00FDC 80A6547C 8FBF001C */  lw      $ra, 0x001C($sp)           
.L80A65480:
/* 00FE0 80A65480 8FB00018 */  lw      $s0, 0x0018($sp)           
/* 00FE4 80A65484 27BD0020 */  addiu   $sp, $sp, 0x0020           ## $sp = 00000000
/* 00FE8 80A65488 03E00008 */  jr      $ra                        
/* 00FEC 80A6548C 00000000 */  nop


glabel func_80A65490
/* 00FF0 80A65490 3C0E80A6 */  lui     $t6, %hi(func_80A654A4)    ## $t6 = 80A60000
/* 00FF4 80A65494 25CE54A4 */  addiu   $t6, $t6, %lo(func_80A654A4) ## $t6 = 80A654A4
/* 00FF8 80A65498 AC8E0188 */  sw      $t6, 0x0188($a0)           ## 00000188
/* 00FFC 80A6549C 03E00008 */  jr      $ra                        
/* 01000 80A654A0 00000000 */  nop


glabel func_80A654A4
/* 01004 80A654A4 27BDFFE0 */  addiu   $sp, $sp, 0xFFE0           ## $sp = FFFFFFE0
/* 01008 80A654A8 AFB00018 */  sw      $s0, 0x0018($sp)           
/* 0100C 80A654AC 00808025 */  or      $s0, $a0, $zero            ## $s0 = 00000000
/* 01010 80A654B0 AFBF001C */  sw      $ra, 0x001C($sp)           
/* 01014 80A654B4 24A44908 */  addiu   $a0, $a1, 0x4908           ## $a0 = 00004908
/* 01018 80A654B8 0C054926 */  jal     func_80152498              
/* 0101C 80A654BC AFA50024 */  sw      $a1, 0x0024($sp)           
/* 01020 80A654C0 2C41000F */  sltiu   $at, $v0, 0x000F           
/* 01024 80A654C4 1020001D */  beq     $at, $zero, .L80A6553C     
/* 01028 80A654C8 8FA50024 */  lw      $a1, 0x0024($sp)           
/* 0102C 80A654CC 00027080 */  sll     $t6, $v0,  2               
/* 01030 80A654D0 3C0180A6 */  lui     $at, %hi(D_80A65EAC)       ## $at = 80A60000
/* 01034 80A654D4 002E0821 */  addu    $at, $at, $t6              
/* 01038 80A654D8 8C2E5EAC */  lw      $t6, %lo(D_80A65EAC)($at)  
/* 0103C 80A654DC 01C00008 */  jr      $t6                        
/* 01040 80A654E0 00000000 */  nop
.L80A654E4:
/* 01044 80A654E4 0C299155 */  jal     func_80A64554              
/* 01048 80A654E8 02002025 */  or      $a0, $s0, $zero            ## $a0 = 00000000
/* 0104C 80A654EC 10000014 */  beq     $zero, $zero, .L80A65540   
/* 01050 80A654F0 8E18014C */  lw      $t8, 0x014C($s0)           ## 0000014C
.L80A654F4:
/* 01054 80A654F4 0C299371 */  jal     func_80A64DC4              
/* 01058 80A654F8 02002025 */  or      $a0, $s0, $zero            ## $a0 = 00000000
/* 0105C 80A654FC 10000010 */  beq     $zero, $zero, .L80A65540   
/* 01060 80A65500 8E18014C */  lw      $t8, 0x014C($s0)           ## 0000014C
.L80A65504:
/* 01064 80A65504 0C2991BD */  jal     func_80A646F4              
/* 01068 80A65508 02002025 */  or      $a0, $s0, $zero            ## $a0 = 00000000
/* 0106C 80A6550C 1000000C */  beq     $zero, $zero, .L80A65540   
/* 01070 80A65510 8E18014C */  lw      $t8, 0x014C($s0)           ## 0000014C
.L80A65514:
/* 01074 80A65514 0C051D89 */  jal     func_80147624              
/* 01078 80A65518 00A02025 */  or      $a0, $a1, $zero            ## $a0 = 00000000
/* 0107C 80A6551C 10400007 */  beq     $v0, $zero, .L80A6553C     
/* 01080 80A65520 02002025 */  or      $a0, $s0, $zero            ## $a0 = 00000000
/* 01084 80A65524 0C299155 */  jal     func_80A64554              
/* 01088 80A65528 A6000260 */  sh      $zero, 0x0260($s0)         ## 00000260
/* 0108C 80A6552C 10000004 */  beq     $zero, $zero, .L80A65540   
/* 01090 80A65530 8E18014C */  lw      $t8, 0x014C($s0)           ## 0000014C
.L80A65534:
/* 01094 80A65534 0C2994D9 */  jal     func_80A65364              
/* 01098 80A65538 02002025 */  or      $a0, $s0, $zero            ## $a0 = 00000000
.L80A6553C:
/* 0109C 80A6553C 8E18014C */  lw      $t8, 0x014C($s0)           ## 0000014C
.L80A65540:
/* 010A0 80A65540 3C0F0600 */  lui     $t7, 0x0600                ## $t7 = 06000000
/* 010A4 80A65544 25EF08C0 */  addiu   $t7, $t7, 0x08C0           ## $t7 = 060008C0
/* 010A8 80A65548 15F80007 */  bne     $t7, $t8, .L80A65568       
/* 010AC 80A6554C 26040144 */  addiu   $a0, $s0, 0x0144           ## $a0 = 00000144
/* 010B0 80A65550 0C04DE2E */  jal     func_801378B8              
/* 010B4 80A65554 8E050154 */  lw      $a1, 0x0154($s0)           ## 00000154
/* 010B8 80A65558 10400003 */  beq     $v0, $zero, .L80A65568     
/* 010BC 80A6555C 02002025 */  or      $a0, $s0, $zero            ## $a0 = 00000000
/* 010C0 80A65560 0C02E3B2 */  jal     func_800B8EC8              
/* 010C4 80A65564 24052992 */  addiu   $a1, $zero, 0x2992         ## $a1 = 00002992
.L80A65568:
/* 010C8 80A65568 8FBF001C */  lw      $ra, 0x001C($sp)           
/* 010CC 80A6556C 8FB00018 */  lw      $s0, 0x0018($sp)           
/* 010D0 80A65570 27BD0020 */  addiu   $sp, $sp, 0x0020           ## $sp = 00000000
/* 010D4 80A65574 03E00008 */  jr      $ra                        
/* 010D8 80A65578 00000000 */  nop


glabel func_80A6557C
/* 010DC 80A6557C 3C0E80A6 */  lui     $t6, %hi(func_80A65590)    ## $t6 = 80A60000
/* 010E0 80A65580 25CE5590 */  addiu   $t6, $t6, %lo(func_80A65590) ## $t6 = 80A65590
/* 010E4 80A65584 AC8E0188 */  sw      $t6, 0x0188($a0)           ## 00000188
/* 010E8 80A65588 03E00008 */  jr      $ra                        
/* 010EC 80A6558C 00000000 */  nop


glabel func_80A65590
/* 010F0 80A65590 27BDFFE0 */  addiu   $sp, $sp, 0xFFE0           ## $sp = FFFFFFE0
/* 010F4 80A65594 AFBF001C */  sw      $ra, 0x001C($sp)           
/* 010F8 80A65598 AFA40020 */  sw      $a0, 0x0020($sp)           
/* 010FC 80A6559C 0C02E27E */  jal     func_800B89F8              
/* 01100 80A655A0 AFA50024 */  sw      $a1, 0x0024($sp)           
/* 01104 80A655A4 8FA40020 */  lw      $a0, 0x0020($sp)           
/* 01108 80A655A8 10400005 */  beq     $v0, $zero, .L80A655C0     
/* 0110C 80A655AC 8FA50024 */  lw      $a1, 0x0024($sp)           
/* 01110 80A655B0 0C2995B1 */  jal     func_80A656C4              
/* 01114 80A655B4 AC800120 */  sw      $zero, 0x0120($a0)         ## 00000120
/* 01118 80A655B8 1000003F */  beq     $zero, $zero, .L80A656B8   
/* 0111C 80A655BC 8FBF001C */  lw      $ra, 0x001C($sp)           
.L80A655C0:
/* 01120 80A655C0 84820258 */  lh      $v0, 0x0258($a0)           ## 00000258
/* 01124 80A655C4 2401045B */  addiu   $at, $zero, 0x045B         ## $at = 0000045B
/* 01128 80A655C8 5441001E */  bnel    $v0, $at, .L80A65644       
/* 0112C 80A655CC 2401045C */  addiu   $at, $zero, 0x045C         ## $at = 0000045C
/* 01130 80A655D0 3C02801F */  lui     $v0, 0x801F                ## $v0 = 801F0000
/* 01134 80A655D4 2442F670 */  addiu   $v0, $v0, 0xF670           ## $v0 = 801EF670
/* 01138 80A655D8 904E0F02 */  lbu     $t6, 0x0F02($v0)           ## 801F0572
/* 0113C 80A655DC 3C19801C */  lui     $t9, 0x801C                ## $t9 = 801C0000
/* 01140 80A655E0 24060002 */  addiu   $a2, $zero, 0x0002         ## $a2 = 00000002
/* 01144 80A655E4 31CF0008 */  andi    $t7, $t6, 0x0008           ## $t7 = 00000000
/* 01148 80A655E8 15E0000F */  bne     $t7, $zero, .L80A65628     
/* 0114C 80A655EC 3C0142C8 */  lui     $at, 0x42C8                ## $at = 42C80000
/* 01150 80A655F0 8C5800B8 */  lw      $t8, 0x00B8($v0)           ## 801EF728
/* 01154 80A655F4 8F391DD0 */  lw      $t9, 0x1DD0($t9)           ## 801C1DD0
/* 01158 80A655F8 3C09801C */  lui     $t1, 0x801C                ## $t1 = 801C0000
/* 0115C 80A655FC 91291E08 */  lbu     $t1, 0x1E08($t1)           ## 801C1E08
/* 01160 80A65600 3C0142C8 */  lui     $at, 0x42C8                ## $at = 42C80000
/* 01164 80A65604 44812000 */  mtc1    $at, $f4                   ## $f4 = 100.00
/* 01168 80A65608 03194024 */  and     $t0, $t8, $t9              
/* 0116C 80A6560C 01283006 */  srlv    $a2, $t0, $t1              
/* 01170 80A65610 24C60008 */  addiu   $a2, $a2, 0x0008           ## $a2 = 0000000A
/* 01174 80A65614 3C0743FA */  lui     $a3, 0x43FA                ## $a3 = 43FA0000
/* 01178 80A65618 0C02E287 */  jal     func_800B8A1C              
/* 0117C 80A6561C E7A40010 */  swc1    $f4, 0x0010($sp)           
/* 01180 80A65620 10000025 */  beq     $zero, $zero, .L80A656B8   
/* 01184 80A65624 8FBF001C */  lw      $ra, 0x001C($sp)           
.L80A65628:
/* 01188 80A65628 44813000 */  mtc1    $at, $f6                   ## $f6 = 0.00
/* 0118C 80A6562C 3C0743FA */  lui     $a3, 0x43FA                ## $a3 = 43FA0000
/* 01190 80A65630 0C02E287 */  jal     func_800B8A1C              
/* 01194 80A65634 E7A60010 */  swc1    $f6, 0x0010($sp)           
/* 01198 80A65638 1000001F */  beq     $zero, $zero, .L80A656B8   
/* 0119C 80A6563C 8FBF001C */  lw      $ra, 0x001C($sp)           
/* 011A0 80A65640 2401045C */  addiu   $at, $zero, 0x045C         ## $at = 0000045C
.L80A65644:
/* 011A4 80A65644 14410008 */  bne     $v0, $at, .L80A65668       
/* 011A8 80A65648 24060002 */  addiu   $a2, $zero, 0x0002         ## $a2 = 00000002
/* 011AC 80A6564C 3C0142C8 */  lui     $at, 0x42C8                ## $at = 42C80000
/* 011B0 80A65650 44814000 */  mtc1    $at, $f8                   ## $f8 = 100.00
/* 011B4 80A65654 3C0743FA */  lui     $a3, 0x43FA                ## $a3 = 43FA0000
/* 011B8 80A65658 0C02E287 */  jal     func_800B8A1C              
/* 011BC 80A6565C E7A80010 */  swc1    $f8, 0x0010($sp)           
/* 011C0 80A65660 10000015 */  beq     $zero, $zero, .L80A656B8   
/* 011C4 80A65664 8FBF001C */  lw      $ra, 0x001C($sp)           
.L80A65668:
/* 011C8 80A65668 3C02801F */  lui     $v0, 0x801F                ## $v0 = 801F0000
/* 011CC 80A6566C 2442F670 */  addiu   $v0, $v0, 0xF670           ## $v0 = 801EF670
/* 011D0 80A65670 904A0F33 */  lbu     $t2, 0x0F33($v0)           ## 801F05A3
/* 011D4 80A65674 3C0743FA */  lui     $a3, 0x43FA                ## $a3 = 43FA0000
/* 011D8 80A65678 24060002 */  addiu   $a2, $zero, 0x0002         ## $a2 = 00000002
/* 011DC 80A6567C 314B0008 */  andi    $t3, $t2, 0x0008           ## $t3 = 00000000
/* 011E0 80A65680 15600008 */  bne     $t3, $zero, .L80A656A4     
/* 011E4 80A65684 3C0142C8 */  lui     $at, 0x42C8                ## $at = 42C80000
/* 011E8 80A65688 3C0142C8 */  lui     $at, 0x42C8                ## $at = 42C80000
/* 011EC 80A6568C 44815000 */  mtc1    $at, $f10                  ## $f10 = 100.00
/* 011F0 80A65690 2406000C */  addiu   $a2, $zero, 0x000C         ## $a2 = 0000000C
/* 011F4 80A65694 0C02E287 */  jal     func_800B8A1C              
/* 011F8 80A65698 E7AA0010 */  swc1    $f10, 0x0010($sp)          
/* 011FC 80A6569C 10000006 */  beq     $zero, $zero, .L80A656B8   
/* 01200 80A656A0 8FBF001C */  lw      $ra, 0x001C($sp)           
.L80A656A4:
/* 01204 80A656A4 44818000 */  mtc1    $at, $f16                  ## $f16 = 0.00
/* 01208 80A656A8 3C0743FA */  lui     $a3, 0x43FA                ## $a3 = 43FA0000
/* 0120C 80A656AC 0C02E287 */  jal     func_800B8A1C              
/* 01210 80A656B0 E7B00010 */  swc1    $f16, 0x0010($sp)          
/* 01214 80A656B4 8FBF001C */  lw      $ra, 0x001C($sp)           
.L80A656B8:
/* 01218 80A656B8 27BD0020 */  addiu   $sp, $sp, 0x0020           ## $sp = 00000000
/* 0121C 80A656BC 03E00008 */  jr      $ra                        
/* 01220 80A656C0 00000000 */  nop


glabel func_80A656C4
/* 01224 80A656C4 3C0E80A6 */  lui     $t6, %hi(func_80A656D8)    ## $t6 = 80A60000
/* 01228 80A656C8 25CE56D8 */  addiu   $t6, $t6, %lo(func_80A656D8) ## $t6 = 80A656D8
/* 0122C 80A656CC AC8E0188 */  sw      $t6, 0x0188($a0)           ## 00000188
/* 01230 80A656D0 03E00008 */  jr      $ra                        
/* 01234 80A656D4 00000000 */  nop


glabel func_80A656D8
/* 01238 80A656D8 27BDFFE0 */  addiu   $sp, $sp, 0xFFE0           ## $sp = FFFFFFE0
/* 0123C 80A656DC AFB00018 */  sw      $s0, 0x0018($sp)           
/* 01240 80A656E0 00808025 */  or      $s0, $a0, $zero            ## $s0 = 00000000
/* 01244 80A656E4 AFBF001C */  sw      $ra, 0x001C($sp)           
/* 01248 80A656E8 AFA50024 */  sw      $a1, 0x0024($sp)           
/* 0124C 80A656EC 02002025 */  or      $a0, $s0, $zero            ## $a0 = 00000000
/* 01250 80A656F0 0C02E134 */  jal     func_800B84D0              
/* 01254 80A656F4 8FA50024 */  lw      $a1, 0x0024($sp)           
/* 01258 80A656F8 10400020 */  beq     $v0, $zero, .L80A6577C     
/* 0125C 80A656FC 3C03801F */  lui     $v1, 0x801F                ## $v1 = 801F0000
/* 01260 80A65700 2463F670 */  addiu   $v1, $v1, 0xF670           ## $v1 = 801EF670
/* 01264 80A65704 90620F02 */  lbu     $v0, 0x0F02($v1)           ## 801F0572
/* 01268 80A65708 3C0580A6 */  lui     $a1, %hi(D_80A65D60)       ## $a1 = 80A60000
/* 0126C 80A6570C 24A55D60 */  addiu   $a1, $a1, %lo(D_80A65D60)  ## $a1 = 80A65D60
/* 01270 80A65710 304E0008 */  andi    $t6, $v0, 0x0008           ## $t6 = 00000000
/* 01274 80A65714 15C0000D */  bne     $t6, $zero, .L80A6574C     
/* 01278 80A65718 26040144 */  addiu   $a0, $s0, 0x0144           ## $a0 = 00000144
/* 0127C 80A6571C 860F0258 */  lh      $t7, 0x0258($s0)           ## 00000258
/* 01280 80A65720 2401045B */  addiu   $at, $zero, 0x045B         ## $at = 0000045B
/* 01284 80A65724 34580008 */  ori     $t8, $v0, 0x0008           ## $t8 = 00000008
/* 01288 80A65728 15E10008 */  bne     $t7, $at, .L80A6574C       
/* 0128C 80A6572C 02003025 */  or      $a2, $s0, $zero            ## $a2 = 00000000
/* 01290 80A65730 A0780F02 */  sb      $t8, 0x0F02($v1)           ## 801F0572
/* 01294 80A65734 8FA40024 */  lw      $a0, 0x0024($sp)           
/* 01298 80A65738 0C05462C */  jal     func_801518B0              
/* 0129C 80A6573C 2405047A */  addiu   $a1, $zero, 0x047A         ## $a1 = 0000047A
/* 012A0 80A65740 2419047A */  addiu   $t9, $zero, 0x047A         ## $t9 = 0000047A
/* 012A4 80A65744 10000009 */  beq     $zero, $zero, .L80A6576C   
/* 012A8 80A65748 A6190258 */  sh      $t9, 0x0258($s0)           ## 00000258
.L80A6574C:
/* 012AC 80A6574C 0C02F717 */  jal     func_800BDC5C              
/* 012B0 80A65750 24060001 */  addiu   $a2, $zero, 0x0001         ## $a2 = 00000001
/* 012B4 80A65754 8FA40024 */  lw      $a0, 0x0024($sp)           
/* 012B8 80A65758 2405047B */  addiu   $a1, $zero, 0x047B         ## $a1 = 0000047B
/* 012BC 80A6575C 0C05462C */  jal     func_801518B0              
/* 012C0 80A65760 02003025 */  or      $a2, $s0, $zero            ## $a2 = 00000000
/* 012C4 80A65764 2408047B */  addiu   $t0, $zero, 0x047B         ## $t0 = 0000047B
/* 012C8 80A65768 A6080258 */  sh      $t0, 0x0258($s0)           ## 00000258
.L80A6576C:
/* 012CC 80A6576C 0C299524 */  jal     func_80A65490              
/* 012D0 80A65770 02002025 */  or      $a0, $s0, $zero            ## $a0 = 00000000
/* 012D4 80A65774 1000001E */  beq     $zero, $zero, .L80A657F0   
/* 012D8 80A65778 8FBF001C */  lw      $ra, 0x001C($sp)           
.L80A6577C:
/* 012DC 80A6577C 86090258 */  lh      $t1, 0x0258($s0)           ## 00000258
/* 012E0 80A65780 2401045D */  addiu   $at, $zero, 0x045D         ## $at = 0000045D
/* 012E4 80A65784 02002025 */  or      $a0, $s0, $zero            ## $a0 = 00000000
/* 012E8 80A65788 15210015 */  bne     $t1, $at, .L80A657E0       
/* 012EC 80A6578C 8FA50024 */  lw      $a1, 0x0024($sp)           
/* 012F0 80A65790 8FA40024 */  lw      $a0, 0x0024($sp)           
/* 012F4 80A65794 0C054926 */  jal     func_80152498              
/* 012F8 80A65798 24844908 */  addiu   $a0, $a0, 0x4908           ## $a0 = 00004908
/* 012FC 80A6579C 24010006 */  addiu   $at, $zero, 0x0006         ## $at = 00000006
/* 01300 80A657A0 54410013 */  bnel    $v0, $at, .L80A657F0       
/* 01304 80A657A4 8FBF001C */  lw      $ra, 0x001C($sp)           
/* 01308 80A657A8 0C051D89 */  jal     func_80147624              
/* 0130C 80A657AC 8FA40024 */  lw      $a0, 0x0024($sp)           
/* 01310 80A657B0 1040000E */  beq     $v0, $zero, .L80A657EC     
/* 01314 80A657B4 3C03801F */  lui     $v1, 0x801F                ## $v1 = 801F0000
/* 01318 80A657B8 2463F670 */  addiu   $v1, $v1, 0xF670           ## $v1 = 801EF670
/* 0131C 80A657BC 90620F33 */  lbu     $v0, 0x0F33($v1)           ## 801F05A3
/* 01320 80A657C0 304A0008 */  andi    $t2, $v0, 0x0008           ## $t2 = 00000000
/* 01324 80A657C4 15400002 */  bne     $t2, $zero, .L80A657D0     
/* 01328 80A657C8 344B0008 */  ori     $t3, $v0, 0x0008           ## $t3 = 00000008
/* 0132C 80A657CC A06B0F33 */  sb      $t3, 0x0F33($v1)           ## 801F05A3
.L80A657D0:
/* 01330 80A657D0 0C299155 */  jal     func_80A64554              
/* 01334 80A657D4 02002025 */  or      $a0, $s0, $zero            ## $a0 = 00000000
/* 01338 80A657D8 10000005 */  beq     $zero, $zero, .L80A657F0   
/* 0133C 80A657DC 8FBF001C */  lw      $ra, 0x001C($sp)           
.L80A657E0:
/* 01340 80A657E0 3C0643FA */  lui     $a2, 0x43FA                ## $a2 = 43FA0000
/* 01344 80A657E4 0C02E178 */  jal     func_800B85E0              
/* 01348 80A657E8 2407FFFF */  addiu   $a3, $zero, 0xFFFF         ## $a3 = FFFFFFFF
.L80A657EC:
/* 0134C 80A657EC 8FBF001C */  lw      $ra, 0x001C($sp)           
.L80A657F0:
/* 01350 80A657F0 8FB00018 */  lw      $s0, 0x0018($sp)           
/* 01354 80A657F4 27BD0020 */  addiu   $sp, $sp, 0x0020           ## $sp = 00000000
/* 01358 80A657F8 03E00008 */  jr      $ra                        
/* 0135C 80A657FC 00000000 */  nop


glabel func_80A65800
/* 01360 80A65800 27BDFFE8 */  addiu   $sp, $sp, 0xFFE8           ## $sp = FFFFFFE8
/* 01364 80A65804 AFBF0014 */  sw      $ra, 0x0014($sp)           
/* 01368 80A65808 AFA40018 */  sw      $a0, 0x0018($sp)           
/* 0136C 80A6580C 8FA40018 */  lw      $a0, 0x0018($sp)           
/* 01370 80A65810 3C0580A6 */  lui     $a1, %hi(D_80A65D60)       ## $a1 = 80A60000
/* 01374 80A65814 24A55D60 */  addiu   $a1, $a1, %lo(D_80A65D60)  ## $a1 = 80A65D60
/* 01378 80A65818 24060002 */  addiu   $a2, $zero, 0x0002         ## $a2 = 00000002
/* 0137C 80A6581C 0C02F717 */  jal     func_800BDC5C              
/* 01380 80A65820 24840144 */  addiu   $a0, $a0, 0x0144           ## $a0 = 00000144
/* 01384 80A65824 8FAF0018 */  lw      $t7, 0x0018($sp)           
/* 01388 80A65828 3C0E80A6 */  lui     $t6, %hi(func_80A65844)    ## $t6 = 80A60000
/* 0138C 80A6582C 25CE5844 */  addiu   $t6, $t6, %lo(func_80A65844) ## $t6 = 80A65844
/* 01390 80A65830 ADEE0188 */  sw      $t6, 0x0188($t7)           ## 00000188
/* 01394 80A65834 8FBF0014 */  lw      $ra, 0x0014($sp)           
/* 01398 80A65838 27BD0018 */  addiu   $sp, $sp, 0x0018           ## $sp = 00000000
/* 0139C 80A6583C 03E00008 */  jr      $ra                        
/* 013A0 80A65840 00000000 */  nop


glabel func_80A65844
/* 013A4 80A65844 27BDFFD8 */  addiu   $sp, $sp, 0xFFD8           ## $sp = FFFFFFD8
/* 013A8 80A65848 AFB00018 */  sw      $s0, 0x0018($sp)           
/* 013AC 80A6584C 00808025 */  or      $s0, $a0, $zero            ## $s0 = 00000000
/* 013B0 80A65850 AFBF001C */  sw      $ra, 0x001C($sp)           
/* 013B4 80A65854 AFA5002C */  sw      $a1, 0x002C($sp)           
/* 013B8 80A65858 860E0258 */  lh      $t6, 0x0258($s0)           ## 00000258
/* 013BC 80A6585C 24010464 */  addiu   $at, $zero, 0x0464         ## $at = 00000464
/* 013C0 80A65860 26040144 */  addiu   $a0, $s0, 0x0144           ## $a0 = 00000144
/* 013C4 80A65864 55C10008 */  bnel    $t6, $at, .L80A65888       
/* 013C8 80A65868 26040144 */  addiu   $a0, $s0, 0x0144           ## $a0 = 00000144
/* 013CC 80A6586C 0C04DE2E */  jal     func_801378B8              
/* 013D0 80A65870 3C054120 */  lui     $a1, 0x4120                ## $a1 = 41200000
/* 013D4 80A65874 10400003 */  beq     $v0, $zero, .L80A65884     
/* 013D8 80A65878 02002025 */  or      $a0, $s0, $zero            ## $a0 = 00000000
/* 013DC 80A6587C 0C02E3B2 */  jal     func_800B8EC8              
/* 013E0 80A65880 24052993 */  addiu   $a1, $zero, 0x2993         ## $a1 = 00002993
.L80A65884:
/* 013E4 80A65884 26040144 */  addiu   $a0, $s0, 0x0144           ## $a0 = 00000144
.L80A65888:
/* 013E8 80A65888 8E050154 */  lw      $a1, 0x0154($s0)           ## 00000154
/* 013EC 80A6588C 0C04DE2E */  jal     func_801378B8              
/* 013F0 80A65890 AFA40020 */  sw      $a0, 0x0020($sp)           
/* 013F4 80A65894 10400037 */  beq     $v0, $zero, .L80A65974     
/* 013F8 80A65898 8FA40020 */  lw      $a0, 0x0020($sp)           
/* 013FC 80A6589C 86020258 */  lh      $v0, 0x0258($s0)           ## 00000258
/* 01400 80A658A0 24010464 */  addiu   $at, $zero, 0x0464         ## $at = 00000464
/* 01404 80A658A4 3C0580A6 */  lui     $a1, %hi(D_80A65D60)       ## $a1 = 80A60000
/* 01408 80A658A8 10410006 */  beq     $v0, $at, .L80A658C4       
/* 0140C 80A658AC 24A55D60 */  addiu   $a1, $a1, %lo(D_80A65D60)  ## $a1 = 80A65D60
/* 01410 80A658B0 24010469 */  addiu   $at, $zero, 0x0469         ## $at = 00000469
/* 01414 80A658B4 1041000C */  beq     $v0, $at, .L80A658E8       
/* 01418 80A658B8 3C0580A6 */  lui     $a1, %hi(D_80A65D60)       ## $a1 = 80A60000
/* 0141C 80A658BC 1000002B */  beq     $zero, $zero, .L80A6596C   
/* 01420 80A658C0 00000000 */  nop
.L80A658C4:
/* 01424 80A658C4 0C02F717 */  jal     func_800BDC5C              
/* 01428 80A658C8 24060001 */  addiu   $a2, $zero, 0x0001         ## $a2 = 00000001
/* 0142C 80A658CC 8FA4002C */  lw      $a0, 0x002C($sp)           
/* 01430 80A658D0 24050465 */  addiu   $a1, $zero, 0x0465         ## $a1 = 00000465
/* 01434 80A658D4 0C05462C */  jal     func_801518B0              
/* 01438 80A658D8 02003025 */  or      $a2, $s0, $zero            ## $a2 = 00000000
/* 0143C 80A658DC 240F0465 */  addiu   $t7, $zero, 0x0465         ## $t7 = 00000465
/* 01440 80A658E0 10000022 */  beq     $zero, $zero, .L80A6596C   
/* 01444 80A658E4 A60F0258 */  sh      $t7, 0x0258($s0)           ## 00000258
.L80A658E8:
/* 01448 80A658E8 24A55D60 */  addiu   $a1, $a1, %lo(D_80A65D60)  ## $a1 = 00005D60
/* 0144C 80A658EC 0C02F717 */  jal     func_800BDC5C              
/* 01450 80A658F0 24060001 */  addiu   $a2, $zero, 0x0001         ## $a2 = 00000001
/* 01454 80A658F4 3C02801F */  lui     $v0, 0x801F                ## $v0 = 801F0000
/* 01458 80A658F8 2442F670 */  addiu   $v0, $v0, 0xF670           ## $v0 = 801EF670
/* 0145C 80A658FC 8FA4002C */  lw      $a0, 0x002C($sp)           
/* 01460 80A65900 8C580EDC */  lw      $t8, 0x0EDC($v0)           ## 801F054C
/* 01464 80A65904 3C010001 */  lui     $at, 0x0001                ## $at = 00010000
/* 01468 80A65908 00240821 */  addu    $at, $at, $a0              
/* 0146C 80A6590C 3319FFFF */  andi    $t9, $t8, 0xFFFF           ## $t9 = 00000000
/* 01470 80A65910 AC396984 */  sw      $t9, 0x6984($at)           ## 00016984
/* 01474 80A65914 8C480018 */  lw      $t0, 0x0018($v0)           ## 801EF688
/* 01478 80A65918 24010005 */  addiu   $at, $zero, 0x0005         ## $at = 00000005
/* 0147C 80A6591C 2405046A */  addiu   $a1, $zero, 0x046A         ## $a1 = 0000046A
/* 01480 80A65920 0101001A */  div     $zero, $t0, $at            
/* 01484 80A65924 00004810 */  mfhi    $t1                        
/* 01488 80A65928 24010003 */  addiu   $at, $zero, 0x0003         ## $at = 00000003
/* 0148C 80A6592C 1521000B */  bne     $t1, $at, .L80A6595C       
/* 01490 80A65930 00000000 */  nop
/* 01494 80A65934 8C4A0010 */  lw      $t2, 0x0010($v0)           ## 801EF680
/* 01498 80A65938 24010001 */  addiu   $at, $zero, 0x0001         ## $at = 00000001
/* 0149C 80A6593C 02003025 */  or      $a2, $s0, $zero            ## $a2 = 00000000
/* 014A0 80A65940 15410006 */  bne     $t2, $at, .L80A6595C       
/* 014A4 80A65944 00000000 */  nop
/* 014A8 80A65948 0C05462C */  jal     func_801518B0              
/* 014AC 80A6594C 2405046C */  addiu   $a1, $zero, 0x046C         ## $a1 = 0000046C
/* 014B0 80A65950 240B046C */  addiu   $t3, $zero, 0x046C         ## $t3 = 0000046C
/* 014B4 80A65954 10000005 */  beq     $zero, $zero, .L80A6596C   
/* 014B8 80A65958 A60B0258 */  sh      $t3, 0x0258($s0)           ## 00000258
.L80A6595C:
/* 014BC 80A6595C 0C05462C */  jal     func_801518B0              
/* 014C0 80A65960 02003025 */  or      $a2, $s0, $zero            ## $a2 = 00000000
/* 014C4 80A65964 240C046A */  addiu   $t4, $zero, 0x046A         ## $t4 = 0000046A
/* 014C8 80A65968 A60C0258 */  sh      $t4, 0x0258($s0)           ## 00000258
.L80A6596C:
/* 014CC 80A6596C 0C299524 */  jal     func_80A65490              
/* 014D0 80A65970 02002025 */  or      $a0, $s0, $zero            ## $a0 = 00000000
.L80A65974:
/* 014D4 80A65974 8FBF001C */  lw      $ra, 0x001C($sp)           
/* 014D8 80A65978 8FB00018 */  lw      $s0, 0x0018($sp)           
/* 014DC 80A6597C 27BD0028 */  addiu   $sp, $sp, 0x0028           ## $sp = 00000000
/* 014E0 80A65980 03E00008 */  jr      $ra                        
/* 014E4 80A65984 00000000 */  nop


glabel func_80A65988
/* 014E8 80A65988 27BDFFE8 */  addiu   $sp, $sp, 0xFFE8           ## $sp = FFFFFFE8
/* 014EC 80A6598C AFBF0014 */  sw      $ra, 0x0014($sp)           
/* 014F0 80A65990 AFA5001C */  sw      $a1, 0x001C($sp)           
/* 014F4 80A65994 00803825 */  or      $a3, $a0, $zero            ## $a3 = 00000000
/* 014F8 80A65998 3C014320 */  lui     $at, 0x4320                ## $at = 43200000
/* 014FC 80A6599C 44812000 */  mtc1    $at, $f4                   ## $f4 = 160.00
/* 01500 80A659A0 C4E60098 */  lwc1    $f6, 0x0098($a3)           ## 00000098
/* 01504 80A659A4 4606203C */  c.lt.s  $f4, $f6                   
/* 01508 80A659A8 00000000 */  nop
/* 0150C 80A659AC 45020014 */  bc1fl   .L80A65A00                 
/* 01510 80A659B0 84E20264 */  lh      $v0, 0x0264($a3)           ## 00000264
/* 01514 80A659B4 84E20264 */  lh      $v0, 0x0264($a3)           ## 00000264
/* 01518 80A659B8 14400021 */  bne     $v0, $zero, .L80A65A40     
/* 0151C 80A659BC 00000000 */  nop
/* 01520 80A659C0 8CEF014C */  lw      $t7, 0x014C($a3)           ## 0000014C
/* 01524 80A659C4 3C0E0600 */  lui     $t6, 0x0600                ## $t6 = 06000000
/* 01528 80A659C8 25CE4A7C */  addiu   $t6, $t6, 0x4A7C           ## $t6 = 06004A7C
/* 0152C 80A659CC 11CF001C */  beq     $t6, $t7, .L80A65A40       
/* 01530 80A659D0 24180028 */  addiu   $t8, $zero, 0x0028         ## $t8 = 00000028
/* 01534 80A659D4 A4F80264 */  sh      $t8, 0x0264($a3)           ## 00000264
/* 01538 80A659D8 3C0580A6 */  lui     $a1, %hi(D_80A65D60)       ## $a1 = 80A60000
/* 0153C 80A659DC 24A55D60 */  addiu   $a1, $a1, %lo(D_80A65D60)  ## $a1 = 80A65D60
/* 01540 80A659E0 AFA70018 */  sw      $a3, 0x0018($sp)           
/* 01544 80A659E4 24E40144 */  addiu   $a0, $a3, 0x0144           ## $a0 = 00000144
/* 01548 80A659E8 0C02F717 */  jal     func_800BDC5C              
/* 0154C 80A659EC 24060004 */  addiu   $a2, $zero, 0x0004         ## $a2 = 00000004
/* 01550 80A659F0 8FA70018 */  lw      $a3, 0x0018($sp)           
/* 01554 80A659F4 10000012 */  beq     $zero, $zero, .L80A65A40   
/* 01558 80A659F8 84E20264 */  lh      $v0, 0x0264($a3)           ## 00000264
/* 0155C 80A659FC 84E20264 */  lh      $v0, 0x0264($a3)           ## 00000264
.L80A65A00:
/* 01560 80A65A00 1440000F */  bne     $v0, $zero, .L80A65A40     
/* 01564 80A65A04 00000000 */  nop
/* 01568 80A65A08 8CE8014C */  lw      $t0, 0x014C($a3)           ## 0000014C
/* 0156C 80A65A0C 3C190600 */  lui     $t9, 0x0600                ## $t9 = 06000000
/* 01570 80A65A10 27390AC4 */  addiu   $t9, $t9, 0x0AC4           ## $t9 = 06000AC4
/* 01574 80A65A14 1328000A */  beq     $t9, $t0, .L80A65A40       
/* 01578 80A65A18 24090028 */  addiu   $t1, $zero, 0x0028         ## $t1 = 00000028
/* 0157C 80A65A1C A4E90264 */  sh      $t1, 0x0264($a3)           ## 00000264
/* 01580 80A65A20 3C0580A6 */  lui     $a1, %hi(D_80A65D60)       ## $a1 = 80A60000
/* 01584 80A65A24 24A55D60 */  addiu   $a1, $a1, %lo(D_80A65D60)  ## $a1 = 80A65D60
/* 01588 80A65A28 AFA70018 */  sw      $a3, 0x0018($sp)           
/* 0158C 80A65A2C 24E40144 */  addiu   $a0, $a3, 0x0144           ## $a0 = 00000144
/* 01590 80A65A30 0C02F717 */  jal     func_800BDC5C              
/* 01594 80A65A34 24060003 */  addiu   $a2, $zero, 0x0003         ## $a2 = 00000003
/* 01598 80A65A38 8FA70018 */  lw      $a3, 0x0018($sp)           
/* 0159C 80A65A3C 84E20264 */  lh      $v0, 0x0264($a3)           ## 00000264
.L80A65A40:
/* 015A0 80A65A40 10400002 */  beq     $v0, $zero, .L80A65A4C     
/* 015A4 80A65A44 244AFFFF */  addiu   $t2, $v0, 0xFFFF           ## $t2 = FFFFFFFF
/* 015A8 80A65A48 A4EA0264 */  sh      $t2, 0x0264($a3)           ## 00000264
.L80A65A4C:
/* 015AC 80A65A4C 8FBF0014 */  lw      $ra, 0x0014($sp)           
/* 015B0 80A65A50 27BD0018 */  addiu   $sp, $sp, 0x0018           ## $sp = 00000000
/* 015B4 80A65A54 03E00008 */  jr      $ra                        
/* 015B8 80A65A58 00000000 */  nop


glabel func_80A65A5C
/* 015BC 80A65A5C 27BDFFD0 */  addiu   $sp, $sp, 0xFFD0           ## $sp = FFFFFFD0
/* 015C0 80A65A60 AFB00028 */  sw      $s0, 0x0028($sp)           
/* 015C4 80A65A64 00808025 */  or      $s0, $a0, $zero            ## $s0 = 00000000
/* 015C8 80A65A68 AFBF002C */  sw      $ra, 0x002C($sp)           
/* 015CC 80A65A6C AFA50034 */  sw      $a1, 0x0034($sp)           
/* 015D0 80A65A70 0C04DB34 */  jal     func_80136CD0              
/* 015D4 80A65A74 26040144 */  addiu   $a0, $s0, 0x0144           ## $a0 = 00000144
/* 015D8 80A65A78 8E0F014C */  lw      $t7, 0x014C($s0)           ## 0000014C
/* 015DC 80A65A7C 3C0E0600 */  lui     $t6, 0x0600                ## $t6 = 06000000
/* 015E0 80A65A80 25CE4A7C */  addiu   $t6, $t6, 0x4A7C           ## $t6 = 06004A7C
/* 015E4 80A65A84 11CF000E */  beq     $t6, $t7, .L80A65AC0       
/* 015E8 80A65A88 2604024C */  addiu   $a0, $s0, 0x024C           ## $a0 = 0000024C
/* 015EC 80A65A8C 8E19003C */  lw      $t9, 0x003C($s0)           ## 0000003C
/* 015F0 80A65A90 8FA40034 */  lw      $a0, 0x0034($sp)           
/* 015F4 80A65A94 02002825 */  or      $a1, $s0, $zero            ## $a1 = 00000000
/* 015F8 80A65A98 AFB90010 */  sw      $t9, 0x0010($sp)           
/* 015FC 80A65A9C 8E180040 */  lw      $t8, 0x0040($s0)           ## 00000040
/* 01600 80A65AA0 2606024C */  addiu   $a2, $s0, 0x024C           ## $a2 = 0000024C
/* 01604 80A65AA4 26070252 */  addiu   $a3, $s0, 0x0252           ## $a3 = 00000252
/* 01608 80A65AA8 AFB80014 */  sw      $t8, 0x0014($sp)           
/* 0160C 80A65AAC 8E190044 */  lw      $t9, 0x0044($s0)           ## 00000044
/* 01610 80A65AB0 0C03A494 */  jal     func_800E9250              
/* 01614 80A65AB4 AFB90018 */  sw      $t9, 0x0018($sp)           
/* 01618 80A65AB8 10000004 */  beq     $zero, $zero, .L80A65ACC   
/* 0161C 80A65ABC 8FBF002C */  lw      $ra, 0x002C($sp)           
.L80A65AC0:
/* 01620 80A65AC0 0C03A3C2 */  jal     func_800E8F08              
/* 01624 80A65AC4 26050252 */  addiu   $a1, $s0, 0x0252           ## $a1 = 00000252
/* 01628 80A65AC8 8FBF002C */  lw      $ra, 0x002C($sp)           
.L80A65ACC:
/* 0162C 80A65ACC 8FB00028 */  lw      $s0, 0x0028($sp)           
/* 01630 80A65AD0 27BD0030 */  addiu   $sp, $sp, 0x0030           ## $sp = 00000000
/* 01634 80A65AD4 03E00008 */  jr      $ra                        
/* 01638 80A65AD8 00000000 */  nop


glabel func_80A65ADC
/* 0163C 80A65ADC 27BDFFE8 */  addiu   $sp, $sp, 0xFFE8           ## $sp = FFFFFFE8
/* 01640 80A65AE0 AFBF0014 */  sw      $ra, 0x0014($sp)           
/* 01644 80A65AE4 AFA5001C */  sw      $a1, 0x001C($sp)           
/* 01648 80A65AE8 AFA40018 */  sw      $a0, 0x0018($sp)           
/* 0164C 80A65AEC 8C990188 */  lw      $t9, 0x0188($a0)           ## 00000188
/* 01650 80A65AF0 8FA5001C */  lw      $a1, 0x001C($sp)           
/* 01654 80A65AF4 0320F809 */  jalr    $ra, $t9                   
/* 01658 80A65AF8 00000000 */  nop
/* 0165C 80A65AFC 8FA40018 */  lw      $a0, 0x0018($sp)           
/* 01660 80A65B00 3C0141F0 */  lui     $at, 0x41F0                ## $at = 41F00000
/* 01664 80A65B04 44813000 */  mtc1    $at, $f6                   ## $f6 = 30.00
/* 01668 80A65B08 8C8E0028 */  lw      $t6, 0x0028($a0)           ## 00000028
/* 0166C 80A65B0C 8C8F0024 */  lw      $t7, 0x0024($a0)           ## 00000024
/* 01670 80A65B10 AC8E0040 */  sw      $t6, 0x0040($a0)           ## 00000040
/* 01674 80A65B14 C4840040 */  lwc1    $f4, 0x0040($a0)           ## 00000040
/* 01678 80A65B18 AC8F003C */  sw      $t7, 0x003C($a0)           ## 0000003C
/* 0167C 80A65B1C 8C8F002C */  lw      $t7, 0x002C($a0)           ## 0000002C
/* 01680 80A65B20 46062200 */  add.s   $f8, $f4, $f6              
/* 01684 80A65B24 AC8F0044 */  sw      $t7, 0x0044($a0)           ## 00000044
/* 01688 80A65B28 E4880040 */  swc1    $f8, 0x0040($a0)           ## 00000040
/* 0168C 80A65B2C 0C299697 */  jal     func_80A65A5C              
/* 01690 80A65B30 8FA5001C */  lw      $a1, 0x001C($sp)           
/* 01694 80A65B34 8FBF0014 */  lw      $ra, 0x0014($sp)           
/* 01698 80A65B38 27BD0018 */  addiu   $sp, $sp, 0x0018           ## $sp = 00000000
/* 0169C 80A65B3C 03E00008 */  jr      $ra                        
/* 016A0 80A65B40 00000000 */  nop


glabel func_80A65B44
/* 016A4 80A65B44 27BDFFE8 */  addiu   $sp, $sp, 0xFFE8           ## $sp = FFFFFFE8
/* 016A8 80A65B48 AFBF0014 */  sw      $ra, 0x0014($sp)           
/* 016AC 80A65B4C AFA40018 */  sw      $a0, 0x0018($sp)           
/* 016B0 80A65B50 AFA70024 */  sw      $a3, 0x0024($sp)           
/* 016B4 80A65B54 2402000F */  addiu   $v0, $zero, 0x000F         ## $v0 = 0000000F
/* 016B8 80A65B58 14A20003 */  bne     $a1, $v0, .L80A65B68       
/* 016BC 80A65B5C 3C0E0601 */  lui     $t6, 0x0601                ## $t6 = 06010000
/* 016C0 80A65B60 25CEB1D8 */  addiu   $t6, $t6, 0xB1D8           ## $t6 = 0600B1D8
/* 016C4 80A65B64 ACCE0000 */  sw      $t6, 0x0000($a2)           ## 00000000
.L80A65B68:
/* 016C8 80A65B68 14A20017 */  bne     $a1, $v0, .L80A65BC8       
/* 016CC 80A65B6C 24010008 */  addiu   $at, $zero, 0x0008         ## $at = 00000008
/* 016D0 80A65B70 44807000 */  mtc1    $zero, $f14                ## $f14 = 0.00
/* 016D4 80A65B74 3C0180A6 */  lui     $at, %hi(D_80A65EE8)       ## $at = 80A60000
/* 016D8 80A65B78 C42C5EE8 */  lwc1    $f12, %lo(D_80A65EE8)($at) 
/* 016DC 80A65B7C 44067000 */  mfc1    $a2, $f14                  
/* 016E0 80A65B80 0C0600A7 */  jal     func_8018029C              
/* 016E4 80A65B84 24070001 */  addiu   $a3, $zero, 0x0001         ## $a3 = 00000001
/* 016E8 80A65B88 8FAF002C */  lw      $t7, 0x002C($sp)           
/* 016EC 80A65B8C 24050001 */  addiu   $a1, $zero, 0x0001         ## $a1 = 00000001
/* 016F0 80A65B90 0C06011E */  jal     func_80180478              
/* 016F4 80A65B94 85E4024E */  lh      $a0, 0x024E($t7)           ## 0000024E
/* 016F8 80A65B98 8FB8002C */  lw      $t8, 0x002C($sp)           
/* 016FC 80A65B9C 24050001 */  addiu   $a1, $zero, 0x0001         ## $a1 = 00000001
/* 01700 80A65BA0 0C06033E */  jal     func_80180CF8              
/* 01704 80A65BA4 8704024C */  lh      $a0, 0x024C($t8)           ## 0000024C
/* 01708 80A65BA8 44807000 */  mtc1    $zero, $f14                ## $f14 = 0.00
/* 0170C 80A65BAC 3C0180A6 */  lui     $at, %hi(D_80A65EEC)       ## $at = 80A60000
/* 01710 80A65BB0 C42C5EEC */  lwc1    $f12, %lo(D_80A65EEC)($at) 
/* 01714 80A65BB4 44067000 */  mfc1    $a2, $f14                  
/* 01718 80A65BB8 0C0600A7 */  jal     func_8018029C              
/* 0171C 80A65BBC 24070001 */  addiu   $a3, $zero, 0x0001         ## $a3 = 00000001
/* 01720 80A65BC0 10000011 */  beq     $zero, $zero, .L80A65C08   
/* 01724 80A65BC4 00001025 */  or      $v0, $zero, $zero          ## $v0 = 00000000
.L80A65BC8:
/* 01728 80A65BC8 14A1000E */  bne     $a1, $at, .L80A65C04       
/* 0172C 80A65BCC 8FB9002C */  lw      $t9, 0x002C($sp)           
/* 01730 80A65BD0 87240254 */  lh      $a0, 0x0254($t9)           ## 00000254
/* 01734 80A65BD4 24050001 */  addiu   $a1, $zero, 0x0001         ## $a1 = 00000001
/* 01738 80A65BD8 00042023 */  subu    $a0, $zero, $a0            
/* 0173C 80A65BDC 00042400 */  sll     $a0, $a0, 16               
/* 01740 80A65BE0 0C06011E */  jal     func_80180478              
/* 01744 80A65BE4 00042403 */  sra     $a0, $a0, 16               
/* 01748 80A65BE8 8FA8002C */  lw      $t0, 0x002C($sp)           
/* 0174C 80A65BEC 24050001 */  addiu   $a1, $zero, 0x0001         ## $a1 = 00000001
/* 01750 80A65BF0 85040252 */  lh      $a0, 0x0252($t0)           ## 00000252
/* 01754 80A65BF4 00042023 */  subu    $a0, $zero, $a0            
/* 01758 80A65BF8 00042400 */  sll     $a0, $a0, 16               
/* 0175C 80A65BFC 0C06033E */  jal     func_80180CF8              
/* 01760 80A65C00 00042403 */  sra     $a0, $a0, 16               
.L80A65C04:
/* 01764 80A65C04 00001025 */  or      $v0, $zero, $zero          ## $v0 = 00000000
.L80A65C08:
/* 01768 80A65C08 8FBF0014 */  lw      $ra, 0x0014($sp)           
/* 0176C 80A65C0C 27BD0018 */  addiu   $sp, $sp, 0x0018           ## $sp = 00000000
/* 01770 80A65C10 03E00008 */  jr      $ra                        
/* 01774 80A65C14 00000000 */  nop


glabel func_80A65C18
/* 01778 80A65C18 AFA40000 */  sw      $a0, 0x0000($sp)           
/* 0177C 80A65C1C AFA50004 */  sw      $a1, 0x0004($sp)           
/* 01780 80A65C20 AFA60008 */  sw      $a2, 0x0008($sp)           
/* 01784 80A65C24 AFA7000C */  sw      $a3, 0x000C($sp)           
/* 01788 80A65C28 03E00008 */  jr      $ra                        
/* 0178C 80A65C2C 00000000 */  nop


glabel func_80A65C30
/* 01790 80A65C30 27BDFFB8 */  addiu   $sp, $sp, 0xFFB8           ## $sp = FFFFFFB8
/* 01794 80A65C34 AFBF002C */  sw      $ra, 0x002C($sp)           
/* 01798 80A65C38 AFB00028 */  sw      $s0, 0x0028($sp)           
/* 0179C 80A65C3C AFA40048 */  sw      $a0, 0x0048($sp)           
/* 017A0 80A65C40 AFA5004C */  sw      $a1, 0x004C($sp)           
/* 017A4 80A65C44 8FAE004C */  lw      $t6, 0x004C($sp)           
/* 017A8 80A65C48 8DC40000 */  lw      $a0, 0x0000($t6)           ## 00000000
/* 017AC 80A65C4C 0C04B0A3 */  jal     func_8012C28C              
/* 017B0 80A65C50 00808025 */  or      $s0, $a0, $zero            ## $s0 = 00000000
/* 017B4 80A65C54 8E0202B0 */  lw      $v0, 0x02B0($s0)           ## 000002B0
/* 017B8 80A65C58 3C18DB06 */  lui     $t8, 0xDB06                ## $t8 = DB060000
/* 017BC 80A65C5C 37180020 */  ori     $t8, $t8, 0x0020           ## $t8 = DB060020
/* 017C0 80A65C60 244F0008 */  addiu   $t7, $v0, 0x0008           ## $t7 = 00000008
/* 017C4 80A65C64 AE0F02B0 */  sw      $t7, 0x02B0($s0)           ## 000002B0
/* 017C8 80A65C68 AC580000 */  sw      $t8, 0x0000($v0)           ## 00000000
/* 017CC 80A65C6C 8FB9004C */  lw      $t9, 0x004C($sp)           
/* 017D0 80A65C70 24050032 */  addiu   $a1, $zero, 0x0032         ## $a1 = 00000032
/* 017D4 80A65C74 24060050 */  addiu   $a2, $zero, 0x0050         ## $a2 = 00000050
/* 017D8 80A65C78 8F240000 */  lw      $a0, 0x0000($t9)           ## 00000000
/* 017DC 80A65C7C AFA00010 */  sw      $zero, 0x0010($sp)         
/* 017E0 80A65C80 00003825 */  or      $a3, $zero, $zero          ## $a3 = 00000000
/* 017E4 80A65C84 0C04B394 */  jal     func_8012CE50              
/* 017E8 80A65C88 AFA20038 */  sw      $v0, 0x0038($sp)           
/* 017EC 80A65C8C 8FA30038 */  lw      $v1, 0x0038($sp)           
/* 017F0 80A65C90 3C0ADB06 */  lui     $t2, 0xDB06                ## $t2 = DB060000
/* 017F4 80A65C94 AC620004 */  sw      $v0, 0x0004($v1)           ## 00000004
/* 017F8 80A65C98 8E0202B0 */  lw      $v0, 0x02B0($s0)           ## 000002B0
/* 017FC 80A65C9C 354A0024 */  ori     $t2, $t2, 0x0024           ## $t2 = DB060024
/* 01800 80A65CA0 24050032 */  addiu   $a1, $zero, 0x0032         ## $a1 = 00000032
/* 01804 80A65CA4 24490008 */  addiu   $t1, $v0, 0x0008           ## $t1 = 00000008
/* 01808 80A65CA8 AE0902B0 */  sw      $t1, 0x02B0($s0)           ## 000002B0
/* 0180C 80A65CAC AC4A0000 */  sw      $t2, 0x0000($v0)           ## 00000000
/* 01810 80A65CB0 8FAB004C */  lw      $t3, 0x004C($sp)           
/* 01814 80A65CB4 24060050 */  addiu   $a2, $zero, 0x0050         ## $a2 = 00000050
/* 01818 80A65CB8 00003825 */  or      $a3, $zero, $zero          ## $a3 = 00000000
/* 0181C 80A65CBC 8D640000 */  lw      $a0, 0x0000($t3)           ## 00000000
/* 01820 80A65CC0 AFA00010 */  sw      $zero, 0x0010($sp)         
/* 01824 80A65CC4 0C04B394 */  jal     func_8012CE50              
/* 01828 80A65CC8 AFA20034 */  sw      $v0, 0x0034($sp)           
/* 0182C 80A65CCC 8FA30034 */  lw      $v1, 0x0034($sp)           
/* 01830 80A65CD0 8FA80048 */  lw      $t0, 0x0048($sp)           
/* 01834 80A65CD4 3C0E80A6 */  lui     $t6, %hi(func_80A65B44)    ## $t6 = 80A60000
/* 01838 80A65CD8 AC620004 */  sw      $v0, 0x0004($v1)           ## 00000004
/* 0183C 80A65CDC 8E0202B0 */  lw      $v0, 0x02B0($s0)           ## 000002B0
/* 01840 80A65CE0 3C0DE700 */  lui     $t5, 0xE700                ## $t5 = E7000000
/* 01844 80A65CE4 25CE5B44 */  addiu   $t6, $t6, %lo(func_80A65B44) ## $t6 = 80A65B44
/* 01848 80A65CE8 244C0008 */  addiu   $t4, $v0, 0x0008           ## $t4 = 00000008
/* 0184C 80A65CEC AE0C02B0 */  sw      $t4, 0x02B0($s0)           ## 000002B0
/* 01850 80A65CF0 AC400004 */  sw      $zero, 0x0004($v0)         ## 00000004
/* 01854 80A65CF4 AC4D0000 */  sw      $t5, 0x0000($v0)           ## 00000000
/* 01858 80A65CF8 8D050148 */  lw      $a1, 0x0148($t0)           ## 00000148
/* 0185C 80A65CFC 8D060164 */  lw      $a2, 0x0164($t0)           ## 00000164
/* 01860 80A65D00 91070146 */  lbu     $a3, 0x0146($t0)           ## 00000146
/* 01864 80A65D04 3C0F80A6 */  lui     $t7, %hi(func_80A65C18)    ## $t7 = 80A60000
/* 01868 80A65D08 25EF5C18 */  addiu   $t7, $t7, %lo(func_80A65C18) ## $t7 = 80A65C18
/* 0186C 80A65D0C AFAF0014 */  sw      $t7, 0x0014($sp)           
/* 01870 80A65D10 AFA80018 */  sw      $t0, 0x0018($sp)           
/* 01874 80A65D14 AFAE0010 */  sw      $t6, 0x0010($sp)           
/* 01878 80A65D18 0C04CFCA */  jal     func_80133F28              
/* 0187C 80A65D1C 8FA4004C */  lw      $a0, 0x004C($sp)           
/* 01880 80A65D20 8FBF002C */  lw      $ra, 0x002C($sp)           
/* 01884 80A65D24 8FB00028 */  lw      $s0, 0x0028($sp)           
/* 01888 80A65D28 27BD0048 */  addiu   $sp, $sp, 0x0048           ## $sp = 00000000
/* 0188C 80A65D2C 03E00008 */  jr      $ra                        
/* 01890 80A65D30 00000000 */  nop
/* 01894 80A65D34 00000000 */  nop
/* 01898 80A65D38 00000000 */  nop
/* 0189C 80A65D3C 00000000 */  nop

.section .data

D_80A65D40: .word 0x01770400, 0x00000009, 0x00E30000, 0x00000268
.word func_80A644A0
.word func_80A64544
.word func_80A65ADC
.word func_80A65C30
D_80A65D60: .word \
0x060008C0, 0x3F800000, 0x00000000, 0x00000000, \
0x00000000, 0xC0800000, 0x060043F0, 0x3F800000, \
0x00000000, 0x00000000, 0x00000000, 0xC0800000, \
0x06004F40, 0x3F800000, 0x00000000, 0x00000000, \
0x02000000, 0xC0800000, 0x06000AC4, 0x3F800000, \
0x00000000, 0x00000000, 0x00000000, 0xC0800000, \
0x06004A7C, 0x3F800000, 0x00000000, 0x00000000, \
0x00000000, 0xC0800000, 0x00000000, 0x00000000

.section .rodata

D_80A65DE0: .word .L80A64744
.word .L80A647AC
.word .L80A64DB0
.word .L80A647C8
.word .L80A64DB0
.word .L80A64DB0
.word .L80A64DB0
.word .L80A647FC
.word .L80A647FC
.word .L80A647FC
.word .L80A648A8
.word .L80A64DB0
.word .L80A64DB0
.word .L80A648A8
.word .L80A648C4
.word .L80A64A60
.word .L80A64A60
.word .L80A64A60
.word .L80A64DB0
.word .L80A64DB0
.word .L80A64DB0
.word .L80A64A8C
.word .L80A64AA8
.word .L80A64AC4
.word .L80A64AE0
.word .L80A64B00
.word .L80A64B50
.word .L80A64B50
.word .L80A64DB0
.word .L80A64B6C
.word .L80A64B7C
.word .L80A64C6C
.word .L80A64B7C
.word .L80A64C88
.word .L80A64DB0
.word .L80A64DB0
.word .L80A64CA4
.word .L80A64DB0
.word .L80A64D0C
.word .L80A64D0C
.word .L80A64D0C
.word .L80A64CF0
.word .L80A64CD4
.word .L80A64D64
.word .L80A64DB0
.word .L80A64D98
.word .L80A64DB0
.word .L80A64DB0
.word .L80A64CF0
.word .L80A64CF0
.word .L80A64B7C
D_80A65EAC: .word .L80A6553C
.word .L80A6553C
.word .L80A654E4
.word .L80A6553C
.word .L80A654F4
.word .L80A65504
.word .L80A65514
.word .L80A6553C
.word .L80A6553C
.word .L80A6553C
.word .L80A6553C
.word .L80A6553C
.word .L80A6553C
.word .L80A6553C
.word .L80A65534
D_80A65EE8: .word 0x44BB8000
D_80A65EEC: .word 0xC4BB8000


.section .rodata
D_80A65EF0:
.incbin "baserom/En_Ginko_Man", 0x1A50, 0x00000290
