.include "macro.inc"

# assembler directives
.set noat      # allow manual use of $at
.set noreorder # don't insert nops after branches
.set gp=64     # allow use of 64-bit general purpose registers

.section .text
glabel func_8099FEB0
/* 00000 8099FEB0 27BDFFC0 */  addiu   $sp, $sp, 0xFFC0           ## $sp = FFFFFFC0
/* 00004 8099FEB4 AFB00028 */  sw      $s0, 0x0028($sp)           
/* 00008 8099FEB8 00808025 */  or      $s0, $a0, $zero            ## $s0 = 00000000
/* 0000C 8099FEBC AFBF002C */  sw      $ra, 0x002C($sp)           
/* 00010 8099FEC0 AFA50044 */  sw      $a1, 0x0044($sp)           
/* 00014 8099FEC4 3C06800B */  lui     $a2, 0x800B                ## $a2 = 800B0000
/* 00018 8099FEC8 24C63FC0 */  addiu   $a2, $a2, 0x3FC0           ## $a2 = 800B3FC0
/* 0001C 8099FECC 260400BC */  addiu   $a0, $s0, 0x00BC           ## $a0 = 000000BC
/* 00020 8099FED0 24050000 */  addiu   $a1, $zero, 0x0000         ## $a1 = 00000000
/* 00024 8099FED4 0C02CEE9 */  jal     func_800B3BA4              
/* 00028 8099FED8 3C0741A0 */  lui     $a3, 0x41A0                ## $a3 = 41A00000
/* 0002C 8099FEDC 26050194 */  addiu   $a1, $s0, 0x0194           ## $a1 = 00000194
/* 00030 8099FEE0 3C060601 */  lui     $a2, 0x0601                ## $a2 = 06010000
/* 00034 8099FEE4 260E01D8 */  addiu   $t6, $s0, 0x01D8           ## $t6 = 000001D8
/* 00038 8099FEE8 260F0268 */  addiu   $t7, $s0, 0x0268           ## $t7 = 00000268
/* 0003C 8099FEEC 24180018 */  addiu   $t8, $zero, 0x0018         ## $t8 = 00000018
/* 00040 8099FEF0 AFB80018 */  sw      $t8, 0x0018($sp)           
/* 00044 8099FEF4 AFAF0014 */  sw      $t7, 0x0014($sp)           
/* 00048 8099FEF8 AFAE0010 */  sw      $t6, 0x0010($sp)           
/* 0004C 8099FEFC 24C6A808 */  addiu   $a2, $a2, 0xA808           ## $a2 = 0600A808
/* 00050 8099FF00 AFA50034 */  sw      $a1, 0x0034($sp)           
/* 00054 8099FF04 8FA40044 */  lw      $a0, 0x0044($sp)           
/* 00058 8099FF08 0C04DACC */  jal     func_80136B30              
/* 0005C 8099FF0C 00003825 */  or      $a3, $zero, $zero          ## $a3 = 00000000
/* 00060 8099FF10 3C050600 */  lui     $a1, 0x0600                ## $a1 = 06000000
/* 00064 8099FF14 24A51EFC */  addiu   $a1, $a1, 0x1EFC           ## $a1 = 06001EFC
/* 00068 8099FF18 0C04DD50 */  jal     func_80137540              
/* 0006C 8099FF1C 8FA40034 */  lw      $a0, 0x0034($sp)           
/* 00070 8099FF20 3C07809A */  lui     $a3, %hi(D_809A0DA0)       ## $a3 = 809A0000
/* 00074 8099FF24 24E70DA0 */  addiu   $a3, $a3, %lo(D_809A0DA0)  ## $a3 = 809A0DA0
/* 00078 8099FF28 8FA40044 */  lw      $a0, 0x0044($sp)           
/* 0007C 8099FF2C 26050148 */  addiu   $a1, $s0, 0x0148           ## $a1 = 00000148
/* 00080 8099FF30 0C0384DD */  jal     func_800E1374              
/* 00084 8099FF34 02003025 */  or      $a2, $s0, $zero            ## $a2 = 00000000
/* 00088 8099FF38 241900FF */  addiu   $t9, $zero, 0x00FF         ## $t9 = 000000FF
/* 0008C 8099FF3C 3C053C23 */  lui     $a1, 0x3C23                ## $a1 = 3C230000
/* 00090 8099FF40 A21900B6 */  sb      $t9, 0x00B6($s0)           ## 000000B6
/* 00094 8099FF44 34A5D70A */  ori     $a1, $a1, 0xD70A           ## $a1 = 3C23D70A
/* 00098 8099FF48 0C02D9F8 */  jal     func_800B67E0              
/* 0009C 8099FF4C 02002025 */  or      $a0, $s0, $zero            ## $a0 = 00000000
/* 000A0 8099FF50 2402FFFF */  addiu   $v0, $zero, 0xFFFF         ## $v0 = FFFFFFFF
/* 000A4 8099FF54 3C08809A */  lui     $t0, %hi(func_809A096C)    ## $t0 = 809A0000
/* 000A8 8099FF58 2508096C */  addiu   $t0, $t0, %lo(func_809A096C) ## $t0 = 809A096C
/* 000AC 8099FF5C A6020312 */  sh      $v0, 0x0312($s0)           ## 00000312
/* 000B0 8099FF60 A6020314 */  sh      $v0, 0x0314($s0)           ## 00000314
/* 000B4 8099FF64 AE080144 */  sw      $t0, 0x0144($s0)           ## 00000144
/* 000B8 8099FF68 8FA50044 */  lw      $a1, 0x0044($sp)           
/* 000BC 8099FF6C 0C268083 */  jal     func_809A020C              
/* 000C0 8099FF70 02002025 */  or      $a0, $s0, $zero            ## $a0 = 00000000
/* 000C4 8099FF74 8609001C */  lh      $t1, 0x001C($s0)           ## 0000001C
/* 000C8 8099FF78 24010001 */  addiu   $at, $zero, 0x0001         ## $at = 00000001
/* 000CC 8099FF7C 02002025 */  or      $a0, $s0, $zero            ## $a0 = 00000000
/* 000D0 8099FF80 312A0001 */  andi    $t2, $t1, 0x0001           ## $t2 = 00000000
/* 000D4 8099FF84 15410013 */  bne     $t2, $at, .L8099FFD4       
/* 000D8 8099FF88 24050001 */  addiu   $a1, $zero, 0x0001         ## $a1 = 00000001
/* 000DC 8099FF8C 02002025 */  or      $a0, $s0, $zero            ## $a0 = 00000000
/* 000E0 8099FF90 24050002 */  addiu   $a1, $zero, 0x0002         ## $a1 = 00000002
/* 000E4 8099FF94 00003025 */  or      $a2, $zero, $zero          ## $a2 = 00000000
/* 000E8 8099FF98 0C26801C */  jal     func_809A0070              
/* 000EC 8099FF9C 24070000 */  addiu   $a3, $zero, 0x0000         ## $a3 = 00000000
/* 000F0 8099FFA0 3C0B809A */  lui     $t3, %hi(func_809A04D0)    ## $t3 = 809A0000
/* 000F4 8099FFA4 3C02801F */  lui     $v0, 0x801F                ## $v0 = 801F0000
/* 000F8 8099FFA8 256B04D0 */  addiu   $t3, $t3, %lo(func_809A04D0) ## $t3 = 809A04D0
/* 000FC 8099FFAC 2442F670 */  addiu   $v0, $v0, 0xF670           ## $v0 = 801EF670
/* 00100 8099FFB0 AE0B031C */  sw      $t3, 0x031C($s0)           ## 0000031C
/* 00104 8099FFB4 904C0F4B */  lbu     $t4, 0x0F4B($v0)           ## 801F05BB
/* 00108 8099FFB8 318D0002 */  andi    $t5, $t4, 0x0002           ## $t5 = 00000000
/* 0010C 8099FFBC 51A00011 */  beql    $t5, $zero, .L809A0004     
/* 00110 8099FFC0 3C01C080 */  lui     $at, 0xC080                ## $at = C0800000
/* 00114 8099FFC4 0C02D9C3 */  jal     func_800B670C              
/* 00118 8099FFC8 02002025 */  or      $a0, $s0, $zero            ## $a0 = 00000000
/* 0011C 8099FFCC 10000019 */  beq     $zero, $zero, .L809A0034   
/* 00120 8099FFD0 8FBF002C */  lw      $ra, 0x002C($sp)           
.L8099FFD4:
/* 00124 8099FFD4 00003025 */  or      $a2, $zero, $zero          ## $a2 = 00000000
/* 00128 8099FFD8 0C26801C */  jal     func_809A0070              
/* 0012C 8099FFDC 24070000 */  addiu   $a3, $zero, 0x0000         ## $a3 = 00000000
/* 00130 8099FFE0 3C013FC0 */  lui     $at, 0x3FC0                ## $at = 3FC00000
/* 00134 8099FFE4 44812000 */  mtc1    $at, $f4                   ## $f4 = 1.50
/* 00138 8099FFE8 3C0E809A */  lui     $t6, %hi(func_809A03AC)    ## $t6 = 809A0000
/* 0013C 8099FFEC 25CE03AC */  addiu   $t6, $t6, %lo(func_809A03AC) ## $t6 = 809A03AC
/* 00140 8099FFF0 3C02801F */  lui     $v0, 0x801F                ## $v0 = 801F0000
/* 00144 8099FFF4 AE0E031C */  sw      $t6, 0x031C($s0)           ## 0000031C
/* 00148 8099FFF8 2442F670 */  addiu   $v0, $v0, 0xF670           ## $v0 = 801EF670
/* 0014C 8099FFFC E6040070 */  swc1    $f4, 0x0070($s0)           ## 00000070
/* 00150 809A0000 3C01C080 */  lui     $at, 0xC080                ## $at = C0800000
.L809A0004:
/* 00154 809A0004 44813000 */  mtc1    $at, $f6                   ## $f6 = -4.00
/* 00158 809A0008 3C01BF80 */  lui     $at, 0xBF80                ## $at = BF800000
/* 0015C 809A000C 44814000 */  mtc1    $at, $f8                   ## $f8 = -1.00
/* 00160 809A0010 240F0006 */  addiu   $t7, $zero, 0x0006         ## $t7 = 00000006
/* 00164 809A0014 A6000310 */  sh      $zero, 0x0310($s0)         ## 00000310
/* 00168 809A0018 A20F001F */  sb      $t7, 0x001F($s0)           ## 0000001F
/* 0016C 809A001C E6060078 */  swc1    $f6, 0x0078($s0)           ## 00000078
/* 00170 809A0020 E6080074 */  swc1    $f8, 0x0074($s0)           ## 00000074
/* 00174 809A0024 90580F48 */  lbu     $t8, 0x0F48($v0)           ## 801F05B8
/* 00178 809A0028 331900F7 */  andi    $t9, $t8, 0x00F7           ## $t9 = 00000000
/* 0017C 809A002C A0590F48 */  sb      $t9, 0x0F48($v0)           ## 801F05B8
/* 00180 809A0030 8FBF002C */  lw      $ra, 0x002C($sp)           
.L809A0034:
/* 00184 809A0034 8FB00028 */  lw      $s0, 0x0028($sp)           
/* 00188 809A0038 27BD0040 */  addiu   $sp, $sp, 0x0040           ## $sp = 00000000
/* 0018C 809A003C 03E00008 */  jr      $ra                        
/* 00190 809A0040 00000000 */  nop


glabel func_809A0044
/* 00194 809A0044 27BDFFE8 */  addiu   $sp, $sp, 0xFFE8           ## $sp = FFFFFFE8
/* 00198 809A0048 AFBF0014 */  sw      $ra, 0x0014($sp)           
/* 0019C 809A004C 00803025 */  or      $a2, $a0, $zero            ## $a2 = 00000000
/* 001A0 809A0050 00A03825 */  or      $a3, $a1, $zero            ## $a3 = 00000000
/* 001A4 809A0054 00E02025 */  or      $a0, $a3, $zero            ## $a0 = 00000000
/* 001A8 809A0058 0C03847B */  jal     func_800E11EC              
/* 001AC 809A005C 24C50148 */  addiu   $a1, $a2, 0x0148           ## $a1 = 00000148
/* 001B0 809A0060 8FBF0014 */  lw      $ra, 0x0014($sp)           
/* 001B4 809A0064 27BD0018 */  addiu   $sp, $sp, 0x0018           ## $sp = 00000000
/* 001B8 809A0068 03E00008 */  jr      $ra                        
/* 001BC 809A006C 00000000 */  nop


glabel func_809A0070
/* 001C0 809A0070 27BDFFD0 */  addiu   $sp, $sp, 0xFFD0           ## $sp = FFFFFFD0
/* 001C4 809A0074 AFBF0024 */  sw      $ra, 0x0024($sp)           
/* 001C8 809A0078 AFA40030 */  sw      $a0, 0x0030($sp)           
/* 001CC 809A007C AFA50034 */  sw      $a1, 0x0034($sp)           
/* 001D0 809A0080 AFA60038 */  sw      $a2, 0x0038($sp)           
/* 001D4 809A0084 AFA7003C */  sw      $a3, 0x003C($sp)           
/* 001D8 809A0088 87AE0036 */  lh      $t6, 0x0036($sp)           
/* 001DC 809A008C 3C18809A */  lui     $t8, %hi(D_809A0DCC)       ## $t8 = 809A0000
/* 001E0 809A0090 27180DCC */  addiu   $t8, $t8, %lo(D_809A0DCC)  ## $t8 = 809A0DCC
/* 001E4 809A0094 000E7880 */  sll     $t7, $t6,  2               
/* 001E8 809A0098 01F81821 */  addu    $v1, $t7, $t8              
/* 001EC 809A009C 8C640000 */  lw      $a0, 0x0000($v1)           ## 00000000
/* 001F0 809A00A0 0C04D1D2 */  jal     func_80134748              
/* 001F4 809A00A4 AFA30028 */  sw      $v1, 0x0028($sp)           
/* 001F8 809A00A8 44822000 */  mtc1    $v0, $f4                   ## $f4 = 0.00
/* 001FC 809A00AC 8FA30028 */  lw      $v1, 0x0028($sp)           
/* 00200 809A00B0 8FA40030 */  lw      $a0, 0x0030($sp)           
/* 00204 809A00B4 468021A0 */  cvt.s.w $f6, $f4                   
/* 00208 809A00B8 93B9003B */  lbu     $t9, 0x003B($sp)           
/* 0020C 809A00BC C7A8003C */  lwc1    $f8, 0x003C($sp)           
/* 00210 809A00C0 3C063F80 */  lui     $a2, 0x3F80                ## $a2 = 3F800000
/* 00214 809A00C4 24070000 */  addiu   $a3, $zero, 0x0000         ## $a3 = 00000000
/* 00218 809A00C8 8C650000 */  lw      $a1, 0x0000($v1)           ## 00000000
/* 0021C 809A00CC E7A60010 */  swc1    $f6, 0x0010($sp)           
/* 00220 809A00D0 24840194 */  addiu   $a0, $a0, 0x0194           ## $a0 = 00000194
/* 00224 809A00D4 AFB90014 */  sw      $t9, 0x0014($sp)           
/* 00228 809A00D8 0C04DCFA */  jal     func_801373E8              
/* 0022C 809A00DC E7A80018 */  swc1    $f8, 0x0018($sp)           
/* 00230 809A00E0 87A80036 */  lh      $t0, 0x0036($sp)           
/* 00234 809A00E4 8FA90030 */  lw      $t1, 0x0030($sp)           
/* 00238 809A00E8 A5280312 */  sh      $t0, 0x0312($t1)           ## 00000312
/* 0023C 809A00EC 8FBF0024 */  lw      $ra, 0x0024($sp)           
/* 00240 809A00F0 03E00008 */  jr      $ra                        
/* 00244 809A00F4 27BD0030 */  addiu   $sp, $sp, 0x0030           ## $sp = 00000000


glabel func_809A00F8
/* 00248 809A00F8 27BDFFD0 */  addiu   $sp, $sp, 0xFFD0           ## $sp = FFFFFFD0
/* 0024C 809A00FC AFB00028 */  sw      $s0, 0x0028($sp)           
/* 00250 809A0100 00808025 */  or      $s0, $a0, $zero            ## $s0 = 00000000
/* 00254 809A0104 AFBF002C */  sw      $ra, 0x002C($sp)           
/* 00258 809A0108 AFA50034 */  sw      $a1, 0x0034($sp)           
/* 0025C 809A010C 860E0092 */  lh      $t6, 0x0092($s0)           ## 00000092
/* 00260 809A0110 860F00BE */  lh      $t7, 0x00BE($s0)           ## 000000BE
/* 00264 809A0114 26040304 */  addiu   $a0, $s0, 0x0304           ## $a0 = 00000304
/* 00268 809A0118 00002825 */  or      $a1, $zero, $zero          ## $a1 = 00000000
/* 0026C 809A011C 01CF1023 */  subu    $v0, $t6, $t7              
/* 00270 809A0120 00021400 */  sll     $v0, $v0, 16               
/* 00274 809A0124 00021403 */  sra     $v0, $v0, 16               
/* 00278 809A0128 04410003 */  bgez    $v0, .L809A0138            
/* 0027C 809A012C 00401825 */  or      $v1, $v0, $zero            ## $v1 = 00000000
/* 00280 809A0130 10000001 */  beq     $zero, $zero, .L809A0138   
/* 00284 809A0134 00021823 */  subu    $v1, $zero, $v0            
.L809A0138:
/* 00288 809A0138 28612301 */  slti    $at, $v1, 0x2301           
/* 0028C 809A013C 10200015 */  beq     $at, $zero, .L809A0194     
/* 00290 809A0140 24060006 */  addiu   $a2, $zero, 0x0006         ## $a2 = 00000006
/* 00294 809A0144 3C0142C8 */  lui     $at, 0x42C8                ## $at = 42C80000
/* 00298 809A0148 44813000 */  mtc1    $at, $f6                   ## $f6 = 100.00
/* 0029C 809A014C C6040098 */  lwc1    $f4, 0x0098($s0)           ## 00000098
/* 002A0 809A0150 4606203C */  c.lt.s  $f4, $f6                   
/* 002A4 809A0154 00000000 */  nop
/* 002A8 809A0158 4502000F */  bc1fl   .L809A0198                 
/* 002AC 809A015C 24080064 */  addiu   $t0, $zero, 0x0064         ## $t0 = 00000064
/* 002B0 809A0160 8E19003C */  lw      $t9, 0x003C($s0)           ## 0000003C
/* 002B4 809A0164 8FA40034 */  lw      $a0, 0x0034($sp)           
/* 002B8 809A0168 02002825 */  or      $a1, $s0, $zero            ## $a1 = 00000000
/* 002BC 809A016C AFB90010 */  sw      $t9, 0x0010($sp)           
/* 002C0 809A0170 8E180040 */  lw      $t8, 0x0040($s0)           ## 00000040
/* 002C4 809A0174 26060304 */  addiu   $a2, $s0, 0x0304           ## $a2 = 00000304
/* 002C8 809A0178 2607030A */  addiu   $a3, $s0, 0x030A           ## $a3 = 0000030A
/* 002CC 809A017C AFB80014 */  sw      $t8, 0x0014($sp)           
/* 002D0 809A0180 8E190044 */  lw      $t9, 0x0044($s0)           ## 00000044
/* 002D4 809A0184 0C03A494 */  jal     func_800E9250              
/* 002D8 809A0188 AFB90018 */  sw      $t9, 0x0018($sp)           
/* 002DC 809A018C 1000001B */  beq     $zero, $zero, .L809A01FC   
/* 002E0 809A0190 8FBF002C */  lw      $ra, 0x002C($sp)           
.L809A0194:
/* 002E4 809A0194 24080064 */  addiu   $t0, $zero, 0x0064         ## $t0 = 00000064
.L809A0198:
/* 002E8 809A0198 AFA80010 */  sw      $t0, 0x0010($sp)           
/* 002EC 809A019C 0C03FFAF */  jal     func_800FFEBC              
/* 002F0 809A01A0 24071838 */  addiu   $a3, $zero, 0x1838         ## $a3 = 00001838
/* 002F4 809A01A4 24090064 */  addiu   $t1, $zero, 0x0064         ## $t1 = 00000064
/* 002F8 809A01A8 AFA90010 */  sw      $t1, 0x0010($sp)           
/* 002FC 809A01AC 26040306 */  addiu   $a0, $s0, 0x0306           ## $a0 = 00000306
/* 00300 809A01B0 00002825 */  or      $a1, $zero, $zero          ## $a1 = 00000000
/* 00304 809A01B4 24060006 */  addiu   $a2, $zero, 0x0006         ## $a2 = 00000006
/* 00308 809A01B8 0C03FFAF */  jal     func_800FFEBC              
/* 0030C 809A01BC 24071838 */  addiu   $a3, $zero, 0x1838         ## $a3 = 00001838
/* 00310 809A01C0 240A0064 */  addiu   $t2, $zero, 0x0064         ## $t2 = 00000064
/* 00314 809A01C4 AFAA0010 */  sw      $t2, 0x0010($sp)           
/* 00318 809A01C8 2604030A */  addiu   $a0, $s0, 0x030A           ## $a0 = 0000030A
/* 0031C 809A01CC 00002825 */  or      $a1, $zero, $zero          ## $a1 = 00000000
/* 00320 809A01D0 24060006 */  addiu   $a2, $zero, 0x0006         ## $a2 = 00000006
/* 00324 809A01D4 0C03FFAF */  jal     func_800FFEBC              
/* 00328 809A01D8 24071838 */  addiu   $a3, $zero, 0x1838         ## $a3 = 00001838
/* 0032C 809A01DC 240B0064 */  addiu   $t3, $zero, 0x0064         ## $t3 = 00000064
/* 00330 809A01E0 AFAB0010 */  sw      $t3, 0x0010($sp)           
/* 00334 809A01E4 2604030C */  addiu   $a0, $s0, 0x030C           ## $a0 = 0000030C
/* 00338 809A01E8 00002825 */  or      $a1, $zero, $zero          ## $a1 = 00000000
/* 0033C 809A01EC 24060006 */  addiu   $a2, $zero, 0x0006         ## $a2 = 00000006
/* 00340 809A01F0 0C03FFAF */  jal     func_800FFEBC              
/* 00344 809A01F4 24071838 */  addiu   $a3, $zero, 0x1838         ## $a3 = 00001838
/* 00348 809A01F8 8FBF002C */  lw      $ra, 0x002C($sp)           
.L809A01FC:
/* 0034C 809A01FC 8FB00028 */  lw      $s0, 0x0028($sp)           
/* 00350 809A0200 27BD0030 */  addiu   $sp, $sp, 0x0030           ## $sp = 00000000
/* 00354 809A0204 03E00008 */  jr      $ra                        
/* 00358 809A0208 00000000 */  nop


glabel func_809A020C
/* 0035C 809A020C 8482001C */  lh      $v0, 0x001C($a0)           ## 0000001C
/* 00360 809A0210 2401003F */  addiu   $at, $zero, 0x003F         ## $at = 0000003F
/* 00364 809A0214 AC800300 */  sw      $zero, 0x0300($a0)         ## 00000300
/* 00368 809A0218 3042FC00 */  andi    $v0, $v0, 0xFC00           ## $v0 = 00000000
/* 0036C 809A021C 00021283 */  sra     $v0, $v0, 10               
/* 00370 809A0220 10410007 */  beq     $v0, $at, .L809A0240       
/* 00374 809A0224 3C0E0002 */  lui     $t6, 0x0002                ## $t6 = 00020000
/* 00378 809A0228 01C57021 */  addu    $t6, $t6, $a1              
/* 0037C 809A022C 8DCE8864 */  lw      $t6, -0x779C($t6)          ## 00018864
/* 00380 809A0230 000278C0 */  sll     $t7, $v0,  3               
/* 00384 809A0234 01CFC021 */  addu    $t8, $t6, $t7              
/* 00388 809A0238 03E00008 */  jr      $ra                        
/* 0038C 809A023C AC9802FC */  sw      $t8, 0x02FC($a0)           ## 000002FC
.L809A0240:
/* 00390 809A0240 AC8002FC */  sw      $zero, 0x02FC($a0)         ## 000002FC
/* 00394 809A0244 03E00008 */  jr      $ra                        
/* 00398 809A0248 00000000 */  nop


glabel func_809A024C
/* 0039C 809A024C 27BDFFC8 */  addiu   $sp, $sp, 0xFFC8           ## $sp = FFFFFFC8
/* 003A0 809A0250 AFB00020 */  sw      $s0, 0x0020($sp)           
/* 003A4 809A0254 00808025 */  or      $s0, $a0, $zero            ## $s0 = 00000000
/* 003A8 809A0258 AFBF0024 */  sw      $ra, 0x0024($sp)           
/* 003AC 809A025C 8E0202FC */  lw      $v0, 0x02FC($s0)           ## 000002FC
/* 003B0 809A0260 54400004 */  bnel    $v0, $zero, .L809A0274     
/* 003B4 809A0264 8C440004 */  lw      $a0, 0x0004($v0)           ## 00000004
/* 003B8 809A0268 10000034 */  beq     $zero, $zero, .L809A033C   
/* 003BC 809A026C 24020001 */  addiu   $v0, $zero, 0x0001         ## $v0 = 00000001
/* 003C0 809A0270 8C440004 */  lw      $a0, 0x0004($v0)           ## 00000005
.L809A0274:
/* 003C4 809A0274 0C040141 */  jal     func_80100504              
/* 003C8 809A0278 AFA20034 */  sw      $v0, 0x0034($sp)           
/* 003CC 809A027C 8E0E0300 */  lw      $t6, 0x0300($s0)           ## 00000300
/* 003D0 809A0280 C6080024 */  lwc1    $f8, 0x0024($s0)           ## 00000024
/* 003D4 809A0284 C612002C */  lwc1    $f18, 0x002C($s0)          ## 0000002C
/* 003D8 809A0288 000E7880 */  sll     $t7, $t6,  2               
/* 003DC 809A028C 01EE7823 */  subu    $t7, $t7, $t6              
/* 003E0 809A0290 000F7840 */  sll     $t7, $t7,  1               
/* 003E4 809A0294 004F1821 */  addu    $v1, $v0, $t7              
/* 003E8 809A0298 84780000 */  lh      $t8, 0x0000($v1)           ## 00000000
/* 003EC 809A029C 84790004 */  lh      $t9, 0x0004($v1)           ## 00000004
/* 003F0 809A02A0 44982000 */  mtc1    $t8, $f4                   ## $f4 = 0.00
/* 003F4 809A02A4 44995000 */  mtc1    $t9, $f10                  ## $f10 = 0.00
/* 003F8 809A02A8 468021A0 */  cvt.s.w $f6, $f4                   
/* 003FC 809A02AC 46805420 */  cvt.s.w $f16, $f10                 
/* 00400 809A02B0 46083301 */  sub.s   $f12, $f6, $f8             
/* 00404 809A02B4 46128381 */  sub.s   $f14, $f16, $f18           
/* 00408 809A02B8 E7AC002C */  swc1    $f12, 0x002C($sp)          
/* 0040C 809A02BC 0C05FFB9 */  jal     func_8017FEE4              
/* 00410 809A02C0 E7AE0028 */  swc1    $f14, 0x0028($sp)          
/* 00414 809A02C4 A6020032 */  sh      $v0, 0x0032($s0)           ## 00000032
/* 00418 809A02C8 86050032 */  lh      $a1, 0x0032($s0)           ## 00000032
/* 0041C 809A02CC 240800C8 */  addiu   $t0, $zero, 0x00C8         ## $t0 = 000000C8
/* 00420 809A02D0 AFA80010 */  sw      $t0, 0x0010($sp)           
/* 00424 809A02D4 260400BE */  addiu   $a0, $s0, 0x00BE           ## $a0 = 000000BE
/* 00428 809A02D8 24060002 */  addiu   $a2, $zero, 0x0002         ## $a2 = 00000002
/* 0042C 809A02DC 0C03FFAF */  jal     func_800FFEBC              
/* 00430 809A02E0 240707D0 */  addiu   $a3, $zero, 0x07D0         ## $a3 = 000007D0
/* 00434 809A02E4 C7AC002C */  lwc1    $f12, 0x002C($sp)          
/* 00438 809A02E8 C7AE0028 */  lwc1    $f14, 0x0028($sp)          
/* 0043C 809A02EC 3C0142C8 */  lui     $at, 0x42C8                ## $at = 42C80000
/* 00440 809A02F0 460C6102 */  mul.s   $f4, $f12, $f12            
/* 00444 809A02F4 44815000 */  mtc1    $at, $f10                  ## $f10 = 100.00
/* 00448 809A02F8 00001025 */  or      $v0, $zero, $zero          ## $v0 = 00000000
/* 0044C 809A02FC 460E7182 */  mul.s   $f6, $f14, $f14            
/* 00450 809A0300 46062200 */  add.s   $f8, $f4, $f6              
/* 00454 809A0304 460A403C */  c.lt.s  $f8, $f10                  
/* 00458 809A0308 00000000 */  nop
/* 0045C 809A030C 4500000B */  bc1f    .L809A033C                 
/* 00460 809A0310 00000000 */  nop
/* 00464 809A0314 8E090300 */  lw      $t1, 0x0300($s0)           ## 00000300
/* 00468 809A0318 252A0001 */  addiu   $t2, $t1, 0x0001           ## $t2 = 00000001
/* 0046C 809A031C AE0A0300 */  sw      $t2, 0x0300($s0)           ## 00000300
/* 00470 809A0320 8FAC0034 */  lw      $t4, 0x0034($sp)           
/* 00474 809A0324 918D0000 */  lbu     $t5, 0x0000($t4)           ## 00000000
/* 00478 809A0328 014D082A */  slt     $at, $t2, $t5              
/* 0047C 809A032C 14200003 */  bne     $at, $zero, .L809A033C     
/* 00480 809A0330 00000000 */  nop
/* 00484 809A0334 10000001 */  beq     $zero, $zero, .L809A033C   
/* 00488 809A0338 24020001 */  addiu   $v0, $zero, 0x0001         ## $v0 = 00000001
.L809A033C:
/* 0048C 809A033C 8FBF0024 */  lw      $ra, 0x0024($sp)           
/* 00490 809A0340 8FB00020 */  lw      $s0, 0x0020($sp)           
/* 00494 809A0344 27BD0038 */  addiu   $sp, $sp, 0x0038           ## $sp = 00000000
/* 00498 809A0348 03E00008 */  jr      $ra                        
/* 0049C 809A034C 00000000 */  nop


glabel func_809A0350
/* 004A0 809A0350 27BDFFE8 */  addiu   $sp, $sp, 0xFFE8           ## $sp = FFFFFFE8
/* 004A4 809A0354 AFBF0014 */  sw      $ra, 0x0014($sp)           
/* 004A8 809A0358 AFA40018 */  sw      $a0, 0x0018($sp)           
/* 004AC 809A035C 3C014000 */  lui     $at, 0x4000                ## $at = 40000000
/* 004B0 809A0360 44816000 */  mtc1    $at, $f12                  ## $f12 = 2.00
/* 004B4 809A0364 0C05E565 */  jal     func_80179594              
/* 004B8 809A0368 00000000 */  nop
/* 004BC 809A036C 4600010D */  trunc.w.s $f4, $f0                   
/* 004C0 809A0370 8FA40018 */  lw      $a0, 0x0018($sp)           
/* 004C4 809A0374 440F2000 */  mfc1    $t7, $f4                   
/* 004C8 809A0378 00000000 */  nop
/* 004CC 809A037C 15E00005 */  bne     $t7, $zero, .L809A0394     
/* 004D0 809A0380 00000000 */  nop
/* 004D4 809A0384 0C02E3B2 */  jal     func_800B8EC8              
/* 004D8 809A0388 24056918 */  addiu   $a1, $zero, 0x6918         ## $a1 = 00006918
/* 004DC 809A038C 10000004 */  beq     $zero, $zero, .L809A03A0   
/* 004E0 809A0390 8FBF0014 */  lw      $ra, 0x0014($sp)           
.L809A0394:
/* 004E4 809A0394 0C02E3B2 */  jal     func_800B8EC8              
/* 004E8 809A0398 24056919 */  addiu   $a1, $zero, 0x6919         ## $a1 = 00006919
/* 004EC 809A039C 8FBF0014 */  lw      $ra, 0x0014($sp)           
.L809A03A0:
/* 004F0 809A03A0 27BD0018 */  addiu   $sp, $sp, 0x0018           ## $sp = 00000000
/* 004F4 809A03A4 03E00008 */  jr      $ra                        
/* 004F8 809A03A8 00000000 */  nop


glabel func_809A03AC
/* 004FC 809A03AC 27BDFFE8 */  addiu   $sp, $sp, 0xFFE8           ## $sp = FFFFFFE8
/* 00500 809A03B0 AFBF0014 */  sw      $ra, 0x0014($sp)           
/* 00504 809A03B4 AFA40018 */  sw      $a0, 0x0018($sp)           
/* 00508 809A03B8 AFA5001C */  sw      $a1, 0x001C($sp)           
/* 0050C 809A03BC 8FA40018 */  lw      $a0, 0x0018($sp)           
/* 00510 809A03C0 0C04DB34 */  jal     func_80136CD0              
/* 00514 809A03C4 24840194 */  addiu   $a0, $a0, 0x0194           ## $a0 = 00000194
/* 00518 809A03C8 8FA40018 */  lw      $a0, 0x0018($sp)           
/* 0051C 809A03CC 0C26803E */  jal     func_809A00F8              
/* 00520 809A03D0 8FA5001C */  lw      $a1, 0x001C($sp)           
/* 00524 809A03D4 0C268093 */  jal     func_809A024C              
/* 00528 809A03D8 8FA40018 */  lw      $a0, 0x0018($sp)           
/* 0052C 809A03DC 10400003 */  beq     $v0, $zero, .L809A03EC     
/* 00530 809A03E0 8FA40018 */  lw      $a0, 0x0018($sp)           
/* 00534 809A03E4 0C268083 */  jal     func_809A020C              
/* 00538 809A03E8 8FA5001C */  lw      $a1, 0x001C($sp)           
.L809A03EC:
/* 0053C 809A03EC 8FBF0014 */  lw      $ra, 0x0014($sp)           
/* 00540 809A03F0 27BD0018 */  addiu   $sp, $sp, 0x0018           ## $sp = 00000000
/* 00544 809A03F4 03E00008 */  jr      $ra                        
/* 00548 809A03F8 00000000 */  nop


glabel func_809A03FC
/* 0054C 809A03FC 27BDFFD8 */  addiu   $sp, $sp, 0xFFD8           ## $sp = FFFFFFD8
/* 00550 809A0400 AFB00020 */  sw      $s0, 0x0020($sp)           
/* 00554 809A0404 00808025 */  or      $s0, $a0, $zero            ## $s0 = 00000000
/* 00558 809A0408 AFBF0024 */  sw      $ra, 0x0024($sp)           
/* 0055C 809A040C AFA5002C */  sw      $a1, 0x002C($sp)           
/* 00560 809A0410 0C04DB34 */  jal     func_80136CD0              
/* 00564 809A0414 26040194 */  addiu   $a0, $s0, 0x0194           ## $a0 = 00000194
/* 00568 809A0418 86050092 */  lh      $a1, 0x0092($s0)           ## 00000092
/* 0056C 809A041C 240E0100 */  addiu   $t6, $zero, 0x0100         ## $t6 = 00000100
/* 00570 809A0420 AFAE0010 */  sw      $t6, 0x0010($sp)           
/* 00574 809A0424 260400BE */  addiu   $a0, $s0, 0x00BE           ## $a0 = 000000BE
/* 00578 809A0428 24060002 */  addiu   $a2, $zero, 0x0002         ## $a2 = 00000002
/* 0057C 809A042C 0C03FFAF */  jal     func_800FFEBC              
/* 00580 809A0430 24070400 */  addiu   $a3, $zero, 0x0400         ## $a3 = 00000400
/* 00584 809A0434 86020316 */  lh      $v0, 0x0316($s0)           ## 00000316
/* 00588 809A0438 3C010001 */  lui     $at, 0x0001                ## $at = 00010000
/* 0058C 809A043C 8FA8002C */  lw      $t0, 0x002C($sp)           
/* 00590 809A0440 18400004 */  blez    $v0, .L809A0454            
/* 00594 809A0444 34218000 */  ori     $at, $at, 0x8000           ## $at = 00018000
/* 00598 809A0448 244FFFFF */  addiu   $t7, $v0, 0xFFFF           ## $t7 = FFFFFFFF
/* 0059C 809A044C 1000001B */  beq     $zero, $zero, .L809A04BC   
/* 005A0 809A0450 A60F0316 */  sh      $t7, 0x0316($s0)           ## 00000316
.L809A0454:
/* 005A4 809A0454 8619001C */  lh      $t9, 0x001C($s0)           ## 0000001C
/* 005A8 809A0458 01011021 */  addu    $v0, $t0, $at              
/* 005AC 809A045C 8C580860 */  lw      $t8, 0x0860($v0)           ## 00000860
/* 005B0 809A0460 332901F0 */  andi    $t1, $t9, 0x01F0           ## $t1 = 00000000
/* 005B4 809A0464 00095103 */  sra     $t2, $t1,  4               
/* 005B8 809A0468 000A5840 */  sll     $t3, $t2,  1               
/* 005BC 809A046C 030B6021 */  addu    $t4, $t8, $t3              
/* 005C0 809A0470 95830000 */  lhu     $v1, 0x0000($t4)           ## 00000000
/* 005C4 809A0474 944D087A */  lhu     $t5, 0x087A($v0)           ## 0000087A
/* 005C8 809A0478 3C02801F */  lui     $v0, 0x801F                ## $v0 = 801F0000
/* 005CC 809A047C 2442F670 */  addiu   $v0, $v0, 0xF670           ## $v0 = 801EF670
/* 005D0 809A0480 11A3000E */  beq     $t5, $v1, .L809A04BC       
/* 005D4 809A0484 3C010002 */  lui     $at, 0x0002                ## $at = 00020000
/* 005D8 809A0488 00280821 */  addu    $at, $at, $t0              
/* 005DC 809A048C A423887A */  sh      $v1, -0x7786($at)          ## 0001887A
/* 005E0 809A0490 3C010002 */  lui     $at, 0x0002                ## $at = 00020000
/* 005E4 809A0494 00280821 */  addu    $at, $at, $t0              
/* 005E8 809A0498 240E0014 */  addiu   $t6, $zero, 0x0014         ## $t6 = 00000014
/* 005EC 809A049C A02E8875 */  sb      $t6, -0x778B($at)          ## 00018875
/* 005F0 809A04A0 3C010002 */  lui     $at, 0x0002                ## $at = 00020000
/* 005F4 809A04A4 00280821 */  addu    $at, $at, $t0              
/* 005F8 809A04A8 240F0026 */  addiu   $t7, $zero, 0x0026         ## $t7 = 00000026
/* 005FC 809A04AC A02F887F */  sb      $t7, -0x7781($at)          ## 0001887F
/* 00600 809A04B0 90590F48 */  lbu     $t9, 0x0F48($v0)           ## 801F05B8
/* 00604 809A04B4 332900F7 */  andi    $t1, $t9, 0x00F7           ## $t1 = 00000000
/* 00608 809A04B8 A0490F48 */  sb      $t1, 0x0F48($v0)           ## 801F05B8
.L809A04BC:
/* 0060C 809A04BC 8FBF0024 */  lw      $ra, 0x0024($sp)           
/* 00610 809A04C0 8FB00020 */  lw      $s0, 0x0020($sp)           
/* 00614 809A04C4 27BD0028 */  addiu   $sp, $sp, 0x0028           ## $sp = 00000000
/* 00618 809A04C8 03E00008 */  jr      $ra                        
/* 0061C 809A04CC 00000000 */  nop


glabel func_809A04D0
/* 00620 809A04D0 27BDFFD0 */  addiu   $sp, $sp, 0xFFD0           ## $sp = FFFFFFD0
/* 00624 809A04D4 AFB00018 */  sw      $s0, 0x0018($sp)           
/* 00628 809A04D8 00808025 */  or      $s0, $a0, $zero            ## $s0 = 00000000
/* 0062C 809A04DC AFBF001C */  sw      $ra, 0x001C($sp)           
/* 00630 809A04E0 AFA50034 */  sw      $a1, 0x0034($sp)           
/* 00634 809A04E4 26040194 */  addiu   $a0, $s0, 0x0194           ## $a0 = 00000194
/* 00638 809A04E8 0C04DB34 */  jal     func_80136CD0              
/* 0063C 809A04EC AFA40024 */  sw      $a0, 0x0024($sp)           
/* 00640 809A04F0 5040000A */  beql    $v0, $zero, .L809A051C     
/* 00644 809A04F4 8FA40034 */  lw      $a0, 0x0034($sp)           
/* 00648 809A04F8 860E0314 */  lh      $t6, 0x0314($s0)           ## 00000314
/* 0064C 809A04FC 24010003 */  addiu   $at, $zero, 0x0003         ## $at = 00000003
/* 00650 809A0500 02002025 */  or      $a0, $s0, $zero            ## $a0 = 00000000
/* 00654 809A0504 15C10004 */  bne     $t6, $at, .L809A0518       
/* 00658 809A0508 24050004 */  addiu   $a1, $zero, 0x0004         ## $a1 = 00000004
/* 0065C 809A050C 24060002 */  addiu   $a2, $zero, 0x0002         ## $a2 = 00000002
/* 00660 809A0510 0C26801C */  jal     func_809A0070              
/* 00664 809A0514 24070000 */  addiu   $a3, $zero, 0x0000         ## $a3 = 00000000
.L809A0518:
/* 00668 809A0518 8FA40034 */  lw      $a0, 0x0034($sp)           
.L809A051C:
/* 0066C 809A051C 0C03B8A7 */  jal     func_800EE29C              
/* 00670 809A0520 2405006C */  addiu   $a1, $zero, 0x006C         ## $a1 = 0000006C
/* 00674 809A0524 10400065 */  beq     $v0, $zero, .L809A06BC     
/* 00678 809A0528 8FA40034 */  lw      $a0, 0x0034($sp)           
/* 0067C 809A052C 0C03B880 */  jal     func_800EE200              
/* 00680 809A0530 2405006C */  addiu   $a1, $zero, 0x006C         ## $a1 = 0000006C
/* 00684 809A0534 8FA40034 */  lw      $a0, 0x0034($sp)           
/* 00688 809A0538 00027880 */  sll     $t7, $v0,  2               
/* 0068C 809A053C 86030314 */  lh      $v1, 0x0314($s0)           ## 00000314
/* 00690 809A0540 008FC021 */  addu    $t8, $a0, $t7              
/* 00694 809A0544 8F191F4C */  lw      $t9, 0x1F4C($t8)           ## 00001F4C
/* 00698 809A0548 24010007 */  addiu   $at, $zero, 0x0007         ## $at = 00000007
/* 0069C 809A054C 1061000A */  beq     $v1, $at, .L809A0578       
/* 006A0 809A0550 87270000 */  lh      $a3, 0x0000($t9)           ## 00000000
/* 006A4 809A0554 2405006C */  addiu   $a1, $zero, 0x006C         ## $a1 = 0000006C
/* 006A8 809A0558 0C03B880 */  jal     func_800EE200              
/* 006AC 809A055C A7A7002E */  sh      $a3, 0x002E($sp)           
/* 006B0 809A0560 02002025 */  or      $a0, $s0, $zero            ## $a0 = 00000000
/* 006B4 809A0564 8FA50034 */  lw      $a1, 0x0034($sp)           
/* 006B8 809A0568 0C03B7C9 */  jal     func_800EDF24              
/* 006BC 809A056C 00403025 */  or      $a2, $v0, $zero            ## $a2 = 00000000
/* 006C0 809A0570 87A7002E */  lh      $a3, 0x002E($sp)           
/* 006C4 809A0574 86030314 */  lh      $v1, 0x0314($s0)           ## 00000314
.L809A0578:
/* 006C8 809A0578 50E30081 */  beql    $a3, $v1, .L809A0780       
/* 006CC 809A057C 86180314 */  lh      $t8, 0x0314($s0)           ## 00000314
/* 006D0 809A0580 A6070314 */  sh      $a3, 0x0314($s0)           ## 00000314
/* 006D4 809A0584 86080314 */  lh      $t0, 0x0314($s0)           ## 00000314
/* 006D8 809A0588 2509FFFF */  addiu   $t1, $t0, 0xFFFF           ## $t1 = FFFFFFFF
/* 006DC 809A058C 2D210008 */  sltiu   $at, $t1, 0x0008           
/* 006E0 809A0590 10200046 */  beq     $at, $zero, .L809A06AC     
/* 006E4 809A0594 00094880 */  sll     $t1, $t1,  2               
/* 006E8 809A0598 3C01809A */  lui     $at, %hi(D_809A0E10)       ## $at = 809A0000
/* 006EC 809A059C 00290821 */  addu    $at, $at, $t1              
/* 006F0 809A05A0 8C290E10 */  lw      $t1, %lo(D_809A0E10)($at)  
/* 006F4 809A05A4 01200008 */  jr      $t1                        
/* 006F8 809A05A8 00000000 */  nop
.L809A05AC:
/* 006FC 809A05AC 02002025 */  or      $a0, $s0, $zero            ## $a0 = 00000000
/* 00700 809A05B0 24050002 */  addiu   $a1, $zero, 0x0002         ## $a1 = 00000002
/* 00704 809A05B4 00003025 */  or      $a2, $zero, $zero          ## $a2 = 00000000
/* 00708 809A05B8 0C26801C */  jal     func_809A0070              
/* 0070C 809A05BC 24070000 */  addiu   $a3, $zero, 0x0000         ## $a3 = 00000000
/* 00710 809A05C0 1000003A */  beq     $zero, $zero, .L809A06AC   
/* 00714 809A05C4 00000000 */  nop
.L809A05C8:
/* 00718 809A05C8 02002025 */  or      $a0, $s0, $zero            ## $a0 = 00000000
/* 0071C 809A05CC 24050003 */  addiu   $a1, $zero, 0x0003         ## $a1 = 00000003
/* 00720 809A05D0 24060002 */  addiu   $a2, $zero, 0x0002         ## $a2 = 00000002
/* 00724 809A05D4 0C26801C */  jal     func_809A0070              
/* 00728 809A05D8 24070000 */  addiu   $a3, $zero, 0x0000         ## $a3 = 00000000
/* 0072C 809A05DC 44802000 */  mtc1    $zero, $f4                 ## $f4 = 0.00
/* 00730 809A05E0 10000032 */  beq     $zero, $zero, .L809A06AC   
/* 00734 809A05E4 E60401B0 */  swc1    $f4, 0x01B0($s0)           ## 000001B0
.L809A05E8:
/* 00738 809A05E8 02002025 */  or      $a0, $s0, $zero            ## $a0 = 00000000
/* 0073C 809A05EC 24050003 */  addiu   $a1, $zero, 0x0003         ## $a1 = 00000003
/* 00740 809A05F0 24060002 */  addiu   $a2, $zero, 0x0002         ## $a2 = 00000002
/* 00744 809A05F4 0C26801C */  jal     func_809A0070              
/* 00748 809A05F8 24070000 */  addiu   $a3, $zero, 0x0000         ## $a3 = 00000000
/* 0074C 809A05FC 1000002B */  beq     $zero, $zero, .L809A06AC   
/* 00750 809A0600 00000000 */  nop
.L809A0604:
/* 00754 809A0604 02002025 */  or      $a0, $s0, $zero            ## $a0 = 00000000
/* 00758 809A0608 24050005 */  addiu   $a1, $zero, 0x0005         ## $a1 = 00000005
/* 0075C 809A060C 00003025 */  or      $a2, $zero, $zero          ## $a2 = 00000000
/* 00760 809A0610 0C26801C */  jal     func_809A0070              
/* 00764 809A0614 24070000 */  addiu   $a3, $zero, 0x0000         ## $a3 = 00000000
/* 00768 809A0618 10000024 */  beq     $zero, $zero, .L809A06AC   
/* 0076C 809A061C 00000000 */  nop
.L809A0620:
/* 00770 809A0620 02002025 */  or      $a0, $s0, $zero            ## $a0 = 00000000
/* 00774 809A0624 24050006 */  addiu   $a1, $zero, 0x0006         ## $a1 = 00000006
/* 00778 809A0628 24060002 */  addiu   $a2, $zero, 0x0002         ## $a2 = 00000002
/* 0077C 809A062C 0C26801C */  jal     func_809A0070              
/* 00780 809A0630 24070000 */  addiu   $a3, $zero, 0x0000         ## $a3 = 00000000
/* 00784 809A0634 1000001D */  beq     $zero, $zero, .L809A06AC   
/* 00788 809A0638 00000000 */  nop
.L809A063C:
/* 0078C 809A063C 02002025 */  or      $a0, $s0, $zero            ## $a0 = 00000000
/* 00790 809A0640 24050007 */  addiu   $a1, $zero, 0x0007         ## $a1 = 00000007
/* 00794 809A0644 00003025 */  or      $a2, $zero, $zero          ## $a2 = 00000000
/* 00798 809A0648 0C26801C */  jal     func_809A0070              
/* 0079C 809A064C 24070000 */  addiu   $a3, $zero, 0x0000         ## $a3 = 00000000
/* 007A0 809A0650 10000016 */  beq     $zero, $zero, .L809A06AC   
/* 007A4 809A0654 00000000 */  nop
.L809A0658:
/* 007A8 809A0658 02002025 */  or      $a0, $s0, $zero            ## $a0 = 00000000
/* 007AC 809A065C 24050008 */  addiu   $a1, $zero, 0x0008         ## $a1 = 00000008
/* 007B0 809A0660 00003025 */  or      $a2, $zero, $zero          ## $a2 = 00000000
/* 007B4 809A0664 0C26801C */  jal     func_809A0070              
/* 007B8 809A0668 24070000 */  addiu   $a3, $zero, 0x0000         ## $a3 = 00000000
/* 007BC 809A066C 3C0140A0 */  lui     $at, 0x40A0                ## $at = 40A00000
/* 007C0 809A0670 44813000 */  mtc1    $at, $f6                   ## $f6 = 5.00
/* 007C4 809A0674 3C014120 */  lui     $at, 0x4120                ## $at = 41200000
/* 007C8 809A0678 44816000 */  mtc1    $at, $f12                  ## $f12 = 10.00
/* 007CC 809A067C 0C05E565 */  jal     func_80179594              
/* 007D0 809A0680 E6060070 */  swc1    $f6, 0x0070($s0)           ## 00000070
/* 007D4 809A0684 3C0141A0 */  lui     $at, 0x41A0                ## $at = 41A00000
/* 007D8 809A0688 44814000 */  mtc1    $at, $f8                   ## $f8 = 20.00
/* 007DC 809A068C 00000000 */  nop
/* 007E0 809A0690 46080280 */  add.s   $f10, $f0, $f8             
/* 007E4 809A0694 4600540D */  trunc.w.s $f16, $f10                 
/* 007E8 809A0698 440B8000 */  mfc1    $t3, $f16                  
/* 007EC 809A069C 10000003 */  beq     $zero, $zero, .L809A06AC   
/* 007F0 809A06A0 A60B0318 */  sh      $t3, 0x0318($s0)           ## 00000318
.L809A06A4:
/* 007F4 809A06A4 0C02D9C3 */  jal     func_800B670C              
/* 007F8 809A06A8 02002025 */  or      $a0, $s0, $zero            ## $a0 = 00000000
.L809A06AC:
/* 007FC 809A06AC 0C04DB34 */  jal     func_80136CD0              
/* 00800 809A06B0 8FA40024 */  lw      $a0, 0x0024($sp)           
/* 00804 809A06B4 10000032 */  beq     $zero, $zero, .L809A0780   
/* 00808 809A06B8 86180314 */  lh      $t8, 0x0314($s0)           ## 00000314
.L809A06BC:
/* 0080C 809A06BC 3C01442F */  lui     $at, 0x442F                ## $at = 442F0000
/* 00810 809A06C0 44812000 */  mtc1    $at, $f4                   ## $f4 = 700.00
/* 00814 809A06C4 C6120098 */  lwc1    $f18, 0x0098($s0)          ## 00000098
/* 00818 809A06C8 4604903C */  c.lt.s  $f18, $f4                  
/* 0081C 809A06CC 00000000 */  nop
/* 00820 809A06D0 4502002B */  bc1fl   .L809A0780                 
/* 00824 809A06D4 86180314 */  lh      $t8, 0x0314($s0)           ## 00000314
/* 00828 809A06D8 C600009C */  lwc1    $f0, 0x009C($s0)           ## 0000009C
/* 0082C 809A06DC 3C0142C8 */  lui     $at, 0x42C8                ## $at = 42C80000
/* 00830 809A06E0 44813000 */  mtc1    $at, $f6                   ## $f6 = 100.00
/* 00834 809A06E4 46000005 */  abs.s   $f0, $f0                   
/* 00838 809A06E8 4606003C */  c.lt.s  $f0, $f6                   
/* 0083C 809A06EC 00000000 */  nop
/* 00840 809A06F0 45020023 */  bc1fl   .L809A0780                 
/* 00844 809A06F4 86180314 */  lh      $t8, 0x0314($s0)           ## 00000314
/* 00848 809A06F8 0C05A433 */  jal     func_801690CC              
/* 0084C 809A06FC 8FA40034 */  lw      $a0, 0x0034($sp)           
/* 00850 809A0700 1440001E */  bne     $v0, $zero, .L809A077C     
/* 00854 809A0704 8FA40034 */  lw      $a0, 0x0034($sp)           
/* 00858 809A0708 02002825 */  or      $a1, $s0, $zero            ## $a1 = 00000000
/* 0085C 809A070C 0C02DCA6 */  jal     func_800B7298              
/* 00860 809A0710 2406001A */  addiu   $a2, $zero, 0x001A         ## $a2 = 0000001A
/* 00864 809A0714 0C040029 */  jal     func_801000A4              
/* 00868 809A0718 2404482C */  addiu   $a0, $zero, 0x482C         ## $a0 = 0000482C
/* 0086C 809A071C 0C04900F */  jal     func_8012403C              
/* 00870 809A0720 8FA40034 */  lw      $a0, 0x0034($sp)           
/* 00874 809A0724 24010010 */  addiu   $at, $zero, 0x0010         ## $at = 00000010
/* 00878 809A0728 14410007 */  bne     $v0, $at, .L809A0748       
/* 0087C 809A072C 8FA40034 */  lw      $a0, 0x0034($sp)           
/* 00880 809A0730 8FA40034 */  lw      $a0, 0x0034($sp)           
/* 00884 809A0734 240511AF */  addiu   $a1, $zero, 0x11AF         ## $a1 = 000011AF
/* 00888 809A0738 0C05462C */  jal     func_801518B0              
/* 0088C 809A073C 02003025 */  or      $a2, $s0, $zero            ## $a2 = 00000000
/* 00890 809A0740 10000004 */  beq     $zero, $zero, .L809A0754   
/* 00894 809A0744 00000000 */  nop
.L809A0748:
/* 00898 809A0748 240511AE */  addiu   $a1, $zero, 0x11AE         ## $a1 = 000011AE
/* 0089C 809A074C 0C05462C */  jal     func_801518B0              
/* 008A0 809A0750 02003025 */  or      $a2, $s0, $zero            ## $a2 = 00000000
.L809A0754:
/* 008A4 809A0754 3C0C809A */  lui     $t4, %hi(func_809A03FC)    ## $t4 = 809A0000
/* 008A8 809A0758 3C02801F */  lui     $v0, 0x801F                ## $v0 = 801F0000
/* 008AC 809A075C 258C03FC */  addiu   $t4, $t4, %lo(func_809A03FC) ## $t4 = 809A03FC
/* 008B0 809A0760 240D0032 */  addiu   $t5, $zero, 0x0032         ## $t5 = 00000032
/* 008B4 809A0764 2442F670 */  addiu   $v0, $v0, 0xF670           ## $v0 = 801EF670
/* 008B8 809A0768 AE0C031C */  sw      $t4, 0x031C($s0)           ## 0000031C
/* 008BC 809A076C A60D0316 */  sh      $t5, 0x0316($s0)           ## 00000316
/* 008C0 809A0770 904E0F48 */  lbu     $t6, 0x0F48($v0)           ## 801F05B8
/* 008C4 809A0774 35CF0008 */  ori     $t7, $t6, 0x0008           ## $t7 = 00000008
/* 008C8 809A0778 A04F0F48 */  sb      $t7, 0x0F48($v0)           ## 801F05B8
.L809A077C:
/* 008CC 809A077C 86180314 */  lh      $t8, 0x0314($s0)           ## 00000314
.L809A0780:
/* 008D0 809A0780 24010007 */  addiu   $at, $zero, 0x0007         ## $at = 00000007
/* 008D4 809A0784 17010021 */  bne     $t8, $at, .L809A080C       
/* 008D8 809A0788 3C0140A0 */  lui     $at, 0x40A0                ## $at = 40A00000
/* 008DC 809A078C 44814000 */  mtc1    $at, $f8                   ## $f8 = 5.00
/* 008E0 809A0790 02002025 */  or      $a0, $s0, $zero            ## $a0 = 00000000
/* 008E4 809A0794 0C268093 */  jal     func_809A024C              
/* 008E8 809A0798 E6080070 */  swc1    $f8, 0x0070($s0)           ## 00000070
/* 008EC 809A079C 8FA40024 */  lw      $a0, 0x0024($sp)           
/* 008F0 809A07A0 0C04DE2E */  jal     func_801378B8              
/* 008F4 809A07A4 3C054000 */  lui     $a1, 0x4000                ## $a1 = 40000000
/* 008F8 809A07A8 14400004 */  bne     $v0, $zero, .L809A07BC     
/* 008FC 809A07AC 8FA40024 */  lw      $a0, 0x0024($sp)           
/* 00900 809A07B0 0C04DE2E */  jal     func_801378B8              
/* 00904 809A07B4 3C0540C0 */  lui     $a1, 0x40C0                ## $a1 = 40C00000
/* 00908 809A07B8 10400003 */  beq     $v0, $zero, .L809A07C8     
.L809A07BC:
/* 0090C 809A07BC 02002025 */  or      $a0, $s0, $zero            ## $a0 = 00000000
/* 00910 809A07C0 0C02E3B2 */  jal     func_800B8EC8              
/* 00914 809A07C4 24052971 */  addiu   $a1, $zero, 0x2971         ## $a1 = 00002971
.L809A07C8:
/* 00918 809A07C8 86020318 */  lh      $v0, 0x0318($s0)           ## 00000318
/* 0091C 809A07CC 3C014120 */  lui     $at, 0x4120                ## $at = 41200000
/* 00920 809A07D0 18400003 */  blez    $v0, .L809A07E0            
/* 00924 809A07D4 2459FFFF */  addiu   $t9, $v0, 0xFFFF           ## $t9 = FFFFFFFF
/* 00928 809A07D8 1000000C */  beq     $zero, $zero, .L809A080C   
/* 0092C 809A07DC A6190318 */  sh      $t9, 0x0318($s0)           ## 00000318
.L809A07E0:
/* 00930 809A07E0 44816000 */  mtc1    $at, $f12                  ## $f12 = 10.00
/* 00934 809A07E4 0C05E565 */  jal     func_80179594              
/* 00938 809A07E8 00000000 */  nop
/* 0093C 809A07EC 3C0141A0 */  lui     $at, 0x41A0                ## $at = 41A00000
/* 00940 809A07F0 44815000 */  mtc1    $at, $f10                  ## $f10 = 20.00
/* 00944 809A07F4 02002025 */  or      $a0, $s0, $zero            ## $a0 = 00000000
/* 00948 809A07F8 460A0400 */  add.s   $f16, $f0, $f10            
/* 0094C 809A07FC 4600848D */  trunc.w.s $f18, $f16                 
/* 00950 809A0800 44099000 */  mfc1    $t1, $f18                  
/* 00954 809A0804 0C2680D4 */  jal     func_809A0350              
/* 00958 809A0808 A6090318 */  sh      $t1, 0x0318($s0)           ## 00000318
.L809A080C:
/* 0095C 809A080C 8FBF001C */  lw      $ra, 0x001C($sp)           
/* 00960 809A0810 8FB00018 */  lw      $s0, 0x0018($sp)           
/* 00964 809A0814 27BD0030 */  addiu   $sp, $sp, 0x0030           ## $sp = 00000000
/* 00968 809A0818 03E00008 */  jr      $ra                        
/* 0096C 809A081C 00000000 */  nop


glabel func_809A0820
/* 00970 809A0820 27BDFFC8 */  addiu   $sp, $sp, 0xFFC8           ## $sp = FFFFFFC8
/* 00974 809A0824 AFB00020 */  sw      $s0, 0x0020($sp)           
/* 00978 809A0828 00808025 */  or      $s0, $a0, $zero            ## $s0 = 00000000
/* 0097C 809A082C AFBF0024 */  sw      $ra, 0x0024($sp)           
/* 00980 809A0830 AFA5003C */  sw      $a1, 0x003C($sp)           
/* 00984 809A0834 26060148 */  addiu   $a2, $s0, 0x0148           ## $a2 = 00000148
/* 00988 809A0838 00C02825 */  or      $a1, $a2, $zero            ## $a1 = 00000148
/* 0098C 809A083C AFA6002C */  sw      $a2, 0x002C($sp)           
/* 00990 809A0840 0C039F7E */  jal     func_800E7DF8              
/* 00994 809A0844 02002025 */  or      $a0, $s0, $zero            ## $a0 = 00000000
/* 00998 809A0848 8FA4003C */  lw      $a0, 0x003C($sp)           
/* 0099C 809A084C 3C010001 */  lui     $at, 0x0001                ## $at = 00010000
/* 009A0 809A0850 34218884 */  ori     $at, $at, 0x8884           ## $at = 00018884
/* 009A4 809A0854 8FA6002C */  lw      $a2, 0x002C($sp)           
/* 009A8 809A0858 0C038A4A */  jal     func_800E2928              
/* 009AC 809A085C 00812821 */  addu    $a1, $a0, $at              
/* 009B0 809A0860 0C02DAA2 */  jal     func_800B6A88              
/* 009B4 809A0864 02002025 */  or      $a0, $s0, $zero            ## $a0 = 00000000
/* 009B8 809A0868 3C014220 */  lui     $at, 0x4220                ## $at = 42200000
/* 009BC 809A086C 44810000 */  mtc1    $at, $f0                   ## $f0 = 40.00
/* 009C0 809A0870 240E0004 */  addiu   $t6, $zero, 0x0004         ## $t6 = 00000004
/* 009C4 809A0874 AFAE0014 */  sw      $t6, 0x0014($sp)           
/* 009C8 809A0878 44060000 */  mfc1    $a2, $f0                   
/* 009CC 809A087C 8FA4003C */  lw      $a0, 0x003C($sp)           
/* 009D0 809A0880 02002825 */  or      $a1, $s0, $zero            ## $a1 = 00000000
/* 009D4 809A0884 3C0741C8 */  lui     $a3, 0x41C8                ## $a3 = 41C80000
/* 009D8 809A0888 0C02DE2E */  jal     func_800B78B8              
/* 009DC 809A088C E7A00010 */  swc1    $f0, 0x0010($sp)           
/* 009E0 809A0890 8FBF0024 */  lw      $ra, 0x0024($sp)           
/* 009E4 809A0894 8FB00020 */  lw      $s0, 0x0020($sp)           
/* 009E8 809A0898 27BD0038 */  addiu   $sp, $sp, 0x0038           ## $sp = 00000000
/* 009EC 809A089C 03E00008 */  jr      $ra                        
/* 009F0 809A08A0 00000000 */  nop


glabel func_809A08A4
/* 009F4 809A08A4 27BDFFE8 */  addiu   $sp, $sp, 0xFFE8           ## $sp = FFFFFFE8
/* 009F8 809A08A8 AFBF0014 */  sw      $ra, 0x0014($sp)           
/* 009FC 809A08AC AFA5001C */  sw      $a1, 0x001C($sp)           
/* 00A00 809A08B0 00803025 */  or      $a2, $a0, $zero            ## $a2 = 00000000
/* 00A04 809A08B4 84C302FA */  lh      $v1, 0x02FA($a2)           ## 000002FA
/* 00A08 809A08B8 2404003C */  addiu   $a0, $zero, 0x003C         ## $a0 = 0000003C
/* 00A0C 809A08BC 2405003C */  addiu   $a1, $zero, 0x003C         ## $a1 = 0000003C
/* 00A10 809A08C0 14600003 */  bne     $v1, $zero, .L809A08D0     
/* 00A14 809A08C4 246EFFFF */  addiu   $t6, $v1, 0xFFFF           ## $t6 = FFFFFFFF
/* 00A18 809A08C8 10000004 */  beq     $zero, $zero, .L809A08DC   
/* 00A1C 809A08CC 00001025 */  or      $v0, $zero, $zero          ## $v0 = 00000000
.L809A08D0:
/* 00A20 809A08D0 A4CE02FA */  sh      $t6, 0x02FA($a2)           ## 000002FA
/* 00A24 809A08D4 84C302FA */  lh      $v1, 0x02FA($a2)           ## 000002FA
/* 00A28 809A08D8 00601025 */  or      $v0, $v1, $zero            ## $v0 = 00000000
.L809A08DC:
/* 00A2C 809A08DC 54400007 */  bnel    $v0, $zero, .L809A08FC     
/* 00A30 809A08E0 A4C302F8 */  sh      $v1, 0x02F8($a2)           ## 000002F8
/* 00A34 809A08E4 0C03FD14 */  jal     func_800FF450              
/* 00A38 809A08E8 AFA60018 */  sw      $a2, 0x0018($sp)           
/* 00A3C 809A08EC 8FA60018 */  lw      $a2, 0x0018($sp)           
/* 00A40 809A08F0 A4C202FA */  sh      $v0, 0x02FA($a2)           ## 000002FA
/* 00A44 809A08F4 84C302FA */  lh      $v1, 0x02FA($a2)           ## 000002FA
/* 00A48 809A08F8 A4C302F8 */  sh      $v1, 0x02F8($a2)           ## 000002F8
.L809A08FC:
/* 00A4C 809A08FC 84CF02F8 */  lh      $t7, 0x02F8($a2)           ## 000002F8
/* 00A50 809A0900 29E10003 */  slti    $at, $t7, 0x0003           
/* 00A54 809A0904 54200003 */  bnel    $at, $zero, .L809A0914     
/* 00A58 809A0908 8FBF0014 */  lw      $ra, 0x0014($sp)           
/* 00A5C 809A090C A4C002F8 */  sh      $zero, 0x02F8($a2)         ## 000002F8
/* 00A60 809A0910 8FBF0014 */  lw      $ra, 0x0014($sp)           
.L809A0914:
/* 00A64 809A0914 27BD0018 */  addiu   $sp, $sp, 0x0018           ## $sp = 00000000
/* 00A68 809A0918 03E00008 */  jr      $ra                        
/* 00A6C 809A091C 00000000 */  nop


glabel func_809A0920
/* 00A70 809A0920 27BDFFE8 */  addiu   $sp, $sp, 0xFFE8           ## $sp = FFFFFFE8
/* 00A74 809A0924 AFBF0014 */  sw      $ra, 0x0014($sp)           
/* 00A78 809A0928 AFA40018 */  sw      $a0, 0x0018($sp)           
/* 00A7C 809A092C AFA5001C */  sw      $a1, 0x001C($sp)           
/* 00A80 809A0930 8FA40018 */  lw      $a0, 0x0018($sp)           
/* 00A84 809A0934 0C268208 */  jal     func_809A0820              
/* 00A88 809A0938 8FA5001C */  lw      $a1, 0x001C($sp)           
/* 00A8C 809A093C 8FA40018 */  lw      $a0, 0x0018($sp)           
/* 00A90 809A0940 8FA5001C */  lw      $a1, 0x001C($sp)           
/* 00A94 809A0944 8C99031C */  lw      $t9, 0x031C($a0)           ## 0000031C
/* 00A98 809A0948 0320F809 */  jalr    $ra, $t9                   
/* 00A9C 809A094C 00000000 */  nop
/* 00AA0 809A0950 8FA40018 */  lw      $a0, 0x0018($sp)           
/* 00AA4 809A0954 0C268229 */  jal     func_809A08A4              
/* 00AA8 809A0958 8FA5001C */  lw      $a1, 0x001C($sp)           
/* 00AAC 809A095C 8FBF0014 */  lw      $ra, 0x0014($sp)           
/* 00AB0 809A0960 27BD0018 */  addiu   $sp, $sp, 0x0018           ## $sp = 00000000
/* 00AB4 809A0964 03E00008 */  jr      $ra                        
/* 00AB8 809A0968 00000000 */  nop


glabel func_809A096C
/* 00ABC 809A096C 27BDFFC8 */  addiu   $sp, $sp, 0xFFC8           ## $sp = FFFFFFC8
/* 00AC0 809A0970 AFBF0024 */  sw      $ra, 0x0024($sp)           
/* 00AC4 809A0974 AFA40038 */  sw      $a0, 0x0038($sp)           
/* 00AC8 809A0978 3C014120 */  lui     $at, 0x4120                ## $at = 41200000
/* 00ACC 809A097C 44812000 */  mtc1    $at, $f4                   ## $f4 = 10.00
/* 00AD0 809A0980 3C0143C8 */  lui     $at, 0x43C8                ## $at = 43C80000
/* 00AD4 809A0984 44813000 */  mtc1    $at, $f6                   ## $f6 = 400.00
/* 00AD8 809A0988 24A7003C */  addiu   $a3, $a1, 0x003C           ## $a3 = 0000003C
/* 00ADC 809A098C 24A800BC */  addiu   $t0, $a1, 0x00BC           ## $t0 = 000000BC
/* 00AE0 809A0990 240EFFFF */  addiu   $t6, $zero, 0xFFFF         ## $t6 = FFFFFFFF
/* 00AE4 809A0994 AFAE001C */  sw      $t6, 0x001C($sp)           
/* 00AE8 809A0998 AFA80010 */  sw      $t0, 0x0010($sp)           
/* 00AEC 809A099C AFA80028 */  sw      $t0, 0x0028($sp)           
/* 00AF0 809A09A0 AFA7002C */  sw      $a3, 0x002C($sp)           
/* 00AF4 809A09A4 8FA40038 */  lw      $a0, 0x0038($sp)           
/* 00AF8 809A09A8 24060009 */  addiu   $a2, $zero, 0x0009         ## $a2 = 00000009
/* 00AFC 809A09AC AFA5003C */  sw      $a1, 0x003C($sp)           
/* 00B00 809A09B0 E7A40014 */  swc1    $f4, 0x0014($sp)           
/* 00B04 809A09B4 0C04E94C */  jal     func_8013A530              
/* 00B08 809A09B8 E7A60018 */  swc1    $f6, 0x0018($sp)           
/* 00B0C 809A09BC 3C014120 */  lui     $at, 0x4120                ## $at = 41200000
/* 00B10 809A09C0 44814000 */  mtc1    $at, $f8                   ## $f8 = 10.00
/* 00B14 809A09C4 3C014496 */  lui     $at, 0x4496                ## $at = 44960000
/* 00B18 809A09C8 8FA80028 */  lw      $t0, 0x0028($sp)           
/* 00B1C 809A09CC 44815000 */  mtc1    $at, $f10                  ## $f10 = 1200.00
/* 00B20 809A09D0 240FFFFF */  addiu   $t7, $zero, 0xFFFF         ## $t7 = FFFFFFFF
/* 00B24 809A09D4 8FA5003C */  lw      $a1, 0x003C($sp)           
/* 00B28 809A09D8 8FA7002C */  lw      $a3, 0x002C($sp)           
/* 00B2C 809A09DC AFAF001C */  sw      $t7, 0x001C($sp)           
/* 00B30 809A09E0 8FA40038 */  lw      $a0, 0x0038($sp)           
/* 00B34 809A09E4 2406000B */  addiu   $a2, $zero, 0x000B         ## $a2 = 0000000B
/* 00B38 809A09E8 AFA20034 */  sw      $v0, 0x0034($sp)           
/* 00B3C 809A09EC E7A80014 */  swc1    $f8, 0x0014($sp)           
/* 00B40 809A09F0 AFA80010 */  sw      $t0, 0x0010($sp)           
/* 00B44 809A09F4 0C04E94C */  jal     func_8013A530              
/* 00B48 809A09F8 E7AA0018 */  swc1    $f10, 0x0018($sp)          
/* 00B4C 809A09FC 8FA30034 */  lw      $v1, 0x0034($sp)           
/* 00B50 809A0A00 8FBF0024 */  lw      $ra, 0x0024($sp)           
/* 00B54 809A0A04 00621825 */  or      $v1, $v1, $v0              ## $v1 = 00000000
/* 00B58 809A0A08 00601025 */  or      $v0, $v1, $zero            ## $v0 = 00000000
/* 00B5C 809A0A0C 03E00008 */  jr      $ra                        
/* 00B60 809A0A10 27BD0038 */  addiu   $sp, $sp, 0x0038           ## $sp = 00000000


glabel func_809A0A14
/* 00B64 809A0A14 27BDFFB0 */  addiu   $sp, $sp, 0xFFB0           ## $sp = FFFFFFB0
/* 00B68 809A0A18 AFA7005C */  sw      $a3, 0x005C($sp)           
/* 00B6C 809A0A1C 00803825 */  or      $a3, $a0, $zero            ## $a3 = 00000000
/* 00B70 809A0A20 AFBF0014 */  sw      $ra, 0x0014($sp)           
/* 00B74 809A0A24 AFA40050 */  sw      $a0, 0x0050($sp)           
/* 00B78 809A0A28 24010005 */  addiu   $at, $zero, 0x0005         ## $at = 00000005
/* 00B7C 809A0A2C 10A1000A */  beq     $a1, $at, .L809A0A58       
/* 00B80 809A0A30 24020006 */  addiu   $v0, $zero, 0x0006         ## $v0 = 00000006
/* 00B84 809A0A34 10A2000B */  beq     $a1, $v0, .L809A0A64       
/* 00B88 809A0A38 8FAF0064 */  lw      $t7, 0x0064($sp)           
/* 00B8C 809A0A3C 2401000B */  addiu   $at, $zero, 0x000B         ## $at = 0000000B
/* 00B90 809A0A40 10A10005 */  beq     $a1, $at, .L809A0A58       
/* 00B94 809A0A44 24010010 */  addiu   $at, $zero, 0x0010         ## $at = 00000010
/* 00B98 809A0A48 50A10004 */  beql    $a1, $at, .L809A0A5C       
/* 00B9C 809A0A4C ACC00000 */  sw      $zero, 0x0000($a2)         ## 00000000
/* 00BA0 809A0A50 1000000A */  beq     $zero, $zero, .L809A0A7C   
/* 00BA4 809A0A54 24010003 */  addiu   $at, $zero, 0x0003         ## $at = 00000003
.L809A0A58:
/* 00BA8 809A0A58 ACC00000 */  sw      $zero, 0x0000($a2)         ## 00000000
.L809A0A5C:
/* 00BAC 809A0A5C 1000007C */  beq     $zero, $zero, .L809A0C50   
/* 00BB0 809A0A60 00001025 */  or      $v0, $zero, $zero          ## $v0 = 00000000
.L809A0A64:
/* 00BB4 809A0A64 8FA60060 */  lw      $a2, 0x0060($sp)           
/* 00BB8 809A0A68 85F80306 */  lh      $t8, 0x0306($t7)           ## 00000306
/* 00BBC 809A0A6C 84CE0000 */  lh      $t6, 0x0000($a2)           ## 00000000
/* 00BC0 809A0A70 01D8C821 */  addu    $t9, $t6, $t8              
/* 00BC4 809A0A74 A4D90000 */  sh      $t9, 0x0000($a2)           ## 00000000
/* 00BC8 809A0A78 24010003 */  addiu   $at, $zero, 0x0003         ## $at = 00000003
.L809A0A7C:
/* 00BCC 809A0A7C 10A1003D */  beq     $a1, $at, .L809A0B74       
/* 00BD0 809A0A80 8CE40000 */  lw      $a0, 0x0000($a3)           ## 00000000
/* 00BD4 809A0A84 10A20009 */  beq     $a1, $v0, .L809A0AAC       
/* 00BD8 809A0A88 3C0BFB00 */  lui     $t3, 0xFB00                ## $t3 = FB000000
/* 00BDC 809A0A8C 2401000B */  addiu   $at, $zero, 0x000B         ## $at = 0000000B
/* 00BE0 809A0A90 10A10015 */  beq     $a1, $at, .L809A0AE8       
/* 00BE4 809A0A94 3C18FB00 */  lui     $t8, 0xFB00                ## $t8 = FB000000
/* 00BE8 809A0A98 24010010 */  addiu   $at, $zero, 0x0010         ## $at = 00000010
/* 00BEC 809A0A9C 10A10012 */  beq     $a1, $at, .L809A0AE8       
/* 00BF0 809A0AA0 3C0FFB00 */  lui     $t7, 0xFB00                ## $t7 = FB000000
/* 00BF4 809A0AA4 10000027 */  beq     $zero, $zero, .L809A0B44   
/* 00BF8 809A0AA8 8C8202B0 */  lw      $v0, 0x02B0($a0)           ## 000002B0
.L809A0AAC:
/* 00BFC 809A0AAC 8C8202B0 */  lw      $v0, 0x02B0($a0)           ## 000002B0
/* 00C00 809A0AB0 3C09E700 */  lui     $t1, 0xE700                ## $t1 = E7000000
/* 00C04 809A0AB4 24480008 */  addiu   $t0, $v0, 0x0008           ## $t0 = 00000008
/* 00C08 809A0AB8 AC8802B0 */  sw      $t0, 0x02B0($a0)           ## 000002B0
/* 00C0C 809A0ABC AC400004 */  sw      $zero, 0x0004($v0)         ## 00000004
/* 00C10 809A0AC0 AC490000 */  sw      $t1, 0x0000($v0)           ## 00000000
/* 00C14 809A0AC4 8C8202B0 */  lw      $v0, 0x02B0($a0)           ## 000002B0
/* 00C18 809A0AC8 3C0C503C */  lui     $t4, 0x503C                ## $t4 = 503C0000
/* 00C1C 809A0ACC 358C0AFF */  ori     $t4, $t4, 0x0AFF           ## $t4 = 503C0AFF
/* 00C20 809A0AD0 244A0008 */  addiu   $t2, $v0, 0x0008           ## $t2 = 00000008
/* 00C24 809A0AD4 AC8A02B0 */  sw      $t2, 0x02B0($a0)           ## 000002B0
/* 00C28 809A0AD8 AC4C0004 */  sw      $t4, 0x0004($v0)           ## 00000004
/* 00C2C 809A0ADC AC4B0000 */  sw      $t3, 0x0000($v0)           ## 00000000
/* 00C30 809A0AE0 10000025 */  beq     $zero, $zero, .L809A0B78   
/* 00C34 809A0AE4 24020002 */  addiu   $v0, $zero, 0x0002         ## $v0 = 00000002
.L809A0AE8:
/* 00C38 809A0AE8 8C8202B0 */  lw      $v0, 0x02B0($a0)           ## 000002B0
/* 00C3C 809A0AEC 3C0FE700 */  lui     $t7, 0xE700                ## $t7 = E7000000
/* 00C40 809A0AF0 244D0008 */  addiu   $t5, $v0, 0x0008           ## $t5 = 0000000A
/* 00C44 809A0AF4 AC8D02B0 */  sw      $t5, 0x02B0($a0)           ## 000002B0
/* 00C48 809A0AF8 AC400004 */  sw      $zero, 0x0004($v0)         ## 00000006
/* 00C4C 809A0AFC AC4F0000 */  sw      $t7, 0x0000($v0)           ## 00000002
/* 00C50 809A0B00 8C8202B0 */  lw      $v0, 0x02B0($a0)           ## 000002B0
/* 00C54 809A0B04 3C198CAA */  lui     $t9, 0x8CAA                ## $t9 = 8CAA0000
/* 00C58 809A0B08 3739E6FF */  ori     $t9, $t9, 0xE6FF           ## $t9 = 8CAAE6FF
/* 00C5C 809A0B0C 244E0008 */  addiu   $t6, $v0, 0x0008           ## $t6 = 0000000A
/* 00C60 809A0B10 AC8E02B0 */  sw      $t6, 0x02B0($a0)           ## 000002B0
/* 00C64 809A0B14 AC590004 */  sw      $t9, 0x0004($v0)           ## 00000006
/* 00C68 809A0B18 AC580000 */  sw      $t8, 0x0000($v0)           ## 00000002
/* 00C6C 809A0B1C 8C8202B0 */  lw      $v0, 0x02B0($a0)           ## 000002B0
/* 00C70 809A0B20 3C09FA00 */  lui     $t1, 0xFA00                ## $t1 = FA000000
/* 00C74 809A0B24 240AFFFF */  addiu   $t2, $zero, 0xFFFF         ## $t2 = FFFFFFFF
/* 00C78 809A0B28 24480008 */  addiu   $t0, $v0, 0x0008           ## $t0 = 0000000A
/* 00C7C 809A0B2C AC8802B0 */  sw      $t0, 0x02B0($a0)           ## 000002B0
/* 00C80 809A0B30 AC4A0004 */  sw      $t2, 0x0004($v0)           ## 00000006
/* 00C84 809A0B34 AC490000 */  sw      $t1, 0x0000($v0)           ## 00000002
/* 00C88 809A0B38 1000000F */  beq     $zero, $zero, .L809A0B78   
/* 00C8C 809A0B3C 24020002 */  addiu   $v0, $zero, 0x0002         ## $v0 = 00000002
/* 00C90 809A0B40 8C8202B0 */  lw      $v0, 0x02B0($a0)           ## 000002B0
.L809A0B44:
/* 00C94 809A0B44 3C0CE700 */  lui     $t4, 0xE700                ## $t4 = E7000000
/* 00C98 809A0B48 244B0008 */  addiu   $t3, $v0, 0x0008           ## $t3 = 0000000A
/* 00C9C 809A0B4C AC8B02B0 */  sw      $t3, 0x02B0($a0)           ## 000002B0
/* 00CA0 809A0B50 AC400004 */  sw      $zero, 0x0004($v0)         ## 00000006
/* 00CA4 809A0B54 AC4C0000 */  sw      $t4, 0x0000($v0)           ## 00000002
/* 00CA8 809A0B58 8C8202B0 */  lw      $v0, 0x02B0($a0)           ## 000002B0
/* 00CAC 809A0B5C 3C0E8C00 */  lui     $t6, 0x8C00                ## $t6 = 8C000000
/* 00CB0 809A0B60 35CE00FF */  ori     $t6, $t6, 0x00FF           ## $t6 = 8C0000FF
/* 00CB4 809A0B64 244D0008 */  addiu   $t5, $v0, 0x0008           ## $t5 = 0000000A
/* 00CB8 809A0B68 AC8D02B0 */  sw      $t5, 0x02B0($a0)           ## 000002B0
/* 00CBC 809A0B6C AC4E0004 */  sw      $t6, 0x0004($v0)           ## 00000006
/* 00CC0 809A0B70 AC4F0000 */  sw      $t7, 0x0000($v0)           ## 00000002
.L809A0B74:
/* 00CC4 809A0B74 24020002 */  addiu   $v0, $zero, 0x0002         ## $v0 = 00000002
.L809A0B78:
/* 00CC8 809A0B78 8FB80064 */  lw      $t8, 0x0064($sp)           
/* 00CCC 809A0B7C 24010008 */  addiu   $at, $zero, 0x0008         ## $at = 00000008
/* 00CD0 809A0B80 87190312 */  lh      $t9, 0x0312($t8)           ## FB000312
/* 00CD4 809A0B84 54590032 */  bnel    $v0, $t9, .L809A0C50       
/* 00CD8 809A0B88 00001025 */  or      $v0, $zero, $zero          ## $v0 = 00000000
/* 00CDC 809A0B8C 10A10004 */  beq     $a1, $at, .L809A0BA0       
/* 00CE0 809A0B90 2401000D */  addiu   $at, $zero, 0x000D         ## $at = 0000000D
/* 00CE4 809A0B94 50A10003 */  beql    $a1, $at, .L809A0BA4       
/* 00CE8 809A0B98 00051080 */  sll     $v0, $a1,  2               
/* 00CEC 809A0B9C 14A2002B */  bne     $a1, $v0, .L809A0C4C       
.L809A0BA0:
/* 00CF0 809A0BA0 00051080 */  sll     $v0, $a1,  2               
.L809A0BA4:
/* 00CF4 809A0BA4 00451023 */  subu    $v0, $v0, $a1              
/* 00CF8 809A0BA8 000210C0 */  sll     $v0, $v0,  3               
/* 00CFC 809A0BAC 8CE8009C */  lw      $t0, 0x009C($a3)           ## 0000009C
/* 00D00 809A0BB0 00451021 */  addu    $v0, $v0, $a1              
/* 00D04 809A0BB4 00021040 */  sll     $v0, $v0,  1               
/* 00D08 809A0BB8 24490814 */  addiu   $t1, $v0, 0x0814           ## $t1 = 00000814
/* 00D0C 809A0BBC 01090019 */  multu   $t0, $t1                   
/* 00D10 809A0BC0 AFA2001C */  sw      $v0, 0x001C($sp)           
/* 00D14 809A0BC4 AFA70050 */  sw      $a3, 0x0050($sp)           
/* 00D18 809A0BC8 00002012 */  mflo    $a0                        
/* 00D1C 809A0BCC 00042400 */  sll     $a0, $a0, 16               
/* 00D20 809A0BD0 0C03FB61 */  jal     func_800FED84              
/* 00D24 809A0BD4 00042403 */  sra     $a0, $a0, 16               
/* 00D28 809A0BD8 3C014348 */  lui     $at, 0x4348                ## $at = 43480000
/* 00D2C 809A0BDC 44812000 */  mtc1    $at, $f4                   ## $f4 = 200.00
/* 00D30 809A0BE0 8FA60060 */  lw      $a2, 0x0060($sp)           
/* 00D34 809A0BE4 8FA70050 */  lw      $a3, 0x0050($sp)           
/* 00D38 809A0BE8 46040182 */  mul.s   $f6, $f0, $f4              
/* 00D3C 809A0BEC 84CC0002 */  lh      $t4, 0x0002($a2)           ## 00000002
/* 00D40 809A0BF0 8FA2001C */  lw      $v0, 0x001C($sp)           
/* 00D44 809A0BF4 244E0940 */  addiu   $t6, $v0, 0x0940           ## $t6 = 00000940
/* 00D48 809A0BF8 4600320D */  trunc.w.s $f8, $f6                   
/* 00D4C 809A0BFC 440B4000 */  mfc1    $t3, $f8                   
/* 00D50 809A0C00 00000000 */  nop
/* 00D54 809A0C04 016C6821 */  addu    $t5, $t3, $t4              
/* 00D58 809A0C08 A4CD0002 */  sh      $t5, 0x0002($a2)           ## 00000002
/* 00D5C 809A0C0C 8CEF009C */  lw      $t7, 0x009C($a3)           ## 0000009C
/* 00D60 809A0C10 01EE0019 */  multu   $t7, $t6                   
/* 00D64 809A0C14 00002012 */  mflo    $a0                        
/* 00D68 809A0C18 00042400 */  sll     $a0, $a0, 16               
/* 00D6C 809A0C1C 0C03FB51 */  jal     func_800FED44              
/* 00D70 809A0C20 00042403 */  sra     $a0, $a0, 16               
/* 00D74 809A0C24 3C014348 */  lui     $at, 0x4348                ## $at = 43480000
/* 00D78 809A0C28 44815000 */  mtc1    $at, $f10                  ## $f10 = 200.00
/* 00D7C 809A0C2C 8FA60060 */  lw      $a2, 0x0060($sp)           
/* 00D80 809A0C30 460A0402 */  mul.s   $f16, $f0, $f10            
/* 00D84 809A0C34 84C80004 */  lh      $t0, 0x0004($a2)           ## 00000004
/* 00D88 809A0C38 4600848D */  trunc.w.s $f18, $f16                 
/* 00D8C 809A0C3C 44199000 */  mfc1    $t9, $f18                  
/* 00D90 809A0C40 00000000 */  nop
/* 00D94 809A0C44 03284821 */  addu    $t1, $t9, $t0              
/* 00D98 809A0C48 A4C90004 */  sh      $t1, 0x0004($a2)           ## 00000004
.L809A0C4C:
/* 00D9C 809A0C4C 00001025 */  or      $v0, $zero, $zero          ## $v0 = 00000000
.L809A0C50:
/* 00DA0 809A0C50 8FBF0014 */  lw      $ra, 0x0014($sp)           
/* 00DA4 809A0C54 27BD0050 */  addiu   $sp, $sp, 0x0050           ## $sp = 00000000
/* 00DA8 809A0C58 03E00008 */  jr      $ra                        
/* 00DAC 809A0C5C 00000000 */  nop


glabel func_809A0C60
/* 00DB0 809A0C60 27BDFFD8 */  addiu   $sp, $sp, 0xFFD8           ## $sp = FFFFFFD8
/* 00DB4 809A0C64 AFA40028 */  sw      $a0, 0x0028($sp)           
/* 00DB8 809A0C68 27A40018 */  addiu   $a0, $sp, 0x0018           ## $a0 = FFFFFFF0
/* 00DBC 809A0C6C AFBF0014 */  sw      $ra, 0x0014($sp)           
/* 00DC0 809A0C70 AFA60030 */  sw      $a2, 0x0030($sp)           
/* 00DC4 809A0C74 AFA70034 */  sw      $a3, 0x0034($sp)           
/* 00DC8 809A0C78 3C0E809A */  lui     $t6, %hi(D_809A0DF0)       ## $t6 = 809A0000
/* 00DCC 809A0C7C 25CE0DF0 */  addiu   $t6, $t6, %lo(D_809A0DF0)  ## $t6 = 809A0DF0
/* 00DD0 809A0C80 8DD80000 */  lw      $t8, 0x0000($t6)           ## 809A0DF0
/* 00DD4 809A0C84 24010006 */  addiu   $at, $zero, 0x0006         ## $at = 00000006
/* 00DD8 809A0C88 AC980000 */  sw      $t8, 0x0000($a0)           ## FFFFFFF0
/* 00DDC 809A0C8C 8DCF0004 */  lw      $t7, 0x0004($t6)           ## 809A0DF4
/* 00DE0 809A0C90 AC8F0004 */  sw      $t7, 0x0004($a0)           ## FFFFFFF4
/* 00DE4 809A0C94 8DD80008 */  lw      $t8, 0x0008($t6)           ## 809A0DF8
/* 00DE8 809A0C98 14A10004 */  bne     $a1, $at, .L809A0CAC       
/* 00DEC 809A0C9C AC980008 */  sw      $t8, 0x0008($a0)           ## FFFFFFF8
/* 00DF0 809A0CA0 8FA50038 */  lw      $a1, 0x0038($sp)           
/* 00DF4 809A0CA4 0C0606A6 */  jal     func_80181A98              
/* 00DF8 809A0CA8 24A5003C */  addiu   $a1, $a1, 0x003C           ## $a1 = 0000003C
.L809A0CAC:
/* 00DFC 809A0CAC 8FBF0014 */  lw      $ra, 0x0014($sp)           
/* 00E00 809A0CB0 27BD0028 */  addiu   $sp, $sp, 0x0028           ## $sp = 00000000
/* 00E04 809A0CB4 03E00008 */  jr      $ra                        
/* 00E08 809A0CB8 00000000 */  nop


glabel func_809A0CBC
/* 00E0C 809A0CBC 27BDFFB8 */  addiu   $sp, $sp, 0xFFB8           ## $sp = FFFFFFB8
/* 00E10 809A0CC0 AFB00028 */  sw      $s0, 0x0028($sp)           
/* 00E14 809A0CC4 00808025 */  or      $s0, $a0, $zero            ## $s0 = 00000000
/* 00E18 809A0CC8 AFBF002C */  sw      $ra, 0x002C($sp)           
/* 00E1C 809A0CCC AFA5004C */  sw      $a1, 0x004C($sp)           
/* 00E20 809A0CD0 8FAE004C */  lw      $t6, 0x004C($sp)           
/* 00E24 809A0CD4 8DC40000 */  lw      $a0, 0x0000($t6)           ## 00000000
/* 00E28 809A0CD8 0C04B16C */  jal     func_8012C5B0              
/* 00E2C 809A0CDC AFA4003C */  sw      $a0, 0x003C($sp)           
/* 00E30 809A0CE0 8FA3003C */  lw      $v1, 0x003C($sp)           
/* 00E34 809A0CE4 8C6202B0 */  lw      $v0, 0x02B0($v1)           ## 000002B0
/* 00E38 809A0CE8 3C18DB06 */  lui     $t8, 0xDB06                ## $t8 = DB060000
/* 00E3C 809A0CEC 37180020 */  ori     $t8, $t8, 0x0020           ## $t8 = DB060020
/* 00E40 809A0CF0 244F0008 */  addiu   $t7, $v0, 0x0008           ## $t7 = 00000008
/* 00E44 809A0CF4 AC6F02B0 */  sw      $t7, 0x02B0($v1)           ## 000002B0
/* 00E48 809A0CF8 AC580000 */  sw      $t8, 0x0000($v0)           ## 00000000
/* 00E4C 809A0CFC 861902F8 */  lh      $t9, 0x02F8($s0)           ## 000002F8
/* 00E50 809A0D00 3C04809A */  lui     $a0, %hi(D_809A0DFC)       ## $a0 = 809A0000
/* 00E54 809A0D04 AFA20034 */  sw      $v0, 0x0034($sp)           
/* 00E58 809A0D08 00194080 */  sll     $t0, $t9,  2               
/* 00E5C 809A0D0C 00882021 */  addu    $a0, $a0, $t0              
/* 00E60 809A0D10 0C040141 */  jal     func_80100504              
/* 00E64 809A0D14 8C840DFC */  lw      $a0, %lo(D_809A0DFC)($a0)  
/* 00E68 809A0D18 8FA50034 */  lw      $a1, 0x0034($sp)           
/* 00E6C 809A0D1C 02002025 */  or      $a0, $s0, $zero            ## $a0 = 00000000
/* 00E70 809A0D20 00003025 */  or      $a2, $zero, $zero          ## $a2 = 00000000
/* 00E74 809A0D24 ACA20004 */  sw      $v0, 0x0004($a1)           ## 00000004
/* 00E78 809A0D28 0C02E014 */  jal     func_800B8050              
/* 00E7C 809A0D2C 8FA5004C */  lw      $a1, 0x004C($sp)           
/* 00E80 809A0D30 8E050198 */  lw      $a1, 0x0198($s0)           ## 00000198
/* 00E84 809A0D34 8E0601B4 */  lw      $a2, 0x01B4($s0)           ## 000001B4
/* 00E88 809A0D38 92070196 */  lbu     $a3, 0x0196($s0)           ## 00000196
/* 00E8C 809A0D3C 3C09809A */  lui     $t1, %hi(func_809A0A14)    ## $t1 = 809A0000
/* 00E90 809A0D40 3C0A809A */  lui     $t2, %hi(func_809A0C60)    ## $t2 = 809A0000
/* 00E94 809A0D44 254A0C60 */  addiu   $t2, $t2, %lo(func_809A0C60) ## $t2 = 809A0C60
/* 00E98 809A0D48 25290A14 */  addiu   $t1, $t1, %lo(func_809A0A14) ## $t1 = 809A0A14
/* 00E9C 809A0D4C AFA90010 */  sw      $t1, 0x0010($sp)           
/* 00EA0 809A0D50 AFAA0014 */  sw      $t2, 0x0014($sp)           
/* 00EA4 809A0D54 AFB00018 */  sw      $s0, 0x0018($sp)           
/* 00EA8 809A0D58 0C04CFCA */  jal     func_80133F28              
/* 00EAC 809A0D5C 8FA4004C */  lw      $a0, 0x004C($sp)           
/* 00EB0 809A0D60 8FBF002C */  lw      $ra, 0x002C($sp)           
/* 00EB4 809A0D64 8FB00028 */  lw      $s0, 0x0028($sp)           
/* 00EB8 809A0D68 27BD0048 */  addiu   $sp, $sp, 0x0048           ## $sp = 00000000
/* 00EBC 809A0D6C 03E00008 */  jr      $ra                        
/* 00EC0 809A0D70 00000000 */  nop
/* 00EC4 809A0D74 00000000 */  nop
/* 00EC8 809A0D78 00000000 */  nop
/* 00ECC 809A0D7C 00000000 */  nop

.section .data

D_809A0D80: .word 0x00FA0400, 0x80000019, 0x01300000, 0x00000320
.word func_8099FEB0
.word func_809A0044
.word func_809A0920
.word func_809A0CBC
D_809A0DA0: .word \
0x0A000939, 0x10010000, 0x00000000, 0x00000000, \
0x00000000, 0x01000222, 0x00000000, 0x00010100, \
0x00140032, 0x00000000, 0x00000000
D_809A0DCC: .word \
0x0600AA8C, 0x060028A0, 0x06001EFC, 0x06000EE0, \
0x060014CC, 0x06001AC8, 0x06000CB0, 0x06000734, \
0x06001DFC
D_809A0DF0: .word 0x44160000, 0x442F0000, 0x00000000
D_809A0DFC: .word \
0x06006398, 0x06006958, 0x060070D8, 0x00000000, \
0x00000000

.section .rodata

D_809A0E10: .word .L809A05AC
.word .L809A05C8
.word .L809A05E8
.word .L809A0604
.word .L809A0620
.word .L809A063C
.word .L809A0658
.word .L809A06A4


.section .rodata
D_809A0E30:
.incbin "baserom/En_Ge3", 0xF80, 0x000000F0
