.include "macro.inc"

# assembler directives
.set noat      # allow manual use of $at
.set noreorder # don't insert nops after branches
.set gp=64     # allow use of 64-bit general purpose registers

.section .text
glabel func_80952C50
/* 00000 80952C50 27BDFFD8 */  addiu   $sp, $sp, 0xFFD8           ## $sp = FFFFFFD8
/* 00004 80952C54 AFBF0024 */  sw      $ra, 0x0024($sp)           
/* 00008 80952C58 AFB30020 */  sw      $s3, 0x0020($sp)           
/* 0000C 80952C5C AFB2001C */  sw      $s2, 0x001C($sp)           
/* 00010 80952C60 AFB10018 */  sw      $s1, 0x0018($sp)           
/* 00014 80952C64 AFB00014 */  sw      $s0, 0x0014($sp)           
/* 00018 80952C68 AFA40028 */  sw      $a0, 0x0028($sp)           
/* 0001C 80952C6C 8CA21CCC */  lw      $v0, 0x1CCC($a1)           ## 00001CCC
/* 00020 80952C70 8FB10028 */  lw      $s1, 0x0028($sp)           
/* 00024 80952C74 00008025 */  or      $s0, $zero, $zero          ## $s0 = 00000000
/* 00028 80952C78 241300F0 */  addiu   $s3, $zero, 0x00F0         ## $s3 = 000000F0
/* 0002C 80952C7C 24520024 */  addiu   $s2, $v0, 0x0024           ## $s2 = 00000024
/* 00030 80952C80 263102A4 */  addiu   $s1, $s1, 0x02A4           ## $s1 = 000002A4
.L80952C84:
/* 00034 80952C84 02202025 */  or      $a0, $s1, $zero            ## $a0 = 000002A4
/* 00038 80952C88 0C03FD43 */  jal     func_800FF50C              
/* 0003C 80952C8C 02402825 */  or      $a1, $s2, $zero            ## $a1 = 00000024
/* 00040 80952C90 2610000C */  addiu   $s0, $s0, 0x000C           ## $s0 = 0000000C
/* 00044 80952C94 1613FFFB */  bne     $s0, $s3, .L80952C84       
/* 00048 80952C98 2631000C */  addiu   $s1, $s1, 0x000C           ## $s1 = 000002B0
/* 0004C 80952C9C 8FAE0028 */  lw      $t6, 0x0028($sp)           
/* 00050 80952CA0 A5C00014 */  sh      $zero, 0x0014($t6)         ## 00000014
/* 00054 80952CA4 8FAF0028 */  lw      $t7, 0x0028($sp)           
/* 00058 80952CA8 A5E00018 */  sh      $zero, 0x0018($t7)         ## 00000018
/* 0005C 80952CAC 8FBF0024 */  lw      $ra, 0x0024($sp)           
/* 00060 80952CB0 8FB00014 */  lw      $s0, 0x0014($sp)           
/* 00064 80952CB4 8FB10018 */  lw      $s1, 0x0018($sp)           
/* 00068 80952CB8 8FB2001C */  lw      $s2, 0x001C($sp)           
/* 0006C 80952CBC 8FB30020 */  lw      $s3, 0x0020($sp)           
/* 00070 80952CC0 03E00008 */  jr      $ra                        
/* 00074 80952CC4 27BD0028 */  addiu   $sp, $sp, 0x0028           ## $sp = 00000000


glabel func_80952CC8
/* 00078 80952CC8 27BDFFC0 */  addiu   $sp, $sp, 0xFFC0           ## $sp = FFFFFFC0
/* 0007C 80952CCC AFB00028 */  sw      $s0, 0x0028($sp)           
/* 00080 80952CD0 00808025 */  or      $s0, $a0, $zero            ## $s0 = 00000000
/* 00084 80952CD4 AFBF002C */  sw      $ra, 0x002C($sp)           
/* 00088 80952CD8 AFA50044 */  sw      $a1, 0x0044($sp)           
/* 0008C 80952CDC 3C06800B */  lui     $a2, 0x800B                ## $a2 = 800B0000
/* 00090 80952CE0 24C63FC0 */  addiu   $a2, $a2, 0x3FC0           ## $a2 = 800B3FC0
/* 00094 80952CE4 260400BC */  addiu   $a0, $s0, 0x00BC           ## $a0 = 000000BC
/* 00098 80952CE8 24050000 */  addiu   $a1, $zero, 0x0000         ## $a1 = 00000000
/* 0009C 80952CEC 0C02CEE9 */  jal     func_800B3BA4              
/* 000A0 80952CF0 3C074210 */  lui     $a3, 0x4210                ## $a3 = 42100000
/* 000A4 80952CF4 26050190 */  addiu   $a1, $s0, 0x0190           ## $a1 = 00000190
/* 000A8 80952CF8 3C060600 */  lui     $a2, 0x0600                ## $a2 = 06000000
/* 000AC 80952CFC 3C070600 */  lui     $a3, 0x0600                ## $a3 = 06000000
/* 000B0 80952D00 260E01D4 */  addiu   $t6, $s0, 0x01D4           ## $t6 = 000001D4
/* 000B4 80952D04 260F0234 */  addiu   $t7, $s0, 0x0234           ## $t7 = 00000234
/* 000B8 80952D08 24180010 */  addiu   $t8, $zero, 0x0010         ## $t8 = 00000010
/* 000BC 80952D0C AFB80018 */  sw      $t8, 0x0018($sp)           
/* 000C0 80952D10 AFAF0014 */  sw      $t7, 0x0014($sp)           
/* 000C4 80952D14 AFAE0010 */  sw      $t6, 0x0010($sp)           
/* 000C8 80952D18 24E705C0 */  addiu   $a3, $a3, 0x05C0           ## $a3 = 060005C0
/* 000CC 80952D1C 24C66260 */  addiu   $a2, $a2, 0x6260           ## $a2 = 06006260
/* 000D0 80952D20 AFA50034 */  sw      $a1, 0x0034($sp)           
/* 000D4 80952D24 0C04DACC */  jal     func_80136B30              
/* 000D8 80952D28 8FA40044 */  lw      $a0, 0x0044($sp)           
/* 000DC 80952D2C 3C050600 */  lui     $a1, 0x0600                ## $a1 = 06000000
/* 000E0 80952D30 24A505C0 */  addiu   $a1, $a1, 0x05C0           ## $a1 = 060005C0
/* 000E4 80952D34 0C04DD50 */  jal     func_80137540              
/* 000E8 80952D38 8FA40034 */  lw      $a0, 0x0034($sp)           
/* 000EC 80952D3C 3C078095 */  lui     $a3, %hi(D_80953910)       ## $a3 = 80950000
/* 000F0 80952D40 24E73910 */  addiu   $a3, $a3, %lo(D_80953910)  ## $a3 = 80953910
/* 000F4 80952D44 8FA40044 */  lw      $a0, 0x0044($sp)           
/* 000F8 80952D48 26050144 */  addiu   $a1, $s0, 0x0144           ## $a1 = 00000144
/* 000FC 80952D4C 0C0384DD */  jal     func_800E1374              
/* 00100 80952D50 02003025 */  or      $a2, $s0, $zero            ## $a2 = 00000000
/* 00104 80952D54 241900FF */  addiu   $t9, $zero, 0x00FF         ## $t9 = 000000FF
/* 00108 80952D58 3C053C23 */  lui     $a1, 0x3C23                ## $a1 = 3C230000
/* 0010C 80952D5C A21900B6 */  sb      $t9, 0x00B6($s0)           ## 000000B6
/* 00110 80952D60 34A5D70A */  ori     $a1, $a1, 0xD70A           ## $a1 = 3C23D70A
/* 00114 80952D64 0C02D9F8 */  jal     func_800B67E0              
/* 00118 80952D68 02002025 */  or      $a0, $s0, $zero            ## $a0 = 00000000
/* 0011C 80952D6C 3C088095 */  lui     $t0, %hi(func_8095345C)    ## $t0 = 80950000
/* 00120 80952D70 2508345C */  addiu   $t0, $t0, %lo(func_8095345C) ## $t0 = 8095345C
/* 00124 80952D74 AE080394 */  sw      $t0, 0x0394($s0)           ## 00000394
/* 00128 80952D78 8FA90044 */  lw      $t1, 0x0044($sp)           
/* 0012C 80952D7C 3C0A0002 */  lui     $t2, 0x0002                ## $t2 = 00020000
/* 00130 80952D80 24010001 */  addiu   $at, $zero, 0x0001         ## $at = 00000001
/* 00134 80952D84 01495021 */  addu    $t2, $t2, $t1              
/* 00138 80952D88 914A8B48 */  lbu     $t2, -0x74B8($t2)          ## 00018B48
/* 0013C 80952D8C 240D0006 */  addiu   $t5, $zero, 0x0006         ## $t5 = 00000006
/* 00140 80952D90 02002025 */  or      $a0, $s0, $zero            ## $a0 = 00000000
/* 00144 80952D94 55410006 */  bnel    $t2, $at, .L80952DB0       
/* 00148 80952D98 A60002A0 */  sh      $zero, 0x02A0($s0)         ## 000002A0
/* 0014C 80952D9C 8E0B0004 */  lw      $t3, 0x0004($s0)           ## 00000004
/* 00150 80952DA0 3C010001 */  lui     $at, 0x0001                ## $at = 00010000
/* 00154 80952DA4 01616025 */  or      $t4, $t3, $at              ## $t4 = 00010000
/* 00158 80952DA8 AE0C0004 */  sw      $t4, 0x0004($s0)           ## 00000004
/* 0015C 80952DAC A60002A0 */  sh      $zero, 0x02A0($s0)         ## 000002A0
.L80952DB0:
/* 00160 80952DB0 A20D001F */  sb      $t5, 0x001F($s0)           ## 0000001F
/* 00164 80952DB4 0C254B14 */  jal     func_80952C50              
/* 00168 80952DB8 8FA50044 */  lw      $a1, 0x0044($sp)           
/* 0016C 80952DBC 8FBF002C */  lw      $ra, 0x002C($sp)           
/* 00170 80952DC0 8FB00028 */  lw      $s0, 0x0028($sp)           
/* 00174 80952DC4 27BD0040 */  addiu   $sp, $sp, 0x0040           ## $sp = 00000000
/* 00178 80952DC8 03E00008 */  jr      $ra                        
/* 0017C 80952DCC 00000000 */  nop


glabel func_80952DD0
/* 00180 80952DD0 27BDFFE8 */  addiu   $sp, $sp, 0xFFE8           ## $sp = FFFFFFE8
/* 00184 80952DD4 AFBF0014 */  sw      $ra, 0x0014($sp)           
/* 00188 80952DD8 00803025 */  or      $a2, $a0, $zero            ## $a2 = 00000000
/* 0018C 80952DDC 00A03825 */  or      $a3, $a1, $zero            ## $a3 = 00000000
/* 00190 80952DE0 00E02025 */  or      $a0, $a3, $zero            ## $a0 = 00000000
/* 00194 80952DE4 0C03847B */  jal     func_800E11EC              
/* 00198 80952DE8 24C50144 */  addiu   $a1, $a2, 0x0144           ## $a1 = 00000144
/* 0019C 80952DEC 8FBF0014 */  lw      $ra, 0x0014($sp)           
/* 001A0 80952DF0 27BD0018 */  addiu   $sp, $sp, 0x0018           ## $sp = 00000000
/* 001A4 80952DF4 03E00008 */  jr      $ra                        
/* 001A8 80952DF8 00000000 */  nop


glabel func_80952DFC
/* 001AC 80952DFC 27BDFFE8 */  addiu   $sp, $sp, 0xFFE8           ## $sp = FFFFFFE8
/* 001B0 80952E00 AFBF0014 */  sw      $ra, 0x0014($sp)           
/* 001B4 80952E04 AFA40018 */  sw      $a0, 0x0018($sp)           
/* 001B8 80952E08 3C0E801C */  lui     $t6, 0x801C                ## $t6 = 801C0000
/* 001BC 80952E0C 91CE20B1 */  lbu     $t6, 0x20B1($t6)           ## 801C20B1
/* 001C0 80952E10 3C0F801F */  lui     $t7, 0x801F                ## $t7 = 801F0000
/* 001C4 80952E14 24010039 */  addiu   $at, $zero, 0x0039         ## $at = 00000039
/* 001C8 80952E18 01EE7821 */  addu    $t7, $t7, $t6              
/* 001CC 80952E1C 91EFF6E0 */  lbu     $t7, -0x0920($t7)          ## 801EF6E0
/* 001D0 80952E20 8FA40018 */  lw      $a0, 0x0018($sp)           
/* 001D4 80952E24 55E10004 */  bnel    $t7, $at, .L80952E38       
/* 001D8 80952E28 8FA40018 */  lw      $a0, 0x0018($sp)           
/* 001DC 80952E2C 0C0546ED */  jal     func_80151BB4              
/* 001E0 80952E30 2405002E */  addiu   $a1, $zero, 0x002E         ## $a1 = 0000002E
/* 001E4 80952E34 8FA40018 */  lw      $a0, 0x0018($sp)           
.L80952E38:
/* 001E8 80952E38 0C0546ED */  jal     func_80151BB4              
/* 001EC 80952E3C 24050010 */  addiu   $a1, $zero, 0x0010         ## $a1 = 00000010
/* 001F0 80952E40 8FBF0014 */  lw      $ra, 0x0014($sp)           
/* 001F4 80952E44 27BD0018 */  addiu   $sp, $sp, 0x0018           ## $sp = 00000000
/* 001F8 80952E48 03E00008 */  jr      $ra                        
/* 001FC 80952E4C 00000000 */  nop


glabel func_80952E50
/* 00200 80952E50 27BDFFD8 */  addiu   $sp, $sp, 0xFFD8           ## $sp = FFFFFFD8
/* 00204 80952E54 AFA5002C */  sw      $a1, 0x002C($sp)           
/* 00208 80952E58 00802825 */  or      $a1, $a0, $zero            ## $a1 = 00000000
/* 0020C 80952E5C AFBF0014 */  sw      $ra, 0x0014($sp)           
/* 00210 80952E60 AFA40028 */  sw      $a0, 0x0028($sp)           
/* 00214 80952E64 AFA60030 */  sw      $a2, 0x0030($sp)           
/* 00218 80952E68 AFA70034 */  sw      $a3, 0x0034($sp)           
/* 0021C 80952E6C 27A4002C */  addiu   $a0, $sp, 0x002C           ## $a0 = 00000004
/* 00220 80952E70 27A6001C */  addiu   $a2, $sp, 0x001C           ## $a2 = FFFFFFF4
/* 00224 80952E74 0C03FD7D */  jal     func_800FF5F4              
/* 00228 80952E78 AFA50028 */  sw      $a1, 0x0028($sp)           
/* 0022C 80952E7C C7A2001C */  lwc1    $f2, 0x001C($sp)           
/* 00230 80952E80 C7AE0024 */  lwc1    $f14, 0x0024($sp)          
/* 00234 80952E84 C7B00038 */  lwc1    $f16, 0x0038($sp)          
/* 00238 80952E88 46021102 */  mul.s   $f4, $f2, $f2              
/* 0023C 80952E8C 8FA50028 */  lw      $a1, 0x0028($sp)           
/* 00240 80952E90 460E7182 */  mul.s   $f6, $f14, $f14            
/* 00244 80952E94 46062000 */  add.s   $f0, $f4, $f6              
/* 00248 80952E98 46108202 */  mul.s   $f8, $f16, $f16            
/* 0024C 80952E9C 4608003C */  c.lt.s  $f0, $f8                   
/* 00250 80952EA0 00000000 */  nop
/* 00254 80952EA4 45030013 */  bc1tl   .L80952EF4                 
/* 00258 80952EA8 8FBF0014 */  lw      $ra, 0x0014($sp)           
/* 0025C 80952EAC 46000004 */  sqrt.s  $f0, $f0                   
/* 00260 80952EB0 C7B2001C */  lwc1    $f18, 0x001C($sp)          
/* 00264 80952EB4 C7A60024 */  lwc1    $f6, 0x0024($sp)           
/* 00268 80952EB8 46100281 */  sub.s   $f10, $f0, $f16            
/* 0026C 80952EBC 46005083 */  div.s   $f2, $f10, $f0             
/* 00270 80952EC0 46029102 */  mul.s   $f4, $f18, $f2             
/* 00274 80952EC4 00000000 */  nop
/* 00278 80952EC8 46023202 */  mul.s   $f8, $f6, $f2              
/* 0027C 80952ECC E7A4001C */  swc1    $f4, 0x001C($sp)           
/* 00280 80952ED0 E7A80024 */  swc1    $f8, 0x0024($sp)           
/* 00284 80952ED4 C4AA0000 */  lwc1    $f10, 0x0000($a1)          ## 00000000
/* 00288 80952ED8 C4A60008 */  lwc1    $f6, 0x0008($a1)           ## 00000008
/* 0028C 80952EDC 46045480 */  add.s   $f18, $f10, $f4            
/* 00290 80952EE0 E4B20000 */  swc1    $f18, 0x0000($a1)          ## 00000000
/* 00294 80952EE4 C7A80024 */  lwc1    $f8, 0x0024($sp)           
/* 00298 80952EE8 46083280 */  add.s   $f10, $f6, $f8             
/* 0029C 80952EEC E4AA0008 */  swc1    $f10, 0x0008($a1)          ## 00000008
/* 002A0 80952EF0 8FBF0014 */  lw      $ra, 0x0014($sp)           
.L80952EF4:
/* 002A4 80952EF4 27BD0028 */  addiu   $sp, $sp, 0x0028           ## $sp = 00000000
/* 002A8 80952EF8 03E00008 */  jr      $ra                        
/* 002AC 80952EFC 00000000 */  nop


glabel func_80952F00
/* 002B0 80952F00 27BDFFC8 */  addiu   $sp, $sp, 0xFFC8           ## $sp = FFFFFFC8
/* 002B4 80952F04 AFB30030 */  sw      $s3, 0x0030($sp)           
/* 002B8 80952F08 00809825 */  or      $s3, $a0, $zero            ## $s3 = 00000000
/* 002BC 80952F0C AFBF0034 */  sw      $ra, 0x0034($sp)           
/* 002C0 80952F10 AFB2002C */  sw      $s2, 0x002C($sp)           
/* 002C4 80952F14 AFB10028 */  sw      $s1, 0x0028($sp)           
/* 002C8 80952F18 AFB00024 */  sw      $s0, 0x0024($sp)           
/* 002CC 80952F1C F7B40018 */  sdc1    $f20, 0x0018($sp)          
/* 002D0 80952F20 866E0018 */  lh      $t6, 0x0018($s3)           ## 00000018
/* 002D4 80952F24 8CA21CCC */  lw      $v0, 0x1CCC($a1)           ## 00001CCC
/* 002D8 80952F28 29C10014 */  slti    $at, $t6, 0x0014           
/* 002DC 80952F2C 14200004 */  bne     $at, $zero, .L80952F40     
/* 002E0 80952F30 3C014170 */  lui     $at, 0x4170                ## $at = 41700000
/* 002E4 80952F34 4481A000 */  mtc1    $at, $f20                  ## $f20 = 15.00
/* 002E8 80952F38 10000005 */  beq     $zero, $zero, .L80952F50   
/* 002EC 80952F3C 8C580024 */  lw      $t8, 0x0024($v0)           ## 00000024
.L80952F40:
/* 002F0 80952F40 3C014120 */  lui     $at, 0x4120                ## $at = 41200000
/* 002F4 80952F44 4481A000 */  mtc1    $at, $f20                  ## $f20 = 10.00
/* 002F8 80952F48 00000000 */  nop
/* 002FC 80952F4C 8C580024 */  lw      $t8, 0x0024($v0)           ## 00000024
.L80952F50:
/* 00300 80952F50 266402A4 */  addiu   $a0, $s3, 0x02A4           ## $a0 = 000002A4
/* 00304 80952F54 AFB80004 */  sw      $t8, 0x0004($sp)           
/* 00308 80952F58 8C460028 */  lw      $a2, 0x0028($v0)           ## 00000028
/* 0030C 80952F5C 8FA50004 */  lw      $a1, 0x0004($sp)           
/* 00310 80952F60 AFA60008 */  sw      $a2, 0x0008($sp)           
/* 00314 80952F64 8C47002C */  lw      $a3, 0x002C($v0)           ## 0000002C
/* 00318 80952F68 E7B40010 */  swc1    $f20, 0x0010($sp)          
/* 0031C 80952F6C 0C254B94 */  jal     func_80952E50              
/* 00320 80952F70 AFA7000C */  sw      $a3, 0x000C($sp)           
/* 00324 80952F74 2662000C */  addiu   $v0, $s3, 0x000C           ## $v0 = 0000000C
/* 00328 80952F78 245102A4 */  addiu   $s1, $v0, 0x02A4           ## $s1 = 000002B0
/* 0032C 80952F7C 24520298 */  addiu   $s2, $v0, 0x0298           ## $s2 = 000002A4
/* 00330 80952F80 241300F0 */  addiu   $s3, $zero, 0x00F0         ## $s3 = 000000F0
/* 00334 80952F84 2410000C */  addiu   $s0, $zero, 0x000C         ## $s0 = 0000000C
.L80952F88:
/* 00338 80952F88 8E480000 */  lw      $t0, 0x0000($s2)           ## 000002A4
/* 0033C 80952F8C 02202025 */  or      $a0, $s1, $zero            ## $a0 = 000002B0
/* 00340 80952F90 AFA80004 */  sw      $t0, 0x0004($sp)           
/* 00344 80952F94 8E460004 */  lw      $a2, 0x0004($s2)           ## 000002A8
/* 00348 80952F98 8FA50004 */  lw      $a1, 0x0004($sp)           
/* 0034C 80952F9C AFA60008 */  sw      $a2, 0x0008($sp)           
/* 00350 80952FA0 8E470008 */  lw      $a3, 0x0008($s2)           ## 000002AC
/* 00354 80952FA4 E7B40010 */  swc1    $f20, 0x0010($sp)          
/* 00358 80952FA8 0C254B94 */  jal     func_80952E50              
/* 0035C 80952FAC AFA7000C */  sw      $a3, 0x000C($sp)           
/* 00360 80952FB0 2610000C */  addiu   $s0, $s0, 0x000C           ## $s0 = 00000018
/* 00364 80952FB4 2631000C */  addiu   $s1, $s1, 0x000C           ## $s1 = 000002BC
/* 00368 80952FB8 1613FFF3 */  bne     $s0, $s3, .L80952F88       
/* 0036C 80952FBC 2652000C */  addiu   $s2, $s2, 0x000C           ## $s2 = 000002B0
/* 00370 80952FC0 8FBF0034 */  lw      $ra, 0x0034($sp)           
/* 00374 80952FC4 D7B40018 */  ldc1    $f20, 0x0018($sp)          
/* 00378 80952FC8 8FB00024 */  lw      $s0, 0x0024($sp)           
/* 0037C 80952FCC 8FB10028 */  lw      $s1, 0x0028($sp)           
/* 00380 80952FD0 8FB2002C */  lw      $s2, 0x002C($sp)           
/* 00384 80952FD4 8FB30030 */  lw      $s3, 0x0030($sp)           
/* 00388 80952FD8 03E00008 */  jr      $ra                        
/* 0038C 80952FDC 27BD0038 */  addiu   $sp, $sp, 0x0038           ## $sp = 00000000


glabel func_80952FE0
/* 00390 80952FE0 27BDFFD8 */  addiu   $sp, $sp, 0xFFD8           ## $sp = FFFFFFD8
/* 00394 80952FE4 AFB00020 */  sw      $s0, 0x0020($sp)           
/* 00398 80952FE8 00808025 */  or      $s0, $a0, $zero            ## $s0 = 00000000
/* 0039C 80952FEC AFBF0024 */  sw      $ra, 0x0024($sp)           
/* 003A0 80952FF0 AFA5002C */  sw      $a1, 0x002C($sp)           
/* 003A4 80952FF4 860202A2 */  lh      $v0, 0x02A2($s0)           ## 000002A2
/* 003A8 80952FF8 26040296 */  addiu   $a0, $s0, 0x0296           ## $a0 = 00000296
/* 003AC 80952FFC 24051F40 */  addiu   $a1, $zero, 0x1F40         ## $a1 = 00001F40
/* 003B0 80953000 28410028 */  slti    $at, $v0, 0x0028           
/* 003B4 80953004 10200007 */  beq     $at, $zero, .L80953024     
/* 003B8 80953008 24060006 */  addiu   $a2, $zero, 0x0006         ## $a2 = 00000006
/* 003BC 8095300C 240E0064 */  addiu   $t6, $zero, 0x0064         ## $t6 = 00000064
/* 003C0 80953010 AFAE0010 */  sw      $t6, 0x0010($sp)           
/* 003C4 80953014 0C03FFAF */  jal     func_800FFEBC              
/* 003C8 80953018 24071838 */  addiu   $a3, $zero, 0x1838         ## $a3 = 00001838
/* 003CC 8095301C 10000018 */  beq     $zero, $zero, .L80953080   
/* 003D0 80953020 860902A2 */  lh      $t1, 0x02A2($s0)           ## 000002A2
.L80953024:
/* 003D4 80953024 28410050 */  slti    $at, $v0, 0x0050           
/* 003D8 80953028 1020000A */  beq     $at, $zero, .L80953054     
/* 003DC 8095302C 3C188095 */  lui     $t8, %hi(func_80953180)    ## $t8 = 80950000
/* 003E0 80953030 240F0064 */  addiu   $t7, $zero, 0x0064         ## $t7 = 00000064
/* 003E4 80953034 AFAF0010 */  sw      $t7, 0x0010($sp)           
/* 003E8 80953038 26040296 */  addiu   $a0, $s0, 0x0296           ## $a0 = 00000296
/* 003EC 8095303C 2405E0C0 */  addiu   $a1, $zero, 0xE0C0         ## $a1 = FFFFE0C0
/* 003F0 80953040 24060006 */  addiu   $a2, $zero, 0x0006         ## $a2 = 00000006
/* 003F4 80953044 0C03FFAF */  jal     func_800FFEBC              
/* 003F8 80953048 24071838 */  addiu   $a3, $zero, 0x1838         ## $a3 = 00001838
/* 003FC 8095304C 1000000C */  beq     $zero, $zero, .L80953080   
/* 00400 80953050 860902A2 */  lh      $t1, 0x02A2($s0)           ## 000002A2
.L80953054:
/* 00404 80953054 961902A0 */  lhu     $t9, 0x02A0($s0)           ## 000002A0
/* 00408 80953058 27183180 */  addiu   $t8, $t8, %lo(func_80953180) ## $t8 = 00003180
/* 0040C 8095305C AE180394 */  sw      $t8, 0x0394($s0)           ## 00000394
/* 00410 80953060 3328FFFB */  andi    $t0, $t9, 0xFFFB           ## $t0 = 00000000
/* 00414 80953064 A60802A0 */  sh      $t0, 0x02A0($s0)           ## 000002A0
/* 00418 80953068 8FA4002C */  lw      $a0, 0x002C($sp)           
/* 0041C 8095306C 0C05464E */  jal     func_80151938              
/* 00420 80953070 240533F6 */  addiu   $a1, $zero, 0x33F6         ## $a1 = 000033F6
/* 00424 80953074 0C254B7F */  jal     func_80952DFC              
/* 00428 80953078 8FA4002C */  lw      $a0, 0x002C($sp)           
/* 0042C 8095307C 860902A2 */  lh      $t1, 0x02A2($s0)           ## 000002A2
.L80953080:
/* 00430 80953080 252A0001 */  addiu   $t2, $t1, 0x0001           ## $t2 = 00000001
/* 00434 80953084 A60A02A2 */  sh      $t2, 0x02A2($s0)           ## 000002A2
/* 00438 80953088 8FBF0024 */  lw      $ra, 0x0024($sp)           
/* 0043C 8095308C 8FB00020 */  lw      $s0, 0x0020($sp)           
/* 00440 80953090 03E00008 */  jr      $ra                        
/* 00444 80953094 27BD0028 */  addiu   $sp, $sp, 0x0028           ## $sp = 00000000


glabel func_80953098
/* 00448 80953098 27BDFFE0 */  addiu   $sp, $sp, 0xFFE0           ## $sp = FFFFFFE0
/* 0044C 8095309C AFBF001C */  sw      $ra, 0x001C($sp)           
/* 00450 809530A0 AFA40020 */  sw      $a0, 0x0020($sp)           
/* 00454 809530A4 0C02E27E */  jal     func_800B89F8              
/* 00458 809530A8 AFA50024 */  sw      $a1, 0x0024($sp)           
/* 0045C 809530AC 8FA40020 */  lw      $a0, 0x0020($sp)           
/* 00460 809530B0 10400015 */  beq     $v0, $zero, .L80953108     
/* 00464 809530B4 8FA50024 */  lw      $a1, 0x0024($sp)           
/* 00468 809530B8 3C01447A */  lui     $at, 0x447A                ## $at = 447A0000
/* 0046C 809530BC 44810000 */  mtc1    $at, $f0                   ## $f0 = 1000.00
/* 00470 809530C0 8C8F0004 */  lw      $t7, 0x0004($a0)           ## 00000004
/* 00474 809530C4 949902A0 */  lhu     $t9, 0x02A0($a0)           ## 000002A0
/* 00478 809530C8 3C0E8095 */  lui     $t6, %hi(func_8095345C)    ## $t6 = 80950000
/* 0047C 809530CC 3C010001 */  lui     $at, 0x0001                ## $at = 00010000
/* 00480 809530D0 25CE345C */  addiu   $t6, $t6, %lo(func_8095345C) ## $t6 = 8095345C
/* 00484 809530D4 01E1C025 */  or      $t8, $t7, $at              ## $t8 = 00010000
/* 00488 809530D8 37280010 */  ori     $t0, $t9, 0x0010           ## $t0 = 00000010
/* 0048C 809530DC AC800120 */  sw      $zero, 0x0120($a0)         ## 00000120
/* 00490 809530E0 AC8E0394 */  sw      $t6, 0x0394($a0)           ## 00000394
/* 00494 809530E4 AC980004 */  sw      $t8, 0x0004($a0)           ## 00000004
/* 00498 809530E8 A48802A0 */  sh      $t0, 0x02A0($a0)           ## 000002A0
/* 0049C 809530EC 2409FFFF */  addiu   $t1, $zero, 0xFFFF         ## $t1 = FFFFFFFF
/* 004A0 809530F0 44060000 */  mfc1    $a2, $f0                   
/* 004A4 809530F4 44070000 */  mfc1    $a3, $f0                   
/* 004A8 809530F8 0C02E140 */  jal     func_800B8500              
/* 004AC 809530FC AFA90010 */  sw      $t1, 0x0010($sp)           
/* 004B0 80953100 1000001C */  beq     $zero, $zero, .L80953174   
/* 004B4 80953104 8FBF001C */  lw      $ra, 0x001C($sp)           
.L80953108:
/* 004B8 80953108 948A02A0 */  lhu     $t2, 0x02A0($a0)           ## 000002A0
/* 004BC 8095310C 3C0C801C */  lui     $t4, 0x801C                ## $t4 = 801C0000
/* 004C0 80953110 3C0D801F */  lui     $t5, 0x801F                ## $t5 = 801F0000
/* 004C4 80953114 354B0008 */  ori     $t3, $t2, 0x0008           ## $t3 = 00000008
/* 004C8 80953118 A48B02A0 */  sh      $t3, 0x02A0($a0)           ## 000002A0
/* 004CC 8095311C 918C20B1 */  lbu     $t4, 0x20B1($t4)           ## 801C20B1
/* 004D0 80953120 24010039 */  addiu   $at, $zero, 0x0039         ## $at = 00000039
/* 004D4 80953124 2406007F */  addiu   $a2, $zero, 0x007F         ## $a2 = 0000007F
/* 004D8 80953128 01AC6821 */  addu    $t5, $t5, $t4              
/* 004DC 8095312C 91ADF6E0 */  lbu     $t5, -0x0920($t5)          ## 801EF6E0
/* 004E0 80953130 3C07461C */  lui     $a3, 0x461C                ## $a3 = 461C0000
/* 004E4 80953134 15A10009 */  bne     $t5, $at, .L8095315C       
/* 004E8 80953138 3C014248 */  lui     $at, 0x4248                ## $at = 42480000
/* 004EC 8095313C 44812000 */  mtc1    $at, $f4                   ## $f4 = 50.00
/* 004F0 80953140 3C07461C */  lui     $a3, 0x461C                ## $a3 = 461C0000
/* 004F4 80953144 34E74000 */  ori     $a3, $a3, 0x4000           ## $a3 = 461C4000
/* 004F8 80953148 24060004 */  addiu   $a2, $zero, 0x0004         ## $a2 = 00000004
/* 004FC 8095314C 0C02E287 */  jal     func_800B8A1C              
/* 00500 80953150 E7A40010 */  swc1    $f4, 0x0010($sp)           
/* 00504 80953154 10000007 */  beq     $zero, $zero, .L80953174   
/* 00508 80953158 8FBF001C */  lw      $ra, 0x001C($sp)           
.L8095315C:
/* 0050C 8095315C 3C014248 */  lui     $at, 0x4248                ## $at = 42480000
/* 00510 80953160 44813000 */  mtc1    $at, $f6                   ## $f6 = 50.00
/* 00514 80953164 34E74000 */  ori     $a3, $a3, 0x4000           ## $a3 = 00004000
/* 00518 80953168 0C02E287 */  jal     func_800B8A1C              
/* 0051C 8095316C E7A60010 */  swc1    $f6, 0x0010($sp)           
/* 00520 80953170 8FBF001C */  lw      $ra, 0x001C($sp)           
.L80953174:
/* 00524 80953174 27BD0020 */  addiu   $sp, $sp, 0x0020           ## $sp = 00000000
/* 00528 80953178 03E00008 */  jr      $ra                        
/* 0052C 8095317C 00000000 */  nop


glabel func_80953180
/* 00530 80953180 27BDFFE0 */  addiu   $sp, $sp, 0xFFE0           ## $sp = FFFFFFE0
/* 00534 80953184 AFB10018 */  sw      $s1, 0x0018($sp)           
/* 00538 80953188 AFB00014 */  sw      $s0, 0x0014($sp)           
/* 0053C 8095318C 00808025 */  or      $s0, $a0, $zero            ## $s0 = 00000000
/* 00540 80953190 00A08825 */  or      $s1, $a1, $zero            ## $s1 = 00000000
/* 00544 80953194 AFBF001C */  sw      $ra, 0x001C($sp)           
/* 00548 80953198 0C054926 */  jal     func_80152498              
/* 0054C 8095319C 26244908 */  addiu   $a0, $s1, 0x4908           ## $a0 = 00004908
/* 00550 809531A0 24010005 */  addiu   $at, $zero, 0x0005         ## $at = 00000005
/* 00554 809531A4 54410042 */  bnel    $v0, $at, .L809532B0       
/* 00558 809531A8 8FBF001C */  lw      $ra, 0x001C($sp)           
/* 0055C 809531AC 0C051D89 */  jal     func_80147624              
/* 00560 809531B0 02202025 */  or      $a0, $s1, $zero            ## $a0 = 00000000
/* 00564 809531B4 1040003D */  beq     $v0, $zero, .L809532AC     
/* 00568 809531B8 3C0E0001 */  lui     $t6, 0x0001                ## $t6 = 00010000
/* 0056C 809531BC 01D17021 */  addu    $t6, $t6, $s1              
/* 00570 809531C0 95CE680C */  lhu     $t6, 0x680C($t6)           ## 0001680C
/* 00574 809531C4 25CFCC0C */  addiu   $t7, $t6, 0xCC0C           ## $t7 = 0000CC0C
/* 00578 809531C8 2DE10006 */  sltiu   $at, $t7, 0x0006           
/* 0057C 809531CC 10200032 */  beq     $at, $zero, .L80953298     
/* 00580 809531D0 000F7880 */  sll     $t7, $t7,  2               
/* 00584 809531D4 3C018095 */  lui     $at, %hi(D_80953950)       ## $at = 80950000
/* 00588 809531D8 002F0821 */  addu    $at, $at, $t7              
/* 0058C 809531DC 8C2F3950 */  lw      $t7, %lo(D_80953950)($at)  
/* 00590 809531E0 01E00008 */  jr      $t7                        
/* 00594 809531E4 00000000 */  nop
.L809531E8:
/* 00598 809531E8 0C051DED */  jal     func_801477B4              
/* 0059C 809531EC 02202025 */  or      $a0, $s1, $zero            ## $a0 = 00000000
/* 005A0 809531F0 3C188095 */  lui     $t8, %hi(func_8095345C)    ## $t8 = 80950000
/* 005A4 809531F4 2718345C */  addiu   $t8, $t8, %lo(func_8095345C) ## $t8 = 8095345C
/* 005A8 809531F8 1000002C */  beq     $zero, $zero, .L809532AC   
/* 005AC 809531FC AE180394 */  sw      $t8, 0x0394($s0)           ## 00000394
.L80953200:
/* 005B0 80953200 8E190004 */  lw      $t9, 0x0004($s0)           ## 00000004
/* 005B4 80953204 3C01FFFE */  lui     $at, 0xFFFE                ## $at = FFFE0000
/* 005B8 80953208 3421FFFF */  ori     $at, $at, 0xFFFF           ## $at = FFFEFFFF
/* 005BC 8095320C 03214024 */  and     $t0, $t9, $at              
/* 005C0 80953210 AE080004 */  sw      $t0, 0x0004($s0)           ## 00000004
/* 005C4 80953214 0C051DED */  jal     func_801477B4              
/* 005C8 80953218 02202025 */  or      $a0, $s1, $zero            ## $a0 = 00000000
/* 005CC 8095321C 3C098095 */  lui     $t1, %hi(func_80953098)    ## $t1 = 80950000
/* 005D0 80953220 25293098 */  addiu   $t1, $t1, %lo(func_80953098) ## $t1 = 80953098
/* 005D4 80953224 AE090394 */  sw      $t1, 0x0394($s0)           ## 00000394
/* 005D8 80953228 02002025 */  or      $a0, $s0, $zero            ## $a0 = 00000000
/* 005DC 8095322C 0C254C26 */  jal     func_80953098              
/* 005E0 80953230 02202825 */  or      $a1, $s1, $zero            ## $a1 = 00000000
/* 005E4 80953234 1000001E */  beq     $zero, $zero, .L809532B0   
/* 005E8 80953238 8FBF001C */  lw      $ra, 0x001C($sp)           
.L8095323C:
/* 005EC 8095323C 8E0A0004 */  lw      $t2, 0x0004($s0)           ## 00000004
/* 005F0 80953240 3C01FFFE */  lui     $at, 0xFFFE                ## $at = FFFE0000
/* 005F4 80953244 3421FFFF */  ori     $at, $at, 0xFFFF           ## $at = FFFEFFFF
/* 005F8 80953248 01415824 */  and     $t3, $t2, $at              
/* 005FC 8095324C AE0B0004 */  sw      $t3, 0x0004($s0)           ## 00000004
/* 00600 80953250 0C051DED */  jal     func_801477B4              
/* 00604 80953254 02202025 */  or      $a0, $s1, $zero            ## $a0 = 00000000
/* 00608 80953258 3C0C8095 */  lui     $t4, %hi(func_8095345C)    ## $t4 = 80950000
/* 0060C 8095325C 258C345C */  addiu   $t4, $t4, %lo(func_8095345C) ## $t4 = 8095345C
/* 00610 80953260 10000012 */  beq     $zero, $zero, .L809532AC   
/* 00614 80953264 AE0C0394 */  sw      $t4, 0x0394($s0)           ## 00000394
.L80953268:
/* 00618 80953268 3C010001 */  lui     $at, 0x0001                ## $at = 00010000
/* 0061C 8095326C 00310821 */  addu    $at, $at, $s1              
/* 00620 80953270 AC206818 */  sw      $zero, 0x6818($at)         ## 00016818
/* 00624 80953274 960E02A0 */  lhu     $t6, 0x02A0($s0)           ## 000002A0
/* 00628 80953278 3C0D8095 */  lui     $t5, %hi(func_80952FE0)    ## $t5 = 80950000
/* 0062C 8095327C 25AD2FE0 */  addiu   $t5, $t5, %lo(func_80952FE0) ## $t5 = 80952FE0
/* 00630 80953280 35CF0004 */  ori     $t7, $t6, 0x0004           ## $t7 = 00000004
/* 00634 80953284 AE0D0394 */  sw      $t5, 0x0394($s0)           ## 00000394
/* 00638 80953288 A60002A2 */  sh      $zero, 0x02A2($s0)         ## 000002A2
/* 0063C 8095328C A6000298 */  sh      $zero, 0x0298($s0)         ## 00000298
/* 00640 80953290 10000006 */  beq     $zero, $zero, .L809532AC   
/* 00644 80953294 A60F02A0 */  sh      $t7, 0x02A0($s0)           ## 000002A0
.L80953298:
/* 00648 80953298 0C051DED */  jal     func_801477B4              
/* 0064C 8095329C 02202025 */  or      $a0, $s1, $zero            ## $a0 = 00000000
/* 00650 809532A0 3C188095 */  lui     $t8, %hi(func_8095345C)    ## $t8 = 80950000
/* 00654 809532A4 2718345C */  addiu   $t8, $t8, %lo(func_8095345C) ## $t8 = 8095345C
/* 00658 809532A8 AE180394 */  sw      $t8, 0x0394($s0)           ## 00000394
.L809532AC:
/* 0065C 809532AC 8FBF001C */  lw      $ra, 0x001C($sp)           
.L809532B0:
/* 00660 809532B0 8FB00014 */  lw      $s0, 0x0014($sp)           
/* 00664 809532B4 8FB10018 */  lw      $s1, 0x0018($sp)           
/* 00668 809532B8 03E00008 */  jr      $ra                        
/* 0066C 809532BC 27BD0020 */  addiu   $sp, $sp, 0x0020           ## $sp = 00000000


glabel func_809532C0
/* 00670 809532C0 AFA40000 */  sw      $a0, 0x0000($sp)           
/* 00674 809532C4 AFA50004 */  sw      $a1, 0x0004($sp)           
/* 00678 809532C8 03E00008 */  jr      $ra                        
/* 0067C 809532CC 00000000 */  nop


glabel func_809532D0
/* 00680 809532D0 848202A2 */  lh      $v0, 0x02A2($a0)           ## 000002A2
/* 00684 809532D4 3C0F0002 */  lui     $t7, 0x0002                ## $t7 = 00020000
/* 00688 809532D8 01E57821 */  addu    $t7, $t7, $a1              
/* 0068C 809532DC 14400003 */  bne     $v0, $zero, .L809532EC     
/* 00690 809532E0 244EFFFF */  addiu   $t6, $v0, 0xFFFF           ## $t6 = FFFFFFFF
/* 00694 809532E4 10000003 */  beq     $zero, $zero, .L809532F4   
/* 00698 809532E8 00001825 */  or      $v1, $zero, $zero          ## $v1 = 00000000
.L809532EC:
/* 0069C 809532EC A48E02A2 */  sh      $t6, 0x02A2($a0)           ## 000002A2
/* 006A0 809532F0 848302A2 */  lh      $v1, 0x02A2($a0)           ## 000002A2
.L809532F4:
/* 006A4 809532F4 14600015 */  bne     $v1, $zero, .L8095334C     
/* 006A8 809532F8 3C02801F */  lui     $v0, 0x801F                ## $v0 = 801F0000
/* 006AC 809532FC 8498001C */  lh      $t8, 0x001C($a0)           ## 0000001C
/* 006B0 80953300 8DEF8860 */  lw      $t7, -0x77A0($t7)          ## 00018860
/* 006B4 80953304 3C010002 */  lui     $at, 0x0002                ## $at = 00020000
/* 006B8 80953308 3319000F */  andi    $t9, $t8, 0x000F           ## $t9 = 00000000
/* 006BC 8095330C 00194040 */  sll     $t0, $t9,  1               
/* 006C0 80953310 01E84821 */  addu    $t1, $t7, $t0              
/* 006C4 80953314 952A0000 */  lhu     $t2, 0x0000($t1)           ## 00000000
/* 006C8 80953318 00250821 */  addu    $at, $at, $a1              
/* 006CC 8095331C 240B0014 */  addiu   $t3, $zero, 0x0014         ## $t3 = 00000014
/* 006D0 80953320 A42A887A */  sh      $t2, -0x7786($at)          ## 0001887A
/* 006D4 80953324 3C010002 */  lui     $at, 0x0002                ## $at = 00020000
/* 006D8 80953328 00250821 */  addu    $at, $at, $a1              
/* 006DC 8095332C 2442F670 */  addiu   $v0, $v0, 0xF670           ## $v0 = 801EF670
/* 006E0 80953330 A02B8875 */  sb      $t3, -0x778B($at)          ## 00018875
/* 006E4 80953334 904C0F11 */  lbu     $t4, 0x0F11($v0)           ## 801F0581
/* 006E8 80953338 3C0E8095 */  lui     $t6, %hi(func_809532C0)    ## $t6 = 80950000
/* 006EC 8095333C 25CE32C0 */  addiu   $t6, $t6, %lo(func_809532C0) ## $t6 = 809532C0
/* 006F0 80953340 358D0008 */  ori     $t5, $t4, 0x0008           ## $t5 = 00000008
/* 006F4 80953344 A04D0F11 */  sb      $t5, 0x0F11($v0)           ## 801F0581
/* 006F8 80953348 AC8E0394 */  sw      $t6, 0x0394($a0)           ## 00000394
.L8095334C:
/* 006FC 8095334C 03E00008 */  jr      $ra                        
/* 00700 80953350 00000000 */  nop


glabel func_80953354
/* 00704 80953354 27BDFFE8 */  addiu   $sp, $sp, 0xFFE8           ## $sp = FFFFFFE8
/* 00708 80953358 AFBF0014 */  sw      $ra, 0x0014($sp)           
/* 0070C 8095335C AFA40018 */  sw      $a0, 0x0018($sp)           
/* 00710 80953360 AFA5001C */  sw      $a1, 0x001C($sp)           
/* 00714 80953364 0C05A433 */  jal     func_801690CC              
/* 00718 80953368 8FA4001C */  lw      $a0, 0x001C($sp)           
/* 0071C 8095336C 14400008 */  bne     $v0, $zero, .L80953390     
/* 00720 80953370 8FA4001C */  lw      $a0, 0x001C($sp)           
/* 00724 80953374 8FA50018 */  lw      $a1, 0x0018($sp)           
/* 00728 80953378 0C02DCA6 */  jal     func_800B7298              
/* 0072C 8095337C 24060007 */  addiu   $a2, $zero, 0x0007         ## $a2 = 00000007
/* 00730 80953380 8FAF0018 */  lw      $t7, 0x0018($sp)           
/* 00734 80953384 3C0E8095 */  lui     $t6, %hi(func_809532D0)    ## $t6 = 80950000
/* 00738 80953388 25CE32D0 */  addiu   $t6, $t6, %lo(func_809532D0) ## $t6 = 809532D0
/* 0073C 8095338C ADEE0394 */  sw      $t6, 0x0394($t7)           ## 00000394
.L80953390:
/* 00740 80953390 8FBF0014 */  lw      $ra, 0x0014($sp)           
/* 00744 80953394 27BD0018 */  addiu   $sp, $sp, 0x0018           ## $sp = 00000000
/* 00748 80953398 03E00008 */  jr      $ra                        
/* 0074C 8095339C 00000000 */  nop


glabel func_809533A0
/* 00750 809533A0 27BDFFE0 */  addiu   $sp, $sp, 0xFFE0           ## $sp = FFFFFFE0
/* 00754 809533A4 AFBF0014 */  sw      $ra, 0x0014($sp)           
/* 00758 809533A8 00803025 */  or      $a2, $a0, $zero            ## $a2 = 00000000
/* 0075C 809533AC 00A03825 */  or      $a3, $a1, $zero            ## $a3 = 00000000
/* 00760 809533B0 3C0E0002 */  lui     $t6, 0x0002                ## $t6 = 00020000
/* 00764 809533B4 01C77021 */  addu    $t6, $t6, $a3              
/* 00768 809533B8 91CE8B48 */  lbu     $t6, -0x74B8($t6)          ## 00018B48
/* 0076C 809533BC 24010001 */  addiu   $at, $zero, 0x0001         ## $at = 00000001
/* 00770 809533C0 00E02025 */  or      $a0, $a3, $zero            ## $a0 = 00000000
/* 00774 809533C4 55C10009 */  bnel    $t6, $at, .L809533EC       
/* 00778 809533C8 94C202A0 */  lhu     $v0, 0x02A0($a2)           ## 000002A0
/* 0077C 809533CC 94C202A0 */  lhu     $v0, 0x02A0($a2)           ## 000002A0
/* 00780 809533D0 240533F7 */  addiu   $a1, $zero, 0x33F7         ## $a1 = 000033F7
/* 00784 809533D4 304F0020 */  andi    $t7, $v0, 0x0020           ## $t7 = 00000000
/* 00788 809533D8 15E00003 */  bne     $t7, $zero, .L809533E8     
/* 0078C 809533DC 34580020 */  ori     $t8, $v0, 0x0020           ## $t8 = 00000020
/* 00790 809533E0 10000010 */  beq     $zero, $zero, .L80953424   
/* 00794 809533E4 A4D802A0 */  sh      $t8, 0x02A0($a2)           ## 000002A0
.L809533E8:
/* 00798 809533E8 94C202A0 */  lhu     $v0, 0x02A0($a2)           ## 000002A0
.L809533EC:
/* 0079C 809533EC 240533F9 */  addiu   $a1, $zero, 0x33F9         ## $a1 = 000033F9
/* 007A0 809533F0 3C09801F */  lui     $t1, 0x801F                ## $t1 = 801F0000
/* 007A4 809533F4 30590010 */  andi    $t9, $v0, 0x0010           ## $t9 = 00000000
/* 007A8 809533F8 13200003 */  beq     $t9, $zero, .L80953408     
/* 007AC 809533FC 3048FFEF */  andi    $t0, $v0, 0xFFEF           ## $t0 = 00000000
/* 007B0 80953400 10000008 */  beq     $zero, $zero, .L80953424   
/* 007B4 80953404 A4C802A0 */  sh      $t0, 0x02A0($a2)           ## 000002A0
.L80953408:
/* 007B8 80953408 91290581 */  lbu     $t1, 0x0581($t1)           ## 801F0581
/* 007BC 8095340C 240533F5 */  addiu   $a1, $zero, 0x33F5         ## $a1 = 000033F5
/* 007C0 80953410 312A0008 */  andi    $t2, $t1, 0x0008           ## $t2 = 00000000
/* 007C4 80953414 11400003 */  beq     $t2, $zero, .L80953424     
/* 007C8 80953418 00000000 */  nop
/* 007CC 8095341C 10000001 */  beq     $zero, $zero, .L80953424   
/* 007D0 80953420 240533F4 */  addiu   $a1, $zero, 0x33F4         ## $a1 = 000033F4
.L80953424:
/* 007D4 80953424 A7A5001E */  sh      $a1, 0x001E($sp)           
/* 007D8 80953428 0C05462C */  jal     func_801518B0              
/* 007DC 8095342C AFA70024 */  sw      $a3, 0x0024($sp)           
/* 007E0 80953430 97A5001E */  lhu     $a1, 0x001E($sp)           
/* 007E4 80953434 240133F4 */  addiu   $at, $zero, 0x33F4         ## $at = 000033F4
/* 007E8 80953438 8FA70024 */  lw      $a3, 0x0024($sp)           
/* 007EC 8095343C 54A10004 */  bnel    $a1, $at, .L80953450       
/* 007F0 80953440 8FBF0014 */  lw      $ra, 0x0014($sp)           
/* 007F4 80953444 0C254B7F */  jal     func_80952DFC              
/* 007F8 80953448 00E02025 */  or      $a0, $a3, $zero            ## $a0 = 00000000
/* 007FC 8095344C 8FBF0014 */  lw      $ra, 0x0014($sp)           
.L80953450:
/* 00800 80953450 27BD0020 */  addiu   $sp, $sp, 0x0020           ## $sp = 00000000
/* 00804 80953454 03E00008 */  jr      $ra                        
/* 00808 80953458 00000000 */  nop


glabel func_8095345C
/* 0080C 8095345C 27BDFFD8 */  addiu   $sp, $sp, 0xFFD8           ## $sp = FFFFFFD8
/* 00810 80953460 AFB10020 */  sw      $s1, 0x0020($sp)           
/* 00814 80953464 AFB0001C */  sw      $s0, 0x001C($sp)           
/* 00818 80953468 00808025 */  or      $s0, $a0, $zero            ## $s0 = 00000000
/* 0081C 8095346C 00A08825 */  or      $s1, $a1, $zero            ## $s1 = 00000000
/* 00820 80953470 AFBF0024 */  sw      $ra, 0x0024($sp)           
/* 00824 80953474 02002025 */  or      $a0, $s0, $zero            ## $a0 = 00000000
/* 00828 80953478 0C02E134 */  jal     func_800B84D0              
/* 0082C 8095347C 02202825 */  or      $a1, $s1, $zero            ## $a1 = 00000000
/* 00830 80953480 10400010 */  beq     $v0, $zero, .L809534C4     
/* 00834 80953484 3C0E8095 */  lui     $t6, %hi(func_80953180)    ## $t6 = 80950000
/* 00838 80953488 25CE3180 */  addiu   $t6, $t6, %lo(func_80953180) ## $t6 = 80953180
/* 0083C 8095348C AE0E0394 */  sw      $t6, 0x0394($s0)           ## 00000394
/* 00840 80953490 02002025 */  or      $a0, $s0, $zero            ## $a0 = 00000000
/* 00844 80953494 0C254CE8 */  jal     func_809533A0              
/* 00848 80953498 02202825 */  or      $a1, $s1, $zero            ## $a1 = 00000000
/* 0084C 8095349C 960F02A0 */  lhu     $t7, 0x02A0($s0)           ## 000002A0
/* 00850 809534A0 31F80008 */  andi    $t8, $t7, 0x0008           ## $t8 = 00000000
/* 00854 809534A4 53000039 */  beql    $t8, $zero, .L8095358C     
/* 00858 809534A8 8FBF0024 */  lw      $ra, 0x0024($sp)           
/* 0085C 809534AC 0C254B7F */  jal     func_80952DFC              
/* 00860 809534B0 02202025 */  or      $a0, $s1, $zero            ## $a0 = 00000000
/* 00864 809534B4 961902A0 */  lhu     $t9, 0x02A0($s0)           ## 000002A0
/* 00868 809534B8 3328FFF7 */  andi    $t0, $t9, 0xFFF7           ## $t0 = 00000000
/* 0086C 809534BC 10000032 */  beq     $zero, $zero, .L80953588   
/* 00870 809534C0 A60802A0 */  sh      $t0, 0x02A0($s0)           ## 000002A0
.L809534C4:
/* 00874 809534C4 86090014 */  lh      $t1, 0x0014($s0)           ## 00000014
/* 00878 809534C8 3C0A8095 */  lui     $t2, %hi(func_80953354)    ## $t2 = 80950000
/* 0087C 809534CC 254A3354 */  addiu   $t2, $t2, %lo(func_80953354) ## $t2 = 80953354
/* 00880 809534D0 29210014 */  slti    $at, $t1, 0x0014           
/* 00884 809534D4 14200004 */  bne     $at, $zero, .L809534E8     
/* 00888 809534D8 240B0028 */  addiu   $t3, $zero, 0x0028         ## $t3 = 00000028
/* 0088C 809534DC AE0A0394 */  sw      $t2, 0x0394($s0)           ## 00000394
/* 00890 809534E0 10000029 */  beq     $zero, $zero, .L80953588   
/* 00894 809534E4 A60B02A2 */  sh      $t3, 0x02A2($s0)           ## 000002A2
.L809534E8:
/* 00898 809534E8 8E0C0004 */  lw      $t4, 0x0004($s0)           ## 00000004
/* 0089C 809534EC 3C020001 */  lui     $v0, 0x0001                ## $v0 = 00010000
/* 008A0 809534F0 02002025 */  or      $a0, $s0, $zero            ## $a0 = 00000000
/* 008A4 809534F4 01826824 */  and     $t5, $t4, $v0              
/* 008A8 809534F8 144D000D */  bne     $v0, $t5, .L80953530       
/* 008AC 809534FC 3C0142F0 */  lui     $at, 0x42F0                ## $at = 42F00000
/* 008B0 80953500 3C01447A */  lui     $at, 0x447A                ## $at = 447A0000
/* 008B4 80953504 44810000 */  mtc1    $at, $f0                   ## $f0 = 1000.00
/* 008B8 80953508 240EFFFF */  addiu   $t6, $zero, 0xFFFF         ## $t6 = FFFFFFFF
/* 008BC 8095350C AFAE0010 */  sw      $t6, 0x0010($sp)           
/* 008C0 80953510 44060000 */  mfc1    $a2, $f0                   
/* 008C4 80953514 44070000 */  mfc1    $a3, $f0                   
/* 008C8 80953518 0C02E140 */  jal     func_800B8500              
/* 008CC 8095351C 02202825 */  or      $a1, $s1, $zero            ## $a1 = 00000000
/* 008D0 80953520 960F02A0 */  lhu     $t7, 0x02A0($s0)           ## 000002A0
/* 008D4 80953524 35F80001 */  ori     $t8, $t7, 0x0001           ## $t8 = 00000001
/* 008D8 80953528 10000017 */  beq     $zero, $zero, .L80953588   
/* 008DC 8095352C A61802A0 */  sh      $t8, 0x02A0($s0)           ## 000002A0
.L80953530:
/* 008E0 80953530 C6040098 */  lwc1    $f4, 0x0098($s0)           ## 00000098
/* 008E4 80953534 44813000 */  mtc1    $at, $f6                   ## $f6 = 0.00
/* 008E8 80953538 02002025 */  or      $a0, $s0, $zero            ## $a0 = 00000000
/* 008EC 8095353C 24052000 */  addiu   $a1, $zero, 0x2000         ## $a1 = 00002000
/* 008F0 80953540 4606203C */  c.lt.s  $f4, $f6                   
/* 008F4 80953544 00000000 */  nop
/* 008F8 80953548 4502000D */  bc1fl   .L80953580                 
/* 008FC 8095354C 960902A0 */  lhu     $t1, 0x02A0($s0)           ## 000002A0
/* 00900 80953550 0C02DCC8 */  jal     func_800B7320              
/* 00904 80953554 02203025 */  or      $a2, $s1, $zero            ## $a2 = 00000000
/* 00908 80953558 10400008 */  beq     $v0, $zero, .L8095357C     
/* 0090C 8095355C 02002025 */  or      $a0, $s0, $zero            ## $a0 = 00000000
/* 00910 80953560 02202825 */  or      $a1, $s1, $zero            ## $a1 = 00000000
/* 00914 80953564 0C02E185 */  jal     func_800B8614              
/* 00918 80953568 3C064302 */  lui     $a2, 0x4302                ## $a2 = 43020000
/* 0091C 8095356C 961902A0 */  lhu     $t9, 0x02A0($s0)           ## 000002A0
/* 00920 80953570 37280001 */  ori     $t0, $t9, 0x0001           ## $t0 = 00000001
/* 00924 80953574 10000004 */  beq     $zero, $zero, .L80953588   
/* 00928 80953578 A60802A0 */  sh      $t0, 0x02A0($s0)           ## 000002A0
.L8095357C:
/* 0092C 8095357C 960902A0 */  lhu     $t1, 0x02A0($s0)           ## 000002A0
.L80953580:
/* 00930 80953580 312AFFFE */  andi    $t2, $t1, 0xFFFE           ## $t2 = 00000000
/* 00934 80953584 A60A02A0 */  sh      $t2, 0x02A0($s0)           ## 000002A0
.L80953588:
/* 00938 80953588 8FBF0024 */  lw      $ra, 0x0024($sp)           
.L8095358C:
/* 0093C 8095358C 8FB0001C */  lw      $s0, 0x001C($sp)           
/* 00940 80953590 8FB10020 */  lw      $s1, 0x0020($sp)           
/* 00944 80953594 03E00008 */  jr      $ra                        
/* 00948 80953598 27BD0028 */  addiu   $sp, $sp, 0x0028           ## $sp = 00000000


glabel func_8095359C
/* 0094C 8095359C 27BDFFC0 */  addiu   $sp, $sp, 0xFFC0           ## $sp = FFFFFFC0
/* 00950 809535A0 AFB00028 */  sw      $s0, 0x0028($sp)           
/* 00954 809535A4 00808025 */  or      $s0, $a0, $zero            ## $s0 = 00000000
/* 00958 809535A8 AFBF002C */  sw      $ra, 0x002C($sp)           
/* 0095C 809535AC AFA50044 */  sw      $a1, 0x0044($sp)           
/* 00960 809535B0 26060144 */  addiu   $a2, $s0, 0x0144           ## $a2 = 00000144
/* 00964 809535B4 00C02825 */  or      $a1, $a2, $zero            ## $a1 = 00000144
/* 00968 809535B8 AFA60034 */  sw      $a2, 0x0034($sp)           
/* 0096C 809535BC 0C039F7E */  jal     func_800E7DF8              
/* 00970 809535C0 02002025 */  or      $a0, $s0, $zero            ## $a0 = 00000000
/* 00974 809535C4 8FA40044 */  lw      $a0, 0x0044($sp)           
/* 00978 809535C8 3C010001 */  lui     $at, 0x0001                ## $at = 00010000
/* 0097C 809535CC 34218884 */  ori     $at, $at, 0x8884           ## $at = 00018884
/* 00980 809535D0 8FA60034 */  lw      $a2, 0x0034($sp)           
/* 00984 809535D4 0C038A4A */  jal     func_800E2928              
/* 00988 809535D8 00812821 */  addu    $a1, $a0, $at              
/* 0098C 809535DC 0C02DAA2 */  jal     func_800B6A88              
/* 00990 809535E0 02002025 */  or      $a0, $s0, $zero            ## $a0 = 00000000
/* 00994 809535E4 44800000 */  mtc1    $zero, $f0                 ## $f0 = 0.00
/* 00998 809535E8 240E0004 */  addiu   $t6, $zero, 0x0004         ## $t6 = 00000004
/* 0099C 809535EC AFAE0014 */  sw      $t6, 0x0014($sp)           
/* 009A0 809535F0 44060000 */  mfc1    $a2, $f0                   
/* 009A4 809535F4 44070000 */  mfc1    $a3, $f0                   
/* 009A8 809535F8 8FA40044 */  lw      $a0, 0x0044($sp)           
/* 009AC 809535FC 02002825 */  or      $a1, $s0, $zero            ## $a1 = 00000000
/* 009B0 80953600 0C02DE2E */  jal     func_800B78B8              
/* 009B4 80953604 E7A00010 */  swc1    $f0, 0x0010($sp)           
/* 009B8 80953608 0C04DB34 */  jal     func_80136CD0              
/* 009BC 8095360C 26040190 */  addiu   $a0, $s0, 0x0190           ## $a0 = 00000190
/* 009C0 80953610 50400005 */  beql    $v0, $zero, .L80953628     
/* 009C4 80953614 8E190394 */  lw      $t9, 0x0394($s0)           ## 00000394
/* 009C8 80953618 44802000 */  mtc1    $zero, $f4                 ## $f4 = 0.00
/* 009CC 8095361C 00000000 */  nop
/* 009D0 80953620 E60401A8 */  swc1    $f4, 0x01A8($s0)           ## 000001A8
/* 009D4 80953624 8E190394 */  lw      $t9, 0x0394($s0)           ## 00000394
.L80953628:
/* 009D8 80953628 02002025 */  or      $a0, $s0, $zero            ## $a0 = 00000000
/* 009DC 8095362C 8FA50044 */  lw      $a1, 0x0044($sp)           
/* 009E0 80953630 0320F809 */  jalr    $ra, $t9                   
/* 009E4 80953634 00000000 */  nop
/* 009E8 80953638 02002025 */  or      $a0, $s0, $zero            ## $a0 = 00000000
/* 009EC 8095363C 0C254BC0 */  jal     func_80952F00              
/* 009F0 80953640 8FA50044 */  lw      $a1, 0x0044($sp)           
/* 009F4 80953644 960202A0 */  lhu     $v0, 0x02A0($s0)           ## 000002A0
/* 009F8 80953648 26040294 */  addiu   $a0, $s0, 0x0294           ## $a0 = 00000294
/* 009FC 8095364C 00002825 */  or      $a1, $zero, $zero          ## $a1 = 00000000
/* 00A00 80953650 304F0004 */  andi    $t7, $v0, 0x0004           ## $t7 = 00000000
/* 00A04 80953654 11E00016 */  beq     $t7, $zero, .L809536B0     
/* 00A08 80953658 304A0001 */  andi    $t2, $v0, 0x0001           ## $t2 = 00000000
/* 00A0C 8095365C 24180064 */  addiu   $t8, $zero, 0x0064         ## $t8 = 00000064
/* 00A10 80953660 AFB80010 */  sw      $t8, 0x0010($sp)           
/* 00A14 80953664 24060006 */  addiu   $a2, $zero, 0x0006         ## $a2 = 00000006
/* 00A18 80953668 0C03FFAF */  jal     func_800FFEBC              
/* 00A1C 8095366C 24071838 */  addiu   $a3, $zero, 0x1838         ## $a3 = 00001838
/* 00A20 80953670 24080064 */  addiu   $t0, $zero, 0x0064         ## $t0 = 00000064
/* 00A24 80953674 AFA80010 */  sw      $t0, 0x0010($sp)           
/* 00A28 80953678 2604029A */  addiu   $a0, $s0, 0x029A           ## $a0 = 0000029A
/* 00A2C 8095367C 00002825 */  or      $a1, $zero, $zero          ## $a1 = 00000000
/* 00A30 80953680 24060006 */  addiu   $a2, $zero, 0x0006         ## $a2 = 00000006
/* 00A34 80953684 0C03FFAF */  jal     func_800FFEBC              
/* 00A38 80953688 24071838 */  addiu   $a3, $zero, 0x1838         ## $a3 = 00001838
/* 00A3C 8095368C 24090064 */  addiu   $t1, $zero, 0x0064         ## $t1 = 00000064
/* 00A40 80953690 AFA90010 */  sw      $t1, 0x0010($sp)           
/* 00A44 80953694 2604029C */  addiu   $a0, $s0, 0x029C           ## $a0 = 0000029C
/* 00A48 80953698 00002825 */  or      $a1, $zero, $zero          ## $a1 = 00000000
/* 00A4C 8095369C 24060006 */  addiu   $a2, $zero, 0x0006         ## $a2 = 00000006
/* 00A50 809536A0 0C03FFAF */  jal     func_800FFEBC              
/* 00A54 809536A4 24071838 */  addiu   $a3, $zero, 0x1838         ## $a3 = 00001838
/* 00A58 809536A8 1000002C */  beq     $zero, $zero, .L8095375C   
/* 00A5C 809536AC 8FBF002C */  lw      $ra, 0x002C($sp)           
.L809536B0:
/* 00A60 809536B0 1140000E */  beq     $t2, $zero, .L809536EC     
/* 00A64 809536B4 26040294 */  addiu   $a0, $s0, 0x0294           ## $a0 = 00000294
/* 00A68 809536B8 8E0C003C */  lw      $t4, 0x003C($s0)           ## 0000003C
/* 00A6C 809536BC 8FA40044 */  lw      $a0, 0x0044($sp)           
/* 00A70 809536C0 02002825 */  or      $a1, $s0, $zero            ## $a1 = 00000000
/* 00A74 809536C4 AFAC0010 */  sw      $t4, 0x0010($sp)           
/* 00A78 809536C8 8E0B0040 */  lw      $t3, 0x0040($s0)           ## 00000040
/* 00A7C 809536CC 26060294 */  addiu   $a2, $s0, 0x0294           ## $a2 = 00000294
/* 00A80 809536D0 2607029A */  addiu   $a3, $s0, 0x029A           ## $a3 = 0000029A
/* 00A84 809536D4 AFAB0014 */  sw      $t3, 0x0014($sp)           
/* 00A88 809536D8 8E0C0044 */  lw      $t4, 0x0044($s0)           ## 00000044
/* 00A8C 809536DC 0C03A494 */  jal     func_800E9250              
/* 00A90 809536E0 AFAC0018 */  sw      $t4, 0x0018($sp)           
/* 00A94 809536E4 1000001D */  beq     $zero, $zero, .L8095375C   
/* 00A98 809536E8 8FBF002C */  lw      $ra, 0x002C($sp)           
.L809536EC:
/* 00A9C 809536EC 240D0064 */  addiu   $t5, $zero, 0x0064         ## $t5 = 00000064
/* 00AA0 809536F0 AFAD0010 */  sw      $t5, 0x0010($sp)           
/* 00AA4 809536F4 24053200 */  addiu   $a1, $zero, 0x3200         ## $a1 = 00003200
/* 00AA8 809536F8 24060006 */  addiu   $a2, $zero, 0x0006         ## $a2 = 00000006
/* 00AAC 809536FC 0C03FFAF */  jal     func_800FFEBC              
/* 00AB0 80953700 24071838 */  addiu   $a3, $zero, 0x1838         ## $a3 = 00001838
/* 00AB4 80953704 240E0064 */  addiu   $t6, $zero, 0x0064         ## $t6 = 00000064
/* 00AB8 80953708 AFAE0010 */  sw      $t6, 0x0010($sp)           
/* 00ABC 8095370C 26040296 */  addiu   $a0, $s0, 0x0296           ## $a0 = 00000296
/* 00AC0 80953710 00002825 */  or      $a1, $zero, $zero          ## $a1 = 00000000
/* 00AC4 80953714 24060006 */  addiu   $a2, $zero, 0x0006         ## $a2 = 00000006
/* 00AC8 80953718 0C03FFAF */  jal     func_800FFEBC              
/* 00ACC 8095371C 24071838 */  addiu   $a3, $zero, 0x1838         ## $a3 = 00001838
/* 00AD0 80953720 24190064 */  addiu   $t9, $zero, 0x0064         ## $t9 = 00000064
/* 00AD4 80953724 AFB90010 */  sw      $t9, 0x0010($sp)           
/* 00AD8 80953728 2604029A */  addiu   $a0, $s0, 0x029A           ## $a0 = 0000029A
/* 00ADC 8095372C 00002825 */  or      $a1, $zero, $zero          ## $a1 = 00000000
/* 00AE0 80953730 24060006 */  addiu   $a2, $zero, 0x0006         ## $a2 = 00000006
/* 00AE4 80953734 0C03FFAF */  jal     func_800FFEBC              
/* 00AE8 80953738 24071838 */  addiu   $a3, $zero, 0x1838         ## $a3 = 00001838
/* 00AEC 8095373C 240F0064 */  addiu   $t7, $zero, 0x0064         ## $t7 = 00000064
/* 00AF0 80953740 AFAF0010 */  sw      $t7, 0x0010($sp)           
/* 00AF4 80953744 2604029C */  addiu   $a0, $s0, 0x029C           ## $a0 = 0000029C
/* 00AF8 80953748 00002825 */  or      $a1, $zero, $zero          ## $a1 = 00000000
/* 00AFC 8095374C 24060006 */  addiu   $a2, $zero, 0x0006         ## $a2 = 00000006
/* 00B00 80953750 0C03FFAF */  jal     func_800FFEBC              
/* 00B04 80953754 24071838 */  addiu   $a3, $zero, 0x1838         ## $a3 = 00001838
/* 00B08 80953758 8FBF002C */  lw      $ra, 0x002C($sp)           
.L8095375C:
/* 00B0C 8095375C 8FB00028 */  lw      $s0, 0x0028($sp)           
/* 00B10 80953760 27BD0040 */  addiu   $sp, $sp, 0x0040           ## $sp = 00000000
/* 00B14 80953764 03E00008 */  jr      $ra                        
/* 00B18 80953768 00000000 */  nop


glabel func_8095376C
/* 00B1C 8095376C AFA40000 */  sw      $a0, 0x0000($sp)           
/* 00B20 80953770 AFA7000C */  sw      $a3, 0x000C($sp)           
/* 00B24 80953774 24AEFFF7 */  addiu   $t6, $a1, 0xFFF7           ## $t6 = FFFFFFF7
/* 00B28 80953778 2DC10005 */  sltiu   $at, $t6, 0x0005           
/* 00B2C 8095377C 1020002F */  beq     $at, $zero, .L8095383C     
/* 00B30 80953780 000E7080 */  sll     $t6, $t6,  2               
/* 00B34 80953784 3C018095 */  lui     $at, %hi(D_80953968)       ## $at = 80950000
/* 00B38 80953788 002E0821 */  addu    $at, $at, $t6              
/* 00B3C 8095378C 8C2E3968 */  lw      $t6, %lo(D_80953968)($at)  
/* 00B40 80953790 01C00008 */  jr      $t6                        
/* 00B44 80953794 00000000 */  nop
.L80953798:
/* 00B48 80953798 8FA20014 */  lw      $v0, 0x0014($sp)           
/* 00B4C 8095379C 8FA30010 */  lw      $v1, 0x0010($sp)           
/* 00B50 809537A0 84580296 */  lh      $t8, 0x0296($v0)           ## 00000296
/* 00B54 809537A4 846F0000 */  lh      $t7, 0x0000($v1)           ## 00000000
/* 00B58 809537A8 84680004 */  lh      $t0, 0x0004($v1)           ## 00000004
/* 00B5C 809537AC 01F8C821 */  addu    $t9, $t7, $t8              
/* 00B60 809537B0 A4790000 */  sh      $t9, 0x0000($v1)           ## 00000000
/* 00B64 809537B4 84490294 */  lh      $t1, 0x0294($v0)           ## 00000294
/* 00B68 809537B8 01095021 */  addu    $t2, $t0, $t1              
/* 00B6C 809537BC 1000001F */  beq     $zero, $zero, .L8095383C   
/* 00B70 809537C0 A46A0004 */  sh      $t2, 0x0004($v1)           ## 00000004
.L809537C4:
/* 00B74 809537C4 8FA20014 */  lw      $v0, 0x0014($sp)           
/* 00B78 809537C8 8FA30010 */  lw      $v1, 0x0010($sp)           
/* 00B7C 809537CC 844C0296 */  lh      $t4, 0x0296($v0)           ## 00000296
/* 00B80 809537D0 846B0000 */  lh      $t3, 0x0000($v1)           ## 00000000
/* 00B84 809537D4 846E0004 */  lh      $t6, 0x0004($v1)           ## 00000004
/* 00B88 809537D8 016C6821 */  addu    $t5, $t3, $t4              
/* 00B8C 809537DC A46D0000 */  sh      $t5, 0x0000($v1)           ## 00000000
/* 00B90 809537E0 844F0294 */  lh      $t7, 0x0294($v0)           ## 00000294
/* 00B94 809537E4 01CFC021 */  addu    $t8, $t6, $t7              
/* 00B98 809537E8 10000014 */  beq     $zero, $zero, .L8095383C   
/* 00B9C 809537EC A4780004 */  sh      $t8, 0x0004($v1)           ## 00000004
.L809537F0:
/* 00BA0 809537F0 ACC00000 */  sw      $zero, 0x0000($a2)         ## 00000000
/* 00BA4 809537F4 03E00008 */  jr      $ra                        
/* 00BA8 809537F8 00001025 */  or      $v0, $zero, $zero          ## $v0 = 00000000


glabel func_809537FC
/* 00BAC 809537FC 8FA20014 */  lw      $v0, 0x0014($sp)           
/* 00BB0 80953800 24010001 */  addiu   $at, $zero, 0x0001         ## $at = 00000001
/* 00BB4 80953804 8459001C */  lh      $t9, 0x001C($v0)           ## 0000001C
/* 00BB8 80953808 00001025 */  or      $v0, $zero, $zero          ## $v0 = 00000000
/* 00BBC 8095380C 5721000C */  bnel    $t9, $at, .L80953840       
/* 00BC0 80953810 00001025 */  or      $v0, $zero, $zero          ## $v0 = 00000000
/* 00BC4 80953814 03E00008 */  jr      $ra                        
/* 00BC8 80953818 ACC00000 */  sw      $zero, 0x0000($a2)         ## 00000000


glabel func_8095381C
/* 00BCC 8095381C 8FA20014 */  lw      $v0, 0x0014($sp)           
/* 00BD0 80953820 24010001 */  addiu   $at, $zero, 0x0001         ## $at = 00000001
/* 00BD4 80953824 8448001C */  lh      $t0, 0x001C($v0)           ## 0000001C
/* 00BD8 80953828 00001025 */  or      $v0, $zero, $zero          ## $v0 = 00000000
/* 00BDC 8095382C 55010004 */  bnel    $t0, $at, .L80953840       
/* 00BE0 80953830 00001025 */  or      $v0, $zero, $zero          ## $v0 = 00000000
/* 00BE4 80953834 03E00008 */  jr      $ra                        
/* 00BE8 80953838 ACC00000 */  sw      $zero, 0x0000($a2)         ## 00000000
.L8095383C:
/* 00BEC 8095383C 00001025 */  or      $v0, $zero, $zero          ## $v0 = 00000000
.L80953840:
/* 00BF0 80953840 03E00008 */  jr      $ra                        
/* 00BF4 80953844 00000000 */  nop


glabel func_80953848
/* 00BF8 80953848 27BDFFE8 */  addiu   $sp, $sp, 0xFFE8           ## $sp = FFFFFFE8
/* 00BFC 8095384C AFBF0014 */  sw      $ra, 0x0014($sp)           
/* 00C00 80953850 AFA40018 */  sw      $a0, 0x0018($sp)           
/* 00C04 80953854 AFA60020 */  sw      $a2, 0x0020($sp)           
/* 00C08 80953858 AFA70024 */  sw      $a3, 0x0024($sp)           
/* 00C0C 8095385C 24010009 */  addiu   $at, $zero, 0x0009         ## $at = 00000009
/* 00C10 80953860 14A10005 */  bne     $a1, $at, .L80953878       
/* 00C14 80953864 3C048095 */  lui     $a0, %hi(D_8095393C)       ## $a0 = 80950000
/* 00C18 80953868 8FA50028 */  lw      $a1, 0x0028($sp)           
/* 00C1C 8095386C 2484393C */  addiu   $a0, $a0, %lo(D_8095393C)  ## $a0 = 8095393C
/* 00C20 80953870 0C0606A6 */  jal     func_80181A98              
/* 00C24 80953874 24A5003C */  addiu   $a1, $a1, 0x003C           ## $a1 = 0000003C
.L80953878:
/* 00C28 80953878 8FBF0014 */  lw      $ra, 0x0014($sp)           
/* 00C2C 8095387C 27BD0018 */  addiu   $sp, $sp, 0x0018           ## $sp = 00000000
/* 00C30 80953880 03E00008 */  jr      $ra                        
/* 00C34 80953884 00000000 */  nop


glabel func_80953888
/* 00C38 80953888 27BDFFD8 */  addiu   $sp, $sp, 0xFFD8           ## $sp = FFFFFFD8
/* 00C3C 8095388C AFBF0024 */  sw      $ra, 0x0024($sp)           
/* 00C40 80953890 AFA40028 */  sw      $a0, 0x0028($sp)           
/* 00C44 80953894 AFA5002C */  sw      $a1, 0x002C($sp)           
/* 00C48 80953898 8FAE002C */  lw      $t6, 0x002C($sp)           
/* 00C4C 8095389C 0C04B16C */  jal     func_8012C5B0              
/* 00C50 809538A0 8DC40000 */  lw      $a0, 0x0000($t6)           ## 00000000
/* 00C54 809538A4 8FA20028 */  lw      $v0, 0x0028($sp)           
/* 00C58 809538A8 3C0F8095 */  lui     $t7, %hi(func_8095376C)    ## $t7 = 80950000
/* 00C5C 809538AC 3C188095 */  lui     $t8, %hi(func_80953848)    ## $t8 = 80950000
/* 00C60 809538B0 8C450194 */  lw      $a1, 0x0194($v0)           ## 00000194
/* 00C64 809538B4 8C4601B0 */  lw      $a2, 0x01B0($v0)           ## 000001B0
/* 00C68 809538B8 90470192 */  lbu     $a3, 0x0192($v0)           ## 00000192
/* 00C6C 809538BC 27183848 */  addiu   $t8, $t8, %lo(func_80953848) ## $t8 = 80953848
/* 00C70 809538C0 25EF376C */  addiu   $t7, $t7, %lo(func_8095376C) ## $t7 = 8095376C
/* 00C74 809538C4 AFAF0010 */  sw      $t7, 0x0010($sp)           
/* 00C78 809538C8 AFB80014 */  sw      $t8, 0x0014($sp)           
/* 00C7C 809538CC 8FA4002C */  lw      $a0, 0x002C($sp)           
/* 00C80 809538D0 0C04CFCA */  jal     func_80133F28              
/* 00C84 809538D4 AFA20018 */  sw      $v0, 0x0018($sp)           
/* 00C88 809538D8 8FBF0024 */  lw      $ra, 0x0024($sp)           
/* 00C8C 809538DC 27BD0028 */  addiu   $sp, $sp, 0x0028           ## $sp = 00000000
/* 00C90 809538E0 03E00008 */  jr      $ra                        
/* 00C94 809538E4 00000000 */  nop
/* 00C98 809538E8 00000000 */  nop
/* 00C9C 809538EC 00000000 */  nop

.section .data

D_809538F0: .word 0x00A60400, 0x00000019, 0x00F50000, 0x00000398
.word func_80952CC8
.word func_80952DD0
.word func_8095359C
.word func_80953888
D_80953910: .word \
0x0A001139, 0x10010000, 0x00000000, 0x00000000, \
0x00000000, 0xF7CFFFFF, 0x00000000, 0x00010100, \
0x00280028, 0x00000000, 0x00000000
D_8095393C: .word \
0x43960000, 0x447A0000, 0x00000000, 0x00000000, \
0x00000000

.section .rodata

D_80953950: .word .L809531E8
.word .L80953268
.word .L809531E8
.word .L80953200
.word .L80953298
.word .L8095323C
D_80953968: .word .L80953798
.word .L809537C4
.word .L809537F0
.word func_809537FC
.word func_8095381C
.word 0x00000000


.section .rodata
D_80953980:
.incbin "baserom/En_Hs", 0xD30, 0x00000110
