.include "macro.inc"

# assembler directives
.set noat      # allow manual use of $at
.set noreorder # don't insert nops after branches
.set gp=64     # allow use of 64-bit general purpose registers

.section .text
glabel func_80C1FCF0
/* 00000 80C1FCF0 27BDFFC0 */  addiu   $sp, $sp, 0xFFC0           ## $sp = FFFFFFC0
/* 00004 80C1FCF4 AFB00028 */  sw      $s0, 0x0028($sp)           
/* 00008 80C1FCF8 00808025 */  or      $s0, $a0, $zero            ## $s0 = 00000000
/* 0000C 80C1FCFC AFBF002C */  sw      $ra, 0x002C($sp)           
/* 00010 80C1FD00 AFA50044 */  sw      $a1, 0x0044($sp)           
/* 00014 80C1FD04 3C06800B */  lui     $a2, 0x800B                ## $a2 = 800B0000
/* 00018 80C1FD08 24C63FC0 */  addiu   $a2, $a2, 0x3FC0           ## $a2 = 800B3FC0
/* 0001C 80C1FD0C 260400BC */  addiu   $a0, $s0, 0x00BC           ## $a0 = 000000BC
/* 00020 80C1FD10 24050000 */  addiu   $a1, $zero, 0x0000         ## $a1 = 00000000
/* 00024 80C1FD14 0C02CEE9 */  jal     func_800B3BA4              
/* 00028 80C1FD18 3C074210 */  lui     $a3, 0x4210                ## $a3 = 42100000
/* 0002C 80C1FD1C 3C060600 */  lui     $a2, 0x0600                ## $a2 = 06000000
/* 00030 80C1FD20 3C070600 */  lui     $a3, 0x0600                ## $a3 = 06000000
/* 00034 80C1FD24 260E02E0 */  addiu   $t6, $s0, 0x02E0           ## $t6 = 000002E0
/* 00038 80C1FD28 260F0358 */  addiu   $t7, $s0, 0x0358           ## $t7 = 00000358
/* 0003C 80C1FD2C 24180014 */  addiu   $t8, $zero, 0x0014         ## $t8 = 00000014
/* 00040 80C1FD30 AFB80018 */  sw      $t8, 0x0018($sp)           
/* 00044 80C1FD34 AFAF0014 */  sw      $t7, 0x0014($sp)           
/* 00048 80C1FD38 AFAE0010 */  sw      $t6, 0x0010($sp)           
/* 0004C 80C1FD3C 24E7697C */  addiu   $a3, $a3, 0x697C           ## $a3 = 0600697C
/* 00050 80C1FD40 24C65EF8 */  addiu   $a2, $a2, 0x5EF8           ## $a2 = 06005EF8
/* 00054 80C1FD44 8FA40044 */  lw      $a0, 0x0044($sp)           
/* 00058 80C1FD48 0C04DA9F */  jal     func_80136A7C              
/* 0005C 80C1FD4C 260501E4 */  addiu   $a1, $s0, 0x01E4           ## $a1 = 000001E4
/* 00060 80C1FD50 26050144 */  addiu   $a1, $s0, 0x0144           ## $a1 = 00000144
/* 00064 80C1FD54 AFA50034 */  sw      $a1, 0x0034($sp)           
/* 00068 80C1FD58 0C0382D3 */  jal     func_800E0B4C              
/* 0006C 80C1FD5C 8FA40044 */  lw      $a0, 0x0044($sp)           
/* 00070 80C1FD60 3C0780C2 */  lui     $a3, %hi(D_80C21CC8)       ## $a3 = 80C20000
/* 00074 80C1FD64 26190164 */  addiu   $t9, $s0, 0x0164           ## $t9 = 00000164
/* 00078 80C1FD68 8FA50034 */  lw      $a1, 0x0034($sp)           
/* 0007C 80C1FD6C AFB90010 */  sw      $t9, 0x0010($sp)           
/* 00080 80C1FD70 24E71CC8 */  addiu   $a3, $a3, %lo(D_80C21CC8)  ## $a3 = 80C21CC8
/* 00084 80C1FD74 8FA40044 */  lw      $a0, 0x0044($sp)           
/* 00088 80C1FD78 0C038398 */  jal     func_800E0E60              
/* 0008C 80C1FD7C 02003025 */  or      $a2, $s0, $zero            ## $a2 = 00000000
/* 00090 80C1FD80 3C0580C2 */  lui     $a1, %hi(D_80C21CE4)       ## $a1 = 80C20000
/* 00094 80C1FD84 3C0680C2 */  lui     $a2, %hi(D_80C21CD8)       ## $a2 = 80C20000
/* 00098 80C1FD88 24C61CD8 */  addiu   $a2, $a2, %lo(D_80C21CD8)  ## $a2 = 80C21CD8
/* 0009C 80C1FD8C 24A51CE4 */  addiu   $a1, $a1, %lo(D_80C21CE4)  ## $a1 = 80C21CE4
/* 000A0 80C1FD90 0C039D57 */  jal     func_800E755C              
/* 000A4 80C1FD94 260400A0 */  addiu   $a0, $s0, 0x00A0           ## $a0 = 000000A0
/* 000A8 80C1FD98 3C0580C2 */  lui     $a1, %hi(D_80C21E3C)       ## $a1 = 80C20000
/* 000AC 80C1FD9C 24A51E3C */  addiu   $a1, $a1, %lo(D_80C21E3C)  ## $a1 = 80C21E3C
/* 000B0 80C1FDA0 0C03FEB7 */  jal     func_800FFADC              
/* 000B4 80C1FDA4 02002025 */  or      $a0, $s0, $zero            ## $a0 = 00000000
/* 000B8 80C1FDA8 24080055 */  addiu   $t0, $zero, 0x0055         ## $t0 = 00000055
/* 000BC 80C1FDAC A208011F */  sb      $t0, 0x011F($s0)           ## 0000011F
/* 000C0 80C1FDB0 A60003E4 */  sh      $zero, 0x03E4($s0)         ## 000003E4
/* 000C4 80C1FDB4 A60003DE */  sh      $zero, 0x03DE($s0)         ## 000003DE
/* 000C8 80C1FDB8 A60003E0 */  sh      $zero, 0x03E0($s0)         ## 000003E0
/* 000CC 80C1FDBC A60003DC */  sh      $zero, 0x03DC($s0)         ## 000003DC
/* 000D0 80C1FDC0 A20003E9 */  sb      $zero, 0x03E9($s0)         ## 000003E9
/* 000D4 80C1FDC4 0C307F83 */  jal     func_80C1FE0C              
/* 000D8 80C1FDC8 02002025 */  or      $a0, $s0, $zero            ## $a0 = 00000000
/* 000DC 80C1FDCC 8FBF002C */  lw      $ra, 0x002C($sp)           
/* 000E0 80C1FDD0 8FB00028 */  lw      $s0, 0x0028($sp)           
/* 000E4 80C1FDD4 27BD0040 */  addiu   $sp, $sp, 0x0040           ## $sp = 00000000
/* 000E8 80C1FDD8 03E00008 */  jr      $ra                        
/* 000EC 80C1FDDC 00000000 */  nop


glabel func_80C1FDE0
/* 000F0 80C1FDE0 27BDFFE8 */  addiu   $sp, $sp, 0xFFE8           ## $sp = FFFFFFE8
/* 000F4 80C1FDE4 AFBF0014 */  sw      $ra, 0x0014($sp)           
/* 000F8 80C1FDE8 00803025 */  or      $a2, $a0, $zero            ## $a2 = 00000000
/* 000FC 80C1FDEC 00A03825 */  or      $a3, $a1, $zero            ## $a3 = 00000000
/* 00100 80C1FDF0 00E02025 */  or      $a0, $a3, $zero            ## $a0 = 00000000
/* 00104 80C1FDF4 0C038306 */  jal     func_800E0C18              
/* 00108 80C1FDF8 24C50144 */  addiu   $a1, $a2, 0x0144           ## $a1 = 00000144
/* 0010C 80C1FDFC 8FBF0014 */  lw      $ra, 0x0014($sp)           
/* 00110 80C1FE00 27BD0018 */  addiu   $sp, $sp, 0x0018           ## $sp = 00000000
/* 00114 80C1FE04 03E00008 */  jr      $ra                        
/* 00118 80C1FE08 00000000 */  nop


glabel func_80C1FE0C
/* 0011C 80C1FE0C 3C0E80C2 */  lui     $t6, %hi(func_80C1FE20)    ## $t6 = 80C20000
/* 00120 80C1FE10 25CEFE20 */  addiu   $t6, $t6, %lo(func_80C1FE20) ## $t6 = 80C1FE20
/* 00124 80C1FE14 AC8E0228 */  sw      $t6, 0x0228($a0)           ## 00000228
/* 00128 80C1FE18 03E00008 */  jr      $ra                        
/* 0012C 80C1FE1C 00000000 */  nop


glabel func_80C1FE20
/* 00130 80C1FE20 AFA40000 */  sw      $a0, 0x0000($sp)           
/* 00134 80C1FE24 AFA50004 */  sw      $a1, 0x0004($sp)           
/* 00138 80C1FE28 03E00008 */  jr      $ra                        
/* 0013C 80C1FE2C 00000000 */  nop


glabel func_80C1FE30
/* 00140 80C1FE30 27BDFFE8 */  addiu   $sp, $sp, 0xFFE8           ## $sp = FFFFFFE8
/* 00144 80C1FE34 AFBF0014 */  sw      $ra, 0x0014($sp)           
/* 00148 80C1FE38 00803825 */  or      $a3, $a0, $zero            ## $a3 = 00000000
/* 0014C 80C1FE3C 3C0580C2 */  lui     $a1, %hi(D_80C21D04)       ## $a1 = 80C20000
/* 00150 80C1FE40 24A51D04 */  addiu   $a1, $a1, %lo(D_80C21D04)  ## $a1 = 80C21D04
/* 00154 80C1FE44 24E401E4 */  addiu   $a0, $a3, 0x01E4           ## $a0 = 000001E4
/* 00158 80C1FE48 00003025 */  or      $a2, $zero, $zero          ## $a2 = 00000000
/* 0015C 80C1FE4C 0C02F717 */  jal     func_800BDC5C              
/* 00160 80C1FE50 AFA70018 */  sw      $a3, 0x0018($sp)           
/* 00164 80C1FE54 8FA70018 */  lw      $a3, 0x0018($sp)           
/* 00168 80C1FE58 3C0180C2 */  lui     $at, %hi(D_80C21E80)       ## $at = 80C20000
/* 0016C 80C1FE5C C4241E80 */  lwc1    $f4, %lo(D_80C21E80)($at)  
/* 00170 80C1FE60 3C0E80C2 */  lui     $t6, %hi(func_80C1FE80)    ## $t6 = 80C20000
/* 00174 80C1FE64 25CEFE80 */  addiu   $t6, $t6, %lo(func_80C1FE80) ## $t6 = 80C1FE80
/* 00178 80C1FE68 ACEE0228 */  sw      $t6, 0x0228($a3)           ## 00000228
/* 0017C 80C1FE6C E4E40070 */  swc1    $f4, 0x0070($a3)           ## 00000070
/* 00180 80C1FE70 8FBF0014 */  lw      $ra, 0x0014($sp)           
/* 00184 80C1FE74 27BD0018 */  addiu   $sp, $sp, 0x0018           ## $sp = 00000000
/* 00188 80C1FE78 03E00008 */  jr      $ra                        
/* 0018C 80C1FE7C 00000000 */  nop


glabel func_80C1FE80
/* 00190 80C1FE80 27BDFFD0 */  addiu   $sp, $sp, 0xFFD0           ## $sp = FFFFFFD0
/* 00194 80C1FE84 AFB00020 */  sw      $s0, 0x0020($sp)           
/* 00198 80C1FE88 00808025 */  or      $s0, $a0, $zero            ## $s0 = 00000000
/* 0019C 80C1FE8C AFBF0024 */  sw      $ra, 0x0024($sp)           
/* 001A0 80C1FE90 AFA50034 */  sw      $a1, 0x0034($sp)           
/* 001A4 80C1FE94 260401E4 */  addiu   $a0, $s0, 0x01E4           ## $a0 = 000001E4
/* 001A8 80C1FE98 AFA4002C */  sw      $a0, 0x002C($sp)           
/* 001AC 80C1FE9C 0C04DE2E */  jal     func_801378B8              
/* 001B0 80C1FEA0 3C054100 */  lui     $a1, 0x4100                ## $a1 = 41000000
/* 001B4 80C1FEA4 14400004 */  bne     $v0, $zero, .L80C1FEB8     
/* 001B8 80C1FEA8 8FA4002C */  lw      $a0, 0x002C($sp)           
/* 001BC 80C1FEAC 0C04DE2E */  jal     func_801378B8              
/* 001C0 80C1FEB0 3C054170 */  lui     $a1, 0x4170                ## $a1 = 41700000
/* 001C4 80C1FEB4 10400003 */  beq     $v0, $zero, .L80C1FEC4     
.L80C1FEB8:
/* 001C8 80C1FEB8 02002025 */  or      $a0, $s0, $zero            ## $a0 = 00000000
/* 001CC 80C1FEBC 0C02E3B2 */  jal     func_800B8EC8              
/* 001D0 80C1FEC0 24053830 */  addiu   $a1, $zero, 0x3830         ## $a1 = 00003830
.L80C1FEC4:
/* 001D4 80C1FEC4 86050092 */  lh      $a1, 0x0092($s0)           ## 00000092
/* 001D8 80C1FEC8 AFA00010 */  sw      $zero, 0x0010($sp)         
/* 001DC 80C1FECC 260400BE */  addiu   $a0, $s0, 0x00BE           ## $a0 = 000000BE
/* 001E0 80C1FED0 24060001 */  addiu   $a2, $zero, 0x0001         ## $a2 = 00000001
/* 001E4 80C1FED4 0C03FFAF */  jal     func_800FFEBC              
/* 001E8 80C1FED8 240702EE */  addiu   $a3, $zero, 0x02EE         ## $a3 = 000002EE
/* 001EC 80C1FEDC 860E00BE */  lh      $t6, 0x00BE($s0)           ## 000000BE
/* 001F0 80C1FEE0 02002025 */  or      $a0, $s0, $zero            ## $a0 = 00000000
/* 001F4 80C1FEE4 240511C7 */  addiu   $a1, $zero, 0x11C7         ## $a1 = 000011C7
/* 001F8 80C1FEE8 0C02DCF8 */  jal     func_800B73E0              
/* 001FC 80C1FEEC A60E0032 */  sh      $t6, 0x0032($s0)           ## 00000032
/* 00200 80C1FEF0 1040000A */  beq     $v0, $zero, .L80C1FF1C     
/* 00204 80C1FEF4 3C014270 */  lui     $at, 0x4270                ## $at = 42700000
/* 00208 80C1FEF8 C6040098 */  lwc1    $f4, 0x0098($s0)           ## 00000098
/* 0020C 80C1FEFC 44813000 */  mtc1    $at, $f6                   ## $f6 = 60.00
/* 00210 80C1FF00 00000000 */  nop
/* 00214 80C1FF04 4606203C */  c.lt.s  $f4, $f6                   
/* 00218 80C1FF08 00000000 */  nop
/* 0021C 80C1FF0C 45020004 */  bc1fl   .L80C1FF20                 
/* 00220 80C1FF10 8FBF0024 */  lw      $ra, 0x0024($sp)           
/* 00224 80C1FF14 0C307FCC */  jal     func_80C1FF30              
/* 00228 80C1FF18 02002025 */  or      $a0, $s0, $zero            ## $a0 = 00000000
.L80C1FF1C:
/* 0022C 80C1FF1C 8FBF0024 */  lw      $ra, 0x0024($sp)           
.L80C1FF20:
/* 00230 80C1FF20 8FB00020 */  lw      $s0, 0x0020($sp)           
/* 00234 80C1FF24 27BD0030 */  addiu   $sp, $sp, 0x0030           ## $sp = 00000000
/* 00238 80C1FF28 03E00008 */  jr      $ra                        
/* 0023C 80C1FF2C 00000000 */  nop


glabel func_80C1FF30
/* 00240 80C1FF30 27BDFFE8 */  addiu   $sp, $sp, 0xFFE8           ## $sp = FFFFFFE8
/* 00244 80C1FF34 AFBF0014 */  sw      $ra, 0x0014($sp)           
/* 00248 80C1FF38 00803825 */  or      $a3, $a0, $zero            ## $a3 = 00000000
/* 0024C 80C1FF3C 90EE0154 */  lbu     $t6, 0x0154($a3)           ## 00000154
/* 00250 80C1FF40 44802000 */  mtc1    $zero, $f4                 ## $f4 = 0.00
/* 00254 80C1FF44 3C0580C2 */  lui     $a1, %hi(D_80C21D04)       ## $a1 = 80C20000
/* 00258 80C1FF48 31CFFFFB */  andi    $t7, $t6, 0xFFFB           ## $t7 = 00000000
/* 0025C 80C1FF4C A0EF0154 */  sb      $t7, 0x0154($a3)           ## 00000154
/* 00260 80C1FF50 E4E40070 */  swc1    $f4, 0x0070($a3)           ## 00000070
/* 00264 80C1FF54 AFA70018 */  sw      $a3, 0x0018($sp)           
/* 00268 80C1FF58 24A51D04 */  addiu   $a1, $a1, %lo(D_80C21D04)  ## $a1 = 80C21D04
/* 0026C 80C1FF5C 24E401E4 */  addiu   $a0, $a3, 0x01E4           ## $a0 = 000001E4
/* 00270 80C1FF60 0C02F717 */  jal     func_800BDC5C              
/* 00274 80C1FF64 24060002 */  addiu   $a2, $zero, 0x0002         ## $a2 = 00000002
/* 00278 80C1FF68 8FA70018 */  lw      $a3, 0x0018($sp)           
/* 0027C 80C1FF6C 3C1880C2 */  lui     $t8, %hi(func_80C1FF88)    ## $t8 = 80C20000
/* 00280 80C1FF70 2718FF88 */  addiu   $t8, $t8, %lo(func_80C1FF88) ## $t8 = 80C1FF88
/* 00284 80C1FF74 ACF80228 */  sw      $t8, 0x0228($a3)           ## 00000228
/* 00288 80C1FF78 8FBF0014 */  lw      $ra, 0x0014($sp)           
/* 0028C 80C1FF7C 27BD0018 */  addiu   $sp, $sp, 0x0018           ## $sp = 00000000
/* 00290 80C1FF80 03E00008 */  jr      $ra                        
/* 00294 80C1FF84 00000000 */  nop


glabel func_80C1FF88
/* 00298 80C1FF88 27BDFFD8 */  addiu   $sp, $sp, 0xFFD8           ## $sp = FFFFFFD8
/* 0029C 80C1FF8C AFB00018 */  sw      $s0, 0x0018($sp)           
/* 002A0 80C1FF90 00808025 */  or      $s0, $a0, $zero            ## $s0 = 00000000
/* 002A4 80C1FF94 AFBF001C */  sw      $ra, 0x001C($sp)           
/* 002A8 80C1FF98 AFA5002C */  sw      $a1, 0x002C($sp)           
/* 002AC 80C1FF9C 92020154 */  lbu     $v0, 0x0154($s0)           ## 00000154
/* 002B0 80C1FFA0 02002025 */  or      $a0, $s0, $zero            ## $a0 = 00000000
/* 002B4 80C1FFA4 304E0004 */  andi    $t6, $v0, 0x0004           ## $t6 = 00000000
/* 002B8 80C1FFA8 11C00003 */  beq     $t6, $zero, .L80C1FFB8     
/* 002BC 80C1FFAC 304FFFF9 */  andi    $t7, $v0, 0xFFF9           ## $t7 = 00000000
/* 002C0 80C1FFB0 0C30800F */  jal     func_80C2003C              
/* 002C4 80C1FFB4 A20F0154 */  sb      $t7, 0x0154($s0)           ## 00000154
.L80C1FFB8:
/* 002C8 80C1FFB8 260401E4 */  addiu   $a0, $s0, 0x01E4           ## $a0 = 000001E4
/* 002CC 80C1FFBC AFA40024 */  sw      $a0, 0x0024($sp)           
/* 002D0 80C1FFC0 0C04DE2E */  jal     func_801378B8              
/* 002D4 80C1FFC4 3C054040 */  lui     $a1, 0x4040                ## $a1 = 40400000
/* 002D8 80C1FFC8 10400003 */  beq     $v0, $zero, .L80C1FFD8     
/* 002DC 80C1FFCC 02002025 */  or      $a0, $s0, $zero            ## $a0 = 00000000
/* 002E0 80C1FFD0 0C02E3B2 */  jal     func_800B8EC8              
/* 002E4 80C1FFD4 24053831 */  addiu   $a1, $zero, 0x3831         ## $a1 = 00003831
.L80C1FFD8:
/* 002E8 80C1FFD8 8FA40024 */  lw      $a0, 0x0024($sp)           
/* 002EC 80C1FFDC 0C04DE2E */  jal     func_801378B8              
/* 002F0 80C1FFE0 8E0501F4 */  lw      $a1, 0x01F4($s0)           ## 000001F4
/* 002F4 80C1FFE4 50400011 */  beql    $v0, $zero, .L80C2002C     
/* 002F8 80C1FFE8 8FBF001C */  lw      $ra, 0x001C($sp)           
/* 002FC 80C1FFEC 0C308505 */  jal     func_80C21414              
/* 00300 80C1FFF0 02002025 */  or      $a0, $s0, $zero            ## $a0 = 00000000
/* 00304 80C1FFF4 1040000A */  beq     $v0, $zero, .L80C20020     
/* 00308 80C1FFF8 00000000 */  nop
/* 0030C 80C1FFFC 0C04900F */  jal     func_8012403C              
/* 00310 80C20000 8FA4002C */  lw      $a0, 0x002C($sp)           
/* 00314 80C20004 2401000F */  addiu   $at, $zero, 0x000F         ## $at = 0000000F
/* 00318 80C20008 10410005 */  beq     $v0, $at, .L80C20020       
/* 0031C 80C2000C 00000000 */  nop
/* 00320 80C20010 0C307FCC */  jal     func_80C1FF30              
/* 00324 80C20014 02002025 */  or      $a0, $s0, $zero            ## $a0 = 00000000
/* 00328 80C20018 10000004 */  beq     $zero, $zero, .L80C2002C   
/* 0032C 80C2001C 8FBF001C */  lw      $ra, 0x001C($sp)           
.L80C20020:
/* 00330 80C20020 0C307F8C */  jal     func_80C1FE30              
/* 00334 80C20024 02002025 */  or      $a0, $s0, $zero            ## $a0 = 00000000
/* 00338 80C20028 8FBF001C */  lw      $ra, 0x001C($sp)           
.L80C2002C:
/* 0033C 80C2002C 8FB00018 */  lw      $s0, 0x0018($sp)           
/* 00340 80C20030 27BD0028 */  addiu   $sp, $sp, 0x0028           ## $sp = 00000000
/* 00344 80C20034 03E00008 */  jr      $ra                        
/* 00348 80C20038 00000000 */  nop


glabel func_80C2003C
/* 0034C 80C2003C 27BDFFD0 */  addiu   $sp, $sp, 0xFFD0           ## $sp = FFFFFFD0
/* 00350 80C20040 AFB00028 */  sw      $s0, 0x0028($sp)           
/* 00354 80C20044 44800000 */  mtc1    $zero, $f0                 ## $f0 = 0.00
/* 00358 80C20048 00808025 */  or      $s0, $a0, $zero            ## $s0 = 00000000
/* 0035C 80C2004C AFBF002C */  sw      $ra, 0x002C($sp)           
/* 00360 80C20050 3C013F80 */  lui     $at, 0x3F80                ## $at = 3F800000
/* 00364 80C20054 44813000 */  mtc1    $at, $f6                   ## $f6 = 1.00
/* 00368 80C20058 C60401FC */  lwc1    $f4, 0x01FC($s0)           ## 000001FC
/* 0036C 80C2005C 3C050600 */  lui     $a1, 0x0600                ## $a1 = 06000000
/* 00370 80C20060 3C06BECC */  lui     $a2, 0xBECC                ## $a2 = BECC0000
/* 00374 80C20064 46062201 */  sub.s   $f8, $f4, $f6              
/* 00378 80C20068 240E0003 */  addiu   $t6, $zero, 0x0003         ## $t6 = 00000003
/* 0037C 80C2006C AFAE0014 */  sw      $t6, 0x0014($sp)           
/* 00380 80C20070 34C6CCCD */  ori     $a2, $a2, 0xCCCD           ## $a2 = BECCCCCD
/* 00384 80C20074 44074000 */  mfc1    $a3, $f8                   
/* 00388 80C20078 24A52190 */  addiu   $a1, $a1, 0x2190           ## $a1 = 06002190
/* 0038C 80C2007C E7A00018 */  swc1    $f0, 0x0018($sp)           
/* 00390 80C20080 E7A00010 */  swc1    $f0, 0x0010($sp)           
/* 00394 80C20084 0C04DCFA */  jal     func_801373E8              
/* 00398 80C20088 260401E4 */  addiu   $a0, $s0, 0x01E4           ## $a0 = 000001E4
/* 0039C 80C2008C 920F0154 */  lbu     $t7, 0x0154($s0)           ## 00000154
/* 003A0 80C20090 3C1980C2 */  lui     $t9, %hi(func_80C200B8)    ## $t9 = 80C20000
/* 003A4 80C20094 273900B8 */  addiu   $t9, $t9, %lo(func_80C200B8) ## $t9 = 80C200B8
/* 003A8 80C20098 31F8FFFB */  andi    $t8, $t7, 0xFFFB           ## $t8 = 00000000
/* 003AC 80C2009C A2180154 */  sb      $t8, 0x0154($s0)           ## 00000154
/* 003B0 80C200A0 AE190228 */  sw      $t9, 0x0228($s0)           ## 00000228
/* 003B4 80C200A4 8FBF002C */  lw      $ra, 0x002C($sp)           
/* 003B8 80C200A8 8FB00028 */  lw      $s0, 0x0028($sp)           
/* 003BC 80C200AC 27BD0030 */  addiu   $sp, $sp, 0x0030           ## $sp = 00000000
/* 003C0 80C200B0 03E00008 */  jr      $ra                        
/* 003C4 80C200B4 00000000 */  nop


glabel func_80C200B8
/* 003C8 80C200B8 27BDFFE8 */  addiu   $sp, $sp, 0xFFE8           ## $sp = FFFFFFE8
/* 003CC 80C200BC AFBF0014 */  sw      $ra, 0x0014($sp)           
/* 003D0 80C200C0 AFA5001C */  sw      $a1, 0x001C($sp)           
/* 003D4 80C200C4 00803025 */  or      $a2, $a0, $zero            ## $a2 = 00000000
/* 003D8 80C200C8 8CC501F4 */  lw      $a1, 0x01F4($a2)           ## 000001F4
/* 003DC 80C200CC AFA60018 */  sw      $a2, 0x0018($sp)           
/* 003E0 80C200D0 0C04DE2E */  jal     func_801378B8              
/* 003E4 80C200D4 24C401E4 */  addiu   $a0, $a2, 0x01E4           ## $a0 = 000001E4
/* 003E8 80C200D8 1040000C */  beq     $v0, $zero, .L80C2010C     
/* 003EC 80C200DC 8FA60018 */  lw      $a2, 0x0018($sp)           
/* 003F0 80C200E0 00C02025 */  or      $a0, $a2, $zero            ## $a0 = 00000000
/* 003F4 80C200E4 0C308505 */  jal     func_80C21414              
/* 003F8 80C200E8 AFA60018 */  sw      $a2, 0x0018($sp)           
/* 003FC 80C200EC 10400005 */  beq     $v0, $zero, .L80C20104     
/* 00400 80C200F0 8FA60018 */  lw      $a2, 0x0018($sp)           
/* 00404 80C200F4 0C307FCC */  jal     func_80C1FF30              
/* 00408 80C200F8 00C02025 */  or      $a0, $a2, $zero            ## $a0 = 00000000
/* 0040C 80C200FC 10000004 */  beq     $zero, $zero, .L80C20110   
/* 00410 80C20100 8FBF0014 */  lw      $ra, 0x0014($sp)           
.L80C20104:
/* 00414 80C20104 0C307F8C */  jal     func_80C1FE30              
/* 00418 80C20108 00C02025 */  or      $a0, $a2, $zero            ## $a0 = 00000000
.L80C2010C:
/* 0041C 80C2010C 8FBF0014 */  lw      $ra, 0x0014($sp)           
.L80C20110:
/* 00420 80C20110 27BD0018 */  addiu   $sp, $sp, 0x0018           ## $sp = 00000000
/* 00424 80C20114 03E00008 */  jr      $ra                        
/* 00428 80C20118 00000000 */  nop


glabel func_80C2011C
/* 0042C 80C2011C 27BDFFE8 */  addiu   $sp, $sp, 0xFFE8           ## $sp = FFFFFFE8
/* 00430 80C20120 AFBF0014 */  sw      $ra, 0x0014($sp)           
/* 00434 80C20124 948E0090 */  lhu     $t6, 0x0090($a0)           ## 00000090
/* 00438 80C20128 2405389E */  addiu   $a1, $zero, 0x389E         ## $a1 = 0000389E
/* 0043C 80C2012C 31CF0001 */  andi    $t7, $t6, 0x0001           ## $t7 = 00000000
/* 00440 80C20130 11E00004 */  beq     $t7, $zero, .L80C20144     
/* 00444 80C20134 00000000 */  nop
/* 00448 80C20138 44802000 */  mtc1    $zero, $f4                 ## $f4 = 0.00
/* 0044C 80C2013C 00000000 */  nop
/* 00450 80C20140 E4840070 */  swc1    $f4, 0x0070($a0)           ## 00000070
.L80C20144:
/* 00454 80C20144 0C02E3B2 */  jal     func_800B8EC8              
/* 00458 80C20148 AFA40018 */  sw      $a0, 0x0018($sp)           
/* 0045C 80C2014C 8FA40018 */  lw      $a0, 0x0018($sp)           
/* 00460 80C20150 3C1880C2 */  lui     $t8, %hi(func_80C2016C)    ## $t8 = 80C20000
/* 00464 80C20154 2718016C */  addiu   $t8, $t8, %lo(func_80C2016C) ## $t8 = 80C2016C
/* 00468 80C20158 AC980228 */  sw      $t8, 0x0228($a0)           ## 00000228
/* 0046C 80C2015C 8FBF0014 */  lw      $ra, 0x0014($sp)           
/* 00470 80C20160 27BD0018 */  addiu   $sp, $sp, 0x0018           ## $sp = 00000000
/* 00474 80C20164 03E00008 */  jr      $ra                        
/* 00478 80C20168 00000000 */  nop


glabel func_80C2016C
/* 0047C 80C2016C 27BDFFE0 */  addiu   $sp, $sp, 0xFFE0           ## $sp = FFFFFFE0
/* 00480 80C20170 AFB00018 */  sw      $s0, 0x0018($sp)           
/* 00484 80C20174 00808025 */  or      $s0, $a0, $zero            ## $s0 = 00000000
/* 00488 80C20178 AFBF001C */  sw      $ra, 0x001C($sp)           
/* 0048C 80C2017C AFA50024 */  sw      $a1, 0x0024($sp)           
/* 00490 80C20180 96020090 */  lhu     $v0, 0x0090($s0)           ## 00000090
/* 00494 80C20184 304E0002 */  andi    $t6, $v0, 0x0002           ## $t6 = 00000000
/* 00498 80C20188 11C00004 */  beq     $t6, $zero, .L80C2019C     
/* 0049C 80C2018C 304F0001 */  andi    $t7, $v0, 0x0001           ## $t7 = 00000000
/* 004A0 80C20190 44802000 */  mtc1    $zero, $f4                 ## $f4 = 0.00
/* 004A4 80C20194 1000000D */  beq     $zero, $zero, .L80C201CC   
/* 004A8 80C20198 E6040070 */  swc1    $f4, 0x0070($s0)           ## 00000070
.L80C2019C:
/* 004AC 80C2019C 51E0000C */  beql    $t7, $zero, .L80C201D0     
/* 004B0 80C201A0 9218011C */  lbu     $t8, 0x011C($s0)           ## 0000011C
/* 004B4 80C201A4 C6000070 */  lwc1    $f0, 0x0070($s0)           ## 00000070
/* 004B8 80C201A8 44803000 */  mtc1    $zero, $f6                 ## $f6 = 0.00
/* 004BC 80C201AC 3C0180C2 */  lui     $at, %hi(D_80C21E84)       ## $at = 80C20000
/* 004C0 80C201B0 4606003C */  c.lt.s  $f0, $f6                   
/* 004C4 80C201B4 00000000 */  nop
/* 004C8 80C201B8 45020005 */  bc1fl   .L80C201D0                 
/* 004CC 80C201BC 9218011C */  lbu     $t8, 0x011C($s0)           ## 0000011C
/* 004D0 80C201C0 C4281E84 */  lwc1    $f8, %lo(D_80C21E84)($at)  
/* 004D4 80C201C4 46080280 */  add.s   $f10, $f0, $f8             
/* 004D8 80C201C8 E60A0070 */  swc1    $f10, 0x0070($s0)          ## 00000070
.L80C201CC:
/* 004DC 80C201CC 9218011C */  lbu     $t8, 0x011C($s0)           ## 0000011C
.L80C201D0:
/* 004E0 80C201D0 57000024 */  bnel    $t8, $zero, .L80C20264     
/* 004E4 80C201D4 8FBF001C */  lw      $ra, 0x001C($sp)           
/* 004E8 80C201D8 96190090 */  lhu     $t9, 0x0090($s0)           ## 00000090
/* 004EC 80C201DC 33280001 */  andi    $t0, $t9, 0x0001           ## $t0 = 00000000
/* 004F0 80C201E0 51000020 */  beql    $t0, $zero, .L80C20264     
/* 004F4 80C201E4 8FBF001C */  lw      $ra, 0x001C($sp)           
/* 004F8 80C201E8 920900B7 */  lbu     $t1, 0x00B7($s0)           ## 000000B7
/* 004FC 80C201EC 8FA40024 */  lw      $a0, 0x0024($sp)           
/* 00500 80C201F0 26050024 */  addiu   $a1, $s0, 0x0024           ## $a1 = 00000024
/* 00504 80C201F4 15200007 */  bne     $t1, $zero, .L80C20214     
/* 00508 80C201F8 24060028 */  addiu   $a2, $zero, 0x0028         ## $a2 = 00000028
/* 0050C 80C201FC 0C03C15A */  jal     func_800F0568              
/* 00510 80C20200 24073833 */  addiu   $a3, $zero, 0x3833         ## $a3 = 00003833
/* 00514 80C20204 0C308121 */  jal     func_80C20484              
/* 00518 80C20208 02002025 */  or      $a0, $s0, $zero            ## $a0 = 00000000
/* 0051C 80C2020C 10000015 */  beq     $zero, $zero, .L80C20264   
/* 00520 80C20210 8FBF001C */  lw      $ra, 0x001C($sp)           
.L80C20214:
/* 00524 80C20214 8E0B01EC */  lw      $t3, 0x01EC($s0)           ## 000001EC
/* 00528 80C20218 3C0A0600 */  lui     $t2, 0x0600                ## $t2 = 06000000
/* 0052C 80C2021C 254A697C */  addiu   $t2, $t2, 0x697C           ## $t2 = 0600697C
/* 00530 80C20220 154B0005 */  bne     $t2, $t3, .L80C20238       
/* 00534 80C20224 00000000 */  nop
/* 00538 80C20228 0C307F83 */  jal     func_80C1FE0C              
/* 0053C 80C2022C 02002025 */  or      $a0, $s0, $zero            ## $a0 = 00000000
/* 00540 80C20230 1000000C */  beq     $zero, $zero, .L80C20264   
/* 00544 80C20234 8FBF001C */  lw      $ra, 0x001C($sp)           
.L80C20238:
/* 00548 80C20238 0C308505 */  jal     func_80C21414              
/* 0054C 80C2023C 02002025 */  or      $a0, $s0, $zero            ## $a0 = 00000000
/* 00550 80C20240 10400005 */  beq     $v0, $zero, .L80C20258     
/* 00554 80C20244 00000000 */  nop
/* 00558 80C20248 0C307FCC */  jal     func_80C1FF30              
/* 0055C 80C2024C 02002025 */  or      $a0, $s0, $zero            ## $a0 = 00000000
/* 00560 80C20250 10000004 */  beq     $zero, $zero, .L80C20264   
/* 00564 80C20254 8FBF001C */  lw      $ra, 0x001C($sp)           
.L80C20258:
/* 00568 80C20258 0C307F8C */  jal     func_80C1FE30              
/* 0056C 80C2025C 02002025 */  or      $a0, $s0, $zero            ## $a0 = 00000000
/* 00570 80C20260 8FBF001C */  lw      $ra, 0x001C($sp)           
.L80C20264:
/* 00574 80C20264 8FB00018 */  lw      $s0, 0x0018($sp)           
/* 00578 80C20268 27BD0020 */  addiu   $sp, $sp, 0x0020           ## $sp = 00000000
/* 0057C 80C2026C 03E00008 */  jr      $ra                        
/* 00580 80C20270 00000000 */  nop


glabel func_80C20274
/* 00584 80C20274 27BDFFE0 */  addiu   $sp, $sp, 0xFFE0           ## $sp = FFFFFFE0
/* 00588 80C20278 AFB00018 */  sw      $s0, 0x0018($sp)           
/* 0058C 80C2027C 00808025 */  or      $s0, $a0, $zero            ## $s0 = 00000000
/* 00590 80C20280 AFBF001C */  sw      $ra, 0x001C($sp)           
/* 00594 80C20284 8E0F01EC */  lw      $t7, 0x01EC($s0)           ## 000001EC
/* 00598 80C20288 3C0E0600 */  lui     $t6, 0x0600                ## $t6 = 06000000
/* 0059C 80C2028C 25CE697C */  addiu   $t6, $t6, 0x697C           ## $t6 = 0600697C
/* 005A0 80C20290 15CF000F */  bne     $t6, $t7, .L80C202D0       
/* 005A4 80C20294 260401E4 */  addiu   $a0, $s0, 0x01E4           ## $a0 = 000001E4
/* 005A8 80C20298 86180092 */  lh      $t8, 0x0092($s0)           ## 00000092
/* 005AC 80C2029C 3C0580C2 */  lui     $a1, %hi(D_80C21D04)       ## $a1 = 80C20000
/* 005B0 80C202A0 24A51D04 */  addiu   $a1, $a1, %lo(D_80C21D04)  ## $a1 = 80C21D04
/* 005B4 80C202A4 260401E4 */  addiu   $a0, $s0, 0x01E4           ## $a0 = 000001E4
/* 005B8 80C202A8 24060008 */  addiu   $a2, $zero, 0x0008         ## $a2 = 00000008
/* 005BC 80C202AC 0C02F717 */  jal     func_800BDC5C              
/* 005C0 80C202B0 A6180032 */  sh      $t8, 0x0032($s0)           ## 00000032
/* 005C4 80C202B4 3C01BF80 */  lui     $at, 0xBF80                ## $at = BF800000
/* 005C8 80C202B8 44812000 */  mtc1    $at, $f4                   ## $f4 = -1.00
/* 005CC 80C202BC 3C013F80 */  lui     $at, 0x3F80                ## $at = 3F800000
/* 005D0 80C202C0 44813000 */  mtc1    $at, $f6                   ## $f6 = 1.00
/* 005D4 80C202C4 E6040074 */  swc1    $f4, 0x0074($s0)           ## 00000074
/* 005D8 80C202C8 1000000F */  beq     $zero, $zero, .L80C20308   
/* 005DC 80C202CC E6060070 */  swc1    $f6, 0x0070($s0)           ## 00000070
.L80C202D0:
/* 005E0 80C202D0 86190092 */  lh      $t9, 0x0092($s0)           ## 00000092
/* 005E4 80C202D4 3C0580C2 */  lui     $a1, %hi(D_80C21D04)       ## $a1 = 80C20000
/* 005E8 80C202D8 24A51D04 */  addiu   $a1, $a1, %lo(D_80C21D04)  ## $a1 = 80C21D04
/* 005EC 80C202DC 24060003 */  addiu   $a2, $zero, 0x0003         ## $a2 = 00000003
/* 005F0 80C202E0 0C02F717 */  jal     func_800BDC5C              
/* 005F4 80C202E4 A6190032 */  sh      $t9, 0x0032($s0)           ## 00000032
/* 005F8 80C202E8 96080090 */  lhu     $t0, 0x0090($s0)           ## 00000090
/* 005FC 80C202EC 3C01C080 */  lui     $at, 0xC080                ## $at = C0800000
/* 00600 80C202F0 31090001 */  andi    $t1, $t0, 0x0001           ## $t1 = 00000000
/* 00604 80C202F4 51200005 */  beql    $t1, $zero, .L80C2030C     
/* 00608 80C202F8 02002025 */  or      $a0, $s0, $zero            ## $a0 = 00000000
/* 0060C 80C202FC 44814000 */  mtc1    $at, $f8                   ## $f8 = -4.00
/* 00610 80C20300 00000000 */  nop
/* 00614 80C20304 E6080070 */  swc1    $f8, 0x0070($s0)           ## 00000070
.L80C20308:
/* 00618 80C20308 02002025 */  or      $a0, $s0, $zero            ## $a0 = 00000000
.L80C2030C:
/* 0061C 80C2030C 0C02E3B2 */  jal     func_800B8EC8              
/* 00620 80C20310 24053832 */  addiu   $a1, $zero, 0x3832         ## $a1 = 00003832
/* 00624 80C20314 3C0A80C2 */  lui     $t2, %hi(func_80C20334)    ## $t2 = 80C20000
/* 00628 80C20318 254A0334 */  addiu   $t2, $t2, %lo(func_80C20334) ## $t2 = 80C20334
/* 0062C 80C2031C AE0A0228 */  sw      $t2, 0x0228($s0)           ## 00000228
/* 00630 80C20320 8FBF001C */  lw      $ra, 0x001C($sp)           
/* 00634 80C20324 8FB00018 */  lw      $s0, 0x0018($sp)           
/* 00638 80C20328 27BD0020 */  addiu   $sp, $sp, 0x0020           ## $sp = 00000000
/* 0063C 80C2032C 03E00008 */  jr      $ra                        
/* 00640 80C20330 00000000 */  nop


glabel func_80C20334
/* 00644 80C20334 27BDFFC8 */  addiu   $sp, $sp, 0xFFC8           ## $sp = FFFFFFC8
/* 00648 80C20338 AFB40030 */  sw      $s4, 0x0030($sp)           
/* 0064C 80C2033C AFB20028 */  sw      $s2, 0x0028($sp)           
/* 00650 80C20340 00A09025 */  or      $s2, $a1, $zero            ## $s2 = 00000000
/* 00654 80C20344 0080A025 */  or      $s4, $a0, $zero            ## $s4 = 00000000
/* 00658 80C20348 AFBF0034 */  sw      $ra, 0x0034($sp)           
/* 0065C 80C2034C AFB3002C */  sw      $s3, 0x002C($sp)           
/* 00660 80C20350 AFB10024 */  sw      $s1, 0x0024($sp)           
/* 00664 80C20354 AFB00020 */  sw      $s0, 0x0020($sp)           
/* 00668 80C20358 96820090 */  lhu     $v0, 0x0090($s4)           ## 00000090
/* 0066C 80C2035C 00008025 */  or      $s0, $zero, $zero          ## $s0 = 00000000
/* 00670 80C20360 26910024 */  addiu   $s1, $s4, 0x0024           ## $s1 = 00000024
/* 00674 80C20364 304E0002 */  andi    $t6, $v0, 0x0002           ## $t6 = 00000000
/* 00678 80C20368 11C0000C */  beq     $t6, $zero, .L80C2039C     
/* 0067C 80C2036C 2413000A */  addiu   $s3, $zero, 0x000A         ## $s3 = 0000000A
/* 00680 80C20370 02402025 */  or      $a0, $s2, $zero            ## $a0 = 00000000
.L80C20374:
/* 00684 80C20374 02802825 */  or      $a1, $s4, $zero            ## $a1 = 00000000
/* 00688 80C20378 0C308579 */  jal     func_80C215E4              
/* 0068C 80C2037C 02203025 */  or      $a2, $s1, $zero            ## $a2 = 00000024
/* 00690 80C20380 26100001 */  addiu   $s0, $s0, 0x0001           ## $s0 = 00000001
/* 00694 80C20384 5613FFFB */  bnel    $s0, $s3, .L80C20374       
/* 00698 80C20388 02402025 */  or      $a0, $s2, $zero            ## $a0 = 00000000
/* 0069C 80C2038C 44801000 */  mtc1    $zero, $f2                 ## $f2 = 0.00
/* 006A0 80C20390 00000000 */  nop
/* 006A4 80C20394 E6820070 */  swc1    $f2, 0x0070($s4)           ## 00000070
/* 006A8 80C20398 96820090 */  lhu     $v0, 0x0090($s4)           ## 00000090
.L80C2039C:
/* 006AC 80C2039C 44801000 */  mtc1    $zero, $f2                 ## $f2 = 0.00
/* 006B0 80C203A0 304F0001 */  andi    $t7, $v0, 0x0001           ## $t7 = 00000000
/* 006B4 80C203A4 11E00016 */  beq     $t7, $zero, .L80C20400     
/* 006B8 80C203A8 268400BE */  addiu   $a0, $s4, 0x00BE           ## $a0 = 000000BE
/* 006BC 80C203AC C6800070 */  lwc1    $f0, 0x0070($s4)           ## 00000070
/* 006C0 80C203B0 3C0180C2 */  lui     $at, %hi(D_80C21E88)       ## $at = 80C20000
/* 006C4 80C203B4 24060001 */  addiu   $a2, $zero, 0x0001         ## $a2 = 00000001
/* 006C8 80C203B8 4602003C */  c.lt.s  $f0, $f2                   
/* 006CC 80C203BC 240709C4 */  addiu   $a3, $zero, 0x09C4         ## $a3 = 000009C4
/* 006D0 80C203C0 45020006 */  bc1fl   .L80C203DC                 
/* 006D4 80C203C4 46001032 */  c.eq.s  $f2, $f0                   
/* 006D8 80C203C8 C4241E88 */  lwc1    $f4, %lo(D_80C21E88)($at)  
/* 006DC 80C203CC 46040180 */  add.s   $f6, $f0, $f4              
/* 006E0 80C203D0 10000008 */  beq     $zero, $zero, .L80C203F4   
/* 006E4 80C203D4 E6860070 */  swc1    $f6, 0x0070($s4)           ## 00000070
/* 006E8 80C203D8 46001032 */  c.eq.s  $f2, $f0                   
.L80C203DC:
/* 006EC 80C203DC 3C0180C2 */  lui     $at, %hi(D_80C21E8C)       ## $at = 80C20000
/* 006F0 80C203E0 45030005 */  bc1tl   .L80C203F8                 
/* 006F4 80C203E4 86850092 */  lh      $a1, 0x0092($s4)           ## 00000092
/* 006F8 80C203E8 C4281E8C */  lwc1    $f8, %lo(D_80C21E8C)($at)  
/* 006FC 80C203EC 46080281 */  sub.s   $f10, $f0, $f8             
/* 00700 80C203F0 E68A0070 */  swc1    $f10, 0x0070($s4)          ## 00000070
.L80C203F4:
/* 00704 80C203F4 86850092 */  lh      $a1, 0x0092($s4)           ## 00000092
.L80C203F8:
/* 00708 80C203F8 0C03FFAF */  jal     func_800FFEBC              
/* 0070C 80C203FC AFA00010 */  sw      $zero, 0x0010($sp)         
.L80C20400:
/* 00710 80C20400 269000BC */  addiu   $s0, $s4, 0x00BC           ## $s0 = 000000BC
/* 00714 80C20404 24180064 */  addiu   $t8, $zero, 0x0064         ## $t8 = 00000064
/* 00718 80C20408 AFB80010 */  sw      $t8, 0x0010($sp)           
/* 0071C 80C2040C 02002025 */  or      $a0, $s0, $zero            ## $a0 = 000000BC
/* 00720 80C20410 00002825 */  or      $a1, $zero, $zero          ## $a1 = 00000000
/* 00724 80C20414 24060010 */  addiu   $a2, $zero, 0x0010         ## $a2 = 00000010
/* 00728 80C20418 0C03FFAF */  jal     func_800FFEBC              
/* 0072C 80C2041C 240707D0 */  addiu   $a3, $zero, 0x07D0         ## $a3 = 000007D0
/* 00730 80C20420 268401E4 */  addiu   $a0, $s4, 0x01E4           ## $a0 = 000001E4
/* 00734 80C20424 0C04DE2E */  jal     func_801378B8              
/* 00738 80C20428 8E8501F4 */  lw      $a1, 0x01F4($s4)           ## 000001F4
/* 0073C 80C2042C 5040000E */  beql    $v0, $zero, .L80C20468     
/* 00740 80C20430 8FBF0034 */  lw      $ra, 0x0034($sp)           
/* 00744 80C20434 96990090 */  lhu     $t9, 0x0090($s4)           ## 00000090
/* 00748 80C20438 33280001 */  andi    $t0, $t9, 0x0001           ## $t0 = 00000000
/* 0074C 80C2043C 5100000A */  beql    $t0, $zero, .L80C20468     
/* 00750 80C20440 8FBF0034 */  lw      $ra, 0x0034($sp)           
/* 00754 80C20444 8A0A0000 */  lwl     $t2, 0x0000($s0)           ## 000000BC
/* 00758 80C20448 9A0A0003 */  lwr     $t2, 0x0003($s0)           ## 000000BF
/* 0075C 80C2044C 02802025 */  or      $a0, $s4, $zero            ## $a0 = 00000000
/* 00760 80C20450 AA8A0030 */  swl     $t2, 0x0030($s4)           ## 00000030
/* 00764 80C20454 BA8A0033 */  swr     $t2, 0x0033($s4)           ## 00000033
/* 00768 80C20458 960A0004 */  lhu     $t2, 0x0004($s0)           ## 000000C0
/* 0076C 80C2045C 0C307F8C */  jal     func_80C1FE30              
/* 00770 80C20460 A68A0034 */  sh      $t2, 0x0034($s4)           ## 00000034
/* 00774 80C20464 8FBF0034 */  lw      $ra, 0x0034($sp)           
.L80C20468:
/* 00778 80C20468 8FB00020 */  lw      $s0, 0x0020($sp)           
/* 0077C 80C2046C 8FB10024 */  lw      $s1, 0x0024($sp)           
/* 00780 80C20470 8FB20028 */  lw      $s2, 0x0028($sp)           
/* 00784 80C20474 8FB3002C */  lw      $s3, 0x002C($sp)           
/* 00788 80C20478 8FB40030 */  lw      $s4, 0x0030($sp)           
/* 0078C 80C2047C 03E00008 */  jr      $ra                        
/* 00790 80C20480 27BD0038 */  addiu   $sp, $sp, 0x0038           ## $sp = 00000000


glabel func_80C20484
/* 00794 80C20484 27BDFFE8 */  addiu   $sp, $sp, 0xFFE8           ## $sp = FFFFFFE8
/* 00798 80C20488 AFBF0014 */  sw      $ra, 0x0014($sp)           
/* 0079C 80C2048C 00803825 */  or      $a3, $a0, $zero            ## $a3 = 00000000
/* 007A0 80C20490 3C0580C2 */  lui     $a1, %hi(D_80C21D04)       ## $a1 = 80C20000
/* 007A4 80C20494 24A51D04 */  addiu   $a1, $a1, %lo(D_80C21D04)  ## $a1 = 80C21D04
/* 007A8 80C20498 24E401E4 */  addiu   $a0, $a3, 0x01E4           ## $a0 = 000001E4
/* 007AC 80C2049C 24060004 */  addiu   $a2, $zero, 0x0004         ## $a2 = 00000004
/* 007B0 80C204A0 0C02F717 */  jal     func_800BDC5C              
/* 007B4 80C204A4 AFA70018 */  sw      $a3, 0x0018($sp)           
/* 007B8 80C204A8 8FA70018 */  lw      $a3, 0x0018($sp)           
/* 007BC 80C204AC 3C0880C2 */  lui     $t0, %hi(func_80C204F0)    ## $t0 = 80C20000
/* 007C0 80C204B0 3C01C0C0 */  lui     $at, 0xC0C0                ## $at = C0C00000
/* 007C4 80C204B4 90EE03E8 */  lbu     $t6, 0x03E8($a3)           ## 000003E8
/* 007C8 80C204B8 94F80090 */  lhu     $t8, 0x0090($a3)           ## 00000090
/* 007CC 80C204BC 250804F0 */  addiu   $t0, $t0, %lo(func_80C204F0) ## $t0 = 80C204F0
/* 007D0 80C204C0 35CF0004 */  ori     $t7, $t6, 0x0004           ## $t7 = 00000004
/* 007D4 80C204C4 33190001 */  andi    $t9, $t8, 0x0001           ## $t9 = 00000000
/* 007D8 80C204C8 13200004 */  beq     $t9, $zero, .L80C204DC     
/* 007DC 80C204CC A0EF03E8 */  sb      $t7, 0x03E8($a3)           ## 000003E8
/* 007E0 80C204D0 44812000 */  mtc1    $at, $f4                   ## $f4 = -6.00
/* 007E4 80C204D4 00000000 */  nop
/* 007E8 80C204D8 E4E40070 */  swc1    $f4, 0x0070($a3)           ## 00000070
.L80C204DC:
/* 007EC 80C204DC ACE80228 */  sw      $t0, 0x0228($a3)           ## 00000228
/* 007F0 80C204E0 8FBF0014 */  lw      $ra, 0x0014($sp)           
/* 007F4 80C204E4 27BD0018 */  addiu   $sp, $sp, 0x0018           ## $sp = 00000000
/* 007F8 80C204E8 03E00008 */  jr      $ra                        
/* 007FC 80C204EC 00000000 */  nop


glabel func_80C204F0
/* 00800 80C204F0 27BDFFE8 */  addiu   $sp, $sp, 0xFFE8           ## $sp = FFFFFFE8
/* 00804 80C204F4 AFBF0014 */  sw      $ra, 0x0014($sp)           
/* 00808 80C204F8 AFA40018 */  sw      $a0, 0x0018($sp)           
/* 0080C 80C204FC AFA5001C */  sw      $a1, 0x001C($sp)           
/* 00810 80C20500 8FAE0018 */  lw      $t6, 0x0018($sp)           
/* 00814 80C20504 8FA50018 */  lw      $a1, 0x0018($sp)           
/* 00818 80C20508 8FA4001C */  lw      $a0, 0x001C($sp)           
/* 0081C 80C2050C 91CF03E8 */  lbu     $t7, 0x03E8($t6)           ## 000003E8
/* 00820 80C20510 24A60024 */  addiu   $a2, $a1, 0x0024           ## $a2 = 00000024
/* 00824 80C20514 31F80008 */  andi    $t8, $t7, 0x0008           ## $t8 = 00000000
/* 00828 80C20518 53000006 */  beql    $t8, $zero, .L80C20534     
/* 0082C 80C2051C 8FBF0014 */  lw      $ra, 0x0014($sp)           
/* 00830 80C20520 0C029F4A */  jal     func_800A7D28              
/* 00834 80C20524 24070010 */  addiu   $a3, $zero, 0x0010         ## $a3 = 00000010
/* 00838 80C20528 0C02D9C3 */  jal     func_800B670C              
/* 0083C 80C2052C 8FA40018 */  lw      $a0, 0x0018($sp)           
/* 00840 80C20530 8FBF0014 */  lw      $ra, 0x0014($sp)           
.L80C20534:
/* 00844 80C20534 27BD0018 */  addiu   $sp, $sp, 0x0018           ## $sp = 00000000
/* 00848 80C20538 03E00008 */  jr      $ra                        
/* 0084C 80C2053C 00000000 */  nop


glabel func_80C20540
/* 00850 80C20540 27BDFFE8 */  addiu   $sp, $sp, 0xFFE8           ## $sp = FFFFFFE8
/* 00854 80C20544 AFBF0014 */  sw      $ra, 0x0014($sp)           
/* 00858 80C20548 948E0090 */  lhu     $t6, 0x0090($a0)           ## 00000090
/* 0085C 80C2054C 2405389E */  addiu   $a1, $zero, 0x389E         ## $a1 = 0000389E
/* 00860 80C20550 31CF0001 */  andi    $t7, $t6, 0x0001           ## $t7 = 00000000
/* 00864 80C20554 11E00004 */  beq     $t7, $zero, .L80C20568     
/* 00868 80C20558 00000000 */  nop
/* 0086C 80C2055C 44802000 */  mtc1    $zero, $f4                 ## $f4 = 0.00
/* 00870 80C20560 00000000 */  nop
/* 00874 80C20564 E4840070 */  swc1    $f4, 0x0070($a0)           ## 00000070
.L80C20568:
/* 00878 80C20568 0C02E3B2 */  jal     func_800B8EC8              
/* 0087C 80C2056C AFA40018 */  sw      $a0, 0x0018($sp)           
/* 00880 80C20570 8FA40018 */  lw      $a0, 0x0018($sp)           
/* 00884 80C20574 3C1880C2 */  lui     $t8, %hi(func_80C20590)    ## $t8 = 80C20000
/* 00888 80C20578 27180590 */  addiu   $t8, $t8, %lo(func_80C20590) ## $t8 = 80C20590
/* 0088C 80C2057C AC980228 */  sw      $t8, 0x0228($a0)           ## 00000228
/* 00890 80C20580 8FBF0014 */  lw      $ra, 0x0014($sp)           
/* 00894 80C20584 27BD0018 */  addiu   $sp, $sp, 0x0018           ## $sp = 00000000
/* 00898 80C20588 03E00008 */  jr      $ra                        
/* 0089C 80C2058C 00000000 */  nop


glabel func_80C20590
/* 008A0 80C20590 27BDFFD8 */  addiu   $sp, $sp, 0xFFD8           ## $sp = FFFFFFD8
/* 008A4 80C20594 AFB00020 */  sw      $s0, 0x0020($sp)           
/* 008A8 80C20598 00808025 */  or      $s0, $a0, $zero            ## $s0 = 00000000
/* 008AC 80C2059C AFBF0024 */  sw      $ra, 0x0024($sp)           
/* 008B0 80C205A0 AFA5002C */  sw      $a1, 0x002C($sp)           
/* 008B4 80C205A4 860203E2 */  lh      $v0, 0x03E2($s0)           ## 000003E2
/* 008B8 80C205A8 24010001 */  addiu   $at, $zero, 0x0001         ## $at = 00000001
/* 008BC 80C205AC 14400026 */  bne     $v0, $zero, .L80C20648     
/* 008C0 80C205B0 00000000 */  nop
/* 008C4 80C205B4 44800000 */  mtc1    $zero, $f0                 ## $f0 = 0.00
/* 008C8 80C205B8 920E00B7 */  lbu     $t6, 0x00B7($s0)           ## 000000B7
/* 008CC 80C205BC A60003E2 */  sh      $zero, 0x03E2($s0)         ## 000003E2
/* 008D0 80C205C0 E60002D8 */  swc1    $f0, 0x02D8($s0)           ## 000002D8
/* 008D4 80C205C4 11C00017 */  beq     $t6, $zero, .L80C20624     
/* 008D8 80C205C8 E60002D4 */  swc1    $f0, 0x02D4($s0)           ## 000002D4
/* 008DC 80C205CC 240F0008 */  addiu   $t7, $zero, 0x0008         ## $t7 = 00000008
/* 008E0 80C205D0 AFAF0010 */  sw      $t7, 0x0010($sp)           
/* 008E4 80C205D4 02002025 */  or      $a0, $s0, $zero            ## $a0 = 00000000
/* 008E8 80C205D8 24054000 */  addiu   $a1, $zero, 0x4000         ## $a1 = 00004000
/* 008EC 80C205DC 240600FF */  addiu   $a2, $zero, 0x00FF         ## $a2 = 000000FF
/* 008F0 80C205E0 0C02F2DC */  jal     func_800BCB70              
/* 008F4 80C205E4 00003825 */  or      $a3, $zero, $zero          ## $a3 = 00000000
/* 008F8 80C205E8 3C0580C2 */  lui     $a1, %hi(D_80C21D04)       ## $a1 = 80C20000
/* 008FC 80C205EC 24A51D04 */  addiu   $a1, $a1, %lo(D_80C21D04)  ## $a1 = 80C21D04
/* 00900 80C205F0 260401E4 */  addiu   $a0, $s0, 0x01E4           ## $a0 = 000001E4
/* 00904 80C205F4 0C02F717 */  jal     func_800BDC5C              
/* 00908 80C205F8 24060003 */  addiu   $a2, $zero, 0x0003         ## $a2 = 00000003
/* 0090C 80C205FC 02002025 */  or      $a0, $s0, $zero            ## $a0 = 00000000
/* 00910 80C20600 0C02E3B2 */  jal     func_800B8EC8              
/* 00914 80C20604 24053832 */  addiu   $a1, $zero, 0x3832         ## $a1 = 00003832
/* 00918 80C20608 921803E8 */  lbu     $t8, 0x03E8($s0)           ## 000003E8
/* 0091C 80C2060C 02002025 */  or      $a0, $s0, $zero            ## $a0 = 00000000
/* 00920 80C20610 37190001 */  ori     $t9, $t8, 0x0001           ## $t9 = 00000001
/* 00924 80C20614 0C30809D */  jal     func_80C20274              
/* 00928 80C20618 A21903E8 */  sb      $t9, 0x03E8($s0)           ## 000003E8
/* 0092C 80C2061C 1000000F */  beq     $zero, $zero, .L80C2065C   
/* 00930 80C20620 8FBF0024 */  lw      $ra, 0x0024($sp)           
.L80C20624:
/* 00934 80C20624 8FA4002C */  lw      $a0, 0x002C($sp)           
/* 00938 80C20628 26050024 */  addiu   $a1, $s0, 0x0024           ## $a1 = 00000024
/* 0093C 80C2062C 24060028 */  addiu   $a2, $zero, 0x0028         ## $a2 = 00000028
/* 00940 80C20630 0C03C15A */  jal     func_800F0568              
/* 00944 80C20634 24073833 */  addiu   $a3, $zero, 0x3833         ## $a3 = 00003833
/* 00948 80C20638 0C308121 */  jal     func_80C20484              
/* 0094C 80C2063C 02002025 */  or      $a0, $s0, $zero            ## $a0 = 00000000
/* 00950 80C20640 10000006 */  beq     $zero, $zero, .L80C2065C   
/* 00954 80C20644 8FBF0024 */  lw      $ra, 0x0024($sp)           
.L80C20648:
/* 00958 80C20648 14410003 */  bne     $v0, $at, .L80C20658       
/* 0095C 80C2064C 02002025 */  or      $a0, $s0, $zero            ## $a0 = 00000000
/* 00960 80C20650 0C30851A */  jal     func_80C21468              
/* 00964 80C20654 8FA5002C */  lw      $a1, 0x002C($sp)           
.L80C20658:
/* 00968 80C20658 8FBF0024 */  lw      $ra, 0x0024($sp)           
.L80C2065C:
/* 0096C 80C2065C 8FB00020 */  lw      $s0, 0x0020($sp)           
/* 00970 80C20660 27BD0028 */  addiu   $sp, $sp, 0x0028           ## $sp = 00000000
/* 00974 80C20664 03E00008 */  jr      $ra                        
/* 00978 80C20668 00000000 */  nop


glabel func_80C2066C
/* 0097C 80C2066C 948E0090 */  lhu     $t6, 0x0090($a0)           ## 00000090
/* 00980 80C20670 3C1880C2 */  lui     $t8, %hi(func_80C2069C)    ## $t8 = 80C20000
/* 00984 80C20674 2718069C */  addiu   $t8, $t8, %lo(func_80C2069C) ## $t8 = 80C2069C
/* 00988 80C20678 31CF0001 */  andi    $t7, $t6, 0x0001           ## $t7 = 00000000
/* 0098C 80C2067C 51E00005 */  beql    $t7, $zero, .L80C20694     
/* 00990 80C20680 AC980228 */  sw      $t8, 0x0228($a0)           ## 00000228
/* 00994 80C20684 44802000 */  mtc1    $zero, $f4                 ## $f4 = 0.00
/* 00998 80C20688 00000000 */  nop
/* 0099C 80C2068C E4840070 */  swc1    $f4, 0x0070($a0)           ## 00000070
/* 009A0 80C20690 AC980228 */  sw      $t8, 0x0228($a0)           ## 00000228
.L80C20694:
/* 009A4 80C20694 03E00008 */  jr      $ra                        
/* 009A8 80C20698 00000000 */  nop


glabel func_80C2069C
/* 009AC 80C2069C 27BDFFD8 */  addiu   $sp, $sp, 0xFFD8           ## $sp = FFFFFFD8
/* 009B0 80C206A0 AFB00020 */  sw      $s0, 0x0020($sp)           
/* 009B4 80C206A4 00808025 */  or      $s0, $a0, $zero            ## $s0 = 00000000
/* 009B8 80C206A8 AFBF0024 */  sw      $ra, 0x0024($sp)           
/* 009BC 80C206AC AFA5002C */  sw      $a1, 0x002C($sp)           
/* 009C0 80C206B0 860E03E2 */  lh      $t6, 0x03E2($s0)           ## 000003E2
/* 009C4 80C206B4 55C00025 */  bnel    $t6, $zero, .L80C2074C     
/* 009C8 80C206B8 8FBF0024 */  lw      $ra, 0x0024($sp)           
/* 009CC 80C206BC 44800000 */  mtc1    $zero, $f0                 ## $f0 = 0.00
/* 009D0 80C206C0 920F00B7 */  lbu     $t7, 0x00B7($s0)           ## 000000B7
/* 009D4 80C206C4 A60003E2 */  sh      $zero, 0x03E2($s0)         ## 000003E2
/* 009D8 80C206C8 E60002D8 */  swc1    $f0, 0x02D8($s0)           ## 000002D8
/* 009DC 80C206CC 11E00017 */  beq     $t7, $zero, .L80C2072C     
/* 009E0 80C206D0 E60002D4 */  swc1    $f0, 0x02D4($s0)           ## 000002D4
/* 009E4 80C206D4 24180008 */  addiu   $t8, $zero, 0x0008         ## $t8 = 00000008
/* 009E8 80C206D8 AFB80010 */  sw      $t8, 0x0010($sp)           
/* 009EC 80C206DC 02002025 */  or      $a0, $s0, $zero            ## $a0 = 00000000
/* 009F0 80C206E0 24054000 */  addiu   $a1, $zero, 0x4000         ## $a1 = 00004000
/* 009F4 80C206E4 240600FF */  addiu   $a2, $zero, 0x00FF         ## $a2 = 000000FF
/* 009F8 80C206E8 0C02F2DC */  jal     func_800BCB70              
/* 009FC 80C206EC 00003825 */  or      $a3, $zero, $zero          ## $a3 = 00000000
/* 00A00 80C206F0 3C0580C2 */  lui     $a1, %hi(D_80C21D04)       ## $a1 = 80C20000
/* 00A04 80C206F4 24A51D04 */  addiu   $a1, $a1, %lo(D_80C21D04)  ## $a1 = 80C21D04
/* 00A08 80C206F8 260401E4 */  addiu   $a0, $s0, 0x01E4           ## $a0 = 000001E4
/* 00A0C 80C206FC 0C02F717 */  jal     func_800BDC5C              
/* 00A10 80C20700 24060003 */  addiu   $a2, $zero, 0x0003         ## $a2 = 00000003
/* 00A14 80C20704 02002025 */  or      $a0, $s0, $zero            ## $a0 = 00000000
/* 00A18 80C20708 0C02E3B2 */  jal     func_800B8EC8              
/* 00A1C 80C2070C 24053832 */  addiu   $a1, $zero, 0x3832         ## $a1 = 00003832
/* 00A20 80C20710 921903E8 */  lbu     $t9, 0x03E8($s0)           ## 000003E8
/* 00A24 80C20714 02002025 */  or      $a0, $s0, $zero            ## $a0 = 00000000
/* 00A28 80C20718 37280001 */  ori     $t0, $t9, 0x0001           ## $t0 = 00000001
/* 00A2C 80C2071C 0C30809D */  jal     func_80C20274              
/* 00A30 80C20720 A20803E8 */  sb      $t0, 0x03E8($s0)           ## 000003E8
/* 00A34 80C20724 10000009 */  beq     $zero, $zero, .L80C2074C   
/* 00A38 80C20728 8FBF0024 */  lw      $ra, 0x0024($sp)           
.L80C2072C:
/* 00A3C 80C2072C 8FA4002C */  lw      $a0, 0x002C($sp)           
/* 00A40 80C20730 26050024 */  addiu   $a1, $s0, 0x0024           ## $a1 = 00000024
/* 00A44 80C20734 24060028 */  addiu   $a2, $zero, 0x0028         ## $a2 = 00000028
/* 00A48 80C20738 0C03C15A */  jal     func_800F0568              
/* 00A4C 80C2073C 24073833 */  addiu   $a3, $zero, 0x3833         ## $a3 = 00003833
/* 00A50 80C20740 0C308121 */  jal     func_80C20484              
/* 00A54 80C20744 02002025 */  or      $a0, $s0, $zero            ## $a0 = 00000000
/* 00A58 80C20748 8FBF0024 */  lw      $ra, 0x0024($sp)           
.L80C2074C:
/* 00A5C 80C2074C 8FB00020 */  lw      $s0, 0x0020($sp)           
/* 00A60 80C20750 27BD0028 */  addiu   $sp, $sp, 0x0028           ## $sp = 00000000
/* 00A64 80C20754 03E00008 */  jr      $ra                        
/* 00A68 80C20758 00000000 */  nop


glabel func_80C2075C
/* 00A6C 80C2075C 44802000 */  mtc1    $zero, $f4                 ## $f4 = 0.00
/* 00A70 80C20760 3C0E80C2 */  lui     $t6, %hi(func_80C2077C)    ## $t6 = 80C20000
/* 00A74 80C20764 25CE077C */  addiu   $t6, $t6, %lo(func_80C2077C) ## $t6 = 80C2077C
/* 00A78 80C20768 A48003E0 */  sh      $zero, 0x03E0($a0)         ## 000003E0
/* 00A7C 80C2076C AC8E0228 */  sw      $t6, 0x0228($a0)           ## 00000228
/* 00A80 80C20770 E4840070 */  swc1    $f4, 0x0070($a0)           ## 00000070
/* 00A84 80C20774 03E00008 */  jr      $ra                        
/* 00A88 80C20778 00000000 */  nop


glabel func_80C2077C
/* 00A8C 80C2077C 27BDFFE0 */  addiu   $sp, $sp, 0xFFE0           ## $sp = FFFFFFE0
/* 00A90 80C20780 AFB10018 */  sw      $s1, 0x0018($sp)           
/* 00A94 80C20784 AFB00014 */  sw      $s0, 0x0014($sp)           
/* 00A98 80C20788 00808025 */  or      $s0, $a0, $zero            ## $s0 = 00000000
/* 00A9C 80C2078C 00A08825 */  or      $s1, $a1, $zero            ## $s1 = 00000000
/* 00AA0 80C20790 AFBF001C */  sw      $ra, 0x001C($sp)           
/* 00AA4 80C20794 02002025 */  or      $a0, $s0, $zero            ## $a0 = 00000000
/* 00AA8 80C20798 0C02E134 */  jal     func_800B84D0              
/* 00AAC 80C2079C 02202825 */  or      $a1, $s1, $zero            ## $a1 = 00000000
/* 00AB0 80C207A0 10400033 */  beq     $v0, $zero, .L80C20870     
/* 00AB4 80C207A4 3C0142C8 */  lui     $at, 0x42C8                ## $at = 42C80000
/* 00AB8 80C207A8 860E03DC */  lh      $t6, 0x03DC($s0)           ## 000003DC
/* 00ABC 80C207AC 24020001 */  addiu   $v0, $zero, 0x0001         ## $v0 = 00000001
/* 00AC0 80C207B0 A60203E0 */  sh      $v0, 0x03E0($s0)           ## 000003E0
/* 00AC4 80C207B4 15C00020 */  bne     $t6, $zero, .L80C20838     
/* 00AC8 80C207B8 260401E4 */  addiu   $a0, $s0, 0x01E4           ## $a0 = 000001E4
/* 00ACC 80C207BC A60203DC */  sh      $v0, 0x03DC($s0)           ## 000003DC
/* 00AD0 80C207C0 02202025 */  or      $a0, $s1, $zero            ## $a0 = 00000000
/* 00AD4 80C207C4 24051147 */  addiu   $a1, $zero, 0x1147         ## $a1 = 00001147
/* 00AD8 80C207C8 0C05462C */  jal     func_801518B0              
/* 00ADC 80C207CC 02003025 */  or      $a2, $s0, $zero            ## $a2 = 00000000
/* 00AE0 80C207D0 8E1901EC */  lw      $t9, 0x01EC($s0)           ## 000001EC
/* 00AE4 80C207D4 3C180600 */  lui     $t8, 0x0600                ## $t8 = 06000000
/* 00AE8 80C207D8 240F1147 */  addiu   $t7, $zero, 0x1147         ## $t7 = 00001147
/* 00AEC 80C207DC 2718697C */  addiu   $t8, $t8, 0x697C           ## $t8 = 0600697C
/* 00AF0 80C207E0 1719001F */  bne     $t8, $t9, .L80C20860       
/* 00AF4 80C207E4 A60F03E6 */  sh      $t7, 0x03E6($s0)           ## 000003E6
/* 00AF8 80C207E8 3C010001 */  lui     $at, 0x0001                ## $at = 00010000
/* 00AFC 80C207EC 00310821 */  addu    $at, $at, $s1              
/* 00B00 80C207F0 24080044 */  addiu   $t0, $zero, 0x0044         ## $t0 = 00000044
/* 00B04 80C207F4 A028682A */  sb      $t0, 0x682A($at)           ## 0001682A
/* 00B08 80C207F8 3C0180C2 */  lui     $at, %hi(D_80C21E90)       ## $at = 80C20000
/* 00B0C 80C207FC C4241E90 */  lwc1    $f4, %lo(D_80C21E90)($at)  
/* 00B10 80C20800 3C01BF80 */  lui     $at, 0xBF80                ## $at = BF800000
/* 00B14 80C20804 44813000 */  mtc1    $at, $f6                   ## $f6 = -1.00
/* 00B18 80C20808 3C014040 */  lui     $at, 0x4040                ## $at = 40400000
/* 00B1C 80C2080C 44814000 */  mtc1    $at, $f8                   ## $f8 = 3.00
/* 00B20 80C20810 3C0580C2 */  lui     $a1, %hi(D_80C21D04)       ## $a1 = 80C20000
/* 00B24 80C20814 24A51D04 */  addiu   $a1, $a1, %lo(D_80C21D04)  ## $a1 = 80C21D04
/* 00B28 80C20818 260401E4 */  addiu   $a0, $s0, 0x01E4           ## $a0 = 000001E4
/* 00B2C 80C2081C 24060008 */  addiu   $a2, $zero, 0x0008         ## $a2 = 00000008
/* 00B30 80C20820 E6040070 */  swc1    $f4, 0x0070($s0)           ## 00000070
/* 00B34 80C20824 E6060074 */  swc1    $f6, 0x0074($s0)           ## 00000074
/* 00B38 80C20828 0C02F717 */  jal     func_800BDC5C              
/* 00B3C 80C2082C E6080068 */  swc1    $f8, 0x0068($s0)           ## 00000068
/* 00B40 80C20830 1000000B */  beq     $zero, $zero, .L80C20860   
/* 00B44 80C20834 00000000 */  nop
.L80C20838:
/* 00B48 80C20838 3C0580C2 */  lui     $a1, %hi(D_80C21D04)       ## $a1 = 80C20000
/* 00B4C 80C2083C 24A51D04 */  addiu   $a1, $a1, %lo(D_80C21D04)  ## $a1 = 80C21D04
/* 00B50 80C20840 0C02F717 */  jal     func_800BDC5C              
/* 00B54 80C20844 2406000B */  addiu   $a2, $zero, 0x000B         ## $a2 = 0000000B
/* 00B58 80C20848 02202025 */  or      $a0, $s1, $zero            ## $a0 = 00000000
/* 00B5C 80C2084C 24051148 */  addiu   $a1, $zero, 0x1148         ## $a1 = 00001148
/* 00B60 80C20850 0C05462C */  jal     func_801518B0              
/* 00B64 80C20854 02003025 */  or      $a2, $s0, $zero            ## $a2 = 00000000
/* 00B68 80C20858 24091148 */  addiu   $t1, $zero, 0x1148         ## $t1 = 00001148
/* 00B6C 80C2085C A60903E6 */  sh      $t1, 0x03E6($s0)           ## 000003E6
.L80C20860:
/* 00B70 80C20860 0C30822F */  jal     func_80C208BC              
/* 00B74 80C20864 02002025 */  or      $a0, $s0, $zero            ## $a0 = 00000000
/* 00B78 80C20868 10000010 */  beq     $zero, $zero, .L80C208AC   
/* 00B7C 80C2086C 8FBF001C */  lw      $ra, 0x001C($sp)           
.L80C20870:
/* 00B80 80C20870 44810000 */  mtc1    $at, $f0                   ## $f0 = 0.00
/* 00B84 80C20874 C60A0098 */  lwc1    $f10, 0x0098($s0)          ## 00000098
/* 00B88 80C20878 4600503C */  c.lt.s  $f10, $f0                  
/* 00B8C 80C2087C 00000000 */  nop
/* 00B90 80C20880 4502000A */  bc1fl   .L80C208AC                 
/* 00B94 80C20884 8FBF001C */  lw      $ra, 0x001C($sp)           
/* 00B98 80C20888 920A0155 */  lbu     $t2, 0x0155($s0)           ## 00000155
/* 00B9C 80C2088C 02002025 */  or      $a0, $s0, $zero            ## $a0 = 00000000
/* 00BA0 80C20890 314B0002 */  andi    $t3, $t2, 0x0002           ## $t3 = 00000000
/* 00BA4 80C20894 55600005 */  bnel    $t3, $zero, .L80C208AC     
/* 00BA8 80C20898 8FBF001C */  lw      $ra, 0x001C($sp)           
/* 00BAC 80C2089C 44060000 */  mfc1    $a2, $f0                   
/* 00BB0 80C208A0 0C02E185 */  jal     func_800B8614              
/* 00BB4 80C208A4 02202825 */  or      $a1, $s1, $zero            ## $a1 = 00000000
/* 00BB8 80C208A8 8FBF001C */  lw      $ra, 0x001C($sp)           
.L80C208AC:
/* 00BBC 80C208AC 8FB00014 */  lw      $s0, 0x0014($sp)           
/* 00BC0 80C208B0 8FB10018 */  lw      $s1, 0x0018($sp)           
/* 00BC4 80C208B4 03E00008 */  jr      $ra                        
/* 00BC8 80C208B8 27BD0020 */  addiu   $sp, $sp, 0x0020           ## $sp = 00000000


glabel func_80C208BC
/* 00BCC 80C208BC 3C0E80C2 */  lui     $t6, %hi(func_80C208D0)    ## $t6 = 80C20000
/* 00BD0 80C208C0 25CE08D0 */  addiu   $t6, $t6, %lo(func_80C208D0) ## $t6 = 80C208D0
/* 00BD4 80C208C4 AC8E0228 */  sw      $t6, 0x0228($a0)           ## 00000228
/* 00BD8 80C208C8 03E00008 */  jr      $ra                        
/* 00BDC 80C208CC 00000000 */  nop


glabel func_80C208D0
/* 00BE0 80C208D0 27BDFFC8 */  addiu   $sp, $sp, 0xFFC8           ## $sp = FFFFFFC8
/* 00BE4 80C208D4 AFB40030 */  sw      $s4, 0x0030($sp)           
/* 00BE8 80C208D8 AFB3002C */  sw      $s3, 0x002C($sp)           
/* 00BEC 80C208DC 00809825 */  or      $s3, $a0, $zero            ## $s3 = 00000000
/* 00BF0 80C208E0 00A0A025 */  or      $s4, $a1, $zero            ## $s4 = 00000000
/* 00BF4 80C208E4 AFBF0034 */  sw      $ra, 0x0034($sp)           
/* 00BF8 80C208E8 AFB20028 */  sw      $s2, 0x0028($sp)           
/* 00BFC 80C208EC AFB10024 */  sw      $s1, 0x0024($sp)           
/* 00C00 80C208F0 AFB00020 */  sw      $s0, 0x0020($sp)           
/* 00C04 80C208F4 A66003DE */  sh      $zero, 0x03DE($s3)         ## 000003DE
/* 00C08 80C208F8 0C054926 */  jal     func_80152498              
/* 00C0C 80C208FC 26844908 */  addiu   $a0, $s4, 0x4908           ## $a0 = 00004908
/* 00C10 80C20900 2C410007 */  sltiu   $at, $v0, 0x0007           
/* 00C14 80C20904 1020001F */  beq     $at, $zero, .L80C20984     
/* 00C18 80C20908 00027080 */  sll     $t6, $v0,  2               
/* 00C1C 80C2090C 3C0180C2 */  lui     $at, %hi(D_80C21E94)       ## $at = 80C20000
/* 00C20 80C20910 002E0821 */  addu    $at, $at, $t6              
/* 00C24 80C20914 8C2E1E94 */  lw      $t6, %lo(D_80C21E94)($at)  
/* 00C28 80C20918 01C00008 */  jr      $t6                        
/* 00C2C 80C2091C 00000000 */  nop
.L80C20920:
/* 00C30 80C20920 3C0F0002 */  lui     $t7, 0x0002                ## $t7 = 00020000
/* 00C34 80C20924 01F47821 */  addu    $t7, $t7, $s4              
/* 00C38 80C20928 8DEF8840 */  lw      $t7, -0x77C0($t7)          ## 00018840
/* 00C3C 80C2092C 24190001 */  addiu   $t9, $zero, 0x0001         ## $t9 = 00000001
/* 00C40 80C20930 31F80001 */  andi    $t8, $t7, 0x0001           ## $t8 = 00000000
/* 00C44 80C20934 53000014 */  beql    $t8, $zero, .L80C20988     
/* 00C48 80C20938 966803E6 */  lhu     $t0, 0x03E6($s3)           ## 000003E6
/* 00C4C 80C2093C 10000011 */  beq     $zero, $zero, .L80C20984   
/* 00C50 80C20940 A67903DE */  sh      $t9, 0x03DE($s3)           ## 000003DE
.L80C20944:
/* 00C54 80C20944 02602025 */  or      $a0, $s3, $zero            ## $a0 = 00000000
/* 00C58 80C20948 0C3082E2 */  jal     func_80C20B88              
/* 00C5C 80C2094C 02802825 */  or      $a1, $s4, $zero            ## $a1 = 00000000
/* 00C60 80C20950 1000000D */  beq     $zero, $zero, .L80C20988   
/* 00C64 80C20954 966803E6 */  lhu     $t0, 0x03E6($s3)           ## 000003E6
.L80C20958:
/* 00C68 80C20958 02602025 */  or      $a0, $s3, $zero            ## $a0 = 00000000
/* 00C6C 80C2095C 0C308309 */  jal     func_80C20C24              
/* 00C70 80C20960 02802825 */  or      $a1, $s4, $zero            ## $a1 = 00000000
/* 00C74 80C20964 10000008 */  beq     $zero, $zero, .L80C20988   
/* 00C78 80C20968 966803E6 */  lhu     $t0, 0x03E6($s3)           ## 000003E6
.L80C2096C:
/* 00C7C 80C2096C 0C051D89 */  jal     func_80147624              
/* 00C80 80C20970 02802025 */  or      $a0, $s4, $zero            ## $a0 = 00000000
/* 00C84 80C20974 50400004 */  beql    $v0, $zero, .L80C20988     
/* 00C88 80C20978 966803E6 */  lhu     $t0, 0x03E6($s3)           ## 000003E6
/* 00C8C 80C2097C 0C3081D7 */  jal     func_80C2075C              
/* 00C90 80C20980 02602025 */  or      $a0, $s3, $zero            ## $a0 = 00000000
.L80C20984:
/* 00C94 80C20984 966803E6 */  lhu     $t0, 0x03E6($s3)           ## 000003E6
.L80C20988:
/* 00C98 80C20988 24011147 */  addiu   $at, $zero, 0x1147         ## $at = 00001147
/* 00C9C 80C2098C 55010026 */  bnel    $t0, $at, .L80C20A28       
/* 00CA0 80C20990 966E0090 */  lhu     $t6, 0x0090($s3)           ## 00000090
/* 00CA4 80C20994 96690090 */  lhu     $t1, 0x0090($s3)           ## 00000090
/* 00CA8 80C20998 00008025 */  or      $s0, $zero, $zero          ## $s0 = 00000000
/* 00CAC 80C2099C 312A0002 */  andi    $t2, $t1, 0x0002           ## $t2 = 00000000
/* 00CB0 80C209A0 5140000D */  beql    $t2, $zero, .L80C209D8     
/* 00CB4 80C209A4 8E6C01EC */  lw      $t4, 0x01EC($s3)           ## 000001EC
/* 00CB8 80C209A8 44802000 */  mtc1    $zero, $f4                 ## $f4 = 0.00
/* 00CBC 80C209AC 26710024 */  addiu   $s1, $s3, 0x0024           ## $s1 = 00000024
/* 00CC0 80C209B0 2412000A */  addiu   $s2, $zero, 0x000A         ## $s2 = 0000000A
/* 00CC4 80C209B4 E6640070 */  swc1    $f4, 0x0070($s3)           ## 00000070
/* 00CC8 80C209B8 02802025 */  or      $a0, $s4, $zero            ## $a0 = 00000000
.L80C209BC:
/* 00CCC 80C209BC 02602825 */  or      $a1, $s3, $zero            ## $a1 = 00000000
/* 00CD0 80C209C0 0C308579 */  jal     func_80C215E4              
/* 00CD4 80C209C4 02203025 */  or      $a2, $s1, $zero            ## $a2 = 00000024
/* 00CD8 80C209C8 26100001 */  addiu   $s0, $s0, 0x0001           ## $s0 = 00000001
/* 00CDC 80C209CC 5612FFFB */  bnel    $s0, $s2, .L80C209BC       
/* 00CE0 80C209D0 02802025 */  or      $a0, $s4, $zero            ## $a0 = 00000000
/* 00CE4 80C209D4 8E6C01EC */  lw      $t4, 0x01EC($s3)           ## 000001EC
.L80C209D8:
/* 00CE8 80C209D8 3C0B0600 */  lui     $t3, 0x0600                ## $t3 = 06000000
/* 00CEC 80C209DC 256B3584 */  addiu   $t3, $t3, 0x3584           ## $t3 = 06003584
/* 00CF0 80C209E0 156C0010 */  bne     $t3, $t4, .L80C20A24       
/* 00CF4 80C209E4 267001E4 */  addiu   $s0, $s3, 0x01E4           ## $s0 = 000001E4
/* 00CF8 80C209E8 02002025 */  or      $a0, $s0, $zero            ## $a0 = 000001E4
/* 00CFC 80C209EC 0C04DE2E */  jal     func_801378B8              
/* 00D00 80C209F0 8E6501F4 */  lw      $a1, 0x01F4($s3)           ## 000001F4
/* 00D04 80C209F4 1040000B */  beq     $v0, $zero, .L80C20A24     
/* 00D08 80C209F8 02802025 */  or      $a0, $s4, $zero            ## $a0 = 00000000
/* 00D0C 80C209FC 24051147 */  addiu   $a1, $zero, 0x1147         ## $a1 = 00001147
/* 00D10 80C20A00 0C05462C */  jal     func_801518B0              
/* 00D14 80C20A04 02603025 */  or      $a2, $s3, $zero            ## $a2 = 00000000
/* 00D18 80C20A08 240D1147 */  addiu   $t5, $zero, 0x1147         ## $t5 = 00001147
/* 00D1C 80C20A0C 3C0580C2 */  lui     $a1, %hi(D_80C21D04)       ## $a1 = 80C20000
/* 00D20 80C20A10 A66D03E6 */  sh      $t5, 0x03E6($s3)           ## 000003E6
/* 00D24 80C20A14 24A51D04 */  addiu   $a1, $a1, %lo(D_80C21D04)  ## $a1 = 80C21D04
/* 00D28 80C20A18 02002025 */  or      $a0, $s0, $zero            ## $a0 = 000001E4
/* 00D2C 80C20A1C 0C02F717 */  jal     func_800BDC5C              
/* 00D30 80C20A20 00003025 */  or      $a2, $zero, $zero          ## $a2 = 00000000
.L80C20A24:
/* 00D34 80C20A24 966E0090 */  lhu     $t6, 0x0090($s3)           ## 00000090
.L80C20A28:
/* 00D38 80C20A28 26640032 */  addiu   $a0, $s3, 0x0032           ## $a0 = 00000032
/* 00D3C 80C20A2C 24060005 */  addiu   $a2, $zero, 0x0005         ## $a2 = 00000005
/* 00D40 80C20A30 31CF0001 */  andi    $t7, $t6, 0x0001           ## $t7 = 00000000
/* 00D44 80C20A34 11E00007 */  beq     $t7, $zero, .L80C20A54     
/* 00D48 80C20A38 2407071C */  addiu   $a3, $zero, 0x071C         ## $a3 = 0000071C
/* 00D4C 80C20A3C 86650092 */  lh      $a1, 0x0092($s3)           ## 00000092
/* 00D50 80C20A40 241800B6 */  addiu   $t8, $zero, 0x00B6         ## $t8 = 000000B6
/* 00D54 80C20A44 0C03FFAF */  jal     func_800FFEBC              
/* 00D58 80C20A48 AFB80010 */  sw      $t8, 0x0010($sp)           
/* 00D5C 80C20A4C 86790032 */  lh      $t9, 0x0032($s3)           ## 00000032
/* 00D60 80C20A50 A67900BE */  sh      $t9, 0x00BE($s3)           ## 000000BE
.L80C20A54:
/* 00D64 80C20A54 8FBF0034 */  lw      $ra, 0x0034($sp)           
/* 00D68 80C20A58 8FB00020 */  lw      $s0, 0x0020($sp)           
/* 00D6C 80C20A5C 8FB10024 */  lw      $s1, 0x0024($sp)           
/* 00D70 80C20A60 8FB20028 */  lw      $s2, 0x0028($sp)           
/* 00D74 80C20A64 8FB3002C */  lw      $s3, 0x002C($sp)           
/* 00D78 80C20A68 8FB40030 */  lw      $s4, 0x0030($sp)           
/* 00D7C 80C20A6C 03E00008 */  jr      $ra                        
/* 00D80 80C20A70 27BD0038 */  addiu   $sp, $sp, 0x0038           ## $sp = 00000000


glabel func_80C20A74
/* 00D84 80C20A74 27BDFFE0 */  addiu   $sp, $sp, 0xFFE0           ## $sp = FFFFFFE0
/* 00D88 80C20A78 AFB00018 */  sw      $s0, 0x0018($sp)           
/* 00D8C 80C20A7C 00808025 */  or      $s0, $a0, $zero            ## $s0 = 00000000
/* 00D90 80C20A80 AFBF001C */  sw      $ra, 0x001C($sp)           
/* 00D94 80C20A84 00A03825 */  or      $a3, $a1, $zero            ## $a3 = 00000000
/* 00D98 80C20A88 8602001C */  lh      $v0, 0x001C($s0)           ## 0000001C
/* 00D9C 80C20A8C 00E02025 */  or      $a0, $a3, $zero            ## $a0 = 00000000
/* 00DA0 80C20A90 24051149 */  addiu   $a1, $zero, 0x1149         ## $a1 = 00001149
/* 00DA4 80C20A94 304200FF */  andi    $v0, $v0, 0x00FF           ## $v0 = 00000000
/* 00DA8 80C20A98 244EFFFF */  addiu   $t6, $v0, 0xFFFF           ## $t6 = FFFFFFFF
/* 00DAC 80C20A9C 2DC10006 */  sltiu   $at, $t6, 0x0006           
/* 00DB0 80C20AA0 10200030 */  beq     $at, $zero, .L80C20B64     
/* 00DB4 80C20AA4 000E7080 */  sll     $t6, $t6,  2               
/* 00DB8 80C20AA8 3C0180C2 */  lui     $at, %hi(D_80C21EB0)       ## $at = 80C20000
/* 00DBC 80C20AAC 002E0821 */  addu    $at, $at, $t6              
/* 00DC0 80C20AB0 8C2E1EB0 */  lw      $t6, %lo(D_80C21EB0)($at)  
/* 00DC4 80C20AB4 01C00008 */  jr      $t6                        
/* 00DC8 80C20AB8 00000000 */  nop
.L80C20ABC:
/* 00DCC 80C20ABC 00E02025 */  or      $a0, $a3, $zero            ## $a0 = 00000000
/* 00DD0 80C20AC0 24051149 */  addiu   $a1, $zero, 0x1149         ## $a1 = 00001149
/* 00DD4 80C20AC4 0C05462C */  jal     func_801518B0              
/* 00DD8 80C20AC8 02003025 */  or      $a2, $s0, $zero            ## $a2 = 00000000
/* 00DDC 80C20ACC 240F1149 */  addiu   $t7, $zero, 0x1149         ## $t7 = 00001149
/* 00DE0 80C20AD0 10000028 */  beq     $zero, $zero, .L80C20B74   
/* 00DE4 80C20AD4 A60F03E6 */  sh      $t7, 0x03E6($s0)           ## 000003E6
.L80C20AD8:
/* 00DE8 80C20AD8 00E02025 */  or      $a0, $a3, $zero            ## $a0 = 00000000
/* 00DEC 80C20ADC 2405114A */  addiu   $a1, $zero, 0x114A         ## $a1 = 0000114A
/* 00DF0 80C20AE0 0C05462C */  jal     func_801518B0              
/* 00DF4 80C20AE4 02003025 */  or      $a2, $s0, $zero            ## $a2 = 00000000
/* 00DF8 80C20AE8 2418114A */  addiu   $t8, $zero, 0x114A         ## $t8 = 0000114A
/* 00DFC 80C20AEC 10000021 */  beq     $zero, $zero, .L80C20B74   
/* 00E00 80C20AF0 A61803E6 */  sh      $t8, 0x03E6($s0)           ## 000003E6
.L80C20AF4:
/* 00E04 80C20AF4 00E02025 */  or      $a0, $a3, $zero            ## $a0 = 00000000
/* 00E08 80C20AF8 2405114B */  addiu   $a1, $zero, 0x114B         ## $a1 = 0000114B
/* 00E0C 80C20AFC 0C05462C */  jal     func_801518B0              
/* 00E10 80C20B00 02003025 */  or      $a2, $s0, $zero            ## $a2 = 00000000
/* 00E14 80C20B04 2419114B */  addiu   $t9, $zero, 0x114B         ## $t9 = 0000114B
/* 00E18 80C20B08 1000001A */  beq     $zero, $zero, .L80C20B74   
/* 00E1C 80C20B0C A61903E6 */  sh      $t9, 0x03E6($s0)           ## 000003E6
.L80C20B10:
/* 00E20 80C20B10 00E02025 */  or      $a0, $a3, $zero            ## $a0 = 00000000
/* 00E24 80C20B14 2405114C */  addiu   $a1, $zero, 0x114C         ## $a1 = 0000114C
/* 00E28 80C20B18 0C05462C */  jal     func_801518B0              
/* 00E2C 80C20B1C 02003025 */  or      $a2, $s0, $zero            ## $a2 = 00000000
/* 00E30 80C20B20 2408114C */  addiu   $t0, $zero, 0x114C         ## $t0 = 0000114C
/* 00E34 80C20B24 10000013 */  beq     $zero, $zero, .L80C20B74   
/* 00E38 80C20B28 A60803E6 */  sh      $t0, 0x03E6($s0)           ## 000003E6
.L80C20B2C:
/* 00E3C 80C20B2C 00E02025 */  or      $a0, $a3, $zero            ## $a0 = 00000000
/* 00E40 80C20B30 2405114D */  addiu   $a1, $zero, 0x114D         ## $a1 = 0000114D
/* 00E44 80C20B34 0C05462C */  jal     func_801518B0              
/* 00E48 80C20B38 02003025 */  or      $a2, $s0, $zero            ## $a2 = 00000000
/* 00E4C 80C20B3C 2409114D */  addiu   $t1, $zero, 0x114D         ## $t1 = 0000114D
/* 00E50 80C20B40 1000000C */  beq     $zero, $zero, .L80C20B74   
/* 00E54 80C20B44 A60903E6 */  sh      $t1, 0x03E6($s0)           ## 000003E6
.L80C20B48:
/* 00E58 80C20B48 00E02025 */  or      $a0, $a3, $zero            ## $a0 = 00000000
/* 00E5C 80C20B4C 2405114E */  addiu   $a1, $zero, 0x114E         ## $a1 = 0000114E
/* 00E60 80C20B50 0C05462C */  jal     func_801518B0              
/* 00E64 80C20B54 02003025 */  or      $a2, $s0, $zero            ## $a2 = 00000000
/* 00E68 80C20B58 240A114E */  addiu   $t2, $zero, 0x114E         ## $t2 = 0000114E
/* 00E6C 80C20B5C 10000005 */  beq     $zero, $zero, .L80C20B74   
/* 00E70 80C20B60 A60A03E6 */  sh      $t2, 0x03E6($s0)           ## 000003E6
.L80C20B64:
/* 00E74 80C20B64 0C05462C */  jal     func_801518B0              
/* 00E78 80C20B68 02003025 */  or      $a2, $s0, $zero            ## $a2 = 00000000
/* 00E7C 80C20B6C 240B1149 */  addiu   $t3, $zero, 0x1149         ## $t3 = 00001149
/* 00E80 80C20B70 A60B03E6 */  sh      $t3, 0x03E6($s0)           ## 000003E6
.L80C20B74:
/* 00E84 80C20B74 8FBF001C */  lw      $ra, 0x001C($sp)           
/* 00E88 80C20B78 8FB00018 */  lw      $s0, 0x0018($sp)           
/* 00E8C 80C20B7C 27BD0020 */  addiu   $sp, $sp, 0x0020           ## $sp = 00000000
/* 00E90 80C20B80 03E00008 */  jr      $ra                        
/* 00E94 80C20B84 00000000 */  nop


glabel func_80C20B88
/* 00E98 80C20B88 27BDFFE0 */  addiu   $sp, $sp, 0xFFE0           ## $sp = FFFFFFE0
/* 00E9C 80C20B8C AFB00018 */  sw      $s0, 0x0018($sp)           
/* 00EA0 80C20B90 00808025 */  or      $s0, $a0, $zero            ## $s0 = 00000000
/* 00EA4 80C20B94 AFBF001C */  sw      $ra, 0x001C($sp)           
/* 00EA8 80C20B98 AFA50024 */  sw      $a1, 0x0024($sp)           
/* 00EAC 80C20B9C 0C051D89 */  jal     func_80147624              
/* 00EB0 80C20BA0 8FA40024 */  lw      $a0, 0x0024($sp)           
/* 00EB4 80C20BA4 1040001A */  beq     $v0, $zero, .L80C20C10     
/* 00EB8 80C20BA8 8FAE0024 */  lw      $t6, 0x0024($sp)           
/* 00EBC 80C20BAC 3C0F0001 */  lui     $t7, 0x0001                ## $t7 = 00010000
/* 00EC0 80C20BB0 01EE7821 */  addu    $t7, $t7, $t6              
/* 00EC4 80C20BB4 91EF6929 */  lbu     $t7, 0x6929($t7)           ## 00016929
/* 00EC8 80C20BB8 15E0000D */  bne     $t7, $zero, .L80C20BF0     
/* 00ECC 80C20BBC 00000000 */  nop
/* 00ED0 80C20BC0 0C067C82 */  jal     func_8019F208              
/* 00ED4 80C20BC4 00000000 */  nop
/* 00ED8 80C20BC8 921803E8 */  lbu     $t8, 0x03E8($s0)           ## 000003E8
/* 00EDC 80C20BCC 24051150 */  addiu   $a1, $zero, 0x1150         ## $a1 = 00001150
/* 00EE0 80C20BD0 02003025 */  or      $a2, $s0, $zero            ## $a2 = 00000000
/* 00EE4 80C20BD4 37190010 */  ori     $t9, $t8, 0x0010           ## $t9 = 00000010
/* 00EE8 80C20BD8 A21903E8 */  sb      $t9, 0x03E8($s0)           ## 000003E8
/* 00EEC 80C20BDC 0C05462C */  jal     func_801518B0              
/* 00EF0 80C20BE0 8FA40024 */  lw      $a0, 0x0024($sp)           
/* 00EF4 80C20BE4 24081150 */  addiu   $t0, $zero, 0x1150         ## $t0 = 00001150
/* 00EF8 80C20BE8 10000009 */  beq     $zero, $zero, .L80C20C10   
/* 00EFC 80C20BEC A60803E6 */  sh      $t0, 0x03E6($s0)           ## 000003E6
.L80C20BF0:
/* 00F00 80C20BF0 0C067C8C */  jal     func_8019F230              
/* 00F04 80C20BF4 00000000 */  nop
/* 00F08 80C20BF8 8FA40024 */  lw      $a0, 0x0024($sp)           
/* 00F0C 80C20BFC 24051152 */  addiu   $a1, $zero, 0x1152         ## $a1 = 00001152
/* 00F10 80C20C00 0C05462C */  jal     func_801518B0              
/* 00F14 80C20C04 02003025 */  or      $a2, $s0, $zero            ## $a2 = 00000000
/* 00F18 80C20C08 24091152 */  addiu   $t1, $zero, 0x1152         ## $t1 = 00001152
/* 00F1C 80C20C0C A60903E6 */  sh      $t1, 0x03E6($s0)           ## 000003E6
.L80C20C10:
/* 00F20 80C20C10 8FBF001C */  lw      $ra, 0x001C($sp)           
/* 00F24 80C20C14 8FB00018 */  lw      $s0, 0x0018($sp)           
/* 00F28 80C20C18 27BD0020 */  addiu   $sp, $sp, 0x0020           ## $sp = 00000000
/* 00F2C 80C20C1C 03E00008 */  jr      $ra                        
/* 00F30 80C20C20 00000000 */  nop


glabel func_80C20C24
/* 00F34 80C20C24 27BDFFE0 */  addiu   $sp, $sp, 0xFFE0           ## $sp = FFFFFFE0
/* 00F38 80C20C28 AFB00018 */  sw      $s0, 0x0018($sp)           
/* 00F3C 80C20C2C 00808025 */  or      $s0, $a0, $zero            ## $s0 = 00000000
/* 00F40 80C20C30 AFBF001C */  sw      $ra, 0x001C($sp)           
/* 00F44 80C20C34 AFA50024 */  sw      $a1, 0x0024($sp)           
/* 00F48 80C20C38 0C051D89 */  jal     func_80147624              
/* 00F4C 80C20C3C 8FA40024 */  lw      $a0, 0x0024($sp)           
/* 00F50 80C20C40 10400043 */  beq     $v0, $zero, .L80C20D50     
/* 00F54 80C20C44 8FA70024 */  lw      $a3, 0x0024($sp)           
/* 00F58 80C20C48 960E03E6 */  lhu     $t6, 0x03E6($s0)           ## 000003E6
/* 00F5C 80C20C4C 25CFEEB9 */  addiu   $t7, $t6, 0xEEB9           ## $t7 = FFFFEEB9
/* 00F60 80C20C50 2DE1000C */  sltiu   $at, $t7, 0x000C           
/* 00F64 80C20C54 1020003E */  beq     $at, $zero, .L80C20D50     
/* 00F68 80C20C58 000F7880 */  sll     $t7, $t7,  2               
/* 00F6C 80C20C5C 3C0180C2 */  lui     $at, %hi(D_80C21EC8)       ## $at = 80C20000
/* 00F70 80C20C60 002F0821 */  addu    $at, $at, $t7              
/* 00F74 80C20C64 8C2F1EC8 */  lw      $t7, %lo(D_80C21EC8)($at)  
/* 00F78 80C20C68 01E00008 */  jr      $t7                        
/* 00F7C 80C20C6C 00000000 */  nop
.L80C20C70:
/* 00F80 80C20C70 8FA40024 */  lw      $a0, 0x0024($sp)           
/* 00F84 80C20C74 24051148 */  addiu   $a1, $zero, 0x1148         ## $a1 = 00001148
/* 00F88 80C20C78 0C05462C */  jal     func_801518B0              
/* 00F8C 80C20C7C 02003025 */  or      $a2, $s0, $zero            ## $a2 = 00000000
/* 00F90 80C20C80 24181148 */  addiu   $t8, $zero, 0x1148         ## $t8 = 00001148
/* 00F94 80C20C84 3C0580C2 */  lui     $a1, %hi(D_80C21D04)       ## $a1 = 80C20000
/* 00F98 80C20C88 A61803E6 */  sh      $t8, 0x03E6($s0)           ## 000003E6
/* 00F9C 80C20C8C 24A51D04 */  addiu   $a1, $a1, %lo(D_80C21D04)  ## $a1 = 80C21D04
/* 00FA0 80C20C90 260401E4 */  addiu   $a0, $s0, 0x01E4           ## $a0 = 000001E4
/* 00FA4 80C20C94 0C02F717 */  jal     func_800BDC5C              
/* 00FA8 80C20C98 2406000B */  addiu   $a2, $zero, 0x000B         ## $a2 = 0000000B
/* 00FAC 80C20C9C 1000002D */  beq     $zero, $zero, .L80C20D54   
/* 00FB0 80C20CA0 8FBF001C */  lw      $ra, 0x001C($sp)           
.L80C20CA4:
/* 00FB4 80C20CA4 02002025 */  or      $a0, $s0, $zero            ## $a0 = 00000000
/* 00FB8 80C20CA8 0C30829D */  jal     func_80C20A74              
/* 00FBC 80C20CAC 00E02825 */  or      $a1, $a3, $zero            ## $a1 = 00000000
/* 00FC0 80C20CB0 10000028 */  beq     $zero, $zero, .L80C20D54   
/* 00FC4 80C20CB4 8FBF001C */  lw      $ra, 0x001C($sp)           
.L80C20CB8:
/* 00FC8 80C20CB8 00E02025 */  or      $a0, $a3, $zero            ## $a0 = 00000000
/* 00FCC 80C20CBC 2405114F */  addiu   $a1, $zero, 0x114F         ## $a1 = 0000114F
/* 00FD0 80C20CC0 0C05462C */  jal     func_801518B0              
/* 00FD4 80C20CC4 02003025 */  or      $a2, $s0, $zero            ## $a2 = 00000000
/* 00FD8 80C20CC8 2419114F */  addiu   $t9, $zero, 0x114F         ## $t9 = 0000114F
/* 00FDC 80C20CCC 10000020 */  beq     $zero, $zero, .L80C20D50   
/* 00FE0 80C20CD0 A61903E6 */  sh      $t9, 0x03E6($s0)           ## 000003E6
.L80C20CD4:
/* 00FE4 80C20CD4 8FA40024 */  lw      $a0, 0x0024($sp)           
/* 00FE8 80C20CD8 24051151 */  addiu   $a1, $zero, 0x1151         ## $a1 = 00001151
/* 00FEC 80C20CDC 0C05462C */  jal     func_801518B0              
/* 00FF0 80C20CE0 02003025 */  or      $a2, $s0, $zero            ## $a2 = 00000000
/* 00FF4 80C20CE4 24081151 */  addiu   $t0, $zero, 0x1151         ## $t0 = 00001151
/* 00FF8 80C20CE8 10000019 */  beq     $zero, $zero, .L80C20D50   
/* 00FFC 80C20CEC A60803E6 */  sh      $t0, 0x03E6($s0)           ## 000003E6
.L80C20CF0:
/* 01000 80C20CF0 00E02025 */  or      $a0, $a3, $zero            ## $a0 = 00000000
/* 01004 80C20CF4 24051151 */  addiu   $a1, $zero, 0x1151         ## $a1 = 00001151
/* 01008 80C20CF8 0C05462C */  jal     func_801518B0              
/* 0100C 80C20CFC 02003025 */  or      $a2, $s0, $zero            ## $a2 = 00000000
/* 01010 80C20D00 24091151 */  addiu   $t1, $zero, 0x1151         ## $t1 = 00001151
/* 01014 80C20D04 10000012 */  beq     $zero, $zero, .L80C20D50   
/* 01018 80C20D08 A60903E6 */  sh      $t1, 0x03E6($s0)           ## 000003E6
.L80C20D0C:
/* 0101C 80C20D0C 0C051DED */  jal     func_801477B4              
/* 01020 80C20D10 8FA40024 */  lw      $a0, 0x0024($sp)           
/* 01024 80C20D14 920B03E8 */  lbu     $t3, 0x03E8($s0)           ## 000003E8
/* 01028 80C20D18 8FAA0024 */  lw      $t2, 0x0024($sp)           
/* 0102C 80C20D1C 26050024 */  addiu   $a1, $s0, 0x0024           ## $a1 = 00000024
/* 01030 80C20D20 316C0010 */  andi    $t4, $t3, 0x0010           ## $t4 = 00000000
/* 01034 80C20D24 11800008 */  beq     $t4, $zero, .L80C20D48     
/* 01038 80C20D28 01402025 */  or      $a0, $t2, $zero            ## $a0 = 00000000
/* 0103C 80C20D2C 24060028 */  addiu   $a2, $zero, 0x0028         ## $a2 = 00000028
/* 01040 80C20D30 0C03C15A */  jal     func_800F0568              
/* 01044 80C20D34 24073833 */  addiu   $a3, $zero, 0x3833         ## $a3 = 00003833
/* 01048 80C20D38 0C308121 */  jal     func_80C20484              
/* 0104C 80C20D3C 02002025 */  or      $a0, $s0, $zero            ## $a0 = 00000000
/* 01050 80C20D40 10000004 */  beq     $zero, $zero, .L80C20D54   
/* 01054 80C20D44 8FBF001C */  lw      $ra, 0x001C($sp)           
.L80C20D48:
/* 01058 80C20D48 0C3081D7 */  jal     func_80C2075C              
/* 0105C 80C20D4C 02002025 */  or      $a0, $s0, $zero            ## $a0 = 00000000
.L80C20D50:
/* 01060 80C20D50 8FBF001C */  lw      $ra, 0x001C($sp)           
.L80C20D54:
/* 01064 80C20D54 8FB00018 */  lw      $s0, 0x0018($sp)           
/* 01068 80C20D58 27BD0020 */  addiu   $sp, $sp, 0x0020           ## $sp = 00000000
/* 0106C 80C20D5C 03E00008 */  jr      $ra                        
/* 01070 80C20D60 00000000 */  nop


glabel func_80C20D64
/* 01074 80C20D64 27BDFFE8 */  addiu   $sp, $sp, 0xFFE8           ## $sp = FFFFFFE8
/* 01078 80C20D68 AFBF0014 */  sw      $ra, 0x0014($sp)           
/* 0107C 80C20D6C 00803825 */  or      $a3, $a0, $zero            ## $a3 = 00000000
/* 01080 80C20D70 8CE20228 */  lw      $v0, 0x0228($a3)           ## 00000228
/* 01084 80C20D74 3C0E80C2 */  lui     $t6, %hi(func_80C1FE20)    ## $t6 = 80C20000
/* 01088 80C20D78 25CEFE20 */  addiu   $t6, $t6, %lo(func_80C1FE20) ## $t6 = 80C1FE20
/* 0108C 80C20D7C 11C20006 */  beq     $t6, $v0, .L80C20D98       
/* 01090 80C20D80 3C0F80C2 */  lui     $t7, %hi(func_80C2077C)    ## $t7 = 80C20000
/* 01094 80C20D84 25EF077C */  addiu   $t7, $t7, %lo(func_80C2077C) ## $t7 = 80C2077C
/* 01098 80C20D88 11E20003 */  beq     $t7, $v0, .L80C20D98       
/* 0109C 80C20D8C 3C1880C2 */  lui     $t8, %hi(func_80C1FE80)    ## $t8 = 80C20000
/* 010A0 80C20D90 2718FE80 */  addiu   $t8, $t8, %lo(func_80C1FE80) ## $t8 = 80C1FE80
/* 010A4 80C20D94 1702003A */  bne     $t8, $v0, .L80C20E80       
.L80C20D98:
/* 010A8 80C20D98 3C1980C2 */  lui     $t9, %hi(func_80C2077C)    ## $t9 = 80C20000
/* 010AC 80C20D9C 2739077C */  addiu   $t9, $t9, %lo(func_80C2077C) ## $t9 = 80C2077C
/* 010B0 80C20DA0 1322001F */  beq     $t9, $v0, .L80C20E20       
/* 010B4 80C20DA4 00A02025 */  or      $a0, $a1, $zero            ## $a0 = 00000000
/* 010B8 80C20DA8 00A02025 */  or      $a0, $a1, $zero            ## $a0 = 00000000
/* 010BC 80C20DAC 0C04900F */  jal     func_8012403C              
/* 010C0 80C20DB0 AFA70018 */  sw      $a3, 0x0018($sp)           
/* 010C4 80C20DB4 2401000F */  addiu   $at, $zero, 0x000F         ## $at = 0000000F
/* 010C8 80C20DB8 14410031 */  bne     $v0, $at, .L80C20E80       
/* 010CC 80C20DBC 8FA70018 */  lw      $a3, 0x0018($sp)           
/* 010D0 80C20DC0 8CE80004 */  lw      $t0, 0x0004($a3)           ## 00000004
/* 010D4 80C20DC4 2401FFFA */  addiu   $at, $zero, 0xFFFA         ## $at = FFFFFFFA
/* 010D8 80C20DC8 8CEE0228 */  lw      $t6, 0x0228($a3)           ## 00000228
/* 010DC 80C20DCC 01014824 */  and     $t1, $t0, $at              
/* 010E0 80C20DD0 3C0D80C2 */  lui     $t5, %hi(func_80C1FE80)    ## $t5 = 80C20000
/* 010E4 80C20DD4 ACE90004 */  sw      $t1, 0x0004($a3)           ## 00000004
/* 010E8 80C20DD8 352B0009 */  ori     $t3, $t1, 0x0009           ## $t3 = 00000009
/* 010EC 80C20DDC 240C00FF */  addiu   $t4, $zero, 0x00FF         ## $t4 = 000000FF
/* 010F0 80C20DE0 25ADFE80 */  addiu   $t5, $t5, %lo(func_80C1FE80) ## $t5 = 80C1FE80
/* 010F4 80C20DE4 ACEB0004 */  sw      $t3, 0x0004($a3)           ## 00000004
/* 010F8 80C20DE8 A0EC011F */  sb      $t4, 0x011F($a3)           ## 0000011F
/* 010FC 80C20DEC 15AE0008 */  bne     $t5, $t6, .L80C20E10       
/* 01100 80C20DF0 A4E00116 */  sh      $zero, 0x0116($a3)         ## 00000116
/* 01104 80C20DF4 3C0580C2 */  lui     $a1, %hi(D_80C21D04)       ## $a1 = 80C20000
/* 01108 80C20DF8 24A51D04 */  addiu   $a1, $a1, %lo(D_80C21D04)  ## $a1 = 80C21D04
/* 0110C 80C20DFC 24E401E4 */  addiu   $a0, $a3, 0x01E4           ## $a0 = 000001E4
/* 01110 80C20E00 2406000C */  addiu   $a2, $zero, 0x000C         ## $a2 = 0000000C
/* 01114 80C20E04 0C02F717 */  jal     func_800BDC5C              
/* 01118 80C20E08 AFA70018 */  sw      $a3, 0x0018($sp)           
/* 0111C 80C20E0C 8FA70018 */  lw      $a3, 0x0018($sp)           
.L80C20E10:
/* 01120 80C20E10 0C3081D7 */  jal     func_80C2075C              
/* 01124 80C20E14 00E02025 */  or      $a0, $a3, $zero            ## $a0 = 00000000
/* 01128 80C20E18 1000001A */  beq     $zero, $zero, .L80C20E84   
/* 0112C 80C20E1C 8FBF0014 */  lw      $ra, 0x0014($sp)           
.L80C20E20:
/* 01130 80C20E20 0C04900F */  jal     func_8012403C              
/* 01134 80C20E24 AFA70018 */  sw      $a3, 0x0018($sp)           
/* 01138 80C20E28 2401000F */  addiu   $at, $zero, 0x000F         ## $at = 0000000F
/* 0113C 80C20E2C 10410014 */  beq     $v0, $at, .L80C20E80       
/* 01140 80C20E30 8FA70018 */  lw      $a3, 0x0018($sp)           
/* 01144 80C20E34 8CEF0004 */  lw      $t7, 0x0004($a3)           ## 00000004
/* 01148 80C20E38 2401FFF6 */  addiu   $at, $zero, 0xFFF6         ## $at = FFFFFFF6
/* 0114C 80C20E3C 8CEB01EC */  lw      $t3, 0x01EC($a3)           ## 000001EC
/* 01150 80C20E40 01E1C024 */  and     $t8, $t7, $at              
/* 01154 80C20E44 3C0A0600 */  lui     $t2, 0x0600                ## $t2 = 06000000
/* 01158 80C20E48 ACF80004 */  sw      $t8, 0x0004($a3)           ## 00000004
/* 0115C 80C20E4C 37080005 */  ori     $t0, $t8, 0x0005           ## $t0 = 00000005
/* 01160 80C20E50 24090055 */  addiu   $t1, $zero, 0x0055         ## $t1 = 00000055
/* 01164 80C20E54 254A697C */  addiu   $t2, $t2, 0x697C           ## $t2 = 0600697C
/* 01168 80C20E58 ACE80004 */  sw      $t0, 0x0004($a3)           ## 00000004
/* 0116C 80C20E5C A0E9011F */  sb      $t1, 0x011F($a3)           ## 0000011F
/* 01170 80C20E60 154B0005 */  bne     $t2, $t3, .L80C20E78       
/* 01174 80C20E64 A4E00116 */  sh      $zero, 0x0116($a3)         ## 00000116
/* 01178 80C20E68 0C307F83 */  jal     func_80C1FE0C              
/* 0117C 80C20E6C 00E02025 */  or      $a0, $a3, $zero            ## $a0 = 00000000
/* 01180 80C20E70 10000004 */  beq     $zero, $zero, .L80C20E84   
/* 01184 80C20E74 8FBF0014 */  lw      $ra, 0x0014($sp)           
.L80C20E78:
/* 01188 80C20E78 0C307F8C */  jal     func_80C1FE30              
/* 0118C 80C20E7C 00E02025 */  or      $a0, $a3, $zero            ## $a0 = 00000000
.L80C20E80:
/* 01190 80C20E80 8FBF0014 */  lw      $ra, 0x0014($sp)           
.L80C20E84:
/* 01194 80C20E84 27BD0018 */  addiu   $sp, $sp, 0x0018           ## $sp = 00000000
/* 01198 80C20E88 03E00008 */  jr      $ra                        
/* 0119C 80C20E8C 00000000 */  nop


glabel func_80C20E90
/* 011A0 80C20E90 27BDFFD0 */  addiu   $sp, $sp, 0xFFD0           ## $sp = FFFFFFD0
/* 011A4 80C20E94 AFB00020 */  sw      $s0, 0x0020($sp)           
/* 011A8 80C20E98 00808025 */  or      $s0, $a0, $zero            ## $s0 = 00000000
/* 011AC 80C20E9C AFBF0024 */  sw      $ra, 0x0024($sp)           
/* 011B0 80C20EA0 AFA50034 */  sw      $a1, 0x0034($sp)           
/* 011B4 80C20EA4 8FAE0034 */  lw      $t6, 0x0034($sp)           
/* 011B8 80C20EA8 3C014220 */  lui     $at, 0x4220                ## $at = 42200000
/* 011BC 80C20EAC 8DCF1CCC */  lw      $t7, 0x1CCC($t6)           ## 00001CCC
/* 011C0 80C20EB0 AFAF002C */  sw      $t7, 0x002C($sp)           
/* 011C4 80C20EB4 96180090 */  lhu     $t8, 0x0090($s0)           ## 00000090
/* 011C8 80C20EB8 33190060 */  andi    $t9, $t8, 0x0060           ## $t9 = 00000000
/* 011CC 80C20EBC 53200011 */  beql    $t9, $zero, .L80C20F04     
/* 011D0 80C20EC0 92020155 */  lbu     $v0, 0x0155($s0)           ## 00000155
/* 011D4 80C20EC4 C604008C */  lwc1    $f4, 0x008C($s0)           ## 0000008C
/* 011D8 80C20EC8 44813000 */  mtc1    $at, $f6                   ## $f6 = 40.00
/* 011DC 80C20ECC 26050024 */  addiu   $a1, $s0, 0x0024           ## $a1 = 00000024
/* 011E0 80C20ED0 24060028 */  addiu   $a2, $zero, 0x0028         ## $a2 = 00000028
/* 011E4 80C20ED4 4604303E */  c.le.s  $f6, $f4                   
/* 011E8 80C20ED8 24073833 */  addiu   $a3, $zero, 0x3833         ## $a3 = 00003833
/* 011EC 80C20EDC 45020009 */  bc1fl   .L80C20F04                 
/* 011F0 80C20EE0 92020155 */  lbu     $v0, 0x0155($s0)           ## 00000155
/* 011F4 80C20EE4 A20000B7 */  sb      $zero, 0x00B7($s0)         ## 000000B7
/* 011F8 80C20EE8 0C03C15A */  jal     func_800F0568              
/* 011FC 80C20EEC 8FA40034 */  lw      $a0, 0x0034($sp)           
/* 01200 80C20EF0 0C308121 */  jal     func_80C20484              
/* 01204 80C20EF4 02002025 */  or      $a0, $s0, $zero            ## $a0 = 00000000
/* 01208 80C20EF8 100000D1 */  beq     $zero, $zero, .L80C21240   
/* 0120C 80C20EFC 8FBF0024 */  lw      $ra, 0x0024($sp)           
/* 01210 80C20F00 92020155 */  lbu     $v0, 0x0155($s0)           ## 00000155
.L80C20F04:
/* 01214 80C20F04 30480002 */  andi    $t0, $v0, 0x0002           ## $t0 = 00000000
/* 01218 80C20F08 110000CC */  beq     $t0, $zero, .L80C2123C     
/* 0121C 80C20F0C 3049FFFD */  andi    $t1, $v0, 0xFFFD           ## $t1 = 00000000
/* 01220 80C20F10 8E0B0228 */  lw      $t3, 0x0228($s0)           ## 00000228
/* 01224 80C20F14 3C0A80C2 */  lui     $t2, %hi(func_80C20590)    ## $t2 = 80C20000
/* 01228 80C20F18 254A0590 */  addiu   $t2, $t2, %lo(func_80C20590) ## $t2 = 80C20590
/* 0122C 80C20F1C 154B0013 */  bne     $t2, $t3, .L80C20F6C       
/* 01230 80C20F20 A2090155 */  sb      $t1, 0x0155($s0)           ## 00000155
/* 01234 80C20F24 920C00B9 */  lbu     $t4, 0x00B9($s0)           ## 000000B9
/* 01238 80C20F28 258DFFFF */  addiu   $t5, $t4, 0xFFFF           ## $t5 = FFFFFFFF
/* 0123C 80C20F2C 2DA1000D */  sltiu   $at, $t5, 0x000D           
/* 01240 80C20F30 10200006 */  beq     $at, $zero, .L80C20F4C     
/* 01244 80C20F34 000D6880 */  sll     $t5, $t5,  2               
/* 01248 80C20F38 3C0180C2 */  lui     $at, %hi(D_80C21EF8)       ## $at = 80C20000
/* 0124C 80C20F3C 002D0821 */  addu    $at, $at, $t5              
/* 01250 80C20F40 8C2D1EF8 */  lw      $t5, %lo(D_80C21EF8)($at)  
/* 01254 80C20F44 01A00008 */  jr      $t5                        
/* 01258 80C20F48 00000000 */  nop
.L80C20F4C:
/* 0125C 80C20F4C 860E03E2 */  lh      $t6, 0x03E2($s0)           ## 000003E2
/* 01260 80C20F50 02002025 */  or      $a0, $s0, $zero            ## $a0 = 00000000
/* 01264 80C20F54 29C10002 */  slti    $at, $t6, 0x0002           
/* 01268 80C20F58 54200004 */  bnel    $at, $zero, .L80C20F6C     
/* 0126C 80C20F5C A60003E2 */  sh      $zero, 0x03E2($s0)         ## 000003E2
/* 01270 80C20F60 0C30851A */  jal     func_80C21468              
/* 01274 80C20F64 8FA50034 */  lw      $a1, 0x0034($sp)           
/* 01278 80C20F68 A60003E2 */  sh      $zero, 0x03E2($s0)         ## 000003E2
.L80C20F6C:
/* 0127C 80C20F6C 0C02F88B */  jal     func_800BE22C              
/* 01280 80C20F70 02002025 */  or      $a0, $s0, $zero            ## $a0 = 00000000
/* 01284 80C20F74 54400013 */  bnel    $v0, $zero, .L80C20FC4     
/* 01288 80C20F78 921900B9 */  lbu     $t9, 0x00B9($s0)           ## 000000B9
/* 0128C 80C20F7C 920200B9 */  lbu     $v0, 0x00B9($s0)           ## 000000B9
/* 01290 80C20F80 24010003 */  addiu   $at, $zero, 0x0003         ## $at = 00000003
/* 01294 80C20F84 1041000E */  beq     $v0, $at, .L80C20FC0       
/* 01298 80C20F88 24010004 */  addiu   $at, $zero, 0x0004         ## $at = 00000004
/* 0129C 80C20F8C 1041000C */  beq     $v0, $at, .L80C20FC0       
/* 012A0 80C20F90 8FA40034 */  lw      $a0, 0x0034($sp)           
/* 012A4 80C20F94 26050024 */  addiu   $a1, $s0, 0x0024           ## $a1 = 00000024
/* 012A8 80C20F98 24060028 */  addiu   $a2, $zero, 0x0028         ## $a2 = 00000028
/* 012AC 80C20F9C 0C03C15A */  jal     func_800F0568              
/* 012B0 80C20FA0 24073833 */  addiu   $a3, $zero, 0x3833         ## $a3 = 00003833
/* 012B4 80C20FA4 920F03E8 */  lbu     $t7, 0x03E8($s0)           ## 000003E8
/* 012B8 80C20FA8 02002025 */  or      $a0, $s0, $zero            ## $a0 = 00000000
/* 012BC 80C20FAC 35F80004 */  ori     $t8, $t7, 0x0004           ## $t8 = 00000004
/* 012C0 80C20FB0 0C308121 */  jal     func_80C20484              
/* 012C4 80C20FB4 A21803E8 */  sb      $t8, 0x03E8($s0)           ## 000003E8
/* 012C8 80C20FB8 100000A1 */  beq     $zero, $zero, .L80C21240   
/* 012CC 80C20FBC 8FBF0024 */  lw      $ra, 0x0024($sp)           
.L80C20FC0:
/* 012D0 80C20FC0 921900B9 */  lbu     $t9, 0x00B9($s0)           ## 000000B9
.L80C20FC4:
/* 012D4 80C20FC4 2728FFFF */  addiu   $t0, $t9, 0xFFFF           ## $t0 = FFFFFFFF
/* 012D8 80C20FC8 2D01000F */  sltiu   $at, $t0, 0x000F           
/* 012DC 80C20FCC 1020009B */  beq     $at, $zero, .L80C2123C     
/* 012E0 80C20FD0 00084080 */  sll     $t0, $t0,  2               
/* 012E4 80C20FD4 3C0180C2 */  lui     $at, %hi(D_80C21F2C)       ## $at = 80C20000
/* 012E8 80C20FD8 00280821 */  addu    $at, $at, $t0              
/* 012EC 80C20FDC 8C281F2C */  lw      $t0, %lo(D_80C21F2C)($at)  
/* 012F0 80C20FE0 01000008 */  jr      $t0                        
/* 012F4 80C20FE4 00000000 */  nop
.L80C20FE8:
/* 012F8 80C20FE8 3C013F80 */  lui     $at, 0x3F80                ## $at = 3F800000
/* 012FC 80C20FEC 44814000 */  mtc1    $at, $f8                   ## $f8 = 1.00
/* 01300 80C20FF0 44805000 */  mtc1    $zero, $f10                ## $f10 = 0.00
/* 01304 80C20FF4 2409001E */  addiu   $t1, $zero, 0x001E         ## $t1 = 0000001E
/* 01308 80C20FF8 240A0028 */  addiu   $t2, $zero, 0x0028         ## $t2 = 00000028
/* 0130C 80C20FFC A20903E9 */  sb      $t1, 0x03E9($s0)           ## 000003E9
/* 01310 80C21000 A60A03E2 */  sh      $t2, 0x03E2($s0)           ## 000003E2
/* 01314 80C21004 240B0028 */  addiu   $t3, $zero, 0x0028         ## $t3 = 00000028
/* 01318 80C21008 E60802D4 */  swc1    $f8, 0x02D4($s0)           ## 000002D4
/* 0131C 80C2100C E60A02D8 */  swc1    $f10, 0x02D8($s0)          ## 000002D8
/* 01320 80C21010 AFAB0010 */  sw      $t3, 0x0010($sp)           
/* 01324 80C21014 02002025 */  or      $a0, $s0, $zero            ## $a0 = 00000000
/* 01328 80C21018 00002825 */  or      $a1, $zero, $zero          ## $a1 = 00000000
/* 0132C 80C2101C 24060078 */  addiu   $a2, $zero, 0x0078         ## $a2 = 00000078
/* 01330 80C21020 0C02F2DC */  jal     func_800BCB70              
/* 01334 80C21024 00003825 */  or      $a3, $zero, $zero          ## $a3 = 00000000
/* 01338 80C21028 0C308047 */  jal     func_80C2011C              
/* 0133C 80C2102C 02002025 */  or      $a0, $s0, $zero            ## $a0 = 00000000
/* 01340 80C21030 10000083 */  beq     $zero, $zero, .L80C21240   
/* 01344 80C21034 8FBF0024 */  lw      $ra, 0x0024($sp)           
.L80C21038:
/* 01348 80C21038 240C0028 */  addiu   $t4, $zero, 0x0028         ## $t4 = 00000028
/* 0134C 80C2103C AFAC0010 */  sw      $t4, 0x0010($sp)           
/* 01350 80C21040 02002025 */  or      $a0, $s0, $zero            ## $a0 = 00000000
/* 01354 80C21044 00002825 */  or      $a1, $zero, $zero          ## $a1 = 00000000
/* 01358 80C21048 24060078 */  addiu   $a2, $zero, 0x0078         ## $a2 = 00000078
/* 0135C 80C2104C 0C02F2DC */  jal     func_800BCB70              
/* 01360 80C21050 00003825 */  or      $a3, $zero, $zero          ## $a3 = 00000000
/* 01364 80C21054 0C308047 */  jal     func_80C2011C              
/* 01368 80C21058 02002025 */  or      $a0, $s0, $zero            ## $a0 = 00000000
/* 0136C 80C2105C 10000078 */  beq     $zero, $zero, .L80C21240   
/* 01370 80C21060 8FBF0024 */  lw      $ra, 0x0024($sp)           
.L80C21064:
/* 01374 80C21064 3C013F80 */  lui     $at, 0x3F80                ## $at = 3F800000
/* 01378 80C21068 44818000 */  mtc1    $at, $f16                  ## $f16 = 1.00
/* 0137C 80C2106C 44809000 */  mtc1    $zero, $f18                ## $f18 = 0.00
/* 01380 80C21070 240D0050 */  addiu   $t5, $zero, 0x0050         ## $t5 = 00000050
/* 01384 80C21074 A60D03E2 */  sh      $t5, 0x03E2($s0)           ## 000003E2
/* 01388 80C21078 A20003E9 */  sb      $zero, 0x03E9($s0)         ## 000003E9
/* 0138C 80C2107C 240E0008 */  addiu   $t6, $zero, 0x0008         ## $t6 = 00000008
/* 01390 80C21080 E61002D4 */  swc1    $f16, 0x02D4($s0)          ## 000002D4
/* 01394 80C21084 E61202D8 */  swc1    $f18, 0x02D8($s0)          ## 000002D8
/* 01398 80C21088 AFAE0010 */  sw      $t6, 0x0010($sp)           
/* 0139C 80C2108C 02002025 */  or      $a0, $s0, $zero            ## $a0 = 00000000
/* 013A0 80C21090 24054000 */  addiu   $a1, $zero, 0x4000         ## $a1 = 00004000
/* 013A4 80C21094 240600FF */  addiu   $a2, $zero, 0x00FF         ## $a2 = 000000FF
/* 013A8 80C21098 0C02F2DC */  jal     func_800BCB70              
/* 013AC 80C2109C 00003825 */  or      $a3, $zero, $zero          ## $a3 = 00000000
/* 013B0 80C210A0 02002025 */  or      $a0, $s0, $zero            ## $a0 = 00000000
/* 013B4 80C210A4 0C02E3B2 */  jal     func_800B8EC8              
/* 013B8 80C210A8 24053832 */  addiu   $a1, $zero, 0x3832         ## $a1 = 00003832
/* 013BC 80C210AC 920F03E8 */  lbu     $t7, 0x03E8($s0)           ## 000003E8
/* 013C0 80C210B0 02002025 */  or      $a0, $s0, $zero            ## $a0 = 00000000
/* 013C4 80C210B4 35F80001 */  ori     $t8, $t7, 0x0001           ## $t8 = 00000001
/* 013C8 80C210B8 0C30809D */  jal     func_80C20274              
/* 013CC 80C210BC A21803E8 */  sb      $t8, 0x03E8($s0)           ## 000003E8
/* 013D0 80C210C0 1000005F */  beq     $zero, $zero, .L80C21240   
/* 013D4 80C210C4 8FBF0024 */  lw      $ra, 0x0024($sp)           
.L80C210C8:
/* 013D8 80C210C8 921900B7 */  lbu     $t9, 0x00B7($s0)           ## 000000B7
/* 013DC 80C210CC 02002025 */  or      $a0, $s0, $zero            ## $a0 = 00000000
/* 013E0 80C210D0 24090003 */  addiu   $t1, $zero, 0x0003         ## $t1 = 00000003
/* 013E4 80C210D4 53200007 */  beql    $t9, $zero, .L80C210F4     
/* 013E8 80C210D8 A60903E2 */  sh      $t1, 0x03E2($s0)           ## 000003E2
/* 013EC 80C210DC 0C02E3B2 */  jal     func_800B8EC8              
/* 013F0 80C210E0 24053832 */  addiu   $a1, $zero, 0x3832         ## $a1 = 00003832
/* 013F4 80C210E4 24080050 */  addiu   $t0, $zero, 0x0050         ## $t0 = 00000050
/* 013F8 80C210E8 10000002 */  beq     $zero, $zero, .L80C210F4   
/* 013FC 80C210EC A60803E2 */  sh      $t0, 0x03E2($s0)           ## 000003E2
/* 01400 80C210F0 A60903E2 */  sh      $t1, 0x03E2($s0)           ## 000003E2
.L80C210F4:
/* 01404 80C210F4 3C013F80 */  lui     $at, 0x3F80                ## $at = 3F800000
/* 01408 80C210F8 44812000 */  mtc1    $at, $f4                   ## $f4 = 1.00
/* 0140C 80C210FC 3C013F00 */  lui     $at, 0x3F00                ## $at = 3F000000
/* 01410 80C21100 44813000 */  mtc1    $at, $f6                   ## $f6 = 0.50
/* 01414 80C21104 240A000B */  addiu   $t2, $zero, 0x000B         ## $t2 = 0000000B
/* 01418 80C21108 A20A03E9 */  sb      $t2, 0x03E9($s0)           ## 000003E9
/* 0141C 80C2110C 240B0008 */  addiu   $t3, $zero, 0x0008         ## $t3 = 00000008
/* 01420 80C21110 E60402D4 */  swc1    $f4, 0x02D4($s0)           ## 000002D4
/* 01424 80C21114 E60602D8 */  swc1    $f6, 0x02D8($s0)           ## 000002D8
/* 01428 80C21118 AFAB0010 */  sw      $t3, 0x0010($sp)           
/* 0142C 80C2111C 02002025 */  or      $a0, $s0, $zero            ## $a0 = 00000000
/* 01430 80C21120 24054000 */  addiu   $a1, $zero, 0x4000         ## $a1 = 00004000
/* 01434 80C21124 240600FF */  addiu   $a2, $zero, 0x00FF         ## $a2 = 000000FF
/* 01438 80C21128 0C02F2DC */  jal     func_800BCB70              
/* 0143C 80C2112C 00003825 */  or      $a3, $zero, $zero          ## $a3 = 00000000
/* 01440 80C21130 0C308150 */  jal     func_80C20540              
/* 01444 80C21134 02002025 */  or      $a0, $s0, $zero            ## $a0 = 00000000
/* 01448 80C21138 10000041 */  beq     $zero, $zero, .L80C21240   
/* 0144C 80C2113C 8FBF0024 */  lw      $ra, 0x0024($sp)           
.L80C21140:
/* 01450 80C21140 3C013F80 */  lui     $at, 0x3F80                ## $at = 3F800000
/* 01454 80C21144 44814000 */  mtc1    $at, $f8                   ## $f8 = 1.00
/* 01458 80C21148 3C013F00 */  lui     $at, 0x3F00                ## $at = 3F000000
/* 0145C 80C2114C 44815000 */  mtc1    $at, $f10                  ## $f10 = 0.50
/* 01460 80C21150 240C0028 */  addiu   $t4, $zero, 0x0028         ## $t4 = 00000028
/* 01464 80C21154 240D0014 */  addiu   $t5, $zero, 0x0014         ## $t5 = 00000014
/* 01468 80C21158 A60C03E2 */  sh      $t4, 0x03E2($s0)           ## 000003E2
/* 0146C 80C2115C A20D03E9 */  sb      $t5, 0x03E9($s0)           ## 000003E9
/* 01470 80C21160 240E0008 */  addiu   $t6, $zero, 0x0008         ## $t6 = 00000008
/* 01474 80C21164 E60802D4 */  swc1    $f8, 0x02D4($s0)           ## 000002D4
/* 01478 80C21168 E60A02D8 */  swc1    $f10, 0x02D8($s0)          ## 000002D8
/* 0147C 80C2116C AFAE0010 */  sw      $t6, 0x0010($sp)           
/* 01480 80C21170 02002025 */  or      $a0, $s0, $zero            ## $a0 = 00000000
/* 01484 80C21174 24054000 */  addiu   $a1, $zero, 0x4000         ## $a1 = 00004000
/* 01488 80C21178 240600FF */  addiu   $a2, $zero, 0x00FF         ## $a2 = 000000FF
/* 0148C 80C2117C 0C02F2DC */  jal     func_800BCB70              
/* 01490 80C21180 00003825 */  or      $a3, $zero, $zero          ## $a3 = 00000000
/* 01494 80C21184 02002025 */  or      $a0, $s0, $zero            ## $a0 = 00000000
/* 01498 80C21188 0C02E3B2 */  jal     func_800B8EC8              
/* 0149C 80C2118C 24053832 */  addiu   $a1, $zero, 0x3832         ## $a1 = 00003832
/* 014A0 80C21190 3C0580C2 */  lui     $a1, %hi(D_80C21D04)       ## $a1 = 80C20000
/* 014A4 80C21194 24A51D04 */  addiu   $a1, $a1, %lo(D_80C21D04)  ## $a1 = 80C21D04
/* 014A8 80C21198 260401E4 */  addiu   $a0, $s0, 0x01E4           ## $a0 = 000001E4
/* 014AC 80C2119C 0C02F717 */  jal     func_800BDC5C              
/* 014B0 80C211A0 24060003 */  addiu   $a2, $zero, 0x0003         ## $a2 = 00000003
/* 014B4 80C211A4 0C30819B */  jal     func_80C2066C              
/* 014B8 80C211A8 02002025 */  or      $a0, $s0, $zero            ## $a0 = 00000000
/* 014BC 80C211AC 10000024 */  beq     $zero, $zero, .L80C21240   
/* 014C0 80C211B0 8FBF0024 */  lw      $ra, 0x0024($sp)           
.L80C211B4:
/* 014C4 80C211B4 920F03E8 */  lbu     $t7, 0x03E8($s0)           ## 000003E8
/* 014C8 80C211B8 35F80001 */  ori     $t8, $t7, 0x0001           ## $t8 = 00000001
/* 014CC 80C211BC A21803E8 */  sb      $t8, 0x03E8($s0)           ## 000003E8
.L80C211C0:
/* 014D0 80C211C0 8FB9002C */  lw      $t9, 0x002C($sp)           
/* 014D4 80C211C4 24010004 */  addiu   $at, $zero, 0x0004         ## $at = 00000004
/* 014D8 80C211C8 83220ADA */  lb      $v0, 0x0ADA($t9)           ## 00000ADA
/* 014DC 80C211CC 10410007 */  beq     $v0, $at, .L80C211EC       
/* 014E0 80C211D0 2401000B */  addiu   $at, $zero, 0x000B         ## $at = 0000000B
/* 014E4 80C211D4 10410005 */  beq     $v0, $at, .L80C211EC       
/* 014E8 80C211D8 24010016 */  addiu   $at, $zero, 0x0016         ## $at = 00000016
/* 014EC 80C211DC 10410003 */  beq     $v0, $at, .L80C211EC       
/* 014F0 80C211E0 24010017 */  addiu   $at, $zero, 0x0017         ## $at = 00000017
/* 014F4 80C211E4 54410005 */  bnel    $v0, $at, .L80C211FC       
/* 014F8 80C211E8 240A0008 */  addiu   $t2, $zero, 0x0008         ## $t2 = 00000008
.L80C211EC:
/* 014FC 80C211EC 920803E8 */  lbu     $t0, 0x03E8($s0)           ## 000003E8
/* 01500 80C211F0 35090001 */  ori     $t1, $t0, 0x0001           ## $t1 = 00000001
/* 01504 80C211F4 A20903E8 */  sb      $t1, 0x03E8($s0)           ## 000003E8
.L80C211F8:
/* 01508 80C211F8 240A0008 */  addiu   $t2, $zero, 0x0008         ## $t2 = 00000008
.L80C211FC:
/* 0150C 80C211FC AFAA0010 */  sw      $t2, 0x0010($sp)           
/* 01510 80C21200 02002025 */  or      $a0, $s0, $zero            ## $a0 = 00000000
/* 01514 80C21204 24054000 */  addiu   $a1, $zero, 0x4000         ## $a1 = 00004000
/* 01518 80C21208 240600FF */  addiu   $a2, $zero, 0x00FF         ## $a2 = 000000FF
/* 0151C 80C2120C 0C02F2DC */  jal     func_800BCB70              
/* 01520 80C21210 00003825 */  or      $a3, $zero, $zero          ## $a3 = 00000000
/* 01524 80C21214 02002025 */  or      $a0, $s0, $zero            ## $a0 = 00000000
/* 01528 80C21218 0C02E3B2 */  jal     func_800B8EC8              
/* 0152C 80C2121C 24053832 */  addiu   $a1, $zero, 0x3832         ## $a1 = 00003832
/* 01530 80C21220 3C0580C2 */  lui     $a1, %hi(D_80C21D04)       ## $a1 = 80C20000
/* 01534 80C21224 24A51D04 */  addiu   $a1, $a1, %lo(D_80C21D04)  ## $a1 = 80C21D04
/* 01538 80C21228 260401E4 */  addiu   $a0, $s0, 0x01E4           ## $a0 = 000001E4
/* 0153C 80C2122C 0C02F717 */  jal     func_800BDC5C              
/* 01540 80C21230 24060003 */  addiu   $a2, $zero, 0x0003         ## $a2 = 00000003
/* 01544 80C21234 0C30809D */  jal     func_80C20274              
/* 01548 80C21238 02002025 */  or      $a0, $s0, $zero            ## $a0 = 00000000
.L80C2123C:
/* 0154C 80C2123C 8FBF0024 */  lw      $ra, 0x0024($sp)           
.L80C21240:
/* 01550 80C21240 8FB00020 */  lw      $s0, 0x0020($sp)           
/* 01554 80C21244 27BD0030 */  addiu   $sp, $sp, 0x0030           ## $sp = 00000000
/* 01558 80C21248 03E00008 */  jr      $ra                        
/* 0155C 80C2124C 00000000 */  nop


glabel func_80C21250
/* 01560 80C21250 27BDFFD0 */  addiu   $sp, $sp, 0xFFD0           ## $sp = FFFFFFD0
/* 01564 80C21254 AFB00018 */  sw      $s0, 0x0018($sp)           
/* 01568 80C21258 00A08025 */  or      $s0, $a1, $zero            ## $s0 = 00000000
/* 0156C 80C2125C AFBF001C */  sw      $ra, 0x001C($sp)           
/* 01570 80C21260 00803825 */  or      $a3, $a0, $zero            ## $a3 = 00000000
/* 01574 80C21264 84EE03E0 */  lh      $t6, 0x03E0($a3)           ## 000003E0
/* 01578 80C21268 24010001 */  addiu   $at, $zero, 0x0001         ## $at = 00000001
/* 0157C 80C2126C 00E02025 */  or      $a0, $a3, $zero            ## $a0 = 00000000
/* 01580 80C21270 11C10026 */  beq     $t6, $at, .L80C2130C       
/* 01584 80C21274 02002825 */  or      $a1, $s0, $zero            ## $a1 = 00000000
/* 01588 80C21278 0C3083A4 */  jal     func_80C20E90              
/* 0158C 80C2127C AFA70030 */  sw      $a3, 0x0030($sp)           
/* 01590 80C21280 8FA70030 */  lw      $a3, 0x0030($sp)           
/* 01594 80C21284 3C0F80C2 */  lui     $t7, %hi(func_80C1FF88)    ## $t7 = 80C20000
/* 01598 80C21288 25EFFF88 */  addiu   $t7, $t7, %lo(func_80C1FF88) ## $t7 = 80C1FF88
/* 0159C 80C2128C 8CE20228 */  lw      $v0, 0x0228($a3)           ## 00000228
/* 015A0 80C21290 3C010001 */  lui     $at, 0x0001                ## $at = 00010000
/* 015A4 80C21294 34218884 */  ori     $at, $at, 0x8884           ## $at = 00018884
/* 015A8 80C21298 15E20007 */  bne     $t7, $v0, .L80C212B8       
/* 015AC 80C2129C 02002025 */  or      $a0, $s0, $zero            ## $a0 = 00000000
/* 015B0 80C212A0 02012821 */  addu    $a1, $s0, $at              
/* 015B4 80C212A4 24E60144 */  addiu   $a2, $a3, 0x0144           ## $a2 = 00000144
/* 015B8 80C212A8 0C038956 */  jal     func_800E2558              
/* 015BC 80C212AC AFA70030 */  sw      $a3, 0x0030($sp)           
/* 015C0 80C212B0 8FA70030 */  lw      $a3, 0x0030($sp)           
/* 015C4 80C212B4 8CE20228 */  lw      $v0, 0x0228($a3)           ## 00000228
.L80C212B8:
/* 015C8 80C212B8 3C010001 */  lui     $at, 0x0001                ## $at = 00010000
/* 015CC 80C212BC 3C1880C2 */  lui     $t8, %hi(func_80C200B8)    ## $t8 = 80C20000
/* 015D0 80C212C0 271800B8 */  addiu   $t8, $t8, %lo(func_80C200B8) ## $t8 = 80C200B8
/* 015D4 80C212C4 34218884 */  ori     $at, $at, 0x8884           ## $at = 00018884
/* 015D8 80C212C8 02012821 */  addu    $a1, $s0, $at              
/* 015DC 80C212CC 1302000D */  beq     $t8, $v0, .L80C21304       
/* 015E0 80C212D0 24E60144 */  addiu   $a2, $a3, 0x0144           ## $a2 = 00000144
/* 015E4 80C212D4 3C1980C2 */  lui     $t9, %hi(func_80C20334)    ## $t9 = 80C20000
/* 015E8 80C212D8 27390334 */  addiu   $t9, $t9, %lo(func_80C20334) ## $t9 = 80C20334
/* 015EC 80C212DC 13220009 */  beq     $t9, $v0, .L80C21304       
/* 015F0 80C212E0 3C0880C2 */  lui     $t0, %hi(func_80C204F0)    ## $t0 = 80C20000
/* 015F4 80C212E4 250804F0 */  addiu   $t0, $t0, %lo(func_80C204F0) ## $t0 = 80C204F0
/* 015F8 80C212E8 11020006 */  beq     $t0, $v0, .L80C21304       
/* 015FC 80C212EC 02002025 */  or      $a0, $s0, $zero            ## $a0 = 00000000
/* 01600 80C212F0 AFA50028 */  sw      $a1, 0x0028($sp)           
/* 01604 80C212F4 0C0389D0 */  jal     func_800E2740              
/* 01608 80C212F8 AFA60024 */  sw      $a2, 0x0024($sp)           
/* 0160C 80C212FC 8FA50028 */  lw      $a1, 0x0028($sp)           
/* 01610 80C21300 8FA60024 */  lw      $a2, 0x0024($sp)           
.L80C21304:
/* 01614 80C21304 0C038A4A */  jal     func_800E2928              
/* 01618 80C21308 02002025 */  or      $a0, $s0, $zero            ## $a0 = 00000000
.L80C2130C:
/* 0161C 80C2130C 8FBF001C */  lw      $ra, 0x001C($sp)           
/* 01620 80C21310 8FB00018 */  lw      $s0, 0x0018($sp)           
/* 01624 80C21314 27BD0030 */  addiu   $sp, $sp, 0x0030           ## $sp = 00000000
/* 01628 80C21318 03E00008 */  jr      $ra                        
/* 0162C 80C2131C 00000000 */  nop


glabel func_80C21320
/* 01630 80C21320 27BDFFD8 */  addiu   $sp, $sp, 0xFFD8           ## $sp = FFFFFFD8
/* 01634 80C21324 AFB00020 */  sw      $s0, 0x0020($sp)           
/* 01638 80C21328 00808025 */  or      $s0, $a0, $zero            ## $s0 = 00000000
/* 0163C 80C2132C AFBF0024 */  sw      $ra, 0x0024($sp)           
/* 01640 80C21330 AFA5002C */  sw      $a1, 0x002C($sp)           
/* 01644 80C21334 860203E2 */  lh      $v0, 0x03E2($s0)           ## 000003E2
/* 01648 80C21338 18400002 */  blez    $v0, .L80C21344            
/* 0164C 80C2133C 244EFFFF */  addiu   $t6, $v0, 0xFFFF           ## $t6 = FFFFFFFF
/* 01650 80C21340 A60E03E2 */  sh      $t6, 0x03E2($s0)           ## 000003E2
.L80C21344:
/* 01654 80C21344 8E020228 */  lw      $v0, 0x0228($s0)           ## 00000228
/* 01658 80C21348 3C0F80C2 */  lui     $t7, %hi(func_80C20590)    ## $t7 = 80C20000
/* 0165C 80C2134C 25EF0590 */  addiu   $t7, $t7, %lo(func_80C20590) ## $t7 = 80C20590
/* 01660 80C21350 51E2002C */  beql    $t7, $v0, .L80C21404       
/* 01664 80C21354 8FBF0024 */  lw      $ra, 0x0024($sp)           
/* 01668 80C21358 861803E2 */  lh      $t8, 0x03E2($s0)           ## 000003E2
/* 0166C 80C2135C 260402D8 */  addiu   $a0, $s0, 0x02D8           ## $a0 = 000002D8
/* 01670 80C21360 3C053F00 */  lui     $a1, 0x3F00                ## $a1 = 3F000000
/* 01674 80C21364 2B010014 */  slti    $at, $t8, 0x0014           
/* 01678 80C21368 1020001F */  beq     $at, $zero, .L80C213E8     
/* 0167C 80C2136C 3C063DCC */  lui     $a2, 0x3DCC                ## $a2 = 3DCC0000
/* 01680 80C21370 3C1980C2 */  lui     $t9, %hi(func_80C2069C)    ## $t9 = 80C20000
/* 01684 80C21374 2739069C */  addiu   $t9, $t9, %lo(func_80C2069C) ## $t9 = 80C2069C
/* 01688 80C21378 1722000B */  bne     $t9, $v0, .L80C213A8       
/* 0168C 80C2137C 260402D8 */  addiu   $a0, $s0, 0x02D8           ## $a0 = 000002D8
/* 01690 80C21380 44800000 */  mtc1    $zero, $f0                 ## $f0 = 0.00
/* 01694 80C21384 3C073CF5 */  lui     $a3, 0x3CF5                ## $a3 = 3CF50000
/* 01698 80C21388 34E7C28F */  ori     $a3, $a3, 0xC28F           ## $a3 = 3CF5C28F
/* 0169C 80C2138C 44050000 */  mfc1    $a1, $f0                   
/* 016A0 80C21390 260402D8 */  addiu   $a0, $s0, 0x02D8           ## $a0 = 000002D8
/* 016A4 80C21394 3C063F00 */  lui     $a2, 0x3F00                ## $a2 = 3F000000
/* 016A8 80C21398 0C03FF36 */  jal     func_800FFCD8              
/* 016AC 80C2139C E7A00010 */  swc1    $f0, 0x0010($sp)           
/* 016B0 80C213A0 10000009 */  beq     $zero, $zero, .L80C213C8   
/* 016B4 80C213A4 860803E2 */  lh      $t0, 0x03E2($s0)           ## 000003E2
.L80C213A8:
/* 016B8 80C213A8 44800000 */  mtc1    $zero, $f0                 ## $f0 = 0.00
/* 016BC 80C213AC 3C073C23 */  lui     $a3, 0x3C23                ## $a3 = 3C230000
/* 016C0 80C213B0 34E7D70A */  ori     $a3, $a3, 0xD70A           ## $a3 = 3C23D70A
/* 016C4 80C213B4 44050000 */  mfc1    $a1, $f0                   
/* 016C8 80C213B8 3C063F00 */  lui     $a2, 0x3F00                ## $a2 = 3F000000
/* 016CC 80C213BC 0C03FF36 */  jal     func_800FFCD8              
/* 016D0 80C213C0 E7A00010 */  swc1    $f0, 0x0010($sp)           
/* 016D4 80C213C4 860803E2 */  lh      $t0, 0x03E2($s0)           ## 000003E2
.L80C213C8:
/* 016D8 80C213C8 3C0180C2 */  lui     $at, %hi(D_80C21F68)       ## $at = 80C20000
/* 016DC 80C213CC C4281F68 */  lwc1    $f8, %lo(D_80C21F68)($at)  
/* 016E0 80C213D0 44882000 */  mtc1    $t0, $f4                   ## $f4 = 0.00
/* 016E4 80C213D4 00000000 */  nop
/* 016E8 80C213D8 468021A0 */  cvt.s.w $f6, $f4                   
/* 016EC 80C213DC 46083282 */  mul.s   $f10, $f6, $f8             
/* 016F0 80C213E0 10000007 */  beq     $zero, $zero, .L80C21400   
/* 016F4 80C213E4 E60A02D4 */  swc1    $f10, 0x02D4($s0)          ## 000002D4
.L80C213E8:
/* 016F8 80C213E8 44800000 */  mtc1    $zero, $f0                 ## $f0 = 0.00
/* 016FC 80C213EC 3C073CA3 */  lui     $a3, 0x3CA3                ## $a3 = 3CA30000
/* 01700 80C213F0 34E7D70A */  ori     $a3, $a3, 0xD70A           ## $a3 = 3CA3D70A
/* 01704 80C213F4 34C6CCCD */  ori     $a2, $a2, 0xCCCD           ## $a2 = 0000CCCD
/* 01708 80C213F8 0C03FF36 */  jal     func_800FFCD8              
/* 0170C 80C213FC E7A00010 */  swc1    $f0, 0x0010($sp)           
.L80C21400:
/* 01710 80C21400 8FBF0024 */  lw      $ra, 0x0024($sp)           
.L80C21404:
/* 01714 80C21404 8FB00020 */  lw      $s0, 0x0020($sp)           
/* 01718 80C21408 27BD0028 */  addiu   $sp, $sp, 0x0028           ## $sp = 00000000
/* 0171C 80C2140C 03E00008 */  jr      $ra                        
/* 01720 80C21410 00000000 */  nop


glabel func_80C21414
/* 01724 80C21414 27BDFFE8 */  addiu   $sp, $sp, 0xFFE8           ## $sp = FFFFFFE8
/* 01728 80C21418 AFBF0014 */  sw      $ra, 0x0014($sp)           
/* 0172C 80C2141C AFA40018 */  sw      $a0, 0x0018($sp)           
/* 01730 80C21420 8FA40018 */  lw      $a0, 0x0018($sp)           
/* 01734 80C21424 0C02DCF8 */  jal     func_800B73E0              
/* 01738 80C21428 240511C7 */  addiu   $a1, $zero, 0x11C7         ## $a1 = 000011C7
/* 0173C 80C2142C 1040000B */  beq     $v0, $zero, .L80C2145C     
/* 01740 80C21430 8FBF0014 */  lw      $ra, 0x0014($sp)           
/* 01744 80C21434 8FAE0018 */  lw      $t6, 0x0018($sp)           
/* 01748 80C21438 3C014270 */  lui     $at, 0x4270                ## $at = 42700000
/* 0174C 80C2143C 44813000 */  mtc1    $at, $f6                   ## $f6 = 60.00
/* 01750 80C21440 C5C40098 */  lwc1    $f4, 0x0098($t6)           ## 00000098
/* 01754 80C21444 4606203C */  c.lt.s  $f4, $f6                   
/* 01758 80C21448 00000000 */  nop
/* 0175C 80C2144C 45020004 */  bc1fl   .L80C21460                 
/* 01760 80C21450 00001025 */  or      $v0, $zero, $zero          ## $v0 = 00000000
/* 01764 80C21454 10000002 */  beq     $zero, $zero, .L80C21460   
/* 01768 80C21458 24020001 */  addiu   $v0, $zero, 0x0001         ## $v0 = 00000001
.L80C2145C:
/* 0176C 80C2145C 00001025 */  or      $v0, $zero, $zero          ## $v0 = 00000000
.L80C21460:
/* 01770 80C21460 03E00008 */  jr      $ra                        
/* 01774 80C21464 27BD0018 */  addiu   $sp, $sp, 0x0018           ## $sp = 00000000


glabel func_80C21468
/* 01778 80C21468 27BDFF70 */  addiu   $sp, $sp, 0xFF70           ## $sp = FFFFFF70
/* 0177C 80C2146C AFB10044 */  sw      $s1, 0x0044($sp)           
/* 01780 80C21470 00808825 */  or      $s1, $a0, $zero            ## $s1 = 00000000
/* 01784 80C21474 AFBF0064 */  sw      $ra, 0x0064($sp)           
/* 01788 80C21478 AFBE0060 */  sw      $s8, 0x0060($sp)           
/* 0178C 80C2147C AFB7005C */  sw      $s7, 0x005C($sp)           
/* 01790 80C21480 AFB60058 */  sw      $s6, 0x0058($sp)           
/* 01794 80C21484 AFB50054 */  sw      $s5, 0x0054($sp)           
/* 01798 80C21488 AFB40050 */  sw      $s4, 0x0050($sp)           
/* 0179C 80C2148C AFB3004C */  sw      $s3, 0x004C($sp)           
/* 017A0 80C21490 AFB20048 */  sw      $s2, 0x0048($sp)           
/* 017A4 80C21494 AFB00040 */  sw      $s0, 0x0040($sp)           
/* 017A8 80C21498 F7B80038 */  sdc1    $f24, 0x0038($sp)          
/* 017AC 80C2149C F7B60030 */  sdc1    $f22, 0x0030($sp)          
/* 017B0 80C214A0 F7B40028 */  sdc1    $f20, 0x0028($sp)          
/* 017B4 80C214A4 AFA50094 */  sw      $a1, 0x0094($sp)           
/* 017B8 80C214A8 922E03E8 */  lbu     $t6, 0x03E8($s1)           ## 000003E8
/* 017BC 80C214AC 26320024 */  addiu   $s2, $s1, 0x0024           ## $s2 = 00000024
/* 017C0 80C214B0 02402825 */  or      $a1, $s2, $zero            ## $a1 = 00000024
/* 017C4 80C214B4 31CF0002 */  andi    $t7, $t6, 0x0002           ## $t7 = 00000000
/* 017C8 80C214B8 11E00003 */  beq     $t7, $zero, .L80C214C8     
/* 017CC 80C214BC 8FA40094 */  lw      $a0, 0x0094($sp)           
/* 017D0 80C214C0 10000002 */  beq     $zero, $zero, .L80C214CC   
/* 017D4 80C214C4 2414000D */  addiu   $s4, $zero, 0x000D         ## $s4 = 0000000D
.L80C214C8:
/* 017D8 80C214C8 2414000E */  addiu   $s4, $zero, 0x000E         ## $s4 = 0000000E
.L80C214CC:
/* 017DC 80C214CC 2406001E */  addiu   $a2, $zero, 0x001E         ## $a2 = 0000001E
/* 017E0 80C214D0 0C03C15A */  jal     func_800F0568              
/* 017E4 80C214D4 240728CB */  addiu   $a3, $zero, 0x28CB         ## $a3 = 000028CB
/* 017E8 80C214D8 1A800033 */  blez    $s4, .L80C215A8            
/* 017EC 80C214DC 2630022C */  addiu   $s0, $s1, 0x022C           ## $s0 = 0000022C
/* 017F0 80C214E0 3C0180C2 */  lui     $at, %hi(D_80C21F6C)       ## $at = 80C20000
/* 017F4 80C214E4 C4381F6C */  lwc1    $f24, %lo(D_80C21F6C)($at) 
/* 017F8 80C214E8 3C014080 */  lui     $at, 0x4080                ## $at = 40800000
/* 017FC 80C214EC 0014C080 */  sll     $t8, $s4,  2               
/* 01800 80C214F0 0314C023 */  subu    $t8, $t8, $s4              
/* 01804 80C214F4 4481B000 */  mtc1    $at, $f22                  ## $f22 = 4.00
/* 01808 80C214F8 3C014040 */  lui     $at, 0x4040                ## $at = 40400000
/* 0180C 80C214FC 0018C080 */  sll     $t8, $t8,  2               
/* 01810 80C21500 03119821 */  addu    $s3, $t8, $s1              
/* 01814 80C21504 3C1E80C2 */  lui     $s8, %hi(D_80C21E48)       ## $s8 = 80C20000
/* 01818 80C21508 3C1780C2 */  lui     $s7, %hi(D_80C21E44)       ## $s7 = 80C20000
/* 0181C 80C2150C 3C1680C2 */  lui     $s6, %hi(D_80C21E4C)       ## $s6 = 80C20000
/* 01820 80C21510 4481A000 */  mtc1    $at, $f20                  ## $f20 = 3.00
/* 01824 80C21514 26D61E4C */  addiu   $s6, $s6, %lo(D_80C21E4C)  ## $s6 = 80C21E4C
/* 01828 80C21518 26F71E44 */  addiu   $s7, $s7, %lo(D_80C21E44)  ## $s7 = 80C21E44
/* 0182C 80C2151C 27DE1E48 */  addiu   $s8, $s8, %lo(D_80C21E48)  ## $s8 = 80C21E48
/* 01830 80C21520 2673022C */  addiu   $s3, $s3, 0x022C           ## $s3 = 0000022C
/* 01834 80C21524 27B50084 */  addiu   $s5, $sp, 0x0084           ## $s5 = FFFFFFF4
/* 01838 80C21528 02402025 */  or      $a0, $s2, $zero            ## $a0 = 00000024
.L80C2152C:
/* 0183C 80C2152C 0C03FE98 */  jal     func_800FFA60              
/* 01840 80C21530 02002825 */  or      $a1, $s0, $zero            ## $a1 = 0000022C
/* 01844 80C21534 00028C00 */  sll     $s1, $v0, 16               
/* 01848 80C21538 00022400 */  sll     $a0, $v0, 16               
/* 0184C 80C2153C 00118C03 */  sra     $s1, $s1, 16               
/* 01850 80C21540 0C03FB61 */  jal     func_800FED84              
/* 01854 80C21544 00042403 */  sra     $a0, $a0, 16               
/* 01858 80C21548 46140102 */  mul.s   $f4, $f0, $f20             
/* 0185C 80C2154C 00112400 */  sll     $a0, $s1, 16               
/* 01860 80C21550 00042403 */  sra     $a0, $a0, 16               
/* 01864 80C21554 0C03FB51 */  jal     func_800FED44              
/* 01868 80C21558 E7A40084 */  swc1    $f4, 0x0084($sp)           
/* 0186C 80C2155C 46140182 */  mul.s   $f6, $f0, $f20             
/* 01870 80C21560 0C021BF7 */  jal     func_80086FDC              
/* 01874 80C21564 E7A6008C */  swc1    $f6, 0x008C($sp)           
/* 01878 80C21568 46160202 */  mul.s   $f8, $f0, $f22             
/* 0187C 80C2156C 4406C000 */  mfc1    $a2, $f24                  
/* 01880 80C21570 2419001E */  addiu   $t9, $zero, 0x001E         ## $t9 = 0000001E
/* 01884 80C21574 AFB9001C */  sw      $t9, 0x001C($sp)           
/* 01888 80C21578 8FA40094 */  lw      $a0, 0x0094($sp)           
/* 0188C 80C2157C 02002825 */  or      $a1, $s0, $zero            ## $a1 = 0000022C
/* 01890 80C21580 02A03825 */  or      $a3, $s5, $zero            ## $a3 = FFFFFFF4
/* 01894 80C21584 46164280 */  add.s   $f10, $f8, $f22            
/* 01898 80C21588 AFB60010 */  sw      $s6, 0x0010($sp)           
/* 0189C 80C2158C AFB70014 */  sw      $s7, 0x0014($sp)           
/* 018A0 80C21590 AFBE0018 */  sw      $s8, 0x0018($sp)           
/* 018A4 80C21594 0C02CAF0 */  jal     func_800B2BC0              
/* 018A8 80C21598 E7AA0088 */  swc1    $f10, 0x0088($sp)          
/* 018AC 80C2159C 2610000C */  addiu   $s0, $s0, 0x000C           ## $s0 = 00000238
/* 018B0 80C215A0 5613FFE2 */  bnel    $s0, $s3, .L80C2152C       
/* 018B4 80C215A4 02402025 */  or      $a0, $s2, $zero            ## $a0 = 00000024
.L80C215A8:
/* 018B8 80C215A8 8FBF0064 */  lw      $ra, 0x0064($sp)           
/* 018BC 80C215AC D7B40028 */  ldc1    $f20, 0x0028($sp)          
/* 018C0 80C215B0 D7B60030 */  ldc1    $f22, 0x0030($sp)          
/* 018C4 80C215B4 D7B80038 */  ldc1    $f24, 0x0038($sp)          
/* 018C8 80C215B8 8FB00040 */  lw      $s0, 0x0040($sp)           
/* 018CC 80C215BC 8FB10044 */  lw      $s1, 0x0044($sp)           
/* 018D0 80C215C0 8FB20048 */  lw      $s2, 0x0048($sp)           
/* 018D4 80C215C4 8FB3004C */  lw      $s3, 0x004C($sp)           
/* 018D8 80C215C8 8FB40050 */  lw      $s4, 0x0050($sp)           
/* 018DC 80C215CC 8FB50054 */  lw      $s5, 0x0054($sp)           
/* 018E0 80C215D0 8FB60058 */  lw      $s6, 0x0058($sp)           
/* 018E4 80C215D4 8FB7005C */  lw      $s7, 0x005C($sp)           
/* 018E8 80C215D8 8FBE0060 */  lw      $s8, 0x0060($sp)           
/* 018EC 80C215DC 03E00008 */  jr      $ra                        
/* 018F0 80C215E0 27BD0090 */  addiu   $sp, $sp, 0x0090           ## $sp = 00000000


glabel func_80C215E4
/* 018F4 80C215E4 27BDFF98 */  addiu   $sp, $sp, 0xFF98           ## $sp = FFFFFF98
/* 018F8 80C215E8 AFBF002C */  sw      $ra, 0x002C($sp)           
/* 018FC 80C215EC AFA40068 */  sw      $a0, 0x0068($sp)           
/* 01900 80C215F0 AFA5006C */  sw      $a1, 0x006C($sp)           
/* 01904 80C215F4 AFA60070 */  sw      $a2, 0x0070($sp)           
/* 01908 80C215F8 3C0F80C2 */  lui     $t7, %hi(D_80C21E58)       ## $t7 = 80C20000
/* 0190C 80C215FC 25EF1E58 */  addiu   $t7, $t7, %lo(D_80C21E58)  ## $t7 = 80C21E58
/* 01910 80C21600 8DF90000 */  lw      $t9, 0x0000($t7)           ## 80C21E58
/* 01914 80C21604 27AE0050 */  addiu   $t6, $sp, 0x0050           ## $t6 = FFFFFFE8
/* 01918 80C21608 8DF80004 */  lw      $t8, 0x0004($t7)           ## 80C21E5C
/* 0191C 80C2160C ADD90000 */  sw      $t9, 0x0000($t6)           ## FFFFFFE8
/* 01920 80C21610 8DF90008 */  lw      $t9, 0x0008($t7)           ## 80C21E60
/* 01924 80C21614 3C0980C2 */  lui     $t1, %hi(D_80C21E64)       ## $t1 = 80C20000
/* 01928 80C21618 25291E64 */  addiu   $t1, $t1, %lo(D_80C21E64)  ## $t1 = 80C21E64
/* 0192C 80C2161C ADD80004 */  sw      $t8, 0x0004($t6)           ## FFFFFFEC
/* 01930 80C21620 ADD90008 */  sw      $t9, 0x0008($t6)           ## FFFFFFF0
/* 01934 80C21624 8D2B0000 */  lw      $t3, 0x0000($t1)           ## 80C21E64
/* 01938 80C21628 27A80044 */  addiu   $t0, $sp, 0x0044           ## $t0 = FFFFFFDC
/* 0193C 80C2162C 8D2A0004 */  lw      $t2, 0x0004($t1)           ## 80C21E68
/* 01940 80C21630 AD0B0000 */  sw      $t3, 0x0000($t0)           ## FFFFFFDC
/* 01944 80C21634 8D2B0008 */  lw      $t3, 0x0008($t1)           ## 80C21E6C
/* 01948 80C21638 AD0A0004 */  sw      $t2, 0x0004($t0)           ## FFFFFFE0
/* 0194C 80C2163C 0C021BF7 */  jal     func_80086FDC              
/* 01950 80C21640 AD0B0008 */  sw      $t3, 0x0008($t0)           ## FFFFFFE4
/* 01954 80C21644 3C013F00 */  lui     $at, 0x3F00                ## $at = 3F000000
/* 01958 80C21648 44812000 */  mtc1    $at, $f4                   ## $f4 = 0.50
/* 0195C 80C2164C 3C0180C2 */  lui     $at, %hi(D_80C21F70)       ## $at = 80C20000
/* 01960 80C21650 C4281F70 */  lwc1    $f8, %lo(D_80C21F70)($at)  
/* 01964 80C21654 46040181 */  sub.s   $f6, $f0, $f4              
/* 01968 80C21658 8FAC006C */  lw      $t4, 0x006C($sp)           
/* 0196C 80C2165C 46083302 */  mul.s   $f12, $f6, $f8             
/* 01970 80C21660 E7AC0040 */  swc1    $f12, 0x0040($sp)          
/* 01974 80C21664 C58A0088 */  lwc1    $f10, 0x0088($t4)          ## 00000088
/* 01978 80C21668 0C05E53B */  jal     func_801794EC              
/* 0197C 80C2166C E7AA0060 */  swc1    $f10, 0x0060($sp)          
/* 01980 80C21670 3C014170 */  lui     $at, 0x4170                ## $at = 41700000
/* 01984 80C21674 44818000 */  mtc1    $at, $f16                  ## $f16 = 15.00
/* 01988 80C21678 8FAD0070 */  lw      $t5, 0x0070($sp)           
/* 0198C 80C2167C C7AC0040 */  lwc1    $f12, 0x0040($sp)          
/* 01990 80C21680 46100482 */  mul.s   $f18, $f0, $f16            
/* 01994 80C21684 C5A40000 */  lwc1    $f4, 0x0000($t5)           ## 00000000
/* 01998 80C21688 46049180 */  add.s   $f6, $f18, $f4             
/* 0199C 80C2168C 0C05E550 */  jal     func_80179540              
/* 019A0 80C21690 E7A6005C */  swc1    $f6, 0x005C($sp)           
/* 019A4 80C21694 3C014170 */  lui     $at, 0x4170                ## $at = 41700000
/* 019A8 80C21698 44814000 */  mtc1    $at, $f8                   ## $f8 = 15.00
/* 019AC 80C2169C 8FAE0070 */  lw      $t6, 0x0070($sp)           
/* 019B0 80C216A0 3C013F80 */  lui     $at, 0x3F80                ## $at = 3F800000
/* 019B4 80C216A4 46080282 */  mul.s   $f10, $f0, $f8             
/* 019B8 80C216A8 C5D00008 */  lwc1    $f16, 0x0008($t6)          ## 00000008
/* 019BC 80C216AC 44816000 */  mtc1    $at, $f12                  ## $f12 = 1.00
/* 019C0 80C216B0 46105480 */  add.s   $f18, $f10, $f16           
/* 019C4 80C216B4 0C05E570 */  jal     func_801795C0              
/* 019C8 80C216B8 E7B20064 */  swc1    $f18, 0x0064($sp)          
/* 019CC 80C216BC 3C013F80 */  lui     $at, 0x3F80                ## $at = 3F800000
/* 019D0 80C216C0 44816000 */  mtc1    $at, $f12                  ## $f12 = 1.00
/* 019D4 80C216C4 0C05E570 */  jal     func_801795C0              
/* 019D8 80C216C8 E7A00044 */  swc1    $f0, 0x0044($sp)           
/* 019DC 80C216CC 0C021BF7 */  jal     func_80086FDC              
/* 019E0 80C216D0 E7A0004C */  swc1    $f0, 0x004C($sp)           
/* 019E4 80C216D4 3C013F00 */  lui     $at, 0x3F00                ## $at = 3F000000
/* 019E8 80C216D8 44812000 */  mtc1    $at, $f4                   ## $f4 = 0.50
/* 019EC 80C216DC 3C014080 */  lui     $at, 0x4080                ## $at = 40800000
/* 019F0 80C216E0 44814000 */  mtc1    $at, $f8                   ## $f8 = 4.00
/* 019F4 80C216E4 46040181 */  sub.s   $f6, $f0, $f4              
/* 019F8 80C216E8 C7B00054 */  lwc1    $f16, 0x0054($sp)          
/* 019FC 80C216EC 46083282 */  mul.s   $f10, $f6, $f8             
/* 01A00 80C216F0 460A8480 */  add.s   $f18, $f16, $f10           
/* 01A04 80C216F4 0C021BF7 */  jal     func_80086FDC              
/* 01A08 80C216F8 E7B20054 */  swc1    $f18, 0x0054($sp)          
/* 01A0C 80C216FC 3C0140A0 */  lui     $at, 0x40A0                ## $at = 40A00000
/* 01A10 80C21700 44812000 */  mtc1    $at, $f4                   ## $f4 = 5.00
/* 01A14 80C21704 3C014140 */  lui     $at, 0x4140                ## $at = 41400000
/* 01A18 80C21708 44814000 */  mtc1    $at, $f8                   ## $f8 = 12.00
/* 01A1C 80C2170C 46040182 */  mul.s   $f6, $f0, $f4              
/* 01A20 80C21710 3C0180C2 */  lui     $at, %hi(D_80C21F74)       ## $at = 80C20000
/* 01A24 80C21714 C42A1F74 */  lwc1    $f10, %lo(D_80C21F74)($at) 
/* 01A28 80C21718 2419FFFF */  addiu   $t9, $zero, 0xFFFF         ## $t9 = FFFFFFFF
/* 01A2C 80C2171C 2408000A */  addiu   $t0, $zero, 0x000A         ## $t0 = 0000000A
/* 01A30 80C21720 AFA8001C */  sw      $t0, 0x001C($sp)           
/* 01A34 80C21724 AFB90018 */  sw      $t9, 0x0018($sp)           
/* 01A38 80C21728 46083400 */  add.s   $f16, $f6, $f8             
/* 01A3C 80C2172C 8FA40068 */  lw      $a0, 0x0068($sp)           
/* 01A40 80C21730 27A5005C */  addiu   $a1, $sp, 0x005C           ## $a1 = FFFFFFF4
/* 01A44 80C21734 27A60050 */  addiu   $a2, $sp, 0x0050           ## $a2 = FFFFFFE8
/* 01A48 80C21738 460A8482 */  mul.s   $f18, $f16, $f10           
/* 01A4C 80C2173C 27A70044 */  addiu   $a3, $sp, 0x0044           ## $a3 = FFFFFFDC
/* 01A50 80C21740 AFA00010 */  sw      $zero, 0x0010($sp)         
/* 01A54 80C21744 AFA00020 */  sw      $zero, 0x0020($sp)         
/* 01A58 80C21748 4600910D */  trunc.w.s $f4, $f18                  
/* 01A5C 80C2174C 44182000 */  mfc1    $t8, $f4                   
/* 01A60 80C21750 0C02C867 */  jal     func_800B219C              
/* 01A64 80C21754 AFB80014 */  sw      $t8, 0x0014($sp)           
/* 01A68 80C21758 24090096 */  addiu   $t1, $zero, 0x0096         ## $t1 = 00000096
/* 01A6C 80C2175C 240A0001 */  addiu   $t2, $zero, 0x0001         ## $t2 = 00000001
/* 01A70 80C21760 AFAA0018 */  sw      $t2, 0x0018($sp)           
/* 01A74 80C21764 AFA90010 */  sw      $t1, 0x0010($sp)           
/* 01A78 80C21768 8FA40068 */  lw      $a0, 0x0068($sp)           
/* 01A7C 80C2176C 27A5005C */  addiu   $a1, $sp, 0x005C           ## $a1 = FFFFFFF4
/* 01A80 80C21770 3C064120 */  lui     $a2, 0x4120                ## $a2 = 41200000
/* 01A84 80C21774 24070001 */  addiu   $a3, $zero, 0x0001         ## $a3 = 00000001
/* 01A88 80C21778 0C02EFEC */  jal     func_800BBFB0              
/* 01A8C 80C2177C AFA00014 */  sw      $zero, 0x0014($sp)         
/* 01A90 80C21780 8FBF002C */  lw      $ra, 0x002C($sp)           
/* 01A94 80C21784 27BD0068 */  addiu   $sp, $sp, 0x0068           ## $sp = 00000000
/* 01A98 80C21788 03E00008 */  jr      $ra                        
/* 01A9C 80C2178C 00000000 */  nop


glabel func_80C21790
/* 01AA0 80C21790 27BDFFD8 */  addiu   $sp, $sp, 0xFFD8           ## $sp = FFFFFFD8
/* 01AA4 80C21794 AFB10020 */  sw      $s1, 0x0020($sp)           
/* 01AA8 80C21798 AFB0001C */  sw      $s0, 0x001C($sp)           
/* 01AAC 80C2179C 00808025 */  or      $s0, $a0, $zero            ## $s0 = 00000000
/* 01AB0 80C217A0 00A08825 */  or      $s1, $a1, $zero            ## $s1 = 00000000
/* 01AB4 80C217A4 AFBF0024 */  sw      $ra, 0x0024($sp)           
/* 01AB8 80C217A8 8E190228 */  lw      $t9, 0x0228($s0)           ## 00000228
/* 01ABC 80C217AC 02002025 */  or      $a0, $s0, $zero            ## $a0 = 00000000
/* 01AC0 80C217B0 02202825 */  or      $a1, $s1, $zero            ## $a1 = 00000000
/* 01AC4 80C217B4 0320F809 */  jalr    $ra, $t9                   
/* 01AC8 80C217B8 00000000 */  nop
/* 01ACC 80C217BC 8E020228 */  lw      $v0, 0x0228($s0)           ## 00000228
/* 01AD0 80C217C0 3C0E80C2 */  lui     $t6, %hi(func_80C2016C)    ## $t6 = 80C20000
/* 01AD4 80C217C4 25CE016C */  addiu   $t6, $t6, %lo(func_80C2016C) ## $t6 = 80C2016C
/* 01AD8 80C217C8 11C20009 */  beq     $t6, $v0, .L80C217F0       
/* 01ADC 80C217CC 3C0F80C2 */  lui     $t7, %hi(func_80C20590)    ## $t7 = 80C20000
/* 01AE0 80C217D0 25EF0590 */  addiu   $t7, $t7, %lo(func_80C20590) ## $t7 = 80C20590
/* 01AE4 80C217D4 11E20006 */  beq     $t7, $v0, .L80C217F0       
/* 01AE8 80C217D8 3C1880C2 */  lui     $t8, %hi(func_80C2069C)    ## $t8 = 80C20000
/* 01AEC 80C217DC 2718069C */  addiu   $t8, $t8, %lo(func_80C2069C) ## $t8 = 80C2069C
/* 01AF0 80C217E0 13020003 */  beq     $t8, $v0, .L80C217F0       
/* 01AF4 80C217E4 00000000 */  nop
/* 01AF8 80C217E8 0C04DB34 */  jal     func_80136CD0              
/* 01AFC 80C217EC 260401E4 */  addiu   $a0, $s0, 0x01E4           ## $a0 = 000001E4
.L80C217F0:
/* 01B00 80C217F0 0C02DAA2 */  jal     func_800B6A88              
/* 01B04 80C217F4 02002025 */  or      $a0, $s0, $zero            ## $a0 = 00000000
/* 01B08 80C217F8 3C014270 */  lui     $at, 0x4270                ## $at = 42700000
/* 01B0C 80C217FC 44812000 */  mtc1    $at, $f4                   ## $f4 = 60.00
/* 01B10 80C21800 2408001D */  addiu   $t0, $zero, 0x001D         ## $t0 = 0000001D
/* 01B14 80C21804 AFA80014 */  sw      $t0, 0x0014($sp)           
/* 01B18 80C21808 02202025 */  or      $a0, $s1, $zero            ## $a0 = 00000000
/* 01B1C 80C2180C 02002825 */  or      $a1, $s0, $zero            ## $a1 = 00000000
/* 01B20 80C21810 3C064170 */  lui     $a2, 0x4170                ## $a2 = 41700000
/* 01B24 80C21814 3C0741F0 */  lui     $a3, 0x41F0                ## $a3 = 41F00000
/* 01B28 80C21818 0C02DE2E */  jal     func_800B78B8              
/* 01B2C 80C2181C E7A40010 */  swc1    $f4, 0x0010($sp)           
/* 01B30 80C21820 02002025 */  or      $a0, $s0, $zero            ## $a0 = 00000000
/* 01B34 80C21824 0C308494 */  jal     func_80C21250              
/* 01B38 80C21828 02202825 */  or      $a1, $s1, $zero            ## $a1 = 00000000
/* 01B3C 80C2182C 02002025 */  or      $a0, $s0, $zero            ## $a0 = 00000000
/* 01B40 80C21830 0C308359 */  jal     func_80C20D64              
/* 01B44 80C21834 02202825 */  or      $a1, $s1, $zero            ## $a1 = 00000000
/* 01B48 80C21838 02002025 */  or      $a0, $s0, $zero            ## $a0 = 00000000
/* 01B4C 80C2183C 0C3084C8 */  jal     func_80C21320              
/* 01B50 80C21840 02202825 */  or      $a1, $s1, $zero            ## $a1 = 00000000
/* 01B54 80C21844 8FBF0024 */  lw      $ra, 0x0024($sp)           
/* 01B58 80C21848 8FB0001C */  lw      $s0, 0x001C($sp)           
/* 01B5C 80C2184C 8FB10020 */  lw      $s1, 0x0020($sp)           
/* 01B60 80C21850 03E00008 */  jr      $ra                        
/* 01B64 80C21854 27BD0028 */  addiu   $sp, $sp, 0x0028           ## $sp = 00000000


glabel func_80C21858
/* 01B68 80C21858 27BDFFD8 */  addiu   $sp, $sp, 0xFFD8           ## $sp = FFFFFFD8
/* 01B6C 80C2185C AFA70034 */  sw      $a3, 0x0034($sp)           
/* 01B70 80C21860 00A03825 */  or      $a3, $a1, $zero            ## $a3 = 00000000
/* 01B74 80C21864 AFBF0014 */  sw      $ra, 0x0014($sp)           
/* 01B78 80C21868 AFA40028 */  sw      $a0, 0x0028($sp)           
/* 01B7C 80C2186C AFA5002C */  sw      $a1, 0x002C($sp)           
/* 01B80 80C21870 AFA60030 */  sw      $a2, 0x0030($sp)           
/* 01B84 80C21874 2401000B */  addiu   $at, $zero, 0x000B         ## $at = 0000000B
/* 01B88 80C21878 14E10032 */  bne     $a3, $at, .L80C21944       
/* 01B8C 80C2187C 8FAE0028 */  lw      $t6, 0x0028($sp)           
/* 01B90 80C21880 8DC4009C */  lw      $a0, 0x009C($t6)           ## 0000009C
/* 01B94 80C21884 8DC50000 */  lw      $a1, 0x0000($t6)           ## 00000000
/* 01B98 80C21888 AFA7002C */  sw      $a3, 0x002C($sp)           
/* 01B9C 80C2188C 00800821 */  addu    $at, $a0, $zero            
/* 01BA0 80C21890 00042080 */  sll     $a0, $a0,  2               
/* 01BA4 80C21894 00812023 */  subu    $a0, $a0, $at              
/* 01BA8 80C21898 00042100 */  sll     $a0, $a0,  4               
/* 01BAC 80C2189C 00812023 */  subu    $a0, $a0, $at              
/* 01BB0 80C218A0 000420C0 */  sll     $a0, $a0,  3               
/* 01BB4 80C218A4 00812023 */  subu    $a0, $a0, $at              
/* 01BB8 80C218A8 00042100 */  sll     $a0, $a0,  4               
/* 01BBC 80C218AC 00042400 */  sll     $a0, $a0, 16               
/* 01BC0 80C218B0 00042403 */  sra     $a0, $a0, 16               
/* 01BC4 80C218B4 0C03FB61 */  jal     func_800FED84              
/* 01BC8 80C218B8 AFA5001C */  sw      $a1, 0x001C($sp)           
/* 01BCC 80C218BC 3C0142BE */  lui     $at, 0x42BE                ## $at = 42BE0000
/* 01BD0 80C218C0 44812000 */  mtc1    $at, $f4                   ## $f4 = 95.00
/* 01BD4 80C218C4 3C014320 */  lui     $at, 0x4320                ## $at = 43200000
/* 01BD8 80C218C8 44813000 */  mtc1    $at, $f6                   ## $f6 = 160.00
/* 01BDC 80C218CC 46040002 */  mul.s   $f0, $f0, $f4              
/* 01BE0 80C218D0 8FA5001C */  lw      $a1, 0x001C($sp)           
/* 01BE4 80C218D4 8FA7002C */  lw      $a3, 0x002C($sp)           
/* 01BE8 80C218D8 46000005 */  abs.s   $f0, $f0                   
/* 01BEC 80C218DC 46060200 */  add.s   $f8, $f0, $f6              
/* 01BF0 80C218E0 8CA302B0 */  lw      $v1, 0x02B0($a1)           ## 000002B0
/* 01BF4 80C218E4 3C18E700 */  lui     $t8, 0xE700                ## $t8 = E7000000
/* 01BF8 80C218E8 4600428D */  trunc.w.s $f10, $f8                  
/* 01BFC 80C218EC 246F0008 */  addiu   $t7, $v1, 0x0008           ## $t7 = 00000008
/* 01C00 80C218F0 ACAF02B0 */  sw      $t7, 0x02B0($a1)           ## 000002B0
/* 01C04 80C218F4 AC600004 */  sw      $zero, 0x0004($v1)         ## 00000004
/* 01C08 80C218F8 AC780000 */  sw      $t8, 0x0000($v1)           ## 00000000
/* 01C0C 80C218FC 44025000 */  mfc1    $v0, $f10                  
/* 01C10 80C21900 8CA302B0 */  lw      $v1, 0x02B0($a1)           ## 000002B0
/* 01C14 80C21904 3C08FB00 */  lui     $t0, 0xFB00                ## $t0 = FB000000
/* 01C18 80C21908 00021400 */  sll     $v0, $v0, 16               
/* 01C1C 80C2190C 00021403 */  sra     $v0, $v0, 16               
/* 01C20 80C21910 304200FF */  andi    $v0, $v0, 0x00FF           ## $v0 = 00000000
/* 01C24 80C21914 00025600 */  sll     $t2, $v0, 24               
/* 01C28 80C21918 00025C00 */  sll     $t3, $v0, 16               
/* 01C2C 80C2191C 014B6025 */  or      $t4, $t2, $t3              ## $t4 = 00000000
/* 01C30 80C21920 00026A00 */  sll     $t5, $v0,  8               
/* 01C34 80C21924 24790008 */  addiu   $t9, $v1, 0x0008           ## $t9 = 00000008
/* 01C38 80C21928 ACB902B0 */  sw      $t9, 0x02B0($a1)           ## 000002B0
/* 01C3C 80C2192C 018D7025 */  or      $t6, $t4, $t5              ## $t6 = 00000000
/* 01C40 80C21930 35CF00FF */  ori     $t7, $t6, 0x00FF           ## $t7 = 000000FF
/* 01C44 80C21934 AC6F0004 */  sw      $t7, 0x0004($v1)           ## 00000004
/* 01C48 80C21938 AC680000 */  sw      $t0, 0x0000($v1)           ## 00000000
/* 01C4C 80C2193C 10000015 */  beq     $zero, $zero, .L80C21994   
/* 01C50 80C21940 2401000B */  addiu   $at, $zero, 0x000B         ## $at = 0000000B
.L80C21944:
/* 01C54 80C21944 2401000A */  addiu   $at, $zero, 0x000A         ## $at = 0000000A
/* 01C58 80C21948 14E10006 */  bne     $a3, $at, .L80C21964       
/* 01C5C 80C2194C 8FA4003C */  lw      $a0, 0x003C($sp)           
/* 01C60 80C21950 2484003C */  addiu   $a0, $a0, 0x003C           ## $a0 = 0000003C
/* 01C64 80C21954 0C0606D4 */  jal     func_80181B50              
/* 01C68 80C21958 AFA7002C */  sw      $a3, 0x002C($sp)           
/* 01C6C 80C2195C 1000000C */  beq     $zero, $zero, .L80C21990   
/* 01C70 80C21960 8FA7002C */  lw      $a3, 0x002C($sp)           
.L80C21964:
/* 01C74 80C21964 2401000C */  addiu   $at, $zero, 0x000C         ## $at = 0000000C
/* 01C78 80C21968 14E10009 */  bne     $a3, $at, .L80C21990       
/* 01C7C 80C2196C 8FB8003C */  lw      $t8, 0x003C($sp)           
/* 01C80 80C21970 871903DE */  lh      $t9, 0x03DE($t8)           ## 000003DE
/* 01C84 80C21974 24010001 */  addiu   $at, $zero, 0x0001         ## $at = 00000001
/* 01C88 80C21978 2404071C */  addiu   $a0, $zero, 0x071C         ## $a0 = 0000071C
/* 01C8C 80C2197C 17210004 */  bne     $t9, $at, .L80C21990       
/* 01C90 80C21980 24050001 */  addiu   $a1, $zero, 0x0001         ## $a1 = 00000001
/* 01C94 80C21984 0C06033E */  jal     func_80180CF8              
/* 01C98 80C21988 AFA7002C */  sw      $a3, 0x002C($sp)           
/* 01C9C 80C2198C 8FA7002C */  lw      $a3, 0x002C($sp)           
.L80C21990:
/* 01CA0 80C21990 2401000B */  addiu   $at, $zero, 0x000B         ## $at = 0000000B
.L80C21994:
/* 01CA4 80C21994 10E10004 */  beq     $a3, $at, .L80C219A8       
/* 01CA8 80C21998 00001025 */  or      $v0, $zero, $zero          ## $v0 = 00000000
/* 01CAC 80C2199C 2401000C */  addiu   $at, $zero, 0x000C         ## $at = 0000000C
/* 01CB0 80C219A0 14E10008 */  bne     $a3, $at, .L80C219C4       
/* 01CB4 80C219A4 00000000 */  nop
.L80C219A8:
/* 01CB8 80C219A8 8FA8003C */  lw      $t0, 0x003C($sp)           
/* 01CBC 80C219AC 8FAB0030 */  lw      $t3, 0x0030($sp)           
/* 01CC0 80C219B0 910903E8 */  lbu     $t1, 0x03E8($t0)           ## 000003E8
/* 01CC4 80C219B4 312A0002 */  andi    $t2, $t1, 0x0002           ## $t2 = 00000000
/* 01CC8 80C219B8 11400002 */  beq     $t2, $zero, .L80C219C4     
/* 01CCC 80C219BC 00000000 */  nop
/* 01CD0 80C219C0 AD600000 */  sw      $zero, 0x0000($t3)         ## 00000000
.L80C219C4:
/* 01CD4 80C219C4 8FBF0014 */  lw      $ra, 0x0014($sp)           
/* 01CD8 80C219C8 27BD0028 */  addiu   $sp, $sp, 0x0028           ## $sp = 00000000
/* 01CDC 80C219CC 03E00008 */  jr      $ra                        
/* 01CE0 80C219D0 00000000 */  nop


glabel func_80C219D4
/* 01CE4 80C219D4 27BDFFE0 */  addiu   $sp, $sp, 0xFFE0           ## $sp = FFFFFFE0
/* 01CE8 80C219D8 AFB10018 */  sw      $s1, 0x0018($sp)           
/* 01CEC 80C219DC AFB00014 */  sw      $s0, 0x0014($sp)           
/* 01CF0 80C219E0 AFA7002C */  sw      $a3, 0x002C($sp)           
/* 01CF4 80C219E4 00C03825 */  or      $a3, $a2, $zero            ## $a3 = 00000000
/* 01CF8 80C219E8 8FB00030 */  lw      $s0, 0x0030($sp)           
/* 01CFC 80C219EC 00A08825 */  or      $s1, $a1, $zero            ## $s1 = 00000000
/* 01D00 80C219F0 AFBF001C */  sw      $ra, 0x001C($sp)           
/* 01D04 80C219F4 AFA40020 */  sw      $a0, 0x0020($sp)           
/* 01D08 80C219F8 AFA60028 */  sw      $a2, 0x0028($sp)           
/* 01D0C 80C219FC 920E03E8 */  lbu     $t6, 0x03E8($s0)           ## 000003E8
/* 01D10 80C21A00 02202025 */  or      $a0, $s1, $zero            ## $a0 = 00000000
/* 01D14 80C21A04 26050144 */  addiu   $a1, $s0, 0x0144           ## $a1 = 00000144
/* 01D18 80C21A08 31CF0008 */  andi    $t7, $t6, 0x0008           ## $t7 = 00000000
/* 01D1C 80C21A0C 55E0005F */  bnel    $t7, $zero, .L80C21B8C     
/* 01D20 80C21A10 8FBF001C */  lw      $ra, 0x001C($sp)           
/* 01D24 80C21A14 0C039FF7 */  jal     func_800E7FDC              
/* 01D28 80C21A18 AFA70028 */  sw      $a3, 0x0028($sp)           
/* 01D2C 80C21A1C 2403000B */  addiu   $v1, $zero, 0x000B         ## $v1 = 0000000B
/* 01D30 80C21A20 8FA50020 */  lw      $a1, 0x0020($sp)           
/* 01D34 80C21A24 1623000E */  bne     $s1, $v1, .L80C21A60       
/* 01D38 80C21A28 8FA70028 */  lw      $a3, 0x0028($sp)           
/* 01D3C 80C21A2C 920203E8 */  lbu     $v0, 0x03E8($s0)           ## 000003E8
/* 01D40 80C21A30 30580001 */  andi    $t8, $v0, 0x0001           ## $t8 = 00000000
/* 01D44 80C21A34 1300000A */  beq     $t8, $zero, .L80C21A60     
/* 01D48 80C21A38 30590002 */  andi    $t9, $v0, 0x0002           ## $t9 = 00000000
/* 01D4C 80C21A3C 17200008 */  bne     $t9, $zero, .L80C21A60     
/* 01D50 80C21A40 02002025 */  or      $a0, $s0, $zero            ## $a0 = 00000000
/* 01D54 80C21A44 0C02EF3B */  jal     func_800BBCEC              
/* 01D58 80C21A48 24060001 */  addiu   $a2, $zero, 0x0001         ## $a2 = 00000001
/* 01D5C 80C21A4C 920803E8 */  lbu     $t0, 0x03E8($s0)           ## 000003E8
/* 01D60 80C21A50 2403000B */  addiu   $v1, $zero, 0x000B         ## $v1 = 0000000B
/* 01D64 80C21A54 35090002 */  ori     $t1, $t0, 0x0002           ## $t1 = 00000002
/* 01D68 80C21A58 10000010 */  beq     $zero, $zero, .L80C21A9C   
/* 01D6C 80C21A5C A20903E8 */  sb      $t1, 0x03E8($s0)           ## 000003E8
.L80C21A60:
/* 01D70 80C21A60 920203E8 */  lbu     $v0, 0x03E8($s0)           ## 000003E8
/* 01D74 80C21A64 304A0004 */  andi    $t2, $v0, 0x0004           ## $t2 = 00000000
/* 01D78 80C21A68 1140000C */  beq     $t2, $zero, .L80C21A9C     
/* 01D7C 80C21A6C 304B0008 */  andi    $t3, $v0, 0x0008           ## $t3 = 00000000
/* 01D80 80C21A70 5560000B */  bnel    $t3, $zero, .L80C21AA0     
/* 01D84 80C21A74 860D03E2 */  lh      $t5, 0x03E2($s0)           ## 000003E2
/* 01D88 80C21A78 16230002 */  bne     $s1, $v1, .L80C21A84       
/* 01D8C 80C21A7C 304C0001 */  andi    $t4, $v0, 0x0001           ## $t4 = 00000000
/* 01D90 80C21A80 15800006 */  bne     $t4, $zero, .L80C21A9C     
.L80C21A84:
/* 01D94 80C21A84 2401000C */  addiu   $at, $zero, 0x000C         ## $at = 0000000C
/* 01D98 80C21A88 12210004 */  beq     $s1, $at, .L80C21A9C       
/* 01D9C 80C21A8C 02002025 */  or      $a0, $s0, $zero            ## $a0 = 00000000
/* 01DA0 80C21A90 0C02EF3B */  jal     func_800BBCEC              
/* 01DA4 80C21A94 24060001 */  addiu   $a2, $zero, 0x0001         ## $a2 = 00000001
/* 01DA8 80C21A98 2403000B */  addiu   $v1, $zero, 0x000B         ## $v1 = 0000000B
.L80C21A9C:
/* 01DAC 80C21A9C 860D03E2 */  lh      $t5, 0x03E2($s0)           ## 000003E2
.L80C21AA0:
/* 01DB0 80C21AA0 24010002 */  addiu   $at, $zero, 0x0002         ## $at = 00000002
/* 01DB4 80C21AA4 51A00039 */  beql    $t5, $zero, .L80C21B8C     
/* 01DB8 80C21AA8 8FBF001C */  lw      $ra, 0x001C($sp)           
/* 01DBC 80C21AAC 12210019 */  beq     $s1, $at, .L80C21B14       
/* 01DC0 80C21AB0 24010004 */  addiu   $at, $zero, 0x0004         ## $at = 00000004
/* 01DC4 80C21AB4 12210017 */  beq     $s1, $at, .L80C21B14       
/* 01DC8 80C21AB8 24010005 */  addiu   $at, $zero, 0x0005         ## $at = 00000005
/* 01DCC 80C21ABC 12210015 */  beq     $s1, $at, .L80C21B14       
/* 01DD0 80C21AC0 24010006 */  addiu   $at, $zero, 0x0006         ## $at = 00000006
/* 01DD4 80C21AC4 12210013 */  beq     $s1, $at, .L80C21B14       
/* 01DD8 80C21AC8 24010007 */  addiu   $at, $zero, 0x0007         ## $at = 00000007
/* 01DDC 80C21ACC 12210011 */  beq     $s1, $at, .L80C21B14       
/* 01DE0 80C21AD0 24010008 */  addiu   $at, $zero, 0x0008         ## $at = 00000008
/* 01DE4 80C21AD4 1221000F */  beq     $s1, $at, .L80C21B14       
/* 01DE8 80C21AD8 24010009 */  addiu   $at, $zero, 0x0009         ## $at = 00000009
/* 01DEC 80C21ADC 1221000D */  beq     $s1, $at, .L80C21B14       
/* 01DF0 80C21AE0 2401000D */  addiu   $at, $zero, 0x000D         ## $at = 0000000D
/* 01DF4 80C21AE4 1221000B */  beq     $s1, $at, .L80C21B14       
/* 01DF8 80C21AE8 2401000E */  addiu   $at, $zero, 0x000E         ## $at = 0000000E
/* 01DFC 80C21AEC 12210009 */  beq     $s1, $at, .L80C21B14       
/* 01E00 80C21AF0 2401000F */  addiu   $at, $zero, 0x000F         ## $at = 0000000F
/* 01E04 80C21AF4 12210007 */  beq     $s1, $at, .L80C21B14       
/* 01E08 80C21AF8 24010010 */  addiu   $at, $zero, 0x0010         ## $at = 00000010
/* 01E0C 80C21AFC 12210005 */  beq     $s1, $at, .L80C21B14       
/* 01E10 80C21B00 24010011 */  addiu   $at, $zero, 0x0011         ## $at = 00000011
/* 01E14 80C21B04 12210003 */  beq     $s1, $at, .L80C21B14       
/* 01E18 80C21B08 24010012 */  addiu   $at, $zero, 0x0012         ## $at = 00000012
/* 01E1C 80C21B0C 1621000C */  bne     $s1, $at, .L80C21B40       
/* 01E20 80C21B10 00000000 */  nop
.L80C21B14:
/* 01E24 80C21B14 8E0E02DC */  lw      $t6, 0x02DC($s0)           ## 000002DC
/* 01E28 80C21B18 000E7880 */  sll     $t7, $t6,  2               
/* 01E2C 80C21B1C 01EE7823 */  subu    $t7, $t7, $t6              
/* 01E30 80C21B20 000F7880 */  sll     $t7, $t7,  2               
/* 01E34 80C21B24 020F2021 */  addu    $a0, $s0, $t7              
/* 01E38 80C21B28 0C0606D4 */  jal     func_80181B50              
/* 01E3C 80C21B2C 2484022C */  addiu   $a0, $a0, 0x022C           ## $a0 = 0000022C
/* 01E40 80C21B30 8E1802DC */  lw      $t8, 0x02DC($s0)           ## 000002DC
/* 01E44 80C21B34 27190001 */  addiu   $t9, $t8, 0x0001           ## $t9 = 00000001
/* 01E48 80C21B38 10000013 */  beq     $zero, $zero, .L80C21B88   
/* 01E4C 80C21B3C AE1902DC */  sw      $t9, 0x02DC($s0)           ## 000002DC
.L80C21B40:
/* 01E50 80C21B40 56230012 */  bnel    $s1, $v1, .L80C21B8C       
/* 01E54 80C21B44 8FBF001C */  lw      $ra, 0x001C($sp)           
/* 01E58 80C21B48 920803E8 */  lbu     $t0, 0x03E8($s0)           ## 000003E8
/* 01E5C 80C21B4C 31090002 */  andi    $t1, $t0, 0x0002           ## $t1 = 00000000
/* 01E60 80C21B50 5520000E */  bnel    $t1, $zero, .L80C21B8C     
/* 01E64 80C21B54 8FBF001C */  lw      $ra, 0x001C($sp)           
/* 01E68 80C21B58 8E0A02DC */  lw      $t2, 0x02DC($s0)           ## 000002DC
/* 01E6C 80C21B5C 3C0480C2 */  lui     $a0, %hi(D_80C21E70)       ## $a0 = 80C20000
/* 01E70 80C21B60 24841E70 */  addiu   $a0, $a0, %lo(D_80C21E70)  ## $a0 = 80C21E70
/* 01E74 80C21B64 000A5880 */  sll     $t3, $t2,  2               
/* 01E78 80C21B68 016A5823 */  subu    $t3, $t3, $t2              
/* 01E7C 80C21B6C 000B5880 */  sll     $t3, $t3,  2               
/* 01E80 80C21B70 020B2821 */  addu    $a1, $s0, $t3              
/* 01E84 80C21B74 0C0606A6 */  jal     func_80181A98              
/* 01E88 80C21B78 24A5022C */  addiu   $a1, $a1, 0x022C           ## $a1 = 0000022C
/* 01E8C 80C21B7C 8E0C02DC */  lw      $t4, 0x02DC($s0)           ## 000002DC
/* 01E90 80C21B80 258D0001 */  addiu   $t5, $t4, 0x0001           ## $t5 = 00000001
/* 01E94 80C21B84 AE0D02DC */  sw      $t5, 0x02DC($s0)           ## 000002DC
.L80C21B88:
/* 01E98 80C21B88 8FBF001C */  lw      $ra, 0x001C($sp)           
.L80C21B8C:
/* 01E9C 80C21B8C 8FB00014 */  lw      $s0, 0x0014($sp)           
/* 01EA0 80C21B90 8FB10018 */  lw      $s1, 0x0018($sp)           
/* 01EA4 80C21B94 03E00008 */  jr      $ra                        
/* 01EA8 80C21B98 27BD0020 */  addiu   $sp, $sp, 0x0020           ## $sp = 00000000


glabel func_80C21B9C
/* 01EAC 80C21B9C 27BDFFD0 */  addiu   $sp, $sp, 0xFFD0           ## $sp = FFFFFFD0
/* 01EB0 80C21BA0 AFB00028 */  sw      $s0, 0x0028($sp)           
/* 01EB4 80C21BA4 00808025 */  or      $s0, $a0, $zero            ## $s0 = 00000000
/* 01EB8 80C21BA8 AFBF002C */  sw      $ra, 0x002C($sp)           
/* 01EBC 80C21BAC AFA50034 */  sw      $a1, 0x0034($sp)           
/* 01EC0 80C21BB0 AE0002DC */  sw      $zero, 0x02DC($s0)         ## 000002DC
/* 01EC4 80C21BB4 8FAE0034 */  lw      $t6, 0x0034($sp)           
/* 01EC8 80C21BB8 0C04B0A3 */  jal     func_8012C28C              
/* 01ECC 80C21BBC 8DC40000 */  lw      $a0, 0x0000($t6)           ## 00000000
/* 01ED0 80C21BC0 3C0F80C2 */  lui     $t7, %hi(func_80C219D4)    ## $t7 = 80C20000
/* 01ED4 80C21BC4 25EF19D4 */  addiu   $t7, $t7, %lo(func_80C219D4) ## $t7 = 80C219D4
/* 01ED8 80C21BC8 8E0501E8 */  lw      $a1, 0x01E8($s0)           ## 000001E8
/* 01EDC 80C21BCC 8E060204 */  lw      $a2, 0x0204($s0)           ## 00000204
/* 01EE0 80C21BD0 3C0780C2 */  lui     $a3, %hi(func_80C21858)    ## $a3 = 80C20000
/* 01EE4 80C21BD4 24E71858 */  addiu   $a3, $a3, %lo(func_80C21858) ## $a3 = 80C21858
/* 01EE8 80C21BD8 AFB00014 */  sw      $s0, 0x0014($sp)           
/* 01EEC 80C21BDC AFAF0010 */  sw      $t7, 0x0010($sp)           
/* 01EF0 80C21BE0 0C04CECF */  jal     func_80133B3C              
/* 01EF4 80C21BE4 8FA40034 */  lw      $a0, 0x0034($sp)           
/* 01EF8 80C21BE8 861803E2 */  lh      $t8, 0x03E2($s0)           ## 000003E2
/* 01EFC 80C21BEC 3C013F00 */  lui     $at, 0x3F00                ## $at = 3F000000
/* 01F00 80C21BF0 5B00000F */  blezl   $t8, .L80C21C30            
/* 01F04 80C21BF4 920203E8 */  lbu     $v0, 0x03E8($s0)           ## 000003E8
/* 01F08 80C21BF8 C60402D8 */  lwc1    $f4, 0x02D8($s0)           ## 000002D8
/* 01F0C 80C21BFC 44813000 */  mtc1    $at, $f6                   ## $f6 = 0.50
/* 01F10 80C21C00 860702DE */  lh      $a3, 0x02DE($s0)           ## 000002DE
/* 01F14 80C21C04 E7A40010 */  swc1    $f4, 0x0010($sp)           
/* 01F18 80C21C08 E7A60014 */  swc1    $f6, 0x0014($sp)           
/* 01F1C 80C21C0C C60802D4 */  lwc1    $f8, 0x02D4($s0)           ## 000002D4
/* 01F20 80C21C10 8FA40034 */  lw      $a0, 0x0034($sp)           
/* 01F24 80C21C14 02002825 */  or      $a1, $s0, $zero            ## $a1 = 00000000
/* 01F28 80C21C18 E7A80018 */  swc1    $f8, 0x0018($sp)           
/* 01F2C 80C21C1C 921903E9 */  lbu     $t9, 0x03E9($s0)           ## 000003E9
/* 01F30 80C21C20 2606022C */  addiu   $a2, $s0, 0x022C           ## $a2 = 0000022C
/* 01F34 80C21C24 0C02F9A0 */  jal     func_800BE680              
/* 01F38 80C21C28 AFB9001C */  sw      $t9, 0x001C($sp)           
/* 01F3C 80C21C2C 920203E8 */  lbu     $v0, 0x03E8($s0)           ## 000003E8
.L80C21C30:
/* 01F40 80C21C30 30480004 */  andi    $t0, $v0, 0x0004           ## $t0 = 00000000
/* 01F44 80C21C34 11000002 */  beq     $t0, $zero, .L80C21C40     
/* 01F48 80C21C38 34490008 */  ori     $t1, $v0, 0x0008           ## $t1 = 00000008
/* 01F4C 80C21C3C A20903E8 */  sb      $t1, 0x03E8($s0)           ## 000003E8
.L80C21C40:
/* 01F50 80C21C40 8FBF002C */  lw      $ra, 0x002C($sp)           
/* 01F54 80C21C44 8FB00028 */  lw      $s0, 0x0028($sp)           
/* 01F58 80C21C48 27BD0030 */  addiu   $sp, $sp, 0x0030           ## $sp = 00000000
/* 01F5C 80C21C4C 03E00008 */  jr      $ra                        
/* 01F60 80C21C50 00000000 */  nop
/* 01F64 80C21C54 00000000 */  nop
/* 01F68 80C21C58 00000000 */  nop
/* 01F6C 80C21C5C 00000000 */  nop

.section .data

D_80C21C60: .word 0x02A50400, 0x00000019, 0x01420000, 0x000003EC
.word func_80C1FCF0
.word func_80C1FDE0
.word func_80C21790
.word func_80C21B9C
D_80C21C80: .word \
0x00000000, 0xF7CFFFFF, 0x00040000, 0x00000000, \
0x00000000, 0x01000000, 0x0F000000, 0x00000000, \
0x000A0064, 0x00000000, 0x00000000, 0x00000000, \
0xF7CFFFFF, 0x00000000, 0x00050100, 0x01000000, \
0x00000000, 0x00140064
D_80C21CC8: .word 0x06110939, 0x10000000, 0x00000002
.word D_80C21C80
D_80C21CD8: .word 0x02000000, 0x00000000, 0xFF000000
D_80C21CE4: .word \
0x10D100F1, 0xC3C3F211, 0xF2F1F123, 0x3342F110, \
0xD1F210B0, 0x0000F1F1, 0xF1020400, 0x000000F1
D_80C21D04: .word \
0x060064E0, 0x3F75C28F, 0x00000000, 0x00000000, \
0x00000000, 0xC0800000, 0x06003584, 0x3F800000, \
0x00000000, 0x00000000, 0x02000000, 0xBF800000, \
0x06002190, 0x3F19999A, 0x00000000, 0x00000000, \
0x03000000, 0x40800000, 0x06002AC8, 0x3F800000, \
0x00000000, 0x00000000, 0x02000000, 0xC0800000, \
0x0600270C, 0x3F800000, 0x00000000, 0x00000000, \
0x02000000, 0xC0800000, 0x0600697C, 0x3F800000, \
0x00000000, 0x00000000, 0x00000000, 0xC0800000, \
0x06006D90, 0x3F800000, 0x00000000, 0x00000000, \
0x00000000, 0xC0800000, 0x06001D1C, 0x3F800000, \
0x00000000, 0x00000000, 0x00000000, 0xC0800000, \
0x06003584, 0x3F800000, 0x00000000, 0x00000000, \
0x02000000, 0xC1000000, 0x06003584, 0x3F800000, \
0x00000000, 0x00000000, 0x02000000, 0xC1800000, \
0x06002AC8, 0x3F800000, 0x00000000, 0x00000000, \
0x02000000, 0xC1000000, 0x060015EC, 0x3F800000, \
0x00000000, 0x00000000, 0x02000000, 0xC1000000, \
0x060009E4, 0x3F800000, 0x00000000, 0x00000000, \
0x00000000, 0xC1000000
D_80C21E3C: .word 0xB05407D0, 0x3874F830
D_80C21E44: .word 0xAAFFFFFF
D_80C21E48: .word 0xC8C8FFFF
D_80C21E4C: .word 0x00000000, 0xBF800000, 0x00000000
D_80C21E58: .word 0x00000000, 0x41000000, 0x00000000
D_80C21E64: .word 0x00000000, 0xBFC00000, 0x00000000
D_80C21E70: .word 0x44480000, 0x44960000, 0x00000000, 0x00000000

.section .rodata

D_80C21E80: .word 0x3FCCCCCD
D_80C21E84: .word 0x3D4CCCCD
D_80C21E88: .word 0x3D4CCCCD
D_80C21E8C: .word 0x3D4CCCCD
D_80C21E90: .word 0x4019999A
D_80C21E94: .word .L80C20984
.word .L80C20984
.word .L80C20984
.word .L80C20920
.word .L80C20944
.word .L80C20958
.word .L80C2096C
D_80C21EB0: .word .L80C20ABC
.word .L80C20AD8
.word .L80C20AF4
.word .L80C20B10
.word .L80C20B2C
.word .L80C20B48
D_80C21EC8: .word .L80C20C70
.word .L80C20CA4
.word .L80C20CB8
.word .L80C20CB8
.word .L80C20CB8
.word .L80C20CB8
.word .L80C20CB8
.word .L80C20CB8
.word .L80C20D50
.word .L80C20CF0
.word .L80C20D0C
.word .L80C20CD4
D_80C21EF8: .word .L80C2123C
.word .L80C20F4C
.word .L80C2123C
.word .L80C2123C
.word .L80C20F4C
.word .L80C20F4C
.word .L80C20F4C
.word .L80C20F4C
.word .L80C20F4C
.word .L80C20F4C
.word .L80C20F4C
.word .L80C2123C
.word .L80C2123C
D_80C21F2C: .word .L80C21038
.word .L80C21064
.word .L80C210C8
.word .L80C21140
.word .L80C2123C
.word .L80C2123C
.word .L80C2123C
.word .L80C2123C
.word .L80C2123C
.word .L80C2123C
.word .L80C20FE8
.word .L80C211B4
.word .L80C211F8
.word .L80C211B4
.word .L80C211C0
D_80C21F68: .word 0x3D4CCCCD
D_80C21F6C: .word 0x3F19999A
D_80C21F70: .word 0x40C8F5C3
D_80C21F74: .word 0x3F4CCCCD, 0x00000000, 0x00000000


.section .rodata
D_80C21F80:
.incbin "baserom/En_Hint_Skb", 0x2290, 0x000003D0
