.include "macro.inc"

# assembler directives
.set noat      # allow manual use of $at
.set noreorder # don't insert nops after branches
.set gp=64     # allow use of 64-bit general purpose registers

.section .text
glabel func_80929910
/* 00000 80929910 27BDFFC8 */  addiu   $sp, $sp, 0xFFC8           ## $sp = FFFFFFC8
/* 00004 80929914 AFB20030 */  sw      $s2, 0x0030($sp)           
/* 00008 80929918 AFB00028 */  sw      $s0, 0x0028($sp)           
/* 0000C 8092991C 00A08025 */  or      $s0, $a1, $zero            ## $s0 = 00000000
/* 00010 80929920 00809025 */  or      $s2, $a0, $zero            ## $s2 = 00000000
/* 00014 80929924 AFBF0034 */  sw      $ra, 0x0034($sp)           
/* 00018 80929928 AFB1002C */  sw      $s1, 0x002C($sp)           
/* 0001C 8092992C 3C058093 */  lui     $a1, %hi(D_8092C168)       ## $a1 = 80930000
/* 00020 80929930 24A5C168 */  addiu   $a1, $a1, %lo(D_8092C168)  ## $a1 = 8092C168
/* 00024 80929934 0C03FEB7 */  jal     func_800FFADC              
/* 00028 80929938 02402025 */  or      $a0, $s2, $zero            ## $a0 = 00000000
/* 0002C 8092993C 3C060601 */  lui     $a2, 0x0601                ## $a2 = 06010000
/* 00030 80929940 3C070600 */  lui     $a3, 0x0600                ## $a3 = 06000000
/* 00034 80929944 264E0188 */  addiu   $t6, $s2, 0x0188           ## $t6 = 00000188
/* 00038 80929948 264F023C */  addiu   $t7, $s2, 0x023C           ## $t7 = 0000023C
/* 0003C 8092994C 2418001E */  addiu   $t8, $zero, 0x001E         ## $t8 = 0000001E
/* 00040 80929950 AFB80018 */  sw      $t8, 0x0018($sp)           
/* 00044 80929954 AFAF0014 */  sw      $t7, 0x0014($sp)           
/* 00048 80929958 AFAE0010 */  sw      $t6, 0x0010($sp)           
/* 0004C 8092995C 24E76294 */  addiu   $a3, $a3, 0x6294           ## $a3 = 06006294
/* 00050 80929960 24C636A0 */  addiu   $a2, $a2, 0x36A0           ## $a2 = 060136A0
/* 00054 80929964 02002025 */  or      $a0, $s0, $zero            ## $a0 = 00000000
/* 00058 80929968 0C04DACC */  jal     func_80136B30              
/* 0005C 8092996C 26450144 */  addiu   $a1, $s2, 0x0144           ## $a1 = 00000144
/* 00060 80929970 265103AC */  addiu   $s1, $s2, 0x03AC           ## $s1 = 000003AC
/* 00064 80929974 3C078093 */  lui     $a3, %hi(D_8092C01C)       ## $a3 = 80930000
/* 00068 80929978 24E7C01C */  addiu   $a3, $a3, %lo(D_8092C01C)  ## $a3 = 8092C01C
/* 0006C 8092997C 02202825 */  or      $a1, $s1, $zero            ## $a1 = 000003AC
/* 00070 80929980 02002025 */  or      $a0, $s0, $zero            ## $a0 = 00000000
/* 00074 80929984 0C0384DD */  jal     func_800E1374              
/* 00078 80929988 02403025 */  or      $a2, $s2, $zero            ## $a2 = 00000000
/* 0007C 8092998C 02402025 */  or      $a0, $s2, $zero            ## $a0 = 00000000
/* 00080 80929990 0C039F7E */  jal     func_800E7DF8              
/* 00084 80929994 02202825 */  or      $a1, $s1, $zero            ## $a1 = 000003AC
/* 00088 80929998 3C078093 */  lui     $a3, %hi(D_8092C0C0)       ## $a3 = 80930000
/* 0008C 8092999C 26590498 */  addiu   $t9, $s2, 0x0498           ## $t9 = 00000498
/* 00090 809299A0 AFB90010 */  sw      $t9, 0x0010($sp)           
/* 00094 809299A4 24E7C0C0 */  addiu   $a3, $a3, %lo(D_8092C0C0)  ## $a3 = 8092C0C0
/* 00098 809299A8 02002025 */  or      $a0, $s0, $zero            ## $a0 = 00000000
/* 0009C 809299AC 26450478 */  addiu   $a1, $s2, 0x0478           ## $a1 = 00000478
/* 000A0 809299B0 0C038689 */  jal     func_800E1A24              
/* 000A4 809299B4 02403025 */  or      $a2, $s2, $zero            ## $a2 = 00000000
/* 000A8 809299B8 3C078093 */  lui     $a3, %hi(D_8092C0D0)       ## $a3 = 80930000
/* 000AC 809299BC 24E7C0D0 */  addiu   $a3, $a3, %lo(D_8092C0D0)  ## $a3 = 8092C0D0
/* 000B0 809299C0 02002025 */  or      $a0, $s0, $zero            ## $a0 = 00000000
/* 000B4 809299C4 264503F8 */  addiu   $a1, $s2, 0x03F8           ## $a1 = 000003F8
/* 000B8 809299C8 0C0387E2 */  jal     func_800E1F88              
/* 000BC 809299CC 02403025 */  or      $a2, $s2, $zero            ## $a2 = 00000000
/* 000C0 809299D0 3C058093 */  lui     $a1, %hi(D_8092C120)       ## $a1 = 80930000
/* 000C4 809299D4 3C068093 */  lui     $a2, %hi(D_8092C160)       ## $a2 = 80930000
/* 000C8 809299D8 24C6C160 */  addiu   $a2, $a2, %lo(D_8092C160)  ## $a2 = 8092C160
/* 000CC 809299DC 24A5C120 */  addiu   $a1, $a1, %lo(D_8092C120)  ## $a1 = 8092C120
/* 000D0 809299E0 0C039D4C */  jal     func_800E7530              
/* 000D4 809299E4 264400A0 */  addiu   $a0, $s2, 0x00A0           ## $a0 = 000000A0
/* 000D8 809299E8 8648001C */  lh      $t0, 0x001C($s2)           ## 0000001C
/* 000DC 809299EC 3C0C8093 */  lui     $t4, %hi(D_8092C174)       ## $t4 = 80930000
/* 000E0 809299F0 258CC174 */  addiu   $t4, $t4, %lo(D_8092C174)  ## $t4 = 8092C174
/* 000E4 809299F4 310900FF */  andi    $t1, $t0, 0x00FF           ## $t1 = 00000000
/* 000E8 809299F8 A649001C */  sh      $t1, 0x001C($s2)           ## 0000001C
/* 000EC 809299FC 864A001C */  lh      $t2, 0x001C($s2)           ## 0000001C
/* 000F0 80929A00 02002025 */  or      $a0, $s0, $zero            ## $a0 = 00000000
/* 000F4 80929A04 26450300 */  addiu   $a1, $s2, 0x0300           ## $a1 = 00000300
/* 000F8 80929A08 254BFFFF */  addiu   $t3, $t2, 0xFFFF           ## $t3 = FFFFFFFF
/* 000FC 80929A0C A64B001C */  sh      $t3, 0x001C($s2)           ## 0000001C
/* 00100 80929A10 AFAC0014 */  sw      $t4, 0x0014($sp)           
/* 00104 80929A14 AFA00010 */  sw      $zero, 0x0010($sp)         
/* 00108 80929A18 24060002 */  addiu   $a2, $zero, 0x0002         ## $a2 = 00000002
/* 0010C 80929A1C 0C02BE58 */  jal     func_800AF960              
/* 00110 80929A20 00003825 */  or      $a3, $zero, $zero          ## $a3 = 00000000
/* 00114 80929A24 3C0D8093 */  lui     $t5, %hi(D_8092C198)       ## $t5 = 80930000
/* 00118 80929A28 8DADC198 */  lw      $t5, %lo(D_8092C198)($t5)  
/* 0011C 80929A2C 3C108093 */  lui     $s0, %hi(D_8092BFD8)       ## $s0 = 80930000
/* 00120 80929A30 2610BFD8 */  addiu   $s0, $s0, %lo(D_8092BFD8)  ## $s0 = 8092BFD8
/* 00124 80929A34 15A00010 */  bne     $t5, $zero, .L80929A78     
/* 00128 80929A38 3C118093 */  lui     $s1, %hi(D_8092BFFC)       ## $s1 = 80930000
/* 0012C 80929A3C 2631BFFC */  addiu   $s1, $s1, %lo(D_8092BFFC)  ## $s1 = 8092BFFC
.L80929A40:
/* 00130 80929A40 0C040141 */  jal     func_80100504              
/* 00134 80929A44 8E040000 */  lw      $a0, 0x0000($s0)           ## 8092BFD8
/* 00138 80929A48 AE020000 */  sw      $v0, 0x0000($s0)           ## 8092BFD8
/* 0013C 80929A4C 0C040141 */  jal     func_80100504              
/* 00140 80929A50 8E040004 */  lw      $a0, 0x0004($s0)           ## 8092BFDC
/* 00144 80929A54 AE020004 */  sw      $v0, 0x0004($s0)           ## 8092BFDC
/* 00148 80929A58 0C040141 */  jal     func_80100504              
/* 0014C 80929A5C 8E040008 */  lw      $a0, 0x0008($s0)           ## 8092BFE0
/* 00150 80929A60 2610000C */  addiu   $s0, $s0, 0x000C           ## $s0 = 8092BFE4
/* 00154 80929A64 1611FFF6 */  bne     $s0, $s1, .L80929A40       
/* 00158 80929A68 AE02FFFC */  sw      $v0, -0x0004($s0)          ## 8092BFE0
/* 0015C 80929A6C 240E0001 */  addiu   $t6, $zero, 0x0001         ## $t6 = 00000001
/* 00160 80929A70 3C018093 */  lui     $at, %hi(D_8092C198)       ## $at = 80930000
/* 00164 80929A74 AC2EC198 */  sw      $t6, %lo(D_8092C198)($at)  
.L80929A78:
/* 00168 80929A78 0C24A7A2 */  jal     func_80929E88              
/* 0016C 80929A7C 02402025 */  or      $a0, $s2, $zero            ## $a0 = 00000000
/* 00170 80929A80 8FBF0034 */  lw      $ra, 0x0034($sp)           
/* 00174 80929A84 8FB00028 */  lw      $s0, 0x0028($sp)           
/* 00178 80929A88 8FB1002C */  lw      $s1, 0x002C($sp)           
/* 0017C 80929A8C 8FB20030 */  lw      $s2, 0x0030($sp)           
/* 00180 80929A90 03E00008 */  jr      $ra                        
/* 00184 80929A94 27BD0038 */  addiu   $sp, $sp, 0x0038           ## $sp = 00000000


glabel func_80929A98
/* 00188 80929A98 27BDFFE8 */  addiu   $sp, $sp, 0xFFE8           ## $sp = FFFFFFE8
/* 0018C 80929A9C AFBF0014 */  sw      $ra, 0x0014($sp)           
/* 00190 80929AA0 AFA40018 */  sw      $a0, 0x0018($sp)           
/* 00194 80929AA4 AFA5001C */  sw      $a1, 0x001C($sp)           
/* 00198 80929AA8 8FA50018 */  lw      $a1, 0x0018($sp)           
/* 0019C 80929AAC 8FA4001C */  lw      $a0, 0x001C($sp)           
/* 001A0 80929AB0 0C0385ED */  jal     func_800E17B4              
/* 001A4 80929AB4 24A50478 */  addiu   $a1, $a1, 0x0478           ## $a1 = 00000478
/* 001A8 80929AB8 8FA50018 */  lw      $a1, 0x0018($sp)           
/* 001AC 80929ABC 8FA4001C */  lw      $a0, 0x001C($sp)           
/* 001B0 80929AC0 0C03847B */  jal     func_800E11EC              
/* 001B4 80929AC4 24A503AC */  addiu   $a1, $a1, 0x03AC           ## $a1 = 000003AC
/* 001B8 80929AC8 8FA50018 */  lw      $a1, 0x0018($sp)           
/* 001BC 80929ACC 8FA4001C */  lw      $a0, 0x001C($sp)           
/* 001C0 80929AD0 0C03879A */  jal     func_800E1E68              
/* 001C4 80929AD4 24A503F8 */  addiu   $a1, $a1, 0x03F8           ## $a1 = 000003F8
/* 001C8 80929AD8 8FAE0018 */  lw      $t6, 0x0018($sp)           
/* 001CC 80929ADC 8FA4001C */  lw      $a0, 0x001C($sp)           
/* 001D0 80929AE0 0C02BF73 */  jal     func_800AFDCC              
/* 001D4 80929AE4 8DC50300 */  lw      $a1, 0x0300($t6)           ## 00000300
/* 001D8 80929AE8 8FBF0014 */  lw      $ra, 0x0014($sp)           
/* 001DC 80929AEC 27BD0018 */  addiu   $sp, $sp, 0x0018           ## $sp = 00000000
/* 001E0 80929AF0 03E00008 */  jr      $ra                        
/* 001E4 80929AF4 00000000 */  nop


glabel func_80929AF8
/* 001E8 80929AF8 27BDFFE0 */  addiu   $sp, $sp, 0xFFE0           ## $sp = FFFFFFE0
/* 001EC 80929AFC AFBF001C */  sw      $ra, 0x001C($sp)           
/* 001F0 80929B00 240E000A */  addiu   $t6, $zero, 0x000A         ## $t6 = 0000000A
/* 001F4 80929B04 A08E02F5 */  sb      $t6, 0x02F5($a0)           ## 000002F5
/* 001F8 80929B08 3C018093 */  lui     $at, %hi(D_8092C210)       ## $at = 80930000
/* 001FC 80929B0C C424C210 */  lwc1    $f4, %lo(D_8092C210)($at)  
/* 00200 80929B10 3C018093 */  lui     $at, %hi(D_8092C214)       ## $at = 80930000
/* 00204 80929B14 8C980004 */  lw      $t8, 0x0004($a0)           ## 00000004
/* 00208 80929B18 E4840308 */  swc1    $f4, 0x0308($a0)           ## 00000308
/* 0020C 80929B1C C426C214 */  lwc1    $f6, %lo(D_8092C214)($at)  
/* 00210 80929B20 3C013F80 */  lui     $at, 0x3F80                ## $at = 3F800000
/* 00214 80929B24 44814000 */  mtc1    $at, $f8                   ## $f8 = 1.00
/* 00218 80929B28 2401FBFF */  addiu   $at, $zero, 0xFBFF         ## $at = FFFFFBFF
/* 0021C 80929B2C 240F0050 */  addiu   $t7, $zero, 0x0050         ## $t7 = 00000050
/* 00220 80929B30 0301C824 */  and     $t9, $t8, $at              
/* 00224 80929B34 A48F02F6 */  sh      $t7, 0x02F6($a0)           ## 000002F6
/* 00228 80929B38 AC990004 */  sw      $t9, 0x0004($a0)           ## 00000004
/* 0022C 80929B3C 24080050 */  addiu   $t0, $zero, 0x0050         ## $t0 = 00000050
/* 00230 80929B40 E486030C */  swc1    $f6, 0x030C($a0)           ## 0000030C
/* 00234 80929B44 E4880304 */  swc1    $f8, 0x0304($a0)           ## 00000304
/* 00238 80929B48 AFA80010 */  sw      $t0, 0x0010($sp)           
/* 0023C 80929B4C 24054000 */  addiu   $a1, $zero, 0x4000         ## $a1 = 00004000
/* 00240 80929B50 240600FF */  addiu   $a2, $zero, 0x00FF         ## $a2 = 000000FF
/* 00244 80929B54 0C02F2DC */  jal     func_800BCB70              
/* 00248 80929B58 00003825 */  or      $a3, $zero, $zero          ## $a3 = 00000000
/* 0024C 80929B5C 8FBF001C */  lw      $ra, 0x001C($sp)           
/* 00250 80929B60 27BD0020 */  addiu   $sp, $sp, 0x0020           ## $sp = 00000000
/* 00254 80929B64 03E00008 */  jr      $ra                        
/* 00258 80929B68 00000000 */  nop


glabel func_80929B6C
/* 0025C 80929B6C 27BDFFD0 */  addiu   $sp, $sp, 0xFFD0           ## $sp = FFFFFFD0
/* 00260 80929B70 AFB00028 */  sw      $s0, 0x0028($sp)           
/* 00264 80929B74 00808025 */  or      $s0, $a0, $zero            ## $s0 = 00000000
/* 00268 80929B78 AFBF002C */  sw      $ra, 0x002C($sp)           
/* 0026C 80929B7C AFA50034 */  sw      $a1, 0x0034($sp)           
/* 00270 80929B80 920E02F5 */  lbu     $t6, 0x02F5($s0)           ## 000002F5
/* 00274 80929B84 2401000A */  addiu   $at, $zero, 0x000A         ## $at = 0000000A
/* 00278 80929B88 02002825 */  or      $a1, $s0, $zero            ## $a1 = 00000000
/* 0027C 80929B8C 15C10012 */  bne     $t6, $at, .L80929BD8       
/* 00280 80929B90 26060310 */  addiu   $a2, $s0, 0x0310           ## $a2 = 00000310
/* 00284 80929B94 44802000 */  mtc1    $zero, $f4                 ## $f4 = 0.00
/* 00288 80929B98 A20002F5 */  sb      $zero, 0x02F5($s0)         ## 000002F5
/* 0028C 80929B9C 3C018093 */  lui     $at, %hi(D_8092C218)       ## $at = 80930000
/* 00290 80929BA0 E6040304 */  swc1    $f4, 0x0304($s0)           ## 00000304
/* 00294 80929BA4 C426C218 */  lwc1    $f6, %lo(D_8092C218)($at)  
/* 00298 80929BA8 3C018093 */  lui     $at, %hi(D_8092C21C)       ## $at = 80930000
/* 0029C 80929BAC C428C21C */  lwc1    $f8, %lo(D_8092C21C)($at)  
/* 002A0 80929BB0 240F0002 */  addiu   $t7, $zero, 0x0002         ## $t7 = 00000002
/* 002A4 80929BB4 AFAF0010 */  sw      $t7, 0x0010($sp)           
/* 002A8 80929BB8 8FA40034 */  lw      $a0, 0x0034($sp)           
/* 002AC 80929BBC 2407000D */  addiu   $a3, $zero, 0x000D         ## $a3 = 0000000D
/* 002B0 80929BC0 E7A60014 */  swc1    $f6, 0x0014($sp)           
/* 002B4 80929BC4 0C02FDF3 */  jal     func_800BF7CC              
/* 002B8 80929BC8 E7A80018 */  swc1    $f8, 0x0018($sp)           
/* 002BC 80929BCC 8E180004 */  lw      $t8, 0x0004($s0)           ## 00000004
/* 002C0 80929BD0 37190400 */  ori     $t9, $t8, 0x0400           ## $t9 = 00000400
/* 002C4 80929BD4 AE190004 */  sw      $t9, 0x0004($s0)           ## 00000004
.L80929BD8:
/* 002C8 80929BD8 8FBF002C */  lw      $ra, 0x002C($sp)           
/* 002CC 80929BDC 8FB00028 */  lw      $s0, 0x0028($sp)           
/* 002D0 80929BE0 27BD0030 */  addiu   $sp, $sp, 0x0030           ## $sp = 00000000
/* 002D4 80929BE4 03E00008 */  jr      $ra                        
/* 002D8 80929BE8 00000000 */  nop


glabel func_80929BEC
/* 002DC 80929BEC 27BDFFC8 */  addiu   $sp, $sp, 0xFFC8           ## $sp = FFFFFFC8
/* 002E0 80929BF0 AFB00030 */  sw      $s0, 0x0030($sp)           
/* 002E4 80929BF4 00808025 */  or      $s0, $a0, $zero            ## $s0 = 00000000
/* 002E8 80929BF8 AFBF0034 */  sw      $ra, 0x0034($sp)           
/* 002EC 80929BFC 861803D4 */  lh      $t8, 0x03D4($s0)           ## 000003D4
/* 002F0 80929C00 860F03D2 */  lh      $t7, 0x03D2($s0)           ## 000003D2
/* 002F4 80929C04 3C014080 */  lui     $at, 0x4080                ## $at = 40800000
/* 002F8 80929C08 44819000 */  mtc1    $at, $f18                  ## $f18 = 4.00
/* 002FC 80929C0C 44988000 */  mtc1    $t8, $f16                  ## $f16 = 0.00
/* 00300 80929C10 448F7000 */  mtc1    $t7, $f14                  ## $f14 = 0.00
/* 00304 80929C14 E6120304 */  swc1    $f18, 0x0304($s0)          ## 00000304
/* 00308 80929C18 46808420 */  cvt.s.w $f16, $f16                 
/* 0030C 80929C1C 3C018093 */  lui     $at, %hi(D_8092C220)       ## $at = 80930000
/* 00310 80929C20 C432C220 */  lwc1    $f18, %lo(D_8092C220)($at) 
/* 00314 80929C24 240E0014 */  addiu   $t6, $zero, 0x0014         ## $t6 = 00000014
/* 00318 80929C28 A20E02F5 */  sb      $t6, 0x02F5($s0)           ## 000002F5
/* 0031C 80929C2C 468073A0 */  cvt.s.w $f14, $f14                 
/* 00320 80929C30 E6120308 */  swc1    $f18, 0x0308($s0)          ## 00000308
/* 00324 80929C34 E7B00010 */  swc1    $f16, 0x0010($sp)          
/* 00328 80929C38 861903D6 */  lh      $t9, 0x03D6($s0)           ## 000003D6
/* 0032C 80929C3C 24080004 */  addiu   $t0, $zero, 0x0004         ## $t0 = 00000004
/* 00330 80929C40 24A41CA0 */  addiu   $a0, $a1, 0x1CA0           ## $a0 = 00001CA0
/* 00334 80929C44 44998000 */  mtc1    $t9, $f16                  ## $f16 = 0.00
/* 00338 80929C48 44077000 */  mfc1    $a3, $f14                  
/* 0033C 80929C4C 240600A2 */  addiu   $a2, $zero, 0x00A2         ## $a2 = 000000A2
/* 00340 80929C50 46808420 */  cvt.s.w $f16, $f16                 
/* 00344 80929C54 AFA00018 */  sw      $zero, 0x0018($sp)         
/* 00348 80929C58 AFA0001C */  sw      $zero, 0x001C($sp)         
/* 0034C 80929C5C AFA00020 */  sw      $zero, 0x0020($sp)         
/* 00350 80929C60 AFA80024 */  sw      $t0, 0x0024($sp)           
/* 00354 80929C64 0C02EB18 */  jal     func_800BAC60              
/* 00358 80929C68 E7B00014 */  swc1    $f16, 0x0014($sp)          
/* 0035C 80929C6C 8FBF0034 */  lw      $ra, 0x0034($sp)           
/* 00360 80929C70 8FB00030 */  lw      $s0, 0x0030($sp)           
/* 00364 80929C74 27BD0038 */  addiu   $sp, $sp, 0x0038           ## $sp = 00000000
/* 00368 80929C78 03E00008 */  jr      $ra                        
/* 0036C 80929C7C 00000000 */  nop


glabel func_80929C80
/* 00370 80929C80 27BDFFD8 */  addiu   $sp, $sp, 0xFFD8           ## $sp = FFFFFFD8
/* 00374 80929C84 AFB00020 */  sw      $s0, 0x0020($sp)           
/* 00378 80929C88 00808025 */  or      $s0, $a0, $zero            ## $s0 = 00000000
/* 0037C 80929C8C AFBF0024 */  sw      $ra, 0x0024($sp)           
/* 00380 80929C90 AFA5002C */  sw      $a1, 0x002C($sp)           
/* 00384 80929C94 920E02F4 */  lbu     $t6, 0x02F4($s0)           ## 000002F4
/* 00388 80929C98 51C00015 */  beql    $t6, $zero, .L80929CF0     
/* 0038C 80929C9C 00001025 */  or      $v0, $zero, $zero          ## $v0 = 00000000
/* 00390 80929CA0 8E1802F0 */  lw      $t8, 0x02F0($s0)           ## 000002F0
/* 00394 80929CA4 3C0F8093 */  lui     $t7, %hi(func_8092ABD8)    ## $t7 = 80930000
/* 00398 80929CA8 25EFABD8 */  addiu   $t7, $t7, %lo(func_8092ABD8) ## $t7 = 8092ABD8
/* 0039C 80929CAC 11F8000F */  beq     $t7, $t8, .L80929CEC       
/* 003A0 80929CB0 8FA4002C */  lw      $a0, 0x002C($sp)           
/* 003A4 80929CB4 24194000 */  addiu   $t9, $zero, 0x4000         ## $t9 = 00004000
/* 003A8 80929CB8 AFB90010 */  sw      $t9, 0x0010($sp)           
/* 003AC 80929CBC 860800BE */  lh      $t0, 0x00BE($s0)           ## 000000BE
/* 003B0 80929CC0 02002825 */  or      $a1, $s0, $zero            ## $a1 = 00000000
/* 003B4 80929CC4 3C0642C8 */  lui     $a2, 0x42C8                ## $a2 = 42C80000
/* 003B8 80929CC8 24072710 */  addiu   $a3, $zero, 0x2710         ## $a3 = 00002710
/* 003BC 80929CCC 0C02F861 */  jal     func_800BE184              
/* 003C0 80929CD0 AFA80014 */  sw      $t0, 0x0014($sp)           
/* 003C4 80929CD4 50400006 */  beql    $v0, $zero, .L80929CF0     
/* 003C8 80929CD8 00001025 */  or      $v0, $zero, $zero          ## $v0 = 00000000
/* 003CC 80929CDC 0C24AAD4 */  jal     func_8092AB50              
/* 003D0 80929CE0 02002025 */  or      $a0, $s0, $zero            ## $a0 = 00000000
/* 003D4 80929CE4 10000002 */  beq     $zero, $zero, .L80929CF0   
/* 003D8 80929CE8 24020001 */  addiu   $v0, $zero, 0x0001         ## $v0 = 00000001
.L80929CEC:
/* 003DC 80929CEC 00001025 */  or      $v0, $zero, $zero          ## $v0 = 00000000
.L80929CF0:
/* 003E0 80929CF0 8FBF0024 */  lw      $ra, 0x0024($sp)           
/* 003E4 80929CF4 8FB00020 */  lw      $s0, 0x0020($sp)           
/* 003E8 80929CF8 27BD0028 */  addiu   $sp, $sp, 0x0028           ## $sp = 00000000
/* 003EC 80929CFC 03E00008 */  jr      $ra                        
/* 003F0 80929D00 00000000 */  nop


glabel func_80929D04
/* 003F4 80929D04 27BDFFE8 */  addiu   $sp, $sp, 0xFFE8           ## $sp = FFFFFFE8
/* 003F8 80929D08 AFBF0014 */  sw      $ra, 0x0014($sp)           
/* 003FC 80929D0C 3C0142C8 */  lui     $at, 0x42C8                ## $at = 42C80000
/* 00400 80929D10 44813000 */  mtc1    $at, $f6                   ## $f6 = 100.00
/* 00404 80929D14 C4840098 */  lwc1    $f4, 0x0098($a0)           ## 00000098
/* 00408 80929D18 4606203C */  c.lt.s  $f4, $f6                   
/* 0040C 80929D1C 00000000 */  nop
/* 00410 80929D20 4502003E */  bc1fl   .L80929E1C                 
/* 00414 80929D24 00001025 */  or      $v0, $zero, $zero          ## $v0 = 00000000
/* 00418 80929D28 C480009C */  lwc1    $f0, 0x009C($a0)           ## 0000009C
/* 0041C 80929D2C 3C014316 */  lui     $at, 0x4316                ## $at = 43160000
/* 00420 80929D30 44814000 */  mtc1    $at, $f8                   ## $f8 = 150.00
/* 00424 80929D34 46000005 */  abs.s   $f0, $f0                   
/* 00428 80929D38 4608003C */  c.lt.s  $f0, $f8                   
/* 0042C 80929D3C 00000000 */  nop
/* 00430 80929D40 45020036 */  bc1fl   .L80929E1C                 
/* 00434 80929D44 00001025 */  or      $v0, $zero, $zero          ## $v0 = 00000000
/* 00438 80929D48 908502F4 */  lbu     $a1, 0x02F4($a0)           ## 000002F4
/* 0043C 80929D4C 24063FFC */  addiu   $a2, $zero, 0x3FFC         ## $a2 = 00003FFC
/* 00440 80929D50 14A00003 */  bne     $a1, $zero, .L80929D60     
/* 00444 80929D54 00000000 */  nop
/* 00448 80929D58 10000001 */  beq     $zero, $zero, .L80929D60   
/* 0044C 80929D5C 24060AAA */  addiu   $a2, $zero, 0x0AAA         ## $a2 = 00000AAA
.L80929D60:
/* 00450 80929D60 848E0092 */  lh      $t6, 0x0092($a0)           ## 00000092
/* 00454 80929D64 848F00BE */  lh      $t7, 0x00BE($a0)           ## 000000BE
/* 00458 80929D68 01CF1023 */  subu    $v0, $t6, $t7              
/* 0045C 80929D6C 00021400 */  sll     $v0, $v0, 16               
/* 00460 80929D70 00021403 */  sra     $v0, $v0, 16               
/* 00464 80929D74 04410003 */  bgez    $v0, .L80929D84            
/* 00468 80929D78 00401825 */  or      $v1, $v0, $zero            ## $v1 = 00000000
/* 0046C 80929D7C 10000001 */  beq     $zero, $zero, .L80929D84   
/* 00470 80929D80 00021823 */  subu    $v1, $zero, $v0            
.L80929D84:
/* 00474 80929D84 00C3082A */  slt     $at, $a2, $v1              
/* 00478 80929D88 14200012 */  bne     $at, $zero, .L80929DD4     
/* 0047C 80929D8C 00000000 */  nop
/* 00480 80929D90 0C021BF7 */  jal     func_80086FDC              
/* 00484 80929D94 AFA40018 */  sw      $a0, 0x0018($sp)           
/* 00488 80929D98 3C013F00 */  lui     $at, 0x3F00                ## $at = 3F000000
/* 0048C 80929D9C 44815000 */  mtc1    $at, $f10                  ## $f10 = 0.50
/* 00490 80929DA0 8FA40018 */  lw      $a0, 0x0018($sp)           
/* 00494 80929DA4 460A003C */  c.lt.s  $f0, $f10                  
/* 00498 80929DA8 00000000 */  nop
/* 0049C 80929DAC 45000005 */  bc1f    .L80929DC4                 
/* 004A0 80929DB0 00000000 */  nop
/* 004A4 80929DB4 0C24A8A3 */  jal     func_8092A28C              
/* 004A8 80929DB8 00000000 */  nop
/* 004AC 80929DBC 10000017 */  beq     $zero, $zero, .L80929E1C   
/* 004B0 80929DC0 24020001 */  addiu   $v0, $zero, 0x0001         ## $v0 = 00000001
.L80929DC4:
/* 004B4 80929DC4 0C24A9A0 */  jal     func_8092A680              
/* 004B8 80929DC8 00000000 */  nop
/* 004BC 80929DCC 10000013 */  beq     $zero, $zero, .L80929E1C   
/* 004C0 80929DD0 24020001 */  addiu   $v0, $zero, 0x0001         ## $v0 = 00000001
.L80929DD4:
/* 004C4 80929DD4 14A0000C */  bne     $a1, $zero, .L80929E08     
/* 004C8 80929DD8 28614001 */  slti    $at, $v1, 0x4001           
/* 004CC 80929DDC 5420000F */  bnel    $at, $zero, .L80929E1C     
/* 004D0 80929DE0 00001025 */  or      $v0, $zero, $zero          ## $v0 = 00000000
/* 004D4 80929DE4 0C021BF7 */  jal     func_80086FDC              
/* 004D8 80929DE8 AFA40018 */  sw      $a0, 0x0018($sp)           
/* 004DC 80929DEC 3C018093 */  lui     $at, %hi(D_8092C224)       ## $at = 80930000
/* 004E0 80929DF0 C430C224 */  lwc1    $f16, %lo(D_8092C224)($at) 
/* 004E4 80929DF4 8FA40018 */  lw      $a0, 0x0018($sp)           
/* 004E8 80929DF8 4610003C */  c.lt.s  $f0, $f16                  
/* 004EC 80929DFC 00000000 */  nop
/* 004F0 80929E00 45020006 */  bc1fl   .L80929E1C                 
/* 004F4 80929E04 00001025 */  or      $v0, $zero, $zero          ## $v0 = 00000000
.L80929E08:
/* 004F8 80929E08 0C24AA36 */  jal     func_8092A8D8              
/* 004FC 80929E0C 00000000 */  nop
/* 00500 80929E10 10000002 */  beq     $zero, $zero, .L80929E1C   
/* 00504 80929E14 24020001 */  addiu   $v0, $zero, 0x0001         ## $v0 = 00000001
/* 00508 80929E18 00001025 */  or      $v0, $zero, $zero          ## $v0 = 00000000
.L80929E1C:
/* 0050C 80929E1C 8FBF0014 */  lw      $ra, 0x0014($sp)           
/* 00510 80929E20 27BD0018 */  addiu   $sp, $sp, 0x0018           ## $sp = 00000000
/* 00514 80929E24 03E00008 */  jr      $ra                        
/* 00518 80929E28 00000000 */  nop


glabel func_80929E2C
/* 0051C 80929E2C 27BDFFE8 */  addiu   $sp, $sp, 0xFFE8           ## $sp = FFFFFFE8
/* 00520 80929E30 AFBF0014 */  sw      $ra, 0x0014($sp)           
/* 00524 80929E34 0C24A720 */  jal     func_80929C80              
/* 00528 80929E38 AFA40018 */  sw      $a0, 0x0018($sp)           
/* 0052C 80929E3C 1440000E */  bne     $v0, $zero, .L80929E78     
/* 00530 80929E40 8FA40018 */  lw      $a0, 0x0018($sp)           
/* 00534 80929E44 0C24A741 */  jal     func_80929D04              
/* 00538 80929E48 AFA40018 */  sw      $a0, 0x0018($sp)           
/* 0053C 80929E4C 1440000A */  bne     $v0, $zero, .L80929E78     
/* 00540 80929E50 8FA40018 */  lw      $a0, 0x0018($sp)           
/* 00544 80929E54 908E02F4 */  lbu     $t6, 0x02F4($a0)           ## 000002F4
/* 00548 80929E58 11C00005 */  beq     $t6, $zero, .L80929E70     
/* 0054C 80929E5C 00000000 */  nop
/* 00550 80929E60 0C24A849 */  jal     func_8092A124              
/* 00554 80929E64 00000000 */  nop
/* 00558 80929E68 10000004 */  beq     $zero, $zero, .L80929E7C   
/* 0055C 80929E6C 8FBF0014 */  lw      $ra, 0x0014($sp)           
.L80929E70:
/* 00560 80929E70 0C24A7F2 */  jal     func_80929FC8              
/* 00564 80929E74 00000000 */  nop
.L80929E78:
/* 00568 80929E78 8FBF0014 */  lw      $ra, 0x0014($sp)           
.L80929E7C:
/* 0056C 80929E7C 27BD0018 */  addiu   $sp, $sp, 0x0018           ## $sp = 00000000
/* 00570 80929E80 03E00008 */  jr      $ra                        
/* 00574 80929E84 00000000 */  nop


glabel func_80929E88
/* 00578 80929E88 27BDFFD0 */  addiu   $sp, $sp, 0xFFD0           ## $sp = FFFFFFD0
/* 0057C 80929E8C AFB00028 */  sw      $s0, 0x0028($sp)           
/* 00580 80929E90 00808025 */  or      $s0, $a0, $zero            ## $s0 = 00000000
/* 00584 80929E94 AFBF002C */  sw      $ra, 0x002C($sp)           
/* 00588 80929E98 3C040600 */  lui     $a0, 0x0600                ## $a0 = 06000000
/* 0058C 80929E9C 0C04D1D2 */  jal     func_80134748              
/* 00590 80929EA0 24842484 */  addiu   $a0, $a0, 0x2484           ## $a0 = 06002484
/* 00594 80929EA4 920E02F4 */  lbu     $t6, 0x02F4($s0)           ## 000002F4
/* 00598 80929EA8 44822000 */  mtc1    $v0, $f4                   ## $f4 = 0.00
/* 0059C 80929EAC 24180002 */  addiu   $t8, $zero, 0x0002         ## $t8 = 00000002
/* 005A0 80929EB0 11C00004 */  beq     $t6, $zero, .L80929EC4     
/* 005A4 80929EB4 46802020 */  cvt.s.w $f0, $f4                   
/* 005A8 80929EB8 240F000A */  addiu   $t7, $zero, 0x000A         ## $t7 = 0000000A
/* 005AC 80929EBC 10000002 */  beq     $zero, $zero, .L80929EC8   
/* 005B0 80929EC0 A60F02F6 */  sh      $t7, 0x02F6($s0)           ## 000002F6
.L80929EC4:
/* 005B4 80929EC4 A60002F6 */  sh      $zero, 0x02F6($s0)         ## 000002F6
.L80929EC8:
/* 005B8 80929EC8 E7A00010 */  swc1    $f0, 0x0010($sp)           
/* 005BC 80929ECC AFB80014 */  sw      $t8, 0x0014($sp)           
/* 005C0 80929ED0 861902F6 */  lh      $t9, 0x02F6($s0)           ## 000002F6
/* 005C4 80929ED4 3C050600 */  lui     $a1, 0x0600                ## $a1 = 06000000
/* 005C8 80929ED8 44070000 */  mfc1    $a3, $f0                   
/* 005CC 80929EDC 44993000 */  mtc1    $t9, $f6                   ## $f6 = 0.00
/* 005D0 80929EE0 24A52E7C */  addiu   $a1, $a1, 0x2E7C           ## $a1 = 06002E7C
/* 005D4 80929EE4 26040144 */  addiu   $a0, $s0, 0x0144           ## $a0 = 00000144
/* 005D8 80929EE8 46803220 */  cvt.s.w $f8, $f6                   
/* 005DC 80929EEC 3C063F80 */  lui     $a2, 0x3F80                ## $a2 = 3F800000
/* 005E0 80929EF0 0C04DCFA */  jal     func_801373E8              
/* 005E4 80929EF4 E7A80018 */  swc1    $f8, 0x0018($sp)           
/* 005E8 80929EF8 44805000 */  mtc1    $zero, $f10                ## $f10 = 0.00
/* 005EC 80929EFC 3C088093 */  lui     $t0, %hi(func_80929F20)    ## $t0 = 80930000
/* 005F0 80929F00 25089F20 */  addiu   $t0, $t0, %lo(func_80929F20) ## $t0 = 80929F20
/* 005F4 80929F04 AE0802F0 */  sw      $t0, 0x02F0($s0)           ## 000002F0
/* 005F8 80929F08 E60A0070 */  swc1    $f10, 0x0070($s0)          ## 00000070
/* 005FC 80929F0C 8FBF002C */  lw      $ra, 0x002C($sp)           
/* 00600 80929F10 8FB00028 */  lw      $s0, 0x0028($sp)           
/* 00604 80929F14 27BD0030 */  addiu   $sp, $sp, 0x0030           ## $sp = 00000000
/* 00608 80929F18 03E00008 */  jr      $ra                        
/* 0060C 80929F1C 00000000 */  nop


glabel func_80929F20
/* 00610 80929F20 27BDFFE0 */  addiu   $sp, $sp, 0xFFE0           ## $sp = FFFFFFE0
/* 00614 80929F24 AFB00018 */  sw      $s0, 0x0018($sp)           
/* 00618 80929F28 00808025 */  or      $s0, $a0, $zero            ## $s0 = 00000000
/* 0061C 80929F2C AFBF001C */  sw      $ra, 0x001C($sp)           
/* 00620 80929F30 AFA50024 */  sw      $a1, 0x0024($sp)           
/* 00624 80929F34 860202F6 */  lh      $v0, 0x02F6($s0)           ## 000002F6
/* 00628 80929F38 26040144 */  addiu   $a0, $s0, 0x0144           ## $a0 = 00000144
/* 0062C 80929F3C 1840000B */  blez    $v0, .L80929F6C            
/* 00630 80929F40 244EFFFF */  addiu   $t6, $v0, 0xFFFF           ## $t6 = FFFFFFFF
/* 00634 80929F44 0C04DB34 */  jal     func_80136CD0              
/* 00638 80929F48 A60E02F6 */  sh      $t6, 0x02F6($s0)           ## 000002F6
/* 0063C 80929F4C 860F02F6 */  lh      $t7, 0x02F6($s0)           ## 000002F6
/* 00640 80929F50 02002025 */  or      $a0, $s0, $zero            ## $a0 = 00000000
/* 00644 80929F54 55E00018 */  bnel    $t7, $zero, .L80929FB8     
/* 00648 80929F58 8FBF001C */  lw      $ra, 0x001C($sp)           
/* 0064C 80929F5C 0C24A78B */  jal     func_80929E2C              
/* 00650 80929F60 8FA50024 */  lw      $a1, 0x0024($sp)           
/* 00654 80929F64 10000014 */  beq     $zero, $zero, .L80929FB8   
/* 00658 80929F68 8FBF001C */  lw      $ra, 0x001C($sp)           
.L80929F6C:
/* 0065C 80929F6C 921803BD */  lbu     $t8, 0x03BD($s0)           ## 000003BD
/* 00660 80929F70 02002025 */  or      $a0, $s0, $zero            ## $a0 = 00000000
/* 00664 80929F74 33190002 */  andi    $t9, $t8, 0x0002           ## $t9 = 00000000
/* 00668 80929F78 5320000F */  beql    $t9, $zero, .L80929FB8     
/* 0066C 80929F7C 8FBF001C */  lw      $ra, 0x001C($sp)           
/* 00670 80929F80 0C02E3B2 */  jal     func_800B8EC8              
/* 00674 80929F84 2405393A */  addiu   $a1, $zero, 0x393A         ## $a1 = 0000393A
/* 00678 80929F88 0C068B95 */  jal     func_801A2E54              
/* 0067C 80929F8C 24040038 */  addiu   $a0, $zero, 0x0038         ## $a0 = 00000038
/* 00680 80929F90 920903BD */  lbu     $t1, 0x03BD($s0)           ## 000003BD
/* 00684 80929F94 24080035 */  addiu   $t0, $zero, 0x0035         ## $t0 = 00000035
/* 00688 80929F98 240B000C */  addiu   $t3, $zero, 0x000C         ## $t3 = 0000000C
/* 0068C 80929F9C 312AFFFD */  andi    $t2, $t1, 0xFFFD           ## $t2 = 00000000
/* 00690 80929FA0 A208011F */  sb      $t0, 0x011F($s0)           ## 0000011F
/* 00694 80929FA4 A20A03BD */  sb      $t2, 0x03BD($s0)           ## 000003BD
/* 00698 80929FA8 A60B02FC */  sh      $t3, 0x02FC($s0)           ## 000002FC
/* 0069C 80929FAC 0C24A7F2 */  jal     func_80929FC8              
/* 006A0 80929FB0 02002025 */  or      $a0, $s0, $zero            ## $a0 = 00000000
/* 006A4 80929FB4 8FBF001C */  lw      $ra, 0x001C($sp)           
.L80929FB8:
/* 006A8 80929FB8 8FB00018 */  lw      $s0, 0x0018($sp)           
/* 006AC 80929FBC 27BD0020 */  addiu   $sp, $sp, 0x0020           ## $sp = 00000000
/* 006B0 80929FC0 03E00008 */  jr      $ra                        
/* 006B4 80929FC4 00000000 */  nop


glabel func_80929FC8
/* 006B8 80929FC8 27BDFFE8 */  addiu   $sp, $sp, 0xFFE8           ## $sp = FFFFFFE8
/* 006BC 80929FCC AFBF0014 */  sw      $ra, 0x0014($sp)           
/* 006C0 80929FD0 00803825 */  or      $a3, $a0, $zero            ## $a3 = 00000000
/* 006C4 80929FD4 3C050600 */  lui     $a1, 0x0600                ## $a1 = 06000000
/* 006C8 80929FD8 24A56294 */  addiu   $a1, $a1, 0x6294           ## $a1 = 06006294
/* 006CC 80929FDC 24E40144 */  addiu   $a0, $a3, 0x0144           ## $a0 = 00000144
/* 006D0 80929FE0 3C06C080 */  lui     $a2, 0xC080                ## $a2 = C0800000
/* 006D4 80929FE4 0C04DD65 */  jal     func_80137594              
/* 006D8 80929FE8 AFA70018 */  sw      $a3, 0x0018($sp)           
/* 006DC 80929FEC 8FA70018 */  lw      $a3, 0x0018($sp)           
/* 006E0 80929FF0 3C018093 */  lui     $at, %hi(D_8092C228)       ## $at = 80930000
/* 006E4 80929FF4 C424C228 */  lwc1    $f4, %lo(D_8092C228)($at)  
/* 006E8 80929FF8 84EE00BE */  lh      $t6, 0x00BE($a3)           ## 000000BE
/* 006EC 80929FFC 3C0F8093 */  lui     $t7, %hi(func_8092A020)    ## $t7 = 80930000
/* 006F0 8092A000 25EFA020 */  addiu   $t7, $t7, %lo(func_8092A020) ## $t7 = 8092A020
/* 006F4 8092A004 ACEF02F0 */  sw      $t7, 0x02F0($a3)           ## 000002F0
/* 006F8 8092A008 E4E40070 */  swc1    $f4, 0x0070($a3)           ## 00000070
/* 006FC 8092A00C A4EE0032 */  sh      $t6, 0x0032($a3)           ## 00000032
/* 00700 8092A010 8FBF0014 */  lw      $ra, 0x0014($sp)           
/* 00704 8092A014 27BD0018 */  addiu   $sp, $sp, 0x0018           ## $sp = 00000000
/* 00708 8092A018 03E00008 */  jr      $ra                        
/* 0070C 8092A01C 00000000 */  nop


glabel func_8092A020
/* 00710 8092A020 27BDFFD0 */  addiu   $sp, $sp, 0xFFD0           ## $sp = FFFFFFD0
/* 00714 8092A024 AFB00018 */  sw      $s0, 0x0018($sp)           
/* 00718 8092A028 00808025 */  or      $s0, $a0, $zero            ## $s0 = 00000000
/* 0071C 8092A02C AFBF001C */  sw      $ra, 0x001C($sp)           
/* 00720 8092A030 AFA50034 */  sw      $a1, 0x0034($sp)           
/* 00724 8092A034 26040144 */  addiu   $a0, $s0, 0x0144           ## $a0 = 00000144
/* 00728 8092A038 0C04DB34 */  jal     func_80136CD0              
/* 0072C 8092A03C AFA40024 */  sw      $a0, 0x0024($sp)           
/* 00730 8092A040 8FA40024 */  lw      $a0, 0x0024($sp)           
/* 00734 8092A044 0C04DE2E */  jal     func_801378B8              
/* 00738 8092A048 24050000 */  addiu   $a1, $zero, 0x0000         ## $a1 = 00000000
/* 0073C 8092A04C 14400004 */  bne     $v0, $zero, .L8092A060     
/* 00740 8092A050 8FA40024 */  lw      $a0, 0x0024($sp)           
/* 00744 8092A054 0C04DE2E */  jal     func_801378B8              
/* 00748 8092A058 3C054180 */  lui     $a1, 0x4180                ## $a1 = 41800000
/* 0074C 8092A05C 10400003 */  beq     $v0, $zero, .L8092A06C     
.L8092A060:
/* 00750 8092A060 02002025 */  or      $a0, $s0, $zero            ## $a0 = 00000000
/* 00754 8092A064 0C02E3B2 */  jal     func_800B8EC8              
/* 00758 8092A068 24053928 */  addiu   $a1, $zero, 0x3928         ## $a1 = 00003928
.L8092A06C:
/* 0075C 8092A06C 86030086 */  lh      $v1, 0x0086($s0)           ## 00000086
/* 00760 8092A070 860E00BE */  lh      $t6, 0x00BE($s0)           ## 000000BE
/* 00764 8092A074 960F0090 */  lhu     $t7, 0x0090($s0)           ## 00000090
/* 00768 8092A078 260400BE */  addiu   $a0, $s0, 0x00BE           ## $a0 = 000000BE
/* 0076C 8092A07C 006E2823 */  subu    $a1, $v1, $t6              
/* 00770 8092A080 00052C00 */  sll     $a1, $a1, 16               
/* 00774 8092A084 31F80008 */  andi    $t8, $t7, 0x0008           ## $t8 = 00000000
/* 00778 8092A088 13000015 */  beq     $t8, $zero, .L8092A0E0     
/* 0077C 8092A08C 00052C03 */  sra     $a1, $a1, 16               
/* 00780 8092A090 04A10003 */  bgez    $a1, .L8092A0A0            
/* 00784 8092A094 00A01025 */  or      $v0, $a1, $zero            ## $v0 = 00000000
/* 00788 8092A098 10000001 */  beq     $zero, $zero, .L8092A0A0   
/* 0078C 8092A09C 00051023 */  subu    $v0, $zero, $a1            
.L8092A0A0:
/* 00790 8092A0A0 28414000 */  slti    $at, $v0, 0x4000           
/* 00794 8092A0A4 1420000E */  bne     $at, $zero, .L8092A0E0     
/* 00798 8092A0A8 24060320 */  addiu   $a2, $zero, 0x0320         ## $a2 = 00000320
/* 0079C 8092A0AC 86190092 */  lh      $t9, 0x0092($s0)           ## 00000092
/* 007A0 8092A0B0 24654000 */  addiu   $a1, $v1, 0x4000           ## $a1 = 00004000
/* 007A4 8092A0B4 00052C00 */  sll     $a1, $a1, 16               
/* 007A8 8092A0B8 1B200005 */  blez    $t9, .L8092A0D0            
/* 007AC 8092A0BC 00052C03 */  sra     $a1, $a1, 16               
/* 007B0 8092A0C0 2465C000 */  addiu   $a1, $v1, 0xC000           ## $a1 = FFFFC000
/* 007B4 8092A0C4 00052C00 */  sll     $a1, $a1, 16               
/* 007B8 8092A0C8 10000001 */  beq     $zero, $zero, .L8092A0D0   
/* 007BC 8092A0CC 00052C03 */  sra     $a1, $a1, 16               
.L8092A0D0:
/* 007C0 8092A0D0 0C03FB9C */  jal     func_800FEE70              
/* 007C4 8092A0D4 260400BE */  addiu   $a0, $s0, 0x00BE           ## $a0 = 000000BE
/* 007C8 8092A0D8 10000005 */  beq     $zero, $zero, .L8092A0F0   
/* 007CC 8092A0DC 860800BE */  lh      $t0, 0x00BE($s0)           ## 000000BE
.L8092A0E0:
/* 007D0 8092A0E0 86050092 */  lh      $a1, 0x0092($s0)           ## 00000092
/* 007D4 8092A0E4 0C03FB9C */  jal     func_800FEE70              
/* 007D8 8092A0E8 24060320 */  addiu   $a2, $zero, 0x0320         ## $a2 = 00000320
/* 007DC 8092A0EC 860800BE */  lh      $t0, 0x00BE($s0)           ## 000000BE
.L8092A0F0:
/* 007E0 8092A0F0 02002025 */  or      $a0, $s0, $zero            ## $a0 = 00000000
/* 007E4 8092A0F4 A6080032 */  sh      $t0, 0x0032($s0)           ## 00000032
/* 007E8 8092A0F8 0C24A720 */  jal     func_80929C80              
/* 007EC 8092A0FC 8FA50034 */  lw      $a1, 0x0034($sp)           
/* 007F0 8092A100 54400004 */  bnel    $v0, $zero, .L8092A114     
/* 007F4 8092A104 8FBF001C */  lw      $ra, 0x001C($sp)           
/* 007F8 8092A108 0C24A741 */  jal     func_80929D04              
/* 007FC 8092A10C 02002025 */  or      $a0, $s0, $zero            ## $a0 = 00000000
/* 00800 8092A110 8FBF001C */  lw      $ra, 0x001C($sp)           
.L8092A114:
/* 00804 8092A114 8FB00018 */  lw      $s0, 0x0018($sp)           
/* 00808 8092A118 27BD0030 */  addiu   $sp, $sp, 0x0030           ## $sp = 00000000
/* 0080C 8092A11C 03E00008 */  jr      $ra                        
/* 00810 8092A120 00000000 */  nop


glabel func_8092A124
/* 00814 8092A124 27BDFFE8 */  addiu   $sp, $sp, 0xFFE8           ## $sp = FFFFFFE8
/* 00818 8092A128 AFBF0014 */  sw      $ra, 0x0014($sp)           
/* 0081C 8092A12C 00803825 */  or      $a3, $a0, $zero            ## $a3 = 00000000
/* 00820 8092A130 3C050600 */  lui     $a1, 0x0600                ## $a1 = 06000000
/* 00824 8092A134 24A557F4 */  addiu   $a1, $a1, 0x57F4           ## $a1 = 060057F4
/* 00828 8092A138 24E40144 */  addiu   $a0, $a3, 0x0144           ## $a0 = 00000144
/* 0082C 8092A13C 3C06C080 */  lui     $a2, 0xC080                ## $a2 = C0800000
/* 00830 8092A140 0C04DD65 */  jal     func_80137594              
/* 00834 8092A144 AFA70018 */  sw      $a3, 0x0018($sp)           
/* 00838 8092A148 8FA40018 */  lw      $a0, 0x0018($sp)           
/* 0083C 8092A14C 0C02E3B2 */  jal     func_800B8EC8              
/* 00840 8092A150 240539B3 */  addiu   $a1, $zero, 0x39B3         ## $a1 = 000039B3
/* 00844 8092A154 8FA70018 */  lw      $a3, 0x0018($sp)           
/* 00848 8092A158 3C014020 */  lui     $at, 0x4020                ## $at = 40200000
/* 0084C 8092A15C 44812000 */  mtc1    $at, $f4                   ## $f4 = 2.50
/* 00850 8092A160 84EE00BE */  lh      $t6, 0x00BE($a3)           ## 000000BE
/* 00854 8092A164 3C0F8093 */  lui     $t7, %hi(func_8092A188)    ## $t7 = 80930000
/* 00858 8092A168 25EFA188 */  addiu   $t7, $t7, %lo(func_8092A188) ## $t7 = 8092A188
/* 0085C 8092A16C ACEF02F0 */  sw      $t7, 0x02F0($a3)           ## 000002F0
/* 00860 8092A170 E4E40070 */  swc1    $f4, 0x0070($a3)           ## 00000070
/* 00864 8092A174 A4EE0032 */  sh      $t6, 0x0032($a3)           ## 00000032
/* 00868 8092A178 8FBF0014 */  lw      $ra, 0x0014($sp)           
/* 0086C 8092A17C 27BD0018 */  addiu   $sp, $sp, 0x0018           ## $sp = 00000000
/* 00870 8092A180 03E00008 */  jr      $ra                        
/* 00874 8092A184 00000000 */  nop


glabel func_8092A188
/* 00878 8092A188 27BDFFD0 */  addiu   $sp, $sp, 0xFFD0           ## $sp = FFFFFFD0
/* 0087C 8092A18C AFB00018 */  sw      $s0, 0x0018($sp)           
/* 00880 8092A190 00808025 */  or      $s0, $a0, $zero            ## $s0 = 00000000
/* 00884 8092A194 AFBF001C */  sw      $ra, 0x001C($sp)           
/* 00888 8092A198 AFA50034 */  sw      $a1, 0x0034($sp)           
/* 0088C 8092A19C 26040144 */  addiu   $a0, $s0, 0x0144           ## $a0 = 00000144
/* 00890 8092A1A0 0C04DB34 */  jal     func_80136CD0              
/* 00894 8092A1A4 AFA40024 */  sw      $a0, 0x0024($sp)           
/* 00898 8092A1A8 8FA40024 */  lw      $a0, 0x0024($sp)           
/* 0089C 8092A1AC 0C04DE2E */  jal     func_801378B8              
/* 008A0 8092A1B0 3C054000 */  lui     $a1, 0x4000                ## $a1 = 40000000
/* 008A4 8092A1B4 14400004 */  bne     $v0, $zero, .L8092A1C8     
/* 008A8 8092A1B8 8FA40024 */  lw      $a0, 0x0024($sp)           
/* 008AC 8092A1BC 0C04DE2E */  jal     func_801378B8              
/* 008B0 8092A1C0 3C054110 */  lui     $a1, 0x4110                ## $a1 = 41100000
/* 008B4 8092A1C4 10400003 */  beq     $v0, $zero, .L8092A1D4     
.L8092A1C8:
/* 008B8 8092A1C8 02002025 */  or      $a0, $s0, $zero            ## $a0 = 00000000
/* 008BC 8092A1CC 0C02E3B2 */  jal     func_800B8EC8              
/* 008C0 8092A1D0 24053928 */  addiu   $a1, $zero, 0x3928         ## $a1 = 00003928
.L8092A1D4:
/* 008C4 8092A1D4 86030086 */  lh      $v1, 0x0086($s0)           ## 00000086
/* 008C8 8092A1D8 860E00BE */  lh      $t6, 0x00BE($s0)           ## 000000BE
/* 008CC 8092A1DC 960F0090 */  lhu     $t7, 0x0090($s0)           ## 00000090
/* 008D0 8092A1E0 260400BE */  addiu   $a0, $s0, 0x00BE           ## $a0 = 000000BE
/* 008D4 8092A1E4 006E2823 */  subu    $a1, $v1, $t6              
/* 008D8 8092A1E8 00052C00 */  sll     $a1, $a1, 16               
/* 008DC 8092A1EC 31F80008 */  andi    $t8, $t7, 0x0008           ## $t8 = 00000000
/* 008E0 8092A1F0 13000015 */  beq     $t8, $zero, .L8092A248     
/* 008E4 8092A1F4 00052C03 */  sra     $a1, $a1, 16               
/* 008E8 8092A1F8 04A10003 */  bgez    $a1, .L8092A208            
/* 008EC 8092A1FC 00A01025 */  or      $v0, $a1, $zero            ## $v0 = 00000000
/* 008F0 8092A200 10000001 */  beq     $zero, $zero, .L8092A208   
/* 008F4 8092A204 00051023 */  subu    $v0, $zero, $a1            
.L8092A208:
/* 008F8 8092A208 28414000 */  slti    $at, $v0, 0x4000           
/* 008FC 8092A20C 1420000E */  bne     $at, $zero, .L8092A248     
/* 00900 8092A210 240604B0 */  addiu   $a2, $zero, 0x04B0         ## $a2 = 000004B0
/* 00904 8092A214 86190092 */  lh      $t9, 0x0092($s0)           ## 00000092
/* 00908 8092A218 24654000 */  addiu   $a1, $v1, 0x4000           ## $a1 = 00004000
/* 0090C 8092A21C 00052C00 */  sll     $a1, $a1, 16               
/* 00910 8092A220 1B200005 */  blez    $t9, .L8092A238            
/* 00914 8092A224 00052C03 */  sra     $a1, $a1, 16               
/* 00918 8092A228 2465C000 */  addiu   $a1, $v1, 0xC000           ## $a1 = FFFFC000
/* 0091C 8092A22C 00052C00 */  sll     $a1, $a1, 16               
/* 00920 8092A230 10000001 */  beq     $zero, $zero, .L8092A238   
/* 00924 8092A234 00052C03 */  sra     $a1, $a1, 16               
.L8092A238:
/* 00928 8092A238 0C03FB9C */  jal     func_800FEE70              
/* 0092C 8092A23C 260400BE */  addiu   $a0, $s0, 0x00BE           ## $a0 = 000000BE
/* 00930 8092A240 10000005 */  beq     $zero, $zero, .L8092A258   
/* 00934 8092A244 860800BE */  lh      $t0, 0x00BE($s0)           ## 000000BE
.L8092A248:
/* 00938 8092A248 86050092 */  lh      $a1, 0x0092($s0)           ## 00000092
/* 0093C 8092A24C 0C03FB9C */  jal     func_800FEE70              
/* 00940 8092A250 240604B0 */  addiu   $a2, $zero, 0x04B0         ## $a2 = 000004B0
/* 00944 8092A254 860800BE */  lh      $t0, 0x00BE($s0)           ## 000000BE
.L8092A258:
/* 00948 8092A258 02002025 */  or      $a0, $s0, $zero            ## $a0 = 00000000
/* 0094C 8092A25C A6080032 */  sh      $t0, 0x0032($s0)           ## 00000032
/* 00950 8092A260 0C24A720 */  jal     func_80929C80              
/* 00954 8092A264 8FA50034 */  lw      $a1, 0x0034($sp)           
/* 00958 8092A268 54400004 */  bnel    $v0, $zero, .L8092A27C     
/* 0095C 8092A26C 8FBF001C */  lw      $ra, 0x001C($sp)           
/* 00960 8092A270 0C24A741 */  jal     func_80929D04              
/* 00964 8092A274 02002025 */  or      $a0, $s0, $zero            ## $a0 = 00000000
/* 00968 8092A278 8FBF001C */  lw      $ra, 0x001C($sp)           
.L8092A27C:
/* 0096C 8092A27C 8FB00018 */  lw      $s0, 0x0018($sp)           
/* 00970 8092A280 27BD0030 */  addiu   $sp, $sp, 0x0030           ## $sp = 00000000
/* 00974 8092A284 03E00008 */  jr      $ra                        
/* 00978 8092A288 00000000 */  nop


glabel func_8092A28C
/* 0097C 8092A28C 27BDFFC8 */  addiu   $sp, $sp, 0xFFC8           ## $sp = FFFFFFC8
/* 00980 8092A290 AFB00028 */  sw      $s0, 0x0028($sp)           
/* 00984 8092A294 00808025 */  or      $s0, $a0, $zero            ## $s0 = 00000000
/* 00988 8092A298 AFBF002C */  sw      $ra, 0x002C($sp)           
/* 0098C 8092A29C 920E02F4 */  lbu     $t6, 0x02F4($s0)           ## 000002F4
/* 00990 8092A2A0 44802000 */  mtc1    $zero, $f4                 ## $f4 = 0.00
/* 00994 8092A2A4 3C040600 */  lui     $a0, 0x0600                ## $a0 = 06000000
/* 00998 8092A2A8 11C00005 */  beq     $t6, $zero, .L8092A2C0     
/* 0099C 8092A2AC E6040070 */  swc1    $f4, 0x0070($s0)           ## 00000070
/* 009A0 8092A2B0 3C013FC0 */  lui     $at, 0x3FC0                ## $at = 3FC00000
/* 009A4 8092A2B4 44810000 */  mtc1    $at, $f0                   ## $f0 = 1.50
/* 009A8 8092A2B8 10000003 */  beq     $zero, $zero, .L8092A2C8   
/* 009AC 8092A2BC 00000000 */  nop
.L8092A2C0:
/* 009B0 8092A2C0 3C018093 */  lui     $at, %hi(D_8092C22C)       ## $at = 80930000
/* 009B4 8092A2C4 C420C22C */  lwc1    $f0, %lo(D_8092C22C)($at)  
.L8092A2C8:
/* 009B8 8092A2C8 24840CE8 */  addiu   $a0, $a0, 0x0CE8           ## $a0 = 06000CE8
/* 009BC 8092A2CC 0C04D1D2 */  jal     func_80134748              
/* 009C0 8092A2D0 E7A00030 */  swc1    $f0, 0x0030($sp)           
/* 009C4 8092A2D4 44823000 */  mtc1    $v0, $f6                   ## $f6 = 0.00
/* 009C8 8092A2D8 C7A00030 */  lwc1    $f0, 0x0030($sp)           
/* 009CC 8092A2DC 3C01C080 */  lui     $at, 0xC080                ## $at = C0800000
/* 009D0 8092A2E0 46803220 */  cvt.s.w $f8, $f6                   
/* 009D4 8092A2E4 44815000 */  mtc1    $at, $f10                  ## $f10 = -4.00
/* 009D8 8092A2E8 3C050600 */  lui     $a1, 0x0600                ## $a1 = 06000000
/* 009DC 8092A2EC 240F0003 */  addiu   $t7, $zero, 0x0003         ## $t7 = 00000003
/* 009E0 8092A2F0 44060000 */  mfc1    $a2, $f0                   
/* 009E4 8092A2F4 AFAF0014 */  sw      $t7, 0x0014($sp)           
/* 009E8 8092A2F8 24A50CE8 */  addiu   $a1, $a1, 0x0CE8           ## $a1 = 06000CE8
/* 009EC 8092A2FC E7A80010 */  swc1    $f8, 0x0010($sp)           
/* 009F0 8092A300 26040144 */  addiu   $a0, $s0, 0x0144           ## $a0 = 00000144
/* 009F4 8092A304 24070000 */  addiu   $a3, $zero, 0x0000         ## $a3 = 00000000
/* 009F8 8092A308 0C04DCFA */  jal     func_801373E8              
/* 009FC 8092A30C E7AA0018 */  swc1    $f10, 0x0018($sp)          
/* 00A00 8092A310 3C198093 */  lui     $t9, %hi(func_8092A33C)    ## $t9 = 80930000
/* 00A04 8092A314 2418FFFF */  addiu   $t8, $zero, 0xFFFF         ## $t8 = FFFFFFFF
/* 00A08 8092A318 2739A33C */  addiu   $t9, $t9, %lo(func_8092A33C) ## $t9 = 8092A33C
/* 00A0C 8092A31C A60002F6 */  sh      $zero, 0x02F6($s0)         ## 000002F6
/* 00A10 8092A320 A61802F8 */  sh      $t8, 0x02F8($s0)           ## 000002F8
/* 00A14 8092A324 AE1902F0 */  sw      $t9, 0x02F0($s0)           ## 000002F0
/* 00A18 8092A328 8FBF002C */  lw      $ra, 0x002C($sp)           
/* 00A1C 8092A32C 8FB00028 */  lw      $s0, 0x0028($sp)           
/* 00A20 8092A330 27BD0038 */  addiu   $sp, $sp, 0x0038           ## $sp = 00000000
/* 00A24 8092A334 03E00008 */  jr      $ra                        
/* 00A28 8092A338 00000000 */  nop


glabel func_8092A33C
/* 00A2C 8092A33C 27BDFFC8 */  addiu   $sp, $sp, 0xFFC8           ## $sp = FFFFFFC8
/* 00A30 8092A340 AFB00018 */  sw      $s0, 0x0018($sp)           
/* 00A34 8092A344 00808025 */  or      $s0, $a0, $zero            ## $s0 = 00000000
/* 00A38 8092A348 AFBF001C */  sw      $ra, 0x001C($sp)           
/* 00A3C 8092A34C AFA5003C */  sw      $a1, 0x003C($sp)           
/* 00A40 8092A350 3C0140E0 */  lui     $at, 0x40E0                ## $at = 40E00000
/* 00A44 8092A354 44813000 */  mtc1    $at, $f6                   ## $f6 = 7.00
/* 00A48 8092A358 C604015C */  lwc1    $f4, 0x015C($s0)           ## 0000015C
/* 00A4C 8092A35C 860E02F6 */  lh      $t6, 0x02F6($s0)           ## 000002F6
/* 00A50 8092A360 02002025 */  or      $a0, $s0, $zero            ## $a0 = 00000000
/* 00A54 8092A364 4606203C */  c.lt.s  $f4, $f6                   
/* 00A58 8092A368 25CF0001 */  addiu   $t7, $t6, 0x0001           ## $t7 = 00000001
/* 00A5C 8092A36C A60F02F6 */  sh      $t7, 0x02F6($s0)           ## 000002F6
/* 00A60 8092A370 45020005 */  bc1fl   .L8092A388                 
/* 00A64 8092A374 26040144 */  addiu   $a0, $s0, 0x0144           ## $a0 = 00000144
/* 00A68 8092A378 0C24A720 */  jal     func_80929C80              
/* 00A6C 8092A37C 8FA5003C */  lw      $a1, 0x003C($sp)           
/* 00A70 8092A380 14400076 */  bne     $v0, $zero, .L8092A55C     
/* 00A74 8092A384 26040144 */  addiu   $a0, $s0, 0x0144           ## $a0 = 00000144
.L8092A388:
/* 00A78 8092A388 AFA40024 */  sw      $a0, 0x0024($sp)           
/* 00A7C 8092A38C 0C04DE2E */  jal     func_801378B8              
/* 00A80 8092A390 3C054170 */  lui     $a1, 0x4170                ## $a1 = 41700000
/* 00A84 8092A394 10400006 */  beq     $v0, $zero, .L8092A3B0     
/* 00A88 8092A398 8FA40024 */  lw      $a0, 0x0024($sp)           
/* 00A8C 8092A39C 02002025 */  or      $a0, $s0, $zero            ## $a0 = 00000000
/* 00A90 8092A3A0 0C02E3B2 */  jal     func_800B8EC8              
/* 00A94 8092A3A4 24053929 */  addiu   $a1, $zero, 0x3929         ## $a1 = 00003929
/* 00A98 8092A3A8 10000032 */  beq     $zero, $zero, .L8092A474   
/* 00A9C 8092A3AC 3C014150 */  lui     $at, 0x4150                ## $at = 41500000
.L8092A3B0:
/* 00AA0 8092A3B0 0C04DE2E */  jal     func_801378B8              
/* 00AA4 8092A3B4 3C0541A8 */  lui     $a1, 0x41A8                ## $a1 = 41A80000
/* 00AA8 8092A3B8 5040002E */  beql    $v0, $zero, .L8092A474     
/* 00AAC 8092A3BC 3C014150 */  lui     $at, 0x4150                ## $at = 41500000
/* 00AB0 8092A3C0 860400BE */  lh      $a0, 0x00BE($s0)           ## 000000BE
/* 00AB4 8092A3C4 248406A4 */  addiu   $a0, $a0, 0x06A4           ## $a0 = 000006A4
/* 00AB8 8092A3C8 00042400 */  sll     $a0, $a0, 16               
/* 00ABC 8092A3CC 0C03FB61 */  jal     func_800FED84              
/* 00AC0 8092A3D0 00042403 */  sra     $a0, $a0, 16               
/* 00AC4 8092A3D4 3C01428C */  lui     $at, 0x428C                ## $at = 428C0000
/* 00AC8 8092A3D8 44814000 */  mtc1    $at, $f8                   ## $f8 = 70.00
/* 00ACC 8092A3DC C6100024 */  lwc1    $f16, 0x0024($s0)          ## 00000024
/* 00AD0 8092A3E0 46080282 */  mul.s   $f10, $f0, $f8             
/* 00AD4 8092A3E4 46105480 */  add.s   $f18, $f10, $f16           
/* 00AD8 8092A3E8 E7B2002C */  swc1    $f18, 0x002C($sp)          
/* 00ADC 8092A3EC 860400BE */  lh      $a0, 0x00BE($s0)           ## 000000BE
/* 00AE0 8092A3F0 248406A4 */  addiu   $a0, $a0, 0x06A4           ## $a0 = 000006A4
/* 00AE4 8092A3F4 00042400 */  sll     $a0, $a0, 16               
/* 00AE8 8092A3F8 0C03FB51 */  jal     func_800FED44              
/* 00AEC 8092A3FC 00042403 */  sra     $a0, $a0, 16               
/* 00AF0 8092A400 3C01428C */  lui     $at, 0x428C                ## $at = 428C0000
/* 00AF4 8092A404 44812000 */  mtc1    $at, $f4                   ## $f4 = 70.00
/* 00AF8 8092A408 C608002C */  lwc1    $f8, 0x002C($s0)           ## 0000002C
/* 00AFC 8092A40C 02002025 */  or      $a0, $s0, $zero            ## $a0 = 00000000
/* 00B00 8092A410 46040182 */  mul.s   $f6, $f0, $f4              
/* 00B04 8092A414 240539AE */  addiu   $a1, $zero, 0x39AE         ## $a1 = 000039AE
/* 00B08 8092A418 46083280 */  add.s   $f10, $f6, $f8             
/* 00B0C 8092A41C E7AA0034 */  swc1    $f10, 0x0034($sp)          
/* 00B10 8092A420 C6100028 */  lwc1    $f16, 0x0028($s0)          ## 00000028
/* 00B14 8092A424 0C02E3B2 */  jal     func_800B8EC8              
/* 00B18 8092A428 E7B00030 */  swc1    $f16, 0x0030($sp)          
/* 00B1C 8092A42C 8FA2003C */  lw      $v0, 0x003C($sp)           
/* 00B20 8092A430 24050002 */  addiu   $a1, $zero, 0x0002         ## $a1 = 00000002
/* 00B24 8092A434 24060019 */  addiu   $a2, $zero, 0x0019         ## $a2 = 00000019
/* 00B28 8092A438 84580810 */  lh      $t8, 0x0810($v0)           ## 00000810
/* 00B2C 8092A43C 24070005 */  addiu   $a3, $zero, 0x0005         ## $a3 = 00000005
/* 00B30 8092A440 0018C880 */  sll     $t9, $t8,  2               
/* 00B34 8092A444 00594021 */  addu    $t0, $v0, $t9              
/* 00B38 8092A448 0C037F41 */  jal     func_800DFD04              
/* 00B3C 8092A44C 8D040800 */  lw      $a0, 0x0800($t0)           ## 00000800
/* 00B40 8092A450 C60C0094 */  lwc1    $f12, 0x0094($s0)          ## 00000094
/* 00B44 8092A454 240500B4 */  addiu   $a1, $zero, 0x00B4         ## $a1 = 000000B4
/* 00B48 8092A458 24060014 */  addiu   $a2, $zero, 0x0014         ## $a2 = 00000014
/* 00B4C 8092A45C 0C04FB38 */  jal     func_8013ECE0              
/* 00B50 8092A460 24070064 */  addiu   $a3, $zero, 0x0064         ## $a3 = 00000064
/* 00B54 8092A464 8FA4003C */  lw      $a0, 0x003C($sp)           
/* 00B58 8092A468 0C03A175 */  jal     func_800E85D4              
/* 00B5C 8092A46C 27A5002C */  addiu   $a1, $sp, 0x002C           ## $a1 = FFFFFFF4
/* 00B60 8092A470 3C014150 */  lui     $at, 0x4150                ## $at = 41500000
.L8092A474:
/* 00B64 8092A474 44811000 */  mtc1    $at, $f2                   ## $f2 = 13.00
/* 00B68 8092A478 C600015C */  lwc1    $f0, 0x015C($s0)           ## 0000015C
/* 00B6C 8092A47C 3C0141B8 */  lui     $at, 0x41B8                ## $at = 41B80000
/* 00B70 8092A480 4600103C */  c.lt.s  $f2, $f0                   
/* 00B74 8092A484 00000000 */  nop
/* 00B78 8092A488 4502001C */  bc1fl   .L8092A4FC                 
/* 00B7C 8092A48C 920B0408 */  lbu     $t3, 0x0408($s0)           ## 00000408
/* 00B80 8092A490 44819000 */  mtc1    $at, $f18                  ## $f18 = 23.00
/* 00B84 8092A494 00000000 */  nop
/* 00B88 8092A498 4612003C */  c.lt.s  $f0, $f18                  
/* 00B8C 8092A49C 00000000 */  nop
/* 00B90 8092A4A0 45020016 */  bc1fl   .L8092A4FC                 
/* 00B94 8092A4A4 920B0408 */  lbu     $t3, 0x0408($s0)           ## 00000408
/* 00B98 8092A4A8 92090408 */  lbu     $t1, 0x0408($s0)           ## 00000408
/* 00B9C 8092A4AC 920202F4 */  lbu     $v0, 0x02F4($s0)           ## 000002F4
/* 00BA0 8092A4B0 352A0001 */  ori     $t2, $t1, 0x0001           ## $t2 = 00000001
/* 00BA4 8092A4B4 10400016 */  beq     $v0, $zero, .L8092A510     
/* 00BA8 8092A4B8 A20A0408 */  sb      $t2, 0x0408($s0)           ## 00000408
/* 00BAC 8092A4BC C604015C */  lwc1    $f4, 0x015C($s0)           ## 0000015C
/* 00BB0 8092A4C0 3C018093 */  lui     $at, %hi(D_8092C230)       ## $at = 80930000
/* 00BB4 8092A4C4 C428C230 */  lwc1    $f8, %lo(D_8092C230)($at)  
/* 00BB8 8092A4C8 46022181 */  sub.s   $f6, $f4, $f2              
/* 00BBC 8092A4CC 46083302 */  mul.s   $f12, $f6, $f8             
/* 00BC0 8092A4D0 0C05E53B */  jal     func_801794EC              
/* 00BC4 8092A4D4 00000000 */  nop
/* 00BC8 8092A4D8 3C014120 */  lui     $at, 0x4120                ## $at = 41200000
/* 00BCC 8092A4DC 44815000 */  mtc1    $at, $f10                  ## $f10 = 10.00
/* 00BD0 8092A4E0 3C014150 */  lui     $at, 0x4150                ## $at = 41500000
/* 00BD4 8092A4E4 44811000 */  mtc1    $at, $f2                   ## $f2 = 13.00
/* 00BD8 8092A4E8 460A0402 */  mul.s   $f16, $f0, $f10            
/* 00BDC 8092A4EC 920202F4 */  lbu     $v0, 0x02F4($s0)           ## 000002F4
/* 00BE0 8092A4F0 10000007 */  beq     $zero, $zero, .L8092A510   
/* 00BE4 8092A4F4 E6100070 */  swc1    $f16, 0x0070($s0)          ## 00000070
/* 00BE8 8092A4F8 920B0408 */  lbu     $t3, 0x0408($s0)           ## 00000408
.L8092A4FC:
/* 00BEC 8092A4FC 44809000 */  mtc1    $zero, $f18                ## $f18 = 0.00
/* 00BF0 8092A500 920202F4 */  lbu     $v0, 0x02F4($s0)           ## 000002F4
/* 00BF4 8092A504 316CFFFE */  andi    $t4, $t3, 0xFFFE           ## $t4 = 00000000
/* 00BF8 8092A508 A20C0408 */  sb      $t4, 0x0408($s0)           ## 00000408
/* 00BFC 8092A50C E6120070 */  swc1    $f18, 0x0070($s0)          ## 00000070
.L8092A510:
/* 00C00 8092A510 1040000C */  beq     $v0, $zero, .L8092A544     
/* 00C04 8092A514 00000000 */  nop
/* 00C08 8092A518 C604015C */  lwc1    $f4, 0x015C($s0)           ## 0000015C
/* 00C0C 8092A51C 260400BE */  addiu   $a0, $s0, 0x00BE           ## $a0 = 000000BE
/* 00C10 8092A520 240605DC */  addiu   $a2, $zero, 0x05DC         ## $a2 = 000005DC
/* 00C14 8092A524 4602203C */  c.lt.s  $f4, $f2                   
/* 00C18 8092A528 00000000 */  nop
/* 00C1C 8092A52C 45000005 */  bc1f    .L8092A544                 
/* 00C20 8092A530 00000000 */  nop
/* 00C24 8092A534 0C03FB9C */  jal     func_800FEE70              
/* 00C28 8092A538 86050092 */  lh      $a1, 0x0092($s0)           ## 00000092
/* 00C2C 8092A53C 860D00BE */  lh      $t5, 0x00BE($s0)           ## 000000BE
/* 00C30 8092A540 A60D0032 */  sh      $t5, 0x0032($s0)           ## 00000032
.L8092A544:
/* 00C34 8092A544 0C04DB34 */  jal     func_80136CD0              
/* 00C38 8092A548 8FA40024 */  lw      $a0, 0x0024($sp)           
/* 00C3C 8092A54C 50400004 */  beql    $v0, $zero, .L8092A560     
/* 00C40 8092A550 8FBF001C */  lw      $ra, 0x001C($sp)           
/* 00C44 8092A554 0C24A95C */  jal     func_8092A570              
/* 00C48 8092A558 02002025 */  or      $a0, $s0, $zero            ## $a0 = 00000000
.L8092A55C:
/* 00C4C 8092A55C 8FBF001C */  lw      $ra, 0x001C($sp)           
.L8092A560:
/* 00C50 8092A560 8FB00018 */  lw      $s0, 0x0018($sp)           
/* 00C54 8092A564 27BD0038 */  addiu   $sp, $sp, 0x0038           ## $sp = 00000000
/* 00C58 8092A568 03E00008 */  jr      $ra                        
/* 00C5C 8092A56C 00000000 */  nop


glabel func_8092A570
/* 00C60 8092A570 27BDFFE8 */  addiu   $sp, $sp, 0xFFE8           ## $sp = FFFFFFE8
/* 00C64 8092A574 AFBF0014 */  sw      $ra, 0x0014($sp)           
/* 00C68 8092A578 AFA40018 */  sw      $a0, 0x0018($sp)           
/* 00C6C 8092A57C 8FA40018 */  lw      $a0, 0x0018($sp)           
/* 00C70 8092A580 3C050600 */  lui     $a1, 0x0600                ## $a1 = 06000000
/* 00C74 8092A584 24A51ABC */  addiu   $a1, $a1, 0x1ABC           ## $a1 = 06001ABC
/* 00C78 8092A588 0C04DD0C */  jal     func_80137430              
/* 00C7C 8092A58C 24840144 */  addiu   $a0, $a0, 0x0144           ## $a0 = 00000144
/* 00C80 8092A590 8FA40018 */  lw      $a0, 0x0018($sp)           
/* 00C84 8092A594 0C02E3B2 */  jal     func_800B8EC8              
/* 00C88 8092A598 240539B2 */  addiu   $a1, $zero, 0x39B2         ## $a1 = 000039B2
/* 00C8C 8092A59C 8FAF0018 */  lw      $t7, 0x0018($sp)           
/* 00C90 8092A5A0 3C0E8093 */  lui     $t6, %hi(func_8092A5BC)    ## $t6 = 80930000
/* 00C94 8092A5A4 25CEA5BC */  addiu   $t6, $t6, %lo(func_8092A5BC) ## $t6 = 8092A5BC
/* 00C98 8092A5A8 ADEE02F0 */  sw      $t6, 0x02F0($t7)           ## 000002F0
/* 00C9C 8092A5AC 8FBF0014 */  lw      $ra, 0x0014($sp)           
/* 00CA0 8092A5B0 27BD0018 */  addiu   $sp, $sp, 0x0018           ## $sp = 00000000
/* 00CA4 8092A5B4 03E00008 */  jr      $ra                        
/* 00CA8 8092A5B8 00000000 */  nop


glabel func_8092A5BC
/* 00CAC 8092A5BC 27BDFFC8 */  addiu   $sp, $sp, 0xFFC8           ## $sp = FFFFFFC8
/* 00CB0 8092A5C0 AFBF0024 */  sw      $ra, 0x0024($sp)           
/* 00CB4 8092A5C4 AFA5003C */  sw      $a1, 0x003C($sp)           
/* 00CB8 8092A5C8 00803025 */  or      $a2, $a0, $zero            ## $a2 = 00000000
/* 00CBC 8092A5CC 24C40144 */  addiu   $a0, $a2, 0x0144           ## $a0 = 00000144
/* 00CC0 8092A5D0 AFA4002C */  sw      $a0, 0x002C($sp)           
/* 00CC4 8092A5D4 0C04DB34 */  jal     func_80136CD0              
/* 00CC8 8092A5D8 AFA60038 */  sw      $a2, 0x0038($sp)           
/* 00CCC 8092A5DC 10400024 */  beq     $v0, $zero, .L8092A670     
/* 00CD0 8092A5E0 8FA60038 */  lw      $a2, 0x0038($sp)           
/* 00CD4 8092A5E4 8CCE014C */  lw      $t6, 0x014C($a2)           ## 0000014C
/* 00CD8 8092A5E8 3C040600 */  lui     $a0, 0x0600                ## $a0 = 06000000
/* 00CDC 8092A5EC 248415F8 */  addiu   $a0, $a0, 0x15F8           ## $a0 = 060015F8
/* 00CE0 8092A5F0 148E0005 */  bne     $a0, $t6, .L8092A608       
/* 00CE4 8092A5F4 8FA5003C */  lw      $a1, 0x003C($sp)           
/* 00CE8 8092A5F8 0C24A78B */  jal     func_80929E2C              
/* 00CEC 8092A5FC 00C02025 */  or      $a0, $a2, $zero            ## $a0 = 00000000
/* 00CF0 8092A600 1000001C */  beq     $zero, $zero, .L8092A674   
/* 00CF4 8092A604 8FBF0024 */  lw      $ra, 0x0024($sp)           
.L8092A608:
/* 00CF8 8092A608 90CF02F4 */  lbu     $t7, 0x02F4($a2)           ## 000002F4
/* 00CFC 8092A60C 3C013F80 */  lui     $at, 0x3F80                ## $at = 3F800000
/* 00D00 8092A610 51E00006 */  beql    $t7, $zero, .L8092A62C     
/* 00D04 8092A614 44810000 */  mtc1    $at, $f0                   ## $f0 = 1.00
/* 00D08 8092A618 3C013FC0 */  lui     $at, 0x3FC0                ## $at = 3FC00000
/* 00D0C 8092A61C 44810000 */  mtc1    $at, $f0                   ## $f0 = 1.50
/* 00D10 8092A620 10000003 */  beq     $zero, $zero, .L8092A630   
/* 00D14 8092A624 00000000 */  nop
/* 00D18 8092A628 44810000 */  mtc1    $at, $f0                   ## $f0 = 1.50
.L8092A62C:
/* 00D1C 8092A62C 00000000 */  nop
.L8092A630:
/* 00D20 8092A630 0C04D1D2 */  jal     func_80134748              
/* 00D24 8092A634 E7A00030 */  swc1    $f0, 0x0030($sp)           
/* 00D28 8092A638 44822000 */  mtc1    $v0, $f4                   ## $f4 = 0.00
/* 00D2C 8092A63C C7A00030 */  lwc1    $f0, 0x0030($sp)           
/* 00D30 8092A640 44801000 */  mtc1    $zero, $f2                 ## $f2 = 0.00
/* 00D34 8092A644 468021A0 */  cvt.s.w $f6, $f4                   
/* 00D38 8092A648 3C050600 */  lui     $a1, 0x0600                ## $a1 = 06000000
/* 00D3C 8092A64C 24180003 */  addiu   $t8, $zero, 0x0003         ## $t8 = 00000003
/* 00D40 8092A650 44060000 */  mfc1    $a2, $f0                   
/* 00D44 8092A654 44071000 */  mfc1    $a3, $f2                   
/* 00D48 8092A658 AFB80014 */  sw      $t8, 0x0014($sp)           
/* 00D4C 8092A65C 24A515F8 */  addiu   $a1, $a1, 0x15F8           ## $a1 = 060015F8
/* 00D50 8092A660 E7A60010 */  swc1    $f6, 0x0010($sp)           
/* 00D54 8092A664 8FA4002C */  lw      $a0, 0x002C($sp)           
/* 00D58 8092A668 0C04DCFA */  jal     func_801373E8              
/* 00D5C 8092A66C E7A20018 */  swc1    $f2, 0x0018($sp)           
.L8092A670:
/* 00D60 8092A670 8FBF0024 */  lw      $ra, 0x0024($sp)           
.L8092A674:
/* 00D64 8092A674 27BD0038 */  addiu   $sp, $sp, 0x0038           ## $sp = 00000000
/* 00D68 8092A678 03E00008 */  jr      $ra                        
/* 00D6C 8092A67C 00000000 */  nop


glabel func_8092A680
/* 00D70 8092A680 27BDFFC0 */  addiu   $sp, $sp, 0xFFC0           ## $sp = FFFFFFC0
/* 00D74 8092A684 AFB00028 */  sw      $s0, 0x0028($sp)           
/* 00D78 8092A688 00808025 */  or      $s0, $a0, $zero            ## $s0 = 00000000
/* 00D7C 8092A68C AFBF002C */  sw      $ra, 0x002C($sp)           
/* 00D80 8092A690 920E02F4 */  lbu     $t6, 0x02F4($s0)           ## 000002F4
/* 00D84 8092A694 44802000 */  mtc1    $zero, $f4                 ## $f4 = 0.00
/* 00D88 8092A698 3C040600 */  lui     $a0, 0x0600                ## $a0 = 06000000
/* 00D8C 8092A69C 11C00004 */  beq     $t6, $zero, .L8092A6B0     
/* 00D90 8092A6A0 E6040070 */  swc1    $f4, 0x0070($s0)           ## 00000070
/* 00D94 8092A6A4 3C018093 */  lui     $at, %hi(D_8092C234)       ## $at = 80930000
/* 00D98 8092A6A8 10000004 */  beq     $zero, $zero, .L8092A6BC   
/* 00D9C 8092A6AC C422C234 */  lwc1    $f2, %lo(D_8092C234)($at)  
.L8092A6B0:
/* 00DA0 8092A6B0 3C013F80 */  lui     $at, 0x3F80                ## $at = 3F800000
/* 00DA4 8092A6B4 44811000 */  mtc1    $at, $f2                   ## $f2 = 1.00
/* 00DA8 8092A6B8 00000000 */  nop
.L8092A6BC:
/* 00DAC 8092A6BC 24842484 */  addiu   $a0, $a0, 0x2484           ## $a0 = 06002484
/* 00DB0 8092A6C0 0C04D1D2 */  jal     func_80134748              
/* 00DB4 8092A6C4 E7A20034 */  swc1    $f2, 0x0034($sp)           
/* 00DB8 8092A6C8 920F02F4 */  lbu     $t7, 0x02F4($s0)           ## 000002F4
/* 00DBC 8092A6CC 00021C00 */  sll     $v1, $v0, 16               
/* 00DC0 8092A6D0 00031C03 */  sra     $v1, $v1, 16               
/* 00DC4 8092A6D4 11E00005 */  beq     $t7, $zero, .L8092A6EC     
/* 00DC8 8092A6D8 C7A20034 */  lwc1    $f2, 0x0034($sp)           
/* 00DCC 8092A6DC 3C014080 */  lui     $at, 0x4080                ## $at = 40800000
/* 00DD0 8092A6E0 44810000 */  mtc1    $at, $f0                   ## $f0 = 4.00
/* 00DD4 8092A6E4 10000005 */  beq     $zero, $zero, .L8092A6FC   
/* 00DD8 8092A6E8 44833000 */  mtc1    $v1, $f6                   ## $f6 = 0.00
.L8092A6EC:
/* 00DDC 8092A6EC 3C014120 */  lui     $at, 0x4120                ## $at = 41200000
/* 00DE0 8092A6F0 44810000 */  mtc1    $at, $f0                   ## $f0 = 10.00
/* 00DE4 8092A6F4 00000000 */  nop
/* 00DE8 8092A6F8 44833000 */  mtc1    $v1, $f6                   ## $f6 = 0.00
.L8092A6FC:
/* 00DEC 8092A6FC 3C050600 */  lui     $a1, 0x0600                ## $a1 = 06000000
/* 00DF0 8092A700 44061000 */  mfc1    $a2, $f2                   
/* 00DF4 8092A704 46803220 */  cvt.s.w $f8, $f6                   
/* 00DF8 8092A708 24180003 */  addiu   $t8, $zero, 0x0003         ## $t8 = 00000003
/* 00DFC 8092A70C AFB80014 */  sw      $t8, 0x0014($sp)           
/* 00E00 8092A710 24A52484 */  addiu   $a1, $a1, 0x2484           ## $a1 = 06002484
/* 00E04 8092A714 26040144 */  addiu   $a0, $s0, 0x0144           ## $a0 = 00000144
/* 00E08 8092A718 24070000 */  addiu   $a3, $zero, 0x0000         ## $a3 = 00000000
/* 00E0C 8092A71C E7A80010 */  swc1    $f8, 0x0010($sp)           
/* 00E10 8092A720 0C04DCFA */  jal     func_801373E8              
/* 00E14 8092A724 E7A00018 */  swc1    $f0, 0x0018($sp)           
/* 00E18 8092A728 3C088093 */  lui     $t0, %hi(func_8092A754)    ## $t0 = 80930000
/* 00E1C 8092A72C 2419FFFF */  addiu   $t9, $zero, 0xFFFF         ## $t9 = FFFFFFFF
/* 00E20 8092A730 2508A754 */  addiu   $t0, $t0, %lo(func_8092A754) ## $t0 = 8092A754
/* 00E24 8092A734 A60002F6 */  sh      $zero, 0x02F6($s0)         ## 000002F6
/* 00E28 8092A738 A61902F8 */  sh      $t9, 0x02F8($s0)           ## 000002F8
/* 00E2C 8092A73C AE0802F0 */  sw      $t0, 0x02F0($s0)           ## 000002F0
/* 00E30 8092A740 8FBF002C */  lw      $ra, 0x002C($sp)           
/* 00E34 8092A744 8FB00028 */  lw      $s0, 0x0028($sp)           
/* 00E38 8092A748 27BD0040 */  addiu   $sp, $sp, 0x0040           ## $sp = 00000000
/* 00E3C 8092A74C 03E00008 */  jr      $ra                        
/* 00E40 8092A750 00000000 */  nop


glabel func_8092A754
/* 00E44 8092A754 27BDFFD8 */  addiu   $sp, $sp, 0xFFD8           ## $sp = FFFFFFD8
/* 00E48 8092A758 AFB00018 */  sw      $s0, 0x0018($sp)           
/* 00E4C 8092A75C 00808025 */  or      $s0, $a0, $zero            ## $s0 = 00000000
/* 00E50 8092A760 AFBF001C */  sw      $ra, 0x001C($sp)           
/* 00E54 8092A764 AFA5002C */  sw      $a1, 0x002C($sp)           
/* 00E58 8092A768 860E02F6 */  lh      $t6, 0x02F6($s0)           ## 000002F6
/* 00E5C 8092A76C 26040144 */  addiu   $a0, $s0, 0x0144           ## $a0 = 00000144
/* 00E60 8092A770 3C053F80 */  lui     $a1, 0x3F80                ## $a1 = 3F800000
/* 00E64 8092A774 25CF0001 */  addiu   $t7, $t6, 0x0001           ## $t7 = 00000001
/* 00E68 8092A778 A60F02F6 */  sh      $t7, 0x02F6($s0)           ## 000002F6
/* 00E6C 8092A77C 0C04DE2E */  jal     func_801378B8              
/* 00E70 8092A780 AFA40020 */  sw      $a0, 0x0020($sp)           
/* 00E74 8092A784 14400004 */  bne     $v0, $zero, .L8092A798     
/* 00E78 8092A788 8FA40020 */  lw      $a0, 0x0020($sp)           
/* 00E7C 8092A78C 0C04DE2E */  jal     func_801378B8              
/* 00E80 8092A790 3C054150 */  lui     $a1, 0x4150                ## $a1 = 41500000
/* 00E84 8092A794 10400003 */  beq     $v0, $zero, .L8092A7A4     
.L8092A798:
/* 00E88 8092A798 02002025 */  or      $a0, $s0, $zero            ## $a0 = 00000000
/* 00E8C 8092A79C 0C02E3B2 */  jal     func_800B8EC8              
/* 00E90 8092A7A0 24053929 */  addiu   $a1, $zero, 0x3929         ## $a1 = 00003929
.L8092A7A4:
/* 00E94 8092A7A4 3C013F80 */  lui     $at, 0x3F80                ## $at = 3F800000
/* 00E98 8092A7A8 44812000 */  mtc1    $at, $f4                   ## $f4 = 1.00
/* 00E9C 8092A7AC C600015C */  lwc1    $f0, 0x015C($s0)           ## 0000015C
/* 00EA0 8092A7B0 3C014110 */  lui     $at, 0x4110                ## $at = 41100000
/* 00EA4 8092A7B4 4600203C */  c.lt.s  $f4, $f0                   
/* 00EA8 8092A7B8 00000000 */  nop
/* 00EAC 8092A7BC 45020007 */  bc1fl   .L8092A7DC                 
/* 00EB0 8092A7C0 3C014140 */  lui     $at, 0x4140                ## $at = 41400000
/* 00EB4 8092A7C4 44813000 */  mtc1    $at, $f6                   ## $f6 = 12.00
/* 00EB8 8092A7C8 00000000 */  nop
/* 00EBC 8092A7CC 4606003C */  c.lt.s  $f0, $f6                   
/* 00EC0 8092A7D0 00000000 */  nop
/* 00EC4 8092A7D4 4501000D */  bc1t    .L8092A80C                 
/* 00EC8 8092A7D8 3C014140 */  lui     $at, 0x4140                ## $at = 41400000
.L8092A7DC:
/* 00ECC 8092A7DC 44814000 */  mtc1    $at, $f8                   ## $f8 = 12.00
/* 00ED0 8092A7E0 3C0141A0 */  lui     $at, 0x41A0                ## $at = 41A00000
/* 00ED4 8092A7E4 4600403C */  c.lt.s  $f8, $f0                   
/* 00ED8 8092A7E8 00000000 */  nop
/* 00EDC 8092A7EC 4502002B */  bc1fl   .L8092A89C                 
/* 00EE0 8092A7F0 920A0408 */  lbu     $t2, 0x0408($s0)           ## 00000408
/* 00EE4 8092A7F4 44815000 */  mtc1    $at, $f10                  ## $f10 = 20.00
/* 00EE8 8092A7F8 00000000 */  nop
/* 00EEC 8092A7FC 460A003C */  c.lt.s  $f0, $f10                  
/* 00EF0 8092A800 00000000 */  nop
/* 00EF4 8092A804 45020025 */  bc1fl   .L8092A89C                 
/* 00EF8 8092A808 920A0408 */  lbu     $t2, 0x0408($s0)           ## 00000408
.L8092A80C:
/* 00EFC 8092A80C 921802F4 */  lbu     $t8, 0x02F4($s0)           ## 000002F4
/* 00F00 8092A810 260400BE */  addiu   $a0, $s0, 0x00BE           ## $a0 = 000000BE
/* 00F04 8092A814 240605DC */  addiu   $a2, $zero, 0x05DC         ## $a2 = 000005DC
/* 00F08 8092A818 5300001C */  beql    $t8, $zero, .L8092A88C     
/* 00F0C 8092A81C 92080408 */  lbu     $t0, 0x0408($s0)           ## 00000408
/* 00F10 8092A820 0C03FB9C */  jal     func_800FEE70              
/* 00F14 8092A824 86050092 */  lh      $a1, 0x0092($s0)           ## 00000092
/* 00F18 8092A828 3C014140 */  lui     $at, 0x4140                ## $at = 41400000
/* 00F1C 8092A82C 44816000 */  mtc1    $at, $f12                  ## $f12 = 12.00
/* 00F20 8092A830 C600015C */  lwc1    $f0, 0x015C($s0)           ## 0000015C
/* 00F24 8092A834 861900BE */  lh      $t9, 0x00BE($s0)           ## 000000BE
/* 00F28 8092A838 3C013F80 */  lui     $at, 0x3F80                ## $at = 3F800000
/* 00F2C 8092A83C 4600603C */  c.lt.s  $f12, $f0                  
/* 00F30 8092A840 A6190032 */  sh      $t9, 0x0032($s0)           ## 00000032
/* 00F34 8092A844 45020004 */  bc1fl   .L8092A858                 
/* 00F38 8092A848 44818000 */  mtc1    $at, $f16                  ## $f16 = 1.00
/* 00F3C 8092A84C 10000004 */  beq     $zero, $zero, .L8092A860   
/* 00F40 8092A850 460C0081 */  sub.s   $f2, $f0, $f12             
/* 00F44 8092A854 44818000 */  mtc1    $at, $f16                  ## $f16 = 1.00
.L8092A858:
/* 00F48 8092A858 00000000 */  nop
/* 00F4C 8092A85C 46100081 */  sub.s   $f2, $f0, $f16             
.L8092A860:
/* 00F50 8092A860 3C018093 */  lui     $at, %hi(D_8092C238)       ## $at = 80930000
/* 00F54 8092A864 C432C238 */  lwc1    $f18, %lo(D_8092C238)($at) 
/* 00F58 8092A868 46029302 */  mul.s   $f12, $f18, $f2            
/* 00F5C 8092A86C 0C05E53B */  jal     func_801794EC              
/* 00F60 8092A870 00000000 */  nop
/* 00F64 8092A874 3C014090 */  lui     $at, 0x4090                ## $at = 40900000
/* 00F68 8092A878 44812000 */  mtc1    $at, $f4                   ## $f4 = 4.50
/* 00F6C 8092A87C 00000000 */  nop
/* 00F70 8092A880 46040182 */  mul.s   $f6, $f0, $f4              
/* 00F74 8092A884 E6060070 */  swc1    $f6, 0x0070($s0)           ## 00000070
/* 00F78 8092A888 92080408 */  lbu     $t0, 0x0408($s0)           ## 00000408
.L8092A88C:
/* 00F7C 8092A88C 35090001 */  ori     $t1, $t0, 0x0001           ## $t1 = 00000001
/* 00F80 8092A890 10000006 */  beq     $zero, $zero, .L8092A8AC   
/* 00F84 8092A894 A2090408 */  sb      $t1, 0x0408($s0)           ## 00000408
/* 00F88 8092A898 920A0408 */  lbu     $t2, 0x0408($s0)           ## 00000408
.L8092A89C:
/* 00F8C 8092A89C 44804000 */  mtc1    $zero, $f8                 ## $f8 = 0.00
/* 00F90 8092A8A0 314BFFFE */  andi    $t3, $t2, 0xFFFE           ## $t3 = 00000000
/* 00F94 8092A8A4 A20B0408 */  sb      $t3, 0x0408($s0)           ## 00000408
/* 00F98 8092A8A8 E6080070 */  swc1    $f8, 0x0070($s0)           ## 00000070
.L8092A8AC:
/* 00F9C 8092A8AC 0C04DB34 */  jal     func_80136CD0              
/* 00FA0 8092A8B0 8FA40020 */  lw      $a0, 0x0020($sp)           
/* 00FA4 8092A8B4 50400004 */  beql    $v0, $zero, .L8092A8C8     
/* 00FA8 8092A8B8 8FBF001C */  lw      $ra, 0x001C($sp)           
/* 00FAC 8092A8BC 0C24AA9B */  jal     func_8092AA6C              
/* 00FB0 8092A8C0 02002025 */  or      $a0, $s0, $zero            ## $a0 = 00000000
/* 00FB4 8092A8C4 8FBF001C */  lw      $ra, 0x001C($sp)           
.L8092A8C8:
/* 00FB8 8092A8C8 8FB00018 */  lw      $s0, 0x0018($sp)           
/* 00FBC 8092A8CC 27BD0028 */  addiu   $sp, $sp, 0x0028           ## $sp = 00000000
/* 00FC0 8092A8D0 03E00008 */  jr      $ra                        
/* 00FC4 8092A8D4 00000000 */  nop


glabel func_8092A8D8
/* 00FC8 8092A8D8 27BDFFC8 */  addiu   $sp, $sp, 0xFFC8           ## $sp = FFFFFFC8
/* 00FCC 8092A8DC AFB00028 */  sw      $s0, 0x0028($sp)           
/* 00FD0 8092A8E0 00808025 */  or      $s0, $a0, $zero            ## $s0 = 00000000
/* 00FD4 8092A8E4 AFBF002C */  sw      $ra, 0x002C($sp)           
/* 00FD8 8092A8E8 920E02F4 */  lbu     $t6, 0x02F4($s0)           ## 000002F4
/* 00FDC 8092A8EC 44802000 */  mtc1    $zero, $f4                 ## $f4 = 0.00
/* 00FE0 8092A8F0 3C040600 */  lui     $a0, 0x0600                ## $a0 = 06000000
/* 00FE4 8092A8F4 11C00006 */  beq     $t6, $zero, .L8092A910     
/* 00FE8 8092A8F8 E6040070 */  swc1    $f4, 0x0070($s0)           ## 00000070
/* 00FEC 8092A8FC 240F1000 */  addiu   $t7, $zero, 0x1000         ## $t7 = 00001000
/* 00FF0 8092A900 A60F0034 */  sh      $t7, 0x0034($s0)           ## 00000034
/* 00FF4 8092A904 3C018093 */  lui     $at, %hi(D_8092C23C)       ## $at = 80930000
/* 00FF8 8092A908 10000005 */  beq     $zero, $zero, .L8092A920   
/* 00FFC 8092A90C C420C23C */  lwc1    $f0, %lo(D_8092C23C)($at)  
.L8092A910:
/* 01000 8092A910 3C013F80 */  lui     $at, 0x3F80                ## $at = 3F800000
/* 01004 8092A914 24180B00 */  addiu   $t8, $zero, 0x0B00         ## $t8 = 00000B00
/* 01008 8092A918 44810000 */  mtc1    $at, $f0                   ## $f0 = 1.00
/* 0100C 8092A91C A6180034 */  sh      $t8, 0x0034($s0)           ## 00000034
.L8092A920:
/* 01010 8092A920 24842484 */  addiu   $a0, $a0, 0x2484           ## $a0 = 06002484
/* 01014 8092A924 0C04D1D2 */  jal     func_80134748              
/* 01018 8092A928 E7A00034 */  swc1    $f0, 0x0034($sp)           
/* 0101C 8092A92C 44823000 */  mtc1    $v0, $f6                   ## $f6 = 0.00
/* 01020 8092A930 C7A00034 */  lwc1    $f0, 0x0034($sp)           
/* 01024 8092A934 3C0140A0 */  lui     $at, 0x40A0                ## $at = 40A00000
/* 01028 8092A938 46803220 */  cvt.s.w $f8, $f6                   
/* 0102C 8092A93C 44815000 */  mtc1    $at, $f10                  ## $f10 = 5.00
/* 01030 8092A940 3C050600 */  lui     $a1, 0x0600                ## $a1 = 06000000
/* 01034 8092A944 24190003 */  addiu   $t9, $zero, 0x0003         ## $t9 = 00000003
/* 01038 8092A948 44060000 */  mfc1    $a2, $f0                   
/* 0103C 8092A94C AFB90014 */  sw      $t9, 0x0014($sp)           
/* 01040 8092A950 24A52484 */  addiu   $a1, $a1, 0x2484           ## $a1 = 06002484
/* 01044 8092A954 E7A80010 */  swc1    $f8, 0x0010($sp)           
/* 01048 8092A958 26040144 */  addiu   $a0, $s0, 0x0144           ## $a0 = 00000144
/* 0104C 8092A95C 3C074140 */  lui     $a3, 0x4140                ## $a3 = 41400000
/* 01050 8092A960 0C04DCFA */  jal     func_801373E8              
/* 01054 8092A964 E7AA0018 */  swc1    $f10, 0x0018($sp)          
/* 01058 8092A968 3C098093 */  lui     $t1, %hi(func_8092A994)    ## $t1 = 80930000
/* 0105C 8092A96C 2408FFFF */  addiu   $t0, $zero, 0xFFFF         ## $t0 = FFFFFFFF
/* 01060 8092A970 2529A994 */  addiu   $t1, $t1, %lo(func_8092A994) ## $t1 = 8092A994
/* 01064 8092A974 A60002F6 */  sh      $zero, 0x02F6($s0)         ## 000002F6
/* 01068 8092A978 A60802F8 */  sh      $t0, 0x02F8($s0)           ## 000002F8
/* 0106C 8092A97C AE0902F0 */  sw      $t1, 0x02F0($s0)           ## 000002F0
/* 01070 8092A980 8FBF002C */  lw      $ra, 0x002C($sp)           
/* 01074 8092A984 8FB00028 */  lw      $s0, 0x0028($sp)           
/* 01078 8092A988 27BD0038 */  addiu   $sp, $sp, 0x0038           ## $sp = 00000000
/* 0107C 8092A98C 03E00008 */  jr      $ra                        
/* 01080 8092A990 00000000 */  nop


glabel func_8092A994
/* 01084 8092A994 27BDFFD8 */  addiu   $sp, $sp, 0xFFD8           ## $sp = FFFFFFD8
/* 01088 8092A998 AFB00018 */  sw      $s0, 0x0018($sp)           
/* 0108C 8092A99C 00808025 */  or      $s0, $a0, $zero            ## $s0 = 00000000
/* 01090 8092A9A0 AFBF001C */  sw      $ra, 0x001C($sp)           
/* 01094 8092A9A4 AFA5002C */  sw      $a1, 0x002C($sp)           
/* 01098 8092A9A8 860E02F6 */  lh      $t6, 0x02F6($s0)           ## 000002F6
/* 0109C 8092A9AC 26040144 */  addiu   $a0, $s0, 0x0144           ## $a0 = 00000144
/* 010A0 8092A9B0 3C054150 */  lui     $a1, 0x4150                ## $a1 = 41500000
/* 010A4 8092A9B4 25CF0001 */  addiu   $t7, $t6, 0x0001           ## $t7 = 00000001
/* 010A8 8092A9B8 A60F02F6 */  sh      $t7, 0x02F6($s0)           ## 000002F6
/* 010AC 8092A9BC 0C04DE2E */  jal     func_801378B8              
/* 010B0 8092A9C0 AFA40024 */  sw      $a0, 0x0024($sp)           
/* 010B4 8092A9C4 10400003 */  beq     $v0, $zero, .L8092A9D4     
/* 010B8 8092A9C8 02002025 */  or      $a0, $s0, $zero            ## $a0 = 00000000
/* 010BC 8092A9CC 0C02E3B2 */  jal     func_800B8EC8              
/* 010C0 8092A9D0 24053929 */  addiu   $a1, $zero, 0x3929         ## $a1 = 00003929
.L8092A9D4:
/* 010C4 8092A9D4 3C014140 */  lui     $at, 0x4140                ## $at = 41400000
/* 010C8 8092A9D8 44812000 */  mtc1    $at, $f4                   ## $f4 = 12.00
/* 010CC 8092A9DC C600015C */  lwc1    $f0, 0x015C($s0)           ## 0000015C
/* 010D0 8092A9E0 3C0141A0 */  lui     $at, 0x41A0                ## $at = 41A00000
/* 010D4 8092A9E4 4600203C */  c.lt.s  $f4, $f0                   
/* 010D8 8092A9E8 00000000 */  nop
/* 010DC 8092A9EC 4502000C */  bc1fl   .L8092AA20                 
/* 010E0 8092A9F0 92080408 */  lbu     $t0, 0x0408($s0)           ## 00000408
/* 010E4 8092A9F4 44813000 */  mtc1    $at, $f6                   ## $f6 = 20.00
/* 010E8 8092A9F8 00000000 */  nop
/* 010EC 8092A9FC 4606003C */  c.lt.s  $f0, $f6                   
/* 010F0 8092AA00 00000000 */  nop
/* 010F4 8092AA04 45020006 */  bc1fl   .L8092AA20                 
/* 010F8 8092AA08 92080408 */  lbu     $t0, 0x0408($s0)           ## 00000408
/* 010FC 8092AA0C 92180408 */  lbu     $t8, 0x0408($s0)           ## 00000408
/* 01100 8092AA10 37190001 */  ori     $t9, $t8, 0x0001           ## $t9 = 00000001
/* 01104 8092AA14 10000004 */  beq     $zero, $zero, .L8092AA28   
/* 01108 8092AA18 A2190408 */  sb      $t9, 0x0408($s0)           ## 00000408
/* 0110C 8092AA1C 92080408 */  lbu     $t0, 0x0408($s0)           ## 00000408
.L8092AA20:
/* 01110 8092AA20 3109FFFE */  andi    $t1, $t0, 0xFFFE           ## $t1 = 00000000
/* 01114 8092AA24 A2090408 */  sb      $t1, 0x0408($s0)           ## 00000408
.L8092AA28:
/* 01118 8092AA28 860A00BE */  lh      $t2, 0x00BE($s0)           ## 000000BE
/* 0111C 8092AA2C 860B0034 */  lh      $t3, 0x0034($s0)           ## 00000034
/* 01120 8092AA30 014B6021 */  addu    $t4, $t2, $t3              
/* 01124 8092AA34 A60C00BE */  sh      $t4, 0x00BE($s0)           ## 000000BE
/* 01128 8092AA38 860D00BE */  lh      $t5, 0x00BE($s0)           ## 000000BE
/* 0112C 8092AA3C A60D0032 */  sh      $t5, 0x0032($s0)           ## 00000032
/* 01130 8092AA40 0C04DB34 */  jal     func_80136CD0              
/* 01134 8092AA44 8FA40024 */  lw      $a0, 0x0024($sp)           
/* 01138 8092AA48 50400004 */  beql    $v0, $zero, .L8092AA5C     
/* 0113C 8092AA4C 8FBF001C */  lw      $ra, 0x001C($sp)           
/* 01140 8092AA50 0C24AA9B */  jal     func_8092AA6C              
/* 01144 8092AA54 02002025 */  or      $a0, $s0, $zero            ## $a0 = 00000000
/* 01148 8092AA58 8FBF001C */  lw      $ra, 0x001C($sp)           
.L8092AA5C:
/* 0114C 8092AA5C 8FB00018 */  lw      $s0, 0x0018($sp)           
/* 01150 8092AA60 27BD0028 */  addiu   $sp, $sp, 0x0028           ## $sp = 00000000
/* 01154 8092AA64 03E00008 */  jr      $ra                        
/* 01158 8092AA68 00000000 */  nop


glabel func_8092AA6C
/* 0115C 8092AA6C 27BDFFD0 */  addiu   $sp, $sp, 0xFFD0           ## $sp = FFFFFFD0
/* 01160 8092AA70 AFBF0024 */  sw      $ra, 0x0024($sp)           
/* 01164 8092AA74 AFA40030 */  sw      $a0, 0x0030($sp)           
/* 01168 8092AA78 8FAE0030 */  lw      $t6, 0x0030($sp)           
/* 0116C 8092AA7C 3C040600 */  lui     $a0, 0x0600                ## $a0 = 06000000
/* 01170 8092AA80 24842484 */  addiu   $a0, $a0, 0x2484           ## $a0 = 06002484
/* 01174 8092AA84 91CF02F4 */  lbu     $t7, 0x02F4($t6)           ## 000002F4
/* 01178 8092AA88 3C013F80 */  lui     $at, 0x3F80                ## $at = 3F800000
/* 0117C 8092AA8C 51E00006 */  beql    $t7, $zero, .L8092AAA8     
/* 01180 8092AA90 44810000 */  mtc1    $at, $f0                   ## $f0 = 1.00
/* 01184 8092AA94 3C014000 */  lui     $at, 0x4000                ## $at = 40000000
/* 01188 8092AA98 44810000 */  mtc1    $at, $f0                   ## $f0 = 2.00
/* 0118C 8092AA9C 10000003 */  beq     $zero, $zero, .L8092AAAC   
/* 01190 8092AAA0 00000000 */  nop
/* 01194 8092AAA4 44810000 */  mtc1    $at, $f0                   ## $f0 = 2.00
.L8092AAA8:
/* 01198 8092AAA8 00000000 */  nop
.L8092AAAC:
/* 0119C 8092AAAC 0C04D1D2 */  jal     func_80134748              
/* 011A0 8092AAB0 E7A00028 */  swc1    $f0, 0x0028($sp)           
/* 011A4 8092AAB4 44822000 */  mtc1    $v0, $f4                   ## $f4 = 0.00
/* 011A8 8092AAB8 C7A00028 */  lwc1    $f0, 0x0028($sp)           
/* 011AC 8092AABC 3C01C080 */  lui     $at, 0xC080                ## $at = C0800000
/* 011B0 8092AAC0 468021A0 */  cvt.s.w $f6, $f4                   
/* 011B4 8092AAC4 44814000 */  mtc1    $at, $f8                   ## $f8 = -4.00
/* 011B8 8092AAC8 8FA40030 */  lw      $a0, 0x0030($sp)           
/* 011BC 8092AACC 3C050600 */  lui     $a1, 0x0600                ## $a1 = 06000000
/* 011C0 8092AAD0 24180003 */  addiu   $t8, $zero, 0x0003         ## $t8 = 00000003
/* 011C4 8092AAD4 44060000 */  mfc1    $a2, $f0                   
/* 011C8 8092AAD8 AFB80014 */  sw      $t8, 0x0014($sp)           
/* 011CC 8092AADC 24A52E7C */  addiu   $a1, $a1, 0x2E7C           ## $a1 = 06002E7C
/* 011D0 8092AAE0 E7A60010 */  swc1    $f6, 0x0010($sp)           
/* 011D4 8092AAE4 24070000 */  addiu   $a3, $zero, 0x0000         ## $a3 = 00000000
/* 011D8 8092AAE8 24840144 */  addiu   $a0, $a0, 0x0144           ## $a0 = 00000144
/* 011DC 8092AAEC 0C04DCFA */  jal     func_801373E8              
/* 011E0 8092AAF0 E7A80018 */  swc1    $f8, 0x0018($sp)           
/* 011E4 8092AAF4 8FA80030 */  lw      $t0, 0x0030($sp)           
/* 011E8 8092AAF8 3C198093 */  lui     $t9, %hi(func_8092AB14)    ## $t9 = 80930000
/* 011EC 8092AAFC 2739AB14 */  addiu   $t9, $t9, %lo(func_8092AB14) ## $t9 = 8092AB14
/* 011F0 8092AB00 AD1902F0 */  sw      $t9, 0x02F0($t0)           ## 000002F0
/* 011F4 8092AB04 8FBF0024 */  lw      $ra, 0x0024($sp)           
/* 011F8 8092AB08 27BD0030 */  addiu   $sp, $sp, 0x0030           ## $sp = 00000000
/* 011FC 8092AB0C 03E00008 */  jr      $ra                        
/* 01200 8092AB10 00000000 */  nop


glabel func_8092AB14
/* 01204 8092AB14 27BDFFE8 */  addiu   $sp, $sp, 0xFFE8           ## $sp = FFFFFFE8
/* 01208 8092AB18 AFBF0014 */  sw      $ra, 0x0014($sp)           
/* 0120C 8092AB1C AFA40018 */  sw      $a0, 0x0018($sp)           
/* 01210 8092AB20 AFA5001C */  sw      $a1, 0x001C($sp)           
/* 01214 8092AB24 8FA40018 */  lw      $a0, 0x0018($sp)           
/* 01218 8092AB28 0C04DB34 */  jal     func_80136CD0              
/* 0121C 8092AB2C 24840144 */  addiu   $a0, $a0, 0x0144           ## $a0 = 00000144
/* 01220 8092AB30 10400003 */  beq     $v0, $zero, .L8092AB40     
/* 01224 8092AB34 8FA40018 */  lw      $a0, 0x0018($sp)           
/* 01228 8092AB38 0C24A78B */  jal     func_80929E2C              
/* 0122C 8092AB3C 8FA5001C */  lw      $a1, 0x001C($sp)           
.L8092AB40:
/* 01230 8092AB40 8FBF0014 */  lw      $ra, 0x0014($sp)           
/* 01234 8092AB44 27BD0018 */  addiu   $sp, $sp, 0x0018           ## $sp = 00000000
/* 01238 8092AB48 03E00008 */  jr      $ra                        
/* 0123C 8092AB4C 00000000 */  nop


glabel func_8092AB50
/* 01240 8092AB50 27BDFFD8 */  addiu   $sp, $sp, 0xFFD8           ## $sp = FFFFFFD8
/* 01244 8092AB54 AFBF0024 */  sw      $ra, 0x0024($sp)           
/* 01248 8092AB58 AFA40028 */  sw      $a0, 0x0028($sp)           
/* 0124C 8092AB5C 44802000 */  mtc1    $zero, $f4                 ## $f4 = 0.00
/* 01250 8092AB60 8FAE0028 */  lw      $t6, 0x0028($sp)           
/* 01254 8092AB64 3C040600 */  lui     $a0, 0x0600                ## $a0 = 06000000
/* 01258 8092AB68 2484391C */  addiu   $a0, $a0, 0x391C           ## $a0 = 0600391C
/* 0125C 8092AB6C 0C04D1D2 */  jal     func_80134748              
/* 01260 8092AB70 E5C40070 */  swc1    $f4, 0x0070($t6)           ## 00000070
/* 01264 8092AB74 44823000 */  mtc1    $v0, $f6                   ## $f6 = 0.00
/* 01268 8092AB78 3C01C000 */  lui     $at, 0xC000                ## $at = C0000000
/* 0126C 8092AB7C 44815000 */  mtc1    $at, $f10                  ## $f10 = -2.00
/* 01270 8092AB80 46803220 */  cvt.s.w $f8, $f6                   
/* 01274 8092AB84 8FA40028 */  lw      $a0, 0x0028($sp)           
/* 01278 8092AB88 3C050600 */  lui     $a1, 0x0600                ## $a1 = 06000000
/* 0127C 8092AB8C 240F0002 */  addiu   $t7, $zero, 0x0002         ## $t7 = 00000002
/* 01280 8092AB90 AFAF0014 */  sw      $t7, 0x0014($sp)           
/* 01284 8092AB94 24A5391C */  addiu   $a1, $a1, 0x391C           ## $a1 = 0600391C
/* 01288 8092AB98 E7A80010 */  swc1    $f8, 0x0010($sp)           
/* 0128C 8092AB9C 3C064000 */  lui     $a2, 0x4000                ## $a2 = 40000000
/* 01290 8092ABA0 24070000 */  addiu   $a3, $zero, 0x0000         ## $a3 = 00000000
/* 01294 8092ABA4 E7AA0018 */  swc1    $f10, 0x0018($sp)          
/* 01298 8092ABA8 0C04DCFA */  jal     func_801373E8              
/* 0129C 8092ABAC 24840144 */  addiu   $a0, $a0, 0x0144           ## $a0 = 00000144
/* 012A0 8092ABB0 8FA20028 */  lw      $v0, 0x0028($sp)           
/* 012A4 8092ABB4 3C198093 */  lui     $t9, %hi(func_8092ABD8)    ## $t9 = 80930000
/* 012A8 8092ABB8 24180014 */  addiu   $t8, $zero, 0x0014         ## $t8 = 00000014
/* 012AC 8092ABBC 2739ABD8 */  addiu   $t9, $t9, %lo(func_8092ABD8) ## $t9 = 8092ABD8
/* 012B0 8092ABC0 A45802F6 */  sh      $t8, 0x02F6($v0)           ## 000002F6
/* 012B4 8092ABC4 AC5902F0 */  sw      $t9, 0x02F0($v0)           ## 000002F0
/* 012B8 8092ABC8 8FBF0024 */  lw      $ra, 0x0024($sp)           
/* 012BC 8092ABCC 27BD0028 */  addiu   $sp, $sp, 0x0028           ## $sp = 00000000
/* 012C0 8092ABD0 03E00008 */  jr      $ra                        
/* 012C4 8092ABD4 00000000 */  nop


glabel func_8092ABD8
/* 012C8 8092ABD8 27BDFFE8 */  addiu   $sp, $sp, 0xFFE8           ## $sp = FFFFFFE8
/* 012CC 8092ABDC AFBF0014 */  sw      $ra, 0x0014($sp)           
/* 012D0 8092ABE0 AFA5001C */  sw      $a1, 0x001C($sp)           
/* 012D4 8092ABE4 00803825 */  or      $a3, $a0, $zero            ## $a3 = 00000000
/* 012D8 8092ABE8 8FA4001C */  lw      $a0, 0x001C($sp)           
/* 012DC 8092ABEC 3C010001 */  lui     $at, 0x0001                ## $at = 00010000
/* 012E0 8092ABF0 34218884 */  ori     $at, $at, 0x8884           ## $at = 00018884
/* 012E4 8092ABF4 24E60478 */  addiu   $a2, $a3, 0x0478           ## $a2 = 00000478
/* 012E8 8092ABF8 AFA70018 */  sw      $a3, 0x0018($sp)           
/* 012EC 8092ABFC 0C0389D0 */  jal     func_800E2740              
/* 012F0 8092AC00 00812821 */  addu    $a1, $a0, $at              
/* 012F4 8092AC04 8FA70018 */  lw      $a3, 0x0018($sp)           
/* 012F8 8092AC08 0C04DB34 */  jal     func_80136CD0              
/* 012FC 8092AC0C 24E40144 */  addiu   $a0, $a3, 0x0144           ## $a0 = 00000144
/* 01300 8092AC10 1040000A */  beq     $v0, $zero, .L8092AC3C     
/* 01304 8092AC14 8FA70018 */  lw      $a3, 0x0018($sp)           
/* 01308 8092AC18 84EF02F6 */  lh      $t7, 0x02F6($a3)           ## 000002F6
/* 0130C 8092AC1C 00E02025 */  or      $a0, $a3, $zero            ## $a0 = 00000000
/* 01310 8092AC20 25F8FFFF */  addiu   $t8, $t7, 0xFFFF           ## $t8 = FFFFFFFF
/* 01314 8092AC24 A4F802F6 */  sh      $t8, 0x02F6($a3)           ## 000002F6
/* 01318 8092AC28 84F902F6 */  lh      $t9, 0x02F6($a3)           ## 000002F6
/* 0131C 8092AC2C 57200004 */  bnel    $t9, $zero, .L8092AC40     
/* 01320 8092AC30 8FBF0014 */  lw      $ra, 0x0014($sp)           
/* 01324 8092AC34 0C24A78B */  jal     func_80929E2C              
/* 01328 8092AC38 8FA5001C */  lw      $a1, 0x001C($sp)           
.L8092AC3C:
/* 0132C 8092AC3C 8FBF0014 */  lw      $ra, 0x0014($sp)           
.L8092AC40:
/* 01330 8092AC40 27BD0018 */  addiu   $sp, $sp, 0x0018           ## $sp = 00000000
/* 01334 8092AC44 03E00008 */  jr      $ra                        
/* 01338 8092AC48 00000000 */  nop


glabel func_8092AC4C
/* 0133C 8092AC4C 27BDFFE0 */  addiu   $sp, $sp, 0xFFE0           ## $sp = FFFFFFE0
/* 01340 8092AC50 AFB00018 */  sw      $s0, 0x0018($sp)           
/* 01344 8092AC54 00808025 */  or      $s0, $a0, $zero            ## $s0 = 00000000
/* 01348 8092AC58 AFBF001C */  sw      $ra, 0x001C($sp)           
/* 0134C 8092AC5C 10A00003 */  beq     $a1, $zero, .L8092AC6C     
/* 01350 8092AC60 02002025 */  or      $a0, $s0, $zero            ## $a0 = 00000000
/* 01354 8092AC64 0C02F941 */  jal     func_800BE504              
/* 01358 8092AC68 260503AC */  addiu   $a1, $s0, 0x03AC           ## $a1 = 000003AC
.L8092AC6C:
/* 0135C 8092AC6C 860E0032 */  lh      $t6, 0x0032($s0)           ## 00000032
/* 01360 8092AC70 860F00BE */  lh      $t7, 0x00BE($s0)           ## 000000BE
/* 01364 8092AC74 3C0140C0 */  lui     $at, 0x40C0                ## $at = 40C00000
/* 01368 8092AC78 44812000 */  mtc1    $at, $f4                   ## $f4 = 6.00
/* 0136C 8092AC7C 34018000 */  ori     $at, $zero, 0x8000         ## $at = 00008000
/* 01370 8092AC80 01CF1023 */  subu    $v0, $t6, $t7              
/* 01374 8092AC84 00411021 */  addu    $v0, $v0, $at              
/* 01378 8092AC88 00021400 */  sll     $v0, $v0, 16               
/* 0137C 8092AC8C 00021403 */  sra     $v0, $v0, 16               
/* 01380 8092AC90 04410003 */  bgez    $v0, .L8092ACA0            
/* 01384 8092AC94 E6040070 */  swc1    $f4, 0x0070($s0)           ## 00000070
/* 01388 8092AC98 10000002 */  beq     $zero, $zero, .L8092ACA4   
/* 0138C 8092AC9C 00021823 */  subu    $v1, $zero, $v0            
.L8092ACA0:
/* 01390 8092ACA0 00401825 */  or      $v1, $v0, $zero            ## $v1 = 00000000
.L8092ACA4:
/* 01394 8092ACA4 28614001 */  slti    $at, $v1, 0x4001           
/* 01398 8092ACA8 10200008 */  beq     $at, $zero, .L8092ACCC     
/* 0139C 8092ACAC 26040144 */  addiu   $a0, $s0, 0x0144           ## $a0 = 00000144
/* 013A0 8092ACB0 3C050600 */  lui     $a1, 0x0600                ## $a1 = 06000000
/* 013A4 8092ACB4 24A55254 */  addiu   $a1, $a1, 0x5254           ## $a1 = 06005254
/* 013A8 8092ACB8 26040144 */  addiu   $a0, $s0, 0x0144           ## $a0 = 00000144
/* 013AC 8092ACBC 0C04DD22 */  jal     func_80137488              
/* 013B0 8092ACC0 3C06C080 */  lui     $a2, 0xC080                ## $a2 = C0800000
/* 013B4 8092ACC4 10000005 */  beq     $zero, $zero, .L8092ACDC   
/* 013B8 8092ACC8 00000000 */  nop
.L8092ACCC:
/* 013BC 8092ACCC 3C050600 */  lui     $a1, 0x0600                ## $a1 = 06000000
/* 013C0 8092ACD0 24A5367C */  addiu   $a1, $a1, 0x367C           ## $a1 = 0600367C
/* 013C4 8092ACD4 0C04DD22 */  jal     func_80137488              
/* 013C8 8092ACD8 3C06C080 */  lui     $a2, 0xC080                ## $a2 = C0800000
.L8092ACDC:
/* 013CC 8092ACDC 3C188093 */  lui     $t8, %hi(func_8092ACFC)    ## $t8 = 80930000
/* 013D0 8092ACE0 2718ACFC */  addiu   $t8, $t8, %lo(func_8092ACFC) ## $t8 = 8092ACFC
/* 013D4 8092ACE4 AE1802F0 */  sw      $t8, 0x02F0($s0)           ## 000002F0
/* 013D8 8092ACE8 8FBF001C */  lw      $ra, 0x001C($sp)           
/* 013DC 8092ACEC 8FB00018 */  lw      $s0, 0x0018($sp)           
/* 013E0 8092ACF0 27BD0020 */  addiu   $sp, $sp, 0x0020           ## $sp = 00000000
/* 013E4 8092ACF4 03E00008 */  jr      $ra                        
/* 013E8 8092ACF8 00000000 */  nop


glabel func_8092ACFC
/* 013EC 8092ACFC 27BDFFE0 */  addiu   $sp, $sp, 0xFFE0           ## $sp = FFFFFFE0
/* 013F0 8092AD00 AFB00018 */  sw      $s0, 0x0018($sp)           
/* 013F4 8092AD04 00808025 */  or      $s0, $a0, $zero            ## $s0 = 00000000
/* 013F8 8092AD08 AFBF001C */  sw      $ra, 0x001C($sp)           
/* 013FC 8092AD0C AFA50024 */  sw      $a1, 0x0024($sp)           
/* 01400 8092AD10 26040070 */  addiu   $a0, $s0, 0x0070           ## $a0 = 00000070
/* 01404 8092AD14 24050000 */  addiu   $a1, $zero, 0x0000         ## $a1 = 00000000
/* 01408 8092AD18 0C03FC0F */  jal     func_800FF03C              
/* 0140C 8092AD1C 3C063F80 */  lui     $a2, 0x3F80                ## $a2 = 3F800000
/* 01410 8092AD20 860502FA */  lh      $a1, 0x02FA($s0)           ## 000002FA
/* 01414 8092AD24 10A00008 */  beq     $a1, $zero, .L8092AD48     
/* 01418 8092AD28 00000000 */  nop
/* 0141C 8092AD2C 0C05A5B5 */  jal     func_801696D4              
/* 01420 8092AD30 8FA40024 */  lw      $a0, 0x0024($sp)           
/* 01424 8092AD34 8FA40024 */  lw      $a0, 0x0024($sp)           
/* 01428 8092AD38 860502FA */  lh      $a1, 0x02FA($s0)           ## 000002FA
/* 0142C 8092AD3C 2606003C */  addiu   $a2, $s0, 0x003C           ## $a2 = 0000003C
/* 01430 8092AD40 0C05A5C3 */  jal     func_8016970C              
/* 01434 8092AD44 2447005C */  addiu   $a3, $v0, 0x005C           ## $a3 = 0000005C
.L8092AD48:
/* 01438 8092AD48 0C04DB34 */  jal     func_80136CD0              
/* 0143C 8092AD4C 26040144 */  addiu   $a0, $s0, 0x0144           ## $a0 = 00000144
/* 01440 8092AD50 10400010 */  beq     $v0, $zero, .L8092AD94     
/* 01444 8092AD54 240F000C */  addiu   $t7, $zero, 0x000C         ## $t7 = 0000000C
/* 01448 8092AD58 860E02FA */  lh      $t6, 0x02FA($s0)           ## 000002FA
/* 0144C 8092AD5C 02002025 */  or      $a0, $s0, $zero            ## $a0 = 00000000
/* 01450 8092AD60 11C00008 */  beq     $t6, $zero, .L8092AD84     
/* 01454 8092AD64 00000000 */  nop
/* 01458 8092AD68 0C03C7EF */  jal     func_800F1FBC              
/* 0145C 8092AD6C 82040038 */  lb      $a0, 0x0038($s0)           ## 00000038
/* 01460 8092AD70 A60002FA */  sh      $zero, 0x02FA($s0)         ## 000002FA
/* 01464 8092AD74 0C24A7A2 */  jal     func_80929E88              
/* 01468 8092AD78 02002025 */  or      $a0, $s0, $zero            ## $a0 = 00000000
/* 0146C 8092AD7C 10000009 */  beq     $zero, $zero, .L8092ADA4   
/* 01470 8092AD80 8FBF001C */  lw      $ra, 0x001C($sp)           
.L8092AD84:
/* 01474 8092AD84 0C24A78B */  jal     func_80929E2C              
/* 01478 8092AD88 8FA50024 */  lw      $a1, 0x0024($sp)           
/* 0147C 8092AD8C 10000005 */  beq     $zero, $zero, .L8092ADA4   
/* 01480 8092AD90 8FBF001C */  lw      $ra, 0x001C($sp)           
.L8092AD94:
/* 01484 8092AD94 2418000C */  addiu   $t8, $zero, 0x000C         ## $t8 = 0000000C
/* 01488 8092AD98 A20F011C */  sb      $t7, 0x011C($s0)           ## 0000011C
/* 0148C 8092AD9C A61802FC */  sh      $t8, 0x02FC($s0)           ## 000002FC
/* 01490 8092ADA0 8FBF001C */  lw      $ra, 0x001C($sp)           
.L8092ADA4:
/* 01494 8092ADA4 8FB00018 */  lw      $s0, 0x0018($sp)           
/* 01498 8092ADA8 27BD0020 */  addiu   $sp, $sp, 0x0020           ## $sp = 00000000
/* 0149C 8092ADAC 03E00008 */  jr      $ra                        
/* 014A0 8092ADB0 00000000 */  nop


glabel func_8092ADB4
/* 014A4 8092ADB4 27BDFFE8 */  addiu   $sp, $sp, 0xFFE8           ## $sp = FFFFFFE8
/* 014A8 8092ADB8 AFBF0014 */  sw      $ra, 0x0014($sp)           
/* 014AC 8092ADBC 00803825 */  or      $a3, $a0, $zero            ## $a3 = 00000000
/* 014B0 8092ADC0 44802000 */  mtc1    $zero, $f4                 ## $f4 = 0.00
/* 014B4 8092ADC4 3C050600 */  lui     $a1, 0x0600                ## $a1 = 06000000
/* 014B8 8092ADC8 24A54A04 */  addiu   $a1, $a1, 0x4A04           ## $a1 = 06004A04
/* 014BC 8092ADCC E4E40070 */  swc1    $f4, 0x0070($a3)           ## 00000070
/* 014C0 8092ADD0 AFA70018 */  sw      $a3, 0x0018($sp)           
/* 014C4 8092ADD4 24E40144 */  addiu   $a0, $a3, 0x0144           ## $a0 = 00000144
/* 014C8 8092ADD8 0C04DD22 */  jal     func_80137488              
/* 014CC 8092ADDC 3C06C080 */  lui     $a2, 0xC080                ## $a2 = C0800000
/* 014D0 8092ADE0 8FA40018 */  lw      $a0, 0x0018($sp)           
/* 014D4 8092ADE4 240E0018 */  addiu   $t6, $zero, 0x0018         ## $t6 = 00000018
/* 014D8 8092ADE8 24053AD8 */  addiu   $a1, $zero, 0x3AD8         ## $a1 = 00003AD8
/* 014DC 8092ADEC 0C02E3B2 */  jal     func_800B8EC8              
/* 014E0 8092ADF0 A48E02F6 */  sh      $t6, 0x02F6($a0)           ## 000002F6
/* 014E4 8092ADF4 8FA70018 */  lw      $a3, 0x0018($sp)           
/* 014E8 8092ADF8 3C0F8093 */  lui     $t7, %hi(func_8092AE14)    ## $t7 = 80930000
/* 014EC 8092ADFC 25EFAE14 */  addiu   $t7, $t7, %lo(func_8092AE14) ## $t7 = 8092AE14
/* 014F0 8092AE00 ACEF02F0 */  sw      $t7, 0x02F0($a3)           ## 000002F0
/* 014F4 8092AE04 8FBF0014 */  lw      $ra, 0x0014($sp)           
/* 014F8 8092AE08 27BD0018 */  addiu   $sp, $sp, 0x0018           ## $sp = 00000000
/* 014FC 8092AE0C 03E00008 */  jr      $ra                        
/* 01500 8092AE10 00000000 */  nop


glabel func_8092AE14
/* 01504 8092AE14 27BDFF90 */  addiu   $sp, $sp, 0xFF90           ## $sp = FFFFFF90
/* 01508 8092AE18 AFB40050 */  sw      $s4, 0x0050($sp)           
/* 0150C 8092AE1C AFB20048 */  sw      $s2, 0x0048($sp)           
/* 01510 8092AE20 00809025 */  or      $s2, $a0, $zero            ## $s2 = 00000000
/* 01514 8092AE24 00A0A025 */  or      $s4, $a1, $zero            ## $s4 = 00000000
/* 01518 8092AE28 AFBF0054 */  sw      $ra, 0x0054($sp)           
/* 0151C 8092AE2C AFB3004C */  sw      $s3, 0x004C($sp)           
/* 01520 8092AE30 AFB10044 */  sw      $s1, 0x0044($sp)           
/* 01524 8092AE34 AFB00040 */  sw      $s0, 0x0040($sp)           
/* 01528 8092AE38 F7B80038 */  sdc1    $f24, 0x0038($sp)          
/* 0152C 8092AE3C F7B60030 */  sdc1    $f22, 0x0030($sp)          
/* 01530 8092AE40 F7B40028 */  sdc1    $f20, 0x0028($sp)          
/* 01534 8092AE44 240E000C */  addiu   $t6, $zero, 0x000C         ## $t6 = 0000000C
/* 01538 8092AE48 26500144 */  addiu   $s0, $s2, 0x0144           ## $s0 = 00000144
/* 0153C 8092AE4C A64E02FC */  sh      $t6, 0x02FC($s2)           ## 000002FC
/* 01540 8092AE50 0C04DB34 */  jal     func_80136CD0              
/* 01544 8092AE54 02002025 */  or      $a0, $s0, $zero            ## $a0 = 00000144
/* 01548 8092AE58 10400045 */  beq     $v0, $zero, .L8092AF70     
/* 0154C 8092AE5C 02002025 */  or      $a0, $s0, $zero            ## $a0 = 00000144
/* 01550 8092AE60 864202F6 */  lh      $v0, 0x02F6($s2)           ## 000002F6
/* 01554 8092AE64 24010018 */  addiu   $at, $zero, 0x0018         ## $at = 00000018
/* 01558 8092AE68 02802025 */  or      $a0, $s4, $zero            ## $a0 = 00000000
/* 0155C 8092AE6C 14410005 */  bne     $v0, $at, .L8092AE84       
/* 01560 8092AE70 26450024 */  addiu   $a1, $s2, 0x0024           ## $a1 = 00000024
/* 01564 8092AE74 24060023 */  addiu   $a2, $zero, 0x0023         ## $a2 = 00000023
/* 01568 8092AE78 0C03C164 */  jal     func_800F0590              
/* 0156C 8092AE7C 2407321F */  addiu   $a3, $zero, 0x321F         ## $a3 = 0000321F
/* 01570 8092AE80 864202F6 */  lh      $v0, 0x02F6($s2)           ## 000002F6
.L8092AE84:
/* 01574 8092AE84 10400040 */  beq     $v0, $zero, .L8092AF88     
/* 01578 8092AE88 244FFFFF */  addiu   $t7, $v0, 0xFFFF           ## $t7 = FFFFFFFF
/* 0157C 8092AE8C A64F02F6 */  sh      $t7, 0x02F6($s2)           ## 000002F6
/* 01580 8092AE90 864202F6 */  lh      $v0, 0x02F6($s2)           ## 000002F6
/* 01584 8092AE94 24190006 */  addiu   $t9, $zero, 0x0006         ## $t9 = 00000006
/* 01588 8092AE98 3C0141A0 */  lui     $at, 0x41A0                ## $at = 41A00000
/* 0158C 8092AE9C 0002C083 */  sra     $t8, $v0,  2               
/* 01590 8092AEA0 03388023 */  subu    $s0, $t9, $t8              
/* 01594 8092AEA4 06000026 */  bltz    $s0, .L8092AF40            
/* 01598 8092AEA8 27B30060 */  addiu   $s3, $sp, 0x0060           ## $s3 = FFFFFFF0
/* 0159C 8092AEAC 4481C000 */  mtc1    $at, $f24                  ## $f24 = 20.00
/* 015A0 8092AEB0 3C014248 */  lui     $at, 0x4248                ## $at = 42480000
/* 015A4 8092AEB4 4481B000 */  mtc1    $at, $f22                  ## $f22 = 50.00
/* 015A8 8092AEB8 3C0142A0 */  lui     $at, 0x42A0                ## $at = 42A00000
/* 015AC 8092AEBC 3C118093 */  lui     $s1, %hi(D_8092C19C)       ## $s1 = 80930000
/* 015B0 8092AEC0 4481A000 */  mtc1    $at, $f20                  ## $f20 = 80.00
/* 015B4 8092AEC4 2631C19C */  addiu   $s1, $s1, %lo(D_8092C19C)  ## $s1 = 8092C19C
.L8092AEC8:
/* 015B8 8092AEC8 0C05E570 */  jal     func_801795C0              
/* 015BC 8092AECC 4600A306 */  mov.s   $f12, $f20                 
/* 015C0 8092AED0 C6440024 */  lwc1    $f4, 0x0024($s2)           ## 00000024
/* 015C4 8092AED4 4600A306 */  mov.s   $f12, $f20                 
/* 015C8 8092AED8 46040180 */  add.s   $f6, $f0, $f4              
/* 015CC 8092AEDC 0C05E570 */  jal     func_801795C0              
/* 015D0 8092AEE0 E7A60060 */  swc1    $f6, 0x0060($sp)           
/* 015D4 8092AEE4 C648002C */  lwc1    $f8, 0x002C($s2)           ## 0000002C
/* 015D8 8092AEE8 4600B306 */  mov.s   $f12, $f22                 
/* 015DC 8092AEEC 46080280 */  add.s   $f10, $f0, $f8             
/* 015E0 8092AEF0 0C05E570 */  jal     func_801795C0              
/* 015E4 8092AEF4 E7AA0068 */  swc1    $f10, 0x0068($sp)          
/* 015E8 8092AEF8 C6500028 */  lwc1    $f16, 0x0028($s2)          ## 00000028
/* 015EC 8092AEFC 24080064 */  addiu   $t0, $zero, 0x0064         ## $t0 = 00000064
/* 015F0 8092AF00 24090002 */  addiu   $t1, $zero, 0x0002         ## $t1 = 00000002
/* 015F4 8092AF04 46188480 */  add.s   $f18, $f16, $f24           
/* 015F8 8092AF08 AFA90018 */  sw      $t1, 0x0018($sp)           
/* 015FC 8092AF0C AFA80010 */  sw      $t0, 0x0010($sp)           
/* 01600 8092AF10 AFA00014 */  sw      $zero, 0x0014($sp)         
/* 01604 8092AF14 46120100 */  add.s   $f4, $f0, $f18             
/* 01608 8092AF18 02802025 */  or      $a0, $s4, $zero            ## $a0 = 00000000
/* 0160C 8092AF1C 02602825 */  or      $a1, $s3, $zero            ## $a1 = FFFFFFF0
/* 01610 8092AF20 02203025 */  or      $a2, $s1, $zero            ## $a2 = 8092C19C
/* 01614 8092AF24 E7A40064 */  swc1    $f4, 0x0064($sp)           
/* 01618 8092AF28 0C02CC0C */  jal     func_800B3030              
/* 0161C 8092AF2C 02203825 */  or      $a3, $s1, $zero            ## $a3 = 8092C19C
/* 01620 8092AF30 2610FFFF */  addiu   $s0, $s0, 0xFFFF           ## $s0 = 00000143
/* 01624 8092AF34 0601FFE4 */  bgez    $s0, .L8092AEC8            
/* 01628 8092AF38 00000000 */  nop
/* 0162C 8092AF3C 864202F6 */  lh      $v0, 0x02F6($s2)           ## 000002F6
.L8092AF40:
/* 01630 8092AF40 14400011 */  bne     $v0, $zero, .L8092AF88     
/* 01634 8092AF44 02802025 */  or      $a0, $s4, $zero            ## $a0 = 00000000
/* 01638 8092AF48 02402825 */  or      $a1, $s2, $zero            ## $a1 = 00000000
/* 0163C 8092AF4C 26460024 */  addiu   $a2, $s2, 0x0024           ## $a2 = 00000024
/* 01640 8092AF50 0C029F4A */  jal     func_800A7D28              
/* 01644 8092AF54 240700B0 */  addiu   $a3, $zero, 0x00B0         ## $a3 = 000000B0
/* 01648 8092AF58 0C03C7EF */  jal     func_800F1FBC              
/* 0164C 8092AF5C 82440038 */  lb      $a0, 0x0038($s2)           ## 00000038
/* 01650 8092AF60 0C02D9C3 */  jal     func_800B670C              
/* 01654 8092AF64 02402025 */  or      $a0, $s2, $zero            ## $a0 = 00000000
/* 01658 8092AF68 10000008 */  beq     $zero, $zero, .L8092AF8C   
/* 0165C 8092AF6C 8FBF0054 */  lw      $ra, 0x0054($sp)           
.L8092AF70:
/* 01660 8092AF70 0C04DE2E */  jal     func_801378B8              
/* 01664 8092AF74 3C0541B8 */  lui     $a1, 0x41B8                ## $a1 = 41B80000
/* 01668 8092AF78 10400003 */  beq     $v0, $zero, .L8092AF88     
/* 0166C 8092AF7C 02402025 */  or      $a0, $s2, $zero            ## $a0 = 00000000
/* 01670 8092AF80 0C02E3B2 */  jal     func_800B8EC8              
/* 01674 8092AF84 24053928 */  addiu   $a1, $zero, 0x3928         ## $a1 = 00003928
.L8092AF88:
/* 01678 8092AF88 8FBF0054 */  lw      $ra, 0x0054($sp)           
.L8092AF8C:
/* 0167C 8092AF8C D7B40028 */  ldc1    $f20, 0x0028($sp)          
/* 01680 8092AF90 D7B60030 */  ldc1    $f22, 0x0030($sp)          
/* 01684 8092AF94 D7B80038 */  ldc1    $f24, 0x0038($sp)          
/* 01688 8092AF98 8FB00040 */  lw      $s0, 0x0040($sp)           
/* 0168C 8092AF9C 8FB10044 */  lw      $s1, 0x0044($sp)           
/* 01690 8092AFA0 8FB20048 */  lw      $s2, 0x0048($sp)           
/* 01694 8092AFA4 8FB3004C */  lw      $s3, 0x004C($sp)           
/* 01698 8092AFA8 8FB40050 */  lw      $s4, 0x0050($sp)           
/* 0169C 8092AFAC 03E00008 */  jr      $ra                        
/* 016A0 8092AFB0 27BD0070 */  addiu   $sp, $sp, 0x0070           ## $sp = 00000000


glabel func_8092AFB4
/* 016A4 8092AFB4 44802000 */  mtc1    $zero, $f4                 ## $f4 = 0.00
/* 016A8 8092AFB8 3C0E8093 */  lui     $t6, %hi(func_8092AFD4)    ## $t6 = 80930000
/* 016AC 8092AFBC 25CEAFD4 */  addiu   $t6, $t6, %lo(func_8092AFD4) ## $t6 = 8092AFD4
/* 016B0 8092AFC0 A48002FC */  sh      $zero, 0x02FC($a0)         ## 000002FC
/* 016B4 8092AFC4 AC8E02F0 */  sw      $t6, 0x02F0($a0)           ## 000002F0
/* 016B8 8092AFC8 E4840070 */  swc1    $f4, 0x0070($a0)           ## 00000070
/* 016BC 8092AFCC 03E00008 */  jr      $ra                        
/* 016C0 8092AFD0 00000000 */  nop


glabel func_8092AFD4
/* 016C4 8092AFD4 27BDFFE8 */  addiu   $sp, $sp, 0xFFE8           ## $sp = FFFFFFE8
/* 016C8 8092AFD8 AFBF0014 */  sw      $ra, 0x0014($sp)           
/* 016CC 8092AFDC AFA5001C */  sw      $a1, 0x001C($sp)           
/* 016D0 8092AFE0 848202F6 */  lh      $v0, 0x02F6($a0)           ## 000002F6
/* 016D4 8092AFE4 10400003 */  beq     $v0, $zero, .L8092AFF4     
/* 016D8 8092AFE8 244EFFFF */  addiu   $t6, $v0, 0xFFFF           ## $t6 = FFFFFFFF
/* 016DC 8092AFEC A48E02F6 */  sh      $t6, 0x02F6($a0)           ## 000002F6
/* 016E0 8092AFF0 848202F6 */  lh      $v0, 0x02F6($a0)           ## 000002F6
.L8092AFF4:
/* 016E4 8092AFF4 1440000D */  bne     $v0, $zero, .L8092B02C     
/* 016E8 8092AFF8 8FA5001C */  lw      $a1, 0x001C($sp)           
/* 016EC 8092AFFC 0C24A6DB */  jal     func_80929B6C              
/* 016F0 8092B000 AFA40018 */  sw      $a0, 0x0018($sp)           
/* 016F4 8092B004 8FA40018 */  lw      $a0, 0x0018($sp)           
/* 016F8 8092B008 908F00B7 */  lbu     $t7, 0x00B7($a0)           ## 000000B7
/* 016FC 8092B00C 15E00005 */  bne     $t7, $zero, .L8092B024     
/* 01700 8092B010 00000000 */  nop
/* 01704 8092B014 0C24AC0F */  jal     func_8092B03C              
/* 01708 8092B018 00000000 */  nop
/* 0170C 8092B01C 10000004 */  beq     $zero, $zero, .L8092B030   
/* 01710 8092B020 8FBF0014 */  lw      $ra, 0x0014($sp)           
.L8092B024:
/* 01714 8092B024 0C24A78B */  jal     func_80929E2C              
/* 01718 8092B028 8FA5001C */  lw      $a1, 0x001C($sp)           
.L8092B02C:
/* 0171C 8092B02C 8FBF0014 */  lw      $ra, 0x0014($sp)           
.L8092B030:
/* 01720 8092B030 27BD0018 */  addiu   $sp, $sp, 0x0018           ## $sp = 00000000
/* 01724 8092B034 03E00008 */  jr      $ra                        
/* 01728 8092B038 00000000 */  nop


glabel func_8092B03C
/* 0172C 8092B03C 27BDFFE8 */  addiu   $sp, $sp, 0xFFE8           ## $sp = FFFFFFE8
/* 01730 8092B040 AFBF0014 */  sw      $ra, 0x0014($sp)           
/* 01734 8092B044 00803025 */  or      $a2, $a0, $zero            ## $a2 = 00000000
/* 01738 8092B048 80C40038 */  lb      $a0, 0x0038($a2)           ## 00000038
/* 0173C 8092B04C 0C03C6E9 */  jal     func_800F1BA4              
/* 01740 8092B050 AFA60018 */  sw      $a2, 0x0018($sp)           
/* 01744 8092B054 8FA60018 */  lw      $a2, 0x0018($sp)           
/* 01748 8092B058 44802000 */  mtc1    $zero, $f4                 ## $f4 = 0.00
/* 0174C 8092B05C 90CE00B7 */  lbu     $t6, 0x00B7($a2)           ## 000000B7
/* 01750 8092B060 00C02025 */  or      $a0, $a2, $zero            ## $a0 = 00000000
/* 01754 8092B064 24C503AC */  addiu   $a1, $a2, 0x03AC           ## $a1 = 000003AC
/* 01758 8092B068 11C00004 */  beq     $t6, $zero, .L8092B07C     
/* 0175C 8092B06C E4C40070 */  swc1    $f4, 0x0070($a2)           ## 00000070
/* 01760 8092B070 0C02F941 */  jal     func_800BE504              
/* 01764 8092B074 AFA60018 */  sw      $a2, 0x0018($sp)           
/* 01768 8092B078 8FA60018 */  lw      $a2, 0x0018($sp)           
.L8092B07C:
/* 0176C 8092B07C 3C0F8093 */  lui     $t7, %hi(func_8092B098)    ## $t7 = 80930000
/* 01770 8092B080 25EFB098 */  addiu   $t7, $t7, %lo(func_8092B098) ## $t7 = 8092B098
/* 01774 8092B084 ACCF02F0 */  sw      $t7, 0x02F0($a2)           ## 000002F0
/* 01778 8092B088 8FBF0014 */  lw      $ra, 0x0014($sp)           
/* 0177C 8092B08C 27BD0018 */  addiu   $sp, $sp, 0x0018           ## $sp = 00000000
/* 01780 8092B090 03E00008 */  jr      $ra                        
/* 01784 8092B094 00000000 */  nop


glabel func_8092B098
/* 01788 8092B098 27BDFFD0 */  addiu   $sp, $sp, 0xFFD0           ## $sp = FFFFFFD0
/* 0178C 8092B09C AFB00018 */  sw      $s0, 0x0018($sp)           
/* 01790 8092B0A0 00808025 */  or      $s0, $a0, $zero            ## $s0 = 00000000
/* 01794 8092B0A4 AFBF001C */  sw      $ra, 0x001C($sp)           
/* 01798 8092B0A8 AFA50034 */  sw      $a1, 0x0034($sp)           
/* 0179C 8092B0AC 240E000C */  addiu   $t6, $zero, 0x000C         ## $t6 = 0000000C
/* 017A0 8092B0B0 A60E02FC */  sh      $t6, 0x02FC($s0)           ## 000002FC
/* 017A4 8092B0B4 0C03C6F9 */  jal     func_800F1BE4              
/* 017A8 8092B0B8 82040038 */  lb      $a0, 0x0038($s0)           ## 00000038
/* 017AC 8092B0BC 10400036 */  beq     $v0, $zero, .L8092B198     
/* 017B0 8092B0C0 00000000 */  nop
/* 017B4 8092B0C4 82040038 */  lb      $a0, 0x0038($s0)           ## 00000038
/* 017B8 8092B0C8 2401FFFF */  addiu   $at, $zero, 0xFFFF         ## $at = FFFFFFFF
/* 017BC 8092B0CC 50810027 */  beql    $a0, $at, .L8092B16C       
/* 017C0 8092B0D0 920F00B7 */  lbu     $t7, 0x00B7($s0)           ## 000000B7
/* 017C4 8092B0D4 0C03C738 */  jal     func_800F1CE0              
/* 017C8 8092B0D8 02002825 */  or      $a1, $s0, $zero            ## $a1 = 00000000
/* 017CC 8092B0DC 0C03C86E */  jal     func_800F21B8              
/* 017D0 8092B0E0 82040038 */  lb      $a0, 0x0038($s0)           ## 00000038
/* 017D4 8092B0E4 860400BE */  lh      $a0, 0x00BE($s0)           ## 000000BE
/* 017D8 8092B0E8 A60202FA */  sh      $v0, 0x02FA($s0)           ## 000002FA
/* 017DC 8092B0EC 2484E000 */  addiu   $a0, $a0, 0xE000           ## $a0 = FFFFE000
/* 017E0 8092B0F0 00042400 */  sll     $a0, $a0, 16               
/* 017E4 8092B0F4 0C03FB61 */  jal     func_800FED84              
/* 017E8 8092B0F8 00042403 */  sra     $a0, $a0, 16               
/* 017EC 8092B0FC 3C0142F0 */  lui     $at, 0x42F0                ## $at = 42F00000
/* 017F0 8092B100 44812000 */  mtc1    $at, $f4                   ## $f4 = 120.00
/* 017F4 8092B104 C608003C */  lwc1    $f8, 0x003C($s0)           ## 0000003C
/* 017F8 8092B108 3C0141A0 */  lui     $at, 0x41A0                ## $at = 41A00000
/* 017FC 8092B10C 46040182 */  mul.s   $f6, $f0, $f4              
/* 01800 8092B110 44819000 */  mtc1    $at, $f18                  ## $f18 = 20.00
/* 01804 8092B114 46083280 */  add.s   $f10, $f6, $f8             
/* 01808 8092B118 E7AA0024 */  swc1    $f10, 0x0024($sp)          
/* 0180C 8092B11C C6100040 */  lwc1    $f16, 0x0040($s0)          ## 00000040
/* 01810 8092B120 46128100 */  add.s   $f4, $f16, $f18            
/* 01814 8092B124 E7A40028 */  swc1    $f4, 0x0028($sp)           
/* 01818 8092B128 860400BE */  lh      $a0, 0x00BE($s0)           ## 000000BE
/* 0181C 8092B12C 2484E000 */  addiu   $a0, $a0, 0xE000           ## $a0 = FFFFE000
/* 01820 8092B130 00042400 */  sll     $a0, $a0, 16               
/* 01824 8092B134 0C03FB51 */  jal     func_800FED44              
/* 01828 8092B138 00042403 */  sra     $a0, $a0, 16               
/* 0182C 8092B13C 3C0142F0 */  lui     $at, 0x42F0                ## $at = 42F00000
/* 01830 8092B140 44813000 */  mtc1    $at, $f6                   ## $f6 = 120.00
/* 01834 8092B144 C60A0044 */  lwc1    $f10, 0x0044($s0)          ## 00000044
/* 01838 8092B148 8FA40034 */  lw      $a0, 0x0034($sp)           
/* 0183C 8092B14C 46060202 */  mul.s   $f8, $f0, $f6              
/* 01840 8092B150 2606003C */  addiu   $a2, $s0, 0x003C           ## $a2 = 0000003C
/* 01844 8092B154 27A70024 */  addiu   $a3, $sp, 0x0024           ## $a3 = FFFFFFF4
/* 01848 8092B158 460A4400 */  add.s   $f16, $f8, $f10            
/* 0184C 8092B15C E7B0002C */  swc1    $f16, 0x002C($sp)          
/* 01850 8092B160 0C05A5C3 */  jal     func_8016970C              
/* 01854 8092B164 860502FA */  lh      $a1, 0x02FA($s0)           ## 000002FA
/* 01858 8092B168 920F00B7 */  lbu     $t7, 0x00B7($s0)           ## 000000B7
.L8092B16C:
/* 0185C 8092B16C 02002025 */  or      $a0, $s0, $zero            ## $a0 = 00000000
/* 01860 8092B170 11E00005 */  beq     $t7, $zero, .L8092B188     
/* 01864 8092B174 00000000 */  nop
/* 01868 8092B178 0C24AB13 */  jal     func_8092AC4C              
/* 0186C 8092B17C 00002825 */  or      $a1, $zero, $zero          ## $a1 = 00000000
/* 01870 8092B180 10000008 */  beq     $zero, $zero, .L8092B1A4   
/* 01874 8092B184 8FBF001C */  lw      $ra, 0x001C($sp)           
.L8092B188:
/* 01878 8092B188 0C24AB6D */  jal     func_8092ADB4              
/* 0187C 8092B18C 02002025 */  or      $a0, $s0, $zero            ## $a0 = 00000000
/* 01880 8092B190 10000004 */  beq     $zero, $zero, .L8092B1A4   
/* 01884 8092B194 8FBF001C */  lw      $ra, 0x001C($sp)           
.L8092B198:
/* 01888 8092B198 0C03C6E9 */  jal     func_800F1BA4              
/* 0188C 8092B19C 82040038 */  lb      $a0, 0x0038($s0)           ## 00000038
/* 01890 8092B1A0 8FBF001C */  lw      $ra, 0x001C($sp)           
.L8092B1A4:
/* 01894 8092B1A4 8FB00018 */  lw      $s0, 0x0018($sp)           
/* 01898 8092B1A8 27BD0030 */  addiu   $sp, $sp, 0x0030           ## $sp = 00000000
/* 0189C 8092B1AC 03E00008 */  jr      $ra                        
/* 018A0 8092B1B0 00000000 */  nop


glabel func_8092B1B4
/* 018A4 8092B1B4 27BDFFC8 */  addiu   $sp, $sp, 0xFFC8           ## $sp = FFFFFFC8
/* 018A8 8092B1B8 AFB00020 */  sw      $s0, 0x0020($sp)           
/* 018AC 8092B1BC 00808025 */  or      $s0, $a0, $zero            ## $s0 = 00000000
/* 018B0 8092B1C0 AFBF0024 */  sw      $ra, 0x0024($sp)           
/* 018B4 8092B1C4 AFA5003C */  sw      $a1, 0x003C($sp)           
/* 018B8 8092B1C8 8E0F02F0 */  lw      $t7, 0x02F0($s0)           ## 000002F0
/* 018BC 8092B1CC 3C0E8093 */  lui     $t6, %hi(func_80929F20)    ## $t6 = 80930000
/* 018C0 8092B1D0 25CE9F20 */  addiu   $t6, $t6, %lo(func_80929F20) ## $t6 = 80929F20
/* 018C4 8092B1D4 51CF00A1 */  beql    $t6, $t7, .L8092B45C       
/* 018C8 8092B1D8 8FBF0024 */  lw      $ra, 0x0024($sp)           
/* 018CC 8092B1DC 92180489 */  lbu     $t8, 0x0489($s0)           ## 00000489
/* 018D0 8092B1E0 3C040600 */  lui     $a0, 0x0600                ## $a0 = 06000000
/* 018D4 8092B1E4 33190080 */  andi    $t9, $t8, 0x0080           ## $t9 = 00000000
/* 018D8 8092B1E8 53200017 */  beql    $t9, $zero, .L8092B248     
/* 018DC 8092B1EC 920C03BD */  lbu     $t4, 0x03BD($s0)           ## 000003BD
/* 018E0 8092B1F0 0C04D1D2 */  jal     func_80134748              
/* 018E4 8092B1F4 2484391C */  addiu   $a0, $a0, 0x391C           ## $a0 = 0600391C
/* 018E8 8092B1F8 44822000 */  mtc1    $v0, $f4                   ## $f4 = 0.00
/* 018EC 8092B1FC 3C014000 */  lui     $at, 0x4000                ## $at = 40000000
/* 018F0 8092B200 44814000 */  mtc1    $at, $f8                   ## $f8 = 2.00
/* 018F4 8092B204 468021A0 */  cvt.s.w $f6, $f4                   
/* 018F8 8092B208 C60A015C */  lwc1    $f10, 0x015C($s0)          ## 0000015C
/* 018FC 8092B20C 46083001 */  sub.s   $f0, $f6, $f8              
/* 01900 8092B210 4600503C */  c.lt.s  $f10, $f0                  
/* 01904 8092B214 00000000 */  nop
/* 01908 8092B218 45020003 */  bc1fl   .L8092B228                 
/* 0190C 8092B21C 92080489 */  lbu     $t0, 0x0489($s0)           ## 00000489
/* 01910 8092B220 E600015C */  swc1    $f0, 0x015C($s0)           ## 0000015C
/* 01914 8092B224 92080489 */  lbu     $t0, 0x0489($s0)           ## 00000489
.L8092B228:
/* 01918 8092B228 920A03BD */  lbu     $t2, 0x03BD($s0)           ## 000003BD
/* 0191C 8092B22C 3109FF7F */  andi    $t1, $t0, 0xFF7F           ## $t1 = 00000000
/* 01920 8092B230 314BFFFD */  andi    $t3, $t2, 0xFFFD           ## $t3 = 00000000
/* 01924 8092B234 A2090489 */  sb      $t1, 0x0489($s0)           ## 00000489
/* 01928 8092B238 A20B03BD */  sb      $t3, 0x03BD($s0)           ## 000003BD
/* 0192C 8092B23C 10000087 */  beq     $zero, $zero, .L8092B45C   
/* 01930 8092B240 8FBF0024 */  lw      $ra, 0x0024($sp)           
/* 01934 8092B244 920C03BD */  lbu     $t4, 0x03BD($s0)           ## 000003BD
.L8092B248:
/* 01938 8092B248 02002025 */  or      $a0, $s0, $zero            ## $a0 = 00000000
/* 0193C 8092B24C 260503C4 */  addiu   $a1, $s0, 0x03C4           ## $a1 = 000003C4
/* 01940 8092B250 318D0002 */  andi    $t5, $t4, 0x0002           ## $t5 = 00000000
/* 01944 8092B254 51A00081 */  beql    $t5, $zero, .L8092B45C     
/* 01948 8092B258 8FBF0024 */  lw      $ra, 0x0024($sp)           
/* 0194C 8092B25C 0C02F896 */  jal     func_800BE258              
/* 01950 8092B260 AFA0002C */  sw      $zero, 0x002C($sp)         
/* 01954 8092B264 920E03BD */  lbu     $t6, 0x03BD($s0)           ## 000003BD
/* 01958 8092B268 921800B9 */  lbu     $t8, 0x00B9($s0)           ## 000000B9
/* 0195C 8092B26C 2401000F */  addiu   $at, $zero, 0x000F         ## $at = 0000000F
/* 01960 8092B270 31CFFFFD */  andi    $t7, $t6, 0xFFFD           ## $t7 = 00000000
/* 01964 8092B274 13010078 */  beq     $t8, $at, .L8092B458       
/* 01968 8092B278 A20F03BD */  sb      $t7, 0x03BD($s0)           ## 000003BD
/* 0196C 8092B27C 921902F5 */  lbu     $t9, 0x02F5($s0)           ## 000002F5
/* 01970 8092B280 2401000A */  addiu   $at, $zero, 0x000A         ## $at = 0000000A
/* 01974 8092B284 02002025 */  or      $a0, $s0, $zero            ## $a0 = 00000000
/* 01978 8092B288 17210007 */  bne     $t9, $at, .L8092B2A8       
/* 0197C 8092B28C 24054000 */  addiu   $a1, $zero, 0x4000         ## $a1 = 00004000
/* 01980 8092B290 8E0803E8 */  lw      $t0, 0x03E8($s0)           ## 000003E8
/* 01984 8092B294 3C01000D */  lui     $at, 0x000D                ## $at = 000D0000
/* 01988 8092B298 3421B0B3 */  ori     $at, $at, 0xB0B3           ## $at = 000DB0B3
/* 0198C 8092B29C 8D090000 */  lw      $t1, 0x0000($t0)           ## 00000000
/* 01990 8092B2A0 01215024 */  and     $t2, $t1, $at              
/* 01994 8092B2A4 1540006C */  bne     $t2, $zero, .L8092B458     
.L8092B2A8:
/* 01998 8092B2A8 240B000C */  addiu   $t3, $zero, 0x000C         ## $t3 = 0000000C
/* 0199C 8092B2AC AFAB0010 */  sw      $t3, 0x0010($sp)           
/* 019A0 8092B2B0 240600FF */  addiu   $a2, $zero, 0x00FF         ## $a2 = 000000FF
/* 019A4 8092B2B4 0C02F2DC */  jal     func_800BCB70              
/* 019A8 8092B2B8 00003825 */  or      $a3, $zero, $zero          ## $a3 = 00000000
/* 019AC 8092B2BC 240C000C */  addiu   $t4, $zero, 0x000C         ## $t4 = 0000000C
/* 019B0 8092B2C0 A60C02FC */  sh      $t4, 0x02FC($s0)           ## 000002FC
/* 019B4 8092B2C4 8FA5003C */  lw      $a1, 0x003C($sp)           
/* 019B8 8092B2C8 0C24A6DB */  jal     func_80929B6C              
/* 019BC 8092B2CC 02002025 */  or      $a0, $s0, $zero            ## $a0 = 00000000
/* 019C0 8092B2D0 920D0408 */  lbu     $t5, 0x0408($s0)           ## 00000408
/* 019C4 8092B2D4 02002025 */  or      $a0, $s0, $zero            ## $a0 = 00000000
/* 019C8 8092B2D8 31AEFFFE */  andi    $t6, $t5, 0xFFFE           ## $t6 = 00000000
/* 019CC 8092B2DC 0C02F88B */  jal     func_800BE22C              
/* 019D0 8092B2E0 A20E0408 */  sb      $t6, 0x0408($s0)           ## 00000408
/* 019D4 8092B2E4 5440000E */  bnel    $v0, $zero, .L8092B320     
/* 019D8 8092B2E8 8FA8002C */  lw      $t0, 0x002C($sp)           
/* 019DC 8092B2EC 920F02F4 */  lbu     $t7, 0x02F4($s0)           ## 000002F4
/* 019E0 8092B2F0 24180009 */  addiu   $t8, $zero, 0x0009         ## $t8 = 00000009
/* 019E4 8092B2F4 24190001 */  addiu   $t9, $zero, 0x0001         ## $t9 = 00000001
/* 019E8 8092B2F8 15E00004 */  bne     $t7, $zero, .L8092B30C     
/* 019EC 8092B2FC 8FA4003C */  lw      $a0, 0x003C($sp)           
/* 019F0 8092B300 A21800B7 */  sb      $t8, 0x00B7($s0)           ## 000000B7
/* 019F4 8092B304 10000005 */  beq     $zero, $zero, .L8092B31C   
/* 019F8 8092B308 AFB9002C */  sw      $t9, 0x002C($sp)           
.L8092B30C:
/* 019FC 8092B30C 0C02EEA2 */  jal     func_800BBA88              
/* 01A00 8092B310 02002825 */  or      $a1, $s0, $zero            ## $a1 = 00000000
/* 01A04 8092B314 0C068BB6 */  jal     func_801A2ED8              
/* 01A08 8092B318 00000000 */  nop
.L8092B31C:
/* 01A0C 8092B31C 8FA8002C */  lw      $t0, 0x002C($sp)           
.L8092B320:
/* 01A10 8092B320 24010001 */  addiu   $at, $zero, 0x0001         ## $at = 00000001
/* 01A14 8092B324 24090001 */  addiu   $t1, $zero, 0x0001         ## $t1 = 00000001
/* 01A18 8092B328 1501000D */  bne     $t0, $at, .L8092B360       
/* 01A1C 8092B32C 240A0003 */  addiu   $t2, $zero, 0x0003         ## $t2 = 00000003
/* 01A20 8092B330 3C0B8093 */  lui     $t3, %hi(D_8092C140)       ## $t3 = 80930000
/* 01A24 8092B334 256BC140 */  addiu   $t3, $t3, %lo(D_8092C140)  ## $t3 = 8092C140
/* 01A28 8092B338 A20902F4 */  sb      $t1, 0x02F4($s0)           ## 000002F4
/* 01A2C 8092B33C A20A03C0 */  sb      $t2, 0x03C0($s0)           ## 000003C0
/* 01A30 8092B340 AE0B00A0 */  sw      $t3, 0x00A0($s0)           ## 000000A0
/* 01A34 8092B344 02002025 */  or      $a0, $s0, $zero            ## $a0 = 00000000
/* 01A38 8092B348 0C02E3B2 */  jal     func_800B8EC8              
/* 01A3C 8092B34C 2405392C */  addiu   $a1, $zero, 0x392C         ## $a1 = 0000392C
/* 01A40 8092B350 0C24AC0F */  jal     func_8092B03C              
/* 01A44 8092B354 02002025 */  or      $a0, $s0, $zero            ## $a0 = 00000000
/* 01A48 8092B358 10000040 */  beq     $zero, $zero, .L8092B45C   
/* 01A4C 8092B35C 8FBF0024 */  lw      $ra, 0x0024($sp)           
.L8092B360:
/* 01A50 8092B360 920C02F4 */  lbu     $t4, 0x02F4($s0)           ## 000002F4
/* 01A54 8092B364 02002025 */  or      $a0, $s0, $zero            ## $a0 = 00000000
/* 01A58 8092B368 1180002F */  beq     $t4, $zero, .L8092B428     
/* 01A5C 8092B36C 00000000 */  nop
/* 01A60 8092B370 920200B9 */  lbu     $v0, 0x00B9($s0)           ## 000000B9
/* 01A64 8092B374 24010003 */  addiu   $at, $zero, 0x0003         ## $at = 00000003
/* 01A68 8092B378 5441000E */  bnel    $v0, $at, .L8092B3B4       
/* 01A6C 8092B37C 24010002 */  addiu   $at, $zero, 0x0002         ## $at = 00000002
/* 01A70 8092B380 0C24A6BE */  jal     func_80929AF8              
/* 01A74 8092B384 02002025 */  or      $a0, $s0, $zero            ## $a0 = 00000000
/* 01A78 8092B388 0C24ABED */  jal     func_8092AFB4              
/* 01A7C 8092B38C 02002025 */  or      $a0, $s0, $zero            ## $a0 = 00000000
/* 01A80 8092B390 920D00B7 */  lbu     $t5, 0x00B7($s0)           ## 000000B7
/* 01A84 8092B394 240E0003 */  addiu   $t6, $zero, 0x0003         ## $t6 = 00000003
/* 01A88 8092B398 240F000C */  addiu   $t7, $zero, 0x000C         ## $t7 = 0000000C
/* 01A8C 8092B39C 55A0002F */  bnel    $t5, $zero, .L8092B45C     
/* 01A90 8092B3A0 8FBF0024 */  lw      $ra, 0x0024($sp)           
/* 01A94 8092B3A4 A60E02F6 */  sh      $t6, 0x02F6($s0)           ## 000002F6
/* 01A98 8092B3A8 1000002B */  beq     $zero, $zero, .L8092B458   
/* 01A9C 8092B3AC A60F02FC */  sh      $t7, 0x02FC($s0)           ## 000002FC
/* 01AA0 8092B3B0 24010002 */  addiu   $at, $zero, 0x0002         ## $at = 00000002
.L8092B3B4:
/* 01AA4 8092B3B4 14410008 */  bne     $v0, $at, .L8092B3D8       
/* 01AA8 8092B3B8 3C014080 */  lui     $at, 0x4080                ## $at = 40800000
/* 01AAC 8092B3BC 44818000 */  mtc1    $at, $f16                  ## $f16 = 4.00
/* 01AB0 8092B3C0 3C018093 */  lui     $at, %hi(D_8092C240)       ## $at = 80930000
/* 01AB4 8092B3C4 E6100304 */  swc1    $f16, 0x0304($s0)          ## 00000304
/* 01AB8 8092B3C8 C432C240 */  lwc1    $f18, %lo(D_8092C240)($at) 
/* 01ABC 8092B3CC A20002F5 */  sb      $zero, 0x02F5($s0)         ## 000002F5
/* 01AC0 8092B3D0 10000006 */  beq     $zero, $zero, .L8092B3EC   
/* 01AC4 8092B3D4 E6120308 */  swc1    $f18, 0x0308($s0)          ## 00000308
.L8092B3D8:
/* 01AC8 8092B3D8 24010004 */  addiu   $at, $zero, 0x0004         ## $at = 00000004
/* 01ACC 8092B3DC 14410003 */  bne     $v0, $at, .L8092B3EC       
/* 01AD0 8092B3E0 02002025 */  or      $a0, $s0, $zero            ## $a0 = 00000000
/* 01AD4 8092B3E4 0C24A6FB */  jal     func_80929BEC              
/* 01AD8 8092B3E8 8FA5003C */  lw      $a1, 0x003C($sp)           
.L8092B3EC:
/* 01ADC 8092B3EC 02002025 */  or      $a0, $s0, $zero            ## $a0 = 00000000
/* 01AE0 8092B3F0 0C02E3B2 */  jal     func_800B8EC8              
/* 01AE4 8092B3F4 24053AD7 */  addiu   $a1, $zero, 0x3AD7         ## $a1 = 00003AD7
/* 01AE8 8092B3F8 921800B7 */  lbu     $t8, 0x00B7($s0)           ## 000000B7
/* 01AEC 8092B3FC 02002025 */  or      $a0, $s0, $zero            ## $a0 = 00000000
/* 01AF0 8092B400 13000005 */  beq     $t8, $zero, .L8092B418     
/* 01AF4 8092B404 00000000 */  nop
/* 01AF8 8092B408 0C24AB13 */  jal     func_8092AC4C              
/* 01AFC 8092B40C 24050001 */  addiu   $a1, $zero, 0x0001         ## $a1 = 00000001
/* 01B00 8092B410 10000012 */  beq     $zero, $zero, .L8092B45C   
/* 01B04 8092B414 8FBF0024 */  lw      $ra, 0x0024($sp)           
.L8092B418:
/* 01B08 8092B418 0C24AC0F */  jal     func_8092B03C              
/* 01B0C 8092B41C 02002025 */  or      $a0, $s0, $zero            ## $a0 = 00000000
/* 01B10 8092B420 1000000E */  beq     $zero, $zero, .L8092B45C   
/* 01B14 8092B424 8FBF0024 */  lw      $ra, 0x0024($sp)           
.L8092B428:
/* 01B18 8092B428 0C02E3B2 */  jal     func_800B8EC8              
/* 01B1C 8092B42C 2405393A */  addiu   $a1, $zero, 0x393A         ## $a1 = 0000393A
/* 01B20 8092B430 02002025 */  or      $a0, $s0, $zero            ## $a0 = 00000000
/* 01B24 8092B434 0C02E3B2 */  jal     func_800B8EC8              
/* 01B28 8092B438 24053AD7 */  addiu   $a1, $zero, 0x3AD7         ## $a1 = 00003AD7
/* 01B2C 8092B43C 921900B9 */  lbu     $t9, 0x00B9($s0)           ## 000000B9
/* 01B30 8092B440 24010004 */  addiu   $at, $zero, 0x0004         ## $at = 00000004
/* 01B34 8092B444 02002025 */  or      $a0, $s0, $zero            ## $a0 = 00000000
/* 01B38 8092B448 57210004 */  bnel    $t9, $at, .L8092B45C       
/* 01B3C 8092B44C 8FBF0024 */  lw      $ra, 0x0024($sp)           
/* 01B40 8092B450 0C24A6FB */  jal     func_80929BEC              
/* 01B44 8092B454 8FA5003C */  lw      $a1, 0x003C($sp)           
.L8092B458:
/* 01B48 8092B458 8FBF0024 */  lw      $ra, 0x0024($sp)           
.L8092B45C:
/* 01B4C 8092B45C 8FB00020 */  lw      $s0, 0x0020($sp)           
/* 01B50 8092B460 27BD0038 */  addiu   $sp, $sp, 0x0038           ## $sp = 00000000
/* 01B54 8092B464 03E00008 */  jr      $ra                        
/* 01B58 8092B468 00000000 */  nop


glabel func_8092B46C
/* 01B5C 8092B46C 27BDFF80 */  addiu   $sp, $sp, 0xFF80           ## $sp = FFFFFF80
/* 01B60 8092B470 AFB70054 */  sw      $s7, 0x0054($sp)           
/* 01B64 8092B474 AFB60050 */  sw      $s6, 0x0050($sp)           
/* 01B68 8092B478 00A0B025 */  or      $s6, $a1, $zero            ## $s6 = 00000000
/* 01B6C 8092B47C 0080B825 */  or      $s7, $a0, $zero            ## $s7 = 00000000
/* 01B70 8092B480 AFBF005C */  sw      $ra, 0x005C($sp)           
/* 01B74 8092B484 AFBE0058 */  sw      $s8, 0x0058($sp)           
/* 01B78 8092B488 AFB5004C */  sw      $s5, 0x004C($sp)           
/* 01B7C 8092B48C AFB40048 */  sw      $s4, 0x0048($sp)           
/* 01B80 8092B490 AFB30044 */  sw      $s3, 0x0044($sp)           
/* 01B84 8092B494 AFB20040 */  sw      $s2, 0x0040($sp)           
/* 01B88 8092B498 AFB1003C */  sw      $s1, 0x003C($sp)           
/* 01B8C 8092B49C AFB00038 */  sw      $s0, 0x0038($sp)           
/* 01B90 8092B4A0 F7B60030 */  sdc1    $f22, 0x0030($sp)          
/* 01B94 8092B4A4 F7B40028 */  sdc1    $f20, 0x0028($sp)          
/* 01B98 8092B4A8 3C01BFC0 */  lui     $at, 0xBFC0                ## $at = BFC00000
/* 01B9C 8092B4AC 4481B000 */  mtc1    $at, $f22                  ## $f22 = -1.50
/* 01BA0 8092B4B0 3C0141A0 */  lui     $at, 0x41A0                ## $at = 41A00000
/* 01BA4 8092B4B4 3C12801D */  lui     $s2, 0x801D                ## $s2 = 801D0000
/* 01BA8 8092B4B8 4481A000 */  mtc1    $at, $f20                  ## $f20 = 20.00
/* 01BAC 8092B4BC 265215B0 */  addiu   $s2, $s2, 0x15B0           ## $s2 = 801D15B0
/* 01BB0 8092B4C0 00008825 */  or      $s1, $zero, $zero          ## $s1 = 00000000
/* 01BB4 8092B4C4 241E0028 */  addiu   $s8, $zero, 0x0028         ## $s8 = 00000028
/* 01BB8 8092B4C8 24150004 */  addiu   $s5, $zero, 0x0004         ## $s5 = 00000004
/* 01BBC 8092B4CC 27B40068 */  addiu   $s4, $sp, 0x0068           ## $s4 = FFFFFFE8
.L8092B4D0:
/* 01BC0 8092B4D0 023E0019 */  multu   $s1, $s8                   
/* 01BC4 8092B4D4 00007012 */  mflo    $t6                        
/* 01BC8 8092B4D8 02EE1021 */  addu    $v0, $s7, $t6              
/* 01BCC 8092B4DC 8C4F0574 */  lw      $t7, 0x0574($v0)           ## 00000574
/* 01BD0 8092B4E0 24530550 */  addiu   $s3, $v0, 0x0550           ## $s3 = 00000550
/* 01BD4 8092B4E4 02608025 */  or      $s0, $s3, $zero            ## $s0 = 00000550
/* 01BD8 8092B4E8 11E00032 */  beq     $t7, $zero, .L8092B5B4     
/* 01BDC 8092B4EC 26640004 */  addiu   $a0, $s3, 0x0004           ## $a0 = 00000554
/* 01BE0 8092B4F0 26650010 */  addiu   $a1, $s3, 0x0010           ## $a1 = 00000560
/* 01BE4 8092B4F4 0C03FD6F */  jal     func_800FF5BC              
/* 01BE8 8092B4F8 00803025 */  or      $a2, $a0, $zero            ## $a2 = 00000554
/* 01BEC 8092B4FC C6640014 */  lwc1    $f4, 0x0014($s3)           ## 00000564
/* 01BF0 8092B500 C6680008 */  lwc1    $f8, 0x0008($s3)           ## 00000558
/* 01BF4 8092B504 46162180 */  add.s   $f6, $f4, $f22             
/* 01BF8 8092B508 E6660014 */  swc1    $f6, 0x0014($s3)           ## 00000564
/* 01BFC 8092B50C C6EA0088 */  lwc1    $f10, 0x0088($s7)          ## 00000088
/* 01C00 8092B510 460A403C */  c.lt.s  $f8, $f10                  
/* 01C04 8092B514 00000000 */  nop
/* 01C08 8092B518 45020027 */  bc1fl   .L8092B5B8                 
/* 01C0C 8092B51C 26310001 */  addiu   $s1, $s1, 0x0001           ## $s1 = 00000001
/* 01C10 8092B520 AE000024 */  sw      $zero, 0x0024($s0)         ## 00000574
/* 01C14 8092B524 C6F00088 */  lwc1    $f16, 0x0088($s7)          ## 00000088
/* 01C18 8092B528 00008825 */  or      $s1, $zero, $zero          ## $s1 = 00000000
/* 01C1C 8092B52C E6100008 */  swc1    $f16, 0x0008($s0)          ## 00000558
.L8092B530:
/* 01C20 8092B530 0C05E570 */  jal     func_801795C0              
/* 01C24 8092B534 4600A306 */  mov.s   $f12, $f20                 
/* 01C28 8092B538 C6120004 */  lwc1    $f18, 0x0004($s0)          ## 00000554
/* 01C2C 8092B53C 4600A306 */  mov.s   $f12, $f20                 
/* 01C30 8092B540 46120100 */  add.s   $f4, $f0, $f18             
/* 01C34 8092B544 0C05E565 */  jal     func_80179594              
/* 01C38 8092B548 E7A40068 */  swc1    $f4, 0x0068($sp)           
/* 01C3C 8092B54C C6060008 */  lwc1    $f6, 0x0008($s0)           ## 00000558
/* 01C40 8092B550 4600A306 */  mov.s   $f12, $f20                 
/* 01C44 8092B554 46060200 */  add.s   $f8, $f0, $f6              
/* 01C48 8092B558 0C05E570 */  jal     func_801795C0              
/* 01C4C 8092B55C E7A8006C */  swc1    $f8, 0x006C($sp)           
/* 01C50 8092B560 C60A000C */  lwc1    $f10, 0x000C($s0)          ## 0000055C
/* 01C54 8092B564 24180007 */  addiu   $t8, $zero, 0x0007         ## $t8 = 00000007
/* 01C58 8092B568 24190002 */  addiu   $t9, $zero, 0x0002         ## $t9 = 00000002
/* 01C5C 8092B56C 460A0400 */  add.s   $f16, $f0, $f10            
/* 01C60 8092B570 AFB90018 */  sw      $t9, 0x0018($sp)           
/* 01C64 8092B574 AFB80014 */  sw      $t8, 0x0014($sp)           
/* 01C68 8092B578 AFBE0010 */  sw      $s8, 0x0010($sp)           
/* 01C6C 8092B57C E7B00070 */  swc1    $f16, 0x0070($sp)          
/* 01C70 8092B580 02C02025 */  or      $a0, $s6, $zero            ## $a0 = 00000000
/* 01C74 8092B584 02802825 */  or      $a1, $s4, $zero            ## $a1 = FFFFFFE8
/* 01C78 8092B588 02403025 */  or      $a2, $s2, $zero            ## $a2 = 801D15B0
/* 01C7C 8092B58C 0C02CC0C */  jal     func_800B3030              
/* 01C80 8092B590 02403825 */  or      $a3, $s2, $zero            ## $a3 = 801D15B0
/* 01C84 8092B594 26310001 */  addiu   $s1, $s1, 0x0001           ## $s1 = 00000001
/* 01C88 8092B598 1635FFE5 */  bne     $s1, $s5, .L8092B530       
/* 01C8C 8092B59C 00000000 */  nop
/* 01C90 8092B5A0 02C02025 */  or      $a0, $s6, $zero            ## $a0 = 00000000
/* 01C94 8092B5A4 26050004 */  addiu   $a1, $s0, 0x0004           ## $a1 = 00000554
/* 01C98 8092B5A8 2406000B */  addiu   $a2, $zero, 0x000B         ## $a2 = 0000000B
/* 01C9C 8092B5AC 0C03C15A */  jal     func_800F0568              
/* 01CA0 8092B5B0 24073878 */  addiu   $a3, $zero, 0x3878         ## $a3 = 00003878
.L8092B5B4:
/* 01CA4 8092B5B4 26310001 */  addiu   $s1, $s1, 0x0001           ## $s1 = 00000002
.L8092B5B8:
/* 01CA8 8092B5B8 2A210007 */  slti    $at, $s1, 0x0007           
/* 01CAC 8092B5BC 1420FFC4 */  bne     $at, $zero, .L8092B4D0     
/* 01CB0 8092B5C0 00000000 */  nop
/* 01CB4 8092B5C4 8FBF005C */  lw      $ra, 0x005C($sp)           
/* 01CB8 8092B5C8 D7B40028 */  ldc1    $f20, 0x0028($sp)          
/* 01CBC 8092B5CC D7B60030 */  ldc1    $f22, 0x0030($sp)          
/* 01CC0 8092B5D0 8FB00038 */  lw      $s0, 0x0038($sp)           
/* 01CC4 8092B5D4 8FB1003C */  lw      $s1, 0x003C($sp)           
/* 01CC8 8092B5D8 8FB20040 */  lw      $s2, 0x0040($sp)           
/* 01CCC 8092B5DC 8FB30044 */  lw      $s3, 0x0044($sp)           
/* 01CD0 8092B5E0 8FB40048 */  lw      $s4, 0x0048($sp)           
/* 01CD4 8092B5E4 8FB5004C */  lw      $s5, 0x004C($sp)           
/* 01CD8 8092B5E8 8FB60050 */  lw      $s6, 0x0050($sp)           
/* 01CDC 8092B5EC 8FB70054 */  lw      $s7, 0x0054($sp)           
/* 01CE0 8092B5F0 8FBE0058 */  lw      $s8, 0x0058($sp)           
/* 01CE4 8092B5F4 03E00008 */  jr      $ra                        
/* 01CE8 8092B5F8 27BD0080 */  addiu   $sp, $sp, 0x0080           ## $sp = 00000000


glabel func_8092B5FC
/* 01CEC 8092B5FC 27BDFF88 */  addiu   $sp, $sp, 0xFF88           ## $sp = FFFFFF88
/* 01CF0 8092B600 AFB10020 */  sw      $s1, 0x0020($sp)           
/* 01CF4 8092B604 AFB0001C */  sw      $s0, 0x001C($sp)           
/* 01CF8 8092B608 00808025 */  or      $s0, $a0, $zero            ## $s0 = 00000000
/* 01CFC 8092B60C 00A08825 */  or      $s1, $a1, $zero            ## $s1 = 00000000
/* 01D00 8092B610 AFBF0024 */  sw      $ra, 0x0024($sp)           
/* 01D04 8092B614 8E0F02F0 */  lw      $t7, 0x02F0($s0)           ## 000002F0
/* 01D08 8092B618 3C0E8093 */  lui     $t6, %hi(func_8092B098)    ## $t6 = 80930000
/* 01D0C 8092B61C 25CEB098 */  addiu   $t6, $t6, %lo(func_8092B098) ## $t6 = 8092B098
/* 01D10 8092B620 11CF0005 */  beq     $t6, $t7, .L8092B638       
/* 01D14 8092B624 02002025 */  or      $a0, $s0, $zero            ## $a0 = 00000000
/* 01D18 8092B628 0C24AC6D */  jal     func_8092B1B4              
/* 01D1C 8092B62C 02202825 */  or      $a1, $s1, $zero            ## $a1 = 00000000
/* 01D20 8092B630 10000008 */  beq     $zero, $zero, .L8092B654   
/* 01D24 8092B634 8E1902F0 */  lw      $t9, 0x02F0($s0)           ## 000002F0
.L8092B638:
/* 01D28 8092B638 92180489 */  lbu     $t8, 0x0489($s0)           ## 00000489
/* 01D2C 8092B63C 920803BD */  lbu     $t0, 0x03BD($s0)           ## 000003BD
/* 01D30 8092B640 3319FF7F */  andi    $t9, $t8, 0xFF7F           ## $t9 = 00000000
/* 01D34 8092B644 3109FFFD */  andi    $t1, $t0, 0xFFFD           ## $t1 = 00000000
/* 01D38 8092B648 A2190489 */  sb      $t9, 0x0489($s0)           ## 00000489
/* 01D3C 8092B64C A20903BD */  sb      $t1, 0x03BD($s0)           ## 000003BD
/* 01D40 8092B650 8E1902F0 */  lw      $t9, 0x02F0($s0)           ## 000002F0
.L8092B654:
/* 01D44 8092B654 02002025 */  or      $a0, $s0, $zero            ## $a0 = 00000000
/* 01D48 8092B658 02202825 */  or      $a1, $s1, $zero            ## $a1 = 00000000
/* 01D4C 8092B65C 0320F809 */  jalr    $ra, $t9                   
/* 01D50 8092B660 00000000 */  nop
/* 01D54 8092B664 0C02DAA2 */  jal     func_800B6A88              
/* 01D58 8092B668 02002025 */  or      $a0, $s0, $zero            ## $a0 = 00000000
/* 01D5C 8092B66C 3C0141F0 */  lui     $at, 0x41F0                ## $at = 41F00000
/* 01D60 8092B670 44810000 */  mtc1    $at, $f0                   ## $f0 = 30.00
/* 01D64 8092B674 240A001D */  addiu   $t2, $zero, 0x001D         ## $t2 = 0000001D
/* 01D68 8092B678 AFAA0014 */  sw      $t2, 0x0014($sp)           
/* 01D6C 8092B67C 44070000 */  mfc1    $a3, $f0                   
/* 01D70 8092B680 02202025 */  or      $a0, $s1, $zero            ## $a0 = 00000000
/* 01D74 8092B684 02002825 */  or      $a1, $s0, $zero            ## $a1 = 00000000
/* 01D78 8092B688 3C064296 */  lui     $a2, 0x4296                ## $a2 = 42960000
/* 01D7C 8092B68C 0C02DE2E */  jal     func_800B78B8              
/* 01D80 8092B690 E7A00010 */  swc1    $f0, 0x0010($sp)           
/* 01D84 8092B694 860B00BE */  lh      $t3, 0x00BE($s0)           ## 000000BE
/* 01D88 8092B698 3C010001 */  lui     $at, 0x0001                ## $at = 00010000
/* 01D8C 8092B69C 34218884 */  ori     $at, $at, 0x8884           ## $at = 00018884
/* 01D90 8092B6A0 02212821 */  addu    $a1, $s1, $at              
/* 01D94 8092B6A4 260603AC */  addiu   $a2, $s0, 0x03AC           ## $a2 = 000003AC
/* 01D98 8092B6A8 A60B004A */  sh      $t3, 0x004A($s0)           ## 0000004A
/* 01D9C 8092B6AC AFA60038 */  sw      $a2, 0x0038($sp)           
/* 01DA0 8092B6B0 AFA5003C */  sw      $a1, 0x003C($sp)           
/* 01DA4 8092B6B4 0C038A4A */  jal     func_800E2928              
/* 01DA8 8092B6B8 02202025 */  or      $a0, $s1, $zero            ## $a0 = 00000000
/* 01DAC 8092B6BC 860302FC */  lh      $v1, 0x02FC($s0)           ## 000002FC
/* 01DB0 8092B6C0 8FA60038 */  lw      $a2, 0x0038($sp)           
/* 01DB4 8092B6C4 02202025 */  or      $a0, $s1, $zero            ## $a0 = 00000000
/* 01DB8 8092B6C8 14600005 */  bne     $v1, $zero, .L8092B6E0     
/* 01DBC 8092B6CC 246CFFFF */  addiu   $t4, $v1, 0xFFFF           ## $t4 = FFFFFFFF
/* 01DC0 8092B6D0 0C0389D0 */  jal     func_800E2740              
/* 01DC4 8092B6D4 8FA5003C */  lw      $a1, 0x003C($sp)           
/* 01DC8 8092B6D8 10000003 */  beq     $zero, $zero, .L8092B6E8   
/* 01DCC 8092B6DC 920D0408 */  lbu     $t5, 0x0408($s0)           ## 00000408
.L8092B6E0:
/* 01DD0 8092B6E0 A60C02FC */  sh      $t4, 0x02FC($s0)           ## 000002FC
/* 01DD4 8092B6E4 920D0408 */  lbu     $t5, 0x0408($s0)           ## 00000408
.L8092B6E8:
/* 01DD8 8092B6E8 02202025 */  or      $a0, $s1, $zero            ## $a0 = 00000000
/* 01DDC 8092B6EC 8FA5003C */  lw      $a1, 0x003C($sp)           
/* 01DE0 8092B6F0 31AE0001 */  andi    $t6, $t5, 0x0001           ## $t6 = 00000000
/* 01DE4 8092B6F4 51C00004 */  beql    $t6, $zero, .L8092B708     
/* 01DE8 8092B6F8 8E1802F0 */  lw      $t8, 0x02F0($s0)           ## 000002F0
/* 01DEC 8092B6FC 0C038956 */  jal     func_800E2558              
/* 01DF0 8092B700 260603F8 */  addiu   $a2, $s0, 0x03F8           ## $a2 = 000003F8
/* 01DF4 8092B704 8E1802F0 */  lw      $t8, 0x02F0($s0)           ## 000002F0
.L8092B708:
/* 01DF8 8092B708 3C0F8093 */  lui     $t7, %hi(func_8092ABD8)    ## $t7 = 80930000
/* 01DFC 8092B70C 25EFABD8 */  addiu   $t7, $t7, %lo(func_8092ABD8) ## $t7 = 8092ABD8
/* 01E00 8092B710 55F80049 */  bnel    $t7, $t8, .L8092B838       
/* 01E04 8092B714 44800000 */  mtc1    $zero, $f0                 ## $f0 = 0.00
/* 01E08 8092B718 0C03FB51 */  jal     func_800FED44              
/* 01E0C 8092B71C 860400BE */  lh      $a0, 0x00BE($s0)           ## 000000BE
/* 01E10 8092B720 860400BE */  lh      $a0, 0x00BE($s0)           ## 000000BE
/* 01E14 8092B724 0C03FB61 */  jal     func_800FED84              
/* 01E18 8092B728 E7A0006C */  swc1    $f0, 0x006C($sp)           
/* 01E1C 8092B72C 3C0141F0 */  lui     $at, 0x41F0                ## $at = 41F00000
/* 01E20 8092B730 C7B2006C */  lwc1    $f18, 0x006C($sp)          
/* 01E24 8092B734 44812000 */  mtc1    $at, $f4                   ## $f4 = 30.00
/* 01E28 8092B738 3C0141A0 */  lui     $at, 0x41A0                ## $at = 41A00000
/* 01E2C 8092B73C 44813000 */  mtc1    $at, $f6                   ## $f6 = 20.00
/* 01E30 8092B740 46122082 */  mul.s   $f2, $f4, $f18             
/* 01E34 8092B744 C6080024 */  lwc1    $f8, 0x0024($s0)           ## 00000024
/* 01E38 8092B748 3C0141F0 */  lui     $at, 0x41F0                ## $at = 41F00000
/* 01E3C 8092B74C 46003302 */  mul.s   $f12, $f6, $f0             
/* 01E40 8092B750 26040478 */  addiu   $a0, $s0, 0x0478           ## $a0 = 00000478
/* 01E44 8092B754 27A8005C */  addiu   $t0, $sp, 0x005C           ## $t0 = FFFFFFE4
/* 01E48 8092B758 00002825 */  or      $a1, $zero, $zero          ## $a1 = 00000000
/* 01E4C 8092B75C 27A60044 */  addiu   $a2, $sp, 0x0044           ## $a2 = FFFFFFCC
/* 01E50 8092B760 46024281 */  sub.s   $f10, $f8, $f2             
/* 01E54 8092B764 44814000 */  mtc1    $at, $f8                   ## $f8 = 30.00
/* 01E58 8092B768 3C0141A0 */  lui     $at, 0x41A0                ## $at = 41A00000
/* 01E5C 8092B76C 27A70050 */  addiu   $a3, $sp, 0x0050           ## $a3 = FFFFFFD8
/* 01E60 8092B770 460C5100 */  add.s   $f4, $f10, $f12            
/* 01E64 8092B774 46004382 */  mul.s   $f14, $f8, $f0             
/* 01E68 8092B778 44815000 */  mtc1    $at, $f10                  ## $f10 = 20.00
/* 01E6C 8092B77C 3C0142A0 */  lui     $at, 0x42A0                ## $at = 42A00000
/* 01E70 8092B780 E7A40044 */  swc1    $f4, 0x0044($sp)           
/* 01E74 8092B784 C6060028 */  lwc1    $f6, 0x0028($s0)           ## 00000028
/* 01E78 8092B788 46125402 */  mul.s   $f16, $f10, $f18           
/* 01E7C 8092B78C E7A60048 */  swc1    $f6, 0x0048($sp)           
/* 01E80 8092B790 C606002C */  lwc1    $f6, 0x002C($s0)           ## 0000002C
/* 01E84 8092B794 460E3200 */  add.s   $f8, $f6, $f14             
/* 01E88 8092B798 46104280 */  add.s   $f10, $f8, $f16            
/* 01E8C 8092B79C E7AA004C */  swc1    $f10, 0x004C($sp)          
/* 01E90 8092B7A0 C6060024 */  lwc1    $f6, 0x0024($s0)           ## 00000024
/* 01E94 8092B7A4 46023200 */  add.s   $f8, $f6, $f2              
/* 01E98 8092B7A8 460C4180 */  add.s   $f6, $f8, $f12             
/* 01E9C 8092B7AC E7A60050 */  swc1    $f6, 0x0050($sp)           
/* 01EA0 8092B7B0 C6080028 */  lwc1    $f8, 0x0028($s0)           ## 00000028
/* 01EA4 8092B7B4 44813000 */  mtc1    $at, $f6                   ## $f6 = 80.00
/* 01EA8 8092B7B8 00000000 */  nop
/* 01EAC 8092B7BC 46064200 */  add.s   $f8, $f8, $f6              
/* 01EB0 8092B7C0 E7A80054 */  swc1    $f8, 0x0054($sp)           
/* 01EB4 8092B7C4 C606002C */  lwc1    $f6, 0x002C($s0)           ## 0000002C
/* 01EB8 8092B7C8 E7A4005C */  swc1    $f4, 0x005C($sp)           
/* 01EBC 8092B7CC E7AA0064 */  swc1    $f10, 0x0064($sp)          
/* 01EC0 8092B7D0 460E3201 */  sub.s   $f8, $f6, $f14             
/* 01EC4 8092B7D4 AFA40040 */  sw      $a0, 0x0040($sp)           
/* 01EC8 8092B7D8 AFA80010 */  sw      $t0, 0x0010($sp)           
/* 01ECC 8092B7DC 46104180 */  add.s   $f6, $f8, $f16             
/* 01ED0 8092B7E0 C7A80054 */  lwc1    $f8, 0x0054($sp)           
/* 01ED4 8092B7E4 E7A60058 */  swc1    $f6, 0x0058($sp)           
/* 01ED8 8092B7E8 0C039FB3 */  jal     func_800E7ECC              
/* 01EDC 8092B7EC E7A80060 */  swc1    $f8, 0x0060($sp)           
/* 01EE0 8092B7F0 C7A60050 */  lwc1    $f6, 0x0050($sp)           
/* 01EE4 8092B7F4 C7A40048 */  lwc1    $f4, 0x0048($sp)           
/* 01EE8 8092B7F8 C7A80058 */  lwc1    $f8, 0x0058($sp)           
/* 01EEC 8092B7FC 27A90050 */  addiu   $t1, $sp, 0x0050           ## $t1 = FFFFFFD8
/* 01EF0 8092B800 AFA90010 */  sw      $t1, 0x0010($sp)           
/* 01EF4 8092B804 8FA40040 */  lw      $a0, 0x0040($sp)           
/* 01EF8 8092B808 24050001 */  addiu   $a1, $zero, 0x0001         ## $a1 = 00000001
/* 01EFC 8092B80C 27A60044 */  addiu   $a2, $sp, 0x0044           ## $a2 = FFFFFFCC
/* 01F00 8092B810 27A7005C */  addiu   $a3, $sp, 0x005C           ## $a3 = FFFFFFE4
/* 01F04 8092B814 E7A6005C */  swc1    $f6, 0x005C($sp)           
/* 01F08 8092B818 E7A40060 */  swc1    $f4, 0x0060($sp)           
/* 01F0C 8092B81C 0C039FB3 */  jal     func_800E7ECC              
/* 01F10 8092B820 E7A80064 */  swc1    $f8, 0x0064($sp)           
/* 01F14 8092B824 02202025 */  or      $a0, $s1, $zero            ## $a0 = 00000000
/* 01F18 8092B828 8FA5003C */  lw      $a1, 0x003C($sp)           
/* 01F1C 8092B82C 0C0389D0 */  jal     func_800E2740              
/* 01F20 8092B830 8FA60040 */  lw      $a2, 0x0040($sp)           
/* 01F24 8092B834 44800000 */  mtc1    $zero, $f0                 ## $f0 = 0.00
.L8092B838:
/* 01F28 8092B838 C60A0304 */  lwc1    $f10, 0x0304($s0)          ## 00000304
/* 01F2C 8092B83C 460A003C */  c.lt.s  $f0, $f10                  
/* 01F30 8092B840 00000000 */  nop
/* 01F34 8092B844 45020027 */  bc1fl   .L8092B8E4                 
/* 01F38 8092B848 02002025 */  or      $a0, $s0, $zero            ## $a0 = 00000000
/* 01F3C 8092B84C 921902F5 */  lbu     $t9, 0x02F5($s0)           ## 000002F5
/* 01F40 8092B850 2401000A */  addiu   $at, $zero, 0x000A         ## $at = 0000000A
/* 01F44 8092B854 26040304 */  addiu   $a0, $s0, 0x0304           ## $a0 = 00000304
/* 01F48 8092B858 13210016 */  beq     $t9, $at, .L8092B8B4       
/* 01F4C 8092B85C 3C063D4C */  lui     $a2, 0x3D4C                ## $a2 = 3D4C0000
/* 01F50 8092B860 44050000 */  mfc1    $a1, $f0                   
/* 01F54 8092B864 0C03FC0F */  jal     func_800FF03C              
/* 01F58 8092B868 34C6CCCD */  ori     $a2, $a2, 0xCCCD           ## $a2 = 3D4CCCCD
/* 01F5C 8092B86C 3C018093 */  lui     $at, %hi(D_8092C244)       ## $at = 80930000
/* 01F60 8092B870 C422C244 */  lwc1    $f2, %lo(D_8092C244)($at)  
/* 01F64 8092B874 3C013F80 */  lui     $at, 0x3F80                ## $at = 3F800000
/* 01F68 8092B878 44812000 */  mtc1    $at, $f4                   ## $f4 = 1.00
/* 01F6C 8092B87C C6060304 */  lwc1    $f6, 0x0304($s0)           ## 00000304
/* 01F70 8092B880 3C018093 */  lui     $at, %hi(D_8092C248)       ## $at = 80930000
/* 01F74 8092B884 C42AC248 */  lwc1    $f10, %lo(D_8092C248)($at) 
/* 01F78 8092B888 46043200 */  add.s   $f8, $f6, $f4              
/* 01F7C 8092B88C 460A4002 */  mul.s   $f0, $f8, $f10             
/* 01F80 8092B890 4600103C */  c.lt.s  $f2, $f0                   
/* 01F84 8092B894 E6000308 */  swc1    $f0, 0x0308($s0)           ## 00000308
/* 01F88 8092B898 45020004 */  bc1fl   .L8092B8AC                 
/* 01F8C 8092B89C C6060308 */  lwc1    $f6, 0x0308($s0)           ## 00000308
/* 01F90 8092B8A0 1000000F */  beq     $zero, $zero, .L8092B8E0   
/* 01F94 8092B8A4 E6020308 */  swc1    $f2, 0x0308($s0)           ## 00000308
/* 01F98 8092B8A8 C6060308 */  lwc1    $f6, 0x0308($s0)           ## 00000308
.L8092B8AC:
/* 01F9C 8092B8AC 1000000C */  beq     $zero, $zero, .L8092B8E0   
/* 01FA0 8092B8B0 E6060308 */  swc1    $f6, 0x0308($s0)           ## 00000308
.L8092B8B4:
/* 01FA4 8092B8B4 3C018093 */  lui     $at, %hi(D_8092C24C)       ## $at = 80930000
/* 01FA8 8092B8B8 C422C24C */  lwc1    $f2, %lo(D_8092C24C)($at)  
/* 01FAC 8092B8BC 3C063C85 */  lui     $a2, 0x3C85                ## $a2 = 3C850000
/* 01FB0 8092B8C0 34C61EB8 */  ori     $a2, $a2, 0x1EB8           ## $a2 = 3C851EB8
/* 01FB4 8092B8C4 44051000 */  mfc1    $a1, $f2                   
/* 01FB8 8092B8C8 0C03FC0F */  jal     func_800FF03C              
/* 01FBC 8092B8CC 2604030C */  addiu   $a0, $s0, 0x030C           ## $a0 = 0000030C
/* 01FC0 8092B8D0 14400003 */  bne     $v0, $zero, .L8092B8E0     
/* 01FC4 8092B8D4 02002025 */  or      $a0, $s0, $zero            ## $a0 = 00000000
/* 01FC8 8092B8D8 0C02E404 */  jal     func_800B9010              
/* 01FCC 8092B8DC 240520B2 */  addiu   $a1, $zero, 0x20B2         ## $a1 = 000020B2
.L8092B8E0:
/* 01FD0 8092B8E0 02002025 */  or      $a0, $s0, $zero            ## $a0 = 00000000
.L8092B8E4:
/* 01FD4 8092B8E4 0C24AD1B */  jal     func_8092B46C              
/* 01FD8 8092B8E8 02202825 */  or      $a1, $s1, $zero            ## $a1 = 00000000
/* 01FDC 8092B8EC 8FBF0024 */  lw      $ra, 0x0024($sp)           
/* 01FE0 8092B8F0 8FB0001C */  lw      $s0, 0x001C($sp)           
/* 01FE4 8092B8F4 8FB10020 */  lw      $s1, 0x0020($sp)           
/* 01FE8 8092B8F8 03E00008 */  jr      $ra                        
/* 01FEC 8092B8FC 27BD0078 */  addiu   $sp, $sp, 0x0078           ## $sp = 00000000


glabel func_8092B900
/* 01FF0 8092B900 AFA40000 */  sw      $a0, 0x0000($sp)           
/* 01FF4 8092B904 AFA7000C */  sw      $a3, 0x000C($sp)           
/* 01FF8 8092B908 8FAE0014 */  lw      $t6, 0x0014($sp)           
/* 01FFC 8092B90C 3C188093 */  lui     $t8, %hi(D_8092C1A8)       ## $t8 = 80930000
/* 02000 8092B910 0305C021 */  addu    $t8, $t8, $a1              
/* 02004 8092B914 91CF02F4 */  lbu     $t7, 0x02F4($t6)           ## 000002F4
/* 02008 8092B918 00001025 */  or      $v0, $zero, $zero          ## $v0 = 00000000
/* 0200C 8092B91C 11E00005 */  beq     $t7, $zero, .L8092B934     
/* 02010 8092B920 00000000 */  nop
/* 02014 8092B924 8318C1A8 */  lb      $t8, %lo(D_8092C1A8)($t8)  
/* 02018 8092B928 1B000002 */  blez    $t8, .L8092B934            
/* 0201C 8092B92C 00000000 */  nop
/* 02020 8092B930 ACC00000 */  sw      $zero, 0x0000($a2)         ## 00000000
.L8092B934:
/* 02024 8092B934 03E00008 */  jr      $ra                        
/* 02028 8092B938 00000000 */  nop


glabel func_8092B93C
/* 0202C 8092B93C 27BDFF78 */  addiu   $sp, $sp, 0xFF78           ## $sp = FFFFFF78
/* 02030 8092B940 AFB00020 */  sw      $s0, 0x0020($sp)           
/* 02034 8092B944 8FB00098 */  lw      $s0, 0x0098($sp)           
/* 02038 8092B948 AFBF0024 */  sw      $ra, 0x0024($sp)           
/* 0203C 8092B94C AFA40088 */  sw      $a0, 0x0088($sp)           
/* 02040 8092B950 AFA5008C */  sw      $a1, 0x008C($sp)           
/* 02044 8092B954 AFA60090 */  sw      $a2, 0x0090($sp)           
/* 02048 8092B958 AFA70094 */  sw      $a3, 0x0094($sp)           
/* 0204C 8092B95C 8FAE008C */  lw      $t6, 0x008C($sp)           
/* 02050 8092B960 3C0F8093 */  lui     $t7, %hi(D_8092C1A8)       ## $t7 = 80930000
/* 02054 8092B964 24010001 */  addiu   $at, $zero, 0x0001         ## $at = 00000001
/* 02058 8092B968 01EE7821 */  addu    $t7, $t7, $t6              
/* 0205C 8092B96C 81EFC1A8 */  lb      $t7, %lo(D_8092C1A8)($t7)  
/* 02060 8092B970 AFAF0080 */  sw      $t7, 0x0080($sp)           
/* 02064 8092B974 921802F4 */  lbu     $t8, 0x02F4($s0)           ## 000002F4
/* 02068 8092B978 57010041 */  bnel    $t8, $at, .L8092BA80       
/* 0206C 8092B97C 8FAB008C */  lw      $t3, 0x008C($sp)           
/* 02070 8092B980 59E00038 */  blezl   $t7, .L8092BA64            
/* 02074 8092B984 8FA8008C */  lw      $t0, 0x008C($sp)           
/* 02078 8092B988 0C06008D */  jal     func_80180234              
/* 0207C 8092B98C 00000000 */  nop
/* 02080 8092B990 8FB90080 */  lw      $t9, 0x0080($sp)           
/* 02084 8092B994 C4440030 */  lwc1    $f4, 0x0030($v0)           ## 00000030
/* 02088 8092B998 00402025 */  or      $a0, $v0, $zero            ## $a0 = 00000000
/* 0208C 8092B99C 00194080 */  sll     $t0, $t9,  2               
/* 02090 8092B9A0 01194021 */  addu    $t0, $t0, $t9              
/* 02094 8092B9A4 000840C0 */  sll     $t0, $t0,  3               
/* 02098 8092B9A8 02081821 */  addu    $v1, $s0, $t0              
/* 0209C 8092B9AC E4640554 */  swc1    $f4, 0x0554($v1)           ## 00000554
/* 020A0 8092B9B0 C4460034 */  lwc1    $f6, 0x0034($v0)           ## 00000034
/* 020A4 8092B9B4 24630550 */  addiu   $v1, $v1, 0x0550           ## $v1 = 00000550
/* 020A8 8092B9B8 2465001C */  addiu   $a1, $v1, 0x001C           ## $a1 = 0000056C
/* 020AC 8092B9BC E4660008 */  swc1    $f6, 0x0008($v1)           ## 00000558
/* 020B0 8092B9C0 C4480038 */  lwc1    $f8, 0x0038($v0)           ## 00000038
/* 020B4 8092B9C4 00003025 */  or      $a2, $zero, $zero          ## $a2 = 00000000
/* 020B8 8092B9C8 E468000C */  swc1    $f8, 0x000C($v1)           ## 0000055C
/* 020BC 8092B9CC 0C060867 */  jal     func_8018219C              
/* 020C0 8092B9D0 AFA30028 */  sw      $v1, 0x0028($sp)           
/* 020C4 8092B9D4 8FA30028 */  lw      $v1, 0x0028($sp)           
/* 020C8 8092B9D8 24090001 */  addiu   $t1, $zero, 0x0001         ## $t1 = 00000001
/* 020CC 8092B9DC 0C021BE8 */  jal     func_80086FA0              
/* 020D0 8092B9E0 AC690024 */  sw      $t1, 0x0024($v1)           ## 00000024
/* 020D4 8092B9E4 8FAD0080 */  lw      $t5, 0x0080($sp)           
/* 020D8 8092B9E8 3C188093 */  lui     $t8, %hi(D_8092BFA4)       ## $t8 = 80930000
/* 020DC 8092B9EC 860B00BE */  lh      $t3, 0x00BE($s0)           ## 000000BE
/* 020E0 8092B9F0 000D70C0 */  sll     $t6, $t5,  3               
/* 020E4 8092B9F4 030EC021 */  addu    $t8, $t8, $t6              
/* 020E8 8092B9F8 8718BFA4 */  lh      $t8, %lo(D_8092BFA4)($t8)  
/* 020EC 8092B9FC 000254C3 */  sra     $t2, $v0, 19               
/* 020F0 8092BA00 014B6021 */  addu    $t4, $t2, $t3              
/* 020F4 8092BA04 01982021 */  addu    $a0, $t4, $t8              
/* 020F8 8092BA08 00042400 */  sll     $a0, $a0, 16               
/* 020FC 8092BA0C 00042403 */  sra     $a0, $a0, 16               
/* 02100 8092BA10 0C03FB61 */  jal     func_800FED84              
/* 02104 8092BA14 A7A40076 */  sh      $a0, 0x0076($sp)           
/* 02108 8092BA18 3C0140A0 */  lui     $at, 0x40A0                ## $at = 40A00000
/* 0210C 8092BA1C 44815000 */  mtc1    $at, $f10                  ## $f10 = 5.00
/* 02110 8092BA20 8FA30028 */  lw      $v1, 0x0028($sp)           
/* 02114 8092BA24 3C0140C0 */  lui     $at, 0x40C0                ## $at = 40C00000
/* 02118 8092BA28 460A0402 */  mul.s   $f16, $f0, $f10            
/* 0211C 8092BA2C 44819000 */  mtc1    $at, $f18                  ## $f18 = 6.00
/* 02120 8092BA30 87A40076 */  lh      $a0, 0x0076($sp)           
/* 02124 8092BA34 E4720014 */  swc1    $f18, 0x0014($v1)          ## 00000014
/* 02128 8092BA38 0C03FB51 */  jal     func_800FED44              
/* 0212C 8092BA3C E4700010 */  swc1    $f16, 0x0010($v1)          ## 00000010
/* 02130 8092BA40 3C0140A0 */  lui     $at, 0x40A0                ## $at = 40A00000
/* 02134 8092BA44 44812000 */  mtc1    $at, $f4                   ## $f4 = 5.00
/* 02138 8092BA48 8FA30028 */  lw      $v1, 0x0028($sp)           
/* 0213C 8092BA4C 46040182 */  mul.s   $f6, $f0, $f4              
/* 02140 8092BA50 E4660018 */  swc1    $f6, 0x0018($v1)           ## 00000018
/* 02144 8092BA54 8FAF0090 */  lw      $t7, 0x0090($sp)           
/* 02148 8092BA58 8DF90000 */  lw      $t9, 0x0000($t7)           ## 00000000
/* 0214C 8092BA5C AC790000 */  sw      $t9, 0x0000($v1)           ## 00000000
/* 02150 8092BA60 8FA8008C */  lw      $t0, 0x008C($sp)           
.L8092BA64:
/* 02154 8092BA64 2401001D */  addiu   $at, $zero, 0x001D         ## $at = 0000001D
/* 02158 8092BA68 55010005 */  bnel    $t0, $at, .L8092BA80       
/* 0215C 8092BA6C 8FAB008C */  lw      $t3, 0x008C($sp)           
/* 02160 8092BA70 920902F4 */  lbu     $t1, 0x02F4($s0)           ## 000002F4
/* 02164 8092BA74 352A0002 */  ori     $t2, $t1, 0x0002           ## $t2 = 00000002
/* 02168 8092BA78 A20A02F4 */  sb      $t2, 0x02F4($s0)           ## 000002F4
/* 0216C 8092BA7C 8FAB008C */  lw      $t3, 0x008C($sp)           
.L8092BA80:
/* 02170 8092BA80 24010001 */  addiu   $at, $zero, 0x0001         ## $at = 00000001
/* 02174 8092BA84 55610010 */  bnel    $t3, $at, .L8092BAC8       
/* 02178 8092BA88 8FA8008C */  lw      $t0, 0x008C($sp)           
/* 0217C 8092BA8C 0C0606D4 */  jal     func_80181B50              
/* 02180 8092BA90 2604003C */  addiu   $a0, $s0, 0x003C           ## $a0 = 0000003C
/* 02184 8092BA94 C608003C */  lwc1    $f8, 0x003C($s0)           ## 0000003C
/* 02188 8092BA98 C6100028 */  lwc1    $f16, 0x0028($s0)          ## 00000028
/* 0218C 8092BA9C C6040044 */  lwc1    $f4, 0x0044($s0)           ## 00000044
/* 02190 8092BAA0 4600428D */  trunc.w.s $f10, $f8                  
/* 02194 8092BAA4 4600848D */  trunc.w.s $f18, $f16                 
/* 02198 8092BAA8 440E5000 */  mfc1    $t6, $f10                  
/* 0219C 8092BAAC 4600218D */  trunc.w.s $f6, $f4                   
/* 021A0 8092BAB0 44189000 */  mfc1    $t8, $f18                  
/* 021A4 8092BAB4 A60E03F2 */  sh      $t6, 0x03F2($s0)           ## 000003F2
/* 021A8 8092BAB8 44193000 */  mfc1    $t9, $f6                   
/* 021AC 8092BABC A61803F4 */  sh      $t8, 0x03F4($s0)           ## 000003F4
/* 021B0 8092BAC0 A61903F6 */  sh      $t9, 0x03F6($s0)           ## 000003F6
/* 021B4 8092BAC4 8FA8008C */  lw      $t0, 0x008C($sp)           
.L8092BAC8:
/* 021B8 8092BAC8 24010011 */  addiu   $at, $zero, 0x0011         ## $at = 00000011
/* 021BC 8092BACC 55010031 */  bnel    $t0, $at, .L8092BB94       
/* 021C0 8092BAD0 8FA8008C */  lw      $t0, 0x008C($sp)           
/* 021C4 8092BAD4 860902F6 */  lh      $t1, 0x02F6($s0)           ## 000002F6
/* 021C8 8092BAD8 860A02F8 */  lh      $t2, 0x02F8($s0)           ## 000002F8
/* 021CC 8092BADC 512A002D */  beql    $t1, $t2, .L8092BB94       
/* 021D0 8092BAE0 8FA8008C */  lw      $t0, 0x008C($sp)           
/* 021D4 8092BAE4 8E0202F0 */  lw      $v0, 0x02F0($s0)           ## 000002F0
/* 021D8 8092BAE8 3C0B8093 */  lui     $t3, %hi(func_8092A33C)    ## $t3 = 80930000
/* 021DC 8092BAEC 256BA33C */  addiu   $t3, $t3, %lo(func_8092A33C) ## $t3 = 8092A33C
/* 021E0 8092BAF0 11620006 */  beq     $t3, $v0, .L8092BB0C       
/* 021E4 8092BAF4 3C0D8093 */  lui     $t5, %hi(func_8092A754)    ## $t5 = 80930000
/* 021E8 8092BAF8 25ADA754 */  addiu   $t5, $t5, %lo(func_8092A754) ## $t5 = 8092A754
/* 021EC 8092BAFC 11A20003 */  beq     $t5, $v0, .L8092BB0C       
/* 021F0 8092BB00 3C0E8093 */  lui     $t6, %hi(func_8092A994)    ## $t6 = 80930000
/* 021F4 8092BB04 25CEA994 */  addiu   $t6, $t6, %lo(func_8092A994) ## $t6 = 8092A994
/* 021F8 8092BB08 15C20021 */  bne     $t6, $v0, .L8092BB90       
.L8092BB0C:
/* 021FC 8092BB0C 27A40068 */  addiu   $a0, $sp, 0x0068           ## $a0 = FFFFFFE0
/* 02200 8092BB10 0C03FD43 */  jal     func_800FF50C              
/* 02204 8092BB14 26050438 */  addiu   $a1, $s0, 0x0438           ## $a1 = 00000438
/* 02208 8092BB18 27A4005C */  addiu   $a0, $sp, 0x005C           ## $a0 = FFFFFFD4
/* 0220C 8092BB1C 0C03FD43 */  jal     func_800FF50C              
/* 02210 8092BB20 26050444 */  addiu   $a1, $s0, 0x0444           ## $a1 = 00000444
/* 02214 8092BB24 3C048093 */  lui     $a0, %hi(D_8092C1C8)       ## $a0 = 80930000
/* 02218 8092BB28 2484C1C8 */  addiu   $a0, $a0, %lo(D_8092C1C8)  ## $a0 = 8092C1C8
/* 0221C 8092BB2C 0C0606A6 */  jal     func_80181A98              
/* 02220 8092BB30 27A50050 */  addiu   $a1, $sp, 0x0050           ## $a1 = FFFFFFC8
/* 02224 8092BB34 3C048093 */  lui     $a0, %hi(D_8092C1D4)       ## $a0 = 80930000
/* 02228 8092BB38 2484C1D4 */  addiu   $a0, $a0, %lo(D_8092C1D4)  ## $a0 = 8092C1D4
/* 0222C 8092BB3C 0C0606A6 */  jal     func_80181A98              
/* 02230 8092BB40 27A50044 */  addiu   $a1, $sp, 0x0044           ## $a1 = FFFFFFBC
/* 02234 8092BB44 27AC005C */  addiu   $t4, $sp, 0x005C           ## $t4 = FFFFFFD4
/* 02238 8092BB48 AFAC0010 */  sw      $t4, 0x0010($sp)           
/* 0223C 8092BB4C 260403F8 */  addiu   $a0, $s0, 0x03F8           ## $a0 = 000003F8
/* 02240 8092BB50 27A50044 */  addiu   $a1, $sp, 0x0044           ## $a1 = FFFFFFBC
/* 02244 8092BB54 27A60050 */  addiu   $a2, $sp, 0x0050           ## $a2 = FFFFFFC8
/* 02248 8092BB58 0C039F97 */  jal     func_800E7E5C              
/* 0224C 8092BB5C 27A70068 */  addiu   $a3, $sp, 0x0068           ## $a3 = FFFFFFE0
/* 02250 8092BB60 92180408 */  lbu     $t8, 0x0408($s0)           ## 00000408
/* 02254 8092BB64 330F0001 */  andi    $t7, $t8, 0x0001           ## $t7 = 00000000
/* 02258 8092BB68 51E00008 */  beql    $t7, $zero, .L8092BB8C     
/* 0225C 8092BB6C 861902F6 */  lh      $t9, 0x02F6($s0)           ## 000002F6
/* 02260 8092BB70 0C02BDC8 */  jal     func_800AF720              
/* 02264 8092BB74 8E040300 */  lw      $a0, 0x0300($s0)           ## 00000300
/* 02268 8092BB78 00402025 */  or      $a0, $v0, $zero            ## $a0 = 00000000
/* 0226C 8092BB7C 27A50050 */  addiu   $a1, $sp, 0x0050           ## $a1 = FFFFFFC8
/* 02270 8092BB80 0C02A07C */  jal     func_800A81F0              
/* 02274 8092BB84 27A60044 */  addiu   $a2, $sp, 0x0044           ## $a2 = FFFFFFBC
/* 02278 8092BB88 861902F6 */  lh      $t9, 0x02F6($s0)           ## 000002F6
.L8092BB8C:
/* 0227C 8092BB8C A61902F8 */  sh      $t9, 0x02F8($s0)           ## 000002F8
.L8092BB90:
/* 02280 8092BB90 8FA8008C */  lw      $t0, 0x008C($sp)           
.L8092BB94:
/* 02284 8092BB94 3C028093 */  lui     $v0, %hi(D_8092C1E0)       ## $v0 = 80930000
/* 02288 8092BB98 2401FFFF */  addiu   $at, $zero, 0xFFFF         ## $at = FFFFFFFF
/* 0228C 8092BB9C 00481021 */  addu    $v0, $v0, $t0              
/* 02290 8092BBA0 8042C1E0 */  lb      $v0, %lo(D_8092C1E0)($v0)  
/* 02294 8092BBA4 10410006 */  beq     $v0, $at, .L8092BBC0       
/* 02298 8092BBA8 00024880 */  sll     $t1, $v0,  2               
/* 0229C 8092BBAC 01224823 */  subu    $t1, $t1, $v0              
/* 022A0 8092BBB0 00094880 */  sll     $t1, $t1,  2               
/* 022A4 8092BBB4 02092021 */  addu    $a0, $s0, $t1              
/* 022A8 8092BBB8 0C0606D4 */  jal     func_80181B50              
/* 022AC 8092BBBC 24840310 */  addiu   $a0, $a0, 0x0310           ## $a0 = 00000310
.L8092BBC0:
/* 022B0 8092BBC0 8FAA0080 */  lw      $t2, 0x0080($sp)           
/* 022B4 8092BBC4 2401FFFF */  addiu   $at, $zero, 0xFFFF         ## $at = FFFFFFFF
/* 022B8 8092BBC8 8FAC0088 */  lw      $t4, 0x0088($sp)           
/* 022BC 8092BBCC 1140000B */  beq     $t2, $zero, .L8092BBFC     
/* 022C0 8092BBD0 8FB80080 */  lw      $t8, 0x0080($sp)           
/* 022C4 8092BBD4 51410021 */  beql    $t2, $at, .L8092BC5C       
/* 022C8 8092BBD8 8FBF0024 */  lw      $ra, 0x0024($sp)           
/* 022CC 8092BBDC 920B02F4 */  lbu     $t3, 0x02F4($s0)           ## 000002F4
/* 022D0 8092BBE0 000A68C0 */  sll     $t5, $t2,  3               
/* 022D4 8092BBE4 3C0E8093 */  lui     $t6, %hi(D_8092BFA0)       ## $t6 = 80930000
/* 022D8 8092BBE8 1560001B */  bne     $t3, $zero, .L8092BC58     
/* 022DC 8092BBEC 01CD7021 */  addu    $t6, $t6, $t5              
/* 022E0 8092BBF0 8DCEBFA0 */  lw      $t6, %lo(D_8092BFA0)($t6)  
/* 022E4 8092BBF4 51C00019 */  beql    $t6, $zero, .L8092BC5C     
/* 022E8 8092BBF8 8FBF0024 */  lw      $ra, 0x0024($sp)           
.L8092BBFC:
/* 022EC 8092BBFC 8D850000 */  lw      $a1, 0x0000($t4)           ## 00000000
/* 022F0 8092BC00 3C198093 */  lui     $t9, %hi(D_8092BFA0)       ## $t9 = 80930000
/* 022F4 8092BC04 2739BFA0 */  addiu   $t9, $t9, %lo(D_8092BFA0)  ## $t9 = 8092BFA0
/* 022F8 8092BC08 001878C0 */  sll     $t7, $t8,  3               
/* 022FC 8092BC0C 01F91821 */  addu    $v1, $t7, $t9              
/* 02300 8092BC10 8CB002C0 */  lw      $s0, 0x02C0($a1)           ## 000002C0
/* 02304 8092BC14 3C08DA38 */  lui     $t0, 0xDA38                ## $t0 = DA380000
/* 02308 8092BC18 35080003 */  ori     $t0, $t0, 0x0003           ## $t0 = DA380003
/* 0230C 8092BC1C AE080000 */  sw      $t0, 0x0000($s0)           ## 00000000
/* 02310 8092BC20 8FA90088 */  lw      $t1, 0x0088($sp)           
/* 02314 8092BC24 8D240000 */  lw      $a0, 0x0000($t1)           ## 00000000
/* 02318 8092BC28 AFA5003C */  sw      $a1, 0x003C($sp)           
/* 0231C 8092BC2C 0C060690 */  jal     func_80181A40              
/* 02320 8092BC30 AFA30028 */  sw      $v1, 0x0028($sp)           
/* 02324 8092BC34 8FA30028 */  lw      $v1, 0x0028($sp)           
/* 02328 8092BC38 8FA5003C */  lw      $a1, 0x003C($sp)           
/* 0232C 8092BC3C AE020004 */  sw      $v0, 0x0004($s0)           ## 00000004
/* 02330 8092BC40 3C0BDE00 */  lui     $t3, 0xDE00                ## $t3 = DE000000
/* 02334 8092BC44 AE0B0008 */  sw      $t3, 0x0008($s0)           ## 00000008
/* 02338 8092BC48 8C6A0000 */  lw      $t2, 0x0000($v1)           ## 00000000
/* 0233C 8092BC4C 260D0010 */  addiu   $t5, $s0, 0x0010           ## $t5 = 00000010
/* 02340 8092BC50 AE0A000C */  sw      $t2, 0x000C($s0)           ## 0000000C
/* 02344 8092BC54 ACAD02C0 */  sw      $t5, 0x02C0($a1)           ## 000002C0
.L8092BC58:
/* 02348 8092BC58 8FBF0024 */  lw      $ra, 0x0024($sp)           
.L8092BC5C:
/* 0234C 8092BC5C 8FB00020 */  lw      $s0, 0x0020($sp)           
/* 02350 8092BC60 27BD0088 */  addiu   $sp, $sp, 0x0088           ## $sp = 00000000
/* 02354 8092BC64 03E00008 */  jr      $ra                        
/* 02358 8092BC68 00000000 */  nop


glabel func_8092BC6C
/* 0235C 8092BC6C 27BDFFA0 */  addiu   $sp, $sp, 0xFFA0           ## $sp = FFFFFFA0
/* 02360 8092BC70 AFBF0044 */  sw      $ra, 0x0044($sp)           
/* 02364 8092BC74 AFBE0040 */  sw      $s8, 0x0040($sp)           
/* 02368 8092BC78 AFB7003C */  sw      $s7, 0x003C($sp)           
/* 0236C 8092BC7C AFB60038 */  sw      $s6, 0x0038($sp)           
/* 02370 8092BC80 AFB50034 */  sw      $s5, 0x0034($sp)           
/* 02374 8092BC84 AFB40030 */  sw      $s4, 0x0030($sp)           
/* 02378 8092BC88 AFB3002C */  sw      $s3, 0x002C($sp)           
/* 0237C 8092BC8C AFB20028 */  sw      $s2, 0x0028($sp)           
/* 02380 8092BC90 AFB10024 */  sw      $s1, 0x0024($sp)           
/* 02384 8092BC94 AFB00020 */  sw      $s0, 0x0020($sp)           
/* 02388 8092BC98 F7B40018 */  sdc1    $f20, 0x0018($sp)          
/* 0238C 8092BC9C AFA40060 */  sw      $a0, 0x0060($sp)           
/* 02390 8092BCA0 AFA50064 */  sw      $a1, 0x0064($sp)           
/* 02394 8092BCA4 8FAE0060 */  lw      $t6, 0x0060($sp)           
/* 02398 8092BCA8 24010003 */  addiu   $at, $zero, 0x0003         ## $at = 00000003
/* 0239C 8092BCAC 0000A825 */  or      $s5, $zero, $zero          ## $s5 = 00000000
/* 023A0 8092BCB0 91CF02F4 */  lbu     $t7, 0x02F4($t6)           ## 000002F4
/* 023A4 8092BCB4 3C1EDE00 */  lui     $s8, 0xDE00                ## $s8 = DE000000
/* 023A8 8092BCB8 3C17DA38 */  lui     $s7, 0xDA38                ## $s7 = DA380000
/* 023AC 8092BCBC 15E10048 */  bne     $t7, $at, .L8092BDE0       
/* 023B0 8092BCC0 01C0B025 */  or      $s6, $t6, $zero            ## $s6 = 00000000
/* 023B4 8092BCC4 AFA00054 */  sw      $zero, 0x0054($sp)         
/* 023B8 8092BCC8 8FB80064 */  lw      $t8, 0x0064($sp)           
/* 023BC 8092BCCC 3C018093 */  lui     $at, %hi(D_8092C250)       ## $at = 80930000
/* 023C0 8092BCD0 C434C250 */  lwc1    $f20, %lo(D_8092C250)($at) 
/* 023C4 8092BCD4 8F190000 */  lw      $t9, 0x0000($t8)           ## 00000000
/* 023C8 8092BCD8 36F70003 */  ori     $s7, $s7, 0x0003           ## $s7 = DA380003
/* 023CC 8092BCDC 24020007 */  addiu   $v0, $zero, 0x0007         ## $v0 = 00000007
/* 023D0 8092BCE0 AFB90048 */  sw      $t9, 0x0048($sp)           
/* 023D4 8092BCE4 8F3202B0 */  lw      $s2, 0x02B0($t9)           ## 000002B0
/* 023D8 8092BCE8 8F3302C0 */  lw      $s3, 0x02C0($t9)           ## 000002C0
.L8092BCEC:
/* 023DC 8092BCEC 8EC80574 */  lw      $t0, 0x0574($s6)           ## 00000574
/* 023E0 8092BCF0 8FB90054 */  lw      $t9, 0x0054($sp)           
/* 023E4 8092BCF4 26D00550 */  addiu   $s0, $s6, 0x0550           ## $s0 = 00000550
/* 023E8 8092BCF8 1100002C */  beq     $t0, $zero, .L8092BDAC     
/* 023EC 8092BCFC 272E0001 */  addiu   $t6, $t9, 0x0001           ## $t6 = 00000001
/* 023F0 8092BD00 3C0A8093 */  lui     $t2, %hi(D_8092BFA0)       ## $t2 = 80930000
/* 023F4 8092BD04 254ABFA0 */  addiu   $t2, $t2, %lo(D_8092BFA0)  ## $t2 = 8092BFA0
/* 023F8 8092BD08 001548C0 */  sll     $t1, $s5,  3               
/* 023FC 8092BD0C 012AA021 */  addu    $s4, $t1, $t2              
/* 02400 8092BD10 C60C0004 */  lwc1    $f12, 0x0004($s0)          ## 00000554
/* 02404 8092BD14 C60E0008 */  lwc1    $f14, 0x0008($s0)          ## 00000558
/* 02408 8092BD18 8E06000C */  lw      $a2, 0x000C($s0)           ## 0000055C
/* 0240C 8092BD1C 0C060594 */  jal     func_80181650              
/* 02410 8092BD20 2607001C */  addiu   $a3, $s0, 0x001C           ## $a3 = 0000056C
/* 02414 8092BD24 4406A000 */  mfc1    $a2, $f20                  
/* 02418 8092BD28 4600A306 */  mov.s   $f12, $f20                 
/* 0241C 8092BD2C 4600A386 */  mov.s   $f14, $f20                 
/* 02420 8092BD30 0C0600E7 */  jal     func_8018039C              
/* 02424 8092BD34 24070001 */  addiu   $a3, $zero, 0x0001         ## $a3 = 00000001
/* 02428 8092BD38 02408825 */  or      $s1, $s2, $zero            ## $s1 = 00000000
/* 0242C 8092BD3C AE370000 */  sw      $s7, 0x0000($s1)           ## 00000000
/* 02430 8092BD40 8FAB0064 */  lw      $t3, 0x0064($sp)           
/* 02434 8092BD44 26520008 */  addiu   $s2, $s2, 0x0008           ## $s2 = 00000008
/* 02438 8092BD48 0C060690 */  jal     func_80181A40              
/* 0243C 8092BD4C 8D640000 */  lw      $a0, 0x0000($t3)           ## 00000000
/* 02440 8092BD50 AE220004 */  sw      $v0, 0x0004($s1)           ## 00000004
/* 02444 8092BD54 02401025 */  or      $v0, $s2, $zero            ## $v0 = 00000008
/* 02448 8092BD58 AC5E0000 */  sw      $s8, 0x0000($v0)           ## 00000008
/* 0244C 8092BD5C 8E0C0000 */  lw      $t4, 0x0000($s0)           ## 00000550
/* 02450 8092BD60 26520008 */  addiu   $s2, $s2, 0x0008           ## $s2 = 00000010
/* 02454 8092BD64 02608025 */  or      $s0, $s3, $zero            ## $s0 = 00000000
/* 02458 8092BD68 AC4C0004 */  sw      $t4, 0x0004($v0)           ## 0000000C
/* 0245C 8092BD6C 8E8D0000 */  lw      $t5, 0x0000($s4)           ## 00000000
/* 02460 8092BD70 11A0000C */  beq     $t5, $zero, .L8092BDA4     
/* 02464 8092BD74 00000000 */  nop
/* 02468 8092BD78 AE170000 */  sw      $s7, 0x0000($s0)           ## 00000000
/* 0246C 8092BD7C 8FAF0064 */  lw      $t7, 0x0064($sp)           
/* 02470 8092BD80 26730008 */  addiu   $s3, $s3, 0x0008           ## $s3 = 00000008
/* 02474 8092BD84 0C060690 */  jal     func_80181A40              
/* 02478 8092BD88 8DE40000 */  lw      $a0, 0x0000($t7)           ## 00000000
/* 0247C 8092BD8C AE020004 */  sw      $v0, 0x0004($s0)           ## 00000004
/* 02480 8092BD90 02601025 */  or      $v0, $s3, $zero            ## $v0 = 00000008
/* 02484 8092BD94 AC5E0000 */  sw      $s8, 0x0000($v0)           ## 00000008
/* 02488 8092BD98 8E980000 */  lw      $t8, 0x0000($s4)           ## 00000000
/* 0248C 8092BD9C 26730008 */  addiu   $s3, $s3, 0x0008           ## $s3 = 00000010
/* 02490 8092BDA0 AC580004 */  sw      $t8, 0x0004($v0)           ## 0000000C
.L8092BDA4:
/* 02494 8092BDA4 10000002 */  beq     $zero, $zero, .L8092BDB0   
/* 02498 8092BDA8 24020007 */  addiu   $v0, $zero, 0x0007         ## $v0 = 00000007
.L8092BDAC:
/* 0249C 8092BDAC AFAE0054 */  sw      $t6, 0x0054($sp)           
.L8092BDB0:
/* 024A0 8092BDB0 26B50001 */  addiu   $s5, $s5, 0x0001           ## $s5 = 00000001
/* 024A4 8092BDB4 16A2FFCD */  bne     $s5, $v0, .L8092BCEC       
/* 024A8 8092BDB8 26D60028 */  addiu   $s6, $s6, 0x0028           ## $s6 = 00000028
/* 024AC 8092BDBC 8FA80054 */  lw      $t0, 0x0054($sp)           
/* 024B0 8092BDC0 8FAA0060 */  lw      $t2, 0x0060($sp)           
/* 024B4 8092BDC4 15020002 */  bne     $t0, $v0, .L8092BDD0       
/* 024B8 8092BDC8 24090005 */  addiu   $t1, $zero, 0x0005         ## $t1 = 00000005
/* 024BC 8092BDCC A14902F4 */  sb      $t1, 0x02F4($t2)           ## 000002F4
.L8092BDD0:
/* 024C0 8092BDD0 8FAB0048 */  lw      $t3, 0x0048($sp)           
/* 024C4 8092BDD4 AD7302C0 */  sw      $s3, 0x02C0($t3)           ## 000002C0
/* 024C8 8092BDD8 8FAC0048 */  lw      $t4, 0x0048($sp)           
/* 024CC 8092BDDC AD9202B0 */  sw      $s2, 0x02B0($t4)           ## 000002B0
.L8092BDE0:
/* 024D0 8092BDE0 8FBF0044 */  lw      $ra, 0x0044($sp)           
/* 024D4 8092BDE4 D7B40018 */  ldc1    $f20, 0x0018($sp)          
/* 024D8 8092BDE8 8FB00020 */  lw      $s0, 0x0020($sp)           
/* 024DC 8092BDEC 8FB10024 */  lw      $s1, 0x0024($sp)           
/* 024E0 8092BDF0 8FB20028 */  lw      $s2, 0x0028($sp)           
/* 024E4 8092BDF4 8FB3002C */  lw      $s3, 0x002C($sp)           
/* 024E8 8092BDF8 8FB40030 */  lw      $s4, 0x0030($sp)           
/* 024EC 8092BDFC 8FB50034 */  lw      $s5, 0x0034($sp)           
/* 024F0 8092BE00 8FB60038 */  lw      $s6, 0x0038($sp)           
/* 024F4 8092BE04 8FB7003C */  lw      $s7, 0x003C($sp)           
/* 024F8 8092BE08 8FBE0040 */  lw      $s8, 0x0040($sp)           
/* 024FC 8092BE0C 03E00008 */  jr      $ra                        
/* 02500 8092BE10 27BD0060 */  addiu   $sp, $sp, 0x0060           ## $sp = 00000000


glabel func_8092BE14
/* 02504 8092BE14 27BDFFB8 */  addiu   $sp, $sp, 0xFFB8           ## $sp = FFFFFFB8
/* 02508 8092BE18 AFB10028 */  sw      $s1, 0x0028($sp)           
/* 0250C 8092BE1C AFB00024 */  sw      $s0, 0x0024($sp)           
/* 02510 8092BE20 00808025 */  or      $s0, $a0, $zero            ## $s0 = 00000000
/* 02514 8092BE24 00A08825 */  or      $s1, $a1, $zero            ## $s1 = 00000000
/* 02518 8092BE28 AFBF002C */  sw      $ra, 0x002C($sp)           
/* 0251C 8092BE2C 8E280000 */  lw      $t0, 0x0000($s1)           ## 00000000
/* 02520 8092BE30 02002025 */  or      $a0, $s0, $zero            ## $a0 = 00000000
/* 02524 8092BE34 02202825 */  or      $a1, $s1, $zero            ## $a1 = 00000000
/* 02528 8092BE38 00003025 */  or      $a2, $zero, $zero          ## $a2 = 00000000
/* 0252C 8092BE3C 0C02E014 */  jal     func_800B8050              
/* 02530 8092BE40 AFA80034 */  sw      $t0, 0x0034($sp)           
/* 02534 8092BE44 02002025 */  or      $a0, $s0, $zero            ## $a0 = 00000000
/* 02538 8092BE48 02202825 */  or      $a1, $s1, $zero            ## $a1 = 00000000
/* 0253C 8092BE4C 0C02E046 */  jal     func_800B8118              
/* 02540 8092BE50 00003025 */  or      $a2, $zero, $zero          ## $a2 = 00000000
/* 02544 8092BE54 8FA80034 */  lw      $t0, 0x0034($sp)           
/* 02548 8092BE58 3C04DE00 */  lui     $a0, 0xDE00                ## $a0 = DE000000
/* 0254C 8092BE5C 3C03801C */  lui     $v1, 0x801C                ## $v1 = 801C0000
/* 02550 8092BE60 8D0202C0 */  lw      $v0, 0x02C0($t0)           ## 000002C0
/* 02554 8092BE64 246313A0 */  addiu   $v1, $v1, 0x13A0           ## $v1 = 801C13A0
/* 02558 8092BE68 AC430004 */  sw      $v1, 0x0004($v0)           ## 00000004
/* 0255C 8092BE6C AC440000 */  sw      $a0, 0x0000($v0)           ## 00000000
/* 02560 8092BE70 244E0008 */  addiu   $t6, $v0, 0x0008           ## $t6 = 00000008
/* 02564 8092BE74 AD0E02C0 */  sw      $t6, 0x02C0($t0)           ## 000002C0
/* 02568 8092BE78 8D0202B0 */  lw      $v0, 0x02B0($t0)           ## 000002B0
/* 0256C 8092BE7C AC440000 */  sw      $a0, 0x0000($v0)           ## 00000000
/* 02570 8092BE80 AC430004 */  sw      $v1, 0x0004($v0)           ## 00000004
/* 02574 8092BE84 860F001C */  lh      $t7, 0x001C($s0)           ## 0000001C
/* 02578 8092BE88 3C198093 */  lui     $t9, %hi(D_8092BFD8)       ## $t9 = 80930000
/* 0257C 8092BE8C 2739BFD8 */  addiu   $t9, $t9, %lo(D_8092BFD8)  ## $t9 = 8092BFD8
/* 02580 8092BE90 000FC080 */  sll     $t8, $t7,  2               
/* 02584 8092BE94 030FC023 */  subu    $t8, $t8, $t7              
/* 02588 8092BE98 0018C080 */  sll     $t8, $t8,  2               
/* 0258C 8092BE9C 03191821 */  addu    $v1, $t8, $t9              
/* 02590 8092BEA0 3C09DB06 */  lui     $t1, 0xDB06                ## $t1 = DB060000
/* 02594 8092BEA4 35290020 */  ori     $t1, $t1, 0x0020           ## $t1 = DB060020
/* 02598 8092BEA8 AC490008 */  sw      $t1, 0x0008($v0)           ## 00000008
/* 0259C 8092BEAC 8C6A0000 */  lw      $t2, 0x0000($v1)           ## 801C13A0
/* 025A0 8092BEB0 3C0BDB06 */  lui     $t3, 0xDB06                ## $t3 = DB060000
/* 025A4 8092BEB4 356B0024 */  ori     $t3, $t3, 0x0024           ## $t3 = DB060024
/* 025A8 8092BEB8 AC4A000C */  sw      $t2, 0x000C($v0)           ## 0000000C
/* 025AC 8092BEBC AC4B0010 */  sw      $t3, 0x0010($v0)           ## 00000010
/* 025B0 8092BEC0 8C6C0004 */  lw      $t4, 0x0004($v1)           ## 801C13A4
/* 025B4 8092BEC4 3C0DDB06 */  lui     $t5, 0xDB06                ## $t5 = DB060000
/* 025B8 8092BEC8 35AD0028 */  ori     $t5, $t5, 0x0028           ## $t5 = DB060028
/* 025BC 8092BECC AC4C0014 */  sw      $t4, 0x0014($v0)           ## 00000014
/* 025C0 8092BED0 AC4D0018 */  sw      $t5, 0x0018($v0)           ## 00000018
/* 025C4 8092BED4 8C6E0008 */  lw      $t6, 0x0008($v1)           ## 801C13A8
/* 025C8 8092BED8 244F0020 */  addiu   $t7, $v0, 0x0020           ## $t7 = 00000020
/* 025CC 8092BEDC 02202025 */  or      $a0, $s1, $zero            ## $a0 = 00000000
/* 025D0 8092BEE0 AC4E001C */  sw      $t6, 0x001C($v0)           ## 0000001C
/* 025D4 8092BEE4 AD0F02B0 */  sw      $t7, 0x02B0($t0)           ## 000002B0
/* 025D8 8092BEE8 92070146 */  lbu     $a3, 0x0146($s0)           ## 00000146
/* 025DC 8092BEEC 8E060164 */  lw      $a2, 0x0164($s0)           ## 00000164
/* 025E0 8092BEF0 8E050148 */  lw      $a1, 0x0148($s0)           ## 00000148
/* 025E4 8092BEF4 3C188093 */  lui     $t8, %hi(func_8092B900)    ## $t8 = 80930000
/* 025E8 8092BEF8 3C198093 */  lui     $t9, %hi(func_8092B93C)    ## $t9 = 80930000
/* 025EC 8092BEFC 2739B93C */  addiu   $t9, $t9, %lo(func_8092B93C) ## $t9 = 8092B93C
/* 025F0 8092BF00 2718B900 */  addiu   $t8, $t8, %lo(func_8092B900) ## $t8 = 8092B900
/* 025F4 8092BF04 AFB80010 */  sw      $t8, 0x0010($sp)           
/* 025F8 8092BF08 AFB90014 */  sw      $t9, 0x0014($sp)           
/* 025FC 8092BF0C 0C04CFCA */  jal     func_80133F28              
/* 02600 8092BF10 AFB00018 */  sw      $s0, 0x0018($sp)           
/* 02604 8092BF14 02002025 */  or      $a0, $s0, $zero            ## $a0 = 00000000
/* 02608 8092BF18 0C24AF1B */  jal     func_8092BC6C              
/* 0260C 8092BF1C 02202825 */  or      $a1, $s1, $zero            ## $a1 = 00000000
/* 02610 8092BF20 9209011C */  lbu     $t1, 0x011C($s0)           ## 0000011C
/* 02614 8092BF24 11200003 */  beq     $t1, $zero, .L8092BF34     
/* 02618 8092BF28 00000000 */  nop
/* 0261C 8092BF2C 0C02B968 */  jal     func_800AE5A0              
/* 02620 8092BF30 02202025 */  or      $a0, $s1, $zero            ## $a0 = 00000000
.L8092BF34:
/* 02624 8092BF34 3C058093 */  lui     $a1, %hi(D_8092C200)       ## $a1 = 80930000
/* 02628 8092BF38 24A5C200 */  addiu   $a1, $a1, %lo(D_8092C200)  ## $a1 = 8092C200
/* 0262C 8092BF3C 2604003C */  addiu   $a0, $s0, 0x003C           ## $a0 = 0000003C
/* 02630 8092BF40 240600FF */  addiu   $a2, $zero, 0x00FF         ## $a2 = 000000FF
/* 02634 8092BF44 0C02F188 */  jal     func_800BC620              
/* 02638 8092BF48 02203825 */  or      $a3, $s1, $zero            ## $a3 = 00000000
/* 0263C 8092BF4C C6040308 */  lwc1    $f4, 0x0308($s0)           ## 00000308
/* 02640 8092BF50 02202025 */  or      $a0, $s1, $zero            ## $a0 = 00000000
/* 02644 8092BF54 02002825 */  or      $a1, $s0, $zero            ## $a1 = 00000000
/* 02648 8092BF58 E7A40010 */  swc1    $f4, 0x0010($sp)           
/* 0264C 8092BF5C C606030C */  lwc1    $f6, 0x030C($s0)           ## 0000030C
/* 02650 8092BF60 26060310 */  addiu   $a2, $s0, 0x0310           ## $a2 = 00000310
/* 02654 8092BF64 2407000D */  addiu   $a3, $zero, 0x000D         ## $a3 = 0000000D
/* 02658 8092BF68 E7A60014 */  swc1    $f6, 0x0014($sp)           
/* 0265C 8092BF6C C6080304 */  lwc1    $f8, 0x0304($s0)           ## 00000304
/* 02660 8092BF70 E7A80018 */  swc1    $f8, 0x0018($sp)           
/* 02664 8092BF74 920A02F5 */  lbu     $t2, 0x02F5($s0)           ## 000002F5
/* 02668 8092BF78 0C02F9A0 */  jal     func_800BE680              
/* 0266C 8092BF7C AFAA001C */  sw      $t2, 0x001C($sp)           
/* 02670 8092BF80 8FBF002C */  lw      $ra, 0x002C($sp)           
/* 02674 8092BF84 8FB00024 */  lw      $s0, 0x0024($sp)           
/* 02678 8092BF88 8FB10028 */  lw      $s1, 0x0028($sp)           
/* 0267C 8092BF8C 03E00008 */  jr      $ra                        
/* 02680 8092BF90 27BD0048 */  addiu   $sp, $sp, 0x0048           ## $sp = 00000000
/* 02684 8092BF94 00000000 */  nop
/* 02688 8092BF98 00000000 */  nop
/* 0268C 8092BF9C 00000000 */  nop

.section .data

D_8092BFA0: .word 0x0600CF08
D_8092BFA4: .word \
0x00000000, 0x0600A5D8, 0x00000000, 0x0600A6D0, \
0x7FFF0000, 0x0600A820, 0x40000000, 0x0600A780, \
0xC0000000, 0x00000000, 0x40000000, 0x00000000, \
0xC0000000
D_8092BFD8: .word \
0x0600D038, 0x0600D050, 0x0600D068, 0x0600D080, \
0x0600D098, 0x0600D098, 0x0600D0B0, 0x0600D0C8, \
0x0600D0C8
D_8092BFFC: .word 0x00840500, 0x00000405, 0x00D80000, 0x00000668
.word func_80929910
.word func_80929A98
.word func_8092B5FC
.word func_8092BE14
D_8092C01C: .word \
0x09000939, 0x20010000, 0x02000000, 0x00000000, \
0x00000000, 0xF7CFFFFF, 0x00000000, 0x00050100, \
0x00190050, 0x00000000, 0x00000000
D_8092C048: .word \
0x02000000, 0x00000000, 0x00000000, 0xF7CFFFFF, \
0x00000000, 0x00010000, 0xC1200000, 0x41600000, \
0x40000000, 0xC1200000, 0xC0C00000, 0x40000000, \
0x41100000, 0x41600000, 0x40000000, 0x02000000, \
0x00000000, 0x00000000, 0xF7CFFFFF, 0x00000000, \
0x00010000, 0xC1200000, 0xC0C00000, 0x40000000, \
0x41100000, 0xC0C00000, 0x40000000, 0x41100000, \
0x41600000, 0x40000000
D_8092C0C0: .word 0x09000D00, 0x20020000, 0x00000002
.word D_8092C048
D_8092C0D0: .word \
0x0A100000, 0x20030000, 0x00000000, 0x20000000, \
0x04400000, 0x00000000, 0x00000000, 0x81000000, \
0x00000000, 0x00000000, 0x00000000, 0x00000000, \
0x00000000, 0x00000000, 0x00000000, 0x00000000, \
0x00000000, 0x00000000, 0x00000000, 0x00000000
D_8092C120: .word \
0xF0F00001, 0xF0F000F0, 0x020103F0, 0xF041F0F0, \
0xF0F0F000, 0x000001F0, 0x01000000, 0x00000001
D_8092C140: .word \
0x00010001, 0x010100F0, 0x02010322, 0x32420100, \
0x01000000, 0x00000101, 0x01000000, 0x00000001
D_8092C160: .word 0x12000019, 0x0050FE00
D_8092C168: .word 0xB0540B64, 0xC858000C, 0x3874FC18
D_8092C174: .word \
0x00000000, 0x00080000, 0xFFFF96C8, 0xFFFFFF40, \
0xFFFF9600, 0xFFFFFF00, 0x08000200, 0x00000000, \
0x00000000
D_8092C198: .word 0x00000000
D_8092C19C: .word 0x00000000, 0x3F000000, 0x00000000
D_8092C1A8: .word \
0xFFFFFFFF, 0xFFFFFFFF, 0xFFFFFFFF, 0x00FFFFFF, \
0xFFFFFFFF, 0xFFFF0305, 0x04060102, 0xFFFF0000
D_8092C1C8: .word 0x44FA0000, 0xC3480000, 0xC5A28000
D_8092C1D4: .word 0x43960000, 0xC3480000, 0x00000000
D_8092C1E0: .word \
0xFFFFFF00, 0x01020304, 0x05FFFFFF, 0x06FFFF07, \
0xFFFF08FF, 0x090AFF0B, 0xFF0CFFFF, 0xFFFF0000
D_8092C200: .word 0x3F07AE14, 0x3F07AE14, 0x3F07AE14, 0x00000000

.section .rodata

D_8092C210: .word 0x3F266666
D_8092C214: .word 0x3F799999
D_8092C218: .word 0x3E99999A
D_8092C21C: .word 0x3E4CCCCD
D_8092C220: .word 0x3F266666
D_8092C224: .word 0x3DCCCCCD
D_8092C228: .word 0x3F666666
D_8092C22C: .word 0x3F99999A
D_8092C230: .word 0x3E20D97C
D_8092C234: .word 0x3FA66666
D_8092C238: .word 0x3EC90FDB
D_8092C23C: .word 0x3FA66666
D_8092C240: .word 0x3F266666
D_8092C244: .word 0x3F266666
D_8092C248: .word 0x3EA66666
D_8092C24C: .word 0x3F266666
D_8092C250: .word 0x3C449BA6, 0x00000000, 0x00000000, 0x00000000


.section .rodata
D_8092C260:
.incbin "baserom/En_Ik", 0x2950, 0x000002D0
