.include "macro.inc"

# assembler directives
.set noat      # allow manual use of $at
.set noreorder # don't insert nops after branches
.set gp=64     # allow use of 64-bit general purpose registers

.section .text
glabel func_809AD8E0
/* 00000 809AD8E0 27BDFC70 */  addiu   $sp, $sp, 0xFC70           ## $sp = FFFFFC70
/* 00004 809AD8E4 AFB10028 */  sw      $s1, 0x0028($sp)           
/* 00008 809AD8E8 AFB00024 */  sw      $s0, 0x0024($sp)           
/* 0000C 809AD8EC 44800000 */  mtc1    $zero, $f0                 ## $f0 = 0.00
/* 00010 809AD8F0 00808025 */  or      $s0, $a0, $zero            ## $s0 = 00000000
/* 00014 809AD8F4 00A08825 */  or      $s1, $a1, $zero            ## $s1 = 00000000
/* 00018 809AD8F8 AFBF002C */  sw      $ra, 0x002C($sp)           
/* 0001C 809AD8FC 240E0017 */  addiu   $t6, $zero, 0x0017         ## $t6 = 00000017
/* 00020 809AD900 240F0005 */  addiu   $t7, $zero, 0x0005         ## $t7 = 00000005
/* 00024 809AD904 24180050 */  addiu   $t8, $zero, 0x0050         ## $t8 = 00000050
/* 00028 809AD908 24190003 */  addiu   $t9, $zero, 0x0003         ## $t9 = 00000003
/* 0002C 809AD90C 44050000 */  mfc1    $a1, $f0                   
/* 00030 809AD910 3C06800B */  lui     $a2, 0x800B                ## $a2 = 800B0000
/* 00034 809AD914 44070000 */  mfc1    $a3, $f0                   
/* 00038 809AD918 A20E011F */  sb      $t6, 0x011F($s0)           ## 0000011F
/* 0003C 809AD91C A20F001F */  sb      $t7, 0x001F($s0)           ## 0000001F
/* 00040 809AD920 A21800B6 */  sb      $t8, 0x00B6($s0)           ## 000000B6
/* 00044 809AD924 A21900B7 */  sb      $t9, 0x00B7($s0)           ## 000000B7
/* 00048 809AD928 24C63FC0 */  addiu   $a2, $a2, 0x3FC0           ## $a2 = 800B3FC0
/* 0004C 809AD92C 0C02CEE9 */  jal     func_800B3BA4              
/* 00050 809AD930 260400BC */  addiu   $a0, $s0, 0x00BC           ## $a0 = 000000BC
/* 00054 809AD934 44802000 */  mtc1    $zero, $f4                 ## $f4 = 0.00
/* 00058 809AD938 3C0B809B */  lui     $t3, %hi(D_809B0F48)       ## $t3 = 809B0000
/* 0005C 809AD93C 256B0F48 */  addiu   $t3, $t3, %lo(D_809B0F48)  ## $t3 = 809B0F48
/* 00060 809AD940 AE0B00A0 */  sw      $t3, 0x00A0($s0)           ## 000000A0
/* 00064 809AD944 E60400CC */  swc1    $f4, 0x00CC($s0)           ## 000000CC
/* 00068 809AD948 3C060601 */  lui     $a2, 0x0601                ## $a2 = 06010000
/* 0006C 809AD94C 3C070601 */  lui     $a3, 0x0601                ## $a3 = 06010000
/* 00070 809AD950 260C0188 */  addiu   $t4, $s0, 0x0188           ## $t4 = 00000188
/* 00074 809AD954 260D0200 */  addiu   $t5, $s0, 0x0200           ## $t5 = 00000200
/* 00078 809AD958 240E0014 */  addiu   $t6, $zero, 0x0014         ## $t6 = 00000014
/* 0007C 809AD95C AFAE0018 */  sw      $t6, 0x0018($sp)           
/* 00080 809AD960 AFAD0014 */  sw      $t5, 0x0014($sp)           
/* 00084 809AD964 AFAC0010 */  sw      $t4, 0x0010($sp)           
/* 00088 809AD968 24E781F4 */  addiu   $a3, $a3, 0x81F4           ## $a3 = 060081F4
/* 0008C 809AD96C 24C6AA00 */  addiu   $a2, $a2, 0xAA00           ## $a2 = 0600AA00
/* 00090 809AD970 02202025 */  or      $a0, $s1, $zero            ## $a0 = 00000000
/* 00094 809AD974 0C04DACC */  jal     func_80136B30              
/* 00098 809AD978 26050144 */  addiu   $a1, $s0, 0x0144           ## $a1 = 00000144
/* 0009C 809AD97C 8E180024 */  lw      $t8, 0x0024($s0)           ## 00000024
/* 000A0 809AD980 8E0F0028 */  lw      $t7, 0x0028($s0)           ## 00000028
/* 000A4 809AD984 3C07809B */  lui     $a3, %hi(D_809B0F88)       ## $a3 = 809B0000
/* 000A8 809AD988 AE18003C */  sw      $t8, 0x003C($s0)           ## 0000003C
/* 000AC 809AD98C 8E18002C */  lw      $t8, 0x002C($s0)           ## 0000002C
/* 000B0 809AD990 24E70F88 */  addiu   $a3, $a3, %lo(D_809B0F88)  ## $a3 = 809B0F88
/* 000B4 809AD994 02202025 */  or      $a0, $s1, $zero            ## $a0 = 00000000
/* 000B8 809AD998 2605035C */  addiu   $a1, $s0, 0x035C           ## $a1 = 0000035C
/* 000BC 809AD99C 02003025 */  or      $a2, $s0, $zero            ## $a2 = 00000000
/* 000C0 809AD9A0 AE0F0040 */  sw      $t7, 0x0040($s0)           ## 00000040
/* 000C4 809AD9A4 0C0384DD */  jal     func_800E1374              
/* 000C8 809AD9A8 AE180044 */  sw      $t8, 0x0044($s0)           ## 00000044
/* 000CC 809AD9AC 3C07809B */  lui     $a3, %hi(D_809B0FB4)       ## $a3 = 809B0000
/* 000D0 809AD9B0 24E70FB4 */  addiu   $a3, $a3, %lo(D_809B0FB4)  ## $a3 = 809B0FB4
/* 000D4 809AD9B4 02202025 */  or      $a0, $s1, $zero            ## $a0 = 00000000
/* 000D8 809AD9B8 260503A8 */  addiu   $a1, $s0, 0x03A8           ## $a1 = 000003A8
/* 000DC 809AD9BC 0C0387E2 */  jal     func_800E1F88              
/* 000E0 809AD9C0 02003025 */  or      $a2, $s0, $zero            ## $a2 = 00000000
/* 000E4 809AD9C4 3C07809B */  lui     $a3, %hi(D_809B0FB4)       ## $a3 = 809B0000
/* 000E8 809AD9C8 24E70FB4 */  addiu   $a3, $a3, %lo(D_809B0FB4)  ## $a3 = 809B0FB4
/* 000EC 809AD9CC 02202025 */  or      $a0, $s1, $zero            ## $a0 = 00000000
/* 000F0 809AD9D0 26050428 */  addiu   $a1, $s0, 0x0428           ## $a1 = 00000428
/* 000F4 809AD9D4 0C0387E2 */  jal     func_800E1F88              
/* 000F8 809AD9D8 02003025 */  or      $a2, $s0, $zero            ## $a2 = 00000000
/* 000FC 809AD9DC 240200FF */  addiu   $v0, $zero, 0x00FF         ## $v0 = 000000FF
/* 00100 809AD9E0 24090040 */  addiu   $t1, $zero, 0x0040         ## $t1 = 00000040
/* 00104 809AD9E4 24190008 */  addiu   $t9, $zero, 0x0008         ## $t9 = 00000008
/* 00108 809AD9E8 240B0008 */  addiu   $t3, $zero, 0x0008         ## $t3 = 00000008
/* 0010C 809AD9EC 240C0002 */  addiu   $t4, $zero, 0x0002         ## $t4 = 00000002
/* 00110 809AD9F0 240D0002 */  addiu   $t5, $zero, 0x0002         ## $t5 = 00000002
/* 00114 809AD9F4 27AE01EC */  addiu   $t6, $sp, 0x01EC           ## $t6 = FFFFFE5C
/* 00118 809AD9F8 A3A2037E */  sb      $v0, 0x037E($sp)           
/* 0011C 809AD9FC A3A201DD */  sb      $v0, 0x01DD($sp)           
/* 00120 809ADA00 A3A2037D */  sb      $v0, 0x037D($sp)           
/* 00124 809ADA04 A3A201DC */  sb      $v0, 0x01DC($sp)           
/* 00128 809ADA08 A3A2037C */  sb      $v0, 0x037C($sp)           
/* 0012C 809ADA0C A3A201DA */  sb      $v0, 0x01DA($sp)           
/* 00130 809ADA10 A3A2037A */  sb      $v0, 0x037A($sp)           
/* 00134 809ADA14 A3A201D9 */  sb      $v0, 0x01D9($sp)           
/* 00138 809ADA18 A3A20379 */  sb      $v0, 0x0379($sp)           
/* 0013C 809ADA1C A3A201D8 */  sb      $v0, 0x01D8($sp)           
/* 00140 809ADA20 A3A20378 */  sb      $v0, 0x0378($sp)           
/* 00144 809ADA24 A3A201D6 */  sb      $v0, 0x01D6($sp)           
/* 00148 809ADA28 A3A20376 */  sb      $v0, 0x0376($sp)           
/* 0014C 809ADA2C A3A201D5 */  sb      $v0, 0x01D5($sp)           
/* 00150 809ADA30 A3A20375 */  sb      $v0, 0x0375($sp)           
/* 00154 809ADA34 A3A201D4 */  sb      $v0, 0x01D4($sp)           
/* 00158 809ADA38 A3A20374 */  sb      $v0, 0x0374($sp)           
/* 0015C 809ADA3C A3A201D3 */  sb      $v0, 0x01D3($sp)           
/* 00160 809ADA40 A3A20373 */  sb      $v0, 0x0373($sp)           
/* 00164 809ADA44 A3A201D2 */  sb      $v0, 0x01D2($sp)           
/* 00168 809ADA48 A3A20372 */  sb      $v0, 0x0372($sp)           
/* 0016C 809ADA4C A3A201D1 */  sb      $v0, 0x01D1($sp)           
/* 00170 809ADA50 A3A20371 */  sb      $v0, 0x0371($sp)           
/* 00174 809ADA54 A3A201D0 */  sb      $v0, 0x01D0($sp)           
/* 00178 809ADA58 A3A20370 */  sb      $v0, 0x0370($sp)           
/* 0017C 809ADA5C A3A901D7 */  sb      $t1, 0x01D7($sp)           
/* 00180 809ADA60 A3A0037F */  sb      $zero, 0x037F($sp)         
/* 00184 809ADA64 A3A001DB */  sb      $zero, 0x01DB($sp)         
/* 00188 809ADA68 A3A0037B */  sb      $zero, 0x037B($sp)         
/* 0018C 809ADA6C AFAB0380 */  sw      $t3, 0x0380($sp)           
/* 00190 809ADA70 AFB901E0 */  sw      $t9, 0x01E0($sp)           
/* 00194 809ADA74 AFA001E4 */  sw      $zero, 0x01E4($sp)         
/* 00198 809ADA78 AFA00384 */  sw      $zero, 0x0384($sp)         
/* 0019C 809ADA7C AFAD0388 */  sw      $t5, 0x0388($sp)           
/* 001A0 809ADA80 AFAC01E8 */  sw      $t4, 0x01E8($sp)           
/* 001A4 809ADA84 AFAE0014 */  sw      $t6, 0x0014($sp)           
/* 001A8 809ADA88 A3A90377 */  sb      $t1, 0x0377($sp)           
/* 001AC 809ADA8C A3A201DE */  sb      $v0, 0x01DE($sp)           
/* 001B0 809ADA90 02202025 */  or      $a0, $s1, $zero            ## $a0 = 00000000
/* 001B4 809ADA94 260504A8 */  addiu   $a1, $s0, 0x04A8           ## $a1 = 000004A8
/* 001B8 809ADA98 24060001 */  addiu   $a2, $zero, 0x0001         ## $a2 = 00000001
/* 001BC 809ADA9C 00003825 */  or      $a3, $zero, $zero          ## $a3 = 00000000
/* 001C0 809ADAA0 AFA00010 */  sw      $zero, 0x0010($sp)         
/* 001C4 809ADAA4 0C02BE58 */  jal     func_800AF960              
/* 001C8 809ADAA8 A3A001DF */  sb      $zero, 0x01DF($sp)         
/* 001CC 809ADAAC 27AF004C */  addiu   $t7, $sp, 0x004C           ## $t7 = FFFFFCBC
/* 001D0 809ADAB0 AFAF0014 */  sw      $t7, 0x0014($sp)           
/* 001D4 809ADAB4 02202025 */  or      $a0, $s1, $zero            ## $a0 = 00000000
/* 001D8 809ADAB8 260504AC */  addiu   $a1, $s0, 0x04AC           ## $a1 = 000004AC
/* 001DC 809ADABC 24060001 */  addiu   $a2, $zero, 0x0001         ## $a2 = 00000001
/* 001E0 809ADAC0 00003825 */  or      $a3, $zero, $zero          ## $a3 = 00000000
/* 001E4 809ADAC4 0C02BE58 */  jal     func_800AF960              
/* 001E8 809ADAC8 AFA00010 */  sw      $zero, 0x0010($sp)         
/* 001EC 809ADACC 3C01C040 */  lui     $at, 0xC040                ## $at = C0400000
/* 001F0 809ADAD0 44813000 */  mtc1    $at, $f6                   ## $f6 = -3.00
/* 001F4 809ADAD4 860B001C */  lh      $t3, 0x001C($s0)           ## 0000001C
/* 001F8 809ADAD8 3C01809B */  lui     $at, %hi(D_809B1110)       ## $at = 809B0000
/* 001FC 809ADADC E6060074 */  swc1    $f6, 0x0074($s0)           ## 00000074
/* 00200 809ADAE0 C4281110 */  lwc1    $f8, %lo(D_809B1110)($at)  
/* 00204 809ADAE4 A60B034A */  sh      $t3, 0x034A($s0)           ## 0000034A
/* 00208 809ADAE8 8E180004 */  lw      $t8, 0x0004($s0)           ## 00000004
/* 0020C 809ADAEC 860C034A */  lh      $t4, 0x034A($s0)           ## 0000034A
/* 00210 809ADAF0 3C010800 */  lui     $at, 0x0800                ## $at = 08000000
/* 00214 809ADAF4 0301C825 */  or      $t9, $t8, $at              ## $t9 = 08000000
/* 00218 809ADAF8 318D0003 */  andi    $t5, $t4, 0x0003           ## $t5 = 00000000
/* 0021C 809ADAFC AE190004 */  sw      $t9, 0x0004($s0)           ## 00000004
/* 00220 809ADB00 A60D0514 */  sh      $t5, 0x0514($s0)           ## 00000514
/* 00224 809ADB04 02002025 */  or      $a0, $s0, $zero            ## $a0 = 00000000
/* 00228 809ADB08 0C26B71F */  jal     func_809ADC7C              
/* 0022C 809ADB0C E6080354 */  swc1    $f8, 0x0354($s0)           ## 00000354
/* 00230 809ADB10 8FBF002C */  lw      $ra, 0x002C($sp)           
/* 00234 809ADB14 8FB00024 */  lw      $s0, 0x0024($sp)           
/* 00238 809ADB18 8FB10028 */  lw      $s1, 0x0028($sp)           
/* 0023C 809ADB1C 03E00008 */  jr      $ra                        
/* 00240 809ADB20 27BD0390 */  addiu   $sp, $sp, 0x0390           ## $sp = 00000000


glabel func_809ADB24
/* 00244 809ADB24 27BDFFE0 */  addiu   $sp, $sp, 0xFFE0           ## $sp = FFFFFFE0
/* 00248 809ADB28 AFB10018 */  sw      $s1, 0x0018($sp)           
/* 0024C 809ADB2C AFB00014 */  sw      $s0, 0x0014($sp)           
/* 00250 809ADB30 00808025 */  or      $s0, $a0, $zero            ## $s0 = 00000000
/* 00254 809ADB34 00A08825 */  or      $s1, $a1, $zero            ## $s1 = 00000000
/* 00258 809ADB38 AFBF001C */  sw      $ra, 0x001C($sp)           
/* 0025C 809ADB3C 02202025 */  or      $a0, $s1, $zero            ## $a0 = 00000000
/* 00260 809ADB40 0C03847B */  jal     func_800E11EC              
/* 00264 809ADB44 2605035C */  addiu   $a1, $s0, 0x035C           ## $a1 = 0000035C
/* 00268 809ADB48 02202025 */  or      $a0, $s1, $zero            ## $a0 = 00000000
/* 0026C 809ADB4C 0C03879A */  jal     func_800E1E68              
/* 00270 809ADB50 260503A8 */  addiu   $a1, $s0, 0x03A8           ## $a1 = 000003A8
/* 00274 809ADB54 02202025 */  or      $a0, $s1, $zero            ## $a0 = 00000000
/* 00278 809ADB58 0C03879A */  jal     func_800E1E68              
/* 0027C 809ADB5C 26050428 */  addiu   $a1, $s0, 0x0428           ## $a1 = 00000428
/* 00280 809ADB60 8E030120 */  lw      $v1, 0x0120($s0)           ## 00000120
/* 00284 809ADB64 02202025 */  or      $a0, $s1, $zero            ## $a0 = 00000000
/* 00288 809ADB68 1060000D */  beq     $v1, $zero, .L809ADBA0     
/* 0028C 809ADB6C 00000000 */  nop
/* 00290 809ADB70 8C6E0138 */  lw      $t6, 0x0138($v1)           ## 00000138
/* 00294 809ADB74 11C0000A */  beq     $t6, $zero, .L809ADBA0     
/* 00298 809ADB78 00000000 */  nop
/* 0029C 809ADB7C 8C6F0138 */  lw      $t7, 0x0138($v1)           ## 00000138
/* 002A0 809ADB80 00601025 */  or      $v0, $v1, $zero            ## $v0 = 00000000
/* 002A4 809ADB84 11E00006 */  beq     $t7, $zero, .L809ADBA0     
/* 002A8 809ADB88 00000000 */  nop
/* 002AC 809ADB8C AC60017C */  sw      $zero, 0x017C($v1)         ## 0000017C
/* 002B0 809ADB90 8463014E */  lh      $v1, 0x014E($v1)           ## 0000014E
/* 002B4 809ADB94 18600002 */  blez    $v1, .L809ADBA0            
/* 002B8 809ADB98 2478FFFF */  addiu   $t8, $v1, 0xFFFF           ## $t8 = FFFFFFFF
/* 002BC 809ADB9C A458014E */  sh      $t8, 0x014E($v0)           ## 0000014E
.L809ADBA0:
/* 002C0 809ADBA0 0C02BF73 */  jal     func_800AFDCC              
/* 002C4 809ADBA4 8E0504A8 */  lw      $a1, 0x04A8($s0)           ## 000004A8
/* 002C8 809ADBA8 02202025 */  or      $a0, $s1, $zero            ## $a0 = 00000000
/* 002CC 809ADBAC 0C02BF73 */  jal     func_800AFDCC              
/* 002D0 809ADBB0 8E0504AC */  lw      $a1, 0x04AC($s0)           ## 000004AC
/* 002D4 809ADBB4 8FBF001C */  lw      $ra, 0x001C($sp)           
/* 002D8 809ADBB8 8FB00014 */  lw      $s0, 0x0014($sp)           
/* 002DC 809ADBBC 8FB10018 */  lw      $s1, 0x0018($sp)           
/* 002E0 809ADBC0 03E00008 */  jr      $ra                        
/* 002E4 809ADBC4 27BD0020 */  addiu   $sp, $sp, 0x0020           ## $sp = 00000000


glabel func_809ADBC8
/* 002E8 809ADBC8 27BDFFD0 */  addiu   $sp, $sp, 0xFFD0           ## $sp = FFFFFFD0
/* 002EC 809ADBCC AFBF0024 */  sw      $ra, 0x0024($sp)           
/* 002F0 809ADBD0 AFA40030 */  sw      $a0, 0x0030($sp)           
/* 002F4 809ADBD4 AFA50034 */  sw      $a1, 0x0034($sp)           
/* 002F8 809ADBD8 8FAE0034 */  lw      $t6, 0x0034($sp)           
/* 002FC 809ADBDC 3C01C080 */  lui     $at, 0xC080                ## $at = C0800000
/* 00300 809ADBE0 3C18809B */  lui     $t8, %hi(D_809B100C)       ## $t8 = 809B0000
/* 00304 809ADBE4 44810000 */  mtc1    $at, $f0                   ## $f0 = -4.00
/* 00308 809ADBE8 2718100C */  addiu   $t8, $t8, %lo(D_809B100C)  ## $t8 = 809B100C
/* 0030C 809ADBEC 000E7880 */  sll     $t7, $t6,  2               
/* 00310 809ADBF0 01F81821 */  addu    $v1, $t7, $t8              
/* 00314 809ADBF4 8C640000 */  lw      $a0, 0x0000($v1)           ## 00000000
/* 00318 809ADBF8 AFA30028 */  sw      $v1, 0x0028($sp)           
/* 0031C 809ADBFC 0C04D1D2 */  jal     func_80134748              
/* 00320 809ADC00 E7A0002C */  swc1    $f0, 0x002C($sp)           
/* 00324 809ADC04 44822000 */  mtc1    $v0, $f4                   ## $f4 = 0.00
/* 00328 809ADC08 8FA80034 */  lw      $t0, 0x0034($sp)           
/* 0032C 809ADC0C 8FA90030 */  lw      $t1, 0x0030($sp)           
/* 00330 809ADC10 468021A0 */  cvt.s.w $f6, $f4                   
/* 00334 809ADC14 8FA30028 */  lw      $v1, 0x0028($sp)           
/* 00338 809ADC18 C7A0002C */  lwc1    $f0, 0x002C($sp)           
/* 0033C 809ADC1C 24010003 */  addiu   $at, $zero, 0x0003         ## $at = 00000003
/* 00340 809ADC20 25240144 */  addiu   $a0, $t1, 0x0144           ## $a0 = 00000144
/* 00344 809ADC24 11010004 */  beq     $t0, $at, .L809ADC38       
/* 00348 809ADC28 E5260350 */  swc1    $f6, 0x0350($t1)           ## 00000350
/* 0034C 809ADC2C 24010009 */  addiu   $at, $zero, 0x0009         ## $at = 00000009
/* 00350 809ADC30 15010003 */  bne     $t0, $at, .L809ADC40       
/* 00354 809ADC34 00000000 */  nop
.L809ADC38:
/* 00358 809ADC38 44800000 */  mtc1    $zero, $f0                 ## $f0 = 0.00
/* 0035C 809ADC3C 00000000 */  nop
.L809ADC40:
/* 00360 809ADC40 3C19809B */  lui     $t9, %hi(D_809B103C)       ## $t9 = 809B0000
/* 00364 809ADC44 0328C821 */  addu    $t9, $t9, $t0              
/* 00368 809ADC48 9339103C */  lbu     $t9, %lo(D_809B103C)($t9)  
/* 0036C 809ADC4C C5280350 */  lwc1    $f8, 0x0350($t1)           ## 00000350
/* 00370 809ADC50 E7A00018 */  swc1    $f0, 0x0018($sp)           
/* 00374 809ADC54 8C650000 */  lw      $a1, 0x0000($v1)           ## 00000000
/* 00378 809ADC58 3C063F80 */  lui     $a2, 0x3F80                ## $a2 = 3F800000
/* 0037C 809ADC5C 24070000 */  addiu   $a3, $zero, 0x0000         ## $a3 = 00000000
/* 00380 809ADC60 AFB90014 */  sw      $t9, 0x0014($sp)           
/* 00384 809ADC64 0C04DCFA */  jal     func_801373E8              
/* 00388 809ADC68 E7A80010 */  swc1    $f8, 0x0010($sp)           
/* 0038C 809ADC6C 8FBF0024 */  lw      $ra, 0x0024($sp)           
/* 00390 809ADC70 27BD0030 */  addiu   $sp, $sp, 0x0030           ## $sp = 00000000
/* 00394 809ADC74 03E00008 */  jr      $ra                        
/* 00398 809ADC78 00000000 */  nop


glabel func_809ADC7C
/* 0039C 809ADC7C 8C820120 */  lw      $v0, 0x0120($a0)           ## 00000120
/* 003A0 809ADC80 8C980004 */  lw      $t8, 0x0004($a0)           ## 00000004
/* 003A4 809ADC84 3C010010 */  lui     $at, 0x0010                ## $at = 00100000
/* 003A8 809ADC88 844E015A */  lh      $t6, 0x015A($v0)           ## 0000015A
/* 003AC 809ADC8C 3C08809B */  lui     $t0, %hi(func_809ADCB8)    ## $t0 = 809B0000
/* 003B0 809ADC90 240F0005 */  addiu   $t7, $zero, 0x0005         ## $t7 = 00000005
/* 003B4 809ADC94 2508DCB8 */  addiu   $t0, $t0, %lo(func_809ADCB8) ## $t0 = 809ADCB8
/* 003B8 809ADC98 0301C825 */  or      $t9, $t8, $at              ## $t9 = 00100000
/* 003BC 809ADC9C A08F034D */  sb      $t7, 0x034D($a0)           ## 0000034D
/* 003C0 809ADCA0 A480027C */  sh      $zero, 0x027C($a0)         ## 0000027C
/* 003C4 809ADCA4 AC990004 */  sw      $t9, 0x0004($a0)           ## 00000004
/* 003C8 809ADCA8 AC880278 */  sw      $t0, 0x0278($a0)           ## 00000278
/* 003CC 809ADCAC A48E04B8 */  sh      $t6, 0x04B8($a0)           ## 000004B8
/* 003D0 809ADCB0 03E00008 */  jr      $ra                        
/* 003D4 809ADCB4 00000000 */  nop


glabel func_809ADCB8
/* 003D8 809ADCB8 27BDFF98 */  addiu   $sp, $sp, 0xFF98           ## $sp = FFFFFF98
/* 003DC 809ADCBC AFB00030 */  sw      $s0, 0x0030($sp)           
/* 003E0 809ADCC0 00808025 */  or      $s0, $a0, $zero            ## $s0 = 00000000
/* 003E4 809ADCC4 AFBF0034 */  sw      $ra, 0x0034($sp)           
/* 003E8 809ADCC8 AFA5006C */  sw      $a1, 0x006C($sp)           
/* 003EC 809ADCCC 960F04C0 */  lhu     $t7, 0x04C0($s0)           ## 000004C0
/* 003F0 809ADCD0 8FAE006C */  lw      $t6, 0x006C($sp)           
/* 003F4 809ADCD4 C602015C */  lwc1    $f2, 0x015C($s0)           ## 0000015C
/* 003F8 809ADCD8 2DE10006 */  sltiu   $at, $t7, 0x0006           
/* 003FC 809ADCDC 10200256 */  beq     $at, $zero, .L809AE638     
/* 00400 809ADCE0 8DC31CCC */  lw      $v1, 0x1CCC($t6)           ## 00001CCC
/* 00404 809ADCE4 000F7880 */  sll     $t7, $t7,  2               
/* 00408 809ADCE8 3C01809B */  lui     $at, %hi(D_809B1114)       ## $at = 809B0000
/* 0040C 809ADCEC 002F0821 */  addu    $at, $at, $t7              
/* 00410 809ADCF0 8C2F1114 */  lw      $t7, %lo(D_809B1114)($at)  
/* 00414 809ADCF4 01E00008 */  jr      $t7                        
/* 00418 809ADCF8 00000000 */  nop
.L809ADCFC:
/* 0041C 809ADCFC 860404B8 */  lh      $a0, 0x04B8($s0)           ## 000004B8
/* 00420 809ADD00 0C03C6F9 */  jal     func_800F1BE4              
/* 00424 809ADD04 AFA30064 */  sw      $v1, 0x0064($sp)           
/* 00428 809ADD08 14400005 */  bne     $v0, $zero, .L809ADD20     
/* 0042C 809ADD0C 8FA30064 */  lw      $v1, 0x0064($sp)           
/* 00430 809ADD10 0C03C6E9 */  jal     func_800F1BA4              
/* 00434 809ADD14 860404B8 */  lh      $a0, 0x04B8($s0)           ## 000004B8
/* 00438 809ADD18 1000028A */  beq     $zero, $zero, .L809AE744   
/* 0043C 809ADD1C 8FBF0034 */  lw      $ra, 0x0034($sp)           
.L809ADD20:
/* 00440 809ADD20 860404B8 */  lh      $a0, 0x04B8($s0)           ## 000004B8
/* 00444 809ADD24 AFA30064 */  sw      $v1, 0x0064($sp)           
/* 00448 809ADD28 0C03C71A */  jal     func_800F1C68              
/* 0044C 809ADD2C 02002825 */  or      $a1, $s0, $zero            ## $a1 = 00000000
/* 00450 809ADD30 8FA4006C */  lw      $a0, 0x006C($sp)           
/* 00454 809ADD34 02002825 */  or      $a1, $s0, $zero            ## $a1 = 00000000
/* 00458 809ADD38 0C02DCA6 */  jal     func_800B7298              
/* 0045C 809ADD3C 24060015 */  addiu   $a2, $zero, 0x0015         ## $a2 = 00000015
/* 00460 809ADD40 0C03C86E */  jal     func_800F21B8              
/* 00464 809ADD44 82040038 */  lb      $a0, 0x0038($s0)           ## 00000038
/* 00468 809ADD48 3C0141F0 */  lui     $at, 0x41F0                ## $at = 41F00000
/* 0046C 809ADD4C 44810000 */  mtc1    $at, $f0                   ## $f0 = 30.00
/* 00470 809ADD50 C6040008 */  lwc1    $f4, 0x0008($s0)           ## 00000008
/* 00474 809ADD54 8FA30064 */  lw      $v1, 0x0064($sp)           
/* 00478 809ADD58 A60204C2 */  sh      $v0, 0x04C2($s0)           ## 000004C2
/* 0047C 809ADD5C 46002180 */  add.s   $f6, $f4, $f0              
/* 00480 809ADD60 2401FFFE */  addiu   $at, $zero, 0xFFFE         ## $at = FFFFFFFE
/* 00484 809ADD64 26050024 */  addiu   $a1, $s0, 0x0024           ## $a1 = 00000024
/* 00488 809ADD68 24640024 */  addiu   $a0, $v1, 0x0024           ## $a0 = 00000024
/* 0048C 809ADD6C E4660024 */  swc1    $f6, 0x0024($v1)           ## 00000024
/* 00490 809ADD70 C6080010 */  lwc1    $f8, 0x0010($s0)           ## 00000010
/* 00494 809ADD74 46004280 */  add.s   $f10, $f8, $f0             
/* 00498 809ADD78 E46A002C */  swc1    $f10, 0x002C($v1)          ## 0000002C
/* 0049C 809ADD7C 8E180004 */  lw      $t8, 0x0004($s0)           ## 00000004
/* 004A0 809ADD80 0301C824 */  and     $t9, $t8, $at              
/* 004A4 809ADD84 AE190004 */  sw      $t9, 0x0004($s0)           ## 00000004
/* 004A8 809ADD88 C4700024 */  lwc1    $f16, 0x0024($v1)          ## 00000024
/* 004AC 809ADD8C E61004EC */  swc1    $f16, 0x04EC($s0)          ## 000004EC
/* 004B0 809ADD90 C4720028 */  lwc1    $f18, 0x0028($v1)          ## 00000028
/* 004B4 809ADD94 E61204F0 */  swc1    $f18, 0x04F0($s0)          ## 000004F0
/* 004B8 809ADD98 C464002C */  lwc1    $f4, 0x002C($v1)           ## 0000002C
/* 004BC 809ADD9C E60404F4 */  swc1    $f4, 0x04F4($s0)           ## 000004F4
/* 004C0 809ADDA0 C4660024 */  lwc1    $f6, 0x0024($v1)           ## 00000024
/* 004C4 809ADDA4 E60604F8 */  swc1    $f6, 0x04F8($s0)           ## 000004F8
/* 004C8 809ADDA8 C4680028 */  lwc1    $f8, 0x0028($v1)           ## 00000028
/* 004CC 809ADDAC E60804FC */  swc1    $f8, 0x04FC($s0)           ## 000004FC
/* 004D0 809ADDB0 C46A002C */  lwc1    $f10, 0x002C($v1)          ## 0000002C
/* 004D4 809ADDB4 E60A0500 */  swc1    $f10, 0x0500($s0)          ## 00000500
/* 004D8 809ADDB8 AFA50044 */  sw      $a1, 0x0044($sp)           
/* 004DC 809ADDBC 0C03FE98 */  jal     func_800FFA60              
/* 004E0 809ADDC0 AFA30064 */  sw      $v1, 0x0064($sp)           
/* 004E4 809ADDC4 8FA30064 */  lw      $v1, 0x0064($sp)           
/* 004E8 809ADDC8 260404C8 */  addiu   $a0, $s0, 0x04C8           ## $a0 = 000004C8
/* 004EC 809ADDCC 260504EC */  addiu   $a1, $s0, 0x04EC           ## $a1 = 000004EC
/* 004F0 809ADDD0 A4620032 */  sh      $v0, 0x0032($v1)           ## 00000032
/* 004F4 809ADDD4 0C03FD43 */  jal     func_800FF50C              
/* 004F8 809ADDD8 A46200BE */  sh      $v0, 0x00BE($v1)           ## 000000BE
/* 004FC 809ADDDC 260404D4 */  addiu   $a0, $s0, 0x04D4           ## $a0 = 000004D4
/* 00500 809ADDE0 0C03FD43 */  jal     func_800FF50C              
/* 00504 809ADDE4 260504F8 */  addiu   $a1, $s0, 0x04F8           ## $a1 = 000004F8
/* 00508 809ADDE8 02002025 */  or      $a0, $s0, $zero            ## $a0 = 00000000
/* 0050C 809ADDEC 0C26B6F2 */  jal     func_809ADBC8              
/* 00510 809ADDF0 24050001 */  addiu   $a1, $zero, 0x0001         ## $a1 = 00000001
/* 00514 809ADDF4 3C08809B */  lui     $t0, %hi(func_809B0BB0)    ## $t0 = 809B0000
/* 00518 809ADDF8 25080BB0 */  addiu   $t0, $t0, %lo(func_809B0BB0) ## $t0 = 809B0BB0
/* 0051C 809ADDFC AE08013C */  sw      $t0, 0x013C($s0)           ## 0000013C
/* 00520 809ADE00 02002025 */  or      $a0, $s0, $zero            ## $a0 = 00000000
/* 00524 809ADE04 0C02E3B2 */  jal     func_800B8EC8              
/* 00528 809ADE08 24053812 */  addiu   $a1, $zero, 0x3812         ## $a1 = 00003812
/* 0052C 809ADE0C 86020514 */  lh      $v0, 0x0514($s0)           ## 00000514
/* 00530 809ADE10 3C01809B */  lui     $at, %hi(D_809B112C)       ## $at = 809B0000
/* 00534 809ADE14 C430112C */  lwc1    $f16, %lo(D_809B112C)($at) 
/* 00538 809ADE18 3C01C396 */  lui     $at, 0xC396                ## $at = C3960000
/* 0053C 809ADE1C 1040000B */  beq     $v0, $zero, .L809ADE4C     
/* 00540 809ADE20 E61000C4 */  swc1    $f16, 0x00C4($s0)          ## 000000C4
/* 00544 809ADE24 24010001 */  addiu   $at, $zero, 0x0001         ## $at = 00000001
/* 00548 809ADE28 1041000B */  beq     $v0, $at, .L809ADE58       
/* 0054C 809ADE2C 02002025 */  or      $a0, $s0, $zero            ## $a0 = 00000000
/* 00550 809ADE30 24010002 */  addiu   $at, $zero, 0x0002         ## $at = 00000002
/* 00554 809ADE34 1041001E */  beq     $v0, $at, .L809ADEB0       
/* 00558 809ADE38 24010003 */  addiu   $at, $zero, 0x0003         ## $at = 00000003
/* 0055C 809ADE3C 50410026 */  beql    $v0, $at, .L809ADED8       
/* 00560 809ADE40 44808000 */  mtc1    $zero, $f16                ## $f16 = 0.00
/* 00564 809ADE44 10000027 */  beq     $zero, $zero, .L809ADEE4   
/* 00568 809ADE48 860D04C0 */  lh      $t5, 0x04C0($s0)           ## 000004C0
.L809ADE4C:
/* 0056C 809ADE4C 44819000 */  mtc1    $at, $f18                  ## $f18 = 0.00
/* 00570 809ADE50 10000023 */  beq     $zero, $zero, .L809ADEE0   
/* 00574 809ADE54 E61200C4 */  swc1    $f18, 0x00C4($s0)          ## 000000C4
.L809ADE58:
/* 00578 809ADE58 0C26B6F2 */  jal     func_809ADBC8              
/* 0057C 809ADE5C 00002825 */  or      $a1, $zero, $zero          ## $a1 = 00000000
/* 00580 809ADE60 8E0700CC */  lw      $a3, 0x00CC($s0)           ## 000000CC
/* 00584 809ADE64 3C014100 */  lui     $at, 0x4100                ## $at = 41000000
/* 00588 809ADE68 44812000 */  mtc1    $at, $f4                   ## $f4 = 8.00
/* 0058C 809ADE6C 24090001 */  addiu   $t1, $zero, 0x0001         ## $t1 = 00000001
/* 00590 809ADE70 240A01F4 */  addiu   $t2, $zero, 0x01F4         ## $t2 = 000001F4
/* 00594 809ADE74 240B000A */  addiu   $t3, $zero, 0x000A         ## $t3 = 0000000A
/* 00598 809ADE78 240C0001 */  addiu   $t4, $zero, 0x0001         ## $t4 = 00000001
/* 0059C 809ADE7C AFAC0020 */  sw      $t4, 0x0020($sp)           
/* 005A0 809ADE80 AFAB001C */  sw      $t3, 0x001C($sp)           
/* 005A4 809ADE84 AFAA0018 */  sw      $t2, 0x0018($sp)           
/* 005A8 809ADE88 AFA90010 */  sw      $t1, 0x0010($sp)           
/* 005AC 809ADE8C 8FA4006C */  lw      $a0, 0x006C($sp)           
/* 005B0 809ADE90 02002825 */  or      $a1, $s0, $zero            ## $a1 = 00000000
/* 005B4 809ADE94 8FA60044 */  lw      $a2, 0x0044($sp)           
/* 005B8 809ADE98 0C02EF6B */  jal     func_800BBDAC              
/* 005BC 809ADE9C E7A40014 */  swc1    $f4, 0x0014($sp)           
/* 005C0 809ADEA0 86020092 */  lh      $v0, 0x0092($s0)           ## 00000092
/* 005C4 809ADEA4 A6020032 */  sh      $v0, 0x0032($s0)           ## 00000032
/* 005C8 809ADEA8 1000000D */  beq     $zero, $zero, .L809ADEE0   
/* 005CC 809ADEAC A60200BE */  sh      $v0, 0x00BE($s0)           ## 000000BE
.L809ADEB0:
/* 005D0 809ADEB0 3C014348 */  lui     $at, 0x4348                ## $at = 43480000
/* 005D4 809ADEB4 44814000 */  mtc1    $at, $f8                   ## $f8 = 200.00
/* 005D8 809ADEB8 C606000C */  lwc1    $f6, 0x000C($s0)           ## 0000000C
/* 005DC 809ADEBC 86020092 */  lh      $v0, 0x0092($s0)           ## 00000092
/* 005E0 809ADEC0 46083280 */  add.s   $f10, $f6, $f8             
/* 005E4 809ADEC4 A6020032 */  sh      $v0, 0x0032($s0)           ## 00000032
/* 005E8 809ADEC8 A60200BE */  sh      $v0, 0x00BE($s0)           ## 000000BE
/* 005EC 809ADECC 10000004 */  beq     $zero, $zero, .L809ADEE0   
/* 005F0 809ADED0 E60A0028 */  swc1    $f10, 0x0028($s0)          ## 00000028
/* 005F4 809ADED4 44808000 */  mtc1    $zero, $f16                ## $f16 = 0.00
.L809ADED8:
/* 005F8 809ADED8 00000000 */  nop
/* 005FC 809ADEDC E6100354 */  swc1    $f16, 0x0354($s0)          ## 00000354
.L809ADEE0:
/* 00600 809ADEE0 860D04C0 */  lh      $t5, 0x04C0($s0)           ## 000004C0
.L809ADEE4:
/* 00604 809ADEE4 AE0004BC */  sw      $zero, 0x04BC($s0)         ## 000004BC
/* 00608 809ADEE8 25AE0001 */  addiu   $t6, $t5, 0x0001           ## $t6 = 00000001
/* 0060C 809ADEEC 100001D2 */  beq     $zero, $zero, .L809AE638   
/* 00610 809ADEF0 A60E04C0 */  sh      $t6, 0x04C0($s0)           ## 000004C0
.L809ADEF4:
/* 00614 809ADEF4 3C0141F0 */  lui     $at, 0x41F0                ## $at = 41F00000
/* 00618 809ADEF8 44810000 */  mtc1    $at, $f0                   ## $f0 = 30.00
/* 0061C 809ADEFC C6120008 */  lwc1    $f18, 0x0008($s0)          ## 00000008
/* 00620 809ADF00 3C0142B4 */  lui     $at, 0x42B4                ## $at = 42B40000
/* 00624 809ADF04 44814000 */  mtc1    $at, $f8                   ## $f8 = 90.00
/* 00628 809ADF08 46009100 */  add.s   $f4, $f18, $f0             
/* 0062C 809ADF0C 3C01432A */  lui     $at, 0x432A                ## $at = 432A0000
/* 00630 809ADF10 44819000 */  mtc1    $at, $f18                  ## $f18 = 170.00
/* 00634 809ADF14 3C0142A0 */  lui     $at, 0x42A0                ## $at = 42A00000
/* 00638 809ADF18 E4640024 */  swc1    $f4, 0x0024($v1)           ## 00000024
/* 0063C 809ADF1C C6060010 */  lwc1    $f6, 0x0010($s0)           ## 00000010
/* 00640 809ADF20 C4700024 */  lwc1    $f16, 0x0024($v1)          ## 00000024
/* 00644 809ADF24 3C063ECC */  lui     $a2, 0x3ECC                ## $a2 = 3ECC0000
/* 00648 809ADF28 46083280 */  add.s   $f10, $f6, $f8             
/* 0064C 809ADF2C 34C6CCCD */  ori     $a2, $a2, 0xCCCD           ## $a2 = 3ECCCCCD
/* 00650 809ADF30 260400CC */  addiu   $a0, $s0, 0x00CC           ## $a0 = 000000CC
/* 00654 809ADF34 46128101 */  sub.s   $f4, $f16, $f18            
/* 00658 809ADF38 E46A002C */  swc1    $f10, 0x002C($v1)          ## 0000002C
/* 0065C 809ADF3C 44818000 */  mtc1    $at, $f16                  ## $f16 = 80.00
/* 00660 809ADF40 3C014348 */  lui     $at, 0x4348                ## $at = 43480000
/* 00664 809ADF44 E60404EC */  swc1    $f4, 0x04EC($s0)           ## 000004EC
/* 00668 809ADF48 C4660028 */  lwc1    $f6, 0x0028($v1)           ## 00000028
/* 0066C 809ADF4C 3C054180 */  lui     $a1, 0x4180                ## $a1 = 41800000
/* 00670 809ADF50 3C074080 */  lui     $a3, 0x4080                ## $a3 = 40800000
/* 00674 809ADF54 46003200 */  add.s   $f8, $f6, $f0              
/* 00678 809ADF58 44813000 */  mtc1    $at, $f6                   ## $f6 = 200.00
/* 0067C 809ADF5C 3C014120 */  lui     $at, 0x4120                ## $at = 41200000
/* 00680 809ADF60 E60804F0 */  swc1    $f8, 0x04F0($s0)           ## 000004F0
/* 00684 809ADF64 C46A002C */  lwc1    $f10, 0x002C($v1)          ## 0000002C
/* 00688 809ADF68 46105481 */  sub.s   $f18, $f10, $f16           
/* 0068C 809ADF6C 44818000 */  mtc1    $at, $f16                  ## $f16 = 10.00
/* 00690 809ADF70 E61204F4 */  swc1    $f18, 0x04F4($s0)          ## 000004F4
/* 00694 809ADF74 C4640024 */  lwc1    $f4, 0x0024($v1)           ## 00000024
/* 00698 809ADF78 46062200 */  add.s   $f8, $f4, $f6              
/* 0069C 809ADF7C E60804F8 */  swc1    $f8, 0x04F8($s0)           ## 000004F8
/* 006A0 809ADF80 C46A0028 */  lwc1    $f10, 0x0028($v1)          ## 00000028
/* 006A4 809ADF84 46105480 */  add.s   $f18, $f10, $f16           
/* 006A8 809ADF88 E61204FC */  swc1    $f18, 0x04FC($s0)          ## 000004FC
/* 006AC 809ADF8C C464002C */  lwc1    $f4, 0x002C($v1)           ## 0000002C
/* 006B0 809ADF90 E6040500 */  swc1    $f4, 0x0500($s0)           ## 00000500
/* 006B4 809ADF94 0C03FF7E */  jal     func_800FFDF8              
/* 006B8 809ADF98 E7A20060 */  swc1    $f2, 0x0060($sp)           
/* 006BC 809ADF9C A7A0005E */  sh      $zero, 0x005E($sp)         
/* 006C0 809ADFA0 86020514 */  lh      $v0, 0x0514($s0)           ## 00000514
/* 006C4 809ADFA4 C7A20060 */  lwc1    $f2, 0x0060($sp)           
/* 006C8 809ADFA8 260400C4 */  addiu   $a0, $s0, 0x00C4           ## $a0 = 000000C4
/* 006CC 809ADFAC 1040000A */  beq     $v0, $zero, .L809ADFD8     
/* 006D0 809ADFB0 3C054472 */  lui     $a1, 0x4472                ## $a1 = 44720000
/* 006D4 809ADFB4 24010001 */  addiu   $at, $zero, 0x0001         ## $at = 00000001
/* 006D8 809ADFB8 1041002E */  beq     $v0, $at, .L809AE074       
/* 006DC 809ADFBC 24010002 */  addiu   $at, $zero, 0x0002         ## $at = 00000002
/* 006E0 809ADFC0 10410043 */  beq     $v0, $at, .L809AE0D0       
/* 006E4 809ADFC4 24010003 */  addiu   $at, $zero, 0x0003         ## $at = 00000003
/* 006E8 809ADFC8 10410058 */  beq     $v0, $at, .L809AE12C       
/* 006EC 809ADFCC 26040354 */  addiu   $a0, $s0, 0x0354           ## $a0 = 00000354
/* 006F0 809ADFD0 1000006A */  beq     $zero, $zero, .L809AE17C   
/* 006F4 809ADFD4 87A9005E */  lh      $t1, 0x005E($sp)           
.L809ADFD8:
/* 006F8 809ADFD8 34A58000 */  ori     $a1, $a1, 0x8000           ## $a1 = 44728000
/* 006FC 809ADFDC 3C063F00 */  lui     $a2, 0x3F00                ## $a2 = 3F000000
/* 00700 809ADFE0 0C03FF7E */  jal     func_800FFDF8              
/* 00704 809ADFE4 3C0742C8 */  lui     $a3, 0x42C8                ## $a3 = 42C80000
/* 00708 809ADFE8 860F00BE */  lh      $t7, 0x00BE($s0)           ## 000000BE
/* 0070C 809ADFEC 3C01809B */  lui     $at, %hi(D_809B1130)       ## $at = 809B0000
/* 00710 809ADFF0 C60600C4 */  lwc1    $f6, 0x00C4($s0)           ## 000000C4
/* 00714 809ADFF4 25F81770 */  addiu   $t8, $t7, 0x1770           ## $t8 = 00001770
/* 00718 809ADFF8 A61800BE */  sh      $t8, 0x00BE($s0)           ## 000000BE
/* 0071C 809ADFFC C4281130 */  lwc1    $f8, %lo(D_809B1130)($at)  
/* 00720 809AE000 24190001 */  addiu   $t9, $zero, 0x0001         ## $t9 = 00000001
/* 00724 809AE004 3C014100 */  lui     $at, 0x4100                ## $at = 41000000
/* 00728 809AE008 4606403E */  c.le.s  $f8, $f6                   
/* 0072C 809AE00C 02002825 */  or      $a1, $s0, $zero            ## $a1 = 00000000
/* 00730 809AE010 26060024 */  addiu   $a2, $s0, 0x0024           ## $a2 = 00000024
/* 00734 809AE014 240B0001 */  addiu   $t3, $zero, 0x0001         ## $t3 = 00000001
/* 00738 809AE018 45000002 */  bc1f    .L809AE024                 
/* 0073C 809AE01C 240C01F4 */  addiu   $t4, $zero, 0x01F4         ## $t4 = 000001F4
/* 00740 809AE020 A7B9005E */  sh      $t9, 0x005E($sp)           
.L809AE024:
/* 00744 809AE024 8FA8006C */  lw      $t0, 0x006C($sp)           
/* 00748 809AE028 3C090002 */  lui     $t1, 0x0002                ## $t1 = 00020000
/* 0074C 809AE02C 240D000A */  addiu   $t5, $zero, 0x000A         ## $t5 = 0000000A
/* 00750 809AE030 01284821 */  addu    $t1, $t1, $t0              
/* 00754 809AE034 8D298840 */  lw      $t1, -0x77C0($t1)          ## 00018840
/* 00758 809AE038 240E0001 */  addiu   $t6, $zero, 0x0001         ## $t6 = 00000001
/* 0075C 809AE03C 01002025 */  or      $a0, $t0, $zero            ## $a0 = 00000000
/* 00760 809AE040 312A0003 */  andi    $t2, $t1, 0x0003           ## $t2 = 00000000
/* 00764 809AE044 5540004D */  bnel    $t2, $zero, .L809AE17C     
/* 00768 809AE048 87A9005E */  lh      $t1, 0x005E($sp)           
/* 0076C 809AE04C 8E0700CC */  lw      $a3, 0x00CC($s0)           ## 000000CC
/* 00770 809AE050 44815000 */  mtc1    $at, $f10                  ## $f10 = 8.00
/* 00774 809AE054 AFAE0020 */  sw      $t6, 0x0020($sp)           
/* 00778 809AE058 AFAD001C */  sw      $t5, 0x001C($sp)           
/* 0077C 809AE05C AFAC0018 */  sw      $t4, 0x0018($sp)           
/* 00780 809AE060 AFAB0010 */  sw      $t3, 0x0010($sp)           
/* 00784 809AE064 0C02EF6B */  jal     func_800BBDAC              
/* 00788 809AE068 E7AA0014 */  swc1    $f10, 0x0014($sp)          
/* 0078C 809AE06C 10000043 */  beq     $zero, $zero, .L809AE17C   
/* 00790 809AE070 87A9005E */  lh      $t1, 0x005E($sp)           
.L809AE074:
/* 00794 809AE074 C6100350 */  lwc1    $f16, 0x0350($s0)          ## 00000350
/* 00798 809AE078 240F0001 */  addiu   $t7, $zero, 0x0001         ## $t7 = 00000001
/* 0079C 809AE07C 02002825 */  or      $a1, $s0, $zero            ## $a1 = 00000000
/* 007A0 809AE080 4602803E */  c.le.s  $f16, $f2                  
/* 007A4 809AE084 26060024 */  addiu   $a2, $s0, 0x0024           ## $a2 = 00000024
/* 007A8 809AE088 24180001 */  addiu   $t8, $zero, 0x0001         ## $t8 = 00000001
/* 007AC 809AE08C 3C014100 */  lui     $at, 0x4100                ## $at = 41000000
/* 007B0 809AE090 45000039 */  bc1f    .L809AE178                 
/* 007B4 809AE094 241901F4 */  addiu   $t9, $zero, 0x01F4         ## $t9 = 000001F4
/* 007B8 809AE098 A7AF005E */  sh      $t7, 0x005E($sp)           
/* 007BC 809AE09C 8E0700CC */  lw      $a3, 0x00CC($s0)           ## 000000CC
/* 007C0 809AE0A0 44819000 */  mtc1    $at, $f18                  ## $f18 = 8.00
/* 007C4 809AE0A4 2409000A */  addiu   $t1, $zero, 0x000A         ## $t1 = 0000000A
/* 007C8 809AE0A8 240A0001 */  addiu   $t2, $zero, 0x0001         ## $t2 = 00000001
/* 007CC 809AE0AC AFAA0020 */  sw      $t2, 0x0020($sp)           
/* 007D0 809AE0B0 AFA9001C */  sw      $t1, 0x001C($sp)           
/* 007D4 809AE0B4 AFB90018 */  sw      $t9, 0x0018($sp)           
/* 007D8 809AE0B8 AFB80010 */  sw      $t8, 0x0010($sp)           
/* 007DC 809AE0BC 8FA4006C */  lw      $a0, 0x006C($sp)           
/* 007E0 809AE0C0 0C02EF6B */  jal     func_800BBDAC              
/* 007E4 809AE0C4 E7B20014 */  swc1    $f18, 0x0014($sp)          
/* 007E8 809AE0C8 1000002C */  beq     $zero, $zero, .L809AE17C   
/* 007EC 809AE0CC 87A9005E */  lh      $t1, 0x005E($sp)           
.L809AE0D0:
/* 007F0 809AE0D0 96080090 */  lhu     $t0, 0x0090($s0)           ## 00000090
/* 007F4 809AE0D4 240C0001 */  addiu   $t4, $zero, 0x0001         ## $t4 = 00000001
/* 007F8 809AE0D8 02002825 */  or      $a1, $s0, $zero            ## $a1 = 00000000
/* 007FC 809AE0DC 310B0001 */  andi    $t3, $t0, 0x0001           ## $t3 = 00000000
/* 00800 809AE0E0 11600025 */  beq     $t3, $zero, .L809AE178     
/* 00804 809AE0E4 26060024 */  addiu   $a2, $s0, 0x0024           ## $a2 = 00000024
/* 00808 809AE0E8 A7AC005E */  sh      $t4, 0x005E($sp)           
/* 0080C 809AE0EC 8E0700CC */  lw      $a3, 0x00CC($s0)           ## 000000CC
/* 00810 809AE0F0 3C014100 */  lui     $at, 0x4100                ## $at = 41000000
/* 00814 809AE0F4 44812000 */  mtc1    $at, $f4                   ## $f4 = 8.00
/* 00818 809AE0F8 240D0001 */  addiu   $t5, $zero, 0x0001         ## $t5 = 00000001
/* 0081C 809AE0FC 240E01F4 */  addiu   $t6, $zero, 0x01F4         ## $t6 = 000001F4
/* 00820 809AE100 240F000A */  addiu   $t7, $zero, 0x000A         ## $t7 = 0000000A
/* 00824 809AE104 24180001 */  addiu   $t8, $zero, 0x0001         ## $t8 = 00000001
/* 00828 809AE108 AFB80020 */  sw      $t8, 0x0020($sp)           
/* 0082C 809AE10C AFAF001C */  sw      $t7, 0x001C($sp)           
/* 00830 809AE110 AFAE0018 */  sw      $t6, 0x0018($sp)           
/* 00834 809AE114 AFAD0010 */  sw      $t5, 0x0010($sp)           
/* 00838 809AE118 8FA4006C */  lw      $a0, 0x006C($sp)           
/* 0083C 809AE11C 0C02EF6B */  jal     func_800BBDAC              
/* 00840 809AE120 E7A40014 */  swc1    $f4, 0x0014($sp)           
/* 00844 809AE124 10000015 */  beq     $zero, $zero, .L809AE17C   
/* 00848 809AE128 87A9005E */  lh      $t1, 0x005E($sp)           
.L809AE12C:
/* 0084C 809AE12C 3C053D0F */  lui     $a1, 0x3D0F                ## $a1 = 3D0F0000
/* 00850 809AE130 3C063E4C */  lui     $a2, 0x3E4C                ## $a2 = 3E4C0000
/* 00854 809AE134 3C073CF5 */  lui     $a3, 0x3CF5                ## $a3 = 3CF50000
/* 00858 809AE138 34E7C28F */  ori     $a3, $a3, 0xC28F           ## $a3 = 3CF5C28F
/* 0085C 809AE13C 34C6CCCD */  ori     $a2, $a2, 0xCCCD           ## $a2 = 3E4CCCCD
/* 00860 809AE140 0C03FF7E */  jal     func_800FFDF8              
/* 00864 809AE144 34A55C29 */  ori     $a1, $a1, 0x5C29           ## $a1 = 3D0F5C29
/* 00868 809AE148 3C01809B */  lui     $at, %hi(D_809B1134)       ## $at = 809B0000
/* 0086C 809AE14C C4281134 */  lwc1    $f8, %lo(D_809B1134)($at)  
/* 00870 809AE150 C6060354 */  lwc1    $f6, 0x0354($s0)           ## 00000354
/* 00874 809AE154 3C01809B */  lui     $at, %hi(D_809B1138)       ## $at = 809B0000
/* 00878 809AE158 4606403E */  c.le.s  $f8, $f6                   
/* 0087C 809AE15C 00000000 */  nop
/* 00880 809AE160 45020006 */  bc1fl   .L809AE17C                 
/* 00884 809AE164 87A9005E */  lh      $t1, 0x005E($sp)           
/* 00888 809AE168 C42A1138 */  lwc1    $f10, %lo(D_809B1138)($at) 
/* 0088C 809AE16C 24190001 */  addiu   $t9, $zero, 0x0001         ## $t9 = 00000001
/* 00890 809AE170 E60A0354 */  swc1    $f10, 0x0354($s0)          ## 00000354
/* 00894 809AE174 A7B9005E */  sh      $t9, 0x005E($sp)           
.L809AE178:
/* 00898 809AE178 87A9005E */  lh      $t1, 0x005E($sp)           
.L809AE17C:
/* 0089C 809AE17C 8FA4006C */  lw      $a0, 0x006C($sp)           
/* 008A0 809AE180 02002825 */  or      $a1, $s0, $zero            ## $a1 = 00000000
/* 008A4 809AE184 5120012D */  beql    $t1, $zero, .L809AE63C     
/* 008A8 809AE188 860502A2 */  lh      $a1, 0x02A2($s0)           ## 000002A2
/* 008AC 809AE18C 0C02DCA6 */  jal     func_800B7298              
/* 008B0 809AE190 24060004 */  addiu   $a2, $zero, 0x0004         ## $a2 = 00000004
/* 008B4 809AE194 860A0348 */  lh      $t2, 0x0348($s0)           ## 00000348
/* 008B8 809AE198 3C05809B */  lui     $a1, %hi(D_809B1004)       ## $a1 = 809B0000
/* 008BC 809AE19C 8FA4006C */  lw      $a0, 0x006C($sp)           
/* 008C0 809AE1A0 000A4040 */  sll     $t0, $t2,  1               
/* 008C4 809AE1A4 00A82821 */  addu    $a1, $a1, $t0              
/* 008C8 809AE1A8 94A51004 */  lhu     $a1, %lo(D_809B1004)($a1)  
/* 008CC 809AE1AC 0C05462C */  jal     func_801518B0              
/* 008D0 809AE1B0 02003025 */  or      $a2, $s0, $zero            ## $a2 = 00000000
/* 008D4 809AE1B4 860B0348 */  lh      $t3, 0x0348($s0)           ## 00000348
/* 008D8 809AE1B8 860D04C0 */  lh      $t5, 0x04C0($s0)           ## 000004C0
/* 008DC 809AE1BC 3C01809B */  lui     $at, %hi(D_809B113C)       ## $at = 809B0000
/* 008E0 809AE1C0 256C0001 */  addiu   $t4, $t3, 0x0001           ## $t4 = 00000001
/* 008E4 809AE1C4 A60C0348 */  sh      $t4, 0x0348($s0)           ## 00000348
/* 008E8 809AE1C8 C430113C */  lwc1    $f16, %lo(D_809B113C)($at) 
/* 008EC 809AE1CC 25AE0001 */  addiu   $t6, $t5, 0x0001           ## $t6 = 00000001
/* 008F0 809AE1D0 AE0004BC */  sw      $zero, 0x04BC($s0)         ## 000004BC
/* 008F4 809AE1D4 A60E04C0 */  sh      $t6, 0x04C0($s0)           ## 000004C0
/* 008F8 809AE1D8 10000117 */  beq     $zero, $zero, .L809AE638   
/* 008FC 809AE1DC E61000C4 */  swc1    $f16, 0x00C4($s0)          ## 000000C4
.L809AE1E0:
/* 00900 809AE1E0 3C0141F0 */  lui     $at, 0x41F0                ## $at = 41F00000
/* 00904 809AE1E4 44810000 */  mtc1    $at, $f0                   ## $f0 = 30.00
/* 00908 809AE1E8 C4720024 */  lwc1    $f18, 0x0024($v1)          ## 00000024
/* 0090C 809AE1EC 3C0141A0 */  lui     $at, 0x41A0                ## $at = 41A00000
/* 00910 809AE1F0 44816000 */  mtc1    $at, $f12                  ## $f12 = 20.00
/* 00914 809AE1F4 46009101 */  sub.s   $f4, $f18, $f0             
/* 00918 809AE1F8 3C01428C */  lui     $at, 0x428C                ## $at = 428C0000
/* 0091C 809AE1FC 44818000 */  mtc1    $at, $f16                  ## $f16 = 70.00
/* 00920 809AE200 86050092 */  lh      $a1, 0x0092($s0)           ## 00000092
/* 00924 809AE204 E60404EC */  swc1    $f4, 0x04EC($s0)           ## 000004EC
/* 00928 809AE208 C4660028 */  lwc1    $f6, 0x0028($v1)           ## 00000028
/* 0092C 809AE20C 260400BE */  addiu   $a0, $s0, 0x00BE           ## $a0 = 000000BE
/* 00930 809AE210 24060001 */  addiu   $a2, $zero, 0x0001         ## $a2 = 00000001
/* 00934 809AE214 46003200 */  add.s   $f8, $f6, $f0              
/* 00938 809AE218 24070BB8 */  addiu   $a3, $zero, 0x0BB8         ## $a3 = 00000BB8
/* 0093C 809AE21C E60804F0 */  swc1    $f8, 0x04F0($s0)           ## 000004F0
/* 00940 809AE220 C46A002C */  lwc1    $f10, 0x002C($v1)          ## 0000002C
/* 00944 809AE224 46105480 */  add.s   $f18, $f10, $f16           
/* 00948 809AE228 E61204F4 */  swc1    $f18, 0x04F4($s0)          ## 000004F4
/* 0094C 809AE22C C4640024 */  lwc1    $f4, 0x0024($v1)           ## 00000024
/* 00950 809AE230 460C2181 */  sub.s   $f6, $f4, $f12             
/* 00954 809AE234 E60604F8 */  swc1    $f6, 0x04F8($s0)           ## 000004F8
/* 00958 809AE238 C4680028 */  lwc1    $f8, 0x0028($v1)           ## 00000028
/* 0095C 809AE23C 460C4280 */  add.s   $f10, $f8, $f12            
/* 00960 809AE240 E60A04FC */  swc1    $f10, 0x04FC($s0)          ## 000004FC
/* 00964 809AE244 C470002C */  lwc1    $f16, 0x002C($v1)          ## 0000002C
/* 00968 809AE248 E6100500 */  swc1    $f16, 0x0500($s0)          ## 00000500
/* 0096C 809AE24C 0C03FFAF */  jal     func_800FFEBC              
/* 00970 809AE250 AFA00010 */  sw      $zero, 0x0010($sp)         
/* 00974 809AE254 8FA4006C */  lw      $a0, 0x006C($sp)           
/* 00978 809AE258 0C054926 */  jal     func_80152498              
/* 0097C 809AE25C 24844908 */  addiu   $a0, $a0, 0x4908           ## $a0 = 00004908
/* 00980 809AE260 24010005 */  addiu   $at, $zero, 0x0005         ## $at = 00000005
/* 00984 809AE264 544100F5 */  bnel    $v0, $at, .L809AE63C       
/* 00988 809AE268 860502A2 */  lh      $a1, 0x02A2($s0)           ## 000002A2
/* 0098C 809AE26C 0C051D89 */  jal     func_80147624              
/* 00990 809AE270 8FA4006C */  lw      $a0, 0x006C($sp)           
/* 00994 809AE274 504000F1 */  beql    $v0, $zero, .L809AE63C     
/* 00998 809AE278 860502A2 */  lh      $a1, 0x02A2($s0)           ## 000002A2
/* 0099C 809AE27C 0C051DED */  jal     func_801477B4              
/* 009A0 809AE280 8FA4006C */  lw      $a0, 0x006C($sp)           
/* 009A4 809AE284 860F0348 */  lh      $t7, 0x0348($s0)           ## 00000348
/* 009A8 809AE288 3C05809B */  lui     $a1, %hi(D_809B1004)       ## $a1 = 809B0000
/* 009AC 809AE28C 8FA4006C */  lw      $a0, 0x006C($sp)           
/* 009B0 809AE290 000FC040 */  sll     $t8, $t7,  1               
/* 009B4 809AE294 00B82821 */  addu    $a1, $a1, $t8              
/* 009B8 809AE298 0C05464E */  jal     func_80151938              
/* 009BC 809AE29C 94A51004 */  lhu     $a1, %lo(D_809B1004)($a1)  
/* 009C0 809AE2A0 86190348 */  lh      $t9, 0x0348($s0)           ## 00000348
/* 009C4 809AE2A4 860A04C0 */  lh      $t2, 0x04C0($s0)           ## 000004C0
/* 009C8 809AE2A8 AE0004BC */  sw      $zero, 0x04BC($s0)         ## 000004BC
/* 009CC 809AE2AC 27290001 */  addiu   $t1, $t9, 0x0001           ## $t1 = 00000001
/* 009D0 809AE2B0 25480001 */  addiu   $t0, $t2, 0x0001           ## $t0 = 00000001
/* 009D4 809AE2B4 A6090348 */  sh      $t1, 0x0348($s0)           ## 00000348
/* 009D8 809AE2B8 100000DF */  beq     $zero, $zero, .L809AE638   
/* 009DC 809AE2BC A60804C0 */  sh      $t0, 0x04C0($s0)           ## 000004C0
.L809AE2C0:
/* 009E0 809AE2C0 86050092 */  lh      $a1, 0x0092($s0)           ## 00000092
/* 009E4 809AE2C4 AFA30064 */  sw      $v1, 0x0064($sp)           
/* 009E8 809AE2C8 AFA00010 */  sw      $zero, 0x0010($sp)         
/* 009EC 809AE2CC 260400BE */  addiu   $a0, $s0, 0x00BE           ## $a0 = 000000BE
/* 009F0 809AE2D0 24060001 */  addiu   $a2, $zero, 0x0001         ## $a2 = 00000001
/* 009F4 809AE2D4 0C03FFAF */  jal     func_800FFEBC              
/* 009F8 809AE2D8 24070BB8 */  addiu   $a3, $zero, 0x0BB8         ## $a3 = 00000BB8
/* 009FC 809AE2DC 8FA4006C */  lw      $a0, 0x006C($sp)           
/* 00A00 809AE2E0 24844908 */  addiu   $a0, $a0, 0x4908           ## $a0 = 00004908
/* 00A04 809AE2E4 0C054926 */  jal     func_80152498              
/* 00A08 809AE2E8 AFA40044 */  sw      $a0, 0x0044($sp)           
/* 00A0C 809AE2EC 2401000A */  addiu   $at, $zero, 0x000A         ## $at = 0000000A
/* 00A10 809AE2F0 14410004 */  bne     $v0, $at, .L809AE304       
/* 00A14 809AE2F4 8FA30064 */  lw      $v1, 0x0064($sp)           
/* 00A18 809AE2F8 2402D8F0 */  addiu   $v0, $zero, 0xD8F0         ## $v0 = FFFFD8F0
/* 00A1C 809AE2FC A6020296 */  sh      $v0, 0x0296($s0)           ## 00000296
/* 00A20 809AE300 A602029A */  sh      $v0, 0x029A($s0)           ## 0000029A
.L809AE304:
/* 00A24 809AE304 86020296 */  lh      $v0, 0x0296($s0)           ## 00000296
/* 00A28 809AE308 860B0290 */  lh      $t3, 0x0290($s0)           ## 00000290
/* 00A2C 809AE30C 004B2023 */  subu    $a0, $v0, $t3              
/* 00A30 809AE310 00042400 */  sll     $a0, $a0, 16               
/* 00A34 809AE314 00042403 */  sra     $a0, $a0, 16               
/* 00A38 809AE318 04810004 */  bgez    $a0, .L809AE32C            
/* 00A3C 809AE31C 00000000 */  nop
/* 00A40 809AE320 00042023 */  subu    $a0, $zero, $a0            
/* 00A44 809AE324 00042400 */  sll     $a0, $a0, 16               
/* 00A48 809AE328 00042403 */  sra     $a0, $a0, 16               
.L809AE32C:
/* 00A4C 809AE32C 5040001A */  beql    $v0, $zero, .L809AE398     
/* 00A50 809AE330 3C0141F0 */  lui     $at, 0x41F0                ## $at = 41F00000
/* 00A54 809AE334 04810003 */  bgez    $a0, .L809AE344            
/* 00A58 809AE338 00801025 */  or      $v0, $a0, $zero            ## $v0 = 00000000
/* 00A5C 809AE33C 10000001 */  beq     $zero, $zero, .L809AE344   
/* 00A60 809AE340 00041023 */  subu    $v0, $zero, $a0            
.L809AE344:
/* 00A64 809AE344 28410064 */  slti    $at, $v0, 0x0064           
/* 00A68 809AE348 50200013 */  beql    $at, $zero, .L809AE398     
/* 00A6C 809AE34C 3C0141F0 */  lui     $at, 0x41F0                ## $at = 41F00000
/* 00A70 809AE350 920C034D */  lbu     $t4, 0x034D($s0)           ## 0000034D
/* 00A74 809AE354 24010005 */  addiu   $at, $zero, 0x0005         ## $at = 00000005
/* 00A78 809AE358 2402CD38 */  addiu   $v0, $zero, 0xCD38         ## $v0 = FFFFCD38
/* 00A7C 809AE35C 1581000D */  bne     $t4, $at, .L809AE394       
/* 00A80 809AE360 240D0002 */  addiu   $t5, $zero, 0x0002         ## $t5 = 00000002
/* 00A84 809AE364 A60202A6 */  sh      $v0, 0x02A6($s0)           ## 000002A6
/* 00A88 809AE368 860F02A6 */  lh      $t7, 0x02A6($s0)           ## 000002A6
/* 00A8C 809AE36C 240EF448 */  addiu   $t6, $zero, 0xF448         ## $t6 = FFFFF448
/* 00A90 809AE370 A20D034D */  sb      $t5, 0x034D($s0)           ## 0000034D
/* 00A94 809AE374 A60202A2 */  sh      $v0, 0x02A2($s0)           ## 000002A2
/* 00A98 809AE378 A60E02A4 */  sh      $t6, 0x02A4($s0)           ## 000002A4
/* 00A9C 809AE37C A60F02A0 */  sh      $t7, 0x02A0($s0)           ## 000002A0
/* 00AA0 809AE380 AFA30064 */  sw      $v1, 0x0064($sp)           
/* 00AA4 809AE384 02002025 */  or      $a0, $s0, $zero            ## $a0 = 00000000
/* 00AA8 809AE388 0C02E3B2 */  jal     func_800B8EC8              
/* 00AAC 809AE38C 240539C7 */  addiu   $a1, $zero, 0x39C7         ## $a1 = 000039C7
/* 00AB0 809AE390 8FA30064 */  lw      $v1, 0x0064($sp)           
.L809AE394:
/* 00AB4 809AE394 3C0141F0 */  lui     $at, 0x41F0                ## $at = 41F00000
.L809AE398:
/* 00AB8 809AE398 44810000 */  mtc1    $at, $f0                   ## $f0 = 30.00
/* 00ABC 809AE39C 3C014220 */  lui     $at, 0x4220                ## $at = 42200000
/* 00AC0 809AE3A0 44811000 */  mtc1    $at, $f2                   ## $f2 = 40.00
/* 00AC4 809AE3A4 3C0142C8 */  lui     $at, 0x42C8                ## $at = 42C80000
/* 00AC8 809AE3A8 44812000 */  mtc1    $at, $f4                   ## $f4 = 100.00
/* 00ACC 809AE3AC C4720024 */  lwc1    $f18, 0x0024($v1)          ## 00000024
/* 00AD0 809AE3B0 3C014270 */  lui     $at, 0x4270                ## $at = 42700000
/* 00AD4 809AE3B4 44815000 */  mtc1    $at, $f10                  ## $f10 = 60.00
/* 00AD8 809AE3B8 46049180 */  add.s   $f6, $f18, $f4             
/* 00ADC 809AE3BC 3C01420C */  lui     $at, 0x420C                ## $at = 420C0000
/* 00AE0 809AE3C0 E60604EC */  swc1    $f6, 0x04EC($s0)           ## 000004EC
/* 00AE4 809AE3C4 C4680028 */  lwc1    $f8, 0x0028($v1)           ## 00000028
/* 00AE8 809AE3C8 460A4400 */  add.s   $f16, $f8, $f10            
/* 00AEC 809AE3CC 44814000 */  mtc1    $at, $f8                   ## $f8 = 35.00
/* 00AF0 809AE3D0 E61004F0 */  swc1    $f16, 0x04F0($s0)          ## 000004F0
/* 00AF4 809AE3D4 C472002C */  lwc1    $f18, 0x002C($v1)          ## 0000002C
/* 00AF8 809AE3D8 46009101 */  sub.s   $f4, $f18, $f0             
/* 00AFC 809AE3DC E60404F4 */  swc1    $f4, 0x04F4($s0)           ## 000004F4
/* 00B00 809AE3E0 C4660024 */  lwc1    $f6, 0x0024($v1)           ## 00000024
/* 00B04 809AE3E4 46083281 */  sub.s   $f10, $f6, $f8             
/* 00B08 809AE3E8 E60A04F8 */  swc1    $f10, 0x04F8($s0)          ## 000004F8
/* 00B0C 809AE3EC C4700028 */  lwc1    $f16, 0x0028($v1)          ## 00000028
/* 00B10 809AE3F0 46008480 */  add.s   $f18, $f16, $f0            
/* 00B14 809AE3F4 E61204FC */  swc1    $f18, 0x04FC($s0)          ## 000004FC
/* 00B18 809AE3F8 C464002C */  lwc1    $f4, 0x002C($v1)           ## 0000002C
/* 00B1C 809AE3FC 46022181 */  sub.s   $f6, $f4, $f2              
/* 00B20 809AE400 E6060500 */  swc1    $f6, 0x0500($s0)           ## 00000500
/* 00B24 809AE404 0C054926 */  jal     func_80152498              
/* 00B28 809AE408 8FA40044 */  lw      $a0, 0x0044($sp)           
/* 00B2C 809AE40C 24010005 */  addiu   $at, $zero, 0x0005         ## $at = 00000005
/* 00B30 809AE410 5441008A */  bnel    $v0, $at, .L809AE63C       
/* 00B34 809AE414 860502A2 */  lh      $a1, 0x02A2($s0)           ## 000002A2
/* 00B38 809AE418 0C051D89 */  jal     func_80147624              
/* 00B3C 809AE41C 8FA4006C */  lw      $a0, 0x006C($sp)           
/* 00B40 809AE420 50400086 */  beql    $v0, $zero, .L809AE63C     
/* 00B44 809AE424 860502A2 */  lh      $a1, 0x02A2($s0)           ## 000002A2
/* 00B48 809AE428 0C051DED */  jal     func_801477B4              
/* 00B4C 809AE42C 8FA4006C */  lw      $a0, 0x006C($sp)           
/* 00B50 809AE430 A600029A */  sh      $zero, 0x029A($s0)         ## 0000029A
/* 00B54 809AE434 8603029A */  lh      $v1, 0x029A($s0)           ## 0000029A
/* 00B58 809AE438 861804C0 */  lh      $t8, 0x04C0($s0)           ## 000004C0
/* 00B5C 809AE43C AE0004BC */  sw      $zero, 0x04BC($s0)         ## 000004BC
/* 00B60 809AE440 A6030298 */  sh      $v1, 0x0298($s0)           ## 00000298
/* 00B64 809AE444 27190001 */  addiu   $t9, $t8, 0x0001           ## $t9 = 00000001
/* 00B68 809AE448 A61904C0 */  sh      $t9, 0x04C0($s0)           ## 000004C0
/* 00B6C 809AE44C A6030296 */  sh      $v1, 0x0296($s0)           ## 00000296
/* 00B70 809AE450 A60302A6 */  sh      $v1, 0x02A6($s0)           ## 000002A6
/* 00B74 809AE454 A60302A4 */  sh      $v1, 0x02A4($s0)           ## 000002A4
/* 00B78 809AE458 10000077 */  beq     $zero, $zero, .L809AE638   
/* 00B7C 809AE45C A60302A2 */  sh      $v1, 0x02A2($s0)           ## 000002A2
.L809AE460:
/* 00B80 809AE460 3C0141F0 */  lui     $at, 0x41F0                ## $at = 41F00000
/* 00B84 809AE464 44810000 */  mtc1    $at, $f0                   ## $f0 = 30.00
/* 00B88 809AE468 3C014220 */  lui     $at, 0x4220                ## $at = 42200000
/* 00B8C 809AE46C 44811000 */  mtc1    $at, $f2                   ## $f2 = 40.00
/* 00B90 809AE470 C4680024 */  lwc1    $f8, 0x0024($v1)           ## 00000024
/* 00B94 809AE474 3C0141A0 */  lui     $at, 0x41A0                ## $at = 41A00000
/* 00B98 809AE478 44816000 */  mtc1    $at, $f12                  ## $f12 = 20.00
/* 00B9C 809AE47C 46024281 */  sub.s   $f10, $f8, $f2             
/* 00BA0 809AE480 3C014302 */  lui     $at, 0x4302                ## $at = 43020000
/* 00BA4 809AE484 8E0904BC */  lw      $t1, 0x04BC($s0)           ## 000004BC
/* 00BA8 809AE488 02002025 */  or      $a0, $s0, $zero            ## $a0 = 00000000
/* 00BAC 809AE48C E60A04EC */  swc1    $f10, 0x04EC($s0)          ## 000004EC
/* 00BB0 809AE490 C4700028 */  lwc1    $f16, 0x0028($v1)          ## 00000028
/* 00BB4 809AE494 252A0001 */  addiu   $t2, $t1, 0x0001           ## $t2 = 00000001
/* 00BB8 809AE498 240539C7 */  addiu   $a1, $zero, 0x39C7         ## $a1 = 000039C7
/* 00BBC 809AE49C 460C8480 */  add.s   $f18, $f16, $f12           
/* 00BC0 809AE4A0 E61204F0 */  swc1    $f18, 0x04F0($s0)          ## 000004F0
/* 00BC4 809AE4A4 C464002C */  lwc1    $f4, 0x002C($v1)           ## 0000002C
/* 00BC8 809AE4A8 E60404F4 */  swc1    $f4, 0x04F4($s0)           ## 000004F4
/* 00BCC 809AE4AC C4660024 */  lwc1    $f6, 0x0024($v1)           ## 00000024
/* 00BD0 809AE4B0 44812000 */  mtc1    $at, $f4                   ## $f4 = 130.00
/* 00BD4 809AE4B4 2D41000A */  sltiu   $at, $t2, 0x000A           
/* 00BD8 809AE4B8 46003201 */  sub.s   $f8, $f6, $f0              
/* 00BDC 809AE4BC E60804F8 */  swc1    $f8, 0x04F8($s0)           ## 000004F8
/* 00BE0 809AE4C0 C46A0028 */  lwc1    $f10, 0x0028($v1)          ## 00000028
/* 00BE4 809AE4C4 46025400 */  add.s   $f16, $f10, $f2            
/* 00BE8 809AE4C8 E61004FC */  swc1    $f16, 0x04FC($s0)          ## 000004FC
/* 00BEC 809AE4CC C472002C */  lwc1    $f18, 0x002C($v1)          ## 0000002C
/* 00BF0 809AE4D0 AE0A04BC */  sw      $t2, 0x04BC($s0)           ## 000004BC
/* 00BF4 809AE4D4 46049181 */  sub.s   $f6, $f18, $f4             
/* 00BF8 809AE4D8 14200057 */  bne     $at, $zero, .L809AE638     
/* 00BFC 809AE4DC E6060500 */  swc1    $f6, 0x0500($s0)           ## 00000500
/* 00C00 809AE4E0 0C02E3B2 */  jal     func_800B8EC8              
/* 00C04 809AE4E4 A200034D */  sb      $zero, 0x034D($s0)         ## 0000034D
/* 00C08 809AE4E8 8E020120 */  lw      $v0, 0x0120($s0)           ## 00000120
/* 00C0C 809AE4EC 02002025 */  or      $a0, $s0, $zero            ## $a0 = 00000000
/* 00C10 809AE4F0 1040000E */  beq     $v0, $zero, .L809AE52C     
/* 00C14 809AE4F4 00000000 */  nop
/* 00C18 809AE4F8 8C4B0138 */  lw      $t3, 0x0138($v0)           ## 00000138
/* 00C1C 809AE4FC 1160000B */  beq     $t3, $zero, .L809AE52C     
/* 00C20 809AE500 00000000 */  nop
/* 00C24 809AE504 8C4C0138 */  lw      $t4, 0x0138($v0)           ## 00000138
/* 00C28 809AE508 00401825 */  or      $v1, $v0, $zero            ## $v1 = 00000000
/* 00C2C 809AE50C 24020001 */  addiu   $v0, $zero, 0x0001         ## $v0 = 00000001
/* 00C30 809AE510 11800006 */  beq     $t4, $zero, .L809AE52C     
/* 00C34 809AE514 00000000 */  nop
/* 00C38 809AE518 A0620148 */  sb      $v0, 0x0148($v1)           ## 00000148
/* 00C3C 809AE51C 8FAD006C */  lw      $t5, 0x006C($sp)           
/* 00C40 809AE520 3C010002 */  lui     $at, 0x0002                ## $at = 00020000
/* 00C44 809AE524 002D0821 */  addu    $at, $at, $t5              
/* 00C48 809AE528 A0228880 */  sb      $v0, -0x7780($at)          ## 00018880
.L809AE52C:
/* 00C4C 809AE52C 0C26B6F2 */  jal     func_809ADBC8              
/* 00C50 809AE530 24050001 */  addiu   $a1, $zero, 0x0001         ## $a1 = 00000001
/* 00C54 809AE534 860E04C0 */  lh      $t6, 0x04C0($s0)           ## 000004C0
/* 00C58 809AE538 AE0004BC */  sw      $zero, 0x04BC($s0)         ## 000004BC
/* 00C5C 809AE53C 25CF0001 */  addiu   $t7, $t6, 0x0001           ## $t7 = 00000001
/* 00C60 809AE540 1000003D */  beq     $zero, $zero, .L809AE638   
/* 00C64 809AE544 A60F04C0 */  sh      $t7, 0x04C0($s0)           ## 000004C0
.L809AE548:
/* 00C68 809AE548 3C0141F0 */  lui     $at, 0x41F0                ## $at = 41F00000
/* 00C6C 809AE54C 44810000 */  mtc1    $at, $f0                   ## $f0 = 30.00
/* 00C70 809AE550 3C014220 */  lui     $at, 0x4220                ## $at = 42200000
/* 00C74 809AE554 44811000 */  mtc1    $at, $f2                   ## $f2 = 40.00
/* 00C78 809AE558 C4680024 */  lwc1    $f8, 0x0024($v1)           ## 00000024
/* 00C7C 809AE55C 3C0141A0 */  lui     $at, 0x41A0                ## $at = 41A00000
/* 00C80 809AE560 44816000 */  mtc1    $at, $f12                  ## $f12 = 20.00
/* 00C84 809AE564 46024281 */  sub.s   $f10, $f8, $f2             
/* 00C88 809AE568 3C014302 */  lui     $at, 0x4302                ## $at = 43020000
/* 00C8C 809AE56C 8E1804BC */  lw      $t8, 0x04BC($s0)           ## 000004BC
/* 00C90 809AE570 02002825 */  or      $a1, $s0, $zero            ## $a1 = 00000000
/* 00C94 809AE574 E60A04EC */  swc1    $f10, 0x04EC($s0)          ## 000004EC
/* 00C98 809AE578 C4700028 */  lwc1    $f16, 0x0028($v1)          ## 00000028
/* 00C9C 809AE57C 27190001 */  addiu   $t9, $t8, 0x0001           ## $t9 = 00000001
/* 00CA0 809AE580 24060006 */  addiu   $a2, $zero, 0x0006         ## $a2 = 00000006
/* 00CA4 809AE584 460C8480 */  add.s   $f18, $f16, $f12           
/* 00CA8 809AE588 E61204F0 */  swc1    $f18, 0x04F0($s0)          ## 000004F0
/* 00CAC 809AE58C C464002C */  lwc1    $f4, 0x002C($v1)           ## 0000002C
/* 00CB0 809AE590 E60404F4 */  swc1    $f4, 0x04F4($s0)           ## 000004F4
/* 00CB4 809AE594 C4660024 */  lwc1    $f6, 0x0024($v1)           ## 00000024
/* 00CB8 809AE598 44812000 */  mtc1    $at, $f4                   ## $f4 = 130.00
/* 00CBC 809AE59C 2F21000A */  sltiu   $at, $t9, 0x000A           
/* 00CC0 809AE5A0 46003201 */  sub.s   $f8, $f6, $f0              
/* 00CC4 809AE5A4 E60804F8 */  swc1    $f8, 0x04F8($s0)           ## 000004F8
/* 00CC8 809AE5A8 C46A0028 */  lwc1    $f10, 0x0028($v1)          ## 00000028
/* 00CCC 809AE5AC 46025400 */  add.s   $f16, $f10, $f2            
/* 00CD0 809AE5B0 E61004FC */  swc1    $f16, 0x04FC($s0)          ## 000004FC
/* 00CD4 809AE5B4 C472002C */  lwc1    $f18, 0x002C($v1)          ## 0000002C
/* 00CD8 809AE5B8 AE1904BC */  sw      $t9, 0x04BC($s0)           ## 000004BC
/* 00CDC 809AE5BC 46049181 */  sub.s   $f6, $f18, $f4             
/* 00CE0 809AE5C0 1420001D */  bne     $at, $zero, .L809AE638     
/* 00CE4 809AE5C4 E6060500 */  swc1    $f6, 0x0500($s0)           ## 00000500
/* 00CE8 809AE5C8 0C02DCA6 */  jal     func_800B7298              
/* 00CEC 809AE5CC 8FA4006C */  lw      $a0, 0x006C($sp)           
/* 00CF0 809AE5D0 0C03C7EF */  jal     func_800F1FBC              
/* 00CF4 809AE5D4 860404B8 */  lh      $a0, 0x04B8($s0)           ## 000004B8
/* 00CF8 809AE5D8 8E0A0004 */  lw      $t2, 0x0004($s0)           ## 00000004
/* 00CFC 809AE5DC 3C01FFEF */  lui     $at, 0xFFEF                ## $at = FFEF0000
/* 00D00 809AE5E0 A6000294 */  sh      $zero, 0x0294($s0)         ## 00000294
/* 00D04 809AE5E4 3421FFFF */  ori     $at, $at, 0xFFFF           ## $at = FFEFFFFF
/* 00D08 809AE5E8 86030294 */  lh      $v1, 0x0294($s0)           ## 00000294
/* 00D0C 809AE5EC 01414024 */  and     $t0, $t2, $at              
/* 00D10 809AE5F0 3C01F7FF */  lui     $at, 0xF7FF                ## $at = F7FF0000
/* 00D14 809AE5F4 3421FFFF */  ori     $at, $at, 0xFFFF           ## $at = F7FFFFFF
/* 00D18 809AE5F8 01016024 */  and     $t4, $t0, $at              
/* 00D1C 809AE5FC 860F0092 */  lh      $t7, 0x0092($s0)           ## 00000092
/* 00D20 809AE600 AE080004 */  sw      $t0, 0x0004($s0)           ## 00000004
/* 00D24 809AE604 AE0C0004 */  sw      $t4, 0x0004($s0)           ## 00000004
/* 00D28 809AE608 358E0001 */  ori     $t6, $t4, 0x0001           ## $t6 = 00000001
/* 00D2C 809AE60C A60004C0 */  sh      $zero, 0x04C0($s0)         ## 000004C0
/* 00D30 809AE610 A60004C2 */  sh      $zero, 0x04C2($s0)         ## 000004C2
/* 00D34 809AE614 AE0E0004 */  sw      $t6, 0x0004($s0)           ## 00000004
/* 00D38 809AE618 02002025 */  or      $a0, $s0, $zero            ## $a0 = 00000000
/* 00D3C 809AE61C A6030292 */  sh      $v1, 0x0292($s0)           ## 00000292
/* 00D40 809AE620 A6030290 */  sh      $v1, 0x0290($s0)           ## 00000290
/* 00D44 809AE624 A60302A0 */  sh      $v1, 0x02A0($s0)           ## 000002A0
/* 00D48 809AE628 A603029E */  sh      $v1, 0x029E($s0)           ## 0000029E
/* 00D4C 809AE62C A603029C */  sh      $v1, 0x029C($s0)           ## 0000029C
/* 00D50 809AE630 0C26BDDB */  jal     func_809AF76C              
/* 00D54 809AE634 A60F0032 */  sh      $t7, 0x0032($s0)           ## 00000032
.L809AE638:
/* 00D58 809AE638 860502A2 */  lh      $a1, 0x02A2($s0)           ## 000002A2
.L809AE63C:
/* 00D5C 809AE63C 261804C8 */  addiu   $t8, $s0, 0x04C8           ## $t8 = 000004C8
/* 00D60 809AE640 261904EC */  addiu   $t9, $s0, 0x04EC           ## $t9 = 000004EC
/* 00D64 809AE644 260904D4 */  addiu   $t1, $s0, 0x04D4           ## $t1 = 000004D4
/* 00D68 809AE648 260A04F8 */  addiu   $t2, $s0, 0x04F8           ## $t2 = 000004F8
/* 00D6C 809AE64C AFAA0038 */  sw      $t2, 0x0038($sp)           
/* 00D70 809AE650 AFA9003C */  sw      $t1, 0x003C($sp)           
/* 00D74 809AE654 AFB90040 */  sw      $t9, 0x0040($sp)           
/* 00D78 809AE658 AFB80044 */  sw      $t8, 0x0044($sp)           
/* 00D7C 809AE65C AFA00010 */  sw      $zero, 0x0010($sp)         
/* 00D80 809AE660 2604029C */  addiu   $a0, $s0, 0x029C           ## $a0 = 0000029C
/* 00D84 809AE664 24060001 */  addiu   $a2, $zero, 0x0001         ## $a2 = 00000001
/* 00D88 809AE668 0C03FFAF */  jal     func_800FFEBC              
/* 00D8C 809AE66C 24070BB8 */  addiu   $a3, $zero, 0x0BB8         ## $a3 = 00000BB8
/* 00D90 809AE670 860502A4 */  lh      $a1, 0x02A4($s0)           ## 000002A4
/* 00D94 809AE674 AFA00010 */  sw      $zero, 0x0010($sp)         
/* 00D98 809AE678 2604029E */  addiu   $a0, $s0, 0x029E           ## $a0 = 0000029E
/* 00D9C 809AE67C 24060001 */  addiu   $a2, $zero, 0x0001         ## $a2 = 00000001
/* 00DA0 809AE680 0C03FFAF */  jal     func_800FFEBC              
/* 00DA4 809AE684 24070BB8 */  addiu   $a3, $zero, 0x0BB8         ## $a3 = 00000BB8
/* 00DA8 809AE688 860502A6 */  lh      $a1, 0x02A6($s0)           ## 000002A6
/* 00DAC 809AE68C AFA00010 */  sw      $zero, 0x0010($sp)         
/* 00DB0 809AE690 260402A0 */  addiu   $a0, $s0, 0x02A0           ## $a0 = 000002A0
/* 00DB4 809AE694 24060001 */  addiu   $a2, $zero, 0x0001         ## $a2 = 00000001
/* 00DB8 809AE698 0C03FFAF */  jal     func_800FFEBC              
/* 00DBC 809AE69C 24070BB8 */  addiu   $a3, $zero, 0x0BB8         ## $a3 = 00000BB8
/* 00DC0 809AE6A0 86050296 */  lh      $a1, 0x0296($s0)           ## 00000296
/* 00DC4 809AE6A4 AFA00010 */  sw      $zero, 0x0010($sp)         
/* 00DC8 809AE6A8 26040290 */  addiu   $a0, $s0, 0x0290           ## $a0 = 00000290
/* 00DCC 809AE6AC 24060001 */  addiu   $a2, $zero, 0x0001         ## $a2 = 00000001
/* 00DD0 809AE6B0 0C03FFAF */  jal     func_800FFEBC              
/* 00DD4 809AE6B4 24070BB8 */  addiu   $a3, $zero, 0x0BB8         ## $a3 = 00000BB8
/* 00DD8 809AE6B8 86050298 */  lh      $a1, 0x0298($s0)           ## 00000298
/* 00DDC 809AE6BC AFA00010 */  sw      $zero, 0x0010($sp)         
/* 00DE0 809AE6C0 26040292 */  addiu   $a0, $s0, 0x0292           ## $a0 = 00000292
/* 00DE4 809AE6C4 24060001 */  addiu   $a2, $zero, 0x0001         ## $a2 = 00000001
/* 00DE8 809AE6C8 0C03FFAF */  jal     func_800FFEBC              
/* 00DEC 809AE6CC 24070BB8 */  addiu   $a3, $zero, 0x0BB8         ## $a3 = 00000BB8
/* 00DF0 809AE6D0 8605029A */  lh      $a1, 0x029A($s0)           ## 0000029A
/* 00DF4 809AE6D4 AFA00010 */  sw      $zero, 0x0010($sp)         
/* 00DF8 809AE6D8 26040294 */  addiu   $a0, $s0, 0x0294           ## $a0 = 00000294
/* 00DFC 809AE6DC 24060001 */  addiu   $a2, $zero, 0x0001         ## $a2 = 00000001
/* 00E00 809AE6E0 0C03FFAF */  jal     func_800FFEBC              
/* 00E04 809AE6E4 24070BB8 */  addiu   $a3, $zero, 0x0BB8         ## $a3 = 00000BB8
/* 00E08 809AE6E8 8FA40044 */  lw      $a0, 0x0044($sp)           
/* 00E0C 809AE6EC 0C03FD43 */  jal     func_800FF50C              
/* 00E10 809AE6F0 8FA50040 */  lw      $a1, 0x0040($sp)           
/* 00E14 809AE6F4 8FA4003C */  lw      $a0, 0x003C($sp)           
/* 00E18 809AE6F8 0C03FD43 */  jal     func_800FF50C              
/* 00E1C 809AE6FC 8FA50038 */  lw      $a1, 0x0038($sp)           
/* 00E20 809AE700 860504C2 */  lh      $a1, 0x04C2($s0)           ## 000004C2
/* 00E24 809AE704 3C013F80 */  lui     $at, 0x3F80                ## $at = 3F800000
/* 00E28 809AE708 260804E0 */  addiu   $t0, $s0, 0x04E0           ## $t0 = 000004E0
/* 00E2C 809AE70C 50A0000D */  beql    $a1, $zero, .L809AE744     
/* 00E30 809AE710 8FBF0034 */  lw      $ra, 0x0034($sp)           
/* 00E34 809AE714 44804000 */  mtc1    $zero, $f8                 ## $f8 = 0.00
/* 00E38 809AE718 44815000 */  mtc1    $at, $f10                  ## $f10 = 1.00
/* 00E3C 809AE71C 44808000 */  mtc1    $zero, $f16                ## $f16 = 0.00
/* 00E40 809AE720 E60804E0 */  swc1    $f8, 0x04E0($s0)           ## 000004E0
/* 00E44 809AE724 E60A04E4 */  swc1    $f10, 0x04E4($s0)          ## 000004E4
/* 00E48 809AE728 E61004E8 */  swc1    $f16, 0x04E8($s0)          ## 000004E8
/* 00E4C 809AE72C AFA80010 */  sw      $t0, 0x0010($sp)           
/* 00E50 809AE730 8FA70044 */  lw      $a3, 0x0044($sp)           
/* 00E54 809AE734 8FA6003C */  lw      $a2, 0x003C($sp)           
/* 00E58 809AE738 0C05A607 */  jal     func_8016981C              
/* 00E5C 809AE73C 8FA4006C */  lw      $a0, 0x006C($sp)           
/* 00E60 809AE740 8FBF0034 */  lw      $ra, 0x0034($sp)           
.L809AE744:
/* 00E64 809AE744 8FB00030 */  lw      $s0, 0x0030($sp)           
/* 00E68 809AE748 27BD0068 */  addiu   $sp, $sp, 0x0068           ## $sp = 00000000
/* 00E6C 809AE74C 03E00008 */  jr      $ra                        
/* 00E70 809AE750 00000000 */  nop


glabel func_809AE754
/* 00E74 809AE754 27BDFFC0 */  addiu   $sp, $sp, 0xFFC0           ## $sp = FFFFFFC0
/* 00E78 809AE758 AFB00030 */  sw      $s0, 0x0030($sp)           
/* 00E7C 809AE75C 00808025 */  or      $s0, $a0, $zero            ## $s0 = 00000000
/* 00E80 809AE760 AFBF0034 */  sw      $ra, 0x0034($sp)           
/* 00E84 809AE764 AFA50044 */  sw      $a1, 0x0044($sp)           
/* 00E88 809AE768 02002025 */  or      $a0, $s0, $zero            ## $a0 = 00000000
/* 00E8C 809AE76C 0C26B6F2 */  jal     func_809ADBC8              
/* 00E90 809AE770 00002825 */  or      $a1, $zero, $zero          ## $a1 = 00000000
/* 00E94 809AE774 44800000 */  mtc1    $zero, $f0                 ## $f0 = 0.00
/* 00E98 809AE778 860E028C */  lh      $t6, 0x028C($s0)           ## 0000028C
/* 00E9C 809AE77C 26060024 */  addiu   $a2, $s0, 0x0024           ## $a2 = 00000024
/* 00EA0 809AE780 E6000070 */  swc1    $f0, 0x0070($s0)           ## 00000070
/* 00EA4 809AE784 11C00004 */  beq     $t6, $zero, .L809AE798     
/* 00EA8 809AE788 E6000068 */  swc1    $f0, 0x0068($s0)           ## 00000068
/* 00EAC 809AE78C A600028C */  sh      $zero, 0x028C($s0)         ## 0000028C
/* 00EB0 809AE790 3C01809B */  lui     $at, %hi(D_809B0F44)       ## $at = 809B0000
/* 00EB4 809AE794 AC200F44 */  sw      $zero, %lo(D_809B0F44)($at) 
.L809AE798:
/* 00EB8 809AE798 860F028E */  lh      $t7, 0x028E($s0)           ## 0000028E
/* 00EBC 809AE79C 3C01809B */  lui     $at, %hi(D_809B0F40)       ## $at = 809B0000
/* 00EC0 809AE7A0 00C02025 */  or      $a0, $a2, $zero            ## $a0 = 00000024
/* 00EC4 809AE7A4 11E00003 */  beq     $t7, $zero, .L809AE7B4     
/* 00EC8 809AE7A8 26050008 */  addiu   $a1, $s0, 0x0008           ## $a1 = 00000008
/* 00ECC 809AE7AC A600028E */  sh      $zero, 0x028E($s0)         ## 0000028E
/* 00ED0 809AE7B0 AC200F40 */  sw      $zero, %lo(D_809B0F40)($at) 
.L809AE7B4:
/* 00ED4 809AE7B4 9218034D */  lbu     $t8, 0x034D($s0)           ## 0000034D
/* 00ED8 809AE7B8 53000003 */  beql    $t8, $zero, .L809AE7C8     
/* 00EDC 809AE7BC 86020092 */  lh      $v0, 0x0092($s0)           ## 00000092
/* 00EE0 809AE7C0 A200034D */  sb      $zero, 0x034D($s0)         ## 0000034D
/* 00EE4 809AE7C4 86020092 */  lh      $v0, 0x0092($s0)           ## 00000092
.L809AE7C8:
/* 00EE8 809AE7C8 A6000030 */  sh      $zero, 0x0030($s0)         ## 00000030
/* 00EEC 809AE7CC 86190030 */  lh      $t9, 0x0030($s0)           ## 00000030
/* 00EF0 809AE7D0 A6020032 */  sh      $v0, 0x0032($s0)           ## 00000032
/* 00EF4 809AE7D4 A60200BE */  sh      $v0, 0x00BE($s0)           ## 000000BE
/* 00EF8 809AE7D8 A61900BC */  sh      $t9, 0x00BC($s0)           ## 000000BC
/* 00EFC 809AE7DC 0C03FD43 */  jal     func_800FF50C              
/* 00F00 809AE7E0 AFA60038 */  sw      $a2, 0x0038($sp)           
/* 00F04 809AE7E4 C604000C */  lwc1    $f4, 0x000C($s0)           ## 0000000C
/* 00F08 809AE7E8 8FA60038 */  lw      $a2, 0x0038($sp)           
/* 00F0C 809AE7EC 8E0700CC */  lw      $a3, 0x00CC($s0)           ## 000000CC
/* 00F10 809AE7F0 E6040088 */  swc1    $f4, 0x0088($s0)           ## 00000088
/* 00F14 809AE7F4 3C014100 */  lui     $at, 0x4100                ## $at = 41000000
/* 00F18 809AE7F8 44813000 */  mtc1    $at, $f6                   ## $f6 = 8.00
/* 00F1C 809AE7FC 24080001 */  addiu   $t0, $zero, 0x0001         ## $t0 = 00000001
/* 00F20 809AE800 240901F4 */  addiu   $t1, $zero, 0x01F4         ## $t1 = 000001F4
/* 00F24 809AE804 240A000A */  addiu   $t2, $zero, 0x000A         ## $t2 = 0000000A
/* 00F28 809AE808 240B0001 */  addiu   $t3, $zero, 0x0001         ## $t3 = 00000001
/* 00F2C 809AE80C AFAB0020 */  sw      $t3, 0x0020($sp)           
/* 00F30 809AE810 AFAA001C */  sw      $t2, 0x001C($sp)           
/* 00F34 809AE814 AFA90018 */  sw      $t1, 0x0018($sp)           
/* 00F38 809AE818 AFA80010 */  sw      $t0, 0x0010($sp)           
/* 00F3C 809AE81C 8FA40044 */  lw      $a0, 0x0044($sp)           
/* 00F40 809AE820 02002825 */  or      $a1, $s0, $zero            ## $a1 = 00000000
/* 00F44 809AE824 0C02EF6B */  jal     func_800BBDAC              
/* 00F48 809AE828 E7A60014 */  swc1    $f6, 0x0014($sp)           
/* 00F4C 809AE82C 8E0C0004 */  lw      $t4, 0x0004($s0)           ## 00000004
/* 00F50 809AE830 3C010800 */  lui     $at, 0x0800                ## $at = 08000000
/* 00F54 809AE834 02002025 */  or      $a0, $s0, $zero            ## $a0 = 00000000
/* 00F58 809AE838 01816825 */  or      $t5, $t4, $at              ## $t5 = 08000000
/* 00F5C 809AE83C AE0D0004 */  sw      $t5, 0x0004($s0)           ## 00000004
/* 00F60 809AE840 0C02E3B2 */  jal     func_800B8EC8              
/* 00F64 809AE844 24053812 */  addiu   $a1, $zero, 0x3812         ## $a1 = 00003812
/* 00F68 809AE848 44804000 */  mtc1    $zero, $f8                 ## $f8 = 0.00
/* 00F6C 809AE84C 3C0F809B */  lui     $t7, %hi(func_809AE87C)    ## $t7 = 809B0000
/* 00F70 809AE850 240E0001 */  addiu   $t6, $zero, 0x0001         ## $t6 = 00000001
/* 00F74 809AE854 25EFE87C */  addiu   $t7, $t7, %lo(func_809AE87C) ## $t7 = 809AE87C
/* 00F78 809AE858 AE0004B4 */  sw      $zero, 0x04B4($s0)         ## 000004B4
/* 00F7C 809AE85C A60E027C */  sh      $t6, 0x027C($s0)           ## 0000027C
/* 00F80 809AE860 AE0F0278 */  sw      $t7, 0x0278($s0)           ## 00000278
/* 00F84 809AE864 E6080074 */  swc1    $f8, 0x0074($s0)           ## 00000074
/* 00F88 809AE868 8FBF0034 */  lw      $ra, 0x0034($sp)           
/* 00F8C 809AE86C 8FB00030 */  lw      $s0, 0x0030($sp)           
/* 00F90 809AE870 27BD0040 */  addiu   $sp, $sp, 0x0040           ## $sp = 00000000
/* 00F94 809AE874 03E00008 */  jr      $ra                        
/* 00F98 809AE878 00000000 */  nop


glabel func_809AE87C
/* 00F9C 809AE87C 27BDFFC0 */  addiu   $sp, $sp, 0xFFC0           ## $sp = FFFFFFC0
/* 00FA0 809AE880 AFB10030 */  sw      $s1, 0x0030($sp)           
/* 00FA4 809AE884 AFB0002C */  sw      $s0, 0x002C($sp)           
/* 00FA8 809AE888 00808025 */  or      $s0, $a0, $zero            ## $s0 = 00000000
/* 00FAC 809AE88C 00A08825 */  or      $s1, $a1, $zero            ## $s1 = 00000000
/* 00FB0 809AE890 AFBF0034 */  sw      $ra, 0x0034($sp)           
/* 00FB4 809AE894 C604015C */  lwc1    $f4, 0x015C($s0)           ## 0000015C
/* 00FB8 809AE898 3C063ECC */  lui     $a2, 0x3ECC                ## $a2 = 3ECC0000
/* 00FBC 809AE89C 34C6CCCD */  ori     $a2, $a2, 0xCCCD           ## $a2 = 3ECCCCCD
/* 00FC0 809AE8A0 E7A4003C */  swc1    $f4, 0x003C($sp)           
/* 00FC4 809AE8A4 920E00B7 */  lbu     $t6, 0x00B7($s0)           ## 000000B7
/* 00FC8 809AE8A8 260400CC */  addiu   $a0, $s0, 0x00CC           ## $a0 = 000000CC
/* 00FCC 809AE8AC 3C054180 */  lui     $a1, 0x4180                ## $a1 = 41800000
/* 00FD0 809AE8B0 1DC00004 */  bgtz    $t6, .L809AE8C4            
/* 00FD4 809AE8B4 00000000 */  nop
/* 00FD8 809AE8B8 8E221CCC */  lw      $v0, 0x1CCC($s1)           ## 00001CCC
/* 00FDC 809AE8BC 240F0003 */  addiu   $t7, $zero, 0x0003         ## $t7 = 00000003
/* 00FE0 809AE8C0 A44F0118 */  sh      $t7, 0x0118($v0)           ## 00000118
.L809AE8C4:
/* 00FE4 809AE8C4 0C03FF7E */  jal     func_800FFDF8              
/* 00FE8 809AE8C8 3C074080 */  lui     $a3, 0x4080                ## $a3 = 40800000
/* 00FEC 809AE8CC 86050092 */  lh      $a1, 0x0092($s0)           ## 00000092
/* 00FF0 809AE8D0 24180014 */  addiu   $t8, $zero, 0x0014         ## $t8 = 00000014
/* 00FF4 809AE8D4 AFB80010 */  sw      $t8, 0x0010($sp)           
/* 00FF8 809AE8D8 26040032 */  addiu   $a0, $s0, 0x0032           ## $a0 = 00000032
/* 00FFC 809AE8DC 2406000A */  addiu   $a2, $zero, 0x000A         ## $a2 = 0000000A
/* 01000 809AE8E0 0C03FFAF */  jal     func_800FFEBC              
/* 01004 809AE8E4 24070BB8 */  addiu   $a3, $zero, 0x0BB8         ## $a3 = 00000BB8
/* 01008 809AE8E8 3C190002 */  lui     $t9, 0x0002                ## $t9 = 00020000
/* 0100C 809AE8EC 0331C821 */  addu    $t9, $t9, $s1              
/* 01010 809AE8F0 8F398840 */  lw      $t9, -0x77C0($t9)          ## 00018840
/* 01014 809AE8F4 02202025 */  or      $a0, $s1, $zero            ## $a0 = 00000000
/* 01018 809AE8F8 02002825 */  or      $a1, $s0, $zero            ## $a1 = 00000000
/* 0101C 809AE8FC 33280007 */  andi    $t0, $t9, 0x0007           ## $t0 = 00000000
/* 01020 809AE900 1500000E */  bne     $t0, $zero, .L809AE93C     
/* 01024 809AE904 26060024 */  addiu   $a2, $s0, 0x0024           ## $a2 = 00000024
/* 01028 809AE908 8E0700CC */  lw      $a3, 0x00CC($s0)           ## 000000CC
/* 0102C 809AE90C 3C014100 */  lui     $at, 0x4100                ## $at = 41000000
/* 01030 809AE910 44813000 */  mtc1    $at, $f6                   ## $f6 = 8.00
/* 01034 809AE914 24090001 */  addiu   $t1, $zero, 0x0001         ## $t1 = 00000001
/* 01038 809AE918 240A01F4 */  addiu   $t2, $zero, 0x01F4         ## $t2 = 000001F4
/* 0103C 809AE91C 240B000A */  addiu   $t3, $zero, 0x000A         ## $t3 = 0000000A
/* 01040 809AE920 240C0001 */  addiu   $t4, $zero, 0x0001         ## $t4 = 00000001
/* 01044 809AE924 AFAC0020 */  sw      $t4, 0x0020($sp)           
/* 01048 809AE928 AFAB001C */  sw      $t3, 0x001C($sp)           
/* 0104C 809AE92C AFAA0018 */  sw      $t2, 0x0018($sp)           
/* 01050 809AE930 AFA90010 */  sw      $t1, 0x0010($sp)           
/* 01054 809AE934 0C02EF6B */  jal     func_800BBDAC              
/* 01058 809AE938 E7A60014 */  swc1    $f6, 0x0014($sp)           
.L809AE93C:
/* 0105C 809AE93C C7A8003C */  lwc1    $f8, 0x003C($sp)           
/* 01060 809AE940 C60A0350 */  lwc1    $f10, 0x0350($s0)          ## 00000350
/* 01064 809AE944 3C01C040 */  lui     $at, 0xC040                ## $at = C0400000
/* 01068 809AE948 4608503E */  c.le.s  $f10, $f8                  
/* 0106C 809AE94C 00000000 */  nop
/* 01070 809AE950 45020013 */  bc1fl   .L809AE9A0                 
/* 01074 809AE954 8FBF0034 */  lw      $ra, 0x0034($sp)           
/* 01078 809AE958 920D00B7 */  lbu     $t5, 0x00B7($s0)           ## 000000B7
/* 0107C 809AE95C 44818000 */  mtc1    $at, $f16                  ## $f16 = -3.00
/* 01080 809AE960 02002025 */  or      $a0, $s0, $zero            ## $a0 = 00000000
/* 01084 809AE964 19A0000B */  blez    $t5, .L809AE994            
/* 01088 809AE968 E6100074 */  swc1    $f16, 0x0074($s0)          ## 00000074
/* 0108C 809AE96C 8E0E0004 */  lw      $t6, 0x0004($s0)           ## 00000004
/* 01090 809AE970 3C01F7FF */  lui     $at, 0xF7FF                ## $at = F7FF0000
/* 01094 809AE974 3421FFFF */  ori     $at, $at, 0xFFFF           ## $at = F7FFFFFF
/* 01098 809AE978 01C17824 */  and     $t7, $t6, $at              
/* 0109C 809AE97C AE0F0004 */  sw      $t7, 0x0004($s0)           ## 00000004
/* 010A0 809AE980 02002025 */  or      $a0, $s0, $zero            ## $a0 = 00000000
/* 010A4 809AE984 0C26BA6C */  jal     func_809AE9B0              
/* 010A8 809AE988 02202825 */  or      $a1, $s1, $zero            ## $a1 = 00000000
/* 010AC 809AE98C 10000004 */  beq     $zero, $zero, .L809AE9A0   
/* 010B0 809AE990 8FBF0034 */  lw      $ra, 0x0034($sp)           
.L809AE994:
/* 010B4 809AE994 0C26BE96 */  jal     func_809AFA58              
/* 010B8 809AE998 02202825 */  or      $a1, $s1, $zero            ## $a1 = 00000000
/* 010BC 809AE99C 8FBF0034 */  lw      $ra, 0x0034($sp)           
.L809AE9A0:
/* 010C0 809AE9A0 8FB0002C */  lw      $s0, 0x002C($sp)           
/* 010C4 809AE9A4 8FB10030 */  lw      $s1, 0x0030($sp)           
/* 010C8 809AE9A8 03E00008 */  jr      $ra                        
/* 010CC 809AE9AC 27BD0040 */  addiu   $sp, $sp, 0x0040           ## $sp = 00000000


glabel func_809AE9B0
/* 010D0 809AE9B0 27BDFFE0 */  addiu   $sp, $sp, 0xFFE0           ## $sp = FFFFFFE0
/* 010D4 809AE9B4 AFBF0014 */  sw      $ra, 0x0014($sp)           
/* 010D8 809AE9B8 00A03025 */  or      $a2, $a1, $zero            ## $a2 = 00000000
/* 010DC 809AE9BC 8CCE1CCC */  lw      $t6, 0x1CCC($a2)           ## 00001CCC
/* 010E0 809AE9C0 AFA40020 */  sw      $a0, 0x0020($sp)           
/* 010E4 809AE9C4 24050002 */  addiu   $a1, $zero, 0x0002         ## $a1 = 00000002
/* 010E8 809AE9C8 0C26B6F2 */  jal     func_809ADBC8              
/* 010EC 809AE9CC AFAE001C */  sw      $t6, 0x001C($sp)           
/* 010F0 809AE9D0 8FA40020 */  lw      $a0, 0x0020($sp)           
/* 010F4 809AE9D4 240F0258 */  addiu   $t7, $zero, 0x0258         ## $t7 = 00000258
/* 010F8 809AE9D8 24180002 */  addiu   $t8, $zero, 0x0002         ## $t8 = 00000002
/* 010FC 809AE9DC A48F0280 */  sh      $t7, 0x0280($a0)           ## 00000280
/* 01100 809AE9E0 A498027C */  sh      $t8, 0x027C($a0)           ## 0000027C
/* 01104 809AE9E4 8FB9001C */  lw      $t9, 0x001C($sp)           
/* 01108 809AE9E8 3C09809B */  lui     $t1, %hi(func_809AEA08)    ## $t1 = 809B0000
/* 0110C 809AE9EC 2529EA08 */  addiu   $t1, $t1, %lo(func_809AEA08) ## $t1 = 809AEA08
/* 01110 809AE9F0 872800BE */  lh      $t0, 0x00BE($t9)           ## 000000BE
/* 01114 809AE9F4 AC890278 */  sw      $t1, 0x0278($a0)           ## 00000278
/* 01118 809AE9F8 A488027E */  sh      $t0, 0x027E($a0)           ## 0000027E
/* 0111C 809AE9FC 8FBF0014 */  lw      $ra, 0x0014($sp)           
/* 01120 809AEA00 03E00008 */  jr      $ra                        
/* 01124 809AEA04 27BD0020 */  addiu   $sp, $sp, 0x0020           ## $sp = 00000000


glabel func_809AEA08
/* 01128 809AEA08 27BDFFB8 */  addiu   $sp, $sp, 0xFFB8           ## $sp = FFFFFFB8
/* 0112C 809AEA0C AFB00020 */  sw      $s0, 0x0020($sp)           
/* 01130 809AEA10 00808025 */  or      $s0, $a0, $zero            ## $s0 = 00000000
/* 01134 809AEA14 AFBF0024 */  sw      $ra, 0x0024($sp)           
/* 01138 809AEA18 AFA5004C */  sw      $a1, 0x004C($sp)           
/* 0113C 809AEA1C C604015C */  lwc1    $f4, 0x015C($s0)           ## 0000015C
/* 01140 809AEA20 8FAE004C */  lw      $t6, 0x004C($sp)           
/* 01144 809AEA24 02002025 */  or      $a0, $s0, $zero            ## $a0 = 00000000
/* 01148 809AEA28 E7A40044 */  swc1    $f4, 0x0044($sp)           
/* 0114C 809AEA2C 8DCF1CCC */  lw      $t7, 0x1CCC($t6)           ## 00001CCC
/* 01150 809AEA30 240531BD */  addiu   $a1, $zero, 0x31BD         ## $a1 = 000031BD
/* 01154 809AEA34 0C02E3B2 */  jal     func_800B8EC8              
/* 01158 809AEA38 AFAF0040 */  sw      $t7, 0x0040($sp)           
/* 0115C 809AEA3C 8602027C */  lh      $v0, 0x027C($s0)           ## 0000027C
/* 01160 809AEA40 24010001 */  addiu   $at, $zero, 0x0001         ## $at = 00000001
/* 01164 809AEA44 C7B00044 */  lwc1    $f16, 0x0044($sp)          
/* 01168 809AEA48 50410013 */  beql    $v0, $at, .L809AEA98       
/* 0116C 809AEA4C C6120350 */  lwc1    $f18, 0x0350($s0)          ## 00000350
/* 01170 809AEA50 10400010 */  beq     $v0, $zero, .L809AEA94     
/* 01174 809AEA54 8FB80040 */  lw      $t8, 0x0040($sp)           
/* 01178 809AEA58 C7060028 */  lwc1    $f6, 0x0028($t8)           ## 00000028
/* 0117C 809AEA5C C6080028 */  lwc1    $f8, 0x0028($s0)           ## 00000028
/* 01180 809AEA60 3C014270 */  lui     $at, 0x4270                ## $at = 42700000
/* 01184 809AEA64 44815000 */  mtc1    $at, $f10                  ## $f10 = 60.00
/* 01188 809AEA68 46083001 */  sub.s   $f0, $f6, $f8              
/* 0118C 809AEA6C 02002025 */  or      $a0, $s0, $zero            ## $a0 = 00000000
/* 01190 809AEA70 46000005 */  abs.s   $f0, $f0                   
/* 01194 809AEA74 4600503C */  c.lt.s  $f10, $f0                  
/* 01198 809AEA78 00000000 */  nop
/* 0119C 809AEA7C 45020006 */  bc1fl   .L809AEA98                 
/* 011A0 809AEA80 C6120350 */  lwc1    $f18, 0x0350($s0)          ## 00000350
/* 011A4 809AEA84 0C26B9D5 */  jal     func_809AE754              
/* 011A8 809AEA88 8FA5004C */  lw      $a1, 0x004C($sp)           
/* 011AC 809AEA8C 10000082 */  beq     $zero, $zero, .L809AEC98   
/* 011B0 809AEA90 8FBF0024 */  lw      $ra, 0x0024($sp)           
.L809AEA94:
/* 011B4 809AEA94 C6120350 */  lwc1    $f18, 0x0350($s0)          ## 00000350
.L809AEA98:
/* 011B8 809AEA98 4612803C */  c.lt.s  $f16, $f18                 
/* 011BC 809AEA9C 00000000 */  nop
/* 011C0 809AEAA0 45020006 */  bc1fl   .L809AEABC                 
/* 011C4 809AEAA4 96190090 */  lhu     $t9, 0x0090($s0)           ## 00000090
/* 011C8 809AEAA8 0C04DB34 */  jal     func_80136CD0              
/* 011CC 809AEAAC 26040144 */  addiu   $a0, $s0, 0x0144           ## $a0 = 00000144
/* 011D0 809AEAB0 10000008 */  beq     $zero, $zero, .L809AEAD4   
/* 011D4 809AEAB4 26040144 */  addiu   $a0, $s0, 0x0144           ## $a0 = 00000144
/* 011D8 809AEAB8 96190090 */  lhu     $t9, 0x0090($s0)           ## 00000090
.L809AEABC:
/* 011DC 809AEABC 33280001 */  andi    $t0, $t9, 0x0001           ## $t0 = 00000000
/* 011E0 809AEAC0 51000004 */  beql    $t0, $zero, .L809AEAD4     
/* 011E4 809AEAC4 26040144 */  addiu   $a0, $s0, 0x0144           ## $a0 = 00000144
/* 011E8 809AEAC8 0C04DB34 */  jal     func_80136CD0              
/* 011EC 809AEACC 26040144 */  addiu   $a0, $s0, 0x0144           ## $a0 = 00000144
/* 011F0 809AEAD0 26040144 */  addiu   $a0, $s0, 0x0144           ## $a0 = 00000144
.L809AEAD4:
/* 011F4 809AEAD4 AFA40028 */  sw      $a0, 0x0028($sp)           
/* 011F8 809AEAD8 0C04DE2E */  jal     func_801378B8              
/* 011FC 809AEADC 3C0540C0 */  lui     $a1, 0x40C0                ## $a1 = 40C00000
/* 01200 809AEAE0 1040000D */  beq     $v0, $zero, .L809AEB18     
/* 01204 809AEAE4 3C014120 */  lui     $at, 0x4120                ## $at = 41200000
/* 01208 809AEAE8 44812000 */  mtc1    $at, $f4                   ## $f4 = 10.00
/* 0120C 809AEAEC 3C0A0002 */  lui     $t2, 0x0002                ## $t2 = 00020000
/* 01210 809AEAF0 02002025 */  or      $a0, $s0, $zero            ## $a0 = 00000000
/* 01214 809AEAF4 E6040068 */  swc1    $f4, 0x0068($s0)           ## 00000068
/* 01218 809AEAF8 8FA9004C */  lw      $t1, 0x004C($sp)           
/* 0121C 809AEAFC 01495021 */  addu    $t2, $t2, $t1              
/* 01220 809AEB00 8D4A8840 */  lw      $t2, -0x77C0($t2)          ## 00018840
/* 01224 809AEB04 314B0001 */  andi    $t3, $t2, 0x0001           ## $t3 = 00000000
/* 01228 809AEB08 55600004 */  bnel    $t3, $zero, .L809AEB1C     
/* 0122C 809AEB0C 8FA40028 */  lw      $a0, 0x0028($sp)           
/* 01230 809AEB10 0C02E3B2 */  jal     func_800B8EC8              
/* 01234 809AEB14 240539C0 */  addiu   $a1, $zero, 0x39C0         ## $a1 = 000039C0
.L809AEB18:
/* 01238 809AEB18 8FA40028 */  lw      $a0, 0x0028($sp)           
.L809AEB1C:
/* 0123C 809AEB1C 0C04DE2E */  jal     func_801378B8              
/* 01240 809AEB20 3C054140 */  lui     $a1, 0x4140                ## $a1 = 41400000
/* 01244 809AEB24 10400012 */  beq     $v0, $zero, .L809AEB70     
/* 01248 809AEB28 02002025 */  or      $a0, $s0, $zero            ## $a0 = 00000000
/* 0124C 809AEB2C 0C02E3B2 */  jal     func_800B8EC8              
/* 01250 809AEB30 240539C1 */  addiu   $a1, $zero, 0x39C1         ## $a1 = 000039C1
/* 01254 809AEB34 44803000 */  mtc1    $zero, $f6                 ## $f6 = 0.00
/* 01258 809AEB38 3C013F80 */  lui     $at, 0x3F80                ## $at = 3F800000
/* 0125C 809AEB3C 44816000 */  mtc1    $at, $f12                  ## $f12 = 1.00
/* 01260 809AEB40 0C05E565 */  jal     func_80179594              
/* 01264 809AEB44 E6060070 */  swc1    $f6, 0x0070($s0)           ## 00000070
/* 01268 809AEB48 3C013F00 */  lui     $at, 0x3F00                ## $at = 3F000000
/* 0126C 809AEB4C 44814000 */  mtc1    $at, $f8                   ## $f8 = 0.50
/* 01270 809AEB50 00000000 */  nop
/* 01274 809AEB54 4608003C */  c.lt.s  $f0, $f8                   
/* 01278 809AEB58 00000000 */  nop
/* 0127C 809AEB5C 45020005 */  bc1fl   .L809AEB74                 
/* 01280 809AEB60 860E0286 */  lh      $t6, 0x0286($s0)           ## 00000286
/* 01284 809AEB64 860C0280 */  lh      $t4, 0x0280($s0)           ## 00000280
/* 01288 809AEB68 000C6823 */  subu    $t5, $zero, $t4            
/* 0128C 809AEB6C A60D0280 */  sh      $t5, 0x0280($s0)           ## 00000280
.L809AEB70:
/* 01290 809AEB70 860E0286 */  lh      $t6, 0x0286($s0)           ## 00000286
.L809AEB74:
/* 01294 809AEB74 3C02809B */  lui     $v0, %hi(D_809B0F40)       ## $v0 = 809B0000
/* 01298 809AEB78 24420F40 */  addiu   $v0, $v0, %lo(D_809B0F40)  ## $v0 = 809B0F40
/* 0129C 809AEB7C 15C00016 */  bne     $t6, $zero, .L809AEBD8     
/* 012A0 809AEB80 260400BE */  addiu   $a0, $s0, 0x00BE           ## $a0 = 000000BE
/* 012A4 809AEB84 8C4F0000 */  lw      $t7, 0x0000($v0)           ## 809B0F40
/* 012A8 809AEB88 3C18809B */  lui     $t8, %hi(D_809B0F44)       ## $t8 = 809B0000
/* 012AC 809AEB8C 55E00013 */  bnel    $t7, $zero, .L809AEBDC     
/* 012B0 809AEB90 86050092 */  lh      $a1, 0x0092($s0)           ## 00000092
/* 012B4 809AEB94 8F180F44 */  lw      $t8, %lo(D_809B0F44)($t8)  
/* 012B8 809AEB98 24080001 */  addiu   $t0, $zero, 0x0001         ## $t0 = 00000001
/* 012BC 809AEB9C 24090001 */  addiu   $t1, $zero, 0x0001         ## $t1 = 00000001
/* 012C0 809AEBA0 13000004 */  beq     $t8, $zero, .L809AEBB4     
/* 012C4 809AEBA4 240A0004 */  addiu   $t2, $zero, 0x0004         ## $t2 = 00000004
/* 012C8 809AEBA8 8619028C */  lh      $t9, 0x028C($s0)           ## 0000028C
/* 012CC 809AEBAC 5320000B */  beql    $t9, $zero, .L809AEBDC     
/* 012D0 809AEBB0 86050092 */  lh      $a1, 0x0092($s0)           ## 00000092
.L809AEBB4:
/* 012D4 809AEBB4 44805000 */  mtc1    $zero, $f10                ## $f10 = 0.00
/* 012D8 809AEBB8 AC480000 */  sw      $t0, 0x0000($v0)           ## 809B0F40
/* 012DC 809AEBBC A609028E */  sh      $t1, 0x028E($s0)           ## 0000028E
/* 012E0 809AEBC0 A60A027C */  sh      $t2, 0x027C($s0)           ## 0000027C
/* 012E4 809AEBC4 02002025 */  or      $a0, $s0, $zero            ## $a0 = 00000000
/* 012E8 809AEBC8 0C26BB55 */  jal     func_809AED54              
/* 012EC 809AEBCC E60A0070 */  swc1    $f10, 0x0070($s0)          ## 00000070
/* 012F0 809AEBD0 10000031 */  beq     $zero, $zero, .L809AEC98   
/* 012F4 809AEBD4 8FBF0024 */  lw      $ra, 0x0024($sp)           
.L809AEBD8:
/* 012F8 809AEBD8 86050092 */  lh      $a1, 0x0092($s0)           ## 00000092
.L809AEBDC:
/* 012FC 809AEBDC 240B0014 */  addiu   $t3, $zero, 0x0014         ## $t3 = 00000014
/* 01300 809AEBE0 AFAB0010 */  sw      $t3, 0x0010($sp)           
/* 01304 809AEBE4 2406000A */  addiu   $a2, $zero, 0x000A         ## $a2 = 0000000A
/* 01308 809AEBE8 0C03FFAF */  jal     func_800FFEBC              
/* 0130C 809AEBEC 24070FA0 */  addiu   $a3, $zero, 0x0FA0         ## $a3 = 00000FA0
/* 01310 809AEBF0 3C063E99 */  lui     $a2, 0x3E99                ## $a2 = 3E990000
/* 01314 809AEBF4 34C6999A */  ori     $a2, $a2, 0x999A           ## $a2 = 3E99999A
/* 01318 809AEBF8 26040070 */  addiu   $a0, $s0, 0x0070           ## $a0 = 00000070
/* 0131C 809AEBFC 3C0540A0 */  lui     $a1, 0x40A0                ## $a1 = 40A00000
/* 01320 809AEC00 0C03FF7E */  jal     func_800FFDF8              
/* 01324 809AEC04 3C074000 */  lui     $a3, 0x4000                ## $a3 = 40000000
/* 01328 809AEC08 860C027E */  lh      $t4, 0x027E($s0)           ## 0000027E
/* 0132C 809AEC0C 860D0280 */  lh      $t5, 0x0280($s0)           ## 00000280
/* 01330 809AEC10 018D7021 */  addu    $t6, $t4, $t5              
/* 01334 809AEC14 A60E027E */  sh      $t6, 0x027E($s0)           ## 0000027E
/* 01338 809AEC18 0C03FB61 */  jal     func_800FED84              
/* 0133C 809AEC1C 8604027E */  lh      $a0, 0x027E($s0)           ## 0000027E
/* 01340 809AEC20 3C014348 */  lui     $at, 0x4348                ## $at = 43480000
/* 01344 809AEC24 44818000 */  mtc1    $at, $f16                  ## $f16 = 200.00
/* 01348 809AEC28 8FAF0040 */  lw      $t7, 0x0040($sp)           
/* 0134C 809AEC2C 46100482 */  mul.s   $f18, $f0, $f16            
/* 01350 809AEC30 C5E40024 */  lwc1    $f4, 0x0024($t7)           ## 00000024
/* 01354 809AEC34 46049180 */  add.s   $f6, $f18, $f4             
/* 01358 809AEC38 E7A60034 */  swc1    $f6, 0x0034($sp)           
/* 0135C 809AEC3C C6080028 */  lwc1    $f8, 0x0028($s0)           ## 00000028
/* 01360 809AEC40 E7A80038 */  swc1    $f8, 0x0038($sp)           
/* 01364 809AEC44 0C03FB51 */  jal     func_800FED44              
/* 01368 809AEC48 8604027E */  lh      $a0, 0x027E($s0)           ## 0000027E
/* 0136C 809AEC4C 3C014348 */  lui     $at, 0x4348                ## $at = 43480000
/* 01370 809AEC50 44815000 */  mtc1    $at, $f10                  ## $f10 = 200.00
/* 01374 809AEC54 8FB80040 */  lw      $t8, 0x0040($sp)           
/* 01378 809AEC58 26040024 */  addiu   $a0, $s0, 0x0024           ## $a0 = 00000024
/* 0137C 809AEC5C 460A0402 */  mul.s   $f16, $f0, $f10            
/* 01380 809AEC60 C712002C */  lwc1    $f18, 0x002C($t8)          ## 0000002C
/* 01384 809AEC64 27A50034 */  addiu   $a1, $sp, 0x0034           ## $a1 = FFFFFFEC
/* 01388 809AEC68 46128100 */  add.s   $f4, $f16, $f18            
/* 0138C 809AEC6C 0C03FE98 */  jal     func_800FFA60              
/* 01390 809AEC70 E7A4003C */  swc1    $f4, 0x003C($sp)           
/* 01394 809AEC74 00022C00 */  sll     $a1, $v0, 16               
/* 01398 809AEC78 24190014 */  addiu   $t9, $zero, 0x0014         ## $t9 = 00000014
/* 0139C 809AEC7C AFB90010 */  sw      $t9, 0x0010($sp)           
/* 013A0 809AEC80 00052C03 */  sra     $a1, $a1, 16               
/* 013A4 809AEC84 26040032 */  addiu   $a0, $s0, 0x0032           ## $a0 = 00000032
/* 013A8 809AEC88 2406000A */  addiu   $a2, $zero, 0x000A         ## $a2 = 0000000A
/* 013AC 809AEC8C 0C03FFAF */  jal     func_800FFEBC              
/* 013B0 809AEC90 24070FA0 */  addiu   $a3, $zero, 0x0FA0         ## $a3 = 00000FA0
/* 013B4 809AEC94 8FBF0024 */  lw      $ra, 0x0024($sp)           
.L809AEC98:
/* 013B8 809AEC98 8FB00020 */  lw      $s0, 0x0020($sp)           
/* 013BC 809AEC9C 27BD0048 */  addiu   $sp, $sp, 0x0048           ## $sp = 00000000
/* 013C0 809AECA0 03E00008 */  jr      $ra                        
/* 013C4 809AECA4 00000000 */  nop


glabel func_809AECA8
/* 013C8 809AECA8 27BDFFE8 */  addiu   $sp, $sp, 0xFFE8           ## $sp = FFFFFFE8
/* 013CC 809AECAC AFBF0014 */  sw      $ra, 0x0014($sp)           
/* 013D0 809AECB0 24050003 */  addiu   $a1, $zero, 0x0003         ## $a1 = 00000003
/* 013D4 809AECB4 0C26B6F2 */  jal     func_809ADBC8              
/* 013D8 809AECB8 AFA40018 */  sw      $a0, 0x0018($sp)           
/* 013DC 809AECBC 8FA40018 */  lw      $a0, 0x0018($sp)           
/* 013E0 809AECC0 240E0003 */  addiu   $t6, $zero, 0x0003         ## $t6 = 00000003
/* 013E4 809AECC4 24051806 */  addiu   $a1, $zero, 0x1806         ## $a1 = 00001806
/* 013E8 809AECC8 848F0092 */  lh      $t7, 0x0092($a0)           ## 00000092
/* 013EC 809AECCC A48E027C */  sh      $t6, 0x027C($a0)           ## 0000027C
/* 013F0 809AECD0 0C02E3B2 */  jal     func_800B8EC8              
/* 013F4 809AECD4 A48F0032 */  sh      $t7, 0x0032($a0)           ## 00000032
/* 013F8 809AECD8 8FA40018 */  lw      $a0, 0x0018($sp)           
/* 013FC 809AECDC 3C08809B */  lui     $t0, %hi(func_809AED00)    ## $t0 = 809B0000
/* 01400 809AECE0 2508ED00 */  addiu   $t0, $t0, %lo(func_809AED00) ## $t0 = 809AED00
/* 01404 809AECE4 9098036D */  lbu     $t8, 0x036D($a0)           ## 0000036D
/* 01408 809AECE8 AC880278 */  sw      $t0, 0x0278($a0)           ## 00000278
/* 0140C 809AECEC 37190004 */  ori     $t9, $t8, 0x0004           ## $t9 = 00000004
/* 01410 809AECF0 A099036D */  sb      $t9, 0x036D($a0)           ## 0000036D
/* 01414 809AECF4 8FBF0014 */  lw      $ra, 0x0014($sp)           
/* 01418 809AECF8 03E00008 */  jr      $ra                        
/* 0141C 809AECFC 27BD0018 */  addiu   $sp, $sp, 0x0018           ## $sp = 00000000


glabel func_809AED00
/* 01420 809AED00 27BDFFE8 */  addiu   $sp, $sp, 0xFFE8           ## $sp = FFFFFFE8
/* 01424 809AED04 AFBF0014 */  sw      $ra, 0x0014($sp)           
/* 01428 809AED08 C480015C */  lwc1    $f0, 0x015C($a0)           ## 0000015C
/* 0142C 809AED0C C4840350 */  lwc1    $f4, 0x0350($a0)           ## 00000350
/* 01430 809AED10 4600203E */  c.le.s  $f4, $f0                   
/* 01434 809AED14 00000000 */  nop
/* 01438 809AED18 4502000B */  bc1fl   .L809AED48                 
/* 0143C 809AED1C 8FBF0014 */  lw      $ra, 0x0014($sp)           
/* 01440 809AED20 848E028E */  lh      $t6, 0x028E($a0)           ## 0000028E
/* 01444 809AED24 A480028A */  sh      $zero, 0x028A($a0)         ## 0000028A
/* 01448 809AED28 3C01809B */  lui     $at, %hi(D_809B0F40)       ## $at = 809B0000
/* 0144C 809AED2C 11C00003 */  beq     $t6, $zero, .L809AED3C     
/* 01450 809AED30 00000000 */  nop
/* 01454 809AED34 A480028E */  sh      $zero, 0x028E($a0)         ## 0000028E
/* 01458 809AED38 AC200F40 */  sw      $zero, %lo(D_809B0F40)($at) 
.L809AED3C:
/* 0145C 809AED3C 0C26BA6C */  jal     func_809AE9B0              
/* 01460 809AED40 00000000 */  nop
/* 01464 809AED44 8FBF0014 */  lw      $ra, 0x0014($sp)           
.L809AED48:
/* 01468 809AED48 27BD0018 */  addiu   $sp, $sp, 0x0018           ## $sp = 00000000
/* 0146C 809AED4C 03E00008 */  jr      $ra                        
/* 01470 809AED50 00000000 */  nop


glabel func_809AED54
/* 01474 809AED54 27BDFFE8 */  addiu   $sp, $sp, 0xFFE8           ## $sp = FFFFFFE8
/* 01478 809AED58 AFBF0014 */  sw      $ra, 0x0014($sp)           
/* 0147C 809AED5C 24050004 */  addiu   $a1, $zero, 0x0004         ## $a1 = 00000004
/* 01480 809AED60 0C26B6F2 */  jal     func_809ADBC8              
/* 01484 809AED64 AFA40018 */  sw      $a0, 0x0018($sp)           
/* 01488 809AED68 8FA40018 */  lw      $a0, 0x0018($sp)           
/* 0148C 809AED6C 3C014120 */  lui     $at, 0x4120                ## $at = 41200000
/* 01490 809AED70 44812000 */  mtc1    $at, $f4                   ## $f4 = 10.00
/* 01494 809AED74 848E0092 */  lh      $t6, 0x0092($a0)           ## 00000092
/* 01498 809AED78 3C0141A0 */  lui     $at, 0x41A0                ## $at = 41A00000
/* 0149C 809AED7C 44813000 */  mtc1    $at, $f6                   ## $f6 = 20.00
/* 014A0 809AED80 3C18809B */  lui     $t8, %hi(func_809AEDAC)    ## $t8 = 809B0000
/* 014A4 809AED84 2718EDAC */  addiu   $t8, $t8, %lo(func_809AEDAC) ## $t8 = 809AEDAC
/* 014A8 809AED88 000E7823 */  subu    $t7, $zero, $t6            
/* 014AC 809AED8C A48F0032 */  sh      $t7, 0x0032($a0)           ## 00000032
/* 014B0 809AED90 AC980278 */  sw      $t8, 0x0278($a0)           ## 00000278
/* 014B4 809AED94 E4840070 */  swc1    $f4, 0x0070($a0)           ## 00000070
/* 014B8 809AED98 E4860068 */  swc1    $f6, 0x0068($a0)           ## 00000068
/* 014BC 809AED9C 8FBF0014 */  lw      $ra, 0x0014($sp)           
/* 014C0 809AEDA0 27BD0018 */  addiu   $sp, $sp, 0x0018           ## $sp = 00000000
/* 014C4 809AEDA4 03E00008 */  jr      $ra                        
/* 014C8 809AEDA8 00000000 */  nop


glabel func_809AEDAC
/* 014CC 809AEDAC 27BDFFD8 */  addiu   $sp, $sp, 0xFFD8           ## $sp = FFFFFFD8
/* 014D0 809AEDB0 AFB00020 */  sw      $s0, 0x0020($sp)           
/* 014D4 809AEDB4 00808025 */  or      $s0, $a0, $zero            ## $s0 = 00000000
/* 014D8 809AEDB8 AFBF0024 */  sw      $ra, 0x0024($sp)           
/* 014DC 809AEDBC AFA5002C */  sw      $a1, 0x002C($sp)           
/* 014E0 809AEDC0 860E0030 */  lh      $t6, 0x0030($s0)           ## 00000030
/* 014E4 809AEDC4 86050092 */  lh      $a1, 0x0092($s0)           ## 00000092
/* 014E8 809AEDC8 24180014 */  addiu   $t8, $zero, 0x0014         ## $t8 = 00000014
/* 014EC 809AEDCC 25CF1770 */  addiu   $t7, $t6, 0x1770           ## $t7 = 00001770
/* 014F0 809AEDD0 A60F0030 */  sh      $t7, 0x0030($s0)           ## 00000030
/* 014F4 809AEDD4 AFB80010 */  sw      $t8, 0x0010($sp)           
/* 014F8 809AEDD8 260400BE */  addiu   $a0, $s0, 0x00BE           ## $a0 = 000000BE
/* 014FC 809AEDDC 2406000A */  addiu   $a2, $zero, 0x000A         ## $a2 = 0000000A
/* 01500 809AEDE0 0C03FFAF */  jal     func_800FFEBC              
/* 01504 809AEDE4 24070FA0 */  addiu   $a3, $zero, 0x0FA0         ## $a3 = 00000FA0
/* 01508 809AEDE8 44800000 */  mtc1    $zero, $f0                 ## $f0 = 0.00
/* 0150C 809AEDEC C6040068 */  lwc1    $f4, 0x0068($s0)           ## 00000068
/* 01510 809AEDF0 4604003C */  c.lt.s  $f0, $f4                   
/* 01514 809AEDF4 00000000 */  nop
/* 01518 809AEDF8 4503000E */  bc1tl   .L809AEE34                 
/* 0151C 809AEDFC 8FBF0024 */  lw      $ra, 0x0024($sp)           
/* 01520 809AEE00 96190090 */  lhu     $t9, 0x0090($s0)           ## 00000090
/* 01524 809AEE04 02002025 */  or      $a0, $s0, $zero            ## $a0 = 00000000
/* 01528 809AEE08 33280001 */  andi    $t0, $t9, 0x0001           ## $t0 = 00000000
/* 0152C 809AEE0C 51000009 */  beql    $t0, $zero, .L809AEE34     
/* 01530 809AEE10 8FBF0024 */  lw      $ra, 0x0024($sp)           
/* 01534 809AEE14 86020092 */  lh      $v0, 0x0092($s0)           ## 00000092
/* 01538 809AEE18 A6000030 */  sh      $zero, 0x0030($s0)         ## 00000030
/* 0153C 809AEE1C E6000068 */  swc1    $f0, 0x0068($s0)           ## 00000068
/* 01540 809AEE20 E6000070 */  swc1    $f0, 0x0070($s0)           ## 00000070
/* 01544 809AEE24 A60200BE */  sh      $v0, 0x00BE($s0)           ## 000000BE
/* 01548 809AEE28 0C26BB91 */  jal     func_809AEE44              
/* 0154C 809AEE2C A6020032 */  sh      $v0, 0x0032($s0)           ## 00000032
/* 01550 809AEE30 8FBF0024 */  lw      $ra, 0x0024($sp)           
.L809AEE34:
/* 01554 809AEE34 8FB00020 */  lw      $s0, 0x0020($sp)           
/* 01558 809AEE38 27BD0028 */  addiu   $sp, $sp, 0x0028           ## $sp = 00000000
/* 0155C 809AEE3C 03E00008 */  jr      $ra                        
/* 01560 809AEE40 00000000 */  nop


glabel func_809AEE44
/* 01564 809AEE44 27BDFFE8 */  addiu   $sp, $sp, 0xFFE8           ## $sp = FFFFFFE8
/* 01568 809AEE48 AFBF0014 */  sw      $ra, 0x0014($sp)           
/* 0156C 809AEE4C 3C014170 */  lui     $at, 0x4170                ## $at = 41700000
/* 01570 809AEE50 44812000 */  mtc1    $at, $f4                   ## $f4 = 15.00
/* 01574 809AEE54 9099036D */  lbu     $t9, 0x036D($a0)           ## 0000036D
/* 01578 809AEE58 3C014150 */  lui     $at, 0x4150                ## $at = 41500000
/* 0157C 809AEE5C 44813000 */  mtc1    $at, $f6                   ## $f6 = 13.00
/* 01580 809AEE60 240E0005 */  addiu   $t6, $zero, 0x0005         ## $t6 = 00000005
/* 01584 809AEE64 240F0028 */  addiu   $t7, $zero, 0x0028         ## $t7 = 00000028
/* 01588 809AEE68 24180002 */  addiu   $t8, $zero, 0x0002         ## $t8 = 00000002
/* 0158C 809AEE6C 3328FFFB */  andi    $t0, $t9, 0xFFFB           ## $t0 = 00000000
/* 01590 809AEE70 A48E027C */  sh      $t6, 0x027C($a0)           ## 0000027C
/* 01594 809AEE74 A48F0282 */  sh      $t7, 0x0282($a0)           ## 00000282
/* 01598 809AEE78 A0980370 */  sb      $t8, 0x0370($a0)           ## 00000370
/* 0159C 809AEE7C A088036D */  sb      $t0, 0x036D($a0)           ## 0000036D
/* 015A0 809AEE80 E4840070 */  swc1    $f4, 0x0070($a0)           ## 00000070
/* 015A4 809AEE84 E4860068 */  swc1    $f6, 0x0068($a0)           ## 00000068
/* 015A8 809AEE88 AFA40018 */  sw      $a0, 0x0018($sp)           
/* 015AC 809AEE8C 0C02E3B2 */  jal     func_800B8EC8              
/* 015B0 809AEE90 24053812 */  addiu   $a1, $zero, 0x3812         ## $a1 = 00003812
/* 015B4 809AEE94 8FA40018 */  lw      $a0, 0x0018($sp)           
/* 015B8 809AEE98 0C02E3B2 */  jal     func_800B8EC8              
/* 015BC 809AEE9C 240539BE */  addiu   $a1, $zero, 0x39BE         ## $a1 = 000039BE
/* 015C0 809AEEA0 8FA40018 */  lw      $a0, 0x0018($sp)           
/* 015C4 809AEEA4 3C09809B */  lui     $t1, %hi(func_809AEEC0)    ## $t1 = 809B0000
/* 015C8 809AEEA8 2529EEC0 */  addiu   $t1, $t1, %lo(func_809AEEC0) ## $t1 = 809AEEC0
/* 015CC 809AEEAC AC890278 */  sw      $t1, 0x0278($a0)           ## 00000278
/* 015D0 809AEEB0 8FBF0014 */  lw      $ra, 0x0014($sp)           
/* 015D4 809AEEB4 27BD0018 */  addiu   $sp, $sp, 0x0018           ## $sp = 00000000
/* 015D8 809AEEB8 03E00008 */  jr      $ra                        
/* 015DC 809AEEBC 00000000 */  nop


glabel func_809AEEC0
/* 015E0 809AEEC0 27BDFFC8 */  addiu   $sp, $sp, 0xFFC8           ## $sp = FFFFFFC8
/* 015E4 809AEEC4 AFB00018 */  sw      $s0, 0x0018($sp)           
/* 015E8 809AEEC8 00808025 */  or      $s0, $a0, $zero            ## $s0 = 00000000
/* 015EC 809AEECC AFBF001C */  sw      $ra, 0x001C($sp)           
/* 015F0 809AEED0 AFA5003C */  sw      $a1, 0x003C($sp)           
/* 015F4 809AEED4 920203B8 */  lbu     $v0, 0x03B8($s0)           ## 000003B8
/* 015F8 809AEED8 C600015C */  lwc1    $f0, 0x015C($s0)           ## 0000015C
/* 015FC 809AEEDC 304E0004 */  andi    $t6, $v0, 0x0004           ## $t6 = 00000000
/* 01600 809AEEE0 15C00005 */  bne     $t6, $zero, .L809AEEF8     
/* 01604 809AEEE4 3059FFF9 */  andi    $t9, $v0, 0xFFF9           ## $t9 = 00000000
/* 01608 809AEEE8 920F0438 */  lbu     $t7, 0x0438($s0)           ## 00000438
/* 0160C 809AEEEC 31F80004 */  andi    $t8, $t7, 0x0004           ## $t8 = 00000000
/* 01610 809AEEF0 53000020 */  beql    $t8, $zero, .L809AEF74     
/* 01614 809AEEF4 44801000 */  mtc1    $zero, $f2                 ## $f2 = 0.00
.L809AEEF8:
/* 01618 809AEEF8 92080438 */  lbu     $t0, 0x0438($s0)           ## 00000438
/* 0161C 809AEEFC 920A034D */  lbu     $t2, 0x034D($s0)           ## 0000034D
/* 01620 809AEF00 A21903B8 */  sb      $t9, 0x03B8($s0)           ## 000003B8
/* 01624 809AEF04 3109FFF9 */  andi    $t1, $t0, 0xFFF9           ## $t1 = 00000000
/* 01628 809AEF08 15400019 */  bne     $t2, $zero, .L809AEF70     
/* 0162C 809AEF0C A2090438 */  sb      $t1, 0x0438($s0)           ## 00000438
/* 01630 809AEF10 86040092 */  lh      $a0, 0x0092($s0)           ## 00000092
/* 01634 809AEF14 0C06026B */  jal     func_801809AC              
/* 01638 809AEF18 00002825 */  or      $a1, $zero, $zero          ## $a1 = 00000000
/* 0163C 809AEF1C 44801000 */  mtc1    $zero, $f2                 ## $f2 = 0.00
/* 01640 809AEF20 3C01C120 */  lui     $at, 0xC120                ## $at = C1200000
/* 01644 809AEF24 44812000 */  mtc1    $at, $f4                   ## $f4 = -10.00
/* 01648 809AEF28 27A40024 */  addiu   $a0, $sp, 0x0024           ## $a0 = FFFFFFEC
/* 0164C 809AEF2C 26050FE0 */  addiu   $a1, $s0, 0x0FE0           ## $a1 = 00000FE0
/* 01650 809AEF30 E7A20024 */  swc1    $f2, 0x0024($sp)           
/* 01654 809AEF34 E7A20028 */  swc1    $f2, 0x0028($sp)           
/* 01658 809AEF38 0C0606A6 */  jal     func_80181A98              
/* 0165C 809AEF3C E7A4002C */  swc1    $f4, 0x002C($sp)           
/* 01660 809AEF40 24020001 */  addiu   $v0, $zero, 0x0001         ## $v0 = 00000001
/* 01664 809AEF44 A202034D */  sb      $v0, 0x034D($s0)           ## 0000034D
/* 01668 809AEF48 A6000282 */  sh      $zero, 0x0282($s0)         ## 00000282
/* 0166C 809AEF4C A202034C */  sb      $v0, 0x034C($s0)           ## 0000034C
/* 01670 809AEF50 260400EC */  addiu   $a0, $s0, 0x00EC           ## $a0 = 000000EC
/* 01674 809AEF54 240539BE */  addiu   $a1, $zero, 0x39BE         ## $a1 = 000039BE
/* 01678 809AEF58 0C068195 */  jal     func_801A0654              
/* 0167C 809AEF5C 00003025 */  or      $a2, $zero, $zero          ## $a2 = 00000000
/* 01680 809AEF60 0C26BCDA */  jal     func_809AF368              
/* 01684 809AEF64 02002025 */  or      $a0, $s0, $zero            ## $a0 = 00000000
/* 01688 809AEF68 1000003A */  beq     $zero, $zero, .L809AF054   
/* 0168C 809AEF6C 8FBF001C */  lw      $ra, 0x001C($sp)           
.L809AEF70:
/* 01690 809AEF70 44801000 */  mtc1    $zero, $f2                 ## $f2 = 0.00
.L809AEF74:
/* 01694 809AEF74 C6060068 */  lwc1    $f6, 0x0068($s0)           ## 00000068
/* 01698 809AEF78 4602303C */  c.lt.s  $f6, $f2                   
/* 0169C 809AEF7C 00000000 */  nop
/* 016A0 809AEF80 4502000A */  bc1fl   .L809AEFAC                 
/* 016A4 809AEF84 C60A0350 */  lwc1    $f10, 0x0350($s0)          ## 00000350
/* 016A8 809AEF88 960B0090 */  lhu     $t3, 0x0090($s0)           ## 00000090
/* 016AC 809AEF8C 3C014150 */  lui     $at, 0x4150                ## $at = 41500000
/* 016B0 809AEF90 316C0001 */  andi    $t4, $t3, 0x0001           ## $t4 = 00000000
/* 016B4 809AEF94 51800005 */  beql    $t4, $zero, .L809AEFAC     
/* 016B8 809AEF98 C60A0350 */  lwc1    $f10, 0x0350($s0)          ## 00000350
/* 016BC 809AEF9C 44814000 */  mtc1    $at, $f8                   ## $f8 = 13.00
/* 016C0 809AEFA0 00000000 */  nop
/* 016C4 809AEFA4 E6080068 */  swc1    $f8, 0x0068($s0)           ## 00000068
/* 016C8 809AEFA8 C60A0350 */  lwc1    $f10, 0x0350($s0)          ## 00000350
.L809AEFAC:
/* 016CC 809AEFAC 460A003C */  c.lt.s  $f0, $f10                  
/* 016D0 809AEFB0 00000000 */  nop
/* 016D4 809AEFB4 45030027 */  bc1tl   .L809AF054                 
/* 016D8 809AEFB8 8FBF001C */  lw      $ra, 0x001C($sp)           
/* 016DC 809AEFBC 860D0092 */  lh      $t5, 0x0092($s0)           ## 00000092
/* 016E0 809AEFC0 860E00BE */  lh      $t6, 0x00BE($s0)           ## 000000BE
/* 016E4 809AEFC4 3C0142C8 */  lui     $at, 0x42C8                ## $at = 42C80000
/* 016E8 809AEFC8 260400EC */  addiu   $a0, $s0, 0x00EC           ## $a0 = 000000EC
/* 016EC 809AEFCC 01AE1023 */  subu    $v0, $t5, $t6              
/* 016F0 809AEFD0 00021400 */  sll     $v0, $v0, 16               
/* 016F4 809AEFD4 00021403 */  sra     $v0, $v0, 16               
/* 016F8 809AEFD8 04410005 */  bgez    $v0, .L809AEFF0            
/* 016FC 809AEFDC 00021C00 */  sll     $v1, $v0, 16               
/* 01700 809AEFE0 00021823 */  subu    $v1, $zero, $v0            
/* 01704 809AEFE4 00031C00 */  sll     $v1, $v1, 16               
/* 01708 809AEFE8 10000002 */  beq     $zero, $zero, .L809AEFF4   
/* 0170C 809AEFEC 00031C03 */  sra     $v1, $v1, 16               
.L809AEFF0:
/* 01710 809AEFF0 00031C03 */  sra     $v1, $v1, 16               
.L809AEFF4:
/* 01714 809AEFF4 860F0282 */  lh      $t7, 0x0282($s0)           ## 00000282
/* 01718 809AEFF8 240539BE */  addiu   $a1, $zero, 0x39BE         ## $a1 = 000039BE
/* 0171C 809AEFFC 11E0000A */  beq     $t7, $zero, .L809AF028     
/* 01720 809AF000 00000000 */  nop
/* 01724 809AF004 C6100098 */  lwc1    $f16, 0x0098($s0)          ## 00000098
/* 01728 809AF008 44819000 */  mtc1    $at, $f18                  ## $f18 = 100.00
/* 0172C 809AF00C 28614301 */  slti    $at, $v1, 0x4301           
/* 01730 809AF010 4612803C */  c.lt.s  $f16, $f18                 
/* 01734 809AF014 00000000 */  nop
/* 01738 809AF018 45010003 */  bc1t    .L809AF028                 
/* 0173C 809AF01C 00000000 */  nop
/* 01740 809AF020 5420000C */  bnel    $at, $zero, .L809AF054     
/* 01744 809AF024 8FBF001C */  lw      $ra, 0x001C($sp)           
.L809AF028:
/* 01748 809AF028 0C068195 */  jal     func_801A0654              
/* 0174C 809AF02C 00003025 */  or      $a2, $zero, $zero          ## $a2 = 00000000
/* 01750 809AF030 3C053E99 */  lui     $a1, 0x3E99                ## $a1 = 3E990000
/* 01754 809AF034 34A5999A */  ori     $a1, $a1, 0x999A           ## $a1 = 3E99999A
/* 01758 809AF038 26040070 */  addiu   $a0, $s0, 0x0070           ## $a0 = 00000070
/* 0175C 809AF03C 0C03FF9A */  jal     func_800FFE68              
/* 01760 809AF040 3C064040 */  lui     $a2, 0x4040                ## $a2 = 40400000
/* 01764 809AF044 02002025 */  or      $a0, $s0, $zero            ## $a0 = 00000000
/* 01768 809AF048 0C26BC19 */  jal     func_809AF064              
/* 0176C 809AF04C 8FA5003C */  lw      $a1, 0x003C($sp)           
/* 01770 809AF050 8FBF001C */  lw      $ra, 0x001C($sp)           
.L809AF054:
/* 01774 809AF054 8FB00018 */  lw      $s0, 0x0018($sp)           
/* 01778 809AF058 27BD0038 */  addiu   $sp, $sp, 0x0038           ## $sp = 00000000
/* 0177C 809AF05C 03E00008 */  jr      $ra                        
/* 01780 809AF060 00000000 */  nop


glabel func_809AF064
/* 01784 809AF064 27BDFFC8 */  addiu   $sp, $sp, 0xFFC8           ## $sp = FFFFFFC8
/* 01788 809AF068 AFB00030 */  sw      $s0, 0x0030($sp)           
/* 0178C 809AF06C 00808025 */  or      $s0, $a0, $zero            ## $s0 = 00000000
/* 01790 809AF070 AFBF0034 */  sw      $ra, 0x0034($sp)           
/* 01794 809AF074 AFA5003C */  sw      $a1, 0x003C($sp)           
/* 01798 809AF078 02002025 */  or      $a0, $s0, $zero            ## $a0 = 00000000
/* 0179C 809AF07C 0C26B6F2 */  jal     func_809ADBC8              
/* 017A0 809AF080 24050005 */  addiu   $a1, $zero, 0x0005         ## $a1 = 00000005
/* 017A4 809AF084 240E0006 */  addiu   $t6, $zero, 0x0006         ## $t6 = 00000006
/* 017A8 809AF088 A60E027C */  sh      $t6, 0x027C($s0)           ## 0000027C
/* 017AC 809AF08C 8E0700CC */  lw      $a3, 0x00CC($s0)           ## 000000CC
/* 017B0 809AF090 3C014100 */  lui     $at, 0x4100                ## $at = 41000000
/* 017B4 809AF094 44812000 */  mtc1    $at, $f4                   ## $f4 = 8.00
/* 017B8 809AF098 240F0001 */  addiu   $t7, $zero, 0x0001         ## $t7 = 00000001
/* 017BC 809AF09C 241801F4 */  addiu   $t8, $zero, 0x01F4         ## $t8 = 000001F4
/* 017C0 809AF0A0 2419000A */  addiu   $t9, $zero, 0x000A         ## $t9 = 0000000A
/* 017C4 809AF0A4 24080001 */  addiu   $t0, $zero, 0x0001         ## $t0 = 00000001
/* 017C8 809AF0A8 AFA80020 */  sw      $t0, 0x0020($sp)           
/* 017CC 809AF0AC AFB9001C */  sw      $t9, 0x001C($sp)           
/* 017D0 809AF0B0 AFB80018 */  sw      $t8, 0x0018($sp)           
/* 017D4 809AF0B4 AFAF0010 */  sw      $t7, 0x0010($sp)           
/* 017D8 809AF0B8 8FA4003C */  lw      $a0, 0x003C($sp)           
/* 017DC 809AF0BC 02002825 */  or      $a1, $s0, $zero            ## $a1 = 00000000
/* 017E0 809AF0C0 26060024 */  addiu   $a2, $s0, 0x0024           ## $a2 = 00000024
/* 017E4 809AF0C4 0C02EF6B */  jal     func_800BBDAC              
/* 017E8 809AF0C8 E7A40014 */  swc1    $f4, 0x0014($sp)           
/* 017EC 809AF0CC 3C053E99 */  lui     $a1, 0x3E99                ## $a1 = 3E990000
/* 017F0 809AF0D0 34A5999A */  ori     $a1, $a1, 0x999A           ## $a1 = 3E99999A
/* 017F4 809AF0D4 26040070 */  addiu   $a0, $s0, 0x0070           ## $a0 = 00000070
/* 017F8 809AF0D8 0C03FF9A */  jal     func_800FFE68              
/* 017FC 809AF0DC 3C064040 */  lui     $a2, 0x4040                ## $a2 = 40400000
/* 01800 809AF0E0 A200034E */  sb      $zero, 0x034E($s0)         ## 0000034E
/* 01804 809AF0E4 02002025 */  or      $a0, $s0, $zero            ## $a0 = 00000000
/* 01808 809AF0E8 0C02E3B2 */  jal     func_800B8EC8              
/* 0180C 809AF0EC 24051818 */  addiu   $a1, $zero, 0x1818         ## $a1 = 00001818
/* 01810 809AF0F0 3C09809B */  lui     $t1, %hi(func_809AF110)    ## $t1 = 809B0000
/* 01814 809AF0F4 2529F110 */  addiu   $t1, $t1, %lo(func_809AF110) ## $t1 = 809AF110
/* 01818 809AF0F8 AE090278 */  sw      $t1, 0x0278($s0)           ## 00000278
/* 0181C 809AF0FC 8FBF0034 */  lw      $ra, 0x0034($sp)           
/* 01820 809AF100 8FB00030 */  lw      $s0, 0x0030($sp)           
/* 01824 809AF104 27BD0038 */  addiu   $sp, $sp, 0x0038           ## $sp = 00000000
/* 01828 809AF108 03E00008 */  jr      $ra                        
/* 0182C 809AF10C 00000000 */  nop


glabel func_809AF110
/* 01830 809AF110 27BDFFB0 */  addiu   $sp, $sp, 0xFFB0           ## $sp = FFFFFFB0
/* 01834 809AF114 AFB00030 */  sw      $s0, 0x0030($sp)           
/* 01838 809AF118 00808025 */  or      $s0, $a0, $zero            ## $s0 = 00000000
/* 0183C 809AF11C AFBF0034 */  sw      $ra, 0x0034($sp)           
/* 01840 809AF120 AFA50054 */  sw      $a1, 0x0054($sp)           
/* 01844 809AF124 C604015C */  lwc1    $f4, 0x015C($s0)           ## 0000015C
/* 01848 809AF128 26040070 */  addiu   $a0, $s0, 0x0070           ## $a0 = 00000070
/* 0184C 809AF12C 3C053F00 */  lui     $a1, 0x3F00                ## $a1 = 3F000000
/* 01850 809AF130 3C0640A0 */  lui     $a2, 0x40A0                ## $a2 = 40A00000
/* 01854 809AF134 0C03FF9A */  jal     func_800FFE68              
/* 01858 809AF138 E7A4004C */  swc1    $f4, 0x004C($sp)           
/* 0185C 809AF13C 8FA40054 */  lw      $a0, 0x0054($sp)           
/* 01860 809AF140 3C0E0002 */  lui     $t6, 0x0002                ## $t6 = 00020000
/* 01864 809AF144 02002825 */  or      $a1, $s0, $zero            ## $a1 = 00000000
/* 01868 809AF148 01C47021 */  addu    $t6, $t6, $a0              
/* 0186C 809AF14C 8DCE8840 */  lw      $t6, -0x77C0($t6)          ## 00018840
/* 01870 809AF150 26060024 */  addiu   $a2, $s0, 0x0024           ## $a2 = 00000024
/* 01874 809AF154 24180001 */  addiu   $t8, $zero, 0x0001         ## $t8 = 00000001
/* 01878 809AF158 31CF0007 */  andi    $t7, $t6, 0x0007           ## $t7 = 00000000
/* 0187C 809AF15C 15E0000C */  bne     $t7, $zero, .L809AF190     
/* 01880 809AF160 3C014100 */  lui     $at, 0x4100                ## $at = 41000000
/* 01884 809AF164 8E0700CC */  lw      $a3, 0x00CC($s0)           ## 000000CC
/* 01888 809AF168 44813000 */  mtc1    $at, $f6                   ## $f6 = 8.00
/* 0188C 809AF16C 241901F4 */  addiu   $t9, $zero, 0x01F4         ## $t9 = 000001F4
/* 01890 809AF170 2408000A */  addiu   $t0, $zero, 0x000A         ## $t0 = 0000000A
/* 01894 809AF174 24090001 */  addiu   $t1, $zero, 0x0001         ## $t1 = 00000001
/* 01898 809AF178 AFA90020 */  sw      $t1, 0x0020($sp)           
/* 0189C 809AF17C AFA8001C */  sw      $t0, 0x001C($sp)           
/* 018A0 809AF180 AFB90018 */  sw      $t9, 0x0018($sp)           
/* 018A4 809AF184 AFB80010 */  sw      $t8, 0x0010($sp)           
/* 018A8 809AF188 0C02EF6B */  jal     func_800BBDAC              
/* 018AC 809AF18C E7A60014 */  swc1    $f6, 0x0014($sp)           
.L809AF190:
/* 018B0 809AF190 920203B8 */  lbu     $v0, 0x03B8($s0)           ## 000003B8
/* 018B4 809AF194 240C0001 */  addiu   $t4, $zero, 0x0001         ## $t4 = 00000001
/* 018B8 809AF198 304A0002 */  andi    $t2, $v0, 0x0002           ## $t2 = 00000000
/* 018BC 809AF19C 15400005 */  bne     $t2, $zero, .L809AF1B4     
/* 018C0 809AF1A0 304DFFFD */  andi    $t5, $v0, 0xFFFD           ## $t5 = 00000000
/* 018C4 809AF1A4 92030438 */  lbu     $v1, 0x0438($s0)           ## 00000438
/* 018C8 809AF1A8 306B0002 */  andi    $t3, $v1, 0x0002           ## $t3 = 00000000
/* 018CC 809AF1AC 51600009 */  beql    $t3, $zero, .L809AF1D4     
/* 018D0 809AF1B0 30580004 */  andi    $t8, $v0, 0x0004           ## $t8 = 00000000
.L809AF1B4:
/* 018D4 809AF1B4 920E0438 */  lbu     $t6, 0x0438($s0)           ## 00000438
/* 018D8 809AF1B8 A20C034E */  sb      $t4, 0x034E($s0)           ## 0000034E
/* 018DC 809AF1BC A20D03B8 */  sb      $t5, 0x03B8($s0)           ## 000003B8
/* 018E0 809AF1C0 31CFFFFD */  andi    $t7, $t6, 0xFFFD           ## $t7 = 00000000
/* 018E4 809AF1C4 A20F0438 */  sb      $t7, 0x0438($s0)           ## 00000438
/* 018E8 809AF1C8 31E300FF */  andi    $v1, $t7, 0x00FF           ## $v1 = 00000000
/* 018EC 809AF1CC 31A200FF */  andi    $v0, $t5, 0x00FF           ## $v0 = 00000000
/* 018F0 809AF1D0 30580004 */  andi    $t8, $v0, 0x0004           ## $t8 = 00000000
.L809AF1D4:
/* 018F4 809AF1D4 17000003 */  bne     $t8, $zero, .L809AF1E4     
/* 018F8 809AF1D8 30790004 */  andi    $t9, $v1, 0x0004           ## $t9 = 00000000
/* 018FC 809AF1DC 5320001B */  beql    $t9, $zero, .L809AF24C     
/* 01900 809AF1E0 C7AA004C */  lwc1    $f10, 0x004C($sp)          
.L809AF1E4:
/* 01904 809AF1E4 920A034D */  lbu     $t2, 0x034D($s0)           ## 0000034D
/* 01908 809AF1E8 3048FFF9 */  andi    $t0, $v0, 0xFFF9           ## $t0 = 00000000
/* 0190C 809AF1EC 3069FFF9 */  andi    $t1, $v1, 0xFFF9           ## $t1 = 00000000
/* 01910 809AF1F0 A20803B8 */  sb      $t0, 0x03B8($s0)           ## 000003B8
/* 01914 809AF1F4 15400014 */  bne     $t2, $zero, .L809AF248     
/* 01918 809AF1F8 A2090438 */  sb      $t1, 0x0438($s0)           ## 00000438
/* 0191C 809AF1FC 86040092 */  lh      $a0, 0x0092($s0)           ## 00000092
/* 01920 809AF200 0C06026B */  jal     func_801809AC              
/* 01924 809AF204 00002825 */  or      $a1, $zero, $zero          ## $a1 = 00000000
/* 01928 809AF208 44800000 */  mtc1    $zero, $f0                 ## $f0 = 0.00
/* 0192C 809AF20C 3C01C120 */  lui     $at, 0xC120                ## $at = C1200000
/* 01930 809AF210 44814000 */  mtc1    $at, $f8                   ## $f8 = -10.00
/* 01934 809AF214 27A40040 */  addiu   $a0, $sp, 0x0040           ## $a0 = FFFFFFF0
/* 01938 809AF218 26050FE0 */  addiu   $a1, $s0, 0x0FE0           ## $a1 = 00000FE0
/* 0193C 809AF21C E7A00040 */  swc1    $f0, 0x0040($sp)           
/* 01940 809AF220 E7A00044 */  swc1    $f0, 0x0044($sp)           
/* 01944 809AF224 0C0606A6 */  jal     func_80181A98              
/* 01948 809AF228 E7A80048 */  swc1    $f8, 0x0048($sp)           
/* 0194C 809AF22C 24020001 */  addiu   $v0, $zero, 0x0001         ## $v0 = 00000001
/* 01950 809AF230 A202034D */  sb      $v0, 0x034D($s0)           ## 0000034D
/* 01954 809AF234 A202034C */  sb      $v0, 0x034C($s0)           ## 0000034C
/* 01958 809AF238 0C26BCDA */  jal     func_809AF368              
/* 0195C 809AF23C 02002025 */  or      $a0, $s0, $zero            ## $a0 = 00000000
/* 01960 809AF240 1000000E */  beq     $zero, $zero, .L809AF27C   
/* 01964 809AF244 8FBF0034 */  lw      $ra, 0x0034($sp)           
.L809AF248:
/* 01968 809AF248 C7AA004C */  lwc1    $f10, 0x004C($sp)          
.L809AF24C:
/* 0196C 809AF24C C6100350 */  lwc1    $f16, 0x0350($s0)          ## 00000350
/* 01970 809AF250 460A803E */  c.le.s  $f16, $f10                 
/* 01974 809AF254 00000000 */  nop
/* 01978 809AF258 45020008 */  bc1fl   .L809AF27C                 
/* 0197C 809AF25C 8FBF0034 */  lw      $ra, 0x0034($sp)           
/* 01980 809AF260 44800000 */  mtc1    $zero, $f0                 ## $f0 = 0.00
/* 01984 809AF264 240B0001 */  addiu   $t3, $zero, 0x0001         ## $t3 = 00000001
/* 01988 809AF268 A20B034C */  sb      $t3, 0x034C($s0)           ## 0000034C
/* 0198C 809AF26C 02002025 */  or      $a0, $s0, $zero            ## $a0 = 00000000
/* 01990 809AF270 0C26BCA3 */  jal     func_809AF28C              
/* 01994 809AF274 E6000070 */  swc1    $f0, 0x0070($s0)           ## 00000070
/* 01998 809AF278 8FBF0034 */  lw      $ra, 0x0034($sp)           
.L809AF27C:
/* 0199C 809AF27C 8FB00030 */  lw      $s0, 0x0030($sp)           
/* 019A0 809AF280 27BD0050 */  addiu   $sp, $sp, 0x0050           ## $sp = 00000000
/* 019A4 809AF284 03E00008 */  jr      $ra                        
/* 019A8 809AF288 00000000 */  nop


glabel func_809AF28C
/* 019AC 809AF28C 27BDFFE8 */  addiu   $sp, $sp, 0xFFE8           ## $sp = FFFFFFE8
/* 019B0 809AF290 AFBF0014 */  sw      $ra, 0x0014($sp)           
/* 019B4 809AF294 908E034E */  lbu     $t6, 0x034E($a0)           ## 0000034E
/* 019B8 809AF298 24050006 */  addiu   $a1, $zero, 0x0006         ## $a1 = 00000006
/* 019BC 809AF29C 11C00008 */  beq     $t6, $zero, .L809AF2C0     
/* 019C0 809AF2A0 00000000 */  nop
/* 019C4 809AF2A4 24050006 */  addiu   $a1, $zero, 0x0006         ## $a1 = 00000006
/* 019C8 809AF2A8 0C26B6F2 */  jal     func_809ADBC8              
/* 019CC 809AF2AC AFA40018 */  sw      $a0, 0x0018($sp)           
/* 019D0 809AF2B0 8FA40018 */  lw      $a0, 0x0018($sp)           
/* 019D4 809AF2B4 240F0014 */  addiu   $t7, $zero, 0x0014         ## $t7 = 00000014
/* 019D8 809AF2B8 10000006 */  beq     $zero, $zero, .L809AF2D4   
/* 019DC 809AF2BC A48F0288 */  sh      $t7, 0x0288($a0)           ## 00000288
.L809AF2C0:
/* 019E0 809AF2C0 0C26B6F2 */  jal     func_809ADBC8              
/* 019E4 809AF2C4 AFA40018 */  sw      $a0, 0x0018($sp)           
/* 019E8 809AF2C8 8FA40018 */  lw      $a0, 0x0018($sp)           
/* 019EC 809AF2CC 24180028 */  addiu   $t8, $zero, 0x0028         ## $t8 = 00000028
/* 019F0 809AF2D0 A4980288 */  sh      $t8, 0x0288($a0)           ## 00000288
.L809AF2D4:
/* 019F4 809AF2D4 3C08809B */  lui     $t0, %hi(func_809AF2F8)    ## $t0 = 809B0000
/* 019F8 809AF2D8 24190007 */  addiu   $t9, $zero, 0x0007         ## $t9 = 00000007
/* 019FC 809AF2DC 2508F2F8 */  addiu   $t0, $t0, %lo(func_809AF2F8) ## $t0 = 809AF2F8
/* 01A00 809AF2E0 A499027C */  sh      $t9, 0x027C($a0)           ## 0000027C
/* 01A04 809AF2E4 AC880278 */  sw      $t0, 0x0278($a0)           ## 00000278
/* 01A08 809AF2E8 8FBF0014 */  lw      $ra, 0x0014($sp)           
/* 01A0C 809AF2EC 27BD0018 */  addiu   $sp, $sp, 0x0018           ## $sp = 00000000
/* 01A10 809AF2F0 03E00008 */  jr      $ra                        
/* 01A14 809AF2F4 00000000 */  nop


glabel func_809AF2F8
/* 01A18 809AF2F8 27BDFFE8 */  addiu   $sp, $sp, 0xFFE8           ## $sp = FFFFFFE8
/* 01A1C 809AF2FC AFBF0014 */  sw      $ra, 0x0014($sp)           
/* 01A20 809AF300 AFA5001C */  sw      $a1, 0x001C($sp)           
/* 01A24 809AF304 00803025 */  or      $a2, $a0, $zero            ## $a2 = 00000000
/* 01A28 809AF308 84CE0288 */  lh      $t6, 0x0288($a2)           ## 00000288
/* 01A2C 809AF30C 2404001E */  addiu   $a0, $zero, 0x001E         ## $a0 = 0000001E
/* 01A30 809AF310 2405001E */  addiu   $a1, $zero, 0x001E         ## $a1 = 0000001E
/* 01A34 809AF314 55C00011 */  bnel    $t6, $zero, .L809AF35C     
/* 01A38 809AF318 8FBF0014 */  lw      $ra, 0x0014($sp)           
/* 01A3C 809AF31C 0C03FD14 */  jal     func_800FF450              
/* 01A40 809AF320 AFA60018 */  sw      $a2, 0x0018($sp)           
/* 01A44 809AF324 8FA40018 */  lw      $a0, 0x0018($sp)           
/* 01A48 809AF328 240F000A */  addiu   $t7, $zero, 0x000A         ## $t7 = 0000000A
/* 01A4C 809AF32C 3C01809B */  lui     $at, %hi(D_809B0F40)       ## $at = 809B0000
/* 01A50 809AF330 9098036D */  lbu     $t8, 0x036D($a0)           ## 0000036D
/* 01A54 809AF334 A4820286 */  sh      $v0, 0x0286($a0)           ## 00000286
/* 01A58 809AF338 A08F0370 */  sb      $t7, 0x0370($a0)           ## 00000370
/* 01A5C 809AF33C 37190004 */  ori     $t9, $t8, 0x0004           ## $t9 = 00000004
/* 01A60 809AF340 A099036D */  sb      $t9, 0x036D($a0)           ## 0000036D
/* 01A64 809AF344 A080034E */  sb      $zero, 0x034E($a0)         ## 0000034E
/* 01A68 809AF348 AC200F40 */  sw      $zero, %lo(D_809B0F40)($at) 
/* 01A6C 809AF34C A480028E */  sh      $zero, 0x028E($a0)         ## 0000028E
/* 01A70 809AF350 0C26BA6C */  jal     func_809AE9B0              
/* 01A74 809AF354 8FA5001C */  lw      $a1, 0x001C($sp)           
/* 01A78 809AF358 8FBF0014 */  lw      $ra, 0x0014($sp)           
.L809AF35C:
/* 01A7C 809AF35C 27BD0018 */  addiu   $sp, $sp, 0x0018           ## $sp = 00000000
/* 01A80 809AF360 03E00008 */  jr      $ra                        
/* 01A84 809AF364 00000000 */  nop


glabel func_809AF368
/* 01A88 809AF368 27BDFFE8 */  addiu   $sp, $sp, 0xFFE8           ## $sp = FFFFFFE8
/* 01A8C 809AF36C AFBF0014 */  sw      $ra, 0x0014($sp)           
/* 01A90 809AF370 24050007 */  addiu   $a1, $zero, 0x0007         ## $a1 = 00000007
/* 01A94 809AF374 0C26B6F2 */  jal     func_809ADBC8              
/* 01A98 809AF378 AFA40018 */  sw      $a0, 0x0018($sp)           
/* 01A9C 809AF37C 8FA40018 */  lw      $a0, 0x0018($sp)           
/* 01AA0 809AF380 44802000 */  mtc1    $zero, $f4                 ## $f4 = 0.00
/* 01AA4 809AF384 3C08809B */  lui     $t0, %hi(func_809AF3C0)    ## $t0 = 809B0000
/* 01AA8 809AF388 908E036D */  lbu     $t6, 0x036D($a0)           ## 0000036D
/* 01AAC 809AF38C 2418001E */  addiu   $t8, $zero, 0x001E         ## $t8 = 0000001E
/* 01AB0 809AF390 24190009 */  addiu   $t9, $zero, 0x0009         ## $t9 = 00000009
/* 01AB4 809AF394 2508F3C0 */  addiu   $t0, $t0, %lo(func_809AF3C0) ## $t0 = 809AF3C0
/* 01AB8 809AF398 31CFFFFB */  andi    $t7, $t6, 0xFFFB           ## $t7 = 00000000
/* 01ABC 809AF39C A08F036D */  sb      $t7, 0x036D($a0)           ## 0000036D
/* 01AC0 809AF3A0 A4980288 */  sh      $t8, 0x0288($a0)           ## 00000288
/* 01AC4 809AF3A4 A499027C */  sh      $t9, 0x027C($a0)           ## 0000027C
/* 01AC8 809AF3A8 AC880278 */  sw      $t0, 0x0278($a0)           ## 00000278
/* 01ACC 809AF3AC E4840070 */  swc1    $f4, 0x0070($a0)           ## 00000070
/* 01AD0 809AF3B0 8FBF0014 */  lw      $ra, 0x0014($sp)           
/* 01AD4 809AF3B4 27BD0018 */  addiu   $sp, $sp, 0x0018           ## $sp = 00000000
/* 01AD8 809AF3B8 03E00008 */  jr      $ra                        
/* 01ADC 809AF3BC 00000000 */  nop


glabel func_809AF3C0
/* 01AE0 809AF3C0 27BDFFE8 */  addiu   $sp, $sp, 0xFFE8           ## $sp = FFFFFFE8
/* 01AE4 809AF3C4 AFBF0014 */  sw      $ra, 0x0014($sp)           
/* 01AE8 809AF3C8 AFA5001C */  sw      $a1, 0x001C($sp)           
/* 01AEC 809AF3CC C480015C */  lwc1    $f0, 0x015C($a0)           ## 0000015C
/* 01AF0 809AF3D0 C4840350 */  lwc1    $f4, 0x0350($a0)           ## 00000350
/* 01AF4 809AF3D4 4600203E */  c.le.s  $f4, $f0                   
/* 01AF8 809AF3D8 00000000 */  nop
/* 01AFC 809AF3DC 45020004 */  bc1fl   .L809AF3F0                 
/* 01B00 809AF3E0 8FBF0014 */  lw      $ra, 0x0014($sp)           
/* 01B04 809AF3E4 0C26BCFF */  jal     func_809AF3FC              
/* 01B08 809AF3E8 00000000 */  nop
/* 01B0C 809AF3EC 8FBF0014 */  lw      $ra, 0x0014($sp)           
.L809AF3F0:
/* 01B10 809AF3F0 27BD0018 */  addiu   $sp, $sp, 0x0018           ## $sp = 00000000
/* 01B14 809AF3F4 03E00008 */  jr      $ra                        
/* 01B18 809AF3F8 00000000 */  nop


glabel func_809AF3FC
/* 01B1C 809AF3FC 27BDFFE8 */  addiu   $sp, $sp, 0xFFE8           ## $sp = FFFFFFE8
/* 01B20 809AF400 AFBF0014 */  sw      $ra, 0x0014($sp)           
/* 01B24 809AF404 24050008 */  addiu   $a1, $zero, 0x0008         ## $a1 = 00000008
/* 01B28 809AF408 0C26B6F2 */  jal     func_809ADBC8              
/* 01B2C 809AF40C AFA40018 */  sw      $a0, 0x0018($sp)           
/* 01B30 809AF410 8FA40018 */  lw      $a0, 0x0018($sp)           
/* 01B34 809AF414 3C18809B */  lui     $t8, %hi(func_809AF440)    ## $t8 = 809B0000
/* 01B38 809AF418 240E000A */  addiu   $t6, $zero, 0x000A         ## $t6 = 0000000A
/* 01B3C 809AF41C 240F001E */  addiu   $t7, $zero, 0x001E         ## $t7 = 0000001E
/* 01B40 809AF420 2718F440 */  addiu   $t8, $t8, %lo(func_809AF440) ## $t8 = 809AF440
/* 01B44 809AF424 A48E027C */  sh      $t6, 0x027C($a0)           ## 0000027C
/* 01B48 809AF428 A48F0288 */  sh      $t7, 0x0288($a0)           ## 00000288
/* 01B4C 809AF42C AC980278 */  sw      $t8, 0x0278($a0)           ## 00000278
/* 01B50 809AF430 8FBF0014 */  lw      $ra, 0x0014($sp)           
/* 01B54 809AF434 27BD0018 */  addiu   $sp, $sp, 0x0018           ## $sp = 00000000
/* 01B58 809AF438 03E00008 */  jr      $ra                        
/* 01B5C 809AF43C 00000000 */  nop


glabel func_809AF440
/* 01B60 809AF440 27BDFFE8 */  addiu   $sp, $sp, 0xFFE8           ## $sp = FFFFFFE8
/* 01B64 809AF444 AFBF0014 */  sw      $ra, 0x0014($sp)           
/* 01B68 809AF448 AFA5001C */  sw      $a1, 0x001C($sp)           
/* 01B6C 809AF44C 848E0288 */  lh      $t6, 0x0288($a0)           ## 00000288
/* 01B70 809AF450 55C00004 */  bnel    $t6, $zero, .L809AF464     
/* 01B74 809AF454 8FBF0014 */  lw      $ra, 0x0014($sp)           
/* 01B78 809AF458 0C26BDDB */  jal     func_809AF76C              
/* 01B7C 809AF45C 00000000 */  nop
/* 01B80 809AF460 8FBF0014 */  lw      $ra, 0x0014($sp)           
.L809AF464:
/* 01B84 809AF464 27BD0018 */  addiu   $sp, $sp, 0x0018           ## $sp = 00000000
/* 01B88 809AF468 03E00008 */  jr      $ra                        
/* 01B8C 809AF46C 00000000 */  nop


glabel func_809AF470
/* 01B90 809AF470 27BDFFD0 */  addiu   $sp, $sp, 0xFFD0           ## $sp = FFFFFFD0
/* 01B94 809AF474 AFB00018 */  sw      $s0, 0x0018($sp)           
/* 01B98 809AF478 00808025 */  or      $s0, $a0, $zero            ## $s0 = 00000000
/* 01B9C 809AF47C AFBF001C */  sw      $ra, 0x001C($sp)           
/* 01BA0 809AF480 260400EC */  addiu   $a0, $s0, 0x00EC           ## $a0 = 000000EC
/* 01BA4 809AF484 240539BE */  addiu   $a1, $zero, 0x39BE         ## $a1 = 000039BE
/* 01BA8 809AF488 0C068195 */  jal     func_801A0654              
/* 01BAC 809AF48C 00003025 */  or      $a2, $zero, $zero          ## $a2 = 00000000
/* 01BB0 809AF490 02002025 */  or      $a0, $s0, $zero            ## $a0 = 00000000
/* 01BB4 809AF494 0C26B6F2 */  jal     func_809ADBC8              
/* 01BB8 809AF498 24050009 */  addiu   $a1, $zero, 0x0009         ## $a1 = 00000009
/* 01BBC 809AF49C 860202AA */  lh      $v0, 0x02AA($s0)           ## 000002AA
/* 01BC0 809AF4A0 44802000 */  mtc1    $zero, $f4                 ## $f4 = 0.00
/* 01BC4 809AF4A4 240E001E */  addiu   $t6, $zero, 0x001E         ## $t6 = 0000001E
/* 01BC8 809AF4A8 2401000B */  addiu   $at, $zero, 0x000B         ## $at = 0000000B
/* 01BCC 809AF4AC A60E0288 */  sh      $t6, 0x0288($s0)           ## 00000288
/* 01BD0 809AF4B0 10410004 */  beq     $v0, $at, .L809AF4C4       
/* 01BD4 809AF4B4 E6040070 */  swc1    $f4, 0x0070($s0)           ## 00000070
/* 01BD8 809AF4B8 2401000A */  addiu   $at, $zero, 0x000A         ## $at = 0000000A
/* 01BDC 809AF4BC 54410007 */  bnel    $v0, $at, .L809AF4DC       
/* 01BE0 809AF4C0 24180028 */  addiu   $t8, $zero, 0x0028         ## $t8 = 00000028
.L809AF4C4:
/* 01BE4 809AF4C4 860F02A8 */  lh      $t7, 0x02A8($s0)           ## 000002A8
/* 01BE8 809AF4C8 55E00004 */  bnel    $t7, $zero, .L809AF4DC     
/* 01BEC 809AF4CC 24180028 */  addiu   $t8, $zero, 0x0028         ## $t8 = 00000028
/* 01BF0 809AF4D0 A60002A8 */  sh      $zero, 0x02A8($s0)         ## 000002A8
/* 01BF4 809AF4D4 A60002AA */  sh      $zero, 0x02AA($s0)         ## 000002AA
/* 01BF8 809AF4D8 24180028 */  addiu   $t8, $zero, 0x0028         ## $t8 = 00000028
.L809AF4DC:
/* 01BFC 809AF4DC A6180288 */  sh      $t8, 0x0288($s0)           ## 00000288
/* 01C00 809AF4E0 86040092 */  lh      $a0, 0x0092($s0)           ## 00000092
/* 01C04 809AF4E4 0C06026B */  jal     func_801809AC              
/* 01C08 809AF4E8 00002825 */  or      $a1, $zero, $zero          ## $a1 = 00000000
/* 01C0C 809AF4EC 3C01C120 */  lui     $at, 0xC120                ## $at = C1200000
/* 01C10 809AF4F0 44816000 */  mtc1    $at, $f12                  ## $f12 = -10.00
/* 01C14 809AF4F4 0C060704 */  jal     func_80181C10              
/* 01C18 809AF4F8 27A50024 */  addiu   $a1, $sp, 0x0024           ## $a1 = FFFFFFF4
/* 01C1C 809AF4FC 26040FE0 */  addiu   $a0, $s0, 0x0FE0           ## $a0 = 00000FE0
/* 01C20 809AF500 0C03FD43 */  jal     func_800FF50C              
/* 01C24 809AF504 27A50024 */  addiu   $a1, $sp, 0x0024           ## $a1 = FFFFFFF4
/* 01C28 809AF508 9208036D */  lbu     $t0, 0x036D($s0)           ## 0000036D
/* 01C2C 809AF50C 3C0A809B */  lui     $t2, %hi(func_809AF53C)    ## $t2 = 809B0000
/* 01C30 809AF510 24190008 */  addiu   $t9, $zero, 0x0008         ## $t9 = 00000008
/* 01C34 809AF514 254AF53C */  addiu   $t2, $t2, %lo(func_809AF53C) ## $t2 = 809AF53C
/* 01C38 809AF518 3109FFFB */  andi    $t1, $t0, 0xFFFB           ## $t1 = 00000000
/* 01C3C 809AF51C A619027C */  sh      $t9, 0x027C($s0)           ## 0000027C
/* 01C40 809AF520 A209036D */  sb      $t1, 0x036D($s0)           ## 0000036D
/* 01C44 809AF524 AE0A0278 */  sw      $t2, 0x0278($s0)           ## 00000278
/* 01C48 809AF528 8FBF001C */  lw      $ra, 0x001C($sp)           
/* 01C4C 809AF52C 8FB00018 */  lw      $s0, 0x0018($sp)           
/* 01C50 809AF530 27BD0030 */  addiu   $sp, $sp, 0x0030           ## $sp = 00000000
/* 01C54 809AF534 03E00008 */  jr      $ra                        
/* 01C58 809AF538 00000000 */  nop


glabel func_809AF53C
/* 01C5C 809AF53C 27BDFFD0 */  addiu   $sp, $sp, 0xFFD0           ## $sp = FFFFFFD0
/* 01C60 809AF540 AFB00028 */  sw      $s0, 0x0028($sp)           
/* 01C64 809AF544 00808025 */  or      $s0, $a0, $zero            ## $s0 = 00000000
/* 01C68 809AF548 AFBF002C */  sw      $ra, 0x002C($sp)           
/* 01C6C 809AF54C AFA50034 */  sw      $a1, 0x0034($sp)           
/* 01C70 809AF550 2403000B */  addiu   $v1, $zero, 0x000B         ## $v1 = 0000000B
/* 01C74 809AF554 860E02AA */  lh      $t6, 0x02AA($s0)           ## 000002AA
/* 01C78 809AF558 546E0008 */  bnel    $v1, $t6, .L809AF57C       
/* 01C7C 809AF55C 86180288 */  lh      $t8, 0x0288($s0)           ## 00000288
/* 01C80 809AF560 860202A8 */  lh      $v0, 0x02A8($s0)           ## 000002A8
/* 01C84 809AF564 10400004 */  beq     $v0, $zero, .L809AF578     
/* 01C88 809AF568 2841003C */  slti    $at, $v0, 0x003C           
/* 01C8C 809AF56C 10200002 */  beq     $at, $zero, .L809AF578     
/* 01C90 809AF570 240F000A */  addiu   $t7, $zero, 0x000A         ## $t7 = 0000000A
/* 01C94 809AF574 A60F02AA */  sh      $t7, 0x02AA($s0)           ## 000002AA
.L809AF578:
/* 01C98 809AF578 86180288 */  lh      $t8, 0x0288($s0)           ## 00000288
.L809AF57C:
/* 01C9C 809AF57C 5700001A */  bnel    $t8, $zero, .L809AF5E8     
/* 01CA0 809AF580 8FBF002C */  lw      $ra, 0x002C($sp)           
/* 01CA4 809AF584 861902A8 */  lh      $t9, 0x02A8($s0)           ## 000002A8
/* 01CA8 809AF588 57200017 */  bnel    $t9, $zero, .L809AF5E8     
/* 01CAC 809AF58C 8FBF002C */  lw      $ra, 0x002C($sp)           
/* 01CB0 809AF590 860202AA */  lh      $v0, 0x02AA($s0)           ## 000002AA
/* 01CB4 809AF594 2401000A */  addiu   $at, $zero, 0x000A         ## $at = 0000000A
/* 01CB8 809AF598 8FA40034 */  lw      $a0, 0x0034($sp)           
/* 01CBC 809AF59C 10620002 */  beq     $v1, $v0, .L809AF5A8       
/* 01CC0 809AF5A0 02002825 */  or      $a1, $s0, $zero            ## $a1 = 00000000
/* 01CC4 809AF5A4 1441000D */  bne     $v0, $at, .L809AF5DC       
.L809AF5A8:
/* 01CC8 809AF5A8 3C01809B */  lui     $at, %hi(D_809B1140)       ## $at = 809B0000
/* 01CCC 809AF5AC C4241140 */  lwc1    $f4, %lo(D_809B1140)($at)  
/* 01CD0 809AF5B0 3C01809B */  lui     $at, %hi(D_809B1144)       ## $at = 809B0000
/* 01CD4 809AF5B4 C4261144 */  lwc1    $f6, %lo(D_809B1144)($at)  
/* 01CD8 809AF5B8 24080002 */  addiu   $t0, $zero, 0x0002         ## $t0 = 00000002
/* 01CDC 809AF5BC AFA80010 */  sw      $t0, 0x0010($sp)           
/* 01CE0 809AF5C0 260602B4 */  addiu   $a2, $s0, 0x02B4           ## $a2 = 000002B4
/* 01CE4 809AF5C4 2407000C */  addiu   $a3, $zero, 0x000C         ## $a3 = 0000000C
/* 01CE8 809AF5C8 E7A40014 */  swc1    $f4, 0x0014($sp)           
/* 01CEC 809AF5CC 0C02FDF3 */  jal     func_800BF7CC              
/* 01CF0 809AF5D0 E7A60018 */  swc1    $f6, 0x0018($sp)           
/* 01CF4 809AF5D4 A60002A8 */  sh      $zero, 0x02A8($s0)         ## 000002A8
/* 01CF8 809AF5D8 A60002AA */  sh      $zero, 0x02AA($s0)         ## 000002AA
.L809AF5DC:
/* 01CFC 809AF5DC 0C26BDDB */  jal     func_809AF76C              
/* 01D00 809AF5E0 02002025 */  or      $a0, $s0, $zero            ## $a0 = 00000000
/* 01D04 809AF5E4 8FBF002C */  lw      $ra, 0x002C($sp)           
.L809AF5E8:
/* 01D08 809AF5E8 8FB00028 */  lw      $s0, 0x0028($sp)           
/* 01D0C 809AF5EC 27BD0030 */  addiu   $sp, $sp, 0x0030           ## $sp = 00000000
/* 01D10 809AF5F0 03E00008 */  jr      $ra                        
/* 01D14 809AF5F4 00000000 */  nop


glabel func_809AF5F8
/* 01D18 809AF5F8 27BDFFC0 */  addiu   $sp, $sp, 0xFFC0           ## $sp = FFFFFFC0
/* 01D1C 809AF5FC AFB00028 */  sw      $s0, 0x0028($sp)           
/* 01D20 809AF600 00808025 */  or      $s0, $a0, $zero            ## $s0 = 00000000
/* 01D24 809AF604 AFBF002C */  sw      $ra, 0x002C($sp)           
/* 01D28 809AF608 AFA50044 */  sw      $a1, 0x0044($sp)           
/* 01D2C 809AF60C 260400EC */  addiu   $a0, $s0, 0x00EC           ## $a0 = 000000EC
/* 01D30 809AF610 240539BE */  addiu   $a1, $zero, 0x39BE         ## $a1 = 000039BE
/* 01D34 809AF614 0C068195 */  jal     func_801A0654              
/* 01D38 809AF618 00003025 */  or      $a2, $zero, $zero          ## $a2 = 00000000
/* 01D3C 809AF61C 02002025 */  or      $a0, $s0, $zero            ## $a0 = 00000000
/* 01D40 809AF620 0C26B6F2 */  jal     func_809ADBC8              
/* 01D44 809AF624 24050009 */  addiu   $a1, $zero, 0x0009         ## $a1 = 00000009
/* 01D48 809AF628 3C014120 */  lui     $at, 0x4120                ## $at = 41200000
/* 01D4C 809AF62C 44812000 */  mtc1    $at, $f4                   ## $f4 = 10.00
/* 01D50 809AF630 44803000 */  mtc1    $zero, $f6                 ## $f6 = 0.00
/* 01D54 809AF634 A200034E */  sb      $zero, 0x034E($s0)         ## 0000034E
/* 01D58 809AF638 86040092 */  lh      $a0, 0x0092($s0)           ## 00000092
/* 01D5C 809AF63C 00002825 */  or      $a1, $zero, $zero          ## $a1 = 00000000
/* 01D60 809AF640 E6040068 */  swc1    $f4, 0x0068($s0)           ## 00000068
/* 01D64 809AF644 0C06026B */  jal     func_801809AC              
/* 01D68 809AF648 E6060070 */  swc1    $f6, 0x0070($s0)           ## 00000070
/* 01D6C 809AF64C 3C01C1A0 */  lui     $at, 0xC1A0                ## $at = C1A00000
/* 01D70 809AF650 44816000 */  mtc1    $at, $f12                  ## $f12 = -20.00
/* 01D74 809AF654 0C060704 */  jal     func_80181C10              
/* 01D78 809AF658 27A50034 */  addiu   $a1, $sp, 0x0034           ## $a1 = FFFFFFF4
/* 01D7C 809AF65C 26040FE0 */  addiu   $a0, $s0, 0x0FE0           ## $a0 = 00000FE0
/* 01D80 809AF660 0C03FD43 */  jal     func_800FF50C              
/* 01D84 809AF664 27A50034 */  addiu   $a1, $sp, 0x0034           ## $a1 = FFFFFFF4
/* 01D88 809AF668 860202AA */  lh      $v0, 0x02AA($s0)           ## 000002AA
/* 01D8C 809AF66C 2401000B */  addiu   $at, $zero, 0x000B         ## $at = 0000000B
/* 01D90 809AF670 10410003 */  beq     $v0, $at, .L809AF680       
/* 01D94 809AF674 2401000A */  addiu   $at, $zero, 0x000A         ## $at = 0000000A
/* 01D98 809AF678 54410013 */  bnel    $v0, $at, .L809AF6C8       
/* 01D9C 809AF67C 24180008 */  addiu   $t8, $zero, 0x0008         ## $t8 = 00000008
.L809AF680:
/* 01DA0 809AF680 860E02A8 */  lh      $t6, 0x02A8($s0)           ## 000002A8
/* 01DA4 809AF684 8FA40044 */  lw      $a0, 0x0044($sp)           
/* 01DA8 809AF688 02002825 */  or      $a1, $s0, $zero            ## $a1 = 00000000
/* 01DAC 809AF68C 11C0000D */  beq     $t6, $zero, .L809AF6C4     
/* 01DB0 809AF690 260602B4 */  addiu   $a2, $s0, 0x02B4           ## $a2 = 000002B4
/* 01DB4 809AF694 3C01809B */  lui     $at, %hi(D_809B1148)       ## $at = 809B0000
/* 01DB8 809AF698 C4281148 */  lwc1    $f8, %lo(D_809B1148)($at)  
/* 01DBC 809AF69C 3C01809B */  lui     $at, %hi(D_809B114C)       ## $at = 809B0000
/* 01DC0 809AF6A0 C42A114C */  lwc1    $f10, %lo(D_809B114C)($at) 
/* 01DC4 809AF6A4 240F0002 */  addiu   $t7, $zero, 0x0002         ## $t7 = 00000002
/* 01DC8 809AF6A8 AFAF0010 */  sw      $t7, 0x0010($sp)           
/* 01DCC 809AF6AC 2407000C */  addiu   $a3, $zero, 0x000C         ## $a3 = 0000000C
/* 01DD0 809AF6B0 E7A80014 */  swc1    $f8, 0x0014($sp)           
/* 01DD4 809AF6B4 0C02FDF3 */  jal     func_800BF7CC              
/* 01DD8 809AF6B8 E7AA0018 */  swc1    $f10, 0x0018($sp)          
/* 01DDC 809AF6BC A60002A8 */  sh      $zero, 0x02A8($s0)         ## 000002A8
/* 01DE0 809AF6C0 A60002AA */  sh      $zero, 0x02AA($s0)         ## 000002AA
.L809AF6C4:
/* 01DE4 809AF6C4 24180008 */  addiu   $t8, $zero, 0x0008         ## $t8 = 00000008
.L809AF6C8:
/* 01DE8 809AF6C8 AFB80010 */  sw      $t8, 0x0010($sp)           
/* 01DEC 809AF6CC 02002025 */  or      $a0, $s0, $zero            ## $a0 = 00000000
/* 01DF0 809AF6D0 24054000 */  addiu   $a1, $zero, 0x4000         ## $a1 = 00004000
/* 01DF4 809AF6D4 240600FF */  addiu   $a2, $zero, 0x00FF         ## $a2 = 000000FF
/* 01DF8 809AF6D8 0C02F2DC */  jal     func_800BCB70              
/* 01DFC 809AF6DC 00003825 */  or      $a3, $zero, $zero          ## $a3 = 00000000
/* 01E00 809AF6E0 02002025 */  or      $a0, $s0, $zero            ## $a0 = 00000000
/* 01E04 809AF6E4 0C02E3B2 */  jal     func_800B8EC8              
/* 01E08 809AF6E8 240539C5 */  addiu   $a1, $zero, 0x39C5         ## $a1 = 000039C5
/* 01E0C 809AF6EC 3C08809B */  lui     $t0, %hi(func_809AF714)    ## $t0 = 809B0000
/* 01E10 809AF6F0 2419000B */  addiu   $t9, $zero, 0x000B         ## $t9 = 0000000B
/* 01E14 809AF6F4 2508F714 */  addiu   $t0, $t0, %lo(func_809AF714) ## $t0 = 809AF714
/* 01E18 809AF6F8 A619027C */  sh      $t9, 0x027C($s0)           ## 0000027C
/* 01E1C 809AF6FC AE080278 */  sw      $t0, 0x0278($s0)           ## 00000278
/* 01E20 809AF700 8FBF002C */  lw      $ra, 0x002C($sp)           
/* 01E24 809AF704 8FB00028 */  lw      $s0, 0x0028($sp)           
/* 01E28 809AF708 27BD0040 */  addiu   $sp, $sp, 0x0040           ## $sp = 00000000
/* 01E2C 809AF70C 03E00008 */  jr      $ra                        
/* 01E30 809AF710 00000000 */  nop


glabel func_809AF714
/* 01E34 809AF714 27BDFFE8 */  addiu   $sp, $sp, 0xFFE8           ## $sp = FFFFFFE8
/* 01E38 809AF718 AFBF0014 */  sw      $ra, 0x0014($sp)           
/* 01E3C 809AF71C AFA5001C */  sw      $a1, 0x001C($sp)           
/* 01E40 809AF720 44802000 */  mtc1    $zero, $f4                 ## $f4 = 0.00
/* 01E44 809AF724 C4860068 */  lwc1    $f6, 0x0068($a0)           ## 00000068
/* 01E48 809AF728 4606203C */  c.lt.s  $f4, $f6                   
/* 01E4C 809AF72C 00000000 */  nop
/* 01E50 809AF730 4503000B */  bc1tl   .L809AF760                 
/* 01E54 809AF734 8FBF0014 */  lw      $ra, 0x0014($sp)           
/* 01E58 809AF738 908E011C */  lbu     $t6, 0x011C($a0)           ## 0000011C
/* 01E5C 809AF73C 55C00008 */  bnel    $t6, $zero, .L809AF760     
/* 01E60 809AF740 8FBF0014 */  lw      $ra, 0x0014($sp)           
/* 01E64 809AF744 948F0090 */  lhu     $t7, 0x0090($a0)           ## 00000090
/* 01E68 809AF748 31F80001 */  andi    $t8, $t7, 0x0001           ## $t8 = 00000000
/* 01E6C 809AF74C 53000004 */  beql    $t8, $zero, .L809AF760     
/* 01E70 809AF750 8FBF0014 */  lw      $ra, 0x0014($sp)           
/* 01E74 809AF754 0C26BDDB */  jal     func_809AF76C              
/* 01E78 809AF758 00000000 */  nop
/* 01E7C 809AF75C 8FBF0014 */  lw      $ra, 0x0014($sp)           
.L809AF760:
/* 01E80 809AF760 27BD0018 */  addiu   $sp, $sp, 0x0018           ## $sp = 00000000
/* 01E84 809AF764 03E00008 */  jr      $ra                        
/* 01E88 809AF768 00000000 */  nop


glabel func_809AF76C
/* 01E8C 809AF76C 27BDFFE8 */  addiu   $sp, $sp, 0xFFE8           ## $sp = FFFFFFE8
/* 01E90 809AF770 AFBF0014 */  sw      $ra, 0x0014($sp)           
/* 01E94 809AF774 2405000A */  addiu   $a1, $zero, 0x000A         ## $a1 = 0000000A
/* 01E98 809AF778 0C26B6F2 */  jal     func_809ADBC8              
/* 01E9C 809AF77C AFA40018 */  sw      $a0, 0x0018($sp)           
/* 01EA0 809AF780 8FA40018 */  lw      $a0, 0x0018($sp)           
/* 01EA4 809AF784 3C0140E0 */  lui     $at, 0x40E0                ## $at = 40E00000
/* 01EA8 809AF788 44812000 */  mtc1    $at, $f4                   ## $f4 = 7.00
/* 01EAC 809AF78C 9098034D */  lbu     $t8, 0x034D($a0)           ## 0000034D
/* 01EB0 809AF790 3C0141A0 */  lui     $at, 0x41A0                ## $at = 41A00000
/* 01EB4 809AF794 44813000 */  mtc1    $at, $f6                   ## $f6 = 20.00
/* 01EB8 809AF798 240E000C */  addiu   $t6, $zero, 0x000C         ## $t6 = 0000000C
/* 01EBC 809AF79C 240F001E */  addiu   $t7, $zero, 0x001E         ## $t7 = 0000001E
/* 01EC0 809AF7A0 A48E027C */  sh      $t6, 0x027C($a0)           ## 0000027C
/* 01EC4 809AF7A4 A48F0288 */  sh      $t7, 0x0288($a0)           ## 00000288
/* 01EC8 809AF7A8 E4840070 */  swc1    $f4, 0x0070($a0)           ## 00000070
/* 01ECC 809AF7AC 13000006 */  beq     $t8, $zero, .L809AF7C8     
/* 01ED0 809AF7B0 E4860068 */  swc1    $f6, 0x0068($a0)           ## 00000068
/* 01ED4 809AF7B4 240539C7 */  addiu   $a1, $zero, 0x39C7         ## $a1 = 000039C7
/* 01ED8 809AF7B8 0C02E3B2 */  jal     func_800B8EC8              
/* 01EDC 809AF7BC AFA40018 */  sw      $a0, 0x0018($sp)           
/* 01EE0 809AF7C0 8FA40018 */  lw      $a0, 0x0018($sp)           
/* 01EE4 809AF7C4 A080034D */  sb      $zero, 0x034D($a0)         ## 0000034D
.L809AF7C8:
/* 01EE8 809AF7C8 84990032 */  lh      $t9, 0x0032($a0)           ## 00000032
/* 01EEC 809AF7CC 34018000 */  ori     $at, $zero, 0x8000         ## $at = 00008000
/* 01EF0 809AF7D0 3C09809B */  lui     $t1, %hi(func_809AF7F4)    ## $t1 = 809B0000
/* 01EF4 809AF7D4 2529F7F4 */  addiu   $t1, $t1, %lo(func_809AF7F4) ## $t1 = 809AF7F4
/* 01EF8 809AF7D8 03214021 */  addu    $t0, $t9, $at              
/* 01EFC 809AF7DC A4880032 */  sh      $t0, 0x0032($a0)           ## 00000032
/* 01F00 809AF7E0 AC890278 */  sw      $t1, 0x0278($a0)           ## 00000278
/* 01F04 809AF7E4 8FBF0014 */  lw      $ra, 0x0014($sp)           
/* 01F08 809AF7E8 27BD0018 */  addiu   $sp, $sp, 0x0018           ## $sp = 00000000
/* 01F0C 809AF7EC 03E00008 */  jr      $ra                        
/* 01F10 809AF7F0 00000000 */  nop


glabel func_809AF7F4
/* 01F14 809AF7F4 27BDFFD0 */  addiu   $sp, $sp, 0xFFD0           ## $sp = FFFFFFD0
/* 01F18 809AF7F8 AFB00020 */  sw      $s0, 0x0020($sp)           
/* 01F1C 809AF7FC 00808025 */  or      $s0, $a0, $zero            ## $s0 = 00000000
/* 01F20 809AF800 AFBF0024 */  sw      $ra, 0x0024($sp)           
/* 01F24 809AF804 AFA50034 */  sw      $a1, 0x0034($sp)           
/* 01F28 809AF808 C604015C */  lwc1    $f4, 0x015C($s0)           ## 0000015C
/* 01F2C 809AF80C 240E0014 */  addiu   $t6, $zero, 0x0014         ## $t6 = 00000014
/* 01F30 809AF810 260400BE */  addiu   $a0, $s0, 0x00BE           ## $a0 = 000000BE
/* 01F34 809AF814 E7A4002C */  swc1    $f4, 0x002C($sp)           
/* 01F38 809AF818 86050092 */  lh      $a1, 0x0092($s0)           ## 00000092
/* 01F3C 809AF81C AFAE0010 */  sw      $t6, 0x0010($sp)           
/* 01F40 809AF820 2406000A */  addiu   $a2, $zero, 0x000A         ## $a2 = 0000000A
/* 01F44 809AF824 0C03FFAF */  jal     func_800FFEBC              
/* 01F48 809AF828 24070BB8 */  addiu   $a3, $zero, 0x0BB8         ## $a3 = 00000BB8
/* 01F4C 809AF82C 960F0090 */  lhu     $t7, 0x0090($s0)           ## 00000090
/* 01F50 809AF830 3C01809B */  lui     $at, %hi(D_809B0F40)       ## $at = 809B0000
/* 01F54 809AF834 2404000A */  addiu   $a0, $zero, 0x000A         ## $a0 = 0000000A
/* 01F58 809AF838 31F80001 */  andi    $t8, $t7, 0x0001           ## $t8 = 00000000
/* 01F5C 809AF83C 13000004 */  beq     $t8, $zero, .L809AF850     
/* 01F60 809AF840 2405000A */  addiu   $a1, $zero, 0x000A         ## $a1 = 0000000A
/* 01F64 809AF844 44800000 */  mtc1    $zero, $f0                 ## $f0 = 0.00
/* 01F68 809AF848 00000000 */  nop
/* 01F6C 809AF84C E6000070 */  swc1    $f0, 0x0070($s0)           ## 00000070
.L809AF850:
/* 01F70 809AF850 86190288 */  lh      $t9, 0x0288($s0)           ## 00000288
/* 01F74 809AF854 44800000 */  mtc1    $zero, $f0                 ## $f0 = 0.00
/* 01F78 809AF858 C7A6002C */  lwc1    $f6, 0x002C($sp)           
/* 01F7C 809AF85C 5320000B */  beql    $t9, $zero, .L809AF88C     
/* 01F80 809AF860 A6000030 */  sh      $zero, 0x0030($s0)         ## 00000030
/* 01F84 809AF864 C6080350 */  lwc1    $f8, 0x0350($s0)           ## 00000350
/* 01F88 809AF868 4606403E */  c.le.s  $f8, $f6                   
/* 01F8C 809AF86C 00000000 */  nop
/* 01F90 809AF870 45020013 */  bc1fl   .L809AF8C0                 
/* 01F94 809AF874 8FBF0024 */  lw      $ra, 0x0024($sp)           
/* 01F98 809AF878 96080090 */  lhu     $t0, 0x0090($s0)           ## 00000090
/* 01F9C 809AF87C 31090001 */  andi    $t1, $t0, 0x0001           ## $t1 = 00000000
/* 01FA0 809AF880 5120000F */  beql    $t1, $zero, .L809AF8C0     
/* 01FA4 809AF884 8FBF0024 */  lw      $ra, 0x0024($sp)           
/* 01FA8 809AF888 A6000030 */  sh      $zero, 0x0030($s0)         ## 00000030
.L809AF88C:
/* 01FAC 809AF88C E6000068 */  swc1    $f0, 0x0068($s0)           ## 00000068
/* 01FB0 809AF890 E6000070 */  swc1    $f0, 0x0070($s0)           ## 00000070
/* 01FB4 809AF894 A6000288 */  sh      $zero, 0x0288($s0)         ## 00000288
/* 01FB8 809AF898 AC200F40 */  sw      $zero, %lo(D_809B0F40)($at) 
/* 01FBC 809AF89C 860A00BE */  lh      $t2, 0x00BE($s0)           ## 000000BE
/* 01FC0 809AF8A0 A600028E */  sh      $zero, 0x028E($s0)         ## 0000028E
/* 01FC4 809AF8A4 0C03FD14 */  jal     func_800FF450              
/* 01FC8 809AF8A8 A60A0032 */  sh      $t2, 0x0032($s0)           ## 00000032
/* 01FCC 809AF8AC A6020286 */  sh      $v0, 0x0286($s0)           ## 00000286
/* 01FD0 809AF8B0 8FA50034 */  lw      $a1, 0x0034($sp)           
/* 01FD4 809AF8B4 0C26BA6C */  jal     func_809AE9B0              
/* 01FD8 809AF8B8 02002025 */  or      $a0, $s0, $zero            ## $a0 = 00000000
/* 01FDC 809AF8BC 8FBF0024 */  lw      $ra, 0x0024($sp)           
.L809AF8C0:
/* 01FE0 809AF8C0 8FB00020 */  lw      $s0, 0x0020($sp)           
/* 01FE4 809AF8C4 27BD0030 */  addiu   $sp, $sp, 0x0030           ## $sp = 00000000
/* 01FE8 809AF8C8 03E00008 */  jr      $ra                        
/* 01FEC 809AF8CC 00000000 */  nop


glabel func_809AF8D0
/* 01FF0 809AF8D0 27BDFFE0 */  addiu   $sp, $sp, 0xFFE0           ## $sp = FFFFFFE0
/* 01FF4 809AF8D4 AFB00018 */  sw      $s0, 0x0018($sp)           
/* 01FF8 809AF8D8 00808025 */  or      $s0, $a0, $zero            ## $s0 = 00000000
/* 01FFC 809AF8DC AFBF001C */  sw      $ra, 0x001C($sp)           
/* 02000 809AF8E0 AFA50024 */  sw      $a1, 0x0024($sp)           
/* 02004 809AF8E4 260400EC */  addiu   $a0, $s0, 0x00EC           ## $a0 = 000000EC
/* 02008 809AF8E8 240539BE */  addiu   $a1, $zero, 0x39BE         ## $a1 = 000039BE
/* 0200C 809AF8EC 0C068195 */  jal     func_801A0654              
/* 02010 809AF8F0 00003025 */  or      $a2, $zero, $zero          ## $a2 = 00000000
/* 02014 809AF8F4 02002025 */  or      $a0, $s0, $zero            ## $a0 = 00000000
/* 02018 809AF8F8 0C26B6F2 */  jal     func_809ADBC8              
/* 0201C 809AF8FC 24050009 */  addiu   $a1, $zero, 0x0009         ## $a1 = 00000009
/* 02020 809AF900 860202AA */  lh      $v0, 0x02AA($s0)           ## 000002AA
/* 02024 809AF904 2401000B */  addiu   $at, $zero, 0x000B         ## $at = 0000000B
/* 02028 809AF908 44802000 */  mtc1    $zero, $f4                 ## $f4 = 0.00
/* 0202C 809AF90C 10410004 */  beq     $v0, $at, .L809AF920       
/* 02030 809AF910 24090001 */  addiu   $t1, $zero, 0x0001         ## $t1 = 00000001
/* 02034 809AF914 2401000A */  addiu   $at, $zero, 0x000A         ## $at = 0000000A
/* 02038 809AF918 54410006 */  bnel    $v0, $at, .L809AF934       
/* 0203C 809AF91C 8E0F0004 */  lw      $t7, 0x0004($s0)           ## 00000004
.L809AF920:
/* 02040 809AF920 860E02A8 */  lh      $t6, 0x02A8($s0)           ## 000002A8
/* 02044 809AF924 55C00003 */  bnel    $t6, $zero, .L809AF934     
/* 02048 809AF928 8E0F0004 */  lw      $t7, 0x0004($s0)           ## 00000004
/* 0204C 809AF92C A60002AA */  sh      $zero, 0x02AA($s0)         ## 000002AA
/* 02050 809AF930 8E0F0004 */  lw      $t7, 0x0004($s0)           ## 00000004
.L809AF934:
/* 02054 809AF934 2401FFFA */  addiu   $at, $zero, 0xFFFA         ## $at = FFFFFFFA
/* 02058 809AF938 240A001E */  addiu   $t2, $zero, 0x001E         ## $t2 = 0000001E
/* 0205C 809AF93C 01E1C024 */  and     $t8, $t7, $at              
/* 02060 809AF940 3C010800 */  lui     $at, 0x0800                ## $at = 08000000
/* 02064 809AF944 AE180004 */  sw      $t8, 0x0004($s0)           ## 00000004
/* 02068 809AF948 03014025 */  or      $t0, $t8, $at              ## $t0 = 08000000
/* 0206C 809AF94C AE080004 */  sw      $t0, 0x0004($s0)           ## 00000004
/* 02070 809AF950 E6040070 */  swc1    $f4, 0x0070($s0)           ## 00000070
/* 02074 809AF954 A209034C */  sb      $t1, 0x034C($s0)           ## 0000034C
/* 02078 809AF958 A60A0288 */  sh      $t2, 0x0288($s0)           ## 00000288
/* 0207C 809AF95C 8FA40024 */  lw      $a0, 0x0024($sp)           
/* 02080 809AF960 0C02EEA2 */  jal     func_800BBA88              
/* 02084 809AF964 02002825 */  or      $a1, $s0, $zero            ## $a1 = 00000000
/* 02088 809AF968 02002025 */  or      $a0, $s0, $zero            ## $a0 = 00000000
/* 0208C 809AF96C 0C02E3B2 */  jal     func_800B8EC8              
/* 02090 809AF970 240539C6 */  addiu   $a1, $zero, 0x39C6         ## $a1 = 000039C6
/* 02094 809AF974 3C0C809B */  lui     $t4, %hi(func_809AF99C)    ## $t4 = 809B0000
/* 02098 809AF978 240B000D */  addiu   $t3, $zero, 0x000D         ## $t3 = 0000000D
/* 0209C 809AF97C 258CF99C */  addiu   $t4, $t4, %lo(func_809AF99C) ## $t4 = 809AF99C
/* 020A0 809AF980 A60B027C */  sh      $t3, 0x027C($s0)           ## 0000027C
/* 020A4 809AF984 AE0C0278 */  sw      $t4, 0x0278($s0)           ## 00000278
/* 020A8 809AF988 8FBF001C */  lw      $ra, 0x001C($sp)           
/* 020AC 809AF98C 8FB00018 */  lw      $s0, 0x0018($sp)           
/* 020B0 809AF990 27BD0020 */  addiu   $sp, $sp, 0x0020           ## $sp = 00000000
/* 020B4 809AF994 03E00008 */  jr      $ra                        
/* 020B8 809AF998 00000000 */  nop


glabel func_809AF99C
/* 020BC 809AF99C 27BDFFC8 */  addiu   $sp, $sp, 0xFFC8           ## $sp = FFFFFFC8
/* 020C0 809AF9A0 AFB00028 */  sw      $s0, 0x0028($sp)           
/* 020C4 809AF9A4 00808025 */  or      $s0, $a0, $zero            ## $s0 = 00000000
/* 020C8 809AF9A8 AFBF002C */  sw      $ra, 0x002C($sp)           
/* 020CC 809AF9AC AFA5003C */  sw      $a1, 0x003C($sp)           
/* 020D0 809AF9B0 860202AA */  lh      $v0, 0x02AA($s0)           ## 000002AA
/* 020D4 809AF9B4 2401000B */  addiu   $at, $zero, 0x000B         ## $at = 0000000B
/* 020D8 809AF9B8 C600015C */  lwc1    $f0, 0x015C($s0)           ## 0000015C
/* 020DC 809AF9BC 10410003 */  beq     $v0, $at, .L809AF9CC       
/* 020E0 809AF9C0 2401000A */  addiu   $at, $zero, 0x000A         ## $at = 0000000A
/* 020E4 809AF9C4 54410015 */  bnel    $v0, $at, .L809AFA1C       
/* 020E8 809AF9C8 C6080350 */  lwc1    $f8, 0x0350($s0)           ## 00000350
.L809AF9CC:
/* 020EC 809AF9CC 860E02A8 */  lh      $t6, 0x02A8($s0)           ## 000002A8
/* 020F0 809AF9D0 8FA4003C */  lw      $a0, 0x003C($sp)           
/* 020F4 809AF9D4 02002825 */  or      $a1, $s0, $zero            ## $a1 = 00000000
/* 020F8 809AF9D8 11C0001A */  beq     $t6, $zero, .L809AFA44     
/* 020FC 809AF9DC 260602B4 */  addiu   $a2, $s0, 0x02B4           ## $a2 = 000002B4
/* 02100 809AF9E0 3C01809B */  lui     $at, %hi(D_809B1150)       ## $at = 809B0000
/* 02104 809AF9E4 C4241150 */  lwc1    $f4, %lo(D_809B1150)($at)  
/* 02108 809AF9E8 3C01809B */  lui     $at, %hi(D_809B1154)       ## $at = 809B0000
/* 0210C 809AF9EC C4261154 */  lwc1    $f6, %lo(D_809B1154)($at)  
/* 02110 809AF9F0 240F0002 */  addiu   $t7, $zero, 0x0002         ## $t7 = 00000002
/* 02114 809AF9F4 AFAF0010 */  sw      $t7, 0x0010($sp)           
/* 02118 809AF9F8 2407000C */  addiu   $a3, $zero, 0x000C         ## $a3 = 0000000C
/* 0211C 809AF9FC E7A00034 */  swc1    $f0, 0x0034($sp)           
/* 02120 809AFA00 E7A40014 */  swc1    $f4, 0x0014($sp)           
/* 02124 809AFA04 0C02FDF3 */  jal     func_800BF7CC              
/* 02128 809AFA08 E7A60018 */  swc1    $f6, 0x0018($sp)           
/* 0212C 809AFA0C C7A00034 */  lwc1    $f0, 0x0034($sp)           
/* 02130 809AFA10 A60002A8 */  sh      $zero, 0x02A8($s0)         ## 000002A8
/* 02134 809AFA14 A60002AA */  sh      $zero, 0x02AA($s0)         ## 000002AA
/* 02138 809AFA18 C6080350 */  lwc1    $f8, 0x0350($s0)           ## 00000350
.L809AFA1C:
/* 0213C 809AFA1C 4600403E */  c.le.s  $f8, $f0                   
/* 02140 809AFA20 00000000 */  nop
/* 02144 809AFA24 45020008 */  bc1fl   .L809AFA48                 
/* 02148 809AFA28 8FBF002C */  lw      $ra, 0x002C($sp)           
/* 0214C 809AFA2C 86180288 */  lh      $t8, 0x0288($s0)           ## 00000288
/* 02150 809AFA30 02002025 */  or      $a0, $s0, $zero            ## $a0 = 00000000
/* 02154 809AFA34 57000004 */  bnel    $t8, $zero, .L809AFA48     
/* 02158 809AFA38 8FBF002C */  lw      $ra, 0x002C($sp)           
/* 0215C 809AFA3C 0C26BE96 */  jal     func_809AFA58              
/* 02160 809AFA40 8FA5003C */  lw      $a1, 0x003C($sp)           
.L809AFA44:
/* 02164 809AFA44 8FBF002C */  lw      $ra, 0x002C($sp)           
.L809AFA48:
/* 02168 809AFA48 8FB00028 */  lw      $s0, 0x0028($sp)           
/* 0216C 809AFA4C 27BD0038 */  addiu   $sp, $sp, 0x0038           ## $sp = 00000000
/* 02170 809AFA50 03E00008 */  jr      $ra                        
/* 02174 809AFA54 00000000 */  nop


glabel func_809AFA58
/* 02178 809AFA58 27BDFFE8 */  addiu   $sp, $sp, 0xFFE8           ## $sp = FFFFFFE8
/* 0217C 809AFA5C AFBF0014 */  sw      $ra, 0x0014($sp)           
/* 02180 809AFA60 AFA5001C */  sw      $a1, 0x001C($sp)           
/* 02184 809AFA64 00803025 */  or      $a2, $a0, $zero            ## $a2 = 00000000
/* 02188 809AFA68 00C02025 */  or      $a0, $a2, $zero            ## $a0 = 00000000
/* 0218C 809AFA6C 2405000B */  addiu   $a1, $zero, 0x000B         ## $a1 = 0000000B
/* 02190 809AFA70 0C26B6F2 */  jal     func_809ADBC8              
/* 02194 809AFA74 AFA60018 */  sw      $a2, 0x0018($sp)           
/* 02198 809AFA78 8FA60018 */  lw      $a2, 0x0018($sp)           
/* 0219C 809AFA7C 8FA4001C */  lw      $a0, 0x001C($sp)           
/* 021A0 809AFA80 240E0002 */  addiu   $t6, $zero, 0x0002         ## $t6 = 00000002
/* 021A4 809AFA84 8CD80004 */  lw      $t8, 0x0004($a2)           ## 00000004
/* 021A8 809AFA88 240F00FF */  addiu   $t7, $zero, 0x00FF         ## $t7 = 000000FF
/* 021AC 809AFA8C 24070004 */  addiu   $a3, $zero, 0x0004         ## $a3 = 00000004
/* 021B0 809AFA90 37190009 */  ori     $t9, $t8, 0x0009           ## $t9 = 00000009
/* 021B4 809AFA94 A4CE0348 */  sh      $t6, 0x0348($a2)           ## 00000348
/* 021B8 809AFA98 A0CF00B6 */  sb      $t7, 0x00B6($a2)           ## 000000B6
/* 021BC 809AFA9C ACD90004 */  sw      $t9, 0x0004($a2)           ## 00000004
/* 021C0 809AFAA0 0C02F055 */  jal     func_800BC154              
/* 021C4 809AFAA4 24851CA0 */  addiu   $a1, $a0, 0x1CA0           ## $a1 = 00001CA0
/* 021C8 809AFAA8 8FA60018 */  lw      $a2, 0x0018($sp)           
/* 021CC 809AFAAC 3C01F7FF */  lui     $at, 0xF7FF                ## $at = F7FF0000
/* 021D0 809AFAB0 3421FFFF */  ori     $at, $at, 0xFFFF           ## $at = F7FFFFFF
/* 021D4 809AFAB4 8CC80004 */  lw      $t0, 0x0004($a2)           ## 00000004
/* 021D8 809AFAB8 3C0D809B */  lui     $t5, %hi(func_809AFAF4)    ## $t5 = 809B0000
/* 021DC 809AFABC 240C000E */  addiu   $t4, $zero, 0x000E         ## $t4 = 0000000E
/* 021E0 809AFAC0 01014824 */  and     $t1, $t0, $at              
/* 021E4 809AFAC4 3C01FFEF */  lui     $at, 0xFFEF                ## $at = FFEF0000
/* 021E8 809AFAC8 3421FFFF */  ori     $at, $at, 0xFFFF           ## $at = FFEFFFFF
/* 021EC 809AFACC 01215824 */  and     $t3, $t1, $at              
/* 021F0 809AFAD0 25ADFAF4 */  addiu   $t5, $t5, %lo(func_809AFAF4) ## $t5 = 809AFAF4
/* 021F4 809AFAD4 ACC90004 */  sw      $t1, 0x0004($a2)           ## 00000004
/* 021F8 809AFAD8 ACCB0004 */  sw      $t3, 0x0004($a2)           ## 00000004
/* 021FC 809AFADC A4CC027C */  sh      $t4, 0x027C($a2)           ## 0000027C
/* 02200 809AFAE0 ACCD0278 */  sw      $t5, 0x0278($a2)           ## 00000278
/* 02204 809AFAE4 8FBF0014 */  lw      $ra, 0x0014($sp)           
/* 02208 809AFAE8 27BD0018 */  addiu   $sp, $sp, 0x0018           ## $sp = 00000000
/* 0220C 809AFAEC 03E00008 */  jr      $ra                        
/* 02210 809AFAF0 00000000 */  nop


glabel func_809AFAF4
/* 02214 809AFAF4 27BDFFD8 */  addiu   $sp, $sp, 0xFFD8           ## $sp = FFFFFFD8
/* 02218 809AFAF8 AFBF0014 */  sw      $ra, 0x0014($sp)           
/* 0221C 809AFAFC 00803025 */  or      $a2, $a0, $zero            ## $a2 = 00000000
/* 02220 809AFB00 00A03825 */  or      $a3, $a1, $zero            ## $a3 = 00000000
/* 02224 809AFB04 C4C0015C */  lwc1    $f0, 0x015C($a2)           ## 0000015C
/* 02228 809AFB08 C4C40350 */  lwc1    $f4, 0x0350($a2)           ## 00000350
/* 0222C 809AFB0C 8CE31CCC */  lw      $v1, 0x1CCC($a3)           ## 00001CCC
/* 02230 809AFB10 00E02025 */  or      $a0, $a3, $zero            ## $a0 = 00000000
/* 02234 809AFB14 4604003C */  c.lt.s  $f0, $f4                   
/* 02238 809AFB18 00000000 */  nop
/* 0223C 809AFB1C 45030039 */  bc1tl   .L809AFC04                 
/* 02240 809AFB20 8FBF0014 */  lw      $ra, 0x0014($sp)           
/* 02244 809AFB24 AFA30020 */  sw      $v1, 0x0020($sp)           
/* 02248 809AFB28 AFA60028 */  sw      $a2, 0x0028($sp)           
/* 0224C 809AFB2C 0C05A433 */  jal     func_801690CC              
/* 02250 809AFB30 AFA7002C */  sw      $a3, 0x002C($sp)           
/* 02254 809AFB34 8FA30020 */  lw      $v1, 0x0020($sp)           
/* 02258 809AFB38 8FA60028 */  lw      $a2, 0x0028($sp)           
/* 0225C 809AFB3C 14400030 */  bne     $v0, $zero, .L809AFC00     
/* 02260 809AFB40 8FA7002C */  lw      $a3, 0x002C($sp)           
/* 02264 809AFB44 3C0E0001 */  lui     $t6, 0x0001                ## $t6 = 00010000
/* 02268 809AFB48 01C77021 */  addu    $t6, $t6, $a3              
/* 0226C 809AFB4C 8DCE6818 */  lw      $t6, 0x6818($t6)           ## 00016818
/* 02270 809AFB50 55C0002C */  bnel    $t6, $zero, .L809AFC04     
/* 02274 809AFB54 8FBF0014 */  lw      $ra, 0x0014($sp)           
/* 02278 809AFB58 C4660028 */  lwc1    $f6, 0x0028($v1)           ## 00000028
/* 0227C 809AFB5C C4C80028 */  lwc1    $f8, 0x0028($a2)           ## 00000028
/* 02280 809AFB60 3C014270 */  lui     $at, 0x4270                ## $at = 42700000
/* 02284 809AFB64 44815000 */  mtc1    $at, $f10                  ## $f10 = 60.00
/* 02288 809AFB68 46083001 */  sub.s   $f0, $f6, $f8              
/* 0228C 809AFB6C 00C02025 */  or      $a0, $a2, $zero            ## $a0 = 00000000
/* 02290 809AFB70 46000005 */  abs.s   $f0, $f0                   
/* 02294 809AFB74 460A003C */  c.lt.s  $f0, $f10                  
/* 02298 809AFB78 00000000 */  nop
/* 0229C 809AFB7C 4500001E */  bc1f    .L809AFBF8                 
/* 022A0 809AFB80 00000000 */  nop
/* 022A4 809AFB84 84CF0348 */  lh      $t7, 0x0348($a2)           ## 00000348
/* 022A8 809AFB88 3C19809B */  lui     $t9, %hi(D_809B1004)       ## $t9 = 809B0000
/* 022AC 809AFB8C 8CE21CCC */  lw      $v0, 0x1CCC($a3)           ## 00001CCC
/* 022B0 809AFB90 000FC040 */  sll     $t8, $t7,  1               
/* 022B4 809AFB94 0338C821 */  addu    $t9, $t9, $t8              
/* 022B8 809AFB98 97391004 */  lhu     $t9, %lo(D_809B1004)($t9)  
/* 022BC 809AFB9C 00E02025 */  or      $a0, $a3, $zero            ## $a0 = 00000000
/* 022C0 809AFBA0 A4D90116 */  sh      $t9, 0x0116($a2)           ## 00000116
/* 022C4 809AFBA4 AFA60028 */  sw      $a2, 0x0028($sp)           
/* 022C8 809AFBA8 AFA2001C */  sw      $v0, 0x001C($sp)           
/* 022CC 809AFBAC 0C05462C */  jal     func_801518B0              
/* 022D0 809AFBB0 3325FFFF */  andi    $a1, $t9, 0xFFFF           ## $a1 = 00000000
/* 022D4 809AFBB4 8FA2001C */  lw      $v0, 0x001C($sp)           
/* 022D8 809AFBB8 8FA60028 */  lw      $a2, 0x0028($sp)           
/* 022DC 809AFBBC 3C011000 */  lui     $at, 0x1000                ## $at = 10000000
/* 022E0 809AFBC0 8C480A6C */  lw      $t0, 0x0A6C($v0)           ## 00000A6C
/* 022E4 809AFBC4 240A0003 */  addiu   $t2, $zero, 0x0003         ## $t2 = 00000003
/* 022E8 809AFBC8 A44A0118 */  sh      $t2, 0x0118($v0)           ## 00000118
/* 022EC 809AFBCC 01014825 */  or      $t1, $t0, $at              ## $t1 = 10000000
/* 022F0 809AFBD0 AC490A6C */  sw      $t1, 0x0A6C($v0)           ## 00000A6C
/* 022F4 809AFBD4 8CCB0004 */  lw      $t3, 0x0004($a2)           ## 00000004
/* 022F8 809AFBD8 3C010800 */  lui     $at, 0x0800                ## $at = 08000000
/* 022FC 809AFBDC 3C0D809B */  lui     $t5, %hi(func_809AFC10)    ## $t5 = 809B0000
/* 02300 809AFBE0 25ADFC10 */  addiu   $t5, $t5, %lo(func_809AFC10) ## $t5 = 809AFC10
/* 02304 809AFBE4 01616025 */  or      $t4, $t3, $at              ## $t4 = 08000000
/* 02308 809AFBE8 ACCC0004 */  sw      $t4, 0x0004($a2)           ## 00000004
/* 0230C 809AFBEC ACCD0278 */  sw      $t5, 0x0278($a2)           ## 00000278
/* 02310 809AFBF0 10000004 */  beq     $zero, $zero, .L809AFC04   
/* 02314 809AFBF4 8FBF0014 */  lw      $ra, 0x0014($sp)           
.L809AFBF8:
/* 02318 809AFBF8 0C26B9D5 */  jal     func_809AE754              
/* 0231C 809AFBFC 00E02825 */  or      $a1, $a3, $zero            ## $a1 = 00000000
.L809AFC00:
/* 02320 809AFC00 8FBF0014 */  lw      $ra, 0x0014($sp)           
.L809AFC04:
/* 02324 809AFC04 27BD0028 */  addiu   $sp, $sp, 0x0028           ## $sp = 00000000
/* 02328 809AFC08 03E00008 */  jr      $ra                        
/* 0232C 809AFC0C 00000000 */  nop


glabel func_809AFC10
/* 02330 809AFC10 27BDFFE8 */  addiu   $sp, $sp, 0xFFE8           ## $sp = FFFFFFE8
/* 02334 809AFC14 AFBF0014 */  sw      $ra, 0x0014($sp)           
/* 02338 809AFC18 00803025 */  or      $a2, $a0, $zero            ## $a2 = 00000000
/* 0233C 809AFC1C 00A03825 */  or      $a3, $a1, $zero            ## $a3 = 00000000
/* 02340 809AFC20 8CE21CCC */  lw      $v0, 0x1CCC($a3)           ## 00001CCC
/* 02344 809AFC24 240E0003 */  addiu   $t6, $zero, 0x0003         ## $t6 = 00000003
/* 02348 809AFC28 3C030001 */  lui     $v1, 0x0001                ## $v1 = 00010000
/* 0234C 809AFC2C 00671821 */  addu    $v1, $v1, $a3              
/* 02350 809AFC30 A44E0118 */  sh      $t6, 0x0118($v0)           ## 00000118
/* 02354 809AFC34 9463680C */  lhu     $v1, 0x680C($v1)           ## 0001680C
/* 02358 809AFC38 24E44908 */  addiu   $a0, $a3, 0x4908           ## $a0 = 00004908
/* 0235C 809AFC3C 28611BB2 */  slti    $at, $v1, 0x1BB2           
/* 02360 809AFC40 1420000E */  bne     $at, $zero, .L809AFC7C     
/* 02364 809AFC44 28611BB7 */  slti    $at, $v1, 0x1BB7           
/* 02368 809AFC48 5020000D */  beql    $at, $zero, .L809AFC80     
/* 0236C 809AFC4C AFA60018 */  sw      $a2, 0x0018($sp)           
/* 02370 809AFC50 84CF0348 */  lh      $t7, 0x0348($a2)           ## 00000348
/* 02374 809AFC54 3C19809B */  lui     $t9, %hi(D_809B1004)       ## $t9 = 809B0000
/* 02378 809AFC58 00E02025 */  or      $a0, $a3, $zero            ## $a0 = 00000000
/* 0237C 809AFC5C 000FC040 */  sll     $t8, $t7,  1               
/* 02380 809AFC60 0338C821 */  addu    $t9, $t9, $t8              
/* 02384 809AFC64 97391004 */  lhu     $t9, %lo(D_809B1004)($t9)  
/* 02388 809AFC68 A4D90116 */  sh      $t9, 0x0116($a2)           ## 00000116
/* 0238C 809AFC6C 0C05462C */  jal     func_801518B0              
/* 02390 809AFC70 3325FFFF */  andi    $a1, $t9, 0xFFFF           ## $a1 = 00000000
/* 02394 809AFC74 1000006D */  beq     $zero, $zero, .L809AFE2C   
/* 02398 809AFC78 8FBF0014 */  lw      $ra, 0x0014($sp)           
.L809AFC7C:
/* 0239C 809AFC7C AFA60018 */  sw      $a2, 0x0018($sp)           
.L809AFC80:
/* 023A0 809AFC80 0C054926 */  jal     func_80152498              
/* 023A4 809AFC84 AFA7001C */  sw      $a3, 0x001C($sp)           
/* 023A8 809AFC88 24010005 */  addiu   $at, $zero, 0x0005         ## $at = 00000005
/* 023AC 809AFC8C 8FA60018 */  lw      $a2, 0x0018($sp)           
/* 023B0 809AFC90 14410065 */  bne     $v0, $at, .L809AFE28       
/* 023B4 809AFC94 8FA7001C */  lw      $a3, 0x001C($sp)           
/* 023B8 809AFC98 00E02025 */  or      $a0, $a3, $zero            ## $a0 = 00000000
/* 023BC 809AFC9C AFA60018 */  sw      $a2, 0x0018($sp)           
/* 023C0 809AFCA0 0C051D89 */  jal     func_80147624              
/* 023C4 809AFCA4 AFA7001C */  sw      $a3, 0x001C($sp)           
/* 023C8 809AFCA8 8FA60018 */  lw      $a2, 0x0018($sp)           
/* 023CC 809AFCAC 1040005E */  beq     $v0, $zero, .L809AFE28     
/* 023D0 809AFCB0 8FA7001C */  lw      $a3, 0x001C($sp)           
/* 023D4 809AFCB4 00E02025 */  or      $a0, $a3, $zero            ## $a0 = 00000000
/* 023D8 809AFCB8 AFA60018 */  sw      $a2, 0x0018($sp)           
/* 023DC 809AFCBC 0C051DED */  jal     func_801477B4              
/* 023E0 809AFCC0 AFA7001C */  sw      $a3, 0x001C($sp)           
/* 023E4 809AFCC4 8FA60018 */  lw      $a2, 0x0018($sp)           
/* 023E8 809AFCC8 24010002 */  addiu   $at, $zero, 0x0002         ## $at = 00000002
/* 023EC 809AFCCC 8FA7001C */  lw      $a3, 0x001C($sp)           
/* 023F0 809AFCD0 84C20348 */  lh      $v0, 0x0348($a2)           ## 00000348
/* 023F4 809AFCD4 54410048 */  bnel    $v0, $at, .L809AFDF8       
/* 023F8 809AFCD8 24010003 */  addiu   $at, $zero, 0x0003         ## $at = 00000003
/* 023FC 809AFCDC 94C8034A */  lhu     $t0, 0x034A($a2)           ## 0000034A
/* 02400 809AFCE0 2405139C */  addiu   $a1, $zero, 0x139C         ## $a1 = 0000139C
/* 02404 809AFCE4 2D01000A */  sltiu   $at, $t0, 0x000A           
/* 02408 809AFCE8 10200031 */  beq     $at, $zero, .L809AFDB0     
/* 0240C 809AFCEC 00084080 */  sll     $t0, $t0,  2               
/* 02410 809AFCF0 3C01809B */  lui     $at, %hi(D_809B1158)       ## $at = 809B0000
/* 02414 809AFCF4 00280821 */  addu    $at, $at, $t0              
/* 02418 809AFCF8 8C281158 */  lw      $t0, %lo(D_809B1158)($at)  
/* 0241C 809AFCFC 01000008 */  jr      $t0                        
/* 02420 809AFD00 00000000 */  nop
.L809AFD04:
/* 02424 809AFD04 1000002A */  beq     $zero, $zero, .L809AFDB0   
/* 02428 809AFD08 2405139A */  addiu   $a1, $zero, 0x139A         ## $a1 = 0000139A
.L809AFD0C:
/* 0242C 809AFD0C 10000028 */  beq     $zero, $zero, .L809AFDB0   
/* 02430 809AFD10 2405139B */  addiu   $a1, $zero, 0x139B         ## $a1 = 0000139B
.L809AFD14:
/* 02434 809AFD14 3C09801F */  lui     $t1, 0x801F                ## $t1 = 801F0000
/* 02438 809AFD18 91290576 */  lbu     $t1, 0x0576($t1)           ## 801F0576
/* 0243C 809AFD1C 2405139D */  addiu   $a1, $zero, 0x139D         ## $a1 = 0000139D
/* 02440 809AFD20 312A0004 */  andi    $t2, $t1, 0x0004           ## $t2 = 00000000
/* 02444 809AFD24 11400022 */  beq     $t2, $zero, .L809AFDB0     
/* 02448 809AFD28 00000000 */  nop
/* 0244C 809AFD2C 10000020 */  beq     $zero, $zero, .L809AFDB0   
/* 02450 809AFD30 240513A1 */  addiu   $a1, $zero, 0x13A1         ## $a1 = 000013A1
.L809AFD34:
/* 02454 809AFD34 3C0B801F */  lui     $t3, 0x801F                ## $t3 = 801F0000
/* 02458 809AFD38 916B0576 */  lbu     $t3, 0x0576($t3)           ## 801F0576
/* 0245C 809AFD3C 2405139E */  addiu   $a1, $zero, 0x139E         ## $a1 = 0000139E
/* 02460 809AFD40 316C0004 */  andi    $t4, $t3, 0x0004           ## $t4 = 00000000
/* 02464 809AFD44 1180001A */  beq     $t4, $zero, .L809AFDB0     
/* 02468 809AFD48 00000000 */  nop
/* 0246C 809AFD4C 10000018 */  beq     $zero, $zero, .L809AFDB0   
/* 02470 809AFD50 240513A2 */  addiu   $a1, $zero, 0x13A2         ## $a1 = 000013A2
.L809AFD54:
/* 02474 809AFD54 3C0D801F */  lui     $t5, 0x801F                ## $t5 = 801F0000
/* 02478 809AFD58 91AD0576 */  lbu     $t5, 0x0576($t5)           ## 801F0576
/* 0247C 809AFD5C 2405139F */  addiu   $a1, $zero, 0x139F         ## $a1 = 0000139F
/* 02480 809AFD60 31AE0004 */  andi    $t6, $t5, 0x0004           ## $t6 = 00000000
/* 02484 809AFD64 11C00012 */  beq     $t6, $zero, .L809AFDB0     
/* 02488 809AFD68 00000000 */  nop
/* 0248C 809AFD6C 10000010 */  beq     $zero, $zero, .L809AFDB0   
/* 02490 809AFD70 240513A3 */  addiu   $a1, $zero, 0x13A3         ## $a1 = 000013A3
.L809AFD74:
/* 02494 809AFD74 3C0F801F */  lui     $t7, 0x801F                ## $t7 = 801F0000
/* 02498 809AFD78 91EF0576 */  lbu     $t7, 0x0576($t7)           ## 801F0576
/* 0249C 809AFD7C 240513A0 */  addiu   $a1, $zero, 0x13A0         ## $a1 = 000013A0
/* 024A0 809AFD80 31F80004 */  andi    $t8, $t7, 0x0004           ## $t8 = 00000000
/* 024A4 809AFD84 1300000A */  beq     $t8, $zero, .L809AFDB0     
/* 024A8 809AFD88 00000000 */  nop
/* 024AC 809AFD8C 10000008 */  beq     $zero, $zero, .L809AFDB0   
/* 024B0 809AFD90 240513A4 */  addiu   $a1, $zero, 0x13A4         ## $a1 = 000013A4
.L809AFD94:
/* 024B4 809AFD94 10000006 */  beq     $zero, $zero, .L809AFDB0   
/* 024B8 809AFD98 240513A5 */  addiu   $a1, $zero, 0x13A5         ## $a1 = 000013A5
.L809AFD9C:
/* 024BC 809AFD9C 10000004 */  beq     $zero, $zero, .L809AFDB0   
/* 024C0 809AFDA0 240513A6 */  addiu   $a1, $zero, 0x13A6         ## $a1 = 000013A6
.L809AFDA4:
/* 024C4 809AFDA4 10000002 */  beq     $zero, $zero, .L809AFDB0   
/* 024C8 809AFDA8 240513A7 */  addiu   $a1, $zero, 0x13A7         ## $a1 = 000013A7
.L809AFDAC:
/* 024CC 809AFDAC 240513A8 */  addiu   $a1, $zero, 0x13A8         ## $a1 = 000013A8
.L809AFDB0:
/* 024D0 809AFDB0 3C02801F */  lui     $v0, 0x801F                ## $v0 = 801F0000
/* 024D4 809AFDB4 3C19801C */  lui     $t9, 0x801C                ## $t9 = 801C0000
/* 024D8 809AFDB8 8F391D54 */  lw      $t9, 0x1D54($t9)           ## 801C1D54
/* 024DC 809AFDBC 8C42F72C */  lw      $v0, -0x08D4($v0)          ## 801EF72C
/* 024E0 809AFDC0 00E02025 */  or      $a0, $a3, $zero            ## $a0 = 00000000
/* 024E4 809AFDC4 03224024 */  and     $t0, $t9, $v0              
/* 024E8 809AFDC8 11000002 */  beq     $t0, $zero, .L809AFDD4     
/* 024EC 809AFDCC 00000000 */  nop
/* 024F0 809AFDD0 2405139C */  addiu   $a1, $zero, 0x139C         ## $a1 = 0000139C
.L809AFDD4:
/* 024F4 809AFDD4 0C05464E */  jal     func_80151938              
/* 024F8 809AFDD8 AFA60018 */  sw      $a2, 0x0018($sp)           
/* 024FC 809AFDDC 8FA60018 */  lw      $a2, 0x0018($sp)           
/* 02500 809AFDE0 84C90348 */  lh      $t1, 0x0348($a2)           ## 00000348
/* 02504 809AFDE4 252A0001 */  addiu   $t2, $t1, 0x0001           ## $t2 = 00000001
/* 02508 809AFDE8 A4CA0348 */  sh      $t2, 0x0348($a2)           ## 00000348
/* 0250C 809AFDEC 1000000F */  beq     $zero, $zero, .L809AFE2C   
/* 02510 809AFDF0 8FBF0014 */  lw      $ra, 0x0014($sp)           
/* 02514 809AFDF4 24010003 */  addiu   $at, $zero, 0x0003         ## $at = 00000003
.L809AFDF8:
/* 02518 809AFDF8 1441000B */  bne     $v0, $at, .L809AFE28       
/* 0251C 809AFDFC 00E02025 */  or      $a0, $a3, $zero            ## $a0 = 00000000
/* 02520 809AFE00 00025840 */  sll     $t3, $v0,  1               
/* 02524 809AFE04 3C05809B */  lui     $a1, %hi(D_809B1004)       ## $a1 = 809B0000
/* 02528 809AFE08 00AB2821 */  addu    $a1, $a1, $t3              
/* 0252C 809AFE0C 94A51004 */  lhu     $a1, %lo(D_809B1004)($a1)  
/* 02530 809AFE10 0C05464E */  jal     func_80151938              
/* 02534 809AFE14 AFA60018 */  sw      $a2, 0x0018($sp)           
/* 02538 809AFE18 8FA60018 */  lw      $a2, 0x0018($sp)           
/* 0253C 809AFE1C 3C0C809B */  lui     $t4, %hi(func_809AFE38)    ## $t4 = 809B0000
/* 02540 809AFE20 258CFE38 */  addiu   $t4, $t4, %lo(func_809AFE38) ## $t4 = 809AFE38
/* 02544 809AFE24 ACCC0278 */  sw      $t4, 0x0278($a2)           ## 00000278
.L809AFE28:
/* 02548 809AFE28 8FBF0014 */  lw      $ra, 0x0014($sp)           
.L809AFE2C:
/* 0254C 809AFE2C 27BD0018 */  addiu   $sp, $sp, 0x0018           ## $sp = 00000000
/* 02550 809AFE30 03E00008 */  jr      $ra                        
/* 02554 809AFE34 00000000 */  nop


glabel func_809AFE38
/* 02558 809AFE38 27BDFF00 */  addiu   $sp, $sp, 0xFF00           ## $sp = FFFFFF00
/* 0255C 809AFE3C AFB60058 */  sw      $s6, 0x0058($sp)           
/* 02560 809AFE40 AFB50054 */  sw      $s5, 0x0054($sp)           
/* 02564 809AFE44 00A0A825 */  or      $s5, $a1, $zero            ## $s5 = 00000000
/* 02568 809AFE48 0080B025 */  or      $s6, $a0, $zero            ## $s6 = 00000000
/* 0256C 809AFE4C AFBF005C */  sw      $ra, 0x005C($sp)           
/* 02570 809AFE50 AFB40050 */  sw      $s4, 0x0050($sp)           
/* 02574 809AFE54 AFB3004C */  sw      $s3, 0x004C($sp)           
/* 02578 809AFE58 AFB20048 */  sw      $s2, 0x0048($sp)           
/* 0257C 809AFE5C AFB10044 */  sw      $s1, 0x0044($sp)           
/* 02580 809AFE60 AFB00040 */  sw      $s0, 0x0040($sp)           
/* 02584 809AFE64 F7B80038 */  sdc1    $f24, 0x0038($sp)          
/* 02588 809AFE68 F7B60030 */  sdc1    $f22, 0x0030($sp)          
/* 0258C 809AFE6C F7B40028 */  sdc1    $f20, 0x0028($sp)          
/* 02590 809AFE70 3C0F809B */  lui     $t7, %hi(D_809B1048)       ## $t7 = 809B0000
/* 02594 809AFE74 25EF1048 */  addiu   $t7, $t7, %lo(D_809B1048)  ## $t7 = 809B1048
/* 02598 809AFE78 25E8006C */  addiu   $t0, $t7, 0x006C           ## $t0 = 809B10B4
/* 0259C 809AFE7C 27AE0088 */  addiu   $t6, $sp, 0x0088           ## $t6 = FFFFFF88
.L809AFE80:
/* 025A0 809AFE80 8DF90000 */  lw      $t9, 0x0000($t7)           ## 809B1048
/* 025A4 809AFE84 25EF000C */  addiu   $t7, $t7, 0x000C           ## $t7 = 809B1054
/* 025A8 809AFE88 25CE000C */  addiu   $t6, $t6, 0x000C           ## $t6 = FFFFFF94
/* 025AC 809AFE8C ADD9FFF4 */  sw      $t9, -0x000C($t6)          ## FFFFFF88
/* 025B0 809AFE90 8DF8FFF8 */  lw      $t8, -0x0008($t7)          ## 809B104C
/* 025B4 809AFE94 ADD8FFF8 */  sw      $t8, -0x0008($t6)          ## FFFFFF8C
/* 025B8 809AFE98 8DF9FFFC */  lw      $t9, -0x0004($t7)          ## 809B1050
/* 025BC 809AFE9C 15E8FFF8 */  bne     $t7, $t0, .L809AFE80       
/* 025C0 809AFEA0 ADD9FFFC */  sw      $t9, -0x0004($t6)          ## FFFFFF90
/* 025C4 809AFEA4 8EA21CCC */  lw      $v0, 0x1CCC($s5)           ## 00001CCC
/* 025C8 809AFEA8 24090003 */  addiu   $t1, $zero, 0x0003         ## $t1 = 00000003
/* 025CC 809AFEAC 26A44908 */  addiu   $a0, $s5, 0x4908           ## $a0 = 00004908
/* 025D0 809AFEB0 0C054926 */  jal     func_80152498              
/* 025D4 809AFEB4 A4490118 */  sh      $t1, 0x0118($v0)           ## 00000118
/* 025D8 809AFEB8 24010005 */  addiu   $at, $zero, 0x0005         ## $at = 00000005
/* 025DC 809AFEBC 54410051 */  bnel    $v0, $at, .L809B0004       
/* 025E0 809AFEC0 8FBF005C */  lw      $ra, 0x005C($sp)           
/* 025E4 809AFEC4 0C051D89 */  jal     func_80147624              
/* 025E8 809AFEC8 02A02025 */  or      $a0, $s5, $zero            ## $a0 = 00000000
/* 025EC 809AFECC 5040004D */  beql    $v0, $zero, .L809B0004     
/* 025F0 809AFED0 8FBF005C */  lw      $ra, 0x005C($sp)           
/* 025F4 809AFED4 8EAA1CCC */  lw      $t2, 0x1CCC($s5)           ## 00001CCC
/* 025F8 809AFED8 02A02025 */  or      $a0, $s5, $zero            ## $a0 = 00000000
/* 025FC 809AFEDC 0C051DED */  jal     func_801477B4              
/* 02600 809AFEE0 AFAA0074 */  sw      $t2, 0x0074($sp)           
/* 02604 809AFEE4 3C0141A0 */  lui     $at, 0x41A0                ## $at = 41A00000
/* 02608 809AFEE8 44812000 */  mtc1    $at, $f4                   ## $f4 = 20.00
/* 0260C 809AFEEC 3C013F80 */  lui     $at, 0x3F80                ## $at = 3F800000
/* 02610 809AFEF0 4481C000 */  mtc1    $at, $f24                  ## $f24 = 1.00
/* 02614 809AFEF4 4600218D */  trunc.w.s $f6, $f4                   
/* 02618 809AFEF8 3C0142C8 */  lui     $at, 0x42C8                ## $at = 42C80000
/* 0261C 809AFEFC 4481B000 */  mtc1    $at, $f22                  ## $f22 = 100.00
/* 02620 809AFF00 3C0141F0 */  lui     $at, 0x41F0                ## $at = 41F00000
/* 02624 809AFF04 44133000 */  mfc1    $s3, $f6                   
/* 02628 809AFF08 27B100F4 */  addiu   $s1, $sp, 0x00F4           ## $s1 = FFFFFFF4
/* 0262C 809AFF0C 4481A000 */  mtc1    $at, $f20                  ## $f20 = 30.00
/* 02630 809AFF10 00139C00 */  sll     $s3, $s3, 16               
/* 02634 809AFF14 00139C03 */  sra     $s3, $s3, 16               
/* 02638 809AFF18 0220A025 */  or      $s4, $s1, $zero            ## $s4 = FFFFFFF4
/* 0263C 809AFF1C 26D20024 */  addiu   $s2, $s6, 0x0024           ## $s2 = 00000024
/* 02640 809AFF20 27B00088 */  addiu   $s0, $sp, 0x0088           ## $s0 = FFFFFF88
/* 02644 809AFF24 02202025 */  or      $a0, $s1, $zero            ## $a0 = FFFFFFF4
.L809AFF28:
/* 02648 809AFF28 0C03FD43 */  jal     func_800FF50C              
/* 0264C 809AFF2C 02402825 */  or      $a1, $s2, $zero            ## $a1 = 00000024
/* 02650 809AFF30 0C05E570 */  jal     func_801795C0              
/* 02654 809AFF34 4600A306 */  mov.s   $f12, $f20                 
/* 02658 809AFF38 C7A800F4 */  lwc1    $f8, 0x00F4($sp)           
/* 0265C 809AFF3C 4600A306 */  mov.s   $f12, $f20                 
/* 02660 809AFF40 46004280 */  add.s   $f10, $f8, $f0             
/* 02664 809AFF44 E7AA00F4 */  swc1    $f10, 0x00F4($sp)          
/* 02668 809AFF48 C6D00088 */  lwc1    $f16, 0x0088($s6)          ## 00000088
/* 0266C 809AFF4C 0C05E570 */  jal     func_801795C0              
/* 02670 809AFF50 E7B000F8 */  swc1    $f16, 0x00F8($sp)          
/* 02674 809AFF54 C7B200FC */  lwc1    $f18, 0x00FC($sp)          
/* 02678 809AFF58 4600C306 */  mov.s   $f12, $f24                 
/* 0267C 809AFF5C 46009100 */  add.s   $f4, $f18, $f0             
/* 02680 809AFF60 0C05E565 */  jal     func_80179594              
/* 02684 809AFF64 E7A400FC */  swc1    $f4, 0x00FC($sp)           
/* 02688 809AFF68 46160182 */  mul.s   $f6, $f0, $f22             
/* 0268C 809AFF6C 240F0001 */  addiu   $t7, $zero, 0x0001         ## $t7 = 00000001
/* 02690 809AFF70 AFAF0018 */  sw      $t7, 0x0018($sp)           
/* 02694 809AFF74 02A02025 */  or      $a0, $s5, $zero            ## $a0 = 00000000
/* 02698 809AFF78 02202825 */  or      $a1, $s1, $zero            ## $a1 = FFFFFFF4
/* 0269C 809AFF7C 02003025 */  or      $a2, $s0, $zero            ## $a2 = FFFFFF88
/* 026A0 809AFF80 02003825 */  or      $a3, $s0, $zero            ## $a3 = FFFFFF88
/* 026A4 809AFF84 46163200 */  add.s   $f8, $f6, $f22             
/* 026A8 809AFF88 AFB30014 */  sw      $s3, 0x0014($sp)           
/* 026AC 809AFF8C 4600428D */  trunc.w.s $f10, $f8                  
/* 026B0 809AFF90 44085000 */  mfc1    $t0, $f10                  
/* 026B4 809AFF94 0C02CC0C */  jal     func_800B3030              
/* 026B8 809AFF98 AFA80010 */  sw      $t0, 0x0010($sp)           
/* 026BC 809AFF9C 2610000C */  addiu   $s0, $s0, 0x000C           ## $s0 = FFFFFF94
/* 026C0 809AFFA0 5614FFE1 */  bnel    $s0, $s4, .L809AFF28       
/* 026C4 809AFFA4 02202025 */  or      $a0, $s1, $zero            ## $a0 = FFFFFFF4
/* 026C8 809AFFA8 02A02025 */  or      $a0, $s5, $zero            ## $a0 = 00000000
/* 026CC 809AFFAC 02402825 */  or      $a1, $s2, $zero            ## $a1 = 00000024
/* 026D0 809AFFB0 2406000A */  addiu   $a2, $zero, 0x000A         ## $a2 = 0000000A
/* 026D4 809AFFB4 0C03C164 */  jal     func_800F0590              
/* 026D8 809AFFB8 2407321F */  addiu   $a3, $zero, 0x321F         ## $a3 = 0000321F
/* 026DC 809AFFBC 3C01809B */  lui     $at, %hi(D_809B0F40)       ## $at = 809B0000
/* 026E0 809AFFC0 AC200F40 */  sw      $zero, %lo(D_809B0F40)($at) 
/* 026E4 809AFFC4 86CE028C */  lh      $t6, 0x028C($s6)           ## 0000028C
/* 026E8 809AFFC8 A6C0028E */  sh      $zero, 0x028E($s6)         ## 0000028E
/* 026EC 809AFFCC 3C01809B */  lui     $at, %hi(D_809B0F44)       ## $at = 809B0000
/* 026F0 809AFFD0 51C00004 */  beql    $t6, $zero, .L809AFFE4     
/* 026F4 809AFFD4 8FA20074 */  lw      $v0, 0x0074($sp)           
/* 026F8 809AFFD8 A6C0028C */  sh      $zero, 0x028C($s6)         ## 0000028C
/* 026FC 809AFFDC AC200F44 */  sw      $zero, %lo(D_809B0F44)($at) 
/* 02700 809AFFE0 8FA20074 */  lw      $v0, 0x0074($sp)           
.L809AFFE4:
/* 02704 809AFFE4 3C01EFFF */  lui     $at, 0xEFFF                ## $at = EFFF0000
/* 02708 809AFFE8 3421FFFF */  ori     $at, $at, 0xFFFF           ## $at = EFFFFFFF
/* 0270C 809AFFEC 8C580A6C */  lw      $t8, 0x0A6C($v0)           ## 00000A6C
/* 02710 809AFFF0 02C02025 */  or      $a0, $s6, $zero            ## $a0 = 00000000
/* 02714 809AFFF4 0301C824 */  and     $t9, $t8, $at              
/* 02718 809AFFF8 0C02D9C3 */  jal     func_800B670C              
/* 0271C 809AFFFC AC590A6C */  sw      $t9, 0x0A6C($v0)           ## 00000A6C
/* 02720 809B0000 8FBF005C */  lw      $ra, 0x005C($sp)           
.L809B0004:
/* 02724 809B0004 D7B40028 */  ldc1    $f20, 0x0028($sp)          
/* 02728 809B0008 D7B60030 */  ldc1    $f22, 0x0030($sp)          
/* 0272C 809B000C D7B80038 */  ldc1    $f24, 0x0038($sp)          
/* 02730 809B0010 8FB00040 */  lw      $s0, 0x0040($sp)           
/* 02734 809B0014 8FB10044 */  lw      $s1, 0x0044($sp)           
/* 02738 809B0018 8FB20048 */  lw      $s2, 0x0048($sp)           
/* 0273C 809B001C 8FB3004C */  lw      $s3, 0x004C($sp)           
/* 02740 809B0020 8FB40050 */  lw      $s4, 0x0050($sp)           
/* 02744 809B0024 8FB50054 */  lw      $s5, 0x0054($sp)           
/* 02748 809B0028 8FB60058 */  lw      $s6, 0x0058($sp)           
/* 0274C 809B002C 03E00008 */  jr      $ra                        
/* 02750 809B0030 27BD0100 */  addiu   $sp, $sp, 0x0100           ## $sp = 00000000


glabel func_809B0034
/* 02754 809B0034 27BDFFC0 */  addiu   $sp, $sp, 0xFFC0           ## $sp = FFFFFFC0
/* 02758 809B0038 AFB00030 */  sw      $s0, 0x0030($sp)           
/* 0275C 809B003C 00808025 */  or      $s0, $a0, $zero            ## $s0 = 00000000
/* 02760 809B0040 AFBF0034 */  sw      $ra, 0x0034($sp)           
/* 02764 809B0044 AFA50044 */  sw      $a1, 0x0044($sp)           
/* 02768 809B0048 9202036D */  lbu     $v0, 0x036D($s0)           ## 0000036D
/* 0276C 809B004C 00003025 */  or      $a2, $zero, $zero          ## $a2 = 00000000
/* 02770 809B0050 304E0002 */  andi    $t6, $v0, 0x0002           ## $t6 = 00000000
/* 02774 809B0054 51C00099 */  beql    $t6, $zero, .L809B02BC     
/* 02778 809B0058 8FBF0034 */  lw      $ra, 0x0034($sp)           
/* 0277C 809B005C 920300B9 */  lbu     $v1, 0x00B9($s0)           ## 000000B9
/* 02780 809B0060 304FFFFD */  andi    $t7, $v0, 0xFFFD           ## $t7 = 00000000
/* 02784 809B0064 24010001 */  addiu   $at, $zero, 0x0001         ## $at = 00000001
/* 02788 809B0068 10610004 */  beq     $v1, $at, .L809B007C       
/* 0278C 809B006C A20F036D */  sb      $t7, 0x036D($s0)           ## 0000036D
/* 02790 809B0070 24010005 */  addiu   $at, $zero, 0x0005         ## $at = 00000005
/* 02794 809B0074 5461001F */  bnel    $v1, $at, .L809B00F4       
/* 02798 809B0078 860B027C */  lh      $t3, 0x027C($s0)           ## 0000027C
.L809B007C:
/* 0279C 809B007C 860202AA */  lh      $v0, 0x02AA($s0)           ## 000002AA
/* 027A0 809B0080 2401000B */  addiu   $at, $zero, 0x000B         ## $at = 0000000B
/* 027A4 809B0084 10410003 */  beq     $v0, $at, .L809B0094       
/* 027A8 809B0088 2401000A */  addiu   $at, $zero, 0x000A         ## $at = 0000000A
/* 027AC 809B008C 54410004 */  bnel    $v0, $at, .L809B00A0       
/* 027B0 809B0090 02002025 */  or      $a0, $s0, $zero            ## $a0 = 00000000
.L809B0094:
/* 027B4 809B0094 861802A8 */  lh      $t8, 0x02A8($s0)           ## 000002A8
/* 027B8 809B0098 17000087 */  bne     $t8, $zero, .L809B02B8     
/* 027BC 809B009C 02002025 */  or      $a0, $s0, $zero            ## $a0 = 00000000
.L809B00A0:
/* 027C0 809B00A0 0C02E3B2 */  jal     func_800B8EC8              
/* 027C4 809B00A4 2405389E */  addiu   $a1, $zero, 0x389E         ## $a1 = 0000389E
/* 027C8 809B00A8 24190028 */  addiu   $t9, $zero, 0x0028         ## $t9 = 00000028
/* 027CC 809B00AC AFB90010 */  sw      $t9, 0x0010($sp)           
/* 027D0 809B00B0 02002025 */  or      $a0, $s0, $zero            ## $a0 = 00000000
/* 027D4 809B00B4 00002825 */  or      $a1, $zero, $zero          ## $a1 = 00000000
/* 027D8 809B00B8 240600FF */  addiu   $a2, $zero, 0x00FF         ## $a2 = 000000FF
/* 027DC 809B00BC 0C02F2DC */  jal     func_800BCB70              
/* 027E0 809B00C0 00003825 */  or      $a3, $zero, $zero          ## $a3 = 00000000
/* 027E4 809B00C4 920800B9 */  lbu     $t0, 0x00B9($s0)           ## 000000B9
/* 027E8 809B00C8 24010005 */  addiu   $at, $zero, 0x0005         ## $at = 00000005
/* 027EC 809B00CC 24090028 */  addiu   $t1, $zero, 0x0028         ## $t1 = 00000028
/* 027F0 809B00D0 15010003 */  bne     $t0, $at, .L809B00E0       
/* 027F4 809B00D4 240A001E */  addiu   $t2, $zero, 0x001E         ## $t2 = 0000001E
/* 027F8 809B00D8 A60902A8 */  sh      $t1, 0x02A8($s0)           ## 000002A8
/* 027FC 809B00DC A60A02AA */  sh      $t2, 0x02AA($s0)           ## 000002AA
.L809B00E0:
/* 02800 809B00E0 0C26BD1C */  jal     func_809AF470              
/* 02804 809B00E4 02002025 */  or      $a0, $s0, $zero            ## $a0 = 00000000
/* 02808 809B00E8 10000074 */  beq     $zero, $zero, .L809B02BC   
/* 0280C 809B00EC 8FBF0034 */  lw      $ra, 0x0034($sp)           
/* 02810 809B00F0 860B027C */  lh      $t3, 0x027C($s0)           ## 0000027C
.L809B00F4:
/* 02814 809B00F4 256CFFFE */  addiu   $t4, $t3, 0xFFFE           ## $t4 = FFFFFFFE
/* 02818 809B00F8 2D810009 */  sltiu   $at, $t4, 0x0009           
/* 0281C 809B00FC 1020005B */  beq     $at, $zero, .L809B026C     
/* 02820 809B0100 000C6080 */  sll     $t4, $t4,  2               
/* 02824 809B0104 3C01809B */  lui     $at, %hi(D_809B1180)       ## $at = 809B0000
/* 02828 809B0108 002C0821 */  addu    $at, $at, $t4              
/* 0282C 809B010C 8C2C1180 */  lw      $t4, %lo(D_809B1180)($at)  
/* 02830 809B0110 01800008 */  jr      $t4                        
/* 02834 809B0114 00000000 */  nop
.L809B0118:
/* 02838 809B0118 44802000 */  mtc1    $zero, $f4                 ## $f4 = 0.00
/* 0283C 809B011C 02002025 */  or      $a0, $s0, $zero            ## $a0 = 00000000
/* 02840 809B0120 E6040070 */  swc1    $f4, 0x0070($s0)           ## 00000070
/* 02844 809B0124 0C26BB2A */  jal     func_809AECA8              
/* 02848 809B0128 AFA6003C */  sw      $a2, 0x003C($sp)           
/* 0284C 809B012C 1000004F */  beq     $zero, $zero, .L809B026C   
/* 02850 809B0130 8FA6003C */  lw      $a2, 0x003C($sp)           
.L809B0134:
/* 02854 809B0134 24010002 */  addiu   $at, $zero, 0x0002         ## $at = 00000002
/* 02858 809B0138 1061000A */  beq     $v1, $at, .L809B0164       
/* 0285C 809B013C 240D0028 */  addiu   $t5, $zero, 0x0028         ## $t5 = 00000028
/* 02860 809B0140 24010003 */  addiu   $at, $zero, 0x0003         ## $at = 00000003
/* 02864 809B0144 10610027 */  beq     $v1, $at, .L809B01E4       
/* 02868 809B0148 24010004 */  addiu   $at, $zero, 0x0004         ## $at = 00000004
/* 0286C 809B014C 10610009 */  beq     $v1, $at, .L809B0174       
/* 02870 809B0150 2401000F */  addiu   $at, $zero, 0x000F         ## $at = 0000000F
/* 02874 809B0154 14610045 */  bne     $v1, $at, .L809B026C       
/* 02878 809B0158 00000000 */  nop
/* 0287C 809B015C 10000043 */  beq     $zero, $zero, .L809B026C   
/* 02880 809B0160 24060001 */  addiu   $a2, $zero, 0x0001         ## $a2 = 00000001
.L809B0164:
/* 02884 809B0164 A60D02A8 */  sh      $t5, 0x02A8($s0)           ## 000002A8
/* 02888 809B0168 A60002AA */  sh      $zero, 0x02AA($s0)         ## 000002AA
/* 0288C 809B016C 1000003F */  beq     $zero, $zero, .L809B026C   
/* 02890 809B0170 24060001 */  addiu   $a2, $zero, 0x0001         ## $a2 = 00000001
.L809B0174:
/* 02894 809B0174 860202AA */  lh      $v0, 0x02AA($s0)           ## 000002AA
/* 02898 809B0178 2401000B */  addiu   $at, $zero, 0x000B         ## $at = 0000000B
/* 0289C 809B017C 10410003 */  beq     $v0, $at, .L809B018C       
/* 028A0 809B0180 2401000A */  addiu   $at, $zero, 0x000A         ## $at = 0000000A
/* 028A4 809B0184 54410005 */  bnel    $v0, $at, .L809B019C       
/* 028A8 809B0188 C6060040 */  lwc1    $f6, 0x0040($s0)           ## 00000040
.L809B018C:
/* 028AC 809B018C 860E02A8 */  lh      $t6, 0x02A8($s0)           ## 000002A8
/* 028B0 809B0190 15C00036 */  bne     $t6, $zero, .L809B026C     
/* 028B4 809B0194 00000000 */  nop
/* 028B8 809B0198 C6060040 */  lwc1    $f6, 0x0040($s0)           ## 00000040
.L809B019C:
/* 028BC 809B019C 8E07003C */  lw      $a3, 0x003C($s0)           ## 0000003C
/* 028C0 809B01A0 8FA50044 */  lw      $a1, 0x0044($sp)           
/* 028C4 809B01A4 E7A60010 */  swc1    $f6, 0x0010($sp)           
/* 028C8 809B01A8 C6080044 */  lwc1    $f8, 0x0044($s0)           ## 00000044
/* 028CC 809B01AC 24180004 */  addiu   $t8, $zero, 0x0004         ## $t8 = 00000004
/* 028D0 809B01B0 AFB80024 */  sw      $t8, 0x0024($sp)           
/* 028D4 809B01B4 AFA00020 */  sw      $zero, 0x0020($sp)         
/* 028D8 809B01B8 AFA0001C */  sw      $zero, 0x001C($sp)         
/* 028DC 809B01BC AFA00018 */  sw      $zero, 0x0018($sp)         
/* 028E0 809B01C0 240600A2 */  addiu   $a2, $zero, 0x00A2         ## $a2 = 000000A2
/* 028E4 809B01C4 24A41CA0 */  addiu   $a0, $a1, 0x1CA0           ## $a0 = 00001CA0
/* 028E8 809B01C8 0C02EB18 */  jal     func_800BAC60              
/* 028EC 809B01CC E7A80014 */  swc1    $f8, 0x0014($sp)           
/* 028F0 809B01D0 24020014 */  addiu   $v0, $zero, 0x0014         ## $v0 = 00000014
/* 028F4 809B01D4 A60202A8 */  sh      $v0, 0x02A8($s0)           ## 000002A8
/* 028F8 809B01D8 A60202AA */  sh      $v0, 0x02AA($s0)           ## 000002AA
/* 028FC 809B01DC 10000023 */  beq     $zero, $zero, .L809B026C   
/* 02900 809B01E0 24060001 */  addiu   $a2, $zero, 0x0001         ## $a2 = 00000001
.L809B01E4:
/* 02904 809B01E4 860202AA */  lh      $v0, 0x02AA($s0)           ## 000002AA
/* 02908 809B01E8 2401000B */  addiu   $at, $zero, 0x000B         ## $at = 0000000B
/* 0290C 809B01EC 10410003 */  beq     $v0, $at, .L809B01FC       
/* 02910 809B01F0 2401000A */  addiu   $at, $zero, 0x000A         ## $at = 0000000A
/* 02914 809B01F4 54410004 */  bnel    $v0, $at, .L809B0208       
/* 02918 809B01F8 02002025 */  or      $a0, $s0, $zero            ## $a0 = 00000000
.L809B01FC:
/* 0291C 809B01FC 861902A8 */  lh      $t9, 0x02A8($s0)           ## 000002A8
/* 02920 809B0200 1720000D */  bne     $t9, $zero, .L809B0238     
/* 02924 809B0204 02002025 */  or      $a0, $s0, $zero            ## $a0 = 00000000
.L809B0208:
/* 02928 809B0208 0C02F88B */  jal     func_800BE22C              
/* 0292C 809B020C AFA6003C */  sw      $a2, 0x003C($sp)           
/* 02930 809B0210 8FA6003C */  lw      $a2, 0x003C($sp)           
/* 02934 809B0214 3C013FC0 */  lui     $at, 0x3FC0                ## $at = 3FC00000
/* 02938 809B0218 44805000 */  mtc1    $zero, $f10                ## $f10 = 0.00
/* 0293C 809B021C 44818000 */  mtc1    $at, $f16                  ## $f16 = 1.50
/* 02940 809B0220 24080050 */  addiu   $t0, $zero, 0x0050         ## $t0 = 00000050
/* 02944 809B0224 2409000B */  addiu   $t1, $zero, 0x000B         ## $t1 = 0000000B
/* 02948 809B0228 A60802A8 */  sh      $t0, 0x02A8($s0)           ## 000002A8
/* 0294C 809B022C A60902AA */  sh      $t1, 0x02AA($s0)           ## 000002AA
/* 02950 809B0230 E60A02AC */  swc1    $f10, 0x02AC($s0)          ## 000002AC
/* 02954 809B0234 E61002B0 */  swc1    $f16, 0x02B0($s0)          ## 000002B0
.L809B0238:
/* 02958 809B0238 920A00B7 */  lbu     $t2, 0x00B7($s0)           ## 000000B7
/* 0295C 809B023C 8FA50044 */  lw      $a1, 0x0044($sp)           
/* 02960 809B0240 02002025 */  or      $a0, $s0, $zero            ## $a0 = 00000000
/* 02964 809B0244 1D400006 */  bgtz    $t2, .L809B0260            
/* 02968 809B0248 00000000 */  nop
/* 0296C 809B024C 02002025 */  or      $a0, $s0, $zero            ## $a0 = 00000000
/* 02970 809B0250 0C26BE34 */  jal     func_809AF8D0              
/* 02974 809B0254 AFA6003C */  sw      $a2, 0x003C($sp)           
/* 02978 809B0258 10000004 */  beq     $zero, $zero, .L809B026C   
/* 0297C 809B025C 8FA6003C */  lw      $a2, 0x003C($sp)           
.L809B0260:
/* 02980 809B0260 0C26BD1C */  jal     func_809AF470              
/* 02984 809B0264 AFA6003C */  sw      $a2, 0x003C($sp)           
/* 02988 809B0268 8FA6003C */  lw      $a2, 0x003C($sp)           
.L809B026C:
/* 0298C 809B026C 50C00013 */  beql    $a2, $zero, .L809B02BC     
/* 02990 809B0270 8FBF0034 */  lw      $ra, 0x0034($sp)           
/* 02994 809B0274 0C02F88B */  jal     func_800BE22C              
/* 02998 809B0278 02002025 */  or      $a0, $s0, $zero            ## $a0 = 00000000
/* 0299C 809B027C 920C036D */  lbu     $t4, 0x036D($s0)           ## 0000036D
/* 029A0 809B0280 920E00B7 */  lbu     $t6, 0x00B7($s0)           ## 000000B7
/* 029A4 809B0284 240B000A */  addiu   $t3, $zero, 0x000A         ## $t3 = 0000000A
/* 029A8 809B0288 358D0004 */  ori     $t5, $t4, 0x0004           ## $t5 = 00000004
/* 029AC 809B028C A20B0370 */  sb      $t3, 0x0370($s0)           ## 00000370
/* 029B0 809B0290 19C00006 */  blez    $t6, .L809B02AC            
/* 029B4 809B0294 A20D036D */  sb      $t5, 0x036D($s0)           ## 0000036D
/* 029B8 809B0298 02002025 */  or      $a0, $s0, $zero            ## $a0 = 00000000
/* 029BC 809B029C 0C26BD7E */  jal     func_809AF5F8              
/* 029C0 809B02A0 8FA50044 */  lw      $a1, 0x0044($sp)           
/* 029C4 809B02A4 10000005 */  beq     $zero, $zero, .L809B02BC   
/* 029C8 809B02A8 8FBF0034 */  lw      $ra, 0x0034($sp)           
.L809B02AC:
/* 029CC 809B02AC 02002025 */  or      $a0, $s0, $zero            ## $a0 = 00000000
/* 029D0 809B02B0 0C26BE34 */  jal     func_809AF8D0              
/* 029D4 809B02B4 8FA50044 */  lw      $a1, 0x0044($sp)           
.L809B02B8:
/* 029D8 809B02B8 8FBF0034 */  lw      $ra, 0x0034($sp)           
.L809B02BC:
/* 029DC 809B02BC 8FB00030 */  lw      $s0, 0x0030($sp)           
/* 029E0 809B02C0 27BD0040 */  addiu   $sp, $sp, 0x0040           ## $sp = 00000000
/* 029E4 809B02C4 03E00008 */  jr      $ra                        
/* 029E8 809B02C8 00000000 */  nop


glabel func_809B02CC
/* 029EC 809B02CC 27BDFFC0 */  addiu   $sp, $sp, 0xFFC0           ## $sp = FFFFFFC0
/* 029F0 809B02D0 AFB00020 */  sw      $s0, 0x0020($sp)           
/* 029F4 809B02D4 00808025 */  or      $s0, $a0, $zero            ## $s0 = 00000000
/* 029F8 809B02D8 AFBF0024 */  sw      $ra, 0x0024($sp)           
/* 029FC 809B02DC AFA50044 */  sw      $a1, 0x0044($sp)           
/* 02A00 809B02E0 860E027C */  lh      $t6, 0x027C($s0)           ## 0000027C
/* 02A04 809B02E4 24010002 */  addiu   $at, $zero, 0x0002         ## $at = 00000002
/* 02A08 809B02E8 51C10007 */  beql    $t6, $at, .L809B0308       
/* 02A0C 809B02EC 02002025 */  or      $a0, $s0, $zero            ## $a0 = 00000000
/* 02A10 809B02F0 860F0346 */  lh      $t7, 0x0346($s0)           ## 00000346
/* 02A14 809B02F4 55E00004 */  bnel    $t7, $zero, .L809B0308     
/* 02A18 809B02F8 02002025 */  or      $a0, $s0, $zero            ## $a0 = 00000000
/* 02A1C 809B02FC 0C04DB34 */  jal     func_80136CD0              
/* 02A20 809B0300 26040144 */  addiu   $a0, $s0, 0x0144           ## $a0 = 00000144
/* 02A24 809B0304 02002025 */  or      $a0, $s0, $zero            ## $a0 = 00000000
.L809B0308:
/* 02A28 809B0308 0C26C00D */  jal     func_809B0034              
/* 02A2C 809B030C 8FA50044 */  lw      $a1, 0x0044($sp)           
/* 02A30 809B0310 92180114 */  lbu     $t8, 0x0114($s0)           ## 00000114
/* 02A34 809B0314 13000006 */  beq     $t8, $zero, .L809B0330     
/* 02A38 809B0318 24190001 */  addiu   $t9, $zero, 0x0001         ## $t9 = 00000001
/* 02A3C 809B031C 3C01809B */  lui     $at, %hi(D_809B0F44)       ## $at = 809B0000
/* 02A40 809B0320 AC390F44 */  sw      $t9, %lo(D_809B0F44)($at)  
/* 02A44 809B0324 240C0001 */  addiu   $t4, $zero, 0x0001         ## $t4 = 00000001
/* 02A48 809B0328 10000007 */  beq     $zero, $zero, .L809B0348   
/* 02A4C 809B032C A60C028C */  sh      $t4, 0x028C($s0)           ## 0000028C
.L809B0330:
/* 02A50 809B0330 860D028C */  lh      $t5, 0x028C($s0)           ## 0000028C
/* 02A54 809B0334 3C01809B */  lui     $at, %hi(D_809B0F44)       ## $at = 809B0000
/* 02A58 809B0338 51A00004 */  beql    $t5, $zero, .L809B034C     
/* 02A5C 809B033C 8E190278 */  lw      $t9, 0x0278($s0)           ## 00000278
/* 02A60 809B0340 A600028C */  sh      $zero, 0x028C($s0)         ## 0000028C
/* 02A64 809B0344 AC200F44 */  sw      $zero, %lo(D_809B0F44)($at) 
.L809B0348:
/* 02A68 809B0348 8E190278 */  lw      $t9, 0x0278($s0)           ## 00000278
.L809B034C:
/* 02A6C 809B034C 02002025 */  or      $a0, $s0, $zero            ## $a0 = 00000000
/* 02A70 809B0350 8FA50044 */  lw      $a1, 0x0044($sp)           
/* 02A74 809B0354 0320F809 */  jalr    $ra, $t9                   
/* 02A78 809B0358 00000000 */  nop
/* 02A7C 809B035C 86020282 */  lh      $v0, 0x0282($s0)           ## 00000282
/* 02A80 809B0360 10400002 */  beq     $v0, $zero, .L809B036C     
/* 02A84 809B0364 244EFFFF */  addiu   $t6, $v0, 0xFFFF           ## $t6 = FFFFFFFF
/* 02A88 809B0368 A60E0282 */  sh      $t6, 0x0282($s0)           ## 00000282
.L809B036C:
/* 02A8C 809B036C 86020286 */  lh      $v0, 0x0286($s0)           ## 00000286
/* 02A90 809B0370 10400002 */  beq     $v0, $zero, .L809B037C     
/* 02A94 809B0374 244FFFFF */  addiu   $t7, $v0, 0xFFFF           ## $t7 = FFFFFFFF
/* 02A98 809B0378 A60F0286 */  sh      $t7, 0x0286($s0)           ## 00000286
.L809B037C:
/* 02A9C 809B037C 86020288 */  lh      $v0, 0x0288($s0)           ## 00000288
/* 02AA0 809B0380 10400002 */  beq     $v0, $zero, .L809B038C     
/* 02AA4 809B0384 2458FFFF */  addiu   $t8, $v0, 0xFFFF           ## $t8 = FFFFFFFF
/* 02AA8 809B0388 A6180288 */  sh      $t8, 0x0288($s0)           ## 00000288
.L809B038C:
/* 02AAC 809B038C 860202A8 */  lh      $v0, 0x02A8($s0)           ## 000002A8
/* 02AB0 809B0390 10400002 */  beq     $v0, $zero, .L809B039C     
/* 02AB4 809B0394 244CFFFF */  addiu   $t4, $v0, 0xFFFF           ## $t4 = FFFFFFFF
/* 02AB8 809B0398 A60C02A8 */  sh      $t4, 0x02A8($s0)           ## 000002A8
.L809B039C:
/* 02ABC 809B039C 860D027C */  lh      $t5, 0x027C($s0)           ## 0000027C
/* 02AC0 809B03A0 2401000E */  addiu   $at, $zero, 0x000E         ## $at = 0000000E
/* 02AC4 809B03A4 3C054248 */  lui     $a1, 0x4248                ## $a1 = 42480000
/* 02AC8 809B03A8 11A10005 */  beq     $t5, $at, .L809B03C0       
/* 02ACC 809B03AC 02002025 */  or      $a0, $s0, $zero            ## $a0 = 00000000
/* 02AD0 809B03B0 0C02D9D7 */  jal     func_800B675C              
/* 02AD4 809B03B4 02002025 */  or      $a0, $s0, $zero            ## $a0 = 00000000
/* 02AD8 809B03B8 10000004 */  beq     $zero, $zero, .L809B03CC   
/* 02ADC 809B03BC 02002025 */  or      $a0, $s0, $zero            ## $a0 = 00000000
.L809B03C0:
/* 02AE0 809B03C0 0C02D9D7 */  jal     func_800B675C              
/* 02AE4 809B03C4 3C0541F0 */  lui     $a1, 0x41F0                ## $a1 = 41F00000
/* 02AE8 809B03C8 02002025 */  or      $a0, $s0, $zero            ## $a0 = 00000000
.L809B03CC:
/* 02AEC 809B03CC 0C02D9F8 */  jal     func_800B67E0              
/* 02AF0 809B03D0 8E050354 */  lw      $a1, 0x0354($s0)           ## 00000354
/* 02AF4 809B03D4 0C02DAA2 */  jal     func_800B6A88              
/* 02AF8 809B03D8 02002025 */  or      $a0, $s0, $zero            ## $a0 = 00000000
/* 02AFC 809B03DC C6040024 */  lwc1    $f4, 0x0024($s0)           ## 00000024
/* 02B00 809B03E0 C6060FE0 */  lwc1    $f6, 0x0FE0($s0)           ## 00000FE0
/* 02B04 809B03E4 C60A002C */  lwc1    $f10, 0x002C($s0)          ## 0000002C
/* 02B08 809B03E8 C6100FE8 */  lwc1    $f16, 0x0FE8($s0)          ## 00000FE8
/* 02B0C 809B03EC 96190090 */  lhu     $t9, 0x0090($s0)           ## 00000090
/* 02B10 809B03F0 46062200 */  add.s   $f8, $f4, $f6              
/* 02B14 809B03F4 26040FE0 */  addiu   $a0, $s0, 0x0FE0           ## $a0 = 00000FE0
/* 02B18 809B03F8 332E0001 */  andi    $t6, $t9, 0x0001           ## $t6 = 00000000
/* 02B1C 809B03FC 46105480 */  add.s   $f18, $f10, $f16           
/* 02B20 809B0400 E6080024 */  swc1    $f8, 0x0024($s0)           ## 00000024
/* 02B24 809B0404 3C053F80 */  lui     $a1, 0x3F80                ## $a1 = 3F800000
/* 02B28 809B0408 11C00007 */  beq     $t6, $zero, .L809B0428     
/* 02B2C 809B040C E612002C */  swc1    $f18, 0x002C($s0)          ## 0000002C
/* 02B30 809B0410 0C03FF9A */  jal     func_800FFE68              
/* 02B34 809B0414 3C064000 */  lui     $a2, 0x4000                ## $a2 = 40000000
/* 02B38 809B0418 26040FE8 */  addiu   $a0, $s0, 0x0FE8           ## $a0 = 00000FE8
/* 02B3C 809B041C 3C053F80 */  lui     $a1, 0x3F80                ## $a1 = 3F800000
/* 02B40 809B0420 0C03FF9A */  jal     func_800FFE68              
/* 02B44 809B0424 3C064000 */  lui     $a2, 0x4000                ## $a2 = 40000000
.L809B0428:
/* 02B48 809B0428 8602027C */  lh      $v0, 0x027C($s0)           ## 0000027C
/* 02B4C 809B042C 24010001 */  addiu   $at, $zero, 0x0001         ## $at = 00000001
/* 02B50 809B0430 8FA40044 */  lw      $a0, 0x0044($sp)           
/* 02B54 809B0434 1041000A */  beq     $v0, $at, .L809B0460       
/* 02B58 809B0438 02002825 */  or      $a1, $s0, $zero            ## $a1 = 00000000
/* 02B5C 809B043C 3C014220 */  lui     $at, 0x4220                ## $at = 42200000
/* 02B60 809B0440 44810000 */  mtc1    $at, $f0                   ## $f0 = 40.00
/* 02B64 809B0444 240F001F */  addiu   $t7, $zero, 0x001F         ## $t7 = 0000001F
/* 02B68 809B0448 AFAF0014 */  sw      $t7, 0x0014($sp)           
/* 02B6C 809B044C 44070000 */  mfc1    $a3, $f0                   
/* 02B70 809B0450 3C06420C */  lui     $a2, 0x420C                ## $a2 = 420C0000
/* 02B74 809B0454 0C02DE2E */  jal     func_800B78B8              
/* 02B78 809B0458 E7A00010 */  swc1    $f0, 0x0010($sp)           
/* 02B7C 809B045C 8602027C */  lh      $v0, 0x027C($s0)           ## 0000027C
.L809B0460:
/* 02B80 809B0460 240B0004 */  addiu   $t3, $zero, 0x0004         ## $t3 = 00000004
/* 02B84 809B0464 11620003 */  beq     $t3, $v0, .L809B0474       
/* 02B88 809B0468 24010005 */  addiu   $at, $zero, 0x0005         ## $at = 00000005
/* 02B8C 809B046C 1441006A */  bne     $v0, $at, .L809B0618       
/* 02B90 809B0470 240A000C */  addiu   $t2, $zero, 0x000C         ## $t2 = 0000000C
.L809B0474:
/* 02B94 809B0474 861804B0 */  lh      $t8, 0x04B0($s0)           ## 000004B0
/* 02B98 809B0478 26030188 */  addiu   $v1, $s0, 0x0188           ## $v1 = 00000188
/* 02B9C 809B047C 2604018E */  addiu   $a0, $s0, 0x018E           ## $a0 = 0000018E
/* 02BA0 809B0480 270C0001 */  addiu   $t4, $t8, 0x0001           ## $t4 = 00000001
/* 02BA4 809B0484 A60C04B0 */  sh      $t4, 0x04B0($s0)           ## 000004B0
/* 02BA8 809B0488 860D04B0 */  lh      $t5, 0x04B0($s0)           ## 000004B0
/* 02BAC 809B048C 26050194 */  addiu   $a1, $s0, 0x0194           ## $a1 = 00000194
/* 02BB0 809B0490 2606019A */  addiu   $a2, $s0, 0x019A           ## $a2 = 0000019A
/* 02BB4 809B0494 29A10014 */  slti    $at, $t5, 0x0014           
/* 02BB8 809B0498 14200002 */  bne     $at, $zero, .L809B04A4     
/* 02BBC 809B049C 24070078 */  addiu   $a3, $zero, 0x0078         ## $a3 = 00000078
/* 02BC0 809B04A0 A60004B0 */  sh      $zero, 0x04B0($s0)         ## 000004B0
.L809B04A4:
/* 02BC4 809B04A4 8E0204B4 */  lw      $v0, 0x04B4($s0)           ## 000004B4
/* 02BC8 809B04A8 28410013 */  slti    $at, $v0, 0x0013           
/* 02BCC 809B04AC 10200002 */  beq     $at, $zero, .L809B04B8     
/* 02BD0 809B04B0 24590001 */  addiu   $t9, $v0, 0x0001           ## $t9 = 00000001
/* 02BD4 809B04B4 AE1904B4 */  sw      $t9, 0x04B4($s0)           ## 000004B4
.L809B04B8:
/* 02BD8 809B04B8 860E04B0 */  lh      $t6, 0x04B0($s0)           ## 000004B0
/* 02BDC 809B04BC 240A000C */  addiu   $t2, $zero, 0x000C         ## $t2 = 0000000C
/* 02BE0 809B04C0 8E0D0024 */  lw      $t5, 0x0024($s0)           ## 00000024
/* 02BE4 809B04C4 01CA0019 */  multu   $t6, $t2                   
/* 02BE8 809B04C8 3C014220 */  lui     $at, 0x4220                ## $at = 42200000
/* 02BEC 809B04CC 44813000 */  mtc1    $at, $f6                   ## $f6 = 40.00
/* 02BF0 809B04D0 00001025 */  or      $v0, $zero, $zero          ## $v0 = 00000000
/* 02BF4 809B04D4 00007812 */  mflo    $t7                        
/* 02BF8 809B04D8 020FC021 */  addu    $t8, $s0, $t7              
/* 02BFC 809B04DC AF0D0518 */  sw      $t5, 0x0518($t8)           ## 00000518
/* 02C00 809B04E0 8E0C0028 */  lw      $t4, 0x0028($s0)           ## 00000028
/* 02C04 809B04E4 AF0C051C */  sw      $t4, 0x051C($t8)           ## 0000051C
/* 02C08 809B04E8 8E0D002C */  lw      $t5, 0x002C($s0)           ## 0000002C
/* 02C0C 809B04EC AF0D0520 */  sw      $t5, 0x0520($t8)           ## 00000520
/* 02C10 809B04F0 861904B0 */  lh      $t9, 0x04B0($s0)           ## 000004B0
/* 02C14 809B04F4 032A0019 */  multu   $t9, $t2                   
/* 02C18 809B04F8 00007012 */  mflo    $t6                        
/* 02C1C 809B04FC 020E4021 */  addu    $t0, $s0, $t6              
/* 02C20 809B0500 C504051C */  lwc1    $f4, 0x051C($t0)           ## 0000051C
/* 02C24 809B0504 46062200 */  add.s   $f8, $f4, $f6              
/* 02C28 809B0508 E508051C */  swc1    $f8, 0x051C($t0)           ## 0000051C
/* 02C2C 809B050C 860F04B0 */  lh      $t7, 0x04B0($s0)           ## 000004B0
/* 02C30 809B0510 8A190030 */  lwl     $t9, 0x0030($s0)           ## 00000030
/* 02C34 809B0514 9A190033 */  lwr     $t9, 0x0033($s0)           ## 00000033
/* 02C38 809B0518 000FC080 */  sll     $t8, $t7,  2               
/* 02C3C 809B051C 030FC023 */  subu    $t8, $t8, $t7              
/* 02C40 809B0520 0018C040 */  sll     $t8, $t8,  1               
/* 02C44 809B0524 02186021 */  addu    $t4, $s0, $t8              
/* 02C48 809B0528 A9990608 */  swl     $t9, 0x0608($t4)           ## 00000609
/* 02C4C 809B052C B999060B */  swr     $t9, 0x060B($t4)           ## 0000060C
/* 02C50 809B0530 96190034 */  lhu     $t9, 0x0034($s0)           ## 00000034
/* 02C54 809B0534 A599060C */  sh      $t9, 0x060C($t4)           ## 0000060D
.L809B0538:
/* 02C58 809B0538 860E04B0 */  lh      $t6, 0x04B0($s0)           ## 000004B0
/* 02C5C 809B053C 88790000 */  lwl     $t9, 0x0000($v1)           ## 00000188
/* 02C60 809B0540 98790003 */  lwr     $t9, 0x0003($v1)           ## 0000018B
/* 02C64 809B0544 000E7900 */  sll     $t7, $t6,  4               
/* 02C68 809B0548 01EE7823 */  subu    $t7, $t7, $t6              
/* 02C6C 809B054C 000F78C0 */  sll     $t7, $t7,  3               
/* 02C70 809B0550 020FC021 */  addu    $t8, $s0, $t7              
/* 02C74 809B0554 03026021 */  addu    $t4, $t8, $v0              
/* 02C78 809B0558 A9990680 */  swl     $t9, 0x0680($t4)           ## 00000681
/* 02C7C 809B055C B9990683 */  swr     $t9, 0x0683($t4)           ## 00000684
/* 02C80 809B0560 94790004 */  lhu     $t9, 0x0004($v1)           ## 0000018C
/* 02C84 809B0564 24630018 */  addiu   $v1, $v1, 0x0018           ## $v1 = 000001A0
/* 02C88 809B0568 24840018 */  addiu   $a0, $a0, 0x0018           ## $a0 = 000001A6
/* 02C8C 809B056C A5990684 */  sh      $t9, 0x0684($t4)           ## 00000685
/* 02C90 809B0570 860E04B0 */  lh      $t6, 0x04B0($s0)           ## 000004B0
/* 02C94 809B0574 8899FFE8 */  lwl     $t9, -0x0018($a0)          ## 0000018E
/* 02C98 809B0578 9899FFEB */  lwr     $t9, -0x0015($a0)          ## 00000191
/* 02C9C 809B057C 000E7900 */  sll     $t7, $t6,  4               
/* 02CA0 809B0580 01EE7823 */  subu    $t7, $t7, $t6              
/* 02CA4 809B0584 000F78C0 */  sll     $t7, $t7,  3               
/* 02CA8 809B0588 020FC021 */  addu    $t8, $s0, $t7              
/* 02CAC 809B058C 03026021 */  addu    $t4, $t8, $v0              
/* 02CB0 809B0590 A9990686 */  swl     $t9, 0x0686($t4)           ## 00000687
/* 02CB4 809B0594 B9990689 */  swr     $t9, 0x0689($t4)           ## 0000068A
/* 02CB8 809B0598 9499FFEC */  lhu     $t9, -0x0014($a0)          ## 00000192
/* 02CBC 809B059C 24A50018 */  addiu   $a1, $a1, 0x0018           ## $a1 = 000001AC
/* 02CC0 809B05A0 24C60018 */  addiu   $a2, $a2, 0x0018           ## $a2 = 000001B2
/* 02CC4 809B05A4 A599068A */  sh      $t9, 0x068A($t4)           ## 0000068B
/* 02CC8 809B05A8 860E04B0 */  lh      $t6, 0x04B0($s0)           ## 000004B0
/* 02CCC 809B05AC 88B9FFE8 */  lwl     $t9, -0x0018($a1)          ## 00000194
/* 02CD0 809B05B0 98B9FFEB */  lwr     $t9, -0x0015($a1)          ## 00000197
/* 02CD4 809B05B4 000E7900 */  sll     $t7, $t6,  4               
/* 02CD8 809B05B8 01EE7823 */  subu    $t7, $t7, $t6              
/* 02CDC 809B05BC 000F78C0 */  sll     $t7, $t7,  3               
/* 02CE0 809B05C0 020FC021 */  addu    $t8, $s0, $t7              
/* 02CE4 809B05C4 03026021 */  addu    $t4, $t8, $v0              
/* 02CE8 809B05C8 A999068C */  swl     $t9, 0x068C($t4)           ## 0000068D
/* 02CEC 809B05CC B999068F */  swr     $t9, 0x068F($t4)           ## 00000690
/* 02CF0 809B05D0 94B9FFEC */  lhu     $t9, -0x0014($a1)          ## 00000198
/* 02CF4 809B05D4 A5990690 */  sh      $t9, 0x0690($t4)           ## 00000691
/* 02CF8 809B05D8 860E04B0 */  lh      $t6, 0x04B0($s0)           ## 000004B0
/* 02CFC 809B05DC 88D9FFE8 */  lwl     $t9, -0x0018($a2)          ## 0000019A
/* 02D00 809B05E0 98D9FFEB */  lwr     $t9, -0x0015($a2)          ## 0000019D
/* 02D04 809B05E4 000E7900 */  sll     $t7, $t6,  4               
/* 02D08 809B05E8 01EE7823 */  subu    $t7, $t7, $t6              
/* 02D0C 809B05EC 000F78C0 */  sll     $t7, $t7,  3               
/* 02D10 809B05F0 020FC021 */  addu    $t8, $s0, $t7              
/* 02D14 809B05F4 03026021 */  addu    $t4, $t8, $v0              
/* 02D18 809B05F8 A9990692 */  swl     $t9, 0x0692($t4)           ## 00000693
/* 02D1C 809B05FC B9990695 */  swr     $t9, 0x0695($t4)           ## 00000696
/* 02D20 809B0600 94D9FFEC */  lhu     $t9, -0x0014($a2)          ## 0000019E
/* 02D24 809B0604 24420018 */  addiu   $v0, $v0, 0x0018           ## $v0 = 00000018
/* 02D28 809B0608 1447FFCB */  bne     $v0, $a3, .L809B0538       
/* 02D2C 809B060C A5990696 */  sh      $t9, 0x0696($t4)           ## 00000697
/* 02D30 809B0610 10000003 */  beq     $zero, $zero, .L809B0620   
/* 02D34 809B0614 8602027C */  lh      $v0, 0x027C($s0)           ## 0000027C
.L809B0618:
/* 02D38 809B0618 AE0004B4 */  sw      $zero, 0x04B4($s0)         ## 000004B4
/* 02D3C 809B061C 8602027C */  lh      $v0, 0x027C($s0)           ## 0000027C
.L809B0620:
/* 02D40 809B0620 24010002 */  addiu   $at, $zero, 0x0002         ## $at = 00000002
/* 02D44 809B0624 5040000C */  beql    $v0, $zero, .L809B0658     
/* 02D48 809B0628 860F0030 */  lh      $t7, 0x0030($s0)           ## 00000030
/* 02D4C 809B062C 5041000A */  beql    $v0, $at, .L809B0658       
/* 02D50 809B0630 860F0030 */  lh      $t7, 0x0030($s0)           ## 00000030
/* 02D54 809B0634 11620007 */  beq     $t3, $v0, .L809B0654       
/* 02D58 809B0638 2401000B */  addiu   $at, $zero, 0x000B         ## $at = 0000000B
/* 02D5C 809B063C 50410006 */  beql    $v0, $at, .L809B0658       
/* 02D60 809B0640 860F0030 */  lh      $t7, 0x0030($s0)           ## 00000030
/* 02D64 809B0644 51420004 */  beql    $t2, $v0, .L809B0658       
/* 02D68 809B0648 860F0030 */  lh      $t7, 0x0030($s0)           ## 00000030
/* 02D6C 809B064C 860E0032 */  lh      $t6, 0x0032($s0)           ## 00000032
/* 02D70 809B0650 A60E00BE */  sh      $t6, 0x00BE($s0)           ## 000000BE
.L809B0654:
/* 02D74 809B0654 860F0030 */  lh      $t7, 0x0030($s0)           ## 00000030
.L809B0658:
/* 02D78 809B0658 2605035C */  addiu   $a1, $s0, 0x035C           ## $a1 = 0000035C
/* 02D7C 809B065C 02002025 */  or      $a0, $s0, $zero            ## $a0 = 00000000
/* 02D80 809B0660 A60F00BC */  sh      $t7, 0x00BC($s0)           ## 000000BC
/* 02D84 809B0664 0C039F7E */  jal     func_800E7DF8              
/* 02D88 809B0668 AFA5002C */  sw      $a1, 0x002C($sp)           
/* 02D8C 809B066C 8602027C */  lh      $v0, 0x027C($s0)           ## 0000027C
/* 02D90 809B0670 240B0004 */  addiu   $t3, $zero, 0x0004         ## $t3 = 00000004
/* 02D94 809B0674 24010001 */  addiu   $at, $zero, 0x0001         ## $at = 00000001
/* 02D98 809B0678 5040002A */  beql    $v0, $zero, .L809B0724     
/* 02D9C 809B067C 8FBF0024 */  lw      $ra, 0x0024($sp)           
/* 02DA0 809B0680 10410027 */  beq     $v0, $at, .L809B0720       
/* 02DA4 809B0684 2401000B */  addiu   $at, $zero, 0x000B         ## $at = 0000000B
/* 02DA8 809B0688 50410026 */  beql    $v0, $at, .L809B0724       
/* 02DAC 809B068C 8FBF0024 */  lw      $ra, 0x0024($sp)           
/* 02DB0 809B0690 11620023 */  beq     $t3, $v0, .L809B0720       
/* 02DB4 809B0694 2401000D */  addiu   $at, $zero, 0x000D         ## $at = 0000000D
/* 02DB8 809B0698 10410021 */  beq     $v0, $at, .L809B0720       
/* 02DBC 809B069C 2401000E */  addiu   $at, $zero, 0x000E         ## $at = 0000000E
/* 02DC0 809B06A0 1041001F */  beq     $v0, $at, .L809B0720       
/* 02DC4 809B06A4 2401000F */  addiu   $at, $zero, 0x000F         ## $at = 0000000F
/* 02DC8 809B06A8 1041001D */  beq     $v0, $at, .L809B0720       
/* 02DCC 809B06AC 8FA40044 */  lw      $a0, 0x0044($sp)           
/* 02DD0 809B06B0 3C010001 */  lui     $at, 0x0001                ## $at = 00010000
/* 02DD4 809B06B4 34218884 */  ori     $at, $at, 0x8884           ## $at = 00018884
/* 02DD8 809B06B8 00812821 */  addu    $a1, $a0, $at              
/* 02DDC 809B06BC AFA50030 */  sw      $a1, 0x0030($sp)           
/* 02DE0 809B06C0 0C038A4A */  jal     func_800E2928              
/* 02DE4 809B06C4 8FA6002C */  lw      $a2, 0x002C($sp)           
/* 02DE8 809B06C8 8FA40044 */  lw      $a0, 0x0044($sp)           
/* 02DEC 809B06CC 8FA50030 */  lw      $a1, 0x0030($sp)           
/* 02DF0 809B06D0 0C0389D0 */  jal     func_800E2740              
/* 02DF4 809B06D4 8FA6002C */  lw      $a2, 0x002C($sp)           
/* 02DF8 809B06D8 8618027C */  lh      $t8, 0x027C($s0)           ## 0000027C
/* 02DFC 809B06DC 24010006 */  addiu   $at, $zero, 0x0006         ## $at = 00000006
/* 02E00 809B06E0 57010010 */  bnel    $t8, $at, .L809B0724       
/* 02E04 809B06E4 8FBF0024 */  lw      $ra, 0x0024($sp)           
/* 02E08 809B06E8 920C034E */  lbu     $t4, 0x034E($s0)           ## 0000034E
/* 02E0C 809B06EC 5580000D */  bnel    $t4, $zero, .L809B0724     
/* 02E10 809B06F0 8FBF0024 */  lw      $ra, 0x0024($sp)           
/* 02E14 809B06F4 920D034D */  lbu     $t5, 0x034D($s0)           ## 0000034D
/* 02E18 809B06F8 8FA40044 */  lw      $a0, 0x0044($sp)           
/* 02E1C 809B06FC 8FA50030 */  lw      $a1, 0x0030($sp)           
/* 02E20 809B0700 55A00008 */  bnel    $t5, $zero, .L809B0724     
/* 02E24 809B0704 8FBF0024 */  lw      $ra, 0x0024($sp)           
/* 02E28 809B0708 0C038956 */  jal     func_800E2558              
/* 02E2C 809B070C 260603A8 */  addiu   $a2, $s0, 0x03A8           ## $a2 = 000003A8
/* 02E30 809B0710 8FA40044 */  lw      $a0, 0x0044($sp)           
/* 02E34 809B0714 8FA50030 */  lw      $a1, 0x0030($sp)           
/* 02E38 809B0718 0C038956 */  jal     func_800E2558              
/* 02E3C 809B071C 26060428 */  addiu   $a2, $s0, 0x0428           ## $a2 = 00000428
.L809B0720:
/* 02E40 809B0720 8FBF0024 */  lw      $ra, 0x0024($sp)           
.L809B0724:
/* 02E44 809B0724 8FB00020 */  lw      $s0, 0x0020($sp)           
/* 02E48 809B0728 27BD0040 */  addiu   $sp, $sp, 0x0040           ## $sp = 00000000
/* 02E4C 809B072C 03E00008 */  jr      $ra                        
/* 02E50 809B0730 00000000 */  nop


glabel func_809B0734
/* 02E54 809B0734 AFA40000 */  sw      $a0, 0x0000($sp)           
/* 02E58 809B0738 24040005 */  addiu   $a0, $zero, 0x0005         ## $a0 = 00000005
/* 02E5C 809B073C AFA7000C */  sw      $a3, 0x000C($sp)           
/* 02E60 809B0740 14A4000F */  bne     $a1, $a0, .L809B0780       
/* 02E64 809B0744 2401000A */  addiu   $at, $zero, 0x000A         ## $at = 0000000A
/* 02E68 809B0748 8FA20014 */  lw      $v0, 0x0014($sp)           
/* 02E6C 809B074C 8FA30010 */  lw      $v1, 0x0010($sp)           
/* 02E70 809B0750 844F029C */  lh      $t7, 0x029C($v0)           ## 0000029C
/* 02E74 809B0754 846E0000 */  lh      $t6, 0x0000($v1)           ## 00000000
/* 02E78 809B0758 84790002 */  lh      $t9, 0x0002($v1)           ## 00000002
/* 02E7C 809B075C 846A0004 */  lh      $t2, 0x0004($v1)           ## 00000004
/* 02E80 809B0760 01CFC021 */  addu    $t8, $t6, $t7              
/* 02E84 809B0764 A4780000 */  sh      $t8, 0x0000($v1)           ## 00000000
/* 02E88 809B0768 8448029E */  lh      $t0, 0x029E($v0)           ## 0000029E
/* 02E8C 809B076C 03284821 */  addu    $t1, $t9, $t0              
/* 02E90 809B0770 A4690002 */  sh      $t1, 0x0002($v1)           ## 00000002
/* 02E94 809B0774 844B02A0 */  lh      $t3, 0x02A0($v0)           ## 000002A0
/* 02E98 809B0778 014B6021 */  addu    $t4, $t2, $t3              
/* 02E9C 809B077C A46C0004 */  sh      $t4, 0x0004($v1)           ## 00000004
.L809B0780:
/* 02EA0 809B0780 8FA20014 */  lw      $v0, 0x0014($sp)           
/* 02EA4 809B0784 14A1000D */  bne     $a1, $at, .L809B07BC       
/* 02EA8 809B0788 8FA30010 */  lw      $v1, 0x0010($sp)           
/* 02EAC 809B078C 846D0000 */  lh      $t5, 0x0000($v1)           ## 00000000
/* 02EB0 809B0790 844E0290 */  lh      $t6, 0x0290($v0)           ## 00000290
/* 02EB4 809B0794 84780002 */  lh      $t8, 0x0002($v1)           ## 00000002
/* 02EB8 809B0798 84690004 */  lh      $t1, 0x0004($v1)           ## 00000004
/* 02EBC 809B079C 01AE7821 */  addu    $t7, $t5, $t6              
/* 02EC0 809B07A0 A46F0000 */  sh      $t7, 0x0000($v1)           ## 00000000
/* 02EC4 809B07A4 84590292 */  lh      $t9, 0x0292($v0)           ## 00000292
/* 02EC8 809B07A8 03194021 */  addu    $t0, $t8, $t9              
/* 02ECC 809B07AC A4680002 */  sh      $t0, 0x0002($v1)           ## 00000002
/* 02ED0 809B07B0 844A0294 */  lh      $t2, 0x0294($v0)           ## 00000294
/* 02ED4 809B07B4 012A5821 */  addu    $t3, $t1, $t2              
/* 02ED8 809B07B8 A46B0004 */  sh      $t3, 0x0004($v1)           ## 00000004
.L809B07BC:
/* 02EDC 809B07BC 24070004 */  addiu   $a3, $zero, 0x0004         ## $a3 = 00000004
/* 02EE0 809B07C0 10A70003 */  beq     $a1, $a3, .L809B07D0       
/* 02EE4 809B07C4 24010006 */  addiu   $at, $zero, 0x0006         ## $at = 00000006
/* 02EE8 809B07C8 54A10013 */  bnel    $a1, $at, .L809B0818       
/* 02EEC 809B07CC 00001025 */  or      $v0, $zero, $zero          ## $v0 = 00000000
.L809B07D0:
/* 02EF0 809B07D0 9043034D */  lbu     $v1, 0x034D($v0)           ## 0000034D
/* 02EF4 809B07D4 14830003 */  bne     $a0, $v1, .L809B07E4       
/* 02EF8 809B07D8 00000000 */  nop
/* 02EFC 809B07DC 1000000D */  beq     $zero, $zero, .L809B0814   
/* 02F00 809B07E0 ACC00000 */  sw      $zero, 0x0000($a2)         ## 00000000
.L809B07E4:
/* 02F04 809B07E4 14A70006 */  bne     $a1, $a3, .L809B0800       
/* 02F08 809B07E8 24010006 */  addiu   $at, $zero, 0x0006         ## $at = 00000006
/* 02F0C 809B07EC 24010002 */  addiu   $at, $zero, 0x0002         ## $at = 00000002
/* 02F10 809B07F0 54610009 */  bnel    $v1, $at, .L809B0818       
/* 02F14 809B07F4 00001025 */  or      $v0, $zero, $zero          ## $v0 = 00000000
/* 02F18 809B07F8 10000006 */  beq     $zero, $zero, .L809B0814   
/* 02F1C 809B07FC ACC00000 */  sw      $zero, 0x0000($a2)         ## 00000000
.L809B0800:
/* 02F20 809B0800 14A10004 */  bne     $a1, $at, .L809B0814       
/* 02F24 809B0804 24010003 */  addiu   $at, $zero, 0x0003         ## $at = 00000003
/* 02F28 809B0808 54610003 */  bnel    $v1, $at, .L809B0818       
/* 02F2C 809B080C 00001025 */  or      $v0, $zero, $zero          ## $v0 = 00000000
/* 02F30 809B0810 ACC00000 */  sw      $zero, 0x0000($a2)         ## 00000000
.L809B0814:
/* 02F34 809B0814 00001025 */  or      $v0, $zero, $zero          ## $v0 = 00000000
.L809B0818:
/* 02F38 809B0818 03E00008 */  jr      $ra                        
/* 02F3C 809B081C 00000000 */  nop


glabel func_809B0820
/* 02F40 809B0820 27BDFFA8 */  addiu   $sp, $sp, 0xFFA8           ## $sp = FFFFFFA8
/* 02F44 809B0824 AFBF0024 */  sw      $ra, 0x0024($sp)           
/* 02F48 809B0828 AFB00020 */  sw      $s0, 0x0020($sp)           
/* 02F4C 809B082C AFA40058 */  sw      $a0, 0x0058($sp)           
/* 02F50 809B0830 AFA5005C */  sw      $a1, 0x005C($sp)           
/* 02F54 809B0834 AFA60060 */  sw      $a2, 0x0060($sp)           
/* 02F58 809B0838 AFA70064 */  sw      $a3, 0x0064($sp)           
/* 02F5C 809B083C 0C060067 */  jal     func_8018019C              
/* 02F60 809B0840 00000000 */  nop
/* 02F64 809B0844 8FA2005C */  lw      $v0, 0x005C($sp)           
/* 02F68 809B0848 24010004 */  addiu   $at, $zero, 0x0004         ## $at = 00000004
/* 02F6C 809B084C 8FB00068 */  lw      $s0, 0x0068($sp)           
/* 02F70 809B0850 54410049 */  bnel    $v0, $at, .L809B0978       
/* 02F74 809B0854 8FA2005C */  lw      $v0, 0x005C($sp)           
/* 02F78 809B0858 920E034D */  lbu     $t6, 0x034D($s0)           ## 0000034D
/* 02F7C 809B085C 24010001 */  addiu   $at, $zero, 0x0001         ## $at = 00000001
/* 02F80 809B0860 02002025 */  or      $a0, $s0, $zero            ## $a0 = 00000000
/* 02F84 809B0864 15C10004 */  bne     $t6, $at, .L809B0878       
/* 02F88 809B0868 8FA50058 */  lw      $a1, 0x0058($sp)           
/* 02F8C 809B086C 2406000F */  addiu   $a2, $zero, 0x000F         ## $a2 = 0000000F
/* 02F90 809B0870 0C02EF3B */  jal     func_800BBCEC              
/* 02F94 809B0874 8FA70060 */  lw      $a3, 0x0060($sp)           
.L809B0878:
/* 02F98 809B0878 44806000 */  mtc1    $zero, $f12                ## $f12 = 0.00
/* 02F9C 809B087C 24070001 */  addiu   $a3, $zero, 0x0001         ## $a3 = 00000001
/* 02FA0 809B0880 44066000 */  mfc1    $a2, $f12                  
/* 02FA4 809B0884 0C0600A7 */  jal     func_8018029C              
/* 02FA8 809B0888 46006386 */  mov.s   $f14, $f12                 
/* 02FAC 809B088C 2604048C */  addiu   $a0, $s0, 0x048C           ## $a0 = 0000048C
/* 02FB0 809B0890 26050474 */  addiu   $a1, $s0, 0x0474           ## $a1 = 00000474
/* 02FB4 809B0894 AFA50030 */  sw      $a1, 0x0030($sp)           
/* 02FB8 809B0898 0C03FD43 */  jal     func_800FF50C              
/* 02FBC 809B089C AFA40028 */  sw      $a0, 0x0028($sp)           
/* 02FC0 809B08A0 26040480 */  addiu   $a0, $s0, 0x0480           ## $a0 = 00000480
/* 02FC4 809B08A4 26050468 */  addiu   $a1, $s0, 0x0468           ## $a1 = 00000468
/* 02FC8 809B08A8 AFA50034 */  sw      $a1, 0x0034($sp)           
/* 02FCC 809B08AC 0C03FD43 */  jal     func_800FF50C              
/* 02FD0 809B08B0 AFA4002C */  sw      $a0, 0x002C($sp)           
/* 02FD4 809B08B4 3C04809B */  lui     $a0, %hi(D_809B10CC)       ## $a0 = 809B0000
/* 02FD8 809B08B8 248410CC */  addiu   $a0, $a0, %lo(D_809B10CC)  ## $a0 = 809B10CC
/* 02FDC 809B08BC 0C0606A6 */  jal     func_80181A98              
/* 02FE0 809B08C0 8FA50030 */  lw      $a1, 0x0030($sp)           
/* 02FE4 809B08C4 3C04809B */  lui     $a0, %hi(D_809B10D8)       ## $a0 = 809B0000
/* 02FE8 809B08C8 248410D8 */  addiu   $a0, $a0, %lo(D_809B10D8)  ## $a0 = 809B10D8
/* 02FEC 809B08CC 0C0606A6 */  jal     func_80181A98              
/* 02FF0 809B08D0 8FA50034 */  lw      $a1, 0x0034($sp)           
/* 02FF4 809B08D4 8FAF0028 */  lw      $t7, 0x0028($sp)           
/* 02FF8 809B08D8 26040428 */  addiu   $a0, $s0, 0x0428           ## $a0 = 00000428
/* 02FFC 809B08DC 8FA50034 */  lw      $a1, 0x0034($sp)           
/* 03000 809B08E0 8FA60030 */  lw      $a2, 0x0030($sp)           
/* 03004 809B08E4 8FA7002C */  lw      $a3, 0x002C($sp)           
/* 03008 809B08E8 0C039F97 */  jal     func_800E7E5C              
/* 0300C 809B08EC AFAF0010 */  sw      $t7, 0x0010($sp)           
/* 03010 809B08F0 3C04809B */  lui     $a0, %hi(D_809B10B4)       ## $a0 = 809B0000
/* 03014 809B08F4 248410B4 */  addiu   $a0, $a0, %lo(D_809B10B4)  ## $a0 = 809B10B4
/* 03018 809B08F8 0C0606A6 */  jal     func_80181A98              
/* 0301C 809B08FC 27A50048 */  addiu   $a1, $sp, 0x0048           ## $a1 = FFFFFFF0
/* 03020 809B0900 3C04809B */  lui     $a0, %hi(D_809B10C0)       ## $a0 = 809B0000
/* 03024 809B0904 248410C0 */  addiu   $a0, $a0, %lo(D_809B10C0)  ## $a0 = 809B10C0
/* 03028 809B0908 0C0606A6 */  jal     func_80181A98              
/* 0302C 809B090C 27A5003C */  addiu   $a1, $sp, 0x003C           ## $a1 = FFFFFFE4
/* 03030 809B0910 8602027C */  lh      $v0, 0x027C($s0)           ## 0000027C
/* 03034 809B0914 24010006 */  addiu   $at, $zero, 0x0006         ## $at = 00000006
/* 03038 809B0918 10410003 */  beq     $v0, $at, .L809B0928       
/* 0303C 809B091C 24010005 */  addiu   $at, $zero, 0x0005         ## $at = 00000005
/* 03040 809B0920 5441000D */  bnel    $v0, $at, .L809B0958       
/* 03044 809B0924 9219034C */  lbu     $t9, 0x034C($s0)           ## 0000034C
.L809B0928:
/* 03048 809B0928 9218034C */  lbu     $t8, 0x034C($s0)           ## 0000034C
/* 0304C 809B092C 5700000A */  bnel    $t8, $zero, .L809B0958     
/* 03050 809B0930 9219034C */  lbu     $t9, 0x034C($s0)           ## 0000034C
/* 03054 809B0934 0C02BDC8 */  jal     func_800AF720              
/* 03058 809B0938 8E0404AC */  lw      $a0, 0x04AC($s0)           ## 000004AC
/* 0305C 809B093C 00402025 */  or      $a0, $v0, $zero            ## $a0 = 00000000
/* 03060 809B0940 27A50048 */  addiu   $a1, $sp, 0x0048           ## $a1 = FFFFFFF0
/* 03064 809B0944 0C02A07C */  jal     func_800A81F0              
/* 03068 809B0948 27A6003C */  addiu   $a2, $sp, 0x003C           ## $a2 = FFFFFFE4
/* 0306C 809B094C 1000000A */  beq     $zero, $zero, .L809B0978   
/* 03070 809B0950 8FA2005C */  lw      $v0, 0x005C($sp)           
/* 03074 809B0954 9219034C */  lbu     $t9, 0x034C($s0)           ## 0000034C
.L809B0958:
/* 03078 809B0958 24010001 */  addiu   $at, $zero, 0x0001         ## $at = 00000001
/* 0307C 809B095C 57210006 */  bnel    $t9, $at, .L809B0978       
/* 03080 809B0960 8FA2005C */  lw      $v0, 0x005C($sp)           
/* 03084 809B0964 0C02BDC8 */  jal     func_800AF720              
/* 03088 809B0968 8E0404AC */  lw      $a0, 0x04AC($s0)           ## 000004AC
/* 0308C 809B096C 0C02A145 */  jal     func_800A8514              
/* 03090 809B0970 00402025 */  or      $a0, $v0, $zero            ## $a0 = 00000000
/* 03094 809B0974 8FA2005C */  lw      $v0, 0x005C($sp)           
.L809B0978:
/* 03098 809B0978 24010006 */  addiu   $at, $zero, 0x0006         ## $at = 00000006
/* 0309C 809B097C 8FB00068 */  lw      $s0, 0x0068($sp)           
/* 030A0 809B0980 5441004C */  bnel    $v0, $at, .L809B0AB4       
/* 030A4 809B0984 8FA2005C */  lw      $v0, 0x005C($sp)           
/* 030A8 809B0988 9208034D */  lbu     $t0, 0x034D($s0)           ## 0000034D
/* 030AC 809B098C 24010001 */  addiu   $at, $zero, 0x0001         ## $at = 00000001
/* 030B0 809B0990 02002025 */  or      $a0, $s0, $zero            ## $a0 = 00000000
/* 030B4 809B0994 15010006 */  bne     $t0, $at, .L809B09B0       
/* 030B8 809B0998 8FA50058 */  lw      $a1, 0x0058($sp)           
/* 030BC 809B099C 2406000F */  addiu   $a2, $zero, 0x000F         ## $a2 = 0000000F
/* 030C0 809B09A0 0C02EF3B */  jal     func_800BBCEC              
/* 030C4 809B09A4 8FA70060 */  lw      $a3, 0x0060($sp)           
/* 030C8 809B09A8 24090005 */  addiu   $t1, $zero, 0x0005         ## $t1 = 00000005
/* 030CC 809B09AC A209034D */  sb      $t1, 0x034D($s0)           ## 0000034D
.L809B09B0:
/* 030D0 809B09B0 44806000 */  mtc1    $zero, $f12                ## $f12 = 0.00
/* 030D4 809B09B4 24070001 */  addiu   $a3, $zero, 0x0001         ## $a3 = 00000001
/* 030D8 809B09B8 44066000 */  mfc1    $a2, $f12                  
/* 030DC 809B09BC 0C0600A7 */  jal     func_8018029C              
/* 030E0 809B09C0 46006386 */  mov.s   $f14, $f12                 
/* 030E4 809B09C4 2604040C */  addiu   $a0, $s0, 0x040C           ## $a0 = 0000040C
/* 030E8 809B09C8 260503F4 */  addiu   $a1, $s0, 0x03F4           ## $a1 = 000003F4
/* 030EC 809B09CC AFA50030 */  sw      $a1, 0x0030($sp)           
/* 030F0 809B09D0 0C03FD43 */  jal     func_800FF50C              
/* 030F4 809B09D4 AFA40028 */  sw      $a0, 0x0028($sp)           
/* 030F8 809B09D8 26040400 */  addiu   $a0, $s0, 0x0400           ## $a0 = 00000400
/* 030FC 809B09DC 260503E8 */  addiu   $a1, $s0, 0x03E8           ## $a1 = 000003E8
/* 03100 809B09E0 AFA50034 */  sw      $a1, 0x0034($sp)           
/* 03104 809B09E4 0C03FD43 */  jal     func_800FF50C              
/* 03108 809B09E8 AFA4002C */  sw      $a0, 0x002C($sp)           
/* 0310C 809B09EC 3C04809B */  lui     $a0, %hi(D_809B10CC)       ## $a0 = 809B0000
/* 03110 809B09F0 248410CC */  addiu   $a0, $a0, %lo(D_809B10CC)  ## $a0 = 809B10CC
/* 03114 809B09F4 0C0606A6 */  jal     func_80181A98              
/* 03118 809B09F8 8FA50030 */  lw      $a1, 0x0030($sp)           
/* 0311C 809B09FC 3C04809B */  lui     $a0, %hi(D_809B10D8)       ## $a0 = 809B0000
/* 03120 809B0A00 248410D8 */  addiu   $a0, $a0, %lo(D_809B10D8)  ## $a0 = 809B10D8
/* 03124 809B0A04 0C0606A6 */  jal     func_80181A98              
/* 03128 809B0A08 8FA50034 */  lw      $a1, 0x0034($sp)           
/* 0312C 809B0A0C 8FAA0028 */  lw      $t2, 0x0028($sp)           
/* 03130 809B0A10 260403A8 */  addiu   $a0, $s0, 0x03A8           ## $a0 = 000003A8
/* 03134 809B0A14 8FA50034 */  lw      $a1, 0x0034($sp)           
/* 03138 809B0A18 8FA60030 */  lw      $a2, 0x0030($sp)           
/* 0313C 809B0A1C 8FA7002C */  lw      $a3, 0x002C($sp)           
/* 03140 809B0A20 0C039F97 */  jal     func_800E7E5C              
/* 03144 809B0A24 AFAA0010 */  sw      $t2, 0x0010($sp)           
/* 03148 809B0A28 3C04809B */  lui     $a0, %hi(D_809B10B4)       ## $a0 = 809B0000
/* 0314C 809B0A2C 248410B4 */  addiu   $a0, $a0, %lo(D_809B10B4)  ## $a0 = 809B10B4
/* 03150 809B0A30 0C0606A6 */  jal     func_80181A98              
/* 03154 809B0A34 27A50048 */  addiu   $a1, $sp, 0x0048           ## $a1 = FFFFFFF0
/* 03158 809B0A38 3C04809B */  lui     $a0, %hi(D_809B10C0)       ## $a0 = 809B0000
/* 0315C 809B0A3C 248410C0 */  addiu   $a0, $a0, %lo(D_809B10C0)  ## $a0 = 809B10C0
/* 03160 809B0A40 0C0606A6 */  jal     func_80181A98              
/* 03164 809B0A44 27A5003C */  addiu   $a1, $sp, 0x003C           ## $a1 = FFFFFFE4
/* 03168 809B0A48 8602027C */  lh      $v0, 0x027C($s0)           ## 0000027C
/* 0316C 809B0A4C 24010006 */  addiu   $at, $zero, 0x0006         ## $at = 00000006
/* 03170 809B0A50 10410003 */  beq     $v0, $at, .L809B0A60       
/* 03174 809B0A54 24010005 */  addiu   $at, $zero, 0x0005         ## $at = 00000005
/* 03178 809B0A58 5441000D */  bnel    $v0, $at, .L809B0A90       
/* 0317C 809B0A5C 920C034C */  lbu     $t4, 0x034C($s0)           ## 0000034C
.L809B0A60:
/* 03180 809B0A60 920B034C */  lbu     $t3, 0x034C($s0)           ## 0000034C
/* 03184 809B0A64 5560000A */  bnel    $t3, $zero, .L809B0A90     
/* 03188 809B0A68 920C034C */  lbu     $t4, 0x034C($s0)           ## 0000034C
/* 0318C 809B0A6C 0C02BDC8 */  jal     func_800AF720              
/* 03190 809B0A70 8E0404A8 */  lw      $a0, 0x04A8($s0)           ## 000004A8
/* 03194 809B0A74 00402025 */  or      $a0, $v0, $zero            ## $a0 = 00000000
/* 03198 809B0A78 27A50048 */  addiu   $a1, $sp, 0x0048           ## $a1 = FFFFFFF0
/* 0319C 809B0A7C 0C02A07C */  jal     func_800A81F0              
/* 031A0 809B0A80 27A6003C */  addiu   $a2, $sp, 0x003C           ## $a2 = FFFFFFE4
/* 031A4 809B0A84 1000000B */  beq     $zero, $zero, .L809B0AB4   
/* 031A8 809B0A88 8FA2005C */  lw      $v0, 0x005C($sp)           
/* 031AC 809B0A8C 920C034C */  lbu     $t4, 0x034C($s0)           ## 0000034C
.L809B0A90:
/* 031B0 809B0A90 24010001 */  addiu   $at, $zero, 0x0001         ## $at = 00000001
/* 031B4 809B0A94 55810007 */  bnel    $t4, $at, .L809B0AB4       
/* 031B8 809B0A98 8FA2005C */  lw      $v0, 0x005C($sp)           
/* 031BC 809B0A9C 0C02BDC8 */  jal     func_800AF720              
/* 031C0 809B0AA0 8E0404A8 */  lw      $a0, 0x04A8($s0)           ## 000004A8
/* 031C4 809B0AA4 0C02A145 */  jal     func_800A8514              
/* 031C8 809B0AA8 00402025 */  or      $a0, $v0, $zero            ## $a0 = 00000000
/* 031CC 809B0AAC A200034C */  sb      $zero, 0x034C($s0)         ## 0000034C
/* 031D0 809B0AB0 8FA2005C */  lw      $v0, 0x005C($sp)           
.L809B0AB4:
/* 031D4 809B0AB4 24010004 */  addiu   $at, $zero, 0x0004         ## $at = 00000004
/* 031D8 809B0AB8 10410017 */  beq     $v0, $at, .L809B0B18       
/* 031DC 809B0ABC 24010006 */  addiu   $at, $zero, 0x0006         ## $at = 00000006
/* 031E0 809B0AC0 10410015 */  beq     $v0, $at, .L809B0B18       
/* 031E4 809B0AC4 24010007 */  addiu   $at, $zero, 0x0007         ## $at = 00000007
/* 031E8 809B0AC8 10410013 */  beq     $v0, $at, .L809B0B18       
/* 031EC 809B0ACC 24010008 */  addiu   $at, $zero, 0x0008         ## $at = 00000008
/* 031F0 809B0AD0 10410011 */  beq     $v0, $at, .L809B0B18       
/* 031F4 809B0AD4 24010009 */  addiu   $at, $zero, 0x0009         ## $at = 00000009
/* 031F8 809B0AD8 1041000F */  beq     $v0, $at, .L809B0B18       
/* 031FC 809B0ADC 2401000A */  addiu   $at, $zero, 0x000A         ## $at = 0000000A
/* 03200 809B0AE0 1041000D */  beq     $v0, $at, .L809B0B18       
/* 03204 809B0AE4 2401000B */  addiu   $at, $zero, 0x000B         ## $at = 0000000B
/* 03208 809B0AE8 1041000B */  beq     $v0, $at, .L809B0B18       
/* 0320C 809B0AEC 2401000C */  addiu   $at, $zero, 0x000C         ## $at = 0000000C
/* 03210 809B0AF0 10410009 */  beq     $v0, $at, .L809B0B18       
/* 03214 809B0AF4 2401000E */  addiu   $at, $zero, 0x000E         ## $at = 0000000E
/* 03218 809B0AF8 10410007 */  beq     $v0, $at, .L809B0B18       
/* 0321C 809B0AFC 24010010 */  addiu   $at, $zero, 0x0010         ## $at = 00000010
/* 03220 809B0B00 10410005 */  beq     $v0, $at, .L809B0B18       
/* 03224 809B0B04 24010011 */  addiu   $at, $zero, 0x0011         ## $at = 00000011
/* 03228 809B0B08 10410003 */  beq     $v0, $at, .L809B0B18       
/* 0322C 809B0B0C 24010013 */  addiu   $at, $zero, 0x0013         ## $at = 00000013
/* 03230 809B0B10 14410010 */  bne     $v0, $at, .L809B0B54       
/* 03234 809B0B14 00000000 */  nop
.L809B0B18:
/* 03238 809B0B18 860D0344 */  lh      $t5, 0x0344($s0)           ## 00000344
/* 0323C 809B0B1C 000D7080 */  sll     $t6, $t5,  2               
/* 03240 809B0B20 01CD7023 */  subu    $t6, $t6, $t5              
/* 03244 809B0B24 000E7080 */  sll     $t6, $t6,  2               
/* 03248 809B0B28 020E2021 */  addu    $a0, $s0, $t6              
/* 0324C 809B0B2C 0C0606D4 */  jal     func_80181B50              
/* 03250 809B0B30 248402B4 */  addiu   $a0, $a0, 0x02B4           ## $a0 = 000002B4
/* 03254 809B0B34 860F0344 */  lh      $t7, 0x0344($s0)           ## 00000344
/* 03258 809B0B38 25F80001 */  addiu   $t8, $t7, 0x0001           ## $t8 = 00000001
/* 0325C 809B0B3C A6180344 */  sh      $t8, 0x0344($s0)           ## 00000344
/* 03260 809B0B40 86190344 */  lh      $t9, 0x0344($s0)           ## 00000344
/* 03264 809B0B44 2B21000C */  slti    $at, $t9, 0x000C           
/* 03268 809B0B48 14200002 */  bne     $at, $zero, .L809B0B54     
/* 0326C 809B0B4C 00000000 */  nop
/* 03270 809B0B50 A6000344 */  sh      $zero, 0x0344($s0)         ## 00000344
.L809B0B54:
/* 03274 809B0B54 0C060073 */  jal     func_801801CC              
/* 03278 809B0B58 00000000 */  nop
/* 0327C 809B0B5C 8FBF0024 */  lw      $ra, 0x0024($sp)           
/* 03280 809B0B60 8FB00020 */  lw      $s0, 0x0020($sp)           
/* 03284 809B0B64 27BD0058 */  addiu   $sp, $sp, 0x0058           ## $sp = 00000000
/* 03288 809B0B68 03E00008 */  jr      $ra                        
/* 0328C 809B0B6C 00000000 */  nop


glabel func_809B0B70
/* 03290 809B0B70 8C8302B4 */  lw      $v1, 0x02B4($a0)           ## 000002B4
/* 03294 809B0B74 3C0EE200 */  lui     $t6, 0xE200                ## $t6 = E2000000
/* 03298 809B0B78 35CE001C */  ori     $t6, $t6, 0x001C           ## $t6 = E200001C
/* 0329C 809B0B7C 2463FFF0 */  addiu   $v1, $v1, 0xFFF0           ## $v1 = FFFFFFF0
/* 032A0 809B0B80 AC8302B4 */  sw      $v1, 0x02B4($a0)           ## 000002B4
/* 032A4 809B0B84 3C0FC810 */  lui     $t7, 0xC810                ## $t7 = C8100000
/* 032A8 809B0B88 35EF49F8 */  ori     $t7, $t7, 0x49F8           ## $t7 = C81049F8
/* 032AC 809B0B8C AC6F0004 */  sw      $t7, 0x0004($v1)           ## FFFFFFF4
/* 032B0 809B0B90 24620008 */  addiu   $v0, $v1, 0x0008           ## $v0 = FFFFFFF8
/* 032B4 809B0B94 AC6E0000 */  sw      $t6, 0x0000($v1)           ## FFFFFFF0
/* 032B8 809B0B98 3C18DF00 */  lui     $t8, 0xDF00                ## $t8 = DF000000
/* 032BC 809B0B9C AC580000 */  sw      $t8, 0x0000($v0)           ## FFFFFFF8
/* 032C0 809B0BA0 AC400004 */  sw      $zero, 0x0004($v0)         ## FFFFFFFC
/* 032C4 809B0BA4 00601025 */  or      $v0, $v1, $zero            ## $v0 = FFFFFFF0
/* 032C8 809B0BA8 03E00008 */  jr      $ra                        
/* 032CC 809B0BAC 00000000 */  nop


glabel func_809B0BB0
/* 032D0 809B0BB0 27BDFFB0 */  addiu   $sp, $sp, 0xFFB0           ## $sp = FFFFFFB0
/* 032D4 809B0BB4 AFB70048 */  sw      $s7, 0x0048($sp)           
/* 032D8 809B0BB8 AFB10030 */  sw      $s1, 0x0030($sp)           
/* 032DC 809B0BBC 00808825 */  or      $s1, $a0, $zero            ## $s1 = 00000000
/* 032E0 809B0BC0 00A0B825 */  or      $s7, $a1, $zero            ## $s7 = 00000000
/* 032E4 809B0BC4 AFBF004C */  sw      $ra, 0x004C($sp)           
/* 032E8 809B0BC8 AFB60044 */  sw      $s6, 0x0044($sp)           
/* 032EC 809B0BCC AFB50040 */  sw      $s5, 0x0040($sp)           
/* 032F0 809B0BD0 AFB4003C */  sw      $s4, 0x003C($sp)           
/* 032F4 809B0BD4 AFB30038 */  sw      $s3, 0x0038($sp)           
/* 032F8 809B0BD8 AFB20034 */  sw      $s2, 0x0034($sp)           
/* 032FC 809B0BDC AFB0002C */  sw      $s0, 0x002C($sp)           
/* 03300 809B0BE0 F7B40020 */  sdc1    $f20, 0x0020($sp)          
/* 03304 809B0BE4 0220B025 */  or      $s6, $s1, $zero            ## $s6 = 00000000
/* 03308 809B0BE8 8EE40000 */  lw      $a0, 0x0000($s7)           ## 00000000
/* 0330C 809B0BEC 0C04B0B7 */  jal     func_8012C2DC              
/* 03310 809B0BF0 00809825 */  or      $s3, $a0, $zero            ## $s3 = 00000000
/* 03314 809B0BF4 0C04B0A3 */  jal     func_8012C28C              
/* 03318 809B0BF8 8EE40000 */  lw      $a0, 0x0000($s7)           ## 00000000
/* 0331C 809B0BFC 8E6302B0 */  lw      $v1, 0x02B0($s3)           ## 000002B0
/* 03320 809B0C00 3C0FDB06 */  lui     $t7, 0xDB06                ## $t7 = DB060000
/* 03324 809B0C04 3C18801B */  lui     $t8, 0x801B                ## $t8 = 801B0000
/* 03328 809B0C08 246E0008 */  addiu   $t6, $v1, 0x0008           ## $t6 = 00000008
/* 0332C 809B0C0C AE6E02B0 */  sw      $t6, 0x02B0($s3)           ## 000002B0
/* 03330 809B0C10 2718EFA0 */  addiu   $t8, $t8, 0xEFA0           ## $t8 = 801AEFA0
/* 03334 809B0C14 35EF0030 */  ori     $t7, $t7, 0x0030           ## $t7 = DB060030
/* 03338 809B0C18 AC6F0000 */  sw      $t7, 0x0000($v1)           ## 00000000
/* 0333C 809B0C1C AC780004 */  sw      $t8, 0x0004($v1)           ## 00000004
/* 03340 809B0C20 8E250148 */  lw      $a1, 0x0148($s1)           ## 00000148
/* 03344 809B0C24 8E260164 */  lw      $a2, 0x0164($s1)           ## 00000164
/* 03348 809B0C28 92270146 */  lbu     $a3, 0x0146($s1)           ## 00000146
/* 0334C 809B0C2C 3C19809B */  lui     $t9, %hi(func_809B0734)    ## $t9 = 809B0000
/* 03350 809B0C30 3C08809B */  lui     $t0, %hi(func_809B0820)    ## $t0 = 809B0000
/* 03354 809B0C34 25080820 */  addiu   $t0, $t0, %lo(func_809B0820) ## $t0 = 809B0820
/* 03358 809B0C38 27390734 */  addiu   $t9, $t9, %lo(func_809B0734) ## $t9 = 809B0734
/* 0335C 809B0C3C AFB90010 */  sw      $t9, 0x0010($sp)           
/* 03360 809B0C40 AFA80014 */  sw      $t0, 0x0014($sp)           
/* 03364 809B0C44 AFB10018 */  sw      $s1, 0x0018($sp)           
/* 03368 809B0C48 0C04CFCA */  jal     func_80133F28              
/* 0336C 809B0C4C 02E02025 */  or      $a0, $s7, $zero            ## $a0 = 00000000
/* 03370 809B0C50 8E2204B4 */  lw      $v0, 0x04B4($s1)           ## 000004B4
/* 03374 809B0C54 5840007A */  blezl   $v0, .L809B0E40            
/* 03378 809B0C58 862302A8 */  lh      $v1, 0x02A8($s1)           ## 000002A8
/* 0337C 809B0C5C 18400077 */  blez    $v0, .L809B0E3C            
/* 03380 809B0C60 863204B0 */  lh      $s2, 0x04B0($s1)           ## 000004B0
/* 03384 809B0C64 3C14809B */  lui     $s4, %hi(D_809B10E4)       ## $s4 = 809B0000
/* 03388 809B0C68 3C01809B */  lui     $at, %hi(D_809B11A4)       ## $at = 809B0000
/* 0338C 809B0C6C C43411A4 */  lwc1    $f20, %lo(D_809B11A4)($at) 
/* 03390 809B0C70 269410E4 */  addiu   $s4, $s4, %lo(D_809B10E4)  ## $s4 = 809B10E4
/* 03394 809B0C74 86890000 */  lh      $t1, 0x0000($s4)           ## 809B10E4
.L809B0C78:
/* 03398 809B0C78 00126080 */  sll     $t4, $s2,  2               
/* 0339C 809B0C7C 01926023 */  subu    $t4, $t4, $s2              
/* 033A0 809B0C80 15200007 */  bne     $t1, $zero, .L809B0CA0     
/* 033A4 809B0C84 000C6080 */  sll     $t4, $t4,  2               
/* 033A8 809B0C88 8EC204B4 */  lw      $v0, 0x04B4($s6)           ## 000004B4
/* 033AC 809B0C8C 3C0B809B */  lui     $t3, %hi(D_809B10E4)       ## $t3 = 809B0000
/* 033B0 809B0C90 256B10E4 */  addiu   $t3, $t3, %lo(D_809B10E4)  ## $t3 = 809B10E4
/* 033B4 809B0C94 00025040 */  sll     $t2, $v0,  1               
/* 033B8 809B0C98 10000064 */  beq     $zero, $zero, .L809B0E2C   
/* 033BC 809B0C9C 014B1821 */  addu    $v1, $t2, $t3              
.L809B0CA0:
/* 033C0 809B0CA0 00126900 */  sll     $t5, $s2,  4               
/* 033C4 809B0CA4 01B26823 */  subu    $t5, $t5, $s2              
/* 033C8 809B0CA8 00127080 */  sll     $t6, $s2,  2               
/* 033CC 809B0CAC 01D27023 */  subu    $t6, $t6, $s2              
/* 033D0 809B0CB0 000D68C0 */  sll     $t5, $t5,  3               
/* 033D4 809B0CB4 022C1021 */  addu    $v0, $s1, $t4              
/* 033D8 809B0CB8 022DA821 */  addu    $s5, $s1, $t5              
/* 033DC 809B0CBC 000E7040 */  sll     $t6, $t6,  1               
/* 033E0 809B0CC0 022E8021 */  addu    $s0, $s1, $t6              
/* 033E4 809B0CC4 26B50680 */  addiu   $s5, $s5, 0x0680           ## $s5 = 00000680
/* 033E8 809B0CC8 C44C0518 */  lwc1    $f12, 0x0518($v0)          ## 00000518
/* 033EC 809B0CCC C44E051C */  lwc1    $f14, 0x051C($v0)          ## 0000051C
/* 033F0 809B0CD0 8C460520 */  lw      $a2, 0x0520($v0)           ## 00000520
/* 033F4 809B0CD4 0C0600A7 */  jal     func_8018029C              
/* 033F8 809B0CD8 00003825 */  or      $a3, $zero, $zero          ## $a3 = 00000000
/* 033FC 809B0CDC C62C0354 */  lwc1    $f12, 0x0354($s1)          ## 00000354
/* 03400 809B0CE0 24070001 */  addiu   $a3, $zero, 0x0001         ## $a3 = 00000001
/* 03404 809B0CE4 44066000 */  mfc1    $a2, $f12                  
/* 03408 809B0CE8 0C0600E7 */  jal     func_8018039C              
/* 0340C 809B0CEC 46006386 */  mov.s   $f14, $f12                 
/* 03410 809B0CF0 860F060A */  lh      $t7, 0x060A($s0)           ## 0000060A
/* 03414 809B0CF4 24050001 */  addiu   $a1, $zero, 0x0001         ## $a1 = 00000001
/* 03418 809B0CF8 448F2000 */  mtc1    $t7, $f4                   ## $f4 = 0.00
/* 0341C 809B0CFC 00000000 */  nop
/* 03420 809B0D00 468021A0 */  cvt.s.w $f6, $f4                   
/* 03424 809B0D04 46143202 */  mul.s   $f8, $f6, $f20             
/* 03428 809B0D08 4600428D */  trunc.w.s $f10, $f8                  
/* 0342C 809B0D0C 44045000 */  mfc1    $a0, $f10                  
/* 03430 809B0D10 00000000 */  nop
/* 03434 809B0D14 00042400 */  sll     $a0, $a0, 16               
/* 03438 809B0D18 0C06026B */  jal     func_801809AC              
/* 0343C 809B0D1C 00042403 */  sra     $a0, $a0, 16               
/* 03440 809B0D20 86190608 */  lh      $t9, 0x0608($s0)           ## 00000608
/* 03444 809B0D24 24050001 */  addiu   $a1, $zero, 0x0001         ## $a1 = 00000001
/* 03448 809B0D28 44998000 */  mtc1    $t9, $f16                  ## $f16 = 0.00
/* 0344C 809B0D2C 00000000 */  nop
/* 03450 809B0D30 468084A0 */  cvt.s.w $f18, $f16                 
/* 03454 809B0D34 46149102 */  mul.s   $f4, $f18, $f20            
/* 03458 809B0D38 4600218D */  trunc.w.s $f6, $f4                   
/* 0345C 809B0D3C 44043000 */  mfc1    $a0, $f6                   
/* 03460 809B0D40 00000000 */  nop
/* 03464 809B0D44 00042400 */  sll     $a0, $a0, 16               
/* 03468 809B0D48 0C06011E */  jal     func_80180478              
/* 0346C 809B0D4C 00042403 */  sra     $a0, $a0, 16               
/* 03470 809B0D50 8609060C */  lh      $t1, 0x060C($s0)           ## 0000060C
/* 03474 809B0D54 24050001 */  addiu   $a1, $zero, 0x0001         ## $a1 = 00000001
/* 03478 809B0D58 44894000 */  mtc1    $t1, $f8                   ## $f8 = 0.00
/* 0347C 809B0D5C 00000000 */  nop
/* 03480 809B0D60 468042A0 */  cvt.s.w $f10, $f8                  
/* 03484 809B0D64 46145402 */  mul.s   $f16, $f10, $f20           
/* 03488 809B0D68 4600848D */  trunc.w.s $f18, $f16                 
/* 0348C 809B0D6C 44049000 */  mfc1    $a0, $f18                  
/* 03490 809B0D70 00000000 */  nop
/* 03494 809B0D74 00042400 */  sll     $a0, $a0, 16               
/* 03498 809B0D78 0C06033E */  jal     func_80180CF8              
/* 0349C 809B0D7C 00042403 */  sra     $a0, $a0, 16               
/* 034A0 809B0D80 8E6202C0 */  lw      $v0, 0x02C0($s3)           ## 000002C0
/* 034A4 809B0D84 3C0CE700 */  lui     $t4, 0xE700                ## $t4 = E7000000
/* 034A8 809B0D88 244B0008 */  addiu   $t3, $v0, 0x0008           ## $t3 = 00000008
/* 034AC 809B0D8C AE6B02C0 */  sw      $t3, 0x02C0($s3)           ## 000002C0
/* 034B0 809B0D90 AC400004 */  sw      $zero, 0x0004($v0)         ## 00000004
/* 034B4 809B0D94 AC4C0000 */  sw      $t4, 0x0000($v0)           ## 00000000
/* 034B8 809B0D98 8E6202C0 */  lw      $v0, 0x02C0($s3)           ## 000002C0
/* 034BC 809B0D9C 3C0EFB00 */  lui     $t6, 0xFB00                ## $t6 = FB000000
/* 034C0 809B0DA0 244D0008 */  addiu   $t5, $v0, 0x0008           ## $t5 = 00000008
/* 034C4 809B0DA4 AE6D02C0 */  sw      $t5, 0x02C0($s3)           ## 000002C0
/* 034C8 809B0DA8 AC4E0000 */  sw      $t6, 0x0000($v0)           ## 00000000
/* 034CC 809B0DAC 868F0000 */  lh      $t7, 0x0000($s4)           ## 809B10E4
/* 034D0 809B0DB0 31F800FF */  andi    $t8, $t7, 0x00FF           ## $t8 = 00000000
/* 034D4 809B0DB4 AC580004 */  sw      $t8, 0x0004($v0)           ## 00000004
/* 034D8 809B0DB8 8E6202C0 */  lw      $v0, 0x02C0($s3)           ## 000002C0
/* 034DC 809B0DBC 3C08DB06 */  lui     $t0, 0xDB06                ## $t0 = DB060000
/* 034E0 809B0DC0 35080030 */  ori     $t0, $t0, 0x0030           ## $t0 = DB060030
/* 034E4 809B0DC4 24590008 */  addiu   $t9, $v0, 0x0008           ## $t9 = 00000008
/* 034E8 809B0DC8 AE7902C0 */  sw      $t9, 0x02C0($s3)           ## 000002C0
/* 034EC 809B0DCC AC480000 */  sw      $t0, 0x0000($v0)           ## 00000000
/* 034F0 809B0DD0 8EE40000 */  lw      $a0, 0x0000($s7)           ## 00000000
/* 034F4 809B0DD4 0C26C2DC */  jal     func_809B0B70              
/* 034F8 809B0DD8 00408025 */  or      $s0, $v0, $zero            ## $s0 = 00000000
/* 034FC 809B0DDC AE020004 */  sw      $v0, 0x0004($s0)           ## 00000004
/* 03500 809B0DE0 8E250148 */  lw      $a1, 0x0148($s1)           ## 00000148
/* 03504 809B0DE4 92270146 */  lbu     $a3, 0x0146($s1)           ## 00000146
/* 03508 809B0DE8 AFB10018 */  sw      $s1, 0x0018($sp)           
/* 0350C 809B0DEC AFA00014 */  sw      $zero, 0x0014($sp)         
/* 03510 809B0DF0 AFA00010 */  sw      $zero, 0x0010($sp)         
/* 03514 809B0DF4 8E6902C0 */  lw      $t1, 0x02C0($s3)           ## 000002C0
/* 03518 809B0DF8 02E02025 */  or      $a0, $s7, $zero            ## $a0 = 00000000
/* 0351C 809B0DFC 02A03025 */  or      $a2, $s5, $zero            ## $a2 = 00000680
/* 03520 809B0E00 0C04D36F */  jal     func_80134DBC              
/* 03524 809B0E04 AFA9001C */  sw      $t1, 0x001C($sp)           
/* 03528 809B0E08 2652FFFF */  addiu   $s2, $s2, 0xFFFF           ## $s2 = FFFFFFFF
/* 0352C 809B0E0C 06410002 */  bgez    $s2, .L809B0E18            
/* 03530 809B0E10 AE6202C0 */  sw      $v0, 0x02C0($s3)           ## 000002C0
/* 03534 809B0E14 24120013 */  addiu   $s2, $zero, 0x0013         ## $s2 = 00000013
.L809B0E18:
/* 03538 809B0E18 8EC204B4 */  lw      $v0, 0x04B4($s6)           ## 000004B4
/* 0353C 809B0E1C 3C0B809B */  lui     $t3, %hi(D_809B10E4)       ## $t3 = 809B0000
/* 03540 809B0E20 256B10E4 */  addiu   $t3, $t3, %lo(D_809B10E4)  ## $t3 = 809B10E4
/* 03544 809B0E24 00025040 */  sll     $t2, $v0,  1               
/* 03548 809B0E28 014B1821 */  addu    $v1, $t2, $t3              
.L809B0E2C:
/* 0354C 809B0E2C 26940002 */  addiu   $s4, $s4, 0x0002           ## $s4 = 809B10E6
/* 03550 809B0E30 0283082B */  sltu    $at, $s4, $v1              
/* 03554 809B0E34 5420FF90 */  bnel    $at, $zero, .L809B0C78     
/* 03558 809B0E38 86890000 */  lh      $t1, 0x0000($s4)           ## 809B10E6
.L809B0E3C:
/* 0355C 809B0E3C 862302A8 */  lh      $v1, 0x02A8($s1)           ## 000002A8
.L809B0E40:
/* 03560 809B0E40 50600033 */  beql    $v1, $zero, .L809B0F10     
/* 03564 809B0E44 8FBF004C */  lw      $ra, 0x004C($sp)           
/* 03568 809B0E48 44832000 */  mtc1    $v1, $f4                   ## $f4 = 0.00
/* 0356C 809B0E4C 3C01809B */  lui     $at, %hi(D_809B11A8)       ## $at = 809B0000
/* 03570 809B0E50 C42811A8 */  lwc1    $f8, %lo(D_809B11A8)($at)  
/* 03574 809B0E54 468021A0 */  cvt.s.w $f6, $f4                   
/* 03578 809B0E58 862202AA */  lh      $v0, 0x02AA($s1)           ## 000002AA
/* 0357C 809B0E5C 2401000B */  addiu   $at, $zero, 0x000B         ## $at = 0000000B
/* 03580 809B0E60 3C063DCC */  lui     $a2, 0x3DCC                ## $a2 = 3DCC0000
/* 03584 809B0E64 34C6CCCD */  ori     $a2, $a2, 0xCCCD           ## $a2 = 3DCCCCCD
/* 03588 809B0E68 262402B0 */  addiu   $a0, $s1, 0x02B0           ## $a0 = 000002B0
/* 0358C 809B0E6C 46083502 */  mul.s   $f20, $f6, $f8             
/* 03590 809B0E70 10410003 */  beq     $v0, $at, .L809B0E80       
/* 03594 809B0E74 3C073D23 */  lui     $a3, 0x3D23                ## $a3 = 3D230000
/* 03598 809B0E78 2401000A */  addiu   $at, $zero, 0x000A         ## $at = 0000000A
/* 0359C 809B0E7C 14410013 */  bne     $v0, $at, .L809B0ECC       
.L809B0E80:
/* 035A0 809B0E80 3C013F00 */  lui     $at, 0x3F00                ## $at = 3F000000
/* 035A4 809B0E84 44811000 */  mtc1    $at, $f2                   ## $f2 = 0.50
/* 035A8 809B0E88 3C01809B */  lui     $at, %hi(D_809B11AC)       ## $at = 809B0000
/* 035AC 809B0E8C C43011AC */  lwc1    $f16, %lo(D_809B11AC)($at) 
/* 035B0 809B0E90 C62A02AC */  lwc1    $f10, 0x02AC($s1)          ## 000002AC
/* 035B4 809B0E94 46105480 */  add.s   $f18, $f10, $f16           
/* 035B8 809B0E98 E63202AC */  swc1    $f18, 0x02AC($s1)          ## 000002AC
/* 035BC 809B0E9C C62002AC */  lwc1    $f0, 0x02AC($s1)           ## 000002AC
/* 035C0 809B0EA0 4600103C */  c.lt.s  $f2, $f0                   
/* 035C4 809B0EA4 00000000 */  nop
/* 035C8 809B0EA8 45020004 */  bc1fl   .L809B0EBC                 
/* 035CC 809B0EAC 44050000 */  mfc1    $a1, $f0                   
/* 035D0 809B0EB0 E62202AC */  swc1    $f2, 0x02AC($s1)           ## 000002AC
/* 035D4 809B0EB4 C62002AC */  lwc1    $f0, 0x02AC($s1)           ## 000002AC
/* 035D8 809B0EB8 44050000 */  mfc1    $a1, $f0                   
.L809B0EBC:
/* 035DC 809B0EBC 0C03FF7E */  jal     func_800FFDF8              
/* 035E0 809B0EC0 34E7D70A */  ori     $a3, $a3, 0xD70A           ## $a3 = 3D23D70A
/* 035E4 809B0EC4 10000006 */  beq     $zero, $zero, .L809B0EE0   
/* 035E8 809B0EC8 C62402AC */  lwc1    $f4, 0x02AC($s1)           ## 000002AC
.L809B0ECC:
/* 035EC 809B0ECC 3C01809B */  lui     $at, %hi(D_809B11B0)       ## $at = 809B0000
/* 035F0 809B0ED0 C42011B0 */  lwc1    $f0, %lo(D_809B11B0)($at)  
/* 035F4 809B0ED4 E62002AC */  swc1    $f0, 0x02AC($s1)           ## 000002AC
/* 035F8 809B0ED8 E62002B0 */  swc1    $f0, 0x02B0($s1)           ## 000002B0
/* 035FC 809B0EDC C62402AC */  lwc1    $f4, 0x02AC($s1)           ## 000002AC
.L809B0EE0:
/* 03600 809B0EE0 02E02025 */  or      $a0, $s7, $zero            ## $a0 = 00000000
/* 03604 809B0EE4 02202825 */  or      $a1, $s1, $zero            ## $a1 = 00000000
/* 03608 809B0EE8 E7A40010 */  swc1    $f4, 0x0010($sp)           
/* 0360C 809B0EEC C62602B0 */  lwc1    $f6, 0x02B0($s1)           ## 000002B0
/* 03610 809B0EF0 E7B40018 */  swc1    $f20, 0x0018($sp)          
/* 03614 809B0EF4 262602B4 */  addiu   $a2, $s1, 0x02B4           ## $a2 = 000002B4
/* 03618 809B0EF8 E7A60014 */  swc1    $f6, 0x0014($sp)           
/* 0361C 809B0EFC 862C02AA */  lh      $t4, 0x02AA($s1)           ## 000002AA
/* 03620 809B0F00 2407000C */  addiu   $a3, $zero, 0x000C         ## $a3 = 0000000C
/* 03624 809B0F04 0C02F9A0 */  jal     func_800BE680              
/* 03628 809B0F08 AFAC001C */  sw      $t4, 0x001C($sp)           
/* 0362C 809B0F0C 8FBF004C */  lw      $ra, 0x004C($sp)           
.L809B0F10:
/* 03630 809B0F10 D7B40020 */  ldc1    $f20, 0x0020($sp)          
/* 03634 809B0F14 8FB0002C */  lw      $s0, 0x002C($sp)           
/* 03638 809B0F18 8FB10030 */  lw      $s1, 0x0030($sp)           
/* 0363C 809B0F1C 8FB20034 */  lw      $s2, 0x0034($sp)           
/* 03640 809B0F20 8FB30038 */  lw      $s3, 0x0038($sp)           
/* 03644 809B0F24 8FB4003C */  lw      $s4, 0x003C($sp)           
/* 03648 809B0F28 8FB50040 */  lw      $s5, 0x0040($sp)           
/* 0364C 809B0F2C 8FB60044 */  lw      $s6, 0x0044($sp)           
/* 03650 809B0F30 8FB70048 */  lw      $s7, 0x0048($sp)           
/* 03654 809B0F34 03E00008 */  jr      $ra                        
/* 03658 809B0F38 27BD0050 */  addiu   $sp, $sp, 0x0050           ## $sp = 00000000
/* 0365C 809B0F3C 00000000 */  nop

.section .data

D_809B0F40: .word 0x00000000
D_809B0F44: .word 0x00000000
D_809B0F48: .word \
0x10F100F1, 0xF1F10010, 0xF1F1F122, 0x3242F110, \
0xF1F21050, 0x0000F1F1, 0xF1000000, 0x000000F1
D_809B0F68: .word 0x01130500, 0x00000015, 0x01550000, 0x00000FEC
.word func_809AD8E0
.word func_809ADB24
.word func_809B02CC
.word 0x00000000
D_809B0F88: .word \
0x0A110D39, 0x10010000, 0x00000000, 0xF7CFFFFF, \
0x08040000, 0xF7CFFFFF, 0x00000000, 0x01010100, \
0x00160037, 0x00000000, 0x00000000
D_809B0FB4: .word \
0x0A110000, 0x00030000, 0x00000000, 0xF7CFFFFF, \
0x04080000, 0x00000000, 0x00000000, 0x81000000, \
0x00000000, 0x00000000, 0x00000000, 0x00000000, \
0x00000000, 0x00000000, 0x00000000, 0x00000000, \
0x00000000, 0x00000000, 0x00000000, 0x00000000
D_809B1004: .word 0x13961397, 0x13981399
D_809B100C: .word \
0x060081F4, 0x0600AE80, 0x0600B5F0, 0x06004858, \
0x06003530, 0x0600378C, 0x060038AC, 0x0600603C, \
0x06007B04, 0x060044F8, 0x06003D5C, 0x06005D5C
D_809B103C: .word 0x02000002, 0x02020002, 0x00000202
D_809B1048: .word \
0x3F800000, 0x00000000, 0x3F000000, 0x3F800000, \
0x00000000, 0xBF000000, 0xBF800000, 0x00000000, \
0x3F000000, 0xBF800000, 0x00000000, 0xBF000000, \
0x3F000000, 0x00000000, 0x3F800000, 0xBF000000, \
0x00000000, 0x3F800000, 0x3F000000, 0x00000000, \
0xBF800000, 0xBF000000, 0x00000000, 0xBF800000, \
0x00000000, 0x00000000, 0x00000000
D_809B10B4: .word 0x44C80000, 0x00000000, 0x00000000
D_809B10C0: .word 0x00000000, 0x00000000, 0x00000000
D_809B10CC: .word 0x44D48000, 0x00000000, 0x00000000
D_809B10D8: .word 0x00000000, 0x00000000, 0x00000000
D_809B10E4: .word \
0x00800000, 0x00000000, 0x00000080, 0x00000000, \
0x00000000, 0x00800000, 0x00000000, 0x00000080, \
0x00000000, 0x00000000, 0x00000000

.section .rodata

D_809B1110: .word 0x3D0F5C29
D_809B1114: .word .L809ADCFC
.word .L809ADEF4
.word .L809AE1E0
.word .L809AE2C0
.word .L809AE460
.word .L809AE548
D_809B112C: .word 0x44728000
D_809B1130: .word 0x44724000
D_809B1134: .word 0x3D0B4396
D_809B1138: .word 0x3D0F5C29
D_809B113C: .word 0x44728000
D_809B1140: .word 0x3E99999A
D_809B1144: .word 0x3E4CCCCD
D_809B1148: .word 0x3E99999A
D_809B114C: .word 0x3E4CCCCD
D_809B1150: .word 0x3E99999A
D_809B1154: .word 0x3E4CCCCD
D_809B1158: .word .L809AFD04
.word .L809AFD0C
.word .L809AFD14
.word .L809AFD34
.word .L809AFD54
.word .L809AFD74
.word .L809AFD94
.word .L809AFD9C
.word .L809AFDA4
.word .L809AFDAC
D_809B1180: .word .L809B0118
.word .L809B0118
.word .L809B026C
.word .L809B0134
.word .L809B0134
.word .L809B0134
.word .L809B0134
.word .L809B026C
.word .L809B0134
D_809B11A4: .word 0x38C90FDB
D_809B11A8: .word 0x3D4CCCCD
D_809B11AC: .word 0x3E99999A
D_809B11B0: .word 0x3F4CCCCD, 0x00000000, 0x00000000, 0x00000000


.section .rodata
D_809B11C0:
.incbin "baserom/En_Jso", 0x38E0, 0x00000390
