.include "macro.inc"

# assembler directives
.set noat      # allow manual use of $at
.set noreorder # don't insert nops after branches
.set gp=64     # allow use of 64-bit general purpose registers

.section .text
glabel func_808F1200
/* 00000 808F1200 27BDFFC8 */  addiu   $sp, $sp, 0xFFC8           ## $sp = FFFFFFC8
/* 00004 808F1204 AFB00028 */  sw      $s0, 0x0028($sp)           
/* 00008 808F1208 00808025 */  or      $s0, $a0, $zero            ## $s0 = 00000000
/* 0000C 808F120C AFBF002C */  sw      $ra, 0x002C($sp)           
/* 00010 808F1210 AFA5003C */  sw      $a1, 0x003C($sp)           
/* 00014 808F1214 3C05808F */  lui     $a1, %hi(D_808F2E20)       ## $a1 = 808F0000
/* 00018 808F1218 24A52E20 */  addiu   $a1, $a1, %lo(D_808F2E20)  ## $a1 = 808F2E20
/* 0001C 808F121C 0C03FEB7 */  jal     func_800FFADC              
/* 00020 808F1220 02002025 */  or      $a0, $s0, $zero            ## $a0 = 00000000
/* 00024 808F1224 3C06800B */  lui     $a2, 0x800B                ## $a2 = 800B0000
/* 00028 808F1228 24C63FC0 */  addiu   $a2, $a2, 0x3FC0           ## $a2 = 800B3FC0
/* 0002C 808F122C 260400BC */  addiu   $a0, $s0, 0x00BC           ## $a0 = 000000BC
/* 00030 808F1230 24050000 */  addiu   $a1, $zero, 0x0000         ## $a1 = 00000000
/* 00034 808F1234 0C02CEE9 */  jal     func_800B3BA4              
/* 00038 808F1238 3C0741B0 */  lui     $a3, 0x41B0                ## $a3 = 41B00000
/* 0003C 808F123C 3C060600 */  lui     $a2, 0x0600                ## $a2 = 06000000
/* 00040 808F1240 3C070600 */  lui     $a3, 0x0600                ## $a3 = 06000000
/* 00044 808F1244 260E018C */  addiu   $t6, $s0, 0x018C           ## $t6 = 0000018C
/* 00048 808F1248 260F01BC */  addiu   $t7, $s0, 0x01BC           ## $t7 = 000001BC
/* 0004C 808F124C 24180008 */  addiu   $t8, $zero, 0x0008         ## $t8 = 00000008
/* 00050 808F1250 AFB80018 */  sw      $t8, 0x0018($sp)           
/* 00054 808F1254 AFAF0014 */  sw      $t7, 0x0014($sp)           
/* 00058 808F1258 AFAE0010 */  sw      $t6, 0x0010($sp)           
/* 0005C 808F125C 24E702B8 */  addiu   $a3, $a3, 0x02B8           ## $a3 = 060002B8
/* 00060 808F1260 24C62A40 */  addiu   $a2, $a2, 0x2A40           ## $a2 = 06002A40
/* 00064 808F1264 8FA4003C */  lw      $a0, 0x003C($sp)           
/* 00068 808F1268 0C04DA9F */  jal     func_80136A7C              
/* 0006C 808F126C 26050144 */  addiu   $a1, $s0, 0x0144           ## $a1 = 00000144
/* 00070 808F1270 2605027C */  addiu   $a1, $s0, 0x027C           ## $a1 = 0000027C
/* 00074 808F1274 3C07808F */  lui     $a3, %hi(D_808F2DA0)       ## $a3 = 808F0000
/* 00078 808F1278 24E72DA0 */  addiu   $a3, $a3, %lo(D_808F2DA0)  ## $a3 = 808F2DA0
/* 0007C 808F127C AFA50030 */  sw      $a1, 0x0030($sp)           
/* 00080 808F1280 8FA4003C */  lw      $a0, 0x003C($sp)           
/* 00084 808F1284 0C0384DD */  jal     func_800E1374              
/* 00088 808F1288 02003025 */  or      $a2, $s0, $zero            ## $a2 = 00000000
/* 0008C 808F128C 8FA50030 */  lw      $a1, 0x0030($sp)           
/* 00090 808F1290 0C039F7E */  jal     func_800E7DF8              
/* 00094 808F1294 02002025 */  or      $a0, $s0, $zero            ## $a0 = 00000000
/* 00098 808F1298 26050230 */  addiu   $a1, $s0, 0x0230           ## $a1 = 00000230
/* 0009C 808F129C 3C07808F */  lui     $a3, %hi(D_808F2DCC)       ## $a3 = 808F0000
/* 000A0 808F12A0 24E72DCC */  addiu   $a3, $a3, %lo(D_808F2DCC)  ## $a3 = 808F2DCC
/* 000A4 808F12A4 AFA50030 */  sw      $a1, 0x0030($sp)           
/* 000A8 808F12A8 8FA4003C */  lw      $a0, 0x003C($sp)           
/* 000AC 808F12AC 0C0384DD */  jal     func_800E1374              
/* 000B0 808F12B0 02003025 */  or      $a2, $s0, $zero            ## $a2 = 00000000
/* 000B4 808F12B4 8FA50030 */  lw      $a1, 0x0030($sp)           
/* 000B8 808F12B8 0C039F7E */  jal     func_800E7DF8              
/* 000BC 808F12BC 02002025 */  or      $a0, $s0, $zero            ## $a0 = 00000000
/* 000C0 808F12C0 3C05808F */  lui     $a1, %hi(D_808F2E00)       ## $a1 = 808F0000
/* 000C4 808F12C4 3C06808F */  lui     $a2, %hi(D_808F2DF8)       ## $a2 = 808F0000
/* 000C8 808F12C8 24C62DF8 */  addiu   $a2, $a2, %lo(D_808F2DF8)  ## $a2 = 808F2DF8
/* 000CC 808F12CC 24A52E00 */  addiu   $a1, $a1, %lo(D_808F2E00)  ## $a1 = 808F2E00
/* 000D0 808F12D0 0C039D4C */  jal     func_800E7530              
/* 000D4 808F12D4 260400A0 */  addiu   $a0, $s0, 0x00A0           ## $a0 = 000000A0
/* 000D8 808F12D8 8619001C */  lh      $t9, 0x001C($s0)           ## 0000001C
/* 000DC 808F12DC 24010002 */  addiu   $at, $zero, 0x0002         ## $at = 00000002
/* 000E0 808F12E0 AE00022C */  sw      $zero, 0x022C($s0)         ## 0000022C
/* 000E4 808F12E4 17210004 */  bne     $t9, $at, .L808F12F8       
/* 000E8 808F12E8 24090009 */  addiu   $t1, $zero, 0x0009         ## $t1 = 00000009
/* 000EC 808F12EC 24080002 */  addiu   $t0, $zero, 0x0002         ## $t0 = 00000002
/* 000F0 808F12F0 10000002 */  beq     $zero, $zero, .L808F12FC   
/* 000F4 808F12F4 A208011F */  sb      $t0, 0x011F($s0)           ## 0000011F
.L808F12F8:
/* 000F8 808F12F8 A209011F */  sb      $t1, 0x011F($s0)           ## 0000011F
.L808F12FC:
/* 000FC 808F12FC 860A001C */  lh      $t2, 0x001C($s0)           ## 0000001C
/* 00100 808F1300 15400005 */  bne     $t2, $zero, .L808F1318     
/* 00104 808F1304 00000000 */  nop
/* 00108 808F1308 0C23C557 */  jal     func_808F155C              
/* 0010C 808F130C 02002025 */  or      $a0, $s0, $zero            ## $a0 = 00000000
/* 00110 808F1310 10000004 */  beq     $zero, $zero, .L808F1324   
/* 00114 808F1314 8FBF002C */  lw      $ra, 0x002C($sp)           
.L808F1318:
/* 00118 808F1318 0C23C592 */  jal     func_808F1648              
/* 0011C 808F131C 02002025 */  or      $a0, $s0, $zero            ## $a0 = 00000000
/* 00120 808F1320 8FBF002C */  lw      $ra, 0x002C($sp)           
.L808F1324:
/* 00124 808F1324 8FB00028 */  lw      $s0, 0x0028($sp)           
/* 00128 808F1328 27BD0038 */  addiu   $sp, $sp, 0x0038           ## $sp = 00000000
/* 0012C 808F132C 03E00008 */  jr      $ra                        
/* 00130 808F1330 00000000 */  nop


glabel func_808F1334
/* 00134 808F1334 27BDFFE8 */  addiu   $sp, $sp, 0xFFE8           ## $sp = FFFFFFE8
/* 00138 808F1338 AFBF0014 */  sw      $ra, 0x0014($sp)           
/* 0013C 808F133C AFA40018 */  sw      $a0, 0x0018($sp)           
/* 00140 808F1340 AFA5001C */  sw      $a1, 0x001C($sp)           
/* 00144 808F1344 8FA50018 */  lw      $a1, 0x0018($sp)           
/* 00148 808F1348 8FA4001C */  lw      $a0, 0x001C($sp)           
/* 0014C 808F134C 0C03847B */  jal     func_800E11EC              
/* 00150 808F1350 24A5027C */  addiu   $a1, $a1, 0x027C           ## $a1 = 0000027C
/* 00154 808F1354 8FA50018 */  lw      $a1, 0x0018($sp)           
/* 00158 808F1358 8FA4001C */  lw      $a0, 0x001C($sp)           
/* 0015C 808F135C 0C03847B */  jal     func_800E11EC              
/* 00160 808F1360 24A50230 */  addiu   $a1, $a1, 0x0230           ## $a1 = 00000230
/* 00164 808F1364 8FBF0014 */  lw      $ra, 0x0014($sp)           
/* 00168 808F1368 27BD0018 */  addiu   $sp, $sp, 0x0018           ## $sp = 00000000
/* 0016C 808F136C 03E00008 */  jr      $ra                        
/* 00170 808F1370 00000000 */  nop


glabel func_808F1374
/* 00174 808F1374 27BDFFD0 */  addiu   $sp, $sp, 0xFFD0           ## $sp = FFFFFFD0
/* 00178 808F1378 AFB00028 */  sw      $s0, 0x0028($sp)           
/* 0017C 808F137C 00808025 */  or      $s0, $a0, $zero            ## $s0 = 00000000
/* 00180 808F1380 AFBF002C */  sw      $ra, 0x002C($sp)           
/* 00184 808F1384 AFA50034 */  sw      $a1, 0x0034($sp)           
/* 00188 808F1388 920E01EC */  lbu     $t6, 0x01EC($s0)           ## 000001EC
/* 0018C 808F138C 2401000A */  addiu   $at, $zero, 0x000A         ## $at = 0000000A
/* 00190 808F1390 02002825 */  or      $a1, $s0, $zero            ## $a1 = 00000000
/* 00194 808F1394 15C10014 */  bne     $t6, $at, .L808F13E8       
/* 00198 808F1398 260601FC */  addiu   $a2, $s0, 0x01FC           ## $a2 = 000001FC
/* 0019C 808F139C 860F001C */  lh      $t7, 0x001C($s0)           ## 0000001C
/* 001A0 808F13A0 44802000 */  mtc1    $zero, $f4                 ## $f4 = 0.00
/* 001A4 808F13A4 24010002 */  addiu   $at, $zero, 0x0002         ## $at = 00000002
/* 001A8 808F13A8 A20001EC */  sb      $zero, 0x01EC($s0)         ## 000001EC
/* 001AC 808F13AC 15E10003 */  bne     $t7, $at, .L808F13BC       
/* 001B0 808F13B0 E60401F0 */  swc1    $f4, 0x01F0($s0)           ## 000001F0
/* 001B4 808F13B4 10000002 */  beq     $zero, $zero, .L808F13C0   
/* 001B8 808F13B8 24070001 */  addiu   $a3, $zero, 0x0001         ## $a3 = 00000001
.L808F13BC:
/* 001BC 808F13BC 24070004 */  addiu   $a3, $zero, 0x0004         ## $a3 = 00000004
.L808F13C0:
/* 001C0 808F13C0 3C01808F */  lui     $at, %hi(D_808F2E40)       ## $at = 808F0000
/* 001C4 808F13C4 C4262E40 */  lwc1    $f6, %lo(D_808F2E40)($at)  
/* 001C8 808F13C8 3C01808F */  lui     $at, %hi(D_808F2E44)       ## $at = 808F0000
/* 001CC 808F13CC C4282E44 */  lwc1    $f8, %lo(D_808F2E44)($at)  
/* 001D0 808F13D0 24180004 */  addiu   $t8, $zero, 0x0004         ## $t8 = 00000004
/* 001D4 808F13D4 AFB80010 */  sw      $t8, 0x0010($sp)           
/* 001D8 808F13D8 8FA40034 */  lw      $a0, 0x0034($sp)           
/* 001DC 808F13DC E7A60014 */  swc1    $f6, 0x0014($sp)           
/* 001E0 808F13E0 0C02FDF3 */  jal     func_800BF7CC              
/* 001E4 808F13E4 E7A80018 */  swc1    $f8, 0x0018($sp)           
.L808F13E8:
/* 001E8 808F13E8 8FBF002C */  lw      $ra, 0x002C($sp)           
/* 001EC 808F13EC 8FB00028 */  lw      $s0, 0x0028($sp)           
/* 001F0 808F13F0 27BD0030 */  addiu   $sp, $sp, 0x0030           ## $sp = 00000000
/* 001F4 808F13F4 03E00008 */  jr      $ra                        
/* 001F8 808F13F8 00000000 */  nop


glabel func_808F13FC
/* 001FC 808F13FC 27BDFFC8 */  addiu   $sp, $sp, 0xFFC8           ## $sp = FFFFFFC8
/* 00200 808F1400 AFB00030 */  sw      $s0, 0x0030($sp)           
/* 00204 808F1404 00808025 */  or      $s0, $a0, $zero            ## $s0 = 00000000
/* 00208 808F1408 AFBF0034 */  sw      $ra, 0x0034($sp)           
/* 0020C 808F140C 920200B9 */  lbu     $v0, 0x00B9($s0)           ## 000000B9
/* 00210 808F1410 24010002 */  addiu   $at, $zero, 0x0002         ## $at = 00000002
/* 00214 808F1414 14410008 */  bne     $v0, $at, .L808F1438       
/* 00218 808F1418 3C013F40 */  lui     $at, 0x3F40                ## $at = 3F400000
/* 0021C 808F141C 44812000 */  mtc1    $at, $f4                   ## $f4 = 0.75
/* 00220 808F1420 3C014040 */  lui     $at, 0x4040                ## $at = 40400000
/* 00224 808F1424 44813000 */  mtc1    $at, $f6                   ## $f6 = 3.00
/* 00228 808F1428 A20001EC */  sb      $zero, 0x01EC($s0)         ## 000001EC
/* 0022C 808F142C E60401F4 */  swc1    $f4, 0x01F4($s0)           ## 000001F4
/* 00230 808F1430 10000039 */  beq     $zero, $zero, .L808F1518   
/* 00234 808F1434 E60601F0 */  swc1    $f6, 0x01F0($s0)           ## 000001F0
.L808F1438:
/* 00238 808F1438 24010004 */  addiu   $at, $zero, 0x0004         ## $at = 00000004
/* 0023C 808F143C 1441001E */  bne     $v0, $at, .L808F14B8       
/* 00240 808F1440 240E0014 */  addiu   $t6, $zero, 0x0014         ## $t6 = 00000014
/* 00244 808F1444 861802A4 */  lh      $t8, 0x02A4($s0)           ## 000002A4
/* 00248 808F1448 860F02A2 */  lh      $t7, 0x02A2($s0)           ## 000002A2
/* 0024C 808F144C 3C013F40 */  lui     $at, 0x3F40                ## $at = 3F400000
/* 00250 808F1450 44819000 */  mtc1    $at, $f18                  ## $f18 = 0.75
/* 00254 808F1454 44988000 */  mtc1    $t8, $f16                  ## $f16 = 0.00
/* 00258 808F1458 448F7000 */  mtc1    $t7, $f14                  ## $f14 = 0.00
/* 0025C 808F145C 3C014040 */  lui     $at, 0x4040                ## $at = 40400000
/* 00260 808F1460 46808420 */  cvt.s.w $f16, $f16                 
/* 00264 808F1464 44816000 */  mtc1    $at, $f12                  ## $f12 = 3.00
/* 00268 808F1468 E61201F4 */  swc1    $f18, 0x01F4($s0)          ## 000001F4
/* 0026C 808F146C A20E01EC */  sb      $t6, 0x01EC($s0)           ## 000001EC
/* 00270 808F1470 E60C01F0 */  swc1    $f12, 0x01F0($s0)          ## 000001F0
/* 00274 808F1474 468073A0 */  cvt.s.w $f14, $f14                 
/* 00278 808F1478 E7B00010 */  swc1    $f16, 0x0010($sp)          
/* 0027C 808F147C 861902A6 */  lh      $t9, 0x02A6($s0)           ## 000002A6
/* 00280 808F1480 24080003 */  addiu   $t0, $zero, 0x0003         ## $t0 = 00000003
/* 00284 808F1484 24A41CA0 */  addiu   $a0, $a1, 0x1CA0           ## $a0 = 00001CA0
/* 00288 808F1488 44998000 */  mtc1    $t9, $f16                  ## $f16 = 0.00
/* 0028C 808F148C 44077000 */  mfc1    $a3, $f14                  
/* 00290 808F1490 240600A2 */  addiu   $a2, $zero, 0x00A2         ## $a2 = 000000A2
/* 00294 808F1494 46808420 */  cvt.s.w $f16, $f16                 
/* 00298 808F1498 AFA00018 */  sw      $zero, 0x0018($sp)         
/* 0029C 808F149C AFA0001C */  sw      $zero, 0x001C($sp)         
/* 002A0 808F14A0 AFA00020 */  sw      $zero, 0x0020($sp)         
/* 002A4 808F14A4 AFA80024 */  sw      $t0, 0x0024($sp)           
/* 002A8 808F14A8 0C02EB18 */  jal     func_800BAC60              
/* 002AC 808F14AC E7B00014 */  swc1    $f16, 0x0014($sp)          
/* 002B0 808F14B0 1000001A */  beq     $zero, $zero, .L808F151C   
/* 002B4 808F14B4 8FBF0034 */  lw      $ra, 0x0034($sp)           
.L808F14B8:
/* 002B8 808F14B8 24010003 */  addiu   $at, $zero, 0x0003         ## $at = 00000003
/* 002BC 808F14BC 1441000C */  bne     $v0, $at, .L808F14F0       
/* 002C0 808F14C0 2409000A */  addiu   $t1, $zero, 0x000A         ## $t1 = 0000000A
/* 002C4 808F14C4 3C013F40 */  lui     $at, 0x3F40                ## $at = 3F400000
/* 002C8 808F14C8 44815000 */  mtc1    $at, $f10                  ## $f10 = 0.75
/* 002CC 808F14CC 3C013F80 */  lui     $at, 0x3F80                ## $at = 3F800000
/* 002D0 808F14D0 44818000 */  mtc1    $at, $f16                  ## $f16 = 1.00
/* 002D4 808F14D4 3C013F90 */  lui     $at, 0x3F90                ## $at = 3F900000
/* 002D8 808F14D8 44819000 */  mtc1    $at, $f18                  ## $f18 = 1.12
/* 002DC 808F14DC A20901EC */  sb      $t1, 0x01EC($s0)           ## 000001EC
/* 002E0 808F14E0 E60A01F4 */  swc1    $f10, 0x01F4($s0)          ## 000001F4
/* 002E4 808F14E4 E61001F0 */  swc1    $f16, 0x01F0($s0)          ## 000001F0
/* 002E8 808F14E8 1000000B */  beq     $zero, $zero, .L808F1518   
/* 002EC 808F14EC E61201F8 */  swc1    $f18, 0x01F8($s0)          ## 000001F8
.L808F14F0:
/* 002F0 808F14F0 24010005 */  addiu   $at, $zero, 0x0005         ## $at = 00000005
/* 002F4 808F14F4 14410008 */  bne     $v0, $at, .L808F1518       
/* 002F8 808F14F8 240A001F */  addiu   $t2, $zero, 0x001F         ## $t2 = 0000001F
/* 002FC 808F14FC 3C013F40 */  lui     $at, 0x3F40                ## $at = 3F400000
/* 00300 808F1500 44812000 */  mtc1    $at, $f4                   ## $f4 = 0.75
/* 00304 808F1504 3C014040 */  lui     $at, 0x4040                ## $at = 40400000
/* 00308 808F1508 44813000 */  mtc1    $at, $f6                   ## $f6 = 3.00
/* 0030C 808F150C A20A01EC */  sb      $t2, 0x01EC($s0)           ## 000001EC
/* 00310 808F1510 E60401F4 */  swc1    $f4, 0x01F4($s0)           ## 000001F4
/* 00314 808F1514 E60601F0 */  swc1    $f6, 0x01F0($s0)           ## 000001F0
.L808F1518:
/* 00318 808F1518 8FBF0034 */  lw      $ra, 0x0034($sp)           
.L808F151C:
/* 0031C 808F151C 8FB00030 */  lw      $s0, 0x0030($sp)           
/* 00320 808F1520 27BD0038 */  addiu   $sp, $sp, 0x0038           ## $sp = 00000000
/* 00324 808F1524 03E00008 */  jr      $ra                        
/* 00328 808F1528 00000000 */  nop


glabel func_808F152C
/* 0032C 808F152C 24020019 */  addiu   $v0, $zero, 0x0019         ## $v0 = 00000019
/* 00330 808F1530 9098028D */  lbu     $t8, 0x028D($a0)           ## 0000028D
/* 00334 808F1534 240E0007 */  addiu   $t6, $zero, 0x0007         ## $t6 = 00000007
/* 00338 808F1538 240F000C */  addiu   $t7, $zero, 0x000C         ## $t7 = 0000000C
/* 0033C 808F153C 37190004 */  ori     $t9, $t8, 0x0004           ## $t9 = 00000004
/* 00340 808F1540 A48E02BC */  sh      $t6, 0x02BC($a0)           ## 000002BC
/* 00344 808F1544 A48202BE */  sh      $v0, 0x02BE($a0)           ## 000002BE
/* 00348 808F1548 A08F0290 */  sb      $t7, 0x0290($a0)           ## 00000290
/* 0034C 808F154C A099028D */  sb      $t9, 0x028D($a0)           ## 0000028D
/* 00350 808F1550 A4820272 */  sh      $v0, 0x0272($a0)           ## 00000272
/* 00354 808F1554 03E00008 */  jr      $ra                        
/* 00358 808F1558 00000000 */  nop


glabel func_808F155C
/* 0035C 808F155C 27BDFFE8 */  addiu   $sp, $sp, 0xFFE8           ## $sp = FFFFFFE8
/* 00360 808F1560 AFBF0014 */  sw      $ra, 0x0014($sp)           
/* 00364 808F1564 24050000 */  addiu   $a1, $zero, 0x0000         ## $a1 = 00000000
/* 00368 808F1568 0C02D9F8 */  jal     func_800B67E0              
/* 0036C 808F156C AFA40018 */  sw      $a0, 0x0018($sp)           
/* 00370 808F1570 8FA40018 */  lw      $a0, 0x0018($sp)           
/* 00374 808F1574 3C014160 */  lui     $at, 0x4160                ## $at = 41600000
/* 00378 808F1578 44813000 */  mtc1    $at, $f6                   ## $f6 = 14.00
/* 0037C 808F157C C484000C */  lwc1    $f4, 0x000C($a0)           ## 0000000C
/* 00380 808F1580 3C0F808F */  lui     $t7, %hi(func_808F15B0)    ## $t7 = 808F0000
/* 00384 808F1584 240EC000 */  addiu   $t6, $zero, 0xC000         ## $t6 = FFFFC000
/* 00388 808F1588 46062200 */  add.s   $f8, $f4, $f6              
/* 0038C 808F158C 25EF15B0 */  addiu   $t7, $t7, %lo(func_808F15B0) ## $t7 = 808F15B0
/* 00390 808F1590 A48E00BC */  sh      $t6, 0x00BC($a0)           ## 000000BC
/* 00394 808F1594 A48001EE */  sh      $zero, 0x01EE($a0)         ## 000001EE
/* 00398 808F1598 E4880028 */  swc1    $f8, 0x0028($a0)           ## 00000028
/* 0039C 808F159C AC8F0188 */  sw      $t7, 0x0188($a0)           ## 00000188
/* 003A0 808F15A0 8FBF0014 */  lw      $ra, 0x0014($sp)           
/* 003A4 808F15A4 27BD0018 */  addiu   $sp, $sp, 0x0018           ## $sp = 00000000
/* 003A8 808F15A8 03E00008 */  jr      $ra                        
/* 003AC 808F15AC 00000000 */  nop


glabel func_808F15B0
/* 003B0 808F15B0 27BDFFE0 */  addiu   $sp, $sp, 0xFFE0           ## $sp = FFFFFFE0
/* 003B4 808F15B4 AFBF0014 */  sw      $ra, 0x0014($sp)           
/* 003B8 808F15B8 AFA50024 */  sw      $a1, 0x0024($sp)           
/* 003BC 808F15BC 848E01EE */  lh      $t6, 0x01EE($a0)           ## 000001EE
/* 003C0 808F15C0 3C01808F */  lui     $at, %hi(D_808F2E48)       ## $at = 808F0000
/* 003C4 808F15C4 25CF0001 */  addiu   $t7, $t6, 0x0001           ## $t7 = 00000001
/* 003C8 808F15C8 A48F01EE */  sh      $t7, 0x01EE($a0)           ## 000001EE
/* 003CC 808F15CC 849801EE */  lh      $t8, 0x01EE($a0)           ## 000001EE
/* 003D0 808F15D0 C4282E48 */  lwc1    $f8, %lo(D_808F2E48)($at)  
/* 003D4 808F15D4 3C01808F */  lui     $at, %hi(D_808F2E4C)       ## $at = 808F0000
/* 003D8 808F15D8 44982000 */  mtc1    $t8, $f4                   ## $f4 = 0.00
/* 003DC 808F15DC C42A2E4C */  lwc1    $f10, %lo(D_808F2E4C)($at) 
/* 003E0 808F15E0 AFA40020 */  sw      $a0, 0x0020($sp)           
/* 003E4 808F15E4 468021A0 */  cvt.s.w $f6, $f4                   
/* 003E8 808F15E8 46083002 */  mul.s   $f0, $f6, $f8              
/* 003EC 808F15EC 00000000 */  nop
/* 003F0 808F15F0 46005402 */  mul.s   $f16, $f10, $f0            
/* 003F4 808F15F4 E7A0001C */  swc1    $f0, 0x001C($sp)           
/* 003F8 808F15F8 44058000 */  mfc1    $a1, $f16                  
/* 003FC 808F15FC 0C02D9F8 */  jal     func_800B67E0              
/* 00400 808F1600 00000000 */  nop
/* 00404 808F1604 3C014160 */  lui     $at, 0x4160                ## $at = 41600000
/* 00408 808F1608 C7A0001C */  lwc1    $f0, 0x001C($sp)           
/* 0040C 808F160C 44812000 */  mtc1    $at, $f4                   ## $f4 = 14.00
/* 00410 808F1610 8FA40020 */  lw      $a0, 0x0020($sp)           
/* 00414 808F1614 24010014 */  addiu   $at, $zero, 0x0014         ## $at = 00000014
/* 00418 808F1618 46002182 */  mul.s   $f6, $f4, $f0              
/* 0041C 808F161C C492000C */  lwc1    $f18, 0x000C($a0)          ## 0000000C
/* 00420 808F1620 849901EE */  lh      $t9, 0x01EE($a0)           ## 000001EE
/* 00424 808F1624 46069200 */  add.s   $f8, $f18, $f6             
/* 00428 808F1628 17210003 */  bne     $t9, $at, .L808F1638       
/* 0042C 808F162C E4880028 */  swc1    $f8, 0x0028($a0)           ## 00000028
/* 00430 808F1630 0C23C592 */  jal     func_808F1648              
/* 00434 808F1634 00000000 */  nop
.L808F1638:
/* 00438 808F1638 8FBF0014 */  lw      $ra, 0x0014($sp)           
/* 0043C 808F163C 27BD0020 */  addiu   $sp, $sp, 0x0020           ## $sp = 00000000
/* 00440 808F1640 03E00008 */  jr      $ra                        
/* 00444 808F1644 00000000 */  nop


glabel func_808F1648
/* 00448 808F1648 27BDFFE8 */  addiu   $sp, $sp, 0xFFE8           ## $sp = FFFFFFE8
/* 0044C 808F164C AFBF0014 */  sw      $ra, 0x0014($sp)           
/* 00450 808F1650 3C053BA3 */  lui     $a1, 0x3BA3                ## $a1 = 3BA30000
/* 00454 808F1654 34A5D70A */  ori     $a1, $a1, 0xD70A           ## $a1 = 3BA3D70A
/* 00458 808F1658 0C02D9F8 */  jal     func_800B67E0              
/* 0045C 808F165C AFA40018 */  sw      $a0, 0x0018($sp)           
/* 00460 808F1660 8FA40018 */  lw      $a0, 0x0018($sp)           
/* 00464 808F1664 3C014160 */  lui     $at, 0x4160                ## $at = 41600000
/* 00468 808F1668 44813000 */  mtc1    $at, $f6                   ## $f6 = 14.00
/* 0046C 808F166C C484000C */  lwc1    $f4, 0x000C($a0)           ## 0000000C
/* 00470 808F1670 3C0F808F */  lui     $t7, %hi(func_808F169C)    ## $t7 = 808F0000
/* 00474 808F1674 240EC000 */  addiu   $t6, $zero, 0xC000         ## $t6 = FFFFC000
/* 00478 808F1678 46062200 */  add.s   $f8, $f4, $f6              
/* 0047C 808F167C 25EF169C */  addiu   $t7, $t7, %lo(func_808F169C) ## $t7 = 808F169C
/* 00480 808F1680 A48E00BC */  sh      $t6, 0x00BC($a0)           ## 000000BC
/* 00484 808F1684 AC8F0188 */  sw      $t7, 0x0188($a0)           ## 00000188
/* 00488 808F1688 E4880028 */  swc1    $f8, 0x0028($a0)           ## 00000028
/* 0048C 808F168C 8FBF0014 */  lw      $ra, 0x0014($sp)           
/* 00490 808F1690 27BD0018 */  addiu   $sp, $sp, 0x0018           ## $sp = 00000000
/* 00494 808F1694 03E00008 */  jr      $ra                        
/* 00498 808F1698 00000000 */  nop


glabel func_808F169C
/* 0049C 808F169C 27BDFFE8 */  addiu   $sp, $sp, 0xFFE8           ## $sp = FFFFFFE8
/* 004A0 808F16A0 AFBF0014 */  sw      $ra, 0x0014($sp)           
/* 004A4 808F16A4 AFA5001C */  sw      $a1, 0x001C($sp)           
/* 004A8 808F16A8 3C014348 */  lui     $at, 0x4348                ## $at = 43480000
/* 004AC 808F16AC 44813000 */  mtc1    $at, $f6                   ## $f6 = 200.00
/* 004B0 808F16B0 C4840098 */  lwc1    $f4, 0x0098($a0)           ## 00000098
/* 004B4 808F16B4 4606203C */  c.lt.s  $f4, $f6                   
/* 004B8 808F16B8 00000000 */  nop
/* 004BC 808F16BC 4502000C */  bc1fl   .L808F16F0                 
/* 004C0 808F16C0 8FBF0014 */  lw      $ra, 0x0014($sp)           
/* 004C4 808F16C4 C480009C */  lwc1    $f0, 0x009C($a0)           ## 0000009C
/* 004C8 808F16C8 3C0141F0 */  lui     $at, 0x41F0                ## $at = 41F00000
/* 004CC 808F16CC 44814000 */  mtc1    $at, $f8                   ## $f8 = 30.00
/* 004D0 808F16D0 46000005 */  abs.s   $f0, $f0                   
/* 004D4 808F16D4 4608003C */  c.lt.s  $f0, $f8                   
/* 004D8 808F16D8 00000000 */  nop
/* 004DC 808F16DC 45020004 */  bc1fl   .L808F16F0                 
/* 004E0 808F16E0 8FBF0014 */  lw      $ra, 0x0014($sp)           
/* 004E4 808F16E4 0C23C5BF */  jal     func_808F16FC              
/* 004E8 808F16E8 00000000 */  nop
/* 004EC 808F16EC 8FBF0014 */  lw      $ra, 0x0014($sp)           
.L808F16F0:
/* 004F0 808F16F0 27BD0018 */  addiu   $sp, $sp, 0x0018           ## $sp = 00000000
/* 004F4 808F16F4 03E00008 */  jr      $ra                        
/* 004F8 808F16F8 00000000 */  nop


glabel func_808F16FC
/* 004FC 808F16FC 27BDFFD8 */  addiu   $sp, $sp, 0xFFD8           ## $sp = FFFFFFD8
/* 00500 808F1700 AFBF0024 */  sw      $ra, 0x0024($sp)           
/* 00504 808F1704 AFA40028 */  sw      $a0, 0x0028($sp)           
/* 00508 808F1708 3C040600 */  lui     $a0, 0x0600                ## $a0 = 06000000
/* 0050C 808F170C 0C04D1D2 */  jal     func_80134748              
/* 00510 808F1710 248402B8 */  addiu   $a0, $a0, 0x02B8           ## $a0 = 060002B8
/* 00514 808F1714 44822000 */  mtc1    $v0, $f4                   ## $f4 = 0.00
/* 00518 808F1718 3C01C040 */  lui     $at, 0xC040                ## $at = C0400000
/* 0051C 808F171C 44814000 */  mtc1    $at, $f8                   ## $f8 = -3.00
/* 00520 808F1720 468021A0 */  cvt.s.w $f6, $f4                   
/* 00524 808F1724 8FA40028 */  lw      $a0, 0x0028($sp)           
/* 00528 808F1728 3C050600 */  lui     $a1, 0x0600                ## $a1 = 06000000
/* 0052C 808F172C 24A502B8 */  addiu   $a1, $a1, 0x02B8           ## $a1 = 060002B8
/* 00530 808F1730 3C064080 */  lui     $a2, 0x4080                ## $a2 = 40800000
/* 00534 808F1734 24070000 */  addiu   $a3, $zero, 0x0000         ## $a3 = 00000000
/* 00538 808F1738 E7A60010 */  swc1    $f6, 0x0010($sp)           
/* 0053C 808F173C AFA00014 */  sw      $zero, 0x0014($sp)         
/* 00540 808F1740 E7A80018 */  swc1    $f8, 0x0018($sp)           
/* 00544 808F1744 0C04DCFA */  jal     func_801373E8              
/* 00548 808F1748 24840144 */  addiu   $a0, $a0, 0x0144           ## $a0 = 00000144
/* 0054C 808F174C 8FA40028 */  lw      $a0, 0x0028($sp)           
/* 00550 808F1750 0C02E3B2 */  jal     func_800B8EC8              
/* 00554 808F1754 240539E2 */  addiu   $a1, $zero, 0x39E2         ## $a1 = 000039E2
/* 00558 808F1758 8FAF0028 */  lw      $t7, 0x0028($sp)           
/* 0055C 808F175C 3C0E808F */  lui     $t6, %hi(func_808F1778)    ## $t6 = 808F0000
/* 00560 808F1760 25CE1778 */  addiu   $t6, $t6, %lo(func_808F1778) ## $t6 = 808F1778
/* 00564 808F1764 ADEE0188 */  sw      $t6, 0x0188($t7)           ## 00000188
/* 00568 808F1768 8FBF0024 */  lw      $ra, 0x0024($sp)           
/* 0056C 808F176C 27BD0028 */  addiu   $sp, $sp, 0x0028           ## $sp = 00000000
/* 00570 808F1770 03E00008 */  jr      $ra                        
/* 00574 808F1774 00000000 */  nop


glabel func_808F1778
/* 00578 808F1778 27BDFFC8 */  addiu   $sp, $sp, 0xFFC8           ## $sp = FFFFFFC8
/* 0057C 808F177C AFB00030 */  sw      $s0, 0x0030($sp)           
/* 00580 808F1780 00808025 */  or      $s0, $a0, $zero            ## $s0 = 00000000
/* 00584 808F1784 AFBF0034 */  sw      $ra, 0x0034($sp)           
/* 00588 808F1788 AFA5003C */  sw      $a1, 0x003C($sp)           
/* 0058C 808F178C 0C04DB34 */  jal     func_80136CD0              
/* 00590 808F1790 26040144 */  addiu   $a0, $s0, 0x0144           ## $a0 = 00000144
/* 00594 808F1794 3C053C23 */  lui     $a1, 0x3C23                ## $a1 = 3C230000
/* 00598 808F1798 3C063A03 */  lui     $a2, 0x3A03                ## $a2 = 3A030000
/* 0059C 808F179C 34C6126F */  ori     $a2, $a2, 0x126F           ## $a2 = 3A03126F
/* 005A0 808F17A0 34A5D70A */  ori     $a1, $a1, 0xD70A           ## $a1 = 3C23D70A
/* 005A4 808F17A4 0C03FC0F */  jal     func_800FF03C              
/* 005A8 808F17A8 26040058 */  addiu   $a0, $s0, 0x0058           ## $a0 = 00000058
/* 005AC 808F17AC 50400008 */  beql    $v0, $zero, .L808F17D0     
/* 005B0 808F17B0 C6000058 */  lwc1    $f0, 0x0058($s0)           ## 00000058
/* 005B4 808F17B4 860E001C */  lh      $t6, 0x001C($s0)           ## 0000001C
/* 005B8 808F17B8 24010002 */  addiu   $at, $zero, 0x0002         ## $at = 00000002
/* 005BC 808F17BC 55C10004 */  bnel    $t6, $at, .L808F17D0       
/* 005C0 808F17C0 C6000058 */  lwc1    $f0, 0x0058($s0)           ## 00000058
/* 005C4 808F17C4 0C23C61E */  jal     func_808F1878              
/* 005C8 808F17C8 02002025 */  or      $a0, $s0, $zero            ## $a0 = 00000000
/* 005CC 808F17CC C6000058 */  lwc1    $f0, 0x0058($s0)           ## 00000058
.L808F17D0:
/* 005D0 808F17D0 860F001C */  lh      $t7, 0x001C($s0)           ## 0000001C
/* 005D4 808F17D4 24010001 */  addiu   $at, $zero, 0x0001         ## $at = 00000001
/* 005D8 808F17D8 E6000060 */  swc1    $f0, 0x0060($s0)           ## 00000060
/* 005DC 808F17DC 15E1000E */  bne     $t7, $at, .L808F1818       
/* 005E0 808F17E0 E600005C */  swc1    $f0, 0x005C($s0)           ## 0000005C
/* 005E4 808F17E4 3C014270 */  lui     $at, 0x4270                ## $at = 42700000
/* 005E8 808F17E8 44813000 */  mtc1    $at, $f6                   ## $f6 = 60.00
/* 005EC 808F17EC C604000C */  lwc1    $f4, 0x000C($s0)           ## 0000000C
/* 005F0 808F17F0 26040028 */  addiu   $a0, $s0, 0x0028           ## $a0 = 00000028
/* 005F4 808F17F4 3C0640A0 */  lui     $a2, 0x40A0                ## $a2 = 40A00000
/* 005F8 808F17F8 46062200 */  add.s   $f8, $f4, $f6              
/* 005FC 808F17FC 44054000 */  mfc1    $a1, $f8                   
/* 00600 808F1800 0C03FC0F */  jal     func_800FF03C              
/* 00604 808F1804 00000000 */  nop
/* 00608 808F1808 50400004 */  beql    $v0, $zero, .L808F181C     
/* 0060C 808F180C 861800BE */  lh      $t8, 0x00BE($s0)           ## 000000BE
/* 00610 808F1810 0C23C61E */  jal     func_808F1878              
/* 00614 808F1814 02002025 */  or      $a0, $s0, $zero            ## $a0 = 00000000
.L808F1818:
/* 00618 808F1818 861800BE */  lh      $t8, 0x00BE($s0)           ## 000000BE
.L808F181C:
/* 0061C 808F181C 2408000C */  addiu   $t0, $zero, 0x000C         ## $t0 = 0000000C
/* 00620 808F1820 24090005 */  addiu   $t1, $zero, 0x0005         ## $t1 = 00000005
/* 00624 808F1824 27191999 */  addiu   $t9, $t8, 0x1999           ## $t9 = 00001999
/* 00628 808F1828 A61900BE */  sh      $t9, 0x00BE($s0)           ## 000000BE
/* 0062C 808F182C 240A0001 */  addiu   $t2, $zero, 0x0001         ## $t2 = 00000001
/* 00630 808F1830 240BFFFF */  addiu   $t3, $zero, 0xFFFF         ## $t3 = FFFFFFFF
/* 00634 808F1834 240C000A */  addiu   $t4, $zero, 0x000A         ## $t4 = 0000000A
/* 00638 808F1838 AFAC0020 */  sw      $t4, 0x0020($sp)           
/* 0063C 808F183C AFAB001C */  sw      $t3, 0x001C($sp)           
/* 00640 808F1840 AFAA0018 */  sw      $t2, 0x0018($sp)           
/* 00644 808F1844 AFA00024 */  sw      $zero, 0x0024($sp)         
/* 00648 808F1848 AFA90014 */  sw      $t1, 0x0014($sp)           
/* 0064C 808F184C AFA80010 */  sw      $t0, 0x0010($sp)           
/* 00650 808F1850 8FA4003C */  lw      $a0, 0x003C($sp)           
/* 00654 808F1854 26050008 */  addiu   $a1, $s0, 0x0008           ## $a1 = 00000008
/* 00658 808F1858 3C064040 */  lui     $a2, 0x4040                ## $a2 = 40400000
/* 0065C 808F185C 0C02C887 */  jal     func_800B221C              
/* 00660 808F1860 00003825 */  or      $a3, $zero, $zero          ## $a3 = 00000000
/* 00664 808F1864 8FBF0034 */  lw      $ra, 0x0034($sp)           
/* 00668 808F1868 8FB00030 */  lw      $s0, 0x0030($sp)           
/* 0066C 808F186C 27BD0038 */  addiu   $sp, $sp, 0x0038           ## $sp = 00000000
/* 00670 808F1870 03E00008 */  jr      $ra                        
/* 00674 808F1874 00000000 */  nop


glabel func_808F1878
/* 00678 808F1878 27BDFFE8 */  addiu   $sp, $sp, 0xFFE8           ## $sp = FFFFFFE8
/* 0067C 808F187C AFBF0014 */  sw      $ra, 0x0014($sp)           
/* 00680 808F1880 8C8F0188 */  lw      $t7, 0x0188($a0)           ## 00000188
/* 00684 808F1884 3C0E808F */  lui     $t6, %hi(func_808F1A58)    ## $t6 = 808F0000
/* 00688 808F1888 25CE1A58 */  addiu   $t6, $t6, %lo(func_808F1A58) ## $t6 = 808F1A58
/* 0068C 808F188C 11CF0016 */  beq     $t6, $t7, .L808F18E8       
/* 00690 808F1890 3C053C23 */  lui     $a1, 0x3C23                ## $a1 = 3C230000
/* 00694 808F1894 34A5D70A */  ori     $a1, $a1, 0xD70A           ## $a1 = 3C23D70A
/* 00698 808F1898 0C02D9F8 */  jal     func_800B67E0              
/* 0069C 808F189C AFA40018 */  sw      $a0, 0x0018($sp)           
/* 006A0 808F18A0 8FA40018 */  lw      $a0, 0x0018($sp)           
/* 006A4 808F18A4 24180006 */  addiu   $t8, $zero, 0x0006         ## $t8 = 00000006
/* 006A8 808F18A8 2409000F */  addiu   $t1, $zero, 0x000F         ## $t1 = 0000000F
/* 006AC 808F18AC 9099028D */  lbu     $t9, 0x028D($a0)           ## 0000028D
/* 006B0 808F18B0 848A001C */  lh      $t2, 0x001C($a0)           ## 0000001C
/* 006B4 808F18B4 24010001 */  addiu   $at, $zero, 0x0001         ## $at = 00000001
/* 006B8 808F18B8 3328FFFB */  andi    $t0, $t9, 0xFFFB           ## $t0 = 00000000
/* 006BC 808F18BC A0980290 */  sb      $t8, 0x0290($a0)           ## 00000290
/* 006C0 808F18C0 A088028D */  sb      $t0, 0x028D($a0)           ## 0000028D
/* 006C4 808F18C4 15410005 */  bne     $t2, $at, .L808F18DC       
/* 006C8 808F18C8 A48902BC */  sh      $t1, 0x02BC($a0)           ## 000002BC
/* 006CC 808F18CC 24020050 */  addiu   $v0, $zero, 0x0050         ## $v0 = 00000050
/* 006D0 808F18D0 A48202BE */  sh      $v0, 0x02BE($a0)           ## 000002BE
/* 006D4 808F18D4 10000004 */  beq     $zero, $zero, .L808F18E8   
/* 006D8 808F18D8 A4820272 */  sh      $v0, 0x0272($a0)           ## 00000272
.L808F18DC:
/* 006DC 808F18DC 24020023 */  addiu   $v0, $zero, 0x0023         ## $v0 = 00000023
/* 006E0 808F18E0 A48202BE */  sh      $v0, 0x02BE($a0)           ## 000002BE
/* 006E4 808F18E4 A4820272 */  sh      $v0, 0x0272($a0)           ## 00000272
.L808F18E8:
/* 006E8 808F18E8 3C0C808F */  lui     $t4, %hi(func_808F190C)    ## $t4 = 808F0000
/* 006EC 808F18EC 240B0028 */  addiu   $t3, $zero, 0x0028         ## $t3 = 00000028
/* 006F0 808F18F0 258C190C */  addiu   $t4, $t4, %lo(func_808F190C) ## $t4 = 808F190C
/* 006F4 808F18F4 A48B01EE */  sh      $t3, 0x01EE($a0)           ## 000001EE
/* 006F8 808F18F8 AC8C0188 */  sw      $t4, 0x0188($a0)           ## 00000188
/* 006FC 808F18FC 8FBF0014 */  lw      $ra, 0x0014($sp)           
/* 00700 808F1900 27BD0018 */  addiu   $sp, $sp, 0x0018           ## $sp = 00000000
/* 00704 808F1904 03E00008 */  jr      $ra                        
/* 00708 808F1908 00000000 */  nop


glabel func_808F190C
/* 0070C 808F190C 27BDFFD8 */  addiu   $sp, $sp, 0xFFD8           ## $sp = FFFFFFD8
/* 00710 808F1910 AFB00018 */  sw      $s0, 0x0018($sp)           
/* 00714 808F1914 00808025 */  or      $s0, $a0, $zero            ## $s0 = 00000000
/* 00718 808F1918 AFBF001C */  sw      $ra, 0x001C($sp)           
/* 0071C 808F191C AFA5002C */  sw      $a1, 0x002C($sp)           
/* 00720 808F1920 8FAE002C */  lw      $t6, 0x002C($sp)           
/* 00724 808F1924 26040144 */  addiu   $a0, $s0, 0x0144           ## $a0 = 00000144
/* 00728 808F1928 8DCF1CCC */  lw      $t7, 0x1CCC($t6)           ## 00001CCC
/* 0072C 808F192C AFA40020 */  sw      $a0, 0x0020($sp)           
/* 00730 808F1930 0C04DB34 */  jal     func_80136CD0              
/* 00734 808F1934 AFAF0024 */  sw      $t7, 0x0024($sp)           
/* 00738 808F1938 860301EE */  lh      $v1, 0x01EE($s0)           ## 000001EE
/* 0073C 808F193C 24050000 */  addiu   $a1, $zero, 0x0000         ## $a1 = 00000000
/* 00740 808F1940 10600002 */  beq     $v1, $zero, .L808F194C     
/* 00744 808F1944 2478FFFF */  addiu   $t8, $v1, 0xFFFF           ## $t8 = FFFFFFFF
/* 00748 808F1948 A61801EE */  sh      $t8, 0x01EE($s0)           ## 000001EE
.L808F194C:
/* 0074C 808F194C 0C04DE2E */  jal     func_801378B8              
/* 00750 808F1950 8FA40020 */  lw      $a0, 0x0020($sp)           
/* 00754 808F1954 14400004 */  bne     $v0, $zero, .L808F1968     
/* 00758 808F1958 8FA40020 */  lw      $a0, 0x0020($sp)           
/* 0075C 808F195C 0C04DE2E */  jal     func_801378B8              
/* 00760 808F1960 3C054140 */  lui     $a1, 0x4140                ## $a1 = 41400000
/* 00764 808F1964 10400003 */  beq     $v0, $zero, .L808F1974     
.L808F1968:
/* 00768 808F1968 02002025 */  or      $a0, $s0, $zero            ## $a0 = 00000000
/* 0076C 808F196C 0C02E3B2 */  jal     func_800B8EC8              
/* 00770 808F1970 24053860 */  addiu   $a1, $zero, 0x3860         ## $a1 = 00003860
.L808F1974:
/* 00774 808F1974 9219028D */  lbu     $t9, 0x028D($s0)           ## 0000028D
/* 00778 808F1978 8FA50024 */  lw      $a1, 0x0024($sp)           
/* 0077C 808F197C 02002025 */  or      $a0, $s0, $zero            ## $a0 = 00000000
/* 00780 808F1980 33280002 */  andi    $t0, $t9, 0x0002           ## $t0 = 00000000
/* 00784 808F1984 11000012 */  beq     $t0, $zero, .L808F19D0     
/* 00788 808F1988 24A50024 */  addiu   $a1, $a1, 0x0024           ## $a1 = 00000024
/* 0078C 808F198C 0C23C4FF */  jal     func_808F13FC              
/* 00790 808F1990 8FA5002C */  lw      $a1, 0x002C($sp)           
/* 00794 808F1994 8609001C */  lh      $t1, 0x001C($s0)           ## 0000001C
/* 00798 808F1998 24010001 */  addiu   $at, $zero, 0x0001         ## $at = 00000001
/* 0079C 808F199C 15210005 */  bne     $t1, $at, .L808F19B4       
/* 007A0 808F19A0 00000000 */  nop
/* 007A4 808F19A4 0C23C6FE */  jal     func_808F1BF8              
/* 007A8 808F19A8 02002025 */  or      $a0, $s0, $zero            ## $a0 = 00000000
/* 007AC 808F19AC 10000004 */  beq     $zero, $zero, .L808F19C0   
/* 007B0 808F19B0 8FA4002C */  lw      $a0, 0x002C($sp)           
.L808F19B4:
/* 007B4 808F19B4 0C23C7EB */  jal     func_808F1FAC              
/* 007B8 808F19B8 02002025 */  or      $a0, $s0, $zero            ## $a0 = 00000000
/* 007BC 808F19BC 8FA4002C */  lw      $a0, 0x002C($sp)           
.L808F19C0:
/* 007C0 808F19C0 0C02EEA2 */  jal     func_800BBA88              
/* 007C4 808F19C4 02002825 */  or      $a1, $s0, $zero            ## $a1 = 00000000
/* 007C8 808F19C8 10000018 */  beq     $zero, $zero, .L808F1A2C   
/* 007CC 808F19CC 8FBF001C */  lw      $ra, 0x001C($sp)           
.L808F19D0:
/* 007D0 808F19D0 0C03FE4B */  jal     func_800FF92C              
/* 007D4 808F19D4 26040008 */  addiu   $a0, $s0, 0x0008           ## $a0 = 00000008
/* 007D8 808F19D8 3C014370 */  lui     $at, 0x4370                ## $at = 43700000
/* 007DC 808F19DC 44812000 */  mtc1    $at, $f4                   ## $f4 = 240.00
/* 007E0 808F19E0 00000000 */  nop
/* 007E4 808F19E4 4600203C */  c.lt.s  $f4, $f0                   
/* 007E8 808F19E8 00000000 */  nop
/* 007EC 808F19EC 45020006 */  bc1fl   .L808F1A08                 
/* 007F0 808F19F0 860A01EE */  lh      $t2, 0x01EE($s0)           ## 000001EE
/* 007F4 808F19F4 0C23C883 */  jal     func_808F220C              
/* 007F8 808F19F8 02002025 */  or      $a0, $s0, $zero            ## $a0 = 00000000
/* 007FC 808F19FC 1000000B */  beq     $zero, $zero, .L808F1A2C   
/* 00800 808F1A00 8FBF001C */  lw      $ra, 0x001C($sp)           
/* 00804 808F1A04 860A01EE */  lh      $t2, 0x01EE($s0)           ## 000001EE
.L808F1A08:
/* 00808 808F1A08 55400008 */  bnel    $t2, $zero, .L808F1A2C     
/* 0080C 808F1A0C 8FBF001C */  lw      $ra, 0x001C($sp)           
/* 00810 808F1A10 860B001C */  lh      $t3, 0x001C($s0)           ## 0000001C
/* 00814 808F1A14 24010001 */  addiu   $at, $zero, 0x0001         ## $at = 00000001
/* 00818 808F1A18 55610004 */  bnel    $t3, $at, .L808F1A2C       
/* 0081C 808F1A1C 8FBF001C */  lw      $ra, 0x001C($sp)           
/* 00820 808F1A20 0C23C68F */  jal     func_808F1A3C              
/* 00824 808F1A24 02002025 */  or      $a0, $s0, $zero            ## $a0 = 00000000
/* 00828 808F1A28 8FBF001C */  lw      $ra, 0x001C($sp)           
.L808F1A2C:
/* 0082C 808F1A2C 8FB00018 */  lw      $s0, 0x0018($sp)           
/* 00830 808F1A30 27BD0028 */  addiu   $sp, $sp, 0x0028           ## $sp = 00000000
/* 00834 808F1A34 03E00008 */  jr      $ra                        
/* 00838 808F1A38 00000000 */  nop


glabel func_808F1A3C
/* 0083C 808F1A3C 3C0F808F */  lui     $t7, %hi(func_808F1A58)    ## $t7 = 808F0000
/* 00840 808F1A40 240E0028 */  addiu   $t6, $zero, 0x0028         ## $t6 = 00000028
/* 00844 808F1A44 25EF1A58 */  addiu   $t7, $t7, %lo(func_808F1A58) ## $t7 = 808F1A58
/* 00848 808F1A48 A48E01EE */  sh      $t6, 0x01EE($a0)           ## 000001EE
/* 0084C 808F1A4C AC8F0188 */  sw      $t7, 0x0188($a0)           ## 00000188
/* 00850 808F1A50 03E00008 */  jr      $ra                        
/* 00854 808F1A54 00000000 */  nop


glabel func_808F1A58
/* 00858 808F1A58 27BDFFD0 */  addiu   $sp, $sp, 0xFFD0           ## $sp = FFFFFFD0
/* 0085C 808F1A5C AFB00018 */  sw      $s0, 0x0018($sp)           
/* 00860 808F1A60 00808025 */  or      $s0, $a0, $zero            ## $s0 = 00000000
/* 00864 808F1A64 AFBF001C */  sw      $ra, 0x001C($sp)           
/* 00868 808F1A68 AFA50034 */  sw      $a1, 0x0034($sp)           
/* 0086C 808F1A6C 860201EE */  lh      $v0, 0x01EE($s0)           ## 000001EE
/* 00870 808F1A70 26040144 */  addiu   $a0, $s0, 0x0144           ## $a0 = 00000144
/* 00874 808F1A74 10400002 */  beq     $v0, $zero, .L808F1A80     
/* 00878 808F1A78 244EFFFF */  addiu   $t6, $v0, 0xFFFF           ## $t6 = FFFFFFFF
/* 0087C 808F1A7C A60E01EE */  sh      $t6, 0x01EE($s0)           ## 000001EE
.L808F1A80:
/* 00880 808F1A80 0C04DB34 */  jal     func_80136CD0              
/* 00884 808F1A84 AFA40020 */  sw      $a0, 0x0020($sp)           
/* 00888 808F1A88 8FA40020 */  lw      $a0, 0x0020($sp)           
/* 0088C 808F1A8C 0C04DE2E */  jal     func_801378B8              
/* 00890 808F1A90 24050000 */  addiu   $a1, $zero, 0x0000         ## $a1 = 00000000
/* 00894 808F1A94 14400004 */  bne     $v0, $zero, .L808F1AA8     
/* 00898 808F1A98 8FA40020 */  lw      $a0, 0x0020($sp)           
/* 0089C 808F1A9C 0C04DE2E */  jal     func_801378B8              
/* 008A0 808F1AA0 3C054140 */  lui     $a1, 0x4140                ## $a1 = 41400000
/* 008A4 808F1AA4 10400003 */  beq     $v0, $zero, .L808F1AB4     
.L808F1AA8:
/* 008A8 808F1AA8 02002025 */  or      $a0, $s0, $zero            ## $a0 = 00000000
/* 008AC 808F1AAC 0C02E3B2 */  jal     func_800B8EC8              
/* 008B0 808F1AB0 24053860 */  addiu   $a1, $zero, 0x3860         ## $a1 = 00003860
.L808F1AB4:
/* 008B4 808F1AB4 860F01EE */  lh      $t7, 0x01EE($s0)           ## 000001EE
/* 008B8 808F1AB8 24050014 */  addiu   $a1, $zero, 0x0014         ## $a1 = 00000014
/* 008BC 808F1ABC 3C18808F */  lui     $t8, %hi(D_808F2DEC)       ## $t8 = 808F0000
/* 008C0 808F1AC0 00AF1023 */  subu    $v0, $a1, $t7              
/* 008C4 808F1AC4 04410003 */  bgez    $v0, .L808F1AD4            
/* 008C8 808F1AC8 340AC000 */  ori     $t2, $zero, 0xC000         ## $t2 = 0000C000
/* 008CC 808F1ACC 10000002 */  beq     $zero, $zero, .L808F1AD8   
/* 008D0 808F1AD0 00022023 */  subu    $a0, $zero, $v0            
.L808F1AD4:
/* 008D4 808F1AD4 00402025 */  or      $a0, $v0, $zero            ## $a0 = 00000000
.L808F1AD8:
/* 008D8 808F1AD8 00A41023 */  subu    $v0, $a1, $a0              
/* 008DC 808F1ADC 2841000B */  slti    $at, $v0, 0x000B           
/* 008E0 808F1AE0 54200003 */  bnel    $at, $zero, .L808F1AF0     
/* 008E4 808F1AE4 00026880 */  sll     $t5, $v0,  2               
/* 008E8 808F1AE8 2402000A */  addiu   $v0, $zero, 0x000A         ## $v0 = 0000000A
/* 008EC 808F1AEC 00026880 */  sll     $t5, $v0,  2               
.L808F1AF0:
/* 008F0 808F1AF0 01A26823 */  subu    $t5, $t5, $v0              
/* 008F4 808F1AF4 87182DEC */  lh      $t8, %lo(D_808F2DEC)($t8)  
/* 008F8 808F1AF8 860C00BE */  lh      $t4, 0x00BE($s0)           ## 000000BE
/* 008FC 808F1AFC 000D6880 */  sll     $t5, $t5,  2               
/* 00900 808F1B00 00024A00 */  sll     $t1, $v0,  8               
/* 00904 808F1B04 01A26823 */  subu    $t5, $t5, $v0              
/* 00908 808F1B08 0002C840 */  sll     $t9, $v0,  1               
/* 0090C 808F1B0C 01495823 */  subu    $t3, $t2, $t1              
/* 00910 808F1B10 000D6980 */  sll     $t5, $t5,  6               
/* 00914 808F1B14 A60B00BC */  sh      $t3, 0x00BC($s0)           ## 000000BC
/* 00918 808F1B18 03194021 */  addu    $t0, $t8, $t9              
/* 0091C 808F1B1C 018D7021 */  addu    $t6, $t4, $t5              
/* 00920 808F1B20 A6080270 */  sh      $t0, 0x0270($s0)           ## 00000270
/* 00924 808F1B24 A60E00BE */  sh      $t6, 0x00BE($s0)           ## 000000BE
/* 00928 808F1B28 0C03FB61 */  jal     func_800FED84              
/* 0092C 808F1B2C 860400BC */  lh      $a0, 0x00BC($s0)           ## 000000BC
/* 00930 808F1B30 3C01C270 */  lui     $at, 0xC270                ## $at = C2700000
/* 00934 808F1B34 44812000 */  mtc1    $at, $f4                   ## $f4 = -60.00
/* 00938 808F1B38 C608000C */  lwc1    $f8, 0x000C($s0)           ## 0000000C
/* 0093C 808F1B3C 860400BC */  lh      $a0, 0x00BC($s0)           ## 000000BC
/* 00940 808F1B40 46040182 */  mul.s   $f6, $f0, $f4              
/* 00944 808F1B44 46083280 */  add.s   $f10, $f6, $f8             
/* 00948 808F1B48 0C03FB51 */  jal     func_800FED44              
/* 0094C 808F1B4C E60A0028 */  swc1    $f10, 0x0028($s0)          ## 00000028
/* 00950 808F1B50 3C014270 */  lui     $at, 0x4270                ## $at = 42700000
/* 00954 808F1B54 44818000 */  mtc1    $at, $f16                  ## $f16 = 60.00
/* 00958 808F1B58 00000000 */  nop
/* 0095C 808F1B5C 46100482 */  mul.s   $f18, $f0, $f16            
/* 00960 808F1B60 E7B20028 */  swc1    $f18, 0x0028($sp)          
/* 00964 808F1B64 0C03FB61 */  jal     func_800FED84              
/* 00968 808F1B68 860400BE */  lh      $a0, 0x00BE($s0)           ## 000000BE
/* 0096C 808F1B6C C7A40028 */  lwc1    $f4, 0x0028($sp)           
/* 00970 808F1B70 C6080008 */  lwc1    $f8, 0x0008($s0)           ## 00000008
/* 00974 808F1B74 860400BE */  lh      $a0, 0x00BE($s0)           ## 000000BE
/* 00978 808F1B78 46040182 */  mul.s   $f6, $f0, $f4              
/* 0097C 808F1B7C 46083280 */  add.s   $f10, $f6, $f8             
/* 00980 808F1B80 0C03FB51 */  jal     func_800FED44              
/* 00984 808F1B84 E60A0024 */  swc1    $f10, 0x0024($s0)          ## 00000024
/* 00988 808F1B88 C7B00028 */  lwc1    $f16, 0x0028($sp)          
/* 0098C 808F1B8C C6040010 */  lwc1    $f4, 0x0010($s0)           ## 00000010
/* 00990 808F1B90 920F028D */  lbu     $t7, 0x028D($s0)           ## 0000028D
/* 00994 808F1B94 46100482 */  mul.s   $f18, $f0, $f16            
/* 00998 808F1B98 02002025 */  or      $a0, $s0, $zero            ## $a0 = 00000000
/* 0099C 808F1B9C 31F80002 */  andi    $t8, $t7, 0x0002           ## $t8 = 00000000
/* 009A0 808F1BA0 46049180 */  add.s   $f6, $f18, $f4             
/* 009A4 808F1BA4 1300000A */  beq     $t8, $zero, .L808F1BD0     
/* 009A8 808F1BA8 E606002C */  swc1    $f6, 0x002C($s0)           ## 0000002C
/* 009AC 808F1BAC 0C23C4FF */  jal     func_808F13FC              
/* 009B0 808F1BB0 8FA50034 */  lw      $a1, 0x0034($sp)           
/* 009B4 808F1BB4 0C23C6FE */  jal     func_808F1BF8              
/* 009B8 808F1BB8 02002025 */  or      $a0, $s0, $zero            ## $a0 = 00000000
/* 009BC 808F1BBC 8FA40034 */  lw      $a0, 0x0034($sp)           
/* 009C0 808F1BC0 0C02EEA2 */  jal     func_800BBA88              
/* 009C4 808F1BC4 02002825 */  or      $a1, $s0, $zero            ## $a1 = 00000000
/* 009C8 808F1BC8 10000007 */  beq     $zero, $zero, .L808F1BE8   
/* 009CC 808F1BCC 8FBF001C */  lw      $ra, 0x001C($sp)           
.L808F1BD0:
/* 009D0 808F1BD0 861901EE */  lh      $t9, 0x01EE($s0)           ## 000001EE
/* 009D4 808F1BD4 57200004 */  bnel    $t9, $zero, .L808F1BE8     
/* 009D8 808F1BD8 8FBF001C */  lw      $ra, 0x001C($sp)           
/* 009DC 808F1BDC 0C23C61E */  jal     func_808F1878              
/* 009E0 808F1BE0 02002025 */  or      $a0, $s0, $zero            ## $a0 = 00000000
/* 009E4 808F1BE4 8FBF001C */  lw      $ra, 0x001C($sp)           
.L808F1BE8:
/* 009E8 808F1BE8 8FB00018 */  lw      $s0, 0x0018($sp)           
/* 009EC 808F1BEC 27BD0030 */  addiu   $sp, $sp, 0x0030           ## $sp = 00000000
/* 009F0 808F1BF0 03E00008 */  jr      $ra                        
/* 009F4 808F1BF4 00000000 */  nop


glabel func_808F1BF8
/* 009F8 808F1BF8 27BDFFE8 */  addiu   $sp, $sp, 0xFFE8           ## $sp = FFFFFFE8
/* 009FC 808F1BFC AFBF0014 */  sw      $ra, 0x0014($sp)           
/* 00A00 808F1C00 908E01EC */  lbu     $t6, 0x01EC($a0)           ## 000001EC
/* 00A04 808F1C04 2401000A */  addiu   $at, $zero, 0x000A         ## $at = 0000000A
/* 00A08 808F1C08 24190003 */  addiu   $t9, $zero, 0x0003         ## $t9 = 00000003
/* 00A0C 808F1C0C 11C10010 */  beq     $t6, $at, .L808F1C50       
/* 00A10 808F1C10 24053862 */  addiu   $a1, $zero, 0x3862         ## $a1 = 00003862
/* 00A14 808F1C14 A48001EE */  sh      $zero, 0x01EE($a0)         ## 000001EE
/* 00A18 808F1C18 3C01808F */  lui     $at, %hi(D_808F2E50)       ## $at = 808F0000
/* 00A1C 808F1C1C C4242E50 */  lwc1    $f4, %lo(D_808F2E50)($at)  
/* 00A20 808F1C20 848F00BE */  lh      $t7, 0x00BE($a0)           ## 000000BE
/* 00A24 808F1C24 3C014080 */  lui     $at, 0x4080                ## $at = 40800000
/* 00A28 808F1C28 44813000 */  mtc1    $at, $f6                   ## $f6 = 4.00
/* 00A2C 808F1C2C 34018000 */  ori     $at, $zero, 0x8000         ## $at = 00008000
/* 00A30 808F1C30 01E1C021 */  addu    $t8, $t7, $at              
/* 00A34 808F1C34 3C014040 */  lui     $at, 0x4040                ## $at = 40400000
/* 00A38 808F1C38 44814000 */  mtc1    $at, $f8                   ## $f8 = 3.00
/* 00A3C 808F1C3C A4980032 */  sh      $t8, 0x0032($a0)           ## 00000032
/* 00A40 808F1C40 E4840074 */  swc1    $f4, 0x0074($a0)           ## 00000074
/* 00A44 808F1C44 E4860068 */  swc1    $f6, 0x0068($a0)           ## 00000068
/* 00A48 808F1C48 10000002 */  beq     $zero, $zero, .L808F1C54   
/* 00A4C 808F1C4C E4880070 */  swc1    $f8, 0x0070($a0)           ## 00000070
.L808F1C50:
/* 00A50 808F1C50 A49901EE */  sh      $t9, 0x01EE($a0)           ## 000001EE
.L808F1C54:
/* 00A54 808F1C54 0C02E3B2 */  jal     func_800B8EC8              
/* 00A58 808F1C58 AFA40018 */  sw      $a0, 0x0018($sp)           
/* 00A5C 808F1C5C 8FA40018 */  lw      $a0, 0x0018($sp)           
/* 00A60 808F1C60 3C0A808F */  lui     $t2, %hi(func_808F1C84)    ## $t2 = 808F0000
/* 00A64 808F1C64 254A1C84 */  addiu   $t2, $t2, %lo(func_808F1C84) ## $t2 = 808F1C84
/* 00A68 808F1C68 8C880004 */  lw      $t0, 0x0004($a0)           ## 00000004
/* 00A6C 808F1C6C AC8A0188 */  sw      $t2, 0x0188($a0)           ## 00000188
/* 00A70 808F1C70 35090030 */  ori     $t1, $t0, 0x0030           ## $t1 = 00000030
/* 00A74 808F1C74 AC890004 */  sw      $t1, 0x0004($a0)           ## 00000004
/* 00A78 808F1C78 8FBF0014 */  lw      $ra, 0x0014($sp)           
/* 00A7C 808F1C7C 03E00008 */  jr      $ra                        
/* 00A80 808F1C80 27BD0018 */  addiu   $sp, $sp, 0x0018           ## $sp = 00000000


glabel func_808F1C84
/* 00A84 808F1C84 27BDFF78 */  addiu   $sp, $sp, 0xFF78           ## $sp = FFFFFF78
/* 00A88 808F1C88 AFB50058 */  sw      $s5, 0x0058($sp)           
/* 00A8C 808F1C8C AFB30050 */  sw      $s3, 0x0050($sp)           
/* 00A90 808F1C90 00809825 */  or      $s3, $a0, $zero            ## $s3 = 00000000
/* 00A94 808F1C94 00A0A825 */  or      $s5, $a1, $zero            ## $s5 = 00000000
/* 00A98 808F1C98 AFBF005C */  sw      $ra, 0x005C($sp)           
/* 00A9C 808F1C9C AFB40054 */  sw      $s4, 0x0054($sp)           
/* 00AA0 808F1CA0 AFB2004C */  sw      $s2, 0x004C($sp)           
/* 00AA4 808F1CA4 AFB10048 */  sw      $s1, 0x0048($sp)           
/* 00AA8 808F1CA8 AFB00044 */  sw      $s0, 0x0044($sp)           
/* 00AAC 808F1CAC F7B80038 */  sdc1    $f24, 0x0038($sp)          
/* 00AB0 808F1CB0 F7B60030 */  sdc1    $f22, 0x0030($sp)          
/* 00AB4 808F1CB4 F7B40028 */  sdc1    $f20, 0x0028($sp)          
/* 00AB8 808F1CB8 926E01EC */  lbu     $t6, 0x01EC($s3)           ## 000001EC
/* 00ABC 808F1CBC 2401000A */  addiu   $at, $zero, 0x000A         ## $at = 0000000A
/* 00AC0 808F1CC0 55C1001A */  bnel    $t6, $at, .L808F1D2C       
/* 00AC4 808F1CC4 4480A000 */  mtc1    $zero, $f20                ## $f20 = 0.00
/* 00AC8 808F1CC8 866F01EE */  lh      $t7, 0x01EE($s3)           ## 000001EE
/* 00ACC 808F1CCC 3C014040 */  lui     $at, 0x4040                ## $at = 40400000
/* 00AD0 808F1CD0 02602025 */  or      $a0, $s3, $zero            ## $a0 = 00000000
/* 00AD4 808F1CD4 25F8FFFF */  addiu   $t8, $t7, 0xFFFF           ## $t8 = FFFFFFFF
/* 00AD8 808F1CD8 A67801EE */  sh      $t8, 0x01EE($s3)           ## 000001EE
/* 00ADC 808F1CDC 867901EE */  lh      $t9, 0x01EE($s3)           ## 000001EE
/* 00AE0 808F1CE0 02A02825 */  or      $a1, $s5, $zero            ## $a1 = 00000000
/* 00AE4 808F1CE4 572000A6 */  bnel    $t9, $zero, .L808F1F80     
/* 00AE8 808F1CE8 8FBF005C */  lw      $ra, 0x005C($sp)           
/* 00AEC 808F1CEC 4481B000 */  mtc1    $at, $f22                  ## $f22 = 3.00
/* 00AF0 808F1CF0 3C01808F */  lui     $at, %hi(D_808F2E54)       ## $at = 808F0000
/* 00AF4 808F1CF4 C4242E54 */  lwc1    $f4, %lo(D_808F2E54)($at)  
/* 00AF8 808F1CF8 866800BE */  lh      $t0, 0x00BE($s3)           ## 000000BE
/* 00AFC 808F1CFC 3C014080 */  lui     $at, 0x4080                ## $at = 40800000
/* 00B00 808F1D00 44813000 */  mtc1    $at, $f6                   ## $f6 = 4.00
/* 00B04 808F1D04 34018000 */  ori     $at, $zero, 0x8000         ## $at = 00008000
/* 00B08 808F1D08 01014821 */  addu    $t1, $t0, $at              
/* 00B0C 808F1D0C A6690032 */  sh      $t1, 0x0032($s3)           ## 00000032
/* 00B10 808F1D10 E6760070 */  swc1    $f22, 0x0070($s3)          ## 00000070
/* 00B14 808F1D14 E6640074 */  swc1    $f4, 0x0074($s3)           ## 00000074
/* 00B18 808F1D18 0C23C4DD */  jal     func_808F1374              
/* 00B1C 808F1D1C E6660068 */  swc1    $f6, 0x0068($s3)           ## 00000068
/* 00B20 808F1D20 10000097 */  beq     $zero, $zero, .L808F1F80   
/* 00B24 808F1D24 8FBF005C */  lw      $ra, 0x005C($sp)           
/* 00B28 808F1D28 4480A000 */  mtc1    $zero, $f20                ## $f20 = 0.00
.L808F1D2C:
/* 00B2C 808F1D2C 3C063DCC */  lui     $a2, 0x3DCC                ## $a2 = 3DCC0000
/* 00B30 808F1D30 34C6CCCD */  ori     $a2, $a2, 0xCCCD           ## $a2 = 3DCCCCCD
/* 00B34 808F1D34 4405A000 */  mfc1    $a1, $f20                  
/* 00B38 808F1D38 0C03FC0F */  jal     func_800FF03C              
/* 00B3C 808F1D3C 26640070 */  addiu   $a0, $s3, 0x0070           ## $a0 = 00000070
/* 00B40 808F1D40 866201EE */  lh      $v0, 0x01EE($s3)           ## 000001EE
/* 00B44 808F1D44 266400BC */  addiu   $a0, $s3, 0x00BC           ## $a0 = 000000BC
/* 00B48 808F1D48 24054800 */  addiu   $a1, $zero, 0x4800         ## $a1 = 00004800
/* 00B4C 808F1D4C 14400045 */  bne     $v0, $zero, .L808F1E64     
/* 00B50 808F1D50 24010001 */  addiu   $at, $zero, 0x0001         ## $at = 00000001
/* 00B54 808F1D54 0C03FB9C */  jal     func_800FEE70              
/* 00B58 808F1D58 2406071C */  addiu   $a2, $zero, 0x071C         ## $a2 = 0000071C
/* 00B5C 808F1D5C 3C014040 */  lui     $at, 0x4040                ## $at = 40400000
/* 00B60 808F1D60 4481B000 */  mtc1    $at, $f22                  ## $f22 = 3.00
/* 00B64 808F1D64 26700024 */  addiu   $s0, $s3, 0x0024           ## $s0 = 00000024
/* 00B68 808F1D68 240A000C */  addiu   $t2, $zero, 0x000C         ## $t2 = 0000000C
/* 00B6C 808F1D6C 240B0005 */  addiu   $t3, $zero, 0x0005         ## $t3 = 00000005
/* 00B70 808F1D70 240C0001 */  addiu   $t4, $zero, 0x0001         ## $t4 = 00000001
/* 00B74 808F1D74 240DFFFF */  addiu   $t5, $zero, 0xFFFF         ## $t5 = FFFFFFFF
/* 00B78 808F1D78 240E000A */  addiu   $t6, $zero, 0x000A         ## $t6 = 0000000A
/* 00B7C 808F1D7C 4406B000 */  mfc1    $a2, $f22                  
/* 00B80 808F1D80 AFAE0020 */  sw      $t6, 0x0020($sp)           
/* 00B84 808F1D84 AFAD001C */  sw      $t5, 0x001C($sp)           
/* 00B88 808F1D88 AFAC0018 */  sw      $t4, 0x0018($sp)           
/* 00B8C 808F1D8C AFAB0014 */  sw      $t3, 0x0014($sp)           
/* 00B90 808F1D90 AFAA0010 */  sw      $t2, 0x0010($sp)           
/* 00B94 808F1D94 02002825 */  or      $a1, $s0, $zero            ## $a1 = 00000024
/* 00B98 808F1D98 02A02025 */  or      $a0, $s5, $zero            ## $a0 = 00000000
/* 00B9C 808F1D9C 00003825 */  or      $a3, $zero, $zero          ## $a3 = 00000000
/* 00BA0 808F1DA0 0C02C887 */  jal     func_800B221C              
/* 00BA4 808F1DA4 AFA00024 */  sw      $zero, 0x0024($sp)         
/* 00BA8 808F1DA8 3C01808F */  lui     $at, %hi(D_808F2E58)       ## $at = 808F0000
/* 00BAC 808F1DAC C4282E58 */  lwc1    $f8, %lo(D_808F2E58)($at)  
/* 00BB0 808F1DB0 C66A0058 */  lwc1    $f10, 0x0058($s3)          ## 00000058
/* 00BB4 808F1DB4 460A403C */  c.lt.s  $f8, $f10                  
/* 00BB8 808F1DB8 00000000 */  nop
/* 00BBC 808F1DBC 45020020 */  bc1fl   .L808F1E40                 
/* 00BC0 808F1DC0 966E0090 */  lhu     $t6, 0x0090($s3)           ## 00000090
/* 00BC4 808F1DC4 96620090 */  lhu     $v0, 0x0090($s3)           ## 00000090
/* 00BC8 808F1DC8 2401FFFA */  addiu   $at, $zero, 0xFFFA         ## $at = FFFFFFFA
/* 00BCC 808F1DCC 02A02025 */  or      $a0, $s5, $zero            ## $a0 = 00000000
/* 00BD0 808F1DD0 304F0002 */  andi    $t7, $v0, 0x0002           ## $t7 = 00000000
/* 00BD4 808F1DD4 15E00003 */  bne     $t7, $zero, .L808F1DE4     
/* 00BD8 808F1DD8 30580008 */  andi    $t8, $v0, 0x0008           ## $t8 = 00000000
/* 00BDC 808F1DDC 53000018 */  beql    $t8, $zero, .L808F1E40     
/* 00BE0 808F1DE0 966E0090 */  lhu     $t6, 0x0090($s3)           ## 00000090
.L808F1DE4:
/* 00BE4 808F1DE4 8E790004 */  lw      $t9, 0x0004($s3)           ## 00000004
/* 00BE8 808F1DE8 E6740060 */  swc1    $f20, 0x0060($s3)          ## 00000060
/* 00BEC 808F1DEC E674005C */  swc1    $f20, 0x005C($s3)          ## 0000005C
/* 00BF0 808F1DF0 03214024 */  and     $t0, $t9, $at              
/* 00BF4 808F1DF4 E6740058 */  swc1    $f20, 0x0058($s3)          ## 00000058
/* 00BF8 808F1DF8 E6740070 */  swc1    $f20, 0x0070($s3)          ## 00000070
/* 00BFC 808F1DFC AE680004 */  sw      $t0, 0x0004($s3)           ## 00000004
/* 00C00 808F1E00 4406B000 */  mfc1    $a2, $f22                  
/* 00C04 808F1E04 2409000C */  addiu   $t1, $zero, 0x000C         ## $t1 = 0000000C
/* 00C08 808F1E08 240A0005 */  addiu   $t2, $zero, 0x0005         ## $t2 = 00000005
/* 00C0C 808F1E0C 240B000F */  addiu   $t3, $zero, 0x000F         ## $t3 = 0000000F
/* 00C10 808F1E10 240CFFFF */  addiu   $t4, $zero, 0xFFFF         ## $t4 = FFFFFFFF
/* 00C14 808F1E14 240D000A */  addiu   $t5, $zero, 0x000A         ## $t5 = 0000000A
/* 00C18 808F1E18 AFAD0020 */  sw      $t5, 0x0020($sp)           
/* 00C1C 808F1E1C AFAC001C */  sw      $t4, 0x001C($sp)           
/* 00C20 808F1E20 AFAB0018 */  sw      $t3, 0x0018($sp)           
/* 00C24 808F1E24 AFAA0014 */  sw      $t2, 0x0014($sp)           
/* 00C28 808F1E28 AFA90010 */  sw      $t1, 0x0010($sp)           
/* 00C2C 808F1E2C AFA00024 */  sw      $zero, 0x0024($sp)         
/* 00C30 808F1E30 02002825 */  or      $a1, $s0, $zero            ## $a1 = 00000024
/* 00C34 808F1E34 0C02C887 */  jal     func_800B221C              
/* 00C38 808F1E38 00003825 */  or      $a3, $zero, $zero          ## $a3 = 00000000
/* 00C3C 808F1E3C 966E0090 */  lhu     $t6, 0x0090($s3)           ## 00000090
.L808F1E40:
/* 00C40 808F1E40 02602025 */  or      $a0, $s3, $zero            ## $a0 = 00000000
/* 00C44 808F1E44 31CF0002 */  andi    $t7, $t6, 0x0002           ## $t7 = 00000000
/* 00C48 808F1E48 51E0004D */  beql    $t7, $zero, .L808F1F80     
/* 00C4C 808F1E4C 8FBF005C */  lw      $ra, 0x005C($sp)           
/* 00C50 808F1E50 0C02E3B2 */  jal     func_800B8EC8              
/* 00C54 808F1E54 2405387B */  addiu   $a1, $zero, 0x387B         ## $a1 = 0000387B
/* 00C58 808F1E58 24180001 */  addiu   $t8, $zero, 0x0001         ## $t8 = 00000001
/* 00C5C 808F1E5C 10000047 */  beq     $zero, $zero, .L808F1F7C   
/* 00C60 808F1E60 A67801EE */  sh      $t8, 0x01EE($s3)           ## 000001EE
.L808F1E64:
/* 00C64 808F1E64 14410045 */  bne     $v0, $at, .L808F1F7C       
/* 00C68 808F1E68 27B40078 */  addiu   $s4, $sp, 0x0078           ## $s4 = FFFFFFF0
/* 00C6C 808F1E6C 02802025 */  or      $a0, $s4, $zero            ## $a0 = FFFFFFF0
/* 00C70 808F1E70 0C03FD43 */  jal     func_800FF50C              
/* 00C74 808F1E74 26650024 */  addiu   $a1, $s3, 0x0024           ## $a1 = 00000024
/* 00C78 808F1E78 0C03FB61 */  jal     func_800FED84              
/* 00C7C 808F1E7C 866400BC */  lh      $a0, 0x00BC($s3)           ## 000000BC
/* 00C80 808F1E80 3C0141A0 */  lui     $at, 0x41A0                ## $at = 41A00000
/* 00C84 808F1E84 44818000 */  mtc1    $at, $f16                  ## $f16 = 20.00
/* 00C88 808F1E88 866400BC */  lh      $a0, 0x00BC($s3)           ## 000000BC
/* 00C8C 808F1E8C 46100602 */  mul.s   $f24, $f0, $f16            
/* 00C90 808F1E90 0C03FB51 */  jal     func_800FED44              
/* 00C94 808F1E94 00000000 */  nop
/* 00C98 808F1E98 E7A00068 */  swc1    $f0, 0x0068($sp)           
/* 00C9C 808F1E9C 0C03FB61 */  jal     func_800FED84              
/* 00CA0 808F1EA0 866400BE */  lh      $a0, 0x00BE($s3)           ## 000000BE
/* 00CA4 808F1EA4 3C01C1A0 */  lui     $at, 0xC1A0                ## $at = C1A00000
/* 00CA8 808F1EA8 44819000 */  mtc1    $at, $f18                  ## $f18 = -20.00
/* 00CAC 808F1EAC C7A40068 */  lwc1    $f4, 0x0068($sp)           
/* 00CB0 808F1EB0 866400BC */  lh      $a0, 0x00BC($s3)           ## 000000BC
/* 00CB4 808F1EB4 46049182 */  mul.s   $f6, $f18, $f4             
/* 00CB8 808F1EB8 00000000 */  nop
/* 00CBC 808F1EBC 46060502 */  mul.s   $f20, $f0, $f6             
/* 00CC0 808F1EC0 0C03FB51 */  jal     func_800FED44              
/* 00CC4 808F1EC4 00000000 */  nop
/* 00CC8 808F1EC8 E7A00068 */  swc1    $f0, 0x0068($sp)           
/* 00CCC 808F1ECC 0C03FB51 */  jal     func_800FED44              
/* 00CD0 808F1ED0 866400BE */  lh      $a0, 0x00BE($s3)           ## 000000BE
/* 00CD4 808F1ED4 3C01C1A0 */  lui     $at, 0xC1A0                ## $at = C1A00000
/* 00CD8 808F1ED8 44814000 */  mtc1    $at, $f8                   ## $f8 = -20.00
/* 00CDC 808F1EDC C7AA0068 */  lwc1    $f10, 0x0068($sp)          
/* 00CE0 808F1EE0 3C11801D */  lui     $s1, 0x801D                ## $s1 = 801D0000
/* 00CE4 808F1EE4 263115B0 */  addiu   $s1, $s1, 0x15B0           ## $s1 = 801D15B0
/* 00CE8 808F1EE8 460A4402 */  mul.s   $f16, $f8, $f10            
/* 00CEC 808F1EEC 00008025 */  or      $s0, $zero, $zero          ## $s0 = 00000000
/* 00CF0 808F1EF0 24120004 */  addiu   $s2, $zero, 0x0004         ## $s2 = 00000004
/* 00CF4 808F1EF4 46100582 */  mul.s   $f22, $f0, $f16            
/* 00CF8 808F1EF8 00000000 */  nop
.L808F1EFC:
/* 00CFC 808F1EFC 241901F4 */  addiu   $t9, $zero, 0x01F4         ## $t9 = 000001F4
/* 00D00 808F1F00 24080032 */  addiu   $t0, $zero, 0x0032         ## $t0 = 00000032
/* 00D04 808F1F04 AFA80014 */  sw      $t0, 0x0014($sp)           
/* 00D08 808F1F08 AFB90010 */  sw      $t9, 0x0010($sp)           
/* 00D0C 808F1F0C 02A02025 */  or      $a0, $s5, $zero            ## $a0 = 00000000
/* 00D10 808F1F10 02802825 */  or      $a1, $s4, $zero            ## $a1 = FFFFFFF0
/* 00D14 808F1F14 02203025 */  or      $a2, $s1, $zero            ## $a2 = 801D15B0
/* 00D18 808F1F18 0C02C484 */  jal     func_800B1210              
/* 00D1C 808F1F1C 02203825 */  or      $a3, $s1, $zero            ## $a3 = 801D15B0
/* 00D20 808F1F20 C7B20078 */  lwc1    $f18, 0x0078($sp)          
/* 00D24 808F1F24 C7A6007C */  lwc1    $f6, 0x007C($sp)           
/* 00D28 808F1F28 C7AA0080 */  lwc1    $f10, 0x0080($sp)          
/* 00D2C 808F1F2C 46149100 */  add.s   $f4, $f18, $f20            
/* 00D30 808F1F30 26100001 */  addiu   $s0, $s0, 0x0001           ## $s0 = 00000001
/* 00D34 808F1F34 46183200 */  add.s   $f8, $f6, $f24             
/* 00D38 808F1F38 E7A40078 */  swc1    $f4, 0x0078($sp)           
/* 00D3C 808F1F3C 46165400 */  add.s   $f16, $f10, $f22           
/* 00D40 808F1F40 E7A8007C */  swc1    $f8, 0x007C($sp)           
/* 00D44 808F1F44 1612FFED */  bne     $s0, $s2, .L808F1EFC       
/* 00D48 808F1F48 E7B00080 */  swc1    $f16, 0x0080($sp)          
/* 00D4C 808F1F4C 240901F4 */  addiu   $t1, $zero, 0x01F4         ## $t1 = 000001F4
/* 00D50 808F1F50 240A0064 */  addiu   $t2, $zero, 0x0064         ## $t2 = 00000064
/* 00D54 808F1F54 AFAA0014 */  sw      $t2, 0x0014($sp)           
/* 00D58 808F1F58 AFA90010 */  sw      $t1, 0x0010($sp)           
/* 00D5C 808F1F5C 02A02025 */  or      $a0, $s5, $zero            ## $a0 = 00000000
/* 00D60 808F1F60 26650008 */  addiu   $a1, $s3, 0x0008           ## $a1 = 00000008
/* 00D64 808F1F64 02203025 */  or      $a2, $s1, $zero            ## $a2 = 801D15B0
/* 00D68 808F1F68 0C02C484 */  jal     func_800B1210              
/* 00D6C 808F1F6C 02203825 */  or      $a3, $s1, $zero            ## $a3 = 801D15B0
/* 00D70 808F1F70 02602025 */  or      $a0, $s3, $zero            ## $a0 = 00000000
/* 00D74 808F1F74 0C23C83F */  jal     func_808F20FC              
/* 00D78 808F1F78 02A02825 */  or      $a1, $s5, $zero            ## $a1 = 00000000
.L808F1F7C:
/* 00D7C 808F1F7C 8FBF005C */  lw      $ra, 0x005C($sp)           
.L808F1F80:
/* 00D80 808F1F80 D7B40028 */  ldc1    $f20, 0x0028($sp)          
/* 00D84 808F1F84 D7B60030 */  ldc1    $f22, 0x0030($sp)          
/* 00D88 808F1F88 D7B80038 */  ldc1    $f24, 0x0038($sp)          
/* 00D8C 808F1F8C 8FB00044 */  lw      $s0, 0x0044($sp)           
/* 00D90 808F1F90 8FB10048 */  lw      $s1, 0x0048($sp)           
/* 00D94 808F1F94 8FB2004C */  lw      $s2, 0x004C($sp)           
/* 00D98 808F1F98 8FB30050 */  lw      $s3, 0x0050($sp)           
/* 00D9C 808F1F9C 8FB40054 */  lw      $s4, 0x0054($sp)           
/* 00DA0 808F1FA0 8FB50058 */  lw      $s5, 0x0058($sp)           
/* 00DA4 808F1FA4 03E00008 */  jr      $ra                        
/* 00DA8 808F1FA8 27BD0088 */  addiu   $sp, $sp, 0x0088           ## $sp = 00000000


glabel func_808F1FAC
/* 00DAC 808F1FAC 27BDFFE8 */  addiu   $sp, $sp, 0xFFE8           ## $sp = FFFFFFE8
/* 00DB0 808F1FB0 AFBF0014 */  sw      $ra, 0x0014($sp)           
/* 00DB4 808F1FB4 24053862 */  addiu   $a1, $zero, 0x3862         ## $a1 = 00003862
/* 00DB8 808F1FB8 0C02E3B2 */  jal     func_800B8EC8              
/* 00DBC 808F1FBC AFA40018 */  sw      $a0, 0x0018($sp)           
/* 00DC0 808F1FC0 8FA40018 */  lw      $a0, 0x0018($sp)           
/* 00DC4 808F1FC4 2401FFFE */  addiu   $at, $zero, 0xFFFE         ## $at = FFFFFFFE
/* 00DC8 808F1FC8 3C0A808F */  lui     $t2, %hi(func_808F200C)    ## $t2 = 808F0000
/* 00DCC 808F1FCC 8C8E0004 */  lw      $t6, 0x0004($a0)           ## 00000004
/* 00DD0 808F1FD0 908801EC */  lbu     $t0, 0x01EC($a0)           ## 000001EC
/* 00DD4 808F1FD4 254A200C */  addiu   $t2, $t2, %lo(func_808F200C) ## $t2 = 808F200C
/* 00DD8 808F1FD8 35CF0030 */  ori     $t7, $t6, 0x0030           ## $t7 = 00000030
/* 00DDC 808F1FDC 01E1C824 */  and     $t9, $t7, $at              
/* 00DE0 808F1FE0 2401000A */  addiu   $at, $zero, 0x000A         ## $at = 0000000A
/* 00DE4 808F1FE4 AC8F0004 */  sw      $t7, 0x0004($a0)           ## 00000004
/* 00DE8 808F1FE8 15010003 */  bne     $t0, $at, .L808F1FF8       
/* 00DEC 808F1FEC AC990004 */  sw      $t9, 0x0004($a0)           ## 00000004
/* 00DF0 808F1FF0 24090003 */  addiu   $t1, $zero, 0x0003         ## $t1 = 00000003
/* 00DF4 808F1FF4 A48901EE */  sh      $t1, 0x01EE($a0)           ## 000001EE
.L808F1FF8:
/* 00DF8 808F1FF8 AC8A0188 */  sw      $t2, 0x0188($a0)           ## 00000188
/* 00DFC 808F1FFC 8FBF0014 */  lw      $ra, 0x0014($sp)           
/* 00E00 808F2000 27BD0018 */  addiu   $sp, $sp, 0x0018           ## $sp = 00000000
/* 00E04 808F2004 03E00008 */  jr      $ra                        
/* 00E08 808F2008 00000000 */  nop


glabel func_808F200C
/* 00E0C 808F200C 27BDFFC8 */  addiu   $sp, $sp, 0xFFC8           ## $sp = FFFFFFC8
/* 00E10 808F2010 AFB00030 */  sw      $s0, 0x0030($sp)           
/* 00E14 808F2014 00808025 */  or      $s0, $a0, $zero            ## $s0 = 00000000
/* 00E18 808F2018 AFBF0034 */  sw      $ra, 0x0034($sp)           
/* 00E1C 808F201C AFA5003C */  sw      $a1, 0x003C($sp)           
/* 00E20 808F2020 920E01EC */  lbu     $t6, 0x01EC($s0)           ## 000001EC
/* 00E24 808F2024 2401000A */  addiu   $at, $zero, 0x000A         ## $at = 0000000A
/* 00E28 808F2028 26040058 */  addiu   $a0, $s0, 0x0058           ## $a0 = 00000058
/* 00E2C 808F202C 15C1000C */  bne     $t6, $at, .L808F2060       
/* 00E30 808F2030 24050000 */  addiu   $a1, $zero, 0x0000         ## $a1 = 00000000
/* 00E34 808F2034 860F01EE */  lh      $t7, 0x01EE($s0)           ## 000001EE
/* 00E38 808F2038 02002025 */  or      $a0, $s0, $zero            ## $a0 = 00000000
/* 00E3C 808F203C 25F8FFFF */  addiu   $t8, $t7, 0xFFFF           ## $t8 = FFFFFFFF
/* 00E40 808F2040 A61801EE */  sh      $t8, 0x01EE($s0)           ## 000001EE
/* 00E44 808F2044 861901EE */  lh      $t9, 0x01EE($s0)           ## 000001EE
/* 00E48 808F2048 57200028 */  bnel    $t9, $zero, .L808F20EC     
/* 00E4C 808F204C 8FBF0034 */  lw      $ra, 0x0034($sp)           
/* 00E50 808F2050 0C23C4DD */  jal     func_808F1374              
/* 00E54 808F2054 8FA5003C */  lw      $a1, 0x003C($sp)           
/* 00E58 808F2058 10000024 */  beq     $zero, $zero, .L808F20EC   
/* 00E5C 808F205C 8FBF0034 */  lw      $ra, 0x0034($sp)           
.L808F2060:
/* 00E60 808F2060 3C063A03 */  lui     $a2, 0x3A03                ## $a2 = 3A030000
/* 00E64 808F2064 0C03FC0F */  jal     func_800FF03C              
/* 00E68 808F2068 34C6126F */  ori     $a2, $a2, 0x126F           ## $a2 = 3A03126F
/* 00E6C 808F206C 10400008 */  beq     $v0, $zero, .L808F2090     
/* 00E70 808F2070 8FA4003C */  lw      $a0, 0x003C($sp)           
/* 00E74 808F2074 26050024 */  addiu   $a1, $s0, 0x0024           ## $a1 = 00000024
/* 00E78 808F2078 0C029DCC */  jal     func_800A7730              
/* 00E7C 808F207C 2406000C */  addiu   $a2, $zero, 0x000C         ## $a2 = 0000000C
/* 00E80 808F2080 0C23C8E3 */  jal     func_808F238C              
/* 00E84 808F2084 02002025 */  or      $a0, $s0, $zero            ## $a0 = 00000000
/* 00E88 808F2088 10000015 */  beq     $zero, $zero, .L808F20E0   
/* 00E8C 808F208C C6000058 */  lwc1    $f0, 0x0058($s0)           ## 00000058
.L808F2090:
/* 00E90 808F2090 2408000C */  addiu   $t0, $zero, 0x000C         ## $t0 = 0000000C
/* 00E94 808F2094 24090005 */  addiu   $t1, $zero, 0x0005         ## $t1 = 00000005
/* 00E98 808F2098 240A0001 */  addiu   $t2, $zero, 0x0001         ## $t2 = 00000001
/* 00E9C 808F209C 240BFFFF */  addiu   $t3, $zero, 0xFFFF         ## $t3 = FFFFFFFF
/* 00EA0 808F20A0 240C000A */  addiu   $t4, $zero, 0x000A         ## $t4 = 0000000A
/* 00EA4 808F20A4 AFAC0020 */  sw      $t4, 0x0020($sp)           
/* 00EA8 808F20A8 AFAB001C */  sw      $t3, 0x001C($sp)           
/* 00EAC 808F20AC AFAA0018 */  sw      $t2, 0x0018($sp)           
/* 00EB0 808F20B0 AFA90014 */  sw      $t1, 0x0014($sp)           
/* 00EB4 808F20B4 AFA80010 */  sw      $t0, 0x0010($sp)           
/* 00EB8 808F20B8 26050024 */  addiu   $a1, $s0, 0x0024           ## $a1 = 00000024
/* 00EBC 808F20BC 3C064040 */  lui     $a2, 0x4040                ## $a2 = 40400000
/* 00EC0 808F20C0 00003825 */  or      $a3, $zero, $zero          ## $a3 = 00000000
/* 00EC4 808F20C4 0C02C887 */  jal     func_800B221C              
/* 00EC8 808F20C8 AFA00024 */  sw      $zero, 0x0024($sp)         
/* 00ECC 808F20CC 26040028 */  addiu   $a0, $s0, 0x0028           ## $a0 = 00000028
/* 00ED0 808F20D0 8E05000C */  lw      $a1, 0x000C($s0)           ## 0000000C
/* 00ED4 808F20D4 0C03FC0F */  jal     func_800FF03C              
/* 00ED8 808F20D8 3C063F80 */  lui     $a2, 0x3F80                ## $a2 = 3F800000
/* 00EDC 808F20DC C6000058 */  lwc1    $f0, 0x0058($s0)           ## 00000058
.L808F20E0:
/* 00EE0 808F20E0 E600005C */  swc1    $f0, 0x005C($s0)           ## 0000005C
/* 00EE4 808F20E4 E6000060 */  swc1    $f0, 0x0060($s0)           ## 00000060
/* 00EE8 808F20E8 8FBF0034 */  lw      $ra, 0x0034($sp)           
.L808F20EC:
/* 00EEC 808F20EC 8FB00030 */  lw      $s0, 0x0030($sp)           
/* 00EF0 808F20F0 27BD0038 */  addiu   $sp, $sp, 0x0038           ## $sp = 00000000
/* 00EF4 808F20F4 03E00008 */  jr      $ra                        
/* 00EF8 808F20F8 00000000 */  nop


glabel func_808F20FC
/* 00EFC 808F20FC 27BDFFE8 */  addiu   $sp, $sp, 0xFFE8           ## $sp = FFFFFFE8
/* 00F00 808F2100 AFBF0014 */  sw      $ra, 0x0014($sp)           
/* 00F04 808F2104 AFA5001C */  sw      $a1, 0x001C($sp)           
/* 00F08 808F2108 00803025 */  or      $a2, $a0, $zero            ## $a2 = 00000000
/* 00F0C 808F210C 3C053CF5 */  lui     $a1, 0x3CF5                ## $a1 = 3CF50000
/* 00F10 808F2110 34A5C28F */  ori     $a1, $a1, 0xC28F           ## $a1 = 3CF5C28F
/* 00F14 808F2114 00C02025 */  or      $a0, $a2, $zero            ## $a0 = 00000000
/* 00F18 808F2118 0C02D9F8 */  jal     func_800B67E0              
/* 00F1C 808F211C AFA60018 */  sw      $a2, 0x0018($sp)           
/* 00F20 808F2120 8FA60018 */  lw      $a2, 0x0018($sp)           
/* 00F24 808F2124 8FA4001C */  lw      $a0, 0x001C($sp)           
/* 00F28 808F2128 3C01447A */  lui     $at, 0x447A                ## $at = 447A0000
/* 00F2C 808F212C 44812000 */  mtc1    $at, $f4                   ## $f4 = 1000.00
/* 00F30 808F2130 84CE00BC */  lh      $t6, 0x00BC($a2)           ## 000000BC
/* 00F34 808F2134 44800000 */  mtc1    $zero, $f0                 ## $f0 = 0.00
/* 00F38 808F2138 3C014040 */  lui     $at, 0x4040                ## $at = 40400000
/* 00F3C 808F213C 44813000 */  mtc1    $at, $f6                   ## $f6 = 3.00
/* 00F40 808F2140 25CFC000 */  addiu   $t7, $t6, 0xC000           ## $t7 = FFFFC000
/* 00F44 808F2144 24070008 */  addiu   $a3, $zero, 0x0008         ## $a3 = 00000008
/* 00F48 808F2148 A4CF00BC */  sh      $t7, 0x00BC($a2)           ## 000000BC
/* 00F4C 808F214C 24851CA0 */  addiu   $a1, $a0, 0x1CA0           ## $a1 = 00001CA0
/* 00F50 808F2150 E4C400C4 */  swc1    $f4, 0x00C4($a2)           ## 000000C4
/* 00F54 808F2154 E4C00074 */  swc1    $f0, 0x0074($a2)           ## 00000074
/* 00F58 808F2158 E4C00068 */  swc1    $f0, 0x0068($a2)           ## 00000068
/* 00F5C 808F215C 0C02F055 */  jal     func_800BC154              
/* 00F60 808F2160 E4C600CC */  swc1    $f6, 0x00CC($a2)           ## 000000CC
/* 00F64 808F2164 8FA60018 */  lw      $a2, 0x0018($sp)           
/* 00F68 808F2168 44804000 */  mtc1    $zero, $f8                 ## $f8 = 0.00
/* 00F6C 808F216C 2401FFDF */  addiu   $at, $zero, 0xFFDF         ## $at = FFFFFFDF
/* 00F70 808F2170 8CD90004 */  lw      $t9, 0x0004($a2)           ## 00000004
/* 00F74 808F2174 3C09808F */  lui     $t1, %hi(func_808F21A4)    ## $t1 = 808F0000
/* 00F78 808F2178 241800C8 */  addiu   $t8, $zero, 0x00C8         ## $t8 = 000000C8
/* 00F7C 808F217C 252921A4 */  addiu   $t1, $t1, %lo(func_808F21A4) ## $t1 = 808F21A4
/* 00F80 808F2180 03214024 */  and     $t0, $t9, $at              
/* 00F84 808F2184 A4D801EE */  sh      $t8, 0x01EE($a2)           ## 000001EE
/* 00F88 808F2188 ACC80004 */  sw      $t0, 0x0004($a2)           ## 00000004
/* 00F8C 808F218C ACC90188 */  sw      $t1, 0x0188($a2)           ## 00000188
/* 00F90 808F2190 E4C801F0 */  swc1    $f8, 0x01F0($a2)           ## 000001F0
/* 00F94 808F2194 8FBF0014 */  lw      $ra, 0x0014($sp)           
/* 00F98 808F2198 27BD0018 */  addiu   $sp, $sp, 0x0018           ## $sp = 00000000
/* 00F9C 808F219C 03E00008 */  jr      $ra                        
/* 00FA0 808F21A0 00000000 */  nop


glabel func_808F21A4
/* 00FA4 808F21A4 27BDFFE8 */  addiu   $sp, $sp, 0xFFE8           ## $sp = FFFFFFE8
/* 00FA8 808F21A8 AFBF0014 */  sw      $ra, 0x0014($sp)           
/* 00FAC 808F21AC AFA5001C */  sw      $a1, 0x001C($sp)           
/* 00FB0 808F21B0 848201EE */  lh      $v0, 0x01EE($a0)           ## 000001EE
/* 00FB4 808F21B4 10400002 */  beq     $v0, $zero, .L808F21C0     
/* 00FB8 808F21B8 244EFFFF */  addiu   $t6, $v0, 0xFFFF           ## $t6 = FFFFFFFF
/* 00FBC 808F21BC A48E01EE */  sh      $t6, 0x01EE($a0)           ## 000001EE
.L808F21C0:
/* 00FC0 808F21C0 8FA5001C */  lw      $a1, 0x001C($sp)           
/* 00FC4 808F21C4 0C02E27E */  jal     func_800B89F8              
/* 00FC8 808F21C8 AFA40018 */  sw      $a0, 0x0018($sp)           
/* 00FCC 808F21CC 14400005 */  bne     $v0, $zero, .L808F21E4     
/* 00FD0 808F21D0 8FA40018 */  lw      $a0, 0x0018($sp)           
/* 00FD4 808F21D4 848F01EE */  lh      $t7, 0x01EE($a0)           ## 000001EE
/* 00FD8 808F21D8 8FA5001C */  lw      $a1, 0x001C($sp)           
/* 00FDC 808F21DC 15E00005 */  bne     $t7, $zero, .L808F21F4     
/* 00FE0 808F21E0 00000000 */  nop
.L808F21E4:
/* 00FE4 808F21E4 0C23C8E3 */  jal     func_808F238C              
/* 00FE8 808F21E8 00000000 */  nop
/* 00FEC 808F21EC 10000004 */  beq     $zero, $zero, .L808F2200   
/* 00FF0 808F21F0 8FBF0014 */  lw      $ra, 0x0014($sp)           
.L808F21F4:
/* 00FF4 808F21F4 0C02E2E1 */  jal     func_800B8B84              
/* 00FF8 808F21F8 24060019 */  addiu   $a2, $zero, 0x0019         ## $a2 = 00000019
/* 00FFC 808F21FC 8FBF0014 */  lw      $ra, 0x0014($sp)           
.L808F2200:
/* 01000 808F2200 27BD0018 */  addiu   $sp, $sp, 0x0018           ## $sp = 00000000
/* 01004 808F2204 03E00008 */  jr      $ra                        
/* 01008 808F2208 00000000 */  nop


glabel func_808F220C
/* 0100C 808F220C 27BDFFD8 */  addiu   $sp, $sp, 0xFFD8           ## $sp = FFFFFFD8
/* 01010 808F2210 AFBF0024 */  sw      $ra, 0x0024($sp)           
/* 01014 808F2214 AFA40028 */  sw      $a0, 0x0028($sp)           
/* 01018 808F2218 3C040600 */  lui     $a0, 0x0600                ## $a0 = 06000000
/* 0101C 808F221C 0C04D1D2 */  jal     func_80134748              
/* 01020 808F2220 248402B8 */  addiu   $a0, $a0, 0x02B8           ## $a0 = 060002B8
/* 01024 808F2224 44822000 */  mtc1    $v0, $f4                   ## $f4 = 0.00
/* 01028 808F2228 3C01C040 */  lui     $at, 0xC040                ## $at = C0400000
/* 0102C 808F222C 44810000 */  mtc1    $at, $f0                   ## $f0 = -3.00
/* 01030 808F2230 46802120 */  cvt.s.w $f4, $f4                   
/* 01034 808F2234 8FA40028 */  lw      $a0, 0x0028($sp)           
/* 01038 808F2238 44803000 */  mtc1    $zero, $f6                 ## $f6 = 0.00
/* 0103C 808F223C 3C050600 */  lui     $a1, 0x0600                ## $a1 = 06000000
/* 01040 808F2240 240E0002 */  addiu   $t6, $zero, 0x0002         ## $t6 = 00000002
/* 01044 808F2244 44060000 */  mfc1    $a2, $f0                   
/* 01048 808F2248 44072000 */  mfc1    $a3, $f4                   
/* 0104C 808F224C AFAE0014 */  sw      $t6, 0x0014($sp)           
/* 01050 808F2250 24A502B8 */  addiu   $a1, $a1, 0x02B8           ## $a1 = 060002B8
/* 01054 808F2254 E7A00018 */  swc1    $f0, 0x0018($sp)           
/* 01058 808F2258 24840144 */  addiu   $a0, $a0, 0x0144           ## $a0 = 00000144
/* 0105C 808F225C 0C04DCFA */  jal     func_801373E8              
/* 01060 808F2260 E7A60010 */  swc1    $f6, 0x0010($sp)           
/* 01064 808F2264 0C23C54B */  jal     func_808F152C              
/* 01068 808F2268 8FA40028 */  lw      $a0, 0x0028($sp)           
/* 0106C 808F226C 8FB80028 */  lw      $t8, 0x0028($sp)           
/* 01070 808F2270 3C0F808F */  lui     $t7, %hi(func_808F228C)    ## $t7 = 808F0000
/* 01074 808F2274 25EF228C */  addiu   $t7, $t7, %lo(func_808F228C) ## $t7 = 808F228C
/* 01078 808F2278 AF0F0188 */  sw      $t7, 0x0188($t8)           ## 00000188
/* 0107C 808F227C 8FBF0024 */  lw      $ra, 0x0024($sp)           
/* 01080 808F2280 27BD0028 */  addiu   $sp, $sp, 0x0028           ## $sp = 00000000
/* 01084 808F2284 03E00008 */  jr      $ra                        
/* 01088 808F2288 00000000 */  nop


glabel func_808F228C
/* 0108C 808F228C 27BDFFC8 */  addiu   $sp, $sp, 0xFFC8           ## $sp = FFFFFFC8
/* 01090 808F2290 AFB00030 */  sw      $s0, 0x0030($sp)           
/* 01094 808F2294 00808025 */  or      $s0, $a0, $zero            ## $s0 = 00000000
/* 01098 808F2298 AFBF0034 */  sw      $ra, 0x0034($sp)           
/* 0109C 808F229C AFA5003C */  sw      $a1, 0x003C($sp)           
/* 010A0 808F22A0 0C04DB34 */  jal     func_80136CD0              
/* 010A4 808F22A4 26040144 */  addiu   $a0, $s0, 0x0144           ## $a0 = 00000144
/* 010A8 808F22A8 3C053BA3 */  lui     $a1, 0x3BA3                ## $a1 = 3BA30000
/* 010AC 808F22AC 3C063A03 */  lui     $a2, 0x3A03                ## $a2 = 3A030000
/* 010B0 808F22B0 34C6126F */  ori     $a2, $a2, 0x126F           ## $a2 = 3A03126F
/* 010B4 808F22B4 34A5D70A */  ori     $a1, $a1, 0xD70A           ## $a1 = 3BA3D70A
/* 010B8 808F22B8 0C03FC0F */  jal     func_800FF03C              
/* 010BC 808F22BC 26040058 */  addiu   $a0, $s0, 0x0058           ## $a0 = 00000058
/* 010C0 808F22C0 50400008 */  beql    $v0, $zero, .L808F22E4     
/* 010C4 808F22C4 C6000058 */  lwc1    $f0, 0x0058($s0)           ## 00000058
/* 010C8 808F22C8 860E001C */  lh      $t6, 0x001C($s0)           ## 0000001C
/* 010CC 808F22CC 24010002 */  addiu   $at, $zero, 0x0002         ## $at = 00000002
/* 010D0 808F22D0 55C10004 */  bnel    $t6, $at, .L808F22E4       
/* 010D4 808F22D4 C6000058 */  lwc1    $f0, 0x0058($s0)           ## 00000058
/* 010D8 808F22D8 0C23C592 */  jal     func_808F1648              
/* 010DC 808F22DC 02002025 */  or      $a0, $s0, $zero            ## $a0 = 00000000
/* 010E0 808F22E0 C6000058 */  lwc1    $f0, 0x0058($s0)           ## 00000058
.L808F22E4:
/* 010E4 808F22E4 860F001C */  lh      $t7, 0x001C($s0)           ## 0000001C
/* 010E8 808F22E8 24010001 */  addiu   $at, $zero, 0x0001         ## $at = 00000001
/* 010EC 808F22EC E6000060 */  swc1    $f0, 0x0060($s0)           ## 00000060
/* 010F0 808F22F0 15E1000E */  bne     $t7, $at, .L808F232C       
/* 010F4 808F22F4 E600005C */  swc1    $f0, 0x005C($s0)           ## 0000005C
/* 010F8 808F22F8 3C014160 */  lui     $at, 0x4160                ## $at = 41600000
/* 010FC 808F22FC 44813000 */  mtc1    $at, $f6                   ## $f6 = 14.00
/* 01100 808F2300 C604000C */  lwc1    $f4, 0x000C($s0)           ## 0000000C
/* 01104 808F2304 26040028 */  addiu   $a0, $s0, 0x0028           ## $a0 = 00000028
/* 01108 808F2308 3C0640A0 */  lui     $a2, 0x40A0                ## $a2 = 40A00000
/* 0110C 808F230C 46062200 */  add.s   $f8, $f4, $f6              
/* 01110 808F2310 44054000 */  mfc1    $a1, $f8                   
/* 01114 808F2314 0C03FC0F */  jal     func_800FF03C              
/* 01118 808F2318 00000000 */  nop
/* 0111C 808F231C 50400004 */  beql    $v0, $zero, .L808F2330     
/* 01120 808F2320 861800BE */  lh      $t8, 0x00BE($s0)           ## 000000BE
/* 01124 808F2324 0C23C592 */  jal     func_808F1648              
/* 01128 808F2328 02002025 */  or      $a0, $s0, $zero            ## $a0 = 00000000
.L808F232C:
/* 0112C 808F232C 861800BE */  lh      $t8, 0x00BE($s0)           ## 000000BE
.L808F2330:
/* 01130 808F2330 2408000C */  addiu   $t0, $zero, 0x000C         ## $t0 = 0000000C
/* 01134 808F2334 24090005 */  addiu   $t1, $zero, 0x0005         ## $t1 = 00000005
/* 01138 808F2338 27191999 */  addiu   $t9, $t8, 0x1999           ## $t9 = 00001999
/* 0113C 808F233C A61900BE */  sh      $t9, 0x00BE($s0)           ## 000000BE
/* 01140 808F2340 240A0001 */  addiu   $t2, $zero, 0x0001         ## $t2 = 00000001
/* 01144 808F2344 240BFFFF */  addiu   $t3, $zero, 0xFFFF         ## $t3 = FFFFFFFF
/* 01148 808F2348 240C000A */  addiu   $t4, $zero, 0x000A         ## $t4 = 0000000A
/* 0114C 808F234C AFAC0020 */  sw      $t4, 0x0020($sp)           
/* 01150 808F2350 AFAB001C */  sw      $t3, 0x001C($sp)           
/* 01154 808F2354 AFAA0018 */  sw      $t2, 0x0018($sp)           
/* 01158 808F2358 AFA00024 */  sw      $zero, 0x0024($sp)         
/* 0115C 808F235C AFA90014 */  sw      $t1, 0x0014($sp)           
/* 01160 808F2360 AFA80010 */  sw      $t0, 0x0010($sp)           
/* 01164 808F2364 8FA4003C */  lw      $a0, 0x003C($sp)           
/* 01168 808F2368 26050008 */  addiu   $a1, $s0, 0x0008           ## $a1 = 00000008
/* 0116C 808F236C 3C064040 */  lui     $a2, 0x4040                ## $a2 = 40400000
/* 01170 808F2370 0C02C887 */  jal     func_800B221C              
/* 01174 808F2374 00003825 */  or      $a3, $zero, $zero          ## $a3 = 00000000
/* 01178 808F2378 8FBF0034 */  lw      $ra, 0x0034($sp)           
/* 0117C 808F237C 8FB00030 */  lw      $s0, 0x0030($sp)           
/* 01180 808F2380 27BD0038 */  addiu   $sp, $sp, 0x0038           ## $sp = 00000000
/* 01184 808F2384 03E00008 */  jr      $ra                        
/* 01188 808F2388 00000000 */  nop


glabel func_808F238C
/* 0118C 808F238C 27BDFFD0 */  addiu   $sp, $sp, 0xFFD0           ## $sp = FFFFFFD0
/* 01190 808F2390 AFB00028 */  sw      $s0, 0x0028($sp)           
/* 01194 808F2394 44800000 */  mtc1    $zero, $f0                 ## $f0 = 0.00
/* 01198 808F2398 00808025 */  or      $s0, $a0, $zero            ## $s0 = 00000000
/* 0119C 808F239C AFBF002C */  sw      $ra, 0x002C($sp)           
/* 011A0 808F23A0 3C050600 */  lui     $a1, 0x0600                ## $a1 = 06000000
/* 011A4 808F23A4 44060000 */  mfc1    $a2, $f0                   
/* 011A8 808F23A8 44070000 */  mfc1    $a3, $f0                   
/* 011AC 808F23AC 240E0002 */  addiu   $t6, $zero, 0x0002         ## $t6 = 00000002
/* 011B0 808F23B0 AFAE0014 */  sw      $t6, 0x0014($sp)           
/* 011B4 808F23B4 24A502B8 */  addiu   $a1, $a1, 0x02B8           ## $a1 = 060002B8
/* 011B8 808F23B8 26040144 */  addiu   $a0, $s0, 0x0144           ## $a0 = 00000144
/* 011BC 808F23BC E7A00010 */  swc1    $f0, 0x0010($sp)           
/* 011C0 808F23C0 0C04DCFA */  jal     func_801373E8              
/* 011C4 808F23C4 E7A00018 */  swc1    $f0, 0x0018($sp)           
/* 011C8 808F23C8 0C23C54B */  jal     func_808F152C              
/* 011CC 808F23CC 02002025 */  or      $a0, $s0, $zero            ## $a0 = 00000000
/* 011D0 808F23D0 44800000 */  mtc1    $zero, $f0                 ## $f0 = 0.00
/* 011D4 808F23D4 240FC000 */  addiu   $t7, $zero, 0xC000         ## $t7 = FFFFC000
/* 011D8 808F23D8 241800C8 */  addiu   $t8, $zero, 0x00C8         ## $t8 = 000000C8
/* 011DC 808F23DC A60F00BC */  sh      $t7, 0x00BC($s0)           ## 000000BC
/* 011E0 808F23E0 A61801EE */  sh      $t8, 0x01EE($s0)           ## 000001EE
/* 011E4 808F23E4 AE000120 */  sw      $zero, 0x0120($s0)         ## 00000120
/* 011E8 808F23E8 26040024 */  addiu   $a0, $s0, 0x0024           ## $a0 = 00000024
/* 011EC 808F23EC 26050008 */  addiu   $a1, $s0, 0x0008           ## $a1 = 00000008
/* 011F0 808F23F0 E60000CC */  swc1    $f0, 0x00CC($s0)           ## 000000CC
/* 011F4 808F23F4 0C03FD43 */  jal     func_800FF50C              
/* 011F8 808F23F8 E60001F0 */  swc1    $f0, 0x01F0($s0)           ## 000001F0
/* 011FC 808F23FC 3C19808F */  lui     $t9, %hi(func_808F254C)    ## $t9 = 808F0000
/* 01200 808F2400 2739254C */  addiu   $t9, $t9, %lo(func_808F254C) ## $t9 = 808F254C
/* 01204 808F2404 AE190188 */  sw      $t9, 0x0188($s0)           ## 00000188
/* 01208 808F2408 8FBF002C */  lw      $ra, 0x002C($sp)           
/* 0120C 808F240C 8FB00028 */  lw      $s0, 0x0028($sp)           
/* 01210 808F2410 27BD0030 */  addiu   $sp, $sp, 0x0030           ## $sp = 00000000
/* 01214 808F2414 03E00008 */  jr      $ra                        
/* 01218 808F2418 00000000 */  nop


glabel func_808F241C
/* 0121C 808F241C 27BDFFE0 */  addiu   $sp, $sp, 0xFFE0           ## $sp = FFFFFFE0
/* 01220 808F2420 AFBF0014 */  sw      $ra, 0x0014($sp)           
/* 01224 808F2424 AFA50024 */  sw      $a1, 0x0024($sp)           
/* 01228 808F2428 00803025 */  or      $a2, $a0, $zero            ## $a2 = 00000000
/* 0122C 808F242C 84CE01EE */  lh      $t6, 0x01EE($a2)           ## 000001EE
/* 01230 808F2430 3C01808F */  lui     $at, %hi(D_808F2E5C)       ## $at = 808F0000
/* 01234 808F2434 00C02025 */  or      $a0, $a2, $zero            ## $a0 = 00000000
/* 01238 808F2438 25CF0001 */  addiu   $t7, $t6, 0x0001           ## $t7 = 00000001
/* 0123C 808F243C A4CF01EE */  sh      $t7, 0x01EE($a2)           ## 000001EE
/* 01240 808F2440 84D801EE */  lh      $t8, 0x01EE($a2)           ## 000001EE
/* 01244 808F2444 C4282E5C */  lwc1    $f8, %lo(D_808F2E5C)($at)  
/* 01248 808F2448 3C01808F */  lui     $at, %hi(D_808F2E60)       ## $at = 808F0000
/* 0124C 808F244C 44982000 */  mtc1    $t8, $f4                   ## $f4 = 0.00
/* 01250 808F2450 C42A2E60 */  lwc1    $f10, %lo(D_808F2E60)($at) 
/* 01254 808F2454 AFA60020 */  sw      $a2, 0x0020($sp)           
/* 01258 808F2458 468021A0 */  cvt.s.w $f6, $f4                   
/* 0125C 808F245C 46083002 */  mul.s   $f0, $f6, $f8              
/* 01260 808F2460 00000000 */  nop
/* 01264 808F2464 46005402 */  mul.s   $f16, $f10, $f0            
/* 01268 808F2468 E7A0001C */  swc1    $f0, 0x001C($sp)           
/* 0126C 808F246C 44058000 */  mfc1    $a1, $f16                  
/* 01270 808F2470 0C02D9F8 */  jal     func_800B67E0              
/* 01274 808F2474 00000000 */  nop
/* 01278 808F2478 3C014160 */  lui     $at, 0x4160                ## $at = 41600000
/* 0127C 808F247C C7A0001C */  lwc1    $f0, 0x001C($sp)           
/* 01280 808F2480 44812000 */  mtc1    $at, $f4                   ## $f4 = 14.00
/* 01284 808F2484 8FA60020 */  lw      $a2, 0x0020($sp)           
/* 01288 808F2488 8FA40024 */  lw      $a0, 0x0024($sp)           
/* 0128C 808F248C 46002182 */  mul.s   $f6, $f4, $f0              
/* 01290 808F2490 C4D2000C */  lwc1    $f18, 0x000C($a2)          ## 0000000C
/* 01294 808F2494 84D901EE */  lh      $t9, 0x01EE($a2)           ## 000001EE
/* 01298 808F2498 24010014 */  addiu   $at, $zero, 0x0014         ## $at = 00000014
/* 0129C 808F249C 46069200 */  add.s   $f8, $f18, $f6             
/* 012A0 808F24A0 17210011 */  bne     $t9, $at, .L808F24E8       
/* 012A4 808F24A4 E4C80028 */  swc1    $f8, 0x0028($a2)           ## 00000028
/* 012A8 808F24A8 8CC80004 */  lw      $t0, 0x0004($a2)           ## 00000004
/* 012AC 808F24AC 2401FFEF */  addiu   $at, $zero, 0xFFEF         ## $at = FFFFFFEF
/* 012B0 808F24B0 84CC001C */  lh      $t4, 0x001C($a2)           ## 0000001C
/* 012B4 808F24B4 01014824 */  and     $t1, $t0, $at              
/* 012B8 808F24B8 ACC90004 */  sw      $t1, 0x0004($a2)           ## 00000004
/* 012BC 808F24BC 352B0005 */  ori     $t3, $t1, 0x0005           ## $t3 = 00000005
/* 012C0 808F24C0 24010001 */  addiu   $at, $zero, 0x0001         ## $at = 00000001
/* 012C4 808F24C4 15810006 */  bne     $t4, $at, .L808F24E0       
/* 012C8 808F24C8 ACCB0004 */  sw      $t3, 0x0004($a2)           ## 00000004
/* 012CC 808F24CC 24851CA0 */  addiu   $a1, $a0, 0x1CA0           ## $a1 = 00001CA0
/* 012D0 808F24D0 24070005 */  addiu   $a3, $zero, 0x0005         ## $a3 = 00000005
/* 012D4 808F24D4 0C02F055 */  jal     func_800BC154              
/* 012D8 808F24D8 AFA60020 */  sw      $a2, 0x0020($sp)           
/* 012DC 808F24DC 8FA60020 */  lw      $a2, 0x0020($sp)           
.L808F24E0:
/* 012E0 808F24E0 0C23C592 */  jal     func_808F1648              
/* 012E4 808F24E4 00C02025 */  or      $a0, $a2, $zero            ## $a0 = 00000000
.L808F24E8:
/* 012E8 808F24E8 8FBF0014 */  lw      $ra, 0x0014($sp)           
/* 012EC 808F24EC 27BD0020 */  addiu   $sp, $sp, 0x0020           ## $sp = 00000000
/* 012F0 808F24F0 03E00008 */  jr      $ra                        
/* 012F4 808F24F4 00000000 */  nop


glabel func_808F24F8
/* 012F8 808F24F8 27BDFFE8 */  addiu   $sp, $sp, 0xFFE8           ## $sp = FFFFFFE8
/* 012FC 808F24FC 44800000 */  mtc1    $zero, $f0                 ## $f0 = 0.00
/* 01300 808F2500 AFBF0014 */  sw      $ra, 0x0014($sp)           
/* 01304 808F2504 3C0141B0 */  lui     $at, 0x41B0                ## $at = 41B00000
/* 01308 808F2508 44812000 */  mtc1    $at, $f4                   ## $f4 = 22.00
/* 0130C 808F250C E48000C4 */  swc1    $f0, 0x00C4($a0)           ## 000000C4
/* 01310 808F2510 3C0E808F */  lui     $t6, %hi(D_808F2DEC)       ## $t6 = 808F0000
/* 01314 808F2514 E48400CC */  swc1    $f4, 0x00CC($a0)           ## 000000CC
/* 01318 808F2518 85CE2DEC */  lh      $t6, %lo(D_808F2DEC)($t6)  
/* 0131C 808F251C 44050000 */  mfc1    $a1, $f0                   
/* 01320 808F2520 A48E0270 */  sh      $t6, 0x0270($a0)           ## 00000270
/* 01324 808F2524 0C02D9F8 */  jal     func_800B67E0              
/* 01328 808F2528 AFA40018 */  sw      $a0, 0x0018($sp)           
/* 0132C 808F252C 8FA40018 */  lw      $a0, 0x0018($sp)           
/* 01330 808F2530 3C0F808F */  lui     $t7, %hi(func_808F241C)    ## $t7 = 808F0000
/* 01334 808F2534 25EF241C */  addiu   $t7, $t7, %lo(func_808F241C) ## $t7 = 808F241C
/* 01338 808F2538 AC8F0188 */  sw      $t7, 0x0188($a0)           ## 00000188
/* 0133C 808F253C 8FBF0014 */  lw      $ra, 0x0014($sp)           
/* 01340 808F2540 27BD0018 */  addiu   $sp, $sp, 0x0018           ## $sp = 00000000
/* 01344 808F2544 03E00008 */  jr      $ra                        
/* 01348 808F2548 00000000 */  nop


glabel func_808F254C
/* 0134C 808F254C 27BDFFE8 */  addiu   $sp, $sp, 0xFFE8           ## $sp = FFFFFFE8
/* 01350 808F2550 AFA5001C */  sw      $a1, 0x001C($sp)           
/* 01354 808F2554 00802825 */  or      $a1, $a0, $zero            ## $a1 = 00000000
/* 01358 808F2558 AFBF0014 */  sw      $ra, 0x0014($sp)           
/* 0135C 808F255C AFA40018 */  sw      $a0, 0x0018($sp)           
/* 01360 808F2560 24A40144 */  addiu   $a0, $a1, 0x0144           ## $a0 = 00000144
/* 01364 808F2564 0C04DB34 */  jal     func_80136CD0              
/* 01368 808F2568 AFA50018 */  sw      $a1, 0x0018($sp)           
/* 0136C 808F256C 8FA50018 */  lw      $a1, 0x0018($sp)           
/* 01370 808F2570 84A201EE */  lh      $v0, 0x01EE($a1)           ## 000001EE
/* 01374 808F2574 10400003 */  beq     $v0, $zero, .L808F2584     
/* 01378 808F2578 244EFFFF */  addiu   $t6, $v0, 0xFFFF           ## $t6 = FFFFFFFF
/* 0137C 808F257C A4AE01EE */  sh      $t6, 0x01EE($a1)           ## 000001EE
/* 01380 808F2580 84A201EE */  lh      $v0, 0x01EE($a1)           ## 000001EE
.L808F2584:
/* 01384 808F2584 54400004 */  bnel    $v0, $zero, .L808F2598     
/* 01388 808F2588 8FBF0014 */  lw      $ra, 0x0014($sp)           
/* 0138C 808F258C 0C23C93E */  jal     func_808F24F8              
/* 01390 808F2590 00A02025 */  or      $a0, $a1, $zero            ## $a0 = 00000000
/* 01394 808F2594 8FBF0014 */  lw      $ra, 0x0014($sp)           
.L808F2598:
/* 01398 808F2598 27BD0018 */  addiu   $sp, $sp, 0x0018           ## $sp = 00000000
/* 0139C 808F259C 03E00008 */  jr      $ra                        
/* 013A0 808F25A0 00000000 */  nop


glabel func_808F25A4
/* 013A4 808F25A4 27BDFFC0 */  addiu   $sp, $sp, 0xFFC0           ## $sp = FFFFFFC0
/* 013A8 808F25A8 AFB00020 */  sw      $s0, 0x0020($sp)           
/* 013AC 808F25AC 00808025 */  or      $s0, $a0, $zero            ## $s0 = 00000000
/* 013B0 808F25B0 AFBF0024 */  sw      $ra, 0x0024($sp)           
/* 013B4 808F25B4 AFA50044 */  sw      $a1, 0x0044($sp)           
/* 013B8 808F25B8 8E190188 */  lw      $t9, 0x0188($s0)           ## 00000188
/* 013BC 808F25BC 02002025 */  or      $a0, $s0, $zero            ## $a0 = 00000000
/* 013C0 808F25C0 8FA50044 */  lw      $a1, 0x0044($sp)           
/* 013C4 808F25C4 0320F809 */  jalr    $ra, $t9                   
/* 013C8 808F25C8 00000000 */  nop
/* 013CC 808F25CC 44800000 */  mtc1    $zero, $f0                 ## $f0 = 0.00
/* 013D0 808F25D0 C60401F0 */  lwc1    $f4, 0x01F0($s0)           ## 000001F0
/* 013D4 808F25D4 4604003C */  c.lt.s  $f0, $f4                   
/* 013D8 808F25D8 00000000 */  nop
/* 013DC 808F25DC 45020027 */  bc1fl   .L808F267C                 
/* 013E0 808F25E0 8E020188 */  lw      $v0, 0x0188($s0)           ## 00000188
/* 013E4 808F25E4 920E01EC */  lbu     $t6, 0x01EC($s0)           ## 000001EC
/* 013E8 808F25E8 2401000A */  addiu   $at, $zero, 0x000A         ## $at = 0000000A
/* 013EC 808F25EC 260401F0 */  addiu   $a0, $s0, 0x01F0           ## $a0 = 000001F0
/* 013F0 808F25F0 11C10016 */  beq     $t6, $at, .L808F264C       
/* 013F4 808F25F4 3C063D4C */  lui     $a2, 0x3D4C                ## $a2 = 3D4C0000
/* 013F8 808F25F8 44050000 */  mfc1    $a1, $f0                   
/* 013FC 808F25FC 0C03FC0F */  jal     func_800FF03C              
/* 01400 808F2600 34C6CCCD */  ori     $a2, $a2, 0xCCCD           ## $a2 = 3D4CCCCD
/* 01404 808F2604 3C013F40 */  lui     $at, 0x3F40                ## $at = 3F400000
/* 01408 808F2608 44811000 */  mtc1    $at, $f2                   ## $f2 = 0.75
/* 0140C 808F260C 3C013F80 */  lui     $at, 0x3F80                ## $at = 3F800000
/* 01410 808F2610 44814000 */  mtc1    $at, $f8                   ## $f8 = 1.00
/* 01414 808F2614 C60601F0 */  lwc1    $f6, 0x01F0($s0)           ## 000001F0
/* 01418 808F2618 3C013EC0 */  lui     $at, 0x3EC0                ## $at = 3EC00000
/* 0141C 808F261C 44818000 */  mtc1    $at, $f16                  ## $f16 = 0.38
/* 01420 808F2620 46083280 */  add.s   $f10, $f6, $f8             
/* 01424 808F2624 46105002 */  mul.s   $f0, $f10, $f16            
/* 01428 808F2628 4600103C */  c.lt.s  $f2, $f0                   
/* 0142C 808F262C E60001F4 */  swc1    $f0, 0x01F4($s0)           ## 000001F4
/* 01430 808F2630 45020004 */  bc1fl   .L808F2644                 
/* 01434 808F2634 C61201F4 */  lwc1    $f18, 0x01F4($s0)          ## 000001F4
/* 01438 808F2638 1000000F */  beq     $zero, $zero, .L808F2678   
/* 0143C 808F263C E60201F4 */  swc1    $f2, 0x01F4($s0)           ## 000001F4
/* 01440 808F2640 C61201F4 */  lwc1    $f18, 0x01F4($s0)          ## 000001F4
.L808F2644:
/* 01444 808F2644 1000000C */  beq     $zero, $zero, .L808F2678   
/* 01448 808F2648 E61201F4 */  swc1    $f18, 0x01F4($s0)          ## 000001F4
.L808F264C:
/* 0144C 808F264C 3C013F40 */  lui     $at, 0x3F40                ## $at = 3F400000
/* 01450 808F2650 44811000 */  mtc1    $at, $f2                   ## $f2 = 0.75
/* 01454 808F2654 3C063C99 */  lui     $a2, 0x3C99                ## $a2 = 3C990000
/* 01458 808F2658 34C6999A */  ori     $a2, $a2, 0x999A           ## $a2 = 3C99999A
/* 0145C 808F265C 44051000 */  mfc1    $a1, $f2                   
/* 01460 808F2660 0C03FC0F */  jal     func_800FF03C              
/* 01464 808F2664 260401F8 */  addiu   $a0, $s0, 0x01F8           ## $a0 = 000001F8
/* 01468 808F2668 14400003 */  bne     $v0, $zero, .L808F2678     
/* 0146C 808F266C 02002025 */  or      $a0, $s0, $zero            ## $a0 = 00000000
/* 01470 808F2670 0C02E404 */  jal     func_800B9010              
/* 01474 808F2674 240520B2 */  addiu   $a1, $zero, 0x20B2         ## $a1 = 000020B2
.L808F2678:
/* 01478 808F2678 8E020188 */  lw      $v0, 0x0188($s0)           ## 00000188
.L808F267C:
/* 0147C 808F267C 3C0F808F */  lui     $t7, %hi(func_808F254C)    ## $t7 = 808F0000
/* 01480 808F2680 44800000 */  mtc1    $zero, $f0                 ## $f0 = 0.00
/* 01484 808F2684 25EF254C */  addiu   $t7, $t7, %lo(func_808F254C) ## $t7 = 808F254C
/* 01488 808F2688 11E2005B */  beq     $t7, $v0, .L808F27F8       
/* 0148C 808F268C 3C18808F */  lui     $t8, %hi(func_808F1C84)    ## $t8 = 808F0000
/* 01490 808F2690 27181C84 */  addiu   $t8, $t8, %lo(func_808F1C84) ## $t8 = 808F1C84
/* 01494 808F2694 1702000F */  bne     $t8, $v0, .L808F26D4       
/* 01498 808F2698 AFB8002C */  sw      $t8, 0x002C($sp)           
/* 0149C 808F269C 0C02DAA2 */  jal     func_800B6A88              
/* 014A0 808F26A0 02002025 */  or      $a0, $s0, $zero            ## $a0 = 00000000
/* 014A4 808F26A4 3C014120 */  lui     $at, 0x4120                ## $at = 41200000
/* 014A8 808F26A8 44810000 */  mtc1    $at, $f0                   ## $f0 = 10.00
/* 014AC 808F26AC 24080005 */  addiu   $t0, $zero, 0x0005         ## $t0 = 00000005
/* 014B0 808F26B0 AFA80014 */  sw      $t0, 0x0014($sp)           
/* 014B4 808F26B4 44060000 */  mfc1    $a2, $f0                   
/* 014B8 808F26B8 8FA40044 */  lw      $a0, 0x0044($sp)           
/* 014BC 808F26BC 02002825 */  or      $a1, $s0, $zero            ## $a1 = 00000000
/* 014C0 808F26C0 3C074170 */  lui     $a3, 0x4170                ## $a3 = 41700000
/* 014C4 808F26C4 0C02DE2E */  jal     func_800B78B8              
/* 014C8 808F26C8 E7A00010 */  swc1    $f0, 0x0010($sp)           
/* 014CC 808F26CC 1000000F */  beq     $zero, $zero, .L808F270C   
/* 014D0 808F26D0 8E020188 */  lw      $v0, 0x0188($s0)           ## 00000188
.L808F26D4:
/* 014D4 808F26D4 44060000 */  mfc1    $a2, $f0                   
/* 014D8 808F26D8 44070000 */  mfc1    $a3, $f0                   
/* 014DC 808F26DC 24090004 */  addiu   $t1, $zero, 0x0004         ## $t1 = 00000004
/* 014E0 808F26E0 AFA90014 */  sw      $t1, 0x0014($sp)           
/* 014E4 808F26E4 8FA40044 */  lw      $a0, 0x0044($sp)           
/* 014E8 808F26E8 02002825 */  or      $a1, $s0, $zero            ## $a1 = 00000000
/* 014EC 808F26EC 0C02DE2E */  jal     func_800B78B8              
/* 014F0 808F26F0 E7A00010 */  swc1    $f0, 0x0010($sp)           
/* 014F4 808F26F4 8E0A022C */  lw      $t2, 0x022C($s0)           ## 0000022C
/* 014F8 808F26F8 55400004 */  bnel    $t2, $zero, .L808F270C     
/* 014FC 808F26FC 8E020188 */  lw      $v0, 0x0188($s0)           ## 00000188
/* 01500 808F2700 8E0B0080 */  lw      $t3, 0x0080($s0)           ## 00000080
/* 01504 808F2704 AE0B022C */  sw      $t3, 0x022C($s0)           ## 0000022C
/* 01508 808F2708 8E020188 */  lw      $v0, 0x0188($s0)           ## 00000188
.L808F270C:
/* 0150C 808F270C 8FAC002C */  lw      $t4, 0x002C($sp)           
/* 01510 808F2710 3C0D808F */  lui     $t5, %hi(func_808F200C)    ## $t5 = 808F0000
/* 01514 808F2714 25AD200C */  addiu   $t5, $t5, %lo(func_808F200C) ## $t5 = 808F200C
/* 01518 808F2718 51820038 */  beql    $t4, $v0, .L808F27FC       
/* 0151C 808F271C 8FBF0024 */  lw      $ra, 0x0024($sp)           
/* 01520 808F2720 11A20035 */  beq     $t5, $v0, .L808F27F8       
/* 01524 808F2724 3C19808F */  lui     $t9, %hi(func_808F21A4)    ## $t9 = 808F0000
/* 01528 808F2728 273921A4 */  addiu   $t9, $t9, %lo(func_808F21A4) ## $t9 = 808F21A4
/* 0152C 808F272C 13220032 */  beq     $t9, $v0, .L808F27F8       
/* 01530 808F2730 3C0E808F */  lui     $t6, %hi(func_808F241C)    ## $t6 = 808F0000
/* 01534 808F2734 25CE241C */  addiu   $t6, $t6, %lo(func_808F241C) ## $t6 = 808F241C
/* 01538 808F2738 11C2000E */  beq     $t6, $v0, .L808F2774       
/* 0153C 808F273C 3C0F808F */  lui     $t7, %hi(func_808F15B0)    ## $t7 = 808F0000
/* 01540 808F2740 25EF15B0 */  addiu   $t7, $t7, %lo(func_808F15B0) ## $t7 = 808F15B0
/* 01544 808F2744 11E2000B */  beq     $t7, $v0, .L808F2774       
/* 01548 808F2748 8FA40044 */  lw      $a0, 0x0044($sp)           
/* 0154C 808F274C 3C010001 */  lui     $at, 0x0001                ## $at = 00010000
/* 01550 808F2750 34218884 */  ori     $at, $at, 0x8884           ## $at = 00018884
/* 01554 808F2754 00812821 */  addu    $a1, $a0, $at              
/* 01558 808F2758 AFA50030 */  sw      $a1, 0x0030($sp)           
/* 0155C 808F275C 0C038956 */  jal     func_800E2558              
/* 01560 808F2760 26060230 */  addiu   $a2, $s0, 0x0230           ## $a2 = 00000230
/* 01564 808F2764 8FA40044 */  lw      $a0, 0x0044($sp)           
/* 01568 808F2768 8FA50030 */  lw      $a1, 0x0030($sp)           
/* 0156C 808F276C 0C0389D0 */  jal     func_800E2740              
/* 01570 808F2770 2606027C */  addiu   $a2, $s0, 0x027C           ## $a2 = 0000027C
.L808F2774:
/* 01574 808F2774 8FA40044 */  lw      $a0, 0x0044($sp)           
/* 01578 808F2778 3C010001 */  lui     $at, 0x0001                ## $at = 00010000
/* 0157C 808F277C 34218884 */  ori     $at, $at, 0x8884           ## $at = 00018884
/* 01580 808F2780 26060230 */  addiu   $a2, $s0, 0x0230           ## $a2 = 00000230
/* 01584 808F2784 0C038A4A */  jal     func_800E2928              
/* 01588 808F2788 00812821 */  addu    $a1, $a0, $at              
/* 0158C 808F278C 3C014120 */  lui     $at, 0x4120                ## $at = 41200000
/* 01590 808F2790 44813000 */  mtc1    $at, $f6                   ## $f6 = 10.00
/* 01594 808F2794 C6040058 */  lwc1    $f4, 0x0058($s0)           ## 00000058
/* 01598 808F2798 3C01808F */  lui     $at, %hi(D_808F2E64)       ## $at = 808F0000
/* 0159C 808F279C C42A2E64 */  lwc1    $f10, %lo(D_808F2E64)($at) 
/* 015A0 808F27A0 46062202 */  mul.s   $f8, $f4, $f6              
/* 015A4 808F27A4 02002025 */  or      $a0, $s0, $zero            ## $a0 = 00000000
/* 015A8 808F27A8 460A4403 */  div.s   $f16, $f8, $f10            
/* 015AC 808F27AC 44058000 */  mfc1    $a1, $f16                  
/* 015B0 808F27B0 0C02D9D7 */  jal     func_800B675C              
/* 015B4 808F27B4 00000000 */  nop
/* 015B8 808F27B8 3C014220 */  lui     $at, 0x4220                ## $at = 42200000
/* 015BC 808F27BC 44812000 */  mtc1    $at, $f4                   ## $f4 = 40.00
/* 015C0 808F27C0 C612000C */  lwc1    $f18, 0x000C($s0)          ## 0000000C
/* 015C4 808F27C4 C6020040 */  lwc1    $f2, 0x0040($s0)           ## 00000040
/* 015C8 808F27C8 C6060008 */  lwc1    $f6, 0x0008($s0)           ## 00000008
/* 015CC 808F27CC 46049000 */  add.s   $f0, $f18, $f4             
/* 015D0 808F27D0 E606003C */  swc1    $f6, 0x003C($s0)           ## 0000003C
/* 015D4 808F27D4 4602003C */  c.lt.s  $f0, $f2                   
/* 015D8 808F27D8 00000000 */  nop
/* 015DC 808F27DC 45020004 */  bc1fl   .L808F27F0                 
/* 015E0 808F27E0 E6020040 */  swc1    $f2, 0x0040($s0)           ## 00000040
/* 015E4 808F27E4 10000002 */  beq     $zero, $zero, .L808F27F0   
/* 015E8 808F27E8 E6000040 */  swc1    $f0, 0x0040($s0)           ## 00000040
/* 015EC 808F27EC E6020040 */  swc1    $f2, 0x0040($s0)           ## 00000040
.L808F27F0:
/* 015F0 808F27F0 C6080010 */  lwc1    $f8, 0x0010($s0)           ## 00000010
/* 015F4 808F27F4 E6080044 */  swc1    $f8, 0x0044($s0)           ## 00000044
.L808F27F8:
/* 015F8 808F27F8 8FBF0024 */  lw      $ra, 0x0024($sp)           
.L808F27FC:
/* 015FC 808F27FC 8FB00020 */  lw      $s0, 0x0020($sp)           
/* 01600 808F2800 27BD0040 */  addiu   $sp, $sp, 0x0040           ## $sp = 00000000
/* 01604 808F2804 03E00008 */  jr      $ra                        
/* 01608 808F2808 00000000 */  nop


glabel func_808F280C
/* 0160C 808F280C 27BDFF80 */  addiu   $sp, $sp, 0xFF80           ## $sp = FFFFFF80
/* 01610 808F2810 AFBF0024 */  sw      $ra, 0x0024($sp)           
/* 01614 808F2814 AFB00020 */  sw      $s0, 0x0020($sp)           
/* 01618 808F2818 AFA40080 */  sw      $a0, 0x0080($sp)           
/* 0161C 808F281C AFA50084 */  sw      $a1, 0x0084($sp)           
/* 01620 808F2820 8FAE0084 */  lw      $t6, 0x0084($sp)           
/* 01624 808F2824 8DC40000 */  lw      $a0, 0x0000($t6)           ## 00000000
/* 01628 808F2828 0C04B112 */  jal     func_8012C448              
/* 0162C 808F282C 00808025 */  or      $s0, $a0, $zero            ## $s0 = 00000000
/* 01630 808F2830 8FA80080 */  lw      $t0, 0x0080($sp)           
/* 01634 808F2834 8E0202C0 */  lw      $v0, 0x02C0($s0)           ## 000002C0
/* 01638 808F2838 3C18FA00 */  lui     $t8, 0xFA00                ## $t8 = FA000000
/* 0163C 808F283C 241900FF */  addiu   $t9, $zero, 0x00FF         ## $t9 = 000000FF
/* 01640 808F2840 244F0008 */  addiu   $t7, $v0, 0x0008           ## $t7 = 00000008
/* 01644 808F2844 AE0F02C0 */  sw      $t7, 0x02C0($s0)           ## 000002C0
/* 01648 808F2848 AC590004 */  sw      $t9, 0x0004($v0)           ## 00000004
/* 0164C 808F284C AC580000 */  sw      $t8, 0x0000($v0)           ## 00000000
/* 01650 808F2850 8D04022C */  lw      $a0, 0x022C($t0)           ## 0000022C
/* 01654 808F2854 8D050008 */  lw      $a1, 0x0008($t0)           ## 00000008
/* 01658 808F2858 8D06000C */  lw      $a2, 0x000C($t0)           ## 0000000C
/* 0165C 808F285C 8D070010 */  lw      $a3, 0x0010($t0)           ## 00000010
/* 01660 808F2860 27A90040 */  addiu   $t1, $sp, 0x0040           ## $t1 = FFFFFFC0
/* 01664 808F2864 0C030025 */  jal     func_800C0094              
/* 01668 808F2868 AFA90010 */  sw      $t1, 0x0010($sp)           
/* 0166C 808F286C 27A40040 */  addiu   $a0, $sp, 0x0040           ## $a0 = FFFFFFC0
/* 01670 808F2870 0C060091 */  jal     func_80180244              
/* 01674 808F2874 00002825 */  or      $a1, $zero, $zero          ## $a1 = 00000000
/* 01678 808F2878 3C01808F */  lui     $at, %hi(D_808F2E68)       ## $at = 808F0000
/* 0167C 808F287C C42C2E68 */  lwc1    $f12, %lo(D_808F2E68)($at) 
/* 01680 808F2880 3C013F80 */  lui     $at, 0x3F80                ## $at = 3F800000
/* 01684 808F2884 44817000 */  mtc1    $at, $f14                  ## $f14 = 1.00
/* 01688 808F2888 44066000 */  mfc1    $a2, $f12                  
/* 0168C 808F288C 0C0600E7 */  jal     func_8018039C              
/* 01690 808F2890 24070001 */  addiu   $a3, $zero, 0x0001         ## $a3 = 00000001
/* 01694 808F2894 8E0202C0 */  lw      $v0, 0x02C0($s0)           ## 000002C0
/* 01698 808F2898 3C0BDA38 */  lui     $t3, 0xDA38                ## $t3 = DA380000
/* 0169C 808F289C 356B0003 */  ori     $t3, $t3, 0x0003           ## $t3 = DA380003
/* 016A0 808F28A0 244A0008 */  addiu   $t2, $v0, 0x0008           ## $t2 = 00000008
/* 016A4 808F28A4 AE0A02C0 */  sw      $t2, 0x02C0($s0)           ## 000002C0
/* 016A8 808F28A8 AC4B0000 */  sw      $t3, 0x0000($v0)           ## 00000000
/* 016AC 808F28AC 8FAC0084 */  lw      $t4, 0x0084($sp)           
/* 016B0 808F28B0 8D840000 */  lw      $a0, 0x0000($t4)           ## 00000000
/* 016B4 808F28B4 0C060690 */  jal     func_80181A40              
/* 016B8 808F28B8 AFA20030 */  sw      $v0, 0x0030($sp)           
/* 016BC 808F28BC 8FA30030 */  lw      $v1, 0x0030($sp)           
/* 016C0 808F28C0 3C0EDE00 */  lui     $t6, 0xDE00                ## $t6 = DE000000
/* 016C4 808F28C4 AC620004 */  sw      $v0, 0x0004($v1)           ## 00000004
/* 016C8 808F28C8 8E0202C0 */  lw      $v0, 0x02C0($s0)           ## 000002C0
/* 016CC 808F28CC 3C0F0407 */  lui     $t7, 0x0407                ## $t7 = 04070000
/* 016D0 808F28D0 25EF6BC0 */  addiu   $t7, $t7, 0x6BC0           ## $t7 = 04076BC0
/* 016D4 808F28D4 244D0008 */  addiu   $t5, $v0, 0x0008           ## $t5 = 00000008
/* 016D8 808F28D8 AE0D02C0 */  sw      $t5, 0x02C0($s0)           ## 000002C0
/* 016DC 808F28DC AC4F0004 */  sw      $t7, 0x0004($v0)           ## 00000004
/* 016E0 808F28E0 AC4E0000 */  sw      $t6, 0x0000($v0)           ## 00000000
/* 016E4 808F28E4 8FBF0024 */  lw      $ra, 0x0024($sp)           
/* 016E8 808F28E8 8FB00020 */  lw      $s0, 0x0020($sp)           
/* 016EC 808F28EC 27BD0080 */  addiu   $sp, $sp, 0x0080           ## $sp = 00000000
/* 016F0 808F28F0 03E00008 */  jr      $ra                        
/* 016F4 808F28F4 00000000 */  nop


glabel func_808F28F8
/* 016F8 808F28F8 27BDFF60 */  addiu   $sp, $sp, 0xFF60           ## $sp = FFFFFF60
/* 016FC 808F28FC AFB60048 */  sw      $s6, 0x0048($sp)           
/* 01700 808F2900 AFB40040 */  sw      $s4, 0x0040($sp)           
/* 01704 808F2904 0080A025 */  or      $s4, $a0, $zero            ## $s4 = 00000000
/* 01708 808F2908 00A0B025 */  or      $s6, $a1, $zero            ## $s6 = 00000000
/* 0170C 808F290C AFBF004C */  sw      $ra, 0x004C($sp)           
/* 01710 808F2910 AFB50044 */  sw      $s5, 0x0044($sp)           
/* 01714 808F2914 AFB3003C */  sw      $s3, 0x003C($sp)           
/* 01718 808F2918 AFB20038 */  sw      $s2, 0x0038($sp)           
/* 0171C 808F291C AFB10034 */  sw      $s1, 0x0034($sp)           
/* 01720 808F2920 AFB00030 */  sw      $s0, 0x0030($sp)           
/* 01724 808F2924 F7B40028 */  sdc1    $f20, 0x0028($sp)          
/* 01728 808F2928 3C01808F */  lui     $at, %hi(D_808F2E6C)       ## $at = 808F0000
/* 0172C 808F292C C4242E6C */  lwc1    $f4, %lo(D_808F2E6C)($at)  
/* 01730 808F2930 E7A4008C */  swc1    $f4, 0x008C($sp)           
/* 01734 808F2934 8EC40000 */  lw      $a0, 0x0000($s6)           ## 00000000
/* 01738 808F2938 0C04B0A3 */  jal     func_8012C28C              
/* 0173C 808F293C 0080A825 */  or      $s5, $a0, $zero            ## $s5 = 00000000
/* 01740 808F2940 268401FC */  addiu   $a0, $s4, 0x01FC           ## $a0 = 000001FC
/* 01744 808F2944 AFA40050 */  sw      $a0, 0x0050($sp)           
/* 01748 808F2948 0C03FD43 */  jal     func_800FF50C              
/* 0174C 808F294C 26850024 */  addiu   $a1, $s4, 0x0024           ## $a1 = 00000024
/* 01750 808F2950 8E820188 */  lw      $v0, 0x0188($s4)           ## 00000188
/* 01754 808F2954 3C0E808F */  lui     $t6, %hi(func_808F21A4)    ## $t6 = 808F0000
/* 01758 808F2958 25CE21A4 */  addiu   $t6, $t6, %lo(func_808F21A4) ## $t6 = 808F21A4
/* 0175C 808F295C 15C2001F */  bne     $t6, $v0, .L808F29DC       
/* 01760 808F2960 00000000 */  nop
/* 01764 808F2964 868201EE */  lh      $v0, 0x01EE($s4)           ## 000001EE
/* 01768 808F2968 3C064348 */  lui     $a2, 0x4348                ## $a2 = 43480000
/* 0176C 808F296C 28410029 */  slti    $at, $v0, 0x0029           
/* 01770 808F2970 10200003 */  beq     $at, $zero, .L808F2980     
/* 01774 808F2974 304F0001 */  andi    $t7, $v0, 0x0001           ## $t7 = 00000000
/* 01778 808F2978 11E0008D */  beq     $t7, $zero, .L808F2BB0     
/* 0177C 808F297C 00000000 */  nop
.L808F2980:
/* 01780 808F2980 44807000 */  mtc1    $zero, $f14                ## $f14 = 0.00
/* 01784 808F2984 24070001 */  addiu   $a3, $zero, 0x0001         ## $a3 = 00000001
/* 01788 808F2988 0C0600A7 */  jal     func_8018029C              
/* 0178C 808F298C 46007306 */  mov.s   $f12, $f14                 
/* 01790 808F2990 8EB002B0 */  lw      $s0, 0x02B0($s5)           ## 000002B0
/* 01794 808F2994 3C19DA38 */  lui     $t9, 0xDA38                ## $t9 = DA380000
/* 01798 808F2998 37390003 */  ori     $t9, $t9, 0x0003           ## $t9 = DA380003
/* 0179C 808F299C 26180008 */  addiu   $t8, $s0, 0x0008           ## $t8 = 00000008
/* 017A0 808F29A0 AEB802B0 */  sw      $t8, 0x02B0($s5)           ## 000002B0
/* 017A4 808F29A4 AE190000 */  sw      $t9, 0x0000($s0)           ## 00000000
/* 017A8 808F29A8 0C060690 */  jal     func_80181A40              
/* 017AC 808F29AC 8EC40000 */  lw      $a0, 0x0000($s6)           ## 00000000
/* 017B0 808F29B0 AE020004 */  sw      $v0, 0x0004($s0)           ## 00000004
/* 017B4 808F29B4 8EA302B0 */  lw      $v1, 0x02B0($s5)           ## 000002B0
/* 017B8 808F29B8 3C0A0600 */  lui     $t2, 0x0600                ## $t2 = 06000000
/* 017BC 808F29BC 254A3070 */  addiu   $t2, $t2, 0x3070           ## $t2 = 06003070
/* 017C0 808F29C0 24680008 */  addiu   $t0, $v1, 0x0008           ## $t0 = 00000008
/* 017C4 808F29C4 AEA802B0 */  sw      $t0, 0x02B0($s5)           ## 000002B0
/* 017C8 808F29C8 3C09DE00 */  lui     $t1, 0xDE00                ## $t1 = DE000000
/* 017CC 808F29CC AC690000 */  sw      $t1, 0x0000($v1)           ## 00000000
/* 017D0 808F29D0 AC6A0004 */  sw      $t2, 0x0004($v1)           ## 00000004
/* 017D4 808F29D4 10000076 */  beq     $zero, $zero, .L808F2BB0   
/* 017D8 808F29D8 00000000 */  nop
.L808F29DC:
/* 017DC 808F29DC 3C0B808F */  lui     $t3, %hi(func_808F254C)    ## $t3 = 808F0000
/* 017E0 808F29E0 256B254C */  addiu   $t3, $t3, %lo(func_808F254C) ## $t3 = 808F254C
/* 017E4 808F29E4 11620072 */  beq     $t3, $v0, .L808F2BB0       
/* 017E8 808F29E8 02C02025 */  or      $a0, $s6, $zero            ## $a0 = 00000000
/* 017EC 808F29EC 3C05808F */  lui     $a1, %hi(D_808F2E28)       ## $a1 = 808F0000
/* 017F0 808F29F0 24A52E28 */  addiu   $a1, $a1, %lo(D_808F2E28)  ## $a1 = 808F2E28
/* 017F4 808F29F4 24060001 */  addiu   $a2, $zero, 0x0001         ## $a2 = 00000001
/* 017F8 808F29F8 0C02B8A8 */  jal     func_800AE2A0              
/* 017FC 808F29FC 24070002 */  addiu   $a3, $zero, 0x0002         ## $a3 = 00000002
/* 01800 808F2A00 8E850148 */  lw      $a1, 0x0148($s4)           ## 00000148
/* 01804 808F2A04 8E860164 */  lw      $a2, 0x0164($s4)           ## 00000164
/* 01808 808F2A08 AFA00014 */  sw      $zero, 0x0014($sp)         
/* 0180C 808F2A0C AFA00010 */  sw      $zero, 0x0010($sp)         
/* 01810 808F2A10 02C02025 */  or      $a0, $s6, $zero            ## $a0 = 00000000
/* 01814 808F2A14 0C04CECF */  jal     func_80133B3C              
/* 01818 808F2A18 00003825 */  or      $a3, $zero, $zero          ## $a3 = 00000000
/* 0181C 808F2A1C C68C0024 */  lwc1    $f12, 0x0024($s4)          ## 00000024
/* 01820 808F2A20 C68E0028 */  lwc1    $f14, 0x0028($s4)          ## 00000028
/* 01824 808F2A24 8E86002C */  lw      $a2, 0x002C($s4)           ## 0000002C
/* 01828 808F2A28 0C0600A7 */  jal     func_8018029C              
/* 0182C 808F2A2C 00003825 */  or      $a3, $zero, $zero          ## $a3 = 00000000
/* 01830 808F2A30 8E820188 */  lw      $v0, 0x0188($s4)           ## 00000188
/* 01834 808F2A34 3C0C808F */  lui     $t4, %hi(func_808F241C)    ## $t4 = 808F0000
/* 01838 808F2A38 258C241C */  addiu   $t4, $t4, %lo(func_808F241C) ## $t4 = 808F241C
/* 0183C 808F2A3C 11820007 */  beq     $t4, $v0, .L808F2A5C       
/* 01840 808F2A40 3C0D808F */  lui     $t5, %hi(func_808F200C)    ## $t5 = 808F0000
/* 01844 808F2A44 25AD200C */  addiu   $t5, $t5, %lo(func_808F200C) ## $t5 = 808F200C
/* 01848 808F2A48 11A20004 */  beq     $t5, $v0, .L808F2A5C       
/* 0184C 808F2A4C 3C0E808F */  lui     $t6, %hi(func_808F15B0)    ## $t6 = 808F0000
/* 01850 808F2A50 25CE15B0 */  addiu   $t6, $t6, %lo(func_808F15B0) ## $t6 = 808F15B0
/* 01854 808F2A54 55C2000A */  bnel    $t6, $v0, .L808F2A80       
/* 01858 808F2A58 C7AC008C */  lwc1    $f12, 0x008C($sp)          
.L808F2A5C:
/* 0185C 808F2A5C 868F01EE */  lh      $t7, 0x01EE($s4)           ## 000001EE
/* 01860 808F2A60 3C01808F */  lui     $at, %hi(D_808F2E70)       ## $at = 808F0000
/* 01864 808F2A64 C42A2E70 */  lwc1    $f10, %lo(D_808F2E70)($at) 
/* 01868 808F2A68 448F3000 */  mtc1    $t7, $f6                   ## $f6 = 0.00
/* 0186C 808F2A6C 00000000 */  nop
/* 01870 808F2A70 46803220 */  cvt.s.w $f8, $f6                   
/* 01874 808F2A74 460A4302 */  mul.s   $f12, $f8, $f10            
/* 01878 808F2A78 E7AC008C */  swc1    $f12, 0x008C($sp)          
/* 0187C 808F2A7C C7AC008C */  lwc1    $f12, 0x008C($sp)          
.L808F2A80:
/* 01880 808F2A80 24070001 */  addiu   $a3, $zero, 0x0001         ## $a3 = 00000001
/* 01884 808F2A84 44066000 */  mfc1    $a2, $f12                  
/* 01888 808F2A88 0C0600E7 */  jal     func_8018039C              
/* 0188C 808F2A8C 46006386 */  mov.s   $f14, $f12                 
/* 01890 808F2A90 868400BC */  lh      $a0, 0x00BC($s4)           ## 000000BC
/* 01894 808F2A94 868500BE */  lh      $a1, 0x00BE($s4)           ## 000000BE
/* 01898 808F2A98 00003025 */  or      $a2, $zero, $zero          ## $a2 = 00000000
/* 0189C 808F2A9C 0C06040F */  jal     func_8018103C              
/* 018A0 808F2AA0 24070001 */  addiu   $a3, $zero, 0x0001         ## $a3 = 00000001
/* 018A4 808F2AA4 8698001C */  lh      $t8, 0x001C($s4)           ## 0000001C
/* 018A8 808F2AA8 24010002 */  addiu   $at, $zero, 0x0002         ## $at = 00000002
/* 018AC 808F2AAC 24190001 */  addiu   $t9, $zero, 0x0001         ## $t9 = 00000001
/* 018B0 808F2AB0 17010003 */  bne     $t8, $at, .L808F2AC0       
/* 018B4 808F2AB4 3C12808F */  lui     $s2, %hi(D_808F2E2C)       ## $s2 = 808F0000
/* 018B8 808F2AB8 1000000A */  beq     $zero, $zero, .L808F2AE4   
/* 018BC 808F2ABC AFB90094 */  sw      $t9, 0x0094($sp)           
.L808F2AC0:
/* 018C0 808F2AC0 8E890188 */  lw      $t1, 0x0188($s4)           ## 00000188
/* 018C4 808F2AC4 3C08808F */  lui     $t0, %hi(func_808F1C84)    ## $t0 = 808F0000
/* 018C8 808F2AC8 25081C84 */  addiu   $t0, $t0, %lo(func_808F1C84) ## $t0 = 808F1C84
/* 018CC 808F2ACC 15090004 */  bne     $t0, $t1, .L808F2AE0       
/* 018D0 808F2AD0 240B0003 */  addiu   $t3, $zero, 0x0003         ## $t3 = 00000003
/* 018D4 808F2AD4 240A0002 */  addiu   $t2, $zero, 0x0002         ## $t2 = 00000002
/* 018D8 808F2AD8 10000002 */  beq     $zero, $zero, .L808F2AE4   
/* 018DC 808F2ADC AFAA0094 */  sw      $t2, 0x0094($sp)           
.L808F2AE0:
/* 018E0 808F2AE0 AFAB0094 */  sw      $t3, 0x0094($sp)           
.L808F2AE4:
/* 018E4 808F2AE4 8FAC0094 */  lw      $t4, 0x0094($sp)           
/* 018E8 808F2AE8 26522E2C */  addiu   $s2, $s2, %lo(D_808F2E2C)  ## $s2 = 808F2E2C
/* 018EC 808F2AEC 00009825 */  or      $s3, $zero, $zero          ## $s3 = 00000000
/* 018F0 808F2AF0 1980002D */  blez    $t4, .L808F2BA8            
/* 018F4 808F2AF4 000C6880 */  sll     $t5, $t4,  2               
/* 018F8 808F2AF8 01AC6823 */  subu    $t5, $t5, $t4              
/* 018FC 808F2AFC 000D6880 */  sll     $t5, $t5,  2               
/* 01900 808F2B00 01B47021 */  addu    $t6, $t5, $s4              
/* 01904 808F2B04 25CF0208 */  addiu   $t7, $t6, 0x0208           ## $t7 = 00000208
/* 01908 808F2B08 4480A000 */  mtc1    $zero, $f20                ## $f20 = 0.00
/* 0190C 808F2B0C AFAF0058 */  sw      $t7, 0x0058($sp)           
/* 01910 808F2B10 26910208 */  addiu   $s1, $s4, 0x0208           ## $s1 = 00000208
.L808F2B14:
/* 01914 808F2B14 4600A306 */  mov.s   $f12, $f20                 
/* 01918 808F2B18 4600A386 */  mov.s   $f14, $f20                 
/* 0191C 808F2B1C 3C06C4FA */  lui     $a2, 0xC4FA                ## $a2 = C4FA0000
/* 01920 808F2B20 0C0600A7 */  jal     func_8018029C              
/* 01924 808F2B24 24070001 */  addiu   $a3, $zero, 0x0001         ## $a3 = 00000001
/* 01928 808F2B28 8EB002B0 */  lw      $s0, 0x02B0($s5)           ## 000002B0
/* 0192C 808F2B2C 3C19DA38 */  lui     $t9, 0xDA38                ## $t9 = DA380000
/* 01930 808F2B30 37390003 */  ori     $t9, $t9, 0x0003           ## $t9 = DA380003
/* 01934 808F2B34 26180008 */  addiu   $t8, $s0, 0x0008           ## $t8 = 00000008
/* 01938 808F2B38 AEB802B0 */  sw      $t8, 0x02B0($s5)           ## 000002B0
/* 0193C 808F2B3C AE190000 */  sw      $t9, 0x0000($s0)           ## 00000000
/* 01940 808F2B40 0C060690 */  jal     func_80181A40              
/* 01944 808F2B44 8EC40000 */  lw      $a0, 0x0000($s6)           ## 00000000
/* 01948 808F2B48 AE020004 */  sw      $v0, 0x0004($s0)           ## 00000004
/* 0194C 808F2B4C 8EA302B0 */  lw      $v1, 0x02B0($s5)           ## 000002B0
/* 01950 808F2B50 3C09DE00 */  lui     $t1, 0xDE00                ## $t1 = DE000000
/* 01954 808F2B54 24680008 */  addiu   $t0, $v1, 0x0008           ## $t0 = 00000008
/* 01958 808F2B58 AEA802B0 */  sw      $t0, 0x02B0($s5)           ## 000002B0
/* 0195C 808F2B5C AC690000 */  sw      $t1, 0x0000($v1)           ## 00000000
/* 01960 808F2B60 8E4A0000 */  lw      $t2, 0x0000($s2)           ## 808F2E2C
/* 01964 808F2B64 AC6A0004 */  sw      $t2, 0x0004($v1)           ## 00000004
/* 01968 808F2B68 0C0606D4 */  jal     func_80181B50              
/* 0196C 808F2B6C 02202025 */  or      $a0, $s1, $zero            ## $a0 = 00000208
/* 01970 808F2B70 56600009 */  bnel    $s3, $zero, .L808F2B98     
/* 01974 808F2B74 8FAD0058 */  lw      $t5, 0x0058($sp)           
/* 01978 808F2B78 8E8C0188 */  lw      $t4, 0x0188($s4)           ## 00000188
/* 0197C 808F2B7C 3C0B808F */  lui     $t3, %hi(func_808F1C84)    ## $t3 = 808F0000
/* 01980 808F2B80 256B1C84 */  addiu   $t3, $t3, %lo(func_808F1C84) ## $t3 = 808F1C84
/* 01984 808F2B84 556C0004 */  bnel    $t3, $t4, .L808F2B98       
/* 01988 808F2B88 8FAD0058 */  lw      $t5, 0x0058($sp)           
/* 0198C 808F2B8C 0C0606D4 */  jal     func_80181B50              
/* 01990 808F2B90 2684003C */  addiu   $a0, $s4, 0x003C           ## $a0 = 0000003C
/* 01994 808F2B94 8FAD0058 */  lw      $t5, 0x0058($sp)           
.L808F2B98:
/* 01998 808F2B98 2631000C */  addiu   $s1, $s1, 0x000C           ## $s1 = 00000214
/* 0199C 808F2B9C 26520004 */  addiu   $s2, $s2, 0x0004           ## $s2 = 808F2E30
/* 019A0 808F2BA0 162DFFDC */  bne     $s1, $t5, .L808F2B14       
/* 019A4 808F2BA4 2673000C */  addiu   $s3, $s3, 0x000C           ## $s3 = 0000000C
.L808F2BA8:
/* 019A8 808F2BA8 0C02B968 */  jal     func_800AE5A0              
/* 019AC 808F2BAC 02C02025 */  or      $a0, $s6, $zero            ## $a0 = 00000000
.L808F2BB0:
/* 019B0 808F2BB0 3C05808F */  lui     $a1, %hi(D_808F2E28)       ## $a1 = 808F0000
/* 019B4 808F2BB4 3C10808F */  lui     $s0, %hi(func_808F15B0)    ## $s0 = 808F0000
/* 019B8 808F2BB8 3C11808F */  lui     $s1, %hi(func_808F1C84)    ## $s1 = 808F0000
/* 019BC 808F2BBC 26311C84 */  addiu   $s1, $s1, %lo(func_808F1C84) ## $s1 = 808F1C84
/* 019C0 808F2BC0 261015B0 */  addiu   $s0, $s0, %lo(func_808F15B0) ## $s0 = 808F15B0
/* 019C4 808F2BC4 24A52E28 */  addiu   $a1, $a1, %lo(D_808F2E28)  ## $a1 = 808F2E28
/* 019C8 808F2BC8 02C02025 */  or      $a0, $s6, $zero            ## $a0 = 00000000
/* 019CC 808F2BCC 24060001 */  addiu   $a2, $zero, 0x0001         ## $a2 = 00000001
/* 019D0 808F2BD0 0C02B8A8 */  jal     func_800AE2A0              
/* 019D4 808F2BD4 24070002 */  addiu   $a3, $zero, 0x0002         ## $a3 = 00000002
/* 019D8 808F2BD8 C68C0008 */  lwc1    $f12, 0x0008($s4)          ## 00000008
/* 019DC 808F2BDC C68E000C */  lwc1    $f14, 0x000C($s4)          ## 0000000C
/* 019E0 808F2BE0 8E860010 */  lw      $a2, 0x0010($s4)           ## 00000010
/* 019E4 808F2BE4 0C0600A7 */  jal     func_8018029C              
/* 019E8 808F2BE8 00003825 */  or      $a3, $zero, $zero          ## $a3 = 00000000
/* 019EC 808F2BEC 8E8E0188 */  lw      $t6, 0x0188($s4)           ## 00000188
/* 019F0 808F2BF0 120E0003 */  beq     $s0, $t6, .L808F2C00       
/* 019F4 808F2BF4 3C01808F */  lui     $at, %hi(D_808F2E74)       ## $at = 808F0000
/* 019F8 808F2BF8 C42C2E74 */  lwc1    $f12, %lo(D_808F2E74)($at) 
/* 019FC 808F2BFC E7AC008C */  swc1    $f12, 0x008C($sp)          
.L808F2C00:
/* 01A00 808F2C00 C7AC008C */  lwc1    $f12, 0x008C($sp)          
/* 01A04 808F2C04 24070001 */  addiu   $a3, $zero, 0x0001         ## $a3 = 00000001
/* 01A08 808F2C08 44066000 */  mfc1    $a2, $f12                  
/* 01A0C 808F2C0C 0C0600E7 */  jal     func_8018039C              
/* 01A10 808F2C10 46006386 */  mov.s   $f14, $f12                 
/* 01A14 808F2C14 86840016 */  lh      $a0, 0x0016($s4)           ## 00000016
/* 01A18 808F2C18 0C06026B */  jal     func_801809AC              
/* 01A1C 808F2C1C 24050001 */  addiu   $a1, $zero, 0x0001         ## $a1 = 00000001
/* 01A20 808F2C20 8EB002B0 */  lw      $s0, 0x02B0($s5)           ## 000002B0
/* 01A24 808F2C24 3C18DA38 */  lui     $t8, 0xDA38                ## $t8 = DA380000
/* 01A28 808F2C28 37180003 */  ori     $t8, $t8, 0x0003           ## $t8 = DA380003
/* 01A2C 808F2C2C 260F0008 */  addiu   $t7, $s0, 0x0008           ## $t7 = 808F15B8
/* 01A30 808F2C30 AEAF02B0 */  sw      $t7, 0x02B0($s5)           ## 000002B0
/* 01A34 808F2C34 AE180000 */  sw      $t8, 0x0000($s0)           ## 808F15B0
/* 01A38 808F2C38 0C060690 */  jal     func_80181A40              
/* 01A3C 808F2C3C 8EC40000 */  lw      $a0, 0x0000($s6)           ## 00000000
/* 01A40 808F2C40 AE020004 */  sw      $v0, 0x0004($s0)           ## 808F15B4
/* 01A44 808F2C44 8EA302B0 */  lw      $v1, 0x02B0($s5)           ## 000002B0
/* 01A48 808F2C48 3C090600 */  lui     $t1, 0x0600                ## $t1 = 06000000
/* 01A4C 808F2C4C 252910F0 */  addiu   $t1, $t1, 0x10F0           ## $t1 = 060010F0
/* 01A50 808F2C50 24790008 */  addiu   $t9, $v1, 0x0008           ## $t9 = 00000008
/* 01A54 808F2C54 AEB902B0 */  sw      $t9, 0x02B0($s5)           ## 000002B0
/* 01A58 808F2C58 3C08DE00 */  lui     $t0, 0xDE00                ## $t0 = DE000000
/* 01A5C 808F2C5C AC680000 */  sw      $t0, 0x0000($v1)           ## 00000000
/* 01A60 808F2C60 AC690004 */  sw      $t1, 0x0004($v1)           ## 00000004
/* 01A64 808F2C64 8E8A0188 */  lw      $t2, 0x0188($s4)           ## 00000188
/* 01A68 808F2C68 2404C000 */  addiu   $a0, $zero, 0xC000         ## $a0 = FFFFC000
/* 01A6C 808F2C6C 162A001C */  bne     $s1, $t2, .L808F2CE0       
/* 01A70 808F2C70 00000000 */  nop
/* 01A74 808F2C74 868B00BE */  lh      $t3, 0x00BE($s4)           ## 000000BE
/* 01A78 808F2C78 868C0016 */  lh      $t4, 0x0016($s4)           ## 00000016
/* 01A7C 808F2C7C 00003025 */  or      $a2, $zero, $zero          ## $a2 = 00000000
/* 01A80 808F2C80 24070001 */  addiu   $a3, $zero, 0x0001         ## $a3 = 00000001
/* 01A84 808F2C84 016C2823 */  subu    $a1, $t3, $t4              
/* 01A88 808F2C88 00052C00 */  sll     $a1, $a1, 16               
/* 01A8C 808F2C8C 0C06040F */  jal     func_8018103C              
/* 01A90 808F2C90 00052C03 */  sra     $a1, $a1, 16               
/* 01A94 808F2C94 8EB002B0 */  lw      $s0, 0x02B0($s5)           ## 000002B0
/* 01A98 808F2C98 3C0EDA38 */  lui     $t6, 0xDA38                ## $t6 = DA380000
/* 01A9C 808F2C9C 35CE0003 */  ori     $t6, $t6, 0x0003           ## $t6 = DA380003
/* 01AA0 808F2CA0 260D0008 */  addiu   $t5, $s0, 0x0008           ## $t5 = 808F15B8
/* 01AA4 808F2CA4 AEAD02B0 */  sw      $t5, 0x02B0($s5)           ## 000002B0
/* 01AA8 808F2CA8 AE0E0000 */  sw      $t6, 0x0000($s0)           ## 808F15B0
/* 01AAC 808F2CAC 0C060690 */  jal     func_80181A40              
/* 01AB0 808F2CB0 8EC40000 */  lw      $a0, 0x0000($s6)           ## 00000000
/* 01AB4 808F2CB4 AE020004 */  sw      $v0, 0x0004($s0)           ## 808F15B4
/* 01AB8 808F2CB8 8EA302B0 */  lw      $v1, 0x02B0($s5)           ## 000002B0
/* 01ABC 808F2CBC 3C190600 */  lui     $t9, 0x0600                ## $t9 = 06000000
/* 01AC0 808F2CC0 27391828 */  addiu   $t9, $t9, 0x1828           ## $t9 = 06001828
/* 01AC4 808F2CC4 246F0008 */  addiu   $t7, $v1, 0x0008           ## $t7 = 00000008
/* 01AC8 808F2CC8 AEAF02B0 */  sw      $t7, 0x02B0($s5)           ## 000002B0
/* 01ACC 808F2CCC 3C18DE00 */  lui     $t8, 0xDE00                ## $t8 = DE000000
/* 01AD0 808F2CD0 AC780000 */  sw      $t8, 0x0000($v1)           ## 00000000
/* 01AD4 808F2CD4 AC790004 */  sw      $t9, 0x0004($v1)           ## 00000004
/* 01AD8 808F2CD8 0C0606D4 */  jal     func_80181B50              
/* 01ADC 808F2CDC 26840220 */  addiu   $a0, $s4, 0x0220           ## $a0 = 00000220
.L808F2CE0:
/* 01AE0 808F2CE0 0C02B968 */  jal     func_800AE5A0              
/* 01AE4 808F2CE4 02C02025 */  or      $a0, $s6, $zero            ## $a0 = 00000000
/* 01AE8 808F2CE8 8688001C */  lh      $t0, 0x001C($s4)           ## 0000001C
/* 01AEC 808F2CEC 24010002 */  addiu   $at, $zero, 0x0002         ## $at = 00000002
/* 01AF0 808F2CF0 24070004 */  addiu   $a3, $zero, 0x0004         ## $a3 = 00000004
/* 01AF4 808F2CF4 15010003 */  bne     $t0, $at, .L808F2D04       
/* 01AF8 808F2CF8 00000000 */  nop
/* 01AFC 808F2CFC 10000001 */  beq     $zero, $zero, .L808F2D04   
/* 01B00 808F2D00 24070001 */  addiu   $a3, $zero, 0x0001         ## $a3 = 00000001
.L808F2D04:
/* 01B04 808F2D04 C69001F4 */  lwc1    $f16, 0x01F4($s4)          ## 000001F4
/* 01B08 808F2D08 02C02025 */  or      $a0, $s6, $zero            ## $a0 = 00000000
/* 01B0C 808F2D0C 02802825 */  or      $a1, $s4, $zero            ## $a1 = 00000000
/* 01B10 808F2D10 E7B00010 */  swc1    $f16, 0x0010($sp)          
/* 01B14 808F2D14 C69201F8 */  lwc1    $f18, 0x01F8($s4)          ## 000001F8
/* 01B18 808F2D18 8FA60050 */  lw      $a2, 0x0050($sp)           
/* 01B1C 808F2D1C E7B20014 */  swc1    $f18, 0x0014($sp)          
/* 01B20 808F2D20 C68401F0 */  lwc1    $f4, 0x01F0($s4)           ## 000001F0
/* 01B24 808F2D24 E7A40018 */  swc1    $f4, 0x0018($sp)           
/* 01B28 808F2D28 928901EC */  lbu     $t1, 0x01EC($s4)           ## 000001EC
/* 01B2C 808F2D2C 0C02F9A0 */  jal     func_800BE680              
/* 01B30 808F2D30 AFA9001C */  sw      $t1, 0x001C($sp)           
/* 01B34 808F2D34 8E8A022C */  lw      $t2, 0x022C($s4)           ## 0000022C
/* 01B38 808F2D38 02802025 */  or      $a0, $s4, $zero            ## $a0 = 00000000
/* 01B3C 808F2D3C 51400004 */  beql    $t2, $zero, .L808F2D50     
/* 01B40 808F2D40 8FBF004C */  lw      $ra, 0x004C($sp)           
/* 01B44 808F2D44 0C23CA03 */  jal     func_808F280C              
/* 01B48 808F2D48 02C02825 */  or      $a1, $s6, $zero            ## $a1 = 00000000
/* 01B4C 808F2D4C 8FBF004C */  lw      $ra, 0x004C($sp)           
.L808F2D50:
/* 01B50 808F2D50 D7B40028 */  ldc1    $f20, 0x0028($sp)          
/* 01B54 808F2D54 8FB00030 */  lw      $s0, 0x0030($sp)           
/* 01B58 808F2D58 8FB10034 */  lw      $s1, 0x0034($sp)           
/* 01B5C 808F2D5C 8FB20038 */  lw      $s2, 0x0038($sp)           
/* 01B60 808F2D60 8FB3003C */  lw      $s3, 0x003C($sp)           
/* 01B64 808F2D64 8FB40040 */  lw      $s4, 0x0040($sp)           
/* 01B68 808F2D68 8FB50044 */  lw      $s5, 0x0044($sp)           
/* 01B6C 808F2D6C 8FB60048 */  lw      $s6, 0x0048($sp)           
/* 01B70 808F2D70 03E00008 */  jr      $ra                        
/* 01B74 808F2D74 27BD00A0 */  addiu   $sp, $sp, 0x00A0           ## $sp = 00000000
/* 01B78 808F2D78 00000000 */  nop
/* 01B7C 808F2D7C 00000000 */  nop

.section .data

D_808F2D80: .word 0x00660500, 0x00000005, 0x00310000, 0x000002C8
.word func_808F1200
.word func_808F1334
.word func_808F25A4
.word func_808F28F8
D_808F2DA0: .word \
0x0C000900, 0x10010000, 0x00000000, 0x00000000, \
0x00000000, 0xF7CFFFFF, 0x00000000, 0x00010000, \
0x00070019, 0x00000000, 0x00000000
D_808F2DCC: .word \
0x0C110039, 0x10010000, 0x00000000, 0xF7CFFFFF, \
0x00040000, 0x00000000, 0x00000000, 0x11000100
D_808F2DEC: .word 0x00040019, 0x00000000, 0x00000000
D_808F2DF8: .word 0x0100000F, 0x0050FE00
D_808F2E00: .word \
0x00030101, 0x01010001, 0x02010121, 0x32420101, \
0x01020051, 0x00000101, 0x01000000, 0x00000001
D_808F2E20: .word 0xB05409C4, 0x001F0001
D_808F2E28: .word 0x00000000
D_808F2E2C: .word \
0x06001330, 0x06001628, 0x06001828, 0x00000000, \
0x00000000

.section .rodata

D_808F2E40: .word 0x3E99999A
D_808F2E44: .word 0x3E4CCCCD
D_808F2E48: .word 0x3D4CCCCD
D_808F2E4C: .word 0x3BA3D70A
D_808F2E50: .word 0xBF4CCCCD
D_808F2E54: .word 0xBF4CCCCD
D_808F2E58: .word 0x3BA3D70A
D_808F2E5C: .word 0x3D4CCCCD
D_808F2E60: .word 0x3BA3D70A
D_808F2E64: .word 0x3C23D70A
D_808F2E68: .word 0x3E19999A
D_808F2E6C: .word 0x3C23D70A
D_808F2E70: .word 0x3A03126F
D_808F2E74: .word 0x3C23D70A, 0x00000000, 0x00000000


.section .rodata
D_808F2E80:
.incbin "baserom/En_Karebaba", 0x1C80, 0x00000230
