.include "macro.inc"

# assembler directives
.set noat      # allow manual use of $at
.set noreorder # don't insert nops after branches
.set gp=64     # allow use of 64-bit general purpose registers

.section .text
glabel func_80C090D0
/* 00000 80C090D0 27BDFFC0 */  addiu   $sp, $sp, 0xFFC0           ## $sp = FFFFFFC0
/* 00004 80C090D4 AFB00028 */  sw      $s0, 0x0028($sp)           
/* 00008 80C090D8 00808025 */  or      $s0, $a0, $zero            ## $s0 = 00000000
/* 0000C 80C090DC AFBF002C */  sw      $ra, 0x002C($sp)           
/* 00010 80C090E0 AFA50044 */  sw      $a1, 0x0044($sp)           
/* 00014 80C090E4 02002025 */  or      $a0, $s0, $zero            ## $a0 = 00000000
/* 00018 80C090E8 0C02D9F8 */  jal     func_800B67E0              
/* 0001C 80C090EC 24050000 */  addiu   $a1, $zero, 0x0000         ## $a1 = 00000000
/* 00020 80C090F0 3C0E80C1 */  lui     $t6, %hi(func_80C09B50)    ## $t6 = 80C10000
/* 00024 80C090F4 25CE9B50 */  addiu   $t6, $t6, %lo(func_80C09B50) ## $t6 = 80C09B50
/* 00028 80C090F8 3C06800B */  lui     $a2, 0x800B                ## $a2 = 800B0000
/* 0002C 80C090FC AE0E02D8 */  sw      $t6, 0x02D8($s0)           ## 000002D8
/* 00030 80C09100 24C63FC0 */  addiu   $a2, $a2, 0x3FC0           ## $a2 = 800B3FC0
/* 00034 80C09104 260400BC */  addiu   $a0, $s0, 0x00BC           ## $a0 = 000000BC
/* 00038 80C09108 24050000 */  addiu   $a1, $zero, 0x0000         ## $a1 = 00000000
/* 0003C 80C0910C 0C02CEE9 */  jal     func_800B3BA4              
/* 00040 80C09110 3C074140 */  lui     $a3, 0x4140                ## $a3 = 41400000
/* 00044 80C09114 26050144 */  addiu   $a1, $s0, 0x0144           ## $a1 = 00000144
/* 00048 80C09118 3C060600 */  lui     $a2, 0x0600                ## $a2 = 06000000
/* 0004C 80C0911C 3C070600 */  lui     $a3, 0x0600                ## $a3 = 06000000
/* 00050 80C09120 260F0188 */  addiu   $t7, $s0, 0x0188           ## $t7 = 00000188
/* 00054 80C09124 26180206 */  addiu   $t8, $s0, 0x0206           ## $t8 = 00000206
/* 00058 80C09128 24190015 */  addiu   $t9, $zero, 0x0015         ## $t9 = 00000015
/* 0005C 80C0912C AFB90018 */  sw      $t9, 0x0018($sp)           
/* 00060 80C09130 AFB80014 */  sw      $t8, 0x0014($sp)           
/* 00064 80C09134 AFAF0010 */  sw      $t7, 0x0010($sp)           
/* 00068 80C09138 24E72770 */  addiu   $a3, $a3, 0x2770           ## $a3 = 06002770
/* 0006C 80C0913C 24C67FA8 */  addiu   $a2, $a2, 0x7FA8           ## $a2 = 06007FA8
/* 00070 80C09140 AFA50034 */  sw      $a1, 0x0034($sp)           
/* 00074 80C09144 0C04DACC */  jal     func_80136B30              
/* 00078 80C09148 8FA40044 */  lw      $a0, 0x0044($sp)           
/* 0007C 80C0914C 3C050600 */  lui     $a1, 0x0600                ## $a1 = 06000000
/* 00080 80C09150 24A52770 */  addiu   $a1, $a1, 0x2770           ## $a1 = 06002770
/* 00084 80C09154 0C04DD50 */  jal     func_80137540              
/* 00088 80C09158 8FA40034 */  lw      $a0, 0x0034($sp)           
/* 0008C 80C0915C 26050284 */  addiu   $a1, $s0, 0x0284           ## $a1 = 00000284
/* 00090 80C09160 3C0780C1 */  lui     $a3, %hi(D_80C09D50)       ## $a3 = 80C10000
/* 00094 80C09164 24E79D50 */  addiu   $a3, $a3, %lo(D_80C09D50)  ## $a3 = 80C09D50
/* 00098 80C09168 AFA50034 */  sw      $a1, 0x0034($sp)           
/* 0009C 80C0916C 8FA40044 */  lw      $a0, 0x0044($sp)           
/* 000A0 80C09170 0C0384DD */  jal     func_800E1374              
/* 000A4 80C09174 02003025 */  or      $a2, $s0, $zero            ## $a2 = 00000000
/* 000A8 80C09178 8FA50034 */  lw      $a1, 0x0034($sp)           
/* 000AC 80C0917C 240800FF */  addiu   $t0, $zero, 0x00FF         ## $t0 = 000000FF
/* 000B0 80C09180 A20800B6 */  sb      $t0, 0x00B6($s0)           ## 000000B6
/* 000B4 80C09184 0C039F7E */  jal     func_800E7DF8              
/* 000B8 80C09188 02002025 */  or      $a0, $s0, $zero            ## $a0 = 00000000
/* 000BC 80C0918C 3C01C110 */  lui     $at, 0xC110                ## $at = C1100000
/* 000C0 80C09190 44810000 */  mtc1    $at, $f0                   ## $f0 = -9.00
/* 000C4 80C09194 3C01BF80 */  lui     $at, 0xBF80                ## $at = BF800000
/* 000C8 80C09198 44812000 */  mtc1    $at, $f4                   ## $f4 = -1.00
/* 000CC 80C0919C E6000068 */  swc1    $f0, 0x0068($s0)           ## 00000068
/* 000D0 80C091A0 E6000078 */  swc1    $f0, 0x0078($s0)           ## 00000078
/* 000D4 80C091A4 E6040074 */  swc1    $f4, 0x0074($s0)           ## 00000074
/* 000D8 80C091A8 0C04900F */  jal     func_8012403C              
/* 000DC 80C091AC 8FA40044 */  lw      $a0, 0x0044($sp)           
/* 000E0 80C091B0 24010005 */  addiu   $at, $zero, 0x0005         ## $at = 00000005
/* 000E4 80C091B4 14410008 */  bne     $v0, $at, .L80C091D8       
/* 000E8 80C091B8 00000000 */  nop
/* 000EC 80C091BC 8605001C */  lh      $a1, 0x001C($s0)           ## 0000001C
/* 000F0 80C091C0 8FA40044 */  lw      $a0, 0x0044($sp)           
/* 000F4 80C091C4 30A5FE00 */  andi    $a1, $a1, 0xFE00           ## $a1 = 00000000
/* 000F8 80C091C8 0C02D75B */  jal     func_800B5D6C              
/* 000FC 80C091CC 00052A43 */  sra     $a1, $a1,  9               
/* 00100 80C091D0 10400005 */  beq     $v0, $zero, .L80C091E8     
/* 00104 80C091D4 24090078 */  addiu   $t1, $zero, 0x0078         ## $t1 = 00000078
.L80C091D8:
/* 00108 80C091D8 0C02D9C3 */  jal     func_800B670C              
/* 0010C 80C091DC 02002025 */  or      $a0, $s0, $zero            ## $a0 = 00000000
/* 00110 80C091E0 10000007 */  beq     $zero, $zero, .L80C09200   
/* 00114 80C091E4 8FBF002C */  lw      $ra, 0x002C($sp)           
.L80C091E8:
/* 00118 80C091E8 8E0A0004 */  lw      $t2, 0x0004($s0)           ## 00000004
/* 0011C 80C091EC 2401FFFE */  addiu   $at, $zero, 0xFFFE         ## $at = FFFFFFFE
/* 00120 80C091F0 A60902D6 */  sh      $t1, 0x02D6($s0)           ## 000002D6
/* 00124 80C091F4 01415824 */  and     $t3, $t2, $at              
/* 00128 80C091F8 AE0B0004 */  sw      $t3, 0x0004($s0)           ## 00000004
/* 0012C 80C091FC 8FBF002C */  lw      $ra, 0x002C($sp)           
.L80C09200:
/* 00130 80C09200 8FB00028 */  lw      $s0, 0x0028($sp)           
/* 00134 80C09204 27BD0040 */  addiu   $sp, $sp, 0x0040           ## $sp = 00000000
/* 00138 80C09208 03E00008 */  jr      $ra                        
/* 0013C 80C0920C 00000000 */  nop


glabel func_80C09210
/* 00140 80C09210 27BDFFE8 */  addiu   $sp, $sp, 0xFFE8           ## $sp = FFFFFFE8
/* 00144 80C09214 AFBF0014 */  sw      $ra, 0x0014($sp)           
/* 00148 80C09218 00803025 */  or      $a2, $a0, $zero            ## $a2 = 00000000
/* 0014C 80C0921C 00A03825 */  or      $a3, $a1, $zero            ## $a3 = 00000000
/* 00150 80C09220 00E02025 */  or      $a0, $a3, $zero            ## $a0 = 00000000
/* 00154 80C09224 0C03847B */  jal     func_800E11EC              
/* 00158 80C09228 24C50284 */  addiu   $a1, $a2, 0x0284           ## $a1 = 00000284
/* 0015C 80C0922C 8FBF0014 */  lw      $ra, 0x0014($sp)           
/* 00160 80C09230 27BD0018 */  addiu   $sp, $sp, 0x0018           ## $sp = 00000000
/* 00164 80C09234 03E00008 */  jr      $ra                        
/* 00168 80C09238 00000000 */  nop


glabel func_80C0923C
/* 0016C 80C0923C 27BDFF68 */  addiu   $sp, $sp, 0xFF68           ## $sp = FFFFFF68
/* 00170 80C09240 AFB70068 */  sw      $s7, 0x0068($sp)           
/* 00174 80C09244 AFB60064 */  sw      $s6, 0x0064($sp)           
/* 00178 80C09248 00C0B025 */  or      $s6, $a2, $zero            ## $s6 = 00000000
/* 0017C 80C0924C 00A0B825 */  or      $s7, $a1, $zero            ## $s7 = 00000000
/* 00180 80C09250 AFBF006C */  sw      $ra, 0x006C($sp)           
/* 00184 80C09254 AFB50060 */  sw      $s5, 0x0060($sp)           
/* 00188 80C09258 AFB4005C */  sw      $s4, 0x005C($sp)           
/* 0018C 80C0925C AFB30058 */  sw      $s3, 0x0058($sp)           
/* 00190 80C09260 AFB20054 */  sw      $s2, 0x0054($sp)           
/* 00194 80C09264 AFB10050 */  sw      $s1, 0x0050($sp)           
/* 00198 80C09268 AFB0004C */  sw      $s0, 0x004C($sp)           
/* 0019C 80C0926C F7BA0040 */  sdc1    $f26, 0x0040($sp)          
/* 001A0 80C09270 F7B80038 */  sdc1    $f24, 0x0038($sp)          
/* 001A4 80C09274 F7B60030 */  sdc1    $f22, 0x0030($sp)          
/* 001A8 80C09278 F7B40028 */  sdc1    $f20, 0x0028($sp)          
/* 001AC 80C0927C C4840024 */  lwc1    $f4, 0x0024($a0)           ## 00000024
/* 001B0 80C09280 3C1580C1 */  lui     $s5, %hi(D_80C09D80)       ## $s5 = 80C10000
/* 001B4 80C09284 26B59D80 */  addiu   $s5, $s5, %lo(D_80C09D80)  ## $s5 = 80C09D80
/* 001B8 80C09288 E7A40070 */  swc1    $f4, 0x0070($sp)           
/* 001BC 80C0928C C4860028 */  lwc1    $f6, 0x0028($a0)           ## 00000028
/* 001C0 80C09290 00008025 */  or      $s0, $zero, $zero          ## $s0 = 00000000
/* 001C4 80C09294 3C0180C1 */  lui     $at, %hi(D_80C09D90)       ## $at = 80C10000
/* 001C8 80C09298 E7A60074 */  swc1    $f6, 0x0074($sp)           
/* 001CC 80C0929C C488002C */  lwc1    $f8, 0x002C($a0)           ## 0000002C
/* 001D0 80C092A0 3C1480C1 */  lui     $s4, %hi(D_80C09D7C)       ## $s4 = 80C10000
/* 001D4 80C092A4 1AC0002B */  blez    $s6, .L80C09354            
/* 001D8 80C092A8 E7A80078 */  swc1    $f8, 0x0078($sp)           
/* 001DC 80C092AC C43A9D90 */  lwc1    $f26, %lo(D_80C09D90)($at) 
/* 001E0 80C092B0 3C0180C1 */  lui     $at, %hi(D_80C09D94)       ## $at = 80C10000
/* 001E4 80C092B4 C4389D94 */  lwc1    $f24, %lo(D_80C09D94)($at) 
/* 001E8 80C092B8 3C0140C0 */  lui     $at, 0x40C0                ## $at = 40C00000
/* 001EC 80C092BC 4481B000 */  mtc1    $at, $f22                  ## $f22 = 6.00
/* 001F0 80C092C0 3C014120 */  lui     $at, 0x4120                ## $at = 41200000
/* 001F4 80C092C4 4481A000 */  mtc1    $at, $f20                  ## $f20 = 10.00
/* 001F8 80C092C8 26949D7C */  addiu   $s4, $s4, %lo(D_80C09D7C)  ## $s4 = 80C09D7C
/* 001FC 80C092CC 27B30088 */  addiu   $s3, $sp, 0x0088           ## $s3 = FFFFFFF0
/* 00200 80C092D0 27B2007C */  addiu   $s2, $sp, 0x007C           ## $s2 = FFFFFFE4
/* 00204 80C092D4 27B10070 */  addiu   $s1, $sp, 0x0070           ## $s1 = FFFFFFD8
.L80C092D8:
/* 00208 80C092D8 0C05E570 */  jal     func_801795C0              
/* 0020C 80C092DC 4600A306 */  mov.s   $f12, $f20                 
/* 00210 80C092E0 E7A0007C */  swc1    $f0, 0x007C($sp)           
/* 00214 80C092E4 0C05E565 */  jal     func_80179594              
/* 00218 80C092E8 4600B306 */  mov.s   $f12, $f22                 
/* 0021C 80C092EC E7A00080 */  swc1    $f0, 0x0080($sp)           
/* 00220 80C092F0 0C05E570 */  jal     func_801795C0              
/* 00224 80C092F4 4600A306 */  mov.s   $f12, $f20                 
/* 00228 80C092F8 C7AA007C */  lwc1    $f10, 0x007C($sp)          
/* 0022C 80C092FC 240E0190 */  addiu   $t6, $zero, 0x0190         ## $t6 = 00000190
/* 00230 80C09300 240F0014 */  addiu   $t7, $zero, 0x0014         ## $t7 = 00000014
/* 00234 80C09304 46005407 */  neg.s   $f16, $f10                 
/* 00238 80C09308 24180014 */  addiu   $t8, $zero, 0x0014         ## $t8 = 00000014
/* 0023C 80C0930C 46188082 */  mul.s   $f2, $f16, $f24            
/* 00240 80C09310 E7A00084 */  swc1    $f0, 0x0084($sp)           
/* 00244 80C09314 E7BA008C */  swc1    $f26, 0x008C($sp)          
/* 00248 80C09318 AFB80020 */  sw      $t8, 0x0020($sp)           
/* 0024C 80C0931C AFAF001C */  sw      $t7, 0x001C($sp)           
/* 00250 80C09320 AFAE0018 */  sw      $t6, 0x0018($sp)           
/* 00254 80C09324 02E02025 */  or      $a0, $s7, $zero            ## $a0 = 00000000
/* 00258 80C09328 E7A20088 */  swc1    $f2, 0x0088($sp)           
/* 0025C 80C0932C E7A20090 */  swc1    $f2, 0x0090($sp)           
/* 00260 80C09330 02202825 */  or      $a1, $s1, $zero            ## $a1 = FFFFFFD8
/* 00264 80C09334 02403025 */  or      $a2, $s2, $zero            ## $a2 = FFFFFFE4
/* 00268 80C09338 02603825 */  or      $a3, $s3, $zero            ## $a3 = FFFFFFF0
/* 0026C 80C0933C AFB40010 */  sw      $s4, 0x0010($sp)           
/* 00270 80C09340 0C02C3C6 */  jal     func_800B0F18              
/* 00274 80C09344 AFB50014 */  sw      $s5, 0x0014($sp)           
/* 00278 80C09348 26100001 */  addiu   $s0, $s0, 0x0001           ## $s0 = 00000001
/* 0027C 80C0934C 1616FFE2 */  bne     $s0, $s6, .L80C092D8       
/* 00280 80C09350 00000000 */  nop
.L80C09354:
/* 00284 80C09354 8FBF006C */  lw      $ra, 0x006C($sp)           
/* 00288 80C09358 D7B40028 */  ldc1    $f20, 0x0028($sp)          
/* 0028C 80C0935C D7B60030 */  ldc1    $f22, 0x0030($sp)          
/* 00290 80C09360 D7B80038 */  ldc1    $f24, 0x0038($sp)          
/* 00294 80C09364 D7BA0040 */  ldc1    $f26, 0x0040($sp)          
/* 00298 80C09368 8FB0004C */  lw      $s0, 0x004C($sp)           
/* 0029C 80C0936C 8FB10050 */  lw      $s1, 0x0050($sp)           
/* 002A0 80C09370 8FB20054 */  lw      $s2, 0x0054($sp)           
/* 002A4 80C09374 8FB30058 */  lw      $s3, 0x0058($sp)           
/* 002A8 80C09378 8FB4005C */  lw      $s4, 0x005C($sp)           
/* 002AC 80C0937C 8FB50060 */  lw      $s5, 0x0060($sp)           
/* 002B0 80C09380 8FB60064 */  lw      $s6, 0x0064($sp)           
/* 002B4 80C09384 8FB70068 */  lw      $s7, 0x0068($sp)           
/* 002B8 80C09388 03E00008 */  jr      $ra                        
/* 002BC 80C0938C 27BD0098 */  addiu   $sp, $sp, 0x0098           ## $sp = 00000000


glabel func_80C09390
/* 002C0 80C09390 27BDFFE8 */  addiu   $sp, $sp, 0xFFE8           ## $sp = FFFFFFE8
/* 002C4 80C09394 AFBF0014 */  sw      $ra, 0x0014($sp)           
/* 002C8 80C09398 AFA40018 */  sw      $a0, 0x0018($sp)           
/* 002CC 80C0939C 00A03025 */  or      $a2, $a1, $zero            ## $a2 = 00000000
/* 002D0 80C093A0 8CC21CCC */  lw      $v0, 0x1CCC($a2)           ## 00001CCC
/* 002D4 80C093A4 8FA40018 */  lw      $a0, 0x0018($sp)           
/* 002D8 80C093A8 8C4E0A6C */  lw      $t6, 0x0A6C($v0)           ## 00000A6C
/* 002DC 80C093AC 000E7A00 */  sll     $t7, $t6,  8               
/* 002E0 80C093B0 05E10003 */  bgez    $t7, .L80C093C0            
/* 002E4 80C093B4 00000000 */  nop
/* 002E8 80C093B8 10000013 */  beq     $zero, $zero, .L80C09408   
/* 002EC 80C093BC 00001025 */  or      $v0, $zero, $zero          ## $v0 = 00000000
.L80C093C0:
/* 002F0 80C093C0 0C02DCC8 */  jal     func_800B7320              
/* 002F4 80C093C4 24053000 */  addiu   $a1, $zero, 0x3000         ## $a1 = 00003000
/* 002F8 80C093C8 1040000E */  beq     $v0, $zero, .L80C09404     
/* 002FC 80C093CC 8FA40018 */  lw      $a0, 0x0018($sp)           
/* 00300 80C093D0 0C02DCF8 */  jal     func_800B73E0              
/* 00304 80C093D4 24053000 */  addiu   $a1, $zero, 0x3000         ## $a1 = 00003000
/* 00308 80C093D8 1040000A */  beq     $v0, $zero, .L80C09404     
/* 0030C 80C093DC 8FB80018 */  lw      $t8, 0x0018($sp)           
/* 00310 80C093E0 3C0142F0 */  lui     $at, 0x42F0                ## $at = 42F00000
/* 00314 80C093E4 44813000 */  mtc1    $at, $f6                   ## $f6 = 120.00
/* 00318 80C093E8 C7040098 */  lwc1    $f4, 0x0098($t8)           ## 00000098
/* 0031C 80C093EC 4606203C */  c.lt.s  $f4, $f6                   
/* 00320 80C093F0 00000000 */  nop
/* 00324 80C093F4 45020004 */  bc1fl   .L80C09408                 
/* 00328 80C093F8 00001025 */  or      $v0, $zero, $zero          ## $v0 = 00000000
/* 0032C 80C093FC 10000002 */  beq     $zero, $zero, .L80C09408   
/* 00330 80C09400 24020001 */  addiu   $v0, $zero, 0x0001         ## $v0 = 00000001
.L80C09404:
/* 00334 80C09404 00001025 */  or      $v0, $zero, $zero          ## $v0 = 00000000
.L80C09408:
/* 00338 80C09408 8FBF0014 */  lw      $ra, 0x0014($sp)           
/* 0033C 80C0940C 27BD0018 */  addiu   $sp, $sp, 0x0018           ## $sp = 00000000
/* 00340 80C09410 03E00008 */  jr      $ra                        
/* 00344 80C09414 00000000 */  nop


glabel func_80C09418
/* 00348 80C09418 27BDFFD8 */  addiu   $sp, $sp, 0xFFD8           ## $sp = FFFFFFD8
/* 0034C 80C0941C AFB10020 */  sw      $s1, 0x0020($sp)           
/* 00350 80C09420 00808825 */  or      $s1, $a0, $zero            ## $s1 = 00000000
/* 00354 80C09424 AFBF0024 */  sw      $ra, 0x0024($sp)           
/* 00358 80C09428 AFB0001C */  sw      $s0, 0x001C($sp)           
/* 0035C 80C0942C F7B40010 */  sdc1    $f20, 0x0010($sp)          
/* 00360 80C09430 3C0141F0 */  lui     $at, 0x41F0                ## $at = 41F00000
/* 00364 80C09434 4481A000 */  mtc1    $at, $f20                  ## $f20 = 30.00
/* 00368 80C09438 00008025 */  or      $s0, $zero, $zero          ## $s0 = 00000000
.L80C0943C:
/* 0036C 80C0943C 0C05E565 */  jal     func_80179594              
/* 00370 80C09440 4600A306 */  mov.s   $f12, $f20                 
/* 00374 80C09444 4600010D */  trunc.w.s $f4, $f0                   
/* 00378 80C09448 8E2402D0 */  lw      $a0, 0x02D0($s1)           ## 000002D0
/* 0037C 80C0944C 240F0001 */  addiu   $t7, $zero, 0x0001         ## $t7 = 00000001
/* 00380 80C09450 26100001 */  addiu   $s0, $s0, 0x0001           ## $s0 = 00000001
/* 00384 80C09454 44032000 */  mfc1    $v1, $f4                   
/* 00388 80C09458 2A0103E9 */  slti    $at, $s0, 0x03E9           
/* 0038C 80C0945C 006F2804 */  sllv    $a1, $t7, $v1              
/* 00390 80C09460 0085C024 */  and     $t8, $a0, $a1              
/* 00394 80C09464 17000006 */  bne     $t8, $zero, .L80C09480     
/* 00398 80C09468 00031040 */  sll     $v0, $v1,  1               
/* 0039C 80C0946C 0085C825 */  or      $t9, $a0, $a1              ## $t9 = 00000000
/* 003A0 80C09470 244204B6 */  addiu   $v0, $v0, 0x04B6           ## $v0 = 000004B6
/* 003A4 80C09474 AE3902D0 */  sw      $t9, 0x02D0($s1)           ## 000002D0
/* 003A8 80C09478 10000005 */  beq     $zero, $zero, .L80C09490   
/* 003AC 80C0947C 3042FFFF */  andi    $v0, $v0, 0xFFFF           ## $v0 = 000004B6
.L80C09480:
/* 003B0 80C09480 1420FFEE */  bne     $at, $zero, .L80C0943C     
/* 003B4 80C09484 00000000 */  nop
/* 003B8 80C09488 1000FFEC */  beq     $zero, $zero, .L80C0943C   
/* 003BC 80C0948C 00000000 */  nop
.L80C09490:
/* 003C0 80C09490 8FBF0024 */  lw      $ra, 0x0024($sp)           
/* 003C4 80C09494 D7B40010 */  ldc1    $f20, 0x0010($sp)          
/* 003C8 80C09498 8FB0001C */  lw      $s0, 0x001C($sp)           
/* 003CC 80C0949C 8FB10020 */  lw      $s1, 0x0020($sp)           
/* 003D0 80C094A0 03E00008 */  jr      $ra                        
/* 003D4 80C094A4 27BD0028 */  addiu   $sp, $sp, 0x0028           ## $sp = 00000000


glabel func_80C094A8
/* 003D8 80C094A8 27BDFFE8 */  addiu   $sp, $sp, 0xFFE8           ## $sp = FFFFFFE8
/* 003DC 80C094AC AFBF0014 */  sw      $ra, 0x0014($sp)           
/* 003E0 80C094B0 AFA5001C */  sw      $a1, 0x001C($sp)           
/* 003E4 80C094B4 00803025 */  or      $a2, $a0, $zero            ## $a2 = 00000000
/* 003E8 80C094B8 24C40144 */  addiu   $a0, $a2, 0x0144           ## $a0 = 00000144
/* 003EC 80C094BC 0C04DB34 */  jal     func_80136CD0              
/* 003F0 80C094C0 AFA60018 */  sw      $a2, 0x0018($sp)           
/* 003F4 80C094C4 8FA60018 */  lw      $a2, 0x0018($sp)           
/* 003F8 80C094C8 3C0180C1 */  lui     $at, %hi(D_80C09D98)       ## $at = 80C10000
/* 003FC 80C094CC 84C202D6 */  lh      $v0, 0x02D6($a2)           ## 000002D6
/* 00400 80C094D0 1840000B */  blez    $v0, .L80C09500            
/* 00404 80C094D4 244EFFFF */  addiu   $t6, $v0, 0xFFFF           ## $t6 = FFFFFFFF
/* 00408 80C094D8 A4CE02D6 */  sh      $t6, 0x02D6($a2)           ## 000002D6
/* 0040C 80C094DC C4269D98 */  lwc1    $f6, %lo(D_80C09D98)($at)  
/* 00410 80C094E0 C4C40058 */  lwc1    $f4, 0x0058($a2)           ## 00000058
/* 00414 80C094E4 00C02025 */  or      $a0, $a2, $zero            ## $a0 = 00000000
/* 00418 80C094E8 46062202 */  mul.s   $f8, $f4, $f6              
/* 0041C 80C094EC E4C80058 */  swc1    $f8, 0x0058($a2)           ## 00000058
/* 00420 80C094F0 0C02D9F8 */  jal     func_800B67E0              
/* 00424 80C094F4 8CC50058 */  lw      $a1, 0x0058($a2)           ## 00000058
/* 00428 80C094F8 10000004 */  beq     $zero, $zero, .L80C0950C   
/* 0042C 80C094FC 8FBF0014 */  lw      $ra, 0x0014($sp)           
.L80C09500:
/* 00430 80C09500 0C02D9C3 */  jal     func_800B670C              
/* 00434 80C09504 00C02025 */  or      $a0, $a2, $zero            ## $a0 = 00000000
/* 00438 80C09508 8FBF0014 */  lw      $ra, 0x0014($sp)           
.L80C0950C:
/* 0043C 80C0950C 27BD0018 */  addiu   $sp, $sp, 0x0018           ## $sp = 00000000
/* 00440 80C09510 03E00008 */  jr      $ra                        
/* 00444 80C09514 00000000 */  nop


glabel func_80C09518
/* 00448 80C09518 27BDFFD0 */  addiu   $sp, $sp, 0xFFD0           ## $sp = FFFFFFD0
/* 0044C 80C0951C AFB00020 */  sw      $s0, 0x0020($sp)           
/* 00450 80C09520 00808025 */  or      $s0, $a0, $zero            ## $s0 = 00000000
/* 00454 80C09524 AFBF0024 */  sw      $ra, 0x0024($sp)           
/* 00458 80C09528 AFA50034 */  sw      $a1, 0x0034($sp)           
/* 0045C 80C0952C 26040144 */  addiu   $a0, $s0, 0x0144           ## $a0 = 00000144
/* 00460 80C09530 0C04DB34 */  jal     func_80136CD0              
/* 00464 80C09534 AFA40028 */  sw      $a0, 0x0028($sp)           
/* 00468 80C09538 02002025 */  or      $a0, $s0, $zero            ## $a0 = 00000000
/* 0046C 80C0953C 0C02E134 */  jal     func_800B84D0              
/* 00470 80C09540 8FA50034 */  lw      $a1, 0x0034($sp)           
/* 00474 80C09544 10400013 */  beq     $v0, $zero, .L80C09594     
/* 00478 80C09548 3C01447A */  lui     $at, 0x447A                ## $at = 447A0000
/* 0047C 80C0954C 3C0E80C1 */  lui     $t6, %hi(func_80C09708)    ## $t6 = 80C10000
/* 00480 80C09550 25CE9708 */  addiu   $t6, $t6, %lo(func_80C09708) ## $t6 = 80C09708
/* 00484 80C09554 AE0E02D8 */  sw      $t6, 0x02D8($s0)           ## 000002D8
/* 00488 80C09558 8FA40034 */  lw      $a0, 0x0034($sp)           
/* 0048C 80C0955C 0C05464E */  jal     func_80151938              
/* 00490 80C09560 240504B5 */  addiu   $a1, $zero, 0x04B5         ## $a1 = 000004B5
/* 00494 80C09564 8E0F0004 */  lw      $t7, 0x0004($s0)           ## 00000004
/* 00498 80C09568 3C01FFFE */  lui     $at, 0xFFFE                ## $at = FFFE0000
/* 0049C 80C0956C 3421FFFF */  ori     $at, $at, 0xFFFF           ## $at = FFFEFFFF
/* 004A0 80C09570 01E1C024 */  and     $t8, $t7, $at              
/* 004A4 80C09574 AE180004 */  sw      $t8, 0x0004($s0)           ## 00000004
/* 004A8 80C09578 3C050600 */  lui     $a1, 0x0600                ## $a1 = 06000000
/* 004AC 80C0957C 24A50CE8 */  addiu   $a1, $a1, 0x0CE8           ## $a1 = 06000CE8
/* 004B0 80C09580 8FA40028 */  lw      $a0, 0x0028($sp)           
/* 004B4 80C09584 0C04DD65 */  jal     func_80137594              
/* 004B8 80C09588 3C06C0A0 */  lui     $a2, 0xC0A0                ## $a2 = C0A00000
/* 004BC 80C0958C 1000000A */  beq     $zero, $zero, .L80C095B8   
/* 004C0 80C09590 8FBF0024 */  lw      $ra, 0x0024($sp)           
.L80C09594:
/* 004C4 80C09594 44810000 */  mtc1    $at, $f0                   ## $f0 = 0.00
/* 004C8 80C09598 2419FFFF */  addiu   $t9, $zero, 0xFFFF         ## $t9 = FFFFFFFF
/* 004CC 80C0959C AFB90010 */  sw      $t9, 0x0010($sp)           
/* 004D0 80C095A0 44060000 */  mfc1    $a2, $f0                   
/* 004D4 80C095A4 44070000 */  mfc1    $a3, $f0                   
/* 004D8 80C095A8 02002025 */  or      $a0, $s0, $zero            ## $a0 = 00000000
/* 004DC 80C095AC 0C02E140 */  jal     func_800B8500              
/* 004E0 80C095B0 8FA50034 */  lw      $a1, 0x0034($sp)           
/* 004E4 80C095B4 8FBF0024 */  lw      $ra, 0x0024($sp)           
.L80C095B8:
/* 004E8 80C095B8 8FB00020 */  lw      $s0, 0x0020($sp)           
/* 004EC 80C095BC 27BD0030 */  addiu   $sp, $sp, 0x0030           ## $sp = 00000000
/* 004F0 80C095C0 03E00008 */  jr      $ra                        
/* 004F4 80C095C4 00000000 */  nop


glabel func_80C095C8
/* 004F8 80C095C8 27BDFFD8 */  addiu   $sp, $sp, 0xFFD8           ## $sp = FFFFFFD8
/* 004FC 80C095CC AFB00020 */  sw      $s0, 0x0020($sp)           
/* 00500 80C095D0 00808025 */  or      $s0, $a0, $zero            ## $s0 = 00000000
/* 00504 80C095D4 AFBF0024 */  sw      $ra, 0x0024($sp)           
/* 00508 80C095D8 AFA5002C */  sw      $a1, 0x002C($sp)           
/* 0050C 80C095DC 0C04DB34 */  jal     func_80136CD0              
/* 00510 80C095E0 26040144 */  addiu   $a0, $s0, 0x0144           ## $a0 = 00000144
/* 00514 80C095E4 02002025 */  or      $a0, $s0, $zero            ## $a0 = 00000000
/* 00518 80C095E8 0C02E19F */  jal     func_800B867C              
/* 0051C 80C095EC 8FA5002C */  lw      $a1, 0x002C($sp)           
/* 00520 80C095F0 10400010 */  beq     $v0, $zero, .L80C09634     
/* 00524 80C095F4 3C01447A */  lui     $at, 0x447A                ## $at = 447A0000
/* 00528 80C095F8 44810000 */  mtc1    $at, $f0                   ## $f0 = 1000.00
/* 0052C 80C095FC 8E0E0004 */  lw      $t6, 0x0004($s0)           ## 00000004
/* 00530 80C09600 3C010001 */  lui     $at, 0x0001                ## $at = 00010000
/* 00534 80C09604 3C1880C1 */  lui     $t8, %hi(func_80C09518)    ## $t8 = 80C10000
/* 00538 80C09608 27189518 */  addiu   $t8, $t8, %lo(func_80C09518) ## $t8 = 80C09518
/* 0053C 80C0960C 01C17825 */  or      $t7, $t6, $at              ## $t7 = 00010000
/* 00540 80C09610 AE0F0004 */  sw      $t7, 0x0004($s0)           ## 00000004
/* 00544 80C09614 AE1802D8 */  sw      $t8, 0x02D8($s0)           ## 000002D8
/* 00548 80C09618 2419FFFF */  addiu   $t9, $zero, 0xFFFF         ## $t9 = FFFFFFFF
/* 0054C 80C0961C 44060000 */  mfc1    $a2, $f0                   
/* 00550 80C09620 44070000 */  mfc1    $a3, $f0                   
/* 00554 80C09624 AFB90010 */  sw      $t9, 0x0010($sp)           
/* 00558 80C09628 8FA5002C */  lw      $a1, 0x002C($sp)           
/* 0055C 80C0962C 0C02E140 */  jal     func_800B8500              
/* 00560 80C09630 02002025 */  or      $a0, $s0, $zero            ## $a0 = 00000000
.L80C09634:
/* 00564 80C09634 8FBF0024 */  lw      $ra, 0x0024($sp)           
/* 00568 80C09638 8FB00020 */  lw      $s0, 0x0020($sp)           
/* 0056C 80C0963C 27BD0028 */  addiu   $sp, $sp, 0x0028           ## $sp = 00000000
/* 00570 80C09640 03E00008 */  jr      $ra                        
/* 00574 80C09644 00000000 */  nop


glabel func_80C09648
/* 00578 80C09648 27BDFFD8 */  addiu   $sp, $sp, 0xFFD8           ## $sp = FFFFFFD8
/* 0057C 80C0964C AFB00020 */  sw      $s0, 0x0020($sp)           
/* 00580 80C09650 00808025 */  or      $s0, $a0, $zero            ## $s0 = 00000000
/* 00584 80C09654 AFBF0024 */  sw      $ra, 0x0024($sp)           
/* 00588 80C09658 AFA5002C */  sw      $a1, 0x002C($sp)           
/* 0058C 80C0965C 0C04DB34 */  jal     func_80136CD0              
/* 00590 80C09660 26040144 */  addiu   $a0, $s0, 0x0144           ## $a0 = 00000144
/* 00594 80C09664 02002025 */  or      $a0, $s0, $zero            ## $a0 = 00000000
/* 00598 80C09668 0C02E27E */  jal     func_800B89F8              
/* 0059C 80C0966C 8FA5002C */  lw      $a1, 0x002C($sp)           
/* 005A0 80C09670 1040000B */  beq     $v0, $zero, .L80C096A0     
/* 005A4 80C09674 8FA5002C */  lw      $a1, 0x002C($sp)           
/* 005A8 80C09678 3C0E80C1 */  lui     $t6, %hi(func_80C095C8)    ## $t6 = 80C10000
/* 005AC 80C0967C 3C02801F */  lui     $v0, 0x801F                ## $v0 = 801F0000
/* 005B0 80C09680 25CE95C8 */  addiu   $t6, $t6, %lo(func_80C095C8) ## $t6 = 80C095C8
/* 005B4 80C09684 2442F670 */  addiu   $v0, $v0, 0xF670           ## $v0 = 801EF670
/* 005B8 80C09688 AE000120 */  sw      $zero, 0x0120($s0)         ## 00000120
/* 005BC 80C0968C AE0E02D8 */  sw      $t6, 0x02D8($s0)           ## 000002D8
/* 005C0 80C09690 904F0F47 */  lbu     $t7, 0x0F47($v0)           ## 801F05B7
/* 005C4 80C09694 35F80080 */  ori     $t8, $t7, 0x0080           ## $t8 = 00000080
/* 005C8 80C09698 10000016 */  beq     $zero, $zero, .L80C096F4   
/* 005CC 80C0969C A0580F47 */  sb      $t8, 0x0F47($v0)           ## 801F05B7
.L80C096A0:
/* 005D0 80C096A0 3C02801F */  lui     $v0, 0x801F                ## $v0 = 801F0000
/* 005D4 80C096A4 2442F670 */  addiu   $v0, $v0, 0xF670           ## $v0 = 801EF670
/* 005D8 80C096A8 90590F47 */  lbu     $t9, 0x0F47($v0)           ## 801F05B7
/* 005DC 80C096AC 02002025 */  or      $a0, $s0, $zero            ## $a0 = 00000000
/* 005E0 80C096B0 2406000C */  addiu   $a2, $zero, 0x000C         ## $a2 = 0000000C
/* 005E4 80C096B4 33280080 */  andi    $t0, $t9, 0x0080           ## $t0 = 00000000
/* 005E8 80C096B8 1100000A */  beq     $t0, $zero, .L80C096E4     
/* 005EC 80C096BC 3C01447A */  lui     $at, 0x447A                ## $at = 447A0000
/* 005F0 80C096C0 3C01447A */  lui     $at, 0x447A                ## $at = 447A0000
/* 005F4 80C096C4 44812000 */  mtc1    $at, $f4                   ## $f4 = 1000.00
/* 005F8 80C096C8 02002025 */  or      $a0, $s0, $zero            ## $a0 = 00000000
/* 005FC 80C096CC 24060004 */  addiu   $a2, $zero, 0x0004         ## $a2 = 00000004
/* 00600 80C096D0 3C0744FA */  lui     $a3, 0x44FA                ## $a3 = 44FA0000
/* 00604 80C096D4 0C02E287 */  jal     func_800B8A1C              
/* 00608 80C096D8 E7A40010 */  swc1    $f4, 0x0010($sp)           
/* 0060C 80C096DC 10000006 */  beq     $zero, $zero, .L80C096F8   
/* 00610 80C096E0 8FBF0024 */  lw      $ra, 0x0024($sp)           
.L80C096E4:
/* 00614 80C096E4 44813000 */  mtc1    $at, $f6                   ## $f6 = 0.00
/* 00618 80C096E8 3C0744FA */  lui     $a3, 0x44FA                ## $a3 = 44FA0000
/* 0061C 80C096EC 0C02E287 */  jal     func_800B8A1C              
/* 00620 80C096F0 E7A60010 */  swc1    $f6, 0x0010($sp)           
.L80C096F4:
/* 00624 80C096F4 8FBF0024 */  lw      $ra, 0x0024($sp)           
.L80C096F8:
/* 00628 80C096F8 8FB00020 */  lw      $s0, 0x0020($sp)           
/* 0062C 80C096FC 27BD0028 */  addiu   $sp, $sp, 0x0028           ## $sp = 00000000
/* 00630 80C09700 03E00008 */  jr      $ra                        
/* 00634 80C09704 00000000 */  nop


glabel func_80C09708
/* 00638 80C09708 27BDFFD0 */  addiu   $sp, $sp, 0xFFD0           ## $sp = FFFFFFD0
/* 0063C 80C0970C AFB10018 */  sw      $s1, 0x0018($sp)           
/* 00640 80C09710 AFB00014 */  sw      $s0, 0x0014($sp)           
/* 00644 80C09714 00808025 */  or      $s0, $a0, $zero            ## $s0 = 00000000
/* 00648 80C09718 00A08825 */  or      $s1, $a1, $zero            ## $s1 = 00000000
/* 0064C 80C0971C AFBF001C */  sw      $ra, 0x001C($sp)           
/* 00650 80C09720 26040144 */  addiu   $a0, $s0, 0x0144           ## $a0 = 00000144
/* 00654 80C09724 0C04DB34 */  jal     func_80136CD0              
/* 00658 80C09728 AFA40024 */  sw      $a0, 0x0024($sp)           
/* 0065C 80C0972C 10400010 */  beq     $v0, $zero, .L80C09770     
/* 00660 80C09730 8FA40024 */  lw      $a0, 0x0024($sp)           
/* 00664 80C09734 3C050600 */  lui     $a1, 0x0600                ## $a1 = 06000000
/* 00668 80C09738 24A52770 */  addiu   $a1, $a1, 0x2770           ## $a1 = 06002770
/* 0066C 80C0973C 0C04DD65 */  jal     func_80137594              
/* 00670 80C09740 3C06C120 */  lui     $a2, 0xC120                ## $a2 = C1200000
/* 00674 80C09744 3C0E0001 */  lui     $t6, 0x0001                ## $t6 = 00010000
/* 00678 80C09748 01D17021 */  addu    $t6, $t6, $s1              
/* 0067C 80C0974C 95CE680C */  lhu     $t6, 0x680C($t6)           ## 0001680C
/* 00680 80C09750 240104B4 */  addiu   $at, $zero, 0x04B4         ## $at = 000004B4
/* 00684 80C09754 11C10006 */  beq     $t6, $at, .L80C09770       
/* 00688 80C09758 00000000 */  nop
/* 0068C 80C0975C 0C302506 */  jal     func_80C09418              
/* 00690 80C09760 02002025 */  or      $a0, $s0, $zero            ## $a0 = 00000000
/* 00694 80C09764 02202025 */  or      $a0, $s1, $zero            ## $a0 = 00000000
/* 00698 80C09768 0C05464E */  jal     func_80151938              
/* 0069C 80C0976C 3045FFFF */  andi    $a1, $v0, 0xFFFF           ## $a1 = 00000000
.L80C09770:
/* 006A0 80C09770 0C054926 */  jal     func_80152498              
/* 006A4 80C09774 26244908 */  addiu   $a0, $s1, 0x4908           ## $a0 = 00004908
/* 006A8 80C09778 24010004 */  addiu   $at, $zero, 0x0004         ## $at = 00000004
/* 006AC 80C0977C 10410005 */  beq     $v0, $at, .L80C09794       
/* 006B0 80C09780 24010005 */  addiu   $at, $zero, 0x0005         ## $at = 00000005
/* 006B4 80C09784 10410032 */  beq     $v0, $at, .L80C09850       
/* 006B8 80C09788 00000000 */  nop
/* 006BC 80C0978C 1000007C */  beq     $zero, $zero, .L80C09980   
/* 006C0 80C09790 8FBF001C */  lw      $ra, 0x001C($sp)           
.L80C09794:
/* 006C4 80C09794 0C051D89 */  jal     func_80147624              
/* 006C8 80C09798 02202025 */  or      $a0, $s1, $zero            ## $a0 = 00000000
/* 006CC 80C0979C 10400077 */  beq     $v0, $zero, .L80C0997C     
/* 006D0 80C097A0 3C010001 */  lui     $at, 0x0001                ## $at = 00010000
/* 006D4 80C097A4 02211021 */  addu    $v0, $s1, $at              
/* 006D8 80C097A8 90586929 */  lbu     $t8, 0x6929($v0)           ## 00006929
/* 006DC 80C097AC 8C4F6974 */  lw      $t7, 0x6974($v0)           ## 00006974
/* 006E0 80C097B0 27190001 */  addiu   $t9, $t8, 0x0001           ## $t9 = 00000001
/* 006E4 80C097B4 15F90019 */  bne     $t7, $t9, .L80C0981C       
/* 006E8 80C097B8 00000000 */  nop
/* 006EC 80C097BC 0C067C32 */  jal     func_8019F0C8              
/* 006F0 80C097C0 2404485A */  addiu   $a0, $zero, 0x485A         ## $a0 = 0000485A
/* 006F4 80C097C4 860802D6 */  lh      $t0, 0x02D6($s0)           ## 000002D6
/* 006F8 80C097C8 02202025 */  or      $a0, $s1, $zero            ## $a0 = 00000000
/* 006FC 80C097CC 240504B4 */  addiu   $a1, $zero, 0x04B4         ## $a1 = 000004B4
/* 00700 80C097D0 25090001 */  addiu   $t1, $t0, 0x0001           ## $t1 = 00000001
/* 00704 80C097D4 A60902D6 */  sh      $t1, 0x02D6($s0)           ## 000002D6
/* 00708 80C097D8 860A02D6 */  lh      $t2, 0x02D6($s0)           ## 000002D6
/* 0070C 80C097DC 29410005 */  slti    $at, $t2, 0x0005           
/* 00710 80C097E0 10200004 */  beq     $at, $zero, .L80C097F4     
/* 00714 80C097E4 3C010001 */  lui     $at, 0x0001                ## $at = 00010000
/* 00718 80C097E8 00310821 */  addu    $at, $at, $s1              
/* 0071C 80C097EC 10000004 */  beq     $zero, $zero, .L80C09800   
/* 00720 80C097F0 AC206818 */  sw      $zero, 0x6818($at)         ## 00016818
.L80C097F4:
/* 00724 80C097F4 A60002D6 */  sh      $zero, 0x02D6($s0)         ## 000002D6
/* 00728 80C097F8 0C05464E */  jal     func_80151938              
/* 0072C 80C097FC AE0002D0 */  sw      $zero, 0x02D0($s0)         ## 000002D0
.L80C09800:
/* 00730 80C09800 3C050600 */  lui     $a1, 0x0600                ## $a1 = 06000000
/* 00734 80C09804 24A5190C */  addiu   $a1, $a1, 0x190C           ## $a1 = 0600190C
/* 00738 80C09808 8FA40024 */  lw      $a0, 0x0024($sp)           
/* 0073C 80C0980C 0C04DD22 */  jal     func_80137488              
/* 00740 80C09810 3C06C0A0 */  lui     $a2, 0xC0A0                ## $a2 = C0A00000
/* 00744 80C09814 1000005A */  beq     $zero, $zero, .L80C09980   
/* 00748 80C09818 8FBF001C */  lw      $ra, 0x001C($sp)           
.L80C0981C:
/* 0074C 80C0981C 0C067C32 */  jal     func_8019F0C8              
/* 00750 80C09820 2404485B */  addiu   $a0, $zero, 0x485B         ## $a0 = 0000485B
/* 00754 80C09824 3C050600 */  lui     $a1, 0x0600                ## $a1 = 06000000
/* 00758 80C09828 24A50CE8 */  addiu   $a1, $a1, 0x0CE8           ## $a1 = 06000CE8
/* 0075C 80C0982C 8FA40024 */  lw      $a0, 0x0024($sp)           
/* 00760 80C09830 0C04DD65 */  jal     func_80137594              
/* 00764 80C09834 3C06C0A0 */  lui     $a2, 0xC0A0                ## $a2 = C0A00000
/* 00768 80C09838 02202025 */  or      $a0, $s1, $zero            ## $a0 = 00000000
/* 0076C 80C0983C 0C05464E */  jal     func_80151938              
/* 00770 80C09840 240504B3 */  addiu   $a1, $zero, 0x04B3         ## $a1 = 000004B3
/* 00774 80C09844 A60002D6 */  sh      $zero, 0x02D6($s0)         ## 000002D6
/* 00778 80C09848 1000004C */  beq     $zero, $zero, .L80C0997C   
/* 0077C 80C0984C AE0002D0 */  sw      $zero, 0x02D0($s0)         ## 000002D0
.L80C09850:
/* 00780 80C09850 0C051D89 */  jal     func_80147624              
/* 00784 80C09854 02202025 */  or      $a0, $s1, $zero            ## $a0 = 00000000
/* 00788 80C09858 10400048 */  beq     $v0, $zero, .L80C0997C     
/* 0078C 80C0985C 3C020001 */  lui     $v0, 0x0001                ## $v0 = 00010000
/* 00790 80C09860 00511021 */  addu    $v0, $v0, $s1              
/* 00794 80C09864 9442680C */  lhu     $v0, 0x680C($v0)           ## 0001680C
/* 00798 80C09868 244BFB50 */  addiu   $t3, $v0, 0xFB50           ## $t3 = 0000FB50
/* 0079C 80C0986C 2D610006 */  sltiu   $at, $t3, 0x0006           
/* 007A0 80C09870 1020003C */  beq     $at, $zero, .L80C09964     
/* 007A4 80C09874 000B5880 */  sll     $t3, $t3,  2               
/* 007A8 80C09878 3C0180C1 */  lui     $at, %hi(D_80C09D9C)       ## $at = 80C10000
/* 007AC 80C0987C 002B0821 */  addu    $at, $at, $t3              
/* 007B0 80C09880 8C2B9D9C */  lw      $t3, %lo(D_80C09D9C)($at)  
/* 007B4 80C09884 01600008 */  jr      $t3                        
/* 007B8 80C09888 00000000 */  nop
.L80C0988C:
/* 007BC 80C0988C 24450001 */  addiu   $a1, $v0, 0x0001           ## $a1 = 00010001
/* 007C0 80C09890 30A5FFFF */  andi    $a1, $a1, 0xFFFF           ## $a1 = 00000001
/* 007C4 80C09894 0C05464E */  jal     func_80151938              
/* 007C8 80C09898 02202025 */  or      $a0, $s1, $zero            ## $a0 = 00000000
/* 007CC 80C0989C 10000038 */  beq     $zero, $zero, .L80C09980   
/* 007D0 80C098A0 8FBF001C */  lw      $ra, 0x001C($sp)           
.L80C098A4:
/* 007D4 80C098A4 3C050600 */  lui     $a1, 0x0600                ## $a1 = 06000000
/* 007D8 80C098A8 24A52770 */  addiu   $a1, $a1, 0x2770           ## $a1 = 06002770
/* 007DC 80C098AC 8FA40024 */  lw      $a0, 0x0024($sp)           
/* 007E0 80C098B0 0C04DD65 */  jal     func_80137594              
/* 007E4 80C098B4 3C06C0A0 */  lui     $a2, 0xC0A0                ## $a2 = C0A00000
/* 007E8 80C098B8 0C302506 */  jal     func_80C09418              
/* 007EC 80C098BC 02002025 */  or      $a0, $s0, $zero            ## $a0 = 00000000
/* 007F0 80C098C0 02202025 */  or      $a0, $s1, $zero            ## $a0 = 00000000
/* 007F4 80C098C4 0C05464E */  jal     func_80151938              
/* 007F8 80C098C8 3045FFFF */  andi    $a1, $v0, 0xFFFF           ## $a1 = 00000000
/* 007FC 80C098CC 1000002C */  beq     $zero, $zero, .L80C09980   
/* 00800 80C098D0 8FBF001C */  lw      $ra, 0x001C($sp)           
.L80C098D4:
/* 00804 80C098D4 0C051DED */  jal     func_801477B4              
/* 00808 80C098D8 02202025 */  or      $a0, $s1, $zero            ## $a0 = 00000000
/* 0080C 80C098DC 3C0C80C1 */  lui     $t4, %hi(func_80C09648)    ## $t4 = 80C10000
/* 00810 80C098E0 258C9648 */  addiu   $t4, $t4, %lo(func_80C09648) ## $t4 = 80C09648
/* 00814 80C098E4 AE0C02D8 */  sw      $t4, 0x02D8($s0)           ## 000002D8
/* 00818 80C098E8 02002025 */  or      $a0, $s0, $zero            ## $a0 = 00000000
/* 0081C 80C098EC 0C302592 */  jal     func_80C09648              
/* 00820 80C098F0 02202825 */  or      $a1, $s1, $zero            ## $a1 = 00000000
/* 00824 80C098F4 10000022 */  beq     $zero, $zero, .L80C09980   
/* 00828 80C098F8 8FBF001C */  lw      $ra, 0x001C($sp)           
.L80C098FC:
/* 0082C 80C098FC 3C041100 */  lui     $a0, 0x1100                ## $a0 = 11000000
/* 00830 80C09900 0C06A26A */  jal     func_801A89A8              
/* 00834 80C09904 348400FF */  ori     $a0, $a0, 0x00FF           ## $a0 = 110000FF
.L80C09908:
/* 00838 80C09908 0C051DED */  jal     func_801477B4              
/* 0083C 80C0990C 02202025 */  or      $a0, $s1, $zero            ## $a0 = 00000000
/* 00840 80C09910 3C0D80C1 */  lui     $t5, %hi(func_80C094A8)    ## $t5 = 80C10000
/* 00844 80C09914 25AD94A8 */  addiu   $t5, $t5, %lo(func_80C094A8) ## $t5 = 80C094A8
/* 00848 80C09918 240E0004 */  addiu   $t6, $zero, 0x0004         ## $t6 = 00000004
/* 0084C 80C0991C AE0D02D8 */  sw      $t5, 0x02D8($s0)           ## 000002D8
/* 00850 80C09920 A60E02D6 */  sh      $t6, 0x02D6($s0)           ## 000002D6
/* 00854 80C09924 02002025 */  or      $a0, $s0, $zero            ## $a0 = 00000000
/* 00858 80C09928 02202825 */  or      $a1, $s1, $zero            ## $a1 = 00000000
/* 0085C 80C0992C 0C30248F */  jal     func_80C0923C              
/* 00860 80C09930 2406001E */  addiu   $a2, $zero, 0x001E         ## $a2 = 0000001E
/* 00864 80C09934 02202025 */  or      $a0, $s1, $zero            ## $a0 = 00000000
/* 00868 80C09938 26050024 */  addiu   $a1, $s0, 0x0024           ## $a1 = 00000024
/* 0086C 80C0993C 2406001E */  addiu   $a2, $zero, 0x001E         ## $a2 = 0000001E
/* 00870 80C09940 0C03C15A */  jal     func_800F0568              
/* 00874 80C09944 24073A87 */  addiu   $a3, $zero, 0x3A87         ## $a3 = 00003A87
/* 00878 80C09948 8605001C */  lh      $a1, 0x001C($s0)           ## 0000001C
/* 0087C 80C0994C 02202025 */  or      $a0, $s1, $zero            ## $a0 = 00000000
/* 00880 80C09950 30A5FE00 */  andi    $a1, $a1, 0xFE00           ## $a1 = 00000000
/* 00884 80C09954 0C02D76C */  jal     func_800B5DB0              
/* 00888 80C09958 00052A43 */  sra     $a1, $a1,  9               
/* 0088C 80C0995C 10000008 */  beq     $zero, $zero, .L80C09980   
/* 00890 80C09960 8FBF001C */  lw      $ra, 0x001C($sp)           
.L80C09964:
/* 00894 80C09964 30580001 */  andi    $t8, $v0, 0x0001           ## $t8 = 00000000
/* 00898 80C09968 17000004 */  bne     $t8, $zero, .L80C0997C     
/* 0089C 80C0996C 02202025 */  or      $a0, $s1, $zero            ## $a0 = 00000000
/* 008A0 80C09970 24450001 */  addiu   $a1, $v0, 0x0001           ## $a1 = 00000001
/* 008A4 80C09974 0C05464E */  jal     func_80151938              
/* 008A8 80C09978 30A5FFFF */  andi    $a1, $a1, 0xFFFF           ## $a1 = 00000001
.L80C0997C:
/* 008AC 80C0997C 8FBF001C */  lw      $ra, 0x001C($sp)           
.L80C09980:
/* 008B0 80C09980 8FB00014 */  lw      $s0, 0x0014($sp)           
/* 008B4 80C09984 8FB10018 */  lw      $s1, 0x0018($sp)           
/* 008B8 80C09988 03E00008 */  jr      $ra                        
/* 008BC 80C0998C 27BD0030 */  addiu   $sp, $sp, 0x0030           ## $sp = 00000000


glabel func_80C09990
/* 008C0 80C09990 27BDFFD8 */  addiu   $sp, $sp, 0xFFD8           ## $sp = FFFFFFD8
/* 008C4 80C09994 AFB10018 */  sw      $s1, 0x0018($sp)           
/* 008C8 80C09998 AFB00014 */  sw      $s0, 0x0014($sp)           
/* 008CC 80C0999C 00808025 */  or      $s0, $a0, $zero            ## $s0 = 00000000
/* 008D0 80C099A0 00A08825 */  or      $s1, $a1, $zero            ## $s1 = 00000000
/* 008D4 80C099A4 AFBF001C */  sw      $ra, 0x001C($sp)           
/* 008D8 80C099A8 26040144 */  addiu   $a0, $s0, 0x0144           ## $a0 = 00000144
/* 008DC 80C099AC 0C04DB34 */  jal     func_80136CD0              
/* 008E0 80C099B0 AFA40024 */  sw      $a0, 0x0024($sp)           
/* 008E4 80C099B4 02002025 */  or      $a0, $s0, $zero            ## $a0 = 00000000
/* 008E8 80C099B8 0C02E134 */  jal     func_800B84D0              
/* 008EC 80C099BC 02202825 */  or      $a1, $s1, $zero            ## $a1 = 00000000
/* 008F0 80C099C0 10400011 */  beq     $v0, $zero, .L80C09A08     
/* 008F4 80C099C4 3C0E80C1 */  lui     $t6, %hi(func_80C09708)    ## $t6 = 80C10000
/* 008F8 80C099C8 25CE9708 */  addiu   $t6, $t6, %lo(func_80C09708) ## $t6 = 80C09708
/* 008FC 80C099CC AE0E02D8 */  sw      $t6, 0x02D8($s0)           ## 000002D8
/* 00900 80C099D0 02202025 */  or      $a0, $s1, $zero            ## $a0 = 00000000
/* 00904 80C099D4 240504B0 */  addiu   $a1, $zero, 0x04B0         ## $a1 = 000004B0
/* 00908 80C099D8 0C05462C */  jal     func_801518B0              
/* 0090C 80C099DC 02003025 */  or      $a2, $s0, $zero            ## $a2 = 00000000
/* 00910 80C099E0 A60002D6 */  sh      $zero, 0x02D6($s0)         ## 000002D6
/* 00914 80C099E4 3C050600 */  lui     $a1, 0x0600                ## $a1 = 06000000
/* 00918 80C099E8 24A50CE8 */  addiu   $a1, $a1, 0x0CE8           ## $a1 = 06000CE8
/* 0091C 80C099EC 8FA40024 */  lw      $a0, 0x0024($sp)           
/* 00920 80C099F0 0C04DD65 */  jal     func_80137594              
/* 00924 80C099F4 3C06C0A0 */  lui     $a2, 0xC0A0                ## $a2 = C0A00000
/* 00928 80C099F8 0C068C26 */  jal     func_801A3098              
/* 0092C 80C099FC 24040073 */  addiu   $a0, $zero, 0x0073         ## $a0 = 00000073
/* 00930 80C09A00 10000024 */  beq     $zero, $zero, .L80C09A94   
/* 00934 80C09A04 8FBF001C */  lw      $ra, 0x001C($sp)           
.L80C09A08:
/* 00938 80C09A08 860F02D6 */  lh      $t7, 0x02D6($s0)           ## 000002D6
/* 0093C 80C09A0C 19E00006 */  blez    $t7, .L80C09A28            
/* 00940 80C09A10 00000000 */  nop
/* 00944 80C09A14 0C04900F */  jal     func_8012403C              
/* 00948 80C09A18 02202025 */  or      $a0, $s1, $zero            ## $a0 = 00000000
/* 0094C 80C09A1C 24010005 */  addiu   $at, $zero, 0x0005         ## $at = 00000005
/* 00950 80C09A20 10410011 */  beq     $v0, $at, .L80C09A68       
/* 00954 80C09A24 02002025 */  or      $a0, $s0, $zero            ## $a0 = 00000000
.L80C09A28:
/* 00958 80C09A28 3C1880C1 */  lui     $t8, %hi(func_80C094A8)    ## $t8 = 80C10000
/* 0095C 80C09A2C 271894A8 */  addiu   $t8, $t8, %lo(func_80C094A8) ## $t8 = 80C094A8
/* 00960 80C09A30 24190004 */  addiu   $t9, $zero, 0x0004         ## $t9 = 00000004
/* 00964 80C09A34 AE1802D8 */  sw      $t8, 0x02D8($s0)           ## 000002D8
/* 00968 80C09A38 A61902D6 */  sh      $t9, 0x02D6($s0)           ## 000002D6
/* 0096C 80C09A3C 02002025 */  or      $a0, $s0, $zero            ## $a0 = 00000000
/* 00970 80C09A40 02202825 */  or      $a1, $s1, $zero            ## $a1 = 00000000
/* 00974 80C09A44 0C30248F */  jal     func_80C0923C              
/* 00978 80C09A48 2406001E */  addiu   $a2, $zero, 0x001E         ## $a2 = 0000001E
/* 0097C 80C09A4C 02202025 */  or      $a0, $s1, $zero            ## $a0 = 00000000
/* 00980 80C09A50 26050024 */  addiu   $a1, $s0, 0x0024           ## $a1 = 00000024
/* 00984 80C09A54 2406001E */  addiu   $a2, $zero, 0x001E         ## $a2 = 0000001E
/* 00988 80C09A58 0C03C15A */  jal     func_800F0568              
/* 0098C 80C09A5C 24073A87 */  addiu   $a3, $zero, 0x3A87         ## $a3 = 00003A87
/* 00990 80C09A60 1000000C */  beq     $zero, $zero, .L80C09A94   
/* 00994 80C09A64 8FBF001C */  lw      $ra, 0x001C($sp)           
.L80C09A68:
/* 00998 80C09A68 0C3024E4 */  jal     func_80C09390              
/* 0099C 80C09A6C 02202825 */  or      $a1, $s1, $zero            ## $a1 = 00000000
/* 009A0 80C09A70 10400007 */  beq     $v0, $zero, .L80C09A90     
/* 009A4 80C09A74 02002025 */  or      $a0, $s0, $zero            ## $a0 = 00000000
/* 009A8 80C09A78 02202825 */  or      $a1, $s1, $zero            ## $a1 = 00000000
/* 009AC 80C09A7C 0C02E185 */  jal     func_800B8614              
/* 009B0 80C09A80 3C064302 */  lui     $a2, 0x4302                ## $a2 = 43020000
/* 009B4 80C09A84 860802D6 */  lh      $t0, 0x02D6($s0)           ## 000002D6
/* 009B8 80C09A88 2509FFFF */  addiu   $t1, $t0, 0xFFFF           ## $t1 = FFFFFFFF
/* 009BC 80C09A8C A60902D6 */  sh      $t1, 0x02D6($s0)           ## 000002D6
.L80C09A90:
/* 009C0 80C09A90 8FBF001C */  lw      $ra, 0x001C($sp)           
.L80C09A94:
/* 009C4 80C09A94 8FB00014 */  lw      $s0, 0x0014($sp)           
/* 009C8 80C09A98 8FB10018 */  lw      $s1, 0x0018($sp)           
/* 009CC 80C09A9C 03E00008 */  jr      $ra                        
/* 009D0 80C09AA0 27BD0028 */  addiu   $sp, $sp, 0x0028           ## $sp = 00000000


glabel func_80C09AA4
/* 009D4 80C09AA4 27BDFFE8 */  addiu   $sp, $sp, 0xFFE8           ## $sp = FFFFFFE8
/* 009D8 80C09AA8 AFBF0014 */  sw      $ra, 0x0014($sp)           
/* 009DC 80C09AAC AFA5001C */  sw      $a1, 0x001C($sp)           
/* 009E0 80C09AB0 00803025 */  or      $a2, $a0, $zero            ## $a2 = 00000000
/* 009E4 80C09AB4 24C40144 */  addiu   $a0, $a2, 0x0144           ## $a0 = 00000144
/* 009E8 80C09AB8 0C04DB34 */  jal     func_80136CD0              
/* 009EC 80C09ABC AFA60018 */  sw      $a2, 0x0018($sp)           
/* 009F0 80C09AC0 8FA60018 */  lw      $a2, 0x0018($sp)           
/* 009F4 80C09AC4 3C053C75 */  lui     $a1, 0x3C75                ## $a1 = 3C750000
/* 009F8 80C09AC8 3C0180C1 */  lui     $at, %hi(D_80C09DB4)       ## $at = 80C10000
/* 009FC 80C09ACC 84C202D6 */  lh      $v0, 0x02D6($a2)           ## 000002D6
/* 00A00 80C09AD0 34A5C28F */  ori     $a1, $a1, 0xC28F           ## $a1 = 3C75C28F
/* 00A04 80C09AD4 00C02025 */  or      $a0, $a2, $zero            ## $a0 = 00000000
/* 00A08 80C09AD8 1840000E */  blez    $v0, .L80C09B14            
/* 00A0C 80C09ADC 244EFFFF */  addiu   $t6, $v0, 0xFFFF           ## $t6 = FFFFFFFF
/* 00A10 80C09AE0 A4CE02D6 */  sh      $t6, 0x02D6($a2)           ## 000002D6
/* 00A14 80C09AE4 C4269DB4 */  lwc1    $f6, %lo(D_80C09DB4)($at)  
/* 00A18 80C09AE8 C4C40058 */  lwc1    $f4, 0x0058($a2)           ## 00000058
/* 00A1C 80C09AEC 3C0180C1 */  lui     $at, %hi(D_80C09DB8)       ## $at = 80C10000
/* 00A20 80C09AF0 C42A9DB8 */  lwc1    $f10, %lo(D_80C09DB8)($at) 
/* 00A24 80C09AF4 46062202 */  mul.s   $f8, $f4, $f6              
/* 00A28 80C09AF8 00C02025 */  or      $a0, $a2, $zero            ## $a0 = 00000000
/* 00A2C 80C09AFC 460A4400 */  add.s   $f16, $f8, $f10            
/* 00A30 80C09B00 E4D00058 */  swc1    $f16, 0x0058($a2)          ## 00000058
/* 00A34 80C09B04 0C02D9F8 */  jal     func_800B67E0              
/* 00A38 80C09B08 8CC50058 */  lw      $a1, 0x0058($a2)           ## 00000058
/* 00A3C 80C09B0C 1000000D */  beq     $zero, $zero, .L80C09B44   
/* 00A40 80C09B10 8FBF0014 */  lw      $ra, 0x0014($sp)           
.L80C09B14:
/* 00A44 80C09B14 0C02D9F8 */  jal     func_800B67E0              
/* 00A48 80C09B18 AFA60018 */  sw      $a2, 0x0018($sp)           
/* 00A4C 80C09B1C 8FA60018 */  lw      $a2, 0x0018($sp)           
/* 00A50 80C09B20 3C0F80C1 */  lui     $t7, %hi(func_80C09990)    ## $t7 = 80C10000
/* 00A54 80C09B24 25EF9990 */  addiu   $t7, $t7, %lo(func_80C09990) ## $t7 = 80C09990
/* 00A58 80C09B28 8CD80004 */  lw      $t8, 0x0004($a2)           ## 00000004
/* 00A5C 80C09B2C 24080258 */  addiu   $t0, $zero, 0x0258         ## $t0 = 00000258
/* 00A60 80C09B30 ACCF02D8 */  sw      $t7, 0x02D8($a2)           ## 000002D8
/* 00A64 80C09B34 37190001 */  ori     $t9, $t8, 0x0001           ## $t9 = 00000001
/* 00A68 80C09B38 ACD90004 */  sw      $t9, 0x0004($a2)           ## 00000004
/* 00A6C 80C09B3C A4C802D6 */  sh      $t0, 0x02D6($a2)           ## 000002D6
/* 00A70 80C09B40 8FBF0014 */  lw      $ra, 0x0014($sp)           
.L80C09B44:
/* 00A74 80C09B44 27BD0018 */  addiu   $sp, $sp, 0x0018           ## $sp = 00000000
/* 00A78 80C09B48 03E00008 */  jr      $ra                        
/* 00A7C 80C09B4C 00000000 */  nop


glabel func_80C09B50
/* 00A80 80C09B50 27BDFFE8 */  addiu   $sp, $sp, 0xFFE8           ## $sp = FFFFFFE8
/* 00A84 80C09B54 AFBF0014 */  sw      $ra, 0x0014($sp)           
/* 00A88 80C09B58 848202D6 */  lh      $v0, 0x02D6($a0)           ## 000002D6
/* 00A8C 80C09B5C 2406001E */  addiu   $a2, $zero, 0x001E         ## $a2 = 0000001E
/* 00A90 80C09B60 18400003 */  blez    $v0, .L80C09B70            
/* 00A94 80C09B64 244EFFFF */  addiu   $t6, $v0, 0xFFFF           ## $t6 = FFFFFFFF
/* 00A98 80C09B68 10000013 */  beq     $zero, $zero, .L80C09BB8   
/* 00A9C 80C09B6C A48E02D6 */  sh      $t6, 0x02D6($a0)           ## 000002D6
.L80C09B70:
/* 00AA0 80C09B70 0C30248F */  jal     func_80C0923C              
/* 00AA4 80C09B74 AFA40018 */  sw      $a0, 0x0018($sp)           
/* 00AA8 80C09B78 8FA40018 */  lw      $a0, 0x0018($sp)           
/* 00AAC 80C09B7C 0C02E3B2 */  jal     func_800B8EC8              
/* 00AB0 80C09B80 24053A86 */  addiu   $a1, $zero, 0x3A86         ## $a1 = 00003A86
/* 00AB4 80C09B84 8FA40018 */  lw      $a0, 0x0018($sp)           
/* 00AB8 80C09B88 3C0F80C1 */  lui     $t7, %hi(func_80C09CD0)    ## $t7 = 80C10000
/* 00ABC 80C09B8C 3C1880C1 */  lui     $t8, %hi(func_80C09AA4)    ## $t8 = 80C10000
/* 00AC0 80C09B90 84880092 */  lh      $t0, 0x0092($a0)           ## 00000092
/* 00AC4 80C09B94 25EF9CD0 */  addiu   $t7, $t7, %lo(func_80C09CD0) ## $t7 = 80C09CD0
/* 00AC8 80C09B98 27189AA4 */  addiu   $t8, $t8, %lo(func_80C09AA4) ## $t8 = 80C09AA4
/* 00ACC 80C09B9C A48800BE */  sh      $t0, 0x00BE($a0)           ## 000000BE
/* 00AD0 80C09BA0 848900BE */  lh      $t1, 0x00BE($a0)           ## 000000BE
/* 00AD4 80C09BA4 24190014 */  addiu   $t9, $zero, 0x0014         ## $t9 = 00000014
/* 00AD8 80C09BA8 AC8F013C */  sw      $t7, 0x013C($a0)           ## 0000013C
/* 00ADC 80C09BAC AC9802D8 */  sw      $t8, 0x02D8($a0)           ## 000002D8
/* 00AE0 80C09BB0 A49902D6 */  sh      $t9, 0x02D6($a0)           ## 000002D6
/* 00AE4 80C09BB4 A4890032 */  sh      $t1, 0x0032($a0)           ## 00000032
.L80C09BB8:
/* 00AE8 80C09BB8 8FBF0014 */  lw      $ra, 0x0014($sp)           
/* 00AEC 80C09BBC 27BD0018 */  addiu   $sp, $sp, 0x0018           ## $sp = 00000000
/* 00AF0 80C09BC0 03E00008 */  jr      $ra                        
/* 00AF4 80C09BC4 00000000 */  nop


glabel func_80C09BC8
/* 00AF8 80C09BC8 27BDFFD8 */  addiu   $sp, $sp, 0xFFD8           ## $sp = FFFFFFD8
/* 00AFC 80C09BCC AFB00020 */  sw      $s0, 0x0020($sp)           
/* 00B00 80C09BD0 00808025 */  or      $s0, $a0, $zero            ## $s0 = 00000000
/* 00B04 80C09BD4 AFBF0024 */  sw      $ra, 0x0024($sp)           
/* 00B08 80C09BD8 AFA5002C */  sw      $a1, 0x002C($sp)           
/* 00B0C 80C09BDC 8E0E013C */  lw      $t6, 0x013C($s0)           ## 0000013C
/* 00B10 80C09BE0 3C010001 */  lui     $at, 0x0001                ## $at = 00010000
/* 00B14 80C09BE4 34218884 */  ori     $at, $at, 0x8884           ## $at = 00018884
/* 00B18 80C09BE8 11C00004 */  beq     $t6, $zero, .L80C09BFC     
/* 00B1C 80C09BEC 8FA4002C */  lw      $a0, 0x002C($sp)           
/* 00B20 80C09BF0 00812821 */  addu    $a1, $a0, $at              
/* 00B24 80C09BF4 0C038A4A */  jal     func_800E2928              
/* 00B28 80C09BF8 26060284 */  addiu   $a2, $s0, 0x0284           ## $a2 = 00000284
.L80C09BFC:
/* 00B2C 80C09BFC 0C02DAA2 */  jal     func_800B6A88              
/* 00B30 80C09C00 02002025 */  or      $a0, $s0, $zero            ## $a0 = 00000000
/* 00B34 80C09C04 3C014220 */  lui     $at, 0x4220                ## $at = 42200000
/* 00B38 80C09C08 44810000 */  mtc1    $at, $f0                   ## $f0 = 40.00
/* 00B3C 80C09C0C 24180005 */  addiu   $t8, $zero, 0x0005         ## $t8 = 00000005
/* 00B40 80C09C10 AFB80014 */  sw      $t8, 0x0014($sp)           
/* 00B44 80C09C14 44060000 */  mfc1    $a2, $f0                   
/* 00B48 80C09C18 8FA4002C */  lw      $a0, 0x002C($sp)           
/* 00B4C 80C09C1C 02002825 */  or      $a1, $s0, $zero            ## $a1 = 00000000
/* 00B50 80C09C20 3C0741C8 */  lui     $a3, 0x41C8                ## $a3 = 41C80000
/* 00B54 80C09C24 0C02DE2E */  jal     func_800B78B8              
/* 00B58 80C09C28 E7A00010 */  swc1    $f0, 0x0010($sp)           
/* 00B5C 80C09C2C 86050092 */  lh      $a1, 0x0092($s0)           ## 00000092
/* 00B60 80C09C30 24190200 */  addiu   $t9, $zero, 0x0200         ## $t9 = 00000200
/* 00B64 80C09C34 AFB90010 */  sw      $t9, 0x0010($sp)           
/* 00B68 80C09C38 260400BE */  addiu   $a0, $s0, 0x00BE           ## $a0 = 000000BE
/* 00B6C 80C09C3C 24060002 */  addiu   $a2, $zero, 0x0002         ## $a2 = 00000002
/* 00B70 80C09C40 0C03FFAF */  jal     func_800FFEBC              
/* 00B74 80C09C44 24071000 */  addiu   $a3, $zero, 0x1000         ## $a3 = 00001000
/* 00B78 80C09C48 860800BE */  lh      $t0, 0x00BE($s0)           ## 000000BE
/* 00B7C 80C09C4C 8E1902D8 */  lw      $t9, 0x02D8($s0)           ## 000002D8
/* 00B80 80C09C50 02002025 */  or      $a0, $s0, $zero            ## $a0 = 00000000
/* 00B84 80C09C54 A6080032 */  sh      $t0, 0x0032($s0)           ## 00000032
/* 00B88 80C09C58 0320F809 */  jalr    $ra, $t9                   
/* 00B8C 80C09C5C 8FA5002C */  lw      $a1, 0x002C($sp)           
/* 00B90 80C09C60 8FBF0024 */  lw      $ra, 0x0024($sp)           
/* 00B94 80C09C64 8FB00020 */  lw      $s0, 0x0020($sp)           
/* 00B98 80C09C68 27BD0028 */  addiu   $sp, $sp, 0x0028           ## $sp = 00000000
/* 00B9C 80C09C6C 03E00008 */  jr      $ra                        
/* 00BA0 80C09C70 00000000 */  nop


glabel func_80C09C74
/* 00BA4 80C09C74 AFA40000 */  sw      $a0, 0x0000($sp)           
/* 00BA8 80C09C78 AFA50004 */  sw      $a1, 0x0004($sp)           
/* 00BAC 80C09C7C AFA60008 */  sw      $a2, 0x0008($sp)           
/* 00BB0 80C09C80 AFA7000C */  sw      $a3, 0x000C($sp)           
/* 00BB4 80C09C84 00001025 */  or      $v0, $zero, $zero          ## $v0 = 00000000
/* 00BB8 80C09C88 03E00008 */  jr      $ra                        
/* 00BBC 80C09C8C 00000000 */  nop


glabel func_80C09C90
/* 00BC0 80C09C90 27BDFFE8 */  addiu   $sp, $sp, 0xFFE8           ## $sp = FFFFFFE8
/* 00BC4 80C09C94 AFBF0014 */  sw      $ra, 0x0014($sp)           
/* 00BC8 80C09C98 AFA40018 */  sw      $a0, 0x0018($sp)           
/* 00BCC 80C09C9C AFA60020 */  sw      $a2, 0x0020($sp)           
/* 00BD0 80C09CA0 AFA70024 */  sw      $a3, 0x0024($sp)           
/* 00BD4 80C09CA4 24010006 */  addiu   $at, $zero, 0x0006         ## $at = 00000006
/* 00BD8 80C09CA8 14A10005 */  bne     $a1, $at, .L80C09CC0       
/* 00BDC 80C09CAC 3C0480C1 */  lui     $a0, %hi(D_80C09D84)       ## $a0 = 80C10000
/* 00BE0 80C09CB0 8FA50028 */  lw      $a1, 0x0028($sp)           
/* 00BE4 80C09CB4 24849D84 */  addiu   $a0, $a0, %lo(D_80C09D84)  ## $a0 = 80C09D84
/* 00BE8 80C09CB8 0C0606A6 */  jal     func_80181A98              
/* 00BEC 80C09CBC 24A5003C */  addiu   $a1, $a1, 0x003C           ## $a1 = 0000003C
.L80C09CC0:
/* 00BF0 80C09CC0 8FBF0014 */  lw      $ra, 0x0014($sp)           
/* 00BF4 80C09CC4 27BD0018 */  addiu   $sp, $sp, 0x0018           ## $sp = 00000000
/* 00BF8 80C09CC8 03E00008 */  jr      $ra                        
/* 00BFC 80C09CCC 00000000 */  nop


glabel func_80C09CD0
/* 00C00 80C09CD0 27BDFFD8 */  addiu   $sp, $sp, 0xFFD8           ## $sp = FFFFFFD8
/* 00C04 80C09CD4 AFBF0024 */  sw      $ra, 0x0024($sp)           
/* 00C08 80C09CD8 AFA40028 */  sw      $a0, 0x0028($sp)           
/* 00C0C 80C09CDC AFA5002C */  sw      $a1, 0x002C($sp)           
/* 00C10 80C09CE0 8FAE002C */  lw      $t6, 0x002C($sp)           
/* 00C14 80C09CE4 0C04B16C */  jal     func_8012C5B0              
/* 00C18 80C09CE8 8DC40000 */  lw      $a0, 0x0000($t6)           ## 00000000
/* 00C1C 80C09CEC 8FA20028 */  lw      $v0, 0x0028($sp)           
/* 00C20 80C09CF0 3C0F80C1 */  lui     $t7, %hi(func_80C09C74)    ## $t7 = 80C10000
/* 00C24 80C09CF4 3C1880C1 */  lui     $t8, %hi(func_80C09C90)    ## $t8 = 80C10000
/* 00C28 80C09CF8 8C450148 */  lw      $a1, 0x0148($v0)           ## 00000148
/* 00C2C 80C09CFC 8C460164 */  lw      $a2, 0x0164($v0)           ## 00000164
/* 00C30 80C09D00 90470146 */  lbu     $a3, 0x0146($v0)           ## 00000146
/* 00C34 80C09D04 27189C90 */  addiu   $t8, $t8, %lo(func_80C09C90) ## $t8 = 80C09C90
/* 00C38 80C09D08 25EF9C74 */  addiu   $t7, $t7, %lo(func_80C09C74) ## $t7 = 80C09C74
/* 00C3C 80C09D0C AFAF0010 */  sw      $t7, 0x0010($sp)           
/* 00C40 80C09D10 AFB80014 */  sw      $t8, 0x0014($sp)           
/* 00C44 80C09D14 8FA4002C */  lw      $a0, 0x002C($sp)           
/* 00C48 80C09D18 0C04CFCA */  jal     func_80133F28              
/* 00C4C 80C09D1C AFA20018 */  sw      $v0, 0x0018($sp)           
/* 00C50 80C09D20 8FBF0024 */  lw      $ra, 0x0024($sp)           
/* 00C54 80C09D24 27BD0028 */  addiu   $sp, $sp, 0x0028           ## $sp = 00000000
/* 00C58 80C09D28 03E00008 */  jr      $ra                        
/* 00C5C 80C09D2C 00000000 */  nop

.section .data

D_80C09D30: .word 0x028C0400, 0x00000009, 0x02640000, 0x000002DC
.word func_80C090D0
.word func_80C09210
.word func_80C09BC8
.word 0x00000000
D_80C09D50: .word \
0x0A001139, 0x10010000, 0x00000000, 0x00000000, \
0x00000000, 0xF7CFFFFF, 0x00000000, 0x00010100, \
0x00140028, 0x00000000, 0x00000000
D_80C09D7C: .word 0xFFFFFFFF
D_80C09D80: .word 0xFFFFC8FF
D_80C09D84: .word 0x00000000, 0x00000000, 0x00000000

.section .rodata

D_80C09D90: .word 0x3DCCCCCD
D_80C09D94: .word 0x3D4CCCCD
D_80C09D98: .word 0x3F333333
D_80C09D9C: .word .L80C0988C
.word .L80C0988C
.word .L80C098A4
.word .L80C098FC
.word .L80C098D4
.word .L80C09908
D_80C09DB4: .word 0x3E99999A
D_80C09DB8: .word 0x3C2C0831, 0x00000000


.section .rodata
D_80C09DC0:
.incbin "baserom/En_Kitan", 0xCF0, 0x00000110
