.include "macro.inc"

# assembler directives
.set noat      # allow manual use of $at
.set noreorder # don't insert nops after branches
.set gp=64     # allow use of 64-bit general purpose registers

.section .text
glabel func_80AD6DD0
/* 00000 80AD6DD0 27BDFFC8 */  addiu   $sp, $sp, 0xFFC8           ## $sp = FFFFFFC8
/* 00004 80AD6DD4 AFB20030 */  sw      $s2, 0x0030($sp)           
/* 00008 80AD6DD8 AFB00028 */  sw      $s0, 0x0028($sp)           
/* 0000C 80AD6DDC 00A08025 */  or      $s0, $a1, $zero            ## $s0 = 00000000
/* 00010 80AD6DE0 00809025 */  or      $s2, $a0, $zero            ## $s2 = 00000000
/* 00014 80AD6DE4 AFBF0034 */  sw      $ra, 0x0034($sp)           
/* 00018 80AD6DE8 AFB1002C */  sw      $s1, 0x002C($sp)           
/* 0001C 80AD6DEC 3C0580AE */  lui     $a1, %hi(D_80AD8E44)       ## $a1 = 80AE0000
/* 00020 80AD6DF0 24A58E44 */  addiu   $a1, $a1, %lo(D_80AD8E44)  ## $a1 = 80AD8E44
/* 00024 80AD6DF4 0C03FEB7 */  jal     func_800FFADC              
/* 00028 80AD6DF8 02402025 */  or      $a0, $s2, $zero            ## $a0 = 00000000
/* 0002C 80AD6DFC 3C060600 */  lui     $a2, 0x0600                ## $a2 = 06000000
/* 00030 80AD6E00 3C070600 */  lui     $a3, 0x0600                ## $a3 = 06000000
/* 00034 80AD6E04 264E0188 */  addiu   $t6, $s2, 0x0188           ## $t6 = 00000188
/* 00038 80AD6E08 264F01D6 */  addiu   $t7, $s2, 0x01D6           ## $t7 = 000001D6
/* 0003C 80AD6E0C 2418000D */  addiu   $t8, $zero, 0x000D         ## $t8 = 0000000D
/* 00040 80AD6E10 AFB80018 */  sw      $t8, 0x0018($sp)           
/* 00044 80AD6E14 AFAF0014 */  sw      $t7, 0x0014($sp)           
/* 00048 80AD6E18 AFAE0010 */  sw      $t6, 0x0010($sp)           
/* 0004C 80AD6E1C 24E74210 */  addiu   $a3, $a3, 0x4210           ## $a3 = 06004210
/* 00050 80AD6E20 24C67C70 */  addiu   $a2, $a2, 0x7C70           ## $a2 = 06007C70
/* 00054 80AD6E24 02002025 */  or      $a0, $s0, $zero            ## $a0 = 00000000
/* 00058 80AD6E28 0C04DACC */  jal     func_80136B30              
/* 0005C 80AD6E2C 26450144 */  addiu   $a1, $s2, 0x0144           ## $a1 = 00000144
/* 00060 80AD6E30 3C060600 */  lui     $a2, 0x0600                ## $a2 = 06000000
/* 00064 80AD6E34 3C070600 */  lui     $a3, 0x0600                ## $a3 = 06000000
/* 00068 80AD6E38 26590268 */  addiu   $t9, $s2, 0x0268           ## $t9 = 00000268
/* 0006C 80AD6E3C 26480280 */  addiu   $t0, $s2, 0x0280           ## $t0 = 00000280
/* 00070 80AD6E40 24090004 */  addiu   $t1, $zero, 0x0004         ## $t1 = 00000004
/* 00074 80AD6E44 AFA90018 */  sw      $t1, 0x0018($sp)           
/* 00078 80AD6E48 AFA80014 */  sw      $t0, 0x0014($sp)           
/* 0007C 80AD6E4C AFB90010 */  sw      $t9, 0x0010($sp)           
/* 00080 80AD6E50 24E70B30 */  addiu   $a3, $a3, 0x0B30           ## $a3 = 06000B30
/* 00084 80AD6E54 24C61A50 */  addiu   $a2, $a2, 0x1A50           ## $a2 = 06001A50
/* 00088 80AD6E58 02002025 */  or      $a0, $s0, $zero            ## $a0 = 00000000
/* 0008C 80AD6E5C 0C04DACC */  jal     func_80136B30              
/* 00090 80AD6E60 26450224 */  addiu   $a1, $s2, 0x0224           ## $a1 = 00000224
/* 00094 80AD6E64 3C06800B */  lui     $a2, 0x800B                ## $a2 = 800B0000
/* 00098 80AD6E68 24C63FC0 */  addiu   $a2, $a2, 0x3FC0           ## $a2 = 800B3FC0
/* 0009C 80AD6E6C 264400BC */  addiu   $a0, $s2, 0x00BC           ## $a0 = 000000BC
/* 000A0 80AD6E70 24050000 */  addiu   $a1, $zero, 0x0000         ## $a1 = 00000000
/* 000A4 80AD6E74 0C02CEE9 */  jal     func_800B3BA4              
/* 000A8 80AD6E78 3C07425C */  lui     $a3, 0x425C                ## $a3 = 425C0000
/* 000AC 80AD6E7C 3C0780AE */  lui     $a3, %hi(D_80AD8DE0)       ## $a3 = 80AE0000
/* 000B0 80AD6E80 24E78DE0 */  addiu   $a3, $a3, %lo(D_80AD8DE0)  ## $a3 = 80AD8DE0
/* 000B4 80AD6E84 02002025 */  or      $a0, $s0, $zero            ## $a0 = 00000000
/* 000B8 80AD6E88 26450340 */  addiu   $a1, $s2, 0x0340           ## $a1 = 00000340
/* 000BC 80AD6E8C 0C0384DD */  jal     func_800E1374              
/* 000C0 80AD6E90 02403025 */  or      $a2, $s2, $zero            ## $a2 = 00000000
/* 000C4 80AD6E94 3C0580AE */  lui     $a1, %hi(D_80AD8E14)       ## $a1 = 80AE0000
/* 000C8 80AD6E98 3C0680AE */  lui     $a2, %hi(D_80AD8E0C)       ## $a2 = 80AE0000
/* 000CC 80AD6E9C 24C68E0C */  addiu   $a2, $a2, %lo(D_80AD8E0C)  ## $a2 = 80AD8E0C
/* 000D0 80AD6EA0 24A58E14 */  addiu   $a1, $a1, %lo(D_80AD8E14)  ## $a1 = 80AD8E14
/* 000D4 80AD6EA4 0C039D4C */  jal     func_800E7530              
/* 000D8 80AD6EA8 264400A0 */  addiu   $a0, $s2, 0x00A0           ## $a0 = 000000A0
/* 000DC 80AD6EAC 3C0A80AE */  lui     $t2, %hi(D_80AD8E50)       ## $t2 = 80AE0000
/* 000E0 80AD6EB0 8D4A8E50 */  lw      $t2, %lo(D_80AD8E50)($t2)  
/* 000E4 80AD6EB4 3C1080AE */  lui     $s0, %hi(D_80AD8E34)       ## $s0 = 80AE0000
/* 000E8 80AD6EB8 26108E34 */  addiu   $s0, $s0, %lo(D_80AD8E34)  ## $s0 = 80AD8E34
/* 000EC 80AD6EBC 1540000A */  bne     $t2, $zero, .L80AD6EE8     
/* 000F0 80AD6EC0 3C1180AE */  lui     $s1, %hi(D_80AD8E44)       ## $s1 = 80AE0000
/* 000F4 80AD6EC4 26318E44 */  addiu   $s1, $s1, %lo(D_80AD8E44)  ## $s1 = 80AD8E44
.L80AD6EC8:
/* 000F8 80AD6EC8 0C040141 */  jal     func_80100504              
/* 000FC 80AD6ECC 8E040000 */  lw      $a0, 0x0000($s0)           ## 80AD8E34
/* 00100 80AD6ED0 26100004 */  addiu   $s0, $s0, 0x0004           ## $s0 = 80AD8E38
/* 00104 80AD6ED4 1611FFFC */  bne     $s0, $s1, .L80AD6EC8       
/* 00108 80AD6ED8 AE02FFFC */  sw      $v0, -0x0004($s0)          ## 80AD8E34
/* 0010C 80AD6EDC 240B0001 */  addiu   $t3, $zero, 0x0001         ## $t3 = 00000001
/* 00110 80AD6EE0 3C0180AE */  lui     $at, %hi(D_80AD8E50)       ## $at = 80AE0000
/* 00114 80AD6EE4 AC2B8E50 */  sw      $t3, %lo(D_80AD8E50)($at)  
.L80AD6EE8:
/* 00118 80AD6EE8 0C2B5C28 */  jal     func_80AD70A0              
/* 0011C 80AD6EEC 02402025 */  or      $a0, $s2, $zero            ## $a0 = 00000000
/* 00120 80AD6EF0 8FBF0034 */  lw      $ra, 0x0034($sp)           
/* 00124 80AD6EF4 8FB00028 */  lw      $s0, 0x0028($sp)           
/* 00128 80AD6EF8 8FB1002C */  lw      $s1, 0x002C($sp)           
/* 0012C 80AD6EFC 8FB20030 */  lw      $s2, 0x0030($sp)           
/* 00130 80AD6F00 03E00008 */  jr      $ra                        
/* 00134 80AD6F04 27BD0038 */  addiu   $sp, $sp, 0x0038           ## $sp = 00000000


glabel func_80AD6F08
/* 00138 80AD6F08 27BDFFE8 */  addiu   $sp, $sp, 0xFFE8           ## $sp = FFFFFFE8
/* 0013C 80AD6F0C AFBF0014 */  sw      $ra, 0x0014($sp)           
/* 00140 80AD6F10 00803025 */  or      $a2, $a0, $zero            ## $a2 = 00000000
/* 00144 80AD6F14 00A03825 */  or      $a3, $a1, $zero            ## $a3 = 00000000
/* 00148 80AD6F18 00E02025 */  or      $a0, $a3, $zero            ## $a0 = 00000000
/* 0014C 80AD6F1C 0C03847B */  jal     func_800E11EC              
/* 00150 80AD6F20 24C50340 */  addiu   $a1, $a2, 0x0340           ## $a1 = 00000340
/* 00154 80AD6F24 8FBF0014 */  lw      $ra, 0x0014($sp)           
/* 00158 80AD6F28 27BD0018 */  addiu   $sp, $sp, 0x0018           ## $sp = 00000000
/* 0015C 80AD6F2C 03E00008 */  jr      $ra                        
/* 00160 80AD6F30 00000000 */  nop


glabel func_80AD6F34
/* 00164 80AD6F34 27BDFFE8 */  addiu   $sp, $sp, 0xFFE8           ## $sp = FFFFFFE8
/* 00168 80AD6F38 AFBF0014 */  sw      $ra, 0x0014($sp)           
/* 0016C 80AD6F3C 9082029C */  lbu     $v0, 0x029C($a0)           ## 0000029C
/* 00170 80AD6F40 24010004 */  addiu   $at, $zero, 0x0004         ## $at = 00000004
/* 00174 80AD6F44 10400006 */  beq     $v0, $zero, .L80AD6F60     
/* 00178 80AD6F48 244E0001 */  addiu   $t6, $v0, 0x0001           ## $t6 = 00000001
/* 0017C 80AD6F4C 31CF00FF */  andi    $t7, $t6, 0x00FF           ## $t7 = 00000001
/* 00180 80AD6F50 15E1000E */  bne     $t7, $at, .L80AD6F8C       
/* 00184 80AD6F54 A08E029C */  sb      $t6, 0x029C($a0)           ## 0000029C
/* 00188 80AD6F58 1000000C */  beq     $zero, $zero, .L80AD6F8C   
/* 0018C 80AD6F5C A080029C */  sb      $zero, 0x029C($a0)         ## 0000029C
.L80AD6F60:
/* 00190 80AD6F60 0C021BF7 */  jal     func_80086FDC              
/* 00194 80AD6F64 AFA40018 */  sw      $a0, 0x0018($sp)           
/* 00198 80AD6F68 3C0180AE */  lui     $at, %hi(D_80AD8EC0)       ## $at = 80AE0000
/* 0019C 80AD6F6C C4248EC0 */  lwc1    $f4, %lo(D_80AD8EC0)($at)  
/* 001A0 80AD6F70 8FA40018 */  lw      $a0, 0x0018($sp)           
/* 001A4 80AD6F74 24180001 */  addiu   $t8, $zero, 0x0001         ## $t8 = 00000001
/* 001A8 80AD6F78 4604003C */  c.lt.s  $f0, $f4                   
/* 001AC 80AD6F7C 00000000 */  nop
/* 001B0 80AD6F80 45020003 */  bc1fl   .L80AD6F90                 
/* 001B4 80AD6F84 8FBF0014 */  lw      $ra, 0x0014($sp)           
/* 001B8 80AD6F88 A098029C */  sb      $t8, 0x029C($a0)           ## 0000029C
.L80AD6F8C:
/* 001BC 80AD6F8C 8FBF0014 */  lw      $ra, 0x0014($sp)           
.L80AD6F90:
/* 001C0 80AD6F90 27BD0018 */  addiu   $sp, $sp, 0x0018           ## $sp = 00000000
/* 001C4 80AD6F94 03E00008 */  jr      $ra                        
/* 001C8 80AD6F98 00000000 */  nop


glabel func_80AD6F9C
/* 001CC 80AD6F9C 27BDFFE0 */  addiu   $sp, $sp, 0xFFE0           ## $sp = FFFFFFE0
/* 001D0 80AD6FA0 AFBF001C */  sw      $ra, 0x001C($sp)           
/* 001D4 80AD6FA4 240E000A */  addiu   $t6, $zero, 0x000A         ## $t6 = 0000000A
/* 001D8 80AD6FA8 A08E029D */  sb      $t6, 0x029D($a0)           ## 0000029D
/* 001DC 80AD6FAC 3C0180AE */  lui     $at, %hi(D_80AD8EC4)       ## $at = 80AE0000
/* 001E0 80AD6FB0 C4248EC4 */  lwc1    $f4, %lo(D_80AD8EC4)($at)  
/* 001E4 80AD6FB4 3C0180AE */  lui     $at, %hi(D_80AD8EC8)       ## $at = 80AE0000
/* 001E8 80AD6FB8 8C990004 */  lw      $t9, 0x0004($a0)           ## 00000004
/* 001EC 80AD6FBC E48402B4 */  swc1    $f4, 0x02B4($a0)           ## 000002B4
/* 001F0 80AD6FC0 C4268EC8 */  lwc1    $f6, %lo(D_80AD8EC8)($at)  
/* 001F4 80AD6FC4 3C013F80 */  lui     $at, 0x3F80                ## $at = 3F800000
/* 001F8 80AD6FC8 44814000 */  mtc1    $at, $f8                   ## $f8 = 1.00
/* 001FC 80AD6FCC 2401FBFF */  addiu   $at, $zero, 0xFBFF         ## $at = FFFFFBFF
/* 00200 80AD6FD0 240F0003 */  addiu   $t7, $zero, 0x0003         ## $t7 = 00000003
/* 00204 80AD6FD4 24180050 */  addiu   $t8, $zero, 0x0050         ## $t8 = 00000050
/* 00208 80AD6FD8 03214024 */  and     $t0, $t9, $at              
/* 0020C 80AD6FDC A08F0354 */  sb      $t7, 0x0354($a0)           ## 00000354
/* 00210 80AD6FE0 A49802A2 */  sh      $t8, 0x02A2($a0)           ## 000002A2
/* 00214 80AD6FE4 AC880004 */  sw      $t0, 0x0004($a0)           ## 00000004
/* 00218 80AD6FE8 24090050 */  addiu   $t1, $zero, 0x0050         ## $t1 = 00000050
/* 0021C 80AD6FEC E48602B8 */  swc1    $f6, 0x02B8($a0)           ## 000002B8
/* 00220 80AD6FF0 E48802B0 */  swc1    $f8, 0x02B0($a0)           ## 000002B0
/* 00224 80AD6FF4 AFA90010 */  sw      $t1, 0x0010($sp)           
/* 00228 80AD6FF8 24054000 */  addiu   $a1, $zero, 0x4000         ## $a1 = 00004000
/* 0022C 80AD6FFC 240600FF */  addiu   $a2, $zero, 0x00FF         ## $a2 = 000000FF
/* 00230 80AD7000 0C02F2DC */  jal     func_800BCB70              
/* 00234 80AD7004 00003825 */  or      $a3, $zero, $zero          ## $a3 = 00000000
/* 00238 80AD7008 8FBF001C */  lw      $ra, 0x001C($sp)           
/* 0023C 80AD700C 27BD0020 */  addiu   $sp, $sp, 0x0020           ## $sp = 00000000
/* 00240 80AD7010 03E00008 */  jr      $ra                        
/* 00244 80AD7014 00000000 */  nop


glabel func_80AD7018
/* 00248 80AD7018 27BDFFD0 */  addiu   $sp, $sp, 0xFFD0           ## $sp = FFFFFFD0
/* 0024C 80AD701C AFB00028 */  sw      $s0, 0x0028($sp)           
/* 00250 80AD7020 00808025 */  or      $s0, $a0, $zero            ## $s0 = 00000000
/* 00254 80AD7024 AFBF002C */  sw      $ra, 0x002C($sp)           
/* 00258 80AD7028 AFA50034 */  sw      $a1, 0x0034($sp)           
/* 0025C 80AD702C 920E029D */  lbu     $t6, 0x029D($s0)           ## 0000029D
/* 00260 80AD7030 2401000A */  addiu   $at, $zero, 0x000A         ## $at = 0000000A
/* 00264 80AD7034 240F0006 */  addiu   $t7, $zero, 0x0006         ## $t7 = 00000006
/* 00268 80AD7038 15C10014 */  bne     $t6, $at, .L80AD708C       
/* 0026C 80AD703C 02002825 */  or      $a1, $s0, $zero            ## $a1 = 00000000
/* 00270 80AD7040 44802000 */  mtc1    $zero, $f4                 ## $f4 = 0.00
/* 00274 80AD7044 A200029D */  sb      $zero, 0x029D($s0)         ## 0000029D
/* 00278 80AD7048 A20F0354 */  sb      $t7, 0x0354($s0)           ## 00000354
/* 0027C 80AD704C 3C0180AE */  lui     $at, %hi(D_80AD8ECC)       ## $at = 80AE0000
/* 00280 80AD7050 E60402B0 */  swc1    $f4, 0x02B0($s0)           ## 000002B0
/* 00284 80AD7054 C4268ECC */  lwc1    $f6, %lo(D_80AD8ECC)($at)  
/* 00288 80AD7058 3C0180AE */  lui     $at, %hi(D_80AD8ED0)       ## $at = 80AE0000
/* 0028C 80AD705C C4288ED0 */  lwc1    $f8, %lo(D_80AD8ED0)($at)  
/* 00290 80AD7060 24180002 */  addiu   $t8, $zero, 0x0002         ## $t8 = 00000002
/* 00294 80AD7064 AFB80010 */  sw      $t8, 0x0010($sp)           
/* 00298 80AD7068 8FA40034 */  lw      $a0, 0x0034($sp)           
/* 0029C 80AD706C 260602C8 */  addiu   $a2, $s0, 0x02C8           ## $a2 = 000002C8
/* 002A0 80AD7070 2407000A */  addiu   $a3, $zero, 0x000A         ## $a3 = 0000000A
/* 002A4 80AD7074 E7A60014 */  swc1    $f6, 0x0014($sp)           
/* 002A8 80AD7078 0C02FDF3 */  jal     func_800BF7CC              
/* 002AC 80AD707C E7A80018 */  swc1    $f8, 0x0018($sp)           
/* 002B0 80AD7080 8E190004 */  lw      $t9, 0x0004($s0)           ## 00000004
/* 002B4 80AD7084 37280400 */  ori     $t0, $t9, 0x0400           ## $t0 = 00000400
/* 002B8 80AD7088 AE080004 */  sw      $t0, 0x0004($s0)           ## 00000004
.L80AD708C:
/* 002BC 80AD708C 8FBF002C */  lw      $ra, 0x002C($sp)           
/* 002C0 80AD7090 8FB00028 */  lw      $s0, 0x0028($sp)           
/* 002C4 80AD7094 27BD0030 */  addiu   $sp, $sp, 0x0030           ## $sp = 00000000
/* 002C8 80AD7098 03E00008 */  jr      $ra                        
/* 002CC 80AD709C 00000000 */  nop


glabel func_80AD70A0
/* 002D0 80AD70A0 27BDFFE8 */  addiu   $sp, $sp, 0xFFE8           ## $sp = FFFFFFE8
/* 002D4 80AD70A4 AFBF0014 */  sw      $ra, 0x0014($sp)           
/* 002D8 80AD70A8 00803825 */  or      $a3, $a0, $zero            ## $a3 = 00000000
/* 002DC 80AD70AC 3C050600 */  lui     $a1, 0x0600                ## $a1 = 06000000
/* 002E0 80AD70B0 24A54210 */  addiu   $a1, $a1, 0x4210           ## $a1 = 06004210
/* 002E4 80AD70B4 24E40144 */  addiu   $a0, $a3, 0x0144           ## $a0 = 00000144
/* 002E8 80AD70B8 3C06C0A0 */  lui     $a2, 0xC0A0                ## $a2 = C0A00000
/* 002EC 80AD70BC 0C04DD22 */  jal     func_80137488              
/* 002F0 80AD70C0 AFA70018 */  sw      $a3, 0x0018($sp)           
/* 002F4 80AD70C4 8FA70018 */  lw      $a3, 0x0018($sp)           
/* 002F8 80AD70C8 44802000 */  mtc1    $zero, $f4                 ## $f4 = 0.00
/* 002FC 80AD70CC 3C0E80AD */  lui     $t6, %hi(func_80AD70EC)    ## $t6 = 80AD0000
/* 00300 80AD70D0 25CE70EC */  addiu   $t6, $t6, %lo(func_80AD70EC) ## $t6 = 80AD70EC
/* 00304 80AD70D4 ACEE0298 */  sw      $t6, 0x0298($a3)           ## 00000298
/* 00308 80AD70D8 E4E40070 */  swc1    $f4, 0x0070($a3)           ## 00000070
/* 0030C 80AD70DC 8FBF0014 */  lw      $ra, 0x0014($sp)           
/* 00310 80AD70E0 27BD0018 */  addiu   $sp, $sp, 0x0018           ## $sp = 00000000
/* 00314 80AD70E4 03E00008 */  jr      $ra                        
/* 00318 80AD70E8 00000000 */  nop


glabel func_80AD70EC
/* 0031C 80AD70EC 27BDFFD8 */  addiu   $sp, $sp, 0xFFD8           ## $sp = FFFFFFD8
/* 00320 80AD70F0 AFB00018 */  sw      $s0, 0x0018($sp)           
/* 00324 80AD70F4 00808025 */  or      $s0, $a0, $zero            ## $s0 = 00000000
/* 00328 80AD70F8 AFBF001C */  sw      $ra, 0x001C($sp)           
/* 0032C 80AD70FC AFA5002C */  sw      $a1, 0x002C($sp)           
/* 00330 80AD7100 8FAE002C */  lw      $t6, 0x002C($sp)           
/* 00334 80AD7104 26040144 */  addiu   $a0, $s0, 0x0144           ## $a0 = 00000144
/* 00338 80AD7108 3C054120 */  lui     $a1, 0x4120                ## $a1 = 41200000
/* 0033C 80AD710C 8DCF1CCC */  lw      $t7, 0x1CCC($t6)           ## 00001CCC
/* 00340 80AD7110 AFA40020 */  sw      $a0, 0x0020($sp)           
/* 00344 80AD7114 0C04DE2E */  jal     func_801378B8              
/* 00348 80AD7118 AFAF0024 */  sw      $t7, 0x0024($sp)           
/* 0034C 80AD711C 10400005 */  beq     $v0, $zero, .L80AD7134     
/* 00350 80AD7120 02002025 */  or      $a0, $s0, $zero            ## $a0 = 00000000
/* 00354 80AD7124 0C02E3B2 */  jal     func_800B8EC8              
/* 00358 80AD7128 240538F3 */  addiu   $a1, $zero, 0x38F3         ## $a1 = 000038F3
/* 0035C 80AD712C 24180028 */  addiu   $t8, $zero, 0x0028         ## $t8 = 00000028
/* 00360 80AD7130 A61802A0 */  sh      $t8, 0x02A0($s0)           ## 000002A0
.L80AD7134:
/* 00364 80AD7134 0C04900F */  jal     func_8012403C              
/* 00368 80AD7138 8FA4002C */  lw      $a0, 0x002C($sp)           
/* 0036C 80AD713C 24010010 */  addiu   $at, $zero, 0x0010         ## $at = 00000010
/* 00370 80AD7140 10410011 */  beq     $v0, $at, .L80AD7188       
/* 00374 80AD7144 8FB90024 */  lw      $t9, 0x0024($sp)           
/* 00378 80AD7148 8F280A6C */  lw      $t0, 0x0A6C($t9)           ## 00000A6C
/* 0037C 80AD714C 3C014370 */  lui     $at, 0x4370                ## $at = 43700000
/* 00380 80AD7150 00084A00 */  sll     $t1, $t0,  8               
/* 00384 80AD7154 0520000C */  bltz    $t1, .L80AD7188            
/* 00388 80AD7158 00000000 */  nop
/* 0038C 80AD715C C6040098 */  lwc1    $f4, 0x0098($s0)           ## 00000098
/* 00390 80AD7160 44813000 */  mtc1    $at, $f6                   ## $f6 = 240.00
/* 00394 80AD7164 00000000 */  nop
/* 00398 80AD7168 4606203C */  c.lt.s  $f4, $f6                   
/* 0039C 80AD716C 00000000 */  nop
/* 003A0 80AD7170 45000005 */  bc1f    .L80AD7188                 
/* 003A4 80AD7174 00000000 */  nop
/* 003A8 80AD7178 0C2B5CEA */  jal     func_80AD73A8              
/* 003AC 80AD717C 02002025 */  or      $a0, $s0, $zero            ## $a0 = 00000000
/* 003B0 80AD7180 10000008 */  beq     $zero, $zero, .L80AD71A4   
/* 003B4 80AD7184 8FBF001C */  lw      $ra, 0x001C($sp)           
.L80AD7188:
/* 003B8 80AD7188 0C04DB34 */  jal     func_80136CD0              
/* 003BC 80AD718C 8FA40020 */  lw      $a0, 0x0020($sp)           
/* 003C0 80AD7190 50400004 */  beql    $v0, $zero, .L80AD71A4     
/* 003C4 80AD7194 8FBF001C */  lw      $ra, 0x001C($sp)           
/* 003C8 80AD7198 0C2B5C6D */  jal     func_80AD71B4              
/* 003CC 80AD719C 02002025 */  or      $a0, $s0, $zero            ## $a0 = 00000000
/* 003D0 80AD71A0 8FBF001C */  lw      $ra, 0x001C($sp)           
.L80AD71A4:
/* 003D4 80AD71A4 8FB00018 */  lw      $s0, 0x0018($sp)           
/* 003D8 80AD71A8 27BD0028 */  addiu   $sp, $sp, 0x0028           ## $sp = 00000000
/* 003DC 80AD71AC 03E00008 */  jr      $ra                        
/* 003E0 80AD71B0 00000000 */  nop


glabel func_80AD71B4
/* 003E4 80AD71B4 27BDFFD8 */  addiu   $sp, $sp, 0xFFD8           ## $sp = FFFFFFD8
/* 003E8 80AD71B8 AFB00018 */  sw      $s0, 0x0018($sp)           
/* 003EC 80AD71BC 00808025 */  or      $s0, $a0, $zero            ## $s0 = 00000000
/* 003F0 80AD71C0 AFBF001C */  sw      $ra, 0x001C($sp)           
/* 003F4 80AD71C4 3C050601 */  lui     $a1, 0x0601                ## $a1 = 06010000
/* 003F8 80AD71C8 24A5823C */  addiu   $a1, $a1, 0x823C           ## $a1 = 0600823C
/* 003FC 80AD71CC 26040144 */  addiu   $a0, $s0, 0x0144           ## $a0 = 00000144
/* 00400 80AD71D0 0C04DD65 */  jal     func_80137594              
/* 00404 80AD71D4 3C06C0A0 */  lui     $a2, 0xC0A0                ## $a2 = C0A00000
/* 00408 80AD71D8 3C013F00 */  lui     $at, 0x3F00                ## $at = 3F000000
/* 0040C 80AD71DC 44812000 */  mtc1    $at, $f4                   ## $f4 = 0.50
/* 00410 80AD71E0 3C040601 */  lui     $a0, 0x0601                ## $a0 = 06010000
/* 00414 80AD71E4 2484823C */  addiu   $a0, $a0, 0x823C           ## $a0 = 0600823C
/* 00418 80AD71E8 0C04D1D2 */  jal     func_80134748              
/* 0041C 80AD71EC E6040070 */  swc1    $f4, 0x0070($s0)           ## 00000070
/* 00420 80AD71F0 3C0140A0 */  lui     $at, 0x40A0                ## $at = 40A00000
/* 00424 80AD71F4 44816000 */  mtc1    $at, $f12                  ## $f12 = 5.00
/* 00428 80AD71F8 0C05E565 */  jal     func_80179594              
/* 0042C 80AD71FC A7A20026 */  sh      $v0, 0x0026($sp)           
/* 00430 80AD7200 4600018D */  trunc.w.s $f6, $f0                   
/* 00434 80AD7204 87B90026 */  lh      $t9, 0x0026($sp)           
/* 00438 80AD7208 920A0351 */  lbu     $t2, 0x0351($s0)           ## 00000351
/* 0043C 80AD720C 860900BE */  lh      $t1, 0x00BE($s0)           ## 000000BE
/* 00440 80AD7210 440F3000 */  mfc1    $t7, $f6                   
/* 00444 80AD7214 3C0D80AD */  lui     $t5, %hi(func_80AD7254)    ## $t5 = 80AD0000
/* 00448 80AD7218 240C000C */  addiu   $t4, $zero, 0x000C         ## $t4 = 0000000C
/* 0044C 80AD721C 25F80003 */  addiu   $t8, $t7, 0x0003           ## $t8 = 00000003
/* 00450 80AD7220 03190019 */  multu   $t8, $t9                   
/* 00454 80AD7224 25AD7254 */  addiu   $t5, $t5, %lo(func_80AD7254) ## $t5 = 80AD7254
/* 00458 80AD7228 354B0005 */  ori     $t3, $t2, 0x0005           ## $t3 = 00000005
/* 0045C 80AD722C A20B0351 */  sb      $t3, 0x0351($s0)           ## 00000351
/* 00460 80AD7230 A20C0354 */  sb      $t4, 0x0354($s0)           ## 00000354
/* 00464 80AD7234 AE0D0298 */  sw      $t5, 0x0298($s0)           ## 00000298
/* 00468 80AD7238 A60902A4 */  sh      $t1, 0x02A4($s0)           ## 000002A4
/* 0046C 80AD723C 00004012 */  mflo    $t0                        
/* 00470 80AD7240 A608029E */  sh      $t0, 0x029E($s0)           ## 0000029E
/* 00474 80AD7244 8FBF001C */  lw      $ra, 0x001C($sp)           
/* 00478 80AD7248 8FB00018 */  lw      $s0, 0x0018($sp)           
/* 0047C 80AD724C 03E00008 */  jr      $ra                        
/* 00480 80AD7250 27BD0028 */  addiu   $sp, $sp, 0x0028           ## $sp = 00000000


glabel func_80AD7254
/* 00484 80AD7254 27BDFFD0 */  addiu   $sp, $sp, 0xFFD0           ## $sp = FFFFFFD0
/* 00488 80AD7258 AFB00018 */  sw      $s0, 0x0018($sp)           
/* 0048C 80AD725C 00808025 */  or      $s0, $a0, $zero            ## $s0 = 00000000
/* 00490 80AD7260 AFBF001C */  sw      $ra, 0x001C($sp)           
/* 00494 80AD7264 8CAE1CCC */  lw      $t6, 0x1CCC($a1)           ## 00001CCC
/* 00498 80AD7268 00A02025 */  or      $a0, $a1, $zero            ## $a0 = 00000000
/* 0049C 80AD726C 0C04900F */  jal     func_8012403C              
/* 004A0 80AD7270 AFAE002C */  sw      $t6, 0x002C($sp)           
/* 004A4 80AD7274 24010010 */  addiu   $at, $zero, 0x0010         ## $at = 00000010
/* 004A8 80AD7278 10410011 */  beq     $v0, $at, .L80AD72C0       
/* 004AC 80AD727C 8FAF002C */  lw      $t7, 0x002C($sp)           
/* 004B0 80AD7280 8DF80A6C */  lw      $t8, 0x0A6C($t7)           ## 00000A6C
/* 004B4 80AD7284 3C014370 */  lui     $at, 0x4370                ## $at = 43700000
/* 004B8 80AD7288 0018CA00 */  sll     $t9, $t8,  8               
/* 004BC 80AD728C 0722000D */  bltzl   $t9, .L80AD72C4            
/* 004C0 80AD7290 26040144 */  addiu   $a0, $s0, 0x0144           ## $a0 = 00000144
/* 004C4 80AD7294 C6040098 */  lwc1    $f4, 0x0098($s0)           ## 00000098
/* 004C8 80AD7298 44813000 */  mtc1    $at, $f6                   ## $f6 = 240.00
/* 004CC 80AD729C 00000000 */  nop
/* 004D0 80AD72A0 4606203C */  c.lt.s  $f4, $f6                   
/* 004D4 80AD72A4 00000000 */  nop
/* 004D8 80AD72A8 45020006 */  bc1fl   .L80AD72C4                 
/* 004DC 80AD72AC 26040144 */  addiu   $a0, $s0, 0x0144           ## $a0 = 00000144
/* 004E0 80AD72B0 0C2B5CEA */  jal     func_80AD73A8              
/* 004E4 80AD72B4 02002025 */  or      $a0, $s0, $zero            ## $a0 = 00000000
/* 004E8 80AD72B8 10000037 */  beq     $zero, $zero, .L80AD7398   
/* 004EC 80AD72BC 8FBF001C */  lw      $ra, 0x001C($sp)           
.L80AD72C0:
/* 004F0 80AD72C0 26040144 */  addiu   $a0, $s0, 0x0144           ## $a0 = 00000144
.L80AD72C4:
/* 004F4 80AD72C4 0C04DB34 */  jal     func_80136CD0              
/* 004F8 80AD72C8 AFA40024 */  sw      $a0, 0x0024($sp)           
/* 004FC 80AD72CC 860502A4 */  lh      $a1, 0x02A4($s0)           ## 000002A4
/* 00500 80AD72D0 860800BE */  lh      $t0, 0x00BE($s0)           ## 000000BE
/* 00504 80AD72D4 24060100 */  addiu   $a2, $zero, 0x0100         ## $a2 = 00000100
/* 00508 80AD72D8 02002025 */  or      $a0, $s0, $zero            ## $a0 = 00000000
/* 0050C 80AD72DC 51050007 */  beql    $t0, $a1, .L80AD72FC       
/* 00510 80AD72E0 26050008 */  addiu   $a1, $s0, 0x0008           ## $a1 = 00000008
/* 00514 80AD72E4 0C03FB9C */  jal     func_800FEE70              
/* 00518 80AD72E8 260400BE */  addiu   $a0, $s0, 0x00BE           ## $a0 = 000000BE
/* 0051C 80AD72EC 860900BE */  lh      $t1, 0x00BE($s0)           ## 000000BE
/* 00520 80AD72F0 10000013 */  beq     $zero, $zero, .L80AD7340   
/* 00524 80AD72F4 A6090032 */  sh      $t1, 0x0032($s0)           ## 00000032
/* 00528 80AD72F8 26050008 */  addiu   $a1, $s0, 0x0008           ## $a1 = 00000008
.L80AD72FC:
/* 0052C 80AD72FC 0C02DB92 */  jal     func_800B6E48              
/* 00530 80AD7300 AFA50020 */  sw      $a1, 0x0020($sp)           
/* 00534 80AD7304 3C014220 */  lui     $at, 0x4220                ## $at = 42200000
/* 00538 80AD7308 44814000 */  mtc1    $at, $f8                   ## $f8 = 40.00
/* 0053C 80AD730C 8FA50020 */  lw      $a1, 0x0020($sp)           
/* 00540 80AD7310 4600403C */  c.lt.s  $f8, $f0                   
/* 00544 80AD7314 00000000 */  nop
/* 00548 80AD7318 4502000A */  bc1fl   .L80AD7344                 
/* 0054C 80AD731C 860D029E */  lh      $t5, 0x029E($s0)           ## 0000029E
/* 00550 80AD7320 0C02DB4B */  jal     func_800B6D2C              
/* 00554 80AD7324 02002025 */  or      $a0, $s0, $zero            ## $a0 = 00000000
/* 00558 80AD7328 0C021BE8 */  jal     func_80086FA0              
/* 0055C 80AD732C A7A2002A */  sh      $v0, 0x002A($sp)           
/* 00560 80AD7330 87AB002A */  lh      $t3, 0x002A($sp)           
/* 00564 80AD7334 00025503 */  sra     $t2, $v0, 20               
/* 00568 80AD7338 014B6021 */  addu    $t4, $t2, $t3              
/* 0056C 80AD733C A60C02A4 */  sh      $t4, 0x02A4($s0)           ## 000002A4
.L80AD7340:
/* 00570 80AD7340 860D029E */  lh      $t5, 0x029E($s0)           ## 0000029E
.L80AD7344:
/* 00574 80AD7344 25AEFFFF */  addiu   $t6, $t5, 0xFFFF           ## $t6 = FFFFFFFF
/* 00578 80AD7348 A60E029E */  sh      $t6, 0x029E($s0)           ## 0000029E
/* 0057C 80AD734C 860F029E */  lh      $t7, 0x029E($s0)           ## 0000029E
/* 00580 80AD7350 8FA40024 */  lw      $a0, 0x0024($sp)           
/* 00584 80AD7354 15E00005 */  bne     $t7, $zero, .L80AD736C     
/* 00588 80AD7358 00000000 */  nop
/* 0058C 80AD735C 0C2B5C28 */  jal     func_80AD70A0              
/* 00590 80AD7360 02002025 */  or      $a0, $s0, $zero            ## $a0 = 00000000
/* 00594 80AD7364 1000000C */  beq     $zero, $zero, .L80AD7398   
/* 00598 80AD7368 8FBF001C */  lw      $ra, 0x001C($sp)           
.L80AD736C:
/* 0059C 80AD736C 0C04DE2E */  jal     func_801378B8              
/* 005A0 80AD7370 24050000 */  addiu   $a1, $zero, 0x0000         ## $a1 = 00000000
/* 005A4 80AD7374 14400004 */  bne     $v0, $zero, .L80AD7388     
/* 005A8 80AD7378 8FA40024 */  lw      $a0, 0x0024($sp)           
/* 005AC 80AD737C 0C04DE2E */  jal     func_801378B8              
/* 005B0 80AD7380 3C054170 */  lui     $a1, 0x4170                ## $a1 = 41700000
/* 005B4 80AD7384 10400003 */  beq     $v0, $zero, .L80AD7394     
.L80AD7388:
/* 005B8 80AD7388 02002025 */  or      $a0, $s0, $zero            ## $a0 = 00000000
/* 005BC 80AD738C 0C02E3B2 */  jal     func_800B8EC8              
/* 005C0 80AD7390 240538F5 */  addiu   $a1, $zero, 0x38F5         ## $a1 = 000038F5
.L80AD7394:
/* 005C4 80AD7394 8FBF001C */  lw      $ra, 0x001C($sp)           
.L80AD7398:
/* 005C8 80AD7398 8FB00018 */  lw      $s0, 0x0018($sp)           
/* 005CC 80AD739C 27BD0030 */  addiu   $sp, $sp, 0x0030           ## $sp = 00000000
/* 005D0 80AD73A0 03E00008 */  jr      $ra                        
/* 005D4 80AD73A4 00000000 */  nop


glabel func_80AD73A8
/* 005D8 80AD73A8 27BDFFE8 */  addiu   $sp, $sp, 0xFFE8           ## $sp = FFFFFFE8
/* 005DC 80AD73AC AFBF0014 */  sw      $ra, 0x0014($sp)           
/* 005E0 80AD73B0 00803825 */  or      $a3, $a0, $zero            ## $a3 = 00000000
/* 005E4 80AD73B4 3C050600 */  lui     $a1, 0x0600                ## $a1 = 06000000
/* 005E8 80AD73B8 24A51C68 */  addiu   $a1, $a1, 0x1C68           ## $a1 = 06001C68
/* 005EC 80AD73BC 24E40144 */  addiu   $a0, $a3, 0x0144           ## $a0 = 00000144
/* 005F0 80AD73C0 3C06C040 */  lui     $a2, 0xC040                ## $a2 = C0400000
/* 005F4 80AD73C4 0C04DD22 */  jal     func_80137488              
/* 005F8 80AD73C8 AFA70018 */  sw      $a3, 0x0018($sp)           
/* 005FC 80AD73CC 8FA70018 */  lw      $a3, 0x0018($sp)           
/* 00600 80AD73D0 3C013F80 */  lui     $at, 0x3F80                ## $at = 3F800000
/* 00604 80AD73D4 44810000 */  mtc1    $at, $f0                   ## $f0 = 1.00
/* 00608 80AD73D8 84EE02A0 */  lh      $t6, 0x02A0($a3)           ## 000002A0
/* 0060C 80AD73DC 44802000 */  mtc1    $zero, $f4                 ## $f4 = 0.00
/* 00610 80AD73E0 A4E0029E */  sh      $zero, 0x029E($a3)         ## 0000029E
/* 00614 80AD73E4 E4E002AC */  swc1    $f0, 0x02AC($a3)           ## 000002AC
/* 00618 80AD73E8 E4E002A8 */  swc1    $f0, 0x02A8($a3)           ## 000002A8
/* 0061C 80AD73EC 15C00006 */  bne     $t6, $zero, .L80AD7408     
/* 00620 80AD73F0 E4E40070 */  swc1    $f4, 0x0070($a3)           ## 00000070
/* 00624 80AD73F4 00E02025 */  or      $a0, $a3, $zero            ## $a0 = 00000000
/* 00628 80AD73F8 240538F3 */  addiu   $a1, $zero, 0x38F3         ## $a1 = 000038F3
/* 0062C 80AD73FC 0C02E3B2 */  jal     func_800B8EC8              
/* 00630 80AD7400 AFA70018 */  sw      $a3, 0x0018($sp)           
/* 00634 80AD7404 8FA70018 */  lw      $a3, 0x0018($sp)           
.L80AD7408:
/* 00638 80AD7408 3C0F80AD */  lui     $t7, %hi(func_80AD7424)    ## $t7 = 80AD0000
/* 0063C 80AD740C 25EF7424 */  addiu   $t7, $t7, %lo(func_80AD7424) ## $t7 = 80AD7424
/* 00640 80AD7410 ACEF0298 */  sw      $t7, 0x0298($a3)           ## 00000298
/* 00644 80AD7414 8FBF0014 */  lw      $ra, 0x0014($sp)           
/* 00648 80AD7418 27BD0018 */  addiu   $sp, $sp, 0x0018           ## $sp = 00000000
/* 0064C 80AD741C 03E00008 */  jr      $ra                        
/* 00650 80AD7420 00000000 */  nop


glabel func_80AD7424
/* 00654 80AD7424 27BDFFE0 */  addiu   $sp, $sp, 0xFFE0           ## $sp = FFFFFFE0
/* 00658 80AD7428 AFBF0014 */  sw      $ra, 0x0014($sp)           
/* 0065C 80AD742C AFA50024 */  sw      $a1, 0x0024($sp)           
/* 00660 80AD7430 00803025 */  or      $a2, $a0, $zero            ## $a2 = 00000000
/* 00664 80AD7434 8FAE0024 */  lw      $t6, 0x0024($sp)           
/* 00668 80AD7438 24C40144 */  addiu   $a0, $a2, 0x0144           ## $a0 = 00000144
/* 0066C 80AD743C 8DCF1CCC */  lw      $t7, 0x1CCC($t6)           ## 00001CCC
/* 00670 80AD7440 AFA60020 */  sw      $a2, 0x0020($sp)           
/* 00674 80AD7444 0C04DB34 */  jal     func_80136CD0              
/* 00678 80AD7448 AFAF001C */  sw      $t7, 0x001C($sp)           
/* 0067C 80AD744C 10400025 */  beq     $v0, $zero, .L80AD74E4     
/* 00680 80AD7450 8FA60020 */  lw      $a2, 0x0020($sp)           
/* 00684 80AD7454 8FA40024 */  lw      $a0, 0x0024($sp)           
/* 00688 80AD7458 0C04900F */  jal     func_8012403C              
/* 0068C 80AD745C AFA60020 */  sw      $a2, 0x0020($sp)           
/* 00690 80AD7460 24010010 */  addiu   $at, $zero, 0x0010         ## $at = 00000010
/* 00694 80AD7464 10410015 */  beq     $v0, $at, .L80AD74BC       
/* 00698 80AD7468 8FA60020 */  lw      $a2, 0x0020($sp)           
/* 0069C 80AD746C 8FB8001C */  lw      $t8, 0x001C($sp)           
/* 006A0 80AD7470 8F190A6C */  lw      $t9, 0x0A6C($t8)           ## 00000A6C
/* 006A4 80AD7474 00194200 */  sll     $t0, $t9,  8               
/* 006A8 80AD7478 05020011 */  bltzl   $t0, .L80AD74C0            
/* 006AC 80AD747C 84CA029E */  lh      $t2, 0x029E($a2)           ## 0000029E
/* 006B0 80AD7480 84C9029E */  lh      $t1, 0x029E($a2)           ## 0000029E
/* 006B4 80AD7484 3C0142F0 */  lui     $at, 0x42F0                ## $at = 42F00000
/* 006B8 80AD7488 11200008 */  beq     $t1, $zero, .L80AD74AC     
/* 006BC 80AD748C 00000000 */  nop
/* 006C0 80AD7490 C4C40098 */  lwc1    $f4, 0x0098($a2)           ## 00000098
/* 006C4 80AD7494 44813000 */  mtc1    $at, $f6                   ## $f6 = 120.00
/* 006C8 80AD7498 00000000 */  nop
/* 006CC 80AD749C 4606203C */  c.lt.s  $f4, $f6                   
/* 006D0 80AD74A0 00000000 */  nop
/* 006D4 80AD74A4 45020006 */  bc1fl   .L80AD74C0                 
/* 006D8 80AD74A8 84CA029E */  lh      $t2, 0x029E($a2)           ## 0000029E
.L80AD74AC:
/* 006DC 80AD74AC 0C2B5DB3 */  jal     func_80AD76CC              
/* 006E0 80AD74B0 00C02025 */  or      $a0, $a2, $zero            ## $a0 = 00000000
/* 006E4 80AD74B4 10000029 */  beq     $zero, $zero, .L80AD755C   
/* 006E8 80AD74B8 8FBF0014 */  lw      $ra, 0x0014($sp)           
.L80AD74BC:
/* 006EC 80AD74BC 84CA029E */  lh      $t2, 0x029E($a2)           ## 0000029E
.L80AD74C0:
/* 006F0 80AD74C0 254BFFFF */  addiu   $t3, $t2, 0xFFFF           ## $t3 = FFFFFFFF
/* 006F4 80AD74C4 A4CB029E */  sh      $t3, 0x029E($a2)           ## 0000029E
/* 006F8 80AD74C8 84CC029E */  lh      $t4, 0x029E($a2)           ## 0000029E
/* 006FC 80AD74CC 55800023 */  bnel    $t4, $zero, .L80AD755C     
/* 00700 80AD74D0 8FBF0014 */  lw      $ra, 0x0014($sp)           
/* 00704 80AD74D4 0C2B5EC6 */  jal     func_80AD7B18              
/* 00708 80AD74D8 00C02025 */  or      $a0, $a2, $zero            ## $a0 = 00000000
/* 0070C 80AD74DC 1000001F */  beq     $zero, $zero, .L80AD755C   
/* 00710 80AD74E0 8FBF0014 */  lw      $ra, 0x0014($sp)           
.L80AD74E4:
/* 00714 80AD74E4 3C014000 */  lui     $at, 0x4000                ## $at = 40000000
/* 00718 80AD74E8 44817000 */  mtc1    $at, $f14                  ## $f14 = 2.00
/* 0071C 80AD74EC C4C2015C */  lwc1    $f2, 0x015C($a2)           ## 0000015C
/* 00720 80AD74F0 3C013E80 */  lui     $at, 0x3E80                ## $at = 3E800000
/* 00724 80AD74F4 4602703C */  c.lt.s  $f14, $f2                  
/* 00728 80AD74F8 00000000 */  nop
/* 0072C 80AD74FC 45020010 */  bc1fl   .L80AD7540                 
/* 00730 80AD7500 44814000 */  mtc1    $at, $f8                   ## $f8 = 0.25
/* 00734 80AD7504 3C013FC0 */  lui     $at, 0x3FC0                ## $at = 3FC00000
/* 00738 80AD7508 44816000 */  mtc1    $at, $f12                  ## $f12 = 1.50
/* 0073C 80AD750C 460E1001 */  sub.s   $f0, $f2, $f14             
/* 00740 80AD7510 3C0180AE */  lui     $at, %hi(D_80AD8ED4)       ## $at = 80AE0000
/* 00744 80AD7514 C4288ED4 */  lwc1    $f8, %lo(D_80AD8ED4)($at)  
/* 00748 80AD7518 3C0180AE */  lui     $at, %hi(D_80AD8ED8)       ## $at = 80AE0000
/* 0074C 80AD751C 46080282 */  mul.s   $f10, $f0, $f8             
/* 00750 80AD7520 460A6401 */  sub.s   $f16, $f12, $f10           
/* 00754 80AD7524 E4D002AC */  swc1    $f16, 0x02AC($a2)          ## 000002AC
/* 00758 80AD7528 C4328ED8 */  lwc1    $f18, %lo(D_80AD8ED8)($at) 
/* 0075C 80AD752C 46120102 */  mul.s   $f4, $f0, $f18             
/* 00760 80AD7530 46046181 */  sub.s   $f6, $f12, $f4             
/* 00764 80AD7534 10000008 */  beq     $zero, $zero, .L80AD7558   
/* 00768 80AD7538 E4C602A8 */  swc1    $f6, 0x02A8($a2)           ## 000002A8
/* 0076C 80AD753C 44814000 */  mtc1    $at, $f8                   ## $f8 = -0.00
.L80AD7540:
/* 00770 80AD7540 3C013F80 */  lui     $at, 0x3F80                ## $at = 3F800000
/* 00774 80AD7544 44818000 */  mtc1    $at, $f16                  ## $f16 = 1.00
/* 00778 80AD7548 46024282 */  mul.s   $f10, $f8, $f2             
/* 0077C 80AD754C 46105000 */  add.s   $f0, $f10, $f16            
/* 00780 80AD7550 E4C002AC */  swc1    $f0, 0x02AC($a2)           ## 000002AC
/* 00784 80AD7554 E4C002A8 */  swc1    $f0, 0x02A8($a2)           ## 000002A8
.L80AD7558:
/* 00788 80AD7558 8FBF0014 */  lw      $ra, 0x0014($sp)           
.L80AD755C:
/* 0078C 80AD755C 27BD0020 */  addiu   $sp, $sp, 0x0020           ## $sp = 00000000
/* 00790 80AD7560 03E00008 */  jr      $ra                        
/* 00794 80AD7564 00000000 */  nop


glabel func_80AD7568
/* 00798 80AD7568 848E02A6 */  lh      $t6, 0x02A6($a0)           ## 000002A6
/* 0079C 80AD756C 3C0180AE */  lui     $at, %hi(D_80AD8EDC)       ## $at = 80AE0000
/* 007A0 80AD7570 C4268EDC */  lwc1    $f6, %lo(D_80AD8EDC)($at)  
/* 007A4 80AD7574 448E2000 */  mtc1    $t6, $f4                   ## $f4 = 0.00
/* 007A8 80AD7578 3C0180AE */  lui     $at, %hi(D_80AD8EE0)       ## $at = 80AE0000
/* 007AC 80AD757C 46802020 */  cvt.s.w $f0, $f4                   
/* 007B0 80AD7580 46060202 */  mul.s   $f8, $f0, $f6              
/* 007B4 80AD7584 E4880070 */  swc1    $f8, 0x0070($a0)           ## 00000070
/* 007B8 80AD7588 C42A8EE0 */  lwc1    $f10, %lo(D_80AD8EE0)($at) 
/* 007BC 80AD758C 460A0402 */  mul.s   $f16, $f0, $f10            
/* 007C0 80AD7590 4600848D */  trunc.w.s $f18, $f16                 
/* 007C4 80AD7594 44189000 */  mfc1    $t8, $f18                  
/* 007C8 80AD7598 00000000 */  nop
/* 007CC 80AD759C A49800C0 */  sh      $t8, 0x00C0($a0)           ## 000000C0
/* 007D0 80AD75A0 03E00008 */  jr      $ra                        
/* 007D4 80AD75A4 00000000 */  nop


glabel func_80AD75A8
/* 007D8 80AD75A8 27BDFFD0 */  addiu   $sp, $sp, 0xFFD0           ## $sp = FFFFFFD0
/* 007DC 80AD75AC AFB00028 */  sw      $s0, 0x0028($sp)           
/* 007E0 80AD75B0 00808025 */  or      $s0, $a0, $zero            ## $s0 = 00000000
/* 007E4 80AD75B4 AFBF002C */  sw      $ra, 0x002C($sp)           
/* 007E8 80AD75B8 00A03825 */  or      $a3, $a1, $zero            ## $a3 = 00000000
/* 007EC 80AD75BC 960E0090 */  lhu     $t6, 0x0090($s0)           ## 00000090
/* 007F0 80AD75C0 3C014040 */  lui     $at, 0x4040                ## $at = 40400000
/* 007F4 80AD75C4 31CF0001 */  andi    $t7, $t6, 0x0001           ## $t7 = 00000000
/* 007F8 80AD75C8 51E00035 */  beql    $t7, $zero, .L80AD76A0     
/* 007FC 80AD75CC 860E02A6 */  lh      $t6, 0x02A6($s0)           ## 000002A6
/* 00800 80AD75D0 C6040070 */  lwc1    $f4, 0x0070($s0)           ## 00000070
/* 00804 80AD75D4 44813000 */  mtc1    $at, $f6                   ## $f6 = 3.00
/* 00808 80AD75D8 3C180002 */  lui     $t8, 0x0002                ## $t8 = 00020000
/* 0080C 80AD75DC 0307C021 */  addu    $t8, $t8, $a3              
/* 00810 80AD75E0 4604303E */  c.le.s  $f6, $f4                   
/* 00814 80AD75E4 00000000 */  nop
/* 00818 80AD75E8 4502002D */  bc1fl   .L80AD76A0                 
/* 0081C 80AD75EC 860E02A6 */  lh      $t6, 0x02A6($s0)           ## 000002A6
/* 00820 80AD75F0 8F188840 */  lw      $t8, -0x77C0($t8)          ## 00018840
/* 00824 80AD75F4 24E40830 */  addiu   $a0, $a3, 0x0830           ## $a0 = 00000830
/* 00828 80AD75F8 33190001 */  andi    $t9, $t8, 0x0001           ## $t9 = 00000000
/* 0082C 80AD75FC 57200028 */  bnel    $t9, $zero, .L80AD76A0     
/* 00830 80AD7600 860E02A6 */  lh      $t6, 0x02A6($s0)           ## 000002A6
/* 00834 80AD7604 8E050080 */  lw      $a1, 0x0080($s0)           ## 00000080
/* 00838 80AD7608 92060085 */  lbu     $a2, 0x0085($s0)           ## 00000085
/* 0083C 80AD760C 0C0326EE */  jal     func_800C9BB8              
/* 00840 80AD7610 AFA70034 */  sw      $a3, 0x0034($sp)           
/* 00844 80AD7614 10400003 */  beq     $v0, $zero, .L80AD7624     
/* 00848 80AD7618 8FA40034 */  lw      $a0, 0x0034($sp)           
/* 0084C 80AD761C 24010001 */  addiu   $at, $zero, 0x0001         ## $at = 00000001
/* 00850 80AD7620 1441000C */  bne     $v0, $at, .L80AD7654       
.L80AD7624:
/* 00854 80AD7624 3C0680AE */  lui     $a2, %hi(D_80AD8E5C)       ## $a2 = 80AE0000
/* 00858 80AD7628 3C07801D */  lui     $a3, 0x801D                ## $a3 = 801D0000
/* 0085C 80AD762C 24080226 */  addiu   $t0, $zero, 0x0226         ## $t0 = 00000226
/* 00860 80AD7630 24090064 */  addiu   $t1, $zero, 0x0064         ## $t1 = 00000064
/* 00864 80AD7634 AFA90014 */  sw      $t1, 0x0014($sp)           
/* 00868 80AD7638 AFA80010 */  sw      $t0, 0x0010($sp)           
/* 0086C 80AD763C 24E715B0 */  addiu   $a3, $a3, 0x15B0           ## $a3 = 801D15B0
/* 00870 80AD7640 24C68E5C */  addiu   $a2, $a2, %lo(D_80AD8E5C)  ## $a2 = 80AD8E5C
/* 00874 80AD7644 0C02C484 */  jal     func_800B1210              
/* 00878 80AD7648 26050024 */  addiu   $a1, $s0, 0x0024           ## $a1 = 00000024
/* 0087C 80AD764C 10000014 */  beq     $zero, $zero, .L80AD76A0   
/* 00880 80AD7650 860E02A6 */  lh      $t6, 0x02A6($s0)           ## 000002A6
.L80AD7654:
/* 00884 80AD7654 2401000E */  addiu   $at, $zero, 0x000E         ## $at = 0000000E
/* 00888 80AD7658 14410010 */  bne     $v0, $at, .L80AD769C       
/* 0088C 80AD765C 26050024 */  addiu   $a1, $s0, 0x0024           ## $a1 = 00000024
/* 00890 80AD7660 3C0A80AE */  lui     $t2, %hi(D_80AD8E54)       ## $t2 = 80AE0000
/* 00894 80AD7664 3C0B80AE */  lui     $t3, %hi(D_80AD8E58)       ## $t3 = 80AE0000
/* 00898 80AD7668 256B8E58 */  addiu   $t3, $t3, %lo(D_80AD8E58)  ## $t3 = 80AD8E58
/* 0089C 80AD766C 254A8E54 */  addiu   $t2, $t2, %lo(D_80AD8E54)  ## $t2 = 80AD8E54
/* 008A0 80AD7670 3C0680AE */  lui     $a2, %hi(D_80AD8E5C)       ## $a2 = 80AE0000
/* 008A4 80AD7674 3C07801D */  lui     $a3, 0x801D                ## $a3 = 801D0000
/* 008A8 80AD7678 240C0226 */  addiu   $t4, $zero, 0x0226         ## $t4 = 00000226
/* 008AC 80AD767C 240D0064 */  addiu   $t5, $zero, 0x0064         ## $t5 = 00000064
/* 008B0 80AD7680 AFAD001C */  sw      $t5, 0x001C($sp)           
/* 008B4 80AD7684 AFAC0018 */  sw      $t4, 0x0018($sp)           
/* 008B8 80AD7688 24E715B0 */  addiu   $a3, $a3, 0x15B0           ## $a3 = 801D15B0
/* 008BC 80AD768C 24C68E5C */  addiu   $a2, $a2, %lo(D_80AD8E5C)  ## $a2 = 80AD8E5C
/* 008C0 80AD7690 AFAA0010 */  sw      $t2, 0x0010($sp)           
/* 008C4 80AD7694 0C02C378 */  jal     func_800B0DE0              
/* 008C8 80AD7698 AFAB0014 */  sw      $t3, 0x0014($sp)           
.L80AD769C:
/* 008CC 80AD769C 860E02A6 */  lh      $t6, 0x02A6($s0)           ## 000002A6
.L80AD76A0:
/* 008D0 80AD76A0 02002025 */  or      $a0, $s0, $zero            ## $a0 = 00000000
/* 008D4 80AD76A4 29C11201 */  slti    $at, $t6, 0x1201           
/* 008D8 80AD76A8 54200004 */  bnel    $at, $zero, .L80AD76BC     
/* 008DC 80AD76AC 8FBF002C */  lw      $ra, 0x002C($sp)           
/* 008E0 80AD76B0 0C02E404 */  jal     func_800B9010              
/* 008E4 80AD76B4 240530F4 */  addiu   $a1, $zero, 0x30F4         ## $a1 = 000030F4
/* 008E8 80AD76B8 8FBF002C */  lw      $ra, 0x002C($sp)           
.L80AD76BC:
/* 008EC 80AD76BC 8FB00028 */  lw      $s0, 0x0028($sp)           
/* 008F0 80AD76C0 27BD0030 */  addiu   $sp, $sp, 0x0030           ## $sp = 00000000
/* 008F4 80AD76C4 03E00008 */  jr      $ra                        
/* 008F8 80AD76C8 00000000 */  nop


glabel func_80AD76CC
/* 008FC 80AD76CC 27BDFFD8 */  addiu   $sp, $sp, 0xFFD8           ## $sp = FFFFFFD8
/* 00900 80AD76D0 AFB00018 */  sw      $s0, 0x0018($sp)           
/* 00904 80AD76D4 00808025 */  or      $s0, $a0, $zero            ## $s0 = 00000000
/* 00908 80AD76D8 AFBF001C */  sw      $ra, 0x001C($sp)           
/* 0090C 80AD76DC 8E0F013C */  lw      $t7, 0x013C($s0)           ## 0000013C
/* 00910 80AD76E0 3C0E80AE */  lui     $t6, %hi(func_80AD8BC0)    ## $t6 = 80AE0000
/* 00914 80AD76E4 25CE8BC0 */  addiu   $t6, $t6, %lo(func_80AD8BC0) ## $t6 = 80AD8BC0
/* 00918 80AD76E8 15CF0018 */  bne     $t6, $t7, .L80AD774C       
/* 0091C 80AD76EC 02002025 */  or      $a0, $s0, $zero            ## $a0 = 00000000
/* 00920 80AD76F0 3C013F00 */  lui     $at, 0x3F00                ## $at = 3F000000
/* 00924 80AD76F4 44812000 */  mtc1    $at, $f4                   ## $f4 = 0.50
/* 00928 80AD76F8 3C1880AE */  lui     $t8, %hi(func_80AD8D64)    ## $t8 = 80AE0000
/* 0092C 80AD76FC 27188D64 */  addiu   $t8, $t8, %lo(func_80AD8D64) ## $t8 = 80AD8D64
/* 00930 80AD7700 24193B00 */  addiu   $t9, $zero, 0x3B00         ## $t9 = 00003B00
/* 00934 80AD7704 AE18013C */  sw      $t8, 0x013C($s0)           ## 0000013C
/* 00938 80AD7708 A61902A6 */  sh      $t9, 0x02A6($s0)           ## 000002A6
/* 0093C 80AD770C 02002025 */  or      $a0, $s0, $zero            ## $a0 = 00000000
/* 00940 80AD7710 0C2B5D5A */  jal     func_80AD7568              
/* 00944 80AD7714 E60402AC */  swc1    $f4, 0x02AC($s0)           ## 000002AC
/* 00948 80AD7718 44803000 */  mtc1    $zero, $f6                 ## $f6 = 0.00
/* 0094C 80AD771C 2408000F */  addiu   $t0, $zero, 0x000F         ## $t0 = 0000000F
/* 00950 80AD7720 A608029E */  sh      $t0, 0x029E($s0)           ## 0000029E
/* 00954 80AD7724 02002025 */  or      $a0, $s0, $zero            ## $a0 = 00000000
/* 00958 80AD7728 2405392B */  addiu   $a1, $zero, 0x392B         ## $a1 = 0000392B
/* 0095C 80AD772C 0C02E3B2 */  jal     func_800B8EC8              
/* 00960 80AD7730 E6060070 */  swc1    $f6, 0x0070($s0)           ## 00000070
/* 00964 80AD7734 3C0142C8 */  lui     $at, 0x42C8                ## $at = 42C80000
/* 00968 80AD7738 44815000 */  mtc1    $at, $f10                  ## $f10 = 100.00
/* 0096C 80AD773C C608000C */  lwc1    $f8, 0x000C($s0)           ## 0000000C
/* 00970 80AD7740 460A4401 */  sub.s   $f16, $f8, $f10            
/* 00974 80AD7744 10000009 */  beq     $zero, $zero, .L80AD776C   
/* 00978 80AD7748 E61002C0 */  swc1    $f16, 0x02C0($s0)          ## 000002C0
.L80AD774C:
/* 0097C 80AD774C 26050008 */  addiu   $a1, $s0, 0x0008           ## $a1 = 00000008
/* 00980 80AD7750 0C02DB4B */  jal     func_800B6D2C              
/* 00984 80AD7754 AFA50024 */  sw      $a1, 0x0024($sp)           
/* 00988 80AD7758 8FA50024 */  lw      $a1, 0x0024($sp)           
/* 0098C 80AD775C A6020032 */  sh      $v0, 0x0032($s0)           ## 00000032
/* 00990 80AD7760 0C03FD43 */  jal     func_800FF50C              
/* 00994 80AD7764 260402BC */  addiu   $a0, $s0, 0x02BC           ## $a0 = 000002BC
/* 00998 80AD7768 A600029E */  sh      $zero, 0x029E($s0)         ## 0000029E
.L80AD776C:
/* 0099C 80AD776C 8E090004 */  lw      $t1, 0x0004($s0)           ## 00000004
/* 009A0 80AD7770 3C0B80AD */  lui     $t3, %hi(func_80AD7798)    ## $t3 = 80AD0000
/* 009A4 80AD7774 256B7798 */  addiu   $t3, $t3, %lo(func_80AD7798) ## $t3 = 80AD7798
/* 009A8 80AD7778 352A0010 */  ori     $t2, $t1, 0x0010           ## $t2 = 00000010
/* 009AC 80AD777C AE0A0004 */  sw      $t2, 0x0004($s0)           ## 00000004
/* 009B0 80AD7780 AE0B0298 */  sw      $t3, 0x0298($s0)           ## 00000298
/* 009B4 80AD7784 8FBF001C */  lw      $ra, 0x001C($sp)           
/* 009B8 80AD7788 8FB00018 */  lw      $s0, 0x0018($sp)           
/* 009BC 80AD778C 27BD0028 */  addiu   $sp, $sp, 0x0028           ## $sp = 00000000
/* 009C0 80AD7790 03E00008 */  jr      $ra                        
/* 009C4 80AD7794 00000000 */  nop


glabel func_80AD7798
/* 009C8 80AD7798 27BDFFE0 */  addiu   $sp, $sp, 0xFFE0           ## $sp = FFFFFFE0
/* 009CC 80AD779C AFB00018 */  sw      $s0, 0x0018($sp)           
/* 009D0 80AD77A0 00808025 */  or      $s0, $a0, $zero            ## $s0 = 00000000
/* 009D4 80AD77A4 AFBF001C */  sw      $ra, 0x001C($sp)           
/* 009D8 80AD77A8 AFA50024 */  sw      $a1, 0x0024($sp)           
/* 009DC 80AD77AC 8602029E */  lh      $v0, 0x029E($s0)           ## 0000029E
/* 009E0 80AD77B0 2401000F */  addiu   $at, $zero, 0x000F         ## $at = 0000000F
/* 009E4 80AD77B4 14410016 */  bne     $v0, $at, .L80AD7810       
/* 009E8 80AD77B8 3C0180AE */  lui     $at, %hi(D_80AD8EE4)       ## $at = 80AE0000
/* 009EC 80AD77BC C4268EE4 */  lwc1    $f6, %lo(D_80AD8EE4)($at)  
/* 009F0 80AD77C0 C60402AC */  lwc1    $f4, 0x02AC($s0)           ## 000002AC
/* 009F4 80AD77C4 3C0180AE */  lui     $at, %hi(D_80AD8EE8)       ## $at = 80AE0000
/* 009F8 80AD77C8 46062200 */  add.s   $f8, $f4, $f6              
/* 009FC 80AD77CC E60802AC */  swc1    $f8, 0x02AC($s0)           ## 000002AC
/* 00A00 80AD77D0 C61002AC */  lwc1    $f16, 0x02AC($s0)          ## 000002AC
/* 00A04 80AD77D4 C42A8EE8 */  lwc1    $f10, %lo(D_80AD8EE8)($at) 
/* 00A08 80AD77D8 3C013F80 */  lui     $at, 0x3F80                ## $at = 3F800000
/* 00A0C 80AD77DC 4610503C */  c.lt.s  $f10, $f16                 
/* 00A10 80AD77E0 00000000 */  nop
/* 00A14 80AD77E4 4502003A */  bc1fl   .L80AD78D0                 
/* 00A18 80AD77E8 C60A02C0 */  lwc1    $f10, 0x02C0($s0)          ## 000002C0
/* 00A1C 80AD77EC 860E029E */  lh      $t6, 0x029E($s0)           ## 0000029E
/* 00A20 80AD77F0 92180350 */  lbu     $t8, 0x0350($s0)           ## 00000350
/* 00A24 80AD77F4 44819000 */  mtc1    $at, $f18                  ## $f18 = 1.00
/* 00A28 80AD77F8 25CFFFFF */  addiu   $t7, $t6, 0xFFFF           ## $t7 = FFFFFFFF
/* 00A2C 80AD77FC 37190001 */  ori     $t9, $t8, 0x0001           ## $t9 = 00000001
/* 00A30 80AD7800 A60F029E */  sh      $t7, 0x029E($s0)           ## 0000029E
/* 00A34 80AD7804 A2190350 */  sb      $t9, 0x0350($s0)           ## 00000350
/* 00A38 80AD7808 10000030 */  beq     $zero, $zero, .L80AD78CC   
/* 00A3C 80AD780C E61202AC */  swc1    $f18, 0x02AC($s0)          ## 000002AC
.L80AD7810:
/* 00A40 80AD7810 18400003 */  blez    $v0, .L80AD7820            
/* 00A44 80AD7814 2448FFFF */  addiu   $t0, $v0, 0xFFFF           ## $t0 = FFFFFFFF
/* 00A48 80AD7818 1000002C */  beq     $zero, $zero, .L80AD78CC   
/* 00A4C 80AD781C A608029E */  sh      $t0, 0x029E($s0)           ## 0000029E
.L80AD7820:
/* 00A50 80AD7820 860902A6 */  lh      $t1, 0x02A6($s0)           ## 000002A6
/* 00A54 80AD7824 3C0180AE */  lui     $at, %hi(D_80AD8EEC)       ## $at = 80AE0000
/* 00A58 80AD7828 C4288EEC */  lwc1    $f8, %lo(D_80AD8EEC)($at)  
/* 00A5C 80AD782C 44892000 */  mtc1    $t1, $f4                   ## $f4 = 0.00
/* 00A60 80AD7830 260402A6 */  addiu   $a0, $s0, 0x02A6           ## $a0 = 000002A6
/* 00A64 80AD7834 24053B00 */  addiu   $a1, $zero, 0x3B00         ## $a1 = 00003B00
/* 00A68 80AD7838 468021A0 */  cvt.s.w $f6, $f4                   
/* 00A6C 80AD783C 46083282 */  mul.s   $f10, $f6, $f8             
/* 00A70 80AD7840 4600540D */  trunc.w.s $f16, $f10                 
/* 00A74 80AD7844 44068000 */  mfc1    $a2, $f16                  
/* 00A78 80AD7848 00000000 */  nop
/* 00A7C 80AD784C 24C6002D */  addiu   $a2, $a2, 0x002D           ## $a2 = 0000002D
/* 00A80 80AD7850 00063400 */  sll     $a2, $a2, 16               
/* 00A84 80AD7854 0C03FB9C */  jal     func_800FEE70              
/* 00A88 80AD7858 00063403 */  sra     $a2, $a2, 16               
/* 00A8C 80AD785C 5040001C */  beql    $v0, $zero, .L80AD78D0     
/* 00A90 80AD7860 C60A02C0 */  lwc1    $f10, 0x02C0($s0)          ## 000002C0
/* 00A94 80AD7864 C61202C0 */  lwc1    $f18, 0x02C0($s0)          ## 000002C0
/* 00A98 80AD7868 C604000C */  lwc1    $f4, 0x000C($s0)           ## 0000000C
/* 00A9C 80AD786C 4604903C */  c.lt.s  $f18, $f4                  
/* 00AA0 80AD7870 00000000 */  nop
/* 00AA4 80AD7874 45000013 */  bc1f    .L80AD78C4                 
/* 00AA8 80AD7878 00000000 */  nop
/* 00AAC 80AD787C 860B0092 */  lh      $t3, 0x0092($s0)           ## 00000092
/* 00AB0 80AD7880 A60B0032 */  sh      $t3, 0x0032($s0)           ## 00000032
/* 00AB4 80AD7884 0C03FB61 */  jal     func_800FED84              
/* 00AB8 80AD7888 86040032 */  lh      $a0, 0x0032($s0)           ## 00000032
/* 00ABC 80AD788C 3C0143B4 */  lui     $at, 0x43B4                ## $at = 43B40000
/* 00AC0 80AD7890 44813000 */  mtc1    $at, $f6                   ## $f6 = 360.00
/* 00AC4 80AD7894 C60A0024 */  lwc1    $f10, 0x0024($s0)          ## 00000024
/* 00AC8 80AD7898 86040032 */  lh      $a0, 0x0032($s0)           ## 00000032
/* 00ACC 80AD789C 46060202 */  mul.s   $f8, $f0, $f6              
/* 00AD0 80AD78A0 460A4400 */  add.s   $f16, $f8, $f10            
/* 00AD4 80AD78A4 0C03FB51 */  jal     func_800FED44              
/* 00AD8 80AD78A8 E61002BC */  swc1    $f16, 0x02BC($s0)          ## 000002BC
/* 00ADC 80AD78AC 3C0143B4 */  lui     $at, 0x43B4                ## $at = 43B40000
/* 00AE0 80AD78B0 44819000 */  mtc1    $at, $f18                  ## $f18 = 360.00
/* 00AE4 80AD78B4 C606002C */  lwc1    $f6, 0x002C($s0)           ## 0000002C
/* 00AE8 80AD78B8 46120102 */  mul.s   $f4, $f0, $f18             
/* 00AEC 80AD78BC 46062200 */  add.s   $f8, $f4, $f6              
/* 00AF0 80AD78C0 E60802C4 */  swc1    $f8, 0x02C4($s0)           ## 000002C4
.L80AD78C4:
/* 00AF4 80AD78C4 0C2B5E4B */  jal     func_80AD792C              
/* 00AF8 80AD78C8 02002025 */  or      $a0, $s0, $zero            ## $a0 = 00000000
.L80AD78CC:
/* 00AFC 80AD78CC C60A02C0 */  lwc1    $f10, 0x02C0($s0)          ## 000002C0
.L80AD78D0:
/* 00B00 80AD78D0 C610000C */  lwc1    $f16, 0x000C($s0)          ## 0000000C
/* 00B04 80AD78D4 860C00BE */  lh      $t4, 0x00BE($s0)           ## 000000BE
/* 00B08 80AD78D8 860D02A6 */  lh      $t5, 0x02A6($s0)           ## 000002A6
/* 00B0C 80AD78DC 4610503C */  c.lt.s  $f10, $f16                 
/* 00B10 80AD78E0 018D7021 */  addu    $t6, $t4, $t5              
/* 00B14 80AD78E4 A60E00BE */  sh      $t6, 0x00BE($s0)           ## 000000BE
/* 00B18 80AD78E8 45000006 */  bc1f    .L80AD7904                 
/* 00B1C 80AD78EC 00000000 */  nop
/* 00B20 80AD78F0 8E180298 */  lw      $t8, 0x0298($s0)           ## 00000298
/* 00B24 80AD78F4 3C0F80AD */  lui     $t7, %hi(func_80AD7798)    ## $t7 = 80AD0000
/* 00B28 80AD78F8 25EF7798 */  addiu   $t7, $t7, %lo(func_80AD7798) ## $t7 = 80AD7798
/* 00B2C 80AD78FC 51F80004 */  beql    $t7, $t8, .L80AD7910       
/* 00B30 80AD7900 02002025 */  or      $a0, $s0, $zero            ## $a0 = 00000000
.L80AD7904:
/* 00B34 80AD7904 0C2B5D5A */  jal     func_80AD7568              
/* 00B38 80AD7908 02002025 */  or      $a0, $s0, $zero            ## $a0 = 00000000
/* 00B3C 80AD790C 02002025 */  or      $a0, $s0, $zero            ## $a0 = 00000000
.L80AD7910:
/* 00B40 80AD7910 0C2B5D6A */  jal     func_80AD75A8              
/* 00B44 80AD7914 8FA50024 */  lw      $a1, 0x0024($sp)           
/* 00B48 80AD7918 8FBF001C */  lw      $ra, 0x001C($sp)           
/* 00B4C 80AD791C 8FB00018 */  lw      $s0, 0x0018($sp)           
/* 00B50 80AD7920 27BD0020 */  addiu   $sp, $sp, 0x0020           ## $sp = 00000000
/* 00B54 80AD7924 03E00008 */  jr      $ra                        
/* 00B58 80AD7928 00000000 */  nop


glabel func_80AD792C
/* 00B5C 80AD792C 3C0F80AD */  lui     $t7, %hi(func_80AD7948)    ## $t7 = 80AD0000
/* 00B60 80AD7930 240EFFFF */  addiu   $t6, $zero, 0xFFFF         ## $t6 = FFFFFFFF
/* 00B64 80AD7934 25EF7948 */  addiu   $t7, $t7, %lo(func_80AD7948) ## $t7 = 80AD7948
/* 00B68 80AD7938 A48E029E */  sh      $t6, 0x029E($a0)           ## 0000029E
/* 00B6C 80AD793C AC8F0298 */  sw      $t7, 0x0298($a0)           ## 00000298
/* 00B70 80AD7940 03E00008 */  jr      $ra                        
/* 00B74 80AD7944 00000000 */  nop


glabel func_80AD7948
/* 00B78 80AD7948 27BDFFD0 */  addiu   $sp, $sp, 0xFFD0           ## $sp = FFFFFFD0
/* 00B7C 80AD794C AFB00018 */  sw      $s0, 0x0018($sp)           
/* 00B80 80AD7950 00808025 */  or      $s0, $a0, $zero            ## $s0 = 00000000
/* 00B84 80AD7954 AFBF001C */  sw      $ra, 0x001C($sp)           
/* 00B88 80AD7958 860E00BE */  lh      $t6, 0x00BE($s0)           ## 000000BE
/* 00B8C 80AD795C 860F02A6 */  lh      $t7, 0x02A6($s0)           ## 000002A6
/* 00B90 80AD7960 02002025 */  or      $a0, $s0, $zero            ## $a0 = 00000000
/* 00B94 80AD7964 01CFC021 */  addu    $t8, $t6, $t7              
/* 00B98 80AD7968 0C2B5D6A */  jal     func_80AD75A8              
/* 00B9C 80AD796C A61800BE */  sh      $t8, 0x00BE($s0)           ## 000000BE
/* 00BA0 80AD7970 8605029E */  lh      $a1, 0x029E($s0)           ## 0000029E
/* 00BA4 80AD7974 2401FFFF */  addiu   $at, $zero, 0xFFFF         ## $at = FFFFFFFF
/* 00BA8 80AD7978 02002025 */  or      $a0, $s0, $zero            ## $a0 = 00000000
/* 00BAC 80AD797C 54A1002A */  bnel    $a1, $at, .L80AD7A28       
/* 00BB0 80AD7980 860B02A6 */  lh      $t3, 0x02A6($s0)           ## 000002A6
/* 00BB4 80AD7984 260502BC */  addiu   $a1, $s0, 0x02BC           ## $a1 = 000002BC
/* 00BB8 80AD7988 0C02DB4B */  jal     func_800B6D2C              
/* 00BBC 80AD798C AFA50024 */  sw      $a1, 0x0024($sp)           
/* 00BC0 80AD7990 86190032 */  lh      $t9, 0x0032($s0)           ## 00000032
/* 00BC4 80AD7994 8FA50024 */  lw      $a1, 0x0024($sp)           
/* 00BC8 80AD7998 00591823 */  subu    $v1, $v0, $t9              
/* 00BCC 80AD799C 00031C00 */  sll     $v1, $v1, 16               
/* 00BD0 80AD79A0 00031C03 */  sra     $v1, $v1, 16               
/* 00BD4 80AD79A4 04610003 */  bgez    $v1, .L80AD79B4            
/* 00BD8 80AD79A8 00601025 */  or      $v0, $v1, $zero            ## $v0 = 00000000
/* 00BDC 80AD79AC 10000001 */  beq     $zero, $zero, .L80AD79B4   
/* 00BE0 80AD79B0 00031023 */  subu    $v0, $zero, $v1            
.L80AD79B4:
/* 00BE4 80AD79B4 96080090 */  lhu     $t0, 0x0090($s0)           ## 00000090
/* 00BE8 80AD79B8 28413001 */  slti    $at, $v0, 0x3001           
/* 00BEC 80AD79BC 31090008 */  andi    $t1, $t0, 0x0008           ## $t1 = 00000000
/* 00BF0 80AD79C0 5520000D */  bnel    $t1, $zero, .L80AD79F8     
/* 00BF4 80AD79C4 C60602C0 */  lwc1    $f6, 0x02C0($s0)           ## 000002C0
/* 00BF8 80AD79C8 5020000B */  beql    $at, $zero, .L80AD79F8     
/* 00BFC 80AD79CC C60602C0 */  lwc1    $f6, 0x02C0($s0)           ## 000002C0
/* 00C00 80AD79D0 0C02DB92 */  jal     func_800B6E48              
/* 00C04 80AD79D4 02002025 */  or      $a0, $s0, $zero            ## $a0 = 00000000
/* 00C08 80AD79D8 3C014248 */  lui     $at, 0x4248                ## $at = 42480000
/* 00C0C 80AD79DC 44812000 */  mtc1    $at, $f4                   ## $f4 = 50.00
/* 00C10 80AD79E0 00000000 */  nop
/* 00C14 80AD79E4 4604003C */  c.lt.s  $f0, $f4                   
/* 00C18 80AD79E8 00000000 */  nop
/* 00C1C 80AD79EC 45020046 */  bc1fl   .L80AD7B08                 
/* 00C20 80AD79F0 8FBF001C */  lw      $ra, 0x001C($sp)           
/* 00C24 80AD79F4 C60602C0 */  lwc1    $f6, 0x02C0($s0)           ## 000002C0
.L80AD79F8:
/* 00C28 80AD79F8 C608000C */  lwc1    $f8, 0x000C($s0)           ## 0000000C
/* 00C2C 80AD79FC 240A0300 */  addiu   $t2, $zero, 0x0300         ## $t2 = 00000300
/* 00C30 80AD7A00 4608303C */  c.lt.s  $f6, $f8                   
/* 00C34 80AD7A04 00000000 */  nop
/* 00C38 80AD7A08 45020004 */  bc1fl   .L80AD7A1C                 
/* 00C3C 80AD7A0C A600029E */  sh      $zero, 0x029E($s0)         ## 0000029E
/* 00C40 80AD7A10 1000003C */  beq     $zero, $zero, .L80AD7B04   
/* 00C44 80AD7A14 A60A029E */  sh      $t2, 0x029E($s0)           ## 0000029E
/* 00C48 80AD7A18 A600029E */  sh      $zero, 0x029E($s0)         ## 0000029E
.L80AD7A1C:
/* 00C4C 80AD7A1C 1000003A */  beq     $zero, $zero, .L80AD7B08   
/* 00C50 80AD7A20 8FBF001C */  lw      $ra, 0x001C($sp)           
/* 00C54 80AD7A24 860B02A6 */  lh      $t3, 0x02A6($s0)           ## 000002A6
.L80AD7A28:
/* 00C58 80AD7A28 3C0180AE */  lui     $at, %hi(D_80AD8EF0)       ## $at = 80AE0000
/* 00C5C 80AD7A2C C4328EF0 */  lwc1    $f18, %lo(D_80AD8EF0)($at) 
/* 00C60 80AD7A30 448B5000 */  mtc1    $t3, $f10                  ## $f10 = 0.00
/* 00C64 80AD7A34 260402A6 */  addiu   $a0, $s0, 0x02A6           ## $a0 = 000002A6
/* 00C68 80AD7A38 46805420 */  cvt.s.w $f16, $f10                 
/* 00C6C 80AD7A3C 46128102 */  mul.s   $f4, $f16, $f18            
/* 00C70 80AD7A40 4600218D */  trunc.w.s $f6, $f4                   
/* 00C74 80AD7A44 44063000 */  mfc1    $a2, $f6                   
/* 00C78 80AD7A48 00000000 */  nop
/* 00C7C 80AD7A4C 24C6002D */  addiu   $a2, $a2, 0x002D           ## $a2 = 0000002D
/* 00C80 80AD7A50 00063400 */  sll     $a2, $a2, 16               
/* 00C84 80AD7A54 0C03FB9C */  jal     func_800FEE70              
/* 00C88 80AD7A58 00063403 */  sra     $a2, $a2, 16               
/* 00C8C 80AD7A5C 10400027 */  beq     $v0, $zero, .L80AD7AFC     
/* 00C90 80AD7A60 00000000 */  nop
/* 00C94 80AD7A64 860D029E */  lh      $t5, 0x029E($s0)           ## 0000029E
/* 00C98 80AD7A68 3C013F80 */  lui     $at, 0x3F80                ## $at = 3F800000
/* 00C9C 80AD7A6C 15A00021 */  bne     $t5, $zero, .L80AD7AF4     
/* 00CA0 80AD7A70 00000000 */  nop
/* 00CA4 80AD7A74 C60002AC */  lwc1    $f0, 0x02AC($s0)           ## 000002AC
/* 00CA8 80AD7A78 44814000 */  mtc1    $at, $f8                   ## $f8 = 1.00
/* 00CAC 80AD7A7C 02002025 */  or      $a0, $s0, $zero            ## $a0 = 00000000
/* 00CB0 80AD7A80 4600403E */  c.le.s  $f8, $f0                   
/* 00CB4 80AD7A84 00000000 */  nop
/* 00CB8 80AD7A88 45000004 */  bc1f    .L80AD7A9C                 
/* 00CBC 80AD7A8C 00000000 */  nop
/* 00CC0 80AD7A90 0C02E3B2 */  jal     func_800B8EC8              
/* 00CC4 80AD7A94 2405392D */  addiu   $a1, $zero, 0x392D         ## $a1 = 0000392D
/* 00CC8 80AD7A98 C60002AC */  lwc1    $f0, 0x02AC($s0)           ## 000002AC
.L80AD7A9C:
/* 00CCC 80AD7A9C 3C0180AE */  lui     $at, %hi(D_80AD8EF4)       ## $at = 80AE0000
/* 00CD0 80AD7AA0 C42A8EF4 */  lwc1    $f10, %lo(D_80AD8EF4)($at) 
/* 00CD4 80AD7AA4 3C013F00 */  lui     $at, 0x3F00                ## $at = 3F000000
/* 00CD8 80AD7AA8 44812000 */  mtc1    $at, $f4                   ## $f4 = 0.50
/* 00CDC 80AD7AAC 460A0401 */  sub.s   $f16, $f0, $f10            
/* 00CE0 80AD7AB0 920E0350 */  lbu     $t6, 0x0350($s0)           ## 00000350
/* 00CE4 80AD7AB4 E61002AC */  swc1    $f16, 0x02AC($s0)          ## 000002AC
/* 00CE8 80AD7AB8 C61202AC */  lwc1    $f18, 0x02AC($s0)          ## 000002AC
/* 00CEC 80AD7ABC 31CFFFFE */  andi    $t7, $t6, 0xFFFE           ## $t7 = 00000000
/* 00CF0 80AD7AC0 A20F0350 */  sb      $t7, 0x0350($s0)           ## 00000350
/* 00CF4 80AD7AC4 4604903C */  c.lt.s  $f18, $f4                  
/* 00CF8 80AD7AC8 00000000 */  nop
/* 00CFC 80AD7ACC 4500000B */  bc1f    .L80AD7AFC                 
/* 00D00 80AD7AD0 00000000 */  nop
/* 00D04 80AD7AD4 8E180004 */  lw      $t8, 0x0004($s0)           ## 00000004
/* 00D08 80AD7AD8 2401FFEF */  addiu   $at, $zero, 0xFFEF         ## $at = FFFFFFEF
/* 00D0C 80AD7ADC 02002025 */  or      $a0, $s0, $zero            ## $a0 = 00000000
/* 00D10 80AD7AE0 0301C824 */  and     $t9, $t8, $at              
/* 00D14 80AD7AE4 0C2B5EC6 */  jal     func_80AD7B18              
/* 00D18 80AD7AE8 AE190004 */  sw      $t9, 0x0004($s0)           ## 00000004
/* 00D1C 80AD7AEC 10000003 */  beq     $zero, $zero, .L80AD7AFC   
/* 00D20 80AD7AF0 00000000 */  nop
.L80AD7AF4:
/* 00D24 80AD7AF4 0C2B5DB3 */  jal     func_80AD76CC              
/* 00D28 80AD7AF8 02002025 */  or      $a0, $s0, $zero            ## $a0 = 00000000
.L80AD7AFC:
/* 00D2C 80AD7AFC 0C2B5D5A */  jal     func_80AD7568              
/* 00D30 80AD7B00 02002025 */  or      $a0, $s0, $zero            ## $a0 = 00000000
.L80AD7B04:
/* 00D34 80AD7B04 8FBF001C */  lw      $ra, 0x001C($sp)           
.L80AD7B08:
/* 00D38 80AD7B08 8FB00018 */  lw      $s0, 0x0018($sp)           
/* 00D3C 80AD7B0C 27BD0030 */  addiu   $sp, $sp, 0x0030           ## $sp = 00000000
/* 00D40 80AD7B10 03E00008 */  jr      $ra                        
/* 00D44 80AD7B14 00000000 */  nop


glabel func_80AD7B18
/* 00D48 80AD7B18 27BDFFE8 */  addiu   $sp, $sp, 0xFFE8           ## $sp = FFFFFFE8
/* 00D4C 80AD7B1C AFBF0014 */  sw      $ra, 0x0014($sp)           
/* 00D50 80AD7B20 00803825 */  or      $a3, $a0, $zero            ## $a3 = 00000000
/* 00D54 80AD7B24 3C0E80AE */  lui     $t6, %hi(func_80AD8BC0)    ## $t6 = 80AE0000
/* 00D58 80AD7B28 25CE8BC0 */  addiu   $t6, $t6, %lo(func_80AD8BC0) ## $t6 = 80AD8BC0
/* 00D5C 80AD7B2C ACEE013C */  sw      $t6, 0x013C($a3)           ## 0000013C
/* 00D60 80AD7B30 3C050600 */  lui     $a1, 0x0600                ## $a1 = 06000000
/* 00D64 80AD7B34 24A531DC */  addiu   $a1, $a1, 0x31DC           ## $a1 = 060031DC
/* 00D68 80AD7B38 AFA70018 */  sw      $a3, 0x0018($sp)           
/* 00D6C 80AD7B3C 24E40144 */  addiu   $a0, $a3, 0x0144           ## $a0 = 00000144
/* 00D70 80AD7B40 0C04DD22 */  jal     func_80137488              
/* 00D74 80AD7B44 3C06C040 */  lui     $a2, 0xC040                ## $a2 = C0400000
/* 00D78 80AD7B48 8FA70018 */  lw      $a3, 0x0018($sp)           
/* 00D7C 80AD7B4C 44802000 */  mtc1    $zero, $f4                 ## $f4 = 0.00
/* 00D80 80AD7B50 3C0180AE */  lui     $at, %hi(D_80AD8EF8)       ## $at = 80AE0000
/* 00D84 80AD7B54 84EF00BE */  lh      $t7, 0x00BE($a3)           ## 000000BE
/* 00D88 80AD7B58 E4E40070 */  swc1    $f4, 0x0070($a3)           ## 00000070
/* 00D8C 80AD7B5C C4268EF8 */  lwc1    $f6, %lo(D_80AD8EF8)($at)  
/* 00D90 80AD7B60 3C013F80 */  lui     $at, 0x3F80                ## $at = 3F800000
/* 00D94 80AD7B64 44814000 */  mtc1    $at, $f8                   ## $f8 = 1.00
/* 00D98 80AD7B68 3C1880AD */  lui     $t8, %hi(func_80AD7B90)    ## $t8 = 80AD0000
/* 00D9C 80AD7B6C 27187B90 */  addiu   $t8, $t8, %lo(func_80AD7B90) ## $t8 = 80AD7B90
/* 00DA0 80AD7B70 ACF80298 */  sw      $t8, 0x0298($a3)           ## 00000298
/* 00DA4 80AD7B74 A4EF0032 */  sh      $t7, 0x0032($a3)           ## 00000032
/* 00DA8 80AD7B78 E4E602AC */  swc1    $f6, 0x02AC($a3)           ## 000002AC
/* 00DAC 80AD7B7C E4E802A8 */  swc1    $f8, 0x02A8($a3)           ## 000002A8
/* 00DB0 80AD7B80 8FBF0014 */  lw      $ra, 0x0014($sp)           
/* 00DB4 80AD7B84 27BD0018 */  addiu   $sp, $sp, 0x0018           ## $sp = 00000000
/* 00DB8 80AD7B88 03E00008 */  jr      $ra                        
/* 00DBC 80AD7B8C 00000000 */  nop


glabel func_80AD7B90
/* 00DC0 80AD7B90 27BDFFE8 */  addiu   $sp, $sp, 0xFFE8           ## $sp = FFFFFFE8
/* 00DC4 80AD7B94 AFA5001C */  sw      $a1, 0x001C($sp)           
/* 00DC8 80AD7B98 00802825 */  or      $a1, $a0, $zero            ## $a1 = 00000000
/* 00DCC 80AD7B9C AFBF0014 */  sw      $ra, 0x0014($sp)           
/* 00DD0 80AD7BA0 AFA40018 */  sw      $a0, 0x0018($sp)           
/* 00DD4 80AD7BA4 24A40144 */  addiu   $a0, $a1, 0x0144           ## $a0 = 00000144
/* 00DD8 80AD7BA8 0C04DB34 */  jal     func_80136CD0              
/* 00DDC 80AD7BAC AFA50018 */  sw      $a1, 0x0018($sp)           
/* 00DE0 80AD7BB0 10400005 */  beq     $v0, $zero, .L80AD7BC8     
/* 00DE4 80AD7BB4 8FA50018 */  lw      $a1, 0x0018($sp)           
/* 00DE8 80AD7BB8 0C2B5C6D */  jal     func_80AD71B4              
/* 00DEC 80AD7BBC 00A02025 */  or      $a0, $a1, $zero            ## $a0 = 00000000
/* 00DF0 80AD7BC0 10000021 */  beq     $zero, $zero, .L80AD7C48   
/* 00DF4 80AD7BC4 8FBF0014 */  lw      $ra, 0x0014($sp)           
.L80AD7BC8:
/* 00DF8 80AD7BC8 3C0140E0 */  lui     $at, 0x40E0                ## $at = 40E00000
/* 00DFC 80AD7BCC 44816000 */  mtc1    $at, $f12                  ## $f12 = 7.00
/* 00E00 80AD7BD0 C4A2015C */  lwc1    $f2, 0x015C($a1)           ## 0000015C
/* 00E04 80AD7BD4 3C0180AE */  lui     $at, %hi(D_80AD8F00)       ## $at = 80AE0000
/* 00E08 80AD7BD8 4602603C */  c.lt.s  $f12, $f2                  
/* 00E0C 80AD7BDC 00000000 */  nop
/* 00E10 80AD7BE0 4500000B */  bc1f    .L80AD7C10                 
/* 00E14 80AD7BE4 00000000 */  nop
/* 00E18 80AD7BE8 460C1101 */  sub.s   $f4, $f2, $f12             
/* 00E1C 80AD7BEC 3C0180AE */  lui     $at, %hi(D_80AD8EFC)       ## $at = 80AE0000
/* 00E20 80AD7BF0 C4268EFC */  lwc1    $f6, %lo(D_80AD8EFC)($at)  
/* 00E24 80AD7BF4 3C013FC0 */  lui     $at, 0x3FC0                ## $at = 3FC00000
/* 00E28 80AD7BF8 44815000 */  mtc1    $at, $f10                  ## $f10 = 1.50
/* 00E2C 80AD7BFC 46062202 */  mul.s   $f8, $f4, $f6              
/* 00E30 80AD7C00 46085001 */  sub.s   $f0, $f10, $f8             
/* 00E34 80AD7C04 E4A002AC */  swc1    $f0, 0x02AC($a1)           ## 000002AC
/* 00E38 80AD7C08 1000000E */  beq     $zero, $zero, .L80AD7C44   
/* 00E3C 80AD7C0C E4A002A8 */  swc1    $f0, 0x02A8($a1)           ## 000002A8
.L80AD7C10:
/* 00E40 80AD7C10 C4308F00 */  lwc1    $f16, %lo(D_80AD8F00)($at) 
/* 00E44 80AD7C14 3C0180AE */  lui     $at, %hi(D_80AD8F04)       ## $at = 80AE0000
/* 00E48 80AD7C18 C4248F04 */  lwc1    $f4, %lo(D_80AD8F04)($at)  
/* 00E4C 80AD7C1C 46028482 */  mul.s   $f18, $f16, $f2            
/* 00E50 80AD7C20 3C0180AE */  lui     $at, %hi(D_80AD8F08)       ## $at = 80AE0000
/* 00E54 80AD7C24 46049180 */  add.s   $f6, $f18, $f4             
/* 00E58 80AD7C28 E4A602AC */  swc1    $f6, 0x02AC($a1)           ## 000002AC
/* 00E5C 80AD7C2C C42A8F08 */  lwc1    $f10, %lo(D_80AD8F08)($at) 
/* 00E60 80AD7C30 3C013F80 */  lui     $at, 0x3F80                ## $at = 3F800000
/* 00E64 80AD7C34 44818000 */  mtc1    $at, $f16                  ## $f16 = 1.00
/* 00E68 80AD7C38 46025202 */  mul.s   $f8, $f10, $f2             
/* 00E6C 80AD7C3C 46104480 */  add.s   $f18, $f8, $f16            
/* 00E70 80AD7C40 E4B202A8 */  swc1    $f18, 0x02A8($a1)          ## 000002A8
.L80AD7C44:
/* 00E74 80AD7C44 8FBF0014 */  lw      $ra, 0x0014($sp)           
.L80AD7C48:
/* 00E78 80AD7C48 27BD0018 */  addiu   $sp, $sp, 0x0018           ## $sp = 00000000
/* 00E7C 80AD7C4C 03E00008 */  jr      $ra                        
/* 00E80 80AD7C50 00000000 */  nop


glabel func_80AD7C54
/* 00E84 80AD7C54 27BDFFE0 */  addiu   $sp, $sp, 0xFFE0           ## $sp = FFFFFFE0
/* 00E88 80AD7C58 AFB00018 */  sw      $s0, 0x0018($sp)           
/* 00E8C 80AD7C5C 00808025 */  or      $s0, $a0, $zero            ## $s0 = 00000000
/* 00E90 80AD7C60 AFBF001C */  sw      $ra, 0x001C($sp)           
/* 00E94 80AD7C64 8E0F0298 */  lw      $t7, 0x0298($s0)           ## 00000298
/* 00E98 80AD7C68 3C0E80AD */  lui     $t6, %hi(func_80AD7E0C)    ## $t6 = 80AD0000
/* 00E9C 80AD7C6C 25CE7E0C */  addiu   $t6, $t6, %lo(func_80AD7E0C) ## $t6 = 80AD7E0C
/* 00EA0 80AD7C70 15CF000E */  bne     $t6, $t7, .L80AD7CAC       
/* 00EA4 80AD7C74 26040144 */  addiu   $a0, $s0, 0x0144           ## $a0 = 00000144
/* 00EA8 80AD7C78 3C050600 */  lui     $a1, 0x0600                ## $a1 = 06000000
/* 00EAC 80AD7C7C 24A535EC */  addiu   $a1, $a1, 0x35EC           ## $a1 = 060035EC
/* 00EB0 80AD7C80 26040144 */  addiu   $a0, $s0, 0x0144           ## $a0 = 00000144
/* 00EB4 80AD7C84 0C04DD22 */  jal     func_80137488              
/* 00EB8 80AD7C88 3C06C040 */  lui     $a2, 0xC040                ## $a2 = C0400000
/* 00EBC 80AD7C8C 8E190360 */  lw      $t9, 0x0360($s0)           ## 00000360
/* 00EC0 80AD7C90 3C01FFFF */  lui     $at, 0xFFFF                ## $at = FFFF0000
/* 00EC4 80AD7C94 34217FFF */  ori     $at, $at, 0x7FFF           ## $at = FFFF7FFF
/* 00EC8 80AD7C98 24180001 */  addiu   $t8, $zero, 0x0001         ## $t8 = 00000001
/* 00ECC 80AD7C9C 03214024 */  and     $t0, $t9, $at              
/* 00ED0 80AD7CA0 A618029E */  sh      $t8, 0x029E($s0)           ## 0000029E
/* 00ED4 80AD7CA4 10000009 */  beq     $zero, $zero, .L80AD7CCC   
/* 00ED8 80AD7CA8 AE080360 */  sw      $t0, 0x0360($s0)           ## 00000360
.L80AD7CAC:
/* 00EDC 80AD7CAC 3C050600 */  lui     $a1, 0x0600                ## $a1 = 06000000
/* 00EE0 80AD7CB0 24A539C0 */  addiu   $a1, $a1, 0x39C0           ## $a1 = 060039C0
/* 00EE4 80AD7CB4 0C04DD22 */  jal     func_80137488              
/* 00EE8 80AD7CB8 3C06C040 */  lui     $a2, 0xC040                ## $a2 = C0400000
/* 00EEC 80AD7CBC 8E090360 */  lw      $t1, 0x0360($s0)           ## 00000360
/* 00EF0 80AD7CC0 A600029E */  sh      $zero, 0x029E($s0)         ## 0000029E
/* 00EF4 80AD7CC4 352A8000 */  ori     $t2, $t1, 0x8000           ## $t2 = 00008000
/* 00EF8 80AD7CC8 AE0A0360 */  sw      $t2, 0x0360($s0)           ## 00000360
.L80AD7CCC:
/* 00EFC 80AD7CCC 920E0350 */  lbu     $t6, 0x0350($s0)           ## 00000350
/* 00F00 80AD7CD0 920C0351 */  lbu     $t4, 0x0351($s0)           ## 00000351
/* 00F04 80AD7CD4 8E080004 */  lw      $t0, 0x0004($s0)           ## 00000004
/* 00F08 80AD7CD8 31D8FFFE */  andi    $t8, $t6, 0xFFFE           ## $t8 = 00000000
/* 00F0C 80AD7CDC 44802000 */  mtc1    $zero, $f4                 ## $f4 = 0.00
/* 00F10 80AD7CE0 3C0B80AE */  lui     $t3, %hi(func_80AD8BC0)    ## $t3 = 80AE0000
/* 00F14 80AD7CE4 2401FFEF */  addiu   $at, $zero, 0xFFEF         ## $at = FFFFFFEF
/* 00F18 80AD7CE8 256B8BC0 */  addiu   $t3, $t3, %lo(func_80AD8BC0) ## $t3 = 80AD8BC0
/* 00F1C 80AD7CEC A2180350 */  sb      $t8, 0x0350($s0)           ## 00000350
/* 00F20 80AD7CF0 3319FFF9 */  andi    $t9, $t8, 0xFFF9           ## $t9 = 00000000
/* 00F24 80AD7CF4 318DFFFE */  andi    $t5, $t4, 0xFFFE           ## $t5 = 00000000
/* 00F28 80AD7CF8 01014824 */  and     $t1, $t0, $at              
/* 00F2C 80AD7CFC AE0B013C */  sw      $t3, 0x013C($s0)           ## 0000013C
/* 00F30 80AD7D00 A20D0351 */  sb      $t5, 0x0351($s0)           ## 00000351
/* 00F34 80AD7D04 A2190350 */  sb      $t9, 0x0350($s0)           ## 00000350
/* 00F38 80AD7D08 AE090004 */  sw      $t1, 0x0004($s0)           ## 00000004
/* 00F3C 80AD7D0C A60000C0 */  sh      $zero, 0x00C0($s0)         ## 000000C0
/* 00F40 80AD7D10 02002025 */  or      $a0, $s0, $zero            ## $a0 = 00000000
/* 00F44 80AD7D14 240538F8 */  addiu   $a1, $zero, 0x38F8         ## $a1 = 000038F8
/* 00F48 80AD7D18 0C02E3B2 */  jal     func_800B8EC8              
/* 00F4C 80AD7D1C E6040070 */  swc1    $f4, 0x0070($s0)           ## 00000070
/* 00F50 80AD7D20 3C0A80AD */  lui     $t2, %hi(func_80AD7D40)    ## $t2 = 80AD0000
/* 00F54 80AD7D24 254A7D40 */  addiu   $t2, $t2, %lo(func_80AD7D40) ## $t2 = 80AD7D40
/* 00F58 80AD7D28 AE0A0298 */  sw      $t2, 0x0298($s0)           ## 00000298
/* 00F5C 80AD7D2C 8FBF001C */  lw      $ra, 0x001C($sp)           
/* 00F60 80AD7D30 8FB00018 */  lw      $s0, 0x0018($sp)           
/* 00F64 80AD7D34 27BD0020 */  addiu   $sp, $sp, 0x0020           ## $sp = 00000000
/* 00F68 80AD7D38 03E00008 */  jr      $ra                        
/* 00F6C 80AD7D3C 00000000 */  nop


glabel func_80AD7D40
/* 00F70 80AD7D40 27BDFFE8 */  addiu   $sp, $sp, 0xFFE8           ## $sp = FFFFFFE8
/* 00F74 80AD7D44 AFA5001C */  sw      $a1, 0x001C($sp)           
/* 00F78 80AD7D48 00802825 */  or      $a1, $a0, $zero            ## $a1 = 00000000
/* 00F7C 80AD7D4C AFBF0014 */  sw      $ra, 0x0014($sp)           
/* 00F80 80AD7D50 AFA40018 */  sw      $a0, 0x0018($sp)           
/* 00F84 80AD7D54 24A40144 */  addiu   $a0, $a1, 0x0144           ## $a0 = 00000144
/* 00F88 80AD7D58 0C04DB34 */  jal     func_80136CD0              
/* 00F8C 80AD7D5C AFA50018 */  sw      $a1, 0x0018($sp)           
/* 00F90 80AD7D60 1040000C */  beq     $v0, $zero, .L80AD7D94     
/* 00F94 80AD7D64 8FA50018 */  lw      $a1, 0x0018($sp)           
/* 00F98 80AD7D68 84AE029E */  lh      $t6, 0x029E($a1)           ## 0000029E
/* 00F9C 80AD7D6C 24010001 */  addiu   $at, $zero, 0x0001         ## $at = 00000001
/* 00FA0 80AD7D70 240F00C8 */  addiu   $t7, $zero, 0x00C8         ## $t7 = 000000C8
/* 00FA4 80AD7D74 15C10005 */  bne     $t6, $at, .L80AD7D8C       
/* 00FA8 80AD7D78 00A02025 */  or      $a0, $a1, $zero            ## $a0 = 00000000
/* 00FAC 80AD7D7C 0C2B5C6D */  jal     func_80AD71B4              
/* 00FB0 80AD7D80 00A02025 */  or      $a0, $a1, $zero            ## $a0 = 00000000
/* 00FB4 80AD7D84 10000004 */  beq     $zero, $zero, .L80AD7D98   
/* 00FB8 80AD7D88 8FBF0014 */  lw      $ra, 0x0014($sp)           
.L80AD7D8C:
/* 00FBC 80AD7D8C 0C2B5F69 */  jal     func_80AD7DA4              
/* 00FC0 80AD7D90 A4AF029E */  sh      $t7, 0x029E($a1)           ## 0000029E
.L80AD7D94:
/* 00FC4 80AD7D94 8FBF0014 */  lw      $ra, 0x0014($sp)           
.L80AD7D98:
/* 00FC8 80AD7D98 27BD0018 */  addiu   $sp, $sp, 0x0018           ## $sp = 00000000
/* 00FCC 80AD7D9C 03E00008 */  jr      $ra                        
/* 00FD0 80AD7DA0 00000000 */  nop


glabel func_80AD7DA4
/* 00FD4 80AD7DA4 27BDFFE8 */  addiu   $sp, $sp, 0xFFE8           ## $sp = FFFFFFE8
/* 00FD8 80AD7DA8 AFBF0014 */  sw      $ra, 0x0014($sp)           
/* 00FDC 80AD7DAC 00803825 */  or      $a3, $a0, $zero            ## $a3 = 00000000
/* 00FE0 80AD7DB0 3C050600 */  lui     $a1, 0x0600                ## $a1 = 06000000
/* 00FE4 80AD7DB4 24A527D8 */  addiu   $a1, $a1, 0x27D8           ## $a1 = 060027D8
/* 00FE8 80AD7DB8 24E40144 */  addiu   $a0, $a3, 0x0144           ## $a0 = 00000144
/* 00FEC 80AD7DBC 3C06C040 */  lui     $a2, 0xC040                ## $a2 = C0400000
/* 00FF0 80AD7DC0 0C04DD22 */  jal     func_80137488              
/* 00FF4 80AD7DC4 AFA70018 */  sw      $a3, 0x0018($sp)           
/* 00FF8 80AD7DC8 8FA70018 */  lw      $a3, 0x0018($sp)           
/* 00FFC 80AD7DCC 44802000 */  mtc1    $zero, $f4                 ## $f4 = 0.00
/* 01000 80AD7DD0 3C0980AD */  lui     $t1, %hi(func_80AD7E0C)    ## $t1 = 80AD0000
/* 01004 80AD7DD4 90EE0351 */  lbu     $t6, 0x0351($a3)           ## 00000351
/* 01008 80AD7DD8 24080006 */  addiu   $t0, $zero, 0x0006         ## $t0 = 00000006
/* 0100C 80AD7DDC 25297E0C */  addiu   $t1, $t1, %lo(func_80AD7E0C) ## $t1 = 80AD7E0C
/* 01010 80AD7DE0 35D80001 */  ori     $t8, $t6, 0x0001           ## $t8 = 00000001
/* 01014 80AD7DE4 3319FFFB */  andi    $t9, $t8, 0xFFFB           ## $t9 = 00000001
/* 01018 80AD7DE8 A0F80351 */  sb      $t8, 0x0351($a3)           ## 00000351
/* 0101C 80AD7DEC A0F90351 */  sb      $t9, 0x0351($a3)           ## 00000351
/* 01020 80AD7DF0 A0E80354 */  sb      $t0, 0x0354($a3)           ## 00000354
/* 01024 80AD7DF4 ACE90298 */  sw      $t1, 0x0298($a3)           ## 00000298
/* 01028 80AD7DF8 E4E40070 */  swc1    $f4, 0x0070($a3)           ## 00000070
/* 0102C 80AD7DFC 8FBF0014 */  lw      $ra, 0x0014($sp)           
/* 01030 80AD7E00 27BD0018 */  addiu   $sp, $sp, 0x0018           ## $sp = 00000000
/* 01034 80AD7E04 03E00008 */  jr      $ra                        
/* 01038 80AD7E08 00000000 */  nop


glabel func_80AD7E0C
/* 0103C 80AD7E0C 27BDFFE0 */  addiu   $sp, $sp, 0xFFE0           ## $sp = FFFFFFE0
/* 01040 80AD7E10 AFBF0014 */  sw      $ra, 0x0014($sp)           
/* 01044 80AD7E14 AFA50024 */  sw      $a1, 0x0024($sp)           
/* 01048 80AD7E18 00803025 */  or      $a2, $a0, $zero            ## $a2 = 00000000
/* 0104C 80AD7E1C 84C2029E */  lh      $v0, 0x029E($a2)           ## 0000029E
/* 01050 80AD7E20 24C40144 */  addiu   $a0, $a2, 0x0144           ## $a0 = 00000144
/* 01054 80AD7E24 18400020 */  blez    $v0, .L80AD7EA8            
/* 01058 80AD7E28 244EFFFF */  addiu   $t6, $v0, 0xFFFF           ## $t6 = FFFFFFFF
/* 0105C 80AD7E2C A4CE029E */  sh      $t6, 0x029E($a2)           ## 0000029E
/* 01060 80AD7E30 AFA60020 */  sw      $a2, 0x0020($sp)           
/* 01064 80AD7E34 0C04DB34 */  jal     func_80136CD0              
/* 01068 80AD7E38 AFA40018 */  sw      $a0, 0x0018($sp)           
/* 0106C 80AD7E3C 8FA40018 */  lw      $a0, 0x0018($sp)           
/* 01070 80AD7E40 1040001B */  beq     $v0, $zero, .L80AD7EB0     
/* 01074 80AD7E44 8FA60020 */  lw      $a2, 0x0020($sp)           
/* 01078 80AD7E48 AFA40018 */  sw      $a0, 0x0018($sp)           
/* 0107C 80AD7E4C 0C021BF7 */  jal     func_80086FDC              
/* 01080 80AD7E50 AFA60020 */  sw      $a2, 0x0020($sp)           
/* 01084 80AD7E54 3C013F00 */  lui     $at, 0x3F00                ## $at = 3F000000
/* 01088 80AD7E58 44812000 */  mtc1    $at, $f4                   ## $f4 = 0.50
/* 0108C 80AD7E5C 3C050600 */  lui     $a1, 0x0600                ## $a1 = 06000000
/* 01090 80AD7E60 8FA40018 */  lw      $a0, 0x0018($sp)           
/* 01094 80AD7E64 4600203C */  c.lt.s  $f4, $f0                   
/* 01098 80AD7E68 8FA60020 */  lw      $a2, 0x0020($sp)           
/* 0109C 80AD7E6C 24A52F88 */  addiu   $a1, $a1, 0x2F88           ## $a1 = 06002F88
/* 010A0 80AD7E70 45000006 */  bc1f    .L80AD7E8C                 
/* 010A4 80AD7E74 00000000 */  nop
/* 010A8 80AD7E78 3C050600 */  lui     $a1, 0x0600                ## $a1 = 06000000
/* 010AC 80AD7E7C 0C04DD0C */  jal     func_80137430              
/* 010B0 80AD7E80 24A527D8 */  addiu   $a1, $a1, 0x27D8           ## $a1 = 060027D8
/* 010B4 80AD7E84 1000000B */  beq     $zero, $zero, .L80AD7EB4   
/* 010B8 80AD7E88 8FBF0014 */  lw      $ra, 0x0014($sp)           
.L80AD7E8C:
/* 010BC 80AD7E8C 0C04DD0C */  jal     func_80137430              
/* 010C0 80AD7E90 AFA60020 */  sw      $a2, 0x0020($sp)           
/* 010C4 80AD7E94 8FA40020 */  lw      $a0, 0x0020($sp)           
/* 010C8 80AD7E98 0C02E3B2 */  jal     func_800B8EC8              
/* 010CC 80AD7E9C 240538F6 */  addiu   $a1, $zero, 0x38F6         ## $a1 = 000038F6
/* 010D0 80AD7EA0 10000004 */  beq     $zero, $zero, .L80AD7EB4   
/* 010D4 80AD7EA4 8FBF0014 */  lw      $ra, 0x0014($sp)           
.L80AD7EA8:
/* 010D8 80AD7EA8 0C2B5FB0 */  jal     func_80AD7EC0              
/* 010DC 80AD7EAC 00C02025 */  or      $a0, $a2, $zero            ## $a0 = 00000000
.L80AD7EB0:
/* 010E0 80AD7EB0 8FBF0014 */  lw      $ra, 0x0014($sp)           
.L80AD7EB4:
/* 010E4 80AD7EB4 27BD0020 */  addiu   $sp, $sp, 0x0020           ## $sp = 00000000
/* 010E8 80AD7EB8 03E00008 */  jr      $ra                        
/* 010EC 80AD7EBC 00000000 */  nop


glabel func_80AD7EC0
/* 010F0 80AD7EC0 27BDFFE8 */  addiu   $sp, $sp, 0xFFE8           ## $sp = FFFFFFE8
/* 010F4 80AD7EC4 AFBF0014 */  sw      $ra, 0x0014($sp)           
/* 010F8 80AD7EC8 AFA40018 */  sw      $a0, 0x0018($sp)           
/* 010FC 80AD7ECC 8FA40018 */  lw      $a0, 0x0018($sp)           
/* 01100 80AD7ED0 3C050600 */  lui     $a1, 0x0600                ## $a1 = 06000000
/* 01104 80AD7ED4 24A52510 */  addiu   $a1, $a1, 0x2510           ## $a1 = 06002510
/* 01108 80AD7ED8 3C06C040 */  lui     $a2, 0xC040                ## $a2 = C0400000
/* 0110C 80AD7EDC 0C04DD22 */  jal     func_80137488              
/* 01110 80AD7EE0 24840144 */  addiu   $a0, $a0, 0x0144           ## $a0 = 00000144
/* 01114 80AD7EE4 8FA40018 */  lw      $a0, 0x0018($sp)           
/* 01118 80AD7EE8 0C02E3B2 */  jal     func_800B8EC8              
/* 0111C 80AD7EEC 240538F7 */  addiu   $a1, $zero, 0x38F7         ## $a1 = 000038F7
/* 01120 80AD7EF0 8FAF0018 */  lw      $t7, 0x0018($sp)           
/* 01124 80AD7EF4 3C0E80AD */  lui     $t6, %hi(func_80AD7F10)    ## $t6 = 80AD0000
/* 01128 80AD7EF8 25CE7F10 */  addiu   $t6, $t6, %lo(func_80AD7F10) ## $t6 = 80AD7F10
/* 0112C 80AD7EFC ADEE0298 */  sw      $t6, 0x0298($t7)           ## 00000298
/* 01130 80AD7F00 8FBF0014 */  lw      $ra, 0x0014($sp)           
/* 01134 80AD7F04 27BD0018 */  addiu   $sp, $sp, 0x0018           ## $sp = 00000000
/* 01138 80AD7F08 03E00008 */  jr      $ra                        
/* 0113C 80AD7F0C 00000000 */  nop


glabel func_80AD7F10
/* 01140 80AD7F10 27BDFFE8 */  addiu   $sp, $sp, 0xFFE8           ## $sp = FFFFFFE8
/* 01144 80AD7F14 AFA5001C */  sw      $a1, 0x001C($sp)           
/* 01148 80AD7F18 00802825 */  or      $a1, $a0, $zero            ## $a1 = 00000000
/* 0114C 80AD7F1C AFBF0014 */  sw      $ra, 0x0014($sp)           
/* 01150 80AD7F20 AFA40018 */  sw      $a0, 0x0018($sp)           
/* 01154 80AD7F24 24A40144 */  addiu   $a0, $a1, 0x0144           ## $a0 = 00000144
/* 01158 80AD7F28 0C04DB34 */  jal     func_80136CD0              
/* 0115C 80AD7F2C AFA50018 */  sw      $a1, 0x0018($sp)           
/* 01160 80AD7F30 10400008 */  beq     $v0, $zero, .L80AD7F54     
/* 01164 80AD7F34 8FA50018 */  lw      $a1, 0x0018($sp)           
/* 01168 80AD7F38 3C0E800B */  lui     $t6, 0x800B                ## $t6 = 800B0000
/* 0116C 80AD7F3C 25CE3FC0 */  addiu   $t6, $t6, 0x3FC0           ## $t6 = 800B3FC0
/* 01170 80AD7F40 ACAE00C8 */  sw      $t6, 0x00C8($a1)           ## 000000C8
/* 01174 80AD7F44 0C2B5C6D */  jal     func_80AD71B4              
/* 01178 80AD7F48 00A02025 */  or      $a0, $a1, $zero            ## $a0 = 00000000
/* 0117C 80AD7F4C 10000012 */  beq     $zero, $zero, .L80AD7F98   
/* 01180 80AD7F50 8FBF0014 */  lw      $ra, 0x0014($sp)           
.L80AD7F54:
/* 01184 80AD7F54 3C014120 */  lui     $at, 0x4120                ## $at = 41200000
/* 01188 80AD7F58 44813000 */  mtc1    $at, $f6                   ## $f6 = 10.00
/* 0118C 80AD7F5C C4A4015C */  lwc1    $f4, 0x015C($a1)           ## 0000015C
/* 01190 80AD7F60 3C01FFFF */  lui     $at, 0xFFFF                ## $at = FFFF0000
/* 01194 80AD7F64 34217FFF */  ori     $at, $at, 0x7FFF           ## $at = FFFF7FFF
/* 01198 80AD7F68 4604303E */  c.le.s  $f6, $f4                   
/* 0119C 80AD7F6C 00000000 */  nop
/* 011A0 80AD7F70 45020009 */  bc1fl   .L80AD7F98                 
/* 011A4 80AD7F74 8FBF0014 */  lw      $ra, 0x0014($sp)           
/* 011A8 80AD7F78 90AF0351 */  lbu     $t7, 0x0351($a1)           ## 00000351
/* 011AC 80AD7F7C 8CB90360 */  lw      $t9, 0x0360($a1)           ## 00000360
/* 011B0 80AD7F80 ACA000C8 */  sw      $zero, 0x00C8($a1)         ## 000000C8
/* 011B4 80AD7F84 31F8FFFE */  andi    $t8, $t7, 0xFFFE           ## $t8 = 00000000
/* 011B8 80AD7F88 03214024 */  and     $t0, $t9, $at              
/* 011BC 80AD7F8C A0B80351 */  sb      $t8, 0x0351($a1)           ## 00000351
/* 011C0 80AD7F90 ACA80360 */  sw      $t0, 0x0360($a1)           ## 00000360
/* 011C4 80AD7F94 8FBF0014 */  lw      $ra, 0x0014($sp)           
.L80AD7F98:
/* 011C8 80AD7F98 27BD0018 */  addiu   $sp, $sp, 0x0018           ## $sp = 00000000
/* 011CC 80AD7F9C 03E00008 */  jr      $ra                        
/* 011D0 80AD7FA0 00000000 */  nop


glabel func_80AD7FA4
/* 011D4 80AD7FA4 27BDFFE8 */  addiu   $sp, $sp, 0xFFE8           ## $sp = FFFFFFE8
/* 011D8 80AD7FA8 44800000 */  mtc1    $zero, $f0                 ## $f0 = 0.00
/* 011DC 80AD7FAC AFBF0014 */  sw      $ra, 0x0014($sp)           
/* 011E0 80AD7FB0 C4840068 */  lwc1    $f4, 0x0068($a0)           ## 00000068
/* 011E4 80AD7FB4 E4800070 */  swc1    $f0, 0x0070($a0)           ## 00000070
/* 011E8 80AD7FB8 24850340 */  addiu   $a1, $a0, 0x0340           ## $a1 = 00000340
/* 011EC 80AD7FBC 4604003C */  c.lt.s  $f0, $f4                   
/* 011F0 80AD7FC0 00000000 */  nop
/* 011F4 80AD7FC4 45000002 */  bc1f    .L80AD7FD0                 
/* 011F8 80AD7FC8 00000000 */  nop
/* 011FC 80AD7FCC E4800068 */  swc1    $f0, 0x0068($a0)           ## 00000068
.L80AD7FD0:
/* 01200 80AD7FD0 0C02F941 */  jal     func_800BE504              
/* 01204 80AD7FD4 AFA40018 */  sw      $a0, 0x0018($sp)           
/* 01208 80AD7FD8 8FA40018 */  lw      $a0, 0x0018($sp)           
/* 0120C 80AD7FDC 3C0E80AD */  lui     $t6, %hi(func_80AD7FF8)    ## $t6 = 80AD0000
/* 01210 80AD7FE0 25CE7FF8 */  addiu   $t6, $t6, %lo(func_80AD7FF8) ## $t6 = 80AD7FF8
/* 01214 80AD7FE4 AC8E0298 */  sw      $t6, 0x0298($a0)           ## 00000298
/* 01218 80AD7FE8 8FBF0014 */  lw      $ra, 0x0014($sp)           
/* 0121C 80AD7FEC 27BD0018 */  addiu   $sp, $sp, 0x0018           ## $sp = 00000000
/* 01220 80AD7FF0 03E00008 */  jr      $ra                        
/* 01224 80AD7FF4 00000000 */  nop


glabel func_80AD7FF8
/* 01228 80AD7FF8 27BDFFE8 */  addiu   $sp, $sp, 0xFFE8           ## $sp = FFFFFFE8
/* 0122C 80AD7FFC AFBF0014 */  sw      $ra, 0x0014($sp)           
/* 01230 80AD8000 848202A2 */  lh      $v0, 0x02A2($a0)           ## 000002A2
/* 01234 80AD8004 10400003 */  beq     $v0, $zero, .L80AD8014     
/* 01238 80AD8008 244EFFFF */  addiu   $t6, $v0, 0xFFFF           ## $t6 = FFFFFFFF
/* 0123C 80AD800C A48E02A2 */  sh      $t6, 0x02A2($a0)           ## 000002A2
/* 01240 80AD8010 848202A2 */  lh      $v0, 0x02A2($a0)           ## 000002A2
.L80AD8014:
/* 01244 80AD8014 5440000F */  bnel    $v0, $zero, .L80AD8054     
/* 01248 80AD8018 8FBF0014 */  lw      $ra, 0x0014($sp)           
/* 0124C 80AD801C 0C2B5C06 */  jal     func_80AD7018              
/* 01250 80AD8020 AFA40018 */  sw      $a0, 0x0018($sp)           
/* 01254 80AD8024 8FA40018 */  lw      $a0, 0x0018($sp)           
/* 01258 80AD8028 908F00B7 */  lbu     $t7, 0x00B7($a0)           ## 000000B7
/* 0125C 80AD802C 55E00006 */  bnel    $t7, $zero, .L80AD8048     
/* 01260 80AD8030 849800BE */  lh      $t8, 0x00BE($a0)           ## 000000BE
/* 01264 80AD8034 0C2B6052 */  jal     func_80AD8148              
/* 01268 80AD8038 00002825 */  or      $a1, $zero, $zero          ## $a1 = 00000000
/* 0126C 80AD803C 10000005 */  beq     $zero, $zero, .L80AD8054   
/* 01270 80AD8040 8FBF0014 */  lw      $ra, 0x0014($sp)           
/* 01274 80AD8044 849800BE */  lh      $t8, 0x00BE($a0)           ## 000000BE
.L80AD8048:
/* 01278 80AD8048 0C2B5F69 */  jal     func_80AD7DA4              
/* 0127C 80AD804C A4980032 */  sh      $t8, 0x0032($a0)           ## 00000032
/* 01280 80AD8050 8FBF0014 */  lw      $ra, 0x0014($sp)           
.L80AD8054:
/* 01284 80AD8054 27BD0018 */  addiu   $sp, $sp, 0x0018           ## $sp = 00000000
/* 01288 80AD8058 03E00008 */  jr      $ra                        
/* 0128C 80AD805C 00000000 */  nop


glabel func_80AD8060
/* 01290 80AD8060 27BDFFC8 */  addiu   $sp, $sp, 0xFFC8           ## $sp = FFFFFFC8
/* 01294 80AD8064 AFB00028 */  sw      $s0, 0x0028($sp)           
/* 01298 80AD8068 00808025 */  or      $s0, $a0, $zero            ## $s0 = 00000000
/* 0129C 80AD806C AFBF002C */  sw      $ra, 0x002C($sp)           
/* 012A0 80AD8070 3C040600 */  lui     $a0, 0x0600                ## $a0 = 06000000
/* 012A4 80AD8074 0C04D1D2 */  jal     func_80134748              
/* 012A8 80AD8078 248408B4 */  addiu   $a0, $a0, 0x08B4           ## $a0 = 060008B4
/* 012AC 80AD807C 44822000 */  mtc1    $v0, $f4                   ## $f4 = 0.00
/* 012B0 80AD8080 3C01C040 */  lui     $at, 0xC040                ## $at = C0400000
/* 012B4 80AD8084 44814000 */  mtc1    $at, $f8                   ## $f8 = -3.00
/* 012B8 80AD8088 468021A0 */  cvt.s.w $f6, $f4                   
/* 012BC 80AD808C 3C050600 */  lui     $a1, 0x0600                ## $a1 = 06000000
/* 012C0 80AD8090 240E0002 */  addiu   $t6, $zero, 0x0002         ## $t6 = 00000002
/* 012C4 80AD8094 A7A20036 */  sh      $v0, 0x0036($sp)           
/* 012C8 80AD8098 AFAE0014 */  sw      $t6, 0x0014($sp)           
/* 012CC 80AD809C 24A508B4 */  addiu   $a1, $a1, 0x08B4           ## $a1 = 060008B4
/* 012D0 80AD80A0 E7A60010 */  swc1    $f6, 0x0010($sp)           
/* 012D4 80AD80A4 26040144 */  addiu   $a0, $s0, 0x0144           ## $a0 = 00000144
/* 012D8 80AD80A8 3C063F80 */  lui     $a2, 0x3F80                ## $a2 = 3F800000
/* 012DC 80AD80AC 24070000 */  addiu   $a3, $zero, 0x0000         ## $a3 = 00000000
/* 012E0 80AD80B0 0C04DCFA */  jal     func_801373E8              
/* 012E4 80AD80B4 E7A80018 */  swc1    $f8, 0x0018($sp)           
/* 012E8 80AD80B8 87AF0036 */  lh      $t7, 0x0036($sp)           
/* 012EC 80AD80BC 02002025 */  or      $a0, $s0, $zero            ## $a0 = 00000000
/* 012F0 80AD80C0 24054000 */  addiu   $a1, $zero, 0x4000         ## $a1 = 00004000
/* 012F4 80AD80C4 240600FF */  addiu   $a2, $zero, 0x00FF         ## $a2 = 000000FF
/* 012F8 80AD80C8 00003825 */  or      $a3, $zero, $zero          ## $a3 = 00000000
/* 012FC 80AD80CC 0C02F2DC */  jal     func_800BCB70              
/* 01300 80AD80D0 AFAF0010 */  sw      $t7, 0x0010($sp)           
/* 01304 80AD80D4 02002025 */  or      $a0, $s0, $zero            ## $a0 = 00000000
/* 01308 80AD80D8 0C02E3B2 */  jal     func_800B8EC8              
/* 0130C 80AD80DC 240538F9 */  addiu   $a1, $zero, 0x38F9         ## $a1 = 000038F9
/* 01310 80AD80E0 92180351 */  lbu     $t8, 0x0351($s0)           ## 00000351
/* 01314 80AD80E4 3C0880AE */  lui     $t0, %hi(func_80AD810C)    ## $t0 = 80AE0000
/* 01318 80AD80E8 2508810C */  addiu   $t0, $t0, %lo(func_80AD810C) ## $t0 = 80AD810C
/* 0131C 80AD80EC 3319FFFE */  andi    $t9, $t8, 0xFFFE           ## $t9 = 00000000
/* 01320 80AD80F0 A2190351 */  sb      $t9, 0x0351($s0)           ## 00000351
/* 01324 80AD80F4 AE080298 */  sw      $t0, 0x0298($s0)           ## 00000298
/* 01328 80AD80F8 8FBF002C */  lw      $ra, 0x002C($sp)           
/* 0132C 80AD80FC 8FB00028 */  lw      $s0, 0x0028($sp)           
/* 01330 80AD8100 27BD0038 */  addiu   $sp, $sp, 0x0038           ## $sp = 00000000
/* 01334 80AD8104 03E00008 */  jr      $ra                        
/* 01338 80AD8108 00000000 */  nop


glabel func_80AD810C
/* 0133C 80AD810C 27BDFFE8 */  addiu   $sp, $sp, 0xFFE8           ## $sp = FFFFFFE8
/* 01340 80AD8110 AFBF0014 */  sw      $ra, 0x0014($sp)           
/* 01344 80AD8114 AFA40018 */  sw      $a0, 0x0018($sp)           
/* 01348 80AD8118 AFA5001C */  sw      $a1, 0x001C($sp)           
/* 0134C 80AD811C 8FA40018 */  lw      $a0, 0x0018($sp)           
/* 01350 80AD8120 0C04DB34 */  jal     func_80136CD0              
/* 01354 80AD8124 24840144 */  addiu   $a0, $a0, 0x0144           ## $a0 = 00000144
/* 01358 80AD8128 50400004 */  beql    $v0, $zero, .L80AD813C     
/* 0135C 80AD812C 8FBF0014 */  lw      $ra, 0x0014($sp)           
/* 01360 80AD8130 0C2B5F69 */  jal     func_80AD7DA4              
/* 01364 80AD8134 8FA40018 */  lw      $a0, 0x0018($sp)           
/* 01368 80AD8138 8FBF0014 */  lw      $ra, 0x0014($sp)           
.L80AD813C:
/* 0136C 80AD813C 27BD0018 */  addiu   $sp, $sp, 0x0018           ## $sp = 00000000
/* 01370 80AD8140 03E00008 */  jr      $ra                        
/* 01374 80AD8144 00000000 */  nop


glabel func_80AD8148
/* 01378 80AD8148 27BDFFD8 */  addiu   $sp, $sp, 0xFFD8           ## $sp = FFFFFFD8
/* 0137C 80AD814C AFB00020 */  sw      $s0, 0x0020($sp)           
/* 01380 80AD8150 00808025 */  or      $s0, $a0, $zero            ## $s0 = 00000000
/* 01384 80AD8154 AFBF0024 */  sw      $ra, 0x0024($sp)           
/* 01388 80AD8158 AFA5002C */  sw      $a1, 0x002C($sp)           
/* 0138C 80AD815C 3C050600 */  lui     $a1, 0x0600                ## $a1 = 06000000
/* 01390 80AD8160 24A50AF4 */  addiu   $a1, $a1, 0x0AF4           ## $a1 = 06000AF4
/* 01394 80AD8164 0C04DD50 */  jal     func_80137540              
/* 01398 80AD8168 26040144 */  addiu   $a0, $s0, 0x0144           ## $a0 = 00000144
/* 0139C 80AD816C 240E0014 */  addiu   $t6, $zero, 0x0014         ## $t6 = 00000014
/* 013A0 80AD8170 AFAE0010 */  sw      $t6, 0x0010($sp)           
/* 013A4 80AD8174 02002025 */  or      $a0, $s0, $zero            ## $a0 = 00000000
/* 013A8 80AD8178 24054000 */  addiu   $a1, $zero, 0x4000         ## $a1 = 00004000
/* 013AC 80AD817C 240600FF */  addiu   $a2, $zero, 0x00FF         ## $a2 = 000000FF
/* 013B0 80AD8180 0C02F2DC */  jal     func_800BCB70              
/* 013B4 80AD8184 00003825 */  or      $a3, $zero, $zero          ## $a3 = 00000000
/* 013B8 80AD8188 92190350 */  lbu     $t9, 0x0350($s0)           ## 00000350
/* 013BC 80AD818C 3C014170 */  lui     $at, 0x4170                ## $at = 41700000
/* 013C0 80AD8190 8FA4002C */  lw      $a0, 0x002C($sp)           
/* 013C4 80AD8194 920F0351 */  lbu     $t7, 0x0351($s0)           ## 00000351
/* 013C8 80AD8198 44812000 */  mtc1    $at, $f4                   ## $f4 = 15.00
/* 013CC 80AD819C 3C013FC0 */  lui     $at, 0x3FC0                ## $at = 3FC00000
/* 013D0 80AD81A0 3329FFFE */  andi    $t1, $t9, 0xFFFE           ## $t1 = 00000000
/* 013D4 80AD81A4 44813000 */  mtc1    $at, $f6                   ## $f6 = 1.50
/* 013D8 80AD81A8 A2090350 */  sb      $t1, 0x0350($s0)           ## 00000350
/* 013DC 80AD81AC 312AFFF9 */  andi    $t2, $t1, 0xFFF9           ## $t2 = 00000000
/* 013E0 80AD81B0 31F8FFFE */  andi    $t8, $t7, 0xFFFE           ## $t8 = 00000000
/* 013E4 80AD81B4 2402FFFE */  addiu   $v0, $zero, 0xFFFE         ## $v0 = FFFFFFFE
/* 013E8 80AD81B8 A2180351 */  sb      $t8, 0x0351($s0)           ## 00000351
/* 013EC 80AD81BC A20A0350 */  sb      $t2, 0x0350($s0)           ## 00000350
/* 013F0 80AD81C0 E6040068 */  swc1    $f4, 0x0068($s0)           ## 00000068
/* 013F4 80AD81C4 10800010 */  beq     $a0, $zero, .L80AD8208     
/* 013F8 80AD81C8 E6060070 */  swc1    $f6, 0x0070($s0)           ## 00000070
/* 013FC 80AD81CC 0C02EEA2 */  jal     func_800BBA88              
/* 01400 80AD81D0 02002825 */  or      $a1, $s0, $zero            ## $a1 = 00000000
/* 01404 80AD81D4 8E0C013C */  lw      $t4, 0x013C($s0)           ## 0000013C
/* 01408 80AD81D8 3C0B80AE */  lui     $t3, %hi(func_80AD8D64)    ## $t3 = 80AE0000
/* 0140C 80AD81DC 256B8D64 */  addiu   $t3, $t3, %lo(func_80AD8D64) ## $t3 = 80AD8D64
/* 01410 80AD81E0 156C0006 */  bne     $t3, $t4, .L80AD81FC       
/* 01414 80AD81E4 02002025 */  or      $a0, $s0, $zero            ## $a0 = 00000000
/* 01418 80AD81E8 3C0D80AE */  lui     $t5, %hi(func_80AD8BC0)    ## $t5 = 80AE0000
/* 0141C 80AD81EC 25AD8BC0 */  addiu   $t5, $t5, %lo(func_80AD8BC0) ## $t5 = 80AD8BC0
/* 01420 80AD81F0 AE0D013C */  sw      $t5, 0x013C($s0)           ## 0000013C
/* 01424 80AD81F4 10000004 */  beq     $zero, $zero, .L80AD8208   
/* 01428 80AD81F8 2402FFFE */  addiu   $v0, $zero, 0xFFFE         ## $v0 = FFFFFFFE
.L80AD81FC:
/* 0142C 80AD81FC 0C02F941 */  jal     func_800BE504              
/* 01430 80AD8200 26050340 */  addiu   $a1, $s0, 0x0340           ## $a1 = 00000340
/* 01434 80AD8204 2402FFFE */  addiu   $v0, $zero, 0xFFFE         ## $v0 = FFFFFFFE
.L80AD8208:
/* 01438 80AD8208 8E180004 */  lw      $t8, 0x0004($s0)           ## 00000004
/* 0143C 80AD820C 960E0090 */  lhu     $t6, 0x0090($s0)           ## 00000090
/* 01440 80AD8210 2401FFFE */  addiu   $at, $zero, 0xFFFE         ## $at = FFFFFFFE
/* 01444 80AD8214 0301C824 */  and     $t9, $t8, $at              
/* 01448 80AD8218 AE190004 */  sw      $t9, 0x0004($s0)           ## 00000004
/* 0144C 80AD821C 37290010 */  ori     $t1, $t9, 0x0010           ## $t1 = 00000010
/* 01450 80AD8220 01C27824 */  and     $t7, $t6, $v0              
/* 01454 80AD8224 A60F0090 */  sh      $t7, 0x0090($s0)           ## 00000090
/* 01458 80AD8228 AE090004 */  sw      $t1, 0x0004($s0)           ## 00000004
/* 0145C 80AD822C 02002025 */  or      $a0, $s0, $zero            ## $a0 = 00000000
/* 01460 80AD8230 0C02E3B2 */  jal     func_800B8EC8              
/* 01464 80AD8234 240538FA */  addiu   $a1, $zero, 0x38FA         ## $a1 = 000038FA
/* 01468 80AD8238 3C0A80AE */  lui     $t2, %hi(func_80AD825C)    ## $t2 = 80AE0000
/* 0146C 80AD823C 254A825C */  addiu   $t2, $t2, %lo(func_80AD825C) ## $t2 = 80AD825C
/* 01470 80AD8240 A600029E */  sh      $zero, 0x029E($s0)         ## 0000029E
/* 01474 80AD8244 AE0A0298 */  sw      $t2, 0x0298($s0)           ## 00000298
/* 01478 80AD8248 8FBF0024 */  lw      $ra, 0x0024($sp)           
/* 0147C 80AD824C 8FB00020 */  lw      $s0, 0x0020($sp)           
/* 01480 80AD8250 27BD0028 */  addiu   $sp, $sp, 0x0028           ## $sp = 00000000
/* 01484 80AD8254 03E00008 */  jr      $ra                        
/* 01488 80AD8258 00000000 */  nop


glabel func_80AD825C
/* 0148C 80AD825C 27BDFFD8 */  addiu   $sp, $sp, 0xFFD8           ## $sp = FFFFFFD8
/* 01490 80AD8260 AFB00020 */  sw      $s0, 0x0020($sp)           
/* 01494 80AD8264 00808025 */  or      $s0, $a0, $zero            ## $s0 = 00000000
/* 01498 80AD8268 AFBF0024 */  sw      $ra, 0x0024($sp)           
/* 0149C 80AD826C AFA5002C */  sw      $a1, 0x002C($sp)           
/* 014A0 80AD8270 0C04DB34 */  jal     func_80136CD0              
/* 014A4 80AD8274 26040144 */  addiu   $a0, $s0, 0x0144           ## $a0 = 00000144
/* 014A8 80AD8278 960E0090 */  lhu     $t6, 0x0090($s0)           ## 00000090
/* 014AC 80AD827C 31CF0001 */  andi    $t7, $t6, 0x0001           ## $t7 = 00000000
/* 014B0 80AD8280 51E0000F */  beql    $t7, $zero, .L80AD82C0     
/* 014B4 80AD8284 8618029E */  lh      $t8, 0x029E($s0)           ## 0000029E
/* 014B8 80AD8288 C6040068 */  lwc1    $f4, 0x0068($s0)           ## 00000068
/* 014BC 80AD828C 44803000 */  mtc1    $zero, $f6                 ## $f6 = 0.00
/* 014C0 80AD8290 02002025 */  or      $a0, $s0, $zero            ## $a0 = 00000000
/* 014C4 80AD8294 4606203C */  c.lt.s  $f4, $f6                   
/* 014C8 80AD8298 00000000 */  nop
/* 014CC 80AD829C 45020008 */  bc1fl   .L80AD82C0                 
/* 014D0 80AD82A0 8618029E */  lh      $t8, 0x029E($s0)           ## 0000029E
/* 014D4 80AD82A4 0C02E3B2 */  jal     func_800B8EC8              
/* 014D8 80AD82A8 240538DD */  addiu   $a1, $zero, 0x38DD         ## $a1 = 000038DD
/* 014DC 80AD82AC 0C2B60D9 */  jal     func_80AD8364              
/* 014E0 80AD82B0 02002025 */  or      $a0, $s0, $zero            ## $a0 = 00000000
/* 014E4 80AD82B4 10000027 */  beq     $zero, $zero, .L80AD8354   
/* 014E8 80AD82B8 8FBF0024 */  lw      $ra, 0x0024($sp)           
/* 014EC 80AD82BC 8618029E */  lh      $t8, 0x029E($s0)           ## 0000029E
.L80AD82C0:
/* 014F0 80AD82C0 24010001 */  addiu   $at, $zero, 0x0001         ## $at = 00000001
/* 014F4 80AD82C4 24190064 */  addiu   $t9, $zero, 0x0064         ## $t9 = 00000064
/* 014F8 80AD82C8 57010004 */  bnel    $t8, $at, .L80AD82DC       
/* 014FC 80AD82CC 9208011C */  lbu     $t0, 0x011C($s0)           ## 0000011C
/* 01500 80AD82D0 1000000A */  beq     $zero, $zero, .L80AD82FC   
/* 01504 80AD82D4 A219011C */  sb      $t9, 0x011C($s0)           ## 0000011C
/* 01508 80AD82D8 9208011C */  lbu     $t0, 0x011C($s0)           ## 0000011C
.L80AD82DC:
/* 0150C 80AD82DC 02002025 */  or      $a0, $s0, $zero            ## $a0 = 00000000
/* 01510 80AD82E0 3405C000 */  ori     $a1, $zero, 0xC000         ## $a1 = 0000C000
/* 01514 80AD82E4 15000005 */  bne     $t0, $zero, .L80AD82FC     
/* 01518 80AD82E8 240600FF */  addiu   $a2, $zero, 0x00FF         ## $a2 = 000000FF
/* 0151C 80AD82EC 24090064 */  addiu   $t1, $zero, 0x0064         ## $t1 = 00000064
/* 01520 80AD82F0 AFA90010 */  sw      $t1, 0x0010($sp)           
/* 01524 80AD82F4 0C02F2DC */  jal     func_800BCB70              
/* 01528 80AD82F8 00003825 */  or      $a3, $zero, $zero          ## $a3 = 00000000
.L80AD82FC:
/* 0152C 80AD82FC 24040700 */  addiu   $a0, $zero, 0x0700         ## $a0 = 00000700
/* 01530 80AD8300 0C03FD14 */  jal     func_800FF450              
/* 01534 80AD8304 24051400 */  addiu   $a1, $zero, 0x1400         ## $a1 = 00001400
/* 01538 80AD8308 860A00BC */  lh      $t2, 0x00BC($s0)           ## 000000BC
/* 0153C 80AD830C 3C0145A0 */  lui     $at, 0x45A0                ## $at = 45A00000
/* 01540 80AD8310 44816000 */  mtc1    $at, $f12                  ## $f12 = 5120.00
/* 01544 80AD8314 01425821 */  addu    $t3, $t2, $v0              
/* 01548 80AD8318 0C05E565 */  jal     func_80179594              
/* 0154C 80AD831C A60B00BC */  sh      $t3, 0x00BC($s0)           ## 000000BC
/* 01550 80AD8320 4600020D */  trunc.w.s $f8, $f0                   
/* 01554 80AD8324 860C00BE */  lh      $t4, 0x00BE($s0)           ## 000000BE
/* 01558 80AD8328 24040700 */  addiu   $a0, $zero, 0x0700         ## $a0 = 00000700
/* 0155C 80AD832C 24051400 */  addiu   $a1, $zero, 0x1400         ## $a1 = 00001400
/* 01560 80AD8330 44184000 */  mfc1    $t8, $f8                   
/* 01564 80AD8334 00000000 */  nop
/* 01568 80AD8338 0198C821 */  addu    $t9, $t4, $t8              
/* 0156C 80AD833C 0C03FD14 */  jal     func_800FF450              
/* 01570 80AD8340 A61900BE */  sh      $t9, 0x00BE($s0)           ## 000000BE
/* 01574 80AD8344 860800C0 */  lh      $t0, 0x00C0($s0)           ## 000000C0
/* 01578 80AD8348 01024821 */  addu    $t1, $t0, $v0              
/* 0157C 80AD834C A60900C0 */  sh      $t1, 0x00C0($s0)           ## 000000C0
/* 01580 80AD8350 8FBF0024 */  lw      $ra, 0x0024($sp)           
.L80AD8354:
/* 01584 80AD8354 8FB00020 */  lw      $s0, 0x0020($sp)           
/* 01588 80AD8358 27BD0028 */  addiu   $sp, $sp, 0x0028           ## $sp = 00000000
/* 0158C 80AD835C 03E00008 */  jr      $ra                        
/* 01590 80AD8360 00000000 */  nop


glabel func_80AD8364
/* 01594 80AD8364 44802000 */  mtc1    $zero, $f4                 ## $f4 = 0.00
/* 01598 80AD8368 3C0F80AE */  lui     $t7, %hi(func_80AD8388)    ## $t7 = 80AE0000
/* 0159C 80AD836C 240E0014 */  addiu   $t6, $zero, 0x0014         ## $t6 = 00000014
/* 015A0 80AD8370 25EF8388 */  addiu   $t7, $t7, %lo(func_80AD8388) ## $t7 = 80AD8388
/* 015A4 80AD8374 A48E029E */  sh      $t6, 0x029E($a0)           ## 0000029E
/* 015A8 80AD8378 AC8F0298 */  sw      $t7, 0x0298($a0)           ## 00000298
/* 015AC 80AD837C E4840070 */  swc1    $f4, 0x0070($a0)           ## 00000070
/* 015B0 80AD8380 03E00008 */  jr      $ra                        
/* 015B4 80AD8384 00000000 */  nop


glabel func_80AD8388
/* 015B8 80AD8388 27BDFFC0 */  addiu   $sp, $sp, 0xFFC0           ## $sp = FFFFFFC0
/* 015BC 80AD838C AFB00028 */  sw      $s0, 0x0028($sp)           
/* 015C0 80AD8390 00808025 */  or      $s0, $a0, $zero            ## $s0 = 00000000
/* 015C4 80AD8394 AFBF002C */  sw      $ra, 0x002C($sp)           
/* 015C8 80AD8398 AFA50044 */  sw      $a1, 0x0044($sp)           
/* 015CC 80AD839C 0C04DB34 */  jal     func_80136CD0              
/* 015D0 80AD83A0 26040144 */  addiu   $a0, $s0, 0x0144           ## $a0 = 00000144
/* 015D4 80AD83A4 8602029E */  lh      $v0, 0x029E($s0)           ## 0000029E
/* 015D8 80AD83A8 240E0064 */  addiu   $t6, $zero, 0x0064         ## $t6 = 00000064
/* 015DC 80AD83AC A20E011C */  sb      $t6, 0x011C($s0)           ## 0000011C
/* 015E0 80AD83B0 1840000C */  blez    $v0, .L80AD83E4            
/* 015E4 80AD83B4 3C0180AE */  lui     $at, %hi(D_80AD8F0C)       ## $at = 80AE0000
/* 015E8 80AD83B8 244FFFFF */  addiu   $t7, $v0, 0xFFFF           ## $t7 = FFFFFFFF
/* 015EC 80AD83BC A60F029E */  sh      $t7, 0x029E($s0)           ## 0000029E
/* 015F0 80AD83C0 8618029E */  lh      $t8, 0x029E($s0)           ## 0000029E
/* 015F4 80AD83C4 8FA40044 */  lw      $a0, 0x0044($sp)           
/* 015F8 80AD83C8 26050024 */  addiu   $a1, $s0, 0x0024           ## $a1 = 00000024
/* 015FC 80AD83CC 17000037 */  bne     $t8, $zero, .L80AD84AC     
/* 01600 80AD83D0 24060015 */  addiu   $a2, $zero, 0x0015         ## $a2 = 00000015
/* 01604 80AD83D4 0C03C164 */  jal     func_800F0590              
/* 01608 80AD83D8 2407321F */  addiu   $a3, $zero, 0x321F         ## $a3 = 0000321F
/* 0160C 80AD83DC 10000034 */  beq     $zero, $zero, .L80AD84B0   
/* 01610 80AD83E0 8FBF002C */  lw      $ra, 0x002C($sp)           
.L80AD83E4:
/* 01614 80AD83E4 C6040058 */  lwc1    $f4, 0x0058($s0)           ## 00000058
/* 01618 80AD83E8 C4268F0C */  lwc1    $f6, %lo(D_80AD8F0C)($at)  
/* 0161C 80AD83EC 44805000 */  mtc1    $zero, $f10                ## $f10 = 0.00
/* 01620 80AD83F0 02002825 */  or      $a1, $s0, $zero            ## $a1 = 00000000
/* 01624 80AD83F4 46062201 */  sub.s   $f8, $f4, $f6              
/* 01628 80AD83F8 26060024 */  addiu   $a2, $s0, 0x0024           ## $a2 = 00000024
/* 0162C 80AD83FC E6080058 */  swc1    $f8, 0x0058($s0)           ## 00000058
/* 01630 80AD8400 C6000058 */  lwc1    $f0, 0x0058($s0)           ## 00000058
/* 01634 80AD8404 8FA40044 */  lw      $a0, 0x0044($sp)           
/* 01638 80AD8408 460A003E */  c.le.s  $f0, $f10                  
/* 0163C 80AD840C 00000000 */  nop
/* 01640 80AD8410 45020008 */  bc1fl   .L80AD8434                 
/* 01644 80AD8414 E600005C */  swc1    $f0, 0x005C($s0)           ## 0000005C
/* 01648 80AD8418 0C029F4A */  jal     func_800A7D28              
/* 0164C 80AD841C 24070060 */  addiu   $a3, $zero, 0x0060         ## $a3 = 00000060
/* 01650 80AD8420 0C02D9C3 */  jal     func_800B670C              
/* 01654 80AD8424 02002025 */  or      $a0, $s0, $zero            ## $a0 = 00000000
/* 01658 80AD8428 10000004 */  beq     $zero, $zero, .L80AD843C   
/* 0165C 80AD842C 3C014220 */  lui     $at, 0x4220                ## $at = 42200000
/* 01660 80AD8430 E600005C */  swc1    $f0, 0x005C($s0)           ## 0000005C
.L80AD8434:
/* 01664 80AD8434 E6000060 */  swc1    $f0, 0x0060($s0)           ## 00000060
/* 01668 80AD8438 3C014220 */  lui     $at, 0x4220                ## $at = 42200000
.L80AD843C:
/* 0166C 80AD843C 44816000 */  mtc1    $at, $f12                  ## $f12 = 40.00
/* 01670 80AD8440 0C05E570 */  jal     func_801795C0              
/* 01674 80AD8444 00000000 */  nop
/* 01678 80AD8448 C6100024 */  lwc1    $f16, 0x0024($s0)          ## 00000024
/* 0167C 80AD844C 3C014170 */  lui     $at, 0x4170                ## $at = 41700000
/* 01680 80AD8450 44813000 */  mtc1    $at, $f6                   ## $f6 = 15.00
/* 01684 80AD8454 46100480 */  add.s   $f18, $f0, $f16            
/* 01688 80AD8458 3C014220 */  lui     $at, 0x4220                ## $at = 42200000
/* 0168C 80AD845C 44816000 */  mtc1    $at, $f12                  ## $f12 = 40.00
/* 01690 80AD8460 E7B20034 */  swc1    $f18, 0x0034($sp)          
/* 01694 80AD8464 C6040028 */  lwc1    $f4, 0x0028($s0)           ## 00000028
/* 01698 80AD8468 46062200 */  add.s   $f8, $f4, $f6              
/* 0169C 80AD846C 0C05E570 */  jal     func_801795C0              
/* 016A0 80AD8470 E7A80038 */  swc1    $f8, 0x0038($sp)           
/* 016A4 80AD8474 C60A002C */  lwc1    $f10, 0x002C($s0)          ## 0000002C
/* 016A8 80AD8478 3C06801D */  lui     $a2, 0x801D                ## $a2 = 801D0000
/* 016AC 80AD847C 24C615B0 */  addiu   $a2, $a2, 0x15B0           ## $a2 = 801D15B0
/* 016B0 80AD8480 460A0400 */  add.s   $f16, $f0, $f10            
/* 016B4 80AD8484 24190064 */  addiu   $t9, $zero, 0x0064         ## $t9 = 00000064
/* 016B8 80AD8488 24080002 */  addiu   $t0, $zero, 0x0002         ## $t0 = 00000002
/* 016BC 80AD848C AFA80018 */  sw      $t0, 0x0018($sp)           
/* 016C0 80AD8490 E7B0003C */  swc1    $f16, 0x003C($sp)          
/* 016C4 80AD8494 AFB90010 */  sw      $t9, 0x0010($sp)           
/* 016C8 80AD8498 00C03825 */  or      $a3, $a2, $zero            ## $a3 = 801D15B0
/* 016CC 80AD849C AFA00014 */  sw      $zero, 0x0014($sp)         
/* 016D0 80AD84A0 8FA40044 */  lw      $a0, 0x0044($sp)           
/* 016D4 80AD84A4 0C02CC0C */  jal     func_800B3030              
/* 016D8 80AD84A8 27A50034 */  addiu   $a1, $sp, 0x0034           ## $a1 = FFFFFFF4
.L80AD84AC:
/* 016DC 80AD84AC 8FBF002C */  lw      $ra, 0x002C($sp)           
.L80AD84B0:
/* 016E0 80AD84B0 8FB00028 */  lw      $s0, 0x0028($sp)           
/* 016E4 80AD84B4 27BD0040 */  addiu   $sp, $sp, 0x0040           ## $sp = 00000000
/* 016E8 80AD84B8 03E00008 */  jr      $ra                        
/* 016EC 80AD84BC 00000000 */  nop


glabel func_80AD84C0
/* 016F0 80AD84C0 27BDFFC8 */  addiu   $sp, $sp, 0xFFC8           ## $sp = FFFFFFC8
/* 016F4 80AD84C4 AFB00030 */  sw      $s0, 0x0030($sp)           
/* 016F8 80AD84C8 00808025 */  or      $s0, $a0, $zero            ## $s0 = 00000000
/* 016FC 80AD84CC AFBF0034 */  sw      $ra, 0x0034($sp)           
/* 01700 80AD84D0 AFA5003C */  sw      $a1, 0x003C($sp)           
/* 01704 80AD84D4 92020351 */  lbu     $v0, 0x0351($s0)           ## 00000351
/* 01708 80AD84D8 02002025 */  or      $a0, $s0, $zero            ## $a0 = 00000000
/* 0170C 80AD84DC 26050358 */  addiu   $a1, $s0, 0x0358           ## $a1 = 00000358
/* 01710 80AD84E0 304E0002 */  andi    $t6, $v0, 0x0002           ## $t6 = 00000000
/* 01714 80AD84E4 11C000B4 */  beq     $t6, $zero, .L80AD87B8     
/* 01718 80AD84E8 304FFFFD */  andi    $t7, $v0, 0xFFFD           ## $t7 = 00000000
/* 0171C 80AD84EC 0C02F896 */  jal     func_800BE258              
/* 01720 80AD84F0 A20F0351 */  sb      $t7, 0x0351($s0)           ## 00000351
/* 01724 80AD84F4 9218029D */  lbu     $t8, 0x029D($s0)           ## 0000029D
/* 01728 80AD84F8 2401000A */  addiu   $at, $zero, 0x000A         ## $at = 0000000A
/* 0172C 80AD84FC 02002025 */  or      $a0, $s0, $zero            ## $a0 = 00000000
/* 01730 80AD8500 17010008 */  bne     $t8, $at, .L80AD8524       
/* 01734 80AD8504 00000000 */  nop
/* 01738 80AD8508 8E19037C */  lw      $t9, 0x037C($s0)           ## 0000037C
/* 0173C 80AD850C 3C01000D */  lui     $at, 0x000D                ## $at = 000D0000
/* 01740 80AD8510 3421B0B3 */  ori     $at, $at, 0xB0B3           ## $at = 000DB0B3
/* 01744 80AD8514 8F280000 */  lw      $t0, 0x0000($t9)           ## 00000000
/* 01748 80AD8518 01014824 */  and     $t1, $t0, $at              
/* 0174C 80AD851C 552000BB */  bnel    $t1, $zero, .L80AD880C     
/* 01750 80AD8520 8FBF0034 */  lw      $ra, 0x0034($sp)           
.L80AD8524:
/* 01754 80AD8524 0C2B5C06 */  jal     func_80AD7018              
/* 01758 80AD8528 8FA5003C */  lw      $a1, 0x003C($sp)           
/* 0175C 80AD852C 920200B9 */  lbu     $v0, 0x00B9($s0)           ## 000000B9
/* 01760 80AD8530 2401000D */  addiu   $at, $zero, 0x000D         ## $at = 0000000D
/* 01764 80AD8534 104100B4 */  beq     $v0, $at, .L80AD8808       
/* 01768 80AD8538 2401000E */  addiu   $at, $zero, 0x000E         ## $at = 0000000E
/* 0176C 80AD853C 14410005 */  bne     $v0, $at, .L80AD8554       
/* 01770 80AD8540 02002025 */  or      $a0, $s0, $zero            ## $a0 = 00000000
/* 01774 80AD8544 0C2B6052 */  jal     func_80AD8148              
/* 01778 80AD8548 8FA5003C */  lw      $a1, 0x003C($sp)           
/* 0177C 80AD854C 1000009B */  beq     $zero, $zero, .L80AD87BC   
/* 01780 80AD8550 8FAB003C */  lw      $t3, 0x003C($sp)           
.L80AD8554:
/* 01784 80AD8554 2401000F */  addiu   $at, $zero, 0x000F         ## $at = 0000000F
/* 01788 80AD8558 54410016 */  bnel    $v0, $at, .L80AD85B4       
/* 0178C 80AD855C 8E030298 */  lw      $v1, 0x0298($s0)           ## 00000298
/* 01790 80AD8560 920A0351 */  lbu     $t2, 0x0351($s0)           ## 00000351
/* 01794 80AD8564 314B0004 */  andi    $t3, $t2, 0x0004           ## $t3 = 00000000
/* 01798 80AD8568 11600005 */  beq     $t3, $zero, .L80AD8580     
/* 0179C 80AD856C 00000000 */  nop
/* 017A0 80AD8570 0C2B5F15 */  jal     func_80AD7C54              
/* 017A4 80AD8574 02002025 */  or      $a0, $s0, $zero            ## $a0 = 00000000
/* 017A8 80AD8578 10000090 */  beq     $zero, $zero, .L80AD87BC   
/* 017AC 80AD857C 8FAB003C */  lw      $t3, 0x003C($sp)           
.L80AD8580:
/* 017B0 80AD8580 0C02F88B */  jal     func_800BE22C              
/* 017B4 80AD8584 02002025 */  or      $a0, $s0, $zero            ## $a0 = 00000000
/* 017B8 80AD8588 14400005 */  bne     $v0, $zero, .L80AD85A0     
/* 017BC 80AD858C 02002025 */  or      $a0, $s0, $zero            ## $a0 = 00000000
/* 017C0 80AD8590 0C2B6052 */  jal     func_80AD8148              
/* 017C4 80AD8594 8FA5003C */  lw      $a1, 0x003C($sp)           
/* 017C8 80AD8598 10000088 */  beq     $zero, $zero, .L80AD87BC   
/* 017CC 80AD859C 8FAB003C */  lw      $t3, 0x003C($sp)           
.L80AD85A0:
/* 017D0 80AD85A0 0C2B6018 */  jal     func_80AD8060              
/* 017D4 80AD85A4 02002025 */  or      $a0, $s0, $zero            ## $a0 = 00000000
/* 017D8 80AD85A8 10000084 */  beq     $zero, $zero, .L80AD87BC   
/* 017DC 80AD85AC 8FAB003C */  lw      $t3, 0x003C($sp)           
/* 017E0 80AD85B0 8E030298 */  lw      $v1, 0x0298($s0)           ## 00000298
.L80AD85B4:
/* 017E4 80AD85B4 3C0C80AD */  lui     $t4, %hi(func_80AD70EC)    ## $t4 = 80AD0000
/* 017E8 80AD85B8 258C70EC */  addiu   $t4, $t4, %lo(func_80AD70EC) ## $t4 = 80AD70EC
/* 017EC 80AD85BC 11830004 */  beq     $t4, $v1, .L80AD85D0       
/* 017F0 80AD85C0 3C0D80AD */  lui     $t5, %hi(func_80AD7254)    ## $t5 = 80AD0000
/* 017F4 80AD85C4 25AD7254 */  addiu   $t5, $t5, %lo(func_80AD7254) ## $t5 = 80AD7254
/* 017F8 80AD85C8 55A30007 */  bnel    $t5, $v1, .L80AD85E8       
/* 017FC 80AD85CC 920F0351 */  lbu     $t7, 0x0351($s0)           ## 00000351
.L80AD85D0:
/* 01800 80AD85D0 0C2B5CEA */  jal     func_80AD73A8              
/* 01804 80AD85D4 02002025 */  or      $a0, $s0, $zero            ## $a0 = 00000000
/* 01808 80AD85D8 240E0015 */  addiu   $t6, $zero, 0x0015         ## $t6 = 00000015
/* 0180C 80AD85DC 10000076 */  beq     $zero, $zero, .L80AD87B8   
/* 01810 80AD85E0 A60E029E */  sh      $t6, 0x029E($s0)           ## 0000029E
/* 01814 80AD85E4 920F0351 */  lbu     $t7, 0x0351($s0)           ## 00000351
.L80AD85E8:
/* 01818 80AD85E8 24010005 */  addiu   $at, $zero, 0x0005         ## $at = 00000005
/* 0181C 80AD85EC 31F80004 */  andi    $t8, $t7, 0x0004           ## $t8 = 00000000
/* 01820 80AD85F0 57000072 */  bnel    $t8, $zero, .L80AD87BC     
/* 01824 80AD85F4 8FAB003C */  lw      $t3, 0x003C($sp)           
/* 01828 80AD85F8 14410018 */  bne     $v0, $at, .L80AD865C       
/* 0182C 80AD85FC 24190028 */  addiu   $t9, $zero, 0x0028         ## $t9 = 00000028
/* 01830 80AD8600 A61902A2 */  sh      $t9, 0x02A2($s0)           ## 000002A2
/* 01834 80AD8604 24080028 */  addiu   $t0, $zero, 0x0028         ## $t0 = 00000028
/* 01838 80AD8608 AFA80010 */  sw      $t0, 0x0010($sp)           
/* 0183C 80AD860C 02002025 */  or      $a0, $s0, $zero            ## $a0 = 00000000
/* 01840 80AD8610 00002825 */  or      $a1, $zero, $zero          ## $a1 = 00000000
/* 01844 80AD8614 240600FF */  addiu   $a2, $zero, 0x00FF         ## $a2 = 000000FF
/* 01848 80AD8618 0C02F2DC */  jal     func_800BCB70              
/* 0184C 80AD861C 00003825 */  or      $a3, $zero, $zero          ## $a3 = 00000000
/* 01850 80AD8620 02002025 */  or      $a0, $s0, $zero            ## $a0 = 00000000
/* 01854 80AD8624 0C02E3B2 */  jal     func_800B8EC8              
/* 01858 80AD8628 2405389E */  addiu   $a1, $zero, 0x389E         ## $a1 = 0000389E
/* 0185C 80AD862C 3C0180AE */  lui     $at, %hi(D_80AD8F10)       ## $at = 80AE0000
/* 01860 80AD8630 C4248F10 */  lwc1    $f4, %lo(D_80AD8F10)($at)  
/* 01864 80AD8634 3C014000 */  lui     $at, 0x4000                ## $at = 40000000
/* 01868 80AD8638 44813000 */  mtc1    $at, $f6                   ## $f6 = 2.00
/* 0186C 80AD863C 2409001E */  addiu   $t1, $zero, 0x001E         ## $t1 = 0000001E
/* 01870 80AD8640 A209029D */  sb      $t1, 0x029D($s0)           ## 0000029D
/* 01874 80AD8644 02002025 */  or      $a0, $s0, $zero            ## $a0 = 00000000
/* 01878 80AD8648 E60402B4 */  swc1    $f4, 0x02B4($s0)           ## 000002B4
/* 0187C 80AD864C 0C2B5FE9 */  jal     func_80AD7FA4              
/* 01880 80AD8650 E60602B0 */  swc1    $f6, 0x02B0($s0)           ## 000002B0
/* 01884 80AD8654 10000059 */  beq     $zero, $zero, .L80AD87BC   
/* 01888 80AD8658 8FAB003C */  lw      $t3, 0x003C($sp)           
.L80AD865C:
/* 0188C 80AD865C 24010001 */  addiu   $at, $zero, 0x0001         ## $at = 00000001
/* 01890 80AD8660 14410010 */  bne     $v0, $at, .L80AD86A4       
/* 01894 80AD8664 240A0028 */  addiu   $t2, $zero, 0x0028         ## $t2 = 00000028
/* 01898 80AD8668 A60A02A2 */  sh      $t2, 0x02A2($s0)           ## 000002A2
/* 0189C 80AD866C 240B0028 */  addiu   $t3, $zero, 0x0028         ## $t3 = 00000028
/* 018A0 80AD8670 AFAB0010 */  sw      $t3, 0x0010($sp)           
/* 018A4 80AD8674 02002025 */  or      $a0, $s0, $zero            ## $a0 = 00000000
/* 018A8 80AD8678 00002825 */  or      $a1, $zero, $zero          ## $a1 = 00000000
/* 018AC 80AD867C 240600FF */  addiu   $a2, $zero, 0x00FF         ## $a2 = 000000FF
/* 018B0 80AD8680 0C02F2DC */  jal     func_800BCB70              
/* 018B4 80AD8684 00003825 */  or      $a3, $zero, $zero          ## $a3 = 00000000
/* 018B8 80AD8688 02002025 */  or      $a0, $s0, $zero            ## $a0 = 00000000
/* 018BC 80AD868C 0C02E3B2 */  jal     func_800B8EC8              
/* 018C0 80AD8690 2405389E */  addiu   $a1, $zero, 0x389E         ## $a1 = 0000389E
/* 018C4 80AD8694 0C2B5FE9 */  jal     func_80AD7FA4              
/* 018C8 80AD8698 02002025 */  or      $a0, $s0, $zero            ## $a0 = 00000000
/* 018CC 80AD869C 10000047 */  beq     $zero, $zero, .L80AD87BC   
/* 018D0 80AD86A0 8FAB003C */  lw      $t3, 0x003C($sp)           
.L80AD86A4:
/* 018D4 80AD86A4 24010003 */  addiu   $at, $zero, 0x0003         ## $at = 00000003
/* 018D8 80AD86A8 54410011 */  bnel    $v0, $at, .L80AD86F0       
/* 018DC 80AD86AC 24010002 */  addiu   $at, $zero, 0x0002         ## $at = 00000002
/* 018E0 80AD86B0 0C2B5BE7 */  jal     func_80AD6F9C              
/* 018E4 80AD86B4 02002025 */  or      $a0, $s0, $zero            ## $a0 = 00000000
/* 018E8 80AD86B8 0C02F88B */  jal     func_800BE22C              
/* 018EC 80AD86BC 02002025 */  or      $a0, $s0, $zero            ## $a0 = 00000000
/* 018F0 80AD86C0 14400006 */  bne     $v0, $zero, .L80AD86DC     
/* 018F4 80AD86C4 00000000 */  nop
/* 018F8 80AD86C8 920D0351 */  lbu     $t5, 0x0351($s0)           ## 00000351
/* 018FC 80AD86CC 240C0003 */  addiu   $t4, $zero, 0x0003         ## $t4 = 00000003
/* 01900 80AD86D0 A60C02A2 */  sh      $t4, 0x02A2($s0)           ## 000002A2
/* 01904 80AD86D4 31AEFFFE */  andi    $t6, $t5, 0xFFFE           ## $t6 = 00000000
/* 01908 80AD86D8 A20E0351 */  sb      $t6, 0x0351($s0)           ## 00000351
.L80AD86DC:
/* 0190C 80AD86DC 0C2B5FE9 */  jal     func_80AD7FA4              
/* 01910 80AD86E0 02002025 */  or      $a0, $s0, $zero            ## $a0 = 00000000
/* 01914 80AD86E4 10000035 */  beq     $zero, $zero, .L80AD87BC   
/* 01918 80AD86E8 8FAB003C */  lw      $t3, 0x003C($sp)           
/* 0191C 80AD86EC 24010002 */  addiu   $at, $zero, 0x0002         ## $at = 00000002
.L80AD86F0:
/* 01920 80AD86F0 14410008 */  bne     $v0, $at, .L80AD8714       
/* 01924 80AD86F4 3C0180AE */  lui     $at, %hi(D_80AD8F14)       ## $at = 80AE0000
/* 01928 80AD86F8 C4288F14 */  lwc1    $f8, %lo(D_80AD8F14)($at)  
/* 0192C 80AD86FC 3C014080 */  lui     $at, 0x4080                ## $at = 40800000
/* 01930 80AD8700 44815000 */  mtc1    $at, $f10                  ## $f10 = 4.00
/* 01934 80AD8704 A200029D */  sb      $zero, 0x029D($s0)         ## 0000029D
/* 01938 80AD8708 E60802B4 */  swc1    $f8, 0x02B4($s0)           ## 000002B4
/* 0193C 80AD870C 10000020 */  beq     $zero, $zero, .L80AD8790   
/* 01940 80AD8710 E60A02B0 */  swc1    $f10, 0x02B0($s0)          ## 000002B0
.L80AD8714:
/* 01944 80AD8714 24010004 */  addiu   $at, $zero, 0x0004         ## $at = 00000004
/* 01948 80AD8718 1441001D */  bne     $v0, $at, .L80AD8790       
/* 0194C 80AD871C 240F0014 */  addiu   $t7, $zero, 0x0014         ## $t7 = 00000014
/* 01950 80AD8720 86080368 */  lh      $t0, 0x0368($s0)           ## 00000368
/* 01954 80AD8724 3C0180AE */  lui     $at, %hi(D_80AD8F18)       ## $at = 80AE0000
/* 01958 80AD8728 C4308F18 */  lwc1    $f16, %lo(D_80AD8F18)($at) 
/* 0195C 80AD872C 44883000 */  mtc1    $t0, $f6                   ## $f6 = 0.00
/* 01960 80AD8730 3C014080 */  lui     $at, 0x4080                ## $at = 40800000
/* 01964 80AD8734 44819000 */  mtc1    $at, $f18                  ## $f18 = 4.00
/* 01968 80AD8738 46803220 */  cvt.s.w $f8, $f6                   
/* 0196C 80AD873C 86190366 */  lh      $t9, 0x0366($s0)           ## 00000366
/* 01970 80AD8740 A20F029D */  sb      $t7, 0x029D($s0)           ## 0000029D
/* 01974 80AD8744 E61002B4 */  swc1    $f16, 0x02B4($s0)          ## 000002B4
/* 01978 80AD8748 E61202B0 */  swc1    $f18, 0x02B0($s0)          ## 000002B0
/* 0197C 80AD874C 44992000 */  mtc1    $t9, $f4                   ## $f4 = 0.00
/* 01980 80AD8750 E7A80010 */  swc1    $f8, 0x0010($sp)           
/* 01984 80AD8754 8609036A */  lh      $t1, 0x036A($s0)           ## 0000036A
/* 01988 80AD8758 46802120 */  cvt.s.w $f4, $f4                   
/* 0198C 80AD875C 8FA5003C */  lw      $a1, 0x003C($sp)           
/* 01990 80AD8760 44895000 */  mtc1    $t1, $f10                  ## $f10 = 0.00
/* 01994 80AD8764 240A0004 */  addiu   $t2, $zero, 0x0004         ## $t2 = 00000004
/* 01998 80AD8768 AFAA0024 */  sw      $t2, 0x0024($sp)           
/* 0199C 80AD876C 46805420 */  cvt.s.w $f16, $f10                 
/* 019A0 80AD8770 44072000 */  mfc1    $a3, $f4                   
/* 019A4 80AD8774 AFA00020 */  sw      $zero, 0x0020($sp)         
/* 019A8 80AD8778 AFA0001C */  sw      $zero, 0x001C($sp)         
/* 019AC 80AD877C AFA00018 */  sw      $zero, 0x0018($sp)         
/* 019B0 80AD8780 240600A2 */  addiu   $a2, $zero, 0x00A2         ## $a2 = 000000A2
/* 019B4 80AD8784 E7B00014 */  swc1    $f16, 0x0014($sp)          
/* 019B8 80AD8788 0C02EB18 */  jal     func_800BAC60              
/* 019BC 80AD878C 24A41CA0 */  addiu   $a0, $a1, 0x1CA0           ## $a0 = 00001CA0
.L80AD8790:
/* 019C0 80AD8790 0C02F88B */  jal     func_800BE22C              
/* 019C4 80AD8794 02002025 */  or      $a0, $s0, $zero            ## $a0 = 00000000
/* 019C8 80AD8798 14400005 */  bne     $v0, $zero, .L80AD87B0     
/* 019CC 80AD879C 02002025 */  or      $a0, $s0, $zero            ## $a0 = 00000000
/* 019D0 80AD87A0 0C2B6052 */  jal     func_80AD8148              
/* 019D4 80AD87A4 8FA5003C */  lw      $a1, 0x003C($sp)           
/* 019D8 80AD87A8 10000004 */  beq     $zero, $zero, .L80AD87BC   
/* 019DC 80AD87AC 8FAB003C */  lw      $t3, 0x003C($sp)           
.L80AD87B0:
/* 019E0 80AD87B0 0C2B6018 */  jal     func_80AD8060              
/* 019E4 80AD87B4 02002025 */  or      $a0, $s0, $zero            ## $a0 = 00000000
.L80AD87B8:
/* 019E8 80AD87B8 8FAB003C */  lw      $t3, 0x003C($sp)           
.L80AD87BC:
/* 019EC 80AD87BC 3C0180AE */  lui     $at, %hi(D_80AD8F1C)       ## $at = 80AE0000
/* 019F0 80AD87C0 916C1CA2 */  lbu     $t4, 0x1CA2($t3)           ## 00001CA2
/* 019F4 80AD87C4 51800011 */  beql    $t4, $zero, .L80AD880C     
/* 019F8 80AD87C8 8FBF0034 */  lw      $ra, 0x0034($sp)           
/* 019FC 80AD87CC C6120094 */  lwc1    $f18, 0x0094($s0)          ## 00000094
/* 01A00 80AD87D0 C4248F1C */  lwc1    $f4, %lo(D_80AD8F1C)($at)  
/* 01A04 80AD87D4 4604903C */  c.lt.s  $f18, $f4                  
/* 01A08 80AD87D8 00000000 */  nop
/* 01A0C 80AD87DC 4502000B */  bc1fl   .L80AD880C                 
/* 01A10 80AD87E0 8FBF0034 */  lw      $ra, 0x0034($sp)           
/* 01A14 80AD87E4 920D0351 */  lbu     $t5, 0x0351($s0)           ## 00000351
/* 01A18 80AD87E8 02002025 */  or      $a0, $s0, $zero            ## $a0 = 00000000
/* 01A1C 80AD87EC 31AE0001 */  andi    $t6, $t5, 0x0001           ## $t6 = 00000000
/* 01A20 80AD87F0 51C00006 */  beql    $t6, $zero, .L80AD880C     
/* 01A24 80AD87F4 8FBF0034 */  lw      $ra, 0x0034($sp)           
/* 01A28 80AD87F8 0C2B5C06 */  jal     func_80AD7018              
/* 01A2C 80AD87FC 01602825 */  or      $a1, $t3, $zero            ## $a1 = 00000000
/* 01A30 80AD8800 0C2B5F15 */  jal     func_80AD7C54              
/* 01A34 80AD8804 02002025 */  or      $a0, $s0, $zero            ## $a0 = 00000000
.L80AD8808:
/* 01A38 80AD8808 8FBF0034 */  lw      $ra, 0x0034($sp)           
.L80AD880C:
/* 01A3C 80AD880C 8FB00030 */  lw      $s0, 0x0030($sp)           
/* 01A40 80AD8810 27BD0038 */  addiu   $sp, $sp, 0x0038           ## $sp = 00000000
/* 01A44 80AD8814 03E00008 */  jr      $ra                        
/* 01A48 80AD8818 00000000 */  nop


glabel func_80AD881C
/* 01A4C 80AD881C 27BDFFC8 */  addiu   $sp, $sp, 0xFFC8           ## $sp = FFFFFFC8
/* 01A50 80AD8820 AFB00020 */  sw      $s0, 0x0020($sp)           
/* 01A54 80AD8824 00808025 */  or      $s0, $a0, $zero            ## $s0 = 00000000
/* 01A58 80AD8828 AFBF0024 */  sw      $ra, 0x0024($sp)           
/* 01A5C 80AD882C AFA5003C */  sw      $a1, 0x003C($sp)           
/* 01A60 80AD8830 0C2B5BCD */  jal     func_80AD6F34              
/* 01A64 80AD8834 02002025 */  or      $a0, $s0, $zero            ## $a0 = 00000000
/* 01A68 80AD8838 860202A0 */  lh      $v0, 0x02A0($s0)           ## 000002A0
/* 01A6C 80AD883C 02002025 */  or      $a0, $s0, $zero            ## $a0 = 00000000
/* 01A70 80AD8840 10400002 */  beq     $v0, $zero, .L80AD884C     
/* 01A74 80AD8844 244EFFFF */  addiu   $t6, $v0, 0xFFFF           ## $t6 = FFFFFFFF
/* 01A78 80AD8848 A60E02A0 */  sh      $t6, 0x02A0($s0)           ## 000002A0
.L80AD884C:
/* 01A7C 80AD884C 0C2B6130 */  jal     func_80AD84C0              
/* 01A80 80AD8850 8FA5003C */  lw      $a1, 0x003C($sp)           
/* 01A84 80AD8854 92020350 */  lbu     $v0, 0x0350($s0)           ## 00000350
/* 01A88 80AD8858 304F0002 */  andi    $t7, $v0, 0x0002           ## $t7 = 00000000
/* 01A8C 80AD885C 11E00016 */  beq     $t7, $zero, .L80AD88B8     
/* 01A90 80AD8860 30580004 */  andi    $t8, $v0, 0x0004           ## $t8 = 00000000
/* 01A94 80AD8864 13000014 */  beq     $t8, $zero, .L80AD88B8     
/* 01A98 80AD8868 3059FFF9 */  andi    $t9, $v0, 0xFFF9           ## $t9 = 00000000
/* 01A9C 80AD886C A2190350 */  sb      $t9, 0x0350($s0)           ## 00000350
/* 01AA0 80AD8870 0C2B5DB3 */  jal     func_80AD76CC              
/* 01AA4 80AD8874 02002025 */  or      $a0, $s0, $zero            ## $a0 = 00000000
/* 01AA8 80AD8878 02002025 */  or      $a0, $s0, $zero            ## $a0 = 00000000
/* 01AAC 80AD887C 0C02DB92 */  jal     func_800B6E48              
/* 01AB0 80AD8880 260502BC */  addiu   $a1, $s0, 0x02BC           ## $a1 = 000002BC
/* 01AB4 80AD8884 3C014248 */  lui     $at, 0x4248                ## $at = 42480000
/* 01AB8 80AD8888 44812000 */  mtc1    $at, $f4                   ## $f4 = 50.00
/* 01ABC 80AD888C 240A3B00 */  addiu   $t2, $zero, 0x3B00         ## $t2 = 00003B00
/* 01AC0 80AD8890 02002025 */  or      $a0, $s0, $zero            ## $a0 = 00000000
/* 01AC4 80AD8894 4604003C */  c.lt.s  $f0, $f4                   
/* 01AC8 80AD8898 00000000 */  nop
/* 01ACC 80AD889C 45000004 */  bc1f    .L80AD88B0                 
/* 01AD0 80AD88A0 00000000 */  nop
/* 01AD4 80AD88A4 92080350 */  lbu     $t0, 0x0350($s0)           ## 00000350
/* 01AD8 80AD88A8 3109FFFE */  andi    $t1, $t0, 0xFFFE           ## $t1 = 00000000
/* 01ADC 80AD88AC A2090350 */  sb      $t1, 0x0350($s0)           ## 00000350
.L80AD88B0:
/* 01AE0 80AD88B0 0C2B5D5A */  jal     func_80AD7568              
/* 01AE4 80AD88B4 A60A02A6 */  sh      $t2, 0x02A6($s0)           ## 000002A6
.L80AD88B8:
/* 01AE8 80AD88B8 8E190298 */  lw      $t9, 0x0298($s0)           ## 00000298
/* 01AEC 80AD88BC 02002025 */  or      $a0, $s0, $zero            ## $a0 = 00000000
/* 01AF0 80AD88C0 8FA5003C */  lw      $a1, 0x003C($sp)           
/* 01AF4 80AD88C4 0320F809 */  jalr    $ra, $t9                   
/* 01AF8 80AD88C8 00000000 */  nop
/* 01AFC 80AD88CC 0C02DAA2 */  jal     func_800B6A88              
/* 01B00 80AD88D0 02002025 */  or      $a0, $s0, $zero            ## $a0 = 00000000
/* 01B04 80AD88D4 3C014220 */  lui     $at, 0x4220                ## $at = 42200000
/* 01B08 80AD88D8 44810000 */  mtc1    $at, $f0                   ## $f0 = 40.00
/* 01B0C 80AD88DC 240B001F */  addiu   $t3, $zero, 0x001F         ## $t3 = 0000001F
/* 01B10 80AD88E0 AFAB0014 */  sw      $t3, 0x0014($sp)           
/* 01B14 80AD88E4 44060000 */  mfc1    $a2, $f0                   
/* 01B18 80AD88E8 8FA4003C */  lw      $a0, 0x003C($sp)           
/* 01B1C 80AD88EC 02002825 */  or      $a1, $s0, $zero            ## $a1 = 00000000
/* 01B20 80AD88F0 3C074270 */  lui     $a3, 0x4270                ## $a3 = 42700000
/* 01B24 80AD88F4 0C02DE2E */  jal     func_800B78B8              
/* 01B28 80AD88F8 E7A00010 */  swc1    $f0, 0x0010($sp)           
/* 01B2C 80AD88FC 8E0C00C8 */  lw      $t4, 0x00C8($s0)           ## 000000C8
/* 01B30 80AD8900 02002025 */  or      $a0, $s0, $zero            ## $a0 = 00000000
/* 01B34 80AD8904 51800007 */  beql    $t4, $zero, .L80AD8924     
/* 01B38 80AD8908 260D0340 */  addiu   $t5, $s0, 0x0340           ## $t5 = 00000340
/* 01B3C 80AD890C 0C02D9D7 */  jal     func_800B675C              
/* 01B40 80AD8910 3C0541C8 */  lui     $a1, 0x41C8                ## $a1 = 41C80000
/* 01B44 80AD8914 02002025 */  or      $a0, $s0, $zero            ## $a0 = 00000000
/* 01B48 80AD8918 0C039F7E */  jal     func_800E7DF8              
/* 01B4C 80AD891C 26050340 */  addiu   $a1, $s0, 0x0340           ## $a1 = 00000340
/* 01B50 80AD8920 260D0340 */  addiu   $t5, $s0, 0x0340           ## $t5 = 00000340
.L80AD8924:
/* 01B54 80AD8924 AFAD0028 */  sw      $t5, 0x0028($sp)           
/* 01B58 80AD8928 920E0350 */  lbu     $t6, 0x0350($s0)           ## 00000350
/* 01B5C 80AD892C 3C010001 */  lui     $at, 0x0001                ## $at = 00010000
/* 01B60 80AD8930 8FA4003C */  lw      $a0, 0x003C($sp)           
/* 01B64 80AD8934 31CF0001 */  andi    $t7, $t6, 0x0001           ## $t7 = 00000000
/* 01B68 80AD8938 11E00004 */  beq     $t7, $zero, .L80AD894C     
/* 01B6C 80AD893C 34218884 */  ori     $at, $at, 0x8884           ## $at = 00018884
/* 01B70 80AD8940 00812821 */  addu    $a1, $a0, $at              
/* 01B74 80AD8944 0C038956 */  jal     func_800E2558              
/* 01B78 80AD8948 01A03025 */  or      $a2, $t5, $zero            ## $a2 = 00000340
.L80AD894C:
/* 01B7C 80AD894C 92080351 */  lbu     $t0, 0x0351($s0)           ## 00000351
/* 01B80 80AD8950 8FB8003C */  lw      $t8, 0x003C($sp)           
/* 01B84 80AD8954 3C010001 */  lui     $at, 0x0001                ## $at = 00010000
/* 01B88 80AD8958 34218884 */  ori     $at, $at, 0x8884           ## $at = 00018884
/* 01B8C 80AD895C 31090001 */  andi    $t1, $t0, 0x0001           ## $t1 = 00000000
/* 01B90 80AD8960 11200006 */  beq     $t1, $zero, .L80AD897C     
/* 01B94 80AD8964 03012821 */  addu    $a1, $t8, $at              
/* 01B98 80AD8968 03002025 */  or      $a0, $t8, $zero            ## $a0 = 00000000
/* 01B9C 80AD896C 8FA60028 */  lw      $a2, 0x0028($sp)           
/* 01BA0 80AD8970 0C0389D0 */  jal     func_800E2740              
/* 01BA4 80AD8974 AFA5002C */  sw      $a1, 0x002C($sp)           
/* 01BA8 80AD8978 8FA5002C */  lw      $a1, 0x002C($sp)           
.L80AD897C:
/* 01BAC 80AD897C 8FA4003C */  lw      $a0, 0x003C($sp)           
/* 01BB0 80AD8980 0C038A4A */  jal     func_800E2928              
/* 01BB4 80AD8984 8FA60028 */  lw      $a2, 0x0028($sp)           
/* 01BB8 80AD8988 44800000 */  mtc1    $zero, $f0                 ## $f0 = 0.00
/* 01BBC 80AD898C C60602B0 */  lwc1    $f6, 0x02B0($s0)           ## 000002B0
/* 01BC0 80AD8990 4606003C */  c.lt.s  $f0, $f6                   
/* 01BC4 80AD8994 00000000 */  nop
/* 01BC8 80AD8998 45020027 */  bc1fl   .L80AD8A38                 
/* 01BCC 80AD899C 8FBF0024 */  lw      $ra, 0x0024($sp)           
/* 01BD0 80AD89A0 920A029D */  lbu     $t2, 0x029D($s0)           ## 0000029D
/* 01BD4 80AD89A4 2401000A */  addiu   $at, $zero, 0x000A         ## $at = 0000000A
/* 01BD8 80AD89A8 260402B0 */  addiu   $a0, $s0, 0x02B0           ## $a0 = 000002B0
/* 01BDC 80AD89AC 11410016 */  beq     $t2, $at, .L80AD8A08       
/* 01BE0 80AD89B0 3C063D4C */  lui     $a2, 0x3D4C                ## $a2 = 3D4C0000
/* 01BE4 80AD89B4 44050000 */  mfc1    $a1, $f0                   
/* 01BE8 80AD89B8 0C03FC0F */  jal     func_800FF03C              
/* 01BEC 80AD89BC 34C6CCCD */  ori     $a2, $a2, 0xCCCD           ## $a2 = 3D4CCCCD
/* 01BF0 80AD89C0 3C0180AE */  lui     $at, %hi(D_80AD8F20)       ## $at = 80AE0000
/* 01BF4 80AD89C4 C4228F20 */  lwc1    $f2, %lo(D_80AD8F20)($at)  
/* 01BF8 80AD89C8 3C013F80 */  lui     $at, 0x3F80                ## $at = 3F800000
/* 01BFC 80AD89CC 44815000 */  mtc1    $at, $f10                  ## $f10 = 1.00
/* 01C00 80AD89D0 C60802B0 */  lwc1    $f8, 0x02B0($s0)           ## 000002B0
/* 01C04 80AD89D4 3C0180AE */  lui     $at, %hi(D_80AD8F24)       ## $at = 80AE0000
/* 01C08 80AD89D8 C4328F24 */  lwc1    $f18, %lo(D_80AD8F24)($at) 
/* 01C0C 80AD89DC 460A4400 */  add.s   $f16, $f8, $f10            
/* 01C10 80AD89E0 46128002 */  mul.s   $f0, $f16, $f18            
/* 01C14 80AD89E4 4600103C */  c.lt.s  $f2, $f0                   
/* 01C18 80AD89E8 E60002B4 */  swc1    $f0, 0x02B4($s0)           ## 000002B4
/* 01C1C 80AD89EC 45020004 */  bc1fl   .L80AD8A00                 
/* 01C20 80AD89F0 C60402B4 */  lwc1    $f4, 0x02B4($s0)           ## 000002B4
/* 01C24 80AD89F4 1000000F */  beq     $zero, $zero, .L80AD8A34   
/* 01C28 80AD89F8 E60202B4 */  swc1    $f2, 0x02B4($s0)           ## 000002B4
/* 01C2C 80AD89FC C60402B4 */  lwc1    $f4, 0x02B4($s0)           ## 000002B4
.L80AD8A00:
/* 01C30 80AD8A00 1000000C */  beq     $zero, $zero, .L80AD8A34   
/* 01C34 80AD8A04 E60402B4 */  swc1    $f4, 0x02B4($s0)           ## 000002B4
.L80AD8A08:
/* 01C38 80AD8A08 3C0180AE */  lui     $at, %hi(D_80AD8F28)       ## $at = 80AE0000
/* 01C3C 80AD8A0C C4228F28 */  lwc1    $f2, %lo(D_80AD8F28)($at)  
/* 01C40 80AD8A10 3C063C75 */  lui     $a2, 0x3C75                ## $a2 = 3C750000
/* 01C44 80AD8A14 34C6C290 */  ori     $a2, $a2, 0xC290           ## $a2 = 3C75C290
/* 01C48 80AD8A18 44051000 */  mfc1    $a1, $f2                   
/* 01C4C 80AD8A1C 0C03FC0F */  jal     func_800FF03C              
/* 01C50 80AD8A20 260402B8 */  addiu   $a0, $s0, 0x02B8           ## $a0 = 000002B8
/* 01C54 80AD8A24 14400003 */  bne     $v0, $zero, .L80AD8A34     
/* 01C58 80AD8A28 02002025 */  or      $a0, $s0, $zero            ## $a0 = 00000000
/* 01C5C 80AD8A2C 0C02E404 */  jal     func_800B9010              
/* 01C60 80AD8A30 240520B2 */  addiu   $a1, $zero, 0x20B2         ## $a1 = 000020B2
.L80AD8A34:
/* 01C64 80AD8A34 8FBF0024 */  lw      $ra, 0x0024($sp)           
.L80AD8A38:
/* 01C68 80AD8A38 8FB00020 */  lw      $s0, 0x0020($sp)           
/* 01C6C 80AD8A3C 27BD0038 */  addiu   $sp, $sp, 0x0038           ## $sp = 00000000
/* 01C70 80AD8A40 03E00008 */  jr      $ra                        
/* 01C74 80AD8A44 00000000 */  nop


glabel func_80AD8A48
/* 01C78 80AD8A48 27BDFFE8 */  addiu   $sp, $sp, 0xFFE8           ## $sp = FFFFFFE8
/* 01C7C 80AD8A4C AFA40018 */  sw      $a0, 0x0018($sp)           
/* 01C80 80AD8A50 8FA4002C */  lw      $a0, 0x002C($sp)           
/* 01C84 80AD8A54 AFBF0014 */  sw      $ra, 0x0014($sp)           
/* 01C88 80AD8A58 AFA60020 */  sw      $a2, 0x0020($sp)           
/* 01C8C 80AD8A5C AFA70024 */  sw      $a3, 0x0024($sp)           
/* 01C90 80AD8A60 8C820298 */  lw      $v0, 0x0298($a0)           ## 00000298
/* 01C94 80AD8A64 3C0E80AD */  lui     $t6, %hi(func_80AD7424)    ## $t6 = 80AD0000
/* 01C98 80AD8A68 25CE7424 */  addiu   $t6, $t6, %lo(func_80AD7424) ## $t6 = 80AD7424
/* 01C9C 80AD8A6C 11C20003 */  beq     $t6, $v0, .L80AD8A7C       
/* 01CA0 80AD8A70 3C0F80AD */  lui     $t7, %hi(func_80AD7B90)    ## $t7 = 80AD0000
/* 01CA4 80AD8A74 25EF7B90 */  addiu   $t7, $t7, %lo(func_80AD7B90) ## $t7 = 80AD7B90
/* 01CA8 80AD8A78 15E2001A */  bne     $t7, $v0, .L80AD8AE4       
.L80AD8A7C:
/* 01CAC 80AD8A7C 24010002 */  addiu   $at, $zero, 0x0002         ## $at = 00000002
/* 01CB0 80AD8A80 54A1000A */  bnel    $a1, $at, .L80AD8AAC       
/* 01CB4 80AD8A84 2401000B */  addiu   $at, $zero, 0x000B         ## $at = 0000000B
/* 01CB8 80AD8A88 C48C02A8 */  lwc1    $f12, 0x02A8($a0)          ## 000002A8
/* 01CBC 80AD8A8C C48E02AC */  lwc1    $f14, 0x02AC($a0)          ## 000002AC
/* 01CC0 80AD8A90 24070001 */  addiu   $a3, $zero, 0x0001         ## $a3 = 00000001
/* 01CC4 80AD8A94 44066000 */  mfc1    $a2, $f12                  
/* 01CC8 80AD8A98 0C0600E7 */  jal     func_8018039C              
/* 01CCC 80AD8A9C 00000000 */  nop
/* 01CD0 80AD8AA0 10000011 */  beq     $zero, $zero, .L80AD8AE8   
/* 01CD4 80AD8AA4 00001025 */  or      $v0, $zero, $zero          ## $v0 = 00000000
/* 01CD8 80AD8AA8 2401000B */  addiu   $at, $zero, 0x000B         ## $at = 0000000B
.L80AD8AAC:
/* 01CDC 80AD8AAC 10A10007 */  beq     $a1, $at, .L80AD8ACC       
/* 01CE0 80AD8AB0 24010009 */  addiu   $at, $zero, 0x0009         ## $at = 00000009
/* 01CE4 80AD8AB4 10A10005 */  beq     $a1, $at, .L80AD8ACC       
/* 01CE8 80AD8AB8 24010007 */  addiu   $at, $zero, 0x0007         ## $at = 00000007
/* 01CEC 80AD8ABC 10A10003 */  beq     $a1, $at, .L80AD8ACC       
/* 01CF0 80AD8AC0 24010005 */  addiu   $at, $zero, 0x0005         ## $at = 00000005
/* 01CF4 80AD8AC4 54A10008 */  bnel    $a1, $at, .L80AD8AE8       
/* 01CF8 80AD8AC8 00001025 */  or      $v0, $zero, $zero          ## $v0 = 00000000
.L80AD8ACC:
/* 01CFC 80AD8ACC C48E02AC */  lwc1    $f14, 0x02AC($a0)          ## 000002AC
/* 01D00 80AD8AD0 C48C02A8 */  lwc1    $f12, 0x02A8($a0)          ## 000002A8
/* 01D04 80AD8AD4 24070001 */  addiu   $a3, $zero, 0x0001         ## $a3 = 00000001
/* 01D08 80AD8AD8 44067000 */  mfc1    $a2, $f14                  
/* 01D0C 80AD8ADC 0C0600E7 */  jal     func_8018039C              
/* 01D10 80AD8AE0 00000000 */  nop
.L80AD8AE4:
/* 01D14 80AD8AE4 00001025 */  or      $v0, $zero, $zero          ## $v0 = 00000000
.L80AD8AE8:
/* 01D18 80AD8AE8 8FBF0014 */  lw      $ra, 0x0014($sp)           
/* 01D1C 80AD8AEC 27BD0018 */  addiu   $sp, $sp, 0x0018           ## $sp = 00000000
/* 01D20 80AD8AF0 03E00008 */  jr      $ra                        
/* 01D24 80AD8AF4 00000000 */  nop


glabel func_80AD8AF8
/* 01D28 80AD8AF8 27BDFFD8 */  addiu   $sp, $sp, 0xFFD8           ## $sp = FFFFFFD8
/* 01D2C 80AD8AFC AFBF0024 */  sw      $ra, 0x0024($sp)           
/* 01D30 80AD8B00 AFB30020 */  sw      $s3, 0x0020($sp)           
/* 01D34 80AD8B04 AFB2001C */  sw      $s2, 0x001C($sp)           
/* 01D38 80AD8B08 AFB10018 */  sw      $s1, 0x0018($sp)           
/* 01D3C 80AD8B0C AFB00014 */  sw      $s0, 0x0014($sp)           
/* 01D40 80AD8B10 AFA40028 */  sw      $a0, 0x0028($sp)           
/* 01D44 80AD8B14 AFA60030 */  sw      $a2, 0x0030($sp)           
/* 01D48 80AD8B18 AFA70034 */  sw      $a3, 0x0034($sp)           
/* 01D4C 80AD8B1C 3C0E80AE */  lui     $t6, %hi(D_80AD8EA4)       ## $t6 = 80AE0000
/* 01D50 80AD8B20 25CE8EA4 */  addiu   $t6, $t6, %lo(D_80AD8EA4)  ## $t6 = 80AD8EA4
/* 01D54 80AD8B24 00AE8021 */  addu    $s0, $a1, $t6              
/* 01D58 80AD8B28 82020000 */  lb      $v0, 0x0000($s0)           ## 00000000
/* 01D5C 80AD8B2C 2401FFFF */  addiu   $at, $zero, 0xFFFF         ## $at = FFFFFFFF
/* 01D60 80AD8B30 8FB30038 */  lw      $s3, 0x0038($sp)           
/* 01D64 80AD8B34 10410006 */  beq     $v0, $at, .L80AD8B50       
/* 01D68 80AD8B38 00027880 */  sll     $t7, $v0,  2               
/* 01D6C 80AD8B3C 01E27823 */  subu    $t7, $t7, $v0              
/* 01D70 80AD8B40 000F7880 */  sll     $t7, $t7,  2               
/* 01D74 80AD8B44 026F2021 */  addu    $a0, $s3, $t7              
/* 01D78 80AD8B48 0C0606D4 */  jal     func_80181B50              
/* 01D7C 80AD8B4C 248402C8 */  addiu   $a0, $a0, 0x02C8           ## $a0 = 000002C8
.L80AD8B50:
/* 01D80 80AD8B50 3C1880AE */  lui     $t8, %hi(D_80AD8EA5)       ## $t8 = 80AE0000
/* 01D84 80AD8B54 27188EA5 */  addiu   $t8, $t8, %lo(D_80AD8EA5)  ## $t8 = 80AD8EA5
/* 01D88 80AD8B58 16180012 */  bne     $s0, $t8, .L80AD8BA4       
/* 01D8C 80AD8B5C 8FB30038 */  lw      $s3, 0x0038($sp)           
/* 01D90 80AD8B60 8E7900C8 */  lw      $t9, 0x00C8($s3)           ## 000000C8
/* 01D94 80AD8B64 17200003 */  bne     $t9, $zero, .L80AD8B74     
/* 01D98 80AD8B68 00000000 */  nop
/* 01D9C 80AD8B6C 0C0606D4 */  jal     func_80181B50              
/* 01DA0 80AD8B70 26640024 */  addiu   $a0, $s3, 0x0024           ## $a0 = 00000024
.L80AD8B74:
/* 01DA4 80AD8B74 3C1080AE */  lui     $s0, %hi(D_80AD8E68)       ## $s0 = 80AE0000
/* 01DA8 80AD8B78 26710304 */  addiu   $s1, $s3, 0x0304           ## $s1 = 00000304
/* 01DAC 80AD8B7C 26108E68 */  addiu   $s0, $s0, %lo(D_80AD8E68)  ## $s0 = 80AD8E68
/* 01DB0 80AD8B80 24130005 */  addiu   $s3, $zero, 0x0005         ## $s3 = 00000005
/* 01DB4 80AD8B84 00009025 */  or      $s2, $zero, $zero          ## $s2 = 00000000
.L80AD8B88:
/* 01DB8 80AD8B88 02002025 */  or      $a0, $s0, $zero            ## $a0 = 80AD8E68
/* 01DBC 80AD8B8C 0C0606A6 */  jal     func_80181A98              
/* 01DC0 80AD8B90 02202825 */  or      $a1, $s1, $zero            ## $a1 = 00000304
/* 01DC4 80AD8B94 26520001 */  addiu   $s2, $s2, 0x0001           ## $s2 = 00000001
/* 01DC8 80AD8B98 2610000C */  addiu   $s0, $s0, 0x000C           ## $s0 = 80AD8E74
/* 01DCC 80AD8B9C 1653FFFA */  bne     $s2, $s3, .L80AD8B88       
/* 01DD0 80AD8BA0 2631000C */  addiu   $s1, $s1, 0x000C           ## $s1 = 00000310
.L80AD8BA4:
/* 01DD4 80AD8BA4 8FBF0024 */  lw      $ra, 0x0024($sp)           
/* 01DD8 80AD8BA8 8FB00014 */  lw      $s0, 0x0014($sp)           
/* 01DDC 80AD8BAC 8FB10018 */  lw      $s1, 0x0018($sp)           
/* 01DE0 80AD8BB0 8FB2001C */  lw      $s2, 0x001C($sp)           
/* 01DE4 80AD8BB4 8FB30020 */  lw      $s3, 0x0020($sp)           
/* 01DE8 80AD8BB8 03E00008 */  jr      $ra                        
/* 01DEC 80AD8BBC 27BD0028 */  addiu   $sp, $sp, 0x0028           ## $sp = 00000000


glabel func_80AD8BC0
/* 01DF0 80AD8BC0 27BDFFB0 */  addiu   $sp, $sp, 0xFFB0           ## $sp = FFFFFFB0
/* 01DF4 80AD8BC4 AFB00028 */  sw      $s0, 0x0028($sp)           
/* 01DF8 80AD8BC8 00808025 */  or      $s0, $a0, $zero            ## $s0 = 00000000
/* 01DFC 80AD8BCC AFBF002C */  sw      $ra, 0x002C($sp)           
/* 01E00 80AD8BD0 AFA50054 */  sw      $a1, 0x0054($sp)           
/* 01E04 80AD8BD4 8E0E00C8 */  lw      $t6, 0x00C8($s0)           ## 000000C8
/* 01E08 80AD8BD8 27A40040 */  addiu   $a0, $sp, 0x0040           ## $a0 = FFFFFFF0
/* 01E0C 80AD8BDC 55C00004 */  bnel    $t6, $zero, .L80AD8BF0     
/* 01E10 80AD8BE0 8FAF0054 */  lw      $t7, 0x0054($sp)           
/* 01E14 80AD8BE4 0C03FD43 */  jal     func_800FF50C              
/* 01E18 80AD8BE8 26050024 */  addiu   $a1, $s0, 0x0024           ## $a1 = 00000024
/* 01E1C 80AD8BEC 8FAF0054 */  lw      $t7, 0x0054($sp)           
.L80AD8BF0:
/* 01E20 80AD8BF0 8DE40000 */  lw      $a0, 0x0000($t7)           ## 00000000
/* 01E24 80AD8BF4 0C04B0A3 */  jal     func_8012C28C              
/* 01E28 80AD8BF8 AFA4003C */  sw      $a0, 0x003C($sp)           
/* 01E2C 80AD8BFC 8FA5003C */  lw      $a1, 0x003C($sp)           
/* 01E30 80AD8C00 8CA302B0 */  lw      $v1, 0x02B0($a1)           ## 000002B0
/* 01E34 80AD8C04 3C19DB06 */  lui     $t9, 0xDB06                ## $t9 = DB060000
/* 01E38 80AD8C08 37390020 */  ori     $t9, $t9, 0x0020           ## $t9 = DB060020
/* 01E3C 80AD8C0C 24780008 */  addiu   $t8, $v1, 0x0008           ## $t8 = 00000008
/* 01E40 80AD8C10 ACB802B0 */  sw      $t8, 0x02B0($a1)           ## 000002B0
/* 01E44 80AD8C14 AC790000 */  sw      $t9, 0x0000($v1)           ## 00000000
/* 01E48 80AD8C18 9208029C */  lbu     $t0, 0x029C($s0)           ## 0000029C
/* 01E4C 80AD8C1C 3C0A80AE */  lui     $t2, %hi(D_80AD8E34)       ## $t2 = 80AE0000
/* 01E50 80AD8C20 3C0B80AE */  lui     $t3, %hi(func_80AD8A48)    ## $t3 = 80AE0000
/* 01E54 80AD8C24 00084880 */  sll     $t1, $t0,  2               
/* 01E58 80AD8C28 01495021 */  addu    $t2, $t2, $t1              
/* 01E5C 80AD8C2C 8D4A8E34 */  lw      $t2, %lo(D_80AD8E34)($t2)  
/* 01E60 80AD8C30 256B8A48 */  addiu   $t3, $t3, %lo(func_80AD8A48) ## $t3 = 80AD8A48
/* 01E64 80AD8C34 3C0C80AE */  lui     $t4, %hi(func_80AD8AF8)    ## $t4 = 80AE0000
/* 01E68 80AD8C38 AC6A0004 */  sw      $t2, 0x0004($v1)           ## 00000004
/* 01E6C 80AD8C3C 8E050148 */  lw      $a1, 0x0148($s0)           ## 00000148
/* 01E70 80AD8C40 8E060164 */  lw      $a2, 0x0164($s0)           ## 00000164
/* 01E74 80AD8C44 92070146 */  lbu     $a3, 0x0146($s0)           ## 00000146
/* 01E78 80AD8C48 258C8AF8 */  addiu   $t4, $t4, %lo(func_80AD8AF8) ## $t4 = 80AD8AF8
/* 01E7C 80AD8C4C AFAC0014 */  sw      $t4, 0x0014($sp)           
/* 01E80 80AD8C50 AFB00018 */  sw      $s0, 0x0018($sp)           
/* 01E84 80AD8C54 AFAB0010 */  sw      $t3, 0x0010($sp)           
/* 01E88 80AD8C58 0C04CFCA */  jal     func_80133F28              
/* 01E8C 80AD8C5C 8FA40054 */  lw      $a0, 0x0054($sp)           
/* 01E90 80AD8C60 C60402B4 */  lwc1    $f4, 0x02B4($s0)           ## 000002B4
/* 01E94 80AD8C64 8FA40054 */  lw      $a0, 0x0054($sp)           
/* 01E98 80AD8C68 02002825 */  or      $a1, $s0, $zero            ## $a1 = 00000000
/* 01E9C 80AD8C6C E7A40010 */  swc1    $f4, 0x0010($sp)           
/* 01EA0 80AD8C70 C60602B8 */  lwc1    $f6, 0x02B8($s0)           ## 000002B8
/* 01EA4 80AD8C74 260602C8 */  addiu   $a2, $s0, 0x02C8           ## $a2 = 000002C8
/* 01EA8 80AD8C78 2407000A */  addiu   $a3, $zero, 0x000A         ## $a3 = 0000000A
/* 01EAC 80AD8C7C E7A60014 */  swc1    $f6, 0x0014($sp)           
/* 01EB0 80AD8C80 C60802B0 */  lwc1    $f8, 0x02B0($s0)           ## 000002B0
/* 01EB4 80AD8C84 E7A80018 */  swc1    $f8, 0x0018($sp)           
/* 01EB8 80AD8C88 920D029D */  lbu     $t5, 0x029D($s0)           ## 0000029D
/* 01EBC 80AD8C8C 0C02F9A0 */  jal     func_800BE680              
/* 01EC0 80AD8C90 AFAD001C */  sw      $t5, 0x001C($sp)           
/* 01EC4 80AD8C94 8E0E00C8 */  lw      $t6, 0x00C8($s0)           ## 000000C8
/* 01EC8 80AD8C98 02002025 */  or      $a0, $s0, $zero            ## $a0 = 00000000
/* 01ECC 80AD8C9C 00002825 */  or      $a1, $zero, $zero          ## $a1 = 00000000
/* 01ED0 80AD8CA0 15C0000D */  bne     $t6, $zero, .L80AD8CD8     
/* 01ED4 80AD8CA4 8FA60054 */  lw      $a2, 0x0054($sp)           
/* 01ED8 80AD8CA8 260F0024 */  addiu   $t7, $s0, 0x0024           ## $t7 = 00000024
/* 01EDC 80AD8CAC 0C02CFF0 */  jal     func_800B3FC0              
/* 01EE0 80AD8CB0 AFAF0030 */  sw      $t7, 0x0030($sp)           
/* 01EE4 80AD8CB4 02002025 */  or      $a0, $s0, $zero            ## $a0 = 00000000
/* 01EE8 80AD8CB8 0C02D9D7 */  jal     func_800B675C              
/* 01EEC 80AD8CBC 3C0541C8 */  lui     $a1, 0x41C8                ## $a1 = 41C80000
/* 01EF0 80AD8CC0 02002025 */  or      $a0, $s0, $zero            ## $a0 = 00000000
/* 01EF4 80AD8CC4 0C039F7E */  jal     func_800E7DF8              
/* 01EF8 80AD8CC8 26050340 */  addiu   $a1, $s0, 0x0340           ## $a1 = 00000340
/* 01EFC 80AD8CCC 8FA40030 */  lw      $a0, 0x0030($sp)           
/* 01F00 80AD8CD0 0C03FD43 */  jal     func_800FF50C              
/* 01F04 80AD8CD4 27A50040 */  addiu   $a1, $sp, 0x0040           ## $a1 = FFFFFFF0
.L80AD8CD8:
/* 01F08 80AD8CD8 8FBF002C */  lw      $ra, 0x002C($sp)           
/* 01F0C 80AD8CDC 8FB00028 */  lw      $s0, 0x0028($sp)           
/* 01F10 80AD8CE0 27BD0050 */  addiu   $sp, $sp, 0x0050           ## $sp = 00000000
/* 01F14 80AD8CE4 03E00008 */  jr      $ra                        
/* 01F18 80AD8CE8 00000000 */  nop


glabel func_80AD8CEC
/* 01F1C 80AD8CEC 27BDFFE8 */  addiu   $sp, $sp, 0xFFE8           ## $sp = FFFFFFE8
/* 01F20 80AD8CF0 AFBF0014 */  sw      $ra, 0x0014($sp)           
/* 01F24 80AD8CF4 AFA40018 */  sw      $a0, 0x0018($sp)           
/* 01F28 80AD8CF8 AFA60020 */  sw      $a2, 0x0020($sp)           
/* 01F2C 80AD8CFC 24010001 */  addiu   $at, $zero, 0x0001         ## $at = 00000001
/* 01F30 80AD8D00 14A10005 */  bne     $a1, $at, .L80AD8D18       
/* 01F34 80AD8D04 3C01442F */  lui     $at, 0x442F                ## $at = 442F0000
/* 01F38 80AD8D08 44813000 */  mtc1    $at, $f6                   ## $f6 = 700.00
/* 01F3C 80AD8D0C C4E40004 */  lwc1    $f4, 0x0004($a3)           ## 00000004
/* 01F40 80AD8D10 46062201 */  sub.s   $f8, $f4, $f6              
/* 01F44 80AD8D14 E4E80004 */  swc1    $f8, 0x0004($a3)           ## 00000004
.L80AD8D18:
/* 01F48 80AD8D18 8FA2002C */  lw      $v0, 0x002C($sp)           
/* 01F4C 80AD8D1C 3C013F80 */  lui     $at, 0x3F80                ## $at = 3F800000
/* 01F50 80AD8D20 44816000 */  mtc1    $at, $f12                  ## $f12 = 1.00
/* 01F54 80AD8D24 C44E02AC */  lwc1    $f14, 0x02AC($v0)          ## 000002AC
/* 01F58 80AD8D28 24010003 */  addiu   $at, $zero, 0x0003         ## $at = 00000003
/* 01F5C 80AD8D2C 460E6032 */  c.eq.s  $f12, $f14                 
/* 01F60 80AD8D30 00000000 */  nop
/* 01F64 80AD8D34 45030007 */  bc1tl   .L80AD8D54                 
/* 01F68 80AD8D38 00001025 */  or      $v0, $zero, $zero          ## $v0 = 00000000
/* 01F6C 80AD8D3C 54A10005 */  bnel    $a1, $at, .L80AD8D54       
/* 01F70 80AD8D40 00001025 */  or      $v0, $zero, $zero          ## $v0 = 00000000
/* 01F74 80AD8D44 44067000 */  mfc1    $a2, $f14                  
/* 01F78 80AD8D48 0C0600E7 */  jal     func_8018039C              
/* 01F7C 80AD8D4C 24070001 */  addiu   $a3, $zero, 0x0001         ## $a3 = 00000001
/* 01F80 80AD8D50 00001025 */  or      $v0, $zero, $zero          ## $v0 = 00000000
.L80AD8D54:
/* 01F84 80AD8D54 8FBF0014 */  lw      $ra, 0x0014($sp)           
/* 01F88 80AD8D58 27BD0018 */  addiu   $sp, $sp, 0x0018           ## $sp = 00000000
/* 01F8C 80AD8D5C 03E00008 */  jr      $ra                        
/* 01F90 80AD8D60 00000000 */  nop


glabel func_80AD8D64
/* 01F94 80AD8D64 27BDFFD8 */  addiu   $sp, $sp, 0xFFD8           ## $sp = FFFFFFD8
/* 01F98 80AD8D68 AFBF0024 */  sw      $ra, 0x0024($sp)           
/* 01F9C 80AD8D6C AFA40028 */  sw      $a0, 0x0028($sp)           
/* 01FA0 80AD8D70 AFA5002C */  sw      $a1, 0x002C($sp)           
/* 01FA4 80AD8D74 8FAE002C */  lw      $t6, 0x002C($sp)           
/* 01FA8 80AD8D78 0C04B0A3 */  jal     func_8012C28C              
/* 01FAC 80AD8D7C 8DC40000 */  lw      $a0, 0x0000($t6)           ## 00000000
/* 01FB0 80AD8D80 8FA20028 */  lw      $v0, 0x0028($sp)           
/* 01FB4 80AD8D84 3C0F80AE */  lui     $t7, %hi(func_80AD8CEC)    ## $t7 = 80AE0000
/* 01FB8 80AD8D88 25EF8CEC */  addiu   $t7, $t7, %lo(func_80AD8CEC) ## $t7 = 80AD8CEC
/* 01FBC 80AD8D8C 8C450228 */  lw      $a1, 0x0228($v0)           ## 00000228
/* 01FC0 80AD8D90 8C460244 */  lw      $a2, 0x0244($v0)           ## 00000244
/* 01FC4 80AD8D94 90470226 */  lbu     $a3, 0x0226($v0)           ## 00000226
/* 01FC8 80AD8D98 AFA00014 */  sw      $zero, 0x0014($sp)         
/* 01FCC 80AD8D9C AFAF0010 */  sw      $t7, 0x0010($sp)           
/* 01FD0 80AD8DA0 8FA4002C */  lw      $a0, 0x002C($sp)           
/* 01FD4 80AD8DA4 0C04CFCA */  jal     func_80133F28              
/* 01FD8 80AD8DA8 AFA20018 */  sw      $v0, 0x0018($sp)           
/* 01FDC 80AD8DAC 8FBF0024 */  lw      $ra, 0x0024($sp)           
/* 01FE0 80AD8DB0 27BD0028 */  addiu   $sp, $sp, 0x0028           ## $sp = 00000000
/* 01FE4 80AD8DB4 03E00008 */  jr      $ra                        
/* 01FE8 80AD8DB8 00000000 */  nop
/* 01FEC 80AD8DBC 00000000 */  nop

.section .data

D_80AD8DC0: .word 0x01BA0500, 0x00000405, 0x01A60000, 0x0000038C
.word func_80AD6DD0
.word func_80AD6F08
.word func_80AD881C
.word func_80AD8BC0
D_80AD8DE0: .word \
0x0C100D39, 0x10010000, 0x00000000, 0xF7CFFFFF, \
0x00040000, 0xF7CF7FFF, 0x00000000, 0x01050100, \
0x00230028, 0x00000000, 0x00000000
D_80AD8E0C: .word 0x0300000F, 0x001E5000
D_80AD8E14: .word \
0x100101F1, 0x010100D0, 0x0101F022, 0x32420110, \
0x01E21050, 0x00000101, 0x01000000, 0x000000F1
D_80AD8E34: .word 0x060055A0, 0x060057A0, 0x060059A0, 0x060057A0
D_80AD8E44: .word 0x891F0001, 0xB074FFFF, 0x30540DAC
D_80AD8E50: .word 0x00000000
D_80AD8E54: .word 0xFAFAFAFF
D_80AD8E58: .word 0xB4B4B4FF
D_80AD8E5C: .word 0x00000000, 0x3F400000, 0x00000000
D_80AD8E68: .word \
0x44BB8000, 0x00000000, 0xC4FA0000, 0x44BB8000, \
0x00000000, 0x44FA0000, 0x44BB8000, 0x44FA0000, \
0x00000000, 0x44BB8000, 0xC4FA0000, 0x00000000, \
0x451C4000, 0x00000000, 0x00000000
D_80AD8EA4: .byte 0xFF
D_80AD8EA5: .byte \
0xFF, 0xFF, 0x00, 0xFF, 0xFF, 0x01, 0xFF, 0x02, 0xFF, 0x03, 0xFF, 0x04, 0x00, 0x00, 0x00, 0x00, \
0x00, 0x00, 0x00, 0x00, 0x00, 0x00, 0x00, 0x00, 0x00, 0x00, 0x00

.section .rodata

D_80AD8EC0: .word 0x3D4CCCCD
D_80AD8EC4: .word 0x3F19999A
D_80AD8EC8: .word 0x3F666667
D_80AD8ECC: .word 0x3E99999A
D_80AD8ED0: .word 0x3E4CCCCD
D_80AD8ED4: .word 0x3E6EEEEF
D_80AD8ED8: .word 0x3DAAAAAB
D_80AD8EDC: .word 0x3A2D8F30
D_80AD8EE0: .word 0x3DE1A08B
D_80AD8EE4: .word 0x3E4CCCCD
D_80AD8EE8: .word 0x3F8CCCCD
D_80AD8EEC: .word 0x3DB851EC
D_80AD8EF0: .word 0x3DB851EC
D_80AD8EF4: .word 0x3DCCCCCD
D_80AD8EF8: .word 0x3DCCCCCD
D_80AD8EFC: .word 0x3E2AAAAB
D_80AD8F00: .word 0x3E4CCCCD
D_80AD8F04: .word 0x3DCCCCCD
D_80AD8F08: .word 0x3D924925
D_80AD8F0C: .word 0x3A83126F
D_80AD8F10: .word 0x3F19999A
D_80AD8F14: .word 0x3F19999A
D_80AD8F18: .word 0x3F19999A
D_80AD8F1C: .word 0x471C4000
D_80AD8F20: .word 0x3F19999A
D_80AD8F24: .word 0x3E99999A
D_80AD8F28: .word 0x3F19999A, 0x00000000


.section .rodata
D_80AD8F30:
.incbin "baserom/En_Kame", 0x2160, 0x00000310
