.include "macro.inc"

# assembler directives
.set noat      # allow manual use of $at
.set noreorder # don't insert nops after branches
.set gp=64     # allow use of 64-bit general purpose registers

.section .text
glabel func_80865990
/* 00000 80865990 27BDFFC0 */  addiu   $sp, $sp, 0xFFC0           ## $sp = FFFFFFC0
/* 00004 80865994 AFB00028 */  sw      $s0, 0x0028($sp)           
/* 00008 80865998 00808025 */  or      $s0, $a0, $zero            ## $s0 = 00000000
/* 0000C 8086599C AFBF002C */  sw      $ra, 0x002C($sp)           
/* 00010 808659A0 AFA50044 */  sw      $a1, 0x0044($sp)           
/* 00014 808659A4 8603001C */  lh      $v1, 0x001C($s0)           ## 0000001C
/* 00018 808659A8 3C0F801F */  lui     $t7, 0x801F                ## $t7 = 801F0000
/* 0001C 808659AC 306E4000 */  andi    $t6, $v1, 0x4000           ## $t6 = 00000000
/* 00020 808659B0 55C0004D */  bnel    $t6, $zero, .L80865AE8     
/* 00024 808659B4 306E000F */  andi    $t6, $v1, 0x000F           ## $t6 = 00000000
/* 00028 808659B8 8DEF3318 */  lw      $t7, 0x3318($t7)           ## 801F3318
/* 0002C 808659BC 24010003 */  addiu   $at, $zero, 0x0003         ## $at = 00000003
/* 00030 808659C0 30782000 */  andi    $t8, $v1, 0x2000           ## $t8 = 00000000
/* 00034 808659C4 11E10003 */  beq     $t7, $at, .L808659D4       
/* 00038 808659C8 2604014C */  addiu   $a0, $s0, 0x014C           ## $a0 = 0000014C
/* 0003C 808659CC 13000021 */  beq     $t8, $zero, .L80865A54     
/* 00040 808659D0 240900FF */  addiu   $t1, $zero, 0x00FF         ## $t1 = 000000FF
.L808659D4:
/* 00044 808659D4 04610003 */  bgez    $v1, .L808659E4            
/* 00048 808659D8 240B00FF */  addiu   $t3, $zero, 0x00FF         ## $t3 = 000000FF
/* 0004C 808659DC 10000002 */  beq     $zero, $zero, .L808659E8   
/* 00050 808659E0 24020001 */  addiu   $v0, $zero, 0x0001         ## $v0 = 00000001
.L808659E4:
/* 00054 808659E4 24020028 */  addiu   $v0, $zero, 0x0028         ## $v0 = 00000028
.L808659E8:
/* 00058 808659E8 C6080028 */  lwc1    $f8, 0x0028($s0)           ## 00000028
/* 0005C 808659EC C6040024 */  lwc1    $f4, 0x0024($s0)           ## 00000024
/* 00060 808659F0 C610002C */  lwc1    $f16, 0x002C($s0)          ## 0000002C
/* 00064 808659F4 4600428D */  trunc.w.s $f10, $f8                  
/* 00068 808659F8 240C00FF */  addiu   $t4, $zero, 0x00FF         ## $t4 = 000000FF
/* 0006C 808659FC 240D00B4 */  addiu   $t5, $zero, 0x00B4         ## $t5 = 000000B4
/* 00070 80865A00 4600218D */  trunc.w.s $f6, $f4                   
/* 00074 80865A04 44095000 */  mfc1    $t1, $f10                  
/* 00078 80865A08 240EFFFF */  addiu   $t6, $zero, 0xFFFF         ## $t6 = FFFFFFFF
/* 0007C 80865A0C 4600848D */  trunc.w.s $f18, $f16                 
/* 00080 80865A10 44053000 */  mfc1    $a1, $f6                   
/* 00084 80865A14 00493021 */  addu    $a2, $v0, $t1              
/* 00088 80865A18 00063400 */  sll     $a2, $a2, 16               
/* 0008C 80865A1C 44079000 */  mfc1    $a3, $f18                  
/* 00090 80865A20 00052C00 */  sll     $a1, $a1, 16               
/* 00094 80865A24 00052C03 */  sra     $a1, $a1, 16               
/* 00098 80865A28 00073C00 */  sll     $a3, $a3, 16               
/* 0009C 80865A2C 00073C03 */  sra     $a3, $a3, 16               
/* 000A0 80865A30 00063403 */  sra     $a2, $a2, 16               
/* 000A4 80865A34 AFAE001C */  sw      $t6, 0x001C($sp)           
/* 000A8 80865A38 AFAD0018 */  sw      $t5, 0x0018($sp)           
/* 000AC 80865A3C AFAC0014 */  sw      $t4, 0x0014($sp)           
/* 000B0 80865A40 AFA40030 */  sw      $a0, 0x0030($sp)           
/* 000B4 80865A44 0C04067F */  jal     func_801019FC              
/* 000B8 80865A48 AFAB0010 */  sw      $t3, 0x0010($sp)           
/* 000BC 80865A4C 10000020 */  beq     $zero, $zero, .L80865AD0   
/* 000C0 80865A50 8FA40044 */  lw      $a0, 0x0044($sp)           
.L80865A54:
/* 000C4 80865A54 04610003 */  bgez    $v1, .L80865A64            
/* 000C8 80865A58 2604014C */  addiu   $a0, $s0, 0x014C           ## $a0 = 0000014C
/* 000CC 80865A5C 10000002 */  beq     $zero, $zero, .L80865A68   
/* 000D0 80865A60 24020001 */  addiu   $v0, $zero, 0x0001         ## $v0 = 00000001
.L80865A64:
/* 000D4 80865A64 24020028 */  addiu   $v0, $zero, 0x0028         ## $v0 = 00000028
.L80865A68:
/* 000D8 80865A68 C6080028 */  lwc1    $f8, 0x0028($s0)           ## 00000028
/* 000DC 80865A6C C6040024 */  lwc1    $f4, 0x0024($s0)           ## 00000024
/* 000E0 80865A70 C610002C */  lwc1    $f16, 0x002C($s0)          ## 0000002C
/* 000E4 80865A74 4600428D */  trunc.w.s $f10, $f8                  
/* 000E8 80865A78 240A00FF */  addiu   $t2, $zero, 0x00FF         ## $t2 = 000000FF
/* 000EC 80865A7C 240B00B4 */  addiu   $t3, $zero, 0x00B4         ## $t3 = 000000B4
/* 000F0 80865A80 4600218D */  trunc.w.s $f6, $f4                   
/* 000F4 80865A84 44195000 */  mfc1    $t9, $f10                  
/* 000F8 80865A88 240CFFFF */  addiu   $t4, $zero, 0xFFFF         ## $t4 = FFFFFFFF
/* 000FC 80865A8C 4600848D */  trunc.w.s $f18, $f16                 
/* 00100 80865A90 44053000 */  mfc1    $a1, $f6                   
/* 00104 80865A94 00593021 */  addu    $a2, $v0, $t9              
/* 00108 80865A98 00063400 */  sll     $a2, $a2, 16               
/* 0010C 80865A9C 44079000 */  mfc1    $a3, $f18                  
/* 00110 80865AA0 00052C00 */  sll     $a1, $a1, 16               
/* 00114 80865AA4 00052C03 */  sra     $a1, $a1, 16               
/* 00118 80865AA8 00073C00 */  sll     $a3, $a3, 16               
/* 0011C 80865AAC 00073C03 */  sra     $a3, $a3, 16               
/* 00120 80865AB0 00063403 */  sra     $a2, $a2, 16               
/* 00124 80865AB4 AFAC001C */  sw      $t4, 0x001C($sp)           
/* 00128 80865AB8 AFAB0018 */  sw      $t3, 0x0018($sp)           
/* 0012C 80865ABC AFAA0014 */  sw      $t2, 0x0014($sp)           
/* 00130 80865AC0 AFA40030 */  sw      $a0, 0x0030($sp)           
/* 00134 80865AC4 0C040698 */  jal     func_80101A60              
/* 00138 80865AC8 AFA90010 */  sw      $t1, 0x0010($sp)           
/* 0013C 80865ACC 8FA40044 */  lw      $a0, 0x0044($sp)           
.L80865AD0:
/* 00140 80865AD0 8FA60030 */  lw      $a2, 0x0030($sp)           
/* 00144 80865AD4 0C040989 */  jal     func_80102624              
/* 00148 80865AD8 24850818 */  addiu   $a1, $a0, 0x0818           ## $a1 = 00000818
/* 0014C 80865ADC AE020148 */  sw      $v0, 0x0148($s0)           ## 00000148
/* 00150 80865AE0 8603001C */  lh      $v1, 0x001C($s0)           ## 0000001C
/* 00154 80865AE4 306E000F */  andi    $t6, $v1, 0x000F           ## $t6 = 00000000
.L80865AE8:
/* 00158 80865AE8 000E78C0 */  sll     $t7, $t6,  3               
/* 0015C 80865AEC 3C188086 */  lui     $t8, %hi(D_808666D7)       ## $t8 = 80860000
/* 00160 80865AF0 030FC021 */  addu    $t8, $t8, $t7              
/* 00164 80865AF4 931866D7 */  lbu     $t8, %lo(D_808666D7)($t8)  
/* 00168 80865AF8 02002025 */  or      $a0, $s0, $zero            ## $a0 = 00000000
/* 0016C 80865AFC 3C014F80 */  lui     $at, 0x4F80                ## $at = 4F800000
/* 00170 80865B00 44982000 */  mtc1    $t8, $f4                   ## $f4 = -0.00
/* 00174 80865B04 07010004 */  bgez    $t8, .L80865B18            
/* 00178 80865B08 468021A0 */  cvt.s.w $f6, $f4                   
/* 0017C 80865B0C 44814000 */  mtc1    $at, $f8                   ## $f8 = 4294967296.00
/* 00180 80865B10 00000000 */  nop
/* 00184 80865B14 46083180 */  add.s   $f6, $f6, $f8              
.L80865B18:
/* 00188 80865B18 3C018086 */  lui     $at, %hi(D_80866750)       ## $at = 80860000
/* 0018C 80865B1C C42A6750 */  lwc1    $f10, %lo(D_80866750)($at) 
/* 00190 80865B20 460A3402 */  mul.s   $f16, $f6, $f10            
/* 00194 80865B24 44058000 */  mfc1    $a1, $f16                  
/* 00198 80865B28 0C02D9F8 */  jal     func_800B67E0              
/* 0019C 80865B2C 00000000 */  nop
/* 001A0 80865B30 0C021BF7 */  jal     func_80086FDC              
/* 001A4 80865B34 00000000 */  nop
/* 001A8 80865B38 3C01437F */  lui     $at, 0x437F                ## $at = 437F0000
/* 001AC 80865B3C 44819000 */  mtc1    $at, $f18                  ## $f18 = 255.00
/* 001B0 80865B40 8603001C */  lh      $v1, 0x001C($s0)           ## 0000001C
/* 001B4 80865B44 3C0A8086 */  lui     $t2, %hi(func_80865F38)    ## $t2 = 80860000
/* 001B8 80865B48 46120102 */  mul.s   $f4, $f0, $f18             
/* 001BC 80865B4C 30690800 */  andi    $t1, $v1, 0x0800           ## $t1 = 00000000
/* 001C0 80865B50 254A5F38 */  addiu   $t2, $t2, %lo(func_80865F38) ## $t2 = 80865F38
/* 001C4 80865B54 306B1000 */  andi    $t3, $v1, 0x1000           ## $t3 = 00000000
/* 001C8 80865B58 306C2000 */  andi    $t4, $v1, 0x2000           ## $t4 = 00000000
/* 001CC 80865B5C 4600220D */  trunc.w.s $f8, $f4                   
/* 001D0 80865B60 44084000 */  mfc1    $t0, $f8                   
/* 001D4 80865B64 1120000D */  beq     $t1, $zero, .L80865B9C     
/* 001D8 80865B68 A2080144 */  sb      $t0, 0x0144($s0)           ## 00000144
/* 001DC 80865B6C 1160000E */  beq     $t3, $zero, .L80865BA8     
/* 001E0 80865B70 AE0A0138 */  sw      $t2, 0x0138($s0)           ## 00000138
/* 001E4 80865B74 306507F0 */  andi    $a1, $v1, 0x07F0           ## $a1 = 00000000
/* 001E8 80865B78 00052903 */  sra     $a1, $a1,  4               
/* 001EC 80865B7C 0C02D6EC */  jal     func_800B5BB0              
/* 001F0 80865B80 8FA40044 */  lw      $a0, 0x0044($sp)           
/* 001F4 80865B84 10400008 */  beq     $v0, $zero, .L80865BA8     
/* 001F8 80865B88 02002025 */  or      $a0, $s0, $zero            ## $a0 = 00000000
/* 001FC 80865B8C 0C02D9F8 */  jal     func_800B67E0              
/* 00200 80865B90 24050000 */  addiu   $a1, $zero, 0x0000         ## $a1 = 00000000
/* 00204 80865B94 10000005 */  beq     $zero, $zero, .L80865BAC   
/* 00208 80865B98 8FBF002C */  lw      $ra, 0x002C($sp)           
.L80865B9C:
/* 0020C 80865B9C 51800003 */  beql    $t4, $zero, .L80865BAC     
/* 00210 80865BA0 8FBF002C */  lw      $ra, 0x002C($sp)           
/* 00214 80865BA4 AE00013C */  sw      $zero, 0x013C($s0)         ## 0000013C
.L80865BA8:
/* 00218 80865BA8 8FBF002C */  lw      $ra, 0x002C($sp)           
.L80865BAC:
/* 0021C 80865BAC 8FB00028 */  lw      $s0, 0x0028($sp)           
/* 00220 80865BB0 27BD0040 */  addiu   $sp, $sp, 0x0040           ## $sp = 00000000
/* 00224 80865BB4 03E00008 */  jr      $ra                        
/* 00228 80865BB8 00000000 */  nop


glabel func_80865BBC
/* 0022C 80865BBC 27BDFFE8 */  addiu   $sp, $sp, 0xFFE8           ## $sp = FFFFFFE8
/* 00230 80865BC0 AFBF0014 */  sw      $ra, 0x0014($sp)           
/* 00234 80865BC4 AFA5001C */  sw      $a1, 0x001C($sp)           
/* 00238 80865BC8 00803825 */  or      $a3, $a0, $zero            ## $a3 = 00000000
/* 0023C 80865BCC 84EE001C */  lh      $t6, 0x001C($a3)           ## 0000001C
/* 00240 80865BD0 8FA4001C */  lw      $a0, 0x001C($sp)           
/* 00244 80865BD4 31CF4000 */  andi    $t7, $t6, 0x4000           ## $t7 = 00000000
/* 00248 80865BD8 15E00003 */  bne     $t7, $zero, .L80865BE8     
/* 0024C 80865BDC 24850818 */  addiu   $a1, $a0, 0x0818           ## $a1 = 00000818
/* 00250 80865BE0 0C0409A1 */  jal     func_80102684              
/* 00254 80865BE4 8CE60148 */  lw      $a2, 0x0148($a3)           ## 00000148
.L80865BE8:
/* 00258 80865BE8 8FBF0014 */  lw      $ra, 0x0014($sp)           
/* 0025C 80865BEC 27BD0018 */  addiu   $sp, $sp, 0x0018           ## $sp = 00000000
/* 00260 80865BF0 03E00008 */  jr      $ra                        
/* 00264 80865BF4 00000000 */  nop


glabel func_80865BF8
/* 00268 80865BF8 27BDFFE8 */  addiu   $sp, $sp, 0xFFE8           ## $sp = FFFFFFE8
/* 0026C 80865BFC AFBF0014 */  sw      $ra, 0x0014($sp)           
/* 00270 80865C00 00803025 */  or      $a2, $a0, $zero            ## $a2 = 00000000
/* 00274 80865C04 84AE0810 */  lh      $t6, 0x0810($a1)           ## 00000810
/* 00278 80865C08 000E7880 */  sll     $t7, $t6,  2               
/* 0027C 80865C0C 00AFC021 */  addu    $t8, $a1, $t7              
/* 00280 80865C10 8F040800 */  lw      $a0, 0x0800($t8)           ## 00000800
/* 00284 80865C14 0C037F37 */  jal     func_800DFCDC              
/* 00288 80865C18 AFA60018 */  sw      $a2, 0x0018($sp)           
/* 0028C 80865C1C 8FA60018 */  lw      $a2, 0x0018($sp)           
/* 00290 80865C20 34018000 */  ori     $at, $zero, 0x8000         ## $at = 00008000
/* 00294 80865C24 0041C821 */  addu    $t9, $v0, $at              
/* 00298 80865C28 8CC30120 */  lw      $v1, 0x0120($a2)           ## 00000120
/* 0029C 80865C2C A4D900BE */  sh      $t9, 0x00BE($a2)           ## 000000BE
/* 002A0 80865C30 24C40024 */  addiu   $a0, $a2, 0x0024           ## $a0 = 00000024
/* 002A4 80865C34 10600009 */  beq     $v1, $zero, .L80865C5C     
/* 002A8 80865C38 24650024 */  addiu   $a1, $v1, 0x0024           ## $a1 = 00000024
/* 002AC 80865C3C 0C03FD43 */  jal     func_800FF50C              
/* 002B0 80865C40 AFA60018 */  sw      $a2, 0x0018($sp)           
/* 002B4 80865C44 8FA60018 */  lw      $a2, 0x0018($sp)           
/* 002B8 80865C48 3C014188 */  lui     $at, 0x4188                ## $at = 41880000
/* 002BC 80865C4C 44813000 */  mtc1    $at, $f6                   ## $f6 = 17.00
/* 002C0 80865C50 C4C40028 */  lwc1    $f4, 0x0028($a2)           ## 00000028
/* 002C4 80865C54 46062200 */  add.s   $f8, $f4, $f6              
/* 002C8 80865C58 E4C80028 */  swc1    $f8, 0x0028($a2)           ## 00000028
.L80865C5C:
/* 002CC 80865C5C 90C80144 */  lbu     $t0, 0x0144($a2)           ## 00000144
/* 002D0 80865C60 25090001 */  addiu   $t1, $t0, 0x0001           ## $t1 = 00000001
/* 002D4 80865C64 A0C90144 */  sb      $t1, 0x0144($a2)           ## 00000144
/* 002D8 80865C68 8FBF0014 */  lw      $ra, 0x0014($sp)           
/* 002DC 80865C6C 03E00008 */  jr      $ra                        
/* 002E0 80865C70 27BD0018 */  addiu   $sp, $sp, 0x0018           ## $sp = 00000000


glabel func_80865C74
/* 002E4 80865C74 27BDFFD0 */  addiu   $sp, $sp, 0xFFD0           ## $sp = FFFFFFD0
/* 002E8 80865C78 AFB00020 */  sw      $s0, 0x0020($sp)           
/* 002EC 80865C7C 00808025 */  or      $s0, $a0, $zero            ## $s0 = 00000000
/* 002F0 80865C80 AFBF0024 */  sw      $ra, 0x0024($sp)           
/* 002F4 80865C84 AFA50034 */  sw      $a1, 0x0034($sp)           
/* 002F8 80865C88 8602001C */  lh      $v0, 0x001C($s0)           ## 0000001C
/* 002FC 80865C8C 3C198086 */  lui     $t9, %hi(D_808666D0)       ## $t9 = 80860000
/* 00300 80865C90 273966D0 */  addiu   $t9, $t9, %lo(D_808666D0)  ## $t9 = 808666D0
/* 00304 80865C94 304E4000 */  andi    $t6, $v0, 0x4000           ## $t6 = 00000000
/* 00308 80865C98 15C00098 */  bne     $t6, $zero, .L80865EFC     
/* 0030C 80865C9C 304F000F */  andi    $t7, $v0, 0x000F           ## $t7 = 00000000
/* 00310 80865CA0 000FC0C0 */  sll     $t8, $t7,  3               
/* 00314 80865CA4 03194021 */  addu    $t0, $t8, $t9              
/* 00318 80865CA8 0C021BF7 */  jal     func_80086FDC              
/* 0031C 80865CAC AFA80028 */  sw      $t0, 0x0028($sp)           
/* 00320 80865CB0 3C013F00 */  lui     $at, 0x3F00                ## $at = 3F000000
/* 00324 80865CB4 44816000 */  mtc1    $at, $f12                  ## $f12 = 0.50
/* 00328 80865CB8 8602001C */  lh      $v0, 0x001C($s0)           ## 0000001C
/* 0032C 80865CBC 8FA80028 */  lw      $t0, 0x0028($sp)           
/* 00330 80865CC0 460C0102 */  mul.s   $f4, $f0, $f12             
/* 00334 80865CC4 30492000 */  andi    $t1, $v0, 0x2000           ## $t1 = 00000000
/* 00338 80865CC8 04410003 */  bgez    $v0, .L80865CD8            
/* 0033C 80865CCC 460C2080 */  add.s   $f2, $f4, $f12             
/* 00340 80865CD0 10000006 */  beq     $zero, $zero, .L80865CEC   
/* 00344 80865CD4 24020064 */  addiu   $v0, $zero, 0x0064         ## $v0 = 00000064
.L80865CD8:
/* 00348 80865CD8 11200003 */  beq     $t1, $zero, .L80865CE8     
/* 0034C 80865CDC 2403012C */  addiu   $v1, $zero, 0x012C         ## $v1 = 0000012C
/* 00350 80865CE0 10000001 */  beq     $zero, $zero, .L80865CE8   
/* 00354 80865CE4 240302DA */  addiu   $v1, $zero, 0x02DA         ## $v1 = 000002DA
.L80865CE8:
/* 00358 80865CE8 00601025 */  or      $v0, $v1, $zero            ## $v0 = 000002DA
.L80865CEC:
/* 0035C 80865CEC 910A0000 */  lbu     $t2, 0x0000($t0)           ## 00000000
/* 00360 80865CF0 2604014C */  addiu   $a0, $s0, 0x014C           ## $a0 = 0000014C
/* 00364 80865CF4 3C014F80 */  lui     $at, 0x4F80                ## $at = 4F800000
/* 00368 80865CF8 448A3000 */  mtc1    $t2, $f6                   ## $f6 = 0.00
/* 0036C 80865CFC 05410004 */  bgez    $t2, .L80865D10            
/* 00370 80865D00 46803220 */  cvt.s.w $f8, $f6                   
/* 00374 80865D04 44815000 */  mtc1    $at, $f10                  ## $f10 = 4294967296.00
/* 00378 80865D08 00000000 */  nop
/* 0037C 80865D0C 460A4200 */  add.s   $f8, $f8, $f10             
.L80865D10:
/* 00380 80865D10 46024402 */  mul.s   $f16, $f8, $f2             
/* 00384 80865D14 24050001 */  addiu   $a1, $zero, 0x0001         ## $a1 = 00000001
/* 00388 80865D18 3C014F00 */  lui     $at, 0x4F00                ## $at = 4F000000
/* 0038C 80865D1C 444BF800 */  cfc1    $t3, $f31                  
/* 00390 80865D20 44C5F800 */  ctc1    $a1, $f31                  
/* 00394 80865D24 00000000 */  nop
/* 00398 80865D28 460084A4 */  cvt.w.s $f18, $f16                 
/* 0039C 80865D2C 4445F800 */  cfc1    $a1, $f31                  
/* 003A0 80865D30 00000000 */  nop
/* 003A4 80865D34 30A50078 */  andi    $a1, $a1, 0x0078           ## $a1 = 00000000
/* 003A8 80865D38 50A00013 */  beql    $a1, $zero, .L80865D88     
/* 003AC 80865D3C 44059000 */  mfc1    $a1, $f18                  
/* 003B0 80865D40 44819000 */  mtc1    $at, $f18                  ## $f18 = 2147483648.00
/* 003B4 80865D44 24050001 */  addiu   $a1, $zero, 0x0001         ## $a1 = 00000001
/* 003B8 80865D48 46128481 */  sub.s   $f18, $f16, $f18           
/* 003BC 80865D4C 44C5F800 */  ctc1    $a1, $f31                  
/* 003C0 80865D50 00000000 */  nop
/* 003C4 80865D54 460094A4 */  cvt.w.s $f18, $f18                 
/* 003C8 80865D58 4445F800 */  cfc1    $a1, $f31                  
/* 003CC 80865D5C 00000000 */  nop
/* 003D0 80865D60 30A50078 */  andi    $a1, $a1, 0x0078           ## $a1 = 00000000
/* 003D4 80865D64 14A00005 */  bne     $a1, $zero, .L80865D7C     
/* 003D8 80865D68 00000000 */  nop
/* 003DC 80865D6C 44059000 */  mfc1    $a1, $f18                  
/* 003E0 80865D70 3C018000 */  lui     $at, 0x8000                ## $at = 80000000
/* 003E4 80865D74 10000007 */  beq     $zero, $zero, .L80865D94   
/* 003E8 80865D78 00A12825 */  or      $a1, $a1, $at              ## $a1 = 80000000
.L80865D7C:
/* 003EC 80865D7C 10000005 */  beq     $zero, $zero, .L80865D94   
/* 003F0 80865D80 2405FFFF */  addiu   $a1, $zero, 0xFFFF         ## $a1 = FFFFFFFF
/* 003F4 80865D84 44059000 */  mfc1    $a1, $f18                  
.L80865D88:
/* 003F8 80865D88 00000000 */  nop
/* 003FC 80865D8C 04A0FFFB */  bltz    $a1, .L80865D7C            
/* 00400 80865D90 00000000 */  nop
.L80865D94:
/* 00404 80865D94 910C0001 */  lbu     $t4, 0x0001($t0)           ## 00000001
/* 00408 80865D98 44CBF800 */  ctc1    $t3, $f31                  
/* 0040C 80865D9C 30A500FF */  andi    $a1, $a1, 0x00FF           ## $a1 = 000000FF
/* 00410 80865DA0 448C2000 */  mtc1    $t4, $f4                   ## $f4 = 0.00
/* 00414 80865DA4 3C014F80 */  lui     $at, 0x4F80                ## $at = 4F800000
/* 00418 80865DA8 05810004 */  bgez    $t4, .L80865DBC            
/* 0041C 80865DAC 468021A0 */  cvt.s.w $f6, $f4                   
/* 00420 80865DB0 44815000 */  mtc1    $at, $f10                  ## $f10 = 4294967296.00
/* 00424 80865DB4 00000000 */  nop
/* 00428 80865DB8 460A3180 */  add.s   $f6, $f6, $f10             
.L80865DBC:
/* 0042C 80865DBC 46023202 */  mul.s   $f8, $f6, $f2              
/* 00430 80865DC0 24060001 */  addiu   $a2, $zero, 0x0001         ## $a2 = 00000001
/* 00434 80865DC4 3C014F00 */  lui     $at, 0x4F00                ## $at = 4F000000
/* 00438 80865DC8 444DF800 */  cfc1    $t5, $f31                  
/* 0043C 80865DCC 44C6F800 */  ctc1    $a2, $f31                  
/* 00440 80865DD0 00000000 */  nop
/* 00444 80865DD4 46004424 */  cvt.w.s $f16, $f8                  
/* 00448 80865DD8 4446F800 */  cfc1    $a2, $f31                  
/* 0044C 80865DDC 00000000 */  nop
/* 00450 80865DE0 30C60078 */  andi    $a2, $a2, 0x0078           ## $a2 = 00000000
/* 00454 80865DE4 50C00013 */  beql    $a2, $zero, .L80865E34     
/* 00458 80865DE8 44068000 */  mfc1    $a2, $f16                  
/* 0045C 80865DEC 44818000 */  mtc1    $at, $f16                  ## $f16 = 2147483648.00
/* 00460 80865DF0 24060001 */  addiu   $a2, $zero, 0x0001         ## $a2 = 00000001
/* 00464 80865DF4 46104401 */  sub.s   $f16, $f8, $f16            
/* 00468 80865DF8 44C6F800 */  ctc1    $a2, $f31                  
/* 0046C 80865DFC 00000000 */  nop
/* 00470 80865E00 46008424 */  cvt.w.s $f16, $f16                 
/* 00474 80865E04 4446F800 */  cfc1    $a2, $f31                  
/* 00478 80865E08 00000000 */  nop
/* 0047C 80865E0C 30C60078 */  andi    $a2, $a2, 0x0078           ## $a2 = 00000000
/* 00480 80865E10 14C00005 */  bne     $a2, $zero, .L80865E28     
/* 00484 80865E14 00000000 */  nop
/* 00488 80865E18 44068000 */  mfc1    $a2, $f16                  
/* 0048C 80865E1C 3C018000 */  lui     $at, 0x8000                ## $at = 80000000
/* 00490 80865E20 10000007 */  beq     $zero, $zero, .L80865E40   
/* 00494 80865E24 00C13025 */  or      $a2, $a2, $at              ## $a2 = 80000000
.L80865E28:
/* 00498 80865E28 10000005 */  beq     $zero, $zero, .L80865E40   
/* 0049C 80865E2C 2406FFFF */  addiu   $a2, $zero, 0xFFFF         ## $a2 = FFFFFFFF
/* 004A0 80865E30 44068000 */  mfc1    $a2, $f16                  
.L80865E34:
/* 004A4 80865E34 00000000 */  nop
/* 004A8 80865E38 04C0FFFB */  bltz    $a2, .L80865E28            
/* 004AC 80865E3C 00000000 */  nop
.L80865E40:
/* 004B0 80865E40 910E0002 */  lbu     $t6, 0x0002($t0)           ## 00000002
/* 004B4 80865E44 44CDF800 */  ctc1    $t5, $f31                  
/* 004B8 80865E48 30C600FF */  andi    $a2, $a2, 0x00FF           ## $a2 = 000000FF
/* 004BC 80865E4C 448E9000 */  mtc1    $t6, $f18                  ## $f18 = 0.00
/* 004C0 80865E50 3C014F80 */  lui     $at, 0x4F80                ## $at = 4F800000
/* 004C4 80865E54 05C10004 */  bgez    $t6, .L80865E68            
/* 004C8 80865E58 46809120 */  cvt.s.w $f4, $f18                  
/* 004CC 80865E5C 44815000 */  mtc1    $at, $f10                  ## $f10 = 4294967296.00
/* 004D0 80865E60 00000000 */  nop
/* 004D4 80865E64 460A2100 */  add.s   $f4, $f4, $f10             
.L80865E68:
/* 004D8 80865E68 46022182 */  mul.s   $f6, $f4, $f2              
/* 004DC 80865E6C 24070001 */  addiu   $a3, $zero, 0x0001         ## $a3 = 00000001
/* 004E0 80865E70 3C014F00 */  lui     $at, 0x4F00                ## $at = 4F000000
/* 004E4 80865E74 444FF800 */  cfc1    $t7, $f31                  
/* 004E8 80865E78 44C7F800 */  ctc1    $a3, $f31                  
/* 004EC 80865E7C 00000000 */  nop
/* 004F0 80865E80 46003224 */  cvt.w.s $f8, $f6                   
/* 004F4 80865E84 4447F800 */  cfc1    $a3, $f31                  
/* 004F8 80865E88 00000000 */  nop
/* 004FC 80865E8C 30E70078 */  andi    $a3, $a3, 0x0078           ## $a3 = 00000000
/* 00500 80865E90 50E00013 */  beql    $a3, $zero, .L80865EE0     
/* 00504 80865E94 44074000 */  mfc1    $a3, $f8                   
/* 00508 80865E98 44814000 */  mtc1    $at, $f8                   ## $f8 = 2147483648.00
/* 0050C 80865E9C 24070001 */  addiu   $a3, $zero, 0x0001         ## $a3 = 00000001
/* 00510 80865EA0 46083201 */  sub.s   $f8, $f6, $f8              
/* 00514 80865EA4 44C7F800 */  ctc1    $a3, $f31                  
/* 00518 80865EA8 00000000 */  nop
/* 0051C 80865EAC 46004224 */  cvt.w.s $f8, $f8                   
/* 00520 80865EB0 4447F800 */  cfc1    $a3, $f31                  
/* 00524 80865EB4 00000000 */  nop
/* 00528 80865EB8 30E70078 */  andi    $a3, $a3, 0x0078           ## $a3 = 00000000
/* 0052C 80865EBC 14E00005 */  bne     $a3, $zero, .L80865ED4     
/* 00530 80865EC0 00000000 */  nop
/* 00534 80865EC4 44074000 */  mfc1    $a3, $f8                   
/* 00538 80865EC8 3C018000 */  lui     $at, 0x8000                ## $at = 80000000
/* 0053C 80865ECC 10000007 */  beq     $zero, $zero, .L80865EEC   
/* 00540 80865ED0 00E13825 */  or      $a3, $a3, $at              ## $a3 = 80000000
.L80865ED4:
/* 00544 80865ED4 10000005 */  beq     $zero, $zero, .L80865EEC   
/* 00548 80865ED8 2407FFFF */  addiu   $a3, $zero, 0xFFFF         ## $a3 = FFFFFFFF
/* 0054C 80865EDC 44074000 */  mfc1    $a3, $f8                   
.L80865EE0:
/* 00550 80865EE0 00000000 */  nop
/* 00554 80865EE4 04E0FFFB */  bltz    $a3, .L80865ED4            
/* 00558 80865EE8 00000000 */  nop
.L80865EEC:
/* 0055C 80865EEC 44CFF800 */  ctc1    $t7, $f31                  
/* 00560 80865EF0 30E700FF */  andi    $a3, $a3, 0x00FF           ## $a3 = 000000FF
/* 00564 80865EF4 0C0406B2 */  jal     func_80101AC8              
/* 00568 80865EF8 AFA20010 */  sw      $v0, 0x0010($sp)           
.L80865EFC:
/* 0056C 80865EFC 02002025 */  or      $a0, $s0, $zero            ## $a0 = 00000000
/* 00570 80865F00 0C2196FE */  jal     func_80865BF8              
/* 00574 80865F04 8FA50034 */  lw      $a1, 0x0034($sp)           
/* 00578 80865F08 8602001C */  lh      $v0, 0x001C($s0)           ## 0000001C
/* 0057C 80865F0C 04400005 */  bltz    $v0, .L80865F24            
/* 00580 80865F10 30584000 */  andi    $t8, $v0, 0x4000           ## $t8 = 00000000
/* 00584 80865F14 17000003 */  bne     $t8, $zero, .L80865F24     
/* 00588 80865F18 02002025 */  or      $a0, $s0, $zero            ## $a0 = 00000000
/* 0058C 80865F1C 0C02E3B2 */  jal     func_800B8EC8              
/* 00590 80865F20 24052031 */  addiu   $a1, $zero, 0x2031         ## $a1 = 00002031
.L80865F24:
/* 00594 80865F24 8FBF0024 */  lw      $ra, 0x0024($sp)           
/* 00598 80865F28 8FB00020 */  lw      $s0, 0x0020($sp)           
/* 0059C 80865F2C 27BD0030 */  addiu   $sp, $sp, 0x0030           ## $sp = 00000000
/* 005A0 80865F30 03E00008 */  jr      $ra                        
/* 005A4 80865F34 00000000 */  nop


glabel func_80865F38
/* 005A8 80865F38 27BDFFC0 */  addiu   $sp, $sp, 0xFFC0           ## $sp = FFFFFFC0
/* 005AC 80865F3C AFB00020 */  sw      $s0, 0x0020($sp)           
/* 005B0 80865F40 00808025 */  or      $s0, $a0, $zero            ## $s0 = 00000000
/* 005B4 80865F44 AFBF0024 */  sw      $ra, 0x0024($sp)           
/* 005B8 80865F48 AFA50044 */  sw      $a1, 0x0044($sp)           
/* 005BC 80865F4C 860E001C */  lh      $t6, 0x001C($s0)           ## 0000001C
/* 005C0 80865F50 3C198086 */  lui     $t9, %hi(D_808666D0)       ## $t9 = 80860000
/* 005C4 80865F54 273966D0 */  addiu   $t9, $t9, %lo(D_808666D0)  ## $t9 = 808666D0
/* 005C8 80865F58 31CF000F */  andi    $t7, $t6, 0x000F           ## $t7 = 00000000
/* 005CC 80865F5C 000FC0C0 */  sll     $t8, $t7,  3               
/* 005D0 80865F60 03194021 */  addu    $t0, $t8, $t9              
/* 005D4 80865F64 AFA80038 */  sw      $t0, 0x0038($sp)           
/* 005D8 80865F68 91090007 */  lbu     $t1, 0x0007($t0)           ## 00000007
/* 005DC 80865F6C 3C014F80 */  lui     $at, 0x4F80                ## $at = 4F800000
/* 005E0 80865F70 44892000 */  mtc1    $t1, $f4                   ## $f4 = 0.00
/* 005E4 80865F74 05210004 */  bgez    $t1, .L80865F88            
/* 005E8 80865F78 468021A0 */  cvt.s.w $f6, $f4                   
/* 005EC 80865F7C 44814000 */  mtc1    $at, $f8                   ## $f8 = 4294967296.00
/* 005F0 80865F80 00000000 */  nop
/* 005F4 80865F84 46083180 */  add.s   $f6, $f6, $f8              
.L80865F88:
/* 005F8 80865F88 3C018086 */  lui     $at, %hi(D_80866754)       ## $at = 80860000
/* 005FC 80865F8C C42A6754 */  lwc1    $f10, %lo(D_80866754)($at) 
/* 00600 80865F90 C6120058 */  lwc1    $f18, 0x0058($s0)          ## 00000058
/* 00604 80865F94 AFA0002C */  sw      $zero, 0x002C($sp)         
/* 00608 80865F98 460A3402 */  mul.s   $f16, $f6, $f10            
/* 0060C 80865F9C 8FA40044 */  lw      $a0, 0x0044($sp)           
/* 00610 80865FA0 46109103 */  div.s   $f4, $f18, $f16            
/* 00614 80865FA4 E7A40030 */  swc1    $f4, 0x0030($sp)           
/* 00618 80865FA8 8602001C */  lh      $v0, 0x001C($s0)           ## 0000001C
/* 0061C 80865FAC 304A1000 */  andi    $t2, $v0, 0x1000           ## $t2 = 00000000
/* 00620 80865FB0 11400022 */  beq     $t2, $zero, .L8086603C     
/* 00624 80865FB4 304507F0 */  andi    $a1, $v0, 0x07F0           ## $a1 = 00000000
/* 00628 80865FB8 304507F0 */  andi    $a1, $v0, 0x07F0           ## $a1 = 00000000
/* 0062C 80865FBC 00052903 */  sra     $a1, $a1,  4               
/* 00630 80865FC0 0C02D6EC */  jal     func_800B5BB0              
/* 00634 80865FC4 8FA40044 */  lw      $a0, 0x0044($sp)           
/* 00638 80865FC8 10400009 */  beq     $v0, $zero, .L80865FF0     
/* 0063C 80865FCC C7A80030 */  lwc1    $f8, 0x0030($sp)           
/* 00640 80865FD0 3C063D4C */  lui     $a2, 0x3D4C                ## $a2 = 3D4C0000
/* 00644 80865FD4 34C6CCCD */  ori     $a2, $a2, 0xCCCD           ## $a2 = 3D4CCCCD
/* 00648 80865FD8 27A40030 */  addiu   $a0, $sp, 0x0030           ## $a0 = FFFFFFF0
/* 0064C 80865FDC 0C03FC0F */  jal     func_800FF03C              
/* 00650 80865FE0 3C053F80 */  lui     $a1, 0x3F80                ## $a1 = 3F800000
/* 00654 80865FE4 240B0001 */  addiu   $t3, $zero, 0x0001         ## $t3 = 00000001
/* 00658 80865FE8 10000032 */  beq     $zero, $zero, .L808660B4   
/* 0065C 80865FEC AFAB002C */  sw      $t3, 0x002C($sp)           
.L80865FF0:
/* 00660 80865FF0 3C018086 */  lui     $at, %hi(D_80866758)       ## $at = 80860000
/* 00664 80865FF4 C4266758 */  lwc1    $f6, %lo(D_80866758)($at)  
/* 00668 80865FF8 02002025 */  or      $a0, $s0, $zero            ## $a0 = 00000000
/* 0066C 80865FFC 4606403C */  c.lt.s  $f8, $f6                   
/* 00670 80866000 00000000 */  nop
/* 00674 80866004 45020007 */  bc1fl   .L80866024                 
/* 00678 80866008 3C063D4C */  lui     $a2, 0x3D4C                ## $a2 = 3D4C0000
/* 0067C 8086600C 0C02D9F8 */  jal     func_800B67E0              
/* 00680 80866010 24050000 */  addiu   $a1, $zero, 0x0000         ## $a1 = 00000000
/* 00684 80866014 44805000 */  mtc1    $zero, $f10                ## $f10 = 0.00
/* 00688 80866018 00000000 */  nop
/* 0068C 8086601C E7AA0030 */  swc1    $f10, 0x0030($sp)          
/* 00690 80866020 3C063D4C */  lui     $a2, 0x3D4C                ## $a2 = 3D4C0000
.L80866024:
/* 00694 80866024 34C6CCCD */  ori     $a2, $a2, 0xCCCD           ## $a2 = 3D4CCCCD
/* 00698 80866028 27A40030 */  addiu   $a0, $sp, 0x0030           ## $a0 = FFFFFFF0
/* 0069C 8086602C 0C03FC0F */  jal     func_800FF03C              
/* 006A0 80866030 24050000 */  addiu   $a1, $zero, 0x0000         ## $a1 = 00000000
/* 006A4 80866034 10000020 */  beq     $zero, $zero, .L808660B8   
/* 006A8 80866038 8FAD0038 */  lw      $t5, 0x0038($sp)           
.L8086603C:
/* 006AC 8086603C 0C02D6EC */  jal     func_800B5BB0              
/* 006B0 80866040 00052903 */  sra     $a1, $a1,  4               
/* 006B4 80866044 10400015 */  beq     $v0, $zero, .L8086609C     
/* 006B8 80866048 27A40030 */  addiu   $a0, $sp, 0x0030           ## $a0 = FFFFFFF0
/* 006BC 8086604C 3C018086 */  lui     $at, %hi(D_8086675C)       ## $at = 80860000
/* 006C0 80866050 C430675C */  lwc1    $f16, %lo(D_8086675C)($at) 
/* 006C4 80866054 C7B20030 */  lwc1    $f18, 0x0030($sp)          
/* 006C8 80866058 02002025 */  or      $a0, $s0, $zero            ## $a0 = 00000000
/* 006CC 8086605C 4610903C */  c.lt.s  $f18, $f16                 
/* 006D0 80866060 00000000 */  nop
/* 006D4 80866064 45020007 */  bc1fl   .L80866084                 
/* 006D8 80866068 3C063D4C */  lui     $a2, 0x3D4C                ## $a2 = 3D4C0000
/* 006DC 8086606C 0C02D9F8 */  jal     func_800B67E0              
/* 006E0 80866070 24050000 */  addiu   $a1, $zero, 0x0000         ## $a1 = 00000000
/* 006E4 80866074 44802000 */  mtc1    $zero, $f4                 ## $f4 = 0.00
/* 006E8 80866078 00000000 */  nop
/* 006EC 8086607C E7A40030 */  swc1    $f4, 0x0030($sp)           
/* 006F0 80866080 3C063D4C */  lui     $a2, 0x3D4C                ## $a2 = 3D4C0000
.L80866084:
/* 006F4 80866084 34C6CCCD */  ori     $a2, $a2, 0xCCCD           ## $a2 = 3D4CCCCD
/* 006F8 80866088 27A40030 */  addiu   $a0, $sp, 0x0030           ## $a0 = FFFFFFF0
/* 006FC 8086608C 0C03FC0F */  jal     func_800FF03C              
/* 00700 80866090 24050000 */  addiu   $a1, $zero, 0x0000         ## $a1 = 00000000
/* 00704 80866094 10000008 */  beq     $zero, $zero, .L808660B8   
/* 00708 80866098 8FAD0038 */  lw      $t5, 0x0038($sp)           
.L8086609C:
/* 0070C 8086609C 3C063D4C */  lui     $a2, 0x3D4C                ## $a2 = 3D4C0000
/* 00710 808660A0 34C6CCCD */  ori     $a2, $a2, 0xCCCD           ## $a2 = 3D4CCCCD
/* 00714 808660A4 0C03FC0F */  jal     func_800FF03C              
/* 00718 808660A8 3C053F80 */  lui     $a1, 0x3F80                ## $a1 = 3F800000
/* 0071C 808660AC 240C0001 */  addiu   $t4, $zero, 0x0001         ## $t4 = 00000001
/* 00720 808660B0 AFAC002C */  sw      $t4, 0x002C($sp)           
.L808660B4:
/* 00724 808660B4 8FAD0038 */  lw      $t5, 0x0038($sp)           
.L808660B8:
/* 00728 808660B8 02002025 */  or      $a0, $s0, $zero            ## $a0 = 00000000
/* 0072C 808660BC 3C014F80 */  lui     $at, 0x4F80                ## $at = 4F800000
/* 00730 808660C0 91AE0007 */  lbu     $t6, 0x0007($t5)           ## 00000007
/* 00734 808660C4 448E4000 */  mtc1    $t6, $f8                   ## $f8 = 0.00
/* 00738 808660C8 05C10004 */  bgez    $t6, .L808660DC            
/* 0073C 808660CC 468041A0 */  cvt.s.w $f6, $f8                   
/* 00740 808660D0 44815000 */  mtc1    $at, $f10                  ## $f10 = 4294967296.00
/* 00744 808660D4 00000000 */  nop
/* 00748 808660D8 460A3180 */  add.s   $f6, $f6, $f10             
.L808660DC:
/* 0074C 808660DC 3C018086 */  lui     $at, %hi(D_80866760)       ## $at = 80860000
/* 00750 808660E0 C4326760 */  lwc1    $f18, %lo(D_80866760)($at) 
/* 00754 808660E4 C7A40030 */  lwc1    $f4, 0x0030($sp)           
/* 00758 808660E8 46123402 */  mul.s   $f16, $f6, $f18            
/* 0075C 808660EC 00000000 */  nop
/* 00760 808660F0 46048202 */  mul.s   $f8, $f16, $f4             
/* 00764 808660F4 44054000 */  mfc1    $a1, $f8                   
/* 00768 808660F8 0C02D9F8 */  jal     func_800B67E0              
/* 0076C 808660FC 00000000 */  nop
/* 00770 80866100 860F001C */  lh      $t7, 0x001C($s0)           ## 0000001C
/* 00774 80866104 31F84000 */  andi    $t8, $t7, 0x4000           ## $t8 = 00000000
/* 00778 80866108 57000093 */  bnel    $t8, $zero, .L80866358     
/* 0077C 8086610C 02002025 */  or      $a0, $s0, $zero            ## $a0 = 00000000
/* 00780 80866110 0C021BF7 */  jal     func_80086FDC              
/* 00784 80866114 00000000 */  nop
/* 00788 80866118 3C013F00 */  lui     $at, 0x3F00                ## $at = 3F000000
/* 0078C 8086611C 44816000 */  mtc1    $at, $f12                  ## $f12 = 0.50
/* 00790 80866120 8FB90038 */  lw      $t9, 0x0038($sp)           
/* 00794 80866124 3C014F80 */  lui     $at, 0x4F80                ## $at = 4F800000
/* 00798 80866128 460C0282 */  mul.s   $f10, $f0, $f12            
/* 0079C 8086612C 93280000 */  lbu     $t0, 0x0000($t9)           ## 00000000
/* 007A0 80866130 2604014C */  addiu   $a0, $s0, 0x014C           ## $a0 = 0000014C
/* 007A4 80866134 44883000 */  mtc1    $t0, $f6                   ## $f6 = 0.00
/* 007A8 80866138 460C5080 */  add.s   $f2, $f10, $f12            
/* 007AC 8086613C 05010004 */  bgez    $t0, .L80866150            
/* 007B0 80866140 468034A0 */  cvt.s.w $f18, $f6                  
/* 007B4 80866144 44818000 */  mtc1    $at, $f16                  ## $f16 = 4294967296.00
/* 007B8 80866148 00000000 */  nop
/* 007BC 8086614C 46109480 */  add.s   $f18, $f18, $f16           
.L80866150:
/* 007C0 80866150 46029102 */  mul.s   $f4, $f18, $f2             
/* 007C4 80866154 24050001 */  addiu   $a1, $zero, 0x0001         ## $a1 = 00000001
/* 007C8 80866158 3C014F00 */  lui     $at, 0x4F00                ## $at = 4F000000
/* 007CC 8086615C 4449F800 */  cfc1    $t1, $f31                  
/* 007D0 80866160 44C5F800 */  ctc1    $a1, $f31                  
/* 007D4 80866164 00000000 */  nop
/* 007D8 80866168 46002224 */  cvt.w.s $f8, $f4                   
/* 007DC 8086616C 4445F800 */  cfc1    $a1, $f31                  
/* 007E0 80866170 00000000 */  nop
/* 007E4 80866174 30A50078 */  andi    $a1, $a1, 0x0078           ## $a1 = 00000000
/* 007E8 80866178 50A00013 */  beql    $a1, $zero, .L808661C8     
/* 007EC 8086617C 44054000 */  mfc1    $a1, $f8                   
/* 007F0 80866180 44814000 */  mtc1    $at, $f8                   ## $f8 = 2147483648.00
/* 007F4 80866184 24050001 */  addiu   $a1, $zero, 0x0001         ## $a1 = 00000001
/* 007F8 80866188 46082201 */  sub.s   $f8, $f4, $f8              
/* 007FC 8086618C 44C5F800 */  ctc1    $a1, $f31                  
/* 00800 80866190 00000000 */  nop
/* 00804 80866194 46004224 */  cvt.w.s $f8, $f8                   
/* 00808 80866198 4445F800 */  cfc1    $a1, $f31                  
/* 0080C 8086619C 00000000 */  nop
/* 00810 808661A0 30A50078 */  andi    $a1, $a1, 0x0078           ## $a1 = 00000000
/* 00814 808661A4 14A00005 */  bne     $a1, $zero, .L808661BC     
/* 00818 808661A8 00000000 */  nop
/* 0081C 808661AC 44054000 */  mfc1    $a1, $f8                   
/* 00820 808661B0 3C018000 */  lui     $at, 0x8000                ## $at = 80000000
/* 00824 808661B4 10000007 */  beq     $zero, $zero, .L808661D4   
/* 00828 808661B8 00A12825 */  or      $a1, $a1, $at              ## $a1 = 80000000
.L808661BC:
/* 0082C 808661BC 10000005 */  beq     $zero, $zero, .L808661D4   
/* 00830 808661C0 2405FFFF */  addiu   $a1, $zero, 0xFFFF         ## $a1 = FFFFFFFF
/* 00834 808661C4 44054000 */  mfc1    $a1, $f8                   
.L808661C8:
/* 00838 808661C8 00000000 */  nop
/* 0083C 808661CC 04A0FFFB */  bltz    $a1, .L808661BC            
/* 00840 808661D0 00000000 */  nop
.L808661D4:
/* 00844 808661D4 932A0001 */  lbu     $t2, 0x0001($t9)           ## 00000001
/* 00848 808661D8 44C9F800 */  ctc1    $t1, $f31                  
/* 0084C 808661DC 30A500FF */  andi    $a1, $a1, 0x00FF           ## $a1 = 000000FF
/* 00850 808661E0 448A5000 */  mtc1    $t2, $f10                  ## $f10 = 0.00
/* 00854 808661E4 3C014F80 */  lui     $at, 0x4F80                ## $at = 4F800000
/* 00858 808661E8 05410004 */  bgez    $t2, .L808661FC            
/* 0085C 808661EC 468051A0 */  cvt.s.w $f6, $f10                  
/* 00860 808661F0 44818000 */  mtc1    $at, $f16                  ## $f16 = 4294967296.00
/* 00864 808661F4 00000000 */  nop
/* 00868 808661F8 46103180 */  add.s   $f6, $f6, $f16             
.L808661FC:
/* 0086C 808661FC 46023482 */  mul.s   $f18, $f6, $f2             
/* 00870 80866200 24060001 */  addiu   $a2, $zero, 0x0001         ## $a2 = 00000001
/* 00874 80866204 3C014F00 */  lui     $at, 0x4F00                ## $at = 4F000000
/* 00878 80866208 444BF800 */  cfc1    $t3, $f31                  
/* 0087C 8086620C 44C6F800 */  ctc1    $a2, $f31                  
/* 00880 80866210 00000000 */  nop
/* 00884 80866214 46009124 */  cvt.w.s $f4, $f18                  
/* 00888 80866218 4446F800 */  cfc1    $a2, $f31                  
/* 0088C 8086621C 00000000 */  nop
/* 00890 80866220 30C60078 */  andi    $a2, $a2, 0x0078           ## $a2 = 00000000
/* 00894 80866224 50C00013 */  beql    $a2, $zero, .L80866274     
/* 00898 80866228 44062000 */  mfc1    $a2, $f4                   
/* 0089C 8086622C 44812000 */  mtc1    $at, $f4                   ## $f4 = 2147483648.00
/* 008A0 80866230 24060001 */  addiu   $a2, $zero, 0x0001         ## $a2 = 00000001
/* 008A4 80866234 46049101 */  sub.s   $f4, $f18, $f4             
/* 008A8 80866238 44C6F800 */  ctc1    $a2, $f31                  
/* 008AC 8086623C 00000000 */  nop
/* 008B0 80866240 46002124 */  cvt.w.s $f4, $f4                   
/* 008B4 80866244 4446F800 */  cfc1    $a2, $f31                  
/* 008B8 80866248 00000000 */  nop
/* 008BC 8086624C 30C60078 */  andi    $a2, $a2, 0x0078           ## $a2 = 00000000
/* 008C0 80866250 14C00005 */  bne     $a2, $zero, .L80866268     
/* 008C4 80866254 00000000 */  nop
/* 008C8 80866258 44062000 */  mfc1    $a2, $f4                   
/* 008CC 8086625C 3C018000 */  lui     $at, 0x8000                ## $at = 80000000
/* 008D0 80866260 10000007 */  beq     $zero, $zero, .L80866280   
/* 008D4 80866264 00C13025 */  or      $a2, $a2, $at              ## $a2 = 80000000
.L80866268:
/* 008D8 80866268 10000005 */  beq     $zero, $zero, .L80866280   
/* 008DC 8086626C 2406FFFF */  addiu   $a2, $zero, 0xFFFF         ## $a2 = FFFFFFFF
/* 008E0 80866270 44062000 */  mfc1    $a2, $f4                   
.L80866274:
/* 008E4 80866274 00000000 */  nop
/* 008E8 80866278 04C0FFFB */  bltz    $a2, .L80866268            
/* 008EC 8086627C 00000000 */  nop
.L80866280:
/* 008F0 80866280 932C0002 */  lbu     $t4, 0x0002($t9)           ## 00000002
/* 008F4 80866284 44CBF800 */  ctc1    $t3, $f31                  
/* 008F8 80866288 30C600FF */  andi    $a2, $a2, 0x00FF           ## $a2 = 000000FF
/* 008FC 8086628C 448C4000 */  mtc1    $t4, $f8                   ## $f8 = 0.00
/* 00900 80866290 3C014F80 */  lui     $at, 0x4F80                ## $at = 4F800000
/* 00904 80866294 05810004 */  bgez    $t4, .L808662A8            
/* 00908 80866298 468042A0 */  cvt.s.w $f10, $f8                  
/* 0090C 8086629C 44818000 */  mtc1    $at, $f16                  ## $f16 = 4294967296.00
/* 00910 808662A0 00000000 */  nop
/* 00914 808662A4 46105280 */  add.s   $f10, $f10, $f16           
.L808662A8:
/* 00918 808662A8 46025182 */  mul.s   $f6, $f10, $f2             
/* 0091C 808662AC 24070001 */  addiu   $a3, $zero, 0x0001         ## $a3 = 00000001
/* 00920 808662B0 3C014F00 */  lui     $at, 0x4F00                ## $at = 4F000000
/* 00924 808662B4 444DF800 */  cfc1    $t5, $f31                  
/* 00928 808662B8 44C7F800 */  ctc1    $a3, $f31                  
/* 0092C 808662BC 00000000 */  nop
/* 00930 808662C0 460034A4 */  cvt.w.s $f18, $f6                  
/* 00934 808662C4 4447F800 */  cfc1    $a3, $f31                  
/* 00938 808662C8 00000000 */  nop
/* 0093C 808662CC 30E70078 */  andi    $a3, $a3, 0x0078           ## $a3 = 00000000
/* 00940 808662D0 50E00013 */  beql    $a3, $zero, .L80866320     
/* 00944 808662D4 44079000 */  mfc1    $a3, $f18                  
/* 00948 808662D8 44819000 */  mtc1    $at, $f18                  ## $f18 = 2147483648.00
/* 0094C 808662DC 24070001 */  addiu   $a3, $zero, 0x0001         ## $a3 = 00000001
/* 00950 808662E0 46123481 */  sub.s   $f18, $f6, $f18            
/* 00954 808662E4 44C7F800 */  ctc1    $a3, $f31                  
/* 00958 808662E8 00000000 */  nop
/* 0095C 808662EC 460094A4 */  cvt.w.s $f18, $f18                 
/* 00960 808662F0 4447F800 */  cfc1    $a3, $f31                  
/* 00964 808662F4 00000000 */  nop
/* 00968 808662F8 30E70078 */  andi    $a3, $a3, 0x0078           ## $a3 = 00000000
/* 0096C 808662FC 14E00005 */  bne     $a3, $zero, .L80866314     
/* 00970 80866300 00000000 */  nop
/* 00974 80866304 44079000 */  mfc1    $a3, $f18                  
/* 00978 80866308 3C018000 */  lui     $at, 0x8000                ## $at = 80000000
/* 0097C 8086630C 10000007 */  beq     $zero, $zero, .L8086632C   
/* 00980 80866310 00E13825 */  or      $a3, $a3, $at              ## $a3 = 80000000
.L80866314:
/* 00984 80866314 10000005 */  beq     $zero, $zero, .L8086632C   
/* 00988 80866318 2407FFFF */  addiu   $a3, $zero, 0xFFFF         ## $a3 = FFFFFFFF
/* 0098C 8086631C 44079000 */  mfc1    $a3, $f18                  
.L80866320:
/* 00990 80866320 00000000 */  nop
/* 00994 80866324 04E0FFFB */  bltz    $a3, .L80866314            
/* 00998 80866328 00000000 */  nop
.L8086632C:
/* 0099C 8086632C 3C014396 */  lui     $at, 0x4396                ## $at = 43960000
/* 009A0 80866330 44812000 */  mtc1    $at, $f4                   ## $f4 = 300.00
/* 009A4 80866334 44CDF800 */  ctc1    $t5, $f31                  
/* 009A8 80866338 C7A80030 */  lwc1    $f8, 0x0030($sp)           
/* 009AC 8086633C 30E700FF */  andi    $a3, $a3, 0x00FF           ## $a3 = 000000FF
/* 009B0 80866340 46082402 */  mul.s   $f16, $f4, $f8             
/* 009B4 80866344 4600828D */  trunc.w.s $f10, $f16                 
/* 009B8 80866348 440F5000 */  mfc1    $t7, $f10                  
/* 009BC 8086634C 0C0406B2 */  jal     func_80101AC8              
/* 009C0 80866350 AFAF0010 */  sw      $t7, 0x0010($sp)           
/* 009C4 80866354 02002025 */  or      $a0, $s0, $zero            ## $a0 = 00000000
.L80866358:
/* 009C8 80866358 0C2196FE */  jal     func_80865BF8              
/* 009CC 8086635C 8FA50044 */  lw      $a1, 0x0044($sp)           
/* 009D0 80866360 8618001C */  lh      $t8, 0x001C($s0)           ## 0000001C
/* 009D4 80866364 8FA8002C */  lw      $t0, 0x002C($sp)           
/* 009D8 80866368 24010001 */  addiu   $at, $zero, 0x0001         ## $at = 00000001
/* 009DC 8086636C 07020006 */  bltzl   $t8, .L80866388            
/* 009E0 80866370 8FBF0024 */  lw      $ra, 0x0024($sp)           
/* 009E4 80866374 15010003 */  bne     $t0, $at, .L80866384       
/* 009E8 80866378 02002025 */  or      $a0, $s0, $zero            ## $a0 = 00000000
/* 009EC 8086637C 0C02E3B2 */  jal     func_800B8EC8              
/* 009F0 80866380 24052031 */  addiu   $a1, $zero, 0x2031         ## $a1 = 00002031
.L80866384:
/* 009F4 80866384 8FBF0024 */  lw      $ra, 0x0024($sp)           
.L80866388:
/* 009F8 80866388 8FB00020 */  lw      $s0, 0x0020($sp)           
/* 009FC 8086638C 27BD0040 */  addiu   $sp, $sp, 0x0040           ## $sp = 00000000
/* 00A00 80866390 03E00008 */  jr      $ra                        
/* 00A04 80866394 00000000 */  nop


glabel func_80866398
/* 00A08 80866398 27BDFF88 */  addiu   $sp, $sp, 0xFF88           ## $sp = FFFFFF88
/* 00A0C 8086639C AFBF003C */  sw      $ra, 0x003C($sp)           
/* 00A10 808663A0 AFB00038 */  sw      $s0, 0x0038($sp)           
/* 00A14 808663A4 AFA40078 */  sw      $a0, 0x0078($sp)           
/* 00A18 808663A8 AFA5007C */  sw      $a1, 0x007C($sp)           
/* 00A1C 808663AC 8FAE0078 */  lw      $t6, 0x0078($sp)           
/* 00A20 808663B0 3C0A8086 */  lui     $t2, %hi(D_808666D0)       ## $t2 = 80860000
/* 00A24 808663B4 254A66D0 */  addiu   $t2, $t2, %lo(D_808666D0)  ## $t2 = 808666D0
/* 00A28 808663B8 85CF001C */  lh      $t7, 0x001C($t6)           ## 0000001C
/* 00A2C 808663BC 8FAB007C */  lw      $t3, 0x007C($sp)           
/* 00A30 808663C0 31F8000F */  andi    $t8, $t7, 0x000F           ## $t8 = 00000000
/* 00A34 808663C4 0018C8C0 */  sll     $t9, $t8,  3               
/* 00A38 808663C8 032A4021 */  addu    $t0, $t9, $t2              
/* 00A3C 808663CC 8D640000 */  lw      $a0, 0x0000($t3)           ## 00000000
/* 00A40 808663D0 AFA8006C */  sw      $t0, 0x006C($sp)           
/* 00A44 808663D4 0C04B0B7 */  jal     func_8012C2DC              
/* 00A48 808663D8 00808025 */  or      $s0, $a0, $zero            ## $s0 = 00000000
/* 00A4C 808663DC 8FA90078 */  lw      $t1, 0x0078($sp)           
/* 00A50 808663E0 3C0FDB06 */  lui     $t7, 0xDB06                ## $t7 = DB060000
/* 00A54 808663E4 8FA8006C */  lw      $t0, 0x006C($sp)           
/* 00A58 808663E8 852C001C */  lh      $t4, 0x001C($t1)           ## 0000001C
/* 00A5C 808663EC 35EF0020 */  ori     $t7, $t7, 0x0020           ## $t7 = DB060020
/* 00A60 808663F0 00002825 */  or      $a1, $zero, $zero          ## $a1 = 00000000
/* 00A64 808663F4 05800048 */  bltz    $t4, .L80866518            
/* 00A68 808663F8 00003025 */  or      $a2, $zero, $zero          ## $a2 = 00000000
/* 00A6C 808663FC 8E0202C0 */  lw      $v0, 0x02C0($s0)           ## 000002C0
/* 00A70 80866400 3C0EDB06 */  lui     $t6, 0xDB06                ## $t6 = DB060000
/* 00A74 80866404 35CE0020 */  ori     $t6, $t6, 0x0020           ## $t6 = DB060020
/* 00A78 80866408 244D0008 */  addiu   $t5, $v0, 0x0008           ## $t5 = 00000008
/* 00A7C 8086640C AE0D02C0 */  sw      $t5, 0x02C0($s0)           ## 000002C0
/* 00A80 80866410 AC4E0000 */  sw      $t6, 0x0000($v0)           ## 00000000
/* 00A84 80866414 8FAF007C */  lw      $t7, 0x007C($sp)           
/* 00A88 80866418 24180020 */  addiu   $t8, $zero, 0x0020         ## $t8 = 00000020
/* 00A8C 8086641C 24190040 */  addiu   $t9, $zero, 0x0040         ## $t9 = 00000040
/* 00A90 80866420 8DE40000 */  lw      $a0, 0x0000($t7)           ## DB060020
/* 00A94 80866424 240A0001 */  addiu   $t2, $zero, 0x0001         ## $t2 = 00000001
/* 00A98 80866428 AFAA0018 */  sw      $t2, 0x0018($sp)           
/* 00A9C 8086642C AFA0001C */  sw      $zero, 0x001C($sp)         
/* 00AA0 80866430 AFB90014 */  sw      $t9, 0x0014($sp)           
/* 00AA4 80866434 AFB80010 */  sw      $t8, 0x0010($sp)           
/* 00AA8 80866438 912B0144 */  lbu     $t3, 0x0144($t1)           ## 00000144
/* 00AAC 8086643C 240F0080 */  addiu   $t7, $zero, 0x0080         ## $t7 = 00000080
/* 00AB0 80866440 240E0020 */  addiu   $t6, $zero, 0x0020         ## $t6 = 00000020
/* 00AB4 80866444 000B0823 */  subu    $at, $zero, $t3            
/* 00AB8 80866448 00016080 */  sll     $t4, $at,  2               
/* 00ABC 8086644C 01816021 */  addu    $t4, $t4, $at              
/* 00AC0 80866450 000C6080 */  sll     $t4, $t4,  2               
/* 00AC4 80866454 318D01FF */  andi    $t5, $t4, 0x01FF           ## $t5 = 00000000
/* 00AC8 80866458 AFAD0020 */  sw      $t5, 0x0020($sp)           
/* 00ACC 8086645C AFAE0024 */  sw      $t6, 0x0024($sp)           
/* 00AD0 80866460 AFAF0028 */  sw      $t7, 0x0028($sp)           
/* 00AD4 80866464 AFA8006C */  sw      $t0, 0x006C($sp)           
/* 00AD8 80866468 00002825 */  or      $a1, $zero, $zero          ## $a1 = 00000000
/* 00ADC 8086646C 00003025 */  or      $a2, $zero, $zero          ## $a2 = 00000000
/* 00AE0 80866470 00003825 */  or      $a3, $zero, $zero          ## $a3 = 00000000
/* 00AE4 80866474 0C04B2F4 */  jal     func_8012CBD0              
/* 00AE8 80866478 AFA2005C */  sw      $v0, 0x005C($sp)           
/* 00AEC 8086647C 8FA3005C */  lw      $v1, 0x005C($sp)           
/* 00AF0 80866480 8FA8006C */  lw      $t0, 0x006C($sp)           
/* 00AF4 80866484 3C180408 */  lui     $t8, 0x0408                ## $t8 = 04080000
/* 00AF8 80866488 AC620004 */  sw      $v0, 0x0004($v1)           ## 00000004
/* 00AFC 8086648C 2718D590 */  addiu   $t8, $t8, 0xD590           ## $t8 = 0407D590
/* 00B00 80866490 AFB80068 */  sw      $t8, 0x0068($sp)           
/* 00B04 80866494 8E0202C0 */  lw      $v0, 0x02C0($s0)           ## 000002C0
/* 00B08 80866498 3C0AFA00 */  lui     $t2, 0xFA00                ## $t2 = FA000000
/* 00B0C 8086649C 354A8080 */  ori     $t2, $t2, 0x8080           ## $t2 = FA008080
/* 00B10 808664A0 24590008 */  addiu   $t9, $v0, 0x0008           ## $t9 = 00000008
/* 00B14 808664A4 AE1902C0 */  sw      $t9, 0x02C0($s0)           ## 000002C0
/* 00B18 808664A8 AC4A0000 */  sw      $t2, 0x0000($v0)           ## 00000000
/* 00B1C 808664AC 910F0001 */  lbu     $t7, 0x0001($t0)           ## 00000001
/* 00B20 808664B0 910C0000 */  lbu     $t4, 0x0000($t0)           ## 00000000
/* 00B24 808664B4 910B0002 */  lbu     $t3, 0x0002($t0)           ## 00000002
/* 00B28 808664B8 000FC400 */  sll     $t8, $t7, 16               
/* 00B2C 808664BC 000C6E00 */  sll     $t5, $t4, 24               
/* 00B30 808664C0 01B8C825 */  or      $t9, $t5, $t8              ## $t9 = 0407D590
/* 00B34 808664C4 910D0003 */  lbu     $t5, 0x0003($t0)           ## 00000003
/* 00B38 808664C8 000B6200 */  sll     $t4, $t3,  8               
/* 00B3C 808664CC 032C7025 */  or      $t6, $t9, $t4              ## $t6 = 0407D590
/* 00B40 808664D0 01CDC025 */  or      $t8, $t6, $t5              ## $t8 = 0407D590
/* 00B44 808664D4 AC580004 */  sw      $t8, 0x0004($v0)           ## 00000004
/* 00B48 808664D8 8E0202C0 */  lw      $v0, 0x02C0($s0)           ## 000002C0
/* 00B4C 808664DC 3C0BFB00 */  lui     $t3, 0xFB00                ## $t3 = FB000000
/* 00B50 808664E0 244A0008 */  addiu   $t2, $v0, 0x0008           ## $t2 = 00000008
/* 00B54 808664E4 AE0A02C0 */  sw      $t2, 0x02C0($s0)           ## 000002C0
/* 00B58 808664E8 AC4B0000 */  sw      $t3, 0x0000($v0)           ## 00000000
/* 00B5C 808664EC 910C0004 */  lbu     $t4, 0x0004($t0)           ## 00000004
/* 00B60 808664F0 910D0005 */  lbu     $t5, 0x0005($t0)           ## 00000005
/* 00B64 808664F4 91190006 */  lbu     $t9, 0x0006($t0)           ## 00000006
/* 00B68 808664F8 000C7E00 */  sll     $t7, $t4, 24               
/* 00B6C 808664FC 000DC400 */  sll     $t8, $t5, 16               
/* 00B70 80866500 01F85025 */  or      $t2, $t7, $t8              ## $t2 = 0407D590
/* 00B74 80866504 00196200 */  sll     $t4, $t9,  8               
/* 00B78 80866508 014C7025 */  or      $t6, $t2, $t4              ## $t6 = 0407D590
/* 00B7C 8086650C AC4E0004 */  sw      $t6, 0x0004($v0)           ## 00000004
/* 00B80 80866510 10000033 */  beq     $zero, $zero, .L808665E0   
/* 00B84 80866514 8FA2007C */  lw      $v0, 0x007C($sp)           
.L80866518:
/* 00B88 80866518 8E0202C0 */  lw      $v0, 0x02C0($s0)           ## 000002C0
/* 00B8C 8086651C 240B0010 */  addiu   $t3, $zero, 0x0010         ## $t3 = 00000010
/* 00B90 80866520 24190020 */  addiu   $t9, $zero, 0x0020         ## $t9 = 00000020
/* 00B94 80866524 244D0008 */  addiu   $t5, $v0, 0x0008           ## $t5 = 00000008
/* 00B98 80866528 AE0D02C0 */  sw      $t5, 0x02C0($s0)           ## 000002C0
/* 00B9C 8086652C AC4F0000 */  sw      $t7, 0x0000($v0)           ## 00000000
/* 00BA0 80866530 8FB8007C */  lw      $t8, 0x007C($sp)           
/* 00BA4 80866534 240A0001 */  addiu   $t2, $zero, 0x0001         ## $t2 = 00000001
/* 00BA8 80866538 00003825 */  or      $a3, $zero, $zero          ## $a3 = 00000000
/* 00BAC 8086653C 8F040000 */  lw      $a0, 0x0000($t8)           ## 0407D590
/* 00BB0 80866540 AFAA0018 */  sw      $t2, 0x0018($sp)           
/* 00BB4 80866544 AFB90014 */  sw      $t9, 0x0014($sp)           
/* 00BB8 80866548 AFAB0010 */  sw      $t3, 0x0010($sp)           
/* 00BBC 8086654C 91230144 */  lbu     $v1, 0x0144($t1)           ## 00000144
/* 00BC0 80866550 240B0020 */  addiu   $t3, $zero, 0x0020         ## $t3 = 00000020
/* 00BC4 80866554 24180010 */  addiu   $t8, $zero, 0x0010         ## $t8 = 00000010
/* 00BC8 80866558 00030823 */  subu    $at, $zero, $v1            
/* 00BCC 8086655C 00016880 */  sll     $t5, $at,  2               
/* 00BD0 80866560 01A16823 */  subu    $t5, $t5, $at              
/* 00BD4 80866564 000D6840 */  sll     $t5, $t5,  1               
/* 00BD8 80866568 00036040 */  sll     $t4, $v1,  1               
/* 00BDC 8086656C 318E003F */  andi    $t6, $t4, 0x003F           ## $t6 = 00000000
/* 00BE0 80866570 31AF007F */  andi    $t7, $t5, 0x007F           ## $t7 = 00000008
/* 00BE4 80866574 AFAF0020 */  sw      $t7, 0x0020($sp)           
/* 00BE8 80866578 AFAE001C */  sw      $t6, 0x001C($sp)           
/* 00BEC 8086657C AFB80024 */  sw      $t8, 0x0024($sp)           
/* 00BF0 80866580 AFAB0028 */  sw      $t3, 0x0028($sp)           
/* 00BF4 80866584 0C04B2F4 */  jal     func_8012CBD0              
/* 00BF8 80866588 AFA20050 */  sw      $v0, 0x0050($sp)           
/* 00BFC 8086658C 8FA80050 */  lw      $t0, 0x0050($sp)           
/* 00C00 80866590 3C190402 */  lui     $t9, 0x0402                ## $t9 = 04020000
/* 00C04 80866594 2739ACF0 */  addiu   $t9, $t9, 0xACF0           ## $t9 = 0401ACF0
/* 00C08 80866598 AD020004 */  sw      $v0, 0x0004($t0)           ## 00000004
/* 00C0C 8086659C AFB90068 */  sw      $t9, 0x0068($sp)           
/* 00C10 808665A0 8E0202C0 */  lw      $v0, 0x02C0($s0)           ## 000002C0
/* 00C14 808665A4 3C0CFA00 */  lui     $t4, 0xFA00                ## $t4 = FA000000
/* 00C18 808665A8 358CC0C0 */  ori     $t4, $t4, 0xC0C0           ## $t4 = FA00C0C0
/* 00C1C 808665AC 244A0008 */  addiu   $t2, $v0, 0x0008           ## $t2 = 00000008
/* 00C20 808665B0 AE0A02C0 */  sw      $t2, 0x02C0($s0)           ## 000002C0
/* 00C24 808665B4 3C0EFFC8 */  lui     $t6, 0xFFC8                ## $t6 = FFC80000
/* 00C28 808665B8 AC4E0004 */  sw      $t6, 0x0004($v0)           ## 00000004
/* 00C2C 808665BC AC4C0000 */  sw      $t4, 0x0000($v0)           ## 00000000
/* 00C30 808665C0 8E0202C0 */  lw      $v0, 0x02C0($s0)           ## 000002C0
/* 00C34 808665C4 3C0FFB00 */  lui     $t7, 0xFB00                ## $t7 = FB000000
/* 00C38 808665C8 3C18FF00 */  lui     $t8, 0xFF00                ## $t8 = FF000000
/* 00C3C 808665CC 244D0008 */  addiu   $t5, $v0, 0x0008           ## $t5 = 00000008
/* 00C40 808665D0 AE0D02C0 */  sw      $t5, 0x02C0($s0)           ## 000002C0
/* 00C44 808665D4 AC580004 */  sw      $t8, 0x0004($v0)           ## 00000004
/* 00C48 808665D8 AC4F0000 */  sw      $t7, 0x0000($v0)           ## 00000000
/* 00C4C 808665DC 8FA2007C */  lw      $v0, 0x007C($sp)           
.L808665E0:
/* 00C50 808665E0 844B0810 */  lh      $t3, 0x0810($v0)           ## 00000810
/* 00C54 808665E4 000BC880 */  sll     $t9, $t3,  2               
/* 00C58 808665E8 00595021 */  addu    $t2, $v0, $t9              
/* 00C5C 808665EC 0C037F37 */  jal     func_800DFCDC              
/* 00C60 808665F0 8D440800 */  lw      $a0, 0x0800($t2)           ## 00000808
/* 00C64 808665F4 8FAC0078 */  lw      $t4, 0x0078($sp)           
/* 00C68 808665F8 34018000 */  ori     $at, $zero, 0x8000         ## $at = 00008000
/* 00C6C 808665FC 24050001 */  addiu   $a1, $zero, 0x0001         ## $a1 = 00000001
/* 00C70 80866600 858E00BE */  lh      $t6, 0x00BE($t4)           ## 000000BE
/* 00C74 80866604 004E2023 */  subu    $a0, $v0, $t6              
/* 00C78 80866608 00812021 */  addu    $a0, $a0, $at              
/* 00C7C 8086660C 00042400 */  sll     $a0, $a0, 16               
/* 00C80 80866610 0C06026B */  jal     func_801809AC              
/* 00C84 80866614 00042403 */  sra     $a0, $a0, 16               
/* 00C88 80866618 8FAD0078 */  lw      $t5, 0x0078($sp)           
/* 00C8C 8086661C 3C018086 */  lui     $at, %hi(D_80866764)       ## $at = 80860000
/* 00C90 80866620 24050001 */  addiu   $a1, $zero, 0x0001         ## $a1 = 00000001
/* 00C94 80866624 85AF001C */  lh      $t7, 0x001C($t5)           ## 0000001C
/* 00C98 80866628 31F80001 */  andi    $t8, $t7, 0x0001           ## $t8 = 00000000
/* 00C9C 8086662C 53000004 */  beql    $t8, $zero, .L80866640     
/* 00CA0 80866630 3C013F80 */  lui     $at, 0x3F80                ## $at = 3F800000
/* 00CA4 80866634 0C0602D2 */  jal     func_80180B48              
/* 00CA8 80866638 C42C6764 */  lwc1    $f12, %lo(D_80866764)($at) 
/* 00CAC 8086663C 3C013F80 */  lui     $at, 0x3F80                ## $at = 3F800000
.L80866640:
/* 00CB0 80866640 44816000 */  mtc1    $at, $f12                  ## $f12 = 1.00
/* 00CB4 80866644 24070001 */  addiu   $a3, $zero, 0x0001         ## $a3 = 00000001
/* 00CB8 80866648 44066000 */  mfc1    $a2, $f12                  
/* 00CBC 8086664C 0C0600E7 */  jal     func_8018039C              
/* 00CC0 80866650 46006386 */  mov.s   $f14, $f12                 
/* 00CC4 80866654 8E0202C0 */  lw      $v0, 0x02C0($s0)           ## 000002C0
/* 00CC8 80866658 3C19DA38 */  lui     $t9, 0xDA38                ## $t9 = DA380000
/* 00CCC 8086665C 37390003 */  ori     $t9, $t9, 0x0003           ## $t9 = DA380003
/* 00CD0 80866660 244B0008 */  addiu   $t3, $v0, 0x0008           ## $t3 = 00000008
/* 00CD4 80866664 AE0B02C0 */  sw      $t3, 0x02C0($s0)           ## 000002C0
/* 00CD8 80866668 AC590000 */  sw      $t9, 0x0000($v0)           ## 00000000
/* 00CDC 8086666C 8FAA007C */  lw      $t2, 0x007C($sp)           
/* 00CE0 80866670 8D440000 */  lw      $a0, 0x0000($t2)           ## 00000000
/* 00CE4 80866674 0C060690 */  jal     func_80181A40              
/* 00CE8 80866678 AFA20044 */  sw      $v0, 0x0044($sp)           
/* 00CEC 8086667C 8FA30044 */  lw      $v1, 0x0044($sp)           
/* 00CF0 80866680 AC620004 */  sw      $v0, 0x0004($v1)           ## 00000004
/* 00CF4 80866684 8E0202C0 */  lw      $v0, 0x02C0($s0)           ## 000002C0
/* 00CF8 80866688 3C0EDE00 */  lui     $t6, 0xDE00                ## $t6 = DE000000
/* 00CFC 8086668C 244C0008 */  addiu   $t4, $v0, 0x0008           ## $t4 = 00000008
/* 00D00 80866690 AE0C02C0 */  sw      $t4, 0x02C0($s0)           ## 000002C0
/* 00D04 80866694 AC4E0000 */  sw      $t6, 0x0000($v0)           ## 00000000
/* 00D08 80866698 8FAD0068 */  lw      $t5, 0x0068($sp)           
/* 00D0C 8086669C AC4D0004 */  sw      $t5, 0x0004($v0)           ## 00000004
/* 00D10 808666A0 8FBF003C */  lw      $ra, 0x003C($sp)           
/* 00D14 808666A4 8FB00038 */  lw      $s0, 0x0038($sp)           
/* 00D18 808666A8 03E00008 */  jr      $ra                        
/* 00D1C 808666AC 27BD0078 */  addiu   $sp, $sp, 0x0078           ## $sp = 00000000

.section .data

D_808666B0: .word 0x00040700, 0x00000000, 0x00010000, 0x0000015C
.word func_80865990
.word func_80865BBC
.word func_80865C74
.word func_80866398
D_808666D0: .byte 0xFF, 0xC8, 0x00, 0xFF, 0xFF, 0x00, 0x00
D_808666D7: .byte \
0x4B, 0xFF, 0xEB, 0xAF, 0xFF, 0xFF, 0x00, 0x00, 0x4B, 0x00, 0xAA, 0xFF, 0xFF, 0x00, 0x00, 0xFF, \
0x4B, 0xAA, 0xFF, 0x00, 0xFF, 0x00, 0x96, 0x00, 0x4B, 0xFF, 0xC8, 0x00, 0xFF, 0xFF, 0x00, 0x00, \
0x28, 0xFF, 0xC8, 0x00, 0xFF, 0xFF, 0x00, 0x00, 0x4B, 0xAA, 0xFF, 0x00, 0xFF, 0x00, 0x96, 0x00, \
0x4B, 0x00, 0xAA, 0xFF, 0xFF, 0x00, 0x00, 0xFF, 0x4B, 0xFF, 0x00, 0xAA, 0xFF, 0xC8, 0x00, 0x00, \
0x4B, 0xFF, 0xFF, 0xAA, 0xFF, 0xFF, 0x32, 0x00, 0x4B, 0xFF, 0xFF, 0xAA, 0xFF, 0xFF, 0xFF, 0x00, \
0x4B, 0xFF, 0xFF, 0xAA, 0xFF, 0x64, 0xFF, 0x00, 0x4B, 0xFF, 0xAA, 0xFF, 0xFF, 0xFF, 0x00, 0x64, \
0x4B, 0xFF, 0xAA, 0xFF, 0xFF, 0x64, 0x00, 0xFF, 0x4B, 0xAA, 0xFF, 0xFF, 0xFF, 0x00, 0x00, 0xFF, \
0x4B, 0xAA, 0xFF, 0xFF, 0xFF, 0x00, 0x96, 0xFF, 0x4B

.section .rodata

D_80866750: .word 0x38D1B717
D_80866754: .word 0x38D1B717
D_80866758: .word 0x3DCCCCCD
D_8086675C: .word 0x3DCCCCCD
D_80866760: .word 0x38D1B717
D_80866764: .word 0x40490FDB, 0x00000000, 0x00000000


.section .rodata
D_80866770:
.incbin "baserom/En_Light", 0xDE0, 0x00000090
