.include "macro.inc"

# assembler directives
.set noat      # allow manual use of $at
.set noreorder # don't insert nops after branches
.set gp=64     # allow use of 64-bit general purpose registers

.section .text
glabel func_80A678B0
/* 00000 80A678B0 27BDFFD0 */  addiu   $sp, $sp, 0xFFD0           ## $sp = FFFFFFD0
/* 00004 80A678B4 AFB00028 */  sw      $s0, 0x0028($sp)           
/* 00008 80A678B8 00808025 */  or      $s0, $a0, $zero            ## $s0 = 00000000
/* 0000C 80A678BC AFBF002C */  sw      $ra, 0x002C($sp)           
/* 00010 80A678C0 AFA50034 */  sw      $a1, 0x0034($sp)           
/* 00014 80A678C4 3C06800B */  lui     $a2, 0x800B                ## $a2 = 800B0000
/* 00018 80A678C8 24C63FC0 */  addiu   $a2, $a2, 0x3FC0           ## $a2 = 800B3FC0
/* 0001C 80A678CC 260400BC */  addiu   $a0, $s0, 0x00BC           ## $a0 = 000000BC
/* 00020 80A678D0 24050000 */  addiu   $a1, $zero, 0x0000         ## $a1 = 00000000
/* 00024 80A678D4 0C02CEE9 */  jal     func_800B3BA4              
/* 00028 80A678D8 3C0741A0 */  lui     $a3, 0x41A0                ## $a3 = 41A00000
/* 0002C 80A678DC 3C060600 */  lui     $a2, 0x0600                ## $a2 = 06000000
/* 00030 80A678E0 3C070600 */  lui     $a3, 0x0600                ## $a3 = 06000000
/* 00034 80A678E4 260E0188 */  addiu   $t6, $s0, 0x0188           ## $t6 = 00000188
/* 00038 80A678E8 260F01CA */  addiu   $t7, $s0, 0x01CA           ## $t7 = 000001CA
/* 0003C 80A678EC 2418000B */  addiu   $t8, $zero, 0x000B         ## $t8 = 0000000B
/* 00040 80A678F0 AFB80018 */  sw      $t8, 0x0018($sp)           
/* 00044 80A678F4 AFAF0014 */  sw      $t7, 0x0014($sp)           
/* 00048 80A678F8 AFAE0010 */  sw      $t6, 0x0010($sp)           
/* 0004C 80A678FC 24E70430 */  addiu   $a3, $a3, 0x0430           ## $a3 = 06000430
/* 00050 80A67900 24C62848 */  addiu   $a2, $a2, 0x2848           ## $a2 = 06002848
/* 00054 80A67904 8FA40034 */  lw      $a0, 0x0034($sp)           
/* 00058 80A67908 0C04DA9F */  jal     func_80136A7C              
/* 0005C 80A6790C 26050144 */  addiu   $a1, $s0, 0x0144           ## $a1 = 00000144
/* 00060 80A67910 3C053C23 */  lui     $a1, 0x3C23                ## $a1 = 3C230000
/* 00064 80A67914 34A5D70A */  ori     $a1, $a1, 0xD70A           ## $a1 = 3C23D70A
/* 00068 80A67918 0C02D9F8 */  jal     func_800B67E0              
/* 0006C 80A6791C 02002025 */  or      $a0, $s0, $zero            ## $a0 = 00000000
/* 00070 80A67920 3C1980A7 */  lui     $t9, %hi(D_80A68630)       ## $t9 = 80A70000
/* 00074 80A67924 27398630 */  addiu   $t9, $t9, %lo(D_80A68630)  ## $t9 = 80A68630
/* 00078 80A67928 240800FF */  addiu   $t0, $zero, 0x00FF         ## $t0 = 000000FF
/* 0007C 80A6792C 24090001 */  addiu   $t1, $zero, 0x0001         ## $t1 = 00000001
/* 00080 80A67930 AE1900A0 */  sw      $t9, 0x00A0($s0)           ## 000000A0
/* 00084 80A67934 A20800B6 */  sb      $t0, 0x00B6($s0)           ## 000000B6
/* 00088 80A67938 A209001F */  sb      $t1, 0x001F($s0)           ## 0000001F
/* 0008C 80A6793C 3C0780A7 */  lui     $a3, %hi(D_80A68600)       ## $a3 = 80A70000
/* 00090 80A67940 24E78600 */  addiu   $a3, $a3, %lo(D_80A68600)  ## $a3 = 80A68600
/* 00094 80A67944 8FA40034 */  lw      $a0, 0x0034($sp)           
/* 00098 80A67948 26050244 */  addiu   $a1, $s0, 0x0244           ## $a1 = 00000244
/* 0009C 80A6794C 0C0384DD */  jal     func_800E1374              
/* 000A0 80A67950 02003025 */  or      $a2, $s0, $zero            ## $a2 = 00000000
/* 000A4 80A67954 8603001C */  lh      $v1, 0x001C($s0)           ## 0000001C
/* 000A8 80A67958 8E0A0004 */  lw      $t2, 0x0004($s0)           ## 00000004
/* 000AC 80A6795C 3C010800 */  lui     $at, 0x0800                ## $at = 08000000
/* 000B0 80A67960 306E007F */  andi    $t6, $v1, 0x007F           ## $t6 = 00000000
/* 000B4 80A67964 A60E021E */  sh      $t6, 0x021E($s0)           ## 0000021E
/* 000B8 80A67968 8605021E */  lh      $a1, 0x021E($s0)           ## 0000021E
/* 000BC 80A6796C 000361C3 */  sra     $t4, $v1,  7               
/* 000C0 80A67970 00037B03 */  sra     $t7, $v1, 12               
/* 000C4 80A67974 01415825 */  or      $t3, $t2, $at              ## $t3 = 08000000
/* 000C8 80A67978 318D001F */  andi    $t5, $t4, 0x001F           ## $t5 = 00000000
/* 000CC 80A6797C 31F8000F */  andi    $t8, $t7, 0x000F           ## $t8 = 00000000
/* 000D0 80A67980 2401007F */  addiu   $at, $zero, 0x007F         ## $at = 0000007F
/* 000D4 80A67984 AE0B0004 */  sw      $t3, 0x0004($s0)           ## 00000004
/* 000D8 80A67988 A60D0220 */  sh      $t5, 0x0220($s0)           ## 00000220
/* 000DC 80A6798C 14A10004 */  bne     $a1, $at, .L80A679A0       
/* 000E0 80A67990 A6180226 */  sh      $t8, 0x0226($s0)           ## 00000226
/* 000E4 80A67994 2419FFFF */  addiu   $t9, $zero, 0xFFFF         ## $t9 = FFFFFFFF
/* 000E8 80A67998 A619021E */  sh      $t9, 0x021E($s0)           ## 0000021E
/* 000EC 80A6799C 8605021E */  lh      $a1, 0x021E($s0)           ## 0000021E
.L80A679A0:
/* 000F0 80A679A0 04A2000A */  bltzl   $a1, .L80A679CC            
/* 000F4 80A679A4 86080220 */  lh      $t0, 0x0220($s0)           ## 00000220
/* 000F8 80A679A8 0C02D6EC */  jal     func_800B5BB0              
/* 000FC 80A679AC 8FA40034 */  lw      $a0, 0x0034($sp)           
/* 00100 80A679B0 50400006 */  beql    $v0, $zero, .L80A679CC     
/* 00104 80A679B4 86080220 */  lh      $t0, 0x0220($s0)           ## 00000220
/* 00108 80A679B8 0C02D9C3 */  jal     func_800B670C              
/* 0010C 80A679BC 02002025 */  or      $a0, $s0, $zero            ## $a0 = 00000000
/* 00110 80A679C0 1000000D */  beq     $zero, $zero, .L80A679F8   
/* 00114 80A679C4 8FBF002C */  lw      $ra, 0x002C($sp)           
/* 00118 80A679C8 86080220 */  lh      $t0, 0x0220($s0)           ## 00000220
.L80A679CC:
/* 0011C 80A679CC 2401001F */  addiu   $at, $zero, 0x001F         ## $at = 0000001F
/* 00120 80A679D0 02002025 */  or      $a0, $s0, $zero            ## $a0 = 00000000
/* 00124 80A679D4 15010005 */  bne     $t0, $at, .L80A679EC       
/* 00128 80A679D8 00000000 */  nop
/* 0012C 80A679DC 0C02D9C3 */  jal     func_800B670C              
/* 00130 80A679E0 02002025 */  or      $a0, $s0, $zero            ## $a0 = 00000000
/* 00134 80A679E4 10000004 */  beq     $zero, $zero, .L80A679F8   
/* 00138 80A679E8 8FBF002C */  lw      $ra, 0x002C($sp)           
.L80A679EC:
/* 0013C 80A679EC 0C299E8D */  jal     func_80A67A34              
/* 00140 80A679F0 A600021C */  sh      $zero, 0x021C($s0)         ## 0000021C
/* 00144 80A679F4 8FBF002C */  lw      $ra, 0x002C($sp)           
.L80A679F8:
/* 00148 80A679F8 8FB00028 */  lw      $s0, 0x0028($sp)           
/* 0014C 80A679FC 27BD0030 */  addiu   $sp, $sp, 0x0030           ## $sp = 00000000
/* 00150 80A67A00 03E00008 */  jr      $ra                        
/* 00154 80A67A04 00000000 */  nop


glabel func_80A67A08
/* 00158 80A67A08 27BDFFE8 */  addiu   $sp, $sp, 0xFFE8           ## $sp = FFFFFFE8
/* 0015C 80A67A0C AFBF0014 */  sw      $ra, 0x0014($sp)           
/* 00160 80A67A10 00803025 */  or      $a2, $a0, $zero            ## $a2 = 00000000
/* 00164 80A67A14 00A03825 */  or      $a3, $a1, $zero            ## $a3 = 00000000
/* 00168 80A67A18 00E02025 */  or      $a0, $a3, $zero            ## $a0 = 00000000
/* 0016C 80A67A1C 0C03847B */  jal     func_800E11EC              
/* 00170 80A67A20 24C50244 */  addiu   $a1, $a2, 0x0244           ## $a1 = 00000244
/* 00174 80A67A24 8FBF0014 */  lw      $ra, 0x0014($sp)           
/* 00178 80A67A28 27BD0018 */  addiu   $sp, $sp, 0x0018           ## $sp = 00000000
/* 0017C 80A67A2C 03E00008 */  jr      $ra                        
/* 00180 80A67A30 00000000 */  nop


glabel func_80A67A34
/* 00184 80A67A34 27BDFFD8 */  addiu   $sp, $sp, 0xFFD8           ## $sp = FFFFFFD8
/* 00188 80A67A38 AFBF0024 */  sw      $ra, 0x0024($sp)           
/* 0018C 80A67A3C AFA40028 */  sw      $a0, 0x0028($sp)           
/* 00190 80A67A40 3C040600 */  lui     $a0, 0x0600                ## $a0 = 06000000
/* 00194 80A67A44 0C04D1D2 */  jal     func_80134748              
/* 00198 80A67A48 24842B6C */  addiu   $a0, $a0, 0x2B6C           ## $a0 = 06002B6C
/* 0019C 80A67A4C 44822000 */  mtc1    $v0, $f4                   ## $f4 = 0.00
/* 001A0 80A67A50 3C01C120 */  lui     $at, 0xC120                ## $at = C1200000
/* 001A4 80A67A54 44814000 */  mtc1    $at, $f8                   ## $f8 = -10.00
/* 001A8 80A67A58 468021A0 */  cvt.s.w $f6, $f4                   
/* 001AC 80A67A5C 8FA40028 */  lw      $a0, 0x0028($sp)           
/* 001B0 80A67A60 3C050600 */  lui     $a1, 0x0600                ## $a1 = 06000000
/* 001B4 80A67A64 24A52B6C */  addiu   $a1, $a1, 0x2B6C           ## $a1 = 06002B6C
/* 001B8 80A67A68 3C063F80 */  lui     $a2, 0x3F80                ## $a2 = 3F800000
/* 001BC 80A67A6C 24070000 */  addiu   $a3, $zero, 0x0000         ## $a3 = 00000000
/* 001C0 80A67A70 E7A60010 */  swc1    $f6, 0x0010($sp)           
/* 001C4 80A67A74 AFA00014 */  sw      $zero, 0x0014($sp)         
/* 001C8 80A67A78 E7A80018 */  swc1    $f8, 0x0018($sp)           
/* 001CC 80A67A7C 0C04DCFA */  jal     func_801373E8              
/* 001D0 80A67A80 24840144 */  addiu   $a0, $a0, 0x0144           ## $a0 = 00000144
/* 001D4 80A67A84 8FA20028 */  lw      $v0, 0x0028($sp)           
/* 001D8 80A67A88 3C0E80A6 */  lui     $t6, %hi(func_80A67AA8)    ## $t6 = 80A60000
/* 001DC 80A67A8C 25CE7AA8 */  addiu   $t6, $t6, %lo(func_80A67AA8) ## $t6 = 80A67AA8
/* 001E0 80A67A90 A440021C */  sh      $zero, 0x021C($v0)         ## 0000021C
/* 001E4 80A67A94 AC4E020C */  sw      $t6, 0x020C($v0)           ## 0000020C
/* 001E8 80A67A98 8FBF0024 */  lw      $ra, 0x0024($sp)           
/* 001EC 80A67A9C 27BD0028 */  addiu   $sp, $sp, 0x0028           ## $sp = 00000000
/* 001F0 80A67AA0 03E00008 */  jr      $ra                        
/* 001F4 80A67AA4 00000000 */  nop


glabel func_80A67AA8
/* 001F8 80A67AA8 27BDFFC8 */  addiu   $sp, $sp, 0xFFC8           ## $sp = FFFFFFC8
/* 001FC 80A67AAC AFB00020 */  sw      $s0, 0x0020($sp)           
/* 00200 80A67AB0 00808025 */  or      $s0, $a0, $zero            ## $s0 = 00000000
/* 00204 80A67AB4 AFBF0024 */  sw      $ra, 0x0024($sp)           
/* 00208 80A67AB8 AFA5003C */  sw      $a1, 0x003C($sp)           
/* 0020C 80A67ABC 44802000 */  mtc1    $zero, $f4                 ## $f4 = 0.00
/* 00210 80A67AC0 26040144 */  addiu   $a0, $s0, 0x0144           ## $a0 = 00000144
/* 00214 80A67AC4 AFA4002C */  sw      $a0, 0x002C($sp)           
/* 00218 80A67AC8 0C04DB34 */  jal     func_80136CD0              
/* 0021C 80A67ACC E7A40034 */  swc1    $f4, 0x0034($sp)           
/* 00220 80A67AD0 0C05A433 */  jal     func_801690CC              
/* 00224 80A67AD4 8FA4003C */  lw      $a0, 0x003C($sp)           
/* 00228 80A67AD8 10400004 */  beq     $v0, $zero, .L80A67AEC     
/* 0022C 80A67ADC 3C014000 */  lui     $at, 0x4000                ## $at = 40000000
/* 00230 80A67AE0 44803000 */  mtc1    $zero, $f6                 ## $f6 = 0.00
/* 00234 80A67AE4 10000053 */  beq     $zero, $zero, .L80A67C34   
/* 00238 80A67AE8 E6060070 */  swc1    $f6, 0x0070($s0)           ## 00000070
.L80A67AEC:
/* 0023C 80A67AEC 44814000 */  mtc1    $at, $f8                   ## $f8 = 2.00
/* 00240 80A67AF0 3C053F80 */  lui     $a1, 0x3F80                ## $a1 = 3F800000
/* 00244 80A67AF4 E6080070 */  swc1    $f8, 0x0070($s0)           ## 00000070
/* 00248 80A67AF8 0C04DE2E */  jal     func_801378B8              
/* 0024C 80A67AFC 8FA4002C */  lw      $a0, 0x002C($sp)           
/* 00250 80A67B00 14400004 */  bne     $v0, $zero, .L80A67B14     
/* 00254 80A67B04 8FA4002C */  lw      $a0, 0x002C($sp)           
/* 00258 80A67B08 0C04DE2E */  jal     func_801378B8              
/* 0025C 80A67B0C 3C0540A0 */  lui     $a1, 0x40A0                ## $a1 = 40A00000
/* 00260 80A67B10 10400003 */  beq     $v0, $zero, .L80A67B20     
.L80A67B14:
/* 00264 80A67B14 02002025 */  or      $a0, $s0, $zero            ## $a0 = 00000000
/* 00268 80A67B18 0C02E3B2 */  jal     func_800B8EC8              
/* 0026C 80A67B1C 2405387F */  addiu   $a1, $zero, 0x387F         ## $a1 = 0000387F
.L80A67B20:
/* 00270 80A67B20 3C0E80A7 */  lui     $t6, %hi(D_80A6862C)       ## $t6 = 80A70000
/* 00274 80A67B24 8DCE862C */  lw      $t6, %lo(D_80A6862C)($t6)  
/* 00278 80A67B28 3C053E99 */  lui     $a1, 0x3E99                ## $a1 = 3E990000
/* 0027C 80A67B2C 8FA4003C */  lw      $a0, 0x003C($sp)           
/* 00280 80A67B30 11C00007 */  beq     $t6, $zero, .L80A67B50     
/* 00284 80A67B34 2406001F */  addiu   $a2, $zero, 0x001F         ## $a2 = 0000001F
/* 00288 80A67B38 26040070 */  addiu   $a0, $s0, 0x0070           ## $a0 = 00000070
/* 0028C 80A67B3C 34A5999A */  ori     $a1, $a1, 0x999A           ## $a1 = 3E99999A
/* 00290 80A67B40 0C03FF9A */  jal     func_800FFE68              
/* 00294 80A67B44 3C063F80 */  lui     $a2, 0x3F80                ## $a2 = 3F800000
/* 00298 80A67B48 1000003B */  beq     $zero, $zero, .L80A67C38   
/* 0029C 80A67B4C 8FBF0024 */  lw      $ra, 0x0024($sp)           
.L80A67B50:
/* 002A0 80A67B50 0C04F592 */  jal     func_8013D648              
/* 002A4 80A67B54 86050220 */  lh      $a1, 0x0220($s0)           ## 00000220
/* 002A8 80A67B58 1040000A */  beq     $v0, $zero, .L80A67B84     
/* 002AC 80A67B5C AE020210 */  sw      $v0, 0x0210($s0)           ## 00000210
/* 002B0 80A67B60 00402025 */  or      $a0, $v0, $zero            ## $a0 = 00000000
/* 002B4 80A67B64 86050214 */  lh      $a1, 0x0214($s0)           ## 00000214
/* 002B8 80A67B68 26060024 */  addiu   $a2, $s0, 0x0024           ## $a2 = 00000024
/* 002BC 80A67B6C 0C04F60F */  jal     func_8013D83C              
/* 002C0 80A67B70 27A70030 */  addiu   $a3, $sp, 0x0030           ## $a3 = FFFFFFF8
/* 002C4 80A67B74 44825000 */  mtc1    $v0, $f10                  ## $f10 = 0.00
/* 002C8 80A67B78 00000000 */  nop
/* 002CC 80A67B7C 46805420 */  cvt.s.w $f16, $f10                 
/* 002D0 80A67B80 E7B00034 */  swc1    $f16, 0x0034($sp)          
.L80A67B84:
/* 002D4 80A67B84 3C014120 */  lui     $at, 0x4120                ## $at = 41200000
/* 002D8 80A67B88 44812000 */  mtc1    $at, $f4                   ## $f4 = 10.00
/* 002DC 80A67B8C C7B20030 */  lwc1    $f18, 0x0030($sp)          
/* 002E0 80A67B90 4604903C */  c.lt.s  $f18, $f4                  
/* 002E4 80A67B94 00000000 */  nop
/* 002E8 80A67B98 4502001A */  bc1fl   .L80A67C04                 
/* 002EC 80A67B9C C7A80034 */  lwc1    $f8, 0x0034($sp)           
/* 002F0 80A67BA0 8E020210 */  lw      $v0, 0x0210($s0)           ## 00000210
/* 002F4 80A67BA4 50400017 */  beql    $v0, $zero, .L80A67C04     
/* 002F8 80A67BA8 C7A80034 */  lwc1    $f8, 0x0034($sp)           
/* 002FC 80A67BAC 860F0214 */  lh      $t7, 0x0214($s0)           ## 00000214
/* 00300 80A67BB0 25F80001 */  addiu   $t8, $t7, 0x0001           ## $t8 = 00000001
/* 00304 80A67BB4 A6180214 */  sh      $t8, 0x0214($s0)           ## 00000214
/* 00308 80A67BB8 90480000 */  lbu     $t0, 0x0000($v0)           ## 00000000
/* 0030C 80A67BBC 86190214 */  lh      $t9, 0x0214($s0)           ## 00000214
/* 00310 80A67BC0 0328082A */  slt     $at, $t9, $t0              
/* 00314 80A67BC4 14200002 */  bne     $at, $zero, .L80A67BD0     
/* 00318 80A67BC8 00000000 */  nop
/* 0031C 80A67BCC A6000214 */  sh      $zero, 0x0214($s0)         ## 00000214
.L80A67BD0:
/* 00320 80A67BD0 0C021BF7 */  jal     func_80086FDC              
/* 00324 80A67BD4 00000000 */  nop
/* 00328 80A67BD8 3C0180A7 */  lui     $at, %hi(D_80A68670)       ## $at = 80A70000
/* 0032C 80A67BDC C4268670 */  lwc1    $f6, %lo(D_80A68670)($at)  
/* 00330 80A67BE0 4606003C */  c.lt.s  $f0, $f6                   
/* 00334 80A67BE4 00000000 */  nop
/* 00338 80A67BE8 45020006 */  bc1fl   .L80A67C04                 
/* 0033C 80A67BEC C7A80034 */  lwc1    $f8, 0x0034($sp)           
/* 00340 80A67BF0 0C299F12 */  jal     func_80A67C48              
/* 00344 80A67BF4 02002025 */  or      $a0, $s0, $zero            ## $a0 = 00000000
/* 00348 80A67BF8 1000000F */  beq     $zero, $zero, .L80A67C38   
/* 0034C 80A67BFC 8FBF0024 */  lw      $ra, 0x0024($sp)           
/* 00350 80A67C00 C7A80034 */  lwc1    $f8, 0x0034($sp)           
.L80A67C04:
/* 00354 80A67C04 260400BE */  addiu   $a0, $s0, 0x00BE           ## $a0 = 000000BE
/* 00358 80A67C08 24060001 */  addiu   $a2, $zero, 0x0001         ## $a2 = 00000001
/* 0035C 80A67C0C 4600428D */  trunc.w.s $f10, $f8                  
/* 00360 80A67C10 24071388 */  addiu   $a3, $zero, 0x1388         ## $a3 = 00001388
/* 00364 80A67C14 AFA00010 */  sw      $zero, 0x0010($sp)         
/* 00368 80A67C18 44055000 */  mfc1    $a1, $f10                  
/* 0036C 80A67C1C 00000000 */  nop
/* 00370 80A67C20 00052C00 */  sll     $a1, $a1, 16               
/* 00374 80A67C24 0C03FFAF */  jal     func_800FFEBC              
/* 00378 80A67C28 00052C03 */  sra     $a1, $a1, 16               
/* 0037C 80A67C2C 860A00BE */  lh      $t2, 0x00BE($s0)           ## 000000BE
/* 00380 80A67C30 A60A0032 */  sh      $t2, 0x0032($s0)           ## 00000032
.L80A67C34:
/* 00384 80A67C34 8FBF0024 */  lw      $ra, 0x0024($sp)           
.L80A67C38:
/* 00388 80A67C38 8FB00020 */  lw      $s0, 0x0020($sp)           
/* 0038C 80A67C3C 27BD0038 */  addiu   $sp, $sp, 0x0038           ## $sp = 00000000
/* 00390 80A67C40 03E00008 */  jr      $ra                        
/* 00394 80A67C44 00000000 */  nop


glabel func_80A67C48
/* 00398 80A67C48 27BDFFD0 */  addiu   $sp, $sp, 0xFFD0           ## $sp = FFFFFFD0
/* 0039C 80A67C4C AFB00028 */  sw      $s0, 0x0028($sp)           
/* 003A0 80A67C50 00808025 */  or      $s0, $a0, $zero            ## $s0 = 00000000
/* 003A4 80A67C54 AFBF002C */  sw      $ra, 0x002C($sp)           
/* 003A8 80A67C58 3C040600 */  lui     $a0, 0x0600                ## $a0 = 06000000
/* 003AC 80A67C5C 0C04D1D2 */  jal     func_80134748              
/* 003B0 80A67C60 24842B6C */  addiu   $a0, $a0, 0x2B6C           ## $a0 = 06002B6C
/* 003B4 80A67C64 44822000 */  mtc1    $v0, $f4                   ## $f4 = 0.00
/* 003B8 80A67C68 3C01C120 */  lui     $at, 0xC120                ## $at = C1200000
/* 003BC 80A67C6C 44814000 */  mtc1    $at, $f8                   ## $f8 = -10.00
/* 003C0 80A67C70 468021A0 */  cvt.s.w $f6, $f4                   
/* 003C4 80A67C74 3C050600 */  lui     $a1, 0x0600                ## $a1 = 06000000
/* 003C8 80A67C78 240E0002 */  addiu   $t6, $zero, 0x0002         ## $t6 = 00000002
/* 003CC 80A67C7C AFAE0014 */  sw      $t6, 0x0014($sp)           
/* 003D0 80A67C80 24A52B6C */  addiu   $a1, $a1, 0x2B6C           ## $a1 = 06002B6C
/* 003D4 80A67C84 26040144 */  addiu   $a0, $s0, 0x0144           ## $a0 = 00000144
/* 003D8 80A67C88 E7A60010 */  swc1    $f6, 0x0010($sp)           
/* 003DC 80A67C8C 3C063F80 */  lui     $a2, 0x3F80                ## $a2 = 3F800000
/* 003E0 80A67C90 24070000 */  addiu   $a3, $zero, 0x0000         ## $a3 = 00000000
/* 003E4 80A67C94 0C04DCFA */  jal     func_801373E8              
/* 003E8 80A67C98 E7A80018 */  swc1    $f8, 0x0018($sp)           
/* 003EC 80A67C9C 24040001 */  addiu   $a0, $zero, 0x0001         ## $a0 = 00000001
/* 003F0 80A67CA0 0C03FD14 */  jal     func_800FF450              
/* 003F4 80A67CA4 24050003 */  addiu   $a1, $zero, 0x0003         ## $a1 = 00000003
/* 003F8 80A67CA8 A6020224 */  sh      $v0, 0x0224($s0)           ## 00000224
/* 003FC 80A67CAC 3C0180A7 */  lui     $at, %hi(D_80A68674)       ## $at = 80A70000
/* 00400 80A67CB0 C42A8674 */  lwc1    $f10, %lo(D_80A68674)($at) 
/* 00404 80A67CB4 0C021BF7 */  jal     func_80086FDC              
/* 00408 80A67CB8 E60A023C */  swc1    $f10, 0x023C($s0)          ## 0000023C
/* 0040C 80A67CBC 3C013F00 */  lui     $at, 0x3F00                ## $at = 3F000000
/* 00410 80A67CC0 44818000 */  mtc1    $at, $f16                  ## $f16 = 0.50
/* 00414 80A67CC4 3C1980A6 */  lui     $t9, %hi(func_80A67D0C)    ## $t9 = 80A60000
/* 00418 80A67CC8 3C0180A7 */  lui     $at, %hi(D_80A68678)       ## $at = 80A70000
/* 0041C 80A67CCC 4610003C */  c.lt.s  $f0, $f16                  
/* 00420 80A67CD0 240F000A */  addiu   $t7, $zero, 0x000A         ## $t7 = 0000000A
/* 00424 80A67CD4 24180001 */  addiu   $t8, $zero, 0x0001         ## $t8 = 00000001
/* 00428 80A67CD8 27397D0C */  addiu   $t9, $t9, %lo(func_80A67D0C) ## $t9 = 80A67D0C
/* 0042C 80A67CDC 45020004 */  bc1fl   .L80A67CF0                 
/* 00430 80A67CE0 A60F021A */  sh      $t7, 0x021A($s0)           ## 0000021A
/* 00434 80A67CE4 C4328678 */  lwc1    $f18, %lo(D_80A68678)($at) 
/* 00438 80A67CE8 E612023C */  swc1    $f18, 0x023C($s0)          ## 0000023C
/* 0043C 80A67CEC A60F021A */  sh      $t7, 0x021A($s0)           ## 0000021A
.L80A67CF0:
/* 00440 80A67CF0 A618021C */  sh      $t8, 0x021C($s0)           ## 0000021C
/* 00444 80A67CF4 AE19020C */  sw      $t9, 0x020C($s0)           ## 0000020C
/* 00448 80A67CF8 8FBF002C */  lw      $ra, 0x002C($sp)           
/* 0044C 80A67CFC 8FB00028 */  lw      $s0, 0x0028($sp)           
/* 00450 80A67D00 27BD0030 */  addiu   $sp, $sp, 0x0030           ## $sp = 00000000
/* 00454 80A67D04 03E00008 */  jr      $ra                        
/* 00458 80A67D08 00000000 */  nop


glabel func_80A67D0C
/* 0045C 80A67D0C 27BDFFE0 */  addiu   $sp, $sp, 0xFFE0           ## $sp = FFFFFFE0
/* 00460 80A67D10 AFB00018 */  sw      $s0, 0x0018($sp)           
/* 00464 80A67D14 00808025 */  or      $s0, $a0, $zero            ## $s0 = 00000000
/* 00468 80A67D18 AFBF001C */  sw      $ra, 0x001C($sp)           
/* 0046C 80A67D1C AFA50024 */  sw      $a1, 0x0024($sp)           
/* 00470 80A67D20 0C04DB34 */  jal     func_80136CD0              
/* 00474 80A67D24 26040144 */  addiu   $a0, $s0, 0x0144           ## $a0 = 00000144
/* 00478 80A67D28 3C053E99 */  lui     $a1, 0x3E99                ## $a1 = 3E990000
/* 0047C 80A67D2C 34A5999A */  ori     $a1, $a1, 0x999A           ## $a1 = 3E99999A
/* 00480 80A67D30 26040070 */  addiu   $a0, $s0, 0x0070           ## $a0 = 00000070
/* 00484 80A67D34 0C03FF9A */  jal     func_800FFE68              
/* 00488 80A67D38 3C063F80 */  lui     $a2, 0x3F80                ## $a2 = 3F800000
/* 0048C 80A67D3C 0C05A433 */  jal     func_801690CC              
/* 00490 80A67D40 8FA40024 */  lw      $a0, 0x0024($sp)           
/* 00494 80A67D44 14400075 */  bne     $v0, $zero, .L80A67F1C     
/* 00498 80A67D48 3C0E80A7 */  lui     $t6, %hi(D_80A6862C)       ## $t6 = 80A70000
/* 0049C 80A67D4C 8DCE862C */  lw      $t6, %lo(D_80A6862C)($t6)  
/* 004A0 80A67D50 55C00073 */  bnel    $t6, $zero, .L80A67F20     
/* 004A4 80A67D54 8FBF001C */  lw      $ra, 0x001C($sp)           
/* 004A8 80A67D58 860F021A */  lh      $t7, 0x021A($s0)           ## 0000021A
/* 004AC 80A67D5C 55E00070 */  bnel    $t7, $zero, .L80A67F20     
/* 004B0 80A67D60 8FBF001C */  lw      $ra, 0x001C($sp)           
/* 004B4 80A67D64 86030224 */  lh      $v1, 0x0224($s0)           ## 00000224
/* 004B8 80A67D68 2402000A */  addiu   $v0, $zero, 0x000A         ## $v0 = 0000000A
/* 004BC 80A67D6C A602021A */  sh      $v0, 0x021A($s0)           ## 0000021A
/* 004C0 80A67D70 2C61000C */  sltiu   $at, $v1, 0x000C           
/* 004C4 80A67D74 10200064 */  beq     $at, $zero, .L80A67F08     
/* 004C8 80A67D78 0003C080 */  sll     $t8, $v1,  2               
/* 004CC 80A67D7C 3C0180A7 */  lui     $at, %hi(D_80A6867C)       ## $at = 80A70000
/* 004D0 80A67D80 00380821 */  addu    $at, $at, $t8              
/* 004D4 80A67D84 8C38867C */  lw      $t8, %lo(D_80A6867C)($at)  
/* 004D8 80A67D88 03000008 */  jr      $t8                        
/* 004DC 80A67D8C 00000000 */  nop
.L80A67D90:
/* 004E0 80A67D90 3C01BF80 */  lui     $at, 0xBF80                ## $at = BF800000
/* 004E4 80A67D94 44813000 */  mtc1    $at, $f6                   ## $f6 = -1.00
/* 004E8 80A67D98 C604023C */  lwc1    $f4, 0x023C($s0)           ## 0000023C
/* 004EC 80A67D9C 24790001 */  addiu   $t9, $v1, 0x0001           ## $t9 = 00000001
/* 004F0 80A67DA0 A6190224 */  sh      $t9, 0x0224($s0)           ## 00000224
/* 004F4 80A67DA4 46062202 */  mul.s   $f8, $f4, $f6              
/* 004F8 80A67DA8 86030224 */  lh      $v1, 0x0224($s0)           ## 00000224
/* 004FC 80A67DAC 10000056 */  beq     $zero, $zero, .L80A67F08   
/* 00500 80A67DB0 E608023C */  swc1    $f8, 0x023C($s0)           ## 0000023C
.L80A67DB4:
/* 00504 80A67DB4 44805000 */  mtc1    $zero, $f10                ## $f10 = 0.00
/* 00508 80A67DB8 24040001 */  addiu   $a0, $zero, 0x0001         ## $a0 = 00000001
/* 0050C 80A67DBC 24050002 */  addiu   $a1, $zero, 0x0002         ## $a1 = 00000002
/* 00510 80A67DC0 0C03FD14 */  jal     func_800FF450              
/* 00514 80A67DC4 E60A023C */  swc1    $f10, 0x023C($s0)          ## 0000023C
/* 00518 80A67DC8 86080224 */  lh      $t0, 0x0224($s0)           ## 00000224
/* 0051C 80A67DCC A600021A */  sh      $zero, 0x021A($s0)         ## 0000021A
/* 00520 80A67DD0 01024821 */  addu    $t1, $t0, $v0              
/* 00524 80A67DD4 A6090224 */  sh      $t1, 0x0224($s0)           ## 00000224
/* 00528 80A67DD8 1000004B */  beq     $zero, $zero, .L80A67F08   
/* 0052C 80A67DDC 86030224 */  lh      $v1, 0x0224($s0)           ## 00000224
.L80A67DE0:
/* 00530 80A67DE0 C610023C */  lwc1    $f16, 0x023C($s0)          ## 0000023C
/* 00534 80A67DE4 C6120230 */  lwc1    $f18, 0x0230($s0)          ## 00000230
/* 00538 80A67DE8 3C014120 */  lui     $at, 0x4120                ## $at = 41200000
/* 0053C 80A67DEC 44812000 */  mtc1    $at, $f4                   ## $f4 = 10.00
/* 00540 80A67DF0 46128001 */  sub.s   $f0, $f16, $f18            
/* 00544 80A67DF4 3C01457A */  lui     $at, 0x457A                ## $at = 457A0000
/* 00548 80A67DF8 240A0005 */  addiu   $t2, $zero, 0x0005         ## $t2 = 00000005
/* 0054C 80A67DFC 46000005 */  abs.s   $f0, $f0                   
/* 00550 80A67E00 4604003C */  c.lt.s  $f0, $f4                   
/* 00554 80A67E04 00000000 */  nop
/* 00558 80A67E08 45020040 */  bc1fl   .L80A67F0C                 
/* 0055C 80A67E0C 2401000C */  addiu   $at, $zero, 0x000C         ## $at = 0000000C
/* 00560 80A67E10 44813000 */  mtc1    $at, $f6                   ## $f6 = 0.00
/* 00564 80A67E14 A6020224 */  sh      $v0, 0x0224($s0)           ## 00000224
/* 00568 80A67E18 86030224 */  lh      $v1, 0x0224($s0)           ## 00000224
/* 0056C 80A67E1C A60A021A */  sh      $t2, 0x021A($s0)           ## 0000021A
/* 00570 80A67E20 10000039 */  beq     $zero, $zero, .L80A67F08   
/* 00574 80A67E24 E6060238 */  swc1    $f6, 0x0238($s0)           ## 00000238
.L80A67E28:
/* 00578 80A67E28 C608023C */  lwc1    $f8, 0x023C($s0)           ## 0000023C
/* 0057C 80A67E2C C60A0230 */  lwc1    $f10, 0x0230($s0)          ## 00000230
/* 00580 80A67E30 3C014120 */  lui     $at, 0x4120                ## $at = 41200000
/* 00584 80A67E34 44818000 */  mtc1    $at, $f16                  ## $f16 = 10.00
/* 00588 80A67E38 460A4001 */  sub.s   $f0, $f8, $f10             
/* 0058C 80A67E3C 3C01457A */  lui     $at, 0x457A                ## $at = 457A0000
/* 00590 80A67E40 246B0001 */  addiu   $t3, $v1, 0x0001           ## $t3 = 00000001
/* 00594 80A67E44 46000005 */  abs.s   $f0, $f0                   
/* 00598 80A67E48 4610003C */  c.lt.s  $f0, $f16                  
/* 0059C 80A67E4C 00000000 */  nop
/* 005A0 80A67E50 4502002E */  bc1fl   .L80A67F0C                 
/* 005A4 80A67E54 2401000C */  addiu   $at, $zero, 0x000C         ## $at = 0000000C
/* 005A8 80A67E58 44819000 */  mtc1    $at, $f18                  ## $f18 = 0.00
/* 005AC 80A67E5C A60B0224 */  sh      $t3, 0x0224($s0)           ## 00000224
/* 005B0 80A67E60 86030224 */  lh      $v1, 0x0224($s0)           ## 00000224
/* 005B4 80A67E64 10000028 */  beq     $zero, $zero, .L80A67F08   
/* 005B8 80A67E68 E6120240 */  swc1    $f18, 0x0240($s0)          ## 00000240
.L80A67E6C:
/* 005BC 80A67E6C 3C01C5FA */  lui     $at, 0xC5FA                ## $at = C5FA0000
/* 005C0 80A67E70 44812000 */  mtc1    $at, $f4                   ## $f4 = -8000.00
/* 005C4 80A67E74 A6020224 */  sh      $v0, 0x0224($s0)           ## 00000224
/* 005C8 80A67E78 240C0014 */  addiu   $t4, $zero, 0x0014         ## $t4 = 00000014
/* 005CC 80A67E7C A60C021A */  sh      $t4, 0x021A($s0)           ## 0000021A
/* 005D0 80A67E80 86030224 */  lh      $v1, 0x0224($s0)           ## 00000224
/* 005D4 80A67E84 10000020 */  beq     $zero, $zero, .L80A67F08   
/* 005D8 80A67E88 E6040240 */  swc1    $f4, 0x0240($s0)           ## 00000240
.L80A67E8C:
/* 005DC 80A67E8C 3C05801D */  lui     $a1, 0x801D                ## $a1 = 801D0000
/* 005E0 80A67E90 24A515B0 */  addiu   $a1, $a1, 0x15B0           ## $a1 = 801D15B0
/* 005E4 80A67E94 0C03FD43 */  jal     func_800FF50C              
/* 005E8 80A67E98 26040238 */  addiu   $a0, $s0, 0x0238           ## $a0 = 00000238
/* 005EC 80A67E9C 240D000B */  addiu   $t5, $zero, 0x000B         ## $t5 = 0000000B
/* 005F0 80A67EA0 A60D0224 */  sh      $t5, 0x0224($s0)           ## 00000224
/* 005F4 80A67EA4 10000018 */  beq     $zero, $zero, .L80A67F08   
/* 005F8 80A67EA8 86030224 */  lh      $v1, 0x0224($s0)           ## 00000224
.L80A67EAC:
/* 005FC 80A67EAC C600022C */  lwc1    $f0, 0x022C($s0)           ## 0000022C
/* 00600 80A67EB0 3C0141F0 */  lui     $at, 0x41F0                ## $at = 41F00000
/* 00604 80A67EB4 44811000 */  mtc1    $at, $f2                   ## $f2 = 30.00
/* 00608 80A67EB8 46000005 */  abs.s   $f0, $f0                   
/* 0060C 80A67EBC 4602003C */  c.lt.s  $f0, $f2                   
/* 00610 80A67EC0 00000000 */  nop
/* 00614 80A67EC4 45020011 */  bc1fl   .L80A67F0C                 
/* 00618 80A67EC8 2401000C */  addiu   $at, $zero, 0x000C         ## $at = 0000000C
/* 0061C 80A67ECC C6000230 */  lwc1    $f0, 0x0230($s0)           ## 00000230
/* 00620 80A67ED0 46000005 */  abs.s   $f0, $f0                   
/* 00624 80A67ED4 4602003C */  c.lt.s  $f0, $f2                   
/* 00628 80A67ED8 00000000 */  nop
/* 0062C 80A67EDC 4502000B */  bc1fl   .L80A67F0C                 
/* 00630 80A67EE0 2401000C */  addiu   $at, $zero, 0x000C         ## $at = 0000000C
/* 00634 80A67EE4 C6000234 */  lwc1    $f0, 0x0234($s0)           ## 00000234
/* 00638 80A67EE8 240E000C */  addiu   $t6, $zero, 0x000C         ## $t6 = 0000000C
/* 0063C 80A67EEC 46000005 */  abs.s   $f0, $f0                   
/* 00640 80A67EF0 4602003C */  c.lt.s  $f0, $f2                   
/* 00644 80A67EF4 00000000 */  nop
/* 00648 80A67EF8 45020004 */  bc1fl   .L80A67F0C                 
/* 0064C 80A67EFC 2401000C */  addiu   $at, $zero, 0x000C         ## $at = 0000000C
/* 00650 80A67F00 A60E0224 */  sh      $t6, 0x0224($s0)           ## 00000224
/* 00654 80A67F04 86030224 */  lh      $v1, 0x0224($s0)           ## 00000224
.L80A67F08:
/* 00658 80A67F08 2401000C */  addiu   $at, $zero, 0x000C         ## $at = 0000000C
.L80A67F0C:
/* 0065C 80A67F0C 14610003 */  bne     $v1, $at, .L80A67F1C       
/* 00660 80A67F10 02002025 */  or      $a0, $s0, $zero            ## $a0 = 00000000
/* 00664 80A67F14 0C299E8D */  jal     func_80A67A34              
/* 00668 80A67F18 A6000224 */  sh      $zero, 0x0224($s0)         ## 00000224
.L80A67F1C:
/* 0066C 80A67F1C 8FBF001C */  lw      $ra, 0x001C($sp)           
.L80A67F20:
/* 00670 80A67F20 8FB00018 */  lw      $s0, 0x0018($sp)           
/* 00674 80A67F24 27BD0020 */  addiu   $sp, $sp, 0x0020           ## $sp = 00000000
/* 00678 80A67F28 03E00008 */  jr      $ra                        
/* 0067C 80A67F2C 00000000 */  nop


glabel func_80A67F30
/* 00680 80A67F30 27BDFFD0 */  addiu   $sp, $sp, 0xFFD0           ## $sp = FFFFFFD0
/* 00684 80A67F34 AFB00028 */  sw      $s0, 0x0028($sp)           
/* 00688 80A67F38 00808025 */  or      $s0, $a0, $zero            ## $s0 = 00000000
/* 0068C 80A67F3C AFBF002C */  sw      $ra, 0x002C($sp)           
/* 00690 80A67F40 AFA50034 */  sw      $a1, 0x0034($sp)           
/* 00694 80A67F44 3C040600 */  lui     $a0, 0x0600                ## $a0 = 06000000
/* 00698 80A67F48 0C04D1D2 */  jal     func_80134748              
/* 0069C 80A67F4C 24842B6C */  addiu   $a0, $a0, 0x2B6C           ## $a0 = 06002B6C
/* 006A0 80A67F50 44822000 */  mtc1    $v0, $f4                   ## $f4 = 0.00
/* 006A4 80A67F54 3C01C120 */  lui     $at, 0xC120                ## $at = C1200000
/* 006A8 80A67F58 44814000 */  mtc1    $at, $f8                   ## $f8 = -10.00
/* 006AC 80A67F5C 468021A0 */  cvt.s.w $f6, $f4                   
/* 006B0 80A67F60 3C050600 */  lui     $a1, 0x0600                ## $a1 = 06000000
/* 006B4 80A67F64 24A52B6C */  addiu   $a1, $a1, 0x2B6C           ## $a1 = 06002B6C
/* 006B8 80A67F68 26040144 */  addiu   $a0, $s0, 0x0144           ## $a0 = 00000144
/* 006BC 80A67F6C 3C064000 */  lui     $a2, 0x4000                ## $a2 = 40000000
/* 006C0 80A67F70 24070000 */  addiu   $a3, $zero, 0x0000         ## $a3 = 00000000
/* 006C4 80A67F74 E7A60010 */  swc1    $f6, 0x0010($sp)           
/* 006C8 80A67F78 AFA00014 */  sw      $zero, 0x0014($sp)         
/* 006CC 80A67F7C 0C04DCFA */  jal     func_801373E8              
/* 006D0 80A67F80 E7A80018 */  swc1    $f8, 0x0018($sp)           
/* 006D4 80A67F84 240E0002 */  addiu   $t6, $zero, 0x0002         ## $t6 = 00000002
/* 006D8 80A67F88 240F012C */  addiu   $t7, $zero, 0x012C         ## $t7 = 0000012C
/* 006DC 80A67F8C A60E021C */  sh      $t6, 0x021C($s0)           ## 0000021C
/* 006E0 80A67F90 A60F021A */  sh      $t7, 0x021A($s0)           ## 0000021A
/* 006E4 80A67F94 8FA40034 */  lw      $a0, 0x0034($sp)           
/* 006E8 80A67F98 24050833 */  addiu   $a1, $zero, 0x0833         ## $a1 = 00000833
/* 006EC 80A67F9C 0C05462C */  jal     func_801518B0              
/* 006F0 80A67FA0 02003025 */  or      $a2, $s0, $zero            ## $a2 = 00000000
/* 006F4 80A67FA4 3C1880A6 */  lui     $t8, %hi(func_80A67FC4)    ## $t8 = 80A60000
/* 006F8 80A67FA8 27187FC4 */  addiu   $t8, $t8, %lo(func_80A67FC4) ## $t8 = 80A67FC4
/* 006FC 80A67FAC AE18020C */  sw      $t8, 0x020C($s0)           ## 0000020C
/* 00700 80A67FB0 8FBF002C */  lw      $ra, 0x002C($sp)           
/* 00704 80A67FB4 8FB00028 */  lw      $s0, 0x0028($sp)           
/* 00708 80A67FB8 27BD0030 */  addiu   $sp, $sp, 0x0030           ## $sp = 00000000
/* 0070C 80A67FBC 03E00008 */  jr      $ra                        
/* 00710 80A67FC0 00000000 */  nop


glabel func_80A67FC4
/* 00714 80A67FC4 27BDFFD0 */  addiu   $sp, $sp, 0xFFD0           ## $sp = FFFFFFD0
/* 00718 80A67FC8 AFB00020 */  sw      $s0, 0x0020($sp)           
/* 0071C 80A67FCC 00808025 */  or      $s0, $a0, $zero            ## $s0 = 00000000
/* 00720 80A67FD0 AFBF0024 */  sw      $ra, 0x0024($sp)           
/* 00724 80A67FD4 AFA50034 */  sw      $a1, 0x0034($sp)           
/* 00728 80A67FD8 26040144 */  addiu   $a0, $s0, 0x0144           ## $a0 = 00000144
/* 0072C 80A67FDC 0C04DB34 */  jal     func_80136CD0              
/* 00730 80A67FE0 AFA4002C */  sw      $a0, 0x002C($sp)           
/* 00734 80A67FE4 8FA4002C */  lw      $a0, 0x002C($sp)           
/* 00738 80A67FE8 0C04DE2E */  jal     func_801378B8              
/* 0073C 80A67FEC 3C053F80 */  lui     $a1, 0x3F80                ## $a1 = 3F800000
/* 00740 80A67FF0 14400004 */  bne     $v0, $zero, .L80A68004     
/* 00744 80A67FF4 8FA4002C */  lw      $a0, 0x002C($sp)           
/* 00748 80A67FF8 0C04DE2E */  jal     func_801378B8              
/* 0074C 80A67FFC 3C0540A0 */  lui     $a1, 0x40A0                ## $a1 = 40A00000
/* 00750 80A68000 10400003 */  beq     $v0, $zero, .L80A68010     
.L80A68004:
/* 00754 80A68004 02002025 */  or      $a0, $s0, $zero            ## $a0 = 00000000
/* 00758 80A68008 0C02E3B2 */  jal     func_800B8EC8              
/* 0075C 80A6800C 2405387F */  addiu   $a1, $zero, 0x387F         ## $a1 = 0000387F
.L80A68010:
/* 00760 80A68010 3C014080 */  lui     $at, 0x4080                ## $at = 40800000
/* 00764 80A68014 44812000 */  mtc1    $at, $f4                   ## $f4 = 4.00
/* 00768 80A68018 86050092 */  lh      $a1, 0x0092($s0)           ## 00000092
/* 0076C 80A6801C 26040032 */  addiu   $a0, $s0, 0x0032           ## $a0 = 00000032
/* 00770 80A68020 E6040070 */  swc1    $f4, 0x0070($s0)           ## 00000070
/* 00774 80A68024 AFA00010 */  sw      $zero, 0x0010($sp)         
/* 00778 80A68028 24060001 */  addiu   $a2, $zero, 0x0001         ## $a2 = 00000001
/* 0077C 80A6802C 0C03FFAF */  jal     func_800FFEBC              
/* 00780 80A68030 24070BB8 */  addiu   $a3, $zero, 0x0BB8         ## $a3 = 00000BB8
/* 00784 80A68034 3C01428C */  lui     $at, 0x428C                ## $at = 428C0000
/* 00788 80A68038 44814000 */  mtc1    $at, $f8                   ## $f8 = 70.00
/* 0078C 80A6803C C6060098 */  lwc1    $f6, 0x0098($s0)           ## 00000098
/* 00790 80A68040 4608303C */  c.lt.s  $f6, $f8                   
/* 00794 80A68044 00000000 */  nop
/* 00798 80A68048 45030005 */  bc1tl   .L80A68060                 
/* 0079C 80A6804C 44805000 */  mtc1    $zero, $f10                ## $f10 = 0.00
/* 007A0 80A68050 860E021A */  lh      $t6, 0x021A($s0)           ## 0000021A
/* 007A4 80A68054 55C00006 */  bnel    $t6, $zero, .L80A68070     
/* 007A8 80A68058 8FBF0024 */  lw      $ra, 0x0024($sp)           
/* 007AC 80A6805C 44805000 */  mtc1    $zero, $f10                ## $f10 = 0.00
.L80A68060:
/* 007B0 80A68060 02002025 */  or      $a0, $s0, $zero            ## $a0 = 00000000
/* 007B4 80A68064 0C29A020 */  jal     func_80A68080              
/* 007B8 80A68068 E60A0070 */  swc1    $f10, 0x0070($s0)          ## 00000070
/* 007BC 80A6806C 8FBF0024 */  lw      $ra, 0x0024($sp)           
.L80A68070:
/* 007C0 80A68070 8FB00020 */  lw      $s0, 0x0020($sp)           
/* 007C4 80A68074 27BD0030 */  addiu   $sp, $sp, 0x0030           ## $sp = 00000000
/* 007C8 80A68078 03E00008 */  jr      $ra                        
/* 007CC 80A6807C 00000000 */  nop


glabel func_80A68080
/* 007D0 80A68080 27BDFFD8 */  addiu   $sp, $sp, 0xFFD8           ## $sp = FFFFFFD8
/* 007D4 80A68084 AFBF0024 */  sw      $ra, 0x0024($sp)           
/* 007D8 80A68088 AFA40028 */  sw      $a0, 0x0028($sp)           
/* 007DC 80A6808C 3C040600 */  lui     $a0, 0x0600                ## $a0 = 06000000
/* 007E0 80A68090 0C04D1D2 */  jal     func_80134748              
/* 007E4 80A68094 24842B6C */  addiu   $a0, $a0, 0x2B6C           ## $a0 = 06002B6C
/* 007E8 80A68098 44822000 */  mtc1    $v0, $f4                   ## $f4 = 0.00
/* 007EC 80A6809C 3C01C120 */  lui     $at, 0xC120                ## $at = C1200000
/* 007F0 80A680A0 44814000 */  mtc1    $at, $f8                   ## $f8 = -10.00
/* 007F4 80A680A4 468021A0 */  cvt.s.w $f6, $f4                   
/* 007F8 80A680A8 8FA40028 */  lw      $a0, 0x0028($sp)           
/* 007FC 80A680AC 3C050600 */  lui     $a1, 0x0600                ## $a1 = 06000000
/* 00800 80A680B0 240E0002 */  addiu   $t6, $zero, 0x0002         ## $t6 = 00000002
/* 00804 80A680B4 AFAE0014 */  sw      $t6, 0x0014($sp)           
/* 00808 80A680B8 24A52B6C */  addiu   $a1, $a1, 0x2B6C           ## $a1 = 06002B6C
/* 0080C 80A680BC E7A60010 */  swc1    $f6, 0x0010($sp)           
/* 00810 80A680C0 3C063F80 */  lui     $a2, 0x3F80                ## $a2 = 3F800000
/* 00814 80A680C4 24070000 */  addiu   $a3, $zero, 0x0000         ## $a3 = 00000000
/* 00818 80A680C8 E7A80018 */  swc1    $f8, 0x0018($sp)           
/* 0081C 80A680CC 0C04DCFA */  jal     func_801373E8              
/* 00820 80A680D0 24840144 */  addiu   $a0, $a0, 0x0144           ## $a0 = 00000144
/* 00824 80A680D4 8FA20028 */  lw      $v0, 0x0028($sp)           
/* 00828 80A680D8 3C1880A7 */  lui     $t8, %hi(func_80A680FC)    ## $t8 = 80A70000
/* 0082C 80A680DC 240F0003 */  addiu   $t7, $zero, 0x0003         ## $t7 = 00000003
/* 00830 80A680E0 271880FC */  addiu   $t8, $t8, %lo(func_80A680FC) ## $t8 = 80A680FC
/* 00834 80A680E4 A44F021C */  sh      $t7, 0x021C($v0)           ## 0000021C
/* 00838 80A680E8 AC58020C */  sw      $t8, 0x020C($v0)           ## 0000020C
/* 0083C 80A680EC 8FBF0024 */  lw      $ra, 0x0024($sp)           
/* 00840 80A680F0 27BD0028 */  addiu   $sp, $sp, 0x0028           ## $sp = 00000000
/* 00844 80A680F4 03E00008 */  jr      $ra                        
/* 00848 80A680F8 00000000 */  nop


glabel func_80A680FC
/* 0084C 80A680FC 27BDFFD8 */  addiu   $sp, $sp, 0xFFD8           ## $sp = FFFFFFD8
/* 00850 80A68100 AFB00020 */  sw      $s0, 0x0020($sp)           
/* 00854 80A68104 00A08025 */  or      $s0, $a1, $zero            ## $s0 = 00000000
/* 00858 80A68108 AFBF0024 */  sw      $ra, 0x0024($sp)           
/* 0085C 80A6810C AFA40028 */  sw      $a0, 0x0028($sp)           
/* 00860 80A68110 8FA40028 */  lw      $a0, 0x0028($sp)           
/* 00864 80A68114 0C04DB34 */  jal     func_80136CD0              
/* 00868 80A68118 24840144 */  addiu   $a0, $a0, 0x0144           ## $a0 = 00000144
/* 0086C 80A6811C 8FA30028 */  lw      $v1, 0x0028($sp)           
/* 00870 80A68120 24060001 */  addiu   $a2, $zero, 0x0001         ## $a2 = 00000001
/* 00874 80A68124 24070BB8 */  addiu   $a3, $zero, 0x0BB8         ## $a3 = 00000BB8
/* 00878 80A68128 84650092 */  lh      $a1, 0x0092($v1)           ## 00000092
/* 0087C 80A6812C AFA00010 */  sw      $zero, 0x0010($sp)         
/* 00880 80A68130 0C03FFAF */  jal     func_800FFEBC              
/* 00884 80A68134 24640032 */  addiu   $a0, $v1, 0x0032           ## $a0 = 00000032
/* 00888 80A68138 0C054926 */  jal     func_80152498              
/* 0088C 80A6813C 26044908 */  addiu   $a0, $s0, 0x4908           ## $a0 = 00004908
/* 00890 80A68140 24010005 */  addiu   $at, $zero, 0x0005         ## $at = 00000005
/* 00894 80A68144 5441001B */  bnel    $v0, $at, .L80A681B4       
/* 00898 80A68148 8FBF0024 */  lw      $ra, 0x0024($sp)           
/* 0089C 80A6814C 0C051D89 */  jal     func_80147624              
/* 008A0 80A68150 02002025 */  or      $a0, $s0, $zero            ## $a0 = 00000000
/* 008A4 80A68154 50400017 */  beql    $v0, $zero, .L80A681B4     
/* 008A8 80A68158 8FBF0024 */  lw      $ra, 0x0024($sp)           
/* 008AC 80A6815C 0C051DED */  jal     func_801477B4              
/* 008B0 80A68160 02002025 */  or      $a0, $s0, $zero            ## $a0 = 00000000
/* 008B4 80A68164 8FAE0028 */  lw      $t6, 0x0028($sp)           
/* 008B8 80A68168 0C04C1E1 */  jal     func_80130784              
/* 008BC 80A6816C 85C40226 */  lh      $a0, 0x0226($t6)           ## 00000226
/* 008C0 80A68170 3C010002 */  lui     $at, 0x0002                ## $at = 00020000
/* 008C4 80A68174 00300821 */  addu    $at, $at, $s0              
/* 008C8 80A68178 A422887A */  sh      $v0, -0x7786($at)          ## 0001887A
/* 008CC 80A6817C 3C01801F */  lui     $at, 0x801F                ## $at = 801F0000
/* 008D0 80A68180 A42035BA */  sh      $zero, 0x35BA($at)         ## 801F35BA
/* 008D4 80A68184 0C04C1A9 */  jal     func_801306A4              
/* 008D8 80A68188 02002025 */  or      $a0, $s0, $zero            ## $a0 = 00000000
/* 008DC 80A6818C 3C010002 */  lui     $at, 0x0002                ## $at = 00020000
/* 008E0 80A68190 3C02801F */  lui     $v0, 0x801F                ## $v0 = 801F0000
/* 008E4 80A68194 00300821 */  addu    $at, $at, $s0              
/* 008E8 80A68198 240F0014 */  addiu   $t7, $zero, 0x0014         ## $t7 = 00000014
/* 008EC 80A6819C 2442F670 */  addiu   $v0, $v0, 0xF670           ## $v0 = 801EF670
/* 008F0 80A681A0 A02F8875 */  sb      $t7, -0x778B($at)          ## 00018875
/* 008F4 80A681A4 90580F09 */  lbu     $t8, 0x0F09($v0)           ## 801F0579
/* 008F8 80A681A8 37190004 */  ori     $t9, $t8, 0x0004           ## $t9 = 00000004
/* 008FC 80A681AC A0590F09 */  sb      $t9, 0x0F09($v0)           ## 801F0579
/* 00900 80A681B0 8FBF0024 */  lw      $ra, 0x0024($sp)           
.L80A681B4:
/* 00904 80A681B4 8FB00020 */  lw      $s0, 0x0020($sp)           
/* 00908 80A681B8 27BD0028 */  addiu   $sp, $sp, 0x0028           ## $sp = 00000000
/* 0090C 80A681BC 03E00008 */  jr      $ra                        
/* 00910 80A681C0 00000000 */  nop


glabel func_80A681C4
/* 00914 80A681C4 27BDFF90 */  addiu   $sp, $sp, 0xFF90           ## $sp = FFFFFF90
/* 00918 80A681C8 AFB00028 */  sw      $s0, 0x0028($sp)           
/* 0091C 80A681CC 00808025 */  or      $s0, $a0, $zero            ## $s0 = 00000000
/* 00920 80A681D0 AFBF002C */  sw      $ra, 0x002C($sp)           
/* 00924 80A681D4 AFA50074 */  sw      $a1, 0x0074($sp)           
/* 00928 80A681D8 860E0218 */  lh      $t6, 0x0218($s0)           ## 00000218
/* 0092C 80A681DC 55C00011 */  bnel    $t6, $zero, .L80A68224     
/* 00930 80A681E0 8E19020C */  lw      $t9, 0x020C($s0)           ## 0000020C
/* 00934 80A681E4 860F0216 */  lh      $t7, 0x0216($s0)           ## 00000216
/* 00938 80A681E8 25F80001 */  addiu   $t8, $t7, 0x0001           ## $t8 = 00000001
/* 0093C 80A681EC A6180216 */  sh      $t8, 0x0216($s0)           ## 00000216
/* 00940 80A681F0 86190216 */  lh      $t9, 0x0216($s0)           ## 00000216
/* 00944 80A681F4 2B210003 */  slti    $at, $t9, 0x0003           
/* 00948 80A681F8 14200009 */  bne     $at, $zero, .L80A68220     
/* 0094C 80A681FC 3C014270 */  lui     $at, 0x4270                ## $at = 42700000
/* 00950 80A68200 44816000 */  mtc1    $at, $f12                  ## $f12 = 60.00
/* 00954 80A68204 0C05E565 */  jal     func_80179594              
/* 00958 80A68208 A6000216 */  sh      $zero, 0x0216($s0)         ## 00000216
/* 0095C 80A6820C 4600010D */  trunc.w.s $f4, $f0                   
/* 00960 80A68210 440B2000 */  mfc1    $t3, $f4                   
/* 00964 80A68214 00000000 */  nop
/* 00968 80A68218 256C0014 */  addiu   $t4, $t3, 0x0014           ## $t4 = 00000014
/* 0096C 80A6821C A60C0218 */  sh      $t4, 0x0218($s0)           ## 00000218
.L80A68220:
/* 00970 80A68220 8E19020C */  lw      $t9, 0x020C($s0)           ## 0000020C
.L80A68224:
/* 00974 80A68224 02002025 */  or      $a0, $s0, $zero            ## $a0 = 00000000
/* 00978 80A68228 8FA50074 */  lw      $a1, 0x0074($sp)           
/* 0097C 80A6822C 0320F809 */  jalr    $ra, $t9                   
/* 00980 80A68230 00000000 */  nop
/* 00984 80A68234 86020218 */  lh      $v0, 0x0218($s0)           ## 00000218
/* 00988 80A68238 10400002 */  beq     $v0, $zero, .L80A68244     
/* 0098C 80A6823C 244DFFFF */  addiu   $t5, $v0, 0xFFFF           ## $t5 = FFFFFFFF
/* 00990 80A68240 A60D0218 */  sh      $t5, 0x0218($s0)           ## 00000218
.L80A68244:
/* 00994 80A68244 8602021A */  lh      $v0, 0x021A($s0)           ## 0000021A
/* 00998 80A68248 10400002 */  beq     $v0, $zero, .L80A68254     
/* 0099C 80A6824C 244EFFFF */  addiu   $t6, $v0, 0xFFFF           ## $t6 = FFFFFFFF
/* 009A0 80A68250 A60E021A */  sh      $t6, 0x021A($s0)           ## 0000021A
.L80A68254:
/* 009A4 80A68254 0C02DAA2 */  jal     func_800B6A88              
/* 009A8 80A68258 02002025 */  or      $a0, $s0, $zero            ## $a0 = 00000000
/* 009AC 80A6825C 3C0F80A7 */  lui     $t7, %hi(D_80A6862C)       ## $t7 = 80A70000
/* 009B0 80A68260 8DEF862C */  lw      $t7, %lo(D_80A6862C)($t7)  
/* 009B4 80A68264 55E000B2 */  bnel    $t7, $zero, .L80A68530     
/* 009B8 80A68268 8FBF002C */  lw      $ra, 0x002C($sp)           
/* 009BC 80A6826C 8618021C */  lh      $t8, 0x021C($s0)           ## 0000021C
/* 009C0 80A68270 2B010002 */  slti    $at, $t8, 0x0002           
/* 009C4 80A68274 1020008F */  beq     $at, $zero, .L80A684B4     
/* 009C8 80A68278 3C0143A0 */  lui     $at, 0x43A0                ## $at = 43A00000
/* 009CC 80A6827C 44814000 */  mtc1    $at, $f8                   ## $f8 = 320.00
/* 009D0 80A68280 C6060098 */  lwc1    $f6, 0x0098($s0)           ## 00000098
/* 009D4 80A68284 3C0142A0 */  lui     $at, 0x42A0                ## $at = 42A00000
/* 009D8 80A68288 4608303C */  c.lt.s  $f6, $f8                   
/* 009DC 80A6828C 00000000 */  nop
/* 009E0 80A68290 45020089 */  bc1fl   .L80A684B8                 
/* 009E4 80A68294 3C07453B */  lui     $a3, 0x453B                ## $a3 = 453B0000
/* 009E8 80A68298 C60A009C */  lwc1    $f10, 0x009C($s0)          ## 0000009C
/* 009EC 80A6829C 44818000 */  mtc1    $at, $f16                  ## $f16 = 80.00
/* 009F0 80A682A0 3C0980A7 */  lui     $t1, %hi(D_80A68650)       ## $t1 = 80A70000
/* 009F4 80A682A4 25298650 */  addiu   $t1, $t1, %lo(D_80A68650)  ## $t1 = 80A68650
/* 009F8 80A682A8 4610503C */  c.lt.s  $f10, $f16                 
/* 009FC 80A682AC 27A8005C */  addiu   $t0, $sp, 0x005C           ## $t0 = FFFFFFEC
/* 00A00 80A682B0 27A40050 */  addiu   $a0, $sp, 0x0050           ## $a0 = FFFFFFE0
/* 00A04 80A682B4 45020080 */  bc1fl   .L80A684B8                 
/* 00A08 80A682B8 3C07453B */  lui     $a3, 0x453B                ## $a3 = 453B0000
/* 00A0C 80A682BC 8D2B0000 */  lw      $t3, 0x0000($t1)           ## 80A68650
/* 00A10 80A682C0 8D2A0004 */  lw      $t2, 0x0004($t1)           ## 80A68654
/* 00A14 80A682C4 26050024 */  addiu   $a1, $s0, 0x0024           ## $a1 = 00000024
/* 00A18 80A682C8 AD0B0000 */  sw      $t3, 0x0000($t0)           ## FFFFFFEC
/* 00A1C 80A682CC 8D2B0008 */  lw      $t3, 0x0008($t1)           ## 80A68658
/* 00A20 80A682D0 AD0A0004 */  sw      $t2, 0x0004($t0)           ## FFFFFFF0
/* 00A24 80A682D4 0C03FD43 */  jal     func_800FF50C              
/* 00A28 80A682D8 AD0B0008 */  sw      $t3, 0x0008($t0)           ## FFFFFFF4
/* 00A2C 80A682DC C6120230 */  lwc1    $f18, 0x0230($s0)          ## 00000230
/* 00A30 80A682E0 860C0032 */  lh      $t4, 0x0032($s0)           ## 00000032
/* 00A34 80A682E4 4600910D */  trunc.w.s $f4, $f18                  
/* 00A38 80A682E8 440F2000 */  mfc1    $t7, $f4                   
/* 00A3C 80A682EC 00000000 */  nop
/* 00A40 80A682F0 018F2021 */  addu    $a0, $t4, $t7              
/* 00A44 80A682F4 00042400 */  sll     $a0, $a0, 16               
/* 00A48 80A682F8 0C03FB61 */  jal     func_800FED84              
/* 00A4C 80A682FC 00042403 */  sra     $a0, $a0, 16               
/* 00A50 80A68300 3C014120 */  lui     $at, 0x4120                ## $at = 41200000
/* 00A54 80A68304 44814000 */  mtc1    $at, $f8                   ## $f8 = 10.00
/* 00A58 80A68308 3C0141F0 */  lui     $at, 0x41F0                ## $at = 41F00000
/* 00A5C 80A6830C C7A60050 */  lwc1    $f6, 0x0050($sp)           
/* 00A60 80A68310 46080282 */  mul.s   $f10, $f0, $f8             
/* 00A64 80A68314 44812000 */  mtc1    $at, $f4                   ## $f4 = 30.00
/* 00A68 80A68318 C7B20054 */  lwc1    $f18, 0x0054($sp)          
/* 00A6C 80A6831C 46049200 */  add.s   $f8, $f18, $f4             
/* 00A70 80A68320 460A3400 */  add.s   $f16, $f6, $f10            
/* 00A74 80A68324 E7A80054 */  swc1    $f8, 0x0054($sp)           
/* 00A78 80A68328 E7B00050 */  swc1    $f16, 0x0050($sp)          
/* 00A7C 80A6832C C6060230 */  lwc1    $f6, 0x0230($s0)           ## 00000230
/* 00A80 80A68330 86180032 */  lh      $t8, 0x0032($s0)           ## 00000032
/* 00A84 80A68334 4600328D */  trunc.w.s $f10, $f6                  
/* 00A88 80A68338 440B5000 */  mfc1    $t3, $f10                  
/* 00A8C 80A6833C 00000000 */  nop
/* 00A90 80A68340 030B2021 */  addu    $a0, $t8, $t3              
/* 00A94 80A68344 00042400 */  sll     $a0, $a0, 16               
/* 00A98 80A68348 0C03FB51 */  jal     func_800FED44              
/* 00A9C 80A6834C 00042403 */  sra     $a0, $a0, 16               
/* 00AA0 80A68350 3C014120 */  lui     $at, 0x4120                ## $at = 41200000
/* 00AA4 80A68354 44819000 */  mtc1    $at, $f18                  ## $f18 = 10.00
/* 00AA8 80A68358 C7B00058 */  lwc1    $f16, 0x0058($sp)          
/* 00AAC 80A6835C 46120102 */  mul.s   $f4, $f0, $f18             
/* 00AB0 80A68360 46048200 */  add.s   $f8, $f16, $f4             
/* 00AB4 80A68364 0C060067 */  jal     func_8018019C              
/* 00AB8 80A68368 E7A80058 */  swc1    $f8, 0x0058($sp)           
/* 00ABC 80A6836C 860400BE */  lh      $a0, 0x00BE($s0)           ## 000000BE
/* 00AC0 80A68370 0C06026B */  jal     func_801809AC              
/* 00AC4 80A68374 00002825 */  or      $a1, $zero, $zero          ## $a1 = 00000000
/* 00AC8 80A68378 3C0141A0 */  lui     $at, 0x41A0                ## $at = 41A00000
/* 00ACC 80A6837C 44813000 */  mtc1    $at, $f6                   ## $f6 = 20.00
/* 00AD0 80A68380 27A4005C */  addiu   $a0, $sp, 0x005C           ## $a0 = FFFFFFEC
/* 00AD4 80A68384 27A50044 */  addiu   $a1, $sp, 0x0044           ## $a1 = FFFFFFD4
/* 00AD8 80A68388 0C0606A6 */  jal     func_80181A98              
/* 00ADC 80A6838C E7A60064 */  swc1    $f6, 0x0064($sp)           
/* 00AE0 80A68390 0C060073 */  jal     func_801801CC              
/* 00AE4 80A68394 00000000 */  nop
/* 00AE8 80A68398 86020222 */  lh      $v0, 0x0222($s0)           ## 00000222
/* 00AEC 80A6839C 3C19801F */  lui     $t9, 0x801F                ## $t9 = 801F0000
/* 00AF0 80A683A0 8FA40074 */  lw      $a0, 0x0074($sp)           
/* 00AF4 80A683A4 54400018 */  bnel    $v0, $zero, .L80A68408     
/* 00AF8 80A683A8 24010001 */  addiu   $at, $zero, 0x0001         ## $at = 00000001
/* 00AFC 80A683AC 8F39F680 */  lw      $t9, -0x0980($t9)          ## 801EF680
/* 00B00 80A683B0 24030001 */  addiu   $v1, $zero, 0x0001         ## $v1 = 00000001
/* 00B04 80A683B4 13200002 */  beq     $t9, $zero, .L80A683C0     
/* 00B08 80A683B8 00000000 */  nop
/* 00B0C 80A683BC 00001825 */  or      $v1, $zero, $zero          ## $v1 = 00000000
.L80A683C0:
/* 00B10 80A683C0 0C04900F */  jal     func_8012403C              
/* 00B14 80A683C4 A7A30042 */  sh      $v1, 0x0042($sp)           
/* 00B18 80A683C8 24010010 */  addiu   $at, $zero, 0x0010         ## $at = 00000010
/* 00B1C 80A683CC 1041000C */  beq     $v0, $at, .L80A68400       
/* 00B20 80A683D0 87A30042 */  lh      $v1, 0x0042($sp)           
/* 00B24 80A683D4 3C07801D */  lui     $a3, 0x801D                ## $a3 = 801D0000
/* 00B28 80A683D8 240D0032 */  addiu   $t5, $zero, 0x0032         ## $t5 = 00000032
/* 00B2C 80A683DC 260E0222 */  addiu   $t6, $s0, 0x0222           ## $t6 = 00000222
/* 00B30 80A683E0 AFAE0014 */  sw      $t6, 0x0014($sp)           
/* 00B34 80A683E4 AFAD0010 */  sw      $t5, 0x0010($sp)           
/* 00B38 80A683E8 24E715B0 */  addiu   $a3, $a3, 0x15B0           ## $a3 = 801D15B0
/* 00B3C 80A683EC 8FA40074 */  lw      $a0, 0x0074($sp)           
/* 00B40 80A683F0 27A50050 */  addiu   $a1, $sp, 0x0050           ## $a1 = FFFFFFE0
/* 00B44 80A683F4 27A60044 */  addiu   $a2, $sp, 0x0044           ## $a2 = FFFFFFD4
/* 00B48 80A683F8 0C02C9E8 */  jal     func_800B27A0              
/* 00B4C 80A683FC AFA30018 */  sw      $v1, 0x0018($sp)           
.L80A68400:
/* 00B50 80A68400 86020222 */  lh      $v0, 0x0222($s0)           ## 00000222
/* 00B54 80A68404 24010001 */  addiu   $at, $zero, 0x0001         ## $at = 00000001
.L80A68408:
/* 00B58 80A68408 10410008 */  beq     $v0, $at, .L80A6842C       
/* 00B5C 80A6840C 8FAC0074 */  lw      $t4, 0x0074($sp)           
/* 00B60 80A68410 3C0141A0 */  lui     $at, 0x41A0                ## $at = 41A00000
/* 00B64 80A68414 44819000 */  mtc1    $at, $f18                  ## $f18 = 20.00
/* 00B68 80A68418 C60A0098 */  lwc1    $f10, 0x0098($s0)          ## 00000098
/* 00B6C 80A6841C 4612503C */  c.lt.s  $f10, $f18                 
/* 00B70 80A68420 00000000 */  nop
/* 00B74 80A68424 45020024 */  bc1fl   .L80A684B8                 
/* 00B78 80A68428 3C07453B */  lui     $a3, 0x453B                ## $a3 = 453B0000
.L80A6842C:
/* 00B7C 80A6842C 8D821CCC */  lw      $v0, 0x1CCC($t4)           ## 00001CCC
/* 00B80 80A68430 8C4F0A74 */  lw      $t7, 0x0A74($v0)           ## 00000A74
/* 00B84 80A68434 31E80100 */  andi    $t0, $t7, 0x0100           ## $t0 = 00000000
/* 00B88 80A68438 5500001E */  bnel    $t0, $zero, .L80A684B4     
/* 00B8C 80A6843C A6000222 */  sh      $zero, 0x0222($s0)         ## 00000222
/* 00B90 80A68440 0C05A433 */  jal     func_801690CC              
/* 00B94 80A68444 01802025 */  or      $a0, $t4, $zero            ## $a0 = 00000000
/* 00B98 80A68448 14400019 */  bne     $v0, $zero, .L80A684B0     
/* 00B9C 80A6844C 26040238 */  addiu   $a0, $s0, 0x0238           ## $a0 = 00000238
/* 00BA0 80A68450 3C05801D */  lui     $a1, 0x801D                ## $a1 = 801D0000
/* 00BA4 80A68454 0C03FD43 */  jal     func_800FF50C              
/* 00BA8 80A68458 24A515B0 */  addiu   $a1, $a1, 0x15B0           ## $a1 = 801D15B0
/* 00BAC 80A6845C 24090002 */  addiu   $t1, $zero, 0x0002         ## $t1 = 00000002
/* 00BB0 80A68460 A609021C */  sh      $t1, 0x021C($s0)           ## 0000021C
/* 00BB4 80A68464 0C067C32 */  jal     func_8019F0C8              
/* 00BB8 80A68468 2404482C */  addiu   $a0, $zero, 0x482C         ## $a0 = 0000482C
/* 00BBC 80A6846C 8FA40074 */  lw      $a0, 0x0074($sp)           
/* 00BC0 80A68470 02002825 */  or      $a1, $s0, $zero            ## $a1 = 00000000
/* 00BC4 80A68474 0C02DCA6 */  jal     func_800B7298              
/* 00BC8 80A68478 2406001A */  addiu   $a2, $zero, 0x001A         ## $a2 = 0000001A
/* 00BCC 80A6847C 240A0001 */  addiu   $t2, $zero, 0x0001         ## $t2 = 00000001
/* 00BD0 80A68480 3C0180A7 */  lui     $at, %hi(D_80A6862C)       ## $at = 80A70000
/* 00BD4 80A68484 AC2A862C */  sw      $t2, %lo(D_80A6862C)($at)  
/* 00BD8 80A68488 8E180004 */  lw      $t8, 0x0004($s0)           ## 00000004
/* 00BDC 80A6848C 44808000 */  mtc1    $zero, $f16                ## $f16 = 0.00
/* 00BE0 80A68490 02002025 */  or      $a0, $s0, $zero            ## $a0 = 00000000
/* 00BE4 80A68494 370B0011 */  ori     $t3, $t8, 0x0011           ## $t3 = 00000011
/* 00BE8 80A68498 AE0B0004 */  sw      $t3, 0x0004($s0)           ## 00000004
/* 00BEC 80A6849C E6100074 */  swc1    $f16, 0x0074($s0)          ## 00000074
/* 00BF0 80A684A0 0C299FCC */  jal     func_80A67F30              
/* 00BF4 80A684A4 8FA50074 */  lw      $a1, 0x0074($sp)           
/* 00BF8 80A684A8 10000003 */  beq     $zero, $zero, .L80A684B8   
/* 00BFC 80A684AC 3C07453B */  lui     $a3, 0x453B                ## $a3 = 453B0000
.L80A684B0:
/* 00C00 80A684B0 A6000222 */  sh      $zero, 0x0222($s0)         ## 00000222
.L80A684B4:
/* 00C04 80A684B4 3C07453B */  lui     $a3, 0x453B                ## $a3 = 453B0000
.L80A684B8:
/* 00C08 80A684B8 34E78000 */  ori     $a3, $a3, 0x8000           ## $a3 = 453B8000
/* 00C0C 80A684BC 2604022C */  addiu   $a0, $s0, 0x022C           ## $a0 = 0000022C
/* 00C10 80A684C0 8E050238 */  lw      $a1, 0x0238($s0)           ## 00000238
/* 00C14 80A684C4 0C03FF7E */  jal     func_800FFDF8              
/* 00C18 80A684C8 3C063F80 */  lui     $a2, 0x3F80                ## $a2 = 3F800000
/* 00C1C 80A684CC 3C0745BB */  lui     $a3, 0x45BB                ## $a3 = 45BB0000
/* 00C20 80A684D0 34E78000 */  ori     $a3, $a3, 0x8000           ## $a3 = 45BB8000
/* 00C24 80A684D4 26040230 */  addiu   $a0, $s0, 0x0230           ## $a0 = 00000230
/* 00C28 80A684D8 8E05023C */  lw      $a1, 0x023C($s0)           ## 0000023C
/* 00C2C 80A684DC 0C03FF7E */  jal     func_800FFDF8              
/* 00C30 80A684E0 3C063F80 */  lui     $a2, 0x3F80                ## $a2 = 3F800000
/* 00C34 80A684E4 26040234 */  addiu   $a0, $s0, 0x0234           ## $a0 = 00000234
/* 00C38 80A684E8 8E050240 */  lw      $a1, 0x0240($s0)           ## 00000240
/* 00C3C 80A684EC 3C063F80 */  lui     $a2, 0x3F80                ## $a2 = 3F800000
/* 00C40 80A684F0 0C03FF7E */  jal     func_800FFDF8              
/* 00C44 80A684F4 3C0744FA */  lui     $a3, 0x44FA                ## $a3 = 44FA0000
/* 00C48 80A684F8 86190032 */  lh      $t9, 0x0032($s0)           ## 00000032
/* 00C4C 80A684FC 26060244 */  addiu   $a2, $s0, 0x0244           ## $a2 = 00000244
/* 00C50 80A68500 00C02825 */  or      $a1, $a2, $zero            ## $a1 = 00000244
/* 00C54 80A68504 A61900BE */  sh      $t9, 0x00BE($s0)           ## 000000BE
/* 00C58 80A68508 AFA60034 */  sw      $a2, 0x0034($sp)           
/* 00C5C 80A6850C 0C039F7E */  jal     func_800E7DF8              
/* 00C60 80A68510 02002025 */  or      $a0, $s0, $zero            ## $a0 = 00000000
/* 00C64 80A68514 8FA40074 */  lw      $a0, 0x0074($sp)           
/* 00C68 80A68518 3C010001 */  lui     $at, 0x0001                ## $at = 00010000
/* 00C6C 80A6851C 34218884 */  ori     $at, $at, 0x8884           ## $at = 00018884
/* 00C70 80A68520 8FA60034 */  lw      $a2, 0x0034($sp)           
/* 00C74 80A68524 0C0389D0 */  jal     func_800E2740              
/* 00C78 80A68528 00812821 */  addu    $a1, $a0, $at              
/* 00C7C 80A6852C 8FBF002C */  lw      $ra, 0x002C($sp)           
.L80A68530:
/* 00C80 80A68530 8FB00028 */  lw      $s0, 0x0028($sp)           
/* 00C84 80A68534 27BD0070 */  addiu   $sp, $sp, 0x0070           ## $sp = 00000000
/* 00C88 80A68538 03E00008 */  jr      $ra                        
/* 00C8C 80A6853C 00000000 */  nop


glabel func_80A68540
/* 00C90 80A68540 27BDFFD0 */  addiu   $sp, $sp, 0xFFD0           ## $sp = FFFFFFD0
/* 00C94 80A68544 AFBF001C */  sw      $ra, 0x001C($sp)           
/* 00C98 80A68548 AFA40030 */  sw      $a0, 0x0030($sp)           
/* 00C9C 80A6854C AFA50034 */  sw      $a1, 0x0034($sp)           
/* 00CA0 80A68550 8FAE0034 */  lw      $t6, 0x0034($sp)           
/* 00CA4 80A68554 8DC40000 */  lw      $a0, 0x0000($t6)           ## 00000000
/* 00CA8 80A68558 0C04B0A3 */  jal     func_8012C28C              
/* 00CAC 80A6855C AFA40028 */  sw      $a0, 0x0028($sp)           
/* 00CB0 80A68560 8FA30028 */  lw      $v1, 0x0028($sp)           
/* 00CB4 80A68564 8FA80030 */  lw      $t0, 0x0030($sp)           
/* 00CB8 80A68568 8C6202B0 */  lw      $v0, 0x02B0($v1)           ## 000002B0
/* 00CBC 80A6856C 3C18DB06 */  lui     $t8, 0xDB06                ## $t8 = DB060000
/* 00CC0 80A68570 37180020 */  ori     $t8, $t8, 0x0020           ## $t8 = DB060020
/* 00CC4 80A68574 244F0008 */  addiu   $t7, $v0, 0x0008           ## $t7 = 00000008
/* 00CC8 80A68578 AC6F02B0 */  sw      $t7, 0x02B0($v1)           ## 000002B0
/* 00CCC 80A6857C AC580000 */  sw      $t8, 0x0000($v0)           ## 00000000
/* 00CD0 80A68580 85190216 */  lh      $t9, 0x0216($t0)           ## 00000216
/* 00CD4 80A68584 3C0480A7 */  lui     $a0, %hi(D_80A6865C)       ## $a0 = 80A70000
/* 00CD8 80A68588 AFA20020 */  sw      $v0, 0x0020($sp)           
/* 00CDC 80A6858C 00194880 */  sll     $t1, $t9,  2               
/* 00CE0 80A68590 00892021 */  addu    $a0, $a0, $t1              
/* 00CE4 80A68594 0C040141 */  jal     func_80100504              
/* 00CE8 80A68598 8C84865C */  lw      $a0, %lo(D_80A6865C)($a0)  
/* 00CEC 80A6859C 8FA50020 */  lw      $a1, 0x0020($sp)           
/* 00CF0 80A685A0 8FA80030 */  lw      $t0, 0x0030($sp)           
/* 00CF4 80A685A4 00003825 */  or      $a3, $zero, $zero          ## $a3 = 00000000
/* 00CF8 80A685A8 ACA20004 */  sw      $v0, 0x0004($a1)           ## 00000004
/* 00CFC 80A685AC 8D050148 */  lw      $a1, 0x0148($t0)           ## 00000148
/* 00D00 80A685B0 8D060164 */  lw      $a2, 0x0164($t0)           ## 00000164
/* 00D04 80A685B4 AFA80014 */  sw      $t0, 0x0014($sp)           
/* 00D08 80A685B8 AFA00010 */  sw      $zero, 0x0010($sp)         
/* 00D0C 80A685BC 0C04CECF */  jal     func_80133B3C              
/* 00D10 80A685C0 8FA40034 */  lw      $a0, 0x0034($sp)           
/* 00D14 80A685C4 8FBF001C */  lw      $ra, 0x001C($sp)           
/* 00D18 80A685C8 27BD0030 */  addiu   $sp, $sp, 0x0030           ## $sp = 00000000
/* 00D1C 80A685CC 03E00008 */  jr      $ra                        
/* 00D20 80A685D0 00000000 */  nop
/* 00D24 80A685D4 00000000 */  nop
/* 00D28 80A685D8 00000000 */  nop
/* 00D2C 80A685DC 00000000 */  nop

.section .data

D_80A685E0: .word 0x017A0400, 0x80000000, 0x01350000, 0x00000290
.word func_80A678B0
.word func_80A67A08
.word func_80A681C4
.word func_80A68540
D_80A68600: .word \
0x0A000900, 0x00010000, 0x00000000, 0xF7CFFFFF, \
0x00000000, 0xF7CFFFFF, 0x00000000, 0x00010000, \
0x00140032, 0x00000000, 0x00000000
D_80A6862C: .word 0x00000000
D_80A68630: .word \
0xF1F1F1F1, 0xF1F1F1E1, 0xF1F1F1F1, 0xF1F1F1F1, \
0xF1F1F1F1, 0x0000F1F1, 0xF1F1F0F0, 0xF000F1F1
D_80A68650: .word 0x00000000, 0x00000000, 0x00000000
D_80A6865C: .word \
0x06001680, 0x06001700, 0x06001780, 0x00000000, \
0x00000000

.section .rodata

D_80A68670: .word 0x3F19999A
D_80A68674: .word 0x461C4000
D_80A68678: .word 0xC61C4000
D_80A6867C: .word .L80A67D90
.word .L80A67D90
.word .L80A67D90
.word .L80A67D90
.word .L80A67D90
.word .L80A67DB4
.word .L80A67DE0
.word .L80A67E28
.word .L80A67E6C
.word .L80A67F08
.word .L80A67E8C
.word .L80A67EAC
.word 0x00000000


.section .rodata
D_80A686B0:
.incbin "baserom/En_Look_Nuts", 0xE00, 0x000000F0
