.include "macro.inc"

# assembler directives
.set noat      # allow manual use of $at
.set noreorder # don't insert nops after branches
.set gp=64     # allow use of 64-bit general purpose registers

.section .text
glabel func_809592E0
/* 00000 809592E0 27BDFFD0 */  addiu   $sp, $sp, 0xFFD0           ## $sp = FFFFFFD0
/* 00004 809592E4 00053400 */  sll     $a2, $a1, 16               
/* 00008 809592E8 00063403 */  sra     $a2, $a2, 16               
/* 0000C 809592EC AFBF0014 */  sw      $ra, 0x0014($sp)           
/* 00010 809592F0 AFA50034 */  sw      $a1, 0x0034($sp)           
/* 00014 809592F4 27A2001C */  addiu   $v0, $sp, 0x001C           ## $v0 = FFFFFFEC
/* 00018 809592F8 00803825 */  or      $a3, $a0, $zero            ## $a3 = 00000000
/* 0001C 809592FC 3C0E8096 */  lui     $t6, %hi(D_8095A28C)       ## $t6 = 80960000
/* 00020 80959300 25CEA28C */  addiu   $t6, $t6, %lo(D_8095A28C)  ## $t6 = 8095A28C
/* 00024 80959304 8DD80000 */  lw      $t8, 0x0000($t6)           ## 8095A28C
/* 00028 80959308 AC580000 */  sw      $t8, 0x0000($v0)           ## FFFFFFEC
/* 0002C 8095930C 8DCF0004 */  lw      $t7, 0x0004($t6)           ## 8095A290
/* 00030 80959310 AC4F0004 */  sw      $t7, 0x0004($v0)           ## FFFFFFF0
/* 00034 80959314 8DD80008 */  lw      $t8, 0x0008($t6)           ## 8095A294
/* 00038 80959318 AC580008 */  sw      $t8, 0x0008($v0)           ## FFFFFFF4
/* 0003C 8095931C 8DCF000C */  lw      $t7, 0x000C($t6)           ## 8095A298
/* 00040 80959320 AC4F000C */  sw      $t7, 0x000C($v0)           ## FFFFFFF8
/* 00044 80959324 8DD80010 */  lw      $t8, 0x0010($t6)           ## 8095A29C
/* 00048 80959328 AC580010 */  sw      $t8, 0x0010($v0)           ## FFFFFFFC
/* 0004C 8095932C 84F9027C */  lh      $t9, 0x027C($a3)           ## 0000027C
/* 00050 80959330 14D90003 */  bne     $a2, $t9, .L80959340       
/* 00054 80959334 00000000 */  nop
/* 00058 80959338 10000011 */  beq     $zero, $zero, .L80959380   
/* 0005C 8095933C 00001025 */  or      $v0, $zero, $zero          ## $v0 = 00000000
.L80959340:
/* 00060 80959340 04C00003 */  bltz    $a2, .L80959350            
/* 00064 80959344 28C10005 */  slti    $at, $a2, 0x0005           
/* 00068 80959348 14200003 */  bne     $at, $zero, .L80959358     
/* 0006C 8095934C 24E40190 */  addiu   $a0, $a3, 0x0190           ## $a0 = 00000190
.L80959350:
/* 00070 80959350 1000000B */  beq     $zero, $zero, .L80959380   
/* 00074 80959354 00001025 */  or      $v0, $zero, $zero          ## $v0 = 00000000
.L80959358:
/* 00078 80959358 00064080 */  sll     $t0, $a2,  2               
/* 0007C 8095935C 00484821 */  addu    $t1, $v0, $t0              
/* 00080 80959360 8D250000 */  lw      $a1, 0x0000($t1)           ## 00000000
/* 00084 80959364 AFA70030 */  sw      $a3, 0x0030($sp)           
/* 00088 80959368 0C04DD50 */  jal     func_80137540              
/* 0008C 8095936C A7A60036 */  sh      $a2, 0x0036($sp)           
/* 00090 80959370 87A60036 */  lh      $a2, 0x0036($sp)           
/* 00094 80959374 8FA70030 */  lw      $a3, 0x0030($sp)           
/* 00098 80959378 24020001 */  addiu   $v0, $zero, 0x0001         ## $v0 = 00000001
/* 0009C 8095937C A4E6027C */  sh      $a2, 0x027C($a3)           ## 0000027C
.L80959380:
/* 000A0 80959380 8FBF0014 */  lw      $ra, 0x0014($sp)           
/* 000A4 80959384 27BD0030 */  addiu   $sp, $sp, 0x0030           ## $sp = 00000000
/* 000A8 80959388 03E00008 */  jr      $ra                        
/* 000AC 8095938C 00000000 */  nop


glabel func_80959390
/* 000B0 80959390 27BDFFC0 */  addiu   $sp, $sp, 0xFFC0           ## $sp = FFFFFFC0
/* 000B4 80959394 AFB30030 */  sw      $s3, 0x0030($sp)           
/* 000B8 80959398 AFB00024 */  sw      $s0, 0x0024($sp)           
/* 000BC 8095939C 00A08025 */  or      $s0, $a1, $zero            ## $s0 = 00000000
/* 000C0 809593A0 00809825 */  or      $s3, $a0, $zero            ## $s3 = 00000000
/* 000C4 809593A4 AFBF003C */  sw      $ra, 0x003C($sp)           
/* 000C8 809593A8 AFB50038 */  sw      $s5, 0x0038($sp)           
/* 000CC 809593AC AFB40034 */  sw      $s4, 0x0034($sp)           
/* 000D0 809593B0 AFB2002C */  sw      $s2, 0x002C($sp)           
/* 000D4 809593B4 AFB10028 */  sw      $s1, 0x0028($sp)           
/* 000D8 809593B8 3C01C080 */  lui     $at, 0xC080                ## $at = C0800000
/* 000DC 809593BC 44812000 */  mtc1    $at, $f4                   ## $f4 = -4.00
/* 000E0 809593C0 3C01BF80 */  lui     $at, 0xBF80                ## $at = BF800000
/* 000E4 809593C4 44813000 */  mtc1    $at, $f6                   ## $f6 = -1.00
/* 000E8 809593C8 3C06800B */  lui     $a2, 0x800B                ## $a2 = 800B0000
/* 000EC 809593CC 24C63FC0 */  addiu   $a2, $a2, 0x3FC0           ## $a2 = 800B3FC0
/* 000F0 809593D0 266400BC */  addiu   $a0, $s3, 0x00BC           ## $a0 = 000000BC
/* 000F4 809593D4 24050000 */  addiu   $a1, $zero, 0x0000         ## $a1 = 00000000
/* 000F8 809593D8 3C074210 */  lui     $a3, 0x4210                ## $a3 = 42100000
/* 000FC 809593DC E6640078 */  swc1    $f4, 0x0078($s3)           ## 00000078
/* 00100 809593E0 0C02CEE9 */  jal     func_800B3BA4              
/* 00104 809593E4 E6660074 */  swc1    $f6, 0x0074($s3)           ## 00000074
/* 00108 809593E8 3C060600 */  lui     $a2, 0x0600                ## $a2 = 06000000
/* 0010C 809593EC 3C070600 */  lui     $a3, 0x0600                ## $a3 = 06000000
/* 00110 809593F0 266E01D4 */  addiu   $t6, $s3, 0x01D4           ## $t6 = 000001D4
/* 00114 809593F4 266F0222 */  addiu   $t7, $s3, 0x0222           ## $t7 = 00000222
/* 00118 809593F8 2418000D */  addiu   $t8, $zero, 0x000D         ## $t8 = 0000000D
/* 0011C 809593FC AFB80018 */  sw      $t8, 0x0018($sp)           
/* 00120 80959400 AFAF0014 */  sw      $t7, 0x0014($sp)           
/* 00124 80959404 AFAE0010 */  sw      $t6, 0x0010($sp)           
/* 00128 80959408 24E71C38 */  addiu   $a3, $a3, 0x1C38           ## $a3 = 06001C38
/* 0012C 8095940C 24C66CA0 */  addiu   $a2, $a2, 0x6CA0           ## $a2 = 06006CA0
/* 00130 80959410 02002025 */  or      $a0, $s0, $zero            ## $a0 = 00000000
/* 00134 80959414 0C04DACC */  jal     func_80136B30              
/* 00138 80959418 26650190 */  addiu   $a1, $s3, 0x0190           ## $a1 = 00000190
/* 0013C 8095941C 2415FFFF */  addiu   $s5, $zero, 0xFFFF         ## $s5 = FFFFFFFF
/* 00140 80959420 A675027C */  sh      $s5, 0x027C($s3)           ## 0000027C
/* 00144 80959424 02602025 */  or      $a0, $s3, $zero            ## $a0 = 00000000
/* 00148 80959428 0C2564B8 */  jal     func_809592E0              
/* 0014C 8095942C 00002825 */  or      $a1, $zero, $zero          ## $a1 = 00000000
/* 00150 80959430 3C078096 */  lui     $a3, %hi(D_8095A260)       ## $a3 = 80960000
/* 00154 80959434 24E7A260 */  addiu   $a3, $a3, %lo(D_8095A260)  ## $a3 = 8095A260
/* 00158 80959438 02002025 */  or      $a0, $s0, $zero            ## $a0 = 00000000
/* 0015C 8095943C 26650144 */  addiu   $a1, $s3, 0x0144           ## $a1 = 00000144
/* 00160 80959440 0C0384DD */  jal     func_800E1374              
/* 00164 80959444 02603025 */  or      $a2, $s3, $zero            ## $a2 = 00000000
/* 00168 80959448 241900FF */  addiu   $t9, $zero, 0x00FF         ## $t9 = 000000FF
/* 0016C 8095944C 3C053C23 */  lui     $a1, 0x3C23                ## $a1 = 3C230000
/* 00170 80959450 A27900B6 */  sb      $t9, 0x00B6($s3)           ## 000000B6
/* 00174 80959454 34A5D70A */  ori     $a1, $a1, 0xD70A           ## $a1 = 3C23D70A
/* 00178 80959458 0C02D9F8 */  jal     func_800B67E0              
/* 0017C 8095945C 02602025 */  or      $a0, $s3, $zero            ## $a0 = 00000000
/* 00180 80959460 3C088096 */  lui     $t0, %hi(func_80959E18)    ## $t0 = 80960000
/* 00184 80959464 25089E18 */  addiu   $t0, $t0, %lo(func_80959E18) ## $t0 = 80959E18
/* 00188 80959468 24090006 */  addiu   $t1, $zero, 0x0006         ## $t1 = 00000006
/* 0018C 8095946C AE680280 */  sw      $t0, 0x0280($s3)           ## 00000280
/* 00190 80959470 A660027A */  sh      $zero, 0x027A($s3)         ## 0000027A
/* 00194 80959474 A269001F */  sb      $t1, 0x001F($s3)           ## 0000001F
/* 00198 80959478 0C256549 */  jal     func_80959524              
/* 0019C 8095947C 02002025 */  or      $a0, $s0, $zero            ## $a0 = 00000000
/* 001A0 80959480 28410007 */  slti    $at, $v0, 0x0007           
/* 001A4 80959484 10200004 */  beq     $at, $zero, .L80959498     
/* 001A8 80959488 00008825 */  or      $s1, $zero, $zero          ## $s1 = 00000000
/* 001AC 8095948C 966A027A */  lhu     $t2, 0x027A($s3)           ## 0000027A
/* 001B0 80959490 354B0002 */  ori     $t3, $t2, 0x0002           ## $t3 = 00000002
/* 001B4 80959494 A66B027A */  sh      $t3, 0x027A($s3)           ## 0000027A
.L80959498:
/* 001B8 80959498 82700038 */  lb      $s0, 0x0038($s3)           ## 00000038
/* 001BC 8095949C 02609025 */  or      $s2, $s3, $zero            ## $s2 = 00000000
/* 001C0 809594A0 24140004 */  addiu   $s4, $zero, 0x0004         ## $s4 = 00000004
.L809594A4:
/* 001C4 809594A4 12150006 */  beq     $s0, $s5, .L809594C0       
/* 001C8 809594A8 A6500276 */  sh      $s0, 0x0276($s2)           ## 00000276
/* 001CC 809594AC A2700038 */  sb      $s0, 0x0038($s3)           ## 00000038
/* 001D0 809594B0 0C03C82E */  jal     func_800F20B8              
/* 001D4 809594B4 82640038 */  lb      $a0, 0x0038($s3)           ## 00000038
/* 001D8 809594B8 00028400 */  sll     $s0, $v0, 16               
/* 001DC 809594BC 00108403 */  sra     $s0, $s0, 16               
.L809594C0:
/* 001E0 809594C0 26310002 */  addiu   $s1, $s1, 0x0002           ## $s1 = 00000002
/* 001E4 809594C4 1634FFF7 */  bne     $s1, $s4, .L809594A4       
/* 001E8 809594C8 26520002 */  addiu   $s2, $s2, 0x0002           ## $s2 = 00000002
/* 001EC 809594CC 866C0276 */  lh      $t4, 0x0276($s3)           ## 00000276
/* 001F0 809594D0 A26C0038 */  sb      $t4, 0x0038($s3)           ## 00000038
/* 001F4 809594D4 8FBF003C */  lw      $ra, 0x003C($sp)           
/* 001F8 809594D8 8FB00024 */  lw      $s0, 0x0024($sp)           
/* 001FC 809594DC 8FB10028 */  lw      $s1, 0x0028($sp)           
/* 00200 809594E0 8FB2002C */  lw      $s2, 0x002C($sp)           
/* 00204 809594E4 8FB30030 */  lw      $s3, 0x0030($sp)           
/* 00208 809594E8 8FB40034 */  lw      $s4, 0x0034($sp)           
/* 0020C 809594EC 8FB50038 */  lw      $s5, 0x0038($sp)           
/* 00210 809594F0 03E00008 */  jr      $ra                        
/* 00214 809594F4 27BD0040 */  addiu   $sp, $sp, 0x0040           ## $sp = 00000000


glabel func_809594F8
/* 00218 809594F8 27BDFFE8 */  addiu   $sp, $sp, 0xFFE8           ## $sp = FFFFFFE8
/* 0021C 809594FC AFBF0014 */  sw      $ra, 0x0014($sp)           
/* 00220 80959500 00803025 */  or      $a2, $a0, $zero            ## $a2 = 00000000
/* 00224 80959504 00A03825 */  or      $a3, $a1, $zero            ## $a3 = 00000000
/* 00228 80959508 00E02025 */  or      $a0, $a3, $zero            ## $a0 = 00000000
/* 0022C 8095950C 0C03847B */  jal     func_800E11EC              
/* 00230 80959510 24C50144 */  addiu   $a1, $a2, 0x0144           ## $a1 = 00000144
/* 00234 80959514 8FBF0014 */  lw      $ra, 0x0014($sp)           
/* 00238 80959518 27BD0018 */  addiu   $sp, $sp, 0x0018           ## $sp = 00000000
/* 0023C 8095951C 03E00008 */  jr      $ra                        
/* 00240 80959520 00000000 */  nop


glabel func_80959524
/* 00244 80959524 848E00A4 */  lh      $t6, 0x00A4($a0)           ## 000000A4
/* 00248 80959528 3C02801F */  lui     $v0, 0x801F                ## $v0 = 801F0000
/* 0024C 8095952C 000E78C0 */  sll     $t7, $t6,  3               
/* 00250 80959530 01EE7823 */  subu    $t7, $t7, $t6              
/* 00254 80959534 000F7880 */  sll     $t7, $t7,  2               
/* 00258 80959538 004F1021 */  addu    $v0, $v0, $t7              
/* 0025C 8095953C 8C42F77C */  lw      $v0, -0x0884($v0)          ## 801EF77C
/* 00260 80959540 30420007 */  andi    $v0, $v0, 0x0007           ## $v0 = 00000000
/* 00264 80959544 03E00008 */  jr      $ra                        
/* 00268 80959548 00000000 */  nop


glabel func_8095954C
/* 0026C 8095954C 27BDFFE0 */  addiu   $sp, $sp, 0xFFE0           ## $sp = FFFFFFE0
/* 00270 80959550 AFB00018 */  sw      $s0, 0x0018($sp)           
/* 00274 80959554 00A08025 */  or      $s0, $a1, $zero            ## $s0 = 00000000
/* 00278 80959558 AFBF001C */  sw      $ra, 0x001C($sp)           
/* 0027C 8095955C AFA40020 */  sw      $a0, 0x0020($sp)           
/* 00280 80959560 02002025 */  or      $a0, $s0, $zero            ## $a0 = 00000000
/* 00284 80959564 0C03B8A7 */  jal     func_800EE29C              
/* 00288 80959568 2405007F */  addiu   $a1, $zero, 0x007F         ## $a1 = 0000007F
/* 0028C 8095956C 10400026 */  beq     $v0, $zero, .L80959608     
/* 00290 80959570 8FA40020 */  lw      $a0, 0x0020($sp)           
/* 00294 80959574 02002025 */  or      $a0, $s0, $zero            ## $a0 = 00000000
/* 00298 80959578 0C03B880 */  jal     func_800EE200              
/* 0029C 8095957C 2405007F */  addiu   $a1, $zero, 0x007F         ## $a1 = 0000007F
/* 002A0 80959580 8FA40020 */  lw      $a0, 0x0020($sp)           
/* 002A4 80959584 02002825 */  or      $a1, $s0, $zero            ## $a1 = 00000000
/* 002A8 80959588 0C03B7C9 */  jal     func_800EDF24              
/* 002AC 8095958C 00403025 */  or      $a2, $v0, $zero            ## $a2 = 00000000
/* 002B0 80959590 02002025 */  or      $a0, $s0, $zero            ## $a0 = 00000000
/* 002B4 80959594 0C03B880 */  jal     func_800EE200              
/* 002B8 80959598 2405007F */  addiu   $a1, $zero, 0x007F         ## $a1 = 0000007F
/* 002BC 8095959C 00027080 */  sll     $t6, $v0,  2               
/* 002C0 809595A0 020E7821 */  addu    $t7, $s0, $t6              
/* 002C4 809595A4 8DF81F4C */  lw      $t8, 0x1F4C($t7)           ## 00001F4C
/* 002C8 809595A8 97190000 */  lhu     $t9, 0x0000($t8)           ## 00000000
/* 002CC 809595AC 2728FFFF */  addiu   $t0, $t9, 0xFFFF           ## $t0 = FFFFFFFF
/* 002D0 809595B0 2D010005 */  sltiu   $at, $t0, 0x0005           
/* 002D4 809595B4 10200016 */  beq     $at, $zero, .L80959610     
/* 002D8 809595B8 00084080 */  sll     $t0, $t0,  2               
/* 002DC 809595BC 3C018096 */  lui     $at, %hi(D_8095A2B0)       ## $at = 80960000
/* 002E0 809595C0 00280821 */  addu    $at, $at, $t0              
/* 002E4 809595C4 8C28A2B0 */  lw      $t0, %lo(D_8095A2B0)($at)  
/* 002E8 809595C8 01000008 */  jr      $t0                        
/* 002EC 809595CC 00000000 */  nop
.L809595D0:
/* 002F0 809595D0 02002025 */  or      $a0, $s0, $zero            ## $a0 = 00000000
/* 002F4 809595D4 0C03B880 */  jal     func_800EE200              
/* 002F8 809595D8 2405007F */  addiu   $a1, $zero, 0x007F         ## $a1 = 0000007F
/* 002FC 809595DC 00024880 */  sll     $t1, $v0,  2               
/* 00300 809595E0 02095021 */  addu    $t2, $s0, $t1              
/* 00304 809595E4 8D4B1F4C */  lw      $t3, 0x1F4C($t2)           ## 00001F4C
/* 00308 809595E8 8FA40020 */  lw      $a0, 0x0020($sp)           
/* 0030C 809595EC 95650000 */  lhu     $a1, 0x0000($t3)           ## 00000000
/* 00310 809595F0 24A5FFFF */  addiu   $a1, $a1, 0xFFFF           ## $a1 = FFFFFFFF
/* 00314 809595F4 00052C00 */  sll     $a1, $a1, 16               
/* 00318 809595F8 0C2564B8 */  jal     func_809592E0              
/* 0031C 809595FC 00052C03 */  sra     $a1, $a1, 16               
/* 00320 80959600 10000004 */  beq     $zero, $zero, .L80959614   
/* 00324 80959604 8FBF001C */  lw      $ra, 0x001C($sp)           
.L80959608:
/* 00328 80959608 0C2564B8 */  jal     func_809592E0              
/* 0032C 8095960C 00002825 */  or      $a1, $zero, $zero          ## $a1 = 00000000
.L80959610:
/* 00330 80959610 8FBF001C */  lw      $ra, 0x001C($sp)           
.L80959614:
/* 00334 80959614 8FB00018 */  lw      $s0, 0x0018($sp)           
/* 00338 80959618 27BD0020 */  addiu   $sp, $sp, 0x0020           ## $sp = 00000000
/* 0033C 8095961C 03E00008 */  jr      $ra                        
/* 00340 80959620 00000000 */  nop


glabel func_80959624
/* 00344 80959624 27BDFFE8 */  addiu   $sp, $sp, 0xFFE8           ## $sp = FFFFFFE8
/* 00348 80959628 3C02801F */  lui     $v0, 0x801F                ## $v0 = 801F0000
/* 0034C 8095962C 2442F670 */  addiu   $v0, $v0, 0xF670           ## $v0 = 801EF670
/* 00350 80959630 AFBF0014 */  sw      $ra, 0x0014($sp)           
/* 00354 80959634 00803025 */  or      $a2, $a0, $zero            ## $a2 = 00000000
/* 00358 80959638 00A03825 */  or      $a3, $a1, $zero            ## $a3 = 00000000
/* 0035C 8095963C 904E0020 */  lbu     $t6, 0x0020($v0)           ## 801EF690
/* 00360 80959640 24010002 */  addiu   $at, $zero, 0x0002         ## $at = 00000002
/* 00364 80959644 24050FBA */  addiu   $a1, $zero, 0x0FBA         ## $a1 = 00000FBA
/* 00368 80959648 15C1000F */  bne     $t6, $at, .L80959688       
/* 0036C 8095964C 00000000 */  nop
/* 00370 80959650 94CF027A */  lhu     $t7, 0x027A($a2)           ## 0000027A
/* 00374 80959654 31F80004 */  andi    $t8, $t7, 0x0004           ## $t8 = 00000000
/* 00378 80959658 53000004 */  beql    $t8, $zero, .L8095966C     
/* 0037C 8095965C 90590F2F */  lbu     $t9, 0x0F2F($v0)           ## 801F059F
/* 00380 80959660 10000009 */  beq     $zero, $zero, .L80959688   
/* 00384 80959664 24050FB9 */  addiu   $a1, $zero, 0x0FB9         ## $a1 = 00000FB9
/* 00388 80959668 90590F2F */  lbu     $t9, 0x0F2F($v0)           ## 801F059F
.L8095966C:
/* 0038C 8095966C 33280080 */  andi    $t0, $t9, 0x0080           ## $t0 = 00000000
/* 00390 80959670 11000003 */  beq     $t0, $zero, .L80959680     
/* 00394 80959674 00000000 */  nop
/* 00398 80959678 10000003 */  beq     $zero, $zero, .L80959688   
/* 0039C 8095967C 24050FBC */  addiu   $a1, $zero, 0x0FBC         ## $a1 = 00000FBC
.L80959680:
/* 003A0 80959680 10000001 */  beq     $zero, $zero, .L80959688   
/* 003A4 80959684 24050FBB */  addiu   $a1, $zero, 0x0FBB         ## $a1 = 00000FBB
.L80959688:
/* 003A8 80959688 0C05462C */  jal     func_801518B0              
/* 003AC 8095968C 00E02025 */  or      $a0, $a3, $zero            ## $a0 = 00000000
/* 003B0 80959690 8FBF0014 */  lw      $ra, 0x0014($sp)           
/* 003B4 80959694 27BD0018 */  addiu   $sp, $sp, 0x0018           ## $sp = 00000000
/* 003B8 80959698 03E00008 */  jr      $ra                        
/* 003BC 8095969C 00000000 */  nop


glabel func_809596A0
/* 003C0 809596A0 27BDFFD8 */  addiu   $sp, $sp, 0xFFD8           ## $sp = FFFFFFD8
/* 003C4 809596A4 AFB00020 */  sw      $s0, 0x0020($sp)           
/* 003C8 809596A8 00808025 */  or      $s0, $a0, $zero            ## $s0 = 00000000
/* 003CC 809596AC AFBF0024 */  sw      $ra, 0x0024($sp)           
/* 003D0 809596B0 AFA5002C */  sw      $a1, 0x002C($sp)           
/* 003D4 809596B4 0C04DB34 */  jal     func_80136CD0              
/* 003D8 809596B8 26040190 */  addiu   $a0, $s0, 0x0190           ## $a0 = 00000190
/* 003DC 809596BC 8FAE002C */  lw      $t6, 0x002C($sp)           
/* 003E0 809596C0 3C030001 */  lui     $v1, 0x0001                ## $v1 = 00010000
/* 003E4 809596C4 24010FB9 */  addiu   $at, $zero, 0x0FB9         ## $at = 00000FB9
/* 003E8 809596C8 006E1821 */  addu    $v1, $v1, $t6              
/* 003EC 809596CC 9463680C */  lhu     $v1, 0x680C($v1)           ## 0001680C
/* 003F0 809596D0 260400BE */  addiu   $a0, $s0, 0x00BE           ## $a0 = 000000BE
/* 003F4 809596D4 24060003 */  addiu   $a2, $zero, 0x0003         ## $a2 = 00000003
/* 003F8 809596D8 10610006 */  beq     $v1, $at, .L809596F4       
/* 003FC 809596DC 24070400 */  addiu   $a3, $zero, 0x0400         ## $a3 = 00000400
/* 00400 809596E0 24010FBB */  addiu   $at, $zero, 0x0FBB         ## $at = 00000FBB
/* 00404 809596E4 10610003 */  beq     $v1, $at, .L809596F4       
/* 00408 809596E8 24010FBC */  addiu   $at, $zero, 0x0FBC         ## $at = 00000FBC
/* 0040C 809596EC 54610008 */  bnel    $v1, $at, .L80959710       
/* 00410 809596F0 8FA4002C */  lw      $a0, 0x002C($sp)           
.L809596F4:
/* 00414 809596F4 86050092 */  lh      $a1, 0x0092($s0)           ## 00000092
/* 00418 809596F8 240F0080 */  addiu   $t7, $zero, 0x0080         ## $t7 = 00000080
/* 0041C 809596FC 0C03FFAF */  jal     func_800FFEBC              
/* 00420 80959700 AFAF0010 */  sw      $t7, 0x0010($sp)           
/* 00424 80959704 861800BE */  lh      $t8, 0x00BE($s0)           ## 000000BE
/* 00428 80959708 A6180032 */  sh      $t8, 0x0032($s0)           ## 00000032
/* 0042C 8095970C 8FA4002C */  lw      $a0, 0x002C($sp)           
.L80959710:
/* 00430 80959710 0C054926 */  jal     func_80152498              
/* 00434 80959714 24844908 */  addiu   $a0, $a0, 0x4908           ## $a0 = 00004908
/* 00438 80959718 24010002 */  addiu   $at, $zero, 0x0002         ## $at = 00000002
/* 0043C 8095971C 1041000E */  beq     $v0, $at, .L80959758       
/* 00440 80959720 3C088096 */  lui     $t0, %hi(func_80959774)    ## $t0 = 80960000
/* 00444 80959724 24010005 */  addiu   $at, $zero, 0x0005         ## $at = 00000005
/* 00448 80959728 5441000E */  bnel    $v0, $at, .L80959764       
/* 0044C 8095972C 8FBF0024 */  lw      $ra, 0x0024($sp)           
/* 00450 80959730 0C051D89 */  jal     func_80147624              
/* 00454 80959734 8FA4002C */  lw      $a0, 0x002C($sp)           
/* 00458 80959738 5040000A */  beql    $v0, $zero, .L80959764     
/* 0045C 8095973C 8FBF0024 */  lw      $ra, 0x0024($sp)           
/* 00460 80959740 0C051DED */  jal     func_801477B4              
/* 00464 80959744 8FA4002C */  lw      $a0, 0x002C($sp)           
/* 00468 80959748 3C198096 */  lui     $t9, %hi(func_80959774)    ## $t9 = 80960000
/* 0046C 8095974C 27399774 */  addiu   $t9, $t9, %lo(func_80959774) ## $t9 = 80959774
/* 00470 80959750 10000003 */  beq     $zero, $zero, .L80959760   
/* 00474 80959754 AE190280 */  sw      $t9, 0x0280($s0)           ## 00000280
.L80959758:
/* 00478 80959758 25089774 */  addiu   $t0, $t0, %lo(func_80959774) ## $t0 = FFFF9774
/* 0047C 8095975C AE080280 */  sw      $t0, 0x0280($s0)           ## 00000280
.L80959760:
/* 00480 80959760 8FBF0024 */  lw      $ra, 0x0024($sp)           
.L80959764:
/* 00484 80959764 8FB00020 */  lw      $s0, 0x0020($sp)           
/* 00488 80959768 27BD0028 */  addiu   $sp, $sp, 0x0028           ## $sp = 00000000
/* 0048C 8095976C 03E00008 */  jr      $ra                        
/* 00490 80959770 00000000 */  nop


glabel func_80959774
/* 00494 80959774 27BDFFD8 */  addiu   $sp, $sp, 0xFFD8           ## $sp = FFFFFFD8
/* 00498 80959778 AFB10020 */  sw      $s1, 0x0020($sp)           
/* 0049C 8095977C AFB0001C */  sw      $s0, 0x001C($sp)           
/* 004A0 80959780 00808025 */  or      $s0, $a0, $zero            ## $s0 = 00000000
/* 004A4 80959784 00A08825 */  or      $s1, $a1, $zero            ## $s1 = 00000000
/* 004A8 80959788 AFBF0024 */  sw      $ra, 0x0024($sp)           
/* 004AC 8095978C 0C04DB34 */  jal     func_80136CD0              
/* 004B0 80959790 26040190 */  addiu   $a0, $s0, 0x0190           ## $a0 = 00000190
/* 004B4 80959794 86050016 */  lh      $a1, 0x0016($s0)           ## 00000016
/* 004B8 80959798 240E0080 */  addiu   $t6, $zero, 0x0080         ## $t6 = 00000080
/* 004BC 8095979C AFAE0010 */  sw      $t6, 0x0010($sp)           
/* 004C0 809597A0 260400BE */  addiu   $a0, $s0, 0x00BE           ## $a0 = 000000BE
/* 004C4 809597A4 24060003 */  addiu   $a2, $zero, 0x0003         ## $a2 = 00000003
/* 004C8 809597A8 0C03FFAF */  jal     func_800FFEBC              
/* 004CC 809597AC 24070400 */  addiu   $a3, $zero, 0x0400         ## $a3 = 00000400
/* 004D0 809597B0 860F00BE */  lh      $t7, 0x00BE($s0)           ## 000000BE
/* 004D4 809597B4 02002025 */  or      $a0, $s0, $zero            ## $a0 = 00000000
/* 004D8 809597B8 02202825 */  or      $a1, $s1, $zero            ## $a1 = 00000000
/* 004DC 809597BC 0C02E134 */  jal     func_800B84D0              
/* 004E0 809597C0 A60F0032 */  sh      $t7, 0x0032($s0)           ## 00000032
/* 004E4 809597C4 10400008 */  beq     $v0, $zero, .L809597E8     
/* 004E8 809597C8 3C0142F0 */  lui     $at, 0x42F0                ## $at = 42F00000
/* 004EC 809597CC 02002025 */  or      $a0, $s0, $zero            ## $a0 = 00000000
/* 004F0 809597D0 0C256589 */  jal     func_80959624              
/* 004F4 809597D4 02202825 */  or      $a1, $s1, $zero            ## $a1 = 00000000
/* 004F8 809597D8 3C188096 */  lui     $t8, %hi(func_809596A0)    ## $t8 = 80960000
/* 004FC 809597DC 271896A0 */  addiu   $t8, $t8, %lo(func_809596A0) ## $t8 = 809596A0
/* 00500 809597E0 10000010 */  beq     $zero, $zero, .L80959824   
/* 00504 809597E4 AE180280 */  sw      $t8, 0x0280($s0)           ## 00000280
.L809597E8:
/* 00508 809597E8 C6040098 */  lwc1    $f4, 0x0098($s0)           ## 00000098
/* 0050C 809597EC 44813000 */  mtc1    $at, $f6                   ## $f6 = 0.00
/* 00510 809597F0 02002025 */  or      $a0, $s0, $zero            ## $a0 = 00000000
/* 00514 809597F4 24053000 */  addiu   $a1, $zero, 0x3000         ## $a1 = 00003000
/* 00518 809597F8 4606203C */  c.lt.s  $f4, $f6                   
/* 0051C 809597FC 00000000 */  nop
/* 00520 80959800 45020009 */  bc1fl   .L80959828                 
/* 00524 80959804 02002025 */  or      $a0, $s0, $zero            ## $a0 = 00000000
/* 00528 80959808 0C02DCC8 */  jal     func_800B7320              
/* 0052C 8095980C 02203025 */  or      $a2, $s1, $zero            ## $a2 = 00000000
/* 00530 80959810 10400004 */  beq     $v0, $zero, .L80959824     
/* 00534 80959814 02002025 */  or      $a0, $s0, $zero            ## $a0 = 00000000
/* 00538 80959818 02202825 */  or      $a1, $s1, $zero            ## $a1 = 00000000
/* 0053C 8095981C 0C02E185 */  jal     func_800B8614              
/* 00540 80959820 3C064302 */  lui     $a2, 0x4302                ## $a2 = 43020000
.L80959824:
/* 00544 80959824 02002025 */  or      $a0, $s0, $zero            ## $a0 = 00000000
.L80959828:
/* 00548 80959828 0C256553 */  jal     func_8095954C              
/* 0054C 8095982C 02202825 */  or      $a1, $s1, $zero            ## $a1 = 00000000
/* 00550 80959830 8FBF0024 */  lw      $ra, 0x0024($sp)           
/* 00554 80959834 8FB0001C */  lw      $s0, 0x001C($sp)           
/* 00558 80959838 8FB10020 */  lw      $s1, 0x0020($sp)           
/* 0055C 8095983C 03E00008 */  jr      $ra                        
/* 00560 80959840 27BD0028 */  addiu   $sp, $sp, 0x0028           ## $sp = 00000000


glabel func_80959844
/* 00564 80959844 27BDFFE8 */  addiu   $sp, $sp, 0xFFE8           ## $sp = FFFFFFE8
/* 00568 80959848 AFBF0014 */  sw      $ra, 0x0014($sp)           
/* 0056C 8095984C AFA40018 */  sw      $a0, 0x0018($sp)           
/* 00570 80959850 AFA5001C */  sw      $a1, 0x001C($sp)           
/* 00574 80959854 8FAE0018 */  lw      $t6, 0x0018($sp)           
/* 00578 80959858 95CF027A */  lhu     $t7, 0x027A($t6)           ## 0000027A
/* 0057C 8095985C 31F80002 */  andi    $t8, $t7, 0x0002           ## $t8 = 00000000
/* 00580 80959860 13000008 */  beq     $t8, $zero, .L80959884     
/* 00584 80959864 00000000 */  nop
/* 00588 80959868 0C256549 */  jal     func_80959524              
/* 0058C 8095986C 8FA4001C */  lw      $a0, 0x001C($sp)           
/* 00590 80959870 28410007 */  slti    $at, $v0, 0x0007           
/* 00594 80959874 14200003 */  bne     $at, $zero, .L80959884     
/* 00598 80959878 00000000 */  nop
/* 0059C 8095987C 10000062 */  beq     $zero, $zero, .L80959A08   
/* 005A0 80959880 24050FB3 */  addiu   $a1, $zero, 0x0FB3         ## $a1 = 00000FB3
.L80959884:
/* 005A4 80959884 3C03801F */  lui     $v1, 0x801F                ## $v1 = 801F0000
/* 005A8 80959888 2463F670 */  addiu   $v1, $v1, 0xF670           ## $v1 = 801EF670
/* 005AC 8095988C 90790F0C */  lbu     $t9, 0x0F0C($v1)           ## 801F057C
/* 005B0 80959890 33280040 */  andi    $t0, $t9, 0x0040           ## $t0 = 00000000
/* 005B4 80959894 51000004 */  beql    $t0, $zero, .L809598A8     
/* 005B8 80959898 90690F0B */  lbu     $t1, 0x0F0B($v1)           ## 801F057B
/* 005BC 8095989C 1000005A */  beq     $zero, $zero, .L80959A08   
/* 005C0 809598A0 24050FB9 */  addiu   $a1, $zero, 0x0FB9         ## $a1 = 00000FB9
/* 005C4 809598A4 90690F0B */  lbu     $t1, 0x0F0B($v1)           ## 801F057B
.L809598A8:
/* 005C8 809598A8 312A0040 */  andi    $t2, $t1, 0x0040           ## $t2 = 00000000
/* 005CC 809598AC 11400003 */  beq     $t2, $zero, .L809598BC     
/* 005D0 809598B0 00000000 */  nop
/* 005D4 809598B4 10000054 */  beq     $zero, $zero, .L80959A08   
/* 005D8 809598B8 24050FB5 */  addiu   $a1, $zero, 0x0FB5         ## $a1 = 00000FB5
.L809598BC:
/* 005DC 809598BC 0C256549 */  jal     func_80959524              
/* 005E0 809598C0 8FA4001C */  lw      $a0, 0x001C($sp)           
/* 005E4 809598C4 3C03801F */  lui     $v1, 0x801F                ## $v1 = 801F0000
/* 005E8 809598C8 28410007 */  slti    $at, $v0, 0x0007           
/* 005EC 809598CC 14200003 */  bne     $at, $zero, .L809598DC     
/* 005F0 809598D0 2463F670 */  addiu   $v1, $v1, 0xF670           ## $v1 = 801EF670
/* 005F4 809598D4 1000004C */  beq     $zero, $zero, .L80959A08   
/* 005F8 809598D8 24050FB3 */  addiu   $a1, $zero, 0x0FB3         ## $a1 = 00000FB3
.L809598DC:
/* 005FC 809598DC 90620020 */  lbu     $v0, 0x0020($v1)           ## 801EF690
/* 00600 809598E0 24010001 */  addiu   $at, $zero, 0x0001         ## $at = 00000001
/* 00604 809598E4 10400025 */  beq     $v0, $zero, .L8095997C     
/* 00608 809598E8 00000000 */  nop
/* 0060C 809598EC 10410015 */  beq     $v0, $at, .L80959944       
/* 00610 809598F0 24010003 */  addiu   $at, $zero, 0x0003         ## $at = 00000003
/* 00614 809598F4 10410005 */  beq     $v0, $at, .L8095990C       
/* 00618 809598F8 24010004 */  addiu   $at, $zero, 0x0004         ## $at = 00000004
/* 0061C 809598FC 1041001F */  beq     $v0, $at, .L8095997C       
/* 00620 80959900 00000000 */  nop
/* 00624 80959904 10000032 */  beq     $zero, $zero, .L809599D0   
/* 00628 80959908 00000000 */  nop
.L8095990C:
/* 0062C 8095990C 906B0F0B */  lbu     $t3, 0x0F0B($v1)           ## 801F057B
/* 00630 80959910 316C0010 */  andi    $t4, $t3, 0x0010           ## $t4 = 00000000
/* 00634 80959914 11800009 */  beq     $t4, $zero, .L8095993C     
/* 00638 80959918 00000000 */  nop
/* 0063C 8095991C 906D0F2F */  lbu     $t5, 0x0F2F($v1)           ## 801F059F
/* 00640 80959920 31AE0080 */  andi    $t6, $t5, 0x0080           ## $t6 = 00000000
/* 00644 80959924 11C00003 */  beq     $t6, $zero, .L80959934     
/* 00648 80959928 00000000 */  nop
/* 0064C 8095992C 10000036 */  beq     $zero, $zero, .L80959A08   
/* 00650 80959930 24050FAF */  addiu   $a1, $zero, 0x0FAF         ## $a1 = 00000FAF
.L80959934:
/* 00654 80959934 10000034 */  beq     $zero, $zero, .L80959A08   
/* 00658 80959938 24050FAE */  addiu   $a1, $zero, 0x0FAE         ## $a1 = 00000FAE
.L8095993C:
/* 0065C 8095993C 10000032 */  beq     $zero, $zero, .L80959A08   
/* 00660 80959940 24050FAC */  addiu   $a1, $zero, 0x0FAC         ## $a1 = 00000FAC
.L80959944:
/* 00664 80959944 906F0F0B */  lbu     $t7, 0x0F0B($v1)           ## 801F057B
/* 00668 80959948 31F80008 */  andi    $t8, $t7, 0x0008           ## $t8 = 00000000
/* 0066C 8095994C 13000009 */  beq     $t8, $zero, .L80959974     
/* 00670 80959950 00000000 */  nop
/* 00674 80959954 90790F2F */  lbu     $t9, 0x0F2F($v1)           ## 801F059F
/* 00678 80959958 33280080 */  andi    $t0, $t9, 0x0080           ## $t0 = 00000000
/* 0067C 8095995C 11000003 */  beq     $t0, $zero, .L8095996C     
/* 00680 80959960 00000000 */  nop
/* 00684 80959964 10000028 */  beq     $zero, $zero, .L80959A08   
/* 00688 80959968 24050FAB */  addiu   $a1, $zero, 0x0FAB         ## $a1 = 00000FAB
.L8095996C:
/* 0068C 8095996C 10000026 */  beq     $zero, $zero, .L80959A08   
/* 00690 80959970 24050FAA */  addiu   $a1, $zero, 0x0FAA         ## $a1 = 00000FAA
.L80959974:
/* 00694 80959974 10000024 */  beq     $zero, $zero, .L80959A08   
/* 00698 80959978 24050FA8 */  addiu   $a1, $zero, 0x0FA8         ## $a1 = 00000FA8
.L8095997C:
/* 0069C 8095997C 0C256549 */  jal     func_80959524              
/* 006A0 80959980 8FA4001C */  lw      $a0, 0x001C($sp)           
/* 006A4 80959984 3C03801F */  lui     $v1, 0x801F                ## $v1 = 801F0000
/* 006A8 80959988 18400003 */  blez    $v0, .L80959998            
/* 006AC 8095998C 2463F670 */  addiu   $v1, $v1, 0xF670           ## $v1 = 801EF670
/* 006B0 80959990 1000001D */  beq     $zero, $zero, .L80959A08   
/* 006B4 80959994 24050FA7 */  addiu   $a1, $zero, 0x0FA7         ## $a1 = 00000FA7
.L80959998:
/* 006B8 80959998 90690F0B */  lbu     $t1, 0x0F0B($v1)           ## 801F057B
/* 006BC 8095999C 312A0004 */  andi    $t2, $t1, 0x0004           ## $t2 = 00000000
/* 006C0 809599A0 11400009 */  beq     $t2, $zero, .L809599C8     
/* 006C4 809599A4 00000000 */  nop
/* 006C8 809599A8 906B0F2F */  lbu     $t3, 0x0F2F($v1)           ## 801F059F
/* 006CC 809599AC 316C0080 */  andi    $t4, $t3, 0x0080           ## $t4 = 00000000
/* 006D0 809599B0 11800003 */  beq     $t4, $zero, .L809599C0     
/* 006D4 809599B4 00000000 */  nop
/* 006D8 809599B8 10000013 */  beq     $zero, $zero, .L80959A08   
/* 006DC 809599BC 24050FBF */  addiu   $a1, $zero, 0x0FBF         ## $a1 = 00000FBF
.L809599C0:
/* 006E0 809599C0 10000011 */  beq     $zero, $zero, .L80959A08   
/* 006E4 809599C4 24050FA6 */  addiu   $a1, $zero, 0x0FA6         ## $a1 = 00000FA6
.L809599C8:
/* 006E8 809599C8 1000000F */  beq     $zero, $zero, .L80959A08   
/* 006EC 809599CC 24050FA0 */  addiu   $a1, $zero, 0x0FA0         ## $a1 = 00000FA0
.L809599D0:
/* 006F0 809599D0 0C256549 */  jal     func_80959524              
/* 006F4 809599D4 8FA4001C */  lw      $a0, 0x001C($sp)           
/* 006F8 809599D8 3C03801F */  lui     $v1, 0x801F                ## $v1 = 801F0000
/* 006FC 809599DC 18400003 */  blez    $v0, .L809599EC            
/* 00700 809599E0 2463F670 */  addiu   $v1, $v1, 0xF670           ## $v1 = 801EF670
/* 00704 809599E4 10000008 */  beq     $zero, $zero, .L80959A08   
/* 00708 809599E8 24050FB0 */  addiu   $a1, $zero, 0x0FB0         ## $a1 = 00000FB0
.L809599EC:
/* 0070C 809599EC 906D0F0B */  lbu     $t5, 0x0F0B($v1)           ## 801F057B
/* 00710 809599F0 24050FB1 */  addiu   $a1, $zero, 0x0FB1         ## $a1 = 00000FB1
/* 00714 809599F4 31AE0020 */  andi    $t6, $t5, 0x0020           ## $t6 = 00000000
/* 00718 809599F8 11C00003 */  beq     $t6, $zero, .L80959A08     
/* 0071C 809599FC 00000000 */  nop
/* 00720 80959A00 10000001 */  beq     $zero, $zero, .L80959A08   
/* 00724 80959A04 24050FB2 */  addiu   $a1, $zero, 0x0FB2         ## $a1 = 00000FB2
.L80959A08:
/* 00728 80959A08 8FA4001C */  lw      $a0, 0x001C($sp)           
/* 0072C 80959A0C 0C05462C */  jal     func_801518B0              
/* 00730 80959A10 8FA60018 */  lw      $a2, 0x0018($sp)           
/* 00734 80959A14 8FBF0014 */  lw      $ra, 0x0014($sp)           
/* 00738 80959A18 27BD0018 */  addiu   $sp, $sp, 0x0018           ## $sp = 00000000
/* 0073C 80959A1C 03E00008 */  jr      $ra                        
/* 00740 80959A20 00000000 */  nop


glabel func_80959A24
/* 00744 80959A24 27BDFFE8 */  addiu   $sp, $sp, 0xFFE8           ## $sp = FFFFFFE8
/* 00748 80959A28 AFBF0014 */  sw      $ra, 0x0014($sp)           
/* 0074C 80959A2C AFA40018 */  sw      $a0, 0x0018($sp)           
/* 00750 80959A30 00A03025 */  or      $a2, $a1, $zero            ## $a2 = 00000000
/* 00754 80959A34 8FA40018 */  lw      $a0, 0x0018($sp)           
/* 00758 80959A38 AFA6001C */  sw      $a2, 0x001C($sp)           
/* 0075C 80959A3C 0C04DB34 */  jal     func_80136CD0              
/* 00760 80959A40 24840190 */  addiu   $a0, $a0, 0x0190           ## $a0 = 00000190
/* 00764 80959A44 8FA30018 */  lw      $v1, 0x0018($sp)           
/* 00768 80959A48 8FA6001C */  lw      $a2, 0x001C($sp)           
/* 0076C 80959A4C 946E027A */  lhu     $t6, 0x027A($v1)           ## 0000027A
/* 00770 80959A50 24C44908 */  addiu   $a0, $a2, 0x4908           ## $a0 = 00004908
/* 00774 80959A54 35CF0001 */  ori     $t7, $t6, 0x0001           ## $t7 = 00000001
/* 00778 80959A58 0C054926 */  jal     func_80152498              
/* 0077C 80959A5C A46F027A */  sh      $t7, 0x027A($v1)           ## 0000027A
/* 00780 80959A60 24010002 */  addiu   $at, $zero, 0x0002         ## $at = 00000002
/* 00784 80959A64 10410087 */  beq     $v0, $at, .L80959C84       
/* 00788 80959A68 8FA6001C */  lw      $a2, 0x001C($sp)           
/* 0078C 80959A6C 24010005 */  addiu   $at, $zero, 0x0005         ## $at = 00000005
/* 00790 80959A70 14410084 */  bne     $v0, $at, .L80959C84       
/* 00794 80959A74 00C02025 */  or      $a0, $a2, $zero            ## $a0 = 00000000
/* 00798 80959A78 0C051D89 */  jal     func_80147624              
/* 0079C 80959A7C AFA6001C */  sw      $a2, 0x001C($sp)           
/* 007A0 80959A80 10400080 */  beq     $v0, $zero, .L80959C84     
/* 007A4 80959A84 8FA6001C */  lw      $a2, 0x001C($sp)           
/* 007A8 80959A88 3C030001 */  lui     $v1, 0x0001                ## $v1 = 00010000
/* 007AC 80959A8C 00661821 */  addu    $v1, $v1, $a2              
/* 007B0 80959A90 9463680C */  lhu     $v1, 0x680C($v1)           ## 0001680C
/* 007B4 80959A94 2478F060 */  addiu   $t8, $v1, 0xF060           ## $t8 = 0000F060
/* 007B8 80959A98 2F010020 */  sltiu   $at, $t8, 0x0020           
/* 007BC 80959A9C 10200073 */  beq     $at, $zero, .L80959C6C     
/* 007C0 80959AA0 0018C080 */  sll     $t8, $t8,  2               
/* 007C4 80959AA4 3C018096 */  lui     $at, %hi(D_8095A2C4)       ## $at = 80960000
/* 007C8 80959AA8 00380821 */  addu    $at, $at, $t8              
/* 007CC 80959AAC 8C38A2C4 */  lw      $t8, %lo(D_8095A2C4)($at)  
/* 007D0 80959AB0 03000008 */  jr      $t8                        
/* 007D4 80959AB4 00000000 */  nop
.L80959AB8:
/* 007D8 80959AB8 24650001 */  addiu   $a1, $v1, 0x0001           ## $a1 = 00010001
/* 007DC 80959ABC 30A5FFFF */  andi    $a1, $a1, 0xFFFF           ## $a1 = 00000001
/* 007E0 80959AC0 0C05464E */  jal     func_80151938              
/* 007E4 80959AC4 00C02025 */  or      $a0, $a2, $zero            ## $a0 = 00000000
/* 007E8 80959AC8 1000006F */  beq     $zero, $zero, .L80959C88   
/* 007EC 80959ACC 8FBF0014 */  lw      $ra, 0x0014($sp)           
.L80959AD0:
/* 007F0 80959AD0 3C02801F */  lui     $v0, 0x801F                ## $v0 = 801F0000
/* 007F4 80959AD4 2442F670 */  addiu   $v0, $v0, 0xF670           ## $v0 = 801EF670
/* 007F8 80959AD8 90590F2F */  lbu     $t9, 0x0F2F($v0)           ## 801F059F
/* 007FC 80959ADC 00C02025 */  or      $a0, $a2, $zero            ## $a0 = 00000000
/* 00800 80959AE0 24650001 */  addiu   $a1, $v1, 0x0001           ## $a1 = 00000001
/* 00804 80959AE4 33280080 */  andi    $t0, $t9, 0x0080           ## $t0 = 00000000
/* 00808 80959AE8 11000008 */  beq     $t0, $zero, .L80959B0C     
/* 0080C 80959AEC 00000000 */  nop
/* 00810 80959AF0 0C051DED */  jal     func_801477B4              
/* 00814 80959AF4 00C02025 */  or      $a0, $a2, $zero            ## $a0 = 00000000
/* 00818 80959AF8 8FAA0018 */  lw      $t2, 0x0018($sp)           
/* 0081C 80959AFC 3C098096 */  lui     $t1, %hi(func_80959E18)    ## $t1 = 80960000
/* 00820 80959B00 25299E18 */  addiu   $t1, $t1, %lo(func_80959E18) ## $t1 = 80959E18
/* 00824 80959B04 1000005F */  beq     $zero, $zero, .L80959C84   
/* 00828 80959B08 AD490280 */  sw      $t1, 0x0280($t2)           ## 00000280
.L80959B0C:
/* 0082C 80959B0C 0C05464E */  jal     func_80151938              
/* 00830 80959B10 30A5FFFF */  andi    $a1, $a1, 0xFFFF           ## $a1 = 00000000
/* 00834 80959B14 1000005C */  beq     $zero, $zero, .L80959C88   
/* 00838 80959B18 8FBF0014 */  lw      $ra, 0x0014($sp)           
.L80959B1C:
/* 0083C 80959B1C 0C051DED */  jal     func_801477B4              
/* 00840 80959B20 00C02025 */  or      $a0, $a2, $zero            ## $a0 = 00000000
/* 00844 80959B24 8FAC0018 */  lw      $t4, 0x0018($sp)           
/* 00848 80959B28 3C0B8096 */  lui     $t3, %hi(func_80959E18)    ## $t3 = 80960000
/* 0084C 80959B2C 256B9E18 */  addiu   $t3, $t3, %lo(func_80959E18) ## $t3 = 80959E18
/* 00850 80959B30 10000054 */  beq     $zero, $zero, .L80959C84   
/* 00854 80959B34 AD8B0280 */  sw      $t3, 0x0280($t4)           ## 00000280
.L80959B38:
/* 00858 80959B38 3C02801F */  lui     $v0, 0x801F                ## $v0 = 801F0000
/* 0085C 80959B3C 2442F670 */  addiu   $v0, $v0, 0xF670           ## $v0 = 801EF670
/* 00860 80959B40 904D0F0B */  lbu     $t5, 0x0F0B($v0)           ## 801F057B
/* 00864 80959B44 00C02025 */  or      $a0, $a2, $zero            ## $a0 = 00000000
/* 00868 80959B48 24050FA1 */  addiu   $a1, $zero, 0x0FA1         ## $a1 = 00000FA1
/* 0086C 80959B4C 35AE0004 */  ori     $t6, $t5, 0x0004           ## $t6 = 00000004
/* 00870 80959B50 0C05464E */  jal     func_80151938              
/* 00874 80959B54 A04E0F0B */  sb      $t6, 0x0F0B($v0)           ## 801F057B
/* 00878 80959B58 1000004B */  beq     $zero, $zero, .L80959C88   
/* 0087C 80959B5C 8FBF0014 */  lw      $ra, 0x0014($sp)           
.L80959B60:
/* 00880 80959B60 3C02801F */  lui     $v0, 0x801F                ## $v0 = 801F0000
/* 00884 80959B64 2442F670 */  addiu   $v0, $v0, 0xF670           ## $v0 = 801EF670
/* 00888 80959B68 904F0F0B */  lbu     $t7, 0x0F0B($v0)           ## 801F057B
/* 0088C 80959B6C 90590F2F */  lbu     $t9, 0x0F2F($v0)           ## 801F059F
/* 00890 80959B70 00C02025 */  or      $a0, $a2, $zero            ## $a0 = 00000000
/* 00894 80959B74 35F80008 */  ori     $t8, $t7, 0x0008           ## $t8 = 00000008
/* 00898 80959B78 33280080 */  andi    $t0, $t9, 0x0080           ## $t0 = 00000000
/* 0089C 80959B7C 11000006 */  beq     $t0, $zero, .L80959B98     
/* 008A0 80959B80 A0580F0B */  sb      $t8, 0x0F0B($v0)           ## 801F057B
/* 008A4 80959B84 00C02025 */  or      $a0, $a2, $zero            ## $a0 = 00000000
/* 008A8 80959B88 0C05464E */  jal     func_80151938              
/* 008AC 80959B8C 24050FBD */  addiu   $a1, $zero, 0x0FBD         ## $a1 = 00000FBD
/* 008B0 80959B90 1000003D */  beq     $zero, $zero, .L80959C88   
/* 008B4 80959B94 8FBF0014 */  lw      $ra, 0x0014($sp)           
.L80959B98:
/* 008B8 80959B98 0C05464E */  jal     func_80151938              
/* 008BC 80959B9C 24050FA9 */  addiu   $a1, $zero, 0x0FA9         ## $a1 = 00000FA9
/* 008C0 80959BA0 10000039 */  beq     $zero, $zero, .L80959C88   
/* 008C4 80959BA4 8FBF0014 */  lw      $ra, 0x0014($sp)           
.L80959BA8:
/* 008C8 80959BA8 3C02801F */  lui     $v0, 0x801F                ## $v0 = 801F0000
/* 008CC 80959BAC 2442F670 */  addiu   $v0, $v0, 0xF670           ## $v0 = 801EF670
/* 008D0 80959BB0 90490F0B */  lbu     $t1, 0x0F0B($v0)           ## 801F057B
/* 008D4 80959BB4 904B0F2F */  lbu     $t3, 0x0F2F($v0)           ## 801F059F
/* 008D8 80959BB8 00C02025 */  or      $a0, $a2, $zero            ## $a0 = 00000000
/* 008DC 80959BBC 352A0010 */  ori     $t2, $t1, 0x0010           ## $t2 = 00000010
/* 008E0 80959BC0 316C0080 */  andi    $t4, $t3, 0x0080           ## $t4 = 00000000
/* 008E4 80959BC4 11800006 */  beq     $t4, $zero, .L80959BE0     
/* 008E8 80959BC8 A04A0F0B */  sb      $t2, 0x0F0B($v0)           ## 801F057B
/* 008EC 80959BCC 00C02025 */  or      $a0, $a2, $zero            ## $a0 = 00000000
/* 008F0 80959BD0 0C05464E */  jal     func_80151938              
/* 008F4 80959BD4 24050FBE */  addiu   $a1, $zero, 0x0FBE         ## $a1 = 00000FBE
/* 008F8 80959BD8 1000002B */  beq     $zero, $zero, .L80959C88   
/* 008FC 80959BDC 8FBF0014 */  lw      $ra, 0x0014($sp)           
.L80959BE0:
/* 00900 80959BE0 0C05464E */  jal     func_80151938              
/* 00904 80959BE4 24050FAD */  addiu   $a1, $zero, 0x0FAD         ## $a1 = 00000FAD
/* 00908 80959BE8 10000027 */  beq     $zero, $zero, .L80959C88   
/* 0090C 80959BEC 8FBF0014 */  lw      $ra, 0x0014($sp)           
.L80959BF0:
/* 00910 80959BF0 3C02801F */  lui     $v0, 0x801F                ## $v0 = 801F0000
/* 00914 80959BF4 2442F670 */  addiu   $v0, $v0, 0xF670           ## $v0 = 801EF670
/* 00918 80959BF8 904D0F0B */  lbu     $t5, 0x0F0B($v0)           ## 801F057B
/* 0091C 80959BFC 00C02025 */  or      $a0, $a2, $zero            ## $a0 = 00000000
/* 00920 80959C00 35AE0020 */  ori     $t6, $t5, 0x0020           ## $t6 = 00000020
/* 00924 80959C04 0C051DED */  jal     func_801477B4              
/* 00928 80959C08 A04E0F0B */  sb      $t6, 0x0F0B($v0)           ## 801F057B
/* 0092C 80959C0C 8FB80018 */  lw      $t8, 0x0018($sp)           
/* 00930 80959C10 3C0F8096 */  lui     $t7, %hi(func_80959E18)    ## $t7 = 80960000
/* 00934 80959C14 25EF9E18 */  addiu   $t7, $t7, %lo(func_80959E18) ## $t7 = 80959E18
/* 00938 80959C18 1000001A */  beq     $zero, $zero, .L80959C84   
/* 0093C 80959C1C AF0F0280 */  sw      $t7, 0x0280($t8)           ## 00000280
.L80959C20:
/* 00940 80959C20 0C051DED */  jal     func_801477B4              
/* 00944 80959C24 00C02025 */  or      $a0, $a2, $zero            ## $a0 = 00000000
/* 00948 80959C28 8FA20018 */  lw      $v0, 0x0018($sp)           
/* 0094C 80959C2C 3C01FFFE */  lui     $at, 0xFFFE                ## $at = FFFE0000
/* 00950 80959C30 3C198096 */  lui     $t9, %hi(func_80959E18)    ## $t9 = 80960000
/* 00954 80959C34 8C480004 */  lw      $t0, 0x0004($v0)           ## 00000004
/* 00958 80959C38 3421FFFF */  ori     $at, $at, 0xFFFF           ## $at = FFFEFFFF
/* 0095C 80959C3C 27399E18 */  addiu   $t9, $t9, %lo(func_80959E18) ## $t9 = 80959E18
/* 00960 80959C40 01014824 */  and     $t1, $t0, $at              
/* 00964 80959C44 AC590280 */  sw      $t9, 0x0280($v0)           ## 00000280
/* 00968 80959C48 1000000E */  beq     $zero, $zero, .L80959C84   
/* 0096C 80959C4C AC490004 */  sw      $t1, 0x0004($v0)           ## 00000004
.L80959C50:
/* 00970 80959C50 0C051DED */  jal     func_801477B4              
/* 00974 80959C54 00C02025 */  or      $a0, $a2, $zero            ## $a0 = 00000000
/* 00978 80959C58 8FAB0018 */  lw      $t3, 0x0018($sp)           
/* 0097C 80959C5C 3C0A8096 */  lui     $t2, %hi(func_80959E18)    ## $t2 = 80960000
/* 00980 80959C60 254A9E18 */  addiu   $t2, $t2, %lo(func_80959E18) ## $t2 = 80959E18
/* 00984 80959C64 10000007 */  beq     $zero, $zero, .L80959C84   
/* 00988 80959C68 AD6A0280 */  sw      $t2, 0x0280($t3)           ## 00000280
.L80959C6C:
/* 0098C 80959C6C 0C051DED */  jal     func_801477B4              
/* 00990 80959C70 00C02025 */  or      $a0, $a2, $zero            ## $a0 = 00000000
/* 00994 80959C74 8FAD0018 */  lw      $t5, 0x0018($sp)           
/* 00998 80959C78 3C0C8096 */  lui     $t4, %hi(func_80959E18)    ## $t4 = 80960000
/* 0099C 80959C7C 258C9E18 */  addiu   $t4, $t4, %lo(func_80959E18) ## $t4 = 80959E18
/* 009A0 80959C80 ADAC0280 */  sw      $t4, 0x0280($t5)           ## 00000280
.L80959C84:
/* 009A4 80959C84 8FBF0014 */  lw      $ra, 0x0014($sp)           
.L80959C88:
/* 009A8 80959C88 27BD0018 */  addiu   $sp, $sp, 0x0018           ## $sp = 00000000
/* 009AC 80959C8C 03E00008 */  jr      $ra                        
/* 009B0 80959C90 00000000 */  nop


glabel func_80959C94
/* 009B4 80959C94 27BDFFD8 */  addiu   $sp, $sp, 0xFFD8           ## $sp = FFFFFFD8
/* 009B8 80959C98 AFB00020 */  sw      $s0, 0x0020($sp)           
/* 009BC 80959C9C 00808025 */  or      $s0, $a0, $zero            ## $s0 = 00000000
/* 009C0 80959CA0 AFBF0024 */  sw      $ra, 0x0024($sp)           
/* 009C4 80959CA4 AFA5002C */  sw      $a1, 0x002C($sp)           
/* 009C8 80959CA8 02002025 */  or      $a0, $s0, $zero            ## $a0 = 00000000
/* 009CC 80959CAC 0C02E134 */  jal     func_800B84D0              
/* 009D0 80959CB0 8FA5002C */  lw      $a1, 0x002C($sp)           
/* 009D4 80959CB4 1040000D */  beq     $v0, $zero, .L80959CEC     
/* 009D8 80959CB8 3C010001 */  lui     $at, 0x0001                ## $at = 00010000
/* 009DC 80959CBC 960F027A */  lhu     $t7, 0x027A($s0)           ## 0000027A
/* 009E0 80959CC0 3C0E8096 */  lui     $t6, %hi(func_80959A24)    ## $t6 = 80960000
/* 009E4 80959CC4 25CE9A24 */  addiu   $t6, $t6, %lo(func_80959A24) ## $t6 = 80959A24
/* 009E8 80959CC8 31F8FFFD */  andi    $t8, $t7, 0xFFFD           ## $t8 = 00000000
/* 009EC 80959CCC AE0E0280 */  sw      $t6, 0x0280($s0)           ## 00000280
/* 009F0 80959CD0 A618027A */  sh      $t8, 0x027A($s0)           ## 0000027A
/* 009F4 80959CD4 8FA4002C */  lw      $a0, 0x002C($sp)           
/* 009F8 80959CD8 24050FB3 */  addiu   $a1, $zero, 0x0FB3         ## $a1 = 00000FB3
/* 009FC 80959CDC 0C05462C */  jal     func_801518B0              
/* 00A00 80959CE0 02003025 */  or      $a2, $s0, $zero            ## $a2 = 00000000
/* 00A04 80959CE4 1000000C */  beq     $zero, $zero, .L80959D18   
/* 00A08 80959CE8 8FBF0024 */  lw      $ra, 0x0024($sp)           
.L80959CEC:
/* 00A0C 80959CEC 8E190004 */  lw      $t9, 0x0004($s0)           ## 00000004
/* 00A10 80959CF0 2409FFFF */  addiu   $t1, $zero, 0xFFFF         ## $t1 = FFFFFFFF
/* 00A14 80959CF4 02002025 */  or      $a0, $s0, $zero            ## $a0 = 00000000
/* 00A18 80959CF8 03214025 */  or      $t0, $t9, $at              ## $t0 = 00000000
/* 00A1C 80959CFC AE080004 */  sw      $t0, 0x0004($s0)           ## 00000004
/* 00A20 80959D00 AFA90010 */  sw      $t1, 0x0010($sp)           
/* 00A24 80959D04 8FA5002C */  lw      $a1, 0x002C($sp)           
/* 00A28 80959D08 3C0643AF */  lui     $a2, 0x43AF                ## $a2 = 43AF0000
/* 00A2C 80959D0C 0C02E140 */  jal     func_800B8500              
/* 00A30 80959D10 3C07447A */  lui     $a3, 0x447A                ## $a3 = 447A0000
/* 00A34 80959D14 8FBF0024 */  lw      $ra, 0x0024($sp)           
.L80959D18:
/* 00A38 80959D18 8FB00020 */  lw      $s0, 0x0020($sp)           
/* 00A3C 80959D1C 27BD0028 */  addiu   $sp, $sp, 0x0028           ## $sp = 00000000
/* 00A40 80959D20 03E00008 */  jr      $ra                        
/* 00A44 80959D24 00000000 */  nop


glabel func_80959D28
/* 00A48 80959D28 27BDFFE0 */  addiu   $sp, $sp, 0xFFE0           ## $sp = FFFFFFE0
/* 00A4C 80959D2C AFB00018 */  sw      $s0, 0x0018($sp)           
/* 00A50 80959D30 00808025 */  or      $s0, $a0, $zero            ## $s0 = 00000000
/* 00A54 80959D34 AFBF001C */  sw      $ra, 0x001C($sp)           
/* 00A58 80959D38 AFA50024 */  sw      $a1, 0x0024($sp)           
/* 00A5C 80959D3C 0C04DB34 */  jal     func_80136CD0              
/* 00A60 80959D40 26040190 */  addiu   $a0, $s0, 0x0190           ## $a0 = 00000190
/* 00A64 80959D44 8FAE0024 */  lw      $t6, 0x0024($sp)           
/* 00A68 80959D48 91CF1F2C */  lbu     $t7, 0x1F2C($t6)           ## 00001F2C
/* 00A6C 80959D4C 55E0001C */  bnel    $t7, $zero, .L80959DC0     
/* 00A70 80959D50 82040038 */  lb      $a0, 0x0038($s0)           ## 00000038
/* 00A74 80959D54 82180038 */  lb      $t8, 0x0038($s0)           ## 00000038
/* 00A78 80959D58 2401FFFF */  addiu   $at, $zero, 0xFFFF         ## $at = FFFFFFFF
/* 00A7C 80959D5C 3C19801F */  lui     $t9, 0x801F                ## $t9 = 801F0000
/* 00A80 80959D60 57010017 */  bnel    $t8, $at, .L80959DC0       
/* 00A84 80959D64 82040038 */  lb      $a0, 0x0038($s0)           ## 00000038
/* 00A88 80959D68 9339057C */  lbu     $t9, 0x057C($t9)           ## 801F057C
/* 00A8C 80959D6C 3C188096 */  lui     $t8, %hi(func_80959E18)    ## $t8 = 80960000
/* 00A90 80959D70 3C0B8096 */  lui     $t3, %hi(func_80959774)    ## $t3 = 80960000
/* 00A94 80959D74 33280040 */  andi    $t0, $t9, 0x0040           ## $t0 = 00000000
/* 00A98 80959D78 1100000C */  beq     $t0, $zero, .L80959DAC     
/* 00A9C 80959D7C 27189E18 */  addiu   $t8, $t8, %lo(func_80959E18) ## $t8 = 80959E18
/* 00AA0 80959D80 9609027A */  lhu     $t1, 0x027A($s0)           ## 0000027A
/* 00AA4 80959D84 860C0016 */  lh      $t4, 0x0016($s0)           ## 00000016
/* 00AA8 80959D88 256B9774 */  addiu   $t3, $t3, %lo(func_80959774) ## $t3 = 80959774
/* 00AAC 80959D8C 312EFFFE */  andi    $t6, $t1, 0xFFFE           ## $t6 = 00000000
/* 00AB0 80959D90 A60E027A */  sh      $t6, 0x027A($s0)           ## 0000027A
/* 00AB4 80959D94 35CF0004 */  ori     $t7, $t6, 0x0004           ## $t7 = 00000004
/* 00AB8 80959D98 258D4E20 */  addiu   $t5, $t4, 0x4E20           ## $t5 = 00004E20
/* 00ABC 80959D9C AE0B0280 */  sw      $t3, 0x0280($s0)           ## 00000280
/* 00AC0 80959DA0 A60D0016 */  sh      $t5, 0x0016($s0)           ## 00000016
/* 00AC4 80959DA4 10000002 */  beq     $zero, $zero, .L80959DB0   
/* 00AC8 80959DA8 A60F027A */  sh      $t7, 0x027A($s0)           ## 0000027A
.L80959DAC:
/* 00ACC 80959DAC AE180280 */  sw      $t8, 0x0280($s0)           ## 00000280
.L80959DB0:
/* 00AD0 80959DB0 86190276 */  lh      $t9, 0x0276($s0)           ## 00000276
/* 00AD4 80959DB4 10000013 */  beq     $zero, $zero, .L80959E04   
/* 00AD8 80959DB8 A2190038 */  sb      $t9, 0x0038($s0)           ## 00000038
/* 00ADC 80959DBC 82040038 */  lb      $a0, 0x0038($s0)           ## 00000038
.L80959DC0:
/* 00AE0 80959DC0 2401FFFF */  addiu   $at, $zero, 0xFFFF         ## $at = FFFFFFFF
/* 00AE4 80959DC4 5081000D */  beql    $a0, $at, .L80959DFC       
/* 00AE8 80959DC8 02002025 */  or      $a0, $s0, $zero            ## $a0 = 00000000
/* 00AEC 80959DCC 0C03C6F9 */  jal     func_800F1BE4              
/* 00AF0 80959DD0 00000000 */  nop
/* 00AF4 80959DD4 10400006 */  beq     $v0, $zero, .L80959DF0     
/* 00AF8 80959DD8 02002825 */  or      $a1, $s0, $zero            ## $a1 = 00000000
/* 00AFC 80959DDC 0C03C71A */  jal     func_800F1C68              
/* 00B00 80959DE0 82040038 */  lb      $a0, 0x0038($s0)           ## 00000038
/* 00B04 80959DE4 2408FFFF */  addiu   $t0, $zero, 0xFFFF         ## $t0 = FFFFFFFF
/* 00B08 80959DE8 10000003 */  beq     $zero, $zero, .L80959DF8   
/* 00B0C 80959DEC A2080038 */  sb      $t0, 0x0038($s0)           ## 00000038
.L80959DF0:
/* 00B10 80959DF0 0C03C6E9 */  jal     func_800F1BA4              
/* 00B14 80959DF4 82040038 */  lb      $a0, 0x0038($s0)           ## 00000038
.L80959DF8:
/* 00B18 80959DF8 02002025 */  or      $a0, $s0, $zero            ## $a0 = 00000000
.L80959DFC:
/* 00B1C 80959DFC 0C256553 */  jal     func_8095954C              
/* 00B20 80959E00 8FA50024 */  lw      $a1, 0x0024($sp)           
.L80959E04:
/* 00B24 80959E04 8FBF001C */  lw      $ra, 0x001C($sp)           
/* 00B28 80959E08 8FB00018 */  lw      $s0, 0x0018($sp)           
/* 00B2C 80959E0C 27BD0020 */  addiu   $sp, $sp, 0x0020           ## $sp = 00000000
/* 00B30 80959E10 03E00008 */  jr      $ra                        
/* 00B34 80959E14 00000000 */  nop


glabel func_80959E18
/* 00B38 80959E18 27BDFFD8 */  addiu   $sp, $sp, 0xFFD8           ## $sp = FFFFFFD8
/* 00B3C 80959E1C AFB00018 */  sw      $s0, 0x0018($sp)           
/* 00B40 80959E20 00808025 */  or      $s0, $a0, $zero            ## $s0 = 00000000
/* 00B44 80959E24 AFBF001C */  sw      $ra, 0x001C($sp)           
/* 00B48 80959E28 AFA5002C */  sw      $a1, 0x002C($sp)           
/* 00B4C 80959E2C 860E0092 */  lh      $t6, 0x0092($s0)           ## 00000092
/* 00B50 80959E30 860F00BE */  lh      $t7, 0x00BE($s0)           ## 000000BE
/* 00B54 80959E34 26040190 */  addiu   $a0, $s0, 0x0190           ## $a0 = 00000190
/* 00B58 80959E38 01CFC023 */  subu    $t8, $t6, $t7              
/* 00B5C 80959E3C 0C04DB34 */  jal     func_80136CD0              
/* 00B60 80959E40 A7B80022 */  sh      $t8, 0x0022($sp)           
/* 00B64 80959E44 3C07801F */  lui     $a3, 0x801F                ## $a3 = 801F0000
/* 00B68 80959E48 24E7F670 */  addiu   $a3, $a3, 0xF670           ## $a3 = 801EF670
/* 00B6C 80959E4C 90F90F0C */  lbu     $t9, 0x0F0C($a3)           ## 801F057C
/* 00B70 80959E50 3C0B8096 */  lui     $t3, %hi(func_80959774)    ## $t3 = 80960000
/* 00B74 80959E54 256B9774 */  addiu   $t3, $t3, %lo(func_80959774) ## $t3 = 80959774
/* 00B78 80959E58 33280040 */  andi    $t0, $t9, 0x0040           ## $t0 = 00000000
/* 00B7C 80959E5C 11000009 */  beq     $t0, $zero, .L80959E84     
/* 00B80 80959E60 02002025 */  or      $a0, $s0, $zero            ## $a0 = 00000000
/* 00B84 80959E64 9609027A */  lhu     $t1, 0x027A($s0)           ## 0000027A
/* 00B88 80959E68 860C0016 */  lh      $t4, 0x0016($s0)           ## 00000016
/* 00B8C 80959E6C AE0B0280 */  sw      $t3, 0x0280($s0)           ## 00000280
/* 00B90 80959E70 312AFFFE */  andi    $t2, $t1, 0xFFFE           ## $t2 = 00000000
/* 00B94 80959E74 258D4E20 */  addiu   $t5, $t4, 0x4E20           ## $t5 = 00004E20
/* 00B98 80959E78 A60A027A */  sh      $t2, 0x027A($s0)           ## 0000027A
/* 00B9C 80959E7C 10000065 */  beq     $zero, $zero, .L8095A014   
/* 00BA0 80959E80 A60D0016 */  sh      $t5, 0x0016($s0)           ## 00000016
.L80959E84:
/* 00BA4 80959E84 0C02E1C6 */  jal     func_800B8718              
/* 00BA8 80959E88 8FA5002C */  lw      $a1, 0x002C($sp)           
/* 00BAC 80959E8C 3C07801F */  lui     $a3, 0x801F                ## $a3 = 801F0000
/* 00BB0 80959E90 1040001D */  beq     $v0, $zero, .L80959F08     
/* 00BB4 80959E94 24E7F670 */  addiu   $a3, $a3, 0xF670           ## $a3 = 801EF670
/* 00BB8 80959E98 8FAF002C */  lw      $t7, 0x002C($sp)           
/* 00BBC 80959E9C 3C010001 */  lui     $at, 0x0001                ## $at = 00010000
/* 00BC0 80959EA0 240E0004 */  addiu   $t6, $zero, 0x0004         ## $t6 = 00000004
/* 00BC4 80959EA4 3C188096 */  lui     $t8, %hi(func_80959D28)    ## $t8 = 80960000
/* 00BC8 80959EA8 002F0821 */  addu    $at, $at, $t7              
/* 00BCC 80959EAC A42E6932 */  sh      $t6, 0x6932($at)           ## 00016932
/* 00BD0 80959EB0 27189D28 */  addiu   $t8, $t8, %lo(func_80959D28) ## $t8 = 80959D28
/* 00BD4 80959EB4 AE180280 */  sw      $t8, 0x0280($s0)           ## 00000280
/* 00BD8 80959EB8 90F90020 */  lbu     $t9, 0x0020($a3)           ## 801EF690
/* 00BDC 80959EBC 24010002 */  addiu   $at, $zero, 0x0002         ## $at = 00000002
/* 00BE0 80959EC0 5721000C */  bnel    $t9, $at, .L80959EF4       
/* 00BE4 80959EC4 860B0278 */  lh      $t3, 0x0278($s0)           ## 00000278
/* 00BE8 80959EC8 86080276 */  lh      $t0, 0x0276($s0)           ## 00000276
/* 00BEC 80959ECC 24050063 */  addiu   $a1, $zero, 0x0063         ## $a1 = 00000063
/* 00BF0 80959ED0 A2080038 */  sb      $t0, 0x0038($s0)           ## 00000038
/* 00BF4 80959ED4 90E90F0C */  lbu     $t1, 0x0F0C($a3)           ## 801F057C
/* 00BF8 80959ED8 8FA4002C */  lw      $a0, 0x002C($sp)           
/* 00BFC 80959EDC 352A0040 */  ori     $t2, $t1, 0x0040           ## $t2 = 00000040
/* 00C00 80959EE0 0C044BA0 */  jal     func_80112E80              
/* 00C04 80959EE4 A0EA0F0C */  sb      $t2, 0x0F0C($a3)           ## 801F057C
/* 00C08 80959EE8 10000003 */  beq     $zero, $zero, .L80959EF8   
/* 00C0C 80959EEC 00000000 */  nop
/* 00C10 80959EF0 860B0278 */  lh      $t3, 0x0278($s0)           ## 00000278
.L80959EF4:
/* 00C14 80959EF4 A20B0038 */  sb      $t3, 0x0038($s0)           ## 00000038
.L80959EF8:
/* 00C18 80959EF8 0C03C6E9 */  jal     func_800F1BA4              
/* 00C1C 80959EFC 82040038 */  lb      $a0, 0x0038($s0)           ## 00000038
/* 00C20 80959F00 10000042 */  beq     $zero, $zero, .L8095A00C   
/* 00C24 80959F04 02002025 */  or      $a0, $s0, $zero            ## $a0 = 00000000
.L80959F08:
/* 00C28 80959F08 02002025 */  or      $a0, $s0, $zero            ## $a0 = 00000000
/* 00C2C 80959F0C 0C02E134 */  jal     func_800B84D0              
/* 00C30 80959F10 8FA5002C */  lw      $a1, 0x002C($sp)           
/* 00C34 80959F14 1040000A */  beq     $v0, $zero, .L80959F40     
/* 00C38 80959F18 02002025 */  or      $a0, $s0, $zero            ## $a0 = 00000000
/* 00C3C 80959F1C 0C256611 */  jal     func_80959844              
/* 00C40 80959F20 8FA5002C */  lw      $a1, 0x002C($sp)           
/* 00C44 80959F24 960D027A */  lhu     $t5, 0x027A($s0)           ## 0000027A
/* 00C48 80959F28 3C0C8096 */  lui     $t4, %hi(func_80959A24)    ## $t4 = 80960000
/* 00C4C 80959F2C 258C9A24 */  addiu   $t4, $t4, %lo(func_80959A24) ## $t4 = 80959A24
/* 00C50 80959F30 35AE0001 */  ori     $t6, $t5, 0x0001           ## $t6 = 00000001
/* 00C54 80959F34 AE0C0280 */  sw      $t4, 0x0280($s0)           ## 00000280
/* 00C58 80959F38 10000033 */  beq     $zero, $zero, .L8095A008   
/* 00C5C 80959F3C A60E027A */  sh      $t6, 0x027A($s0)           ## 0000027A
.L80959F40:
/* 00C60 80959F40 960F027A */  lhu     $t7, 0x027A($s0)           ## 0000027A
/* 00C64 80959F44 31F80002 */  andi    $t8, $t7, 0x0002           ## $t8 = 00000000
/* 00C68 80959F48 5300000A */  beql    $t8, $zero, .L80959F74     
/* 00C6C 80959F4C 3C0142F0 */  lui     $at, 0x42F0                ## $at = 42F00000
/* 00C70 80959F50 0C256549 */  jal     func_80959524              
/* 00C74 80959F54 8FA4002C */  lw      $a0, 0x002C($sp)           
/* 00C78 80959F58 28410007 */  slti    $at, $v0, 0x0007           
/* 00C7C 80959F5C 14200004 */  bne     $at, $zero, .L80959F70     
/* 00C80 80959F60 3C198096 */  lui     $t9, %hi(func_80959C94)    ## $t9 = 80960000
/* 00C84 80959F64 27399C94 */  addiu   $t9, $t9, %lo(func_80959C94) ## $t9 = 80959C94
/* 00C88 80959F68 10000027 */  beq     $zero, $zero, .L8095A008   
/* 00C8C 80959F6C AE190280 */  sw      $t9, 0x0280($s0)           ## 00000280
.L80959F70:
/* 00C90 80959F70 3C0142F0 */  lui     $at, 0x42F0                ## $at = 42F00000
.L80959F74:
/* 00C94 80959F74 44813000 */  mtc1    $at, $f6                   ## $f6 = 120.00
/* 00C98 80959F78 C6040098 */  lwc1    $f4, 0x0098($s0)           ## 00000098
/* 00C9C 80959F7C 9603027A */  lhu     $v1, 0x027A($s0)           ## 0000027A
/* 00CA0 80959F80 87A40022 */  lh      $a0, 0x0022($sp)           
/* 00CA4 80959F84 4606203C */  c.lt.s  $f4, $f6                   
/* 00CA8 80959F88 306DFFFE */  andi    $t5, $v1, 0xFFFE           ## $t5 = 00000000
/* 00CAC 80959F8C 4502001E */  bc1fl   .L8095A008                 
/* 00CB0 80959F90 A60D027A */  sh      $t5, 0x027A($s0)           ## 0000027A
/* 00CB4 80959F94 04810003 */  bgez    $a0, .L80959FA4            
/* 00CB8 80959F98 00801025 */  or      $v0, $a0, $zero            ## $v0 = 00000000
/* 00CBC 80959F9C 10000001 */  beq     $zero, $zero, .L80959FA4   
/* 00CC0 80959FA0 00041023 */  subu    $v0, $zero, $a0            
.L80959FA4:
/* 00CC4 80959FA4 28414301 */  slti    $at, $v0, 0x4301           
/* 00CC8 80959FA8 10200016 */  beq     $at, $zero, .L8095A004     
/* 00CCC 80959FAC 34680001 */  ori     $t0, $v1, 0x0001           ## $t0 = 00000001
/* 00CD0 80959FB0 A608027A */  sh      $t0, 0x027A($s0)           ## 0000027A
/* 00CD4 80959FB4 8FA5002C */  lw      $a1, 0x002C($sp)           
/* 00CD8 80959FB8 02002025 */  or      $a0, $s0, $zero            ## $a0 = 00000000
/* 00CDC 80959FBC 0C02E185 */  jal     func_800B8614              
/* 00CE0 80959FC0 3C064348 */  lui     $a2, 0x4348                ## $a2 = 43480000
/* 00CE4 80959FC4 3C07801F */  lui     $a3, 0x801F                ## $a3 = 801F0000
/* 00CE8 80959FC8 24E7F670 */  addiu   $a3, $a3, 0xF670           ## $a3 = 801EF670
/* 00CEC 80959FCC 90E90F0C */  lbu     $t1, 0x0F0C($a3)           ## 801F057C
/* 00CF0 80959FD0 312A0040 */  andi    $t2, $t1, 0x0040           ## $t2 = 00000000
/* 00CF4 80959FD4 5540000D */  bnel    $t2, $zero, .L8095A00C     
/* 00CF8 80959FD8 02002025 */  or      $a0, $s0, $zero            ## $a0 = 00000000
/* 00CFC 80959FDC 90EB0F0B */  lbu     $t3, 0x0F0B($a3)           ## 801F057B
/* 00D00 80959FE0 02002025 */  or      $a0, $s0, $zero            ## $a0 = 00000000
/* 00D04 80959FE4 8FA5002C */  lw      $a1, 0x002C($sp)           
/* 00D08 80959FE8 316C0040 */  andi    $t4, $t3, 0x0040           ## $t4 = 00000000
/* 00D0C 80959FEC 11800006 */  beq     $t4, $zero, .L8095A008     
/* 00D10 80959FF0 3C064348 */  lui     $a2, 0x4348                ## $a2 = 43480000
/* 00D14 80959FF4 0C02E1D3 */  jal     func_800B874C              
/* 00D18 80959FF8 3C0742C8 */  lui     $a3, 0x42C8                ## $a3 = 42C80000
/* 00D1C 80959FFC 10000003 */  beq     $zero, $zero, .L8095A00C   
/* 00D20 8095A000 02002025 */  or      $a0, $s0, $zero            ## $a0 = 00000000
.L8095A004:
/* 00D24 8095A004 A60D027A */  sh      $t5, 0x027A($s0)           ## 0000027A
.L8095A008:
/* 00D28 8095A008 02002025 */  or      $a0, $s0, $zero            ## $a0 = 00000000
.L8095A00C:
/* 00D2C 8095A00C 0C256553 */  jal     func_8095954C              
/* 00D30 8095A010 8FA5002C */  lw      $a1, 0x002C($sp)           
.L8095A014:
/* 00D34 8095A014 8FBF001C */  lw      $ra, 0x001C($sp)           
/* 00D38 8095A018 8FB00018 */  lw      $s0, 0x0018($sp)           
/* 00D3C 8095A01C 27BD0028 */  addiu   $sp, $sp, 0x0028           ## $sp = 00000000
/* 00D40 8095A020 03E00008 */  jr      $ra                        
/* 00D44 8095A024 00000000 */  nop


glabel func_8095A028
/* 00D48 8095A028 27BDFFB8 */  addiu   $sp, $sp, 0xFFB8           ## $sp = FFFFFFB8
/* 00D4C 8095A02C AFB10028 */  sw      $s1, 0x0028($sp)           
/* 00D50 8095A030 AFB00024 */  sw      $s0, 0x0024($sp)           
/* 00D54 8095A034 00808025 */  or      $s0, $a0, $zero            ## $s0 = 00000000
/* 00D58 8095A038 00A08825 */  or      $s1, $a1, $zero            ## $s1 = 00000000
/* 00D5C 8095A03C AFBF002C */  sw      $ra, 0x002C($sp)           
/* 00D60 8095A040 26060144 */  addiu   $a2, $s0, 0x0144           ## $a2 = 00000144
/* 00D64 8095A044 00C02825 */  or      $a1, $a2, $zero            ## $a1 = 00000144
/* 00D68 8095A048 AFA60034 */  sw      $a2, 0x0034($sp)           
/* 00D6C 8095A04C 0C039F7E */  jal     func_800E7DF8              
/* 00D70 8095A050 02002025 */  or      $a0, $s0, $zero            ## $a0 = 00000000
/* 00D74 8095A054 3C010001 */  lui     $at, 0x0001                ## $at = 00010000
/* 00D78 8095A058 34218884 */  ori     $at, $at, 0x8884           ## $at = 00018884
/* 00D7C 8095A05C 8FA60034 */  lw      $a2, 0x0034($sp)           
/* 00D80 8095A060 02212821 */  addu    $a1, $s1, $at              
/* 00D84 8095A064 0C038A4A */  jal     func_800E2928              
/* 00D88 8095A068 02202025 */  or      $a0, $s1, $zero            ## $a0 = 00000000
/* 00D8C 8095A06C 0C02DAA2 */  jal     func_800B6A88              
/* 00D90 8095A070 02002025 */  or      $a0, $s0, $zero            ## $a0 = 00000000
/* 00D94 8095A074 44800000 */  mtc1    $zero, $f0                 ## $f0 = 0.00
/* 00D98 8095A078 240E0004 */  addiu   $t6, $zero, 0x0004         ## $t6 = 00000004
/* 00D9C 8095A07C AFAE0014 */  sw      $t6, 0x0014($sp)           
/* 00DA0 8095A080 44060000 */  mfc1    $a2, $f0                   
/* 00DA4 8095A084 44070000 */  mfc1    $a3, $f0                   
/* 00DA8 8095A088 02202025 */  or      $a0, $s1, $zero            ## $a0 = 00000000
/* 00DAC 8095A08C 02002825 */  or      $a1, $s0, $zero            ## $a1 = 00000000
/* 00DB0 8095A090 0C02DE2E */  jal     func_800B78B8              
/* 00DB4 8095A094 E7A00010 */  swc1    $f0, 0x0010($sp)           
/* 00DB8 8095A098 8E190280 */  lw      $t9, 0x0280($s0)           ## 00000280
/* 00DBC 8095A09C 02002025 */  or      $a0, $s0, $zero            ## $a0 = 00000000
/* 00DC0 8095A0A0 02202825 */  or      $a1, $s1, $zero            ## $a1 = 00000000
/* 00DC4 8095A0A4 0320F809 */  jalr    $ra, $t9                   
/* 00DC8 8095A0A8 00000000 */  nop
/* 00DCC 8095A0AC 960F027A */  lhu     $t7, 0x027A($s0)           ## 0000027A
/* 00DD0 8095A0B0 02202025 */  or      $a0, $s1, $zero            ## $a0 = 00000000
/* 00DD4 8095A0B4 31F80001 */  andi    $t8, $t7, 0x0001           ## $t8 = 00000000
/* 00DD8 8095A0B8 53000013 */  beql    $t8, $zero, .L8095A108     
/* 00DDC 8095A0BC 240A0064 */  addiu   $t2, $zero, 0x0064         ## $t2 = 00000064
/* 00DE0 8095A0C0 0C03B8A7 */  jal     func_800EE29C              
/* 00DE4 8095A0C4 2405007F */  addiu   $a1, $zero, 0x007F         ## $a1 = 0000007F
/* 00DE8 8095A0C8 5440000F */  bnel    $v0, $zero, .L8095A108     
/* 00DEC 8095A0CC 240A0064 */  addiu   $t2, $zero, 0x0064         ## $t2 = 00000064
/* 00DF0 8095A0D0 8E09003C */  lw      $t1, 0x003C($s0)           ## 0000003C
/* 00DF4 8095A0D4 02202025 */  or      $a0, $s1, $zero            ## $a0 = 00000000
/* 00DF8 8095A0D8 02002825 */  or      $a1, $s0, $zero            ## $a1 = 00000000
/* 00DFC 8095A0DC AFA90010 */  sw      $t1, 0x0010($sp)           
/* 00E00 8095A0E0 8E080040 */  lw      $t0, 0x0040($s0)           ## 00000040
/* 00E04 8095A0E4 26060270 */  addiu   $a2, $s0, 0x0270           ## $a2 = 00000270
/* 00E08 8095A0E8 27A70038 */  addiu   $a3, $sp, 0x0038           ## $a3 = FFFFFFF0
/* 00E0C 8095A0EC AFA80014 */  sw      $t0, 0x0014($sp)           
/* 00E10 8095A0F0 8E090044 */  lw      $t1, 0x0044($s0)           ## 00000044
/* 00E14 8095A0F4 0C03A494 */  jal     func_800E9250              
/* 00E18 8095A0F8 AFA90018 */  sw      $t1, 0x0018($sp)           
/* 00E1C 8095A0FC 10000010 */  beq     $zero, $zero, .L8095A140   
/* 00E20 8095A100 8FBF002C */  lw      $ra, 0x002C($sp)           
/* 00E24 8095A104 240A0064 */  addiu   $t2, $zero, 0x0064         ## $t2 = 00000064
.L8095A108:
/* 00E28 8095A108 AFAA0010 */  sw      $t2, 0x0010($sp)           
/* 00E2C 8095A10C 26040270 */  addiu   $a0, $s0, 0x0270           ## $a0 = 00000270
/* 00E30 8095A110 00002825 */  or      $a1, $zero, $zero          ## $a1 = 00000000
/* 00E34 8095A114 24060006 */  addiu   $a2, $zero, 0x0006         ## $a2 = 00000006
/* 00E38 8095A118 0C03FFAF */  jal     func_800FFEBC              
/* 00E3C 8095A11C 24071838 */  addiu   $a3, $zero, 0x1838         ## $a3 = 00001838
/* 00E40 8095A120 240B0064 */  addiu   $t3, $zero, 0x0064         ## $t3 = 00000064
/* 00E44 8095A124 AFAB0010 */  sw      $t3, 0x0010($sp)           
/* 00E48 8095A128 26040272 */  addiu   $a0, $s0, 0x0272           ## $a0 = 00000272
/* 00E4C 8095A12C 00002825 */  or      $a1, $zero, $zero          ## $a1 = 00000000
/* 00E50 8095A130 24060006 */  addiu   $a2, $zero, 0x0006         ## $a2 = 00000006
/* 00E54 8095A134 0C03FFAF */  jal     func_800FFEBC              
/* 00E58 8095A138 24071838 */  addiu   $a3, $zero, 0x1838         ## $a3 = 00001838
/* 00E5C 8095A13C 8FBF002C */  lw      $ra, 0x002C($sp)           
.L8095A140:
/* 00E60 8095A140 8FB00024 */  lw      $s0, 0x0024($sp)           
/* 00E64 8095A144 8FB10028 */  lw      $s1, 0x0028($sp)           
/* 00E68 8095A148 03E00008 */  jr      $ra                        
/* 00E6C 8095A14C 27BD0048 */  addiu   $sp, $sp, 0x0048           ## $sp = 00000000


glabel func_8095A150
/* 00E70 8095A150 AFA40000 */  sw      $a0, 0x0000($sp)           
/* 00E74 8095A154 AFA60008 */  sw      $a2, 0x0008($sp)           
/* 00E78 8095A158 AFA7000C */  sw      $a3, 0x000C($sp)           
/* 00E7C 8095A15C 2401000B */  addiu   $at, $zero, 0x000B         ## $at = 0000000B
/* 00E80 8095A160 14A1000A */  bne     $a1, $at, .L8095A18C       
/* 00E84 8095A164 8FA20014 */  lw      $v0, 0x0014($sp)           
/* 00E88 8095A168 8FA30010 */  lw      $v1, 0x0010($sp)           
/* 00E8C 8095A16C 844F0272 */  lh      $t7, 0x0272($v0)           ## 00000272
/* 00E90 8095A170 846E0002 */  lh      $t6, 0x0002($v1)           ## 00000002
/* 00E94 8095A174 84790004 */  lh      $t9, 0x0004($v1)           ## 00000004
/* 00E98 8095A178 01CFC023 */  subu    $t8, $t6, $t7              
/* 00E9C 8095A17C A4780002 */  sh      $t8, 0x0002($v1)           ## 00000002
/* 00EA0 8095A180 84480270 */  lh      $t0, 0x0270($v0)           ## 00000270
/* 00EA4 8095A184 03284821 */  addu    $t1, $t9, $t0              
/* 00EA8 8095A188 A4690004 */  sh      $t1, 0x0004($v1)           ## 00000004
.L8095A18C:
/* 00EAC 8095A18C 00001025 */  or      $v0, $zero, $zero          ## $v0 = 00000000
/* 00EB0 8095A190 03E00008 */  jr      $ra                        
/* 00EB4 8095A194 00000000 */  nop


glabel func_8095A198
/* 00EB8 8095A198 27BDFFE8 */  addiu   $sp, $sp, 0xFFE8           ## $sp = FFFFFFE8
/* 00EBC 8095A19C AFBF0014 */  sw      $ra, 0x0014($sp)           
/* 00EC0 8095A1A0 AFA40018 */  sw      $a0, 0x0018($sp)           
/* 00EC4 8095A1A4 AFA60020 */  sw      $a2, 0x0020($sp)           
/* 00EC8 8095A1A8 AFA70024 */  sw      $a3, 0x0024($sp)           
/* 00ECC 8095A1AC 2401000B */  addiu   $at, $zero, 0x000B         ## $at = 0000000B
/* 00ED0 8095A1B0 14A10005 */  bne     $a1, $at, .L8095A1C8       
/* 00ED4 8095A1B4 3C048096 */  lui     $a0, %hi(D_8095A2A0)       ## $a0 = 80960000
/* 00ED8 8095A1B8 8FA50028 */  lw      $a1, 0x0028($sp)           
/* 00EDC 8095A1BC 2484A2A0 */  addiu   $a0, $a0, %lo(D_8095A2A0)  ## $a0 = 8095A2A0
/* 00EE0 8095A1C0 0C0606A6 */  jal     func_80181A98              
/* 00EE4 8095A1C4 24A5003C */  addiu   $a1, $a1, 0x003C           ## $a1 = 0000003C
.L8095A1C8:
/* 00EE8 8095A1C8 8FBF0014 */  lw      $ra, 0x0014($sp)           
/* 00EEC 8095A1CC 27BD0018 */  addiu   $sp, $sp, 0x0018           ## $sp = 00000000
/* 00EF0 8095A1D0 03E00008 */  jr      $ra                        
/* 00EF4 8095A1D4 00000000 */  nop


glabel func_8095A1D8
/* 00EF8 8095A1D8 27BDFFD8 */  addiu   $sp, $sp, 0xFFD8           ## $sp = FFFFFFD8
/* 00EFC 8095A1DC AFBF0024 */  sw      $ra, 0x0024($sp)           
/* 00F00 8095A1E0 AFA40028 */  sw      $a0, 0x0028($sp)           
/* 00F04 8095A1E4 AFA5002C */  sw      $a1, 0x002C($sp)           
/* 00F08 8095A1E8 8FAE002C */  lw      $t6, 0x002C($sp)           
/* 00F0C 8095A1EC 0C04B0A3 */  jal     func_8012C28C              
/* 00F10 8095A1F0 8DC40000 */  lw      $a0, 0x0000($t6)           ## 00000000
/* 00F14 8095A1F4 8FA20028 */  lw      $v0, 0x0028($sp)           
/* 00F18 8095A1F8 3C0F8096 */  lui     $t7, %hi(func_8095A150)    ## $t7 = 80960000
/* 00F1C 8095A1FC 3C188096 */  lui     $t8, %hi(func_8095A198)    ## $t8 = 80960000
/* 00F20 8095A200 8C450194 */  lw      $a1, 0x0194($v0)           ## 00000194
/* 00F24 8095A204 8C4601B0 */  lw      $a2, 0x01B0($v0)           ## 000001B0
/* 00F28 8095A208 90470192 */  lbu     $a3, 0x0192($v0)           ## 00000192
/* 00F2C 8095A20C 2718A198 */  addiu   $t8, $t8, %lo(func_8095A198) ## $t8 = 8095A198
/* 00F30 8095A210 25EFA150 */  addiu   $t7, $t7, %lo(func_8095A150) ## $t7 = 8095A150
/* 00F34 8095A214 AFAF0010 */  sw      $t7, 0x0010($sp)           
/* 00F38 8095A218 AFB80014 */  sw      $t8, 0x0014($sp)           
/* 00F3C 8095A21C 8FA4002C */  lw      $a0, 0x002C($sp)           
/* 00F40 8095A220 0C04CFCA */  jal     func_80133F28              
/* 00F44 8095A224 AFA20018 */  sw      $v0, 0x0018($sp)           
/* 00F48 8095A228 8FBF0024 */  lw      $ra, 0x0024($sp)           
/* 00F4C 8095A22C 27BD0028 */  addiu   $sp, $sp, 0x0028           ## $sp = 00000000
/* 00F50 8095A230 03E00008 */  jr      $ra                        
/* 00F54 8095A234 00000000 */  nop
/* 00F58 8095A238 00000000 */  nop
/* 00F5C 8095A23C 00000000 */  nop

.section .data

D_8095A240: .word 0x00AE0400, 0x00000019, 0x00FE0000, 0x00000284
.word func_80959390
.word func_809594F8
.word func_8095A028
.word func_8095A1D8
D_8095A260: .word \
0x0A001139, 0x10010000, 0x00000000, 0x00000000, \
0x00000000, 0xF7CFFFFF, 0x00000000, 0x00010100, \
0x001E0028, 0x00000000, 0x00000000
D_8095A28C: .word \
0x06001C38, 0x06000438, 0x060007D8, 0x060010F4, \
0x06001964
D_8095A2A0: .word 0x447A0000, 0xC2C80000, 0x00000000, 0x00000000

.section .rodata

D_8095A2B0: .word .L809595D0
.word .L809595D0
.word .L809595D0
.word .L809595D0
.word .L809595D0
D_8095A2C4: .word .L80959B38
.word .L80959AB8
.word .L80959AD0
.word .L80959AB8
.word .L80959AB8
.word .L80959B1C
.word .L80959B1C
.word .L80959B1C
.word .L80959B60
.word .L80959B1C
.word .L80959AB8
.word .L80959B1C
.word .L80959BA8
.word .L80959B1C
.word .L80959AB8
.word .L80959B1C
.word .L80959B1C
.word .L80959BF0
.word .L80959B1C
.word .L80959C20
.word .L80959C20
.word .L80959C50
.word .L80959C6C
.word .L80959C6C
.word .L80959C6C
.word .L80959C6C
.word .L80959C6C
.word .L80959C6C
.word .L80959C6C
.word .L80959B1C
.word .L80959B1C
.word .L80959B1C
.word 0x00000000, 0x00000000, 0x00000000


.section .rodata
D_8095A350:
.incbin "baserom/En_Mk", 0x1070, 0x000001C0
