.include "macro.inc"

# assembler directives
.set noat      # allow manual use of $at
.set noreorder # don't insert nops after branches
.set gp=64     # allow use of 64-bit general purpose registers

.section .text
glabel func_80952620
/* 00000 80952620 27BDFFC8 */  addiu   $sp, $sp, 0xFFC8           ## $sp = FFFFFFC8
/* 00004 80952624 AFB00028 */  sw      $s0, 0x0028($sp)           
/* 00008 80952628 00808025 */  or      $s0, $a0, $zero            ## $s0 = 00000000
/* 0000C 8095262C AFBF002C */  sw      $ra, 0x002C($sp)           
/* 00010 80952630 AFA5003C */  sw      $a1, 0x003C($sp)           
/* 00014 80952634 3C058095 */  lui     $a1, %hi(D_80952BCC)       ## $a1 = 80950000
/* 00018 80952638 24A52BCC */  addiu   $a1, $a1, %lo(D_80952BCC)  ## $a1 = 80952BCC
/* 0001C 8095263C 0C03FEB7 */  jal     func_800FFADC              
/* 00020 80952640 02002025 */  or      $a0, $s0, $zero            ## $a0 = 00000000
/* 00024 80952644 3C060600 */  lui     $a2, 0x0600                ## $a2 = 06000000
/* 00028 80952648 3C070600 */  lui     $a3, 0x0600                ## $a3 = 06000000
/* 0002C 8095264C 260E0188 */  addiu   $t6, $s0, 0x0188           ## $t6 = 00000188
/* 00030 80952650 260F01BE */  addiu   $t7, $s0, 0x01BE           ## $t7 = 000001BE
/* 00034 80952654 24180009 */  addiu   $t8, $zero, 0x0009         ## $t8 = 00000009
/* 00038 80952658 AFB80018 */  sw      $t8, 0x0018($sp)           
/* 0003C 8095265C AFAF0014 */  sw      $t7, 0x0014($sp)           
/* 00040 80952660 AFAE0010 */  sw      $t6, 0x0010($sp)           
/* 00044 80952664 24E705EC */  addiu   $a3, $a3, 0x05EC           ## $a3 = 060005EC
/* 00048 80952668 24C63DC0 */  addiu   $a2, $a2, 0x3DC0           ## $a2 = 06003DC0
/* 0004C 8095266C 8FA4003C */  lw      $a0, 0x003C($sp)           
/* 00050 80952670 0C04DACC */  jal     func_80136B30              
/* 00054 80952674 26050144 */  addiu   $a1, $s0, 0x0144           ## $a1 = 00000144
/* 00058 80952678 260501F8 */  addiu   $a1, $s0, 0x01F8           ## $a1 = 000001F8
/* 0005C 8095267C AFA50030 */  sw      $a1, 0x0030($sp)           
/* 00060 80952680 0C038467 */  jal     func_800E119C              
/* 00064 80952684 8FA4003C */  lw      $a0, 0x003C($sp)           
/* 00068 80952688 3C078095 */  lui     $a3, %hi(D_80952BA0)       ## $a3 = 80950000
/* 0006C 8095268C 8FA50030 */  lw      $a1, 0x0030($sp)           
/* 00070 80952690 24E72BA0 */  addiu   $a3, $a3, %lo(D_80952BA0)  ## $a3 = 80952BA0
/* 00074 80952694 8FA4003C */  lw      $a0, 0x003C($sp)           
/* 00078 80952698 0C0384A9 */  jal     func_800E12A4              
/* 0007C 8095269C 02003025 */  or      $a2, $s0, $zero            ## $a2 = 00000000
/* 00080 809526A0 3C06800B */  lui     $a2, 0x800B                ## $a2 = 800B0000
/* 00084 809526A4 24C63FC0 */  addiu   $a2, $a2, 0x3FC0           ## $a2 = 800B3FC0
/* 00088 809526A8 260400BC */  addiu   $a0, $s0, 0x00BC           ## $a0 = 000000BC
/* 0008C 809526AC 24050000 */  addiu   $a1, $zero, 0x0000         ## $a1 = 00000000
/* 00090 809526B0 0C02CEE9 */  jal     func_800B3BA4              
/* 00094 809526B4 3C07420C */  lui     $a3, 0x420C                ## $a3 = 420C0000
/* 00098 809526B8 3C053C75 */  lui     $a1, 0x3C75                ## $a1 = 3C750000
/* 0009C 809526BC 34A5C28F */  ori     $a1, $a1, 0xC28F           ## $a1 = 3C75C28F
/* 000A0 809526C0 0C02D9F8 */  jal     func_800B67E0              
/* 000A4 809526C4 02002025 */  or      $a0, $s0, $zero            ## $a0 = 00000000
/* 000A8 809526C8 44800000 */  mtc1    $zero, $f0                 ## $f0 = 0.00
/* 000AC 809526CC 3C01BF80 */  lui     $at, 0xBF80                ## $at = BF800000
/* 000B0 809526D0 44812000 */  mtc1    $at, $f4                   ## $f4 = -1.00
/* 000B4 809526D4 3C088095 */  lui     $t0, %hi(func_80952734)    ## $t0 = 80950000
/* 000B8 809526D8 241900FF */  addiu   $t9, $zero, 0x00FF         ## $t9 = 000000FF
/* 000BC 809526DC 25082734 */  addiu   $t0, $t0, %lo(func_80952734) ## $t0 = 80952734
/* 000C0 809526E0 A21900B6 */  sb      $t9, 0x00B6($s0)           ## 000000B6
/* 000C4 809526E4 AE0801F4 */  sw      $t0, 0x01F4($s0)           ## 000001F4
/* 000C8 809526E8 E6000070 */  swc1    $f0, 0x0070($s0)           ## 00000070
/* 000CC 809526EC E6000068 */  swc1    $f0, 0x0068($s0)           ## 00000068
/* 000D0 809526F0 E6040074 */  swc1    $f4, 0x0074($s0)           ## 00000074
/* 000D4 809526F4 8FBF002C */  lw      $ra, 0x002C($sp)           
/* 000D8 809526F8 8FB00028 */  lw      $s0, 0x0028($sp)           
/* 000DC 809526FC 27BD0038 */  addiu   $sp, $sp, 0x0038           ## $sp = 00000000
/* 000E0 80952700 03E00008 */  jr      $ra                        
/* 000E4 80952704 00000000 */  nop


glabel func_80952708
/* 000E8 80952708 27BDFFE8 */  addiu   $sp, $sp, 0xFFE8           ## $sp = FFFFFFE8
/* 000EC 8095270C AFBF0014 */  sw      $ra, 0x0014($sp)           
/* 000F0 80952710 00803025 */  or      $a2, $a0, $zero            ## $a2 = 00000000
/* 000F4 80952714 00A03825 */  or      $a3, $a1, $zero            ## $a3 = 00000000
/* 000F8 80952718 00E02025 */  or      $a0, $a3, $zero            ## $a0 = 00000000
/* 000FC 8095271C 0C03847B */  jal     func_800E11EC              
/* 00100 80952720 24C501F8 */  addiu   $a1, $a2, 0x01F8           ## $a1 = 000001F8
/* 00104 80952724 8FBF0014 */  lw      $ra, 0x0014($sp)           
/* 00108 80952728 27BD0018 */  addiu   $sp, $sp, 0x0018           ## $sp = 00000000
/* 0010C 8095272C 03E00008 */  jr      $ra                        
/* 00110 80952730 00000000 */  nop


glabel func_80952734
/* 00114 80952734 27BDFFE0 */  addiu   $sp, $sp, 0xFFE0           ## $sp = FFFFFFE0
/* 00118 80952738 AFBF0014 */  sw      $ra, 0x0014($sp)           
/* 0011C 8095273C AFA50024 */  sw      $a1, 0x0024($sp)           
/* 00120 80952740 848E0092 */  lh      $t6, 0x0092($a0)           ## 00000092
/* 00124 80952744 848F00BE */  lh      $t7, 0x00BE($a0)           ## 000000BE
/* 00128 80952748 3C18801F */  lui     $t8, 0x801F                ## $t8 = 801F0000
/* 0012C 8095274C 9318F6EA */  lbu     $t8, -0x0916($t8)          ## 801EF6EA
/* 00130 80952750 01CF1823 */  subu    $v1, $t6, $t7              
/* 00134 80952754 00031C00 */  sll     $v1, $v1, 16               
/* 00138 80952758 240100FF */  addiu   $at, $zero, 0x00FF         ## $at = 000000FF
/* 0013C 8095275C 17010004 */  bne     $t8, $at, .L80952770       
/* 00140 80952760 00031C03 */  sra     $v1, $v1, 16               
/* 00144 80952764 2419092E */  addiu   $t9, $zero, 0x092E         ## $t9 = 0000092E
/* 00148 80952768 10000003 */  beq     $zero, $zero, .L80952778   
/* 0014C 8095276C A4990116 */  sh      $t9, 0x0116($a0)           ## 00000116
.L80952770:
/* 00150 80952770 24080932 */  addiu   $t0, $zero, 0x0932         ## $t0 = 00000932
/* 00154 80952774 A4880116 */  sh      $t0, 0x0116($a0)           ## 00000116
.L80952778:
/* 00158 80952778 8FA50024 */  lw      $a1, 0x0024($sp)           
/* 0015C 8095277C A7A3001E */  sh      $v1, 0x001E($sp)           
/* 00160 80952780 0C02E134 */  jal     func_800B84D0              
/* 00164 80952784 AFA40020 */  sw      $a0, 0x0020($sp)           
/* 00168 80952788 87A3001E */  lh      $v1, 0x001E($sp)           
/* 0016C 8095278C 10400005 */  beq     $v0, $zero, .L809527A4     
/* 00170 80952790 8FA40020 */  lw      $a0, 0x0020($sp)           
/* 00174 80952794 3C098095 */  lui     $t1, %hi(func_809527F8)    ## $t1 = 80950000
/* 00178 80952798 252927F8 */  addiu   $t1, $t1, %lo(func_809527F8) ## $t1 = 809527F8
/* 0017C 8095279C 10000012 */  beq     $zero, $zero, .L809527E8   
/* 00180 809527A0 AC8901F4 */  sw      $t1, 0x01F4($a0)           ## 000001F4
.L809527A4:
/* 00184 809527A4 3C0142B4 */  lui     $at, 0x42B4                ## $at = 42B40000
/* 00188 809527A8 44810000 */  mtc1    $at, $f0                   ## $f0 = 90.00
/* 0018C 809527AC C4840098 */  lwc1    $f4, 0x0098($a0)           ## 00000098
/* 00190 809527B0 4600203C */  c.lt.s  $f4, $f0                   
/* 00194 809527B4 00000000 */  nop
/* 00198 809527B8 4502000C */  bc1fl   .L809527EC                 
/* 0019C 809527BC 8FBF0014 */  lw      $ra, 0x0014($sp)           
/* 001A0 809527C0 04610003 */  bgez    $v1, .L809527D0            
/* 001A4 809527C4 00601025 */  or      $v0, $v1, $zero            ## $v0 = 00000000
/* 001A8 809527C8 10000001 */  beq     $zero, $zero, .L809527D0   
/* 001AC 809527CC 00031023 */  subu    $v0, $zero, $v1            
.L809527D0:
/* 001B0 809527D0 28412000 */  slti    $at, $v0, 0x2000           
/* 001B4 809527D4 50200005 */  beql    $at, $zero, .L809527EC     
/* 001B8 809527D8 8FBF0014 */  lw      $ra, 0x0014($sp)           
/* 001BC 809527DC 44060000 */  mfc1    $a2, $f0                   
/* 001C0 809527E0 0C02E185 */  jal     func_800B8614              
/* 001C4 809527E4 8FA50024 */  lw      $a1, 0x0024($sp)           
.L809527E8:
/* 001C8 809527E8 8FBF0014 */  lw      $ra, 0x0014($sp)           
.L809527EC:
/* 001CC 809527EC 27BD0020 */  addiu   $sp, $sp, 0x0020           ## $sp = 00000000
/* 001D0 809527F0 03E00008 */  jr      $ra                        
/* 001D4 809527F4 00000000 */  nop


glabel func_809527F8
/* 001D8 809527F8 27BDFFD8 */  addiu   $sp, $sp, 0xFFD8           ## $sp = FFFFFFD8
/* 001DC 809527FC AFB00020 */  sw      $s0, 0x0020($sp)           
/* 001E0 80952800 00A08025 */  or      $s0, $a1, $zero            ## $s0 = 00000000
/* 001E4 80952804 AFBF0024 */  sw      $ra, 0x0024($sp)           
/* 001E8 80952808 AFA40028 */  sw      $a0, 0x0028($sp)           
/* 001EC 8095280C 0C054926 */  jal     func_80152498              
/* 001F0 80952810 26044908 */  addiu   $a0, $s0, 0x4908           ## $a0 = 00004908
/* 001F4 80952814 24010004 */  addiu   $at, $zero, 0x0004         ## $at = 00000004
/* 001F8 80952818 1041001F */  beq     $v0, $at, .L80952898       
/* 001FC 8095281C 24010005 */  addiu   $at, $zero, 0x0005         ## $at = 00000005
/* 00200 80952820 1041000B */  beq     $v0, $at, .L80952850       
/* 00204 80952824 24010006 */  addiu   $at, $zero, 0x0006         ## $at = 00000006
/* 00208 80952828 5441005C */  bnel    $v0, $at, .L8095299C       
/* 0020C 8095282C 8FBF0024 */  lw      $ra, 0x0024($sp)           
/* 00210 80952830 0C051D89 */  jal     func_80147624              
/* 00214 80952834 02002025 */  or      $a0, $s0, $zero            ## $a0 = 00000000
/* 00218 80952838 10400057 */  beq     $v0, $zero, .L80952998     
/* 0021C 8095283C 3C0E8095 */  lui     $t6, %hi(func_80952734)    ## $t6 = 80950000
/* 00220 80952840 8FAF0028 */  lw      $t7, 0x0028($sp)           
/* 00224 80952844 25CE2734 */  addiu   $t6, $t6, %lo(func_80952734) ## $t6 = 80952734
/* 00228 80952848 10000053 */  beq     $zero, $zero, .L80952998   
/* 0022C 8095284C ADEE01F4 */  sw      $t6, 0x01F4($t7)           ## 000001F4
.L80952850:
/* 00230 80952850 0C051D89 */  jal     func_80147624              
/* 00234 80952854 02002025 */  or      $a0, $s0, $zero            ## $a0 = 00000000
/* 00238 80952858 50400050 */  beql    $v0, $zero, .L8095299C     
/* 0023C 8095285C 8FBF0024 */  lw      $ra, 0x0024($sp)           
/* 00240 80952860 0C051DED */  jal     func_801477B4              
/* 00244 80952864 02002025 */  or      $a0, $s0, $zero            ## $a0 = 00000000
/* 00248 80952868 8FA40028 */  lw      $a0, 0x0028($sp)           
/* 0024C 8095286C 02002825 */  or      $a1, $s0, $zero            ## $a1 = 00000000
/* 00250 80952870 24060035 */  addiu   $a2, $zero, 0x0035         ## $a2 = 00000035
/* 00254 80952874 C484009C */  lwc1    $f4, 0x009C($a0)           ## 0000009C
/* 00258 80952878 8C870098 */  lw      $a3, 0x0098($a0)           ## 00000098
/* 0025C 8095287C 0C02E287 */  jal     func_800B8A1C              
/* 00260 80952880 E7A40010 */  swc1    $f4, 0x0010($sp)           
/* 00264 80952884 8FB90028 */  lw      $t9, 0x0028($sp)           
/* 00268 80952888 3C188095 */  lui     $t8, %hi(func_809529AC)    ## $t8 = 80950000
/* 0026C 8095288C 271829AC */  addiu   $t8, $t8, %lo(func_809529AC) ## $t8 = 809529AC
/* 00270 80952890 10000041 */  beq     $zero, $zero, .L80952998   
/* 00274 80952894 AF3801F4 */  sw      $t8, 0x01F4($t9)           ## 000001F4
.L80952898:
/* 00278 80952898 0C051D89 */  jal     func_80147624              
/* 0027C 8095289C 02002025 */  or      $a0, $s0, $zero            ## $a0 = 00000000
/* 00280 809528A0 1040003D */  beq     $v0, $zero, .L80952998     
/* 00284 809528A4 3C020001 */  lui     $v0, 0x0001                ## $v0 = 00010000
/* 00288 809528A8 00501021 */  addu    $v0, $v0, $s0              
/* 0028C 809528AC 90426929 */  lbu     $v0, 0x6929($v0)           ## 00016929
/* 00290 809528B0 24010001 */  addiu   $at, $zero, 0x0001         ## $at = 00000001
/* 00294 809528B4 10400005 */  beq     $v0, $zero, .L809528CC     
/* 00298 809528B8 00000000 */  nop
/* 0029C 809528BC 10410031 */  beq     $v0, $at, .L80952984       
/* 002A0 809528C0 00000000 */  nop
/* 002A4 809528C4 1000002F */  beq     $zero, $zero, .L80952984   
/* 002A8 809528C8 00000000 */  nop
.L809528CC:
/* 002AC 809528CC 0C051DED */  jal     func_801477B4              
/* 002B0 809528D0 02002025 */  or      $a0, $s0, $zero            ## $a0 = 00000000
/* 002B4 809528D4 3C02801F */  lui     $v0, 0x801F                ## $v0 = 801F0000
/* 002B8 809528D8 2442F670 */  addiu   $v0, $v0, 0xF670           ## $v0 = 801EF670
/* 002BC 809528DC 8448003A */  lh      $t0, 0x003A($v0)           ## 801EF6AA
/* 002C0 809528E0 3C09801C */  lui     $t1, 0x801C                ## $t1 = 801C0000
/* 002C4 809528E4 2901000A */  slti    $at, $t0, 0x000A           
/* 002C8 809528E8 10200008 */  beq     $at, $zero, .L8095290C     
/* 002CC 809528EC 00000000 */  nop
/* 002D0 809528F0 0C067C32 */  jal     func_8019F0C8              
/* 002D4 809528F4 24044806 */  addiu   $a0, $zero, 0x4806         ## $a0 = 00004806
/* 002D8 809528F8 02002025 */  or      $a0, $s0, $zero            ## $a0 = 00000000
/* 002DC 809528FC 0C05464E */  jal     func_80151938              
/* 002E0 80952900 24050935 */  addiu   $a1, $zero, 0x0935         ## $a1 = 00000935
/* 002E4 80952904 10000025 */  beq     $zero, $zero, .L8095299C   
/* 002E8 80952908 8FBF0024 */  lw      $ra, 0x0024($sp)           
.L8095290C:
/* 002EC 8095290C 91292082 */  lbu     $t1, 0x2082($t1)           ## 00002082
/* 002F0 80952910 00495021 */  addu    $t2, $v0, $t1              
/* 002F4 80952914 814B00A0 */  lb      $t3, 0x00A0($t2)           ## 000000A0
/* 002F8 80952918 29610014 */  slti    $at, $t3, 0x0014           
/* 002FC 8095291C 14200008 */  bne     $at, $zero, .L80952940     
/* 00300 80952920 00000000 */  nop
/* 00304 80952924 0C067C32 */  jal     func_8019F0C8              
/* 00308 80952928 24044806 */  addiu   $a0, $zero, 0x4806         ## $a0 = 00004806
/* 0030C 8095292C 02002025 */  or      $a0, $s0, $zero            ## $a0 = 00000000
/* 00310 80952930 0C05464E */  jal     func_80151938              
/* 00314 80952934 24050937 */  addiu   $a1, $zero, 0x0937         ## $a1 = 00000937
/* 00318 80952938 10000018 */  beq     $zero, $zero, .L8095299C   
/* 0031C 8095293C 8FBF0024 */  lw      $ra, 0x0024($sp)           
.L80952940:
/* 00320 80952940 0C067C82 */  jal     func_8019F208              
/* 00324 80952944 00000000 */  nop
/* 00328 80952948 3C014120 */  lui     $at, 0x4120                ## $at = 41200000
/* 0032C 8095294C 44813000 */  mtc1    $at, $f6                   ## $f6 = 10.00
/* 00330 80952950 8FA40028 */  lw      $a0, 0x0028($sp)           
/* 00334 80952954 02002825 */  or      $a1, $s0, $zero            ## $a1 = 00000000
/* 00338 80952958 24060035 */  addiu   $a2, $zero, 0x0035         ## $a2 = 00000035
/* 0033C 8095295C 3C0742B4 */  lui     $a3, 0x42B4                ## $a3 = 42B40000
/* 00340 80952960 0C02E287 */  jal     func_800B8A1C              
/* 00344 80952964 E7A60010 */  swc1    $f6, 0x0010($sp)           
/* 00348 80952968 0C04567B */  jal     func_801159EC              
/* 0034C 8095296C 2404FFF6 */  addiu   $a0, $zero, 0xFFF6         ## $a0 = FFFFFFF6
/* 00350 80952970 8FAD0028 */  lw      $t5, 0x0028($sp)           
/* 00354 80952974 3C0C8095 */  lui     $t4, %hi(func_809529AC)    ## $t4 = 80950000
/* 00358 80952978 258C29AC */  addiu   $t4, $t4, %lo(func_809529AC) ## $t4 = 809529AC
/* 0035C 8095297C 10000006 */  beq     $zero, $zero, .L80952998   
/* 00360 80952980 ADAC01F4 */  sw      $t4, 0x01F4($t5)           ## 000001F4
.L80952984:
/* 00364 80952984 0C067C8C */  jal     func_8019F230              
/* 00368 80952988 00000000 */  nop
/* 0036C 8095298C 02002025 */  or      $a0, $s0, $zero            ## $a0 = 00000000
/* 00370 80952990 0C05464E */  jal     func_80151938              
/* 00374 80952994 24050934 */  addiu   $a1, $zero, 0x0934         ## $a1 = 00000934
.L80952998:
/* 00378 80952998 8FBF0024 */  lw      $ra, 0x0024($sp)           
.L8095299C:
/* 0037C 8095299C 8FB00020 */  lw      $s0, 0x0020($sp)           
/* 00380 809529A0 27BD0028 */  addiu   $sp, $sp, 0x0028           ## $sp = 00000000
/* 00384 809529A4 03E00008 */  jr      $ra                        
/* 00388 809529A8 00000000 */  nop


glabel func_809529AC
/* 0038C 809529AC 27BDFFE0 */  addiu   $sp, $sp, 0xFFE0           ## $sp = FFFFFFE0
/* 00390 809529B0 AFBF001C */  sw      $ra, 0x001C($sp)           
/* 00394 809529B4 AFA40020 */  sw      $a0, 0x0020($sp)           
/* 00398 809529B8 0C02E27E */  jal     func_800B89F8              
/* 0039C 809529BC AFA50024 */  sw      $a1, 0x0024($sp)           
/* 003A0 809529C0 8FA40020 */  lw      $a0, 0x0020($sp)           
/* 003A4 809529C4 1040000C */  beq     $v0, $zero, .L809529F8     
/* 003A8 809529C8 8FA50024 */  lw      $a1, 0x0024($sp)           
/* 003AC 809529CC A4800116 */  sh      $zero, 0x0116($a0)         ## 00000116
/* 003B0 809529D0 8C860098 */  lw      $a2, 0x0098($a0)           ## 00000098
/* 003B4 809529D4 8C87009C */  lw      $a3, 0x009C($a0)           ## 0000009C
/* 003B8 809529D8 AFA40020 */  sw      $a0, 0x0020($sp)           
/* 003BC 809529DC 0C02E140 */  jal     func_800B8500              
/* 003C0 809529E0 AFA00010 */  sw      $zero, 0x0010($sp)         
/* 003C4 809529E4 8FA40020 */  lw      $a0, 0x0020($sp)           
/* 003C8 809529E8 3C0E8095 */  lui     $t6, %hi(func_80952A1C)    ## $t6 = 80950000
/* 003CC 809529EC 25CE2A1C */  addiu   $t6, $t6, %lo(func_80952A1C) ## $t6 = 80952A1C
/* 003D0 809529F0 10000006 */  beq     $zero, $zero, .L80952A0C   
/* 003D4 809529F4 AC8E01F4 */  sw      $t6, 0x01F4($a0)           ## 000001F4
.L809529F8:
/* 003D8 809529F8 C484009C */  lwc1    $f4, 0x009C($a0)           ## 0000009C
/* 003DC 809529FC 8C870098 */  lw      $a3, 0x0098($a0)           ## 00000098
/* 003E0 80952A00 24060035 */  addiu   $a2, $zero, 0x0035         ## $a2 = 00000035
/* 003E4 80952A04 0C02E287 */  jal     func_800B8A1C              
/* 003E8 80952A08 E7A40010 */  swc1    $f4, 0x0010($sp)           
.L80952A0C:
/* 003EC 80952A0C 8FBF001C */  lw      $ra, 0x001C($sp)           
/* 003F0 80952A10 27BD0020 */  addiu   $sp, $sp, 0x0020           ## $sp = 00000000
/* 003F4 80952A14 03E00008 */  jr      $ra                        
/* 003F8 80952A18 00000000 */  nop


glabel func_80952A1C
/* 003FC 80952A1C 27BDFFD8 */  addiu   $sp, $sp, 0xFFD8           ## $sp = FFFFFFD8
/* 00400 80952A20 AFB00020 */  sw      $s0, 0x0020($sp)           
/* 00404 80952A24 00808025 */  or      $s0, $a0, $zero            ## $s0 = 00000000
/* 00408 80952A28 AFBF0024 */  sw      $ra, 0x0024($sp)           
/* 0040C 80952A2C AFA5002C */  sw      $a1, 0x002C($sp)           
/* 00410 80952A30 02002025 */  or      $a0, $s0, $zero            ## $a0 = 00000000
/* 00414 80952A34 0C02E134 */  jal     func_800B84D0              
/* 00418 80952A38 8FA5002C */  lw      $a1, 0x002C($sp)           
/* 0041C 80952A3C 10400008 */  beq     $v0, $zero, .L80952A60     
/* 00420 80952A40 02002025 */  or      $a0, $s0, $zero            ## $a0 = 00000000
/* 00424 80952A44 8FA4002C */  lw      $a0, 0x002C($sp)           
/* 00428 80952A48 0C05464E */  jal     func_80151938              
/* 0042C 80952A4C 24050936 */  addiu   $a1, $zero, 0x0936         ## $a1 = 00000936
/* 00430 80952A50 3C0E8095 */  lui     $t6, %hi(func_809527F8)    ## $t6 = 80950000
/* 00434 80952A54 25CE27F8 */  addiu   $t6, $t6, %lo(func_809527F8) ## $t6 = 809527F8
/* 00438 80952A58 10000007 */  beq     $zero, $zero, .L80952A78   
/* 0043C 80952A5C AE0E01F4 */  sw      $t6, 0x01F4($s0)           ## 000001F4
.L80952A60:
/* 00440 80952A60 8E060098 */  lw      $a2, 0x0098($s0)           ## 00000098
/* 00444 80952A64 8E07009C */  lw      $a3, 0x009C($s0)           ## 0000009C
/* 00448 80952A68 240FFFFF */  addiu   $t7, $zero, 0xFFFF         ## $t7 = FFFFFFFF
/* 0044C 80952A6C AFAF0010 */  sw      $t7, 0x0010($sp)           
/* 00450 80952A70 0C02E140 */  jal     func_800B8500              
/* 00454 80952A74 8FA5002C */  lw      $a1, 0x002C($sp)           
.L80952A78:
/* 00458 80952A78 8FBF0024 */  lw      $ra, 0x0024($sp)           
/* 0045C 80952A7C 8FB00020 */  lw      $s0, 0x0020($sp)           
/* 00460 80952A80 27BD0028 */  addiu   $sp, $sp, 0x0028           ## $sp = 00000000
/* 00464 80952A84 03E00008 */  jr      $ra                        
/* 00468 80952A88 00000000 */  nop


glabel func_80952A8C
/* 0046C 80952A8C 27BDFFD0 */  addiu   $sp, $sp, 0xFFD0           ## $sp = FFFFFFD0
/* 00470 80952A90 AFB00018 */  sw      $s0, 0x0018($sp)           
/* 00474 80952A94 00808025 */  or      $s0, $a0, $zero            ## $s0 = 00000000
/* 00478 80952A98 AFBF001C */  sw      $ra, 0x001C($sp)           
/* 0047C 80952A9C AFA50034 */  sw      $a1, 0x0034($sp)           
/* 00480 80952AA0 02002025 */  or      $a0, $s0, $zero            ## $a0 = 00000000
/* 00484 80952AA4 0C02D9D7 */  jal     func_800B675C              
/* 00488 80952AA8 3C0541A0 */  lui     $a1, 0x41A0                ## $a1 = 41A00000
/* 0048C 80952AAC 3C0143FA */  lui     $at, 0x43FA                ## $at = 43FA0000
/* 00490 80952AB0 44812000 */  mtc1    $at, $f4                   ## $f4 = 500.00
/* 00494 80952AB4 3C053C75 */  lui     $a1, 0x3C75                ## $a1 = 3C750000
/* 00498 80952AB8 34A5C28F */  ori     $a1, $a1, 0xC28F           ## $a1 = 3C75C28F
/* 0049C 80952ABC 02002025 */  or      $a0, $s0, $zero            ## $a0 = 00000000
/* 004A0 80952AC0 0C02D9F8 */  jal     func_800B67E0              
/* 004A4 80952AC4 E6040054 */  swc1    $f4, 0x0054($s0)           ## 00000054
/* 004A8 80952AC8 0C04DB34 */  jal     func_80136CD0              
/* 004AC 80952ACC 26040144 */  addiu   $a0, $s0, 0x0144           ## $a0 = 00000144
/* 004B0 80952AD0 8E1901F4 */  lw      $t9, 0x01F4($s0)           ## 000001F4
/* 004B4 80952AD4 02002025 */  or      $a0, $s0, $zero            ## $a0 = 00000000
/* 004B8 80952AD8 8FA50034 */  lw      $a1, 0x0034($sp)           
/* 004BC 80952ADC 0320F809 */  jalr    $ra, $t9                   
/* 004C0 80952AE0 00000000 */  nop
/* 004C4 80952AE4 260601F8 */  addiu   $a2, $s0, 0x01F8           ## $a2 = 000001F8
/* 004C8 80952AE8 00C02825 */  or      $a1, $a2, $zero            ## $a1 = 000001F8
/* 004CC 80952AEC AFA60024 */  sw      $a2, 0x0024($sp)           
/* 004D0 80952AF0 0C039F7E */  jal     func_800E7DF8              
/* 004D4 80952AF4 02002025 */  or      $a0, $s0, $zero            ## $a0 = 00000000
/* 004D8 80952AF8 8FA40034 */  lw      $a0, 0x0034($sp)           
/* 004DC 80952AFC 3C010001 */  lui     $at, 0x0001                ## $at = 00010000
/* 004E0 80952B00 34218884 */  ori     $at, $at, 0x8884           ## $at = 00018884
/* 004E4 80952B04 8FA60024 */  lw      $a2, 0x0024($sp)           
/* 004E8 80952B08 0C038A4A */  jal     func_800E2928              
/* 004EC 80952B0C 00812821 */  addu    $a1, $a0, $at              
/* 004F0 80952B10 8FBF001C */  lw      $ra, 0x001C($sp)           
/* 004F4 80952B14 8FB00018 */  lw      $s0, 0x0018($sp)           
/* 004F8 80952B18 27BD0030 */  addiu   $sp, $sp, 0x0030           ## $sp = 00000000
/* 004FC 80952B1C 03E00008 */  jr      $ra                        
/* 00500 80952B20 00000000 */  nop


glabel func_80952B24
/* 00504 80952B24 27BDFFD8 */  addiu   $sp, $sp, 0xFFD8           ## $sp = FFFFFFD8
/* 00508 80952B28 AFBF0024 */  sw      $ra, 0x0024($sp)           
/* 0050C 80952B2C AFA40028 */  sw      $a0, 0x0028($sp)           
/* 00510 80952B30 AFA5002C */  sw      $a1, 0x002C($sp)           
/* 00514 80952B34 8FAE002C */  lw      $t6, 0x002C($sp)           
/* 00518 80952B38 0C04B0A3 */  jal     func_8012C28C              
/* 0051C 80952B3C 8DC40000 */  lw      $a0, 0x0000($t6)           ## 00000000
/* 00520 80952B40 8FA20028 */  lw      $v0, 0x0028($sp)           
/* 00524 80952B44 8FA4002C */  lw      $a0, 0x002C($sp)           
/* 00528 80952B48 8C450148 */  lw      $a1, 0x0148($v0)           ## 00000148
/* 0052C 80952B4C 8C460164 */  lw      $a2, 0x0164($v0)           ## 00000164
/* 00530 80952B50 90470146 */  lbu     $a3, 0x0146($v0)           ## 00000146
/* 00534 80952B54 AFA00014 */  sw      $zero, 0x0014($sp)         
/* 00538 80952B58 AFA00010 */  sw      $zero, 0x0010($sp)         
/* 0053C 80952B5C 0C04CFCA */  jal     func_80133F28              
/* 00540 80952B60 AFA20018 */  sw      $v0, 0x0018($sp)           
/* 00544 80952B64 8FBF0024 */  lw      $ra, 0x0024($sp)           
/* 00548 80952B68 27BD0028 */  addiu   $sp, $sp, 0x0028           ## $sp = 00000000
/* 0054C 80952B6C 03E00008 */  jr      $ra                        
/* 00550 80952B70 00000000 */  nop
/* 00554 80952B74 00000000 */  nop
/* 00558 80952B78 00000000 */  nop
/* 0055C 80952B7C 00000000 */  nop

.section .data

D_80952B80: .word 0x00A50400, 0x00000009, 0x00F40000, 0x00000244
.word func_80952620
.word func_80952708
.word func_80952A8C
.word func_80952B24
D_80952BA0: .word \
0x0A000939, 0x01000000, 0x00000000, 0x00000000, \
0x00000000, 0xF7CFFFFF, 0x00000000, 0x00010100, \
0x00160025, 0x00000000, 0x00000000
D_80952BCC: .word \
0x801F0002, 0x305401F4, 0x00000000, 0x00000000, \
0x00000000

.section .rodata



.section .rodata
D_80952BE0:
.incbin "baserom/En_Ms", 0x5C0, 0x00000070
