.include "macro.inc"

# assembler directives
.set noat      # allow manual use of $at
.set noreorder # don't insert nops after branches
.set gp=64     # allow use of 64-bit general purpose registers

.section .text
glabel func_80ABDCA0
/* 00000 80ABDCA0 27BDFFE8 */  addiu   $sp, $sp, 0xFFE8           ## $sp = FFFFFFE8
/* 00004 80ABDCA4 AFBF0014 */  sw      $ra, 0x0014($sp)           
/* 00008 80ABDCA8 00803025 */  or      $a2, $a0, $zero            ## $a2 = 00000000
/* 0000C 80ABDCAC 84C2032C */  lh      $v0, 0x032C($a2)           ## 0000032C
/* 00010 80ABDCB0 50400004 */  beql    $v0, $zero, .L80ABDCC4     
/* 00014 80ABDCB4 84C2032A */  lh      $v0, 0x032A($a2)           ## 0000032A
/* 00018 80ABDCB8 10000018 */  beq     $zero, $zero, .L80ABDD1C   
/* 0001C 80ABDCBC A4C2032E */  sh      $v0, 0x032E($a2)           ## 0000032E
/* 00020 80ABDCC0 84C2032A */  lh      $v0, 0x032A($a2)           ## 0000032A
.L80ABDCC4:
/* 00024 80ABDCC4 14400003 */  bne     $v0, $zero, .L80ABDCD4     
/* 00028 80ABDCC8 244EFFFF */  addiu   $t6, $v0, 0xFFFF           ## $t6 = FFFFFFFF
/* 0002C 80ABDCCC 10000003 */  beq     $zero, $zero, .L80ABDCDC   
/* 00030 80ABDCD0 00001825 */  or      $v1, $zero, $zero          ## $v1 = 00000000
.L80ABDCD4:
/* 00034 80ABDCD4 A4CE032A */  sh      $t6, 0x032A($a2)           ## 0000032A
/* 00038 80ABDCD8 84C3032A */  lh      $v1, 0x032A($a2)           ## 0000032A
.L80ABDCDC:
/* 0003C 80ABDCDC 54600010 */  bnel    $v1, $zero, .L80ABDD20     
/* 00040 80ABDCE0 8FBF0014 */  lw      $ra, 0x0014($sp)           
/* 00044 80ABDCE4 84CF032E */  lh      $t7, 0x032E($a2)           ## 0000032E
/* 00048 80ABDCE8 2404001E */  addiu   $a0, $zero, 0x001E         ## $a0 = 0000001E
/* 0004C 80ABDCEC 2405001E */  addiu   $a1, $zero, 0x001E         ## $a1 = 0000001E
/* 00050 80ABDCF0 25F80001 */  addiu   $t8, $t7, 0x0001           ## $t8 = 00000001
/* 00054 80ABDCF4 A4D8032E */  sh      $t8, 0x032E($a2)           ## 0000032E
/* 00058 80ABDCF8 84D9032E */  lh      $t9, 0x032E($a2)           ## 0000032E
/* 0005C 80ABDCFC 2B210003 */  slti    $at, $t9, 0x0003           
/* 00060 80ABDD00 54200007 */  bnel    $at, $zero, .L80ABDD20     
/* 00064 80ABDD04 8FBF0014 */  lw      $ra, 0x0014($sp)           
/* 00068 80ABDD08 0C03FD14 */  jal     func_800FF450              
/* 0006C 80ABDD0C AFA60018 */  sw      $a2, 0x0018($sp)           
/* 00070 80ABDD10 8FA60018 */  lw      $a2, 0x0018($sp)           
/* 00074 80ABDD14 A4C2032A */  sh      $v0, 0x032A($a2)           ## 0000032A
/* 00078 80ABDD18 A4C0032E */  sh      $zero, 0x032E($a2)         ## 0000032E
.L80ABDD1C:
/* 0007C 80ABDD1C 8FBF0014 */  lw      $ra, 0x0014($sp)           
.L80ABDD20:
/* 00080 80ABDD20 27BD0018 */  addiu   $sp, $sp, 0x0018           ## $sp = 00000000
/* 00084 80ABDD24 03E00008 */  jr      $ra                        
/* 00088 80ABDD28 00000000 */  nop


glabel func_80ABDD2C
/* 0008C 80ABDD2C 27BDFFD0 */  addiu   $sp, $sp, 0xFFD0           ## $sp = FFFFFFD0
/* 00090 80ABDD30 AFBF0024 */  sw      $ra, 0x0024($sp)           
/* 00094 80ABDD34 AFA40030 */  sw      $a0, 0x0030($sp)           
/* 00098 80ABDD38 3C0F80AC */  lui     $t7, %hi(D_80AC010C)       ## $t7 = 80AC0000
/* 0009C 80ABDD3C 25EF010C */  addiu   $t7, $t7, %lo(D_80AC010C)  ## $t7 = 80AC010C
/* 000A0 80ABDD40 00057100 */  sll     $t6, $a1,  4               
/* 000A4 80ABDD44 01CF1821 */  addu    $v1, $t6, $t7              
/* 000A8 80ABDD48 8C640000 */  lw      $a0, 0x0000($v1)           ## 00000000
/* 000AC 80ABDD4C 0C04D1D2 */  jal     func_80134748              
/* 000B0 80ABDD50 AFA30028 */  sw      $v1, 0x0028($sp)           
/* 000B4 80ABDD54 44822000 */  mtc1    $v0, $f4                   ## $f4 = 0.00
/* 000B8 80ABDD58 8FA30028 */  lw      $v1, 0x0028($sp)           
/* 000BC 80ABDD5C 8FA40030 */  lw      $a0, 0x0030($sp)           
/* 000C0 80ABDD60 468021A0 */  cvt.s.w $f6, $f4                   
/* 000C4 80ABDD64 90780008 */  lbu     $t8, 0x0008($v1)           ## 00000008
/* 000C8 80ABDD68 C468000C */  lwc1    $f8, 0x000C($v1)           ## 0000000C
/* 000CC 80ABDD6C 3C063F80 */  lui     $a2, 0x3F80                ## $a2 = 3F800000
/* 000D0 80ABDD70 24070000 */  addiu   $a3, $zero, 0x0000         ## $a3 = 00000000
/* 000D4 80ABDD74 8C650000 */  lw      $a1, 0x0000($v1)           ## 00000000
/* 000D8 80ABDD78 E7A60010 */  swc1    $f6, 0x0010($sp)           
/* 000DC 80ABDD7C 24840144 */  addiu   $a0, $a0, 0x0144           ## $a0 = 00000144
/* 000E0 80ABDD80 AFB80014 */  sw      $t8, 0x0014($sp)           
/* 000E4 80ABDD84 0C04DCFA */  jal     func_801373E8              
/* 000E8 80ABDD88 E7A80018 */  swc1    $f8, 0x0018($sp)           
/* 000EC 80ABDD8C 8FBF0024 */  lw      $ra, 0x0024($sp)           
/* 000F0 80ABDD90 27BD0030 */  addiu   $sp, $sp, 0x0030           ## $sp = 00000000
/* 000F4 80ABDD94 03E00008 */  jr      $ra                        
/* 000F8 80ABDD98 00000000 */  nop


glabel func_80ABDD9C
/* 000FC 80ABDD9C 27BDFFE8 */  addiu   $sp, $sp, 0xFFE8           ## $sp = FFFFFFE8
/* 00100 80ABDDA0 AFBF0014 */  sw      $ra, 0x0014($sp)           
/* 00104 80ABDDA4 848E01D8 */  lh      $t6, 0x01D8($a0)           ## 000001D8
/* 00108 80ABDDA8 8CA31CCC */  lw      $v1, 0x1CCC($a1)           ## 00001CCC
/* 0010C 80ABDDAC 55C0000F */  bnel    $t6, $zero, .L80ABDDEC     
/* 00110 80ABDDB0 84880332 */  lh      $t0, 0x0332($a0)           ## 00000332
/* 00114 80ABDDB4 8C82014C */  lw      $v0, 0x014C($a0)           ## 0000014C
/* 00118 80ABDDB8 3C0F0600 */  lui     $t7, 0x0600                ## $t7 = 06000000
/* 0011C 80ABDDBC 25EF7328 */  addiu   $t7, $t7, 0x7328           ## $t7 = 06007328
/* 00120 80ABDDC0 11E20007 */  beq     $t7, $v0, .L80ABDDE0       
/* 00124 80ABDDC4 3C180600 */  lui     $t8, 0x0600                ## $t8 = 06000000
/* 00128 80ABDDC8 27182A8C */  addiu   $t8, $t8, 0x2A8C           ## $t8 = 06002A8C
/* 0012C 80ABDDCC 13020004 */  beq     $t8, $v0, .L80ABDDE0       
/* 00130 80ABDDD0 3C190601 */  lui     $t9, 0x0601                ## $t9 = 06010000
/* 00134 80ABDDD4 27395B7C */  addiu   $t9, $t9, 0x5B7C           ## $t9 = 06015B7C
/* 00138 80ABDDD8 57220004 */  bnel    $t9, $v0, .L80ABDDEC       
/* 0013C 80ABDDDC 84880332 */  lh      $t0, 0x0332($a0)           ## 00000332
.L80ABDDE0:
/* 00140 80ABDDE0 1000000D */  beq     $zero, $zero, .L80ABDE18   
/* 00144 80ABDDE4 24070001 */  addiu   $a3, $zero, 0x0001         ## $a3 = 00000001
/* 00148 80ABDDE8 84880332 */  lh      $t0, 0x0332($a0)           ## 00000332
.L80ABDDEC:
/* 0014C 80ABDDEC 24010002 */  addiu   $at, $zero, 0x0002         ## $at = 00000002
/* 00150 80ABDDF0 00003825 */  or      $a3, $zero, $zero          ## $a3 = 00000000
/* 00154 80ABDDF4 15010008 */  bne     $t0, $at, .L80ABDE18       
/* 00158 80ABDDF8 00000000 */  nop
/* 0015C 80ABDDFC 8C8A0188 */  lw      $t2, 0x0188($a0)           ## 00000188
/* 00160 80ABDE00 3C0980AC */  lui     $t1, %hi(func_80ABEF8C)    ## $t1 = 80AC0000
/* 00164 80ABDE04 2529EF8C */  addiu   $t1, $t1, %lo(func_80ABEF8C) ## $t1 = 80ABEF8C
/* 00168 80ABDE08 112A0003 */  beq     $t1, $t2, .L80ABDE18       
/* 0016C 80ABDE0C 00000000 */  nop
/* 00170 80ABDE10 10000001 */  beq     $zero, $zero, .L80ABDE18   
/* 00174 80ABDE14 24070001 */  addiu   $a3, $zero, 0x0001         ## $a3 = 00000001
.L80ABDE18:
/* 00178 80ABDE18 8C6C0024 */  lw      $t4, 0x0024($v1)           ## 00000024
/* 0017C 80ABDE1C 3C01C120 */  lui     $at, 0xC120                ## $at = C1200000
/* 00180 80ABDE20 44813000 */  mtc1    $at, $f6                   ## $f6 = -10.00
/* 00184 80ABDE24 AC8C01F0 */  sw      $t4, 0x01F0($a0)           ## 000001F0
/* 00188 80ABDE28 8C6B0028 */  lw      $t3, 0x0028($v1)           ## 00000028
/* 0018C 80ABDE2C 248501D8 */  addiu   $a1, $a0, 0x01D8           ## $a1 = 000001D8
/* 00190 80ABDE30 00003025 */  or      $a2, $zero, $zero          ## $a2 = 00000000
/* 00194 80ABDE34 AC8B01F4 */  sw      $t3, 0x01F4($a0)           ## 000001F4
/* 00198 80ABDE38 C48401F4 */  lwc1    $f4, 0x01F4($a0)           ## 000001F4
/* 0019C 80ABDE3C 8C6C002C */  lw      $t4, 0x002C($v1)           ## 0000002C
/* 001A0 80ABDE40 46062201 */  sub.s   $f8, $f4, $f6              
/* 001A4 80ABDE44 AC8C01F8 */  sw      $t4, 0x01F8($a0)           ## 000001F8
/* 001A8 80ABDE48 0C02F622 */  jal     func_800BD888              
/* 001AC 80ABDE4C E48801F4 */  swc1    $f8, 0x01F4($a0)           ## 000001F4
/* 001B0 80ABDE50 8FBF0014 */  lw      $ra, 0x0014($sp)           
/* 001B4 80ABDE54 27BD0018 */  addiu   $sp, $sp, 0x0018           ## $sp = 00000000
/* 001B8 80ABDE58 03E00008 */  jr      $ra                        
/* 001BC 80ABDE5C 00000000 */  nop


glabel func_80ABDE60
/* 001C0 80ABDE60 27BDFFD0 */  addiu   $sp, $sp, 0xFFD0           ## $sp = FFFFFFD0
/* 001C4 80ABDE64 AFBF0014 */  sw      $ra, 0x0014($sp)           
/* 001C8 80ABDE68 00803025 */  or      $a2, $a0, $zero            ## $a2 = 00000000
/* 001CC 80ABDE6C 84CF001C */  lh      $t7, 0x001C($a2)           ## 0000001C
/* 001D0 80ABDE70 3C0E0002 */  lui     $t6, 0x0002                ## $t6 = 00020000
/* 001D4 80ABDE74 01C57021 */  addu    $t6, $t6, $a1              
/* 001D8 80ABDE78 8DCE8864 */  lw      $t6, -0x779C($t6)          ## 00018864
/* 001DC 80ABDE7C 31F8FF00 */  andi    $t8, $t7, 0xFF00           ## $t8 = 00000000
/* 001E0 80ABDE80 0018CA03 */  sra     $t9, $t8,  8               
/* 001E4 80ABDE84 001940C0 */  sll     $t0, $t9,  3               
/* 001E8 80ABDE88 01C81821 */  addu    $v1, $t6, $t0              
/* 001EC 80ABDE8C 8C640004 */  lw      $a0, 0x0004($v1)           ## 00000004
/* 001F0 80ABDE90 AFA60030 */  sw      $a2, 0x0030($sp)           
/* 001F4 80ABDE94 0C040141 */  jal     func_80100504              
/* 001F8 80ABDE98 AFA3002C */  sw      $v1, 0x002C($sp)           
/* 001FC 80ABDE9C 8FA60030 */  lw      $a2, 0x0030($sp)           
/* 00200 80ABDEA0 8FA3002C */  lw      $v1, 0x002C($sp)           
/* 00204 80ABDEA4 27A50020 */  addiu   $a1, $sp, 0x0020           ## $a1 = FFFFFFF0
/* 00208 80ABDEA8 ACC20200 */  sw      $v0, 0x0200($a2)           ## 00000200
/* 0020C 80ABDEAC A4C00324 */  sh      $zero, 0x0324($a2)         ## 00000324
/* 00210 80ABDEB0 90690000 */  lbu     $t1, 0x0000($v1)           ## 00000000
/* 00214 80ABDEB4 24C40024 */  addiu   $a0, $a2, 0x0024           ## $a0 = 00000024
/* 00218 80ABDEB8 A4C90326 */  sh      $t1, 0x0326($a2)           ## 00000326
/* 0021C 80ABDEBC 844A0000 */  lh      $t2, 0x0000($v0)           ## 00000000
/* 00220 80ABDEC0 448A2000 */  mtc1    $t2, $f4                   ## $f4 = 0.00
/* 00224 80ABDEC4 00000000 */  nop
/* 00228 80ABDEC8 468021A0 */  cvt.s.w $f6, $f4                   
/* 0022C 80ABDECC E4C60008 */  swc1    $f6, 0x0008($a2)           ## 00000008
/* 00230 80ABDED0 844B0002 */  lh      $t3, 0x0002($v0)           ## 00000002
/* 00234 80ABDED4 448B4000 */  mtc1    $t3, $f8                   ## $f8 = 0.00
/* 00238 80ABDED8 00000000 */  nop
/* 0023C 80ABDEDC 468042A0 */  cvt.s.w $f10, $f8                  
/* 00240 80ABDEE0 E4CA000C */  swc1    $f10, 0x000C($a2)          ## 0000000C
/* 00244 80ABDEE4 844C0004 */  lh      $t4, 0x0004($v0)           ## 00000004
/* 00248 80ABDEE8 448C8000 */  mtc1    $t4, $f16                  ## $f16 = 0.00
/* 0024C 80ABDEEC 00000000 */  nop
/* 00250 80ABDEF0 468084A0 */  cvt.s.w $f18, $f16                 
/* 00254 80ABDEF4 E4D20010 */  swc1    $f18, 0x0010($a2)          ## 00000010
/* 00258 80ABDEF8 844D0006 */  lh      $t5, 0x0006($v0)           ## 00000006
/* 0025C 80ABDEFC 448D2000 */  mtc1    $t5, $f4                   ## $f4 = 0.00
/* 00260 80ABDF00 00000000 */  nop
/* 00264 80ABDF04 468021A0 */  cvt.s.w $f6, $f4                   
/* 00268 80ABDF08 E7A60020 */  swc1    $f6, 0x0020($sp)           
/* 0026C 80ABDF0C 8CCF0200 */  lw      $t7, 0x0200($a2)           ## 00000200
/* 00270 80ABDF10 85F80008 */  lh      $t8, 0x0008($t7)           ## 00000008
/* 00274 80ABDF14 44984000 */  mtc1    $t8, $f8                   ## $f8 = 0.00
/* 00278 80ABDF18 00000000 */  nop
/* 0027C 80ABDF1C 468042A0 */  cvt.s.w $f10, $f8                  
/* 00280 80ABDF20 E7AA0024 */  swc1    $f10, 0x0024($sp)          
/* 00284 80ABDF24 8CD90200 */  lw      $t9, 0x0200($a2)           ## 00000200
/* 00288 80ABDF28 872E000A */  lh      $t6, 0x000A($t9)           ## 0000000A
/* 0028C 80ABDF2C 448E8000 */  mtc1    $t6, $f16                  ## $f16 = 0.00
/* 00290 80ABDF30 00000000 */  nop
/* 00294 80ABDF34 468084A0 */  cvt.s.w $f18, $f16                 
/* 00298 80ABDF38 E7B20028 */  swc1    $f18, 0x0028($sp)          
/* 0029C 80ABDF3C 8CC90008 */  lw      $t1, 0x0008($a2)           ## 00000008
/* 002A0 80ABDF40 AC890000 */  sw      $t1, 0x0000($a0)           ## 00000024
/* 002A4 80ABDF44 8CC8000C */  lw      $t0, 0x000C($a2)           ## 0000000C
/* 002A8 80ABDF48 AC880004 */  sw      $t0, 0x0004($a0)           ## 00000028
/* 002AC 80ABDF4C 8CC90010 */  lw      $t1, 0x0010($a2)           ## 00000010
/* 002B0 80ABDF50 0C03FE98 */  jal     func_800FFA60              
/* 002B4 80ABDF54 AC890008 */  sw      $t1, 0x0008($a0)           ## 0000002C
/* 002B8 80ABDF58 8FA60030 */  lw      $a2, 0x0030($sp)           
/* 002BC 80ABDF5C A4C20032 */  sh      $v0, 0x0032($a2)           ## 00000032
/* 002C0 80ABDF60 A4C200BE */  sh      $v0, 0x00BE($a2)           ## 000000BE
/* 002C4 80ABDF64 8FBF0014 */  lw      $ra, 0x0014($sp)           
/* 002C8 80ABDF68 03E00008 */  jr      $ra                        
/* 002CC 80ABDF6C 27BD0030 */  addiu   $sp, $sp, 0x0030           ## $sp = 00000000


glabel func_80ABDF70
/* 002D0 80ABDF70 27BDFFC0 */  addiu   $sp, $sp, 0xFFC0           ## $sp = FFFFFFC0
/* 002D4 80ABDF74 AFB00028 */  sw      $s0, 0x0028($sp)           
/* 002D8 80ABDF78 00808025 */  or      $s0, $a0, $zero            ## $s0 = 00000000
/* 002DC 80ABDF7C AFBF002C */  sw      $ra, 0x002C($sp)           
/* 002E0 80ABDF80 AFA50044 */  sw      $a1, 0x0044($sp)           
/* 002E4 80ABDF84 3C06800B */  lui     $a2, 0x800B                ## $a2 = 800B0000
/* 002E8 80ABDF88 24C63FC0 */  addiu   $a2, $a2, 0x3FC0           ## $a2 = 800B3FC0
/* 002EC 80ABDF8C 260400BC */  addiu   $a0, $s0, 0x00BC           ## $a0 = 000000BC
/* 002F0 80ABDF90 24050000 */  addiu   $a1, $zero, 0x0000         ## $a1 = 00000000
/* 002F4 80ABDF94 0C02CEE9 */  jal     func_800B3BA4              
/* 002F8 80ABDF98 3C074190 */  lui     $a3, 0x4190                ## $a3 = 41900000
/* 002FC 80ABDF9C 3C060601 */  lui     $a2, 0x0601                ## $a2 = 06010000
/* 00300 80ABDFA0 260E0204 */  addiu   $t6, $s0, 0x0204           ## $t6 = 00000204
/* 00304 80ABDFA4 260F0294 */  addiu   $t7, $s0, 0x0294           ## $t7 = 00000294
/* 00308 80ABDFA8 24180017 */  addiu   $t8, $zero, 0x0017         ## $t8 = 00000017
/* 0030C 80ABDFAC AFB80018 */  sw      $t8, 0x0018($sp)           
/* 00310 80ABDFB0 AFAF0014 */  sw      $t7, 0x0014($sp)           
/* 00314 80ABDFB4 AFAE0010 */  sw      $t6, 0x0010($sp)           
/* 00318 80ABDFB8 24C63928 */  addiu   $a2, $a2, 0x3928           ## $a2 = 06013928
/* 0031C 80ABDFBC 8FA40044 */  lw      $a0, 0x0044($sp)           
/* 00320 80ABDFC0 26050144 */  addiu   $a1, $s0, 0x0144           ## $a1 = 00000144
/* 00324 80ABDFC4 0C04DACC */  jal     func_80136B30              
/* 00328 80ABDFC8 00003825 */  or      $a3, $zero, $zero          ## $a3 = 00000000
/* 0032C 80ABDFCC 2605018C */  addiu   $a1, $s0, 0x018C           ## $a1 = 0000018C
/* 00330 80ABDFD0 AFA50030 */  sw      $a1, 0x0030($sp)           
/* 00334 80ABDFD4 0C038467 */  jal     func_800E119C              
/* 00338 80ABDFD8 8FA40044 */  lw      $a0, 0x0044($sp)           
/* 0033C 80ABDFDC 3C0780AC */  lui     $a3, %hi(D_80AC00B0)       ## $a3 = 80AC0000
/* 00340 80ABDFE0 8FA50030 */  lw      $a1, 0x0030($sp)           
/* 00344 80ABDFE4 24E700B0 */  addiu   $a3, $a3, %lo(D_80AC00B0)  ## $a3 = 80AC00B0
/* 00348 80ABDFE8 8FA40044 */  lw      $a0, 0x0044($sp)           
/* 0034C 80ABDFEC 0C0384C3 */  jal     func_800E130C              
/* 00350 80ABDFF0 02003025 */  or      $a2, $s0, $zero            ## $a2 = 00000000
/* 00354 80ABDFF4 0C0380E8 */  jal     func_800E03A0              
/* 00358 80ABDFF8 24040016 */  addiu   $a0, $zero, 0x0016         ## $a0 = 00000016
/* 0035C 80ABDFFC 3C0680AC */  lui     $a2, %hi(D_80AC00DC)       ## $a2 = 80AC0000
/* 00360 80ABE000 24C600DC */  addiu   $a2, $a2, %lo(D_80AC00DC)  ## $a2 = 80AC00DC
/* 00364 80ABE004 260400A0 */  addiu   $a0, $s0, 0x00A0           ## $a0 = 000000A0
/* 00368 80ABE008 0C039D57 */  jal     func_800E755C              
/* 0036C 80ABE00C 00402825 */  or      $a1, $v0, $zero            ## $a1 = 00000000
/* 00370 80ABE010 44800000 */  mtc1    $zero, $f0                 ## $f0 = 0.00
/* 00374 80ABE014 24190004 */  addiu   $t9, $zero, 0x0004         ## $t9 = 00000004
/* 00378 80ABE018 AFB90014 */  sw      $t9, 0x0014($sp)           
/* 0037C 80ABE01C 44060000 */  mfc1    $a2, $f0                   
/* 00380 80ABE020 44070000 */  mfc1    $a3, $f0                   
/* 00384 80ABE024 8FA40044 */  lw      $a0, 0x0044($sp)           
/* 00388 80ABE028 02002825 */  or      $a1, $s0, $zero            ## $a1 = 00000000
/* 0038C 80ABE02C 0C02DE2E */  jal     func_800B78B8              
/* 00390 80ABE030 E7A00010 */  swc1    $f0, 0x0010($sp)           
/* 00394 80ABE034 3C053C23 */  lui     $a1, 0x3C23                ## $a1 = 3C230000
/* 00398 80ABE038 34A5D70A */  ori     $a1, $a1, 0xD70A           ## $a1 = 3C23D70A
/* 0039C 80ABE03C 0C02D9F8 */  jal     func_800B67E0              
/* 003A0 80ABE040 02002025 */  or      $a0, $s0, $zero            ## $a0 = 00000000
/* 003A4 80ABE044 3C02801F */  lui     $v0, 0x801F                ## $v0 = 801F0000
/* 003A8 80ABE048 24030001 */  addiu   $v1, $zero, 0x0001         ## $v1 = 00000001
/* 003AC 80ABE04C 2442F670 */  addiu   $v0, $v0, 0xF670           ## $v0 = 801EF670
/* 003B0 80ABE050 A200001F */  sb      $zero, 0x001F($s0)         ## 0000001F
/* 003B4 80ABE054 A60001D8 */  sh      $zero, 0x01D8($s0)         ## 000001D8
/* 003B8 80ABE058 A6000334 */  sh      $zero, 0x0334($s0)         ## 00000334
/* 003BC 80ABE05C A603033A */  sh      $v1, 0x033A($s0)           ## 0000033A
/* 003C0 80ABE060 A6000330 */  sh      $zero, 0x0330($s0)         ## 00000330
/* 003C4 80ABE064 A600033C */  sh      $zero, 0x033C($s0)         ## 0000033C
/* 003C8 80ABE068 8C480018 */  lw      $t0, 0x0018($v0)           ## 801EF688
/* 003CC 80ABE06C 24010005 */  addiu   $at, $zero, 0x0005         ## $at = 00000005
/* 003D0 80ABE070 0101001A */  div     $zero, $t0, $at            
/* 003D4 80ABE074 00004810 */  mfhi    $t1                        
/* 003D8 80ABE078 54690004 */  bnel    $v1, $t1, .L80ABE08C       
/* 003DC 80ABE07C 904A0F0E */  lbu     $t2, 0x0F0E($v0)           ## 801F057E
/* 003E0 80ABE080 1000000A */  beq     $zero, $zero, .L80ABE0AC   
/* 003E4 80ABE084 A6000332 */  sh      $zero, 0x0332($s0)         ## 00000332
/* 003E8 80ABE088 904A0F0E */  lbu     $t2, 0x0F0E($v0)           ## 801F057E
.L80ABE08C:
/* 003EC 80ABE08C 240C0002 */  addiu   $t4, $zero, 0x0002         ## $t4 = 00000002
/* 003F0 80ABE090 314B0001 */  andi    $t3, $t2, 0x0001           ## $t3 = 00000000
/* 003F4 80ABE094 51600004 */  beql    $t3, $zero, .L80ABE0A8     
/* 003F8 80ABE098 A60C0332 */  sh      $t4, 0x0332($s0)           ## 00000332
/* 003FC 80ABE09C 10000003 */  beq     $zero, $zero, .L80ABE0AC   
/* 00400 80ABE0A0 A6030332 */  sh      $v1, 0x0332($s0)           ## 00000332
/* 00404 80ABE0A4 A60C0332 */  sh      $t4, 0x0332($s0)           ## 00000332
.L80ABE0A8:
/* 00408 80ABE0A8 A600033A */  sh      $zero, 0x033A($s0)         ## 0000033A
.L80ABE0AC:
/* 0040C 80ABE0AC 0C03B876 */  jal     func_800EE1D8              
/* 00410 80ABE0B0 8FA40044 */  lw      $a0, 0x0044($sp)           
/* 00414 80ABE0B4 1040000B */  beq     $v0, $zero, .L80ABE0E4     
/* 00418 80ABE0B8 02002025 */  or      $a0, $s0, $zero            ## $a0 = 00000000
/* 0041C 80ABE0BC 02002025 */  or      $a0, $s0, $zero            ## $a0 = 00000000
/* 00420 80ABE0C0 0C2AF74B */  jal     func_80ABDD2C              
/* 00424 80ABE0C4 00002825 */  or      $a1, $zero, $zero          ## $a1 = 00000000
/* 00428 80ABE0C8 24030001 */  addiu   $v1, $zero, 0x0001         ## $v1 = 00000001
/* 0042C 80ABE0CC A6030336 */  sh      $v1, 0x0336($s0)           ## 00000336
/* 00430 80ABE0D0 8FA50044 */  lw      $a1, 0x0044($sp)           
/* 00434 80ABE0D4 0C2AFC66 */  jal     func_80ABF198              
/* 00438 80ABE0D8 02002025 */  or      $a0, $s0, $zero            ## $a0 = 00000000
/* 0043C 80ABE0DC 10000026 */  beq     $zero, $zero, .L80ABE178   
/* 00440 80ABE0E0 8FBF002C */  lw      $ra, 0x002C($sp)           
.L80ABE0E4:
/* 00444 80ABE0E4 0C2AF798 */  jal     func_80ABDE60              
/* 00448 80ABE0E8 8FA50044 */  lw      $a1, 0x0044($sp)           
/* 0044C 80ABE0EC 3C02801F */  lui     $v0, 0x801F                ## $v0 = 801F0000
/* 00450 80ABE0F0 8C42F670 */  lw      $v0, -0x0990($v0)          ## 801EF670
/* 00454 80ABE0F4 24016410 */  addiu   $at, $zero, 0x6410         ## $at = 00006410
/* 00458 80ABE0F8 02002025 */  or      $a0, $s0, $zero            ## $a0 = 00000000
/* 0045C 80ABE0FC 54410007 */  bnel    $v0, $at, .L80ABE11C       
/* 00460 80ABE100 240164A0 */  addiu   $at, $zero, 0x64A0         ## $at = 000064A0
/* 00464 80ABE104 0C2AF74B */  jal     func_80ABDD2C              
/* 00468 80ABE108 00002825 */  or      $a1, $zero, $zero          ## $a1 = 00000000
/* 0046C 80ABE10C 240D0002 */  addiu   $t5, $zero, 0x0002         ## $t5 = 00000002
/* 00470 80ABE110 10000016 */  beq     $zero, $zero, .L80ABE16C   
/* 00474 80ABE114 A60D0336 */  sh      $t5, 0x0336($s0)           ## 00000336
/* 00478 80ABE118 240164A0 */  addiu   $at, $zero, 0x64A0         ## $at = 000064A0
.L80ABE11C:
/* 0047C 80ABE11C 14410006 */  bne     $v0, $at, .L80ABE138       
/* 00480 80ABE120 02002025 */  or      $a0, $s0, $zero            ## $a0 = 00000000
/* 00484 80ABE124 0C2AF74B */  jal     func_80ABDD2C              
/* 00488 80ABE128 00002825 */  or      $a1, $zero, $zero          ## $a1 = 00000000
/* 0048C 80ABE12C 240E0003 */  addiu   $t6, $zero, 0x0003         ## $t6 = 00000003
/* 00490 80ABE130 1000000E */  beq     $zero, $zero, .L80ABE16C   
/* 00494 80ABE134 A60E0336 */  sh      $t6, 0x0336($s0)           ## 00000336
.L80ABE138:
/* 00498 80ABE138 860F0332 */  lh      $t7, 0x0332($s0)           ## 00000332
/* 0049C 80ABE13C 24010002 */  addiu   $at, $zero, 0x0002         ## $at = 00000002
/* 004A0 80ABE140 2405000E */  addiu   $a1, $zero, 0x000E         ## $a1 = 0000000E
/* 004A4 80ABE144 15E10006 */  bne     $t7, $at, .L80ABE160       
/* 004A8 80ABE148 02002025 */  or      $a0, $s0, $zero            ## $a0 = 00000000
/* 004AC 80ABE14C 0C2AF74B */  jal     func_80ABDD2C              
/* 004B0 80ABE150 02002025 */  or      $a0, $s0, $zero            ## $a0 = 00000000
/* 004B4 80ABE154 44802000 */  mtc1    $zero, $f4                 ## $f4 = 0.00
/* 004B8 80ABE158 10000003 */  beq     $zero, $zero, .L80ABE168   
/* 004BC 80ABE15C E60400CC */  swc1    $f4, 0x00CC($s0)           ## 000000CC
.L80ABE160:
/* 004C0 80ABE160 0C2AF74B */  jal     func_80ABDD2C              
/* 004C4 80ABE164 24050008 */  addiu   $a1, $zero, 0x0008         ## $a1 = 00000008
.L80ABE168:
/* 004C8 80ABE168 A6000336 */  sh      $zero, 0x0336($s0)         ## 00000336
.L80ABE16C:
/* 004CC 80ABE16C 0C2AF929 */  jal     func_80ABE4A4              
/* 004D0 80ABE170 02002025 */  or      $a0, $s0, $zero            ## $a0 = 00000000
/* 004D4 80ABE174 8FBF002C */  lw      $ra, 0x002C($sp)           
.L80ABE178:
/* 004D8 80ABE178 8FB00028 */  lw      $s0, 0x0028($sp)           
/* 004DC 80ABE17C 27BD0040 */  addiu   $sp, $sp, 0x0040           ## $sp = 00000000
/* 004E0 80ABE180 03E00008 */  jr      $ra                        
/* 004E4 80ABE184 00000000 */  nop


glabel func_80ABE188
/* 004E8 80ABE188 27BDFFE8 */  addiu   $sp, $sp, 0xFFE8           ## $sp = FFFFFFE8
/* 004EC 80ABE18C AFBF0014 */  sw      $ra, 0x0014($sp)           
/* 004F0 80ABE190 00803025 */  or      $a2, $a0, $zero            ## $a2 = 00000000
/* 004F4 80ABE194 00A03825 */  or      $a3, $a1, $zero            ## $a3 = 00000000
/* 004F8 80ABE198 00E02025 */  or      $a0, $a3, $zero            ## $a0 = 00000000
/* 004FC 80ABE19C 0C03847B */  jal     func_800E11EC              
/* 00500 80ABE1A0 24C5018C */  addiu   $a1, $a2, 0x018C           ## $a1 = 0000018C
/* 00504 80ABE1A4 3C02801F */  lui     $v0, 0x801F                ## $v0 = 801F0000
/* 00508 80ABE1A8 2442F670 */  addiu   $v0, $v0, 0xF670           ## $v0 = 801EF670
/* 0050C 80ABE1AC 904E0F00 */  lbu     $t6, 0x0F00($v0)           ## 801F0570
/* 00510 80ABE1B0 31CF00FE */  andi    $t7, $t6, 0x00FE           ## $t7 = 00000000
/* 00514 80ABE1B4 A04F0F00 */  sb      $t7, 0x0F00($v0)           ## 801F0570
/* 00518 80ABE1B8 8FBF0014 */  lw      $ra, 0x0014($sp)           
/* 0051C 80ABE1BC 03E00008 */  jr      $ra                        
/* 00520 80ABE1C0 27BD0018 */  addiu   $sp, $sp, 0x0018           ## $sp = 00000000


glabel func_80ABE1C4
/* 00524 80ABE1C4 27BDFFC0 */  addiu   $sp, $sp, 0xFFC0           ## $sp = FFFFFFC0
/* 00528 80ABE1C8 AFB00020 */  sw      $s0, 0x0020($sp)           
/* 0052C 80ABE1CC 00808025 */  or      $s0, $a0, $zero            ## $s0 = 00000000
/* 00530 80ABE1D0 AFBF0024 */  sw      $ra, 0x0024($sp)           
/* 00534 80ABE1D4 AFA50044 */  sw      $a1, 0x0044($sp)           
/* 00538 80ABE1D8 3C0E80AC */  lui     $t6, %hi(D_80AC024C)       ## $t6 = 80AC0000
/* 0053C 80ABE1DC 8DCE024C */  lw      $t6, %lo(D_80AC024C)($t6)  
/* 00540 80ABE1E0 24010009 */  addiu   $at, $zero, 0x0009         ## $at = 00000009
/* 00544 80ABE1E4 26040144 */  addiu   $a0, $s0, 0x0144           ## $a0 = 00000144
/* 00548 80ABE1E8 11C10022 */  beq     $t6, $at, .L80ABE274       
/* 0054C 80ABE1EC 00000000 */  nop
/* 00550 80ABE1F0 0C04DE2E */  jal     func_801378B8              
/* 00554 80ABE1F4 8E050154 */  lw      $a1, 0x0154($s0)           ## 00000154
/* 00558 80ABE1F8 1040001E */  beq     $v0, $zero, .L80ABE274     
/* 0055C 80ABE1FC 3C0F80AC */  lui     $t7, %hi(D_80AC024C)       ## $t7 = 80AC0000
/* 00560 80ABE200 8DEF024C */  lw      $t7, %lo(D_80AC024C)($t7)  
/* 00564 80ABE204 24010003 */  addiu   $at, $zero, 0x0003         ## $at = 00000003
/* 00568 80ABE208 3C0280AC */  lui     $v0, %hi(D_80AC0250)       ## $v0 = 80AC0000
/* 0056C 80ABE20C 15E10011 */  bne     $t7, $at, .L80ABE254       
/* 00570 80ABE210 02002025 */  or      $a0, $s0, $zero            ## $a0 = 00000000
/* 00574 80ABE214 8C420250 */  lw      $v0, %lo(D_80AC0250)($v0)  
/* 00578 80ABE218 02002025 */  or      $a0, $s0, $zero            ## $a0 = 00000000
/* 0057C 80ABE21C 2405000D */  addiu   $a1, $zero, 0x000D         ## $a1 = 0000000D
/* 00580 80ABE220 28410003 */  slti    $at, $v0, 0x0003           
/* 00584 80ABE224 10200004 */  beq     $at, $zero, .L80ABE238     
/* 00588 80ABE228 24420001 */  addiu   $v0, $v0, 0x0001           ## $v0 = 80AC0001
/* 0058C 80ABE22C 3C0180AC */  lui     $at, %hi(D_80AC0250)       ## $at = 80AC0000
/* 00590 80ABE230 10000010 */  beq     $zero, $zero, .L80ABE274   
/* 00594 80ABE234 AC220250 */  sw      $v0, %lo(D_80AC0250)($at)  
.L80ABE238:
/* 00598 80ABE238 3C0180AC */  lui     $at, %hi(D_80AC0250)       ## $at = 80AC0000
/* 0059C 80ABE23C 0C2AF74B */  jal     func_80ABDD2C              
/* 005A0 80ABE240 AC200250 */  sw      $zero, %lo(D_80AC0250)($at) 
/* 005A4 80ABE244 2418000D */  addiu   $t8, $zero, 0x000D         ## $t8 = 0000000D
/* 005A8 80ABE248 3C0180AC */  lui     $at, %hi(D_80AC024C)       ## $at = 80AC0000
/* 005AC 80ABE24C 10000009 */  beq     $zero, $zero, .L80ABE274   
/* 005B0 80ABE250 AC38024C */  sw      $t8, %lo(D_80AC024C)($at)  
.L80ABE254:
/* 005B4 80ABE254 3C0180AC */  lui     $at, %hi(D_80AC0270)       ## $at = 80AC0000
/* 005B8 80ABE258 C4240270 */  lwc1    $f4, %lo(D_80AC0270)($at)  
/* 005BC 80ABE25C 24050009 */  addiu   $a1, $zero, 0x0009         ## $a1 = 00000009
/* 005C0 80ABE260 0C2AF74B */  jal     func_80ABDD2C              
/* 005C4 80ABE264 E6040070 */  swc1    $f4, 0x0070($s0)           ## 00000070
/* 005C8 80ABE268 24190009 */  addiu   $t9, $zero, 0x0009         ## $t9 = 00000009
/* 005CC 80ABE26C 3C0180AC */  lui     $at, %hi(D_80AC024C)       ## $at = 80AC0000
/* 005D0 80ABE270 AC39024C */  sw      $t9, %lo(D_80AC024C)($at)  
.L80ABE274:
/* 005D4 80ABE274 3C0880AC */  lui     $t0, %hi(D_80AC024C)       ## $t0 = 80AC0000
/* 005D8 80ABE278 8D08024C */  lw      $t0, %lo(D_80AC024C)($t0)  
/* 005DC 80ABE27C 2401000D */  addiu   $at, $zero, 0x000D         ## $at = 0000000D
/* 005E0 80ABE280 26040144 */  addiu   $a0, $s0, 0x0144           ## $a0 = 00000144
/* 005E4 80ABE284 55010008 */  bnel    $t0, $at, .L80ABE2A8       
/* 005E8 80ABE288 860A0324 */  lh      $t2, 0x0324($s0)           ## 00000324
/* 005EC 80ABE28C 0C04DE2E */  jal     func_801378B8              
/* 005F0 80ABE290 3C054214 */  lui     $a1, 0x4214                ## $a1 = 42140000
/* 005F4 80ABE294 10400003 */  beq     $v0, $zero, .L80ABE2A4     
/* 005F8 80ABE298 02002025 */  or      $a0, $s0, $zero            ## $a0 = 00000000
/* 005FC 80ABE29C 0C02E3B2 */  jal     func_800B8EC8              
/* 00600 80ABE2A0 240529BF */  addiu   $a1, $zero, 0x29BF         ## $a1 = 000029BF
.L80ABE2A4:
/* 00604 80ABE2A4 860A0324 */  lh      $t2, 0x0324($s0)           ## 00000324
.L80ABE2A8:
/* 00608 80ABE2A8 24020006 */  addiu   $v0, $zero, 0x0006         ## $v0 = 00000006
/* 0060C 80ABE2AC 8E090200 */  lw      $t1, 0x0200($s0)           ## 00000200
/* 00610 80ABE2B0 01420019 */  multu   $t2, $v0                   
/* 00614 80ABE2B4 26040024 */  addiu   $a0, $s0, 0x0024           ## $a0 = 00000024
/* 00618 80ABE2B8 27A50034 */  addiu   $a1, $sp, 0x0034           ## $a1 = FFFFFFF4
/* 0061C 80ABE2BC 00005812 */  mflo    $t3                        
/* 00620 80ABE2C0 012B6021 */  addu    $t4, $t1, $t3              
/* 00624 80ABE2C4 858D0000 */  lh      $t5, 0x0000($t4)           ## 00000000
/* 00628 80ABE2C8 448D3000 */  mtc1    $t5, $f6                   ## $f6 = 0.00
/* 0062C 80ABE2CC 00000000 */  nop
/* 00630 80ABE2D0 46803220 */  cvt.s.w $f8, $f6                   
/* 00634 80ABE2D4 E7A80034 */  swc1    $f8, 0x0034($sp)           
/* 00638 80ABE2D8 860F0324 */  lh      $t7, 0x0324($s0)           ## 00000324
/* 0063C 80ABE2DC 8E0E0200 */  lw      $t6, 0x0200($s0)           ## 00000200
/* 00640 80ABE2E0 01E20019 */  multu   $t7, $v0                   
/* 00644 80ABE2E4 0000C012 */  mflo    $t8                        
/* 00648 80ABE2E8 01D8C821 */  addu    $t9, $t6, $t8              
/* 0064C 80ABE2EC 87280002 */  lh      $t0, 0x0002($t9)           ## 00000002
/* 00650 80ABE2F0 44885000 */  mtc1    $t0, $f10                  ## $f10 = 0.00
/* 00654 80ABE2F4 00000000 */  nop
/* 00658 80ABE2F8 46805420 */  cvt.s.w $f16, $f10                 
/* 0065C 80ABE2FC E7B00038 */  swc1    $f16, 0x0038($sp)          
/* 00660 80ABE300 86090324 */  lh      $t1, 0x0324($s0)           ## 00000324
/* 00664 80ABE304 8E0A0200 */  lw      $t2, 0x0200($s0)           ## 00000200
/* 00668 80ABE308 01220019 */  multu   $t1, $v0                   
/* 0066C 80ABE30C 00005812 */  mflo    $t3                        
/* 00670 80ABE310 014B6021 */  addu    $t4, $t2, $t3              
/* 00674 80ABE314 858D0004 */  lh      $t5, 0x0004($t4)           ## 00000004
/* 00678 80ABE318 AFA40028 */  sw      $a0, 0x0028($sp)           
/* 0067C 80ABE31C 448D9000 */  mtc1    $t5, $f18                  ## $f18 = 0.00
/* 00680 80ABE320 00000000 */  nop
/* 00684 80ABE324 46809120 */  cvt.s.w $f4, $f18                  
/* 00688 80ABE328 0C03FE98 */  jal     func_800FFA60              
/* 0068C 80ABE32C E7A4003C */  swc1    $f4, 0x003C($sp)           
/* 00690 80ABE330 8FA40028 */  lw      $a0, 0x0028($sp)           
/* 00694 80ABE334 A7A2002E */  sh      $v0, 0x002E($sp)           
/* 00698 80ABE338 0C03FE4B */  jal     func_800FF92C              
/* 0069C 80ABE33C 27A50034 */  addiu   $a1, $sp, 0x0034           ## $a1 = FFFFFFF4
/* 006A0 80ABE340 3C014248 */  lui     $at, 0x4248                ## $at = 42480000
/* 006A4 80ABE344 44813000 */  mtc1    $at, $f6                   ## $f6 = 50.00
/* 006A8 80ABE348 26040032 */  addiu   $a0, $s0, 0x0032           ## $a0 = 00000032
/* 006AC 80ABE34C 87A5002E */  lh      $a1, 0x002E($sp)           
/* 006B0 80ABE350 4600303C */  c.lt.s  $f6, $f0                   
/* 006B4 80ABE354 2406000A */  addiu   $a2, $zero, 0x000A         ## $a2 = 0000000A
/* 006B8 80ABE358 24073000 */  addiu   $a3, $zero, 0x3000         ## $a3 = 00003000
/* 006BC 80ABE35C 240F0100 */  addiu   $t7, $zero, 0x0100         ## $t7 = 00000100
/* 006C0 80ABE360 4500000C */  bc1f    .L80ABE394                 
/* 006C4 80ABE364 3C0280AC */  lui     $v0, %hi(D_80AC0254)       ## $v0 = 80AC0000
/* 006C8 80ABE368 0C03FFAF */  jal     func_800FFEBC              
/* 006CC 80ABE36C AFAF0010 */  sw      $t7, 0x0010($sp)           
/* 006D0 80ABE370 240E0100 */  addiu   $t6, $zero, 0x0100         ## $t6 = 00000100
/* 006D4 80ABE374 AFAE0010 */  sw      $t6, 0x0010($sp)           
/* 006D8 80ABE378 260400BE */  addiu   $a0, $s0, 0x00BE           ## $a0 = 000000BE
/* 006DC 80ABE37C 87A5002E */  lh      $a1, 0x002E($sp)           
/* 006E0 80ABE380 24060005 */  addiu   $a2, $zero, 0x0005         ## $a2 = 00000005
/* 006E4 80ABE384 0C03FFAF */  jal     func_800FFEBC              
/* 006E8 80ABE388 24073000 */  addiu   $a3, $zero, 0x3000         ## $a3 = 00003000
/* 006EC 80ABE38C 10000026 */  beq     $zero, $zero, .L80ABE428   
/* 006F0 80ABE390 44800000 */  mtc1    $zero, $f0                 ## $f0 = 0.00
.L80ABE394:
/* 006F4 80ABE394 84420254 */  lh      $v0, %lo(D_80AC0254)($v0)  
/* 006F8 80ABE398 14400011 */  bne     $v0, $zero, .L80ABE3E0     
/* 006FC 80ABE39C 00000000 */  nop
/* 00700 80ABE3A0 0C021BE8 */  jal     func_80086FA0              
/* 00704 80ABE3A4 00000000 */  nop
/* 00708 80ABE3A8 30580003 */  andi    $t8, $v0, 0x0003           ## $t8 = 00000000
/* 0070C 80ABE3AC 1700000C */  bne     $t8, $zero, .L80ABE3E0     
/* 00710 80ABE3B0 24020002 */  addiu   $v0, $zero, 0x0002         ## $v0 = 00000002
/* 00714 80ABE3B4 44804000 */  mtc1    $zero, $f8                 ## $f8 = 0.00
/* 00718 80ABE3B8 3C0180AC */  lui     $at, %hi(D_80AC0254)       ## $at = 80AC0000
/* 0071C 80ABE3BC 02002025 */  or      $a0, $s0, $zero            ## $a0 = 00000000
/* 00720 80ABE3C0 E6080070 */  swc1    $f8, 0x0070($s0)           ## 00000070
/* 00724 80ABE3C4 A4220254 */  sh      $v0, %lo(D_80AC0254)($at)  
/* 00728 80ABE3C8 0C2AF74B */  jal     func_80ABDD2C              
/* 0072C 80ABE3CC 24050003 */  addiu   $a1, $zero, 0x0003         ## $a1 = 00000003
/* 00730 80ABE3D0 24190003 */  addiu   $t9, $zero, 0x0003         ## $t9 = 00000003
/* 00734 80ABE3D4 3C0180AC */  lui     $at, %hi(D_80AC024C)       ## $at = 80AC0000
/* 00738 80ABE3D8 10000009 */  beq     $zero, $zero, .L80ABE400   
/* 0073C 80ABE3DC AC39024C */  sw      $t9, %lo(D_80AC024C)($at)  
.L80ABE3E0:
/* 00740 80ABE3E0 3C0280AC */  lui     $v0, %hi(D_80AC0254)       ## $v0 = 80AC0000
/* 00744 80ABE3E4 84420254 */  lh      $v0, %lo(D_80AC0254)($v0)  
/* 00748 80ABE3E8 3C0180AC */  lui     $at, %hi(D_80AC0254)       ## $at = 80AC0000
/* 0074C 80ABE3EC 18400004 */  blez    $v0, .L80ABE400            
/* 00750 80ABE3F0 2442FFFF */  addiu   $v0, $v0, 0xFFFF           ## $v0 = 80ABFFFF
/* 00754 80ABE3F4 00021400 */  sll     $v0, $v0, 16               
/* 00758 80ABE3F8 00021403 */  sra     $v0, $v0, 16               
/* 0075C 80ABE3FC A4220254 */  sh      $v0, %lo(D_80AC0254)($at)  
.L80ABE400:
/* 00760 80ABE400 86080326 */  lh      $t0, 0x0326($s0)           ## 00000326
/* 00764 80ABE404 86020324 */  lh      $v0, 0x0324($s0)           ## 00000324
/* 00768 80ABE408 2509FFFF */  addiu   $t1, $t0, 0xFFFF           ## $t1 = FFFFFFFF
/* 0076C 80ABE40C 0049082A */  slt     $at, $v0, $t1              
/* 00770 80ABE410 10200003 */  beq     $at, $zero, .L80ABE420     
/* 00774 80ABE414 244A0001 */  addiu   $t2, $v0, 0x0001           ## $t2 = 80AC0000
/* 00778 80ABE418 10000002 */  beq     $zero, $zero, .L80ABE424   
/* 0077C 80ABE41C A60A0324 */  sh      $t2, 0x0324($s0)           ## 00000324
.L80ABE420:
/* 00780 80ABE420 A6000324 */  sh      $zero, 0x0324($s0)         ## 00000324
.L80ABE424:
/* 00784 80ABE424 44800000 */  mtc1    $zero, $f0                 ## $f0 = 0.00
.L80ABE428:
/* 00788 80ABE428 240B0004 */  addiu   $t3, $zero, 0x0004         ## $t3 = 00000004
/* 0078C 80ABE42C AFAB0014 */  sw      $t3, 0x0014($sp)           
/* 00790 80ABE430 44060000 */  mfc1    $a2, $f0                   
/* 00794 80ABE434 44070000 */  mfc1    $a3, $f0                   
/* 00798 80ABE438 8FA40044 */  lw      $a0, 0x0044($sp)           
/* 0079C 80ABE43C 02002825 */  or      $a1, $s0, $zero            ## $a1 = 00000000
/* 007A0 80ABE440 0C02DE2E */  jal     func_800B78B8              
/* 007A4 80ABE444 E7A00010 */  swc1    $f0, 0x0010($sp)           
/* 007A8 80ABE448 0C02DAA2 */  jal     func_800B6A88              
/* 007AC 80ABE44C 02002025 */  or      $a0, $s0, $zero            ## $a0 = 00000000
/* 007B0 80ABE450 8E0D014C */  lw      $t5, 0x014C($s0)           ## 0000014C
/* 007B4 80ABE454 3C0C0600 */  lui     $t4, 0x0600                ## $t4 = 06000000
/* 007B8 80ABE458 258C7328 */  addiu   $t4, $t4, 0x7328           ## $t4 = 06007328
/* 007BC 80ABE45C 158D000C */  bne     $t4, $t5, .L80ABE490       
/* 007C0 80ABE460 26040144 */  addiu   $a0, $s0, 0x0144           ## $a0 = 00000144
/* 007C4 80ABE464 24050000 */  addiu   $a1, $zero, 0x0000         ## $a1 = 00000000
/* 007C8 80ABE468 0C04DE2E */  jal     func_801378B8              
/* 007CC 80ABE46C AFA40028 */  sw      $a0, 0x0028($sp)           
/* 007D0 80ABE470 14400004 */  bne     $v0, $zero, .L80ABE484     
/* 007D4 80ABE474 8FA40028 */  lw      $a0, 0x0028($sp)           
/* 007D8 80ABE478 0C04DE2E */  jal     func_801378B8              
/* 007DC 80ABE47C 3C054080 */  lui     $a1, 0x4080                ## $a1 = 40800000
/* 007E0 80ABE480 10400003 */  beq     $v0, $zero, .L80ABE490     
.L80ABE484:
/* 007E4 80ABE484 02002025 */  or      $a0, $s0, $zero            ## $a0 = 00000000
/* 007E8 80ABE488 0C02E3B2 */  jal     func_800B8EC8              
/* 007EC 80ABE48C 24053ABE */  addiu   $a1, $zero, 0x3ABE         ## $a1 = 00003ABE
.L80ABE490:
/* 007F0 80ABE490 8FBF0024 */  lw      $ra, 0x0024($sp)           
/* 007F4 80ABE494 8FB00020 */  lw      $s0, 0x0020($sp)           
/* 007F8 80ABE498 27BD0040 */  addiu   $sp, $sp, 0x0040           ## $sp = 00000000
/* 007FC 80ABE49C 03E00008 */  jr      $ra                        
/* 00800 80ABE4A0 00000000 */  nop


glabel func_80ABE4A4
/* 00804 80ABE4A4 27BDFFE0 */  addiu   $sp, $sp, 0xFFE0           ## $sp = FFFFFFE0
/* 00808 80ABE4A8 AFB00018 */  sw      $s0, 0x0018($sp)           
/* 0080C 80ABE4AC 00808025 */  or      $s0, $a0, $zero            ## $s0 = 00000000
/* 00810 80ABE4B0 AFBF001C */  sw      $ra, 0x001C($sp)           
/* 00814 80ABE4B4 24030002 */  addiu   $v1, $zero, 0x0002         ## $v1 = 00000002
/* 00818 80ABE4B8 86020336 */  lh      $v0, 0x0336($s0)           ## 00000336
/* 0081C 80ABE4BC 24010003 */  addiu   $at, $zero, 0x0003         ## $at = 00000003
/* 00820 80ABE4C0 02002025 */  or      $a0, $s0, $zero            ## $a0 = 00000000
/* 00824 80ABE4C4 10620013 */  beq     $v1, $v0, .L80ABE514       
/* 00828 80ABE4C8 00000000 */  nop
/* 0082C 80ABE4CC 10410011 */  beq     $v0, $at, .L80ABE514       
/* 00830 80ABE4D0 00000000 */  nop
/* 00834 80ABE4D4 860E0332 */  lh      $t6, 0x0332($s0)           ## 00000332
/* 00838 80ABE4D8 24050009 */  addiu   $a1, $zero, 0x0009         ## $a1 = 00000009
/* 0083C 80ABE4DC 02002025 */  or      $a0, $s0, $zero            ## $a0 = 00000000
/* 00840 80ABE4E0 106E0007 */  beq     $v1, $t6, .L80ABE500       
/* 00844 80ABE4E4 00000000 */  nop
/* 00848 80ABE4E8 0C2AF74B */  jal     func_80ABDD2C              
/* 0084C 80ABE4EC 02002025 */  or      $a0, $s0, $zero            ## $a0 = 00000000
/* 00850 80ABE4F0 3C0180AC */  lui     $at, %hi(D_80AC0274)       ## $at = 80AC0000
/* 00854 80ABE4F4 C4240274 */  lwc1    $f4, %lo(D_80AC0274)($at)  
/* 00858 80ABE4F8 1000000B */  beq     $zero, $zero, .L80ABE528   
/* 0085C 80ABE4FC E6040070 */  swc1    $f4, 0x0070($s0)           ## 00000070
.L80ABE500:
/* 00860 80ABE500 0C2AF74B */  jal     func_80ABDD2C              
/* 00864 80ABE504 2405000F */  addiu   $a1, $zero, 0x000F         ## $a1 = 0000000F
/* 00868 80ABE508 44803000 */  mtc1    $zero, $f6                 ## $f6 = 0.00
/* 0086C 80ABE50C 10000006 */  beq     $zero, $zero, .L80ABE528   
/* 00870 80ABE510 E6060070 */  swc1    $f6, 0x0070($s0)           ## 00000070
.L80ABE514:
/* 00874 80ABE514 0C2AF74B */  jal     func_80ABDD2C              
/* 00878 80ABE518 24050001 */  addiu   $a1, $zero, 0x0001         ## $a1 = 00000001
/* 0087C 80ABE51C 44804000 */  mtc1    $zero, $f8                 ## $f8 = 0.00
/* 00880 80ABE520 00000000 */  nop
/* 00884 80ABE524 E6080070 */  swc1    $f8, 0x0070($s0)           ## 00000070
.L80ABE528:
/* 00888 80ABE528 3C0180AC */  lui     $at, %hi(D_80AC0278)       ## $at = 80AC0000
/* 0088C 80ABE52C C42A0278 */  lwc1    $f10, %lo(D_80AC0278)($at) 
/* 00890 80ABE530 A600033C */  sh      $zero, 0x033C($s0)         ## 0000033C
/* 00894 80ABE534 02002025 */  or      $a0, $s0, $zero            ## $a0 = 00000000
/* 00898 80ABE538 0C2AFF35 */  jal     func_80ABFCD4              
/* 0089C 80ABE53C E60A0074 */  swc1    $f10, 0x0074($s0)          ## 00000074
/* 008A0 80ABE540 3C0F80AC */  lui     $t7, %hi(func_80ABE560)    ## $t7 = 80AC0000
/* 008A4 80ABE544 25EFE560 */  addiu   $t7, $t7, %lo(func_80ABE560) ## $t7 = 80ABE560
/* 008A8 80ABE548 AE0F0188 */  sw      $t7, 0x0188($s0)           ## 00000188
/* 008AC 80ABE54C 8FBF001C */  lw      $ra, 0x001C($sp)           
/* 008B0 80ABE550 8FB00018 */  lw      $s0, 0x0018($sp)           
/* 008B4 80ABE554 27BD0020 */  addiu   $sp, $sp, 0x0020           ## $sp = 00000000
/* 008B8 80ABE558 03E00008 */  jr      $ra                        
/* 008BC 80ABE55C 00000000 */  nop


glabel func_80ABE560
/* 008C0 80ABE560 27BDFFD8 */  addiu   $sp, $sp, 0xFFD8           ## $sp = FFFFFFD8
/* 008C4 80ABE564 AFB00018 */  sw      $s0, 0x0018($sp)           
/* 008C8 80ABE568 00808025 */  or      $s0, $a0, $zero            ## $s0 = 00000000
/* 008CC 80ABE56C AFBF001C */  sw      $ra, 0x001C($sp)           
/* 008D0 80ABE570 AFA5002C */  sw      $a1, 0x002C($sp)           
/* 008D4 80ABE574 8FAE002C */  lw      $t6, 0x002C($sp)           
/* 008D8 80ABE578 24010002 */  addiu   $at, $zero, 0x0002         ## $at = 00000002
/* 008DC 80ABE57C 8DCF1CCC */  lw      $t7, 0x1CCC($t6)           ## 00001CCC
/* 008E0 80ABE580 AFAF0024 */  sw      $t7, 0x0024($sp)           
/* 008E4 80ABE584 86190092 */  lh      $t9, 0x0092($s0)           ## 00000092
/* 008E8 80ABE588 861800BE */  lh      $t8, 0x00BE($s0)           ## 000000BE
/* 008EC 80ABE58C 03194023 */  subu    $t0, $t8, $t9              
/* 008F0 80ABE590 A7A80022 */  sh      $t0, 0x0022($sp)           
/* 008F4 80ABE594 86020336 */  lh      $v0, 0x0336($s0)           ## 00000336
/* 008F8 80ABE598 10410003 */  beq     $v0, $at, .L80ABE5A8       
/* 008FC 80ABE59C 24010003 */  addiu   $at, $zero, 0x0003         ## $at = 00000003
/* 00900 80ABE5A0 54410007 */  bnel    $v0, $at, .L80ABE5C0       
/* 00904 80ABE5A4 860B0332 */  lh      $t3, 0x0332($s0)           ## 00000332
.L80ABE5A8:
/* 00908 80ABE5A8 8E090004 */  lw      $t1, 0x0004($s0)           ## 00000004
/* 0090C 80ABE5AC 3C010001 */  lui     $at, 0x0001                ## $at = 00010000
/* 00910 80ABE5B0 01215025 */  or      $t2, $t1, $at              ## $t2 = 00010000
/* 00914 80ABE5B4 10000020 */  beq     $zero, $zero, .L80ABE638   
/* 00918 80ABE5B8 AE0A0004 */  sw      $t2, 0x0004($s0)           ## 00000004
/* 0091C 80ABE5BC 860B0332 */  lh      $t3, 0x0332($s0)           ## 00000332
.L80ABE5C0:
/* 00920 80ABE5C0 24010002 */  addiu   $at, $zero, 0x0002         ## $at = 00000002
/* 00924 80ABE5C4 8FA5002C */  lw      $a1, 0x002C($sp)           
/* 00928 80ABE5C8 11610005 */  beq     $t3, $at, .L80ABE5E0       
/* 0092C 80ABE5CC 26040144 */  addiu   $a0, $s0, 0x0144           ## $a0 = 00000144
/* 00930 80ABE5D0 0C2AF871 */  jal     func_80ABE1C4              
/* 00934 80ABE5D4 02002025 */  or      $a0, $s0, $zero            ## $a0 = 00000000
/* 00938 80ABE5D8 10000018 */  beq     $zero, $zero, .L80ABE63C   
/* 0093C 80ABE5DC 02002025 */  or      $a0, $s0, $zero            ## $a0 = 00000000
.L80ABE5E0:
/* 00940 80ABE5E0 0C04DE2E */  jal     func_801378B8              
/* 00944 80ABE5E4 8E050154 */  lw      $a1, 0x0154($s0)           ## 00000154
/* 00948 80ABE5E8 50400014 */  beql    $v0, $zero, .L80ABE63C     
/* 0094C 80ABE5EC 02002025 */  or      $a0, $s0, $zero            ## $a0 = 00000000
/* 00950 80ABE5F0 860C033C */  lh      $t4, 0x033C($s0)           ## 0000033C
/* 00954 80ABE5F4 24010005 */  addiu   $at, $zero, 0x0005         ## $at = 00000005
/* 00958 80ABE5F8 02002025 */  or      $a0, $s0, $zero            ## $a0 = 00000000
/* 0095C 80ABE5FC 258D0001 */  addiu   $t5, $t4, 0x0001           ## $t5 = 00000001
/* 00960 80ABE600 A60D033C */  sh      $t5, 0x033C($s0)           ## 0000033C
/* 00964 80ABE604 8602033C */  lh      $v0, 0x033C($s0)           ## 0000033C
/* 00968 80ABE608 54410006 */  bnel    $v0, $at, .L80ABE624       
/* 0096C 80ABE60C 24010008 */  addiu   $at, $zero, 0x0008         ## $at = 00000008
/* 00970 80ABE610 0C2AF74B */  jal     func_80ABDD2C              
/* 00974 80ABE614 24050011 */  addiu   $a1, $zero, 0x0011         ## $a1 = 00000011
/* 00978 80ABE618 10000008 */  beq     $zero, $zero, .L80ABE63C   
/* 0097C 80ABE61C 02002025 */  or      $a0, $s0, $zero            ## $a0 = 00000000
/* 00980 80ABE620 24010008 */  addiu   $at, $zero, 0x0008         ## $at = 00000008
.L80ABE624:
/* 00984 80ABE624 14410004 */  bne     $v0, $at, .L80ABE638       
/* 00988 80ABE628 02002025 */  or      $a0, $s0, $zero            ## $a0 = 00000000
/* 0098C 80ABE62C A600033C */  sh      $zero, 0x033C($s0)         ## 0000033C
/* 00990 80ABE630 0C2AF74B */  jal     func_80ABDD2C              
/* 00994 80ABE634 2405000F */  addiu   $a1, $zero, 0x000F         ## $a1 = 0000000F
.L80ABE638:
/* 00998 80ABE638 02002025 */  or      $a0, $s0, $zero            ## $a0 = 00000000
.L80ABE63C:
/* 0099C 80ABE63C 0C02E134 */  jal     func_800B84D0              
/* 009A0 80ABE640 8FA5002C */  lw      $a1, 0x002C($sp)           
/* 009A4 80ABE644 10400007 */  beq     $v0, $zero, .L80ABE664     
/* 009A8 80ABE648 02002025 */  or      $a0, $s0, $zero            ## $a0 = 00000000
/* 009AC 80ABE64C 0C2AFDF2 */  jal     func_80ABF7C8              
/* 009B0 80ABE650 8FA5002C */  lw      $a1, 0x002C($sp)           
/* 009B4 80ABE654 0C2AFBCD */  jal     func_80ABEF34              
/* 009B8 80ABE658 02002025 */  or      $a0, $s0, $zero            ## $a0 = 00000000
/* 009BC 80ABE65C 10000016 */  beq     $zero, $zero, .L80ABE6B8   
/* 009C0 80ABE660 8FBF001C */  lw      $ra, 0x001C($sp)           
.L80ABE664:
/* 009C4 80ABE664 860E0332 */  lh      $t6, 0x0332($s0)           ## 00000332
/* 009C8 80ABE668 24010002 */  addiu   $at, $zero, 0x0002         ## $at = 00000002
/* 009CC 80ABE66C 87AF0022 */  lh      $t7, 0x0022($sp)           
/* 009D0 80ABE670 15C10008 */  bne     $t6, $at, .L80ABE694       
/* 009D4 80ABE674 8FB80024 */  lw      $t8, 0x0024($sp)           
/* 009D8 80ABE678 05E10003 */  bgez    $t7, .L80ABE688            
/* 009DC 80ABE67C 87A20022 */  lh      $v0, 0x0022($sp)           
/* 009E0 80ABE680 10000001 */  beq     $zero, $zero, .L80ABE688   
/* 009E4 80ABE684 000F1023 */  subu    $v0, $zero, $t7            
.L80ABE688:
/* 009E8 80ABE688 28414000 */  slti    $at, $v0, 0x4000           
/* 009EC 80ABE68C 5020000A */  beql    $at, $zero, .L80ABE6B8     
/* 009F0 80ABE690 8FBF001C */  lw      $ra, 0x001C($sp)           
.L80ABE694:
/* 009F4 80ABE694 8F190A6C */  lw      $t9, 0x0A6C($t8)           ## 00000A6C
/* 009F8 80ABE698 02002025 */  or      $a0, $s0, $zero            ## $a0 = 00000000
/* 009FC 80ABE69C 8FA5002C */  lw      $a1, 0x002C($sp)           
/* 00A00 80ABE6A0 00194200 */  sll     $t0, $t9,  8               
/* 00A04 80ABE6A4 05020004 */  bltzl   $t0, .L80ABE6B8            
/* 00A08 80ABE6A8 8FBF001C */  lw      $ra, 0x001C($sp)           
/* 00A0C 80ABE6AC 0C02E185 */  jal     func_800B8614              
/* 00A10 80ABE6B0 3C0642C8 */  lui     $a2, 0x42C8                ## $a2 = 42C80000
/* 00A14 80ABE6B4 8FBF001C */  lw      $ra, 0x001C($sp)           
.L80ABE6B8:
/* 00A18 80ABE6B8 8FB00018 */  lw      $s0, 0x0018($sp)           
/* 00A1C 80ABE6BC 27BD0028 */  addiu   $sp, $sp, 0x0028           ## $sp = 00000000
/* 00A20 80ABE6C0 03E00008 */  jr      $ra                        
/* 00A24 80ABE6C4 00000000 */  nop


glabel func_80ABE6C8
/* 00A28 80ABE6C8 27BDFFE0 */  addiu   $sp, $sp, 0xFFE0           ## $sp = FFFFFFE0
/* 00A2C 80ABE6CC AFB10018 */  sw      $s1, 0x0018($sp)           
/* 00A30 80ABE6D0 AFB00014 */  sw      $s0, 0x0014($sp)           
/* 00A34 80ABE6D4 00808025 */  or      $s0, $a0, $zero            ## $s0 = 00000000
/* 00A38 80ABE6D8 00A08825 */  or      $s1, $a1, $zero            ## $s1 = 00000000
/* 00A3C 80ABE6DC AFBF001C */  sw      $ra, 0x001C($sp)           
/* 00A40 80ABE6E0 0C051D89 */  jal     func_80147624              
/* 00A44 80ABE6E4 02202025 */  or      $a0, $s1, $zero            ## $a0 = 00000000
/* 00A48 80ABE6E8 5040011C */  beql    $v0, $zero, .L80ABEB5C     
/* 00A4C 80ABE6EC 8FBF001C */  lw      $ra, 0x001C($sp)           
/* 00A50 80ABE6F0 960E033E */  lhu     $t6, 0x033E($s0)           ## 0000033E
/* 00A54 80ABE6F4 25CFCCC7 */  addiu   $t7, $t6, 0xCCC7           ## $t7 = FFFFCCC7
/* 00A58 80ABE6F8 2DE10021 */  sltiu   $at, $t7, 0x0021           
/* 00A5C 80ABE6FC 10200116 */  beq     $at, $zero, .L80ABEB58     
/* 00A60 80ABE700 000F7880 */  sll     $t7, $t7,  2               
/* 00A64 80ABE704 3C0180AC */  lui     $at, %hi(D_80AC027C)       ## $at = 80AC0000
/* 00A68 80ABE708 002F0821 */  addu    $at, $at, $t7              
/* 00A6C 80ABE70C 8C2F027C */  lw      $t7, %lo(D_80AC027C)($at)  
/* 00A70 80ABE710 01E00008 */  jr      $t7                        
/* 00A74 80ABE714 00000000 */  nop
.L80ABE718:
/* 00A78 80ABE718 3C180001 */  lui     $t8, 0x0001                ## $t8 = 00010000
/* 00A7C 80ABE71C 0311C021 */  addu    $t8, $t8, $s1              
/* 00A80 80ABE720 93186929 */  lbu     $t8, 0x6929($t8)           ## 00016929
/* 00A84 80ABE724 1700000A */  bne     $t8, $zero, .L80ABE750     
/* 00A88 80ABE728 00000000 */  nop
/* 00A8C 80ABE72C 0C067C82 */  jal     func_8019F208              
/* 00A90 80ABE730 00000000 */  nop
/* 00A94 80ABE734 02202025 */  or      $a0, $s1, $zero            ## $a0 = 00000000
/* 00A98 80ABE738 2405333A */  addiu   $a1, $zero, 0x333A         ## $a1 = 0000333A
/* 00A9C 80ABE73C 0C05462C */  jal     func_801518B0              
/* 00AA0 80ABE740 02003025 */  or      $a2, $s0, $zero            ## $a2 = 00000000
/* 00AA4 80ABE744 2419333A */  addiu   $t9, $zero, 0x333A         ## $t9 = 0000333A
/* 00AA8 80ABE748 10000103 */  beq     $zero, $zero, .L80ABEB58   
/* 00AAC 80ABE74C A619033E */  sh      $t9, 0x033E($s0)           ## 0000033E
.L80ABE750:
/* 00AB0 80ABE750 0C067C82 */  jal     func_8019F208              
/* 00AB4 80ABE754 00000000 */  nop
/* 00AB8 80ABE758 02202025 */  or      $a0, $s1, $zero            ## $a0 = 00000000
/* 00ABC 80ABE75C 2405333B */  addiu   $a1, $zero, 0x333B         ## $a1 = 0000333B
/* 00AC0 80ABE760 0C05462C */  jal     func_801518B0              
/* 00AC4 80ABE764 02003025 */  or      $a2, $s0, $zero            ## $a2 = 00000000
/* 00AC8 80ABE768 2408333B */  addiu   $t0, $zero, 0x333B         ## $t0 = 0000333B
/* 00ACC 80ABE76C 100000FA */  beq     $zero, $zero, .L80ABEB58   
/* 00AD0 80ABE770 A608033E */  sh      $t0, 0x033E($s0)           ## 0000033E
.L80ABE774:
/* 00AD4 80ABE774 3C090001 */  lui     $t1, 0x0001                ## $t1 = 00010000
/* 00AD8 80ABE778 01314821 */  addu    $t1, $t1, $s1              
/* 00ADC 80ABE77C 91296929 */  lbu     $t1, 0x6929($t1)           ## 00016929
/* 00AE0 80ABE780 1520000F */  bne     $t1, $zero, .L80ABE7C0     
/* 00AE4 80ABE784 00000000 */  nop
/* 00AE8 80ABE788 0C067C82 */  jal     func_8019F208              
/* 00AEC 80ABE78C 00000000 */  nop
/* 00AF0 80ABE790 3C03801F */  lui     $v1, 0x801F                ## $v1 = 801F0000
/* 00AF4 80ABE794 2463F670 */  addiu   $v1, $v1, 0xF670           ## $v1 = 801EF670
/* 00AF8 80ABE798 906A0F0D */  lbu     $t2, 0x0F0D($v1)           ## 801F057D
/* 00AFC 80ABE79C 02202025 */  or      $a0, $s1, $zero            ## $a0 = 00000000
/* 00B00 80ABE7A0 24053343 */  addiu   $a1, $zero, 0x3343         ## $a1 = 00003343
/* 00B04 80ABE7A4 354B0020 */  ori     $t3, $t2, 0x0020           ## $t3 = 00000020
/* 00B08 80ABE7A8 A06B0F0D */  sb      $t3, 0x0F0D($v1)           ## 801F057D
/* 00B0C 80ABE7AC 0C05462C */  jal     func_801518B0              
/* 00B10 80ABE7B0 02003025 */  or      $a2, $s0, $zero            ## $a2 = 00000000
/* 00B14 80ABE7B4 240C3343 */  addiu   $t4, $zero, 0x3343         ## $t4 = 00003343
/* 00B18 80ABE7B8 100000E7 */  beq     $zero, $zero, .L80ABEB58   
/* 00B1C 80ABE7BC A60C033E */  sh      $t4, 0x033E($s0)           ## 0000033E
.L80ABE7C0:
/* 00B20 80ABE7C0 0C067C8C */  jal     func_8019F230              
/* 00B24 80ABE7C4 00000000 */  nop
/* 00B28 80ABE7C8 02002025 */  or      $a0, $s0, $zero            ## $a0 = 00000000
/* 00B2C 80ABE7CC 00002825 */  or      $a1, $zero, $zero          ## $a1 = 00000000
/* 00B30 80ABE7D0 0C2AFF2B */  jal     func_80ABFCAC              
/* 00B34 80ABE7D4 24060001 */  addiu   $a2, $zero, 0x0001         ## $a2 = 00000001
/* 00B38 80ABE7D8 02202025 */  or      $a0, $s1, $zero            ## $a0 = 00000000
/* 00B3C 80ABE7DC 24053342 */  addiu   $a1, $zero, 0x3342         ## $a1 = 00003342
/* 00B40 80ABE7E0 0C05462C */  jal     func_801518B0              
/* 00B44 80ABE7E4 02003025 */  or      $a2, $s0, $zero            ## $a2 = 00000000
/* 00B48 80ABE7E8 240D3342 */  addiu   $t5, $zero, 0x3342         ## $t5 = 00003342
/* 00B4C 80ABE7EC A60D033E */  sh      $t5, 0x033E($s0)           ## 0000033E
/* 00B50 80ABE7F0 A6000336 */  sh      $zero, 0x0336($s0)         ## 00000336
/* 00B54 80ABE7F4 02202025 */  or      $a0, $s1, $zero            ## $a0 = 00000000
/* 00B58 80ABE7F8 0C0546ED */  jal     func_80151BB4              
/* 00B5C 80ABE7FC 24050005 */  addiu   $a1, $zero, 0x0005         ## $a1 = 00000005
/* 00B60 80ABE800 100000D6 */  beq     $zero, $zero, .L80ABEB5C   
/* 00B64 80ABE804 8FBF001C */  lw      $ra, 0x001C($sp)           
.L80ABE808:
/* 00B68 80ABE808 3C0E0001 */  lui     $t6, 0x0001                ## $t6 = 00010000
/* 00B6C 80ABE80C 01D17021 */  addu    $t6, $t6, $s1              
/* 00B70 80ABE810 91CE6929 */  lbu     $t6, 0x6929($t6)           ## 00016929
/* 00B74 80ABE814 15C0000F */  bne     $t6, $zero, .L80ABE854     
/* 00B78 80ABE818 00000000 */  nop
/* 00B7C 80ABE81C 0C067C82 */  jal     func_8019F208              
/* 00B80 80ABE820 00000000 */  nop
/* 00B84 80ABE824 3C03801F */  lui     $v1, 0x801F                ## $v1 = 801F0000
/* 00B88 80ABE828 2463F670 */  addiu   $v1, $v1, 0xF670           ## $v1 = 801EF670
/* 00B8C 80ABE82C 906F0F0D */  lbu     $t7, 0x0F0D($v1)           ## 801F057D
/* 00B90 80ABE830 02202025 */  or      $a0, $s1, $zero            ## $a0 = 00000000
/* 00B94 80ABE834 24053343 */  addiu   $a1, $zero, 0x3343         ## $a1 = 00003343
/* 00B98 80ABE838 35F80020 */  ori     $t8, $t7, 0x0020           ## $t8 = 00000020
/* 00B9C 80ABE83C A0780F0D */  sb      $t8, 0x0F0D($v1)           ## 801F057D
/* 00BA0 80ABE840 0C05462C */  jal     func_801518B0              
/* 00BA4 80ABE844 02003025 */  or      $a2, $s0, $zero            ## $a2 = 00000000
/* 00BA8 80ABE848 24193343 */  addiu   $t9, $zero, 0x3343         ## $t9 = 00003343
/* 00BAC 80ABE84C 100000C2 */  beq     $zero, $zero, .L80ABEB58   
/* 00BB0 80ABE850 A619033E */  sh      $t9, 0x033E($s0)           ## 0000033E
.L80ABE854:
/* 00BB4 80ABE854 0C067C8C */  jal     func_8019F230              
/* 00BB8 80ABE858 00000000 */  nop
/* 00BBC 80ABE85C 02002025 */  or      $a0, $s0, $zero            ## $a0 = 00000000
/* 00BC0 80ABE860 00002825 */  or      $a1, $zero, $zero          ## $a1 = 00000000
/* 00BC4 80ABE864 0C2AFF2B */  jal     func_80ABFCAC              
/* 00BC8 80ABE868 24060001 */  addiu   $a2, $zero, 0x0001         ## $a2 = 00000001
/* 00BCC 80ABE86C 02202025 */  or      $a0, $s1, $zero            ## $a0 = 00000000
/* 00BD0 80ABE870 24053342 */  addiu   $a1, $zero, 0x3342         ## $a1 = 00003342
/* 00BD4 80ABE874 0C05462C */  jal     func_801518B0              
/* 00BD8 80ABE878 02003025 */  or      $a2, $s0, $zero            ## $a2 = 00000000
/* 00BDC 80ABE87C 24083342 */  addiu   $t0, $zero, 0x3342         ## $t0 = 00003342
/* 00BE0 80ABE880 100000B5 */  beq     $zero, $zero, .L80ABEB58   
/* 00BE4 80ABE884 A608033E */  sh      $t0, 0x033E($s0)           ## 0000033E
.L80ABE888:
/* 00BE8 80ABE888 3C090001 */  lui     $t1, 0x0001                ## $t1 = 00010000
/* 00BEC 80ABE88C 01314821 */  addu    $t1, $t1, $s1              
/* 00BF0 80ABE890 91296929 */  lbu     $t1, 0x6929($t1)           ## 00016929
/* 00BF4 80ABE894 1520000A */  bne     $t1, $zero, .L80ABE8C0     
/* 00BF8 80ABE898 00000000 */  nop
/* 00BFC 80ABE89C 0C067C82 */  jal     func_8019F208              
/* 00C00 80ABE8A0 00000000 */  nop
/* 00C04 80ABE8A4 02202025 */  or      $a0, $s1, $zero            ## $a0 = 00000000
/* 00C08 80ABE8A8 24053349 */  addiu   $a1, $zero, 0x3349         ## $a1 = 00003349
/* 00C0C 80ABE8AC 0C05462C */  jal     func_801518B0              
/* 00C10 80ABE8B0 02003025 */  or      $a2, $s0, $zero            ## $a2 = 00000000
/* 00C14 80ABE8B4 240A3349 */  addiu   $t2, $zero, 0x3349         ## $t2 = 00003349
/* 00C18 80ABE8B8 100000A7 */  beq     $zero, $zero, .L80ABEB58   
/* 00C1C 80ABE8BC A60A033E */  sh      $t2, 0x033E($s0)           ## 0000033E
.L80ABE8C0:
/* 00C20 80ABE8C0 0C067C8C */  jal     func_8019F230              
/* 00C24 80ABE8C4 00000000 */  nop
/* 00C28 80ABE8C8 02202025 */  or      $a0, $s1, $zero            ## $a0 = 00000000
/* 00C2C 80ABE8CC 24053348 */  addiu   $a1, $zero, 0x3348         ## $a1 = 00003348
/* 00C30 80ABE8D0 0C05462C */  jal     func_801518B0              
/* 00C34 80ABE8D4 02003025 */  or      $a2, $s0, $zero            ## $a2 = 00000000
/* 00C38 80ABE8D8 240B3348 */  addiu   $t3, $zero, 0x3348         ## $t3 = 00003348
/* 00C3C 80ABE8DC A60B033E */  sh      $t3, 0x033E($s0)           ## 0000033E
/* 00C40 80ABE8E0 02202025 */  or      $a0, $s1, $zero            ## $a0 = 00000000
/* 00C44 80ABE8E4 0C0546ED */  jal     func_80151BB4              
/* 00C48 80ABE8E8 24050005 */  addiu   $a1, $zero, 0x0005         ## $a1 = 00000005
/* 00C4C 80ABE8EC 1000009B */  beq     $zero, $zero, .L80ABEB5C   
/* 00C50 80ABE8F0 8FBF001C */  lw      $ra, 0x001C($sp)           
.L80ABE8F4:
/* 00C54 80ABE8F4 3C0C0001 */  lui     $t4, 0x0001                ## $t4 = 00010000
/* 00C58 80ABE8F8 01916021 */  addu    $t4, $t4, $s1              
/* 00C5C 80ABE8FC 918C6929 */  lbu     $t4, 0x6929($t4)           ## 00016929
/* 00C60 80ABE900 15800019 */  bne     $t4, $zero, .L80ABE968     
/* 00C64 80ABE904 00000000 */  nop
/* 00C68 80ABE908 0C067C82 */  jal     func_8019F208              
/* 00C6C 80ABE90C 00000000 */  nop
/* 00C70 80ABE910 02202025 */  or      $a0, $s1, $zero            ## $a0 = 00000000
/* 00C74 80ABE914 2405334E */  addiu   $a1, $zero, 0x334E         ## $a1 = 0000334E
/* 00C78 80ABE918 0C05462C */  jal     func_801518B0              
/* 00C7C 80ABE91C 02003025 */  or      $a2, $s0, $zero            ## $a2 = 00000000
/* 00C80 80ABE920 240D334E */  addiu   $t5, $zero, 0x334E         ## $t5 = 0000334E
/* 00C84 80ABE924 3C03801F */  lui     $v1, 0x801F                ## $v1 = 801F0000
/* 00C88 80ABE928 A60D033E */  sh      $t5, 0x033E($s0)           ## 0000033E
/* 00C8C 80ABE92C 2463F670 */  addiu   $v1, $v1, 0xF670           ## $v1 = 801EF670
/* 00C90 80ABE930 3C0E801C */  lui     $t6, 0x801C                ## $t6 = 801C0000
/* 00C94 80ABE934 8DCE1D68 */  lw      $t6, 0x1D68($t6)           ## 801C1D68
/* 00C98 80ABE938 8C6200BC */  lw      $v0, 0x00BC($v1)           ## 801EF72C
/* 00C9C 80ABE93C 02202025 */  or      $a0, $s1, $zero            ## $a0 = 00000000
/* 00CA0 80ABE940 01C27824 */  and     $t7, $t6, $v0              
/* 00CA4 80ABE944 51E00004 */  beql    $t7, $zero, .L80ABE958     
/* 00CA8 80ABE948 02202025 */  or      $a0, $s1, $zero            ## $a0 = 00000000
/* 00CAC 80ABE94C 0C0546ED */  jal     func_80151BB4              
/* 00CB0 80ABE950 2405001C */  addiu   $a1, $zero, 0x001C         ## $a1 = 0000001C
/* 00CB4 80ABE954 02202025 */  or      $a0, $s1, $zero            ## $a0 = 00000000
.L80ABE958:
/* 00CB8 80ABE958 0C0546ED */  jal     func_80151BB4              
/* 00CBC 80ABE95C 24050005 */  addiu   $a1, $zero, 0x0005         ## $a1 = 00000005
/* 00CC0 80ABE960 1000007E */  beq     $zero, $zero, .L80ABEB5C   
/* 00CC4 80ABE964 8FBF001C */  lw      $ra, 0x001C($sp)           
.L80ABE968:
/* 00CC8 80ABE968 0C067C8C */  jal     func_8019F230              
/* 00CCC 80ABE96C 00000000 */  nop
/* 00CD0 80ABE970 02002025 */  or      $a0, $s0, $zero            ## $a0 = 00000000
/* 00CD4 80ABE974 00002825 */  or      $a1, $zero, $zero          ## $a1 = 00000000
/* 00CD8 80ABE978 0C2AFF2B */  jal     func_80ABFCAC              
/* 00CDC 80ABE97C 00003025 */  or      $a2, $zero, $zero          ## $a2 = 00000000
/* 00CE0 80ABE980 02202025 */  or      $a0, $s1, $zero            ## $a0 = 00000000
/* 00CE4 80ABE984 2405334C */  addiu   $a1, $zero, 0x334C         ## $a1 = 0000334C
/* 00CE8 80ABE988 0C05462C */  jal     func_801518B0              
/* 00CEC 80ABE98C 02003025 */  or      $a2, $s0, $zero            ## $a2 = 00000000
/* 00CF0 80ABE990 2418334C */  addiu   $t8, $zero, 0x334C         ## $t8 = 0000334C
/* 00CF4 80ABE994 10000070 */  beq     $zero, $zero, .L80ABEB58   
/* 00CF8 80ABE998 A618033E */  sh      $t8, 0x033E($s0)           ## 0000033E
.L80ABE99C:
/* 00CFC 80ABE99C 3C190001 */  lui     $t9, 0x0001                ## $t9 = 00010000
/* 00D00 80ABE9A0 0331C821 */  addu    $t9, $t9, $s1              
/* 00D04 80ABE9A4 93396929 */  lbu     $t9, 0x6929($t9)           ## 00016929
/* 00D08 80ABE9A8 1720000A */  bne     $t9, $zero, .L80ABE9D4     
/* 00D0C 80ABE9AC 00000000 */  nop
/* 00D10 80ABE9B0 0C067C82 */  jal     func_8019F208              
/* 00D14 80ABE9B4 00000000 */  nop
/* 00D18 80ABE9B8 02202025 */  or      $a0, $s1, $zero            ## $a0 = 00000000
/* 00D1C 80ABE9BC 24053349 */  addiu   $a1, $zero, 0x3349         ## $a1 = 00003349
/* 00D20 80ABE9C0 0C05462C */  jal     func_801518B0              
/* 00D24 80ABE9C4 02003025 */  or      $a2, $s0, $zero            ## $a2 = 00000000
/* 00D28 80ABE9C8 24083349 */  addiu   $t0, $zero, 0x3349         ## $t0 = 00003349
/* 00D2C 80ABE9CC 10000062 */  beq     $zero, $zero, .L80ABEB58   
/* 00D30 80ABE9D0 A608033E */  sh      $t0, 0x033E($s0)           ## 0000033E
.L80ABE9D4:
/* 00D34 80ABE9D4 0C067C8C */  jal     func_8019F230              
/* 00D38 80ABE9D8 00000000 */  nop
/* 00D3C 80ABE9DC 02002025 */  or      $a0, $s0, $zero            ## $a0 = 00000000
/* 00D40 80ABE9E0 24050001 */  addiu   $a1, $zero, 0x0001         ## $a1 = 00000001
/* 00D44 80ABE9E4 0C2AFF2B */  jal     func_80ABFCAC              
/* 00D48 80ABE9E8 00003025 */  or      $a2, $zero, $zero          ## $a2 = 00000000
/* 00D4C 80ABE9EC 02202025 */  or      $a0, $s1, $zero            ## $a0 = 00000000
/* 00D50 80ABE9F0 24053355 */  addiu   $a1, $zero, 0x3355         ## $a1 = 00003355
/* 00D54 80ABE9F4 0C05462C */  jal     func_801518B0              
/* 00D58 80ABE9F8 02003025 */  or      $a2, $s0, $zero            ## $a2 = 00000000
/* 00D5C 80ABE9FC 24093355 */  addiu   $t1, $zero, 0x3355         ## $t1 = 00003355
/* 00D60 80ABEA00 A609033E */  sh      $t1, 0x033E($s0)           ## 0000033E
/* 00D64 80ABEA04 02202025 */  or      $a0, $s1, $zero            ## $a0 = 00000000
/* 00D68 80ABEA08 0C0546ED */  jal     func_80151BB4              
/* 00D6C 80ABEA0C 24050005 */  addiu   $a1, $zero, 0x0005         ## $a1 = 00000005
/* 00D70 80ABEA10 10000052 */  beq     $zero, $zero, .L80ABEB5C   
/* 00D74 80ABEA14 8FBF001C */  lw      $ra, 0x001C($sp)           
.L80ABEA18:
/* 00D78 80ABEA18 3C0A0001 */  lui     $t2, 0x0001                ## $t2 = 00010000
/* 00D7C 80ABEA1C 01515021 */  addu    $t2, $t2, $s1              
/* 00D80 80ABEA20 914A6929 */  lbu     $t2, 0x6929($t2)           ## 00016929
/* 00D84 80ABEA24 5540000A */  bnel    $t2, $zero, .L80ABEA50     
/* 00D88 80ABEA28 860B0332 */  lh      $t3, 0x0332($s0)           ## 00000332
/* 00D8C 80ABEA2C 0C067C82 */  jal     func_8019F208              
/* 00D90 80ABEA30 00000000 */  nop
/* 00D94 80ABEA34 0C051DED */  jal     func_801477B4              
/* 00D98 80ABEA38 02202025 */  or      $a0, $s1, $zero            ## $a0 = 00000000
/* 00D9C 80ABEA3C 0C2AFC1C */  jal     func_80ABF070              
/* 00DA0 80ABEA40 02002025 */  or      $a0, $s0, $zero            ## $a0 = 00000000
/* 00DA4 80ABEA44 10000045 */  beq     $zero, $zero, .L80ABEB5C   
/* 00DA8 80ABEA48 8FBF001C */  lw      $ra, 0x001C($sp)           
/* 00DAC 80ABEA4C 860B0332 */  lh      $t3, 0x0332($s0)           ## 00000332
.L80ABEA50:
/* 00DB0 80ABEA50 24010001 */  addiu   $at, $zero, 0x0001         ## $at = 00000001
/* 00DB4 80ABEA54 15610012 */  bne     $t3, $at, .L80ABEAA0       
/* 00DB8 80ABEA58 00000000 */  nop
/* 00DBC 80ABEA5C 0C067C8C */  jal     func_8019F230              
/* 00DC0 80ABEA60 00000000 */  nop
/* 00DC4 80ABEA64 02002025 */  or      $a0, $s0, $zero            ## $a0 = 00000000
/* 00DC8 80ABEA68 24050003 */  addiu   $a1, $zero, 0x0003         ## $a1 = 00000003
/* 00DCC 80ABEA6C 0C2AFF2B */  jal     func_80ABFCAC              
/* 00DD0 80ABEA70 24060003 */  addiu   $a2, $zero, 0x0003         ## $a2 = 00000003
/* 00DD4 80ABEA74 02202025 */  or      $a0, $s1, $zero            ## $a0 = 00000000
/* 00DD8 80ABEA78 24053357 */  addiu   $a1, $zero, 0x3357         ## $a1 = 00003357
/* 00DDC 80ABEA7C 0C05462C */  jal     func_801518B0              
/* 00DE0 80ABEA80 02003025 */  or      $a2, $s0, $zero            ## $a2 = 00000000
/* 00DE4 80ABEA84 240C3357 */  addiu   $t4, $zero, 0x3357         ## $t4 = 00003357
/* 00DE8 80ABEA88 A60C033E */  sh      $t4, 0x033E($s0)           ## 0000033E
/* 00DEC 80ABEA8C 02202025 */  or      $a0, $s1, $zero            ## $a0 = 00000000
/* 00DF0 80ABEA90 0C0546ED */  jal     func_80151BB4              
/* 00DF4 80ABEA94 24050005 */  addiu   $a1, $zero, 0x0005         ## $a1 = 00000005
/* 00DF8 80ABEA98 10000030 */  beq     $zero, $zero, .L80ABEB5C   
/* 00DFC 80ABEA9C 8FBF001C */  lw      $ra, 0x001C($sp)           
.L80ABEAA0:
/* 00E00 80ABEAA0 0C067C8C */  jal     func_8019F230              
/* 00E04 80ABEAA4 00000000 */  nop
/* 00E08 80ABEAA8 02002025 */  or      $a0, $s0, $zero            ## $a0 = 00000000
/* 00E0C 80ABEAAC 24050004 */  addiu   $a1, $zero, 0x0004         ## $a1 = 00000004
/* 00E10 80ABEAB0 0C2AFF2B */  jal     func_80ABFCAC              
/* 00E14 80ABEAB4 24060002 */  addiu   $a2, $zero, 0x0002         ## $a2 = 00000002
/* 00E18 80ABEAB8 02202025 */  or      $a0, $s1, $zero            ## $a0 = 00000000
/* 00E1C 80ABEABC 2405335B */  addiu   $a1, $zero, 0x335B         ## $a1 = 0000335B
/* 00E20 80ABEAC0 0C05462C */  jal     func_801518B0              
/* 00E24 80ABEAC4 02003025 */  or      $a2, $s0, $zero            ## $a2 = 00000000
/* 00E28 80ABEAC8 240D335B */  addiu   $t5, $zero, 0x335B         ## $t5 = 0000335B
/* 00E2C 80ABEACC A60D033E */  sh      $t5, 0x033E($s0)           ## 0000033E
/* 00E30 80ABEAD0 02202025 */  or      $a0, $s1, $zero            ## $a0 = 00000000
/* 00E34 80ABEAD4 0C0546ED */  jal     func_80151BB4              
/* 00E38 80ABEAD8 24050005 */  addiu   $a1, $zero, 0x0005         ## $a1 = 00000005
/* 00E3C 80ABEADC 1000001F */  beq     $zero, $zero, .L80ABEB5C   
/* 00E40 80ABEAE0 8FBF001C */  lw      $ra, 0x001C($sp)           
.L80ABEAE4:
/* 00E44 80ABEAE4 3C0E0001 */  lui     $t6, 0x0001                ## $t6 = 00010000
/* 00E48 80ABEAE8 01D17021 */  addu    $t6, $t6, $s1              
/* 00E4C 80ABEAEC 91CE6929 */  lbu     $t6, 0x6929($t6)           ## 00016929
/* 00E50 80ABEAF0 15C0000A */  bne     $t6, $zero, .L80ABEB1C     
/* 00E54 80ABEAF4 00000000 */  nop
/* 00E58 80ABEAF8 0C067C82 */  jal     func_8019F208              
/* 00E5C 80ABEAFC 00000000 */  nop
/* 00E60 80ABEB00 02202025 */  or      $a0, $s1, $zero            ## $a0 = 00000000
/* 00E64 80ABEB04 24053349 */  addiu   $a1, $zero, 0x3349         ## $a1 = 00003349
/* 00E68 80ABEB08 0C05462C */  jal     func_801518B0              
/* 00E6C 80ABEB0C 02003025 */  or      $a2, $s0, $zero            ## $a2 = 00000000
/* 00E70 80ABEB10 240F3349 */  addiu   $t7, $zero, 0x3349         ## $t7 = 00003349
/* 00E74 80ABEB14 10000010 */  beq     $zero, $zero, .L80ABEB58   
/* 00E78 80ABEB18 A60F033E */  sh      $t7, 0x033E($s0)           ## 0000033E
.L80ABEB1C:
/* 00E7C 80ABEB1C 0C067C8C */  jal     func_8019F230              
/* 00E80 80ABEB20 00000000 */  nop
/* 00E84 80ABEB24 02002025 */  or      $a0, $s0, $zero            ## $a0 = 00000000
/* 00E88 80ABEB28 24050004 */  addiu   $a1, $zero, 0x0004         ## $a1 = 00000004
/* 00E8C 80ABEB2C 0C2AFF2B */  jal     func_80ABFCAC              
/* 00E90 80ABEB30 24060002 */  addiu   $a2, $zero, 0x0002         ## $a2 = 00000002
/* 00E94 80ABEB34 02202025 */  or      $a0, $s1, $zero            ## $a0 = 00000000
/* 00E98 80ABEB38 2405335A */  addiu   $a1, $zero, 0x335A         ## $a1 = 0000335A
/* 00E9C 80ABEB3C 0C05462C */  jal     func_801518B0              
/* 00EA0 80ABEB40 02003025 */  or      $a2, $s0, $zero            ## $a2 = 00000000
/* 00EA4 80ABEB44 2418335A */  addiu   $t8, $zero, 0x335A         ## $t8 = 0000335A
/* 00EA8 80ABEB48 A618033E */  sh      $t8, 0x033E($s0)           ## 0000033E
/* 00EAC 80ABEB4C 02202025 */  or      $a0, $s1, $zero            ## $a0 = 00000000
/* 00EB0 80ABEB50 0C0546ED */  jal     func_80151BB4              
/* 00EB4 80ABEB54 24050005 */  addiu   $a1, $zero, 0x0005         ## $a1 = 00000005
.L80ABEB58:
/* 00EB8 80ABEB58 8FBF001C */  lw      $ra, 0x001C($sp)           
.L80ABEB5C:
/* 00EBC 80ABEB5C 8FB00014 */  lw      $s0, 0x0014($sp)           
/* 00EC0 80ABEB60 8FB10018 */  lw      $s1, 0x0018($sp)           
/* 00EC4 80ABEB64 03E00008 */  jr      $ra                        
/* 00EC8 80ABEB68 27BD0020 */  addiu   $sp, $sp, 0x0020           ## $sp = 00000000


glabel func_80ABEB6C
/* 00ECC 80ABEB6C 27BDFFD8 */  addiu   $sp, $sp, 0xFFD8           ## $sp = FFFFFFD8
/* 00ED0 80ABEB70 AFB00018 */  sw      $s0, 0x0018($sp)           
/* 00ED4 80ABEB74 00808025 */  or      $s0, $a0, $zero            ## $s0 = 00000000
/* 00ED8 80ABEB78 AFBF001C */  sw      $ra, 0x001C($sp)           
/* 00EDC 80ABEB7C 00A03825 */  or      $a3, $a1, $zero            ## $a3 = 00000000
/* 00EE0 80ABEB80 8CEE1CCC */  lw      $t6, 0x1CCC($a3)           ## 00001CCC
/* 00EE4 80ABEB84 AFA7002C */  sw      $a3, 0x002C($sp)           
/* 00EE8 80ABEB88 00E02025 */  or      $a0, $a3, $zero            ## $a0 = 00000000
/* 00EEC 80ABEB8C 0C051D89 */  jal     func_80147624              
/* 00EF0 80ABEB90 AFAE0024 */  sw      $t6, 0x0024($sp)           
/* 00EF4 80ABEB94 104000E2 */  beq     $v0, $zero, .L80ABEF20     
/* 00EF8 80ABEB98 8FA7002C */  lw      $a3, 0x002C($sp)           
/* 00EFC 80ABEB9C 9602033E */  lhu     $v0, 0x033E($s0)           ## 0000033E
/* 00F00 80ABEBA0 28412391 */  slti    $at, $v0, 0x2391           
/* 00F04 80ABEBA4 14200009 */  bne     $at, $zero, .L80ABEBCC     
/* 00F08 80ABEBA8 244FCCCB */  addiu   $t7, $v0, 0xCCCB           ## $t7 = FFFFCCCB
/* 00F0C 80ABEBAC 2DE10039 */  sltiu   $at, $t7, 0x0039           
/* 00F10 80ABEBB0 102000DB */  beq     $at, $zero, .L80ABEF20     
/* 00F14 80ABEBB4 000F7880 */  sll     $t7, $t7,  2               
/* 00F18 80ABEBB8 3C0180AC */  lui     $at, %hi(D_80AC0300)       ## $at = 80AC0000
/* 00F1C 80ABEBBC 002F0821 */  addu    $at, $at, $t7              
/* 00F20 80ABEBC0 8C2F0300 */  lw      $t7, %lo(D_80AC0300)($at)  
/* 00F24 80ABEBC4 01E00008 */  jr      $t7                        
/* 00F28 80ABEBC8 00000000 */  nop
.L80ABEBCC:
/* 00F2C 80ABEBCC 24012390 */  addiu   $at, $zero, 0x2390         ## $at = 00002390
/* 00F30 80ABEBD0 544100D4 */  bnel    $v0, $at, .L80ABEF24       
/* 00F34 80ABEBD4 8FBF001C */  lw      $ra, 0x001C($sp)           
/* 00F38 80ABEBD8 0C051DED */  jal     func_801477B4              
/* 00F3C 80ABEBDC 00E02025 */  or      $a0, $a3, $zero            ## $a0 = 00000000
/* 00F40 80ABEBE0 0C2AFC1C */  jal     func_80ABF070              
/* 00F44 80ABEBE4 02002025 */  or      $a0, $s0, $zero            ## $a0 = 00000000
/* 00F48 80ABEBE8 100000CE */  beq     $zero, $zero, .L80ABEF24   
/* 00F4C 80ABEBEC 8FBF001C */  lw      $ra, 0x001C($sp)           
.L80ABEBF0:
/* 00F50 80ABEBF0 02002025 */  or      $a0, $s0, $zero            ## $a0 = 00000000
/* 00F54 80ABEBF4 00002825 */  or      $a1, $zero, $zero          ## $a1 = 00000000
/* 00F58 80ABEBF8 24060003 */  addiu   $a2, $zero, 0x0003         ## $a2 = 00000003
/* 00F5C 80ABEBFC 0C2AFF2B */  jal     func_80ABFCAC              
/* 00F60 80ABEC00 AFA7002C */  sw      $a3, 0x002C($sp)           
/* 00F64 80ABEC04 8FA4002C */  lw      $a0, 0x002C($sp)           
/* 00F68 80ABEC08 24053336 */  addiu   $a1, $zero, 0x3336         ## $a1 = 00003336
/* 00F6C 80ABEC0C 0C05462C */  jal     func_801518B0              
/* 00F70 80ABEC10 02003025 */  or      $a2, $s0, $zero            ## $a2 = 00000000
/* 00F74 80ABEC14 8FA4002C */  lw      $a0, 0x002C($sp)           
/* 00F78 80ABEC18 24183336 */  addiu   $t8, $zero, 0x3336         ## $t8 = 00003336
/* 00F7C 80ABEC1C A618033E */  sh      $t8, 0x033E($s0)           ## 0000033E
/* 00F80 80ABEC20 0C0546ED */  jal     func_80151BB4              
/* 00F84 80ABEC24 24050005 */  addiu   $a1, $zero, 0x0005         ## $a1 = 00000005
/* 00F88 80ABEC28 100000BE */  beq     $zero, $zero, .L80ABEF24   
/* 00F8C 80ABEC2C 8FBF001C */  lw      $ra, 0x001C($sp)           
.L80ABEC30:
/* 00F90 80ABEC30 00E02025 */  or      $a0, $a3, $zero            ## $a0 = 00000000
/* 00F94 80ABEC34 24053339 */  addiu   $a1, $zero, 0x3339         ## $a1 = 00003339
/* 00F98 80ABEC38 0C05462C */  jal     func_801518B0              
/* 00F9C 80ABEC3C 02003025 */  or      $a2, $s0, $zero            ## $a2 = 00000000
/* 00FA0 80ABEC40 24193339 */  addiu   $t9, $zero, 0x3339         ## $t9 = 00003339
/* 00FA4 80ABEC44 100000B6 */  beq     $zero, $zero, .L80ABEF20   
/* 00FA8 80ABEC48 A619033E */  sh      $t9, 0x033E($s0)           ## 0000033E
.L80ABEC4C:
/* 00FAC 80ABEC4C 02002025 */  or      $a0, $s0, $zero            ## $a0 = 00000000
/* 00FB0 80ABEC50 00002825 */  or      $a1, $zero, $zero          ## $a1 = 00000000
/* 00FB4 80ABEC54 24060003 */  addiu   $a2, $zero, 0x0003         ## $a2 = 00000003
/* 00FB8 80ABEC58 0C2AFF2B */  jal     func_80ABFCAC              
/* 00FBC 80ABEC5C AFA7002C */  sw      $a3, 0x002C($sp)           
/* 00FC0 80ABEC60 8FA4002C */  lw      $a0, 0x002C($sp)           
/* 00FC4 80ABEC64 2405333C */  addiu   $a1, $zero, 0x333C         ## $a1 = 0000333C
/* 00FC8 80ABEC68 0C05462C */  jal     func_801518B0              
/* 00FCC 80ABEC6C 02003025 */  or      $a2, $s0, $zero            ## $a2 = 00000000
/* 00FD0 80ABEC70 2408333C */  addiu   $t0, $zero, 0x333C         ## $t0 = 0000333C
/* 00FD4 80ABEC74 100000AA */  beq     $zero, $zero, .L80ABEF20   
/* 00FD8 80ABEC78 A608033E */  sh      $t0, 0x033E($s0)           ## 0000033E
.L80ABEC7C:
/* 00FDC 80ABEC7C 02002025 */  or      $a0, $s0, $zero            ## $a0 = 00000000
/* 00FE0 80ABEC80 00002825 */  or      $a1, $zero, $zero          ## $a1 = 00000000
/* 00FE4 80ABEC84 24060002 */  addiu   $a2, $zero, 0x0002         ## $a2 = 00000002
/* 00FE8 80ABEC88 0C2AFF2B */  jal     func_80ABFCAC              
/* 00FEC 80ABEC8C AFA7002C */  sw      $a3, 0x002C($sp)           
/* 00FF0 80ABEC90 8FA4002C */  lw      $a0, 0x002C($sp)           
/* 00FF4 80ABEC94 2405333D */  addiu   $a1, $zero, 0x333D         ## $a1 = 0000333D
/* 00FF8 80ABEC98 0C05462C */  jal     func_801518B0              
/* 00FFC 80ABEC9C 02003025 */  or      $a2, $s0, $zero            ## $a2 = 00000000
/* 01000 80ABECA0 2409333D */  addiu   $t1, $zero, 0x333D         ## $t1 = 0000333D
/* 01004 80ABECA4 1000009E */  beq     $zero, $zero, .L80ABEF20   
/* 01008 80ABECA8 A609033E */  sh      $t1, 0x033E($s0)           ## 0000033E
.L80ABECAC:
/* 0100C 80ABECAC 00E02025 */  or      $a0, $a3, $zero            ## $a0 = 00000000
/* 01010 80ABECB0 2405333E */  addiu   $a1, $zero, 0x333E         ## $a1 = 0000333E
/* 01014 80ABECB4 0C05462C */  jal     func_801518B0              
/* 01018 80ABECB8 02003025 */  or      $a2, $s0, $zero            ## $a2 = 00000000
/* 0101C 80ABECBC 240A333E */  addiu   $t2, $zero, 0x333E         ## $t2 = 0000333E
/* 01020 80ABECC0 10000097 */  beq     $zero, $zero, .L80ABEF20   
/* 01024 80ABECC4 A60A033E */  sh      $t2, 0x033E($s0)           ## 0000033E
.L80ABECC8:
/* 01028 80ABECC8 0C051DED */  jal     func_801477B4              
/* 0102C 80ABECCC 00E02025 */  or      $a0, $a3, $zero            ## $a0 = 00000000
/* 01030 80ABECD0 0C2AFDD8 */  jal     func_80ABF760              
/* 01034 80ABECD4 02002025 */  or      $a0, $s0, $zero            ## $a0 = 00000000
/* 01038 80ABECD8 10000092 */  beq     $zero, $zero, .L80ABEF24   
/* 0103C 80ABECDC 8FBF001C */  lw      $ra, 0x001C($sp)           
.L80ABECE0:
/* 01040 80ABECE0 00E02025 */  or      $a0, $a3, $zero            ## $a0 = 00000000
/* 01044 80ABECE4 24053340 */  addiu   $a1, $zero, 0x3340         ## $a1 = 00003340
/* 01048 80ABECE8 0C05462C */  jal     func_801518B0              
/* 0104C 80ABECEC 02003025 */  or      $a2, $s0, $zero            ## $a2 = 00000000
/* 01050 80ABECF0 240B3340 */  addiu   $t3, $zero, 0x3340         ## $t3 = 00003340
/* 01054 80ABECF4 1000008A */  beq     $zero, $zero, .L80ABEF20   
/* 01058 80ABECF8 A60B033E */  sh      $t3, 0x033E($s0)           ## 0000033E
.L80ABECFC:
/* 0105C 80ABECFC 02002025 */  or      $a0, $s0, $zero            ## $a0 = 00000000
/* 01060 80ABED00 00002825 */  or      $a1, $zero, $zero          ## $a1 = 00000000
/* 01064 80ABED04 24060003 */  addiu   $a2, $zero, 0x0003         ## $a2 = 00000003
/* 01068 80ABED08 0C2AFF2B */  jal     func_80ABFCAC              
/* 0106C 80ABED0C AFA7002C */  sw      $a3, 0x002C($sp)           
/* 01070 80ABED10 8FA4002C */  lw      $a0, 0x002C($sp)           
/* 01074 80ABED14 24053341 */  addiu   $a1, $zero, 0x3341         ## $a1 = 00003341
/* 01078 80ABED18 0C05462C */  jal     func_801518B0              
/* 0107C 80ABED1C 02003025 */  or      $a2, $s0, $zero            ## $a2 = 00000000
/* 01080 80ABED20 240C3341 */  addiu   $t4, $zero, 0x3341         ## $t4 = 00003341
/* 01084 80ABED24 1000007E */  beq     $zero, $zero, .L80ABEF20   
/* 01088 80ABED28 A60C033E */  sh      $t4, 0x033E($s0)           ## 0000033E
.L80ABED2C:
/* 0108C 80ABED2C 02002025 */  or      $a0, $s0, $zero            ## $a0 = 00000000
/* 01090 80ABED30 00002825 */  or      $a1, $zero, $zero          ## $a1 = 00000000
/* 01094 80ABED34 00003025 */  or      $a2, $zero, $zero          ## $a2 = 00000000
/* 01098 80ABED38 0C2AFF2B */  jal     func_80ABFCAC              
/* 0109C 80ABED3C AFA7002C */  sw      $a3, 0x002C($sp)           
/* 010A0 80ABED40 8FA4002C */  lw      $a0, 0x002C($sp)           
/* 010A4 80ABED44 24053344 */  addiu   $a1, $zero, 0x3344         ## $a1 = 00003344
/* 010A8 80ABED48 0C05462C */  jal     func_801518B0              
/* 010AC 80ABED4C 02003025 */  or      $a2, $s0, $zero            ## $a2 = 00000000
/* 010B0 80ABED50 240D3344 */  addiu   $t5, $zero, 0x3344         ## $t5 = 00003344
/* 010B4 80ABED54 10000072 */  beq     $zero, $zero, .L80ABEF20   
/* 010B8 80ABED58 A60D033E */  sh      $t5, 0x033E($s0)           ## 0000033E
.L80ABED5C:
/* 010BC 80ABED5C 00E02025 */  or      $a0, $a3, $zero            ## $a0 = 00000000
/* 010C0 80ABED60 24053345 */  addiu   $a1, $zero, 0x3345         ## $a1 = 00003345
/* 010C4 80ABED64 0C05462C */  jal     func_801518B0              
/* 010C8 80ABED68 02003025 */  or      $a2, $s0, $zero            ## $a2 = 00000000
/* 010CC 80ABED6C 240E3345 */  addiu   $t6, $zero, 0x3345         ## $t6 = 00003345
/* 010D0 80ABED70 1000006B */  beq     $zero, $zero, .L80ABEF20   
/* 010D4 80ABED74 A60E033E */  sh      $t6, 0x033E($s0)           ## 0000033E
.L80ABED78:
/* 010D8 80ABED78 00E02025 */  or      $a0, $a3, $zero            ## $a0 = 00000000
/* 010DC 80ABED7C 24053349 */  addiu   $a1, $zero, 0x3349         ## $a1 = 00003349
/* 010E0 80ABED80 0C05462C */  jal     func_801518B0              
/* 010E4 80ABED84 02003025 */  or      $a2, $s0, $zero            ## $a2 = 00000000
/* 010E8 80ABED88 240F3349 */  addiu   $t7, $zero, 0x3349         ## $t7 = 00003349
/* 010EC 80ABED8C 10000064 */  beq     $zero, $zero, .L80ABEF20   
/* 010F0 80ABED90 A60F033E */  sh      $t7, 0x033E($s0)           ## 0000033E
.L80ABED94:
/* 010F4 80ABED94 00E02025 */  or      $a0, $a3, $zero            ## $a0 = 00000000
/* 010F8 80ABED98 2405334A */  addiu   $a1, $zero, 0x334A         ## $a1 = 0000334A
/* 010FC 80ABED9C 0C05462C */  jal     func_801518B0              
/* 01100 80ABEDA0 02003025 */  or      $a2, $s0, $zero            ## $a2 = 00000000
/* 01104 80ABEDA4 2418334A */  addiu   $t8, $zero, 0x334A         ## $t8 = 0000334A
/* 01108 80ABEDA8 1000005D */  beq     $zero, $zero, .L80ABEF20   
/* 0110C 80ABEDAC A618033E */  sh      $t8, 0x033E($s0)           ## 0000033E
.L80ABEDB0:
/* 01110 80ABEDB0 0C051DED */  jal     func_801477B4              
/* 01114 80ABEDB4 00E02025 */  or      $a0, $a3, $zero            ## $a0 = 00000000
/* 01118 80ABEDB8 0C2AFC1C */  jal     func_80ABF070              
/* 0111C 80ABEDBC 02002025 */  or      $a0, $s0, $zero            ## $a0 = 00000000
/* 01120 80ABEDC0 10000058 */  beq     $zero, $zero, .L80ABEF24   
/* 01124 80ABEDC4 8FBF001C */  lw      $ra, 0x001C($sp)           
.L80ABEDC8:
/* 01128 80ABEDC8 00E02025 */  or      $a0, $a3, $zero            ## $a0 = 00000000
/* 0112C 80ABEDCC 2405334D */  addiu   $a1, $zero, 0x334D         ## $a1 = 0000334D
/* 01130 80ABEDD0 0C05462C */  jal     func_801518B0              
/* 01134 80ABEDD4 02003025 */  or      $a2, $s0, $zero            ## $a2 = 00000000
/* 01138 80ABEDD8 2419334D */  addiu   $t9, $zero, 0x334D         ## $t9 = 0000334D
/* 0113C 80ABEDDC 10000050 */  beq     $zero, $zero, .L80ABEF20   
/* 01140 80ABEDE0 A619033E */  sh      $t9, 0x033E($s0)           ## 0000033E
.L80ABEDE4:
/* 01144 80ABEDE4 86080332 */  lh      $t0, 0x0332($s0)           ## 00000332
/* 01148 80ABEDE8 02003025 */  or      $a2, $s0, $zero            ## $a2 = 00000000
/* 0114C 80ABEDEC 00E02025 */  or      $a0, $a3, $zero            ## $a0 = 00000000
/* 01150 80ABEDF0 15000007 */  bne     $t0, $zero, .L80ABEE10     
/* 01154 80ABEDF4 24053356 */  addiu   $a1, $zero, 0x3356         ## $a1 = 00003356
/* 01158 80ABEDF8 00E02025 */  or      $a0, $a3, $zero            ## $a0 = 00000000
/* 0115C 80ABEDFC 0C05462C */  jal     func_801518B0              
/* 01160 80ABEE00 24053352 */  addiu   $a1, $zero, 0x3352         ## $a1 = 00003352
/* 01164 80ABEE04 24093352 */  addiu   $t1, $zero, 0x3352         ## $t1 = 00003352
/* 01168 80ABEE08 10000045 */  beq     $zero, $zero, .L80ABEF20   
/* 0116C 80ABEE0C A609033E */  sh      $t1, 0x033E($s0)           ## 0000033E
.L80ABEE10:
/* 01170 80ABEE10 0C05462C */  jal     func_801518B0              
/* 01174 80ABEE14 02003025 */  or      $a2, $s0, $zero            ## $a2 = 00000000
/* 01178 80ABEE18 240A3356 */  addiu   $t2, $zero, 0x3356         ## $t2 = 00003356
/* 0117C 80ABEE1C 10000040 */  beq     $zero, $zero, .L80ABEF20   
/* 01180 80ABEE20 A60A033E */  sh      $t2, 0x033E($s0)           ## 0000033E
.L80ABEE24:
/* 01184 80ABEE24 02002025 */  or      $a0, $s0, $zero            ## $a0 = 00000000
/* 01188 80ABEE28 00002825 */  or      $a1, $zero, $zero          ## $a1 = 00000000
/* 0118C 80ABEE2C 00003025 */  or      $a2, $zero, $zero          ## $a2 = 00000000
/* 01190 80ABEE30 0C2AFF2B */  jal     func_80ABFCAC              
/* 01194 80ABEE34 AFA7002C */  sw      $a3, 0x002C($sp)           
/* 01198 80ABEE38 3C03801F */  lui     $v1, 0x801F                ## $v1 = 801F0000
/* 0119C 80ABEE3C 2463F670 */  addiu   $v1, $v1, 0xF670           ## $v1 = 801EF670
/* 011A0 80ABEE40 3C0B801C */  lui     $t3, 0x801C                ## $t3 = 801C0000
/* 011A4 80ABEE44 8D6B1D68 */  lw      $t3, 0x1D68($t3)           ## 801C1D68
/* 011A8 80ABEE48 8C6200BC */  lw      $v0, 0x00BC($v1)           ## 801EF72C
/* 011AC 80ABEE4C 8FA7002C */  lw      $a3, 0x002C($sp)           
/* 011B0 80ABEE50 2405334C */  addiu   $a1, $zero, 0x334C         ## $a1 = 0000334C
/* 011B4 80ABEE54 01626024 */  and     $t4, $t3, $v0              
/* 011B8 80ABEE58 11800007 */  beq     $t4, $zero, .L80ABEE78     
/* 011BC 80ABEE5C 00E02025 */  or      $a0, $a3, $zero            ## $a0 = 00000000
/* 011C0 80ABEE60 00E02025 */  or      $a0, $a3, $zero            ## $a0 = 00000000
/* 011C4 80ABEE64 0C05462C */  jal     func_801518B0              
/* 011C8 80ABEE68 02003025 */  or      $a2, $s0, $zero            ## $a2 = 00000000
/* 011CC 80ABEE6C 240D334C */  addiu   $t5, $zero, 0x334C         ## $t5 = 0000334C
/* 011D0 80ABEE70 1000002B */  beq     $zero, $zero, .L80ABEF20   
/* 011D4 80ABEE74 A60D033E */  sh      $t5, 0x033E($s0)           ## 0000033E
.L80ABEE78:
/* 011D8 80ABEE78 0C051DED */  jal     func_801477B4              
/* 011DC 80ABEE7C AFA7002C */  sw      $a3, 0x002C($sp)           
/* 011E0 80ABEE80 8FA20024 */  lw      $v0, 0x0024($sp)           
/* 011E4 80ABEE84 02002025 */  or      $a0, $s0, $zero            ## $a0 = 00000000
/* 011E8 80ABEE88 8C4E0A6C */  lw      $t6, 0x0A6C($v0)           ## 00000A6C
/* 011EC 80ABEE8C 35CF0020 */  ori     $t7, $t6, 0x0020           ## $t7 = 00000020
/* 011F0 80ABEE90 0C2AFD25 */  jal     func_80ABF494              
/* 011F4 80ABEE94 AC4F0A6C */  sw      $t7, 0x0A6C($v0)           ## 00000A6C
/* 011F8 80ABEE98 8FA5002C */  lw      $a1, 0x002C($sp)           
/* 011FC 80ABEE9C 0C2AFD2A */  jal     func_80ABF4A8              
/* 01200 80ABEEA0 02002025 */  or      $a0, $s0, $zero            ## $a0 = 00000000
/* 01204 80ABEEA4 1000001F */  beq     $zero, $zero, .L80ABEF24   
/* 01208 80ABEEA8 8FBF001C */  lw      $ra, 0x001C($sp)           
.L80ABEEAC:
/* 0120C 80ABEEAC 3C03801F */  lui     $v1, 0x801F                ## $v1 = 801F0000
/* 01210 80ABEEB0 2463F670 */  addiu   $v1, $v1, 0xF670           ## $v1 = 801EF670
/* 01214 80ABEEB4 90780020 */  lbu     $t8, 0x0020($v1)           ## 801EF690
/* 01218 80ABEEB8 24010004 */  addiu   $at, $zero, 0x0004         ## $at = 00000004
/* 0121C 80ABEEBC 3C19801C */  lui     $t9, 0x801C                ## $t9 = 801C0000
/* 01220 80ABEEC0 17010008 */  bne     $t8, $at, .L80ABEEE4       
/* 01224 80ABEEC4 00E02025 */  or      $a0, $a3, $zero            ## $a0 = 00000000
/* 01228 80ABEEC8 8C6200BC */  lw      $v0, 0x00BC($v1)           ## 801EF72C
/* 0122C 80ABEECC 8F391D68 */  lw      $t9, 0x1D68($t9)           ## 801C1D68
/* 01230 80ABEED0 24053359 */  addiu   $a1, $zero, 0x3359         ## $a1 = 00003359
/* 01234 80ABEED4 02003025 */  or      $a2, $s0, $zero            ## $a2 = 00000000
/* 01238 80ABEED8 03224024 */  and     $t0, $t9, $v0              
/* 0123C 80ABEEDC 1500000C */  bne     $t0, $zero, .L80ABEF10     
/* 01240 80ABEEE0 00000000 */  nop
.L80ABEEE4:
/* 01244 80ABEEE4 2405335C */  addiu   $a1, $zero, 0x335C         ## $a1 = 0000335C
/* 01248 80ABEEE8 02003025 */  or      $a2, $s0, $zero            ## $a2 = 00000000
/* 0124C 80ABEEEC 0C05462C */  jal     func_801518B0              
/* 01250 80ABEEF0 AFA7002C */  sw      $a3, 0x002C($sp)           
/* 01254 80ABEEF4 8FA4002C */  lw      $a0, 0x002C($sp)           
/* 01258 80ABEEF8 2409335C */  addiu   $t1, $zero, 0x335C         ## $t1 = 0000335C
/* 0125C 80ABEEFC A609033E */  sh      $t1, 0x033E($s0)           ## 0000033E
/* 01260 80ABEF00 0C0546ED */  jal     func_80151BB4              
/* 01264 80ABEF04 24050005 */  addiu   $a1, $zero, 0x0005         ## $a1 = 00000005
/* 01268 80ABEF08 10000006 */  beq     $zero, $zero, .L80ABEF24   
/* 0126C 80ABEF0C 8FBF001C */  lw      $ra, 0x001C($sp)           
.L80ABEF10:
/* 01270 80ABEF10 0C05462C */  jal     func_801518B0              
/* 01274 80ABEF14 00E02025 */  or      $a0, $a3, $zero            ## $a0 = 00000000
/* 01278 80ABEF18 240A3359 */  addiu   $t2, $zero, 0x3359         ## $t2 = 00003359
/* 0127C 80ABEF1C A60A033E */  sh      $t2, 0x033E($s0)           ## 0000033E
.L80ABEF20:
/* 01280 80ABEF20 8FBF001C */  lw      $ra, 0x001C($sp)           
.L80ABEF24:
/* 01284 80ABEF24 8FB00018 */  lw      $s0, 0x0018($sp)           
/* 01288 80ABEF28 27BD0028 */  addiu   $sp, $sp, 0x0028           ## $sp = 00000000
/* 0128C 80ABEF2C 03E00008 */  jr      $ra                        
/* 01290 80ABEF30 00000000 */  nop


glabel func_80ABEF34
/* 01294 80ABEF34 27BDFFE8 */  addiu   $sp, $sp, 0xFFE8           ## $sp = FFFFFFE8
/* 01298 80ABEF38 AFBF0014 */  sw      $ra, 0x0014($sp)           
/* 0129C 80ABEF3C 848E0332 */  lh      $t6, 0x0332($a0)           ## 00000332
/* 012A0 80ABEF40 24010002 */  addiu   $at, $zero, 0x0002         ## $at = 00000002
/* 012A4 80ABEF44 2405000F */  addiu   $a1, $zero, 0x000F         ## $a1 = 0000000F
/* 012A8 80ABEF48 11C10006 */  beq     $t6, $at, .L80ABEF64       
/* 012AC 80ABEF4C 00000000 */  nop
/* 012B0 80ABEF50 24050001 */  addiu   $a1, $zero, 0x0001         ## $a1 = 00000001
/* 012B4 80ABEF54 0C2AF74B */  jal     func_80ABDD2C              
/* 012B8 80ABEF58 AFA40018 */  sw      $a0, 0x0018($sp)           
/* 012BC 80ABEF5C 10000004 */  beq     $zero, $zero, .L80ABEF70   
/* 012C0 80ABEF60 8FB80018 */  lw      $t8, 0x0018($sp)           
.L80ABEF64:
/* 012C4 80ABEF64 0C2AF74B */  jal     func_80ABDD2C              
/* 012C8 80ABEF68 AFA40018 */  sw      $a0, 0x0018($sp)           
/* 012CC 80ABEF6C 8FB80018 */  lw      $t8, 0x0018($sp)           
.L80ABEF70:
/* 012D0 80ABEF70 3C0F80AC */  lui     $t7, %hi(func_80ABEF8C)    ## $t7 = 80AC0000
/* 012D4 80ABEF74 25EFEF8C */  addiu   $t7, $t7, %lo(func_80ABEF8C) ## $t7 = 80ABEF8C
/* 012D8 80ABEF78 AF0F0188 */  sw      $t7, 0x0188($t8)           ## 00000188
/* 012DC 80ABEF7C 8FBF0014 */  lw      $ra, 0x0014($sp)           
/* 012E0 80ABEF80 27BD0018 */  addiu   $sp, $sp, 0x0018           ## $sp = 00000000
/* 012E4 80ABEF84 03E00008 */  jr      $ra                        
/* 012E8 80ABEF88 00000000 */  nop


glabel func_80ABEF8C
/* 012EC 80ABEF8C 27BDFFE0 */  addiu   $sp, $sp, 0xFFE0           ## $sp = FFFFFFE0
/* 012F0 80ABEF90 AFBF001C */  sw      $ra, 0x001C($sp)           
/* 012F4 80ABEF94 AFA40020 */  sw      $a0, 0x0020($sp)           
/* 012F8 80ABEF98 24A44908 */  addiu   $a0, $a1, 0x4908           ## $a0 = 00004908
/* 012FC 80ABEF9C 0C054926 */  jal     func_80152498              
/* 01300 80ABEFA0 AFA50024 */  sw      $a1, 0x0024($sp)           
/* 01304 80ABEFA4 2C410007 */  sltiu   $at, $v0, 0x0007           
/* 01308 80ABEFA8 10200022 */  beq     $at, $zero, .L80ABF034     
/* 0130C 80ABEFAC 8FA50024 */  lw      $a1, 0x0024($sp)           
/* 01310 80ABEFB0 00027080 */  sll     $t6, $v0,  2               
/* 01314 80ABEFB4 3C0180AC */  lui     $at, %hi(D_80AC03E4)       ## $at = 80AC0000
/* 01318 80ABEFB8 002E0821 */  addu    $at, $at, $t6              
/* 0131C 80ABEFBC 8C2E03E4 */  lw      $t6, %lo(D_80AC03E4)($at)  
/* 01320 80ABEFC0 01C00008 */  jr      $t6                        
/* 01324 80ABEFC4 00000000 */  nop
.L80ABEFC8:
/* 01328 80ABEFC8 0C2AF9B2 */  jal     func_80ABE6C8              
/* 0132C 80ABEFCC 8FA40020 */  lw      $a0, 0x0020($sp)           
/* 01330 80ABEFD0 10000019 */  beq     $zero, $zero, .L80ABF038   
/* 01334 80ABEFD4 8FA20020 */  lw      $v0, 0x0020($sp)           
.L80ABEFD8:
/* 01338 80ABEFD8 0C2AFADB */  jal     func_80ABEB6C              
/* 0133C 80ABEFDC 8FA40020 */  lw      $a0, 0x0020($sp)           
/* 01340 80ABEFE0 10000015 */  beq     $zero, $zero, .L80ABF038   
/* 01344 80ABEFE4 8FA20020 */  lw      $v0, 0x0020($sp)           
.L80ABEFE8:
/* 01348 80ABEFE8 00A02025 */  or      $a0, $a1, $zero            ## $a0 = 00000000
/* 0134C 80ABEFEC 0C051D89 */  jal     func_80147624              
/* 01350 80ABEFF0 AFA50024 */  sw      $a1, 0x0024($sp)           
/* 01354 80ABEFF4 1040000F */  beq     $v0, $zero, .L80ABF034     
/* 01358 80ABEFF8 8FA50024 */  lw      $a1, 0x0024($sp)           
/* 0135C 80ABEFFC 3C0F0001 */  lui     $t7, 0x0001                ## $t7 = 00010000
/* 01360 80ABF000 01E57821 */  addu    $t7, $t7, $a1              
/* 01364 80ABF004 91EF69B9 */  lbu     $t7, 0x69B9($t7)           ## 000169B9
/* 01368 80ABF008 3C02801F */  lui     $v0, 0x801F                ## $v0 = 801F0000
/* 0136C 80ABF00C 3C18801C */  lui     $t8, 0x801C                ## $t8 = 801C0000
/* 01370 80ABF010 11E00006 */  beq     $t7, $zero, .L80ABF02C     
/* 01374 80ABF014 00000000 */  nop
/* 01378 80ABF018 8C42F72C */  lw      $v0, -0x08D4($v0)          ## 801EF72C
/* 0137C 80ABF01C 8F181D78 */  lw      $t8, 0x1D78($t8)           ## 801C1D78
/* 01380 80ABF020 0302C824 */  and     $t9, $t8, $v0              
/* 01384 80ABF024 57200004 */  bnel    $t9, $zero, .L80ABF038     
/* 01388 80ABF028 8FA20020 */  lw      $v0, 0x0020($sp)           
.L80ABF02C:
/* 0138C 80ABF02C 0C2AF929 */  jal     func_80ABE4A4              
/* 01390 80ABF030 8FA40020 */  lw      $a0, 0x0020($sp)           
.L80ABF034:
/* 01394 80ABF034 8FA20020 */  lw      $v0, 0x0020($sp)           
.L80ABF038:
/* 01398 80ABF038 24010002 */  addiu   $at, $zero, 0x0002         ## $at = 00000002
/* 0139C 80ABF03C 24060005 */  addiu   $a2, $zero, 0x0005         ## $a2 = 00000005
/* 013A0 80ABF040 84480332 */  lh      $t0, 0x0332($v0)           ## 00000332
/* 013A4 80ABF044 240707D0 */  addiu   $a3, $zero, 0x07D0         ## $a3 = 000007D0
/* 013A8 80ABF048 240903E8 */  addiu   $t1, $zero, 0x03E8         ## $t1 = 000003E8
/* 013AC 80ABF04C 11010004 */  beq     $t0, $at, .L80ABF060       
/* 013B0 80ABF050 244400BE */  addiu   $a0, $v0, 0x00BE           ## $a0 = 000000BE
/* 013B4 80ABF054 84450092 */  lh      $a1, 0x0092($v0)           ## 00000092
/* 013B8 80ABF058 0C03FFAF */  jal     func_800FFEBC              
/* 013BC 80ABF05C AFA90010 */  sw      $t1, 0x0010($sp)           
.L80ABF060:
/* 013C0 80ABF060 8FBF001C */  lw      $ra, 0x001C($sp)           
/* 013C4 80ABF064 27BD0020 */  addiu   $sp, $sp, 0x0020           ## $sp = 00000000
/* 013C8 80ABF068 03E00008 */  jr      $ra                        
/* 013CC 80ABF06C 00000000 */  nop


glabel func_80ABF070
/* 013D0 80ABF070 3C0E80AC */  lui     $t6, %hi(func_80ABF084)    ## $t6 = 80AC0000
/* 013D4 80ABF074 25CEF084 */  addiu   $t6, $t6, %lo(func_80ABF084) ## $t6 = 80ABF084
/* 013D8 80ABF078 AC8E0188 */  sw      $t6, 0x0188($a0)           ## 00000188
/* 013DC 80ABF07C 03E00008 */  jr      $ra                        
/* 013E0 80ABF080 00000000 */  nop


glabel func_80ABF084
/* 013E4 80ABF084 3C02801F */  lui     $v0, 0x801F                ## $v0 = 801F0000
/* 013E8 80ABF088 2442F670 */  addiu   $v0, $v0, 0xF670           ## $v0 = 801EF670
/* 013EC 80ABF08C AFA40000 */  sw      $a0, 0x0000($sp)           
/* 013F0 80ABF090 3C010002 */  lui     $at, 0x0002                ## $at = 00020000
/* 013F4 80ABF094 00250821 */  addu    $at, $at, $a1              
/* 013F8 80ABF098 240E6400 */  addiu   $t6, $zero, 0x6400         ## $t6 = 00006400
/* 013FC 80ABF09C A42E887A */  sh      $t6, -0x7786($at)          ## 0001887A
/* 01400 80ABF0A0 340FFFF0 */  ori     $t7, $zero, 0xFFF0         ## $t7 = 0000FFF0
/* 01404 80ABF0A4 3C010002 */  lui     $at, 0x0002                ## $at = 00020000
/* 01408 80ABF0A8 A44F3F4A */  sh      $t7, 0x3F4A($v0)           ## 801F35BA
/* 0140C 80ABF0AC 00250821 */  addu    $at, $at, $a1              
/* 01410 80ABF0B0 24180014 */  addiu   $t8, $zero, 0x0014         ## $t8 = 00000014
/* 01414 80ABF0B4 A0388875 */  sb      $t8, -0x778B($at)          ## 00018875
/* 01418 80ABF0B8 3C010002 */  lui     $at, 0x0002                ## $at = 00020000
/* 0141C 80ABF0BC 00250821 */  addu    $at, $at, $a1              
/* 01420 80ABF0C0 24190050 */  addiu   $t9, $zero, 0x0050         ## $t9 = 00000050
/* 01424 80ABF0C4 A039887F */  sb      $t9, -0x7781($at)          ## 0001887F
/* 01428 80ABF0C8 24080003 */  addiu   $t0, $zero, 0x0003         ## $t0 = 00000003
/* 0142C 80ABF0CC A0483F55 */  sb      $t0, 0x3F55($v0)           ## 801F35C5
/* 01430 80ABF0D0 03E00008 */  jr      $ra                        
/* 01434 80ABF0D4 00000000 */  nop


glabel func_80ABF0D8
/* 01438 80ABF0D8 27BDFFE8 */  addiu   $sp, $sp, 0xFFE8           ## $sp = FFFFFFE8
/* 0143C 80ABF0DC AFBF0014 */  sw      $ra, 0x0014($sp)           
/* 01440 80ABF0E0 AFA40018 */  sw      $a0, 0x0018($sp)           
/* 01444 80ABF0E4 00A03825 */  or      $a3, $a1, $zero            ## $a3 = 00000000
/* 01448 80ABF0E8 8FA40018 */  lw      $a0, 0x0018($sp)           
/* 0144C 80ABF0EC 00E02825 */  or      $a1, $a3, $zero            ## $a1 = 00000000
/* 01450 80ABF0F0 0C02E134 */  jal     func_800B84D0              
/* 01454 80ABF0F4 AFA7001C */  sw      $a3, 0x001C($sp)           
/* 01458 80ABF0F8 1040000A */  beq     $v0, $zero, .L80ABF124     
/* 0145C 80ABF0FC 8FA7001C */  lw      $a3, 0x001C($sp)           
/* 01460 80ABF100 00E02025 */  or      $a0, $a3, $zero            ## $a0 = 00000000
/* 01464 80ABF104 2405336E */  addiu   $a1, $zero, 0x336E         ## $a1 = 0000336E
/* 01468 80ABF108 0C05462C */  jal     func_801518B0              
/* 0146C 80ABF10C 8FA60018 */  lw      $a2, 0x0018($sp)           
/* 01470 80ABF110 8FAF0018 */  lw      $t7, 0x0018($sp)           
/* 01474 80ABF114 3C0E80AC */  lui     $t6, %hi(func_80ABF160)    ## $t6 = 80AC0000
/* 01478 80ABF118 25CEF160 */  addiu   $t6, $t6, %lo(func_80ABF160) ## $t6 = 80ABF160
/* 0147C 80ABF11C 1000000C */  beq     $zero, $zero, .L80ABF150   
/* 01480 80ABF120 ADEE0188 */  sw      $t6, 0x0188($t7)           ## 00000188
.L80ABF124:
/* 01484 80ABF124 3C18801F */  lui     $t8, 0x801F                ## $t8 = 801F0000
/* 01488 80ABF128 8F183470 */  lw      $t8, 0x3470($t8)           ## 801F3470
/* 0148C 80ABF12C 3C19801F */  lui     $t9, 0x801F                ## $t9 = 801F0000
/* 01490 80ABF130 8F393474 */  lw      $t9, 0x3474($t9)           ## 801F3474
/* 01494 80ABF134 17000006 */  bne     $t8, $zero, .L80ABF150     
/* 01498 80ABF138 2F212CEC */  sltiu   $at, $t9, 0x2CEC           
/* 0149C 80ABF13C 10200004 */  beq     $at, $zero, .L80ABF150     
/* 014A0 80ABF140 8FA40018 */  lw      $a0, 0x0018($sp)           
/* 014A4 80ABF144 00E02825 */  or      $a1, $a3, $zero            ## $a1 = 00000000
/* 014A8 80ABF148 0C02E185 */  jal     func_800B8614              
/* 014AC 80ABF14C 3C0642C8 */  lui     $a2, 0x42C8                ## $a2 = 42C80000
.L80ABF150:
/* 014B0 80ABF150 8FBF0014 */  lw      $ra, 0x0014($sp)           
/* 014B4 80ABF154 27BD0018 */  addiu   $sp, $sp, 0x0018           ## $sp = 00000000
/* 014B8 80ABF158 03E00008 */  jr      $ra                        
/* 014BC 80ABF15C 00000000 */  nop


glabel func_80ABF160
/* 014C0 80ABF160 27BDFFE8 */  addiu   $sp, $sp, 0xFFE8           ## $sp = FFFFFFE8
/* 014C4 80ABF164 AFBF0014 */  sw      $ra, 0x0014($sp)           
/* 014C8 80ABF168 AFA40018 */  sw      $a0, 0x0018($sp)           
/* 014CC 80ABF16C 0C02E19F */  jal     func_800B867C              
/* 014D0 80ABF170 8FA40018 */  lw      $a0, 0x0018($sp)           
/* 014D4 80ABF174 10400004 */  beq     $v0, $zero, .L80ABF188     
/* 014D8 80ABF178 8FAF0018 */  lw      $t7, 0x0018($sp)           
/* 014DC 80ABF17C 3C0E80AC */  lui     $t6, %hi(func_80ABF254)    ## $t6 = 80AC0000
/* 014E0 80ABF180 25CEF254 */  addiu   $t6, $t6, %lo(func_80ABF254) ## $t6 = 80ABF254
/* 014E4 80ABF184 ADEE0188 */  sw      $t6, 0x0188($t7)           ## 00000188
.L80ABF188:
/* 014E8 80ABF188 8FBF0014 */  lw      $ra, 0x0014($sp)           
/* 014EC 80ABF18C 27BD0018 */  addiu   $sp, $sp, 0x0018           ## $sp = 00000000
/* 014F0 80ABF190 03E00008 */  jr      $ra                        
/* 014F4 80ABF194 00000000 */  nop


glabel func_80ABF198
/* 014F8 80ABF198 27BDFFE0 */  addiu   $sp, $sp, 0xFFE0           ## $sp = FFFFFFE0
/* 014FC 80ABF19C AFBF0014 */  sw      $ra, 0x0014($sp)           
/* 01500 80ABF1A0 AFA40020 */  sw      $a0, 0x0020($sp)           
/* 01504 80ABF1A4 00A03025 */  or      $a2, $a1, $zero            ## $a2 = 00000000
/* 01508 80ABF1A8 8CCE1CCC */  lw      $t6, 0x1CCC($a2)           ## 00001CCC
/* 0150C 80ABF1AC 3C010001 */  lui     $at, 0x0001                ## $at = 00010000
/* 01510 80ABF1B0 00260821 */  addu    $at, $at, $a2              
/* 01514 80ABF1B4 240F0001 */  addiu   $t7, $zero, 0x0001         ## $t7 = 00000001
/* 01518 80ABF1B8 AFAE001C */  sw      $t6, 0x001C($sp)           
/* 0151C 80ABF1BC A02F6C68 */  sb      $t7, 0x6C68($at)           ## 00016C68
/* 01520 80ABF1C0 AFA60024 */  sw      $a2, 0x0024($sp)           
/* 01524 80ABF1C4 24040004 */  addiu   $a0, $zero, 0x0004         ## $a0 = 00000004
/* 01528 80ABF1C8 0C043A7C */  jal     func_8010E9F0              
/* 0152C 80ABF1CC 00002825 */  or      $a1, $zero, $zero          ## $a1 = 00000000
/* 01530 80ABF1D0 3C02801F */  lui     $v0, 0x801F                ## $v0 = 801F0000
/* 01534 80ABF1D4 2442F670 */  addiu   $v0, $v0, 0xF670           ## $v0 = 801EF670
/* 01538 80ABF1D8 90580F00 */  lbu     $t8, 0x0F00($v0)           ## 801F0570
/* 0153C 80ABF1DC 8FA40024 */  lw      $a0, 0x0024($sp)           
/* 01540 80ABF1E0 37190001 */  ori     $t9, $t8, 0x0001           ## $t9 = 00000001
/* 01544 80ABF1E4 0C044ABF */  jal     func_80112AFC              
/* 01548 80ABF1E8 A0590F00 */  sb      $t9, 0x0F00($v0)           ## 801F0570
/* 0154C 80ABF1EC 8FA2001C */  lw      $v0, 0x001C($sp)           
/* 01550 80ABF1F0 3C0A80AC */  lui     $t2, %hi(func_80ABF218)    ## $t2 = 80AC0000
/* 01554 80ABF1F4 254AF218 */  addiu   $t2, $t2, %lo(func_80ABF218) ## $t2 = 80ABF218
/* 01558 80ABF1F8 8C480A6C */  lw      $t0, 0x0A6C($v0)           ## 00000A6C
/* 0155C 80ABF1FC 35090020 */  ori     $t1, $t0, 0x0020           ## $t1 = 00000020
/* 01560 80ABF200 AC490A6C */  sw      $t1, 0x0A6C($v0)           ## 00000A6C
/* 01564 80ABF204 8FAB0020 */  lw      $t3, 0x0020($sp)           
/* 01568 80ABF208 AD6A0188 */  sw      $t2, 0x0188($t3)           ## 00000188
/* 0156C 80ABF20C 8FBF0014 */  lw      $ra, 0x0014($sp)           
/* 01570 80ABF210 03E00008 */  jr      $ra                        
/* 01574 80ABF214 27BD0020 */  addiu   $sp, $sp, 0x0020           ## $sp = 00000000


glabel func_80ABF218
/* 01578 80ABF218 3C0E0001 */  lui     $t6, 0x0001                ## $t6 = 00010000
/* 0157C 80ABF21C 01C57021 */  addu    $t6, $t6, $a1              
/* 01580 80ABF220 91CE6C68 */  lbu     $t6, 0x6C68($t6)           ## 00016C68
/* 01584 80ABF224 24010008 */  addiu   $at, $zero, 0x0008         ## $at = 00000008
/* 01588 80ABF228 8CA21CCC */  lw      $v0, 0x1CCC($a1)           ## 00001CCC
/* 0158C 80ABF22C 15C10007 */  bne     $t6, $at, .L80ABF24C       
/* 01590 80ABF230 3C0F80AC */  lui     $t7, %hi(func_80ABF254)    ## $t7 = 80AC0000
/* 01594 80ABF234 25EFF254 */  addiu   $t7, $t7, %lo(func_80ABF254) ## $t7 = 80ABF254
/* 01598 80ABF238 AC8F0188 */  sw      $t7, 0x0188($a0)           ## 00000188
/* 0159C 80ABF23C 8C580A6C */  lw      $t8, 0x0A6C($v0)           ## 00000A6C
/* 015A0 80ABF240 2401FFDF */  addiu   $at, $zero, 0xFFDF         ## $at = FFFFFFDF
/* 015A4 80ABF244 0301C824 */  and     $t9, $t8, $at              
/* 015A8 80ABF248 AC590A6C */  sw      $t9, 0x0A6C($v0)           ## 00000A6C
.L80ABF24C:
/* 015AC 80ABF24C 03E00008 */  jr      $ra                        
/* 015B0 80ABF250 00000000 */  nop


glabel func_80ABF254
/* 015B4 80ABF254 27BDFFE8 */  addiu   $sp, $sp, 0xFFE8           ## $sp = FFFFFFE8
/* 015B8 80ABF258 AFBF0014 */  sw      $ra, 0x0014($sp)           
/* 015BC 80ABF25C 8CA21CCC */  lw      $v0, 0x1CCC($a1)           ## 00001CCC
/* 015C0 80ABF260 8C4E0A74 */  lw      $t6, 0x0A74($v0)           ## 00000A74
/* 015C4 80ABF264 35CF0400 */  ori     $t7, $t6, 0x0400           ## $t7 = 00000400
/* 015C8 80ABF268 AC4F0A74 */  sw      $t7, 0x0A74($v0)           ## 00000A74
/* 015CC 80ABF26C AFA5001C */  sw      $a1, 0x001C($sp)           
/* 015D0 80ABF270 0C2AFC36 */  jal     func_80ABF0D8              
/* 015D4 80ABF274 AFA40018 */  sw      $a0, 0x0018($sp)           
/* 015D8 80ABF278 8FA40018 */  lw      $a0, 0x0018($sp)           
/* 015DC 80ABF27C 3C1880AC */  lui     $t8, %hi(D_80AC0258)       ## $t8 = 80AC0000
/* 015E0 80ABF280 87180258 */  lh      $t8, %lo(D_80AC0258)($t8)  
/* 015E4 80ABF284 84820338 */  lh      $v0, 0x0338($a0)           ## 00000338
/* 015E8 80ABF288 8FA5001C */  lw      $a1, 0x001C($sp)           
/* 015EC 80ABF28C 3C0180AC */  lui     $at, %hi(D_80AC0258)       ## $at = 80AC0000
/* 015F0 80ABF290 13020005 */  beq     $t8, $v0, .L80ABF2A8       
/* 015F4 80ABF294 24190001 */  addiu   $t9, $zero, 0x0001         ## $t9 = 00000001
/* 015F8 80ABF298 A4220258 */  sh      $v0, %lo(D_80AC0258)($at)  
/* 015FC 80ABF29C 3C010001 */  lui     $at, 0x0001                ## $at = 00010000
/* 01600 80ABF2A0 00250821 */  addu    $at, $at, $a1              
/* 01604 80ABF2A4 A4396C44 */  sh      $t9, 0x6C44($at)           ## 00016C44
.L80ABF2A8:
/* 01608 80ABF2A8 3C02801F */  lui     $v0, 0x801F                ## $v0 = 801F0000
/* 0160C 80ABF2AC 2442F670 */  addiu   $v0, $v0, 0xF670           ## $v0 = 801EF670
/* 01610 80ABF2B0 8C483E00 */  lw      $t0, 0x3E00($v0)           ## 801F3470
/* 01614 80ABF2B4 8C493E04 */  lw      $t1, 0x3E04($v0)           ## 801F3474
/* 01618 80ABF2B8 240B0006 */  addiu   $t3, $zero, 0x0006         ## $t3 = 00000006
/* 0161C 80ABF2BC 15000007 */  bne     $t0, $zero, .L80ABF2DC     
/* 01620 80ABF2C0 2D212EE0 */  sltiu   $at, $t1, 0x2EE0           
/* 01624 80ABF2C4 10200005 */  beq     $at, $zero, .L80ABF2DC     
/* 01628 80ABF2C8 00000000 */  nop
/* 0162C 80ABF2CC 848A0338 */  lh      $t2, 0x0338($a0)           ## 00000338
/* 01630 80ABF2D0 2401000A */  addiu   $at, $zero, 0x000A         ## $at = 0000000A
/* 01634 80ABF2D4 55410006 */  bnel    $t2, $at, .L80ABF2F0       
/* 01638 80ABF2D8 8FBF0014 */  lw      $ra, 0x0014($sp)           
.L80ABF2DC:
/* 0163C 80ABF2DC 0C2AFCBF */  jal     func_80ABF2FC              
/* 01640 80ABF2E0 A04B3DD4 */  sb      $t3, 0x3DD4($v0)           ## 801F3444
/* 01644 80ABF2E4 3C0180AC */  lui     $at, %hi(D_80AC0258)       ## $at = 80AC0000
/* 01648 80ABF2E8 A4200258 */  sh      $zero, %lo(D_80AC0258)($at) 
/* 0164C 80ABF2EC 8FBF0014 */  lw      $ra, 0x0014($sp)           
.L80ABF2F0:
/* 01650 80ABF2F0 27BD0018 */  addiu   $sp, $sp, 0x0018           ## $sp = 00000000
/* 01654 80ABF2F4 03E00008 */  jr      $ra                        
/* 01658 80ABF2F8 00000000 */  nop


glabel func_80ABF2FC
/* 0165C 80ABF2FC 27BDFFE8 */  addiu   $sp, $sp, 0xFFE8           ## $sp = FFFFFFE8
/* 01660 80ABF300 AFA5001C */  sw      $a1, 0x001C($sp)           
/* 01664 80ABF304 3C02801F */  lui     $v0, 0x801F                ## $v0 = 801F0000
/* 01668 80ABF308 2442F670 */  addiu   $v0, $v0, 0xF670           ## $v0 = 801EF670
/* 0166C 80ABF30C 00802825 */  or      $a1, $a0, $zero            ## $a1 = 00000000
/* 01670 80ABF310 AFBF0014 */  sw      $ra, 0x0014($sp)           
/* 01674 80ABF314 AFA40018 */  sw      $a0, 0x0018($sp)           
/* 01678 80ABF318 904E0F00 */  lbu     $t6, 0x0F00($v0)           ## 801F0570
/* 0167C 80ABF31C 3C1880AC */  lui     $t8, %hi(func_80ABF354)    ## $t8 = 80AC0000
/* 01680 80ABF320 2718F354 */  addiu   $t8, $t8, %lo(func_80ABF354) ## $t8 = 80ABF354
/* 01684 80ABF324 31CF00FE */  andi    $t7, $t6, 0x00FE           ## $t7 = 00000000
/* 01688 80ABF328 A04F0F00 */  sb      $t7, 0x0F00($v0)           ## 801F0570
/* 0168C 80ABF32C 3C041000 */  lui     $a0, 0x1000                ## $a0 = 10000000
/* 01690 80ABF330 ACB80188 */  sw      $t8, 0x0188($a1)           ## 00000188
/* 01694 80ABF334 0C06A26A */  jal     func_801A89A8              
/* 01698 80ABF338 348400FF */  ori     $a0, $a0, 0x00FF           ## $a0 = 100000FF
/* 0169C 80ABF33C 0C06A26A */  jal     func_801A89A8              
/* 016A0 80ABF340 34048041 */  ori     $a0, $zero, 0x8041         ## $a0 = 00008041
/* 016A4 80ABF344 8FBF0014 */  lw      $ra, 0x0014($sp)           
/* 016A8 80ABF348 27BD0018 */  addiu   $sp, $sp, 0x0018           ## $sp = 00000000
/* 016AC 80ABF34C 03E00008 */  jr      $ra                        
/* 016B0 80ABF350 00000000 */  nop


glabel func_80ABF354
/* 016B4 80ABF354 27BDFFE8 */  addiu   $sp, $sp, 0xFFE8           ## $sp = FFFFFFE8
/* 016B8 80ABF358 AFBF0014 */  sw      $ra, 0x0014($sp)           
/* 016BC 80ABF35C 00803025 */  or      $a2, $a0, $zero            ## $a2 = 00000000
/* 016C0 80ABF360 00A03825 */  or      $a3, $a1, $zero            ## $a3 = 00000000
/* 016C4 80ABF364 8CE21CCC */  lw      $v0, 0x1CCC($a3)           ## 00001CCC
/* 016C8 80ABF368 24180001 */  addiu   $t8, $zero, 0x0001         ## $t8 = 00000001
/* 016CC 80ABF36C 34198000 */  ori     $t9, $zero, 0x8000         ## $t9 = 00008000
/* 016D0 80ABF370 8C4E0A6C */  lw      $t6, 0x0A6C($v0)           ## 00000A6C
/* 016D4 80ABF374 3C0380AC */  lui     $v1, %hi(D_80AC025C)       ## $v1 = 80AC0000
/* 016D8 80ABF378 24080001 */  addiu   $t0, $zero, 0x0001         ## $t0 = 00000001
/* 016DC 80ABF37C 000E7AC0 */  sll     $t7, $t6, 11               
/* 016E0 80ABF380 05E30005 */  bgezl   $t7, .L80ABF398            
/* 016E4 80ABF384 A0E81F08 */  sb      $t0, 0x1F08($a3)           ## 00001F08
/* 016E8 80ABF388 A0F81F08 */  sb      $t8, 0x1F08($a3)           ## 00001F08
/* 016EC 80ABF38C 10000002 */  beq     $zero, $zero, .L80ABF398   
/* 016F0 80ABF390 A4F91F18 */  sh      $t9, 0x1F18($a3)           ## 00001F18
/* 016F4 80ABF394 A0E81F08 */  sb      $t0, 0x1F08($a3)           ## 00001F08
.L80ABF398:
/* 016F8 80ABF398 8C63025C */  lw      $v1, %lo(D_80AC025C)($v1)  
/* 016FC 80ABF39C 24010019 */  addiu   $at, $zero, 0x0019         ## $at = 00000019
/* 01700 80ABF3A0 54610017 */  bnel    $v1, $at, .L80ABF400       
/* 01704 80ABF3A4 24010032 */  addiu   $at, $zero, 0x0032         ## $at = 00000032
/* 01708 80ABF3A8 84C90338 */  lh      $t1, 0x0338($a2)           ## 00000338
/* 0170C 80ABF3AC 2401000A */  addiu   $at, $zero, 0x000A         ## $at = 0000000A
/* 01710 80ABF3B0 00E02025 */  or      $a0, $a3, $zero            ## $a0 = 00000000
/* 01714 80ABF3B4 15210009 */  bne     $t1, $at, .L80ABF3DC       
/* 01718 80ABF3B8 2405334B */  addiu   $a1, $zero, 0x334B         ## $a1 = 0000334B
/* 0171C 80ABF3BC 00E02025 */  or      $a0, $a3, $zero            ## $a0 = 00000000
/* 01720 80ABF3C0 2405334F */  addiu   $a1, $zero, 0x334F         ## $a1 = 0000334F
/* 01724 80ABF3C4 0C05462C */  jal     func_801518B0              
/* 01728 80ABF3C8 AFA60018 */  sw      $a2, 0x0018($sp)           
/* 0172C 80ABF3CC 8FA60018 */  lw      $a2, 0x0018($sp)           
/* 01730 80ABF3D0 240A334F */  addiu   $t2, $zero, 0x334F         ## $t2 = 0000334F
/* 01734 80ABF3D4 10000006 */  beq     $zero, $zero, .L80ABF3F0   
/* 01738 80ABF3D8 A4CA033E */  sh      $t2, 0x033E($a2)           ## 0000033E
.L80ABF3DC:
/* 0173C 80ABF3DC 0C05462C */  jal     func_801518B0              
/* 01740 80ABF3E0 AFA60018 */  sw      $a2, 0x0018($sp)           
/* 01744 80ABF3E4 8FA60018 */  lw      $a2, 0x0018($sp)           
/* 01748 80ABF3E8 240B334B */  addiu   $t3, $zero, 0x334B         ## $t3 = 0000334B
/* 0174C 80ABF3EC A4CB033E */  sh      $t3, 0x033E($a2)           ## 0000033E
.L80ABF3F0:
/* 01750 80ABF3F0 3C0380AC */  lui     $v1, %hi(D_80AC025C)       ## $v1 = 80AC0000
/* 01754 80ABF3F4 10000021 */  beq     $zero, $zero, .L80ABF47C   
/* 01758 80ABF3F8 8C63025C */  lw      $v1, %lo(D_80AC025C)($v1)  
/* 0175C 80ABF3FC 24010032 */  addiu   $at, $zero, 0x0032         ## $at = 00000032
.L80ABF400:
/* 01760 80ABF400 1461001E */  bne     $v1, $at, .L80ABF47C       
/* 01764 80ABF404 3C02801F */  lui     $v0, 0x801F                ## $v0 = 801F0000
/* 01768 80ABF408 3C010002 */  lui     $at, 0x0002                ## $at = 00020000
/* 0176C 80ABF40C A0E01F08 */  sb      $zero, 0x1F08($a3)         ## 00001F08
/* 01770 80ABF410 00270821 */  addu    $at, $at, $a3              
/* 01774 80ABF414 240C6410 */  addiu   $t4, $zero, 0x6410         ## $t4 = 00006410
/* 01778 80ABF418 A42C887A */  sh      $t4, -0x7786($at)          ## 0001887A
/* 0177C 80ABF41C 2442F670 */  addiu   $v0, $v0, 0xF670           ## $v0 = 801EF670
/* 01780 80ABF420 3C010002 */  lui     $at, 0x0002                ## $at = 00020000
/* 01784 80ABF424 A4403F4A */  sh      $zero, 0x3F4A($v0)         ## 801F35BA
/* 01788 80ABF428 00270821 */  addu    $at, $at, $a3              
/* 0178C 80ABF42C 240D0014 */  addiu   $t5, $zero, 0x0014         ## $t5 = 00000014
/* 01790 80ABF430 A02D8875 */  sb      $t5, -0x778B($at)          ## 00018875
/* 01794 80ABF434 84CE0338 */  lh      $t6, 0x0338($a2)           ## 00000338
/* 01798 80ABF438 2401000A */  addiu   $at, $zero, 0x000A         ## $at = 0000000A
/* 0179C 80ABF43C 00001825 */  or      $v1, $zero, $zero          ## $v1 = 00000000
/* 017A0 80ABF440 15C10008 */  bne     $t6, $at, .L80ABF464       
/* 017A4 80ABF444 24190040 */  addiu   $t9, $zero, 0x0040         ## $t9 = 00000040
/* 017A8 80ABF448 3C010002 */  lui     $at, 0x0002                ## $at = 00020000
/* 017AC 80ABF44C 00270821 */  addu    $at, $at, $a3              
/* 017B0 80ABF450 240F0050 */  addiu   $t7, $zero, 0x0050         ## $t7 = 00000050
/* 017B4 80ABF454 A02F887F */  sb      $t7, -0x7781($at)          ## 0001887F
/* 017B8 80ABF458 24180003 */  addiu   $t8, $zero, 0x0003         ## $t8 = 00000003
/* 017BC 80ABF45C 10000006 */  beq     $zero, $zero, .L80ABF478   
/* 017C0 80ABF460 A0583F55 */  sb      $t8, 0x3F55($v0)           ## 801F35C5
.L80ABF464:
/* 017C4 80ABF464 3C010002 */  lui     $at, 0x0002                ## $at = 00020000
/* 017C8 80ABF468 00270821 */  addu    $at, $at, $a3              
/* 017CC 80ABF46C A039887F */  sb      $t9, -0x7781($at)          ## 0001887F
/* 017D0 80ABF470 24080002 */  addiu   $t0, $zero, 0x0002         ## $t0 = 00000002
/* 017D4 80ABF474 A0483F55 */  sb      $t0, 0x3F55($v0)           ## 801F35C5
.L80ABF478:
/* 017D8 80ABF478 A4C00338 */  sh      $zero, 0x0338($a2)         ## 00000338
.L80ABF47C:
/* 017DC 80ABF47C 24630001 */  addiu   $v1, $v1, 0x0001           ## $v1 = 00000001
/* 017E0 80ABF480 8FBF0014 */  lw      $ra, 0x0014($sp)           
/* 017E4 80ABF484 3C0180AC */  lui     $at, %hi(D_80AC025C)       ## $at = 80AC0000
/* 017E8 80ABF488 AC23025C */  sw      $v1, %lo(D_80AC025C)($at)  
/* 017EC 80ABF48C 03E00008 */  jr      $ra                        
/* 017F0 80ABF490 27BD0018 */  addiu   $sp, $sp, 0x0018           ## $sp = 00000000


glabel func_80ABF494
/* 017F4 80ABF494 3C0E80AC */  lui     $t6, %hi(func_80ABF4A8)    ## $t6 = 80AC0000
/* 017F8 80ABF498 25CEF4A8 */  addiu   $t6, $t6, %lo(func_80ABF4A8) ## $t6 = 80ABF4A8
/* 017FC 80ABF49C AC8E0188 */  sw      $t6, 0x0188($a0)           ## 00000188
/* 01800 80ABF4A0 03E00008 */  jr      $ra                        
/* 01804 80ABF4A4 00000000 */  nop


glabel func_80ABF4A8
/* 01808 80ABF4A8 27BDFFE0 */  addiu   $sp, $sp, 0xFFE0           ## $sp = FFFFFFE0
/* 0180C 80ABF4AC AFBF0014 */  sw      $ra, 0x0014($sp)           
/* 01810 80ABF4B0 AFA40020 */  sw      $a0, 0x0020($sp)           
/* 01814 80ABF4B4 AFA50024 */  sw      $a1, 0x0024($sp)           
/* 01818 80ABF4B8 8FAE0020 */  lw      $t6, 0x0020($sp)           
/* 0181C 80ABF4BC 81C40038 */  lb      $a0, 0x0038($t6)           ## 00000038
/* 01820 80ABF4C0 0C03C6F9 */  jal     func_800F1BE4              
/* 01824 80ABF4C4 A7A4001E */  sh      $a0, 0x001E($sp)           
/* 01828 80ABF4C8 10400007 */  beq     $v0, $zero, .L80ABF4E8     
/* 0182C 80ABF4CC 87A4001E */  lh      $a0, 0x001E($sp)           
/* 01830 80ABF4D0 0C03C761 */  jal     func_800F1D84              
/* 01834 80ABF4D4 8FA50020 */  lw      $a1, 0x0020($sp)           
/* 01838 80ABF4D8 0C2AFD47 */  jal     func_80ABF51C              
/* 0183C 80ABF4DC 8FA40020 */  lw      $a0, 0x0020($sp)           
/* 01840 80ABF4E0 1000000B */  beq     $zero, $zero, .L80ABF510   
/* 01844 80ABF4E4 8FBF0014 */  lw      $ra, 0x0014($sp)           
.L80ABF4E8:
/* 01848 80ABF4E8 0C03C81F */  jal     func_800F207C              
/* 0184C 80ABF4EC 00000000 */  nop
/* 01850 80ABF4F0 2401007C */  addiu   $at, $zero, 0x007C         ## $at = 0000007C
/* 01854 80ABF4F4 14410003 */  bne     $v0, $at, .L80ABF504       
/* 01858 80ABF4F8 00000000 */  nop
/* 0185C 80ABF4FC 0C03C7EF */  jal     func_800F1FBC              
/* 01860 80ABF500 2404007C */  addiu   $a0, $zero, 0x007C         ## $a0 = 0000007C
.L80ABF504:
/* 01864 80ABF504 0C03C6E9 */  jal     func_800F1BA4              
/* 01868 80ABF508 87A4001E */  lh      $a0, 0x001E($sp)           
/* 0186C 80ABF50C 8FBF0014 */  lw      $ra, 0x0014($sp)           
.L80ABF510:
/* 01870 80ABF510 27BD0020 */  addiu   $sp, $sp, 0x0020           ## $sp = 00000000
/* 01874 80ABF514 03E00008 */  jr      $ra                        
/* 01878 80ABF518 00000000 */  nop


glabel func_80ABF51C
/* 0187C 80ABF51C 3C0E80AC */  lui     $t6, %hi(func_80ABF534)    ## $t6 = 80AC0000
/* 01880 80ABF520 25CEF534 */  addiu   $t6, $t6, %lo(func_80ABF534) ## $t6 = 80ABF534
/* 01884 80ABF524 A480033C */  sh      $zero, 0x033C($a0)         ## 0000033C
/* 01888 80ABF528 AC8E0188 */  sw      $t6, 0x0188($a0)           ## 00000188
/* 0188C 80ABF52C 03E00008 */  jr      $ra                        
/* 01890 80ABF530 00000000 */  nop


glabel func_80ABF534
/* 01894 80ABF534 27BDFFD8 */  addiu   $sp, $sp, 0xFFD8           ## $sp = FFFFFFD8
/* 01898 80ABF538 AFB10018 */  sw      $s1, 0x0018($sp)           
/* 0189C 80ABF53C AFB00014 */  sw      $s0, 0x0014($sp)           
/* 018A0 80ABF540 00808025 */  or      $s0, $a0, $zero            ## $s0 = 00000000
/* 018A4 80ABF544 00A08825 */  or      $s1, $a1, $zero            ## $s1 = 00000000
/* 018A8 80ABF548 AFBF001C */  sw      $ra, 0x001C($sp)           
/* 018AC 80ABF54C 02202025 */  or      $a0, $s1, $zero            ## $a0 = 00000000
/* 018B0 80ABF550 0C03B8A7 */  jal     func_800EE29C              
/* 018B4 80ABF554 24050078 */  addiu   $a1, $zero, 0x0078         ## $a1 = 00000078
/* 018B8 80ABF558 1040003B */  beq     $v0, $zero, .L80ABF648     
/* 018BC 80ABF55C 02202025 */  or      $a0, $s1, $zero            ## $a0 = 00000000
/* 018C0 80ABF560 0C03B880 */  jal     func_800EE200              
/* 018C4 80ABF564 24050078 */  addiu   $a1, $zero, 0x0078         ## $a1 = 00000078
/* 018C8 80ABF568 00027080 */  sll     $t6, $v0,  2               
/* 018CC 80ABF56C AFA20024 */  sw      $v0, 0x0024($sp)           
/* 018D0 80ABF570 022E1821 */  addu    $v1, $s1, $t6              
/* 018D4 80ABF574 8C641F4C */  lw      $a0, 0x1F4C($v1)           ## 00001F4C
/* 018D8 80ABF578 962F1F34 */  lhu     $t7, 0x1F34($s1)           ## 00001F34
/* 018DC 80ABF57C 3C1980AC */  lui     $t9, %hi(D_80AC0260)       ## $t9 = 80AC0000
/* 018E0 80ABF580 94980002 */  lhu     $t8, 0x0002($a0)           ## 00000002
/* 018E4 80ABF584 55F8001C */  bnel    $t7, $t8, .L80ABF5F8       
/* 018E8 80ABF588 02002025 */  or      $a0, $s0, $zero            ## $a0 = 00000000
/* 018EC 80ABF58C 94850000 */  lhu     $a1, 0x0000($a0)           ## 00000000
/* 018F0 80ABF590 97390260 */  lhu     $t9, %lo(D_80AC0260)($t9)  
/* 018F4 80ABF594 3C0180AC */  lui     $at, %hi(D_80AC0260)       ## $at = 80AC0000
/* 018F8 80ABF598 53250017 */  beql    $t9, $a1, .L80ABF5F8       
/* 018FC 80ABF59C 02002025 */  or      $a0, $s0, $zero            ## $a0 = 00000000
/* 01900 80ABF5A0 A4250260 */  sh      $a1, %lo(D_80AC0260)($at)  
/* 01904 80ABF5A4 A600033C */  sh      $zero, 0x033C($s0)         ## 0000033C
/* 01908 80ABF5A8 8C681F4C */  lw      $t0, 0x1F4C($v1)           ## 00001F4C
/* 0190C 80ABF5AC 24060001 */  addiu   $a2, $zero, 0x0001         ## $a2 = 00000001
/* 01910 80ABF5B0 24010002 */  addiu   $at, $zero, 0x0002         ## $at = 00000002
/* 01914 80ABF5B4 95040000 */  lhu     $a0, 0x0000($t0)           ## 00000000
/* 01918 80ABF5B8 00C02825 */  or      $a1, $a2, $zero            ## $a1 = 00000001
/* 0191C 80ABF5BC 50860006 */  beql    $a0, $a2, .L80ABF5D8       
/* 01920 80ABF5C0 A606033A */  sh      $a2, 0x033A($s0)           ## 0000033A
/* 01924 80ABF5C4 10810008 */  beq     $a0, $at, .L80ABF5E8       
/* 01928 80ABF5C8 24050004 */  addiu   $a1, $zero, 0x0004         ## $a1 = 00000004
/* 0192C 80ABF5CC 1000000A */  beq     $zero, $zero, .L80ABF5F8   
/* 01930 80ABF5D0 02002025 */  or      $a0, $s0, $zero            ## $a0 = 00000000
/* 01934 80ABF5D4 A606033A */  sh      $a2, 0x033A($s0)           ## 0000033A
.L80ABF5D8:
/* 01938 80ABF5D8 0C2AF74B */  jal     func_80ABDD2C              
/* 0193C 80ABF5DC 02002025 */  or      $a0, $s0, $zero            ## $a0 = 00000000
/* 01940 80ABF5E0 10000005 */  beq     $zero, $zero, .L80ABF5F8   
/* 01944 80ABF5E4 02002025 */  or      $a0, $s0, $zero            ## $a0 = 00000000
.L80ABF5E8:
/* 01948 80ABF5E8 A600033A */  sh      $zero, 0x033A($s0)         ## 0000033A
/* 0194C 80ABF5EC 0C2AF74B */  jal     func_80ABDD2C              
/* 01950 80ABF5F0 02002025 */  or      $a0, $s0, $zero            ## $a0 = 00000000
/* 01954 80ABF5F4 02002025 */  or      $a0, $s0, $zero            ## $a0 = 00000000
.L80ABF5F8:
/* 01958 80ABF5F8 02202825 */  or      $a1, $s1, $zero            ## $a1 = 00000000
/* 0195C 80ABF5FC 0C03B7C9 */  jal     func_800EDF24              
/* 01960 80ABF600 8FA60024 */  lw      $a2, 0x0024($sp)           
/* 01964 80ABF604 3C0980AC */  lui     $t1, %hi(D_80AC0260)       ## $t1 = 80AC0000
/* 01968 80ABF608 95290260 */  lhu     $t1, %lo(D_80AC0260)($t1)  
/* 0196C 80ABF60C 24010002 */  addiu   $at, $zero, 0x0002         ## $at = 00000002
/* 01970 80ABF610 5521001E */  bnel    $t1, $at, .L80ABF68C       
/* 01974 80ABF614 8FBF001C */  lw      $ra, 0x001C($sp)           
/* 01978 80ABF618 860A033C */  lh      $t2, 0x033C($s0)           ## 0000033C
/* 0197C 80ABF61C 26040144 */  addiu   $a0, $s0, 0x0144           ## $a0 = 00000144
/* 01980 80ABF620 5540001A */  bnel    $t2, $zero, .L80ABF68C     
/* 01984 80ABF624 8FBF001C */  lw      $ra, 0x001C($sp)           
/* 01988 80ABF628 0C04DE2E */  jal     func_801378B8              
/* 0198C 80ABF62C 8E050154 */  lw      $a1, 0x0154($s0)           ## 00000154
/* 01990 80ABF630 10400015 */  beq     $v0, $zero, .L80ABF688     
/* 01994 80ABF634 02002025 */  or      $a0, $s0, $zero            ## $a0 = 00000000
/* 01998 80ABF638 0C2AF74B */  jal     func_80ABDD2C              
/* 0199C 80ABF63C 24050007 */  addiu   $a1, $zero, 0x0007         ## $a1 = 00000007
/* 019A0 80ABF640 10000012 */  beq     $zero, $zero, .L80ABF68C   
/* 019A4 80ABF644 8FBF001C */  lw      $ra, 0x001C($sp)           
.L80ABF648:
/* 019A8 80ABF648 8E221CCC */  lw      $v0, 0x1CCC($s1)           ## 00001CCC
/* 019AC 80ABF64C 02002025 */  or      $a0, $s0, $zero            ## $a0 = 00000000
/* 019B0 80ABF650 02202825 */  or      $a1, $s1, $zero            ## $a1 = 00000000
/* 019B4 80ABF654 8C4B0A6C */  lw      $t3, 0x0A6C($v0)           ## 00000A6C
/* 019B8 80ABF658 3C064348 */  lui     $a2, 0x4348                ## $a2 = 43480000
/* 019BC 80ABF65C 2407FFFF */  addiu   $a3, $zero, 0xFFFF         ## $a3 = FFFFFFFF
/* 019C0 80ABF660 356C0020 */  ori     $t4, $t3, 0x0020           ## $t4 = 00000020
/* 019C4 80ABF664 0C02E178 */  jal     func_800B85E0              
/* 019C8 80ABF668 AC4C0A6C */  sw      $t4, 0x0A6C($v0)           ## 00000A6C
/* 019CC 80ABF66C 240D0063 */  addiu   $t5, $zero, 0x0063         ## $t5 = 00000063
/* 019D0 80ABF670 3C0180AC */  lui     $at, %hi(D_80AC0260)       ## $at = 80AC0000
/* 019D4 80ABF674 24060001 */  addiu   $a2, $zero, 0x0001         ## $a2 = 00000001
/* 019D8 80ABF678 A42D0260 */  sh      $t5, %lo(D_80AC0260)($at)  
/* 019DC 80ABF67C A606033A */  sh      $a2, 0x033A($s0)           ## 0000033A
/* 019E0 80ABF680 0C2AFDA7 */  jal     func_80ABF69C              
/* 019E4 80ABF684 02002025 */  or      $a0, $s0, $zero            ## $a0 = 00000000
.L80ABF688:
/* 019E8 80ABF688 8FBF001C */  lw      $ra, 0x001C($sp)           
.L80ABF68C:
/* 019EC 80ABF68C 8FB00014 */  lw      $s0, 0x0014($sp)           
/* 019F0 80ABF690 8FB10018 */  lw      $s1, 0x0018($sp)           
/* 019F4 80ABF694 03E00008 */  jr      $ra                        
/* 019F8 80ABF698 27BD0028 */  addiu   $sp, $sp, 0x0028           ## $sp = 00000000


glabel func_80ABF69C
/* 019FC 80ABF69C 3C0E80AC */  lui     $t6, %hi(func_80ABF6B0)    ## $t6 = 80AC0000
/* 01A00 80ABF6A0 25CEF6B0 */  addiu   $t6, $t6, %lo(func_80ABF6B0) ## $t6 = 80ABF6B0
/* 01A04 80ABF6A4 AC8E0188 */  sw      $t6, 0x0188($a0)           ## 00000188
/* 01A08 80ABF6A8 03E00008 */  jr      $ra                        
/* 01A0C 80ABF6AC 00000000 */  nop


glabel func_80ABF6B0
/* 01A10 80ABF6B0 27BDFFD8 */  addiu   $sp, $sp, 0xFFD8           ## $sp = FFFFFFD8
/* 01A14 80ABF6B4 AFB00018 */  sw      $s0, 0x0018($sp)           
/* 01A18 80ABF6B8 00808025 */  or      $s0, $a0, $zero            ## $s0 = 00000000
/* 01A1C 80ABF6BC AFBF001C */  sw      $ra, 0x001C($sp)           
/* 01A20 80ABF6C0 8E0E0004 */  lw      $t6, 0x0004($s0)           ## 00000004
/* 01A24 80ABF6C4 8CA31CCC */  lw      $v1, 0x1CCC($a1)           ## 00001CCC
/* 01A28 80ABF6C8 3C010001 */  lui     $at, 0x0001                ## $at = 00010000
/* 01A2C 80ABF6CC 01C17825 */  or      $t7, $t6, $at              ## $t7 = 00010000
/* 01A30 80ABF6D0 AE0F0004 */  sw      $t7, 0x0004($s0)           ## 00000004
/* 01A34 80ABF6D4 AFA5002C */  sw      $a1, 0x002C($sp)           
/* 01A38 80ABF6D8 02002025 */  or      $a0, $s0, $zero            ## $a0 = 00000000
/* 01A3C 80ABF6DC 0C02E134 */  jal     func_800B84D0              
/* 01A40 80ABF6E0 AFA30024 */  sw      $v1, 0x0024($sp)           
/* 01A44 80ABF6E4 10400014 */  beq     $v0, $zero, .L80ABF738     
/* 01A48 80ABF6E8 8FA30024 */  lw      $v1, 0x0024($sp)           
/* 01A4C 80ABF6EC 8C780A6C */  lw      $t8, 0x0A6C($v1)           ## 00000A6C
/* 01A50 80ABF6F0 2401FFDF */  addiu   $at, $zero, 0xFFDF         ## $at = FFFFFFDF
/* 01A54 80ABF6F4 2405334C */  addiu   $a1, $zero, 0x334C         ## $a1 = 0000334C
/* 01A58 80ABF6F8 0301C824 */  and     $t9, $t8, $at              
/* 01A5C 80ABF6FC AC790A6C */  sw      $t9, 0x0A6C($v1)           ## 00000A6C
/* 01A60 80ABF700 8FA4002C */  lw      $a0, 0x002C($sp)           
/* 01A64 80ABF704 0C05462C */  jal     func_801518B0              
/* 01A68 80ABF708 02003025 */  or      $a2, $s0, $zero            ## $a2 = 00000000
/* 01A6C 80ABF70C 8E090004 */  lw      $t1, 0x0004($s0)           ## 00000004
/* 01A70 80ABF710 3C01FFFE */  lui     $at, 0xFFFE                ## $at = FFFE0000
/* 01A74 80ABF714 3421FFFF */  ori     $at, $at, 0xFFFF           ## $at = FFFEFFFF
/* 01A78 80ABF718 2408334C */  addiu   $t0, $zero, 0x334C         ## $t0 = 0000334C
/* 01A7C 80ABF71C 01215024 */  and     $t2, $t1, $at              
/* 01A80 80ABF720 A608033E */  sh      $t0, 0x033E($s0)           ## 0000033E
/* 01A84 80ABF724 AE0A0004 */  sw      $t2, 0x0004($s0)           ## 00000004
/* 01A88 80ABF728 0C2AFBCD */  jal     func_80ABEF34              
/* 01A8C 80ABF72C 02002025 */  or      $a0, $s0, $zero            ## $a0 = 00000000
/* 01A90 80ABF730 10000007 */  beq     $zero, $zero, .L80ABF750   
/* 01A94 80ABF734 8FBF001C */  lw      $ra, 0x001C($sp)           
.L80ABF738:
/* 01A98 80ABF738 02002025 */  or      $a0, $s0, $zero            ## $a0 = 00000000
/* 01A9C 80ABF73C 8FA5002C */  lw      $a1, 0x002C($sp)           
/* 01AA0 80ABF740 3C064348 */  lui     $a2, 0x4348                ## $a2 = 43480000
/* 01AA4 80ABF744 0C02E178 */  jal     func_800B85E0              
/* 01AA8 80ABF748 2407FFFF */  addiu   $a3, $zero, 0xFFFF         ## $a3 = FFFFFFFF
/* 01AAC 80ABF74C 8FBF001C */  lw      $ra, 0x001C($sp)           
.L80ABF750:
/* 01AB0 80ABF750 8FB00018 */  lw      $s0, 0x0018($sp)           
/* 01AB4 80ABF754 27BD0028 */  addiu   $sp, $sp, 0x0028           ## $sp = 00000000
/* 01AB8 80ABF758 03E00008 */  jr      $ra                        
/* 01ABC 80ABF75C 00000000 */  nop


glabel func_80ABF760
/* 01AC0 80ABF760 3C0E80AC */  lui     $t6, %hi(func_80ABF774)    ## $t6 = 80AC0000
/* 01AC4 80ABF764 25CEF774 */  addiu   $t6, $t6, %lo(func_80ABF774) ## $t6 = 80ABF774
/* 01AC8 80ABF768 AC8E0188 */  sw      $t6, 0x0188($a0)           ## 00000188
/* 01ACC 80ABF76C 03E00008 */  jr      $ra                        
/* 01AD0 80ABF770 00000000 */  nop


glabel func_80ABF774
/* 01AD4 80ABF774 3C02801F */  lui     $v0, 0x801F                ## $v0 = 801F0000
/* 01AD8 80ABF778 2442F670 */  addiu   $v0, $v0, 0xF670           ## $v0 = 801EF670
/* 01ADC 80ABF77C AFA40000 */  sw      $a0, 0x0000($sp)           
/* 01AE0 80ABF780 3C010002 */  lui     $at, 0x0002                ## $at = 00020000
/* 01AE4 80ABF784 00250821 */  addu    $at, $at, $a1              
/* 01AE8 80ABF788 240E6400 */  addiu   $t6, $zero, 0x6400         ## $t6 = 00006400
/* 01AEC 80ABF78C A42E887A */  sh      $t6, -0x7786($at)          ## 0001887A
/* 01AF0 80ABF790 340FFFF5 */  ori     $t7, $zero, 0xFFF5         ## $t7 = 0000FFF5
/* 01AF4 80ABF794 3C010002 */  lui     $at, 0x0002                ## $at = 00020000
/* 01AF8 80ABF798 A44F3F4A */  sh      $t7, 0x3F4A($v0)           ## 801F35BA
/* 01AFC 80ABF79C 00250821 */  addu    $at, $at, $a1              
/* 01B00 80ABF7A0 24180014 */  addiu   $t8, $zero, 0x0014         ## $t8 = 00000014
/* 01B04 80ABF7A4 A0388875 */  sb      $t8, -0x778B($at)          ## 00018875
/* 01B08 80ABF7A8 3C010002 */  lui     $at, 0x0002                ## $at = 00020000
/* 01B0C 80ABF7AC 00250821 */  addu    $at, $at, $a1              
/* 01B10 80ABF7B0 24190040 */  addiu   $t9, $zero, 0x0040         ## $t9 = 00000040
/* 01B14 80ABF7B4 A039887F */  sb      $t9, -0x7781($at)          ## 0001887F
/* 01B18 80ABF7B8 24080002 */  addiu   $t0, $zero, 0x0002         ## $t0 = 00000002
/* 01B1C 80ABF7BC A0483F55 */  sb      $t0, 0x3F55($v0)           ## 801F35C5
/* 01B20 80ABF7C0 03E00008 */  jr      $ra                        
/* 01B24 80ABF7C4 00000000 */  nop


glabel func_80ABF7C8
/* 01B28 80ABF7C8 27BDFFC0 */  addiu   $sp, $sp, 0xFFC0           ## $sp = FFFFFFC0
/* 01B2C 80ABF7CC AFB00018 */  sw      $s0, 0x0018($sp)           
/* 01B30 80ABF7D0 00808025 */  or      $s0, $a0, $zero            ## $s0 = 00000000
/* 01B34 80ABF7D4 AFBF001C */  sw      $ra, 0x001C($sp)           
/* 01B38 80ABF7D8 00A03825 */  or      $a3, $a1, $zero            ## $a3 = 00000000
/* 01B3C 80ABF7DC 86020332 */  lh      $v0, 0x0332($s0)           ## 00000332
/* 01B40 80ABF7E0 3C03801F */  lui     $v1, 0x801F                ## $v1 = 801F0000
/* 01B44 80ABF7E4 2463F670 */  addiu   $v1, $v1, 0xF670           ## $v1 = 801EF670
/* 01B48 80ABF7E8 10400008 */  beq     $v0, $zero, .L80ABF80C     
/* 01B4C 80ABF7EC 24010001 */  addiu   $at, $zero, 0x0001         ## $at = 00000001
/* 01B50 80ABF7F0 1041008F */  beq     $v0, $at, .L80ABFA30       
/* 01B54 80ABF7F4 3C03801F */  lui     $v1, 0x801F                ## $v1 = 801F0000
/* 01B58 80ABF7F8 24040002 */  addiu   $a0, $zero, 0x0002         ## $a0 = 00000002
/* 01B5C 80ABF7FC 104400EB */  beq     $v0, $a0, .L80ABFBAC       
/* 01B60 80ABF800 24053335 */  addiu   $a1, $zero, 0x3335         ## $a1 = 00003335
/* 01B64 80ABF804 10000120 */  beq     $zero, $zero, .L80ABFC88   
/* 01B68 80ABF808 00E02025 */  or      $a0, $a3, $zero            ## $a0 = 00000000
.L80ABF80C:
/* 01B6C 80ABF80C 906E0020 */  lbu     $t6, 0x0020($v1)           ## 801F0020
/* 01B70 80ABF810 24010004 */  addiu   $at, $zero, 0x0004         ## $at = 00000004
/* 01B74 80ABF814 51C10021 */  beql    $t6, $at, .L80ABF89C       
/* 01B78 80ABF818 86020336 */  lh      $v0, 0x0336($s0)           ## 00000336
/* 01B7C 80ABF81C 906F0F0D */  lbu     $t7, 0x0F0D($v1)           ## 801F0F0D
/* 01B80 80ABF820 24060003 */  addiu   $a2, $zero, 0x0003         ## $a2 = 00000003
/* 01B84 80ABF824 00E02025 */  or      $a0, $a3, $zero            ## $a0 = 00000000
/* 01B88 80ABF828 31F80080 */  andi    $t8, $t7, 0x0080           ## $t8 = 00000000
/* 01B8C 80ABF82C 13000010 */  beq     $t8, $zero, .L80ABF870     
/* 01B90 80ABF830 24053335 */  addiu   $a1, $zero, 0x3335         ## $a1 = 00003335
/* 01B94 80ABF834 02002025 */  or      $a0, $s0, $zero            ## $a0 = 00000000
/* 01B98 80ABF838 24050003 */  addiu   $a1, $zero, 0x0003         ## $a1 = 00000003
/* 01B9C 80ABF83C 0C2AFF2B */  jal     func_80ABFCAC              
/* 01BA0 80ABF840 AFA70044 */  sw      $a3, 0x0044($sp)           
/* 01BA4 80ABF844 8FA40044 */  lw      $a0, 0x0044($sp)           
/* 01BA8 80ABF848 24053337 */  addiu   $a1, $zero, 0x3337         ## $a1 = 00003337
/* 01BAC 80ABF84C 0C05462C */  jal     func_801518B0              
/* 01BB0 80ABF850 02003025 */  or      $a2, $s0, $zero            ## $a2 = 00000000
/* 01BB4 80ABF854 8FA40044 */  lw      $a0, 0x0044($sp)           
/* 01BB8 80ABF858 24193337 */  addiu   $t9, $zero, 0x3337         ## $t9 = 00003337
/* 01BBC 80ABF85C A619033E */  sh      $t9, 0x033E($s0)           ## 0000033E
/* 01BC0 80ABF860 0C0546ED */  jal     func_80151BB4              
/* 01BC4 80ABF864 24050005 */  addiu   $a1, $zero, 0x0005         ## $a1 = 00000005
/* 01BC8 80ABF868 1000010C */  beq     $zero, $zero, .L80ABFC9C   
/* 01BCC 80ABF86C 8FBF001C */  lw      $ra, 0x001C($sp)           
.L80ABF870:
/* 01BD0 80ABF870 0C05462C */  jal     func_801518B0              
/* 01BD4 80ABF874 02003025 */  or      $a2, $s0, $zero            ## $a2 = 00000000
/* 01BD8 80ABF878 3C03801F */  lui     $v1, 0x801F                ## $v1 = 801F0000
/* 01BDC 80ABF87C 24083335 */  addiu   $t0, $zero, 0x3335         ## $t0 = 00003335
/* 01BE0 80ABF880 2463F670 */  addiu   $v1, $v1, 0xF670           ## $v1 = 801EF670
/* 01BE4 80ABF884 A608033E */  sh      $t0, 0x033E($s0)           ## 0000033E
/* 01BE8 80ABF888 90690F0D */  lbu     $t1, 0x0F0D($v1)           ## 801F057D
/* 01BEC 80ABF88C 352A0080 */  ori     $t2, $t1, 0x0080           ## $t2 = 00000080
/* 01BF0 80ABF890 10000101 */  beq     $zero, $zero, .L80ABFC98   
/* 01BF4 80ABF894 A06A0F0D */  sb      $t2, 0x0F0D($v1)           ## 801F057D
/* 01BF8 80ABF898 86020336 */  lh      $v0, 0x0336($s0)           ## 00000336
.L80ABF89C:
/* 01BFC 80ABF89C 24040002 */  addiu   $a0, $zero, 0x0002         ## $a0 = 00000002
/* 01C00 80ABF8A0 14400020 */  bne     $v0, $zero, .L80ABF924     
/* 01C04 80ABF8A4 00000000 */  nop
/* 01C08 80ABF8A8 90620F0D */  lbu     $v0, 0x0F0D($v1)           ## 801F057D
/* 01C0C 80ABF8AC 00E02025 */  or      $a0, $a3, $zero            ## $a0 = 00000000
/* 01C10 80ABF8B0 24053338 */  addiu   $a1, $zero, 0x3338         ## $a1 = 00003338
/* 01C14 80ABF8B4 304B0040 */  andi    $t3, $v0, 0x0040           ## $t3 = 00000000
/* 01C18 80ABF8B8 11600010 */  beq     $t3, $zero, .L80ABF8FC     
/* 01C1C 80ABF8BC 304C0020 */  andi    $t4, $v0, 0x0020           ## $t4 = 00000000
/* 01C20 80ABF8C0 15800008 */  bne     $t4, $zero, .L80ABF8E4     
/* 01C24 80ABF8C4 00E02025 */  or      $a0, $a3, $zero            ## $a0 = 00000000
/* 01C28 80ABF8C8 00E02025 */  or      $a0, $a3, $zero            ## $a0 = 00000000
/* 01C2C 80ABF8CC 24053346 */  addiu   $a1, $zero, 0x3346         ## $a1 = 00003346
/* 01C30 80ABF8D0 0C05462C */  jal     func_801518B0              
/* 01C34 80ABF8D4 02003025 */  or      $a2, $s0, $zero            ## $a2 = 00000000
/* 01C38 80ABF8D8 240D3346 */  addiu   $t5, $zero, 0x3346         ## $t5 = 00003346
/* 01C3C 80ABF8DC 100000EE */  beq     $zero, $zero, .L80ABFC98   
/* 01C40 80ABF8E0 A60D033E */  sh      $t5, 0x033E($s0)           ## 0000033E
.L80ABF8E4:
/* 01C44 80ABF8E4 24053347 */  addiu   $a1, $zero, 0x3347         ## $a1 = 00003347
/* 01C48 80ABF8E8 0C05462C */  jal     func_801518B0              
/* 01C4C 80ABF8EC 02003025 */  or      $a2, $s0, $zero            ## $a2 = 00000000
/* 01C50 80ABF8F0 240E3347 */  addiu   $t6, $zero, 0x3347         ## $t6 = 00003347
/* 01C54 80ABF8F4 100000E8 */  beq     $zero, $zero, .L80ABFC98   
/* 01C58 80ABF8F8 A60E033E */  sh      $t6, 0x033E($s0)           ## 0000033E
.L80ABF8FC:
/* 01C5C 80ABF8FC 0C05462C */  jal     func_801518B0              
/* 01C60 80ABF900 02003025 */  or      $a2, $s0, $zero            ## $a2 = 00000000
/* 01C64 80ABF904 3C03801F */  lui     $v1, 0x801F                ## $v1 = 801F0000
/* 01C68 80ABF908 240F3338 */  addiu   $t7, $zero, 0x3338         ## $t7 = 00003338
/* 01C6C 80ABF90C 2463F670 */  addiu   $v1, $v1, 0xF670           ## $v1 = 801EF670
/* 01C70 80ABF910 A60F033E */  sh      $t7, 0x033E($s0)           ## 0000033E
/* 01C74 80ABF914 90780F0D */  lbu     $t8, 0x0F0D($v1)           ## 801F057D
/* 01C78 80ABF918 37190040 */  ori     $t9, $t8, 0x0040           ## $t9 = 00000040
/* 01C7C 80ABF91C 100000DE */  beq     $zero, $zero, .L80ABFC98   
/* 01C80 80ABF920 A0790F0D */  sb      $t9, 0x0F0D($v1)           ## 801F057D
.L80ABF924:
/* 01C84 80ABF924 14820035 */  bne     $a0, $v0, .L80ABF9FC       
/* 01C88 80ABF928 24010003 */  addiu   $at, $zero, 0x0003         ## $at = 00000003
/* 01C8C 80ABF92C 8C6A3E00 */  lw      $t2, 0x3E00($v1)           ## 801F3470
/* 01C90 80ABF930 8C6B3E04 */  lw      $t3, 0x3E04($v1)           ## 801F3474
/* 01C94 80ABF934 02002025 */  or      $a0, $s0, $zero            ## $a0 = 00000000
/* 01C98 80ABF938 AFAA0020 */  sw      $t2, 0x0020($sp)           
/* 01C9C 80ABF93C AFAB0024 */  sw      $t3, 0x0024($sp)           
/* 01CA0 80ABF940 15400003 */  bne     $t2, $zero, .L80ABF950     
/* 01CA4 80ABF944 2D612EE0 */  sltiu   $at, $t3, 0x2EE0           
/* 01CA8 80ABF948 1420000C */  bne     $at, $zero, .L80ABF97C     
/* 01CAC 80ABF94C 8FAF0024 */  lw      $t7, 0x0024($sp)           
.L80ABF950:
/* 01CB0 80ABF950 00002825 */  or      $a1, $zero, $zero          ## $a1 = 00000000
/* 01CB4 80ABF954 00003025 */  or      $a2, $zero, $zero          ## $a2 = 00000000
/* 01CB8 80ABF958 0C2AFF2B */  jal     func_80ABFCAC              
/* 01CBC 80ABF95C AFA70044 */  sw      $a3, 0x0044($sp)           
/* 01CC0 80ABF960 8FA40044 */  lw      $a0, 0x0044($sp)           
/* 01CC4 80ABF964 2405336D */  addiu   $a1, $zero, 0x336D         ## $a1 = 0000336D
/* 01CC8 80ABF968 0C05462C */  jal     func_801518B0              
/* 01CCC 80ABF96C 02003025 */  or      $a2, $s0, $zero            ## $a2 = 00000000
/* 01CD0 80ABF970 240C336D */  addiu   $t4, $zero, 0x336D         ## $t4 = 0000336D
/* 01CD4 80ABF974 1000001A */  beq     $zero, $zero, .L80ABF9E0   
/* 01CD8 80ABF978 A60C033E */  sh      $t4, 0x033E($s0)           ## 0000033E
.L80ABF97C:
/* 01CDC 80ABF97C 8C780EEC */  lw      $t8, 0x0EEC($v1)           ## 00000EEC
/* 01CE0 80ABF980 8FAE0020 */  lw      $t6, 0x0020($sp)           
/* 01CE4 80ABF984 AFAF0034 */  sw      $t7, 0x0034($sp)           
/* 01CE8 80ABF988 01F8082A */  slt     $at, $t7, $t8              
/* 01CEC 80ABF98C 1020000E */  beq     $at, $zero, .L80ABF9C8     
/* 01CF0 80ABF990 AFAE0030 */  sw      $t6, 0x0030($sp)           
/* 01CF4 80ABF994 AC6F0EEC */  sw      $t7, 0x0EEC($v1)           ## 00000EEC
/* 01CF8 80ABF998 02002025 */  or      $a0, $s0, $zero            ## $a0 = 00000000
/* 01CFC 80ABF99C 00002825 */  or      $a1, $zero, $zero          ## $a1 = 00000000
/* 01D00 80ABF9A0 24060003 */  addiu   $a2, $zero, 0x0003         ## $a2 = 00000003
/* 01D04 80ABF9A4 0C2AFF2B */  jal     func_80ABFCAC              
/* 01D08 80ABF9A8 AFA70044 */  sw      $a3, 0x0044($sp)           
/* 01D0C 80ABF9AC 8FA40044 */  lw      $a0, 0x0044($sp)           
/* 01D10 80ABF9B0 24053350 */  addiu   $a1, $zero, 0x3350         ## $a1 = 00003350
/* 01D14 80ABF9B4 0C05462C */  jal     func_801518B0              
/* 01D18 80ABF9B8 02003025 */  or      $a2, $s0, $zero            ## $a2 = 00000000
/* 01D1C 80ABF9BC 24083350 */  addiu   $t0, $zero, 0x3350         ## $t0 = 00003350
/* 01D20 80ABF9C0 10000007 */  beq     $zero, $zero, .L80ABF9E0   
/* 01D24 80ABF9C4 A608033E */  sh      $t0, 0x033E($s0)           ## 0000033E
.L80ABF9C8:
/* 01D28 80ABF9C8 00E02025 */  or      $a0, $a3, $zero            ## $a0 = 00000000
/* 01D2C 80ABF9CC 24053351 */  addiu   $a1, $zero, 0x3351         ## $a1 = 00003351
/* 01D30 80ABF9D0 0C05462C */  jal     func_801518B0              
/* 01D34 80ABF9D4 02003025 */  or      $a2, $s0, $zero            ## $a2 = 00000000
/* 01D38 80ABF9D8 24093351 */  addiu   $t1, $zero, 0x3351         ## $t1 = 00003351
/* 01D3C 80ABF9DC A609033E */  sh      $t1, 0x033E($s0)           ## 0000033E
.L80ABF9E0:
/* 01D40 80ABF9E0 8E0A0004 */  lw      $t2, 0x0004($s0)           ## 00000004
/* 01D44 80ABF9E4 3C01FFFE */  lui     $at, 0xFFFE                ## $at = FFFE0000
/* 01D48 80ABF9E8 3421FFFF */  ori     $at, $at, 0xFFFF           ## $at = FFFEFFFF
/* 01D4C 80ABF9EC 01415824 */  and     $t3, $t2, $at              
/* 01D50 80ABF9F0 A6000336 */  sh      $zero, 0x0336($s0)         ## 00000336
/* 01D54 80ABF9F4 100000A8 */  beq     $zero, $zero, .L80ABFC98   
/* 01D58 80ABF9F8 AE0B0004 */  sw      $t3, 0x0004($s0)           ## 00000004
.L80ABF9FC:
/* 01D5C 80ABF9FC 144100A6 */  bne     $v0, $at, .L80ABFC98       
/* 01D60 80ABFA00 00E02025 */  or      $a0, $a3, $zero            ## $a0 = 00000000
/* 01D64 80ABFA04 24053340 */  addiu   $a1, $zero, 0x3340         ## $a1 = 00003340
/* 01D68 80ABFA08 0C05462C */  jal     func_801518B0              
/* 01D6C 80ABFA0C 02003025 */  or      $a2, $s0, $zero            ## $a2 = 00000000
/* 01D70 80ABFA10 8E0D0004 */  lw      $t5, 0x0004($s0)           ## 00000004
/* 01D74 80ABFA14 3C01FFFE */  lui     $at, 0xFFFE                ## $at = FFFE0000
/* 01D78 80ABFA18 3421FFFF */  ori     $at, $at, 0xFFFF           ## $at = FFFEFFFF
/* 01D7C 80ABFA1C 240C3340 */  addiu   $t4, $zero, 0x3340         ## $t4 = 00003340
/* 01D80 80ABFA20 01A1C024 */  and     $t8, $t5, $at              
/* 01D84 80ABFA24 A60C033E */  sh      $t4, 0x033E($s0)           ## 0000033E
/* 01D88 80ABFA28 1000009B */  beq     $zero, $zero, .L80ABFC98   
/* 01D8C 80ABFA2C AE180004 */  sw      $t8, 0x0004($s0)           ## 00000004
.L80ABFA30:
/* 01D90 80ABFA30 2463F670 */  addiu   $v1, $v1, 0xF670           ## $v1 = FFFFF670
/* 01D94 80ABFA34 906E0020 */  lbu     $t6, 0x0020($v1)           ## FFFFF690
/* 01D98 80ABFA38 24010004 */  addiu   $at, $zero, 0x0004         ## $at = 00000004
/* 01D9C 80ABFA3C 51C10021 */  beql    $t6, $at, .L80ABFAC4       
/* 01DA0 80ABFA40 86020336 */  lh      $v0, 0x0336($s0)           ## 00000336
/* 01DA4 80ABFA44 906F0F0D */  lbu     $t7, 0x0F0D($v1)           ## 0000057D
/* 01DA8 80ABFA48 24060003 */  addiu   $a2, $zero, 0x0003         ## $a2 = 00000003
/* 01DAC 80ABFA4C 00E02025 */  or      $a0, $a3, $zero            ## $a0 = 00000000
/* 01DB0 80ABFA50 31F90080 */  andi    $t9, $t7, 0x0080           ## $t9 = 00000000
/* 01DB4 80ABFA54 13200010 */  beq     $t9, $zero, .L80ABFA98     
/* 01DB8 80ABFA58 24053335 */  addiu   $a1, $zero, 0x3335         ## $a1 = 00003335
/* 01DBC 80ABFA5C 02002025 */  or      $a0, $s0, $zero            ## $a0 = 00000000
/* 01DC0 80ABFA60 24050003 */  addiu   $a1, $zero, 0x0003         ## $a1 = 00000003
/* 01DC4 80ABFA64 0C2AFF2B */  jal     func_80ABFCAC              
/* 01DC8 80ABFA68 AFA70044 */  sw      $a3, 0x0044($sp)           
/* 01DCC 80ABFA6C 8FA40044 */  lw      $a0, 0x0044($sp)           
/* 01DD0 80ABFA70 24053337 */  addiu   $a1, $zero, 0x3337         ## $a1 = 00003337
/* 01DD4 80ABFA74 0C05462C */  jal     func_801518B0              
/* 01DD8 80ABFA78 02003025 */  or      $a2, $s0, $zero            ## $a2 = 00000000
/* 01DDC 80ABFA7C 8FA40044 */  lw      $a0, 0x0044($sp)           
/* 01DE0 80ABFA80 24083337 */  addiu   $t0, $zero, 0x3337         ## $t0 = 00003337
/* 01DE4 80ABFA84 A608033E */  sh      $t0, 0x033E($s0)           ## 0000033E
/* 01DE8 80ABFA88 0C0546ED */  jal     func_80151BB4              
/* 01DEC 80ABFA8C 24050005 */  addiu   $a1, $zero, 0x0005         ## $a1 = 00000005
/* 01DF0 80ABFA90 10000082 */  beq     $zero, $zero, .L80ABFC9C   
/* 01DF4 80ABFA94 8FBF001C */  lw      $ra, 0x001C($sp)           
.L80ABFA98:
/* 01DF8 80ABFA98 0C05462C */  jal     func_801518B0              
/* 01DFC 80ABFA9C 02003025 */  or      $a2, $s0, $zero            ## $a2 = 00000000
/* 01E00 80ABFAA0 3C03801F */  lui     $v1, 0x801F                ## $v1 = 801F0000
/* 01E04 80ABFAA4 24093335 */  addiu   $t1, $zero, 0x3335         ## $t1 = 00003335
/* 01E08 80ABFAA8 2463F670 */  addiu   $v1, $v1, 0xF670           ## $v1 = 801EF670
/* 01E0C 80ABFAAC A609033E */  sh      $t1, 0x033E($s0)           ## 0000033E
/* 01E10 80ABFAB0 906A0F0D */  lbu     $t2, 0x0F0D($v1)           ## 801F057D
/* 01E14 80ABFAB4 354B0080 */  ori     $t3, $t2, 0x0080           ## $t3 = 00000080
/* 01E18 80ABFAB8 10000077 */  beq     $zero, $zero, .L80ABFC98   
/* 01E1C 80ABFABC A06B0F0D */  sb      $t3, 0x0F0D($v1)           ## 801F057D
/* 01E20 80ABFAC0 86020336 */  lh      $v0, 0x0336($s0)           ## 00000336
.L80ABFAC4:
/* 01E24 80ABFAC4 24053354 */  addiu   $a1, $zero, 0x3354         ## $a1 = 00003354
/* 01E28 80ABFAC8 02003025 */  or      $a2, $s0, $zero            ## $a2 = 00000000
/* 01E2C 80ABFACC 14400006 */  bne     $v0, $zero, .L80ABFAE8     
/* 01E30 80ABFAD0 24040002 */  addiu   $a0, $zero, 0x0002         ## $a0 = 00000002
/* 01E34 80ABFAD4 0C05462C */  jal     func_801518B0              
/* 01E38 80ABFAD8 00E02025 */  or      $a0, $a3, $zero            ## $a0 = 00000000
/* 01E3C 80ABFADC 240C3354 */  addiu   $t4, $zero, 0x3354         ## $t4 = 00003354
/* 01E40 80ABFAE0 1000006D */  beq     $zero, $zero, .L80ABFC98   
/* 01E44 80ABFAE4 A60C033E */  sh      $t4, 0x033E($s0)           ## 0000033E
.L80ABFAE8:
/* 01E48 80ABFAE8 5482006C */  bnel    $a0, $v0, .L80ABFC9C       
/* 01E4C 80ABFAEC 8FBF001C */  lw      $ra, 0x001C($sp)           
/* 01E50 80ABFAF0 8C6E3E00 */  lw      $t6, 0x3E00($v1)           ## 00003E00
/* 01E54 80ABFAF4 8C6F3E04 */  lw      $t7, 0x3E04($v1)           ## 00003E04
/* 01E58 80ABFAF8 00E02025 */  or      $a0, $a3, $zero            ## $a0 = 00000000
/* 01E5C 80ABFAFC AFAE0020 */  sw      $t6, 0x0020($sp)           
/* 01E60 80ABFB00 AFAF0024 */  sw      $t7, 0x0024($sp)           
/* 01E64 80ABFB04 15C00003 */  bne     $t6, $zero, .L80ABFB14     
/* 01E68 80ABFB08 2DE12EE0 */  sltiu   $at, $t7, 0x2EE0           
/* 01E6C 80ABFB0C 14200007 */  bne     $at, $zero, .L80ABFB2C     
/* 01E70 80ABFB10 8FA90024 */  lw      $t1, 0x0024($sp)           
.L80ABFB14:
/* 01E74 80ABFB14 24053356 */  addiu   $a1, $zero, 0x3356         ## $a1 = 00003356
/* 01E78 80ABFB18 0C05462C */  jal     func_801518B0              
/* 01E7C 80ABFB1C 02003025 */  or      $a2, $s0, $zero            ## $a2 = 00000000
/* 01E80 80ABFB20 240D3356 */  addiu   $t5, $zero, 0x3356         ## $t5 = 00003356
/* 01E84 80ABFB24 1000001A */  beq     $zero, $zero, .L80ABFB90   
/* 01E88 80ABFB28 A60D033E */  sh      $t5, 0x033E($s0)           ## 0000033E
.L80ABFB2C:
/* 01E8C 80ABFB2C 8C6B0EEC */  lw      $t3, 0x0EEC($v1)           ## 00000EEC
/* 01E90 80ABFB30 8FA80020 */  lw      $t0, 0x0020($sp)           
/* 01E94 80ABFB34 AFA90034 */  sw      $t1, 0x0034($sp)           
/* 01E98 80ABFB38 012B082A */  slt     $at, $t1, $t3              
/* 01E9C 80ABFB3C 1020000E */  beq     $at, $zero, .L80ABFB78     
/* 01EA0 80ABFB40 AFA80030 */  sw      $t0, 0x0030($sp)           
/* 01EA4 80ABFB44 AC690EEC */  sw      $t1, 0x0EEC($v1)           ## 00000EEC
/* 01EA8 80ABFB48 02002025 */  or      $a0, $s0, $zero            ## $a0 = 00000000
/* 01EAC 80ABFB4C 00002825 */  or      $a1, $zero, $zero          ## $a1 = 00000000
/* 01EB0 80ABFB50 24060003 */  addiu   $a2, $zero, 0x0003         ## $a2 = 00000003
/* 01EB4 80ABFB54 0C2AFF2B */  jal     func_80ABFCAC              
/* 01EB8 80ABFB58 AFA70044 */  sw      $a3, 0x0044($sp)           
/* 01EBC 80ABFB5C 8FA40044 */  lw      $a0, 0x0044($sp)           
/* 01EC0 80ABFB60 24053350 */  addiu   $a1, $zero, 0x3350         ## $a1 = 00003350
/* 01EC4 80ABFB64 0C05462C */  jal     func_801518B0              
/* 01EC8 80ABFB68 02003025 */  or      $a2, $s0, $zero            ## $a2 = 00000000
/* 01ECC 80ABFB6C 24183350 */  addiu   $t8, $zero, 0x3350         ## $t8 = 00003350
/* 01ED0 80ABFB70 10000007 */  beq     $zero, $zero, .L80ABFB90   
/* 01ED4 80ABFB74 A618033E */  sh      $t8, 0x033E($s0)           ## 0000033E
.L80ABFB78:
/* 01ED8 80ABFB78 00E02025 */  or      $a0, $a3, $zero            ## $a0 = 00000000
/* 01EDC 80ABFB7C 24053351 */  addiu   $a1, $zero, 0x3351         ## $a1 = 00003351
/* 01EE0 80ABFB80 0C05462C */  jal     func_801518B0              
/* 01EE4 80ABFB84 02003025 */  or      $a2, $s0, $zero            ## $a2 = 00000000
/* 01EE8 80ABFB88 24193351 */  addiu   $t9, $zero, 0x3351         ## $t9 = 00003351
/* 01EEC 80ABFB8C A619033E */  sh      $t9, 0x033E($s0)           ## 0000033E
.L80ABFB90:
/* 01EF0 80ABFB90 8E0E0004 */  lw      $t6, 0x0004($s0)           ## 00000004
/* 01EF4 80ABFB94 3C01FFFE */  lui     $at, 0xFFFE                ## $at = FFFE0000
/* 01EF8 80ABFB98 3421FFFF */  ori     $at, $at, 0xFFFF           ## $at = FFFEFFFF
/* 01EFC 80ABFB9C 01C17824 */  and     $t7, $t6, $at              
/* 01F00 80ABFBA0 A6000336 */  sh      $zero, 0x0336($s0)         ## 00000336
/* 01F04 80ABFBA4 1000003C */  beq     $zero, $zero, .L80ABFC98   
/* 01F08 80ABFBA8 AE0F0004 */  sw      $t7, 0x0004($s0)           ## 00000004
.L80ABFBAC:
/* 01F0C 80ABFBAC 86020336 */  lh      $v0, 0x0336($s0)           ## 00000336
/* 01F10 80ABFBB0 24053358 */  addiu   $a1, $zero, 0x3358         ## $a1 = 00003358
/* 01F14 80ABFBB4 02003025 */  or      $a2, $s0, $zero            ## $a2 = 00000000
/* 01F18 80ABFBB8 14400006 */  bne     $v0, $zero, .L80ABFBD4     
/* 01F1C 80ABFBBC 00000000 */  nop
/* 01F20 80ABFBC0 0C05462C */  jal     func_801518B0              
/* 01F24 80ABFBC4 00E02025 */  or      $a0, $a3, $zero            ## $a0 = 00000000
/* 01F28 80ABFBC8 240D3358 */  addiu   $t5, $zero, 0x3358         ## $t5 = 00003358
/* 01F2C 80ABFBCC 10000032 */  beq     $zero, $zero, .L80ABFC98   
/* 01F30 80ABFBD0 A60D033E */  sh      $t5, 0x033E($s0)           ## 0000033E
.L80ABFBD4:
/* 01F34 80ABFBD4 14820030 */  bne     $a0, $v0, .L80ABFC98       
/* 01F38 80ABFBD8 3C03801F */  lui     $v1, 0x801F                ## $v1 = 801F0000
/* 01F3C 80ABFBDC 2463F670 */  addiu   $v1, $v1, 0xF670           ## $v1 = 801EF670
/* 01F40 80ABFBE0 8C683E00 */  lw      $t0, 0x3E00($v1)           ## 801F3470
/* 01F44 80ABFBE4 8C693E04 */  lw      $t1, 0x3E04($v1)           ## 801F3474
/* 01F48 80ABFBE8 00E02025 */  or      $a0, $a3, $zero            ## $a0 = 00000000
/* 01F4C 80ABFBEC AFA80020 */  sw      $t0, 0x0020($sp)           
/* 01F50 80ABFBF0 AFA90024 */  sw      $t1, 0x0024($sp)           
/* 01F54 80ABFBF4 15000003 */  bne     $t0, $zero, .L80ABFC04     
/* 01F58 80ABFBF8 2D212EE0 */  sltiu   $at, $t1, 0x2EE0           
/* 01F5C 80ABFBFC 14200007 */  bne     $at, $zero, .L80ABFC1C     
/* 01F60 80ABFC00 8FB90024 */  lw      $t9, 0x0024($sp)           
.L80ABFC04:
/* 01F64 80ABFC04 24053356 */  addiu   $a1, $zero, 0x3356         ## $a1 = 00003356
/* 01F68 80ABFC08 0C05462C */  jal     func_801518B0              
/* 01F6C 80ABFC0C 02003025 */  or      $a2, $s0, $zero            ## $a2 = 00000000
/* 01F70 80ABFC10 240C3356 */  addiu   $t4, $zero, 0x3356         ## $t4 = 00003356
/* 01F74 80ABFC14 10000015 */  beq     $zero, $zero, .L80ABFC6C   
/* 01F78 80ABFC18 A60C033E */  sh      $t4, 0x033E($s0)           ## 0000033E
.L80ABFC1C:
/* 01F7C 80ABFC1C 8C6F0EEC */  lw      $t7, 0x0EEC($v1)           ## 00000EEC
/* 01F80 80ABFC20 8FB80020 */  lw      $t8, 0x0020($sp)           
/* 01F84 80ABFC24 AFB90034 */  sw      $t9, 0x0034($sp)           
/* 01F88 80ABFC28 032F082A */  slt     $at, $t9, $t7              
/* 01F8C 80ABFC2C 10200009 */  beq     $at, $zero, .L80ABFC54     
/* 01F90 80ABFC30 AFB80030 */  sw      $t8, 0x0030($sp)           
/* 01F94 80ABFC34 AC790EEC */  sw      $t9, 0x0EEC($v1)           ## 00000EEC
/* 01F98 80ABFC38 00E02025 */  or      $a0, $a3, $zero            ## $a0 = 00000000
/* 01F9C 80ABFC3C 2405335D */  addiu   $a1, $zero, 0x335D         ## $a1 = 0000335D
/* 01FA0 80ABFC40 0C05462C */  jal     func_801518B0              
/* 01FA4 80ABFC44 02003025 */  or      $a2, $s0, $zero            ## $a2 = 00000000
/* 01FA8 80ABFC48 240A335D */  addiu   $t2, $zero, 0x335D         ## $t2 = 0000335D
/* 01FAC 80ABFC4C 10000007 */  beq     $zero, $zero, .L80ABFC6C   
/* 01FB0 80ABFC50 A60A033E */  sh      $t2, 0x033E($s0)           ## 0000033E
.L80ABFC54:
/* 01FB4 80ABFC54 00E02025 */  or      $a0, $a3, $zero            ## $a0 = 00000000
/* 01FB8 80ABFC58 2405335E */  addiu   $a1, $zero, 0x335E         ## $a1 = 0000335E
/* 01FBC 80ABFC5C 0C05462C */  jal     func_801518B0              
/* 01FC0 80ABFC60 02003025 */  or      $a2, $s0, $zero            ## $a2 = 00000000
/* 01FC4 80ABFC64 240B335E */  addiu   $t3, $zero, 0x335E         ## $t3 = 0000335E
/* 01FC8 80ABFC68 A60B033E */  sh      $t3, 0x033E($s0)           ## 0000033E
.L80ABFC6C:
/* 01FCC 80ABFC6C 8E080004 */  lw      $t0, 0x0004($s0)           ## 00000004
/* 01FD0 80ABFC70 3C01FFFE */  lui     $at, 0xFFFE                ## $at = FFFE0000
/* 01FD4 80ABFC74 3421FFFF */  ori     $at, $at, 0xFFFF           ## $at = FFFEFFFF
/* 01FD8 80ABFC78 01014824 */  and     $t1, $t0, $at              
/* 01FDC 80ABFC7C A6000336 */  sh      $zero, 0x0336($s0)         ## 00000336
/* 01FE0 80ABFC80 10000005 */  beq     $zero, $zero, .L80ABFC98   
/* 01FE4 80ABFC84 AE090004 */  sw      $t1, 0x0004($s0)           ## 00000004
.L80ABFC88:
/* 01FE8 80ABFC88 0C05462C */  jal     func_801518B0              
/* 01FEC 80ABFC8C 02003025 */  or      $a2, $s0, $zero            ## $a2 = 00000000
/* 01FF0 80ABFC90 240C3335 */  addiu   $t4, $zero, 0x3335         ## $t4 = 00003335
/* 01FF4 80ABFC94 A60C033E */  sh      $t4, 0x033E($s0)           ## 0000033E
.L80ABFC98:
/* 01FF8 80ABFC98 8FBF001C */  lw      $ra, 0x001C($sp)           
.L80ABFC9C:
/* 01FFC 80ABFC9C 8FB00018 */  lw      $s0, 0x0018($sp)           
/* 02000 80ABFCA0 27BD0040 */  addiu   $sp, $sp, 0x0040           ## $sp = 00000000
/* 02004 80ABFCA4 03E00008 */  jr      $ra                        
/* 02008 80ABFCA8 00000000 */  nop


glabel func_80ABFCAC
/* 0200C 80ABFCAC AFA50004 */  sw      $a1, 0x0004($sp)           
/* 02010 80ABFCB0 AFA60008 */  sw      $a2, 0x0008($sp)           
/* 02014 80ABFCB4 00063400 */  sll     $a2, $a2, 16               
/* 02018 80ABFCB8 00052C00 */  sll     $a1, $a1, 16               
/* 0201C 80ABFCBC 00052C03 */  sra     $a1, $a1, 16               
/* 02020 80ABFCC0 00063403 */  sra     $a2, $a2, 16               
/* 02024 80ABFCC4 A485032C */  sh      $a1, 0x032C($a0)           ## 0000032C
/* 02028 80ABFCC8 A4860330 */  sh      $a2, 0x0330($a0)           ## 00000330
/* 0202C 80ABFCCC 03E00008 */  jr      $ra                        
/* 02030 80ABFCD0 00000000 */  nop


glabel func_80ABFCD4
/* 02034 80ABFCD4 27BDFFE8 */  addiu   $sp, $sp, 0xFFE8           ## $sp = FFFFFFE8
/* 02038 80ABFCD8 AFBF0014 */  sw      $ra, 0x0014($sp)           
/* 0203C 80ABFCDC 848E0332 */  lh      $t6, 0x0332($a0)           ## 00000332
/* 02040 80ABFCE0 24010002 */  addiu   $at, $zero, 0x0002         ## $at = 00000002
/* 02044 80ABFCE4 00003025 */  or      $a2, $zero, $zero          ## $a2 = 00000000
/* 02048 80ABFCE8 11C10005 */  beq     $t6, $at, .L80ABFD00       
/* 0204C 80ABFCEC 24050001 */  addiu   $a1, $zero, 0x0001         ## $a1 = 00000001
/* 02050 80ABFCF0 0C2AFF2B */  jal     func_80ABFCAC              
/* 02054 80ABFCF4 00002825 */  or      $a1, $zero, $zero          ## $a1 = 00000000
/* 02058 80ABFCF8 10000004 */  beq     $zero, $zero, .L80ABFD0C   
/* 0205C 80ABFCFC 8FBF0014 */  lw      $ra, 0x0014($sp)           
.L80ABFD00:
/* 02060 80ABFD00 0C2AFF2B */  jal     func_80ABFCAC              
/* 02064 80ABFD04 24060002 */  addiu   $a2, $zero, 0x0002         ## $a2 = 00000002
/* 02068 80ABFD08 8FBF0014 */  lw      $ra, 0x0014($sp)           
.L80ABFD0C:
/* 0206C 80ABFD0C 27BD0018 */  addiu   $sp, $sp, 0x0018           ## $sp = 00000000
/* 02070 80ABFD10 03E00008 */  jr      $ra                        
/* 02074 80ABFD14 00000000 */  nop


glabel func_80ABFD18
/* 02078 80ABFD18 27BDFFD0 */  addiu   $sp, $sp, 0xFFD0           ## $sp = FFFFFFD0
/* 0207C 80ABFD1C AFB00018 */  sw      $s0, 0x0018($sp)           
/* 02080 80ABFD20 00808025 */  or      $s0, $a0, $zero            ## $s0 = 00000000
/* 02084 80ABFD24 AFBF001C */  sw      $ra, 0x001C($sp)           
/* 02088 80ABFD28 AFA50034 */  sw      $a1, 0x0034($sp)           
/* 0208C 80ABFD2C 2606018C */  addiu   $a2, $s0, 0x018C           ## $a2 = 0000018C
/* 02090 80ABFD30 00C02825 */  or      $a1, $a2, $zero            ## $a1 = 0000018C
/* 02094 80ABFD34 AFA60024 */  sw      $a2, 0x0024($sp)           
/* 02098 80ABFD38 0C039F7E */  jal     func_800E7DF8              
/* 0209C 80ABFD3C 02002025 */  or      $a0, $s0, $zero            ## $a0 = 00000000
/* 020A0 80ABFD40 8FA40034 */  lw      $a0, 0x0034($sp)           
/* 020A4 80ABFD44 3C010001 */  lui     $at, 0x0001                ## $at = 00010000
/* 020A8 80ABFD48 34218884 */  ori     $at, $at, 0x8884           ## $at = 00018884
/* 020AC 80ABFD4C 8FA60024 */  lw      $a2, 0x0024($sp)           
/* 020B0 80ABFD50 0C038A4A */  jal     func_800E2928              
/* 020B4 80ABFD54 00812821 */  addu    $a1, $a0, $at              
/* 020B8 80ABFD58 0C04DB34 */  jal     func_80136CD0              
/* 020BC 80ABFD5C 26040144 */  addiu   $a0, $s0, 0x0144           ## $a0 = 00000144
/* 020C0 80ABFD60 0C2AF728 */  jal     func_80ABDCA0              
/* 020C4 80ABFD64 02002025 */  or      $a0, $s0, $zero            ## $a0 = 00000000
/* 020C8 80ABFD68 8E190188 */  lw      $t9, 0x0188($s0)           ## 00000188
/* 020CC 80ABFD6C 02002025 */  or      $a0, $s0, $zero            ## $a0 = 00000000
/* 020D0 80ABFD70 8FA50034 */  lw      $a1, 0x0034($sp)           
/* 020D4 80ABFD74 0320F809 */  jalr    $ra, $t9                   
/* 020D8 80ABFD78 00000000 */  nop
/* 020DC 80ABFD7C 02002025 */  or      $a0, $s0, $zero            ## $a0 = 00000000
/* 020E0 80ABFD80 0C2AF767 */  jal     func_80ABDD9C              
/* 020E4 80ABFD84 8FA50034 */  lw      $a1, 0x0034($sp)           
/* 020E8 80ABFD88 8FBF001C */  lw      $ra, 0x001C($sp)           
/* 020EC 80ABFD8C 8FB00018 */  lw      $s0, 0x0018($sp)           
/* 020F0 80ABFD90 27BD0030 */  addiu   $sp, $sp, 0x0030           ## $sp = 00000000
/* 020F4 80ABFD94 03E00008 */  jr      $ra                        
/* 020F8 80ABFD98 00000000 */  nop


glabel func_80ABFD9C
/* 020FC 80ABFD9C 27BDFFF0 */  addiu   $sp, $sp, 0xFFF0           ## $sp = FFFFFFF0
/* 02100 80ABFDA0 AFA40010 */  sw      $a0, 0x0010($sp)           
/* 02104 80ABFDA4 AFA60018 */  sw      $a2, 0x0018($sp)           
/* 02108 80ABFDA8 AFA7001C */  sw      $a3, 0x001C($sp)           
/* 0210C 80ABFDAC 2401000E */  addiu   $at, $zero, 0x000E         ## $at = 0000000E
/* 02110 80ABFDB0 14A10010 */  bne     $a1, $at, .L80ABFDF4       
/* 02114 80ABFDB4 8FAF0024 */  lw      $t7, 0x0024($sp)           
/* 02118 80ABFDB8 89F901E0 */  lwl     $t9, 0x01E0($t7)           ## 000001E0
/* 0211C 80ABFDBC 99F901E3 */  lwr     $t9, 0x01E3($t7)           ## 000001E3
/* 02120 80ABFDC0 8FA20020 */  lw      $v0, 0x0020($sp)           
/* 02124 80ABFDC4 27AE0004 */  addiu   $t6, $sp, 0x0004           ## $t6 = FFFFFFF4
/* 02128 80ABFDC8 ADD90000 */  sw      $t9, 0x0000($t6)           ## FFFFFFF4
/* 0212C 80ABFDCC 95F901E4 */  lhu     $t9, 0x01E4($t7)           ## 000001E4
/* 02130 80ABFDD0 A5D90004 */  sh      $t9, 0x0004($t6)           ## FFFFFFF8
/* 02134 80ABFDD4 87A90006 */  lh      $t1, 0x0006($sp)           
/* 02138 80ABFDD8 84480000 */  lh      $t0, 0x0000($v0)           ## 00000000
/* 0213C 80ABFDDC 844B0004 */  lh      $t3, 0x0004($v0)           ## 00000004
/* 02140 80ABFDE0 01095021 */  addu    $t2, $t0, $t1              
/* 02144 80ABFDE4 A44A0000 */  sh      $t2, 0x0000($v0)           ## 00000000
/* 02148 80ABFDE8 87AC0004 */  lh      $t4, 0x0004($sp)           
/* 0214C 80ABFDEC 016C6821 */  addu    $t5, $t3, $t4              
/* 02150 80ABFDF0 A44D0004 */  sh      $t5, 0x0004($v0)           ## 00000004
.L80ABFDF4:
/* 02154 80ABFDF4 2401000D */  addiu   $at, $zero, 0x000D         ## $at = 0000000D
/* 02158 80ABFDF8 14A10010 */  bne     $a1, $at, .L80ABFE3C       
/* 0215C 80ABFDFC 8FA20020 */  lw      $v0, 0x0020($sp)           
/* 02160 80ABFE00 8FAF0024 */  lw      $t7, 0x0024($sp)           
/* 02164 80ABFE04 27AE0004 */  addiu   $t6, $sp, 0x0004           ## $t6 = FFFFFFF4
/* 02168 80ABFE08 89F901E6 */  lwl     $t9, 0x01E6($t7)           ## 000001E6
/* 0216C 80ABFE0C 99F901E9 */  lwr     $t9, 0x01E9($t7)           ## 000001E9
/* 02170 80ABFE10 ADD90000 */  sw      $t9, 0x0000($t6)           ## FFFFFFF4
/* 02174 80ABFE14 95F901EA */  lhu     $t9, 0x01EA($t7)           ## 000001EA
/* 02178 80ABFE18 A5D90004 */  sh      $t9, 0x0004($t6)           ## FFFFFFF8
/* 0217C 80ABFE1C 84480000 */  lh      $t0, 0x0000($v0)           ## 00000000
/* 02180 80ABFE20 87A90006 */  lh      $t1, 0x0006($sp)           
/* 02184 80ABFE24 844B0004 */  lh      $t3, 0x0004($v0)           ## 00000004
/* 02188 80ABFE28 01095023 */  subu    $t2, $t0, $t1              
/* 0218C 80ABFE2C A44A0000 */  sh      $t2, 0x0000($v0)           ## 00000000
/* 02190 80ABFE30 87AC0004 */  lh      $t4, 0x0004($sp)           
/* 02194 80ABFE34 016C6823 */  subu    $t5, $t3, $t4              
/* 02198 80ABFE38 A44D0004 */  sh      $t5, 0x0004($v0)           ## 00000004
.L80ABFE3C:
/* 0219C 80ABFE3C 00001025 */  or      $v0, $zero, $zero          ## $v0 = 00000000
/* 021A0 80ABFE40 03E00008 */  jr      $ra                        
/* 021A4 80ABFE44 27BD0010 */  addiu   $sp, $sp, 0x0010           ## $sp = 00000000


glabel func_80ABFE48
/* 021A8 80ABFE48 27BDFFC8 */  addiu   $sp, $sp, 0xFFC8           ## $sp = FFFFFFC8
/* 021AC 80ABFE4C AFA60040 */  sw      $a2, 0x0040($sp)           
/* 021B0 80ABFE50 AFA70044 */  sw      $a3, 0x0044($sp)           
/* 021B4 80ABFE54 27A70028 */  addiu   $a3, $sp, 0x0028           ## $a3 = FFFFFFF0
/* 021B8 80ABFE58 00803025 */  or      $a2, $a0, $zero            ## $a2 = 00000000
/* 021BC 80ABFE5C AFBF0014 */  sw      $ra, 0x0014($sp)           
/* 021C0 80ABFE60 AFA40038 */  sw      $a0, 0x0038($sp)           
/* 021C4 80ABFE64 3C0E80AC */  lui     $t6, %hi(D_80AC0264)       ## $t6 = 80AC0000
/* 021C8 80ABFE68 25CE0264 */  addiu   $t6, $t6, %lo(D_80AC0264)  ## $t6 = 80AC0264
/* 021CC 80ABFE6C 8DD80000 */  lw      $t8, 0x0000($t6)           ## 80AC0264
/* 021D0 80ABFE70 2401000E */  addiu   $at, $zero, 0x000E         ## $at = 0000000E
/* 021D4 80ABFE74 ACF80000 */  sw      $t8, 0x0000($a3)           ## FFFFFFF0
/* 021D8 80ABFE78 8DCF0004 */  lw      $t7, 0x0004($t6)           ## 80AC0268
/* 021DC 80ABFE7C ACEF0004 */  sw      $t7, 0x0004($a3)           ## FFFFFFF4
/* 021E0 80ABFE80 8DD80008 */  lw      $t8, 0x0008($t6)           ## 80AC026C
/* 021E4 80ABFE84 14A10007 */  bne     $a1, $at, .L80ABFEA4       
/* 021E8 80ABFE88 ACF80008 */  sw      $t8, 0x0008($a3)           ## FFFFFFF8
/* 021EC 80ABFE8C 8FA50048 */  lw      $a1, 0x0048($sp)           
/* 021F0 80ABFE90 00E02025 */  or      $a0, $a3, $zero            ## $a0 = FFFFFFF0
/* 021F4 80ABFE94 0C0606A6 */  jal     func_80181A98              
/* 021F8 80ABFE98 24A5003C */  addiu   $a1, $a1, 0x003C           ## $a1 = 0000003C
/* 021FC 80ABFE9C 10000012 */  beq     $zero, $zero, .L80ABFEE8   
/* 02200 80ABFEA0 8FBF0014 */  lw      $ra, 0x0014($sp)           
.L80ABFEA4:
/* 02204 80ABFEA4 24010013 */  addiu   $at, $zero, 0x0013         ## $at = 00000013
/* 02208 80ABFEA8 14A1000E */  bne     $a1, $at, .L80ABFEE4       
/* 0220C 80ABFEAC 8FB90048 */  lw      $t9, 0x0048($sp)           
/* 02210 80ABFEB0 8728033A */  lh      $t0, 0x033A($t9)           ## 0000033A
/* 02214 80ABFEB4 24010001 */  addiu   $at, $zero, 0x0001         ## $at = 00000001
/* 02218 80ABFEB8 3C0ADE00 */  lui     $t2, 0xDE00                ## $t2 = DE000000
/* 0221C 80ABFEBC 5501000A */  bnel    $t0, $at, .L80ABFEE8       
/* 02220 80ABFEC0 8FBF0014 */  lw      $ra, 0x0014($sp)           
/* 02224 80ABFEC4 8CC40000 */  lw      $a0, 0x0000($a2)           ## 00000000
/* 02228 80ABFEC8 8C8302B0 */  lw      $v1, 0x02B0($a0)           ## 000002B0
/* 0222C 80ABFECC 3C0B0600 */  lui     $t3, 0x0600                ## $t3 = 06000000
/* 02230 80ABFED0 256B03B0 */  addiu   $t3, $t3, 0x03B0           ## $t3 = 060003B0
/* 02234 80ABFED4 24690008 */  addiu   $t1, $v1, 0x0008           ## $t1 = 00000008
/* 02238 80ABFED8 AC8902B0 */  sw      $t1, 0x02B0($a0)           ## 000002B0
/* 0223C 80ABFEDC AC6B0004 */  sw      $t3, 0x0004($v1)           ## 00000004
/* 02240 80ABFEE0 AC6A0000 */  sw      $t2, 0x0000($v1)           ## 00000000
.L80ABFEE4:
/* 02244 80ABFEE4 8FBF0014 */  lw      $ra, 0x0014($sp)           
.L80ABFEE8:
/* 02248 80ABFEE8 27BD0038 */  addiu   $sp, $sp, 0x0038           ## $sp = 00000000
/* 0224C 80ABFEEC 03E00008 */  jr      $ra                        
/* 02250 80ABFEF0 00000000 */  nop


glabel func_80ABFEF4
/* 02254 80ABFEF4 27BDFFC0 */  addiu   $sp, $sp, 0xFFC0           ## $sp = FFFFFFC0
/* 02258 80ABFEF8 AFB00028 */  sw      $s0, 0x0028($sp)           
/* 0225C 80ABFEFC 00808025 */  or      $s0, $a0, $zero            ## $s0 = 00000000
/* 02260 80ABFF00 AFBF002C */  sw      $ra, 0x002C($sp)           
/* 02264 80ABFF04 AFA50044 */  sw      $a1, 0x0044($sp)           
/* 02268 80ABFF08 8FAE0044 */  lw      $t6, 0x0044($sp)           
/* 0226C 80ABFF0C 860F0332 */  lh      $t7, 0x0332($s0)           ## 00000332
/* 02270 80ABFF10 24010002 */  addiu   $at, $zero, 0x0002         ## $at = 00000002
/* 02274 80ABFF14 8DC70000 */  lw      $a3, 0x0000($t6)           ## 00000000
/* 02278 80ABFF18 15E10019 */  bne     $t7, $at, .L80ABFF80       
/* 0227C 80ABFF1C 00E03025 */  or      $a2, $a3, $zero            ## $a2 = 00000000
/* 02280 80ABFF20 8CC202B0 */  lw      $v0, 0x02B0($a2)           ## 000002B0
/* 02284 80ABFF24 3C19DA38 */  lui     $t9, 0xDA38                ## $t9 = DA380000
/* 02288 80ABFF28 37390003 */  ori     $t9, $t9, 0x0003           ## $t9 = DA380003
/* 0228C 80ABFF2C 24580008 */  addiu   $t8, $v0, 0x0008           ## $t8 = 00000008
/* 02290 80ABFF30 ACD802B0 */  sw      $t8, 0x02B0($a2)           ## 000002B0
/* 02294 80ABFF34 AC590000 */  sw      $t9, 0x0000($v0)           ## 00000000
/* 02298 80ABFF38 8FA90044 */  lw      $t1, 0x0044($sp)           
/* 0229C 80ABFF3C 8D240000 */  lw      $a0, 0x0000($t1)           ## 00000000
/* 022A0 80ABFF40 AFA60038 */  sw      $a2, 0x0038($sp)           
/* 022A4 80ABFF44 0C060690 */  jal     func_80181A40              
/* 022A8 80ABFF48 AFA20030 */  sw      $v0, 0x0030($sp)           
/* 022AC 80ABFF4C 8FA30030 */  lw      $v1, 0x0030($sp)           
/* 022B0 80ABFF50 8FA60038 */  lw      $a2, 0x0038($sp)           
/* 022B4 80ABFF54 3C0BDE00 */  lui     $t3, 0xDE00                ## $t3 = DE000000
/* 022B8 80ABFF58 AC620004 */  sw      $v0, 0x0004($v1)           ## 00000004
/* 022BC 80ABFF5C 8CC202B0 */  lw      $v0, 0x02B0($a2)           ## 000002B0
/* 022C0 80ABFF60 3C0C0600 */  lui     $t4, 0x0600                ## $t4 = 06000000
/* 022C4 80ABFF64 258C0A20 */  addiu   $t4, $t4, 0x0A20           ## $t4 = 06000A20
/* 022C8 80ABFF68 244A0008 */  addiu   $t2, $v0, 0x0008           ## $t2 = 00000008
/* 022CC 80ABFF6C ACCA02B0 */  sw      $t2, 0x02B0($a2)           ## 000002B0
/* 022D0 80ABFF70 AC4C0004 */  sw      $t4, 0x0004($v0)           ## 00000004
/* 022D4 80ABFF74 AC4B0000 */  sw      $t3, 0x0000($v0)           ## 00000000
/* 022D8 80ABFF78 8FAD0044 */  lw      $t5, 0x0044($sp)           
/* 022DC 80ABFF7C 8DA70000 */  lw      $a3, 0x0000($t5)           ## 00000000
.L80ABFF80:
/* 022E0 80ABFF80 00E02025 */  or      $a0, $a3, $zero            ## $a0 = 00000000
/* 022E4 80ABFF84 0C04B0A3 */  jal     func_8012C28C              
/* 022E8 80ABFF88 AFA60038 */  sw      $a2, 0x0038($sp)           
/* 022EC 80ABFF8C 3C0500FF */  lui     $a1, 0x00FF                ## $a1 = 00FF0000
/* 022F0 80ABFF90 3C078020 */  lui     $a3, 0x8020                ## $a3 = 80200000
/* 022F4 80ABFF94 8FA60038 */  lw      $a2, 0x0038($sp)           
/* 022F8 80ABFF98 24E78180 */  addiu   $a3, $a3, 0x8180           ## $a3 = 801F8180
/* 022FC 80ABFF9C 34A5FFFF */  ori     $a1, $a1, 0xFFFF           ## $a1 = 00FFFFFF
/* 02300 80ABFFA0 3C088000 */  lui     $t0, 0x8000                ## $t0 = 80000000
/* 02304 80ABFFA4 8CC202B0 */  lw      $v0, 0x02B0($a2)           ## 000002B0
/* 02308 80ABFFA8 3C0FDB06 */  lui     $t7, 0xDB06                ## $t7 = DB060000
/* 0230C 80ABFFAC 35EF0020 */  ori     $t7, $t7, 0x0020           ## $t7 = DB060020
/* 02310 80ABFFB0 244E0008 */  addiu   $t6, $v0, 0x0008           ## $t6 = 00000008
/* 02314 80ABFFB4 ACCE02B0 */  sw      $t6, 0x02B0($a2)           ## 000002B0
/* 02318 80ABFFB8 AC4F0000 */  sw      $t7, 0x0000($v0)           ## 00000000
/* 0231C 80ABFFBC 8618032E */  lh      $t8, 0x032E($s0)           ## 0000032E
/* 02320 80ABFFC0 3C0480AC */  lui     $a0, %hi(D_80AC00E8)       ## $a0 = 80AC0000
/* 02324 80ABFFC4 0018C880 */  sll     $t9, $t8,  2               
/* 02328 80ABFFC8 00992021 */  addu    $a0, $a0, $t9              
/* 0232C 80ABFFCC 8C8400E8 */  lw      $a0, %lo(D_80AC00E8)($a0)  
/* 02330 80ABFFD0 00045100 */  sll     $t2, $a0,  4               
/* 02334 80ABFFD4 000A5F02 */  srl     $t3, $t2, 28               
/* 02338 80ABFFD8 000B6080 */  sll     $t4, $t3,  2               
/* 0233C 80ABFFDC 00EC6821 */  addu    $t5, $a3, $t4              
/* 02340 80ABFFE0 8DAE0000 */  lw      $t6, 0x0000($t5)           ## 00000000
/* 02344 80ABFFE4 00854824 */  and     $t1, $a0, $a1              
/* 02348 80ABFFE8 012E7821 */  addu    $t7, $t1, $t6              
/* 0234C 80ABFFEC 01E8C021 */  addu    $t8, $t7, $t0              
/* 02350 80ABFFF0 AC580004 */  sw      $t8, 0x0004($v0)           ## 00000004
/* 02354 80ABFFF4 8CC202B0 */  lw      $v0, 0x02B0($a2)           ## 000002B0
/* 02358 80ABFFF8 3C0ADB06 */  lui     $t2, 0xDB06                ## $t2 = DB060000
/* 0235C 80ABFFFC 354A0024 */  ori     $t2, $t2, 0x0024           ## $t2 = DB060024
/* 02360 80AC0000 24590008 */  addiu   $t9, $v0, 0x0008           ## $t9 = 00000008
/* 02364 80AC0004 ACD902B0 */  sw      $t9, 0x02B0($a2)           ## 000002B0
/* 02368 80AC0008 AC4A0000 */  sw      $t2, 0x0000($v0)           ## 00000000
/* 0236C 80AC000C 860B0330 */  lh      $t3, 0x0330($s0)           ## 00000330
/* 02370 80AC0010 3C0480AC */  lui     $a0, %hi(D_80AC00FC)       ## $a0 = 80AC0000
/* 02374 80AC0014 000B6080 */  sll     $t4, $t3,  2               
/* 02378 80AC0018 008C2021 */  addu    $a0, $a0, $t4              
/* 0237C 80AC001C 8C8400FC */  lw      $a0, %lo(D_80AC00FC)($a0)  
/* 02380 80AC0020 3C0C80AC */  lui     $t4, %hi(func_80ABFD9C)    ## $t4 = 80AC0000
/* 02384 80AC0024 258CFD9C */  addiu   $t4, $t4, %lo(func_80ABFD9C) ## $t4 = 80ABFD9C
/* 02388 80AC0028 00044900 */  sll     $t1, $a0,  4               
/* 0238C 80AC002C 00097702 */  srl     $t6, $t1, 28               
/* 02390 80AC0030 000E7880 */  sll     $t7, $t6,  2               
/* 02394 80AC0034 00EFC021 */  addu    $t8, $a3, $t7              
/* 02398 80AC0038 8F190000 */  lw      $t9, 0x0000($t8)           ## 00000000
/* 0239C 80AC003C 00856824 */  and     $t5, $a0, $a1              
/* 023A0 80AC0040 3C0980AC */  lui     $t1, %hi(func_80ABFE48)    ## $t1 = 80AC0000
/* 023A4 80AC0044 01B95021 */  addu    $t2, $t5, $t9              
/* 023A8 80AC0048 01485821 */  addu    $t3, $t2, $t0              
/* 023AC 80AC004C AC4B0004 */  sw      $t3, 0x0004($v0)           ## 00000004
/* 023B0 80AC0050 8E050148 */  lw      $a1, 0x0148($s0)           ## 00000148
/* 023B4 80AC0054 8E060164 */  lw      $a2, 0x0164($s0)           ## 00000164
/* 023B8 80AC0058 92070146 */  lbu     $a3, 0x0146($s0)           ## 00000146
/* 023BC 80AC005C 2529FE48 */  addiu   $t1, $t1, %lo(func_80ABFE48) ## $t1 = 80ABFE48
/* 023C0 80AC0060 AFA90014 */  sw      $t1, 0x0014($sp)           
/* 023C4 80AC0064 AFB00018 */  sw      $s0, 0x0018($sp)           
/* 023C8 80AC0068 AFAC0010 */  sw      $t4, 0x0010($sp)           
/* 023CC 80AC006C 0C04CFCA */  jal     func_80133F28              
/* 023D0 80AC0070 8FA40044 */  lw      $a0, 0x0044($sp)           
/* 023D4 80AC0074 8FBF002C */  lw      $ra, 0x002C($sp)           
/* 023D8 80AC0078 8FB00028 */  lw      $s0, 0x0028($sp)           
/* 023DC 80AC007C 27BD0040 */  addiu   $sp, $sp, 0x0040           ## $sp = 00000000
/* 023E0 80AC0080 03E00008 */  jr      $ra                        
/* 023E4 80AC0084 00000000 */  nop
/* 023E8 80AC0088 00000000 */  nop
/* 023EC 80AC008C 00000000 */  nop

.section .data

D_80AC0090: .word 0x01A40400, 0x02000039, 0x00B70000, 0x00000340
.word func_80ABDF70
.word func_80ABE188
.word func_80ABFD18
.word func_80ABFEF4
D_80AC00B0: .word \
0x0A000039, 0x20010000, 0x00000000, 0x00000000, \
0x00000000, 0x00000000, 0x00000000, 0x00000100, \
0x0012002E, 0x00000000, 0x00000000
D_80AC00DC: .word 0x00000000, 0x00000000, 0xFF000000
D_80AC00E8: .word \
0x0600FFC8, 0x060107C8, 0x06010FC8, 0x060117C8, \
0x06011FC8
D_80AC00FC: .word 0x060127C8, 0x06012BC8, 0x06012FC8, 0x060133C8
D_80AC010C: .word \
0x06009E58, 0x3F800000, 0x00000000, 0x00000000, \
0x06009E58, 0x3F800000, 0x00000000, 0xC0C00000, \
0x06002A8C, 0x3F800000, 0x00000000, 0x00000000, \
0x06002A8C, 0x3F800000, 0x00000000, 0xC0C00000, \
0x06018948, 0x3F800000, 0x02000000, 0x00000000, \
0x06018948, 0x3F800000, 0x02000000, 0xC0C00000, \
0x0601B76C, 0x3F800000, 0x00000000, 0x00000000, \
0x0601B76C, 0x3F800000, 0x00000000, 0xC0C00000, \
0x06007328, 0x3F800000, 0x00000000, 0x00000000, \
0x06007328, 0x3F800000, 0x00000000, 0xC0C00000, \
0x06014088, 0x3F800000, 0x00000000, 0x00000000, \
0x06014088, 0x3F800000, 0x00000000, 0xC0C00000, \
0x06015B7C, 0x3F800000, 0x02000000, 0x00000000, \
0x06015B7C, 0x3F800000, 0x02000000, 0xC0C00000, \
0x06007D98, 0x3F800000, 0x00000000, 0x00000000, \
0x06007D98, 0x3F800000, 0x00000000, 0xC0C00000, \
0x0600852C, 0x3F800000, 0x00000000, 0x00000000, \
0x0600852C, 0x3F800000, 0x00000000, 0xC0C00000, \
0x06008F6C, 0x3F800000, 0x00000000, 0x00000000, \
0x06008F6C, 0x3F800000, 0x00000000, 0xC0C00000
D_80AC024C: .word 0x00000009
D_80AC0250: .word 0x00000000
D_80AC0254: .word 0x000A0000
D_80AC0258: .word 0x00000000
D_80AC025C: .word 0x00000000
D_80AC0260: .word 0x00630000
D_80AC0264: .word 0x44480000, 0x00000000, 0x00000000

.section .rodata

D_80AC0270: .word 0x402CCCCD
D_80AC0274: .word 0x402CCCCD
D_80AC0278: .word 0xBE4CCCCD
D_80AC027C: .word .L80ABE718
.word .L80ABEB58
.word .L80ABEB58
.word .L80ABEB58
.word .L80ABEB58
.word .L80ABEB58
.word .L80ABEB58
.word .L80ABEB58
.word .L80ABE774
.word .L80ABEB58
.word .L80ABEB58
.word .L80ABEB58
.word .L80ABEB58
.word .L80ABE808
.word .L80ABE888
.word .L80ABEB58
.word .L80ABEB58
.word .L80ABEB58
.word .L80ABEB58
.word .L80ABEB58
.word .L80ABE8F4
.word .L80ABEB58
.word .L80ABEB58
.word .L80ABEB58
.word .L80ABEB58
.word .L80ABEB58
.word .L80ABEB58
.word .L80ABE99C
.word .L80ABEB58
.word .L80ABEA18
.word .L80ABEB58
.word .L80ABEB58
.word .L80ABEAE4
D_80AC0300: .word .L80ABEBF0
.word .L80ABEF20
.word .L80ABEF20
.word .L80ABEC30
.word .L80ABEF20
.word .L80ABEC4C
.word .L80ABEC4C
.word .L80ABEC7C
.word .L80ABECAC
.word .L80ABECC8
.word .L80ABECE0
.word .L80ABECFC
.word .L80ABEF20
.word .L80ABEF20
.word .L80ABED2C
.word .L80ABED5C
.word .L80ABED78
.word .L80ABEF20
.word .L80ABEF20
.word .L80ABEF20
.word .L80ABED94
.word .L80ABEDB0
.word .L80ABEF20
.word .L80ABEDC8
.word .L80ABEF20
.word .L80ABEF20
.word .L80ABEF20
.word .L80ABEDE4
.word .L80ABEDE4
.word .L80ABEE24
.word .L80ABEF20
.word .L80ABEF20
.word .L80ABEF20
.word .L80ABEF20
.word .L80ABEF20
.word .L80ABEEAC
.word .L80ABEF20
.word .L80ABEF20
.word .L80ABEF20
.word .L80ABEF20
.word .L80ABEDE4
.word .L80ABEDE4
.word .L80ABEF20
.word .L80ABEF20
.word .L80ABEF20
.word .L80ABEF20
.word .L80ABEF20
.word .L80ABEF20
.word .L80ABEF20
.word .L80ABEF20
.word .L80ABEF20
.word .L80ABEF20
.word .L80ABEF20
.word .L80ABEF20
.word .L80ABEF20
.word .L80ABEF20
.word .L80ABEE24
D_80AC03E4: .word .L80ABF034
.word .L80ABF034
.word .L80ABF034
.word .L80ABF034
.word .L80ABEFC8
.word .L80ABEFD8
.word .L80ABEFE8


.section .rodata
D_80AC0400:
.incbin "baserom/En_Ma4", 0x2760, 0x00000430
