.include "macro.inc"

# assembler directives
.set noat      # allow manual use of $at
.set noreorder # don't insert nops after branches
.set gp=64     # allow use of 64-bit general purpose registers

.section .text
glabel func_80B7C890
/* 00000 80B7C890 27BDFFC8 */  addiu   $sp, $sp, 0xFFC8           ## $sp = FFFFFFC8
/* 00004 80B7C894 AFB00028 */  sw      $s0, 0x0028($sp)           
/* 00008 80B7C898 44800000 */  mtc1    $zero, $f0                 ## $f0 = 0.00
/* 0000C 80B7C89C 00808025 */  or      $s0, $a0, $zero            ## $s0 = 00000000
/* 00010 80B7C8A0 AFBF002C */  sw      $ra, 0x002C($sp)           
/* 00014 80B7C8A4 AFA5003C */  sw      $a1, 0x003C($sp)           
/* 00018 80B7C8A8 44050000 */  mfc1    $a1, $f0                   
/* 0001C 80B7C8AC 3C06800B */  lui     $a2, 0x800B                ## $a2 = 800B0000
/* 00020 80B7C8B0 44070000 */  mfc1    $a3, $f0                   
/* 00024 80B7C8B4 24C63FC0 */  addiu   $a2, $a2, 0x3FC0           ## $a2 = 800B3FC0
/* 00028 80B7C8B8 0C02CEE9 */  jal     func_800B3BA4              
/* 0002C 80B7C8BC 260400BC */  addiu   $a0, $s0, 0x00BC           ## $a0 = 000000BC
/* 00030 80B7C8C0 3C060600 */  lui     $a2, 0x0600                ## $a2 = 06000000
/* 00034 80B7C8C4 3C070600 */  lui     $a3, 0x0600                ## $a3 = 06000000
/* 00038 80B7C8C8 260E01D4 */  addiu   $t6, $s0, 0x01D4           ## $t6 = 000001D4
/* 0003C 80B7C8CC 260F0240 */  addiu   $t7, $s0, 0x0240           ## $t7 = 00000240
/* 00040 80B7C8D0 24180012 */  addiu   $t8, $zero, 0x0012         ## $t8 = 00000012
/* 00044 80B7C8D4 AFB80018 */  sw      $t8, 0x0018($sp)           
/* 00048 80B7C8D8 AFAF0014 */  sw      $t7, 0x0014($sp)           
/* 0004C 80B7C8DC AFAE0010 */  sw      $t6, 0x0010($sp)           
/* 00050 80B7C8E0 24E701E4 */  addiu   $a3, $a3, 0x01E4           ## $a3 = 060001E4
/* 00054 80B7C8E4 24C61EE8 */  addiu   $a2, $a2, 0x1EE8           ## $a2 = 06001EE8
/* 00058 80B7C8E8 8FA4003C */  lw      $a0, 0x003C($sp)           
/* 0005C 80B7C8EC 0C04DA9F */  jal     func_80136A7C              
/* 00060 80B7C8F0 26050144 */  addiu   $a1, $s0, 0x0144           ## $a1 = 00000144
/* 00064 80B7C8F4 8619001C */  lh      $t9, 0x001C($s0)           ## 0000001C
/* 00068 80B7C8F8 02002025 */  or      $a0, $s0, $zero            ## $a0 = 00000000
/* 0006C 80B7C8FC 3C053D4C */  lui     $a1, 0x3D4C                ## $a1 = 3D4C0000
/* 00070 80B7C900 33288000 */  andi    $t0, $t9, 0x8000           ## $t0 = 00000000
/* 00074 80B7C904 1500000A */  bne     $t0, $zero, .L80B7C930     
/* 00078 80B7C908 00000000 */  nop
/* 0007C 80B7C90C 3C053D23 */  lui     $a1, 0x3D23                ## $a1 = 3D230000
/* 00080 80B7C910 34A5D70A */  ori     $a1, $a1, 0xD70A           ## $a1 = 3D23D70A
/* 00084 80B7C914 0C02D9F8 */  jal     func_800B67E0              
/* 00088 80B7C918 02002025 */  or      $a0, $s0, $zero            ## $a0 = 00000000
/* 0008C 80B7C91C 2409005A */  addiu   $t1, $zero, 0x005A         ## $t1 = 0000005A
/* 00090 80B7C920 240A0001 */  addiu   $t2, $zero, 0x0001         ## $t2 = 00000001
/* 00094 80B7C924 A20900B6 */  sb      $t1, 0x00B6($s0)           ## 000000B6
/* 00098 80B7C928 10000007 */  beq     $zero, $zero, .L80B7C948   
/* 0009C 80B7C92C A20A00B7 */  sb      $t2, 0x00B7($s0)           ## 000000B7
.L80B7C930:
/* 000A0 80B7C930 0C02D9F8 */  jal     func_800B67E0              
/* 000A4 80B7C934 34A5CCCD */  ori     $a1, $a1, 0xCCCD           ## $a1 = 0000CCCD
/* 000A8 80B7C938 240B00B4 */  addiu   $t3, $zero, 0x00B4         ## $t3 = 000000B4
/* 000AC 80B7C93C 240C0003 */  addiu   $t4, $zero, 0x0003         ## $t4 = 00000003
/* 000B0 80B7C940 A20B00B6 */  sb      $t3, 0x00B6($s0)           ## 000000B6
/* 000B4 80B7C944 A20C00B7 */  sb      $t4, 0x00B7($s0)           ## 000000B7
.L80B7C948:
/* 000B8 80B7C948 3C01BF00 */  lui     $at, 0xBF00                ## $at = BF000000
/* 000BC 80B7C94C 44812000 */  mtc1    $at, $f4                   ## $f4 = -0.50
/* 000C0 80B7C950 3C0D80B8 */  lui     $t5, %hi(D_80B7E500)       ## $t5 = 80B80000
/* 000C4 80B7C954 3C02801D */  lui     $v0, 0x801D                ## $v0 = 801D0000
/* 000C8 80B7C958 25ADE500 */  addiu   $t5, $t5, %lo(D_80B7E500)  ## $t5 = 80B7E500
/* 000CC 80B7C95C 240E0002 */  addiu   $t6, $zero, 0x0002         ## $t6 = 00000002
/* 000D0 80B7C960 240F0047 */  addiu   $t7, $zero, 0x0047         ## $t7 = 00000047
/* 000D4 80B7C964 244215B0 */  addiu   $v0, $v0, 0x15B0           ## $v0 = 801D15B0
/* 000D8 80B7C968 AE0D00A0 */  sw      $t5, 0x00A0($s0)           ## 000000A0
/* 000DC 80B7C96C A20E001F */  sb      $t6, 0x001F($s0)           ## 0000001F
/* 000E0 80B7C970 A20F011F */  sb      $t7, 0x011F($s0)           ## 0000011F
/* 000E4 80B7C974 E6040074 */  swc1    $f4, 0x0074($s0)           ## 00000074
/* 000E8 80B7C978 8C590000 */  lw      $t9, 0x0000($v0)           ## 801D15B0
/* 000EC 80B7C97C 44800000 */  mtc1    $zero, $f0                 ## $f0 = 0.00
/* 000F0 80B7C980 26050188 */  addiu   $a1, $s0, 0x0188           ## $a1 = 00000188
/* 000F4 80B7C984 AE1902B0 */  sw      $t9, 0x02B0($s0)           ## 000002B0
/* 000F8 80B7C988 8C580004 */  lw      $t8, 0x0004($v0)           ## 801D15B4
/* 000FC 80B7C98C AE1802B4 */  sw      $t8, 0x02B4($s0)           ## 000002B4
/* 00100 80B7C990 8C590008 */  lw      $t9, 0x0008($v0)           ## 801D15B8
/* 00104 80B7C994 AE1902B8 */  sw      $t9, 0x02B8($s0)           ## 000002B8
/* 00108 80B7C998 8C490000 */  lw      $t1, 0x0000($v0)           ## 801D15B0
/* 0010C 80B7C99C AE0902BC */  sw      $t1, 0x02BC($s0)           ## 000002BC
/* 00110 80B7C9A0 8C480004 */  lw      $t0, 0x0004($v0)           ## 801D15B4
/* 00114 80B7C9A4 AE0802C0 */  sw      $t0, 0x02C0($s0)           ## 000002C0
/* 00118 80B7C9A8 8C490008 */  lw      $t1, 0x0008($v0)           ## 801D15B8
/* 0011C 80B7C9AC A6000308 */  sh      $zero, 0x0308($s0)         ## 00000308
/* 00120 80B7C9B0 A600030C */  sh      $zero, 0x030C($s0)         ## 0000030C
/* 00124 80B7C9B4 A600030E */  sh      $zero, 0x030E($s0)         ## 0000030E
/* 00128 80B7C9B8 A600030A */  sh      $zero, 0x030A($s0)         ## 0000030A
/* 0012C 80B7C9BC E60002F8 */  swc1    $f0, 0x02F8($s0)           ## 000002F8
/* 00130 80B7C9C0 E60002FC */  swc1    $f0, 0x02FC($s0)           ## 000002FC
/* 00134 80B7C9C4 AE0902C4 */  sw      $t1, 0x02C4($s0)           ## 000002C4
/* 00138 80B7C9C8 AFA50030 */  sw      $a1, 0x0030($sp)           
/* 0013C 80B7C9CC 0C038467 */  jal     func_800E119C              
/* 00140 80B7C9D0 8FA4003C */  lw      $a0, 0x003C($sp)           
/* 00144 80B7C9D4 3C0780B8 */  lui     $a3, %hi(D_80B7E520)       ## $a3 = 80B80000
/* 00148 80B7C9D8 8FA50030 */  lw      $a1, 0x0030($sp)           
/* 0014C 80B7C9DC 24E7E520 */  addiu   $a3, $a3, %lo(D_80B7E520)  ## $a3 = 80B7E520
/* 00150 80B7C9E0 8FA4003C */  lw      $a0, 0x003C($sp)           
/* 00154 80B7C9E4 0C0384C3 */  jal     func_800E130C              
/* 00158 80B7C9E8 02003025 */  or      $a2, $s0, $zero            ## $a2 = 00000000
/* 0015C 80B7C9EC 0C2DF28D */  jal     func_80B7CA34              
/* 00160 80B7C9F0 02002025 */  or      $a0, $s0, $zero            ## $a0 = 00000000
/* 00164 80B7C9F4 8FBF002C */  lw      $ra, 0x002C($sp)           
/* 00168 80B7C9F8 8FB00028 */  lw      $s0, 0x0028($sp)           
/* 0016C 80B7C9FC 27BD0038 */  addiu   $sp, $sp, 0x0038           ## $sp = 00000000
/* 00170 80B7CA00 03E00008 */  jr      $ra                        
/* 00174 80B7CA04 00000000 */  nop


glabel func_80B7CA08
/* 00178 80B7CA08 27BDFFE8 */  addiu   $sp, $sp, 0xFFE8           ## $sp = FFFFFFE8
/* 0017C 80B7CA0C AFBF0014 */  sw      $ra, 0x0014($sp)           
/* 00180 80B7CA10 00803025 */  or      $a2, $a0, $zero            ## $a2 = 00000000
/* 00184 80B7CA14 00A03825 */  or      $a3, $a1, $zero            ## $a3 = 00000000
/* 00188 80B7CA18 00E02025 */  or      $a0, $a3, $zero            ## $a0 = 00000000
/* 0018C 80B7CA1C 0C03847B */  jal     func_800E11EC              
/* 00190 80B7CA20 24C50188 */  addiu   $a1, $a2, 0x0188           ## $a1 = 00000188
/* 00194 80B7CA24 8FBF0014 */  lw      $ra, 0x0014($sp)           
/* 00198 80B7CA28 27BD0018 */  addiu   $sp, $sp, 0x0018           ## $sp = 00000000
/* 0019C 80B7CA2C 03E00008 */  jr      $ra                        
/* 001A0 80B7CA30 00000000 */  nop


glabel func_80B7CA34
/* 001A4 80B7CA34 8C8E0004 */  lw      $t6, 0x0004($a0)           ## 00000004
/* 001A8 80B7CA38 2401FFFE */  addiu   $at, $zero, 0xFFFE         ## $at = FFFFFFFE
/* 001AC 80B7CA3C 3C1980B8 */  lui     $t9, %hi(func_80B7CA70)    ## $t9 = 80B80000
/* 001B0 80B7CA40 01C17824 */  and     $t7, $t6, $at              
/* 001B4 80B7CA44 3C01C4FA */  lui     $at, 0xC4FA                ## $at = C4FA0000
/* 001B8 80B7CA48 44812000 */  mtc1    $at, $f4                   ## $f4 = -2000.00
/* 001BC 80B7CA4C 2418000A */  addiu   $t8, $zero, 0x000A         ## $t8 = 0000000A
/* 001C0 80B7CA50 2739CA70 */  addiu   $t9, $t9, %lo(func_80B7CA70) ## $t9 = 80B7CA70
/* 001C4 80B7CA54 AC8F0004 */  sw      $t7, 0x0004($a0)           ## 00000004
/* 001C8 80B7CA58 AC80013C */  sw      $zero, 0x013C($a0)         ## 0000013C
/* 001CC 80B7CA5C A498030A */  sh      $t8, 0x030A($a0)           ## 0000030A
/* 001D0 80B7CA60 AC9902AC */  sw      $t9, 0x02AC($a0)           ## 000002AC
/* 001D4 80B7CA64 E48400C4 */  swc1    $f4, 0x00C4($a0)           ## 000000C4
/* 001D8 80B7CA68 03E00008 */  jr      $ra                        
/* 001DC 80B7CA6C 00000000 */  nop


glabel func_80B7CA70
/* 001E0 80B7CA70 27BDFFD0 */  addiu   $sp, $sp, 0xFFD0           ## $sp = FFFFFFD0
/* 001E4 80B7CA74 AFB00018 */  sw      $s0, 0x0018($sp)           
/* 001E8 80B7CA78 00808025 */  or      $s0, $a0, $zero            ## $s0 = 00000000
/* 001EC 80B7CA7C AFBF001C */  sw      $ra, 0x001C($sp)           
/* 001F0 80B7CA80 AFA50034 */  sw      $a1, 0x0034($sp)           
/* 001F4 80B7CA84 8FAE0034 */  lw      $t6, 0x0034($sp)           
/* 001F8 80B7CA88 26050008 */  addiu   $a1, $s0, 0x0008           ## $a1 = 00000008
/* 001FC 80B7CA8C 8DC41CCC */  lw      $a0, 0x1CCC($t6)           ## 00001CCC
/* 00200 80B7CA90 0C02DB92 */  jal     func_800B6E48              
/* 00204 80B7CA94 AFA50024 */  sw      $a1, 0x0024($sp)           
/* 00208 80B7CA98 3C014348 */  lui     $at, 0x4348                ## $at = 43480000
/* 0020C 80B7CA9C 44812000 */  mtc1    $at, $f4                   ## $f4 = 200.00
/* 00210 80B7CAA0 00000000 */  nop
/* 00214 80B7CAA4 4604003C */  c.lt.s  $f0, $f4                   
/* 00218 80B7CAA8 00000000 */  nop
/* 0021C 80B7CAAC 45020011 */  bc1fl   .L80B7CAF4                 
/* 00220 80B7CAB0 8602030A */  lh      $v0, 0x030A($s0)           ## 0000030A
/* 00224 80B7CAB4 0C04900F */  jal     func_8012403C              
/* 00228 80B7CAB8 8FA40034 */  lw      $a0, 0x0034($sp)           
/* 0022C 80B7CABC 24010010 */  addiu   $at, $zero, 0x0010         ## $at = 00000010
/* 00230 80B7CAC0 5041000C */  beql    $v0, $at, .L80B7CAF4       
/* 00234 80B7CAC4 8602030A */  lh      $v0, 0x030A($s0)           ## 0000030A
/* 00238 80B7CAC8 C600009C */  lwc1    $f0, 0x009C($s0)           ## 0000009C
/* 0023C 80B7CACC 3C0142C8 */  lui     $at, 0x42C8                ## $at = 42C80000
/* 00240 80B7CAD0 44813000 */  mtc1    $at, $f6                   ## $f6 = 100.00
/* 00244 80B7CAD4 46000005 */  abs.s   $f0, $f0                   
/* 00248 80B7CAD8 4606003C */  c.lt.s  $f0, $f6                   
/* 0024C 80B7CADC 00000000 */  nop
/* 00250 80B7CAE0 45020004 */  bc1fl   .L80B7CAF4                 
/* 00254 80B7CAE4 8602030A */  lh      $v0, 0x030A($s0)           ## 0000030A
/* 00258 80B7CAE8 0C2DF38D */  jal     func_80B7CE34              
/* 0025C 80B7CAEC 02002025 */  or      $a0, $s0, $zero            ## $a0 = 00000000
/* 00260 80B7CAF0 8602030A */  lh      $v0, 0x030A($s0)           ## 0000030A
.L80B7CAF4:
/* 00264 80B7CAF4 8FAF0024 */  lw      $t7, 0x0024($sp)           
/* 00268 80B7CAF8 1440000A */  bne     $v0, $zero, .L80B7CB24     
/* 0026C 80B7CAFC 2449FFFF */  addiu   $t1, $v0, 0xFFFF           ## $t1 = FFFFFFFF
/* 00270 80B7CB00 8DF90000 */  lw      $t9, 0x0000($t7)           ## 00000000
/* 00274 80B7CB04 2408FFFF */  addiu   $t0, $zero, 0xFFFF         ## $t0 = FFFFFFFF
/* 00278 80B7CB08 AE190024 */  sw      $t9, 0x0024($s0)           ## 00000024
/* 0027C 80B7CB0C 8DF80004 */  lw      $t8, 0x0004($t7)           ## 00000004
/* 00280 80B7CB10 AE180028 */  sw      $t8, 0x0028($s0)           ## 00000028
/* 00284 80B7CB14 8DF90008 */  lw      $t9, 0x0008($t7)           ## 00000008
/* 00288 80B7CB18 A608030A */  sh      $t0, 0x030A($s0)           ## 0000030A
/* 0028C 80B7CB1C 10000002 */  beq     $zero, $zero, .L80B7CB28   
/* 00290 80B7CB20 AE19002C */  sw      $t9, 0x002C($s0)           ## 0000002C
.L80B7CB24:
/* 00294 80B7CB24 A609030A */  sh      $t1, 0x030A($s0)           ## 0000030A
.L80B7CB28:
/* 00298 80B7CB28 8FBF001C */  lw      $ra, 0x001C($sp)           
/* 0029C 80B7CB2C 8FB00018 */  lw      $s0, 0x0018($sp)           
/* 002A0 80B7CB30 27BD0030 */  addiu   $sp, $sp, 0x0030           ## $sp = 00000000
/* 002A4 80B7CB34 03E00008 */  jr      $ra                        
/* 002A8 80B7CB38 00000000 */  nop


glabel func_80B7CB3C
/* 002AC 80B7CB3C 8C8F02AC */  lw      $t7, 0x02AC($a0)           ## 000002AC
/* 002B0 80B7CB40 44802000 */  mtc1    $zero, $f4                 ## $f4 = 0.00
/* 002B4 80B7CB44 3C0E80B8 */  lui     $t6, %hi(func_80B7CFFC)    ## $t6 = 80B80000
/* 002B8 80B7CB48 25CECFFC */  addiu   $t6, $t6, %lo(func_80B7CFFC) ## $t6 = 80B7CFFC
/* 002BC 80B7CB4C 15CF0004 */  bne     $t6, $t7, .L80B7CB60       
/* 002C0 80B7CB50 E48400C4 */  swc1    $f4, 0x00C4($a0)           ## 000000C4
/* 002C4 80B7CB54 24180014 */  addiu   $t8, $zero, 0x0014         ## $t8 = 00000014
/* 002C8 80B7CB58 10000003 */  beq     $zero, $zero, .L80B7CB68   
/* 002CC 80B7CB5C A498030A */  sh      $t8, 0x030A($a0)           ## 0000030A
.L80B7CB60:
/* 002D0 80B7CB60 2419000A */  addiu   $t9, $zero, 0x000A         ## $t9 = 0000000A
/* 002D4 80B7CB64 A499030A */  sh      $t9, 0x030A($a0)           ## 0000030A
.L80B7CB68:
/* 002D8 80B7CB68 3C013F80 */  lui     $at, 0x3F80                ## $at = 3F800000
/* 002DC 80B7CB6C 44813000 */  mtc1    $at, $f6                   ## $f6 = 1.00
/* 002E0 80B7CB70 3C0880B8 */  lui     $t0, %hi(func_80B7CB88)    ## $t0 = 80B80000
/* 002E4 80B7CB74 2508CB88 */  addiu   $t0, $t0, %lo(func_80B7CB88) ## $t0 = 80B7CB88
/* 002E8 80B7CB78 AC8802AC */  sw      $t0, 0x02AC($a0)           ## 000002AC
/* 002EC 80B7CB7C E4860160 */  swc1    $f6, 0x0160($a0)           ## 00000160
/* 002F0 80B7CB80 03E00008 */  jr      $ra                        
/* 002F4 80B7CB84 00000000 */  nop


glabel func_80B7CB88
/* 002F8 80B7CB88 27BDFFE0 */  addiu   $sp, $sp, 0xFFE0           ## $sp = FFFFFFE0
/* 002FC 80B7CB8C AFB00014 */  sw      $s0, 0x0014($sp)           
/* 00300 80B7CB90 00808025 */  or      $s0, $a0, $zero            ## $s0 = 00000000
/* 00304 80B7CB94 AFBF001C */  sw      $ra, 0x001C($sp)           
/* 00308 80B7CB98 AFB10018 */  sw      $s1, 0x0018($sp)           
/* 0030C 80B7CB9C 00A03025 */  or      $a2, $a1, $zero            ## $a2 = 00000000
/* 00310 80B7CBA0 8CD11CCC */  lw      $s1, 0x1CCC($a2)           ## 00001CCC
/* 00314 80B7CBA4 26050008 */  addiu   $a1, $s0, 0x0008           ## $a1 = 00000008
/* 00318 80B7CBA8 0C02DB92 */  jal     func_800B6E48              
/* 0031C 80B7CBAC 02202025 */  or      $a0, $s1, $zero            ## $a0 = 00000000
/* 00320 80B7CBB0 3C014348 */  lui     $at, 0x4348                ## $at = 43480000
/* 00324 80B7CBB4 44812000 */  mtc1    $at, $f4                   ## $f4 = 200.00
/* 00328 80B7CBB8 46000306 */  mov.s   $f12, $f0                  
/* 0032C 80B7CBBC 4600203C */  c.lt.s  $f4, $f0                   
/* 00330 80B7CBC0 00000000 */  nop
/* 00334 80B7CBC4 45010009 */  bc1t    .L80B7CBEC                 
/* 00338 80B7CBC8 00000000 */  nop
/* 0033C 80B7CBCC C602009C */  lwc1    $f2, 0x009C($s0)           ## 0000009C
/* 00340 80B7CBD0 3C0142C8 */  lui     $at, 0x42C8                ## $at = 42C80000
/* 00344 80B7CBD4 44817000 */  mtc1    $at, $f14                  ## $f14 = 100.00
/* 00348 80B7CBD8 46001085 */  abs.s   $f2, $f2                   
/* 0034C 80B7CBDC 4602703C */  c.lt.s  $f14, $f2                  
/* 00350 80B7CBE0 00000000 */  nop
/* 00354 80B7CBE4 45020006 */  bc1fl   .L80B7CC00                 
/* 00358 80B7CBE8 8602030A */  lh      $v0, 0x030A($s0)           ## 0000030A
.L80B7CBEC:
/* 0035C 80B7CBEC 0C2DF338 */  jal     func_80B7CCE0              
/* 00360 80B7CBF0 02002025 */  or      $a0, $s0, $zero            ## $a0 = 00000000
/* 00364 80B7CBF4 10000032 */  beq     $zero, $zero, .L80B7CCC0   
/* 00368 80B7CBF8 8602030A */  lh      $v0, 0x030A($s0)           ## 0000030A
/* 0036C 80B7CBFC 8602030A */  lh      $v0, 0x030A($s0)           ## 0000030A
.L80B7CC00:
/* 00370 80B7CC00 3C01430C */  lui     $at, 0x430C                ## $at = 430C0000
/* 00374 80B7CC04 1440002E */  bne     $v0, $zero, .L80B7CCC0     
/* 00378 80B7CC08 00000000 */  nop
/* 0037C 80B7CC0C 44813000 */  mtc1    $at, $f6                   ## $f6 = 140.00
/* 00380 80B7CC10 00000000 */  nop
/* 00384 80B7CC14 4606603C */  c.lt.s  $f12, $f6                  
/* 00388 80B7CC18 00000000 */  nop
/* 0038C 80B7CC1C 45000025 */  bc1f    .L80B7CCB4                 
/* 00390 80B7CC20 00000000 */  nop
/* 00394 80B7CC24 460E103C */  c.lt.s  $f2, $f14                  
/* 00398 80B7CC28 00000000 */  nop
/* 0039C 80B7CC2C 45000021 */  bc1f    .L80B7CCB4                 
/* 003A0 80B7CC30 00000000 */  nop
/* 003A4 80B7CC34 8E2F0024 */  lw      $t7, 0x0024($s1)           ## 00000024
/* 003A8 80B7CC38 AE0F02B0 */  sw      $t7, 0x02B0($s0)           ## 000002B0
/* 003AC 80B7CC3C 8E2E0028 */  lw      $t6, 0x0028($s1)           ## 00000028
/* 003B0 80B7CC40 AE0E02B4 */  sw      $t6, 0x02B4($s0)           ## 000002B4
/* 003B4 80B7CC44 8E2F002C */  lw      $t7, 0x002C($s1)           ## 0000002C
/* 003B8 80B7CC48 AE0F02B8 */  sw      $t7, 0x02B8($s0)           ## 000002B8
/* 003BC 80B7CC4C 0C03FB61 */  jal     func_800FED84              
/* 003C0 80B7CC50 86240032 */  lh      $a0, 0x0032($s1)           ## 00000032
/* 003C4 80B7CC54 3C014120 */  lui     $at, 0x4120                ## $at = 41200000
/* 003C8 80B7CC58 44814000 */  mtc1    $at, $f8                   ## $f8 = 10.00
/* 003CC 80B7CC5C C62A0070 */  lwc1    $f10, 0x0070($s1)          ## 00000070
/* 003D0 80B7CC60 C60402B0 */  lwc1    $f4, 0x02B0($s0)           ## 000002B0
/* 003D4 80B7CC64 460A4402 */  mul.s   $f16, $f8, $f10            
/* 003D8 80B7CC68 00000000 */  nop
/* 003DC 80B7CC6C 46008482 */  mul.s   $f18, $f16, $f0            
/* 003E0 80B7CC70 46122180 */  add.s   $f6, $f4, $f18             
/* 003E4 80B7CC74 E60602B0 */  swc1    $f6, 0x02B0($s0)           ## 000002B0
/* 003E8 80B7CC78 0C03FB51 */  jal     func_800FED44              
/* 003EC 80B7CC7C 86240032 */  lh      $a0, 0x0032($s1)           ## 00000032
/* 003F0 80B7CC80 3C014120 */  lui     $at, 0x4120                ## $at = 41200000
/* 003F4 80B7CC84 44814000 */  mtc1    $at, $f8                   ## $f8 = 10.00
/* 003F8 80B7CC88 C62A0070 */  lwc1    $f10, 0x0070($s1)          ## 00000070
/* 003FC 80B7CC8C C61202B8 */  lwc1    $f18, 0x02B8($s0)          ## 000002B8
/* 00400 80B7CC90 02002025 */  or      $a0, $s0, $zero            ## $a0 = 00000000
/* 00404 80B7CC94 460A4402 */  mul.s   $f16, $f8, $f10            
/* 00408 80B7CC98 00000000 */  nop
/* 0040C 80B7CC9C 46008102 */  mul.s   $f4, $f16, $f0             
/* 00410 80B7CCA0 46049180 */  add.s   $f6, $f18, $f4             
/* 00414 80B7CCA4 0C2DF3E8 */  jal     func_80B7CFA0              
/* 00418 80B7CCA8 E60602B8 */  swc1    $f6, 0x02B8($s0)           ## 000002B8
/* 0041C 80B7CCAC 10000004 */  beq     $zero, $zero, .L80B7CCC0   
/* 00420 80B7CCB0 8602030A */  lh      $v0, 0x030A($s0)           ## 0000030A
.L80B7CCB4:
/* 00424 80B7CCB4 0C2DF44C */  jal     func_80B7D130              
/* 00428 80B7CCB8 02002025 */  or      $a0, $s0, $zero            ## $a0 = 00000000
/* 0042C 80B7CCBC 8602030A */  lh      $v0, 0x030A($s0)           ## 0000030A
.L80B7CCC0:
/* 00430 80B7CCC0 10400002 */  beq     $v0, $zero, .L80B7CCCC     
/* 00434 80B7CCC4 2458FFFF */  addiu   $t8, $v0, 0xFFFF           ## $t8 = FFFFFFFF
/* 00438 80B7CCC8 A618030A */  sh      $t8, 0x030A($s0)           ## 0000030A
.L80B7CCCC:
/* 0043C 80B7CCCC 8FBF001C */  lw      $ra, 0x001C($sp)           
/* 00440 80B7CCD0 8FB00014 */  lw      $s0, 0x0014($sp)           
/* 00444 80B7CCD4 8FB10018 */  lw      $s1, 0x0018($sp)           
/* 00448 80B7CCD8 03E00008 */  jr      $ra                        
/* 0044C 80B7CCDC 27BD0020 */  addiu   $sp, $sp, 0x0020           ## $sp = 00000000


glabel func_80B7CCE0
/* 00450 80B7CCE0 27BDFFE8 */  addiu   $sp, $sp, 0xFFE8           ## $sp = FFFFFFE8
/* 00454 80B7CCE4 AFBF0014 */  sw      $ra, 0x0014($sp)           
/* 00458 80B7CCE8 3C014000 */  lui     $at, 0x4000                ## $at = 40000000
/* 0045C 80B7CCEC 44802000 */  mtc1    $zero, $f4                 ## $f4 = 0.00
/* 00460 80B7CCF0 44813000 */  mtc1    $at, $f6                   ## $f6 = 2.00
/* 00464 80B7CCF4 24053987 */  addiu   $a1, $zero, 0x3987         ## $a1 = 00003987
/* 00468 80B7CCF8 E48402F8 */  swc1    $f4, 0x02F8($a0)           ## 000002F8
/* 0046C 80B7CCFC E4860160 */  swc1    $f6, 0x0160($a0)           ## 00000160
/* 00470 80B7CD00 0C02E3B2 */  jal     func_800B8EC8              
/* 00474 80B7CD04 AFA40018 */  sw      $a0, 0x0018($sp)           
/* 00478 80B7CD08 8FA40018 */  lw      $a0, 0x0018($sp)           
/* 0047C 80B7CD0C 3C0E80B8 */  lui     $t6, %hi(func_80B7CD28)    ## $t6 = 80B80000
/* 00480 80B7CD10 25CECD28 */  addiu   $t6, $t6, %lo(func_80B7CD28) ## $t6 = 80B7CD28
/* 00484 80B7CD14 AC8E02AC */  sw      $t6, 0x02AC($a0)           ## 000002AC
/* 00488 80B7CD18 8FBF0014 */  lw      $ra, 0x0014($sp)           
/* 0048C 80B7CD1C 27BD0018 */  addiu   $sp, $sp, 0x0018           ## $sp = 00000000
/* 00490 80B7CD20 03E00008 */  jr      $ra                        
/* 00494 80B7CD24 00000000 */  nop


glabel func_80B7CD28
/* 00498 80B7CD28 27BDFFC8 */  addiu   $sp, $sp, 0xFFC8           ## $sp = FFFFFFC8
/* 0049C 80B7CD2C AFB00030 */  sw      $s0, 0x0030($sp)           
/* 004A0 80B7CD30 00808025 */  or      $s0, $a0, $zero            ## $s0 = 00000000
/* 004A4 80B7CD34 AFBF0034 */  sw      $ra, 0x0034($sp)           
/* 004A8 80B7CD38 AFA5003C */  sw      $a1, 0x003C($sp)           
/* 004AC 80B7CD3C 3C014120 */  lui     $at, 0x4120                ## $at = 41200000
/* 004B0 80B7CD40 44812000 */  mtc1    $at, $f4                   ## $f4 = 10.00
/* 004B4 80B7CD44 8E0702F8 */  lw      $a3, 0x02F8($s0)           ## 000002F8
/* 004B8 80B7CD48 260400C4 */  addiu   $a0, $s0, 0x00C4           ## $a0 = 000000C4
/* 004BC 80B7CD4C 3C05C4FA */  lui     $a1, 0xC4FA                ## $a1 = C4FA0000
/* 004C0 80B7CD50 3C063F00 */  lui     $a2, 0x3F00                ## $a2 = 3F000000
/* 004C4 80B7CD54 0C03FF36 */  jal     func_800FFCD8              
/* 004C8 80B7CD58 E7A40010 */  swc1    $f4, 0x0010($sp)           
/* 004CC 80B7CD5C 44803000 */  mtc1    $zero, $f6                 ## $f6 = 0.00
/* 004D0 80B7CD60 8FA4003C */  lw      $a0, 0x003C($sp)           
/* 004D4 80B7CD64 3C0E0002 */  lui     $t6, 0x0002                ## $t6 = 00020000
/* 004D8 80B7CD68 46060032 */  c.eq.s  $f0, $f6                   
/* 004DC 80B7CD6C 01C47021 */  addu    $t6, $t6, $a0              
/* 004E0 80B7CD70 45020006 */  bc1fl   .L80B7CD8C                 
/* 004E4 80B7CD74 8DCE8840 */  lw      $t6, -0x77C0($t6)          ## 00018840
/* 004E8 80B7CD78 0C2DF28D */  jal     func_80B7CA34              
/* 004EC 80B7CD7C 02002025 */  or      $a0, $s0, $zero            ## $a0 = 00000000
/* 004F0 80B7CD80 10000014 */  beq     $zero, $zero, .L80B7CDD4   
/* 004F4 80B7CD84 3C014396 */  lui     $at, 0x4396                ## $at = 43960000
/* 004F8 80B7CD88 8DCE8840 */  lw      $t6, -0x77C0($t6)          ## FFFF8840
.L80B7CD8C:
/* 004FC 80B7CD8C 02002825 */  or      $a1, $s0, $zero            ## $a1 = 00000000
/* 00500 80B7CD90 26060024 */  addiu   $a2, $s0, 0x0024           ## $a2 = 00000024
/* 00504 80B7CD94 31CF0003 */  andi    $t7, $t6, 0x0003           ## $t7 = 00000000
/* 00508 80B7CD98 15E0000D */  bne     $t7, $zero, .L80B7CDD0     
/* 0050C 80B7CD9C 24180001 */  addiu   $t8, $zero, 0x0001         ## $t8 = 00000001
/* 00510 80B7CDA0 8E0700CC */  lw      $a3, 0x00CC($s0)           ## 000000CC
/* 00514 80B7CDA4 3C014100 */  lui     $at, 0x4100                ## $at = 41000000
/* 00518 80B7CDA8 44814000 */  mtc1    $at, $f8                   ## $f8 = 8.00
/* 0051C 80B7CDAC 241901F4 */  addiu   $t9, $zero, 0x01F4         ## $t9 = 000001F4
/* 00520 80B7CDB0 2408000A */  addiu   $t0, $zero, 0x000A         ## $t0 = 0000000A
/* 00524 80B7CDB4 24090001 */  addiu   $t1, $zero, 0x0001         ## $t1 = 00000001
/* 00528 80B7CDB8 AFA90020 */  sw      $t1, 0x0020($sp)           
/* 0052C 80B7CDBC AFA8001C */  sw      $t0, 0x001C($sp)           
/* 00530 80B7CDC0 AFB90018 */  sw      $t9, 0x0018($sp)           
/* 00534 80B7CDC4 AFB80010 */  sw      $t8, 0x0010($sp)           
/* 00538 80B7CDC8 0C02EF6B */  jal     func_800BBDAC              
/* 0053C 80B7CDCC E7A80014 */  swc1    $f8, 0x0014($sp)           
.L80B7CDD0:
/* 00540 80B7CDD0 3C014396 */  lui     $at, 0x4396                ## $at = 43960000
.L80B7CDD4:
/* 00544 80B7CDD4 44815000 */  mtc1    $at, $f10                  ## $f10 = 300.00
/* 00548 80B7CDD8 C60002F8 */  lwc1    $f0, 0x02F8($s0)           ## 000002F8
/* 0054C 80B7CDDC 3C0141A0 */  lui     $at, 0x41A0                ## $at = 41A00000
/* 00550 80B7CDE0 460A003C */  c.lt.s  $f0, $f10                  
/* 00554 80B7CDE4 00000000 */  nop
/* 00558 80B7CDE8 45020006 */  bc1fl   .L80B7CE04                 
/* 0055C 80B7CDEC 3C013F80 */  lui     $at, 0x3F80                ## $at = 3F800000
/* 00560 80B7CDF0 44818000 */  mtc1    $at, $f16                  ## $f16 = 1.00
/* 00564 80B7CDF4 00000000 */  nop
/* 00568 80B7CDF8 46100480 */  add.s   $f18, $f0, $f16            
/* 0056C 80B7CDFC E61202F8 */  swc1    $f18, 0x02F8($s0)          ## 000002F8
/* 00570 80B7CE00 3C013F80 */  lui     $at, 0x3F80                ## $at = 3F800000
.L80B7CE04:
/* 00574 80B7CE04 44810000 */  mtc1    $at, $f0                   ## $f0 = 1.00
/* 00578 80B7CE08 260400CC */  addiu   $a0, $s0, 0x00CC           ## $a0 = 000000CC
/* 0057C 80B7CE0C 24050000 */  addiu   $a1, $zero, 0x0000         ## $a1 = 00000000
/* 00580 80B7CE10 44060000 */  mfc1    $a2, $f0                   
/* 00584 80B7CE14 44070000 */  mfc1    $a3, $f0                   
/* 00588 80B7CE18 0C03FF7E */  jal     func_800FFDF8              
/* 0058C 80B7CE1C 00000000 */  nop
/* 00590 80B7CE20 8FBF0034 */  lw      $ra, 0x0034($sp)           
/* 00594 80B7CE24 8FB00030 */  lw      $s0, 0x0030($sp)           
/* 00598 80B7CE28 27BD0038 */  addiu   $sp, $sp, 0x0038           ## $sp = 00000000
/* 0059C 80B7CE2C 03E00008 */  jr      $ra                        
/* 005A0 80B7CE30 00000000 */  nop


glabel func_80B7CE34
/* 005A4 80B7CE34 27BDFFE8 */  addiu   $sp, $sp, 0xFFE8           ## $sp = FFFFFFE8
/* 005A8 80B7CE38 AFBF0014 */  sw      $ra, 0x0014($sp)           
/* 005AC 80B7CE3C 3C014396 */  lui     $at, 0x4396                ## $at = 43960000
/* 005B0 80B7CE40 44812000 */  mtc1    $at, $f4                   ## $f4 = 300.00
/* 005B4 80B7CE44 3C014000 */  lui     $at, 0x4000                ## $at = 40000000
/* 005B8 80B7CE48 44813000 */  mtc1    $at, $f6                   ## $f6 = 2.00
/* 005BC 80B7CE4C 3C0E80B8 */  lui     $t6, %hi(func_80B7E424)    ## $t6 = 80B80000
/* 005C0 80B7CE50 25CEE424 */  addiu   $t6, $t6, %lo(func_80B7E424) ## $t6 = 80B7E424
/* 005C4 80B7CE54 AC8E013C */  sw      $t6, 0x013C($a0)           ## 0000013C
/* 005C8 80B7CE58 E48402F8 */  swc1    $f4, 0x02F8($a0)           ## 000002F8
/* 005CC 80B7CE5C E4860160 */  swc1    $f6, 0x0160($a0)           ## 00000160
/* 005D0 80B7CE60 AFA40018 */  sw      $a0, 0x0018($sp)           
/* 005D4 80B7CE64 0C02E3B2 */  jal     func_800B8EC8              
/* 005D8 80B7CE68 24053986 */  addiu   $a1, $zero, 0x3986         ## $a1 = 00003986
/* 005DC 80B7CE6C 8FA40018 */  lw      $a0, 0x0018($sp)           
/* 005E0 80B7CE70 3C1980B8 */  lui     $t9, %hi(func_80B7CE94)    ## $t9 = 80B80000
/* 005E4 80B7CE74 2739CE94 */  addiu   $t9, $t9, %lo(func_80B7CE94) ## $t9 = 80B7CE94
/* 005E8 80B7CE78 8C8F0004 */  lw      $t7, 0x0004($a0)           ## 00000004
/* 005EC 80B7CE7C AC9902AC */  sw      $t9, 0x02AC($a0)           ## 000002AC
/* 005F0 80B7CE80 35F80001 */  ori     $t8, $t7, 0x0001           ## $t8 = 00000001
/* 005F4 80B7CE84 AC980004 */  sw      $t8, 0x0004($a0)           ## 00000004
/* 005F8 80B7CE88 8FBF0014 */  lw      $ra, 0x0014($sp)           
/* 005FC 80B7CE8C 03E00008 */  jr      $ra                        
/* 00600 80B7CE90 27BD0018 */  addiu   $sp, $sp, 0x0018           ## $sp = 00000000


glabel func_80B7CE94
/* 00604 80B7CE94 27BDFFC8 */  addiu   $sp, $sp, 0xFFC8           ## $sp = FFFFFFC8
/* 00608 80B7CE98 AFB00030 */  sw      $s0, 0x0030($sp)           
/* 0060C 80B7CE9C 00808025 */  or      $s0, $a0, $zero            ## $s0 = 00000000
/* 00610 80B7CEA0 AFBF0034 */  sw      $ra, 0x0034($sp)           
/* 00614 80B7CEA4 AFA5003C */  sw      $a1, 0x003C($sp)           
/* 00618 80B7CEA8 3C014120 */  lui     $at, 0x4120                ## $at = 41200000
/* 0061C 80B7CEAC 44812000 */  mtc1    $at, $f4                   ## $f4 = 10.00
/* 00620 80B7CEB0 8E0702F8 */  lw      $a3, 0x02F8($s0)           ## 000002F8
/* 00624 80B7CEB4 260400C4 */  addiu   $a0, $s0, 0x00C4           ## $a0 = 000000C4
/* 00628 80B7CEB8 24050000 */  addiu   $a1, $zero, 0x0000         ## $a1 = 00000000
/* 0062C 80B7CEBC 3C063F00 */  lui     $a2, 0x3F00                ## $a2 = 3F000000
/* 00630 80B7CEC0 0C03FF36 */  jal     func_800FFCD8              
/* 00634 80B7CEC4 E7A40010 */  swc1    $f4, 0x0010($sp)           
/* 00638 80B7CEC8 44803000 */  mtc1    $zero, $f6                 ## $f6 = 0.00
/* 0063C 80B7CECC 8FA4003C */  lw      $a0, 0x003C($sp)           
/* 00640 80B7CED0 3C0E0002 */  lui     $t6, 0x0002                ## $t6 = 00020000
/* 00644 80B7CED4 46060032 */  c.eq.s  $f0, $f6                   
/* 00648 80B7CED8 01C47021 */  addu    $t6, $t6, $a0              
/* 0064C 80B7CEDC 45020006 */  bc1fl   .L80B7CEF8                 
/* 00650 80B7CEE0 8DCE8840 */  lw      $t6, -0x77C0($t6)          ## 00018840
/* 00654 80B7CEE4 0C2DF2CF */  jal     func_80B7CB3C              
/* 00658 80B7CEE8 02002025 */  or      $a0, $s0, $zero            ## $a0 = 00000000
/* 0065C 80B7CEEC 10000014 */  beq     $zero, $zero, .L80B7CF40   
/* 00660 80B7CEF0 3C0141A0 */  lui     $at, 0x41A0                ## $at = 41A00000
/* 00664 80B7CEF4 8DCE8840 */  lw      $t6, -0x77C0($t6)          ## FFFF8840
.L80B7CEF8:
/* 00668 80B7CEF8 02002825 */  or      $a1, $s0, $zero            ## $a1 = 00000000
/* 0066C 80B7CEFC 26060024 */  addiu   $a2, $s0, 0x0024           ## $a2 = 00000024
/* 00670 80B7CF00 31CF0003 */  andi    $t7, $t6, 0x0003           ## $t7 = 00000000
/* 00674 80B7CF04 15E0000D */  bne     $t7, $zero, .L80B7CF3C     
/* 00678 80B7CF08 24180001 */  addiu   $t8, $zero, 0x0001         ## $t8 = 00000001
/* 0067C 80B7CF0C 8E0700CC */  lw      $a3, 0x00CC($s0)           ## 000000CC
/* 00680 80B7CF10 3C014100 */  lui     $at, 0x4100                ## $at = 41000000
/* 00684 80B7CF14 44814000 */  mtc1    $at, $f8                   ## $f8 = 8.00
/* 00688 80B7CF18 241901F4 */  addiu   $t9, $zero, 0x01F4         ## $t9 = 000001F4
/* 0068C 80B7CF1C 2408000A */  addiu   $t0, $zero, 0x000A         ## $t0 = 0000000A
/* 00690 80B7CF20 24090001 */  addiu   $t1, $zero, 0x0001         ## $t1 = 00000001
/* 00694 80B7CF24 AFA90020 */  sw      $t1, 0x0020($sp)           
/* 00698 80B7CF28 AFA8001C */  sw      $t0, 0x001C($sp)           
/* 0069C 80B7CF2C AFB90018 */  sw      $t9, 0x0018($sp)           
/* 006A0 80B7CF30 AFB80010 */  sw      $t8, 0x0010($sp)           
/* 006A4 80B7CF34 0C02EF6B */  jal     func_800BBDAC              
/* 006A8 80B7CF38 E7A80014 */  swc1    $f8, 0x0014($sp)           
.L80B7CF3C:
/* 006AC 80B7CF3C 3C0141A0 */  lui     $at, 0x41A0                ## $at = 41A00000
.L80B7CF40:
/* 006B0 80B7CF40 44815000 */  mtc1    $at, $f10                  ## $f10 = 20.00
/* 006B4 80B7CF44 C60002F8 */  lwc1    $f0, 0x02F8($s0)           ## 000002F8
/* 006B8 80B7CF48 3C014120 */  lui     $at, 0x4120                ## $at = 41200000
/* 006BC 80B7CF4C 4600503C */  c.lt.s  $f10, $f0                  
/* 006C0 80B7CF50 00000000 */  nop
/* 006C4 80B7CF54 45020006 */  bc1fl   .L80B7CF70                 
/* 006C8 80B7CF58 3C013F80 */  lui     $at, 0x3F80                ## $at = 3F800000
/* 006CC 80B7CF5C 44818000 */  mtc1    $at, $f16                  ## $f16 = 1.00
/* 006D0 80B7CF60 00000000 */  nop
/* 006D4 80B7CF64 46100481 */  sub.s   $f18, $f0, $f16            
/* 006D8 80B7CF68 E61202F8 */  swc1    $f18, 0x02F8($s0)          ## 000002F8
/* 006DC 80B7CF6C 3C013F80 */  lui     $at, 0x3F80                ## $at = 3F800000
.L80B7CF70:
/* 006E0 80B7CF70 44810000 */  mtc1    $at, $f0                   ## $f0 = 1.00
/* 006E4 80B7CF74 260400CC */  addiu   $a0, $s0, 0x00CC           ## $a0 = 000000CC
/* 006E8 80B7CF78 3C054140 */  lui     $a1, 0x4140                ## $a1 = 41400000
/* 006EC 80B7CF7C 44060000 */  mfc1    $a2, $f0                   
/* 006F0 80B7CF80 44070000 */  mfc1    $a3, $f0                   
/* 006F4 80B7CF84 0C03FF7E */  jal     func_800FFDF8              
/* 006F8 80B7CF88 00000000 */  nop
/* 006FC 80B7CF8C 8FBF0034 */  lw      $ra, 0x0034($sp)           
/* 00700 80B7CF90 8FB00030 */  lw      $s0, 0x0030($sp)           
/* 00704 80B7CF94 27BD0038 */  addiu   $sp, $sp, 0x0038           ## $sp = 00000000
/* 00708 80B7CF98 03E00008 */  jr      $ra                        
/* 0070C 80B7CF9C 00000000 */  nop


glabel func_80B7CFA0
/* 00710 80B7CFA0 27BDFFE8 */  addiu   $sp, $sp, 0xFFE8           ## $sp = FFFFFFE8
/* 00714 80B7CFA4 AFBF0014 */  sw      $ra, 0x0014($sp)           
/* 00718 80B7CFA8 2405398A */  addiu   $a1, $zero, 0x398A         ## $a1 = 0000398A
/* 0071C 80B7CFAC 0C02E3B2 */  jal     func_800B8EC8              
/* 00720 80B7CFB0 AFA40018 */  sw      $a0, 0x0018($sp)           
/* 00724 80B7CFB4 8FA40018 */  lw      $a0, 0x0018($sp)           
/* 00728 80B7CFB8 3C014000 */  lui     $at, 0x4000                ## $at = 40000000
/* 0072C 80B7CFBC 44812000 */  mtc1    $at, $f4                   ## $f4 = 2.00
/* 00730 80B7CFC0 3C014160 */  lui     $at, 0x4160                ## $at = 41600000
/* 00734 80B7CFC4 44813000 */  mtc1    $at, $f6                   ## $f6 = 14.00
/* 00738 80B7CFC8 3C1880B8 */  lui     $t8, %hi(func_80B7CFFC)    ## $t8 = 80B80000
/* 0073C 80B7CFCC 240E000A */  addiu   $t6, $zero, 0x000A         ## $t6 = 0000000A
/* 00740 80B7CFD0 240F003C */  addiu   $t7, $zero, 0x003C         ## $t7 = 0000003C
/* 00744 80B7CFD4 2718CFFC */  addiu   $t8, $t8, %lo(func_80B7CFFC) ## $t8 = 80B7CFFC
/* 00748 80B7CFD8 A48E030C */  sh      $t6, 0x030C($a0)           ## 0000030C
/* 0074C 80B7CFDC A48F030A */  sh      $t7, 0x030A($a0)           ## 0000030A
/* 00750 80B7CFE0 AC9802AC */  sw      $t8, 0x02AC($a0)           ## 000002AC
/* 00754 80B7CFE4 E4840160 */  swc1    $f4, 0x0160($a0)           ## 00000160
/* 00758 80B7CFE8 E4860070 */  swc1    $f6, 0x0070($a0)           ## 00000070
/* 0075C 80B7CFEC 8FBF0014 */  lw      $ra, 0x0014($sp)           
/* 00760 80B7CFF0 27BD0018 */  addiu   $sp, $sp, 0x0018           ## $sp = 00000000
/* 00764 80B7CFF4 03E00008 */  jr      $ra                        
/* 00768 80B7CFF8 00000000 */  nop


glabel func_80B7CFFC
/* 0076C 80B7CFFC 27BDFFC0 */  addiu   $sp, $sp, 0xFFC0           ## $sp = FFFFFFC0
/* 00770 80B7D000 AFB00030 */  sw      $s0, 0x0030($sp)           
/* 00774 80B7D004 00808025 */  or      $s0, $a0, $zero            ## $s0 = 00000000
/* 00778 80B7D008 AFBF0034 */  sw      $ra, 0x0034($sp)           
/* 0077C 80B7D00C AFA50044 */  sw      $a1, 0x0044($sp)           
/* 00780 80B7D010 26040024 */  addiu   $a0, $s0, 0x0024           ## $a0 = 00000024
/* 00784 80B7D014 8E060070 */  lw      $a2, 0x0070($s0)           ## 00000070
/* 00788 80B7D018 AFA40038 */  sw      $a0, 0x0038($sp)           
/* 0078C 80B7D01C 0C03FE69 */  jal     func_800FF9A4              
/* 00790 80B7D020 260502B0 */  addiu   $a1, $s0, 0x02B0           ## $a1 = 000002B0
/* 00794 80B7D024 8E0700CC */  lw      $a3, 0x00CC($s0)           ## 000000CC
/* 00798 80B7D028 3C014080 */  lui     $at, 0x4080                ## $at = 40800000
/* 0079C 80B7D02C 44812000 */  mtc1    $at, $f4                   ## $f4 = 4.00
/* 007A0 80B7D030 240E0001 */  addiu   $t6, $zero, 0x0001         ## $t6 = 00000001
/* 007A4 80B7D034 240F00FA */  addiu   $t7, $zero, 0x00FA         ## $t7 = 000000FA
/* 007A8 80B7D038 2418000A */  addiu   $t8, $zero, 0x000A         ## $t8 = 0000000A
/* 007AC 80B7D03C 24190001 */  addiu   $t9, $zero, 0x0001         ## $t9 = 00000001
/* 007B0 80B7D040 AFB90020 */  sw      $t9, 0x0020($sp)           
/* 007B4 80B7D044 AFB8001C */  sw      $t8, 0x001C($sp)           
/* 007B8 80B7D048 AFAF0018 */  sw      $t7, 0x0018($sp)           
/* 007BC 80B7D04C AFAE0010 */  sw      $t6, 0x0010($sp)           
/* 007C0 80B7D050 E7A0003C */  swc1    $f0, 0x003C($sp)           
/* 007C4 80B7D054 8FA40044 */  lw      $a0, 0x0044($sp)           
/* 007C8 80B7D058 02002825 */  or      $a1, $s0, $zero            ## $a1 = 00000000
/* 007CC 80B7D05C 8FA60038 */  lw      $a2, 0x0038($sp)           
/* 007D0 80B7D060 0C02EF6B */  jal     func_800BBDAC              
/* 007D4 80B7D064 E7A40014 */  swc1    $f4, 0x0014($sp)           
/* 007D8 80B7D068 3C014000 */  lui     $at, 0x4000                ## $at = 40000000
/* 007DC 80B7D06C 44816000 */  mtc1    $at, $f12                  ## $f12 = 2.00
/* 007E0 80B7D070 C7A2003C */  lwc1    $f2, 0x003C($sp)           
/* 007E4 80B7D074 3C014220 */  lui     $at, 0x4220                ## $at = 42200000
/* 007E8 80B7D078 460C103C */  c.lt.s  $f2, $f12                  
/* 007EC 80B7D07C 00000000 */  nop
/* 007F0 80B7D080 45020006 */  bc1fl   .L80B7D09C                 
/* 007F4 80B7D084 44813000 */  mtc1    $at, $f6                   ## $f6 = 40.00
/* 007F8 80B7D088 0C2DF2CF */  jal     func_80B7CB3C              
/* 007FC 80B7D08C 02002025 */  or      $a0, $s0, $zero            ## $a0 = 00000000
/* 00800 80B7D090 10000011 */  beq     $zero, $zero, .L80B7D0D8   
/* 00804 80B7D094 8602030C */  lh      $v0, 0x030C($s0)           ## 0000030C
/* 00808 80B7D098 44813000 */  mtc1    $at, $f6                   ## $f6 = 0.00
.L80B7D09C:
/* 0080C 80B7D09C 3C014040 */  lui     $at, 0x4040                ## $at = 40400000
/* 00810 80B7D0A0 4606103C */  c.lt.s  $f2, $f6                   
/* 00814 80B7D0A4 00000000 */  nop
/* 00818 80B7D0A8 4502000B */  bc1fl   .L80B7D0D8                 
/* 0081C 80B7D0AC 8602030C */  lh      $v0, 0x030C($s0)           ## 0000030C
/* 00820 80B7D0B0 C6000070 */  lwc1    $f0, 0x0070($s0)           ## 00000070
/* 00824 80B7D0B4 44814000 */  mtc1    $at, $f8                   ## $f8 = 3.00
/* 00828 80B7D0B8 00000000 */  nop
/* 0082C 80B7D0BC 4600403C */  c.lt.s  $f8, $f0                   
/* 00830 80B7D0C0 00000000 */  nop
/* 00834 80B7D0C4 45020004 */  bc1fl   .L80B7D0D8                 
/* 00838 80B7D0C8 8602030C */  lh      $v0, 0x030C($s0)           ## 0000030C
/* 0083C 80B7D0CC 460C0281 */  sub.s   $f10, $f0, $f12            
/* 00840 80B7D0D0 E60A0070 */  swc1    $f10, 0x0070($s0)          ## 00000070
/* 00844 80B7D0D4 8602030C */  lh      $v0, 0x030C($s0)           ## 0000030C
.L80B7D0D8:
/* 00848 80B7D0D8 02002025 */  or      $a0, $s0, $zero            ## $a0 = 00000000
/* 0084C 80B7D0DC 14400006 */  bne     $v0, $zero, .L80B7D0F8     
/* 00850 80B7D0E0 2449FFFF */  addiu   $t1, $v0, 0xFFFF           ## $t1 = FFFFFFFF
/* 00854 80B7D0E4 0C02E3B2 */  jal     func_800B8EC8              
/* 00858 80B7D0E8 2405398A */  addiu   $a1, $zero, 0x398A         ## $a1 = 0000398A
/* 0085C 80B7D0EC 2408000A */  addiu   $t0, $zero, 0x000A         ## $t0 = 0000000A
/* 00860 80B7D0F0 10000002 */  beq     $zero, $zero, .L80B7D0FC   
/* 00864 80B7D0F4 A608030C */  sh      $t0, 0x030C($s0)           ## 0000030C
.L80B7D0F8:
/* 00868 80B7D0F8 A609030C */  sh      $t1, 0x030C($s0)           ## 0000030C
.L80B7D0FC:
/* 0086C 80B7D0FC 8602030A */  lh      $v0, 0x030A($s0)           ## 0000030A
/* 00870 80B7D100 14400005 */  bne     $v0, $zero, .L80B7D118     
/* 00874 80B7D104 244AFFFF */  addiu   $t2, $v0, 0xFFFF           ## $t2 = FFFFFFFF
/* 00878 80B7D108 0C2DF2CF */  jal     func_80B7CB3C              
/* 0087C 80B7D10C 02002025 */  or      $a0, $s0, $zero            ## $a0 = 00000000
/* 00880 80B7D110 10000003 */  beq     $zero, $zero, .L80B7D120   
/* 00884 80B7D114 8FBF0034 */  lw      $ra, 0x0034($sp)           
.L80B7D118:
/* 00888 80B7D118 A60A030A */  sh      $t2, 0x030A($s0)           ## 0000030A
/* 0088C 80B7D11C 8FBF0034 */  lw      $ra, 0x0034($sp)           
.L80B7D120:
/* 00890 80B7D120 8FB00030 */  lw      $s0, 0x0030($sp)           
/* 00894 80B7D124 27BD0040 */  addiu   $sp, $sp, 0x0040           ## $sp = 00000000
/* 00898 80B7D128 03E00008 */  jr      $ra                        
/* 0089C 80B7D12C 00000000 */  nop


glabel func_80B7D130
/* 008A0 80B7D130 3C0140C0 */  lui     $at, 0x40C0                ## $at = 40C00000
/* 008A4 80B7D134 44812000 */  mtc1    $at, $f4                   ## $f4 = 6.00
/* 008A8 80B7D138 3C0E80B8 */  lui     $t6, %hi(func_80B7D150)    ## $t6 = 80B80000
/* 008AC 80B7D13C 25CED150 */  addiu   $t6, $t6, %lo(func_80B7D150) ## $t6 = 80B7D150
/* 008B0 80B7D140 AC8E02AC */  sw      $t6, 0x02AC($a0)           ## 000002AC
/* 008B4 80B7D144 E4840070 */  swc1    $f4, 0x0070($a0)           ## 00000070
/* 008B8 80B7D148 03E00008 */  jr      $ra                        
/* 008BC 80B7D14C 00000000 */  nop


glabel func_80B7D150
/* 008C0 80B7D150 27BDFFD0 */  addiu   $sp, $sp, 0xFFD0           ## $sp = FFFFFFD0
/* 008C4 80B7D154 AFB00018 */  sw      $s0, 0x0018($sp)           
/* 008C8 80B7D158 00808025 */  or      $s0, $a0, $zero            ## $s0 = 00000000
/* 008CC 80B7D15C AFBF001C */  sw      $ra, 0x001C($sp)           
/* 008D0 80B7D160 00A03825 */  or      $a3, $a1, $zero            ## $a3 = 00000000
/* 008D4 80B7D164 8CEE1CCC */  lw      $t6, 0x1CCC($a3)           ## 00001CCC
/* 008D8 80B7D168 26050008 */  addiu   $a1, $s0, 0x0008           ## $a1 = 00000008
/* 008DC 80B7D16C 26040024 */  addiu   $a0, $s0, 0x0024           ## $a0 = 00000024
/* 008E0 80B7D170 AFAE002C */  sw      $t6, 0x002C($sp)           
/* 008E4 80B7D174 8E060070 */  lw      $a2, 0x0070($s0)           ## 00000070
/* 008E8 80B7D178 0C03FE69 */  jal     func_800FF9A4              
/* 008EC 80B7D17C AFA50020 */  sw      $a1, 0x0020($sp)           
/* 008F0 80B7D180 3C014000 */  lui     $at, 0x4000                ## $at = 40000000
/* 008F4 80B7D184 44812000 */  mtc1    $at, $f4                   ## $f4 = 2.00
/* 008F8 80B7D188 3C014220 */  lui     $at, 0x4220                ## $at = 42200000
/* 008FC 80B7D18C 4604003C */  c.lt.s  $f0, $f4                   
/* 00900 80B7D190 00000000 */  nop
/* 00904 80B7D194 45020006 */  bc1fl   .L80B7D1B0                 
/* 00908 80B7D198 44813000 */  mtc1    $at, $f6                   ## $f6 = 40.00
/* 0090C 80B7D19C 0C2DF2CF */  jal     func_80B7CB3C              
/* 00910 80B7D1A0 02002025 */  or      $a0, $s0, $zero            ## $a0 = 00000000
/* 00914 80B7D1A4 10000013 */  beq     $zero, $zero, .L80B7D1F4   
/* 00918 80B7D1A8 8FA4002C */  lw      $a0, 0x002C($sp)           
/* 0091C 80B7D1AC 44813000 */  mtc1    $at, $f6                   ## $f6 = 0.00
.L80B7D1B0:
/* 00920 80B7D1B0 3C014040 */  lui     $at, 0x4040                ## $at = 40400000
/* 00924 80B7D1B4 4606003C */  c.lt.s  $f0, $f6                   
/* 00928 80B7D1B8 00000000 */  nop
/* 0092C 80B7D1BC 4502000D */  bc1fl   .L80B7D1F4                 
/* 00930 80B7D1C0 8FA4002C */  lw      $a0, 0x002C($sp)           
/* 00934 80B7D1C4 C6000070 */  lwc1    $f0, 0x0070($s0)           ## 00000070
/* 00938 80B7D1C8 44814000 */  mtc1    $at, $f8                   ## $f8 = 3.00
/* 0093C 80B7D1CC 3C013F80 */  lui     $at, 0x3F80                ## $at = 3F800000
/* 00940 80B7D1D0 4600403C */  c.lt.s  $f8, $f0                   
/* 00944 80B7D1D4 00000000 */  nop
/* 00948 80B7D1D8 45020006 */  bc1fl   .L80B7D1F4                 
/* 0094C 80B7D1DC 8FA4002C */  lw      $a0, 0x002C($sp)           
/* 00950 80B7D1E0 44815000 */  mtc1    $at, $f10                  ## $f10 = 1.00
/* 00954 80B7D1E4 00000000 */  nop
/* 00958 80B7D1E8 460A0401 */  sub.s   $f16, $f0, $f10            
/* 0095C 80B7D1EC E6100070 */  swc1    $f16, 0x0070($s0)          ## 00000070
/* 00960 80B7D1F0 8FA4002C */  lw      $a0, 0x002C($sp)           
.L80B7D1F4:
/* 00964 80B7D1F4 0C02DB92 */  jal     func_800B6E48              
/* 00968 80B7D1F8 8FA50020 */  lw      $a1, 0x0020($sp)           
/* 0096C 80B7D1FC 3C014348 */  lui     $at, 0x4348                ## $at = 43480000
/* 00970 80B7D200 44819000 */  mtc1    $at, $f18                  ## $f18 = 200.00
/* 00974 80B7D204 00000000 */  nop
/* 00978 80B7D208 4600903C */  c.lt.s  $f18, $f0                  
/* 0097C 80B7D20C 00000000 */  nop
/* 00980 80B7D210 45010009 */  bc1t    .L80B7D238                 
/* 00984 80B7D214 00000000 */  nop
/* 00988 80B7D218 C600009C */  lwc1    $f0, 0x009C($s0)           ## 0000009C
/* 0098C 80B7D21C 3C0142C8 */  lui     $at, 0x42C8                ## $at = 42C80000
/* 00990 80B7D220 44812000 */  mtc1    $at, $f4                   ## $f4 = 100.00
/* 00994 80B7D224 46000005 */  abs.s   $f0, $f0                   
/* 00998 80B7D228 4600203C */  c.lt.s  $f4, $f0                   
/* 0099C 80B7D22C 00000000 */  nop
/* 009A0 80B7D230 45020004 */  bc1fl   .L80B7D244                 
/* 009A4 80B7D234 8FBF001C */  lw      $ra, 0x001C($sp)           
.L80B7D238:
/* 009A8 80B7D238 0C2DF338 */  jal     func_80B7CCE0              
/* 009AC 80B7D23C 02002025 */  or      $a0, $s0, $zero            ## $a0 = 00000000
/* 009B0 80B7D240 8FBF001C */  lw      $ra, 0x001C($sp)           
.L80B7D244:
/* 009B4 80B7D244 8FB00018 */  lw      $s0, 0x0018($sp)           
/* 009B8 80B7D248 27BD0030 */  addiu   $sp, $sp, 0x0030           ## $sp = 00000000
/* 009BC 80B7D24C 03E00008 */  jr      $ra                        
/* 009C0 80B7D250 00000000 */  nop


glabel func_80B7D254
/* 009C4 80B7D254 27BDFFE8 */  addiu   $sp, $sp, 0xFFE8           ## $sp = FFFFFFE8
/* 009C8 80B7D258 AFBF0014 */  sw      $ra, 0x0014($sp)           
/* 009CC 80B7D25C 00802825 */  or      $a1, $a0, $zero            ## $a1 = 00000000
/* 009D0 80B7D260 8CB80024 */  lw      $t8, 0x0024($a1)           ## 00000024
/* 009D4 80B7D264 8CAF0028 */  lw      $t7, 0x0028($a1)           ## 00000028
/* 009D8 80B7D268 240E003C */  addiu   $t6, $zero, 0x003C         ## $t6 = 0000003C
/* 009DC 80B7D26C ACB802B0 */  sw      $t8, 0x02B0($a1)           ## 000002B0
/* 009E0 80B7D270 8CB8002C */  lw      $t8, 0x002C($a1)           ## 0000002C
/* 009E4 80B7D274 A4AE030A */  sh      $t6, 0x030A($a1)           ## 0000030A
/* 009E8 80B7D278 84A40092 */  lh      $a0, 0x0092($a1)           ## 00000092
/* 009EC 80B7D27C ACAF02B4 */  sw      $t7, 0x02B4($a1)           ## 000002B4
/* 009F0 80B7D280 ACB802B8 */  sw      $t8, 0x02B8($a1)           ## 000002B8
/* 009F4 80B7D284 0C03FB61 */  jal     func_800FED84              
/* 009F8 80B7D288 AFA50018 */  sw      $a1, 0x0018($sp)           
/* 009FC 80B7D28C 3C0141A0 */  lui     $at, 0x41A0                ## $at = 41A00000
/* 00A00 80B7D290 44813000 */  mtc1    $at, $f6                   ## $f6 = 20.00
/* 00A04 80B7D294 8FA50018 */  lw      $a1, 0x0018($sp)           
/* 00A08 80B7D298 46003202 */  mul.s   $f8, $f6, $f0              
/* 00A0C 80B7D29C C4A402B0 */  lwc1    $f4, 0x02B0($a1)           ## 000002B0
/* 00A10 80B7D2A0 84A40092 */  lh      $a0, 0x0092($a1)           ## 00000092
/* 00A14 80B7D2A4 46082281 */  sub.s   $f10, $f4, $f8             
/* 00A18 80B7D2A8 0C03FB51 */  jal     func_800FED44              
/* 00A1C 80B7D2AC E4AA02B0 */  swc1    $f10, 0x02B0($a1)          ## 000002B0
/* 00A20 80B7D2B0 3C0141A0 */  lui     $at, 0x41A0                ## $at = 41A00000
/* 00A24 80B7D2B4 44819000 */  mtc1    $at, $f18                  ## $f18 = 20.00
/* 00A28 80B7D2B8 8FA50018 */  lw      $a1, 0x0018($sp)           
/* 00A2C 80B7D2BC 3C1980B8 */  lui     $t9, %hi(func_80B7D2E4)    ## $t9 = 80B80000
/* 00A30 80B7D2C0 46009182 */  mul.s   $f6, $f18, $f0             
/* 00A34 80B7D2C4 C4B002B8 */  lwc1    $f16, 0x02B8($a1)          ## 000002B8
/* 00A38 80B7D2C8 2739D2E4 */  addiu   $t9, $t9, %lo(func_80B7D2E4) ## $t9 = 80B7D2E4
/* 00A3C 80B7D2CC ACB902AC */  sw      $t9, 0x02AC($a1)           ## 000002AC
/* 00A40 80B7D2D0 46068101 */  sub.s   $f4, $f16, $f6             
/* 00A44 80B7D2D4 E4A402B8 */  swc1    $f4, 0x02B8($a1)           ## 000002B8
/* 00A48 80B7D2D8 8FBF0014 */  lw      $ra, 0x0014($sp)           
/* 00A4C 80B7D2DC 03E00008 */  jr      $ra                        
/* 00A50 80B7D2E0 27BD0018 */  addiu   $sp, $sp, 0x0018           ## $sp = 00000000


glabel func_80B7D2E4
/* 00A54 80B7D2E4 27BDFFE8 */  addiu   $sp, $sp, 0xFFE8           ## $sp = FFFFFFE8
/* 00A58 80B7D2E8 AFBF0014 */  sw      $ra, 0x0014($sp)           
/* 00A5C 80B7D2EC AFA5001C */  sw      $a1, 0x001C($sp)           
/* 00A60 80B7D2F0 00803825 */  or      $a3, $a0, $zero            ## $a3 = 00000000
/* 00A64 80B7D2F4 8CE60070 */  lw      $a2, 0x0070($a3)           ## 00000070
/* 00A68 80B7D2F8 AFA70018 */  sw      $a3, 0x0018($sp)           
/* 00A6C 80B7D2FC 24E40024 */  addiu   $a0, $a3, 0x0024           ## $a0 = 00000024
/* 00A70 80B7D300 0C03FE69 */  jal     func_800FF9A4              
/* 00A74 80B7D304 24E502B0 */  addiu   $a1, $a3, 0x02B0           ## $a1 = 000002B0
/* 00A78 80B7D308 3C014000 */  lui     $at, 0x4000                ## $at = 40000000
/* 00A7C 80B7D30C 44812000 */  mtc1    $at, $f4                   ## $f4 = 2.00
/* 00A80 80B7D310 8FA70018 */  lw      $a3, 0x0018($sp)           
/* 00A84 80B7D314 4604003C */  c.lt.s  $f0, $f4                   
/* 00A88 80B7D318 00E02025 */  or      $a0, $a3, $zero            ## $a0 = 00000000
/* 00A8C 80B7D31C 45020005 */  bc1fl   .L80B7D334                 
/* 00A90 80B7D320 84E2030A */  lh      $v0, 0x030A($a3)           ## 0000030A
/* 00A94 80B7D324 0C2DF2CF */  jal     func_80B7CB3C              
/* 00A98 80B7D328 AFA70018 */  sw      $a3, 0x0018($sp)           
/* 00A9C 80B7D32C 8FA70018 */  lw      $a3, 0x0018($sp)           
/* 00AA0 80B7D330 84E2030A */  lh      $v0, 0x030A($a3)           ## 0000030A
.L80B7D334:
/* 00AA4 80B7D334 14400005 */  bne     $v0, $zero, .L80B7D34C     
/* 00AA8 80B7D338 244EFFFF */  addiu   $t6, $v0, 0xFFFF           ## $t6 = FFFFFFFF
/* 00AAC 80B7D33C 0C2DF2CF */  jal     func_80B7CB3C              
/* 00AB0 80B7D340 00E02025 */  or      $a0, $a3, $zero            ## $a0 = 00000000
/* 00AB4 80B7D344 10000003 */  beq     $zero, $zero, .L80B7D354   
/* 00AB8 80B7D348 8FBF0014 */  lw      $ra, 0x0014($sp)           
.L80B7D34C:
/* 00ABC 80B7D34C A4EE030A */  sh      $t6, 0x030A($a3)           ## 0000030A
/* 00AC0 80B7D350 8FBF0014 */  lw      $ra, 0x0014($sp)           
.L80B7D354:
/* 00AC4 80B7D354 27BD0018 */  addiu   $sp, $sp, 0x0018           ## $sp = 00000000
/* 00AC8 80B7D358 03E00008 */  jr      $ra                        
/* 00ACC 80B7D35C 00000000 */  nop


glabel func_80B7D360
/* 00AD0 80B7D360 27BDFFE8 */  addiu   $sp, $sp, 0xFFE8           ## $sp = FFFFFFE8
/* 00AD4 80B7D364 AFBF0014 */  sw      $ra, 0x0014($sp)           
/* 00AD8 80B7D368 AFA40018 */  sw      $a0, 0x0018($sp)           
/* 00ADC 80B7D36C 8FA40018 */  lw      $a0, 0x0018($sp)           
/* 00AE0 80B7D370 0C02E3B2 */  jal     func_800B8EC8              
/* 00AE4 80B7D374 2405389E */  addiu   $a1, $zero, 0x389E         ## $a1 = 0000389E
/* 00AE8 80B7D378 8FAF0018 */  lw      $t7, 0x0018($sp)           
/* 00AEC 80B7D37C 3C0E80B8 */  lui     $t6, %hi(func_80B7D398)    ## $t6 = 80B80000
/* 00AF0 80B7D380 25CED398 */  addiu   $t6, $t6, %lo(func_80B7D398) ## $t6 = 80B7D398
/* 00AF4 80B7D384 ADEE02AC */  sw      $t6, 0x02AC($t7)           ## 000002AC
/* 00AF8 80B7D388 8FBF0014 */  lw      $ra, 0x0014($sp)           
/* 00AFC 80B7D38C 27BD0018 */  addiu   $sp, $sp, 0x0018           ## $sp = 00000000
/* 00B00 80B7D390 03E00008 */  jr      $ra                        
/* 00B04 80B7D394 00000000 */  nop


glabel func_80B7D398
/* 00B08 80B7D398 27BDFFE8 */  addiu   $sp, $sp, 0xFFE8           ## $sp = FFFFFFE8
/* 00B0C 80B7D39C AFBF0014 */  sw      $ra, 0x0014($sp)           
/* 00B10 80B7D3A0 AFA5001C */  sw      $a1, 0x001C($sp)           
/* 00B14 80B7D3A4 8482030E */  lh      $v0, 0x030E($a0)           ## 0000030E
/* 00B18 80B7D3A8 18400003 */  blez    $v0, .L80B7D3B8            
/* 00B1C 80B7D3AC 244EFFFF */  addiu   $t6, $v0, 0xFFFF           ## $t6 = FFFFFFFF
/* 00B20 80B7D3B0 10000005 */  beq     $zero, $zero, .L80B7D3C8   
/* 00B24 80B7D3B4 A48E030E */  sh      $t6, 0x030E($a0)           ## 0000030E
.L80B7D3B8:
/* 00B28 80B7D3B8 44800000 */  mtc1    $zero, $f0                 ## $f0 = 0.00
/* 00B2C 80B7D3BC 00000000 */  nop
/* 00B30 80B7D3C0 E4800300 */  swc1    $f0, 0x0300($a0)           ## 00000300
/* 00B34 80B7D3C4 E4800304 */  swc1    $f0, 0x0304($a0)           ## 00000304
.L80B7D3C8:
/* 00B38 80B7D3C8 908F011C */  lbu     $t7, 0x011C($a0)           ## 0000011C
/* 00B3C 80B7D3CC 55E00004 */  bnel    $t7, $zero, .L80B7D3E0     
/* 00B40 80B7D3D0 8FBF0014 */  lw      $ra, 0x0014($sp)           
/* 00B44 80B7D3D4 0C2DF2CF */  jal     func_80B7CB3C              
/* 00B48 80B7D3D8 A480030E */  sh      $zero, 0x030E($a0)         ## 0000030E
/* 00B4C 80B7D3DC 8FBF0014 */  lw      $ra, 0x0014($sp)           
.L80B7D3E0:
/* 00B50 80B7D3E0 27BD0018 */  addiu   $sp, $sp, 0x0018           ## $sp = 00000000
/* 00B54 80B7D3E4 03E00008 */  jr      $ra                        
/* 00B58 80B7D3E8 00000000 */  nop


glabel func_80B7D3EC
/* 00B5C 80B7D3EC 27BDFFE8 */  addiu   $sp, $sp, 0xFFE8           ## $sp = FFFFFFE8
/* 00B60 80B7D3F0 AFBF0014 */  sw      $ra, 0x0014($sp)           
/* 00B64 80B7D3F4 3C013F00 */  lui     $at, 0x3F00                ## $at = 3F000000
/* 00B68 80B7D3F8 44812000 */  mtc1    $at, $f4                   ## $f4 = 0.50
/* 00B6C 80B7D3FC 848F001C */  lh      $t7, 0x001C($a0)           ## 0000001C
/* 00B70 80B7D400 3C013F80 */  lui     $at, 0x3F80                ## $at = 3F800000
/* 00B74 80B7D404 44813000 */  mtc1    $at, $f6                   ## $f6 = 1.00
/* 00B78 80B7D408 240E000B */  addiu   $t6, $zero, 0x000B         ## $t6 = 0000000B
/* 00B7C 80B7D40C 31F88000 */  andi    $t8, $t7, 0x8000           ## $t8 = 00000000
/* 00B80 80B7D410 A08E0310 */  sb      $t6, 0x0310($a0)           ## 00000310
/* 00B84 80B7D414 E4840304 */  swc1    $f4, 0x0304($a0)           ## 00000304
/* 00B88 80B7D418 13000006 */  beq     $t8, $zero, .L80B7D434     
/* 00B8C 80B7D41C E4860300 */  swc1    $f6, 0x0300($a0)           ## 00000300
/* 00B90 80B7D420 3C013FC0 */  lui     $at, 0x3FC0                ## $at = 3FC00000
/* 00B94 80B7D424 44815000 */  mtc1    $at, $f10                  ## $f10 = 1.50
/* 00B98 80B7D428 C4880304 */  lwc1    $f8, 0x0304($a0)           ## 00000304
/* 00B9C 80B7D42C 460A4402 */  mul.s   $f16, $f8, $f10            
/* 00BA0 80B7D430 E4900304 */  swc1    $f16, 0x0304($a0)          ## 00000304
.L80B7D434:
/* 00BA4 80B7D434 909900B7 */  lbu     $t9, 0x00B7($a0)           ## 000000B7
/* 00BA8 80B7D438 24080050 */  addiu   $t0, $zero, 0x0050         ## $t0 = 00000050
/* 00BAC 80B7D43C 2409000C */  addiu   $t1, $zero, 0x000C         ## $t1 = 0000000C
/* 00BB0 80B7D440 13200003 */  beq     $t9, $zero, .L80B7D450     
/* 00BB4 80B7D444 2405389E */  addiu   $a1, $zero, 0x389E         ## $a1 = 0000389E
/* 00BB8 80B7D448 10000002 */  beq     $zero, $zero, .L80B7D454   
/* 00BBC 80B7D44C A488030E */  sh      $t0, 0x030E($a0)           ## 0000030E
.L80B7D450:
/* 00BC0 80B7D450 A489030E */  sh      $t1, 0x030E($a0)           ## 0000030E
.L80B7D454:
/* 00BC4 80B7D454 0C02E3B2 */  jal     func_800B8EC8              
/* 00BC8 80B7D458 AFA40018 */  sw      $a0, 0x0018($sp)           
/* 00BCC 80B7D45C 8FA40018 */  lw      $a0, 0x0018($sp)           
/* 00BD0 80B7D460 3C0A80B8 */  lui     $t2, %hi(func_80B7D47C)    ## $t2 = 80B80000
/* 00BD4 80B7D464 254AD47C */  addiu   $t2, $t2, %lo(func_80B7D47C) ## $t2 = 80B7D47C
/* 00BD8 80B7D468 AC8A02AC */  sw      $t2, 0x02AC($a0)           ## 000002AC
/* 00BDC 80B7D46C 8FBF0014 */  lw      $ra, 0x0014($sp)           
/* 00BE0 80B7D470 27BD0018 */  addiu   $sp, $sp, 0x0018           ## $sp = 00000000
/* 00BE4 80B7D474 03E00008 */  jr      $ra                        
/* 00BE8 80B7D478 00000000 */  nop


glabel func_80B7D47C
/* 00BEC 80B7D47C 27BDFFE8 */  addiu   $sp, $sp, 0xFFE8           ## $sp = FFFFFFE8
/* 00BF0 80B7D480 AFBF0014 */  sw      $ra, 0x0014($sp)           
/* 00BF4 80B7D484 8482030E */  lh      $v0, 0x030E($a0)           ## 0000030E
/* 00BF8 80B7D488 24010001 */  addiu   $at, $zero, 0x0001         ## $at = 00000001
/* 00BFC 80B7D48C 1440000F */  bne     $v0, $zero, .L80B7D4CC     
/* 00C00 80B7D490 00000000 */  nop
/* 00C04 80B7D494 44800000 */  mtc1    $zero, $f0                 ## $f0 = 0.00
/* 00C08 80B7D498 908E00B7 */  lbu     $t6, 0x00B7($a0)           ## 000000B7
/* 00C0C 80B7D49C A480030E */  sh      $zero, 0x030E($a0)         ## 0000030E
/* 00C10 80B7D4A0 E4800304 */  swc1    $f0, 0x0304($a0)           ## 00000304
/* 00C14 80B7D4A4 11C00005 */  beq     $t6, $zero, .L80B7D4BC     
/* 00C18 80B7D4A8 E4800300 */  swc1    $f0, 0x0300($a0)           ## 00000300
/* 00C1C 80B7D4AC 0C2DF53F */  jal     func_80B7D4FC              
/* 00C20 80B7D4B0 00000000 */  nop
/* 00C24 80B7D4B4 1000000E */  beq     $zero, $zero, .L80B7D4F0   
/* 00C28 80B7D4B8 8FBF0014 */  lw      $ra, 0x0014($sp)           
.L80B7D4BC:
/* 00C2C 80B7D4BC 0C2DF5B4 */  jal     func_80B7D6D0              
/* 00C30 80B7D4C0 00000000 */  nop
/* 00C34 80B7D4C4 1000000A */  beq     $zero, $zero, .L80B7D4F0   
/* 00C38 80B7D4C8 8FBF0014 */  lw      $ra, 0x0014($sp)           
.L80B7D4CC:
/* 00C3C 80B7D4CC 14410006 */  bne     $v0, $at, .L80B7D4E8       
/* 00C40 80B7D4D0 2458FFFF */  addiu   $t8, $v0, 0xFFFF           ## $t8 = FFFFFFFF
/* 00C44 80B7D4D4 244FFFFF */  addiu   $t7, $v0, 0xFFFF           ## $t7 = FFFFFFFF
/* 00C48 80B7D4D8 0C2DF82F */  jal     func_80B7E0BC              
/* 00C4C 80B7D4DC A48F030E */  sh      $t7, 0x030E($a0)           ## 0000030E
/* 00C50 80B7D4E0 10000003 */  beq     $zero, $zero, .L80B7D4F0   
/* 00C54 80B7D4E4 8FBF0014 */  lw      $ra, 0x0014($sp)           
.L80B7D4E8:
/* 00C58 80B7D4E8 A498030E */  sh      $t8, 0x030E($a0)           ## 0000030E
/* 00C5C 80B7D4EC 8FBF0014 */  lw      $ra, 0x0014($sp)           
.L80B7D4F0:
/* 00C60 80B7D4F0 27BD0018 */  addiu   $sp, $sp, 0x0018           ## $sp = 00000000
/* 00C64 80B7D4F4 03E00008 */  jr      $ra                        
/* 00C68 80B7D4F8 00000000 */  nop


glabel func_80B7D4FC
/* 00C6C 80B7D4FC 27BDFFD8 */  addiu   $sp, $sp, 0xFFD8           ## $sp = FFFFFFD8
/* 00C70 80B7D500 AFB00020 */  sw      $s0, 0x0020($sp)           
/* 00C74 80B7D504 00808025 */  or      $s0, $a0, $zero            ## $s0 = 00000000
/* 00C78 80B7D508 AFBF0024 */  sw      $ra, 0x0024($sp)           
/* 00C7C 80B7D50C 3C013F80 */  lui     $at, 0x3F80                ## $at = 3F800000
/* 00C80 80B7D510 44812000 */  mtc1    $at, $f4                   ## $f4 = 1.00
/* 00C84 80B7D514 240E000A */  addiu   $t6, $zero, 0x000A         ## $t6 = 0000000A
/* 00C88 80B7D518 A60E030A */  sh      $t6, 0x030A($s0)           ## 0000030A
/* 00C8C 80B7D51C 86040092 */  lh      $a0, 0x0092($s0)           ## 00000092
/* 00C90 80B7D520 0C03FB61 */  jal     func_800FED84              
/* 00C94 80B7D524 E6040160 */  swc1    $f4, 0x0160($s0)           ## 00000160
/* 00C98 80B7D528 3C01C140 */  lui     $at, 0xC140                ## $at = C1400000
/* 00C9C 80B7D52C 44813000 */  mtc1    $at, $f6                   ## $f6 = -12.00
/* 00CA0 80B7D530 86040092 */  lh      $a0, 0x0092($s0)           ## 00000092
/* 00CA4 80B7D534 46060202 */  mul.s   $f8, $f0, $f6              
/* 00CA8 80B7D538 0C03FB51 */  jal     func_800FED44              
/* 00CAC 80B7D53C E60802BC */  swc1    $f8, 0x02BC($s0)           ## 000002BC
/* 00CB0 80B7D540 3C01C140 */  lui     $at, 0xC140                ## $at = C1400000
/* 00CB4 80B7D544 44815000 */  mtc1    $at, $f10                  ## $f10 = -12.00
/* 00CB8 80B7D548 3C0180B8 */  lui     $at, %hi(D_80B7E5D0)       ## $at = 80B80000
/* 00CBC 80B7D54C 240F0019 */  addiu   $t7, $zero, 0x0019         ## $t7 = 00000019
/* 00CC0 80B7D550 460A0402 */  mul.s   $f16, $f0, $f10            
/* 00CC4 80B7D554 02002025 */  or      $a0, $s0, $zero            ## $a0 = 00000000
/* 00CC8 80B7D558 24054000 */  addiu   $a1, $zero, 0x4000         ## $a1 = 00004000
/* 00CCC 80B7D55C 240600FF */  addiu   $a2, $zero, 0x00FF         ## $a2 = 000000FF
/* 00CD0 80B7D560 00003825 */  or      $a3, $zero, $zero          ## $a3 = 00000000
/* 00CD4 80B7D564 E61002C4 */  swc1    $f16, 0x02C4($s0)          ## 000002C4
/* 00CD8 80B7D568 C432E5D0 */  lwc1    $f18, %lo(D_80B7E5D0)($at) 
/* 00CDC 80B7D56C E61202FC */  swc1    $f18, 0x02FC($s0)          ## 000002FC
/* 00CE0 80B7D570 0C02F2DC */  jal     func_800BCB70              
/* 00CE4 80B7D574 AFAF0010 */  sw      $t7, 0x0010($sp)           
/* 00CE8 80B7D578 02002025 */  or      $a0, $s0, $zero            ## $a0 = 00000000
/* 00CEC 80B7D57C 0C02E3B2 */  jal     func_800B8EC8              
/* 00CF0 80B7D580 24053988 */  addiu   $a1, $zero, 0x3988         ## $a1 = 00003988
/* 00CF4 80B7D584 3C1880B8 */  lui     $t8, %hi(func_80B7D5A4)    ## $t8 = 80B80000
/* 00CF8 80B7D588 2718D5A4 */  addiu   $t8, $t8, %lo(func_80B7D5A4) ## $t8 = 80B7D5A4
/* 00CFC 80B7D58C AE1802AC */  sw      $t8, 0x02AC($s0)           ## 000002AC
/* 00D00 80B7D590 8FBF0024 */  lw      $ra, 0x0024($sp)           
/* 00D04 80B7D594 8FB00020 */  lw      $s0, 0x0020($sp)           
/* 00D08 80B7D598 27BD0028 */  addiu   $sp, $sp, 0x0028           ## $sp = 00000000
/* 00D0C 80B7D59C 03E00008 */  jr      $ra                        
/* 00D10 80B7D5A0 00000000 */  nop


glabel func_80B7D5A4
/* 00D14 80B7D5A4 27BDFFC8 */  addiu   $sp, $sp, 0xFFC8           ## $sp = FFFFFFC8
/* 00D18 80B7D5A8 AFB00030 */  sw      $s0, 0x0030($sp)           
/* 00D1C 80B7D5AC 00808025 */  or      $s0, $a0, $zero            ## $s0 = 00000000
/* 00D20 80B7D5B0 AFBF0034 */  sw      $ra, 0x0034($sp)           
/* 00D24 80B7D5B4 AFA5003C */  sw      $a1, 0x003C($sp)           
/* 00D28 80B7D5B8 860E030A */  lh      $t6, 0x030A($s0)           ## 0000030A
/* 00D2C 80B7D5BC 260402FC */  addiu   $a0, $s0, 0x02FC           ## $a0 = 000002FC
/* 00D30 80B7D5C0 24050000 */  addiu   $a1, $zero, 0x0000         ## $a1 = 00000000
/* 00D34 80B7D5C4 15C00007 */  bne     $t6, $zero, .L80B7D5E4     
/* 00D38 80B7D5C8 3C063F00 */  lui     $a2, 0x3F00                ## $a2 = 3F000000
/* 00D3C 80B7D5CC 44802000 */  mtc1    $zero, $f4                 ## $f4 = 0.00
/* 00D40 80B7D5D0 02002025 */  or      $a0, $s0, $zero            ## $a0 = 00000000
/* 00D44 80B7D5D4 0C2DF2CF */  jal     func_80B7CB3C              
/* 00D48 80B7D5D8 E60402FC */  swc1    $f4, 0x02FC($s0)           ## 000002FC
/* 00D4C 80B7D5DC 10000038 */  beq     $zero, $zero, .L80B7D6C0   
/* 00D50 80B7D5E0 8FBF0034 */  lw      $ra, 0x0034($sp)           
.L80B7D5E4:
/* 00D54 80B7D5E4 860F0308 */  lh      $t7, 0x0308($s0)           ## 00000308
/* 00D58 80B7D5E8 3C014190 */  lui     $at, 0x4190                ## $at = 41900000
/* 00D5C 80B7D5EC 44813000 */  mtc1    $at, $f6                   ## $f6 = 18.00
/* 00D60 80B7D5F0 25F8E0C0 */  addiu   $t8, $t7, 0xE0C0           ## $t8 = FFFFE0C0
/* 00D64 80B7D5F4 A6180308 */  sh      $t8, 0x0308($s0)           ## 00000308
/* 00D68 80B7D5F8 3C074336 */  lui     $a3, 0x4336                ## $a3 = 43360000
/* 00D6C 80B7D5FC 0C03FF36 */  jal     func_800FFCD8              
/* 00D70 80B7D600 E7A60010 */  swc1    $f6, 0x0010($sp)           
/* 00D74 80B7D604 8602030A */  lh      $v0, 0x030A($s0)           ## 0000030A
/* 00D78 80B7D608 3C0180B8 */  lui     $at, %hi(D_80B7E54C)       ## $at = 80B80000
/* 00D7C 80B7D60C 8619001C */  lh      $t9, 0x001C($s0)           ## 0000001C
/* 00D80 80B7D610 00021080 */  sll     $v0, $v0,  2               
/* 00D84 80B7D614 00220821 */  addu    $at, $at, $v0              
/* 00D88 80B7D618 C420E54C */  lwc1    $f0, %lo(D_80B7E54C)($at)  
/* 00D8C 80B7D61C 3C0180B8 */  lui     $at, %hi(D_80B7E578)       ## $at = 80B80000
/* 00D90 80B7D620 00220821 */  addu    $at, $at, $v0              
/* 00D94 80B7D624 E6000060 */  swc1    $f0, 0x0060($s0)           ## 00000060
/* 00D98 80B7D628 E6000058 */  swc1    $f0, 0x0058($s0)           ## 00000058
/* 00D9C 80B7D62C C428E578 */  lwc1    $f8, %lo(D_80B7E578)($at)  
/* 00DA0 80B7D630 33288000 */  andi    $t0, $t9, 0x8000           ## $t0 = 00000000
/* 00DA4 80B7D634 1100000E */  beq     $t0, $zero, .L80B7D670     
/* 00DA8 80B7D638 E608005C */  swc1    $f8, 0x005C($s0)           ## 0000005C
/* 00DAC 80B7D63C 3C013FC0 */  lui     $at, 0x3FC0                ## $at = 3FC00000
/* 00DB0 80B7D640 44810000 */  mtc1    $at, $f0                   ## $f0 = 1.50
/* 00DB4 80B7D644 C60A0058 */  lwc1    $f10, 0x0058($s0)          ## 00000058
/* 00DB8 80B7D648 C612005C */  lwc1    $f18, 0x005C($s0)          ## 0000005C
/* 00DBC 80B7D64C C6060060 */  lwc1    $f6, 0x0060($s0)           ## 00000060
/* 00DC0 80B7D650 46005402 */  mul.s   $f16, $f10, $f0            
/* 00DC4 80B7D654 00000000 */  nop
/* 00DC8 80B7D658 46009102 */  mul.s   $f4, $f18, $f0             
/* 00DCC 80B7D65C 00000000 */  nop
/* 00DD0 80B7D660 46003202 */  mul.s   $f8, $f6, $f0              
/* 00DD4 80B7D664 E6100058 */  swc1    $f16, 0x0058($s0)          ## 00000058
/* 00DD8 80B7D668 E604005C */  swc1    $f4, 0x005C($s0)           ## 0000005C
/* 00DDC 80B7D66C E6080060 */  swc1    $f8, 0x0060($s0)           ## 00000060
.L80B7D670:
/* 00DE0 80B7D670 8E0700CC */  lw      $a3, 0x00CC($s0)           ## 000000CC
/* 00DE4 80B7D674 3C014080 */  lui     $at, 0x4080                ## $at = 40800000
/* 00DE8 80B7D678 44815000 */  mtc1    $at, $f10                  ## $f10 = 4.00
/* 00DEC 80B7D67C 24090001 */  addiu   $t1, $zero, 0x0001         ## $t1 = 00000001
/* 00DF0 80B7D680 240A00FA */  addiu   $t2, $zero, 0x00FA         ## $t2 = 000000FA
/* 00DF4 80B7D684 240B000A */  addiu   $t3, $zero, 0x000A         ## $t3 = 0000000A
/* 00DF8 80B7D688 240C0001 */  addiu   $t4, $zero, 0x0001         ## $t4 = 00000001
/* 00DFC 80B7D68C AFAC0020 */  sw      $t4, 0x0020($sp)           
/* 00E00 80B7D690 AFAB001C */  sw      $t3, 0x001C($sp)           
/* 00E04 80B7D694 AFAA0018 */  sw      $t2, 0x0018($sp)           
/* 00E08 80B7D698 AFA90010 */  sw      $t1, 0x0010($sp)           
/* 00E0C 80B7D69C 8FA4003C */  lw      $a0, 0x003C($sp)           
/* 00E10 80B7D6A0 02002825 */  or      $a1, $s0, $zero            ## $a1 = 00000000
/* 00E14 80B7D6A4 26060024 */  addiu   $a2, $s0, 0x0024           ## $a2 = 00000024
/* 00E18 80B7D6A8 0C02EF6B */  jal     func_800BBDAC              
/* 00E1C 80B7D6AC E7AA0014 */  swc1    $f10, 0x0014($sp)          
/* 00E20 80B7D6B0 860D030A */  lh      $t5, 0x030A($s0)           ## 0000030A
/* 00E24 80B7D6B4 25AEFFFF */  addiu   $t6, $t5, 0xFFFF           ## $t6 = FFFFFFFF
/* 00E28 80B7D6B8 A60E030A */  sh      $t6, 0x030A($s0)           ## 0000030A
/* 00E2C 80B7D6BC 8FBF0034 */  lw      $ra, 0x0034($sp)           
.L80B7D6C0:
/* 00E30 80B7D6C0 8FB00030 */  lw      $s0, 0x0030($sp)           
/* 00E34 80B7D6C4 27BD0038 */  addiu   $sp, $sp, 0x0038           ## $sp = 00000000
/* 00E38 80B7D6C8 03E00008 */  jr      $ra                        
/* 00E3C 80B7D6CC 00000000 */  nop


glabel func_80B7D6D0
/* 00E40 80B7D6D0 27BDFFD8 */  addiu   $sp, $sp, 0xFFD8           ## $sp = FFFFFFD8
/* 00E44 80B7D6D4 AFB00020 */  sw      $s0, 0x0020($sp)           
/* 00E48 80B7D6D8 00808025 */  or      $s0, $a0, $zero            ## $s0 = 00000000
/* 00E4C 80B7D6DC AFBF0024 */  sw      $ra, 0x0024($sp)           
/* 00E50 80B7D6E0 240E000A */  addiu   $t6, $zero, 0x000A         ## $t6 = 0000000A
/* 00E54 80B7D6E4 A60E030A */  sh      $t6, 0x030A($s0)           ## 0000030A
/* 00E58 80B7D6E8 0C03FB61 */  jal     func_800FED84              
/* 00E5C 80B7D6EC 86040092 */  lh      $a0, 0x0092($s0)           ## 00000092
/* 00E60 80B7D6F0 3C01C140 */  lui     $at, 0xC140                ## $at = C1400000
/* 00E64 80B7D6F4 44812000 */  mtc1    $at, $f4                   ## $f4 = -12.00
/* 00E68 80B7D6F8 86040092 */  lh      $a0, 0x0092($s0)           ## 00000092
/* 00E6C 80B7D6FC 46040182 */  mul.s   $f6, $f0, $f4              
/* 00E70 80B7D700 0C03FB51 */  jal     func_800FED44              
/* 00E74 80B7D704 E60602BC */  swc1    $f6, 0x02BC($s0)           ## 000002BC
/* 00E78 80B7D708 3C01C140 */  lui     $at, 0xC140                ## $at = C1400000
/* 00E7C 80B7D70C 44814000 */  mtc1    $at, $f8                   ## $f8 = -12.00
/* 00E80 80B7D710 3C0180B8 */  lui     $at, %hi(D_80B7E5D4)       ## $at = 80B80000
/* 00E84 80B7D714 240F0019 */  addiu   $t7, $zero, 0x0019         ## $t7 = 00000019
/* 00E88 80B7D718 46080282 */  mul.s   $f10, $f0, $f8             
/* 00E8C 80B7D71C 02002025 */  or      $a0, $s0, $zero            ## $a0 = 00000000
/* 00E90 80B7D720 24054000 */  addiu   $a1, $zero, 0x4000         ## $a1 = 00004000
/* 00E94 80B7D724 240600FF */  addiu   $a2, $zero, 0x00FF         ## $a2 = 000000FF
/* 00E98 80B7D728 00003825 */  or      $a3, $zero, $zero          ## $a3 = 00000000
/* 00E9C 80B7D72C E60A02C4 */  swc1    $f10, 0x02C4($s0)          ## 000002C4
/* 00EA0 80B7D730 C430E5D4 */  lwc1    $f16, %lo(D_80B7E5D4)($at) 
/* 00EA4 80B7D734 E61002FC */  swc1    $f16, 0x02FC($s0)          ## 000002FC
/* 00EA8 80B7D738 0C02F2DC */  jal     func_800BCB70              
/* 00EAC 80B7D73C AFAF0010 */  sw      $t7, 0x0010($sp)           
/* 00EB0 80B7D740 8E180004 */  lw      $t8, 0x0004($s0)           ## 00000004
/* 00EB4 80B7D744 3C010800 */  lui     $at, 0x0800                ## $at = 08000000
/* 00EB8 80B7D748 02002025 */  or      $a0, $s0, $zero            ## $a0 = 00000000
/* 00EBC 80B7D74C 0301C825 */  or      $t9, $t8, $at              ## $t9 = 08000000
/* 00EC0 80B7D750 2401FFFE */  addiu   $at, $zero, 0xFFFE         ## $at = FFFFFFFE
/* 00EC4 80B7D754 AE190004 */  sw      $t9, 0x0004($s0)           ## 00000004
/* 00EC8 80B7D758 03214824 */  and     $t1, $t9, $at              
/* 00ECC 80B7D75C AE090004 */  sw      $t1, 0x0004($s0)           ## 00000004
/* 00ED0 80B7D760 0C02E3B2 */  jal     func_800B8EC8              
/* 00ED4 80B7D764 24053989 */  addiu   $a1, $zero, 0x3989         ## $a1 = 00003989
/* 00ED8 80B7D768 3C0A80B8 */  lui     $t2, %hi(func_80B7D788)    ## $t2 = 80B80000
/* 00EDC 80B7D76C 254AD788 */  addiu   $t2, $t2, %lo(func_80B7D788) ## $t2 = 80B7D788
/* 00EE0 80B7D770 AE0A02AC */  sw      $t2, 0x02AC($s0)           ## 000002AC
/* 00EE4 80B7D774 8FBF0024 */  lw      $ra, 0x0024($sp)           
/* 00EE8 80B7D778 8FB00020 */  lw      $s0, 0x0020($sp)           
/* 00EEC 80B7D77C 27BD0028 */  addiu   $sp, $sp, 0x0028           ## $sp = 00000000
/* 00EF0 80B7D780 03E00008 */  jr      $ra                        
/* 00EF4 80B7D784 00000000 */  nop


glabel func_80B7D788
/* 00EF8 80B7D788 27BDFFC0 */  addiu   $sp, $sp, 0xFFC0           ## $sp = FFFFFFC0
/* 00EFC 80B7D78C AFB00028 */  sw      $s0, 0x0028($sp)           
/* 00F00 80B7D790 00808025 */  or      $s0, $a0, $zero            ## $s0 = 00000000
/* 00F04 80B7D794 AFBF002C */  sw      $ra, 0x002C($sp)           
/* 00F08 80B7D798 AFA50044 */  sw      $a1, 0x0044($sp)           
/* 00F0C 80B7D79C 8603030A */  lh      $v1, 0x030A($s0)           ## 0000030A
/* 00F10 80B7D7A0 26040058 */  addiu   $a0, $s0, 0x0058           ## $a0 = 00000058
/* 00F14 80B7D7A4 3C053DCC */  lui     $a1, 0x3DCC                ## $a1 = 3DCC0000
/* 00F18 80B7D7A8 14600039 */  bne     $v1, $zero, .L80B7D890     
/* 00F1C 80B7D7AC 2861000B */  slti    $at, $v1, 0x000B           
/* 00F20 80B7D7B0 3C063C23 */  lui     $a2, 0x3C23                ## $a2 = 3C230000
/* 00F24 80B7D7B4 34C6D70A */  ori     $a2, $a2, 0xD70A           ## $a2 = 3C23D70A
/* 00F28 80B7D7B8 0C03FF9A */  jal     func_800FFE68              
/* 00F2C 80B7D7BC 34A5CCCD */  ori     $a1, $a1, 0xCCCD           ## $a1 = 3DCCCCCD
/* 00F30 80B7D7C0 3C053DCC */  lui     $a1, 0x3DCC                ## $a1 = 3DCC0000
/* 00F34 80B7D7C4 3C063C23 */  lui     $a2, 0x3C23                ## $a2 = 3C230000
/* 00F38 80B7D7C8 34C6D70A */  ori     $a2, $a2, 0xD70A           ## $a2 = 3C23D70A
/* 00F3C 80B7D7CC 34A5CCCD */  ori     $a1, $a1, 0xCCCD           ## $a1 = 3DCCCCCD
/* 00F40 80B7D7D0 0C03FF9A */  jal     func_800FFE68              
/* 00F44 80B7D7D4 2604005C */  addiu   $a0, $s0, 0x005C           ## $a0 = 0000005C
/* 00F48 80B7D7D8 3C053DCC */  lui     $a1, 0x3DCC                ## $a1 = 3DCC0000
/* 00F4C 80B7D7DC 3C063C23 */  lui     $a2, 0x3C23                ## $a2 = 3C230000
/* 00F50 80B7D7E0 34C6D70A */  ori     $a2, $a2, 0xD70A           ## $a2 = 3C23D70A
/* 00F54 80B7D7E4 34A5CCCD */  ori     $a1, $a1, 0xCCCD           ## $a1 = 3DCCCCCD
/* 00F58 80B7D7E8 0C03FF9A */  jal     func_800FFE68              
/* 00F5C 80B7D7EC 26040060 */  addiu   $a0, $s0, 0x0060           ## $a0 = 00000060
/* 00F60 80B7D7F0 3C0180B8 */  lui     $at, %hi(D_80B7E5D8)       ## $at = 80B80000
/* 00F64 80B7D7F4 C420E5D8 */  lwc1    $f0, %lo(D_80B7E5D8)($at)  
/* 00F68 80B7D7F8 26040300 */  addiu   $a0, $s0, 0x0300           ## $a0 = 00000300
/* 00F6C 80B7D7FC 44050000 */  mfc1    $a1, $f0                   
/* 00F70 80B7D800 44060000 */  mfc1    $a2, $f0                   
/* 00F74 80B7D804 0C03FF9A */  jal     func_800FFE68              
/* 00F78 80B7D808 00000000 */  nop
/* 00F7C 80B7D80C 3C0180B8 */  lui     $at, %hi(D_80B7E5DC)       ## $at = 80B80000
/* 00F80 80B7D810 C420E5DC */  lwc1    $f0, %lo(D_80B7E5DC)($at)  
/* 00F84 80B7D814 26040304 */  addiu   $a0, $s0, 0x0304           ## $a0 = 00000304
/* 00F88 80B7D818 44050000 */  mfc1    $a1, $f0                   
/* 00F8C 80B7D81C 44060000 */  mfc1    $a2, $f0                   
/* 00F90 80B7D820 0C03FF9A */  jal     func_800FFE68              
/* 00F94 80B7D824 00000000 */  nop
/* 00F98 80B7D828 3C0180B8 */  lui     $at, %hi(D_80B7E5E0)       ## $at = 80B80000
/* 00F9C 80B7D82C C426E5E0 */  lwc1    $f6, %lo(D_80B7E5E0)($at)  
/* 00FA0 80B7D830 C6040058 */  lwc1    $f4, 0x0058($s0)           ## 00000058
/* 00FA4 80B7D834 3C0680B8 */  lui     $a2, %hi(D_80B7E5B0)       ## $a2 = 80B80000
/* 00FA8 80B7D838 3C0780B8 */  lui     $a3, %hi(D_80B7E5A4)       ## $a3 = 80B80000
/* 00FAC 80B7D83C 4606203C */  c.lt.s  $f4, $f6                   
/* 00FB0 80B7D840 24E7E5A4 */  addiu   $a3, $a3, %lo(D_80B7E5A4)  ## $a3 = 80B7E5A4
/* 00FB4 80B7D844 24C6E5B0 */  addiu   $a2, $a2, %lo(D_80B7E5B0)  ## $a2 = 80B7E5B0
/* 00FB8 80B7D848 8FA40044 */  lw      $a0, 0x0044($sp)           
/* 00FBC 80B7D84C 45000055 */  bc1f    .L80B7D9A4                 
/* 00FC0 80B7D850 26050024 */  addiu   $a1, $s0, 0x0024           ## $a1 = 00000024
/* 00FC4 80B7D854 240E0078 */  addiu   $t6, $zero, 0x0078         ## $t6 = 00000078
/* 00FC8 80B7D858 AFAE0010 */  sw      $t6, 0x0010($sp)           
/* 00FCC 80B7D85C AFA00014 */  sw      $zero, 0x0014($sp)         
/* 00FD0 80B7D860 AFA00018 */  sw      $zero, 0x0018($sp)         
/* 00FD4 80B7D864 0C02CC0C */  jal     func_800B3030              
/* 00FD8 80B7D868 AFA50030 */  sw      $a1, 0x0030($sp)           
/* 00FDC 80B7D86C 8FA40044 */  lw      $a0, 0x0044($sp)           
/* 00FE0 80B7D870 02002825 */  or      $a1, $s0, $zero            ## $a1 = 00000000
/* 00FE4 80B7D874 8FA60030 */  lw      $a2, 0x0030($sp)           
/* 00FE8 80B7D878 0C029F4A */  jal     func_800A7D28              
/* 00FEC 80B7D87C 24070060 */  addiu   $a3, $zero, 0x0060         ## $a3 = 00000060
/* 00FF0 80B7D880 0C02D9C3 */  jal     func_800B670C              
/* 00FF4 80B7D884 02002025 */  or      $a0, $s0, $zero            ## $a0 = 00000000
/* 00FF8 80B7D888 10000047 */  beq     $zero, $zero, .L80B7D9A8   
/* 00FFC 80B7D88C 8FBF002C */  lw      $ra, 0x002C($sp)           
.L80B7D890:
/* 01000 80B7D890 1020001D */  beq     $at, $zero, .L80B7D908     
/* 01004 80B7D894 00031080 */  sll     $v0, $v1,  2               
/* 01008 80B7D898 860F0308 */  lh      $t7, 0x0308($s0)           ## 00000308
/* 0100C 80B7D89C 3C0180B8 */  lui     $at, %hi(D_80B7E54C)       ## $at = 80B80000
/* 01010 80B7D8A0 00220821 */  addu    $at, $at, $v0              
/* 01014 80B7D8A4 25F8EC78 */  addiu   $t8, $t7, 0xEC78           ## $t8 = FFFFEC78
/* 01018 80B7D8A8 A6180308 */  sh      $t8, 0x0308($s0)           ## 00000308
/* 0101C 80B7D8AC C420E54C */  lwc1    $f0, %lo(D_80B7E54C)($at)  
/* 01020 80B7D8B0 8619001C */  lh      $t9, 0x001C($s0)           ## 0000001C
/* 01024 80B7D8B4 3C0180B8 */  lui     $at, %hi(D_80B7E578)       ## $at = 80B80000
/* 01028 80B7D8B8 00220821 */  addu    $at, $at, $v0              
/* 0102C 80B7D8BC E6000060 */  swc1    $f0, 0x0060($s0)           ## 00000060
/* 01030 80B7D8C0 E6000058 */  swc1    $f0, 0x0058($s0)           ## 00000058
/* 01034 80B7D8C4 C428E578 */  lwc1    $f8, %lo(D_80B7E578)($at)  
/* 01038 80B7D8C8 33288000 */  andi    $t0, $t9, 0x8000           ## $t0 = 00000000
/* 0103C 80B7D8CC 1100000E */  beq     $t0, $zero, .L80B7D908     
/* 01040 80B7D8D0 E608005C */  swc1    $f8, 0x005C($s0)           ## 0000005C
/* 01044 80B7D8D4 3C013FC0 */  lui     $at, 0x3FC0                ## $at = 3FC00000
/* 01048 80B7D8D8 44811000 */  mtc1    $at, $f2                   ## $f2 = 1.50
/* 0104C 80B7D8DC C60A0058 */  lwc1    $f10, 0x0058($s0)          ## 00000058
/* 01050 80B7D8E0 C612005C */  lwc1    $f18, 0x005C($s0)          ## 0000005C
/* 01054 80B7D8E4 C6060060 */  lwc1    $f6, 0x0060($s0)           ## 00000060
/* 01058 80B7D8E8 46025402 */  mul.s   $f16, $f10, $f2            
/* 0105C 80B7D8EC 00000000 */  nop
/* 01060 80B7D8F0 46029102 */  mul.s   $f4, $f18, $f2             
/* 01064 80B7D8F4 00000000 */  nop
/* 01068 80B7D8F8 46023202 */  mul.s   $f8, $f6, $f2              
/* 0106C 80B7D8FC E6100058 */  swc1    $f16, 0x0058($s0)          ## 00000058
/* 01070 80B7D900 E604005C */  swc1    $f4, 0x005C($s0)           ## 0000005C
/* 01074 80B7D904 E6080060 */  swc1    $f8, 0x0060($s0)           ## 00000060
.L80B7D908:
/* 01078 80B7D908 92090310 */  lbu     $t1, 0x0310($s0)           ## 00000310
/* 0107C 80B7D90C 8602001C */  lh      $v0, 0x001C($s0)           ## 0000001C
/* 01080 80B7D910 3C013FC0 */  lui     $at, 0x3FC0                ## $at = 3FC00000
/* 01084 80B7D914 44811000 */  mtc1    $at, $f2                   ## $f2 = 1.50
/* 01088 80B7D918 15200011 */  bne     $t1, $zero, .L80B7D960     
/* 0108C 80B7D91C 30428000 */  andi    $v0, $v0, 0x8000           ## $v0 = 00000000
/* 01090 80B7D920 3C0180B8 */  lui     $at, %hi(D_80B7E5E4)       ## $at = 80B80000
/* 01094 80B7D924 C42CE5E4 */  lwc1    $f12, %lo(D_80B7E5E4)($at) 
/* 01098 80B7D928 10400003 */  beq     $v0, $zero, .L80B7D938     
/* 0109C 80B7D92C 46006006 */  mov.s   $f0, $f12                  
/* 010A0 80B7D930 46026002 */  mul.s   $f0, $f12, $f2             
/* 010A4 80B7D934 00000000 */  nop
.L80B7D938:
/* 010A8 80B7D938 44805000 */  mtc1    $zero, $f10                ## $f10 = 0.00
/* 010AC 80B7D93C 44050000 */  mfc1    $a1, $f0                   
/* 010B0 80B7D940 3C073E99 */  lui     $a3, 0x3E99                ## $a3 = 3E990000
/* 010B4 80B7D944 34E7999A */  ori     $a3, $a3, 0x999A           ## $a3 = 3E99999A
/* 010B8 80B7D948 26040304 */  addiu   $a0, $s0, 0x0304           ## $a0 = 00000304
/* 010BC 80B7D94C 3C063F00 */  lui     $a2, 0x3F00                ## $a2 = 3F000000
/* 010C0 80B7D950 0C03FF36 */  jal     func_800FFCD8              
/* 010C4 80B7D954 E7AA0010 */  swc1    $f10, 0x0010($sp)          
/* 010C8 80B7D958 10000010 */  beq     $zero, $zero, .L80B7D99C   
/* 010CC 80B7D95C 860A030A */  lh      $t2, 0x030A($s0)           ## 0000030A
.L80B7D960:
/* 010D0 80B7D960 3C0180B8 */  lui     $at, %hi(D_80B7E5E8)       ## $at = 80B80000
/* 010D4 80B7D964 C42CE5E8 */  lwc1    $f12, %lo(D_80B7E5E8)($at) 
/* 010D8 80B7D968 10400003 */  beq     $v0, $zero, .L80B7D978     
/* 010DC 80B7D96C 46006006 */  mov.s   $f0, $f12                  
/* 010E0 80B7D970 46026002 */  mul.s   $f0, $f12, $f2             
/* 010E4 80B7D974 00000000 */  nop
.L80B7D978:
/* 010E8 80B7D978 44808000 */  mtc1    $zero, $f16                ## $f16 = 0.00
/* 010EC 80B7D97C 44050000 */  mfc1    $a1, $f0                   
/* 010F0 80B7D980 3C073E99 */  lui     $a3, 0x3E99                ## $a3 = 3E990000
/* 010F4 80B7D984 34E7999A */  ori     $a3, $a3, 0x999A           ## $a3 = 3E99999A
/* 010F8 80B7D988 26040304 */  addiu   $a0, $s0, 0x0304           ## $a0 = 00000304
/* 010FC 80B7D98C 3C063F00 */  lui     $a2, 0x3F00                ## $a2 = 3F000000
/* 01100 80B7D990 0C03FF36 */  jal     func_800FFCD8              
/* 01104 80B7D994 E7B00010 */  swc1    $f16, 0x0010($sp)          
/* 01108 80B7D998 860A030A */  lh      $t2, 0x030A($s0)           ## 0000030A
.L80B7D99C:
/* 0110C 80B7D99C 254BFFFF */  addiu   $t3, $t2, 0xFFFF           ## $t3 = FFFFFFFF
/* 01110 80B7D9A0 A60B030A */  sh      $t3, 0x030A($s0)           ## 0000030A
.L80B7D9A4:
/* 01114 80B7D9A4 8FBF002C */  lw      $ra, 0x002C($sp)           
.L80B7D9A8:
/* 01118 80B7D9A8 8FB00028 */  lw      $s0, 0x0028($sp)           
/* 0111C 80B7D9AC 27BD0040 */  addiu   $sp, $sp, 0x0040           ## $sp = 00000000
/* 01120 80B7D9B0 03E00008 */  jr      $ra                        
/* 01124 80B7D9B4 00000000 */  nop


glabel func_80B7D9B8
/* 01128 80B7D9B8 27BDFFD0 */  addiu   $sp, $sp, 0xFFD0           ## $sp = FFFFFFD0
/* 0112C 80B7D9BC AFB00020 */  sw      $s0, 0x0020($sp)           
/* 01130 80B7D9C0 00808025 */  or      $s0, $a0, $zero            ## $s0 = 00000000
/* 01134 80B7D9C4 AFBF0024 */  sw      $ra, 0x0024($sp)           
/* 01138 80B7D9C8 AFA50034 */  sw      $a1, 0x0034($sp)           
/* 0113C 80B7D9CC 02002025 */  or      $a0, $s0, $zero            ## $a0 = 00000000
/* 01140 80B7D9D0 0C02D9D7 */  jal     func_800B675C              
/* 01144 80B7D9D4 3C0541A0 */  lui     $a1, 0x41A0                ## $a1 = 41A00000
/* 01148 80B7D9D8 92020199 */  lbu     $v0, 0x0199($s0)           ## 00000199
/* 0114C 80B7D9DC 304E0002 */  andi    $t6, $v0, 0x0002           ## $t6 = 00000000
/* 01150 80B7D9E0 11C0006C */  beq     $t6, $zero, .L80B7DB94     
/* 01154 80B7D9E4 304FFFFD */  andi    $t7, $v0, 0xFFFD           ## $t7 = 00000000
/* 01158 80B7D9E8 8E1902AC */  lw      $t9, 0x02AC($s0)           ## 000002AC
/* 0115C 80B7D9EC 3C1880B8 */  lui     $t8, %hi(func_80B7D47C)    ## $t8 = 80B80000
/* 01160 80B7D9F0 2718D47C */  addiu   $t8, $t8, %lo(func_80B7D47C) ## $t8 = 80B7D47C
/* 01164 80B7D9F4 17190013 */  bne     $t8, $t9, .L80B7DA44       
/* 01168 80B7D9F8 A20F0199 */  sb      $t7, 0x0199($s0)           ## 00000199
/* 0116C 80B7D9FC 920800B9 */  lbu     $t0, 0x00B9($s0)           ## 000000B9
/* 01170 80B7DA00 2509FFFF */  addiu   $t1, $t0, 0xFFFF           ## $t1 = FFFFFFFF
/* 01174 80B7DA04 2D21000E */  sltiu   $at, $t1, 0x000E           
/* 01178 80B7DA08 10200006 */  beq     $at, $zero, .L80B7DA24     
/* 0117C 80B7DA0C 00094880 */  sll     $t1, $t1,  2               
/* 01180 80B7DA10 3C0180B8 */  lui     $at, %hi(D_80B7E5EC)       ## $at = 80B80000
/* 01184 80B7DA14 00290821 */  addu    $at, $at, $t1              
/* 01188 80B7DA18 8C29E5EC */  lw      $t1, %lo(D_80B7E5EC)($at)  
/* 0118C 80B7DA1C 01200008 */  jr      $t1                        
/* 01190 80B7DA20 00000000 */  nop
.L80B7DA24:
/* 01194 80B7DA24 860A030E */  lh      $t2, 0x030E($s0)           ## 0000030E
/* 01198 80B7DA28 02002025 */  or      $a0, $s0, $zero            ## $a0 = 00000000
/* 0119C 80B7DA2C 29410002 */  slti    $at, $t2, 0x0002           
/* 011A0 80B7DA30 54200004 */  bnel    $at, $zero, .L80B7DA44     
/* 011A4 80B7DA34 A600030E */  sh      $zero, 0x030E($s0)         ## 0000030E
/* 011A8 80B7DA38 0C2DF82F */  jal     func_80B7E0BC              
/* 011AC 80B7DA3C 8FA50034 */  lw      $a1, 0x0034($sp)           
/* 011B0 80B7DA40 A600030E */  sh      $zero, 0x030E($s0)         ## 0000030E
.L80B7DA44:
/* 011B4 80B7DA44 0C02F88B */  jal     func_800BE22C              
/* 011B8 80B7DA48 02002025 */  or      $a0, $s0, $zero            ## $a0 = 00000000
/* 011BC 80B7DA4C 920200B9 */  lbu     $v0, 0x00B9($s0)           ## 000000B9
/* 011C0 80B7DA50 244BFFFF */  addiu   $t3, $v0, 0xFFFF           ## $t3 = FFFFFFFF
/* 011C4 80B7DA54 2D61000F */  sltiu   $at, $t3, 0x000F           
/* 011C8 80B7DA58 1020005D */  beq     $at, $zero, .L80B7DBD0     
/* 011CC 80B7DA5C 000B5880 */  sll     $t3, $t3,  2               
/* 011D0 80B7DA60 3C0180B8 */  lui     $at, %hi(D_80B7E624)       ## $at = 80B80000
/* 011D4 80B7DA64 002B0821 */  addu    $at, $at, $t3              
/* 011D8 80B7DA68 8C2BE624 */  lw      $t3, %lo(D_80B7E624)($at)  
/* 011DC 80B7DA6C 01600008 */  jr      $t3                        
/* 011E0 80B7DA70 00000000 */  nop
.L80B7DA74:
/* 011E4 80B7DA74 0C2DF4FB */  jal     func_80B7D3EC              
/* 011E8 80B7DA78 02002025 */  or      $a0, $s0, $zero            ## $a0 = 00000000
/* 011EC 80B7DA7C 10000055 */  beq     $zero, $zero, .L80B7DBD4   
/* 011F0 80B7DA80 8E0202AC */  lw      $v0, 0x02AC($s0)           ## 000002AC
.L80B7DA84:
/* 011F4 80B7DA84 24010002 */  addiu   $at, $zero, 0x0002         ## $at = 00000002
/* 011F8 80B7DA88 14410005 */  bne     $v0, $at, .L80B7DAA0       
/* 011FC 80B7DA8C 240D0014 */  addiu   $t5, $zero, 0x0014         ## $t5 = 00000014
/* 01200 80B7DA90 240C0050 */  addiu   $t4, $zero, 0x0050         ## $t4 = 00000050
/* 01204 80B7DA94 A2000310 */  sb      $zero, 0x0310($s0)         ## 00000310
/* 01208 80B7DA98 10000004 */  beq     $zero, $zero, .L80B7DAAC   
/* 0120C 80B7DA9C A60C030E */  sh      $t4, 0x030E($s0)           ## 0000030E
.L80B7DAA0:
/* 01210 80B7DAA0 240E0028 */  addiu   $t6, $zero, 0x0028         ## $t6 = 00000028
/* 01214 80B7DAA4 A20D0310 */  sb      $t5, 0x0310($s0)           ## 00000310
/* 01218 80B7DAA8 A60E030E */  sh      $t6, 0x030E($s0)           ## 0000030E
.L80B7DAAC:
/* 0121C 80B7DAAC 3C013F80 */  lui     $at, 0x3F80                ## $at = 3F800000
/* 01220 80B7DAB0 44812000 */  mtc1    $at, $f4                   ## $f4 = 1.00
/* 01224 80B7DAB4 44803000 */  mtc1    $zero, $f6                 ## $f6 = 0.00
/* 01228 80B7DAB8 920200B9 */  lbu     $v0, 0x00B9($s0)           ## 000000B9
/* 0122C 80B7DABC E6040300 */  swc1    $f4, 0x0300($s0)           ## 00000300
/* 01230 80B7DAC0 E6060304 */  swc1    $f6, 0x0304($s0)           ## 00000304
.L80B7DAC4:
/* 01234 80B7DAC4 2401000F */  addiu   $at, $zero, 0x000F         ## $at = 0000000F
/* 01238 80B7DAC8 10410004 */  beq     $v0, $at, .L80B7DADC       
/* 0123C 80B7DACC 02002825 */  or      $a1, $s0, $zero            ## $a1 = 00000000
/* 01240 80B7DAD0 2401000E */  addiu   $at, $zero, 0x000E         ## $at = 0000000E
/* 01244 80B7DAD4 54410003 */  bnel    $v0, $at, .L80B7DAE4       
/* 01248 80B7DAD8 920F00B7 */  lbu     $t7, 0x00B7($s0)           ## 000000B7
.L80B7DADC:
/* 0124C 80B7DADC A600030E */  sh      $zero, 0x030E($s0)         ## 0000030E
/* 01250 80B7DAE0 920F00B7 */  lbu     $t7, 0x00B7($s0)           ## 000000B7
.L80B7DAE4:
/* 01254 80B7DAE4 19E00005 */  blez    $t7, .L80B7DAFC            
/* 01258 80B7DAE8 00000000 */  nop
/* 0125C 80B7DAEC 0C2DF53F */  jal     func_80B7D4FC              
/* 01260 80B7DAF0 02002025 */  or      $a0, $s0, $zero            ## $a0 = 00000000
/* 01264 80B7DAF4 10000037 */  beq     $zero, $zero, .L80B7DBD4   
/* 01268 80B7DAF8 8E0202AC */  lw      $v0, 0x02AC($s0)           ## 000002AC
.L80B7DAFC:
/* 0126C 80B7DAFC 0C02EEA2 */  jal     func_800BBA88              
/* 01270 80B7DB00 8FA40034 */  lw      $a0, 0x0034($sp)           
/* 01274 80B7DB04 0C2DF5B4 */  jal     func_80B7D6D0              
/* 01278 80B7DB08 02002025 */  or      $a0, $s0, $zero            ## $a0 = 00000000
/* 0127C 80B7DB0C 10000031 */  beq     $zero, $zero, .L80B7DBD4   
/* 01280 80B7DB10 8E0202AC */  lw      $v0, 0x02AC($s0)           ## 000002AC
.L80B7DB14:
/* 01284 80B7DB14 3C013F80 */  lui     $at, 0x3F80                ## $at = 3F800000
/* 01288 80B7DB18 44814000 */  mtc1    $at, $f8                   ## $f8 = 1.00
/* 0128C 80B7DB1C 3C014000 */  lui     $at, 0x4000                ## $at = 40000000
/* 01290 80B7DB20 44815000 */  mtc1    $at, $f10                  ## $f10 = 2.00
/* 01294 80B7DB24 2418001E */  addiu   $t8, $zero, 0x001E         ## $t8 = 0000001E
/* 01298 80B7DB28 24190028 */  addiu   $t9, $zero, 0x0028         ## $t9 = 00000028
/* 0129C 80B7DB2C A2180310 */  sb      $t8, 0x0310($s0)           ## 00000310
/* 012A0 80B7DB30 A619030E */  sh      $t9, 0x030E($s0)           ## 0000030E
/* 012A4 80B7DB34 24080028 */  addiu   $t0, $zero, 0x0028         ## $t0 = 00000028
/* 012A8 80B7DB38 E6080300 */  swc1    $f8, 0x0300($s0)           ## 00000300
/* 012AC 80B7DB3C E60A0304 */  swc1    $f10, 0x0304($s0)          ## 00000304
/* 012B0 80B7DB40 AFA80010 */  sw      $t0, 0x0010($sp)           
/* 012B4 80B7DB44 02002025 */  or      $a0, $s0, $zero            ## $a0 = 00000000
/* 012B8 80B7DB48 00002825 */  or      $a1, $zero, $zero          ## $a1 = 00000000
/* 012BC 80B7DB4C 24060078 */  addiu   $a2, $zero, 0x0078         ## $a2 = 00000078
/* 012C0 80B7DB50 0C02F2DC */  jal     func_800BCB70              
/* 012C4 80B7DB54 00003825 */  or      $a3, $zero, $zero          ## $a3 = 00000000
/* 012C8 80B7DB58 0C2DF4D8 */  jal     func_80B7D360              
/* 012CC 80B7DB5C 02002025 */  or      $a0, $s0, $zero            ## $a0 = 00000000
/* 012D0 80B7DB60 1000001C */  beq     $zero, $zero, .L80B7DBD4   
/* 012D4 80B7DB64 8E0202AC */  lw      $v0, 0x02AC($s0)           ## 000002AC
.L80B7DB68:
/* 012D8 80B7DB68 24090028 */  addiu   $t1, $zero, 0x0028         ## $t1 = 00000028
/* 012DC 80B7DB6C AFA90010 */  sw      $t1, 0x0010($sp)           
/* 012E0 80B7DB70 02002025 */  or      $a0, $s0, $zero            ## $a0 = 00000000
/* 012E4 80B7DB74 00002825 */  or      $a1, $zero, $zero          ## $a1 = 00000000
/* 012E8 80B7DB78 24060078 */  addiu   $a2, $zero, 0x0078         ## $a2 = 00000078
/* 012EC 80B7DB7C 0C02F2DC */  jal     func_800BCB70              
/* 012F0 80B7DB80 00003825 */  or      $a3, $zero, $zero          ## $a3 = 00000000
/* 012F4 80B7DB84 0C2DF4D8 */  jal     func_80B7D360              
/* 012F8 80B7DB88 02002025 */  or      $a0, $s0, $zero            ## $a0 = 00000000
/* 012FC 80B7DB8C 10000011 */  beq     $zero, $zero, .L80B7DBD4   
/* 01300 80B7DB90 8E0202AC */  lw      $v0, 0x02AC($s0)           ## 000002AC
.L80B7DB94:
/* 01304 80B7DB94 920A019B */  lbu     $t2, 0x019B($s0)           ## 0000019B
/* 01308 80B7DB98 314B0001 */  andi    $t3, $t2, 0x0001           ## $t3 = 00000000
/* 0130C 80B7DB9C 55600006 */  bnel    $t3, $zero, .L80B7DBB8     
/* 01310 80B7DBA0 8E0F02AC */  lw      $t7, 0x02AC($s0)           ## 000002AC
/* 01314 80B7DBA4 920C0198 */  lbu     $t4, 0x0198($s0)           ## 00000198
/* 01318 80B7DBA8 318D0004 */  andi    $t5, $t4, 0x0004           ## $t5 = 00000000
/* 0131C 80B7DBAC 51A00009 */  beql    $t5, $zero, .L80B7DBD4     
/* 01320 80B7DBB0 8E0202AC */  lw      $v0, 0x02AC($s0)           ## 000002AC
/* 01324 80B7DBB4 8E0F02AC */  lw      $t7, 0x02AC($s0)           ## 000002AC
.L80B7DBB8:
/* 01328 80B7DBB8 3C0E80B8 */  lui     $t6, %hi(func_80B7CFFC)    ## $t6 = 80B80000
/* 0132C 80B7DBBC 25CECFFC */  addiu   $t6, $t6, %lo(func_80B7CFFC) ## $t6 = 80B7CFFC
/* 01330 80B7DBC0 55CF0004 */  bnel    $t6, $t7, .L80B7DBD4       
/* 01334 80B7DBC4 8E0202AC */  lw      $v0, 0x02AC($s0)           ## 000002AC
/* 01338 80B7DBC8 0C2DF495 */  jal     func_80B7D254              
/* 0133C 80B7DBCC 02002025 */  or      $a0, $s0, $zero            ## $a0 = 00000000
.L80B7DBD0:
/* 01340 80B7DBD0 8E0202AC */  lw      $v0, 0x02AC($s0)           ## 000002AC
.L80B7DBD4:
/* 01344 80B7DBD4 3C1880B8 */  lui     $t8, %hi(func_80B7CA70)    ## $t8 = 80B80000
/* 01348 80B7DBD8 2718CA70 */  addiu   $t8, $t8, %lo(func_80B7CA70) ## $t8 = 80B7CA70
/* 0134C 80B7DBDC 13020023 */  beq     $t8, $v0, .L80B7DC6C       
/* 01350 80B7DBE0 3C1980B8 */  lui     $t9, %hi(func_80B7CD28)    ## $t9 = 80B80000
/* 01354 80B7DBE4 2739CD28 */  addiu   $t9, $t9, %lo(func_80B7CD28) ## $t9 = 80B7CD28
/* 01358 80B7DBE8 13220020 */  beq     $t9, $v0, .L80B7DC6C       
/* 0135C 80B7DBEC 3C0880B8 */  lui     $t0, %hi(func_80B7CE94)    ## $t0 = 80B80000
/* 01360 80B7DBF0 2508CE94 */  addiu   $t0, $t0, %lo(func_80B7CE94) ## $t0 = 80B7CE94
/* 01364 80B7DBF4 1102001D */  beq     $t0, $v0, .L80B7DC6C       
/* 01368 80B7DBF8 3C0980B8 */  lui     $t1, %hi(func_80B7D5A4)    ## $t1 = 80B80000
/* 0136C 80B7DBFC 2529D5A4 */  addiu   $t1, $t1, %lo(func_80B7D5A4) ## $t1 = 80B7D5A4
/* 01370 80B7DC00 1122001A */  beq     $t1, $v0, .L80B7DC6C       
/* 01374 80B7DC04 3C0A80B8 */  lui     $t2, %hi(func_80B7D788)    ## $t2 = 80B80000
/* 01378 80B7DC08 254AD788 */  addiu   $t2, $t2, %lo(func_80B7D788) ## $t2 = 80B7D788
/* 0137C 80B7DC0C 11420017 */  beq     $t2, $v0, .L80B7DC6C       
/* 01380 80B7DC10 02002025 */  or      $a0, $s0, $zero            ## $a0 = 00000000
/* 01384 80B7DC14 26050188 */  addiu   $a1, $s0, 0x0188           ## $a1 = 00000188
/* 01388 80B7DC18 0C039F7E */  jal     func_800E7DF8              
/* 0138C 80B7DC1C AFA5002C */  sw      $a1, 0x002C($sp)           
/* 01390 80B7DC20 8FA40034 */  lw      $a0, 0x0034($sp)           
/* 01394 80B7DC24 3C010001 */  lui     $at, 0x0001                ## $at = 00010000
/* 01398 80B7DC28 34218884 */  ori     $at, $at, 0x8884           ## $at = 00018884
/* 0139C 80B7DC2C 00812821 */  addu    $a1, $a0, $at              
/* 013A0 80B7DC30 AFA50028 */  sw      $a1, 0x0028($sp)           
/* 013A4 80B7DC34 0C038A4A */  jal     func_800E2928              
/* 013A8 80B7DC38 8FA6002C */  lw      $a2, 0x002C($sp)           
/* 013AC 80B7DC3C 8FA40034 */  lw      $a0, 0x0034($sp)           
/* 013B0 80B7DC40 8FA50028 */  lw      $a1, 0x0028($sp)           
/* 013B4 80B7DC44 0C0389D0 */  jal     func_800E2740              
/* 013B8 80B7DC48 8FA6002C */  lw      $a2, 0x002C($sp)           
/* 013BC 80B7DC4C 8E0C02AC */  lw      $t4, 0x02AC($s0)           ## 000002AC
/* 013C0 80B7DC50 3C0B80B8 */  lui     $t3, %hi(func_80B7D398)    ## $t3 = 80B80000
/* 013C4 80B7DC54 256BD398 */  addiu   $t3, $t3, %lo(func_80B7D398) ## $t3 = 80B7D398
/* 013C8 80B7DC58 116C0004 */  beq     $t3, $t4, .L80B7DC6C       
/* 013CC 80B7DC5C 8FA40034 */  lw      $a0, 0x0034($sp)           
/* 013D0 80B7DC60 8FA50028 */  lw      $a1, 0x0028($sp)           
/* 013D4 80B7DC64 0C038956 */  jal     func_800E2558              
/* 013D8 80B7DC68 8FA6002C */  lw      $a2, 0x002C($sp)           
.L80B7DC6C:
/* 013DC 80B7DC6C 8FBF0024 */  lw      $ra, 0x0024($sp)           
/* 013E0 80B7DC70 8FB00020 */  lw      $s0, 0x0020($sp)           
/* 013E4 80B7DC74 27BD0030 */  addiu   $sp, $sp, 0x0030           ## $sp = 00000000
/* 013E8 80B7DC78 03E00008 */  jr      $ra                        
/* 013EC 80B7DC7C 00000000 */  nop


glabel func_80B7DC80
/* 013F0 80B7DC80 27BDFFD8 */  addiu   $sp, $sp, 0xFFD8           ## $sp = FFFFFFD8
/* 013F4 80B7DC84 AFB00020 */  sw      $s0, 0x0020($sp)           
/* 013F8 80B7DC88 00808025 */  or      $s0, $a0, $zero            ## $s0 = 00000000
/* 013FC 80B7DC8C AFBF0024 */  sw      $ra, 0x0024($sp)           
/* 01400 80B7DC90 AFA5002C */  sw      $a1, 0x002C($sp)           
/* 01404 80B7DC94 8E0202AC */  lw      $v0, 0x02AC($s0)           ## 000002AC
/* 01408 80B7DC98 3C0E80B8 */  lui     $t6, %hi(func_80B7CA70)    ## $t6 = 80B80000
/* 0140C 80B7DC9C 25CECA70 */  addiu   $t6, $t6, %lo(func_80B7CA70) ## $t6 = 80B7CA70
/* 01410 80B7DCA0 11C20031 */  beq     $t6, $v0, .L80B7DD68       
/* 01414 80B7DCA4 3C0F80B8 */  lui     $t7, %hi(func_80B7CD28)    ## $t7 = 80B80000
/* 01418 80B7DCA8 25EFCD28 */  addiu   $t7, $t7, %lo(func_80B7CD28) ## $t7 = 80B7CD28
/* 0141C 80B7DCAC 11E2002E */  beq     $t7, $v0, .L80B7DD68       
/* 01420 80B7DCB0 3C1880B8 */  lui     $t8, %hi(func_80B7CE94)    ## $t8 = 80B80000
/* 01424 80B7DCB4 2718CE94 */  addiu   $t8, $t8, %lo(func_80B7CE94) ## $t8 = 80B7CE94
/* 01428 80B7DCB8 5302002C */  beql    $t8, $v0, .L80B7DD6C       
/* 0142C 80B7DCBC 8FBF0024 */  lw      $ra, 0x0024($sp)           
/* 01430 80B7DCC0 C6040068 */  lwc1    $f4, 0x0068($s0)           ## 00000068
/* 01434 80B7DCC4 C6060074 */  lwc1    $f6, 0x0074($s0)           ## 00000074
/* 01438 80B7DCC8 C60A0028 */  lwc1    $f10, 0x0028($s0)          ## 00000028
/* 0143C 80B7DCCC 260402BC */  addiu   $a0, $s0, 0x02BC           ## $a0 = 000002BC
/* 01440 80B7DCD0 46062200 */  add.s   $f8, $f4, $f6              
/* 01444 80B7DCD4 C60600A4 */  lwc1    $f6, 0x00A4($s0)           ## 000000A4
/* 01448 80B7DCD8 C6040024 */  lwc1    $f4, 0x0024($s0)           ## 00000024
/* 0144C 80B7DCDC 3C053F80 */  lui     $a1, 0x3F80                ## $a1 = 3F800000
/* 01450 80B7DCE0 E6080068 */  swc1    $f8, 0x0068($s0)           ## 00000068
/* 01454 80B7DCE4 C6100068 */  lwc1    $f16, 0x0068($s0)          ## 00000068
/* 01458 80B7DCE8 46062200 */  add.s   $f8, $f4, $f6              
/* 0145C 80B7DCEC C60602BC */  lwc1    $f6, 0x02BC($s0)           ## 000002BC
/* 01460 80B7DCF0 3C064000 */  lui     $a2, 0x4000                ## $a2 = 40000000
/* 01464 80B7DCF4 46105480 */  add.s   $f18, $f10, $f16           
/* 01468 80B7DCF8 C61000AC */  lwc1    $f16, 0x00AC($s0)          ## 000000AC
/* 0146C 80B7DCFC C60A002C */  lwc1    $f10, 0x002C($s0)          ## 0000002C
/* 01470 80B7DD00 E6080024 */  swc1    $f8, 0x0024($s0)           ## 00000024
/* 01474 80B7DD04 E6120028 */  swc1    $f18, 0x0028($s0)          ## 00000028
/* 01478 80B7DD08 46105480 */  add.s   $f18, $f10, $f16           
/* 0147C 80B7DD0C C6040024 */  lwc1    $f4, 0x0024($s0)           ## 00000024
/* 01480 80B7DD10 C61002C4 */  lwc1    $f16, 0x02C4($s0)          ## 000002C4
/* 01484 80B7DD14 E612002C */  swc1    $f18, 0x002C($s0)          ## 0000002C
/* 01488 80B7DD18 C60A002C */  lwc1    $f10, 0x002C($s0)          ## 0000002C
/* 0148C 80B7DD1C 46062200 */  add.s   $f8, $f4, $f6              
/* 01490 80B7DD20 46105480 */  add.s   $f18, $f10, $f16           
/* 01494 80B7DD24 E6080024 */  swc1    $f8, 0x0024($s0)           ## 00000024
/* 01498 80B7DD28 0C03FF9A */  jal     func_800FFE68              
/* 0149C 80B7DD2C E612002C */  swc1    $f18, 0x002C($s0)          ## 0000002C
/* 014A0 80B7DD30 260402C4 */  addiu   $a0, $s0, 0x02C4           ## $a0 = 000002C4
/* 014A4 80B7DD34 3C053F80 */  lui     $a1, 0x3F80                ## $a1 = 3F800000
/* 014A8 80B7DD38 0C03FF9A */  jal     func_800FFE68              
/* 014AC 80B7DD3C 3C064000 */  lui     $a2, 0x4000                ## $a2 = 40000000
/* 014B0 80B7DD40 3C014220 */  lui     $at, 0x4220                ## $at = 42200000
/* 014B4 80B7DD44 44810000 */  mtc1    $at, $f0                   ## $f0 = 40.00
/* 014B8 80B7DD48 24190005 */  addiu   $t9, $zero, 0x0005         ## $t9 = 00000005
/* 014BC 80B7DD4C AFB90014 */  sw      $t9, 0x0014($sp)           
/* 014C0 80B7DD50 44070000 */  mfc1    $a3, $f0                   
/* 014C4 80B7DD54 8FA4002C */  lw      $a0, 0x002C($sp)           
/* 014C8 80B7DD58 02002825 */  or      $a1, $s0, $zero            ## $a1 = 00000000
/* 014CC 80B7DD5C 3C064120 */  lui     $a2, 0x4120                ## $a2 = 41200000
/* 014D0 80B7DD60 0C02DE2E */  jal     func_800B78B8              
/* 014D4 80B7DD64 E7A00010 */  swc1    $f0, 0x0010($sp)           
.L80B7DD68:
/* 014D8 80B7DD68 8FBF0024 */  lw      $ra, 0x0024($sp)           
.L80B7DD6C:
/* 014DC 80B7DD6C 8FB00020 */  lw      $s0, 0x0020($sp)           
/* 014E0 80B7DD70 27BD0028 */  addiu   $sp, $sp, 0x0028           ## $sp = 00000000
/* 014E4 80B7DD74 03E00008 */  jr      $ra                        
/* 014E8 80B7DD78 00000000 */  nop


glabel func_80B7DD7C
/* 014EC 80B7DD7C 27BDFFA0 */  addiu   $sp, $sp, 0xFFA0           ## $sp = FFFFFFA0
/* 014F0 80B7DD80 3C014120 */  lui     $at, 0x4120                ## $at = 41200000
/* 014F4 80B7DD84 44817000 */  mtc1    $at, $f14                  ## $f14 = 10.00
/* 014F8 80B7DD88 3C0141A0 */  lui     $at, 0x41A0                ## $at = 41A00000
/* 014FC 80B7DD8C 44818000 */  mtc1    $at, $f16                  ## $f16 = 20.00
/* 01500 80B7DD90 3C0180B8 */  lui     $at, %hi(D_80B7E660)       ## $at = 80B80000
/* 01504 80B7DD94 AFB30040 */  sw      $s3, 0x0040($sp)           
/* 01508 80B7DD98 00809825 */  or      $s3, $a0, $zero            ## $s3 = 00000000
/* 0150C 80B7DD9C C432E660 */  lwc1    $f18, %lo(D_80B7E660)($at) 
/* 01510 80B7DDA0 AFBF004C */  sw      $ra, 0x004C($sp)           
/* 01514 80B7DDA4 AFB50048 */  sw      $s5, 0x0048($sp)           
/* 01518 80B7DDA8 AFB40044 */  sw      $s4, 0x0044($sp)           
/* 0151C 80B7DDAC AFB2003C */  sw      $s2, 0x003C($sp)           
/* 01520 80B7DDB0 AFB10038 */  sw      $s1, 0x0038($sp)           
/* 01524 80B7DDB4 AFB00034 */  sw      $s0, 0x0034($sp)           
/* 01528 80B7DDB8 F7B60028 */  sdc1    $f22, 0x0028($sp)          
/* 0152C 80B7DDBC F7B40020 */  sdc1    $f20, 0x0020($sp)          
/* 01530 80B7DDC0 AFA50064 */  sw      $a1, 0x0064($sp)           
/* 01534 80B7DDC4 866E001C */  lh      $t6, 0x001C($s3)           ## 0000001C
/* 01538 80B7DDC8 46007506 */  mov.s   $f20, $f14                 
/* 0153C 80B7DDCC 46008086 */  mov.s   $f2, $f16                  
/* 01540 80B7DDD0 31CF8000 */  andi    $t7, $t6, 0x8000           ## $t7 = 00000000
/* 01544 80B7DDD4 11E0000A */  beq     $t7, $zero, .L80B7DE00     
/* 01548 80B7DDD8 46009306 */  mov.s   $f12, $f18                 
/* 0154C 80B7DDDC 3C013FC0 */  lui     $at, 0x3FC0                ## $at = 3FC00000
/* 01550 80B7DDE0 44810000 */  mtc1    $at, $f0                   ## $f0 = 1.50
/* 01554 80B7DDE4 00000000 */  nop
/* 01558 80B7DDE8 46007502 */  mul.s   $f20, $f14, $f0            
/* 0155C 80B7DDEC 00000000 */  nop
/* 01560 80B7DDF0 46008082 */  mul.s   $f2, $f16, $f0             
/* 01564 80B7DDF4 00000000 */  nop
/* 01568 80B7DDF8 46009302 */  mul.s   $f12, $f18, $f0            
/* 0156C 80B7DDFC 00000000 */  nop
.L80B7DE00:
/* 01570 80B7DE00 3C0140A0 */  lui     $at, 0x40A0                ## $at = 40A00000
/* 01574 80B7DE04 4481B000 */  mtc1    $at, $f22                  ## $f22 = 5.00
/* 01578 80B7DE08 02608025 */  or      $s0, $s3, $zero            ## $s0 = 00000000
/* 0157C 80B7DE0C 267202C8 */  addiu   $s2, $s3, 0x02C8           ## $s2 = 000002C8
/* 01580 80B7DE10 26750024 */  addiu   $s5, $s3, 0x0024           ## $s5 = 00000024
/* 01584 80B7DE14 00008825 */  or      $s1, $zero, $zero          ## $s1 = 00000000
/* 01588 80B7DE18 E7A20054 */  swc1    $f2, 0x0054($sp)           
/* 0158C 80B7DE1C E7AC0050 */  swc1    $f12, 0x0050($sp)          
/* 01590 80B7DE20 3414FFFF */  ori     $s4, $zero, 0xFFFF         ## $s4 = 0000FFFF
.L80B7DE24:
/* 01594 80B7DE24 8EB90000 */  lw      $t9, 0x0000($s5)           ## 00000024
/* 01598 80B7DE28 AE590000 */  sw      $t9, 0x0000($s2)           ## 000002C8
/* 0159C 80B7DE2C 8EB80004 */  lw      $t8, 0x0004($s5)           ## 00000028
/* 015A0 80B7DE30 AE580004 */  sw      $t8, 0x0004($s2)           ## 000002CC
/* 015A4 80B7DE34 8EB90008 */  lw      $t9, 0x0008($s5)           ## 0000002C
/* 015A8 80B7DE38 AE590008 */  sw      $t9, 0x0008($s2)           ## 000002D0
/* 015AC 80B7DE3C 866800BE */  lh      $t0, 0x00BE($s3)           ## 000000BE
/* 015B0 80B7DE40 01112021 */  addu    $a0, $t0, $s1              
/* 015B4 80B7DE44 00042400 */  sll     $a0, $a0, 16               
/* 015B8 80B7DE48 0C03FB61 */  jal     func_800FED84              
/* 015BC 80B7DE4C 00042403 */  sra     $a0, $a0, 16               
/* 015C0 80B7DE50 4600A182 */  mul.s   $f6, $f20, $f0             
/* 015C4 80B7DE54 C60402C8 */  lwc1    $f4, 0x02C8($s0)           ## 000002C8
/* 015C8 80B7DE58 46062200 */  add.s   $f8, $f4, $f6              
/* 015CC 80B7DE5C E60802C8 */  swc1    $f8, 0x02C8($s0)           ## 000002C8
/* 015D0 80B7DE60 866900BE */  lh      $t1, 0x00BE($s3)           ## 000000BE
/* 015D4 80B7DE64 01312021 */  addu    $a0, $t1, $s1              
/* 015D8 80B7DE68 00042400 */  sll     $a0, $a0, 16               
/* 015DC 80B7DE6C 0C03FB51 */  jal     func_800FED44              
/* 015E0 80B7DE70 00042403 */  sra     $a0, $a0, 16               
/* 015E4 80B7DE74 4600A102 */  mul.s   $f4, $f20, $f0             
/* 015E8 80B7DE78 C60A02D0 */  lwc1    $f10, 0x02D0($s0)          ## 000002D0
/* 015EC 80B7DE7C C60802CC */  lwc1    $f8, 0x02CC($s0)           ## 000002CC
/* 015F0 80B7DE80 26315555 */  addiu   $s1, $s1, 0x5555           ## $s1 = 00005555
/* 015F4 80B7DE84 2610000C */  addiu   $s0, $s0, 0x000C           ## $s0 = 0000000C
/* 015F8 80B7DE88 2652000C */  addiu   $s2, $s2, 0x000C           ## $s2 = 000002D4
/* 015FC 80B7DE8C 46045180 */  add.s   $f6, $f10, $f4             
/* 01600 80B7DE90 46164280 */  add.s   $f10, $f8, $f22            
/* 01604 80B7DE94 E60602C4 */  swc1    $f6, 0x02C4($s0)           ## 000002D0
/* 01608 80B7DE98 1634FFE2 */  bne     $s1, $s4, .L80B7DE24       
/* 0160C 80B7DE9C E60A02C0 */  swc1    $f10, 0x02C0($s0)          ## 000002CC
/* 01610 80B7DEA0 8EAB0000 */  lw      $t3, 0x0000($s5)           ## 00000024
/* 01614 80B7DEA4 3C013F00 */  lui     $at, 0x3F00                ## $at = 3F000000
/* 01618 80B7DEA8 02602825 */  or      $a1, $s3, $zero            ## $a1 = 00000000
/* 0161C 80B7DEAC AE6B02EC */  sw      $t3, 0x02EC($s3)           ## 000002EC
/* 01620 80B7DEB0 8EAA0004 */  lw      $t2, 0x0004($s5)           ## 00000028
/* 01624 80B7DEB4 266602C8 */  addiu   $a2, $s3, 0x02C8           ## $a2 = 000002C8
/* 01628 80B7DEB8 24070004 */  addiu   $a3, $zero, 0x0004         ## $a3 = 00000004
/* 0162C 80B7DEBC AE6A02F0 */  sw      $t2, 0x02F0($s3)           ## 000002F0
/* 01630 80B7DEC0 8EAB0008 */  lw      $t3, 0x0008($s5)           ## 0000002C
/* 01634 80B7DEC4 C66402F0 */  lwc1    $f4, 0x02F0($s3)           ## 000002F0
/* 01638 80B7DEC8 AE6B02F4 */  sw      $t3, 0x02F4($s3)           ## 000002F4
/* 0163C 80B7DECC C7A60054 */  lwc1    $f6, 0x0054($sp)           
/* 01640 80B7DED0 46062200 */  add.s   $f8, $f4, $f6              
/* 01644 80B7DED4 44813000 */  mtc1    $at, $f6                   ## $f6 = 0.50
/* 01648 80B7DED8 E66802F0 */  swc1    $f8, 0x02F0($s3)           ## 000002F0
/* 0164C 80B7DEDC C7AA0050 */  lwc1    $f10, 0x0050($sp)          
/* 01650 80B7DEE0 E66A0304 */  swc1    $f10, 0x0304($s3)          ## 00000304
/* 01654 80B7DEE4 C7A40050 */  lwc1    $f4, 0x0050($sp)           
/* 01658 80B7DEE8 E7A60014 */  swc1    $f6, 0x0014($sp)           
/* 0165C 80B7DEEC 8FA40064 */  lw      $a0, 0x0064($sp)           
/* 01660 80B7DEF0 E7A40010 */  swc1    $f4, 0x0010($sp)           
/* 01664 80B7DEF4 C6680300 */  lwc1    $f8, 0x0300($s3)           ## 00000300
/* 01668 80B7DEF8 E7A80018 */  swc1    $f8, 0x0018($sp)           
/* 0166C 80B7DEFC 926C0310 */  lbu     $t4, 0x0310($s3)           ## 00000310
/* 01670 80B7DF00 0C02F9A0 */  jal     func_800BE680              
/* 01674 80B7DF04 AFAC001C */  sw      $t4, 0x001C($sp)           
/* 01678 80B7DF08 8FBF004C */  lw      $ra, 0x004C($sp)           
/* 0167C 80B7DF0C D7B40020 */  ldc1    $f20, 0x0020($sp)          
/* 01680 80B7DF10 D7B60028 */  ldc1    $f22, 0x0028($sp)          
/* 01684 80B7DF14 8FB00034 */  lw      $s0, 0x0034($sp)           
/* 01688 80B7DF18 8FB10038 */  lw      $s1, 0x0038($sp)           
/* 0168C 80B7DF1C 8FB2003C */  lw      $s2, 0x003C($sp)           
/* 01690 80B7DF20 8FB30040 */  lw      $s3, 0x0040($sp)           
/* 01694 80B7DF24 8FB40044 */  lw      $s4, 0x0044($sp)           
/* 01698 80B7DF28 8FB50048 */  lw      $s5, 0x0048($sp)           
/* 0169C 80B7DF2C 03E00008 */  jr      $ra                        
/* 016A0 80B7DF30 27BD0060 */  addiu   $sp, $sp, 0x0060           ## $sp = 00000000


glabel func_80B7DF34
/* 016A4 80B7DF34 27BDFFB0 */  addiu   $sp, $sp, 0xFFB0           ## $sp = FFFFFFB0
/* 016A8 80B7DF38 3C014170 */  lui     $at, 0x4170                ## $at = 41700000
/* 016AC 80B7DF3C AFB30040 */  sw      $s3, 0x0040($sp)           
/* 016B0 80B7DF40 44810000 */  mtc1    $at, $f0                   ## $f0 = 15.00
/* 016B4 80B7DF44 00809825 */  or      $s3, $a0, $zero            ## $s3 = 00000000
/* 016B8 80B7DF48 AFBF004C */  sw      $ra, 0x004C($sp)           
/* 016BC 80B7DF4C AFB50048 */  sw      $s5, 0x0048($sp)           
/* 016C0 80B7DF50 AFB40044 */  sw      $s4, 0x0044($sp)           
/* 016C4 80B7DF54 AFB2003C */  sw      $s2, 0x003C($sp)           
/* 016C8 80B7DF58 AFB10038 */  sw      $s1, 0x0038($sp)           
/* 016CC 80B7DF5C AFB00034 */  sw      $s0, 0x0034($sp)           
/* 016D0 80B7DF60 F7B60028 */  sdc1    $f22, 0x0028($sp)          
/* 016D4 80B7DF64 F7B40020 */  sdc1    $f20, 0x0020($sp)          
/* 016D8 80B7DF68 AFA50054 */  sw      $a1, 0x0054($sp)           
/* 016DC 80B7DF6C 866E001C */  lh      $t6, 0x001C($s3)           ## 0000001C
/* 016E0 80B7DF70 46000506 */  mov.s   $f20, $f0                  
/* 016E4 80B7DF74 3C013FC0 */  lui     $at, 0x3FC0                ## $at = 3FC00000
/* 016E8 80B7DF78 31CF8000 */  andi    $t7, $t6, 0x8000           ## $t7 = 00000000
/* 016EC 80B7DF7C 11E00005 */  beq     $t7, $zero, .L80B7DF94     
/* 016F0 80B7DF80 02608025 */  or      $s0, $s3, $zero            ## $s0 = 00000000
/* 016F4 80B7DF84 44812000 */  mtc1    $at, $f4                   ## $f4 = 1.50
/* 016F8 80B7DF88 00000000 */  nop
/* 016FC 80B7DF8C 46040502 */  mul.s   $f20, $f0, $f4             
/* 01700 80B7DF90 00000000 */  nop
.L80B7DF94:
/* 01704 80B7DF94 92620310 */  lbu     $v0, 0x0310($s3)           ## 00000310
/* 01708 80B7DF98 24010014 */  addiu   $at, $zero, 0x0014         ## $at = 00000014
/* 0170C 80B7DF9C 267202C8 */  addiu   $s2, $s3, 0x02C8           ## $s2 = 000002C8
/* 01710 80B7DFA0 10400004 */  beq     $v0, $zero, .L80B7DFB4     
/* 01714 80B7DFA4 26750024 */  addiu   $s5, $s3, 0x0024           ## $s5 = 00000024
/* 01718 80B7DFA8 10410002 */  beq     $v0, $at, .L80B7DFB4       
/* 0171C 80B7DFAC 2401001E */  addiu   $at, $zero, 0x001E         ## $at = 0000001E
/* 01720 80B7DFB0 14410037 */  bne     $v0, $at, .L80B7E090       
.L80B7DFB4:
/* 01724 80B7DFB4 3C01C1A0 */  lui     $at, 0xC1A0                ## $at = C1A00000
/* 01728 80B7DFB8 4481B000 */  mtc1    $at, $f22                  ## $f22 = -20.00
/* 0172C 80B7DFBC 00008825 */  or      $s1, $zero, $zero          ## $s1 = 00000000
/* 01730 80B7DFC0 3414FFFF */  ori     $s4, $zero, 0xFFFF         ## $s4 = 0000FFFF
.L80B7DFC4:
/* 01734 80B7DFC4 8EB90000 */  lw      $t9, 0x0000($s5)           ## 00000024
/* 01738 80B7DFC8 AE590000 */  sw      $t9, 0x0000($s2)           ## 000002C8
/* 0173C 80B7DFCC 8EB80004 */  lw      $t8, 0x0004($s5)           ## 00000028
/* 01740 80B7DFD0 AE580004 */  sw      $t8, 0x0004($s2)           ## 000002CC
/* 01744 80B7DFD4 8EB90008 */  lw      $t9, 0x0008($s5)           ## 0000002C
/* 01748 80B7DFD8 AE590008 */  sw      $t9, 0x0008($s2)           ## 000002D0
/* 0174C 80B7DFDC 866800BE */  lh      $t0, 0x00BE($s3)           ## 000000BE
/* 01750 80B7DFE0 01112021 */  addu    $a0, $t0, $s1              
/* 01754 80B7DFE4 00042400 */  sll     $a0, $a0, 16               
/* 01758 80B7DFE8 0C03FB61 */  jal     func_800FED84              
/* 0175C 80B7DFEC 00042403 */  sra     $a0, $a0, 16               
/* 01760 80B7DFF0 4600A202 */  mul.s   $f8, $f20, $f0             
/* 01764 80B7DFF4 C60602C8 */  lwc1    $f6, 0x02C8($s0)           ## 000002C8
/* 01768 80B7DFF8 46083280 */  add.s   $f10, $f6, $f8             
/* 0176C 80B7DFFC E60A02C8 */  swc1    $f10, 0x02C8($s0)          ## 000002C8
/* 01770 80B7E000 866900BE */  lh      $t1, 0x00BE($s3)           ## 000000BE
/* 01774 80B7E004 01312021 */  addu    $a0, $t1, $s1              
/* 01778 80B7E008 00042400 */  sll     $a0, $a0, 16               
/* 0177C 80B7E00C 0C03FB51 */  jal     func_800FED44              
/* 01780 80B7E010 00042403 */  sra     $a0, $a0, 16               
/* 01784 80B7E014 4600A482 */  mul.s   $f18, $f20, $f0            
/* 01788 80B7E018 C61002D0 */  lwc1    $f16, 0x02D0($s0)          ## 000002D0
/* 0178C 80B7E01C C60602CC */  lwc1    $f6, 0x02CC($s0)           ## 000002CC
/* 01790 80B7E020 26315555 */  addiu   $s1, $s1, 0x5555           ## $s1 = 00005555
/* 01794 80B7E024 2610000C */  addiu   $s0, $s0, 0x000C           ## $s0 = 0000000C
/* 01798 80B7E028 46163200 */  add.s   $f8, $f6, $f22             
/* 0179C 80B7E02C 2652000C */  addiu   $s2, $s2, 0x000C           ## $s2 = 000002D4
/* 017A0 80B7E030 46128100 */  add.s   $f4, $f16, $f18            
/* 017A4 80B7E034 E60802C0 */  swc1    $f8, 0x02C0($s0)           ## 000002CC
/* 017A8 80B7E038 1634FFE2 */  bne     $s1, $s4, .L80B7DFC4       
/* 017AC 80B7E03C E60402C4 */  swc1    $f4, 0x02C4($s0)           ## 000002D0
/* 017B0 80B7E040 8EAB0000 */  lw      $t3, 0x0000($s5)           ## 00000024
/* 017B4 80B7E044 3C013F00 */  lui     $at, 0x3F00                ## $at = 3F000000
/* 017B8 80B7E048 44818000 */  mtc1    $at, $f16                  ## $f16 = 0.50
/* 017BC 80B7E04C AE6B02EC */  sw      $t3, 0x02EC($s3)           ## 000002EC
/* 017C0 80B7E050 8EAA0004 */  lw      $t2, 0x0004($s5)           ## 00000028
/* 017C4 80B7E054 C66A0304 */  lwc1    $f10, 0x0304($s3)          ## 00000304
/* 017C8 80B7E058 00002825 */  or      $a1, $zero, $zero          ## $a1 = 00000000
/* 017CC 80B7E05C AE6A02F0 */  sw      $t2, 0x02F0($s3)           ## 000002F0
/* 017D0 80B7E060 8EAB0008 */  lw      $t3, 0x0008($s5)           ## 0000002C
/* 017D4 80B7E064 266602C8 */  addiu   $a2, $s3, 0x02C8           ## $a2 = 000002C8
/* 017D8 80B7E068 24070004 */  addiu   $a3, $zero, 0x0004         ## $a3 = 00000004
/* 017DC 80B7E06C AE6B02F4 */  sw      $t3, 0x02F4($s3)           ## 000002F4
/* 017E0 80B7E070 E7B00014 */  swc1    $f16, 0x0014($sp)          
/* 017E4 80B7E074 E7AA0010 */  swc1    $f10, 0x0010($sp)          
/* 017E8 80B7E078 C6720300 */  lwc1    $f18, 0x0300($s3)          ## 00000300
/* 017EC 80B7E07C 8FA40054 */  lw      $a0, 0x0054($sp)           
/* 017F0 80B7E080 E7B20018 */  swc1    $f18, 0x0018($sp)          
/* 017F4 80B7E084 926C0310 */  lbu     $t4, 0x0310($s3)           ## 00000310
/* 017F8 80B7E088 0C02F9A0 */  jal     func_800BE680              
/* 017FC 80B7E08C AFAC001C */  sw      $t4, 0x001C($sp)           
.L80B7E090:
/* 01800 80B7E090 8FBF004C */  lw      $ra, 0x004C($sp)           
/* 01804 80B7E094 D7B40020 */  ldc1    $f20, 0x0020($sp)          
/* 01808 80B7E098 D7B60028 */  ldc1    $f22, 0x0028($sp)          
/* 0180C 80B7E09C 8FB00034 */  lw      $s0, 0x0034($sp)           
/* 01810 80B7E0A0 8FB10038 */  lw      $s1, 0x0038($sp)           
/* 01814 80B7E0A4 8FB2003C */  lw      $s2, 0x003C($sp)           
/* 01818 80B7E0A8 8FB30040 */  lw      $s3, 0x0040($sp)           
/* 0181C 80B7E0AC 8FB40044 */  lw      $s4, 0x0044($sp)           
/* 01820 80B7E0B0 8FB50048 */  lw      $s5, 0x0048($sp)           
/* 01824 80B7E0B4 03E00008 */  jr      $ra                        
/* 01828 80B7E0B8 27BD0050 */  addiu   $sp, $sp, 0x0050           ## $sp = 00000000


glabel func_80B7E0BC
/* 0182C 80B7E0BC 27BDFF50 */  addiu   $sp, $sp, 0xFF50           ## $sp = FFFFFF50
/* 01830 80B7E0C0 AFB20060 */  sw      $s2, 0x0060($sp)           
/* 01834 80B7E0C4 AFB00058 */  sw      $s0, 0x0058($sp)           
/* 01838 80B7E0C8 00808025 */  or      $s0, $a0, $zero            ## $s0 = 00000000
/* 0183C 80B7E0CC 00A09025 */  or      $s2, $a1, $zero            ## $s2 = 00000000
/* 01840 80B7E0D0 AFBF007C */  sw      $ra, 0x007C($sp)           
/* 01844 80B7E0D4 AFBE0078 */  sw      $s8, 0x0078($sp)           
/* 01848 80B7E0D8 AFB70074 */  sw      $s7, 0x0074($sp)           
/* 0184C 80B7E0DC AFB60070 */  sw      $s6, 0x0070($sp)           
/* 01850 80B7E0E0 AFB5006C */  sw      $s5, 0x006C($sp)           
/* 01854 80B7E0E4 AFB40068 */  sw      $s4, 0x0068($sp)           
/* 01858 80B7E0E8 AFB30064 */  sw      $s3, 0x0064($sp)           
/* 0185C 80B7E0EC AFB1005C */  sw      $s1, 0x005C($sp)           
/* 01860 80B7E0F0 F7BE0050 */  sdc1    $f30, 0x0050($sp)          
/* 01864 80B7E0F4 F7BC0048 */  sdc1    $f28, 0x0048($sp)          
/* 01868 80B7E0F8 F7BA0040 */  sdc1    $f26, 0x0040($sp)          
/* 0186C 80B7E0FC F7B80038 */  sdc1    $f24, 0x0038($sp)          
/* 01870 80B7E100 F7B60030 */  sdc1    $f22, 0x0030($sp)          
/* 01874 80B7E104 F7B40028 */  sdc1    $f20, 0x0028($sp)          
/* 01878 80B7E108 26050024 */  addiu   $a1, $s0, 0x0024           ## $a1 = 00000024
/* 0187C 80B7E10C AFA5008C */  sw      $a1, 0x008C($sp)           
/* 01880 80B7E110 02402025 */  or      $a0, $s2, $zero            ## $a0 = 00000000
/* 01884 80B7E114 2406001E */  addiu   $a2, $zero, 0x001E         ## $a2 = 0000001E
/* 01888 80B7E118 0C03C15A */  jal     func_800F0568              
/* 0188C 80B7E11C 240728CB */  addiu   $a3, $zero, 0x28CB         ## $a3 = 000028CB
/* 01890 80B7E120 3C0180B8 */  lui     $at, %hi(D_80B7E664)       ## $at = 80B80000
/* 01894 80B7E124 C43EE664 */  lwc1    $f30, %lo(D_80B7E664)($at) 
/* 01898 80B7E128 3C014080 */  lui     $at, 0x4080                ## $at = 40800000
/* 0189C 80B7E12C 4481E000 */  mtc1    $at, $f28                  ## $f28 = 4.00
/* 018A0 80B7E130 3C0140C0 */  lui     $at, 0x40C0                ## $at = 40C00000
/* 018A4 80B7E134 4481D000 */  mtc1    $at, $f26                  ## $f26 = 6.00
/* 018A8 80B7E138 3C014040 */  lui     $at, 0x4040                ## $at = 40400000
/* 018AC 80B7E13C 3C1680B8 */  lui     $s6, %hi(D_80B7E5C0)       ## $s6 = 80B80000
/* 018B0 80B7E140 3C1580B8 */  lui     $s5, %hi(D_80B7E5BC)       ## $s5 = 80B80000
/* 018B4 80B7E144 3C1480B8 */  lui     $s4, %hi(D_80B7E5C4)       ## $s4 = 80B80000
/* 018B8 80B7E148 4481A000 */  mtc1    $at, $f20                  ## $f20 = 3.00
/* 018BC 80B7E14C 2694E5C4 */  addiu   $s4, $s4, %lo(D_80B7E5C4)  ## $s4 = 80B7E5C4
/* 018C0 80B7E150 26B5E5BC */  addiu   $s5, $s5, %lo(D_80B7E5BC)  ## $s5 = 80B7E5BC
/* 018C4 80B7E154 26D6E5C0 */  addiu   $s6, $s6, %lo(D_80B7E5C0)  ## $s6 = 80B7E5C0
/* 018C8 80B7E158 0000F025 */  or      $s8, $zero, $zero          ## $s8 = 00000000
/* 018CC 80B7E15C 261102C8 */  addiu   $s1, $s0, 0x02C8           ## $s1 = 000002C8
/* 018D0 80B7E160 24170004 */  addiu   $s7, $zero, 0x0004         ## $s7 = 00000004
/* 018D4 80B7E164 27B300A4 */  addiu   $s3, $sp, 0x00A4           ## $s3 = FFFFFFF4
.L80B7E168:
/* 018D8 80B7E168 8FA4008C */  lw      $a0, 0x008C($sp)           
/* 018DC 80B7E16C 0C03FE98 */  jal     func_800FFA60              
/* 018E0 80B7E170 02202825 */  or      $a1, $s1, $zero            ## $a1 = 000002C8
/* 018E4 80B7E174 00028400 */  sll     $s0, $v0, 16               
/* 018E8 80B7E178 00022400 */  sll     $a0, $v0, 16               
/* 018EC 80B7E17C 00108403 */  sra     $s0, $s0, 16               
/* 018F0 80B7E180 0C03FB61 */  jal     func_800FED84              
/* 018F4 80B7E184 00042403 */  sra     $a0, $a0, 16               
/* 018F8 80B7E188 46140582 */  mul.s   $f22, $f0, $f20            
/* 018FC 80B7E18C 00102400 */  sll     $a0, $s0, 16               
/* 01900 80B7E190 0C03FB51 */  jal     func_800FED44              
/* 01904 80B7E194 00042403 */  sra     $a0, $a0, 16               
/* 01908 80B7E198 46140602 */  mul.s   $f24, $f0, $f20            
/* 0190C 80B7E19C 00008025 */  or      $s0, $zero, $zero          ## $s0 = 00000000
.L80B7E1A0:
/* 01910 80B7E1A0 0C021C0C */  jal     func_80087030              
/* 01914 80B7E1A4 00000000 */  nop
/* 01918 80B7E1A8 46140102 */  mul.s   $f4, $f0, $f20             
/* 0191C 80B7E1AC 46162180 */  add.s   $f6, $f4, $f22             
/* 01920 80B7E1B0 0C021C0C */  jal     func_80087030              
/* 01924 80B7E1B4 E7A600A4 */  swc1    $f6, 0x00A4($sp)           
/* 01928 80B7E1B8 46140202 */  mul.s   $f8, $f0, $f20             
/* 0192C 80B7E1BC 46184280 */  add.s   $f10, $f8, $f24            
/* 01930 80B7E1C0 0C021BF7 */  jal     func_80086FDC              
/* 01934 80B7E1C4 E7AA00AC */  swc1    $f10, 0x00AC($sp)          
/* 01938 80B7E1C8 461A0402 */  mul.s   $f16, $f0, $f26            
/* 0193C 80B7E1CC 4406F000 */  mfc1    $a2, $f30                  
/* 01940 80B7E1D0 240E001E */  addiu   $t6, $zero, 0x001E         ## $t6 = 0000001E
/* 01944 80B7E1D4 AFAE001C */  sw      $t6, 0x001C($sp)           
/* 01948 80B7E1D8 02402025 */  or      $a0, $s2, $zero            ## $a0 = 00000000
/* 0194C 80B7E1DC 02202825 */  or      $a1, $s1, $zero            ## $a1 = 000002C8
/* 01950 80B7E1E0 02603825 */  or      $a3, $s3, $zero            ## $a3 = FFFFFFF4
/* 01954 80B7E1E4 461C8480 */  add.s   $f18, $f16, $f28           
/* 01958 80B7E1E8 AFB40010 */  sw      $s4, 0x0010($sp)           
/* 0195C 80B7E1EC AFB50014 */  sw      $s5, 0x0014($sp)           
/* 01960 80B7E1F0 AFB60018 */  sw      $s6, 0x0018($sp)           
/* 01964 80B7E1F4 0C02CAF0 */  jal     func_800B2BC0              
/* 01968 80B7E1F8 E7B200A8 */  swc1    $f18, 0x00A8($sp)          
/* 0196C 80B7E1FC 26100001 */  addiu   $s0, $s0, 0x0001           ## $s0 = 00000001
/* 01970 80B7E200 1617FFE7 */  bne     $s0, $s7, .L80B7E1A0       
/* 01974 80B7E204 00000000 */  nop
/* 01978 80B7E208 27DE000C */  addiu   $s8, $s8, 0x000C           ## $s8 = 0000000C
/* 0197C 80B7E20C 24010030 */  addiu   $at, $zero, 0x0030         ## $at = 00000030
/* 01980 80B7E210 17C1FFD5 */  bne     $s8, $at, .L80B7E168       
/* 01984 80B7E214 2631000C */  addiu   $s1, $s1, 0x000C           ## $s1 = 000002D4
/* 01988 80B7E218 8FBF007C */  lw      $ra, 0x007C($sp)           
/* 0198C 80B7E21C D7B40028 */  ldc1    $f20, 0x0028($sp)          
/* 01990 80B7E220 D7B60030 */  ldc1    $f22, 0x0030($sp)          
/* 01994 80B7E224 D7B80038 */  ldc1    $f24, 0x0038($sp)          
/* 01998 80B7E228 D7BA0040 */  ldc1    $f26, 0x0040($sp)          
/* 0199C 80B7E22C D7BC0048 */  ldc1    $f28, 0x0048($sp)          
/* 019A0 80B7E230 D7BE0050 */  ldc1    $f30, 0x0050($sp)          
/* 019A4 80B7E234 8FB00058 */  lw      $s0, 0x0058($sp)           
/* 019A8 80B7E238 8FB1005C */  lw      $s1, 0x005C($sp)           
/* 019AC 80B7E23C 8FB20060 */  lw      $s2, 0x0060($sp)           
/* 019B0 80B7E240 8FB30064 */  lw      $s3, 0x0064($sp)           
/* 019B4 80B7E244 8FB40068 */  lw      $s4, 0x0068($sp)           
/* 019B8 80B7E248 8FB5006C */  lw      $s5, 0x006C($sp)           
/* 019BC 80B7E24C 8FB60070 */  lw      $s6, 0x0070($sp)           
/* 019C0 80B7E250 8FB70074 */  lw      $s7, 0x0074($sp)           
/* 019C4 80B7E254 8FBE0078 */  lw      $s8, 0x0078($sp)           
/* 019C8 80B7E258 03E00008 */  jr      $ra                        
/* 019CC 80B7E25C 27BD00B0 */  addiu   $sp, $sp, 0x00B0           ## $sp = 00000000


glabel func_80B7E260
/* 019D0 80B7E260 27BDFFE8 */  addiu   $sp, $sp, 0xFFE8           ## $sp = FFFFFFE8
/* 019D4 80B7E264 AFBF0014 */  sw      $ra, 0x0014($sp)           
/* 019D8 80B7E268 00803025 */  or      $a2, $a0, $zero            ## $a2 = 00000000
/* 019DC 80B7E26C 8CC202AC */  lw      $v0, 0x02AC($a2)           ## 000002AC
/* 019E0 80B7E270 3C0E80B8 */  lui     $t6, %hi(func_80B7CB88)    ## $t6 = 80B80000
/* 019E4 80B7E274 25CECB88 */  addiu   $t6, $t6, %lo(func_80B7CB88) ## $t6 = 80B7CB88
/* 019E8 80B7E278 11C20006 */  beq     $t6, $v0, .L80B7E294       
/* 019EC 80B7E27C 3C0F80B8 */  lui     $t7, %hi(func_80B7CFFC)    ## $t7 = 80B80000
/* 019F0 80B7E280 25EFCFFC */  addiu   $t7, $t7, %lo(func_80B7CFFC) ## $t7 = 80B7CFFC
/* 019F4 80B7E284 11E20003 */  beq     $t7, $v0, .L80B7E294       
/* 019F8 80B7E288 3C1880B8 */  lui     $t8, %hi(func_80B7D150)    ## $t8 = 80B80000
/* 019FC 80B7E28C 2718D150 */  addiu   $t8, $t8, %lo(func_80B7D150) ## $t8 = 80B7D150
/* 01A00 80B7E290 17020008 */  bne     $t8, $v0, .L80B7E2B4       
.L80B7E294:
/* 01A04 80B7E294 00A02025 */  or      $a0, $a1, $zero            ## $a0 = 00000000
/* 01A08 80B7E298 0C04900F */  jal     func_8012403C              
/* 01A0C 80B7E29C AFA60018 */  sw      $a2, 0x0018($sp)           
/* 01A10 80B7E2A0 24010010 */  addiu   $at, $zero, 0x0010         ## $at = 00000010
/* 01A14 80B7E2A4 14410003 */  bne     $v0, $at, .L80B7E2B4       
/* 01A18 80B7E2A8 8FA60018 */  lw      $a2, 0x0018($sp)           
/* 01A1C 80B7E2AC 0C2DF338 */  jal     func_80B7CCE0              
/* 01A20 80B7E2B0 00C02025 */  or      $a0, $a2, $zero            ## $a0 = 00000000
.L80B7E2B4:
/* 01A24 80B7E2B4 8FBF0014 */  lw      $ra, 0x0014($sp)           
/* 01A28 80B7E2B8 27BD0018 */  addiu   $sp, $sp, 0x0018           ## $sp = 00000000
/* 01A2C 80B7E2BC 03E00008 */  jr      $ra                        
/* 01A30 80B7E2C0 00000000 */  nop


glabel func_80B7E2C4
/* 01A34 80B7E2C4 27BDFFE0 */  addiu   $sp, $sp, 0xFFE0           ## $sp = FFFFFFE0
/* 01A38 80B7E2C8 AFB00018 */  sw      $s0, 0x0018($sp)           
/* 01A3C 80B7E2CC 00808025 */  or      $s0, $a0, $zero            ## $s0 = 00000000
/* 01A40 80B7E2D0 AFBF001C */  sw      $ra, 0x001C($sp)           
/* 01A44 80B7E2D4 AFA50024 */  sw      $a1, 0x0024($sp)           
/* 01A48 80B7E2D8 860E001C */  lh      $t6, 0x001C($s0)           ## 0000001C
/* 01A4C 80B7E2DC 2418001B */  addiu   $t8, $zero, 0x001B         ## $t8 = 0000001B
/* 01A50 80B7E2E0 2419002D */  addiu   $t9, $zero, 0x002D         ## $t9 = 0000002D
/* 01A54 80B7E2E4 31CF8000 */  andi    $t7, $t6, 0x8000           ## $t7 = 00000000
/* 01A58 80B7E2E8 51E00004 */  beql    $t7, $zero, .L80B7E2FC     
/* 01A5C 80B7E2EC 8E1902AC */  lw      $t9, 0x02AC($s0)           ## 000002AC
/* 01A60 80B7E2F0 A61801C8 */  sh      $t8, 0x01C8($s0)           ## 000001C8
/* 01A64 80B7E2F4 A61901CA */  sh      $t9, 0x01CA($s0)           ## 000001CA
/* 01A68 80B7E2F8 8E1902AC */  lw      $t9, 0x02AC($s0)           ## 000002AC
.L80B7E2FC:
/* 01A6C 80B7E2FC 02002025 */  or      $a0, $s0, $zero            ## $a0 = 00000000
/* 01A70 80B7E300 8FA50024 */  lw      $a1, 0x0024($sp)           
/* 01A74 80B7E304 0320F809 */  jalr    $ra, $t9                   
/* 01A78 80B7E308 00000000 */  nop
/* 01A7C 80B7E30C 8E0202AC */  lw      $v0, 0x02AC($s0)           ## 000002AC
/* 01A80 80B7E310 3C0880B8 */  lui     $t0, %hi(func_80B7CA70)    ## $t0 = 80B80000
/* 01A84 80B7E314 2508CA70 */  addiu   $t0, $t0, %lo(func_80B7CA70) ## $t0 = 80B7CA70
/* 01A88 80B7E318 11020009 */  beq     $t0, $v0, .L80B7E340       
/* 01A8C 80B7E31C 3C0980B8 */  lui     $t1, %hi(func_80B7D398)    ## $t1 = 80B80000
/* 01A90 80B7E320 2529D398 */  addiu   $t1, $t1, %lo(func_80B7D398) ## $t1 = 80B7D398
/* 01A94 80B7E324 11220006 */  beq     $t1, $v0, .L80B7E340       
/* 01A98 80B7E328 3C0A80B8 */  lui     $t2, %hi(func_80B7D47C)    ## $t2 = 80B80000
/* 01A9C 80B7E32C 254AD47C */  addiu   $t2, $t2, %lo(func_80B7D47C) ## $t2 = 80B7D47C
/* 01AA0 80B7E330 51420004 */  beql    $t2, $v0, .L80B7E344       
/* 01AA4 80B7E334 02002025 */  or      $a0, $s0, $zero            ## $a0 = 00000000
/* 01AA8 80B7E338 0C04DB34 */  jal     func_80136CD0              
/* 01AAC 80B7E33C 26040144 */  addiu   $a0, $s0, 0x0144           ## $a0 = 00000144
.L80B7E340:
/* 01AB0 80B7E340 02002025 */  or      $a0, $s0, $zero            ## $a0 = 00000000
.L80B7E344:
/* 01AB4 80B7E344 0C2DF66E */  jal     func_80B7D9B8              
/* 01AB8 80B7E348 8FA50024 */  lw      $a1, 0x0024($sp)           
/* 01ABC 80B7E34C 02002025 */  or      $a0, $s0, $zero            ## $a0 = 00000000
/* 01AC0 80B7E350 0C2DF720 */  jal     func_80B7DC80              
/* 01AC4 80B7E354 8FA50024 */  lw      $a1, 0x0024($sp)           
/* 01AC8 80B7E358 02002025 */  or      $a0, $s0, $zero            ## $a0 = 00000000
/* 01ACC 80B7E35C 0C2DF898 */  jal     func_80B7E260              
/* 01AD0 80B7E360 8FA50024 */  lw      $a1, 0x0024($sp)           
/* 01AD4 80B7E364 8FBF001C */  lw      $ra, 0x001C($sp)           
/* 01AD8 80B7E368 8FB00018 */  lw      $s0, 0x0018($sp)           
/* 01ADC 80B7E36C 27BD0020 */  addiu   $sp, $sp, 0x0020           ## $sp = 00000000
/* 01AE0 80B7E370 03E00008 */  jr      $ra                        
/* 01AE4 80B7E374 00000000 */  nop


glabel func_80B7E378
/* 01AE8 80B7E378 27BDFFE8 */  addiu   $sp, $sp, 0xFFE8           ## $sp = FFFFFFE8
/* 01AEC 80B7E37C AFBF0014 */  sw      $ra, 0x0014($sp)           
/* 01AF0 80B7E380 AFA40018 */  sw      $a0, 0x0018($sp)           
/* 01AF4 80B7E384 AFA60020 */  sw      $a2, 0x0020($sp)           
/* 01AF8 80B7E388 AFA70024 */  sw      $a3, 0x0024($sp)           
/* 01AFC 80B7E38C 24010003 */  addiu   $at, $zero, 0x0003         ## $at = 00000003
/* 01B00 80B7E390 14A1001F */  bne     $a1, $at, .L80B7E410       
/* 01B04 80B7E394 8FA2002C */  lw      $v0, 0x002C($sp)           
/* 01B08 80B7E398 44802000 */  mtc1    $zero, $f4                 ## $f4 = 0.00
/* 01B0C 80B7E39C C44602FC */  lwc1    $f6, 0x02FC($v0)           ## 000002FC
/* 01B10 80B7E3A0 46062032 */  c.eq.s  $f4, $f6                   
/* 01B14 80B7E3A4 00000000 */  nop
/* 01B18 80B7E3A8 4503001A */  bc1tl   .L80B7E414                 
/* 01B1C 80B7E3AC 00001025 */  or      $v0, $zero, $zero          ## $v0 = 00000000
/* 01B20 80B7E3B0 0C03FB61 */  jal     func_800FED84              
/* 01B24 80B7E3B4 84440308 */  lh      $a0, 0x0308($v0)           ## 00000308
/* 01B28 80B7E3B8 8FA3002C */  lw      $v1, 0x002C($sp)           
/* 01B2C 80B7E3BC 8FA20028 */  lw      $v0, 0x0028($sp)           
/* 01B30 80B7E3C0 C46802FC */  lwc1    $f8, 0x02FC($v1)           ## 000002FC
/* 01B34 80B7E3C4 844E0002 */  lh      $t6, 0x0002($v0)           ## 00000002
/* 01B38 80B7E3C8 46004282 */  mul.s   $f10, $f8, $f0             
/* 01B3C 80B7E3CC 4600540D */  trunc.w.s $f16, $f10                 
/* 01B40 80B7E3D0 44088000 */  mfc1    $t0, $f16                  
/* 01B44 80B7E3D4 00000000 */  nop
/* 01B48 80B7E3D8 01C84821 */  addu    $t1, $t6, $t0              
/* 01B4C 80B7E3DC A4490002 */  sh      $t1, 0x0002($v0)           ## 00000002
/* 01B50 80B7E3E0 0C03FB51 */  jal     func_800FED44              
/* 01B54 80B7E3E4 84640308 */  lh      $a0, 0x0308($v1)           ## 00000308
/* 01B58 80B7E3E8 8FAB002C */  lw      $t3, 0x002C($sp)           
/* 01B5C 80B7E3EC 8FA20028 */  lw      $v0, 0x0028($sp)           
/* 01B60 80B7E3F0 C57202FC */  lwc1    $f18, 0x02FC($t3)          ## 000002FC
/* 01B64 80B7E3F4 844A0004 */  lh      $t2, 0x0004($v0)           ## 00000004
/* 01B68 80B7E3F8 46009102 */  mul.s   $f4, $f18, $f0             
/* 01B6C 80B7E3FC 4600218D */  trunc.w.s $f6, $f4                   
/* 01B70 80B7E400 44183000 */  mfc1    $t8, $f6                   
/* 01B74 80B7E404 00000000 */  nop
/* 01B78 80B7E408 0158C821 */  addu    $t9, $t2, $t8              
/* 01B7C 80B7E40C A4590004 */  sh      $t9, 0x0004($v0)           ## 00000004
.L80B7E410:
/* 01B80 80B7E410 00001025 */  or      $v0, $zero, $zero          ## $v0 = 00000000
.L80B7E414:
/* 01B84 80B7E414 8FBF0014 */  lw      $ra, 0x0014($sp)           
/* 01B88 80B7E418 27BD0018 */  addiu   $sp, $sp, 0x0018           ## $sp = 00000000
/* 01B8C 80B7E41C 03E00008 */  jr      $ra                        
/* 01B90 80B7E420 00000000 */  nop


glabel func_80B7E424
/* 01B94 80B7E424 27BDFFD8 */  addiu   $sp, $sp, 0xFFD8           ## $sp = FFFFFFD8
/* 01B98 80B7E428 AFB10020 */  sw      $s1, 0x0020($sp)           
/* 01B9C 80B7E42C AFB0001C */  sw      $s0, 0x001C($sp)           
/* 01BA0 80B7E430 00808025 */  or      $s0, $a0, $zero            ## $s0 = 00000000
/* 01BA4 80B7E434 00A08825 */  or      $s1, $a1, $zero            ## $s1 = 00000000
/* 01BA8 80B7E438 AFBF0024 */  sw      $ra, 0x0024($sp)           
/* 01BAC 80B7E43C 0C04B0A3 */  jal     func_8012C28C              
/* 01BB0 80B7E440 8E240000 */  lw      $a0, 0x0000($s1)           ## 00000000
/* 01BB4 80B7E444 8E240000 */  lw      $a0, 0x0000($s1)           ## 00000000
/* 01BB8 80B7E448 8C8302B0 */  lw      $v1, 0x02B0($a0)           ## 000002B0
/* 01BBC 80B7E44C 3C0FFA00 */  lui     $t7, 0xFA00                ## $t7 = FA000000
/* 01BC0 80B7E450 35EF0001 */  ori     $t7, $t7, 0x0001           ## $t7 = FA000001
/* 01BC4 80B7E454 246E0008 */  addiu   $t6, $v1, 0x0008           ## $t6 = 00000008
/* 01BC8 80B7E458 AC8E02B0 */  sw      $t6, 0x02B0($a0)           ## 000002B0
/* 01BCC 80B7E45C 2418FFFF */  addiu   $t8, $zero, 0xFFFF         ## $t8 = FFFFFFFF
/* 01BD0 80B7E460 AC780004 */  sw      $t8, 0x0004($v1)           ## 00000004
/* 01BD4 80B7E464 AC6F0000 */  sw      $t7, 0x0000($v1)           ## 00000000
/* 01BD8 80B7E468 8E050148 */  lw      $a1, 0x0148($s0)           ## 00000148
/* 01BDC 80B7E46C 8E060164 */  lw      $a2, 0x0164($s0)           ## 00000164
/* 01BE0 80B7E470 3C0780B8 */  lui     $a3, %hi(func_80B7E378)    ## $a3 = 80B80000
/* 01BE4 80B7E474 24E7E378 */  addiu   $a3, $a3, %lo(func_80B7E378) ## $a3 = 80B7E378
/* 01BE8 80B7E478 AFB00014 */  sw      $s0, 0x0014($sp)           
/* 01BEC 80B7E47C AFA00010 */  sw      $zero, 0x0010($sp)         
/* 01BF0 80B7E480 0C04CECF */  jal     func_80133B3C              
/* 01BF4 80B7E484 02202025 */  or      $a0, $s1, $zero            ## $a0 = 00000000
/* 01BF8 80B7E488 8619030E */  lh      $t9, 0x030E($s0)           ## 0000030E
/* 01BFC 80B7E48C 5B20000D */  blezl   $t9, .L80B7E4C4            
/* 01C00 80B7E490 8FBF0024 */  lw      $ra, 0x0024($sp)           
/* 01C04 80B7E494 92080310 */  lbu     $t0, 0x0310($s0)           ## 00000310
/* 01C08 80B7E498 2401000B */  addiu   $at, $zero, 0x000B         ## $at = 0000000B
/* 01C0C 80B7E49C 02202825 */  or      $a1, $s1, $zero            ## $a1 = 00000000
/* 01C10 80B7E4A0 15010005 */  bne     $t0, $at, .L80B7E4B8       
/* 01C14 80B7E4A4 02002025 */  or      $a0, $s0, $zero            ## $a0 = 00000000
/* 01C18 80B7E4A8 0C2DF75F */  jal     func_80B7DD7C              
/* 01C1C 80B7E4AC 02002025 */  or      $a0, $s0, $zero            ## $a0 = 00000000
/* 01C20 80B7E4B0 10000004 */  beq     $zero, $zero, .L80B7E4C4   
/* 01C24 80B7E4B4 8FBF0024 */  lw      $ra, 0x0024($sp)           
.L80B7E4B8:
/* 01C28 80B7E4B8 0C2DF7CD */  jal     func_80B7DF34              
/* 01C2C 80B7E4BC 02202825 */  or      $a1, $s1, $zero            ## $a1 = 00000000
/* 01C30 80B7E4C0 8FBF0024 */  lw      $ra, 0x0024($sp)           
.L80B7E4C4:
/* 01C34 80B7E4C4 8FB0001C */  lw      $s0, 0x001C($sp)           
/* 01C38 80B7E4C8 8FB10020 */  lw      $s1, 0x0020($sp)           
/* 01C3C 80B7E4CC 03E00008 */  jr      $ra                        
/* 01C40 80B7E4D0 27BD0028 */  addiu   $sp, $sp, 0x0028           ## $sp = 00000000
/* 01C44 80B7E4D4 00000000 */  nop
/* 01C48 80B7E4D8 00000000 */  nop
/* 01C4C 80B7E4DC 00000000 */  nop

.section .data

D_80B7E4E0: .word 0x02160500, 0x00000205, 0x02010000, 0x00000314
.word func_80B7C890
.word func_80B7CA08
.word func_80B7E2C4
.word func_80B7E424
D_80B7E500: .word \
0x00E1F1F1, 0xE1E1F1C0, 0xF1F1F122, 0x3242F110, \
0xE1F200D0, 0x0000F1F1, 0xF1000000, 0x000000F1
D_80B7E520: .word \
0x05110939, 0x10010000, 0x00000000, 0xF7CFFFFF, \
0x08040000, 0xF7CFFFFF, 0x00000000, 0x01050100, \
0x0012001E, 0x00000000, 0x00000000
D_80B7E54C: .word \
0x3D23D70A, 0x3D23D70A, 0x3D1FBE77, 0x3D2C0831, \
0x3D3851EC, 0x3D3020C5, 0x3D23D70A, 0x3D0F5C29, \
0x3CF5C28F, 0x3D072B02, 0x3D23D70A
D_80B7E578: .word \
0x3D23D70A, 0x3D23D70A, 0x3D27EF9E, 0x3D1BA5E3, \
0x3D0F5C29, 0x3D178D50, 0x3D23D70A, 0x3D3851EC, \
0x3D4CCCCD, 0x3D408312, 0x3D23D70A
D_80B7E5A4: .word 0x00000000, 0x00000000, 0x00000000
D_80B7E5B0: .word 0x00000000, 0x40800000, 0x00000000
D_80B7E5BC: .word 0xAAFFFFFF
D_80B7E5C0: .word 0xC8C8FFFF
D_80B7E5C4: .word 0x00000000, 0xBF800000, 0x00000000

.section .rodata

D_80B7E5D0: .word 0x458E3800
D_80B7E5D4: .word 0x45638000
D_80B7E5D8: .word 0x3DCCCCCD
D_80B7E5DC: .word 0x3DCCCCCD
D_80B7E5E0: .word 0x3C23D70A
D_80B7E5E4: .word 0x3F99999A
D_80B7E5E8: .word 0x3FCCCCCD
D_80B7E5EC: .word .L80B7DC6C
.word .L80B7DA24
.word .L80B7DC6C
.word .L80B7DC6C
.word .L80B7DA24
.word .L80B7DA24
.word .L80B7DA24
.word .L80B7DA24
.word .L80B7DA24
.word .L80B7DA24
.word .L80B7DA24
.word .L80B7DA24
.word .L80B7DC6C
.word .L80B7DC6C
D_80B7E624: .word .L80B7DB68
.word .L80B7DA84
.word .L80B7DA74
.word .L80B7DA84
.word .L80B7DBD0
.word .L80B7DBD0
.word .L80B7DBD0
.word .L80B7DBD0
.word .L80B7DBD0
.word .L80B7DBD0
.word .L80B7DBD0
.word .L80B7DBD0
.word .L80B7DB14
.word .L80B7DAC4
.word .L80B7DAC4
D_80B7E660: .word 0x3F4CCCCD
D_80B7E664: .word 0x3F333333, 0x00000000, 0x00000000


.section .rodata
D_80B7E670:
.incbin "baserom/En_Neo_Reeba", 0x1DE0, 0x000002C0
