.include "macro.inc"

# assembler directives
.set noat      # allow manual use of $at
.set noreorder # don't insert nops after branches
.set gp=64     # allow use of 64-bit general purpose registers

.section .text
glabel func_80985C40
/* 00000 80985C40 27BDFFE0 */  addiu   $sp, $sp, 0xFFE0           ## $sp = FFFFFFE0
/* 00004 80985C44 AFB00018 */  sw      $s0, 0x0018($sp)           
/* 00008 80985C48 00808025 */  or      $s0, $a0, $zero            ## $s0 = 00000000
/* 0000C 80985C4C AFBF001C */  sw      $ra, 0x001C($sp)           
/* 00010 80985C50 AFA50024 */  sw      $a1, 0x0024($sp)           
/* 00014 80985C54 3C06800B */  lui     $a2, 0x800B                ## $a2 = 800B0000
/* 00018 80985C58 24C63FC0 */  addiu   $a2, $a2, 0x3FC0           ## $a2 = 800B3FC0
/* 0001C 80985C5C 260400BC */  addiu   $a0, $s0, 0x00BC           ## $a0 = 000000BC
/* 00020 80985C60 3C0543C8 */  lui     $a1, 0x43C8                ## $a1 = 43C80000
/* 00024 80985C64 0C02CEE9 */  jal     func_800B3BA4              
/* 00028 80985C68 3C074150 */  lui     $a3, 0x4150                ## $a3 = 41500000
/* 0002C 80985C6C 3C078098 */  lui     $a3, %hi(D_809861F0)       ## $a3 = 80980000
/* 00030 80985C70 24E761F0 */  addiu   $a3, $a3, %lo(D_809861F0)  ## $a3 = 809861F0
/* 00034 80985C74 8FA40024 */  lw      $a0, 0x0024($sp)           
/* 00038 80985C78 26050148 */  addiu   $a1, $s0, 0x0148           ## $a1 = 00000148
/* 0003C 80985C7C 0C0384DD */  jal     func_800E1374              
/* 00040 80985C80 02003025 */  or      $a2, $s0, $zero            ## $a2 = 00000000
/* 00044 80985C84 3C014120 */  lui     $at, 0x4120                ## $at = 41200000
/* 00048 80985C88 44812000 */  mtc1    $at, $f4                   ## $f4 = 10.00
/* 0004C 80985C8C 860E001C */  lh      $t6, 0x001C($s0)           ## 0000001C
/* 00050 80985C90 24010002 */  addiu   $at, $zero, 0x0002         ## $at = 00000002
/* 00054 80985C94 A60000BE */  sh      $zero, 0x00BE($s0)         ## 000000BE
/* 00058 80985C98 15C10008 */  bne     $t6, $at, .L80985CBC       
/* 0005C 80985C9C E6040070 */  swc1    $f4, 0x0070($s0)           ## 00000070
/* 00060 80985CA0 3C01BF80 */  lui     $at, 0xBF80                ## $at = BF800000
/* 00064 80985CA4 44813000 */  mtc1    $at, $f6                   ## $f6 = -1.00
/* 00068 80985CA8 240F0001 */  addiu   $t7, $zero, 0x0001         ## $t7 = 00000001
/* 0006C 80985CAC A60F0144 */  sh      $t7, 0x0144($s0)           ## 00000144
/* 00070 80985CB0 A6000146 */  sh      $zero, 0x0146($s0)         ## 00000146
/* 00074 80985CB4 10000008 */  beq     $zero, $zero, .L80985CD8   
/* 00078 80985CB8 E6060074 */  swc1    $f6, 0x0074($s0)           ## 00000074
.L80985CBC:
/* 0007C 80985CBC 3C01BF00 */  lui     $at, 0xBF00                ## $at = BF000000
/* 00080 80985CC0 44814000 */  mtc1    $at, $f8                   ## $f8 = -0.50
/* 00084 80985CC4 24180014 */  addiu   $t8, $zero, 0x0014         ## $t8 = 00000014
/* 00088 80985CC8 24190013 */  addiu   $t9, $zero, 0x0013         ## $t9 = 00000013
/* 0008C 80985CCC A6180144 */  sh      $t8, 0x0144($s0)           ## 00000144
/* 00090 80985CD0 A6190146 */  sh      $t9, 0x0146($s0)           ## 00000146
/* 00094 80985CD4 E6080074 */  swc1    $f8, 0x0074($s0)           ## 00000074
.L80985CD8:
/* 00098 80985CD8 860800BC */  lh      $t0, 0x00BC($s0)           ## 000000BC
/* 0009C 80985CDC 860A001C */  lh      $t2, 0x001C($s0)           ## 0000001C
/* 000A0 80985CE0 24010001 */  addiu   $at, $zero, 0x0001         ## $at = 00000001
/* 000A4 80985CE4 00084823 */  subu    $t1, $zero, $t0            
/* 000A8 80985CE8 A6090030 */  sh      $t1, 0x0030($s0)           ## 00000030
/* 000AC 80985CEC 15410003 */  bne     $t2, $at, .L80985CFC       
/* 000B0 80985CF0 A60000BC */  sh      $zero, 0x00BC($s0)         ## 000000BC
/* 000B4 80985CF4 0C26174F */  jal     func_80985D3C              
/* 000B8 80985CF8 02002025 */  or      $a0, $s0, $zero            ## $a0 = 00000000
.L80985CFC:
/* 000BC 80985CFC 8FBF001C */  lw      $ra, 0x001C($sp)           
/* 000C0 80985D00 8FB00018 */  lw      $s0, 0x0018($sp)           
/* 000C4 80985D04 27BD0020 */  addiu   $sp, $sp, 0x0020           ## $sp = 00000000
/* 000C8 80985D08 03E00008 */  jr      $ra                        
/* 000CC 80985D0C 00000000 */  nop


glabel func_80985D10
/* 000D0 80985D10 27BDFFE8 */  addiu   $sp, $sp, 0xFFE8           ## $sp = FFFFFFE8
/* 000D4 80985D14 AFBF0014 */  sw      $ra, 0x0014($sp)           
/* 000D8 80985D18 00803025 */  or      $a2, $a0, $zero            ## $a2 = 00000000
/* 000DC 80985D1C 00A03825 */  or      $a3, $a1, $zero            ## $a3 = 00000000
/* 000E0 80985D20 00E02025 */  or      $a0, $a3, $zero            ## $a0 = 00000000
/* 000E4 80985D24 0C03847B */  jal     func_800E11EC              
/* 000E8 80985D28 24C50148 */  addiu   $a1, $a2, 0x0148           ## $a1 = 00000148
/* 000EC 80985D2C 8FBF0014 */  lw      $ra, 0x0014($sp)           
/* 000F0 80985D30 27BD0018 */  addiu   $sp, $sp, 0x0018           ## $sp = 00000000
/* 000F4 80985D34 03E00008 */  jr      $ra                        
/* 000F8 80985D38 00000000 */  nop


glabel func_80985D3C
/* 000FC 80985D3C 908E0158 */  lbu     $t6, 0x0158($a0)           ## 00000158
/* 00100 80985D40 3C080040 */  lui     $t0, 0x0040                ## $t0 = 00400000
/* 00104 80985D44 24090002 */  addiu   $t1, $zero, 0x0002         ## $t1 = 00000002
/* 00108 80985D48 31D8FFE9 */  andi    $t8, $t6, 0xFFE9           ## $t8 = 00000000
/* 0010C 80985D4C A0980158 */  sb      $t8, 0x0158($a0)           ## 00000158
/* 00110 80985D50 37190008 */  ori     $t9, $t8, 0x0008           ## $t9 = 00000008
/* 00114 80985D54 A0990158 */  sb      $t9, 0x0158($a0)           ## 00000158
/* 00118 80985D58 AC880160 */  sw      $t0, 0x0160($a0)           ## 00000160
/* 0011C 80985D5C A0890165 */  sb      $t1, 0x0165($a0)           ## 00000165
/* 00120 80985D60 03E00008 */  jr      $ra                        
/* 00124 80985D64 00000000 */  nop


glabel func_80985D68
/* 00128 80985D68 27BDFF88 */  addiu   $sp, $sp, 0xFF88           ## $sp = FFFFFF88
/* 0012C 80985D6C AFB00030 */  sw      $s0, 0x0030($sp)           
/* 00130 80985D70 00808025 */  or      $s0, $a0, $zero            ## $s0 = 00000000
/* 00134 80985D74 AFBF0034 */  sw      $ra, 0x0034($sp)           
/* 00138 80985D78 AFA5007C */  sw      $a1, 0x007C($sp)           
/* 0013C 80985D7C 8FAE007C */  lw      $t6, 0x007C($sp)           
/* 00140 80985D80 3C013000 */  lui     $at, 0x3000                ## $at = 30000000
/* 00144 80985D84 342100C0 */  ori     $at, $at, 0x00C0           ## $at = 300000C0
/* 00148 80985D88 8DC31CCC */  lw      $v1, 0x1CCC($t6)           ## 00001CCC
/* 0014C 80985D8C 8C6F0A6C */  lw      $t7, 0x0A6C($v1)           ## 00000A6C
/* 00150 80985D90 01E1C024 */  and     $t8, $t7, $at              
/* 00154 80985D94 570000DE */  bnel    $t8, $zero, .L80986110     
/* 00158 80985D98 8FBF0034 */  lw      $ra, 0x0034($sp)           
/* 0015C 80985D9C 86190144 */  lh      $t9, 0x0144($s0)           ## 00000144
/* 00160 80985DA0 2728FFFF */  addiu   $t0, $t9, 0xFFFF           ## $t0 = FFFFFFFF
/* 00164 80985DA4 A6080144 */  sh      $t0, 0x0144($s0)           ## 00000144
/* 00168 80985DA8 86090144 */  lh      $t1, 0x0144($s0)           ## 00000144
/* 0016C 80985DAC 05230011 */  bgezl   $t1, .L80985DF4            
/* 00170 80985DB0 860A0018 */  lh      $t2, 0x0018($s0)           ## 00000018
/* 00174 80985DB4 C6020064 */  lwc1    $f2, 0x0064($s0)           ## 00000064
/* 00178 80985DB8 C610006C */  lwc1    $f16, 0x006C($s0)          ## 0000006C
/* 0017C 80985DBC C6040068 */  lwc1    $f4, 0x0068($s0)           ## 00000068
/* 00180 80985DC0 46021282 */  mul.s   $f10, $f2, $f2             
/* 00184 80985DC4 C6060074 */  lwc1    $f6, 0x0074($s0)           ## 00000074
/* 00188 80985DC8 46108482 */  mul.s   $f18, $f16, $f16           
/* 0018C 80985DCC 46062200 */  add.s   $f8, $f4, $f6              
/* 00190 80985DD0 E6080068 */  swc1    $f8, 0x0068($s0)           ## 00000068
/* 00194 80985DD4 46125000 */  add.s   $f0, $f10, $f18            
/* 00198 80985DD8 C60E0068 */  lwc1    $f14, 0x0068($s0)          ## 00000068
/* 0019C 80985DDC AFA3006C */  sw      $v1, 0x006C($sp)           
/* 001A0 80985DE0 0C060040 */  jal     func_80180100              
/* 001A4 80985DE4 46000304 */  sqrt.s  $f12, $f0                  
/* 001A8 80985DE8 8FA3006C */  lw      $v1, 0x006C($sp)           
/* 001AC 80985DEC A6020030 */  sh      $v0, 0x0030($s0)           ## 00000030
/* 001B0 80985DF0 860A0018 */  lh      $t2, 0x0018($s0)           ## 00000018
.L80985DF4:
/* 001B4 80985DF4 96020090 */  lhu     $v0, 0x0090($s0)           ## 00000090
/* 001B8 80985DF8 254B2AA8 */  addiu   $t3, $t2, 0x2AA8           ## $t3 = 00002AA8
/* 001BC 80985DFC 304C0008 */  andi    $t4, $v0, 0x0008           ## $t4 = 00000000
/* 001C0 80985E00 15800012 */  bne     $t4, $zero, .L80985E4C     
/* 001C4 80985E04 A60B0018 */  sh      $t3, 0x0018($s0)           ## 00000018
/* 001C8 80985E08 304D0001 */  andi    $t5, $v0, 0x0001           ## $t5 = 00000000
/* 001CC 80985E0C 15A0000F */  bne     $t5, $zero, .L80985E4C     
/* 001D0 80985E10 304E0010 */  andi    $t6, $v0, 0x0010           ## $t6 = 00000000
/* 001D4 80985E14 55C0000E */  bnel    $t6, $zero, .L80985E50     
/* 001D8 80985E18 806B0144 */  lb      $t3, 0x0144($v1)           ## 00000144
/* 001DC 80985E1C 920F0158 */  lbu     $t7, 0x0158($s0)           ## 00000158
/* 001E0 80985E20 31F80002 */  andi    $t8, $t7, 0x0002           ## $t8 = 00000000
/* 001E4 80985E24 5700000A */  bnel    $t8, $zero, .L80985E50     
/* 001E8 80985E28 806B0144 */  lb      $t3, 0x0144($v1)           ## 00000144
/* 001EC 80985E2C 92190159 */  lbu     $t9, 0x0159($s0)           ## 00000159
/* 001F0 80985E30 33280002 */  andi    $t0, $t9, 0x0002           ## $t0 = 00000000
/* 001F4 80985E34 55000006 */  bnel    $t0, $zero, .L80985E50     
/* 001F8 80985E38 806B0144 */  lb      $t3, 0x0144($v1)           ## 00000144
/* 001FC 80985E3C 9209015A */  lbu     $t1, 0x015A($s0)           ## 0000015A
/* 00200 80985E40 312A0002 */  andi    $t2, $t1, 0x0002           ## $t2 = 00000000
/* 00204 80985E44 51400047 */  beql    $t2, $zero, .L80985F64     
/* 00208 80985E48 860E0144 */  lh      $t6, 0x0144($s0)           ## 00000144
.L80985E4C:
/* 0020C 80985E4C 806B0144 */  lb      $t3, 0x0144($v1)           ## 00000144
.L80985E50:
/* 00210 80985E50 24010001 */  addiu   $at, $zero, 0x0001         ## $at = 00000001
/* 00214 80985E54 27A5004C */  addiu   $a1, $sp, 0x004C           ## $a1 = FFFFFFD4
/* 00218 80985E58 15610017 */  bne     $t3, $at, .L80985EB8       
/* 0021C 80985E5C 3C0640C0 */  lui     $a2, 0x40C0                ## $a2 = 40C00000
/* 00220 80985E60 92020158 */  lbu     $v0, 0x0158($s0)           ## 00000158
/* 00224 80985E64 304C0002 */  andi    $t4, $v0, 0x0002           ## $t4 = 00000000
/* 00228 80985E68 11800013 */  beq     $t4, $zero, .L80985EB8     
/* 0022C 80985E6C 304D0010 */  andi    $t5, $v0, 0x0010           ## $t5 = 00000000
/* 00230 80985E70 11A00011 */  beq     $t5, $zero, .L80985EB8     
/* 00234 80985E74 304E0004 */  andi    $t6, $v0, 0x0004           ## $t6 = 00000000
/* 00238 80985E78 11C0000F */  beq     $t6, $zero, .L80985EB8     
/* 0023C 80985E7C 02002025 */  or      $a0, $s0, $zero            ## $a0 = 00000000
/* 00240 80985E80 0C26174F */  jal     func_80985D3C              
/* 00244 80985E84 AFA3006C */  sw      $v1, 0x006C($sp)           
/* 00248 80985E88 8FA3006C */  lw      $v1, 0x006C($sp)           
/* 0024C 80985E8C 27A50058 */  addiu   $a1, $sp, 0x0058           ## $a1 = FFFFFFE0
/* 00250 80985E90 00003025 */  or      $a2, $zero, $zero          ## $a2 = 00000000
/* 00254 80985E94 0C060867 */  jal     func_8018219C              
/* 00258 80985E98 24640D04 */  addiu   $a0, $v1, 0x0D04           ## $a0 = 00000D04
/* 0025C 80985E9C 87AF005A */  lh      $t7, 0x005A($sp)           
/* 00260 80985EA0 34018000 */  ori     $at, $zero, 0x8000         ## $at = 00008000
/* 00264 80985EA4 24190014 */  addiu   $t9, $zero, 0x0014         ## $t9 = 00000014
/* 00268 80985EA8 01E1C021 */  addu    $t8, $t7, $at              
/* 0026C 80985EAC A6180032 */  sh      $t8, 0x0032($s0)           ## 00000032
/* 00270 80985EB0 10000031 */  beq     $zero, $zero, .L80985F78   
/* 00274 80985EB4 A6190144 */  sh      $t9, 0x0144($s0)           ## 00000144
.L80985EB8:
/* 00278 80985EB8 C6040024 */  lwc1    $f4, 0x0024($s0)           ## 00000024
/* 0027C 80985EBC 3C014080 */  lui     $at, 0x4080                ## $at = 40800000
/* 00280 80985EC0 44814000 */  mtc1    $at, $f8                   ## $f8 = 4.00
/* 00284 80985EC4 E7A4004C */  swc1    $f4, 0x004C($sp)           
/* 00288 80985EC8 C6060028 */  lwc1    $f6, 0x0028($s0)           ## 00000028
/* 0028C 80985ECC 24080007 */  addiu   $t0, $zero, 0x0007         ## $t0 = 00000007
/* 00290 80985ED0 24090003 */  addiu   $t1, $zero, 0x0003         ## $t1 = 00000003
/* 00294 80985ED4 46083280 */  add.s   $f10, $f6, $f8             
/* 00298 80985ED8 240A000F */  addiu   $t2, $zero, 0x000F         ## $t2 = 0000000F
/* 0029C 80985EDC 240BFFFF */  addiu   $t3, $zero, 0xFFFF         ## $t3 = FFFFFFFF
/* 002A0 80985EE0 240C000A */  addiu   $t4, $zero, 0x000A         ## $t4 = 0000000A
/* 002A4 80985EE4 E7AA0050 */  swc1    $f10, 0x0050($sp)          
/* 002A8 80985EE8 C612002C */  lwc1    $f18, 0x002C($s0)          ## 0000002C
/* 002AC 80985EEC AFA00024 */  sw      $zero, 0x0024($sp)         
/* 002B0 80985EF0 AFAC0020 */  sw      $t4, 0x0020($sp)           
/* 002B4 80985EF4 AFAB001C */  sw      $t3, 0x001C($sp)           
/* 002B8 80985EF8 AFAA0018 */  sw      $t2, 0x0018($sp)           
/* 002BC 80985EFC AFA90014 */  sw      $t1, 0x0014($sp)           
/* 002C0 80985F00 AFA80010 */  sw      $t0, 0x0010($sp)           
/* 002C4 80985F04 8FA4007C */  lw      $a0, 0x007C($sp)           
/* 002C8 80985F08 00003825 */  or      $a3, $zero, $zero          ## $a3 = 00000000
/* 002CC 80985F0C 0C02C887 */  jal     func_800B221C              
/* 002D0 80985F10 E7B20054 */  swc1    $f18, 0x0054($sp)          
/* 002D4 80985F14 860D001C */  lh      $t5, 0x001C($s0)           ## 0000001C
/* 002D8 80985F18 24010001 */  addiu   $at, $zero, 0x0001         ## $at = 00000001
/* 002DC 80985F1C 8FA4007C */  lw      $a0, 0x007C($sp)           
/* 002E0 80985F20 15A10008 */  bne     $t5, $at, .L80985F44       
/* 002E4 80985F24 26050024 */  addiu   $a1, $s0, 0x0024           ## $a1 = 00000024
/* 002E8 80985F28 8FA4007C */  lw      $a0, 0x007C($sp)           
/* 002EC 80985F2C 26050024 */  addiu   $a1, $s0, 0x0024           ## $a1 = 00000024
/* 002F0 80985F30 24060014 */  addiu   $a2, $zero, 0x0014         ## $a2 = 00000014
/* 002F4 80985F34 0C03C15A */  jal     func_800F0568              
/* 002F8 80985F38 240728F4 */  addiu   $a3, $zero, 0x28F4         ## $a3 = 000028F4
/* 002FC 80985F3C 10000004 */  beq     $zero, $zero, .L80985F50   
/* 00300 80985F40 00000000 */  nop
.L80985F44:
/* 00304 80985F44 24060014 */  addiu   $a2, $zero, 0x0014         ## $a2 = 00000014
/* 00308 80985F48 0C03C15A */  jal     func_800F0568              
/* 0030C 80985F4C 240738C0 */  addiu   $a3, $zero, 0x38C0         ## $a3 = 000038C0
.L80985F50:
/* 00310 80985F50 0C02D9C3 */  jal     func_800B670C              
/* 00314 80985F54 02002025 */  or      $a0, $s0, $zero            ## $a0 = 00000000
/* 00318 80985F58 10000008 */  beq     $zero, $zero, .L80985F7C   
/* 0031C 80985F5C 260F0024 */  addiu   $t7, $s0, 0x0024           ## $t7 = 00000024
/* 00320 80985F60 860E0144 */  lh      $t6, 0x0144($s0)           ## 00000144
.L80985F64:
/* 00324 80985F64 2401FED4 */  addiu   $at, $zero, 0xFED4         ## $at = FFFFFED4
/* 00328 80985F68 55C10004 */  bnel    $t6, $at, .L80985F7C       
/* 0032C 80985F6C 260F0024 */  addiu   $t7, $s0, 0x0024           ## $t7 = 00000024
/* 00330 80985F70 0C02D9C3 */  jal     func_800B670C              
/* 00334 80985F74 02002025 */  or      $a0, $s0, $zero            ## $a0 = 00000000
.L80985F78:
/* 00338 80985F78 260F0024 */  addiu   $t7, $s0, 0x0024           ## $t7 = 00000024
.L80985F7C:
/* 0033C 80985F7C AFAF003C */  sw      $t7, 0x003C($sp)           
/* 00340 80985F80 0C02DAC9 */  jal     func_800B6B24              
/* 00344 80985F84 02002025 */  or      $a0, $s0, $zero            ## $a0 = 00000000
/* 00348 80985F88 27A40060 */  addiu   $a0, $sp, 0x0060           ## $a0 = FFFFFFE8
/* 0034C 80985F8C 0C03FD43 */  jal     func_800FF50C              
/* 00350 80985F90 8FA5003C */  lw      $a1, 0x003C($sp)           
/* 00354 80985F94 3C014120 */  lui     $at, 0x4120                ## $at = 41200000
/* 00358 80985F98 44810000 */  mtc1    $at, $f0                   ## $f0 = 10.00
/* 0035C 80985F9C 24180007 */  addiu   $t8, $zero, 0x0007         ## $t8 = 00000007
/* 00360 80985FA0 AFB80014 */  sw      $t8, 0x0014($sp)           
/* 00364 80985FA4 44060000 */  mfc1    $a2, $f0                   
/* 00368 80985FA8 8FA4007C */  lw      $a0, 0x007C($sp)           
/* 0036C 80985FAC 02002825 */  or      $a1, $s0, $zero            ## $a1 = 00000000
/* 00370 80985FB0 3C0740A0 */  lui     $a3, 0x40A0                ## $a3 = 40A00000
/* 00374 80985FB4 0C02DE2E */  jal     func_800B78B8              
/* 00378 80985FB8 E7A00010 */  swc1    $f0, 0x0010($sp)           
/* 0037C 80985FBC 96190090 */  lhu     $t9, 0x0090($s0)           ## 00000090
/* 00380 80985FC0 8FA4007C */  lw      $a0, 0x007C($sp)           
/* 00384 80985FC4 33280008 */  andi    $t0, $t9, 0x0008           ## $t0 = 00000000
/* 00388 80985FC8 11000034 */  beq     $t0, $zero, .L8098609C     
/* 0038C 80985FCC 24840830 */  addiu   $a0, $a0, 0x0830           ## $a0 = 00000830
/* 00390 80985FD0 8E05007C */  lw      $a1, 0x007C($s0)           ## 0000007C
/* 00394 80985FD4 92060084 */  lbu     $a2, 0x0084($s0)           ## 00000084
/* 00398 80985FD8 0C032693 */  jal     func_800C9A4C              
/* 0039C 80985FDC AFA40038 */  sw      $a0, 0x0038($sp)           
/* 003A0 80985FE0 30490030 */  andi    $t1, $v0, 0x0030           ## $t1 = 00000000
/* 003A4 80985FE4 1120002D */  beq     $t1, $zero, .L8098609C     
/* 003A8 80985FE8 26050108 */  addiu   $a1, $s0, 0x0108           ## $a1 = 00000108
/* 003AC 80985FEC 960A0090 */  lhu     $t2, 0x0090($s0)           ## 00000090
/* 003B0 80985FF0 27AC0040 */  addiu   $t4, $sp, 0x0040           ## $t4 = FFFFFFC8
/* 003B4 80985FF4 240D0001 */  addiu   $t5, $zero, 0x0001         ## $t5 = 00000001
/* 003B8 80985FF8 314BFFF7 */  andi    $t3, $t2, 0xFFF7           ## $t3 = 00000000
/* 003BC 80985FFC A60B0090 */  sh      $t3, 0x0090($s0)           ## 00000090
/* 003C0 80986000 240E0001 */  addiu   $t6, $zero, 0x0001         ## $t6 = 00000001
/* 003C4 80986004 27AF0044 */  addiu   $t7, $sp, 0x0044           ## $t7 = FFFFFFCC
/* 003C8 80986008 AFAF0024 */  sw      $t7, 0x0024($sp)           
/* 003CC 8098600C AFAE0020 */  sw      $t6, 0x0020($sp)           
/* 003D0 80986010 AFA0001C */  sw      $zero, 0x001C($sp)         
/* 003D4 80986014 AFA00018 */  sw      $zero, 0x0018($sp)         
/* 003D8 80986018 AFAD0014 */  sw      $t5, 0x0014($sp)           
/* 003DC 8098601C AFAC0010 */  sw      $t4, 0x0010($sp)           
/* 003E0 80986020 8FA7003C */  lw      $a3, 0x003C($sp)           
/* 003E4 80986024 8FA40038 */  lw      $a0, 0x0038($sp)           
/* 003E8 80986028 0C031571 */  jal     func_800C55C4              
/* 003EC 8098602C 27A60060 */  addiu   $a2, $sp, 0x0060           ## $a2 = FFFFFFE8
/* 003F0 80986030 10400018 */  beq     $v0, $zero, .L80986094     
/* 003F4 80986034 8FA4003C */  lw      $a0, 0x003C($sp)           
/* 003F8 80986038 8FA40038 */  lw      $a0, 0x0038($sp)           
/* 003FC 8098603C 8FA50040 */  lw      $a1, 0x0040($sp)           
/* 00400 80986040 0C032693 */  jal     func_800C9A4C              
/* 00404 80986044 8FA60044 */  lw      $a2, 0x0044($sp)           
/* 00408 80986048 30580030 */  andi    $t8, $v0, 0x0030           ## $t8 = 00000000
/* 0040C 8098604C 1300000D */  beq     $t8, $zero, .L80986084     
/* 00410 80986050 3C018098 */  lui     $at, %hi(D_80986220)       ## $at = 80980000
/* 00414 80986054 C4206220 */  lwc1    $f0, %lo(D_80986220)($at)  
/* 00418 80986058 C6060064 */  lwc1    $f6, 0x0064($s0)           ## 00000064
/* 0041C 8098605C C6040024 */  lwc1    $f4, 0x0024($s0)           ## 00000024
/* 00420 80986060 C612002C */  lwc1    $f18, 0x002C($s0)          ## 0000002C
/* 00424 80986064 46003202 */  mul.s   $f8, $f6, $f0              
/* 00428 80986068 C606006C */  lwc1    $f6, 0x006C($s0)           ## 0000006C
/* 0042C 8098606C 46082280 */  add.s   $f10, $f4, $f8             
/* 00430 80986070 46003102 */  mul.s   $f4, $f6, $f0              
/* 00434 80986074 E60A0024 */  swc1    $f10, 0x0024($s0)          ## 00000024
/* 00438 80986078 46049200 */  add.s   $f8, $f18, $f4             
/* 0043C 8098607C 10000007 */  beq     $zero, $zero, .L8098609C   
/* 00440 80986080 E608002C */  swc1    $f8, 0x002C($s0)           ## 0000002C
.L80986084:
/* 00444 80986084 96190090 */  lhu     $t9, 0x0090($s0)           ## 00000090
/* 00448 80986088 37280008 */  ori     $t0, $t9, 0x0008           ## $t0 = 00000008
/* 0044C 8098608C 10000003 */  beq     $zero, $zero, .L8098609C   
/* 00450 80986090 A6080090 */  sh      $t0, 0x0090($s0)           ## 00000090
.L80986094:
/* 00454 80986094 0C03FD43 */  jal     func_800FF50C              
/* 00458 80986098 27A50060 */  addiu   $a1, $sp, 0x0060           ## $a1 = FFFFFFE8
.L8098609C:
/* 0045C 8098609C 26050148 */  addiu   $a1, $s0, 0x0148           ## $a1 = 00000148
/* 00460 809860A0 AFA50038 */  sw      $a1, 0x0038($sp)           
/* 00464 809860A4 0C039F7E */  jal     func_800E7DF8              
/* 00468 809860A8 02002025 */  or      $a0, $s0, $zero            ## $a0 = 00000000
/* 0046C 809860AC 8E090004 */  lw      $t1, 0x0004($s0)           ## 00000004
/* 00470 809860B0 3C010100 */  lui     $at, 0x0100                ## $at = 01000000
/* 00474 809860B4 01215025 */  or      $t2, $t1, $at              ## $t2 = 01000000
/* 00478 809860B8 AE0A0004 */  sw      $t2, 0x0004($s0)           ## 00000004
/* 0047C 809860BC 8FA4007C */  lw      $a0, 0x007C($sp)           
/* 00480 809860C0 3C010001 */  lui     $at, 0x0001                ## $at = 00010000
/* 00484 809860C4 34218884 */  ori     $at, $at, 0x8884           ## $at = 00018884
/* 00488 809860C8 00812821 */  addu    $a1, $a0, $at              
/* 0048C 809860CC AFA5003C */  sw      $a1, 0x003C($sp)           
/* 00490 809860D0 0C038956 */  jal     func_800E2558              
/* 00494 809860D4 8FA60038 */  lw      $a2, 0x0038($sp)           
/* 00498 809860D8 8FA4007C */  lw      $a0, 0x007C($sp)           
/* 0049C 809860DC 8FA5003C */  lw      $a1, 0x003C($sp)           
/* 004A0 809860E0 0C0389D0 */  jal     func_800E2740              
/* 004A4 809860E4 8FA60038 */  lw      $a2, 0x0038($sp)           
/* 004A8 809860E8 860C0144 */  lh      $t4, 0x0144($s0)           ## 00000144
/* 004AC 809860EC 860D0146 */  lh      $t5, 0x0146($s0)           ## 00000146
/* 004B0 809860F0 8FA4007C */  lw      $a0, 0x007C($sp)           
/* 004B4 809860F4 8FA5003C */  lw      $a1, 0x003C($sp)           
/* 004B8 809860F8 018D082A */  slt     $at, $t4, $t5              
/* 004BC 809860FC 50200004 */  beql    $at, $zero, .L80986110     
/* 004C0 80986100 8FBF0034 */  lw      $ra, 0x0034($sp)           
/* 004C4 80986104 0C038A4A */  jal     func_800E2928              
/* 004C8 80986108 8FA60038 */  lw      $a2, 0x0038($sp)           
/* 004CC 8098610C 8FBF0034 */  lw      $ra, 0x0034($sp)           
.L80986110:
/* 004D0 80986110 8FB00030 */  lw      $s0, 0x0030($sp)           
/* 004D4 80986114 27BD0078 */  addiu   $sp, $sp, 0x0078           ## $sp = 00000000
/* 004D8 80986118 03E00008 */  jr      $ra                        
/* 004DC 8098611C 00000000 */  nop


glabel func_80986120
/* 004E0 80986120 27BDFFD0 */  addiu   $sp, $sp, 0xFFD0           ## $sp = FFFFFFD0
/* 004E4 80986124 AFBF001C */  sw      $ra, 0x001C($sp)           
/* 004E8 80986128 AFB00018 */  sw      $s0, 0x0018($sp)           
/* 004EC 8098612C AFA40030 */  sw      $a0, 0x0030($sp)           
/* 004F0 80986130 AFA50034 */  sw      $a1, 0x0034($sp)           
/* 004F4 80986134 8FAE0034 */  lw      $t6, 0x0034($sp)           
/* 004F8 80986138 8DC40000 */  lw      $a0, 0x0000($t6)           ## 00000000
/* 004FC 8098613C 0C04B0A3 */  jal     func_8012C28C              
/* 00500 80986140 00808025 */  or      $s0, $a0, $zero            ## $s0 = 00000000
/* 00504 80986144 8FA40034 */  lw      $a0, 0x0034($sp)           
/* 00508 80986148 3C010001 */  lui     $at, 0x0001                ## $at = 00010000
/* 0050C 8098614C 342187FC */  ori     $at, $at, 0x87FC           ## $at = 000187FC
/* 00510 80986150 24050001 */  addiu   $a1, $zero, 0x0001         ## $a1 = 00000001
/* 00514 80986154 0C060091 */  jal     func_80180244              
/* 00518 80986158 00812021 */  addu    $a0, $a0, $at              
/* 0051C 8098615C 8FAF0030 */  lw      $t7, 0x0030($sp)           
/* 00520 80986160 24050001 */  addiu   $a1, $zero, 0x0001         ## $a1 = 00000001
/* 00524 80986164 0C06033E */  jal     func_80180CF8              
/* 00528 80986168 85E40018 */  lh      $a0, 0x0018($t7)           ## 00000018
/* 0052C 8098616C 8E0202B0 */  lw      $v0, 0x02B0($s0)           ## 000002B0
/* 00530 80986170 3C19DA38 */  lui     $t9, 0xDA38                ## $t9 = DA380000
/* 00534 80986174 37390003 */  ori     $t9, $t9, 0x0003           ## $t9 = DA380003
/* 00538 80986178 24580008 */  addiu   $t8, $v0, 0x0008           ## $t8 = 00000008
/* 0053C 8098617C AE1802B0 */  sw      $t8, 0x02B0($s0)           ## 000002B0
/* 00540 80986180 AC590000 */  sw      $t9, 0x0000($v0)           ## 00000000
/* 00544 80986184 8FA80034 */  lw      $t0, 0x0034($sp)           
/* 00548 80986188 8D040000 */  lw      $a0, 0x0000($t0)           ## 00000000
/* 0054C 8098618C 0C060690 */  jal     func_80181A40              
/* 00550 80986190 AFA20020 */  sw      $v0, 0x0020($sp)           
/* 00554 80986194 8FA30020 */  lw      $v1, 0x0020($sp)           
/* 00558 80986198 3C0ADE00 */  lui     $t2, 0xDE00                ## $t2 = DE000000
/* 0055C 8098619C AC620004 */  sw      $v0, 0x0004($v1)           ## 00000004
/* 00560 809861A0 8E0202B0 */  lw      $v0, 0x02B0($s0)           ## 000002B0
/* 00564 809861A4 3C0B0406 */  lui     $t3, 0x0406                ## $t3 = 04060000
/* 00568 809861A8 256B8BA0 */  addiu   $t3, $t3, 0x8BA0           ## $t3 = 04058BA0
/* 0056C 809861AC 24490008 */  addiu   $t1, $v0, 0x0008           ## $t1 = 00000008
/* 00570 809861B0 AE0902B0 */  sw      $t1, 0x02B0($s0)           ## 000002B0
/* 00574 809861B4 AC4B0004 */  sw      $t3, 0x0004($v0)           ## 00000004
/* 00578 809861B8 AC4A0000 */  sw      $t2, 0x0000($v0)           ## 00000000
/* 0057C 809861BC 8FBF001C */  lw      $ra, 0x001C($sp)           
/* 00580 809861C0 8FB00018 */  lw      $s0, 0x0018($sp)           
/* 00584 809861C4 27BD0030 */  addiu   $sp, $sp, 0x0030           ## $sp = 00000000
/* 00588 809861C8 03E00008 */  jr      $ra                        
/* 0058C 809861CC 00000000 */  nop

.section .data

D_809861D0: .word 0x00DA0600, 0x00000010, 0x00010000, 0x00000194
.word func_80985C40
.word func_80985D10
.word func_80985D68
.word func_80986120
D_809861F0: .word \
0x0A110939, 0x20010000, 0x00000000, 0xF7CFFFFF, \
0x00040000, 0xF7CFFFFF, 0x00000000, 0x11010100, \
0x000D000D, 0x00000000, 0x00000000, 0x00000000

.section .rodata

D_80986220: .word 0x3C23D70A, 0x00000000, 0x00000000, 0x00000000


.section .rodata
D_80986230:
.incbin "baserom/En_Nutsball", 0x5F0, 0x00000040
