.include "macro.inc"

# assembler directives
.set noat      # allow manual use of $at
.set noreorder # don't insert nops after branches
.set gp=64     # allow use of 64-bit general purpose registers

.section .text
glabel func_80C08760
/* 00000 80C08760 27BDFFD8 */  addiu   $sp, $sp, 0xFFD8           ## $sp = FFFFFFD8
/* 00004 80C08764 AFB00018 */  sw      $s0, 0x0018($sp)           
/* 00008 80C08768 00808025 */  or      $s0, $a0, $zero            ## $s0 = 00000000
/* 0000C 80C0876C AFBF001C */  sw      $ra, 0x001C($sp)           
/* 00010 80C08770 AFA5002C */  sw      $a1, 0x002C($sp)           
/* 00014 80C08774 3C053C23 */  lui     $a1, 0x3C23                ## $a1 = 3C230000
/* 00018 80C08778 34A5D70A */  ori     $a1, $a1, 0xD70A           ## $a1 = 3C23D70A
/* 0001C 80C0877C 0C02D9F8 */  jal     func_800B67E0              
/* 00020 80C08780 02002025 */  or      $a0, $s0, $zero            ## $a0 = 00000000
/* 00024 80C08784 26050144 */  addiu   $a1, $s0, 0x0144           ## $a1 = 00000144
/* 00028 80C08788 AFA50020 */  sw      $a1, 0x0020($sp)           
/* 0002C 80C0878C 0C038467 */  jal     func_800E119C              
/* 00030 80C08790 8FA4002C */  lw      $a0, 0x002C($sp)           
/* 00034 80C08794 3C0780C1 */  lui     $a3, %hi(D_80C08A00)       ## $a3 = 80C10000
/* 00038 80C08798 8FA50020 */  lw      $a1, 0x0020($sp)           
/* 0003C 80C0879C 24E78A00 */  addiu   $a3, $a3, %lo(D_80C08A00)  ## $a3 = 80C08A00
/* 00040 80C087A0 8FA4002C */  lw      $a0, 0x002C($sp)           
/* 00044 80C087A4 0C0384C3 */  jal     func_800E130C              
/* 00048 80C087A8 02003025 */  or      $a2, $s0, $zero            ## $a2 = 00000000
/* 0004C 80C087AC 8E0F0028 */  lw      $t7, 0x0028($s0)           ## 00000028
/* 00050 80C087B0 3C0141F0 */  lui     $at, 0x41F0                ## $at = 41F00000
/* 00054 80C087B4 8E180024 */  lw      $t8, 0x0024($s0)           ## 00000024
/* 00058 80C087B8 AE0F0040 */  sw      $t7, 0x0040($s0)           ## 00000040
/* 0005C 80C087BC C6040040 */  lwc1    $f4, 0x0040($s0)           ## 00000040
/* 00060 80C087C0 44813000 */  mtc1    $at, $f6                   ## $f6 = 30.00
/* 00064 80C087C4 AE18003C */  sw      $t8, 0x003C($s0)           ## 0000003C
/* 00068 80C087C8 8E18002C */  lw      $t8, 0x002C($s0)           ## 0000002C
/* 0006C 80C087CC 46062200 */  add.s   $f8, $f4, $f6              
/* 00070 80C087D0 240E0001 */  addiu   $t6, $zero, 0x0001         ## $t6 = 00000001
/* 00074 80C087D4 A20E001F */  sb      $t6, 0x001F($s0)           ## 0000001F
/* 00078 80C087D8 02002025 */  or      $a0, $s0, $zero            ## $a0 = 00000000
/* 0007C 80C087DC E6080040 */  swc1    $f8, 0x0040($s0)           ## 00000040
/* 00080 80C087E0 0C30220A */  jal     func_80C08828              
/* 00084 80C087E4 AE180044 */  sw      $t8, 0x0044($s0)           ## 00000044
/* 00088 80C087E8 8FBF001C */  lw      $ra, 0x001C($sp)           
/* 0008C 80C087EC 8FB00018 */  lw      $s0, 0x0018($sp)           
/* 00090 80C087F0 27BD0028 */  addiu   $sp, $sp, 0x0028           ## $sp = 00000000
/* 00094 80C087F4 03E00008 */  jr      $ra                        
/* 00098 80C087F8 00000000 */  nop


glabel func_80C087FC
/* 0009C 80C087FC 27BDFFE8 */  addiu   $sp, $sp, 0xFFE8           ## $sp = FFFFFFE8
/* 000A0 80C08800 AFBF0014 */  sw      $ra, 0x0014($sp)           
/* 000A4 80C08804 00803025 */  or      $a2, $a0, $zero            ## $a2 = 00000000
/* 000A8 80C08808 00A03825 */  or      $a3, $a1, $zero            ## $a3 = 00000000
/* 000AC 80C0880C 00E02025 */  or      $a0, $a3, $zero            ## $a0 = 00000000
/* 000B0 80C08810 0C03847B */  jal     func_800E11EC              
/* 000B4 80C08814 24C50144 */  addiu   $a1, $a2, 0x0144           ## $a1 = 00000144
/* 000B8 80C08818 8FBF0014 */  lw      $ra, 0x0014($sp)           
/* 000BC 80C0881C 27BD0018 */  addiu   $sp, $sp, 0x0018           ## $sp = 00000000
/* 000C0 80C08820 03E00008 */  jr      $ra                        
/* 000C4 80C08824 00000000 */  nop


glabel func_80C08828
/* 000C8 80C08828 3C0E80C1 */  lui     $t6, %hi(func_80C0883C)    ## $t6 = 80C10000
/* 000CC 80C0882C 25CE883C */  addiu   $t6, $t6, %lo(func_80C0883C) ## $t6 = 80C0883C
/* 000D0 80C08830 AC8E0190 */  sw      $t6, 0x0190($a0)           ## 00000190
/* 000D4 80C08834 03E00008 */  jr      $ra                        
/* 000D8 80C08838 00000000 */  nop


glabel func_80C0883C
/* 000DC 80C0883C 27BDFFE8 */  addiu   $sp, $sp, 0xFFE8           ## $sp = FFFFFFE8
/* 000E0 80C08840 AFBF0014 */  sw      $ra, 0x0014($sp)           
/* 000E4 80C08844 AFA40018 */  sw      $a0, 0x0018($sp)           
/* 000E8 80C08848 00A03825 */  or      $a3, $a1, $zero            ## $a3 = 00000000
/* 000EC 80C0884C 8FA40018 */  lw      $a0, 0x0018($sp)           
/* 000F0 80C08850 00E02825 */  or      $a1, $a3, $zero            ## $a1 = 00000000
/* 000F4 80C08854 0C02E134 */  jal     func_800B84D0              
/* 000F8 80C08858 AFA7001C */  sw      $a3, 0x001C($sp)           
/* 000FC 80C0885C 10400009 */  beq     $v0, $zero, .L80C08884     
/* 00100 80C08860 8FA7001C */  lw      $a3, 0x001C($sp)           
/* 00104 80C08864 00E02025 */  or      $a0, $a3, $zero            ## $a0 = 00000000
/* 00108 80C08868 24050228 */  addiu   $a1, $zero, 0x0228         ## $a1 = 00000228
/* 0010C 80C0886C 0C05462C */  jal     func_801518B0              
/* 00110 80C08870 8FA60018 */  lw      $a2, 0x0018($sp)           
/* 00114 80C08874 0C302229 */  jal     func_80C088A4              
/* 00118 80C08878 8FA40018 */  lw      $a0, 0x0018($sp)           
/* 0011C 80C0887C 10000006 */  beq     $zero, $zero, .L80C08898   
/* 00120 80C08880 8FBF0014 */  lw      $ra, 0x0014($sp)           
.L80C08884:
/* 00124 80C08884 8FA40018 */  lw      $a0, 0x0018($sp)           
/* 00128 80C08888 00E02825 */  or      $a1, $a3, $zero            ## $a1 = 00000000
/* 0012C 80C0888C 0C02E185 */  jal     func_800B8614              
/* 00130 80C08890 3C0642C8 */  lui     $a2, 0x42C8                ## $a2 = 42C80000
/* 00134 80C08894 8FBF0014 */  lw      $ra, 0x0014($sp)           
.L80C08898:
/* 00138 80C08898 27BD0018 */  addiu   $sp, $sp, 0x0018           ## $sp = 00000000
/* 0013C 80C0889C 03E00008 */  jr      $ra                        
/* 00140 80C088A0 00000000 */  nop


glabel func_80C088A4
/* 00144 80C088A4 3C0E80C1 */  lui     $t6, %hi(func_80C088B8)    ## $t6 = 80C10000
/* 00148 80C088A8 25CE88B8 */  addiu   $t6, $t6, %lo(func_80C088B8) ## $t6 = 80C088B8
/* 0014C 80C088AC AC8E0190 */  sw      $t6, 0x0190($a0)           ## 00000190
/* 00150 80C088B0 03E00008 */  jr      $ra                        
/* 00154 80C088B4 00000000 */  nop


glabel func_80C088B8
/* 00158 80C088B8 27BDFFE8 */  addiu   $sp, $sp, 0xFFE8           ## $sp = FFFFFFE8
/* 0015C 80C088BC AFBF0014 */  sw      $ra, 0x0014($sp)           
/* 00160 80C088C0 AFA40018 */  sw      $a0, 0x0018($sp)           
/* 00164 80C088C4 0C02E19F */  jal     func_800B867C              
/* 00168 80C088C8 8FA40018 */  lw      $a0, 0x0018($sp)           
/* 0016C 80C088CC 50400004 */  beql    $v0, $zero, .L80C088E0     
/* 00170 80C088D0 8FBF0014 */  lw      $ra, 0x0014($sp)           
/* 00174 80C088D4 0C30220A */  jal     func_80C08828              
/* 00178 80C088D8 8FA40018 */  lw      $a0, 0x0018($sp)           
/* 0017C 80C088DC 8FBF0014 */  lw      $ra, 0x0014($sp)           
.L80C088E0:
/* 00180 80C088E0 27BD0018 */  addiu   $sp, $sp, 0x0018           ## $sp = 00000000
/* 00184 80C088E4 03E00008 */  jr      $ra                        
/* 00188 80C088E8 00000000 */  nop


glabel func_80C088EC
/* 0018C 80C088EC 27BDFFD8 */  addiu   $sp, $sp, 0xFFD8           ## $sp = FFFFFFD8
/* 00190 80C088F0 AFBF0014 */  sw      $ra, 0x0014($sp)           
/* 00194 80C088F4 AFA5002C */  sw      $a1, 0x002C($sp)           
/* 00198 80C088F8 00803825 */  or      $a3, $a0, $zero            ## $a3 = 00000000
/* 0019C 80C088FC AFA70028 */  sw      $a3, 0x0028($sp)           
/* 001A0 80C08900 8CF90190 */  lw      $t9, 0x0190($a3)           ## 00000190
/* 001A4 80C08904 00E02025 */  or      $a0, $a3, $zero            ## $a0 = 00000000
/* 001A8 80C08908 8FA5002C */  lw      $a1, 0x002C($sp)           
/* 001AC 80C0890C 0320F809 */  jalr    $ra, $t9                   
/* 001B0 80C08910 00000000 */  nop
/* 001B4 80C08914 8FA40028 */  lw      $a0, 0x0028($sp)           
/* 001B8 80C08918 24860144 */  addiu   $a2, $a0, 0x0144           ## $a2 = 00000144
/* 001BC 80C0891C 00C02825 */  or      $a1, $a2, $zero            ## $a1 = 00000144
/* 001C0 80C08920 0C039F7E */  jal     func_800E7DF8              
/* 001C4 80C08924 AFA6001C */  sw      $a2, 0x001C($sp)           
/* 001C8 80C08928 8FA4002C */  lw      $a0, 0x002C($sp)           
/* 001CC 80C0892C 3C010001 */  lui     $at, 0x0001                ## $at = 00010000
/* 001D0 80C08930 34218884 */  ori     $at, $at, 0x8884           ## $at = 00018884
/* 001D4 80C08934 8FA6001C */  lw      $a2, 0x001C($sp)           
/* 001D8 80C08938 0C038A4A */  jal     func_800E2928              
/* 001DC 80C0893C 00812821 */  addu    $a1, $a0, $at              
/* 001E0 80C08940 8FBF0014 */  lw      $ra, 0x0014($sp)           
/* 001E4 80C08944 27BD0028 */  addiu   $sp, $sp, 0x0028           ## $sp = 00000000
/* 001E8 80C08948 03E00008 */  jr      $ra                        
/* 001EC 80C0894C 00000000 */  nop


glabel func_80C08950
/* 001F0 80C08950 27BDFFD8 */  addiu   $sp, $sp, 0xFFD8           ## $sp = FFFFFFD8
/* 001F4 80C08954 AFBF0014 */  sw      $ra, 0x0014($sp)           
/* 001F8 80C08958 AFA40028 */  sw      $a0, 0x0028($sp)           
/* 001FC 80C0895C AFA5002C */  sw      $a1, 0x002C($sp)           
/* 00200 80C08960 8FAE002C */  lw      $t6, 0x002C($sp)           
/* 00204 80C08964 8DC40000 */  lw      $a0, 0x0000($t6)           ## 00000000
/* 00208 80C08968 0C04B0A3 */  jal     func_8012C28C              
/* 0020C 80C0896C AFA40024 */  sw      $a0, 0x0024($sp)           
/* 00210 80C08970 8FA60024 */  lw      $a2, 0x0024($sp)           
/* 00214 80C08974 8CC202B0 */  lw      $v0, 0x02B0($a2)           ## 000002B0
/* 00218 80C08978 3C18DA38 */  lui     $t8, 0xDA38                ## $t8 = DA380000
/* 0021C 80C0897C 37180003 */  ori     $t8, $t8, 0x0003           ## $t8 = DA380003
/* 00220 80C08980 244F0008 */  addiu   $t7, $v0, 0x0008           ## $t7 = 00000008
/* 00224 80C08984 ACCF02B0 */  sw      $t7, 0x02B0($a2)           ## 000002B0
/* 00228 80C08988 AC580000 */  sw      $t8, 0x0000($v0)           ## 00000000
/* 0022C 80C0898C 8FB9002C */  lw      $t9, 0x002C($sp)           
/* 00230 80C08990 8F240000 */  lw      $a0, 0x0000($t9)           ## 00000000
/* 00234 80C08994 AFA60024 */  sw      $a2, 0x0024($sp)           
/* 00238 80C08998 0C060690 */  jal     func_80181A40              
/* 0023C 80C0899C AFA2001C */  sw      $v0, 0x001C($sp)           
/* 00240 80C089A0 8FA3001C */  lw      $v1, 0x001C($sp)           
/* 00244 80C089A4 8FA60024 */  lw      $a2, 0x0024($sp)           
/* 00248 80C089A8 3C09DE00 */  lui     $t1, 0xDE00                ## $t1 = DE000000
/* 0024C 80C089AC AC620004 */  sw      $v0, 0x0004($v1)           ## 00000004
/* 00250 80C089B0 8CC202B0 */  lw      $v0, 0x02B0($a2)           ## 000002B0
/* 00254 80C089B4 3C0A0600 */  lui     $t2, 0x0600                ## $t2 = 06000000
/* 00258 80C089B8 254A1510 */  addiu   $t2, $t2, 0x1510           ## $t2 = 06001510
/* 0025C 80C089BC 24480008 */  addiu   $t0, $v0, 0x0008           ## $t0 = 00000008
/* 00260 80C089C0 ACC802B0 */  sw      $t0, 0x02B0($a2)           ## 000002B0
/* 00264 80C089C4 AC4A0004 */  sw      $t2, 0x0004($v0)           ## 00000004
/* 00268 80C089C8 AC490000 */  sw      $t1, 0x0000($v0)           ## 00000000
/* 0026C 80C089CC 8FBF0014 */  lw      $ra, 0x0014($sp)           
/* 00270 80C089D0 27BD0028 */  addiu   $sp, $sp, 0x0028           ## $sp = 00000000
/* 00274 80C089D4 03E00008 */  jr      $ra                        
/* 00278 80C089D8 00000000 */  nop
/* 0027C 80C089DC 00000000 */  nop

.section .data

D_80C089E0: .word 0x02890600, 0x00000019, 0x025B0000, 0x00000194
.word func_80C08760
.word func_80C087FC
.word func_80C088EC
.word func_80C08950
D_80C08A00: .word \
0x0D000939, 0x10010000, 0x01000000, 0x00000000, \
0x00000000, 0xF7CFFFFF, 0x00000000, 0x00010100, \
0x00140032, 0x00000000, 0x00000000, 0x00000000

.section .rodata



.section .rodata
D_80C08A30:
.incbin "baserom/En_Nnh", 0x2D0, 0x00000050
