.include "macro.inc"

# assembler directives
.set noat      # allow manual use of $at
.set noreorder # don't insert nops after branches
.set gp=64     # allow use of 64-bit general purpose registers

.section .text
glabel func_80B5B2E0
/* 00000 80B5B2E0 27BDFF90 */  addiu   $sp, $sp, 0xFF90           ## $sp = FFFFFF90
/* 00004 80B5B2E4 AFA60078 */  sw      $a2, 0x0078($sp)           
/* 00008 80B5B2E8 00063400 */  sll     $a2, $a2, 16               
/* 0000C 80B5B2EC AFB40030 */  sw      $s4, 0x0030($sp)           
/* 00010 80B5B2F0 00A0A025 */  or      $s4, $a1, $zero            ## $s4 = 00000000
/* 00014 80B5B2F4 00063403 */  sra     $a2, $a2, 16               
/* 00018 80B5B2F8 AFBF003C */  sw      $ra, 0x003C($sp)           
/* 0001C 80B5B2FC AFB60038 */  sw      $s6, 0x0038($sp)           
/* 00020 80B5B300 AFB50034 */  sw      $s5, 0x0034($sp)           
/* 00024 80B5B304 AFB3002C */  sw      $s3, 0x002C($sp)           
/* 00028 80B5B308 AFB20028 */  sw      $s2, 0x0028($sp)           
/* 0002C 80B5B30C AFB10024 */  sw      $s1, 0x0024($sp)           
/* 00030 80B5B310 AFB00020 */  sw      $s0, 0x0020($sp)           
/* 00034 80B5B314 F7B40018 */  sdc1    $f20, 0x0018($sp)          
/* 00038 80B5B318 AFA7007C */  sw      $a3, 0x007C($sp)           
/* 0003C 80B5B31C 3C0E0002 */  lui     $t6, 0x0002                ## $t6 = 00020000
/* 00040 80B5B320 01C47021 */  addu    $t6, $t6, $a0              
/* 00044 80B5B324 8DCE8864 */  lw      $t6, -0x779C($t6)          ## 00018864
/* 00048 80B5B328 000678C0 */  sll     $t7, $a2,  3               
/* 0004C 80B5B32C 3C0180B6 */  lui     $at, %hi(D_80B5E420)       ## $at = 80B60000
/* 00050 80B5B330 01CF9821 */  addu    $s3, $t6, $t7              
/* 00054 80B5B334 92780000 */  lbu     $t8, 0x0000($s3)           ## 00000000
/* 00058 80B5B338 C434E420 */  lwc1    $f20, %lo(D_80B5E420)($at) 
/* 0005C 80B5B33C 00008025 */  or      $s0, $zero, $zero          ## $s0 = 00000000
/* 00060 80B5B340 1B00001A */  blez    $t8, .L80B5B3AC            
/* 00064 80B5B344 00008825 */  or      $s1, $zero, $zero          ## $s1 = 00000000
/* 00068 80B5B348 27B6004C */  addiu   $s6, $sp, 0x004C           ## $s6 = FFFFFFDC
/* 0006C 80B5B34C 8FB50080 */  lw      $s5, 0x0080($sp)           
/* 00070 80B5B350 27B20058 */  addiu   $s2, $sp, 0x0058           ## $s2 = FFFFFFE8
.L80B5B354:
/* 00074 80B5B354 0C040141 */  jal     func_80100504              
/* 00078 80B5B358 8E640004 */  lw      $a0, 0x0004($s3)           ## 00000004
/* 0007C 80B5B35C 02402025 */  or      $a0, $s2, $zero            ## $a0 = FFFFFFE8
/* 00080 80B5B360 0C03FD53 */  jal     func_800FF54C              
/* 00084 80B5B364 00512821 */  addu    $a1, $v0, $s1              
/* 00088 80B5B368 02802025 */  or      $a0, $s4, $zero            ## $a0 = 00000000
/* 0008C 80B5B36C 0C03FE21 */  jal     func_800FF884              
/* 00090 80B5B370 02402825 */  or      $a1, $s2, $zero            ## $a1 = FFFFFFE8
/* 00094 80B5B374 4614003C */  c.lt.s  $f0, $f20                  
/* 00098 80B5B378 02C02025 */  or      $a0, $s6, $zero            ## $a0 = FFFFFFDC
/* 0009C 80B5B37C 02402825 */  or      $a1, $s2, $zero            ## $a1 = FFFFFFE8
/* 000A0 80B5B380 45020005 */  bc1fl   .L80B5B398                 
/* 000A4 80B5B384 92790000 */  lbu     $t9, 0x0000($s3)           ## 00000000
/* 000A8 80B5B388 0C03FD43 */  jal     func_800FF50C              
/* 000AC 80B5B38C 46000506 */  mov.s   $f20, $f0                  
/* 000B0 80B5B390 AEB00000 */  sw      $s0, 0x0000($s5)           ## 00000000
/* 000B4 80B5B394 92790000 */  lbu     $t9, 0x0000($s3)           ## 00000000
.L80B5B398:
/* 000B8 80B5B398 26100001 */  addiu   $s0, $s0, 0x0001           ## $s0 = 00000001
/* 000BC 80B5B39C 26310006 */  addiu   $s1, $s1, 0x0006           ## $s1 = 00000006
/* 000C0 80B5B3A0 0219082A */  slt     $at, $s0, $t9              
/* 000C4 80B5B3A4 1420FFEB */  bne     $at, $zero, .L80B5B354     
/* 000C8 80B5B3A8 00000000 */  nop
.L80B5B3AC:
/* 000CC 80B5B3AC 27A5004C */  addiu   $a1, $sp, 0x004C           ## $a1 = FFFFFFDC
/* 000D0 80B5B3B0 0C03FD43 */  jal     func_800FF50C              
/* 000D4 80B5B3B4 8FA4007C */  lw      $a0, 0x007C($sp)           
/* 000D8 80B5B3B8 8FBF003C */  lw      $ra, 0x003C($sp)           
/* 000DC 80B5B3BC D7B40018 */  ldc1    $f20, 0x0018($sp)          
/* 000E0 80B5B3C0 8FB00020 */  lw      $s0, 0x0020($sp)           
/* 000E4 80B5B3C4 8FB10024 */  lw      $s1, 0x0024($sp)           
/* 000E8 80B5B3C8 8FB20028 */  lw      $s2, 0x0028($sp)           
/* 000EC 80B5B3CC 8FB3002C */  lw      $s3, 0x002C($sp)           
/* 000F0 80B5B3D0 8FB40030 */  lw      $s4, 0x0030($sp)           
/* 000F4 80B5B3D4 8FB50034 */  lw      $s5, 0x0034($sp)           
/* 000F8 80B5B3D8 8FB60038 */  lw      $s6, 0x0038($sp)           
/* 000FC 80B5B3DC 03E00008 */  jr      $ra                        
/* 00100 80B5B3E0 27BD0070 */  addiu   $sp, $sp, 0x0070           ## $sp = 00000000


glabel func_80B5B3E4
/* 00104 80B5B3E4 27BDFF80 */  addiu   $sp, $sp, 0xFF80           ## $sp = FFFFFF80
/* 00108 80B5B3E8 AFB00030 */  sw      $s0, 0x0030($sp)           
/* 0010C 80B5B3EC 00808025 */  or      $s0, $a0, $zero            ## $s0 = 00000000
/* 00110 80B5B3F0 AFBF0034 */  sw      $ra, 0x0034($sp)           
/* 00114 80B5B3F4 AFA50084 */  sw      $a1, 0x0084($sp)           
/* 00118 80B5B3F8 3C0580B6 */  lui     $a1, %hi(D_80B5E3FC)       ## $a1 = 80B60000
/* 0011C 80B5B3FC 24A5E3FC */  addiu   $a1, $a1, %lo(D_80B5E3FC)  ## $a1 = 80B5E3FC
/* 00120 80B5B400 0C03FEB7 */  jal     func_800FFADC              
/* 00124 80B5B404 02002025 */  or      $a0, $s0, $zero            ## $a0 = 00000000
/* 00128 80B5B408 8602001C */  lh      $v0, 0x001C($s0)           ## 0000001C
/* 0012C 80B5B40C AE000388 */  sw      $zero, 0x0388($s0)         ## 00000388
/* 00130 80B5B410 260400BC */  addiu   $a0, $s0, 0x00BC           ## $a0 = 000000BC
/* 00134 80B5B414 00021383 */  sra     $v0, $v0, 14               
/* 00138 80B5B418 30420003 */  andi    $v0, $v0, 0x0003           ## $v0 = 00000000
/* 0013C 80B5B41C 1440000F */  bne     $v0, $zero, .L80B5B45C     
/* 00140 80B5B420 AE02033C */  sw      $v0, 0x033C($s0)           ## 0000033C
/* 00144 80B5B424 3C0180B6 */  lui     $at, %hi(D_80B5E880)       ## $at = 80B60000
/* 00148 80B5B428 AC30E880 */  sw      $s0, %lo(D_80B5E880)($at)  
/* 0014C 80B5B42C 8E0E0004 */  lw      $t6, 0x0004($s0)           ## 00000004
/* 00150 80B5B430 3C010800 */  lui     $at, 0x0800                ## $at = 08000000
/* 00154 80B5B434 3C0880B6 */  lui     $t0, %hi(func_80B5DB6C)    ## $t0 = 80B60000
/* 00158 80B5B438 01C17825 */  or      $t7, $t6, $at              ## $t7 = 08000000
/* 0015C 80B5B43C 2401FFF6 */  addiu   $at, $zero, 0xFFF6         ## $at = FFFFFFF6
/* 00160 80B5B440 AE0F0004 */  sw      $t7, 0x0004($s0)           ## 00000004
/* 00164 80B5B444 01E1C824 */  and     $t9, $t7, $at              
/* 00168 80B5B448 2508DB6C */  addiu   $t0, $t0, %lo(func_80B5DB6C) ## $t0 = 80B5DB6C
/* 0016C 80B5B44C AE190004 */  sw      $t9, 0x0004($s0)           ## 00000004
/* 00170 80B5B450 AE080138 */  sw      $t0, 0x0138($s0)           ## 00000138
/* 00174 80B5B454 1000017E */  beq     $zero, $zero, .L80B5BA50   
/* 00178 80B5B458 AE00013C */  sw      $zero, 0x013C($s0)         ## 0000013C
.L80B5B45C:
/* 0017C 80B5B45C 3C06800B */  lui     $a2, 0x800B                ## $a2 = 800B0000
/* 00180 80B5B460 24C63FC0 */  addiu   $a2, $a2, 0x3FC0           ## $a2 = 800B3FC0
/* 00184 80B5B464 24050000 */  addiu   $a1, $zero, 0x0000         ## $a1 = 00000000
/* 00188 80B5B468 0C02CEE9 */  jal     func_800B3BA4              
/* 0018C 80B5B46C 3C0741F0 */  lui     $a3, 0x41F0                ## $a3 = 41F00000
/* 00190 80B5B470 26050148 */  addiu   $a1, $s0, 0x0148           ## $a1 = 00000148
/* 00194 80B5B474 3C060600 */  lui     $a2, 0x0600                ## $a2 = 06000000
/* 00198 80B5B478 3C070600 */  lui     $a3, 0x0600                ## $a3 = 06000000
/* 0019C 80B5B47C 260901D8 */  addiu   $t1, $s0, 0x01D8           ## $t1 = 000001D8
/* 001A0 80B5B480 260A024A */  addiu   $t2, $s0, 0x024A           ## $t2 = 0000024A
/* 001A4 80B5B484 240B0013 */  addiu   $t3, $zero, 0x0013         ## $t3 = 00000013
/* 001A8 80B5B488 AFAB0018 */  sw      $t3, 0x0018($sp)           
/* 001AC 80B5B48C AFAA0014 */  sw      $t2, 0x0014($sp)           
/* 001B0 80B5B490 AFA90010 */  sw      $t1, 0x0010($sp)           
/* 001B4 80B5B494 24E708D8 */  addiu   $a3, $a3, 0x08D8           ## $a3 = 060008D8
/* 001B8 80B5B498 24C64800 */  addiu   $a2, $a2, 0x4800           ## $a2 = 06004800
/* 001BC 80B5B49C AFA50040 */  sw      $a1, 0x0040($sp)           
/* 001C0 80B5B4A0 0C04DACC */  jal     func_80136B30              
/* 001C4 80B5B4A4 8FA40084 */  lw      $a0, 0x0084($sp)           
/* 001C8 80B5B4A8 3C0780B6 */  lui     $a3, %hi(D_80B5E3A0)       ## $a3 = 80B60000
/* 001CC 80B5B4AC 24E7E3A0 */  addiu   $a3, $a3, %lo(D_80B5E3A0)  ## $a3 = 80B5E3A0
/* 001D0 80B5B4B0 8FA40084 */  lw      $a0, 0x0084($sp)           
/* 001D4 80B5B4B4 2605018C */  addiu   $a1, $s0, 0x018C           ## $a1 = 0000018C
/* 001D8 80B5B4B8 0C0384DD */  jal     func_800E1374              
/* 001DC 80B5B4BC 02003025 */  or      $a2, $s0, $zero            ## $a2 = 00000000
/* 001E0 80B5B4C0 3C0480B6 */  lui     $a0, %hi(D_80B5E3CC)       ## $a0 = 80B60000
/* 001E4 80B5B4C4 0C04D1D2 */  jal     func_80134748              
/* 001E8 80B5B4C8 8C84E3CC */  lw      $a0, %lo(D_80B5E3CC)($a0)  
/* 001EC 80B5B4CC 0C021BF7 */  jal     func_80086FDC              
/* 001F0 80B5B4D0 A7A2004A */  sh      $v0, 0x004A($sp)           
/* 001F4 80B5B4D4 3C0480B6 */  lui     $a0, %hi(D_80B5E3CC)       ## $a0 = 80B60000
/* 001F8 80B5B4D8 8C84E3CC */  lw      $a0, %lo(D_80B5E3CC)($a0)  
/* 001FC 80B5B4DC 0C04D1D2 */  jal     func_80134748              
/* 00200 80B5B4E0 E7A0004C */  swc1    $f0, 0x004C($sp)           
/* 00204 80B5B4E4 87AC004A */  lh      $t4, 0x004A($sp)           
/* 00208 80B5B4E8 C7A4004C */  lwc1    $f4, 0x004C($sp)           
/* 0020C 80B5B4EC 44828000 */  mtc1    $v0, $f16                  ## $f16 = 0.00
/* 00210 80B5B4F0 448C3000 */  mtc1    $t4, $f6                   ## $f6 = 0.00
/* 00214 80B5B4F4 3C0380B6 */  lui     $v1, %hi(D_80B5E3CC)       ## $v1 = 80B60000
/* 00218 80B5B4F8 468084A0 */  cvt.s.w $f18, $f16                 
/* 0021C 80B5B4FC 2463E3CC */  addiu   $v1, $v1, %lo(D_80B5E3CC)  ## $v1 = 80B5E3CC
/* 00220 80B5B500 906D0008 */  lbu     $t5, 0x0008($v1)           ## 80B5E3D4
/* 00224 80B5B504 8C650000 */  lw      $a1, 0x0000($v1)           ## 80B5E3CC
/* 00228 80B5B508 8FA40040 */  lw      $a0, 0x0040($sp)           
/* 0022C 80B5B50C 46803220 */  cvt.s.w $f8, $f6                   
/* 00230 80B5B510 C466000C */  lwc1    $f6, 0x000C($v1)           ## 80B5E3D8
/* 00234 80B5B514 E7B20010 */  swc1    $f18, 0x0010($sp)          
/* 00238 80B5B518 3C063F80 */  lui     $a2, 0x3F80                ## $a2 = 3F800000
/* 0023C 80B5B51C AFAD0014 */  sw      $t5, 0x0014($sp)           
/* 00240 80B5B520 E7A60018 */  swc1    $f6, 0x0018($sp)           
/* 00244 80B5B524 46082282 */  mul.s   $f10, $f4, $f8             
/* 00248 80B5B528 44075000 */  mfc1    $a3, $f10                  
/* 0024C 80B5B52C 0C04DCFA */  jal     func_801373E8              
/* 00250 80B5B530 00000000 */  nop
/* 00254 80B5B534 860E001C */  lh      $t6, 0x001C($s0)           ## 0000001C
/* 00258 80B5B538 86180034 */  lh      $t8, 0x0034($s0)           ## 00000034
/* 0025C 80B5B53C 44802000 */  mtc1    $zero, $f4                 ## $f4 = 0.00
/* 00260 80B5B540 241900FF */  addiu   $t9, $zero, 0x00FF         ## $t9 = 000000FF
/* 00264 80B5B544 31CF007F */  andi    $t7, $t6, 0x007F           ## $t7 = 00000000
/* 00268 80B5B548 A60F0346 */  sh      $t7, 0x0346($s0)           ## 00000346
/* 0026C 80B5B54C A6000034 */  sh      $zero, 0x0034($s0)         ## 00000034
/* 00270 80B5B550 A60000C0 */  sh      $zero, 0x00C0($s0)         ## 000000C0
/* 00274 80B5B554 A21900B6 */  sb      $t9, 0x00B6($s0)           ## 000000B6
/* 00278 80B5B558 02002025 */  or      $a0, $s0, $zero            ## $a0 = 00000000
/* 0027C 80B5B55C 26050356 */  addiu   $a1, $s0, 0x0356           ## $a1 = 00000356
/* 00280 80B5B560 24060004 */  addiu   $a2, $zero, 0x0004         ## $a2 = 00000004
/* 00284 80B5B564 A6180344 */  sh      $t8, 0x0344($s0)           ## 00000344
/* 00288 80B5B568 0C04F8EE */  jal     func_8013E3B8              
/* 0028C 80B5B56C E6040074 */  swc1    $f4, 0x0074($s0)           ## 00000074
/* 00290 80B5B570 3C0580B6 */  lui     $a1, %hi(D_80B5E3CC)       ## $a1 = 80B60000
/* 00294 80B5B574 24A5E3CC */  addiu   $a1, $a1, %lo(D_80B5E3CC)  ## $a1 = 80B5E3CC
/* 00298 80B5B578 8FA40040 */  lw      $a0, 0x0040($sp)           
/* 0029C 80B5B57C 00003025 */  or      $a2, $zero, $zero          ## $a2 = 00000000
/* 002A0 80B5B580 0C04F872 */  jal     func_8013E1C8              
/* 002A4 80B5B584 260702BC */  addiu   $a3, $s0, 0x02BC           ## $a3 = 000002BC
/* 002A8 80B5B588 0C021BF7 */  jal     func_80086FDC              
/* 002AC 80B5B58C 00000000 */  nop
/* 002B0 80B5B590 C6080158 */  lwc1    $f8, 0x0158($s0)           ## 00000158
/* 002B4 80B5B594 8FA40084 */  lw      $a0, 0x0084($sp)           
/* 002B8 80B5B598 26060368 */  addiu   $a2, $s0, 0x0368           ## $a2 = 00000368
/* 002BC 80B5B59C 46080282 */  mul.s   $f10, $f0, $f8             
/* 002C0 80B5B5A0 24850818 */  addiu   $a1, $a0, 0x0818           ## $a1 = 00000818
/* 002C4 80B5B5A4 0C040989 */  jal     func_80102624              
/* 002C8 80B5B5A8 E60A0160 */  swc1    $f10, 0x0160($s0)          ## 00000160
/* 002CC 80B5B5AC 8603001C */  lh      $v1, 0x001C($s0)           ## 0000001C
/* 002D0 80B5B5B0 24060001 */  addiu   $a2, $zero, 0x0001         ## $a2 = 00000001
/* 002D4 80B5B5B4 240800FF */  addiu   $t0, $zero, 0x00FF         ## $t0 = 000000FF
/* 002D8 80B5B5B8 00031B83 */  sra     $v1, $v1, 14               
/* 002DC 80B5B5BC 240900C8 */  addiu   $t1, $zero, 0x00C8         ## $t1 = 000000C8
/* 002E0 80B5B5C0 240A0050 */  addiu   $t2, $zero, 0x0050         ## $t2 = 00000050
/* 002E4 80B5B5C4 30630003 */  andi    $v1, $v1, 0x0003           ## $v1 = 00000000
/* 002E8 80B5B5C8 AE020364 */  sw      $v0, 0x0364($s0)           ## 00000364
/* 002EC 80B5B5CC A2080744 */  sb      $t0, 0x0744($s0)           ## 00000744
/* 002F0 80B5B5D0 A2090745 */  sb      $t1, 0x0745($s0)           ## 00000745
/* 002F4 80B5B5D4 10660008 */  beq     $v1, $a2, .L80B5B5F8       
/* 002F8 80B5B5D8 A20A0746 */  sb      $t2, 0x0746($s0)           ## 00000746
/* 002FC 80B5B5DC 24010002 */  addiu   $at, $zero, 0x0002         ## $at = 00000002
/* 00300 80B5B5E0 1061009D */  beq     $v1, $at, .L80B5B858       
/* 00304 80B5B5E4 24010003 */  addiu   $at, $zero, 0x0003         ## $at = 00000003
/* 00308 80B5B5E8 106100E8 */  beq     $v1, $at, .L80B5B98C       
/* 0030C 80B5B5EC 3C18801F */  lui     $t8, 0x801F                ## $t8 = 801F0000
/* 00310 80B5B5F0 10000118 */  beq     $zero, $zero, .L80B5BA54   
/* 00314 80B5B5F4 8FBF0034 */  lw      $ra, 0x0034($sp)           
.L80B5B5F8:
/* 00318 80B5B5F8 3C0180B6 */  lui     $at, %hi(D_80B5E884)       ## $at = 80B60000
/* 0031C 80B5B5FC 3C053C54 */  lui     $a1, 0x3C54                ## $a1 = 3C540000
/* 00320 80B5B600 AC30E884 */  sw      $s0, %lo(D_80B5E884)($at)  
/* 00324 80B5B604 34A5FDF3 */  ori     $a1, $a1, 0xFDF3           ## $a1 = 3C54FDF3
/* 00328 80B5B608 0C02D9F8 */  jal     func_800B67E0              
/* 0032C 80B5B60C 02002025 */  or      $a0, $s0, $zero            ## $a0 = 00000000
/* 00330 80B5B610 86030344 */  lh      $v1, 0x0344($s0)           ## 00000344
/* 00334 80B5B614 8FA40084 */  lw      $a0, 0x0084($sp)           
/* 00338 80B5B618 24060001 */  addiu   $a2, $zero, 0x0001         ## $a2 = 00000001
/* 0033C 80B5B61C 10600005 */  beq     $v1, $zero, .L80B5B634     
/* 00340 80B5B620 24840830 */  addiu   $a0, $a0, 0x0830           ## $a0 = 00000830
/* 00344 80B5B624 10660088 */  beq     $v1, $a2, .L80B5B848       
/* 00348 80B5B628 00000000 */  nop
/* 0034C 80B5B62C 10000109 */  beq     $zero, $zero, .L80B5BA54   
/* 00350 80B5B630 8FBF0034 */  lw      $ra, 0x0034($sp)           
.L80B5B634:
/* 00354 80B5B634 26070024 */  addiu   $a3, $s0, 0x0024           ## $a3 = 00000024
/* 00358 80B5B638 AFA7003C */  sw      $a3, 0x003C($sp)           
/* 0035C 80B5B63C 26050080 */  addiu   $a1, $s0, 0x0080           ## $a1 = 00000080
/* 00360 80B5B640 0C03102D */  jal     func_800C40B4              
/* 00364 80B5B644 27A60074 */  addiu   $a2, $sp, 0x0074           ## $a2 = FFFFFFF4
/* 00368 80B5B648 3C014248 */  lui     $at, 0x4248                ## $at = 42480000
/* 0036C 80B5B64C 44818000 */  mtc1    $at, $f16                  ## $f16 = 50.00
/* 00370 80B5B650 3C0B801F */  lui     $t3, 0x801F                ## $t3 = 801F0000
/* 00374 80B5B654 00002825 */  or      $a1, $zero, $zero          ## $a1 = 00000000
/* 00378 80B5B658 46100480 */  add.s   $f18, $f0, $f16            
/* 0037C 80B5B65C 3C0280B6 */  lui     $v0, %hi(D_80B5E888)       ## $v0 = 80B60000
/* 00380 80B5B660 E6120028 */  swc1    $f18, 0x0028($s0)          ## 00000028
/* 00384 80B5B664 916B05BC */  lbu     $t3, 0x05BC($t3)           ## 801F05BC
/* 00388 80B5B668 316C0010 */  andi    $t4, $t3, 0x0010           ## $t4 = 00000000
/* 0038C 80B5B66C 1180004D */  beq     $t4, $zero, .L80B5B7A4     
/* 00390 80B5B670 00000000 */  nop
/* 00394 80B5B674 0C06026B */  jal     func_801809AC              
/* 00398 80B5B678 860400BE */  lh      $a0, 0x00BE($s0)           ## 000000BE
/* 0039C 80B5B67C 3C0180B6 */  lui     $at, %hi(D_80B5E424)       ## $at = 80B60000
/* 003A0 80B5B680 C42CE424 */  lwc1    $f12, %lo(D_80B5E424)($at) 
/* 003A4 80B5B684 0C060704 */  jal     func_80181C10              
/* 003A8 80B5B688 27A50064 */  addiu   $a1, $sp, 0x0064           ## $a1 = FFFFFFE4
/* 003AC 80B5B68C 27A50064 */  addiu   $a1, $sp, 0x0064           ## $a1 = FFFFFFE4
/* 003B0 80B5B690 00A03025 */  or      $a2, $a1, $zero            ## $a2 = FFFFFFE4
/* 003B4 80B5B694 0C03FD6F */  jal     func_800FF5BC              
/* 003B8 80B5B698 8FA4003C */  lw      $a0, 0x003C($sp)           
/* 003BC 80B5B69C C7A60068 */  lwc1    $f6, 0x0068($sp)           
/* 003C0 80B5B6A0 C7A4006C */  lwc1    $f4, 0x006C($sp)           
/* 003C4 80B5B6A4 AFA00018 */  sw      $zero, 0x0018($sp)         
/* 003C8 80B5B6A8 E7A60010 */  swc1    $f6, 0x0010($sp)           
/* 003CC 80B5B6AC E7A40014 */  swc1    $f4, 0x0014($sp)           
/* 003D0 80B5B6B0 860D00BE */  lh      $t5, 0x00BE($s0)           ## 000000BE
/* 003D4 80B5B6B4 34018000 */  ori     $at, $zero, 0x8000         ## $at = 00008000
/* 003D8 80B5B6B8 240F0001 */  addiu   $t7, $zero, 0x0001         ## $t7 = 00000001
/* 003DC 80B5B6BC 01A17021 */  addu    $t6, $t5, $at              
/* 003E0 80B5B6C0 AFAE001C */  sw      $t6, 0x001C($sp)           
/* 003E4 80B5B6C4 AFAF0020 */  sw      $t7, 0x0020($sp)           
/* 003E8 80B5B6C8 8618001C */  lh      $t8, 0x001C($s0)           ## 0000001C
/* 003EC 80B5B6CC 8FA50084 */  lw      $a1, 0x0084($sp)           
/* 003F0 80B5B6D0 24060205 */  addiu   $a2, $zero, 0x0205         ## $a2 = 00000205
/* 003F4 80B5B6D4 33193FFF */  andi    $t9, $t8, 0x3FFF           ## $t9 = 00000000
/* 003F8 80B5B6D8 37288000 */  ori     $t0, $t9, 0x8000           ## $t0 = 00008000
/* 003FC 80B5B6DC AFA80024 */  sw      $t0, 0x0024($sp)           
/* 00400 80B5B6E0 8FA70064 */  lw      $a3, 0x0064($sp)           
/* 00404 80B5B6E4 0C02EB18 */  jal     func_800BAC60              
/* 00408 80B5B6E8 24A41CA0 */  addiu   $a0, $a1, 0x1CA0           ## $a0 = 00001CA0
/* 0040C 80B5B6EC 10400029 */  beq     $v0, $zero, .L80B5B794     
/* 00410 80B5B6F0 AE020360 */  sw      $v0, 0x0360($s0)           ## 00000360
/* 00414 80B5B6F4 AC500360 */  sw      $s0, 0x0360($v0)           ## 00000360
/* 00418 80B5B6F8 A60003A0 */  sh      $zero, 0x03A0($s0)         ## 000003A0
/* 0041C 80B5B6FC 860A03A0 */  lh      $t2, 0x03A0($s0)           ## 000003A0
/* 00420 80B5B700 3C013F00 */  lui     $at, 0x3F00                ## $at = 3F000000
/* 00424 80B5B704 44810000 */  mtc1    $at, $f0                   ## $f0 = 0.50
/* 00428 80B5B708 8E0C0360 */  lw      $t4, 0x0360($s0)           ## 00000360
/* 0042C 80B5B70C 34018000 */  ori     $at, $zero, 0x8000         ## $at = 00008000
/* 00430 80B5B710 01415821 */  addu    $t3, $t2, $at              
/* 00434 80B5B714 A58B03A0 */  sh      $t3, 0x03A0($t4)           ## 000003A0
/* 00438 80B5B718 8E020360 */  lw      $v0, 0x0360($s0)           ## 00000360
/* 0043C 80B5B71C C6080024 */  lwc1    $f8, 0x0024($s0)           ## 00000024
/* 00440 80B5B720 C6060028 */  lwc1    $f6, 0x0028($s0)           ## 00000028
/* 00444 80B5B724 C44A0024 */  lwc1    $f10, 0x0024($v0)          ## 00000024
/* 00448 80B5B728 C604002C */  lwc1    $f4, 0x002C($s0)           ## 0000002C
/* 0044C 80B5B72C E6060398 */  swc1    $f6, 0x0398($s0)           ## 00000398
/* 00450 80B5B730 460A4400 */  add.s   $f16, $f8, $f10            
/* 00454 80B5B734 26050394 */  addiu   $a1, $s0, 0x0394           ## $a1 = 00000394
/* 00458 80B5B738 24440394 */  addiu   $a0, $v0, 0x0394           ## $a0 = 00000394
/* 0045C 80B5B73C 46008482 */  mul.s   $f18, $f16, $f0            
/* 00460 80B5B740 E6120394 */  swc1    $f18, 0x0394($s0)          ## 00000394
/* 00464 80B5B744 C448002C */  lwc1    $f8, 0x002C($v0)           ## 0000002C
/* 00468 80B5B748 46082280 */  add.s   $f10, $f4, $f8             
/* 0046C 80B5B74C 46005402 */  mul.s   $f16, $f10, $f0            
/* 00470 80B5B750 0C03FD43 */  jal     func_800FF50C              
/* 00474 80B5B754 E610039C */  swc1    $f16, 0x039C($s0)          ## 0000039C
/* 00478 80B5B758 3C0D801F */  lui     $t5, 0x801F                ## $t5 = 801F0000
/* 0047C 80B5B75C 91AD0588 */  lbu     $t5, 0x0588($t5)           ## 801F0588
/* 00480 80B5B760 8FA50084 */  lw      $a1, 0x0084($sp)           
/* 00484 80B5B764 02002025 */  or      $a0, $s0, $zero            ## $a0 = 00000000
/* 00488 80B5B768 31AE0001 */  andi    $t6, $t5, 0x0001           ## $t6 = 00000000
/* 0048C 80B5B76C 11C00005 */  beq     $t6, $zero, .L80B5B784     
/* 00490 80B5B770 00000000 */  nop
/* 00494 80B5B774 0C2D7091 */  jal     func_80B5C244              
/* 00498 80B5B778 02002025 */  or      $a0, $s0, $zero            ## $a0 = 00000000
/* 0049C 80B5B77C 100000B5 */  beq     $zero, $zero, .L80B5BA54   
/* 004A0 80B5B780 8FBF0034 */  lw      $ra, 0x0034($sp)           
.L80B5B784:
/* 004A4 80B5B784 0C2D71A1 */  jal     func_80B5C684              
/* 004A8 80B5B788 8FA50084 */  lw      $a1, 0x0084($sp)           
/* 004AC 80B5B78C 100000B0 */  beq     $zero, $zero, .L80B5BA50   
/* 004B0 80B5B790 00000000 */  nop
.L80B5B794:
/* 004B4 80B5B794 0C02D9C3 */  jal     func_800B670C              
/* 004B8 80B5B798 02002025 */  or      $a0, $s0, $zero            ## $a0 = 00000000
/* 004BC 80B5B79C 100000AD */  beq     $zero, $zero, .L80B5BA54   
/* 004C0 80B5B7A0 8FBF0034 */  lw      $ra, 0x0034($sp)           
.L80B5B7A4:
/* 004C4 80B5B7A4 8C42E888 */  lw      $v0, %lo(D_80B5E888)($v0)  
/* 004C8 80B5B7A8 02002025 */  or      $a0, $s0, $zero            ## $a0 = 00000000
/* 004CC 80B5B7AC 10400022 */  beq     $v0, $zero, .L80B5B838     
/* 004D0 80B5B7B0 00000000 */  nop
/* 004D4 80B5B7B4 944F032C */  lhu     $t7, 0x032C($v0)           ## 0000032C
/* 004D8 80B5B7B8 00002825 */  or      $a1, $zero, $zero          ## $a1 = 00000000
/* 004DC 80B5B7BC 31F80001 */  andi    $t8, $t7, 0x0001           ## $t8 = 00000000
/* 004E0 80B5B7C0 1300001D */  beq     $t8, $zero, .L80B5B838     
/* 004E4 80B5B7C4 00000000 */  nop
/* 004E8 80B5B7C8 AE020360 */  sw      $v0, 0x0360($s0)           ## 00000360
/* 004EC 80B5B7CC AC500360 */  sw      $s0, 0x0360($v0)           ## 00000360
/* 004F0 80B5B7D0 0C06026B */  jal     func_801809AC              
/* 004F4 80B5B7D4 86040032 */  lh      $a0, 0x0032($s0)           ## 00000032
/* 004F8 80B5B7D8 3C014448 */  lui     $at, 0x4448                ## $at = 44480000
/* 004FC 80B5B7DC 44816000 */  mtc1    $at, $f12                  ## $f12 = 800.00
/* 00500 80B5B7E0 0C060704 */  jal     func_80181C10              
/* 00504 80B5B7E4 27A50058 */  addiu   $a1, $sp, 0x0058           ## $a1 = FFFFFFD8
/* 00508 80B5B7E8 27A50058 */  addiu   $a1, $sp, 0x0058           ## $a1 = FFFFFFD8
/* 0050C 80B5B7EC 00A03025 */  or      $a2, $a1, $zero            ## $a2 = FFFFFFD8
/* 00510 80B5B7F0 0C03FD6F */  jal     func_800FF5BC              
/* 00514 80B5B7F4 8FA4003C */  lw      $a0, 0x003C($sp)           
/* 00518 80B5B7F8 8E040360 */  lw      $a0, 0x0360($s0)           ## 00000360
/* 0051C 80B5B7FC 27A50058 */  addiu   $a1, $sp, 0x0058           ## $a1 = FFFFFFD8
/* 00520 80B5B800 0C03FD43 */  jal     func_800FF50C              
/* 00524 80B5B804 24840024 */  addiu   $a0, $a0, 0x0024           ## $a0 = 00000024
/* 00528 80B5B808 8E040360 */  lw      $a0, 0x0360($s0)           ## 00000360
/* 0052C 80B5B80C 27A50058 */  addiu   $a1, $sp, 0x0058           ## $a1 = FFFFFFD8
/* 00530 80B5B810 0C03FD43 */  jal     func_800FF50C              
/* 00534 80B5B814 24840108 */  addiu   $a0, $a0, 0x0108           ## $a0 = 00000108
/* 00538 80B5B818 02002025 */  or      $a0, $s0, $zero            ## $a0 = 00000000
/* 0053C 80B5B81C 0C2D6F6A */  jal     func_80B5BDA8              
/* 00540 80B5B820 8FA50084 */  lw      $a1, 0x0084($sp)           
/* 00544 80B5B824 8E040360 */  lw      $a0, 0x0360($s0)           ## 00000360
/* 00548 80B5B828 0C2D6FA2 */  jal     func_80B5BE88              
/* 0054C 80B5B82C 8FA50084 */  lw      $a1, 0x0084($sp)           
/* 00550 80B5B830 10000088 */  beq     $zero, $zero, .L80B5BA54   
/* 00554 80B5B834 8FBF0034 */  lw      $ra, 0x0034($sp)           
.L80B5B838:
/* 00558 80B5B838 0C2D739B */  jal     func_80B5CE6C              
/* 0055C 80B5B83C 8FA50084 */  lw      $a1, 0x0084($sp)           
/* 00560 80B5B840 10000084 */  beq     $zero, $zero, .L80B5BA54   
/* 00564 80B5B844 8FBF0034 */  lw      $ra, 0x0034($sp)           
.L80B5B848:
/* 00568 80B5B848 0C02D9C3 */  jal     func_800B670C              
/* 0056C 80B5B84C 02002025 */  or      $a0, $s0, $zero            ## $a0 = 00000000
/* 00570 80B5B850 10000080 */  beq     $zero, $zero, .L80B5BA54   
/* 00574 80B5B854 8FBF0034 */  lw      $ra, 0x0034($sp)           
.L80B5B858:
/* 00578 80B5B858 3C0180B6 */  lui     $at, %hi(D_80B5E888)       ## $at = 80B60000
/* 0057C 80B5B85C AC30E888 */  sw      $s0, %lo(D_80B5E888)($at)  
/* 00580 80B5B860 86030344 */  lh      $v1, 0x0344($s0)           ## 00000344
/* 00584 80B5B864 02002025 */  or      $a0, $s0, $zero            ## $a0 = 00000000
/* 00588 80B5B868 10600005 */  beq     $v1, $zero, .L80B5B880     
/* 0058C 80B5B86C 00000000 */  nop
/* 00590 80B5B870 1066002A */  beq     $v1, $a2, .L80B5B91C       
/* 00594 80B5B874 02002025 */  or      $a0, $s0, $zero            ## $a0 = 00000000
/* 00598 80B5B878 10000076 */  beq     $zero, $zero, .L80B5BA54   
/* 0059C 80B5B87C 8FBF0034 */  lw      $ra, 0x0034($sp)           
.L80B5B880:
/* 005A0 80B5B880 0C02D9F8 */  jal     func_800B67E0              
/* 005A4 80B5B884 24050000 */  addiu   $a1, $zero, 0x0000         ## $a1 = 00000000
/* 005A8 80B5B888 3C08801F */  lui     $t0, 0x801F                ## $t0 = 801F0000
/* 005AC 80B5B88C 91080575 */  lbu     $t0, 0x0575($t0)           ## 801F0575
/* 005B0 80B5B890 02002025 */  or      $a0, $s0, $zero            ## $a0 = 00000000
/* 005B4 80B5B894 8FA30084 */  lw      $v1, 0x0084($sp)           
/* 005B8 80B5B898 31090001 */  andi    $t1, $t0, 0x0001           ## $t1 = 00000000
/* 005BC 80B5B89C 15200008 */  bne     $t1, $zero, .L80B5B8C0     
/* 005C0 80B5B8A0 00000000 */  nop
/* 005C4 80B5B8A4 0C02D9F8 */  jal     func_800B67E0              
/* 005C8 80B5B8A8 24050000 */  addiu   $a1, $zero, 0x0000         ## $a1 = 00000000
/* 005CC 80B5B8AC 02002025 */  or      $a0, $s0, $zero            ## $a0 = 00000000
/* 005D0 80B5B8B0 0C2D7244 */  jal     func_80B5C910              
/* 005D4 80B5B8B4 8FA50084 */  lw      $a1, 0x0084($sp)           
/* 005D8 80B5B8B8 10000066 */  beq     $zero, $zero, .L80B5BA54   
/* 005DC 80B5B8BC 8FBF0034 */  lw      $ra, 0x0034($sp)           
.L80B5B8C0:
/* 005E0 80B5B8C0 8C621CCC */  lw      $v0, 0x1CCC($v1)           ## 00001CCC
/* 005E4 80B5B8C4 24640830 */  addiu   $a0, $v1, 0x0830           ## $a0 = 00000830
/* 005E8 80B5B8C8 8C450080 */  lw      $a1, 0x0080($v0)           ## 00000080
/* 005EC 80B5B8CC 0C0326E4 */  jal     func_800C9B90              
/* 005F0 80B5B8D0 90460085 */  lbu     $a2, 0x0085($v0)           ## 00000085
/* 005F4 80B5B8D4 10400009 */  beq     $v0, $zero, .L80B5B8FC     
/* 005F8 80B5B8D8 3C0A80B6 */  lui     $t2, %hi(D_80B5E884)       ## $t2 = 80B60000
/* 005FC 80B5B8DC 02002025 */  or      $a0, $s0, $zero            ## $a0 = 00000000
/* 00600 80B5B8E0 0C02D9F8 */  jal     func_800B67E0              
/* 00604 80B5B8E4 24050000 */  addiu   $a1, $zero, 0x0000         ## $a1 = 00000000
/* 00608 80B5B8E8 02002025 */  or      $a0, $s0, $zero            ## $a0 = 00000000
/* 0060C 80B5B8EC 0C2D7244 */  jal     func_80B5C910              
/* 00610 80B5B8F0 8FA50084 */  lw      $a1, 0x0084($sp)           
/* 00614 80B5B8F4 10000057 */  beq     $zero, $zero, .L80B5BA54   
/* 00618 80B5B8F8 8FBF0034 */  lw      $ra, 0x0034($sp)           
.L80B5B8FC:
/* 0061C 80B5B8FC 8D4AE884 */  lw      $t2, %lo(D_80B5E884)($t2)  
/* 00620 80B5B900 02002025 */  or      $a0, $s0, $zero            ## $a0 = 00000000
/* 00624 80B5B904 AE0A0360 */  sw      $t2, 0x0360($s0)           ## 00000360
/* 00628 80B5B908 AD500360 */  sw      $s0, 0x0360($t2)           ## 00000360
/* 0062C 80B5B90C 0C2D7274 */  jal     func_80B5C9D0              
/* 00630 80B5B910 8FA50084 */  lw      $a1, 0x0084($sp)           
/* 00634 80B5B914 1000004F */  beq     $zero, $zero, .L80B5BA54   
/* 00638 80B5B918 8FBF0034 */  lw      $ra, 0x0034($sp)           
.L80B5B91C:
/* 0063C 80B5B91C 3C053C54 */  lui     $a1, 0x3C54                ## $a1 = 3C540000
/* 00640 80B5B920 0C02D9F8 */  jal     func_800B67E0              
/* 00644 80B5B924 34A5FDF3 */  ori     $a1, $a1, 0xFDF3           ## $a1 = 3C54FDF3
/* 00648 80B5B928 3C02801F */  lui     $v0, 0x801F                ## $v0 = 801F0000
/* 0064C 80B5B92C 2442F670 */  addiu   $v0, $v0, 0xF670           ## $v0 = 801EF670
/* 00650 80B5B930 904C0F4C */  lbu     $t4, 0x0F4C($v0)           ## 801F05BC
/* 00654 80B5B934 02002025 */  or      $a0, $s0, $zero            ## $a0 = 00000000
/* 00658 80B5B938 318D0010 */  andi    $t5, $t4, 0x0010           ## $t5 = 00000000
/* 0065C 80B5B93C 11A0000F */  beq     $t5, $zero, .L80B5B97C     
/* 00660 80B5B940 00000000 */  nop
/* 00664 80B5B944 904E0F18 */  lbu     $t6, 0x0F18($v0)           ## 801F0588
/* 00668 80B5B948 8FA50084 */  lw      $a1, 0x0084($sp)           
/* 0066C 80B5B94C 02002025 */  or      $a0, $s0, $zero            ## $a0 = 00000000
/* 00670 80B5B950 31CF0001 */  andi    $t7, $t6, 0x0001           ## $t7 = 00000000
/* 00674 80B5B954 11E00005 */  beq     $t7, $zero, .L80B5B96C     
/* 00678 80B5B958 00000000 */  nop
/* 0067C 80B5B95C 0C2D7091 */  jal     func_80B5C244              
/* 00680 80B5B960 02002025 */  or      $a0, $s0, $zero            ## $a0 = 00000000
/* 00684 80B5B964 1000003B */  beq     $zero, $zero, .L80B5BA54   
/* 00688 80B5B968 8FBF0034 */  lw      $ra, 0x0034($sp)           
.L80B5B96C:
/* 0068C 80B5B96C 0C2D71A1 */  jal     func_80B5C684              
/* 00690 80B5B970 8FA50084 */  lw      $a1, 0x0084($sp)           
/* 00694 80B5B974 10000037 */  beq     $zero, $zero, .L80B5BA54   
/* 00698 80B5B978 8FBF0034 */  lw      $ra, 0x0034($sp)           
.L80B5B97C:
/* 0069C 80B5B97C 0C2D739B */  jal     func_80B5CE6C              
/* 006A0 80B5B980 8FA50084 */  lw      $a1, 0x0084($sp)           
/* 006A4 80B5B984 10000033 */  beq     $zero, $zero, .L80B5BA54   
/* 006A8 80B5B988 8FBF0034 */  lw      $ra, 0x0034($sp)           
.L80B5B98C:
/* 006AC 80B5B98C 93180582 */  lbu     $t8, 0x0582($t8)           ## 00000582
/* 006B0 80B5B990 3C010800 */  lui     $at, 0x0800                ## $at = 08000000
/* 006B4 80B5B994 02002025 */  or      $a0, $s0, $zero            ## $a0 = 00000000
/* 006B8 80B5B998 33190008 */  andi    $t9, $t8, 0x0008           ## $t9 = 00000000
/* 006BC 80B5B99C 1720002A */  bne     $t9, $zero, .L80B5BA48     
/* 006C0 80B5B9A0 00000000 */  nop
/* 006C4 80B5B9A4 8E080004 */  lw      $t0, 0x0004($s0)           ## 00000004
/* 006C8 80B5B9A8 3C053BD4 */  lui     $a1, 0x3BD4                ## $a1 = 3BD40000
/* 006CC 80B5B9AC 34A5FDF3 */  ori     $a1, $a1, 0xFDF3           ## $a1 = 3BD4FDF3
/* 006D0 80B5B9B0 01014825 */  or      $t1, $t0, $at              ## $t1 = 08000000
/* 006D4 80B5B9B4 2401FFF6 */  addiu   $at, $zero, 0xFFF6         ## $at = FFFFFFF6
/* 006D8 80B5B9B8 AE090004 */  sw      $t1, 0x0004($s0)           ## 00000004
/* 006DC 80B5B9BC 01215824 */  and     $t3, $t1, $at              
/* 006E0 80B5B9C0 0C02D9F8 */  jal     func_800B67E0              
/* 006E4 80B5B9C4 AE0B0004 */  sw      $t3, 0x0004($s0)           ## 00000004
/* 006E8 80B5B9C8 860C01CC */  lh      $t4, 0x01CC($s0)           ## 000001CC
/* 006EC 80B5B9CC 3C013F00 */  lui     $at, 0x3F00                ## $at = 3F000000
/* 006F0 80B5B9D0 44810000 */  mtc1    $at, $f0                   ## $f0 = 0.50
/* 006F4 80B5B9D4 448C9000 */  mtc1    $t4, $f18                  ## $f18 = 0.00
/* 006F8 80B5B9D8 860F01CE */  lh      $t7, 0x01CE($s0)           ## 000001CE
/* 006FC 80B5B9DC 860801D0 */  lh      $t0, 0x01D0($s0)           ## 000001D0
/* 00700 80B5B9E0 468091A0 */  cvt.s.w $f6, $f18                  
/* 00704 80B5B9E4 448F5000 */  mtc1    $t7, $f10                  ## $f10 = 0.00
/* 00708 80B5B9E8 3C0B80B6 */  lui     $t3, %hi(func_80B5DAEC)    ## $t3 = 80B60000
/* 0070C 80B5B9EC 256BDAEC */  addiu   $t3, $t3, %lo(func_80B5DAEC) ## $t3 = 80B5DAEC
/* 00710 80B5B9F0 AE0B0138 */  sw      $t3, 0x0138($s0)           ## 00000138
/* 00714 80B5B9F4 46805420 */  cvt.s.w $f16, $f10                 
/* 00718 80B5B9F8 46003102 */  mul.s   $f4, $f6, $f0              
/* 0071C 80B5B9FC 02002025 */  or      $a0, $s0, $zero            ## $a0 = 00000000
/* 00720 80B5BA00 46008482 */  mul.s   $f18, $f16, $f0            
/* 00724 80B5BA04 4600220D */  trunc.w.s $f8, $f4                   
/* 00728 80B5BA08 44882000 */  mtc1    $t0, $f4                   ## $f4 = 0.00
/* 0072C 80B5BA0C 4600918D */  trunc.w.s $f6, $f18                  
/* 00730 80B5BA10 440E4000 */  mfc1    $t6, $f8                   
/* 00734 80B5BA14 46802220 */  cvt.s.w $f8, $f4                   
/* 00738 80B5BA18 44193000 */  mfc1    $t9, $f6                   
/* 0073C 80B5BA1C A60E01CC */  sh      $t6, 0x01CC($s0)           ## 000001CC
/* 00740 80B5BA20 A61901CE */  sh      $t9, 0x01CE($s0)           ## 000001CE
/* 00744 80B5BA24 46004282 */  mul.s   $f10, $f8, $f0             
/* 00748 80B5BA28 4600540D */  trunc.w.s $f16, $f10                 
/* 0074C 80B5BA2C 440A8000 */  mfc1    $t2, $f16                  
/* 00750 80B5BA30 00000000 */  nop
/* 00754 80B5BA34 A60A01D0 */  sh      $t2, 0x01D0($s0)           ## 000001D0
/* 00758 80B5BA38 0C2D718D */  jal     func_80B5C634              
/* 0075C 80B5BA3C 8FA50084 */  lw      $a1, 0x0084($sp)           
/* 00760 80B5BA40 10000004 */  beq     $zero, $zero, .L80B5BA54   
/* 00764 80B5BA44 8FBF0034 */  lw      $ra, 0x0034($sp)           
.L80B5BA48:
/* 00768 80B5BA48 0C02D9C3 */  jal     func_800B670C              
/* 0076C 80B5BA4C 02002025 */  or      $a0, $s0, $zero            ## $a0 = 00000000
.L80B5BA50:
/* 00770 80B5BA50 8FBF0034 */  lw      $ra, 0x0034($sp)           
.L80B5BA54:
/* 00774 80B5BA54 8FB00030 */  lw      $s0, 0x0030($sp)           
/* 00778 80B5BA58 27BD0080 */  addiu   $sp, $sp, 0x0080           ## $sp = 00000000
/* 0077C 80B5BA5C 03E00008 */  jr      $ra                        
/* 00780 80B5BA60 00000000 */  nop


glabel func_80B5BA64
/* 00784 80B5BA64 27BDFFE8 */  addiu   $sp, $sp, 0xFFE8           ## $sp = FFFFFFE8
/* 00788 80B5BA68 AFBF0014 */  sw      $ra, 0x0014($sp)           
/* 0078C 80B5BA6C AFA40018 */  sw      $a0, 0x0018($sp)           
/* 00790 80B5BA70 00A03825 */  or      $a3, $a1, $zero            ## $a3 = 00000000
/* 00794 80B5BA74 8FA50018 */  lw      $a1, 0x0018($sp)           
/* 00798 80B5BA78 00E02025 */  or      $a0, $a3, $zero            ## $a0 = 00000000
/* 0079C 80B5BA7C AFA7001C */  sw      $a3, 0x001C($sp)           
/* 007A0 80B5BA80 0C03847B */  jal     func_800E11EC              
/* 007A4 80B5BA84 24A5018C */  addiu   $a1, $a1, 0x018C           ## $a1 = 0000018C
/* 007A8 80B5BA88 8FA4001C */  lw      $a0, 0x001C($sp)           
/* 007AC 80B5BA8C 8FAE0018 */  lw      $t6, 0x0018($sp)           
/* 007B0 80B5BA90 24850818 */  addiu   $a1, $a0, 0x0818           ## $a1 = 00000818
/* 007B4 80B5BA94 0C0409A1 */  jal     func_80102684              
/* 007B8 80B5BA98 8DC60364 */  lw      $a2, 0x0364($t6)           ## 00000364
/* 007BC 80B5BA9C 8FBF0014 */  lw      $ra, 0x0014($sp)           
/* 007C0 80B5BAA0 27BD0018 */  addiu   $sp, $sp, 0x0018           ## $sp = 00000000
/* 007C4 80B5BAA4 03E00008 */  jr      $ra                        
/* 007C8 80B5BAA8 00000000 */  nop


glabel func_80B5BAAC
/* 007CC 80B5BAAC 27BDFFD8 */  addiu   $sp, $sp, 0xFFD8           ## $sp = FFFFFFD8
/* 007D0 80B5BAB0 AFBF0024 */  sw      $ra, 0x0024($sp)           
/* 007D4 80B5BAB4 AFA5002C */  sw      $a1, 0x002C($sp)           
/* 007D8 80B5BAB8 AFA60030 */  sw      $a2, 0x0030($sp)           
/* 007DC 80B5BABC AFA70034 */  sw      $a3, 0x0034($sp)           
/* 007E0 80B5BAC0 8FAE002C */  lw      $t6, 0x002C($sp)           
/* 007E4 80B5BAC4 8FA80030 */  lw      $t0, 0x0030($sp)           
/* 007E8 80B5BAC8 87AC0036 */  lh      $t4, 0x0036($sp)           
/* 007EC 80B5BACC C5C40000 */  lwc1    $f4, 0x0000($t6)           ## 00000000
/* 007F0 80B5BAD0 C5C80004 */  lwc1    $f8, 0x0004($t6)           ## 00000004
/* 007F4 80B5BAD4 C5D00008 */  lwc1    $f16, 0x0008($t6)          ## 00000008
/* 007F8 80B5BAD8 91090000 */  lbu     $t1, 0x0000($t0)           ## 00000000
/* 007FC 80B5BADC 4600218D */  trunc.w.s $f6, $f4                   
/* 00800 80B5BAE0 AFA90010 */  sw      $t1, 0x0010($sp)           
/* 00804 80B5BAE4 4600428D */  trunc.w.s $f10, $f8                  
/* 00808 80B5BAE8 910A0001 */  lbu     $t2, 0x0001($t0)           ## 00000001
/* 0080C 80B5BAEC 44053000 */  mfc1    $a1, $f6                   
/* 00810 80B5BAF0 4600848D */  trunc.w.s $f18, $f16                 
/* 00814 80B5BAF4 44065000 */  mfc1    $a2, $f10                  
/* 00818 80B5BAF8 AFAA0014 */  sw      $t2, 0x0014($sp)           
/* 0081C 80B5BAFC 910B0002 */  lbu     $t3, 0x0002($t0)           ## 00000002
/* 00820 80B5BB00 44079000 */  mfc1    $a3, $f18                  
/* 00824 80B5BB04 00052C00 */  sll     $a1, $a1, 16               
/* 00828 80B5BB08 00063400 */  sll     $a2, $a2, 16               
/* 0082C 80B5BB0C 00073C00 */  sll     $a3, $a3, 16               
/* 00830 80B5BB10 00073C03 */  sra     $a3, $a3, 16               
/* 00834 80B5BB14 00063403 */  sra     $a2, $a2, 16               
/* 00838 80B5BB18 00052C03 */  sra     $a1, $a1, 16               
/* 0083C 80B5BB1C AFAC001C */  sw      $t4, 0x001C($sp)           
/* 00840 80B5BB20 0C04067F */  jal     func_801019FC              
/* 00844 80B5BB24 AFAB0018 */  sw      $t3, 0x0018($sp)           
/* 00848 80B5BB28 8FBF0024 */  lw      $ra, 0x0024($sp)           
/* 0084C 80B5BB2C 27BD0028 */  addiu   $sp, $sp, 0x0028           ## $sp = 00000000
/* 00850 80B5BB30 03E00008 */  jr      $ra                        
/* 00854 80B5BB34 00000000 */  nop


glabel func_80B5BB38
/* 00858 80B5BB38 27BDFFE8 */  addiu   $sp, $sp, 0xFFE8           ## $sp = FFFFFFE8
/* 0085C 80B5BB3C AFBF0014 */  sw      $ra, 0x0014($sp)           
/* 00860 80B5BB40 AFA60020 */  sw      $a2, 0x0020($sp)           
/* 00864 80B5BB44 AFA40018 */  sw      $a0, 0x0018($sp)           
/* 00868 80B5BB48 0C021BF7 */  jal     func_80086FDC              
/* 0086C 80B5BB4C AFA5001C */  sw      $a1, 0x001C($sp)           
/* 00870 80B5BB50 8FA5001C */  lw      $a1, 0x001C($sp)           
/* 00874 80B5BB54 8FA40018 */  lw      $a0, 0x0018($sp)           
/* 00878 80B5BB58 C7B20020 */  lwc1    $f18, 0x0020($sp)          
/* 0087C 80B5BB5C 90AE0000 */  lbu     $t6, 0x0000($a1)           ## 00000000
/* 00880 80B5BB60 3C014F80 */  lui     $at, 0x4F80                ## $at = 4F800000
/* 00884 80B5BB64 448E2000 */  mtc1    $t6, $f4                   ## $f4 = 0.00
/* 00888 80B5BB68 05C10004 */  bgez    $t6, .L80B5BB7C            
/* 0088C 80B5BB6C 46802320 */  cvt.s.w $f12, $f4                  
/* 00890 80B5BB70 44813000 */  mtc1    $at, $f6                   ## $f6 = 4294967296.00
/* 00894 80B5BB74 00000000 */  nop
/* 00898 80B5BB78 46066300 */  add.s   $f12, $f12, $f6            
.L80B5BB7C:
/* 0089C 80B5BB7C 3C013F80 */  lui     $at, 0x3F80                ## $at = 3F800000
/* 008A0 80B5BB80 44814000 */  mtc1    $at, $f8                   ## $f8 = 1.00
/* 008A4 80B5BB84 46126282 */  mul.s   $f10, $f12, $f18           
/* 008A8 80B5BB88 24180001 */  addiu   $t8, $zero, 0x0001         ## $t8 = 00000001
/* 008AC 80B5BB8C 46124081 */  sub.s   $f2, $f8, $f18             
/* 008B0 80B5BB90 3C014F00 */  lui     $at, 0x4F00                ## $at = 4F000000
/* 008B4 80B5BB94 46026102 */  mul.s   $f4, $f12, $f2             
/* 008B8 80B5BB98 00000000 */  nop
/* 008BC 80B5BB9C 46002182 */  mul.s   $f6, $f4, $f0              
/* 008C0 80B5BBA0 46065200 */  add.s   $f8, $f10, $f6             
/* 008C4 80B5BBA4 444FF800 */  cfc1    $t7, $f31                  
/* 008C8 80B5BBA8 44D8F800 */  ctc1    $t8, $f31                  
/* 008CC 80B5BBAC 00000000 */  nop
/* 008D0 80B5BBB0 46004124 */  cvt.w.s $f4, $f8                   
/* 008D4 80B5BBB4 4458F800 */  cfc1    $t8, $f31                  
/* 008D8 80B5BBB8 00000000 */  nop
/* 008DC 80B5BBBC 33180078 */  andi    $t8, $t8, 0x0078           ## $t8 = 00000000
/* 008E0 80B5BBC0 13000012 */  beq     $t8, $zero, .L80B5BC0C     
/* 008E4 80B5BBC4 00000000 */  nop
/* 008E8 80B5BBC8 44812000 */  mtc1    $at, $f4                   ## $f4 = 2147483648.00
/* 008EC 80B5BBCC 24180001 */  addiu   $t8, $zero, 0x0001         ## $t8 = 00000001
/* 008F0 80B5BBD0 46044101 */  sub.s   $f4, $f8, $f4              
/* 008F4 80B5BBD4 44D8F800 */  ctc1    $t8, $f31                  
/* 008F8 80B5BBD8 00000000 */  nop
/* 008FC 80B5BBDC 46002124 */  cvt.w.s $f4, $f4                   
/* 00900 80B5BBE0 4458F800 */  cfc1    $t8, $f31                  
/* 00904 80B5BBE4 00000000 */  nop
/* 00908 80B5BBE8 33180078 */  andi    $t8, $t8, 0x0078           ## $t8 = 00000000
/* 0090C 80B5BBEC 17000005 */  bne     $t8, $zero, .L80B5BC04     
/* 00910 80B5BBF0 00000000 */  nop
/* 00914 80B5BBF4 44182000 */  mfc1    $t8, $f4                   
/* 00918 80B5BBF8 3C018000 */  lui     $at, 0x8000                ## $at = 80000000
/* 0091C 80B5BBFC 10000007 */  beq     $zero, $zero, .L80B5BC1C   
/* 00920 80B5BC00 0301C025 */  or      $t8, $t8, $at              ## $t8 = 80000000
.L80B5BC04:
/* 00924 80B5BC04 10000005 */  beq     $zero, $zero, .L80B5BC1C   
/* 00928 80B5BC08 2418FFFF */  addiu   $t8, $zero, 0xFFFF         ## $t8 = FFFFFFFF
.L80B5BC0C:
/* 0092C 80B5BC0C 44182000 */  mfc1    $t8, $f4                   
/* 00930 80B5BC10 00000000 */  nop
/* 00934 80B5BC14 0700FFFB */  bltz    $t8, .L80B5BC04            
/* 00938 80B5BC18 00000000 */  nop
.L80B5BC1C:
/* 0093C 80B5BC1C A0980000 */  sb      $t8, 0x0000($a0)           ## 00000000
/* 00940 80B5BC20 90B90001 */  lbu     $t9, 0x0001($a1)           ## 00000001
/* 00944 80B5BC24 44CFF800 */  ctc1    $t7, $f31                  
/* 00948 80B5BC28 3C014F80 */  lui     $at, 0x4F80                ## $at = 4F800000
/* 0094C 80B5BC2C 44995000 */  mtc1    $t9, $f10                  ## $f10 = 0.00
/* 00950 80B5BC30 07210004 */  bgez    $t9, .L80B5BC44            
/* 00954 80B5BC34 468053A0 */  cvt.s.w $f14, $f10                 
/* 00958 80B5BC38 44813000 */  mtc1    $at, $f6                   ## $f6 = 4294967296.00
/* 0095C 80B5BC3C 00000000 */  nop
/* 00960 80B5BC40 46067380 */  add.s   $f14, $f14, $f6            
.L80B5BC44:
/* 00964 80B5BC44 46127202 */  mul.s   $f8, $f14, $f18            
/* 00968 80B5BC48 24090001 */  addiu   $t1, $zero, 0x0001         ## $t1 = 00000001
/* 0096C 80B5BC4C 3C014F00 */  lui     $at, 0x4F00                ## $at = 4F000000
/* 00970 80B5BC50 46027102 */  mul.s   $f4, $f14, $f2             
/* 00974 80B5BC54 00000000 */  nop
/* 00978 80B5BC58 46002282 */  mul.s   $f10, $f4, $f0             
/* 0097C 80B5BC5C 460A4180 */  add.s   $f6, $f8, $f10             
/* 00980 80B5BC60 4448F800 */  cfc1    $t0, $f31                  
/* 00984 80B5BC64 44C9F800 */  ctc1    $t1, $f31                  
/* 00988 80B5BC68 00000000 */  nop
/* 0098C 80B5BC6C 46003124 */  cvt.w.s $f4, $f6                   
/* 00990 80B5BC70 4449F800 */  cfc1    $t1, $f31                  
/* 00994 80B5BC74 00000000 */  nop
/* 00998 80B5BC78 31290078 */  andi    $t1, $t1, 0x0078           ## $t1 = 00000000
/* 0099C 80B5BC7C 11200012 */  beq     $t1, $zero, .L80B5BCC8     
/* 009A0 80B5BC80 00000000 */  nop
/* 009A4 80B5BC84 44812000 */  mtc1    $at, $f4                   ## $f4 = 2147483648.00
/* 009A8 80B5BC88 24090001 */  addiu   $t1, $zero, 0x0001         ## $t1 = 00000001
/* 009AC 80B5BC8C 46043101 */  sub.s   $f4, $f6, $f4              
/* 009B0 80B5BC90 44C9F800 */  ctc1    $t1, $f31                  
/* 009B4 80B5BC94 00000000 */  nop
/* 009B8 80B5BC98 46002124 */  cvt.w.s $f4, $f4                   
/* 009BC 80B5BC9C 4449F800 */  cfc1    $t1, $f31                  
/* 009C0 80B5BCA0 00000000 */  nop
/* 009C4 80B5BCA4 31290078 */  andi    $t1, $t1, 0x0078           ## $t1 = 00000000
/* 009C8 80B5BCA8 15200005 */  bne     $t1, $zero, .L80B5BCC0     
/* 009CC 80B5BCAC 00000000 */  nop
/* 009D0 80B5BCB0 44092000 */  mfc1    $t1, $f4                   
/* 009D4 80B5BCB4 3C018000 */  lui     $at, 0x8000                ## $at = 80000000
/* 009D8 80B5BCB8 10000007 */  beq     $zero, $zero, .L80B5BCD8   
/* 009DC 80B5BCBC 01214825 */  or      $t1, $t1, $at              ## $t1 = 80000000
.L80B5BCC0:
/* 009E0 80B5BCC0 10000005 */  beq     $zero, $zero, .L80B5BCD8   
/* 009E4 80B5BCC4 2409FFFF */  addiu   $t1, $zero, 0xFFFF         ## $t1 = FFFFFFFF
.L80B5BCC8:
/* 009E8 80B5BCC8 44092000 */  mfc1    $t1, $f4                   
/* 009EC 80B5BCCC 00000000 */  nop
/* 009F0 80B5BCD0 0520FFFB */  bltz    $t1, .L80B5BCC0            
/* 009F4 80B5BCD4 00000000 */  nop
.L80B5BCD8:
/* 009F8 80B5BCD8 A0890001 */  sb      $t1, 0x0001($a0)           ## 00000001
/* 009FC 80B5BCDC 90AA0002 */  lbu     $t2, 0x0002($a1)           ## 00000002
/* 00A00 80B5BCE0 44C8F800 */  ctc1    $t0, $f31                  
/* 00A04 80B5BCE4 3C014F80 */  lui     $at, 0x4F80                ## $at = 4F800000
/* 00A08 80B5BCE8 448A4000 */  mtc1    $t2, $f8                   ## $f8 = 0.00
/* 00A0C 80B5BCEC 05410004 */  bgez    $t2, .L80B5BD00            
/* 00A10 80B5BCF0 46804420 */  cvt.s.w $f16, $f8                  
/* 00A14 80B5BCF4 44815000 */  mtc1    $at, $f10                  ## $f10 = 4294967296.00
/* 00A18 80B5BCF8 00000000 */  nop
/* 00A1C 80B5BCFC 460A8400 */  add.s   $f16, $f16, $f10           
.L80B5BD00:
/* 00A20 80B5BD00 46128182 */  mul.s   $f6, $f16, $f18            
/* 00A24 80B5BD04 240C0001 */  addiu   $t4, $zero, 0x0001         ## $t4 = 00000001
/* 00A28 80B5BD08 3C014F00 */  lui     $at, 0x4F00                ## $at = 4F000000
/* 00A2C 80B5BD0C 46028102 */  mul.s   $f4, $f16, $f2             
/* 00A30 80B5BD10 00000000 */  nop
/* 00A34 80B5BD14 46002202 */  mul.s   $f8, $f4, $f0              
/* 00A38 80B5BD18 46083280 */  add.s   $f10, $f6, $f8             
/* 00A3C 80B5BD1C 444BF800 */  cfc1    $t3, $f31                  
/* 00A40 80B5BD20 44CCF800 */  ctc1    $t4, $f31                  
/* 00A44 80B5BD24 00000000 */  nop
/* 00A48 80B5BD28 46005124 */  cvt.w.s $f4, $f10                  
/* 00A4C 80B5BD2C 444CF800 */  cfc1    $t4, $f31                  
/* 00A50 80B5BD30 00000000 */  nop
/* 00A54 80B5BD34 318C0078 */  andi    $t4, $t4, 0x0078           ## $t4 = 00000000
/* 00A58 80B5BD38 11800012 */  beq     $t4, $zero, .L80B5BD84     
/* 00A5C 80B5BD3C 00000000 */  nop
/* 00A60 80B5BD40 44812000 */  mtc1    $at, $f4                   ## $f4 = 2147483648.00
/* 00A64 80B5BD44 240C0001 */  addiu   $t4, $zero, 0x0001         ## $t4 = 00000001
/* 00A68 80B5BD48 46045101 */  sub.s   $f4, $f10, $f4             
/* 00A6C 80B5BD4C 44CCF800 */  ctc1    $t4, $f31                  
/* 00A70 80B5BD50 00000000 */  nop
/* 00A74 80B5BD54 46002124 */  cvt.w.s $f4, $f4                   
/* 00A78 80B5BD58 444CF800 */  cfc1    $t4, $f31                  
/* 00A7C 80B5BD5C 00000000 */  nop
/* 00A80 80B5BD60 318C0078 */  andi    $t4, $t4, 0x0078           ## $t4 = 00000000
/* 00A84 80B5BD64 15800005 */  bne     $t4, $zero, .L80B5BD7C     
/* 00A88 80B5BD68 00000000 */  nop
/* 00A8C 80B5BD6C 440C2000 */  mfc1    $t4, $f4                   
/* 00A90 80B5BD70 3C018000 */  lui     $at, 0x8000                ## $at = 80000000
/* 00A94 80B5BD74 10000007 */  beq     $zero, $zero, .L80B5BD94   
/* 00A98 80B5BD78 01816025 */  or      $t4, $t4, $at              ## $t4 = 80000000
.L80B5BD7C:
/* 00A9C 80B5BD7C 10000005 */  beq     $zero, $zero, .L80B5BD94   
/* 00AA0 80B5BD80 240CFFFF */  addiu   $t4, $zero, 0xFFFF         ## $t4 = FFFFFFFF
.L80B5BD84:
/* 00AA4 80B5BD84 440C2000 */  mfc1    $t4, $f4                   
/* 00AA8 80B5BD88 00000000 */  nop
/* 00AAC 80B5BD8C 0580FFFB */  bltz    $t4, .L80B5BD7C            
/* 00AB0 80B5BD90 00000000 */  nop
.L80B5BD94:
/* 00AB4 80B5BD94 44CBF800 */  ctc1    $t3, $f31                  
/* 00AB8 80B5BD98 A08C0002 */  sb      $t4, 0x0002($a0)           ## 00000002
/* 00ABC 80B5BD9C 8FBF0014 */  lw      $ra, 0x0014($sp)           
/* 00AC0 80B5BDA0 03E00008 */  jr      $ra                        
/* 00AC4 80B5BDA4 27BD0018 */  addiu   $sp, $sp, 0x0018           ## $sp = 00000000


glabel func_80B5BDA8
/* 00AC8 80B5BDA8 27BDFFE0 */  addiu   $sp, $sp, 0xFFE0           ## $sp = FFFFFFE0
/* 00ACC 80B5BDAC AFB00018 */  sw      $s0, 0x0018($sp)           
/* 00AD0 80B5BDB0 00808025 */  or      $s0, $a0, $zero            ## $s0 = 00000000
/* 00AD4 80B5BDB4 AFBF001C */  sw      $ra, 0x001C($sp)           
/* 00AD8 80B5BDB8 AFA50024 */  sw      $a1, 0x0024($sp)           
/* 00ADC 80B5BDBC 3C0580B6 */  lui     $a1, %hi(D_80B5E3CC)       ## $a1 = 80B60000
/* 00AE0 80B5BDC0 24A5E3CC */  addiu   $a1, $a1, %lo(D_80B5E3CC)  ## $a1 = 80B5E3CC
/* 00AE4 80B5BDC4 26040148 */  addiu   $a0, $s0, 0x0148           ## $a0 = 00000148
/* 00AE8 80B5BDC8 24060001 */  addiu   $a2, $zero, 0x0001         ## $a2 = 00000001
/* 00AEC 80B5BDCC 0C04F872 */  jal     func_8013E1C8              
/* 00AF0 80B5BDD0 260702BC */  addiu   $a3, $s0, 0x02BC           ## $a3 = 000002BC
/* 00AF4 80B5BDD4 02002025 */  or      $a0, $s0, $zero            ## $a0 = 00000000
/* 00AF8 80B5BDD8 26050356 */  addiu   $a1, $s0, 0x0356           ## $a1 = 00000356
/* 00AFC 80B5BDDC 0C04F8EE */  jal     func_8013E3B8              
/* 00B00 80B5BDE0 24060004 */  addiu   $a2, $zero, 0x0004         ## $a2 = 00000004
/* 00B04 80B5BDE4 3C0E80B6 */  lui     $t6, %hi(func_80B5BE04)    ## $t6 = 80B60000
/* 00B08 80B5BDE8 25CEBE04 */  addiu   $t6, $t6, %lo(func_80B5BE04) ## $t6 = 80B5BE04
/* 00B0C 80B5BDEC AE0E0144 */  sw      $t6, 0x0144($s0)           ## 00000144
/* 00B10 80B5BDF0 8FBF001C */  lw      $ra, 0x001C($sp)           
/* 00B14 80B5BDF4 8FB00018 */  lw      $s0, 0x0018($sp)           
/* 00B18 80B5BDF8 27BD0020 */  addiu   $sp, $sp, 0x0020           ## $sp = 00000000
/* 00B1C 80B5BDFC 03E00008 */  jr      $ra                        
/* 00B20 80B5BE00 00000000 */  nop


glabel func_80B5BE04
/* 00B24 80B5BE04 27BDFFE8 */  addiu   $sp, $sp, 0xFFE8           ## $sp = FFFFFFE8
/* 00B28 80B5BE08 AFBF0014 */  sw      $ra, 0x0014($sp)           
/* 00B2C 80B5BE0C AFA5001C */  sw      $a1, 0x001C($sp)           
/* 00B30 80B5BE10 8C820388 */  lw      $v0, 0x0388($a0)           ## 00000388
/* 00B34 80B5BE14 24010001 */  addiu   $at, $zero, 0x0001         ## $at = 00000001
/* 00B38 80B5BE18 2406FFFF */  addiu   $a2, $zero, 0xFFFF         ## $a2 = FFFFFFFF
/* 00B3C 80B5BE1C 10400005 */  beq     $v0, $zero, .L80B5BE34     
/* 00B40 80B5BE20 00003825 */  or      $a3, $zero, $zero          ## $a3 = 00000000
/* 00B44 80B5BE24 1041000C */  beq     $v0, $at, .L80B5BE58       
/* 00B48 80B5BE28 2406FFFF */  addiu   $a2, $zero, 0xFFFF         ## $a2 = FFFFFFFF
/* 00B4C 80B5BE2C 10000013 */  beq     $zero, $zero, .L80B5BE7C   
/* 00B50 80B5BE30 8FBF0014 */  lw      $ra, 0x0014($sp)           
.L80B5BE34:
/* 00B54 80B5BE34 8485035A */  lh      $a1, 0x035A($a0)           ## 0000035A
/* 00B58 80B5BE38 0C04F8B5 */  jal     func_8013E2D4              
/* 00B5C 80B5BE3C AFA40018 */  sw      $a0, 0x0018($sp)           
/* 00B60 80B5BE40 1040000D */  beq     $v0, $zero, .L80B5BE78     
/* 00B64 80B5BE44 8FA40018 */  lw      $a0, 0x0018($sp)           
/* 00B68 80B5BE48 0C2D6FD8 */  jal     func_80B5BF60              
/* 00B6C 80B5BE4C 8FA5001C */  lw      $a1, 0x001C($sp)           
/* 00B70 80B5BE50 1000000A */  beq     $zero, $zero, .L80B5BE7C   
/* 00B74 80B5BE54 8FBF0014 */  lw      $ra, 0x0014($sp)           
.L80B5BE58:
/* 00B78 80B5BE58 8485035C */  lh      $a1, 0x035C($a0)           ## 0000035C
/* 00B7C 80B5BE5C AFA40018 */  sw      $a0, 0x0018($sp)           
/* 00B80 80B5BE60 0C04F8B5 */  jal     func_8013E2D4              
/* 00B84 80B5BE64 00003825 */  or      $a3, $zero, $zero          ## $a3 = 00000000
/* 00B88 80B5BE68 10400003 */  beq     $v0, $zero, .L80B5BE78     
/* 00B8C 80B5BE6C 8FA40018 */  lw      $a0, 0x0018($sp)           
/* 00B90 80B5BE70 0C2D6FD8 */  jal     func_80B5BF60              
/* 00B94 80B5BE74 8FA5001C */  lw      $a1, 0x001C($sp)           
.L80B5BE78:
/* 00B98 80B5BE78 8FBF0014 */  lw      $ra, 0x0014($sp)           
.L80B5BE7C:
/* 00B9C 80B5BE7C 27BD0018 */  addiu   $sp, $sp, 0x0018           ## $sp = 00000000
/* 00BA0 80B5BE80 03E00008 */  jr      $ra                        
/* 00BA4 80B5BE84 00000000 */  nop


glabel func_80B5BE88
/* 00BA8 80B5BE88 27BDFFE8 */  addiu   $sp, $sp, 0xFFE8           ## $sp = FFFFFFE8
/* 00BAC 80B5BE8C AFBF0014 */  sw      $ra, 0x0014($sp)           
/* 00BB0 80B5BE90 AFA40018 */  sw      $a0, 0x0018($sp)           
/* 00BB4 80B5BE94 AFA5001C */  sw      $a1, 0x001C($sp)           
/* 00BB8 80B5BE98 8FAE0018 */  lw      $t6, 0x0018($sp)           
/* 00BBC 80B5BE9C 3C0580B6 */  lui     $a1, %hi(D_80B5E3CC)       ## $a1 = 80B60000
/* 00BC0 80B5BEA0 24A5E3CC */  addiu   $a1, $a1, %lo(D_80B5E3CC)  ## $a1 = 80B5E3CC
/* 00BC4 80B5BEA4 24060001 */  addiu   $a2, $zero, 0x0001         ## $a2 = 00000001
/* 00BC8 80B5BEA8 25C40148 */  addiu   $a0, $t6, 0x0148           ## $a0 = 00000148
/* 00BCC 80B5BEAC 0C04F872 */  jal     func_8013E1C8              
/* 00BD0 80B5BEB0 25C702BC */  addiu   $a3, $t6, 0x02BC           ## $a3 = 000002BC
/* 00BD4 80B5BEB4 8FB80018 */  lw      $t8, 0x0018($sp)           
/* 00BD8 80B5BEB8 3C0F80B6 */  lui     $t7, %hi(func_80B5BED4)    ## $t7 = 80B60000
/* 00BDC 80B5BEBC 25EFBED4 */  addiu   $t7, $t7, %lo(func_80B5BED4) ## $t7 = 80B5BED4
/* 00BE0 80B5BEC0 AF0F0144 */  sw      $t7, 0x0144($t8)           ## 00000144
/* 00BE4 80B5BEC4 8FBF0014 */  lw      $ra, 0x0014($sp)           
/* 00BE8 80B5BEC8 27BD0018 */  addiu   $sp, $sp, 0x0018           ## $sp = 00000000
/* 00BEC 80B5BECC 03E00008 */  jr      $ra                        
/* 00BF0 80B5BED0 00000000 */  nop


glabel func_80B5BED4
/* 00BF4 80B5BED4 27BDFFD8 */  addiu   $sp, $sp, 0xFFD8           ## $sp = FFFFFFD8
/* 00BF8 80B5BED8 AFB00020 */  sw      $s0, 0x0020($sp)           
/* 00BFC 80B5BEDC 00808025 */  or      $s0, $a0, $zero            ## $s0 = 00000000
/* 00C00 80B5BEE0 AFBF0024 */  sw      $ra, 0x0024($sp)           
/* 00C04 80B5BEE4 AFA5002C */  sw      $a1, 0x002C($sp)           
/* 00C08 80B5BEE8 8E050360 */  lw      $a1, 0x0360($s0)           ## 00000360
/* 00C0C 80B5BEEC 26040024 */  addiu   $a0, $s0, 0x0024           ## $a0 = 00000024
/* 00C10 80B5BEF0 26060030 */  addiu   $a2, $s0, 0x0030           ## $a2 = 00000030
/* 00C14 80B5BEF4 00003825 */  or      $a3, $zero, $zero          ## $a3 = 00000000
/* 00C18 80B5BEF8 0C02F8CF */  jal     func_800BE33C              
/* 00C1C 80B5BEFC 24A50024 */  addiu   $a1, $a1, 0x0024           ## $a1 = 00000024
/* 00C20 80B5BF00 02002025 */  or      $a0, $s0, $zero            ## $a0 = 00000000
/* 00C24 80B5BF04 0C02DB35 */  jal     func_800B6CD4              
/* 00C28 80B5BF08 8E050360 */  lw      $a1, 0x0360($s0)           ## 00000360
/* 00C2C 80B5BF0C 00022C00 */  sll     $a1, $v0, 16               
/* 00C30 80B5BF10 240E038E */  addiu   $t6, $zero, 0x038E         ## $t6 = 0000038E
/* 00C34 80B5BF14 AFAE0010 */  sw      $t6, 0x0010($sp)           
/* 00C38 80B5BF18 00052C03 */  sra     $a1, $a1, 16               
/* 00C3C 80B5BF1C 260400BE */  addiu   $a0, $s0, 0x00BE           ## $a0 = 000000BE
/* 00C40 80B5BF20 24060003 */  addiu   $a2, $zero, 0x0003         ## $a2 = 00000003
/* 00C44 80B5BF24 0C03FFAF */  jal     func_800FFEBC              
/* 00C48 80B5BF28 24070E38 */  addiu   $a3, $zero, 0x0E38         ## $a3 = 00000E38
/* 00C4C 80B5BF2C 3C014060 */  lui     $at, 0x4060                ## $at = 40600000
/* 00C50 80B5BF30 44812000 */  mtc1    $at, $f4                   ## $f4 = 3.50
/* 00C54 80B5BF34 8E0F0360 */  lw      $t7, 0x0360($s0)           ## 00000360
/* 00C58 80B5BF38 02002025 */  or      $a0, $s0, $zero            ## $a0 = 00000000
/* 00C5C 80B5BF3C E6040070 */  swc1    $f4, 0x0070($s0)           ## 00000070
/* 00C60 80B5BF40 C5E60028 */  lwc1    $f6, 0x0028($t7)           ## 00000028
/* 00C64 80B5BF44 0C02DAF6 */  jal     func_800B6BD8              
/* 00C68 80B5BF48 E6060028 */  swc1    $f6, 0x0028($s0)           ## 00000028
/* 00C6C 80B5BF4C 8FBF0024 */  lw      $ra, 0x0024($sp)           
/* 00C70 80B5BF50 8FB00020 */  lw      $s0, 0x0020($sp)           
/* 00C74 80B5BF54 27BD0028 */  addiu   $sp, $sp, 0x0028           ## $sp = 00000000
/* 00C78 80B5BF58 03E00008 */  jr      $ra                        
/* 00C7C 80B5BF5C 00000000 */  nop


glabel func_80B5BF60
/* 00C80 80B5BF60 27BDFFE0 */  addiu   $sp, $sp, 0xFFE0           ## $sp = FFFFFFE0
/* 00C84 80B5BF64 AFB00018 */  sw      $s0, 0x0018($sp)           
/* 00C88 80B5BF68 00808025 */  or      $s0, $a0, $zero            ## $s0 = 00000000
/* 00C8C 80B5BF6C AFBF001C */  sw      $ra, 0x001C($sp)           
/* 00C90 80B5BF70 AFA50024 */  sw      $a1, 0x0024($sp)           
/* 00C94 80B5BF74 960E032C */  lhu     $t6, 0x032C($s0)           ## 0000032C
/* 00C98 80B5BF78 3C0580B6 */  lui     $a1, %hi(D_80B5E3CC)       ## $a1 = 80B60000
/* 00C9C 80B5BF7C 24A5E3CC */  addiu   $a1, $a1, %lo(D_80B5E3CC)  ## $a1 = 80B5E3CC
/* 00CA0 80B5BF80 35CF0040 */  ori     $t7, $t6, 0x0040           ## $t7 = 00000040
/* 00CA4 80B5BF84 A60F032C */  sh      $t7, 0x032C($s0)           ## 0000032C
/* 00CA8 80B5BF88 26040148 */  addiu   $a0, $s0, 0x0148           ## $a0 = 00000148
/* 00CAC 80B5BF8C 00003025 */  or      $a2, $zero, $zero          ## $a2 = 00000000
/* 00CB0 80B5BF90 0C04F872 */  jal     func_8013E1C8              
/* 00CB4 80B5BF94 260702BC */  addiu   $a3, $s0, 0x02BC           ## $a3 = 000002BC
/* 00CB8 80B5BF98 3C1880B6 */  lui     $t8, %hi(func_80B5BFB8)    ## $t8 = 80B60000
/* 00CBC 80B5BF9C 2718BFB8 */  addiu   $t8, $t8, %lo(func_80B5BFB8) ## $t8 = 80B5BFB8
/* 00CC0 80B5BFA0 AE180144 */  sw      $t8, 0x0144($s0)           ## 00000144
/* 00CC4 80B5BFA4 8FBF001C */  lw      $ra, 0x001C($sp)           
/* 00CC8 80B5BFA8 8FB00018 */  lw      $s0, 0x0018($sp)           
/* 00CCC 80B5BFAC 27BD0020 */  addiu   $sp, $sp, 0x0020           ## $sp = 00000000
/* 00CD0 80B5BFB0 03E00008 */  jr      $ra                        
/* 00CD4 80B5BFB4 00000000 */  nop


glabel func_80B5BFB8
/* 00CD8 80B5BFB8 27BDFFC0 */  addiu   $sp, $sp, 0xFFC0           ## $sp = FFFFFFC0
/* 00CDC 80B5BFBC AFB00020 */  sw      $s0, 0x0020($sp)           
/* 00CE0 80B5BFC0 00808025 */  or      $s0, $a0, $zero            ## $s0 = 00000000
/* 00CE4 80B5BFC4 AFBF0024 */  sw      $ra, 0x0024($sp)           
/* 00CE8 80B5BFC8 AFA50044 */  sw      $a1, 0x0044($sp)           
/* 00CEC 80B5BFCC 3C014248 */  lui     $at, 0x4248                ## $at = 42480000
/* 00CF0 80B5BFD0 44813000 */  mtc1    $at, $f6                   ## $f6 = 50.00
/* 00CF4 80B5BFD4 C6040088 */  lwc1    $f4, 0x0088($s0)           ## 00000088
/* 00CF8 80B5BFD8 C6080028 */  lwc1    $f8, 0x0028($s0)           ## 00000028
/* 00CFC 80B5BFDC 26040028 */  addiu   $a0, $s0, 0x0028           ## $a0 = 00000028
/* 00D00 80B5BFE0 46062000 */  add.s   $f0, $f4, $f6              
/* 00D04 80B5BFE4 4608003E */  c.le.s  $f0, $f8                   
/* 00D08 80B5BFE8 00000000 */  nop
/* 00D0C 80B5BFEC 45020005 */  bc1fl   .L80B5C004                 
/* 00D10 80B5BFF0 02002025 */  or      $a0, $s0, $zero            ## $a0 = 00000000
/* 00D14 80B5BFF4 44050000 */  mfc1    $a1, $f0                   
/* 00D18 80B5BFF8 0C03FC0F */  jal     func_800FF03C              
/* 00D1C 80B5BFFC 3C064000 */  lui     $a2, 0x4000                ## $a2 = 40000000
/* 00D20 80B5C000 02002025 */  or      $a0, $s0, $zero            ## $a0 = 00000000
.L80B5C004:
/* 00D24 80B5C004 0C02DB35 */  jal     func_800B6CD4              
/* 00D28 80B5C008 8E050360 */  lw      $a1, 0x0360($s0)           ## 00000360
/* 00D2C 80B5C00C 00022C00 */  sll     $a1, $v0, 16               
/* 00D30 80B5C010 240E038E */  addiu   $t6, $zero, 0x038E         ## $t6 = 0000038E
/* 00D34 80B5C014 AFAE0010 */  sw      $t6, 0x0010($sp)           
/* 00D38 80B5C018 00052C03 */  sra     $a1, $a1, 16               
/* 00D3C 80B5C01C 260400BE */  addiu   $a0, $s0, 0x00BE           ## $a0 = 000000BE
/* 00D40 80B5C020 24060003 */  addiu   $a2, $zero, 0x0003         ## $a2 = 00000003
/* 00D44 80B5C024 0C03FFAF */  jal     func_800FFEBC              
/* 00D48 80B5C028 24070E38 */  addiu   $a3, $zero, 0x0E38         ## $a3 = 00000E38
/* 00D4C 80B5C02C 02002025 */  or      $a0, $s0, $zero            ## $a0 = 00000000
/* 00D50 80B5C030 0C02DB73 */  jal     func_800B6DCC              
/* 00D54 80B5C034 8E050360 */  lw      $a1, 0x0360($s0)           ## 00000360
/* 00D58 80B5C038 3C0180B6 */  lui     $at, %hi(D_80B5E428)       ## $at = 80B60000
/* 00D5C 80B5C03C C42AE428 */  lwc1    $f10, %lo(D_80B5E428)($at) 
/* 00D60 80B5C040 240F0032 */  addiu   $t7, $zero, 0x0032         ## $t7 = 00000032
/* 00D64 80B5C044 00002825 */  or      $a1, $zero, $zero          ## $a1 = 00000000
/* 00D68 80B5C048 460A003E */  c.le.s  $f0, $f10                  
/* 00D6C 80B5C04C 00000000 */  nop
/* 00D70 80B5C050 45000039 */  bc1f    .L80B5C138                 
/* 00D74 80B5C054 00000000 */  nop
/* 00D78 80B5C058 A60F073C */  sh      $t7, 0x073C($s0)           ## 0000073C
/* 00D7C 80B5C05C 0C06026B */  jal     func_801809AC              
/* 00D80 80B5C060 86040032 */  lh      $a0, 0x0032($s0)           ## 00000032
/* 00D84 80B5C064 3C0180B6 */  lui     $at, %hi(D_80B5E42C)       ## $at = 80B60000
/* 00D88 80B5C068 C42CE42C */  lwc1    $f12, %lo(D_80B5E42C)($at) 
/* 00D8C 80B5C06C 0C060704 */  jal     func_80181C10              
/* 00D90 80B5C070 27A50034 */  addiu   $a1, $sp, 0x0034           ## $a1 = FFFFFFF4
/* 00D94 80B5C074 C6100024 */  lwc1    $f16, 0x0024($s0)          ## 00000024
/* 00D98 80B5C078 C7B20034 */  lwc1    $f18, 0x0034($sp)          
/* 00D9C 80B5C07C 8E180360 */  lw      $t8, 0x0360($s0)           ## 00000360
/* 00DA0 80B5C080 3C013F00 */  lui     $at, 0x3F00                ## $at = 3F000000
/* 00DA4 80B5C084 46128100 */  add.s   $f4, $f16, $f18            
/* 00DA8 80B5C088 44810000 */  mtc1    $at, $f0                   ## $f0 = 0.50
/* 00DAC 80B5C08C E7040024 */  swc1    $f4, 0x0024($t8)           ## 00000024
/* 00DB0 80B5C090 C6060028 */  lwc1    $f6, 0x0028($s0)           ## 00000028
/* 00DB4 80B5C094 C7A80038 */  lwc1    $f8, 0x0038($sp)           
/* 00DB8 80B5C098 8E190360 */  lw      $t9, 0x0360($s0)           ## 00000360
/* 00DBC 80B5C09C 46083280 */  add.s   $f10, $f6, $f8             
/* 00DC0 80B5C0A0 E72A0028 */  swc1    $f10, 0x0028($t9)          ## 00000028
/* 00DC4 80B5C0A4 C610002C */  lwc1    $f16, 0x002C($s0)          ## 0000002C
/* 00DC8 80B5C0A8 C7B2003C */  lwc1    $f18, 0x003C($sp)          
/* 00DCC 80B5C0AC 8E080360 */  lw      $t0, 0x0360($s0)           ## 00000360
/* 00DD0 80B5C0B0 46128100 */  add.s   $f4, $f16, $f18            
/* 00DD4 80B5C0B4 E504002C */  swc1    $f4, 0x002C($t0)           ## 0000002C
/* 00DD8 80B5C0B8 8E020360 */  lw      $v0, 0x0360($s0)           ## 00000360
/* 00DDC 80B5C0BC C6080024 */  lwc1    $f8, 0x0024($s0)           ## 00000024
/* 00DE0 80B5C0C0 C6040028 */  lwc1    $f4, 0x0028($s0)           ## 00000028
/* 00DE4 80B5C0C4 C4460024 */  lwc1    $f6, 0x0024($v0)           ## 00000024
/* 00DE8 80B5C0C8 46083280 */  add.s   $f10, $f6, $f8             
/* 00DEC 80B5C0CC 46005402 */  mul.s   $f16, $f10, $f0            
/* 00DF0 80B5C0D0 E6100394 */  swc1    $f16, 0x0394($s0)          ## 00000394
/* 00DF4 80B5C0D4 C4520028 */  lwc1    $f18, 0x0028($v0)          ## 00000028
/* 00DF8 80B5C0D8 C610002C */  lwc1    $f16, 0x002C($s0)          ## 0000002C
/* 00DFC 80B5C0DC 46049180 */  add.s   $f6, $f18, $f4             
/* 00E00 80B5C0E0 46003202 */  mul.s   $f8, $f6, $f0              
/* 00E04 80B5C0E4 C6060394 */  lwc1    $f6, 0x0394($s0)           ## 00000394
/* 00E08 80B5C0E8 E6080398 */  swc1    $f8, 0x0398($s0)           ## 00000398
/* 00E0C 80B5C0EC C44A002C */  lwc1    $f10, 0x002C($v0)          ## 0000002C
/* 00E10 80B5C0F0 46105480 */  add.s   $f18, $f10, $f16           
/* 00E14 80B5C0F4 46009102 */  mul.s   $f4, $f18, $f0             
/* 00E18 80B5C0F8 E604039C */  swc1    $f4, 0x039C($s0)           ## 0000039C
/* 00E1C 80B5C0FC E4460394 */  swc1    $f6, 0x0394($v0)           ## 00000394
/* 00E20 80B5C100 8E090360 */  lw      $t1, 0x0360($s0)           ## 00000360
/* 00E24 80B5C104 C6080398 */  lwc1    $f8, 0x0398($s0)           ## 00000398
/* 00E28 80B5C108 E5280398 */  swc1    $f8, 0x0398($t1)           ## 00000398
/* 00E2C 80B5C10C 8E0A0360 */  lw      $t2, 0x0360($s0)           ## 00000360
/* 00E30 80B5C110 C60A039C */  lwc1    $f10, 0x039C($s0)          ## 0000039C
/* 00E34 80B5C114 E54A039C */  swc1    $f10, 0x039C($t2)          ## 0000039C
/* 00E38 80B5C118 8FA50044 */  lw      $a1, 0x0044($sp)           
/* 00E3C 80B5C11C 0C2D71A1 */  jal     func_80B5C684              
/* 00E40 80B5C120 8E040360 */  lw      $a0, 0x0360($s0)           ## 00000360
/* 00E44 80B5C124 02002025 */  or      $a0, $s0, $zero            ## $a0 = 00000000
/* 00E48 80B5C128 0C2D71A1 */  jal     func_80B5C684              
/* 00E4C 80B5C12C 8FA50044 */  lw      $a1, 0x0044($sp)           
/* 00E50 80B5C130 10000004 */  beq     $zero, $zero, .L80B5C144   
/* 00E54 80B5C134 8FBF0024 */  lw      $ra, 0x0024($sp)           
.L80B5C138:
/* 00E58 80B5C138 0C02DAF6 */  jal     func_800B6BD8              
/* 00E5C 80B5C13C 02002025 */  or      $a0, $s0, $zero            ## $a0 = 00000000
/* 00E60 80B5C140 8FBF0024 */  lw      $ra, 0x0024($sp)           
.L80B5C144:
/* 00E64 80B5C144 8FB00020 */  lw      $s0, 0x0020($sp)           
/* 00E68 80B5C148 27BD0040 */  addiu   $sp, $sp, 0x0040           ## $sp = 00000000
/* 00E6C 80B5C14C 03E00008 */  jr      $ra                        
/* 00E70 80B5C150 00000000 */  nop


glabel func_80B5C154
/* 00E74 80B5C154 27BDFFE0 */  addiu   $sp, $sp, 0xFFE0           ## $sp = FFFFFFE0
/* 00E78 80B5C158 3C02801F */  lui     $v0, 0x801F                ## $v0 = 801F0000
/* 00E7C 80B5C15C 2442F670 */  addiu   $v0, $v0, 0xF670           ## $v0 = 801EF670
/* 00E80 80B5C160 AFBF001C */  sw      $ra, 0x001C($sp)           
/* 00E84 80B5C164 904E0F18 */  lbu     $t6, 0x0F18($v0)           ## 801F0588
/* 00E88 80B5C168 24180004 */  addiu   $t8, $zero, 0x0004         ## $t8 = 00000004
/* 00E8C 80B5C16C 2419000C */  addiu   $t9, $zero, 0x000C         ## $t9 = 0000000C
/* 00E90 80B5C170 31CF0001 */  andi    $t7, $t6, 0x0001           ## $t7 = 00000000
/* 00E94 80B5C174 51E00004 */  beql    $t7, $zero, .L80B5C188     
/* 00E98 80B5C178 AC99038C */  sw      $t9, 0x038C($a0)           ## 0000038C
/* 00E9C 80B5C17C 10000005 */  beq     $zero, $zero, .L80B5C194   
/* 00EA0 80B5C180 AC98038C */  sw      $t8, 0x038C($a0)           ## 0000038C
/* 00EA4 80B5C184 AC99038C */  sw      $t9, 0x038C($a0)           ## 0000038C
.L80B5C188:
/* 00EA8 80B5C188 90480F18 */  lbu     $t0, 0x0F18($v0)           ## 801F0588
/* 00EAC 80B5C18C 35090001 */  ori     $t1, $t0, 0x0001           ## $t1 = 00000001
/* 00EB0 80B5C190 A0490F18 */  sb      $t1, 0x0F18($v0)           ## 801F0588
.L80B5C194:
/* 00EB4 80B5C194 C484009C */  lwc1    $f4, 0x009C($a0)           ## 0000009C
/* 00EB8 80B5C198 8C86038C */  lw      $a2, 0x038C($a0)           ## 0000038C
/* 00EBC 80B5C19C 8C870098 */  lw      $a3, 0x0098($a0)           ## 00000098
/* 00EC0 80B5C1A0 AFA40020 */  sw      $a0, 0x0020($sp)           
/* 00EC4 80B5C1A4 0C02E287 */  jal     func_800B8A1C              
/* 00EC8 80B5C1A8 E7A40010 */  swc1    $f4, 0x0010($sp)           
/* 00ECC 80B5C1AC 8FA40020 */  lw      $a0, 0x0020($sp)           
/* 00ED0 80B5C1B0 3C0A80B6 */  lui     $t2, %hi(func_80B5C1CC)    ## $t2 = 80B60000
/* 00ED4 80B5C1B4 254AC1CC */  addiu   $t2, $t2, %lo(func_80B5C1CC) ## $t2 = 80B5C1CC
/* 00ED8 80B5C1B8 AC8A0144 */  sw      $t2, 0x0144($a0)           ## 00000144
/* 00EDC 80B5C1BC 8FBF001C */  lw      $ra, 0x001C($sp)           
/* 00EE0 80B5C1C0 27BD0020 */  addiu   $sp, $sp, 0x0020           ## $sp = 00000000
/* 00EE4 80B5C1C4 03E00008 */  jr      $ra                        
/* 00EE8 80B5C1C8 00000000 */  nop


glabel func_80B5C1CC
/* 00EEC 80B5C1CC 27BDFFD8 */  addiu   $sp, $sp, 0xFFD8           ## $sp = FFFFFFD8
/* 00EF0 80B5C1D0 AFB00020 */  sw      $s0, 0x0020($sp)           
/* 00EF4 80B5C1D4 00808025 */  or      $s0, $a0, $zero            ## $s0 = 00000000
/* 00EF8 80B5C1D8 AFBF0024 */  sw      $ra, 0x0024($sp)           
/* 00EFC 80B5C1DC AFA5002C */  sw      $a1, 0x002C($sp)           
/* 00F00 80B5C1E0 02002025 */  or      $a0, $s0, $zero            ## $a0 = 00000000
/* 00F04 80B5C1E4 0C02E27E */  jal     func_800B89F8              
/* 00F08 80B5C1E8 8FA5002C */  lw      $a1, 0x002C($sp)           
/* 00F0C 80B5C1EC 1040000A */  beq     $v0, $zero, .L80B5C218     
/* 00F10 80B5C1F0 02002025 */  or      $a0, $s0, $zero            ## $a0 = 00000000
/* 00F14 80B5C1F4 AE000120 */  sw      $zero, 0x0120($s0)         ## 00000120
/* 00F18 80B5C1F8 8FA5002C */  lw      $a1, 0x002C($sp)           
/* 00F1C 80B5C1FC 0C2D7091 */  jal     func_80B5C244              
/* 00F20 80B5C200 02002025 */  or      $a0, $s0, $zero            ## $a0 = 00000000
/* 00F24 80B5C204 8E040360 */  lw      $a0, 0x0360($s0)           ## 00000360
/* 00F28 80B5C208 0C2D7091 */  jal     func_80B5C244              
/* 00F2C 80B5C20C 8FA5002C */  lw      $a1, 0x002C($sp)           
/* 00F30 80B5C210 10000008 */  beq     $zero, $zero, .L80B5C234   
/* 00F34 80B5C214 8FBF0024 */  lw      $ra, 0x0024($sp)           
.L80B5C218:
/* 00F38 80B5C218 C604009C */  lwc1    $f4, 0x009C($s0)           ## 0000009C
/* 00F3C 80B5C21C 8E06038C */  lw      $a2, 0x038C($s0)           ## 0000038C
/* 00F40 80B5C220 8E070098 */  lw      $a3, 0x0098($s0)           ## 00000098
/* 00F44 80B5C224 8FA5002C */  lw      $a1, 0x002C($sp)           
/* 00F48 80B5C228 0C02E287 */  jal     func_800B8A1C              
/* 00F4C 80B5C22C E7A40010 */  swc1    $f4, 0x0010($sp)           
/* 00F50 80B5C230 8FBF0024 */  lw      $ra, 0x0024($sp)           
.L80B5C234:
/* 00F54 80B5C234 8FB00020 */  lw      $s0, 0x0020($sp)           
/* 00F58 80B5C238 27BD0028 */  addiu   $sp, $sp, 0x0028           ## $sp = 00000000
/* 00F5C 80B5C23C 03E00008 */  jr      $ra                        
/* 00F60 80B5C240 00000000 */  nop


glabel func_80B5C244
/* 00F64 80B5C244 AFA50004 */  sw      $a1, 0x0004($sp)           
/* 00F68 80B5C248 3C0E80B6 */  lui     $t6, %hi(func_80B5C25C)    ## $t6 = 80B60000
/* 00F6C 80B5C24C 25CEC25C */  addiu   $t6, $t6, %lo(func_80B5C25C) ## $t6 = 80B5C25C
/* 00F70 80B5C250 AC8E0144 */  sw      $t6, 0x0144($a0)           ## 00000144
/* 00F74 80B5C254 03E00008 */  jr      $ra                        
/* 00F78 80B5C258 00000000 */  nop


glabel func_80B5C25C
/* 00F7C 80B5C25C 27BDFFD8 */  addiu   $sp, $sp, 0xFFD8           ## $sp = FFFFFFD8
/* 00F80 80B5C260 AFB00020 */  sw      $s0, 0x0020($sp)           
/* 00F84 80B5C264 00808025 */  or      $s0, $a0, $zero            ## $s0 = 00000000
/* 00F88 80B5C268 AFBF0024 */  sw      $ra, 0x0024($sp)           
/* 00F8C 80B5C26C AFA5002C */  sw      $a1, 0x002C($sp)           
/* 00F90 80B5C270 02002025 */  or      $a0, $s0, $zero            ## $a0 = 00000000
/* 00F94 80B5C274 0C02DB35 */  jal     func_800B6CD4              
/* 00F98 80B5C278 8E050360 */  lw      $a1, 0x0360($s0)           ## 00000360
/* 00F9C 80B5C27C A6020390 */  sh      $v0, 0x0390($s0)           ## 00000390
/* 00FA0 80B5C280 86050390 */  lh      $a1, 0x0390($s0)           ## 00000390
/* 00FA4 80B5C284 240E038E */  addiu   $t6, $zero, 0x038E         ## $t6 = 0000038E
/* 00FA8 80B5C288 AFAE0010 */  sw      $t6, 0x0010($sp)           
/* 00FAC 80B5C28C 260400BE */  addiu   $a0, $s0, 0x00BE           ## $a0 = 000000BE
/* 00FB0 80B5C290 24060003 */  addiu   $a2, $zero, 0x0003         ## $a2 = 00000003
/* 00FB4 80B5C294 0C03FFAF */  jal     func_800FFEBC              
/* 00FB8 80B5C298 24070E38 */  addiu   $a3, $zero, 0x0E38         ## $a3 = 00000E38
/* 00FBC 80B5C29C 8E0F0360 */  lw      $t7, 0x0360($s0)           ## 00000360
/* 00FC0 80B5C2A0 860A00BE */  lh      $t2, 0x00BE($s0)           ## 000000BE
/* 00FC4 80B5C2A4 34018000 */  ori     $at, $zero, 0x8000         ## $at = 00008000
/* 00FC8 80B5C2A8 85F800BE */  lh      $t8, 0x00BE($t7)           ## 000000BE
/* 00FCC 80B5C2AC 03014821 */  addu    $t1, $t8, $at              
/* 00FD0 80B5C2B0 012A5823 */  subu    $t3, $t1, $t2              
/* 00FD4 80B5C2B4 000B6400 */  sll     $t4, $t3, 16               
/* 00FD8 80B5C2B8 000C6C03 */  sra     $t5, $t4, 16               
/* 00FDC 80B5C2BC 29A1038E */  slti    $at, $t5, 0x038E           
/* 00FE0 80B5C2C0 50200005 */  beql    $at, $zero, .L80B5C2D8     
/* 00FE4 80B5C2C4 8E18033C */  lw      $t8, 0x033C($s0)           ## 0000033C
/* 00FE8 80B5C2C8 960E032C */  lhu     $t6, 0x032C($s0)           ## 0000032C
/* 00FEC 80B5C2CC 35CF0080 */  ori     $t7, $t6, 0x0080           ## $t7 = 00000080
/* 00FF0 80B5C2D0 A60F032C */  sh      $t7, 0x032C($s0)           ## 0000032C
/* 00FF4 80B5C2D4 8E18033C */  lw      $t8, 0x033C($s0)           ## 0000033C
.L80B5C2D8:
/* 00FF8 80B5C2D8 24010002 */  addiu   $at, $zero, 0x0002         ## $at = 00000002
/* 00FFC 80B5C2DC 57010032 */  bnel    $t8, $at, .L80B5C3A8       
/* 01000 80B5C2E0 8FBF0024 */  lw      $ra, 0x0024($sp)           
/* 01004 80B5C2E4 9603032C */  lhu     $v1, 0x032C($s0)           ## 0000032C
/* 01008 80B5C2E8 30790080 */  andi    $t9, $v1, 0x0080           ## $t9 = 00000000
/* 0100C 80B5C2EC 5320002E */  beql    $t9, $zero, .L80B5C3A8     
/* 01010 80B5C2F0 8FBF0024 */  lw      $ra, 0x0024($sp)           
/* 01014 80B5C2F4 8E020360 */  lw      $v0, 0x0360($s0)           ## 00000360
/* 01018 80B5C2F8 3C0580B6 */  lui     $a1, %hi(D_80B5E3CC)       ## $a1 = 80B60000
/* 0101C 80B5C2FC 346A0100 */  ori     $t2, $v1, 0x0100           ## $t2 = 00000100
/* 01020 80B5C300 9448032C */  lhu     $t0, 0x032C($v0)           ## 0000032C
/* 01024 80B5C304 24A5E3CC */  addiu   $a1, $a1, %lo(D_80B5E3CC)  ## $a1 = 80B5E3CC
/* 01028 80B5C308 26040148 */  addiu   $a0, $s0, 0x0148           ## $a0 = 00000148
/* 0102C 80B5C30C 31090080 */  andi    $t1, $t0, 0x0080           ## $t1 = 00000000
/* 01030 80B5C310 51200025 */  beql    $t1, $zero, .L80B5C3A8     
/* 01034 80B5C314 8FBF0024 */  lw      $ra, 0x0024($sp)           
/* 01038 80B5C318 A60A032C */  sh      $t2, 0x032C($s0)           ## 0000032C
/* 0103C 80B5C31C 944B032C */  lhu     $t3, 0x032C($v0)           ## 0000032C
/* 01040 80B5C320 24060002 */  addiu   $a2, $zero, 0x0002         ## $a2 = 00000002
/* 01044 80B5C324 260702BC */  addiu   $a3, $s0, 0x02BC           ## $a3 = 000002BC
/* 01048 80B5C328 356C0100 */  ori     $t4, $t3, 0x0100           ## $t4 = 00000100
/* 0104C 80B5C32C 0C04F872 */  jal     func_8013E1C8              
/* 01050 80B5C330 A44C032C */  sh      $t4, 0x032C($v0)           ## 0000032C
/* 01054 80B5C334 8E020360 */  lw      $v0, 0x0360($s0)           ## 00000360
/* 01058 80B5C338 3C0580B6 */  lui     $a1, %hi(D_80B5E3CC)       ## $a1 = 80B60000
/* 0105C 80B5C33C 24A5E3CC */  addiu   $a1, $a1, %lo(D_80B5E3CC)  ## $a1 = 80B5E3CC
/* 01060 80B5C340 24060002 */  addiu   $a2, $zero, 0x0002         ## $a2 = 00000002
/* 01064 80B5C344 24440148 */  addiu   $a0, $v0, 0x0148           ## $a0 = 00000148
/* 01068 80B5C348 0C04F872 */  jal     func_8013E1C8              
/* 0106C 80B5C34C 244702BC */  addiu   $a3, $v0, 0x02BC           ## $a3 = 000002BC
/* 01070 80B5C350 8E0D0004 */  lw      $t5, 0x0004($s0)           ## 00000004
/* 01074 80B5C354 3C030800 */  lui     $v1, 0x0800                ## $v1 = 08000000
/* 01078 80B5C358 8E020360 */  lw      $v0, 0x0360($s0)           ## 00000360
/* 0107C 80B5C35C 01A37025 */  or      $t6, $t5, $v1              ## $t6 = 08000000
/* 01080 80B5C360 2406FFF6 */  addiu   $a2, $zero, 0xFFF6         ## $a2 = FFFFFFF6
/* 01084 80B5C364 AE0E0004 */  sw      $t6, 0x0004($s0)           ## 00000004
/* 01088 80B5C368 01C6C024 */  and     $t8, $t6, $a2              
/* 0108C 80B5C36C AE180004 */  sw      $t8, 0x0004($s0)           ## 00000004
/* 01090 80B5C370 8C590004 */  lw      $t9, 0x0004($v0)           ## 00000004
/* 01094 80B5C374 03234025 */  or      $t0, $t9, $v1              ## $t0 = 08000000
/* 01098 80B5C378 AC480004 */  sw      $t0, 0x0004($v0)           ## 00000004
/* 0109C 80B5C37C 8E020360 */  lw      $v0, 0x0360($s0)           ## 00000360
/* 010A0 80B5C380 8C490004 */  lw      $t1, 0x0004($v0)           ## 00000004
/* 010A4 80B5C384 01265024 */  and     $t2, $t1, $a2              
/* 010A8 80B5C388 AC4A0004 */  sw      $t2, 0x0004($v0)           ## 00000004
/* 010AC 80B5C38C 8FA5002C */  lw      $a1, 0x002C($sp)           
/* 010B0 80B5C390 0C2D726A */  jal     func_80B5C9A8              
/* 010B4 80B5C394 8E040360 */  lw      $a0, 0x0360($s0)           ## 00000360
/* 010B8 80B5C398 02002025 */  or      $a0, $s0, $zero            ## $a0 = 00000000
/* 010BC 80B5C39C 0C2D70EE */  jal     func_80B5C3B8              
/* 010C0 80B5C3A0 8FA5002C */  lw      $a1, 0x002C($sp)           
/* 010C4 80B5C3A4 8FBF0024 */  lw      $ra, 0x0024($sp)           
.L80B5C3A8:
/* 010C8 80B5C3A8 8FB00020 */  lw      $s0, 0x0020($sp)           
/* 010CC 80B5C3AC 27BD0028 */  addiu   $sp, $sp, 0x0028           ## $sp = 00000000
/* 010D0 80B5C3B0 03E00008 */  jr      $ra                        
/* 010D4 80B5C3B4 00000000 */  nop


glabel func_80B5C3B8
/* 010D8 80B5C3B8 AFA50004 */  sw      $a1, 0x0004($sp)           
/* 010DC 80B5C3BC 44802000 */  mtc1    $zero, $f4                 ## $f4 = 0.00
/* 010E0 80B5C3C0 3C0E80B6 */  lui     $t6, %hi(func_80B5C3D8)    ## $t6 = 80B60000
/* 010E4 80B5C3C4 25CEC3D8 */  addiu   $t6, $t6, %lo(func_80B5C3D8) ## $t6 = 80B5C3D8
/* 010E8 80B5C3C8 AC8E0144 */  sw      $t6, 0x0144($a0)           ## 00000144
/* 010EC 80B5C3CC E4840740 */  swc1    $f4, 0x0740($a0)           ## 00000740
/* 010F0 80B5C3D0 03E00008 */  jr      $ra                        
/* 010F4 80B5C3D4 00000000 */  nop


glabel func_80B5C3D8
/* 010F8 80B5C3D8 27BDFF90 */  addiu   $sp, $sp, 0xFF90           ## $sp = FFFFFF90
/* 010FC 80B5C3DC AFB0001C */  sw      $s0, 0x001C($sp)           
/* 01100 80B5C3E0 00808025 */  or      $s0, $a0, $zero            ## $s0 = 00000000
/* 01104 80B5C3E4 AFBF0024 */  sw      $ra, 0x0024($sp)           
/* 01108 80B5C3E8 AFB10020 */  sw      $s1, 0x0020($sp)           
/* 0110C 80B5C3EC AFA50074 */  sw      $a1, 0x0074($sp)           
/* 01110 80B5C3F0 860E03A0 */  lh      $t6, 0x03A0($s0)           ## 000003A0
/* 01114 80B5C3F4 00002825 */  or      $a1, $zero, $zero          ## $a1 = 00000000
/* 01118 80B5C3F8 25CF02D8 */  addiu   $t7, $t6, 0x02D8           ## $t7 = 000002D8
/* 0111C 80B5C3FC A60F03A0 */  sh      $t7, 0x03A0($s0)           ## 000003A0
/* 01120 80B5C400 0C06026B */  jal     func_801809AC              
/* 01124 80B5C404 860403A0 */  lh      $a0, 0x03A0($s0)           ## 000003A0
/* 01128 80B5C408 3C0180B6 */  lui     $at, %hi(D_80B5E430)       ## $at = 80B60000
/* 0112C 80B5C40C C42CE430 */  lwc1    $f12, %lo(D_80B5E430)($at) 
/* 01130 80B5C410 0C060704 */  jal     func_80181C10              
/* 01134 80B5C414 27A5005C */  addiu   $a1, $sp, 0x005C           ## $a1 = FFFFFFEC
/* 01138 80B5C418 3C0180B6 */  lui     $at, %hi(D_80B5E434)       ## $at = 80B60000
/* 0113C 80B5C41C C42CE434 */  lwc1    $f12, %lo(D_80B5E434)($at) 
/* 01140 80B5C420 0C060704 */  jal     func_80181C10              
/* 01144 80B5C424 27A50050 */  addiu   $a1, $sp, 0x0050           ## $a1 = FFFFFFE0
/* 01148 80B5C428 C6000394 */  lwc1    $f0, 0x0394($s0)           ## 00000394
/* 0114C 80B5C42C C7A4005C */  lwc1    $f4, 0x005C($sp)           
/* 01150 80B5C430 C6080398 */  lwc1    $f8, 0x0398($s0)           ## 00000398
/* 01154 80B5C434 C60A039C */  lwc1    $f10, 0x039C($s0)          ## 0000039C
/* 01158 80B5C438 46040180 */  add.s   $f6, $f0, $f4              
/* 0115C 80B5C43C E608034C */  swc1    $f8, 0x034C($s0)           ## 0000034C
/* 01160 80B5C440 8E180360 */  lw      $t8, 0x0360($s0)           ## 00000360
/* 01164 80B5C444 26040024 */  addiu   $a0, $s0, 0x0024           ## $a0 = 00000024
/* 01168 80B5C448 E6060348 */  swc1    $f6, 0x0348($s0)           ## 00000348
/* 0116C 80B5C44C C7B00064 */  lwc1    $f16, 0x0064($sp)          
/* 01170 80B5C450 26050348 */  addiu   $a1, $s0, 0x0348           ## $a1 = 00000348
/* 01174 80B5C454 46105480 */  add.s   $f18, $f10, $f16           
/* 01178 80B5C458 E6120350 */  swc1    $f18, 0x0350($s0)          ## 00000350
/* 0117C 80B5C45C C7A40050 */  lwc1    $f4, 0x0050($sp)           
/* 01180 80B5C460 46040180 */  add.s   $f6, $f0, $f4              
/* 01184 80B5C464 E7060348 */  swc1    $f6, 0x0348($t8)           ## 00000348
/* 01188 80B5C468 8E190360 */  lw      $t9, 0x0360($s0)           ## 00000360
/* 0118C 80B5C46C C6080398 */  lwc1    $f8, 0x0398($s0)           ## 00000398
/* 01190 80B5C470 E728034C */  swc1    $f8, 0x034C($t9)           ## 0000034C
/* 01194 80B5C474 C7B00058 */  lwc1    $f16, 0x0058($sp)          
/* 01198 80B5C478 C60A039C */  lwc1    $f10, 0x039C($s0)          ## 0000039C
/* 0119C 80B5C47C 8E080360 */  lw      $t0, 0x0360($s0)           ## 00000360
/* 011A0 80B5C480 46105480 */  add.s   $f18, $f10, $f16           
/* 011A4 80B5C484 0C03FD43 */  jal     func_800FF50C              
/* 011A8 80B5C488 E5120350 */  swc1    $f18, 0x0350($t0)          ## 00000350
/* 011AC 80B5C48C 8E020360 */  lw      $v0, 0x0360($s0)           ## 00000360
/* 011B0 80B5C490 24440024 */  addiu   $a0, $v0, 0x0024           ## $a0 = 00000024
/* 011B4 80B5C494 0C03FD43 */  jal     func_800FF50C              
/* 011B8 80B5C498 24450348 */  addiu   $a1, $v0, 0x0348           ## $a1 = 00000348
/* 011BC 80B5C49C 02002025 */  or      $a0, $s0, $zero            ## $a0 = 00000000
/* 011C0 80B5C4A0 0C02DB35 */  jal     func_800B6CD4              
/* 011C4 80B5C4A4 8E050360 */  lw      $a1, 0x0360($s0)           ## 00000360
/* 011C8 80B5C4A8 8E0A0360 */  lw      $t2, 0x0360($s0)           ## 00000360
/* 011CC 80B5C4AC 34018000 */  ori     $at, $zero, 0x8000         ## $at = 00008000
/* 011D0 80B5C4B0 00414821 */  addu    $t1, $v0, $at              
/* 011D4 80B5C4B4 A60200BE */  sh      $v0, 0x00BE($s0)           ## 000000BE
/* 011D8 80B5C4B8 3C013F80 */  lui     $at, 0x3F80                ## $at = 3F800000
/* 011DC 80B5C4BC A54900BE */  sh      $t1, 0x00BE($t2)           ## 000000BE
/* 011E0 80B5C4C0 C6000740 */  lwc1    $f0, 0x0740($s0)           ## 00000740
/* 011E4 80B5C4C4 44812000 */  mtc1    $at, $f4                   ## $f4 = 1.00
/* 011E8 80B5C4C8 3C1180B6 */  lui     $s1, %hi(D_80B5E408)       ## $s1 = 80B60000
/* 011EC 80B5C4CC 2631E408 */  addiu   $s1, $s1, %lo(D_80B5E408)  ## $s1 = 80B5E408
/* 011F0 80B5C4D0 4604003C */  c.lt.s  $f0, $f4                   
/* 011F4 80B5C4D4 3C0580B6 */  lui     $a1, %hi(D_80B5E40C)       ## $a1 = 80B60000
/* 011F8 80B5C4D8 24A5E40C */  addiu   $a1, $a1, %lo(D_80B5E40C)  ## $a1 = 80B5E40C
/* 011FC 80B5C4DC 02202025 */  or      $a0, $s1, $zero            ## $a0 = 80B5E408
/* 01200 80B5C4E0 45020011 */  bc1fl   .L80B5C528                 
/* 01204 80B5C4E4 26040148 */  addiu   $a0, $s0, 0x0148           ## $a0 = 00000148
/* 01208 80B5C4E8 44060000 */  mfc1    $a2, $f0                   
/* 0120C 80B5C4EC 0C04006E */  jal     func_801001B8              
/* 01210 80B5C4F0 26070744 */  addiu   $a3, $s0, 0x0744           ## $a3 = 00000744
/* 01214 80B5C4F4 8E070360 */  lw      $a3, 0x0360($s0)           ## 00000360
/* 01218 80B5C4F8 3C0580B6 */  lui     $a1, %hi(D_80B5E40C)       ## $a1 = 80B60000
/* 0121C 80B5C4FC 24A5E40C */  addiu   $a1, $a1, %lo(D_80B5E40C)  ## $a1 = 80B5E40C
/* 01220 80B5C500 02202025 */  or      $a0, $s1, $zero            ## $a0 = 80B5E408
/* 01224 80B5C504 8E060740 */  lw      $a2, 0x0740($s0)           ## 00000740
/* 01228 80B5C508 0C04006E */  jal     func_801001B8              
/* 0122C 80B5C50C 24E70744 */  addiu   $a3, $a3, 0x0744           ## $a3 = 00000744
/* 01230 80B5C510 3C063D4C */  lui     $a2, 0x3D4C                ## $a2 = 3D4C0000
/* 01234 80B5C514 34C6CCCD */  ori     $a2, $a2, 0xCCCD           ## $a2 = 3D4CCCCD
/* 01238 80B5C518 26040740 */  addiu   $a0, $s0, 0x0740           ## $a0 = 00000740
/* 0123C 80B5C51C 0C03FC0F */  jal     func_800FF03C              
/* 01240 80B5C520 3C053F80 */  lui     $a1, 0x3F80                ## $a1 = 3F800000
/* 01244 80B5C524 26040148 */  addiu   $a0, $s0, 0x0148           ## $a0 = 00000148
.L80B5C528:
/* 01248 80B5C528 0C04DE2E */  jal     func_801378B8              
/* 0124C 80B5C52C 3C054140 */  lui     $a1, 0x4140                ## $a1 = 41400000
/* 01250 80B5C530 5040003C */  beql    $v0, $zero, .L80B5C624     
/* 01254 80B5C534 8FBF0024 */  lw      $ra, 0x0024($sp)           
/* 01258 80B5C538 8FA20074 */  lw      $v0, 0x0074($sp)           
/* 0125C 80B5C53C 844B0810 */  lh      $t3, 0x0810($v0)           ## 00000810
/* 01260 80B5C540 000B6080 */  sll     $t4, $t3,  2               
/* 01264 80B5C544 004C6821 */  addu    $t5, $v0, $t4              
/* 01268 80B5C548 0C037F37 */  jal     func_800DFCDC              
/* 0126C 80B5C54C 8DA40800 */  lw      $a0, 0x0800($t5)           ## 00000800
/* 01270 80B5C550 00022400 */  sll     $a0, $v0, 16               
/* 01274 80B5C554 00042403 */  sra     $a0, $a0, 16               
/* 01278 80B5C558 0C06026B */  jal     func_801809AC              
/* 0127C 80B5C55C 00002825 */  or      $a1, $zero, $zero          ## $a1 = 00000000
/* 01280 80B5C560 3C013F80 */  lui     $at, 0x3F80                ## $at = 3F800000
/* 01284 80B5C564 44813000 */  mtc1    $at, $f6                   ## $f6 = 1.00
/* 01288 80B5C568 3C0180B6 */  lui     $at, %hi(D_80B5E438)       ## $at = 80B60000
/* 0128C 80B5C56C C428E438 */  lwc1    $f8, %lo(D_80B5E438)($at)  
/* 01290 80B5C570 44805000 */  mtc1    $zero, $f10                ## $f10 = 0.00
/* 01294 80B5C574 27B10044 */  addiu   $s1, $sp, 0x0044           ## $s1 = FFFFFFD4
/* 01298 80B5C578 02202825 */  or      $a1, $s1, $zero            ## $a1 = FFFFFFD4
/* 0129C 80B5C57C 27A40038 */  addiu   $a0, $sp, 0x0038           ## $a0 = FFFFFFC8
/* 012A0 80B5C580 E7A60038 */  swc1    $f6, 0x0038($sp)           
/* 012A4 80B5C584 E7A8003C */  swc1    $f8, 0x003C($sp)           
/* 012A8 80B5C588 0C0606A6 */  jal     func_80181A98              
/* 012AC 80B5C58C E7AA0040 */  swc1    $f10, 0x0040($sp)          
/* 012B0 80B5C590 2604074C */  addiu   $a0, $s0, 0x074C           ## $a0 = 0000074C
/* 012B4 80B5C594 AFA40030 */  sw      $a0, 0x0030($sp)           
/* 012B8 80B5C598 02202825 */  or      $a1, $s1, $zero            ## $a1 = FFFFFFD4
/* 012BC 80B5C59C 0C03FD6F */  jal     func_800FF5BC              
/* 012C0 80B5C5A0 02203025 */  or      $a2, $s1, $zero            ## $a2 = FFFFFFD4
/* 012C4 80B5C5A4 260403A4 */  addiu   $a0, $s0, 0x03A4           ## $a0 = 000003A4
/* 012C8 80B5C5A8 260700BC */  addiu   $a3, $s0, 0x00BC           ## $a3 = 000000BC
/* 012CC 80B5C5AC 240E000A */  addiu   $t6, $zero, 0x000A         ## $t6 = 0000000A
/* 012D0 80B5C5B0 AFAE0010 */  sw      $t6, 0x0010($sp)           
/* 012D4 80B5C5B4 AFA70028 */  sw      $a3, 0x0028($sp)           
/* 012D8 80B5C5B8 AFA4002C */  sw      $a0, 0x002C($sp)           
/* 012DC 80B5C5BC 24050001 */  addiu   $a1, $zero, 0x0001         ## $a1 = 00000001
/* 012E0 80B5C5C0 0C2D77D6 */  jal     func_80B5DF58              
/* 012E4 80B5C5C4 02203025 */  or      $a2, $s1, $zero            ## $a2 = FFFFFFD4
/* 012E8 80B5C5C8 3C01BF80 */  lui     $at, 0xBF80                ## $at = BF800000
/* 012EC 80B5C5CC 44818000 */  mtc1    $at, $f16                  ## $f16 = -1.00
/* 012F0 80B5C5D0 3C0180B6 */  lui     $at, %hi(D_80B5E43C)       ## $at = 80B60000
/* 012F4 80B5C5D4 C432E43C */  lwc1    $f18, %lo(D_80B5E43C)($at) 
/* 012F8 80B5C5D8 44802000 */  mtc1    $zero, $f4                 ## $f4 = 0.00
/* 012FC 80B5C5DC 27A40038 */  addiu   $a0, $sp, 0x0038           ## $a0 = FFFFFFC8
/* 01300 80B5C5E0 02202825 */  or      $a1, $s1, $zero            ## $a1 = FFFFFFD4
/* 01304 80B5C5E4 E7B00038 */  swc1    $f16, 0x0038($sp)          
/* 01308 80B5C5E8 E7B2003C */  swc1    $f18, 0x003C($sp)          
/* 0130C 80B5C5EC 0C0606A6 */  jal     func_80181A98              
/* 01310 80B5C5F0 E7A40040 */  swc1    $f4, 0x0040($sp)           
/* 01314 80B5C5F4 8FA40030 */  lw      $a0, 0x0030($sp)           
/* 01318 80B5C5F8 02202825 */  or      $a1, $s1, $zero            ## $a1 = FFFFFFD4
/* 0131C 80B5C5FC 0C03FD6F */  jal     func_800FF5BC              
/* 01320 80B5C600 02203025 */  or      $a2, $s1, $zero            ## $a2 = FFFFFFD4
/* 01324 80B5C604 240F000A */  addiu   $t7, $zero, 0x000A         ## $t7 = 0000000A
/* 01328 80B5C608 AFAF0010 */  sw      $t7, 0x0010($sp)           
/* 0132C 80B5C60C 8FA4002C */  lw      $a0, 0x002C($sp)           
/* 01330 80B5C610 24050002 */  addiu   $a1, $zero, 0x0002         ## $a1 = 00000002
/* 01334 80B5C614 02203025 */  or      $a2, $s1, $zero            ## $a2 = FFFFFFD4
/* 01338 80B5C618 0C2D77D6 */  jal     func_80B5DF58              
/* 0133C 80B5C61C 8FA70028 */  lw      $a3, 0x0028($sp)           
/* 01340 80B5C620 8FBF0024 */  lw      $ra, 0x0024($sp)           
.L80B5C624:
/* 01344 80B5C624 8FB0001C */  lw      $s0, 0x001C($sp)           
/* 01348 80B5C628 8FB10020 */  lw      $s1, 0x0020($sp)           
/* 0134C 80B5C62C 03E00008 */  jr      $ra                        
/* 01350 80B5C630 27BD0070 */  addiu   $sp, $sp, 0x0070           ## $sp = 00000000


glabel func_80B5C634
/* 01354 80B5C634 AFA50004 */  sw      $a1, 0x0004($sp)           
/* 01358 80B5C638 3C0E80B6 */  lui     $t6, %hi(func_80B5C64C)    ## $t6 = 80B60000
/* 0135C 80B5C63C 25CEC64C */  addiu   $t6, $t6, %lo(func_80B5C64C) ## $t6 = 80B5C64C
/* 01360 80B5C640 AC8E0144 */  sw      $t6, 0x0144($a0)           ## 00000144
/* 01364 80B5C644 03E00008 */  jr      $ra                        
/* 01368 80B5C648 00000000 */  nop


glabel func_80B5C64C
/* 0136C 80B5C64C 27BDFFE8 */  addiu   $sp, $sp, 0xFFE8           ## $sp = FFFFFFE8
/* 01370 80B5C650 AFBF0014 */  sw      $ra, 0x0014($sp)           
/* 01374 80B5C654 AFA5001C */  sw      $a1, 0x001C($sp)           
/* 01378 80B5C658 3C0E801F */  lui     $t6, 0x801F                ## $t6 = 801F0000
/* 0137C 80B5C65C 91CE0582 */  lbu     $t6, 0x0582($t6)           ## 801F0582
/* 01380 80B5C660 31CF0008 */  andi    $t7, $t6, 0x0008           ## $t7 = 00000000
/* 01384 80B5C664 51E00004 */  beql    $t7, $zero, .L80B5C678     
/* 01388 80B5C668 8FBF0014 */  lw      $ra, 0x0014($sp)           
/* 0138C 80B5C66C 0C02D9C3 */  jal     func_800B670C              
/* 01390 80B5C670 00000000 */  nop
/* 01394 80B5C674 8FBF0014 */  lw      $ra, 0x0014($sp)           
.L80B5C678:
/* 01398 80B5C678 27BD0018 */  addiu   $sp, $sp, 0x0018           ## $sp = 00000000
/* 0139C 80B5C67C 03E00008 */  jr      $ra                        
/* 013A0 80B5C680 00000000 */  nop


glabel func_80B5C684
/* 013A4 80B5C684 27BDFFE8 */  addiu   $sp, $sp, 0xFFE8           ## $sp = FFFFFFE8
/* 013A8 80B5C688 AFBF0014 */  sw      $ra, 0x0014($sp)           
/* 013AC 80B5C68C AFA40018 */  sw      $a0, 0x0018($sp)           
/* 013B0 80B5C690 AFA5001C */  sw      $a1, 0x001C($sp)           
/* 013B4 80B5C694 44802000 */  mtc1    $zero, $f4                 ## $f4 = 0.00
/* 013B8 80B5C698 8FAE0018 */  lw      $t6, 0x0018($sp)           
/* 013BC 80B5C69C 3C0580B6 */  lui     $a1, %hi(D_80B5E3CC)       ## $a1 = 80B60000
/* 013C0 80B5C6A0 24A5E3CC */  addiu   $a1, $a1, %lo(D_80B5E3CC)  ## $a1 = 80B5E3CC
/* 013C4 80B5C6A4 E5C40070 */  swc1    $f4, 0x0070($t6)           ## 00000070
/* 013C8 80B5C6A8 8FAF0018 */  lw      $t7, 0x0018($sp)           
/* 013CC 80B5C6AC 00003025 */  or      $a2, $zero, $zero          ## $a2 = 00000000
/* 013D0 80B5C6B0 25E40148 */  addiu   $a0, $t7, 0x0148           ## $a0 = 00000148
/* 013D4 80B5C6B4 0C04F872 */  jal     func_8013E1C8              
/* 013D8 80B5C6B8 25E702BC */  addiu   $a3, $t7, 0x02BC           ## $a3 = 000002BC
/* 013DC 80B5C6BC 8FB90018 */  lw      $t9, 0x0018($sp)           
/* 013E0 80B5C6C0 3C1880B6 */  lui     $t8, %hi(func_80B5C6DC)    ## $t8 = 80B60000
/* 013E4 80B5C6C4 2718C6DC */  addiu   $t8, $t8, %lo(func_80B5C6DC) ## $t8 = 80B5C6DC
/* 013E8 80B5C6C8 AF380144 */  sw      $t8, 0x0144($t9)           ## 00000144
/* 013EC 80B5C6CC 8FBF0014 */  lw      $ra, 0x0014($sp)           
/* 013F0 80B5C6D0 27BD0018 */  addiu   $sp, $sp, 0x0018           ## $sp = 00000000
/* 013F4 80B5C6D4 03E00008 */  jr      $ra                        
/* 013F8 80B5C6D8 00000000 */  nop


glabel func_80B5C6DC
/* 013FC 80B5C6DC 27BDFFB8 */  addiu   $sp, $sp, 0xFFB8           ## $sp = FFFFFFB8
/* 01400 80B5C6E0 AFB00020 */  sw      $s0, 0x0020($sp)           
/* 01404 80B5C6E4 00808025 */  or      $s0, $a0, $zero            ## $s0 = 00000000
/* 01408 80B5C6E8 AFBF0024 */  sw      $ra, 0x0024($sp)           
/* 0140C 80B5C6EC AFA5004C */  sw      $a1, 0x004C($sp)           
/* 01410 80B5C6F0 8FAE004C */  lw      $t6, 0x004C($sp)           
/* 01414 80B5C6F4 26050394 */  addiu   $a1, $s0, 0x0394           ## $a1 = 00000394
/* 01418 80B5C6F8 8DC41CCC */  lw      $a0, 0x1CCC($t6)           ## 00001CCC
/* 0141C 80B5C6FC 0C02DB4B */  jal     func_800B6D2C              
/* 01420 80B5C700 AFA40044 */  sw      $a0, 0x0044($sp)           
/* 01424 80B5C704 24444000 */  addiu   $a0, $v0, 0x4000           ## $a0 = 00004000
/* 01428 80B5C708 00042400 */  sll     $a0, $a0, 16               
/* 0142C 80B5C70C A7A2003E */  sh      $v0, 0x003E($sp)           
/* 01430 80B5C710 00042403 */  sra     $a0, $a0, 16               
/* 01434 80B5C714 0C06026B */  jal     func_801809AC              
/* 01438 80B5C718 00002825 */  or      $a1, $zero, $zero          ## $a1 = 00000000
/* 0143C 80B5C71C 8E0F033C */  lw      $t7, 0x033C($s0)           ## 0000033C
/* 01440 80B5C720 24010002 */  addiu   $at, $zero, 0x0002         ## $at = 00000002
/* 01444 80B5C724 27A50030 */  addiu   $a1, $sp, 0x0030           ## $a1 = FFFFFFE8
/* 01448 80B5C728 15E10005 */  bne     $t7, $at, .L80B5C740       
/* 0144C 80B5C72C 3C0180B6 */  lui     $at, %hi(D_80B5E440)       ## $at = 80B60000
/* 01450 80B5C730 0C060704 */  jal     func_80181C10              
/* 01454 80B5C734 C42CE440 */  lwc1    $f12, %lo(D_80B5E440)($at) 
/* 01458 80B5C738 10000020 */  beq     $zero, $zero, .L80B5C7BC   
/* 0145C 80B5C73C C6040394 */  lwc1    $f4, 0x0394($s0)           ## 00000394
.L80B5C740:
/* 01460 80B5C740 8602073C */  lh      $v0, 0x073C($s0)           ## 0000073C
/* 01464 80B5C744 3C18801F */  lui     $t8, 0x801F                ## $t8 = 801F0000
/* 01468 80B5C748 14400016 */  bne     $v0, $zero, .L80B5C7A4     
/* 0146C 80B5C74C 2449FFFF */  addiu   $t1, $v0, 0xFFFF           ## $t1 = FFFFFFFF
/* 01470 80B5C750 931805BC */  lbu     $t8, 0x05BC($t8)           ## 801F05BC
/* 01474 80B5C754 3C01801F */  lui     $at, 0x801F                ## $at = 801F0000
/* 01478 80B5C758 37190010 */  ori     $t9, $t8, 0x0010           ## $t9 = 801F0010
/* 0147C 80B5C75C A03905BC */  sb      $t9, 0x05BC($at)           ## 801F05BC
/* 01480 80B5C760 8E020388 */  lw      $v0, 0x0388($s0)           ## 00000388
/* 01484 80B5C764 24010001 */  addiu   $at, $zero, 0x0001         ## $at = 00000001
/* 01488 80B5C768 10400005 */  beq     $v0, $zero, .L80B5C780     
/* 0148C 80B5C76C 00000000 */  nop
/* 01490 80B5C770 10410007 */  beq     $v0, $at, .L80B5C790       
/* 01494 80B5C774 00000000 */  nop
/* 01498 80B5C778 10000008 */  beq     $zero, $zero, .L80B5C79C   
/* 0149C 80B5C77C 2408FFFF */  addiu   $t0, $zero, 0xFFFF         ## $t0 = FFFFFFFF
.L80B5C780:
/* 014A0 80B5C780 0C03C7EF */  jal     func_800F1FBC              
/* 014A4 80B5C784 8604035A */  lh      $a0, 0x035A($s0)           ## 0000035A
/* 014A8 80B5C788 10000004 */  beq     $zero, $zero, .L80B5C79C   
/* 014AC 80B5C78C 2408FFFF */  addiu   $t0, $zero, 0xFFFF         ## $t0 = FFFFFFFF
.L80B5C790:
/* 014B0 80B5C790 0C03C7EF */  jal     func_800F1FBC              
/* 014B4 80B5C794 8604035C */  lh      $a0, 0x035C($s0)           ## 0000035C
/* 014B8 80B5C798 2408FFFF */  addiu   $t0, $zero, 0xFFFF         ## $t0 = FFFFFFFF
.L80B5C79C:
/* 014BC 80B5C79C 10000002 */  beq     $zero, $zero, .L80B5C7A8   
/* 014C0 80B5C7A0 A608073C */  sh      $t0, 0x073C($s0)           ## 0000073C
.L80B5C7A4:
/* 014C4 80B5C7A4 A609073C */  sh      $t1, 0x073C($s0)           ## 0000073C
.L80B5C7A8:
/* 014C8 80B5C7A8 3C0180B6 */  lui     $at, %hi(D_80B5E444)       ## $at = 80B60000
/* 014CC 80B5C7AC C42CE444 */  lwc1    $f12, %lo(D_80B5E444)($at) 
/* 014D0 80B5C7B0 0C060704 */  jal     func_80181C10              
/* 014D4 80B5C7B4 27A50030 */  addiu   $a1, $sp, 0x0030           ## $a1 = FFFFFFE8
/* 014D8 80B5C7B8 C6040394 */  lwc1    $f4, 0x0394($s0)           ## 00000394
.L80B5C7BC:
/* 014DC 80B5C7BC C7A60030 */  lwc1    $f6, 0x0030($sp)           
/* 014E0 80B5C7C0 C60A0398 */  lwc1    $f10, 0x0398($s0)          ## 00000398
/* 014E4 80B5C7C4 C610039C */  lwc1    $f16, 0x039C($s0)          ## 0000039C
/* 014E8 80B5C7C8 46062200 */  add.s   $f8, $f4, $f6              
/* 014EC 80B5C7CC E60A034C */  swc1    $f10, 0x034C($s0)          ## 0000034C
/* 014F0 80B5C7D0 3C0180B6 */  lui     $at, %hi(D_80B5E448)       ## $at = 80B60000
/* 014F4 80B5C7D4 26040024 */  addiu   $a0, $s0, 0x0024           ## $a0 = 00000024
/* 014F8 80B5C7D8 E6080348 */  swc1    $f8, 0x0348($s0)           ## 00000348
/* 014FC 80B5C7DC C7B20038 */  lwc1    $f18, 0x0038($sp)          
/* 01500 80B5C7E0 8E050348 */  lw      $a1, 0x0348($s0)           ## 00000348
/* 01504 80B5C7E4 3C063F80 */  lui     $a2, 0x3F80                ## $a2 = 3F800000
/* 01508 80B5C7E8 46128100 */  add.s   $f4, $f16, $f18            
/* 0150C 80B5C7EC 3C074000 */  lui     $a3, 0x4000                ## $a3 = 40000000
/* 01510 80B5C7F0 E6040350 */  swc1    $f4, 0x0350($s0)           ## 00000350
/* 01514 80B5C7F4 C426E448 */  lwc1    $f6, %lo(D_80B5E448)($at)  
/* 01518 80B5C7F8 0C03FF36 */  jal     func_800FFCD8              
/* 0151C 80B5C7FC E7A60010 */  swc1    $f6, 0x0010($sp)           
/* 01520 80B5C800 3C0180B6 */  lui     $at, %hi(D_80B5E44C)       ## $at = 80B60000
/* 01524 80B5C804 C428E44C */  lwc1    $f8, %lo(D_80B5E44C)($at)  
/* 01528 80B5C808 8E050350 */  lw      $a1, 0x0350($s0)           ## 00000350
/* 0152C 80B5C80C 2604002C */  addiu   $a0, $s0, 0x002C           ## $a0 = 0000002C
/* 01530 80B5C810 3C063F80 */  lui     $a2, 0x3F80                ## $a2 = 3F800000
/* 01534 80B5C814 3C074000 */  lui     $a3, 0x4000                ## $a3 = 40000000
/* 01538 80B5C818 0C03FF36 */  jal     func_800FFCD8              
/* 0153C 80B5C81C E7A80010 */  swc1    $f8, 0x0010($sp)           
/* 01540 80B5C820 86050092 */  lh      $a1, 0x0092($s0)           ## 00000092
/* 01544 80B5C824 240A038E */  addiu   $t2, $zero, 0x038E         ## $t2 = 0000038E
/* 01548 80B5C828 AFAA0010 */  sw      $t2, 0x0010($sp)           
/* 0154C 80B5C82C 260400BE */  addiu   $a0, $s0, 0x00BE           ## $a0 = 000000BE
/* 01550 80B5C830 24060003 */  addiu   $a2, $zero, 0x0003         ## $a2 = 00000003
/* 01554 80B5C834 0C03FFAF */  jal     func_800FFEBC              
/* 01558 80B5C838 24070E38 */  addiu   $a3, $zero, 0x0E38         ## $a3 = 00000E38
/* 0155C 80B5C83C 3C0B801F */  lui     $t3, 0x801F                ## $t3 = 801F0000
/* 01560 80B5C840 916B05BC */  lbu     $t3, 0x05BC($t3)           ## 801F05BC
/* 01564 80B5C844 316C0010 */  andi    $t4, $t3, 0x0010           ## $t4 = 00000000
/* 01568 80B5C848 5180002D */  beql    $t4, $zero, .L80B5C900     
/* 0156C 80B5C84C 8FBF0024 */  lw      $ra, 0x0024($sp)           
/* 01570 80B5C850 8E0D033C */  lw      $t5, 0x033C($s0)           ## 0000033C
/* 01574 80B5C854 24010001 */  addiu   $at, $zero, 0x0001         ## $at = 00000001
/* 01578 80B5C858 240E0001 */  addiu   $t6, $zero, 0x0001         ## $t6 = 00000001
/* 0157C 80B5C85C 15A10027 */  bne     $t5, $at, .L80B5C8FC       
/* 01580 80B5C860 02002025 */  or      $a0, $s0, $zero            ## $a0 = 00000000
/* 01584 80B5C864 A6000116 */  sh      $zero, 0x0116($s0)         ## 00000116
/* 01588 80B5C868 A20E0384 */  sb      $t6, 0x0384($s0)           ## 00000384
/* 0158C 80B5C86C 0C02E134 */  jal     func_800B84D0              
/* 01590 80B5C870 8FA5004C */  lw      $a1, 0x004C($sp)           
/* 01594 80B5C874 1040000F */  beq     $v0, $zero, .L80B5C8B4     
/* 01598 80B5C878 8FA40044 */  lw      $a0, 0x0044($sp)           
/* 0159C 80B5C87C 87AF003E */  lh      $t7, 0x003E($sp)           
/* 015A0 80B5C880 8E080360 */  lw      $t0, 0x0360($s0)           ## 00000360
/* 015A4 80B5C884 02002025 */  or      $a0, $s0, $zero            ## $a0 = 00000000
/* 015A8 80B5C888 25F84000 */  addiu   $t8, $t7, 0x4000           ## $t8 = 00004000
/* 015AC 80B5C88C A61803A0 */  sh      $t8, 0x03A0($s0)           ## 000003A0
/* 015B0 80B5C890 861903A0 */  lh      $t9, 0x03A0($s0)           ## 000003A0
/* 015B4 80B5C894 A51903A0 */  sh      $t9, 0x03A0($t0)           ## 000003A0
/* 015B8 80B5C898 0C2D726A */  jal     func_80B5C9A8              
/* 015BC 80B5C89C 8FA5004C */  lw      $a1, 0x004C($sp)           
/* 015C0 80B5C8A0 02002025 */  or      $a0, $s0, $zero            ## $a0 = 00000000
/* 015C4 80B5C8A4 0C2D7445 */  jal     func_80B5D114              
/* 015C8 80B5C8A8 8FA5004C */  lw      $a1, 0x004C($sp)           
/* 015CC 80B5C8AC 10000014 */  beq     $zero, $zero, .L80B5C900   
/* 015D0 80B5C8B0 8FBF0024 */  lw      $ra, 0x0024($sp)           
.L80B5C8B4:
/* 015D4 80B5C8B4 94890090 */  lhu     $t1, 0x0090($a0)           ## 00000090
/* 015D8 80B5C8B8 312A0001 */  andi    $t2, $t1, 0x0001           ## $t2 = 00000000
/* 015DC 80B5C8BC 51400010 */  beql    $t2, $zero, .L80B5C900     
/* 015E0 80B5C8C0 8FBF0024 */  lw      $ra, 0x0024($sp)           
/* 015E4 80B5C8C4 0C0490AD */  jal     func_801242B4              
/* 015E8 80B5C8C8 00000000 */  nop
/* 015EC 80B5C8CC 1440000B */  bne     $v0, $zero, .L80B5C8FC     
/* 015F0 80B5C8D0 3C014302 */  lui     $at, 0x4302                ## $at = 43020000
/* 015F4 80B5C8D4 44810000 */  mtc1    $at, $f0                   ## $f0 = 130.00
/* 015F8 80B5C8D8 C60A0098 */  lwc1    $f10, 0x0098($s0)          ## 00000098
/* 015FC 80B5C8DC 02002025 */  or      $a0, $s0, $zero            ## $a0 = 00000000
/* 01600 80B5C8E0 4600503C */  c.lt.s  $f10, $f0                  
/* 01604 80B5C8E4 00000000 */  nop
/* 01608 80B5C8E8 45020005 */  bc1fl   .L80B5C900                 
/* 0160C 80B5C8EC 8FBF0024 */  lw      $ra, 0x0024($sp)           
/* 01610 80B5C8F0 44060000 */  mfc1    $a2, $f0                   
/* 01614 80B5C8F4 0C02E185 */  jal     func_800B8614              
/* 01618 80B5C8F8 8FA5004C */  lw      $a1, 0x004C($sp)           
.L80B5C8FC:
/* 0161C 80B5C8FC 8FBF0024 */  lw      $ra, 0x0024($sp)           
.L80B5C900:
/* 01620 80B5C900 8FB00020 */  lw      $s0, 0x0020($sp)           
/* 01624 80B5C904 27BD0048 */  addiu   $sp, $sp, 0x0048           ## $sp = 00000000
/* 01628 80B5C908 03E00008 */  jr      $ra                        
/* 0162C 80B5C90C 00000000 */  nop


glabel func_80B5C910
/* 01630 80B5C910 AFA50004 */  sw      $a1, 0x0004($sp)           
/* 01634 80B5C914 848E0092 */  lh      $t6, 0x0092($a0)           ## 00000092
/* 01638 80B5C918 848F0030 */  lh      $t7, 0x0030($a0)           ## 00000030
/* 0163C 80B5C91C 84980032 */  lh      $t8, 0x0032($a0)           ## 00000032
/* 01640 80B5C920 84990034 */  lh      $t9, 0x0034($a0)           ## 00000034
/* 01644 80B5C924 3C0880B6 */  lui     $t0, %hi(func_80B5C950)    ## $t0 = 80B60000
/* 01648 80B5C928 2508C950 */  addiu   $t0, $t0, %lo(func_80B5C950) ## $t0 = 80B5C950
/* 0164C 80B5C92C A48000BC */  sh      $zero, 0x00BC($a0)         ## 000000BC
/* 01650 80B5C930 A48000C0 */  sh      $zero, 0x00C0($a0)         ## 000000C0
/* 01654 80B5C934 AC880144 */  sw      $t0, 0x0144($a0)           ## 00000144
/* 01658 80B5C938 A48E00BE */  sh      $t6, 0x00BE($a0)           ## 000000BE
/* 0165C 80B5C93C A48F0030 */  sh      $t7, 0x0030($a0)           ## 00000030
/* 01660 80B5C940 A4980032 */  sh      $t8, 0x0032($a0)           ## 00000032
/* 01664 80B5C944 A4990034 */  sh      $t9, 0x0034($a0)           ## 00000034
/* 01668 80B5C948 03E00008 */  jr      $ra                        
/* 0166C 80B5C94C 00000000 */  nop


glabel func_80B5C950
/* 01670 80B5C950 27BDFFE8 */  addiu   $sp, $sp, 0xFFE8           ## $sp = FFFFFFE8
/* 01674 80B5C954 AFBF0014 */  sw      $ra, 0x0014($sp)           
/* 01678 80B5C958 AFA5001C */  sw      $a1, 0x001C($sp)           
/* 0167C 80B5C95C 948E032C */  lhu     $t6, 0x032C($a0)           ## 0000032C
/* 01680 80B5C960 2405294B */  addiu   $a1, $zero, 0x294B         ## $a1 = 0000294B
/* 01684 80B5C964 31CF0008 */  andi    $t7, $t6, 0x0008           ## $t7 = 00000000
/* 01688 80B5C968 51E0000C */  beql    $t7, $zero, .L80B5C99C     
/* 0168C 80B5C96C 8FBF0014 */  lw      $ra, 0x0014($sp)           
/* 01690 80B5C970 0C02E3B2 */  jal     func_800B8EC8              
/* 01694 80B5C974 AFA40018 */  sw      $a0, 0x0018($sp)           
/* 01698 80B5C978 3C02801F */  lui     $v0, 0x801F                ## $v0 = 801F0000
/* 0169C 80B5C97C 2442F670 */  addiu   $v0, $v0, 0xF670           ## $v0 = 801EF670
/* 016A0 80B5C980 90580F11 */  lbu     $t8, 0x0F11($v0)           ## 801F0581
/* 016A4 80B5C984 8FA40018 */  lw      $a0, 0x0018($sp)           
/* 016A8 80B5C988 8FA5001C */  lw      $a1, 0x001C($sp)           
/* 016AC 80B5C98C 37190004 */  ori     $t9, $t8, 0x0004           ## $t9 = 00000004
/* 016B0 80B5C990 0C2D72B4 */  jal     func_80B5CAD0              
/* 016B4 80B5C994 A0590F11 */  sb      $t9, 0x0F11($v0)           ## 801F0581
/* 016B8 80B5C998 8FBF0014 */  lw      $ra, 0x0014($sp)           
.L80B5C99C:
/* 016BC 80B5C99C 27BD0018 */  addiu   $sp, $sp, 0x0018           ## $sp = 00000000
/* 016C0 80B5C9A0 03E00008 */  jr      $ra                        
/* 016C4 80B5C9A4 00000000 */  nop


glabel func_80B5C9A8
/* 016C8 80B5C9A8 AFA50004 */  sw      $a1, 0x0004($sp)           
/* 016CC 80B5C9AC 3C0E80B6 */  lui     $t6, %hi(func_80B5C9C0)    ## $t6 = 80B60000
/* 016D0 80B5C9B0 25CEC9C0 */  addiu   $t6, $t6, %lo(func_80B5C9C0) ## $t6 = 80B5C9C0
/* 016D4 80B5C9B4 AC8E0144 */  sw      $t6, 0x0144($a0)           ## 00000144
/* 016D8 80B5C9B8 03E00008 */  jr      $ra                        
/* 016DC 80B5C9BC 00000000 */  nop


glabel func_80B5C9C0
/* 016E0 80B5C9C0 AFA40000 */  sw      $a0, 0x0000($sp)           
/* 016E4 80B5C9C4 AFA50004 */  sw      $a1, 0x0004($sp)           
/* 016E8 80B5C9C8 03E00008 */  jr      $ra                        
/* 016EC 80B5C9CC 00000000 */  nop


glabel func_80B5C9D0
/* 016F0 80B5C9D0 27BDFFE8 */  addiu   $sp, $sp, 0xFFE8           ## $sp = FFFFFFE8
/* 016F4 80B5C9D4 AFBF0014 */  sw      $ra, 0x0014($sp)           
/* 016F8 80B5C9D8 AFA5001C */  sw      $a1, 0x001C($sp)           
/* 016FC 80B5C9DC 848E0092 */  lh      $t6, 0x0092($a0)           ## 00000092
/* 01700 80B5C9E0 848F0030 */  lh      $t7, 0x0030($a0)           ## 00000030
/* 01704 80B5C9E4 84980032 */  lh      $t8, 0x0032($a0)           ## 00000032
/* 01708 80B5C9E8 84990034 */  lh      $t9, 0x0034($a0)           ## 00000034
/* 0170C 80B5C9EC A48000BC */  sh      $zero, 0x00BC($a0)         ## 000000BC
/* 01710 80B5C9F0 A48000C0 */  sh      $zero, 0x00C0($a0)         ## 000000C0
/* 01714 80B5C9F4 A48E00BE */  sh      $t6, 0x00BE($a0)           ## 000000BE
/* 01718 80B5C9F8 A48F0030 */  sh      $t7, 0x0030($a0)           ## 00000030
/* 0171C 80B5C9FC A4980032 */  sh      $t8, 0x0032($a0)           ## 00000032
/* 01720 80B5CA00 A4990034 */  sh      $t9, 0x0034($a0)           ## 00000034
/* 01724 80B5CA04 AFA40018 */  sw      $a0, 0x0018($sp)           
/* 01728 80B5CA08 0C02E3B2 */  jal     func_800B8EC8              
/* 0172C 80B5CA0C 2405294B */  addiu   $a1, $zero, 0x294B         ## $a1 = 0000294B
/* 01730 80B5CA10 8FA40018 */  lw      $a0, 0x0018($sp)           
/* 01734 80B5CA14 3C0880B6 */  lui     $t0, %hi(func_80B5CA30)    ## $t0 = 80B60000
/* 01738 80B5CA18 2508CA30 */  addiu   $t0, $t0, %lo(func_80B5CA30) ## $t0 = 80B5CA30
/* 0173C 80B5CA1C AC880144 */  sw      $t0, 0x0144($a0)           ## 00000144
/* 01740 80B5CA20 8FBF0014 */  lw      $ra, 0x0014($sp)           
/* 01744 80B5CA24 27BD0018 */  addiu   $sp, $sp, 0x0018           ## $sp = 00000000
/* 01748 80B5CA28 03E00008 */  jr      $ra                        
/* 0174C 80B5CA2C 00000000 */  nop


glabel func_80B5CA30
/* 01750 80B5CA30 27BDFFD8 */  addiu   $sp, $sp, 0xFFD8           ## $sp = FFFFFFD8
/* 01754 80B5CA34 AFB00020 */  sw      $s0, 0x0020($sp)           
/* 01758 80B5CA38 00808025 */  or      $s0, $a0, $zero            ## $s0 = 00000000
/* 0175C 80B5CA3C AFBF0024 */  sw      $ra, 0x0024($sp)           
/* 01760 80B5CA40 AFA5002C */  sw      $a1, 0x002C($sp)           
/* 01764 80B5CA44 3C0180B6 */  lui     $at, %hi(D_80B5E450)       ## $at = 80B60000
/* 01768 80B5CA48 C424E450 */  lwc1    $f4, %lo(D_80B5E450)($at)  
/* 0176C 80B5CA4C 3C053C54 */  lui     $a1, 0x3C54                ## $a1 = 3C540000
/* 01770 80B5CA50 3C063F33 */  lui     $a2, 0x3F33                ## $a2 = 3F330000
/* 01774 80B5CA54 3C0738D1 */  lui     $a3, 0x38D1                ## $a3 = 38D10000
/* 01778 80B5CA58 34E7B717 */  ori     $a3, $a3, 0xB717           ## $a3 = 38D1B717
/* 0177C 80B5CA5C 34C63333 */  ori     $a2, $a2, 0x3333           ## $a2 = 3F333333
/* 01780 80B5CA60 34A5FDF3 */  ori     $a1, $a1, 0xFDF3           ## $a1 = 3C54FDF3
/* 01784 80B5CA64 26040058 */  addiu   $a0, $s0, 0x0058           ## $a0 = 00000058
/* 01788 80B5CA68 0C03FF36 */  jal     func_800FFCD8              
/* 0178C 80B5CA6C E7A40010 */  swc1    $f4, 0x0010($sp)           
/* 01790 80B5CA70 02002025 */  or      $a0, $s0, $zero            ## $a0 = 00000000
/* 01794 80B5CA74 0C02D9F8 */  jal     func_800B67E0              
/* 01798 80B5CA78 8E050058 */  lw      $a1, 0x0058($s0)           ## 00000058
/* 0179C 80B5CA7C 3C0180B6 */  lui     $at, %hi(D_80B5E454)       ## $at = 80B60000
/* 017A0 80B5CA80 C426E454 */  lwc1    $f6, %lo(D_80B5E454)($at)  
/* 017A4 80B5CA84 C6080058 */  lwc1    $f8, 0x0058($s0)           ## 00000058
/* 017A8 80B5CA88 46083032 */  c.eq.s  $f6, $f8                   
/* 017AC 80B5CA8C 00000000 */  nop
/* 017B0 80B5CA90 4502000B */  bc1fl   .L80B5CAC0                 
/* 017B4 80B5CA94 8FBF0024 */  lw      $ra, 0x0024($sp)           
/* 017B8 80B5CA98 8E020360 */  lw      $v0, 0x0360($s0)           ## 00000360
/* 017BC 80B5CA9C 02002025 */  or      $a0, $s0, $zero            ## $a0 = 00000000
/* 017C0 80B5CAA0 944E032C */  lhu     $t6, 0x032C($v0)           ## 0000032C
/* 017C4 80B5CAA4 35CF1000 */  ori     $t7, $t6, 0x1000           ## $t7 = 00001000
/* 017C8 80B5CAA8 A44F032C */  sh      $t7, 0x032C($v0)           ## 0000032C
/* 017CC 80B5CAAC 8E180360 */  lw      $t8, 0x0360($s0)           ## 00000360
/* 017D0 80B5CAB0 AF100360 */  sw      $s0, 0x0360($t8)           ## 00000360
/* 017D4 80B5CAB4 0C2D726A */  jal     func_80B5C9A8              
/* 017D8 80B5CAB8 8FA5002C */  lw      $a1, 0x002C($sp)           
/* 017DC 80B5CABC 8FBF0024 */  lw      $ra, 0x0024($sp)           
.L80B5CAC0:
/* 017E0 80B5CAC0 8FB00020 */  lw      $s0, 0x0020($sp)           
/* 017E4 80B5CAC4 27BD0028 */  addiu   $sp, $sp, 0x0028           ## $sp = 00000000
/* 017E8 80B5CAC8 03E00008 */  jr      $ra                        
/* 017EC 80B5CACC 00000000 */  nop


glabel func_80B5CAD0
/* 017F0 80B5CAD0 27BDFFE8 */  addiu   $sp, $sp, 0xFFE8           ## $sp = FFFFFFE8
/* 017F4 80B5CAD4 AFBF0014 */  sw      $ra, 0x0014($sp)           
/* 017F8 80B5CAD8 AFA5001C */  sw      $a1, 0x001C($sp)           
/* 017FC 80B5CADC 24850356 */  addiu   $a1, $a0, 0x0356           ## $a1 = 00000356
/* 01800 80B5CAE0 24060002 */  addiu   $a2, $zero, 0x0002         ## $a2 = 00000002
/* 01804 80B5CAE4 0C04F8EE */  jal     func_8013E3B8              
/* 01808 80B5CAE8 AFA40018 */  sw      $a0, 0x0018($sp)           
/* 0180C 80B5CAEC 8FA40018 */  lw      $a0, 0x0018($sp)           
/* 01810 80B5CAF0 3C0E80B6 */  lui     $t6, %hi(func_80B5CB0C)    ## $t6 = 80B60000
/* 01814 80B5CAF4 25CECB0C */  addiu   $t6, $t6, %lo(func_80B5CB0C) ## $t6 = 80B5CB0C
/* 01818 80B5CAF8 AC8E0144 */  sw      $t6, 0x0144($a0)           ## 00000144
/* 0181C 80B5CAFC 8FBF0014 */  lw      $ra, 0x0014($sp)           
/* 01820 80B5CB00 27BD0018 */  addiu   $sp, $sp, 0x0018           ## $sp = 00000000
/* 01824 80B5CB04 03E00008 */  jr      $ra                        
/* 01828 80B5CB08 00000000 */  nop


glabel func_80B5CB0C
/* 0182C 80B5CB0C 27BDFFD8 */  addiu   $sp, $sp, 0xFFD8           ## $sp = FFFFFFD8
/* 01830 80B5CB10 AFB00020 */  sw      $s0, 0x0020($sp)           
/* 01834 80B5CB14 00808025 */  or      $s0, $a0, $zero            ## $s0 = 00000000
/* 01838 80B5CB18 AFBF0024 */  sw      $ra, 0x0024($sp)           
/* 0183C 80B5CB1C AFA5002C */  sw      $a1, 0x002C($sp)           
/* 01840 80B5CB20 3C0180B6 */  lui     $at, %hi(D_80B5E458)       ## $at = 80B60000
/* 01844 80B5CB24 C424E458 */  lwc1    $f4, %lo(D_80B5E458)($at)  
/* 01848 80B5CB28 3C053C54 */  lui     $a1, 0x3C54                ## $a1 = 3C540000
/* 0184C 80B5CB2C 3C063F33 */  lui     $a2, 0x3F33                ## $a2 = 3F330000
/* 01850 80B5CB30 3C0738D1 */  lui     $a3, 0x38D1                ## $a3 = 38D10000
/* 01854 80B5CB34 34E7B717 */  ori     $a3, $a3, 0xB717           ## $a3 = 38D1B717
/* 01858 80B5CB38 34C63333 */  ori     $a2, $a2, 0x3333           ## $a2 = 3F333333
/* 0185C 80B5CB3C 34A5FDF3 */  ori     $a1, $a1, 0xFDF3           ## $a1 = 3C54FDF3
/* 01860 80B5CB40 26040058 */  addiu   $a0, $s0, 0x0058           ## $a0 = 00000058
/* 01864 80B5CB44 0C03FF36 */  jal     func_800FFCD8              
/* 01868 80B5CB48 E7A40010 */  swc1    $f4, 0x0010($sp)           
/* 0186C 80B5CB4C 02002025 */  or      $a0, $s0, $zero            ## $a0 = 00000000
/* 01870 80B5CB50 0C02D9F8 */  jal     func_800B67E0              
/* 01874 80B5CB54 8E050058 */  lw      $a1, 0x0058($s0)           ## 00000058
/* 01878 80B5CB58 3C0180B6 */  lui     $at, %hi(D_80B5E45C)       ## $at = 80B60000
/* 0187C 80B5CB5C C426E45C */  lwc1    $f6, %lo(D_80B5E45C)($at)  
/* 01880 80B5CB60 C6080058 */  lwc1    $f8, 0x0058($s0)           ## 00000058
/* 01884 80B5CB64 46083032 */  c.eq.s  $f6, $f8                   
/* 01888 80B5CB68 00000000 */  nop
/* 0188C 80B5CB6C 45020008 */  bc1fl   .L80B5CB90                 
/* 01890 80B5CB70 8FBF0024 */  lw      $ra, 0x0024($sp)           
/* 01894 80B5CB74 960E032C */  lhu     $t6, 0x032C($s0)           ## 0000032C
/* 01898 80B5CB78 02002025 */  or      $a0, $s0, $zero            ## $a0 = 00000000
/* 0189C 80B5CB7C 35CF0800 */  ori     $t7, $t6, 0x0800           ## $t7 = 00000800
/* 018A0 80B5CB80 A60F032C */  sh      $t7, 0x032C($s0)           ## 0000032C
/* 018A4 80B5CB84 0C2D739B */  jal     func_80B5CE6C              
/* 018A8 80B5CB88 8FA5002C */  lw      $a1, 0x002C($sp)           
/* 018AC 80B5CB8C 8FBF0024 */  lw      $ra, 0x0024($sp)           
.L80B5CB90:
/* 018B0 80B5CB90 8FB00020 */  lw      $s0, 0x0020($sp)           
/* 018B4 80B5CB94 27BD0028 */  addiu   $sp, $sp, 0x0028           ## $sp = 00000000
/* 018B8 80B5CB98 03E00008 */  jr      $ra                        
/* 018BC 80B5CB9C 00000000 */  nop


glabel func_80B5CBA0
/* 018C0 80B5CBA0 27BDFFE0 */  addiu   $sp, $sp, 0xFFE0           ## $sp = FFFFFFE0
/* 018C4 80B5CBA4 AFBF001C */  sw      $ra, 0x001C($sp)           
/* 018C8 80B5CBA8 8C8E0004 */  lw      $t6, 0x0004($a0)           ## 00000004
/* 018CC 80B5CBAC 3C010001 */  lui     $at, 0x0001                ## $at = 00010000
/* 018D0 80B5CBB0 8C860098 */  lw      $a2, 0x0098($a0)           ## 00000098
/* 018D4 80B5CBB4 01C17825 */  or      $t7, $t6, $at              ## $t7 = 00010000
/* 018D8 80B5CBB8 AC8F0004 */  sw      $t7, 0x0004($a0)           ## 00000004
/* 018DC 80B5CBBC 8C87009C */  lw      $a3, 0x009C($a0)           ## 0000009C
/* 018E0 80B5CBC0 AFA40020 */  sw      $a0, 0x0020($sp)           
/* 018E4 80B5CBC4 0C02E140 */  jal     func_800B8500              
/* 018E8 80B5CBC8 AFA00010 */  sw      $zero, 0x0010($sp)         
/* 018EC 80B5CBCC 8FA40020 */  lw      $a0, 0x0020($sp)           
/* 018F0 80B5CBD0 3C1880B6 */  lui     $t8, %hi(func_80B5CBEC)    ## $t8 = 80B60000
/* 018F4 80B5CBD4 2718CBEC */  addiu   $t8, $t8, %lo(func_80B5CBEC) ## $t8 = 80B5CBEC
/* 018F8 80B5CBD8 AC980144 */  sw      $t8, 0x0144($a0)           ## 00000144
/* 018FC 80B5CBDC 8FBF001C */  lw      $ra, 0x001C($sp)           
/* 01900 80B5CBE0 27BD0020 */  addiu   $sp, $sp, 0x0020           ## $sp = 00000000
/* 01904 80B5CBE4 03E00008 */  jr      $ra                        
/* 01908 80B5CBE8 00000000 */  nop


glabel func_80B5CBEC
/* 0190C 80B5CBEC 27BDFFD8 */  addiu   $sp, $sp, 0xFFD8           ## $sp = FFFFFFD8
/* 01910 80B5CBF0 AFB00020 */  sw      $s0, 0x0020($sp)           
/* 01914 80B5CBF4 00808025 */  or      $s0, $a0, $zero            ## $s0 = 00000000
/* 01918 80B5CBF8 AFBF0024 */  sw      $ra, 0x0024($sp)           
/* 0191C 80B5CBFC AFA5002C */  sw      $a1, 0x002C($sp)           
/* 01920 80B5CC00 02002025 */  or      $a0, $s0, $zero            ## $a0 = 00000000
/* 01924 80B5CC04 0C02E134 */  jal     func_800B84D0              
/* 01928 80B5CC08 8FA5002C */  lw      $a1, 0x002C($sp)           
/* 0192C 80B5CC0C 1040000B */  beq     $v0, $zero, .L80B5CC3C     
/* 01930 80B5CC10 260400BE */  addiu   $a0, $s0, 0x00BE           ## $a0 = 000000BE
/* 01934 80B5CC14 8E0E0004 */  lw      $t6, 0x0004($s0)           ## 00000004
/* 01938 80B5CC18 3C01FFFE */  lui     $at, 0xFFFE                ## $at = FFFE0000
/* 0193C 80B5CC1C 3421FFFF */  ori     $at, $at, 0xFFFF           ## $at = FFFEFFFF
/* 01940 80B5CC20 01C17824 */  and     $t7, $t6, $at              
/* 01944 80B5CC24 AE0F0004 */  sw      $t7, 0x0004($s0)           ## 00000004
/* 01948 80B5CC28 8FA5002C */  lw      $a1, 0x002C($sp)           
/* 0194C 80B5CC2C 0C2D7322 */  jal     func_80B5CC88              
/* 01950 80B5CC30 02002025 */  or      $a0, $s0, $zero            ## $a0 = 00000000
/* 01954 80B5CC34 10000010 */  beq     $zero, $zero, .L80B5CC78   
/* 01958 80B5CC38 8FBF0024 */  lw      $ra, 0x0024($sp)           
.L80B5CC3C:
/* 0195C 80B5CC3C 86050092 */  lh      $a1, 0x0092($s0)           ## 00000092
/* 01960 80B5CC40 2418038E */  addiu   $t8, $zero, 0x038E         ## $t8 = 0000038E
/* 01964 80B5CC44 AFB80010 */  sw      $t8, 0x0010($sp)           
/* 01968 80B5CC48 24060003 */  addiu   $a2, $zero, 0x0003         ## $a2 = 00000003
/* 0196C 80B5CC4C 0C03FFAF */  jal     func_800FFEBC              
/* 01970 80B5CC50 24070E38 */  addiu   $a3, $zero, 0x0E38         ## $a3 = 00000E38
/* 01974 80B5CC54 861900BE */  lh      $t9, 0x00BE($s0)           ## 000000BE
/* 01978 80B5CC58 8E060098 */  lw      $a2, 0x0098($s0)           ## 00000098
/* 0197C 80B5CC5C 8E07009C */  lw      $a3, 0x009C($s0)           ## 0000009C
/* 01980 80B5CC60 A6190032 */  sh      $t9, 0x0032($s0)           ## 00000032
/* 01984 80B5CC64 AFA00010 */  sw      $zero, 0x0010($sp)         
/* 01988 80B5CC68 8FA5002C */  lw      $a1, 0x002C($sp)           
/* 0198C 80B5CC6C 0C02E140 */  jal     func_800B8500              
/* 01990 80B5CC70 02002025 */  or      $a0, $s0, $zero            ## $a0 = 00000000
/* 01994 80B5CC74 8FBF0024 */  lw      $ra, 0x0024($sp)           
.L80B5CC78:
/* 01998 80B5CC78 8FB00020 */  lw      $s0, 0x0020($sp)           
/* 0199C 80B5CC7C 27BD0028 */  addiu   $sp, $sp, 0x0028           ## $sp = 00000000
/* 019A0 80B5CC80 03E00008 */  jr      $ra                        
/* 019A4 80B5CC84 00000000 */  nop


glabel func_80B5CC88
/* 019A8 80B5CC88 AFA50004 */  sw      $a1, 0x0004($sp)           
/* 019AC 80B5CC8C 3C0E80B6 */  lui     $t6, %hi(func_80B5CCA0)    ## $t6 = 80B60000
/* 019B0 80B5CC90 25CECCA0 */  addiu   $t6, $t6, %lo(func_80B5CCA0) ## $t6 = 80B5CCA0
/* 019B4 80B5CC94 AC8E0144 */  sw      $t6, 0x0144($a0)           ## 00000144
/* 019B8 80B5CC98 03E00008 */  jr      $ra                        
/* 019BC 80B5CC9C 00000000 */  nop


glabel func_80B5CCA0
/* 019C0 80B5CCA0 27BDFFE8 */  addiu   $sp, $sp, 0xFFE8           ## $sp = FFFFFFE8
/* 019C4 80B5CCA4 AFBF0014 */  sw      $ra, 0x0014($sp)           
/* 019C8 80B5CCA8 AFA5001C */  sw      $a1, 0x001C($sp)           
/* 019CC 80B5CCAC 84850356 */  lh      $a1, 0x0356($a0)           ## 00000356
/* 019D0 80B5CCB0 AFA40018 */  sw      $a0, 0x0018($sp)           
/* 019D4 80B5CCB4 2406007C */  addiu   $a2, $zero, 0x007C         ## $a2 = 0000007C
/* 019D8 80B5CCB8 0C04F8B5 */  jal     func_8013E2D4              
/* 019DC 80B5CCBC 24070001 */  addiu   $a3, $zero, 0x0001         ## $a3 = 00000001
/* 019E0 80B5CCC0 8FA40018 */  lw      $a0, 0x0018($sp)           
/* 019E4 80B5CCC4 10400007 */  beq     $v0, $zero, .L80B5CCE4     
/* 019E8 80B5CCC8 8FA5001C */  lw      $a1, 0x001C($sp)           
/* 019EC 80B5CCCC 8CA21CCC */  lw      $v0, 0x1CCC($a1)           ## 00001CCC
/* 019F0 80B5CCD0 3C012000 */  lui     $at, 0x2000                ## $at = 20000000
/* 019F4 80B5CCD4 8C4E0A70 */  lw      $t6, 0x0A70($v0)           ## 00000A70
/* 019F8 80B5CCD8 01C17825 */  or      $t7, $t6, $at              ## $t7 = 20000000
/* 019FC 80B5CCDC 0C2D733D */  jal     func_80B5CCF4              
/* 01A00 80B5CCE0 AC4F0A70 */  sw      $t7, 0x0A70($v0)           ## 00000A70
.L80B5CCE4:
/* 01A04 80B5CCE4 8FBF0014 */  lw      $ra, 0x0014($sp)           
/* 01A08 80B5CCE8 27BD0018 */  addiu   $sp, $sp, 0x0018           ## $sp = 00000000
/* 01A0C 80B5CCEC 03E00008 */  jr      $ra                        
/* 01A10 80B5CCF0 00000000 */  nop


glabel func_80B5CCF4
/* 01A14 80B5CCF4 27BDFFE8 */  addiu   $sp, $sp, 0xFFE8           ## $sp = FFFFFFE8
/* 01A18 80B5CCF8 AFBF0014 */  sw      $ra, 0x0014($sp)           
/* 01A1C 80B5CCFC AFA40018 */  sw      $a0, 0x0018($sp)           
/* 01A20 80B5CD00 AFA5001C */  sw      $a1, 0x001C($sp)           
/* 01A24 80B5CD04 8FAE0018 */  lw      $t6, 0x0018($sp)           
/* 01A28 80B5CD08 3C0580B6 */  lui     $a1, %hi(D_80B5E3CC)       ## $a1 = 80B60000
/* 01A2C 80B5CD0C 24A5E3CC */  addiu   $a1, $a1, %lo(D_80B5E3CC)  ## $a1 = 80B5E3CC
/* 01A30 80B5CD10 00003025 */  or      $a2, $zero, $zero          ## $a2 = 00000000
/* 01A34 80B5CD14 25C40148 */  addiu   $a0, $t6, 0x0148           ## $a0 = 00000148
/* 01A38 80B5CD18 0C04F872 */  jal     func_8013E1C8              
/* 01A3C 80B5CD1C 25C702BC */  addiu   $a3, $t6, 0x02BC           ## $a3 = 000002BC
/* 01A40 80B5CD20 8FB80018 */  lw      $t8, 0x0018($sp)           
/* 01A44 80B5CD24 3C0F80B6 */  lui     $t7, %hi(func_80B5CD40)    ## $t7 = 80B60000
/* 01A48 80B5CD28 25EFCD40 */  addiu   $t7, $t7, %lo(func_80B5CD40) ## $t7 = 80B5CD40
/* 01A4C 80B5CD2C AF0F0144 */  sw      $t7, 0x0144($t8)           ## 00000144
/* 01A50 80B5CD30 8FBF0014 */  lw      $ra, 0x0014($sp)           
/* 01A54 80B5CD34 27BD0018 */  addiu   $sp, $sp, 0x0018           ## $sp = 00000000
/* 01A58 80B5CD38 03E00008 */  jr      $ra                        
/* 01A5C 80B5CD3C 00000000 */  nop


glabel func_80B5CD40
/* 01A60 80B5CD40 27BDFFD0 */  addiu   $sp, $sp, 0xFFD0           ## $sp = FFFFFFD0
/* 01A64 80B5CD44 AFB10020 */  sw      $s1, 0x0020($sp)           
/* 01A68 80B5CD48 AFB0001C */  sw      $s0, 0x001C($sp)           
/* 01A6C 80B5CD4C 00808025 */  or      $s0, $a0, $zero            ## $s0 = 00000000
/* 01A70 80B5CD50 00A08825 */  or      $s1, $a1, $zero            ## $s1 = 00000000
/* 01A74 80B5CD54 AFBF0024 */  sw      $ra, 0x0024($sp)           
/* 01A78 80B5CD58 8E2E1CCC */  lw      $t6, 0x1CCC($s1)           ## 00001CCC
/* 01A7C 80B5CD5C 26244908 */  addiu   $a0, $s1, 0x4908           ## $a0 = 00004908
/* 01A80 80B5CD60 0C054926 */  jal     func_80152498              
/* 01A84 80B5CD64 AFAE002C */  sw      $t6, 0x002C($sp)           
/* 01A88 80B5CD68 2C410007 */  sltiu   $at, $v0, 0x0007           
/* 01A8C 80B5CD6C 1020003A */  beq     $at, $zero, .L80B5CE58     
/* 01A90 80B5CD70 00027880 */  sll     $t7, $v0,  2               
/* 01A94 80B5CD74 3C0180B6 */  lui     $at, %hi(D_80B5E460)       ## $at = 80B60000
/* 01A98 80B5CD78 002F0821 */  addu    $at, $at, $t7              
/* 01A9C 80B5CD7C 8C2FE460 */  lw      $t7, %lo(D_80B5E460)($at)  
/* 01AA0 80B5CD80 01E00008 */  jr      $t7                        
/* 01AA4 80B5CD84 00000000 */  nop
.L80B5CD88:
/* 01AA8 80B5CD88 86380810 */  lh      $t8, 0x0810($s1)           ## 00000810
/* 01AAC 80B5CD8C 0018C880 */  sll     $t9, $t8,  2               
/* 01AB0 80B5CD90 02394021 */  addu    $t0, $s1, $t9              
/* 01AB4 80B5CD94 0C037F37 */  jal     func_800DFCDC              
/* 01AB8 80B5CD98 8D040800 */  lw      $a0, 0x0800($t0)           ## 00000800
/* 01ABC 80B5CD9C 34018000 */  ori     $at, $zero, 0x8000         ## $at = 00008000
/* 01AC0 80B5CDA0 00412821 */  addu    $a1, $v0, $at              
/* 01AC4 80B5CDA4 00052C00 */  sll     $a1, $a1, 16               
/* 01AC8 80B5CDA8 2409038E */  addiu   $t1, $zero, 0x038E         ## $t1 = 0000038E
/* 01ACC 80B5CDAC AFA90010 */  sw      $t1, 0x0010($sp)           
/* 01AD0 80B5CDB0 00052C03 */  sra     $a1, $a1, 16               
/* 01AD4 80B5CDB4 260400BE */  addiu   $a0, $s0, 0x00BE           ## $a0 = 000000BE
/* 01AD8 80B5CDB8 24060003 */  addiu   $a2, $zero, 0x0003         ## $a2 = 00000003
/* 01ADC 80B5CDBC 0C03FFAF */  jal     func_800FFEBC              
/* 01AE0 80B5CDC0 24070E38 */  addiu   $a3, $zero, 0x0E38         ## $a3 = 00000E38
/* 01AE4 80B5CDC4 860A00BE */  lh      $t2, 0x00BE($s0)           ## 000000BE
/* 01AE8 80B5CDC8 02202025 */  or      $a0, $s1, $zero            ## $a0 = 00000000
/* 01AEC 80B5CDCC 14400022 */  bne     $v0, $zero, .L80B5CE58     
/* 01AF0 80B5CDD0 A60A0032 */  sh      $t2, 0x0032($s0)           ## 00000032
/* 01AF4 80B5CDD4 3C02801F */  lui     $v0, 0x801F                ## $v0 = 801F0000
/* 01AF8 80B5CDD8 2442F670 */  addiu   $v0, $v0, 0xF670           ## $v0 = 801EF670
/* 01AFC 80B5CDDC 904B0F0F */  lbu     $t3, 0x0F0F($v0)           ## 801F057F
/* 01B00 80B5CDE0 24051069 */  addiu   $a1, $zero, 0x1069         ## $a1 = 00001069
/* 01B04 80B5CDE4 00003025 */  or      $a2, $zero, $zero          ## $a2 = 00000000
/* 01B08 80B5CDE8 356C0010 */  ori     $t4, $t3, 0x0010           ## $t4 = 00000010
/* 01B0C 80B5CDEC 0C05462C */  jal     func_801518B0              
/* 01B10 80B5CDF0 A04C0F0F */  sb      $t4, 0x0F0F($v0)           ## 801F057F
/* 01B14 80B5CDF4 10000019 */  beq     $zero, $zero, .L80B5CE5C   
/* 01B18 80B5CDF8 8FBF0024 */  lw      $ra, 0x0024($sp)           
.L80B5CDFC:
/* 01B1C 80B5CDFC 0C051D89 */  jal     func_80147624              
/* 01B20 80B5CE00 02202025 */  or      $a0, $s1, $zero            ## $a0 = 00000000
/* 01B24 80B5CE04 10400014 */  beq     $v0, $zero, .L80B5CE58     
/* 01B28 80B5CE08 3C0D0001 */  lui     $t5, 0x0001                ## $t5 = 00010000
/* 01B2C 80B5CE0C 01B16821 */  addu    $t5, $t5, $s1              
/* 01B30 80B5CE10 95AD680C */  lhu     $t5, 0x680C($t5)           ## 0001680C
/* 01B34 80B5CE14 24011069 */  addiu   $at, $zero, 0x1069         ## $at = 00001069
/* 01B38 80B5CE18 55A10010 */  bnel    $t5, $at, .L80B5CE5C       
/* 01B3C 80B5CE1C 8FBF0024 */  lw      $ra, 0x0024($sp)           
/* 01B40 80B5CE20 960E032C */  lhu     $t6, 0x032C($s0)           ## 0000032C
/* 01B44 80B5CE24 86040356 */  lh      $a0, 0x0356($s0)           ## 00000356
/* 01B48 80B5CE28 35CF0004 */  ori     $t7, $t6, 0x0004           ## $t7 = 00000004
/* 01B4C 80B5CE2C 0C03C7EF */  jal     func_800F1FBC              
/* 01B50 80B5CE30 A60F032C */  sh      $t7, 0x032C($s0)           ## 0000032C
/* 01B54 80B5CE34 8FA3002C */  lw      $v1, 0x002C($sp)           
/* 01B58 80B5CE38 3C01DFFF */  lui     $at, 0xDFFF                ## $at = DFFF0000
/* 01B5C 80B5CE3C 3421FFFF */  ori     $at, $at, 0xFFFF           ## $at = DFFFFFFF
/* 01B60 80B5CE40 8C780A70 */  lw      $t8, 0x0A70($v1)           ## 00000A70
/* 01B64 80B5CE44 02002025 */  or      $a0, $s0, $zero            ## $a0 = 00000000
/* 01B68 80B5CE48 02202825 */  or      $a1, $s1, $zero            ## $a1 = 00000000
/* 01B6C 80B5CE4C 0301C824 */  and     $t9, $t8, $at              
/* 01B70 80B5CE50 0C2D739B */  jal     func_80B5CE6C              
/* 01B74 80B5CE54 AC790A70 */  sw      $t9, 0x0A70($v1)           ## 00000A70
.L80B5CE58:
/* 01B78 80B5CE58 8FBF0024 */  lw      $ra, 0x0024($sp)           
.L80B5CE5C:
/* 01B7C 80B5CE5C 8FB0001C */  lw      $s0, 0x001C($sp)           
/* 01B80 80B5CE60 8FB10020 */  lw      $s1, 0x0020($sp)           
/* 01B84 80B5CE64 03E00008 */  jr      $ra                        
/* 01B88 80B5CE68 27BD0030 */  addiu   $sp, $sp, 0x0030           ## $sp = 00000000


glabel func_80B5CE6C
/* 01B8C 80B5CE6C 27BDFFE0 */  addiu   $sp, $sp, 0xFFE0           ## $sp = FFFFFFE0
/* 01B90 80B5CE70 AFB00018 */  sw      $s0, 0x0018($sp)           
/* 01B94 80B5CE74 00808025 */  or      $s0, $a0, $zero            ## $s0 = 00000000
/* 01B98 80B5CE78 AFBF001C */  sw      $ra, 0x001C($sp)           
/* 01B9C 80B5CE7C AFA50024 */  sw      $a1, 0x0024($sp)           
/* 01BA0 80B5CE80 960E032C */  lhu     $t6, 0x032C($s0)           ## 0000032C
/* 01BA4 80B5CE84 3C0580B6 */  lui     $a1, %hi(D_80B5E3CC)       ## $a1 = 80B60000
/* 01BA8 80B5CE88 A2000384 */  sb      $zero, 0x0384($s0)         ## 00000384
/* 01BAC 80B5CE8C 35CF0020 */  ori     $t7, $t6, 0x0020           ## $t7 = 00000020
/* 01BB0 80B5CE90 A60F032C */  sh      $t7, 0x032C($s0)           ## 0000032C
/* 01BB4 80B5CE94 24A5E3CC */  addiu   $a1, $a1, %lo(D_80B5E3CC)  ## $a1 = 80B5E3CC
/* 01BB8 80B5CE98 26040148 */  addiu   $a0, $s0, 0x0148           ## $a0 = 00000148
/* 01BBC 80B5CE9C 00003025 */  or      $a2, $zero, $zero          ## $a2 = 00000000
/* 01BC0 80B5CEA0 0C04F872 */  jal     func_8013E1C8              
/* 01BC4 80B5CEA4 260702BC */  addiu   $a3, $s0, 0x02BC           ## $a3 = 000002BC
/* 01BC8 80B5CEA8 3C1880B6 */  lui     $t8, %hi(func_80B5CEC8)    ## $t8 = 80B60000
/* 01BCC 80B5CEAC 2718CEC8 */  addiu   $t8, $t8, %lo(func_80B5CEC8) ## $t8 = 80B5CEC8
/* 01BD0 80B5CEB0 AE180144 */  sw      $t8, 0x0144($s0)           ## 00000144
/* 01BD4 80B5CEB4 8FBF001C */  lw      $ra, 0x001C($sp)           
/* 01BD8 80B5CEB8 8FB00018 */  lw      $s0, 0x0018($sp)           
/* 01BDC 80B5CEBC 27BD0020 */  addiu   $sp, $sp, 0x0020           ## $sp = 00000000
/* 01BE0 80B5CEC0 03E00008 */  jr      $ra                        
/* 01BE4 80B5CEC4 00000000 */  nop


glabel func_80B5CEC8
/* 01BE8 80B5CEC8 27BDFFC0 */  addiu   $sp, $sp, 0xFFC0           ## $sp = FFFFFFC0
/* 01BEC 80B5CECC AFB00020 */  sw      $s0, 0x0020($sp)           
/* 01BF0 80B5CED0 00808025 */  or      $s0, $a0, $zero            ## $s0 = 00000000
/* 01BF4 80B5CED4 AFBF0024 */  sw      $ra, 0x0024($sp)           
/* 01BF8 80B5CED8 8CAE1CCC */  lw      $t6, 0x1CCC($a1)           ## 00001CCC
/* 01BFC 80B5CEDC 02002025 */  or      $a0, $s0, $zero            ## $a0 = 00000000
/* 01C00 80B5CEE0 AFAE003C */  sw      $t6, 0x003C($sp)           
/* 01C04 80B5CEE4 A6000116 */  sh      $zero, 0x0116($s0)         ## 00000116
/* 01C08 80B5CEE8 0C02E134 */  jal     func_800B84D0              
/* 01C0C 80B5CEEC AFA50044 */  sw      $a1, 0x0044($sp)           
/* 01C10 80B5CEF0 10400006 */  beq     $v0, $zero, .L80B5CF0C     
/* 01C14 80B5CEF4 260400BE */  addiu   $a0, $s0, 0x00BE           ## $a0 = 000000BE
/* 01C18 80B5CEF8 02002025 */  or      $a0, $s0, $zero            ## $a0 = 00000000
/* 01C1C 80B5CEFC 0C2D7445 */  jal     func_80B5D114              
/* 01C20 80B5CF00 8FA50044 */  lw      $a1, 0x0044($sp)           
/* 01C24 80B5CF04 1000007F */  beq     $zero, $zero, .L80B5D104   
/* 01C28 80B5CF08 8FBF0024 */  lw      $ra, 0x0024($sp)           
.L80B5CF0C:
/* 01C2C 80B5CF0C 86050092 */  lh      $a1, 0x0092($s0)           ## 00000092
/* 01C30 80B5CF10 240F038E */  addiu   $t7, $zero, 0x038E         ## $t7 = 0000038E
/* 01C34 80B5CF14 AFAF0010 */  sw      $t7, 0x0010($sp)           
/* 01C38 80B5CF18 24060003 */  addiu   $a2, $zero, 0x0003         ## $a2 = 00000003
/* 01C3C 80B5CF1C 0C03FFAF */  jal     func_800FFEBC              
/* 01C40 80B5CF20 24070E38 */  addiu   $a3, $zero, 0x0E38         ## $a3 = 00000E38
/* 01C44 80B5CF24 9618032C */  lhu     $t8, 0x032C($s0)           ## 0000032C
/* 01C48 80B5CF28 3C010001 */  lui     $at, 0x0001                ## $at = 00010000
/* 01C4C 80B5CF2C 02002025 */  or      $a0, $s0, $zero            ## $a0 = 00000000
/* 01C50 80B5CF30 33190800 */  andi    $t9, $t8, 0x0800           ## $t9 = 00000000
/* 01C54 80B5CF34 5320000C */  beql    $t9, $zero, .L80B5CF68     
/* 01C58 80B5CF38 8E0A0004 */  lw      $t2, 0x0004($s0)           ## 00000004
/* 01C5C 80B5CF3C 8E080004 */  lw      $t0, 0x0004($s0)           ## 00000004
/* 01C60 80B5CF40 8E060098 */  lw      $a2, 0x0098($s0)           ## 00000098
/* 01C64 80B5CF44 8E07009C */  lw      $a3, 0x009C($s0)           ## 0000009C
/* 01C68 80B5CF48 01014825 */  or      $t1, $t0, $at              ## $t1 = 00010000
/* 01C6C 80B5CF4C AE090004 */  sw      $t1, 0x0004($s0)           ## 00000004
/* 01C70 80B5CF50 AFA00010 */  sw      $zero, 0x0010($sp)         
/* 01C74 80B5CF54 0C02E140 */  jal     func_800B8500              
/* 01C78 80B5CF58 8FA50044 */  lw      $a1, 0x0044($sp)           
/* 01C7C 80B5CF5C 10000019 */  beq     $zero, $zero, .L80B5CFC4   
/* 01C80 80B5CF60 00000000 */  nop
/* 01C84 80B5CF64 8E0A0004 */  lw      $t2, 0x0004($s0)           ## 00000004
.L80B5CF68:
/* 01C88 80B5CF68 3C01FFFE */  lui     $at, 0xFFFE                ## $at = FFFE0000
/* 01C8C 80B5CF6C 3421FFFF */  ori     $at, $at, 0xFFFF           ## $at = FFFEFFFF
/* 01C90 80B5CF70 01415824 */  and     $t3, $t2, $at              
/* 01C94 80B5CF74 AE0B0004 */  sw      $t3, 0x0004($s0)           ## 00000004
/* 01C98 80B5CF78 8FAC003C */  lw      $t4, 0x003C($sp)           
/* 01C9C 80B5CF7C 958D0090 */  lhu     $t5, 0x0090($t4)           ## 00000090
/* 01CA0 80B5CF80 31AE0001 */  andi    $t6, $t5, 0x0001           ## $t6 = 00000000
/* 01CA4 80B5CF84 11C0000F */  beq     $t6, $zero, .L80B5CFC4     
/* 01CA8 80B5CF88 00000000 */  nop
/* 01CAC 80B5CF8C 0C0490AD */  jal     func_801242B4              
/* 01CB0 80B5CF90 01802025 */  or      $a0, $t4, $zero            ## $a0 = 00000000
/* 01CB4 80B5CF94 1440000B */  bne     $v0, $zero, .L80B5CFC4     
/* 01CB8 80B5CF98 3C014302 */  lui     $at, 0x4302                ## $at = 43020000
/* 01CBC 80B5CF9C C6040098 */  lwc1    $f4, 0x0098($s0)           ## 00000098
/* 01CC0 80B5CFA0 44813000 */  mtc1    $at, $f6                   ## $f6 = 130.00
/* 01CC4 80B5CFA4 02002025 */  or      $a0, $s0, $zero            ## $a0 = 00000000
/* 01CC8 80B5CFA8 8FA50044 */  lw      $a1, 0x0044($sp)           
/* 01CCC 80B5CFAC 4606203C */  c.lt.s  $f4, $f6                   
/* 01CD0 80B5CFB0 00000000 */  nop
/* 01CD4 80B5CFB4 45000003 */  bc1f    .L80B5CFC4                 
/* 01CD8 80B5CFB8 00000000 */  nop
/* 01CDC 80B5CFBC 0C02E185 */  jal     func_800B8614              
/* 01CE0 80B5CFC0 3C064302 */  lui     $a2, 0x4302                ## $a2 = 43020000
.L80B5CFC4:
/* 01CE4 80B5CFC4 3C0F801F */  lui     $t7, 0x801F                ## $t7 = 801F0000
/* 01CE8 80B5CFC8 91EF05BC */  lbu     $t7, 0x05BC($t7)           ## 801F05BC
/* 01CEC 80B5CFCC 31F80010 */  andi    $t8, $t7, 0x0010           ## $t8 = 00000000
/* 01CF0 80B5CFD0 57000041 */  bnel    $t8, $zero, .L80B5D0D8     
/* 01CF4 80B5CFD4 9609032C */  lhu     $t1, 0x032C($s0)           ## 0000032C
/* 01CF8 80B5CFD8 8619001C */  lh      $t9, 0x001C($s0)           ## 0000001C
/* 01CFC 80B5CFDC 24010001 */  addiu   $at, $zero, 0x0001         ## $at = 00000001
/* 01D00 80B5CFE0 3C0280B6 */  lui     $v0, %hi(D_80B5E888)       ## $v0 = 80B60000
/* 01D04 80B5CFE4 00194383 */  sra     $t0, $t9, 14               
/* 01D08 80B5CFE8 31090003 */  andi    $t1, $t0, 0x0003           ## $t1 = 00000000
/* 01D0C 80B5CFEC 5521003A */  bnel    $t1, $at, .L80B5D0D8       
/* 01D10 80B5CFF0 9609032C */  lhu     $t1, 0x032C($s0)           ## 0000032C
/* 01D14 80B5CFF4 C6000098 */  lwc1    $f0, 0x0098($s0)           ## 00000098
/* 01D18 80B5CFF8 3C014302 */  lui     $at, 0x4302                ## $at = 43020000
/* 01D1C 80B5CFFC 44811000 */  mtc1    $at, $f2                   ## $f2 = 130.00
/* 01D20 80B5D000 46000005 */  abs.s   $f0, $f0                   
/* 01D24 80B5D004 4602003E */  c.le.s  $f0, $f2                   
/* 01D28 80B5D008 00000000 */  nop
/* 01D2C 80B5D00C 45000009 */  bc1f    .L80B5D034                 
/* 01D30 80B5D010 00000000 */  nop
/* 01D34 80B5D014 C600009C */  lwc1    $f0, 0x009C($s0)           ## 0000009C
/* 01D38 80B5D018 8FAB003C */  lw      $t3, 0x003C($sp)           
/* 01D3C 80B5D01C 46000005 */  abs.s   $f0, $f0                   
/* 01D40 80B5D020 4602003E */  c.le.s  $f0, $f2                   
/* 01D44 80B5D024 00000000 */  nop
/* 01D48 80B5D028 45000002 */  bc1f    .L80B5D034                 
/* 01D4C 80B5D02C 240A001D */  addiu   $t2, $zero, 0x001D         ## $t2 = 0000001D
/* 01D50 80B5D030 A16A0B2B */  sb      $t2, 0x0B2B($t3)           ## 00000B2B
.L80B5D034:
/* 01D54 80B5D034 8C42E888 */  lw      $v0, %lo(D_80B5E888)($v0)  
/* 01D58 80B5D038 50400027 */  beql    $v0, $zero, .L80B5D0D8     
/* 01D5C 80B5D03C 9609032C */  lhu     $t1, 0x032C($s0)           ## 0000032C
/* 01D60 80B5D040 944D032C */  lhu     $t5, 0x032C($v0)           ## 80B6032C
/* 01D64 80B5D044 00002825 */  or      $a1, $zero, $zero          ## $a1 = 00000000
/* 01D68 80B5D048 31AE0001 */  andi    $t6, $t5, 0x0001           ## $t6 = 00000000
/* 01D6C 80B5D04C 51C00022 */  beql    $t6, $zero, .L80B5D0D8     
/* 01D70 80B5D050 9609032C */  lhu     $t1, 0x032C($s0)           ## 0000032C
/* 01D74 80B5D054 AE020360 */  sw      $v0, 0x0360($s0)           ## 00000360
/* 01D78 80B5D058 AC500360 */  sw      $s0, 0x0360($v0)           ## 80B60360
/* 01D7C 80B5D05C 0C06026B */  jal     func_801809AC              
/* 01D80 80B5D060 86040016 */  lh      $a0, 0x0016($s0)           ## 00000016
/* 01D84 80B5D064 3C014448 */  lui     $at, 0x4448                ## $at = 44480000
/* 01D88 80B5D068 44816000 */  mtc1    $at, $f12                  ## $f12 = 800.00
/* 01D8C 80B5D06C 0C060704 */  jal     func_80181C10              
/* 01D90 80B5D070 27A5002C */  addiu   $a1, $sp, 0x002C           ## $a1 = FFFFFFEC
/* 01D94 80B5D074 8E060360 */  lw      $a2, 0x0360($s0)           ## 00000360
/* 01D98 80B5D078 26040024 */  addiu   $a0, $s0, 0x0024           ## $a0 = 00000024
/* 01D9C 80B5D07C 27A5002C */  addiu   $a1, $sp, 0x002C           ## $a1 = FFFFFFEC
/* 01DA0 80B5D080 0C03FD6F */  jal     func_800FF5BC              
/* 01DA4 80B5D084 24C60024 */  addiu   $a2, $a2, 0x0024           ## $a2 = 00000024
/* 01DA8 80B5D088 8E020360 */  lw      $v0, 0x0360($s0)           ## 00000360
/* 01DAC 80B5D08C 24440108 */  addiu   $a0, $v0, 0x0108           ## $a0 = 00000108
/* 01DB0 80B5D090 0C03FD43 */  jal     func_800FF50C              
/* 01DB4 80B5D094 24450024 */  addiu   $a1, $v0, 0x0024           ## $a1 = 00000024
/* 01DB8 80B5D098 960F032C */  lhu     $t7, 0x032C($s0)           ## 0000032C
/* 01DBC 80B5D09C 8E020360 */  lw      $v0, 0x0360($s0)           ## 00000360
/* 01DC0 80B5D0A0 02002025 */  or      $a0, $s0, $zero            ## $a0 = 00000000
/* 01DC4 80B5D0A4 31F8F7FF */  andi    $t8, $t7, 0xF7FF           ## $t8 = 00000000
/* 01DC8 80B5D0A8 A618032C */  sh      $t8, 0x032C($s0)           ## 0000032C
/* 01DCC 80B5D0AC 9459032C */  lhu     $t9, 0x032C($v0)           ## 0000032C
/* 01DD0 80B5D0B0 3328F7FF */  andi    $t0, $t9, 0xF7FF           ## $t0 = 00000000
/* 01DD4 80B5D0B4 A448032C */  sh      $t0, 0x032C($v0)           ## 0000032C
/* 01DD8 80B5D0B8 0C2D6F6A */  jal     func_80B5BDA8              
/* 01DDC 80B5D0BC 8FA50044 */  lw      $a1, 0x0044($sp)           
/* 01DE0 80B5D0C0 8E040360 */  lw      $a0, 0x0360($s0)           ## 00000360
/* 01DE4 80B5D0C4 0C2D6FA2 */  jal     func_80B5BE88              
/* 01DE8 80B5D0C8 8FA50044 */  lw      $a1, 0x0044($sp)           
/* 01DEC 80B5D0CC 1000000D */  beq     $zero, $zero, .L80B5D104   
/* 01DF0 80B5D0D0 8FBF0024 */  lw      $ra, 0x0024($sp)           
/* 01DF4 80B5D0D4 9609032C */  lhu     $t1, 0x032C($s0)           ## 0000032C
.L80B5D0D8:
/* 01DF8 80B5D0D8 312A1000 */  andi    $t2, $t1, 0x1000           ## $t2 = 00000000
/* 01DFC 80B5D0DC 11400008 */  beq     $t2, $zero, .L80B5D100     
/* 01E00 80B5D0E0 240B0001 */  addiu   $t3, $zero, 0x0001         ## $t3 = 00000001
/* 01E04 80B5D0E4 AE0B0388 */  sw      $t3, 0x0388($s0)           ## 00000388
/* 01E08 80B5D0E8 8FA50044 */  lw      $a1, 0x0044($sp)           
/* 01E0C 80B5D0EC 0C2D6F6A */  jal     func_80B5BDA8              
/* 01E10 80B5D0F0 02002025 */  or      $a0, $s0, $zero            ## $a0 = 00000000
/* 01E14 80B5D0F4 8E040360 */  lw      $a0, 0x0360($s0)           ## 00000360
/* 01E18 80B5D0F8 0C2D6FA2 */  jal     func_80B5BE88              
/* 01E1C 80B5D0FC 8FA50044 */  lw      $a1, 0x0044($sp)           
.L80B5D100:
/* 01E20 80B5D100 8FBF0024 */  lw      $ra, 0x0024($sp)           
.L80B5D104:
/* 01E24 80B5D104 8FB00020 */  lw      $s0, 0x0020($sp)           
/* 01E28 80B5D108 27BD0040 */  addiu   $sp, $sp, 0x0040           ## $sp = 00000000
/* 01E2C 80B5D10C 03E00008 */  jr      $ra                        
/* 01E30 80B5D110 00000000 */  nop


glabel func_80B5D114
/* 01E34 80B5D114 27BDFFE8 */  addiu   $sp, $sp, 0xFFE8           ## $sp = FFFFFFE8
/* 01E38 80B5D118 AFBF0014 */  sw      $ra, 0x0014($sp)           
/* 01E3C 80B5D11C AFA40018 */  sw      $a0, 0x0018($sp)           
/* 01E40 80B5D120 AFA5001C */  sw      $a1, 0x001C($sp)           
/* 01E44 80B5D124 8FAE0018 */  lw      $t6, 0x0018($sp)           
/* 01E48 80B5D128 3C0580B6 */  lui     $a1, %hi(D_80B5E3CC)       ## $a1 = 80B60000
/* 01E4C 80B5D12C 24A5E3CC */  addiu   $a1, $a1, %lo(D_80B5E3CC)  ## $a1 = 80B5E3CC
/* 01E50 80B5D130 00003025 */  or      $a2, $zero, $zero          ## $a2 = 00000000
/* 01E54 80B5D134 25C40148 */  addiu   $a0, $t6, 0x0148           ## $a0 = 00000148
/* 01E58 80B5D138 0C04F872 */  jal     func_8013E1C8              
/* 01E5C 80B5D13C 25C702BC */  addiu   $a3, $t6, 0x02BC           ## $a3 = 000002BC
/* 01E60 80B5D140 8FB80018 */  lw      $t8, 0x0018($sp)           
/* 01E64 80B5D144 3C0F80B6 */  lui     $t7, %hi(func_80B5D160)    ## $t7 = 80B60000
/* 01E68 80B5D148 25EFD160 */  addiu   $t7, $t7, %lo(func_80B5D160) ## $t7 = 80B5D160
/* 01E6C 80B5D14C AF0F0144 */  sw      $t7, 0x0144($t8)           ## 00000144
/* 01E70 80B5D150 8FBF0014 */  lw      $ra, 0x0014($sp)           
/* 01E74 80B5D154 27BD0018 */  addiu   $sp, $sp, 0x0018           ## $sp = 00000000
/* 01E78 80B5D158 03E00008 */  jr      $ra                        
/* 01E7C 80B5D15C 00000000 */  nop


glabel func_80B5D160
/* 01E80 80B5D160 27BDFFD8 */  addiu   $sp, $sp, 0xFFD8           ## $sp = FFFFFFD8
/* 01E84 80B5D164 AFB00020 */  sw      $s0, 0x0020($sp)           
/* 01E88 80B5D168 00808025 */  or      $s0, $a0, $zero            ## $s0 = 00000000
/* 01E8C 80B5D16C AFBF0024 */  sw      $ra, 0x0024($sp)           
/* 01E90 80B5D170 AFA5002C */  sw      $a1, 0x002C($sp)           
/* 01E94 80B5D174 8FA4002C */  lw      $a0, 0x002C($sp)           
/* 01E98 80B5D178 0C054926 */  jal     func_80152498              
/* 01E9C 80B5D17C 24844908 */  addiu   $a0, $a0, 0x4908           ## $a0 = 00004908
/* 01EA0 80B5D180 2C410007 */  sltiu   $at, $v0, 0x0007           
/* 01EA4 80B5D184 10200078 */  beq     $at, $zero, .L80B5D368     
/* 01EA8 80B5D188 00027080 */  sll     $t6, $v0,  2               
/* 01EAC 80B5D18C 3C0180B6 */  lui     $at, %hi(D_80B5E47C)       ## $at = 80B60000
/* 01EB0 80B5D190 002E0821 */  addu    $at, $at, $t6              
/* 01EB4 80B5D194 8C2EE47C */  lw      $t6, %lo(D_80B5E47C)($at)  
/* 01EB8 80B5D198 01C00008 */  jr      $t6                        
/* 01EBC 80B5D19C 00000000 */  nop
.L80B5D1A0:
/* 01EC0 80B5D1A0 86050092 */  lh      $a1, 0x0092($s0)           ## 00000092
/* 01EC4 80B5D1A4 240F038E */  addiu   $t7, $zero, 0x038E         ## $t7 = 0000038E
/* 01EC8 80B5D1A8 AFAF0010 */  sw      $t7, 0x0010($sp)           
/* 01ECC 80B5D1AC 260400BE */  addiu   $a0, $s0, 0x00BE           ## $a0 = 000000BE
/* 01ED0 80B5D1B0 24060003 */  addiu   $a2, $zero, 0x0003         ## $a2 = 00000003
/* 01ED4 80B5D1B4 0C03FFAF */  jal     func_800FFEBC              
/* 01ED8 80B5D1B8 24070E38 */  addiu   $a3, $zero, 0x0E38         ## $a3 = 00000E38
/* 01EDC 80B5D1BC 861800BE */  lh      $t8, 0x00BE($s0)           ## 000000BE
/* 01EE0 80B5D1C0 14400069 */  bne     $v0, $zero, .L80B5D368     
/* 01EE4 80B5D1C4 A6180032 */  sh      $t8, 0x0032($s0)           ## 00000032
/* 01EE8 80B5D1C8 92020384 */  lbu     $v0, 0x0384($s0)           ## 00000384
/* 01EEC 80B5D1CC 24010001 */  addiu   $at, $zero, 0x0001         ## $at = 00000001
/* 01EF0 80B5D1D0 50400006 */  beql    $v0, $zero, .L80B5D1EC     
/* 01EF4 80B5D1D4 8E02033C */  lw      $v0, 0x033C($s0)           ## 0000033C
/* 01EF8 80B5D1D8 1041002D */  beq     $v0, $at, .L80B5D290       
/* 01EFC 80B5D1DC 8FA4002C */  lw      $a0, 0x002C($sp)           
/* 01F00 80B5D1E0 10000062 */  beq     $zero, $zero, .L80B5D36C   
/* 01F04 80B5D1E4 8FBF0024 */  lw      $ra, 0x0024($sp)           
/* 01F08 80B5D1E8 8E02033C */  lw      $v0, 0x033C($s0)           ## 0000033C
.L80B5D1EC:
/* 01F0C 80B5D1EC 24010001 */  addiu   $at, $zero, 0x0001         ## $at = 00000001
/* 01F10 80B5D1F0 240510A5 */  addiu   $a1, $zero, 0x10A5         ## $a1 = 000010A5
/* 01F14 80B5D1F4 1041001E */  beq     $v0, $at, .L80B5D270       
/* 01F18 80B5D1F8 24010002 */  addiu   $at, $zero, 0x0002         ## $at = 00000002
/* 01F1C 80B5D1FC 1441001C */  bne     $v0, $at, .L80B5D270       
/* 01F20 80B5D200 00000000 */  nop
/* 01F24 80B5D204 9602032C */  lhu     $v0, 0x032C($s0)           ## 0000032C
/* 01F28 80B5D208 30590001 */  andi    $t9, $v0, 0x0001           ## $t9 = 00000000
/* 01F2C 80B5D20C 13200007 */  beq     $t9, $zero, .L80B5D22C     
/* 01F30 80B5D210 30480004 */  andi    $t0, $v0, 0x0004           ## $t0 = 00000000
/* 01F34 80B5D214 11000003 */  beq     $t0, $zero, .L80B5D224     
/* 01F38 80B5D218 00000000 */  nop
/* 01F3C 80B5D21C 10000014 */  beq     $zero, $zero, .L80B5D270   
/* 01F40 80B5D220 2405106A */  addiu   $a1, $zero, 0x106A         ## $a1 = 0000106A
.L80B5D224:
/* 01F44 80B5D224 10000012 */  beq     $zero, $zero, .L80B5D270   
/* 01F48 80B5D228 24051069 */  addiu   $a1, $zero, 0x1069         ## $a1 = 00001069
.L80B5D22C:
/* 01F4C 80B5D22C 8605001C */  lh      $a1, 0x001C($s0)           ## 0000001C
/* 01F50 80B5D230 8FA4002C */  lw      $a0, 0x002C($sp)           
/* 01F54 80B5D234 000529C3 */  sra     $a1, $a1,  7               
/* 01F58 80B5D238 0C02D6EC */  jal     func_800B5BB0              
/* 01F5C 80B5D23C 30A5007F */  andi    $a1, $a1, 0x007F           ## $a1 = 00000069
/* 01F60 80B5D240 10400009 */  beq     $v0, $zero, .L80B5D268     
/* 01F64 80B5D244 3C09801F */  lui     $t1, 0x801F                ## $t1 = 801F0000
/* 01F68 80B5D248 9129057F */  lbu     $t1, 0x057F($t1)           ## 801F057F
/* 01F6C 80B5D24C 312A0010 */  andi    $t2, $t1, 0x0010           ## $t2 = 00000000
/* 01F70 80B5D250 11400003 */  beq     $t2, $zero, .L80B5D260     
/* 01F74 80B5D254 00000000 */  nop
/* 01F78 80B5D258 10000005 */  beq     $zero, $zero, .L80B5D270   
/* 01F7C 80B5D25C 2405106C */  addiu   $a1, $zero, 0x106C         ## $a1 = 0000106C
.L80B5D260:
/* 01F80 80B5D260 10000003 */  beq     $zero, $zero, .L80B5D270   
/* 01F84 80B5D264 2405106B */  addiu   $a1, $zero, 0x106B         ## $a1 = 0000106B
.L80B5D268:
/* 01F88 80B5D268 10000001 */  beq     $zero, $zero, .L80B5D270   
/* 01F8C 80B5D26C 24051068 */  addiu   $a1, $zero, 0x1068         ## $a1 = 00001068
.L80B5D270:
/* 01F90 80B5D270 8FA4002C */  lw      $a0, 0x002C($sp)           
/* 01F94 80B5D274 0C05462C */  jal     func_801518B0              
/* 01F98 80B5D278 02003025 */  or      $a2, $s0, $zero            ## $a2 = 00000000
/* 01F9C 80B5D27C 02002025 */  or      $a0, $s0, $zero            ## $a0 = 00000000
/* 01FA0 80B5D280 0C2D7445 */  jal     func_80B5D114              
/* 01FA4 80B5D284 8FA5002C */  lw      $a1, 0x002C($sp)           
/* 01FA8 80B5D288 10000038 */  beq     $zero, $zero, .L80B5D36C   
/* 01FAC 80B5D28C 8FBF0024 */  lw      $ra, 0x0024($sp)           
.L80B5D290:
/* 01FB0 80B5D290 2405106D */  addiu   $a1, $zero, 0x106D         ## $a1 = 0000106D
/* 01FB4 80B5D294 0C05462C */  jal     func_801518B0              
/* 01FB8 80B5D298 02003025 */  or      $a2, $s0, $zero            ## $a2 = 00000000
/* 01FBC 80B5D29C 02002025 */  or      $a0, $s0, $zero            ## $a0 = 00000000
/* 01FC0 80B5D2A0 0C2D7445 */  jal     func_80B5D114              
/* 01FC4 80B5D2A4 8FA5002C */  lw      $a1, 0x002C($sp)           
/* 01FC8 80B5D2A8 10000030 */  beq     $zero, $zero, .L80B5D36C   
/* 01FCC 80B5D2AC 8FBF0024 */  lw      $ra, 0x0024($sp)           
.L80B5D2B0:
/* 01FD0 80B5D2B0 0C051D89 */  jal     func_80147624              
/* 01FD4 80B5D2B4 8FA4002C */  lw      $a0, 0x002C($sp)           
/* 01FD8 80B5D2B8 1040002B */  beq     $v0, $zero, .L80B5D368     
/* 01FDC 80B5D2BC 8FA5002C */  lw      $a1, 0x002C($sp)           
/* 01FE0 80B5D2C0 3C020001 */  lui     $v0, 0x0001                ## $v0 = 00010000
/* 01FE4 80B5D2C4 00451021 */  addu    $v0, $v0, $a1              
/* 01FE8 80B5D2C8 9442680C */  lhu     $v0, 0x680C($v0)           ## 0001680C
/* 01FEC 80B5D2CC 2841106E */  slti    $at, $v0, 0x106E           
/* 01FF0 80B5D2D0 14200006 */  bne     $at, $zero, .L80B5D2EC     
/* 01FF4 80B5D2D4 244BEF98 */  addiu   $t3, $v0, 0xEF98           ## $t3 = 0000EF98
/* 01FF8 80B5D2D8 240110A5 */  addiu   $at, $zero, 0x10A5         ## $at = 000010A5
/* 01FFC 80B5D2DC 10410016 */  beq     $v0, $at, .L80B5D338       
/* 02000 80B5D2E0 00000000 */  nop
/* 02004 80B5D2E4 10000009 */  beq     $zero, $zero, .L80B5D30C   
/* 02008 80B5D2E8 00000000 */  nop
.L80B5D2EC:
/* 0200C 80B5D2EC 2D610006 */  sltiu   $at, $t3, 0x0006           
/* 02010 80B5D2F0 10200006 */  beq     $at, $zero, .L80B5D30C     
/* 02014 80B5D2F4 000B5880 */  sll     $t3, $t3,  2               
/* 02018 80B5D2F8 3C0180B6 */  lui     $at, %hi(D_80B5E498)       ## $at = 80B60000
/* 0201C 80B5D2FC 002B0821 */  addu    $at, $at, $t3              
/* 02020 80B5D300 8C2BE498 */  lw      $t3, %lo(D_80B5E498)($at)  
/* 02024 80B5D304 01600008 */  jr      $t3                        
/* 02028 80B5D308 00000000 */  nop
.L80B5D30C:
/* 0202C 80B5D30C 0C2D7592 */  jal     func_80B5D648              
/* 02030 80B5D310 02002025 */  or      $a0, $s0, $zero            ## $a0 = 00000000
/* 02034 80B5D314 10000015 */  beq     $zero, $zero, .L80B5D36C   
/* 02038 80B5D318 8FBF0024 */  lw      $ra, 0x0024($sp)           
.L80B5D31C:
/* 0203C 80B5D31C 960C032C */  lhu     $t4, 0x032C($s0)           ## 0000032C
/* 02040 80B5D320 358D0004 */  ori     $t5, $t4, 0x0004           ## $t5 = 00000004
/* 02044 80B5D324 A60D032C */  sh      $t5, 0x032C($s0)           ## 0000032C
.L80B5D328:
/* 02048 80B5D328 0C2D739B */  jal     func_80B5CE6C              
/* 0204C 80B5D32C 02002025 */  or      $a0, $s0, $zero            ## $a0 = 00000000
/* 02050 80B5D330 1000000E */  beq     $zero, $zero, .L80B5D36C   
/* 02054 80B5D334 8FBF0024 */  lw      $ra, 0x0024($sp)           
.L80B5D338:
/* 02058 80B5D338 0C051DED */  jal     func_801477B4              
/* 0205C 80B5D33C 00A02025 */  or      $a0, $a1, $zero            ## $a0 = 00000000
/* 02060 80B5D340 02002025 */  or      $a0, $s0, $zero            ## $a0 = 00000000
/* 02064 80B5D344 0C2D739B */  jal     func_80B5CE6C              
/* 02068 80B5D348 8FA5002C */  lw      $a1, 0x002C($sp)           
/* 0206C 80B5D34C 10000007 */  beq     $zero, $zero, .L80B5D36C   
/* 02070 80B5D350 8FBF0024 */  lw      $ra, 0x0024($sp)           
.L80B5D354:
/* 02074 80B5D354 0C051DED */  jal     func_801477B4              
/* 02078 80B5D358 00A02025 */  or      $a0, $a1, $zero            ## $a0 = 00000000
/* 0207C 80B5D35C 02002025 */  or      $a0, $s0, $zero            ## $a0 = 00000000
/* 02080 80B5D360 0C2D7055 */  jal     func_80B5C154              
/* 02084 80B5D364 8FA5002C */  lw      $a1, 0x002C($sp)           
.L80B5D368:
/* 02088 80B5D368 8FBF0024 */  lw      $ra, 0x0024($sp)           
.L80B5D36C:
/* 0208C 80B5D36C 8FB00020 */  lw      $s0, 0x0020($sp)           
/* 02090 80B5D370 27BD0028 */  addiu   $sp, $sp, 0x0028           ## $sp = 00000000
/* 02094 80B5D374 03E00008 */  jr      $ra                        
/* 02098 80B5D378 00000000 */  nop


glabel func_80B5D37C
/* 0209C 80B5D37C 27BDFFD0 */  addiu   $sp, $sp, 0xFFD0           ## $sp = FFFFFFD0
/* 020A0 80B5D380 AFBF001C */  sw      $ra, 0x001C($sp)           
/* 020A4 80B5D384 AFB00018 */  sw      $s0, 0x0018($sp)           
/* 020A8 80B5D388 AFA40030 */  sw      $a0, 0x0030($sp)           
/* 020AC 80B5D38C 8CB00048 */  lw      $s0, 0x0048($a1)           ## 00000048
/* 020B0 80B5D390 86040030 */  lh      $a0, 0x0030($s0)           ## 00000030
/* 020B4 80B5D394 00042023 */  subu    $a0, $zero, $a0            
/* 020B8 80B5D398 00042400 */  sll     $a0, $a0, 16               
/* 020BC 80B5D39C 0C03FB51 */  jal     func_800FED44              
/* 020C0 80B5D3A0 00042403 */  sra     $a0, $a0, 16               
/* 020C4 80B5D3A4 C6040070 */  lwc1    $f4, 0x0070($s0)           ## 00000070
/* 020C8 80B5D3A8 3C01801D */  lui     $at, 0x801D                ## $at = 801D0000
/* 020CC 80B5D3AC C4281508 */  lwc1    $f8, 0x1508($at)           ## 801D1508
/* 020D0 80B5D3B0 46040182 */  mul.s   $f6, $f0, $f4              
/* 020D4 80B5D3B4 E7A80020 */  swc1    $f8, 0x0020($sp)           
/* 020D8 80B5D3B8 E7A60024 */  swc1    $f6, 0x0024($sp)           
/* 020DC 80B5D3BC 0C03FB61 */  jal     func_800FED84              
/* 020E0 80B5D3C0 86040032 */  lh      $a0, 0x0032($s0)           ## 00000032
/* 020E4 80B5D3C4 C7AA0024 */  lwc1    $f10, 0x0024($sp)          
/* 020E8 80B5D3C8 86040030 */  lh      $a0, 0x0030($s0)           ## 00000030
/* 020EC 80B5D3CC 460A0402 */  mul.s   $f16, $f0, $f10            
/* 020F0 80B5D3D0 00042023 */  subu    $a0, $zero, $a0            
/* 020F4 80B5D3D4 00042400 */  sll     $a0, $a0, 16               
/* 020F8 80B5D3D8 00042403 */  sra     $a0, $a0, 16               
/* 020FC 80B5D3DC 0C03FB61 */  jal     func_800FED84              
/* 02100 80B5D3E0 E6100064 */  swc1    $f16, 0x0064($s0)          ## 00000064
/* 02104 80B5D3E4 C6120070 */  lwc1    $f18, 0x0070($s0)          ## 00000070
/* 02108 80B5D3E8 86040032 */  lh      $a0, 0x0032($s0)           ## 00000032
/* 0210C 80B5D3EC 46120102 */  mul.s   $f4, $f0, $f18             
/* 02110 80B5D3F0 0C03FB51 */  jal     func_800FED44              
/* 02114 80B5D3F4 E6040068 */  swc1    $f4, 0x0068($s0)           ## 00000068
/* 02118 80B5D3F8 C7A60024 */  lwc1    $f6, 0x0024($sp)           
/* 0211C 80B5D3FC C7A20020 */  lwc1    $f2, 0x0020($sp)           
/* 02120 80B5D400 C60A0064 */  lwc1    $f10, 0x0064($s0)          ## 00000064
/* 02124 80B5D404 46060202 */  mul.s   $f8, $f0, $f6              
/* 02128 80B5D408 C61200A4 */  lwc1    $f18, 0x00A4($s0)          ## 000000A4
/* 0212C 80B5D40C C6060330 */  lwc1    $f6, 0x0330($s0)           ## 00000330
/* 02130 80B5D410 46025402 */  mul.s   $f16, $f10, $f2            
/* 02134 80B5D414 C60A0068 */  lwc1    $f10, 0x0068($s0)          ## 00000068
/* 02138 80B5D418 00001025 */  or      $v0, $zero, $zero          ## $v0 = 00000000
/* 0213C 80B5D41C E608006C */  swc1    $f8, 0x006C($s0)           ## 0000006C
/* 02140 80B5D420 46128100 */  add.s   $f4, $f16, $f18            
/* 02144 80B5D424 46025402 */  mul.s   $f16, $f10, $f2            
/* 02148 80B5D428 C61200A8 */  lwc1    $f18, 0x00A8($s0)          ## 000000A8
/* 0214C 80B5D42C C60A006C */  lwc1    $f10, 0x006C($s0)          ## 0000006C
/* 02150 80B5D430 46043200 */  add.s   $f8, $f6, $f4              
/* 02154 80B5D434 C6040334 */  lwc1    $f4, 0x0334($s0)           ## 00000334
/* 02158 80B5D438 46128180 */  add.s   $f6, $f16, $f18            
/* 0215C 80B5D43C 46025402 */  mul.s   $f16, $f10, $f2            
/* 02160 80B5D440 C61200AC */  lwc1    $f18, 0x00AC($s0)          ## 000000AC
/* 02164 80B5D444 E6080330 */  swc1    $f8, 0x0330($s0)           ## 00000330
/* 02168 80B5D448 46062200 */  add.s   $f8, $f4, $f6              
/* 0216C 80B5D44C C6060338 */  lwc1    $f6, 0x0338($s0)           ## 00000338
/* 02170 80B5D450 46128100 */  add.s   $f4, $f16, $f18            
/* 02174 80B5D454 E6080334 */  swc1    $f8, 0x0334($s0)           ## 00000334
/* 02178 80B5D458 46043200 */  add.s   $f8, $f6, $f4              
/* 0217C 80B5D45C E6080338 */  swc1    $f8, 0x0338($s0)           ## 00000338
/* 02180 80B5D460 8FBF001C */  lw      $ra, 0x001C($sp)           
/* 02184 80B5D464 8FB00018 */  lw      $s0, 0x0018($sp)           
/* 02188 80B5D468 03E00008 */  jr      $ra                        
/* 0218C 80B5D46C 27BD0030 */  addiu   $sp, $sp, 0x0030           ## $sp = 00000000


glabel func_80B5D470
/* 02190 80B5D470 27BDFF98 */  addiu   $sp, $sp, 0xFF98           ## $sp = FFFFFF98
/* 02194 80B5D474 AFB0001C */  sw      $s0, 0x001C($sp)           
/* 02198 80B5D478 44800000 */  mtc1    $zero, $f0                 ## $f0 = 0.00
/* 0219C 80B5D47C 00A08025 */  or      $s0, $a1, $zero            ## $s0 = 00000000
/* 021A0 80B5D480 AFBF0024 */  sw      $ra, 0x0024($sp)           
/* 021A4 80B5D484 AFB10020 */  sw      $s1, 0x0020($sp)           
/* 021A8 80B5D488 AFA40068 */  sw      $a0, 0x0068($sp)           
/* 021AC 80B5D48C 8E110048 */  lw      $s1, 0x0048($s0)           ## 00000048
/* 021B0 80B5D490 AFA00060 */  sw      $zero, 0x0060($sp)         
/* 021B4 80B5D494 3C063F4C */  lui     $a2, 0x3F4C                ## $a2 = 3F4C0000
/* 021B8 80B5D498 E6200074 */  swc1    $f0, 0x0074($s1)           ## 00000074
/* 021BC 80B5D49C E7A00010 */  swc1    $f0, 0x0010($sp)           
/* 021C0 80B5D4A0 34C6CCCD */  ori     $a2, $a2, 0xCCCD           ## $a2 = 3F4CCCCD
/* 021C4 80B5D4A4 3C054120 */  lui     $a1, 0x4120                ## $a1 = 41200000
/* 021C8 80B5D4A8 3C074000 */  lui     $a3, 0x4000                ## $a3 = 40000000
/* 021CC 80B5D4AC 0C03FF36 */  jal     func_800FFCD8              
/* 021D0 80B5D4B0 26240070 */  addiu   $a0, $s1, 0x0070           ## $a0 = 00000070
/* 021D4 80B5D4B4 C6040020 */  lwc1    $f4, 0x0020($s0)           ## 00000020
/* 021D8 80B5D4B8 C6260024 */  lwc1    $f6, 0x0024($s1)           ## 00000024
/* 021DC 80B5D4BC 27A40050 */  addiu   $a0, $sp, 0x0050           ## $a0 = FFFFFFE8
/* 021E0 80B5D4C0 27A50044 */  addiu   $a1, $sp, 0x0044           ## $a1 = FFFFFFDC
/* 021E4 80B5D4C4 46062201 */  sub.s   $f8, $f4, $f6              
/* 021E8 80B5D4C8 E7A80050 */  swc1    $f8, 0x0050($sp)           
/* 021EC 80B5D4CC C60A0024 */  lwc1    $f10, 0x0024($s0)          ## 00000024
/* 021F0 80B5D4D0 C6300028 */  lwc1    $f16, 0x0028($s1)          ## 00000028
/* 021F4 80B5D4D4 46105481 */  sub.s   $f18, $f10, $f16           
/* 021F8 80B5D4D8 E7B20054 */  swc1    $f18, 0x0054($sp)          
/* 021FC 80B5D4DC C6040028 */  lwc1    $f4, 0x0028($s0)           ## 00000028
/* 02200 80B5D4E0 C626002C */  lwc1    $f6, 0x002C($s1)           ## 0000002C
/* 02204 80B5D4E4 46062201 */  sub.s   $f8, $f4, $f6              
/* 02208 80B5D4E8 E7A80058 */  swc1    $f8, 0x0058($sp)           
/* 0220C 80B5D4EC C6100038 */  lwc1    $f16, 0x0038($s0)          ## 00000038
/* 02210 80B5D4F0 C60A0020 */  lwc1    $f10, 0x0020($s0)          ## 00000020
/* 02214 80B5D4F4 46105481 */  sub.s   $f18, $f10, $f16           
/* 02218 80B5D4F8 E7B20044 */  swc1    $f18, 0x0044($sp)          
/* 0221C 80B5D4FC C606003C */  lwc1    $f6, 0x003C($s0)           ## 0000003C
/* 02220 80B5D500 C6040024 */  lwc1    $f4, 0x0024($s0)           ## 00000024
/* 02224 80B5D504 46062201 */  sub.s   $f8, $f4, $f6              
/* 02228 80B5D508 E7A80048 */  swc1    $f8, 0x0048($sp)           
/* 0222C 80B5D50C C6100040 */  lwc1    $f16, 0x0040($s0)          ## 00000040
/* 02230 80B5D510 C60A0028 */  lwc1    $f10, 0x0028($s0)          ## 00000028
/* 02234 80B5D514 46105481 */  sub.s   $f18, $f10, $f16           
/* 02238 80B5D518 0C05E7A2 */  jal     func_80179E88              
/* 0223C 80B5D51C E7B2004C */  swc1    $f18, 0x004C($sp)          
/* 02240 80B5D520 C6220070 */  lwc1    $f2, 0x0070($s1)           ## 00000070
/* 02244 80B5D524 C604004C */  lwc1    $f4, 0x004C($s0)           ## 0000004C
/* 02248 80B5D528 240E0001 */  addiu   $t6, $zero, 0x0001         ## $t6 = 00000001
/* 0224C 80B5D52C 46021302 */  mul.s   $f12, $f2, $f2             
/* 02250 80B5D530 460C203C */  c.lt.s  $f4, $f12                  
/* 02254 80B5D534 00000000 */  nop
/* 02258 80B5D538 45010008 */  bc1t    .L80B5D55C                 
/* 0225C 80B5D53C 00000000 */  nop
/* 02260 80B5D540 44803000 */  mtc1    $zero, $f6                 ## $f6 = 0.00
/* 02264 80B5D544 26240030 */  addiu   $a0, $s1, 0x0030           ## $a0 = 00000030
/* 02268 80B5D548 24060001 */  addiu   $a2, $zero, 0x0001         ## $a2 = 00000001
/* 0226C 80B5D54C 4606003E */  c.le.s  $f0, $f6                   
/* 02270 80B5D550 00000000 */  nop
/* 02274 80B5D554 45020004 */  bc1fl   .L80B5D568                 
/* 02278 80B5D558 86050054 */  lh      $a1, 0x0054($s0)           ## 00000054
.L80B5D55C:
/* 0227C 80B5D55C 10000034 */  beq     $zero, $zero, .L80B5D630   
/* 02280 80B5D560 AFAE0060 */  sw      $t6, 0x0060($sp)           
/* 02284 80B5D564 86050054 */  lh      $a1, 0x0054($s0)           ## 00000054
.L80B5D568:
/* 02288 80B5D568 862F0030 */  lh      $t7, 0x0030($s1)           ## 00000030
/* 0228C 80B5D56C C6080050 */  lwc1    $f8, 0x0050($s0)           ## 00000050
/* 02290 80B5D570 00AF1023 */  subu    $v0, $a1, $t7              
/* 02294 80B5D574 04400003 */  bltz    $v0, .L80B5D584            
/* 02298 80B5D578 46086003 */  div.s   $f0, $f12, $f8             
/* 0229C 80B5D57C 10000002 */  beq     $zero, $zero, .L80B5D588   
/* 022A0 80B5D580 00401825 */  or      $v1, $v0, $zero            ## $v1 = 00000000
.L80B5D584:
/* 022A4 80B5D584 00021823 */  subu    $v1, $zero, $v0            
.L80B5D588:
/* 022A8 80B5D588 44835000 */  mtc1    $v1, $f10                  ## $f10 = 0.00
/* 022AC 80B5D58C 86190056 */  lh      $t9, 0x0056($s0)           ## 00000056
/* 022B0 80B5D590 86290032 */  lh      $t1, 0x0032($s1)           ## 00000032
/* 022B4 80B5D594 46805420 */  cvt.s.w $f16, $f10                 
/* 022B8 80B5D598 03291023 */  subu    $v0, $t9, $t1              
/* 022BC 80B5D59C 00021823 */  subu    $v1, $zero, $v0            
/* 022C0 80B5D5A0 46008482 */  mul.s   $f18, $f16, $f0            
/* 022C4 80B5D5A4 4600910D */  trunc.w.s $f4, $f18                  
/* 022C8 80B5D5A8 44082000 */  mfc1    $t0, $f4                   
/* 022CC 80B5D5AC 04400003 */  bltz    $v0, .L80B5D5BC            
/* 022D0 80B5D5B0 25080AAA */  addiu   $t0, $t0, 0x0AAA           ## $t0 = 00000AAA
/* 022D4 80B5D5B4 10000001 */  beq     $zero, $zero, .L80B5D5BC   
/* 022D8 80B5D5B8 00401825 */  or      $v1, $v0, $zero            ## $v1 = 00000000
.L80B5D5BC:
/* 022DC 80B5D5BC 00083C00 */  sll     $a3, $t0, 16               
/* 022E0 80B5D5C0 00073C03 */  sra     $a3, $a3, 16               
/* 022E4 80B5D5C4 AFA00010 */  sw      $zero, 0x0010($sp)         
/* 022E8 80B5D5C8 AFA30034 */  sw      $v1, 0x0034($sp)           
/* 022EC 80B5D5CC 0C03FFAF */  jal     func_800FFEBC              
/* 022F0 80B5D5D0 E7A00040 */  swc1    $f0, 0x0040($sp)           
/* 022F4 80B5D5D4 8FA30034 */  lw      $v1, 0x0034($sp)           
/* 022F8 80B5D5D8 C7A00040 */  lwc1    $f0, 0x0040($sp)           
/* 022FC 80B5D5DC 86050056 */  lh      $a1, 0x0056($s0)           ## 00000056
/* 02300 80B5D5E0 44833000 */  mtc1    $v1, $f6                   ## $f6 = 0.00
/* 02304 80B5D5E4 AFA00010 */  sw      $zero, 0x0010($sp)         
/* 02308 80B5D5E8 26240032 */  addiu   $a0, $s1, 0x0032           ## $a0 = 00000032
/* 0230C 80B5D5EC 46803220 */  cvt.s.w $f8, $f6                   
/* 02310 80B5D5F0 24060001 */  addiu   $a2, $zero, 0x0001         ## $a2 = 00000001
/* 02314 80B5D5F4 46004282 */  mul.s   $f10, $f8, $f0             
/* 02318 80B5D5F8 4600540D */  trunc.w.s $f16, $f10                 
/* 0231C 80B5D5FC 44078000 */  mfc1    $a3, $f16                  
/* 02320 80B5D600 00000000 */  nop
/* 02324 80B5D604 24E70AAA */  addiu   $a3, $a3, 0x0AAA           ## $a3 = 00000AAA
/* 02328 80B5D608 00073C00 */  sll     $a3, $a3, 16               
/* 0232C 80B5D60C 00073C03 */  sra     $a3, $a3, 16               
/* 02330 80B5D610 0C03FFAF */  jal     func_800FFEBC              
/* 02334 80B5D614 AFA70030 */  sw      $a3, 0x0030($sp)           
/* 02338 80B5D618 86250032 */  lh      $a1, 0x0032($s1)           ## 00000032
/* 0233C 80B5D61C 8FA70030 */  lw      $a3, 0x0030($sp)           
/* 02340 80B5D620 AFA00010 */  sw      $zero, 0x0010($sp)         
/* 02344 80B5D624 262400BE */  addiu   $a0, $s1, 0x00BE           ## $a0 = 000000BE
/* 02348 80B5D628 0C03FFAF */  jal     func_800FFEBC              
/* 0234C 80B5D62C 24060002 */  addiu   $a2, $zero, 0x0002         ## $a2 = 00000002
.L80B5D630:
/* 02350 80B5D630 8FA20060 */  lw      $v0, 0x0060($sp)           
/* 02354 80B5D634 8FBF0024 */  lw      $ra, 0x0024($sp)           
/* 02358 80B5D638 8FB0001C */  lw      $s0, 0x001C($sp)           
/* 0235C 80B5D63C 8FB10020 */  lw      $s1, 0x0020($sp)           
/* 02360 80B5D640 03E00008 */  jr      $ra                        
/* 02364 80B5D644 27BD0068 */  addiu   $sp, $sp, 0x0068           ## $sp = 00000000


glabel func_80B5D648
/* 02368 80B5D648 27BDFFC0 */  addiu   $sp, $sp, 0xFFC0           ## $sp = FFFFFFC0
/* 0236C 80B5D64C AFB00030 */  sw      $s0, 0x0030($sp)           
/* 02370 80B5D650 00808025 */  or      $s0, $a0, $zero            ## $s0 = 00000000
/* 02374 80B5D654 AFBF0034 */  sw      $ra, 0x0034($sp)           
/* 02378 80B5D658 AFA50044 */  sw      $a1, 0x0044($sp)           
/* 0237C 80B5D65C 26050024 */  addiu   $a1, $s0, 0x0024           ## $a1 = 00000024
/* 02380 80B5D660 86060346 */  lh      $a2, 0x0346($s0)           ## 00000346
/* 02384 80B5D664 260E0340 */  addiu   $t6, $s0, 0x0340           ## $t6 = 00000340
/* 02388 80B5D668 AFAE0010 */  sw      $t6, 0x0010($sp)           
/* 0238C 80B5D66C AFA5003C */  sw      $a1, 0x003C($sp)           
/* 02390 80B5D670 8FA40044 */  lw      $a0, 0x0044($sp)           
/* 02394 80B5D674 0C2D6CB8 */  jal     func_80B5B2E0              
/* 02398 80B5D678 26070348 */  addiu   $a3, $s0, 0x0348           ## $a3 = 00000348
/* 0239C 80B5D67C 26040330 */  addiu   $a0, $s0, 0x0330           ## $a0 = 00000330
/* 023A0 80B5D680 8FA5003C */  lw      $a1, 0x003C($sp)           
/* 023A4 80B5D684 0C03FD43 */  jal     func_800FF50C              
/* 023A8 80B5D688 AFA40038 */  sw      $a0, 0x0038($sp)           
/* 023AC 80B5D68C 8FA40044 */  lw      $a0, 0x0044($sp)           
/* 023B0 80B5D690 3C0F0002 */  lui     $t7, 0x0002                ## $t7 = 00020000
/* 023B4 80B5D694 8FA50038 */  lw      $a1, 0x0038($sp)           
/* 023B8 80B5D698 01E47821 */  addu    $t7, $t7, $a0              
/* 023BC 80B5D69C 8DEF8864 */  lw      $t7, -0x779C($t7)          ## 00018864
/* 023C0 80B5D6A0 02003025 */  or      $a2, $s0, $zero            ## $a2 = 00000000
/* 023C4 80B5D6A4 260702C0 */  addiu   $a3, $s0, 0x02C0           ## $a3 = 000002C0
/* 023C8 80B5D6A8 AFAF0010 */  sw      $t7, 0x0010($sp)           
/* 023CC 80B5D6AC 86180346 */  lh      $t8, 0x0346($s0)           ## 00000346
/* 023D0 80B5D6B0 AFA0001C */  sw      $zero, 0x001C($sp)         
/* 023D4 80B5D6B4 AFA00018 */  sw      $zero, 0x0018($sp)         
/* 023D8 80B5D6B8 AFB80014 */  sw      $t8, 0x0014($sp)           
/* 023DC 80B5D6BC 8E190340 */  lw      $t9, 0x0340($s0)           ## 00000340
/* 023E0 80B5D6C0 AFA00024 */  sw      $zero, 0x0024($sp)         
/* 023E4 80B5D6C4 0C04F738 */  jal     func_8013DCE0              
/* 023E8 80B5D6C8 AFB90020 */  sw      $t9, 0x0020($sp)           
/* 023EC 80B5D6CC 44800000 */  mtc1    $zero, $f0                 ## $f0 = 0.00
/* 023F0 80B5D6D0 3C0580B6 */  lui     $a1, %hi(D_80B5E3CC)       ## $a1 = 80B60000
/* 023F4 80B5D6D4 A600032C */  sh      $zero, 0x032C($s0)         ## 0000032C
/* 023F8 80B5D6D8 24A5E3CC */  addiu   $a1, $a1, %lo(D_80B5E3CC)  ## $a1 = 80B5E3CC
/* 023FC 80B5D6DC 26040148 */  addiu   $a0, $s0, 0x0148           ## $a0 = 00000148
/* 02400 80B5D6E0 24060001 */  addiu   $a2, $zero, 0x0001         ## $a2 = 00000001
/* 02404 80B5D6E4 260702BC */  addiu   $a3, $s0, 0x02BC           ## $a3 = 000002BC
/* 02408 80B5D6E8 E60002EC */  swc1    $f0, 0x02EC($s0)           ## 000002EC
/* 0240C 80B5D6EC E60002F0 */  swc1    $f0, 0x02F0($s0)           ## 000002F0
/* 02410 80B5D6F0 E60002F4 */  swc1    $f0, 0x02F4($s0)           ## 000002F4
/* 02414 80B5D6F4 E6000074 */  swc1    $f0, 0x0074($s0)           ## 00000074
/* 02418 80B5D6F8 0C04F872 */  jal     func_8013E1C8              
/* 0241C 80B5D6FC E6000070 */  swc1    $f0, 0x0070($s0)           ## 00000070
/* 02420 80B5D700 8E080004 */  lw      $t0, 0x0004($s0)           ## 00000004
/* 02424 80B5D704 3C010800 */  lui     $at, 0x0800                ## $at = 08000000
/* 02428 80B5D708 8605001C */  lh      $a1, 0x001C($s0)           ## 0000001C
/* 0242C 80B5D70C 01014825 */  or      $t1, $t0, $at              ## $t1 = 08000000
/* 02430 80B5D710 2401FFF6 */  addiu   $at, $zero, 0xFFF6         ## $at = FFFFFFF6
/* 02434 80B5D714 AE090004 */  sw      $t1, 0x0004($s0)           ## 00000004
/* 02438 80B5D718 01215824 */  and     $t3, $t1, $at              
/* 0243C 80B5D71C AE0B0004 */  sw      $t3, 0x0004($s0)           ## 00000004
/* 02440 80B5D720 000529C3 */  sra     $a1, $a1,  7               
/* 02444 80B5D724 30A5007F */  andi    $a1, $a1, 0x007F           ## $a1 = 00000000
/* 02448 80B5D728 0C02D6FD */  jal     func_800B5BF4              
/* 0244C 80B5D72C 8FA40044 */  lw      $a0, 0x0044($sp)           
/* 02450 80B5D730 3C0C80B6 */  lui     $t4, %hi(func_80B5D750)    ## $t4 = 80B60000
/* 02454 80B5D734 258CD750 */  addiu   $t4, $t4, %lo(func_80B5D750) ## $t4 = 80B5D750
/* 02458 80B5D738 AE0C0144 */  sw      $t4, 0x0144($s0)           ## 00000144
/* 0245C 80B5D73C 8FBF0034 */  lw      $ra, 0x0034($sp)           
/* 02460 80B5D740 8FB00030 */  lw      $s0, 0x0030($sp)           
/* 02464 80B5D744 27BD0040 */  addiu   $sp, $sp, 0x0040           ## $sp = 00000000
/* 02468 80B5D748 03E00008 */  jr      $ra                        
/* 0246C 80B5D74C 00000000 */  nop


glabel func_80B5D750
/* 02470 80B5D750 27BDFFD8 */  addiu   $sp, $sp, 0xFFD8           ## $sp = FFFFFFD8
/* 02474 80B5D754 AFB00020 */  sw      $s0, 0x0020($sp)           
/* 02478 80B5D758 00808025 */  or      $s0, $a0, $zero            ## $s0 = 00000000
/* 0247C 80B5D75C AFBF0024 */  sw      $ra, 0x0024($sp)           
/* 02480 80B5D760 AFA5002C */  sw      $a1, 0x002C($sp)           
/* 02484 80B5D764 9602032C */  lhu     $v0, 0x032C($s0)           ## 0000032C
/* 02488 80B5D768 304E0001 */  andi    $t6, $v0, 0x0001           ## $t6 = 00000000
/* 0248C 80B5D76C 15C0000F */  bne     $t6, $zero, .L80B5D7AC     
/* 02490 80B5D770 304F0002 */  andi    $t7, $v0, 0x0002           ## $t7 = 00000000
/* 02494 80B5D774 15E0000D */  bne     $t7, $zero, .L80B5D7AC     
/* 02498 80B5D778 8FA4002C */  lw      $a0, 0x002C($sp)           
/* 0249C 80B5D77C 3C1880B6 */  lui     $t8, %hi(func_80B5D37C)    ## $t8 = 80B60000
/* 024A0 80B5D780 3C198014 */  lui     $t9, 0x8014                ## $t9 = 80140000
/* 024A4 80B5D784 2739E0A4 */  addiu   $t9, $t9, 0xE0A4           ## $t9 = 8013E0A4
/* 024A8 80B5D788 2718D37C */  addiu   $t8, $t8, %lo(func_80B5D37C) ## $t8 = 80B5D37C
/* 024AC 80B5D78C 3C068014 */  lui     $a2, 0x8014                ## $a2 = 80140000
/* 024B0 80B5D790 3C0780B6 */  lui     $a3, %hi(func_80B5D470)    ## $a3 = 80B60000
/* 024B4 80B5D794 24E7D470 */  addiu   $a3, $a3, %lo(func_80B5D470) ## $a3 = 80B5D470
/* 024B8 80B5D798 24C6DF3C */  addiu   $a2, $a2, 0xDF3C           ## $a2 = 8013DF3C
/* 024BC 80B5D79C AFB80010 */  sw      $t8, 0x0010($sp)           
/* 024C0 80B5D7A0 AFB90014 */  sw      $t9, 0x0014($sp)           
/* 024C4 80B5D7A4 0C04F781 */  jal     func_8013DE04              
/* 024C8 80B5D7A8 260502C0 */  addiu   $a1, $s0, 0x02C0           ## $a1 = 000002C0
.L80B5D7AC:
/* 024CC 80B5D7AC 26040024 */  addiu   $a0, $s0, 0x0024           ## $a0 = 00000024
/* 024D0 80B5D7B0 0C03FD43 */  jal     func_800FF50C              
/* 024D4 80B5D7B4 26050330 */  addiu   $a1, $s0, 0x0330           ## $a1 = 00000330
/* 024D8 80B5D7B8 920202DC */  lbu     $v0, 0x02DC($s0)           ## 000002DC
/* 024DC 80B5D7BC 3C014661 */  lui     $at, 0x4661                ## $at = 46610000
/* 024E0 80B5D7C0 30480040 */  andi    $t0, $v0, 0x0040           ## $t0 = 00000000
/* 024E4 80B5D7C4 51000006 */  beql    $t0, $zero, .L80B5D7E0     
/* 024E8 80B5D7C8 304B0080 */  andi    $t3, $v0, 0x0080           ## $t3 = 00000000
/* 024EC 80B5D7CC 9609032C */  lhu     $t1, 0x032C($s0)           ## 0000032C
/* 024F0 80B5D7D0 920202DC */  lbu     $v0, 0x02DC($s0)           ## 000002DC
/* 024F4 80B5D7D4 352A0002 */  ori     $t2, $t1, 0x0002           ## $t2 = 00000002
/* 024F8 80B5D7D8 A60A032C */  sh      $t2, 0x032C($s0)           ## 0000032C
/* 024FC 80B5D7DC 304B0080 */  andi    $t3, $v0, 0x0080           ## $t3 = 00000000
.L80B5D7E0:
/* 02500 80B5D7E0 51600005 */  beql    $t3, $zero, .L80B5D7F8     
/* 02504 80B5D7E4 9602032C */  lhu     $v0, 0x032C($s0)           ## 0000032C
/* 02508 80B5D7E8 960C032C */  lhu     $t4, 0x032C($s0)           ## 0000032C
/* 0250C 80B5D7EC 358D0001 */  ori     $t5, $t4, 0x0001           ## $t5 = 00000001
/* 02510 80B5D7F0 A60D032C */  sh      $t5, 0x032C($s0)           ## 0000032C
/* 02514 80B5D7F4 9602032C */  lhu     $v0, 0x032C($s0)           ## 0000032C
.L80B5D7F8:
/* 02518 80B5D7F8 304E0002 */  andi    $t6, $v0, 0x0002           ## $t6 = 00000000
/* 0251C 80B5D7FC 51C0000B */  beql    $t6, $zero, .L80B5D82C     
/* 02520 80B5D800 30580001 */  andi    $t8, $v0, 0x0001           ## $t8 = 00000000
/* 02524 80B5D804 44812000 */  mtc1    $at, $f4                   ## $f4 = 14400.00
/* 02528 80B5D808 C6060094 */  lwc1    $f6, 0x0094($s0)           ## 00000094
/* 0252C 80B5D80C 304FFFFD */  andi    $t7, $v0, 0xFFFD           ## $t7 = 00000000
/* 02530 80B5D810 4604303E */  c.le.s  $f6, $f4                   
/* 02534 80B5D814 00000000 */  nop
/* 02538 80B5D818 45020004 */  bc1fl   .L80B5D82C                 
/* 0253C 80B5D81C 30580001 */  andi    $t8, $v0, 0x0001           ## $t8 = 00000000
/* 02540 80B5D820 A60F032C */  sh      $t7, 0x032C($s0)           ## 0000032C
/* 02544 80B5D824 31E2FFFF */  andi    $v0, $t7, 0xFFFF           ## $v0 = 00000000
/* 02548 80B5D828 30580001 */  andi    $t8, $v0, 0x0001           ## $t8 = 00000000
.L80B5D82C:
/* 0254C 80B5D82C 1300001A */  beq     $t8, $zero, .L80B5D898     
/* 02550 80B5D830 3C014334 */  lui     $at, 0x4334                ## $at = 43340000
/* 02554 80B5D834 44814000 */  mtc1    $at, $f8                   ## $f8 = 180.00
/* 02558 80B5D838 C60A0098 */  lwc1    $f10, 0x0098($s0)          ## 00000098
/* 0255C 80B5D83C 3C01F7FF */  lui     $at, 0xF7FF                ## $at = F7FF0000
/* 02560 80B5D840 4608503E */  c.le.s  $f10, $f8                  
/* 02564 80B5D844 00000000 */  nop
/* 02568 80B5D848 45020014 */  bc1fl   .L80B5D89C                 
/* 0256C 80B5D84C 8FBF0024 */  lw      $ra, 0x0024($sp)           
/* 02570 80B5D850 8E190004 */  lw      $t9, 0x0004($s0)           ## 00000004
/* 02574 80B5D854 3421FFFF */  ori     $at, $at, 0xFFFF           ## $at = F7FFFFFF
/* 02578 80B5D858 3C0B80B6 */  lui     $t3, %hi(D_80B5E884)       ## $t3 = 80B60000
/* 0257C 80B5D85C 03214024 */  and     $t0, $t9, $at              
/* 02580 80B5D860 AE080004 */  sw      $t0, 0x0004($s0)           ## 00000004
/* 02584 80B5D864 350A0009 */  ori     $t2, $t0, 0x0009           ## $t2 = 00000009
/* 02588 80B5D868 AE0A0004 */  sw      $t2, 0x0004($s0)           ## 00000004
/* 0258C 80B5D86C 8D6BE884 */  lw      $t3, %lo(D_80B5E884)($t3)  
/* 02590 80B5D870 8FA5002C */  lw      $a1, 0x002C($sp)           
/* 02594 80B5D874 02002025 */  or      $a0, $s0, $zero            ## $a0 = 00000000
/* 02598 80B5D878 11600005 */  beq     $t3, $zero, .L80B5D890     
/* 0259C 80B5D87C 00000000 */  nop
/* 025A0 80B5D880 0C2D726A */  jal     func_80B5C9A8              
/* 025A4 80B5D884 02002025 */  or      $a0, $s0, $zero            ## $a0 = 00000000
/* 025A8 80B5D888 10000004 */  beq     $zero, $zero, .L80B5D89C   
/* 025AC 80B5D88C 8FBF0024 */  lw      $ra, 0x0024($sp)           
.L80B5D890:
/* 025B0 80B5D890 0C2D72E8 */  jal     func_80B5CBA0              
/* 025B4 80B5D894 8FA5002C */  lw      $a1, 0x002C($sp)           
.L80B5D898:
/* 025B8 80B5D898 8FBF0024 */  lw      $ra, 0x0024($sp)           
.L80B5D89C:
/* 025BC 80B5D89C 8FB00020 */  lw      $s0, 0x0020($sp)           
/* 025C0 80B5D8A0 27BD0028 */  addiu   $sp, $sp, 0x0028           ## $sp = 00000000
/* 025C4 80B5D8A4 03E00008 */  jr      $ra                        
/* 025C8 80B5D8A8 00000000 */  nop


glabel func_80B5D8AC
/* 025CC 80B5D8AC 27BDFF90 */  addiu   $sp, $sp, 0xFF90           ## $sp = FFFFFF90
/* 025D0 80B5D8B0 AFB40050 */  sw      $s4, 0x0050($sp)           
/* 025D4 80B5D8B4 AFB3004C */  sw      $s3, 0x004C($sp)           
/* 025D8 80B5D8B8 00809825 */  or      $s3, $a0, $zero            ## $s3 = 00000000
/* 025DC 80B5D8BC 00A0A025 */  or      $s4, $a1, $zero            ## $s4 = 00000000
/* 025E0 80B5D8C0 AFBF0054 */  sw      $ra, 0x0054($sp)           
/* 025E4 80B5D8C4 AFB20048 */  sw      $s2, 0x0048($sp)           
/* 025E8 80B5D8C8 AFB10044 */  sw      $s1, 0x0044($sp)           
/* 025EC 80B5D8CC AFB00040 */  sw      $s0, 0x0040($sp)           
/* 025F0 80B5D8D0 F7BA0038 */  sdc1    $f26, 0x0038($sp)          
/* 025F4 80B5D8D4 F7B80030 */  sdc1    $f24, 0x0030($sp)          
/* 025F8 80B5D8D8 F7B60028 */  sdc1    $f22, 0x0028($sp)          
/* 025FC 80B5D8DC F7B40020 */  sdc1    $f20, 0x0020($sp)          
/* 02600 80B5D8E0 8E6E02BC */  lw      $t6, 0x02BC($s3)           ## 000002BC
/* 02604 80B5D8E4 24010001 */  addiu   $at, $zero, 0x0001         ## $at = 00000001
/* 02608 80B5D8E8 15C10007 */  bne     $t6, $at, .L80B5D908       
/* 0260C 80B5D8EC 26640148 */  addiu   $a0, $s3, 0x0148           ## $a0 = 00000148
/* 02610 80B5D8F0 0C04DE2E */  jal     func_801378B8              
/* 02614 80B5D8F4 8E650158 */  lw      $a1, 0x0158($s3)           ## 00000158
/* 02618 80B5D8F8 10400003 */  beq     $v0, $zero, .L80B5D908     
/* 0261C 80B5D8FC 02602025 */  or      $a0, $s3, $zero            ## $a0 = 00000000
/* 02620 80B5D900 0C02E3B2 */  jal     func_800B8EC8              
/* 02624 80B5D904 24052951 */  addiu   $a1, $zero, 0x2951         ## $a1 = 00002951
.L80B5D908:
/* 02628 80B5D908 266F0148 */  addiu   $t7, $s3, 0x0148           ## $t7 = 00000148
/* 0262C 80B5D90C AFAF0058 */  sw      $t7, 0x0058($sp)           
/* 02630 80B5D910 8E790144 */  lw      $t9, 0x0144($s3)           ## 00000144
/* 02634 80B5D914 02602025 */  or      $a0, $s3, $zero            ## $a0 = 00000000
/* 02638 80B5D918 02802825 */  or      $a1, $s4, $zero            ## $a1 = 00000000
/* 0263C 80B5D91C 0320F809 */  jalr    $ra, $t9                   
/* 02640 80B5D920 00000000 */  nop
/* 02644 80B5D924 96780090 */  lhu     $t8, 0x0090($s3)           ## 00000090
/* 02648 80B5D928 33080020 */  andi    $t0, $t8, 0x0020           ## $t0 = 00000000
/* 0264C 80B5D92C 5100002D */  beql    $t0, $zero, .L80B5D9E4     
/* 02650 80B5D930 3C014120 */  lui     $at, 0x4120                ## $at = 41200000
/* 02654 80B5D934 86630354 */  lh      $v1, 0x0354($s3)           ## 00000354
/* 02658 80B5D938 14600003 */  bne     $v1, $zero, .L80B5D948     
/* 0265C 80B5D93C 2469FFFF */  addiu   $t1, $v1, 0xFFFF           ## $t1 = FFFFFFFF
/* 02660 80B5D940 10000003 */  beq     $zero, $zero, .L80B5D950   
/* 02664 80B5D944 00001025 */  or      $v0, $zero, $zero          ## $v0 = 00000000
.L80B5D948:
/* 02668 80B5D948 A6690354 */  sh      $t1, 0x0354($s3)           ## 00000354
/* 0266C 80B5D94C 86620354 */  lh      $v0, 0x0354($s3)           ## 00000354
.L80B5D950:
/* 02670 80B5D950 54400024 */  bnel    $v0, $zero, .L80B5D9E4     
/* 02674 80B5D954 3C014120 */  lui     $at, 0x4120                ## $at = 41200000
/* 02678 80B5D958 8E6A0004 */  lw      $t2, 0x0004($s3)           ## 00000004
/* 0267C 80B5D95C 00008025 */  or      $s0, $zero, $zero          ## $s0 = 00000000
/* 02680 80B5D960 26710024 */  addiu   $s1, $s3, 0x0024           ## $s1 = 00000024
/* 02684 80B5D964 314B0040 */  andi    $t3, $t2, 0x0040           ## $t3 = 00000000
/* 02688 80B5D968 1160001D */  beq     $t3, $zero, .L80B5D9E0     
/* 0268C 80B5D96C 3C0180B6 */  lui     $at, %hi(D_80B5E4B0)       ## $at = 80B60000
/* 02690 80B5D970 C438E4B0 */  lwc1    $f24, %lo(D_80B5E4B0)($at) 
/* 02694 80B5D974 3C0140A0 */  lui     $at, 0x40A0                ## $at = 40A00000
/* 02698 80B5D978 4481B000 */  mtc1    $at, $f22                  ## $f22 = 5.00
/* 0269C 80B5D97C 3C0141A0 */  lui     $at, 0x41A0                ## $at = 41A00000
/* 026A0 80B5D980 4481A000 */  mtc1    $at, $f20                  ## $f20 = 20.00
/* 026A4 80B5D984 4480D000 */  mtc1    $zero, $f26                ## $f26 = 0.00
/* 026A8 80B5D988 24120002 */  addiu   $s2, $zero, 0x0002         ## $s2 = 00000002
/* 026AC 80B5D98C 4406D000 */  mfc1    $a2, $f26                  
.L80B5D990:
/* 026B0 80B5D990 4407A000 */  mfc1    $a3, $f20                  
/* 026B4 80B5D994 02802025 */  or      $a0, $s4, $zero            ## $a0 = 00000000
/* 026B8 80B5D998 02202825 */  or      $a1, $s1, $zero            ## $a1 = 00000024
/* 026BC 80B5D99C E7B60010 */  swc1    $f22, 0x0010($sp)          
/* 026C0 80B5D9A0 0C02C7A5 */  jal     func_800B1E94              
/* 026C4 80B5D9A4 E7B80014 */  swc1    $f24, 0x0014($sp)          
/* 026C8 80B5D9A8 26100001 */  addiu   $s0, $s0, 0x0001           ## $s0 = 00000001
/* 026CC 80B5D9AC 5612FFF8 */  bnel    $s0, $s2, .L80B5D990       
/* 026D0 80B5D9B0 4406D000 */  mfc1    $a2, $f26                  
/* 026D4 80B5D9B4 0C021BF7 */  jal     func_80086FDC              
/* 026D8 80B5D9B8 00000000 */  nop
/* 026DC 80B5D9BC 3C014120 */  lui     $at, 0x4120                ## $at = 41200000
/* 026E0 80B5D9C0 44811000 */  mtc1    $at, $f2                   ## $f2 = 10.00
/* 026E4 80B5D9C4 00000000 */  nop
/* 026E8 80B5D9C8 46020102 */  mul.s   $f4, $f0, $f2              
/* 026EC 80B5D9CC 46022180 */  add.s   $f6, $f4, $f2              
/* 026F0 80B5D9D0 4600320D */  trunc.w.s $f8, $f6                   
/* 026F4 80B5D9D4 440D4000 */  mfc1    $t5, $f8                   
/* 026F8 80B5D9D8 00000000 */  nop
/* 026FC 80B5D9DC A66D0354 */  sh      $t5, 0x0354($s3)           ## 00000354
.L80B5D9E0:
/* 02700 80B5D9E0 3C014120 */  lui     $at, 0x4120                ## $at = 41200000
.L80B5D9E4:
/* 02704 80B5D9E4 44811000 */  mtc1    $at, $f2                   ## $f2 = 10.00
/* 02708 80B5D9E8 4480D000 */  mtc1    $zero, $f26                ## $f26 = 0.00
/* 0270C 80B5D9EC 240E0004 */  addiu   $t6, $zero, 0x0004         ## $t6 = 00000004
/* 02710 80B5D9F0 44071000 */  mfc1    $a3, $f2                   
/* 02714 80B5D9F4 4406D000 */  mfc1    $a2, $f26                  
/* 02718 80B5D9F8 AFAE0014 */  sw      $t6, 0x0014($sp)           
/* 0271C 80B5D9FC 02802025 */  or      $a0, $s4, $zero            ## $a0 = 00000000
/* 02720 80B5DA00 02602825 */  or      $a1, $s3, $zero            ## $a1 = 00000000
/* 02724 80B5DA04 0C02DE2E */  jal     func_800B78B8              
/* 02728 80B5DA08 E7BA0010 */  swc1    $f26, 0x0010($sp)          
/* 0272C 80B5DA0C 3C014248 */  lui     $at, 0x4248                ## $at = 42480000
/* 02730 80B5DA10 44818000 */  mtc1    $at, $f16                  ## $f16 = 50.00
/* 02734 80B5DA14 C66A0088 */  lwc1    $f10, 0x0088($s3)          ## 00000088
/* 02738 80B5DA18 C6720028 */  lwc1    $f18, 0x0028($s3)          ## 00000028
/* 0273C 80B5DA1C 02602025 */  or      $a0, $s3, $zero            ## $a0 = 00000000
/* 02740 80B5DA20 46105000 */  add.s   $f0, $f10, $f16            
/* 02744 80B5DA24 4600903E */  c.le.s  $f18, $f0                  
/* 02748 80B5DA28 00000000 */  nop
/* 0274C 80B5DA2C 45000003 */  bc1f    .L80B5DA3C                 
/* 02750 80B5DA30 00000000 */  nop
/* 02754 80B5DA34 E6600028 */  swc1    $f0, 0x0028($s3)           ## 00000028
/* 02758 80B5DA38 E660010C */  swc1    $f0, 0x010C($s3)           ## 0000010C
.L80B5DA3C:
/* 0275C 80B5DA3C 0C02D9D7 */  jal     func_800B675C              
/* 02760 80B5DA40 3C054140 */  lui     $a1, 0x4140                ## $a1 = 41400000
/* 02764 80B5DA44 0C04DB34 */  jal     func_80136CD0              
/* 02768 80B5DA48 8FA40058 */  lw      $a0, 0x0058($sp)           
/* 0276C 80B5DA4C 2670018C */  addiu   $s0, $s3, 0x018C           ## $s0 = 0000018C
/* 02770 80B5DA50 02002825 */  or      $a1, $s0, $zero            ## $a1 = 0000018C
/* 02774 80B5DA54 0C039F7E */  jal     func_800E7DF8              
/* 02778 80B5DA58 02602025 */  or      $a0, $s3, $zero            ## $a0 = 00000000
/* 0277C 80B5DA5C 3C010001 */  lui     $at, 0x0001                ## $at = 00010000
/* 02780 80B5DA60 34218884 */  ori     $at, $at, 0x8884           ## $at = 00018884
/* 02784 80B5DA64 02812821 */  addu    $a1, $s4, $at              
/* 02788 80B5DA68 02802025 */  or      $a0, $s4, $zero            ## $a0 = 00000000
/* 0278C 80B5DA6C 0C038A4A */  jal     func_800E2928              
/* 02790 80B5DA70 02003025 */  or      $a2, $s0, $zero            ## $a2 = 0000018C
/* 02794 80B5DA74 26700747 */  addiu   $s0, $s3, 0x0747           ## $s0 = 00000747
/* 02798 80B5DA78 3C063F33 */  lui     $a2, 0x3F33                ## $a2 = 3F330000
/* 0279C 80B5DA7C 34C63333 */  ori     $a2, $a2, 0x3333           ## $a2 = 3F333333
/* 027A0 80B5DA80 02002025 */  or      $a0, $s0, $zero            ## $a0 = 00000747
/* 027A4 80B5DA84 0C2D6ECE */  jal     func_80B5BB38              
/* 027A8 80B5DA88 26650744 */  addiu   $a1, $s3, 0x0744           ## $a1 = 00000744
/* 027AC 80B5DA8C 966F032C */  lhu     $t7, 0x032C($s3)           ## 0000032C
/* 027B0 80B5DA90 26640368 */  addiu   $a0, $s3, 0x0368           ## $a0 = 00000368
/* 027B4 80B5DA94 26650378 */  addiu   $a1, $s3, 0x0378           ## $a1 = 00000378
/* 027B8 80B5DA98 31F90400 */  andi    $t9, $t7, 0x0400           ## $t9 = 00000000
/* 027BC 80B5DA9C 13200003 */  beq     $t9, $zero, .L80B5DAAC     
/* 027C0 80B5DAA0 02003025 */  or      $a2, $s0, $zero            ## $a2 = 00000747
/* 027C4 80B5DAA4 0C2D6EAB */  jal     func_80B5BAAC              
/* 027C8 80B5DAA8 240700D2 */  addiu   $a3, $zero, 0x00D2         ## $a3 = 000000D2
.L80B5DAAC:
/* 027CC 80B5DAAC 02802025 */  or      $a0, $s4, $zero            ## $a0 = 00000000
/* 027D0 80B5DAB0 266503A4 */  addiu   $a1, $s3, 0x03A4           ## $a1 = 000003A4
/* 027D4 80B5DAB4 0C2D781E */  jal     func_80B5E078              
/* 027D8 80B5DAB8 2406000A */  addiu   $a2, $zero, 0x000A         ## $a2 = 0000000A
/* 027DC 80B5DABC 8FBF0054 */  lw      $ra, 0x0054($sp)           
/* 027E0 80B5DAC0 D7B40020 */  ldc1    $f20, 0x0020($sp)          
/* 027E4 80B5DAC4 D7B60028 */  ldc1    $f22, 0x0028($sp)          
/* 027E8 80B5DAC8 D7B80030 */  ldc1    $f24, 0x0030($sp)          
/* 027EC 80B5DACC D7BA0038 */  ldc1    $f26, 0x0038($sp)          
/* 027F0 80B5DAD0 8FB00040 */  lw      $s0, 0x0040($sp)           
/* 027F4 80B5DAD4 8FB10044 */  lw      $s1, 0x0044($sp)           
/* 027F8 80B5DAD8 8FB20048 */  lw      $s2, 0x0048($sp)           
/* 027FC 80B5DADC 8FB3004C */  lw      $s3, 0x004C($sp)           
/* 02800 80B5DAE0 8FB40050 */  lw      $s4, 0x0050($sp)           
/* 02804 80B5DAE4 03E00008 */  jr      $ra                        
/* 02808 80B5DAE8 27BD0070 */  addiu   $sp, $sp, 0x0070           ## $sp = 00000000


glabel func_80B5DAEC
/* 0280C 80B5DAEC 27BDFFD0 */  addiu   $sp, $sp, 0xFFD0           ## $sp = FFFFFFD0
/* 02810 80B5DAF0 AFB00018 */  sw      $s0, 0x0018($sp)           
/* 02814 80B5DAF4 00808025 */  or      $s0, $a0, $zero            ## $s0 = 00000000
/* 02818 80B5DAF8 AFBF001C */  sw      $ra, 0x001C($sp)           
/* 0281C 80B5DAFC 8E190144 */  lw      $t9, 0x0144($s0)           ## 00000144
/* 02820 80B5DB00 02002025 */  or      $a0, $s0, $zero            ## $a0 = 00000000
/* 02824 80B5DB04 0320F809 */  jalr    $ra, $t9                   
/* 02828 80B5DB08 00000000 */  nop
/* 0282C 80B5DB0C 02002025 */  or      $a0, $s0, $zero            ## $a0 = 00000000
/* 02830 80B5DB10 0C02D9D7 */  jal     func_800B675C              
/* 02834 80B5DB14 3C054140 */  lui     $a1, 0x4140                ## $a1 = 41400000
/* 02838 80B5DB18 0C04DB34 */  jal     func_80136CD0              
/* 0283C 80B5DB1C 26040148 */  addiu   $a0, $s0, 0x0148           ## $a0 = 00000148
/* 02840 80B5DB20 26040747 */  addiu   $a0, $s0, 0x0747           ## $a0 = 00000747
/* 02844 80B5DB24 3C063F33 */  lui     $a2, 0x3F33                ## $a2 = 3F330000
/* 02848 80B5DB28 34C63333 */  ori     $a2, $a2, 0x3333           ## $a2 = 3F333333
/* 0284C 80B5DB2C AFA40024 */  sw      $a0, 0x0024($sp)           
/* 02850 80B5DB30 0C2D6ECE */  jal     func_80B5BB38              
/* 02854 80B5DB34 26050744 */  addiu   $a1, $s0, 0x0744           ## $a1 = 00000744
/* 02858 80B5DB38 960E032C */  lhu     $t6, 0x032C($s0)           ## 0000032C
/* 0285C 80B5DB3C 26040368 */  addiu   $a0, $s0, 0x0368           ## $a0 = 00000368
/* 02860 80B5DB40 26050378 */  addiu   $a1, $s0, 0x0378           ## $a1 = 00000378
/* 02864 80B5DB44 31CF0400 */  andi    $t7, $t6, 0x0400           ## $t7 = 00000000
/* 02868 80B5DB48 11E00003 */  beq     $t7, $zero, .L80B5DB58     
/* 0286C 80B5DB4C 8FA60024 */  lw      $a2, 0x0024($sp)           
/* 02870 80B5DB50 0C2D6EAB */  jal     func_80B5BAAC              
/* 02874 80B5DB54 240700D2 */  addiu   $a3, $zero, 0x00D2         ## $a3 = 000000D2
.L80B5DB58:
/* 02878 80B5DB58 8FBF001C */  lw      $ra, 0x001C($sp)           
/* 0287C 80B5DB5C 8FB00018 */  lw      $s0, 0x0018($sp)           
/* 02880 80B5DB60 27BD0030 */  addiu   $sp, $sp, 0x0030           ## $sp = 00000000
/* 02884 80B5DB64 03E00008 */  jr      $ra                        
/* 02888 80B5DB68 00000000 */  nop


glabel func_80B5DB6C
/* 0288C 80B5DB6C 27BDFF98 */  addiu   $sp, $sp, 0xFF98           ## $sp = FFFFFF98
/* 02890 80B5DB70 AFB10040 */  sw      $s1, 0x0040($sp)           
/* 02894 80B5DB74 AFB0003C */  sw      $s0, 0x003C($sp)           
/* 02898 80B5DB78 3C02801F */  lui     $v0, 0x801F                ## $v0 = 801F0000
/* 0289C 80B5DB7C 2442F670 */  addiu   $v0, $v0, 0xF670           ## $v0 = 801EF670
/* 028A0 80B5DB80 00808025 */  or      $s0, $a0, $zero            ## $s0 = 00000000
/* 028A4 80B5DB84 00A08825 */  or      $s1, $a1, $zero            ## $s1 = 00000000
/* 028A8 80B5DB88 AFBF0044 */  sw      $ra, 0x0044($sp)           
/* 028AC 80B5DB8C 904E0F4C */  lbu     $t6, 0x0F4C($v0)           ## 801F05BC
/* 028B0 80B5DB90 8E231CCC */  lw      $v1, 0x1CCC($s1)           ## 00001CCC
/* 028B4 80B5DB94 31CF0010 */  andi    $t7, $t6, 0x0010           ## $t7 = 00000000
/* 028B8 80B5DB98 55E0005D */  bnel    $t7, $zero, .L80B5DD10     
/* 028BC 80B5DB9C 8FBF0044 */  lw      $ra, 0x0044($sp)           
/* 028C0 80B5DBA0 9618032C */  lhu     $t8, 0x032C($s0)           ## 0000032C
/* 028C4 80B5DBA4 33190008 */  andi    $t9, $t8, 0x0008           ## $t9 = 00000000
/* 028C8 80B5DBA8 57200059 */  bnel    $t9, $zero, .L80B5DD10     
/* 028CC 80B5DBAC 8FBF0044 */  lw      $ra, 0x0044($sp)           
/* 028D0 80B5DBB0 90480F11 */  lbu     $t0, 0x0F11($v0)           ## 801F0581
/* 028D4 80B5DBB4 02202025 */  or      $a0, $s1, $zero            ## $a0 = 00000000
/* 028D8 80B5DBB8 26050024 */  addiu   $a1, $s0, 0x0024           ## $a1 = 00000024
/* 028DC 80B5DBBC 31090004 */  andi    $t1, $t0, 0x0004           ## $t1 = 00000000
/* 028E0 80B5DBC0 11200027 */  beq     $t1, $zero, .L80B5DC60     
/* 028E4 80B5DBC4 3C0A80B6 */  lui     $t2, %hi(D_80B5E888)       ## $t2 = 80B60000
/* 028E8 80B5DBC8 8606001C */  lh      $a2, 0x001C($s0)           ## 0000001C
/* 028EC 80B5DBCC 260A0340 */  addiu   $t2, $s0, 0x0340           ## $t2 = 00000340
/* 028F0 80B5DBD0 AFAA0010 */  sw      $t2, 0x0010($sp)           
/* 028F4 80B5DBD4 30C6007F */  andi    $a2, $a2, 0x007F           ## $a2 = 00000000
/* 028F8 80B5DBD8 00063400 */  sll     $a2, $a2, 16               
/* 028FC 80B5DBDC 00063403 */  sra     $a2, $a2, 16               
/* 02900 80B5DBE0 0C2D6CB8 */  jal     func_80B5B2E0              
/* 02904 80B5DBE4 27A70050 */  addiu   $a3, $sp, 0x0050           ## $a3 = FFFFFFE8
/* 02908 80B5DBE8 C7A40054 */  lwc1    $f4, 0x0054($sp)           
/* 0290C 80B5DBEC C7A60058 */  lwc1    $f6, 0x0058($sp)           
/* 02910 80B5DBF0 AFA00018 */  sw      $zero, 0x0018($sp)         
/* 02914 80B5DBF4 E7A40010 */  swc1    $f4, 0x0010($sp)           
/* 02918 80B5DBF8 E7A60014 */  swc1    $f6, 0x0014($sp)           
/* 0291C 80B5DBFC 860B00BE */  lh      $t3, 0x00BE($s0)           ## 000000BE
/* 02920 80B5DC00 240C0001 */  addiu   $t4, $zero, 0x0001         ## $t4 = 00000001
/* 02924 80B5DC04 AFAC0020 */  sw      $t4, 0x0020($sp)           
/* 02928 80B5DC08 AFAB001C */  sw      $t3, 0x001C($sp)           
/* 0292C 80B5DC0C 860D001C */  lh      $t5, 0x001C($s0)           ## 0000001C
/* 02930 80B5DC10 26241CA0 */  addiu   $a0, $s1, 0x1CA0           ## $a0 = 00001CA0
/* 02934 80B5DC14 02202825 */  or      $a1, $s1, $zero            ## $a1 = 00000000
/* 02938 80B5DC18 31AE3FFF */  andi    $t6, $t5, 0x3FFF           ## $t6 = 00000000
/* 0293C 80B5DC1C 35CF8000 */  ori     $t7, $t6, 0x8000           ## $t7 = 00008000
/* 02940 80B5DC20 AFAF0024 */  sw      $t7, 0x0024($sp)           
/* 02944 80B5DC24 82180038 */  lb      $t8, 0x0038($s0)           ## 00000038
/* 02948 80B5DC28 24060205 */  addiu   $a2, $zero, 0x0205         ## $a2 = 00000205
/* 0294C 80B5DC2C 8FA70050 */  lw      $a3, 0x0050($sp)           
/* 02950 80B5DC30 AFB80028 */  sw      $t8, 0x0028($sp)           
/* 02954 80B5DC34 86190020 */  lh      $t9, 0x0020($s0)           ## 00000020
/* 02958 80B5DC38 AFA00030 */  sw      $zero, 0x0030($sp)         
/* 0295C 80B5DC3C 0C02EB85 */  jal     func_800BAE14              
/* 02960 80B5DC40 AFB9002C */  sw      $t9, 0x002C($sp)           
/* 02964 80B5DC44 50400032 */  beql    $v0, $zero, .L80B5DD10     
/* 02968 80B5DC48 8FBF0044 */  lw      $ra, 0x0044($sp)           
/* 0296C 80B5DC4C 9608032C */  lhu     $t0, 0x032C($s0)           ## 0000032C
/* 02970 80B5DC50 35090008 */  ori     $t1, $t0, 0x0008           ## $t1 = 00000008
/* 02974 80B5DC54 A609032C */  sh      $t1, 0x032C($s0)           ## 0000032C
/* 02978 80B5DC58 1000002D */  beq     $zero, $zero, .L80B5DD10   
/* 0297C 80B5DC5C 8FBF0044 */  lw      $ra, 0x0044($sp)           
.L80B5DC60:
/* 02980 80B5DC60 8D4AE888 */  lw      $t2, %lo(D_80B5E888)($t2)  
/* 02984 80B5DC64 26240830 */  addiu   $a0, $s1, 0x0830           ## $a0 = 00000830
/* 02988 80B5DC68 51400021 */  beql    $t2, $zero, .L80B5DCF0     
/* 0298C 80B5DC6C 8C650080 */  lw      $a1, 0x0080($v1)           ## 00000080
/* 02990 80B5DC70 904B0F05 */  lbu     $t3, 0x0F05($v0)           ## 00000F05
/* 02994 80B5DC74 00003825 */  or      $a3, $zero, $zero          ## $a3 = 00000000
/* 02998 80B5DC78 26240830 */  addiu   $a0, $s1, 0x0830           ## $a0 = 00000830
/* 0299C 80B5DC7C 316C0001 */  andi    $t4, $t3, 0x0001           ## $t4 = 00000000
/* 029A0 80B5DC80 11800008 */  beq     $t4, $zero, .L80B5DCA4     
/* 029A4 80B5DC84 00000000 */  nop
/* 029A8 80B5DC88 8C650080 */  lw      $a1, 0x0080($v1)           ## 00000080
/* 029AC 80B5DC8C 90660085 */  lbu     $a2, 0x0085($v1)           ## 00000085
/* 029B0 80B5DC90 0C0326E4 */  jal     func_800C9B90              
/* 029B4 80B5DC94 AFA0004C */  sw      $zero, 0x004C($sp)         
/* 029B8 80B5DC98 14400002 */  bne     $v0, $zero, .L80B5DCA4     
/* 029BC 80B5DC9C 8FA7004C */  lw      $a3, 0x004C($sp)           
/* 029C0 80B5DCA0 24070001 */  addiu   $a3, $zero, 0x0001         ## $a3 = 00000001
.L80B5DCA4:
/* 029C4 80B5DCA4 14E00019 */  bne     $a3, $zero, .L80B5DD0C     
/* 029C8 80B5DCA8 3C0280B6 */  lui     $v0, %hi(D_80B5E888)       ## $v0 = 80B60000
/* 029CC 80B5DCAC 8C42E888 */  lw      $v0, %lo(D_80B5E888)($v0)  
/* 029D0 80B5DCB0 944D032C */  lhu     $t5, 0x032C($v0)           ## 80B6032C
/* 029D4 80B5DCB4 35AE0008 */  ori     $t6, $t5, 0x0008           ## $t6 = 00000008
/* 029D8 80B5DCB8 A44E032C */  sh      $t6, 0x032C($v0)           ## 80B6032C
/* 029DC 80B5DCBC 860F001C */  lh      $t7, 0x001C($s0)           ## 0000001C
/* 029E0 80B5DCC0 31F8007F */  andi    $t8, $t7, 0x007F           ## $t8 = 00000000
/* 029E4 80B5DCC4 A4580346 */  sh      $t8, 0x0346($v0)           ## 80B60346
/* 029E8 80B5DCC8 8619001C */  lh      $t9, 0x001C($s0)           ## 0000001C
/* 029EC 80B5DCCC A459001C */  sh      $t9, 0x001C($v0)           ## 80B6001C
/* 029F0 80B5DCD0 82080038 */  lb      $t0, 0x0038($s0)           ## 00000038
/* 029F4 80B5DCD4 A0480038 */  sb      $t0, 0x0038($v0)           ## 80B60038
/* 029F8 80B5DCD8 9609032C */  lhu     $t1, 0x032C($s0)           ## 0000032C
/* 029FC 80B5DCDC 352A0008 */  ori     $t2, $t1, 0x0008           ## $t2 = 00000008
/* 02A00 80B5DCE0 A60A032C */  sh      $t2, 0x032C($s0)           ## 0000032C
/* 02A04 80B5DCE4 1000000A */  beq     $zero, $zero, .L80B5DD10   
/* 02A08 80B5DCE8 8FBF0044 */  lw      $ra, 0x0044($sp)           
/* 02A0C 80B5DCEC 8C650080 */  lw      $a1, 0x0080($v1)           ## 00000080
.L80B5DCF0:
/* 02A10 80B5DCF0 90660085 */  lbu     $a2, 0x0085($v1)           ## 00000085
/* 02A14 80B5DCF4 0C0326E4 */  jal     func_800C9B90              
/* 02A18 80B5DCF8 AFA3005C */  sw      $v1, 0x005C($sp)           
/* 02A1C 80B5DCFC 10400003 */  beq     $v0, $zero, .L80B5DD0C     
/* 02A20 80B5DD00 8FA3005C */  lw      $v1, 0x005C($sp)           
/* 02A24 80B5DD04 240B001D */  addiu   $t3, $zero, 0x001D         ## $t3 = 0000001D
/* 02A28 80B5DD08 A06B0B2B */  sb      $t3, 0x0B2B($v1)           ## 00000B2B
.L80B5DD0C:
/* 02A2C 80B5DD0C 8FBF0044 */  lw      $ra, 0x0044($sp)           
.L80B5DD10:
/* 02A30 80B5DD10 8FB0003C */  lw      $s0, 0x003C($sp)           
/* 02A34 80B5DD14 8FB10040 */  lw      $s1, 0x0040($sp)           
/* 02A38 80B5DD18 03E00008 */  jr      $ra                        
/* 02A3C 80B5DD1C 27BD0068 */  addiu   $sp, $sp, 0x0068           ## $sp = 00000000


glabel func_80B5DD20
/* 02A40 80B5DD20 27BDFFB0 */  addiu   $sp, $sp, 0xFFB0           ## $sp = FFFFFFB0
/* 02A44 80B5DD24 AFB00028 */  sw      $s0, 0x0028($sp)           
/* 02A48 80B5DD28 00808025 */  or      $s0, $a0, $zero            ## $s0 = 00000000
/* 02A4C 80B5DD2C AFBF002C */  sw      $ra, 0x002C($sp)           
/* 02A50 80B5DD30 AFA50054 */  sw      $a1, 0x0054($sp)           
/* 02A54 80B5DD34 0C060067 */  jal     func_8018019C              
/* 02A58 80B5DD38 00000000 */  nop
/* 02A5C 80B5DD3C 8FA40054 */  lw      $a0, 0x0054($sp)           
/* 02A60 80B5DD40 260503A4 */  addiu   $a1, $s0, 0x03A4           ## $a1 = 000003A4
/* 02A64 80B5DD44 0C2D7876 */  jal     func_80B5E1D8              
/* 02A68 80B5DD48 2406000A */  addiu   $a2, $zero, 0x000A         ## $a2 = 0000000A
/* 02A6C 80B5DD4C 0C060073 */  jal     func_801801CC              
/* 02A70 80B5DD50 00000000 */  nop
/* 02A74 80B5DD54 8FAE0054 */  lw      $t6, 0x0054($sp)           
/* 02A78 80B5DD58 24050019 */  addiu   $a1, $zero, 0x0019         ## $a1 = 00000019
/* 02A7C 80B5DD5C 8DC30000 */  lw      $v1, 0x0000($t6)           ## 00000000
/* 02A80 80B5DD60 8C6402B0 */  lw      $a0, 0x02B0($v1)           ## 000002B0
/* 02A84 80B5DD64 0C04AFDE */  jal     func_8012BF78              
/* 02A88 80B5DD68 AFA3003C */  sw      $v1, 0x003C($sp)           
/* 02A8C 80B5DD6C 8FA3003C */  lw      $v1, 0x003C($sp)           
/* 02A90 80B5DD70 AC6202B0 */  sw      $v0, 0x02B0($v1)           ## 000002B0
/* 02A94 80B5DD74 0C04B0AD */  jal     func_8012C2B4              
/* 02A98 80B5DD78 8C6402C0 */  lw      $a0, 0x02C0($v1)           ## 000002C0
/* 02A9C 80B5DD7C 8FA3003C */  lw      $v1, 0x003C($sp)           
/* 02AA0 80B5DD80 3C040600 */  lui     $a0, 0x0600                ## $a0 = 06000000
/* 02AA4 80B5DD84 AC6202C0 */  sw      $v0, 0x02C0($v1)           ## 000002C0
/* 02AA8 80B5DD88 0C040141 */  jal     func_80100504              
/* 02AAC 80B5DD8C 248405F8 */  addiu   $a0, $a0, 0x05F8           ## $a0 = 060005F8
/* 02AB0 80B5DD90 8FA40054 */  lw      $a0, 0x0054($sp)           
/* 02AB4 80B5DD94 0C04C5D6 */  jal     func_80131758              
/* 02AB8 80B5DD98 00402825 */  or      $a1, $v0, $zero            ## $a1 = 00000000
/* 02ABC 80B5DD9C 8E05014C */  lw      $a1, 0x014C($s0)           ## 0000014C
/* 02AC0 80B5DDA0 8E060168 */  lw      $a2, 0x0168($s0)           ## 00000168
/* 02AC4 80B5DDA4 9207014A */  lbu     $a3, 0x014A($s0)           ## 0000014A
/* 02AC8 80B5DDA8 3C0F80B6 */  lui     $t7, %hi(func_80B5DECC)    ## $t7 = 80B60000
/* 02ACC 80B5DDAC 25EFDECC */  addiu   $t7, $t7, %lo(func_80B5DECC) ## $t7 = 80B5DECC
/* 02AD0 80B5DDB0 AFAF0014 */  sw      $t7, 0x0014($sp)           
/* 02AD4 80B5DDB4 AFB00018 */  sw      $s0, 0x0018($sp)           
/* 02AD8 80B5DDB8 AFA00010 */  sw      $zero, 0x0010($sp)         
/* 02ADC 80B5DDBC 0C04CFCA */  jal     func_80133F28              
/* 02AE0 80B5DDC0 8FA40054 */  lw      $a0, 0x0054($sp)           
/* 02AE4 80B5DDC4 C60C0378 */  lwc1    $f12, 0x0378($s0)          ## 00000378
/* 02AE8 80B5DDC8 C60E037C */  lwc1    $f14, 0x037C($s0)          ## 0000037C
/* 02AEC 80B5DDCC 8E060380 */  lw      $a2, 0x0380($s0)           ## 00000380
/* 02AF0 80B5DDD0 0C0600A7 */  jal     func_8018029C              
/* 02AF4 80B5DDD4 00003825 */  or      $a3, $zero, $zero          ## $a3 = 00000000
/* 02AF8 80B5DDD8 3C0180B6 */  lui     $at, %hi(D_80B5E4B4)       ## $at = 80B60000
/* 02AFC 80B5DDDC C42CE4B4 */  lwc1    $f12, %lo(D_80B5E4B4)($at) 
/* 02B00 80B5DDE0 24070001 */  addiu   $a3, $zero, 0x0001         ## $a3 = 00000001
/* 02B04 80B5DDE4 44066000 */  mfc1    $a2, $f12                  
/* 02B08 80B5DDE8 0C0600E7 */  jal     func_8018039C              
/* 02B0C 80B5DDEC 46006386 */  mov.s   $f14, $f12                 
/* 02B10 80B5DDF0 8FB80054 */  lw      $t8, 0x0054($sp)           
/* 02B14 80B5DDF4 8F020000 */  lw      $v0, 0x0000($t8)           ## 00000000
/* 02B18 80B5DDF8 8C4402C0 */  lw      $a0, 0x02C0($v0)           ## 000002C0
/* 02B1C 80B5DDFC 0C04B1FF */  jal     func_8012C7FC              
/* 02B20 80B5DE00 AFA20034 */  sw      $v0, 0x0034($sp)           
/* 02B24 80B5DE04 00401825 */  or      $v1, $v0, $zero            ## $v1 = 00000000
/* 02B28 80B5DE08 3C19E300 */  lui     $t9, 0xE300                ## $t9 = E3000000
/* 02B2C 80B5DE0C 37391803 */  ori     $t9, $t9, 0x1803           ## $t9 = E3001803
/* 02B30 80B5DE10 24080080 */  addiu   $t0, $zero, 0x0080         ## $t0 = 00000080
/* 02B34 80B5DE14 AC480004 */  sw      $t0, 0x0004($v0)           ## 00000004
/* 02B38 80B5DE18 AC590000 */  sw      $t9, 0x0000($v0)           ## 00000000
/* 02B3C 80B5DE1C 3C09FCFF */  lui     $t1, 0xFCFF                ## $t1 = FCFF0000
/* 02B40 80B5DE20 3C0AFF2D */  lui     $t2, 0xFF2D                ## $t2 = FF2D0000
/* 02B44 80B5DE24 354AFEFF */  ori     $t2, $t2, 0xFEFF           ## $t2 = FF2DFEFF
/* 02B48 80B5DE28 352997FF */  ori     $t1, $t1, 0x97FF           ## $t1 = FCFF97FF
/* 02B4C 80B5DE2C AC490008 */  sw      $t1, 0x0008($v0)           ## 00000008
/* 02B50 80B5DE30 AC4A000C */  sw      $t2, 0x000C($v0)           ## 0000000C
/* 02B54 80B5DE34 3C0C0403 */  lui     $t4, 0x0403                ## $t4 = 04030000
/* 02B58 80B5DE38 258C9CB0 */  addiu   $t4, $t4, 0x9CB0           ## $t4 = 04029CB0
/* 02B5C 80B5DE3C 3C0BDE00 */  lui     $t3, 0xDE00                ## $t3 = DE000000
/* 02B60 80B5DE40 AC4B0010 */  sw      $t3, 0x0010($v0)           ## 00000010
/* 02B64 80B5DE44 AC4C0014 */  sw      $t4, 0x0014($v0)           ## 00000014
/* 02B68 80B5DE48 3C0DFA00 */  lui     $t5, 0xFA00                ## $t5 = FA000000
/* 02B6C 80B5DE4C AC4D0018 */  sw      $t5, 0x0018($v0)           ## 00000018
/* 02B70 80B5DE50 92080748 */  lbu     $t0, 0x0748($s0)           ## 00000748
/* 02B74 80B5DE54 920F0747 */  lbu     $t7, 0x0747($s0)           ## 00000747
/* 02B78 80B5DE58 920C0749 */  lbu     $t4, 0x0749($s0)           ## 00000749
/* 02B7C 80B5DE5C 00084C00 */  sll     $t1, $t0, 16               
/* 02B80 80B5DE60 000FC600 */  sll     $t8, $t7, 24               
/* 02B84 80B5DE64 03095025 */  or      $t2, $t8, $t1              ## $t2 = FCFF97FF
/* 02B88 80B5DE68 000C6A00 */  sll     $t5, $t4,  8               
/* 02B8C 80B5DE6C 014D7025 */  or      $t6, $t2, $t5              ## $t6 = FEFF97FF
/* 02B90 80B5DE70 35CF0032 */  ori     $t7, $t6, 0x0032           ## $t7 = FEFF97FF
/* 02B94 80B5DE74 AC4F001C */  sw      $t7, 0x001C($v0)           ## 0000001C
/* 02B98 80B5DE78 3C19DA38 */  lui     $t9, 0xDA38                ## $t9 = DA380000
/* 02B9C 80B5DE7C 37390003 */  ori     $t9, $t9, 0x0003           ## $t9 = DA380003
/* 02BA0 80B5DE80 AC790020 */  sw      $t9, 0x0020($v1)           ## 00000020
/* 02BA4 80B5DE84 8FA80054 */  lw      $t0, 0x0054($sp)           
/* 02BA8 80B5DE88 8D040000 */  lw      $a0, 0x0000($t0)           ## 00000080
/* 02BAC 80B5DE8C 0C060690 */  jal     func_80181A40              
/* 02BB0 80B5DE90 AFA30040 */  sw      $v1, 0x0040($sp)           
/* 02BB4 80B5DE94 8FA30040 */  lw      $v1, 0x0040($sp)           
/* 02BB8 80B5DE98 3C18DE00 */  lui     $t8, 0xDE00                ## $t8 = DE000000
/* 02BBC 80B5DE9C 3C090403 */  lui     $t1, 0x0403                ## $t1 = 04030000
/* 02BC0 80B5DEA0 AC620024 */  sw      $v0, 0x0024($v1)           ## 00000024
/* 02BC4 80B5DEA4 25299CF0 */  addiu   $t1, $t1, 0x9CF0           ## $t1 = 04029CF0
/* 02BC8 80B5DEA8 AC69002C */  sw      $t1, 0x002C($v1)           ## 0000002C
/* 02BCC 80B5DEAC AC780028 */  sw      $t8, 0x0028($v1)           ## 00000028
/* 02BD0 80B5DEB0 8FAC0034 */  lw      $t4, 0x0034($sp)           
/* 02BD4 80B5DEB4 246B0030 */  addiu   $t3, $v1, 0x0030           ## $t3 = 00000030
/* 02BD8 80B5DEB8 AD8B02C0 */  sw      $t3, 0x02C0($t4)           ## 000002C0
/* 02BDC 80B5DEBC 8FBF002C */  lw      $ra, 0x002C($sp)           
/* 02BE0 80B5DEC0 8FB00028 */  lw      $s0, 0x0028($sp)           
/* 02BE4 80B5DEC4 03E00008 */  jr      $ra                        
/* 02BE8 80B5DEC8 27BD0050 */  addiu   $sp, $sp, 0x0050           ## $sp = 00000000


glabel func_80B5DECC
/* 02BEC 80B5DECC 27BDFFE8 */  addiu   $sp, $sp, 0xFFE8           ## $sp = FFFFFFE8
/* 02BF0 80B5DED0 AFBF0014 */  sw      $ra, 0x0014($sp)           
/* 02BF4 80B5DED4 AFA60020 */  sw      $a2, 0x0020($sp)           
/* 02BF8 80B5DED8 AFA70024 */  sw      $a3, 0x0024($sp)           
/* 02BFC 80B5DEDC 24010004 */  addiu   $at, $zero, 0x0004         ## $at = 00000004
/* 02C00 80B5DEE0 14A10010 */  bne     $a1, $at, .L80B5DF24       
/* 02C04 80B5DEE4 3C0EDE00 */  lui     $t6, 0xDE00                ## $t6 = DE000000
/* 02C08 80B5DEE8 8C830000 */  lw      $v1, 0x0000($a0)           ## 00000000
/* 02C0C 80B5DEEC 3C0F0600 */  lui     $t7, 0x0600                ## $t7 = 06000000
/* 02C10 80B5DEF0 25EF04A0 */  addiu   $t7, $t7, 0x04A0           ## $t7 = 060004A0
/* 02C14 80B5DEF4 8C6202B0 */  lw      $v0, 0x02B0($v1)           ## 000002B0
/* 02C18 80B5DEF8 AC4E0000 */  sw      $t6, 0x0000($v0)           ## 00000000
/* 02C1C 80B5DEFC AC4F0004 */  sw      $t7, 0x0004($v0)           ## 00000004
/* 02C20 80B5DF00 24580008 */  addiu   $t8, $v0, 0x0008           ## $t8 = 00000008
/* 02C24 80B5DF04 AC7802B0 */  sw      $t8, 0x02B0($v1)           ## 000002B0
/* 02C28 80B5DF08 8FA50028 */  lw      $a1, 0x0028($sp)           
/* 02C2C 80B5DF0C 3C0480B6 */  lui     $a0, %hi(D_80B5E410)       ## $a0 = 80B60000
/* 02C30 80B5DF10 2484E410 */  addiu   $a0, $a0, %lo(D_80B5E410)  ## $a0 = 80B5E410
/* 02C34 80B5DF14 0C0606A6 */  jal     func_80181A98              
/* 02C38 80B5DF18 24A5074C */  addiu   $a1, $a1, 0x074C           ## $a1 = 0000074C
/* 02C3C 80B5DF1C 1000000B */  beq     $zero, $zero, .L80B5DF4C   
/* 02C40 80B5DF20 8FBF0014 */  lw      $ra, 0x0014($sp)           
.L80B5DF24:
/* 02C44 80B5DF24 24010001 */  addiu   $at, $zero, 0x0001         ## $at = 00000001
/* 02C48 80B5DF28 14A10007 */  bne     $a1, $at, .L80B5DF48       
/* 02C4C 80B5DF2C 8FA40028 */  lw      $a0, 0x0028($sp)           
/* 02C50 80B5DF30 0C0606D4 */  jal     func_80181B50              
/* 02C54 80B5DF34 24840378 */  addiu   $a0, $a0, 0x0378           ## $a0 = 00000378
/* 02C58 80B5DF38 8FA20028 */  lw      $v0, 0x0028($sp)           
/* 02C5C 80B5DF3C 9459032C */  lhu     $t9, 0x032C($v0)           ## 0000032C
/* 02C60 80B5DF40 37280400 */  ori     $t0, $t9, 0x0400           ## $t0 = 00000400
/* 02C64 80B5DF44 A448032C */  sh      $t0, 0x032C($v0)           ## 0000032C
.L80B5DF48:
/* 02C68 80B5DF48 8FBF0014 */  lw      $ra, 0x0014($sp)           
.L80B5DF4C:
/* 02C6C 80B5DF4C 27BD0018 */  addiu   $sp, $sp, 0x0018           ## $sp = 00000000
/* 02C70 80B5DF50 03E00008 */  jr      $ra                        
/* 02C74 80B5DF54 00000000 */  nop


glabel func_80B5DF58
/* 02C78 80B5DF58 27BDFFE0 */  addiu   $sp, $sp, 0xFFE0           ## $sp = FFFFFFE0
/* 02C7C 80B5DF5C AFB00018 */  sw      $s0, 0x0018($sp)           
/* 02C80 80B5DF60 AFA7002C */  sw      $a3, 0x002C($sp)           
/* 02C84 80B5DF64 00803825 */  or      $a3, $a0, $zero            ## $a3 = 00000000
/* 02C88 80B5DF68 8FB00030 */  lw      $s0, 0x0030($sp)           
/* 02C8C 80B5DF6C AFBF001C */  sw      $ra, 0x001C($sp)           
/* 02C90 80B5DF70 AFA40020 */  sw      $a0, 0x0020($sp)           
/* 02C94 80B5DF74 AFA50024 */  sw      $a1, 0x0024($sp)           
/* 02C98 80B5DF78 AFA60028 */  sw      $a2, 0x0028($sp)           
/* 02C9C 80B5DF7C 1A00000B */  blez    $s0, .L80B5DFAC            
/* 02CA0 80B5DF80 00001025 */  or      $v0, $zero, $zero          ## $v0 = 00000000
/* 02CA4 80B5DF84 90EE0000 */  lbu     $t6, 0x0000($a3)           ## 00000000
/* 02CA8 80B5DF88 51C00009 */  beql    $t6, $zero, .L80B5DFB0     
/* 02CAC 80B5DF8C 0050082A */  slt     $at, $v0, $s0              
/* 02CB0 80B5DF90 24420001 */  addiu   $v0, $v0, 0x0001           ## $v0 = 00000001
.L80B5DF94:
/* 02CB4 80B5DF94 0050082A */  slt     $at, $v0, $s0              
/* 02CB8 80B5DF98 10200004 */  beq     $at, $zero, .L80B5DFAC     
/* 02CBC 80B5DF9C 24E7005C */  addiu   $a3, $a3, 0x005C           ## $a3 = 0000005C
/* 02CC0 80B5DFA0 90EF0000 */  lbu     $t7, 0x0000($a3)           ## 0000005C
/* 02CC4 80B5DFA4 55E0FFFB */  bnel    $t7, $zero, .L80B5DF94     
/* 02CC8 80B5DFA8 24420001 */  addiu   $v0, $v0, 0x0001           ## $v0 = 00000002
.L80B5DFAC:
/* 02CCC 80B5DFAC 0050082A */  slt     $at, $v0, $s0              
.L80B5DFB0:
/* 02CD0 80B5DFB0 1020002B */  beq     $at, $zero, .L80B5E060     
/* 02CD4 80B5DFB4 93A20027 */  lbu     $v0, 0x0027($sp)           
/* 02CD8 80B5DFB8 24010001 */  addiu   $at, $zero, 0x0001         ## $at = 00000001
/* 02CDC 80B5DFBC 10410004 */  beq     $v0, $at, .L80B5DFD0       
/* 02CE0 80B5DFC0 93B80027 */  lbu     $t8, 0x0027($sp)           
/* 02CE4 80B5DFC4 24010002 */  addiu   $at, $zero, 0x0002         ## $at = 00000002
/* 02CE8 80B5DFC8 54410026 */  bnel    $v0, $at, .L80B5E064       
/* 02CEC 80B5DFCC 00E01025 */  or      $v0, $a3, $zero            ## $v0 = 0000005C
.L80B5DFD0:
/* 02CF0 80B5DFD0 A0F80000 */  sb      $t8, 0x0000($a3)           ## 0000005C
/* 02CF4 80B5DFD4 AFA70020 */  sw      $a3, 0x0020($sp)           
/* 02CF8 80B5DFD8 8FA50028 */  lw      $a1, 0x0028($sp)           
/* 02CFC 80B5DFDC 0C03FD43 */  jal     func_800FF50C              
/* 02D00 80B5DFE0 24E4000C */  addiu   $a0, $a3, 0x000C           ## $a0 = 00000068
/* 02D04 80B5DFE4 8FA70020 */  lw      $a3, 0x0020($sp)           
/* 02D08 80B5DFE8 8FA50028 */  lw      $a1, 0x0028($sp)           
/* 02D0C 80B5DFEC 0C03FD43 */  jal     func_800FF50C              
/* 02D10 80B5DFF0 24E40050 */  addiu   $a0, $a3, 0x0050           ## $a0 = 00000050
/* 02D14 80B5DFF4 8FA70020 */  lw      $a3, 0x0020($sp)           
/* 02D18 80B5DFF8 3C0180B6 */  lui     $at, %hi(D_80B5E4B8)       ## $at = 80B60000
/* 02D1C 80B5DFFC 44800000 */  mtc1    $zero, $f0                 ## $f0 = 0.00
/* 02D20 80B5E000 C424E4B8 */  lwc1    $f4, %lo(D_80B5E4B8)($at)  
/* 02D24 80B5E004 3C0180B6 */  lui     $at, %hi(D_80B5E4BC)       ## $at = 80B60000
/* 02D28 80B5E008 E4E00030 */  swc1    $f0, 0x0030($a3)           ## 00000030
/* 02D2C 80B5E00C E4E40004 */  swc1    $f4, 0x0004($a3)           ## 00000004
/* 02D30 80B5E010 E4E00034 */  swc1    $f0, 0x0034($a3)           ## 00000034
/* 02D34 80B5E014 C426E4BC */  lwc1    $f6, %lo(D_80B5E4BC)($at)  
/* 02D38 80B5E018 3C0180B6 */  lui     $at, %hi(D_80B5E4C0)       ## $at = 80B60000
/* 02D3C 80B5E01C 90E80000 */  lbu     $t0, 0x0000($a3)           ## 00000000
/* 02D40 80B5E020 E4E60038 */  swc1    $f6, 0x0038($a3)           ## 00000038
/* 02D44 80B5E024 C428E4C0 */  lwc1    $f8, %lo(D_80B5E4C0)($at)  
/* 02D48 80B5E028 3C0180B6 */  lui     $at, %hi(D_80B5E4C4)       ## $at = 80B60000
/* 02D4C 80B5E02C 24190028 */  addiu   $t9, $zero, 0x0028         ## $t9 = 00000028
/* 02D50 80B5E030 E4E8003C */  swc1    $f8, 0x003C($a3)           ## 0000003C
/* 02D54 80B5E034 C42AE4C4 */  lwc1    $f10, %lo(D_80B5E4C4)($at) 
/* 02D58 80B5E038 24010002 */  addiu   $at, $zero, 0x0002         ## $at = 00000002
/* 02D5C 80B5E03C A0F9004C */  sb      $t9, 0x004C($a3)           ## 0000004C
/* 02D60 80B5E040 15010007 */  bne     $t0, $at, .L80B5E060       
/* 02D64 80B5E044 E4EA0040 */  swc1    $f10, 0x0040($a3)          ## 00000040
/* 02D68 80B5E048 C4F00030 */  lwc1    $f16, 0x0030($a3)          ## 00000030
/* 02D6C 80B5E04C C4E40038 */  lwc1    $f4, 0x0038($a3)           ## 00000038
/* 02D70 80B5E050 46008487 */  neg.s   $f18, $f16                 
/* 02D74 80B5E054 46002187 */  neg.s   $f6, $f4                   
/* 02D78 80B5E058 E4F20030 */  swc1    $f18, 0x0030($a3)          ## 00000030
/* 02D7C 80B5E05C E4E60038 */  swc1    $f6, 0x0038($a3)           ## 00000038
.L80B5E060:
/* 02D80 80B5E060 00E01025 */  or      $v0, $a3, $zero            ## $v0 = 00000000
.L80B5E064:
/* 02D84 80B5E064 8FBF001C */  lw      $ra, 0x001C($sp)           
/* 02D88 80B5E068 8FB00018 */  lw      $s0, 0x0018($sp)           
/* 02D8C 80B5E06C 27BD0020 */  addiu   $sp, $sp, 0x0020           ## $sp = 00000000
/* 02D90 80B5E070 03E00008 */  jr      $ra                        
/* 02D94 80B5E074 00000000 */  nop


glabel func_80B5E078
/* 02D98 80B5E078 27BDFFA0 */  addiu   $sp, $sp, 0xFFA0           ## $sp = FFFFFFA0
/* 02D9C 80B5E07C AFB70038 */  sw      $s7, 0x0038($sp)           
/* 02DA0 80B5E080 AFB0001C */  sw      $s0, 0x001C($sp)           
/* 02DA4 80B5E084 00A08025 */  or      $s0, $a1, $zero            ## $s0 = 00000000
/* 02DA8 80B5E088 00C0B825 */  or      $s7, $a2, $zero            ## $s7 = 00000000
/* 02DAC 80B5E08C AFBF003C */  sw      $ra, 0x003C($sp)           
/* 02DB0 80B5E090 AFB60034 */  sw      $s6, 0x0034($sp)           
/* 02DB4 80B5E094 AFB50030 */  sw      $s5, 0x0030($sp)           
/* 02DB8 80B5E098 AFB4002C */  sw      $s4, 0x002C($sp)           
/* 02DBC 80B5E09C AFB30028 */  sw      $s3, 0x0028($sp)           
/* 02DC0 80B5E0A0 AFB20024 */  sw      $s2, 0x0024($sp)           
/* 02DC4 80B5E0A4 AFB10020 */  sw      $s1, 0x0020($sp)           
/* 02DC8 80B5E0A8 F7B40010 */  sdc1    $f20, 0x0010($sp)          
/* 02DCC 80B5E0AC 00803825 */  or      $a3, $a0, $zero            ## $a3 = 00000000
/* 02DD0 80B5E0B0 84EE0810 */  lh      $t6, 0x0810($a3)           ## 00000810
/* 02DD4 80B5E0B4 000E7880 */  sll     $t7, $t6,  2               
/* 02DD8 80B5E0B8 00EFC021 */  addu    $t8, $a3, $t7              
/* 02DDC 80B5E0BC 0C037F1A */  jal     func_800DFC68              
/* 02DE0 80B5E0C0 8F040800 */  lw      $a0, 0x0800($t8)           ## 00000800
/* 02DE4 80B5E0C4 0002B400 */  sll     $s6, $v0, 16               
/* 02DE8 80B5E0C8 0016B403 */  sra     $s6, $s6, 16               
/* 02DEC 80B5E0CC 1AE00036 */  blez    $s7, .L80B5E1A8            
/* 02DF0 80B5E0D0 00009025 */  or      $s2, $zero, $zero          ## $s2 = 00000000
/* 02DF4 80B5E0D4 4480A000 */  mtc1    $zero, $f20                ## $f20 = 0.00
/* 02DF8 80B5E0D8 27B50054 */  addiu   $s5, $sp, 0x0054           ## $s5 = FFFFFFF4
/* 02DFC 80B5E0DC 24140002 */  addiu   $s4, $zero, 0x0002         ## $s4 = 00000002
/* 02E00 80B5E0E0 24130001 */  addiu   $s3, $zero, 0x0001         ## $s3 = 00000001
.L80B5E0E4:
/* 02E04 80B5E0E4 92020000 */  lbu     $v0, 0x0000($s0)           ## 00000000
/* 02E08 80B5E0E8 52620004 */  beql    $s3, $v0, .L80B5E0FC       
/* 02E0C 80B5E0EC 9202004C */  lbu     $v0, 0x004C($s0)           ## 0000004C
/* 02E10 80B5E0F0 5682002B */  bnel    $s4, $v0, .L80B5E1A0       
/* 02E14 80B5E0F4 26520001 */  addiu   $s2, $s2, 0x0001           ## $s2 = 00000001
/* 02E18 80B5E0F8 9202004C */  lbu     $v0, 0x004C($s0)           ## 0000004C
.L80B5E0FC:
/* 02E1C 80B5E0FC 14400003 */  bne     $v0, $zero, .L80B5E10C     
/* 02E20 80B5E100 2459FFFF */  addiu   $t9, $v0, 0xFFFF           ## $t9 = FFFFFFFF
/* 02E24 80B5E104 10000003 */  beq     $zero, $zero, .L80B5E114   
/* 02E28 80B5E108 00001825 */  or      $v1, $zero, $zero          ## $v1 = 00000000
.L80B5E10C:
/* 02E2C 80B5E10C A219004C */  sb      $t9, 0x004C($s0)           ## 0000004C
/* 02E30 80B5E110 332300FF */  andi    $v1, $t9, 0x00FF           ## $v1 = 000000FF
.L80B5E114:
/* 02E34 80B5E114 54600003 */  bnel    $v1, $zero, .L80B5E124     
/* 02E38 80B5E118 C6040030 */  lwc1    $f4, 0x0030($s0)           ## 00000030
/* 02E3C 80B5E11C A2000000 */  sb      $zero, 0x0000($s0)         ## 00000000
/* 02E40 80B5E120 C6040030 */  lwc1    $f4, 0x0030($s0)           ## 00000030
.L80B5E124:
/* 02E44 80B5E124 C6060038 */  lwc1    $f6, 0x0038($s0)           ## 00000038
/* 02E48 80B5E128 C600003C */  lwc1    $f0, 0x003C($s0)           ## 0000003C
/* 02E4C 80B5E12C C60A0034 */  lwc1    $f10, 0x0034($s0)          ## 00000034
/* 02E50 80B5E130 46062200 */  add.s   $f8, $f4, $f6              
/* 02E54 80B5E134 C6120040 */  lwc1    $f18, 0x0040($s0)          ## 00000040
/* 02E58 80B5E138 00162400 */  sll     $a0, $s6, 16               
/* 02E5C 80B5E13C 46005400 */  add.s   $f16, $f10, $f0            
/* 02E60 80B5E140 E6080030 */  swc1    $f8, 0x0030($s0)           ## 00000030
/* 02E64 80B5E144 C6060030 */  lwc1    $f6, 0x0030($s0)           ## 00000030
/* 02E68 80B5E148 46120100 */  add.s   $f4, $f0, $f18             
/* 02E6C 80B5E14C E6100034 */  swc1    $f16, 0x0034($s0)          ## 00000034
/* 02E70 80B5E150 00042403 */  sra     $a0, $a0, 16               
/* 02E74 80B5E154 00002825 */  or      $a1, $zero, $zero          ## $a1 = 00000000
/* 02E78 80B5E158 E604003C */  swc1    $f4, 0x003C($s0)           ## 0000003C
/* 02E7C 80B5E15C E7A60054 */  swc1    $f6, 0x0054($sp)           
/* 02E80 80B5E160 C6080034 */  lwc1    $f8, 0x0034($s0)           ## 00000034
/* 02E84 80B5E164 E7B4005C */  swc1    $f20, 0x005C($sp)          
/* 02E88 80B5E168 0C06026B */  jal     func_801809AC              
/* 02E8C 80B5E16C E7A80058 */  swc1    $f8, 0x0058($sp)           
/* 02E90 80B5E170 2611000C */  addiu   $s1, $s0, 0x000C           ## $s1 = 0000000C
/* 02E94 80B5E174 02202825 */  or      $a1, $s1, $zero            ## $a1 = 0000000C
/* 02E98 80B5E178 0C0606A6 */  jal     func_80181A98              
/* 02E9C 80B5E17C 02A02025 */  or      $a0, $s5, $zero            ## $a0 = FFFFFFF4
/* 02EA0 80B5E180 02202025 */  or      $a0, $s1, $zero            ## $a0 = 0000000C
/* 02EA4 80B5E184 26050050 */  addiu   $a1, $s0, 0x0050           ## $a1 = 00000050
/* 02EA8 80B5E188 0C03FD6F */  jal     func_800FF5BC              
/* 02EAC 80B5E18C 02203025 */  or      $a2, $s1, $zero            ## $a2 = 0000000C
/* 02EB0 80B5E190 9208004C */  lbu     $t0, 0x004C($s0)           ## 0000004C
/* 02EB4 80B5E194 2509FFFF */  addiu   $t1, $t0, 0xFFFF           ## $t1 = FFFFFFFF
/* 02EB8 80B5E198 A209004C */  sb      $t1, 0x004C($s0)           ## 0000004C
/* 02EBC 80B5E19C 26520001 */  addiu   $s2, $s2, 0x0001           ## $s2 = 00000002
.L80B5E1A0:
/* 02EC0 80B5E1A0 1657FFD0 */  bne     $s2, $s7, .L80B5E0E4       
/* 02EC4 80B5E1A4 2610005C */  addiu   $s0, $s0, 0x005C           ## $s0 = 0000005C
.L80B5E1A8:
/* 02EC8 80B5E1A8 8FBF003C */  lw      $ra, 0x003C($sp)           
/* 02ECC 80B5E1AC D7B40010 */  ldc1    $f20, 0x0010($sp)          
/* 02ED0 80B5E1B0 8FB0001C */  lw      $s0, 0x001C($sp)           
/* 02ED4 80B5E1B4 8FB10020 */  lw      $s1, 0x0020($sp)           
/* 02ED8 80B5E1B8 8FB20024 */  lw      $s2, 0x0024($sp)           
/* 02EDC 80B5E1BC 8FB30028 */  lw      $s3, 0x0028($sp)           
/* 02EE0 80B5E1C0 8FB4002C */  lw      $s4, 0x002C($sp)           
/* 02EE4 80B5E1C4 8FB50030 */  lw      $s5, 0x0030($sp)           
/* 02EE8 80B5E1C8 8FB60034 */  lw      $s6, 0x0034($sp)           
/* 02EEC 80B5E1CC 8FB70038 */  lw      $s7, 0x0038($sp)           
/* 02EF0 80B5E1D0 03E00008 */  jr      $ra                        
/* 02EF4 80B5E1D4 27BD0060 */  addiu   $sp, $sp, 0x0060           ## $sp = 00000000


glabel func_80B5E1D8
/* 02EF8 80B5E1D8 27BDFFC0 */  addiu   $sp, $sp, 0xFFC0           ## $sp = FFFFFFC0
/* 02EFC 80B5E1DC AFB30024 */  sw      $s3, 0x0024($sp)           
/* 02F00 80B5E1E0 AFB20020 */  sw      $s2, 0x0020($sp)           
/* 02F04 80B5E1E4 00A09025 */  or      $s2, $a1, $zero            ## $s2 = 00000000
/* 02F08 80B5E1E8 00809825 */  or      $s3, $a0, $zero            ## $s3 = 00000000
/* 02F0C 80B5E1EC AFBF003C */  sw      $ra, 0x003C($sp)           
/* 02F10 80B5E1F0 AFBE0038 */  sw      $s8, 0x0038($sp)           
/* 02F14 80B5E1F4 AFB70034 */  sw      $s7, 0x0034($sp)           
/* 02F18 80B5E1F8 AFB60030 */  sw      $s6, 0x0030($sp)           
/* 02F1C 80B5E1FC AFB5002C */  sw      $s5, 0x002C($sp)           
/* 02F20 80B5E200 AFB40028 */  sw      $s4, 0x0028($sp)           
/* 02F24 80B5E204 AFB1001C */  sw      $s1, 0x001C($sp)           
/* 02F28 80B5E208 AFB00018 */  sw      $s0, 0x0018($sp)           
/* 02F2C 80B5E20C AFA60048 */  sw      $a2, 0x0048($sp)           
/* 02F30 80B5E210 0000B825 */  or      $s7, $zero, $zero          ## $s7 = 00000000
/* 02F34 80B5E214 8E710000 */  lw      $s1, 0x0000($s3)           ## 00000000
/* 02F38 80B5E218 02602025 */  or      $a0, $s3, $zero            ## $a0 = 00000000
/* 02F3C 80B5E21C 0C05982E */  jal     func_801660B8              
/* 02F40 80B5E220 8E2502B0 */  lw      $a1, 0x02B0($s1)           ## 000002B0
/* 02F44 80B5E224 AE2202B0 */  sw      $v0, 0x02B0($s1)           ## 000002B0
/* 02F48 80B5E228 0C04B1C9 */  jal     func_8012C724              
/* 02F4C 80B5E22C 00402025 */  or      $a0, $v0, $zero            ## $a0 = 00000000
/* 02F50 80B5E230 AE2202B0 */  sw      $v0, 0x02B0($s1)           ## 000002B0
/* 02F54 80B5E234 8FAE0048 */  lw      $t6, 0x0048($sp)           
/* 02F58 80B5E238 0000A025 */  or      $s4, $zero, $zero          ## $s4 = 00000000
/* 02F5C 80B5E23C 341E8000 */  ori     $s8, $zero, 0x8000         ## $s8 = 00008000
/* 02F60 80B5E240 19C00042 */  blez    $t6, .L80B5E34C            
/* 02F64 80B5E244 3C16DE00 */  lui     $s6, 0xDE00                ## $s6 = DE000000
/* 02F68 80B5E248 924F0000 */  lbu     $t7, 0x0000($s2)           ## 00000000
.L80B5E24C:
/* 02F6C 80B5E24C 3C150600 */  lui     $s5, 0x0600                ## $s5 = 06000000
/* 02F70 80B5E250 00003825 */  or      $a3, $zero, $zero          ## $a3 = 00000000
/* 02F74 80B5E254 51E00039 */  beql    $t7, $zero, .L80B5E33C     
/* 02F78 80B5E258 8FAF0048 */  lw      $t7, 0x0048($sp)           
/* 02F7C 80B5E25C 16E00009 */  bne     $s7, $zero, .L80B5E284     
/* 02F80 80B5E260 26B50078 */  addiu   $s5, $s5, 0x0078           ## $s5 = 06000078
/* 02F84 80B5E264 3C040600 */  lui     $a0, 0x0600                ## $a0 = 06000000
/* 02F88 80B5E268 24840040 */  addiu   $a0, $a0, 0x0040           ## $a0 = 06000040
/* 02F8C 80B5E26C 24170001 */  addiu   $s7, $zero, 0x0001         ## $s7 = 00000001
/* 02F90 80B5E270 8E2202B0 */  lw      $v0, 0x02B0($s1)           ## 000002B0
/* 02F94 80B5E274 24580008 */  addiu   $t8, $v0, 0x0008           ## $t8 = 00000008
/* 02F98 80B5E278 AE3802B0 */  sw      $t8, 0x02B0($s1)           ## 000002B0
/* 02F9C 80B5E27C AC440004 */  sw      $a0, 0x0004($v0)           ## 00000004
/* 02FA0 80B5E280 AC560000 */  sw      $s6, 0x0000($v0)           ## 00000000
.L80B5E284:
/* 02FA4 80B5E284 C64C000C */  lwc1    $f12, 0x000C($s2)          ## 0000000C
/* 02FA8 80B5E288 C64E0010 */  lwc1    $f14, 0x0010($s2)          ## 00000010
/* 02FAC 80B5E28C 0C0600A7 */  jal     func_8018029C              
/* 02FB0 80B5E290 8E460014 */  lw      $a2, 0x0014($s2)           ## 00000014
/* 02FB4 80B5E294 86790810 */  lh      $t9, 0x0810($s3)           ## 00000810
/* 02FB8 80B5E298 00194080 */  sll     $t0, $t9,  2               
/* 02FBC 80B5E29C 02684821 */  addu    $t1, $s3, $t0              
/* 02FC0 80B5E2A0 0C037F37 */  jal     func_800DFCDC              
/* 02FC4 80B5E2A4 8D240800 */  lw      $a0, 0x0800($t1)           ## 00000800
/* 02FC8 80B5E2A8 005E2021 */  addu    $a0, $v0, $s8              
/* 02FCC 80B5E2AC 00042400 */  sll     $a0, $a0, 16               
/* 02FD0 80B5E2B0 00042403 */  sra     $a0, $a0, 16               
/* 02FD4 80B5E2B4 0C06026B */  jal     func_801809AC              
/* 02FD8 80B5E2B8 24050001 */  addiu   $a1, $zero, 0x0001         ## $a1 = 00000001
/* 02FDC 80B5E2BC C64C0004 */  lwc1    $f12, 0x0004($s2)          ## 00000004
/* 02FE0 80B5E2C0 24070001 */  addiu   $a3, $zero, 0x0001         ## $a3 = 00000001
/* 02FE4 80B5E2C4 44066000 */  mfc1    $a2, $f12                  
/* 02FE8 80B5E2C8 0C0600E7 */  jal     func_8018039C              
/* 02FEC 80B5E2CC 46006386 */  mov.s   $f14, $f12                 
/* 02FF0 80B5E2D0 8E2202B0 */  lw      $v0, 0x02B0($s1)           ## 000002B0
/* 02FF4 80B5E2D4 3C0BDB06 */  lui     $t3, 0xDB06                ## $t3 = DB060000
/* 02FF8 80B5E2D8 356B0020 */  ori     $t3, $t3, 0x0020           ## $t3 = DB060020
/* 02FFC 80B5E2DC 244A0008 */  addiu   $t2, $v0, 0x0008           ## $t2 = 00000008
/* 03000 80B5E2E0 AE2A02B0 */  sw      $t2, 0x02B0($s1)           ## 000002B0
/* 03004 80B5E2E4 3C040406 */  lui     $a0, 0x0406                ## $a0 = 04060000
/* 03008 80B5E2E8 2484E6F0 */  addiu   $a0, $a0, 0xE6F0           ## $a0 = 0405E6F0
/* 0300C 80B5E2EC AC4B0000 */  sw      $t3, 0x0000($v0)           ## 00000000
/* 03010 80B5E2F0 0C040141 */  jal     func_80100504              
/* 03014 80B5E2F4 00408025 */  or      $s0, $v0, $zero            ## $s0 = 00000000
/* 03018 80B5E2F8 AE020004 */  sw      $v0, 0x0004($s0)           ## 00000004
/* 0301C 80B5E2FC 8E2202B0 */  lw      $v0, 0x02B0($s1)           ## 000002B0
/* 03020 80B5E300 3C0DDA38 */  lui     $t5, 0xDA38                ## $t5 = DA380000
/* 03024 80B5E304 35AD0003 */  ori     $t5, $t5, 0x0003           ## $t5 = DA380003
/* 03028 80B5E308 244C0008 */  addiu   $t4, $v0, 0x0008           ## $t4 = 00000008
/* 0302C 80B5E30C AE2C02B0 */  sw      $t4, 0x02B0($s1)           ## 000002B0
/* 03030 80B5E310 AC4D0000 */  sw      $t5, 0x0000($v0)           ## 00000000
/* 03034 80B5E314 8E640000 */  lw      $a0, 0x0000($s3)           ## 00000000
/* 03038 80B5E318 0C060690 */  jal     func_80181A40              
/* 0303C 80B5E31C 00408025 */  or      $s0, $v0, $zero            ## $s0 = 00000000
/* 03040 80B5E320 AE020004 */  sw      $v0, 0x0004($s0)           ## 00000004
/* 03044 80B5E324 8E2202B0 */  lw      $v0, 0x02B0($s1)           ## 000002B0
/* 03048 80B5E328 244E0008 */  addiu   $t6, $v0, 0x0008           ## $t6 = 00000008
/* 0304C 80B5E32C AE2E02B0 */  sw      $t6, 0x02B0($s1)           ## 000002B0
/* 03050 80B5E330 AC550004 */  sw      $s5, 0x0004($v0)           ## 00000004
/* 03054 80B5E334 AC560000 */  sw      $s6, 0x0000($v0)           ## 00000000
/* 03058 80B5E338 8FAF0048 */  lw      $t7, 0x0048($sp)           
.L80B5E33C:
/* 0305C 80B5E33C 26940001 */  addiu   $s4, $s4, 0x0001           ## $s4 = 00000001
/* 03060 80B5E340 2652005C */  addiu   $s2, $s2, 0x005C           ## $s2 = 0000005C
/* 03064 80B5E344 568FFFC1 */  bnel    $s4, $t7, .L80B5E24C       
/* 03068 80B5E348 924F0000 */  lbu     $t7, 0x0000($s2)           ## 0000005C
.L80B5E34C:
/* 0306C 80B5E34C 8FBF003C */  lw      $ra, 0x003C($sp)           
/* 03070 80B5E350 8FB00018 */  lw      $s0, 0x0018($sp)           
/* 03074 80B5E354 8FB1001C */  lw      $s1, 0x001C($sp)           
/* 03078 80B5E358 8FB20020 */  lw      $s2, 0x0020($sp)           
/* 0307C 80B5E35C 8FB30024 */  lw      $s3, 0x0024($sp)           
/* 03080 80B5E360 8FB40028 */  lw      $s4, 0x0028($sp)           
/* 03084 80B5E364 8FB5002C */  lw      $s5, 0x002C($sp)           
/* 03088 80B5E368 8FB60030 */  lw      $s6, 0x0030($sp)           
/* 0308C 80B5E36C 8FB70034 */  lw      $s7, 0x0034($sp)           
/* 03090 80B5E370 8FBE0038 */  lw      $s8, 0x0038($sp)           
/* 03094 80B5E374 03E00008 */  jr      $ra                        
/* 03098 80B5E378 27BD0040 */  addiu   $sp, $sp, 0x0040           ## $sp = 00000000
/* 0309C 80B5E37C 00000000 */  nop

.section .data

D_80B5E380: .word 0x02050400, 0x00000019, 0x01EC0000, 0x00000758
.word func_80B5B3E4
.word func_80B5BA64
.word func_80B5D8AC
.word func_80B5DD20
D_80B5E3A0: .word \
0x00001939, 0x10010000, 0x01000000, 0x00000000, \
0x00000000, 0xF7CFFFFF, 0x00000000, 0x00010100, \
0x00050021, 0xFFEC0000, 0x00000000
D_80B5E3CC: .word \
0x06004B30, 0x3F800000, 0x00000000, 0xC0A00000, \
0x060008D8, 0x3F800000, 0x00000000, 0xC0A00000, \
0x06000420, 0x3F800000, 0x00000000, 0x00000000
D_80B5E3FC: .word 0xB1000050, 0xB1040050, 0x30FC0FA0
D_80B5E408: .word 0xFFC85000
D_80B5E40C: .word 0xFF3CC800
D_80B5E410: .word 0x43C80000, 0x44160000, 0x00000000, 0x00000000

.section .rodata

D_80B5E420: .word 0x7F7FFFFF
D_80B5E424: .word 0x4252147A
D_80B5E428: .word 0x4252147A
D_80B5E42C: .word 0x4252147A
D_80B5E430: .word 0x41D2147A
D_80B5E434: .word 0xC1D2147A
D_80B5E438: .word 0x4101999A
D_80B5E43C: .word 0x4101999A
D_80B5E440: .word 0x41D2147A
D_80B5E444: .word 0xC1D2147A
D_80B5E448: .word 0x3C23D70A
D_80B5E44C: .word 0x3C23D70A
D_80B5E450: .word 0x3C23D70A
D_80B5E454: .word 0x3C54FDF3
D_80B5E458: .word 0x3C23D70A
D_80B5E45C: .word 0x3C54FDF3
D_80B5E460: .word .L80B5CD88
.word .L80B5CE58
.word .L80B5CE58
.word .L80B5CE58
.word .L80B5CDFC
.word .L80B5CDFC
.word .L80B5CDFC
D_80B5E47C: .word .L80B5D1A0
.word .L80B5D368
.word .L80B5D368
.word .L80B5D368
.word .L80B5D2B0
.word .L80B5D2B0
.word .L80B5D2B0
D_80B5E498: .word .L80B5D30C
.word .L80B5D31C
.word .L80B5D328
.word .L80B5D30C
.word .L80B5D30C
.word .L80B5D354
D_80B5E4B0: .word 0x3DCCCCCD
D_80B5E4B4: .word 0x3DB4A234
D_80B5E4B8: .word 0x3C1374BC
D_80B5E4BC: .word 0x3E99999A
D_80B5E4C0: .word 0x3FB33333
D_80B5E4C4: .word 0xBD4CCCCD, 0x00000000, 0x00000000

.bss

D_80B5E880: .space 0x04
D_80B5E884: .space 0x04
D_80B5E888: .space 0x08

.section .rodata
D_80B5E4D0:
.incbin "baserom/En_Ot", 0x31F0, 0x000003B0
