.include "macro.inc"

# assembler directives
.set noat      # allow manual use of $at
.set noreorder # don't insert nops after branches
.set gp=64     # allow use of 64-bit general purpose registers

.section .text
glabel func_80BF5C20
/* 00000 80BF5C20 27BDFFD0 */  addiu   $sp, $sp, 0xFFD0           ## $sp = FFFFFFD0
/* 00004 80BF5C24 AFB00024 */  sw      $s0, 0x0024($sp)           
/* 00008 80BF5C28 00808025 */  or      $s0, $a0, $zero            ## $s0 = 00000000
/* 0000C 80BF5C2C AFBF002C */  sw      $ra, 0x002C($sp)           
/* 00010 80BF5C30 AFB10028 */  sw      $s1, 0x0028($sp)           
/* 00014 80BF5C34 AFA50034 */  sw      $a1, 0x0034($sp)           
/* 00018 80BF5C38 3C053C54 */  lui     $a1, 0x3C54                ## $a1 = 3C540000
/* 0001C 80BF5C3C 34A5FDF4 */  ori     $a1, $a1, 0xFDF4           ## $a1 = 3C54FDF4
/* 00020 80BF5C40 0C02D9F8 */  jal     func_800B67E0              
/* 00024 80BF5C44 02002025 */  or      $a0, $s0, $zero            ## $a0 = 00000000
/* 00028 80BF5C48 3C06800B */  lui     $a2, 0x800B                ## $a2 = 800B0000
/* 0002C 80BF5C4C 24C63FC0 */  addiu   $a2, $a2, 0x3FC0           ## $a2 = 800B3FC0
/* 00030 80BF5C50 260400BC */  addiu   $a0, $s0, 0x00BC           ## $a0 = 000000BC
/* 00034 80BF5C54 24050000 */  addiu   $a1, $zero, 0x0000         ## $a1 = 00000000
/* 00038 80BF5C58 0C02CEE9 */  jal     func_800B3BA4              
/* 0003C 80BF5C5C 3C074120 */  lui     $a3, 0x4120                ## $a3 = 41200000
/* 00040 80BF5C60 8E0F0004 */  lw      $t7, 0x0004($s0)           ## 00000004
/* 00044 80BF5C64 8602001C */  lh      $v0, 0x001C($s0)           ## 0000001C
/* 00048 80BF5C68 2401FFFE */  addiu   $at, $zero, 0xFFFE         ## $at = FFFFFFFE
/* 0004C 80BF5C6C 3C0E80BF */  lui     $t6, %hi(func_80BF5F60)    ## $t6 = 80BF0000
/* 00050 80BF5C70 01E1C024 */  and     $t8, $t7, $at              
/* 00054 80BF5C74 2403FFFF */  addiu   $v1, $zero, 0xFFFF         ## $v1 = FFFFFFFF
/* 00058 80BF5C78 25CE5F60 */  addiu   $t6, $t6, %lo(func_80BF5F60) ## $t6 = 80BF5F60
/* 0005C 80BF5C7C 24010001 */  addiu   $at, $zero, 0x0001         ## $at = 00000001
/* 00060 80BF5C80 3042000F */  andi    $v0, $v0, 0x000F           ## $v0 = 00000000
/* 00064 80BF5C84 AE0E0260 */  sw      $t6, 0x0260($s0)           ## 00000260
/* 00068 80BF5C88 A6030254 */  sh      $v1, 0x0254($s0)           ## 00000254
/* 0006C 80BF5C8C A6030256 */  sh      $v1, 0x0256($s0)           ## 00000256
/* 00070 80BF5C90 10410006 */  beq     $v0, $at, .L80BF5CAC       
/* 00074 80BF5C94 AE180004 */  sw      $t8, 0x0004($s0)           ## 00000004
/* 00078 80BF5C98 24010002 */  addiu   $at, $zero, 0x0002         ## $at = 00000002
/* 0007C 80BF5C9C 1041001B */  beq     $v0, $at, .L80BF5D0C       
/* 00080 80BF5CA0 8FA40034 */  lw      $a0, 0x0034($sp)           
/* 00084 80BF5CA4 10000030 */  beq     $zero, $zero, .L80BF5D68   
/* 00088 80BF5CA8 02002025 */  or      $a0, $s0, $zero            ## $a0 = 00000000
.L80BF5CAC:
/* 0008C 80BF5CAC 26110144 */  addiu   $s1, $s0, 0x0144           ## $s1 = 00000144
/* 00090 80BF5CB0 3C060600 */  lui     $a2, 0x0600                ## $a2 = 06000000
/* 00094 80BF5CB4 3C070600 */  lui     $a3, 0x0600                ## $a3 = 06000000
/* 00098 80BF5CB8 26190188 */  addiu   $t9, $s0, 0x0188           ## $t9 = 00000188
/* 0009C 80BF5CBC 260801EE */  addiu   $t0, $s0, 0x01EE           ## $t0 = 000001EE
/* 000A0 80BF5CC0 24090007 */  addiu   $t1, $zero, 0x0007         ## $t1 = 00000007
/* 000A4 80BF5CC4 AFA90018 */  sw      $t1, 0x0018($sp)           
/* 000A8 80BF5CC8 AFA80014 */  sw      $t0, 0x0014($sp)           
/* 000AC 80BF5CCC AFB90010 */  sw      $t9, 0x0010($sp)           
/* 000B0 80BF5CD0 24E76808 */  addiu   $a3, $a3, 0x6808           ## $a3 = 06006808
/* 000B4 80BF5CD4 24C67B48 */  addiu   $a2, $a2, 0x7B48           ## $a2 = 06007B48
/* 000B8 80BF5CD8 02202825 */  or      $a1, $s1, $zero            ## $a1 = 00000144
/* 000BC 80BF5CDC 0C04DACC */  jal     func_80136B30              
/* 000C0 80BF5CE0 8FA40034 */  lw      $a0, 0x0034($sp)           
/* 000C4 80BF5CE4 3C050600 */  lui     $a1, 0x0600                ## $a1 = 06000000
/* 000C8 80BF5CE8 24A56808 */  addiu   $a1, $a1, 0x6808           ## $a1 = 06006808
/* 000CC 80BF5CEC 0C04DD50 */  jal     func_80137540              
/* 000D0 80BF5CF0 02202025 */  or      $a0, $s1, $zero            ## $a0 = 00000144
/* 000D4 80BF5CF4 3C0A80BF */  lui     $t2, %hi(func_80BF656C)    ## $t2 = 80BF0000
/* 000D8 80BF5CF8 254A656C */  addiu   $t2, $t2, %lo(func_80BF656C) ## $t2 = 80BF656C
/* 000DC 80BF5CFC 240B0210 */  addiu   $t3, $zero, 0x0210         ## $t3 = 00000210
/* 000E0 80BF5D00 AE0A0260 */  sw      $t2, 0x0260($s0)           ## 00000260
/* 000E4 80BF5D04 10000035 */  beq     $zero, $zero, .L80BF5DDC   
/* 000E8 80BF5D08 A60B0258 */  sh      $t3, 0x0258($s0)           ## 00000258
.L80BF5D0C:
/* 000EC 80BF5D0C 26110144 */  addiu   $s1, $s0, 0x0144           ## $s1 = 00000144
/* 000F0 80BF5D10 3C060601 */  lui     $a2, 0x0601                ## $a2 = 06010000
/* 000F4 80BF5D14 3C070601 */  lui     $a3, 0x0601                ## $a3 = 06010000
/* 000F8 80BF5D18 260C0188 */  addiu   $t4, $s0, 0x0188           ## $t4 = 00000188
/* 000FC 80BF5D1C 260D01EE */  addiu   $t5, $s0, 0x01EE           ## $t5 = 000001EE
/* 00100 80BF5D20 240E0007 */  addiu   $t6, $zero, 0x0007         ## $t6 = 00000007
/* 00104 80BF5D24 AFAE0018 */  sw      $t6, 0x0018($sp)           
/* 00108 80BF5D28 AFAD0014 */  sw      $t5, 0x0014($sp)           
/* 0010C 80BF5D2C AFAC0010 */  sw      $t4, 0x0010($sp)           
/* 00110 80BF5D30 24E79F00 */  addiu   $a3, $a3, 0x9F00           ## $a3 = 06009F00
/* 00114 80BF5D34 24C6B490 */  addiu   $a2, $a2, 0xB490           ## $a2 = 0600B490
/* 00118 80BF5D38 0C04DACC */  jal     func_80136B30              
/* 0011C 80BF5D3C 02202825 */  or      $a1, $s1, $zero            ## $a1 = 00000144
/* 00120 80BF5D40 3C050600 */  lui     $a1, 0x0600                ## $a1 = 06000000
/* 00124 80BF5D44 24A56808 */  addiu   $a1, $a1, 0x6808           ## $a1 = 06006808
/* 00128 80BF5D48 0C04DD50 */  jal     func_80137540              
/* 0012C 80BF5D4C 02202025 */  or      $a0, $s1, $zero            ## $a0 = 00000144
/* 00130 80BF5D50 3C0F80BF */  lui     $t7, %hi(func_80BF6A20)    ## $t7 = 80BF0000
/* 00134 80BF5D54 25EF6A20 */  addiu   $t7, $t7, %lo(func_80BF6A20) ## $t7 = 80BF6A20
/* 00138 80BF5D58 24180211 */  addiu   $t8, $zero, 0x0211         ## $t8 = 00000211
/* 0013C 80BF5D5C AE0F0260 */  sw      $t7, 0x0260($s0)           ## 00000260
/* 00140 80BF5D60 1000001E */  beq     $zero, $zero, .L80BF5DDC   
/* 00144 80BF5D64 A6180258 */  sh      $t8, 0x0258($s0)           ## 00000258
.L80BF5D68:
/* 00148 80BF5D68 3C053C8B */  lui     $a1, 0x3C8B                ## $a1 = 3C8B0000
/* 0014C 80BF5D6C 0C02D9F8 */  jal     func_800B67E0              
/* 00150 80BF5D70 34A54396 */  ori     $a1, $a1, 0x4396           ## $a1 = 3C8B4396
/* 00154 80BF5D74 26110144 */  addiu   $s1, $s0, 0x0144           ## $s1 = 00000144
/* 00158 80BF5D78 3C060600 */  lui     $a2, 0x0600                ## $a2 = 06000000
/* 0015C 80BF5D7C 3C070600 */  lui     $a3, 0x0600                ## $a3 = 06000000
/* 00160 80BF5D80 26190188 */  addiu   $t9, $s0, 0x0188           ## $t9 = 00000188
/* 00164 80BF5D84 260801EE */  addiu   $t0, $s0, 0x01EE           ## $t0 = 000001EE
/* 00168 80BF5D88 24090011 */  addiu   $t1, $zero, 0x0011         ## $t1 = 00000011
/* 0016C 80BF5D8C AFA90018 */  sw      $t1, 0x0018($sp)           
/* 00170 80BF5D90 AFA80014 */  sw      $t0, 0x0014($sp)           
/* 00174 80BF5D94 AFB90010 */  sw      $t9, 0x0010($sp)           
/* 00178 80BF5D98 24E700B8 */  addiu   $a3, $a3, 0x00B8           ## $a3 = 060000B8
/* 0017C 80BF5D9C 24C638F0 */  addiu   $a2, $a2, 0x38F0           ## $a2 = 060038F0
/* 00180 80BF5DA0 02202825 */  or      $a1, $s1, $zero            ## $a1 = 00000144
/* 00184 80BF5DA4 0C04DACC */  jal     func_80136B30              
/* 00188 80BF5DA8 8FA40034 */  lw      $a0, 0x0034($sp)           
/* 0018C 80BF5DAC 3C050600 */  lui     $a1, 0x0600                ## $a1 = 06000000
/* 00190 80BF5DB0 24A500B8 */  addiu   $a1, $a1, 0x00B8           ## $a1 = 060000B8
/* 00194 80BF5DB4 0C04DD50 */  jal     func_80137540              
/* 00198 80BF5DB8 02202025 */  or      $a0, $s1, $zero            ## $a0 = 00000144
/* 0019C 80BF5DBC 44802000 */  mtc1    $zero, $f4                 ## $f4 = 0.00
/* 001A0 80BF5DC0 3C0A80BF */  lui     $t2, %hi(func_80BF61EC)    ## $t2 = 80BF0000
/* 001A4 80BF5DC4 254A61EC */  addiu   $t2, $t2, %lo(func_80BF61EC) ## $t2 = 80BF61EC
/* 001A8 80BF5DC8 240B0212 */  addiu   $t3, $zero, 0x0212         ## $t3 = 00000212
/* 001AC 80BF5DCC AE0A0260 */  sw      $t2, 0x0260($s0)           ## 00000260
/* 001B0 80BF5DD0 A60B0258 */  sh      $t3, 0x0258($s0)           ## 00000258
/* 001B4 80BF5DD4 A6000018 */  sh      $zero, 0x0018($s0)         ## 00000018
/* 001B8 80BF5DD8 E604025C */  swc1    $f4, 0x025C($s0)           ## 0000025C
.L80BF5DDC:
/* 001BC 80BF5DDC 8FBF002C */  lw      $ra, 0x002C($sp)           
/* 001C0 80BF5DE0 8FB00024 */  lw      $s0, 0x0024($sp)           
/* 001C4 80BF5DE4 8FB10028 */  lw      $s1, 0x0028($sp)           
/* 001C8 80BF5DE8 03E00008 */  jr      $ra                        
/* 001CC 80BF5DEC 27BD0030 */  addiu   $sp, $sp, 0x0030           ## $sp = 00000000


glabel func_80BF5DF0
/* 001D0 80BF5DF0 AFA40000 */  sw      $a0, 0x0000($sp)           
/* 001D4 80BF5DF4 AFA50004 */  sw      $a1, 0x0004($sp)           
/* 001D8 80BF5DF8 03E00008 */  jr      $ra                        
/* 001DC 80BF5DFC 00000000 */  nop


glabel func_80BF5E00
/* 001E0 80BF5E00 27BDFFE8 */  addiu   $sp, $sp, 0xFFE8           ## $sp = FFFFFFE8
/* 001E4 80BF5E04 AFA60020 */  sw      $a2, 0x0020($sp)           
/* 001E8 80BF5E08 44876000 */  mtc1    $a3, $f12                  ## $f12 = 0.00
/* 001EC 80BF5E0C 87A70022 */  lh      $a3, 0x0022($sp)           
/* 001F0 80BF5E10 AFBF0014 */  sw      $ra, 0x0014($sp)           
/* 001F4 80BF5E14 AFA40018 */  sw      $a0, 0x0018($sp)           
/* 001F8 80BF5E18 AFA5001C */  sw      $a1, 0x001C($sp)           
/* 001FC 80BF5E1C 8FAE0018 */  lw      $t6, 0x0018($sp)           
/* 00200 80BF5E20 8FA40018 */  lw      $a0, 0x0018($sp)           
/* 00204 80BF5E24 8FB8001C */  lw      $t8, 0x001C($sp)           
/* 00208 80BF5E28 85CF0254 */  lh      $t7, 0x0254($t6)           ## 00000254
/* 0020C 80BF5E2C 0007C880 */  sll     $t9, $a3,  2               
/* 00210 80BF5E30 24840144 */  addiu   $a0, $a0, 0x0144           ## $a0 = 00000144
/* 00214 80BF5E34 10EF0008 */  beq     $a3, $t7, .L80BF5E58       
/* 00218 80BF5E38 03194021 */  addu    $t0, $t8, $t9              
/* 0021C 80BF5E3C 8D050000 */  lw      $a1, 0x0000($t0)           ## 00000000
/* 00220 80BF5E40 44066000 */  mfc1    $a2, $f12                  
/* 00224 80BF5E44 0C04DD65 */  jal     func_80137594              
/* 00228 80BF5E48 A7A70022 */  sh      $a3, 0x0022($sp)           
/* 0022C 80BF5E4C 87A70022 */  lh      $a3, 0x0022($sp)           
/* 00230 80BF5E50 8FA90018 */  lw      $t1, 0x0018($sp)           
/* 00234 80BF5E54 A5270254 */  sh      $a3, 0x0254($t1)           ## 00000254
.L80BF5E58:
/* 00238 80BF5E58 8FBF0014 */  lw      $ra, 0x0014($sp)           
/* 0023C 80BF5E5C 27BD0018 */  addiu   $sp, $sp, 0x0018           ## $sp = 00000000
/* 00240 80BF5E60 03E00008 */  jr      $ra                        
/* 00244 80BF5E64 00000000 */  nop


glabel func_80BF5E68
/* 00248 80BF5E68 27BDFFE8 */  addiu   $sp, $sp, 0xFFE8           ## $sp = FFFFFFE8
/* 0024C 80BF5E6C 44876000 */  mtc1    $a3, $f12                  ## $f12 = 0.00
/* 00250 80BF5E70 00A03825 */  or      $a3, $a1, $zero            ## $a3 = 00000000
/* 00254 80BF5E74 AFBF0014 */  sw      $ra, 0x0014($sp)           
/* 00258 80BF5E78 AFA40018 */  sw      $a0, 0x0018($sp)           
/* 0025C 80BF5E7C AFA5001C */  sw      $a1, 0x001C($sp)           
/* 00260 80BF5E80 AFA60020 */  sw      $a2, 0x0020($sp)           
/* 00264 80BF5E84 87AE0022 */  lh      $t6, 0x0022($sp)           
/* 00268 80BF5E88 8FA40018 */  lw      $a0, 0x0018($sp)           
/* 0026C 80BF5E8C 44066000 */  mfc1    $a2, $f12                  
/* 00270 80BF5E90 000E7880 */  sll     $t7, $t6,  2               
/* 00274 80BF5E94 00EFC021 */  addu    $t8, $a3, $t7              
/* 00278 80BF5E98 8F050000 */  lw      $a1, 0x0000($t8)           ## 00000000
/* 0027C 80BF5E9C 0C04DD22 */  jal     func_80137488              
/* 00280 80BF5EA0 24840144 */  addiu   $a0, $a0, 0x0144           ## $a0 = 00000144
/* 00284 80BF5EA4 87B90022 */  lh      $t9, 0x0022($sp)           
/* 00288 80BF5EA8 8FA80018 */  lw      $t0, 0x0018($sp)           
/* 0028C 80BF5EAC A5190254 */  sh      $t9, 0x0254($t0)           ## 00000254
/* 00290 80BF5EB0 8FBF0014 */  lw      $ra, 0x0014($sp)           
/* 00294 80BF5EB4 03E00008 */  jr      $ra                        
/* 00298 80BF5EB8 27BD0018 */  addiu   $sp, $sp, 0x0018           ## $sp = 00000000


glabel func_80BF5EBC
/* 0029C 80BF5EBC 27BDFFC8 */  addiu   $sp, $sp, 0xFFC8           ## $sp = FFFFFFC8
/* 002A0 80BF5EC0 AFBF0024 */  sw      $ra, 0x0024($sp)           
/* 002A4 80BF5EC4 AFA40038 */  sw      $a0, 0x0038($sp)           
/* 002A8 80BF5EC8 AFA5003C */  sw      $a1, 0x003C($sp)           
/* 002AC 80BF5ECC 3C0141F0 */  lui     $at, 0x41F0                ## $at = 41F00000
/* 002B0 80BF5ED0 44816000 */  mtc1    $at, $f12                  ## $f12 = 30.00
/* 002B4 80BF5ED4 0C05E570 */  jal     func_801795C0              
/* 002B8 80BF5ED8 00000000 */  nop
/* 002BC 80BF5EDC 8FAE0038 */  lw      $t6, 0x0038($sp)           
/* 002C0 80BF5EE0 3C0141F0 */  lui     $at, 0x41F0                ## $at = 41F00000
/* 002C4 80BF5EE4 44816000 */  mtc1    $at, $f12                  ## $f12 = 30.00
/* 002C8 80BF5EE8 C5C40024 */  lwc1    $f4, 0x0024($t6)           ## 00000024
/* 002CC 80BF5EEC 46040180 */  add.s   $f6, $f0, $f4              
/* 002D0 80BF5EF0 0C05E570 */  jal     func_801795C0              
/* 002D4 80BF5EF4 E7A6002C */  swc1    $f6, 0x002C($sp)           
/* 002D8 80BF5EF8 8FAF0038 */  lw      $t7, 0x0038($sp)           
/* 002DC 80BF5EFC 3C0141F0 */  lui     $at, 0x41F0                ## $at = 41F00000
/* 002E0 80BF5F00 44816000 */  mtc1    $at, $f12                  ## $f12 = 30.00
/* 002E4 80BF5F04 C5E8002C */  lwc1    $f8, 0x002C($t7)           ## 0000002C
/* 002E8 80BF5F08 46080280 */  add.s   $f10, $f0, $f8             
/* 002EC 80BF5F0C 0C05E570 */  jal     func_801795C0              
/* 002F0 80BF5F10 E7AA0034 */  swc1    $f10, 0x0034($sp)          
/* 002F4 80BF5F14 8FB80038 */  lw      $t8, 0x0038($sp)           
/* 002F8 80BF5F18 3C0680BF */  lui     $a2, %hi(D_80BF7018)       ## $a2 = 80BF0000
/* 002FC 80BF5F1C 24C67018 */  addiu   $a2, $a2, %lo(D_80BF7018)  ## $a2 = 80BF7018
/* 00300 80BF5F20 C7100028 */  lwc1    $f16, 0x0028($t8)          ## 00000028
/* 00304 80BF5F24 24190064 */  addiu   $t9, $zero, 0x0064         ## $t9 = 00000064
/* 00308 80BF5F28 24080002 */  addiu   $t0, $zero, 0x0002         ## $t0 = 00000002
/* 0030C 80BF5F2C 46100480 */  add.s   $f18, $f0, $f16            
/* 00310 80BF5F30 AFA80018 */  sw      $t0, 0x0018($sp)           
/* 00314 80BF5F34 AFB90010 */  sw      $t9, 0x0010($sp)           
/* 00318 80BF5F38 AFA00014 */  sw      $zero, 0x0014($sp)         
/* 0031C 80BF5F3C E7B20030 */  swc1    $f18, 0x0030($sp)          
/* 00320 80BF5F40 00C03825 */  or      $a3, $a2, $zero            ## $a3 = 80BF7018
/* 00324 80BF5F44 8FA4003C */  lw      $a0, 0x003C($sp)           
/* 00328 80BF5F48 0C02CC0C */  jal     func_800B3030              
/* 0032C 80BF5F4C 27A5002C */  addiu   $a1, $sp, 0x002C           ## $a1 = FFFFFFF4
/* 00330 80BF5F50 8FBF0024 */  lw      $ra, 0x0024($sp)           
/* 00334 80BF5F54 27BD0038 */  addiu   $sp, $sp, 0x0038           ## $sp = 00000000
/* 00338 80BF5F58 03E00008 */  jr      $ra                        
/* 0033C 80BF5F5C 00000000 */  nop


glabel func_80BF5F60
/* 00340 80BF5F60 AFA40000 */  sw      $a0, 0x0000($sp)           
/* 00344 80BF5F64 AFA50004 */  sw      $a1, 0x0004($sp)           
/* 00348 80BF5F68 03E00008 */  jr      $ra                        
/* 0034C 80BF5F6C 00000000 */  nop


glabel func_80BF5F70
/* 00350 80BF5F70 27BDFFE8 */  addiu   $sp, $sp, 0xFFE8           ## $sp = FFFFFFE8
/* 00354 80BF5F74 AFBF0014 */  sw      $ra, 0x0014($sp)           
/* 00358 80BF5F78 84820256 */  lh      $v0, 0x0256($a0)           ## 00000256
/* 0035C 80BF5F7C 24010001 */  addiu   $at, $zero, 0x0001         ## $at = 00000001
/* 00360 80BF5F80 1041000B */  beq     $v0, $at, .L80BF5FB0       
/* 00364 80BF5F84 24010006 */  addiu   $at, $zero, 0x0006         ## $at = 00000006
/* 00368 80BF5F88 10410009 */  beq     $v0, $at, .L80BF5FB0       
/* 0036C 80BF5F8C 3C0E80BF */  lui     $t6, %hi(func_80BF6C94)    ## $t6 = 80BF0000
/* 00370 80BF5F90 25CE6C94 */  addiu   $t6, $t6, %lo(func_80BF6C94) ## $t6 = 80BF6C94
/* 00374 80BF5F94 AC8E013C */  sw      $t6, 0x013C($a0)           ## 0000013C
/* 00378 80BF5F98 3C053C8B */  lui     $a1, 0x3C8B                ## $a1 = 3C8B0000
/* 0037C 80BF5F9C 34A54396 */  ori     $a1, $a1, 0x4396           ## $a1 = 3C8B4396
/* 00380 80BF5FA0 0C02D9F8 */  jal     func_800B67E0              
/* 00384 80BF5FA4 AFA40018 */  sw      $a0, 0x0018($sp)           
/* 00388 80BF5FA8 8FA40018 */  lw      $a0, 0x0018($sp)           
/* 0038C 80BF5FAC 84820256 */  lh      $v0, 0x0256($a0)           ## 00000256
.L80BF5FB0:
/* 00390 80BF5FB0 244FFFFF */  addiu   $t7, $v0, 0xFFFF           ## $t7 = FFFFFFFF
/* 00394 80BF5FB4 2DE10007 */  sltiu   $at, $t7, 0x0007           
/* 00398 80BF5FB8 10200034 */  beq     $at, $zero, .L80BF608C     
/* 0039C 80BF5FBC 000F7880 */  sll     $t7, $t7,  2               
/* 003A0 80BF5FC0 3C0180BF */  lui     $at, %hi(D_80BF7030)       ## $at = 80BF0000
/* 003A4 80BF5FC4 002F0821 */  addu    $at, $at, $t7              
/* 003A8 80BF5FC8 8C2F7030 */  lw      $t7, %lo(D_80BF7030)($at)  
/* 003AC 80BF5FCC 01E00008 */  jr      $t7                        
/* 003B0 80BF5FD0 00000000 */  nop
.L80BF5FD4:
/* 003B4 80BF5FD4 1000002D */  beq     $zero, $zero, .L80BF608C   
/* 003B8 80BF5FD8 AC80013C */  sw      $zero, 0x013C($a0)         ## 0000013C
.L80BF5FDC:
/* 003BC 80BF5FDC 3C0580BF */  lui     $a1, %hi(D_80BF6FA0)       ## $a1 = 80BF0000
/* 003C0 80BF5FE0 24A56FA0 */  addiu   $a1, $a1, %lo(D_80BF6FA0)  ## $a1 = 80BF6FA0
/* 003C4 80BF5FE4 24060003 */  addiu   $a2, $zero, 0x0003         ## $a2 = 00000003
/* 003C8 80BF5FE8 0C2FD780 */  jal     func_80BF5E00              
/* 003CC 80BF5FEC 3C07C0A0 */  lui     $a3, 0xC0A0                ## $a3 = C0A00000
/* 003D0 80BF5FF0 10000027 */  beq     $zero, $zero, .L80BF6090   
/* 003D4 80BF5FF4 8FBF0014 */  lw      $ra, 0x0014($sp)           
.L80BF5FF8:
/* 003D8 80BF5FF8 3C0580BF */  lui     $a1, %hi(D_80BF6FA0)       ## $a1 = 80BF0000
/* 003DC 80BF5FFC 24A56FA0 */  addiu   $a1, $a1, %lo(D_80BF6FA0)  ## $a1 = 80BF6FA0
/* 003E0 80BF6000 24060002 */  addiu   $a2, $zero, 0x0002         ## $a2 = 00000002
/* 003E4 80BF6004 0C2FD780 */  jal     func_80BF5E00              
/* 003E8 80BF6008 3C07C0A0 */  lui     $a3, 0xC0A0                ## $a3 = C0A00000
/* 003EC 80BF600C 10000020 */  beq     $zero, $zero, .L80BF6090   
/* 003F0 80BF6010 8FBF0014 */  lw      $ra, 0x0014($sp)           
.L80BF6014:
/* 003F4 80BF6014 3C0580BF */  lui     $a1, %hi(D_80BF6FA0)       ## $a1 = 80BF0000
/* 003F8 80BF6018 24A56FA0 */  addiu   $a1, $a1, %lo(D_80BF6FA0)  ## $a1 = 80BF6FA0
/* 003FC 80BF601C 24060001 */  addiu   $a2, $zero, 0x0001         ## $a2 = 00000001
/* 00400 80BF6020 0C2FD780 */  jal     func_80BF5E00              
/* 00404 80BF6024 3C07C0A0 */  lui     $a3, 0xC0A0                ## $a3 = C0A00000
/* 00408 80BF6028 10000019 */  beq     $zero, $zero, .L80BF6090   
/* 0040C 80BF602C 8FBF0014 */  lw      $ra, 0x0014($sp)           
.L80BF6030:
/* 00410 80BF6030 3C0580BF */  lui     $a1, %hi(D_80BF6FA0)       ## $a1 = 80BF0000
/* 00414 80BF6034 24A56FA0 */  addiu   $a1, $a1, %lo(D_80BF6FA0)  ## $a1 = 80BF6FA0
/* 00418 80BF6038 00003025 */  or      $a2, $zero, $zero          ## $a2 = 00000000
/* 0041C 80BF603C 0C2FD780 */  jal     func_80BF5E00              
/* 00420 80BF6040 3C07C0A0 */  lui     $a3, 0xC0A0                ## $a3 = C0A00000
/* 00424 80BF6044 10000012 */  beq     $zero, $zero, .L80BF6090   
/* 00428 80BF6048 8FBF0014 */  lw      $ra, 0x0014($sp)           
.L80BF604C:
/* 0042C 80BF604C 3C0580BF */  lui     $a1, %hi(D_80BF6FA0)       ## $a1 = 80BF0000
/* 00430 80BF6050 24A56FA0 */  addiu   $a1, $a1, %lo(D_80BF6FA0)  ## $a1 = 80BF6FA0
/* 00434 80BF6054 24060001 */  addiu   $a2, $zero, 0x0001         ## $a2 = 00000001
/* 00438 80BF6058 0C2FD780 */  jal     func_80BF5E00              
/* 0043C 80BF605C 3C07C0A0 */  lui     $a3, 0xC0A0                ## $a3 = C0A00000
/* 00440 80BF6060 1000000B */  beq     $zero, $zero, .L80BF6090   
/* 00444 80BF6064 8FBF0014 */  lw      $ra, 0x0014($sp)           
.L80BF6068:
/* 00448 80BF6068 3C0580BF */  lui     $a1, %hi(D_80BF6FA0)       ## $a1 = 80BF0000
/* 0044C 80BF606C 24A56FA0 */  addiu   $a1, $a1, %lo(D_80BF6FA0)  ## $a1 = 80BF6FA0
/* 00450 80BF6070 24060004 */  addiu   $a2, $zero, 0x0004         ## $a2 = 00000004
/* 00454 80BF6074 3C07C0A0 */  lui     $a3, 0xC0A0                ## $a3 = C0A00000
/* 00458 80BF6078 0C2FD780 */  jal     func_80BF5E00              
/* 0045C 80BF607C AFA40018 */  sw      $a0, 0x0018($sp)           
/* 00460 80BF6080 8FA40018 */  lw      $a0, 0x0018($sp)           
/* 00464 80BF6084 24180001 */  addiu   $t8, $zero, 0x0001         ## $t8 = 00000001
/* 00468 80BF6088 A4980018 */  sh      $t8, 0x0018($a0)           ## 00000018
.L80BF608C:
/* 0046C 80BF608C 8FBF0014 */  lw      $ra, 0x0014($sp)           
.L80BF6090:
/* 00470 80BF6090 27BD0018 */  addiu   $sp, $sp, 0x0018           ## $sp = 00000000
/* 00474 80BF6094 03E00008 */  jr      $ra                        
/* 00478 80BF6098 00000000 */  nop


glabel func_80BF609C
/* 0047C 80BF609C 27BDFFD8 */  addiu   $sp, $sp, 0xFFD8           ## $sp = FFFFFFD8
/* 00480 80BF60A0 AFB00018 */  sw      $s0, 0x0018($sp)           
/* 00484 80BF60A4 00808025 */  or      $s0, $a0, $zero            ## $s0 = 00000000
/* 00488 80BF60A8 AFBF001C */  sw      $ra, 0x001C($sp)           
/* 0048C 80BF60AC 8E0E013C */  lw      $t6, 0x013C($s0)           ## 0000013C
/* 00490 80BF60B0 51C0004A */  beql    $t6, $zero, .L80BF61DC     
/* 00494 80BF60B4 8FBF001C */  lw      $ra, 0x001C($sp)           
/* 00498 80BF60B8 860F0018 */  lh      $t7, 0x0018($s0)           ## 00000018
/* 0049C 80BF60BC 3C180001 */  lui     $t8, 0x0001                ## $t8 = 00010000
/* 004A0 80BF60C0 0305C021 */  addu    $t8, $t8, $a1              
/* 004A4 80BF60C4 11E00007 */  beq     $t7, $zero, .L80BF60E4     
/* 004A8 80BF60C8 26040144 */  addiu   $a0, $s0, 0x0144           ## $a0 = 00000144
/* 004AC 80BF60CC 9718680C */  lhu     $t8, 0x680C($t8)           ## 0001680C
/* 004B0 80BF60D0 24011531 */  addiu   $at, $zero, 0x1531         ## $at = 00001531
/* 004B4 80BF60D4 57010041 */  bnel    $t8, $at, .L80BF61DC       
/* 004B8 80BF60D8 8FBF001C */  lw      $ra, 0x001C($sp)           
/* 004BC 80BF60DC 1000003E */  beq     $zero, $zero, .L80BF61D8   
/* 004C0 80BF60E0 A6000018 */  sh      $zero, 0x0018($s0)         ## 00000018
.L80BF60E4:
/* 004C4 80BF60E4 3C0540A0 */  lui     $a1, 0x40A0                ## $a1 = 40A00000
/* 004C8 80BF60E8 0C04DE2E */  jal     func_801378B8              
/* 004CC 80BF60EC AFA40020 */  sw      $a0, 0x0020($sp)           
/* 004D0 80BF60F0 10400005 */  beq     $v0, $zero, .L80BF6108     
/* 004D4 80BF60F4 3C014040 */  lui     $at, 0x4040                ## $at = 40400000
/* 004D8 80BF60F8 44816000 */  mtc1    $at, $f12                  ## $f12 = 3.00
/* 004DC 80BF60FC 0C05E565 */  jal     func_80179594              
/* 004E0 80BF6100 00000000 */  nop
/* 004E4 80BF6104 E600025C */  swc1    $f0, 0x025C($s0)           ## 0000025C
.L80BF6108:
/* 004E8 80BF6108 86020254 */  lh      $v0, 0x0254($s0)           ## 00000254
/* 004EC 80BF610C 24010001 */  addiu   $at, $zero, 0x0001         ## $at = 00000001
/* 004F0 80BF6110 8FA40020 */  lw      $a0, 0x0020($sp)           
/* 004F4 80BF6114 10400008 */  beq     $v0, $zero, .L80BF6138     
/* 004F8 80BF6118 00000000 */  nop
/* 004FC 80BF611C 10410017 */  beq     $v0, $at, .L80BF617C       
/* 00500 80BF6120 8FA40020 */  lw      $a0, 0x0020($sp)           
/* 00504 80BF6124 24010002 */  addiu   $at, $zero, 0x0002         ## $at = 00000002
/* 00508 80BF6128 1041001C */  beq     $v0, $at, .L80BF619C       
/* 0050C 80BF612C 8FA40020 */  lw      $a0, 0x0020($sp)           
/* 00510 80BF6130 1000002A */  beq     $zero, $zero, .L80BF61DC   
/* 00514 80BF6134 8FBF001C */  lw      $ra, 0x001C($sp)           
.L80BF6138:
/* 00518 80BF6138 0C04DE2E */  jal     func_801378B8              
/* 0051C 80BF613C 8E05025C */  lw      $a1, 0x025C($s0)           ## 0000025C
/* 00520 80BF6140 14400009 */  bne     $v0, $zero, .L80BF6168     
/* 00524 80BF6144 3C014100 */  lui     $at, 0x4100                ## $at = 41000000
/* 00528 80BF6148 C604025C */  lwc1    $f4, 0x025C($s0)           ## 0000025C
/* 0052C 80BF614C 44813000 */  mtc1    $at, $f6                   ## $f6 = 8.00
/* 00530 80BF6150 8FA40020 */  lw      $a0, 0x0020($sp)           
/* 00534 80BF6154 46062200 */  add.s   $f8, $f4, $f6              
/* 00538 80BF6158 44054000 */  mfc1    $a1, $f8                   
/* 0053C 80BF615C 0C04DE2E */  jal     func_801378B8              
/* 00540 80BF6160 00000000 */  nop
/* 00544 80BF6164 1040001C */  beq     $v0, $zero, .L80BF61D8     
.L80BF6168:
/* 00548 80BF6168 02002025 */  or      $a0, $s0, $zero            ## $a0 = 00000000
/* 0054C 80BF616C 0C02E3B2 */  jal     func_800B8EC8              
/* 00550 80BF6170 24053A90 */  addiu   $a1, $zero, 0x3A90         ## $a1 = 00003A90
/* 00554 80BF6174 10000019 */  beq     $zero, $zero, .L80BF61DC   
/* 00558 80BF6178 8FBF001C */  lw      $ra, 0x001C($sp)           
.L80BF617C:
/* 0055C 80BF617C 0C04DE2E */  jal     func_801378B8              
/* 00560 80BF6180 8E05025C */  lw      $a1, 0x025C($s0)           ## 0000025C
/* 00564 80BF6184 10400014 */  beq     $v0, $zero, .L80BF61D8     
/* 00568 80BF6188 02002025 */  or      $a0, $s0, $zero            ## $a0 = 00000000
/* 0056C 80BF618C 0C02E3B2 */  jal     func_800B8EC8              
/* 00570 80BF6190 24053A90 */  addiu   $a1, $zero, 0x3A90         ## $a1 = 00003A90
/* 00574 80BF6194 10000011 */  beq     $zero, $zero, .L80BF61DC   
/* 00578 80BF6198 8FBF001C */  lw      $ra, 0x001C($sp)           
.L80BF619C:
/* 0057C 80BF619C 0C04DE2E */  jal     func_801378B8              
/* 00580 80BF61A0 8E05025C */  lw      $a1, 0x025C($s0)           ## 0000025C
/* 00584 80BF61A4 14400009 */  bne     $v0, $zero, .L80BF61CC     
/* 00588 80BF61A8 3C0140C0 */  lui     $at, 0x40C0                ## $at = 40C00000
/* 0058C 80BF61AC C60A025C */  lwc1    $f10, 0x025C($s0)          ## 0000025C
/* 00590 80BF61B0 44818000 */  mtc1    $at, $f16                  ## $f16 = 6.00
/* 00594 80BF61B4 8FA40020 */  lw      $a0, 0x0020($sp)           
/* 00598 80BF61B8 46105480 */  add.s   $f18, $f10, $f16           
/* 0059C 80BF61BC 44059000 */  mfc1    $a1, $f18                  
/* 005A0 80BF61C0 0C04DE2E */  jal     func_801378B8              
/* 005A4 80BF61C4 00000000 */  nop
/* 005A8 80BF61C8 10400003 */  beq     $v0, $zero, .L80BF61D8     
.L80BF61CC:
/* 005AC 80BF61CC 02002025 */  or      $a0, $s0, $zero            ## $a0 = 00000000
/* 005B0 80BF61D0 0C02E3B2 */  jal     func_800B8EC8              
/* 005B4 80BF61D4 24053A90 */  addiu   $a1, $zero, 0x3A90         ## $a1 = 00003A90
.L80BF61D8:
/* 005B8 80BF61D8 8FBF001C */  lw      $ra, 0x001C($sp)           
.L80BF61DC:
/* 005BC 80BF61DC 8FB00018 */  lw      $s0, 0x0018($sp)           
/* 005C0 80BF61E0 27BD0028 */  addiu   $sp, $sp, 0x0028           ## $sp = 00000000
/* 005C4 80BF61E4 03E00008 */  jr      $ra                        
/* 005C8 80BF61E8 00000000 */  nop


glabel func_80BF61EC
/* 005CC 80BF61EC 27BDFFE0 */  addiu   $sp, $sp, 0xFFE0           ## $sp = FFFFFFE0
/* 005D0 80BF61F0 AFB10018 */  sw      $s1, 0x0018($sp)           
/* 005D4 80BF61F4 AFB00014 */  sw      $s0, 0x0014($sp)           
/* 005D8 80BF61F8 00808025 */  or      $s0, $a0, $zero            ## $s0 = 00000000
/* 005DC 80BF61FC 00A08825 */  or      $s1, $a1, $zero            ## $s1 = 00000000
/* 005E0 80BF6200 AFBF001C */  sw      $ra, 0x001C($sp)           
/* 005E4 80BF6204 0C04DB34 */  jal     func_80136CD0              
/* 005E8 80BF6208 26040144 */  addiu   $a0, $s0, 0x0144           ## $a0 = 00000144
/* 005EC 80BF620C 02202025 */  or      $a0, $s1, $zero            ## $a0 = 00000000
/* 005F0 80BF6210 0C03B8A7 */  jal     func_800EE29C              
/* 005F4 80BF6214 96050258 */  lhu     $a1, 0x0258($s0)           ## 00000258
/* 005F8 80BF6218 10400020 */  beq     $v0, $zero, .L80BF629C     
/* 005FC 80BF621C 02202025 */  or      $a0, $s1, $zero            ## $a0 = 00000000
/* 00600 80BF6220 0C03B880 */  jal     func_800EE200              
/* 00604 80BF6224 96050258 */  lhu     $a1, 0x0258($s0)           ## 00000258
/* 00608 80BF6228 02002025 */  or      $a0, $s0, $zero            ## $a0 = 00000000
/* 0060C 80BF622C 02202825 */  or      $a1, $s1, $zero            ## $a1 = 00000000
/* 00610 80BF6230 0C03B7C9 */  jal     func_800EDF24              
/* 00614 80BF6234 00403025 */  or      $a2, $v0, $zero            ## $a2 = 00000000
/* 00618 80BF6238 02202025 */  or      $a0, $s1, $zero            ## $a0 = 00000000
/* 0061C 80BF623C 0C03B880 */  jal     func_800EE200              
/* 00620 80BF6240 96050258 */  lhu     $a1, 0x0258($s0)           ## 00000258
/* 00624 80BF6244 00027880 */  sll     $t7, $v0,  2               
/* 00628 80BF6248 022FC021 */  addu    $t8, $s1, $t7              
/* 0062C 80BF624C 8F191F4C */  lw      $t9, 0x1F4C($t8)           ## 00001F4C
/* 00630 80BF6250 860E0256 */  lh      $t6, 0x0256($s0)           ## 00000256
/* 00634 80BF6254 02202025 */  or      $a0, $s1, $zero            ## $a0 = 00000000
/* 00638 80BF6258 97280000 */  lhu     $t0, 0x0000($t9)           ## 00000000
/* 0063C 80BF625C 51C8000B */  beql    $t6, $t0, .L80BF628C       
/* 00640 80BF6260 02002025 */  or      $a0, $s0, $zero            ## $a0 = 00000000
/* 00644 80BF6264 0C03B880 */  jal     func_800EE200              
/* 00648 80BF6268 96050258 */  lhu     $a1, 0x0258($s0)           ## 00000258
/* 0064C 80BF626C 00024880 */  sll     $t1, $v0,  2               
/* 00650 80BF6270 02295021 */  addu    $t2, $s1, $t1              
/* 00654 80BF6274 8D4B1F4C */  lw      $t3, 0x1F4C($t2)           ## 00001F4C
/* 00658 80BF6278 02002025 */  or      $a0, $s0, $zero            ## $a0 = 00000000
/* 0065C 80BF627C 956C0000 */  lhu     $t4, 0x0000($t3)           ## 00000000
/* 00660 80BF6280 0C2FD7DC */  jal     func_80BF5F70              
/* 00664 80BF6284 A60C0256 */  sh      $t4, 0x0256($s0)           ## 00000256
/* 00668 80BF6288 02002025 */  or      $a0, $s0, $zero            ## $a0 = 00000000
.L80BF628C:
/* 0066C 80BF628C 0C2FD827 */  jal     func_80BF609C              
/* 00670 80BF6290 02202825 */  or      $a1, $s1, $zero            ## $a1 = 00000000
/* 00674 80BF6294 10000003 */  beq     $zero, $zero, .L80BF62A4   
/* 00678 80BF6298 860D0256 */  lh      $t5, 0x0256($s0)           ## 00000256
.L80BF629C:
/* 0067C 80BF629C AE00013C */  sw      $zero, 0x013C($s0)         ## 0000013C
/* 00680 80BF62A0 860D0256 */  lh      $t5, 0x0256($s0)           ## 00000256
.L80BF62A4:
/* 00684 80BF62A4 24010006 */  addiu   $at, $zero, 0x0006         ## $at = 00000006
/* 00688 80BF62A8 15A10015 */  bne     $t5, $at, .L80BF6300       
/* 0068C 80BF62AC 3C0180BF */  lui     $at, %hi(D_80BF704C)       ## $at = 80BF0000
/* 00690 80BF62B0 C422704C */  lwc1    $f2, %lo(D_80BF704C)($at)  
/* 00694 80BF62B4 C6000058 */  lwc1    $f0, 0x0058($s0)           ## 00000058
/* 00698 80BF62B8 4600103C */  c.lt.s  $f2, $f0                   
/* 0069C 80BF62BC 00000000 */  nop
/* 006A0 80BF62C0 4502000F */  bc1fl   .L80BF6300                 
/* 006A4 80BF62C4 AE00013C */  sw      $zero, 0x013C($s0)         ## 0000013C
/* 006A8 80BF62C8 46020101 */  sub.s   $f4, $f0, $f2              
/* 006AC 80BF62CC 02002025 */  or      $a0, $s0, $zero            ## $a0 = 00000000
/* 006B0 80BF62D0 E6040058 */  swc1    $f4, 0x0058($s0)           ## 00000058
/* 006B4 80BF62D4 0C02D9F8 */  jal     func_800B67E0              
/* 006B8 80BF62D8 8E050058 */  lw      $a1, 0x0058($s0)           ## 00000058
/* 006BC 80BF62DC 02002025 */  or      $a0, $s0, $zero            ## $a0 = 00000000
/* 006C0 80BF62E0 0C2FD7AF */  jal     func_80BF5EBC              
/* 006C4 80BF62E4 02202825 */  or      $a1, $s1, $zero            ## $a1 = 00000000
/* 006C8 80BF62E8 02002025 */  or      $a0, $s0, $zero            ## $a0 = 00000000
/* 006CC 80BF62EC 0C02E404 */  jal     func_800B9010              
/* 006D0 80BF62F0 2405321F */  addiu   $a1, $zero, 0x321F         ## $a1 = 0000321F
/* 006D4 80BF62F4 10000003 */  beq     $zero, $zero, .L80BF6304   
/* 006D8 80BF62F8 8FBF001C */  lw      $ra, 0x001C($sp)           
/* 006DC 80BF62FC AE00013C */  sw      $zero, 0x013C($s0)         ## 0000013C
.L80BF6300:
/* 006E0 80BF6300 8FBF001C */  lw      $ra, 0x001C($sp)           
.L80BF6304:
/* 006E4 80BF6304 8FB00014 */  lw      $s0, 0x0014($sp)           
/* 006E8 80BF6308 8FB10018 */  lw      $s1, 0x0018($sp)           
/* 006EC 80BF630C 03E00008 */  jr      $ra                        
/* 006F0 80BF6310 27BD0020 */  addiu   $sp, $sp, 0x0020           ## $sp = 00000000


glabel func_80BF6314
/* 006F4 80BF6314 27BDFFE8 */  addiu   $sp, $sp, 0xFFE8           ## $sp = FFFFFFE8
/* 006F8 80BF6318 AFBF0014 */  sw      $ra, 0x0014($sp)           
/* 006FC 80BF631C 84820256 */  lh      $v0, 0x0256($a0)           ## 00000256
/* 00700 80BF6320 24010001 */  addiu   $at, $zero, 0x0001         ## $at = 00000001
/* 00704 80BF6324 1041000B */  beq     $v0, $at, .L80BF6354       
/* 00708 80BF6328 24010009 */  addiu   $at, $zero, 0x0009         ## $at = 00000009
/* 0070C 80BF632C 10410009 */  beq     $v0, $at, .L80BF6354       
/* 00710 80BF6330 3C0E80BF */  lui     $t6, %hi(func_80BF6C94)    ## $t6 = 80BF0000
/* 00714 80BF6334 25CE6C94 */  addiu   $t6, $t6, %lo(func_80BF6C94) ## $t6 = 80BF6C94
/* 00718 80BF6338 AC8E013C */  sw      $t6, 0x013C($a0)           ## 0000013C
/* 0071C 80BF633C 3C053C54 */  lui     $a1, 0x3C54                ## $a1 = 3C540000
/* 00720 80BF6340 34A5FDF4 */  ori     $a1, $a1, 0xFDF4           ## $a1 = 3C54FDF4
/* 00724 80BF6344 0C02D9F8 */  jal     func_800B67E0              
/* 00728 80BF6348 AFA40018 */  sw      $a0, 0x0018($sp)           
/* 0072C 80BF634C 8FA40018 */  lw      $a0, 0x0018($sp)           
/* 00730 80BF6350 84820256 */  lh      $v0, 0x0256($a0)           ## 00000256
.L80BF6354:
/* 00734 80BF6354 244FFFFF */  addiu   $t7, $v0, 0xFFFF           ## $t7 = FFFFFFFF
/* 00738 80BF6358 2DE10009 */  sltiu   $at, $t7, 0x0009           
/* 0073C 80BF635C 10200042 */  beq     $at, $zero, .L80BF6468     
/* 00740 80BF6360 000F7880 */  sll     $t7, $t7,  2               
/* 00744 80BF6364 3C0180BF */  lui     $at, %hi(D_80BF7050)       ## $at = 80BF0000
/* 00748 80BF6368 002F0821 */  addu    $at, $at, $t7              
/* 0074C 80BF636C 8C2F7050 */  lw      $t7, %lo(D_80BF7050)($at)  
/* 00750 80BF6370 01E00008 */  jr      $t7                        
/* 00754 80BF6374 00000000 */  nop
.L80BF6378:
/* 00758 80BF6378 1000003B */  beq     $zero, $zero, .L80BF6468   
/* 0075C 80BF637C AC80013C */  sw      $zero, 0x013C($a0)         ## 0000013C
.L80BF6380:
/* 00760 80BF6380 3C0580BF */  lui     $a1, %hi(D_80BF6FB4)       ## $a1 = 80BF0000
/* 00764 80BF6384 24A56FB4 */  addiu   $a1, $a1, %lo(D_80BF6FB4)  ## $a1 = 80BF6FB4
/* 00768 80BF6388 24060009 */  addiu   $a2, $zero, 0x0009         ## $a2 = 00000009
/* 0076C 80BF638C 3C07C0A0 */  lui     $a3, 0xC0A0                ## $a3 = C0A00000
/* 00770 80BF6390 0C2FD780 */  jal     func_80BF5E00              
/* 00774 80BF6394 AFA40018 */  sw      $a0, 0x0018($sp)           
/* 00778 80BF6398 8FA40018 */  lw      $a0, 0x0018($sp)           
/* 0077C 80BF639C 0C02D9F8 */  jal     func_800B67E0              
/* 00780 80BF63A0 24050000 */  addiu   $a1, $zero, 0x0000         ## $a1 = 00000000
/* 00784 80BF63A4 10000031 */  beq     $zero, $zero, .L80BF646C   
/* 00788 80BF63A8 8FBF0014 */  lw      $ra, 0x0014($sp)           
.L80BF63AC:
/* 0078C 80BF63AC 3C0580BF */  lui     $a1, %hi(D_80BF6FB4)       ## $a1 = 80BF0000
/* 00790 80BF63B0 24A56FB4 */  addiu   $a1, $a1, %lo(D_80BF6FB4)  ## $a1 = 80BF6FB4
/* 00794 80BF63B4 24060002 */  addiu   $a2, $zero, 0x0002         ## $a2 = 00000002
/* 00798 80BF63B8 0C2FD79A */  jal     func_80BF5E68              
/* 0079C 80BF63BC 3C07C0A0 */  lui     $a3, 0xC0A0                ## $a3 = C0A00000
/* 007A0 80BF63C0 1000002A */  beq     $zero, $zero, .L80BF646C   
/* 007A4 80BF63C4 8FBF0014 */  lw      $ra, 0x0014($sp)           
.L80BF63C8:
/* 007A8 80BF63C8 3C0580BF */  lui     $a1, %hi(D_80BF6FB4)       ## $a1 = 80BF0000
/* 007AC 80BF63CC 24A56FB4 */  addiu   $a1, $a1, %lo(D_80BF6FB4)  ## $a1 = 80BF6FB4
/* 007B0 80BF63D0 24060004 */  addiu   $a2, $zero, 0x0004         ## $a2 = 00000004
/* 007B4 80BF63D4 0C2FD79A */  jal     func_80BF5E68              
/* 007B8 80BF63D8 24070000 */  addiu   $a3, $zero, 0x0000         ## $a3 = 00000000
/* 007BC 80BF63DC 10000023 */  beq     $zero, $zero, .L80BF646C   
/* 007C0 80BF63E0 8FBF0014 */  lw      $ra, 0x0014($sp)           
.L80BF63E4:
/* 007C4 80BF63E4 3C0580BF */  lui     $a1, %hi(D_80BF6FB4)       ## $a1 = 80BF0000
/* 007C8 80BF63E8 24A56FB4 */  addiu   $a1, $a1, %lo(D_80BF6FB4)  ## $a1 = 80BF6FB4
/* 007CC 80BF63EC 24060008 */  addiu   $a2, $zero, 0x0008         ## $a2 = 00000008
/* 007D0 80BF63F0 0C2FD79A */  jal     func_80BF5E68              
/* 007D4 80BF63F4 3C07C0A0 */  lui     $a3, 0xC0A0                ## $a3 = C0A00000
/* 007D8 80BF63F8 1000001C */  beq     $zero, $zero, .L80BF646C   
/* 007DC 80BF63FC 8FBF0014 */  lw      $ra, 0x0014($sp)           
.L80BF6400:
/* 007E0 80BF6400 3C0580BF */  lui     $a1, %hi(D_80BF6FB4)       ## $a1 = 80BF0000
/* 007E4 80BF6404 24A56FB4 */  addiu   $a1, $a1, %lo(D_80BF6FB4)  ## $a1 = 80BF6FB4
/* 007E8 80BF6408 2406000B */  addiu   $a2, $zero, 0x000B         ## $a2 = 0000000B
/* 007EC 80BF640C 0C2FD79A */  jal     func_80BF5E68              
/* 007F0 80BF6410 3C07C0A0 */  lui     $a3, 0xC0A0                ## $a3 = C0A00000
/* 007F4 80BF6414 10000015 */  beq     $zero, $zero, .L80BF646C   
/* 007F8 80BF6418 8FBF0014 */  lw      $ra, 0x0014($sp)           
.L80BF641C:
/* 007FC 80BF641C 3C0580BF */  lui     $a1, %hi(D_80BF6FB4)       ## $a1 = 80BF0000
/* 00800 80BF6420 24A56FB4 */  addiu   $a1, $a1, %lo(D_80BF6FB4)  ## $a1 = 80BF6FB4
/* 00804 80BF6424 24060006 */  addiu   $a2, $zero, 0x0006         ## $a2 = 00000006
/* 00808 80BF6428 0C2FD79A */  jal     func_80BF5E68              
/* 0080C 80BF642C 3C07C0A0 */  lui     $a3, 0xC0A0                ## $a3 = C0A00000
/* 00810 80BF6430 1000000E */  beq     $zero, $zero, .L80BF646C   
/* 00814 80BF6434 8FBF0014 */  lw      $ra, 0x0014($sp)           
.L80BF6438:
/* 00818 80BF6438 3C0580BF */  lui     $a1, %hi(D_80BF6FB4)       ## $a1 = 80BF0000
/* 0081C 80BF643C 24A56FB4 */  addiu   $a1, $a1, %lo(D_80BF6FB4)  ## $a1 = 80BF6FB4
/* 00820 80BF6440 00003025 */  or      $a2, $zero, $zero          ## $a2 = 00000000
/* 00824 80BF6444 0C2FD780 */  jal     func_80BF5E00              
/* 00828 80BF6448 3C07C0A0 */  lui     $a3, 0xC0A0                ## $a3 = C0A00000
/* 0082C 80BF644C 10000007 */  beq     $zero, $zero, .L80BF646C   
/* 00830 80BF6450 8FBF0014 */  lw      $ra, 0x0014($sp)           
.L80BF6454:
/* 00834 80BF6454 3C0580BF */  lui     $a1, %hi(D_80BF6FB4)       ## $a1 = 80BF0000
/* 00838 80BF6458 24A56FB4 */  addiu   $a1, $a1, %lo(D_80BF6FB4)  ## $a1 = 80BF6FB4
/* 0083C 80BF645C 00003025 */  or      $a2, $zero, $zero          ## $a2 = 00000000
/* 00840 80BF6460 0C2FD780 */  jal     func_80BF5E00              
/* 00844 80BF6464 3C07C0A0 */  lui     $a3, 0xC0A0                ## $a3 = C0A00000
.L80BF6468:
/* 00848 80BF6468 8FBF0014 */  lw      $ra, 0x0014($sp)           
.L80BF646C:
/* 0084C 80BF646C 27BD0018 */  addiu   $sp, $sp, 0x0018           ## $sp = 00000000
/* 00850 80BF6470 03E00008 */  jr      $ra                        
/* 00854 80BF6474 00000000 */  nop


glabel func_80BF6478
/* 00858 80BF6478 27BDFFD8 */  addiu   $sp, $sp, 0xFFD8           ## $sp = FFFFFFD8
/* 0085C 80BF647C AFB00018 */  sw      $s0, 0x0018($sp)           
/* 00860 80BF6480 00808025 */  or      $s0, $a0, $zero            ## $s0 = 00000000
/* 00864 80BF6484 AFBF001C */  sw      $ra, 0x001C($sp)           
/* 00868 80BF6488 8E0E013C */  lw      $t6, 0x013C($s0)           ## 0000013C
/* 0086C 80BF648C 51C00033 */  beql    $t6, $zero, .L80BF655C     
/* 00870 80BF6490 8FBF001C */  lw      $ra, 0x001C($sp)           
/* 00874 80BF6494 860F0254 */  lh      $t7, 0x0254($s0)           ## 00000254
/* 00878 80BF6498 25F8FFFF */  addiu   $t8, $t7, 0xFFFF           ## $t8 = FFFFFFFF
/* 0087C 80BF649C 2F01000B */  sltiu   $at, $t8, 0x000B           
/* 00880 80BF64A0 1020002D */  beq     $at, $zero, .L80BF6558     
/* 00884 80BF64A4 0018C080 */  sll     $t8, $t8,  2               
/* 00888 80BF64A8 3C0180BF */  lui     $at, %hi(D_80BF7074)       ## $at = 80BF0000
/* 0088C 80BF64AC 00380821 */  addu    $at, $at, $t8              
/* 00890 80BF64B0 8C387074 */  lw      $t8, %lo(D_80BF7074)($at)  
/* 00894 80BF64B4 03000008 */  jr      $t8                        
/* 00898 80BF64B8 00000000 */  nop
.L80BF64BC:
/* 0089C 80BF64BC 26040144 */  addiu   $a0, $s0, 0x0144           ## $a0 = 00000144
/* 008A0 80BF64C0 AFA40024 */  sw      $a0, 0x0024($sp)           
/* 008A4 80BF64C4 0C04DE2E */  jal     func_801378B8              
/* 008A8 80BF64C8 24050000 */  addiu   $a1, $zero, 0x0000         ## $a1 = 00000000
/* 008AC 80BF64CC 14400008 */  bne     $v0, $zero, .L80BF64F0     
/* 008B0 80BF64D0 8FA40024 */  lw      $a0, 0x0024($sp)           
/* 008B4 80BF64D4 0C04DE2E */  jal     func_801378B8              
/* 008B8 80BF64D8 3C0540C0 */  lui     $a1, 0x40C0                ## $a1 = 40C00000
/* 008BC 80BF64DC 14400004 */  bne     $v0, $zero, .L80BF64F0     
/* 008C0 80BF64E0 8FA40024 */  lw      $a0, 0x0024($sp)           
/* 008C4 80BF64E4 0C04DE2E */  jal     func_801378B8              
/* 008C8 80BF64E8 3C054130 */  lui     $a1, 0x4130                ## $a1 = 41300000
/* 008CC 80BF64EC 1040001A */  beq     $v0, $zero, .L80BF6558     
.L80BF64F0:
/* 008D0 80BF64F0 02002025 */  or      $a0, $s0, $zero            ## $a0 = 00000000
/* 008D4 80BF64F4 0C02E3B2 */  jal     func_800B8EC8              
/* 008D8 80BF64F8 24053A8A */  addiu   $a1, $zero, 0x3A8A         ## $a1 = 00003A8A
/* 008DC 80BF64FC 10000017 */  beq     $zero, $zero, .L80BF655C   
/* 008E0 80BF6500 8FBF001C */  lw      $ra, 0x001C($sp)           
.L80BF6504:
/* 008E4 80BF6504 26040144 */  addiu   $a0, $s0, 0x0144           ## $a0 = 00000144
/* 008E8 80BF6508 0C04DE2E */  jal     func_801378B8              
/* 008EC 80BF650C 3C054130 */  lui     $a1, 0x4130                ## $a1 = 41300000
/* 008F0 80BF6510 10400011 */  beq     $v0, $zero, .L80BF6558     
/* 008F4 80BF6514 02002025 */  or      $a0, $s0, $zero            ## $a0 = 00000000
/* 008F8 80BF6518 0C02E3B2 */  jal     func_800B8EC8              
/* 008FC 80BF651C 24053A8A */  addiu   $a1, $zero, 0x3A8A         ## $a1 = 00003A8A
/* 00900 80BF6520 1000000E */  beq     $zero, $zero, .L80BF655C   
/* 00904 80BF6524 8FBF001C */  lw      $ra, 0x001C($sp)           
.L80BF6528:
/* 00908 80BF6528 26040144 */  addiu   $a0, $s0, 0x0144           ## $a0 = 00000144
/* 0090C 80BF652C 0C04DE2E */  jal     func_801378B8              
/* 00910 80BF6530 3C0540A0 */  lui     $a1, 0x40A0                ## $a1 = 40A00000
/* 00914 80BF6534 10400008 */  beq     $v0, $zero, .L80BF6558     
/* 00918 80BF6538 02002025 */  or      $a0, $s0, $zero            ## $a0 = 00000000
/* 0091C 80BF653C 0C02E3B2 */  jal     func_800B8EC8              
/* 00920 80BF6540 24053A8A */  addiu   $a1, $zero, 0x3A8A         ## $a1 = 00003A8A
/* 00924 80BF6544 10000005 */  beq     $zero, $zero, .L80BF655C   
/* 00928 80BF6548 8FBF001C */  lw      $ra, 0x001C($sp)           
.L80BF654C:
/* 0092C 80BF654C 02002025 */  or      $a0, $s0, $zero            ## $a0 = 00000000
/* 00930 80BF6550 0C02E404 */  jal     func_800B9010              
/* 00934 80BF6554 24053244 */  addiu   $a1, $zero, 0x3244         ## $a1 = 00003244
.L80BF6558:
/* 00938 80BF6558 8FBF001C */  lw      $ra, 0x001C($sp)           
.L80BF655C:
/* 0093C 80BF655C 8FB00018 */  lw      $s0, 0x0018($sp)           
/* 00940 80BF6560 27BD0028 */  addiu   $sp, $sp, 0x0028           ## $sp = 00000000
/* 00944 80BF6564 03E00008 */  jr      $ra                        
/* 00948 80BF6568 00000000 */  nop


glabel func_80BF656C
/* 0094C 80BF656C 27BDFFE0 */  addiu   $sp, $sp, 0xFFE0           ## $sp = FFFFFFE0
/* 00950 80BF6570 AFB00018 */  sw      $s0, 0x0018($sp)           
/* 00954 80BF6574 00808025 */  or      $s0, $a0, $zero            ## $s0 = 00000000
/* 00958 80BF6578 AFBF001C */  sw      $ra, 0x001C($sp)           
/* 0095C 80BF657C AFA50024 */  sw      $a1, 0x0024($sp)           
/* 00960 80BF6580 0C04DB34 */  jal     func_80136CD0              
/* 00964 80BF6584 26040144 */  addiu   $a0, $s0, 0x0144           ## $a0 = 00000144
/* 00968 80BF6588 50400032 */  beql    $v0, $zero, .L80BF6654     
/* 0096C 80BF658C 8FA40024 */  lw      $a0, 0x0024($sp)           
/* 00970 80BF6590 860E0254 */  lh      $t6, 0x0254($s0)           ## 00000254
/* 00974 80BF6594 25CFFFFE */  addiu   $t7, $t6, 0xFFFE           ## $t7 = FFFFFFFE
/* 00978 80BF6598 2DE1000A */  sltiu   $at, $t7, 0x000A           
/* 0097C 80BF659C 1020002C */  beq     $at, $zero, .L80BF6650     
/* 00980 80BF65A0 000F7880 */  sll     $t7, $t7,  2               
/* 00984 80BF65A4 3C0180BF */  lui     $at, %hi(D_80BF70A0)       ## $at = 80BF0000
/* 00988 80BF65A8 002F0821 */  addu    $at, $at, $t7              
/* 0098C 80BF65AC 8C2F70A0 */  lw      $t7, %lo(D_80BF70A0)($at)  
/* 00990 80BF65B0 01E00008 */  jr      $t7                        
/* 00994 80BF65B4 00000000 */  nop
.L80BF65B8:
/* 00998 80BF65B8 3C0580BF */  lui     $a1, %hi(D_80BF6FB4)       ## $a1 = 80BF0000
/* 0099C 80BF65BC 24A56FB4 */  addiu   $a1, $a1, %lo(D_80BF6FB4)  ## $a1 = 80BF6FB4
/* 009A0 80BF65C0 02002025 */  or      $a0, $s0, $zero            ## $a0 = 00000000
/* 009A4 80BF65C4 24060001 */  addiu   $a2, $zero, 0x0001         ## $a2 = 00000001
/* 009A8 80BF65C8 0C2FD780 */  jal     func_80BF5E00              
/* 009AC 80BF65CC 24070000 */  addiu   $a3, $zero, 0x0000         ## $a3 = 00000000
/* 009B0 80BF65D0 10000020 */  beq     $zero, $zero, .L80BF6654   
/* 009B4 80BF65D4 8FA40024 */  lw      $a0, 0x0024($sp)           
.L80BF65D8:
/* 009B8 80BF65D8 3C0580BF */  lui     $a1, %hi(D_80BF6FB4)       ## $a1 = 80BF0000
/* 009BC 80BF65DC 24A56FB4 */  addiu   $a1, $a1, %lo(D_80BF6FB4)  ## $a1 = 80BF6FB4
/* 009C0 80BF65E0 02002025 */  or      $a0, $s0, $zero            ## $a0 = 00000000
/* 009C4 80BF65E4 24060003 */  addiu   $a2, $zero, 0x0003         ## $a2 = 00000003
/* 009C8 80BF65E8 0C2FD780 */  jal     func_80BF5E00              
/* 009CC 80BF65EC 24070000 */  addiu   $a3, $zero, 0x0000         ## $a3 = 00000000
/* 009D0 80BF65F0 10000018 */  beq     $zero, $zero, .L80BF6654   
/* 009D4 80BF65F4 8FA40024 */  lw      $a0, 0x0024($sp)           
.L80BF65F8:
/* 009D8 80BF65F8 3C0580BF */  lui     $a1, %hi(D_80BF6FB4)       ## $a1 = 80BF0000
/* 009DC 80BF65FC 24A56FB4 */  addiu   $a1, $a1, %lo(D_80BF6FB4)  ## $a1 = 80BF6FB4
/* 009E0 80BF6600 02002025 */  or      $a0, $s0, $zero            ## $a0 = 00000000
/* 009E4 80BF6604 24060007 */  addiu   $a2, $zero, 0x0007         ## $a2 = 00000007
/* 009E8 80BF6608 0C2FD780 */  jal     func_80BF5E00              
/* 009EC 80BF660C 3C07C0A0 */  lui     $a3, 0xC0A0                ## $a3 = C0A00000
/* 009F0 80BF6610 10000010 */  beq     $zero, $zero, .L80BF6654   
/* 009F4 80BF6614 8FA40024 */  lw      $a0, 0x0024($sp)           
.L80BF6618:
/* 009F8 80BF6618 3C0580BF */  lui     $a1, %hi(D_80BF6FB4)       ## $a1 = 80BF0000
/* 009FC 80BF661C 24A56FB4 */  addiu   $a1, $a1, %lo(D_80BF6FB4)  ## $a1 = 80BF6FB4
/* 00A00 80BF6620 02002025 */  or      $a0, $s0, $zero            ## $a0 = 00000000
/* 00A04 80BF6624 2406000A */  addiu   $a2, $zero, 0x000A         ## $a2 = 0000000A
/* 00A08 80BF6628 0C2FD780 */  jal     func_80BF5E00              
/* 00A0C 80BF662C 3C07C0A0 */  lui     $a3, 0xC0A0                ## $a3 = C0A00000
/* 00A10 80BF6630 10000008 */  beq     $zero, $zero, .L80BF6654   
/* 00A14 80BF6634 8FA40024 */  lw      $a0, 0x0024($sp)           
.L80BF6638:
/* 00A18 80BF6638 3C0580BF */  lui     $a1, %hi(D_80BF6FB4)       ## $a1 = 80BF0000
/* 00A1C 80BF663C 24A56FB4 */  addiu   $a1, $a1, %lo(D_80BF6FB4)  ## $a1 = 80BF6FB4
/* 00A20 80BF6640 02002025 */  or      $a0, $s0, $zero            ## $a0 = 00000000
/* 00A24 80BF6644 24060005 */  addiu   $a2, $zero, 0x0005         ## $a2 = 00000005
/* 00A28 80BF6648 0C2FD780 */  jal     func_80BF5E00              
/* 00A2C 80BF664C 3C07C0A0 */  lui     $a3, 0xC0A0                ## $a3 = C0A00000
.L80BF6650:
/* 00A30 80BF6650 8FA40024 */  lw      $a0, 0x0024($sp)           
.L80BF6654:
/* 00A34 80BF6654 0C03B8A7 */  jal     func_800EE29C              
/* 00A38 80BF6658 96050258 */  lhu     $a1, 0x0258($s0)           ## 00000258
/* 00A3C 80BF665C 10400021 */  beq     $v0, $zero, .L80BF66E4     
/* 00A40 80BF6660 8FA40024 */  lw      $a0, 0x0024($sp)           
/* 00A44 80BF6664 0C03B880 */  jal     func_800EE200              
/* 00A48 80BF6668 96050258 */  lhu     $a1, 0x0258($s0)           ## 00000258
/* 00A4C 80BF666C 02002025 */  or      $a0, $s0, $zero            ## $a0 = 00000000
/* 00A50 80BF6670 8FA50024 */  lw      $a1, 0x0024($sp)           
/* 00A54 80BF6674 0C03B7C9 */  jal     func_800EDF24              
/* 00A58 80BF6678 00403025 */  or      $a2, $v0, $zero            ## $a2 = 00000000
/* 00A5C 80BF667C 8FA40024 */  lw      $a0, 0x0024($sp)           
/* 00A60 80BF6680 0C03B880 */  jal     func_800EE200              
/* 00A64 80BF6684 96050258 */  lhu     $a1, 0x0258($s0)           ## 00000258
/* 00A68 80BF6688 8FB90024 */  lw      $t9, 0x0024($sp)           
/* 00A6C 80BF668C 00024080 */  sll     $t0, $v0,  2               
/* 00A70 80BF6690 86180256 */  lh      $t8, 0x0256($s0)           ## 00000256
/* 00A74 80BF6694 03284821 */  addu    $t1, $t9, $t0              
/* 00A78 80BF6698 8D2A1F4C */  lw      $t2, 0x1F4C($t1)           ## 00001F4C
/* 00A7C 80BF669C 03202025 */  or      $a0, $t9, $zero            ## $a0 = 00000000
/* 00A80 80BF66A0 954B0000 */  lhu     $t3, 0x0000($t2)           ## 00000000
/* 00A84 80BF66A4 130B000B */  beq     $t8, $t3, .L80BF66D4       
/* 00A88 80BF66A8 00000000 */  nop
/* 00A8C 80BF66AC 0C03B880 */  jal     func_800EE200              
/* 00A90 80BF66B0 96050258 */  lhu     $a1, 0x0258($s0)           ## 00000258
/* 00A94 80BF66B4 8FAC0024 */  lw      $t4, 0x0024($sp)           
/* 00A98 80BF66B8 00026880 */  sll     $t5, $v0,  2               
/* 00A9C 80BF66BC 02002025 */  or      $a0, $s0, $zero            ## $a0 = 00000000
/* 00AA0 80BF66C0 018D7021 */  addu    $t6, $t4, $t5              
/* 00AA4 80BF66C4 8DCF1F4C */  lw      $t7, 0x1F4C($t6)           ## 00001F4C
/* 00AA8 80BF66C8 95E80000 */  lhu     $t0, 0x0000($t7)           ## 00000000
/* 00AAC 80BF66CC 0C2FD8C5 */  jal     func_80BF6314              
/* 00AB0 80BF66D0 A6080256 */  sh      $t0, 0x0256($s0)           ## 00000256
.L80BF66D4:
/* 00AB4 80BF66D4 0C2FD91E */  jal     func_80BF6478              
/* 00AB8 80BF66D8 02002025 */  or      $a0, $s0, $zero            ## $a0 = 00000000
/* 00ABC 80BF66DC 10000003 */  beq     $zero, $zero, .L80BF66EC   
/* 00AC0 80BF66E0 86020256 */  lh      $v0, 0x0256($s0)           ## 00000256
.L80BF66E4:
/* 00AC4 80BF66E4 AE00013C */  sw      $zero, 0x013C($s0)         ## 0000013C
/* 00AC8 80BF66E8 86020256 */  lh      $v0, 0x0256($s0)           ## 00000256
.L80BF66EC:
/* 00ACC 80BF66EC 24010002 */  addiu   $at, $zero, 0x0002         ## $at = 00000002
/* 00AD0 80BF66F0 1441000F */  bne     $v0, $at, .L80BF6730       
/* 00AD4 80BF66F4 3C0180BF */  lui     $at, %hi(D_80BF70C8)       ## $at = 80BF0000
/* 00AD8 80BF66F8 C42470C8 */  lwc1    $f4, %lo(D_80BF70C8)($at)  
/* 00ADC 80BF66FC C6000058 */  lwc1    $f0, 0x0058($s0)           ## 00000058
/* 00AE0 80BF6700 3C0180BF */  lui     $at, %hi(D_80BF70CC)       ## $at = 80BF0000
/* 00AE4 80BF6704 4604003C */  c.lt.s  $f0, $f4                   
/* 00AE8 80BF6708 00000000 */  nop
/* 00AEC 80BF670C 45020009 */  bc1fl   .L80BF6734                 
/* 00AF0 80BF6710 24010009 */  addiu   $at, $zero, 0x0009         ## $at = 00000009
/* 00AF4 80BF6714 C42670CC */  lwc1    $f6, %lo(D_80BF70CC)($at)  
/* 00AF8 80BF6718 02002025 */  or      $a0, $s0, $zero            ## $a0 = 00000000
/* 00AFC 80BF671C 46060200 */  add.s   $f8, $f0, $f6              
/* 00B00 80BF6720 E6080058 */  swc1    $f8, 0x0058($s0)           ## 00000058
/* 00B04 80BF6724 0C02D9F8 */  jal     func_800B67E0              
/* 00B08 80BF6728 8E050058 */  lw      $a1, 0x0058($s0)           ## 00000058
/* 00B0C 80BF672C 86020256 */  lh      $v0, 0x0256($s0)           ## 00000256
.L80BF6730:
/* 00B10 80BF6730 24010009 */  addiu   $at, $zero, 0x0009         ## $at = 00000009
.L80BF6734:
/* 00B14 80BF6734 14410017 */  bne     $v0, $at, .L80BF6794       
/* 00B18 80BF6738 3C0180BF */  lui     $at, %hi(D_80BF70D0)       ## $at = 80BF0000
/* 00B1C 80BF673C C42A70D0 */  lwc1    $f10, %lo(D_80BF70D0)($at) 
/* 00B20 80BF6740 C6000058 */  lwc1    $f0, 0x0058($s0)           ## 00000058
/* 00B24 80BF6744 3C0180BF */  lui     $at, %hi(D_80BF70D4)       ## $at = 80BF0000
/* 00B28 80BF6748 4600503C */  c.lt.s  $f10, $f0                  
/* 00B2C 80BF674C 00000000 */  nop
/* 00B30 80BF6750 45020010 */  bc1fl   .L80BF6794                 
/* 00B34 80BF6754 AE00013C */  sw      $zero, 0x013C($s0)         ## 0000013C
/* 00B38 80BF6758 C43070D4 */  lwc1    $f16, %lo(D_80BF70D4)($at) 
/* 00B3C 80BF675C 02002025 */  or      $a0, $s0, $zero            ## $a0 = 00000000
/* 00B40 80BF6760 46100481 */  sub.s   $f18, $f0, $f16            
/* 00B44 80BF6764 E6120058 */  swc1    $f18, 0x0058($s0)          ## 00000058
/* 00B48 80BF6768 0C02D9F8 */  jal     func_800B67E0              
/* 00B4C 80BF676C 8E050058 */  lw      $a1, 0x0058($s0)           ## 00000058
/* 00B50 80BF6770 02002025 */  or      $a0, $s0, $zero            ## $a0 = 00000000
/* 00B54 80BF6774 0C2FD7AF */  jal     func_80BF5EBC              
/* 00B58 80BF6778 8FA50024 */  lw      $a1, 0x0024($sp)           
/* 00B5C 80BF677C 02002025 */  or      $a0, $s0, $zero            ## $a0 = 00000000
/* 00B60 80BF6780 0C02E404 */  jal     func_800B9010              
/* 00B64 80BF6784 2405321F */  addiu   $a1, $zero, 0x321F         ## $a1 = 0000321F
/* 00B68 80BF6788 10000003 */  beq     $zero, $zero, .L80BF6798   
/* 00B6C 80BF678C 8FBF001C */  lw      $ra, 0x001C($sp)           
/* 00B70 80BF6790 AE00013C */  sw      $zero, 0x013C($s0)         ## 0000013C
.L80BF6794:
/* 00B74 80BF6794 8FBF001C */  lw      $ra, 0x001C($sp)           
.L80BF6798:
/* 00B78 80BF6798 8FB00018 */  lw      $s0, 0x0018($sp)           
/* 00B7C 80BF679C 27BD0020 */  addiu   $sp, $sp, 0x0020           ## $sp = 00000000
/* 00B80 80BF67A0 03E00008 */  jr      $ra                        
/* 00B84 80BF67A4 00000000 */  nop


glabel func_80BF67A8
/* 00B88 80BF67A8 27BDFFE8 */  addiu   $sp, $sp, 0xFFE8           ## $sp = FFFFFFE8
/* 00B8C 80BF67AC AFBF0014 */  sw      $ra, 0x0014($sp)           
/* 00B90 80BF67B0 84820256 */  lh      $v0, 0x0256($a0)           ## 00000256
/* 00B94 80BF67B4 24010001 */  addiu   $at, $zero, 0x0001         ## $at = 00000001
/* 00B98 80BF67B8 1041000B */  beq     $v0, $at, .L80BF67E8       
/* 00B9C 80BF67BC 24010008 */  addiu   $at, $zero, 0x0008         ## $at = 00000008
/* 00BA0 80BF67C0 10410009 */  beq     $v0, $at, .L80BF67E8       
/* 00BA4 80BF67C4 3C0E80BF */  lui     $t6, %hi(func_80BF6C94)    ## $t6 = 80BF0000
/* 00BA8 80BF67C8 25CE6C94 */  addiu   $t6, $t6, %lo(func_80BF6C94) ## $t6 = 80BF6C94
/* 00BAC 80BF67CC AC8E013C */  sw      $t6, 0x013C($a0)           ## 0000013C
/* 00BB0 80BF67D0 3C053C54 */  lui     $a1, 0x3C54                ## $a1 = 3C540000
/* 00BB4 80BF67D4 34A5FDF4 */  ori     $a1, $a1, 0xFDF4           ## $a1 = 3C54FDF4
/* 00BB8 80BF67D8 0C02D9F8 */  jal     func_800B67E0              
/* 00BBC 80BF67DC AFA40018 */  sw      $a0, 0x0018($sp)           
/* 00BC0 80BF67E0 8FA40018 */  lw      $a0, 0x0018($sp)           
/* 00BC4 80BF67E4 84820256 */  lh      $v0, 0x0256($a0)           ## 00000256
.L80BF67E8:
/* 00BC8 80BF67E8 244FFFFF */  addiu   $t7, $v0, 0xFFFF           ## $t7 = FFFFFFFF
/* 00BCC 80BF67EC 2DE10009 */  sltiu   $at, $t7, 0x0009           
/* 00BD0 80BF67F0 10200037 */  beq     $at, $zero, .L80BF68D0     
/* 00BD4 80BF67F4 000F7880 */  sll     $t7, $t7,  2               
/* 00BD8 80BF67F8 3C0180BF */  lui     $at, %hi(D_80BF70D8)       ## $at = 80BF0000
/* 00BDC 80BF67FC 002F0821 */  addu    $at, $at, $t7              
/* 00BE0 80BF6800 8C2F70D8 */  lw      $t7, %lo(D_80BF70D8)($at)  
/* 00BE4 80BF6804 01E00008 */  jr      $t7                        
/* 00BE8 80BF6808 00000000 */  nop
.L80BF680C:
/* 00BEC 80BF680C 10000030 */  beq     $zero, $zero, .L80BF68D0   
/* 00BF0 80BF6810 AC80013C */  sw      $zero, 0x013C($a0)         ## 0000013C
.L80BF6814:
/* 00BF4 80BF6814 3C0580BF */  lui     $a1, %hi(D_80BF6FE4)       ## $a1 = 80BF0000
/* 00BF8 80BF6818 24A56FE4 */  addiu   $a1, $a1, %lo(D_80BF6FE4)  ## $a1 = 80BF6FE4
/* 00BFC 80BF681C 24060002 */  addiu   $a2, $zero, 0x0002         ## $a2 = 00000002
/* 00C00 80BF6820 0C2FD79A */  jal     func_80BF5E68              
/* 00C04 80BF6824 3C07C0A0 */  lui     $a3, 0xC0A0                ## $a3 = C0A00000
/* 00C08 80BF6828 1000002A */  beq     $zero, $zero, .L80BF68D4   
/* 00C0C 80BF682C 8FBF0014 */  lw      $ra, 0x0014($sp)           
.L80BF6830:
/* 00C10 80BF6830 3C0580BF */  lui     $a1, %hi(D_80BF6FE4)       ## $a1 = 80BF0000
/* 00C14 80BF6834 24A56FE4 */  addiu   $a1, $a1, %lo(D_80BF6FE4)  ## $a1 = 80BF6FE4
/* 00C18 80BF6838 24060008 */  addiu   $a2, $zero, 0x0008         ## $a2 = 00000008
/* 00C1C 80BF683C 0C2FD79A */  jal     func_80BF5E68              
/* 00C20 80BF6840 3C07C0A0 */  lui     $a3, 0xC0A0                ## $a3 = C0A00000
/* 00C24 80BF6844 10000023 */  beq     $zero, $zero, .L80BF68D4   
/* 00C28 80BF6848 8FBF0014 */  lw      $ra, 0x0014($sp)           
.L80BF684C:
/* 00C2C 80BF684C 3C0580BF */  lui     $a1, %hi(D_80BF6FE4)       ## $a1 = 80BF0000
/* 00C30 80BF6850 24A56FE4 */  addiu   $a1, $a1, %lo(D_80BF6FE4)  ## $a1 = 80BF6FE4
/* 00C34 80BF6854 24060004 */  addiu   $a2, $zero, 0x0004         ## $a2 = 00000004
/* 00C38 80BF6858 0C2FD79A */  jal     func_80BF5E68              
/* 00C3C 80BF685C 3C07C0A0 */  lui     $a3, 0xC0A0                ## $a3 = C0A00000
/* 00C40 80BF6860 1000001C */  beq     $zero, $zero, .L80BF68D4   
/* 00C44 80BF6864 8FBF0014 */  lw      $ra, 0x0014($sp)           
.L80BF6868:
/* 00C48 80BF6868 3C0580BF */  lui     $a1, %hi(D_80BF6FE4)       ## $a1 = 80BF0000
/* 00C4C 80BF686C 24A56FE4 */  addiu   $a1, $a1, %lo(D_80BF6FE4)  ## $a1 = 80BF6FE4
/* 00C50 80BF6870 24060006 */  addiu   $a2, $zero, 0x0006         ## $a2 = 00000006
/* 00C54 80BF6874 0C2FD79A */  jal     func_80BF5E68              
/* 00C58 80BF6878 3C07C0A0 */  lui     $a3, 0xC0A0                ## $a3 = C0A00000
/* 00C5C 80BF687C 10000015 */  beq     $zero, $zero, .L80BF68D4   
/* 00C60 80BF6880 8FBF0014 */  lw      $ra, 0x0014($sp)           
.L80BF6884:
/* 00C64 80BF6884 3C0580BF */  lui     $a1, %hi(D_80BF6FE4)       ## $a1 = 80BF0000
/* 00C68 80BF6888 24A56FE4 */  addiu   $a1, $a1, %lo(D_80BF6FE4)  ## $a1 = 80BF6FE4
/* 00C6C 80BF688C 2406000A */  addiu   $a2, $zero, 0x000A         ## $a2 = 0000000A
/* 00C70 80BF6890 0C2FD79A */  jal     func_80BF5E68              
/* 00C74 80BF6894 3C07C0A0 */  lui     $a3, 0xC0A0                ## $a3 = C0A00000
/* 00C78 80BF6898 1000000E */  beq     $zero, $zero, .L80BF68D4   
/* 00C7C 80BF689C 8FBF0014 */  lw      $ra, 0x0014($sp)           
.L80BF68A0:
/* 00C80 80BF68A0 3C0580BF */  lui     $a1, %hi(D_80BF6FE4)       ## $a1 = 80BF0000
/* 00C84 80BF68A4 24A56FE4 */  addiu   $a1, $a1, %lo(D_80BF6FE4)  ## $a1 = 80BF6FE4
/* 00C88 80BF68A8 00003025 */  or      $a2, $zero, $zero          ## $a2 = 00000000
/* 00C8C 80BF68AC 0C2FD780 */  jal     func_80BF5E00              
/* 00C90 80BF68B0 3C07C0A0 */  lui     $a3, 0xC0A0                ## $a3 = C0A00000
/* 00C94 80BF68B4 10000007 */  beq     $zero, $zero, .L80BF68D4   
/* 00C98 80BF68B8 8FBF0014 */  lw      $ra, 0x0014($sp)           
.L80BF68BC:
/* 00C9C 80BF68BC 3C0580BF */  lui     $a1, %hi(D_80BF6FE4)       ## $a1 = 80BF0000
/* 00CA0 80BF68C0 24A56FE4 */  addiu   $a1, $a1, %lo(D_80BF6FE4)  ## $a1 = 80BF6FE4
/* 00CA4 80BF68C4 2406000C */  addiu   $a2, $zero, 0x000C         ## $a2 = 0000000C
/* 00CA8 80BF68C8 0C2FD79A */  jal     func_80BF5E68              
/* 00CAC 80BF68CC 3C07C0A0 */  lui     $a3, 0xC0A0                ## $a3 = C0A00000
.L80BF68D0:
/* 00CB0 80BF68D0 8FBF0014 */  lw      $ra, 0x0014($sp)           
.L80BF68D4:
/* 00CB4 80BF68D4 27BD0018 */  addiu   $sp, $sp, 0x0018           ## $sp = 00000000
/* 00CB8 80BF68D8 03E00008 */  jr      $ra                        
/* 00CBC 80BF68DC 00000000 */  nop


glabel func_80BF68E0
/* 00CC0 80BF68E0 27BDFFD8 */  addiu   $sp, $sp, 0xFFD8           ## $sp = FFFFFFD8
/* 00CC4 80BF68E4 AFB00018 */  sw      $s0, 0x0018($sp)           
/* 00CC8 80BF68E8 00808025 */  or      $s0, $a0, $zero            ## $s0 = 00000000
/* 00CCC 80BF68EC AFBF001C */  sw      $ra, 0x001C($sp)           
/* 00CD0 80BF68F0 8E0E013C */  lw      $t6, 0x013C($s0)           ## 0000013C
/* 00CD4 80BF68F4 51C00046 */  beql    $t6, $zero, .L80BF6A10     
/* 00CD8 80BF68F8 8FBF001C */  lw      $ra, 0x001C($sp)           
/* 00CDC 80BF68FC 860F0254 */  lh      $t7, 0x0254($s0)           ## 00000254
/* 00CE0 80BF6900 25F8FFFF */  addiu   $t8, $t7, 0xFFFF           ## $t8 = FFFFFFFF
/* 00CE4 80BF6904 2F010008 */  sltiu   $at, $t8, 0x0008           
/* 00CE8 80BF6908 10200040 */  beq     $at, $zero, .L80BF6A0C     
/* 00CEC 80BF690C 0018C080 */  sll     $t8, $t8,  2               
/* 00CF0 80BF6910 3C0180BF */  lui     $at, %hi(D_80BF70FC)       ## $at = 80BF0000
/* 00CF4 80BF6914 00380821 */  addu    $at, $at, $t8              
/* 00CF8 80BF6918 8C3870FC */  lw      $t8, %lo(D_80BF70FC)($at)  
/* 00CFC 80BF691C 03000008 */  jr      $t8                        
/* 00D00 80BF6920 00000000 */  nop
.L80BF6924:
/* 00D04 80BF6924 26040144 */  addiu   $a0, $s0, 0x0144           ## $a0 = 00000144
/* 00D08 80BF6928 AFA40024 */  sw      $a0, 0x0024($sp)           
/* 00D0C 80BF692C 0C04DE2E */  jal     func_801378B8              
/* 00D10 80BF6930 24050000 */  addiu   $a1, $zero, 0x0000         ## $a1 = 00000000
/* 00D14 80BF6934 14400009 */  bne     $v0, $zero, .L80BF695C     
/* 00D18 80BF6938 8FA40024 */  lw      $a0, 0x0024($sp)           
/* 00D1C 80BF693C 3C0540C0 */  lui     $a1, 0x40C0                ## $a1 = 40C00000
/* 00D20 80BF6940 0C04DE2E */  jal     func_801378B8              
/* 00D24 80BF6944 AFA40024 */  sw      $a0, 0x0024($sp)           
/* 00D28 80BF6948 14400004 */  bne     $v0, $zero, .L80BF695C     
/* 00D2C 80BF694C 8FA40024 */  lw      $a0, 0x0024($sp)           
/* 00D30 80BF6950 0C04DE2E */  jal     func_801378B8              
/* 00D34 80BF6954 3C054130 */  lui     $a1, 0x4130                ## $a1 = 41300000
/* 00D38 80BF6958 1040002C */  beq     $v0, $zero, .L80BF6A0C     
.L80BF695C:
/* 00D3C 80BF695C 02002025 */  or      $a0, $s0, $zero            ## $a0 = 00000000
/* 00D40 80BF6960 0C02E3B2 */  jal     func_800B8EC8              
/* 00D44 80BF6964 24053A8A */  addiu   $a1, $zero, 0x3A8A         ## $a1 = 00003A8A
/* 00D48 80BF6968 10000029 */  beq     $zero, $zero, .L80BF6A10   
/* 00D4C 80BF696C 8FBF001C */  lw      $ra, 0x001C($sp)           
.L80BF6970:
/* 00D50 80BF6970 26040144 */  addiu   $a0, $s0, 0x0144           ## $a0 = 00000144
/* 00D54 80BF6974 0C04DE2E */  jal     func_801378B8              
/* 00D58 80BF6978 3C054080 */  lui     $a1, 0x4080                ## $a1 = 40800000
/* 00D5C 80BF697C 10400023 */  beq     $v0, $zero, .L80BF6A0C     
/* 00D60 80BF6980 02002025 */  or      $a0, $s0, $zero            ## $a0 = 00000000
/* 00D64 80BF6984 0C02E3B2 */  jal     func_800B8EC8              
/* 00D68 80BF6988 24053A8A */  addiu   $a1, $zero, 0x3A8A         ## $a1 = 00003A8A
/* 00D6C 80BF698C 10000020 */  beq     $zero, $zero, .L80BF6A10   
/* 00D70 80BF6990 8FBF001C */  lw      $ra, 0x001C($sp)           
.L80BF6994:
/* 00D74 80BF6994 26040144 */  addiu   $a0, $s0, 0x0144           ## $a0 = 00000144
/* 00D78 80BF6998 0C04DE2E */  jal     func_801378B8              
/* 00D7C 80BF699C 3C0540A0 */  lui     $a1, 0x40A0                ## $a1 = 40A00000
/* 00D80 80BF69A0 1040001A */  beq     $v0, $zero, .L80BF6A0C     
/* 00D84 80BF69A4 02002025 */  or      $a0, $s0, $zero            ## $a0 = 00000000
/* 00D88 80BF69A8 0C02E3B2 */  jal     func_800B8EC8              
/* 00D8C 80BF69AC 24053A8A */  addiu   $a1, $zero, 0x3A8A         ## $a1 = 00003A8A
/* 00D90 80BF69B0 10000017 */  beq     $zero, $zero, .L80BF6A10   
/* 00D94 80BF69B4 8FBF001C */  lw      $ra, 0x001C($sp)           
.L80BF69B8:
/* 00D98 80BF69B8 26040144 */  addiu   $a0, $s0, 0x0144           ## $a0 = 00000144
/* 00D9C 80BF69BC AFA40024 */  sw      $a0, 0x0024($sp)           
/* 00DA0 80BF69C0 0C04DE2E */  jal     func_801378B8              
/* 00DA4 80BF69C4 3C0540C0 */  lui     $a1, 0x40C0                ## $a1 = 40C00000
/* 00DA8 80BF69C8 14400004 */  bne     $v0, $zero, .L80BF69DC     
/* 00DAC 80BF69CC 8FA40024 */  lw      $a0, 0x0024($sp)           
/* 00DB0 80BF69D0 0C04DE2E */  jal     func_801378B8              
/* 00DB4 80BF69D4 3C054130 */  lui     $a1, 0x4130                ## $a1 = 41300000
/* 00DB8 80BF69D8 1040000C */  beq     $v0, $zero, .L80BF6A0C     
.L80BF69DC:
/* 00DBC 80BF69DC 02002025 */  or      $a0, $s0, $zero            ## $a0 = 00000000
/* 00DC0 80BF69E0 0C02E3B2 */  jal     func_800B8EC8              
/* 00DC4 80BF69E4 24053A8A */  addiu   $a1, $zero, 0x3A8A         ## $a1 = 00003A8A
/* 00DC8 80BF69E8 10000009 */  beq     $zero, $zero, .L80BF6A10   
/* 00DCC 80BF69EC 8FBF001C */  lw      $ra, 0x001C($sp)           
.L80BF69F0:
/* 00DD0 80BF69F0 26040144 */  addiu   $a0, $s0, 0x0144           ## $a0 = 00000144
/* 00DD4 80BF69F4 0C04DE2E */  jal     func_801378B8              
/* 00DD8 80BF69F8 3C054150 */  lui     $a1, 0x4150                ## $a1 = 41500000
/* 00DDC 80BF69FC 10400003 */  beq     $v0, $zero, .L80BF6A0C     
/* 00DE0 80BF6A00 02002025 */  or      $a0, $s0, $zero            ## $a0 = 00000000
/* 00DE4 80BF6A04 0C02E3B2 */  jal     func_800B8EC8              
/* 00DE8 80BF6A08 24053A8A */  addiu   $a1, $zero, 0x3A8A         ## $a1 = 00003A8A
.L80BF6A0C:
/* 00DEC 80BF6A0C 8FBF001C */  lw      $ra, 0x001C($sp)           
.L80BF6A10:
/* 00DF0 80BF6A10 8FB00018 */  lw      $s0, 0x0018($sp)           
/* 00DF4 80BF6A14 27BD0028 */  addiu   $sp, $sp, 0x0028           ## $sp = 00000000
/* 00DF8 80BF6A18 03E00008 */  jr      $ra                        
/* 00DFC 80BF6A1C 00000000 */  nop


glabel func_80BF6A20
/* 00E00 80BF6A20 27BDFFE0 */  addiu   $sp, $sp, 0xFFE0           ## $sp = FFFFFFE0
/* 00E04 80BF6A24 AFB00018 */  sw      $s0, 0x0018($sp)           
/* 00E08 80BF6A28 00808025 */  or      $s0, $a0, $zero            ## $s0 = 00000000
/* 00E0C 80BF6A2C AFBF001C */  sw      $ra, 0x001C($sp)           
/* 00E10 80BF6A30 AFA50024 */  sw      $a1, 0x0024($sp)           
/* 00E14 80BF6A34 0C04DB34 */  jal     func_80136CD0              
/* 00E18 80BF6A38 26040144 */  addiu   $a0, $s0, 0x0144           ## $a0 = 00000144
/* 00E1C 80BF6A3C 5040003A */  beql    $v0, $zero, .L80BF6B28     
/* 00E20 80BF6A40 8FA40024 */  lw      $a0, 0x0024($sp)           
/* 00E24 80BF6A44 860E0254 */  lh      $t6, 0x0254($s0)           ## 00000254
/* 00E28 80BF6A48 25CFFFFE */  addiu   $t7, $t6, 0xFFFE           ## $t7 = FFFFFFFE
/* 00E2C 80BF6A4C 2DE1000B */  sltiu   $at, $t7, 0x000B           
/* 00E30 80BF6A50 10200034 */  beq     $at, $zero, .L80BF6B24     
/* 00E34 80BF6A54 000F7880 */  sll     $t7, $t7,  2               
/* 00E38 80BF6A58 3C0180BF */  lui     $at, %hi(D_80BF711C)       ## $at = 80BF0000
/* 00E3C 80BF6A5C 002F0821 */  addu    $at, $at, $t7              
/* 00E40 80BF6A60 8C2F711C */  lw      $t7, %lo(D_80BF711C)($at)  
/* 00E44 80BF6A64 01E00008 */  jr      $t7                        
/* 00E48 80BF6A68 00000000 */  nop
.L80BF6A6C:
/* 00E4C 80BF6A6C 3C0580BF */  lui     $a1, %hi(D_80BF6FE4)       ## $a1 = 80BF0000
/* 00E50 80BF6A70 24A56FE4 */  addiu   $a1, $a1, %lo(D_80BF6FE4)  ## $a1 = 80BF6FE4
/* 00E54 80BF6A74 02002025 */  or      $a0, $s0, $zero            ## $a0 = 00000000
/* 00E58 80BF6A78 24060001 */  addiu   $a2, $zero, 0x0001         ## $a2 = 00000001
/* 00E5C 80BF6A7C 0C2FD780 */  jal     func_80BF5E00              
/* 00E60 80BF6A80 3C07C0A0 */  lui     $a3, 0xC0A0                ## $a3 = C0A00000
/* 00E64 80BF6A84 10000028 */  beq     $zero, $zero, .L80BF6B28   
/* 00E68 80BF6A88 8FA40024 */  lw      $a0, 0x0024($sp)           
.L80BF6A8C:
/* 00E6C 80BF6A8C 3C0580BF */  lui     $a1, %hi(D_80BF6FE4)       ## $a1 = 80BF0000
/* 00E70 80BF6A90 24A56FE4 */  addiu   $a1, $a1, %lo(D_80BF6FE4)  ## $a1 = 80BF6FE4
/* 00E74 80BF6A94 02002025 */  or      $a0, $s0, $zero            ## $a0 = 00000000
/* 00E78 80BF6A98 24060007 */  addiu   $a2, $zero, 0x0007         ## $a2 = 00000007
/* 00E7C 80BF6A9C 0C2FD780 */  jal     func_80BF5E00              
/* 00E80 80BF6AA0 3C07C0A0 */  lui     $a3, 0xC0A0                ## $a3 = C0A00000
/* 00E84 80BF6AA4 10000020 */  beq     $zero, $zero, .L80BF6B28   
/* 00E88 80BF6AA8 8FA40024 */  lw      $a0, 0x0024($sp)           
.L80BF6AAC:
/* 00E8C 80BF6AAC 3C0580BF */  lui     $a1, %hi(D_80BF6FE4)       ## $a1 = 80BF0000
/* 00E90 80BF6AB0 24A56FE4 */  addiu   $a1, $a1, %lo(D_80BF6FE4)  ## $a1 = 80BF6FE4
/* 00E94 80BF6AB4 02002025 */  or      $a0, $s0, $zero            ## $a0 = 00000000
/* 00E98 80BF6AB8 24060003 */  addiu   $a2, $zero, 0x0003         ## $a2 = 00000003
/* 00E9C 80BF6ABC 0C2FD780 */  jal     func_80BF5E00              
/* 00EA0 80BF6AC0 3C07C0A0 */  lui     $a3, 0xC0A0                ## $a3 = C0A00000
/* 00EA4 80BF6AC4 10000018 */  beq     $zero, $zero, .L80BF6B28   
/* 00EA8 80BF6AC8 8FA40024 */  lw      $a0, 0x0024($sp)           
.L80BF6ACC:
/* 00EAC 80BF6ACC 3C0580BF */  lui     $a1, %hi(D_80BF6FE4)       ## $a1 = 80BF0000
/* 00EB0 80BF6AD0 24A56FE4 */  addiu   $a1, $a1, %lo(D_80BF6FE4)  ## $a1 = 80BF6FE4
/* 00EB4 80BF6AD4 02002025 */  or      $a0, $s0, $zero            ## $a0 = 00000000
/* 00EB8 80BF6AD8 24060005 */  addiu   $a2, $zero, 0x0005         ## $a2 = 00000005
/* 00EBC 80BF6ADC 0C2FD780 */  jal     func_80BF5E00              
/* 00EC0 80BF6AE0 3C07C0A0 */  lui     $a3, 0xC0A0                ## $a3 = C0A00000
/* 00EC4 80BF6AE4 10000010 */  beq     $zero, $zero, .L80BF6B28   
/* 00EC8 80BF6AE8 8FA40024 */  lw      $a0, 0x0024($sp)           
.L80BF6AEC:
/* 00ECC 80BF6AEC 3C0580BF */  lui     $a1, %hi(D_80BF6FE4)       ## $a1 = 80BF0000
/* 00ED0 80BF6AF0 24A56FE4 */  addiu   $a1, $a1, %lo(D_80BF6FE4)  ## $a1 = 80BF6FE4
/* 00ED4 80BF6AF4 02002025 */  or      $a0, $s0, $zero            ## $a0 = 00000000
/* 00ED8 80BF6AF8 24060009 */  addiu   $a2, $zero, 0x0009         ## $a2 = 00000009
/* 00EDC 80BF6AFC 0C2FD780 */  jal     func_80BF5E00              
/* 00EE0 80BF6B00 3C07C0A0 */  lui     $a3, 0xC0A0                ## $a3 = C0A00000
/* 00EE4 80BF6B04 10000008 */  beq     $zero, $zero, .L80BF6B28   
/* 00EE8 80BF6B08 8FA40024 */  lw      $a0, 0x0024($sp)           
.L80BF6B0C:
/* 00EEC 80BF6B0C 3C0580BF */  lui     $a1, %hi(D_80BF6FE4)       ## $a1 = 80BF0000
/* 00EF0 80BF6B10 24A56FE4 */  addiu   $a1, $a1, %lo(D_80BF6FE4)  ## $a1 = 80BF6FE4
/* 00EF4 80BF6B14 02002025 */  or      $a0, $s0, $zero            ## $a0 = 00000000
/* 00EF8 80BF6B18 2406000B */  addiu   $a2, $zero, 0x000B         ## $a2 = 0000000B
/* 00EFC 80BF6B1C 0C2FD780 */  jal     func_80BF5E00              
/* 00F00 80BF6B20 3C07C0A0 */  lui     $a3, 0xC0A0                ## $a3 = C0A00000
.L80BF6B24:
/* 00F04 80BF6B24 8FA40024 */  lw      $a0, 0x0024($sp)           
.L80BF6B28:
/* 00F08 80BF6B28 0C03B8A7 */  jal     func_800EE29C              
/* 00F0C 80BF6B2C 96050258 */  lhu     $a1, 0x0258($s0)           ## 00000258
/* 00F10 80BF6B30 10400021 */  beq     $v0, $zero, .L80BF6BB8     
/* 00F14 80BF6B34 8FA40024 */  lw      $a0, 0x0024($sp)           
/* 00F18 80BF6B38 0C03B880 */  jal     func_800EE200              
/* 00F1C 80BF6B3C 96050258 */  lhu     $a1, 0x0258($s0)           ## 00000258
/* 00F20 80BF6B40 02002025 */  or      $a0, $s0, $zero            ## $a0 = 00000000
/* 00F24 80BF6B44 8FA50024 */  lw      $a1, 0x0024($sp)           
/* 00F28 80BF6B48 0C03B7C9 */  jal     func_800EDF24              
/* 00F2C 80BF6B4C 00403025 */  or      $a2, $v0, $zero            ## $a2 = 00000000
/* 00F30 80BF6B50 8FA40024 */  lw      $a0, 0x0024($sp)           
/* 00F34 80BF6B54 0C03B880 */  jal     func_800EE200              
/* 00F38 80BF6B58 96050258 */  lhu     $a1, 0x0258($s0)           ## 00000258
/* 00F3C 80BF6B5C 8FB90024 */  lw      $t9, 0x0024($sp)           
/* 00F40 80BF6B60 00024080 */  sll     $t0, $v0,  2               
/* 00F44 80BF6B64 86180256 */  lh      $t8, 0x0256($s0)           ## 00000256
/* 00F48 80BF6B68 03284821 */  addu    $t1, $t9, $t0              
/* 00F4C 80BF6B6C 8D2A1F4C */  lw      $t2, 0x1F4C($t1)           ## 00001F4C
/* 00F50 80BF6B70 03202025 */  or      $a0, $t9, $zero            ## $a0 = 00000000
/* 00F54 80BF6B74 954B0000 */  lhu     $t3, 0x0000($t2)           ## 00000000
/* 00F58 80BF6B78 130B000B */  beq     $t8, $t3, .L80BF6BA8       
/* 00F5C 80BF6B7C 00000000 */  nop
/* 00F60 80BF6B80 0C03B880 */  jal     func_800EE200              
/* 00F64 80BF6B84 96050258 */  lhu     $a1, 0x0258($s0)           ## 00000258
/* 00F68 80BF6B88 8FAC0024 */  lw      $t4, 0x0024($sp)           
/* 00F6C 80BF6B8C 00026880 */  sll     $t5, $v0,  2               
/* 00F70 80BF6B90 02002025 */  or      $a0, $s0, $zero            ## $a0 = 00000000
/* 00F74 80BF6B94 018D7021 */  addu    $t6, $t4, $t5              
/* 00F78 80BF6B98 8DCF1F4C */  lw      $t7, 0x1F4C($t6)           ## 00001F4C
/* 00F7C 80BF6B9C 95E80000 */  lhu     $t0, 0x0000($t7)           ## 00000000
/* 00F80 80BF6BA0 0C2FD9EA */  jal     func_80BF67A8              
/* 00F84 80BF6BA4 A6080256 */  sh      $t0, 0x0256($s0)           ## 00000256
.L80BF6BA8:
/* 00F88 80BF6BA8 0C2FDA38 */  jal     func_80BF68E0              
/* 00F8C 80BF6BAC 02002025 */  or      $a0, $s0, $zero            ## $a0 = 00000000
/* 00F90 80BF6BB0 10000003 */  beq     $zero, $zero, .L80BF6BC0   
/* 00F94 80BF6BB4 86090256 */  lh      $t1, 0x0256($s0)           ## 00000256
.L80BF6BB8:
/* 00F98 80BF6BB8 AE00013C */  sw      $zero, 0x013C($s0)         ## 0000013C
/* 00F9C 80BF6BBC 86090256 */  lh      $t1, 0x0256($s0)           ## 00000256
.L80BF6BC0:
/* 00FA0 80BF6BC0 24010008 */  addiu   $at, $zero, 0x0008         ## $at = 00000008
/* 00FA4 80BF6BC4 15210015 */  bne     $t1, $at, .L80BF6C1C       
/* 00FA8 80BF6BC8 3C0180BF */  lui     $at, %hi(D_80BF7148)       ## $at = 80BF0000
/* 00FAC 80BF6BCC C4227148 */  lwc1    $f2, %lo(D_80BF7148)($at)  
/* 00FB0 80BF6BD0 C6000058 */  lwc1    $f0, 0x0058($s0)           ## 00000058
/* 00FB4 80BF6BD4 4600103C */  c.lt.s  $f2, $f0                   
/* 00FB8 80BF6BD8 00000000 */  nop
/* 00FBC 80BF6BDC 4502000F */  bc1fl   .L80BF6C1C                 
/* 00FC0 80BF6BE0 AE00013C */  sw      $zero, 0x013C($s0)         ## 0000013C
/* 00FC4 80BF6BE4 46020101 */  sub.s   $f4, $f0, $f2              
/* 00FC8 80BF6BE8 02002025 */  or      $a0, $s0, $zero            ## $a0 = 00000000
/* 00FCC 80BF6BEC E6040058 */  swc1    $f4, 0x0058($s0)           ## 00000058
/* 00FD0 80BF6BF0 0C02D9F8 */  jal     func_800B67E0              
/* 00FD4 80BF6BF4 8E050058 */  lw      $a1, 0x0058($s0)           ## 00000058
/* 00FD8 80BF6BF8 02002025 */  or      $a0, $s0, $zero            ## $a0 = 00000000
/* 00FDC 80BF6BFC 0C2FD7AF */  jal     func_80BF5EBC              
/* 00FE0 80BF6C00 8FA50024 */  lw      $a1, 0x0024($sp)           
/* 00FE4 80BF6C04 02002025 */  or      $a0, $s0, $zero            ## $a0 = 00000000
/* 00FE8 80BF6C08 0C02E404 */  jal     func_800B9010              
/* 00FEC 80BF6C0C 2405321F */  addiu   $a1, $zero, 0x321F         ## $a1 = 0000321F
/* 00FF0 80BF6C10 10000003 */  beq     $zero, $zero, .L80BF6C20   
/* 00FF4 80BF6C14 8FBF001C */  lw      $ra, 0x001C($sp)           
/* 00FF8 80BF6C18 AE00013C */  sw      $zero, 0x013C($s0)         ## 0000013C
.L80BF6C1C:
/* 00FFC 80BF6C1C 8FBF001C */  lw      $ra, 0x001C($sp)           
.L80BF6C20:
/* 01000 80BF6C20 8FB00018 */  lw      $s0, 0x0018($sp)           
/* 01004 80BF6C24 27BD0020 */  addiu   $sp, $sp, 0x0020           ## $sp = 00000000
/* 01008 80BF6C28 03E00008 */  jr      $ra                        
/* 0100C 80BF6C2C 00000000 */  nop


glabel func_80BF6C30
/* 01010 80BF6C30 27BDFFE8 */  addiu   $sp, $sp, 0xFFE8           ## $sp = FFFFFFE8
/* 01014 80BF6C34 AFBF0014 */  sw      $ra, 0x0014($sp)           
/* 01018 80BF6C38 8C990260 */  lw      $t9, 0x0260($a0)           ## 00000260
/* 0101C 80BF6C3C 0320F809 */  jalr    $ra, $t9                   
/* 01020 80BF6C40 00000000 */  nop
/* 01024 80BF6C44 8FBF0014 */  lw      $ra, 0x0014($sp)           
/* 01028 80BF6C48 27BD0018 */  addiu   $sp, $sp, 0x0018           ## $sp = 00000000
/* 0102C 80BF6C4C 03E00008 */  jr      $ra                        
/* 01030 80BF6C50 00000000 */  nop


glabel func_80BF6C54
/* 01034 80BF6C54 27BDFFE8 */  addiu   $sp, $sp, 0xFFE8           ## $sp = FFFFFFE8
/* 01038 80BF6C58 AFBF0014 */  sw      $ra, 0x0014($sp)           
/* 0103C 80BF6C5C AFA40018 */  sw      $a0, 0x0018($sp)           
/* 01040 80BF6C60 AFA60020 */  sw      $a2, 0x0020($sp)           
/* 01044 80BF6C64 AFA70024 */  sw      $a3, 0x0024($sp)           
/* 01048 80BF6C68 24010001 */  addiu   $at, $zero, 0x0001         ## $at = 00000001
/* 0104C 80BF6C6C 14A10005 */  bne     $a1, $at, .L80BF6C84       
/* 01050 80BF6C70 3C0480BF */  lui     $a0, %hi(D_80BF7024)       ## $a0 = 80BF0000
/* 01054 80BF6C74 8FA50028 */  lw      $a1, 0x0028($sp)           
/* 01058 80BF6C78 24847024 */  addiu   $a0, $a0, %lo(D_80BF7024)  ## $a0 = 80BF7024
/* 0105C 80BF6C7C 0C0606A6 */  jal     func_80181A98              
/* 01060 80BF6C80 24A5003C */  addiu   $a1, $a1, 0x003C           ## $a1 = 0000003C
.L80BF6C84:
/* 01064 80BF6C84 8FBF0014 */  lw      $ra, 0x0014($sp)           
/* 01068 80BF6C88 27BD0018 */  addiu   $sp, $sp, 0x0018           ## $sp = 00000000
/* 0106C 80BF6C8C 03E00008 */  jr      $ra                        
/* 01070 80BF6C90 00000000 */  nop


glabel func_80BF6C94
/* 01074 80BF6C94 27BDFF68 */  addiu   $sp, $sp, 0xFF68           ## $sp = FFFFFF68
/* 01078 80BF6C98 AFB00028 */  sw      $s0, 0x0028($sp)           
/* 0107C 80BF6C9C 00808025 */  or      $s0, $a0, $zero            ## $s0 = 00000000
/* 01080 80BF6CA0 AFBF002C */  sw      $ra, 0x002C($sp)           
/* 01084 80BF6CA4 AFA5009C */  sw      $a1, 0x009C($sp)           
/* 01088 80BF6CA8 8FAE009C */  lw      $t6, 0x009C($sp)           
/* 0108C 80BF6CAC 8DC40000 */  lw      $a0, 0x0000($t6)           ## 00000000
/* 01090 80BF6CB0 0C04B0A3 */  jal     func_8012C28C              
/* 01094 80BF6CB4 AFA4006C */  sw      $a0, 0x006C($sp)           
/* 01098 80BF6CB8 8FA8006C */  lw      $t0, 0x006C($sp)           
/* 0109C 80BF6CBC 8D0202B0 */  lw      $v0, 0x02B0($t0)           ## 000002B0
/* 010A0 80BF6CC0 3C18DB06 */  lui     $t8, 0xDB06                ## $t8 = DB060000
/* 010A4 80BF6CC4 37180020 */  ori     $t8, $t8, 0x0020           ## $t8 = DB060020
/* 010A8 80BF6CC8 244F0008 */  addiu   $t7, $v0, 0x0008           ## $t7 = 00000008
/* 010AC 80BF6CCC AD0F02B0 */  sw      $t7, 0x02B0($t0)           ## 000002B0
/* 010B0 80BF6CD0 AC580000 */  sw      $t8, 0x0000($v0)           ## 00000000
/* 010B4 80BF6CD4 8FB9009C */  lw      $t9, 0x009C($sp)           
/* 010B8 80BF6CD8 240900FF */  addiu   $t1, $zero, 0x00FF         ## $t1 = 000000FF
/* 010BC 80BF6CDC 240A00FF */  addiu   $t2, $zero, 0x00FF         ## $t2 = 000000FF
/* 010C0 80BF6CE0 8F240000 */  lw      $a0, 0x0000($t9)           ## 00000000
/* 010C4 80BF6CE4 AFAA0014 */  sw      $t2, 0x0014($sp)           
/* 010C8 80BF6CE8 AFA90010 */  sw      $t1, 0x0010($sp)           
/* 010CC 80BF6CEC 24050080 */  addiu   $a1, $zero, 0x0080         ## $a1 = 00000080
/* 010D0 80BF6CF0 240600FF */  addiu   $a2, $zero, 0x00FF         ## $a2 = 000000FF
/* 010D4 80BF6CF4 240700FF */  addiu   $a3, $zero, 0x00FF         ## $a3 = 000000FF
/* 010D8 80BF6CF8 0C04B3AA */  jal     func_8012CEA8              
/* 010DC 80BF6CFC AFA20064 */  sw      $v0, 0x0064($sp)           
/* 010E0 80BF6D00 8FA30064 */  lw      $v1, 0x0064($sp)           
/* 010E4 80BF6D04 3C0B80BF */  lui     $t3, %hi(func_80BF6C54)    ## $t3 = 80BF0000
/* 010E8 80BF6D08 256B6C54 */  addiu   $t3, $t3, %lo(func_80BF6C54) ## $t3 = 80BF6C54
/* 010EC 80BF6D0C AC620004 */  sw      $v0, 0x0004($v1)           ## 00000004
/* 010F0 80BF6D10 8E050148 */  lw      $a1, 0x0148($s0)           ## 00000148
/* 010F4 80BF6D14 8E060164 */  lw      $a2, 0x0164($s0)           ## 00000164
/* 010F8 80BF6D18 92070146 */  lbu     $a3, 0x0146($s0)           ## 00000146
/* 010FC 80BF6D1C AFB00018 */  sw      $s0, 0x0018($sp)           
/* 01100 80BF6D20 AFAB0014 */  sw      $t3, 0x0014($sp)           
/* 01104 80BF6D24 AFA00010 */  sw      $zero, 0x0010($sp)         
/* 01108 80BF6D28 0C04CFCA */  jal     func_80133F28              
/* 0110C 80BF6D2C 8FA4009C */  lw      $a0, 0x009C($sp)           
/* 01110 80BF6D30 8FA2009C */  lw      $v0, 0x009C($sp)           
/* 01114 80BF6D34 27A40054 */  addiu   $a0, $sp, 0x0054           ## $a0 = FFFFFFBC
/* 01118 80BF6D38 844C0810 */  lh      $t4, 0x0810($v0)           ## 00000810
/* 0111C 80BF6D3C 2605003C */  addiu   $a1, $s0, 0x003C           ## $a1 = 0000003C
/* 01120 80BF6D40 000C6880 */  sll     $t5, $t4,  2               
/* 01124 80BF6D44 004D7021 */  addu    $t6, $v0, $t5              
/* 01128 80BF6D48 8DCF0800 */  lw      $t7, 0x0800($t6)           ## 00000800
/* 0112C 80BF6D4C 8DF9005C */  lw      $t9, 0x005C($t7)           ## 0000005C
/* 01130 80BF6D50 AC990000 */  sw      $t9, 0x0000($a0)           ## FFFFFFBC
/* 01134 80BF6D54 8DF80060 */  lw      $t8, 0x0060($t7)           ## 00000060
/* 01138 80BF6D58 AC980004 */  sw      $t8, 0x0004($a0)           ## FFFFFFC0
/* 0113C 80BF6D5C 8DF90064 */  lw      $t9, 0x0064($t7)           ## 00000064
/* 01140 80BF6D60 AC990008 */  sw      $t9, 0x0008($a0)           ## FFFFFFC4
/* 01144 80BF6D64 0C03FE98 */  jal     func_800FFA60              
/* 01148 80BF6D68 AFA50034 */  sw      $a1, 0x0034($sp)           
/* 0114C 80BF6D6C 8FA50034 */  lw      $a1, 0x0034($sp)           
/* 01150 80BF6D70 A7A20062 */  sh      $v0, 0x0062($sp)           
/* 01154 80BF6D74 0C03FEA5 */  jal     func_800FFA94              
/* 01158 80BF6D78 27A40054 */  addiu   $a0, $sp, 0x0054           ## $a0 = FFFFFFBC
/* 0115C 80BF6D7C 00024823 */  subu    $t1, $zero, $v0            
/* 01160 80BF6D80 A7A90060 */  sh      $t1, 0x0060($sp)           
/* 01164 80BF6D84 0C03FB61 */  jal     func_800FED84              
/* 01168 80BF6D88 87A40062 */  lh      $a0, 0x0062($sp)           
/* 0116C 80BF6D8C E7A00038 */  swc1    $f0, 0x0038($sp)           
/* 01170 80BF6D90 0C03FB51 */  jal     func_800FED44              
/* 01174 80BF6D94 87A40060 */  lh      $a0, 0x0060($sp)           
/* 01178 80BF6D98 3C014170 */  lui     $at, 0x4170                ## $at = 41700000
/* 0117C 80BF6D9C 44812000 */  mtc1    $at, $f4                   ## $f4 = 15.00
/* 01180 80BF6DA0 C7A60038 */  lwc1    $f6, 0x0038($sp)           
/* 01184 80BF6DA4 87A40060 */  lh      $a0, 0x0060($sp)           
/* 01188 80BF6DA8 46062202 */  mul.s   $f8, $f4, $f6              
/* 0118C 80BF6DAC 00000000 */  nop
/* 01190 80BF6DB0 46080282 */  mul.s   $f10, $f0, $f8             
/* 01194 80BF6DB4 46005407 */  neg.s   $f16, $f10                 
/* 01198 80BF6DB8 0C03FB61 */  jal     func_800FED84              
/* 0119C 80BF6DBC E7B00080 */  swc1    $f16, 0x0080($sp)          
/* 011A0 80BF6DC0 3C014170 */  lui     $at, 0x4170                ## $at = 41700000
/* 011A4 80BF6DC4 44819000 */  mtc1    $at, $f18                  ## $f18 = 15.00
/* 011A8 80BF6DC8 87A40062 */  lh      $a0, 0x0062($sp)           
/* 011AC 80BF6DCC 46120102 */  mul.s   $f4, $f0, $f18             
/* 011B0 80BF6DD0 46002187 */  neg.s   $f6, $f4                   
/* 011B4 80BF6DD4 0C03FB51 */  jal     func_800FED44              
/* 011B8 80BF6DD8 E7A60084 */  swc1    $f6, 0x0084($sp)           
/* 011BC 80BF6DDC E7A00038 */  swc1    $f0, 0x0038($sp)           
/* 011C0 80BF6DE0 0C03FB51 */  jal     func_800FED44              
/* 011C4 80BF6DE4 87A40060 */  lh      $a0, 0x0060($sp)           
/* 011C8 80BF6DE8 C608003C */  lwc1    $f8, 0x003C($s0)           ## 0000003C
/* 011CC 80BF6DEC C7AA0080 */  lwc1    $f10, 0x0080($sp)          
/* 011D0 80BF6DF0 3C014170 */  lui     $at, 0x4170                ## $at = 41700000
/* 011D4 80BF6DF4 44812000 */  mtc1    $at, $f4                   ## $f4 = 15.00
/* 011D8 80BF6DF8 C7A60038 */  lwc1    $f6, 0x0038($sp)           
/* 011DC 80BF6DFC 460A4300 */  add.s   $f12, $f8, $f10            
/* 011E0 80BF6E00 C6100040 */  lwc1    $f16, 0x0040($s0)          ## 00000040
/* 011E4 80BF6E04 46062202 */  mul.s   $f8, $f4, $f6              
/* 011E8 80BF6E08 C7B20084 */  lwc1    $f18, 0x0084($sp)          
/* 011EC 80BF6E0C 00003825 */  or      $a3, $zero, $zero          ## $a3 = 00000000
/* 011F0 80BF6E10 46128380 */  add.s   $f14, $f16, $f18           
/* 011F4 80BF6E14 C6100044 */  lwc1    $f16, 0x0044($s0)          ## 00000044
/* 011F8 80BF6E18 46080282 */  mul.s   $f10, $f0, $f8             
/* 011FC 80BF6E1C 460A8081 */  sub.s   $f2, $f16, $f10            
/* 01200 80BF6E20 44061000 */  mfc1    $a2, $f2                   
/* 01204 80BF6E24 0C0600A7 */  jal     func_8018029C              
/* 01208 80BF6E28 00000000 */  nop
/* 0120C 80BF6E2C 8FAA009C */  lw      $t2, 0x009C($sp)           
/* 01210 80BF6E30 3C040002 */  lui     $a0, 0x0002                ## $a0 = 00020000
/* 01214 80BF6E34 008A2021 */  addu    $a0, $a0, $t2              
/* 01218 80BF6E38 8C848840 */  lw      $a0, -0x77C0($a0)          ## 00018840
/* 0121C 80BF6E3C 00042380 */  sll     $a0, $a0, 14               
/* 01220 80BF6E40 00042400 */  sll     $a0, $a0, 16               
/* 01224 80BF6E44 0C03FB61 */  jal     func_800FED84              
/* 01228 80BF6E48 00042403 */  sra     $a0, $a0, 16               
/* 0122C 80BF6E4C 3C013F80 */  lui     $at, 0x3F80                ## $at = 3F800000
/* 01230 80BF6E50 44819000 */  mtc1    $at, $f18                  ## $f18 = 1.00
/* 01234 80BF6E54 3C0180BF */  lui     $at, %hi(D_80BF714C)       ## $at = 80BF0000
/* 01238 80BF6E58 C426714C */  lwc1    $f6, %lo(D_80BF714C)($at)  
/* 0123C 80BF6E5C 46120100 */  add.s   $f4, $f0, $f18             
/* 01240 80BF6E60 3C014000 */  lui     $at, 0x4000                ## $at = 40000000
/* 01244 80BF6E64 44818000 */  mtc1    $at, $f16                  ## $f16 = 2.00
/* 01248 80BF6E68 C60A0058 */  lwc1    $f10, 0x0058($s0)          ## 00000058
/* 0124C 80BF6E6C 46062202 */  mul.s   $f8, $f4, $f6              
/* 01250 80BF6E70 C612005C */  lwc1    $f18, 0x005C($s0)          ## 0000005C
/* 01254 80BF6E74 C6040060 */  lwc1    $f4, 0x0060($s0)           ## 00000060
/* 01258 80BF6E78 24070001 */  addiu   $a3, $zero, 0x0001         ## $a3 = 00000001
/* 0125C 80BF6E7C 46104080 */  add.s   $f2, $f8, $f16             
/* 01260 80BF6E80 46025302 */  mul.s   $f12, $f10, $f2            
/* 01264 80BF6E84 00000000 */  nop
/* 01268 80BF6E88 46029382 */  mul.s   $f14, $f18, $f2            
/* 0126C 80BF6E8C 00000000 */  nop
/* 01270 80BF6E90 46022182 */  mul.s   $f6, $f4, $f2              
/* 01274 80BF6E94 44063000 */  mfc1    $a2, $f6                   
/* 01278 80BF6E98 0C0600E7 */  jal     func_8018039C              
/* 0127C 80BF6E9C 00000000 */  nop
/* 01280 80BF6EA0 8FAB006C */  lw      $t3, 0x006C($sp)           
/* 01284 80BF6EA4 0C04B21A */  jal     func_8012C868              
/* 01288 80BF6EA8 8D6402C0 */  lw      $a0, 0x02C0($t3)           ## 000002C0
/* 0128C 80BF6EAC 3C0CE300 */  lui     $t4, 0xE300                ## $t4 = E3000000
/* 01290 80BF6EB0 358C1803 */  ori     $t4, $t4, 0x1803           ## $t4 = E3001803
/* 01294 80BF6EB4 240D0080 */  addiu   $t5, $zero, 0x0080         ## $t5 = 00000080
/* 01298 80BF6EB8 AC4D0004 */  sw      $t5, 0x0004($v0)           ## 00000004
/* 0129C 80BF6EBC AC4C0000 */  sw      $t4, 0x0000($v0)           ## 00000000
/* 012A0 80BF6EC0 24450008 */  addiu   $a1, $v0, 0x0008           ## $a1 = 00000008
/* 012A4 80BF6EC4 00A01025 */  or      $v0, $a1, $zero            ## $v0 = 00000008
/* 012A8 80BF6EC8 3C0EFCFF */  lui     $t6, 0xFCFF                ## $t6 = FCFF0000
/* 012AC 80BF6ECC 3C0FFF2D */  lui     $t7, 0xFF2D                ## $t7 = FF2D0000
/* 012B0 80BF6ED0 35EFFEFF */  ori     $t7, $t7, 0xFEFF           ## $t7 = FF2DFEFF
/* 012B4 80BF6ED4 35CE97FF */  ori     $t6, $t6, 0x97FF           ## $t6 = FCFF97FF
/* 012B8 80BF6ED8 AC4E0000 */  sw      $t6, 0x0000($v0)           ## 00000008
/* 012BC 80BF6EDC AC4F0004 */  sw      $t7, 0x0004($v0)           ## 0000000C
/* 012C0 80BF6EE0 24A50008 */  addiu   $a1, $a1, 0x0008           ## $a1 = 00000010
/* 012C4 80BF6EE4 00A01025 */  or      $v0, $a1, $zero            ## $v0 = 00000010
/* 012C8 80BF6EE8 3C190403 */  lui     $t9, 0x0403                ## $t9 = 04030000
/* 012CC 80BF6EEC 27399CB0 */  addiu   $t9, $t9, 0x9CB0           ## $t9 = 04029CB0
/* 012D0 80BF6EF0 3C18DE00 */  lui     $t8, 0xDE00                ## $t8 = DE000000
/* 012D4 80BF6EF4 AC580000 */  sw      $t8, 0x0000($v0)           ## 00000010
/* 012D8 80BF6EF8 AC590004 */  sw      $t9, 0x0004($v0)           ## 00000014
/* 012DC 80BF6EFC 24A50008 */  addiu   $a1, $a1, 0x0008           ## $a1 = 00000018
/* 012E0 80BF6F00 00A01025 */  or      $v0, $a1, $zero            ## $v0 = 00000018
/* 012E4 80BF6F04 3C0A8200 */  lui     $t2, 0x8200                ## $t2 = 82000000
/* 012E8 80BF6F08 354AFF64 */  ori     $t2, $t2, 0xFF64           ## $t2 = 8200FF64
/* 012EC 80BF6F0C 3C09FA00 */  lui     $t1, 0xFA00                ## $t1 = FA000000
/* 012F0 80BF6F10 AC490000 */  sw      $t1, 0x0000($v0)           ## 00000018
/* 012F4 80BF6F14 AC4A0004 */  sw      $t2, 0x0004($v0)           ## 0000001C
/* 012F8 80BF6F18 24A50008 */  addiu   $a1, $a1, 0x0008           ## $a1 = 00000020
/* 012FC 80BF6F1C 3C0BDA38 */  lui     $t3, 0xDA38                ## $t3 = DA380000
/* 01300 80BF6F20 356B0003 */  ori     $t3, $t3, 0x0003           ## $t3 = DA380003
/* 01304 80BF6F24 00A08025 */  or      $s0, $a1, $zero            ## $s0 = 00000020
/* 01308 80BF6F28 AE0B0000 */  sw      $t3, 0x0000($s0)           ## 00000020
/* 0130C 80BF6F2C 8FAC009C */  lw      $t4, 0x009C($sp)           
/* 01310 80BF6F30 24A50008 */  addiu   $a1, $a1, 0x0008           ## $a1 = 00000028
/* 01314 80BF6F34 8D840000 */  lw      $a0, 0x0000($t4)           ## E3001803
/* 01318 80BF6F38 0C060690 */  jal     func_80181A40              
/* 0131C 80BF6F3C AFA5008C */  sw      $a1, 0x008C($sp)           
/* 01320 80BF6F40 8FA5008C */  lw      $a1, 0x008C($sp)           
/* 01324 80BF6F44 AE020004 */  sw      $v0, 0x0004($s0)           ## 00000024
/* 01328 80BF6F48 00A01025 */  or      $v0, $a1, $zero            ## $v0 = 00000000
/* 0132C 80BF6F4C 3C0E0403 */  lui     $t6, 0x0403                ## $t6 = 04030000
/* 01330 80BF6F50 25CE9CF0 */  addiu   $t6, $t6, 0x9CF0           ## $t6 = 04029CF0
/* 01334 80BF6F54 3C0DDE00 */  lui     $t5, 0xDE00                ## $t5 = DE000000
/* 01338 80BF6F58 AC4D0000 */  sw      $t5, 0x0000($v0)           ## 00000000
/* 0133C 80BF6F5C AC4E0004 */  sw      $t6, 0x0004($v0)           ## 00000004
/* 01340 80BF6F60 24A50008 */  addiu   $a1, $a1, 0x0008           ## $a1 = 00000008
/* 01344 80BF6F64 8FAF006C */  lw      $t7, 0x006C($sp)           
/* 01348 80BF6F68 ADE502C0 */  sw      $a1, 0x02C0($t7)           ## 000002C0
/* 0134C 80BF6F6C 8FBF002C */  lw      $ra, 0x002C($sp)           
/* 01350 80BF6F70 8FB00028 */  lw      $s0, 0x0028($sp)           
/* 01354 80BF6F74 03E00008 */  jr      $ra                        
/* 01358 80BF6F78 27BD0098 */  addiu   $sp, $sp, 0x0098           ## $sp = 00000000
/* 0135C 80BF6F7C 00000000 */  nop

.section .data

D_80BF6F80: .word 0x02780400, 0x00000009, 0x02490000, 0x00000264
.word func_80BF5C20
.word func_80BF5DF0
.word func_80BF6C30
.word func_80BF6C94
D_80BF6FA0: .word \
0x06003CAC, 0x06004208, 0x06004514, 0x06004A58, \
0x060065D8
D_80BF6FB4: .word \
0x060067B8, 0x060083F4, 0x060081A8, 0x06008AF4, \
0x06008724, 0x06008F1C, 0x06008CEC, 0x06009254, \
0x06009044, 0x060098E4, 0x06009CC8, 0x06009A44
D_80BF6FE4: .word \
0x06009EA8, 0x0600B8C0, 0x0600B704, 0x0600BDB4, \
0x0600B9E4, 0x0600C154, 0x0600BF04, 0x0600CA74, \
0x0600C804, 0x0600D044, 0x0600CD28, 0x0600C59C, \
0x0600C2C4
D_80BF7018: .word 0x00000000, 0x3F000000, 0x00000000
D_80BF7024: .word 0x00000000, 0x00000000, 0x00000000

.section .rodata

D_80BF7030: .word .L80BF5FD4
.word .L80BF5FDC
.word .L80BF5FF8
.word .L80BF6014
.word .L80BF6030
.word .L80BF604C
.word .L80BF6068
D_80BF704C: .word 0x3A5ED28A
D_80BF7050: .word .L80BF6378
.word .L80BF6380
.word .L80BF63AC
.word .L80BF63C8
.word .L80BF63E4
.word .L80BF6400
.word .L80BF641C
.word .L80BF6438
.word .L80BF6454
D_80BF7074: .word .L80BF64BC
.word .L80BF6558
.word .L80BF6504
.word .L80BF6528
.word .L80BF6558
.word .L80BF6558
.word .L80BF6558
.word .L80BF6558
.word .L80BF6558
.word .L80BF654C
.word .L80BF654C
D_80BF70A0: .word .L80BF65B8
.word .L80BF6650
.word .L80BF65D8
.word .L80BF6650
.word .L80BF6638
.word .L80BF6650
.word .L80BF65F8
.word .L80BF6650
.word .L80BF6650
.word .L80BF6618
D_80BF70C8: .word 0x3C54FDF4
D_80BF70CC: .word 0x3A2A64C3
D_80BF70D0: .word 0x3A2A64C3
D_80BF70D4: .word 0x3A2A64C3
D_80BF70D8: .word .L80BF680C
.word .L80BF6814
.word .L80BF6830
.word .L80BF684C
.word .L80BF6868
.word .L80BF6884
.word .L80BF68A0
.word .L80BF68A0
.word .L80BF68BC
D_80BF70FC: .word .L80BF6924
.word .L80BF6970
.word .L80BF6A0C
.word .L80BF6994
.word .L80BF69B8
.word .L80BF6A0C
.word .L80BF6924
.word .L80BF69F0
D_80BF711C: .word .L80BF6A6C
.word .L80BF6B24
.word .L80BF6AAC
.word .L80BF6B24
.word .L80BF6ACC
.word .L80BF6B24
.word .L80BF6A8C
.word .L80BF6B24
.word .L80BF6AEC
.word .L80BF6B24
.word .L80BF6B0C
D_80BF7148: .word 0x3A2A64C3
D_80BF714C: .word 0x3DCCCCCD


.section .rodata
D_80BF7150:
.incbin "baserom/En_Osk", 0x1530, 0x00000390
