.include "macro.inc"

# assembler directives
.set noat      # allow manual use of $at
.set noreorder # don't insert nops after branches
.set gp=64     # allow use of 64-bit general purpose registers

.section .text
glabel func_80BD82B0
/* 00000 80BD82B0 27BDFFA8 */  addiu   $sp, $sp, 0xFFA8           ## $sp = FFFFFFA8
/* 00004 80BD82B4 AFB00028 */  sw      $s0, 0x0028($sp)           
/* 00008 80BD82B8 00808025 */  or      $s0, $a0, $zero            ## $s0 = 00000000
/* 0000C 80BD82BC AFBF002C */  sw      $ra, 0x002C($sp)           
/* 00010 80BD82C0 AFA5005C */  sw      $a1, 0x005C($sp)           
/* 00014 80BD82C4 3C06800B */  lui     $a2, 0x800B                ## $a2 = 800B0000
/* 00018 80BD82C8 24C63FC0 */  addiu   $a2, $a2, 0x3FC0           ## $a2 = 800B3FC0
/* 0001C 80BD82CC 260400BC */  addiu   $a0, $s0, 0x00BC           ## $a0 = 000000BC
/* 00020 80BD82D0 24050000 */  addiu   $a1, $zero, 0x0000         ## $a1 = 00000000
/* 00024 80BD82D4 0C02CEE9 */  jal     func_800B3BA4              
/* 00028 80BD82D8 3C074170 */  lui     $a3, 0x4170                ## $a3 = 41700000
/* 0002C 80BD82DC 3C060601 */  lui     $a2, 0x0601                ## $a2 = 06010000
/* 00030 80BD82E0 3C070600 */  lui     $a3, 0x0600                ## $a3 = 06000000
/* 00034 80BD82E4 260E01F0 */  addiu   $t6, $s0, 0x01F0           ## $t6 = 000001F0
/* 00038 80BD82E8 260F027A */  addiu   $t7, $s0, 0x027A           ## $t7 = 0000027A
/* 0003C 80BD82EC 24180017 */  addiu   $t8, $zero, 0x0017         ## $t8 = 00000017
/* 00040 80BD82F0 AFB80018 */  sw      $t8, 0x0018($sp)           
/* 00044 80BD82F4 AFAF0014 */  sw      $t7, 0x0014($sp)           
/* 00048 80BD82F8 AFAE0010 */  sw      $t6, 0x0010($sp)           
/* 0004C 80BD82FC 24E705BC */  addiu   $a3, $a3, 0x05BC           ## $a3 = 060005BC
/* 00050 80BD8300 24C68448 */  addiu   $a2, $a2, 0x8448           ## $a2 = 06008448
/* 00054 80BD8304 8FA4005C */  lw      $a0, 0x005C($sp)           
/* 00058 80BD8308 0C04DACC */  jal     func_80136B30              
/* 0005C 80BD830C 26050190 */  addiu   $a1, $s0, 0x0190           ## $a1 = 00000190
/* 00060 80BD8310 26050144 */  addiu   $a1, $s0, 0x0144           ## $a1 = 00000144
/* 00064 80BD8314 AFA5003C */  sw      $a1, 0x003C($sp)           
/* 00068 80BD8318 0C038467 */  jal     func_800E119C              
/* 0006C 80BD831C 8FA4005C */  lw      $a0, 0x005C($sp)           
/* 00070 80BD8320 3C0780BE */  lui     $a3, %hi(D_80BDA480)       ## $a3 = 80BE0000
/* 00074 80BD8324 8FA5003C */  lw      $a1, 0x003C($sp)           
/* 00078 80BD8328 24E7A480 */  addiu   $a3, $a3, %lo(D_80BDA480)  ## $a3 = 80BDA480
/* 0007C 80BD832C 8FA4005C */  lw      $a0, 0x005C($sp)           
/* 00080 80BD8330 0C0384C3 */  jal     func_800E130C              
/* 00084 80BD8334 02003025 */  or      $a2, $s0, $zero            ## $a2 = 00000000
/* 00088 80BD8338 3C0680BE */  lui     $a2, %hi(D_80BDA4AC)       ## $a2 = 80BE0000
/* 0008C 80BD833C 24C6A4AC */  addiu   $a2, $a2, %lo(D_80BDA4AC)  ## $a2 = 80BDA4AC
/* 00090 80BD8340 260400A0 */  addiu   $a0, $s0, 0x00A0           ## $a0 = 000000A0
/* 00094 80BD8344 0C039D57 */  jal     func_800E755C              
/* 00098 80BD8348 00002825 */  or      $a1, $zero, $zero          ## $a1 = 00000000
/* 0009C 80BD834C 8608001C */  lh      $t0, 0x001C($s0)           ## 0000001C
/* 000A0 80BD8350 24190006 */  addiu   $t9, $zero, 0x0006         ## $t9 = 00000006
/* 000A4 80BD8354 A219001F */  sb      $t9, 0x001F($s0)           ## 0000001F
/* 000A8 80BD8358 3109F000 */  andi    $t1, $t0, 0xF000           ## $t1 = 00000000
/* 000AC 80BD835C 00095303 */  sra     $t2, $t1, 12               
/* 000B0 80BD8360 A6000312 */  sh      $zero, 0x0312($s0)         ## 00000312
/* 000B4 80BD8364 A6000310 */  sh      $zero, 0x0310($s0)         ## 00000310
/* 000B8 80BD8368 A6000314 */  sh      $zero, 0x0314($s0)         ## 00000314
/* 000BC 80BD836C A6000316 */  sh      $zero, 0x0316($s0)         ## 00000316
/* 000C0 80BD8370 A600031C */  sh      $zero, 0x031C($s0)         ## 0000031C
/* 000C4 80BD8374 A6000322 */  sh      $zero, 0x0322($s0)         ## 00000322
/* 000C8 80BD8378 11400006 */  beq     $t2, $zero, .L80BD8394     
/* 000CC 80BD837C A6000324 */  sh      $zero, 0x0324($s0)         ## 00000324
/* 000D0 80BD8380 02002025 */  or      $a0, $s0, $zero            ## $a0 = 00000000
/* 000D4 80BD8384 0C2F6610 */  jal     func_80BD9840              
/* 000D8 80BD8388 8FA5005C */  lw      $a1, 0x005C($sp)           
/* 000DC 80BD838C 10000054 */  beq     $zero, $zero, .L80BD84E0   
/* 000E0 80BD8390 8FBF002C */  lw      $ra, 0x002C($sp)           
.L80BD8394:
/* 000E4 80BD8394 02002025 */  or      $a0, $s0, $zero            ## $a0 = 00000000
/* 000E8 80BD8398 0C2F6162 */  jal     func_80BD8588              
/* 000EC 80BD839C 8FA5005C */  lw      $a1, 0x005C($sp)           
/* 000F0 80BD83A0 0C2F6196 */  jal     func_80BD8658              
/* 000F4 80BD83A4 02002025 */  or      $a0, $s0, $zero            ## $a0 = 00000000
/* 000F8 80BD83A8 3C02801F */  lui     $v0, 0x801F                ## $v0 = 801F0000
/* 000FC 80BD83AC 2442F670 */  addiu   $v0, $v0, 0xF670           ## $v0 = 801EF670
/* 00100 80BD83B0 904B0F06 */  lbu     $t3, 0x0F06($v0)           ## 801F0576
/* 00104 80BD83B4 316C0004 */  andi    $t4, $t3, 0x0004           ## $t4 = 00000000
/* 00108 80BD83B8 1180000D */  beq     $t4, $zero, .L80BD83F0     
/* 0010C 80BD83BC 00000000 */  nop
/* 00110 80BD83C0 904D0F2C */  lbu     $t5, 0x0F2C($v0)           ## 801F059C
/* 00114 80BD83C4 31AE0020 */  andi    $t6, $t5, 0x0020           ## $t6 = 00000000
/* 00118 80BD83C8 15C00009 */  bne     $t6, $zero, .L80BD83F0     
/* 0011C 80BD83CC 00000000 */  nop
/* 00120 80BD83D0 904F0F43 */  lbu     $t7, 0x0F43($v0)           ## 801F05B3
/* 00124 80BD83D4 31F80020 */  andi    $t8, $t7, 0x0020           ## $t8 = 00000000
/* 00128 80BD83D8 17000005 */  bne     $t8, $zero, .L80BD83F0     
/* 0012C 80BD83DC 00000000 */  nop
/* 00130 80BD83E0 8C590000 */  lw      $t9, 0x0000($v0)           ## 801EF670
/* 00134 80BD83E4 24012090 */  addiu   $at, $zero, 0x2090         ## $at = 00002090
/* 00138 80BD83E8 57210006 */  bnel    $t9, $at, .L80BD8404       
/* 0013C 80BD83EC 90480F35 */  lbu     $t0, 0x0F35($v0)           ## 801F05A5
.L80BD83F0:
/* 00140 80BD83F0 0C02D9C3 */  jal     func_800B670C              
/* 00144 80BD83F4 02002025 */  or      $a0, $s0, $zero            ## $a0 = 00000000
/* 00148 80BD83F8 3C02801F */  lui     $v0, 0x801F                ## $v0 = 801F0000
/* 0014C 80BD83FC 2442F670 */  addiu   $v0, $v0, 0xF670           ## $v0 = 801EF670
/* 00150 80BD8400 90480F35 */  lbu     $t0, 0x0F35($v0)           ## 801F05A5
.L80BD8404:
/* 00154 80BD8404 31090004 */  andi    $t1, $t0, 0x0004           ## $t1 = 00000000
/* 00158 80BD8408 51200030 */  beql    $t1, $zero, .L80BD84CC     
/* 0015C 80BD840C 90580F33 */  lbu     $t8, 0x0F33($v0)           ## 801F05A3
/* 00160 80BD8410 90450F33 */  lbu     $a1, 0x0F33($v0)           ## 801F05A3
/* 00164 80BD8414 8C430000 */  lw      $v1, 0x0000($v0)           ## 801EF670
/* 00168 80BD8418 24012020 */  addiu   $at, $zero, 0x2020         ## $at = 00002020
/* 0016C 80BD841C 30A40001 */  andi    $a0, $a1, 0x0001           ## $a0 = 00000000
/* 00170 80BD8420 50800003 */  beql    $a0, $zero, .L80BD8430     
/* 00174 80BD8424 24012020 */  addiu   $at, $zero, 0x2020         ## $at = 00002020
/* 00178 80BD8428 1061000A */  beq     $v1, $at, .L80BD8454       
/* 0017C 80BD842C 24012020 */  addiu   $at, $zero, 0x2020         ## $at = 00002020
.L80BD8430:
/* 00180 80BD8430 10610004 */  beq     $v1, $at, .L80BD8444       
/* 00184 80BD8434 00000000 */  nop
/* 00188 80BD8438 10800002 */  beq     $a0, $zero, .L80BD8444     
/* 0018C 80BD843C 30AA00FE */  andi    $t2, $a1, 0x00FE           ## $t2 = 00000000
/* 00190 80BD8440 A04A0F33 */  sb      $t2, 0x0F33($v0)           ## 801F05A3
.L80BD8444:
/* 00194 80BD8444 0C2F61C0 */  jal     func_80BD8700              
/* 00198 80BD8448 02002025 */  or      $a0, $s0, $zero            ## $a0 = 00000000
/* 0019C 80BD844C 10000024 */  beq     $zero, $zero, .L80BD84E0   
/* 001A0 80BD8450 8FBF002C */  lw      $ra, 0x002C($sp)           
.L80BD8454:
/* 001A4 80BD8454 8E0201E4 */  lw      $v0, 0x01E4($s0)           ## 000001E4
/* 001A8 80BD8458 8E0B01DC */  lw      $t3, 0x01DC($s0)           ## 000001DC
/* 001AC 80BD845C 26040024 */  addiu   $a0, $s0, 0x0024           ## $a0 = 00000024
/* 001B0 80BD8460 2442FFFF */  addiu   $v0, $v0, 0xFFFF           ## $v0 = FFFFFFFF
/* 001B4 80BD8464 00026080 */  sll     $t4, $v0,  2               
/* 001B8 80BD8468 01826023 */  subu    $t4, $t4, $v0              
/* 001BC 80BD846C AE0201E0 */  sw      $v0, 0x01E0($s0)           ## 000001E0
/* 001C0 80BD8470 000C6040 */  sll     $t4, $t4,  1               
/* 001C4 80BD8474 AFA4003C */  sw      $a0, 0x003C($sp)           
/* 001C8 80BD8478 0C03FD53 */  jal     func_800FF54C              
/* 001CC 80BD847C 016C2821 */  addu    $a1, $t3, $t4              
/* 001D0 80BD8480 8E0E01E0 */  lw      $t6, 0x01E0($s0)           ## 000001E0
/* 001D4 80BD8484 8E0D01DC */  lw      $t5, 0x01DC($s0)           ## 000001DC
/* 001D8 80BD8488 27A40044 */  addiu   $a0, $sp, 0x0044           ## $a0 = FFFFFFEC
/* 001DC 80BD848C 000E7880 */  sll     $t7, $t6,  2               
/* 001E0 80BD8490 01EE7823 */  subu    $t7, $t7, $t6              
/* 001E4 80BD8494 000F7840 */  sll     $t7, $t7,  1               
/* 001E8 80BD8498 01AF2821 */  addu    $a1, $t5, $t7              
/* 001EC 80BD849C 0C03FD53 */  jal     func_800FF54C              
/* 001F0 80BD84A0 24A5FFFA */  addiu   $a1, $a1, 0xFFFA           ## $a1 = FFFFFFFA
/* 001F4 80BD84A4 27A40044 */  addiu   $a0, $sp, 0x0044           ## $a0 = FFFFFFEC
/* 001F8 80BD84A8 0C03FE98 */  jal     func_800FFA60              
/* 001FC 80BD84AC 8FA5003C */  lw      $a1, 0x003C($sp)           
/* 00200 80BD84B0 A60200BE */  sh      $v0, 0x00BE($s0)           ## 000000BE
/* 00204 80BD84B4 A6020032 */  sh      $v0, 0x0032($s0)           ## 00000032
/* 00208 80BD84B8 0C2F6333 */  jal     func_80BD8CCC              
/* 0020C 80BD84BC 02002025 */  or      $a0, $s0, $zero            ## $a0 = 00000000
/* 00210 80BD84C0 10000007 */  beq     $zero, $zero, .L80BD84E0   
/* 00214 80BD84C4 8FBF002C */  lw      $ra, 0x002C($sp)           
/* 00218 80BD84C8 90580F33 */  lbu     $t8, 0x0F33($v0)           ## 00000F33
.L80BD84CC:
/* 0021C 80BD84CC 02002025 */  or      $a0, $s0, $zero            ## $a0 = 00000000
/* 00220 80BD84D0 37190001 */  ori     $t9, $t8, 0x0001           ## $t9 = 00000001
/* 00224 80BD84D4 0C2F63FC */  jal     func_80BD8FF0              
/* 00228 80BD84D8 A0590F33 */  sb      $t9, 0x0F33($v0)           ## 00000F33
/* 0022C 80BD84DC 8FBF002C */  lw      $ra, 0x002C($sp)           
.L80BD84E0:
/* 00230 80BD84E0 8FB00028 */  lw      $s0, 0x0028($sp)           
/* 00234 80BD84E4 27BD0058 */  addiu   $sp, $sp, 0x0058           ## $sp = 00000000
/* 00238 80BD84E8 03E00008 */  jr      $ra                        
/* 0023C 80BD84EC 00000000 */  nop


glabel func_80BD84F0
/* 00240 80BD84F0 27BDFFD0 */  addiu   $sp, $sp, 0xFFD0           ## $sp = FFFFFFD0
/* 00244 80BD84F4 AFB20028 */  sw      $s2, 0x0028($sp)           
/* 00248 80BD84F8 00809025 */  or      $s2, $a0, $zero            ## $s2 = 00000000
/* 0024C 80BD84FC AFBF002C */  sw      $ra, 0x002C($sp)           
/* 00250 80BD8500 AFB10024 */  sw      $s1, 0x0024($sp)           
/* 00254 80BD8504 AFB00020 */  sw      $s0, 0x0020($sp)           
/* 00258 80BD8508 F7B40018 */  sdc1    $f20, 0x0018($sp)          
/* 0025C 80BD850C 8CB01D2C */  lw      $s0, 0x1D2C($a1)           ## 00001D2C
/* 00260 80BD8510 3C014348 */  lui     $at, 0x4348                ## $at = 43480000
/* 00264 80BD8514 52000014 */  beql    $s0, $zero, .L80BD8568     
/* 00268 80BD8518 AE400124 */  sw      $zero, 0x0124($s2)         ## 00000124
/* 0026C 80BD851C 4481A000 */  mtc1    $at, $f20                  ## $f20 = 200.00
/* 00270 80BD8520 24110005 */  addiu   $s1, $zero, 0x0005         ## $s1 = 00000005
/* 00274 80BD8524 860E0000 */  lh      $t6, 0x0000($s0)           ## 00000000
.L80BD8528:
/* 00278 80BD8528 26440024 */  addiu   $a0, $s2, 0x0024           ## $a0 = 00000024
/* 0027C 80BD852C 562E000B */  bnel    $s1, $t6, .L80BD855C       
/* 00280 80BD8530 8E10012C */  lw      $s0, 0x012C($s0)           ## 0000012C
/* 00284 80BD8534 0C03FE4B */  jal     func_800FF92C              
/* 00288 80BD8538 26050024 */  addiu   $a1, $s0, 0x0024           ## $a1 = 00000024
/* 0028C 80BD853C 4614003C */  c.lt.s  $f0, $f20                  
/* 00290 80BD8540 00000000 */  nop
/* 00294 80BD8544 45020005 */  bc1fl   .L80BD855C                 
/* 00298 80BD8548 8E10012C */  lw      $s0, 0x012C($s0)           ## 0000012C
/* 0029C 80BD854C AE500124 */  sw      $s0, 0x0124($s2)           ## 00000124
/* 002A0 80BD8550 10000006 */  beq     $zero, $zero, .L80BD856C   
/* 002A4 80BD8554 24020001 */  addiu   $v0, $zero, 0x0001         ## $v0 = 00000001
/* 002A8 80BD8558 8E10012C */  lw      $s0, 0x012C($s0)           ## 0000012C
.L80BD855C:
/* 002AC 80BD855C 5600FFF2 */  bnel    $s0, $zero, .L80BD8528     
/* 002B0 80BD8560 860E0000 */  lh      $t6, 0x0000($s0)           ## 00000000
/* 002B4 80BD8564 AE400124 */  sw      $zero, 0x0124($s2)         ## 00000124
.L80BD8568:
/* 002B8 80BD8568 00001025 */  or      $v0, $zero, $zero          ## $v0 = 00000000
.L80BD856C:
/* 002BC 80BD856C 8FBF002C */  lw      $ra, 0x002C($sp)           
/* 002C0 80BD8570 D7B40018 */  ldc1    $f20, 0x0018($sp)          
/* 002C4 80BD8574 8FB00020 */  lw      $s0, 0x0020($sp)           
/* 002C8 80BD8578 8FB10024 */  lw      $s1, 0x0024($sp)           
/* 002CC 80BD857C 8FB20028 */  lw      $s2, 0x0028($sp)           
/* 002D0 80BD8580 03E00008 */  jr      $ra                        
/* 002D4 80BD8584 27BD0030 */  addiu   $sp, $sp, 0x0030           ## $sp = 00000000


glabel func_80BD8588
/* 002D8 80BD8588 27BDFFC8 */  addiu   $sp, $sp, 0xFFC8           ## $sp = FFFFFFC8
/* 002DC 80BD858C AFB00018 */  sw      $s0, 0x0018($sp)           
/* 002E0 80BD8590 00808025 */  or      $s0, $a0, $zero            ## $s0 = 00000000
/* 002E4 80BD8594 AFBF001C */  sw      $ra, 0x001C($sp)           
/* 002E8 80BD8598 860F001C */  lh      $t7, 0x001C($s0)           ## 0000001C
/* 002EC 80BD859C 3C010001 */  lui     $at, 0x0001                ## $at = 00010000
/* 002F0 80BD85A0 34218000 */  ori     $at, $at, 0x8000           ## $at = 00018000
/* 002F4 80BD85A4 00A11021 */  addu    $v0, $a1, $at              
/* 002F8 80BD85A8 8C4E0864 */  lw      $t6, 0x0864($v0)           ## 00000864
/* 002FC 80BD85AC 31F80FF0 */  andi    $t8, $t7, 0x0FF0           ## $t8 = 00000000
/* 00300 80BD85B0 0018C903 */  sra     $t9, $t8,  4               
/* 00304 80BD85B4 001940C0 */  sll     $t0, $t9,  3               
/* 00308 80BD85B8 01C81821 */  addu    $v1, $t6, $t0              
/* 0030C 80BD85BC 14600006 */  bne     $v1, $zero, .L80BD85D8     
/* 00310 80BD85C0 02002025 */  or      $a0, $s0, $zero            ## $a0 = 00000000
/* 00314 80BD85C4 AFA20020 */  sw      $v0, 0x0020($sp)           
/* 00318 80BD85C8 0C02D9C3 */  jal     func_800B670C              
/* 0031C 80BD85CC AFA30034 */  sw      $v1, 0x0034($sp)           
/* 00320 80BD85D0 8FA20020 */  lw      $v0, 0x0020($sp)           
/* 00324 80BD85D4 8FA30034 */  lw      $v1, 0x0034($sp)           
.L80BD85D8:
/* 00328 80BD85D8 3C09801F */  lui     $t1, 0x801F                ## $t1 = 801F0000
/* 0032C 80BD85DC 912905A5 */  lbu     $t1, 0x05A5($t1)           ## 801F05A5
/* 00330 80BD85E0 312A0004 */  andi    $t2, $t1, 0x0004           ## $t2 = 00000000
/* 00334 80BD85E4 51400006 */  beql    $t2, $zero, .L80BD8600     
/* 00338 80BD85E8 8C640004 */  lw      $a0, 0x0004($v1)           ## 00000004
/* 0033C 80BD85EC 906C0001 */  lbu     $t4, 0x0001($v1)           ## 00000001
/* 00340 80BD85F0 8C4B0864 */  lw      $t3, 0x0864($v0)           ## 00000864
/* 00344 80BD85F4 000C68C0 */  sll     $t5, $t4,  3               
/* 00348 80BD85F8 016D1821 */  addu    $v1, $t3, $t5              
/* 0034C 80BD85FC 8C640004 */  lw      $a0, 0x0004($v1)           ## 00000004
.L80BD8600:
/* 00350 80BD8600 0C040141 */  jal     func_80100504              
/* 00354 80BD8604 AFA30034 */  sw      $v1, 0x0034($sp)           
/* 00358 80BD8608 8FA30034 */  lw      $v1, 0x0034($sp)           
/* 0035C 80BD860C AE0201DC */  sw      $v0, 0x01DC($s0)           ## 000001DC
/* 00360 80BD8610 AE0001E0 */  sw      $zero, 0x01E0($s0)         ## 000001E0
/* 00364 80BD8614 906F0000 */  lbu     $t7, 0x0000($v1)           ## 00000000
/* 00368 80BD8618 27A40028 */  addiu   $a0, $sp, 0x0028           ## $a0 = FFFFFFF0
/* 0036C 80BD861C 00402825 */  or      $a1, $v0, $zero            ## $a1 = 00000000
/* 00370 80BD8620 AE0F01E4 */  sw      $t7, 0x01E4($s0)           ## 000001E4
/* 00374 80BD8624 90780001 */  lbu     $t8, 0x0001($v1)           ## 00000001
/* 00378 80BD8628 0C03FD53 */  jal     func_800FF54C              
/* 0037C 80BD862C AE1801E8 */  sw      $t8, 0x01E8($s0)           ## 000001E8
/* 00380 80BD8630 26040024 */  addiu   $a0, $s0, 0x0024           ## $a0 = 00000024
/* 00384 80BD8634 0C03FE98 */  jal     func_800FFA60              
/* 00388 80BD8638 27A50028 */  addiu   $a1, $sp, 0x0028           ## $a1 = FFFFFFF0
/* 0038C 80BD863C A60200BE */  sh      $v0, 0x00BE($s0)           ## 000000BE
/* 00390 80BD8640 A6020032 */  sh      $v0, 0x0032($s0)           ## 00000032
/* 00394 80BD8644 8FBF001C */  lw      $ra, 0x001C($sp)           
/* 00398 80BD8648 8FB00018 */  lw      $s0, 0x0018($sp)           
/* 0039C 80BD864C 27BD0038 */  addiu   $sp, $sp, 0x0038           ## $sp = 00000000
/* 003A0 80BD8650 03E00008 */  jr      $ra                        
/* 003A4 80BD8654 00000000 */  nop


glabel func_80BD8658
/* 003A8 80BD8658 27BDFFD0 */  addiu   $sp, $sp, 0xFFD0           ## $sp = FFFFFFD0
/* 003AC 80BD865C AFB20020 */  sw      $s2, 0x0020($sp)           
/* 003B0 80BD8660 00809025 */  or      $s2, $a0, $zero            ## $s2 = 00000000
/* 003B4 80BD8664 AFBF002C */  sw      $ra, 0x002C($sp)           
/* 003B8 80BD8668 AFB40028 */  sw      $s4, 0x0028($sp)           
/* 003BC 80BD866C AFB30024 */  sw      $s3, 0x0024($sp)           
/* 003C0 80BD8670 AFB1001C */  sw      $s1, 0x001C($sp)           
/* 003C4 80BD8674 AFB00018 */  sw      $s0, 0x0018($sp)           
/* 003C8 80BD8678 82500038 */  lb      $s0, 0x0038($s2)           ## 00000038
/* 003CC 80BD867C 00008825 */  or      $s1, $zero, $zero          ## $s1 = 00000000
/* 003D0 80BD8680 24140002 */  addiu   $s4, $zero, 0x0002         ## $s4 = 00000002
/* 003D4 80BD8684 2413FFFF */  addiu   $s3, $zero, 0xFFFF         ## $s3 = FFFFFFFF
.L80BD8688:
/* 003D8 80BD8688 1213000A */  beq     $s0, $s3, .L80BD86B4       
/* 003DC 80BD868C 00117040 */  sll     $t6, $s1,  1               
/* 003E0 80BD8690 024E7821 */  addu    $t7, $s2, $t6              
/* 003E4 80BD8694 00102400 */  sll     $a0, $s0, 16               
/* 003E8 80BD8698 A5F00318 */  sh      $s0, 0x0318($t7)           ## 00000318
/* 003EC 80BD869C 0C03C82E */  jal     func_800F20B8              
/* 003F0 80BD86A0 00042403 */  sra     $a0, $a0, 16               
/* 003F4 80BD86A4 26310001 */  addiu   $s1, $s1, 0x0001           ## $s1 = 00000001
/* 003F8 80BD86A8 00028400 */  sll     $s0, $v0, 16               
/* 003FC 80BD86AC 1634FFF6 */  bne     $s1, $s4, .L80BD8688       
/* 00400 80BD86B0 00108403 */  sra     $s0, $s0, 16               
.L80BD86B4:
/* 00404 80BD86B4 8FBF002C */  lw      $ra, 0x002C($sp)           
/* 00408 80BD86B8 8FB00018 */  lw      $s0, 0x0018($sp)           
/* 0040C 80BD86BC 8FB1001C */  lw      $s1, 0x001C($sp)           
/* 00410 80BD86C0 8FB20020 */  lw      $s2, 0x0020($sp)           
/* 00414 80BD86C4 8FB30024 */  lw      $s3, 0x0024($sp)           
/* 00418 80BD86C8 8FB40028 */  lw      $s4, 0x0028($sp)           
/* 0041C 80BD86CC 03E00008 */  jr      $ra                        
/* 00420 80BD86D0 27BD0030 */  addiu   $sp, $sp, 0x0030           ## $sp = 00000000


glabel func_80BD86D4
/* 00424 80BD86D4 27BDFFE8 */  addiu   $sp, $sp, 0xFFE8           ## $sp = FFFFFFE8
/* 00428 80BD86D8 AFBF0014 */  sw      $ra, 0x0014($sp)           
/* 0042C 80BD86DC 00803025 */  or      $a2, $a0, $zero            ## $a2 = 00000000
/* 00430 80BD86E0 00A03825 */  or      $a3, $a1, $zero            ## $a3 = 00000000
/* 00434 80BD86E4 00E02025 */  or      $a0, $a3, $zero            ## $a0 = 00000000
/* 00438 80BD86E8 0C03847B */  jal     func_800E11EC              
/* 0043C 80BD86EC 24C50144 */  addiu   $a1, $a2, 0x0144           ## $a1 = 00000144
/* 00440 80BD86F0 8FBF0014 */  lw      $ra, 0x0014($sp)           
/* 00444 80BD86F4 27BD0018 */  addiu   $sp, $sp, 0x0018           ## $sp = 00000000
/* 00448 80BD86F8 03E00008 */  jr      $ra                        
/* 0044C 80BD86FC 00000000 */  nop


glabel func_80BD8700
/* 00450 80BD8700 27BDFFE8 */  addiu   $sp, $sp, 0xFFE8           ## $sp = FFFFFFE8
/* 00454 80BD8704 AFBF0014 */  sw      $ra, 0x0014($sp)           
/* 00458 80BD8708 00803825 */  or      $a3, $a0, $zero            ## $a3 = 00000000
/* 0045C 80BD870C 8CEE0004 */  lw      $t6, 0x0004($a3)           ## 00000004
/* 00460 80BD8710 2401FFFE */  addiu   $at, $zero, 0xFFFE         ## $at = FFFFFFFE
/* 00464 80BD8714 A4E0031C */  sh      $zero, 0x031C($a3)         ## 0000031C
/* 00468 80BD8718 01C17824 */  and     $t7, $t6, $at              
/* 0046C 80BD871C ACEF0004 */  sw      $t7, 0x0004($a3)           ## 00000004
/* 00470 80BD8720 3C0580BE */  lui     $a1, %hi(D_80BDA4B8)       ## $a1 = 80BE0000
/* 00474 80BD8724 24A5A4B8 */  addiu   $a1, $a1, %lo(D_80BDA4B8)  ## $a1 = 80BDA4B8
/* 00478 80BD8728 AFA70018 */  sw      $a3, 0x0018($sp)           
/* 0047C 80BD872C 24E40190 */  addiu   $a0, $a3, 0x0190           ## $a0 = 00000190
/* 00480 80BD8730 0C02F717 */  jal     func_800BDC5C              
/* 00484 80BD8734 00003025 */  or      $a2, $zero, $zero          ## $a2 = 00000000
/* 00488 80BD8738 8FA70018 */  lw      $a3, 0x0018($sp)           
/* 0048C 80BD873C 3C1880BE */  lui     $t8, %hi(func_80BD8758)    ## $t8 = 80BE0000
/* 00490 80BD8740 27188758 */  addiu   $t8, $t8, %lo(func_80BD8758) ## $t8 = 80BD8758
/* 00494 80BD8744 ACF801D4 */  sw      $t8, 0x01D4($a3)           ## 000001D4
/* 00498 80BD8748 8FBF0014 */  lw      $ra, 0x0014($sp)           
/* 0049C 80BD874C 27BD0018 */  addiu   $sp, $sp, 0x0018           ## $sp = 00000000
/* 004A0 80BD8750 03E00008 */  jr      $ra                        
/* 004A4 80BD8754 00000000 */  nop


glabel func_80BD8758
/* 004A8 80BD8758 27BDFFE0 */  addiu   $sp, $sp, 0xFFE0           ## $sp = FFFFFFE0
/* 004AC 80BD875C AFB00018 */  sw      $s0, 0x0018($sp)           
/* 004B0 80BD8760 00808025 */  or      $s0, $a0, $zero            ## $s0 = 00000000
/* 004B4 80BD8764 AFBF001C */  sw      $ra, 0x001C($sp)           
/* 004B8 80BD8768 AFA50024 */  sw      $a1, 0x0024($sp)           
/* 004BC 80BD876C 8602031C */  lh      $v0, 0x031C($s0)           ## 0000031C
/* 004C0 80BD8770 28430709 */  slti    $v1, $v0, 0x0709           
/* 004C4 80BD8774 38630001 */  xori    $v1, $v1, 0x0001           ## $v1 = 00000001
/* 004C8 80BD8778 244E0001 */  addiu   $t6, $v0, 0x0001           ## $t6 = 00000001
/* 004CC 80BD877C 10600044 */  beq     $v1, $zero, .L80BD8890     
/* 004D0 80BD8780 A60E031C */  sh      $t6, 0x031C($s0)           ## 0000031C
/* 004D4 80BD8784 0C03C6F9 */  jal     func_800F1BE4              
/* 004D8 80BD8788 86040318 */  lh      $a0, 0x0318($s0)           ## 00000318
/* 004DC 80BD878C 50400023 */  beql    $v0, $zero, .L80BD881C     
/* 004E0 80BD8790 86040318 */  lh      $a0, 0x0318($s0)           ## 00000318
/* 004E4 80BD8794 86040318 */  lh      $a0, 0x0318($s0)           ## 00000318
/* 004E8 80BD8798 2401FFFF */  addiu   $at, $zero, 0xFFFF         ## $at = FFFFFFFF
/* 004EC 80BD879C 5081001F */  beql    $a0, $at, .L80BD881C       
/* 004F0 80BD87A0 86040318 */  lh      $a0, 0x0318($s0)           ## 00000318
/* 004F4 80BD87A4 0C03C71A */  jal     func_800F1C68              
/* 004F8 80BD87A8 02002825 */  or      $a1, $s0, $zero            ## $a1 = 00000000
/* 004FC 80BD87AC 0C03C86E */  jal     func_800F21B8              
/* 00500 80BD87B0 86040318 */  lh      $a0, 0x0318($s0)           ## 00000318
/* 00504 80BD87B4 00022C00 */  sll     $a1, $v0, 16               
/* 00508 80BD87B8 00052C03 */  sra     $a1, $a1, 16               
/* 0050C 80BD87BC 0C05A5B5 */  jal     func_801696D4              
/* 00510 80BD87C0 8FA40024 */  lw      $a0, 0x0024($sp)           
/* 00514 80BD87C4 00402025 */  or      $a0, $v0, $zero            ## $a0 = 00000000
/* 00518 80BD87C8 0C0380AB */  jal     func_800E02AC              
/* 0051C 80BD87CC 02002825 */  or      $a1, $s0, $zero            ## $a1 = 00000000
/* 00520 80BD87D0 3C013FC0 */  lui     $at, 0x3FC0                ## $at = 3FC00000
/* 00524 80BD87D4 44812000 */  mtc1    $at, $f4                   ## $f4 = 1.50
/* 00528 80BD87D8 3C0580BE */  lui     $a1, %hi(D_80BDA4B8)       ## $a1 = 80BE0000
/* 0052C 80BD87DC 24A5A4B8 */  addiu   $a1, $a1, %lo(D_80BDA4B8)  ## $a1 = 80BDA4B8
/* 00530 80BD87E0 26040190 */  addiu   $a0, $s0, 0x0190           ## $a0 = 00000190
/* 00534 80BD87E4 24060001 */  addiu   $a2, $zero, 0x0001         ## $a2 = 00000001
/* 00538 80BD87E8 0C02F717 */  jal     func_800BDC5C              
/* 0053C 80BD87EC E6040070 */  swc1    $f4, 0x0070($s0)           ## 00000070
/* 00540 80BD87F0 86020016 */  lh      $v0, 0x0016($s0)           ## 00000016
/* 00544 80BD87F4 02002025 */  or      $a0, $s0, $zero            ## $a0 = 00000000
/* 00548 80BD87F8 A60200BE */  sh      $v0, 0x00BE($s0)           ## 000000BE
/* 0054C 80BD87FC A6020032 */  sh      $v0, 0x0032($s0)           ## 00000032
/* 00550 80BD8800 0C2F64CE */  jal     func_80BD9338              
/* 00554 80BD8804 8FA50024 */  lw      $a1, 0x0024($sp)           
/* 00558 80BD8808 0C2F6242 */  jal     func_80BD8908              
/* 0055C 80BD880C 02002025 */  or      $a0, $s0, $zero            ## $a0 = 00000000
/* 00560 80BD8810 10000020 */  beq     $zero, $zero, .L80BD8894   
/* 00564 80BD8814 8E0F013C */  lw      $t7, 0x013C($s0)           ## 0000013C
/* 00568 80BD8818 86040318 */  lh      $a0, 0x0318($s0)           ## 00000318
.L80BD881C:
/* 0056C 80BD881C 2401FFFF */  addiu   $at, $zero, 0xFFFF         ## $at = FFFFFFFF
/* 00570 80BD8820 3C0580BE */  lui     $a1, %hi(D_80BDA4B8)       ## $a1 = 80BE0000
/* 00574 80BD8824 1081000C */  beq     $a0, $at, .L80BD8858       
/* 00578 80BD8828 24A5A4B8 */  addiu   $a1, $a1, %lo(D_80BDA4B8)  ## $a1 = 80BDA4B8
/* 0057C 80BD882C 3C01447A */  lui     $at, 0x447A                ## $at = 447A0000
/* 00580 80BD8830 44814000 */  mtc1    $at, $f8                   ## $f8 = 1000.00
/* 00584 80BD8834 C6060098 */  lwc1    $f6, 0x0098($s0)           ## 00000098
/* 00588 80BD8838 4608303C */  c.lt.s  $f6, $f8                   
/* 0058C 80BD883C 00000000 */  nop
/* 00590 80BD8840 45020006 */  bc1fl   .L80BD885C                 
/* 00594 80BD8844 3C013FC0 */  lui     $at, 0x3FC0                ## $at = 3FC00000
/* 00598 80BD8848 0C03C6E9 */  jal     func_800F1BA4              
/* 0059C 80BD884C 00000000 */  nop
/* 005A0 80BD8850 10000010 */  beq     $zero, $zero, .L80BD8894   
/* 005A4 80BD8854 8E0F013C */  lw      $t7, 0x013C($s0)           ## 0000013C
.L80BD8858:
/* 005A8 80BD8858 3C013FC0 */  lui     $at, 0x3FC0                ## $at = 3FC00000
.L80BD885C:
/* 005AC 80BD885C 44815000 */  mtc1    $at, $f10                  ## $f10 = 1.50
/* 005B0 80BD8860 26040190 */  addiu   $a0, $s0, 0x0190           ## $a0 = 00000190
/* 005B4 80BD8864 24060001 */  addiu   $a2, $zero, 0x0001         ## $a2 = 00000001
/* 005B8 80BD8868 0C02F717 */  jal     func_800BDC5C              
/* 005BC 80BD886C E60A0070 */  swc1    $f10, 0x0070($s0)          ## 00000070
/* 005C0 80BD8870 86020016 */  lh      $v0, 0x0016($s0)           ## 00000016
/* 005C4 80BD8874 02002025 */  or      $a0, $s0, $zero            ## $a0 = 00000000
/* 005C8 80BD8878 A60200BE */  sh      $v0, 0x00BE($s0)           ## 000000BE
/* 005CC 80BD887C A6020032 */  sh      $v0, 0x0032($s0)           ## 00000032
/* 005D0 80BD8880 0C2F64CE */  jal     func_80BD9338              
/* 005D4 80BD8884 8FA50024 */  lw      $a1, 0x0024($sp)           
/* 005D8 80BD8888 0C2F6242 */  jal     func_80BD8908              
/* 005DC 80BD888C 02002025 */  or      $a0, $s0, $zero            ## $a0 = 00000000
.L80BD8890:
/* 005E0 80BD8890 8E0F013C */  lw      $t7, 0x013C($s0)           ## 0000013C
.L80BD8894:
/* 005E4 80BD8894 02002025 */  or      $a0, $s0, $zero            ## $a0 = 00000000
/* 005E8 80BD8898 11E00011 */  beq     $t7, $zero, .L80BD88E0     
/* 005EC 80BD889C 00000000 */  nop
/* 005F0 80BD88A0 8E1901D4 */  lw      $t9, 0x01D4($s0)           ## 000001D4
/* 005F4 80BD88A4 3C1880BE */  lui     $t8, %hi(func_80BD8964)    ## $t8 = 80BE0000
/* 005F8 80BD88A8 27188964 */  addiu   $t8, $t8, %lo(func_80BD8964) ## $t8 = 80BD8964
/* 005FC 80BD88AC 1319000C */  beq     $t8, $t9, .L80BD88E0       
/* 00600 80BD88B0 00000000 */  nop
/* 00604 80BD88B4 8E020124 */  lw      $v0, 0x0124($s0)           ## 00000124
/* 00608 80BD88B8 10400009 */  beq     $v0, $zero, .L80BD88E0     
/* 0060C 80BD88BC 00000000 */  nop
/* 00610 80BD88C0 84480000 */  lh      $t0, 0x0000($v0)           ## 00000000
/* 00614 80BD88C4 24010005 */  addiu   $at, $zero, 0x0005         ## $at = 00000005
/* 00618 80BD88C8 15010005 */  bne     $t0, $at, .L80BD88E0       
/* 0061C 80BD88CC 00000000 */  nop
/* 00620 80BD88D0 84490032 */  lh      $t1, 0x0032($v0)           ## 00000032
/* 00624 80BD88D4 15200002 */  bne     $t1, $zero, .L80BD88E0     
/* 00628 80BD88D8 00000000 */  nop
/* 0062C 80BD88DC AE00013C */  sw      $zero, 0x013C($s0)         ## 0000013C
.L80BD88E0:
/* 00630 80BD88E0 0C2F648D */  jal     func_80BD9234              
/* 00634 80BD88E4 8FA50024 */  lw      $a1, 0x0024($sp)           
/* 00638 80BD88E8 10400002 */  beq     $v0, $zero, .L80BD88F4     
/* 0063C 80BD88EC 240A06E0 */  addiu   $t2, $zero, 0x06E0         ## $t2 = 000006E0
/* 00640 80BD88F0 A60A031C */  sh      $t2, 0x031C($s0)           ## 0000031C
.L80BD88F4:
/* 00644 80BD88F4 8FBF001C */  lw      $ra, 0x001C($sp)           
/* 00648 80BD88F8 8FB00018 */  lw      $s0, 0x0018($sp)           
/* 0064C 80BD88FC 27BD0020 */  addiu   $sp, $sp, 0x0020           ## $sp = 00000000
/* 00650 80BD8900 03E00008 */  jr      $ra                        
/* 00654 80BD8904 00000000 */  nop


glabel func_80BD8908
/* 00658 80BD8908 27BDFFE8 */  addiu   $sp, $sp, 0xFFE8           ## $sp = FFFFFFE8
/* 0065C 80BD890C AFBF0014 */  sw      $ra, 0x0014($sp)           
/* 00660 80BD8910 00803825 */  or      $a3, $a0, $zero            ## $a3 = 00000000
/* 00664 80BD8914 8CEF0004 */  lw      $t7, 0x0004($a3)           ## 00000004
/* 00668 80BD8918 3C0E80BE */  lui     $t6, %hi(func_80BD96D0)    ## $t6 = 80BE0000
/* 0066C 80BD891C 25CE96D0 */  addiu   $t6, $t6, %lo(func_80BD96D0) ## $t6 = 80BD96D0
/* 00670 80BD8920 35F80001 */  ori     $t8, $t7, 0x0001           ## $t8 = 00000001
/* 00674 80BD8924 ACEE013C */  sw      $t6, 0x013C($a3)           ## 0000013C
/* 00678 80BD8928 ACF80004 */  sw      $t8, 0x0004($a3)           ## 00000004
/* 0067C 80BD892C 3C0580BE */  lui     $a1, %hi(D_80BDA4B8)       ## $a1 = 80BE0000
/* 00680 80BD8930 24A5A4B8 */  addiu   $a1, $a1, %lo(D_80BDA4B8)  ## $a1 = 80BDA4B8
/* 00684 80BD8934 AFA70018 */  sw      $a3, 0x0018($sp)           
/* 00688 80BD8938 24E40190 */  addiu   $a0, $a3, 0x0190           ## $a0 = 00000190
/* 0068C 80BD893C 0C02F717 */  jal     func_800BDC5C              
/* 00690 80BD8940 24060001 */  addiu   $a2, $zero, 0x0001         ## $a2 = 00000001
/* 00694 80BD8944 8FA70018 */  lw      $a3, 0x0018($sp)           
/* 00698 80BD8948 3C1980BE */  lui     $t9, %hi(func_80BD8964)    ## $t9 = 80BE0000
/* 0069C 80BD894C 27398964 */  addiu   $t9, $t9, %lo(func_80BD8964) ## $t9 = 80BD8964
/* 006A0 80BD8950 ACF901D4 */  sw      $t9, 0x01D4($a3)           ## 000001D4
/* 006A4 80BD8954 8FBF0014 */  lw      $ra, 0x0014($sp)           
/* 006A8 80BD8958 27BD0018 */  addiu   $sp, $sp, 0x0018           ## $sp = 00000000
/* 006AC 80BD895C 03E00008 */  jr      $ra                        
/* 006B0 80BD8960 00000000 */  nop


glabel func_80BD8964
/* 006B4 80BD8964 27BDFFD8 */  addiu   $sp, $sp, 0xFFD8           ## $sp = FFFFFFD8
/* 006B8 80BD8968 AFBF0014 */  sw      $ra, 0x0014($sp)           
/* 006BC 80BD896C AFA5002C */  sw      $a1, 0x002C($sp)           
/* 006C0 80BD8970 00803825 */  or      $a3, $a0, $zero            ## $a3 = 00000000
/* 006C4 80BD8974 8CEE01DC */  lw      $t6, 0x01DC($a3)           ## 000001DC
/* 006C8 80BD8978 24E40024 */  addiu   $a0, $a3, 0x0024           ## $a0 = 00000024
/* 006CC 80BD897C 27A5001C */  addiu   $a1, $sp, 0x001C           ## $a1 = FFFFFFF4
/* 006D0 80BD8980 85CF0000 */  lh      $t7, 0x0000($t6)           ## 00000000
/* 006D4 80BD8984 3C063F80 */  lui     $a2, 0x3F80                ## $a2 = 3F800000
/* 006D8 80BD8988 448F2000 */  mtc1    $t7, $f4                   ## $f4 = 0.00
/* 006DC 80BD898C 00000000 */  nop
/* 006E0 80BD8990 468021A0 */  cvt.s.w $f6, $f4                   
/* 006E4 80BD8994 E7A6001C */  swc1    $f6, 0x001C($sp)           
/* 006E8 80BD8998 8CF801DC */  lw      $t8, 0x01DC($a3)           ## 000001DC
/* 006EC 80BD899C 87190002 */  lh      $t9, 0x0002($t8)           ## 00000002
/* 006F0 80BD89A0 44994000 */  mtc1    $t9, $f8                   ## $f8 = 0.00
/* 006F4 80BD89A4 00000000 */  nop
/* 006F8 80BD89A8 468042A0 */  cvt.s.w $f10, $f8                  
/* 006FC 80BD89AC E7AA0020 */  swc1    $f10, 0x0020($sp)          
/* 00700 80BD89B0 8CE801DC */  lw      $t0, 0x01DC($a3)           ## 000001DC
/* 00704 80BD89B4 85090004 */  lh      $t1, 0x0004($t0)           ## 00000004
/* 00708 80BD89B8 AFA70028 */  sw      $a3, 0x0028($sp)           
/* 0070C 80BD89BC 44898000 */  mtc1    $t1, $f16                  ## $f16 = 0.00
/* 00710 80BD89C0 00000000 */  nop
/* 00714 80BD89C4 468084A0 */  cvt.s.w $f18, $f16                 
/* 00718 80BD89C8 0C040112 */  jal     func_80100448              
/* 0071C 80BD89CC E7B20024 */  swc1    $f18, 0x0024($sp)          
/* 00720 80BD89D0 3C0140A0 */  lui     $at, 0x40A0                ## $at = 40A00000
/* 00724 80BD89D4 44812000 */  mtc1    $at, $f4                   ## $f4 = 5.00
/* 00728 80BD89D8 8FA70028 */  lw      $a3, 0x0028($sp)           
/* 0072C 80BD89DC 3C013FC0 */  lui     $at, 0x3FC0                ## $at = 3FC00000
/* 00730 80BD89E0 4604003C */  c.lt.s  $f0, $f4                   
/* 00734 80BD89E4 3C0580BE */  lui     $a1, %hi(D_80BDA4B8)       ## $a1 = 80BE0000
/* 00738 80BD89E8 24E40190 */  addiu   $a0, $a3, 0x0190           ## $a0 = 00000190
/* 0073C 80BD89EC 4502000F */  bc1fl   .L80BD8A2C                 
/* 00740 80BD89F0 8FBF0014 */  lw      $ra, 0x0014($sp)           
/* 00744 80BD89F4 44813000 */  mtc1    $at, $f6                   ## $f6 = 1.50
/* 00748 80BD89F8 24A5A4B8 */  addiu   $a1, $a1, %lo(D_80BDA4B8)  ## $a1 = 80BDA4B8
/* 0074C 80BD89FC 24060001 */  addiu   $a2, $zero, 0x0001         ## $a2 = 00000001
/* 00750 80BD8A00 E4E60070 */  swc1    $f6, 0x0070($a3)           ## 00000070
/* 00754 80BD8A04 0C02F717 */  jal     func_800BDC5C              
/* 00758 80BD8A08 AFA70028 */  sw      $a3, 0x0028($sp)           
/* 0075C 80BD8A0C 3C02801F */  lui     $v0, 0x801F                ## $v0 = 801F0000
/* 00760 80BD8A10 2442F670 */  addiu   $v0, $v0, 0xF670           ## $v0 = 801EF670
/* 00764 80BD8A14 904A0F33 */  lbu     $t2, 0x0F33($v0)           ## 801F05A3
/* 00768 80BD8A18 8FA40028 */  lw      $a0, 0x0028($sp)           
/* 0076C 80BD8A1C 354B0001 */  ori     $t3, $t2, 0x0001           ## $t3 = 00000001
/* 00770 80BD8A20 0C2F62D4 */  jal     func_80BD8B50              
/* 00774 80BD8A24 A04B0F33 */  sb      $t3, 0x0F33($v0)           ## 801F05A3
/* 00778 80BD8A28 8FBF0014 */  lw      $ra, 0x0014($sp)           
.L80BD8A2C:
/* 0077C 80BD8A2C 27BD0028 */  addiu   $sp, $sp, 0x0028           ## $sp = 00000000
/* 00780 80BD8A30 03E00008 */  jr      $ra                        
/* 00784 80BD8A34 00000000 */  nop


glabel func_80BD8A38
/* 00788 80BD8A38 27BDFFE8 */  addiu   $sp, $sp, 0xFFE8           ## $sp = FFFFFFE8
/* 0078C 80BD8A3C AFBF0014 */  sw      $ra, 0x0014($sp)           
/* 00790 80BD8A40 AFA40018 */  sw      $a0, 0x0018($sp)           
/* 00794 80BD8A44 8FA40018 */  lw      $a0, 0x0018($sp)           
/* 00798 80BD8A48 3C0580BE */  lui     $a1, %hi(D_80BDA4B8)       ## $a1 = 80BE0000
/* 0079C 80BD8A4C 24A5A4B8 */  addiu   $a1, $a1, %lo(D_80BDA4B8)  ## $a1 = 80BDA4B8
/* 007A0 80BD8A50 24060001 */  addiu   $a2, $zero, 0x0001         ## $a2 = 00000001
/* 007A4 80BD8A54 0C02F717 */  jal     func_800BDC5C              
/* 007A8 80BD8A58 24840190 */  addiu   $a0, $a0, 0x0190           ## $a0 = 00000190
/* 007AC 80BD8A5C 8FAF0018 */  lw      $t7, 0x0018($sp)           
/* 007B0 80BD8A60 3C0E80BE */  lui     $t6, %hi(func_80BD8A7C)    ## $t6 = 80BE0000
/* 007B4 80BD8A64 25CE8A7C */  addiu   $t6, $t6, %lo(func_80BD8A7C) ## $t6 = 80BD8A7C
/* 007B8 80BD8A68 ADEE01D4 */  sw      $t6, 0x01D4($t7)           ## 000001D4
/* 007BC 80BD8A6C 8FBF0014 */  lw      $ra, 0x0014($sp)           
/* 007C0 80BD8A70 27BD0018 */  addiu   $sp, $sp, 0x0018           ## $sp = 00000000
/* 007C4 80BD8A74 03E00008 */  jr      $ra                        
/* 007C8 80BD8A78 00000000 */  nop


glabel func_80BD8A7C
/* 007CC 80BD8A7C 27BDFFC8 */  addiu   $sp, $sp, 0xFFC8           ## $sp = FFFFFFC8
/* 007D0 80BD8A80 AFB00020 */  sw      $s0, 0x0020($sp)           
/* 007D4 80BD8A84 00808025 */  or      $s0, $a0, $zero            ## $s0 = 00000000
/* 007D8 80BD8A88 AFBF0024 */  sw      $ra, 0x0024($sp)           
/* 007DC 80BD8A8C AFA5003C */  sw      $a1, 0x003C($sp)           
/* 007E0 80BD8A90 26040024 */  addiu   $a0, $s0, 0x0024           ## $a0 = 00000024
/* 007E4 80BD8A94 26050008 */  addiu   $a1, $s0, 0x0008           ## $a1 = 00000008
/* 007E8 80BD8A98 AFA5002C */  sw      $a1, 0x002C($sp)           
/* 007EC 80BD8A9C 0C03FE98 */  jal     func_800FFA60              
/* 007F0 80BD8AA0 AFA40030 */  sw      $a0, 0x0030($sp)           
/* 007F4 80BD8AA4 00022C00 */  sll     $a1, $v0, 16               
/* 007F8 80BD8AA8 240E0100 */  addiu   $t6, $zero, 0x0100         ## $t6 = 00000100
/* 007FC 80BD8AAC AFAE0010 */  sw      $t6, 0x0010($sp)           
/* 00800 80BD8AB0 00052C03 */  sra     $a1, $a1, 16               
/* 00804 80BD8AB4 260400BE */  addiu   $a0, $s0, 0x00BE           ## $a0 = 000000BE
/* 00808 80BD8AB8 2406000A */  addiu   $a2, $zero, 0x000A         ## $a2 = 0000000A
/* 0080C 80BD8ABC 0C03FFAF */  jal     func_800FFEBC              
/* 00810 80BD8AC0 24073000 */  addiu   $a3, $zero, 0x3000         ## $a3 = 00003000
/* 00814 80BD8AC4 860F00BE */  lh      $t7, 0x00BE($s0)           ## 000000BE
/* 00818 80BD8AC8 3C063FC0 */  lui     $a2, 0x3FC0                ## $a2 = 3FC00000
/* 0081C 80BD8ACC A60F0032 */  sh      $t7, 0x0032($s0)           ## 00000032
/* 00820 80BD8AD0 8FA5002C */  lw      $a1, 0x002C($sp)           
/* 00824 80BD8AD4 0C040112 */  jal     func_80100448              
/* 00828 80BD8AD8 8FA40030 */  lw      $a0, 0x0030($sp)           
/* 0082C 80BD8ADC 3C014120 */  lui     $at, 0x4120                ## $at = 41200000
/* 00830 80BD8AE0 44812000 */  mtc1    $at, $f4                   ## $f4 = 10.00
/* 00834 80BD8AE4 3C02801F */  lui     $v0, 0x801F                ## $v0 = 801F0000
/* 00838 80BD8AE8 2442F670 */  addiu   $v0, $v0, 0xF670           ## $v0 = 801EF670
/* 0083C 80BD8AEC 4604003C */  c.lt.s  $f0, $f4                   
/* 00840 80BD8AF0 00000000 */  nop
/* 00844 80BD8AF4 45020012 */  bc1fl   .L80BD8B40                 
/* 00848 80BD8AF8 8FBF0024 */  lw      $ra, 0x0024($sp)           
/* 0084C 80BD8AFC 90580F33 */  lbu     $t8, 0x0F33($v0)           ## 801F05A3
/* 00850 80BD8B00 90480F35 */  lbu     $t0, 0x0F35($v0)           ## 801F05A5
/* 00854 80BD8B04 02002025 */  or      $a0, $s0, $zero            ## $a0 = 00000000
/* 00858 80BD8B08 331900FE */  andi    $t9, $t8, 0x00FE           ## $t9 = 00000000
/* 0085C 80BD8B0C 31090004 */  andi    $t1, $t0, 0x0004           ## $t1 = 00000000
/* 00860 80BD8B10 15200008 */  bne     $t1, $zero, .L80BD8B34     
/* 00864 80BD8B14 A0590F33 */  sb      $t9, 0x0F33($v0)           ## 801F05A3
/* 00868 80BD8B18 0C2F64B4 */  jal     func_80BD92D0              
/* 0086C 80BD8B1C 8FA5003C */  lw      $a1, 0x003C($sp)           
/* 00870 80BD8B20 3C02801F */  lui     $v0, 0x801F                ## $v0 = 801F0000
/* 00874 80BD8B24 2442F670 */  addiu   $v0, $v0, 0xF670           ## $v0 = 801EF670
/* 00878 80BD8B28 904A0F35 */  lbu     $t2, 0x0F35($v0)           ## 801F05A5
/* 0087C 80BD8B2C 354B0004 */  ori     $t3, $t2, 0x0004           ## $t3 = 00000004
/* 00880 80BD8B30 A04B0F35 */  sb      $t3, 0x0F35($v0)           ## 801F05A5
.L80BD8B34:
/* 00884 80BD8B34 0C2F61C0 */  jal     func_80BD8700              
/* 00888 80BD8B38 02002025 */  or      $a0, $s0, $zero            ## $a0 = 00000000
/* 0088C 80BD8B3C 8FBF0024 */  lw      $ra, 0x0024($sp)           
.L80BD8B40:
/* 00890 80BD8B40 8FB00020 */  lw      $s0, 0x0020($sp)           
/* 00894 80BD8B44 27BD0038 */  addiu   $sp, $sp, 0x0038           ## $sp = 00000000
/* 00898 80BD8B48 03E00008 */  jr      $ra                        
/* 0089C 80BD8B4C 00000000 */  nop


glabel func_80BD8B50
/* 008A0 80BD8B50 3C01C000 */  lui     $at, 0xC000                ## $at = C0000000
/* 008A4 80BD8B54 44812000 */  mtc1    $at, $f4                   ## $f4 = -2.00
/* 008A8 80BD8B58 3C0E80BE */  lui     $t6, %hi(func_80BD8B70)    ## $t6 = 80BE0000
/* 008AC 80BD8B5C 25CE8B70 */  addiu   $t6, $t6, %lo(func_80BD8B70) ## $t6 = 80BD8B70
/* 008B0 80BD8B60 AC8E01D4 */  sw      $t6, 0x01D4($a0)           ## 000001D4
/* 008B4 80BD8B64 E4840074 */  swc1    $f4, 0x0074($a0)           ## 00000074
/* 008B8 80BD8B68 03E00008 */  jr      $ra                        
/* 008BC 80BD8B6C 00000000 */  nop


glabel func_80BD8B70
/* 008C0 80BD8B70 27BDFFC0 */  addiu   $sp, $sp, 0xFFC0           ## $sp = FFFFFFC0
/* 008C4 80BD8B74 AFB00020 */  sw      $s0, 0x0020($sp)           
/* 008C8 80BD8B78 00808025 */  or      $s0, $a0, $zero            ## $s0 = 00000000
/* 008CC 80BD8B7C AFBF0024 */  sw      $ra, 0x0024($sp)           
/* 008D0 80BD8B80 AFA50044 */  sw      $a1, 0x0044($sp)           
/* 008D4 80BD8B84 24020006 */  addiu   $v0, $zero, 0x0006         ## $v0 = 00000006
/* 008D8 80BD8B88 8E0F01E0 */  lw      $t7, 0x01E0($s0)           ## 000001E0
/* 008DC 80BD8B8C 8E0E01DC */  lw      $t6, 0x01DC($s0)           ## 000001DC
/* 008E0 80BD8B90 26040024 */  addiu   $a0, $s0, 0x0024           ## $a0 = 00000024
/* 008E4 80BD8B94 01E20019 */  multu   $t7, $v0                   
/* 008E8 80BD8B98 27A50034 */  addiu   $a1, $sp, 0x0034           ## $a1 = FFFFFFF4
/* 008EC 80BD8B9C 0000C012 */  mflo    $t8                        
/* 008F0 80BD8BA0 01D8C821 */  addu    $t9, $t6, $t8              
/* 008F4 80BD8BA4 87280000 */  lh      $t0, 0x0000($t9)           ## 00000000
/* 008F8 80BD8BA8 44882000 */  mtc1    $t0, $f4                   ## $f4 = 0.00
/* 008FC 80BD8BAC 00000000 */  nop
/* 00900 80BD8BB0 468021A0 */  cvt.s.w $f6, $f4                   
/* 00904 80BD8BB4 E7A60034 */  swc1    $f6, 0x0034($sp)           
/* 00908 80BD8BB8 8E0A01E0 */  lw      $t2, 0x01E0($s0)           ## 000001E0
/* 0090C 80BD8BBC 8E0901DC */  lw      $t1, 0x01DC($s0)           ## 000001DC
/* 00910 80BD8BC0 01420019 */  multu   $t2, $v0                   
/* 00914 80BD8BC4 00005812 */  mflo    $t3                        
/* 00918 80BD8BC8 012B6021 */  addu    $t4, $t1, $t3              
/* 0091C 80BD8BCC 858D0002 */  lh      $t5, 0x0002($t4)           ## 00000002
/* 00920 80BD8BD0 448D4000 */  mtc1    $t5, $f8                   ## $f8 = 0.00
/* 00924 80BD8BD4 00000000 */  nop
/* 00928 80BD8BD8 468042A0 */  cvt.s.w $f10, $f8                  
/* 0092C 80BD8BDC E7AA0038 */  swc1    $f10, 0x0038($sp)          
/* 00930 80BD8BE0 8E0E01E0 */  lw      $t6, 0x01E0($s0)           ## 000001E0
/* 00934 80BD8BE4 8E0F01DC */  lw      $t7, 0x01DC($s0)           ## 000001DC
/* 00938 80BD8BE8 01C20019 */  multu   $t6, $v0                   
/* 0093C 80BD8BEC 0000C012 */  mflo    $t8                        
/* 00940 80BD8BF0 01F8C821 */  addu    $t9, $t7, $t8              
/* 00944 80BD8BF4 87280004 */  lh      $t0, 0x0004($t9)           ## 00000004
/* 00948 80BD8BF8 AFA4002C */  sw      $a0, 0x002C($sp)           
/* 0094C 80BD8BFC 44888000 */  mtc1    $t0, $f16                  ## $f16 = 0.00
/* 00950 80BD8C00 00000000 */  nop
/* 00954 80BD8C04 468084A0 */  cvt.s.w $f18, $f16                 
/* 00958 80BD8C08 0C03FE98 */  jal     func_800FFA60              
/* 0095C 80BD8C0C E7B2003C */  swc1    $f18, 0x003C($sp)          
/* 00960 80BD8C10 A7A20032 */  sh      $v0, 0x0032($sp)           
/* 00964 80BD8C14 8FA4002C */  lw      $a0, 0x002C($sp)           
/* 00968 80BD8C18 8E060070 */  lw      $a2, 0x0070($s0)           ## 00000070
/* 0096C 80BD8C1C 0C03FE69 */  jal     func_800FF9A4              
/* 00970 80BD8C20 27A50034 */  addiu   $a1, $sp, 0x0034           ## $a1 = FFFFFFF4
/* 00974 80BD8C24 3C014120 */  lui     $at, 0x4120                ## $at = 41200000
/* 00978 80BD8C28 44812000 */  mtc1    $at, $f4                   ## $f4 = 10.00
/* 0097C 80BD8C2C 260400BE */  addiu   $a0, $s0, 0x00BE           ## $a0 = 000000BE
/* 00980 80BD8C30 87A50032 */  lh      $a1, 0x0032($sp)           
/* 00984 80BD8C34 4600203C */  c.lt.s  $f4, $f0                   
/* 00988 80BD8C38 2406000A */  addiu   $a2, $zero, 0x000A         ## $a2 = 0000000A
/* 0098C 80BD8C3C 24073000 */  addiu   $a3, $zero, 0x3000         ## $a3 = 00003000
/* 00990 80BD8C40 240A0100 */  addiu   $t2, $zero, 0x0100         ## $t2 = 00000100
/* 00994 80BD8C44 45020007 */  bc1fl   .L80BD8C64                 
/* 00998 80BD8C48 8E0B01E4 */  lw      $t3, 0x01E4($s0)           ## 000001E4
/* 0099C 80BD8C4C 0C03FFAF */  jal     func_800FFEBC              
/* 009A0 80BD8C50 AFAA0010 */  sw      $t2, 0x0010($sp)           
/* 009A4 80BD8C54 860900BE */  lh      $t1, 0x00BE($s0)           ## 000000BE
/* 009A8 80BD8C58 1000000B */  beq     $zero, $zero, .L80BD8C88   
/* 009AC 80BD8C5C A6090032 */  sh      $t1, 0x0032($s0)           ## 00000032
/* 009B0 80BD8C60 8E0B01E4 */  lw      $t3, 0x01E4($s0)           ## 000001E4
.L80BD8C64:
/* 009B4 80BD8C64 8E0201E0 */  lw      $v0, 0x01E0($s0)           ## 000001E0
/* 009B8 80BD8C68 256CFFFF */  addiu   $t4, $t3, 0xFFFF           ## $t4 = FFFFFFFF
/* 009BC 80BD8C6C 004C082A */  slt     $at, $v0, $t4              
/* 009C0 80BD8C70 10200003 */  beq     $at, $zero, .L80BD8C80     
/* 009C4 80BD8C74 244D0001 */  addiu   $t5, $v0, 0x0001           ## $t5 = 00000001
/* 009C8 80BD8C78 10000003 */  beq     $zero, $zero, .L80BD8C88   
/* 009CC 80BD8C7C AE0D01E0 */  sw      $t5, 0x01E0($s0)           ## 000001E0
.L80BD8C80:
/* 009D0 80BD8C80 0C2F6333 */  jal     func_80BD8CCC              
/* 009D4 80BD8C84 02002025 */  or      $a0, $s0, $zero            ## $a0 = 00000000
.L80BD8C88:
/* 009D8 80BD8C88 44800000 */  mtc1    $zero, $f0                 ## $f0 = 0.00
/* 009DC 80BD8C8C 240E0004 */  addiu   $t6, $zero, 0x0004         ## $t6 = 00000004
/* 009E0 80BD8C90 AFAE0014 */  sw      $t6, 0x0014($sp)           
/* 009E4 80BD8C94 44060000 */  mfc1    $a2, $f0                   
/* 009E8 80BD8C98 44070000 */  mfc1    $a3, $f0                   
/* 009EC 80BD8C9C 8FA40044 */  lw      $a0, 0x0044($sp)           
/* 009F0 80BD8CA0 02002825 */  or      $a1, $s0, $zero            ## $a1 = 00000000
/* 009F4 80BD8CA4 0C02DE2E */  jal     func_800B78B8              
/* 009F8 80BD8CA8 E7A00010 */  swc1    $f0, 0x0010($sp)           
/* 009FC 80BD8CAC C6060028 */  lwc1    $f6, 0x0028($s0)           ## 00000028
/* 00A00 80BD8CB0 C6080074 */  lwc1    $f8, 0x0074($s0)           ## 00000074
/* 00A04 80BD8CB4 46083280 */  add.s   $f10, $f6, $f8             
/* 00A08 80BD8CB8 E60A0028 */  swc1    $f10, 0x0028($s0)          ## 00000028
/* 00A0C 80BD8CBC 8FBF0024 */  lw      $ra, 0x0024($sp)           
/* 00A10 80BD8CC0 8FB00020 */  lw      $s0, 0x0020($sp)           
/* 00A14 80BD8CC4 03E00008 */  jr      $ra                        
/* 00A18 80BD8CC8 27BD0040 */  addiu   $sp, $sp, 0x0040           ## $sp = 00000000


glabel func_80BD8CCC
/* 00A1C 80BD8CCC 27BDFFE8 */  addiu   $sp, $sp, 0xFFE8           ## $sp = FFFFFFE8
/* 00A20 80BD8CD0 AFBF0014 */  sw      $ra, 0x0014($sp)           
/* 00A24 80BD8CD4 00803825 */  or      $a3, $a0, $zero            ## $a3 = 00000000
/* 00A28 80BD8CD8 44802000 */  mtc1    $zero, $f4                 ## $f4 = 0.00
/* 00A2C 80BD8CDC A4E0031C */  sh      $zero, 0x031C($a3)         ## 0000031C
/* 00A30 80BD8CE0 3C0580BE */  lui     $a1, %hi(D_80BDA4B8)       ## $a1 = 80BE0000
/* 00A34 80BD8CE4 E4E40070 */  swc1    $f4, 0x0070($a3)           ## 00000070
/* 00A38 80BD8CE8 AFA70018 */  sw      $a3, 0x0018($sp)           
/* 00A3C 80BD8CEC 24A5A4B8 */  addiu   $a1, $a1, %lo(D_80BDA4B8)  ## $a1 = 80BDA4B8
/* 00A40 80BD8CF0 24E40190 */  addiu   $a0, $a3, 0x0190           ## $a0 = 00000190
/* 00A44 80BD8CF4 0C02F717 */  jal     func_800BDC5C              
/* 00A48 80BD8CF8 24060003 */  addiu   $a2, $zero, 0x0003         ## $a2 = 00000003
/* 00A4C 80BD8CFC 8FA70018 */  lw      $a3, 0x0018($sp)           
/* 00A50 80BD8D00 3C0E80BE */  lui     $t6, %hi(func_80BD8D1C)    ## $t6 = 80BE0000
/* 00A54 80BD8D04 25CE8D1C */  addiu   $t6, $t6, %lo(func_80BD8D1C) ## $t6 = 80BD8D1C
/* 00A58 80BD8D08 ACEE01D4 */  sw      $t6, 0x01D4($a3)           ## 000001D4
/* 00A5C 80BD8D0C 8FBF0014 */  lw      $ra, 0x0014($sp)           
/* 00A60 80BD8D10 27BD0018 */  addiu   $sp, $sp, 0x0018           ## $sp = 00000000
/* 00A64 80BD8D14 03E00008 */  jr      $ra                        
/* 00A68 80BD8D18 00000000 */  nop


glabel func_80BD8D1C
/* 00A6C 80BD8D1C 27BDFFE8 */  addiu   $sp, $sp, 0xFFE8           ## $sp = FFFFFFE8
/* 00A70 80BD8D20 AFBF0014 */  sw      $ra, 0x0014($sp)           
/* 00A74 80BD8D24 AFA5001C */  sw      $a1, 0x001C($sp)           
/* 00A78 80BD8D28 00803825 */  or      $a3, $a0, $zero            ## $a3 = 00000000
/* 00A7C 80BD8D2C 84E2031C */  lh      $v0, 0x031C($a3)           ## 0000031C
/* 00A80 80BD8D30 3C013FC0 */  lui     $at, 0x3FC0                ## $at = 3FC00000
/* 00A84 80BD8D34 24E40190 */  addiu   $a0, $a3, 0x0190           ## $a0 = 00000190
/* 00A88 80BD8D38 284300C9 */  slti    $v1, $v0, 0x00C9           
/* 00A8C 80BD8D3C 38630001 */  xori    $v1, $v1, 0x0001           ## $v1 = 00000001
/* 00A90 80BD8D40 244E0001 */  addiu   $t6, $v0, 0x0001           ## $t6 = 00000001
/* 00A94 80BD8D44 1060000A */  beq     $v1, $zero, .L80BD8D70     
/* 00A98 80BD8D48 A4EE031C */  sh      $t6, 0x031C($a3)           ## 0000031C
/* 00A9C 80BD8D4C 44812000 */  mtc1    $at, $f4                   ## $f4 = 1.50
/* 00AA0 80BD8D50 3C0580BE */  lui     $a1, %hi(D_80BDA4B8)       ## $a1 = 80BE0000
/* 00AA4 80BD8D54 24A5A4B8 */  addiu   $a1, $a1, %lo(D_80BDA4B8)  ## $a1 = 80BDA4B8
/* 00AA8 80BD8D58 E4E40070 */  swc1    $f4, 0x0070($a3)           ## 00000070
/* 00AAC 80BD8D5C AFA70018 */  sw      $a3, 0x0018($sp)           
/* 00AB0 80BD8D60 0C02F717 */  jal     func_800BDC5C              
/* 00AB4 80BD8D64 24060001 */  addiu   $a2, $zero, 0x0001         ## $a2 = 00000001
/* 00AB8 80BD8D68 0C2F6360 */  jal     func_80BD8D80              
/* 00ABC 80BD8D6C 8FA40018 */  lw      $a0, 0x0018($sp)           
.L80BD8D70:
/* 00AC0 80BD8D70 8FBF0014 */  lw      $ra, 0x0014($sp)           
/* 00AC4 80BD8D74 27BD0018 */  addiu   $sp, $sp, 0x0018           ## $sp = 00000000
/* 00AC8 80BD8D78 03E00008 */  jr      $ra                        
/* 00ACC 80BD8D7C 00000000 */  nop


glabel func_80BD8D80
/* 00AD0 80BD8D80 8C8201E0 */  lw      $v0, 0x01E0($a0)           ## 000001E0
/* 00AD4 80BD8D84 3C01C000 */  lui     $at, 0xC000                ## $at = C0000000
/* 00AD8 80BD8D88 44812000 */  mtc1    $at, $f4                   ## $f4 = -2.00
/* 00ADC 80BD8D8C 18400003 */  blez    $v0, .L80BD8D9C            
/* 00AE0 80BD8D90 3C0F80BE */  lui     $t7, %hi(func_80BD8DB0)    ## $t7 = 80BE0000
/* 00AE4 80BD8D94 244EFFFF */  addiu   $t6, $v0, 0xFFFF           ## $t6 = FFFFFFFF
/* 00AE8 80BD8D98 AC8E01E0 */  sw      $t6, 0x01E0($a0)           ## 000001E0
.L80BD8D9C:
/* 00AEC 80BD8D9C 25EF8DB0 */  addiu   $t7, $t7, %lo(func_80BD8DB0) ## $t7 = 80BD8DB0
/* 00AF0 80BD8DA0 E4840074 */  swc1    $f4, 0x0074($a0)           ## 00000074
/* 00AF4 80BD8DA4 AC8F01D4 */  sw      $t7, 0x01D4($a0)           ## 000001D4
/* 00AF8 80BD8DA8 03E00008 */  jr      $ra                        
/* 00AFC 80BD8DAC 00000000 */  nop


glabel func_80BD8DB0
/* 00B00 80BD8DB0 27BDFFC0 */  addiu   $sp, $sp, 0xFFC0           ## $sp = FFFFFFC0
/* 00B04 80BD8DB4 AFB00020 */  sw      $s0, 0x0020($sp)           
/* 00B08 80BD8DB8 00808025 */  or      $s0, $a0, $zero            ## $s0 = 00000000
/* 00B0C 80BD8DBC AFBF0024 */  sw      $ra, 0x0024($sp)           
/* 00B10 80BD8DC0 AFA50044 */  sw      $a1, 0x0044($sp)           
/* 00B14 80BD8DC4 24020006 */  addiu   $v0, $zero, 0x0006         ## $v0 = 00000006
/* 00B18 80BD8DC8 8E0F01E0 */  lw      $t7, 0x01E0($s0)           ## 000001E0
/* 00B1C 80BD8DCC 8E0E01DC */  lw      $t6, 0x01DC($s0)           ## 000001DC
/* 00B20 80BD8DD0 26040024 */  addiu   $a0, $s0, 0x0024           ## $a0 = 00000024
/* 00B24 80BD8DD4 01E20019 */  multu   $t7, $v0                   
/* 00B28 80BD8DD8 27A50034 */  addiu   $a1, $sp, 0x0034           ## $a1 = FFFFFFF4
/* 00B2C 80BD8DDC 0000C012 */  mflo    $t8                        
/* 00B30 80BD8DE0 01D8C821 */  addu    $t9, $t6, $t8              
/* 00B34 80BD8DE4 87280000 */  lh      $t0, 0x0000($t9)           ## 00000000
/* 00B38 80BD8DE8 44882000 */  mtc1    $t0, $f4                   ## $f4 = 0.00
/* 00B3C 80BD8DEC 00000000 */  nop
/* 00B40 80BD8DF0 468021A0 */  cvt.s.w $f6, $f4                   
/* 00B44 80BD8DF4 E7A60034 */  swc1    $f6, 0x0034($sp)           
/* 00B48 80BD8DF8 8E0A01E0 */  lw      $t2, 0x01E0($s0)           ## 000001E0
/* 00B4C 80BD8DFC 8E0901DC */  lw      $t1, 0x01DC($s0)           ## 000001DC
/* 00B50 80BD8E00 01420019 */  multu   $t2, $v0                   
/* 00B54 80BD8E04 00005812 */  mflo    $t3                        
/* 00B58 80BD8E08 012B6021 */  addu    $t4, $t1, $t3              
/* 00B5C 80BD8E0C 858D0002 */  lh      $t5, 0x0002($t4)           ## 00000002
/* 00B60 80BD8E10 448D4000 */  mtc1    $t5, $f8                   ## $f8 = 0.00
/* 00B64 80BD8E14 00000000 */  nop
/* 00B68 80BD8E18 468042A0 */  cvt.s.w $f10, $f8                  
/* 00B6C 80BD8E1C E7AA0038 */  swc1    $f10, 0x0038($sp)          
/* 00B70 80BD8E20 8E0E01E0 */  lw      $t6, 0x01E0($s0)           ## 000001E0
/* 00B74 80BD8E24 8E0F01DC */  lw      $t7, 0x01DC($s0)           ## 000001DC
/* 00B78 80BD8E28 01C20019 */  multu   $t6, $v0                   
/* 00B7C 80BD8E2C 0000C012 */  mflo    $t8                        
/* 00B80 80BD8E30 01F8C821 */  addu    $t9, $t7, $t8              
/* 00B84 80BD8E34 87280004 */  lh      $t0, 0x0004($t9)           ## 00000004
/* 00B88 80BD8E38 AFA4002C */  sw      $a0, 0x002C($sp)           
/* 00B8C 80BD8E3C 44888000 */  mtc1    $t0, $f16                  ## $f16 = 0.00
/* 00B90 80BD8E40 00000000 */  nop
/* 00B94 80BD8E44 468084A0 */  cvt.s.w $f18, $f16                 
/* 00B98 80BD8E48 0C03FE98 */  jal     func_800FFA60              
/* 00B9C 80BD8E4C E7B2003C */  swc1    $f18, 0x003C($sp)          
/* 00BA0 80BD8E50 A7A20032 */  sh      $v0, 0x0032($sp)           
/* 00BA4 80BD8E54 8FA4002C */  lw      $a0, 0x002C($sp)           
/* 00BA8 80BD8E58 8E060070 */  lw      $a2, 0x0070($s0)           ## 00000070
/* 00BAC 80BD8E5C 0C03FE69 */  jal     func_800FF9A4              
/* 00BB0 80BD8E60 27A50034 */  addiu   $a1, $sp, 0x0034           ## $a1 = FFFFFFF4
/* 00BB4 80BD8E64 3C014120 */  lui     $at, 0x4120                ## $at = 41200000
/* 00BB8 80BD8E68 44812000 */  mtc1    $at, $f4                   ## $f4 = 10.00
/* 00BBC 80BD8E6C 260400BE */  addiu   $a0, $s0, 0x00BE           ## $a0 = 000000BE
/* 00BC0 80BD8E70 87A50032 */  lh      $a1, 0x0032($sp)           
/* 00BC4 80BD8E74 4600203C */  c.lt.s  $f4, $f0                   
/* 00BC8 80BD8E78 2406000A */  addiu   $a2, $zero, 0x000A         ## $a2 = 0000000A
/* 00BCC 80BD8E7C 24073000 */  addiu   $a3, $zero, 0x3000         ## $a3 = 00003000
/* 00BD0 80BD8E80 240A0100 */  addiu   $t2, $zero, 0x0100         ## $t2 = 00000100
/* 00BD4 80BD8E84 45020007 */  bc1fl   .L80BD8EA4                 
/* 00BD8 80BD8E88 8E0201E0 */  lw      $v0, 0x01E0($s0)           ## 000001E0
/* 00BDC 80BD8E8C 0C03FFAF */  jal     func_800FFEBC              
/* 00BE0 80BD8E90 AFAA0010 */  sw      $t2, 0x0010($sp)           
/* 00BE4 80BD8E94 860900BE */  lh      $t1, 0x00BE($s0)           ## 000000BE
/* 00BE8 80BD8E98 1000000B */  beq     $zero, $zero, .L80BD8EC8   
/* 00BEC 80BD8E9C A6090032 */  sh      $t1, 0x0032($s0)           ## 00000032
/* 00BF0 80BD8EA0 8E0201E0 */  lw      $v0, 0x01E0($s0)           ## 000001E0
.L80BD8EA4:
/* 00BF4 80BD8EA4 02002025 */  or      $a0, $s0, $zero            ## $a0 = 00000000
/* 00BF8 80BD8EA8 18400003 */  blez    $v0, .L80BD8EB8            
/* 00BFC 80BD8EAC 244BFFFF */  addiu   $t3, $v0, 0xFFFF           ## $t3 = FFFFFFFF
/* 00C00 80BD8EB0 10000005 */  beq     $zero, $zero, .L80BD8EC8   
/* 00C04 80BD8EB4 AE0B01E0 */  sw      $t3, 0x01E0($s0)           ## 000001E0
.L80BD8EB8:
/* 00C08 80BD8EB8 0C2F64CE */  jal     func_80BD9338              
/* 00C0C 80BD8EBC 8FA50044 */  lw      $a1, 0x0044($sp)           
/* 00C10 80BD8EC0 0C2F628E */  jal     func_80BD8A38              
/* 00C14 80BD8EC4 02002025 */  or      $a0, $s0, $zero            ## $a0 = 00000000
.L80BD8EC8:
/* 00C18 80BD8EC8 44800000 */  mtc1    $zero, $f0                 ## $f0 = 0.00
/* 00C1C 80BD8ECC 240C0004 */  addiu   $t4, $zero, 0x0004         ## $t4 = 00000004
/* 00C20 80BD8ED0 AFAC0014 */  sw      $t4, 0x0014($sp)           
/* 00C24 80BD8ED4 44060000 */  mfc1    $a2, $f0                   
/* 00C28 80BD8ED8 44070000 */  mfc1    $a3, $f0                   
/* 00C2C 80BD8EDC 8FA40044 */  lw      $a0, 0x0044($sp)           
/* 00C30 80BD8EE0 02002825 */  or      $a1, $s0, $zero            ## $a1 = 00000000
/* 00C34 80BD8EE4 0C02DE2E */  jal     func_800B78B8              
/* 00C38 80BD8EE8 E7A00010 */  swc1    $f0, 0x0010($sp)           
/* 00C3C 80BD8EEC C6060028 */  lwc1    $f6, 0x0028($s0)           ## 00000028
/* 00C40 80BD8EF0 C6080074 */  lwc1    $f8, 0x0074($s0)           ## 00000074
/* 00C44 80BD8EF4 46083280 */  add.s   $f10, $f6, $f8             
/* 00C48 80BD8EF8 E60A0028 */  swc1    $f10, 0x0028($s0)          ## 00000028
/* 00C4C 80BD8EFC 8FBF0024 */  lw      $ra, 0x0024($sp)           
/* 00C50 80BD8F00 8FB00020 */  lw      $s0, 0x0020($sp)           
/* 00C54 80BD8F04 03E00008 */  jr      $ra                        
/* 00C58 80BD8F08 27BD0040 */  addiu   $sp, $sp, 0x0040           ## $sp = 00000000


glabel func_80BD8F0C
/* 00C5C 80BD8F0C 27BDFFE8 */  addiu   $sp, $sp, 0xFFE8           ## $sp = FFFFFFE8
/* 00C60 80BD8F10 AFBF0014 */  sw      $ra, 0x0014($sp)           
/* 00C64 80BD8F14 AFA40018 */  sw      $a0, 0x0018($sp)           
/* 00C68 80BD8F18 8FA40018 */  lw      $a0, 0x0018($sp)           
/* 00C6C 80BD8F1C 24050001 */  addiu   $a1, $zero, 0x0001         ## $a1 = 00000001
/* 00C70 80BD8F20 0C2F64F3 */  jal     func_80BD93CC              
/* 00C74 80BD8F24 24060001 */  addiu   $a2, $zero, 0x0001         ## $a2 = 00000001
/* 00C78 80BD8F28 8FA40018 */  lw      $a0, 0x0018($sp)           
/* 00C7C 80BD8F2C 3C0580BE */  lui     $a1, %hi(D_80BDA4B8)       ## $a1 = 80BE0000
/* 00C80 80BD8F30 24A5A4B8 */  addiu   $a1, $a1, %lo(D_80BDA4B8)  ## $a1 = 80BDA4B8
/* 00C84 80BD8F34 24060004 */  addiu   $a2, $zero, 0x0004         ## $a2 = 00000004
/* 00C88 80BD8F38 0C02F717 */  jal     func_800BDC5C              
/* 00C8C 80BD8F3C 24840190 */  addiu   $a0, $a0, 0x0190           ## $a0 = 00000190
/* 00C90 80BD8F40 8FAF0018 */  lw      $t7, 0x0018($sp)           
/* 00C94 80BD8F44 3C0E80BE */  lui     $t6, %hi(func_80BD8F60)    ## $t6 = 80BE0000
/* 00C98 80BD8F48 25CE8F60 */  addiu   $t6, $t6, %lo(func_80BD8F60) ## $t6 = 80BD8F60
/* 00C9C 80BD8F4C ADEE01D4 */  sw      $t6, 0x01D4($t7)           ## 000001D4
/* 00CA0 80BD8F50 8FBF0014 */  lw      $ra, 0x0014($sp)           
/* 00CA4 80BD8F54 27BD0018 */  addiu   $sp, $sp, 0x0018           ## $sp = 00000000
/* 00CA8 80BD8F58 03E00008 */  jr      $ra                        
/* 00CAC 80BD8F5C 00000000 */  nop


glabel func_80BD8F60
/* 00CB0 80BD8F60 27BDFFD0 */  addiu   $sp, $sp, 0xFFD0           ## $sp = FFFFFFD0
/* 00CB4 80BD8F64 AFB00020 */  sw      $s0, 0x0020($sp)           
/* 00CB8 80BD8F68 00808025 */  or      $s0, $a0, $zero            ## $s0 = 00000000
/* 00CBC 80BD8F6C AFBF0024 */  sw      $ra, 0x0024($sp)           
/* 00CC0 80BD8F70 AFA50034 */  sw      $a1, 0x0034($sp)           
/* 00CC4 80BD8F74 86050092 */  lh      $a1, 0x0092($s0)           ## 00000092
/* 00CC8 80BD8F78 240E1000 */  addiu   $t6, $zero, 0x1000         ## $t6 = 00001000
/* 00CCC 80BD8F7C AFAE0010 */  sw      $t6, 0x0010($sp)           
/* 00CD0 80BD8F80 260400BE */  addiu   $a0, $s0, 0x00BE           ## $a0 = 000000BE
/* 00CD4 80BD8F84 2406000A */  addiu   $a2, $zero, 0x000A         ## $a2 = 0000000A
/* 00CD8 80BD8F88 0C03FFAF */  jal     func_800FFEBC              
/* 00CDC 80BD8F8C 24073000 */  addiu   $a3, $zero, 0x3000         ## $a3 = 00003000
/* 00CE0 80BD8F90 26040190 */  addiu   $a0, $s0, 0x0190           ## $a0 = 00000190
/* 00CE4 80BD8F94 8E0501A0 */  lw      $a1, 0x01A0($s0)           ## 000001A0
/* 00CE8 80BD8F98 0C04DE2E */  jal     func_801378B8              
/* 00CEC 80BD8F9C AFA4002C */  sw      $a0, 0x002C($sp)           
/* 00CF0 80BD8FA0 1040000E */  beq     $v0, $zero, .L80BD8FDC     
/* 00CF4 80BD8FA4 8FA4002C */  lw      $a0, 0x002C($sp)           
/* 00CF8 80BD8FA8 3C0580BE */  lui     $a1, %hi(D_80BDA4B8)       ## $a1 = 80BE0000
/* 00CFC 80BD8FAC 24A5A4B8 */  addiu   $a1, $a1, %lo(D_80BDA4B8)  ## $a1 = 80BDA4B8
/* 00D00 80BD8FB0 0C02F717 */  jal     func_800BDC5C              
/* 00D04 80BD8FB4 24060002 */  addiu   $a2, $zero, 0x0002         ## $a2 = 00000002
/* 00D08 80BD8FB8 3C014040 */  lui     $at, 0x4040                ## $at = 40400000
/* 00D0C 80BD8FBC 44812000 */  mtc1    $at, $f4                   ## $f4 = 3.00
/* 00D10 80BD8FC0 02002025 */  or      $a0, $s0, $zero            ## $a0 = 00000000
/* 00D14 80BD8FC4 00002825 */  or      $a1, $zero, $zero          ## $a1 = 00000000
/* 00D18 80BD8FC8 00003025 */  or      $a2, $zero, $zero          ## $a2 = 00000000
/* 00D1C 80BD8FCC 0C2F64F3 */  jal     func_80BD93CC              
/* 00D20 80BD8FD0 E6040070 */  swc1    $f4, 0x0070($s0)           ## 00000070
/* 00D24 80BD8FD4 0C2F6360 */  jal     func_80BD8D80              
/* 00D28 80BD8FD8 02002025 */  or      $a0, $s0, $zero            ## $a0 = 00000000
.L80BD8FDC:
/* 00D2C 80BD8FDC 8FBF0024 */  lw      $ra, 0x0024($sp)           
/* 00D30 80BD8FE0 8FB00020 */  lw      $s0, 0x0020($sp)           
/* 00D34 80BD8FE4 27BD0030 */  addiu   $sp, $sp, 0x0030           ## $sp = 00000000
/* 00D38 80BD8FE8 03E00008 */  jr      $ra                        
/* 00D3C 80BD8FEC 00000000 */  nop


glabel func_80BD8FF0
/* 00D40 80BD8FF0 27BDFFC8 */  addiu   $sp, $sp, 0xFFC8           ## $sp = FFFFFFC8
/* 00D44 80BD8FF4 AFB00018 */  sw      $s0, 0x0018($sp)           
/* 00D48 80BD8FF8 00808025 */  or      $s0, $a0, $zero            ## $s0 = 00000000
/* 00D4C 80BD8FFC AFBF001C */  sw      $ra, 0x001C($sp)           
/* 00D50 80BD9000 8E0201E4 */  lw      $v0, 0x01E4($s0)           ## 000001E4
/* 00D54 80BD9004 8E0F01DC */  lw      $t7, 0x01DC($s0)           ## 000001DC
/* 00D58 80BD9008 26040024 */  addiu   $a0, $s0, 0x0024           ## $a0 = 00000024
/* 00D5C 80BD900C 0002C080 */  sll     $t8, $v0,  2               
/* 00D60 80BD9010 0302C023 */  subu    $t8, $t8, $v0              
/* 00D64 80BD9014 0018C040 */  sll     $t8, $t8,  1               
/* 00D68 80BD9018 244EFFFF */  addiu   $t6, $v0, 0xFFFF           ## $t6 = FFFFFFFF
/* 00D6C 80BD901C AE0E01E0 */  sw      $t6, 0x01E0($s0)           ## 000001E0
/* 00D70 80BD9020 01F82821 */  addu    $a1, $t7, $t8              
/* 00D74 80BD9024 24A5FFFA */  addiu   $a1, $a1, 0xFFFA           ## $a1 = FFFFFFFA
/* 00D78 80BD9028 0C03FD53 */  jal     func_800FF54C              
/* 00D7C 80BD902C AFA40024 */  sw      $a0, 0x0024($sp)           
/* 00D80 80BD9030 8E0801E4 */  lw      $t0, 0x01E4($s0)           ## 000001E4
/* 00D84 80BD9034 8E1901DC */  lw      $t9, 0x01DC($s0)           ## 000001DC
/* 00D88 80BD9038 27A4002C */  addiu   $a0, $sp, 0x002C           ## $a0 = FFFFFFF4
/* 00D8C 80BD903C 00084880 */  sll     $t1, $t0,  2               
/* 00D90 80BD9040 01284823 */  subu    $t1, $t1, $t0              
/* 00D94 80BD9044 00094840 */  sll     $t1, $t1,  1               
/* 00D98 80BD9048 03292821 */  addu    $a1, $t9, $t1              
/* 00D9C 80BD904C 0C03FD53 */  jal     func_800FF54C              
/* 00DA0 80BD9050 24A5FFF4 */  addiu   $a1, $a1, 0xFFF4           ## $a1 = FFFFFFF4
/* 00DA4 80BD9054 27A4002C */  addiu   $a0, $sp, 0x002C           ## $a0 = FFFFFFF4
/* 00DA8 80BD9058 0C03FE98 */  jal     func_800FFA60              
/* 00DAC 80BD905C 8FA50024 */  lw      $a1, 0x0024($sp)           
/* 00DB0 80BD9060 3C0580BE */  lui     $a1, %hi(D_80BDA4B8)       ## $a1 = 80BE0000
/* 00DB4 80BD9064 A60200BE */  sh      $v0, 0x00BE($s0)           ## 000000BE
/* 00DB8 80BD9068 A6020032 */  sh      $v0, 0x0032($s0)           ## 00000032
/* 00DBC 80BD906C 24A5A4B8 */  addiu   $a1, $a1, %lo(D_80BDA4B8)  ## $a1 = 80BDA4B8
/* 00DC0 80BD9070 26040190 */  addiu   $a0, $s0, 0x0190           ## $a0 = 00000190
/* 00DC4 80BD9074 0C02F717 */  jal     func_800BDC5C              
/* 00DC8 80BD9078 24060003 */  addiu   $a2, $zero, 0x0003         ## $a2 = 00000003
/* 00DCC 80BD907C 3C0A80BE */  lui     $t2, %hi(func_80BD909C)    ## $t2 = 80BE0000
/* 00DD0 80BD9080 254A909C */  addiu   $t2, $t2, %lo(func_80BD909C) ## $t2 = 80BD909C
/* 00DD4 80BD9084 AE0A01D4 */  sw      $t2, 0x01D4($s0)           ## 000001D4
/* 00DD8 80BD9088 8FBF001C */  lw      $ra, 0x001C($sp)           
/* 00DDC 80BD908C 8FB00018 */  lw      $s0, 0x0018($sp)           
/* 00DE0 80BD9090 27BD0038 */  addiu   $sp, $sp, 0x0038           ## $sp = 00000000
/* 00DE4 80BD9094 03E00008 */  jr      $ra                        
/* 00DE8 80BD9098 00000000 */  nop


glabel func_80BD909C
/* 00DEC 80BD909C AFA40000 */  sw      $a0, 0x0000($sp)           
/* 00DF0 80BD90A0 AFA50004 */  sw      $a1, 0x0004($sp)           
/* 00DF4 80BD90A4 03E00008 */  jr      $ra                        
/* 00DF8 80BD90A8 00000000 */  nop


glabel func_80BD90AC
/* 00DFC 80BD90AC 27BDFFD8 */  addiu   $sp, $sp, 0xFFD8           ## $sp = FFFFFFD8
/* 00E00 80BD90B0 AFB00018 */  sw      $s0, 0x0018($sp)           
/* 00E04 80BD90B4 00808025 */  or      $s0, $a0, $zero            ## $s0 = 00000000
/* 00E08 80BD90B8 AFBF001C */  sw      $ra, 0x001C($sp)           
/* 00E0C 80BD90BC 8CAE1CCC */  lw      $t6, 0x1CCC($a1)           ## 00001CCC
/* 00E10 80BD90C0 AFA5002C */  sw      $a1, 0x002C($sp)           
/* 00E14 80BD90C4 00A02025 */  or      $a0, $a1, $zero            ## $a0 = 00000000
/* 00E18 80BD90C8 0C04900F */  jal     func_8012403C              
/* 00E1C 80BD90CC AFAE0024 */  sw      $t6, 0x0024($sp)           
/* 00E20 80BD90D0 24010010 */  addiu   $at, $zero, 0x0010         ## $at = 00000010
/* 00E24 80BD90D4 50410053 */  beql    $v0, $at, .L80BD9224       
/* 00E28 80BD90D8 8FBF001C */  lw      $ra, 0x001C($sp)           
/* 00E2C 80BD90DC 8E0201D4 */  lw      $v0, 0x01D4($s0)           ## 000001D4
/* 00E30 80BD90E0 3C0F80BE */  lui     $t7, %hi(func_80BD8758)    ## $t7 = 80BE0000
/* 00E34 80BD90E4 25EF8758 */  addiu   $t7, $t7, %lo(func_80BD8758) ## $t7 = 80BD8758
/* 00E38 80BD90E8 11E2004D */  beq     $t7, $v0, .L80BD9220       
/* 00E3C 80BD90EC 3C1880BE */  lui     $t8, %hi(func_80BD8964)    ## $t8 = 80BE0000
/* 00E40 80BD90F0 27188964 */  addiu   $t8, $t8, %lo(func_80BD8964) ## $t8 = 80BD8964
/* 00E44 80BD90F4 1302004A */  beq     $t8, $v0, .L80BD9220       
/* 00E48 80BD90F8 3C1980BE */  lui     $t9, %hi(func_80BD8A7C)    ## $t9 = 80BE0000
/* 00E4C 80BD90FC 27398A7C */  addiu   $t9, $t9, %lo(func_80BD8A7C) ## $t9 = 80BD8A7C
/* 00E50 80BD9100 13220047 */  beq     $t9, $v0, .L80BD9220       
/* 00E54 80BD9104 3C0880BE */  lui     $t0, %hi(func_80BD8F60)    ## $t0 = 80BE0000
/* 00E58 80BD9108 25088F60 */  addiu   $t0, $t0, %lo(func_80BD8F60) ## $t0 = 80BD8F60
/* 00E5C 80BD910C 11020044 */  beq     $t0, $v0, .L80BD9220       
/* 00E60 80BD9110 3C0980BE */  lui     $t1, %hi(func_80BD8B70)    ## $t1 = 80BE0000
/* 00E64 80BD9114 25298B70 */  addiu   $t1, $t1, %lo(func_80BD8B70) ## $t1 = 80BD8B70
/* 00E68 80BD9118 15220003 */  bne     $t1, $v0, .L80BD9128       
/* 00E6C 80BD911C 3C0B80BE */  lui     $t3, %hi(func_80BD8DB0)    ## $t3 = 80BE0000
/* 00E70 80BD9120 8E0A01E0 */  lw      $t2, 0x01E0($s0)           ## 000001E0
/* 00E74 80BD9124 1140003E */  beq     $t2, $zero, .L80BD9220     
.L80BD9128:
/* 00E78 80BD9128 256B8DB0 */  addiu   $t3, $t3, %lo(func_80BD8DB0) ## $t3 = 80BD8DB0
/* 00E7C 80BD912C 15620006 */  bne     $t3, $v0, .L80BD9148       
/* 00E80 80BD9130 3C014040 */  lui     $at, 0x4040                ## $at = 40400000
/* 00E84 80BD9134 44812000 */  mtc1    $at, $f4                   ## $f4 = 3.00
/* 00E88 80BD9138 C6060070 */  lwc1    $f6, 0x0070($s0)           ## 00000070
/* 00E8C 80BD913C 46062032 */  c.eq.s  $f4, $f6                   
/* 00E90 80BD9140 00000000 */  nop
/* 00E94 80BD9144 45010036 */  bc1t    .L80BD9220                 
.L80BD9148:
/* 00E98 80BD9148 3C014316 */  lui     $at, 0x4316                ## $at = 43160000
/* 00E9C 80BD914C 44815000 */  mtc1    $at, $f10                  ## $f10 = 150.00
/* 00EA0 80BD9150 C6080098 */  lwc1    $f8, 0x0098($s0)           ## 00000098
/* 00EA4 80BD9154 3C0C80BE */  lui     $t4, %hi(func_80BD909C)    ## $t4 = 80BE0000
/* 00EA8 80BD9158 258C909C */  addiu   $t4, $t4, %lo(func_80BD909C) ## $t4 = 80BD909C
/* 00EAC 80BD915C 460A403C */  c.lt.s  $f8, $f10                  
/* 00EB0 80BD9160 00000000 */  nop
/* 00EB4 80BD9164 4501000D */  bc1t    .L80BD919C                 
/* 00EB8 80BD9168 00000000 */  nop
/* 00EBC 80BD916C 1582002C */  bne     $t4, $v0, .L80BD9220       
/* 00EC0 80BD9170 8FA50024 */  lw      $a1, 0x0024($sp)           
/* 00EC4 80BD9174 26040008 */  addiu   $a0, $s0, 0x0008           ## $a0 = 00000008
/* 00EC8 80BD9178 0C03FE4B */  jal     func_800FF92C              
/* 00ECC 80BD917C 24A50024 */  addiu   $a1, $a1, 0x0024           ## $a1 = 00000024
/* 00ED0 80BD9180 3C014348 */  lui     $at, 0x4348                ## $at = 43480000
/* 00ED4 80BD9184 44818000 */  mtc1    $at, $f16                  ## $f16 = 200.00
/* 00ED8 80BD9188 00000000 */  nop
/* 00EDC 80BD918C 4610003C */  c.lt.s  $f0, $f16                  
/* 00EE0 80BD9190 00000000 */  nop
/* 00EE4 80BD9194 45020023 */  bc1fl   .L80BD9224                 
/* 00EE8 80BD9198 8FBF001C */  lw      $ra, 0x001C($sp)           
.L80BD919C:
/* 00EEC 80BD919C 0C03C6F9 */  jal     func_800F1BE4              
/* 00EF0 80BD91A0 8604031A */  lh      $a0, 0x031A($s0)           ## 0000031A
/* 00EF4 80BD91A4 50400015 */  beql    $v0, $zero, .L80BD91FC     
/* 00EF8 80BD91A8 8604031A */  lh      $a0, 0x031A($s0)           ## 0000031A
/* 00EFC 80BD91AC 8604031A */  lh      $a0, 0x031A($s0)           ## 0000031A
/* 00F00 80BD91B0 2401FFFF */  addiu   $at, $zero, 0xFFFF         ## $at = FFFFFFFF
/* 00F04 80BD91B4 50810011 */  beql    $a0, $at, .L80BD91FC       
/* 00F08 80BD91B8 8604031A */  lh      $a0, 0x031A($s0)           ## 0000031A
/* 00F0C 80BD91BC 0C03C71A */  jal     func_800F1C68              
/* 00F10 80BD91C0 02002825 */  or      $a1, $s0, $zero            ## $a1 = 00000000
/* 00F14 80BD91C4 0C03C86E */  jal     func_800F21B8              
/* 00F18 80BD91C8 8604031A */  lh      $a0, 0x031A($s0)           ## 0000031A
/* 00F1C 80BD91CC 00022C00 */  sll     $a1, $v0, 16               
/* 00F20 80BD91D0 00052C03 */  sra     $a1, $a1, 16               
/* 00F24 80BD91D4 0C05A5B5 */  jal     func_801696D4              
/* 00F28 80BD91D8 8FA4002C */  lw      $a0, 0x002C($sp)           
/* 00F2C 80BD91DC 00402025 */  or      $a0, $v0, $zero            ## $a0 = 00000000
/* 00F30 80BD91E0 0C0380AB */  jal     func_800E02AC              
/* 00F34 80BD91E4 02002825 */  or      $a1, $s0, $zero            ## $a1 = 00000000
/* 00F38 80BD91E8 0C2F63C3 */  jal     func_80BD8F0C              
/* 00F3C 80BD91EC 02002025 */  or      $a0, $s0, $zero            ## $a0 = 00000000
/* 00F40 80BD91F0 1000000C */  beq     $zero, $zero, .L80BD9224   
/* 00F44 80BD91F4 8FBF001C */  lw      $ra, 0x001C($sp)           
/* 00F48 80BD91F8 8604031A */  lh      $a0, 0x031A($s0)           ## 0000031A
.L80BD91FC:
/* 00F4C 80BD91FC 2401FFFF */  addiu   $at, $zero, 0xFFFF         ## $at = FFFFFFFF
/* 00F50 80BD9200 10810005 */  beq     $a0, $at, .L80BD9218       
/* 00F54 80BD9204 00000000 */  nop
/* 00F58 80BD9208 0C03C6E9 */  jal     func_800F1BA4              
/* 00F5C 80BD920C 00000000 */  nop
/* 00F60 80BD9210 10000004 */  beq     $zero, $zero, .L80BD9224   
/* 00F64 80BD9214 8FBF001C */  lw      $ra, 0x001C($sp)           
.L80BD9218:
/* 00F68 80BD9218 0C2F63C3 */  jal     func_80BD8F0C              
/* 00F6C 80BD921C 02002025 */  or      $a0, $s0, $zero            ## $a0 = 00000000
.L80BD9220:
/* 00F70 80BD9220 8FBF001C */  lw      $ra, 0x001C($sp)           
.L80BD9224:
/* 00F74 80BD9224 8FB00018 */  lw      $s0, 0x0018($sp)           
/* 00F78 80BD9228 27BD0028 */  addiu   $sp, $sp, 0x0028           ## $sp = 00000000
/* 00F7C 80BD922C 03E00008 */  jr      $ra                        
/* 00F80 80BD9230 00000000 */  nop


glabel func_80BD9234
/* 00F84 80BD9234 27BDFFD0 */  addiu   $sp, $sp, 0xFFD0           ## $sp = FFFFFFD0
/* 00F88 80BD9238 AFB10024 */  sw      $s1, 0x0024($sp)           
/* 00F8C 80BD923C 00808825 */  or      $s1, $a0, $zero            ## $s1 = 00000000
/* 00F90 80BD9240 AFBF002C */  sw      $ra, 0x002C($sp)           
/* 00F94 80BD9244 AFB20028 */  sw      $s2, 0x0028($sp)           
/* 00F98 80BD9248 AFB00020 */  sw      $s0, 0x0020($sp)           
/* 00F9C 80BD924C F7B40018 */  sdc1    $f20, 0x0018($sp)          
/* 00FA0 80BD9250 8CB01CD8 */  lw      $s0, 0x1CD8($a1)           ## 00001CD8
/* 00FA4 80BD9254 3C0143FA */  lui     $at, 0x43FA                ## $at = 43FA0000
/* 00FA8 80BD9258 52000016 */  beql    $s0, $zero, .L80BD92B4     
/* 00FAC 80BD925C 00001025 */  or      $v0, $zero, $zero          ## $v0 = 00000000
/* 00FB0 80BD9260 4481A000 */  mtc1    $at, $f20                  ## $f20 = 500.00
/* 00FB4 80BD9264 24120009 */  addiu   $s2, $zero, 0x0009         ## $s2 = 00000009
/* 00FB8 80BD9268 860E0000 */  lh      $t6, 0x0000($s0)           ## 00000000
.L80BD926C:
/* 00FBC 80BD926C 26240024 */  addiu   $a0, $s1, 0x0024           ## $a0 = 00000024
/* 00FC0 80BD9270 564E000D */  bnel    $s2, $t6, .L80BD92A8       
/* 00FC4 80BD9274 8E10012C */  lw      $s0, 0x012C($s0)           ## 0000012C
/* 00FC8 80BD9278 0C03FE4B */  jal     func_800FF92C              
/* 00FCC 80BD927C 26050024 */  addiu   $a1, $s0, 0x0024           ## $a1 = 00000024
/* 00FD0 80BD9280 4614003C */  c.lt.s  $f0, $f20                  
/* 00FD4 80BD9284 00000000 */  nop
/* 00FD8 80BD9288 45020007 */  bc1fl   .L80BD92A8                 
/* 00FDC 80BD928C 8E10012C */  lw      $s0, 0x012C($s0)           ## 0000012C
/* 00FE0 80BD9290 860F01F0 */  lh      $t7, 0x01F0($s0)           ## 000001F0
/* 00FE4 80BD9294 55E00004 */  bnel    $t7, $zero, .L80BD92A8     
/* 00FE8 80BD9298 8E10012C */  lw      $s0, 0x012C($s0)           ## 0000012C
/* 00FEC 80BD929C 10000005 */  beq     $zero, $zero, .L80BD92B4   
/* 00FF0 80BD92A0 24020001 */  addiu   $v0, $zero, 0x0001         ## $v0 = 00000001
/* 00FF4 80BD92A4 8E10012C */  lw      $s0, 0x012C($s0)           ## 0000012C
.L80BD92A8:
/* 00FF8 80BD92A8 5600FFF0 */  bnel    $s0, $zero, .L80BD926C     
/* 00FFC 80BD92AC 860E0000 */  lh      $t6, 0x0000($s0)           ## 00000000
/* 01000 80BD92B0 00001025 */  or      $v0, $zero, $zero          ## $v0 = 00000000
.L80BD92B4:
/* 01004 80BD92B4 8FBF002C */  lw      $ra, 0x002C($sp)           
/* 01008 80BD92B8 D7B40018 */  ldc1    $f20, 0x0018($sp)          
/* 0100C 80BD92BC 8FB00020 */  lw      $s0, 0x0020($sp)           
/* 01010 80BD92C0 8FB10024 */  lw      $s1, 0x0024($sp)           
/* 01014 80BD92C4 8FB20028 */  lw      $s2, 0x0028($sp)           
/* 01018 80BD92C8 03E00008 */  jr      $ra                        
/* 0101C 80BD92CC 27BD0030 */  addiu   $sp, $sp, 0x0030           ## $sp = 00000000


glabel func_80BD92D0
/* 01020 80BD92D0 27BDFFE0 */  addiu   $sp, $sp, 0xFFE0           ## $sp = FFFFFFE0
/* 01024 80BD92D4 AFBF0014 */  sw      $ra, 0x0014($sp)           
/* 01028 80BD92D8 00803025 */  or      $a2, $a0, $zero            ## $a2 = 00000000
/* 0102C 80BD92DC 8CC201E8 */  lw      $v0, 0x01E8($a2)           ## 000001E8
/* 01030 80BD92E0 3C0E0002 */  lui     $t6, 0x0002                ## $t6 = 00020000
/* 01034 80BD92E4 01C57021 */  addu    $t6, $t6, $a1              
/* 01038 80BD92E8 8DCE8864 */  lw      $t6, -0x779C($t6)          ## 00018864
/* 0103C 80BD92EC 000278C0 */  sll     $t7, $v0,  3               
/* 01040 80BD92F0 0440000D */  bltz    $v0, .L80BD9328            
/* 01044 80BD92F4 01CF1821 */  addu    $v1, $t6, $t7              
/* 01048 80BD92F8 8C640004 */  lw      $a0, 0x0004($v1)           ## 00000004
/* 0104C 80BD92FC AFA60020 */  sw      $a2, 0x0020($sp)           
/* 01050 80BD9300 0C040141 */  jal     func_80100504              
/* 01054 80BD9304 AFA3001C */  sw      $v1, 0x001C($sp)           
/* 01058 80BD9308 8FA60020 */  lw      $a2, 0x0020($sp)           
/* 0105C 80BD930C 8FA3001C */  lw      $v1, 0x001C($sp)           
/* 01060 80BD9310 ACC201DC */  sw      $v0, 0x01DC($a2)           ## 000001DC
/* 01064 80BD9314 ACC001E0 */  sw      $zero, 0x01E0($a2)         ## 000001E0
/* 01068 80BD9318 90780000 */  lbu     $t8, 0x0000($v1)           ## 00000000
/* 0106C 80BD931C ACD801E4 */  sw      $t8, 0x01E4($a2)           ## 000001E4
/* 01070 80BD9320 90790001 */  lbu     $t9, 0x0001($v1)           ## 00000001
/* 01074 80BD9324 ACD901E8 */  sw      $t9, 0x01E8($a2)           ## 000001E8
.L80BD9328:
/* 01078 80BD9328 8FBF0014 */  lw      $ra, 0x0014($sp)           
/* 0107C 80BD932C 27BD0020 */  addiu   $sp, $sp, 0x0020           ## $sp = 00000000
/* 01080 80BD9330 03E00008 */  jr      $ra                        
/* 01084 80BD9334 00000000 */  nop


glabel func_80BD9338
/* 01088 80BD9338 27BDFFE8 */  addiu   $sp, $sp, 0xFFE8           ## $sp = FFFFFFE8
/* 0108C 80BD933C AFBF0014 */  sw      $ra, 0x0014($sp)           
/* 01090 80BD9340 AFA40018 */  sw      $a0, 0x0018($sp)           
/* 01094 80BD9344 0C2F613C */  jal     func_80BD84F0              
/* 01098 80BD9348 8FA40018 */  lw      $a0, 0x0018($sp)           
/* 0109C 80BD934C 8FAE0018 */  lw      $t6, 0x0018($sp)           
/* 010A0 80BD9350 8DC20124 */  lw      $v0, 0x0124($t6)           ## 00000124
/* 010A4 80BD9354 50400008 */  beql    $v0, $zero, .L80BD9378     
/* 010A8 80BD9358 8FBF0014 */  lw      $ra, 0x0014($sp)           
/* 010AC 80BD935C 844F0000 */  lh      $t7, 0x0000($v0)           ## 00000000
/* 010B0 80BD9360 24010005 */  addiu   $at, $zero, 0x0005         ## $at = 00000005
/* 010B4 80BD9364 2418FFCE */  addiu   $t8, $zero, 0xFFCE         ## $t8 = FFFFFFCE
/* 010B8 80BD9368 55E10003 */  bnel    $t7, $at, .L80BD9378       
/* 010BC 80BD936C 8FBF0014 */  lw      $ra, 0x0014($sp)           
/* 010C0 80BD9370 A05801A7 */  sb      $t8, 0x01A7($v0)           ## 000001A7
/* 010C4 80BD9374 8FBF0014 */  lw      $ra, 0x0014($sp)           
.L80BD9378:
/* 010C8 80BD9378 27BD0018 */  addiu   $sp, $sp, 0x0018           ## $sp = 00000000
/* 010CC 80BD937C 03E00008 */  jr      $ra                        
/* 010D0 80BD9380 00000000 */  nop


glabel func_80BD9384
/* 010D4 80BD9384 AFA50004 */  sw      $a1, 0x0004($sp)           
/* 010D8 80BD9388 84820316 */  lh      $v0, 0x0316($a0)           ## 00000316
/* 010DC 80BD938C 28410028 */  slti    $at, $v0, 0x0028           
/* 010E0 80BD9390 10200003 */  beq     $at, $zero, .L80BD93A0     
/* 010E4 80BD9394 244E0001 */  addiu   $t6, $v0, 0x0001           ## $t6 = 00000001
/* 010E8 80BD9398 03E00008 */  jr      $ra                        
/* 010EC 80BD939C A48E0316 */  sh      $t6, 0x0316($a0)           ## 00000316
.L80BD93A0:
/* 010F0 80BD93A0 848F0312 */  lh      $t7, 0x0312($a0)           ## 00000312
/* 010F4 80BD93A4 25F80001 */  addiu   $t8, $t7, 0x0001           ## $t8 = 00000001
/* 010F8 80BD93A8 A4980312 */  sh      $t8, 0x0312($a0)           ## 00000312
/* 010FC 80BD93AC 84990312 */  lh      $t9, 0x0312($a0)           ## 00000312
/* 01100 80BD93B0 2B210003 */  slti    $at, $t9, 0x0003           
/* 01104 80BD93B4 14200003 */  bne     $at, $zero, .L80BD93C4     
/* 01108 80BD93B8 00000000 */  nop
/* 0110C 80BD93BC A4800312 */  sh      $zero, 0x0312($a0)         ## 00000312
/* 01110 80BD93C0 A4800316 */  sh      $zero, 0x0316($a0)         ## 00000316
.L80BD93C4:
/* 01114 80BD93C4 03E00008 */  jr      $ra                        
/* 01118 80BD93C8 00000000 */  nop


glabel func_80BD93CC
/* 0111C 80BD93CC AFA50004 */  sw      $a1, 0x0004($sp)           
/* 01120 80BD93D0 AFA60008 */  sw      $a2, 0x0008($sp)           
/* 01124 80BD93D4 00063400 */  sll     $a2, $a2, 16               
/* 01128 80BD93D8 00052C00 */  sll     $a1, $a1, 16               
/* 0112C 80BD93DC 00052C03 */  sra     $a1, $a1, 16               
/* 01130 80BD93E0 00063403 */  sra     $a2, $a2, 16               
/* 01134 80BD93E4 A4850310 */  sh      $a1, 0x0310($a0)           ## 00000310
/* 01138 80BD93E8 A4860314 */  sh      $a2, 0x0314($a0)           ## 00000314
/* 0113C 80BD93EC 03E00008 */  jr      $ra                        
/* 01140 80BD93F0 00000000 */  nop


glabel func_80BD93F4
/* 01144 80BD93F4 27BDFFE0 */  addiu   $sp, $sp, 0xFFE0           ## $sp = FFFFFFE0
/* 01148 80BD93F8 AFBF0014 */  sw      $ra, 0x0014($sp)           
/* 0114C 80BD93FC AFA50024 */  sw      $a1, 0x0024($sp)           
/* 01150 80BD9400 00803025 */  or      $a2, $a0, $zero            ## $a2 = 00000000
/* 01154 80BD9404 8CC201D4 */  lw      $v0, 0x01D4($a2)           ## 000001D4
/* 01158 80BD9408 3C0E80BE */  lui     $t6, %hi(func_80BD8B70)    ## $t6 = 80BE0000
/* 0115C 80BD940C 25CE8B70 */  addiu   $t6, $t6, %lo(func_80BD8B70) ## $t6 = 80BD8B70
/* 01160 80BD9410 11C2000A */  beq     $t6, $v0, .L80BD943C       
/* 01164 80BD9414 3C0F80BE */  lui     $t7, %hi(func_80BD8DB0)    ## $t7 = 80BE0000
/* 01168 80BD9418 25EF8DB0 */  addiu   $t7, $t7, %lo(func_80BD8DB0) ## $t7 = 80BD8DB0
/* 0116C 80BD941C 11E20007 */  beq     $t7, $v0, .L80BD943C       
/* 01170 80BD9420 3C1880BE */  lui     $t8, %hi(func_80BD8964)    ## $t8 = 80BE0000
/* 01174 80BD9424 27188964 */  addiu   $t8, $t8, %lo(func_80BD8964) ## $t8 = 80BD8964
/* 01178 80BD9428 13020004 */  beq     $t8, $v0, .L80BD943C       
/* 0117C 80BD942C 3C1980BE */  lui     $t9, %hi(func_80BD8A7C)    ## $t9 = 80BE0000
/* 01180 80BD9430 27398A7C */  addiu   $t9, $t9, %lo(func_80BD8A7C) ## $t9 = 80BD8A7C
/* 01184 80BD9434 57220027 */  bnel    $t9, $v0, .L80BD94D4       
/* 01188 80BD9438 8FBF0014 */  lw      $ra, 0x0014($sp)           
.L80BD943C:
/* 0118C 80BD943C 8CC20198 */  lw      $v0, 0x0198($a2)           ## 00000198
/* 01190 80BD9440 3C080601 */  lui     $t0, 0x0601                ## $t0 = 06010000
/* 01194 80BD9444 25088AE0 */  addiu   $t0, $t0, 0x8AE0           ## $t0 = 06008AE0
/* 01198 80BD9448 15020011 */  bne     $t0, $v0, .L80BD9490       
/* 0119C 80BD944C 3C090601 */  lui     $t1, 0x0601                ## $t1 = 06010000
/* 011A0 80BD9450 24C40190 */  addiu   $a0, $a2, 0x0190           ## $a0 = 00000190
/* 011A4 80BD9454 AFA4001C */  sw      $a0, 0x001C($sp)           
/* 011A8 80BD9458 3C054110 */  lui     $a1, 0x4110                ## $a1 = 41100000
/* 011AC 80BD945C 0C04DE2E */  jal     func_801378B8              
/* 011B0 80BD9460 AFA60020 */  sw      $a2, 0x0020($sp)           
/* 011B4 80BD9464 14400005 */  bne     $v0, $zero, .L80BD947C     
/* 011B8 80BD9468 8FA4001C */  lw      $a0, 0x001C($sp)           
/* 011BC 80BD946C 0C04DE2E */  jal     func_801378B8              
/* 011C0 80BD9470 3C054190 */  lui     $a1, 0x4190                ## $a1 = 41900000
/* 011C4 80BD9474 50400017 */  beql    $v0, $zero, .L80BD94D4     
/* 011C8 80BD9478 8FBF0014 */  lw      $ra, 0x0014($sp)           
.L80BD947C:
/* 011CC 80BD947C 8FA40020 */  lw      $a0, 0x0020($sp)           
/* 011D0 80BD9480 0C02E3B2 */  jal     func_800B8EC8              
/* 011D4 80BD9484 2405298B */  addiu   $a1, $zero, 0x298B         ## $a1 = 0000298B
/* 011D8 80BD9488 10000012 */  beq     $zero, $zero, .L80BD94D4   
/* 011DC 80BD948C 8FBF0014 */  lw      $ra, 0x0014($sp)           
.L80BD9490:
/* 011E0 80BD9490 25298E38 */  addiu   $t1, $t1, 0x8E38           ## $t1 = FFFF8E38
/* 011E4 80BD9494 1522000E */  bne     $t1, $v0, .L80BD94D0       
/* 011E8 80BD9498 24C40190 */  addiu   $a0, $a2, 0x0190           ## $a0 = 00000190
/* 011EC 80BD949C 3C054000 */  lui     $a1, 0x4000                ## $a1 = 40000000
/* 011F0 80BD94A0 AFA4001C */  sw      $a0, 0x001C($sp)           
/* 011F4 80BD94A4 0C04DE2E */  jal     func_801378B8              
/* 011F8 80BD94A8 AFA60020 */  sw      $a2, 0x0020($sp)           
/* 011FC 80BD94AC 14400005 */  bne     $v0, $zero, .L80BD94C4     
/* 01200 80BD94B0 8FA4001C */  lw      $a0, 0x001C($sp)           
/* 01204 80BD94B4 0C04DE2E */  jal     func_801378B8              
/* 01208 80BD94B8 3C0540C0 */  lui     $a1, 0x40C0                ## $a1 = 40C00000
/* 0120C 80BD94BC 50400005 */  beql    $v0, $zero, .L80BD94D4     
/* 01210 80BD94C0 8FBF0014 */  lw      $ra, 0x0014($sp)           
.L80BD94C4:
/* 01214 80BD94C4 8FA40020 */  lw      $a0, 0x0020($sp)           
/* 01218 80BD94C8 0C02E3B2 */  jal     func_800B8EC8              
/* 0121C 80BD94CC 2405298B */  addiu   $a1, $zero, 0x298B         ## $a1 = 0000298B
.L80BD94D0:
/* 01220 80BD94D0 8FBF0014 */  lw      $ra, 0x0014($sp)           
.L80BD94D4:
/* 01224 80BD94D4 27BD0020 */  addiu   $sp, $sp, 0x0020           ## $sp = 00000000
/* 01228 80BD94D8 03E00008 */  jr      $ra                        
/* 0122C 80BD94DC 00000000 */  nop


glabel func_80BD94E0
/* 01230 80BD94E0 27BDFFD0 */  addiu   $sp, $sp, 0xFFD0           ## $sp = FFFFFFD0
/* 01234 80BD94E4 AFB00028 */  sw      $s0, 0x0028($sp)           
/* 01238 80BD94E8 00808025 */  or      $s0, $a0, $zero            ## $s0 = 00000000
/* 0123C 80BD94EC AFBF002C */  sw      $ra, 0x002C($sp)           
/* 01240 80BD94F0 AFA50034 */  sw      $a1, 0x0034($sp)           
/* 01244 80BD94F4 8E0201D4 */  lw      $v0, 0x01D4($s0)           ## 000001D4
/* 01248 80BD94F8 3C0E80BE */  lui     $t6, %hi(func_80BD8B70)    ## $t6 = 80BE0000
/* 0124C 80BD94FC 25CE8B70 */  addiu   $t6, $t6, %lo(func_80BD8B70) ## $t6 = 80BD8B70
/* 01250 80BD9500 11C20020 */  beq     $t6, $v0, .L80BD9584       
/* 01254 80BD9504 3C0F80BE */  lui     $t7, %hi(func_80BD8964)    ## $t7 = 80BE0000
/* 01258 80BD9508 25EF8964 */  addiu   $t7, $t7, %lo(func_80BD8964) ## $t7 = 80BD8964
/* 0125C 80BD950C 11E2001D */  beq     $t7, $v0, .L80BD9584       
/* 01260 80BD9510 3C1880BE */  lui     $t8, %hi(func_80BD909C)    ## $t8 = 80BE0000
/* 01264 80BD9514 2718909C */  addiu   $t8, $t8, %lo(func_80BD909C) ## $t8 = 80BD909C
/* 01268 80BD9518 1302001A */  beq     $t8, $v0, .L80BD9584       
/* 0126C 80BD951C 3C1980BE */  lui     $t9, %hi(func_80BD8D1C)    ## $t9 = 80BE0000
/* 01270 80BD9520 27398D1C */  addiu   $t9, $t9, %lo(func_80BD8D1C) ## $t9 = 80BD8D1C
/* 01274 80BD9524 13220017 */  beq     $t9, $v0, .L80BD9584       
/* 01278 80BD9528 3C0880BE */  lui     $t0, %hi(func_80BD8DB0)    ## $t0 = 80BE0000
/* 0127C 80BD952C 25088DB0 */  addiu   $t0, $t0, %lo(func_80BD8DB0) ## $t0 = 80BD8DB0
/* 01280 80BD9530 15020007 */  bne     $t0, $v0, .L80BD9550       
/* 01284 80BD9534 3C014040 */  lui     $at, 0x4040                ## $at = 40400000
/* 01288 80BD9538 44812000 */  mtc1    $at, $f4                   ## $f4 = 3.00
/* 0128C 80BD953C C6060070 */  lwc1    $f6, 0x0070($s0)           ## 00000070
/* 01290 80BD9540 46062032 */  c.eq.s  $f4, $f6                   
/* 01294 80BD9544 00000000 */  nop
/* 01298 80BD9548 4502000F */  bc1fl   .L80BD9588                 
/* 0129C 80BD954C 26040304 */  addiu   $a0, $s0, 0x0304           ## $a0 = 00000304
.L80BD9550:
/* 012A0 80BD9550 8E0A003C */  lw      $t2, 0x003C($s0)           ## 0000003C
/* 012A4 80BD9554 8FA40034 */  lw      $a0, 0x0034($sp)           
/* 012A8 80BD9558 02002825 */  or      $a1, $s0, $zero            ## $a1 = 00000000
/* 012AC 80BD955C AFAA0010 */  sw      $t2, 0x0010($sp)           
/* 012B0 80BD9560 8E090040 */  lw      $t1, 0x0040($s0)           ## 00000040
/* 012B4 80BD9564 26060304 */  addiu   $a2, $s0, 0x0304           ## $a2 = 00000304
/* 012B8 80BD9568 2607030A */  addiu   $a3, $s0, 0x030A           ## $a3 = 0000030A
/* 012BC 80BD956C AFA90014 */  sw      $t1, 0x0014($sp)           
/* 012C0 80BD9570 8E0A0044 */  lw      $t2, 0x0044($s0)           ## 00000044
/* 012C4 80BD9574 0C03A494 */  jal     func_800E9250              
/* 012C8 80BD9578 AFAA0018 */  sw      $t2, 0x0018($sp)           
/* 012CC 80BD957C 10000005 */  beq     $zero, $zero, .L80BD9594   
/* 012D0 80BD9580 8FBF002C */  lw      $ra, 0x002C($sp)           
.L80BD9584:
/* 012D4 80BD9584 26040304 */  addiu   $a0, $s0, 0x0304           ## $a0 = 00000304
.L80BD9588:
/* 012D8 80BD9588 0C03A3C2 */  jal     func_800E8F08              
/* 012DC 80BD958C 2605030A */  addiu   $a1, $s0, 0x030A           ## $a1 = 0000030A
/* 012E0 80BD9590 8FBF002C */  lw      $ra, 0x002C($sp)           
.L80BD9594:
/* 012E4 80BD9594 8FB00028 */  lw      $s0, 0x0028($sp)           
/* 012E8 80BD9598 27BD0030 */  addiu   $sp, $sp, 0x0030           ## $sp = 00000000
/* 012EC 80BD959C 03E00008 */  jr      $ra                        
/* 012F0 80BD95A0 00000000 */  nop


glabel func_80BD95A4
/* 012F4 80BD95A4 27BDFFD0 */  addiu   $sp, $sp, 0xFFD0           ## $sp = FFFFFFD0
/* 012F8 80BD95A8 AFB10018 */  sw      $s1, 0x0018($sp)           
/* 012FC 80BD95AC AFB00014 */  sw      $s0, 0x0014($sp)           
/* 01300 80BD95B0 00808025 */  or      $s0, $a0, $zero            ## $s0 = 00000000
/* 01304 80BD95B4 00A08825 */  or      $s1, $a1, $zero            ## $s1 = 00000000
/* 01308 80BD95B8 AFBF001C */  sw      $ra, 0x001C($sp)           
/* 0130C 80BD95BC 8E1901D4 */  lw      $t9, 0x01D4($s0)           ## 000001D4
/* 01310 80BD95C0 02002025 */  or      $a0, $s0, $zero            ## $a0 = 00000000
/* 01314 80BD95C4 02202825 */  or      $a1, $s1, $zero            ## $a1 = 00000000
/* 01318 80BD95C8 0320F809 */  jalr    $ra, $t9                   
/* 0131C 80BD95CC 00000000 */  nop
/* 01320 80BD95D0 0C04DB34 */  jal     func_80136CD0              
/* 01324 80BD95D4 26040190 */  addiu   $a0, $s0, 0x0190           ## $a0 = 00000190
/* 01328 80BD95D8 02002025 */  or      $a0, $s0, $zero            ## $a0 = 00000000
/* 0132C 80BD95DC 0C2F642B */  jal     func_80BD90AC              
/* 01330 80BD95E0 02202825 */  or      $a1, $s1, $zero            ## $a1 = 00000000
/* 01334 80BD95E4 02002025 */  or      $a0, $s0, $zero            ## $a0 = 00000000
/* 01338 80BD95E8 0C2F64E1 */  jal     func_80BD9384              
/* 0133C 80BD95EC 02202825 */  or      $a1, $s1, $zero            ## $a1 = 00000000
/* 01340 80BD95F0 02002025 */  or      $a0, $s0, $zero            ## $a0 = 00000000
/* 01344 80BD95F4 0C2F6538 */  jal     func_80BD94E0              
/* 01348 80BD95F8 02202825 */  or      $a1, $s1, $zero            ## $a1 = 00000000
/* 0134C 80BD95FC 26060144 */  addiu   $a2, $s0, 0x0144           ## $a2 = 00000144
/* 01350 80BD9600 00C02825 */  or      $a1, $a2, $zero            ## $a1 = 00000144
/* 01354 80BD9604 AFA60024 */  sw      $a2, 0x0024($sp)           
/* 01358 80BD9608 0C039F7E */  jal     func_800E7DF8              
/* 0135C 80BD960C 02002025 */  or      $a0, $s0, $zero            ## $a0 = 00000000
/* 01360 80BD9610 3C010001 */  lui     $at, 0x0001                ## $at = 00010000
/* 01364 80BD9614 34218884 */  ori     $at, $at, 0x8884           ## $at = 00018884
/* 01368 80BD9618 8FA60024 */  lw      $a2, 0x0024($sp)           
/* 0136C 80BD961C 02212821 */  addu    $a1, $s1, $at              
/* 01370 80BD9620 0C038A4A */  jal     func_800E2928              
/* 01374 80BD9624 02202025 */  or      $a0, $s1, $zero            ## $a0 = 00000000
/* 01378 80BD9628 02002025 */  or      $a0, $s0, $zero            ## $a0 = 00000000
/* 0137C 80BD962C 0C2F64FD */  jal     func_80BD93F4              
/* 01380 80BD9630 02202825 */  or      $a1, $s1, $zero            ## $a1 = 00000000
/* 01384 80BD9634 8FBF001C */  lw      $ra, 0x001C($sp)           
/* 01388 80BD9638 8FB00014 */  lw      $s0, 0x0014($sp)           
/* 0138C 80BD963C 8FB10018 */  lw      $s1, 0x0018($sp)           
/* 01390 80BD9640 03E00008 */  jr      $ra                        
/* 01394 80BD9644 27BD0030 */  addiu   $sp, $sp, 0x0030           ## $sp = 00000000


glabel func_80BD9648
/* 01398 80BD9648 AFA40000 */  sw      $a0, 0x0000($sp)           
/* 0139C 80BD964C AFA60008 */  sw      $a2, 0x0008($sp)           
/* 013A0 80BD9650 AFA7000C */  sw      $a3, 0x000C($sp)           
/* 013A4 80BD9654 24010009 */  addiu   $at, $zero, 0x0009         ## $at = 00000009
/* 013A8 80BD9658 14A1000A */  bne     $a1, $at, .L80BD9684       
/* 013AC 80BD965C 8FA20014 */  lw      $v0, 0x0014($sp)           
/* 013B0 80BD9660 8FA30010 */  lw      $v1, 0x0010($sp)           
/* 013B4 80BD9664 844F0306 */  lh      $t7, 0x0306($v0)           ## 00000306
/* 013B8 80BD9668 846E0000 */  lh      $t6, 0x0000($v1)           ## 00000000
/* 013BC 80BD966C 84790004 */  lh      $t9, 0x0004($v1)           ## 00000004
/* 013C0 80BD9670 01CFC021 */  addu    $t8, $t6, $t7              
/* 013C4 80BD9674 A4780000 */  sh      $t8, 0x0000($v1)           ## 00000000
/* 013C8 80BD9678 84480304 */  lh      $t0, 0x0304($v0)           ## 00000304
/* 013CC 80BD967C 03284821 */  addu    $t1, $t9, $t0              
/* 013D0 80BD9680 A4690004 */  sh      $t1, 0x0004($v1)           ## 00000004
.L80BD9684:
/* 013D4 80BD9684 00001025 */  or      $v0, $zero, $zero          ## $v0 = 00000000
/* 013D8 80BD9688 03E00008 */  jr      $ra                        
/* 013DC 80BD968C 00000000 */  nop


glabel func_80BD9690
/* 013E0 80BD9690 27BDFFE8 */  addiu   $sp, $sp, 0xFFE8           ## $sp = FFFFFFE8
/* 013E4 80BD9694 AFBF0014 */  sw      $ra, 0x0014($sp)           
/* 013E8 80BD9698 AFA40018 */  sw      $a0, 0x0018($sp)           
/* 013EC 80BD969C AFA60020 */  sw      $a2, 0x0020($sp)           
/* 013F0 80BD96A0 AFA70024 */  sw      $a3, 0x0024($sp)           
/* 013F4 80BD96A4 24010009 */  addiu   $at, $zero, 0x0009         ## $at = 00000009
/* 013F8 80BD96A8 14A10005 */  bne     $a1, $at, .L80BD96C0       
/* 013FC 80BD96AC 3C0480BE */  lui     $a0, %hi(D_80BDA5F0)       ## $a0 = 80BE0000
/* 01400 80BD96B0 8FA50028 */  lw      $a1, 0x0028($sp)           
/* 01404 80BD96B4 2484A5F0 */  addiu   $a0, $a0, %lo(D_80BDA5F0)  ## $a0 = 80BDA5F0
/* 01408 80BD96B8 0C0606A6 */  jal     func_80181A98              
/* 0140C 80BD96BC 24A5003C */  addiu   $a1, $a1, 0x003C           ## $a1 = 0000003C
.L80BD96C0:
/* 01410 80BD96C0 8FBF0014 */  lw      $ra, 0x0014($sp)           
/* 01414 80BD96C4 27BD0018 */  addiu   $sp, $sp, 0x0018           ## $sp = 00000000
/* 01418 80BD96C8 03E00008 */  jr      $ra                        
/* 0141C 80BD96CC 00000000 */  nop


glabel func_80BD96D0
/* 01420 80BD96D0 27BDFFC8 */  addiu   $sp, $sp, 0xFFC8           ## $sp = FFFFFFC8
/* 01424 80BD96D4 AFB00028 */  sw      $s0, 0x0028($sp)           
/* 01428 80BD96D8 00808025 */  or      $s0, $a0, $zero            ## $s0 = 00000000
/* 0142C 80BD96DC AFBF002C */  sw      $ra, 0x002C($sp)           
/* 01430 80BD96E0 AFA5003C */  sw      $a1, 0x003C($sp)           
/* 01434 80BD96E4 8FAE003C */  lw      $t6, 0x003C($sp)           
/* 01438 80BD96E8 8DC40000 */  lw      $a0, 0x0000($t6)           ## 00000000
/* 0143C 80BD96EC 0C04B0A3 */  jal     func_8012C28C              
/* 01440 80BD96F0 AFA40030 */  sw      $a0, 0x0030($sp)           
/* 01444 80BD96F4 3C0500FF */  lui     $a1, 0x00FF                ## $a1 = 00FF0000
/* 01448 80BD96F8 3C078020 */  lui     $a3, 0x8020                ## $a3 = 80200000
/* 0144C 80BD96FC 8FA60030 */  lw      $a2, 0x0030($sp)           
/* 01450 80BD9700 24E78180 */  addiu   $a3, $a3, 0x8180           ## $a3 = 801F8180
/* 01454 80BD9704 34A5FFFF */  ori     $a1, $a1, 0xFFFF           ## $a1 = 00FFFFFF
/* 01458 80BD9708 3C088000 */  lui     $t0, 0x8000                ## $t0 = 80000000
/* 0145C 80BD970C 8CC202B0 */  lw      $v0, 0x02B0($a2)           ## 000002B0
/* 01460 80BD9710 3C18DB06 */  lui     $t8, 0xDB06                ## $t8 = DB060000
/* 01464 80BD9714 37180020 */  ori     $t8, $t8, 0x0020           ## $t8 = DB060020
/* 01468 80BD9718 244F0008 */  addiu   $t7, $v0, 0x0008           ## $t7 = 00000008
/* 0146C 80BD971C ACCF02B0 */  sw      $t7, 0x02B0($a2)           ## 000002B0
/* 01470 80BD9720 AC580000 */  sw      $t8, 0x0000($v0)           ## 00000000
/* 01474 80BD9724 86190312 */  lh      $t9, 0x0312($s0)           ## 00000312
/* 01478 80BD9728 3C0480BE */  lui     $a0, %hi(D_80BDA604)       ## $a0 = 80BE0000
/* 0147C 80BD972C 00194880 */  sll     $t1, $t9,  2               
/* 01480 80BD9730 00892021 */  addu    $a0, $a0, $t1              
/* 01484 80BD9734 8C84A604 */  lw      $a0, %lo(D_80BDA604)($a0)  
/* 01488 80BD9738 00045900 */  sll     $t3, $a0,  4               
/* 0148C 80BD973C 000B6702 */  srl     $t4, $t3, 28               
/* 01490 80BD9740 000C6880 */  sll     $t5, $t4,  2               
/* 01494 80BD9744 00ED7021 */  addu    $t6, $a3, $t5              
/* 01498 80BD9748 8DCF0000 */  lw      $t7, 0x0000($t6)           ## 00000000
/* 0149C 80BD974C 00855024 */  and     $t2, $a0, $a1              
/* 014A0 80BD9750 014FC021 */  addu    $t8, $t2, $t7              
/* 014A4 80BD9754 0308C821 */  addu    $t9, $t8, $t0              
/* 014A8 80BD9758 AC590004 */  sw      $t9, 0x0004($v0)           ## 00000004
/* 014AC 80BD975C 8CC202B0 */  lw      $v0, 0x02B0($a2)           ## 000002B0
/* 014B0 80BD9760 3C0BDB06 */  lui     $t3, 0xDB06                ## $t3 = DB060000
/* 014B4 80BD9764 356B0024 */  ori     $t3, $t3, 0x0024           ## $t3 = DB060024
/* 014B8 80BD9768 24490008 */  addiu   $t1, $v0, 0x0008           ## $t1 = 00000008
/* 014BC 80BD976C ACC902B0 */  sw      $t1, 0x02B0($a2)           ## 000002B0
/* 014C0 80BD9770 AC4B0000 */  sw      $t3, 0x0000($v0)           ## 00000000
/* 014C4 80BD9774 860C0314 */  lh      $t4, 0x0314($s0)           ## 00000314
/* 014C8 80BD9778 3C0480BE */  lui     $a0, %hi(D_80BDA610)       ## $a0 = 80BE0000
/* 014CC 80BD977C 000C6880 */  sll     $t5, $t4,  2               
/* 014D0 80BD9780 008D2021 */  addu    $a0, $a0, $t5              
/* 014D4 80BD9784 8C84A610 */  lw      $a0, %lo(D_80BDA610)($a0)  
/* 014D8 80BD9788 00045100 */  sll     $t2, $a0,  4               
/* 014DC 80BD978C 000A7F02 */  srl     $t7, $t2, 28               
/* 014E0 80BD9790 000FC080 */  sll     $t8, $t7,  2               
/* 014E4 80BD9794 00F8C821 */  addu    $t9, $a3, $t8              
/* 014E8 80BD9798 8F290000 */  lw      $t1, 0x0000($t9)           ## 00000000
/* 014EC 80BD979C 00857024 */  and     $t6, $a0, $a1              
/* 014F0 80BD97A0 01C95821 */  addu    $t3, $t6, $t1              
/* 014F4 80BD97A4 01686021 */  addu    $t4, $t3, $t0              
/* 014F8 80BD97A8 AC4C0004 */  sw      $t4, 0x0004($v0)           ## 00000004
/* 014FC 80BD97AC 8CC202B0 */  lw      $v0, 0x02B0($a2)           ## 000002B0
/* 01500 80BD97B0 3C0ADB06 */  lui     $t2, 0xDB06                ## $t2 = DB060000
/* 01504 80BD97B4 354A0028 */  ori     $t2, $t2, 0x0028           ## $t2 = DB060028
/* 01508 80BD97B8 244D0008 */  addiu   $t5, $v0, 0x0008           ## $t5 = 00000008
/* 0150C 80BD97BC ACCD02B0 */  sw      $t5, 0x02B0($a2)           ## 000002B0
/* 01510 80BD97C0 AC4A0000 */  sw      $t2, 0x0000($v0)           ## 00000000
/* 01514 80BD97C4 860F0310 */  lh      $t7, 0x0310($s0)           ## 00000310
/* 01518 80BD97C8 3C0480BE */  lui     $a0, %hi(D_80BDA5FC)       ## $a0 = 80BE0000
/* 0151C 80BD97CC 000FC080 */  sll     $t8, $t7,  2               
/* 01520 80BD97D0 00982021 */  addu    $a0, $a0, $t8              
/* 01524 80BD97D4 8C84A5FC */  lw      $a0, %lo(D_80BDA5FC)($a0)  
/* 01528 80BD97D8 3C1880BE */  lui     $t8, %hi(func_80BD9648)    ## $t8 = 80BE0000
/* 0152C 80BD97DC 27189648 */  addiu   $t8, $t8, %lo(func_80BD9648) ## $t8 = 80BD9648
/* 01530 80BD97E0 00047100 */  sll     $t6, $a0,  4               
/* 01534 80BD97E4 000E4F02 */  srl     $t1, $t6, 28               
/* 01538 80BD97E8 00095880 */  sll     $t3, $t1,  2               
/* 0153C 80BD97EC 00EB6021 */  addu    $t4, $a3, $t3              
/* 01540 80BD97F0 8D8D0000 */  lw      $t5, 0x0000($t4)           ## 00000000
/* 01544 80BD97F4 0085C824 */  and     $t9, $a0, $a1              
/* 01548 80BD97F8 3C0E80BE */  lui     $t6, %hi(func_80BD9690)    ## $t6 = 80BE0000
/* 0154C 80BD97FC 032D5021 */  addu    $t2, $t9, $t5              
/* 01550 80BD9800 01487821 */  addu    $t7, $t2, $t0              
/* 01554 80BD9804 AC4F0004 */  sw      $t7, 0x0004($v0)           ## 00000004
/* 01558 80BD9808 8E050194 */  lw      $a1, 0x0194($s0)           ## 00000194
/* 0155C 80BD980C 8E0601B0 */  lw      $a2, 0x01B0($s0)           ## 000001B0
/* 01560 80BD9810 92070192 */  lbu     $a3, 0x0192($s0)           ## 00000192
/* 01564 80BD9814 25CE9690 */  addiu   $t6, $t6, %lo(func_80BD9690) ## $t6 = 80BD9690
/* 01568 80BD9818 AFAE0014 */  sw      $t6, 0x0014($sp)           
/* 0156C 80BD981C AFB00018 */  sw      $s0, 0x0018($sp)           
/* 01570 80BD9820 AFB80010 */  sw      $t8, 0x0010($sp)           
/* 01574 80BD9824 0C04CFCA */  jal     func_80133F28              
/* 01578 80BD9828 8FA4003C */  lw      $a0, 0x003C($sp)           
/* 0157C 80BD982C 8FBF002C */  lw      $ra, 0x002C($sp)           
/* 01580 80BD9830 8FB00028 */  lw      $s0, 0x0028($sp)           
/* 01584 80BD9834 27BD0038 */  addiu   $sp, $sp, 0x0038           ## $sp = 00000000
/* 01588 80BD9838 03E00008 */  jr      $ra                        
/* 0158C 80BD983C 00000000 */  nop


glabel func_80BD9840
/* 01590 80BD9840 27BDFFE8 */  addiu   $sp, $sp, 0xFFE8           ## $sp = FFFFFFE8
/* 01594 80BD9844 3C02801F */  lui     $v0, 0x801F                ## $v0 = 801F0000
/* 01598 80BD9848 2442F670 */  addiu   $v0, $v0, 0xF670           ## $v0 = 801EF670
/* 0159C 80BD984C AFBF0014 */  sw      $ra, 0x0014($sp)           
/* 015A0 80BD9850 AFA5001C */  sw      $a1, 0x001C($sp)           
/* 015A4 80BD9854 8C8F0004 */  lw      $t7, 0x0004($a0)           ## 00000004
/* 015A8 80BD9858 3C010200 */  lui     $at, 0x0200                ## $at = 02000000
/* 015AC 80BD985C 3C0E80BE */  lui     $t6, %hi(func_80BDA344)    ## $t6 = 80BE0000
/* 015B0 80BD9860 01E1C025 */  or      $t8, $t7, $at              ## $t8 = 02000000
/* 015B4 80BD9864 3C010010 */  lui     $at, 0x0010                ## $at = 00100000
/* 015B8 80BD9868 25CEA344 */  addiu   $t6, $t6, %lo(func_80BDA344) ## $t6 = 80BDA344
/* 015BC 80BD986C AC980004 */  sw      $t8, 0x0004($a0)           ## 00000004
/* 015C0 80BD9870 03014025 */  or      $t0, $t8, $at              ## $t0 = 02100000
/* 015C4 80BD9874 AC8E0138 */  sw      $t6, 0x0138($a0)           ## 00000138
/* 015C8 80BD9878 AC880004 */  sw      $t0, 0x0004($a0)           ## 00000004
/* 015CC 80BD987C 90490F43 */  lbu     $t1, 0x0F43($v0)           ## 801F05B3
/* 015D0 80BD9880 312A0020 */  andi    $t2, $t1, 0x0020           ## $t2 = 00000000
/* 015D4 80BD9884 15400005 */  bne     $t2, $zero, .L80BD989C     
/* 015D8 80BD9888 00000000 */  nop
/* 015DC 80BD988C 904B0F2C */  lbu     $t3, 0x0F2C($v0)           ## 801F059C
/* 015E0 80BD9890 316C0020 */  andi    $t4, $t3, 0x0020           ## $t4 = 00000000
/* 015E4 80BD9894 51800008 */  beql    $t4, $zero, .L80BD98B8     
/* 015E8 80BD9898 AC80013C */  sw      $zero, 0x013C($a0)         ## 0000013C
.L80BD989C:
/* 015EC 80BD989C 0C2F6798 */  jal     func_80BD9E60              
/* 015F0 80BD98A0 AFA40018 */  sw      $a0, 0x0018($sp)           
/* 015F4 80BD98A4 0C2F664E */  jal     func_80BD9938              
/* 015F8 80BD98A8 8FA40018 */  lw      $a0, 0x0018($sp)           
/* 015FC 80BD98AC 10000006 */  beq     $zero, $zero, .L80BD98C8   
/* 01600 80BD98B0 00000000 */  nop
/* 01604 80BD98B4 AC80013C */  sw      $zero, 0x013C($a0)         ## 0000013C
.L80BD98B8:
/* 01608 80BD98B8 0C2F6798 */  jal     func_80BD9E60              
/* 0160C 80BD98BC AFA40018 */  sw      $a0, 0x0018($sp)           
/* 01610 80BD98C0 0C2F6641 */  jal     func_80BD9904              
/* 01614 80BD98C4 8FA40018 */  lw      $a0, 0x0018($sp)           
.L80BD98C8:
/* 01618 80BD98C8 3C0D801F */  lui     $t5, 0x801F                ## $t5 = 801F0000
/* 0161C 80BD98CC 91AD0576 */  lbu     $t5, 0x0576($t5)           ## 801F0576
/* 01620 80BD98D0 31AE0004 */  andi    $t6, $t5, 0x0004           ## $t6 = 00000000
/* 01624 80BD98D4 11C00005 */  beq     $t6, $zero, .L80BD98EC     
/* 01628 80BD98D8 00000000 */  nop
/* 0162C 80BD98DC 0C068081 */  jal     func_801A0204              
/* 01630 80BD98E0 24040027 */  addiu   $a0, $zero, 0x0027         ## $a0 = 00000027
/* 01634 80BD98E4 10000004 */  beq     $zero, $zero, .L80BD98F8   
/* 01638 80BD98E8 8FBF0014 */  lw      $ra, 0x0014($sp)           
.L80BD98EC:
/* 0163C 80BD98EC 0C068081 */  jal     func_801A0204              
/* 01640 80BD98F0 2404001F */  addiu   $a0, $zero, 0x001F         ## $a0 = 0000001F
/* 01644 80BD98F4 8FBF0014 */  lw      $ra, 0x0014($sp)           
.L80BD98F8:
/* 01648 80BD98F8 27BD0018 */  addiu   $sp, $sp, 0x0018           ## $sp = 00000000
/* 0164C 80BD98FC 03E00008 */  jr      $ra                        
/* 01650 80BD9900 00000000 */  nop


glabel func_80BD9904
/* 01654 80BD9904 8C8E0004 */  lw      $t6, 0x0004($a0)           ## 00000004
/* 01658 80BD9908 2401FFFE */  addiu   $at, $zero, 0xFFFE         ## $at = FFFFFFFE
/* 0165C 80BD990C 3C1880BE */  lui     $t8, %hi(func_80BD9928)    ## $t8 = 80BE0000
/* 01660 80BD9910 27189928 */  addiu   $t8, $t8, %lo(func_80BD9928) ## $t8 = 80BD9928
/* 01664 80BD9914 01C17824 */  and     $t7, $t6, $at              
/* 01668 80BD9918 AC8F0004 */  sw      $t7, 0x0004($a0)           ## 00000004
/* 0166C 80BD991C AC9801D4 */  sw      $t8, 0x01D4($a0)           ## 000001D4
/* 01670 80BD9920 03E00008 */  jr      $ra                        
/* 01674 80BD9924 00000000 */  nop


glabel func_80BD9928
/* 01678 80BD9928 AFA40000 */  sw      $a0, 0x0000($sp)           
/* 0167C 80BD992C AFA50004 */  sw      $a1, 0x0004($sp)           
/* 01680 80BD9930 03E00008 */  jr      $ra                        
/* 01684 80BD9934 00000000 */  nop


glabel func_80BD9938
/* 01688 80BD9938 3C0E80BE */  lui     $t6, %hi(func_80BD994C)    ## $t6 = 80BE0000
/* 0168C 80BD993C 25CE994C */  addiu   $t6, $t6, %lo(func_80BD994C) ## $t6 = 80BD994C
/* 01690 80BD9940 AC8E01D4 */  sw      $t6, 0x01D4($a0)           ## 000001D4
/* 01694 80BD9944 03E00008 */  jr      $ra                        
/* 01698 80BD9948 00000000 */  nop


glabel func_80BD994C
/* 0169C 80BD994C 27BDFFE0 */  addiu   $sp, $sp, 0xFFE0           ## $sp = FFFFFFE0
/* 016A0 80BD9950 AFB00018 */  sw      $s0, 0x0018($sp)           
/* 016A4 80BD9954 00808025 */  or      $s0, $a0, $zero            ## $s0 = 00000000
/* 016A8 80BD9958 AFBF001C */  sw      $ra, 0x001C($sp)           
/* 016AC 80BD995C 00A03825 */  or      $a3, $a1, $zero            ## $a3 = 00000000
/* 016B0 80BD9960 02002025 */  or      $a0, $s0, $zero            ## $a0 = 00000000
/* 016B4 80BD9964 00E02825 */  or      $a1, $a3, $zero            ## $a1 = 00000000
/* 016B8 80BD9968 0C02E134 */  jal     func_800B84D0              
/* 016BC 80BD996C AFA70024 */  sw      $a3, 0x0024($sp)           
/* 016C0 80BD9970 10400041 */  beq     $v0, $zero, .L80BD9A78     
/* 016C4 80BD9974 8FA70024 */  lw      $a3, 0x0024($sp)           
/* 016C8 80BD9978 00E02025 */  or      $a0, $a3, $zero            ## $a0 = 00000000
/* 016CC 80BD997C 0C04900F */  jal     func_8012403C              
/* 016D0 80BD9980 AFA70024 */  sw      $a3, 0x0024($sp)           
/* 016D4 80BD9984 2401000C */  addiu   $at, $zero, 0x000C         ## $at = 0000000C
/* 016D8 80BD9988 1441000D */  bne     $v0, $at, .L80BD99C0       
/* 016DC 80BD998C 8FA70024 */  lw      $a3, 0x0024($sp)           
/* 016E0 80BD9990 02002025 */  or      $a0, $s0, $zero            ## $a0 = 00000000
/* 016E4 80BD9994 00002825 */  or      $a1, $zero, $zero          ## $a1 = 00000000
/* 016E8 80BD9998 24060001 */  addiu   $a2, $zero, 0x0001         ## $a2 = 00000001
/* 016EC 80BD999C 0C2F64F3 */  jal     func_80BD93CC              
/* 016F0 80BD99A0 AFA70024 */  sw      $a3, 0x0024($sp)           
/* 016F4 80BD99A4 8FA40024 */  lw      $a0, 0x0024($sp)           
/* 016F8 80BD99A8 240515A8 */  addiu   $a1, $zero, 0x15A8         ## $a1 = 000015A8
/* 016FC 80BD99AC 0C05462C */  jal     func_801518B0              
/* 01700 80BD99B0 02003025 */  or      $a2, $s0, $zero            ## $a2 = 00000000
/* 01704 80BD99B4 240E15A8 */  addiu   $t6, $zero, 0x15A8         ## $t6 = 000015A8
/* 01708 80BD99B8 1000002B */  beq     $zero, $zero, .L80BD9A68   
/* 0170C 80BD99BC A60E0324 */  sh      $t6, 0x0324($s0)           ## 00000324
.L80BD99C0:
/* 01710 80BD99C0 3C02801F */  lui     $v0, 0x801F                ## $v0 = 801F0000
/* 01714 80BD99C4 2442F670 */  addiu   $v0, $v0, 0xF670           ## $v0 = 801EF670
/* 01718 80BD99C8 904F0020 */  lbu     $t7, 0x0020($v0)           ## 801EF690
/* 0171C 80BD99CC 24010004 */  addiu   $at, $zero, 0x0004         ## $at = 00000004
/* 01720 80BD99D0 02002025 */  or      $a0, $s0, $zero            ## $a0 = 00000000
/* 01724 80BD99D4 15E10008 */  bne     $t7, $at, .L80BD99F8       
/* 01728 80BD99D8 24050001 */  addiu   $a1, $zero, 0x0001         ## $a1 = 00000001
/* 0172C 80BD99DC 90580F2C */  lbu     $t8, 0x0F2C($v0)           ## 801F059C
/* 01730 80BD99E0 33190020 */  andi    $t9, $t8, 0x0020           ## $t9 = 00000000
/* 01734 80BD99E4 5320000F */  beql    $t9, $zero, .L80BD9A24     
/* 01738 80BD99E8 86020322 */  lh      $v0, 0x0322($s0)           ## 00000322
/* 0173C 80BD99EC 90480F43 */  lbu     $t0, 0x0F43($v0)           ## 801F05B3
/* 01740 80BD99F0 31090020 */  andi    $t1, $t0, 0x0020           ## $t1 = 00000000
/* 01744 80BD99F4 1520000A */  bne     $t1, $zero, .L80BD9A20     
.L80BD99F8:
/* 01748 80BD99F8 00003025 */  or      $a2, $zero, $zero          ## $a2 = 00000000
/* 0174C 80BD99FC 0C2F64F3 */  jal     func_80BD93CC              
/* 01750 80BD9A00 AFA70024 */  sw      $a3, 0x0024($sp)           
/* 01754 80BD9A04 8FA40024 */  lw      $a0, 0x0024($sp)           
/* 01758 80BD9A08 2405158E */  addiu   $a1, $zero, 0x158E         ## $a1 = 0000158E
/* 0175C 80BD9A0C 0C05462C */  jal     func_801518B0              
/* 01760 80BD9A10 02003025 */  or      $a2, $s0, $zero            ## $a2 = 00000000
/* 01764 80BD9A14 240A158E */  addiu   $t2, $zero, 0x158E         ## $t2 = 0000158E
/* 01768 80BD9A18 10000013 */  beq     $zero, $zero, .L80BD9A68   
/* 0176C 80BD9A1C A60A0324 */  sh      $t2, 0x0324($s0)           ## 00000324
.L80BD9A20:
/* 01770 80BD9A20 86020322 */  lh      $v0, 0x0322($s0)           ## 00000322
.L80BD9A24:
/* 01774 80BD9A24 00E02025 */  or      $a0, $a3, $zero            ## $a0 = 00000000
/* 01778 80BD9A28 2405158C */  addiu   $a1, $zero, 0x158C         ## $a1 = 0000158C
/* 0177C 80BD9A2C 304B0001 */  andi    $t3, $v0, 0x0001           ## $t3 = 00000000
/* 01780 80BD9A30 15600009 */  bne     $t3, $zero, .L80BD9A58     
/* 01784 80BD9A34 344C0001 */  ori     $t4, $v0, 0x0001           ## $t4 = 00000001
/* 01788 80BD9A38 A60C0322 */  sh      $t4, 0x0322($s0)           ## 00000322
/* 0178C 80BD9A3C 00E02025 */  or      $a0, $a3, $zero            ## $a0 = 00000000
/* 01790 80BD9A40 24051587 */  addiu   $a1, $zero, 0x1587         ## $a1 = 00001587
/* 01794 80BD9A44 0C05462C */  jal     func_801518B0              
/* 01798 80BD9A48 02003025 */  or      $a2, $s0, $zero            ## $a2 = 00000000
/* 0179C 80BD9A4C 240D1587 */  addiu   $t5, $zero, 0x1587         ## $t5 = 00001587
/* 017A0 80BD9A50 10000005 */  beq     $zero, $zero, .L80BD9A68   
/* 017A4 80BD9A54 A60D0324 */  sh      $t5, 0x0324($s0)           ## 00000324
.L80BD9A58:
/* 017A8 80BD9A58 0C05462C */  jal     func_801518B0              
/* 017AC 80BD9A5C 02003025 */  or      $a2, $s0, $zero            ## $a2 = 00000000
/* 017B0 80BD9A60 240E158C */  addiu   $t6, $zero, 0x158C         ## $t6 = 0000158C
/* 017B4 80BD9A64 A60E0324 */  sh      $t6, 0x0324($s0)           ## 00000324
.L80BD9A68:
/* 017B8 80BD9A68 0C2F66A7 */  jal     func_80BD9A9C              
/* 017BC 80BD9A6C 02002025 */  or      $a0, $s0, $zero            ## $a0 = 00000000
/* 017C0 80BD9A70 10000006 */  beq     $zero, $zero, .L80BD9A8C   
/* 017C4 80BD9A74 8FBF001C */  lw      $ra, 0x001C($sp)           
.L80BD9A78:
/* 017C8 80BD9A78 02002025 */  or      $a0, $s0, $zero            ## $a0 = 00000000
/* 017CC 80BD9A7C 00E02825 */  or      $a1, $a3, $zero            ## $a1 = 00000000
/* 017D0 80BD9A80 0C02E185 */  jal     func_800B8614              
/* 017D4 80BD9A84 3C0642C8 */  lui     $a2, 0x42C8                ## $a2 = 42C80000
/* 017D8 80BD9A88 8FBF001C */  lw      $ra, 0x001C($sp)           
.L80BD9A8C:
/* 017DC 80BD9A8C 8FB00018 */  lw      $s0, 0x0018($sp)           
/* 017E0 80BD9A90 27BD0020 */  addiu   $sp, $sp, 0x0020           ## $sp = 00000000
/* 017E4 80BD9A94 03E00008 */  jr      $ra                        
/* 017E8 80BD9A98 00000000 */  nop


glabel func_80BD9A9C
/* 017EC 80BD9A9C 3C0E80BE */  lui     $t6, %hi(func_80BD9AB0)    ## $t6 = 80BE0000
/* 017F0 80BD9AA0 25CE9AB0 */  addiu   $t6, $t6, %lo(func_80BD9AB0) ## $t6 = 80BD9AB0
/* 017F4 80BD9AA4 AC8E01D4 */  sw      $t6, 0x01D4($a0)           ## 000001D4
/* 017F8 80BD9AA8 03E00008 */  jr      $ra                        
/* 017FC 80BD9AAC 00000000 */  nop


glabel func_80BD9AB0
/* 01800 80BD9AB0 27BDFFD8 */  addiu   $sp, $sp, 0xFFD8           ## $sp = FFFFFFD8
/* 01804 80BD9AB4 AFB00020 */  sw      $s0, 0x0020($sp)           
/* 01808 80BD9AB8 00808025 */  or      $s0, $a0, $zero            ## $s0 = 00000000
/* 0180C 80BD9ABC AFBF0024 */  sw      $ra, 0x0024($sp)           
/* 01810 80BD9AC0 24A44908 */  addiu   $a0, $a1, 0x4908           ## $a0 = 00004908
/* 01814 80BD9AC4 0C054926 */  jal     func_80152498              
/* 01818 80BD9AC8 AFA5002C */  sw      $a1, 0x002C($sp)           
/* 0181C 80BD9ACC 2C410007 */  sltiu   $at, $v0, 0x0007           
/* 01820 80BD9AD0 10200011 */  beq     $at, $zero, .L80BD9B18     
/* 01824 80BD9AD4 8FA5002C */  lw      $a1, 0x002C($sp)           
/* 01828 80BD9AD8 00027080 */  sll     $t6, $v0,  2               
/* 0182C 80BD9ADC 3C0180BE */  lui     $at, %hi(D_80BDA620)       ## $at = 80BE0000
/* 01830 80BD9AE0 002E0821 */  addu    $at, $at, $t6              
/* 01834 80BD9AE4 8C2EA620 */  lw      $t6, %lo(D_80BDA620)($at)  
/* 01838 80BD9AE8 01C00008 */  jr      $t6                        
/* 0183C 80BD9AEC 00000000 */  nop
.L80BD9AF0:
/* 01840 80BD9AF0 0C2F66D3 */  jal     func_80BD9B4C              
/* 01844 80BD9AF4 02002025 */  or      $a0, $s0, $zero            ## $a0 = 00000000
/* 01848 80BD9AF8 10000008 */  beq     $zero, $zero, .L80BD9B1C   
/* 0184C 80BD9AFC 86050092 */  lh      $a1, 0x0092($s0)           ## 00000092
.L80BD9B00:
/* 01850 80BD9B00 0C051D89 */  jal     func_80147624              
/* 01854 80BD9B04 00A02025 */  or      $a0, $a1, $zero            ## $a0 = 00000000
/* 01858 80BD9B08 50400004 */  beql    $v0, $zero, .L80BD9B1C     
/* 0185C 80BD9B0C 86050092 */  lh      $a1, 0x0092($s0)           ## 00000092
/* 01860 80BD9B10 0C2F664E */  jal     func_80BD9938              
/* 01864 80BD9B14 02002025 */  or      $a0, $s0, $zero            ## $a0 = 00000000
.L80BD9B18:
/* 01868 80BD9B18 86050092 */  lh      $a1, 0x0092($s0)           ## 00000092
.L80BD9B1C:
/* 0186C 80BD9B1C 240F00B6 */  addiu   $t7, $zero, 0x00B6         ## $t7 = 000000B6
/* 01870 80BD9B20 AFAF0010 */  sw      $t7, 0x0010($sp)           
/* 01874 80BD9B24 26040032 */  addiu   $a0, $s0, 0x0032           ## $a0 = 00000032
/* 01878 80BD9B28 2406000A */  addiu   $a2, $zero, 0x000A         ## $a2 = 0000000A
/* 0187C 80BD9B2C 0C03FFAF */  jal     func_800FFEBC              
/* 01880 80BD9B30 2407071C */  addiu   $a3, $zero, 0x071C         ## $a3 = 0000071C
/* 01884 80BD9B34 86180032 */  lh      $t8, 0x0032($s0)           ## 00000032
/* 01888 80BD9B38 A61800BE */  sh      $t8, 0x00BE($s0)           ## 000000BE
/* 0188C 80BD9B3C 8FBF0024 */  lw      $ra, 0x0024($sp)           
/* 01890 80BD9B40 8FB00020 */  lw      $s0, 0x0020($sp)           
/* 01894 80BD9B44 03E00008 */  jr      $ra                        
/* 01898 80BD9B48 27BD0028 */  addiu   $sp, $sp, 0x0028           ## $sp = 00000000


glabel func_80BD9B4C
/* 0189C 80BD9B4C 27BDFFE0 */  addiu   $sp, $sp, 0xFFE0           ## $sp = FFFFFFE0
/* 018A0 80BD9B50 AFB00018 */  sw      $s0, 0x0018($sp)           
/* 018A4 80BD9B54 00808025 */  or      $s0, $a0, $zero            ## $s0 = 00000000
/* 018A8 80BD9B58 AFBF001C */  sw      $ra, 0x001C($sp)           
/* 018AC 80BD9B5C 00A03825 */  or      $a3, $a1, $zero            ## $a3 = 00000000
/* 018B0 80BD9B60 00E02025 */  or      $a0, $a3, $zero            ## $a0 = 00000000
/* 018B4 80BD9B64 0C051D89 */  jal     func_80147624              
/* 018B8 80BD9B68 AFA70024 */  sw      $a3, 0x0024($sp)           
/* 018BC 80BD9B6C 1040003B */  beq     $v0, $zero, .L80BD9C5C     
/* 018C0 80BD9B70 8FA70024 */  lw      $a3, 0x0024($sp)           
/* 018C4 80BD9B74 96020324 */  lhu     $v0, 0x0324($s0)           ## 00000324
/* 018C8 80BD9B78 2841158F */  slti    $at, $v0, 0x158F           
/* 018CC 80BD9B7C 14200006 */  bne     $at, $zero, .L80BD9B98     
/* 018D0 80BD9B80 244EEA79 */  addiu   $t6, $v0, 0xEA79           ## $t6 = FFFFEA79
/* 018D4 80BD9B84 240115A8 */  addiu   $at, $zero, 0x15A8         ## $at = 000015A8
/* 018D8 80BD9B88 5041002F */  beql    $v0, $at, .L80BD9C48       
/* 018DC 80BD9B8C 00E02025 */  or      $a0, $a3, $zero            ## $a0 = 00000000
/* 018E0 80BD9B90 10000033 */  beq     $zero, $zero, .L80BD9C60   
/* 018E4 80BD9B94 8FBF001C */  lw      $ra, 0x001C($sp)           
.L80BD9B98:
/* 018E8 80BD9B98 2DC10008 */  sltiu   $at, $t6, 0x0008           
/* 018EC 80BD9B9C 1020002F */  beq     $at, $zero, .L80BD9C5C     
/* 018F0 80BD9BA0 000E7080 */  sll     $t6, $t6,  2               
/* 018F4 80BD9BA4 3C0180BE */  lui     $at, %hi(D_80BDA63C)       ## $at = 80BE0000
/* 018F8 80BD9BA8 002E0821 */  addu    $at, $at, $t6              
/* 018FC 80BD9BAC 8C2EA63C */  lw      $t6, %lo(D_80BDA63C)($at)  
/* 01900 80BD9BB0 01C00008 */  jr      $t6                        
/* 01904 80BD9BB4 00000000 */  nop
.L80BD9BB8:
/* 01908 80BD9BB8 00E02025 */  or      $a0, $a3, $zero            ## $a0 = 00000000
/* 0190C 80BD9BBC 24051588 */  addiu   $a1, $zero, 0x1588         ## $a1 = 00001588
/* 01910 80BD9BC0 0C05462C */  jal     func_801518B0              
/* 01914 80BD9BC4 02003025 */  or      $a2, $s0, $zero            ## $a2 = 00000000
/* 01918 80BD9BC8 240F1588 */  addiu   $t7, $zero, 0x1588         ## $t7 = 00001588
/* 0191C 80BD9BCC 10000023 */  beq     $zero, $zero, .L80BD9C5C   
/* 01920 80BD9BD0 A60F0324 */  sh      $t7, 0x0324($s0)           ## 00000324
.L80BD9BD4:
/* 01924 80BD9BD4 00E02025 */  or      $a0, $a3, $zero            ## $a0 = 00000000
/* 01928 80BD9BD8 24051589 */  addiu   $a1, $zero, 0x1589         ## $a1 = 00001589
/* 0192C 80BD9BDC 0C05462C */  jal     func_801518B0              
/* 01930 80BD9BE0 02003025 */  or      $a2, $s0, $zero            ## $a2 = 00000000
/* 01934 80BD9BE4 24181589 */  addiu   $t8, $zero, 0x1589         ## $t8 = 00001589
/* 01938 80BD9BE8 1000001C */  beq     $zero, $zero, .L80BD9C5C   
/* 0193C 80BD9BEC A6180324 */  sh      $t8, 0x0324($s0)           ## 00000324
.L80BD9BF0:
/* 01940 80BD9BF0 00E02025 */  or      $a0, $a3, $zero            ## $a0 = 00000000
/* 01944 80BD9BF4 2405158A */  addiu   $a1, $zero, 0x158A         ## $a1 = 0000158A
/* 01948 80BD9BF8 0C05462C */  jal     func_801518B0              
/* 0194C 80BD9BFC 02003025 */  or      $a2, $s0, $zero            ## $a2 = 00000000
/* 01950 80BD9C00 2419158A */  addiu   $t9, $zero, 0x158A         ## $t9 = 0000158A
/* 01954 80BD9C04 10000015 */  beq     $zero, $zero, .L80BD9C5C   
/* 01958 80BD9C08 A6190324 */  sh      $t9, 0x0324($s0)           ## 00000324
.L80BD9C0C:
/* 0195C 80BD9C0C 00E02025 */  or      $a0, $a3, $zero            ## $a0 = 00000000
/* 01960 80BD9C10 2405158B */  addiu   $a1, $zero, 0x158B         ## $a1 = 0000158B
/* 01964 80BD9C14 0C05462C */  jal     func_801518B0              
/* 01968 80BD9C18 02003025 */  or      $a2, $s0, $zero            ## $a2 = 00000000
/* 0196C 80BD9C1C 2408158B */  addiu   $t0, $zero, 0x158B         ## $t0 = 0000158B
/* 01970 80BD9C20 1000000E */  beq     $zero, $zero, .L80BD9C5C   
/* 01974 80BD9C24 A6080324 */  sh      $t0, 0x0324($s0)           ## 00000324
.L80BD9C28:
/* 01978 80BD9C28 00E02025 */  or      $a0, $a3, $zero            ## $a0 = 00000000
/* 0197C 80BD9C2C 2405158D */  addiu   $a1, $zero, 0x158D         ## $a1 = 0000158D
/* 01980 80BD9C30 0C05462C */  jal     func_801518B0              
/* 01984 80BD9C34 02003025 */  or      $a2, $s0, $zero            ## $a2 = 00000000
/* 01988 80BD9C38 2409158D */  addiu   $t1, $zero, 0x158D         ## $t1 = 0000158D
/* 0198C 80BD9C3C 10000007 */  beq     $zero, $zero, .L80BD9C5C   
/* 01990 80BD9C40 A6090324 */  sh      $t1, 0x0324($s0)           ## 00000324
.L80BD9C44:
/* 01994 80BD9C44 00E02025 */  or      $a0, $a3, $zero            ## $a0 = 00000000
.L80BD9C48:
/* 01998 80BD9C48 0C051DED */  jal     func_801477B4              
/* 0199C 80BD9C4C AFA70024 */  sw      $a3, 0x0024($sp)           
/* 019A0 80BD9C50 8FA50024 */  lw      $a1, 0x0024($sp)           
/* 019A4 80BD9C54 0C2F671C */  jal     func_80BD9C70              
/* 019A8 80BD9C58 02002025 */  or      $a0, $s0, $zero            ## $a0 = 00000000
.L80BD9C5C:
/* 019AC 80BD9C5C 8FBF001C */  lw      $ra, 0x001C($sp)           
.L80BD9C60:
/* 019B0 80BD9C60 8FB00018 */  lw      $s0, 0x0018($sp)           
/* 019B4 80BD9C64 27BD0020 */  addiu   $sp, $sp, 0x0020           ## $sp = 00000000
/* 019B8 80BD9C68 03E00008 */  jr      $ra                        
/* 019BC 80BD9C6C 00000000 */  nop


glabel func_80BD9C70
/* 019C0 80BD9C70 AFA40000 */  sw      $a0, 0x0000($sp)           
/* 019C4 80BD9C74 3C010002 */  lui     $at, 0x0002                ## $at = 00020000
/* 019C8 80BD9C78 00250821 */  addu    $at, $at, $a1              
/* 019CC 80BD9C7C 240E2020 */  addiu   $t6, $zero, 0x2020         ## $t6 = 00002020
/* 019D0 80BD9C80 A42E887A */  sh      $t6, -0x7786($at)          ## 0001887A
/* 019D4 80BD9C84 3C010002 */  lui     $at, 0x0002                ## $at = 00020000
/* 019D8 80BD9C88 00250821 */  addu    $at, $at, $a1              
/* 019DC 80BD9C8C 240F0014 */  addiu   $t7, $zero, 0x0014         ## $t7 = 00000014
/* 019E0 80BD9C90 A02F8875 */  sb      $t7, -0x778B($at)          ## 00018875
/* 019E4 80BD9C94 3C010002 */  lui     $at, 0x0002                ## $at = 00020000
/* 019E8 80BD9C98 00250821 */  addu    $at, $at, $a1              
/* 019EC 80BD9C9C 24180046 */  addiu   $t8, $zero, 0x0046         ## $t8 = 00000046
/* 019F0 80BD9CA0 A038887F */  sb      $t8, -0x7781($at)          ## 0001887F
/* 019F4 80BD9CA4 3C01801F */  lui     $at, 0x801F                ## $at = 801F0000
/* 019F8 80BD9CA8 24190002 */  addiu   $t9, $zero, 0x0002         ## $t9 = 00000002
/* 019FC 80BD9CAC A03935C5 */  sb      $t9, 0x35C5($at)           ## 801F35C5
/* 01A00 80BD9CB0 03E00008 */  jr      $ra                        
/* 01A04 80BD9CB4 00000000 */  nop


glabel func_80BD9CB8
/* 01A08 80BD9CB8 27BDFFD8 */  addiu   $sp, $sp, 0xFFD8           ## $sp = FFFFFFD8
/* 01A0C 80BD9CBC AFB00018 */  sw      $s0, 0x0018($sp)           
/* 01A10 80BD9CC0 00808025 */  or      $s0, $a0, $zero            ## $s0 = 00000000
/* 01A14 80BD9CC4 AFBF001C */  sw      $ra, 0x001C($sp)           
/* 01A18 80BD9CC8 AFA5002C */  sw      $a1, 0x002C($sp)           
/* 01A1C 80BD9CCC 8FA4002C */  lw      $a0, 0x002C($sp)           
/* 01A20 80BD9CD0 0C03B8A7 */  jal     func_800EE29C              
/* 01A24 80BD9CD4 240501E5 */  addiu   $a1, $zero, 0x01E5         ## $a1 = 000001E5
/* 01A28 80BD9CD8 10400043 */  beq     $v0, $zero, .L80BD9DE8     
/* 01A2C 80BD9CDC 8FAF002C */  lw      $t7, 0x002C($sp)           
/* 01A30 80BD9CE0 8FA4002C */  lw      $a0, 0x002C($sp)           
/* 01A34 80BD9CE4 0C03B880 */  jal     func_800EE200              
/* 01A38 80BD9CE8 240501E5 */  addiu   $a1, $zero, 0x01E5         ## $a1 = 000001E5
/* 01A3C 80BD9CEC 8FAE002C */  lw      $t6, 0x002C($sp)           
/* 01A40 80BD9CF0 00027880 */  sll     $t7, $v0,  2               
/* 01A44 80BD9CF4 AFA20024 */  sw      $v0, 0x0024($sp)           
/* 01A48 80BD9CF8 01CF1821 */  addu    $v1, $t6, $t7              
/* 01A4C 80BD9CFC 8C781F4C */  lw      $t8, 0x1F4C($v1)           ## 00001F4C
/* 01A50 80BD9D00 96190326 */  lhu     $t9, 0x0326($s0)           ## 00000326
/* 01A54 80BD9D04 97040000 */  lhu     $a0, 0x0000($t8)           ## 00000000
/* 01A58 80BD9D08 5324002D */  beql    $t9, $a0, .L80BD9DC0       
/* 01A5C 80BD9D0C 02002025 */  or      $a0, $s0, $zero            ## $a0 = 00000000
/* 01A60 80BD9D10 A6040326 */  sh      $a0, 0x0326($s0)           ## 00000326
/* 01A64 80BD9D14 8C681F4C */  lw      $t0, 0x1F4C($v1)           ## 00001F4C
/* 01A68 80BD9D18 95090000 */  lhu     $t1, 0x0000($t0)           ## 00000000
/* 01A6C 80BD9D1C 252AFFFF */  addiu   $t2, $t1, 0xFFFF           ## $t2 = FFFFFFFF
/* 01A70 80BD9D20 2D410006 */  sltiu   $at, $t2, 0x0006           
/* 01A74 80BD9D24 10200025 */  beq     $at, $zero, .L80BD9DBC     
/* 01A78 80BD9D28 000A5080 */  sll     $t2, $t2,  2               
/* 01A7C 80BD9D2C 3C0180BE */  lui     $at, %hi(D_80BDA65C)       ## $at = 80BE0000
/* 01A80 80BD9D30 002A0821 */  addu    $at, $at, $t2              
/* 01A84 80BD9D34 8C2AA65C */  lw      $t2, %lo(D_80BDA65C)($at)  
/* 01A88 80BD9D38 01400008 */  jr      $t2                        
/* 01A8C 80BD9D3C 00000000 */  nop
.L80BD9D40:
/* 01A90 80BD9D40 0C2F67A2 */  jal     func_80BD9E88              
/* 01A94 80BD9D44 02002025 */  or      $a0, $s0, $zero            ## $a0 = 00000000
/* 01A98 80BD9D48 1000001D */  beq     $zero, $zero, .L80BD9DC0   
/* 01A9C 80BD9D4C 02002025 */  or      $a0, $s0, $zero            ## $a0 = 00000000
.L80BD9D50:
/* 01AA0 80BD9D50 8E0B013C */  lw      $t3, 0x013C($s0)           ## 0000013C
/* 01AA4 80BD9D54 3C0C80BE */  lui     $t4, %hi(func_80BD96D0)    ## $t4 = 80BE0000
/* 01AA8 80BD9D58 15600006 */  bne     $t3, $zero, .L80BD9D74     
/* 01AAC 80BD9D5C 00000000 */  nop
/* 01AB0 80BD9D60 8E0D0004 */  lw      $t5, 0x0004($s0)           ## 00000004
/* 01AB4 80BD9D64 258C96D0 */  addiu   $t4, $t4, %lo(func_80BD96D0) ## $t4 = 80BD96D0
/* 01AB8 80BD9D68 AE0C013C */  sw      $t4, 0x013C($s0)           ## 0000013C
/* 01ABC 80BD9D6C 35AE0001 */  ori     $t6, $t5, 0x0001           ## $t6 = 00000001
/* 01AC0 80BD9D70 AE0E0004 */  sw      $t6, 0x0004($s0)           ## 00000004
.L80BD9D74:
/* 01AC4 80BD9D74 0C2F67B8 */  jal     func_80BD9EE0              
/* 01AC8 80BD9D78 02002025 */  or      $a0, $s0, $zero            ## $a0 = 00000000
/* 01ACC 80BD9D7C 10000010 */  beq     $zero, $zero, .L80BD9DC0   
/* 01AD0 80BD9D80 02002025 */  or      $a0, $s0, $zero            ## $a0 = 00000000
.L80BD9D84:
/* 01AD4 80BD9D84 0C2F680E */  jal     func_80BDA038              
/* 01AD8 80BD9D88 02002025 */  or      $a0, $s0, $zero            ## $a0 = 00000000
/* 01ADC 80BD9D8C 1000000C */  beq     $zero, $zero, .L80BD9DC0   
/* 01AE0 80BD9D90 02002025 */  or      $a0, $s0, $zero            ## $a0 = 00000000
.L80BD9D94:
/* 01AE4 80BD9D94 0C2F6828 */  jal     func_80BDA0A0              
/* 01AE8 80BD9D98 02002025 */  or      $a0, $s0, $zero            ## $a0 = 00000000
/* 01AEC 80BD9D9C 10000008 */  beq     $zero, $zero, .L80BD9DC0   
/* 01AF0 80BD9DA0 02002025 */  or      $a0, $s0, $zero            ## $a0 = 00000000
.L80BD9DA4:
/* 01AF4 80BD9DA4 0C2F685C */  jal     func_80BDA170              
/* 01AF8 80BD9DA8 02002025 */  or      $a0, $s0, $zero            ## $a0 = 00000000
/* 01AFC 80BD9DAC 10000004 */  beq     $zero, $zero, .L80BD9DC0   
/* 01B00 80BD9DB0 02002025 */  or      $a0, $s0, $zero            ## $a0 = 00000000
.L80BD9DB4:
/* 01B04 80BD9DB4 0C2F68A2 */  jal     func_80BDA288              
/* 01B08 80BD9DB8 02002025 */  or      $a0, $s0, $zero            ## $a0 = 00000000
.L80BD9DBC:
/* 01B0C 80BD9DBC 02002025 */  or      $a0, $s0, $zero            ## $a0 = 00000000
.L80BD9DC0:
/* 01B10 80BD9DC0 8FA5002C */  lw      $a1, 0x002C($sp)           
/* 01B14 80BD9DC4 0C03B7C9 */  jal     func_800EDF24              
/* 01B18 80BD9DC8 8FA60024 */  lw      $a2, 0x0024($sp)           
/* 01B1C 80BD9DCC 8E1901D8 */  lw      $t9, 0x01D8($s0)           ## 000001D8
/* 01B20 80BD9DD0 02002025 */  or      $a0, $s0, $zero            ## $a0 = 00000000
/* 01B24 80BD9DD4 8FA5002C */  lw      $a1, 0x002C($sp)           
/* 01B28 80BD9DD8 0320F809 */  jalr    $ra, $t9                   
/* 01B2C 80BD9DDC 00000000 */  nop
/* 01B30 80BD9DE0 1000001A */  beq     $zero, $zero, .L80BD9E4C   
/* 01B34 80BD9DE4 24020001 */  addiu   $v0, $zero, 0x0001         ## $v0 = 00000001
.L80BD9DE8:
/* 01B38 80BD9DE8 91F81F2C */  lbu     $t8, 0x1F2C($t7)           ## 00001F2C
/* 01B3C 80BD9DEC 3C08801F */  lui     $t0, 0x801F                ## $t0 = 801F0000
/* 01B40 80BD9DF0 57000014 */  bnel    $t8, $zero, .L80BD9E44     
/* 01B44 80BD9DF4 240D0063 */  addiu   $t5, $zero, 0x0063         ## $t5 = 00000063
/* 01B48 80BD9DF8 910805B3 */  lbu     $t0, 0x05B3($t0)           ## 801F05B3
/* 01B4C 80BD9DFC 31090020 */  andi    $t1, $t0, 0x0020           ## $t1 = 00000000
/* 01B50 80BD9E00 51200010 */  beql    $t1, $zero, .L80BD9E44     
/* 01B54 80BD9E04 240D0063 */  addiu   $t5, $zero, 0x0063         ## $t5 = 00000063
/* 01B58 80BD9E08 8E0201D4 */  lw      $v0, 0x01D4($s0)           ## 000001D4
/* 01B5C 80BD9E0C 3C0A80BE */  lui     $t2, %hi(func_80BD994C)    ## $t2 = 80BE0000
/* 01B60 80BD9E10 254A994C */  addiu   $t2, $t2, %lo(func_80BD994C) ## $t2 = 80BD994C
/* 01B64 80BD9E14 1142000A */  beq     $t2, $v0, .L80BD9E40       
/* 01B68 80BD9E18 3C0B80BE */  lui     $t3, %hi(func_80BD9AB0)    ## $t3 = 80BE0000
/* 01B6C 80BD9E1C 256B9AB0 */  addiu   $t3, $t3, %lo(func_80BD9AB0) ## $t3 = 80BD9AB0
/* 01B70 80BD9E20 51620008 */  beql    $t3, $v0, .L80BD9E44       
/* 01B74 80BD9E24 240D0063 */  addiu   $t5, $zero, 0x0063         ## $t5 = 00000063
/* 01B78 80BD9E28 860C0032 */  lh      $t4, 0x0032($s0)           ## 00000032
/* 01B7C 80BD9E2C 02002025 */  or      $a0, $s0, $zero            ## $a0 = 00000000
/* 01B80 80BD9E30 0C2F6641 */  jal     func_80BD9904              
/* 01B84 80BD9E34 A60C00BE */  sh      $t4, 0x00BE($s0)           ## 000000BE
/* 01B88 80BD9E38 0C2F6798 */  jal     func_80BD9E60              
/* 01B8C 80BD9E3C 02002025 */  or      $a0, $s0, $zero            ## $a0 = 00000000
.L80BD9E40:
/* 01B90 80BD9E40 240D0063 */  addiu   $t5, $zero, 0x0063         ## $t5 = 00000063
.L80BD9E44:
/* 01B94 80BD9E44 A60D0326 */  sh      $t5, 0x0326($s0)           ## 00000326
/* 01B98 80BD9E48 00001025 */  or      $v0, $zero, $zero          ## $v0 = 00000000
.L80BD9E4C:
/* 01B9C 80BD9E4C 8FBF001C */  lw      $ra, 0x001C($sp)           
/* 01BA0 80BD9E50 8FB00018 */  lw      $s0, 0x0018($sp)           
/* 01BA4 80BD9E54 27BD0028 */  addiu   $sp, $sp, 0x0028           ## $sp = 00000000
/* 01BA8 80BD9E58 03E00008 */  jr      $ra                        
/* 01BAC 80BD9E5C 00000000 */  nop


glabel func_80BD9E60
/* 01BB0 80BD9E60 3C0E80BE */  lui     $t6, %hi(func_80BD9E78)    ## $t6 = 80BE0000
/* 01BB4 80BD9E64 25CE9E78 */  addiu   $t6, $t6, %lo(func_80BD9E78) ## $t6 = 80BD9E78
/* 01BB8 80BD9E68 A480031E */  sh      $zero, 0x031E($a0)         ## 0000031E
/* 01BBC 80BD9E6C AC8E01D8 */  sw      $t6, 0x01D8($a0)           ## 000001D8
/* 01BC0 80BD9E70 03E00008 */  jr      $ra                        
/* 01BC4 80BD9E74 00000000 */  nop


glabel func_80BD9E78
/* 01BC8 80BD9E78 AFA40000 */  sw      $a0, 0x0000($sp)           
/* 01BCC 80BD9E7C AFA50004 */  sw      $a1, 0x0004($sp)           
/* 01BD0 80BD9E80 03E00008 */  jr      $ra                        
/* 01BD4 80BD9E84 00000000 */  nop


glabel func_80BD9E88
/* 01BD8 80BD9E88 27BDFFE8 */  addiu   $sp, $sp, 0xFFE8           ## $sp = FFFFFFE8
/* 01BDC 80BD9E8C AFBF0014 */  sw      $ra, 0x0014($sp)           
/* 01BE0 80BD9E90 00803825 */  or      $a3, $a0, $zero            ## $a3 = 00000000
/* 01BE4 80BD9E94 3C0580BE */  lui     $a1, %hi(D_80BDA4B8)       ## $a1 = 80BE0000
/* 01BE8 80BD9E98 24A5A4B8 */  addiu   $a1, $a1, %lo(D_80BDA4B8)  ## $a1 = 80BDA4B8
/* 01BEC 80BD9E9C 24E40190 */  addiu   $a0, $a3, 0x0190           ## $a0 = 00000190
/* 01BF0 80BD9EA0 00003025 */  or      $a2, $zero, $zero          ## $a2 = 00000000
/* 01BF4 80BD9EA4 0C02F717 */  jal     func_800BDC5C              
/* 01BF8 80BD9EA8 AFA70018 */  sw      $a3, 0x0018($sp)           
/* 01BFC 80BD9EAC 8FA70018 */  lw      $a3, 0x0018($sp)           
/* 01C00 80BD9EB0 3C0E80BE */  lui     $t6, %hi(func_80BD9ED0)    ## $t6 = 80BE0000
/* 01C04 80BD9EB4 25CE9ED0 */  addiu   $t6, $t6, %lo(func_80BD9ED0) ## $t6 = 80BD9ED0
/* 01C08 80BD9EB8 A4E0031E */  sh      $zero, 0x031E($a3)         ## 0000031E
/* 01C0C 80BD9EBC ACEE01D8 */  sw      $t6, 0x01D8($a3)           ## 000001D8
/* 01C10 80BD9EC0 8FBF0014 */  lw      $ra, 0x0014($sp)           
/* 01C14 80BD9EC4 27BD0018 */  addiu   $sp, $sp, 0x0018           ## $sp = 00000000
/* 01C18 80BD9EC8 03E00008 */  jr      $ra                        
/* 01C1C 80BD9ECC 00000000 */  nop


glabel func_80BD9ED0
/* 01C20 80BD9ED0 AFA40000 */  sw      $a0, 0x0000($sp)           
/* 01C24 80BD9ED4 AFA50004 */  sw      $a1, 0x0004($sp)           
/* 01C28 80BD9ED8 03E00008 */  jr      $ra                        
/* 01C2C 80BD9EDC 00000000 */  nop


glabel func_80BD9EE0
/* 01C30 80BD9EE0 27BDFFE8 */  addiu   $sp, $sp, 0xFFE8           ## $sp = FFFFFFE8
/* 01C34 80BD9EE4 AFBF0014 */  sw      $ra, 0x0014($sp)           
/* 01C38 80BD9EE8 AFA40018 */  sw      $a0, 0x0018($sp)           
/* 01C3C 80BD9EEC 8FA40018 */  lw      $a0, 0x0018($sp)           
/* 01C40 80BD9EF0 3C0580BE */  lui     $a1, %hi(D_80BDA4B8)       ## $a1 = 80BE0000
/* 01C44 80BD9EF4 24A5A4B8 */  addiu   $a1, $a1, %lo(D_80BDA4B8)  ## $a1 = 80BDA4B8
/* 01C48 80BD9EF8 24060005 */  addiu   $a2, $zero, 0x0005         ## $a2 = 00000005
/* 01C4C 80BD9EFC 0C02F717 */  jal     func_800BDC5C              
/* 01C50 80BD9F00 24840190 */  addiu   $a0, $a0, 0x0190           ## $a0 = 00000190
/* 01C54 80BD9F04 8FA40018 */  lw      $a0, 0x0018($sp)           
/* 01C58 80BD9F08 24050001 */  addiu   $a1, $zero, 0x0001         ## $a1 = 00000001
/* 01C5C 80BD9F0C 0C2F64F3 */  jal     func_80BD93CC              
/* 01C60 80BD9F10 00003025 */  or      $a2, $zero, $zero          ## $a2 = 00000000
/* 01C64 80BD9F14 8FA20018 */  lw      $v0, 0x0018($sp)           
/* 01C68 80BD9F18 3C0F80BE */  lui     $t7, %hi(func_80BD9F3C)    ## $t7 = 80BE0000
/* 01C6C 80BD9F1C 240E0001 */  addiu   $t6, $zero, 0x0001         ## $t6 = 00000001
/* 01C70 80BD9F20 25EF9F3C */  addiu   $t7, $t7, %lo(func_80BD9F3C) ## $t7 = 80BD9F3C
/* 01C74 80BD9F24 A44E031E */  sh      $t6, 0x031E($v0)           ## 0000031E
/* 01C78 80BD9F28 AC4F01D8 */  sw      $t7, 0x01D8($v0)           ## 000001D8
/* 01C7C 80BD9F2C 8FBF0014 */  lw      $ra, 0x0014($sp)           
/* 01C80 80BD9F30 27BD0018 */  addiu   $sp, $sp, 0x0018           ## $sp = 00000000
/* 01C84 80BD9F34 03E00008 */  jr      $ra                        
/* 01C88 80BD9F38 00000000 */  nop


glabel func_80BD9F3C
/* 01C8C 80BD9F3C 27BDFFE0 */  addiu   $sp, $sp, 0xFFE0           ## $sp = FFFFFFE0
/* 01C90 80BD9F40 AFBF001C */  sw      $ra, 0x001C($sp)           
/* 01C94 80BD9F44 AFB00018 */  sw      $s0, 0x0018($sp)           
/* 01C98 80BD9F48 AFA50024 */  sw      $a1, 0x0024($sp)           
/* 01C9C 80BD9F4C 00803025 */  or      $a2, $a0, $zero            ## $a2 = 00000000
/* 01CA0 80BD9F50 84CE031E */  lh      $t6, 0x031E($a2)           ## 0000031E
/* 01CA4 80BD9F54 24010001 */  addiu   $at, $zero, 0x0001         ## $at = 00000001
/* 01CA8 80BD9F58 24D00190 */  addiu   $s0, $a2, 0x0190           ## $s0 = 00000190
/* 01CAC 80BD9F5C 15C10031 */  bne     $t6, $at, .L80BDA024       
/* 01CB0 80BD9F60 02002025 */  or      $a0, $s0, $zero            ## $a0 = 00000190
/* 01CB4 80BD9F64 3C054000 */  lui     $a1, 0x4000                ## $a1 = 40000000
/* 01CB8 80BD9F68 0C04DE2E */  jal     func_801378B8              
/* 01CBC 80BD9F6C AFA60020 */  sw      $a2, 0x0020($sp)           
/* 01CC0 80BD9F70 14400019 */  bne     $v0, $zero, .L80BD9FD8     
/* 01CC4 80BD9F74 02002025 */  or      $a0, $s0, $zero            ## $a0 = 00000190
/* 01CC8 80BD9F78 0C04DE2E */  jal     func_801378B8              
/* 01CCC 80BD9F7C 3C0540C0 */  lui     $a1, 0x40C0                ## $a1 = 40C00000
/* 01CD0 80BD9F80 14400015 */  bne     $v0, $zero, .L80BD9FD8     
/* 01CD4 80BD9F84 02002025 */  or      $a0, $s0, $zero            ## $a0 = 00000190
/* 01CD8 80BD9F88 0C04DE2E */  jal     func_801378B8              
/* 01CDC 80BD9F8C 3C054120 */  lui     $a1, 0x4120                ## $a1 = 41200000
/* 01CE0 80BD9F90 14400011 */  bne     $v0, $zero, .L80BD9FD8     
/* 01CE4 80BD9F94 02002025 */  or      $a0, $s0, $zero            ## $a0 = 00000190
/* 01CE8 80BD9F98 0C04DE2E */  jal     func_801378B8              
/* 01CEC 80BD9F9C 3C054160 */  lui     $a1, 0x4160                ## $a1 = 41600000
/* 01CF0 80BD9FA0 1440000D */  bne     $v0, $zero, .L80BD9FD8     
/* 01CF4 80BD9FA4 02002025 */  or      $a0, $s0, $zero            ## $a0 = 00000190
/* 01CF8 80BD9FA8 0C04DE2E */  jal     func_801378B8              
/* 01CFC 80BD9FAC 3C054190 */  lui     $a1, 0x4190                ## $a1 = 41900000
/* 01D00 80BD9FB0 14400009 */  bne     $v0, $zero, .L80BD9FD8     
/* 01D04 80BD9FB4 02002025 */  or      $a0, $s0, $zero            ## $a0 = 00000190
/* 01D08 80BD9FB8 0C04DE2E */  jal     func_801378B8              
/* 01D0C 80BD9FBC 3C0541B0 */  lui     $a1, 0x41B0                ## $a1 = 41B00000
/* 01D10 80BD9FC0 14400005 */  bne     $v0, $zero, .L80BD9FD8     
/* 01D14 80BD9FC4 02002025 */  or      $a0, $s0, $zero            ## $a0 = 00000190
/* 01D18 80BD9FC8 0C04DE2E */  jal     func_801378B8              
/* 01D1C 80BD9FCC 3C0541C8 */  lui     $a1, 0x41C8                ## $a1 = 41C80000
/* 01D20 80BD9FD0 50400005 */  beql    $v0, $zero, .L80BD9FE8     
/* 01D24 80BD9FD4 8FAF0020 */  lw      $t7, 0x0020($sp)           
.L80BD9FD8:
/* 01D28 80BD9FD8 8FA40020 */  lw      $a0, 0x0020($sp)           
/* 01D2C 80BD9FDC 0C02E3B2 */  jal     func_800B8EC8              
/* 01D30 80BD9FE0 2405298B */  addiu   $a1, $zero, 0x298B         ## $a1 = 0000298B
/* 01D34 80BD9FE4 8FAF0020 */  lw      $t7, 0x0020($sp)           
.L80BD9FE8:
/* 01D38 80BD9FE8 02002025 */  or      $a0, $s0, $zero            ## $a0 = 00000190
/* 01D3C 80BD9FEC 0C04DE2E */  jal     func_801378B8              
/* 01D40 80BD9FF0 8DE501A0 */  lw      $a1, 0x01A0($t7)           ## 000001A0
/* 01D44 80BD9FF4 1040000B */  beq     $v0, $zero, .L80BDA024     
/* 01D48 80BD9FF8 8FB80020 */  lw      $t8, 0x0020($sp)           
/* 01D4C 80BD9FFC A700031E */  sh      $zero, 0x031E($t8)         ## 0000031E
/* 01D50 80BDA000 8FA40020 */  lw      $a0, 0x0020($sp)           
/* 01D54 80BDA004 00002825 */  or      $a1, $zero, $zero          ## $a1 = 00000000
/* 01D58 80BDA008 0C2F64F3 */  jal     func_80BD93CC              
/* 01D5C 80BDA00C 00003025 */  or      $a2, $zero, $zero          ## $a2 = 00000000
/* 01D60 80BDA010 3C0580BE */  lui     $a1, %hi(D_80BDA4B8)       ## $a1 = 80BE0000
/* 01D64 80BDA014 24A5A4B8 */  addiu   $a1, $a1, %lo(D_80BDA4B8)  ## $a1 = 80BDA4B8
/* 01D68 80BDA018 02002025 */  or      $a0, $s0, $zero            ## $a0 = 00000190
/* 01D6C 80BDA01C 0C02F717 */  jal     func_800BDC5C              
/* 01D70 80BDA020 24060006 */  addiu   $a2, $zero, 0x0006         ## $a2 = 00000006
.L80BDA024:
/* 01D74 80BDA024 8FBF001C */  lw      $ra, 0x001C($sp)           
/* 01D78 80BDA028 8FB00018 */  lw      $s0, 0x0018($sp)           
/* 01D7C 80BDA02C 27BD0020 */  addiu   $sp, $sp, 0x0020           ## $sp = 00000000
/* 01D80 80BDA030 03E00008 */  jr      $ra                        
/* 01D84 80BDA034 00000000 */  nop


glabel func_80BDA038
/* 01D88 80BDA038 27BDFFE8 */  addiu   $sp, $sp, 0xFFE8           ## $sp = FFFFFFE8
/* 01D8C 80BDA03C AFBF0014 */  sw      $ra, 0x0014($sp)           
/* 01D90 80BDA040 AFA40018 */  sw      $a0, 0x0018($sp)           
/* 01D94 80BDA044 8FA40018 */  lw      $a0, 0x0018($sp)           
/* 01D98 80BDA048 00002825 */  or      $a1, $zero, $zero          ## $a1 = 00000000
/* 01D9C 80BDA04C 0C2F64F3 */  jal     func_80BD93CC              
/* 01DA0 80BDA050 24060001 */  addiu   $a2, $zero, 0x0001         ## $a2 = 00000001
/* 01DA4 80BDA054 8FA40018 */  lw      $a0, 0x0018($sp)           
/* 01DA8 80BDA058 3C0580BE */  lui     $a1, %hi(D_80BDA4B8)       ## $a1 = 80BE0000
/* 01DAC 80BDA05C 24A5A4B8 */  addiu   $a1, $a1, %lo(D_80BDA4B8)  ## $a1 = 80BDA4B8
/* 01DB0 80BDA060 24060007 */  addiu   $a2, $zero, 0x0007         ## $a2 = 00000007
/* 01DB4 80BDA064 0C02F717 */  jal     func_800BDC5C              
/* 01DB8 80BDA068 24840190 */  addiu   $a0, $a0, 0x0190           ## $a0 = 00000190
/* 01DBC 80BDA06C 8FA20018 */  lw      $v0, 0x0018($sp)           
/* 01DC0 80BDA070 3C0E80BE */  lui     $t6, %hi(func_80BDA090)    ## $t6 = 80BE0000
/* 01DC4 80BDA074 25CEA090 */  addiu   $t6, $t6, %lo(func_80BDA090) ## $t6 = 80BDA090
/* 01DC8 80BDA078 A440031E */  sh      $zero, 0x031E($v0)         ## 0000031E
/* 01DCC 80BDA07C AC4E01D8 */  sw      $t6, 0x01D8($v0)           ## 000001D8
/* 01DD0 80BDA080 8FBF0014 */  lw      $ra, 0x0014($sp)           
/* 01DD4 80BDA084 27BD0018 */  addiu   $sp, $sp, 0x0018           ## $sp = 00000000
/* 01DD8 80BDA088 03E00008 */  jr      $ra                        
/* 01DDC 80BDA08C 00000000 */  nop


glabel func_80BDA090
/* 01DE0 80BDA090 AFA40000 */  sw      $a0, 0x0000($sp)           
/* 01DE4 80BDA094 AFA50004 */  sw      $a1, 0x0004($sp)           
/* 01DE8 80BDA098 03E00008 */  jr      $ra                        
/* 01DEC 80BDA09C 00000000 */  nop


glabel func_80BDA0A0
/* 01DF0 80BDA0A0 27BDFFE8 */  addiu   $sp, $sp, 0xFFE8           ## $sp = FFFFFFE8
/* 01DF4 80BDA0A4 AFBF0014 */  sw      $ra, 0x0014($sp)           
/* 01DF8 80BDA0A8 AFA40018 */  sw      $a0, 0x0018($sp)           
/* 01DFC 80BDA0AC 8FA40018 */  lw      $a0, 0x0018($sp)           
/* 01E00 80BDA0B0 00002825 */  or      $a1, $zero, $zero          ## $a1 = 00000000
/* 01E04 80BDA0B4 0C2F64F3 */  jal     func_80BD93CC              
/* 01E08 80BDA0B8 24060001 */  addiu   $a2, $zero, 0x0001         ## $a2 = 00000001
/* 01E0C 80BDA0BC 8FA40018 */  lw      $a0, 0x0018($sp)           
/* 01E10 80BDA0C0 3C0580BE */  lui     $a1, %hi(D_80BDA4B8)       ## $a1 = 80BE0000
/* 01E14 80BDA0C4 24A5A4B8 */  addiu   $a1, $a1, %lo(D_80BDA4B8)  ## $a1 = 80BDA4B8
/* 01E18 80BDA0C8 24060008 */  addiu   $a2, $zero, 0x0008         ## $a2 = 00000008
/* 01E1C 80BDA0CC 0C02F717 */  jal     func_800BDC5C              
/* 01E20 80BDA0D0 24840190 */  addiu   $a0, $a0, 0x0190           ## $a0 = 00000190
/* 01E24 80BDA0D4 8FA20018 */  lw      $v0, 0x0018($sp)           
/* 01E28 80BDA0D8 3C0F80BE */  lui     $t7, %hi(func_80BDA0FC)    ## $t7 = 80BE0000
/* 01E2C 80BDA0DC 240E0001 */  addiu   $t6, $zero, 0x0001         ## $t6 = 00000001
/* 01E30 80BDA0E0 25EFA0FC */  addiu   $t7, $t7, %lo(func_80BDA0FC) ## $t7 = 80BDA0FC
/* 01E34 80BDA0E4 A44E031E */  sh      $t6, 0x031E($v0)           ## 0000031E
/* 01E38 80BDA0E8 AC4F01D8 */  sw      $t7, 0x01D8($v0)           ## 000001D8
/* 01E3C 80BDA0EC 8FBF0014 */  lw      $ra, 0x0014($sp)           
/* 01E40 80BDA0F0 27BD0018 */  addiu   $sp, $sp, 0x0018           ## $sp = 00000000
/* 01E44 80BDA0F4 03E00008 */  jr      $ra                        
/* 01E48 80BDA0F8 00000000 */  nop


glabel func_80BDA0FC
/* 01E4C 80BDA0FC 27BDFFE0 */  addiu   $sp, $sp, 0xFFE0           ## $sp = FFFFFFE0
/* 01E50 80BDA100 AFBF0014 */  sw      $ra, 0x0014($sp)           
/* 01E54 80BDA104 AFA50024 */  sw      $a1, 0x0024($sp)           
/* 01E58 80BDA108 00803825 */  or      $a3, $a0, $zero            ## $a3 = 00000000
/* 01E5C 80BDA10C 84EE031E */  lh      $t6, 0x031E($a3)           ## 0000031E
/* 01E60 80BDA110 24010001 */  addiu   $at, $zero, 0x0001         ## $at = 00000001
/* 01E64 80BDA114 24E40190 */  addiu   $a0, $a3, 0x0190           ## $a0 = 00000190
/* 01E68 80BDA118 55C10012 */  bnel    $t6, $at, .L80BDA164       
/* 01E6C 80BDA11C 8FBF0014 */  lw      $ra, 0x0014($sp)           
/* 01E70 80BDA120 8CE501A0 */  lw      $a1, 0x01A0($a3)           ## 000001A0
/* 01E74 80BDA124 AFA70020 */  sw      $a3, 0x0020($sp)           
/* 01E78 80BDA128 0C04DE2E */  jal     func_801378B8              
/* 01E7C 80BDA12C AFA4001C */  sw      $a0, 0x001C($sp)           
/* 01E80 80BDA130 1040000B */  beq     $v0, $zero, .L80BDA160     
/* 01E84 80BDA134 8FA70020 */  lw      $a3, 0x0020($sp)           
/* 01E88 80BDA138 A4E0031E */  sh      $zero, 0x031E($a3)         ## 0000031E
/* 01E8C 80BDA13C 00E02025 */  or      $a0, $a3, $zero            ## $a0 = 00000000
/* 01E90 80BDA140 00002825 */  or      $a1, $zero, $zero          ## $a1 = 00000000
/* 01E94 80BDA144 0C2F64F3 */  jal     func_80BD93CC              
/* 01E98 80BDA148 00003025 */  or      $a2, $zero, $zero          ## $a2 = 00000000
/* 01E9C 80BDA14C 3C0580BE */  lui     $a1, %hi(D_80BDA4B8)       ## $a1 = 80BE0000
/* 01EA0 80BDA150 24A5A4B8 */  addiu   $a1, $a1, %lo(D_80BDA4B8)  ## $a1 = 80BDA4B8
/* 01EA4 80BDA154 8FA4001C */  lw      $a0, 0x001C($sp)           
/* 01EA8 80BDA158 0C02F717 */  jal     func_800BDC5C              
/* 01EAC 80BDA15C 24060006 */  addiu   $a2, $zero, 0x0006         ## $a2 = 00000006
.L80BDA160:
/* 01EB0 80BDA160 8FBF0014 */  lw      $ra, 0x0014($sp)           
.L80BDA164:
/* 01EB4 80BDA164 27BD0020 */  addiu   $sp, $sp, 0x0020           ## $sp = 00000000
/* 01EB8 80BDA168 03E00008 */  jr      $ra                        
/* 01EBC 80BDA16C 00000000 */  nop


glabel func_80BDA170
/* 01EC0 80BDA170 27BDFFE8 */  addiu   $sp, $sp, 0xFFE8           ## $sp = FFFFFFE8
/* 01EC4 80BDA174 AFBF0014 */  sw      $ra, 0x0014($sp)           
/* 01EC8 80BDA178 240E0001 */  addiu   $t6, $zero, 0x0001         ## $t6 = 00000001
/* 01ECC 80BDA17C A48E031E */  sh      $t6, 0x031E($a0)           ## 0000031E
/* 01ED0 80BDA180 AFA40018 */  sw      $a0, 0x0018($sp)           
/* 01ED4 80BDA184 00002825 */  or      $a1, $zero, $zero          ## $a1 = 00000000
/* 01ED8 80BDA188 0C2F64F3 */  jal     func_80BD93CC              
/* 01EDC 80BDA18C 24060001 */  addiu   $a2, $zero, 0x0001         ## $a2 = 00000001
/* 01EE0 80BDA190 8FA40018 */  lw      $a0, 0x0018($sp)           
/* 01EE4 80BDA194 3C0580BE */  lui     $a1, %hi(D_80BDA4B8)       ## $a1 = 80BE0000
/* 01EE8 80BDA198 24A5A4B8 */  addiu   $a1, $a1, %lo(D_80BDA4B8)  ## $a1 = 80BDA4B8
/* 01EEC 80BDA19C 24060009 */  addiu   $a2, $zero, 0x0009         ## $a2 = 00000009
/* 01EF0 80BDA1A0 0C02F717 */  jal     func_800BDC5C              
/* 01EF4 80BDA1A4 24840190 */  addiu   $a0, $a0, 0x0190           ## $a0 = 00000190
/* 01EF8 80BDA1A8 8FB80018 */  lw      $t8, 0x0018($sp)           
/* 01EFC 80BDA1AC 3C0F80BE */  lui     $t7, %hi(func_80BDA1C8)    ## $t7 = 80BE0000
/* 01F00 80BDA1B0 25EFA1C8 */  addiu   $t7, $t7, %lo(func_80BDA1C8) ## $t7 = 80BDA1C8
/* 01F04 80BDA1B4 AF0F01D8 */  sw      $t7, 0x01D8($t8)           ## 000001D8
/* 01F08 80BDA1B8 8FBF0014 */  lw      $ra, 0x0014($sp)           
/* 01F0C 80BDA1BC 27BD0018 */  addiu   $sp, $sp, 0x0018           ## $sp = 00000000
/* 01F10 80BDA1C0 03E00008 */  jr      $ra                        
/* 01F14 80BDA1C4 00000000 */  nop


glabel func_80BDA1C8
/* 01F18 80BDA1C8 27BDFFE0 */  addiu   $sp, $sp, 0xFFE0           ## $sp = FFFFFFE0
/* 01F1C 80BDA1CC AFB10018 */  sw      $s1, 0x0018($sp)           
/* 01F20 80BDA1D0 00808825 */  or      $s1, $a0, $zero            ## $s1 = 00000000
/* 01F24 80BDA1D4 AFBF001C */  sw      $ra, 0x001C($sp)           
/* 01F28 80BDA1D8 AFB00014 */  sw      $s0, 0x0014($sp)           
/* 01F2C 80BDA1DC AFA50024 */  sw      $a1, 0x0024($sp)           
/* 01F30 80BDA1E0 862E031E */  lh      $t6, 0x031E($s1)           ## 0000031E
/* 01F34 80BDA1E4 24010001 */  addiu   $at, $zero, 0x0001         ## $at = 00000001
/* 01F38 80BDA1E8 26300190 */  addiu   $s0, $s1, 0x0190           ## $s0 = 00000190
/* 01F3C 80BDA1EC 15C10021 */  bne     $t6, $at, .L80BDA274       
/* 01F40 80BDA1F0 02002025 */  or      $a0, $s0, $zero            ## $a0 = 00000190
/* 01F44 80BDA1F4 0C04DE2E */  jal     func_801378B8              
/* 01F48 80BDA1F8 3C054000 */  lui     $a1, 0x4000                ## $a1 = 40000000
/* 01F4C 80BDA1FC 1440000C */  bne     $v0, $zero, .L80BDA230     
/* 01F50 80BDA200 02002025 */  or      $a0, $s0, $zero            ## $a0 = 00000190
/* 01F54 80BDA204 0C04DE2E */  jal     func_801378B8              
/* 01F58 80BDA208 3C0540C0 */  lui     $a1, 0x40C0                ## $a1 = 40C00000
/* 01F5C 80BDA20C 14400008 */  bne     $v0, $zero, .L80BDA230     
/* 01F60 80BDA210 02002025 */  or      $a0, $s0, $zero            ## $a0 = 00000190
/* 01F64 80BDA214 0C04DE2E */  jal     func_801378B8              
/* 01F68 80BDA218 3C054120 */  lui     $a1, 0x4120                ## $a1 = 41200000
/* 01F6C 80BDA21C 14400004 */  bne     $v0, $zero, .L80BDA230     
/* 01F70 80BDA220 02002025 */  or      $a0, $s0, $zero            ## $a0 = 00000190
/* 01F74 80BDA224 0C04DE2E */  jal     func_801378B8              
/* 01F78 80BDA228 3C054160 */  lui     $a1, 0x4160                ## $a1 = 41600000
/* 01F7C 80BDA22C 10400003 */  beq     $v0, $zero, .L80BDA23C     
.L80BDA230:
/* 01F80 80BDA230 02202025 */  or      $a0, $s1, $zero            ## $a0 = 00000000
/* 01F84 80BDA234 0C02E3B2 */  jal     func_800B8EC8              
/* 01F88 80BDA238 2405298B */  addiu   $a1, $zero, 0x298B         ## $a1 = 0000298B
.L80BDA23C:
/* 01F8C 80BDA23C 02002025 */  or      $a0, $s0, $zero            ## $a0 = 00000190
/* 01F90 80BDA240 0C04DE2E */  jal     func_801378B8              
/* 01F94 80BDA244 8E2501A0 */  lw      $a1, 0x01A0($s1)           ## 000001A0
/* 01F98 80BDA248 1040000A */  beq     $v0, $zero, .L80BDA274     
/* 01F9C 80BDA24C 02202025 */  or      $a0, $s1, $zero            ## $a0 = 00000000
/* 01FA0 80BDA250 A620031E */  sh      $zero, 0x031E($s1)         ## 0000031E
/* 01FA4 80BDA254 00002825 */  or      $a1, $zero, $zero          ## $a1 = 00000000
/* 01FA8 80BDA258 0C2F64F3 */  jal     func_80BD93CC              
/* 01FAC 80BDA25C 00003025 */  or      $a2, $zero, $zero          ## $a2 = 00000000
/* 01FB0 80BDA260 3C0580BE */  lui     $a1, %hi(D_80BDA4B8)       ## $a1 = 80BE0000
/* 01FB4 80BDA264 24A5A4B8 */  addiu   $a1, $a1, %lo(D_80BDA4B8)  ## $a1 = 80BDA4B8
/* 01FB8 80BDA268 02002025 */  or      $a0, $s0, $zero            ## $a0 = 00000190
/* 01FBC 80BDA26C 0C02F717 */  jal     func_800BDC5C              
/* 01FC0 80BDA270 2406000A */  addiu   $a2, $zero, 0x000A         ## $a2 = 0000000A
.L80BDA274:
/* 01FC4 80BDA274 8FBF001C */  lw      $ra, 0x001C($sp)           
/* 01FC8 80BDA278 8FB00014 */  lw      $s0, 0x0014($sp)           
/* 01FCC 80BDA27C 8FB10018 */  lw      $s1, 0x0018($sp)           
/* 01FD0 80BDA280 03E00008 */  jr      $ra                        
/* 01FD4 80BDA284 27BD0020 */  addiu   $sp, $sp, 0x0020           ## $sp = 00000000


glabel func_80BDA288
/* 01FD8 80BDA288 27BDFFE8 */  addiu   $sp, $sp, 0xFFE8           ## $sp = FFFFFFE8
/* 01FDC 80BDA28C AFBF0014 */  sw      $ra, 0x0014($sp)           
/* 01FE0 80BDA290 240E0001 */  addiu   $t6, $zero, 0x0001         ## $t6 = 00000001
/* 01FE4 80BDA294 A48E031E */  sh      $t6, 0x031E($a0)           ## 0000031E
/* 01FE8 80BDA298 AFA40018 */  sw      $a0, 0x0018($sp)           
/* 01FEC 80BDA29C 00002825 */  or      $a1, $zero, $zero          ## $a1 = 00000000
/* 01FF0 80BDA2A0 0C2F64F3 */  jal     func_80BD93CC              
/* 01FF4 80BDA2A4 00003025 */  or      $a2, $zero, $zero          ## $a2 = 00000000
/* 01FF8 80BDA2A8 8FA40018 */  lw      $a0, 0x0018($sp)           
/* 01FFC 80BDA2AC 3C0580BE */  lui     $a1, %hi(D_80BDA4B8)       ## $a1 = 80BE0000
/* 02000 80BDA2B0 24A5A4B8 */  addiu   $a1, $a1, %lo(D_80BDA4B8)  ## $a1 = 80BDA4B8
/* 02004 80BDA2B4 2406000B */  addiu   $a2, $zero, 0x000B         ## $a2 = 0000000B
/* 02008 80BDA2B8 0C02F717 */  jal     func_800BDC5C              
/* 0200C 80BDA2BC 24840190 */  addiu   $a0, $a0, 0x0190           ## $a0 = 00000190
/* 02010 80BDA2C0 8FB80018 */  lw      $t8, 0x0018($sp)           
/* 02014 80BDA2C4 3C0F80BE */  lui     $t7, %hi(func_80BDA2E0)    ## $t7 = 80BE0000
/* 02018 80BDA2C8 25EFA2E0 */  addiu   $t7, $t7, %lo(func_80BDA2E0) ## $t7 = 80BDA2E0
/* 0201C 80BDA2CC AF0F01D8 */  sw      $t7, 0x01D8($t8)           ## 000001D8
/* 02020 80BDA2D0 8FBF0014 */  lw      $ra, 0x0014($sp)           
/* 02024 80BDA2D4 27BD0018 */  addiu   $sp, $sp, 0x0018           ## $sp = 00000000
/* 02028 80BDA2D8 03E00008 */  jr      $ra                        
/* 0202C 80BDA2DC 00000000 */  nop


glabel func_80BDA2E0
/* 02030 80BDA2E0 27BDFFE0 */  addiu   $sp, $sp, 0xFFE0           ## $sp = FFFFFFE0
/* 02034 80BDA2E4 AFBF0014 */  sw      $ra, 0x0014($sp)           
/* 02038 80BDA2E8 AFA50024 */  sw      $a1, 0x0024($sp)           
/* 0203C 80BDA2EC 00803825 */  or      $a3, $a0, $zero            ## $a3 = 00000000
/* 02040 80BDA2F0 84EE031E */  lh      $t6, 0x031E($a3)           ## 0000031E
/* 02044 80BDA2F4 24010001 */  addiu   $at, $zero, 0x0001         ## $at = 00000001
/* 02048 80BDA2F8 24E40190 */  addiu   $a0, $a3, 0x0190           ## $a0 = 00000190
/* 0204C 80BDA2FC 55C1000E */  bnel    $t6, $at, .L80BDA338       
/* 02050 80BDA300 8FBF0014 */  lw      $ra, 0x0014($sp)           
/* 02054 80BDA304 8CE501A0 */  lw      $a1, 0x01A0($a3)           ## 000001A0
/* 02058 80BDA308 AFA70020 */  sw      $a3, 0x0020($sp)           
/* 0205C 80BDA30C 0C04DE2E */  jal     func_801378B8              
/* 02060 80BDA310 AFA4001C */  sw      $a0, 0x001C($sp)           
/* 02064 80BDA314 8FA4001C */  lw      $a0, 0x001C($sp)           
/* 02068 80BDA318 10400006 */  beq     $v0, $zero, .L80BDA334     
/* 0206C 80BDA31C 8FA70020 */  lw      $a3, 0x0020($sp)           
/* 02070 80BDA320 3C0580BE */  lui     $a1, %hi(D_80BDA4B8)       ## $a1 = 80BE0000
/* 02074 80BDA324 A4E0031E */  sh      $zero, 0x031E($a3)         ## 0000031E
/* 02078 80BDA328 24A5A4B8 */  addiu   $a1, $a1, %lo(D_80BDA4B8)  ## $a1 = 80BDA4B8
/* 0207C 80BDA32C 0C02F717 */  jal     func_800BDC5C              
/* 02080 80BDA330 2406000C */  addiu   $a2, $zero, 0x000C         ## $a2 = 0000000C
.L80BDA334:
/* 02084 80BDA334 8FBF0014 */  lw      $ra, 0x0014($sp)           
.L80BDA338:
/* 02088 80BDA338 27BD0020 */  addiu   $sp, $sp, 0x0020           ## $sp = 00000000
/* 0208C 80BDA33C 03E00008 */  jr      $ra                        
/* 02090 80BDA340 00000000 */  nop


glabel func_80BDA344
/* 02094 80BDA344 27BDFFD0 */  addiu   $sp, $sp, 0xFFD0           ## $sp = FFFFFFD0
/* 02098 80BDA348 AFB10018 */  sw      $s1, 0x0018($sp)           
/* 0209C 80BDA34C AFB00014 */  sw      $s0, 0x0014($sp)           
/* 020A0 80BDA350 00808025 */  or      $s0, $a0, $zero            ## $s0 = 00000000
/* 020A4 80BDA354 00A08825 */  or      $s1, $a1, $zero            ## $s1 = 00000000
/* 020A8 80BDA358 AFBF001C */  sw      $ra, 0x001C($sp)           
/* 020AC 80BDA35C 8E1901D4 */  lw      $t9, 0x01D4($s0)           ## 000001D4
/* 020B0 80BDA360 02002025 */  or      $a0, $s0, $zero            ## $a0 = 00000000
/* 020B4 80BDA364 02202825 */  or      $a1, $s1, $zero            ## $a1 = 00000000
/* 020B8 80BDA368 0320F809 */  jalr    $ra, $t9                   
/* 020BC 80BDA36C 00000000 */  nop
/* 020C0 80BDA370 0C04DB34 */  jal     func_80136CD0              
/* 020C4 80BDA374 26040190 */  addiu   $a0, $s0, 0x0190           ## $a0 = 00000190
/* 020C8 80BDA378 02002025 */  or      $a0, $s0, $zero            ## $a0 = 00000000
/* 020CC 80BDA37C 0C2F64E1 */  jal     func_80BD9384              
/* 020D0 80BDA380 02202825 */  or      $a1, $s1, $zero            ## $a1 = 00000000
/* 020D4 80BDA384 02002025 */  or      $a0, $s0, $zero            ## $a0 = 00000000
/* 020D8 80BDA388 0C2F672E */  jal     func_80BD9CB8              
/* 020DC 80BDA38C 02202825 */  or      $a1, $s1, $zero            ## $a1 = 00000000
/* 020E0 80BDA390 10400012 */  beq     $v0, $zero, .L80BDA3DC     
/* 020E4 80BDA394 02002025 */  or      $a0, $s0, $zero            ## $a0 = 00000000
/* 020E8 80BDA398 3C03801F */  lui     $v1, 0x801F                ## $v1 = 801F0000
/* 020EC 80BDA39C 2463F670 */  addiu   $v1, $v1, 0xF670           ## $v1 = 801EF670
/* 020F0 80BDA3A0 90620F33 */  lbu     $v0, 0x0F33($v1)           ## 801F05A3
/* 020F4 80BDA3A4 26040304 */  addiu   $a0, $s0, 0x0304           ## $a0 = 00000304
/* 020F8 80BDA3A8 304E0001 */  andi    $t6, $v0, 0x0001           ## $t6 = 00000000
/* 020FC 80BDA3AC 11C00002 */  beq     $t6, $zero, .L80BDA3B8     
/* 02100 80BDA3B0 304F00FE */  andi    $t7, $v0, 0x00FE           ## $t7 = 00000000
/* 02104 80BDA3B4 A06F0F33 */  sb      $t7, 0x0F33($v1)           ## 801F05A3
.L80BDA3B8:
/* 02108 80BDA3B8 90620F35 */  lbu     $v0, 0x0F35($v1)           ## 801F05A5
/* 0210C 80BDA3BC 30580004 */  andi    $t8, $v0, 0x0004           ## $t8 = 00000000
/* 02110 80BDA3C0 17000002 */  bne     $t8, $zero, .L80BDA3CC     
/* 02114 80BDA3C4 34480004 */  ori     $t0, $v0, 0x0004           ## $t0 = 00000004
/* 02118 80BDA3C8 A0680F35 */  sb      $t0, 0x0F35($v1)           ## 801F05A5
.L80BDA3CC:
/* 0211C 80BDA3CC 0C03A3C2 */  jal     func_800E8F08              
/* 02120 80BDA3D0 2605030A */  addiu   $a1, $s0, 0x030A           ## $a1 = 0000030A
/* 02124 80BDA3D4 1000001E */  beq     $zero, $zero, .L80BDA450   
/* 02128 80BDA3D8 8FBF001C */  lw      $ra, 0x001C($sp)           
.L80BDA3DC:
/* 0212C 80BDA3DC 0C2F6538 */  jal     func_80BD94E0              
/* 02130 80BDA3E0 02202825 */  or      $a1, $s1, $zero            ## $a1 = 00000000
/* 02134 80BDA3E4 8E0A01D4 */  lw      $t2, 0x01D4($s0)           ## 000001D4
/* 02138 80BDA3E8 3C0980BE */  lui     $t1, %hi(func_80BD994C)    ## $t1 = 80BE0000
/* 0213C 80BDA3EC 2529994C */  addiu   $t1, $t1, %lo(func_80BD994C) ## $t1 = 80BD994C
/* 02140 80BDA3F0 152A000B */  bne     $t1, $t2, .L80BDA420       
/* 02144 80BDA3F4 02002025 */  or      $a0, $s0, $zero            ## $a0 = 00000000
/* 02148 80BDA3F8 26060144 */  addiu   $a2, $s0, 0x0144           ## $a2 = 00000144
/* 0214C 80BDA3FC 00C02825 */  or      $a1, $a2, $zero            ## $a1 = 00000144
/* 02150 80BDA400 0C039F7E */  jal     func_800E7DF8              
/* 02154 80BDA404 AFA60024 */  sw      $a2, 0x0024($sp)           
/* 02158 80BDA408 3C010001 */  lui     $at, 0x0001                ## $at = 00010000
/* 0215C 80BDA40C 34218884 */  ori     $at, $at, 0x8884           ## $at = 00018884
/* 02160 80BDA410 8FA60024 */  lw      $a2, 0x0024($sp)           
/* 02164 80BDA414 02212821 */  addu    $a1, $s1, $at              
/* 02168 80BDA418 0C038A4A */  jal     func_800E2928              
/* 0216C 80BDA41C 02202025 */  or      $a0, $s1, $zero            ## $a0 = 00000000
.L80BDA420:
/* 02170 80BDA420 3C03801F */  lui     $v1, 0x801F                ## $v1 = 801F0000
/* 02174 80BDA424 2463F670 */  addiu   $v1, $v1, 0xF670           ## $v1 = 801EF670
/* 02178 80BDA428 906B0F06 */  lbu     $t3, 0x0F06($v1)           ## 801F0576
/* 0217C 80BDA42C 3C010001 */  lui     $at, 0x0001                ## $at = 00010000
/* 02180 80BDA430 34218000 */  ori     $at, $at, 0x8000           ## $at = 00018000
/* 02184 80BDA434 316C0004 */  andi    $t4, $t3, 0x0004           ## $t4 = 00000000
/* 02188 80BDA438 11800004 */  beq     $t4, $zero, .L80BDA44C     
/* 0218C 80BDA43C 02211021 */  addu    $v0, $s1, $at              
/* 02190 80BDA440 844D075A */  lh      $t5, 0x075A($v0)           ## 0000075A
/* 02194 80BDA444 25B90001 */  addiu   $t9, $t5, 0x0001           ## $t9 = 00000001
/* 02198 80BDA448 A459075A */  sh      $t9, 0x075A($v0)           ## 0000075A
.L80BDA44C:
/* 0219C 80BDA44C 8FBF001C */  lw      $ra, 0x001C($sp)           
.L80BDA450:
/* 021A0 80BDA450 8FB00014 */  lw      $s0, 0x0014($sp)           
/* 021A4 80BDA454 8FB10018 */  lw      $s1, 0x0018($sp)           
/* 021A8 80BDA458 03E00008 */  jr      $ra                        
/* 021AC 80BDA45C 27BD0030 */  addiu   $sp, $sp, 0x0030           ## $sp = 00000000

.section .data

D_80BDA460: .word 0x025D0400, 0x00000019, 0x02380000, 0x00000328
.word func_80BD82B0
.word func_80BD86D4
.word func_80BD95A4
.word func_80BD96D0
D_80BDA480: .word \
0x0A000039, 0x20010000, 0x00000000, 0x00000000, \
0x00000000, 0x00000000, 0x00000000, 0x00000100, \
0x000C002E, 0x00000000, 0x00000000
D_80BDA4AC: .word 0x00000000, 0x00000000, 0xFF000000
D_80BDA4B8: .word \
0x060005BC, 0x3F800000, 0x00000000, 0x00000000, \
0x00000000, 0xC0800000, 0x06008AE0, 0x3F800000, \
0x00000000, 0x00000000, 0x00000000, 0xC0800000, \
0x06008E38, 0x3F800000, 0x00000000, 0x00000000, \
0x00000000, 0xC0800000, 0x0600A844, 0x3F800000, \
0x00000000, 0x00000000, 0x00000000, 0xC0800000, \
0x0600B0C4, 0x3F800000, 0x00000000, 0x00000000, \
0x00000000, 0xC0800000, 0x06009870, 0x3F800000, \
0x00000000, 0x00000000, 0x00000000, 0x00000000, \
0x06009F54, 0x3F800000, 0x00000000, 0x00000000, \
0x00000000, 0x00000000, 0x0600B5B0, 0x3F800000, \
0x00000000, 0x00000000, 0x00000000, 0x00000000, \
0x0600BCC4, 0x3F800000, 0x00000000, 0x00000000, \
0x00000000, 0x00000000, 0x0600D9DC, 0x3F800000, \
0x00000000, 0x00000000, 0x00000000, 0x00000000, \
0x0600E16C, 0x3F800000, 0x00000000, 0x00000000, \
0x00000000, 0x00000000, 0x0600C9F4, 0x3F800000, \
0x00000000, 0x00000000, 0x02000000, 0x00000000, \
0x0600D0F0, 0x3F800000, 0x00000000, 0x00000000, \
0x00000000, 0x00000000
D_80BDA5F0: .word 0x447A0000, 0x00000000, 0x00000000
D_80BDA5FC: .word 0x060074E8, 0x060078E8
D_80BDA604: .word 0x060066E8, 0x06006AE8, 0x06006EE8
D_80BDA610: .word 0x060072E8, 0x060073E8, 0x00000000, 0x00000000

.section .rodata

D_80BDA620: .word .L80BD9B18
.word .L80BD9B18
.word .L80BD9B18
.word .L80BD9B18
.word .L80BD9B18
.word .L80BD9AF0
.word .L80BD9B00
D_80BDA63C: .word .L80BD9BB8
.word .L80BD9BD4
.word .L80BD9BF0
.word .L80BD9C0C
.word .L80BD9C5C
.word .L80BD9C28
.word .L80BD9C5C
.word .L80BD9C44
D_80BDA65C: .word .L80BD9D40
.word .L80BD9D50
.word .L80BD9D84
.word .L80BD9D94
.word .L80BD9DA4
.word .L80BD9DB4
.word 0x00000000, 0x00000000, 0x00000000


.section .rodata
D_80BDA680:
.incbin "baserom/En_Pamera", 0x23D0, 0x000003B0
