.include "macro.inc"

# assembler directives
.set noat      # allow manual use of $at
.set noreorder # don't insert nops after branches
.set gp=64     # allow use of 64-bit general purpose registers

.section .text
glabel func_80B2C6F0
/* 00000 80B2C6F0 27BDFFC0 */  addiu   $sp, $sp, 0xFFC0           ## $sp = FFFFFFC0
/* 00004 80B2C6F4 AFB10028 */  sw      $s1, 0x0028($sp)           
/* 00008 80B2C6F8 AFB00024 */  sw      $s0, 0x0024($sp)           
/* 0000C 80B2C6FC 00808025 */  or      $s0, $a0, $zero            ## $s0 = 00000000
/* 00010 80B2C700 00A08825 */  or      $s1, $a1, $zero            ## $s1 = 00000000
/* 00014 80B2C704 AFBF002C */  sw      $ra, 0x002C($sp)           
/* 00018 80B2C708 3C0580B3 */  lui     $a1, %hi(D_80B2F708)       ## $a1 = 80B30000
/* 0001C 80B2C70C 24A5F708 */  addiu   $a1, $a1, %lo(D_80B2F708)  ## $a1 = 80B2F708
/* 00020 80B2C710 0C03FEB7 */  jal     func_800FFADC              
/* 00024 80B2C714 02002025 */  or      $a0, $s0, $zero            ## $a0 = 00000000
/* 00028 80B2C718 3C06800B */  lui     $a2, 0x800B                ## $a2 = 800B0000
/* 0002C 80B2C71C 24C63FC0 */  addiu   $a2, $a2, 0x3FC0           ## $a2 = 800B3FC0
/* 00030 80B2C720 260400BC */  addiu   $a0, $s0, 0x00BC           ## $a0 = 000000BC
/* 00034 80B2C724 24050000 */  addiu   $a1, $zero, 0x0000         ## $a1 = 00000000
/* 00038 80B2C728 0C02CEE9 */  jal     func_800B3BA4              
/* 0003C 80B2C72C 3C0741F0 */  lui     $a3, 0x41F0                ## $a3 = 41F00000
/* 00040 80B2C730 3C0780B3 */  lui     $a3, %hi(D_80B2F6D0)       ## $a3 = 80B30000
/* 00044 80B2C734 260E0398 */  addiu   $t6, $s0, 0x0398           ## $t6 = 00000398
/* 00048 80B2C738 AFAE0010 */  sw      $t6, 0x0010($sp)           
/* 0004C 80B2C73C 24E7F6D0 */  addiu   $a3, $a3, %lo(D_80B2F6D0)  ## $a3 = 80B2F6D0
/* 00050 80B2C740 02202025 */  or      $a0, $s1, $zero            ## $a0 = 00000000
/* 00054 80B2C744 26050378 */  addiu   $a1, $s0, 0x0378           ## $a1 = 00000378
/* 00058 80B2C748 0C0383C5 */  jal     func_800E0F14              
/* 0005C 80B2C74C 02003025 */  or      $a2, $s0, $zero            ## $a2 = 00000000
/* 00060 80B2C750 8E0F0394 */  lw      $t7, 0x0394($s0)           ## 00000394
/* 00064 80B2C754 3C0780B3 */  lui     $a3, %hi(D_80B2F680)       ## $a3 = 80B30000
/* 00068 80B2C758 24E7F680 */  addiu   $a3, $a3, %lo(D_80B2F680)  ## $a3 = 80B2F680
/* 0006C 80B2C75C A5E00036 */  sh      $zero, 0x0036($t7)         ## 00000036
/* 00070 80B2C760 C6040024 */  lwc1    $f4, 0x0024($s0)           ## 00000024
/* 00074 80B2C764 8E080394 */  lw      $t0, 0x0394($s0)           ## 00000394
/* 00078 80B2C768 02202025 */  or      $a0, $s1, $zero            ## $a0 = 00000000
/* 0007C 80B2C76C 4600218D */  trunc.w.s $f6, $f4                   
/* 00080 80B2C770 2605032C */  addiu   $a1, $s0, 0x032C           ## $a1 = 0000032C
/* 00084 80B2C774 02003025 */  or      $a2, $s0, $zero            ## $a2 = 00000000
/* 00088 80B2C778 44193000 */  mfc1    $t9, $f6                   
/* 0008C 80B2C77C 00000000 */  nop
/* 00090 80B2C780 A5190030 */  sh      $t9, 0x0030($t0)           ## 00000030
/* 00094 80B2C784 C6080028 */  lwc1    $f8, 0x0028($s0)           ## 00000028
/* 00098 80B2C788 8E0B0394 */  lw      $t3, 0x0394($s0)           ## 00000394
/* 0009C 80B2C78C 4600428D */  trunc.w.s $f10, $f8                  
/* 000A0 80B2C790 440A5000 */  mfc1    $t2, $f10                  
/* 000A4 80B2C794 00000000 */  nop
/* 000A8 80B2C798 A56A0032 */  sh      $t2, 0x0032($t3)           ## 00000032
/* 000AC 80B2C79C C610002C */  lwc1    $f16, 0x002C($s0)          ## 0000002C
/* 000B0 80B2C7A0 8E0E0394 */  lw      $t6, 0x0394($s0)           ## 00000394
/* 000B4 80B2C7A4 4600848D */  trunc.w.s $f18, $f16                 
/* 000B8 80B2C7A8 440D9000 */  mfc1    $t5, $f18                  
/* 000BC 80B2C7AC 0C0384DD */  jal     func_800E1374              
/* 000C0 80B2C7B0 A5CD0034 */  sh      $t5, 0x0034($t6)           ## 00000034
/* 000C4 80B2C7B4 3C0580B3 */  lui     $a1, %hi(D_80B2F6E0)       ## $a1 = 80B30000
/* 000C8 80B2C7B8 3C0680B3 */  lui     $a2, %hi(D_80B2F700)       ## $a2 = 80B30000
/* 000CC 80B2C7BC 24C6F700 */  addiu   $a2, $a2, %lo(D_80B2F700)  ## $a2 = 80B2F700
/* 000D0 80B2C7C0 24A5F6E0 */  addiu   $a1, $a1, %lo(D_80B2F6E0)  ## $a1 = 80B2F6E0
/* 000D4 80B2C7C4 0C039D4C */  jal     func_800E7530              
/* 000D8 80B2C7C8 260400A0 */  addiu   $a0, $s0, 0x00A0           ## $a0 = 000000A0
/* 000DC 80B2C7CC 240F0020 */  addiu   $t7, $zero, 0x0020         ## $t7 = 00000020
/* 000E0 80B2C7D0 A20F018D */  sb      $t7, 0x018D($s0)           ## 0000018D
/* 000E4 80B2C7D4 240402BC */  addiu   $a0, $zero, 0x02BC         ## $a0 = 000002BC
/* 000E8 80B2C7D8 0C03FD14 */  jal     func_800FF450              
/* 000EC 80B2C7DC 2405012C */  addiu   $a1, $zero, 0x012C         ## $a1 = 0000012C
/* 000F0 80B2C7E0 A6020190 */  sh      $v0, 0x0190($s0)           ## 00000190
/* 000F4 80B2C7E4 2606031C */  addiu   $a2, $s0, 0x031C           ## $a2 = 0000031C
/* 000F8 80B2C7E8 AFA60034 */  sw      $a2, 0x0034($sp)           
/* 000FC 80B2C7EC 02202025 */  or      $a0, $s1, $zero            ## $a0 = 00000000
/* 00100 80B2C7F0 0C040989 */  jal     func_80102624              
/* 00104 80B2C7F4 26250818 */  addiu   $a1, $s1, 0x0818           ## $a1 = 00000818
/* 00108 80B2C7F8 C6040008 */  lwc1    $f4, 0x0008($s0)           ## 00000008
/* 0010C 80B2C7FC C608000C */  lwc1    $f8, 0x000C($s0)           ## 0000000C
/* 00110 80B2C800 C6100010 */  lwc1    $f16, 0x0010($s0)          ## 00000010
/* 00114 80B2C804 4600218D */  trunc.w.s $f6, $f4                   
/* 00118 80B2C808 AE020318 */  sw      $v0, 0x0318($s0)           ## 00000318
/* 0011C 80B2C80C 240900FF */  addiu   $t1, $zero, 0x00FF         ## $t1 = 000000FF
/* 00120 80B2C810 4600428D */  trunc.w.s $f10, $f8                  
/* 00124 80B2C814 44053000 */  mfc1    $a1, $f6                   
/* 00128 80B2C818 240A00FF */  addiu   $t2, $zero, 0x00FF         ## $t2 = 000000FF
/* 0012C 80B2C81C 4600848D */  trunc.w.s $f18, $f16                 
/* 00130 80B2C820 44065000 */  mfc1    $a2, $f10                  
/* 00134 80B2C824 240B00FF */  addiu   $t3, $zero, 0x00FF         ## $t3 = 000000FF
/* 00138 80B2C828 00052C00 */  sll     $a1, $a1, 16               
/* 0013C 80B2C82C 44079000 */  mfc1    $a3, $f18                  
/* 00140 80B2C830 00063400 */  sll     $a2, $a2, 16               
/* 00144 80B2C834 00063403 */  sra     $a2, $a2, 16               
/* 00148 80B2C838 00073C00 */  sll     $a3, $a3, 16               
/* 0014C 80B2C83C 00073C03 */  sra     $a3, $a3, 16               
/* 00150 80B2C840 00052C03 */  sra     $a1, $a1, 16               
/* 00154 80B2C844 AFAB0018 */  sw      $t3, 0x0018($sp)           
/* 00158 80B2C848 AFAA0014 */  sw      $t2, 0x0014($sp)           
/* 0015C 80B2C84C AFA90010 */  sw      $t1, 0x0010($sp)           
/* 00160 80B2C850 AFA0001C */  sw      $zero, 0x001C($sp)         
/* 00164 80B2C854 0C040698 */  jal     func_80101A60              
/* 00168 80B2C858 8FA40034 */  lw      $a0, 0x0034($sp)           
/* 0016C 80B2C85C 3C060600 */  lui     $a2, 0x0600                ## $a2 = 06000000
/* 00170 80B2C860 3C070600 */  lui     $a3, 0x0600                ## $a3 = 06000000
/* 00174 80B2C864 260C019C */  addiu   $t4, $s0, 0x019C           ## $t4 = 0000019C
/* 00178 80B2C868 260D021A */  addiu   $t5, $s0, 0x021A           ## $t5 = 0000021A
/* 0017C 80B2C86C 240E0015 */  addiu   $t6, $zero, 0x0015         ## $t6 = 00000015
/* 00180 80B2C870 AFAE0018 */  sw      $t6, 0x0018($sp)           
/* 00184 80B2C874 AFAD0014 */  sw      $t5, 0x0014($sp)           
/* 00188 80B2C878 AFAC0010 */  sw      $t4, 0x0010($sp)           
/* 0018C 80B2C87C 24E70A60 */  addiu   $a3, $a3, 0x0A60           ## $a3 = 06000A60
/* 00190 80B2C880 24C650D0 */  addiu   $a2, $a2, 0x50D0           ## $a2 = 060050D0
/* 00194 80B2C884 02202025 */  or      $a0, $s1, $zero            ## $a0 = 00000000
/* 00198 80B2C888 0C04DA9F */  jal     func_80136A7C              
/* 0019C 80B2C88C 26050144 */  addiu   $a1, $s0, 0x0144           ## $a1 = 00000144
/* 001A0 80B2C890 960F0090 */  lhu     $t7, 0x0090($s0)           ## 00000090
/* 001A4 80B2C894 02002025 */  or      $a0, $s0, $zero            ## $a0 = 00000000
/* 001A8 80B2C898 35F80400 */  ori     $t8, $t7, 0x0400           ## $t8 = 00000400
/* 001AC 80B2C89C 0C2CB43A */  jal     func_80B2D0E8              
/* 001B0 80B2C8A0 A6180090 */  sh      $t8, 0x0090($s0)           ## 00000090
/* 001B4 80B2C8A4 8FBF002C */  lw      $ra, 0x002C($sp)           
/* 001B8 80B2C8A8 8FB00024 */  lw      $s0, 0x0024($sp)           
/* 001BC 80B2C8AC 8FB10028 */  lw      $s1, 0x0028($sp)           
/* 001C0 80B2C8B0 03E00008 */  jr      $ra                        
/* 001C4 80B2C8B4 27BD0040 */  addiu   $sp, $sp, 0x0040           ## $sp = 00000000


glabel func_80B2C8B8
/* 001C8 80B2C8B8 27BDFFE8 */  addiu   $sp, $sp, 0xFFE8           ## $sp = FFFFFFE8
/* 001CC 80B2C8BC AFBF0014 */  sw      $ra, 0x0014($sp)           
/* 001D0 80B2C8C0 AFA40018 */  sw      $a0, 0x0018($sp)           
/* 001D4 80B2C8C4 00A03825 */  or      $a3, $a1, $zero            ## $a3 = 00000000
/* 001D8 80B2C8C8 8FAE0018 */  lw      $t6, 0x0018($sp)           
/* 001DC 80B2C8CC 00E02025 */  or      $a0, $a3, $zero            ## $a0 = 00000000
/* 001E0 80B2C8D0 24E50818 */  addiu   $a1, $a3, 0x0818           ## $a1 = 00000818
/* 001E4 80B2C8D4 8DC60318 */  lw      $a2, 0x0318($t6)           ## 00000318
/* 001E8 80B2C8D8 0C0409A1 */  jal     func_80102684              
/* 001EC 80B2C8DC AFA7001C */  sw      $a3, 0x001C($sp)           
/* 001F0 80B2C8E0 8FA50018 */  lw      $a1, 0x0018($sp)           
/* 001F4 80B2C8E4 8FA4001C */  lw      $a0, 0x001C($sp)           
/* 001F8 80B2C8E8 0C038306 */  jal     func_800E0C18              
/* 001FC 80B2C8EC 24A50378 */  addiu   $a1, $a1, 0x0378           ## $a1 = 00000378
/* 00200 80B2C8F0 8FA50018 */  lw      $a1, 0x0018($sp)           
/* 00204 80B2C8F4 8FA4001C */  lw      $a0, 0x001C($sp)           
/* 00208 80B2C8F8 0C03847B */  jal     func_800E11EC              
/* 0020C 80B2C8FC 24A5032C */  addiu   $a1, $a1, 0x032C           ## $a1 = 0000032C
/* 00210 80B2C900 8FBF0014 */  lw      $ra, 0x0014($sp)           
/* 00214 80B2C904 27BD0018 */  addiu   $sp, $sp, 0x0018           ## $sp = 00000000
/* 00218 80B2C908 03E00008 */  jr      $ra                        
/* 0021C 80B2C90C 00000000 */  nop


glabel func_80B2C910
/* 00220 80B2C910 27BDFFD0 */  addiu   $sp, $sp, 0xFFD0           ## $sp = FFFFFFD0
/* 00224 80B2C914 AFBF0014 */  sw      $ra, 0x0014($sp)           
/* 00228 80B2C918 AFA40030 */  sw      $a0, 0x0030($sp)           
/* 0022C 80B2C91C 84AE0810 */  lh      $t6, 0x0810($a1)           ## 00000810
/* 00230 80B2C920 27A60020 */  addiu   $a2, $sp, 0x0020           ## $a2 = FFFFFFF0
/* 00234 80B2C924 8FA40030 */  lw      $a0, 0x0030($sp)           
/* 00238 80B2C928 000E7880 */  sll     $t7, $t6,  2               
/* 0023C 80B2C92C 00AFC021 */  addu    $t8, $a1, $t7              
/* 00240 80B2C930 8F020800 */  lw      $v0, 0x0800($t8)           ## 00000800
/* 00244 80B2C934 3C05801D */  lui     $a1, 0x801D                ## $a1 = 801D0000
/* 00248 80B2C938 10400019 */  beq     $v0, $zero, .L80B2C9A0     
/* 0024C 80B2C93C 00000000 */  nop
/* 00250 80B2C940 2444005C */  addiu   $a0, $v0, 0x005C           ## $a0 = 0000005C
/* 00254 80B2C944 0C03FD7D */  jal     func_800FF5F4              
/* 00258 80B2C948 24450050 */  addiu   $a1, $v0, 0x0050           ## $a1 = 00000050
/* 0025C 80B2C94C 0C05E9B5 */  jal     func_8017A6D4              
/* 00260 80B2C950 27A40020 */  addiu   $a0, $sp, 0x0020           ## $a0 = FFFFFFF0
/* 00264 80B2C954 3C013F80 */  lui     $at, 0x3F80                ## $at = 3F800000
/* 00268 80B2C958 44812000 */  mtc1    $at, $f4                   ## $f4 = 1.00
/* 0026C 80B2C95C 3C014130 */  lui     $at, 0x4130                ## $at = 41300000
/* 00270 80B2C960 27A40020 */  addiu   $a0, $sp, 0x0020           ## $a0 = FFFFFFF0
/* 00274 80B2C964 4600203C */  c.lt.s  $f4, $f0                   
/* 00278 80B2C968 00000000 */  nop
/* 0027C 80B2C96C 45020006 */  bc1fl   .L80B2C988                 
/* 00280 80B2C970 44811000 */  mtc1    $at, $f2                   ## $f2 = 11.00
/* 00284 80B2C974 3C014130 */  lui     $at, 0x4130                ## $at = 41300000
/* 00288 80B2C978 44813000 */  mtc1    $at, $f6                   ## $f6 = 11.00
/* 0028C 80B2C97C 10000003 */  beq     $zero, $zero, .L80B2C98C   
/* 00290 80B2C980 46003083 */  div.s   $f2, $f6, $f0              
/* 00294 80B2C984 44811000 */  mtc1    $at, $f2                   ## $f2 = 11.00
.L80B2C988:
/* 00298 80B2C988 00000000 */  nop
.L80B2C98C:
/* 0029C 80B2C98C 44051000 */  mfc1    $a1, $f2                   
/* 002A0 80B2C990 0C03FDB1 */  jal     func_800FF6C4              
/* 002A4 80B2C994 8FA60030 */  lw      $a2, 0x0030($sp)           
/* 002A8 80B2C998 10000004 */  beq     $zero, $zero, .L80B2C9AC   
/* 002AC 80B2C99C 8FBF0014 */  lw      $ra, 0x0014($sp)           
.L80B2C9A0:
/* 002B0 80B2C9A0 0C03FD43 */  jal     func_800FF50C              
/* 002B4 80B2C9A4 24A515B0 */  addiu   $a1, $a1, 0x15B0           ## $a1 = 000015B0
/* 002B8 80B2C9A8 8FBF0014 */  lw      $ra, 0x0014($sp)           
.L80B2C9AC:
/* 002BC 80B2C9AC 27BD0030 */  addiu   $sp, $sp, 0x0030           ## $sp = 00000000
/* 002C0 80B2C9B0 03E00008 */  jr      $ra                        
/* 002C4 80B2C9B4 00000000 */  nop


glabel func_80B2C9B8
/* 002C8 80B2C9B8 27BDFFE8 */  addiu   $sp, $sp, 0xFFE8           ## $sp = FFFFFFE8
/* 002CC 80B2C9BC AFBF0014 */  sw      $ra, 0x0014($sp)           
/* 002D0 80B2C9C0 AFA5001C */  sw      $a1, 0x001C($sp)           
/* 002D4 80B2C9C4 00803825 */  or      $a3, $a0, $zero            ## $a3 = 00000000
/* 002D8 80B2C9C8 8FAE001C */  lw      $t6, 0x001C($sp)           
/* 002DC 80B2C9CC 24E40028 */  addiu   $a0, $a3, 0x0028           ## $a0 = 00000028
/* 002E0 80B2C9D0 3C063F80 */  lui     $a2, 0x3F80                ## $a2 = 3F800000
/* 002E4 80B2C9D4 8DC21CCC */  lw      $v0, 0x1CCC($t6)           ## 00001CCC
/* 002E8 80B2C9D8 8C450028 */  lw      $a1, 0x0028($v0)           ## 00000028
/* 002EC 80B2C9DC 0C03FC0F */  jal     func_800FF03C              
/* 002F0 80B2C9E0 AFA70018 */  sw      $a3, 0x0018($sp)           
/* 002F4 80B2C9E4 8FA70018 */  lw      $a3, 0x0018($sp)           
/* 002F8 80B2C9E8 90E4018D */  lbu     $a0, 0x018D($a3)           ## 0000018D
/* 002FC 80B2C9EC 000422C0 */  sll     $a0, $a0, 11               
/* 00300 80B2C9F0 00042400 */  sll     $a0, $a0, 16               
/* 00304 80B2C9F4 0C03FB61 */  jal     func_800FED84              
/* 00308 80B2C9F8 00042403 */  sra     $a0, $a0, 16               
/* 0030C 80B2C9FC 3C014020 */  lui     $at, 0x4020                ## $at = 40200000
/* 00310 80B2CA00 44813000 */  mtc1    $at, $f6                   ## $f6 = 2.50
/* 00314 80B2CA04 8FA70018 */  lw      $a3, 0x0018($sp)           
/* 00318 80B2CA08 24180020 */  addiu   $t8, $zero, 0x0020         ## $t8 = 00000020
/* 0031C 80B2CA0C 46003202 */  mul.s   $f8, $f6, $f0              
/* 00320 80B2CA10 C4E40028 */  lwc1    $f4, 0x0028($a3)           ## 00000028
/* 00324 80B2CA14 90E2018D */  lbu     $v0, 0x018D($a3)           ## 0000018D
/* 00328 80B2CA18 244FFFFF */  addiu   $t7, $v0, 0xFFFF           ## $t7 = FFFFFFFF
/* 0032C 80B2CA1C 46082280 */  add.s   $f10, $f4, $f8             
/* 00330 80B2CA20 10400003 */  beq     $v0, $zero, .L80B2CA30     
/* 00334 80B2CA24 E4EA0028 */  swc1    $f10, 0x0028($a3)          ## 00000028
/* 00338 80B2CA28 A0EF018D */  sb      $t7, 0x018D($a3)           ## 0000018D
/* 0033C 80B2CA2C 31E200FF */  andi    $v0, $t7, 0x00FF           ## $v0 = 000000FF
.L80B2CA30:
/* 00340 80B2CA30 54400003 */  bnel    $v0, $zero, .L80B2CA40     
/* 00344 80B2CA34 8FBF0014 */  lw      $ra, 0x0014($sp)           
/* 00348 80B2CA38 A0F8018D */  sb      $t8, 0x018D($a3)           ## 0000018D
/* 0034C 80B2CA3C 8FBF0014 */  lw      $ra, 0x0014($sp)           
.L80B2CA40:
/* 00350 80B2CA40 27BD0018 */  addiu   $sp, $sp, 0x0018           ## $sp = 00000000
/* 00354 80B2CA44 03E00008 */  jr      $ra                        
/* 00358 80B2CA48 00000000 */  nop


glabel func_80B2CA4C
/* 0035C 80B2CA4C 27BDFFE8 */  addiu   $sp, $sp, 0xFFE8           ## $sp = FFFFFFE8
/* 00360 80B2CA50 AFBF0014 */  sw      $ra, 0x0014($sp)           
/* 00364 80B2CA54 00803025 */  or      $a2, $a0, $zero            ## $a2 = 00000000
/* 00368 80B2CA58 3C050600 */  lui     $a1, 0x0600                ## $a1 = 06000000
/* 0036C 80B2CA5C 24A515B0 */  addiu   $a1, $a1, 0x15B0           ## $a1 = 060015B0
/* 00370 80B2CA60 24C40144 */  addiu   $a0, $a2, 0x0144           ## $a0 = 00000144
/* 00374 80B2CA64 0C04DD50 */  jal     func_80137540              
/* 00378 80B2CA68 AFA60018 */  sw      $a2, 0x0018($sp)           
/* 0037C 80B2CA6C 24040002 */  addiu   $a0, $zero, 0x0002         ## $a0 = 00000002
/* 00380 80B2CA70 0C03FD14 */  jal     func_800FF450              
/* 00384 80B2CA74 24050003 */  addiu   $a1, $zero, 0x0003         ## $a1 = 00000003
/* 00388 80B2CA78 8FA60018 */  lw      $a2, 0x0018($sp)           
/* 0038C 80B2CA7C 44802000 */  mtc1    $zero, $f4                 ## $f4 = 0.00
/* 00390 80B2CA80 3C0E80B3 */  lui     $t6, %hi(func_80B2CAA4)    ## $t6 = 80B30000
/* 00394 80B2CA84 25CECAA4 */  addiu   $t6, $t6, %lo(func_80B2CAA4) ## $t6 = 80B2CAA4
/* 00398 80B2CA88 A4C2018E */  sh      $v0, 0x018E($a2)           ## 0000018E
/* 0039C 80B2CA8C ACCE0188 */  sw      $t6, 0x0188($a2)           ## 00000188
/* 003A0 80B2CA90 E4C40070 */  swc1    $f4, 0x0070($a2)           ## 00000070
/* 003A4 80B2CA94 8FBF0014 */  lw      $ra, 0x0014($sp)           
/* 003A8 80B2CA98 27BD0018 */  addiu   $sp, $sp, 0x0018           ## $sp = 00000000
/* 003AC 80B2CA9C 03E00008 */  jr      $ra                        
/* 003B0 80B2CAA0 00000000 */  nop


glabel func_80B2CAA4
/* 003B4 80B2CAA4 27BDFFD8 */  addiu   $sp, $sp, 0xFFD8           ## $sp = FFFFFFD8
/* 003B8 80B2CAA8 AFB00018 */  sw      $s0, 0x0018($sp)           
/* 003BC 80B2CAAC 00808025 */  or      $s0, $a0, $zero            ## $s0 = 00000000
/* 003C0 80B2CAB0 AFBF001C */  sw      $ra, 0x001C($sp)           
/* 003C4 80B2CAB4 AFA5002C */  sw      $a1, 0x002C($sp)           
/* 003C8 80B2CAB8 26040144 */  addiu   $a0, $s0, 0x0144           ## $a0 = 00000144
/* 003CC 80B2CABC 0C04DB34 */  jal     func_80136CD0              
/* 003D0 80B2CAC0 AFA40024 */  sw      $a0, 0x0024($sp)           
/* 003D4 80B2CAC4 8FA40024 */  lw      $a0, 0x0024($sp)           
/* 003D8 80B2CAC8 0C04DE2E */  jal     func_801378B8              
/* 003DC 80B2CACC 24050000 */  addiu   $a1, $zero, 0x0000         ## $a1 = 00000000
/* 003E0 80B2CAD0 10400005 */  beq     $v0, $zero, .L80B2CAE8     
/* 003E4 80B2CAD4 02002025 */  or      $a0, $s0, $zero            ## $a0 = 00000000
/* 003E8 80B2CAD8 8602018E */  lh      $v0, 0x018E($s0)           ## 0000018E
/* 003EC 80B2CADC 10400002 */  beq     $v0, $zero, .L80B2CAE8     
/* 003F0 80B2CAE0 244EFFFF */  addiu   $t6, $v0, 0xFFFF           ## $t6 = FFFFFFFF
/* 003F4 80B2CAE4 A60E018E */  sh      $t6, 0x018E($s0)           ## 0000018E
.L80B2CAE8:
/* 003F8 80B2CAE8 0C2CB26E */  jal     func_80B2C9B8              
/* 003FC 80B2CAEC 8FA5002C */  lw      $a1, 0x002C($sp)           
/* 00400 80B2CAF0 3C014348 */  lui     $at, 0x4348                ## $at = 43480000
/* 00404 80B2CAF4 44813000 */  mtc1    $at, $f6                   ## $f6 = 200.00
/* 00408 80B2CAF8 C6040098 */  lwc1    $f4, 0x0098($s0)           ## 00000098
/* 0040C 80B2CAFC 4606203C */  c.lt.s  $f4, $f6                   
/* 00410 80B2CB00 00000000 */  nop
/* 00414 80B2CB04 45020006 */  bc1fl   .L80B2CB20                 
/* 00418 80B2CB08 860F018E */  lh      $t7, 0x018E($s0)           ## 0000018E
/* 0041C 80B2CB0C 0C2CB345 */  jal     func_80B2CD14              
/* 00420 80B2CB10 02002025 */  or      $a0, $s0, $zero            ## $a0 = 00000000
/* 00424 80B2CB14 10000007 */  beq     $zero, $zero, .L80B2CB34   
/* 00428 80B2CB18 92180197 */  lbu     $t8, 0x0197($s0)           ## 00000197
/* 0042C 80B2CB1C 860F018E */  lh      $t7, 0x018E($s0)           ## 0000018E
.L80B2CB20:
/* 00430 80B2CB20 55E00004 */  bnel    $t7, $zero, .L80B2CB34     
/* 00434 80B2CB24 92180197 */  lbu     $t8, 0x0197($s0)           ## 00000197
/* 00438 80B2CB28 0C2CB2D8 */  jal     func_80B2CB60              
/* 0043C 80B2CB2C 02002025 */  or      $a0, $s0, $zero            ## $a0 = 00000000
/* 00440 80B2CB30 92180197 */  lbu     $t8, 0x0197($s0)           ## 00000197
.L80B2CB34:
/* 00444 80B2CB34 240100FF */  addiu   $at, $zero, 0x00FF         ## $at = 000000FF
/* 00448 80B2CB38 02002025 */  or      $a0, $s0, $zero            ## $a0 = 00000000
/* 0044C 80B2CB3C 57010004 */  bnel    $t8, $at, .L80B2CB50       
/* 00450 80B2CB40 8FBF001C */  lw      $ra, 0x001C($sp)           
/* 00454 80B2CB44 0C02E404 */  jal     func_800B9010              
/* 00458 80B2CB48 24053071 */  addiu   $a1, $zero, 0x3071         ## $a1 = 00003071
/* 0045C 80B2CB4C 8FBF001C */  lw      $ra, 0x001C($sp)           
.L80B2CB50:
/* 00460 80B2CB50 8FB00018 */  lw      $s0, 0x0018($sp)           
/* 00464 80B2CB54 27BD0028 */  addiu   $sp, $sp, 0x0028           ## $sp = 00000000
/* 00468 80B2CB58 03E00008 */  jr      $ra                        
/* 0046C 80B2CB5C 00000000 */  nop


glabel func_80B2CB60
/* 00470 80B2CB60 27BDFFE8 */  addiu   $sp, $sp, 0xFFE8           ## $sp = FFFFFFE8
/* 00474 80B2CB64 AFBF0014 */  sw      $ra, 0x0014($sp)           
/* 00478 80B2CB68 00803025 */  or      $a2, $a0, $zero            ## $a2 = 00000000
/* 0047C 80B2CB6C 3C050600 */  lui     $a1, 0x0600                ## $a1 = 06000000
/* 00480 80B2CB70 24A50A60 */  addiu   $a1, $a1, 0x0A60           ## $a1 = 06000A60
/* 00484 80B2CB74 24C40144 */  addiu   $a0, $a2, 0x0144           ## $a0 = 00000144
/* 00488 80B2CB78 0C04DD50 */  jal     func_80137540              
/* 0048C 80B2CB7C AFA60018 */  sw      $a2, 0x0018($sp)           
/* 00490 80B2CB80 2404000F */  addiu   $a0, $zero, 0x000F         ## $a0 = 0000000F
/* 00494 80B2CB84 0C03FD14 */  jal     func_800FF450              
/* 00498 80B2CB88 24050003 */  addiu   $a1, $zero, 0x0003         ## $a1 = 00000003
/* 0049C 80B2CB8C 8FA60018 */  lw      $a2, 0x0018($sp)           
/* 004A0 80B2CB90 3C1880B3 */  lui     $t8, %hi(func_80B2CBBC)    ## $t8 = 80B30000
/* 004A4 80B2CB94 2718CBBC */  addiu   $t8, $t8, %lo(func_80B2CBBC) ## $t8 = 80B2CBBC
/* 004A8 80B2CB98 90CE033D */  lbu     $t6, 0x033D($a2)           ## 0000033D
/* 004AC 80B2CB9C A4C2018E */  sh      $v0, 0x018E($a2)           ## 0000018E
/* 004B0 80B2CBA0 ACD80188 */  sw      $t8, 0x0188($a2)           ## 00000188
/* 004B4 80B2CBA4 35CF0001 */  ori     $t7, $t6, 0x0001           ## $t7 = 00000001
/* 004B8 80B2CBA8 A0CF033D */  sb      $t7, 0x033D($a2)           ## 0000033D
/* 004BC 80B2CBAC 8FBF0014 */  lw      $ra, 0x0014($sp)           
/* 004C0 80B2CBB0 27BD0018 */  addiu   $sp, $sp, 0x0018           ## $sp = 00000000
/* 004C4 80B2CBB4 03E00008 */  jr      $ra                        
/* 004C8 80B2CBB8 00000000 */  nop


glabel func_80B2CBBC
/* 004CC 80B2CBBC 27BDFFD8 */  addiu   $sp, $sp, 0xFFD8           ## $sp = FFFFFFD8
/* 004D0 80B2CBC0 AFB00018 */  sw      $s0, 0x0018($sp)           
/* 004D4 80B2CBC4 00808025 */  or      $s0, $a0, $zero            ## $s0 = 00000000
/* 004D8 80B2CBC8 AFBF001C */  sw      $ra, 0x001C($sp)           
/* 004DC 80B2CBCC AFA5002C */  sw      $a1, 0x002C($sp)           
/* 004E0 80B2CBD0 26040144 */  addiu   $a0, $s0, 0x0144           ## $a0 = 00000144
/* 004E4 80B2CBD4 0C04DB34 */  jal     func_80136CD0              
/* 004E8 80B2CBD8 AFA40024 */  sw      $a0, 0x0024($sp)           
/* 004EC 80B2CBDC 3C063E4C */  lui     $a2, 0x3E4C                ## $a2 = 3E4C0000
/* 004F0 80B2CBE0 34C6CCCD */  ori     $a2, $a2, 0xCCCD           ## $a2 = 3E4CCCCD
/* 004F4 80B2CBE4 26040070 */  addiu   $a0, $s0, 0x0070           ## $a0 = 00000070
/* 004F8 80B2CBE8 0C03FC0F */  jal     func_800FF03C              
/* 004FC 80B2CBEC 3C053F80 */  lui     $a1, 0x3F80                ## $a1 = 3F800000
/* 00500 80B2CBF0 8FA40024 */  lw      $a0, 0x0024($sp)           
/* 00504 80B2CBF4 0C04DE2E */  jal     func_801378B8              
/* 00508 80B2CBF8 24050000 */  addiu   $a1, $zero, 0x0000         ## $a1 = 00000000
/* 0050C 80B2CBFC 10400005 */  beq     $v0, $zero, .L80B2CC14     
/* 00510 80B2CC00 02002025 */  or      $a0, $s0, $zero            ## $a0 = 00000000
/* 00514 80B2CC04 8602018E */  lh      $v0, 0x018E($s0)           ## 0000018E
/* 00518 80B2CC08 10400002 */  beq     $v0, $zero, .L80B2CC14     
/* 0051C 80B2CC0C 244EFFFF */  addiu   $t6, $v0, 0xFFFF           ## $t6 = FFFFFFFF
/* 00520 80B2CC10 A60E018E */  sh      $t6, 0x018E($s0)           ## 0000018E
.L80B2CC14:
/* 00524 80B2CC14 26050008 */  addiu   $a1, $s0, 0x0008           ## $a1 = 00000008
/* 00528 80B2CC18 0C02DB92 */  jal     func_800B6E48              
/* 0052C 80B2CC1C AFA50024 */  sw      $a1, 0x0024($sp)           
/* 00530 80B2CC20 3C0143C8 */  lui     $at, 0x43C8                ## $at = 43C80000
/* 00534 80B2CC24 44812000 */  mtc1    $at, $f4                   ## $f4 = 400.00
/* 00538 80B2CC28 8FA50024 */  lw      $a1, 0x0024($sp)           
/* 0053C 80B2CC2C 4600203C */  c.lt.s  $f4, $f0                   
/* 00540 80B2CC30 00000000 */  nop
/* 00544 80B2CC34 45020005 */  bc1fl   .L80B2CC4C                 
/* 00548 80B2CC38 26040032 */  addiu   $a0, $s0, 0x0032           ## $a0 = 00000032
/* 0054C 80B2CC3C 0C02DB4B */  jal     func_800B6D2C              
/* 00550 80B2CC40 02002025 */  or      $a0, $s0, $zero            ## $a0 = 00000000
/* 00554 80B2CC44 A6020192 */  sh      $v0, 0x0192($s0)           ## 00000192
/* 00558 80B2CC48 26040032 */  addiu   $a0, $s0, 0x0032           ## $a0 = 00000032
.L80B2CC4C:
/* 0055C 80B2CC4C 86050192 */  lh      $a1, 0x0192($s0)           ## 00000192
/* 00560 80B2CC50 0C03FB9C */  jal     func_800FEE70              
/* 00564 80B2CC54 2406071C */  addiu   $a2, $zero, 0x071C         ## $a2 = 0000071C
/* 00568 80B2CC58 02002025 */  or      $a0, $s0, $zero            ## $a0 = 00000000
/* 0056C 80B2CC5C 0C2CB26E */  jal     func_80B2C9B8              
/* 00570 80B2CC60 8FA5002C */  lw      $a1, 0x002C($sp)           
/* 00574 80B2CC64 3C014348 */  lui     $at, 0x4348                ## $at = 43480000
/* 00578 80B2CC68 44814000 */  mtc1    $at, $f8                   ## $f8 = 200.00
/* 0057C 80B2CC6C C6060098 */  lwc1    $f6, 0x0098($s0)           ## 00000098
/* 00580 80B2CC70 4608303C */  c.lt.s  $f6, $f8                   
/* 00584 80B2CC74 00000000 */  nop
/* 00588 80B2CC78 4502000A */  bc1fl   .L80B2CCA4                 
/* 0058C 80B2CC7C 8618018E */  lh      $t8, 0x018E($s0)           ## 0000018E
/* 00590 80B2CC80 860F018E */  lh      $t7, 0x018E($s0)           ## 0000018E
/* 00594 80B2CC84 29E10013 */  slti    $at, $t7, 0x0013           
/* 00598 80B2CC88 50200006 */  beql    $at, $zero, .L80B2CCA4     
/* 0059C 80B2CC8C 8618018E */  lh      $t8, 0x018E($s0)           ## 0000018E
/* 005A0 80B2CC90 0C2CB345 */  jal     func_80B2CD14              
/* 005A4 80B2CC94 02002025 */  or      $a0, $s0, $zero            ## $a0 = 00000000
/* 005A8 80B2CC98 10000013 */  beq     $zero, $zero, .L80B2CCE8   
/* 005AC 80B2CC9C 92190197 */  lbu     $t9, 0x0197($s0)           ## 00000197
/* 005B0 80B2CCA0 8618018E */  lh      $t8, 0x018E($s0)           ## 0000018E
.L80B2CCA4:
/* 005B4 80B2CCA4 57000010 */  bnel    $t8, $zero, .L80B2CCE8     
/* 005B8 80B2CCA8 92190197 */  lbu     $t9, 0x0197($s0)           ## 00000197
/* 005BC 80B2CCAC 0C021BF7 */  jal     func_80086FDC              
/* 005C0 80B2CCB0 00000000 */  nop
/* 005C4 80B2CCB4 3C0180B3 */  lui     $at, %hi(D_80B2F760)       ## $at = 80B30000
/* 005C8 80B2CCB8 C42AF760 */  lwc1    $f10, %lo(D_80B2F760)($at) 
/* 005CC 80B2CCBC 460A003C */  c.lt.s  $f0, $f10                  
/* 005D0 80B2CCC0 00000000 */  nop
/* 005D4 80B2CCC4 45000005 */  bc1f    .L80B2CCDC                 
/* 005D8 80B2CCC8 00000000 */  nop
/* 005DC 80B2CCCC 0C2CB5A5 */  jal     func_80B2D694              
/* 005E0 80B2CCD0 02002025 */  or      $a0, $s0, $zero            ## $a0 = 00000000
/* 005E4 80B2CCD4 10000004 */  beq     $zero, $zero, .L80B2CCE8   
/* 005E8 80B2CCD8 92190197 */  lbu     $t9, 0x0197($s0)           ## 00000197
.L80B2CCDC:
/* 005EC 80B2CCDC 0C2CB293 */  jal     func_80B2CA4C              
/* 005F0 80B2CCE0 02002025 */  or      $a0, $s0, $zero            ## $a0 = 00000000
/* 005F4 80B2CCE4 92190197 */  lbu     $t9, 0x0197($s0)           ## 00000197
.L80B2CCE8:
/* 005F8 80B2CCE8 240100FF */  addiu   $at, $zero, 0x00FF         ## $at = 000000FF
/* 005FC 80B2CCEC 02002025 */  or      $a0, $s0, $zero            ## $a0 = 00000000
/* 00600 80B2CCF0 57210004 */  bnel    $t9, $at, .L80B2CD04       
/* 00604 80B2CCF4 8FBF001C */  lw      $ra, 0x001C($sp)           
/* 00608 80B2CCF8 0C02E404 */  jal     func_800B9010              
/* 0060C 80B2CCFC 24053071 */  addiu   $a1, $zero, 0x3071         ## $a1 = 00003071
/* 00610 80B2CD00 8FBF001C */  lw      $ra, 0x001C($sp)           
.L80B2CD04:
/* 00614 80B2CD04 8FB00018 */  lw      $s0, 0x0018($sp)           
/* 00618 80B2CD08 27BD0028 */  addiu   $sp, $sp, 0x0028           ## $sp = 00000000
/* 0061C 80B2CD0C 03E00008 */  jr      $ra                        
/* 00620 80B2CD10 00000000 */  nop


glabel func_80B2CD14
/* 00624 80B2CD14 27BDFFE8 */  addiu   $sp, $sp, 0xFFE8           ## $sp = FFFFFFE8
/* 00628 80B2CD18 AFBF0014 */  sw      $ra, 0x0014($sp)           
/* 0062C 80B2CD1C 00803025 */  or      $a2, $a0, $zero            ## $a2 = 00000000
/* 00630 80B2CD20 3C050600 */  lui     $a1, 0x0600                ## $a1 = 06000000
/* 00634 80B2CD24 24A50A60 */  addiu   $a1, $a1, 0x0A60           ## $a1 = 06000A60
/* 00638 80B2CD28 24C40144 */  addiu   $a0, $a2, 0x0144           ## $a0 = 00000144
/* 0063C 80B2CD2C 0C04DD50 */  jal     func_80137540              
/* 00640 80B2CD30 AFA60018 */  sw      $a2, 0x0018($sp)           
/* 00644 80B2CD34 8FA60018 */  lw      $a2, 0x0018($sp)           
/* 00648 80B2CD38 3C014000 */  lui     $at, 0x4000                ## $at = 40000000
/* 0064C 80B2CD3C 44812000 */  mtc1    $at, $f4                   ## $f4 = 2.00
/* 00650 80B2CD40 3C0E80B3 */  lui     $t6, %hi(func_80B2CD64)    ## $t6 = 80B30000
/* 00654 80B2CD44 25CECD64 */  addiu   $t6, $t6, %lo(func_80B2CD64) ## $t6 = 80B2CD64
/* 00658 80B2CD48 ACCE0188 */  sw      $t6, 0x0188($a2)           ## 00000188
/* 0065C 80B2CD4C A4C0018E */  sh      $zero, 0x018E($a2)         ## 0000018E
/* 00660 80B2CD50 E4C40070 */  swc1    $f4, 0x0070($a2)           ## 00000070
/* 00664 80B2CD54 8FBF0014 */  lw      $ra, 0x0014($sp)           
/* 00668 80B2CD58 27BD0018 */  addiu   $sp, $sp, 0x0018           ## $sp = 00000000
/* 0066C 80B2CD5C 03E00008 */  jr      $ra                        
/* 00670 80B2CD60 00000000 */  nop


glabel func_80B2CD64
/* 00674 80B2CD64 27BDFFD8 */  addiu   $sp, $sp, 0xFFD8           ## $sp = FFFFFFD8
/* 00678 80B2CD68 AFB00018 */  sw      $s0, 0x0018($sp)           
/* 0067C 80B2CD6C 00808025 */  or      $s0, $a0, $zero            ## $s0 = 00000000
/* 00680 80B2CD70 AFBF001C */  sw      $ra, 0x001C($sp)           
/* 00684 80B2CD74 AFA5002C */  sw      $a1, 0x002C($sp)           
/* 00688 80B2CD78 8FAE002C */  lw      $t6, 0x002C($sp)           
/* 0068C 80B2CD7C 26040144 */  addiu   $a0, $s0, 0x0144           ## $a0 = 00000144
/* 00690 80B2CD80 8DCF1CCC */  lw      $t7, 0x1CCC($t6)           ## 00001CCC
/* 00694 80B2CD84 0C04DB34 */  jal     func_80136CD0              
/* 00698 80B2CD88 AFAF0024 */  sw      $t7, 0x0024($sp)           
/* 0069C 80B2CD8C 8603018E */  lh      $v1, 0x018E($s0)           ## 0000018E
/* 006A0 80B2CD90 26040032 */  addiu   $a0, $s0, 0x0032           ## $a0 = 00000032
/* 006A4 80B2CD94 2406071C */  addiu   $a2, $zero, 0x071C         ## $a2 = 0000071C
/* 006A8 80B2CD98 10600002 */  beq     $v1, $zero, .L80B2CDA4     
/* 006AC 80B2CD9C 2478FFFF */  addiu   $t8, $v1, 0xFFFF           ## $t8 = FFFFFFFF
/* 006B0 80B2CDA0 A618018E */  sh      $t8, 0x018E($s0)           ## 0000018E
.L80B2CDA4:
/* 006B4 80B2CDA4 8FB90024 */  lw      $t9, 0x0024($sp)           
/* 006B8 80B2CDA8 86070092 */  lh      $a3, 0x0092($s0)           ## 00000092
/* 006BC 80B2CDAC 872800BE */  lh      $t0, 0x00BE($t9)           ## 000000BE
/* 006C0 80B2CDB0 24E53000 */  addiu   $a1, $a3, 0x3000           ## $a1 = 00003000
/* 006C4 80B2CDB4 00052C00 */  sll     $a1, $a1, 16               
/* 006C8 80B2CDB8 00E81023 */  subu    $v0, $a3, $t0              
/* 006CC 80B2CDBC 00021400 */  sll     $v0, $v0, 16               
/* 006D0 80B2CDC0 00021403 */  sra     $v0, $v0, 16               
/* 006D4 80B2CDC4 28413001 */  slti    $at, $v0, 0x3001           
/* 006D8 80B2CDC8 54200006 */  bnel    $at, $zero, .L80B2CDE4     
/* 006DC 80B2CDCC 2841D000 */  slti    $at, $v0, 0xD000           
/* 006E0 80B2CDD0 0C03FB9C */  jal     func_800FEE70              
/* 006E4 80B2CDD4 00052C03 */  sra     $a1, $a1, 16               
/* 006E8 80B2CDD8 10000011 */  beq     $zero, $zero, .L80B2CE20   
/* 006EC 80B2CDDC 02002025 */  or      $a0, $s0, $zero            ## $a0 = 00000000
/* 006F0 80B2CDE0 2841D000 */  slti    $at, $v0, 0xD000           
.L80B2CDE4:
/* 006F4 80B2CDE4 10200009 */  beq     $at, $zero, .L80B2CE0C     
/* 006F8 80B2CDE8 26040032 */  addiu   $a0, $s0, 0x0032           ## $a0 = 00000032
/* 006FC 80B2CDEC 24E5D000 */  addiu   $a1, $a3, 0xD000           ## $a1 = FFFFD000
/* 00700 80B2CDF0 00052C00 */  sll     $a1, $a1, 16               
/* 00704 80B2CDF4 00052C03 */  sra     $a1, $a1, 16               
/* 00708 80B2CDF8 26040032 */  addiu   $a0, $s0, 0x0032           ## $a0 = 00000032
/* 0070C 80B2CDFC 0C03FB9C */  jal     func_800FEE70              
/* 00710 80B2CE00 2406071C */  addiu   $a2, $zero, 0x071C         ## $a2 = 0000071C
/* 00714 80B2CE04 10000006 */  beq     $zero, $zero, .L80B2CE20   
/* 00718 80B2CE08 02002025 */  or      $a0, $s0, $zero            ## $a0 = 00000000
.L80B2CE0C:
/* 0071C 80B2CE0C 00072C00 */  sll     $a1, $a3, 16               
/* 00720 80B2CE10 00052C03 */  sra     $a1, $a1, 16               
/* 00724 80B2CE14 0C03FB9C */  jal     func_800FEE70              
/* 00728 80B2CE18 2406071C */  addiu   $a2, $zero, 0x071C         ## $a2 = 0000071C
/* 0072C 80B2CE1C 02002025 */  or      $a0, $s0, $zero            ## $a0 = 00000000
.L80B2CE20:
/* 00730 80B2CE20 0C2CB26E */  jal     func_80B2C9B8              
/* 00734 80B2CE24 8FA5002C */  lw      $a1, 0x002C($sp)           
/* 00738 80B2CE28 3C01438C */  lui     $at, 0x438C                ## $at = 438C0000
/* 0073C 80B2CE2C 44812000 */  mtc1    $at, $f4                   ## $f4 = 280.00
/* 00740 80B2CE30 C6000098 */  lwc1    $f0, 0x0098($s0)           ## 00000098
/* 00744 80B2CE34 4600203C */  c.lt.s  $f4, $f0                   
/* 00748 80B2CE38 00000000 */  nop
/* 0074C 80B2CE3C 45020006 */  bc1fl   .L80B2CE58                 
/* 00750 80B2CE40 8609018E */  lh      $t1, 0x018E($s0)           ## 0000018E
/* 00754 80B2CE44 0C2CB2D8 */  jal     func_80B2CB60              
/* 00758 80B2CE48 02002025 */  or      $a0, $s0, $zero            ## $a0 = 00000000
/* 0075C 80B2CE4C 10000013 */  beq     $zero, $zero, .L80B2CE9C   
/* 00760 80B2CE50 920A0197 */  lbu     $t2, 0x0197($s0)           ## 00000197
/* 00764 80B2CE54 8609018E */  lh      $t1, 0x018E($s0)           ## 0000018E
.L80B2CE58:
/* 00768 80B2CE58 3C01430C */  lui     $at, 0x430C                ## $at = 430C0000
/* 0076C 80B2CE5C 5520000F */  bnel    $t1, $zero, .L80B2CE9C     
/* 00770 80B2CE60 920A0197 */  lbu     $t2, 0x0197($s0)           ## 00000197
/* 00774 80B2CE64 44813000 */  mtc1    $at, $f6                   ## $f6 = 140.00
/* 00778 80B2CE68 02002025 */  or      $a0, $s0, $zero            ## $a0 = 00000000
/* 0077C 80B2CE6C 24052AAA */  addiu   $a1, $zero, 0x2AAA         ## $a1 = 00002AAA
/* 00780 80B2CE70 4606003C */  c.lt.s  $f0, $f6                   
/* 00784 80B2CE74 00000000 */  nop
/* 00788 80B2CE78 45020008 */  bc1fl   .L80B2CE9C                 
/* 0078C 80B2CE7C 920A0197 */  lbu     $t2, 0x0197($s0)           ## 00000197
/* 00790 80B2CE80 0C02DCC8 */  jal     func_800B7320              
/* 00794 80B2CE84 8FA6002C */  lw      $a2, 0x002C($sp)           
/* 00798 80B2CE88 54400004 */  bnel    $v0, $zero, .L80B2CE9C     
/* 0079C 80B2CE8C 920A0197 */  lbu     $t2, 0x0197($s0)           ## 00000197
/* 007A0 80B2CE90 0C2CB3B2 */  jal     func_80B2CEC8              
/* 007A4 80B2CE94 02002025 */  or      $a0, $s0, $zero            ## $a0 = 00000000
/* 007A8 80B2CE98 920A0197 */  lbu     $t2, 0x0197($s0)           ## 00000197
.L80B2CE9C:
/* 007AC 80B2CE9C 240100FF */  addiu   $at, $zero, 0x00FF         ## $at = 000000FF
/* 007B0 80B2CEA0 02002025 */  or      $a0, $s0, $zero            ## $a0 = 00000000
/* 007B4 80B2CEA4 55410004 */  bnel    $t2, $at, .L80B2CEB8       
/* 007B8 80B2CEA8 8FBF001C */  lw      $ra, 0x001C($sp)           
/* 007BC 80B2CEAC 0C02E404 */  jal     func_800B9010              
/* 007C0 80B2CEB0 24053071 */  addiu   $a1, $zero, 0x3071         ## $a1 = 00003071
/* 007C4 80B2CEB4 8FBF001C */  lw      $ra, 0x001C($sp)           
.L80B2CEB8:
/* 007C8 80B2CEB8 8FB00018 */  lw      $s0, 0x0018($sp)           
/* 007CC 80B2CEBC 27BD0028 */  addiu   $sp, $sp, 0x0028           ## $sp = 00000000
/* 007D0 80B2CEC0 03E00008 */  jr      $ra                        
/* 007D4 80B2CEC4 00000000 */  nop


glabel func_80B2CEC8
/* 007D8 80B2CEC8 27BDFFE8 */  addiu   $sp, $sp, 0xFFE8           ## $sp = FFFFFFE8
/* 007DC 80B2CECC AFBF0014 */  sw      $ra, 0x0014($sp)           
/* 007E0 80B2CED0 00803825 */  or      $a3, $a0, $zero            ## $a3 = 00000000
/* 007E4 80B2CED4 3C050600 */  lui     $a1, 0x0600                ## $a1 = 06000000
/* 007E8 80B2CED8 24A501A8 */  addiu   $a1, $a1, 0x01A8           ## $a1 = 060001A8
/* 007EC 80B2CEDC 24E40144 */  addiu   $a0, $a3, 0x0144           ## $a0 = 00000144
/* 007F0 80B2CEE0 3C06C0C0 */  lui     $a2, 0xC0C0                ## $a2 = C0C00000
/* 007F4 80B2CEE4 0C04DD65 */  jal     func_80137594              
/* 007F8 80B2CEE8 AFA70018 */  sw      $a3, 0x0018($sp)           
/* 007FC 80B2CEEC 8FA40018 */  lw      $a0, 0x0018($sp)           
/* 00800 80B2CEF0 44802000 */  mtc1    $zero, $f4                 ## $f4 = 0.00
/* 00804 80B2CEF4 240E000C */  addiu   $t6, $zero, 0x000C         ## $t6 = 0000000C
/* 00808 80B2CEF8 240538EC */  addiu   $a1, $zero, 0x38EC         ## $a1 = 000038EC
/* 0080C 80B2CEFC A48E018E */  sh      $t6, 0x018E($a0)           ## 0000018E
/* 00810 80B2CF00 0C02E3B2 */  jal     func_800B8EC8              
/* 00814 80B2CF04 E4840070 */  swc1    $f4, 0x0070($a0)           ## 00000070
/* 00818 80B2CF08 8FA70018 */  lw      $a3, 0x0018($sp)           
/* 0081C 80B2CF0C 3C0F80B3 */  lui     $t7, %hi(func_80B2CF28)    ## $t7 = 80B30000
/* 00820 80B2CF10 25EFCF28 */  addiu   $t7, $t7, %lo(func_80B2CF28) ## $t7 = 80B2CF28
/* 00824 80B2CF14 ACEF0188 */  sw      $t7, 0x0188($a3)           ## 00000188
/* 00828 80B2CF18 8FBF0014 */  lw      $ra, 0x0014($sp)           
/* 0082C 80B2CF1C 27BD0018 */  addiu   $sp, $sp, 0x0018           ## $sp = 00000000
/* 00830 80B2CF20 03E00008 */  jr      $ra                        
/* 00834 80B2CF24 00000000 */  nop


glabel func_80B2CF28
/* 00838 80B2CF28 27BDFFD8 */  addiu   $sp, $sp, 0xFFD8           ## $sp = FFFFFFD8
/* 0083C 80B2CF2C AFB00018 */  sw      $s0, 0x0018($sp)           
/* 00840 80B2CF30 00808025 */  or      $s0, $a0, $zero            ## $s0 = 00000000
/* 00844 80B2CF34 AFBF001C */  sw      $ra, 0x001C($sp)           
/* 00848 80B2CF38 AFA5002C */  sw      $a1, 0x002C($sp)           
/* 0084C 80B2CF3C 26040144 */  addiu   $a0, $s0, 0x0144           ## $a0 = 00000144
/* 00850 80B2CF40 0C04DB34 */  jal     func_80136CD0              
/* 00854 80B2CF44 AFA40024 */  sw      $a0, 0x0024($sp)           
/* 00858 80B2CF48 8FA40024 */  lw      $a0, 0x0024($sp)           
/* 0085C 80B2CF4C 0C04DE2E */  jal     func_801378B8              
/* 00860 80B2CF50 24050000 */  addiu   $a1, $zero, 0x0000         ## $a1 = 00000000
/* 00864 80B2CF54 10400007 */  beq     $v0, $zero, .L80B2CF74     
/* 00868 80B2CF58 02002025 */  or      $a0, $s0, $zero            ## $a0 = 00000000
/* 0086C 80B2CF5C 0C02E3B2 */  jal     func_800B8EC8              
/* 00870 80B2CF60 24053870 */  addiu   $a1, $zero, 0x3870         ## $a1 = 00003870
/* 00874 80B2CF64 8602018E */  lh      $v0, 0x018E($s0)           ## 0000018E
/* 00878 80B2CF68 10400002 */  beq     $v0, $zero, .L80B2CF74     
/* 0087C 80B2CF6C 244EFFFF */  addiu   $t6, $v0, 0xFFFF           ## $t6 = FFFFFFFF
/* 00880 80B2CF70 A60E018E */  sh      $t6, 0x018E($s0)           ## 0000018E
.L80B2CF74:
/* 00884 80B2CF74 02002025 */  or      $a0, $s0, $zero            ## $a0 = 00000000
/* 00888 80B2CF78 0C2CB26E */  jal     func_80B2C9B8              
/* 0088C 80B2CF7C 8FA5002C */  lw      $a1, 0x002C($sp)           
/* 00890 80B2CF80 8602018E */  lh      $v0, 0x018E($s0)           ## 0000018E
/* 00894 80B2CF84 26040032 */  addiu   $a0, $s0, 0x0032           ## $a0 = 00000032
/* 00898 80B2CF88 24060AAA */  addiu   $a2, $zero, 0x0AAA         ## $a2 = 00000AAA
/* 0089C 80B2CF8C 2841000A */  slti    $at, $v0, 0x000A           
/* 008A0 80B2CF90 54200006 */  bnel    $at, $zero, .L80B2CFAC     
/* 008A4 80B2CF94 24010009 */  addiu   $at, $zero, 0x0009         ## $at = 00000009
/* 008A8 80B2CF98 0C03FB9C */  jal     func_800FEE70              
/* 008AC 80B2CF9C 86050092 */  lh      $a1, 0x0092($s0)           ## 00000092
/* 008B0 80B2CFA0 10000011 */  beq     $zero, $zero, .L80B2CFE8   
/* 008B4 80B2CFA4 8FBF001C */  lw      $ra, 0x001C($sp)           
/* 008B8 80B2CFA8 24010009 */  addiu   $at, $zero, 0x0009         ## $at = 00000009
.L80B2CFAC:
/* 008BC 80B2CFAC 14410007 */  bne     $v0, $at, .L80B2CFCC       
/* 008C0 80B2CFB0 3C0140A0 */  lui     $at, 0x40A0                ## $at = 40A00000
/* 008C4 80B2CFB4 44812000 */  mtc1    $at, $f4                   ## $f4 = 5.00
/* 008C8 80B2CFB8 3C014000 */  lui     $at, 0x4000                ## $at = 40000000
/* 008CC 80B2CFBC 44813000 */  mtc1    $at, $f6                   ## $f6 = 2.00
/* 008D0 80B2CFC0 E6040070 */  swc1    $f4, 0x0070($s0)           ## 00000070
/* 008D4 80B2CFC4 10000007 */  beq     $zero, $zero, .L80B2CFE4   
/* 008D8 80B2CFC8 E6060160 */  swc1    $f6, 0x0160($s0)           ## 00000160
.L80B2CFCC:
/* 008DC 80B2CFCC 54400006 */  bnel    $v0, $zero, .L80B2CFE8     
/* 008E0 80B2CFD0 8FBF001C */  lw      $ra, 0x001C($sp)           
/* 008E4 80B2CFD4 0C2CB2D8 */  jal     func_80B2CB60              
/* 008E8 80B2CFD8 02002025 */  or      $a0, $s0, $zero            ## $a0 = 00000000
/* 008EC 80B2CFDC 240F0017 */  addiu   $t7, $zero, 0x0017         ## $t7 = 00000017
/* 008F0 80B2CFE0 A60F018E */  sh      $t7, 0x018E($s0)           ## 0000018E
.L80B2CFE4:
/* 008F4 80B2CFE4 8FBF001C */  lw      $ra, 0x001C($sp)           
.L80B2CFE8:
/* 008F8 80B2CFE8 8FB00018 */  lw      $s0, 0x0018($sp)           
/* 008FC 80B2CFEC 27BD0028 */  addiu   $sp, $sp, 0x0028           ## $sp = 00000000
/* 00900 80B2CFF0 03E00008 */  jr      $ra                        
/* 00904 80B2CFF4 00000000 */  nop


glabel func_80B2CFF8
/* 00908 80B2CFF8 27BDFFD8 */  addiu   $sp, $sp, 0xFFD8           ## $sp = FFFFFFD8
/* 0090C 80B2CFFC AFB00020 */  sw      $s0, 0x0020($sp)           
/* 00910 80B2D000 00808025 */  or      $s0, $a0, $zero            ## $s0 = 00000000
/* 00914 80B2D004 AFBF0024 */  sw      $ra, 0x0024($sp)           
/* 00918 80B2D008 3C050600 */  lui     $a1, 0x0600                ## $a1 = 06000000
/* 0091C 80B2D00C 24A504EC */  addiu   $a1, $a1, 0x04EC           ## $a1 = 060004EC
/* 00920 80B2D010 26040144 */  addiu   $a0, $s0, 0x0144           ## $a0 = 00000144
/* 00924 80B2D014 0C04DD22 */  jal     func_80137488              
/* 00928 80B2D018 3C06C0C0 */  lui     $a2, 0xC0C0                ## $a2 = C0C00000
/* 0092C 80B2D01C 02002025 */  or      $a0, $s0, $zero            ## $a0 = 00000000
/* 00930 80B2D020 0C02F941 */  jal     func_800BE504              
/* 00934 80B2D024 2605032C */  addiu   $a1, $s0, 0x032C           ## $a1 = 0000032C
/* 00938 80B2D028 920E033D */  lbu     $t6, 0x033D($s0)           ## 0000033D
/* 0093C 80B2D02C 3C0140A0 */  lui     $at, 0x40A0                ## $at = 40A00000
/* 00940 80B2D030 44812000 */  mtc1    $at, $f4                   ## $f4 = 5.00
/* 00944 80B2D034 31CFFFFE */  andi    $t7, $t6, 0xFFFE           ## $t7 = 00000000
/* 00948 80B2D038 A20F033D */  sb      $t7, 0x033D($s0)           ## 0000033D
/* 0094C 80B2D03C 24180010 */  addiu   $t8, $zero, 0x0010         ## $t8 = 00000010
/* 00950 80B2D040 E6040070 */  swc1    $f4, 0x0070($s0)           ## 00000070
/* 00954 80B2D044 AFB80010 */  sw      $t8, 0x0010($sp)           
/* 00958 80B2D048 02002025 */  or      $a0, $s0, $zero            ## $a0 = 00000000
/* 0095C 80B2D04C 24054000 */  addiu   $a1, $zero, 0x4000         ## $a1 = 00004000
/* 00960 80B2D050 240600FF */  addiu   $a2, $zero, 0x00FF         ## $a2 = 000000FF
/* 00964 80B2D054 0C02F2DC */  jal     func_800BCB70              
/* 00968 80B2D058 00003825 */  or      $a3, $zero, $zero          ## $a3 = 00000000
/* 0096C 80B2D05C 3C1980B3 */  lui     $t9, %hi(func_80B2D07C)    ## $t9 = 80B30000
/* 00970 80B2D060 2739D07C */  addiu   $t9, $t9, %lo(func_80B2D07C) ## $t9 = 80B2D07C
/* 00974 80B2D064 AE190188 */  sw      $t9, 0x0188($s0)           ## 00000188
/* 00978 80B2D068 8FBF0024 */  lw      $ra, 0x0024($sp)           
/* 0097C 80B2D06C 8FB00020 */  lw      $s0, 0x0020($sp)           
/* 00980 80B2D070 27BD0028 */  addiu   $sp, $sp, 0x0028           ## $sp = 00000000
/* 00984 80B2D074 03E00008 */  jr      $ra                        
/* 00988 80B2D078 00000000 */  nop


glabel func_80B2D07C
/* 0098C 80B2D07C 27BDFFE8 */  addiu   $sp, $sp, 0xFFE8           ## $sp = FFFFFFE8
/* 00990 80B2D080 AFBF0014 */  sw      $ra, 0x0014($sp)           
/* 00994 80B2D084 AFA5001C */  sw      $a1, 0x001C($sp)           
/* 00998 80B2D088 00803825 */  or      $a3, $a0, $zero            ## $a3 = 00000000
/* 0099C 80B2D08C 24E40070 */  addiu   $a0, $a3, 0x0070           ## $a0 = 00000070
/* 009A0 80B2D090 24050000 */  addiu   $a1, $zero, 0x0000         ## $a1 = 00000000
/* 009A4 80B2D094 3C063F00 */  lui     $a2, 0x3F00                ## $a2 = 3F000000
/* 009A8 80B2D098 0C03FC0F */  jal     func_800FF03C              
/* 009AC 80B2D09C AFA70018 */  sw      $a3, 0x0018($sp)           
/* 009B0 80B2D0A0 8FA70018 */  lw      $a3, 0x0018($sp)           
/* 009B4 80B2D0A4 0C04DB34 */  jal     func_80136CD0              
/* 009B8 80B2D0A8 24E40144 */  addiu   $a0, $a3, 0x0144           ## $a0 = 00000144
/* 009BC 80B2D0AC 1040000A */  beq     $v0, $zero, .L80B2D0D8     
/* 009C0 80B2D0B0 8FA70018 */  lw      $a3, 0x0018($sp)           
/* 009C4 80B2D0B4 90EE00B7 */  lbu     $t6, 0x00B7($a3)           ## 000000B7
/* 009C8 80B2D0B8 11C00005 */  beq     $t6, $zero, .L80B2D0D0     
/* 009CC 80B2D0BC 00000000 */  nop
/* 009D0 80B2D0C0 0C2CB6B4 */  jal     func_80B2DAD0              
/* 009D4 80B2D0C4 00E02025 */  or      $a0, $a3, $zero            ## $a0 = 00000000
/* 009D8 80B2D0C8 10000004 */  beq     $zero, $zero, .L80B2D0DC   
/* 009DC 80B2D0CC 8FBF0014 */  lw      $ra, 0x0014($sp)           
.L80B2D0D0:
/* 009E0 80B2D0D0 0C2CB4B0 */  jal     func_80B2D2C0              
/* 009E4 80B2D0D4 00E02025 */  or      $a0, $a3, $zero            ## $a0 = 00000000
.L80B2D0D8:
/* 009E8 80B2D0D8 8FBF0014 */  lw      $ra, 0x0014($sp)           
.L80B2D0DC:
/* 009EC 80B2D0DC 27BD0018 */  addiu   $sp, $sp, 0x0018           ## $sp = 00000000
/* 009F0 80B2D0E0 03E00008 */  jr      $ra                        
/* 009F4 80B2D0E4 00000000 */  nop


glabel func_80B2D0E8
/* 009F8 80B2D0E8 27BDFFE8 */  addiu   $sp, $sp, 0xFFE8           ## $sp = FFFFFFE8
/* 009FC 80B2D0EC AFBF0014 */  sw      $ra, 0x0014($sp)           
/* 00A00 80B2D0F0 00803825 */  or      $a3, $a0, $zero            ## $a3 = 00000000
/* 00A04 80B2D0F4 8CEE0004 */  lw      $t6, 0x0004($a3)           ## 00000004
/* 00A08 80B2D0F8 2401FFFE */  addiu   $at, $zero, 0xFFFE         ## $at = FFFFFFFE
/* 00A0C 80B2D0FC A0E00197 */  sb      $zero, 0x0197($a3)         ## 00000197
/* 00A10 80B2D100 01C17824 */  and     $t7, $t6, $at              
/* 00A14 80B2D104 ACEF0004 */  sw      $t7, 0x0004($a3)           ## 00000004
/* 00A18 80B2D108 3C050600 */  lui     $a1, 0x0600                ## $a1 = 06000000
/* 00A1C 80B2D10C 24A511C4 */  addiu   $a1, $a1, 0x11C4           ## $a1 = 060011C4
/* 00A20 80B2D110 AFA70018 */  sw      $a3, 0x0018($sp)           
/* 00A24 80B2D114 24E40144 */  addiu   $a0, $a3, 0x0144           ## $a0 = 00000144
/* 00A28 80B2D118 0C04DD39 */  jal     func_801374E4              
/* 00A2C 80B2D11C 24060000 */  addiu   $a2, $zero, 0x0000         ## $a2 = 00000000
/* 00A30 80B2D120 8FA70018 */  lw      $a3, 0x0018($sp)           
/* 00A34 80B2D124 3C1880B3 */  lui     $t8, %hi(func_80B2D140)    ## $t8 = 80B30000
/* 00A38 80B2D128 2718D140 */  addiu   $t8, $t8, %lo(func_80B2D140) ## $t8 = 80B2D140
/* 00A3C 80B2D12C ACF80188 */  sw      $t8, 0x0188($a3)           ## 00000188
/* 00A40 80B2D130 8FBF0014 */  lw      $ra, 0x0014($sp)           
/* 00A44 80B2D134 27BD0018 */  addiu   $sp, $sp, 0x0018           ## $sp = 00000000
/* 00A48 80B2D138 03E00008 */  jr      $ra                        
/* 00A4C 80B2D13C 00000000 */  nop


glabel func_80B2D140
/* 00A50 80B2D140 27BDFFE0 */  addiu   $sp, $sp, 0xFFE0           ## $sp = FFFFFFE0
/* 00A54 80B2D144 AFB00018 */  sw      $s0, 0x0018($sp)           
/* 00A58 80B2D148 00808025 */  or      $s0, $a0, $zero            ## $s0 = 00000000
/* 00A5C 80B2D14C AFBF001C */  sw      $ra, 0x001C($sp)           
/* 00A60 80B2D150 AFA50024 */  sw      $a1, 0x0024($sp)           
/* 00A64 80B2D154 0C04DB34 */  jal     func_80136CD0              
/* 00A68 80B2D158 26040144 */  addiu   $a0, $s0, 0x0144           ## $a0 = 00000144
/* 00A6C 80B2D15C 1040000E */  beq     $v0, $zero, .L80B2D198     
/* 00A70 80B2D160 3C014120 */  lui     $at, 0x4120                ## $at = 41200000
/* 00A74 80B2D164 240E00FF */  addiu   $t6, $zero, 0x00FF         ## $t6 = 000000FF
/* 00A78 80B2D168 A20E0197 */  sb      $t6, 0x0197($s0)           ## 00000197
/* 00A7C 80B2D16C 240402BC */  addiu   $a0, $zero, 0x02BC         ## $a0 = 000002BC
/* 00A80 80B2D170 0C03FD14 */  jal     func_800FF450              
/* 00A84 80B2D174 2405012C */  addiu   $a1, $zero, 0x012C         ## $a1 = 0000012C
/* 00A88 80B2D178 8E0F0004 */  lw      $t7, 0x0004($s0)           ## 00000004
/* 00A8C 80B2D17C A6020190 */  sh      $v0, 0x0190($s0)           ## 00000190
/* 00A90 80B2D180 02002025 */  or      $a0, $s0, $zero            ## $a0 = 00000000
/* 00A94 80B2D184 35F80001 */  ori     $t8, $t7, 0x0001           ## $t8 = 00000001
/* 00A98 80B2D188 0C2CB2D8 */  jal     func_80B2CB60              
/* 00A9C 80B2D18C AE180004 */  sw      $t8, 0x0004($s0)           ## 00000004
/* 00AA0 80B2D190 10000032 */  beq     $zero, $zero, .L80B2D25C   
/* 00AA4 80B2D194 3C013F00 */  lui     $at, 0x3F00                ## $at = 3F000000
.L80B2D198:
/* 00AA8 80B2D198 44811000 */  mtc1    $at, $f2                   ## $f2 = 0.50
/* 00AAC 80B2D19C C600015C */  lwc1    $f0, 0x015C($s0)           ## 0000015C
/* 00AB0 80B2D1A0 3C0180B3 */  lui     $at, %hi(D_80B2F764)       ## $at = 80B30000
/* 00AB4 80B2D1A4 4600103C */  c.lt.s  $f2, $f0                   
/* 00AB8 80B2D1A8 00000000 */  nop
/* 00ABC 80B2D1AC 4502002B */  bc1fl   .L80B2D25C                 
/* 00AC0 80B2D1B0 3C013F00 */  lui     $at, 0x3F00                ## $at = 3F000000
/* 00AC4 80B2D1B4 46020101 */  sub.s   $f4, $f0, $f2              
/* 00AC8 80B2D1B8 C426F764 */  lwc1    $f6, %lo(D_80B2F764)($at)  
/* 00ACC 80B2D1BC 3C01437F */  lui     $at, 0x437F                ## $at = 437F0000
/* 00AD0 80B2D1C0 44815000 */  mtc1    $at, $f10                  ## $f10 = 255.00
/* 00AD4 80B2D1C4 46062202 */  mul.s   $f8, $f4, $f6              
/* 00AD8 80B2D1C8 24080001 */  addiu   $t0, $zero, 0x0001         ## $t0 = 00000001
/* 00ADC 80B2D1CC 3C014F00 */  lui     $at, 0x4F00                ## $at = 4F000000
/* 00AE0 80B2D1D0 460A4402 */  mul.s   $f16, $f8, $f10            
/* 00AE4 80B2D1D4 4459F800 */  cfc1    $t9, $f31                  
/* 00AE8 80B2D1D8 44C8F800 */  ctc1    $t0, $f31                  
/* 00AEC 80B2D1DC 00000000 */  nop
/* 00AF0 80B2D1E0 460084A4 */  cvt.w.s $f18, $f16                 
/* 00AF4 80B2D1E4 4448F800 */  cfc1    $t0, $f31                  
/* 00AF8 80B2D1E8 00000000 */  nop
/* 00AFC 80B2D1EC 31080078 */  andi    $t0, $t0, 0x0078           ## $t0 = 00000000
/* 00B00 80B2D1F0 51000013 */  beql    $t0, $zero, .L80B2D240     
/* 00B04 80B2D1F4 44089000 */  mfc1    $t0, $f18                  
/* 00B08 80B2D1F8 44819000 */  mtc1    $at, $f18                  ## $f18 = 2147483648.00
/* 00B0C 80B2D1FC 24080001 */  addiu   $t0, $zero, 0x0001         ## $t0 = 00000001
/* 00B10 80B2D200 46128481 */  sub.s   $f18, $f16, $f18           
/* 00B14 80B2D204 44C8F800 */  ctc1    $t0, $f31                  
/* 00B18 80B2D208 00000000 */  nop
/* 00B1C 80B2D20C 460094A4 */  cvt.w.s $f18, $f18                 
/* 00B20 80B2D210 4448F800 */  cfc1    $t0, $f31                  
/* 00B24 80B2D214 00000000 */  nop
/* 00B28 80B2D218 31080078 */  andi    $t0, $t0, 0x0078           ## $t0 = 00000000
/* 00B2C 80B2D21C 15000005 */  bne     $t0, $zero, .L80B2D234     
/* 00B30 80B2D220 00000000 */  nop
/* 00B34 80B2D224 44089000 */  mfc1    $t0, $f18                  
/* 00B38 80B2D228 3C018000 */  lui     $at, 0x8000                ## $at = 80000000
/* 00B3C 80B2D22C 10000007 */  beq     $zero, $zero, .L80B2D24C   
/* 00B40 80B2D230 01014025 */  or      $t0, $t0, $at              ## $t0 = 80000000
.L80B2D234:
/* 00B44 80B2D234 10000005 */  beq     $zero, $zero, .L80B2D24C   
/* 00B48 80B2D238 2408FFFF */  addiu   $t0, $zero, 0xFFFF         ## $t0 = FFFFFFFF
/* 00B4C 80B2D23C 44089000 */  mfc1    $t0, $f18                  
.L80B2D240:
/* 00B50 80B2D240 00000000 */  nop
/* 00B54 80B2D244 0500FFFB */  bltz    $t0, .L80B2D234            
/* 00B58 80B2D248 00000000 */  nop
.L80B2D24C:
/* 00B5C 80B2D24C 44D9F800 */  ctc1    $t9, $f31                  
/* 00B60 80B2D250 A2080197 */  sb      $t0, 0x0197($s0)           ## 00000197
/* 00B64 80B2D254 00000000 */  nop
/* 00B68 80B2D258 3C013F00 */  lui     $at, 0x3F00                ## $at = 3F000000
.L80B2D25C:
/* 00B6C 80B2D25C 44813000 */  mtc1    $at, $f6                   ## $f6 = 0.50
/* 00B70 80B2D260 C6040160 */  lwc1    $f4, 0x0160($s0)           ## 00000160
/* 00B74 80B2D264 3C01438C */  lui     $at, 0x438C                ## $at = 438C0000
/* 00B78 80B2D268 4606203C */  c.lt.s  $f4, $f6                   
/* 00B7C 80B2D26C 00000000 */  nop
/* 00B80 80B2D270 4502000F */  bc1fl   .L80B2D2B0                 
/* 00B84 80B2D274 8FBF001C */  lw      $ra, 0x001C($sp)           
/* 00B88 80B2D278 C6080098 */  lwc1    $f8, 0x0098($s0)           ## 00000098
/* 00B8C 80B2D27C 44815000 */  mtc1    $at, $f10                  ## $f10 = 280.00
/* 00B90 80B2D280 02002025 */  or      $a0, $s0, $zero            ## $a0 = 00000000
/* 00B94 80B2D284 460A403C */  c.lt.s  $f8, $f10                  
/* 00B98 80B2D288 00000000 */  nop
/* 00B9C 80B2D28C 45020008 */  bc1fl   .L80B2D2B0                 
/* 00BA0 80B2D290 8FBF001C */  lw      $ra, 0x001C($sp)           
/* 00BA4 80B2D294 0C02E3B2 */  jal     func_800B8EC8              
/* 00BA8 80B2D298 24053873 */  addiu   $a1, $zero, 0x3873         ## $a1 = 00003873
/* 00BAC 80B2D29C 3C013F80 */  lui     $at, 0x3F80                ## $at = 3F800000
/* 00BB0 80B2D2A0 44818000 */  mtc1    $at, $f16                  ## $f16 = 1.00
/* 00BB4 80B2D2A4 00000000 */  nop
/* 00BB8 80B2D2A8 E6100160 */  swc1    $f16, 0x0160($s0)          ## 00000160
/* 00BBC 80B2D2AC 8FBF001C */  lw      $ra, 0x001C($sp)           
.L80B2D2B0:
/* 00BC0 80B2D2B0 8FB00018 */  lw      $s0, 0x0018($sp)           
/* 00BC4 80B2D2B4 27BD0020 */  addiu   $sp, $sp, 0x0020           ## $sp = 00000000
/* 00BC8 80B2D2B8 03E00008 */  jr      $ra                        
/* 00BCC 80B2D2BC 00000000 */  nop


glabel func_80B2D2C0
/* 00BD0 80B2D2C0 8C980004 */  lw      $t8, 0x0004($a0)           ## 00000004
/* 00BD4 80B2D2C4 44802000 */  mtc1    $zero, $f4                 ## $f4 = 0.00
/* 00BD8 80B2D2C8 848E00BE */  lh      $t6, 0x00BE($a0)           ## 000000BE
/* 00BDC 80B2D2CC 2401FFFE */  addiu   $at, $zero, 0xFFFE         ## $at = FFFFFFFE
/* 00BE0 80B2D2D0 3C0880B3 */  lui     $t0, %hi(func_80B2D300)    ## $t0 = 80B30000
/* 00BE4 80B2D2D4 240F00FF */  addiu   $t7, $zero, 0x00FF         ## $t7 = 000000FF
/* 00BE8 80B2D2D8 2508D300 */  addiu   $t0, $t0, %lo(func_80B2D300) ## $t0 = 80B2D300
/* 00BEC 80B2D2DC 0301C824 */  and     $t9, $t8, $at              
/* 00BF0 80B2D2E0 A480018E */  sh      $zero, 0x018E($a0)         ## 0000018E
/* 00BF4 80B2D2E4 A08F011F */  sb      $t7, 0x011F($a0)           ## 0000011F
/* 00BF8 80B2D2E8 AC990004 */  sw      $t9, 0x0004($a0)           ## 00000004
/* 00BFC 80B2D2EC AC880188 */  sw      $t0, 0x0188($a0)           ## 00000188
/* 00C00 80B2D2F0 E4840070 */  swc1    $f4, 0x0070($a0)           ## 00000070
/* 00C04 80B2D2F4 A48E0032 */  sh      $t6, 0x0032($a0)           ## 00000032
/* 00C08 80B2D2F8 03E00008 */  jr      $ra                        
/* 00C0C 80B2D2FC 00000000 */  nop


glabel func_80B2D300
/* 00C10 80B2D300 27BDFFB0 */  addiu   $sp, $sp, 0xFFB0           ## $sp = FFFFFFB0
/* 00C14 80B2D304 AFB00028 */  sw      $s0, 0x0028($sp)           
/* 00C18 80B2D308 00808025 */  or      $s0, $a0, $zero            ## $s0 = 00000000
/* 00C1C 80B2D30C AFBF002C */  sw      $ra, 0x002C($sp)           
/* 00C20 80B2D310 860E018E */  lh      $t6, 0x018E($s0)           ## 0000018E
/* 00C24 80B2D314 2402001C */  addiu   $v0, $zero, 0x001C         ## $v0 = 0000001C
/* 00C28 80B2D318 25CF0001 */  addiu   $t7, $t6, 0x0001           ## $t7 = 00000001
/* 00C2C 80B2D31C A60F018E */  sh      $t7, 0x018E($s0)           ## 0000018E
/* 00C30 80B2D320 8603018E */  lh      $v1, 0x018E($s0)           ## 0000018E
/* 00C34 80B2D324 28610008 */  slti    $at, $v1, 0x0008           
/* 00C38 80B2D328 10200087 */  beq     $at, $zero, .L80B2D548     
/* 00C3C 80B2D32C 00000000 */  nop
/* 00C40 80B2D330 84B80810 */  lh      $t8, 0x0810($a1)           ## 00000810
/* 00C44 80B2D334 0018C880 */  sll     $t9, $t8,  2               
/* 00C48 80B2D338 00B94021 */  addu    $t0, $a1, $t9              
/* 00C4C 80B2D33C 8D040800 */  lw      $a0, 0x0800($t0)           ## 00000800
/* 00C50 80B2D340 0C037F37 */  jal     func_800DFCDC              
/* 00C54 80B2D344 AFA50054 */  sw      $a1, 0x0054($sp)           
/* 00C58 80B2D348 24494800 */  addiu   $t1, $v0, 0x4800           ## $t1 = 00004800
/* 00C5C 80B2D34C A7A90038 */  sh      $t1, 0x0038($sp)           
/* 00C60 80B2D350 8603018E */  lh      $v1, 0x018E($s0)           ## 0000018E
/* 00C64 80B2D354 28610005 */  slti    $at, $v1, 0x0005           
/* 00C68 80B2D358 10200025 */  beq     $at, $zero, .L80B2D3F0     
/* 00C6C 80B2D35C 246AFFFB */  addiu   $t2, $v1, 0xFFFB           ## $t2 = FFFFFFFB
/* 00C70 80B2D360 00032300 */  sll     $a0, $v1, 12               
/* 00C74 80B2D364 2484C000 */  addiu   $a0, $a0, 0xC000           ## $a0 = FFFFC000
/* 00C78 80B2D368 00042400 */  sll     $a0, $a0, 16               
/* 00C7C 80B2D36C 00042403 */  sra     $a0, $a0, 16               
/* 00C80 80B2D370 0C03FB61 */  jal     func_800FED84              
/* 00C84 80B2D374 A7A4003A */  sh      $a0, 0x003A($sp)           
/* 00C88 80B2D378 3C014220 */  lui     $at, 0x4220                ## $at = 42200000
/* 00C8C 80B2D37C 44813000 */  mtc1    $at, $f6                   ## $f6 = 40.00
/* 00C90 80B2D380 3C0141B8 */  lui     $at, 0x41B8                ## $at = 41B80000
/* 00C94 80B2D384 44815000 */  mtc1    $at, $f10                  ## $f10 = 23.00
/* 00C98 80B2D388 C6040028 */  lwc1    $f4, 0x0028($s0)           ## 00000028
/* 00C9C 80B2D38C 87A4003A */  lh      $a0, 0x003A($sp)           
/* 00CA0 80B2D390 460A0402 */  mul.s   $f16, $f0, $f10            
/* 00CA4 80B2D394 46062200 */  add.s   $f8, $f4, $f6              
/* 00CA8 80B2D398 46088480 */  add.s   $f18, $f16, $f8            
/* 00CAC 80B2D39C 0C03FB51 */  jal     func_800FED44              
/* 00CB0 80B2D3A0 E7B20048 */  swc1    $f18, 0x0048($sp)          
/* 00CB4 80B2D3A4 3C0141B8 */  lui     $at, 0x41B8                ## $at = 41B80000
/* 00CB8 80B2D3A8 44812000 */  mtc1    $at, $f4                   ## $f4 = 23.00
/* 00CBC 80B2D3AC 87A40038 */  lh      $a0, 0x0038($sp)           
/* 00CC0 80B2D3B0 46040182 */  mul.s   $f6, $f0, $f4              
/* 00CC4 80B2D3B4 0C03FB61 */  jal     func_800FED84              
/* 00CC8 80B2D3B8 E7A60040 */  swc1    $f6, 0x0040($sp)           
/* 00CCC 80B2D3BC C7AA0040 */  lwc1    $f10, 0x0040($sp)          
/* 00CD0 80B2D3C0 C6080024 */  lwc1    $f8, 0x0024($s0)           ## 00000024
/* 00CD4 80B2D3C4 87A40038 */  lh      $a0, 0x0038($sp)           
/* 00CD8 80B2D3C8 460A0402 */  mul.s   $f16, $f0, $f10            
/* 00CDC 80B2D3CC 46088480 */  add.s   $f18, $f16, $f8            
/* 00CE0 80B2D3D0 0C03FB51 */  jal     func_800FED44              
/* 00CE4 80B2D3D4 E7B20044 */  swc1    $f18, 0x0044($sp)          
/* 00CE8 80B2D3D8 C7A40040 */  lwc1    $f4, 0x0040($sp)           
/* 00CEC 80B2D3DC C60A002C */  lwc1    $f10, 0x002C($s0)          ## 0000002C
/* 00CF0 80B2D3E0 46040182 */  mul.s   $f6, $f0, $f4              
/* 00CF4 80B2D3E4 460A3400 */  add.s   $f16, $f6, $f10            
/* 00CF8 80B2D3E8 1000001C */  beq     $zero, $zero, .L80B2D45C   
/* 00CFC 80B2D3EC E7B0004C */  swc1    $f16, 0x004C($sp)          
.L80B2D3F0:
/* 00D00 80B2D3F0 448A5000 */  mtc1    $t2, $f10                  ## $f10 = 0.00
/* 00D04 80B2D3F4 3C014220 */  lui     $at, 0x4220                ## $at = 42200000
/* 00D08 80B2D3F8 44819000 */  mtc1    $at, $f18                  ## $f18 = 40.00
/* 00D0C 80B2D3FC 46805420 */  cvt.s.w $f16, $f10                 
/* 00D10 80B2D400 C6080028 */  lwc1    $f8, 0x0028($s0)           ## 00000028
/* 00D14 80B2D404 3C014170 */  lui     $at, 0x4170                ## $at = 41700000
/* 00D18 80B2D408 44813000 */  mtc1    $at, $f6                   ## $f6 = 15.00
/* 00D1C 80B2D40C 87A40038 */  lh      $a0, 0x0038($sp)           
/* 00D20 80B2D410 46124100 */  add.s   $f4, $f8, $f18             
/* 00D24 80B2D414 46103202 */  mul.s   $f8, $f6, $f16             
/* 00D28 80B2D418 46082480 */  add.s   $f18, $f4, $f8             
/* 00D2C 80B2D41C 0C03FB61 */  jal     func_800FED84              
/* 00D30 80B2D420 E7B20048 */  swc1    $f18, 0x0048($sp)          
/* 00D34 80B2D424 3C0141B8 */  lui     $at, 0x41B8                ## $at = 41B80000
/* 00D38 80B2D428 44815000 */  mtc1    $at, $f10                  ## $f10 = 23.00
/* 00D3C 80B2D42C C6100024 */  lwc1    $f16, 0x0024($s0)          ## 00000024
/* 00D40 80B2D430 87A40038 */  lh      $a0, 0x0038($sp)           
/* 00D44 80B2D434 460A0182 */  mul.s   $f6, $f0, $f10             
/* 00D48 80B2D438 46103100 */  add.s   $f4, $f6, $f16             
/* 00D4C 80B2D43C 0C03FB51 */  jal     func_800FED44              
/* 00D50 80B2D440 E7A40044 */  swc1    $f4, 0x0044($sp)           
/* 00D54 80B2D444 3C0141B8 */  lui     $at, 0x41B8                ## $at = 41B80000
/* 00D58 80B2D448 44814000 */  mtc1    $at, $f8                   ## $f8 = 23.00
/* 00D5C 80B2D44C C60A002C */  lwc1    $f10, 0x002C($s0)          ## 0000002C
/* 00D60 80B2D450 46080482 */  mul.s   $f18, $f0, $f8             
/* 00D64 80B2D454 460A9180 */  add.s   $f6, $f18, $f10            
/* 00D68 80B2D458 E7A6004C */  swc1    $f6, 0x004C($sp)           
.L80B2D45C:
/* 00D6C 80B2D45C 8601018E */  lh      $at, 0x018E($s0)           ## 0000018E
/* 00D70 80B2D460 3C0680B3 */  lui     $a2, %hi(D_80B2F710)       ## $a2 = 80B30000
/* 00D74 80B2D464 3C07801D */  lui     $a3, 0x801D                ## $a3 = 801D0000
/* 00D78 80B2D468 00011080 */  sll     $v0, $at,  2               
/* 00D7C 80B2D46C 00411021 */  addu    $v0, $v0, $at              
/* 00D80 80B2D470 00021040 */  sll     $v0, $v0,  1               
/* 00D84 80B2D474 24420050 */  addiu   $v0, $v0, 0x0050           ## $v0 = 00000050
/* 00D88 80B2D478 00021400 */  sll     $v0, $v0, 16               
/* 00D8C 80B2D47C 00021403 */  sra     $v0, $v0, 16               
/* 00D90 80B2D480 240B0002 */  addiu   $t3, $zero, 0x0002         ## $t3 = 00000002
/* 00D94 80B2D484 AFAB0018 */  sw      $t3, 0x0018($sp)           
/* 00D98 80B2D488 AFA20010 */  sw      $v0, 0x0010($sp)           
/* 00D9C 80B2D48C A7A20036 */  sh      $v0, 0x0036($sp)           
/* 00DA0 80B2D490 24E715B0 */  addiu   $a3, $a3, 0x15B0           ## $a3 = 801D15B0
/* 00DA4 80B2D494 24C6F710 */  addiu   $a2, $a2, %lo(D_80B2F710)  ## $a2 = 80B2F710
/* 00DA8 80B2D498 AFA00014 */  sw      $zero, 0x0014($sp)         
/* 00DAC 80B2D49C 8FA40054 */  lw      $a0, 0x0054($sp)           
/* 00DB0 80B2D4A0 0C02CC0C */  jal     func_800B3030              
/* 00DB4 80B2D4A4 27A50044 */  addiu   $a1, $sp, 0x0044           ## $a1 = FFFFFFF4
/* 00DB8 80B2D4A8 C6000024 */  lwc1    $f0, 0x0024($s0)           ## 00000024
/* 00DBC 80B2D4AC C7A40044 */  lwc1    $f4, 0x0044($sp)           
/* 00DC0 80B2D4B0 C7AA004C */  lwc1    $f10, 0x004C($sp)          
/* 00DC4 80B2D4B4 46000400 */  add.s   $f16, $f0, $f0             
/* 00DC8 80B2D4B8 87AC0036 */  lh      $t4, 0x0036($sp)           
/* 00DCC 80B2D4BC 3C0680B3 */  lui     $a2, %hi(D_80B2F710)       ## $a2 = 80B30000
/* 00DD0 80B2D4C0 3C07801D */  lui     $a3, 0x801D                ## $a3 = 801D0000
/* 00DD4 80B2D4C4 46048201 */  sub.s   $f8, $f16, $f4             
/* 00DD8 80B2D4C8 240D0002 */  addiu   $t5, $zero, 0x0002         ## $t5 = 00000002
/* 00DDC 80B2D4CC 24E715B0 */  addiu   $a3, $a3, 0x15B0           ## $a3 = 801D15B0
/* 00DE0 80B2D4D0 24C6F710 */  addiu   $a2, $a2, %lo(D_80B2F710)  ## $a2 = 80B2F710
/* 00DE4 80B2D4D4 E7A80044 */  swc1    $f8, 0x0044($sp)           
/* 00DE8 80B2D4D8 C602002C */  lwc1    $f2, 0x002C($s0)           ## 0000002C
/* 00DEC 80B2D4DC AFAD0018 */  sw      $t5, 0x0018($sp)           
/* 00DF0 80B2D4E0 AFA00014 */  sw      $zero, 0x0014($sp)         
/* 00DF4 80B2D4E4 46021480 */  add.s   $f18, $f2, $f2             
/* 00DF8 80B2D4E8 8FA40054 */  lw      $a0, 0x0054($sp)           
/* 00DFC 80B2D4EC 27A50044 */  addiu   $a1, $sp, 0x0044           ## $a1 = FFFFFFF4
/* 00E00 80B2D4F0 AFAC0010 */  sw      $t4, 0x0010($sp)           
/* 00E04 80B2D4F4 460A9181 */  sub.s   $f6, $f18, $f10            
/* 00E08 80B2D4F8 0C02CC0C */  jal     func_800B3030              
/* 00E0C 80B2D4FC E7A6004C */  swc1    $f6, 0x004C($sp)           
/* 00E10 80B2D500 C6100024 */  lwc1    $f16, 0x0024($s0)          ## 00000024
/* 00E14 80B2D504 87AE0036 */  lh      $t6, 0x0036($sp)           
/* 00E18 80B2D508 3C0680B3 */  lui     $a2, %hi(D_80B2F710)       ## $a2 = 80B30000
/* 00E1C 80B2D50C E7B00044 */  swc1    $f16, 0x0044($sp)          
/* 00E20 80B2D510 C604002C */  lwc1    $f4, 0x002C($s0)           ## 0000002C
/* 00E24 80B2D514 3C07801D */  lui     $a3, 0x801D                ## $a3 = 801D0000
/* 00E28 80B2D518 240F0002 */  addiu   $t7, $zero, 0x0002         ## $t7 = 00000002
/* 00E2C 80B2D51C AFAF0018 */  sw      $t7, 0x0018($sp)           
/* 00E30 80B2D520 24E715B0 */  addiu   $a3, $a3, 0x15B0           ## $a3 = 801D15B0
/* 00E34 80B2D524 AFA00014 */  sw      $zero, 0x0014($sp)         
/* 00E38 80B2D528 24C6F710 */  addiu   $a2, $a2, %lo(D_80B2F710)  ## $a2 = 80B2F710
/* 00E3C 80B2D52C 8FA40054 */  lw      $a0, 0x0054($sp)           
/* 00E40 80B2D530 27A50044 */  addiu   $a1, $sp, 0x0044           ## $a1 = FFFFFFF4
/* 00E44 80B2D534 AFAE0010 */  sw      $t6, 0x0010($sp)           
/* 00E48 80B2D538 0C02CC0C */  jal     func_800B3030              
/* 00E4C 80B2D53C E7A4004C */  swc1    $f4, 0x004C($sp)           
/* 00E50 80B2D540 10000016 */  beq     $zero, $zero, .L80B2D59C   
/* 00E54 80B2D544 8603018E */  lh      $v1, 0x018E($s0)           ## 0000018E
.L80B2D548:
/* 00E58 80B2D548 14430005 */  bne     $v0, $v1, .L80B2D560       
/* 00E5C 80B2D54C 28610013 */  slti    $at, $v1, 0x0013           
/* 00E60 80B2D550 0C2CB714 */  jal     func_80B2DC50              
/* 00E64 80B2D554 02002025 */  or      $a0, $s0, $zero            ## $a0 = 00000000
/* 00E68 80B2D558 10000010 */  beq     $zero, $zero, .L80B2D59C   
/* 00E6C 80B2D55C 8603018E */  lh      $v1, 0x018E($s0)           ## 0000018E
.L80B2D560:
/* 00E70 80B2D560 1420000E */  bne     $at, $zero, .L80B2D59C     
/* 00E74 80B2D564 0043C023 */  subu    $t8, $v0, $v1              
/* 00E78 80B2D568 44984000 */  mtc1    $t8, $f8                   ## $f8 = 0.00
/* 00E7C 80B2D56C 3C0180B3 */  lui     $at, %hi(D_80B2F768)       ## $at = 80B30000
/* 00E80 80B2D570 C42AF768 */  lwc1    $f10, %lo(D_80B2F768)($at) 
/* 00E84 80B2D574 468044A0 */  cvt.s.w $f18, $f8                  
/* 00E88 80B2D578 3C0140A0 */  lui     $at, 0x40A0                ## $at = 40A00000
/* 00E8C 80B2D57C 44818000 */  mtc1    $at, $f16                  ## $f16 = 5.00
/* 00E90 80B2D580 C6060028 */  lwc1    $f6, 0x0028($s0)           ## 00000028
/* 00E94 80B2D584 460A9002 */  mul.s   $f0, $f18, $f10            
/* 00E98 80B2D588 46103100 */  add.s   $f4, $f6, $f16             
/* 00E9C 80B2D58C E6040028 */  swc1    $f4, 0x0028($s0)           ## 00000028
/* 00EA0 80B2D590 E6000058 */  swc1    $f0, 0x0058($s0)           ## 00000058
/* 00EA4 80B2D594 E600005C */  swc1    $f0, 0x005C($s0)           ## 0000005C
/* 00EA8 80B2D598 E6000060 */  swc1    $f0, 0x0060($s0)           ## 00000060
.L80B2D59C:
/* 00EAC 80B2D59C 28610012 */  slti    $at, $v1, 0x0012           
/* 00EB0 80B2D5A0 10200004 */  beq     $at, $zero, .L80B2D5B4     
/* 00EB4 80B2D5A4 02002025 */  or      $a0, $s0, $zero            ## $a0 = 00000000
/* 00EB8 80B2D5A8 0C02E404 */  jal     func_800B9010              
/* 00EBC 80B2D5AC 2405321F */  addiu   $a1, $zero, 0x321F         ## $a1 = 0000321F
/* 00EC0 80B2D5B0 8603018E */  lh      $v1, 0x018E($s0)           ## 0000018E
.L80B2D5B4:
/* 00EC4 80B2D5B4 24010012 */  addiu   $at, $zero, 0x0012         ## $at = 00000012
/* 00EC8 80B2D5B8 14610003 */  bne     $v1, $at, .L80B2D5C8       
/* 00ECC 80B2D5BC 02002025 */  or      $a0, $s0, $zero            ## $a0 = 00000000
/* 00ED0 80B2D5C0 0C02E3B2 */  jal     func_800B8EC8              
/* 00ED4 80B2D5C4 24053877 */  addiu   $a1, $zero, 0x3877         ## $a1 = 00003877
.L80B2D5C8:
/* 00ED8 80B2D5C8 8FBF002C */  lw      $ra, 0x002C($sp)           
/* 00EDC 80B2D5CC 8FB00028 */  lw      $s0, 0x0028($sp)           
/* 00EE0 80B2D5D0 27BD0050 */  addiu   $sp, $sp, 0x0050           ## $sp = 00000000
/* 00EE4 80B2D5D4 03E00008 */  jr      $ra                        
/* 00EE8 80B2D5D8 00000000 */  nop


glabel func_80B2D5DC
/* 00EEC 80B2D5DC 27BDFFE8 */  addiu   $sp, $sp, 0xFFE8           ## $sp = FFFFFFE8
/* 00EF0 80B2D5E0 AFBF0014 */  sw      $ra, 0x0014($sp)           
/* 00EF4 80B2D5E4 00803025 */  or      $a2, $a0, $zero            ## $a2 = 00000000
/* 00EF8 80B2D5E8 3C050600 */  lui     $a1, 0x0600                ## $a1 = 06000000
/* 00EFC 80B2D5EC 24A50A60 */  addiu   $a1, $a1, 0x0A60           ## $a1 = 06000A60
/* 00F00 80B2D5F0 24C40144 */  addiu   $a0, $a2, 0x0144           ## $a0 = 00000144
/* 00F04 80B2D5F4 0C04DD0C */  jal     func_80137430              
/* 00F08 80B2D5F8 AFA60018 */  sw      $a2, 0x0018($sp)           
/* 00F0C 80B2D5FC 8FA60018 */  lw      $a2, 0x0018($sp)           
/* 00F10 80B2D600 3C01C0A0 */  lui     $at, 0xC0A0                ## $at = C0A00000
/* 00F14 80B2D604 44812000 */  mtc1    $at, $f4                   ## $f4 = -5.00
/* 00F18 80B2D608 3C0E80B3 */  lui     $t6, %hi(func_80B2D628)    ## $t6 = 80B30000
/* 00F1C 80B2D60C 25CED628 */  addiu   $t6, $t6, %lo(func_80B2D628) ## $t6 = 80B2D628
/* 00F20 80B2D610 ACCE0188 */  sw      $t6, 0x0188($a2)           ## 00000188
/* 00F24 80B2D614 E4C40070 */  swc1    $f4, 0x0070($a2)           ## 00000070
/* 00F28 80B2D618 8FBF0014 */  lw      $ra, 0x0014($sp)           
/* 00F2C 80B2D61C 27BD0018 */  addiu   $sp, $sp, 0x0018           ## $sp = 00000000
/* 00F30 80B2D620 03E00008 */  jr      $ra                        
/* 00F34 80B2D624 00000000 */  nop


glabel func_80B2D628
/* 00F38 80B2D628 27BDFFE0 */  addiu   $sp, $sp, 0xFFE0           ## $sp = FFFFFFE0
/* 00F3C 80B2D62C AFB00018 */  sw      $s0, 0x0018($sp)           
/* 00F40 80B2D630 00808025 */  or      $s0, $a0, $zero            ## $s0 = 00000000
/* 00F44 80B2D634 AFBF001C */  sw      $ra, 0x001C($sp)           
/* 00F48 80B2D638 AFA50024 */  sw      $a1, 0x0024($sp)           
/* 00F4C 80B2D63C 0C04DB34 */  jal     func_80136CD0              
/* 00F50 80B2D640 26040144 */  addiu   $a0, $s0, 0x0144           ## $a0 = 00000144
/* 00F54 80B2D644 10400008 */  beq     $v0, $zero, .L80B2D668     
/* 00F58 80B2D648 26040070 */  addiu   $a0, $s0, 0x0070           ## $a0 = 00000070
/* 00F5C 80B2D64C 860E00BE */  lh      $t6, 0x00BE($s0)           ## 000000BE
/* 00F60 80B2D650 02002025 */  or      $a0, $s0, $zero            ## $a0 = 00000000
/* 00F64 80B2D654 0C2CB2D8 */  jal     func_80B2CB60              
/* 00F68 80B2D658 A60E0032 */  sh      $t6, 0x0032($s0)           ## 00000032
/* 00F6C 80B2D65C 240F0017 */  addiu   $t7, $zero, 0x0017         ## $t7 = 00000017
/* 00F70 80B2D660 10000007 */  beq     $zero, $zero, .L80B2D680   
/* 00F74 80B2D664 A60F018E */  sh      $t7, 0x018E($s0)           ## 0000018E
.L80B2D668:
/* 00F78 80B2D668 24050000 */  addiu   $a1, $zero, 0x0000         ## $a1 = 00000000
/* 00F7C 80B2D66C 0C03FC0F */  jal     func_800FF03C              
/* 00F80 80B2D670 3C063F00 */  lui     $a2, 0x3F00                ## $a2 = 3F000000
/* 00F84 80B2D674 861800BE */  lh      $t8, 0x00BE($s0)           ## 000000BE
/* 00F88 80B2D678 27191000 */  addiu   $t9, $t8, 0x1000           ## $t9 = 00001000
/* 00F8C 80B2D67C A61900BE */  sh      $t9, 0x00BE($s0)           ## 000000BE
.L80B2D680:
/* 00F90 80B2D680 8FBF001C */  lw      $ra, 0x001C($sp)           
/* 00F94 80B2D684 8FB00018 */  lw      $s0, 0x0018($sp)           
/* 00F98 80B2D688 27BD0020 */  addiu   $sp, $sp, 0x0020           ## $sp = 00000000
/* 00F9C 80B2D68C 03E00008 */  jr      $ra                        
/* 00FA0 80B2D690 00000000 */  nop


glabel func_80B2D694
/* 00FA4 80B2D694 27BDFFE8 */  addiu   $sp, $sp, 0xFFE8           ## $sp = FFFFFFE8
/* 00FA8 80B2D698 AFBF0014 */  sw      $ra, 0x0014($sp)           
/* 00FAC 80B2D69C 00803025 */  or      $a2, $a0, $zero            ## $a2 = 00000000
/* 00FB0 80B2D6A0 3C050600 */  lui     $a1, 0x0600                ## $a1 = 06000000
/* 00FB4 80B2D6A4 24A515B0 */  addiu   $a1, $a1, 0x15B0           ## $a1 = 060015B0
/* 00FB8 80B2D6A8 24C40144 */  addiu   $a0, $a2, 0x0144           ## $a0 = 00000144
/* 00FBC 80B2D6AC 0C04DD50 */  jal     func_80137540              
/* 00FC0 80B2D6B0 AFA60018 */  sw      $a2, 0x0018($sp)           
/* 00FC4 80B2D6B4 8FA60018 */  lw      $a2, 0x0018($sp)           
/* 00FC8 80B2D6B8 44802000 */  mtc1    $zero, $f4                 ## $f4 = 0.00
/* 00FCC 80B2D6BC 34018000 */  ori     $at, $zero, 0x8000         ## $at = 00008000
/* 00FD0 80B2D6C0 84CE0032 */  lh      $t6, 0x0032($a2)           ## 00000032
/* 00FD4 80B2D6C4 3C1880B3 */  lui     $t8, %hi(func_80B2D6EC)    ## $t8 = 80B30000
/* 00FD8 80B2D6C8 2718D6EC */  addiu   $t8, $t8, %lo(func_80B2D6EC) ## $t8 = 80B2D6EC
/* 00FDC 80B2D6CC 01C17821 */  addu    $t7, $t6, $at              
/* 00FE0 80B2D6D0 A4CF0192 */  sh      $t7, 0x0192($a2)           ## 00000192
/* 00FE4 80B2D6D4 ACD80188 */  sw      $t8, 0x0188($a2)           ## 00000188
/* 00FE8 80B2D6D8 E4C40070 */  swc1    $f4, 0x0070($a2)           ## 00000070
/* 00FEC 80B2D6DC 8FBF0014 */  lw      $ra, 0x0014($sp)           
/* 00FF0 80B2D6E0 27BD0018 */  addiu   $sp, $sp, 0x0018           ## $sp = 00000000
/* 00FF4 80B2D6E4 03E00008 */  jr      $ra                        
/* 00FF8 80B2D6E8 00000000 */  nop


glabel func_80B2D6EC
/* 00FFC 80B2D6EC 27BDFFE0 */  addiu   $sp, $sp, 0xFFE0           ## $sp = FFFFFFE0
/* 01000 80B2D6F0 AFB00018 */  sw      $s0, 0x0018($sp)           
/* 01004 80B2D6F4 00808025 */  or      $s0, $a0, $zero            ## $s0 = 00000000
/* 01008 80B2D6F8 AFBF001C */  sw      $ra, 0x001C($sp)           
/* 0100C 80B2D6FC AFA50024 */  sw      $a1, 0x0024($sp)           
/* 01010 80B2D700 0C04DB34 */  jal     func_80136CD0              
/* 01014 80B2D704 26040144 */  addiu   $a0, $s0, 0x0144           ## $a0 = 00000144
/* 01018 80B2D708 26040032 */  addiu   $a0, $s0, 0x0032           ## $a0 = 00000032
/* 0101C 80B2D70C 86050192 */  lh      $a1, 0x0192($s0)           ## 00000192
/* 01020 80B2D710 0C03FB9C */  jal     func_800FEE70              
/* 01024 80B2D714 2406071C */  addiu   $a2, $zero, 0x071C         ## $a2 = 0000071C
/* 01028 80B2D718 50400004 */  beql    $v0, $zero, .L80B2D72C     
/* 0102C 80B2D71C 3C014348 */  lui     $at, 0x4348                ## $at = 43480000
/* 01030 80B2D720 0C2CB2D8 */  jal     func_80B2CB60              
/* 01034 80B2D724 02002025 */  or      $a0, $s0, $zero            ## $a0 = 00000000
/* 01038 80B2D728 3C014348 */  lui     $at, 0x4348                ## $at = 43480000
.L80B2D72C:
/* 0103C 80B2D72C 44813000 */  mtc1    $at, $f6                   ## $f6 = 200.00
/* 01040 80B2D730 C6040098 */  lwc1    $f4, 0x0098($s0)           ## 00000098
/* 01044 80B2D734 4606203C */  c.lt.s  $f4, $f6                   
/* 01048 80B2D738 00000000 */  nop
/* 0104C 80B2D73C 45020004 */  bc1fl   .L80B2D750                 
/* 01050 80B2D740 02002025 */  or      $a0, $s0, $zero            ## $a0 = 00000000
/* 01054 80B2D744 0C2CB345 */  jal     func_80B2CD14              
/* 01058 80B2D748 02002025 */  or      $a0, $s0, $zero            ## $a0 = 00000000
/* 0105C 80B2D74C 02002025 */  or      $a0, $s0, $zero            ## $a0 = 00000000
.L80B2D750:
/* 01060 80B2D750 0C2CB26E */  jal     func_80B2C9B8              
/* 01064 80B2D754 8FA50024 */  lw      $a1, 0x0024($sp)           
/* 01068 80B2D758 8FBF001C */  lw      $ra, 0x001C($sp)           
/* 0106C 80B2D75C 8FB00018 */  lw      $s0, 0x0018($sp)           
/* 01070 80B2D760 27BD0020 */  addiu   $sp, $sp, 0x0020           ## $sp = 00000000
/* 01074 80B2D764 03E00008 */  jr      $ra                        
/* 01078 80B2D768 00000000 */  nop


glabel func_80B2D76C
/* 0107C 80B2D76C 27BDFFE8 */  addiu   $sp, $sp, 0xFFE8           ## $sp = FFFFFFE8
/* 01080 80B2D770 AFBF0014 */  sw      $ra, 0x0014($sp)           
/* 01084 80B2D774 44802000 */  mtc1    $zero, $f4                 ## $f4 = 0.00
/* 01088 80B2D778 849800BE */  lh      $t8, 0x00BE($a0)           ## 000000BE
/* 0108C 80B2D77C 240E0020 */  addiu   $t6, $zero, 0x0020         ## $t6 = 00000020
/* 01090 80B2D780 240F2000 */  addiu   $t7, $zero, 0x2000         ## $t7 = 00002000
/* 01094 80B2D784 A08E018C */  sb      $t6, 0x018C($a0)           ## 0000018C
/* 01098 80B2D788 A48F0192 */  sh      $t7, 0x0192($a0)           ## 00000192
/* 0109C 80B2D78C E4840070 */  swc1    $f4, 0x0070($a0)           ## 00000070
/* 010A0 80B2D790 A4980032 */  sh      $t8, 0x0032($a0)           ## 00000032
/* 010A4 80B2D794 AFA40018 */  sw      $a0, 0x0018($sp)           
/* 010A8 80B2D798 0C02E3B2 */  jal     func_800B8EC8              
/* 010AC 80B2D79C 24053874 */  addiu   $a1, $zero, 0x3874         ## $a1 = 00003874
/* 010B0 80B2D7A0 8FA40018 */  lw      $a0, 0x0018($sp)           
/* 010B4 80B2D7A4 0C02E3B2 */  jal     func_800B8EC8              
/* 010B8 80B2D7A8 240538EC */  addiu   $a1, $zero, 0x38EC         ## $a1 = 000038EC
/* 010BC 80B2D7AC 8FA40018 */  lw      $a0, 0x0018($sp)           
/* 010C0 80B2D7B0 3C0980B3 */  lui     $t1, %hi(func_80B2D7D4)    ## $t1 = 80B30000
/* 010C4 80B2D7B4 2529D7D4 */  addiu   $t1, $t1, %lo(func_80B2D7D4) ## $t1 = 80B2D7D4
/* 010C8 80B2D7B8 9099033D */  lbu     $t9, 0x033D($a0)           ## 0000033D
/* 010CC 80B2D7BC AC890188 */  sw      $t1, 0x0188($a0)           ## 00000188
/* 010D0 80B2D7C0 3328FFFE */  andi    $t0, $t9, 0xFFFE           ## $t0 = 00000000
/* 010D4 80B2D7C4 A088033D */  sb      $t0, 0x033D($a0)           ## 0000033D
/* 010D8 80B2D7C8 8FBF0014 */  lw      $ra, 0x0014($sp)           
/* 010DC 80B2D7CC 03E00008 */  jr      $ra                        
/* 010E0 80B2D7D0 27BD0018 */  addiu   $sp, $sp, 0x0018           ## $sp = 00000000


glabel func_80B2D7D4
/* 010E4 80B2D7D4 27BDFFE0 */  addiu   $sp, $sp, 0xFFE0           ## $sp = FFFFFFE0
/* 010E8 80B2D7D8 AFB00018 */  sw      $s0, 0x0018($sp)           
/* 010EC 80B2D7DC 00808025 */  or      $s0, $a0, $zero            ## $s0 = 00000000
/* 010F0 80B2D7E0 AFBF001C */  sw      $ra, 0x001C($sp)           
/* 010F4 80B2D7E4 AFA50024 */  sw      $a1, 0x0024($sp)           
/* 010F8 80B2D7E8 9202018C */  lbu     $v0, 0x018C($s0)           ## 0000018C
/* 010FC 80B2D7EC 26040192 */  addiu   $a0, $s0, 0x0192           ## $a0 = 00000192
/* 01100 80B2D7F0 00002825 */  or      $a1, $zero, $zero          ## $a1 = 00000000
/* 01104 80B2D7F4 10400004 */  beq     $v0, $zero, .L80B2D808     
/* 01108 80B2D7F8 00401825 */  or      $v1, $v0, $zero            ## $v1 = 00000000
/* 0110C 80B2D7FC 244EFFFF */  addiu   $t6, $v0, 0xFFFF           ## $t6 = FFFFFFFF
/* 01110 80B2D800 A20E018C */  sb      $t6, 0x018C($s0)           ## 0000018C
/* 01114 80B2D804 31C300FF */  andi    $v1, $t6, 0x00FF           ## $v1 = 000000FF
.L80B2D808:
/* 01118 80B2D808 860F0032 */  lh      $t7, 0x0032($s0)           ## 00000032
/* 0111C 80B2D80C 86180192 */  lh      $t8, 0x0192($s0)           ## 00000192
/* 01120 80B2D810 28610010 */  slti    $at, $v1, 0x0010           
/* 01124 80B2D814 01F8C821 */  addu    $t9, $t7, $t8              
/* 01128 80B2D818 10200003 */  beq     $at, $zero, .L80B2D828     
/* 0112C 80B2D81C A6190032 */  sh      $t9, 0x0032($s0)           ## 00000032
/* 01130 80B2D820 0C03FB9C */  jal     func_800FEE70              
/* 01134 80B2D824 24060200 */  addiu   $a2, $zero, 0x0200         ## $a2 = 00000200
.L80B2D828:
/* 01138 80B2D828 02002025 */  or      $a0, $s0, $zero            ## $a0 = 00000000
/* 0113C 80B2D82C 0C2CB26E */  jal     func_80B2C9B8              
/* 01140 80B2D830 8FA50024 */  lw      $a1, 0x0024($sp)           
/* 01144 80B2D834 9202018C */  lbu     $v0, 0x018C($s0)           ## 0000018C
/* 01148 80B2D838 3C014F80 */  lui     $at, 0x4F80                ## $at = 4F800000
/* 0114C 80B2D83C 24040064 */  addiu   $a0, $zero, 0x0064         ## $a0 = 00000064
/* 01150 80B2D840 44822000 */  mtc1    $v0, $f4                   ## $f4 = 0.00
/* 01154 80B2D844 04410004 */  bgez    $v0, .L80B2D858            
/* 01158 80B2D848 468021A0 */  cvt.s.w $f6, $f4                   
/* 0115C 80B2D84C 44814000 */  mtc1    $at, $f8                   ## $f8 = 4294967296.00
/* 01160 80B2D850 00000000 */  nop
/* 01164 80B2D854 46083180 */  add.s   $f6, $f6, $f8              
.L80B2D858:
/* 01168 80B2D858 3C0140FF */  lui     $at, 0x40FF                ## $at = 40FF0000
/* 0116C 80B2D85C 44815000 */  mtc1    $at, $f10                  ## $f10 = 7.97
/* 01170 80B2D860 24090001 */  addiu   $t1, $zero, 0x0001         ## $t1 = 00000001
/* 01174 80B2D864 3C014F00 */  lui     $at, 0x4F00                ## $at = 4F000000
/* 01178 80B2D868 460A3402 */  mul.s   $f16, $f6, $f10            
/* 0117C 80B2D86C 4448F800 */  cfc1    $t0, $f31                  
/* 01180 80B2D870 44C9F800 */  ctc1    $t1, $f31                  
/* 01184 80B2D874 00000000 */  nop
/* 01188 80B2D878 460084A4 */  cvt.w.s $f18, $f16                 
/* 0118C 80B2D87C 4449F800 */  cfc1    $t1, $f31                  
/* 01190 80B2D880 00000000 */  nop
/* 01194 80B2D884 31290078 */  andi    $t1, $t1, 0x0078           ## $t1 = 00000000
/* 01198 80B2D888 51200013 */  beql    $t1, $zero, .L80B2D8D8     
/* 0119C 80B2D88C 44099000 */  mfc1    $t1, $f18                  
/* 011A0 80B2D890 44819000 */  mtc1    $at, $f18                  ## $f18 = 2147483648.00
/* 011A4 80B2D894 24090001 */  addiu   $t1, $zero, 0x0001         ## $t1 = 00000001
/* 011A8 80B2D898 46128481 */  sub.s   $f18, $f16, $f18           
/* 011AC 80B2D89C 44C9F800 */  ctc1    $t1, $f31                  
/* 011B0 80B2D8A0 00000000 */  nop
/* 011B4 80B2D8A4 460094A4 */  cvt.w.s $f18, $f18                 
/* 011B8 80B2D8A8 4449F800 */  cfc1    $t1, $f31                  
/* 011BC 80B2D8AC 00000000 */  nop
/* 011C0 80B2D8B0 31290078 */  andi    $t1, $t1, 0x0078           ## $t1 = 00000000
/* 011C4 80B2D8B4 15200005 */  bne     $t1, $zero, .L80B2D8CC     
/* 011C8 80B2D8B8 00000000 */  nop
/* 011CC 80B2D8BC 44099000 */  mfc1    $t1, $f18                  
/* 011D0 80B2D8C0 3C018000 */  lui     $at, 0x8000                ## $at = 80000000
/* 011D4 80B2D8C4 10000007 */  beq     $zero, $zero, .L80B2D8E4   
/* 011D8 80B2D8C8 01214825 */  or      $t1, $t1, $at              ## $t1 = 80000000
.L80B2D8CC:
/* 011DC 80B2D8CC 10000005 */  beq     $zero, $zero, .L80B2D8E4   
/* 011E0 80B2D8D0 2409FFFF */  addiu   $t1, $zero, 0xFFFF         ## $t1 = FFFFFFFF
/* 011E4 80B2D8D4 44099000 */  mfc1    $t1, $f18                  
.L80B2D8D8:
/* 011E8 80B2D8D8 00000000 */  nop
/* 011EC 80B2D8DC 0520FFFB */  bltz    $t1, .L80B2D8CC            
/* 011F0 80B2D8E0 00000000 */  nop
.L80B2D8E4:
/* 011F4 80B2D8E4 44C8F800 */  ctc1    $t0, $f31                  
/* 011F8 80B2D8E8 14400009 */  bne     $v0, $zero, .L80B2D910     
/* 011FC 80B2D8EC A2090197 */  sb      $t1, 0x0197($s0)           ## 00000197
/* 01200 80B2D8F0 0C03FD14 */  jal     func_800FF450              
/* 01204 80B2D8F4 24050032 */  addiu   $a1, $zero, 0x0032         ## $a1 = 00000032
/* 01208 80B2D8F8 3C0A0004 */  lui     $t2, 0x0004                ## $t2 = 00040000
/* 0120C 80B2D8FC 354A0001 */  ori     $t2, $t2, 0x0001           ## $t2 = 00040001
/* 01210 80B2D900 A6020190 */  sh      $v0, 0x0190($s0)           ## 00000190
/* 01214 80B2D904 AE0A034C */  sw      $t2, 0x034C($s0)           ## 0000034C
/* 01218 80B2D908 0C2CB2D8 */  jal     func_80B2CB60              
/* 0121C 80B2D90C 02002025 */  or      $a0, $s0, $zero            ## $a0 = 00000000
.L80B2D910:
/* 01220 80B2D910 8FBF001C */  lw      $ra, 0x001C($sp)           
/* 01224 80B2D914 8FB00018 */  lw      $s0, 0x0018($sp)           
/* 01228 80B2D918 27BD0020 */  addiu   $sp, $sp, 0x0020           ## $sp = 00000000
/* 0122C 80B2D91C 03E00008 */  jr      $ra                        
/* 01230 80B2D920 00000000 */  nop


glabel func_80B2D924
/* 01234 80B2D924 27BDFFE8 */  addiu   $sp, $sp, 0xFFE8           ## $sp = FFFFFFE8
/* 01238 80B2D928 AFBF0014 */  sw      $ra, 0x0014($sp)           
/* 0123C 80B2D92C 44802000 */  mtc1    $zero, $f4                 ## $f4 = 0.00
/* 01240 80B2D930 240E2000 */  addiu   $t6, $zero, 0x2000         ## $t6 = 00002000
/* 01244 80B2D934 A080018C */  sb      $zero, 0x018C($a0)         ## 0000018C
/* 01248 80B2D938 A48E0192 */  sh      $t6, 0x0192($a0)           ## 00000192
/* 0124C 80B2D93C E4840070 */  swc1    $f4, 0x0070($a0)           ## 00000070
/* 01250 80B2D940 AFA40018 */  sw      $a0, 0x0018($sp)           
/* 01254 80B2D944 0C02E3B2 */  jal     func_800B8EC8              
/* 01258 80B2D948 24053873 */  addiu   $a1, $zero, 0x3873         ## $a1 = 00003873
/* 0125C 80B2D94C 8FA40018 */  lw      $a0, 0x0018($sp)           
/* 01260 80B2D950 0C02E3B2 */  jal     func_800B8EC8              
/* 01264 80B2D954 240538EC */  addiu   $a1, $zero, 0x38EC         ## $a1 = 000038EC
/* 01268 80B2D958 8FA40018 */  lw      $a0, 0x0018($sp)           
/* 0126C 80B2D95C 3C1980B3 */  lui     $t9, %hi(func_80B2D980)    ## $t9 = 80B30000
/* 01270 80B2D960 2739D980 */  addiu   $t9, $t9, %lo(func_80B2D980) ## $t9 = 80B2D980
/* 01274 80B2D964 908F033D */  lbu     $t7, 0x033D($a0)           ## 0000033D
/* 01278 80B2D968 AC990188 */  sw      $t9, 0x0188($a0)           ## 00000188
/* 0127C 80B2D96C 31F8FFFE */  andi    $t8, $t7, 0xFFFE           ## $t8 = 00000000
/* 01280 80B2D970 A098033D */  sb      $t8, 0x033D($a0)           ## 0000033D
/* 01284 80B2D974 8FBF0014 */  lw      $ra, 0x0014($sp)           
/* 01288 80B2D978 03E00008 */  jr      $ra                        
/* 0128C 80B2D97C 27BD0018 */  addiu   $sp, $sp, 0x0018           ## $sp = 00000000


glabel func_80B2D980
/* 01290 80B2D980 27BDFFE0 */  addiu   $sp, $sp, 0xFFE0           ## $sp = FFFFFFE0
/* 01294 80B2D984 AFB00018 */  sw      $s0, 0x0018($sp)           
/* 01298 80B2D988 00808025 */  or      $s0, $a0, $zero            ## $s0 = 00000000
/* 0129C 80B2D98C AFBF001C */  sw      $ra, 0x001C($sp)           
/* 012A0 80B2D990 AFA50024 */  sw      $a1, 0x0024($sp)           
/* 012A4 80B2D994 920E018C */  lbu     $t6, 0x018C($s0)           ## 0000018C
/* 012A8 80B2D998 86180032 */  lh      $t8, 0x0032($s0)           ## 00000032
/* 012AC 80B2D99C 86190192 */  lh      $t9, 0x0192($s0)           ## 00000192
/* 012B0 80B2D9A0 25CF0001 */  addiu   $t7, $t6, 0x0001           ## $t7 = 00000001
/* 012B4 80B2D9A4 31E900FF */  andi    $t1, $t7, 0x00FF           ## $t1 = 00000001
/* 012B8 80B2D9A8 29210010 */  slti    $at, $t1, 0x0010           
/* 012BC 80B2D9AC 03194023 */  subu    $t0, $t8, $t9              
/* 012C0 80B2D9B0 A20F018C */  sb      $t7, 0x018C($s0)           ## 0000018C
/* 012C4 80B2D9B4 14200005 */  bne     $at, $zero, .L80B2D9CC     
/* 012C8 80B2D9B8 A6080032 */  sh      $t0, 0x0032($s0)           ## 00000032
/* 012CC 80B2D9BC 26040192 */  addiu   $a0, $s0, 0x0192           ## $a0 = 00000192
/* 012D0 80B2D9C0 00002825 */  or      $a1, $zero, $zero          ## $a1 = 00000000
/* 012D4 80B2D9C4 0C03FB9C */  jal     func_800FEE70              
/* 012D8 80B2D9C8 24060200 */  addiu   $a2, $zero, 0x0200         ## $a2 = 00000200
.L80B2D9CC:
/* 012DC 80B2D9CC 02002025 */  or      $a0, $s0, $zero            ## $a0 = 00000000
/* 012E0 80B2D9D0 0C2CB26E */  jal     func_80B2C9B8              
/* 012E4 80B2D9D4 8FA50024 */  lw      $a1, 0x0024($sp)           
/* 012E8 80B2D9D8 9202018C */  lbu     $v0, 0x018C($s0)           ## 0000018C
/* 012EC 80B2D9DC 3C014F80 */  lui     $at, 0x4F80                ## $at = 4F800000
/* 012F0 80B2D9E0 240402BC */  addiu   $a0, $zero, 0x02BC         ## $a0 = 000002BC
/* 012F4 80B2D9E4 44822000 */  mtc1    $v0, $f4                   ## $f4 = 0.00
/* 012F8 80B2D9E8 04410004 */  bgez    $v0, .L80B2D9FC            
/* 012FC 80B2D9EC 468021A0 */  cvt.s.w $f6, $f4                   
/* 01300 80B2D9F0 44814000 */  mtc1    $at, $f8                   ## $f8 = 4294967296.00
/* 01304 80B2D9F4 00000000 */  nop
/* 01308 80B2D9F8 46083180 */  add.s   $f6, $f6, $f8              
.L80B2D9FC:
/* 0130C 80B2D9FC 3C0140FF */  lui     $at, 0x40FF                ## $at = 40FF0000
/* 01310 80B2DA00 44815000 */  mtc1    $at, $f10                  ## $f10 = 7.97
/* 01314 80B2DA04 240B0001 */  addiu   $t3, $zero, 0x0001         ## $t3 = 00000001
/* 01318 80B2DA08 3C014F00 */  lui     $at, 0x4F00                ## $at = 4F000000
/* 0131C 80B2DA0C 460A3402 */  mul.s   $f16, $f6, $f10            
/* 01320 80B2DA10 444AF800 */  cfc1    $t2, $f31                  
/* 01324 80B2DA14 44CBF800 */  ctc1    $t3, $f31                  
/* 01328 80B2DA18 00000000 */  nop
/* 0132C 80B2DA1C 460084A4 */  cvt.w.s $f18, $f16                 
/* 01330 80B2DA20 444BF800 */  cfc1    $t3, $f31                  
/* 01334 80B2DA24 00000000 */  nop
/* 01338 80B2DA28 316B0078 */  andi    $t3, $t3, 0x0078           ## $t3 = 00000000
/* 0133C 80B2DA2C 51600013 */  beql    $t3, $zero, .L80B2DA7C     
/* 01340 80B2DA30 440B9000 */  mfc1    $t3, $f18                  
/* 01344 80B2DA34 44819000 */  mtc1    $at, $f18                  ## $f18 = 2147483648.00
/* 01348 80B2DA38 240B0001 */  addiu   $t3, $zero, 0x0001         ## $t3 = 00000001
/* 0134C 80B2DA3C 46128481 */  sub.s   $f18, $f16, $f18           
/* 01350 80B2DA40 44CBF800 */  ctc1    $t3, $f31                  
/* 01354 80B2DA44 00000000 */  nop
/* 01358 80B2DA48 460094A4 */  cvt.w.s $f18, $f18                 
/* 0135C 80B2DA4C 444BF800 */  cfc1    $t3, $f31                  
/* 01360 80B2DA50 00000000 */  nop
/* 01364 80B2DA54 316B0078 */  andi    $t3, $t3, 0x0078           ## $t3 = 00000000
/* 01368 80B2DA58 15600005 */  bne     $t3, $zero, .L80B2DA70     
/* 0136C 80B2DA5C 00000000 */  nop
/* 01370 80B2DA60 440B9000 */  mfc1    $t3, $f18                  
/* 01374 80B2DA64 3C018000 */  lui     $at, 0x8000                ## $at = 80000000
/* 01378 80B2DA68 10000007 */  beq     $zero, $zero, .L80B2DA88   
/* 0137C 80B2DA6C 01615825 */  or      $t3, $t3, $at              ## $t3 = 80000000
.L80B2DA70:
/* 01380 80B2DA70 10000005 */  beq     $zero, $zero, .L80B2DA88   
/* 01384 80B2DA74 240BFFFF */  addiu   $t3, $zero, 0xFFFF         ## $t3 = FFFFFFFF
/* 01388 80B2DA78 440B9000 */  mfc1    $t3, $f18                  
.L80B2DA7C:
/* 0138C 80B2DA7C 00000000 */  nop
/* 01390 80B2DA80 0560FFFB */  bltz    $t3, .L80B2DA70            
/* 01394 80B2DA84 00000000 */  nop
.L80B2DA88:
/* 01398 80B2DA88 44CAF800 */  ctc1    $t2, $f31                  
/* 0139C 80B2DA8C 24010020 */  addiu   $at, $zero, 0x0020         ## $at = 00000020
/* 013A0 80B2DA90 1441000A */  bne     $v0, $at, .L80B2DABC       
/* 013A4 80B2DA94 A20B0197 */  sb      $t3, 0x0197($s0)           ## 00000197
/* 013A8 80B2DA98 0C03FD14 */  jal     func_800FF450              
/* 013AC 80B2DA9C 2405012C */  addiu   $a1, $zero, 0x012C         ## $a1 = 0000012C
/* 013B0 80B2DAA0 3C0CF7CB */  lui     $t4, 0xF7CB                ## $t4 = F7CB0000
/* 013B4 80B2DAA4 358CFFFE */  ori     $t4, $t4, 0xFFFE           ## $t4 = F7CBFFFE
/* 013B8 80B2DAA8 A6020190 */  sh      $v0, 0x0190($s0)           ## 00000190
/* 013BC 80B2DAAC A200018C */  sb      $zero, 0x018C($s0)         ## 0000018C
/* 013C0 80B2DAB0 AE0C034C */  sw      $t4, 0x034C($s0)           ## 0000034C
/* 013C4 80B2DAB4 0C2CB2D8 */  jal     func_80B2CB60              
/* 013C8 80B2DAB8 02002025 */  or      $a0, $s0, $zero            ## $a0 = 00000000
.L80B2DABC:
/* 013CC 80B2DABC 8FBF001C */  lw      $ra, 0x001C($sp)           
/* 013D0 80B2DAC0 8FB00018 */  lw      $s0, 0x0018($sp)           
/* 013D4 80B2DAC4 27BD0020 */  addiu   $sp, $sp, 0x0020           ## $sp = 00000000
/* 013D8 80B2DAC8 03E00008 */  jr      $ra                        
/* 013DC 80B2DACC 00000000 */  nop


glabel func_80B2DAD0
/* 013E0 80B2DAD0 27BDFFE8 */  addiu   $sp, $sp, 0xFFE8           ## $sp = FFFFFFE8
/* 013E4 80B2DAD4 AFBF0014 */  sw      $ra, 0x0014($sp)           
/* 013E8 80B2DAD8 00803825 */  or      $a3, $a0, $zero            ## $a3 = 00000000
/* 013EC 80B2DADC 3C050600 */  lui     $a1, 0x0600                ## $a1 = 06000000
/* 013F0 80B2DAE0 24A506E0 */  addiu   $a1, $a1, 0x06E0           ## $a1 = 060006E0
/* 013F4 80B2DAE4 24E40144 */  addiu   $a0, $a3, 0x0144           ## $a0 = 00000144
/* 013F8 80B2DAE8 3C06C0A0 */  lui     $a2, 0xC0A0                ## $a2 = C0A00000
/* 013FC 80B2DAEC 0C04DD65 */  jal     func_80137594              
/* 01400 80B2DAF0 AFA70018 */  sw      $a3, 0x0018($sp)           
/* 01404 80B2DAF4 8FA70018 */  lw      $a3, 0x0018($sp)           
/* 01408 80B2DAF8 3C0140A0 */  lui     $at, 0x40A0                ## $at = 40A00000
/* 0140C 80B2DAFC 44812000 */  mtc1    $at, $f4                   ## $f4 = 5.00
/* 01410 80B2DB00 84EE00BE */  lh      $t6, 0x00BE($a3)           ## 000000BE
/* 01414 80B2DB04 90F8033D */  lbu     $t8, 0x033D($a3)           ## 0000033D
/* 01418 80B2DB08 34018000 */  ori     $at, $zero, 0x8000         ## $at = 00008000
/* 0141C 80B2DB0C 3C0980B3 */  lui     $t1, %hi(func_80B2DB44)    ## $t1 = 80B30000
/* 01420 80B2DB10 240800C8 */  addiu   $t0, $zero, 0x00C8         ## $t0 = 000000C8
/* 01424 80B2DB14 2529DB44 */  addiu   $t1, $t1, %lo(func_80B2DB44) ## $t1 = 80B2DB44
/* 01428 80B2DB18 01C17821 */  addu    $t7, $t6, $at              
/* 0142C 80B2DB1C 37190001 */  ori     $t9, $t8, 0x0001           ## $t9 = 00000001
/* 01430 80B2DB20 A4EF0032 */  sh      $t7, 0x0032($a3)           ## 00000032
/* 01434 80B2DB24 A0F9033D */  sb      $t9, 0x033D($a3)           ## 0000033D
/* 01438 80B2DB28 A4E8018E */  sh      $t0, 0x018E($a3)           ## 0000018E
/* 0143C 80B2DB2C ACE90188 */  sw      $t1, 0x0188($a3)           ## 00000188
/* 01440 80B2DB30 E4E40070 */  swc1    $f4, 0x0070($a3)           ## 00000070
/* 01444 80B2DB34 8FBF0014 */  lw      $ra, 0x0014($sp)           
/* 01448 80B2DB38 27BD0018 */  addiu   $sp, $sp, 0x0018           ## $sp = 00000000
/* 0144C 80B2DB3C 03E00008 */  jr      $ra                        
/* 01450 80B2DB40 00000000 */  nop


glabel func_80B2DB44
/* 01454 80B2DB44 27BDFFD8 */  addiu   $sp, $sp, 0xFFD8           ## $sp = FFFFFFD8
/* 01458 80B2DB48 AFB00018 */  sw      $s0, 0x0018($sp)           
/* 0145C 80B2DB4C 00808025 */  or      $s0, $a0, $zero            ## $s0 = 00000000
/* 01460 80B2DB50 AFBF001C */  sw      $ra, 0x001C($sp)           
/* 01464 80B2DB54 AFA5002C */  sw      $a1, 0x002C($sp)           
/* 01468 80B2DB58 0C04DB34 */  jal     func_80136CD0              
/* 0146C 80B2DB5C 26040144 */  addiu   $a0, $s0, 0x0144           ## $a0 = 00000144
/* 01470 80B2DB60 9204018D */  lbu     $a0, 0x018D($s0)           ## 0000018D
/* 01474 80B2DB64 000422C0 */  sll     $a0, $a0, 11               
/* 01478 80B2DB68 00042400 */  sll     $a0, $a0, 16               
/* 0147C 80B2DB6C 0C03FB61 */  jal     func_800FED84              
/* 01480 80B2DB70 00042403 */  sra     $a0, $a0, 16               
/* 01484 80B2DB74 3C014040 */  lui     $at, 0x4040                ## $at = 40400000
/* 01488 80B2DB78 44812000 */  mtc1    $at, $f4                   ## $f4 = 3.00
/* 0148C 80B2DB7C 00000000 */  nop
/* 01490 80B2DB80 46040182 */  mul.s   $f6, $f0, $f4              
/* 01494 80B2DB84 E7A60024 */  swc1    $f6, 0x0024($sp)           
/* 01498 80B2DB88 0C03FB51 */  jal     func_800FED44              
/* 0149C 80B2DB8C 860400BE */  lh      $a0, 0x00BE($s0)           ## 000000BE
/* 014A0 80B2DB90 C7AA0024 */  lwc1    $f10, 0x0024($sp)          
/* 014A4 80B2DB94 C6080024 */  lwc1    $f8, 0x0024($s0)           ## 00000024
/* 014A8 80B2DB98 860400BE */  lh      $a0, 0x00BE($s0)           ## 000000BE
/* 014AC 80B2DB9C 46005402 */  mul.s   $f16, $f10, $f0            
/* 014B0 80B2DBA0 46104481 */  sub.s   $f18, $f8, $f16            
/* 014B4 80B2DBA4 0C03FB61 */  jal     func_800FED84              
/* 014B8 80B2DBA8 E6120024 */  swc1    $f18, 0x0024($s0)          ## 00000024
/* 014BC 80B2DBAC C7A60024 */  lwc1    $f6, 0x0024($sp)           
/* 014C0 80B2DBB0 C604002C */  lwc1    $f4, 0x002C($s0)           ## 0000002C
/* 014C4 80B2DBB4 86050092 */  lh      $a1, 0x0092($s0)           ## 00000092
/* 014C8 80B2DBB8 46003282 */  mul.s   $f10, $f6, $f0             
/* 014CC 80B2DBBC 34018000 */  ori     $at, $zero, 0x8000         ## $at = 00008000
/* 014D0 80B2DBC0 00A12821 */  addu    $a1, $a1, $at              
/* 014D4 80B2DBC4 00052C00 */  sll     $a1, $a1, 16               
/* 014D8 80B2DBC8 00052C03 */  sra     $a1, $a1, 16               
/* 014DC 80B2DBCC 26040032 */  addiu   $a0, $s0, 0x0032           ## $a0 = 00000032
/* 014E0 80B2DBD0 2406071C */  addiu   $a2, $zero, 0x071C         ## $a2 = 0000071C
/* 014E4 80B2DBD4 460A2200 */  add.s   $f8, $f4, $f10             
/* 014E8 80B2DBD8 0C03FB9C */  jal     func_800FEE70              
/* 014EC 80B2DBDC E608002C */  swc1    $f8, 0x002C($s0)           ## 0000002C
/* 014F0 80B2DBE0 02002025 */  or      $a0, $s0, $zero            ## $a0 = 00000000
/* 014F4 80B2DBE4 0C2CB26E */  jal     func_80B2C9B8              
/* 014F8 80B2DBE8 8FA5002C */  lw      $a1, 0x002C($sp)           
/* 014FC 80B2DBEC 860E018E */  lh      $t6, 0x018E($s0)           ## 0000018E
/* 01500 80B2DBF0 3C01437A */  lui     $at, 0x437A                ## $at = 437A0000
/* 01504 80B2DBF4 25CFFFFF */  addiu   $t7, $t6, 0xFFFF           ## $t7 = FFFFFFFF
/* 01508 80B2DBF8 A60F018E */  sh      $t7, 0x018E($s0)           ## 0000018E
/* 0150C 80B2DBFC 8618018E */  lh      $t8, 0x018E($s0)           ## 0000018E
/* 01510 80B2DC00 53000008 */  beql    $t8, $zero, .L80B2DC24     
/* 01514 80B2DC04 861900BE */  lh      $t9, 0x00BE($s0)           ## 000000BE
/* 01518 80B2DC08 44818000 */  mtc1    $at, $f16                  ## $f16 = 250.00
/* 0151C 80B2DC0C C6120098 */  lwc1    $f18, 0x0098($s0)          ## 00000098
/* 01520 80B2DC10 4612803C */  c.lt.s  $f16, $f18                 
/* 01524 80B2DC14 00000000 */  nop
/* 01528 80B2DC18 45020006 */  bc1fl   .L80B2DC34                 
/* 0152C 80B2DC1C 02002025 */  or      $a0, $s0, $zero            ## $a0 = 00000000
/* 01530 80B2DC20 861900BE */  lh      $t9, 0x00BE($s0)           ## 000000BE
.L80B2DC24:
/* 01534 80B2DC24 02002025 */  or      $a0, $s0, $zero            ## $a0 = 00000000
/* 01538 80B2DC28 0C2CB2D8 */  jal     func_80B2CB60              
/* 0153C 80B2DC2C A6190032 */  sh      $t9, 0x0032($s0)           ## 00000032
/* 01540 80B2DC30 02002025 */  or      $a0, $s0, $zero            ## $a0 = 00000000
.L80B2DC34:
/* 01544 80B2DC34 0C02E404 */  jal     func_800B9010              
/* 01548 80B2DC38 24053072 */  addiu   $a1, $zero, 0x3072         ## $a1 = 00003072
/* 0154C 80B2DC3C 8FBF001C */  lw      $ra, 0x001C($sp)           
/* 01550 80B2DC40 8FB00018 */  lw      $s0, 0x0018($sp)           
/* 01554 80B2DC44 27BD0028 */  addiu   $sp, $sp, 0x0028           ## $sp = 00000000
/* 01558 80B2DC48 03E00008 */  jr      $ra                        
/* 0155C 80B2DC4C 00000000 */  nop


glabel func_80B2DC50
/* 01560 80B2DC50 27BDFFE8 */  addiu   $sp, $sp, 0xFFE8           ## $sp = FFFFFFE8
/* 01564 80B2DC54 AFBF0014 */  sw      $ra, 0x0014($sp)           
/* 01568 80B2DC58 AFA5001C */  sw      $a1, 0x001C($sp)           
/* 0156C 80B2DC5C 00803025 */  or      $a2, $a0, $zero            ## $a2 = 00000000
/* 01570 80B2DC60 C4C40408 */  lwc1    $f4, 0x0408($a2)           ## 00000408
/* 01574 80B2DC64 C4C6040C */  lwc1    $f6, 0x040C($a2)           ## 0000040C
/* 01578 80B2DC68 C4C80410 */  lwc1    $f8, 0x0410($a2)           ## 00000410
/* 0157C 80B2DC6C 3C0E80B3 */  lui     $t6, %hi(func_80B2F328)    ## $t6 = 80B30000
/* 01580 80B2DC70 3C0F80B3 */  lui     $t7, %hi(func_80B2F37C)    ## $t7 = 80B30000
/* 01584 80B2DC74 25CEF328 */  addiu   $t6, $t6, %lo(func_80B2F328) ## $t6 = 80B2F328
/* 01588 80B2DC78 25EFF37C */  addiu   $t7, $t7, %lo(func_80B2F37C) ## $t7 = 80B2F37C
/* 0158C 80B2DC7C ACCE0138 */  sw      $t6, 0x0138($a2)           ## 00000138
/* 01590 80B2DC80 ACCF013C */  sw      $t7, 0x013C($a2)           ## 0000013C
/* 01594 80B2DC84 ACC000C8 */  sw      $zero, 0x00C8($a2)         ## 000000C8
/* 01598 80B2DC88 3C053C23 */  lui     $a1, 0x3C23                ## $a1 = 3C230000
/* 0159C 80B2DC8C E4C40024 */  swc1    $f4, 0x0024($a2)           ## 00000024
/* 015A0 80B2DC90 E4C60028 */  swc1    $f6, 0x0028($a2)           ## 00000028
/* 015A4 80B2DC94 E4C8002C */  swc1    $f8, 0x002C($a2)           ## 0000002C
/* 015A8 80B2DC98 AFA60018 */  sw      $a2, 0x0018($sp)           
/* 015AC 80B2DC9C 34A5D70A */  ori     $a1, $a1, 0xD70A           ## $a1 = 3C23D70A
/* 015B0 80B2DCA0 0C02D9F8 */  jal     func_800B67E0              
/* 015B4 80B2DCA4 00C02025 */  or      $a0, $a2, $zero            ## $a0 = 00000000
/* 015B8 80B2DCA8 8FA60018 */  lw      $a2, 0x0018($sp)           
/* 015BC 80B2DCAC 3C01BF80 */  lui     $at, 0xBF80                ## $at = BF800000
/* 015C0 80B2DCB0 44815000 */  mtc1    $at, $f10                  ## $f10 = -1.00
/* 015C4 80B2DCB4 8CD80004 */  lw      $t8, 0x0004($a2)           ## 00000004
/* 015C8 80B2DCB8 8FA4001C */  lw      $a0, 0x001C($sp)           
/* 015CC 80B2DCBC 3C0180B3 */  lui     $at, %hi(D_80B2F76C)       ## $at = 80B30000
/* 015D0 80B2DCC0 37190010 */  ori     $t9, $t8, 0x0010           ## $t9 = 00000010
/* 015D4 80B2DCC4 ACD90004 */  sw      $t9, 0x0004($a2)           ## 00000004
/* 015D8 80B2DCC8 E4CA0074 */  swc1    $f10, 0x0074($a2)          ## 00000074
/* 015DC 80B2DCCC C430F76C */  lwc1    $f16, %lo(D_80B2F76C)($at) 
/* 015E0 80B2DCD0 3C014170 */  lui     $at, 0x4170                ## $at = 41700000
/* 015E4 80B2DCD4 44812000 */  mtc1    $at, $f4                   ## $f4 = 15.00
/* 015E8 80B2DCD8 C4D20028 */  lwc1    $f18, 0x0028($a2)          ## 00000028
/* 015EC 80B2DCDC 24088000 */  addiu   $t0, $zero, 0x8000         ## $t0 = FFFF8000
/* 015F0 80B2DCE0 24070008 */  addiu   $a3, $zero, 0x0008         ## $a3 = 00000008
/* 015F4 80B2DCE4 46049181 */  sub.s   $f6, $f18, $f4             
/* 015F8 80B2DCE8 A4C800BC */  sh      $t0, 0x00BC($a2)           ## 000000BC
/* 015FC 80B2DCEC 24851CA0 */  addiu   $a1, $a0, 0x1CA0           ## $a1 = 00001CA0
/* 01600 80B2DCF0 E4D000C4 */  swc1    $f16, 0x00C4($a2)          ## 000000C4
/* 01604 80B2DCF4 0C02F055 */  jal     func_800BC154              
/* 01608 80B2DCF8 E4C60028 */  swc1    $f6, 0x0028($a2)           ## 00000028
/* 0160C 80B2DCFC 8FA60018 */  lw      $a2, 0x0018($sp)           
/* 01610 80B2DD00 2401FFFA */  addiu   $at, $zero, 0xFFFA         ## $at = FFFFFFFA
/* 01614 80B2DD04 3C0B80B3 */  lui     $t3, %hi(func_80B2DD2C)    ## $t3 = 80B30000
/* 01618 80B2DD08 8CC90004 */  lw      $t1, 0x0004($a2)           ## 00000004
/* 0161C 80B2DD0C 256BDD2C */  addiu   $t3, $t3, %lo(func_80B2DD2C) ## $t3 = 80B2DD2C
/* 01620 80B2DD10 ACCB0188 */  sw      $t3, 0x0188($a2)           ## 00000188
/* 01624 80B2DD14 01215024 */  and     $t2, $t1, $at              
/* 01628 80B2DD18 ACCA0004 */  sw      $t2, 0x0004($a2)           ## 00000004
/* 0162C 80B2DD1C 8FBF0014 */  lw      $ra, 0x0014($sp)           
/* 01630 80B2DD20 27BD0018 */  addiu   $sp, $sp, 0x0018           ## $sp = 00000000
/* 01634 80B2DD24 03E00008 */  jr      $ra                        
/* 01638 80B2DD28 00000000 */  nop


glabel func_80B2DD2C
/* 0163C 80B2DD2C 27BDFFC8 */  addiu   $sp, $sp, 0xFFC8           ## $sp = FFFFFFC8
/* 01640 80B2DD30 AFB00030 */  sw      $s0, 0x0030($sp)           
/* 01644 80B2DD34 00808025 */  or      $s0, $a0, $zero            ## $s0 = 00000000
/* 01648 80B2DD38 AFBF0034 */  sw      $ra, 0x0034($sp)           
/* 0164C 80B2DD3C AFA5003C */  sw      $a1, 0x003C($sp)           
/* 01650 80B2DD40 960E0090 */  lhu     $t6, 0x0090($s0)           ## 00000090
/* 01654 80B2DD44 3C01C6FA */  lui     $at, 0xC6FA                ## $at = C6FA0000
/* 01658 80B2DD48 8FA4003C */  lw      $a0, 0x003C($sp)           
/* 0165C 80B2DD4C 31CF0001 */  andi    $t7, $t6, 0x0001           ## $t7 = 00000000
/* 01660 80B2DD50 15E00006 */  bne     $t7, $zero, .L80B2DD6C     
/* 01664 80B2DD54 26050024 */  addiu   $a1, $s0, 0x0024           ## $a1 = 00000024
/* 01668 80B2DD58 44812000 */  mtc1    $at, $f4                   ## $f4 = -32000.00
/* 0166C 80B2DD5C C6060088 */  lwc1    $f6, 0x0088($s0)           ## 00000088
/* 01670 80B2DD60 4604303E */  c.le.s  $f6, $f4                   
/* 01674 80B2DD64 00000000 */  nop
/* 01678 80B2DD68 45000012 */  bc1f    .L80B2DDB4                 
.L80B2DD6C:
/* 0167C 80B2DD6C 3C0B0600 */  lui     $t3, 0x0600                ## $t3 = 06000000
/* 01680 80B2DD70 256B2D28 */  addiu   $t3, $t3, 0x2D28           ## $t3 = 06002D28
/* 01684 80B2DD74 24180001 */  addiu   $t8, $zero, 0x0001         ## $t8 = 00000001
/* 01688 80B2DD78 24190001 */  addiu   $t9, $zero, 0x0001         ## $t9 = 00000001
/* 0168C 80B2DD7C 2408000F */  addiu   $t0, $zero, 0x000F         ## $t0 = 0000000F
/* 01690 80B2DD80 240901C3 */  addiu   $t1, $zero, 0x01C3         ## $t1 = 000001C3
/* 01694 80B2DD84 240A000A */  addiu   $t2, $zero, 0x000A         ## $t2 = 0000000A
/* 01698 80B2DD88 AFAA0020 */  sw      $t2, 0x0020($sp)           
/* 0169C 80B2DD8C AFA9001C */  sw      $t1, 0x001C($sp)           
/* 016A0 80B2DD90 AFA80018 */  sw      $t0, 0x0018($sp)           
/* 016A4 80B2DD94 AFB90014 */  sw      $t9, 0x0014($sp)           
/* 016A8 80B2DD98 AFB80010 */  sw      $t8, 0x0010($sp)           
/* 016AC 80B2DD9C AFAB0024 */  sw      $t3, 0x0024($sp)           
/* 016B0 80B2DDA0 3C0640C0 */  lui     $a2, 0x40C0                ## $a2 = 40C00000
/* 016B4 80B2DDA4 0C02C887 */  jal     func_800B221C              
/* 016B8 80B2DDA8 00003825 */  or      $a3, $zero, $zero          ## $a3 = 00000000
/* 016BC 80B2DDAC 0C2CB82C */  jal     func_80B2E0B0              
/* 016C0 80B2DDB0 02002025 */  or      $a0, $s0, $zero            ## $a0 = 00000000
.L80B2DDB4:
/* 016C4 80B2DDB4 0C02DAA2 */  jal     func_800B6A88              
/* 016C8 80B2DDB8 02002025 */  or      $a0, $s0, $zero            ## $a0 = 00000000
/* 016CC 80B2DDBC 3C014120 */  lui     $at, 0x4120                ## $at = 41200000
/* 016D0 80B2DDC0 44810000 */  mtc1    $at, $f0                   ## $f0 = 10.00
/* 016D4 80B2DDC4 240C0004 */  addiu   $t4, $zero, 0x0004         ## $t4 = 00000004
/* 016D8 80B2DDC8 AFAC0014 */  sw      $t4, 0x0014($sp)           
/* 016DC 80B2DDCC 44060000 */  mfc1    $a2, $f0                   
/* 016E0 80B2DDD0 44070000 */  mfc1    $a3, $f0                   
/* 016E4 80B2DDD4 8FA4003C */  lw      $a0, 0x003C($sp)           
/* 016E8 80B2DDD8 02002825 */  or      $a1, $s0, $zero            ## $a1 = 00000000
/* 016EC 80B2DDDC 0C02DE2E */  jal     func_800B78B8              
/* 016F0 80B2DDE0 E7A00010 */  swc1    $f0, 0x0010($sp)           
/* 016F4 80B2DDE4 8FBF0034 */  lw      $ra, 0x0034($sp)           
/* 016F8 80B2DDE8 8FB00030 */  lw      $s0, 0x0030($sp)           
/* 016FC 80B2DDEC 27BD0038 */  addiu   $sp, $sp, 0x0038           ## $sp = 00000000
/* 01700 80B2DDF0 03E00008 */  jr      $ra                        
/* 01704 80B2DDF4 00000000 */  nop


glabel func_80B2DDF8
/* 01708 80B2DDF8 27BDFFD0 */  addiu   $sp, $sp, 0xFFD0           ## $sp = FFFFFFD0
/* 0170C 80B2DDFC AFB00028 */  sw      $s0, 0x0028($sp)           
/* 01710 80B2DE00 00808025 */  or      $s0, $a0, $zero            ## $s0 = 00000000
/* 01714 80B2DE04 AFBF002C */  sw      $ra, 0x002C($sp)           
/* 01718 80B2DE08 920E0197 */  lbu     $t6, 0x0197($s0)           ## 00000197
/* 0171C 80B2DE0C 2604031C */  addiu   $a0, $s0, 0x031C           ## $a0 = 0000031C
/* 01720 80B2DE10 01C51021 */  addu    $v0, $t6, $a1              
/* 01724 80B2DE14 04410003 */  bgez    $v0, .L80B2DE24            
/* 01728 80B2DE18 240E0064 */  addiu   $t6, $zero, 0x0064         ## $t6 = 00000064
/* 0172C 80B2DE1C 10000007 */  beq     $zero, $zero, .L80B2DE3C   
/* 01730 80B2DE20 A2000197 */  sb      $zero, 0x0197($s0)         ## 00000197
.L80B2DE24:
/* 01734 80B2DE24 28410100 */  slti    $at, $v0, 0x0100           
/* 01738 80B2DE28 14200003 */  bne     $at, $zero, .L80B2DE38     
/* 0173C 80B2DE2C 00401825 */  or      $v1, $v0, $zero            ## $v1 = 00000000
/* 01740 80B2DE30 10000001 */  beq     $zero, $zero, .L80B2DE38   
/* 01744 80B2DE34 240300FF */  addiu   $v1, $zero, 0x00FF         ## $v1 = 000000FF
.L80B2DE38:
/* 01748 80B2DE38 A2030197 */  sb      $v1, 0x0197($s0)           ## 00000197
.L80B2DE3C:
/* 0174C 80B2DE3C 04A3001D */  bgezl   $a1, .L80B2DEB4            
/* 01750 80B2DE40 92180197 */  lbu     $t8, 0x0197($s0)           ## 00000197
/* 01754 80B2DE44 920F0197 */  lbu     $t7, 0x0197($s0)           ## 00000197
/* 01758 80B2DE48 3C0180B3 */  lui     $at, %hi(D_80B2F770)       ## $at = 80B30000
/* 0175C 80B2DE4C C42EF770 */  lwc1    $f14, %lo(D_80B2F770)($at) 
/* 01760 80B2DE50 448F2000 */  mtc1    $t7, $f4                   ## $f4 = 0.00
/* 01764 80B2DE54 3C014F80 */  lui     $at, 0x4F80                ## $at = 4F800000
/* 01768 80B2DE58 05E10004 */  bgez    $t7, .L80B2DE6C            
/* 0176C 80B2DE5C 46802320 */  cvt.s.w $f12, $f4                  
/* 01770 80B2DE60 44813000 */  mtc1    $at, $f6                   ## $f6 = 4294967296.00
/* 01774 80B2DE64 00000000 */  nop
/* 01778 80B2DE68 46066300 */  add.s   $f12, $f12, $f6            
.L80B2DE6C:
/* 0177C 80B2DE6C 3C0180B3 */  lui     $at, %hi(D_80B2F774)       ## $at = 80B30000
/* 01780 80B2DE70 C428F774 */  lwc1    $f8, %lo(D_80B2F774)($at)  
/* 01784 80B2DE74 3C0180B3 */  lui     $at, %hi(D_80B2F778)       ## $at = 80B30000
/* 01788 80B2DE78 C42AF778 */  lwc1    $f10, %lo(D_80B2F778)($at) 
/* 0178C 80B2DE7C 46086082 */  mul.s   $f2, $f12, $f8             
/* 01790 80B2DE80 3C0180B3 */  lui     $at, %hi(D_80B2F77C)       ## $at = 80B30000
/* 01794 80B2DE84 C432F77C */  lwc1    $f18, %lo(D_80B2F77C)($at) 
/* 01798 80B2DE88 46025402 */  mul.s   $f16, $f10, $f2            
/* 0179C 80B2DE8C 00000000 */  nop
/* 017A0 80B2DE90 46027102 */  mul.s   $f4, $f14, $f2             
/* 017A4 80B2DE94 46128000 */  add.s   $f0, $f16, $f18            
/* 017A8 80B2DE98 46047181 */  sub.s   $f6, $f14, $f4             
/* 017AC 80B2DE9C E6000060 */  swc1    $f0, 0x0060($s0)           ## 00000060
/* 017B0 80B2DEA0 E6000058 */  swc1    $f0, 0x0058($s0)           ## 00000058
/* 017B4 80B2DEA4 460E3200 */  add.s   $f8, $f6, $f14             
/* 017B8 80B2DEA8 10000017 */  beq     $zero, $zero, .L80B2DF08   
/* 017BC 80B2DEAC E608005C */  swc1    $f8, 0x005C($s0)           ## 0000005C
/* 017C0 80B2DEB0 92180197 */  lbu     $t8, 0x0197($s0)           ## 00000197
.L80B2DEB4:
/* 017C4 80B2DEB4 3C013F80 */  lui     $at, 0x3F80                ## $at = 3F800000
/* 017C8 80B2DEB8 44811000 */  mtc1    $at, $f2                   ## $f2 = 1.00
/* 017CC 80B2DEBC 44985000 */  mtc1    $t8, $f10                  ## $f10 = 0.00
/* 017D0 80B2DEC0 3C014F80 */  lui     $at, 0x4F80                ## $at = 4F800000
/* 017D4 80B2DEC4 07010004 */  bgez    $t8, .L80B2DED8            
/* 017D8 80B2DEC8 46805320 */  cvt.s.w $f12, $f10                 
/* 017DC 80B2DECC 44818000 */  mtc1    $at, $f16                  ## $f16 = 4294967296.00
/* 017E0 80B2DED0 00000000 */  nop
/* 017E4 80B2DED4 46106300 */  add.s   $f12, $f12, $f16           
.L80B2DED8:
/* 017E8 80B2DED8 3C0180B3 */  lui     $at, %hi(D_80B2F780)       ## $at = 80B30000
/* 017EC 80B2DEDC C432F780 */  lwc1    $f18, %lo(D_80B2F780)($at) 
/* 017F0 80B2DEE0 3C0180B3 */  lui     $at, %hi(D_80B2F784)       ## $at = 80B30000
/* 017F4 80B2DEE4 C604000C */  lwc1    $f4, 0x000C($s0)           ## 0000000C
/* 017F8 80B2DEE8 46126002 */  mul.s   $f0, $f12, $f18            
/* 017FC 80B2DEEC E6000060 */  swc1    $f0, 0x0060($s0)           ## 00000060
/* 01800 80B2DEF0 E600005C */  swc1    $f0, 0x005C($s0)           ## 0000005C
/* 01804 80B2DEF4 E6000058 */  swc1    $f0, 0x0058($s0)           ## 00000058
/* 01808 80B2DEF8 C426F784 */  lwc1    $f6, %lo(D_80B2F784)($at)  
/* 0180C 80B2DEFC 460C3202 */  mul.s   $f8, $f6, $f12             
/* 01810 80B2DF00 46082280 */  add.s   $f10, $f4, $f8             
/* 01814 80B2DF04 E60A0028 */  swc1    $f10, 0x0028($s0)          ## 00000028
.L80B2DF08:
/* 01818 80B2DF08 3C0142C8 */  lui     $at, 0x42C8                ## $at = 42C80000
/* 0181C 80B2DF0C 44818000 */  mtc1    $at, $f16                  ## $f16 = 100.00
/* 01820 80B2DF10 24080001 */  addiu   $t0, $zero, 0x0001         ## $t0 = 00000001
/* 01824 80B2DF14 3C014F00 */  lui     $at, 0x4F00                ## $at = 4F000000
/* 01828 80B2DF18 46028482 */  mul.s   $f18, $f16, $f2            
/* 0182C 80B2DF1C 240F0096 */  addiu   $t7, $zero, 0x0096         ## $t7 = 00000096
/* 01830 80B2DF20 4459F800 */  cfc1    $t9, $f31                  
/* 01834 80B2DF24 44C8F800 */  ctc1    $t0, $f31                  
/* 01838 80B2DF28 00000000 */  nop
/* 0183C 80B2DF2C 460091A4 */  cvt.w.s $f6, $f18                  
/* 01840 80B2DF30 4448F800 */  cfc1    $t0, $f31                  
/* 01844 80B2DF34 00000000 */  nop
/* 01848 80B2DF38 31080078 */  andi    $t0, $t0, 0x0078           ## $t0 = 00000000
/* 0184C 80B2DF3C 51000013 */  beql    $t0, $zero, .L80B2DF8C     
/* 01850 80B2DF40 44083000 */  mfc1    $t0, $f6                   
/* 01854 80B2DF44 44813000 */  mtc1    $at, $f6                   ## $f6 = 2147483648.00
/* 01858 80B2DF48 24080001 */  addiu   $t0, $zero, 0x0001         ## $t0 = 00000001
/* 0185C 80B2DF4C 46069181 */  sub.s   $f6, $f18, $f6             
/* 01860 80B2DF50 44C8F800 */  ctc1    $t0, $f31                  
/* 01864 80B2DF54 00000000 */  nop
/* 01868 80B2DF58 460031A4 */  cvt.w.s $f6, $f6                   
/* 0186C 80B2DF5C 4448F800 */  cfc1    $t0, $f31                  
/* 01870 80B2DF60 00000000 */  nop
/* 01874 80B2DF64 31080078 */  andi    $t0, $t0, 0x0078           ## $t0 = 00000000
/* 01878 80B2DF68 15000005 */  bne     $t0, $zero, .L80B2DF80     
/* 0187C 80B2DF6C 00000000 */  nop
/* 01880 80B2DF70 44083000 */  mfc1    $t0, $f6                   
/* 01884 80B2DF74 3C018000 */  lui     $at, 0x8000                ## $at = 80000000
/* 01888 80B2DF78 10000007 */  beq     $zero, $zero, .L80B2DF98   
/* 0188C 80B2DF7C 01014025 */  or      $t0, $t0, $at              ## $t0 = 80000000
.L80B2DF80:
/* 01890 80B2DF80 10000005 */  beq     $zero, $zero, .L80B2DF98   
/* 01894 80B2DF84 2408FFFF */  addiu   $t0, $zero, 0xFFFF         ## $t0 = FFFFFFFF
/* 01898 80B2DF88 44083000 */  mfc1    $t0, $f6                   
.L80B2DF8C:
/* 0189C 80B2DF8C 00000000 */  nop
/* 018A0 80B2DF90 0500FFFB */  bltz    $t0, .L80B2DF80            
/* 018A4 80B2DF94 00000000 */  nop
.L80B2DF98:
/* 018A8 80B2DF98 3C014316 */  lui     $at, 0x4316                ## $at = 43160000
/* 018AC 80B2DF9C 44D9F800 */  ctc1    $t9, $f31                  
/* 018B0 80B2DFA0 44812000 */  mtc1    $at, $f4                   ## $f4 = 150.00
/* 018B4 80B2DFA4 240A0001 */  addiu   $t2, $zero, 0x0001         ## $t2 = 00000001
/* 018B8 80B2DFA8 A2080194 */  sb      $t0, 0x0194($s0)           ## 00000194
/* 018BC 80B2DFAC 46022202 */  mul.s   $f8, $f4, $f2              
/* 018C0 80B2DFB0 A2000195 */  sb      $zero, 0x0195($s0)         ## 00000195
/* 018C4 80B2DFB4 3C014F00 */  lui     $at, 0x4F00                ## $at = 4F000000
/* 018C8 80B2DFB8 4449F800 */  cfc1    $t1, $f31                  
/* 018CC 80B2DFBC 44CAF800 */  ctc1    $t2, $f31                  
/* 018D0 80B2DFC0 00000000 */  nop
/* 018D4 80B2DFC4 460042A4 */  cvt.w.s $f10, $f8                  
/* 018D8 80B2DFC8 444AF800 */  cfc1    $t2, $f31                  
/* 018DC 80B2DFCC 00000000 */  nop
/* 018E0 80B2DFD0 314A0078 */  andi    $t2, $t2, 0x0078           ## $t2 = 00000000
/* 018E4 80B2DFD4 51400013 */  beql    $t2, $zero, .L80B2E024     
/* 018E8 80B2DFD8 440A5000 */  mfc1    $t2, $f10                  
/* 018EC 80B2DFDC 44815000 */  mtc1    $at, $f10                  ## $f10 = 2147483648.00
/* 018F0 80B2DFE0 240A0001 */  addiu   $t2, $zero, 0x0001         ## $t2 = 00000001
/* 018F4 80B2DFE4 460A4281 */  sub.s   $f10, $f8, $f10            
/* 018F8 80B2DFE8 44CAF800 */  ctc1    $t2, $f31                  
/* 018FC 80B2DFEC 00000000 */  nop
/* 01900 80B2DFF0 460052A4 */  cvt.w.s $f10, $f10                 
/* 01904 80B2DFF4 444AF800 */  cfc1    $t2, $f31                  
/* 01908 80B2DFF8 00000000 */  nop
/* 0190C 80B2DFFC 314A0078 */  andi    $t2, $t2, 0x0078           ## $t2 = 00000000
/* 01910 80B2E000 15400005 */  bne     $t2, $zero, .L80B2E018     
/* 01914 80B2E004 00000000 */  nop
/* 01918 80B2E008 440A5000 */  mfc1    $t2, $f10                  
/* 0191C 80B2E00C 3C018000 */  lui     $at, 0x8000                ## $at = 80000000
/* 01920 80B2E010 10000007 */  beq     $zero, $zero, .L80B2E030   
/* 01924 80B2E014 01415025 */  or      $t2, $t2, $at              ## $t2 = 80000000
.L80B2E018:
/* 01928 80B2E018 10000005 */  beq     $zero, $zero, .L80B2E030   
/* 0192C 80B2E01C 240AFFFF */  addiu   $t2, $zero, 0xFFFF         ## $t2 = FFFFFFFF
/* 01930 80B2E020 440A5000 */  mfc1    $t2, $f10                  
.L80B2E024:
/* 01934 80B2E024 00000000 */  nop
/* 01938 80B2E028 0540FFFB */  bltz    $t2, .L80B2E018            
/* 0193C 80B2E02C 00000000 */  nop
.L80B2E030:
/* 01940 80B2E030 44C9F800 */  ctc1    $t1, $f31                  
/* 01944 80B2E034 C6100024 */  lwc1    $f16, 0x0024($s0)          ## 00000024
/* 01948 80B2E038 A20A0196 */  sb      $t2, 0x0196($s0)           ## 00000196
/* 0194C 80B2E03C 3C0180B3 */  lui     $at, %hi(D_80B2F788)       ## $at = 80B30000
/* 01950 80B2E040 4600848D */  trunc.w.s $f18, $f16                 
/* 01954 80B2E044 C430F788 */  lwc1    $f16, %lo(D_80B2F788)($at) 
/* 01958 80B2E048 C6060028 */  lwc1    $f6, 0x0028($s0)           ## 00000028
/* 0195C 80B2E04C C608002C */  lwc1    $f8, 0x002C($s0)           ## 0000002C
/* 01960 80B2E050 44059000 */  mfc1    $a1, $f18                  
/* 01964 80B2E054 46106482 */  mul.s   $f18, $f12, $f16           
/* 01968 80B2E058 4600310D */  trunc.w.s $f4, $f6                   
/* 0196C 80B2E05C 00052C00 */  sll     $a1, $a1, 16               
/* 01970 80B2E060 00052C03 */  sra     $a1, $a1, 16               
/* 01974 80B2E064 AFAF0018 */  sw      $t7, 0x0018($sp)           
/* 01978 80B2E068 44062000 */  mfc1    $a2, $f4                   
/* 0197C 80B2E06C 4600428D */  trunc.w.s $f10, $f8                  
/* 01980 80B2E070 AFA00014 */  sw      $zero, 0x0014($sp)         
/* 01984 80B2E074 00063400 */  sll     $a2, $a2, 16               
/* 01988 80B2E078 4600918D */  trunc.w.s $f6, $f18                  
/* 0198C 80B2E07C 44075000 */  mfc1    $a3, $f10                  
/* 01990 80B2E080 00063403 */  sra     $a2, $a2, 16               
/* 01994 80B2E084 AFAE0010 */  sw      $t6, 0x0010($sp)           
/* 01998 80B2E088 44193000 */  mfc1    $t9, $f6                   
/* 0199C 80B2E08C 00073C00 */  sll     $a3, $a3, 16               
/* 019A0 80B2E090 00073C03 */  sra     $a3, $a3, 16               
/* 019A4 80B2E094 0C04067F */  jal     func_801019FC              
/* 019A8 80B2E098 AFB9001C */  sw      $t9, 0x001C($sp)           
/* 019AC 80B2E09C 8FBF002C */  lw      $ra, 0x002C($sp)           
/* 019B0 80B2E0A0 8FB00028 */  lw      $s0, 0x0028($sp)           
/* 019B4 80B2E0A4 27BD0030 */  addiu   $sp, $sp, 0x0030           ## $sp = 00000000
/* 019B8 80B2E0A8 03E00008 */  jr      $ra                        
/* 019BC 80B2E0AC 00000000 */  nop


glabel func_80B2E0B0
/* 019C0 80B2E0B0 27BDFFD0 */  addiu   $sp, $sp, 0xFFD0           ## $sp = FFFFFFD0
/* 019C4 80B2E0B4 AFB00028 */  sw      $s0, 0x0028($sp)           
/* 019C8 80B2E0B8 00808025 */  or      $s0, $a0, $zero            ## $s0 = 00000000
/* 019CC 80B2E0BC AFBF002C */  sw      $ra, 0x002C($sp)           
/* 019D0 80B2E0C0 C6040024 */  lwc1    $f4, 0x0024($s0)           ## 00000024
/* 019D4 80B2E0C4 C6080028 */  lwc1    $f8, 0x0028($s0)           ## 00000028
/* 019D8 80B2E0C8 C610002C */  lwc1    $f16, 0x002C($s0)          ## 0000002C
/* 019DC 80B2E0CC 4600218D */  trunc.w.s $f6, $f4                   
/* 019E0 80B2E0D0 AFA0001C */  sw      $zero, 0x001C($sp)         
/* 019E4 80B2E0D4 AFA00018 */  sw      $zero, 0x0018($sp)         
/* 019E8 80B2E0D8 4600428D */  trunc.w.s $f10, $f8                  
/* 019EC 80B2E0DC 44053000 */  mfc1    $a1, $f6                   
/* 019F0 80B2E0E0 AFA00014 */  sw      $zero, 0x0014($sp)         
/* 019F4 80B2E0E4 4600848D */  trunc.w.s $f18, $f16                 
/* 019F8 80B2E0E8 44065000 */  mfc1    $a2, $f10                  
/* 019FC 80B2E0EC 00052C00 */  sll     $a1, $a1, 16               
/* 01A00 80B2E0F0 00052C03 */  sra     $a1, $a1, 16               
/* 01A04 80B2E0F4 44079000 */  mfc1    $a3, $f18                  
/* 01A08 80B2E0F8 00063400 */  sll     $a2, $a2, 16               
/* 01A0C 80B2E0FC 00063403 */  sra     $a2, $a2, 16               
/* 01A10 80B2E100 00073C00 */  sll     $a3, $a3, 16               
/* 01A14 80B2E104 00073C03 */  sra     $a3, $a3, 16               
/* 01A18 80B2E108 AFA00010 */  sw      $zero, 0x0010($sp)         
/* 01A1C 80B2E10C 0C04067F */  jal     func_801019FC              
/* 01A20 80B2E110 2604031C */  addiu   $a0, $s0, 0x031C           ## $a0 = 0000031C
/* 01A24 80B2E114 44800000 */  mtc1    $zero, $f0                 ## $f0 = 0.00
/* 01A28 80B2E118 C6040028 */  lwc1    $f4, 0x0028($s0)           ## 00000028
/* 01A2C 80B2E11C 241900C8 */  addiu   $t9, $zero, 0x00C8         ## $t9 = 000000C8
/* 01A30 80B2E120 A6000190 */  sh      $zero, 0x0190($s0)         ## 00000190
/* 01A34 80B2E124 A60000BE */  sh      $zero, 0x00BE($s0)         ## 000000BE
/* 01A38 80B2E128 A2000194 */  sb      $zero, 0x0194($s0)         ## 00000194
/* 01A3C 80B2E12C A2000197 */  sb      $zero, 0x0197($s0)         ## 00000197
/* 01A40 80B2E130 A2000195 */  sb      $zero, 0x0195($s0)         ## 00000195
/* 01A44 80B2E134 A2190196 */  sb      $t9, 0x0196($s0)           ## 00000196
/* 01A48 80B2E138 A60000BC */  sh      $zero, 0x00BC($s0)         ## 000000BC
/* 01A4C 80B2E13C 02002025 */  or      $a0, $s0, $zero            ## $a0 = 00000000
/* 01A50 80B2E140 240528E0 */  addiu   $a1, $zero, 0x28E0         ## $a1 = 000028E0
/* 01A54 80B2E144 E60000C4 */  swc1    $f0, 0x00C4($s0)           ## 000000C4
/* 01A58 80B2E148 E6000074 */  swc1    $f0, 0x0074($s0)           ## 00000074
/* 01A5C 80B2E14C E6000068 */  swc1    $f0, 0x0068($s0)           ## 00000068
/* 01A60 80B2E150 E604000C */  swc1    $f4, 0x000C($s0)           ## 0000000C
/* 01A64 80B2E154 E6000058 */  swc1    $f0, 0x0058($s0)           ## 00000058
/* 01A68 80B2E158 0C02E3B2 */  jal     func_800B8EC8              
/* 01A6C 80B2E15C E600005C */  swc1    $f0, 0x005C($s0)           ## 0000005C
/* 01A70 80B2E160 3C0880B3 */  lui     $t0, %hi(func_80B2E180)    ## $t0 = 80B30000
/* 01A74 80B2E164 2508E180 */  addiu   $t0, $t0, %lo(func_80B2E180) ## $t0 = 80B2E180
/* 01A78 80B2E168 AE080188 */  sw      $t0, 0x0188($s0)           ## 00000188
/* 01A7C 80B2E16C 8FBF002C */  lw      $ra, 0x002C($sp)           
/* 01A80 80B2E170 8FB00028 */  lw      $s0, 0x0028($sp)           
/* 01A84 80B2E174 27BD0030 */  addiu   $sp, $sp, 0x0030           ## $sp = 00000000
/* 01A88 80B2E178 03E00008 */  jr      $ra                        
/* 01A8C 80B2E17C 00000000 */  nop


glabel func_80B2E180
/* 01A90 80B2E180 27BDFFE8 */  addiu   $sp, $sp, 0xFFE8           ## $sp = FFFFFFE8
/* 01A94 80B2E184 AFBF0014 */  sw      $ra, 0x0014($sp)           
/* 01A98 80B2E188 AFA5001C */  sw      $a1, 0x001C($sp)           
/* 01A9C 80B2E18C 3C014000 */  lui     $at, 0x4000                ## $at = 40000000
/* 01AA0 80B2E190 44813000 */  mtc1    $at, $f6                   ## $f6 = 2.00
/* 01AA4 80B2E194 C484000C */  lwc1    $f4, 0x000C($a0)           ## 0000000C
/* 01AA8 80B2E198 24050014 */  addiu   $a1, $zero, 0x0014         ## $a1 = 00000014
/* 01AAC 80B2E19C 46062200 */  add.s   $f8, $f4, $f6              
/* 01AB0 80B2E1A0 E488000C */  swc1    $f8, 0x000C($a0)           ## 0000000C
/* 01AB4 80B2E1A4 0C2CB77E */  jal     func_80B2DDF8              
/* 01AB8 80B2E1A8 AFA40018 */  sw      $a0, 0x0018($sp)           
/* 01ABC 80B2E1AC 8FA40018 */  lw      $a0, 0x0018($sp)           
/* 01AC0 80B2E1B0 240100FF */  addiu   $at, $zero, 0x00FF         ## $at = 000000FF
/* 01AC4 80B2E1B4 908E0197 */  lbu     $t6, 0x0197($a0)           ## 00000197
/* 01AC8 80B2E1B8 55C10004 */  bnel    $t6, $at, .L80B2E1CC       
/* 01ACC 80B2E1BC 8FBF0014 */  lw      $ra, 0x0014($sp)           
/* 01AD0 80B2E1C0 0C2CB876 */  jal     func_80B2E1D8              
/* 01AD4 80B2E1C4 00000000 */  nop
/* 01AD8 80B2E1C8 8FBF0014 */  lw      $ra, 0x0014($sp)           
.L80B2E1CC:
/* 01ADC 80B2E1CC 27BD0018 */  addiu   $sp, $sp, 0x0018           ## $sp = 00000000
/* 01AE0 80B2E1D0 03E00008 */  jr      $ra                        
/* 01AE4 80B2E1D4 00000000 */  nop


glabel func_80B2E1D8
/* 01AE8 80B2E1D8 27BDFFE8 */  addiu   $sp, $sp, 0xFFE8           ## $sp = FFFFFFE8
/* 01AEC 80B2E1DC AFBF0014 */  sw      $ra, 0x0014($sp)           
/* 01AF0 80B2E1E0 C4840028 */  lwc1    $f4, 0x0028($a0)           ## 00000028
/* 01AF4 80B2E1E4 3C05C120 */  lui     $a1, 0xC120                ## $a1 = C1200000
/* 01AF8 80B2E1E8 E484000C */  swc1    $f4, 0x000C($a0)           ## 0000000C
/* 01AFC 80B2E1EC 0C02D9D7 */  jal     func_800B675C              
/* 01B00 80B2E1F0 AFA40018 */  sw      $a0, 0x0018($sp)           
/* 01B04 80B2E1F4 8FA40018 */  lw      $a0, 0x0018($sp)           
/* 01B08 80B2E1F8 3C0880B3 */  lui     $t0, %hi(func_80B2E230)    ## $t0 = 80B30000
/* 01B0C 80B2E1FC 240E00C8 */  addiu   $t6, $zero, 0x00C8         ## $t6 = 000000C8
/* 01B10 80B2E200 8C980004 */  lw      $t8, 0x0004($a0)           ## 00000004
/* 01B14 80B2E204 240F0020 */  addiu   $t7, $zero, 0x0020         ## $t7 = 00000020
/* 01B18 80B2E208 2508E230 */  addiu   $t0, $t0, %lo(func_80B2E230) ## $t0 = 80B2E230
/* 01B1C 80B2E20C 37190001 */  ori     $t9, $t8, 0x0001           ## $t9 = 00000001
/* 01B20 80B2E210 A48E018E */  sh      $t6, 0x018E($a0)           ## 0000018E
/* 01B24 80B2E214 A08F018D */  sb      $t7, 0x018D($a0)           ## 0000018D
/* 01B28 80B2E218 AC990004 */  sw      $t9, 0x0004($a0)           ## 00000004
/* 01B2C 80B2E21C AC880188 */  sw      $t0, 0x0188($a0)           ## 00000188
/* 01B30 80B2E220 8FBF0014 */  lw      $ra, 0x0014($sp)           
/* 01B34 80B2E224 27BD0018 */  addiu   $sp, $sp, 0x0018           ## $sp = 00000000
/* 01B38 80B2E228 03E00008 */  jr      $ra                        
/* 01B3C 80B2E22C 00000000 */  nop


glabel func_80B2E230
/* 01B40 80B2E230 27BDFFD0 */  addiu   $sp, $sp, 0xFFD0           ## $sp = FFFFFFD0
/* 01B44 80B2E234 AFB00028 */  sw      $s0, 0x0028($sp)           
/* 01B48 80B2E238 00808025 */  or      $s0, $a0, $zero            ## $s0 = 00000000
/* 01B4C 80B2E23C AFBF002C */  sw      $ra, 0x002C($sp)           
/* 01B50 80B2E240 AFA50034 */  sw      $a1, 0x0034($sp)           
/* 01B54 80B2E244 02002025 */  or      $a0, $s0, $zero            ## $a0 = 00000000
/* 01B58 80B2E248 0C02E27E */  jal     func_800B89F8              
/* 01B5C 80B2E24C 8FA50034 */  lw      $a1, 0x0034($sp)           
/* 01B60 80B2E250 50400006 */  beql    $v0, $zero, .L80B2E26C     
/* 01B64 80B2E254 860E018E */  lh      $t6, 0x018E($s0)           ## 0000018E
/* 01B68 80B2E258 0C02D9C3 */  jal     func_800B670C              
/* 01B6C 80B2E25C 02002025 */  or      $a0, $s0, $zero            ## $a0 = 00000000
/* 01B70 80B2E260 1000004F */  beq     $zero, $zero, .L80B2E3A0   
/* 01B74 80B2E264 8FBF002C */  lw      $ra, 0x002C($sp)           
/* 01B78 80B2E268 860E018E */  lh      $t6, 0x018E($s0)           ## 0000018E
.L80B2E26C:
/* 01B7C 80B2E26C 02002025 */  or      $a0, $s0, $zero            ## $a0 = 00000000
/* 01B80 80B2E270 240600BA */  addiu   $a2, $zero, 0x00BA         ## $a2 = 000000BA
/* 01B84 80B2E274 25CFFFFF */  addiu   $t7, $t6, 0xFFFF           ## $t7 = FFFFFFFF
/* 01B88 80B2E278 A60F018E */  sh      $t7, 0x018E($s0)           ## 0000018E
/* 01B8C 80B2E27C 8618018E */  lh      $t8, 0x018E($s0)           ## 0000018E
/* 01B90 80B2E280 8FA50034 */  lw      $a1, 0x0034($sp)           
/* 01B94 80B2E284 3C014270 */  lui     $at, 0x4270                ## $at = 42700000
/* 01B98 80B2E288 57000006 */  bnel    $t8, $zero, .L80B2E2A4     
/* 01B9C 80B2E28C 44812000 */  mtc1    $at, $f4                   ## $f4 = 60.00
/* 01BA0 80B2E290 0C2CB8EC */  jal     func_80B2E3B0              
/* 01BA4 80B2E294 02002025 */  or      $a0, $s0, $zero            ## $a0 = 00000000
/* 01BA8 80B2E298 10000041 */  beq     $zero, $zero, .L80B2E3A0   
/* 01BAC 80B2E29C 8FBF002C */  lw      $ra, 0x002C($sp)           
/* 01BB0 80B2E2A0 44812000 */  mtc1    $at, $f4                   ## $f4 = 0.00
.L80B2E2A4:
/* 01BB4 80B2E2A4 3C07420C */  lui     $a3, 0x420C                ## $a3 = 420C0000
/* 01BB8 80B2E2A8 0C02E287 */  jal     func_800B8A1C              
/* 01BBC 80B2E2AC E7A40010 */  swc1    $f4, 0x0010($sp)           
/* 01BC0 80B2E2B0 9204018D */  lbu     $a0, 0x018D($s0)           ## 0000018D
/* 01BC4 80B2E2B4 000422C0 */  sll     $a0, $a0, 11               
/* 01BC8 80B2E2B8 00042400 */  sll     $a0, $a0, 16               
/* 01BCC 80B2E2BC 0C03FB61 */  jal     func_800FED84              
/* 01BD0 80B2E2C0 00042403 */  sra     $a0, $a0, 16               
/* 01BD4 80B2E2C4 3C0140A0 */  lui     $at, 0x40A0                ## $at = 40A00000
/* 01BD8 80B2E2C8 44813000 */  mtc1    $at, $f6                   ## $f6 = 5.00
/* 01BDC 80B2E2CC C60A000C */  lwc1    $f10, 0x000C($s0)          ## 0000000C
/* 01BE0 80B2E2D0 9202018D */  lbu     $v0, 0x018D($s0)           ## 0000018D
/* 01BE4 80B2E2D4 46060202 */  mul.s   $f8, $f0, $f6              
/* 01BE8 80B2E2D8 24080020 */  addiu   $t0, $zero, 0x0020         ## $t0 = 00000020
/* 01BEC 80B2E2DC 02002025 */  or      $a0, $s0, $zero            ## $a0 = 00000000
/* 01BF0 80B2E2E0 2459FFFF */  addiu   $t9, $v0, 0xFFFF           ## $t9 = FFFFFFFF
/* 01BF4 80B2E2E4 460A4400 */  add.s   $f16, $f8, $f10            
/* 01BF8 80B2E2E8 10400003 */  beq     $v0, $zero, .L80B2E2F8     
/* 01BFC 80B2E2EC E6100028 */  swc1    $f16, 0x0028($s0)          ## 00000028
/* 01C00 80B2E2F0 A219018D */  sb      $t9, 0x018D($s0)           ## 0000018D
/* 01C04 80B2E2F4 332200FF */  andi    $v0, $t9, 0x00FF           ## $v0 = 000000FF
.L80B2E2F8:
/* 01C08 80B2E2F8 14400002 */  bne     $v0, $zero, .L80B2E304     
/* 01C0C 80B2E2FC 00000000 */  nop
/* 01C10 80B2E300 A208018D */  sb      $t0, 0x018D($s0)           ## 0000018D
.L80B2E304:
/* 01C14 80B2E304 0C02D9D7 */  jal     func_800B675C              
/* 01C18 80B2E308 3C05C120 */  lui     $a1, 0xC120                ## $a1 = C1200000
/* 01C1C 80B2E30C C6120024 */  lwc1    $f18, 0x0024($s0)          ## 00000024
/* 01C20 80B2E310 C6060028 */  lwc1    $f6, 0x0028($s0)           ## 00000028
/* 01C24 80B2E314 C60A002C */  lwc1    $f10, 0x002C($s0)          ## 0000002C
/* 01C28 80B2E318 4600910D */  trunc.w.s $f4, $f18                  
/* 01C2C 80B2E31C 240C0064 */  addiu   $t4, $zero, 0x0064         ## $t4 = 00000064
/* 01C30 80B2E320 240D0096 */  addiu   $t5, $zero, 0x0096         ## $t5 = 00000096
/* 01C34 80B2E324 4600320D */  trunc.w.s $f8, $f6                   
/* 01C38 80B2E328 AFAD0018 */  sw      $t5, 0x0018($sp)           
/* 01C3C 80B2E32C AFAC0010 */  sw      $t4, 0x0010($sp)           
/* 01C40 80B2E330 4600540D */  trunc.w.s $f16, $f10                 
/* 01C44 80B2E334 AFA00014 */  sw      $zero, 0x0014($sp)         
/* 01C48 80B2E338 920E0197 */  lbu     $t6, 0x0197($s0)           ## 00000197
/* 01C4C 80B2E33C 44064000 */  mfc1    $a2, $f8                   
/* 01C50 80B2E340 44078000 */  mfc1    $a3, $f16                  
/* 01C54 80B2E344 44052000 */  mfc1    $a1, $f4                   
/* 01C58 80B2E348 448E9000 */  mtc1    $t6, $f18                  ## $f18 = 0.00
/* 01C5C 80B2E34C 00063400 */  sll     $a2, $a2, 16               
/* 01C60 80B2E350 00073C00 */  sll     $a3, $a3, 16               
/* 01C64 80B2E354 00052C00 */  sll     $a1, $a1, 16               
/* 01C68 80B2E358 00052C03 */  sra     $a1, $a1, 16               
/* 01C6C 80B2E35C 00073C03 */  sra     $a3, $a3, 16               
/* 01C70 80B2E360 00063403 */  sra     $a2, $a2, 16               
/* 01C74 80B2E364 2604031C */  addiu   $a0, $s0, 0x031C           ## $a0 = 0000031C
/* 01C78 80B2E368 05C10005 */  bgez    $t6, .L80B2E380            
/* 01C7C 80B2E36C 46809120 */  cvt.s.w $f4, $f18                  
/* 01C80 80B2E370 3C014F80 */  lui     $at, 0x4F80                ## $at = 4F800000
/* 01C84 80B2E374 44813000 */  mtc1    $at, $f6                   ## $f6 = 4294967296.00
/* 01C88 80B2E378 00000000 */  nop
/* 01C8C 80B2E37C 46062100 */  add.s   $f4, $f4, $f6              
.L80B2E380:
/* 01C90 80B2E380 3C0180B3 */  lui     $at, %hi(D_80B2F78C)       ## $at = 80B30000
/* 01C94 80B2E384 C428F78C */  lwc1    $f8, %lo(D_80B2F78C)($at)  
/* 01C98 80B2E388 46082282 */  mul.s   $f10, $f4, $f8             
/* 01C9C 80B2E38C 4600540D */  trunc.w.s $f16, $f10                 
/* 01CA0 80B2E390 44188000 */  mfc1    $t8, $f16                  
/* 01CA4 80B2E394 0C04067F */  jal     func_801019FC              
/* 01CA8 80B2E398 AFB8001C */  sw      $t8, 0x001C($sp)           
/* 01CAC 80B2E39C 8FBF002C */  lw      $ra, 0x002C($sp)           
.L80B2E3A0:
/* 01CB0 80B2E3A0 8FB00028 */  lw      $s0, 0x0028($sp)           
/* 01CB4 80B2E3A4 27BD0030 */  addiu   $sp, $sp, 0x0030           ## $sp = 00000000
/* 01CB8 80B2E3A8 03E00008 */  jr      $ra                        
/* 01CBC 80B2E3AC 00000000 */  nop


glabel func_80B2E3B0
/* 01CC0 80B2E3B0 27BDFFE8 */  addiu   $sp, $sp, 0xFFE8           ## $sp = FFFFFFE8
/* 01CC4 80B2E3B4 AFBF0014 */  sw      $ra, 0x0014($sp)           
/* 01CC8 80B2E3B8 AFA40018 */  sw      $a0, 0x0018($sp)           
/* 01CCC 80B2E3BC 8FA40018 */  lw      $a0, 0x0018($sp)           
/* 01CD0 80B2E3C0 240531E8 */  addiu   $a1, $zero, 0x31E8         ## $a1 = 000031E8
/* 01CD4 80B2E3C4 0C069CCA */  jal     func_801A7328              
/* 01CD8 80B2E3C8 248400EC */  addiu   $a0, $a0, 0x00EC           ## $a0 = 000000EC
/* 01CDC 80B2E3CC 8FA40018 */  lw      $a0, 0x0018($sp)           
/* 01CE0 80B2E3D0 0C02E3B2 */  jal     func_800B8EC8              
/* 01CE4 80B2E3D4 240538EC */  addiu   $a1, $zero, 0x38EC         ## $a1 = 000038EC
/* 01CE8 80B2E3D8 8FAF0018 */  lw      $t7, 0x0018($sp)           
/* 01CEC 80B2E3DC 3C0E80B3 */  lui     $t6, %hi(func_80B2E3F8)    ## $t6 = 80B30000
/* 01CF0 80B2E3E0 25CEE3F8 */  addiu   $t6, $t6, %lo(func_80B2E3F8) ## $t6 = 80B2E3F8
/* 01CF4 80B2E3E4 ADEE0188 */  sw      $t6, 0x0188($t7)           ## 00000188
/* 01CF8 80B2E3E8 8FBF0014 */  lw      $ra, 0x0014($sp)           
/* 01CFC 80B2E3EC 27BD0018 */  addiu   $sp, $sp, 0x0018           ## $sp = 00000000
/* 01D00 80B2E3F0 03E00008 */  jr      $ra                        
/* 01D04 80B2E3F4 00000000 */  nop


glabel func_80B2E3F8
/* 01D08 80B2E3F8 27BDFFE8 */  addiu   $sp, $sp, 0xFFE8           ## $sp = FFFFFFE8
/* 01D0C 80B2E3FC AFBF0014 */  sw      $ra, 0x0014($sp)           
/* 01D10 80B2E400 AFA5001C */  sw      $a1, 0x001C($sp)           
/* 01D14 80B2E404 2405FFF3 */  addiu   $a1, $zero, 0xFFF3         ## $a1 = FFFFFFF3
/* 01D18 80B2E408 0C2CB77E */  jal     func_80B2DDF8              
/* 01D1C 80B2E40C AFA40018 */  sw      $a0, 0x0018($sp)           
/* 01D20 80B2E410 8FA40018 */  lw      $a0, 0x0018($sp)           
/* 01D24 80B2E414 908E0197 */  lbu     $t6, 0x0197($a0)           ## 00000197
/* 01D28 80B2E418 55C00004 */  bnel    $t6, $zero, .L80B2E42C     
/* 01D2C 80B2E41C 8FBF0014 */  lw      $ra, 0x0014($sp)           
/* 01D30 80B2E420 0C02D9C3 */  jal     func_800B670C              
/* 01D34 80B2E424 00000000 */  nop
/* 01D38 80B2E428 8FBF0014 */  lw      $ra, 0x0014($sp)           
.L80B2E42C:
/* 01D3C 80B2E42C 27BD0018 */  addiu   $sp, $sp, 0x0018           ## $sp = 00000000
/* 01D40 80B2E430 03E00008 */  jr      $ra                        
/* 01D44 80B2E434 00000000 */  nop


glabel func_80B2E438
/* 01D48 80B2E438 27BDFFC8 */  addiu   $sp, $sp, 0xFFC8           ## $sp = FFFFFFC8
/* 01D4C 80B2E43C AFB00030 */  sw      $s0, 0x0030($sp)           
/* 01D50 80B2E440 00808025 */  or      $s0, $a0, $zero            ## $s0 = 00000000
/* 01D54 80B2E444 AFBF0034 */  sw      $ra, 0x0034($sp)           
/* 01D58 80B2E448 AFA5003C */  sw      $a1, 0x003C($sp)           
/* 01D5C 80B2E44C 9202033D */  lbu     $v0, 0x033D($s0)           ## 0000033D
/* 01D60 80B2E450 02002025 */  or      $a0, $s0, $zero            ## $a0 = 00000000
/* 01D64 80B2E454 304E0002 */  andi    $t6, $v0, 0x0002           ## $t6 = 00000000
/* 01D68 80B2E458 11C0003B */  beq     $t6, $zero, .L80B2E548     
/* 01D6C 80B2E45C 304FFFFD */  andi    $t7, $v0, 0xFFFD           ## $t7 = 00000000
/* 01D70 80B2E460 0C02F88B */  jal     func_800BE22C              
/* 01D74 80B2E464 A20F033D */  sb      $t7, 0x033D($s0)           ## 0000033D
/* 01D78 80B2E468 14400008 */  bne     $v0, $zero, .L80B2E48C     
/* 01D7C 80B2E46C 8FA4003C */  lw      $a0, 0x003C($sp)           
/* 01D80 80B2E470 0C02EEA2 */  jal     func_800BBA88              
/* 01D84 80B2E474 02002825 */  or      $a1, $s0, $zero            ## $a1 = 00000000
/* 01D88 80B2E478 02002025 */  or      $a0, $s0, $zero            ## $a0 = 00000000
/* 01D8C 80B2E47C 0C02E3B2 */  jal     func_800B8EC8              
/* 01D90 80B2E480 24053876 */  addiu   $a1, $zero, 0x3876         ## $a1 = 00003876
/* 01D94 80B2E484 10000008 */  beq     $zero, $zero, .L80B2E4A8   
/* 01D98 80B2E488 920200B9 */  lbu     $v0, 0x00B9($s0)           ## 000000B9
.L80B2E48C:
/* 01D9C 80B2E48C 921800B8 */  lbu     $t8, 0x00B8($s0)           ## 000000B8
/* 01DA0 80B2E490 02002025 */  or      $a0, $s0, $zero            ## $a0 = 00000000
/* 01DA4 80B2E494 53000004 */  beql    $t8, $zero, .L80B2E4A8     
/* 01DA8 80B2E498 920200B9 */  lbu     $v0, 0x00B9($s0)           ## 000000B9
/* 01DAC 80B2E49C 0C02E3B2 */  jal     func_800B8EC8              
/* 01DB0 80B2E4A0 24053875 */  addiu   $a1, $zero, 0x3875         ## $a1 = 00003875
/* 01DB4 80B2E4A4 920200B9 */  lbu     $v0, 0x00B9($s0)           ## 000000B9
.L80B2E4A8:
/* 01DB8 80B2E4A8 2401000E */  addiu   $at, $zero, 0x000E         ## $at = 0000000E
/* 01DBC 80B2E4AC 10410026 */  beq     $v0, $at, .L80B2E548       
/* 01DC0 80B2E4B0 2401000F */  addiu   $at, $zero, 0x000F         ## $at = 0000000F
/* 01DC4 80B2E4B4 54410006 */  bnel    $v0, $at, .L80B2E4D0       
/* 01DC8 80B2E4B8 24010004 */  addiu   $at, $zero, 0x0004         ## $at = 00000004
/* 01DCC 80B2E4BC 0C2CB649 */  jal     func_80B2D924              
/* 01DD0 80B2E4C0 02002025 */  or      $a0, $s0, $zero            ## $a0 = 00000000
/* 01DD4 80B2E4C4 10000021 */  beq     $zero, $zero, .L80B2E54C   
/* 01DD8 80B2E4C8 8FBF0034 */  lw      $ra, 0x0034($sp)           
/* 01DDC 80B2E4CC 24010004 */  addiu   $at, $zero, 0x0004         ## $at = 00000004
.L80B2E4D0:
/* 01DE0 80B2E4D0 1441001B */  bne     $v0, $at, .L80B2E540       
/* 01DE4 80B2E4D4 240600A2 */  addiu   $a2, $zero, 0x00A2         ## $a2 = 000000A2
/* 01DE8 80B2E4D8 86090354 */  lh      $t1, 0x0354($s0)           ## 00000354
/* 01DEC 80B2E4DC 3C014080 */  lui     $at, 0x4080                ## $at = 40800000
/* 01DF0 80B2E4E0 44812000 */  mtc1    $at, $f4                   ## $f4 = 4.00
/* 01DF4 80B2E4E4 44895000 */  mtc1    $t1, $f10                  ## $f10 = 0.00
/* 01DF8 80B2E4E8 3C0180B3 */  lui     $at, %hi(D_80B2F790)       ## $at = 80B30000
/* 01DFC 80B2E4EC E6040298 */  swc1    $f4, 0x0298($s0)           ## 00000298
/* 01E00 80B2E4F0 46805420 */  cvt.s.w $f16, $f10                 
/* 01E04 80B2E4F4 C426F790 */  lwc1    $f6, %lo(D_80B2F790)($at)  
/* 01E08 80B2E4F8 86080352 */  lh      $t0, 0x0352($s0)           ## 00000352
/* 01E0C 80B2E4FC 240B0004 */  addiu   $t3, $zero, 0x0004         ## $t3 = 00000004
/* 01E10 80B2E500 E606029C */  swc1    $f6, 0x029C($s0)           ## 0000029C
/* 01E14 80B2E504 44884000 */  mtc1    $t0, $f8                   ## $f8 = 0.00
/* 01E18 80B2E508 E7B00010 */  swc1    $f16, 0x0010($sp)          
/* 01E1C 80B2E50C 860A0356 */  lh      $t2, 0x0356($s0)           ## 00000356
/* 01E20 80B2E510 46804220 */  cvt.s.w $f8, $f8                   
/* 01E24 80B2E514 8FA5003C */  lw      $a1, 0x003C($sp)           
/* 01E28 80B2E518 448A9000 */  mtc1    $t2, $f18                  ## $f18 = 0.00
/* 01E2C 80B2E51C AFAB0024 */  sw      $t3, 0x0024($sp)           
/* 01E30 80B2E520 AFA00020 */  sw      $zero, 0x0020($sp)         
/* 01E34 80B2E524 46809120 */  cvt.s.w $f4, $f18                  
/* 01E38 80B2E528 44074000 */  mfc1    $a3, $f8                   
/* 01E3C 80B2E52C AFA0001C */  sw      $zero, 0x001C($sp)         
/* 01E40 80B2E530 AFA00018 */  sw      $zero, 0x0018($sp)         
/* 01E44 80B2E534 24A41CA0 */  addiu   $a0, $a1, 0x1CA0           ## $a0 = 00001CA0
/* 01E48 80B2E538 0C02EB18 */  jal     func_800BAC60              
/* 01E4C 80B2E53C E7A40014 */  swc1    $f4, 0x0014($sp)           
.L80B2E540:
/* 01E50 80B2E540 0C2CB3FE */  jal     func_80B2CFF8              
/* 01E54 80B2E544 02002025 */  or      $a0, $s0, $zero            ## $a0 = 00000000
.L80B2E548:
/* 01E58 80B2E548 8FBF0034 */  lw      $ra, 0x0034($sp)           
.L80B2E54C:
/* 01E5C 80B2E54C 8FB00030 */  lw      $s0, 0x0030($sp)           
/* 01E60 80B2E550 27BD0038 */  addiu   $sp, $sp, 0x0038           ## $sp = 00000000
/* 01E64 80B2E554 03E00008 */  jr      $ra                        
/* 01E68 80B2E558 00000000 */  nop


glabel func_80B2E55C
/* 01E6C 80B2E55C 27BDFFE8 */  addiu   $sp, $sp, 0xFFE8           ## $sp = FFFFFFE8
/* 01E70 80B2E560 AFBF0014 */  sw      $ra, 0x0014($sp)           
/* 01E74 80B2E564 8C820188 */  lw      $v0, 0x0188($a0)           ## 00000188
/* 01E78 80B2E568 3C0E80B3 */  lui     $t6, %hi(func_80B2D980)    ## $t6 = 80B30000
/* 01E7C 80B2E56C 25CED980 */  addiu   $t6, $t6, %lo(func_80B2D980) ## $t6 = 80B2D980
/* 01E80 80B2E570 11C2004F */  beq     $t6, $v0, .L80B2E6B0       
/* 01E84 80B2E574 3C0F80B3 */  lui     $t7, %hi(func_80B2D7D4)    ## $t7 = 80B30000
/* 01E88 80B2E578 25EFD7D4 */  addiu   $t7, $t7, %lo(func_80B2D7D4) ## $t7 = 80B2D7D4
/* 01E8C 80B2E57C 11E2004C */  beq     $t7, $v0, .L80B2E6B0       
/* 01E90 80B2E580 3C1880B3 */  lui     $t8, %hi(func_80B2D140)    ## $t8 = 80B30000
/* 01E94 80B2E584 2718D140 */  addiu   $t8, $t8, %lo(func_80B2D140) ## $t8 = 80B2D140
/* 01E98 80B2E588 5302004A */  beql    $t8, $v0, .L80B2E6B4       
/* 01E9C 80B2E58C 8FBF0014 */  lw      $ra, 0x0014($sp)           
/* 01EA0 80B2E590 84820190 */  lh      $v0, 0x0190($a0)           ## 00000190
/* 01EA4 80B2E594 10400002 */  beq     $v0, $zero, .L80B2E5A0     
/* 01EA8 80B2E598 2459FFFF */  addiu   $t9, $v0, 0xFFFF           ## $t9 = FFFFFFFF
/* 01EAC 80B2E59C A4990190 */  sh      $t9, 0x0190($a0)           ## 00000190
.L80B2E5A0:
/* 01EB0 80B2E5A0 90820197 */  lbu     $v0, 0x0197($a0)           ## 00000197
/* 01EB4 80B2E5A4 240100FF */  addiu   $at, $zero, 0x00FF         ## $at = 000000FF
/* 01EB8 80B2E5A8 1441002C */  bne     $v0, $at, .L80B2E65C       
/* 01EBC 80B2E5AC 00000000 */  nop
/* 01EC0 80B2E5B0 90880114 */  lbu     $t0, 0x0114($a0)           ## 00000114
/* 01EC4 80B2E5B4 5100000D */  beql    $t0, $zero, .L80B2E5EC     
/* 01EC8 80B2E5B8 A080018C */  sb      $zero, 0x018C($a0)         ## 0000018C
/* 01ECC 80B2E5BC 9089018C */  lbu     $t1, 0x018C($a0)           ## 0000018C
/* 01ED0 80B2E5C0 240B0014 */  addiu   $t3, $zero, 0x0014         ## $t3 = 00000014
/* 01ED4 80B2E5C4 252A0001 */  addiu   $t2, $t1, 0x0001           ## $t2 = 00000001
/* 01ED8 80B2E5C8 314200FF */  andi    $v0, $t2, 0x00FF           ## $v0 = 00000001
/* 01EDC 80B2E5CC 28410015 */  slti    $at, $v0, 0x0015           
/* 01EE0 80B2E5D0 14200003 */  bne     $at, $zero, .L80B2E5E0     
/* 01EE4 80B2E5D4 A08A018C */  sb      $t2, 0x018C($a0)           ## 0000018C
/* 01EE8 80B2E5D8 10000004 */  beq     $zero, $zero, .L80B2E5EC   
/* 01EEC 80B2E5DC A08B018C */  sb      $t3, 0x018C($a0)           ## 0000018C
.L80B2E5E0:
/* 01EF0 80B2E5E0 10000002 */  beq     $zero, $zero, .L80B2E5EC   
/* 01EF4 80B2E5E4 A082018C */  sb      $v0, 0x018C($a0)           ## 0000018C
/* 01EF8 80B2E5E8 A080018C */  sb      $zero, 0x018C($a0)         ## 0000018C
.L80B2E5EC:
/* 01EFC 80B2E5EC 908C018C */  lbu     $t4, 0x018C($a0)           ## 0000018C
/* 01F00 80B2E5F0 24010014 */  addiu   $at, $zero, 0x0014         ## $at = 00000014
/* 01F04 80B2E5F4 51810005 */  beql    $t4, $at, .L80B2E60C       
/* 01F08 80B2E5F8 8C820188 */  lw      $v0, 0x0188($a0)           ## 00000188
/* 01F0C 80B2E5FC 848D0190 */  lh      $t5, 0x0190($a0)           ## 00000190
/* 01F10 80B2E600 55A0002C */  bnel    $t5, $zero, .L80B2E6B4     
/* 01F14 80B2E604 8FBF0014 */  lw      $ra, 0x0014($sp)           
/* 01F18 80B2E608 8C820188 */  lw      $v0, 0x0188($a0)           ## 00000188
.L80B2E60C:
/* 01F1C 80B2E60C 3C0E80B3 */  lui     $t6, %hi(func_80B2CAA4)    ## $t6 = 80B30000
/* 01F20 80B2E610 25CECAA4 */  addiu   $t6, $t6, %lo(func_80B2CAA4) ## $t6 = 80B2CAA4
/* 01F24 80B2E614 11C2000D */  beq     $t6, $v0, .L80B2E64C       
/* 01F28 80B2E618 3C0F80B3 */  lui     $t7, %hi(func_80B2CBBC)    ## $t7 = 80B30000
/* 01F2C 80B2E61C 25EFCBBC */  addiu   $t7, $t7, %lo(func_80B2CBBC) ## $t7 = 80B2CBBC
/* 01F30 80B2E620 11E2000A */  beq     $t7, $v0, .L80B2E64C       
/* 01F34 80B2E624 3C1880B3 */  lui     $t8, %hi(func_80B2CD64)    ## $t8 = 80B30000
/* 01F38 80B2E628 2718CD64 */  addiu   $t8, $t8, %lo(func_80B2CD64) ## $t8 = 80B2CD64
/* 01F3C 80B2E62C 13020007 */  beq     $t8, $v0, .L80B2E64C       
/* 01F40 80B2E630 3C1980B3 */  lui     $t9, %hi(func_80B2DB44)    ## $t9 = 80B30000
/* 01F44 80B2E634 2739DB44 */  addiu   $t9, $t9, %lo(func_80B2DB44) ## $t9 = 80B2DB44
/* 01F48 80B2E638 13220004 */  beq     $t9, $v0, .L80B2E64C       
/* 01F4C 80B2E63C 3C0880B3 */  lui     $t0, %hi(func_80B2D6EC)    ## $t0 = 80B30000
/* 01F50 80B2E640 2508D6EC */  addiu   $t0, $t0, %lo(func_80B2D6EC) ## $t0 = 80B2D6EC
/* 01F54 80B2E644 5502001B */  bnel    $t0, $v0, .L80B2E6B4       
/* 01F58 80B2E648 8FBF0014 */  lw      $ra, 0x0014($sp)           
.L80B2E64C:
/* 01F5C 80B2E64C 0C2CB5DB */  jal     func_80B2D76C              
/* 01F60 80B2E650 00000000 */  nop
/* 01F64 80B2E654 10000017 */  beq     $zero, $zero, .L80B2E6B4   
/* 01F68 80B2E658 8FBF0014 */  lw      $ra, 0x0014($sp)           
.L80B2E65C:
/* 01F6C 80B2E65C 54400015 */  bnel    $v0, $zero, .L80B2E6B4     
/* 01F70 80B2E660 8FBF0014 */  lw      $ra, 0x0014($sp)           
/* 01F74 80B2E664 84890190 */  lh      $t1, 0x0190($a0)           ## 00000190
/* 01F78 80B2E668 55200012 */  bnel    $t1, $zero, .L80B2E6B4     
/* 01F7C 80B2E66C 8FBF0014 */  lw      $ra, 0x0014($sp)           
/* 01F80 80B2E670 8C820188 */  lw      $v0, 0x0188($a0)           ## 00000188
/* 01F84 80B2E674 3C0A80B3 */  lui     $t2, %hi(func_80B2CAA4)    ## $t2 = 80B30000
/* 01F88 80B2E678 254ACAA4 */  addiu   $t2, $t2, %lo(func_80B2CAA4) ## $t2 = 80B2CAA4
/* 01F8C 80B2E67C 1142000A */  beq     $t2, $v0, .L80B2E6A8       
/* 01F90 80B2E680 3C0B80B3 */  lui     $t3, %hi(func_80B2CBBC)    ## $t3 = 80B30000
/* 01F94 80B2E684 256BCBBC */  addiu   $t3, $t3, %lo(func_80B2CBBC) ## $t3 = 80B2CBBC
/* 01F98 80B2E688 11620007 */  beq     $t3, $v0, .L80B2E6A8       
/* 01F9C 80B2E68C 3C0C80B3 */  lui     $t4, %hi(func_80B2CD64)    ## $t4 = 80B30000
/* 01FA0 80B2E690 258CCD64 */  addiu   $t4, $t4, %lo(func_80B2CD64) ## $t4 = 80B2CD64
/* 01FA4 80B2E694 11820004 */  beq     $t4, $v0, .L80B2E6A8       
/* 01FA8 80B2E698 3C0D80B3 */  lui     $t5, %hi(func_80B2D6EC)    ## $t5 = 80B30000
/* 01FAC 80B2E69C 25ADD6EC */  addiu   $t5, $t5, %lo(func_80B2D6EC) ## $t5 = 80B2D6EC
/* 01FB0 80B2E6A0 55A20004 */  bnel    $t5, $v0, .L80B2E6B4       
/* 01FB4 80B2E6A4 8FBF0014 */  lw      $ra, 0x0014($sp)           
.L80B2E6A8:
/* 01FB8 80B2E6A8 0C2CB649 */  jal     func_80B2D924              
/* 01FBC 80B2E6AC 00000000 */  nop
.L80B2E6B0:
/* 01FC0 80B2E6B0 8FBF0014 */  lw      $ra, 0x0014($sp)           
.L80B2E6B4:
/* 01FC4 80B2E6B4 27BD0018 */  addiu   $sp, $sp, 0x0018           ## $sp = 00000000
/* 01FC8 80B2E6B8 03E00008 */  jr      $ra                        
/* 01FCC 80B2E6BC 00000000 */  nop


glabel func_80B2E6C0
/* 01FD0 80B2E6C0 8C820188 */  lw      $v0, 0x0188($a0)           ## 00000188
/* 01FD4 80B2E6C4 3C0E80B3 */  lui     $t6, %hi(func_80B2CF28)    ## $t6 = 80B30000
/* 01FD8 80B2E6C8 25CECF28 */  addiu   $t6, $t6, %lo(func_80B2CF28) ## $t6 = 80B2CF28
/* 01FDC 80B2E6CC 15C20021 */  bne     $t6, $v0, .L80B2E754       
/* 01FE0 80B2E6D0 3C1980B3 */  lui     $t9, %hi(func_80B2DB44)    ## $t9 = 80B30000
/* 01FE4 80B2E6D4 90820194 */  lbu     $v0, 0x0194($a0)           ## 00000194
/* 01FE8 80B2E6D8 240F00FF */  addiu   $t7, $zero, 0x00FF         ## $t7 = 000000FF
/* 01FEC 80B2E6DC 24180032 */  addiu   $t8, $zero, 0x0032         ## $t8 = 00000032
/* 01FF0 80B2E6E0 24420005 */  addiu   $v0, $v0, 0x0005           ## $v0 = 00000005
/* 01FF4 80B2E6E4 00021400 */  sll     $v0, $v0, 16               
/* 01FF8 80B2E6E8 00021403 */  sra     $v0, $v0, 16               
/* 01FFC 80B2E6EC 28410100 */  slti    $at, $v0, 0x0100           
/* 02000 80B2E6F0 54200004 */  bnel    $at, $zero, .L80B2E704     
/* 02004 80B2E6F4 A0820194 */  sb      $v0, 0x0194($a0)           ## 00000194
/* 02008 80B2E6F8 10000002 */  beq     $zero, $zero, .L80B2E704   
/* 0200C 80B2E6FC A08F0194 */  sb      $t7, 0x0194($a0)           ## 00000194
/* 02010 80B2E700 A0820194 */  sb      $v0, 0x0194($a0)           ## 00000194
.L80B2E704:
/* 02014 80B2E704 90820195 */  lbu     $v0, 0x0195($a0)           ## 00000195
/* 02018 80B2E708 2442FFFB */  addiu   $v0, $v0, 0xFFFB           ## $v0 = 00000000
/* 0201C 80B2E70C 00021400 */  sll     $v0, $v0, 16               
/* 02020 80B2E710 00021403 */  sra     $v0, $v0, 16               
/* 02024 80B2E714 28410032 */  slti    $at, $v0, 0x0032           
/* 02028 80B2E718 50200004 */  beql    $at, $zero, .L80B2E72C     
/* 0202C 80B2E71C A0820195 */  sb      $v0, 0x0195($a0)           ## 00000195
/* 02030 80B2E720 10000002 */  beq     $zero, $zero, .L80B2E72C   
/* 02034 80B2E724 A0980195 */  sb      $t8, 0x0195($a0)           ## 00000195
/* 02038 80B2E728 A0820195 */  sb      $v0, 0x0195($a0)           ## 00000195
.L80B2E72C:
/* 0203C 80B2E72C 90820196 */  lbu     $v0, 0x0196($a0)           ## 00000196
/* 02040 80B2E730 2442FFFB */  addiu   $v0, $v0, 0xFFFB           ## $v0 = FFFFFFFB
/* 02044 80B2E734 00021400 */  sll     $v0, $v0, 16               
/* 02048 80B2E738 00021403 */  sra     $v0, $v0, 16               
/* 0204C 80B2E73C 04410003 */  bgez    $v0, .L80B2E74C            
/* 02050 80B2E740 00000000 */  nop
/* 02054 80B2E744 03E00008 */  jr      $ra                        
/* 02058 80B2E748 A0800196 */  sb      $zero, 0x0196($a0)         ## 00000196
.L80B2E74C:
/* 0205C 80B2E74C 03E00008 */  jr      $ra                        
/* 02060 80B2E750 A0820196 */  sb      $v0, 0x0196($a0)           ## 00000196
.L80B2E754:
/* 02064 80B2E754 2739DB44 */  addiu   $t9, $t9, %lo(func_80B2DB44) ## $t9 = 80B2DB44
/* 02068 80B2E758 17220022 */  bne     $t9, $v0, .L80B2E7E4       
/* 0206C 80B2E75C 3C0B80B3 */  lui     $t3, %hi(func_80B2D07C)    ## $t3 = 80B30000
/* 02070 80B2E760 90820194 */  lbu     $v0, 0x0194($a0)           ## 00000194
/* 02074 80B2E764 24080050 */  addiu   $t0, $zero, 0x0050         ## $t0 = 00000050
/* 02078 80B2E768 240900FF */  addiu   $t1, $zero, 0x00FF         ## $t1 = 000000FF
/* 0207C 80B2E76C 24420005 */  addiu   $v0, $v0, 0x0005           ## $v0 = 00000000
/* 02080 80B2E770 00021400 */  sll     $v0, $v0, 16               
/* 02084 80B2E774 00021403 */  sra     $v0, $v0, 16               
/* 02088 80B2E778 28410051 */  slti    $at, $v0, 0x0051           
/* 0208C 80B2E77C 14200003 */  bne     $at, $zero, .L80B2E78C     
/* 02090 80B2E780 240A00E1 */  addiu   $t2, $zero, 0x00E1         ## $t2 = 000000E1
/* 02094 80B2E784 10000002 */  beq     $zero, $zero, .L80B2E790   
/* 02098 80B2E788 A0880194 */  sb      $t0, 0x0194($a0)           ## 00000194
.L80B2E78C:
/* 0209C 80B2E78C A0820194 */  sb      $v0, 0x0194($a0)           ## 00000194
.L80B2E790:
/* 020A0 80B2E790 90820195 */  lbu     $v0, 0x0195($a0)           ## 00000195
/* 020A4 80B2E794 24420005 */  addiu   $v0, $v0, 0x0005           ## $v0 = 00000005
/* 020A8 80B2E798 00021400 */  sll     $v0, $v0, 16               
/* 020AC 80B2E79C 00021403 */  sra     $v0, $v0, 16               
/* 020B0 80B2E7A0 28410100 */  slti    $at, $v0, 0x0100           
/* 020B4 80B2E7A4 54200004 */  bnel    $at, $zero, .L80B2E7B8     
/* 020B8 80B2E7A8 A0820195 */  sb      $v0, 0x0195($a0)           ## 00000195
/* 020BC 80B2E7AC 10000002 */  beq     $zero, $zero, .L80B2E7B8   
/* 020C0 80B2E7B0 A0890195 */  sb      $t1, 0x0195($a0)           ## 00000195
/* 020C4 80B2E7B4 A0820195 */  sb      $v0, 0x0195($a0)           ## 00000195
.L80B2E7B8:
/* 020C8 80B2E7B8 90820196 */  lbu     $v0, 0x0196($a0)           ## 00000196
/* 020CC 80B2E7BC 24420005 */  addiu   $v0, $v0, 0x0005           ## $v0 = 0000000A
/* 020D0 80B2E7C0 00021400 */  sll     $v0, $v0, 16               
/* 020D4 80B2E7C4 00021403 */  sra     $v0, $v0, 16               
/* 020D8 80B2E7C8 284100E2 */  slti    $at, $v0, 0x00E2           
/* 020DC 80B2E7CC 14200003 */  bne     $at, $zero, .L80B2E7DC     
/* 020E0 80B2E7D0 00000000 */  nop
/* 020E4 80B2E7D4 03E00008 */  jr      $ra                        
/* 020E8 80B2E7D8 A08A0196 */  sb      $t2, 0x0196($a0)           ## 00000196
.L80B2E7DC:
/* 020EC 80B2E7DC 03E00008 */  jr      $ra                        
/* 020F0 80B2E7E0 A0820196 */  sb      $v0, 0x0196($a0)           ## 00000196
.L80B2E7E4:
/* 020F4 80B2E7E4 256BD07C */  addiu   $t3, $t3, %lo(func_80B2D07C) ## $t3 = 80B2D07C
/* 020F8 80B2E7E8 55620010 */  bnel    $t3, $v0, .L80B2E82C       
/* 020FC 80B2E7EC 90820194 */  lbu     $v0, 0x0194($a0)           ## 00000194
/* 02100 80B2E7F0 908C011C */  lbu     $t4, 0x011C($a0)           ## 0000011C
/* 02104 80B2E7F4 240E0050 */  addiu   $t6, $zero, 0x0050         ## $t6 = 00000050
/* 02108 80B2E7F8 240F00FF */  addiu   $t7, $zero, 0x00FF         ## $t7 = 000000FF
/* 0210C 80B2E7FC 318D0002 */  andi    $t5, $t4, 0x0002           ## $t5 = 00000000
/* 02110 80B2E800 11A00005 */  beq     $t5, $zero, .L80B2E818     
/* 02114 80B2E804 241800E1 */  addiu   $t8, $zero, 0x00E1         ## $t8 = 000000E1
/* 02118 80B2E808 A0800194 */  sb      $zero, 0x0194($a0)         ## 00000194
/* 0211C 80B2E80C A0800195 */  sb      $zero, 0x0195($a0)         ## 00000195
/* 02120 80B2E810 03E00008 */  jr      $ra                        
/* 02124 80B2E814 A0800196 */  sb      $zero, 0x0196($a0)         ## 00000196
.L80B2E818:
/* 02128 80B2E818 A08E0194 */  sb      $t6, 0x0194($a0)           ## 00000194
/* 0212C 80B2E81C A08F0195 */  sb      $t7, 0x0195($a0)           ## 00000195
/* 02130 80B2E820 03E00008 */  jr      $ra                        
/* 02134 80B2E824 A0980196 */  sb      $t8, 0x0196($a0)           ## 00000196
.L80B2E828:
/* 02138 80B2E828 90820194 */  lbu     $v0, 0x0194($a0)           ## 00000194
.L80B2E82C:
/* 0213C 80B2E82C 241900FF */  addiu   $t9, $zero, 0x00FF         ## $t9 = 000000FF
/* 02140 80B2E830 240800FF */  addiu   $t0, $zero, 0x00FF         ## $t0 = 000000FF
/* 02144 80B2E834 24420005 */  addiu   $v0, $v0, 0x0005           ## $v0 = 0000000F
/* 02148 80B2E838 00021400 */  sll     $v0, $v0, 16               
/* 0214C 80B2E83C 00021403 */  sra     $v0, $v0, 16               
/* 02150 80B2E840 28410100 */  slti    $at, $v0, 0x0100           
/* 02154 80B2E844 54200004 */  bnel    $at, $zero, .L80B2E858     
/* 02158 80B2E848 A0820194 */  sb      $v0, 0x0194($a0)           ## 00000194
/* 0215C 80B2E84C 10000002 */  beq     $zero, $zero, .L80B2E858   
/* 02160 80B2E850 A0990194 */  sb      $t9, 0x0194($a0)           ## 00000194
/* 02164 80B2E854 A0820194 */  sb      $v0, 0x0194($a0)           ## 00000194
.L80B2E858:
/* 02168 80B2E858 90820195 */  lbu     $v0, 0x0195($a0)           ## 00000195
/* 0216C 80B2E85C 24420005 */  addiu   $v0, $v0, 0x0005           ## $v0 = 00000014
/* 02170 80B2E860 00021400 */  sll     $v0, $v0, 16               
/* 02174 80B2E864 00021403 */  sra     $v0, $v0, 16               
/* 02178 80B2E868 28410100 */  slti    $at, $v0, 0x0100           
/* 0217C 80B2E86C 54200004 */  bnel    $at, $zero, .L80B2E880     
/* 02180 80B2E870 A0820195 */  sb      $v0, 0x0195($a0)           ## 00000195
/* 02184 80B2E874 10000002 */  beq     $zero, $zero, .L80B2E880   
/* 02188 80B2E878 A0880195 */  sb      $t0, 0x0195($a0)           ## 00000195
/* 0218C 80B2E87C A0820195 */  sb      $v0, 0x0195($a0)           ## 00000195
.L80B2E880:
/* 02190 80B2E880 90830196 */  lbu     $v1, 0x0196($a0)           ## 00000196
/* 02194 80B2E884 286100D3 */  slti    $at, $v1, 0x00D3           
/* 02198 80B2E888 1420000B */  bne     $at, $zero, .L80B2E8B8     
/* 0219C 80B2E88C 24620005 */  addiu   $v0, $v1, 0x0005           ## $v0 = 00000005
/* 021A0 80B2E890 2462FFFB */  addiu   $v0, $v1, 0xFFFB           ## $v0 = FFFFFFFB
/* 021A4 80B2E894 00021400 */  sll     $v0, $v0, 16               
/* 021A8 80B2E898 00021403 */  sra     $v0, $v0, 16               
/* 021AC 80B2E89C 284100D2 */  slti    $at, $v0, 0x00D2           
/* 021B0 80B2E8A0 10200003 */  beq     $at, $zero, .L80B2E8B0     
/* 021B4 80B2E8A4 240900D2 */  addiu   $t1, $zero, 0x00D2         ## $t1 = 000000D2
/* 021B8 80B2E8A8 03E00008 */  jr      $ra                        
/* 021BC 80B2E8AC A0890196 */  sb      $t1, 0x0196($a0)           ## 00000196
.L80B2E8B0:
/* 021C0 80B2E8B0 03E00008 */  jr      $ra                        
/* 021C4 80B2E8B4 A0820196 */  sb      $v0, 0x0196($a0)           ## 00000196
.L80B2E8B8:
/* 021C8 80B2E8B8 00021400 */  sll     $v0, $v0, 16               
/* 021CC 80B2E8BC 00021403 */  sra     $v0, $v0, 16               
/* 021D0 80B2E8C0 284100D3 */  slti    $at, $v0, 0x00D3           
/* 021D4 80B2E8C4 14200003 */  bne     $at, $zero, .L80B2E8D4     
/* 021D8 80B2E8C8 240A00D2 */  addiu   $t2, $zero, 0x00D2         ## $t2 = 000000D2
/* 021DC 80B2E8CC 03E00008 */  jr      $ra                        
/* 021E0 80B2E8D0 A08A0196 */  sb      $t2, 0x0196($a0)           ## 00000196
.L80B2E8D4:
/* 021E4 80B2E8D4 A0820196 */  sb      $v0, 0x0196($a0)           ## 00000196
/* 021E8 80B2E8D8 03E00008 */  jr      $ra                        
/* 021EC 80B2E8DC 00000000 */  nop


glabel func_80B2E8E0
/* 021F0 80B2E8E0 27BDFFE8 */  addiu   $sp, $sp, 0xFFE8           ## $sp = FFFFFFE8
/* 021F4 80B2E8E4 AFBF0014 */  sw      $ra, 0x0014($sp)           
/* 021F8 80B2E8E8 8C8F0188 */  lw      $t7, 0x0188($a0)           ## 00000188
/* 021FC 80B2E8EC 3C0E80B3 */  lui     $t6, %hi(func_80B2D140)    ## $t6 = 80B30000
/* 02200 80B2E8F0 25CED140 */  addiu   $t6, $t6, %lo(func_80B2D140) ## $t6 = 80B2D140
/* 02204 80B2E8F4 15CF0057 */  bne     $t6, $t7, .L80B2EA54       
/* 02208 80B2E8F8 3C014140 */  lui     $at, 0x4140                ## $at = 41400000
/* 0220C 80B2E8FC C480015C */  lwc1    $f0, 0x015C($a0)           ## 0000015C
/* 02210 80B2E900 44812000 */  mtc1    $at, $f4                   ## $f4 = 12.00
/* 02214 80B2E904 3C0180B3 */  lui     $at, %hi(D_80B2F794)       ## $at = 80B30000
/* 02218 80B2E908 4604003C */  c.lt.s  $f0, $f4                   
/* 0221C 80B2E90C 00000000 */  nop
/* 02220 80B2E910 45000050 */  bc1f    .L80B2EA54                 
/* 02224 80B2E914 00000000 */  nop
/* 02228 80B2E918 C426F794 */  lwc1    $f6, %lo(D_80B2F794)($at)  
/* 0222C 80B2E91C 3C01425C */  lui     $at, 0x425C                ## $at = 425C0000
/* 02230 80B2E920 44815000 */  mtc1    $at, $f10                  ## $f10 = 55.00
/* 02234 80B2E924 46060202 */  mul.s   $f8, $f0, $f6              
/* 02238 80B2E928 24020001 */  addiu   $v0, $zero, 0x0001         ## $v0 = 00000001
/* 0223C 80B2E92C 3C014F00 */  lui     $at, 0x4F00                ## $at = 4F000000
/* 02240 80B2E930 460A4400 */  add.s   $f16, $f8, $f10            
/* 02244 80B2E934 4458F800 */  cfc1    $t8, $f31                  
/* 02248 80B2E938 44C2F800 */  ctc1    $v0, $f31                  
/* 0224C 80B2E93C 00000000 */  nop
/* 02250 80B2E940 460084A4 */  cvt.w.s $f18, $f16                 
/* 02254 80B2E944 4442F800 */  cfc1    $v0, $f31                  
/* 02258 80B2E948 00000000 */  nop
/* 0225C 80B2E94C 30420078 */  andi    $v0, $v0, 0x0078           ## $v0 = 00000000
/* 02260 80B2E950 50400013 */  beql    $v0, $zero, .L80B2E9A0     
/* 02264 80B2E954 44029000 */  mfc1    $v0, $f18                  
/* 02268 80B2E958 44819000 */  mtc1    $at, $f18                  ## $f18 = 2147483648.00
/* 0226C 80B2E95C 24020001 */  addiu   $v0, $zero, 0x0001         ## $v0 = 00000001
/* 02270 80B2E960 46128481 */  sub.s   $f18, $f16, $f18           
/* 02274 80B2E964 44C2F800 */  ctc1    $v0, $f31                  
/* 02278 80B2E968 00000000 */  nop
/* 0227C 80B2E96C 460094A4 */  cvt.w.s $f18, $f18                 
/* 02280 80B2E970 4442F800 */  cfc1    $v0, $f31                  
/* 02284 80B2E974 00000000 */  nop
/* 02288 80B2E978 30420078 */  andi    $v0, $v0, 0x0078           ## $v0 = 00000000
/* 0228C 80B2E97C 14400005 */  bne     $v0, $zero, .L80B2E994     
/* 02290 80B2E980 00000000 */  nop
/* 02294 80B2E984 44029000 */  mfc1    $v0, $f18                  
/* 02298 80B2E988 3C018000 */  lui     $at, 0x8000                ## $at = 80000000
/* 0229C 80B2E98C 10000007 */  beq     $zero, $zero, .L80B2E9AC   
/* 022A0 80B2E990 00411025 */  or      $v0, $v0, $at              ## $v0 = 80000000
.L80B2E994:
/* 022A4 80B2E994 10000005 */  beq     $zero, $zero, .L80B2E9AC   
/* 022A8 80B2E998 2402FFFF */  addiu   $v0, $zero, 0xFFFF         ## $v0 = FFFFFFFF
/* 022AC 80B2E99C 44029000 */  mfc1    $v0, $f18                  
.L80B2E9A0:
/* 022B0 80B2E9A0 00000000 */  nop
/* 022B4 80B2E9A4 0440FFFB */  bltz    $v0, .L80B2E994            
/* 022B8 80B2E9A8 00000000 */  nop
.L80B2E9AC:
/* 022BC 80B2E9AC A082019A */  sb      $v0, 0x019A($a0)           ## 0000019A
/* 022C0 80B2E9B0 A0820199 */  sb      $v0, 0x0199($a0)           ## 00000199
/* 022C4 80B2E9B4 A0820198 */  sb      $v0, 0x0198($a0)           ## 00000198
/* 022C8 80B2E9B8 3C0180B3 */  lui     $at, %hi(D_80B2F798)       ## $at = 80B30000
/* 022CC 80B2E9BC 44D8F800 */  ctc1    $t8, $f31                  
/* 022D0 80B2E9C0 C424F798 */  lwc1    $f4, %lo(D_80B2F798)($at)  
/* 022D4 80B2E9C4 24080001 */  addiu   $t0, $zero, 0x0001         ## $t0 = 00000001
/* 022D8 80B2E9C8 3C014F00 */  lui     $at, 0x4F00                ## $at = 4F000000
/* 022DC 80B2E9CC 46040182 */  mul.s   $f6, $f0, $f4              
/* 022E0 80B2E9D0 4459F800 */  cfc1    $t9, $f31                  
/* 022E4 80B2E9D4 44C8F800 */  ctc1    $t0, $f31                  
/* 022E8 80B2E9D8 00000000 */  nop
/* 022EC 80B2E9DC 46003224 */  cvt.w.s $f8, $f6                   
/* 022F0 80B2E9E0 4448F800 */  cfc1    $t0, $f31                  
/* 022F4 80B2E9E4 00000000 */  nop
/* 022F8 80B2E9E8 31080078 */  andi    $t0, $t0, 0x0078           ## $t0 = 00000000
/* 022FC 80B2E9EC 51000013 */  beql    $t0, $zero, .L80B2EA3C     
/* 02300 80B2E9F0 44084000 */  mfc1    $t0, $f8                   
/* 02304 80B2E9F4 44814000 */  mtc1    $at, $f8                   ## $f8 = 2147483648.00
/* 02308 80B2E9F8 24080001 */  addiu   $t0, $zero, 0x0001         ## $t0 = 00000001
/* 0230C 80B2E9FC 46083201 */  sub.s   $f8, $f6, $f8              
/* 02310 80B2EA00 44C8F800 */  ctc1    $t0, $f31                  
/* 02314 80B2EA04 00000000 */  nop
/* 02318 80B2EA08 46004224 */  cvt.w.s $f8, $f8                   
/* 0231C 80B2EA0C 4448F800 */  cfc1    $t0, $f31                  
/* 02320 80B2EA10 00000000 */  nop
/* 02324 80B2EA14 31080078 */  andi    $t0, $t0, 0x0078           ## $t0 = 00000000
/* 02328 80B2EA18 15000005 */  bne     $t0, $zero, .L80B2EA30     
/* 0232C 80B2EA1C 00000000 */  nop
/* 02330 80B2EA20 44084000 */  mfc1    $t0, $f8                   
/* 02334 80B2EA24 3C018000 */  lui     $at, 0x8000                ## $at = 80000000
/* 02338 80B2EA28 10000007 */  beq     $zero, $zero, .L80B2EA48   
/* 0233C 80B2EA2C 01014025 */  or      $t0, $t0, $at              ## $t0 = 80000000
.L80B2EA30:
/* 02340 80B2EA30 10000005 */  beq     $zero, $zero, .L80B2EA48   
/* 02344 80B2EA34 2408FFFF */  addiu   $t0, $zero, 0xFFFF         ## $t0 = FFFFFFFF
/* 02348 80B2EA38 44084000 */  mfc1    $t0, $f8                   
.L80B2EA3C:
/* 0234C 80B2EA3C 00000000 */  nop
/* 02350 80B2EA40 0500FFFB */  bltz    $t0, .L80B2EA30            
/* 02354 80B2EA44 00000000 */  nop
.L80B2EA48:
/* 02358 80B2EA48 44D9F800 */  ctc1    $t9, $f31                  
/* 0235C 80B2EA4C 1000001B */  beq     $zero, $zero, .L80B2EABC   
/* 02360 80B2EA50 A088019B */  sb      $t0, 0x019B($a0)           ## 0000019B
.L80B2EA54:
/* 02364 80B2EA54 0C021BF7 */  jal     func_80086FDC              
/* 02368 80B2EA58 AFA40018 */  sw      $a0, 0x0018($sp)           
/* 0236C 80B2EA5C 3C0141F0 */  lui     $at, 0x41F0                ## $at = 41F00000
/* 02370 80B2EA60 44815000 */  mtc1    $at, $f10                  ## $f10 = 30.00
/* 02374 80B2EA64 3C0142C8 */  lui     $at, 0x42C8                ## $at = 42C80000
/* 02378 80B2EA68 44812000 */  mtc1    $at, $f4                   ## $f4 = 100.00
/* 0237C 80B2EA6C 460A0402 */  mul.s   $f16, $f0, $f10            
/* 02380 80B2EA70 3C014320 */  lui     $at, 0x4320                ## $at = 43200000
/* 02384 80B2EA74 44815000 */  mtc1    $at, $f10                  ## $f10 = 160.00
/* 02388 80B2EA78 46040182 */  mul.s   $f6, $f0, $f4              
/* 0238C 80B2EA7C 8FA40018 */  lw      $a0, 0x0018($sp)           
/* 02390 80B2EA80 240800C8 */  addiu   $t0, $zero, 0x00C8         ## $t0 = 000000C8
/* 02394 80B2EA84 A088019B */  sb      $t0, 0x019B($a0)           ## 0000019B
/* 02398 80B2EA88 4600848D */  trunc.w.s $f18, $f16                 
/* 0239C 80B2EA8C 460A0402 */  mul.s   $f16, $f0, $f10            
/* 023A0 80B2EA90 440A9000 */  mfc1    $t2, $f18                  
/* 023A4 80B2EA94 4600320D */  trunc.w.s $f8, $f6                   
/* 023A8 80B2EA98 254B00E1 */  addiu   $t3, $t2, 0x00E1           ## $t3 = 000000E1
/* 023AC 80B2EA9C A08B0198 */  sb      $t3, 0x0198($a0)           ## 00000198
/* 023B0 80B2EAA0 4600848D */  trunc.w.s $f18, $f16                 
/* 023B4 80B2EAA4 440D4000 */  mfc1    $t5, $f8                   
/* 023B8 80B2EAA8 44189000 */  mfc1    $t8, $f18                  
/* 023BC 80B2EAAC 25AE009B */  addiu   $t6, $t5, 0x009B           ## $t6 = 0000009B
/* 023C0 80B2EAB0 A08E0199 */  sb      $t6, 0x0199($a0)           ## 00000199
/* 023C4 80B2EAB4 2719005F */  addiu   $t9, $t8, 0x005F           ## $t9 = 0000005F
/* 023C8 80B2EAB8 A099019A */  sb      $t9, 0x019A($a0)           ## 0000019A
.L80B2EABC:
/* 023CC 80B2EABC 8FBF0014 */  lw      $ra, 0x0014($sp)           
/* 023D0 80B2EAC0 27BD0018 */  addiu   $sp, $sp, 0x0018           ## $sp = 00000000
/* 023D4 80B2EAC4 03E00008 */  jr      $ra                        
/* 023D8 80B2EAC8 00000000 */  nop


glabel func_80B2EACC
/* 023DC 80B2EACC 27BDFFC8 */  addiu   $sp, $sp, 0xFFC8           ## $sp = FFFFFFC8
/* 023E0 80B2EAD0 AFB10018 */  sw      $s1, 0x0018($sp)           
/* 023E4 80B2EAD4 AFB00014 */  sw      $s0, 0x0014($sp)           
/* 023E8 80B2EAD8 00808025 */  or      $s0, $a0, $zero            ## $s0 = 00000000
/* 023EC 80B2EADC 00A08825 */  or      $s1, $a1, $zero            ## $s1 = 00000000
/* 023F0 80B2EAE0 AFBF001C */  sw      $ra, 0x001C($sp)           
/* 023F4 80B2EAE4 92020388 */  lbu     $v0, 0x0388($s0)           ## 00000388
/* 023F8 80B2EAE8 304E0002 */  andi    $t6, $v0, 0x0002           ## $t6 = 00000000
/* 023FC 80B2EAEC 11C00004 */  beq     $t6, $zero, .L80B2EB00     
/* 02400 80B2EAF0 304FFFFD */  andi    $t7, $v0, 0xFFFD           ## $t7 = 00000000
/* 02404 80B2EAF4 A20F0388 */  sb      $t7, 0x0388($s0)           ## 00000388
/* 02408 80B2EAF8 0C2CB577 */  jal     func_80B2D5DC              
/* 0240C 80B2EAFC 02002025 */  or      $a0, $s0, $zero            ## $a0 = 00000000
.L80B2EB00:
/* 02410 80B2EB00 02002025 */  or      $a0, $s0, $zero            ## $a0 = 00000000
/* 02414 80B2EB04 0C2CB90E */  jal     func_80B2E438              
/* 02418 80B2EB08 02202825 */  or      $a1, $s1, $zero            ## $a1 = 00000000
/* 0241C 80B2EB0C 0C2CB957 */  jal     func_80B2E55C              
/* 02420 80B2EB10 02002025 */  or      $a0, $s0, $zero            ## $a0 = 00000000
/* 02424 80B2EB14 8E190188 */  lw      $t9, 0x0188($s0)           ## 00000188
/* 02428 80B2EB18 02002025 */  or      $a0, $s0, $zero            ## $a0 = 00000000
/* 0242C 80B2EB1C 02202825 */  or      $a1, $s1, $zero            ## $a1 = 00000000
/* 02430 80B2EB20 0320F809 */  jalr    $ra, $t9                   
/* 02434 80B2EB24 00000000 */  nop
/* 02438 80B2EB28 0C02DAA2 */  jal     func_800B6A88              
/* 0243C 80B2EB2C 02002025 */  or      $a0, $s0, $zero            ## $a0 = 00000000
/* 02440 80B2EB30 8E080188 */  lw      $t0, 0x0188($s0)           ## 00000188
/* 02444 80B2EB34 3C1880B3 */  lui     $t8, %hi(func_80B2CF28)    ## $t8 = 80B30000
/* 02448 80B2EB38 2718CF28 */  addiu   $t8, $t8, %lo(func_80B2CF28) ## $t8 = 80B2CF28
/* 0244C 80B2EB3C 57080010 */  bnel    $t8, $t0, .L80B2EB80       
/* 02450 80B2EB40 3C010001 */  lui     $at, 0x0001                ## $at = 00010000
/* 02454 80B2EB44 8609018E */  lh      $t1, 0x018E($s0)           ## 0000018E
/* 02458 80B2EB48 02202025 */  or      $a0, $s1, $zero            ## $a0 = 00000000
/* 0245C 80B2EB4C 2921000A */  slti    $at, $t1, 0x000A           
/* 02460 80B2EB50 5020000B */  beql    $at, $zero, .L80B2EB80     
/* 02464 80B2EB54 3C010001 */  lui     $at, 0x0001                ## $at = 00010000
/* 02468 80B2EB58 8E0A0004 */  lw      $t2, 0x0004($s0)           ## 00000004
/* 0246C 80B2EB5C 3C010100 */  lui     $at, 0x0100                ## $at = 01000000
/* 02470 80B2EB60 26060378 */  addiu   $a2, $s0, 0x0378           ## $a2 = 00000378
/* 02474 80B2EB64 01415825 */  or      $t3, $t2, $at              ## $t3 = 01000000
/* 02478 80B2EB68 3C010001 */  lui     $at, 0x0001                ## $at = 00010000
/* 0247C 80B2EB6C 34218884 */  ori     $at, $at, 0x8884           ## $at = 00018884
/* 02480 80B2EB70 AE0B0004 */  sw      $t3, 0x0004($s0)           ## 00000004
/* 02484 80B2EB74 0C038956 */  jal     func_800E2558              
/* 02488 80B2EB78 02212821 */  addu    $a1, $s1, $at              
/* 0248C 80B2EB7C 3C010001 */  lui     $at, 0x0001                ## $at = 00010000
.L80B2EB80:
/* 02490 80B2EB80 34218884 */  ori     $at, $at, 0x8884           ## $at = 00018884
/* 02494 80B2EB84 02216021 */  addu    $t4, $s1, $at              
/* 02498 80B2EB88 2605032C */  addiu   $a1, $s0, 0x032C           ## $a1 = 0000032C
/* 0249C 80B2EB8C 260D0378 */  addiu   $t5, $s0, 0x0378           ## $t5 = 00000378
/* 024A0 80B2EB90 AFAD0024 */  sw      $t5, 0x0024($sp)           
/* 024A4 80B2EB94 AFA50020 */  sw      $a1, 0x0020($sp)           
/* 024A8 80B2EB98 AFAC0028 */  sw      $t4, 0x0028($sp)           
/* 024AC 80B2EB9C 0C039F7E */  jal     func_800E7DF8              
/* 024B0 80B2EBA0 02002025 */  or      $a0, $s0, $zero            ## $a0 = 00000000
/* 024B4 80B2EBA4 920E033D */  lbu     $t6, 0x033D($s0)           ## 0000033D
/* 024B8 80B2EBA8 02202025 */  or      $a0, $s1, $zero            ## $a0 = 00000000
/* 024BC 80B2EBAC 8FA50028 */  lw      $a1, 0x0028($sp)           
/* 024C0 80B2EBB0 31CF0001 */  andi    $t7, $t6, 0x0001           ## $t7 = 00000000
/* 024C4 80B2EBB4 51E00004 */  beql    $t7, $zero, .L80B2EBC8     
/* 024C8 80B2EBB8 02202025 */  or      $a0, $s1, $zero            ## $a0 = 00000000
/* 024CC 80B2EBBC 0C0389D0 */  jal     func_800E2740              
/* 024D0 80B2EBC0 8FA60020 */  lw      $a2, 0x0020($sp)           
/* 024D4 80B2EBC4 02202025 */  or      $a0, $s1, $zero            ## $a0 = 00000000
.L80B2EBC8:
/* 024D8 80B2EBC8 8FA50028 */  lw      $a1, 0x0028($sp)           
/* 024DC 80B2EBCC 0C038A4A */  jal     func_800E2928              
/* 024E0 80B2EBD0 8FA60020 */  lw      $a2, 0x0020($sp)           
/* 024E4 80B2EBD4 02202025 */  or      $a0, $s1, $zero            ## $a0 = 00000000
/* 024E8 80B2EBD8 8FA50028 */  lw      $a1, 0x0028($sp)           
/* 024EC 80B2EBDC 0C038A4A */  jal     func_800E2928              
/* 024F0 80B2EBE0 8FA60024 */  lw      $a2, 0x0024($sp)           
/* 024F4 80B2EBE4 02002025 */  or      $a0, $s0, $zero            ## $a0 = 00000000
/* 024F8 80B2EBE8 0C02D9D7 */  jal     func_800B675C              
/* 024FC 80B2EBEC 3C054228 */  lui     $a1, 0x4228                ## $a1 = 42280000
/* 02500 80B2EBF0 8E020188 */  lw      $v0, 0x0188($s0)           ## 00000188
/* 02504 80B2EBF4 3C1980B3 */  lui     $t9, %hi(func_80B2D07C)    ## $t9 = 80B30000
/* 02508 80B2EBF8 2739D07C */  addiu   $t9, $t9, %lo(func_80B2D07C) ## $t9 = 80B2D07C
/* 0250C 80B2EBFC 1322000E */  beq     $t9, $v0, .L80B2EC38       
/* 02510 80B2EC00 3C1880B3 */  lui     $t8, %hi(func_80B2D628)    ## $t8 = 80B30000
/* 02514 80B2EC04 2718D628 */  addiu   $t8, $t8, %lo(func_80B2D628) ## $t8 = 80B2D628
/* 02518 80B2EC08 1302000B */  beq     $t8, $v0, .L80B2EC38       
/* 0251C 80B2EC0C 3C0880B3 */  lui     $t0, %hi(func_80B2DB44)    ## $t0 = 80B30000
/* 02520 80B2EC10 2508DB44 */  addiu   $t0, $t0, %lo(func_80B2DB44) ## $t0 = 80B2DB44
/* 02524 80B2EC14 55020007 */  bnel    $t0, $v0, .L80B2EC34       
/* 02528 80B2EC18 860B0032 */  lh      $t3, 0x0032($s0)           ## 00000032
/* 0252C 80B2EC1C 86090032 */  lh      $t1, 0x0032($s0)           ## 00000032
/* 02530 80B2EC20 34018000 */  ori     $at, $zero, 0x8000         ## $at = 00008000
/* 02534 80B2EC24 01215021 */  addu    $t2, $t1, $at              
/* 02538 80B2EC28 10000003 */  beq     $zero, $zero, .L80B2EC38   
/* 0253C 80B2EC2C A60A00BE */  sh      $t2, 0x00BE($s0)           ## 000000BE
/* 02540 80B2EC30 860B0032 */  lh      $t3, 0x0032($s0)           ## 00000032
.L80B2EC34:
/* 02544 80B2EC34 A60B00BE */  sh      $t3, 0x00BE($s0)           ## 000000BE
.L80B2EC38:
/* 02548 80B2EC38 0C2CBA38 */  jal     func_80B2E8E0              
/* 0254C 80B2EC3C 02002025 */  or      $a0, $s0, $zero            ## $a0 = 00000000
/* 02550 80B2EC40 44800000 */  mtc1    $zero, $f0                 ## $f0 = 0.00
/* 02554 80B2EC44 C6040298 */  lwc1    $f4, 0x0298($s0)           ## 00000298
/* 02558 80B2EC48 920C0197 */  lbu     $t4, 0x0197($s0)           ## 00000197
/* 0255C 80B2EC4C 26040298 */  addiu   $a0, $s0, 0x0298           ## $a0 = 00000298
/* 02560 80B2EC50 4604003C */  c.lt.s  $f0, $f4                   
/* 02564 80B2EC54 3C063D4C */  lui     $a2, 0x3D4C                ## $a2 = 3D4C0000
/* 02568 80B2EC58 A20C00D0 */  sb      $t4, 0x00D0($s0)           ## 000000D0
/* 0256C 80B2EC5C 45020029 */  bc1fl   .L80B2ED04                 
/* 02570 80B2EC60 8FBF001C */  lw      $ra, 0x001C($sp)           
/* 02574 80B2EC64 44050000 */  mfc1    $a1, $f0                   
/* 02578 80B2EC68 0C03FC0F */  jal     func_800FF03C              
/* 0257C 80B2EC6C 34C6CCCD */  ori     $a2, $a2, 0xCCCD           ## $a2 = 3D4CCCCD
/* 02580 80B2EC70 92020197 */  lbu     $v0, 0x0197($s0)           ## 00000197
/* 02584 80B2EC74 240100FF */  addiu   $at, $zero, 0x00FF         ## $at = 000000FF
/* 02588 80B2EC78 10410010 */  beq     $v0, $at, .L80B2ECBC       
/* 0258C 80B2EC7C 00000000 */  nop
/* 02590 80B2EC80 44823000 */  mtc1    $v0, $f6                   ## $f6 = 0.00
/* 02594 80B2EC84 3C014F80 */  lui     $at, 0x4F80                ## $at = 4F800000
/* 02598 80B2EC88 04410004 */  bgez    $v0, .L80B2EC9C            
/* 0259C 80B2EC8C 46803020 */  cvt.s.w $f0, $f6                   
/* 025A0 80B2EC90 44814000 */  mtc1    $at, $f8                   ## $f8 = 4294967296.00
/* 025A4 80B2EC94 00000000 */  nop
/* 025A8 80B2EC98 46080000 */  add.s   $f0, $f0, $f8              
.L80B2EC9C:
/* 025AC 80B2EC9C 3C0180B3 */  lui     $at, %hi(D_80B2F79C)       ## $at = 80B30000
/* 025B0 80B2ECA0 C42AF79C */  lwc1    $f10, %lo(D_80B2F79C)($at) 
/* 025B4 80B2ECA4 460A0082 */  mul.s   $f2, $f0, $f10             
/* 025B8 80B2ECA8 4600103C */  c.lt.s  $f2, $f0                   
/* 025BC 80B2ECAC 00000000 */  nop
/* 025C0 80B2ECB0 45000002 */  bc1f    .L80B2ECBC                 
/* 025C4 80B2ECB4 00000000 */  nop
/* 025C8 80B2ECB8 E6020298 */  swc1    $f2, 0x0298($s0)           ## 00000298
.L80B2ECBC:
/* 025CC 80B2ECBC 3C0180B3 */  lui     $at, %hi(D_80B2F7A0)       ## $at = 80B30000
/* 025D0 80B2ECC0 C422F7A0 */  lwc1    $f2, %lo(D_80B2F7A0)($at)  
/* 025D4 80B2ECC4 3C013F80 */  lui     $at, 0x3F80                ## $at = 3F800000
/* 025D8 80B2ECC8 44819000 */  mtc1    $at, $f18                  ## $f18 = 1.00
/* 025DC 80B2ECCC C6100298 */  lwc1    $f16, 0x0298($s0)          ## 00000298
/* 025E0 80B2ECD0 3C0180B3 */  lui     $at, %hi(D_80B2F7A4)       ## $at = 80B30000
/* 025E4 80B2ECD4 C426F7A4 */  lwc1    $f6, %lo(D_80B2F7A4)($at)  
/* 025E8 80B2ECD8 46128100 */  add.s   $f4, $f16, $f18            
/* 025EC 80B2ECDC 46062002 */  mul.s   $f0, $f4, $f6              
/* 025F0 80B2ECE0 4600103C */  c.lt.s  $f2, $f0                   
/* 025F4 80B2ECE4 E600029C */  swc1    $f0, 0x029C($s0)           ## 0000029C
/* 025F8 80B2ECE8 45020004 */  bc1fl   .L80B2ECFC                 
/* 025FC 80B2ECEC C608029C */  lwc1    $f8, 0x029C($s0)           ## 0000029C
/* 02600 80B2ECF0 10000003 */  beq     $zero, $zero, .L80B2ED00   
/* 02604 80B2ECF4 E602029C */  swc1    $f2, 0x029C($s0)           ## 0000029C
/* 02608 80B2ECF8 C608029C */  lwc1    $f8, 0x029C($s0)           ## 0000029C
.L80B2ECFC:
/* 0260C 80B2ECFC E608029C */  swc1    $f8, 0x029C($s0)           ## 0000029C
.L80B2ED00:
/* 02610 80B2ED00 8FBF001C */  lw      $ra, 0x001C($sp)           
.L80B2ED04:
/* 02614 80B2ED04 8FB00014 */  lw      $s0, 0x0014($sp)           
/* 02618 80B2ED08 8FB10018 */  lw      $s1, 0x0018($sp)           
/* 0261C 80B2ED0C 03E00008 */  jr      $ra                        
/* 02620 80B2ED10 27BD0038 */  addiu   $sp, $sp, 0x0038           ## $sp = 00000000


glabel func_80B2ED14
/* 02624 80B2ED14 AFA40000 */  sw      $a0, 0x0000($sp)           
/* 02628 80B2ED18 8FA40014 */  lw      $a0, 0x0014($sp)           
/* 0262C 80B2ED1C AFA7000C */  sw      $a3, 0x000C($sp)           
/* 02630 80B2ED20 908E0197 */  lbu     $t6, 0x0197($a0)           ## 00000197
/* 02634 80B2ED24 24010012 */  addiu   $at, $zero, 0x0012         ## $at = 00000012
/* 02638 80B2ED28 00001025 */  or      $v0, $zero, $zero          ## $v0 = 00000000
/* 0263C 80B2ED2C 51C0000D */  beql    $t6, $zero, .L80B2ED64     
/* 02640 80B2ED30 ACC00000 */  sw      $zero, 0x0000($a2)         ## 00000000
/* 02644 80B2ED34 50A1000B */  beql    $a1, $at, .L80B2ED64       
/* 02648 80B2ED38 ACC00000 */  sw      $zero, 0x0000($a2)         ## 00000000
/* 0264C 80B2ED3C 8C980188 */  lw      $t8, 0x0188($a0)           ## 00000188
/* 02650 80B2ED40 3C0F80B3 */  lui     $t7, %hi(func_80B2D300)    ## $t7 = 80B30000
/* 02654 80B2ED44 25EFD300 */  addiu   $t7, $t7, %lo(func_80B2D300) ## $t7 = 80B2D300
/* 02658 80B2ED48 55F80007 */  bnel    $t7, $t8, .L80B2ED68       
/* 0265C 80B2ED4C 24010013 */  addiu   $at, $zero, 0x0013         ## $at = 00000013
/* 02660 80B2ED50 8499018E */  lh      $t9, 0x018E($a0)           ## 0000018E
/* 02664 80B2ED54 2B210002 */  slti    $at, $t9, 0x0002           
/* 02668 80B2ED58 54200003 */  bnel    $at, $zero, .L80B2ED68     
/* 0266C 80B2ED5C 24010013 */  addiu   $at, $zero, 0x0013         ## $at = 00000013
/* 02670 80B2ED60 ACC00000 */  sw      $zero, 0x0000($a2)         ## 00000000
.L80B2ED64:
/* 02674 80B2ED64 24010013 */  addiu   $at, $zero, 0x0013         ## $at = 00000013
.L80B2ED68:
/* 02678 80B2ED68 14A10017 */  bne     $a1, $at, .L80B2EDC8       
/* 0267C 80B2ED6C 8FA30018 */  lw      $v1, 0x0018($sp)           
/* 02680 80B2ED70 8C650000 */  lw      $a1, 0x0000($v1)           ## 00000000
/* 02684 80B2ED74 3C09E700 */  lui     $t1, 0xE700                ## $t1 = E7000000
/* 02688 80B2ED78 24A80008 */  addiu   $t0, $a1, 0x0008           ## $t0 = 00000008
/* 0268C 80B2ED7C AC680000 */  sw      $t0, 0x0000($v1)           ## 00000000
/* 02690 80B2ED80 ACA00004 */  sw      $zero, 0x0004($a1)         ## 00000004
/* 02694 80B2ED84 ACA90000 */  sw      $t1, 0x0000($a1)           ## 00000000
/* 02698 80B2ED88 8C650000 */  lw      $a1, 0x0000($v1)           ## 00000000
/* 0269C 80B2ED8C 3C0BFB00 */  lui     $t3, 0xFB00                ## $t3 = FB000000
/* 026A0 80B2ED90 24AA0008 */  addiu   $t2, $a1, 0x0008           ## $t2 = 00000008
/* 026A4 80B2ED94 AC6A0000 */  sw      $t2, 0x0000($v1)           ## 00000000
/* 026A8 80B2ED98 ACAB0000 */  sw      $t3, 0x0000($a1)           ## 00000000
/* 026AC 80B2ED9C 90980195 */  lbu     $t8, 0x0195($a0)           ## 00000195
/* 026B0 80B2EDA0 908D0194 */  lbu     $t5, 0x0194($a0)           ## 00000194
/* 026B4 80B2EDA4 908A0196 */  lbu     $t2, 0x0196($a0)           ## 00000196
/* 026B8 80B2EDA8 908F0197 */  lbu     $t7, 0x0197($a0)           ## 00000197
/* 026BC 80B2EDAC 0018CC00 */  sll     $t9, $t8, 16               
/* 026C0 80B2EDB0 000D7600 */  sll     $t6, $t5, 24               
/* 026C4 80B2EDB4 01D94025 */  or      $t0, $t6, $t9              ## $t0 = 00000000
/* 026C8 80B2EDB8 000A5A00 */  sll     $t3, $t2,  8               
/* 026CC 80B2EDBC 010B6025 */  or      $t4, $t0, $t3              ## $t4 = FB000000
/* 026D0 80B2EDC0 018FC025 */  or      $t8, $t4, $t7              ## $t8 = FBB2D300
/* 026D4 80B2EDC4 ACB80004 */  sw      $t8, 0x0004($a1)           ## 00000004
.L80B2EDC8:
/* 026D8 80B2EDC8 03E00008 */  jr      $ra                        
/* 026DC 80B2EDCC 00000000 */  nop


glabel func_80B2EDD0
/* 026E0 80B2EDD0 27BDFF90 */  addiu   $sp, $sp, 0xFF90           ## $sp = FFFFFF90
/* 026E4 80B2EDD4 AFB00024 */  sw      $s0, 0x0024($sp)           
/* 026E8 80B2EDD8 8FB00080 */  lw      $s0, 0x0080($sp)           
/* 026EC 80B2EDDC AFBF0034 */  sw      $ra, 0x0034($sp)           
/* 026F0 80B2EDE0 AFB30030 */  sw      $s3, 0x0030($sp)           
/* 026F4 80B2EDE4 AFB2002C */  sw      $s2, 0x002C($sp)           
/* 026F8 80B2EDE8 AFB10028 */  sw      $s1, 0x0028($sp)           
/* 026FC 80B2EDEC AFA40070 */  sw      $a0, 0x0070($sp)           
/* 02700 80B2EDF0 AFA50074 */  sw      $a1, 0x0074($sp)           
/* 02704 80B2EDF4 AFA60078 */  sw      $a2, 0x0078($sp)           
/* 02708 80B2EDF8 AFA7007C */  sw      $a3, 0x007C($sp)           
/* 0270C 80B2EDFC 8FA40074 */  lw      $a0, 0x0074($sp)           
/* 02710 80B2EE00 0C039FF7 */  jal     func_800E7FDC              
/* 02714 80B2EE04 26050378 */  addiu   $a1, $s0, 0x0378           ## $a1 = 00000378
/* 02718 80B2EE08 8E0E0188 */  lw      $t6, 0x0188($s0)           ## 00000188
/* 0271C 80B2EE0C 3C1380B3 */  lui     $s3, %hi(func_80B2D300)    ## $s3 = 80B30000
/* 02720 80B2EE10 2673D300 */  addiu   $s3, $s3, %lo(func_80B2D300) ## $s3 = 80B2D300
/* 02724 80B2EE14 566E001C */  bnel    $s3, $t6, .L80B2EE88       
/* 02728 80B2EE18 8FAD0074 */  lw      $t5, 0x0074($sp)           
/* 0272C 80B2EE1C 860F018E */  lh      $t7, 0x018E($s0)           ## 0000018E
/* 02730 80B2EE20 8FB80074 */  lw      $t8, 0x0074($sp)           
/* 02734 80B2EE24 29E10002 */  slti    $at, $t7, 0x0002           
/* 02738 80B2EE28 14200016 */  bne     $at, $zero, .L80B2EE84     
/* 0273C 80B2EE2C 24010005 */  addiu   $at, $zero, 0x0005         ## $at = 00000005
/* 02740 80B2EE30 17010014 */  bne     $t8, $at, .L80B2EE84       
/* 02744 80B2EE34 8FB20084 */  lw      $s2, 0x0084($sp)           
/* 02748 80B2EE38 8E420000 */  lw      $v0, 0x0000($s2)           ## 00000000
/* 0274C 80B2EE3C 3C08DA38 */  lui     $t0, 0xDA38                ## $t0 = DA380000
/* 02750 80B2EE40 35080003 */  ori     $t0, $t0, 0x0003           ## $t0 = DA380003
/* 02754 80B2EE44 24590008 */  addiu   $t9, $v0, 0x0008           ## $t9 = 00000008
/* 02758 80B2EE48 AE590000 */  sw      $t9, 0x0000($s2)           ## 00000000
/* 0275C 80B2EE4C AC480000 */  sw      $t0, 0x0000($v0)           ## 00000000
/* 02760 80B2EE50 8FA90070 */  lw      $t1, 0x0070($sp)           
/* 02764 80B2EE54 00408825 */  or      $s1, $v0, $zero            ## $s1 = 00000000
/* 02768 80B2EE58 0C060690 */  jal     func_80181A40              
/* 0276C 80B2EE5C 8D240000 */  lw      $a0, 0x0000($t1)           ## 00000000
/* 02770 80B2EE60 AE220004 */  sw      $v0, 0x0004($s1)           ## 00000004
/* 02774 80B2EE64 8E420000 */  lw      $v0, 0x0000($s2)           ## 00000000
/* 02778 80B2EE68 3C0C0600 */  lui     $t4, 0x0600                ## $t4 = 06000000
/* 0277C 80B2EE6C 258C2608 */  addiu   $t4, $t4, 0x2608           ## $t4 = 06002608
/* 02780 80B2EE70 244A0008 */  addiu   $t2, $v0, 0x0008           ## $t2 = 00000008
/* 02784 80B2EE74 AE4A0000 */  sw      $t2, 0x0000($s2)           ## 00000000
/* 02788 80B2EE78 3C0BDE00 */  lui     $t3, 0xDE00                ## $t3 = DE000000
/* 0278C 80B2EE7C AC4B0000 */  sw      $t3, 0x0000($v0)           ## 00000000
/* 02790 80B2EE80 AC4C0004 */  sw      $t4, 0x0004($v0)           ## 00000004
.L80B2EE84:
/* 02794 80B2EE84 8FAD0074 */  lw      $t5, 0x0074($sp)           
.L80B2EE88:
/* 02798 80B2EE88 24010012 */  addiu   $at, $zero, 0x0012         ## $at = 00000012
/* 0279C 80B2EE8C 55A10047 */  bnel    $t5, $at, .L80B2EFAC       
/* 027A0 80B2EE90 8FAB0074 */  lw      $t3, 0x0074($sp)           
/* 027A4 80B2EE94 8E0E0188 */  lw      $t6, 0x0188($s0)           ## 00000188
/* 027A8 80B2EE98 166E0012 */  bne     $s3, $t6, .L80B2EEE4       
/* 027AC 80B2EE9C 00000000 */  nop
/* 027B0 80B2EEA0 860F018E */  lh      $t7, 0x018E($s0)           ## 0000018E
/* 027B4 80B2EEA4 29E10013 */  slti    $at, $t7, 0x0013           
/* 027B8 80B2EEA8 1420000E */  bne     $at, $zero, .L80B2EEE4     
/* 027BC 80B2EEAC 00000000 */  nop
/* 027C0 80B2EEB0 C6000058 */  lwc1    $f0, 0x0058($s0)           ## 00000058
/* 027C4 80B2EEB4 44802000 */  mtc1    $zero, $f4                 ## $f4 = 0.00
/* 027C8 80B2EEB8 3C0180B3 */  lui     $at, %hi(D_80B2F7A8)       ## $at = 80B30000
/* 027CC 80B2EEBC 46002032 */  c.eq.s  $f4, $f0                   
/* 027D0 80B2EEC0 00000000 */  nop
/* 027D4 80B2EEC4 45010007 */  bc1t    .L80B2EEE4                 
/* 027D8 80B2EEC8 00000000 */  nop
/* 027DC 80B2EECC C426F7A8 */  lwc1    $f6, %lo(D_80B2F7A8)($at)  
/* 027E0 80B2EED0 24070001 */  addiu   $a3, $zero, 0x0001         ## $a3 = 00000001
/* 027E4 80B2EED4 46003303 */  div.s   $f12, $f6, $f0             
/* 027E8 80B2EED8 44066000 */  mfc1    $a2, $f12                  
/* 027EC 80B2EEDC 0C0600E7 */  jal     func_8018039C              
/* 027F0 80B2EEE0 46006386 */  mov.s   $f14, $f12                 
.L80B2EEE4:
/* 027F4 80B2EEE4 0C06007A */  jal     func_801801E8              
/* 027F8 80B2EEE8 260403D8 */  addiu   $a0, $s0, 0x03D8           ## $a0 = 000003D8
/* 027FC 80B2EEEC 27A40060 */  addiu   $a0, $sp, 0x0060           ## $a0 = FFFFFFF0
/* 02800 80B2EEF0 0C2CB244 */  jal     func_80B2C910              
/* 02804 80B2EEF4 8FA50070 */  lw      $a1, 0x0070($sp)           
/* 02808 80B2EEF8 8E020394 */  lw      $v0, 0x0394($s0)           ## 00000394
/* 0280C 80B2EEFC C7A80060 */  lwc1    $f8, 0x0060($sp)           
/* 02810 80B2EF00 920F0198 */  lbu     $t7, 0x0198($s0)           ## 00000198
/* 02814 80B2EF04 84580030 */  lh      $t8, 0x0030($v0)           ## 00000030
/* 02818 80B2EF08 4600428D */  trunc.w.s $f10, $f8                  
/* 0281C 80B2EF0C 84490032 */  lh      $t1, 0x0032($v0)           ## 00000032
/* 02820 80B2EF10 844C0034 */  lh      $t4, 0x0034($v0)           ## 00000034
/* 02824 80B2EF14 AFAF0010 */  sw      $t7, 0x0010($sp)           
/* 02828 80B2EF18 92190199 */  lbu     $t9, 0x0199($s0)           ## 00000199
/* 0282C 80B2EF1C 44085000 */  mfc1    $t0, $f10                  
/* 02830 80B2EF20 C7B00064 */  lwc1    $f16, 0x0064($sp)          
/* 02834 80B2EF24 C7A40068 */  lwc1    $f4, 0x0068($sp)           
/* 02838 80B2EF28 AFB90014 */  sw      $t9, 0x0014($sp)           
/* 0283C 80B2EF2C 03082821 */  addu    $a1, $t8, $t0              
/* 02840 80B2EF30 4600848D */  trunc.w.s $f18, $f16                 
/* 02844 80B2EF34 9218019A */  lbu     $t8, 0x019A($s0)           ## 0000019A
/* 02848 80B2EF38 00052C00 */  sll     $a1, $a1, 16               
/* 0284C 80B2EF3C 4600218D */  trunc.w.s $f6, $f4                   
/* 02850 80B2EF40 AFB80018 */  sw      $t8, 0x0018($sp)           
/* 02854 80B2EF44 9208019B */  lbu     $t0, 0x019B($s0)           ## 0000019B
/* 02858 80B2EF48 440B9000 */  mfc1    $t3, $f18                  
/* 0285C 80B2EF4C 440E3000 */  mfc1    $t6, $f6                   
/* 02860 80B2EF50 44884000 */  mtc1    $t0, $f8                   ## $f8 = 0.00
/* 02864 80B2EF54 012B3021 */  addu    $a2, $t1, $t3              
/* 02868 80B2EF58 018E3821 */  addu    $a3, $t4, $t6              
/* 0286C 80B2EF5C 00073C00 */  sll     $a3, $a3, 16               
/* 02870 80B2EF60 00063400 */  sll     $a2, $a2, 16               
/* 02874 80B2EF64 00063403 */  sra     $a2, $a2, 16               
/* 02878 80B2EF68 00073C03 */  sra     $a3, $a3, 16               
/* 0287C 80B2EF6C 00052C03 */  sra     $a1, $a1, 16               
/* 02880 80B2EF70 2604031C */  addiu   $a0, $s0, 0x031C           ## $a0 = 0000031C
/* 02884 80B2EF74 05010005 */  bgez    $t0, .L80B2EF8C            
/* 02888 80B2EF78 468042A0 */  cvt.s.w $f10, $f8                  
/* 0288C 80B2EF7C 3C014F80 */  lui     $at, 0x4F80                ## $at = 4F800000
/* 02890 80B2EF80 44818000 */  mtc1    $at, $f16                  ## $f16 = 4294967296.00
/* 02894 80B2EF84 00000000 */  nop
/* 02898 80B2EF88 46105280 */  add.s   $f10, $f10, $f16           
.L80B2EF8C:
/* 0289C 80B2EF8C 3C0180B3 */  lui     $at, %hi(D_80B2F7AC)       ## $at = 80B30000
/* 028A0 80B2EF90 C432F7AC */  lwc1    $f18, %lo(D_80B2F7AC)($at) 
/* 028A4 80B2EF94 46125102 */  mul.s   $f4, $f10, $f18            
/* 028A8 80B2EF98 4600218D */  trunc.w.s $f6, $f4                   
/* 028AC 80B2EF9C 44093000 */  mfc1    $t1, $f6                   
/* 028B0 80B2EFA0 0C040698 */  jal     func_80101A60              
/* 028B4 80B2EFA4 AFA9001C */  sw      $t1, 0x001C($sp)           
/* 028B8 80B2EFA8 8FAB0074 */  lw      $t3, 0x0074($sp)           
.L80B2EFAC:
/* 028BC 80B2EFAC 3C1380B3 */  lui     $s3, %hi(D_80B2F71C)       ## $s3 = 80B30000
/* 028C0 80B2EFB0 2401FFFF */  addiu   $at, $zero, 0xFFFF         ## $at = FFFFFFFF
/* 028C4 80B2EFB4 026B9821 */  addu    $s3, $s3, $t3              
/* 028C8 80B2EFB8 8273F71C */  lb      $s3, %lo(D_80B2F71C)($s3)  
/* 028CC 80B2EFBC 12610032 */  beq     $s3, $at, .L80B2F088       
/* 028D0 80B2EFC0 2A610004 */  slti    $at, $s3, 0x0004           
/* 028D4 80B2EFC4 10200008 */  beq     $at, $zero, .L80B2EFE8     
/* 028D8 80B2EFC8 00136880 */  sll     $t5, $s3,  2               
/* 028DC 80B2EFCC 01B36823 */  subu    $t5, $t5, $s3              
/* 028E0 80B2EFD0 000D6880 */  sll     $t5, $t5,  2               
/* 028E4 80B2EFD4 020D2021 */  addu    $a0, $s0, $t5              
/* 028E8 80B2EFD8 0C0606D4 */  jal     func_80181B50              
/* 028EC 80B2EFDC 248402A0 */  addiu   $a0, $a0, 0x02A0           ## $a0 = 000002A0
/* 028F0 80B2EFE0 1000002A */  beq     $zero, $zero, .L80B2F08C   
/* 028F4 80B2EFE4 8FBF0034 */  lw      $ra, 0x0034($sp)           
.L80B2EFE8:
/* 028F8 80B2EFE8 24010004 */  addiu   $at, $zero, 0x0004         ## $at = 00000004
/* 028FC 80B2EFEC 1661000B */  bne     $s3, $at, .L80B2F01C       
/* 02900 80B2EFF0 00137080 */  sll     $t6, $s3,  2               
/* 02904 80B2EFF4 00136080 */  sll     $t4, $s3,  2               
/* 02908 80B2EFF8 01936023 */  subu    $t4, $t4, $s3              
/* 0290C 80B2EFFC 000C6080 */  sll     $t4, $t4,  2               
/* 02910 80B2F000 3C0144FA */  lui     $at, 0x44FA                ## $at = 44FA0000
/* 02914 80B2F004 44816000 */  mtc1    $at, $f12                  ## $f12 = 2000.00
/* 02918 80B2F008 020C2821 */  addu    $a1, $s0, $t4              
/* 0291C 80B2F00C 0C0606DE */  jal     func_80181B78              
/* 02920 80B2F010 24A502A0 */  addiu   $a1, $a1, 0x02A0           ## $a1 = 000002A0
/* 02924 80B2F014 1000001D */  beq     $zero, $zero, .L80B2F08C   
/* 02928 80B2F018 8FBF0034 */  lw      $ra, 0x0034($sp)           
.L80B2F01C:
/* 0292C 80B2F01C 01D37023 */  subu    $t6, $t6, $s3              
/* 02930 80B2F020 000E7080 */  sll     $t6, $t6,  2               
/* 02934 80B2F024 020E1021 */  addu    $v0, $s0, $t6              
/* 02938 80B2F028 3C01C4FA */  lui     $at, 0xC4FA                ## $at = C4FA0000
/* 0293C 80B2F02C 3C1280B3 */  lui     $s2, %hi(D_80B2F734)       ## $s2 = 80B30000
/* 02940 80B2F030 44816000 */  mtc1    $at, $f12                  ## $f12 = -2000.00
/* 02944 80B2F034 245102B8 */  addiu   $s1, $v0, 0x02B8           ## $s1 = 000002B8
/* 02948 80B2F038 2652F734 */  addiu   $s2, $s2, %lo(D_80B2F734)  ## $s2 = 80B2F734
/* 0294C 80B2F03C 244502A0 */  addiu   $a1, $v0, 0x02A0           ## $a1 = 000002A0
/* 02950 80B2F040 0C0606DE */  jal     func_80181B78              
/* 02954 80B2F044 AFA20040 */  sw      $v0, 0x0040($sp)           
/* 02958 80B2F048 8FA20040 */  lw      $v0, 0x0040($sp)           
/* 0295C 80B2F04C 3C01C4FA */  lui     $at, 0xC4FA                ## $at = C4FA0000
/* 02960 80B2F050 44816000 */  mtc1    $at, $f12                  ## $f12 = -2000.00
/* 02964 80B2F054 0C0606F1 */  jal     func_80181BC4              
/* 02968 80B2F058 244502AC */  addiu   $a1, $v0, 0x02AC           ## $a1 = 000002AC
/* 0296C 80B2F05C 26700002 */  addiu   $s0, $s3, 0x0002           ## $s0 = 80B30002
/* 02970 80B2F060 2A01000A */  slti    $at, $s0, 0x000A           
/* 02974 80B2F064 10200008 */  beq     $at, $zero, .L80B2F088     
/* 02978 80B2F068 2413000A */  addiu   $s3, $zero, 0x000A         ## $s3 = 0000000A
.L80B2F06C:
/* 0297C 80B2F06C 02402025 */  or      $a0, $s2, $zero            ## $a0 = 80B2F734
/* 02980 80B2F070 0C0606A6 */  jal     func_80181A98              
/* 02984 80B2F074 02202825 */  or      $a1, $s1, $zero            ## $a1 = 000002B8
/* 02988 80B2F078 26100001 */  addiu   $s0, $s0, 0x0001           ## $s0 = 80B30003
/* 0298C 80B2F07C 2631000C */  addiu   $s1, $s1, 0x000C           ## $s1 = 000002C4
/* 02990 80B2F080 1613FFFA */  bne     $s0, $s3, .L80B2F06C       
/* 02994 80B2F084 2652000C */  addiu   $s2, $s2, 0x000C           ## $s2 = 80B2F740
.L80B2F088:
/* 02998 80B2F088 8FBF0034 */  lw      $ra, 0x0034($sp)           
.L80B2F08C:
/* 0299C 80B2F08C 8FB00024 */  lw      $s0, 0x0024($sp)           
/* 029A0 80B2F090 8FB10028 */  lw      $s1, 0x0028($sp)           
/* 029A4 80B2F094 8FB2002C */  lw      $s2, 0x002C($sp)           
/* 029A8 80B2F098 8FB30030 */  lw      $s3, 0x0030($sp)           
/* 029AC 80B2F09C 03E00008 */  jr      $ra                        
/* 029B0 80B2F0A0 27BD0070 */  addiu   $sp, $sp, 0x0070           ## $sp = 00000000


glabel func_80B2F0A4
/* 029B4 80B2F0A4 27BDFF90 */  addiu   $sp, $sp, 0xFF90           ## $sp = FFFFFF90
/* 029B8 80B2F0A8 AFB00028 */  sw      $s0, 0x0028($sp)           
/* 029BC 80B2F0AC 00808025 */  or      $s0, $a0, $zero            ## $s0 = 00000000
/* 029C0 80B2F0B0 AFBF002C */  sw      $ra, 0x002C($sp)           
/* 029C4 80B2F0B4 AFA50074 */  sw      $a1, 0x0074($sp)           
/* 029C8 80B2F0B8 8FAE0074 */  lw      $t6, 0x0074($sp)           
/* 029CC 80B2F0BC 02002025 */  or      $a0, $s0, $zero            ## $a0 = 00000000
/* 029D0 80B2F0C0 8DC90000 */  lw      $t1, 0x0000($t6)           ## 00000000
/* 029D4 80B2F0C4 0C2CB9B0 */  jal     func_80B2E6C0              
/* 029D8 80B2F0C8 AFA90064 */  sw      $t1, 0x0064($sp)           
/* 029DC 80B2F0CC 92020197 */  lbu     $v0, 0x0197($s0)           ## 00000197
/* 029E0 80B2F0D0 240100FF */  addiu   $at, $zero, 0x00FF         ## $at = 000000FF
/* 029E4 80B2F0D4 8FA90064 */  lw      $t1, 0x0064($sp)           
/* 029E8 80B2F0D8 50410004 */  beql    $v0, $at, .L80B2F0EC       
/* 029EC 80B2F0DC 8D2302B0 */  lw      $v1, 0x02B0($t1)           ## 000002B0
/* 029F0 80B2F0E0 1440002B */  bne     $v0, $zero, .L80B2F190     
/* 029F4 80B2F0E4 3C0EDE00 */  lui     $t6, 0xDE00                ## $t6 = DE000000
/* 029F8 80B2F0E8 8D2302B0 */  lw      $v1, 0x02B0($t1)           ## 000002B0
.L80B2F0EC:
/* 029FC 80B2F0EC 3C18801C */  lui     $t8, 0x801C                ## $t8 = 801C0000
/* 02A00 80B2F0F0 271813A0 */  addiu   $t8, $t8, 0x13A0           ## $t8 = 801C13A0
/* 02A04 80B2F0F4 3C0FDE00 */  lui     $t7, 0xDE00                ## $t7 = DE000000
/* 02A08 80B2F0F8 AC6F0000 */  sw      $t7, 0x0000($v1)           ## 00000000
/* 02A0C 80B2F0FC AC780004 */  sw      $t8, 0x0004($v1)           ## 00000004
/* 02A10 80B2F100 3C19FB00 */  lui     $t9, 0xFB00                ## $t9 = FB000000
/* 02A14 80B2F104 AC790008 */  sw      $t9, 0x0008($v1)           ## 00000008
/* 02A18 80B2F108 920E0195 */  lbu     $t6, 0x0195($s0)           ## 00000195
/* 02A1C 80B2F10C 920B0194 */  lbu     $t3, 0x0194($s0)           ## 00000194
/* 02A20 80B2F110 920A0196 */  lbu     $t2, 0x0196($s0)           ## 00000196
/* 02A24 80B2F114 000E7C00 */  sll     $t7, $t6, 16               
/* 02A28 80B2F118 000B6600 */  sll     $t4, $t3, 24               
/* 02A2C 80B2F11C 018FC025 */  or      $t8, $t4, $t7              ## $t8 = DE000000
/* 02A30 80B2F120 920C0197 */  lbu     $t4, 0x0197($s0)           ## 00000197
/* 02A34 80B2F124 000A5A00 */  sll     $t3, $t2,  8               
/* 02A38 80B2F128 030B6825 */  or      $t5, $t8, $t3              ## $t5 = DE000000
/* 02A3C 80B2F12C 01AC7825 */  or      $t7, $t5, $t4              ## $t7 = DE000000
/* 02A40 80B2F130 AC6F000C */  sw      $t7, 0x000C($v1)           ## 0000000C
/* 02A44 80B2F134 3C19DB06 */  lui     $t9, 0xDB06                ## $t9 = DB060000
/* 02A48 80B2F138 3C0A801B */  lui     $t2, 0x801B                ## $t2 = 801B0000
/* 02A4C 80B2F13C 254AEFA0 */  addiu   $t2, $t2, 0xEFA0           ## $t2 = 801AEFA0
/* 02A50 80B2F140 37390020 */  ori     $t9, $t9, 0x0020           ## $t9 = DB060020
/* 02A54 80B2F144 AC790010 */  sw      $t9, 0x0010($v1)           ## 00000010
/* 02A58 80B2F148 AC6A0014 */  sw      $t2, 0x0014($v1)           ## 00000014
/* 02A5C 80B2F14C 8E050148 */  lw      $a1, 0x0148($s0)           ## 00000148
/* 02A60 80B2F150 8E060164 */  lw      $a2, 0x0164($s0)           ## 00000164
/* 02A64 80B2F154 3C1880B3 */  lui     $t8, %hi(func_80B2EDD0)    ## $t8 = 80B30000
/* 02A68 80B2F158 2718EDD0 */  addiu   $t8, $t8, %lo(func_80B2EDD0) ## $t8 = 80B2EDD0
/* 02A6C 80B2F15C 3C0780B3 */  lui     $a3, %hi(func_80B2ED14)    ## $a3 = 80B30000
/* 02A70 80B2F160 246B0018 */  addiu   $t3, $v1, 0x0018           ## $t3 = 00000018
/* 02A74 80B2F164 AFAB0018 */  sw      $t3, 0x0018($sp)           
/* 02A78 80B2F168 24E7ED14 */  addiu   $a3, $a3, %lo(func_80B2ED14) ## $a3 = 80B2ED14
/* 02A7C 80B2F16C AFB80010 */  sw      $t8, 0x0010($sp)           
/* 02A80 80B2F170 AFA90064 */  sw      $t1, 0x0064($sp)           
/* 02A84 80B2F174 AFB00014 */  sw      $s0, 0x0014($sp)           
/* 02A88 80B2F178 0C04D264 */  jal     func_80134990              
/* 02A8C 80B2F17C 8FA40074 */  lw      $a0, 0x0074($sp)           
/* 02A90 80B2F180 8FA90064 */  lw      $t1, 0x0064($sp)           
/* 02A94 80B2F184 00401825 */  or      $v1, $v0, $zero            ## $v1 = 00000000
/* 02A98 80B2F188 10000029 */  beq     $zero, $zero, .L80B2F230   
/* 02A9C 80B2F18C AD2202B0 */  sw      $v0, 0x02B0($t1)           ## 000002B0
.L80B2F190:
/* 02AA0 80B2F190 8D2302C0 */  lw      $v1, 0x02C0($t1)           ## 000002C0
/* 02AA4 80B2F194 3C08801C */  lui     $t0, 0x801C                ## $t0 = 801C0000
/* 02AA8 80B2F198 250813A0 */  addiu   $t0, $t0, 0x13A0           ## $t0 = 801C13A0
/* 02AAC 80B2F19C AC680004 */  sw      $t0, 0x0004($v1)           ## 00000004
/* 02AB0 80B2F1A0 AC6E0000 */  sw      $t6, 0x0000($v1)           ## 00000000
/* 02AB4 80B2F1A4 3C0DFB00 */  lui     $t5, 0xFB00                ## $t5 = FB000000
/* 02AB8 80B2F1A8 AC6D0008 */  sw      $t5, 0x0008($v1)           ## 00000008
/* 02ABC 80B2F1AC 920F0197 */  lbu     $t7, 0x0197($s0)           ## 00000197
/* 02AC0 80B2F1B0 2401FF00 */  addiu   $at, $zero, 0xFF00         ## $at = FFFFFF00
/* 02AC4 80B2F1B4 3C0ADB06 */  lui     $t2, 0xDB06                ## $t2 = DB060000
/* 02AC8 80B2F1B8 01E1C825 */  or      $t9, $t7, $at              ## $t9 = FFFFFF00
/* 02ACC 80B2F1BC AC79000C */  sw      $t9, 0x000C($v1)           ## 0000000C
/* 02AD0 80B2F1C0 3C18801B */  lui     $t8, 0x801B                ## $t8 = 801B0000
/* 02AD4 80B2F1C4 2718EF88 */  addiu   $t8, $t8, 0xEF88           ## $t8 = 801AEF88
/* 02AD8 80B2F1C8 354A0020 */  ori     $t2, $t2, 0x0020           ## $t2 = DB060020
/* 02ADC 80B2F1CC AC6A0010 */  sw      $t2, 0x0010($v1)           ## 00000010
/* 02AE0 80B2F1D0 AC780014 */  sw      $t8, 0x0014($v1)           ## 00000014
/* 02AE4 80B2F1D4 8E050148 */  lw      $a1, 0x0148($s0)           ## 00000148
/* 02AE8 80B2F1D8 8E060164 */  lw      $a2, 0x0164($s0)           ## 00000164
/* 02AEC 80B2F1DC 3C0B80B3 */  lui     $t3, %hi(func_80B2EDD0)    ## $t3 = 80B30000
/* 02AF0 80B2F1E0 256BEDD0 */  addiu   $t3, $t3, %lo(func_80B2EDD0) ## $t3 = 80B2EDD0
/* 02AF4 80B2F1E4 3C0780B3 */  lui     $a3, %hi(func_80B2ED14)    ## $a3 = 80B30000
/* 02AF8 80B2F1E8 246E0018 */  addiu   $t6, $v1, 0x0018           ## $t6 = 00000018
/* 02AFC 80B2F1EC AFAE0018 */  sw      $t6, 0x0018($sp)           
/* 02B00 80B2F1F0 24E7ED14 */  addiu   $a3, $a3, %lo(func_80B2ED14) ## $a3 = 80B2ED14
/* 02B04 80B2F1F4 AFAB0010 */  sw      $t3, 0x0010($sp)           
/* 02B08 80B2F1F8 AFA90064 */  sw      $t1, 0x0064($sp)           
/* 02B0C 80B2F1FC AFA80030 */  sw      $t0, 0x0030($sp)           
/* 02B10 80B2F200 AFB00014 */  sw      $s0, 0x0014($sp)           
/* 02B14 80B2F204 0C04D264 */  jal     func_80134990              
/* 02B18 80B2F208 8FA40074 */  lw      $a0, 0x0074($sp)           
/* 02B1C 80B2F20C 8FA90064 */  lw      $t1, 0x0064($sp)           
/* 02B20 80B2F210 8FA80030 */  lw      $t0, 0x0030($sp)           
/* 02B24 80B2F214 3C0DDE00 */  lui     $t5, 0xDE00                ## $t5 = DE000000
/* 02B28 80B2F218 AD2202C0 */  sw      $v0, 0x02C0($t1)           ## 000002C0
/* 02B2C 80B2F21C 8D2302B0 */  lw      $v1, 0x02B0($t1)           ## 000002B0
/* 02B30 80B2F220 00601025 */  or      $v0, $v1, $zero            ## $v0 = 00000000
/* 02B34 80B2F224 AC4D0000 */  sw      $t5, 0x0000($v0)           ## 00000000
/* 02B38 80B2F228 AC480004 */  sw      $t0, 0x0004($v0)           ## 00000004
/* 02B3C 80B2F22C 24630008 */  addiu   $v1, $v1, 0x0008           ## $v1 = 00000008
.L80B2F230:
/* 02B40 80B2F230 3C0CE700 */  lui     $t4, 0xE700                ## $t4 = E7000000
/* 02B44 80B2F234 AC6C0000 */  sw      $t4, 0x0000($v1)           ## 00000008
/* 02B48 80B2F238 AC600004 */  sw      $zero, 0x0004($v1)         ## 0000000C
/* 02B4C 80B2F23C 3C0FFB00 */  lui     $t7, 0xFB00                ## $t7 = FB000000
/* 02B50 80B2F240 AC6F0008 */  sw      $t7, 0x0008($v1)           ## 00000010
/* 02B54 80B2F244 920A0198 */  lbu     $t2, 0x0198($s0)           ## 00000198
/* 02B58 80B2F248 920E0199 */  lbu     $t6, 0x0199($s0)           ## 00000199
/* 02B5C 80B2F24C 9219019A */  lbu     $t9, 0x019A($s0)           ## 0000019A
/* 02B60 80B2F250 000AC600 */  sll     $t8, $t2, 24               
/* 02B64 80B2F254 000E6C00 */  sll     $t5, $t6, 16               
/* 02B68 80B2F258 030D6025 */  or      $t4, $t8, $t5              ## $t4 = DE000000
/* 02B6C 80B2F25C 00195200 */  sll     $t2, $t9,  8               
/* 02B70 80B2F260 018A5825 */  or      $t3, $t4, $t2              ## $t3 = DE000000
/* 02B74 80B2F264 356E00FF */  ori     $t6, $t3, 0x00FF           ## $t6 = DE0000FF
/* 02B78 80B2F268 AC6E000C */  sw      $t6, 0x000C($v1)           ## 00000014
/* 02B7C 80B2F26C 260403D8 */  addiu   $a0, $s0, 0x03D8           ## $a0 = 000003D8
/* 02B80 80B2F270 AFA30068 */  sw      $v1, 0x0068($sp)           
/* 02B84 80B2F274 0C060083 */  jal     func_8018020C              
/* 02B88 80B2F278 AFA90064 */  sw      $t1, 0x0064($sp)           
/* 02B8C 80B2F27C 8FA30068 */  lw      $v1, 0x0068($sp)           
/* 02B90 80B2F280 8FA90064 */  lw      $t1, 0x0064($sp)           
/* 02B94 80B2F284 3C18DA38 */  lui     $t8, 0xDA38                ## $t8 = DA380000
/* 02B98 80B2F288 37180003 */  ori     $t8, $t8, 0x0003           ## $t8 = DA380003
/* 02B9C 80B2F28C AC780010 */  sw      $t8, 0x0010($v1)           ## 00000010
/* 02BA0 80B2F290 8FAD0074 */  lw      $t5, 0x0074($sp)           
/* 02BA4 80B2F294 8DA40000 */  lw      $a0, 0x0000($t5)           ## 00000000
/* 02BA8 80B2F298 AFA90064 */  sw      $t1, 0x0064($sp)           
/* 02BAC 80B2F29C 0C060690 */  jal     func_80181A40              
/* 02BB0 80B2F2A0 AFA30068 */  sw      $v1, 0x0068($sp)           
/* 02BB4 80B2F2A4 8FA30068 */  lw      $v1, 0x0068($sp)           
/* 02BB8 80B2F2A8 8FA90064 */  lw      $t1, 0x0064($sp)           
/* 02BBC 80B2F2AC 3C0FDE00 */  lui     $t7, 0xDE00                ## $t7 = DE000000
/* 02BC0 80B2F2B0 AC620014 */  sw      $v0, 0x0014($v1)           ## 00000014
/* 02BC4 80B2F2B4 3C190600 */  lui     $t9, 0x0600                ## $t9 = 06000000
/* 02BC8 80B2F2B8 27392D28 */  addiu   $t9, $t9, 0x2D28           ## $t9 = 06002D28
/* 02BCC 80B2F2BC AC79001C */  sw      $t9, 0x001C($v1)           ## 0000001C
/* 02BD0 80B2F2C0 AC6F0018 */  sw      $t7, 0x0018($v1)           ## 00000018
/* 02BD4 80B2F2C4 246C0020 */  addiu   $t4, $v1, 0x0020           ## $t4 = 00000020
/* 02BD8 80B2F2C8 AD2C02B0 */  sw      $t4, 0x02B0($t1)           ## 000002B0
/* 02BDC 80B2F2CC 3C0142C8 */  lui     $at, 0x42C8                ## $at = 42C80000
/* 02BE0 80B2F2D0 44813000 */  mtc1    $at, $f6                   ## $f6 = 100.00
/* 02BE4 80B2F2D4 C6040058 */  lwc1    $f4, 0x0058($s0)           ## 00000058
/* 02BE8 80B2F2D8 C60A029C */  lwc1    $f10, 0x029C($s0)          ## 0000029C
/* 02BEC 80B2F2DC 44809000 */  mtc1    $zero, $f18                ## $f18 = 0.00
/* 02BF0 80B2F2E0 46062202 */  mul.s   $f8, $f4, $f6              
/* 02BF4 80B2F2E4 240A0014 */  addiu   $t2, $zero, 0x0014         ## $t2 = 00000014
/* 02BF8 80B2F2E8 E7B20014 */  swc1    $f18, 0x0014($sp)          
/* 02BFC 80B2F2EC 8FA40074 */  lw      $a0, 0x0074($sp)           
/* 02C00 80B2F2F0 02002825 */  or      $a1, $s0, $zero            ## $a1 = 00000000
/* 02C04 80B2F2F4 260602A0 */  addiu   $a2, $s0, 0x02A0           ## $a2 = 000002A0
/* 02C08 80B2F2F8 2407000A */  addiu   $a3, $zero, 0x000A         ## $a3 = 0000000A
/* 02C0C 80B2F2FC 460A4402 */  mul.s   $f16, $f8, $f10            
/* 02C10 80B2F300 E7B00010 */  swc1    $f16, 0x0010($sp)          
/* 02C14 80B2F304 C6040298 */  lwc1    $f4, 0x0298($s0)           ## 00000298
/* 02C18 80B2F308 AFAA001C */  sw      $t2, 0x001C($sp)           
/* 02C1C 80B2F30C 0C02F9A0 */  jal     func_800BE680              
/* 02C20 80B2F310 E7A40018 */  swc1    $f4, 0x0018($sp)           
/* 02C24 80B2F314 8FBF002C */  lw      $ra, 0x002C($sp)           
/* 02C28 80B2F318 8FB00028 */  lw      $s0, 0x0028($sp)           
/* 02C2C 80B2F31C 27BD0070 */  addiu   $sp, $sp, 0x0070           ## $sp = 00000000
/* 02C30 80B2F320 03E00008 */  jr      $ra                        
/* 02C34 80B2F324 00000000 */  nop


glabel func_80B2F328
/* 02C38 80B2F328 27BDFFE8 */  addiu   $sp, $sp, 0xFFE8           ## $sp = FFFFFFE8
/* 02C3C 80B2F32C AFBF0014 */  sw      $ra, 0x0014($sp)           
/* 02C40 80B2F330 AFA40018 */  sw      $a0, 0x0018($sp)           
/* 02C44 80B2F334 8C990188 */  lw      $t9, 0x0188($a0)           ## 00000188
/* 02C48 80B2F338 0320F809 */  jalr    $ra, $t9                   
/* 02C4C 80B2F33C 00000000 */  nop
/* 02C50 80B2F340 8FA40018 */  lw      $a0, 0x0018($sp)           
/* 02C54 80B2F344 3C0E80B3 */  lui     $t6, %hi(func_80B2DD2C)    ## $t6 = 80B30000
/* 02C58 80B2F348 25CEDD2C */  addiu   $t6, $t6, %lo(func_80B2DD2C) ## $t6 = 80B2DD2C
/* 02C5C 80B2F34C 8C8F0188 */  lw      $t7, 0x0188($a0)           ## 00000188
/* 02C60 80B2F350 11CF0004 */  beq     $t6, $t7, .L80B2F364       
/* 02C64 80B2F354 00000000 */  nop
/* 02C68 80B2F358 84980190 */  lh      $t8, 0x0190($a0)           ## 00000190
/* 02C6C 80B2F35C 27080001 */  addiu   $t0, $t8, 0x0001           ## $t0 = 00000001
/* 02C70 80B2F360 A4880190 */  sh      $t0, 0x0190($a0)           ## 00000190
.L80B2F364:
/* 02C74 80B2F364 0C2CBA38 */  jal     func_80B2E8E0              
/* 02C78 80B2F368 00000000 */  nop
/* 02C7C 80B2F36C 8FBF0014 */  lw      $ra, 0x0014($sp)           
/* 02C80 80B2F370 27BD0018 */  addiu   $sp, $sp, 0x0018           ## $sp = 00000000
/* 02C84 80B2F374 03E00008 */  jr      $ra                        
/* 02C88 80B2F378 00000000 */  nop


glabel func_80B2F37C
/* 02C8C 80B2F37C 27BDFF70 */  addiu   $sp, $sp, 0xFF70           ## $sp = FFFFFF70
/* 02C90 80B2F380 AFB00034 */  sw      $s0, 0x0034($sp)           
/* 02C94 80B2F384 00808025 */  or      $s0, $a0, $zero            ## $s0 = 00000000
/* 02C98 80B2F388 AFBF003C */  sw      $ra, 0x003C($sp)           
/* 02C9C 80B2F38C AFB10038 */  sw      $s1, 0x0038($sp)           
/* 02CA0 80B2F390 AFA50094 */  sw      $a1, 0x0094($sp)           
/* 02CA4 80B2F394 8FAE0094 */  lw      $t6, 0x0094($sp)           
/* 02CA8 80B2F398 8E180188 */  lw      $t8, 0x0188($s0)           ## 00000188
/* 02CAC 80B2F39C 3C0F80B3 */  lui     $t7, %hi(func_80B2DD2C)    ## $t7 = 80B30000
/* 02CB0 80B2F3A0 8DC60000 */  lw      $a2, 0x0000($t6)           ## 00000000
/* 02CB4 80B2F3A4 25EFDD2C */  addiu   $t7, $t7, %lo(func_80B2DD2C) ## $t7 = 80B2DD2C
/* 02CB8 80B2F3A8 15F80048 */  bne     $t7, $t8, .L80B2F4CC       
/* 02CBC 80B2F3AC 00C08825 */  or      $s1, $a2, $zero            ## $s1 = 00000000
/* 02CC0 80B2F3B0 8E2302B0 */  lw      $v1, 0x02B0($s1)           ## 000002B0
/* 02CC4 80B2F3B4 3C08801C */  lui     $t0, 0x801C                ## $t0 = 801C0000
/* 02CC8 80B2F3B8 250813A0 */  addiu   $t0, $t0, 0x13A0           ## $t0 = 801C13A0
/* 02CCC 80B2F3BC 3C19DE00 */  lui     $t9, 0xDE00                ## $t9 = DE000000
/* 02CD0 80B2F3C0 AC790000 */  sw      $t9, 0x0000($v1)           ## 00000000
/* 02CD4 80B2F3C4 AC680004 */  sw      $t0, 0x0004($v1)           ## 00000004
/* 02CD8 80B2F3C8 3C09FB00 */  lui     $t1, 0xFB00                ## $t1 = FB000000
/* 02CDC 80B2F3CC AC690008 */  sw      $t1, 0x0008($v1)           ## 00000008
/* 02CE0 80B2F3D0 920E0199 */  lbu     $t6, 0x0199($s0)           ## 00000199
/* 02CE4 80B2F3D4 920B0198 */  lbu     $t3, 0x0198($s0)           ## 00000198
/* 02CE8 80B2F3D8 9208019A */  lbu     $t0, 0x019A($s0)           ## 0000019A
/* 02CEC 80B2F3DC 000E7C00 */  sll     $t7, $t6, 16               
/* 02CF0 80B2F3E0 000B6600 */  sll     $t4, $t3, 24               
/* 02CF4 80B2F3E4 018FC025 */  or      $t8, $t4, $t7              ## $t8 = 80B2DD2C
/* 02CF8 80B2F3E8 00084A00 */  sll     $t1, $t0,  8               
/* 02CFC 80B2F3EC 03095025 */  or      $t2, $t8, $t1              ## $t2 = FBB2DD2C
/* 02D00 80B2F3F0 354B00FF */  ori     $t3, $t2, 0x00FF           ## $t3 = FBB2DDFF
/* 02D04 80B2F3F4 AC6B000C */  sw      $t3, 0x000C($v1)           ## 0000000C
/* 02D08 80B2F3F8 27A4007C */  addiu   $a0, $sp, 0x007C           ## $a0 = FFFFFFEC
/* 02D0C 80B2F3FC 8FA50094 */  lw      $a1, 0x0094($sp)           
/* 02D10 80B2F400 0C2CB244 */  jal     func_80B2C910              
/* 02D14 80B2F404 AFA30078 */  sw      $v1, 0x0078($sp)           
/* 02D18 80B2F408 C6120024 */  lwc1    $f18, 0x0024($s0)          ## 00000024
/* 02D1C 80B2F40C C7B0007C */  lwc1    $f16, 0x007C($sp)          
/* 02D20 80B2F410 C60E0028 */  lwc1    $f14, 0x0028($s0)          ## 00000028
/* 02D24 80B2F414 C7AC0080 */  lwc1    $f12, 0x0080($sp)          
/* 02D28 80B2F418 46109400 */  add.s   $f16, $f18, $f16           
/* 02D2C 80B2F41C C612002C */  lwc1    $f18, 0x002C($s0)          ## 0000002C
/* 02D30 80B2F420 C7AA0084 */  lwc1    $f10, 0x0084($sp)          
/* 02D34 80B2F424 460C7300 */  add.s   $f12, $f14, $f12           
/* 02D38 80B2F428 920F0198 */  lbu     $t7, 0x0198($s0)           ## 00000198
/* 02D3C 80B2F42C 241800C8 */  addiu   $t8, $zero, 0x00C8         ## $t8 = 000000C8
/* 02D40 80B2F430 460A9280 */  add.s   $f10, $f18, $f10           
/* 02D44 80B2F434 AFAF0010 */  sw      $t7, 0x0010($sp)           
/* 02D48 80B2F438 92190199 */  lbu     $t9, 0x0199($s0)           ## 00000199
/* 02D4C 80B2F43C 4600840D */  trunc.w.s $f16, $f16                 
/* 02D50 80B2F440 2604031C */  addiu   $a0, $s0, 0x031C           ## $a0 = 0000031C
/* 02D54 80B2F444 AFB90014 */  sw      $t9, 0x0014($sp)           
/* 02D58 80B2F448 4600630D */  trunc.w.s $f12, $f12                 
/* 02D5C 80B2F44C 44058000 */  mfc1    $a1, $f16                  
/* 02D60 80B2F450 9208019A */  lbu     $t0, 0x019A($s0)           ## 0000019A
/* 02D64 80B2F454 4600528D */  trunc.w.s $f10, $f10                 
/* 02D68 80B2F458 44066000 */  mfc1    $a2, $f12                  
/* 02D6C 80B2F45C 00052C00 */  sll     $a1, $a1, 16               
/* 02D70 80B2F460 00052C03 */  sra     $a1, $a1, 16               
/* 02D74 80B2F464 44075000 */  mfc1    $a3, $f10                  
/* 02D78 80B2F468 00063400 */  sll     $a2, $a2, 16               
/* 02D7C 80B2F46C 00063403 */  sra     $a2, $a2, 16               
/* 02D80 80B2F470 00073C00 */  sll     $a3, $a3, 16               
/* 02D84 80B2F474 00073C03 */  sra     $a3, $a3, 16               
/* 02D88 80B2F478 AFA80018 */  sw      $t0, 0x0018($sp)           
/* 02D8C 80B2F47C 0C040698 */  jal     func_80101A60              
/* 02D90 80B2F480 AFB8001C */  sw      $t8, 0x001C($sp)           
/* 02D94 80B2F484 8FA30078 */  lw      $v1, 0x0078($sp)           
/* 02D98 80B2F488 3C09DA38 */  lui     $t1, 0xDA38                ## $t1 = DA380000
/* 02D9C 80B2F48C 35290003 */  ori     $t1, $t1, 0x0003           ## $t1 = DA380003
/* 02DA0 80B2F490 AC690010 */  sw      $t1, 0x0010($v1)           ## 00000010
/* 02DA4 80B2F494 8FAA0094 */  lw      $t2, 0x0094($sp)           
/* 02DA8 80B2F498 8D440000 */  lw      $a0, 0x0000($t2)           ## 00000000
/* 02DAC 80B2F49C 0C060690 */  jal     func_80181A40              
/* 02DB0 80B2F4A0 AFA30078 */  sw      $v1, 0x0078($sp)           
/* 02DB4 80B2F4A4 8FA30078 */  lw      $v1, 0x0078($sp)           
/* 02DB8 80B2F4A8 3C0BDE00 */  lui     $t3, 0xDE00                ## $t3 = DE000000
/* 02DBC 80B2F4AC 3C0D0600 */  lui     $t5, 0x0600                ## $t5 = 06000000
/* 02DC0 80B2F4B0 AC620014 */  sw      $v0, 0x0014($v1)           ## 00000014
/* 02DC4 80B2F4B4 25AD2D28 */  addiu   $t5, $t5, 0x2D28           ## $t5 = 06002D28
/* 02DC8 80B2F4B8 AC6D001C */  sw      $t5, 0x001C($v1)           ## 0000001C
/* 02DCC 80B2F4BC AC6B0018 */  sw      $t3, 0x0018($v1)           ## 00000018
/* 02DD0 80B2F4C0 246E0020 */  addiu   $t6, $v1, 0x0020           ## $t6 = 00000020
/* 02DD4 80B2F4C4 1000005F */  beq     $zero, $zero, .L80B2F644   
/* 02DD8 80B2F4C8 AE2E02B0 */  sw      $t6, 0x02B0($s1)           ## 000002B0
.L80B2F4CC:
/* 02DDC 80B2F4CC 0C04B0B7 */  jal     func_8012C2DC              
/* 02DE0 80B2F4D0 00C02025 */  or      $a0, $a2, $zero            ## $a0 = 00000000
/* 02DE4 80B2F4D4 8E2202C0 */  lw      $v0, 0x02C0($s1)           ## 000002C0
/* 02DE8 80B2F4D8 3C0FDB06 */  lui     $t7, 0xDB06                ## $t7 = DB060000
/* 02DEC 80B2F4DC 35EF0020 */  ori     $t7, $t7, 0x0020           ## $t7 = DB060020
/* 02DF0 80B2F4E0 244C0008 */  addiu   $t4, $v0, 0x0008           ## $t4 = 00000008
/* 02DF4 80B2F4E4 AE2C02C0 */  sw      $t4, 0x02C0($s1)           ## 000002C0
/* 02DF8 80B2F4E8 AC4F0000 */  sw      $t7, 0x0000($v0)           ## 00000000
/* 02DFC 80B2F4EC 8FB90094 */  lw      $t9, 0x0094($sp)           
/* 02E00 80B2F4F0 24080020 */  addiu   $t0, $zero, 0x0020         ## $t0 = 00000020
/* 02E04 80B2F4F4 24180040 */  addiu   $t8, $zero, 0x0040         ## $t8 = 00000040
/* 02E08 80B2F4F8 8F240000 */  lw      $a0, 0x0000($t9)           ## 00000000
/* 02E0C 80B2F4FC 24090001 */  addiu   $t1, $zero, 0x0001         ## $t1 = 00000001
/* 02E10 80B2F500 AFA90018 */  sw      $t1, 0x0018($sp)           
/* 02E14 80B2F504 AFA0001C */  sw      $zero, 0x001C($sp)         
/* 02E18 80B2F508 AFB80014 */  sw      $t8, 0x0014($sp)           
/* 02E1C 80B2F50C AFA80010 */  sw      $t0, 0x0010($sp)           
/* 02E20 80B2F510 860A0190 */  lh      $t2, 0x0190($s0)           ## 00000190
/* 02E24 80B2F514 240C0080 */  addiu   $t4, $zero, 0x0080         ## $t4 = 00000080
/* 02E28 80B2F518 240E0020 */  addiu   $t6, $zero, 0x0020         ## $t6 = 00000020
/* 02E2C 80B2F51C 000A0823 */  subu    $at, $zero, $t2            
/* 02E30 80B2F520 000158C0 */  sll     $t3, $at,  3               
/* 02E34 80B2F524 316D01FF */  andi    $t5, $t3, 0x01FF           ## $t5 = 00000000
/* 02E38 80B2F528 AFAD0020 */  sw      $t5, 0x0020($sp)           
/* 02E3C 80B2F52C AFAE0024 */  sw      $t6, 0x0024($sp)           
/* 02E40 80B2F530 AFAC0028 */  sw      $t4, 0x0028($sp)           
/* 02E44 80B2F534 00002825 */  or      $a1, $zero, $zero          ## $a1 = 00000000
/* 02E48 80B2F538 00003025 */  or      $a2, $zero, $zero          ## $a2 = 00000000
/* 02E4C 80B2F53C 00003825 */  or      $a3, $zero, $zero          ## $a3 = 00000000
/* 02E50 80B2F540 0C04B2F4 */  jal     func_8012CBD0              
/* 02E54 80B2F544 AFA2005C */  sw      $v0, 0x005C($sp)           
/* 02E58 80B2F548 8FA3005C */  lw      $v1, 0x005C($sp)           
/* 02E5C 80B2F54C AC620004 */  sw      $v0, 0x0004($v1)           ## 00000004
/* 02E60 80B2F550 8E2202C0 */  lw      $v0, 0x02C0($s1)           ## 000002C0
/* 02E64 80B2F554 3C19FA00 */  lui     $t9, 0xFA00                ## $t9 = FA000000
/* 02E68 80B2F558 37398080 */  ori     $t9, $t9, 0x8080           ## $t9 = FA008080
/* 02E6C 80B2F55C 244F0008 */  addiu   $t7, $v0, 0x0008           ## $t7 = 00000008
/* 02E70 80B2F560 AE2F02C0 */  sw      $t7, 0x02C0($s1)           ## 000002C0
/* 02E74 80B2F564 AC590000 */  sw      $t9, 0x0000($v0)           ## 00000000
/* 02E78 80B2F568 92180197 */  lbu     $t8, 0x0197($s0)           ## 00000197
/* 02E7C 80B2F56C 3C01FFAA */  lui     $at, 0xFFAA                ## $at = FFAA0000
/* 02E80 80B2F570 3421FF00 */  ori     $at, $at, 0xFF00           ## $at = FFAAFF00
/* 02E84 80B2F574 03014825 */  or      $t1, $t8, $at              ## $t1 = FFAAFF00
/* 02E88 80B2F578 AC490004 */  sw      $t1, 0x0004($v0)           ## 00000004
/* 02E8C 80B2F57C 8E2202C0 */  lw      $v0, 0x02C0($s1)           ## 000002C0
/* 02E90 80B2F580 3C0BFB00 */  lui     $t3, 0xFB00                ## $t3 = FB000000
/* 02E94 80B2F584 244A0008 */  addiu   $t2, $v0, 0x0008           ## $t2 = 00000008
/* 02E98 80B2F588 AE2A02C0 */  sw      $t2, 0x02C0($s1)           ## 000002C0
/* 02E9C 80B2F58C AC4B0000 */  sw      $t3, 0x0000($v0)           ## 00000000
/* 02EA0 80B2F590 92190195 */  lbu     $t9, 0x0195($s0)           ## 00000195
/* 02EA4 80B2F594 920E0194 */  lbu     $t6, 0x0194($s0)           ## 00000194
/* 02EA8 80B2F598 920A0196 */  lbu     $t2, 0x0196($s0)           ## 00000196
/* 02EAC 80B2F59C 00194400 */  sll     $t0, $t9, 16               
/* 02EB0 80B2F5A0 000E6600 */  sll     $t4, $t6, 24               
/* 02EB4 80B2F5A4 0188C025 */  or      $t8, $t4, $t0              ## $t8 = 00000000
/* 02EB8 80B2F5A8 000A5A00 */  sll     $t3, $t2,  8               
/* 02EBC 80B2F5AC 030B6825 */  or      $t5, $t8, $t3              ## $t5 = FB000000
/* 02EC0 80B2F5B0 35AE00FF */  ori     $t6, $t5, 0x00FF           ## $t6 = FB0000FF
/* 02EC4 80B2F5B4 AC4E0004 */  sw      $t6, 0x0004($v0)           ## 00000004
/* 02EC8 80B2F5B8 8FAF0094 */  lw      $t7, 0x0094($sp)           
/* 02ECC 80B2F5BC 85F90810 */  lh      $t9, 0x0810($t7)           ## 00000818
/* 02ED0 80B2F5C0 00196080 */  sll     $t4, $t9,  2               
/* 02ED4 80B2F5C4 01EC4021 */  addu    $t0, $t7, $t4              
/* 02ED8 80B2F5C8 0C037F37 */  jal     func_800DFCDC              
/* 02EDC 80B2F5CC 8D040800 */  lw      $a0, 0x0800($t0)           ## 00000800
/* 02EE0 80B2F5D0 34018000 */  ori     $at, $zero, 0x8000         ## $at = 00008000
/* 02EE4 80B2F5D4 00414821 */  addu    $t1, $v0, $at              
/* 02EE8 80B2F5D8 44892000 */  mtc1    $t1, $f4                   ## $f4 = 0.00
/* 02EEC 80B2F5DC 3C0180B3 */  lui     $at, %hi(D_80B2F7B0)       ## $at = 80B30000
/* 02EF0 80B2F5E0 C428F7B0 */  lwc1    $f8, %lo(D_80B2F7B0)($at)  
/* 02EF4 80B2F5E4 468021A0 */  cvt.s.w $f6, $f4                   
/* 02EF8 80B2F5E8 24050001 */  addiu   $a1, $zero, 0x0001         ## $a1 = 00000001
/* 02EFC 80B2F5EC 46083302 */  mul.s   $f12, $f6, $f8             
/* 02F00 80B2F5F0 0C0602D2 */  jal     func_80180B48              
/* 02F04 80B2F5F4 00000000 */  nop
/* 02F08 80B2F5F8 8E2202C0 */  lw      $v0, 0x02C0($s1)           ## 000002C0
/* 02F0C 80B2F5FC 3C18DA38 */  lui     $t8, 0xDA38                ## $t8 = DA380000
/* 02F10 80B2F600 37180003 */  ori     $t8, $t8, 0x0003           ## $t8 = DA380003
/* 02F14 80B2F604 244A0008 */  addiu   $t2, $v0, 0x0008           ## $t2 = 00000008
/* 02F18 80B2F608 AE2A02C0 */  sw      $t2, 0x02C0($s1)           ## 000002C0
/* 02F1C 80B2F60C AC580000 */  sw      $t8, 0x0000($v0)           ## 00000000
/* 02F20 80B2F610 8FAB0094 */  lw      $t3, 0x0094($sp)           
/* 02F24 80B2F614 00408025 */  or      $s0, $v0, $zero            ## $s0 = 00000000
/* 02F28 80B2F618 0C060690 */  jal     func_80181A40              
/* 02F2C 80B2F61C 8D640000 */  lw      $a0, 0x0000($t3)           ## 00000000
/* 02F30 80B2F620 AE020004 */  sw      $v0, 0x0004($s0)           ## 00000004
/* 02F34 80B2F624 8E2202C0 */  lw      $v0, 0x02C0($s1)           ## 000002C0
/* 02F38 80B2F628 3C190600 */  lui     $t9, 0x0600                ## $t9 = 06000000
/* 02F3C 80B2F62C 27393850 */  addiu   $t9, $t9, 0x3850           ## $t9 = 06003850
/* 02F40 80B2F630 244D0008 */  addiu   $t5, $v0, 0x0008           ## $t5 = 00000008
/* 02F44 80B2F634 AE2D02C0 */  sw      $t5, 0x02C0($s1)           ## 000002C0
/* 02F48 80B2F638 3C0EDE00 */  lui     $t6, 0xDE00                ## $t6 = DE000000
/* 02F4C 80B2F63C AC4E0000 */  sw      $t6, 0x0000($v0)           ## 00000000
/* 02F50 80B2F640 AC590004 */  sw      $t9, 0x0004($v0)           ## 00000004
.L80B2F644:
/* 02F54 80B2F644 8FBF003C */  lw      $ra, 0x003C($sp)           
/* 02F58 80B2F648 8FB00034 */  lw      $s0, 0x0034($sp)           
/* 02F5C 80B2F64C 8FB10038 */  lw      $s1, 0x0038($sp)           
/* 02F60 80B2F650 03E00008 */  jr      $ra                        
/* 02F64 80B2F654 27BD0090 */  addiu   $sp, $sp, 0x0090           ## $sp = 00000000
/* 02F68 80B2F658 00000000 */  nop
/* 02F6C 80B2F65C 00000000 */  nop

.section .data

D_80B2F660: .word 0x01F30500, 0x00001205, 0x01C30000, 0x00000418
.word func_80B2C6F0
.word func_80B2C8B8
.word func_80B2EACC
.word func_80B2F0A4
D_80B2F680: .word \
0x03000839, 0x10010000, 0x00000000, 0x00000000, \
0x00000000, 0xF7CBFFFE, 0x00000000, 0x00050100, \
0x00140028, 0x00140000, 0x00000000
D_80B2F6AC: .word \
0x00000000, 0xF7CFFFFF, 0x00080000, 0x00000000, \
0x00000000, 0x01000100, 0x12000000, 0x05780000, \
0x000A0064
D_80B2F6D0: .word 0x03110939, 0x10000000, 0x00000001
.word D_80B2F6AC
D_80B2F6E0: .word \
0xF0010001, 0x010100E0, 0x01010001, 0x01420101, \
0x01021000, 0x00000101, 0x01000000, 0x00000001
D_80B2F700: .word 0x03000019, 0x00323200
D_80B2F708: .word 0x891F0044, 0x30540C80
D_80B2F710: .word 0x00000000, 0x40400000, 0x00000000
D_80B2F71C: .word \
0xFFFFFFFF, 0x0405FFFF, 0xFF0001FF, 0xFFFFFFFF, \
0x02FFFF03, 0xFF000000
D_80B2F734: .word \
0xC4160000, 0x43FA0000, 0x44D48000, 0xC4160000, \
0x43FA0000, 0xC4D48000, 0x447A0000, 0x44D48000, \
0x00000000, 0x00000000, 0x00000000

.section .rodata

D_80B2F760: .word 0x3DCCCCCD
D_80B2F764: .word 0x3D4CCCCD
D_80B2F768: .word 0x3A83126F
D_80B2F76C: .word 0x44BB8000
D_80B2F770: .word 0x3BE56042
D_80B2F774: .word 0x3B808081
D_80B2F778: .word 0x3BB78035
D_80B2F77C: .word 0x3AB78035
D_80B2F780: .word 0x37E64689
D_80B2F784: .word 0x3D70F0F1
D_80B2F788: .word 0x3F48C8C9
D_80B2F78C: .word 0x3F48C8C9
D_80B2F790: .word 0x3EE66666
D_80B2F794: .word 0x418547AE
D_80B2F798: .word 0x41855555
D_80B2F79C: .word 0x3B808081
D_80B2F7A0: .word 0x3EE66666
D_80B2F7A4: .word 0x3E666666
D_80B2F7A8: .word 0x3C23D70A
D_80B2F7AC: .word 0x3F48C8C9
D_80B2F7B0: .word 0x38C90FDB, 0x00000000, 0x00000000, 0x00000000


.section .rodata
D_80B2F7C0:
.incbin "baserom/En_Poh", 0x30D0, 0x00000350
