.include "macro.inc"

# assembler directives
.set noat      # allow manual use of $at
.set noreorder # don't insert nops after branches
.set gp=64     # allow use of 64-bit general purpose registers

.section .text
glabel func_80A73FA0
/* 00000 80A73FA0 27BDFFC0 */  addiu   $sp, $sp, 0xFFC0           ## $sp = FFFFFFC0
/* 00004 80A73FA4 AFB00028 */  sw      $s0, 0x0028($sp)           
/* 00008 80A73FA8 00808025 */  or      $s0, $a0, $zero            ## $s0 = 00000000
/* 0000C 80A73FAC AFBF002C */  sw      $ra, 0x002C($sp)           
/* 00010 80A73FB0 AFA50044 */  sw      $a1, 0x0044($sp)           
/* 00014 80A73FB4 3C0880A7 */  lui     $t0, %hi(D_80A75BC0)       ## $t0 = 80A70000
/* 00018 80A73FB8 240E0003 */  addiu   $t6, $zero, 0x0003         ## $t6 = 00000003
/* 0001C 80A73FBC 240F005B */  addiu   $t7, $zero, 0x005B         ## $t7 = 0000005B
/* 00020 80A73FC0 241800FF */  addiu   $t8, $zero, 0x00FF         ## $t8 = 000000FF
/* 00024 80A73FC4 24190001 */  addiu   $t9, $zero, 0x0001         ## $t9 = 00000001
/* 00028 80A73FC8 25085BC0 */  addiu   $t0, $t0, %lo(D_80A75BC0)  ## $t0 = 80A75BC0
/* 0002C 80A73FCC A20E001F */  sb      $t6, 0x001F($s0)           ## 0000001F
/* 00030 80A73FD0 A20F011F */  sb      $t7, 0x011F($s0)           ## 0000011F
/* 00034 80A73FD4 A61801EC */  sh      $t8, 0x01EC($s0)           ## 000001EC
/* 00038 80A73FD8 A21900B7 */  sb      $t9, 0x00B7($s0)           ## 000000B7
/* 0003C 80A73FDC AE0800A0 */  sw      $t0, 0x00A0($s0)           ## 000000A0
/* 00040 80A73FE0 3C060600 */  lui     $a2, 0x0600                ## $a2 = 06000000
/* 00044 80A73FE4 3C070600 */  lui     $a3, 0x0600                ## $a3 = 06000000
/* 00048 80A73FE8 26090188 */  addiu   $t1, $s0, 0x0188           ## $t1 = 00000188
/* 0004C 80A73FEC 260A01A6 */  addiu   $t2, $s0, 0x01A6           ## $t2 = 000001A6
/* 00050 80A73FF0 240B0005 */  addiu   $t3, $zero, 0x0005         ## $t3 = 00000005
/* 00054 80A73FF4 AFAB0018 */  sw      $t3, 0x0018($sp)           
/* 00058 80A73FF8 AFAA0014 */  sw      $t2, 0x0014($sp)           
/* 0005C 80A73FFC AFA90010 */  sw      $t1, 0x0010($sp)           
/* 00060 80A74000 24E74340 */  addiu   $a3, $a3, 0x4340           ## $a3 = 06004340
/* 00064 80A74004 24C64188 */  addiu   $a2, $a2, 0x4188           ## $a2 = 06004188
/* 00068 80A74008 8FA40044 */  lw      $a0, 0x0044($sp)           
/* 0006C 80A7400C 0C04DACC */  jal     func_80136B30              
/* 00070 80A74010 26050144 */  addiu   $a1, $s0, 0x0144           ## $a1 = 00000144
/* 00074 80A74014 860C001C */  lh      $t4, 0x001C($s0)           ## 0000001C
/* 00078 80A74018 240E000A */  addiu   $t6, $zero, 0x000A         ## $t6 = 0000000A
/* 0007C 80A7401C A20E00B6 */  sb      $t6, 0x00B6($s0)           ## 000000B6
/* 00080 80A74020 318D000F */  andi    $t5, $t4, 0x000F           ## $t5 = 00000000
/* 00084 80A74024 A60D01E0 */  sh      $t5, 0x01E0($s0)           ## 000001E0
/* 00088 80A74028 26040228 */  addiu   $a0, $s0, 0x0228           ## $a0 = 00000228
/* 0008C 80A7402C 0C03FD43 */  jal     func_800FF50C              
/* 00090 80A74030 26050008 */  addiu   $a1, $s0, 0x0008           ## $a1 = 00000008
/* 00094 80A74034 860201E0 */  lh      $v0, 0x01E0($s0)           ## 000001E0
/* 00098 80A74038 24010002 */  addiu   $at, $zero, 0x0002         ## $at = 00000002
/* 0009C 80A7403C 240800FF */  addiu   $t0, $zero, 0x00FF         ## $t0 = 000000FF
/* 000A0 80A74040 1441000B */  bne     $v0, $at, .L80A74070       
/* 000A4 80A74044 260400BC */  addiu   $a0, $s0, 0x00BC           ## $a0 = 000000BC
/* 000A8 80A74048 860F001C */  lh      $t7, 0x001C($s0)           ## 0000001C
/* 000AC 80A7404C 3C0141A0 */  lui     $at, 0x41A0                ## $at = 41A00000
/* 000B0 80A74050 44814000 */  mtc1    $at, $f8                   ## $f8 = 20.00
/* 000B4 80A74054 000FC103 */  sra     $t8, $t7,  4               
/* 000B8 80A74058 331900FF */  andi    $t9, $t8, 0x00FF           ## $t9 = 00000000
/* 000BC 80A7405C 44992000 */  mtc1    $t9, $f4                   ## $f4 = 0.00
/* 000C0 80A74060 860201E0 */  lh      $v0, 0x01E0($s0)           ## 000001E0
/* 000C4 80A74064 468021A0 */  cvt.s.w $f6, $f4                   
/* 000C8 80A74068 46083282 */  mul.s   $f10, $f6, $f8             
/* 000CC 80A7406C E60A0208 */  swc1    $f10, 0x0208($s0)          ## 00000208
.L80A74070:
/* 000D0 80A74070 3C0143FA */  lui     $at, 0x43FA                ## $at = 43FA0000
/* 000D4 80A74074 44818000 */  mtc1    $at, $f16                  ## $f16 = 500.00
/* 000D8 80A74078 3C014140 */  lui     $at, 0x4140                ## $at = 41400000
/* 000DC 80A7407C 44819000 */  mtc1    $at, $f18                  ## $f18 = 12.00
/* 000E0 80A74080 2841000A */  slti    $at, $v0, 0x000A           
/* 000E4 80A74084 A60801F4 */  sh      $t0, 0x01F4($s0)           ## 000001F4
/* 000E8 80A74088 E61000C4 */  swc1    $f16, 0x00C4($s0)          ## 000000C4
/* 000EC 80A7408C 1020004D */  beq     $at, $zero, .L80A741C4     
/* 000F0 80A74090 E61200CC */  swc1    $f18, 0x00CC($s0)          ## 000000CC
/* 000F4 80A74094 3C06800B */  lui     $a2, 0x800B                ## $a2 = 800B0000
/* 000F8 80A74098 24C63FC0 */  addiu   $a2, $a2, 0x3FC0           ## $a2 = 800B3FC0
/* 000FC 80A7409C 24050000 */  addiu   $a1, $zero, 0x0000         ## $a1 = 00000000
/* 00100 80A740A0 0C02CEE9 */  jal     func_800B3BA4              
/* 00104 80A740A4 3C074198 */  lui     $a3, 0x4198                ## $a3 = 41980000
/* 00108 80A740A8 3C0780A7 */  lui     $a3, %hi(D_80A75BE0)       ## $a3 = 80A70000
/* 0010C 80A740AC 24E75BE0 */  addiu   $a3, $a3, %lo(D_80A75BE0)  ## $a3 = 80A75BE0
/* 00110 80A740B0 8FA40044 */  lw      $a0, 0x0044($sp)           
/* 00114 80A740B4 2605027C */  addiu   $a1, $s0, 0x027C           ## $a1 = 0000027C
/* 00118 80A740B8 0C0384DD */  jal     func_800E1374              
/* 0011C 80A740BC 02003025 */  or      $a2, $s0, $zero            ## $a2 = 00000000
/* 00120 80A740C0 8E030120 */  lw      $v1, 0x0120($s0)           ## 00000120
/* 00124 80A740C4 44802000 */  mtc1    $zero, $f4                 ## $f4 = 0.00
/* 00128 80A740C8 2409FFFF */  addiu   $t1, $zero, 0xFFFF         ## $t1 = FFFFFFFF
/* 0012C 80A740CC AE090218 */  sw      $t1, 0x0218($s0)           ## 00000218
/* 00130 80A740D0 1060000A */  beq     $v1, $zero, .L80A740FC     
/* 00134 80A740D4 E6040204 */  swc1    $f4, 0x0204($s0)           ## 00000204
/* 00138 80A740D8 8C6A0138 */  lw      $t2, 0x0138($v1)           ## 00000138
/* 0013C 80A740DC 5140000D */  beql    $t2, $zero, .L80A74114     
/* 00140 80A740E0 860D01E0 */  lh      $t5, 0x01E0($s0)           ## 000001E0
/* 00144 80A740E4 84630032 */  lh      $v1, 0x0032($v1)           ## 00000032
/* 00148 80A740E8 10600009 */  beq     $v1, $zero, .L80A74110     
/* 0014C 80A740EC 246BFFFF */  addiu   $t3, $v1, 0xFFFF           ## $t3 = FFFFFFFF
/* 00150 80A740F0 AE0B0218 */  sw      $t3, 0x0218($s0)           ## 00000218
/* 00154 80A740F4 10000007 */  beq     $zero, $zero, .L80A74114   
/* 00158 80A740F8 860D01E0 */  lh      $t5, 0x01E0($s0)           ## 000001E0
.L80A740FC:
/* 0015C 80A740FC 86020034 */  lh      $v0, 0x0034($s0)           ## 00000034
/* 00160 80A74100 10400003 */  beq     $v0, $zero, .L80A74110     
/* 00164 80A74104 244CFFFF */  addiu   $t4, $v0, 0xFFFF           ## $t4 = FFFFFFFF
/* 00168 80A74108 AE0C0218 */  sw      $t4, 0x0218($s0)           ## 00000218
/* 0016C 80A7410C A6000034 */  sh      $zero, 0x0034($s0)         ## 00000034
.L80A74110:
/* 00170 80A74110 860D01E0 */  lh      $t5, 0x01E0($s0)           ## 000001E0
.L80A74114:
/* 00174 80A74114 24010003 */  addiu   $at, $zero, 0x0003         ## $at = 00000003
/* 00178 80A74118 15A10026 */  bne     $t5, $at, .L80A741B4       
/* 0017C 80A7411C 00000000 */  nop
/* 00180 80A74120 8E030120 */  lw      $v1, 0x0120($s0)           ## 00000120
/* 00184 80A74124 1060001F */  beq     $v1, $zero, .L80A741A4     
/* 00188 80A74128 00000000 */  nop
/* 0018C 80A7412C 8C6E0138 */  lw      $t6, 0x0138($v1)           ## 00000138
/* 00190 80A74130 11C00018 */  beq     $t6, $zero, .L80A74194     
/* 00194 80A74134 00000000 */  nop
/* 00198 80A74138 846F015A */  lh      $t7, 0x015A($v1)           ## 0000015A
/* 0019C 80A7413C 2406003F */  addiu   $a2, $zero, 0x003F         ## $a2 = 0000003F
/* 001A0 80A74140 A60F01C8 */  sh      $t7, 0x01C8($s0)           ## 000001C8
/* 001A4 80A74144 860501C8 */  lh      $a1, 0x01C8($s0)           ## 000001C8
/* 001A8 80A74148 AFA30034 */  sw      $v1, 0x0034($sp)           
/* 001AC 80A7414C 0C04F592 */  jal     func_8013D648              
/* 001B0 80A74150 8FA40044 */  lw      $a0, 0x0044($sp)           
/* 001B4 80A74154 8FA70034 */  lw      $a3, 0x0034($sp)           
/* 001B8 80A74158 AE0201CC */  sw      $v0, 0x01CC($s0)           ## 000001CC
/* 001BC 80A7415C 3C0141A0 */  lui     $at, 0x41A0                ## $at = 41A00000
/* 001C0 80A74160 84F80034 */  lh      $t8, 0x0034($a3)           ## 00000034
/* 001C4 80A74164 44810000 */  mtc1    $at, $f0                   ## $f0 = 20.00
/* 001C8 80A74168 44983000 */  mtc1    $t8, $f6                   ## $f6 = 0.00
/* 001CC 80A7416C 00000000 */  nop
/* 001D0 80A74170 46803220 */  cvt.s.w $f8, $f6                   
/* 001D4 80A74174 46004282 */  mul.s   $f10, $f8, $f0             
/* 001D8 80A74178 E60A0208 */  swc1    $f10, 0x0208($s0)          ## 00000208
/* 001DC 80A7417C C6100208 */  lwc1    $f16, 0x0208($s0)          ## 00000208
/* 001E0 80A74180 4600803C */  c.lt.s  $f16, $f0                  
/* 001E4 80A74184 00000000 */  nop
/* 001E8 80A74188 45000002 */  bc1f    .L80A74194                 
/* 001EC 80A7418C 00000000 */  nop
/* 001F0 80A74190 E6000208 */  swc1    $f0, 0x0208($s0)           ## 00000208
.L80A74194:
/* 001F4 80A74194 0C29D171 */  jal     func_80A745C4              
/* 001F8 80A74198 02002025 */  or      $a0, $s0, $zero            ## $a0 = 00000000
/* 001FC 80A7419C 1000000F */  beq     $zero, $zero, .L80A741DC   
/* 00200 80A741A0 3C0141A0 */  lui     $at, 0x41A0                ## $at = 41A00000
.L80A741A4:
/* 00204 80A741A4 0C02D9C3 */  jal     func_800B670C              
/* 00208 80A741A8 02002025 */  or      $a0, $s0, $zero            ## $a0 = 00000000
/* 0020C 80A741AC 1000001B */  beq     $zero, $zero, .L80A7421C   
/* 00210 80A741B0 8FBF002C */  lw      $ra, 0x002C($sp)           
.L80A741B4:
/* 00214 80A741B4 0C29D222 */  jal     func_80A74888              
/* 00218 80A741B8 02002025 */  or      $a0, $s0, $zero            ## $a0 = 00000000
/* 0021C 80A741BC 10000007 */  beq     $zero, $zero, .L80A741DC   
/* 00220 80A741C0 3C0141A0 */  lui     $at, 0x41A0                ## $at = 41A00000
.L80A741C4:
/* 00224 80A741C4 3C0180A7 */  lui     $at, %hi(D_80A75C60)       ## $at = 80A70000
/* 00228 80A741C8 C4325C60 */  lwc1    $f18, %lo(D_80A75C60)($at) 
/* 0022C 80A741CC 02002025 */  or      $a0, $s0, $zero            ## $a0 = 00000000
/* 00230 80A741D0 0C29D46D */  jal     func_80A751B4              
/* 00234 80A741D4 E6120204 */  swc1    $f18, 0x0204($s0)          ## 00000204
/* 00238 80A741D8 3C0141A0 */  lui     $at, 0x41A0                ## $at = 41A00000
.L80A741DC:
/* 0023C 80A741DC 44812000 */  mtc1    $at, $f4                   ## $f4 = 20.00
/* 00240 80A741E0 2419001D */  addiu   $t9, $zero, 0x001D         ## $t9 = 0000001D
/* 00244 80A741E4 AFB90014 */  sw      $t9, 0x0014($sp)           
/* 00248 80A741E8 8FA40044 */  lw      $a0, 0x0044($sp)           
/* 0024C 80A741EC 02002825 */  or      $a1, $s0, $zero            ## $a1 = 00000000
/* 00250 80A741F0 24060000 */  addiu   $a2, $zero, 0x0000         ## $a2 = 00000000
/* 00254 80A741F4 3C0741A0 */  lui     $a3, 0x41A0                ## $a3 = 41A00000
/* 00258 80A741F8 0C02DE2E */  jal     func_800B78B8              
/* 0025C 80A741FC E7A40010 */  swc1    $f4, 0x0010($sp)           
/* 00260 80A74200 96080090 */  lhu     $t0, 0x0090($s0)           ## 00000090
/* 00264 80A74204 31090060 */  andi    $t1, $t0, 0x0060           ## $t1 = 00000000
/* 00268 80A74208 55200004 */  bnel    $t1, $zero, .L80A7421C     
/* 0026C 80A7420C 8FBF002C */  lw      $ra, 0x002C($sp)           
/* 00270 80A74210 0C02D9C3 */  jal     func_800B670C              
/* 00274 80A74214 02002025 */  or      $a0, $s0, $zero            ## $a0 = 00000000
/* 00278 80A74218 8FBF002C */  lw      $ra, 0x002C($sp)           
.L80A7421C:
/* 0027C 80A7421C 8FB00028 */  lw      $s0, 0x0028($sp)           
/* 00280 80A74220 27BD0040 */  addiu   $sp, $sp, 0x0040           ## $sp = 00000000
/* 00284 80A74224 03E00008 */  jr      $ra                        
/* 00288 80A74228 00000000 */  nop


glabel func_80A7422C
/* 0028C 80A7422C 27BDFFE8 */  addiu   $sp, $sp, 0xFFE8           ## $sp = FFFFFFE8
/* 00290 80A74230 AFBF0014 */  sw      $ra, 0x0014($sp)           
/* 00294 80A74234 00803025 */  or      $a2, $a0, $zero            ## $a2 = 00000000
/* 00298 80A74238 00A03825 */  or      $a3, $a1, $zero            ## $a3 = 00000000
/* 0029C 80A7423C 84CE01E0 */  lh      $t6, 0x01E0($a2)           ## 000001E0
/* 002A0 80A74240 00E02025 */  or      $a0, $a3, $zero            ## $a0 = 00000000
/* 002A4 80A74244 24C5027C */  addiu   $a1, $a2, 0x027C           ## $a1 = 0000027C
/* 002A8 80A74248 29C1000A */  slti    $at, $t6, 0x000A           
/* 002AC 80A7424C 50200005 */  beql    $at, $zero, .L80A74264     
/* 002B0 80A74250 8CC30120 */  lw      $v1, 0x0120($a2)           ## 00000120
/* 002B4 80A74254 0C03847B */  jal     func_800E11EC              
/* 002B8 80A74258 AFA60018 */  sw      $a2, 0x0018($sp)           
/* 002BC 80A7425C 8FA60018 */  lw      $a2, 0x0018($sp)           
/* 002C0 80A74260 8CC30120 */  lw      $v1, 0x0120($a2)           ## 00000120
.L80A74264:
/* 002C4 80A74264 5060000A */  beql    $v1, $zero, .L80A74290     
/* 002C8 80A74268 8FBF0014 */  lw      $ra, 0x0014($sp)           
/* 002CC 80A7426C 8C6F0138 */  lw      $t7, 0x0138($v1)           ## 00000138
/* 002D0 80A74270 00601025 */  or      $v0, $v1, $zero            ## $v0 = 00000000
/* 002D4 80A74274 51E00006 */  beql    $t7, $zero, .L80A74290     
/* 002D8 80A74278 8FBF0014 */  lw      $ra, 0x0014($sp)           
/* 002DC 80A7427C 8463014E */  lh      $v1, 0x014E($v1)           ## 0000014E
/* 002E0 80A74280 18600002 */  blez    $v1, .L80A7428C            
/* 002E4 80A74284 2478FFFF */  addiu   $t8, $v1, 0xFFFF           ## $t8 = FFFFFFFF
/* 002E8 80A74288 A458014E */  sh      $t8, 0x014E($v0)           ## 0000014E
.L80A7428C:
/* 002EC 80A7428C 8FBF0014 */  lw      $ra, 0x0014($sp)           
.L80A74290:
/* 002F0 80A74290 27BD0018 */  addiu   $sp, $sp, 0x0018           ## $sp = 00000000
/* 002F4 80A74294 03E00008 */  jr      $ra                        
/* 002F8 80A74298 00000000 */  nop


glabel func_80A7429C
/* 002FC 80A7429C 27BDFFE0 */  addiu   $sp, $sp, 0xFFE0           ## $sp = FFFFFFE0
/* 00300 80A742A0 AFA50024 */  sw      $a1, 0x0024($sp)           
/* 00304 80A742A4 00802825 */  or      $a1, $a0, $zero            ## $a1 = 00000000
/* 00308 80A742A8 AFBF0014 */  sw      $ra, 0x0014($sp)           
/* 0030C 80A742AC AFA40020 */  sw      $a0, 0x0020($sp)           
/* 00310 80A742B0 8FA40024 */  lw      $a0, 0x0024($sp)           
/* 00314 80A742B4 27A6001A */  addiu   $a2, $sp, 0x001A           ## $a2 = FFFFFFFA
/* 00318 80A742B8 27A70018 */  addiu   $a3, $sp, 0x0018           ## $a3 = FFFFFFF8
/* 0031C 80A742BC 8C821CCC */  lw      $v0, 0x1CCC($a0)           ## 00001CCC
/* 00320 80A742C0 AFA50020 */  sw      $a1, 0x0020($sp)           
/* 00324 80A742C4 0C02E226 */  jal     func_800B8898              
/* 00328 80A742C8 AFA2001C */  sw      $v0, 0x001C($sp)           
/* 0032C 80A742CC 8FA2001C */  lw      $v0, 0x001C($sp)           
/* 00330 80A742D0 8FA50020 */  lw      $a1, 0x0020($sp)           
/* 00334 80A742D4 3C014320 */  lui     $at, 0x4320                ## $at = 43200000
/* 00338 80A742D8 C4440028 */  lwc1    $f4, 0x0028($v0)           ## 00000028
/* 0033C 80A742DC C4A60028 */  lwc1    $f6, 0x0028($a1)           ## 00000028
/* 00340 80A742E0 44814000 */  mtc1    $at, $f8                   ## $f8 = 160.00
/* 00344 80A742E4 3C01C220 */  lui     $at, 0xC220                ## $at = C2200000
/* 00348 80A742E8 46062001 */  sub.s   $f0, $f4, $f6              
/* 0034C 80A742EC 8FBF0014 */  lw      $ra, 0x0014($sp)           
/* 00350 80A742F0 46000005 */  abs.s   $f0, $f0                   
/* 00354 80A742F4 4600403C */  c.lt.s  $f8, $f0                   
/* 00358 80A742F8 00000000 */  nop
/* 0035C 80A742FC 45010010 */  bc1t    .L80A74340                 
/* 00360 80A74300 00000000 */  nop
/* 00364 80A74304 C4AA00F4 */  lwc1    $f10, 0x00F4($a1)          ## 000000F4
/* 00368 80A74308 44818000 */  mtc1    $at, $f16                  ## $f16 = -40.00
/* 0036C 80A7430C 87A3001A */  lh      $v1, 0x001A($sp)           
/* 00370 80A74310 4610503C */  c.lt.s  $f10, $f16                 
/* 00374 80A74314 00000000 */  nop
/* 00378 80A74318 45010009 */  bc1t    .L80A74340                 
/* 0037C 80A7431C 00000000 */  nop
/* 00380 80A74320 04600007 */  bltz    $v1, .L80A74340            
/* 00384 80A74324 28610141 */  slti    $at, $v1, 0x0141           
/* 00388 80A74328 10200005 */  beq     $at, $zero, .L80A74340     
/* 0038C 80A7432C 87A30018 */  lh      $v1, 0x0018($sp)           
/* 00390 80A74330 04600003 */  bltz    $v1, .L80A74340            
/* 00394 80A74334 286100F1 */  slti    $at, $v1, 0x00F1           
/* 00398 80A74338 54200004 */  bnel    $at, $zero, .L80A7434C     
/* 0039C 80A7433C 8C4F0A6C */  lw      $t7, 0x0A6C($v0)           ## 00000A6C
.L80A74340:
/* 003A0 80A74340 10000008 */  beq     $zero, $zero, .L80A74364   
/* 003A4 80A74344 00001025 */  or      $v0, $zero, $zero          ## $v0 = 00000000
/* 003A8 80A74348 8C4F0A6C */  lw      $t7, 0x0A6C($v0)           ## 00000A6C
.L80A7434C:
/* 003AC 80A7434C 24020001 */  addiu   $v0, $zero, 0x0001         ## $v0 = 00000001
/* 003B0 80A74350 000FC100 */  sll     $t8, $t7,  4               
/* 003B4 80A74354 07000003 */  bltz    $t8, .L80A74364            
/* 003B8 80A74358 00000000 */  nop
/* 003BC 80A7435C 10000001 */  beq     $zero, $zero, .L80A74364   
/* 003C0 80A74360 00001025 */  or      $v0, $zero, $zero          ## $v0 = 00000000
.L80A74364:
/* 003C4 80A74364 03E00008 */  jr      $ra                        
/* 003C8 80A74368 27BD0020 */  addiu   $sp, $sp, 0x0020           ## $sp = 00000000


glabel func_80A7436C
/* 003CC 80A7436C 27BDFFD0 */  addiu   $sp, $sp, 0xFFD0           ## $sp = FFFFFFD0
/* 003D0 80A74370 AFB00020 */  sw      $s0, 0x0020($sp)           
/* 003D4 80A74374 00808025 */  or      $s0, $a0, $zero            ## $s0 = 00000000
/* 003D8 80A74378 AFBF0024 */  sw      $ra, 0x0024($sp)           
/* 003DC 80A7437C AFA50034 */  sw      $a1, 0x0034($sp)           
/* 003E0 80A74380 87AE0036 */  lh      $t6, 0x0036($sp)           
/* 003E4 80A74384 860F0032 */  lh      $t7, 0x0032($s0)           ## 00000032
/* 003E8 80A74388 3C063E99 */  lui     $a2, 0x3E99                ## $a2 = 3E990000
/* 003EC 80A7438C 34C6999A */  ori     $a2, $a2, 0x999A           ## $a2 = 3E99999A
/* 003F0 80A74390 01CF1823 */  subu    $v1, $t6, $t7              
/* 003F4 80A74394 00031C00 */  sll     $v1, $v1, 16               
/* 003F8 80A74398 00031C03 */  sra     $v1, $v1, 16               
/* 003FC 80A7439C 28612711 */  slti    $at, $v1, 0x2711           
/* 00400 80A743A0 14200003 */  bne     $at, $zero, .L80A743B0     
/* 00404 80A743A4 26040028 */  addiu   $a0, $s0, 0x0028           ## $a0 = 00000028
/* 00408 80A743A8 10000005 */  beq     $zero, $zero, .L80A743C0   
/* 0040C 80A743AC 24032710 */  addiu   $v1, $zero, 0x2710         ## $v1 = 00002710
.L80A743B0:
/* 00410 80A743B0 2861D8F0 */  slti    $at, $v1, 0xD8F0           
/* 00414 80A743B4 50200003 */  beql    $at, $zero, .L80A743C4     
/* 00418 80A743B8 8E050220 */  lw      $a1, 0x0220($s0)           ## 00000220
/* 0041C 80A743BC 2403D8F0 */  addiu   $v1, $zero, 0xD8F0         ## $v1 = FFFFD8F0
.L80A743C0:
/* 00420 80A743C0 8E050220 */  lw      $a1, 0x0220($s0)           ## 00000220
.L80A743C4:
/* 00424 80A743C4 A7A3002E */  sh      $v1, 0x002E($sp)           
/* 00428 80A743C8 0C03FF7E */  jal     func_800FFDF8              
/* 0042C 80A743CC 3C0740A0 */  lui     $a3, 0x40A0                ## $a3 = 40A00000
/* 00430 80A743D0 C6040028 */  lwc1    $f4, 0x0028($s0)           ## 00000028
/* 00434 80A743D4 C6060220 */  lwc1    $f6, 0x0220($s0)           ## 00000220
/* 00438 80A743D8 3C014120 */  lui     $at, 0x4120                ## $at = 41200000
/* 0043C 80A743DC 44814000 */  mtc1    $at, $f8                   ## $f8 = 10.00
/* 00440 80A743E0 46062001 */  sub.s   $f0, $f4, $f6              
/* 00444 80A743E4 87A3002E */  lh      $v1, 0x002E($sp)           
/* 00448 80A743E8 26040030 */  addiu   $a0, $s0, 0x0030           ## $a0 = 00000030
/* 0044C 80A743EC 00002825 */  or      $a1, $zero, $zero          ## $a1 = 00000000
/* 00450 80A743F0 46000005 */  abs.s   $f0, $f0                   
/* 00454 80A743F4 24060014 */  addiu   $a2, $zero, 0x0014         ## $a2 = 00000014
/* 00458 80A743F8 4600403C */  c.lt.s  $f8, $f0                   
/* 0045C 80A743FC 24071388 */  addiu   $a3, $zero, 0x1388         ## $a3 = 00001388
/* 00460 80A74400 240801F4 */  addiu   $t0, $zero, 0x01F4         ## $t0 = 000001F4
/* 00464 80A74404 45020018 */  bc1fl   .L80A74468                 
/* 00468 80A74408 AFA80010 */  sw      $t0, 0x0010($sp)           
/* 0046C 80A7440C 26040024 */  addiu   $a0, $s0, 0x0024           ## $a0 = 00000024
/* 00470 80A74410 2605021C */  addiu   $a1, $s0, 0x021C           ## $a1 = 0000021C
/* 00474 80A74414 0C03FEA5 */  jal     func_800FFA94              
/* 00478 80A74418 A7A3002E */  sh      $v1, 0x002E($sp)           
/* 0047C 80A7441C 44825000 */  mtc1    $v0, $f10                  ## $f10 = 0.00
/* 00480 80A74420 3C0180A7 */  lui     $at, %hi(D_80A75C64)       ## $at = 80A70000
/* 00484 80A74424 C4325C64 */  lwc1    $f18, %lo(D_80A75C64)($at) 
/* 00488 80A74428 46805420 */  cvt.s.w $f16, $f10                 
/* 0048C 80A7442C 241901F4 */  addiu   $t9, $zero, 0x01F4         ## $t9 = 000001F4
/* 00490 80A74430 AFB90010 */  sw      $t9, 0x0010($sp)           
/* 00494 80A74434 26040030 */  addiu   $a0, $s0, 0x0030           ## $a0 = 00000030
/* 00498 80A74438 24060014 */  addiu   $a2, $zero, 0x0014         ## $a2 = 00000014
/* 0049C 80A7443C 24071388 */  addiu   $a3, $zero, 0x1388         ## $a3 = 00001388
/* 004A0 80A74440 46128102 */  mul.s   $f4, $f16, $f18            
/* 004A4 80A74444 4600218D */  trunc.w.s $f6, $f4                   
/* 004A8 80A74448 44053000 */  mfc1    $a1, $f6                   
/* 004AC 80A7444C 00000000 */  nop
/* 004B0 80A74450 00052C00 */  sll     $a1, $a1, 16               
/* 004B4 80A74454 0C03FFAF */  jal     func_800FFEBC              
/* 004B8 80A74458 00052C03 */  sra     $a1, $a1, 16               
/* 004BC 80A7445C 10000005 */  beq     $zero, $zero, .L80A74474   
/* 004C0 80A74460 87A3002E */  lh      $v1, 0x002E($sp)           
/* 004C4 80A74464 AFA80010 */  sw      $t0, 0x0010($sp)           
.L80A74468:
/* 004C8 80A74468 0C03FFAF */  jal     func_800FFEBC              
/* 004CC 80A7446C A7A3002E */  sh      $v1, 0x002E($sp)           
/* 004D0 80A74470 87A3002E */  lh      $v1, 0x002E($sp)           
.L80A74474:
/* 004D4 80A74474 86090032 */  lh      $t1, 0x0032($s0)           ## 00000032
/* 004D8 80A74478 87AA0036 */  lh      $t2, 0x0036($sp)           
/* 004DC 80A7447C 3C0141F0 */  lui     $at, 0x41F0                ## $at = 41F00000
/* 004E0 80A74480 44815000 */  mtc1    $at, $f10                  ## $f10 = 30.00
/* 004E4 80A74484 012A5823 */  subu    $t3, $t1, $t2              
/* 004E8 80A74488 448B4000 */  mtc1    $t3, $f8                   ## $f8 = 0.00
/* 004EC 80A7448C 260401FC */  addiu   $a0, $s0, 0x01FC           ## $a0 = 000001FC
/* 004F0 80A74490 3C053F00 */  lui     $a1, 0x3F00                ## $a1 = 3F000000
/* 004F4 80A74494 46804020 */  cvt.s.w $f0, $f8                   
/* 004F8 80A74498 46000005 */  abs.s   $f0, $f0                   
/* 004FC 80A7449C 460A003C */  c.lt.s  $f0, $f10                  
/* 00500 80A744A0 00000000 */  nop
/* 00504 80A744A4 45020006 */  bc1fl   .L80A744C0                 
/* 00508 80A744A8 44838000 */  mtc1    $v1, $f16                  ## $f16 = 0.00
/* 0050C 80A744AC 0C03FF9A */  jal     func_800FFE68              
/* 00510 80A744B0 3C0641A0 */  lui     $a2, 0x41A0                ## $a2 = 41A00000
/* 00514 80A744B4 1000000B */  beq     $zero, $zero, .L80A744E4   
/* 00518 80A744B8 240C012C */  addiu   $t4, $zero, 0x012C         ## $t4 = 0000012C
/* 0051C 80A744BC 44838000 */  mtc1    $v1, $f16                  ## $f16 = 0.00
.L80A744C0:
/* 00520 80A744C0 3C07453B */  lui     $a3, 0x453B                ## $a3 = 453B0000
/* 00524 80A744C4 34E78000 */  ori     $a3, $a3, 0x8000           ## $a3 = 453B8000
/* 00528 80A744C8 46808420 */  cvt.s.w $f16, $f16                 
/* 0052C 80A744CC 260401FC */  addiu   $a0, $s0, 0x01FC           ## $a0 = 000001FC
/* 00530 80A744D0 3C063F00 */  lui     $a2, 0x3F00                ## $a2 = 3F000000
/* 00534 80A744D4 44058000 */  mfc1    $a1, $f16                  
/* 00538 80A744D8 0C03FF7E */  jal     func_800FFDF8              
/* 0053C 80A744DC 00000000 */  nop
/* 00540 80A744E0 240C012C */  addiu   $t4, $zero, 0x012C         ## $t4 = 0000012C
.L80A744E4:
/* 00544 80A744E4 AFAC0010 */  sw      $t4, 0x0010($sp)           
/* 00548 80A744E8 26040032 */  addiu   $a0, $s0, 0x0032           ## $a0 = 00000032
/* 0054C 80A744EC 87A50036 */  lh      $a1, 0x0036($sp)           
/* 00550 80A744F0 24060001 */  addiu   $a2, $zero, 0x0001         ## $a2 = 00000001
/* 00554 80A744F4 0C03FFAF */  jal     func_800FFEBC              
/* 00558 80A744F8 240707D0 */  addiu   $a3, $zero, 0x07D0         ## $a3 = 000007D0
/* 0055C 80A744FC 8FBF0024 */  lw      $ra, 0x0024($sp)           
/* 00560 80A74500 8FB00020 */  lw      $s0, 0x0020($sp)           
/* 00564 80A74504 27BD0030 */  addiu   $sp, $sp, 0x0030           ## $sp = 00000000
/* 00568 80A74508 03E00008 */  jr      $ra                        
/* 0056C 80A7450C 00000000 */  nop


glabel func_80A74510
/* 00570 80A74510 27BDFFC8 */  addiu   $sp, $sp, 0xFFC8           ## $sp = FFFFFFC8
/* 00574 80A74514 AFB00028 */  sw      $s0, 0x0028($sp)           
/* 00578 80A74518 00808025 */  or      $s0, $a0, $zero            ## $s0 = 00000000
/* 0057C 80A7451C AFBF002C */  sw      $ra, 0x002C($sp)           
/* 00580 80A74520 3C013F80 */  lui     $at, 0x3F80                ## $at = 3F800000
/* 00584 80A74524 AE050210 */  sw      $a1, 0x0210($s0)           ## 00000210
/* 00588 80A74528 3C0F80A7 */  lui     $t7, %hi(D_80A75C2C)       ## $t7 = 80A70000
/* 0058C 80A7452C 44810000 */  mtc1    $at, $f0                   ## $f0 = 1.00
/* 00590 80A74530 25EF5C2C */  addiu   $t7, $t7, %lo(D_80A75C2C)  ## $t7 = 80A75C2C
/* 00594 80A74534 00057080 */  sll     $t6, $a1,  2               
/* 00598 80A74538 01CF1821 */  addu    $v1, $t6, $t7              
/* 0059C 80A7453C 8C640000 */  lw      $a0, 0x0000($v1)           ## 00000000
/* 005A0 80A74540 AFA30030 */  sw      $v1, 0x0030($sp)           
/* 005A4 80A74544 AFA5003C */  sw      $a1, 0x003C($sp)           
/* 005A8 80A74548 0C04D1D2 */  jal     func_80134748              
/* 005AC 80A7454C E7A00034 */  swc1    $f0, 0x0034($sp)           
/* 005B0 80A74550 44822000 */  mtc1    $v0, $f4                   ## $f4 = 0.00
/* 005B4 80A74554 8E180210 */  lw      $t8, 0x0210($s0)           ## 00000210
/* 005B8 80A74558 8FA30030 */  lw      $v1, 0x0030($sp)           
/* 005BC 80A7455C 468021A0 */  cvt.s.w $f6, $f4                   
/* 005C0 80A74560 C7A00034 */  lwc1    $f0, 0x0034($sp)           
/* 005C4 80A74564 24010003 */  addiu   $at, $zero, 0x0003         ## $at = 00000003
/* 005C8 80A74568 44801000 */  mtc1    $zero, $f2                 ## $f2 = 0.00
/* 005CC 80A7456C 26040144 */  addiu   $a0, $s0, 0x0144           ## $a0 = 00000144
/* 005D0 80A74570 17010003 */  bne     $t8, $at, .L80A74580       
/* 005D4 80A74574 E60601F8 */  swc1    $f6, 0x01F8($s0)           ## 000001F8
/* 005D8 80A74578 44800000 */  mtc1    $zero, $f0                 ## $f0 = 0.00
/* 005DC 80A7457C 00000000 */  nop
.L80A74580:
/* 005E0 80A74580 8FB9003C */  lw      $t9, 0x003C($sp)           
/* 005E4 80A74584 3C0880A7 */  lui     $t0, %hi(D_80A75C38)       ## $t0 = 80A70000
/* 005E8 80A74588 C60801F8 */  lwc1    $f8, 0x01F8($s0)           ## 000001F8
/* 005EC 80A7458C 01194021 */  addu    $t0, $t0, $t9              
/* 005F0 80A74590 91085C38 */  lbu     $t0, %lo(D_80A75C38)($t0)  
/* 005F4 80A74594 44060000 */  mfc1    $a2, $f0                   
/* 005F8 80A74598 44071000 */  mfc1    $a3, $f2                   
/* 005FC 80A7459C E7A20018 */  swc1    $f2, 0x0018($sp)           
/* 00600 80A745A0 8C650000 */  lw      $a1, 0x0000($v1)           ## 00000000
/* 00604 80A745A4 E7A80010 */  swc1    $f8, 0x0010($sp)           
/* 00608 80A745A8 0C04DCFA */  jal     func_801373E8              
/* 0060C 80A745AC AFA80014 */  sw      $t0, 0x0014($sp)           
/* 00610 80A745B0 8FBF002C */  lw      $ra, 0x002C($sp)           
/* 00614 80A745B4 8FB00028 */  lw      $s0, 0x0028($sp)           
/* 00618 80A745B8 27BD0038 */  addiu   $sp, $sp, 0x0038           ## $sp = 00000000
/* 0061C 80A745BC 03E00008 */  jr      $ra                        
/* 00620 80A745C0 00000000 */  nop


glabel func_80A745C4
/* 00624 80A745C4 27BDFFE8 */  addiu   $sp, $sp, 0xFFE8           ## $sp = FFFFFFE8
/* 00628 80A745C8 AFBF0014 */  sw      $ra, 0x0014($sp)           
/* 0062C 80A745CC 00002825 */  or      $a1, $zero, $zero          ## $a1 = 00000000
/* 00630 80A745D0 0C29D144 */  jal     func_80A74510              
/* 00634 80A745D4 AFA40018 */  sw      $a0, 0x0018($sp)           
/* 00638 80A745D8 8FA40018 */  lw      $a0, 0x0018($sp)           
/* 0063C 80A745DC 3C0E80A7 */  lui     $t6, %hi(func_80A745FC)    ## $t6 = 80A70000
/* 00640 80A745E0 25CE45FC */  addiu   $t6, $t6, %lo(func_80A745FC) ## $t6 = 80A745FC
/* 00644 80A745E4 A48001D4 */  sh      $zero, 0x01D4($a0)         ## 000001D4
/* 00648 80A745E8 AC8E01C4 */  sw      $t6, 0x01C4($a0)           ## 000001C4
/* 0064C 80A745EC 8FBF0014 */  lw      $ra, 0x0014($sp)           
/* 00650 80A745F0 27BD0018 */  addiu   $sp, $sp, 0x0018           ## $sp = 00000000
/* 00654 80A745F4 03E00008 */  jr      $ra                        
/* 00658 80A745F8 00000000 */  nop


glabel func_80A745FC
/* 0065C 80A745FC 27BDFFB8 */  addiu   $sp, $sp, 0xFFB8           ## $sp = FFFFFFB8
/* 00660 80A74600 AFB00020 */  sw      $s0, 0x0020($sp)           
/* 00664 80A74604 00808025 */  or      $s0, $a0, $zero            ## $s0 = 00000000
/* 00668 80A74608 AFBF0024 */  sw      $ra, 0x0024($sp)           
/* 0066C 80A7460C AFA5004C */  sw      $a1, 0x004C($sp)           
/* 00670 80A74610 860E0032 */  lh      $t6, 0x0032($s0)           ## 00000032
/* 00674 80A74614 860F01EE */  lh      $t7, 0x01EE($s0)           ## 000001EE
/* 00678 80A74618 3C014348 */  lui     $at, 0x4348                ## $at = 43480000
/* 0067C 80A7461C 44813000 */  mtc1    $at, $f6                   ## $f6 = 200.00
/* 00680 80A74620 01CFC023 */  subu    $t8, $t6, $t7              
/* 00684 80A74624 44982000 */  mtc1    $t8, $f4                   ## $f4 = 0.00
/* 00688 80A74628 00000000 */  nop
/* 0068C 80A7462C 46802020 */  cvt.s.w $f0, $f4                   
/* 00690 80A74630 46000005 */  abs.s   $f0, $f0                   
/* 00694 80A74634 4606003C */  c.lt.s  $f0, $f6                   
/* 00698 80A74638 00000000 */  nop
/* 0069C 80A7463C 45020004 */  bc1fl   .L80A74650                 
/* 006A0 80A74640 02002025 */  or      $a0, $s0, $zero            ## $a0 = 00000000
/* 006A4 80A74644 0C04DB34 */  jal     func_80136CD0              
/* 006A8 80A74648 26040144 */  addiu   $a0, $s0, 0x0144           ## $a0 = 00000144
/* 006AC 80A7464C 02002025 */  or      $a0, $s0, $zero            ## $a0 = 00000000
.L80A74650:
/* 006B0 80A74650 0C02E3B2 */  jal     func_800B8EC8              
/* 006B4 80A74654 240531F3 */  addiu   $a1, $zero, 0x31F3         ## $a1 = 000031F3
/* 006B8 80A74658 3C053CA3 */  lui     $a1, 0x3CA3                ## $a1 = 3CA30000
/* 006BC 80A7465C 3C063DCC */  lui     $a2, 0x3DCC                ## $a2 = 3DCC0000
/* 006C0 80A74660 3C073BA3 */  lui     $a3, 0x3BA3                ## $a3 = 3BA30000
/* 006C4 80A74664 34E7D70A */  ori     $a3, $a3, 0xD70A           ## $a3 = 3BA3D70A
/* 006C8 80A74668 34C6CCCD */  ori     $a2, $a2, 0xCCCD           ## $a2 = 3DCCCCCD
/* 006CC 80A7466C 34A5D70A */  ori     $a1, $a1, 0xD70A           ## $a1 = 3CA3D70A
/* 006D0 80A74670 0C03FF7E */  jal     func_800FFDF8              
/* 006D4 80A74674 26040204 */  addiu   $a0, $s0, 0x0204           ## $a0 = 00000204
/* 006D8 80A74678 8E1901CC */  lw      $t9, 0x01CC($s0)           ## 000001CC
/* 006DC 80A7467C 8E0901D0 */  lw      $t1, 0x01D0($s0)           ## 000001D0
/* 006E0 80A74680 3C063E99 */  lui     $a2, 0x3E99                ## $a2 = 3E990000
/* 006E4 80A74684 87280002 */  lh      $t0, 0x0002($t9)           ## 00000002
/* 006E8 80A74688 34C6999A */  ori     $a2, $a2, 0x999A           ## $a2 = 3E99999A
/* 006EC 80A7468C 26040070 */  addiu   $a0, $s0, 0x0070           ## $a0 = 00000070
/* 006F0 80A74690 0109082A */  slt     $at, $t0, $t1              
/* 006F4 80A74694 10200009 */  beq     $at, $zero, .L80A746BC     
/* 006F8 80A74698 3C054120 */  lui     $a1, 0x4120                ## $a1 = 41200000
/* 006FC 80A7469C 3C063E99 */  lui     $a2, 0x3E99                ## $a2 = 3E990000
/* 00700 80A746A0 34C6999A */  ori     $a2, $a2, 0x999A           ## $a2 = 3E99999A
/* 00704 80A746A4 26040070 */  addiu   $a0, $s0, 0x0070           ## $a0 = 00000070
/* 00708 80A746A8 3C0540A0 */  lui     $a1, 0x40A0                ## $a1 = 40A00000
/* 0070C 80A746AC 0C03FF7E */  jal     func_800FFDF8              
/* 00710 80A746B0 3C073F80 */  lui     $a3, 0x3F80                ## $a3 = 3F800000
/* 00714 80A746B4 10000004 */  beq     $zero, $zero, .L80A746C8   
/* 00718 80A746B8 8E0401CC */  lw      $a0, 0x01CC($s0)           ## 000001CC
.L80A746BC:
/* 0071C 80A746BC 0C03FF7E */  jal     func_800FFDF8              
/* 00720 80A746C0 3C073F80 */  lui     $a3, 0x3F80                ## $a3 = 3F800000
/* 00724 80A746C4 8E0401CC */  lw      $a0, 0x01CC($s0)           ## 000001CC
.L80A746C8:
/* 00728 80A746C8 2606021C */  addiu   $a2, $s0, 0x021C           ## $a2 = 0000021C
/* 0072C 80A746CC 50800008 */  beql    $a0, $zero, .L80A746F0     
/* 00730 80A746D0 8E050220 */  lw      $a1, 0x0220($s0)           ## 00000220
/* 00734 80A746D4 0C04F5A3 */  jal     func_8013D68C              
/* 00738 80A746D8 8E0501D0 */  lw      $a1, 0x01D0($s0)           ## 000001D0
/* 0073C 80A746DC 54400004 */  bnel    $v0, $zero, .L80A746F0     
/* 00740 80A746E0 8E050220 */  lw      $a1, 0x0220($s0)           ## 00000220
/* 00744 80A746E4 0C02D9C3 */  jal     func_800B670C              
/* 00748 80A746E8 02002025 */  or      $a0, $s0, $zero            ## $a0 = 00000000
/* 0074C 80A746EC 8E050220 */  lw      $a1, 0x0220($s0)           ## 00000220
.L80A746F0:
/* 00750 80A746F0 3C063E99 */  lui     $a2, 0x3E99                ## $a2 = 3E990000
/* 00754 80A746F4 260A021C */  addiu   $t2, $s0, 0x021C           ## $t2 = 0000021C
/* 00758 80A746F8 AFAA0030 */  sw      $t2, 0x0030($sp)           
/* 0075C 80A746FC 34C6999A */  ori     $a2, $a2, 0x999A           ## $a2 = 3E99999A
/* 00760 80A74700 26040028 */  addiu   $a0, $s0, 0x0028           ## $a0 = 00000028
/* 00764 80A74704 0C03FF7E */  jal     func_800FFDF8              
/* 00768 80A74708 3C0740A0 */  lui     $a3, 0x40A0                ## $a3 = 40A00000
/* 0076C 80A7470C C6080028 */  lwc1    $f8, 0x0028($s0)           ## 00000028
/* 00770 80A74710 C60A0220 */  lwc1    $f10, 0x0220($s0)          ## 00000220
/* 00774 80A74714 3C014120 */  lui     $at, 0x4120                ## $at = 41200000
/* 00778 80A74718 44819000 */  mtc1    $at, $f18                  ## $f18 = 10.00
/* 0077C 80A7471C 460A4001 */  sub.s   $f0, $f8, $f10             
/* 00780 80A74720 26040030 */  addiu   $a0, $s0, 0x0030           ## $a0 = 00000030
/* 00784 80A74724 00002825 */  or      $a1, $zero, $zero          ## $a1 = 00000000
/* 00788 80A74728 24060014 */  addiu   $a2, $zero, 0x0014         ## $a2 = 00000014
/* 0078C 80A7472C 46000005 */  abs.s   $f0, $f0                   
/* 00790 80A74730 24071388 */  addiu   $a3, $zero, 0x1388         ## $a3 = 00001388
/* 00794 80A74734 4600903C */  c.lt.s  $f18, $f0                  
/* 00798 80A74738 240D01F4 */  addiu   $t5, $zero, 0x01F4         ## $t5 = 000001F4
/* 0079C 80A7473C 45000017 */  bc1f    .L80A7479C                 
/* 007A0 80A74740 00000000 */  nop
/* 007A4 80A74744 26040024 */  addiu   $a0, $s0, 0x0024           ## $a0 = 00000024
/* 007A8 80A74748 AFA4002C */  sw      $a0, 0x002C($sp)           
/* 007AC 80A7474C 0C03FEA5 */  jal     func_800FFA94              
/* 007B0 80A74750 8FA50030 */  lw      $a1, 0x0030($sp)           
/* 007B4 80A74754 44822000 */  mtc1    $v0, $f4                   ## $f4 = 0.00
/* 007B8 80A74758 3C0180A7 */  lui     $at, %hi(D_80A75C68)       ## $at = 80A70000
/* 007BC 80A7475C C4285C68 */  lwc1    $f8, %lo(D_80A75C68)($at)  
/* 007C0 80A74760 468021A0 */  cvt.s.w $f6, $f4                   
/* 007C4 80A74764 240C01F4 */  addiu   $t4, $zero, 0x01F4         ## $t4 = 000001F4
/* 007C8 80A74768 AFAC0010 */  sw      $t4, 0x0010($sp)           
/* 007CC 80A7476C 26040030 */  addiu   $a0, $s0, 0x0030           ## $a0 = 00000030
/* 007D0 80A74770 24060014 */  addiu   $a2, $zero, 0x0014         ## $a2 = 00000014
/* 007D4 80A74774 24071388 */  addiu   $a3, $zero, 0x1388         ## $a3 = 00001388
/* 007D8 80A74778 46083282 */  mul.s   $f10, $f6, $f8             
/* 007DC 80A7477C 4600548D */  trunc.w.s $f18, $f10                 
/* 007E0 80A74780 44059000 */  mfc1    $a1, $f18                  
/* 007E4 80A74784 00000000 */  nop
/* 007E8 80A74788 00052C00 */  sll     $a1, $a1, 16               
/* 007EC 80A7478C 0C03FFAF */  jal     func_800FFEBC              
/* 007F0 80A74790 00052C03 */  sra     $a1, $a1, 16               
/* 007F4 80A74794 10000006 */  beq     $zero, $zero, .L80A747B0   
/* 007F8 80A74798 C6040024 */  lwc1    $f4, 0x0024($s0)           ## 00000024
.L80A7479C:
/* 007FC 80A7479C 0C03FFAF */  jal     func_800FFEBC              
/* 00800 80A747A0 AFAD0010 */  sw      $t5, 0x0010($sp)           
/* 00804 80A747A4 260E0024 */  addiu   $t6, $s0, 0x0024           ## $t6 = 00000024
/* 00808 80A747A8 AFAE002C */  sw      $t6, 0x002C($sp)           
/* 0080C 80A747AC C6040024 */  lwc1    $f4, 0x0024($s0)           ## 00000024
.L80A747B0:
/* 00810 80A747B0 C606021C */  lwc1    $f6, 0x021C($s0)           ## 0000021C
/* 00814 80A747B4 C6080028 */  lwc1    $f8, 0x0028($s0)           ## 00000028
/* 00818 80A747B8 C60A0220 */  lwc1    $f10, 0x0220($s0)          ## 00000220
/* 0081C 80A747BC 46062081 */  sub.s   $f2, $f4, $f6              
/* 00820 80A747C0 C6040224 */  lwc1    $f4, 0x0224($s0)           ## 00000224
/* 00824 80A747C4 C612002C */  lwc1    $f18, 0x002C($s0)          ## 0000002C
/* 00828 80A747C8 460A4381 */  sub.s   $f14, $f8, $f10            
/* 0082C 80A747CC 46021182 */  mul.s   $f6, $f2, $f2              
/* 00830 80A747D0 3C0141A0 */  lui     $at, 0x41A0                ## $at = 41A00000
/* 00834 80A747D4 46049401 */  sub.s   $f16, $f18, $f4            
/* 00838 80A747D8 460E7202 */  mul.s   $f8, $f14, $f14            
/* 0083C 80A747DC 44816000 */  mtc1    $at, $f12                  ## $f12 = 20.00
/* 00840 80A747E0 46108482 */  mul.s   $f18, $f16, $f16           
/* 00844 80A747E4 46083280 */  add.s   $f10, $f6, $f8             
/* 00848 80A747E8 46125000 */  add.s   $f0, $f10, $f18            
/* 0084C 80A747EC 46000004 */  sqrt.s  $f0, $f0                   
/* 00850 80A747F0 0C05E565 */  jal     func_80179594              
/* 00854 80A747F4 E7A00038 */  swc1    $f0, 0x0038($sp)           
/* 00858 80A747F8 3C014170 */  lui     $at, 0x4170                ## $at = 41700000
/* 0085C 80A747FC 44813000 */  mtc1    $at, $f6                   ## $f6 = 15.00
/* 00860 80A74800 C7A40038 */  lwc1    $f4, 0x0038($sp)           
/* 00864 80A74804 46060200 */  add.s   $f8, $f0, $f6              
/* 00868 80A74808 4608203C */  c.lt.s  $f4, $f8                   
/* 0086C 80A7480C 00000000 */  nop
/* 00870 80A74810 45020012 */  bc1fl   .L80A7485C                 
/* 00874 80A74814 8FA4002C */  lw      $a0, 0x002C($sp)           
/* 00878 80A74818 8E0F01D0 */  lw      $t7, 0x01D0($s0)           ## 000001D0
/* 0087C 80A7481C 26040228 */  addiu   $a0, $s0, 0x0228           ## $a0 = 00000228
/* 00880 80A74820 25F80001 */  addiu   $t8, $t7, 0x0001           ## $t8 = 00000001
/* 00884 80A74824 AE1801D0 */  sw      $t8, 0x01D0($s0)           ## 000001D0
/* 00888 80A74828 0C03FD43 */  jal     func_800FF50C              
/* 0088C 80A7482C 8FA5002C */  lw      $a1, 0x002C($sp)           
/* 00890 80A74830 8E0801CC */  lw      $t0, 0x01CC($s0)           ## 000001CC
/* 00894 80A74834 8E1901D0 */  lw      $t9, 0x01D0($s0)           ## 000001D0
/* 00898 80A74838 240A0002 */  addiu   $t2, $zero, 0x0002         ## $t2 = 00000002
/* 0089C 80A7483C 91090000 */  lbu     $t1, 0x0000($t0)           ## 00000000
/* 008A0 80A74840 02002025 */  or      $a0, $s0, $zero            ## $a0 = 00000000
/* 008A4 80A74844 0329082A */  slt     $at, $t9, $t1              
/* 008A8 80A74848 54200004 */  bnel    $at, $zero, .L80A7485C     
/* 008AC 80A7484C 8FA4002C */  lw      $a0, 0x002C($sp)           
/* 008B0 80A74850 0C29D222 */  jal     func_80A74888              
/* 008B4 80A74854 A60A01E0 */  sh      $t2, 0x01E0($s0)           ## 000001E0
/* 008B8 80A74858 8FA4002C */  lw      $a0, 0x002C($sp)           
.L80A7485C:
/* 008BC 80A7485C 0C03FE98 */  jal     func_800FFA60              
/* 008C0 80A74860 8FA50030 */  lw      $a1, 0x0030($sp)           
/* 008C4 80A74864 A60201EE */  sh      $v0, 0x01EE($s0)           ## 000001EE
/* 008C8 80A74868 860501EE */  lh      $a1, 0x01EE($s0)           ## 000001EE
/* 008CC 80A7486C 0C29D0DB */  jal     func_80A7436C              
/* 008D0 80A74870 02002025 */  or      $a0, $s0, $zero            ## $a0 = 00000000
/* 008D4 80A74874 8FBF0024 */  lw      $ra, 0x0024($sp)           
/* 008D8 80A74878 8FB00020 */  lw      $s0, 0x0020($sp)           
/* 008DC 80A7487C 27BD0048 */  addiu   $sp, $sp, 0x0048           ## $sp = 00000000
/* 008E0 80A74880 03E00008 */  jr      $ra                        
/* 008E4 80A74884 00000000 */  nop


glabel func_80A74888
/* 008E8 80A74888 27BDFFE8 */  addiu   $sp, $sp, 0xFFE8           ## $sp = FFFFFFE8
/* 008EC 80A7488C AFBF0014 */  sw      $ra, 0x0014($sp)           
/* 008F0 80A74890 00803025 */  or      $a2, $a0, $zero            ## $a2 = 00000000
/* 008F4 80A74894 00C02025 */  or      $a0, $a2, $zero            ## $a0 = 00000000
/* 008F8 80A74898 00002825 */  or      $a1, $zero, $zero          ## $a1 = 00000000
/* 008FC 80A7489C 0C29D144 */  jal     func_80A74510              
/* 00900 80A748A0 AFA60018 */  sw      $a2, 0x0018($sp)           
/* 00904 80A748A4 8FA60018 */  lw      $a2, 0x0018($sp)           
/* 00908 80A748A8 240E0002 */  addiu   $t6, $zero, 0x0002         ## $t6 = 00000002
/* 0090C 80A748AC A4CE01DA */  sh      $t6, 0x01DA($a2)           ## 000001DA
/* 00910 80A748B0 A4C001D8 */  sh      $zero, 0x01D8($a2)         ## 000001D8
/* 00914 80A748B4 24C4021C */  addiu   $a0, $a2, 0x021C           ## $a0 = 0000021C
/* 00918 80A748B8 0C03FD43 */  jal     func_800FF50C              
/* 0091C 80A748BC 24C50228 */  addiu   $a1, $a2, 0x0228           ## $a1 = 00000228
/* 00920 80A748C0 8FA60018 */  lw      $a2, 0x0018($sp)           
/* 00924 80A748C4 3C1880A7 */  lui     $t8, %hi(func_80A748E8)    ## $t8 = 80A70000
/* 00928 80A748C8 240F0001 */  addiu   $t7, $zero, 0x0001         ## $t7 = 00000001
/* 0092C 80A748CC 271848E8 */  addiu   $t8, $t8, %lo(func_80A748E8) ## $t8 = 80A748E8
/* 00930 80A748D0 A4CF01D4 */  sh      $t7, 0x01D4($a2)           ## 000001D4
/* 00934 80A748D4 ACD801C4 */  sw      $t8, 0x01C4($a2)           ## 000001C4
/* 00938 80A748D8 8FBF0014 */  lw      $ra, 0x0014($sp)           
/* 0093C 80A748DC 27BD0018 */  addiu   $sp, $sp, 0x0018           ## $sp = 00000000
/* 00940 80A748E0 03E00008 */  jr      $ra                        
/* 00944 80A748E4 00000000 */  nop


glabel func_80A748E8
/* 00948 80A748E8 27BDFFA0 */  addiu   $sp, $sp, 0xFFA0           ## $sp = FFFFFFA0
/* 0094C 80A748EC AFB00020 */  sw      $s0, 0x0020($sp)           
/* 00950 80A748F0 00808025 */  or      $s0, $a0, $zero            ## $s0 = 00000000
/* 00954 80A748F4 AFBF0024 */  sw      $ra, 0x0024($sp)           
/* 00958 80A748F8 AFA50064 */  sw      $a1, 0x0064($sp)           
/* 0095C 80A748FC 8FAE0064 */  lw      $t6, 0x0064($sp)           
/* 00960 80A74900 3C053CA3 */  lui     $a1, 0x3CA3                ## $a1 = 3CA30000
/* 00964 80A74904 3C063DCC */  lui     $a2, 0x3DCC                ## $a2 = 3DCC0000
/* 00968 80A74908 8DCF1CCC */  lw      $t7, 0x1CCC($t6)           ## 00001CCC
/* 0096C 80A7490C 3C073BA3 */  lui     $a3, 0x3BA3                ## $a3 = 3BA30000
/* 00970 80A74910 AFA0004C */  sw      $zero, 0x004C($sp)         
/* 00974 80A74914 AFA00048 */  sw      $zero, 0x0048($sp)         
/* 00978 80A74918 34E7D70A */  ori     $a3, $a3, 0xD70A           ## $a3 = 3BA3D70A
/* 0097C 80A7491C 34C6CCCD */  ori     $a2, $a2, 0xCCCD           ## $a2 = 3DCCCCCD
/* 00980 80A74920 34A5D70A */  ori     $a1, $a1, 0xD70A           ## $a1 = 3CA3D70A
/* 00984 80A74924 26040204 */  addiu   $a0, $s0, 0x0204           ## $a0 = 00000204
/* 00988 80A74928 0C03FF7E */  jal     func_800FFDF8              
/* 0098C 80A7492C AFAF005C */  sw      $t7, 0x005C($sp)           
/* 00990 80A74930 02002025 */  or      $a0, $s0, $zero            ## $a0 = 00000000
/* 00994 80A74934 0C02E3B2 */  jal     func_800B8EC8              
/* 00998 80A74938 240531F3 */  addiu   $a1, $zero, 0x31F3         ## $a1 = 000031F3
/* 0099C 80A7493C 86180032 */  lh      $t8, 0x0032($s0)           ## 00000032
/* 009A0 80A74940 861901EE */  lh      $t9, 0x01EE($s0)           ## 000001EE
/* 009A4 80A74944 3C014348 */  lui     $at, 0x4348                ## $at = 43480000
/* 009A8 80A74948 44813000 */  mtc1    $at, $f6                   ## $f6 = 200.00
/* 009AC 80A7494C 03194023 */  subu    $t0, $t8, $t9              
/* 009B0 80A74950 44882000 */  mtc1    $t0, $f4                   ## $f4 = 0.00
/* 009B4 80A74954 24090001 */  addiu   $t1, $zero, 0x0001         ## $t1 = 00000001
/* 009B8 80A74958 26040144 */  addiu   $a0, $s0, 0x0144           ## $a0 = 00000144
/* 009BC 80A7495C 46802020 */  cvt.s.w $f0, $f4                   
/* 009C0 80A74960 46000005 */  abs.s   $f0, $f0                   
/* 009C4 80A74964 4606003C */  c.lt.s  $f0, $f6                   
/* 009C8 80A74968 00000000 */  nop
/* 009CC 80A7496C 45020004 */  bc1fl   .L80A74980                 
/* 009D0 80A74970 860A01F4 */  lh      $t2, 0x01F4($s0)           ## 000001F4
/* 009D4 80A74974 0C04DB34 */  jal     func_80136CD0              
/* 009D8 80A74978 AFA90048 */  sw      $t1, 0x0048($sp)           
/* 009DC 80A7497C 860A01F4 */  lh      $t2, 0x01F4($s0)           ## 000001F4
.L80A74980:
/* 009E0 80A74980 240100FF */  addiu   $at, $zero, 0x00FF         ## $at = 000000FF
/* 009E4 80A74984 260401F4 */  addiu   $a0, $s0, 0x01F4           ## $a0 = 000001F4
/* 009E8 80A74988 11410010 */  beq     $t2, $at, .L80A749CC       
/* 009EC 80A7498C 00002825 */  or      $a1, $zero, $zero          ## $a1 = 00000000
/* 009F0 80A74990 44804000 */  mtc1    $zero, $f8                 ## $f8 = 0.00
/* 009F4 80A74994 240B0064 */  addiu   $t3, $zero, 0x0064         ## $t3 = 00000064
/* 009F8 80A74998 24060001 */  addiu   $a2, $zero, 0x0001         ## $a2 = 00000001
/* 009FC 80A7499C E6080070 */  swc1    $f8, 0x0070($s0)           ## 00000070
/* 00A00 80A749A0 AFAB0010 */  sw      $t3, 0x0010($sp)           
/* 00A04 80A749A4 0C03FFAF */  jal     func_800FFEBC              
/* 00A08 80A749A8 2407001E */  addiu   $a3, $zero, 0x001E         ## $a3 = 0000001E
/* 00A0C 80A749AC 860C01F4 */  lh      $t4, 0x01F4($s0)           ## 000001F4
/* 00A10 80A749B0 29810002 */  slti    $at, $t4, 0x0002           
/* 00A14 80A749B4 50200109 */  beql    $at, $zero, .L80A74DDC     
/* 00A18 80A749B8 8FBF0024 */  lw      $ra, 0x0024($sp)           
/* 00A1C 80A749BC 0C02D9C3 */  jal     func_800B670C              
/* 00A20 80A749C0 02002025 */  or      $a0, $s0, $zero            ## $a0 = 00000000
/* 00A24 80A749C4 10000105 */  beq     $zero, $zero, .L80A74DDC   
/* 00A28 80A749C8 8FBF0024 */  lw      $ra, 0x0024($sp)           
.L80A749CC:
/* 00A2C 80A749CC 860201E0 */  lh      $v0, 0x01E0($s0)           ## 000001E0
/* 00A30 80A749D0 24010001 */  addiu   $at, $zero, 0x0001         ## $at = 00000001
/* 00A34 80A749D4 10410005 */  beq     $v0, $at, .L80A749EC       
/* 00A38 80A749D8 24010002 */  addiu   $at, $zero, 0x0002         ## $at = 00000002
/* 00A3C 80A749DC 5041001A */  beql    $v0, $at, .L80A74A48       
/* 00A40 80A749E0 861901DE */  lh      $t9, 0x01DE($s0)           ## 000001DE
/* 00A44 80A749E4 10000058 */  beq     $zero, $zero, .L80A74B48   
/* 00A48 80A749E8 8FAE004C */  lw      $t6, 0x004C($sp)           
.L80A749EC:
/* 00A4C 80A749EC 860D01DC */  lh      $t5, 0x01DC($s0)           ## 000001DC
/* 00A50 80A749F0 240E0001 */  addiu   $t6, $zero, 0x0001         ## $t6 = 00000001
/* 00A54 80A749F4 02002025 */  or      $a0, $s0, $zero            ## $a0 = 00000000
/* 00A58 80A749F8 15A00007 */  bne     $t5, $zero, .L80A74A18     
/* 00A5C 80A749FC 00000000 */  nop
/* 00A60 80A74A00 AFAE004C */  sw      $t6, 0x004C($sp)           
/* 00A64 80A74A04 02002025 */  or      $a0, $s0, $zero            ## $a0 = 00000000
/* 00A68 80A74A08 0C29D37B */  jal     func_80A74DEC              
/* 00A6C 80A74A0C 8FA50064 */  lw      $a1, 0x0064($sp)           
/* 00A70 80A74A10 1000004D */  beq     $zero, $zero, .L80A74B48   
/* 00A74 80A74A14 8FAE004C */  lw      $t6, 0x004C($sp)           
.L80A74A18:
/* 00A78 80A74A18 0C29D0A7 */  jal     func_80A7429C              
/* 00A7C 80A74A1C 8FA50064 */  lw      $a1, 0x0064($sp)           
/* 00A80 80A74A20 54400049 */  bnel    $v0, $zero, .L80A74B48     
/* 00A84 80A74A24 8FAE004C */  lw      $t6, 0x004C($sp)           
/* 00A88 80A74A28 860F01F4 */  lh      $t7, 0x01F4($s0)           ## 000001F4
/* 00A8C 80A74A2C 240100FF */  addiu   $at, $zero, 0x00FF         ## $at = 000000FF
/* 00A90 80A74A30 241800FE */  addiu   $t8, $zero, 0x00FE         ## $t8 = 000000FE
/* 00A94 80A74A34 55E10044 */  bnel    $t7, $at, .L80A74B48       
/* 00A98 80A74A38 8FAE004C */  lw      $t6, 0x004C($sp)           
/* 00A9C 80A74A3C 10000041 */  beq     $zero, $zero, .L80A74B44   
/* 00AA0 80A74A40 A61801F4 */  sh      $t8, 0x01F4($s0)           ## 000001F4
/* 00AA4 80A74A44 861901DE */  lh      $t9, 0x01DE($s0)           ## 000001DE
.L80A74A48:
/* 00AA8 80A74A48 8FA2005C */  lw      $v0, 0x005C($sp)           
/* 00AAC 80A74A4C 5720001F */  bnel    $t9, $zero, .L80A74ACC     
/* 00AB0 80A74A50 C6100024 */  lwc1    $f16, 0x0024($s0)          ## 00000024
/* 00AB4 80A74A54 C44A0024 */  lwc1    $f10, 0x0024($v0)          ## 00000024
/* 00AB8 80A74A58 C6100228 */  lwc1    $f16, 0x0228($s0)          ## 00000228
/* 00ABC 80A74A5C C452002C */  lwc1    $f18, 0x002C($v0)          ## 0000002C
/* 00AC0 80A74A60 C6040230 */  lwc1    $f4, 0x0230($s0)           ## 00000230
/* 00AC4 80A74A64 46105081 */  sub.s   $f2, $f10, $f16            
/* 00AC8 80A74A68 8FA80048 */  lw      $t0, 0x0048($sp)           
/* 00ACC 80A74A6C 46049301 */  sub.s   $f12, $f18, $f4            
/* 00AD0 80A74A70 46021182 */  mul.s   $f6, $f2, $f2              
/* 00AD4 80A74A74 00000000 */  nop
/* 00AD8 80A74A78 460C6202 */  mul.s   $f8, $f12, $f12            
/* 00ADC 80A74A7C 46083000 */  add.s   $f0, $f6, $f8              
/* 00AE0 80A74A80 11000030 */  beq     $t0, $zero, .L80A74B44     
/* 00AE4 80A74A84 46000004 */  sqrt.s  $f0, $f0                   
/* 00AE8 80A74A88 8C490A6C */  lw      $t1, 0x0A6C($v0)           ## 00000A6C
/* 00AEC 80A74A8C 00095100 */  sll     $t2, $t1,  4               
/* 00AF0 80A74A90 0543002D */  bgezl   $t2, .L80A74B48            
/* 00AF4 80A74A94 8FAE004C */  lw      $t6, 0x004C($sp)           
/* 00AF8 80A74A98 C60A0208 */  lwc1    $f10, 0x0208($s0)          ## 00000208
/* 00AFC 80A74A9C 240B0001 */  addiu   $t3, $zero, 0x0001         ## $t3 = 00000001
/* 00B00 80A74AA0 02002025 */  or      $a0, $s0, $zero            ## $a0 = 00000000
/* 00B04 80A74AA4 460A003C */  c.lt.s  $f0, $f10                  
/* 00B08 80A74AA8 00000000 */  nop
/* 00B0C 80A74AAC 45020026 */  bc1fl   .L80A74B48                 
/* 00B10 80A74AB0 8FAE004C */  lw      $t6, 0x004C($sp)           
/* 00B14 80A74AB4 AFAB004C */  sw      $t3, 0x004C($sp)           
/* 00B18 80A74AB8 0C29D37B */  jal     func_80A74DEC              
/* 00B1C 80A74ABC 8FA50064 */  lw      $a1, 0x0064($sp)           
/* 00B20 80A74AC0 10000021 */  beq     $zero, $zero, .L80A74B48   
/* 00B24 80A74AC4 8FAE004C */  lw      $t6, 0x004C($sp)           
/* 00B28 80A74AC8 C6100024 */  lwc1    $f16, 0x0024($s0)          ## 00000024
.L80A74ACC:
/* 00B2C 80A74ACC C6120228 */  lwc1    $f18, 0x0228($s0)          ## 00000228
/* 00B30 80A74AD0 C604002C */  lwc1    $f4, 0x002C($s0)           ## 0000002C
/* 00B34 80A74AD4 C6060230 */  lwc1    $f6, 0x0230($s0)           ## 00000230
/* 00B38 80A74AD8 46128081 */  sub.s   $f2, $f16, $f18            
/* 00B3C 80A74ADC 3C0141A0 */  lui     $at, 0x41A0                ## $at = 41A00000
/* 00B40 80A74AE0 44818000 */  mtc1    $at, $f16                  ## $f16 = 20.00
/* 00B44 80A74AE4 46062301 */  sub.s   $f12, $f4, $f6             
/* 00B48 80A74AE8 46021202 */  mul.s   $f8, $f2, $f2              
/* 00B4C 80A74AEC 240C0005 */  addiu   $t4, $zero, 0x0005         ## $t4 = 00000005
/* 00B50 80A74AF0 240D0001 */  addiu   $t5, $zero, 0x0001         ## $t5 = 00000001
/* 00B54 80A74AF4 460C6282 */  mul.s   $f10, $f12, $f12           
/* 00B58 80A74AF8 2604021C */  addiu   $a0, $s0, 0x021C           ## $a0 = 0000021C
/* 00B5C 80A74AFC 26050228 */  addiu   $a1, $s0, 0x0228           ## $a1 = 00000228
/* 00B60 80A74B00 460A4000 */  add.s   $f0, $f8, $f10             
/* 00B64 80A74B04 46000004 */  sqrt.s  $f0, $f0                   
/* 00B68 80A74B08 4600803C */  c.lt.s  $f16, $f0                  
/* 00B6C 80A74B0C 00000000 */  nop
/* 00B70 80A74B10 4502000D */  bc1fl   .L80A74B48                 
/* 00B74 80A74B14 8FAE004C */  lw      $t6, 0x004C($sp)           
/* 00B78 80A74B18 A60C01DE */  sh      $t4, 0x01DE($s0)           ## 000001DE
/* 00B7C 80A74B1C AFAD004C */  sw      $t5, 0x004C($sp)           
/* 00B80 80A74B20 0C03FD43 */  jal     func_800FF50C              
/* 00B84 80A74B24 A60001DC */  sh      $zero, 0x01DC($s0)         ## 000001DC
/* 00B88 80A74B28 3C063E99 */  lui     $a2, 0x3E99                ## $a2 = 3E990000
/* 00B8C 80A74B2C 3C073E4C */  lui     $a3, 0x3E4C                ## $a3 = 3E4C0000
/* 00B90 80A74B30 34E7CCCD */  ori     $a3, $a3, 0xCCCD           ## $a3 = 3E4CCCCD
/* 00B94 80A74B34 34C6999A */  ori     $a2, $a2, 0x999A           ## $a2 = 3E99999A
/* 00B98 80A74B38 26040070 */  addiu   $a0, $s0, 0x0070           ## $a0 = 00000070
/* 00B9C 80A74B3C 0C03FF7E */  jal     func_800FFDF8              
/* 00BA0 80A74B40 3C054040 */  lui     $a1, 0x4040                ## $a1 = 40400000
.L80A74B44:
/* 00BA4 80A74B44 8FAE004C */  lw      $t6, 0x004C($sp)           
.L80A74B48:
/* 00BA8 80A74B48 55C00098 */  bnel    $t6, $zero, .L80A74DAC     
/* 00BAC 80A74B4C 860D01DA */  lh      $t5, 0x01DA($s0)           ## 000001DA
/* 00BB0 80A74B50 860F01DA */  lh      $t7, 0x01DA($s0)           ## 000001DA
/* 00BB4 80A74B54 C6120028 */  lwc1    $f18, 0x0028($s0)          ## 00000028
/* 00BB8 80A74B58 26040070 */  addiu   $a0, $s0, 0x0070           ## $a0 = 00000070
/* 00BBC 80A74B5C 11E00033 */  beq     $t7, $zero, .L80A74C2C     
/* 00BC0 80A74B60 E6120220 */  swc1    $f18, 0x0220($s0)          ## 00000220
/* 00BC4 80A74B64 0C021BF7 */  jal     func_80086FDC              
/* 00BC8 80A74B68 AFA40030 */  sw      $a0, 0x0030($sp)           
/* 00BCC 80A74B6C 3C0180A7 */  lui     $at, %hi(D_80A75C6C)       ## $at = 80A70000
/* 00BD0 80A74B70 C4245C6C */  lwc1    $f4, %lo(D_80A75C6C)($at)  
/* 00BD4 80A74B74 3C053DCC */  lui     $a1, 0x3DCC                ## $a1 = 3DCC0000
/* 00BD8 80A74B78 8FA40030 */  lw      $a0, 0x0030($sp)           
/* 00BDC 80A74B7C 4604003C */  c.lt.s  $f0, $f4                   
/* 00BE0 80A74B80 34A5CCCD */  ori     $a1, $a1, 0xCCCD           ## $a1 = 3DCCCCCD
/* 00BE4 80A74B84 3C063E4C */  lui     $a2, 0x3E4C                ## $a2 = 3E4C0000
/* 00BE8 80A74B88 45000006 */  bc1f    .L80A74BA4                 
/* 00BEC 80A74B8C 00000000 */  nop
/* 00BF0 80A74B90 861801D6 */  lh      $t8, 0x01D6($s0)           ## 000001D6
/* 00BF4 80A74B94 24190001 */  addiu   $t9, $zero, 0x0001         ## $t9 = 00000001
/* 00BF8 80A74B98 17000002 */  bne     $t8, $zero, .L80A74BA4     
/* 00BFC 80A74B9C 00000000 */  nop
/* 00C00 80A74BA0 A61901D6 */  sh      $t9, 0x01D6($s0)           ## 000001D6
.L80A74BA4:
/* 00C04 80A74BA4 0C03FF9A */  jal     func_800FFE68              
/* 00C08 80A74BA8 34C6CCCD */  ori     $a2, $a2, 0xCCCD           ## $a2 = 3E4CCCCD
/* 00C0C 80A74BAC 860801DA */  lh      $t0, 0x01DA($s0)           ## 000001DA
/* 00C10 80A74BB0 24010001 */  addiu   $at, $zero, 0x0001         ## $at = 00000001
/* 00C14 80A74BB4 24040064 */  addiu   $a0, $zero, 0x0064         ## $a0 = 00000064
/* 00C18 80A74BB8 1501007B */  bne     $t0, $at, .L80A74DA8       
/* 00C1C 80A74BBC 24050064 */  addiu   $a1, $zero, 0x0064         ## $a1 = 00000064
/* 00C20 80A74BC0 2609021C */  addiu   $t1, $s0, 0x021C           ## $t1 = 0000021C
/* 00C24 80A74BC4 260A0228 */  addiu   $t2, $s0, 0x0228           ## $t2 = 00000228
/* 00C28 80A74BC8 AFAA002C */  sw      $t2, 0x002C($sp)           
/* 00C2C 80A74BCC 0C03FD14 */  jal     func_800FF450              
/* 00C30 80A74BD0 AFA90030 */  sw      $t1, 0x0030($sp)           
/* 00C34 80A74BD4 A60201D8 */  sh      $v0, 0x01D8($s0)           ## 000001D8
/* 00C38 80A74BD8 8FA5002C */  lw      $a1, 0x002C($sp)           
/* 00C3C 80A74BDC 0C03FD43 */  jal     func_800FF50C              
/* 00C40 80A74BE0 27A4003C */  addiu   $a0, $sp, 0x003C           ## $a0 = FFFFFFDC
/* 00C44 80A74BE4 3C014396 */  lui     $at, 0x4396                ## $at = 43960000
/* 00C48 80A74BE8 44816000 */  mtc1    $at, $f12                  ## $f12 = 300.00
/* 00C4C 80A74BEC 0C05E570 */  jal     func_801795C0              
/* 00C50 80A74BF0 00000000 */  nop
/* 00C54 80A74BF4 C7A6003C */  lwc1    $f6, 0x003C($sp)           
/* 00C58 80A74BF8 3C014396 */  lui     $at, 0x4396                ## $at = 43960000
/* 00C5C 80A74BFC 44816000 */  mtc1    $at, $f12                  ## $f12 = 300.00
/* 00C60 80A74C00 46003200 */  add.s   $f8, $f6, $f0              
/* 00C64 80A74C04 0C05E570 */  jal     func_801795C0              
/* 00C68 80A74C08 E7A8003C */  swc1    $f8, 0x003C($sp)           
/* 00C6C 80A74C0C C7AA0044 */  lwc1    $f10, 0x0044($sp)          
/* 00C70 80A74C10 8FA40030 */  lw      $a0, 0x0030($sp)           
/* 00C74 80A74C14 27A5003C */  addiu   $a1, $sp, 0x003C           ## $a1 = FFFFFFDC
/* 00C78 80A74C18 46005400 */  add.s   $f16, $f10, $f0            
/* 00C7C 80A74C1C 0C03FD43 */  jal     func_800FF50C              
/* 00C80 80A74C20 E7B00044 */  swc1    $f16, 0x0044($sp)          
/* 00C84 80A74C24 10000061 */  beq     $zero, $zero, .L80A74DAC   
/* 00C88 80A74C28 860D01DA */  lh      $t5, 0x01DA($s0)           ## 000001DA
.L80A74C2C:
/* 00C8C 80A74C2C 3C063E99 */  lui     $a2, 0x3E99                ## $a2 = 3E990000
/* 00C90 80A74C30 3C073E4C */  lui     $a3, 0x3E4C                ## $a3 = 3E4C0000
/* 00C94 80A74C34 34E7CCCD */  ori     $a3, $a3, 0xCCCD           ## $a3 = 3E4CCCCD
/* 00C98 80A74C38 34C6999A */  ori     $a2, $a2, 0x999A           ## $a2 = 3E99999A
/* 00C9C 80A74C3C 0C03FF7E */  jal     func_800FFDF8              
/* 00CA0 80A74C40 3C054000 */  lui     $a1, 0x4000                ## $a1 = 40000000
/* 00CA4 80A74C44 27A4003C */  addiu   $a0, $sp, 0x003C           ## $a0 = FFFFFFDC
/* 00CA8 80A74C48 0C03FD43 */  jal     func_800FF50C              
/* 00CAC 80A74C4C 26050024 */  addiu   $a1, $s0, 0x0024           ## $a1 = 00000024
/* 00CB0 80A74C50 0C03FB61 */  jal     func_800FED84              
/* 00CB4 80A74C54 86040032 */  lh      $a0, 0x0032($s0)           ## 00000032
/* 00CB8 80A74C58 3C0141A0 */  lui     $at, 0x41A0                ## $at = 41A00000
/* 00CBC 80A74C5C 44812000 */  mtc1    $at, $f4                   ## $f4 = 20.00
/* 00CC0 80A74C60 C7B2003C */  lwc1    $f18, 0x003C($sp)          
/* 00CC4 80A74C64 46040182 */  mul.s   $f6, $f0, $f4              
/* 00CC8 80A74C68 46069200 */  add.s   $f8, $f18, $f6             
/* 00CCC 80A74C6C E7A8003C */  swc1    $f8, 0x003C($sp)           
/* 00CD0 80A74C70 0C03FB51 */  jal     func_800FED44              
/* 00CD4 80A74C74 86040032 */  lh      $a0, 0x0032($s0)           ## 00000032
/* 00CD8 80A74C78 3C0141A0 */  lui     $at, 0x41A0                ## $at = 41A00000
/* 00CDC 80A74C7C 44818000 */  mtc1    $at, $f16                  ## $f16 = 20.00
/* 00CE0 80A74C80 C7AA0044 */  lwc1    $f10, 0x0044($sp)          
/* 00CE4 80A74C84 3C0142C8 */  lui     $at, 0x42C8                ## $at = 42C80000
/* 00CE8 80A74C88 46100102 */  mul.s   $f4, $f0, $f16             
/* 00CEC 80A74C8C 44814000 */  mtc1    $at, $f8                   ## $f8 = 100.00
/* 00CF0 80A74C90 8FA40064 */  lw      $a0, 0x0064($sp)           
/* 00CF4 80A74C94 27A5003C */  addiu   $a1, $sp, 0x003C           ## $a1 = FFFFFFDC
/* 00CF8 80A74C98 24840830 */  addiu   $a0, $a0, 0x0830           ## $a0 = 00000830
/* 00CFC 80A74C9C 46045480 */  add.s   $f18, $f10, $f4            
/* 00D00 80A74CA0 E7B20044 */  swc1    $f18, 0x0044($sp)          
/* 00D04 80A74CA4 860C01EE */  lh      $t4, 0x01EE($s0)           ## 000001EE
/* 00D08 80A74CA8 860B0032 */  lh      $t3, 0x0032($s0)           ## 00000032
/* 00D0C 80A74CAC 016C6823 */  subu    $t5, $t3, $t4              
/* 00D10 80A74CB0 448D3000 */  mtc1    $t5, $f6                   ## $f6 = 0.00
/* 00D14 80A74CB4 00000000 */  nop
/* 00D18 80A74CB8 46803020 */  cvt.s.w $f0, $f6                   
/* 00D1C 80A74CBC 46000005 */  abs.s   $f0, $f0                   
/* 00D20 80A74CC0 4608003C */  c.lt.s  $f0, $f8                   
/* 00D24 80A74CC4 00000000 */  nop
/* 00D28 80A74CC8 4502001F */  bc1fl   .L80A74D48                 
/* 00D2C 80A74CCC 860C01D8 */  lh      $t4, 0x01D8($s0)           ## 000001D8
/* 00D30 80A74CD0 0C031688 */  jal     func_800C5A20              
/* 00D34 80A74CD4 3C0641A0 */  lui     $a2, 0x41A0                ## $a2 = 41A00000
/* 00D38 80A74CD8 14400007 */  bne     $v0, $zero, .L80A74CF8     
/* 00D3C 80A74CDC 2604021C */  addiu   $a0, $s0, 0x021C           ## $a0 = 0000021C
/* 00D40 80A74CE0 960E0090 */  lhu     $t6, 0x0090($s0)           ## 00000090
/* 00D44 80A74CE4 00002825 */  or      $a1, $zero, $zero          ## $a1 = 00000000
/* 00D48 80A74CE8 24060001 */  addiu   $a2, $zero, 0x0001         ## $a2 = 00000001
/* 00D4C 80A74CEC 31CF0008 */  andi    $t7, $t6, 0x0008           ## $t7 = 00000000
/* 00D50 80A74CF0 11E0000F */  beq     $t7, $zero, .L80A74D30     
/* 00D54 80A74CF4 240703E8 */  addiu   $a3, $zero, 0x03E8         ## $a3 = 000003E8
.L80A74CF8:
/* 00D58 80A74CF8 861801F2 */  lh      $t8, 0x01F2($s0)           ## 000001F2
/* 00D5C 80A74CFC A60001DC */  sh      $zero, 0x01DC($s0)         ## 000001DC
/* 00D60 80A74D00 26050228 */  addiu   $a1, $s0, 0x0228           ## $a1 = 00000228
/* 00D64 80A74D04 27190001 */  addiu   $t9, $t8, 0x0001           ## $t9 = 00000001
/* 00D68 80A74D08 0C03FD43 */  jal     func_800FF50C              
/* 00D6C 80A74D0C A61901F2 */  sh      $t9, 0x01F2($s0)           ## 000001F2
/* 00D70 80A74D10 860801F2 */  lh      $t0, 0x01F2($s0)           ## 000001F2
/* 00D74 80A74D14 2901000B */  slti    $at, $t0, 0x000B           
/* 00D78 80A74D18 5420000B */  bnel    $at, $zero, .L80A74D48     
/* 00D7C 80A74D1C 860C01D8 */  lh      $t4, 0x01D8($s0)           ## 000001D8
/* 00D80 80A74D20 860901F0 */  lh      $t1, 0x01F0($s0)           ## 000001F0
/* 00D84 80A74D24 252A2000 */  addiu   $t2, $t1, 0x2000           ## $t2 = 00002000
/* 00D88 80A74D28 10000006 */  beq     $zero, $zero, .L80A74D44   
/* 00D8C 80A74D2C A60A01F0 */  sh      $t2, 0x01F0($s0)           ## 000001F0
.L80A74D30:
/* 00D90 80A74D30 240B0064 */  addiu   $t3, $zero, 0x0064         ## $t3 = 00000064
/* 00D94 80A74D34 AFAB0010 */  sw      $t3, 0x0010($sp)           
/* 00D98 80A74D38 0C03FFAF */  jal     func_800FFEBC              
/* 00D9C 80A74D3C 260401F0 */  addiu   $a0, $s0, 0x01F0           ## $a0 = 000001F0
/* 00DA0 80A74D40 A60001F2 */  sh      $zero, 0x01F2($s0)         ## 000001F2
.L80A74D44:
/* 00DA4 80A74D44 860C01D8 */  lh      $t4, 0x01D8($s0)           ## 000001D8
.L80A74D48:
/* 00DA8 80A74D48 24040014 */  addiu   $a0, $zero, 0x0014         ## $a0 = 00000014
/* 00DAC 80A74D4C 11800013 */  beq     $t4, $zero, .L80A74D9C     
/* 00DB0 80A74D50 00000000 */  nop
/* 00DB4 80A74D54 C610021C */  lwc1    $f16, 0x021C($s0)          ## 0000021C
/* 00DB8 80A74D58 C60A0024 */  lwc1    $f10, 0x0024($s0)          ## 00000024
/* 00DBC 80A74D5C 3C014120 */  lui     $at, 0x4120                ## $at = 41200000
/* 00DC0 80A74D60 44811000 */  mtc1    $at, $f2                   ## $f2 = 10.00
/* 00DC4 80A74D64 460A8001 */  sub.s   $f0, $f16, $f10            
/* 00DC8 80A74D68 46000005 */  abs.s   $f0, $f0                   
/* 00DCC 80A74D6C 4602003C */  c.lt.s  $f0, $f2                   
/* 00DD0 80A74D70 00000000 */  nop
/* 00DD4 80A74D74 4502000D */  bc1fl   .L80A74DAC                 
/* 00DD8 80A74D78 860D01DA */  lh      $t5, 0x01DA($s0)           ## 000001DA
/* 00DDC 80A74D7C C6040224 */  lwc1    $f4, 0x0224($s0)           ## 00000224
/* 00DE0 80A74D80 C612002C */  lwc1    $f18, 0x002C($s0)          ## 0000002C
/* 00DE4 80A74D84 46122001 */  sub.s   $f0, $f4, $f18             
/* 00DE8 80A74D88 46000005 */  abs.s   $f0, $f0                   
/* 00DEC 80A74D8C 4602003C */  c.lt.s  $f0, $f2                   
/* 00DF0 80A74D90 00000000 */  nop
/* 00DF4 80A74D94 45020005 */  bc1fl   .L80A74DAC                 
/* 00DF8 80A74D98 860D01DA */  lh      $t5, 0x01DA($s0)           ## 000001DA
.L80A74D9C:
/* 00DFC 80A74D9C 0C03FD14 */  jal     func_800FF450              
/* 00E00 80A74DA0 2405001E */  addiu   $a1, $zero, 0x001E         ## $a1 = 0000001E
/* 00E04 80A74DA4 A60201DA */  sh      $v0, 0x01DA($s0)           ## 000001DA
.L80A74DA8:
/* 00E08 80A74DA8 860D01DA */  lh      $t5, 0x01DA($s0)           ## 000001DA
.L80A74DAC:
/* 00E0C 80A74DAC 26040024 */  addiu   $a0, $s0, 0x0024           ## $a0 = 00000024
/* 00E10 80A74DB0 55A0000A */  bnel    $t5, $zero, .L80A74DDC     
/* 00E14 80A74DB4 8FBF0024 */  lw      $ra, 0x0024($sp)           
/* 00E18 80A74DB8 0C03FE98 */  jal     func_800FFA60              
/* 00E1C 80A74DBC 2605021C */  addiu   $a1, $s0, 0x021C           ## $a1 = 0000021C
/* 00E20 80A74DC0 860E01F0 */  lh      $t6, 0x01F0($s0)           ## 000001F0
/* 00E24 80A74DC4 02002025 */  or      $a0, $s0, $zero            ## $a0 = 00000000
/* 00E28 80A74DC8 004E7821 */  addu    $t7, $v0, $t6              
/* 00E2C 80A74DCC A60F01EE */  sh      $t7, 0x01EE($s0)           ## 000001EE
/* 00E30 80A74DD0 0C29D0DB */  jal     func_80A7436C              
/* 00E34 80A74DD4 860501EE */  lh      $a1, 0x01EE($s0)           ## 000001EE
/* 00E38 80A74DD8 8FBF0024 */  lw      $ra, 0x0024($sp)           
.L80A74DDC:
/* 00E3C 80A74DDC 8FB00020 */  lw      $s0, 0x0020($sp)           
/* 00E40 80A74DE0 27BD0060 */  addiu   $sp, $sp, 0x0060           ## $sp = 00000000
/* 00E44 80A74DE4 03E00008 */  jr      $ra                        
/* 00E48 80A74DE8 00000000 */  nop


glabel func_80A74DEC
/* 00E4C 80A74DEC 27BDFFD8 */  addiu   $sp, $sp, 0xFFD8           ## $sp = FFFFFFD8
/* 00E50 80A74DF0 AFB00018 */  sw      $s0, 0x0018($sp)           
/* 00E54 80A74DF4 00808025 */  or      $s0, $a0, $zero            ## $s0 = 00000000
/* 00E58 80A74DF8 AFBF001C */  sw      $ra, 0x001C($sp)           
/* 00E5C 80A74DFC 00A03025 */  or      $a2, $a1, $zero            ## $a2 = 00000000
/* 00E60 80A74E00 8CCE1CCC */  lw      $t6, 0x1CCC($a2)           ## 00001CCC
/* 00E64 80A74E04 02002025 */  or      $a0, $s0, $zero            ## $a0 = 00000000
/* 00E68 80A74E08 24050001 */  addiu   $a1, $zero, 0x0001         ## $a1 = 00000001
/* 00E6C 80A74E0C AFAE0024 */  sw      $t6, 0x0024($sp)           
/* 00E70 80A74E10 0C29D144 */  jal     func_80A74510              
/* 00E74 80A74E14 A60001F0 */  sh      $zero, 0x01F0($s0)         ## 000001F0
/* 00E78 80A74E18 02002025 */  or      $a0, $s0, $zero            ## $a0 = 00000000
/* 00E7C 80A74E1C 0C02E3B2 */  jal     func_800B8EC8              
/* 00E80 80A74E20 240539F4 */  addiu   $a1, $zero, 0x39F4         ## $a1 = 000039F4
/* 00E84 80A74E24 8FA50024 */  lw      $a1, 0x0024($sp)           
/* 00E88 80A74E28 2606021C */  addiu   $a2, $s0, 0x021C           ## $a2 = 0000021C
/* 00E8C 80A74E2C 00C02025 */  or      $a0, $a2, $zero            ## $a0 = 0000021C
/* 00E90 80A74E30 AFA60020 */  sw      $a2, 0x0020($sp)           
/* 00E94 80A74E34 0C03FD43 */  jal     func_800FF50C              
/* 00E98 80A74E38 24A50024 */  addiu   $a1, $a1, 0x0024           ## $a1 = 00000024
/* 00E9C 80A74E3C 8FA50020 */  lw      $a1, 0x0020($sp)           
/* 00EA0 80A74E40 0C03FE98 */  jal     func_800FFA60              
/* 00EA4 80A74E44 26040024 */  addiu   $a0, $s0, 0x0024           ## $a0 = 00000024
/* 00EA8 80A74E48 3C0141F0 */  lui     $at, 0x41F0                ## $at = 41F00000
/* 00EAC 80A74E4C 44816000 */  mtc1    $at, $f12                  ## $f12 = 30.00
/* 00EB0 80A74E50 0C05E565 */  jal     func_80179594              
/* 00EB4 80A74E54 A60201EE */  sh      $v0, 0x01EE($s0)           ## 000001EE
/* 00EB8 80A74E58 3C1980A7 */  lui     $t9, %hi(func_80A74E90)    ## $t9 = 80A70000
/* 00EBC 80A74E5C 240F0046 */  addiu   $t7, $zero, 0x0046         ## $t7 = 00000046
/* 00EC0 80A74E60 24180002 */  addiu   $t8, $zero, 0x0002         ## $t8 = 00000002
/* 00EC4 80A74E64 27394E90 */  addiu   $t9, $t9, %lo(func_80A74E90) ## $t9 = 80A74E90
/* 00EC8 80A74E68 E600020C */  swc1    $f0, 0x020C($s0)           ## 0000020C
/* 00ECC 80A74E6C A60001DC */  sh      $zero, 0x01DC($s0)         ## 000001DC
/* 00ED0 80A74E70 A60F01D8 */  sh      $t7, 0x01D8($s0)           ## 000001D8
/* 00ED4 80A74E74 A61801D4 */  sh      $t8, 0x01D4($s0)           ## 000001D4
/* 00ED8 80A74E78 AE1901C4 */  sw      $t9, 0x01C4($s0)           ## 000001C4
/* 00EDC 80A74E7C 8FBF001C */  lw      $ra, 0x001C($sp)           
/* 00EE0 80A74E80 8FB00018 */  lw      $s0, 0x0018($sp)           
/* 00EE4 80A74E84 27BD0028 */  addiu   $sp, $sp, 0x0028           ## $sp = 00000000
/* 00EE8 80A74E88 03E00008 */  jr      $ra                        
/* 00EEC 80A74E8C 00000000 */  nop


glabel func_80A74E90
/* 00EF0 80A74E90 27BDFFB8 */  addiu   $sp, $sp, 0xFFB8           ## $sp = FFFFFFB8
/* 00EF4 80A74E94 AFB00020 */  sw      $s0, 0x0020($sp)           
/* 00EF8 80A74E98 00808025 */  or      $s0, $a0, $zero            ## $s0 = 00000000
/* 00EFC 80A74E9C AFBF0024 */  sw      $ra, 0x0024($sp)           
/* 00F00 80A74EA0 AFA5004C */  sw      $a1, 0x004C($sp)           
/* 00F04 80A74EA4 8FAE004C */  lw      $t6, 0x004C($sp)           
/* 00F08 80A74EA8 3C053CA3 */  lui     $a1, 0x3CA3                ## $a1 = 3CA30000
/* 00F0C 80A74EAC 3C063DCC */  lui     $a2, 0x3DCC                ## $a2 = 3DCC0000
/* 00F10 80A74EB0 8DCF1CCC */  lw      $t7, 0x1CCC($t6)           ## 00001CCC
/* 00F14 80A74EB4 3C073BA3 */  lui     $a3, 0x3BA3                ## $a3 = 3BA30000
/* 00F18 80A74EB8 34E7D70A */  ori     $a3, $a3, 0xD70A           ## $a3 = 3BA3D70A
/* 00F1C 80A74EBC 34C6CCCD */  ori     $a2, $a2, 0xCCCD           ## $a2 = 3DCCCCCD
/* 00F20 80A74EC0 34A5D70A */  ori     $a1, $a1, 0xD70A           ## $a1 = 3CA3D70A
/* 00F24 80A74EC4 26040204 */  addiu   $a0, $s0, 0x0204           ## $a0 = 00000204
/* 00F28 80A74EC8 0C03FF7E */  jal     func_800FFDF8              
/* 00F2C 80A74ECC AFAF0044 */  sw      $t7, 0x0044($sp)           
/* 00F30 80A74ED0 861801D8 */  lh      $t8, 0x01D8($s0)           ## 000001D8
/* 00F34 80A74ED4 8FB90044 */  lw      $t9, 0x0044($sp)           
/* 00F38 80A74ED8 13000008 */  beq     $t8, $zero, .L80A74EFC     
/* 00F3C 80A74EDC 00000000 */  nop
/* 00F40 80A74EE0 8F280A6C */  lw      $t0, 0x0A6C($t9)           ## 00000A6C
/* 00F44 80A74EE4 00084900 */  sll     $t1, $t0,  4               
/* 00F48 80A74EE8 05210004 */  bgez    $t1, .L80A74EFC            
/* 00F4C 80A74EEC 00000000 */  nop
/* 00F50 80A74EF0 860A01E0 */  lh      $t2, 0x01E0($s0)           ## 000001E0
/* 00F54 80A74EF4 55400006 */  bnel    $t2, $zero, .L80A74F10     
/* 00F58 80A74EF8 860B01F4 */  lh      $t3, 0x01F4($s0)           ## 000001F4
.L80A74EFC:
/* 00F5C 80A74EFC 0C29D222 */  jal     func_80A74888              
/* 00F60 80A74F00 02002025 */  or      $a0, $s0, $zero            ## $a0 = 00000000
/* 00F64 80A74F04 100000A7 */  beq     $zero, $zero, .L80A751A4   
/* 00F68 80A74F08 8FBF0024 */  lw      $ra, 0x0024($sp)           
/* 00F6C 80A74F0C 860B01F4 */  lh      $t3, 0x01F4($s0)           ## 000001F4
.L80A74F10:
/* 00F70 80A74F10 240100FF */  addiu   $at, $zero, 0x00FF         ## $at = 000000FF
/* 00F74 80A74F14 260401F4 */  addiu   $a0, $s0, 0x01F4           ## $a0 = 000001F4
/* 00F78 80A74F18 11610010 */  beq     $t3, $at, .L80A74F5C       
/* 00F7C 80A74F1C 00002825 */  or      $a1, $zero, $zero          ## $a1 = 00000000
/* 00F80 80A74F20 44802000 */  mtc1    $zero, $f4                 ## $f4 = 0.00
/* 00F84 80A74F24 240C0064 */  addiu   $t4, $zero, 0x0064         ## $t4 = 00000064
/* 00F88 80A74F28 24060001 */  addiu   $a2, $zero, 0x0001         ## $a2 = 00000001
/* 00F8C 80A74F2C E6040070 */  swc1    $f4, 0x0070($s0)           ## 00000070
/* 00F90 80A74F30 AFAC0010 */  sw      $t4, 0x0010($sp)           
/* 00F94 80A74F34 0C03FFAF */  jal     func_800FFEBC              
/* 00F98 80A74F38 2407001E */  addiu   $a3, $zero, 0x001E         ## $a3 = 0000001E
/* 00F9C 80A74F3C 860D01F4 */  lh      $t5, 0x01F4($s0)           ## 000001F4
/* 00FA0 80A74F40 29A10002 */  slti    $at, $t5, 0x0002           
/* 00FA4 80A74F44 50200097 */  beql    $at, $zero, .L80A751A4     
/* 00FA8 80A74F48 8FBF0024 */  lw      $ra, 0x0024($sp)           
/* 00FAC 80A74F4C 0C02D9C3 */  jal     func_800B670C              
/* 00FB0 80A74F50 02002025 */  or      $a0, $s0, $zero            ## $a0 = 00000000
/* 00FB4 80A74F54 10000093 */  beq     $zero, $zero, .L80A751A4   
/* 00FB8 80A74F58 8FBF0024 */  lw      $ra, 0x0024($sp)           
.L80A74F5C:
/* 00FBC 80A74F5C 0C04DB34 */  jal     func_80136CD0              
/* 00FC0 80A74F60 26040144 */  addiu   $a0, $s0, 0x0144           ## $a0 = 00000144
/* 00FC4 80A74F64 860E01DC */  lh      $t6, 0x01DC($s0)           ## 000001DC
/* 00FC8 80A74F68 15C00011 */  bne     $t6, $zero, .L80A74FB0     
/* 00FCC 80A74F6C 00000000 */  nop
/* 00FD0 80A74F70 860F0032 */  lh      $t7, 0x0032($s0)           ## 00000032
/* 00FD4 80A74F74 861801EE */  lh      $t8, 0x01EE($s0)           ## 000001EE
/* 00FD8 80A74F78 3C014348 */  lui     $at, 0x4348                ## $at = 43480000
/* 00FDC 80A74F7C 44814000 */  mtc1    $at, $f8                   ## $f8 = 200.00
/* 00FE0 80A74F80 01F8C823 */  subu    $t9, $t7, $t8              
/* 00FE4 80A74F84 44993000 */  mtc1    $t9, $f6                   ## $f6 = 0.00
/* 00FE8 80A74F88 8FA50044 */  lw      $a1, 0x0044($sp)           
/* 00FEC 80A74F8C 46803020 */  cvt.s.w $f0, $f6                   
/* 00FF0 80A74F90 24A50024 */  addiu   $a1, $a1, 0x0024           ## $a1 = 00000024
/* 00FF4 80A74F94 46000005 */  abs.s   $f0, $f0                   
/* 00FF8 80A74F98 4608003C */  c.lt.s  $f0, $f8                   
/* 00FFC 80A74F9C 00000000 */  nop
/* 01000 80A74FA0 45000003 */  bc1f    .L80A74FB0                 
/* 01004 80A74FA4 00000000 */  nop
/* 01008 80A74FA8 0C03FD43 */  jal     func_800FF50C              
/* 0100C 80A74FAC 2604021C */  addiu   $a0, $s0, 0x021C           ## $a0 = 0000021C
.L80A74FB0:
/* 01010 80A74FB0 0C021BF7 */  jal     func_80086FDC              
/* 01014 80A74FB4 00000000 */  nop
/* 01018 80A74FB8 3C0180A7 */  lui     $at, %hi(D_80A75C70)       ## $at = 80A70000
/* 0101C 80A74FBC C42A5C70 */  lwc1    $f10, %lo(D_80A75C70)($at) 
/* 01020 80A74FC0 460A003C */  c.lt.s  $f0, $f10                  
/* 01024 80A74FC4 00000000 */  nop
/* 01028 80A74FC8 4502000B */  bc1fl   .L80A74FF8                 
/* 0102C 80A74FCC 8FAA0044 */  lw      $t2, 0x0044($sp)           
/* 01030 80A74FD0 860801D6 */  lh      $t0, 0x01D6($s0)           ## 000001D6
/* 01034 80A74FD4 24090001 */  addiu   $t1, $zero, 0x0001         ## $t1 = 00000001
/* 01038 80A74FD8 3C0141F0 */  lui     $at, 0x41F0                ## $at = 41F00000
/* 0103C 80A74FDC 55000006 */  bnel    $t0, $zero, .L80A74FF8     
/* 01040 80A74FE0 8FAA0044 */  lw      $t2, 0x0044($sp)           
/* 01044 80A74FE4 44816000 */  mtc1    $at, $f12                  ## $f12 = 30.00
/* 01048 80A74FE8 0C05E565 */  jal     func_80179594              
/* 0104C 80A74FEC A60901D6 */  sh      $t1, 0x01D6($s0)           ## 000001D6
/* 01050 80A74FF0 E600020C */  swc1    $f0, 0x020C($s0)           ## 0000020C
/* 01054 80A74FF4 8FAA0044 */  lw      $t2, 0x0044($sp)           
.L80A74FF8:
/* 01058 80A74FF8 3C0141F0 */  lui     $at, 0x41F0                ## $at = 41F00000
/* 0105C 80A74FFC 44812000 */  mtc1    $at, $f4                   ## $f4 = 30.00
/* 01060 80A75000 C5520028 */  lwc1    $f18, 0x0028($t2)          ## 00000028
/* 01064 80A75004 C608020C */  lwc1    $f8, 0x020C($s0)           ## 0000020C
/* 01068 80A75008 3C063E99 */  lui     $a2, 0x3E99                ## $a2 = 3E990000
/* 0106C 80A7500C 46049180 */  add.s   $f6, $f18, $f4             
/* 01070 80A75010 34C6999A */  ori     $a2, $a2, 0x999A           ## $a2 = 3E99999A
/* 01074 80A75014 26040070 */  addiu   $a0, $s0, 0x0070           ## $a0 = 00000070
/* 01078 80A75018 3C0540A0 */  lui     $a1, 0x40A0                ## $a1 = 40A00000
/* 0107C 80A7501C 46083280 */  add.s   $f10, $f6, $f8             
/* 01080 80A75020 3C073F80 */  lui     $a3, 0x3F80                ## $a3 = 3F800000
/* 01084 80A75024 0C03FF7E */  jal     func_800FFDF8              
/* 01088 80A75028 E60A0220 */  swc1    $f10, 0x0220($s0)          ## 00000220
/* 0108C 80A7502C 860B01E0 */  lh      $t3, 0x01E0($s0)           ## 000001E0
/* 01090 80A75030 24010002 */  addiu   $at, $zero, 0x0002         ## $at = 00000002
/* 01094 80A75034 A60001F0 */  sh      $zero, 0x01F0($s0)         ## 000001F0
/* 01098 80A75038 55610017 */  bnel    $t3, $at, .L80A75098       
/* 0109C 80A7503C 26040228 */  addiu   $a0, $s0, 0x0228           ## $a0 = 00000228
/* 010A0 80A75040 C60E0024 */  lwc1    $f14, 0x0024($s0)          ## 00000024
/* 010A4 80A75044 C6120228 */  lwc1    $f18, 0x0228($s0)          ## 00000228
/* 010A8 80A75048 C610002C */  lwc1    $f16, 0x002C($s0)          ## 0000002C
/* 010AC 80A7504C C6040230 */  lwc1    $f4, 0x0230($s0)           ## 00000230
/* 010B0 80A75050 46127081 */  sub.s   $f2, $f14, $f18            
/* 010B4 80A75054 C60A0208 */  lwc1    $f10, 0x0208($s0)          ## 00000208
/* 010B8 80A75058 240C0014 */  addiu   $t4, $zero, 0x0014         ## $t4 = 00000014
/* 010BC 80A7505C 46048301 */  sub.s   $f12, $f16, $f4            
/* 010C0 80A75060 46021182 */  mul.s   $f6, $f2, $f2              
/* 010C4 80A75064 02002025 */  or      $a0, $s0, $zero            ## $a0 = 00000000
/* 010C8 80A75068 460C6202 */  mul.s   $f8, $f12, $f12            
/* 010CC 80A7506C 46083000 */  add.s   $f0, $f6, $f8              
/* 010D0 80A75070 46000004 */  sqrt.s  $f0, $f0                   
/* 010D4 80A75074 4600503C */  c.lt.s  $f10, $f0                  
/* 010D8 80A75078 00000000 */  nop
/* 010DC 80A7507C 4502000B */  bc1fl   .L80A750AC                 
/* 010E0 80A75080 8FA4004C */  lw      $a0, 0x004C($sp)           
/* 010E4 80A75084 0C29D222 */  jal     func_80A74888              
/* 010E8 80A75088 A60C01DE */  sh      $t4, 0x01DE($s0)           ## 000001DE
/* 010EC 80A7508C 10000045 */  beq     $zero, $zero, .L80A751A4   
/* 010F0 80A75090 8FBF0024 */  lw      $ra, 0x0024($sp)           
/* 010F4 80A75094 26040228 */  addiu   $a0, $s0, 0x0228           ## $a0 = 00000228
.L80A75098:
/* 010F8 80A75098 0C03FD43 */  jal     func_800FF50C              
/* 010FC 80A7509C 26050024 */  addiu   $a1, $s0, 0x0024           ## $a1 = 00000024
/* 01100 80A750A0 C60E0024 */  lwc1    $f14, 0x0024($s0)          ## 00000024
/* 01104 80A750A4 C610002C */  lwc1    $f16, 0x002C($s0)          ## 0000002C
/* 01108 80A750A8 8FA4004C */  lw      $a0, 0x004C($sp)           
.L80A750AC:
/* 0110C 80A750AC 44067000 */  mfc1    $a2, $f14                  
/* 01110 80A750B0 44078000 */  mfc1    $a3, $f16                  
/* 01114 80A750B4 260D0200 */  addiu   $t5, $s0, 0x0200           ## $t5 = 00000200
/* 01118 80A750B8 27AE0040 */  addiu   $t6, $sp, 0x0040           ## $t6 = FFFFFFF8
/* 0111C 80A750BC AFAE0014 */  sw      $t6, 0x0014($sp)           
/* 01120 80A750C0 AFAD0010 */  sw      $t5, 0x0010($sp)           
/* 01124 80A750C4 0C03286B */  jal     func_800CA1AC              
/* 01128 80A750C8 24850830 */  addiu   $a1, $a0, 0x0830           ## $a1 = 00000830
/* 0112C 80A750CC 1040000A */  beq     $v0, $zero, .L80A750F8     
/* 01130 80A750D0 3C014220 */  lui     $at, 0x4220                ## $at = 42200000
/* 01134 80A750D4 C6120200 */  lwc1    $f18, 0x0200($s0)          ## 00000200
/* 01138 80A750D8 44812000 */  mtc1    $at, $f4                   ## $f4 = 40.00
/* 0113C 80A750DC C6060220 */  lwc1    $f6, 0x0220($s0)           ## 00000220
/* 01140 80A750E0 46049001 */  sub.s   $f0, $f18, $f4             
/* 01144 80A750E4 4606003C */  c.lt.s  $f0, $f6                   
/* 01148 80A750E8 00000000 */  nop
/* 0114C 80A750EC 45020003 */  bc1fl   .L80A750FC                 
/* 01150 80A750F0 860F01E0 */  lh      $t7, 0x01E0($s0)           ## 000001E0
/* 01154 80A750F4 E6000220 */  swc1    $f0, 0x0220($s0)           ## 00000220
.L80A750F8:
/* 01158 80A750F8 860F01E0 */  lh      $t7, 0x01E0($s0)           ## 000001E0
.L80A750FC:
/* 0115C 80A750FC 24010001 */  addiu   $at, $zero, 0x0001         ## $at = 00000001
/* 01160 80A75100 02002025 */  or      $a0, $s0, $zero            ## $a0 = 00000000
/* 01164 80A75104 55E1000D */  bnel    $t7, $at, .L80A7513C       
/* 01168 80A75108 2608021C */  addiu   $t0, $s0, 0x021C           ## $t0 = 0000021C
/* 0116C 80A7510C 0C29D0A7 */  jal     func_80A7429C              
/* 01170 80A75110 8FA5004C */  lw      $a1, 0x004C($sp)           
/* 01174 80A75114 54400009 */  bnel    $v0, $zero, .L80A7513C     
/* 01178 80A75118 2608021C */  addiu   $t0, $s0, 0x021C           ## $t0 = 0000021C
/* 0117C 80A7511C 861801F4 */  lh      $t8, 0x01F4($s0)           ## 000001F4
/* 01180 80A75120 240100FF */  addiu   $at, $zero, 0x00FF         ## $at = 000000FF
/* 01184 80A75124 241900FE */  addiu   $t9, $zero, 0x00FE         ## $t9 = 000000FE
/* 01188 80A75128 5701001E */  bnel    $t8, $at, .L80A751A4       
/* 0118C 80A7512C 8FBF0024 */  lw      $ra, 0x0024($sp)           
/* 01190 80A75130 1000001B */  beq     $zero, $zero, .L80A751A0   
/* 01194 80A75134 A61901F4 */  sh      $t9, 0x01F4($s0)           ## 000001F4
/* 01198 80A75138 2608021C */  addiu   $t0, $s0, 0x021C           ## $t0 = 0000021C
.L80A7513C:
/* 0119C 80A7513C 26090024 */  addiu   $t1, $s0, 0x0024           ## $t1 = 00000024
/* 011A0 80A75140 AFA9002C */  sw      $t1, 0x002C($sp)           
/* 011A4 80A75144 AFA80030 */  sw      $t0, 0x0030($sp)           
/* 011A8 80A75148 920A028C */  lbu     $t2, 0x028C($s0)           ## 0000028C
/* 011AC 80A7514C 2404001E */  addiu   $a0, $zero, 0x001E         ## $a0 = 0000001E
/* 011B0 80A75150 314B0002 */  andi    $t3, $t2, 0x0002           ## $t3 = 00000000
/* 011B4 80A75154 5160000C */  beql    $t3, $zero, .L80A75188     
/* 011B8 80A75158 8FA4002C */  lw      $a0, 0x002C($sp)           
/* 011BC 80A7515C 0C03FD14 */  jal     func_800FF450              
/* 011C0 80A75160 2405001E */  addiu   $a1, $zero, 0x001E         ## $a1 = 0000001E
/* 011C4 80A75164 860D01E0 */  lh      $t5, 0x01E0($s0)           ## 000001E0
/* 011C8 80A75168 240C0064 */  addiu   $t4, $zero, 0x0064         ## $t4 = 00000064
/* 011CC 80A7516C 24010002 */  addiu   $at, $zero, 0x0002         ## $at = 00000002
/* 011D0 80A75170 A60201DC */  sh      $v0, 0x01DC($s0)           ## 000001DC
/* 011D4 80A75174 11A10003 */  beq     $t5, $at, .L80A75184       
/* 011D8 80A75178 A60C01D8 */  sh      $t4, 0x01D8($s0)           ## 000001D8
/* 011DC 80A7517C 0C29D222 */  jal     func_80A74888              
/* 011E0 80A75180 02002025 */  or      $a0, $s0, $zero            ## $a0 = 00000000
.L80A75184:
/* 011E4 80A75184 8FA4002C */  lw      $a0, 0x002C($sp)           
.L80A75188:
/* 011E8 80A75188 0C03FE98 */  jal     func_800FFA60              
/* 011EC 80A7518C 8FA50030 */  lw      $a1, 0x0030($sp)           
/* 011F0 80A75190 A60201EE */  sh      $v0, 0x01EE($s0)           ## 000001EE
/* 011F4 80A75194 860501EE */  lh      $a1, 0x01EE($s0)           ## 000001EE
/* 011F8 80A75198 0C29D0DB */  jal     func_80A7436C              
/* 011FC 80A7519C 02002025 */  or      $a0, $s0, $zero            ## $a0 = 00000000
.L80A751A0:
/* 01200 80A751A0 8FBF0024 */  lw      $ra, 0x0024($sp)           
.L80A751A4:
/* 01204 80A751A4 8FB00020 */  lw      $s0, 0x0020($sp)           
/* 01208 80A751A8 27BD0048 */  addiu   $sp, $sp, 0x0048           ## $sp = 00000000
/* 0120C 80A751AC 03E00008 */  jr      $ra                        
/* 01210 80A751B0 00000000 */  nop


glabel func_80A751B4
/* 01214 80A751B4 27BDFFD0 */  addiu   $sp, $sp, 0xFFD0           ## $sp = FFFFFFD0
/* 01218 80A751B8 AFB00028 */  sw      $s0, 0x0028($sp)           
/* 0121C 80A751BC 00808025 */  or      $s0, $a0, $zero            ## $s0 = 00000000
/* 01220 80A751C0 AFBF002C */  sw      $ra, 0x002C($sp)           
/* 01224 80A751C4 8E0E0004 */  lw      $t6, 0x0004($s0)           ## 00000004
/* 01228 80A751C8 3C010800 */  lui     $at, 0x0800                ## $at = 08000000
/* 0122C 80A751CC 860801E0 */  lh      $t0, 0x01E0($s0)           ## 000001E0
/* 01230 80A751D0 01C17825 */  or      $t7, $t6, $at              ## $t7 = 08000000
/* 01234 80A751D4 2401FFFE */  addiu   $at, $zero, 0xFFFE         ## $at = FFFFFFFE
/* 01238 80A751D8 01E1C824 */  and     $t9, $t7, $at              
/* 0123C 80A751DC AE0F0004 */  sw      $t7, 0x0004($s0)           ## 00000004
/* 01240 80A751E0 2901000A */  slti    $at, $t0, 0x000A           
/* 01244 80A751E4 A60001EC */  sh      $zero, 0x01EC($s0)         ## 000001EC
/* 01248 80A751E8 10200006 */  beq     $at, $zero, .L80A75204     
/* 0124C 80A751EC AE190004 */  sw      $t9, 0x0004($s0)           ## 00000004
/* 01250 80A751F0 02002025 */  or      $a0, $s0, $zero            ## $a0 = 00000000
/* 01254 80A751F4 0C29D144 */  jal     func_80A74510              
/* 01258 80A751F8 24050002 */  addiu   $a1, $zero, 0x0002         ## $a1 = 00000002
/* 0125C 80A751FC 10000034 */  beq     $zero, $zero, .L80A752D0   
/* 01260 80A75200 2419000A */  addiu   $t9, $zero, 0x000A         ## $t9 = 0000000A
.L80A75204:
/* 01264 80A75204 3C040600 */  lui     $a0, 0x0600                ## $a0 = 06000000
/* 01268 80A75208 0C04D1D2 */  jal     func_80134748              
/* 0126C 80A7520C 24843904 */  addiu   $a0, $a0, 0x3904           ## $a0 = 06003904
/* 01270 80A75210 44822000 */  mtc1    $v0, $f4                   ## $f4 = 0.00
/* 01274 80A75214 44803000 */  mtc1    $zero, $f6                 ## $f6 = 0.00
/* 01278 80A75218 3C050600 */  lui     $a1, 0x0600                ## $a1 = 06000000
/* 0127C 80A7521C 46802020 */  cvt.s.w $f0, $f4                   
/* 01280 80A75220 24090002 */  addiu   $t1, $zero, 0x0002         ## $t1 = 00000002
/* 01284 80A75224 24A53904 */  addiu   $a1, $a1, 0x3904           ## $a1 = 06003904
/* 01288 80A75228 26040144 */  addiu   $a0, $s0, 0x0144           ## $a0 = 00000144
/* 0128C 80A7522C 3C063F80 */  lui     $a2, 0x3F80                ## $a2 = 3F800000
/* 01290 80A75230 E60001F8 */  swc1    $f0, 0x01F8($s0)           ## 000001F8
/* 01294 80A75234 44070000 */  mfc1    $a3, $f0                   
/* 01298 80A75238 AFA90014 */  sw      $t1, 0x0014($sp)           
/* 0129C 80A7523C E7A00010 */  swc1    $f0, 0x0010($sp)           
/* 012A0 80A75240 0C04DCFA */  jal     func_801373E8              
/* 012A4 80A75244 E7A60018 */  swc1    $f6, 0x0018($sp)           
/* 012A8 80A75248 24040014 */  addiu   $a0, $zero, 0x0014         ## $a0 = 00000014
/* 012AC 80A7524C 0C03FD14 */  jal     func_800FF450              
/* 012B0 80A75250 2405001E */  addiu   $a1, $zero, 0x001E         ## $a1 = 0000001E
/* 012B4 80A75254 240A4000 */  addiu   $t2, $zero, 0x4000         ## $t2 = 00004000
/* 012B8 80A75258 A60201D8 */  sh      $v0, 0x01D8($s0)           ## 000001D8
/* 012BC 80A7525C 0C021BF7 */  jal     func_80086FDC              
/* 012C0 80A75260 A60A01E4 */  sh      $t2, 0x01E4($s0)           ## 000001E4
/* 012C4 80A75264 3C013F00 */  lui     $at, 0x3F00                ## $at = 3F000000
/* 012C8 80A75268 44816000 */  mtc1    $at, $f12                  ## $f12 = 0.50
/* 012CC 80A7526C 240BC000 */  addiu   $t3, $zero, 0xC000         ## $t3 = FFFFC000
/* 012D0 80A75270 240E001E */  addiu   $t6, $zero, 0x001E         ## $t6 = 0000001E
/* 012D4 80A75274 460C003C */  c.lt.s  $f0, $f12                  
/* 012D8 80A75278 00000000 */  nop
/* 012DC 80A7527C 45020003 */  bc1fl   .L80A7528C                 
/* 012E0 80A75280 86020032 */  lh      $v0, 0x0032($s0)           ## 00000032
/* 012E4 80A75284 A60B01E4 */  sh      $t3, 0x01E4($s0)           ## 000001E4
/* 012E8 80A75288 86020032 */  lh      $v0, 0x0032($s0)           ## 00000032
.L80A7528C:
/* 012EC 80A7528C 860C0030 */  lh      $t4, 0x0030($s0)           ## 00000030
/* 012F0 80A75290 860D0034 */  lh      $t5, 0x0034($s0)           ## 00000034
/* 012F4 80A75294 A60E01D8 */  sh      $t6, 0x01D8($s0)           ## 000001D8
/* 012F8 80A75298 A60201E6 */  sh      $v0, 0x01E6($s0)           ## 000001E6
/* 012FC 80A7529C A60200BE */  sh      $v0, 0x00BE($s0)           ## 000000BE
/* 01300 80A752A0 A60C00BC */  sh      $t4, 0x00BC($s0)           ## 000000BC
/* 01304 80A752A4 0C05E565 */  jal     func_80179594              
/* 01308 80A752A8 A60D00C0 */  sh      $t5, 0x00C0($s0)           ## 000000C0
/* 0130C 80A752AC 3C014700 */  lui     $at, 0x4700                ## $at = 47000000
/* 01310 80A752B0 44816000 */  mtc1    $at, $f12                  ## $f12 = 32768.00
/* 01314 80A752B4 0C05E570 */  jal     func_801795C0              
/* 01318 80A752B8 E6000070 */  swc1    $f0, 0x0070($s0)           ## 00000070
/* 0131C 80A752BC 4600020D */  trunc.w.s $f8, $f0                   
/* 01320 80A752C0 44184000 */  mfc1    $t8, $f8                   
/* 01324 80A752C4 00000000 */  nop
/* 01328 80A752C8 A6180032 */  sh      $t8, 0x0032($s0)           ## 00000032
/* 0132C 80A752CC 2419000A */  addiu   $t9, $zero, 0x000A         ## $t9 = 0000000A
.L80A752D0:
/* 01330 80A752D0 AFB90010 */  sw      $t9, 0x0010($sp)           
/* 01334 80A752D4 02002025 */  or      $a0, $s0, $zero            ## $a0 = 00000000
/* 01338 80A752D8 24054000 */  addiu   $a1, $zero, 0x4000         ## $a1 = 00004000
/* 0133C 80A752DC 240600FF */  addiu   $a2, $zero, 0x00FF         ## $a2 = 000000FF
/* 01340 80A752E0 0C02F2DC */  jal     func_800BCB70              
/* 01344 80A752E4 00003825 */  or      $a3, $zero, $zero          ## $a3 = 00000000
/* 01348 80A752E8 3C0980A7 */  lui     $t1, %hi(func_80A75310)    ## $t1 = 80A70000
/* 0134C 80A752EC 24080003 */  addiu   $t0, $zero, 0x0003         ## $t0 = 00000003
/* 01350 80A752F0 25295310 */  addiu   $t1, $t1, %lo(func_80A75310) ## $t1 = 80A75310
/* 01354 80A752F4 A60801D4 */  sh      $t0, 0x01D4($s0)           ## 000001D4
/* 01358 80A752F8 AE0901C4 */  sw      $t1, 0x01C4($s0)           ## 000001C4
/* 0135C 80A752FC 8FBF002C */  lw      $ra, 0x002C($sp)           
/* 01360 80A75300 8FB00028 */  lw      $s0, 0x0028($sp)           
/* 01364 80A75304 27BD0030 */  addiu   $sp, $sp, 0x0030           ## $sp = 00000000
/* 01368 80A75308 03E00008 */  jr      $ra                        
/* 0136C 80A7530C 00000000 */  nop


glabel func_80A75310
/* 01370 80A75310 27BDFF80 */  addiu   $sp, $sp, 0xFF80           ## $sp = FFFFFF80
/* 01374 80A75314 AFB30048 */  sw      $s3, 0x0048($sp)           
/* 01378 80A75318 AFB20044 */  sw      $s2, 0x0044($sp)           
/* 0137C 80A7531C 00809025 */  or      $s2, $a0, $zero            ## $s2 = 00000000
/* 01380 80A75320 00A09825 */  or      $s3, $a1, $zero            ## $s3 = 00000000
/* 01384 80A75324 AFBF004C */  sw      $ra, 0x004C($sp)           
/* 01388 80A75328 AFB10040 */  sw      $s1, 0x0040($sp)           
/* 0138C 80A7532C AFB0003C */  sw      $s0, 0x003C($sp)           
/* 01390 80A75330 F7B60030 */  sdc1    $f22, 0x0030($sp)          
/* 01394 80A75334 F7B40028 */  sdc1    $f20, 0x0028($sp)          
/* 01398 80A75338 0C04DB34 */  jal     func_80136CD0              
/* 0139C 80A7533C 26440144 */  addiu   $a0, $s2, 0x0144           ## $a0 = 00000144
/* 013A0 80A75340 864E01E0 */  lh      $t6, 0x01E0($s2)           ## 000001E0
/* 013A4 80A75344 29C1000A */  slti    $at, $t6, 0x000A           
/* 013A8 80A75348 50200024 */  beql    $at, $zero, .L80A753DC     
/* 013AC 80A7534C 240903E8 */  addiu   $t1, $zero, 0x03E8         ## $t1 = 000003E8
/* 013B0 80A75350 C640015C */  lwc1    $f0, 0x015C($s2)           ## 0000015C
/* 013B4 80A75354 C64401F8 */  lwc1    $f4, 0x01F8($s2)           ## 000001F8
/* 013B8 80A75358 00008825 */  or      $s1, $zero, $zero          ## $s1 = 00000000
/* 013BC 80A7535C 26641CA0 */  addiu   $a0, $s3, 0x1CA0           ## $a0 = 00001CA0
/* 013C0 80A75360 4600203E */  c.le.s  $f4, $f0                   
/* 013C4 80A75364 02408025 */  or      $s0, $s2, $zero            ## $s0 = 00000000
/* 013C8 80A75368 45020093 */  bc1fl   .L80A755B8                 
/* 013CC 80A7536C 8FBF004C */  lw      $ra, 0x004C($sp)           
/* 013D0 80A75370 AFA40058 */  sw      $a0, 0x0058($sp)           
.L80A75374:
/* 013D4 80A75374 C6060238 */  lwc1    $f6, 0x0238($s0)           ## 00000238
/* 013D8 80A75378 8E070234 */  lw      $a3, 0x0234($s0)           ## 00000234
/* 013DC 80A7537C 2628000A */  addiu   $t0, $s1, 0x000A           ## $t0 = 0000000A
/* 013E0 80A75380 E7A60010 */  swc1    $f6, 0x0010($sp)           
/* 013E4 80A75384 C608023C */  lwc1    $f8, 0x023C($s0)           ## 0000023C
/* 013E8 80A75388 8FA40058 */  lw      $a0, 0x0058($sp)           
/* 013EC 80A7538C 02602825 */  or      $a1, $s3, $zero            ## $a1 = 00000000
/* 013F0 80A75390 E7A80014 */  swc1    $f8, 0x0014($sp)           
/* 013F4 80A75394 864F0030 */  lh      $t7, 0x0030($s2)           ## 00000030
/* 013F8 80A75398 24060180 */  addiu   $a2, $zero, 0x0180         ## $a2 = 00000180
/* 013FC 80A7539C AFAF0018 */  sw      $t7, 0x0018($sp)           
/* 01400 80A753A0 86580032 */  lh      $t8, 0x0032($s2)           ## 00000032
/* 01404 80A753A4 AFB8001C */  sw      $t8, 0x001C($sp)           
/* 01408 80A753A8 86590034 */  lh      $t9, 0x0034($s2)           ## 00000034
/* 0140C 80A753AC AFA80024 */  sw      $t0, 0x0024($sp)           
/* 01410 80A753B0 0C02EB18 */  jal     func_800BAC60              
/* 01414 80A753B4 AFB90020 */  sw      $t9, 0x0020($sp)           
/* 01418 80A753B8 26310001 */  addiu   $s1, $s1, 0x0001           ## $s1 = 00000001
/* 0141C 80A753BC 24010005 */  addiu   $at, $zero, 0x0005         ## $at = 00000005
/* 01420 80A753C0 1621FFEC */  bne     $s1, $at, .L80A75374       
/* 01424 80A753C4 2610000C */  addiu   $s0, $s0, 0x000C           ## $s0 = 0000000C
/* 01428 80A753C8 0C02D9C3 */  jal     func_800B670C              
/* 0142C 80A753CC 02402025 */  or      $a0, $s2, $zero            ## $a0 = 00000000
/* 01430 80A753D0 10000079 */  beq     $zero, $zero, .L80A755B8   
/* 01434 80A753D4 8FBF004C */  lw      $ra, 0x004C($sp)           
/* 01438 80A753D8 240903E8 */  addiu   $t1, $zero, 0x03E8         ## $t1 = 000003E8
.L80A753DC:
/* 0143C 80A753DC 00008025 */  or      $s0, $zero, $zero          ## $s0 = 00000000
/* 01440 80A753E0 AFA90010 */  sw      $t1, 0x0010($sp)           
/* 01444 80A753E4 264400BC */  addiu   $a0, $s2, 0x00BC           ## $a0 = 000000BC
/* 01448 80A753E8 00002825 */  or      $a1, $zero, $zero          ## $a1 = 00000000
/* 0144C 80A753EC 24060005 */  addiu   $a2, $zero, 0x0005         ## $a2 = 00000005
/* 01450 80A753F0 0C03FFAF */  jal     func_800FFEBC              
/* 01454 80A753F4 24072710 */  addiu   $a3, $zero, 0x2710         ## $a3 = 00002710
/* 01458 80A753F8 864501E4 */  lh      $a1, 0x01E4($s2)           ## 000001E4
/* 0145C 80A753FC 240A03E8 */  addiu   $t2, $zero, 0x03E8         ## $t2 = 000003E8
/* 01460 80A75400 AFAA0010 */  sw      $t2, 0x0010($sp)           
/* 01464 80A75404 264400C0 */  addiu   $a0, $s2, 0x00C0           ## $a0 = 000000C0
/* 01468 80A75408 24060005 */  addiu   $a2, $zero, 0x0005         ## $a2 = 00000005
/* 0146C 80A7540C 0C03FFAF */  jal     func_800FFEBC              
/* 01470 80A75410 24072710 */  addiu   $a3, $zero, 0x2710         ## $a3 = 00002710
/* 01474 80A75414 864501E6 */  lh      $a1, 0x01E6($s2)           ## 000001E6
/* 01478 80A75418 240B03E8 */  addiu   $t3, $zero, 0x03E8         ## $t3 = 000003E8
/* 0147C 80A7541C AFAB0010 */  sw      $t3, 0x0010($sp)           
/* 01480 80A75420 264400BE */  addiu   $a0, $s2, 0x00BE           ## $a0 = 000000BE
/* 01484 80A75424 24060005 */  addiu   $a2, $zero, 0x0005         ## $a2 = 00000005
/* 01488 80A75428 0C03FFAF */  jal     func_800FFEBC              
/* 0148C 80A7542C 24072710 */  addiu   $a3, $zero, 0x2710         ## $a3 = 00002710
/* 01490 80A75430 0C021BF7 */  jal     func_80086FDC              
/* 01494 80A75434 00000000 */  nop
/* 01498 80A75438 3C0180A7 */  lui     $at, %hi(D_80A75C74)       ## $at = 80A70000
/* 0149C 80A7543C C4345C74 */  lwc1    $f20, %lo(D_80A75C74)($at) 
/* 014A0 80A75440 02602025 */  or      $a0, $s3, $zero            ## $a0 = 00000000
/* 014A4 80A75444 26650830 */  addiu   $a1, $s3, 0x0830           ## $a1 = 00000830
/* 014A8 80A75448 4614003C */  c.lt.s  $f0, $f20                  
/* 014AC 80A7544C 264E0200 */  addiu   $t6, $s2, 0x0200           ## $t6 = 00000200
/* 014B0 80A75450 27AF0074 */  addiu   $t7, $sp, 0x0074           ## $t7 = FFFFFFF4
/* 014B4 80A75454 45020007 */  bc1fl   .L80A75474                 
/* 014B8 80A75458 8E460024 */  lw      $a2, 0x0024($s2)           ## 00000024
/* 014BC 80A7545C 864C01D6 */  lh      $t4, 0x01D6($s2)           ## 000001D6
/* 014C0 80A75460 240D0001 */  addiu   $t5, $zero, 0x0001         ## $t5 = 00000001
/* 014C4 80A75464 55800003 */  bnel    $t4, $zero, .L80A75474     
/* 014C8 80A75468 8E460024 */  lw      $a2, 0x0024($s2)           ## 00000024
/* 014CC 80A7546C A64D01D6 */  sh      $t5, 0x01D6($s2)           ## 000001D6
/* 014D0 80A75470 8E460024 */  lw      $a2, 0x0024($s2)           ## 00000024
.L80A75474:
/* 014D4 80A75474 8E47002C */  lw      $a3, 0x002C($s2)           ## 0000002C
/* 014D8 80A75478 AFAF0014 */  sw      $t7, 0x0014($sp)           
/* 014DC 80A7547C 0C03286B */  jal     func_800CA1AC              
/* 014E0 80A75480 AFAE0010 */  sw      $t6, 0x0010($sp)           
/* 014E4 80A75484 10400010 */  beq     $v0, $zero, .L80A754C8     
/* 014E8 80A75488 3C014170 */  lui     $at, 0x4170                ## $at = 41700000
/* 014EC 80A7548C 44818000 */  mtc1    $at, $f16                  ## $f16 = 15.00
/* 014F0 80A75490 C64A0200 */  lwc1    $f10, 0x0200($s2)          ## 00000200
/* 014F4 80A75494 C6520028 */  lwc1    $f18, 0x0028($s2)          ## 00000028
/* 014F8 80A75498 26440028 */  addiu   $a0, $s2, 0x0028           ## $a0 = 00000028
/* 014FC 80A7549C 46105001 */  sub.s   $f0, $f10, $f16            
/* 01500 80A754A0 4612003E */  c.le.s  $f0, $f18                  
/* 01504 80A754A4 00000000 */  nop
/* 01508 80A754A8 45020004 */  bc1fl   .L80A754BC                 
/* 0150C 80A754AC 44050000 */  mfc1    $a1, $f0                   
/* 01510 80A754B0 10000005 */  beq     $zero, $zero, .L80A754C8   
/* 01514 80A754B4 24100001 */  addiu   $s0, $zero, 0x0001         ## $s0 = 00000001
/* 01518 80A754B8 44050000 */  mfc1    $a1, $f0                   
.L80A754BC:
/* 0151C 80A754BC 4406A000 */  mfc1    $a2, $f20                  
/* 01520 80A754C0 0C03FF7E */  jal     func_800FFDF8              
/* 01524 80A754C4 3C073F80 */  lui     $a3, 0x3F80                ## $a3 = 3F800000
.L80A754C8:
/* 01528 80A754C8 865801D8 */  lh      $t8, 0x01D8($s2)           ## 000001D8
/* 0152C 80A754CC 53000003 */  beql    $t8, $zero, .L80A754DC     
/* 01530 80A754D0 24190032 */  addiu   $t9, $zero, 0x0032         ## $t9 = 00000032
/* 01534 80A754D4 12000037 */  beq     $s0, $zero, .L80A755B4     
/* 01538 80A754D8 24190032 */  addiu   $t9, $zero, 0x0032         ## $t9 = 00000032
.L80A754DC:
/* 0153C 80A754DC AFB90010 */  sw      $t9, 0x0010($sp)           
/* 01540 80A754E0 264401F4 */  addiu   $a0, $s2, 0x01F4           ## $a0 = 000001F4
/* 01544 80A754E4 00002825 */  or      $a1, $zero, $zero          ## $a1 = 00000000
/* 01548 80A754E8 24060001 */  addiu   $a2, $zero, 0x0001         ## $a2 = 00000001
/* 0154C 80A754EC 0C03FFAF */  jal     func_800FFEBC              
/* 01550 80A754F0 2407000F */  addiu   $a3, $zero, 0x000F         ## $a3 = 0000000F
/* 01554 80A754F4 864801F4 */  lh      $t0, 0x01F4($s2)           ## 000001F4
/* 01558 80A754F8 00008025 */  or      $s0, $zero, $zero          ## $s0 = 00000000
/* 0155C 80A754FC 26450024 */  addiu   $a1, $s2, 0x0024           ## $a1 = 00000024
/* 01560 80A75500 29010002 */  slti    $at, $t0, 0x0002           
/* 01564 80A75504 1020002B */  beq     $at, $zero, .L80A755B4     
/* 01568 80A75508 27B10064 */  addiu   $s1, $sp, 0x0064           ## $s1 = FFFFFFE4
/* 0156C 80A7550C 3C0141A0 */  lui     $at, 0x41A0                ## $at = 41A00000
/* 01570 80A75510 4481B000 */  mtc1    $at, $f22                  ## $f22 = 20.00
/* 01574 80A75514 3C0140A0 */  lui     $at, 0x40A0                ## $at = 40A00000
/* 01578 80A75518 4481A000 */  mtc1    $at, $f20                  ## $f20 = 5.00
/* 0157C 80A7551C AFA50058 */  sw      $a1, 0x0058($sp)           
/* 01580 80A75520 8FA50058 */  lw      $a1, 0x0058($sp)           
.L80A75524:
/* 01584 80A75524 0C03FD43 */  jal     func_800FF50C              
/* 01588 80A75528 02202025 */  or      $a0, $s1, $zero            ## $a0 = FFFFFFE4
/* 0158C 80A7552C 0C05E570 */  jal     func_801795C0              
/* 01590 80A75530 4600B306 */  mov.s   $f12, $f22                 
/* 01594 80A75534 C7A40064 */  lwc1    $f4, 0x0064($sp)           
/* 01598 80A75538 4600A306 */  mov.s   $f12, $f20                 
/* 0159C 80A7553C 46002180 */  add.s   $f6, $f4, $f0              
/* 015A0 80A75540 0C05E570 */  jal     func_801795C0              
/* 015A4 80A75544 E7A60064 */  swc1    $f6, 0x0064($sp)           
/* 015A8 80A75548 C7A80068 */  lwc1    $f8, 0x0068($sp)           
/* 015AC 80A7554C 4600B306 */  mov.s   $f12, $f22                 
/* 015B0 80A75550 46004280 */  add.s   $f10, $f8, $f0             
/* 015B4 80A75554 0C05E570 */  jal     func_801795C0              
/* 015B8 80A75558 E7AA0068 */  swc1    $f10, 0x0068($sp)          
/* 015BC 80A7555C C7B0006C */  lwc1    $f16, 0x006C($sp)          
/* 015C0 80A75560 3C0180A7 */  lui     $at, %hi(D_80A75C78)       ## $at = 80A70000
/* 015C4 80A75564 C42C5C78 */  lwc1    $f12, %lo(D_80A75C78)($at) 
/* 015C8 80A75568 46008480 */  add.s   $f18, $f16, $f0            
/* 015CC 80A7556C 0C05E565 */  jal     func_80179594              
/* 015D0 80A75570 E7B2006C */  swc1    $f18, 0x006C($sp)          
/* 015D4 80A75574 3C0180A7 */  lui     $at, %hi(D_80A75C7C)       ## $at = 80A70000
/* 015D8 80A75578 C4245C7C */  lwc1    $f4, %lo(D_80A75C7C)($at)  
/* 015DC 80A7557C 4407A000 */  mfc1    $a3, $f20                  
/* 015E0 80A75580 02602025 */  or      $a0, $s3, $zero            ## $a0 = 00000000
/* 015E4 80A75584 46040180 */  add.s   $f6, $f0, $f4              
/* 015E8 80A75588 02202825 */  or      $a1, $s1, $zero            ## $a1 = FFFFFFE4
/* 015EC 80A7558C 24060000 */  addiu   $a2, $zero, 0x0000         ## $a2 = 00000000
/* 015F0 80A75590 E7B40010 */  swc1    $f20, 0x0010($sp)          
/* 015F4 80A75594 0C02C7A5 */  jal     func_800B1E94              
/* 015F8 80A75598 E7A60014 */  swc1    $f6, 0x0014($sp)           
/* 015FC 80A7559C 26100001 */  addiu   $s0, $s0, 0x0001           ## $s0 = 00000001
/* 01600 80A755A0 2401000A */  addiu   $at, $zero, 0x000A         ## $at = 0000000A
/* 01604 80A755A4 5601FFDF */  bnel    $s0, $at, .L80A75524       
/* 01608 80A755A8 8FA50058 */  lw      $a1, 0x0058($sp)           
/* 0160C 80A755AC 0C02D9C3 */  jal     func_800B670C              
/* 01610 80A755B0 02402025 */  or      $a0, $s2, $zero            ## $a0 = 00000000
.L80A755B4:
/* 01614 80A755B4 8FBF004C */  lw      $ra, 0x004C($sp)           
.L80A755B8:
/* 01618 80A755B8 D7B40028 */  ldc1    $f20, 0x0028($sp)          
/* 0161C 80A755BC D7B60030 */  ldc1    $f22, 0x0030($sp)          
/* 01620 80A755C0 8FB0003C */  lw      $s0, 0x003C($sp)           
/* 01624 80A755C4 8FB10040 */  lw      $s1, 0x0040($sp)           
/* 01628 80A755C8 8FB20044 */  lw      $s2, 0x0044($sp)           
/* 0162C 80A755CC 8FB30048 */  lw      $s3, 0x0048($sp)           
/* 01630 80A755D0 03E00008 */  jr      $ra                        
/* 01634 80A755D4 27BD0080 */  addiu   $sp, $sp, 0x0080           ## $sp = 00000000


glabel func_80A755D8
/* 01638 80A755D8 27BDFFE0 */  addiu   $sp, $sp, 0xFFE0           ## $sp = FFFFFFE0
/* 0163C 80A755DC AFB00018 */  sw      $s0, 0x0018($sp)           
/* 01640 80A755E0 00808025 */  or      $s0, $a0, $zero            ## $s0 = 00000000
/* 01644 80A755E4 AFBF001C */  sw      $ra, 0x001C($sp)           
/* 01648 80A755E8 AFA50024 */  sw      $a1, 0x0024($sp)           
/* 0164C 80A755EC 920E028D */  lbu     $t6, 0x028D($s0)           ## 0000028D
/* 01650 80A755F0 31CF0002 */  andi    $t7, $t6, 0x0002           ## $t7 = 00000000
/* 01654 80A755F4 51E00020 */  beql    $t7, $zero, .L80A75678     
/* 01658 80A755F8 9209028C */  lbu     $t1, 0x028C($s0)           ## 0000028C
/* 0165C 80A755FC 0C02F88B */  jal     func_800BE22C              
/* 01660 80A75600 02002025 */  or      $a0, $s0, $zero            ## $a0 = 00000000
/* 01664 80A75604 921800B7 */  lbu     $t8, 0x00B7($s0)           ## 000000B7
/* 01668 80A75608 5F00001B */  bgtzl   $t8, .L80A75678            
/* 0166C 80A7560C 9209028C */  lbu     $t1, 0x028C($s0)           ## 0000028C
/* 01670 80A75610 861901D4 */  lh      $t9, 0x01D4($s0)           ## 000001D4
/* 01674 80A75614 24010003 */  addiu   $at, $zero, 0x0003         ## $at = 00000003
/* 01678 80A75618 8FA40024 */  lw      $a0, 0x0024($sp)           
/* 0167C 80A7561C 53210016 */  beql    $t9, $at, .L80A75678       
/* 01680 80A75620 9209028C */  lbu     $t1, 0x028C($s0)           ## 0000028C
/* 01684 80A75624 0C02EEA2 */  jal     func_800BBA88              
/* 01688 80A75628 02002825 */  or      $a1, $s0, $zero            ## $a1 = 00000000
/* 0168C 80A7562C 44802000 */  mtc1    $zero, $f4                 ## $f4 = 0.00
/* 01690 80A75630 02002025 */  or      $a0, $s0, $zero            ## $a0 = 00000000
/* 01694 80A75634 240539F5 */  addiu   $a1, $zero, 0x39F5         ## $a1 = 000039F5
/* 01698 80A75638 0C02E3B2 */  jal     func_800B8EC8              
/* 0169C 80A7563C E6040070 */  swc1    $f4, 0x0070($s0)           ## 00000070
/* 016A0 80A75640 8E020218 */  lw      $v0, 0x0218($s0)           ## 00000218
/* 016A4 80A75644 8FA40024 */  lw      $a0, 0x0024($sp)           
/* 016A8 80A75648 00002825 */  or      $a1, $zero, $zero          ## $a1 = 00000000
/* 016AC 80A7564C 04400006 */  bltz    $v0, .L80A75668            
/* 016B0 80A75650 26060024 */  addiu   $a2, $s0, 0x0024           ## $a2 = 00000024
/* 016B4 80A75654 00024040 */  sll     $t0, $v0,  1               
/* 016B8 80A75658 3C0780A7 */  lui     $a3, %hi(D_80A75C3C)       ## $a3 = 80A70000
/* 016BC 80A7565C 00E83821 */  addu    $a3, $a3, $t0              
/* 016C0 80A75660 0C029F4A */  jal     func_800A7D28              
/* 016C4 80A75664 84E75C3C */  lh      $a3, %lo(D_80A75C3C)($a3)  
.L80A75668:
/* 016C8 80A75668 A20000B7 */  sb      $zero, 0x00B7($s0)         ## 000000B7
/* 016CC 80A7566C 0C29D46D */  jal     func_80A751B4              
/* 016D0 80A75670 02002025 */  or      $a0, $s0, $zero            ## $a0 = 00000000
/* 016D4 80A75674 9209028C */  lbu     $t1, 0x028C($s0)           ## 0000028C
.L80A75678:
/* 016D8 80A75678 3C01C120 */  lui     $at, 0xC120                ## $at = C1200000
/* 016DC 80A7567C 312A0004 */  andi    $t2, $t1, 0x0004           ## $t2 = 00000000
/* 016E0 80A75680 51400005 */  beql    $t2, $zero, .L80A75698     
/* 016E4 80A75684 8FBF001C */  lw      $ra, 0x001C($sp)           
/* 016E8 80A75688 44813000 */  mtc1    $at, $f6                   ## $f6 = -10.00
/* 016EC 80A7568C 00000000 */  nop
/* 016F0 80A75690 E6060070 */  swc1    $f6, 0x0070($s0)           ## 00000070
/* 016F4 80A75694 8FBF001C */  lw      $ra, 0x001C($sp)           
.L80A75698:
/* 016F8 80A75698 8FB00018 */  lw      $s0, 0x0018($sp)           
/* 016FC 80A7569C 27BD0020 */  addiu   $sp, $sp, 0x0020           ## $sp = 00000000
/* 01700 80A756A0 03E00008 */  jr      $ra                        
/* 01704 80A756A4 00000000 */  nop


glabel func_80A756A8
/* 01708 80A756A8 27BDFF90 */  addiu   $sp, $sp, 0xFF90           ## $sp = FFFFFF90
/* 0170C 80A756AC AFB30040 */  sw      $s3, 0x0040($sp)           
/* 01710 80A756B0 AFB2003C */  sw      $s2, 0x003C($sp)           
/* 01714 80A756B4 00809025 */  or      $s2, $a0, $zero            ## $s2 = 00000000
/* 01718 80A756B8 00A09825 */  or      $s3, $a1, $zero            ## $s3 = 00000000
/* 0171C 80A756BC AFBF0044 */  sw      $ra, 0x0044($sp)           
/* 01720 80A756C0 AFB10038 */  sw      $s1, 0x0038($sp)           
/* 01724 80A756C4 AFB00034 */  sw      $s0, 0x0034($sp)           
/* 01728 80A756C8 F7B80028 */  sdc1    $f24, 0x0028($sp)          
/* 0172C 80A756CC F7B60020 */  sdc1    $f22, 0x0020($sp)          
/* 01730 80A756D0 F7B40018 */  sdc1    $f20, 0x0018($sp)          
/* 01734 80A756D4 02402025 */  or      $a0, $s2, $zero            ## $a0 = 00000000
/* 01738 80A756D8 0C02D9F8 */  jal     func_800B67E0              
/* 0173C 80A756DC 8E450204 */  lw      $a1, 0x0204($s2)           ## 00000204
/* 01740 80A756E0 8E5901C4 */  lw      $t9, 0x01C4($s2)           ## 000001C4
/* 01744 80A756E4 02402025 */  or      $a0, $s2, $zero            ## $a0 = 00000000
/* 01748 80A756E8 02602825 */  or      $a1, $s3, $zero            ## $a1 = 00000000
/* 0174C 80A756EC 0320F809 */  jalr    $ra, $t9                   
/* 01750 80A756F0 00000000 */  nop
/* 01754 80A756F4 864201DA */  lh      $v0, 0x01DA($s2)           ## 000001DA
/* 01758 80A756F8 3C014120 */  lui     $at, 0x4120                ## $at = 41200000
/* 0175C 80A756FC 4481A000 */  mtc1    $at, $f20                  ## $f20 = 10.00
/* 01760 80A75700 10400002 */  beq     $v0, $zero, .L80A7570C     
/* 01764 80A75704 244EFFFF */  addiu   $t6, $v0, 0xFFFF           ## $t6 = FFFFFFFF
/* 01768 80A75708 A64E01DA */  sh      $t6, 0x01DA($s2)           ## 000001DA
.L80A7570C:
/* 0176C 80A7570C 864201D8 */  lh      $v0, 0x01D8($s2)           ## 000001D8
/* 01770 80A75710 4405A000 */  mfc1    $a1, $f20                  
/* 01774 80A75714 10400002 */  beq     $v0, $zero, .L80A75720     
/* 01778 80A75718 244FFFFF */  addiu   $t7, $v0, 0xFFFF           ## $t7 = FFFFFFFF
/* 0177C 80A7571C A64F01D8 */  sh      $t7, 0x01D8($s2)           ## 000001D8
.L80A75720:
/* 01780 80A75720 864201DC */  lh      $v0, 0x01DC($s2)           ## 000001DC
/* 01784 80A75724 10400002 */  beq     $v0, $zero, .L80A75730     
/* 01788 80A75728 2458FFFF */  addiu   $t8, $v0, 0xFFFF           ## $t8 = FFFFFFFF
/* 0178C 80A7572C A65801DC */  sh      $t8, 0x01DC($s2)           ## 000001DC
.L80A75730:
/* 01790 80A75730 864201DE */  lh      $v0, 0x01DE($s2)           ## 000001DE
/* 01794 80A75734 10400002 */  beq     $v0, $zero, .L80A75740     
/* 01798 80A75738 2448FFFF */  addiu   $t0, $v0, 0xFFFF           ## $t0 = FFFFFFFF
/* 0179C 80A7573C A64801DE */  sh      $t0, 0x01DE($s2)           ## 000001DE
.L80A75740:
/* 017A0 80A75740 0C02D9D7 */  jal     func_800B675C              
/* 017A4 80A75744 02402025 */  or      $a0, $s2, $zero            ## $a0 = 00000000
/* 017A8 80A75748 02402025 */  or      $a0, $s2, $zero            ## $a0 = 00000000
/* 017AC 80A7574C 0C29D576 */  jal     func_80A755D8              
/* 017B0 80A75750 02602825 */  or      $a1, $s3, $zero            ## $a1 = 00000000
/* 017B4 80A75754 0C02DAA2 */  jal     func_800B6A88              
/* 017B8 80A75758 02402025 */  or      $a0, $s2, $zero            ## $a0 = 00000000
/* 017BC 80A7575C 4480C000 */  mtc1    $zero, $f24                ## $f24 = 0.00
/* 017C0 80A75760 3C0141A0 */  lui     $at, 0x41A0                ## $at = 41A00000
/* 017C4 80A75764 4481B000 */  mtc1    $at, $f22                  ## $f22 = 20.00
/* 017C8 80A75768 4407A000 */  mfc1    $a3, $f20                  
/* 017CC 80A7576C 2409001F */  addiu   $t1, $zero, 0x001F         ## $t1 = 0000001F
/* 017D0 80A75770 4406C000 */  mfc1    $a2, $f24                  
/* 017D4 80A75774 AFA90014 */  sw      $t1, 0x0014($sp)           
/* 017D8 80A75778 02602025 */  or      $a0, $s3, $zero            ## $a0 = 00000000
/* 017DC 80A7577C 02402825 */  or      $a1, $s2, $zero            ## $a1 = 00000000
/* 017E0 80A75780 0C02DE2E */  jal     func_800B78B8              
/* 017E4 80A75784 E7B60010 */  swc1    $f22, 0x0010($sp)          
/* 017E8 80A75788 864A01D6 */  lh      $t2, 0x01D6($s2)           ## 000001D6
/* 017EC 80A7578C 27A40058 */  addiu   $a0, $sp, 0x0058           ## $a0 = FFFFFFE8
/* 017F0 80A75790 51400028 */  beql    $t2, $zero, .L80A75834     
/* 017F4 80A75794 864B01F4 */  lh      $t3, 0x01F4($s2)           ## 000001F4
/* 017F8 80A75798 0C03FD43 */  jal     func_800FF50C              
/* 017FC 80A7579C 26450270 */  addiu   $a1, $s2, 0x0270           ## $a1 = 00000270
/* 01800 80A757A0 A64001D6 */  sh      $zero, 0x01D6($s2)         ## 000001D6
/* 01804 80A757A4 0C05E570 */  jal     func_801795C0              
/* 01808 80A757A8 4600B306 */  mov.s   $f12, $f22                 
/* 0180C 80A757AC C7A40058 */  lwc1    $f4, 0x0058($sp)           
/* 01810 80A757B0 3C0140A0 */  lui     $at, 0x40A0                ## $at = 40A00000
/* 01814 80A757B4 4481A000 */  mtc1    $at, $f20                  ## $f20 = 5.00
/* 01818 80A757B8 46002180 */  add.s   $f6, $f4, $f0              
/* 0181C 80A757BC 4600A306 */  mov.s   $f12, $f20                 
/* 01820 80A757C0 0C05E570 */  jal     func_801795C0              
/* 01824 80A757C4 E7A60058 */  swc1    $f6, 0x0058($sp)           
/* 01828 80A757C8 C7A8005C */  lwc1    $f8, 0x005C($sp)           
/* 0182C 80A757CC 4600B306 */  mov.s   $f12, $f22                 
/* 01830 80A757D0 46004280 */  add.s   $f10, $f8, $f0             
/* 01834 80A757D4 0C05E570 */  jal     func_801795C0              
/* 01838 80A757D8 E7AA005C */  swc1    $f10, 0x005C($sp)          
/* 0183C 80A757DC C7B00060 */  lwc1    $f16, 0x0060($sp)          
/* 01840 80A757E0 3C0180A7 */  lui     $at, %hi(D_80A75C80)       ## $at = 80A70000
/* 01844 80A757E4 C4365C80 */  lwc1    $f22, %lo(D_80A75C80)($at) 
/* 01848 80A757E8 46008480 */  add.s   $f18, $f16, $f0            
/* 0184C 80A757EC 00008025 */  or      $s0, $zero, $zero          ## $s0 = 00000000
/* 01850 80A757F0 24110002 */  addiu   $s1, $zero, 0x0002         ## $s1 = 00000002
/* 01854 80A757F4 E7B20060 */  swc1    $f18, 0x0060($sp)          
.L80A757F8:
/* 01858 80A757F8 3C0180A7 */  lui     $at, %hi(D_80A75C84)       ## $at = 80A70000
/* 0185C 80A757FC 0C05E565 */  jal     func_80179594              
/* 01860 80A75800 C42C5C84 */  lwc1    $f12, %lo(D_80A75C84)($at) 
/* 01864 80A75804 46160100 */  add.s   $f4, $f0, $f22             
/* 01868 80A75808 4406C000 */  mfc1    $a2, $f24                  
/* 0186C 80A7580C 4407A000 */  mfc1    $a3, $f20                  
/* 01870 80A75810 02602025 */  or      $a0, $s3, $zero            ## $a0 = 00000000
/* 01874 80A75814 E7A40014 */  swc1    $f4, 0x0014($sp)           
/* 01878 80A75818 27A50058 */  addiu   $a1, $sp, 0x0058           ## $a1 = FFFFFFE8
/* 0187C 80A7581C 0C02C7A5 */  jal     func_800B1E94              
/* 01880 80A75820 E7B40010 */  swc1    $f20, 0x0010($sp)          
/* 01884 80A75824 26100001 */  addiu   $s0, $s0, 0x0001           ## $s0 = 00000001
/* 01888 80A75828 1611FFF3 */  bne     $s0, $s1, .L80A757F8       
/* 0188C 80A7582C 00000000 */  nop
/* 01890 80A75830 864B01F4 */  lh      $t3, 0x01F4($s2)           ## 000001F4
.L80A75834:
/* 01894 80A75834 240100FF */  addiu   $at, $zero, 0x00FF         ## $at = 000000FF
/* 01898 80A75838 55610022 */  bnel    $t3, $at, .L80A758C4       
/* 0189C 80A7583C 8FBF0044 */  lw      $ra, 0x0044($sp)           
/* 018A0 80A75840 864C01E0 */  lh      $t4, 0x01E0($s2)           ## 000001E0
/* 018A4 80A75844 2981000A */  slti    $at, $t4, 0x000A           
/* 018A8 80A75848 5020001E */  beql    $at, $zero, .L80A758C4     
/* 018AC 80A7584C 8FBF0044 */  lw      $ra, 0x0044($sp)           
/* 018B0 80A75850 864F01D4 */  lh      $t7, 0x01D4($s2)           ## 000001D4
/* 018B4 80A75854 864D0030 */  lh      $t5, 0x0030($s2)           ## 00000030
/* 018B8 80A75858 86590032 */  lh      $t9, 0x0032($s2)           ## 00000032
/* 018BC 80A7585C 864E0034 */  lh      $t6, 0x0034($s2)           ## 00000034
/* 018C0 80A75860 24010003 */  addiu   $at, $zero, 0x0003         ## $at = 00000003
/* 018C4 80A75864 A64D00BC */  sh      $t5, 0x00BC($s2)           ## 000000BC
/* 018C8 80A75868 A65900BE */  sh      $t9, 0x00BE($s2)           ## 000000BE
/* 018CC 80A7586C 11E10014 */  beq     $t7, $at, .L80A758C0       
/* 018D0 80A75870 A64E00C0 */  sh      $t6, 0x00C0($s2)           ## 000000C0
/* 018D4 80A75874 2650027C */  addiu   $s0, $s2, 0x027C           ## $s0 = 0000027C
/* 018D8 80A75878 02002825 */  or      $a1, $s0, $zero            ## $a1 = 0000027C
/* 018DC 80A7587C 0C039F7E */  jal     func_800E7DF8              
/* 018E0 80A75880 02402025 */  or      $a0, $s2, $zero            ## $a0 = 00000000
/* 018E4 80A75884 3C010001 */  lui     $at, 0x0001                ## $at = 00010000
/* 018E8 80A75888 34218884 */  ori     $at, $at, 0x8884           ## $at = 00018884
/* 018EC 80A7588C 02618821 */  addu    $s1, $s3, $at              
/* 018F0 80A75890 02202825 */  or      $a1, $s1, $zero            ## $a1 = 00000002
/* 018F4 80A75894 02602025 */  or      $a0, $s3, $zero            ## $a0 = 00000000
/* 018F8 80A75898 0C038A4A */  jal     func_800E2928              
/* 018FC 80A7589C 02003025 */  or      $a2, $s0, $zero            ## $a2 = 0000027C
/* 01900 80A758A0 02602025 */  or      $a0, $s3, $zero            ## $a0 = 00000000
/* 01904 80A758A4 02202825 */  or      $a1, $s1, $zero            ## $a1 = 00000002
/* 01908 80A758A8 0C0389D0 */  jal     func_800E2740              
/* 0190C 80A758AC 02003025 */  or      $a2, $s0, $zero            ## $a2 = 0000027C
/* 01910 80A758B0 02602025 */  or      $a0, $s3, $zero            ## $a0 = 00000000
/* 01914 80A758B4 02202825 */  or      $a1, $s1, $zero            ## $a1 = 00000002
/* 01918 80A758B8 0C038956 */  jal     func_800E2558              
/* 0191C 80A758BC 02003025 */  or      $a2, $s0, $zero            ## $a2 = 0000027C
.L80A758C0:
/* 01920 80A758C0 8FBF0044 */  lw      $ra, 0x0044($sp)           
.L80A758C4:
/* 01924 80A758C4 D7B40018 */  ldc1    $f20, 0x0018($sp)          
/* 01928 80A758C8 D7B60020 */  ldc1    $f22, 0x0020($sp)          
/* 0192C 80A758CC D7B80028 */  ldc1    $f24, 0x0028($sp)          
/* 01930 80A758D0 8FB00034 */  lw      $s0, 0x0034($sp)           
/* 01934 80A758D4 8FB10038 */  lw      $s1, 0x0038($sp)           
/* 01938 80A758D8 8FB2003C */  lw      $s2, 0x003C($sp)           
/* 0193C 80A758DC 8FB30040 */  lw      $s3, 0x0040($sp)           
/* 01940 80A758E0 03E00008 */  jr      $ra                        
/* 01944 80A758E4 27BD0070 */  addiu   $sp, $sp, 0x0070           ## $sp = 00000000


glabel func_80A758E8
/* 01948 80A758E8 AFA40000 */  sw      $a0, 0x0000($sp)           
/* 0194C 80A758EC 8FA40014 */  lw      $a0, 0x0014($sp)           
/* 01950 80A758F0 AFA7000C */  sw      $a3, 0x000C($sp)           
/* 01954 80A758F4 848201E0 */  lh      $v0, 0x01E0($a0)           ## 000001E0
/* 01958 80A758F8 24AB000A */  addiu   $t3, $a1, 0x000A           ## $t3 = 0000000A
/* 0195C 80A758FC 2841000A */  slti    $at, $v0, 0x000A           
/* 01960 80A75900 1020000D */  beq     $at, $zero, .L80A75938     
/* 01964 80A75904 24010002 */  addiu   $at, $zero, 0x0002         ## $at = 00000002
/* 01968 80A75908 54A1000F */  bnel    $a1, $at, .L80A75948       
/* 0196C 80A7590C 00001025 */  or      $v0, $zero, $zero          ## $v0 = 00000000
/* 01970 80A75910 C48401FC */  lwc1    $f4, 0x01FC($a0)           ## 000001FC
/* 01974 80A75914 8FA20010 */  lw      $v0, 0x0010($sp)           
/* 01978 80A75918 4600218D */  trunc.w.s $f6, $f4                   
/* 0197C 80A7591C 844E0002 */  lh      $t6, 0x0002($v0)           ## 00000002
/* 01980 80A75920 44083000 */  mfc1    $t0, $f6                   
/* 01984 80A75924 00000000 */  nop
/* 01988 80A75928 00084823 */  subu    $t1, $zero, $t0            
/* 0198C 80A7592C 01C95021 */  addu    $t2, $t6, $t1              
/* 01990 80A75930 10000004 */  beq     $zero, $zero, .L80A75944   
/* 01994 80A75934 A44A0002 */  sh      $t2, 0x0002($v0)           ## 00000002
.L80A75938:
/* 01998 80A75938 51620003 */  beql    $t3, $v0, .L80A75948       
/* 0199C 80A7593C 00001025 */  or      $v0, $zero, $zero          ## $v0 = 00000000
/* 019A0 80A75940 ACC00000 */  sw      $zero, 0x0000($a2)         ## 00000000
.L80A75944:
/* 019A4 80A75944 00001025 */  or      $v0, $zero, $zero          ## $v0 = 00000000
.L80A75948:
/* 019A8 80A75948 03E00008 */  jr      $ra                        
/* 019AC 80A7594C 00000000 */  nop


glabel func_80A75950
/* 019B0 80A75950 27BDFFE8 */  addiu   $sp, $sp, 0xFFE8           ## $sp = FFFFFFE8
/* 019B4 80A75954 AFBF0014 */  sw      $ra, 0x0014($sp)           
/* 019B8 80A75958 AFA40018 */  sw      $a0, 0x0018($sp)           
/* 019BC 80A7595C AFA5001C */  sw      $a1, 0x001C($sp)           
/* 019C0 80A75960 AFA60020 */  sw      $a2, 0x0020($sp)           
/* 019C4 80A75964 AFA70024 */  sw      $a3, 0x0024($sp)           
/* 019C8 80A75968 8FAE0028 */  lw      $t6, 0x0028($sp)           
/* 019CC 80A7596C 8FB8001C */  lw      $t8, 0x001C($sp)           
/* 019D0 80A75970 85CF01E0 */  lh      $t7, 0x01E0($t6)           ## 000001E0
/* 019D4 80A75974 29E1000A */  slti    $at, $t7, 0x000A           
/* 019D8 80A75978 10200013 */  beq     $at, $zero, .L80A759C8     
/* 019DC 80A7597C 24010002 */  addiu   $at, $zero, 0x0002         ## $at = 00000002
/* 019E0 80A75980 5701000A */  bnel    $t8, $at, .L80A759AC       
/* 019E4 80A75984 8FA8001C */  lw      $t0, 0x001C($sp)           
/* 019E8 80A75988 44806000 */  mtc1    $zero, $f12                ## $f12 = 0.00
/* 019EC 80A7598C 24070001 */  addiu   $a3, $zero, 0x0001         ## $a3 = 00000001
/* 019F0 80A75990 44066000 */  mfc1    $a2, $f12                  
/* 019F4 80A75994 0C0600A7 */  jal     func_8018029C              
/* 019F8 80A75998 46006386 */  mov.s   $f14, $f12                 
/* 019FC 80A7599C 8FA40028 */  lw      $a0, 0x0028($sp)           
/* 01A00 80A759A0 0C0606D4 */  jal     func_80181B50              
/* 01A04 80A759A4 24840270 */  addiu   $a0, $a0, 0x0270           ## $a0 = 00000270
/* 01A08 80A759A8 8FA8001C */  lw      $t0, 0x001C($sp)           
.L80A759AC:
/* 01A0C 80A759AC 8FB90028 */  lw      $t9, 0x0028($sp)           
/* 01A10 80A759B0 00084880 */  sll     $t1, $t0,  2               
/* 01A14 80A759B4 01284823 */  subu    $t1, $t1, $t0              
/* 01A18 80A759B8 00094880 */  sll     $t1, $t1,  2               
/* 01A1C 80A759BC 03292021 */  addu    $a0, $t9, $t1              
/* 01A20 80A759C0 0C0606D4 */  jal     func_80181B50              
/* 01A24 80A759C4 24840234 */  addiu   $a0, $a0, 0x0234           ## $a0 = 00000234
.L80A759C8:
/* 01A28 80A759C8 8FBF0014 */  lw      $ra, 0x0014($sp)           
/* 01A2C 80A759CC 27BD0018 */  addiu   $sp, $sp, 0x0018           ## $sp = 00000000
/* 01A30 80A759D0 03E00008 */  jr      $ra                        
/* 01A34 80A759D4 00000000 */  nop


glabel func_80A759D8
/* 01A38 80A759D8 AFA40000 */  sw      $a0, 0x0000($sp)           
/* 01A3C 80A759DC 8FA40014 */  lw      $a0, 0x0014($sp)           
/* 01A40 80A759E0 AFA7000C */  sw      $a3, 0x000C($sp)           
/* 01A44 80A759E4 848201E0 */  lh      $v0, 0x01E0($a0)           ## 000001E0
/* 01A48 80A759E8 24AB000A */  addiu   $t3, $a1, 0x000A           ## $t3 = 0000000A
/* 01A4C 80A759EC 2841000A */  slti    $at, $v0, 0x000A           
/* 01A50 80A759F0 1020000D */  beq     $at, $zero, .L80A75A28     
/* 01A54 80A759F4 24010002 */  addiu   $at, $zero, 0x0002         ## $at = 00000002
/* 01A58 80A759F8 54A1000F */  bnel    $a1, $at, .L80A75A38       
/* 01A5C 80A759FC 00001025 */  or      $v0, $zero, $zero          ## $v0 = 00000000
/* 01A60 80A75A00 C48401FC */  lwc1    $f4, 0x01FC($a0)           ## 000001FC
/* 01A64 80A75A04 8FA20010 */  lw      $v0, 0x0010($sp)           
/* 01A68 80A75A08 4600218D */  trunc.w.s $f6, $f4                   
/* 01A6C 80A75A0C 844E0002 */  lh      $t6, 0x0002($v0)           ## 00000002
/* 01A70 80A75A10 44083000 */  mfc1    $t0, $f6                   
/* 01A74 80A75A14 00000000 */  nop
/* 01A78 80A75A18 00084823 */  subu    $t1, $zero, $t0            
/* 01A7C 80A75A1C 01C95021 */  addu    $t2, $t6, $t1              
/* 01A80 80A75A20 10000004 */  beq     $zero, $zero, .L80A75A34   
/* 01A84 80A75A24 A44A0002 */  sh      $t2, 0x0002($v0)           ## 00000002
.L80A75A28:
/* 01A88 80A75A28 51620003 */  beql    $t3, $v0, .L80A75A38       
/* 01A8C 80A75A2C 00001025 */  or      $v0, $zero, $zero          ## $v0 = 00000000
/* 01A90 80A75A30 ACC00000 */  sw      $zero, 0x0000($a2)         ## 00000000
.L80A75A34:
/* 01A94 80A75A34 00001025 */  or      $v0, $zero, $zero          ## $v0 = 00000000
.L80A75A38:
/* 01A98 80A75A38 03E00008 */  jr      $ra                        
/* 01A9C 80A75A3C 00000000 */  nop


glabel func_80A75A40
/* 01AA0 80A75A40 27BDFFD0 */  addiu   $sp, $sp, 0xFFD0           ## $sp = FFFFFFD0
/* 01AA4 80A75A44 AFB10028 */  sw      $s1, 0x0028($sp)           
/* 01AA8 80A75A48 00808825 */  or      $s1, $a0, $zero            ## $s1 = 00000000
/* 01AAC 80A75A4C AFBF002C */  sw      $ra, 0x002C($sp)           
/* 01AB0 80A75A50 AFB00024 */  sw      $s0, 0x0024($sp)           
/* 01AB4 80A75A54 AFA50034 */  sw      $a1, 0x0034($sp)           
/* 01AB8 80A75A58 8FAE0034 */  lw      $t6, 0x0034($sp)           
/* 01ABC 80A75A5C 8DC40000 */  lw      $a0, 0x0000($t6)           ## 00000000
/* 01AC0 80A75A60 0C04B0A3 */  jal     func_8012C28C              
/* 01AC4 80A75A64 00808025 */  or      $s0, $a0, $zero            ## $s0 = 00000000
/* 01AC8 80A75A68 862F01F4 */  lh      $t7, 0x01F4($s1)           ## 000001F4
/* 01ACC 80A75A6C 240100FF */  addiu   $at, $zero, 0x00FF         ## $at = 000000FF
/* 01AD0 80A75A70 24050001 */  addiu   $a1, $zero, 0x0001         ## $a1 = 00000001
/* 01AD4 80A75A74 15E1002F */  bne     $t7, $at, .L80A75B34       
/* 01AD8 80A75A78 24060002 */  addiu   $a2, $zero, 0x0002         ## $a2 = 00000002
/* 01ADC 80A75A7C 8E0202B0 */  lw      $v0, 0x02B0($s0)           ## 000002B0
/* 01AE0 80A75A80 3C19E700 */  lui     $t9, 0xE700                ## $t9 = E7000000
/* 01AE4 80A75A84 00002825 */  or      $a1, $zero, $zero          ## $a1 = 00000000
/* 01AE8 80A75A88 24580008 */  addiu   $t8, $v0, 0x0008           ## $t8 = 00000008
/* 01AEC 80A75A8C AE1802B0 */  sw      $t8, 0x02B0($s0)           ## 000002B0
/* 01AF0 80A75A90 AC400004 */  sw      $zero, 0x0004($v0)         ## 00000004
/* 01AF4 80A75A94 AC590000 */  sw      $t9, 0x0000($v0)           ## 00000000
/* 01AF8 80A75A98 8E0202B0 */  lw      $v0, 0x02B0($s0)           ## 000002B0
/* 01AFC 80A75A9C 3C09FA00 */  lui     $t1, 0xFA00                ## $t1 = FA000000
/* 01B00 80A75AA0 24060001 */  addiu   $a2, $zero, 0x0001         ## $a2 = 00000001
/* 01B04 80A75AA4 24480008 */  addiu   $t0, $v0, 0x0008           ## $t0 = 00000008
/* 01B08 80A75AA8 AE0802B0 */  sw      $t0, 0x02B0($s0)           ## 000002B0
/* 01B0C 80A75AAC AC490000 */  sw      $t1, 0x0000($v0)           ## 00000000
/* 01B10 80A75AB0 862301EC */  lh      $v1, 0x01EC($s1)           ## 000001EC
/* 01B14 80A75AB4 306300FF */  andi    $v1, $v1, 0x00FF           ## $v1 = 00000000
/* 01B18 80A75AB8 00035600 */  sll     $t2, $v1, 24               
/* 01B1C 80A75ABC 00035C00 */  sll     $t3, $v1, 16               
/* 01B20 80A75AC0 014B6025 */  or      $t4, $t2, $t3              ## $t4 = 00000000
/* 01B24 80A75AC4 00036A00 */  sll     $t5, $v1,  8               
/* 01B28 80A75AC8 018D7025 */  or      $t6, $t4, $t5              ## $t6 = 00000000
/* 01B2C 80A75ACC 35CF00FF */  ori     $t7, $t6, 0x00FF           ## $t7 = 000000FF
/* 01B30 80A75AD0 AC4F0004 */  sw      $t7, 0x0004($v0)           ## 00000004
/* 01B34 80A75AD4 8E0202B0 */  lw      $v0, 0x02B0($s0)           ## 000002B0
/* 01B38 80A75AD8 3C19FB00 */  lui     $t9, 0xFB00                ## $t9 = FB000000
/* 01B3C 80A75ADC 24580008 */  addiu   $t8, $v0, 0x0008           ## $t8 = 00000008
/* 01B40 80A75AE0 AE1802B0 */  sw      $t8, 0x02B0($s0)           ## 000002B0
/* 01B44 80A75AE4 AC590000 */  sw      $t9, 0x0000($v0)           ## 00000000
/* 01B48 80A75AE8 862801F4 */  lh      $t0, 0x01F4($s1)           ## 000001F4
/* 01B4C 80A75AEC 310900FF */  andi    $t1, $t0, 0x00FF           ## $t1 = 00000008
/* 01B50 80A75AF0 AC490004 */  sw      $t1, 0x0004($v0)           ## 00000004
/* 01B54 80A75AF4 0C04C77C */  jal     func_80131DF0              
/* 01B58 80A75AF8 8FA40034 */  lw      $a0, 0x0034($sp)           
/* 01B5C 80A75AFC 8E250148 */  lw      $a1, 0x0148($s1)           ## 00000148
/* 01B60 80A75B00 8E260164 */  lw      $a2, 0x0164($s1)           ## 00000164
/* 01B64 80A75B04 92270146 */  lbu     $a3, 0x0146($s1)           ## 00000146
/* 01B68 80A75B08 3C0A80A7 */  lui     $t2, %hi(func_80A758E8)    ## $t2 = 80A70000
/* 01B6C 80A75B0C 3C0B80A7 */  lui     $t3, %hi(func_80A75950)    ## $t3 = 80A70000
/* 01B70 80A75B10 256B5950 */  addiu   $t3, $t3, %lo(func_80A75950) ## $t3 = 80A75950
/* 01B74 80A75B14 254A58E8 */  addiu   $t2, $t2, %lo(func_80A758E8) ## $t2 = 80A758E8
/* 01B78 80A75B18 AFAA0010 */  sw      $t2, 0x0010($sp)           
/* 01B7C 80A75B1C AFAB0014 */  sw      $t3, 0x0014($sp)           
/* 01B80 80A75B20 AFB10018 */  sw      $s1, 0x0018($sp)           
/* 01B84 80A75B24 0C04CFCA */  jal     func_80133F28              
/* 01B88 80A75B28 8FA40034 */  lw      $a0, 0x0034($sp)           
/* 01B8C 80A75B2C 1000001F */  beq     $zero, $zero, .L80A75BAC   
/* 01B90 80A75B30 8FBF002C */  lw      $ra, 0x002C($sp)           
.L80A75B34:
/* 01B94 80A75B34 8E0302C0 */  lw      $v1, 0x02C0($s0)           ## 000002C0
/* 01B98 80A75B38 3C0DE700 */  lui     $t5, 0xE700                ## $t5 = E7000000
/* 01B9C 80A75B3C 246C0008 */  addiu   $t4, $v1, 0x0008           ## $t4 = 00000008
/* 01BA0 80A75B40 AE0C02C0 */  sw      $t4, 0x02C0($s0)           ## 000002C0
/* 01BA4 80A75B44 AC600004 */  sw      $zero, 0x0004($v1)         ## 00000004
/* 01BA8 80A75B48 AC6D0000 */  sw      $t5, 0x0000($v1)           ## 00000000
/* 01BAC 80A75B4C 8E0302C0 */  lw      $v1, 0x02C0($s0)           ## 000002C0
/* 01BB0 80A75B50 3C0FFB00 */  lui     $t7, 0xFB00                ## $t7 = FB000000
/* 01BB4 80A75B54 246E0008 */  addiu   $t6, $v1, 0x0008           ## $t6 = 00000008
/* 01BB8 80A75B58 AE0E02C0 */  sw      $t6, 0x02C0($s0)           ## 000002C0
/* 01BBC 80A75B5C AC6F0000 */  sw      $t7, 0x0000($v1)           ## 00000000
/* 01BC0 80A75B60 863801F4 */  lh      $t8, 0x01F4($s1)           ## 000001F4
/* 01BC4 80A75B64 331900FF */  andi    $t9, $t8, 0x00FF           ## $t9 = 00000000
/* 01BC8 80A75B68 AC790004 */  sw      $t9, 0x0004($v1)           ## 00000004
/* 01BCC 80A75B6C 0C04C77C */  jal     func_80131DF0              
/* 01BD0 80A75B70 8FA40034 */  lw      $a0, 0x0034($sp)           
/* 01BD4 80A75B74 8E250148 */  lw      $a1, 0x0148($s1)           ## 00000148
/* 01BD8 80A75B78 8E260164 */  lw      $a2, 0x0164($s1)           ## 00000164
/* 01BDC 80A75B7C 92270146 */  lbu     $a3, 0x0146($s1)           ## 00000146
/* 01BE0 80A75B80 3C0880A7 */  lui     $t0, %hi(func_80A759D8)    ## $t0 = 80A70000
/* 01BE4 80A75B84 250859D8 */  addiu   $t0, $t0, %lo(func_80A759D8) ## $t0 = 80A759D8
/* 01BE8 80A75B88 AFA80010 */  sw      $t0, 0x0010($sp)           
/* 01BEC 80A75B8C AFB10018 */  sw      $s1, 0x0018($sp)           
/* 01BF0 80A75B90 AFA00014 */  sw      $zero, 0x0014($sp)         
/* 01BF4 80A75B94 8E0902C0 */  lw      $t1, 0x02C0($s0)           ## 000002C0
/* 01BF8 80A75B98 8FA40034 */  lw      $a0, 0x0034($sp)           
/* 01BFC 80A75B9C 0C04D36F */  jal     func_80134DBC              
/* 01C00 80A75BA0 AFA9001C */  sw      $t1, 0x001C($sp)           
/* 01C04 80A75BA4 AE0202C0 */  sw      $v0, 0x02C0($s0)           ## 000002C0
/* 01C08 80A75BA8 8FBF002C */  lw      $ra, 0x002C($sp)           
.L80A75BAC:
/* 01C0C 80A75BAC 8FB00024 */  lw      $s0, 0x0024($sp)           
/* 01C10 80A75BB0 8FB10028 */  lw      $s1, 0x0028($sp)           
/* 01C14 80A75BB4 03E00008 */  jr      $ra                        
/* 01C18 80A75BB8 27BD0030 */  addiu   $sp, $sp, 0x0030           ## $sp = 00000000
/* 01C1C 80A75BBC 00000000 */  nop

.section .data

D_80A75BC0: .word \
0x000000F1, 0xF1F100F1, 0x000000F1, 0xF1F20000, \
0xF10000F1, 0x000000F1, 0x00000000, 0x000000F1
D_80A75BE0: .word \
0x0A110911, 0x10010000, 0x00000000, 0xF7CFFFFF, \
0x08040000, 0xF7CFFFFF, 0x00000000, 0x01010100, \
0x00110020, 0xFFF60000, 0x00000000
D_80A75C0C: .word 0x01800500, 0x00000015, 0x016B0000, 0x000002C8
.word func_80A73FA0
.word func_80A7422C
.word func_80A756A8
.word func_80A75A40
D_80A75C2C: .word 0x06004340, 0x06004274, 0x06003904
D_80A75C38: .word 0x00000200
D_80A75C3C: .word \
0x00000010, 0x00200030, 0x00400050, 0x00600070, \
0x00800090, 0x00A000B0, 0x00C000D0, 0x00E000F0, \
0x00000000

.section .rodata

D_80A75C60: .word 0x3CA3D70A
D_80A75C64: .word 0x3E99999A
D_80A75C68: .word 0x3E99999A
D_80A75C6C: .word 0x3E99999A
D_80A75C70: .word 0x3E99999A
D_80A75C74: .word 0x3E99999A
D_80A75C78: .word 0x3CF5C28F
D_80A75C7C: .word 0x3D8F5C29
D_80A75C80: .word 0x3D8F5C29
D_80A75C84: .word 0x3CF5C28F, 0x00000000, 0x00000000


.section .rodata
D_80A75C90:
.incbin "baserom/En_Pr2", 0x1CF0, 0x00000130
