.include "macro.inc"

# assembler directives
.set noat      # allow manual use of $at
.set noreorder # don't insert nops after branches
.set gp=64     # allow use of 64-bit general purpose registers

.section .text
glabel func_80865370
/* 00000 80865370 AFA40000 */  sw      $a0, 0x0000($sp)           
/* 00004 80865374 AFA50004 */  sw      $a1, 0x0004($sp)           
/* 00008 80865378 03E00008 */  jr      $ra                        
/* 0000C 8086537C 00000000 */  nop


glabel func_80865380
/* 00010 80865380 AFA40000 */  sw      $a0, 0x0000($sp)           
/* 00014 80865384 AFA50004 */  sw      $a1, 0x0004($sp)           
/* 00018 80865388 03E00008 */  jr      $ra                        
/* 0001C 8086538C 00000000 */  nop


glabel func_80865390
/* 00020 80865390 27BDFFE0 */  addiu   $sp, $sp, 0xFFE0           ## $sp = FFFFFFE0
/* 00024 80865394 AFB00018 */  sw      $s0, 0x0018($sp)           
/* 00028 80865398 00808025 */  or      $s0, $a0, $zero            ## $s0 = 00000000
/* 0002C 8086539C AFBF001C */  sw      $ra, 0x001C($sp)           
/* 00030 808653A0 AFA50024 */  sw      $a1, 0x0024($sp)           
/* 00034 808653A4 240E0001 */  addiu   $t6, $zero, 0x0001         ## $t6 = 00000001
/* 00038 808653A8 0C021BF7 */  jal     func_80086FDC              
/* 0003C 808653AC A20E0144 */  sb      $t6, 0x0144($s0)           ## 00000144
/* 00040 808653B0 3C018086 */  lui     $at, %hi(D_80865920)       ## $at = 80860000
/* 00044 808653B4 C4245920 */  lwc1    $f4, %lo(D_80865920)($at)  
/* 00048 808653B8 8602001C */  lh      $v0, 0x001C($s0)           ## 0000001C
/* 0004C 808653BC 24010001 */  addiu   $at, $zero, 0x0001         ## $at = 00000001
/* 00050 808653C0 46040182 */  mul.s   $f6, $f0, $f4              
/* 00054 808653C4 4600320D */  trunc.w.s $f8, $f6                   
/* 00058 808653C8 44184000 */  mfc1    $t8, $f8                   
/* 0005C 808653CC 10410008 */  beq     $v0, $at, .L808653F0       
/* 00060 808653D0 A6180032 */  sh      $t8, 0x0032($s0)           ## 00000032
/* 00064 808653D4 24010004 */  addiu   $at, $zero, 0x0004         ## $at = 00000004
/* 00068 808653D8 10410005 */  beq     $v0, $at, .L808653F0       
/* 0006C 808653DC 2401000F */  addiu   $at, $zero, 0x000F         ## $at = 0000000F
/* 00070 808653E0 50410024 */  beql    $v0, $at, .L80865474       
/* 00074 808653E4 8E0E0120 */  lw      $t6, 0x0120($s0)           ## 00000120
/* 00078 808653E8 10000032 */  beq     $zero, $zero, .L808654B4   
/* 0007C 808653EC 8FBF001C */  lw      $ra, 0x001C($sp)           
.L808653F0:
/* 00080 808653F0 0C021BF7 */  jal     func_80086FDC              
/* 00084 808653F4 00000000 */  nop
/* 00088 808653F8 3C014188 */  lui     $at, 0x4188                ## $at = 41880000
/* 0008C 808653FC 44815000 */  mtc1    $at, $f10                  ## $f10 = 17.00
/* 00090 80865400 86190146 */  lh      $t9, 0x0146($s0)           ## 00000146
/* 00094 80865404 460A0402 */  mul.s   $f16, $f0, $f10            
/* 00098 80865408 4600848D */  trunc.w.s $f18, $f16                 
/* 0009C 8086540C 440B9000 */  mfc1    $t3, $f18                  
/* 000A0 80865410 00000000 */  nop
/* 000A4 80865414 032B6021 */  addu    $t4, $t9, $t3              
/* 000A8 80865418 258D0005 */  addiu   $t5, $t4, 0x0005           ## $t5 = 00000005
/* 000AC 8086541C 0C021BF7 */  jal     func_80086FDC              
/* 000B0 80865420 A60D0146 */  sh      $t5, 0x0146($s0)           ## 00000146
/* 000B4 80865424 3C0140A0 */  lui     $at, 0x40A0                ## $at = 40A00000
/* 000B8 80865428 44812000 */  mtc1    $at, $f4                   ## $f4 = 5.00
/* 000BC 8086542C 3C014080 */  lui     $at, 0x4080                ## $at = 40800000
/* 000C0 80865430 44814000 */  mtc1    $at, $f8                   ## $f8 = 4.00
/* 000C4 80865434 46040182 */  mul.s   $f6, $f0, $f4              
/* 000C8 80865438 46083280 */  add.s   $f10, $f6, $f8             
/* 000CC 8086543C 0C021BF7 */  jal     func_80086FDC              
/* 000D0 80865440 E60A0068 */  swc1    $f10, 0x0068($s0)          ## 00000068
/* 000D4 80865444 3C018086 */  lui     $at, %hi(D_80865924)       ## $at = 80860000
/* 000D8 80865448 C4305924 */  lwc1    $f16, %lo(D_80865924)($at) 
/* 000DC 8086544C 3C013F00 */  lui     $at, 0x3F00                ## $at = 3F000000
/* 000E0 80865450 44819000 */  mtc1    $at, $f18                  ## $f18 = 0.50
/* 000E4 80865454 3C018086 */  lui     $at, %hi(D_80865928)       ## $at = 80860000
/* 000E8 80865458 46120102 */  mul.s   $f4, $f0, $f18             
/* 000EC 8086545C 46048181 */  sub.s   $f6, $f16, $f4             
/* 000F0 80865460 E6060074 */  swc1    $f6, 0x0074($s0)           ## 00000074
/* 000F4 80865464 C4285928 */  lwc1    $f8, %lo(D_80865928)($at)  
/* 000F8 80865468 10000011 */  beq     $zero, $zero, .L808654B0   
/* 000FC 8086546C E608014C */  swc1    $f8, 0x014C($s0)           ## 0000014C
/* 00100 80865470 8E0E0120 */  lw      $t6, 0x0120($s0)           ## 00000120
.L80865474:
/* 00104 80865474 34018000 */  ori     $at, $zero, 0x8000         ## $at = 00008000
/* 00108 80865478 24080064 */  addiu   $t0, $zero, 0x0064         ## $t0 = 00000064
/* 0010C 8086547C 85CF00BE */  lh      $t7, 0x00BE($t6)           ## 000000BE
/* 00110 80865480 A6080146 */  sh      $t0, 0x0146($s0)           ## 00000146
/* 00114 80865484 01E1C021 */  addu    $t8, $t7, $at              
/* 00118 80865488 3C0140E0 */  lui     $at, 0x40E0                ## $at = 40E00000
/* 0011C 8086548C 44815000 */  mtc1    $at, $f10                  ## $f10 = 7.00
/* 00120 80865490 3C014000 */  lui     $at, 0x4000                ## $at = 40000000
/* 00124 80865494 44819000 */  mtc1    $at, $f18                  ## $f18 = 2.00
/* 00128 80865498 3C01BF80 */  lui     $at, 0xBF80                ## $at = BF800000
/* 0012C 8086549C 44818000 */  mtc1    $at, $f16                  ## $f16 = -1.00
/* 00130 808654A0 A6180032 */  sh      $t8, 0x0032($s0)           ## 00000032
/* 00134 808654A4 E60A0068 */  swc1    $f10, 0x0068($s0)          ## 00000068
/* 00138 808654A8 E6120070 */  swc1    $f18, 0x0070($s0)          ## 00000070
/* 0013C 808654AC E6100074 */  swc1    $f16, 0x0074($s0)          ## 00000074
.L808654B0:
/* 00140 808654B0 8FBF001C */  lw      $ra, 0x001C($sp)           
.L808654B4:
/* 00144 808654B4 8FB00018 */  lw      $s0, 0x0018($sp)           
/* 00148 808654B8 27BD0020 */  addiu   $sp, $sp, 0x0020           ## $sp = 00000000
/* 0014C 808654BC 03E00008 */  jr      $ra                        
/* 00150 808654C0 00000000 */  nop


glabel func_808654C4
/* 00154 808654C4 27BDFF70 */  addiu   $sp, $sp, 0xFF70           ## $sp = FFFFFF70
/* 00158 808654C8 AFB50050 */  sw      $s5, 0x0050($sp)           
/* 0015C 808654CC AFB4004C */  sw      $s4, 0x004C($sp)           
/* 00160 808654D0 AFB10040 */  sw      $s1, 0x0040($sp)           
/* 00164 808654D4 00808825 */  or      $s1, $a0, $zero            ## $s1 = 00000000
/* 00168 808654D8 00A0A025 */  or      $s4, $a1, $zero            ## $s4 = 00000000
/* 0016C 808654DC 27B50074 */  addiu   $s5, $sp, 0x0074           ## $s5 = FFFFFFE4
/* 00170 808654E0 AFBF0054 */  sw      $ra, 0x0054($sp)           
/* 00174 808654E4 AFB30048 */  sw      $s3, 0x0048($sp)           
/* 00178 808654E8 AFB20044 */  sw      $s2, 0x0044($sp)           
/* 0017C 808654EC AFB0003C */  sw      $s0, 0x003C($sp)           
/* 00180 808654F0 F7B80030 */  sdc1    $f24, 0x0030($sp)          
/* 00184 808654F4 F7B60028 */  sdc1    $f22, 0x0028($sp)          
/* 00188 808654F8 F7B40020 */  sdc1    $f20, 0x0020($sp)          
/* 0018C 808654FC 3C0E8086 */  lui     $t6, %hi(D_80865900)       ## $t6 = 80860000
/* 00190 80865500 25CE5900 */  addiu   $t6, $t6, %lo(D_80865900)  ## $t6 = 80865900
/* 00194 80865504 8DD80000 */  lw      $t8, 0x0000($t6)           ## 80865900
/* 00198 80865508 2401000F */  addiu   $at, $zero, 0x000F         ## $at = 0000000F
/* 0019C 8086550C AEB80000 */  sw      $t8, 0x0000($s5)           ## FFFFFFE4
/* 001A0 80865510 8DCF0004 */  lw      $t7, 0x0004($t6)           ## 80865904
/* 001A4 80865514 AEAF0004 */  sw      $t7, 0x0004($s5)           ## FFFFFFE8
/* 001A8 80865518 8DD80008 */  lw      $t8, 0x0008($t6)           ## 80865908
/* 001AC 8086551C AEB80008 */  sw      $t8, 0x0008($s5)           ## FFFFFFEC
/* 001B0 80865520 8622001C */  lh      $v0, 0x001C($s1)           ## 0000001C
/* 001B4 80865524 54410036 */  bnel    $v0, $at, .L80865600       
/* 001B8 80865528 86230146 */  lh      $v1, 0x0146($s1)           ## 00000146
/* 001BC 8086552C 86390146 */  lh      $t9, 0x0146($s1)           ## 00000146
/* 001C0 80865530 27B30064 */  addiu   $s3, $sp, 0x0064           ## $s3 = FFFFFFD4
/* 001C4 80865534 26250024 */  addiu   $a1, $s1, 0x0024           ## $a1 = 00000024
/* 001C8 80865538 2728FFFF */  addiu   $t0, $t9, 0xFFFF           ## $t0 = FFFFFFFF
/* 001CC 8086553C A6280146 */  sh      $t0, 0x0146($s1)           ## 00000146
/* 001D0 80865540 86290146 */  lh      $t1, 0x0146($s1)           ## 00000146
/* 001D4 80865544 3C0641A0 */  lui     $a2, 0x41A0                ## $a2 = 41A00000
/* 001D8 80865548 02602025 */  or      $a0, $s3, $zero            ## $a0 = FFFFFFD4
/* 001DC 8086554C 1920000E */  blez    $t1, .L80865588            
/* 001E0 80865550 26300024 */  addiu   $s0, $s1, 0x0024           ## $s0 = 00000024
/* 001E4 80865554 862A00BC */  lh      $t2, 0x00BC($s1)           ## 000000BC
/* 001E8 80865558 862C00BE */  lh      $t4, 0x00BE($s1)           ## 000000BE
/* 001EC 8086555C 862D00C0 */  lh      $t5, 0x00C0($s1)           ## 000000C0
/* 001F0 80865560 254B3A98 */  addiu   $t3, $t2, 0x3A98           ## $t3 = 00003A98
/* 001F4 80865564 A62B00BC */  sh      $t3, 0x00BC($s1)           ## 000000BC
/* 001F8 80865568 26840830 */  addiu   $a0, $s4, 0x0830           ## $a0 = 00000830
/* 001FC 8086556C A62C00BE */  sh      $t4, 0x00BE($s1)           ## 000000BE
/* 00200 80865570 0C031688 */  jal     func_800C5A20              
/* 00204 80865574 A62D00C0 */  sh      $t5, 0x00C0($s1)           ## 000000C0
/* 00208 80865578 5040007E */  beql    $v0, $zero, .L80865774     
/* 0020C 8086557C 8FBF0054 */  lw      $ra, 0x0054($sp)           
/* 00210 80865580 1000007B */  beq     $zero, $zero, .L80865770   
/* 00214 80865584 A6200146 */  sh      $zero, 0x0146($s1)         ## 00000146
.L80865588:
/* 00218 80865588 0C03FD43 */  jal     func_800FF50C              
/* 0021C 8086558C 02002825 */  or      $a1, $s0, $zero            ## $a1 = 00000024
/* 00220 80865590 C6240088 */  lwc1    $f4, 0x0088($s1)           ## 00000088
/* 00224 80865594 3C0144AF */  lui     $at, 0x44AF                ## $at = 44AF0000
/* 00228 80865598 44814000 */  mtc1    $at, $f8                   ## $f8 = 1400.00
/* 0022C 8086559C E7A40068 */  swc1    $f4, 0x0068($sp)           
/* 00230 808655A0 C626005C */  lwc1    $f6, 0x005C($s1)           ## 0000005C
/* 00234 808655A4 3C12801D */  lui     $s2, 0x801D                ## $s2 = 801D0000
/* 00238 808655A8 264715B0 */  addiu   $a3, $s2, 0x15B0           ## $a3 = 801D15B0
/* 0023C 808655AC 46083282 */  mul.s   $f10, $f6, $f8             
/* 00240 808655B0 24180007 */  addiu   $t8, $zero, 0x0007         ## $t8 = 00000007
/* 00244 808655B4 AFB80014 */  sw      $t8, 0x0014($sp)           
/* 00248 808655B8 00E03025 */  or      $a2, $a3, $zero            ## $a2 = 801D15B0
/* 0024C 808655BC AFA00018 */  sw      $zero, 0x0018($sp)         
/* 00250 808655C0 02802025 */  or      $a0, $s4, $zero            ## $a0 = 00000000
/* 00254 808655C4 02602825 */  or      $a1, $s3, $zero            ## $a1 = FFFFFFD4
/* 00258 808655C8 4600540D */  trunc.w.s $f16, $f10                 
/* 0025C 808655CC 440F8000 */  mfc1    $t7, $f16                  
/* 00260 808655D0 0C02CC0C */  jal     func_800B3030              
/* 00264 808655D4 AFAF0010 */  sw      $t7, 0x0010($sp)           
/* 00268 808655D8 02802025 */  or      $a0, $s4, $zero            ## $a0 = 00000000
/* 0026C 808655DC 02002825 */  or      $a1, $s0, $zero            ## $a1 = 00000024
/* 00270 808655E0 2406000A */  addiu   $a2, $zero, 0x000A         ## $a2 = 0000000A
/* 00274 808655E4 0C03C15A */  jal     func_800F0568              
/* 00278 808655E8 24073878 */  addiu   $a3, $zero, 0x3878         ## $a3 = 00003878
/* 0027C 808655EC 0C02D9C3 */  jal     func_800B670C              
/* 00280 808655F0 02202025 */  or      $a0, $s1, $zero            ## $a0 = 00000000
/* 00284 808655F4 1000005F */  beq     $zero, $zero, .L80865774   
/* 00288 808655F8 8FBF0054 */  lw      $ra, 0x0054($sp)           
/* 0028C 808655FC 86230146 */  lh      $v1, 0x0146($s1)           ## 00000146
.L80865600:
/* 00290 80865600 24010001 */  addiu   $at, $zero, 0x0001         ## $at = 00000001
/* 00294 80865604 5C600055 */  bgtzl   $v1, .L8086575C            
/* 00298 80865608 C6260148 */  lwc1    $f6, 0x0148($s1)           ## 00000148
/* 0029C 8086560C 10410005 */  beq     $v0, $at, .L80865624       
/* 002A0 80865610 24010004 */  addiu   $at, $zero, 0x0004         ## $at = 00000004
/* 002A4 80865614 1041001C */  beq     $v0, $at, .L80865688       
/* 002A8 80865618 24100007 */  addiu   $s0, $zero, 0x0007         ## $s0 = 00000007
/* 002AC 8086561C 1000004A */  beq     $zero, $zero, .L80865748   
/* 002B0 80865620 00000000 */  nop
.L80865624:
/* 002B4 80865624 3C01457A */  lui     $at, 0x457A                ## $at = 457A0000
/* 002B8 80865628 44812000 */  mtc1    $at, $f4                   ## $f4 = 4000.00
/* 002BC 8086562C C632005C */  lwc1    $f18, 0x005C($s1)          ## 0000005C
/* 002C0 80865630 3C12801D */  lui     $s2, 0x801D                ## $s2 = 801D0000
/* 002C4 80865634 264715B0 */  addiu   $a3, $s2, 0x15B0           ## $a3 = 801D15B0
/* 002C8 80865638 46049182 */  mul.s   $f6, $f18, $f4             
/* 002CC 8086563C 26300024 */  addiu   $s0, $s1, 0x0024           ## $s0 = 00000024
/* 002D0 80865640 24090007 */  addiu   $t1, $zero, 0x0007         ## $t1 = 00000007
/* 002D4 80865644 240A0001 */  addiu   $t2, $zero, 0x0001         ## $t2 = 00000001
/* 002D8 80865648 AFAA0018 */  sw      $t2, 0x0018($sp)           
/* 002DC 8086564C AFA90014 */  sw      $t1, 0x0014($sp)           
/* 002E0 80865650 02002825 */  or      $a1, $s0, $zero            ## $a1 = 00000024
/* 002E4 80865654 4600320D */  trunc.w.s $f8, $f6                   
/* 002E8 80865658 00E03025 */  or      $a2, $a3, $zero            ## $a2 = 801D15B0
/* 002EC 8086565C 02802025 */  or      $a0, $s4, $zero            ## $a0 = 00000000
/* 002F0 80865660 44084000 */  mfc1    $t0, $f8                   
/* 002F4 80865664 0C02CC0C */  jal     func_800B3030              
/* 002F8 80865668 AFA80010 */  sw      $t0, 0x0010($sp)           
/* 002FC 8086566C 02802025 */  or      $a0, $s4, $zero            ## $a0 = 00000000
/* 00300 80865670 02002825 */  or      $a1, $s0, $zero            ## $a1 = 00000024
/* 00304 80865674 2406000A */  addiu   $a2, $zero, 0x000A         ## $a2 = 0000000A
/* 00308 80865678 0C03C15A */  jal     func_800F0568              
/* 0030C 8086567C 24073878 */  addiu   $a3, $zero, 0x3878         ## $a3 = 00003878
/* 00310 80865680 10000031 */  beq     $zero, $zero, .L80865748   
/* 00314 80865684 00000000 */  nop
.L80865688:
/* 00318 80865688 3C013F80 */  lui     $at, 0x3F80                ## $at = 3F800000
/* 0031C 8086568C 4481C000 */  mtc1    $at, $f24                  ## $f24 = 1.00
/* 00320 80865690 3C014248 */  lui     $at, 0x4248                ## $at = 42480000
/* 00324 80865694 4481B000 */  mtc1    $at, $f22                  ## $f22 = 50.00
/* 00328 80865698 3C014270 */  lui     $at, 0x4270                ## $at = 42700000
/* 0032C 8086569C 3C12801D */  lui     $s2, 0x801D                ## $s2 = 801D0000
/* 00330 808656A0 4481A000 */  mtc1    $at, $f20                  ## $f20 = 60.00
/* 00334 808656A4 265215B0 */  addiu   $s2, $s2, 0x15B0           ## $s2 = 801D15B0
/* 00338 808656A8 27B30080 */  addiu   $s3, $sp, 0x0080           ## $s3 = FFFFFFF0
.L808656AC:
/* 0033C 808656AC 0C05E570 */  jal     func_801795C0              
/* 00340 808656B0 4600A306 */  mov.s   $f12, $f20                 
/* 00344 808656B4 C62A0024 */  lwc1    $f10, 0x0024($s1)          ## 00000024
/* 00348 808656B8 4600B306 */  mov.s   $f12, $f22                 
/* 0034C 808656BC 460A0400 */  add.s   $f16, $f0, $f10            
/* 00350 808656C0 0C05E570 */  jal     func_801795C0              
/* 00354 808656C4 E7B00080 */  swc1    $f16, 0x0080($sp)          
/* 00358 808656C8 C63200C4 */  lwc1    $f18, 0x00C4($s1)          ## 000000C4
/* 0035C 808656CC C624005C */  lwc1    $f4, 0x005C($s1)           ## 0000005C
/* 00360 808656D0 C6280028 */  lwc1    $f8, 0x0028($s1)           ## 00000028
/* 00364 808656D4 4600A306 */  mov.s   $f12, $f20                 
/* 00368 808656D8 46049182 */  mul.s   $f6, $f18, $f4             
/* 0036C 808656DC 46064280 */  add.s   $f10, $f8, $f6             
/* 00370 808656E0 460A0400 */  add.s   $f16, $f0, $f10            
/* 00374 808656E4 0C05E570 */  jal     func_801795C0              
/* 00378 808656E8 E7B00084 */  swc1    $f16, 0x0084($sp)          
/* 0037C 808656EC C632002C */  lwc1    $f18, 0x002C($s1)          ## 0000002C
/* 00380 808656F0 46120100 */  add.s   $f4, $f0, $f18             
/* 00384 808656F4 0C021BF7 */  jal     func_80086FDC              
/* 00388 808656F8 E7A40088 */  swc1    $f4, 0x0088($sp)           
/* 0038C 808656FC 46180200 */  add.s   $f8, $f0, $f24             
/* 00390 80865700 24040050 */  addiu   $a0, $zero, 0x0050         ## $a0 = 00000050
/* 00394 80865704 24050064 */  addiu   $a1, $zero, 0x0064         ## $a1 = 00000064
/* 00398 80865708 0C03FD14 */  jal     func_800FF450              
/* 0039C 8086570C E7A80078 */  swc1    $f8, 0x0078($sp)           
/* 003A0 80865710 240B0019 */  addiu   $t3, $zero, 0x0019         ## $t3 = 00000019
/* 003A4 80865714 240C0001 */  addiu   $t4, $zero, 0x0001         ## $t4 = 00000001
/* 003A8 80865718 AFAC001C */  sw      $t4, 0x001C($sp)           
/* 003AC 8086571C AFAB0014 */  sw      $t3, 0x0014($sp)           
/* 003B0 80865720 02802025 */  or      $a0, $s4, $zero            ## $a0 = 00000000
/* 003B4 80865724 02602825 */  or      $a1, $s3, $zero            ## $a1 = FFFFFFF0
/* 003B8 80865728 02A03025 */  or      $a2, $s5, $zero            ## $a2 = FFFFFFE4
/* 003BC 8086572C 02403825 */  or      $a3, $s2, $zero            ## $a3 = 801D15B0
/* 003C0 80865730 AFA20010 */  sw      $v0, 0x0010($sp)           
/* 003C4 80865734 0C02C824 */  jal     func_800B2090              
/* 003C8 80865738 AFA00018 */  sw      $zero, 0x0018($sp)         
/* 003CC 8086573C 2610FFFF */  addiu   $s0, $s0, 0xFFFF           ## $s0 = 00000023
/* 003D0 80865740 0601FFDA */  bgez    $s0, .L808656AC            
/* 003D4 80865744 00000000 */  nop
.L80865748:
/* 003D8 80865748 0C02D9C3 */  jal     func_800B670C              
/* 003DC 8086574C 02202025 */  or      $a0, $s1, $zero            ## $a0 = 00000000
/* 003E0 80865750 10000008 */  beq     $zero, $zero, .L80865774   
/* 003E4 80865754 8FBF0054 */  lw      $ra, 0x0054($sp)           
/* 003E8 80865758 C6260148 */  lwc1    $f6, 0x0148($s1)           ## 00000148
.L8086575C:
/* 003EC 8086575C C62A014C */  lwc1    $f10, 0x014C($s1)          ## 0000014C
/* 003F0 80865760 246DFFFF */  addiu   $t5, $v1, 0xFFFF           ## $t5 = FFFFFFFF
/* 003F4 80865764 A62D0146 */  sh      $t5, 0x0146($s1)           ## 00000146
/* 003F8 80865768 460A3400 */  add.s   $f16, $f6, $f10            
/* 003FC 8086576C E6300148 */  swc1    $f16, 0x0148($s1)          ## 00000148
.L80865770:
/* 00400 80865770 8FBF0054 */  lw      $ra, 0x0054($sp)           
.L80865774:
/* 00404 80865774 D7B40020 */  ldc1    $f20, 0x0020($sp)          
/* 00408 80865778 D7B60028 */  ldc1    $f22, 0x0028($sp)          
/* 0040C 8086577C D7B80030 */  ldc1    $f24, 0x0030($sp)          
/* 00410 80865780 8FB0003C */  lw      $s0, 0x003C($sp)           
/* 00414 80865784 8FB10040 */  lw      $s1, 0x0040($sp)           
/* 00418 80865788 8FB20044 */  lw      $s2, 0x0044($sp)           
/* 0041C 8086578C 8FB30048 */  lw      $s3, 0x0048($sp)           
/* 00420 80865790 8FB4004C */  lw      $s4, 0x004C($sp)           
/* 00424 80865794 8FB50050 */  lw      $s5, 0x0050($sp)           
/* 00428 80865798 03E00008 */  jr      $ra                        
/* 0042C 8086579C 27BD0090 */  addiu   $sp, $sp, 0x0090           ## $sp = 00000000


glabel func_808657A0
/* 00430 808657A0 27BDFFE8 */  addiu   $sp, $sp, 0xFFE8           ## $sp = FFFFFFE8
/* 00434 808657A4 AFBF0014 */  sw      $ra, 0x0014($sp)           
/* 00438 808657A8 AFA5001C */  sw      $a1, 0x001C($sp)           
/* 0043C 808657AC 0C02DAA2 */  jal     func_800B6A88              
/* 00440 808657B0 AFA40018 */  sw      $a0, 0x0018($sp)           
/* 00444 808657B4 8FA40018 */  lw      $a0, 0x0018($sp)           
/* 00448 808657B8 3C198086 */  lui     $t9, %hi(D_8086590C)       ## $t9 = 80860000
/* 0044C 808657BC 8FA5001C */  lw      $a1, 0x001C($sp)           
/* 00450 808657C0 908E0144 */  lbu     $t6, 0x0144($a0)           ## 00000144
/* 00454 808657C4 000E7880 */  sll     $t7, $t6,  2               
/* 00458 808657C8 032FC821 */  addu    $t9, $t9, $t7              
/* 0045C 808657CC 8F39590C */  lw      $t9, %lo(D_8086590C)($t9)  
/* 00460 808657D0 0320F809 */  jalr    $ra, $t9                   
/* 00464 808657D4 00000000 */  nop
/* 00468 808657D8 8FBF0014 */  lw      $ra, 0x0014($sp)           
/* 0046C 808657DC 27BD0018 */  addiu   $sp, $sp, 0x0018           ## $sp = 00000000
/* 00470 808657E0 03E00008 */  jr      $ra                        
/* 00474 808657E4 00000000 */  nop


glabel func_808657E8
/* 00478 808657E8 27BDFFC8 */  addiu   $sp, $sp, 0xFFC8           ## $sp = FFFFFFC8
/* 0047C 808657EC AFB10018 */  sw      $s1, 0x0018($sp)           
/* 00480 808657F0 00808825 */  or      $s1, $a0, $zero            ## $s1 = 00000000
/* 00484 808657F4 AFBF001C */  sw      $ra, 0x001C($sp)           
/* 00488 808657F8 AFB00014 */  sw      $s0, 0x0014($sp)           
/* 0048C 808657FC AFA5003C */  sw      $a1, 0x003C($sp)           
/* 00490 80865800 8FAE003C */  lw      $t6, 0x003C($sp)           
/* 00494 80865804 862F001C */  lh      $t7, 0x001C($s1)           ## 0000001C
/* 00498 80865808 24050001 */  addiu   $a1, $zero, 0x0001         ## $a1 = 00000001
/* 0049C 8086580C 8DC60000 */  lw      $a2, 0x0000($t6)           ## 00000000
/* 004A0 80865810 19E00005 */  blez    $t7, .L80865828            
/* 004A4 80865814 00C08025 */  or      $s0, $a2, $zero            ## $s0 = 00000000
/* 004A8 80865818 0C0603A4 */  jal     func_80180E90              
/* 004AC 8086581C C62C0148 */  lwc1    $f12, 0x0148($s1)          ## 00000148
/* 004B0 80865820 8FB8003C */  lw      $t8, 0x003C($sp)           
/* 004B4 80865824 8F060000 */  lw      $a2, 0x0000($t8)           ## 00000000
.L80865828:
/* 004B8 80865828 0C04B0A3 */  jal     func_8012C28C              
/* 004BC 8086582C 00C02025 */  or      $a0, $a2, $zero            ## $a0 = 00000000
/* 004C0 80865830 02202025 */  or      $a0, $s1, $zero            ## $a0 = 00000000
/* 004C4 80865834 8FA5003C */  lw      $a1, 0x003C($sp)           
/* 004C8 80865838 0C02E014 */  jal     func_800B8050              
/* 004CC 8086583C 00003025 */  or      $a2, $zero, $zero          ## $a2 = 00000000
/* 004D0 80865840 8639001C */  lh      $t9, 0x001C($s1)           ## 0000001C
/* 004D4 80865844 2401000F */  addiu   $at, $zero, 0x000F         ## $at = 0000000F
/* 004D8 80865848 3C09DB06 */  lui     $t1, 0xDB06                ## $t1 = DB060000
/* 004DC 8086584C 17210008 */  bne     $t9, $at, .L80865870       
/* 004E0 80865850 35290030 */  ori     $t1, $t1, 0x0030           ## $t1 = DB060030
/* 004E4 80865854 8E0202B0 */  lw      $v0, 0x02B0($s0)           ## 000002B0
/* 004E8 80865858 3C0A801C */  lui     $t2, 0x801C                ## $t2 = 801C0000
/* 004EC 8086585C 254A1D00 */  addiu   $t2, $t2, 0x1D00           ## $t2 = 801C1D00
/* 004F0 80865860 24480008 */  addiu   $t0, $v0, 0x0008           ## $t0 = 00000008
/* 004F4 80865864 AE0802B0 */  sw      $t0, 0x02B0($s0)           ## 000002B0
/* 004F8 80865868 AC4A0004 */  sw      $t2, 0x0004($v0)           ## 00000004
/* 004FC 8086586C AC490000 */  sw      $t1, 0x0000($v0)           ## 00000000
.L80865870:
/* 00500 80865870 8E2B0150 */  lw      $t3, 0x0150($s1)           ## 00000150
/* 00504 80865874 51600015 */  beql    $t3, $zero, .L808658CC     
/* 00508 80865878 8FBF001C */  lw      $ra, 0x001C($sp)           
/* 0050C 8086587C 8E0202B0 */  lw      $v0, 0x02B0($s0)           ## 000002B0
/* 00510 80865880 3C0DDA38 */  lui     $t5, 0xDA38                ## $t5 = DA380000
/* 00514 80865884 35AD0003 */  ori     $t5, $t5, 0x0003           ## $t5 = DA380003
/* 00518 80865888 244C0008 */  addiu   $t4, $v0, 0x0008           ## $t4 = 00000008
/* 0051C 8086588C AE0C02B0 */  sw      $t4, 0x02B0($s0)           ## 000002B0
/* 00520 80865890 AC4D0000 */  sw      $t5, 0x0000($v0)           ## 00000000
/* 00524 80865894 8FAE003C */  lw      $t6, 0x003C($sp)           
/* 00528 80865898 8DC40000 */  lw      $a0, 0x0000($t6)           ## 00000000
/* 0052C 8086589C 0C060690 */  jal     func_80181A40              
/* 00530 808658A0 AFA20024 */  sw      $v0, 0x0024($sp)           
/* 00534 808658A4 8FA30024 */  lw      $v1, 0x0024($sp)           
/* 00538 808658A8 AC620004 */  sw      $v0, 0x0004($v1)           ## 00000004
/* 0053C 808658AC 8E0202B0 */  lw      $v0, 0x02B0($s0)           ## 000002B0
/* 00540 808658B0 3C18DE00 */  lui     $t8, 0xDE00                ## $t8 = DE000000
/* 00544 808658B4 244F0008 */  addiu   $t7, $v0, 0x0008           ## $t7 = 00000008
/* 00548 808658B8 AE0F02B0 */  sw      $t7, 0x02B0($s0)           ## 000002B0
/* 0054C 808658BC AC580000 */  sw      $t8, 0x0000($v0)           ## 00000000
/* 00550 808658C0 8E390150 */  lw      $t9, 0x0150($s1)           ## 00000150
/* 00554 808658C4 AC590004 */  sw      $t9, 0x0004($v0)           ## 00000004
/* 00558 808658C8 8FBF001C */  lw      $ra, 0x001C($sp)           
.L808658CC:
/* 0055C 808658CC 8FB00014 */  lw      $s0, 0x0014($sp)           
/* 00560 808658D0 8FB10018 */  lw      $s1, 0x0018($sp)           
/* 00564 808658D4 03E00008 */  jr      $ra                        
/* 00568 808658D8 27BD0038 */  addiu   $sp, $sp, 0x0038           ## $sp = 00000000
/* 0056C 808658DC 00000000 */  nop

.section .data

D_808658E0: .word 0x00030700, 0x00000010, 0x00010000, 0x00000154
.word func_80865370
.word func_80865380
.word func_808657A0
.word func_808657E8
D_80865900: .word 0x00000000, 0x00000000, 0x00000000
D_8086590C: .word func_80865390
.word func_808654C4
.word 0x00000000, 0x00000000, 0x00000000

.section .rodata

D_80865920: .word 0x469C4000
D_80865924: .word 0xBF19999A
D_80865928: .word 0x3E19999A, 0x00000000


.section .rodata
D_80865930:
.incbin "baserom/En_Part", 0x5C0, 0x00000060
