.include "macro.inc"

# assembler directives
.set noat      # allow manual use of $at
.set noreorder # don't insert nops after branches
.set gp=64     # allow use of 64-bit general purpose registers

.section .text
glabel func_80C25D40
/* 00000 80C25D40 27BDFFE8 */  addiu   $sp, $sp, 0xFFE8           ## $sp = FFFFFFE8
/* 00004 80C25D44 AFBF0014 */  sw      $ra, 0x0014($sp)           
/* 00008 80C25D48 AFA40018 */  sw      $a0, 0x0018($sp)           
/* 0000C 80C25D4C 8FA40018 */  lw      $a0, 0x0018($sp)           
/* 00010 80C25D50 3C0580C2 */  lui     $a1, %hi(D_80C26010)       ## $a1 = 80C20000
/* 00014 80C25D54 24A56010 */  addiu   $a1, $a1, %lo(D_80C26010)  ## $a1 = 80C26010
/* 00018 80C25D58 00003025 */  or      $a2, $zero, $zero          ## $a2 = 00000000
/* 0001C 80C25D5C 0C02F717 */  jal     func_800BDC5C              
/* 00020 80C25D60 24840190 */  addiu   $a0, $a0, 0x0190           ## $a0 = 00000190
/* 00024 80C25D64 8FAF0018 */  lw      $t7, 0x0018($sp)           
/* 00028 80C25D68 3C0E80C2 */  lui     $t6, %hi(func_80C25D84)    ## $t6 = 80C20000
/* 0002C 80C25D6C 25CE5D84 */  addiu   $t6, $t6, %lo(func_80C25D84) ## $t6 = 80C25D84
/* 00030 80C25D70 ADEE01D4 */  sw      $t6, 0x01D4($t7)           ## 000001D4
/* 00034 80C25D74 8FBF0014 */  lw      $ra, 0x0014($sp)           
/* 00038 80C25D78 27BD0018 */  addiu   $sp, $sp, 0x0018           ## $sp = 00000000
/* 0003C 80C25D7C 03E00008 */  jr      $ra                        
/* 00040 80C25D80 00000000 */  nop


glabel func_80C25D84
/* 00044 80C25D84 AFA40000 */  sw      $a0, 0x0000($sp)           
/* 00048 80C25D88 AFA50004 */  sw      $a1, 0x0004($sp)           
/* 0004C 80C25D8C 03E00008 */  jr      $ra                        
/* 00050 80C25D90 00000000 */  nop


glabel func_80C25D94
/* 00054 80C25D94 27BDFFD0 */  addiu   $sp, $sp, 0xFFD0           ## $sp = FFFFFFD0
/* 00058 80C25D98 AFB00028 */  sw      $s0, 0x0028($sp)           
/* 0005C 80C25D9C 00808025 */  or      $s0, $a0, $zero            ## $s0 = 00000000
/* 00060 80C25DA0 AFBF002C */  sw      $ra, 0x002C($sp)           
/* 00064 80C25DA4 AFA50034 */  sw      $a1, 0x0034($sp)           
/* 00068 80C25DA8 3C06800B */  lui     $a2, 0x800B                ## $a2 = 800B0000
/* 0006C 80C25DAC 24C63FC0 */  addiu   $a2, $a2, 0x3FC0           ## $a2 = 800B3FC0
/* 00070 80C25DB0 260400BC */  addiu   $a0, $s0, 0x00BC           ## $a0 = 000000BC
/* 00074 80C25DB4 24050000 */  addiu   $a1, $zero, 0x0000         ## $a1 = 00000000
/* 00078 80C25DB8 0C02CEE9 */  jal     func_800B3BA4              
/* 0007C 80C25DBC 3C0741A0 */  lui     $a3, 0x41A0                ## $a3 = 41A00000
/* 00080 80C25DC0 3C060601 */  lui     $a2, 0x0601                ## $a2 = 06010000
/* 00084 80C25DC4 3C070601 */  lui     $a3, 0x0601                ## $a3 = 06010000
/* 00088 80C25DC8 24E79120 */  addiu   $a3, $a3, 0x9120           ## $a3 = 06009120
/* 0008C 80C25DCC 24C69220 */  addiu   $a2, $a2, 0x9220           ## $a2 = 06009220
/* 00090 80C25DD0 8FA40034 */  lw      $a0, 0x0034($sp)           
/* 00094 80C25DD4 26050190 */  addiu   $a1, $s0, 0x0190           ## $a1 = 00000190
/* 00098 80C25DD8 AFA00010 */  sw      $zero, 0x0010($sp)         
/* 0009C 80C25DDC AFA00014 */  sw      $zero, 0x0014($sp)         
/* 000A0 80C25DE0 0C04DACC */  jal     func_80136B30              
/* 000A4 80C25DE4 AFA00018 */  sw      $zero, 0x0018($sp)         
/* 000A8 80C25DE8 8E0E0004 */  lw      $t6, 0x0004($s0)           ## 00000004
/* 000AC 80C25DEC 2401FFFE */  addiu   $at, $zero, 0xFFFE         ## $at = FFFFFFFE
/* 000B0 80C25DF0 02002025 */  or      $a0, $s0, $zero            ## $a0 = 00000000
/* 000B4 80C25DF4 01C17824 */  and     $t7, $t6, $at              
/* 000B8 80C25DF8 0C309750 */  jal     func_80C25D40              
/* 000BC 80C25DFC AE0F0004 */  sw      $t7, 0x0004($s0)           ## 00000004
/* 000C0 80C25E00 8FBF002C */  lw      $ra, 0x002C($sp)           
/* 000C4 80C25E04 8FB00028 */  lw      $s0, 0x0028($sp)           
/* 000C8 80C25E08 27BD0030 */  addiu   $sp, $sp, 0x0030           ## $sp = 00000000
/* 000CC 80C25E0C 03E00008 */  jr      $ra                        
/* 000D0 80C25E10 00000000 */  nop


glabel func_80C25E14
/* 000D4 80C25E14 27BDFFE8 */  addiu   $sp, $sp, 0xFFE8           ## $sp = FFFFFFE8
/* 000D8 80C25E18 AFBF0014 */  sw      $ra, 0x0014($sp)           
/* 000DC 80C25E1C 00803025 */  or      $a2, $a0, $zero            ## $a2 = 00000000
/* 000E0 80C25E20 0C04DE38 */  jal     func_801378E0              
/* 000E4 80C25E24 24C40190 */  addiu   $a0, $a2, 0x0190           ## $a0 = 00000190
/* 000E8 80C25E28 8FBF0014 */  lw      $ra, 0x0014($sp)           
/* 000EC 80C25E2C 27BD0018 */  addiu   $sp, $sp, 0x0018           ## $sp = 00000000
/* 000F0 80C25E30 03E00008 */  jr      $ra                        
/* 000F4 80C25E34 00000000 */  nop


glabel func_80C25E38
/* 000F8 80C25E38 27BDFFD0 */  addiu   $sp, $sp, 0xFFD0           ## $sp = FFFFFFD0
/* 000FC 80C25E3C AFB00028 */  sw      $s0, 0x0028($sp)           
/* 00100 80C25E40 00808025 */  or      $s0, $a0, $zero            ## $s0 = 00000000
/* 00104 80C25E44 AFBF002C */  sw      $ra, 0x002C($sp)           
/* 00108 80C25E48 AFA50034 */  sw      $a1, 0x0034($sp)           
/* 0010C 80C25E4C 8E1901D4 */  lw      $t9, 0x01D4($s0)           ## 000001D4
/* 00110 80C25E50 02002025 */  or      $a0, $s0, $zero            ## $a0 = 00000000
/* 00114 80C25E54 8FA50034 */  lw      $a1, 0x0034($sp)           
/* 00118 80C25E58 0320F809 */  jalr    $ra, $t9                   
/* 0011C 80C25E5C 00000000 */  nop
/* 00120 80C25E60 0C02DAA2 */  jal     func_800B6A88              
/* 00124 80C25E64 02002025 */  or      $a0, $s0, $zero            ## $a0 = 00000000
/* 00128 80C25E68 0C04DB34 */  jal     func_80136CD0              
/* 0012C 80C25E6C 26040190 */  addiu   $a0, $s0, 0x0190           ## $a0 = 00000190
/* 00130 80C25E70 8E0F003C */  lw      $t7, 0x003C($s0)           ## 0000003C
/* 00134 80C25E74 8FA40034 */  lw      $a0, 0x0034($sp)           
/* 00138 80C25E78 02002825 */  or      $a1, $s0, $zero            ## $a1 = 00000000
/* 0013C 80C25E7C AFAF0010 */  sw      $t7, 0x0010($sp)           
/* 00140 80C25E80 8E0E0040 */  lw      $t6, 0x0040($s0)           ## 00000040
/* 00144 80C25E84 260601D8 */  addiu   $a2, $s0, 0x01D8           ## $a2 = 000001D8
/* 00148 80C25E88 260701DE */  addiu   $a3, $s0, 0x01DE           ## $a3 = 000001DE
/* 0014C 80C25E8C AFAE0014 */  sw      $t6, 0x0014($sp)           
/* 00150 80C25E90 8E0F0044 */  lw      $t7, 0x0044($s0)           ## 00000044
/* 00154 80C25E94 0C03A494 */  jal     func_800E9250              
/* 00158 80C25E98 AFAF0018 */  sw      $t7, 0x0018($sp)           
/* 0015C 80C25E9C 8FBF002C */  lw      $ra, 0x002C($sp)           
/* 00160 80C25EA0 8FB00028 */  lw      $s0, 0x0028($sp)           
/* 00164 80C25EA4 27BD0030 */  addiu   $sp, $sp, 0x0030           ## $sp = 00000000
/* 00168 80C25EA8 03E00008 */  jr      $ra                        
/* 0016C 80C25EAC 00000000 */  nop


glabel func_80C25EB0
/* 00170 80C25EB0 27BDFFE8 */  addiu   $sp, $sp, 0xFFE8           ## $sp = FFFFFFE8
/* 00174 80C25EB4 AFBF0014 */  sw      $ra, 0x0014($sp)           
/* 00178 80C25EB8 AFA40018 */  sw      $a0, 0x0018($sp)           
/* 0017C 80C25EBC AFA60020 */  sw      $a2, 0x0020($sp)           
/* 00180 80C25EC0 AFA70024 */  sw      $a3, 0x0024($sp)           
/* 00184 80C25EC4 2401000E */  addiu   $at, $zero, 0x000E         ## $at = 0000000E
/* 00188 80C25EC8 14A10004 */  bne     $a1, $at, .L80C25EDC       
/* 0018C 80C25ECC 8FAE002C */  lw      $t6, 0x002C($sp)           
/* 00190 80C25ED0 85C401DA */  lh      $a0, 0x01DA($t6)           ## 000001DA
/* 00194 80C25ED4 0C06011E */  jal     func_80180478              
/* 00198 80C25ED8 24050001 */  addiu   $a1, $zero, 0x0001         ## $a1 = 00000001
.L80C25EDC:
/* 0019C 80C25EDC 00001025 */  or      $v0, $zero, $zero          ## $v0 = 00000000
/* 001A0 80C25EE0 8FBF0014 */  lw      $ra, 0x0014($sp)           
/* 001A4 80C25EE4 27BD0018 */  addiu   $sp, $sp, 0x0018           ## $sp = 00000000
/* 001A8 80C25EE8 03E00008 */  jr      $ra                        
/* 001AC 80C25EEC 00000000 */  nop


glabel func_80C25EF0
/* 001B0 80C25EF0 27BDFFD8 */  addiu   $sp, $sp, 0xFFD8           ## $sp = FFFFFFD8
/* 001B4 80C25EF4 AFA40028 */  sw      $a0, 0x0028($sp)           
/* 001B8 80C25EF8 27A40018 */  addiu   $a0, $sp, 0x0018           ## $a0 = FFFFFFF0
/* 001BC 80C25EFC AFBF0014 */  sw      $ra, 0x0014($sp)           
/* 001C0 80C25F00 AFA60030 */  sw      $a2, 0x0030($sp)           
/* 001C4 80C25F04 AFA70034 */  sw      $a3, 0x0034($sp)           
/* 001C8 80C25F08 3C0E80C2 */  lui     $t6, %hi(D_80C26028)       ## $t6 = 80C20000
/* 001CC 80C25F0C 25CE6028 */  addiu   $t6, $t6, %lo(D_80C26028)  ## $t6 = 80C26028
/* 001D0 80C25F10 8DD80000 */  lw      $t8, 0x0000($t6)           ## 80C26028
/* 001D4 80C25F14 2401000E */  addiu   $at, $zero, 0x000E         ## $at = 0000000E
/* 001D8 80C25F18 AC980000 */  sw      $t8, 0x0000($a0)           ## FFFFFFF0
/* 001DC 80C25F1C 8DCF0004 */  lw      $t7, 0x0004($t6)           ## 80C2602C
/* 001E0 80C25F20 AC8F0004 */  sw      $t7, 0x0004($a0)           ## FFFFFFF4
/* 001E4 80C25F24 8DD80008 */  lw      $t8, 0x0008($t6)           ## 80C26030
/* 001E8 80C25F28 14A10004 */  bne     $a1, $at, .L80C25F3C       
/* 001EC 80C25F2C AC980008 */  sw      $t8, 0x0008($a0)           ## FFFFFFF8
/* 001F0 80C25F30 8FA50038 */  lw      $a1, 0x0038($sp)           
/* 001F4 80C25F34 0C0606A6 */  jal     func_80181A98              
/* 001F8 80C25F38 24A5003C */  addiu   $a1, $a1, 0x003C           ## $a1 = 0000003C
.L80C25F3C:
/* 001FC 80C25F3C 8FBF0014 */  lw      $ra, 0x0014($sp)           
/* 00200 80C25F40 27BD0028 */  addiu   $sp, $sp, 0x0028           ## $sp = 00000000
/* 00204 80C25F44 03E00008 */  jr      $ra                        
/* 00208 80C25F48 00000000 */  nop


glabel func_80C25F4C
/* 0020C 80C25F4C 27BDFFC8 */  addiu   $sp, $sp, 0xFFC8           ## $sp = FFFFFFC8
/* 00210 80C25F50 AFBF0024 */  sw      $ra, 0x0024($sp)           
/* 00214 80C25F54 AFA40038 */  sw      $a0, 0x0038($sp)           
/* 00218 80C25F58 AFA5003C */  sw      $a1, 0x003C($sp)           
/* 0021C 80C25F5C 8FAE003C */  lw      $t6, 0x003C($sp)           
/* 00220 80C25F60 8DC40000 */  lw      $a0, 0x0000($t6)           ## 00000000
/* 00224 80C25F64 0C04B16C */  jal     func_8012C5B0              
/* 00228 80C25F68 AFA40030 */  sw      $a0, 0x0030($sp)           
/* 0022C 80C25F6C 8FA30030 */  lw      $v1, 0x0030($sp)           
/* 00230 80C25F70 8C6202B0 */  lw      $v0, 0x02B0($v1)           ## 000002B0
/* 00234 80C25F74 3C18DB06 */  lui     $t8, 0xDB06                ## $t8 = DB060000
/* 00238 80C25F78 37180020 */  ori     $t8, $t8, 0x0020           ## $t8 = DB060020
/* 0023C 80C25F7C 244F0008 */  addiu   $t7, $v0, 0x0008           ## $t7 = 00000008
/* 00240 80C25F80 AC6F02B0 */  sw      $t7, 0x02B0($v1)           ## 000002B0
/* 00244 80C25F84 3C040600 */  lui     $a0, 0x0600                ## $a0 = 06000000
/* 00248 80C25F88 AC580000 */  sw      $t8, 0x0000($v0)           ## 00000000
/* 0024C 80C25F8C 24845458 */  addiu   $a0, $a0, 0x5458           ## $a0 = 06005458
/* 00250 80C25F90 0C040141 */  jal     func_80100504              
/* 00254 80C25F94 AFA20028 */  sw      $v0, 0x0028($sp)           
/* 00258 80C25F98 8FA50028 */  lw      $a1, 0x0028($sp)           
/* 0025C 80C25F9C 8FA80038 */  lw      $t0, 0x0038($sp)           
/* 00260 80C25FA0 3C1980C2 */  lui     $t9, %hi(func_80C25EB0)    ## $t9 = 80C20000
/* 00264 80C25FA4 ACA20004 */  sw      $v0, 0x0004($a1)           ## 00000004
/* 00268 80C25FA8 8D050194 */  lw      $a1, 0x0194($t0)           ## 00000194
/* 0026C 80C25FAC 8D0601B0 */  lw      $a2, 0x01B0($t0)           ## 000001B0
/* 00270 80C25FB0 91070192 */  lbu     $a3, 0x0192($t0)           ## 00000192
/* 00274 80C25FB4 3C0980C2 */  lui     $t1, %hi(func_80C25EF0)    ## $t1 = 80C20000
/* 00278 80C25FB8 25295EF0 */  addiu   $t1, $t1, %lo(func_80C25EF0) ## $t1 = 80C25EF0
/* 0027C 80C25FBC 27395EB0 */  addiu   $t9, $t9, %lo(func_80C25EB0) ## $t9 = 80C25EB0
/* 00280 80C25FC0 AFB90010 */  sw      $t9, 0x0010($sp)           
/* 00284 80C25FC4 AFA90014 */  sw      $t1, 0x0014($sp)           
/* 00288 80C25FC8 AFA80018 */  sw      $t0, 0x0018($sp)           
/* 0028C 80C25FCC 0C04CFCA */  jal     func_80133F28              
/* 00290 80C25FD0 8FA4003C */  lw      $a0, 0x003C($sp)           
/* 00294 80C25FD4 8FBF0024 */  lw      $ra, 0x0024($sp)           
/* 00298 80C25FD8 27BD0038 */  addiu   $sp, $sp, 0x0038           ## $sp = 00000000
/* 0029C 80C25FDC 03E00008 */  jr      $ra                        
/* 002A0 80C25FE0 00000000 */  nop
/* 002A4 80C25FE4 00000000 */  nop
/* 002A8 80C25FE8 00000000 */  nop
/* 002AC 80C25FEC 00000000 */  nop

.section .data

D_80C25FF0: .word 0x02B10400, 0x02000019, 0x012C0000, 0x000001E4
.word func_80C25D94
.word func_80C25E14
.word func_80C25E38
.word func_80C25F4C
D_80C26010: .word \
0x0600788C, 0x3F800000, 0x00000000, 0x00000000, \
0x00000000, 0x00000000
D_80C26028: .word \
0x00000000, 0x00000000, 0x00000000, 0x00000000, \
0x00000000, 0x00000000

.section .rodata



.section .rodata
D_80C26040:
.incbin "baserom/En_Rsn", 0x300, 0x00000060
