.include "macro.inc"

# assembler directives
.set noat      # allow manual use of $at
.set noreorder # don't insert nops after branches
.set gp=64     # allow use of 64-bit general purpose registers

.section .text
glabel func_80A389A0
/* 00000 80A389A0 27BDFFC8 */  addiu   $sp, $sp, 0xFFC8           ## $sp = FFFFFFC8
/* 00004 80A389A4 AFA5003C */  sw      $a1, 0x003C($sp)           
/* 00008 80A389A8 00052C00 */  sll     $a1, $a1, 16               
/* 0000C 80A389AC 00052C03 */  sra     $a1, $a1, 16               
/* 00010 80A389B0 AFBF0024 */  sw      $ra, 0x0024($sp)           
/* 00014 80A389B4 AFA40038 */  sw      $a0, 0x0038($sp)           
/* 00018 80A389B8 04A00026 */  bltz    $a1, .L80A38A54            
/* 0001C 80A389BC 00004825 */  or      $t1, $zero, $zero          ## $t1 = 00000000
/* 00020 80A389C0 28A10008 */  slti    $at, $a1, 0x0008           
/* 00024 80A389C4 10200023 */  beq     $at, $zero, .L80A38A54     
/* 00028 80A389C8 00057100 */  sll     $t6, $a1,  4               
/* 0002C 80A389CC 3C0F80A4 */  lui     $t7, %hi(D_80A394A8)       ## $t7 = 80A40000
/* 00030 80A389D0 25EF94A8 */  addiu   $t7, $t7, %lo(D_80A394A8)  ## $t7 = 80A394A8
/* 00034 80A389D4 01CF1821 */  addu    $v1, $t6, $t7              
/* 00038 80A389D8 8468000A */  lh      $t0, 0x000A($v1)           ## 0000000A
/* 0003C 80A389DC 24090001 */  addiu   $t1, $zero, 0x0001         ## $t1 = 00000001
/* 00040 80A389E0 0503000A */  bgezl   $t0, .L80A38A0C            
/* 00044 80A389E4 84780008 */  lh      $t8, 0x0008($v1)           ## 00000008
/* 00048 80A389E8 8C640000 */  lw      $a0, 0x0000($v1)           ## 00000000
/* 0004C 80A389EC AFA3002C */  sw      $v1, 0x002C($sp)           
/* 00050 80A389F0 0C04D1D2 */  jal     func_80134748              
/* 00054 80A389F4 AFA90030 */  sw      $t1, 0x0030($sp)           
/* 00058 80A389F8 00024400 */  sll     $t0, $v0, 16               
/* 0005C 80A389FC 00084403 */  sra     $t0, $t0, 16               
/* 00060 80A38A00 8FA3002C */  lw      $v1, 0x002C($sp)           
/* 00064 80A38A04 8FA90030 */  lw      $t1, 0x0030($sp)           
/* 00068 80A38A08 84780008 */  lh      $t8, 0x0008($v1)           ## 00000008
.L80A38A0C:
/* 0006C 80A38A0C 846A000E */  lh      $t2, 0x000E($v1)           ## 0000000E
/* 00070 80A38A10 44883000 */  mtc1    $t0, $f6                   ## $f6 = 0.00
/* 00074 80A38A14 44982000 */  mtc1    $t8, $f4                   ## $f4 = 0.00
/* 00078 80A38A18 448A5000 */  mtc1    $t2, $f10                  ## $f10 = 0.00
/* 0007C 80A38A1C 46803220 */  cvt.s.w $f8, $f6                   
/* 00080 80A38A20 9079000C */  lbu     $t9, 0x000C($v1)           ## 0000000C
/* 00084 80A38A24 8FA40038 */  lw      $a0, 0x0038($sp)           
/* 00088 80A38A28 8C650000 */  lw      $a1, 0x0000($v1)           ## 00000000
/* 0008C 80A38A2C 8C660004 */  lw      $a2, 0x0004($v1)           ## 00000004
/* 00090 80A38A30 46802120 */  cvt.s.w $f4, $f4                   
/* 00094 80A38A34 E7A80010 */  swc1    $f8, 0x0010($sp)           
/* 00098 80A38A38 AFA90030 */  sw      $t1, 0x0030($sp)           
/* 0009C 80A38A3C AFB90014 */  sw      $t9, 0x0014($sp)           
/* 000A0 80A38A40 46805420 */  cvt.s.w $f16, $f10                 
/* 000A4 80A38A44 44072000 */  mfc1    $a3, $f4                   
/* 000A8 80A38A48 0C04DCFA */  jal     func_801373E8              
/* 000AC 80A38A4C E7B00018 */  swc1    $f16, 0x0018($sp)          
/* 000B0 80A38A50 8FA90030 */  lw      $t1, 0x0030($sp)           
.L80A38A54:
/* 000B4 80A38A54 01201025 */  or      $v0, $t1, $zero            ## $v0 = 00000000
/* 000B8 80A38A58 8FBF0024 */  lw      $ra, 0x0024($sp)           
/* 000BC 80A38A5C 27BD0038 */  addiu   $sp, $sp, 0x0038           ## $sp = 00000000
/* 000C0 80A38A60 03E00008 */  jr      $ra                        
/* 000C4 80A38A64 00000000 */  nop


glabel func_80A38A68
/* 000C8 80A38A68 27BDFFD0 */  addiu   $sp, $sp, 0xFFD0           ## $sp = FFFFFFD0
/* 000CC 80A38A6C AFB00018 */  sw      $s0, 0x0018($sp)           
/* 000D0 80A38A70 00808025 */  or      $s0, $a0, $zero            ## $s0 = 00000000
/* 000D4 80A38A74 AFBF001C */  sw      $ra, 0x001C($sp)           
/* 000D8 80A38A78 AFA50034 */  sw      $a1, 0x0034($sp)           
/* 000DC 80A38A7C 920E01FC */  lbu     $t6, 0x01FC($s0)           ## 000001FC
/* 000E0 80A38A80 8FA40034 */  lw      $a0, 0x0034($sp)           
/* 000E4 80A38A84 3C0141A0 */  lui     $at, 0x41A0                ## $at = 41A00000
/* 000E8 80A38A88 A3AE002F */  sb      $t6, 0x002F($sp)           
/* 000EC 80A38A8C 920F01FD */  lbu     $t7, 0x01FD($s0)           ## 000001FD
/* 000F0 80A38A90 24840830 */  addiu   $a0, $a0, 0x0830           ## $a0 = 00000830
/* 000F4 80A38A94 A3AF002E */  sb      $t7, 0x002E($sp)           
/* 000F8 80A38A98 96180090 */  lhu     $t8, 0x0090($s0)           ## 00000090
/* 000FC 80A38A9C 33190020 */  andi    $t9, $t8, 0x0020           ## $t9 = 00000000
/* 00100 80A38AA0 5320000E */  beql    $t9, $zero, .L80A38ADC     
/* 00104 80A38AA4 8E050080 */  lw      $a1, 0x0080($s0)           ## 00000080
/* 00108 80A38AA8 C604008C */  lwc1    $f4, 0x008C($s0)           ## 0000008C
/* 0010C 80A38AAC 44813000 */  mtc1    $at, $f6                   ## $f6 = 20.00
/* 00110 80A38AB0 24020005 */  addiu   $v0, $zero, 0x0005         ## $v0 = 00000005
/* 00114 80A38AB4 4606203C */  c.lt.s  $f4, $f6                   
/* 00118 80A38AB8 00000000 */  nop
/* 0011C 80A38ABC 45000003 */  bc1f    .L80A38ACC                 
/* 00120 80A38AC0 00000000 */  nop
/* 00124 80A38AC4 10000001 */  beq     $zero, $zero, .L80A38ACC   
/* 00128 80A38AC8 24020004 */  addiu   $v0, $zero, 0x0004         ## $v0 = 00000004
.L80A38ACC:
/* 0012C 80A38ACC 24480800 */  addiu   $t0, $v0, 0x0800           ## $t0 = 00000804
/* 00130 80A38AD0 10000006 */  beq     $zero, $zero, .L80A38AEC   
/* 00134 80A38AD4 A7A80026 */  sh      $t0, 0x0026($sp)           
/* 00138 80A38AD8 8E050080 */  lw      $a1, 0x0080($s0)           ## 00000080
.L80A38ADC:
/* 0013C 80A38ADC 0C0326F7 */  jal     func_800C9BDC              
/* 00140 80A38AE0 92060085 */  lbu     $a2, 0x0085($s0)           ## 00000085
/* 00144 80A38AE4 24490800 */  addiu   $t1, $v0, 0x0800           ## $t1 = 00000800
/* 00148 80A38AE8 A7A90026 */  sh      $t1, 0x0026($sp)           
.L80A38AEC:
/* 0014C 80A38AEC 8FA40034 */  lw      $a0, 0x0034($sp)           
/* 00150 80A38AF0 260501E4 */  addiu   $a1, $s0, 0x01E4           ## $a1 = 000001E4
/* 00154 80A38AF4 0C04F6E4 */  jal     func_8013DB90              
/* 00158 80A38AF8 3C06C0C0 */  lui     $a2, 0xC0C0                ## $a2 = C0C00000
/* 0015C 80A38AFC 304A00FF */  andi    $t2, $v0, 0x00FF           ## $t2 = 00000000
/* 00160 80A38B00 11400009 */  beq     $t2, $zero, .L80A38B28     
/* 00164 80A38B04 A20201FC */  sb      $v0, 0x01FC($s0)           ## 000001FC
/* 00168 80A38B08 93AB002F */  lbu     $t3, 0x002F($sp)           
/* 0016C 80A38B0C 304C00FF */  andi    $t4, $v0, 0x00FF           ## $t4 = 00000000
/* 00170 80A38B10 55600006 */  bnel    $t3, $zero, .L80A38B2C     
/* 00174 80A38B14 8FA40034 */  lw      $a0, 0x0034($sp)           
/* 00178 80A38B18 11800003 */  beq     $t4, $zero, .L80A38B28     
/* 0017C 80A38B1C 02002025 */  or      $a0, $s0, $zero            ## $a0 = 00000000
/* 00180 80A38B20 0C02E3B2 */  jal     func_800B8EC8              
/* 00184 80A38B24 97A50026 */  lhu     $a1, 0x0026($sp)           
.L80A38B28:
/* 00188 80A38B28 8FA40034 */  lw      $a0, 0x0034($sp)           
.L80A38B2C:
/* 0018C 80A38B2C 260501F0 */  addiu   $a1, $s0, 0x01F0           ## $a1 = 000001F0
/* 00190 80A38B30 0C04F6E4 */  jal     func_8013DB90              
/* 00194 80A38B34 3C06C0C0 */  lui     $a2, 0xC0C0                ## $a2 = C0C00000
/* 00198 80A38B38 304D00FF */  andi    $t5, $v0, 0x00FF           ## $t5 = 00000000
/* 0019C 80A38B3C 11A00009 */  beq     $t5, $zero, .L80A38B64     
/* 001A0 80A38B40 A20201FD */  sb      $v0, 0x01FD($s0)           ## 000001FD
/* 001A4 80A38B44 93AE002E */  lbu     $t6, 0x002E($sp)           
/* 001A8 80A38B48 304F00FF */  andi    $t7, $v0, 0x00FF           ## $t7 = 00000000
/* 001AC 80A38B4C 55C00006 */  bnel    $t6, $zero, .L80A38B68     
/* 001B0 80A38B50 00001025 */  or      $v0, $zero, $zero          ## $v0 = 00000000
/* 001B4 80A38B54 11E00003 */  beq     $t7, $zero, .L80A38B64     
/* 001B8 80A38B58 02002025 */  or      $a0, $s0, $zero            ## $a0 = 00000000
/* 001BC 80A38B5C 0C02E3B2 */  jal     func_800B8EC8              
/* 001C0 80A38B60 97A50026 */  lhu     $a1, 0x0026($sp)           
.L80A38B64:
/* 001C4 80A38B64 00001025 */  or      $v0, $zero, $zero          ## $v0 = 00000000
.L80A38B68:
/* 001C8 80A38B68 8FBF001C */  lw      $ra, 0x001C($sp)           
/* 001CC 80A38B6C 8FB00018 */  lw      $s0, 0x0018($sp)           
/* 001D0 80A38B70 27BD0030 */  addiu   $sp, $sp, 0x0030           ## $sp = 00000000
/* 001D4 80A38B74 03E00008 */  jr      $ra                        
/* 001D8 80A38B78 00000000 */  nop


glabel func_80A38B7C
/* 001DC 80A38B7C 27BDFFE8 */  addiu   $sp, $sp, 0xFFE8           ## $sp = FFFFFFE8
/* 001E0 80A38B80 AFBF0014 */  sw      $ra, 0x0014($sp)           
/* 001E4 80A38B84 00803025 */  or      $a2, $a0, $zero            ## $a2 = 00000000
/* 001E8 80A38B88 84C20450 */  lh      $v0, 0x0450($a2)           ## 00000450
/* 001EC 80A38B8C 14400003 */  bne     $v0, $zero, .L80A38B9C     
/* 001F0 80A38B90 244EFFFF */  addiu   $t6, $v0, 0xFFFF           ## $t6 = FFFFFFFF
/* 001F4 80A38B94 10000003 */  beq     $zero, $zero, .L80A38BA4   
/* 001F8 80A38B98 00001825 */  or      $v1, $zero, $zero          ## $v1 = 00000000
.L80A38B9C:
/* 001FC 80A38B9C A4CE0450 */  sh      $t6, 0x0450($a2)           ## 00000450
/* 00200 80A38BA0 84C30450 */  lh      $v1, 0x0450($a2)           ## 00000450
.L80A38BA4:
/* 00204 80A38BA4 5460000F */  bnel    $v1, $zero, .L80A38BE4     
/* 00208 80A38BA8 8FBF0014 */  lw      $ra, 0x0014($sp)           
/* 0020C 80A38BAC 84CF044E */  lh      $t7, 0x044E($a2)           ## 0000044E
/* 00210 80A38BB0 2404001E */  addiu   $a0, $zero, 0x001E         ## $a0 = 0000001E
/* 00214 80A38BB4 25F80001 */  addiu   $t8, $t7, 0x0001           ## $t8 = 00000001
/* 00218 80A38BB8 A4D8044E */  sh      $t8, 0x044E($a2)           ## 0000044E
/* 0021C 80A38BBC 84D9044E */  lh      $t9, 0x044E($a2)           ## 0000044E
/* 00220 80A38BC0 0325082A */  slt     $at, $t9, $a1              
/* 00224 80A38BC4 14200006 */  bne     $at, $zero, .L80A38BE0     
/* 00228 80A38BC8 2405001E */  addiu   $a1, $zero, 0x001E         ## $a1 = 0000001E
/* 0022C 80A38BCC A4C0044E */  sh      $zero, 0x044E($a2)         ## 0000044E
/* 00230 80A38BD0 0C03FD14 */  jal     func_800FF450              
/* 00234 80A38BD4 AFA60018 */  sw      $a2, 0x0018($sp)           
/* 00238 80A38BD8 8FA60018 */  lw      $a2, 0x0018($sp)           
/* 0023C 80A38BDC A4C20450 */  sh      $v0, 0x0450($a2)           ## 00000450
.L80A38BE0:
/* 00240 80A38BE0 8FBF0014 */  lw      $ra, 0x0014($sp)           
.L80A38BE4:
/* 00244 80A38BE4 27BD0018 */  addiu   $sp, $sp, 0x0018           ## $sp = 00000000
/* 00248 80A38BE8 03E00008 */  jr      $ra                        
/* 0024C 80A38BEC 00000000 */  nop


glabel func_80A38BF0
/* 00250 80A38BF0 27BDFFE0 */  addiu   $sp, $sp, 0xFFE0           ## $sp = FFFFFFE0
/* 00254 80A38BF4 AFBF0014 */  sw      $ra, 0x0014($sp)           
/* 00258 80A38BF8 AFA50024 */  sw      $a1, 0x0024($sp)           
/* 0025C 80A38BFC 00803825 */  or      $a3, $a0, $zero            ## $a3 = 00000000
/* 00260 80A38C00 C4E40024 */  lwc1    $f4, 0x0024($a3)           ## 00000024
/* 00264 80A38C04 C4E80028 */  lwc1    $f8, 0x0028($a3)           ## 00000028
/* 00268 80A38C08 C4F0002C */  lwc1    $f16, 0x002C($a3)          ## 0000002C
/* 0026C 80A38C0C 4600218D */  trunc.w.s $f6, $f4                   
/* 00270 80A38C10 3C010001 */  lui     $at, 0x0001                ## $at = 00010000
/* 00274 80A38C14 34218884 */  ori     $at, $at, 0x8884           ## $at = 00018884
/* 00278 80A38C18 4600428D */  trunc.w.s $f10, $f8                  
/* 0027C 80A38C1C 440F3000 */  mfc1    $t7, $f6                   
/* 00280 80A38C20 24E6018C */  addiu   $a2, $a3, 0x018C           ## $a2 = 0000018C
/* 00284 80A38C24 4600848D */  trunc.w.s $f18, $f16                 
/* 00288 80A38C28 44195000 */  mfc1    $t9, $f10                  
/* 0028C 80A38C2C A4EF01D2 */  sh      $t7, 0x01D2($a3)           ## 000001D2
/* 00290 80A38C30 44099000 */  mfc1    $t1, $f18                  
/* 00294 80A38C34 A4F901D4 */  sh      $t9, 0x01D4($a3)           ## 000001D4
/* 00298 80A38C38 A4E901D6 */  sh      $t1, 0x01D6($a3)           ## 000001D6
/* 0029C 80A38C3C 8FA40024 */  lw      $a0, 0x0024($sp)           
/* 002A0 80A38C40 AFA60018 */  sw      $a2, 0x0018($sp)           
/* 002A4 80A38C44 00812821 */  addu    $a1, $a0, $at              
/* 002A8 80A38C48 0C0389D0 */  jal     func_800E2740              
/* 002AC 80A38C4C AFA5001C */  sw      $a1, 0x001C($sp)           
/* 002B0 80A38C50 8FA5001C */  lw      $a1, 0x001C($sp)           
/* 002B4 80A38C54 8FA60018 */  lw      $a2, 0x0018($sp)           
/* 002B8 80A38C58 0C038A4A */  jal     func_800E2928              
/* 002BC 80A38C5C 8FA40024 */  lw      $a0, 0x0024($sp)           
/* 002C0 80A38C60 8FBF0014 */  lw      $ra, 0x0014($sp)           
/* 002C4 80A38C64 27BD0020 */  addiu   $sp, $sp, 0x0020           ## $sp = 00000000
/* 002C8 80A38C68 03E00008 */  jr      $ra                        
/* 002CC 80A38C6C 00000000 */  nop


glabel func_80A38C70
/* 002D0 80A38C70 27BDFFC0 */  addiu   $sp, $sp, 0xFFC0           ## $sp = FFFFFFC0
/* 002D4 80A38C74 AFB00028 */  sw      $s0, 0x0028($sp)           
/* 002D8 80A38C78 00808025 */  or      $s0, $a0, $zero            ## $s0 = 00000000
/* 002DC 80A38C7C AFBF002C */  sw      $ra, 0x002C($sp)           
/* 002E0 80A38C80 AFA50044 */  sw      $a1, 0x0044($sp)           
/* 002E4 80A38C84 8FAE0044 */  lw      $t6, 0x0044($sp)           
/* 002E8 80A38C88 26040148 */  addiu   $a0, $s0, 0x0148           ## $a0 = 00000148
/* 002EC 80A38C8C 8DC31CCC */  lw      $v1, 0x1CCC($t6)           ## 00001CCC
/* 002F0 80A38C90 0C04DB34 */  jal     func_80136CD0              
/* 002F4 80A38C94 AFA3003C */  sw      $v1, 0x003C($sp)           
/* 002F8 80A38C98 860400BE */  lh      $a0, 0x00BE($s0)           ## 000000BE
/* 002FC 80A38C9C 24052710 */  addiu   $a1, $zero, 0x2710         ## $a1 = 00002710
/* 00300 80A38CA0 0C04F57A */  jal     func_8013D5E8              
/* 00304 80A38CA4 86060092 */  lh      $a2, 0x0092($s0)           ## 00000092
/* 00308 80A38CA8 10400018 */  beq     $v0, $zero, .L80A38D0C     
/* 0030C 80A38CAC 8FA3003C */  lw      $v1, 0x003C($sp)           
/* 00310 80A38CB0 C4640024 */  lwc1    $f4, 0x0024($v1)           ## 00000024
/* 00314 80A38CB4 3C014040 */  lui     $at, 0x4040                ## $at = 40400000
/* 00318 80A38CB8 44814000 */  mtc1    $at, $f8                   ## $f8 = 3.00
/* 0031C 80A38CBC E7A40030 */  swc1    $f4, 0x0030($sp)           
/* 00320 80A38CC0 C4660C44 */  lwc1    $f6, 0x0C44($v1)           ## 00000C44
/* 00324 80A38CC4 3C1980A4 */  lui     $t9, %hi(D_80A39560)       ## $t9 = 80A40000
/* 00328 80A38CC8 27399560 */  addiu   $t9, $t9, %lo(D_80A39560)  ## $t9 = 80A39560
/* 0032C 80A38CCC 46083280 */  add.s   $f10, $f6, $f8             
/* 00330 80A38CD0 260F0318 */  addiu   $t7, $s0, 0x0318           ## $t7 = 00000318
/* 00334 80A38CD4 2618031E */  addiu   $t8, $s0, 0x031E           ## $t8 = 0000031E
/* 00338 80A38CD8 27A40030 */  addiu   $a0, $sp, 0x0030           ## $a0 = FFFFFFF0
/* 0033C 80A38CDC E7AA0034 */  swc1    $f10, 0x0034($sp)          
/* 00340 80A38CE0 C470002C */  lwc1    $f16, 0x002C($v1)          ## 0000002C
/* 00344 80A38CE4 AFB90018 */  sw      $t9, 0x0018($sp)           
/* 00348 80A38CE8 AFB80014 */  sw      $t8, 0x0014($sp)           
/* 0034C 80A38CEC AFAF0010 */  sw      $t7, 0x0010($sp)           
/* 00350 80A38CF0 2605003C */  addiu   $a1, $s0, 0x003C           ## $a1 = 0000003C
/* 00354 80A38CF4 260600BC */  addiu   $a2, $s0, 0x00BC           ## $a2 = 000000BC
/* 00358 80A38CF8 26070312 */  addiu   $a3, $s0, 0x0312           ## $a3 = 00000312
/* 0035C 80A38CFC 0C04F4B8 */  jal     func_8013D2E0              
/* 00360 80A38D00 E7B00038 */  swc1    $f16, 0x0038($sp)          
/* 00364 80A38D04 1000002C */  beq     $zero, $zero, .L80A38DB8   
/* 00368 80A38D08 02002025 */  or      $a0, $s0, $zero            ## $a0 = 00000000
.L80A38D0C:
/* 0036C 80A38D0C 24080001 */  addiu   $t0, $zero, 0x0001         ## $t0 = 00000001
/* 00370 80A38D10 AFA80010 */  sw      $t0, 0x0010($sp)           
/* 00374 80A38D14 26040312 */  addiu   $a0, $s0, 0x0312           ## $a0 = 00000312
/* 00378 80A38D18 00002825 */  or      $a1, $zero, $zero          ## $a1 = 00000000
/* 0037C 80A38D1C 24060004 */  addiu   $a2, $zero, 0x0004         ## $a2 = 00000004
/* 00380 80A38D20 0C03FFAF */  jal     func_800FFEBC              
/* 00384 80A38D24 240703E8 */  addiu   $a3, $zero, 0x03E8         ## $a3 = 000003E8
/* 00388 80A38D28 24090001 */  addiu   $t1, $zero, 0x0001         ## $t1 = 00000001
/* 0038C 80A38D2C AFA90010 */  sw      $t1, 0x0010($sp)           
/* 00390 80A38D30 26040314 */  addiu   $a0, $s0, 0x0314           ## $a0 = 00000314
/* 00394 80A38D34 00002825 */  or      $a1, $zero, $zero          ## $a1 = 00000000
/* 00398 80A38D38 24060004 */  addiu   $a2, $zero, 0x0004         ## $a2 = 00000004
/* 0039C 80A38D3C 0C03FFAF */  jal     func_800FFEBC              
/* 003A0 80A38D40 240703E8 */  addiu   $a3, $zero, 0x03E8         ## $a3 = 000003E8
/* 003A4 80A38D44 240A0001 */  addiu   $t2, $zero, 0x0001         ## $t2 = 00000001
/* 003A8 80A38D48 AFAA0010 */  sw      $t2, 0x0010($sp)           
/* 003AC 80A38D4C 26040318 */  addiu   $a0, $s0, 0x0318           ## $a0 = 00000318
/* 003B0 80A38D50 00002825 */  or      $a1, $zero, $zero          ## $a1 = 00000000
/* 003B4 80A38D54 24060004 */  addiu   $a2, $zero, 0x0004         ## $a2 = 00000004
/* 003B8 80A38D58 0C03FFAF */  jal     func_800FFEBC              
/* 003BC 80A38D5C 240703E8 */  addiu   $a3, $zero, 0x03E8         ## $a3 = 000003E8
/* 003C0 80A38D60 240B0001 */  addiu   $t3, $zero, 0x0001         ## $t3 = 00000001
/* 003C4 80A38D64 AFAB0010 */  sw      $t3, 0x0010($sp)           
/* 003C8 80A38D68 2604031A */  addiu   $a0, $s0, 0x031A           ## $a0 = 0000031A
/* 003CC 80A38D6C 00002825 */  or      $a1, $zero, $zero          ## $a1 = 00000000
/* 003D0 80A38D70 24060004 */  addiu   $a2, $zero, 0x0004         ## $a2 = 00000004
/* 003D4 80A38D74 0C03FFAF */  jal     func_800FFEBC              
/* 003D8 80A38D78 240703E8 */  addiu   $a3, $zero, 0x03E8         ## $a3 = 000003E8
/* 003DC 80A38D7C 240C0001 */  addiu   $t4, $zero, 0x0001         ## $t4 = 00000001
/* 003E0 80A38D80 AFAC0010 */  sw      $t4, 0x0010($sp)           
/* 003E4 80A38D84 2604031E */  addiu   $a0, $s0, 0x031E           ## $a0 = 0000031E
/* 003E8 80A38D88 00002825 */  or      $a1, $zero, $zero          ## $a1 = 00000000
/* 003EC 80A38D8C 24060004 */  addiu   $a2, $zero, 0x0004         ## $a2 = 00000004
/* 003F0 80A38D90 0C03FFAF */  jal     func_800FFEBC              
/* 003F4 80A38D94 240703E8 */  addiu   $a3, $zero, 0x03E8         ## $a3 = 000003E8
/* 003F8 80A38D98 240D0001 */  addiu   $t5, $zero, 0x0001         ## $t5 = 00000001
/* 003FC 80A38D9C AFAD0010 */  sw      $t5, 0x0010($sp)           
/* 00400 80A38DA0 26040320 */  addiu   $a0, $s0, 0x0320           ## $a0 = 00000320
/* 00404 80A38DA4 00002825 */  or      $a1, $zero, $zero          ## $a1 = 00000000
/* 00408 80A38DA8 24060004 */  addiu   $a2, $zero, 0x0004         ## $a2 = 00000004
/* 0040C 80A38DAC 0C03FFAF */  jal     func_800FFEBC              
/* 00410 80A38DB0 240703E8 */  addiu   $a3, $zero, 0x03E8         ## $a3 = 000003E8
/* 00414 80A38DB4 02002025 */  or      $a0, $s0, $zero            ## $a0 = 00000000
.L80A38DB8:
/* 00418 80A38DB8 0C28E2DF */  jal     func_80A38B7C              
/* 0041C 80A38DBC 24050003 */  addiu   $a1, $zero, 0x0003         ## $a1 = 00000003
/* 00420 80A38DC0 02002025 */  or      $a0, $s0, $zero            ## $a0 = 00000000
/* 00424 80A38DC4 0C28E29A */  jal     func_80A38A68              
/* 00428 80A38DC8 8FA50044 */  lw      $a1, 0x0044($sp)           
/* 0042C 80A38DCC 8FA40044 */  lw      $a0, 0x0044($sp)           
/* 00430 80A38DD0 26050336 */  addiu   $a1, $s0, 0x0336           ## $a1 = 00000336
/* 00434 80A38DD4 26060364 */  addiu   $a2, $s0, 0x0364           ## $a2 = 00000364
/* 00438 80A38DD8 0C04F672 */  jal     func_8013D9C8              
/* 0043C 80A38DDC 24070017 */  addiu   $a3, $zero, 0x0017         ## $a3 = 00000017
/* 00440 80A38DE0 8FBF002C */  lw      $ra, 0x002C($sp)           
/* 00444 80A38DE4 8FB00028 */  lw      $s0, 0x0028($sp)           
/* 00448 80A38DE8 27BD0040 */  addiu   $sp, $sp, 0x0040           ## $sp = 00000000
/* 0044C 80A38DEC 03E00008 */  jr      $ra                        
/* 00450 80A38DF0 00000000 */  nop


glabel func_80A38DF4
/* 00454 80A38DF4 AFA40000 */  sw      $a0, 0x0000($sp)           
/* 00458 80A38DF8 AFA50004 */  sw      $a1, 0x0004($sp)           
/* 0045C 80A38DFC 03E00008 */  jr      $ra                        
/* 00460 80A38E00 00000000 */  nop


glabel func_80A38E04
/* 00464 80A38E04 27BDFFC0 */  addiu   $sp, $sp, 0xFFC0           ## $sp = FFFFFFC0
/* 00468 80A38E08 AFB00028 */  sw      $s0, 0x0028($sp)           
/* 0046C 80A38E0C 44800000 */  mtc1    $zero, $f0                 ## $f0 = 0.00
/* 00470 80A38E10 00808025 */  or      $s0, $a0, $zero            ## $s0 = 00000000
/* 00474 80A38E14 AFBF002C */  sw      $ra, 0x002C($sp)           
/* 00478 80A38E18 AFA50044 */  sw      $a1, 0x0044($sp)           
/* 0047C 80A38E1C 44050000 */  mfc1    $a1, $f0                   
/* 00480 80A38E20 44070000 */  mfc1    $a3, $f0                   
/* 00484 80A38E24 260400BC */  addiu   $a0, $s0, 0x00BC           ## $a0 = 000000BC
/* 00488 80A38E28 0C02CEE9 */  jal     func_800B3BA4              
/* 0048C 80A38E2C 00003025 */  or      $a2, $zero, $zero          ## $a2 = 00000000
/* 00490 80A38E30 26050148 */  addiu   $a1, $s0, 0x0148           ## $a1 = 00000148
/* 00494 80A38E34 3C060601 */  lui     $a2, 0x0601                ## $a2 = 06010000
/* 00498 80A38E38 260E01FE */  addiu   $t6, $s0, 0x01FE           ## $t6 = 000001FE
/* 0049C 80A38E3C 260F0288 */  addiu   $t7, $s0, 0x0288           ## $t7 = 00000288
/* 004A0 80A38E40 24180017 */  addiu   $t8, $zero, 0x0017         ## $t8 = 00000017
/* 004A4 80A38E44 AFB80018 */  sw      $t8, 0x0018($sp)           
/* 004A8 80A38E48 AFAF0014 */  sw      $t7, 0x0014($sp)           
/* 004AC 80A38E4C AFAE0010 */  sw      $t6, 0x0010($sp)           
/* 004B0 80A38E50 24C6C700 */  addiu   $a2, $a2, 0xC700           ## $a2 = 0600C700
/* 004B4 80A38E54 AFA50034 */  sw      $a1, 0x0034($sp)           
/* 004B8 80A38E58 8FA40044 */  lw      $a0, 0x0044($sp)           
/* 004BC 80A38E5C 0C04DACC */  jal     func_80136B30              
/* 004C0 80A38E60 00003825 */  or      $a3, $zero, $zero          ## $a3 = 00000000
/* 004C4 80A38E64 8FA40034 */  lw      $a0, 0x0034($sp)           
/* 004C8 80A38E68 0C28E268 */  jal     func_80A389A0              
/* 004CC 80A38E6C 00002825 */  or      $a1, $zero, $zero          ## $a1 = 00000000
/* 004D0 80A38E70 2605018C */  addiu   $a1, $s0, 0x018C           ## $a1 = 0000018C
/* 004D4 80A38E74 AFA50034 */  sw      $a1, 0x0034($sp)           
/* 004D8 80A38E78 0C038467 */  jal     func_800E119C              
/* 004DC 80A38E7C 8FA40044 */  lw      $a0, 0x0044($sp)           
/* 004E0 80A38E80 3C0780A4 */  lui     $a3, %hi(D_80A39450)       ## $a3 = 80A40000
/* 004E4 80A38E84 8FA50034 */  lw      $a1, 0x0034($sp)           
/* 004E8 80A38E88 24E79450 */  addiu   $a3, $a3, %lo(D_80A39450)  ## $a3 = 80A39450
/* 004EC 80A38E8C 8FA40044 */  lw      $a0, 0x0044($sp)           
/* 004F0 80A38E90 0C0384C3 */  jal     func_800E130C              
/* 004F4 80A38E94 02003025 */  or      $a2, $s0, $zero            ## $a2 = 00000000
/* 004F8 80A38E98 3C0580A4 */  lui     $a1, %hi(D_80A39488)       ## $a1 = 80A40000
/* 004FC 80A38E9C 3C0680A4 */  lui     $a2, %hi(D_80A3947C)       ## $a2 = 80A40000
/* 00500 80A38EA0 24C6947C */  addiu   $a2, $a2, %lo(D_80A3947C)  ## $a2 = 80A3947C
/* 00504 80A38EA4 24A59488 */  addiu   $a1, $a1, %lo(D_80A39488)  ## $a1 = 80A39488
/* 00508 80A38EA8 0C039D57 */  jal     func_800E755C              
/* 0050C 80A38EAC 260400A0 */  addiu   $a0, $s0, 0x00A0           ## $a0 = 000000A0
/* 00510 80A38EB0 8605001C */  lh      $a1, 0x001C($s0)           ## 0000001C
/* 00514 80A38EB4 8FA40044 */  lw      $a0, 0x0044($sp)           
/* 00518 80A38EB8 2406003F */  addiu   $a2, $zero, 0x003F         ## $a2 = 0000003F
/* 0051C 80A38EBC 30A57E00 */  andi    $a1, $a1, 0x7E00           ## $a1 = 00000000
/* 00520 80A38EC0 00052A43 */  sra     $a1, $a1,  9               
/* 00524 80A38EC4 00052C00 */  sll     $a1, $a1, 16               
/* 00528 80A38EC8 0C04F592 */  jal     func_8013D648              
/* 0052C 80A38ECC 00052C03 */  sra     $a1, $a1, 16               
/* 00530 80A38ED0 3C053C23 */  lui     $a1, 0x3C23                ## $a1 = 3C230000
/* 00534 80A38ED4 AE0201DC */  sw      $v0, 0x01DC($s0)           ## 000001DC
/* 00538 80A38ED8 34A5D70A */  ori     $a1, $a1, 0xD70A           ## $a1 = 3C23D70A
/* 0053C 80A38EDC 0C02D9F8 */  jal     func_800B67E0              
/* 00540 80A38EE0 02002025 */  or      $a0, $s0, $zero            ## $a0 = 00000000
/* 00544 80A38EE4 3C01C080 */  lui     $at, 0xC080                ## $at = C0800000
/* 00548 80A38EE8 44812000 */  mtc1    $at, $f4                   ## $f4 = -4.00
/* 0054C 80A38EEC 3C1980A4 */  lui     $t9, %hi(func_80A38DF4)    ## $t9 = 80A40000
/* 00550 80A38EF0 27398DF4 */  addiu   $t9, $t9, %lo(func_80A38DF4) ## $t9 = 80A38DF4
/* 00554 80A38EF4 AE190144 */  sw      $t9, 0x0144($s0)           ## 00000144
/* 00558 80A38EF8 E6040074 */  swc1    $f4, 0x0074($s0)           ## 00000074
/* 0055C 80A38EFC 8FBF002C */  lw      $ra, 0x002C($sp)           
/* 00560 80A38F00 8FB00028 */  lw      $s0, 0x0028($sp)           
/* 00564 80A38F04 27BD0040 */  addiu   $sp, $sp, 0x0040           ## $sp = 00000000
/* 00568 80A38F08 03E00008 */  jr      $ra                        
/* 0056C 80A38F0C 00000000 */  nop


glabel func_80A38F10
/* 00570 80A38F10 27BDFFE8 */  addiu   $sp, $sp, 0xFFE8           ## $sp = FFFFFFE8
/* 00574 80A38F14 AFBF0014 */  sw      $ra, 0x0014($sp)           
/* 00578 80A38F18 00803025 */  or      $a2, $a0, $zero            ## $a2 = 00000000
/* 0057C 80A38F1C 00A03825 */  or      $a3, $a1, $zero            ## $a3 = 00000000
/* 00580 80A38F20 00E02025 */  or      $a0, $a3, $zero            ## $a0 = 00000000
/* 00584 80A38F24 0C03847B */  jal     func_800E11EC              
/* 00588 80A38F28 24C5018C */  addiu   $a1, $a2, 0x018C           ## $a1 = 0000018C
/* 0058C 80A38F2C 8FBF0014 */  lw      $ra, 0x0014($sp)           
/* 00590 80A38F30 27BD0018 */  addiu   $sp, $sp, 0x0018           ## $sp = 00000000
/* 00594 80A38F34 03E00008 */  jr      $ra                        
/* 00598 80A38F38 00000000 */  nop


glabel func_80A38F3C
/* 0059C 80A38F3C 27BDFFD8 */  addiu   $sp, $sp, 0xFFD8           ## $sp = FFFFFFD8
/* 005A0 80A38F40 AFB00020 */  sw      $s0, 0x0020($sp)           
/* 005A4 80A38F44 00808025 */  or      $s0, $a0, $zero            ## $s0 = 00000000
/* 005A8 80A38F48 AFBF0024 */  sw      $ra, 0x0024($sp)           
/* 005AC 80A38F4C AFA5002C */  sw      $a1, 0x002C($sp)           
/* 005B0 80A38F50 8E190144 */  lw      $t9, 0x0144($s0)           ## 00000144
/* 005B4 80A38F54 02002025 */  or      $a0, $s0, $zero            ## $a0 = 00000000
/* 005B8 80A38F58 8FA5002C */  lw      $a1, 0x002C($sp)           
/* 005BC 80A38F5C 0320F809 */  jalr    $ra, $t9                   
/* 005C0 80A38F60 00000000 */  nop
/* 005C4 80A38F64 44800000 */  mtc1    $zero, $f0                 ## $f0 = 0.00
/* 005C8 80A38F68 240E0004 */  addiu   $t6, $zero, 0x0004         ## $t6 = 00000004
/* 005CC 80A38F6C AFAE0014 */  sw      $t6, 0x0014($sp)           
/* 005D0 80A38F70 44060000 */  mfc1    $a2, $f0                   
/* 005D4 80A38F74 44070000 */  mfc1    $a3, $f0                   
/* 005D8 80A38F78 8FA4002C */  lw      $a0, 0x002C($sp)           
/* 005DC 80A38F7C 02002825 */  or      $a1, $s0, $zero            ## $a1 = 00000000
/* 005E0 80A38F80 0C02DE2E */  jal     func_800B78B8              
/* 005E4 80A38F84 E7A00010 */  swc1    $f0, 0x0010($sp)           
/* 005E8 80A38F88 02002025 */  or      $a0, $s0, $zero            ## $a0 = 00000000
/* 005EC 80A38F8C 0C28E31C */  jal     func_80A38C70              
/* 005F0 80A38F90 8FA5002C */  lw      $a1, 0x002C($sp)           
/* 005F4 80A38F94 02002025 */  or      $a0, $s0, $zero            ## $a0 = 00000000
/* 005F8 80A38F98 0C28E2FC */  jal     func_80A38BF0              
/* 005FC 80A38F9C 8FA5002C */  lw      $a1, 0x002C($sp)           
/* 00600 80A38FA0 8FBF0024 */  lw      $ra, 0x0024($sp)           
/* 00604 80A38FA4 8FB00020 */  lw      $s0, 0x0020($sp)           
/* 00608 80A38FA8 27BD0028 */  addiu   $sp, $sp, 0x0028           ## $sp = 00000000
/* 0060C 80A38FAC 03E00008 */  jr      $ra                        
/* 00610 80A38FB0 00000000 */  nop


glabel func_80A38FB4
/* 00614 80A38FB4 27BDFFD0 */  addiu   $sp, $sp, 0xFFD0           ## $sp = FFFFFFD0
/* 00618 80A38FB8 AFB00018 */  sw      $s0, 0x0018($sp)           
/* 0061C 80A38FBC 00A08025 */  or      $s0, $a1, $zero            ## $s0 = 00000000
/* 00620 80A38FC0 AFBF001C */  sw      $ra, 0x001C($sp)           
/* 00624 80A38FC4 AFA40030 */  sw      $a0, 0x0030($sp)           
/* 00628 80A38FC8 AFA60038 */  sw      $a2, 0x0038($sp)           
/* 0062C 80A38FCC AFA7003C */  sw      $a3, 0x003C($sp)           
/* 00630 80A38FD0 24010015 */  addiu   $at, $zero, 0x0015         ## $at = 00000015
/* 00634 80A38FD4 56010016 */  bnel    $s0, $at, .L80A39030       
/* 00638 80A38FD8 2401000A */  addiu   $at, $zero, 0x000A         ## $at = 0000000A
/* 0063C 80A38FDC 44807000 */  mtc1    $zero, $f14                ## $f14 = 0.00
/* 00640 80A38FE0 3C0180A4 */  lui     $at, %hi(D_80A395C0)       ## $at = 80A40000
/* 00644 80A38FE4 C42C95C0 */  lwc1    $f12, %lo(D_80A395C0)($at) 
/* 00648 80A38FE8 44067000 */  mfc1    $a2, $f14                  
/* 0064C 80A38FEC 0C0600A7 */  jal     func_8018029C              
/* 00650 80A38FF0 24070001 */  addiu   $a3, $zero, 0x0001         ## $a3 = 00000001
/* 00654 80A38FF4 8FAE0044 */  lw      $t6, 0x0044($sp)           
/* 00658 80A38FF8 24050001 */  addiu   $a1, $zero, 0x0001         ## $a1 = 00000001
/* 0065C 80A38FFC 0C06011E */  jal     func_80180478              
/* 00660 80A39000 85C4031A */  lh      $a0, 0x031A($t6)           ## 0000031A
/* 00664 80A39004 8FAF0044 */  lw      $t7, 0x0044($sp)           
/* 00668 80A39008 24050001 */  addiu   $a1, $zero, 0x0001         ## $a1 = 00000001
/* 0066C 80A3900C 0C06033E */  jal     func_80180CF8              
/* 00670 80A39010 85E40318 */  lh      $a0, 0x0318($t7)           ## 00000318
/* 00674 80A39014 44807000 */  mtc1    $zero, $f14                ## $f14 = 0.00
/* 00678 80A39018 3C0180A4 */  lui     $at, %hi(D_80A395C4)       ## $at = 80A40000
/* 0067C 80A3901C C42C95C4 */  lwc1    $f12, %lo(D_80A395C4)($at) 
/* 00680 80A39020 44067000 */  mfc1    $a2, $f14                  
/* 00684 80A39024 0C0600A7 */  jal     func_8018029C              
/* 00688 80A39028 24070001 */  addiu   $a3, $zero, 0x0001         ## $a3 = 00000001
/* 0068C 80A3902C 2401000A */  addiu   $at, $zero, 0x000A         ## $at = 0000000A
.L80A39030:
/* 00690 80A39030 16010008 */  bne     $s0, $at, .L80A39054       
/* 00694 80A39034 8FB80044 */  lw      $t8, 0x0044($sp)           
/* 00698 80A39038 87040320 */  lh      $a0, 0x0320($t8)           ## 00000320
/* 0069C 80A3903C 0C06026B */  jal     func_801809AC              
/* 006A0 80A39040 24050001 */  addiu   $a1, $zero, 0x0001         ## $a1 = 00000001
/* 006A4 80A39044 8FB90044 */  lw      $t9, 0x0044($sp)           
/* 006A8 80A39048 24050001 */  addiu   $a1, $zero, 0x0001         ## $a1 = 00000001
/* 006AC 80A3904C 0C06011E */  jal     func_80180478              
/* 006B0 80A39050 8724031E */  lh      $a0, 0x031E($t9)           ## 0000031E
.L80A39054:
/* 006B4 80A39054 2401000A */  addiu   $at, $zero, 0x000A         ## $at = 0000000A
/* 006B8 80A39058 12010005 */  beq     $s0, $at, .L80A39070       
/* 006BC 80A3905C 8FA80044 */  lw      $t0, 0x0044($sp)           
/* 006C0 80A39060 2401000B */  addiu   $at, $zero, 0x000B         ## $at = 0000000B
/* 006C4 80A39064 12010002 */  beq     $s0, $at, .L80A39070       
/* 006C8 80A39068 24010010 */  addiu   $at, $zero, 0x0010         ## $at = 00000010
/* 006CC 80A3906C 1601001C */  bne     $s0, $at, .L80A390E0       
.L80A39070:
/* 006D0 80A39070 00104840 */  sll     $t1, $s0,  1               
/* 006D4 80A39074 01091821 */  addu    $v1, $t0, $t1              
/* 006D8 80A39078 84640336 */  lh      $a0, 0x0336($v1)           ## 00000336
/* 006DC 80A3907C 0C03FB61 */  jal     func_800FED84              
/* 006E0 80A39080 AFA30024 */  sw      $v1, 0x0024($sp)           
/* 006E4 80A39084 3C014348 */  lui     $at, 0x4348                ## $at = 43480000
/* 006E8 80A39088 44812000 */  mtc1    $at, $f4                   ## $f4 = 200.00
/* 006EC 80A3908C 8FA20040 */  lw      $v0, 0x0040($sp)           
/* 006F0 80A39090 8FA30024 */  lw      $v1, 0x0024($sp)           
/* 006F4 80A39094 46040182 */  mul.s   $f6, $f0, $f4              
/* 006F8 80A39098 844A0002 */  lh      $t2, 0x0002($v0)           ## 00000002
/* 006FC 80A3909C 4600320D */  trunc.w.s $f8, $f6                   
/* 00700 80A390A0 440E4000 */  mfc1    $t6, $f8                   
/* 00704 80A390A4 00000000 */  nop
/* 00708 80A390A8 014E7821 */  addu    $t7, $t2, $t6              
/* 0070C 80A390AC A44F0002 */  sh      $t7, 0x0002($v0)           ## 00000002
/* 00710 80A390B0 0C03FB51 */  jal     func_800FED44              
/* 00714 80A390B4 84640364 */  lh      $a0, 0x0364($v1)           ## 00000364
/* 00718 80A390B8 3C014348 */  lui     $at, 0x4348                ## $at = 43480000
/* 0071C 80A390BC 44815000 */  mtc1    $at, $f10                  ## $f10 = 200.00
/* 00720 80A390C0 8FA20040 */  lw      $v0, 0x0040($sp)           
/* 00724 80A390C4 460A0402 */  mul.s   $f16, $f0, $f10            
/* 00728 80A390C8 84580004 */  lh      $t8, 0x0004($v0)           ## 00000004
/* 0072C 80A390CC 4600848D */  trunc.w.s $f18, $f16                 
/* 00730 80A390D0 440B9000 */  mfc1    $t3, $f18                  
/* 00734 80A390D4 00000000 */  nop
/* 00738 80A390D8 030B6021 */  addu    $t4, $t8, $t3              
/* 0073C 80A390DC A44C0004 */  sh      $t4, 0x0004($v0)           ## 00000004
.L80A390E0:
/* 00740 80A390E0 00001025 */  or      $v0, $zero, $zero          ## $v0 = 00000000
/* 00744 80A390E4 8FBF001C */  lw      $ra, 0x001C($sp)           
/* 00748 80A390E8 8FB00018 */  lw      $s0, 0x0018($sp)           
/* 0074C 80A390EC 27BD0030 */  addiu   $sp, $sp, 0x0030           ## $sp = 00000000
/* 00750 80A390F0 03E00008 */  jr      $ra                        
/* 00754 80A390F4 00000000 */  nop


glabel func_80A390F8
/* 00758 80A390F8 27BDFFC0 */  addiu   $sp, $sp, 0xFFC0           ## $sp = FFFFFFC0
/* 0075C 80A390FC AFBF0014 */  sw      $ra, 0x0014($sp)           
/* 00760 80A39100 AFA40040 */  sw      $a0, 0x0040($sp)           
/* 00764 80A39104 AFA60048 */  sw      $a2, 0x0048($sp)           
/* 00768 80A39108 AFA7004C */  sw      $a3, 0x004C($sp)           
/* 0076C 80A3910C 3C0F80A4 */  lui     $t7, %hi(D_80A39580)       ## $t7 = 80A40000
/* 00770 80A39110 25EF9580 */  addiu   $t7, $t7, %lo(D_80A39580)  ## $t7 = 80A39580
/* 00774 80A39114 8DF90000 */  lw      $t9, 0x0000($t7)           ## 80A39580
/* 00778 80A39118 27AE0030 */  addiu   $t6, $sp, 0x0030           ## $t6 = FFFFFFF0
/* 0077C 80A3911C 8DF80004 */  lw      $t8, 0x0004($t7)           ## 80A39584
/* 00780 80A39120 ADD90000 */  sw      $t9, 0x0000($t6)           ## FFFFFFF0
/* 00784 80A39124 8DF90008 */  lw      $t9, 0x0008($t7)           ## 80A39588
/* 00788 80A39128 3C0980A4 */  lui     $t1, %hi(D_80A3958C)       ## $t1 = 80A40000
/* 0078C 80A3912C 2529958C */  addiu   $t1, $t1, %lo(D_80A3958C)  ## $t1 = 80A3958C
/* 00790 80A39130 ADD80004 */  sw      $t8, 0x0004($t6)           ## FFFFFFF4
/* 00794 80A39134 ADD90008 */  sw      $t9, 0x0008($t6)           ## FFFFFFF8
/* 00798 80A39138 8D2B0000 */  lw      $t3, 0x0000($t1)           ## 80A3958C
/* 0079C 80A3913C 27A80024 */  addiu   $t0, $sp, 0x0024           ## $t0 = FFFFFFE4
/* 007A0 80A39140 8D2A0004 */  lw      $t2, 0x0004($t1)           ## 80A39590
/* 007A4 80A39144 AD0B0000 */  sw      $t3, 0x0000($t0)           ## FFFFFFE4
/* 007A8 80A39148 8D2B0008 */  lw      $t3, 0x0008($t1)           ## 80A39594
/* 007AC 80A3914C 3C0C80A4 */  lui     $t4, %hi(D_80A39528)       ## $t4 = 80A40000
/* 007B0 80A39150 258C9528 */  addiu   $t4, $t4, %lo(D_80A39528)  ## $t4 = 80A39528
/* 007B4 80A39154 00AC1821 */  addu    $v1, $a1, $t4              
/* 007B8 80A39158 AD0A0004 */  sw      $t2, 0x0004($t0)           ## FFFFFFE8
/* 007BC 80A3915C AD0B0008 */  sw      $t3, 0x0008($t0)           ## FFFFFFEC
/* 007C0 80A39160 80620000 */  lb      $v0, 0x0000($v1)           ## 00000000
/* 007C4 80A39164 8FAD0050 */  lw      $t5, 0x0050($sp)           
/* 007C8 80A39168 27A40024 */  addiu   $a0, $sp, 0x0024           ## $a0 = FFFFFFE4
/* 007CC 80A3916C 04400008 */  bltz    $v0, .L80A39190            
/* 007D0 80A39170 00027080 */  sll     $t6, $v0,  2               
/* 007D4 80A39174 01C27023 */  subu    $t6, $t6, $v0              
/* 007D8 80A39178 000E7080 */  sll     $t6, $t6,  2               
/* 007DC 80A3917C 01AE2821 */  addu    $a1, $t5, $t6              
/* 007E0 80A39180 24A50394 */  addiu   $a1, $a1, 0x0394           ## $a1 = 00000394
/* 007E4 80A39184 0C0606A6 */  jal     func_80181A98              
/* 007E8 80A39188 AFA30020 */  sw      $v1, 0x0020($sp)           
/* 007EC 80A3918C 8FA30020 */  lw      $v1, 0x0020($sp)           
.L80A39190:
/* 007F0 80A39190 3C0F80A4 */  lui     $t7, %hi(D_80A3953D)       ## $t7 = 80A40000
/* 007F4 80A39194 25EF953D */  addiu   $t7, $t7, %lo(D_80A3953D)  ## $t7 = 80A3953D
/* 007F8 80A39198 146F0006 */  bne     $v1, $t7, .L80A391B4       
/* 007FC 80A3919C 27A40030 */  addiu   $a0, $sp, 0x0030           ## $a0 = FFFFFFF0
/* 00800 80A391A0 8FA50050 */  lw      $a1, 0x0050($sp)           
/* 00804 80A391A4 AFA30020 */  sw      $v1, 0x0020($sp)           
/* 00808 80A391A8 0C0606A6 */  jal     func_80181A98              
/* 0080C 80A391AC 24A5003C */  addiu   $a1, $a1, 0x003C           ## $a1 = 0000003C
/* 00810 80A391B0 8FA30020 */  lw      $v1, 0x0020($sp)           
.L80A391B4:
/* 00814 80A391B4 3C1880A4 */  lui     $t8, %hi(D_80A3952C)       ## $t8 = 80A40000
/* 00818 80A391B8 2718952C */  addiu   $t8, $t8, %lo(D_80A3952C)  ## $t8 = 80A3952C
/* 0081C 80A391BC 14780006 */  bne     $v1, $t8, .L80A391D8       
/* 00820 80A391C0 27A40024 */  addiu   $a0, $sp, 0x0024           ## $a0 = FFFFFFE4
/* 00824 80A391C4 8FA50050 */  lw      $a1, 0x0050($sp)           
/* 00828 80A391C8 AFA30020 */  sw      $v1, 0x0020($sp)           
/* 0082C 80A391CC 0C0606A6 */  jal     func_80181A98              
/* 00830 80A391D0 24A501E4 */  addiu   $a1, $a1, 0x01E4           ## $a1 = 000001E4
/* 00834 80A391D4 8FA30020 */  lw      $v1, 0x0020($sp)           
.L80A391D8:
/* 00838 80A391D8 3C1980A4 */  lui     $t9, %hi(D_80A39530)       ## $t9 = 80A40000
/* 0083C 80A391DC 27399530 */  addiu   $t9, $t9, %lo(D_80A39530)  ## $t9 = 80A39530
/* 00840 80A391E0 14790004 */  bne     $v1, $t9, .L80A391F4       
/* 00844 80A391E4 8FA50050 */  lw      $a1, 0x0050($sp)           
/* 00848 80A391E8 27A40024 */  addiu   $a0, $sp, 0x0024           ## $a0 = FFFFFFE4
/* 0084C 80A391EC 0C0606A6 */  jal     func_80181A98              
/* 00850 80A391F0 24A501F0 */  addiu   $a1, $a1, 0x01F0           ## $a1 = 000001F0
.L80A391F4:
/* 00854 80A391F4 8FBF0014 */  lw      $ra, 0x0014($sp)           
/* 00858 80A391F8 27BD0040 */  addiu   $sp, $sp, 0x0040           ## $sp = 00000000
/* 0085C 80A391FC 03E00008 */  jr      $ra                        
/* 00860 80A39200 00000000 */  nop


glabel func_80A39204
/* 00864 80A39204 27BDFF68 */  addiu   $sp, $sp, 0xFF68           ## $sp = FFFFFF68
/* 00868 80A39208 AFB60044 */  sw      $s6, 0x0044($sp)           
/* 0086C 80A3920C AFB20034 */  sw      $s2, 0x0034($sp)           
/* 00870 80A39210 27B2007C */  addiu   $s2, $sp, 0x007C           ## $s2 = FFFFFFE4
/* 00874 80A39214 0080B025 */  or      $s6, $a0, $zero            ## $s6 = 00000000
/* 00878 80A39218 AFBF004C */  sw      $ra, 0x004C($sp)           
/* 0087C 80A3921C AFB70048 */  sw      $s7, 0x0048($sp)           
/* 00880 80A39220 AFB50040 */  sw      $s5, 0x0040($sp)           
/* 00884 80A39224 AFB4003C */  sw      $s4, 0x003C($sp)           
/* 00888 80A39228 AFB30038 */  sw      $s3, 0x0038($sp)           
/* 0088C 80A3922C AFB10030 */  sw      $s1, 0x0030($sp)           
/* 00890 80A39230 AFB0002C */  sw      $s0, 0x002C($sp)           
/* 00894 80A39234 F7B40020 */  sdc1    $f20, 0x0020($sp)          
/* 00898 80A39238 8CA40000 */  lw      $a0, 0x0000($a1)           ## 00000000
/* 0089C 80A3923C 3C0E80A4 */  lui     $t6, %hi(D_80A395B0)       ## $t6 = 80A40000
/* 008A0 80A39240 25CE95B0 */  addiu   $t6, $t6, %lo(D_80A395B0)  ## $t6 = 80A395B0
/* 008A4 80A39244 8C9702B4 */  lw      $s7, 0x02B4($a0)           ## 000002B4
/* 008A8 80A39248 26F7F000 */  addiu   $s7, $s7, 0xF000           ## $s7 = FFFFF000
/* 008AC 80A3924C AC9702B4 */  sw      $s7, 0x02B4($a0)           ## 000002B4
/* 008B0 80A39250 8DD80000 */  lw      $t8, 0x0000($t6)           ## 80A395B0
/* 008B4 80A39254 AE580000 */  sw      $t8, 0x0000($s2)           ## FFFFFFE4
/* 008B8 80A39258 8DCF0004 */  lw      $t7, 0x0004($t6)           ## 80A395B4
/* 008BC 80A3925C AE4F0004 */  sw      $t7, 0x0004($s2)           ## FFFFFFE8
/* 008C0 80A39260 8DD80008 */  lw      $t8, 0x0008($t6)           ## 80A395B8
/* 008C4 80A39264 AE580008 */  sw      $t8, 0x0008($s2)           ## FFFFFFEC
/* 008C8 80A39268 8CA40000 */  lw      $a0, 0x0000($a1)           ## 00000000
/* 008CC 80A3926C AFA5009C */  sw      $a1, 0x009C($sp)           
/* 008D0 80A39270 0C04B0A3 */  jal     func_8012C28C              
/* 008D4 80A39274 00808025 */  or      $s0, $a0, $zero            ## $s0 = 00000000
/* 008D8 80A39278 3C04E700 */  lui     $a0, 0xE700                ## $a0 = E7000000
/* 008DC 80A3927C 8E0202B0 */  lw      $v0, 0x02B0($s0)           ## 000002B0
/* 008E0 80A39280 24590008 */  addiu   $t9, $v0, 0x0008           ## $t9 = 00000008
/* 008E4 80A39284 AE1902B0 */  sw      $t9, 0x02B0($s0)           ## 000002B0
/* 008E8 80A39288 AC400004 */  sw      $zero, 0x0004($v0)         ## 00000004
/* 008EC 80A3928C AC440000 */  sw      $a0, 0x0000($v0)           ## 00000000
/* 008F0 80A39290 8E0202B0 */  lw      $v0, 0x02B0($s0)           ## 000002B0
/* 008F4 80A39294 3C09FB00 */  lui     $t1, 0xFB00                ## $t1 = FB000000
/* 008F8 80A39298 240A00FF */  addiu   $t2, $zero, 0x00FF         ## $t2 = 000000FF
/* 008FC 80A3929C 24480008 */  addiu   $t0, $v0, 0x0008           ## $t0 = 00000008
/* 00900 80A392A0 AE0802B0 */  sw      $t0, 0x02B0($s0)           ## 000002B0
/* 00904 80A392A4 AC4A0004 */  sw      $t2, 0x0004($v0)           ## 00000004
/* 00908 80A392A8 AC490000 */  sw      $t1, 0x0000($v0)           ## 00000000
/* 0090C 80A392AC 8E0202B0 */  lw      $v0, 0x02B0($s0)           ## 000002B0
/* 00910 80A392B0 244B0008 */  addiu   $t3, $v0, 0x0008           ## $t3 = 00000008
/* 00914 80A392B4 AE0B02B0 */  sw      $t3, 0x02B0($s0)           ## 000002B0
/* 00918 80A392B8 AC400004 */  sw      $zero, 0x0004($v0)         ## 00000004
/* 0091C 80A392BC AC440000 */  sw      $a0, 0x0000($v0)           ## 00000000
/* 00920 80A392C0 8E0202B0 */  lw      $v0, 0x02B0($s0)           ## 000002B0
/* 00924 80A392C4 3C0DDB06 */  lui     $t5, 0xDB06                ## $t5 = DB060000
/* 00928 80A392C8 35AD0020 */  ori     $t5, $t5, 0x0020           ## $t5 = DB060020
/* 0092C 80A392CC 244C0008 */  addiu   $t4, $v0, 0x0008           ## $t4 = 00000008
/* 00930 80A392D0 AE0C02B0 */  sw      $t4, 0x02B0($s0)           ## 000002B0
/* 00934 80A392D4 AC4D0000 */  sw      $t5, 0x0000($v0)           ## 00000000
/* 00938 80A392D8 86CE044E */  lh      $t6, 0x044E($s6)           ## 0000044E
/* 0093C 80A392DC 00408825 */  or      $s1, $v0, $zero            ## $s1 = 00000000
/* 00940 80A392E0 000E7880 */  sll     $t7, $t6,  2               
/* 00944 80A392E4 024FC021 */  addu    $t8, $s2, $t7              
/* 00948 80A392E8 0C040141 */  jal     func_80100504              
/* 0094C 80A392EC 8F040000 */  lw      $a0, 0x0000($t8)           ## 00000000
/* 00950 80A392F0 AE220004 */  sw      $v0, 0x0004($s1)           ## 00000004
/* 00954 80A392F4 8E0202B0 */  lw      $v0, 0x02B0($s0)           ## 000002B0
/* 00958 80A392F8 3C08DB06 */  lui     $t0, 0xDB06                ## $t0 = DB060000
/* 0095C 80A392FC 3C0980A4 */  lui     $t1, %hi(D_80A395A8)       ## $t1 = 80A40000
/* 00960 80A39300 24590008 */  addiu   $t9, $v0, 0x0008           ## $t9 = 00000008
/* 00964 80A39304 AE1902B0 */  sw      $t9, 0x02B0($s0)           ## 000002B0
/* 00968 80A39308 252995A8 */  addiu   $t1, $t1, %lo(D_80A395A8)  ## $t1 = 80A395A8
/* 0096C 80A3930C 35080030 */  ori     $t0, $t0, 0x0030           ## $t0 = DB060030
/* 00970 80A39310 AC480000 */  sw      $t0, 0x0000($v0)           ## 00000000
/* 00974 80A39314 AC490004 */  sw      $t1, 0x0004($v0)           ## 00000004
/* 00978 80A39318 8EC5014C */  lw      $a1, 0x014C($s6)           ## 0000014C
/* 0097C 80A3931C 8EC60168 */  lw      $a2, 0x0168($s6)           ## 00000168
/* 00980 80A39320 92C7014A */  lbu     $a3, 0x014A($s6)           ## 0000014A
/* 00984 80A39324 3C0A80A4 */  lui     $t2, %hi(func_80A38FB4)    ## $t2 = 80A40000
/* 00988 80A39328 3C0B80A4 */  lui     $t3, %hi(func_80A390F8)    ## $t3 = 80A40000
/* 0098C 80A3932C 256B90F8 */  addiu   $t3, $t3, %lo(func_80A390F8) ## $t3 = 80A390F8
/* 00990 80A39330 254A8FB4 */  addiu   $t2, $t2, %lo(func_80A38FB4) ## $t2 = 80A38FB4
/* 00994 80A39334 AFAA0010 */  sw      $t2, 0x0010($sp)           
/* 00998 80A39338 AFAB0014 */  sw      $t3, 0x0014($sp)           
/* 0099C 80A3933C AFB60018 */  sw      $s6, 0x0018($sp)           
/* 009A0 80A39340 8E0C02B0 */  lw      $t4, 0x02B0($s0)           ## 000002B0
/* 009A4 80A39344 8FA4009C */  lw      $a0, 0x009C($sp)           
/* 009A8 80A39348 0C04D36F */  jal     func_80134DBC              
/* 009AC 80A3934C AFAC001C */  sw      $t4, 0x001C($sp)           
/* 009B0 80A39350 AE0202B0 */  sw      $v0, 0x02B0($s0)           ## 000002B0
/* 009B4 80A39354 00002025 */  or      $a0, $zero, $zero          ## $a0 = 00000000
/* 009B8 80A39358 0C06011E */  jal     func_80180478              
/* 009BC 80A3935C 00002825 */  or      $a1, $zero, $zero          ## $a1 = 00000000
/* 009C0 80A39360 00008025 */  or      $s0, $zero, $zero          ## $s0 = 00000000
/* 009C4 80A39364 02E01025 */  or      $v0, $s7, $zero            ## $v0 = FFFFF000
.L80A39368:
/* 009C8 80A39368 26100001 */  addiu   $s0, $s0, 0x0001           ## $s0 = 00000001
/* 009CC 80A3936C 2A011000 */  slti    $at, $s0, 0x1000           
/* 009D0 80A39370 A0400000 */  sb      $zero, 0x0000($v0)         ## FFFFF000
/* 009D4 80A39374 1420FFFC */  bne     $at, $zero, .L80A39368     
/* 009D8 80A39378 24420001 */  addiu   $v0, $v0, 0x0001           ## $v0 = FFFFF001
/* 009DC 80A3937C 3C0140A0 */  lui     $at, 0x40A0                ## $at = 40A00000
/* 009E0 80A39380 3C1480A4 */  lui     $s4, %hi(D_80A39540)       ## $s4 = 80A40000
/* 009E4 80A39384 3C1380A4 */  lui     $s3, %hi(D_80A39550)       ## $s3 = 80A40000
/* 009E8 80A39388 4481A000 */  mtc1    $at, $f20                  ## $f20 = 5.00
/* 009EC 80A3938C 26739550 */  addiu   $s3, $s3, %lo(D_80A39550)  ## $s3 = 80A39550
/* 009F0 80A39390 26949540 */  addiu   $s4, $s4, %lo(D_80A39540)  ## $s4 = 80A39540
/* 009F4 80A39394 00008025 */  or      $s0, $zero, $zero          ## $s0 = 00000000
/* 009F8 80A39398 26D10394 */  addiu   $s1, $s6, 0x0394           ## $s1 = 00000394
/* 009FC 80A3939C 26D20024 */  addiu   $s2, $s6, 0x0024           ## $s2 = 00000024
/* 00A00 80A393A0 24150005 */  addiu   $s5, $zero, 0x0005         ## $s5 = 00000005
/* 00A04 80A393A4 44902000 */  mtc1    $s0, $f4                   ## $f4 = 0.00
.L80A393A8:
/* 00A08 80A393A8 240D000F */  addiu   $t5, $zero, 0x000F         ## $t5 = 0000000F
/* 00A0C 80A393AC AFAD0010 */  sw      $t5, 0x0010($sp)           
/* 00A10 80A393B0 468021A0 */  cvt.s.w $f6, $f4                   
/* 00A14 80A393B4 02202025 */  or      $a0, $s1, $zero            ## $a0 = 00000394
/* 00A18 80A393B8 02402825 */  or      $a1, $s2, $zero            ## $a1 = 00000024
/* 00A1C 80A393BC 02E03025 */  or      $a2, $s7, $zero            ## $a2 = FFFFF000
/* 00A20 80A393C0 AFB30014 */  sw      $s3, 0x0014($sp)           
/* 00A24 80A393C4 AFB40018 */  sw      $s4, 0x0018($sp)           
/* 00A28 80A393C8 46143203 */  div.s   $f8, $f6, $f20             
/* 00A2C 80A393CC 44074000 */  mfc1    $a3, $f8                   
/* 00A30 80A393D0 0C04F359 */  jal     func_8013CD64              
/* 00A34 80A393D4 00000000 */  nop
/* 00A38 80A393D8 26100001 */  addiu   $s0, $s0, 0x0001           ## $s0 = 00000001
/* 00A3C 80A393DC 5615FFF2 */  bnel    $s0, $s5, .L80A393A8       
/* 00A40 80A393E0 44902000 */  mtc1    $s0, $f4                   ## $f4 = 0.00
/* 00A44 80A393E4 02C02025 */  or      $a0, $s6, $zero            ## $a0 = 00000000
/* 00A48 80A393E8 8FA5009C */  lw      $a1, 0x009C($sp)           
/* 00A4C 80A393EC 0C04F3C1 */  jal     func_8013CF04              
/* 00A50 80A393F0 02E03025 */  or      $a2, $s7, $zero            ## $a2 = FFFFF000
/* 00A54 80A393F4 8FBF004C */  lw      $ra, 0x004C($sp)           
/* 00A58 80A393F8 D7B40020 */  ldc1    $f20, 0x0020($sp)          
/* 00A5C 80A393FC 8FB0002C */  lw      $s0, 0x002C($sp)           
/* 00A60 80A39400 8FB10030 */  lw      $s1, 0x0030($sp)           
/* 00A64 80A39404 8FB20034 */  lw      $s2, 0x0034($sp)           
/* 00A68 80A39408 8FB30038 */  lw      $s3, 0x0038($sp)           
/* 00A6C 80A3940C 8FB4003C */  lw      $s4, 0x003C($sp)           
/* 00A70 80A39410 8FB50040 */  lw      $s5, 0x0040($sp)           
/* 00A74 80A39414 8FB60044 */  lw      $s6, 0x0044($sp)           
/* 00A78 80A39418 8FB70048 */  lw      $s7, 0x0048($sp)           
/* 00A7C 80A3941C 03E00008 */  jr      $ra                        
/* 00A80 80A39420 27BD0098 */  addiu   $sp, $sp, 0x0098           ## $sp = 00000000
/* 00A84 80A39424 00000000 */  nop
/* 00A88 80A39428 00000000 */  nop
/* 00A8C 80A3942C 00000000 */  nop

.section .data

D_80A39430: .word 0x00690400, 0x00000019, 0x00A20000, 0x00000454
.word func_80A38E04
.word func_80A38F10
.word func_80A38F3C
.word func_80A39204
D_80A39450: .word \
0x00000939, 0x10010000, 0x01000000, 0x00000000, \
0x00000000, 0xF7CFFFFF, 0x00000000, 0x00010100, \
0x00120040, 0x00000000, 0x00000000
D_80A3947C: .word 0x00000000, 0x00000000, 0xFF000000
D_80A39488: .word \
0x00000000, 0x00000000, 0x00000000, 0x00000000, \
0x00000000, 0x00000000, 0x00000000, 0x00000000
D_80A394A8: .word \
0x06000DE8, 0x3F800000, 0x0000FFFF, 0x00000000, \
0x06000DE8, 0x3F800000, 0x0000FFFF, 0x0000FFFC, \
0x0600D3DC, 0x3F800000, 0x0000FFFF, 0x0000FFFC, \
0x060004CC, 0x3F800000, 0x0000FFFF, 0x0000FFFC, \
0x0600F03C, 0x3F800000, 0x0000FFFF, 0x0000FFFC, \
0x0600E630, 0x3F800000, 0x0000FFFF, 0x0000FFFC, \
0x0600DCAC, 0x3F800000, 0x0000FFFF, 0x0000FFFC, \
0x0600F8B8, 0x3F800000, 0x0000FFFF, 0x0000FFFC
D_80A39528: .word 0xFFFF0C0D
D_80A3952C: .word 0x0EFF090A
D_80A39530: .byte 0x0B, 0xFF, 0x00, 0x06, 0xFF, 0xFF, 0x07, 0x08, 0x02, 0xFF, 0xFF, 0x03, 0x04
D_80A3953D: .byte 0x02, 0x01, 0x00
D_80A39540: .word 0x00000000, 0x03040006, 0x0700090A, 0x000C0D00
D_80A39550: .word 0x00000000, 0x00000000, 0x00000000, 0x00000000
D_80A39560: .word \
0x0FA00004, 0x00010003, 0x17700004, 0x00010006, \
0x0FA00004, 0x00010003, 0x17700004, 0x00010006
D_80A39580: .word 0x44480000, 0x00000000, 0x00000000
D_80A3958C: .word \
0x00000000, 0x00000000, 0x00000000, 0xE200001C, \
0xC81049F8, 0xE2001E01, 0x00000001
D_80A395A8: .word 0xDF000000, 0x00000000
D_80A395B0: .word 0x06000F20, 0x060022E0, 0x06002AE0, 0x00000000

.section .rodata

D_80A395C0: .word 0x44BB8000
D_80A395C4: .word 0xC4BB8000, 0x00000000, 0x00000000


.section .rodata
D_80A395D0:
.incbin "baserom/En_Ru", 0xC30, 0x000000E0
