.include "macro.inc"

# assembler directives
.set noat      # allow manual use of $at
.set noreorder # don't insert nops after branches
.set gp=64     # allow use of 64-bit general purpose registers

.section .text
glabel func_80B708C0
/* 00000 80B708C0 27BDFF80 */  addiu   $sp, $sp, 0xFF80           ## $sp = FFFFFF80
/* 00004 80B708C4 AFB40050 */  sw      $s4, 0x0050($sp)           
/* 00008 80B708C8 AFB10044 */  sw      $s1, 0x0044($sp)           
/* 0000C 80B708CC 00808825 */  or      $s1, $a0, $zero            ## $s1 = 00000000
/* 00010 80B708D0 00A0A025 */  or      $s4, $a1, $zero            ## $s4 = 00000000
/* 00014 80B708D4 AFBF0054 */  sw      $ra, 0x0054($sp)           
/* 00018 80B708D8 AFB3004C */  sw      $s3, 0x004C($sp)           
/* 0001C 80B708DC AFB20048 */  sw      $s2, 0x0048($sp)           
/* 00020 80B708E0 AFB00040 */  sw      $s0, 0x0040($sp)           
/* 00024 80B708E4 F7B40038 */  sdc1    $f20, 0x0038($sp)          
/* 00028 80B708E8 862F001C */  lh      $t7, 0x001C($s1)           ## 0000001C
/* 0002C 80B708EC 3C0E0002 */  lui     $t6, 0x0002                ## $t6 = 00020000
/* 00030 80B708F0 01D47021 */  addu    $t6, $t6, $s4              
/* 00034 80B708F4 8DCE8864 */  lw      $t6, -0x779C($t6)          ## 00018864
/* 00038 80B708F8 000FC203 */  sra     $t8, $t7,  8               
/* 0003C 80B708FC 331900FF */  andi    $t9, $t8, 0x00FF           ## $t9 = 00000000
/* 00040 80B70900 001948C0 */  sll     $t1, $t9,  3               
/* 00044 80B70904 01C98021 */  addu    $s0, $t6, $t1              
/* 00048 80B70908 0C040141 */  jal     func_80100504              
/* 0004C 80B7090C 8E040004 */  lw      $a0, 0x0004($s0)           ## 00000004
/* 00050 80B70910 3C0380B7 */  lui     $v1, %hi(D_80B7348C)       ## $v1 = 80B70000
/* 00054 80B70914 8C63348C */  lw      $v1, %lo(D_80B7348C)($v1)  
/* 00058 80B70918 AE220230 */  sw      $v0, 0x0230($s1)           ## 00000230
/* 0005C 80B7091C AE2302E0 */  sw      $v1, 0x02E0($s1)           ## 000002E0
/* 00060 80B70920 920A0000 */  lbu     $t2, 0x0000($s0)           ## 00000000
/* 00064 80B70924 14600023 */  bne     $v1, $zero, .L80B709B4     
/* 00068 80B70928 AE2A02E8 */  sw      $t2, 0x02E8($s1)           ## 000002E8
/* 0006C 80B7092C 29410002 */  slti    $at, $t2, 0x0002           
/* 00070 80B70930 1420001D */  bne     $at, $zero, .L80B709A8     
/* 00074 80B70934 24100001 */  addiu   $s0, $zero, 0x0001         ## $s0 = 00000001
/* 00078 80B70938 4480A000 */  mtc1    $zero, $f20                ## $f20 = 0.00
/* 0007C 80B7093C 26921CA0 */  addiu   $s2, $s4, 0x1CA0           ## $s2 = 00001CA0
/* 00080 80B70940 2413000A */  addiu   $s3, $zero, 0x000A         ## $s3 = 0000000A
.L80B70944:
/* 00084 80B70944 3C0380B7 */  lui     $v1, %hi(D_80B7348C)       ## $v1 = 80B70000
/* 00088 80B70948 8C63348C */  lw      $v1, %lo(D_80B7348C)($v1)  
/* 0008C 80B7094C E7B40010 */  swc1    $f20, 0x0010($sp)          
/* 00090 80B70950 E7B40014 */  swc1    $f20, 0x0014($sp)          
/* 00094 80B70954 E7B40018 */  swc1    $f20, 0x0018($sp)          
/* 00098 80B70958 AFA0001C */  sw      $zero, 0x001C($sp)         
/* 0009C 80B7095C AFA00020 */  sw      $zero, 0x0020($sp)         
/* 000A0 80B70960 AFA00024 */  sw      $zero, 0x0024($sp)         
/* 000A4 80B70964 862C001C */  lh      $t4, 0x001C($s1)           ## 0000001C
/* 000A8 80B70968 3C0180B7 */  lui     $at, %hi(D_80B7348C)       ## $at = 80B70000
/* 000AC 80B7096C 24630001 */  addiu   $v1, $v1, 0x0001           ## $v1 = 80B70001
/* 000B0 80B70970 AC23348C */  sw      $v1, %lo(D_80B7348C)($at)  
/* 000B4 80B70974 02402025 */  or      $a0, $s2, $zero            ## $a0 = 00001CA0
/* 000B8 80B70978 02202825 */  or      $a1, $s1, $zero            ## $a1 = 00000000
/* 000BC 80B7097C 02803025 */  or      $a2, $s4, $zero            ## $a2 = 00000000
/* 000C0 80B70980 24070212 */  addiu   $a3, $zero, 0x0212         ## $a3 = 00000212
/* 000C4 80B70984 0C02EC30 */  jal     func_800BB0C0              
/* 000C8 80B70988 AFAC0028 */  sw      $t4, 0x0028($sp)           
/* 000CC 80B7098C 8E2D02E8 */  lw      $t5, 0x02E8($s1)           ## 000002E8
/* 000D0 80B70990 26100001 */  addiu   $s0, $s0, 0x0001           ## $s0 = 00000002
/* 000D4 80B70994 020D082A */  slt     $at, $s0, $t5              
/* 000D8 80B70998 50200004 */  beql    $at, $zero, .L80B709AC     
/* 000DC 80B7099C 00001825 */  or      $v1, $zero, $zero          ## $v1 = 00000000
/* 000E0 80B709A0 1613FFE8 */  bne     $s0, $s3, .L80B70944       
/* 000E4 80B709A4 00000000 */  nop
.L80B709A8:
/* 000E8 80B709A8 00001825 */  or      $v1, $zero, $zero          ## $v1 = 00000000
.L80B709AC:
/* 000EC 80B709AC 3C0180B7 */  lui     $at, %hi(D_80B7348C)       ## $at = 80B70000
/* 000F0 80B709B0 AC23348C */  sw      $v1, %lo(D_80B7348C)($at)  
.L80B709B4:
/* 000F4 80B709B4 8E2302E0 */  lw      $v1, 0x02E0($s1)           ## 000002E0
/* 000F8 80B709B8 24080006 */  addiu   $t0, $zero, 0x0006         ## $t0 = 00000006
/* 000FC 80B709BC 8E260230 */  lw      $a2, 0x0230($s1)           ## 00000230
/* 00100 80B709C0 00680019 */  multu   $v1, $t0                   
/* 00104 80B709C4 8E2902E8 */  lw      $t1, 0x02E8($s1)           ## 000002E8
/* 00108 80B709C8 00003825 */  or      $a3, $zero, $zero          ## $a3 = 00000000
/* 0010C 80B709CC 252AFFFF */  addiu   $t2, $t1, 0xFFFF           ## $t2 = FFFFFFFF
/* 00110 80B709D0 006A082A */  slt     $at, $v1, $t2              
/* 00114 80B709D4 00007812 */  mflo    $t7                        
/* 00118 80B709D8 00CF1021 */  addu    $v0, $a2, $t7              
/* 0011C 80B709DC 84580000 */  lh      $t8, 0x0000($v0)           ## 00000000
/* 00120 80B709E0 44982000 */  mtc1    $t8, $f4                   ## $f4 = 0.00
/* 00124 80B709E4 00000000 */  nop
/* 00128 80B709E8 468021A0 */  cvt.s.w $f6, $f4                   
/* 0012C 80B709EC E6260024 */  swc1    $f6, 0x0024($s1)           ## 00000024
/* 00130 80B709F0 84590002 */  lh      $t9, 0x0002($v0)           ## 00000002
/* 00134 80B709F4 44994000 */  mtc1    $t9, $f8                   ## $f8 = 0.00
/* 00138 80B709F8 00000000 */  nop
/* 0013C 80B709FC 468042A0 */  cvt.s.w $f10, $f8                  
/* 00140 80B70A00 E62A0028 */  swc1    $f10, 0x0028($s1)          ## 00000028
/* 00144 80B70A04 844E0004 */  lh      $t6, 0x0004($v0)           ## 00000004
/* 00148 80B70A08 448E8000 */  mtc1    $t6, $f16                  ## $f16 = 0.00
/* 0014C 80B70A0C 00000000 */  nop
/* 00150 80B70A10 468084A0 */  cvt.s.w $f18, $f16                 
/* 00154 80B70A14 10200003 */  beq     $at, $zero, .L80B70A24     
/* 00158 80B70A18 E632002C */  swc1    $f18, 0x002C($s1)          ## 0000002C
/* 0015C 80B70A1C 10000001 */  beq     $zero, $zero, .L80B70A24   
/* 00160 80B70A20 24670001 */  addiu   $a3, $v1, 0x0001           ## $a3 = 00000001
.L80B70A24:
/* 00164 80B70A24 00E80019 */  multu   $a3, $t0                   
/* 00168 80B70A28 26240024 */  addiu   $a0, $s1, 0x0024           ## $a0 = 00000024
/* 0016C 80B70A2C 27A50070 */  addiu   $a1, $sp, 0x0070           ## $a1 = FFFFFFF0
/* 00170 80B70A30 00001012 */  mflo    $v0                        
/* 00174 80B70A34 00C25821 */  addu    $t3, $a2, $v0              
/* 00178 80B70A38 856C0000 */  lh      $t4, 0x0000($t3)           ## 00000000
/* 0017C 80B70A3C 448C2000 */  mtc1    $t4, $f4                   ## $f4 = 0.00
/* 00180 80B70A40 00000000 */  nop
/* 00184 80B70A44 468021A0 */  cvt.s.w $f6, $f4                   
/* 00188 80B70A48 E7A60070 */  swc1    $f6, 0x0070($sp)           
/* 0018C 80B70A4C 8E2D0230 */  lw      $t5, 0x0230($s1)           ## 00000230
/* 00190 80B70A50 01A27821 */  addu    $t7, $t5, $v0              
/* 00194 80B70A54 85F80002 */  lh      $t8, 0x0002($t7)           ## 00000002
/* 00198 80B70A58 44984000 */  mtc1    $t8, $f8                   ## $f8 = 0.00
/* 0019C 80B70A5C 00000000 */  nop
/* 001A0 80B70A60 468042A0 */  cvt.s.w $f10, $f8                  
/* 001A4 80B70A64 E7AA0074 */  swc1    $f10, 0x0074($sp)          
/* 001A8 80B70A68 8E390230 */  lw      $t9, 0x0230($s1)           ## 00000230
/* 001AC 80B70A6C 03227021 */  addu    $t6, $t9, $v0              
/* 001B0 80B70A70 85C90004 */  lh      $t1, 0x0004($t6)           ## 00000004
/* 001B4 80B70A74 44898000 */  mtc1    $t1, $f16                  ## $f16 = 0.00
/* 001B8 80B70A78 00000000 */  nop
/* 001BC 80B70A7C 468084A0 */  cvt.s.w $f18, $f16                 
/* 001C0 80B70A80 0C03FE98 */  jal     func_800FFA60              
/* 001C4 80B70A84 E7B20078 */  swc1    $f18, 0x0078($sp)          
/* 001C8 80B70A88 A62200BE */  sh      $v0, 0x00BE($s1)           ## 000000BE
/* 001CC 80B70A8C A6220032 */  sh      $v0, 0x0032($s1)           ## 00000032
/* 001D0 80B70A90 8FBF0054 */  lw      $ra, 0x0054($sp)           
/* 001D4 80B70A94 D7B40038 */  ldc1    $f20, 0x0038($sp)          
/* 001D8 80B70A98 8FB00040 */  lw      $s0, 0x0040($sp)           
/* 001DC 80B70A9C 8FB10044 */  lw      $s1, 0x0044($sp)           
/* 001E0 80B70AA0 8FB20048 */  lw      $s2, 0x0048($sp)           
/* 001E4 80B70AA4 8FB3004C */  lw      $s3, 0x004C($sp)           
/* 001E8 80B70AA8 8FB40050 */  lw      $s4, 0x0050($sp)           
/* 001EC 80B70AAC 03E00008 */  jr      $ra                        
/* 001F0 80B70AB0 27BD0080 */  addiu   $sp, $sp, 0x0080           ## $sp = 00000000


glabel func_80B70AB4
/* 001F4 80B70AB4 AFA40000 */  sw      $a0, 0x0000($sp)           
/* 001F8 80B70AB8 AFA50004 */  sw      $a1, 0x0004($sp)           
/* 001FC 80B70ABC AFA60008 */  sw      $a2, 0x0008($sp)           
/* 00200 80B70AC0 AFA7000C */  sw      $a3, 0x000C($sp)           
/* 00204 80B70AC4 C7A40008 */  lwc1    $f4, 0x0008($sp)           
/* 00208 80B70AC8 C7A60004 */  lwc1    $f6, 0x0004($sp)           
/* 0020C 80B70ACC C7AA0000 */  lwc1    $f10, 0x0000($sp)          
/* 00210 80B70AD0 C7B0000C */  lwc1    $f16, 0x000C($sp)          
/* 00214 80B70AD4 46062202 */  mul.s   $f8, $f4, $f6              
/* 00218 80B70AD8 2403FFFF */  addiu   $v1, $zero, 0xFFFF         ## $v1 = FFFFFFFF
/* 0021C 80B70ADC 46105482 */  mul.s   $f18, $f10, $f16           
/* 00220 80B70AE0 4612403C */  c.lt.s  $f8, $f18                  
/* 00224 80B70AE4 00000000 */  nop
/* 00228 80B70AE8 45000003 */  bc1f    .L80B70AF8                 
/* 0022C 80B70AEC 00000000 */  nop
/* 00230 80B70AF0 10000001 */  beq     $zero, $zero, .L80B70AF8   
/* 00234 80B70AF4 24030001 */  addiu   $v1, $zero, 0x0001         ## $v1 = 00000001
.L80B70AF8:
/* 00238 80B70AF8 00601025 */  or      $v0, $v1, $zero            ## $v0 = 00000001
/* 0023C 80B70AFC 03E00008 */  jr      $ra                        
/* 00240 80B70B00 00000000 */  nop


glabel func_80B70B04
/* 00244 80B70B04 27BDFF90 */  addiu   $sp, $sp, 0xFF90           ## $sp = FFFFFF90
/* 00248 80B70B08 AFB50038 */  sw      $s5, 0x0038($sp)           
/* 0024C 80B70B0C AFB40034 */  sw      $s4, 0x0034($sp)           
/* 00250 80B70B10 AFB10028 */  sw      $s1, 0x0028($sp)           
/* 00254 80B70B14 F7B60018 */  sdc1    $f22, 0x0018($sp)          
/* 00258 80B70B18 F7B40010 */  sdc1    $f20, 0x0010($sp)          
/* 0025C 80B70B1C AFA50074 */  sw      $a1, 0x0074($sp)           
/* 00260 80B70B20 AFA7007C */  sw      $a3, 0x007C($sp)           
/* 00264 80B70B24 C7B4007C */  lwc1    $f20, 0x007C($sp)          
/* 00268 80B70B28 C7B60074 */  lwc1    $f22, 0x0074($sp)          
/* 0026C 80B70B2C 00808825 */  or      $s1, $a0, $zero            ## $s1 = 00000000
/* 00270 80B70B30 27B40060 */  addiu   $s4, $sp, 0x0060           ## $s4 = FFFFFFF0
/* 00274 80B70B34 27B50058 */  addiu   $s5, $sp, 0x0058           ## $s5 = FFFFFFE8
/* 00278 80B70B38 AFBF003C */  sw      $ra, 0x003C($sp)           
/* 0027C 80B70B3C AFB30030 */  sw      $s3, 0x0030($sp)           
/* 00280 80B70B40 AFB2002C */  sw      $s2, 0x002C($sp)           
/* 00284 80B70B44 AFB00024 */  sw      $s0, 0x0024($sp)           
/* 00288 80B70B48 AFA60078 */  sw      $a2, 0x0078($sp)           
/* 0028C 80B70B4C 240E0001 */  addiu   $t6, $zero, 0x0001         ## $t6 = 00000001
/* 00290 80B70B50 AFAE0054 */  sw      $t6, 0x0054($sp)           
/* 00294 80B70B54 AFA0004C */  sw      $zero, 0x004C($sp)         
/* 00298 80B70B58 8E2F0230 */  lw      $t7, 0x0230($s1)           ## 00000230
/* 0029C 80B70B5C 24100001 */  addiu   $s0, $zero, 0x0001         ## $s0 = 00000001
/* 002A0 80B70B60 85F80004 */  lh      $t8, 0x0004($t7)           ## 00000004
/* 002A4 80B70B64 44982000 */  mtc1    $t8, $f4                   ## $f4 = 0.00
/* 002A8 80B70B68 00000000 */  nop
/* 002AC 80B70B6C 468021A0 */  cvt.s.w $f6, $f4                   
/* 002B0 80B70B70 46143201 */  sub.s   $f8, $f6, $f20             
/* 002B4 80B70B74 E7A80060 */  swc1    $f8, 0x0060($sp)           
/* 002B8 80B70B78 8E390230 */  lw      $t9, 0x0230($s1)           ## 00000230
/* 002BC 80B70B7C 87280000 */  lh      $t0, 0x0000($t9)           ## 00000000
/* 002C0 80B70B80 44885000 */  mtc1    $t0, $f10                  ## $f10 = 0.00
/* 002C4 80B70B84 00000000 */  nop
/* 002C8 80B70B88 46805420 */  cvt.s.w $f16, $f10                 
/* 002CC 80B70B8C 46168481 */  sub.s   $f18, $f16, $f22           
/* 002D0 80B70B90 E7B20064 */  swc1    $f18, 0x0064($sp)          
/* 002D4 80B70B94 8E290230 */  lw      $t1, 0x0230($s1)           ## 00000230
/* 002D8 80B70B98 852A000A */  lh      $t2, 0x000A($t1)           ## 0000000A
/* 002DC 80B70B9C 448A2000 */  mtc1    $t2, $f4                   ## $f4 = 0.00
/* 002E0 80B70BA0 00000000 */  nop
/* 002E4 80B70BA4 468021A0 */  cvt.s.w $f6, $f4                   
/* 002E8 80B70BA8 46143201 */  sub.s   $f8, $f6, $f20             
/* 002EC 80B70BAC E7A80058 */  swc1    $f8, 0x0058($sp)           
/* 002F0 80B70BB0 8E2B0230 */  lw      $t3, 0x0230($s1)           ## 00000230
/* 002F4 80B70BB4 856C0006 */  lh      $t4, 0x0006($t3)           ## 00000006
/* 002F8 80B70BB8 448C5000 */  mtc1    $t4, $f10                  ## $f10 = 0.00
/* 002FC 80B70BBC 00000000 */  nop
/* 00300 80B70BC0 46805420 */  cvt.s.w $f16, $f10                 
/* 00304 80B70BC4 46168481 */  sub.s   $f18, $f16, $f22           
/* 00308 80B70BC8 E7B2005C */  swc1    $f18, 0x005C($sp)          
/* 0030C 80B70BCC 8E840000 */  lw      $a0, 0x0000($s4)           ## FFFFFFF0
/* 00310 80B70BD0 AFA40000 */  sw      $a0, 0x0000($sp)           
/* 00314 80B70BD4 8E850004 */  lw      $a1, 0x0004($s4)           ## FFFFFFF4
/* 00318 80B70BD8 AFA50004 */  sw      $a1, 0x0004($sp)           
/* 0031C 80B70BDC 8EA60000 */  lw      $a2, 0x0000($s5)           ## FFFFFFE8
/* 00320 80B70BE0 AFA60008 */  sw      $a2, 0x0008($sp)           
/* 00324 80B70BE4 8EA70004 */  lw      $a3, 0x0004($s5)           ## FFFFFFEC
/* 00328 80B70BE8 0C2DC2AD */  jal     func_80B70AB4              
/* 0032C 80B70BEC AFA7000C */  sw      $a3, 0x000C($sp)           
/* 00330 80B70BF0 8FB2004C */  lw      $s2, 0x004C($sp)           
/* 00334 80B70BF4 00409825 */  or      $s3, $v0, $zero            ## $s3 = 00000000
/* 00338 80B70BF8 02400821 */  addu    $at, $s2, $zero            
/* 0033C 80B70BFC 00129080 */  sll     $s2, $s2,  2               
/* 00340 80B70C00 02419023 */  subu    $s2, $s2, $at              
/* 00344 80B70C04 00129040 */  sll     $s2, $s2,  1               
/* 00348 80B70C08 8E3902E8 */  lw      $t9, 0x02E8($s1)           ## 000002E8
.L80B70C0C:
/* 0034C 80B70C0C 26520006 */  addiu   $s2, $s2, 0x0006           ## $s2 = 00000006
/* 00350 80B70C10 00001025 */  or      $v0, $zero, $zero          ## $v0 = 00000000
/* 00354 80B70C14 2728FFFF */  addiu   $t0, $t9, 0xFFFF           ## $t0 = FFFFFFFF
/* 00358 80B70C18 0208082A */  slt     $at, $s0, $t0              
/* 0035C 80B70C1C 10200005 */  beq     $at, $zero, .L80B70C34     
/* 00360 80B70C20 26100001 */  addiu   $s0, $s0, 0x0001           ## $s0 = 00000002
/* 00364 80B70C24 00101080 */  sll     $v0, $s0,  2               
/* 00368 80B70C28 00501023 */  subu    $v0, $v0, $s0              
/* 0036C 80B70C2C 10000002 */  beq     $zero, $zero, .L80B70C38   
/* 00370 80B70C30 00021040 */  sll     $v0, $v0,  1               
.L80B70C34:
/* 00374 80B70C34 00008025 */  or      $s0, $zero, $zero          ## $s0 = 00000000
.L80B70C38:
/* 00378 80B70C38 8E290230 */  lw      $t1, 0x0230($s1)           ## 00000230
/* 0037C 80B70C3C 01325021 */  addu    $t2, $t1, $s2              
/* 00380 80B70C40 854B0004 */  lh      $t3, 0x0004($t2)           ## 00000004
/* 00384 80B70C44 448B2000 */  mtc1    $t3, $f4                   ## $f4 = 0.00
/* 00388 80B70C48 00000000 */  nop
/* 0038C 80B70C4C 468021A0 */  cvt.s.w $f6, $f4                   
/* 00390 80B70C50 46143201 */  sub.s   $f8, $f6, $f20             
/* 00394 80B70C54 E7A80060 */  swc1    $f8, 0x0060($sp)           
/* 00398 80B70C58 8E2C0230 */  lw      $t4, 0x0230($s1)           ## 00000230
/* 0039C 80B70C5C 01926821 */  addu    $t5, $t4, $s2              
/* 003A0 80B70C60 85AE0000 */  lh      $t6, 0x0000($t5)           ## 00000000
/* 003A4 80B70C64 448E5000 */  mtc1    $t6, $f10                  ## $f10 = 0.00
/* 003A8 80B70C68 00000000 */  nop
/* 003AC 80B70C6C 46805420 */  cvt.s.w $f16, $f10                 
/* 003B0 80B70C70 46168481 */  sub.s   $f18, $f16, $f22           
/* 003B4 80B70C74 E7B20064 */  swc1    $f18, 0x0064($sp)          
/* 003B8 80B70C78 8E2F0230 */  lw      $t7, 0x0230($s1)           ## 00000230
/* 003BC 80B70C7C 01E2C021 */  addu    $t8, $t7, $v0              
/* 003C0 80B70C80 87190004 */  lh      $t9, 0x0004($t8)           ## 00000004
/* 003C4 80B70C84 44992000 */  mtc1    $t9, $f4                   ## $f4 = 0.00
/* 003C8 80B70C88 00000000 */  nop
/* 003CC 80B70C8C 468021A0 */  cvt.s.w $f6, $f4                   
/* 003D0 80B70C90 46143201 */  sub.s   $f8, $f6, $f20             
/* 003D4 80B70C94 E7A80058 */  swc1    $f8, 0x0058($sp)           
/* 003D8 80B70C98 8E280230 */  lw      $t0, 0x0230($s1)           ## 00000230
/* 003DC 80B70C9C 01024821 */  addu    $t1, $t0, $v0              
/* 003E0 80B70CA0 852A0000 */  lh      $t2, 0x0000($t1)           ## 00000000
/* 003E4 80B70CA4 448A5000 */  mtc1    $t2, $f10                  ## $f10 = 0.00
/* 003E8 80B70CA8 00000000 */  nop
/* 003EC 80B70CAC 46805420 */  cvt.s.w $f16, $f10                 
/* 003F0 80B70CB0 46168481 */  sub.s   $f18, $f16, $f22           
/* 003F4 80B70CB4 E7B2005C */  swc1    $f18, 0x005C($sp)          
/* 003F8 80B70CB8 8E840000 */  lw      $a0, 0x0000($s4)           ## FFFFFFF0
/* 003FC 80B70CBC AFA40000 */  sw      $a0, 0x0000($sp)           
/* 00400 80B70CC0 8E850004 */  lw      $a1, 0x0004($s4)           ## FFFFFFF4
/* 00404 80B70CC4 AFA50004 */  sw      $a1, 0x0004($sp)           
/* 00408 80B70CC8 8EA60000 */  lw      $a2, 0x0000($s5)           ## FFFFFFE8
/* 0040C 80B70CCC AFA60008 */  sw      $a2, 0x0008($sp)           
/* 00410 80B70CD0 8EA70004 */  lw      $a3, 0x0004($s5)           ## FFFFFFEC
/* 00414 80B70CD4 0C2DC2AD */  jal     func_80B70AB4              
/* 00418 80B70CD8 AFA7000C */  sw      $a3, 0x000C($sp)           
/* 0041C 80B70CDC 10530003 */  beq     $v0, $s3, .L80B70CEC       
/* 00420 80B70CE0 00000000 */  nop
/* 00424 80B70CE4 10000003 */  beq     $zero, $zero, .L80B70CF4   
/* 00428 80B70CE8 AFA00054 */  sw      $zero, 0x0054($sp)         
.L80B70CEC:
/* 0042C 80B70CEC 5600FFC7 */  bnel    $s0, $zero, .L80B70C0C     
/* 00430 80B70CF0 8E3902E8 */  lw      $t9, 0x02E8($s1)           ## 000002E8
.L80B70CF4:
/* 00434 80B70CF4 8FA20054 */  lw      $v0, 0x0054($sp)           
/* 00438 80B70CF8 8FBF003C */  lw      $ra, 0x003C($sp)           
/* 0043C 80B70CFC D7B40010 */  ldc1    $f20, 0x0010($sp)          
/* 00440 80B70D00 D7B60018 */  ldc1    $f22, 0x0018($sp)          
/* 00444 80B70D04 8FB00024 */  lw      $s0, 0x0024($sp)           
/* 00448 80B70D08 8FB10028 */  lw      $s1, 0x0028($sp)           
/* 0044C 80B70D0C 8FB2002C */  lw      $s2, 0x002C($sp)           
/* 00450 80B70D10 8FB30030 */  lw      $s3, 0x0030($sp)           
/* 00454 80B70D14 8FB40034 */  lw      $s4, 0x0034($sp)           
/* 00458 80B70D18 8FB50038 */  lw      $s5, 0x0038($sp)           
/* 0045C 80B70D1C 03E00008 */  jr      $ra                        
/* 00460 80B70D20 27BD0070 */  addiu   $sp, $sp, 0x0070           ## $sp = 00000000


glabel func_80B70D24
/* 00464 80B70D24 27BDFFD8 */  addiu   $sp, $sp, 0xFFD8           ## $sp = FFFFFFD8
/* 00468 80B70D28 AFB20020 */  sw      $s2, 0x0020($sp)           
/* 0046C 80B70D2C 00809025 */  or      $s2, $a0, $zero            ## $s2 = 00000000
/* 00470 80B70D30 AFBF0024 */  sw      $ra, 0x0024($sp)           
/* 00474 80B70D34 AFB1001C */  sw      $s1, 0x001C($sp)           
/* 00478 80B70D38 AFB00018 */  sw      $s0, 0x0018($sp)           
/* 0047C 80B70D3C AFA5002C */  sw      $a1, 0x002C($sp)           
/* 00480 80B70D40 8FAE002C */  lw      $t6, 0x002C($sp)           
/* 00484 80B70D44 241101E3 */  addiu   $s1, $zero, 0x01E3         ## $s1 = 000001E3
/* 00488 80B70D48 8DD01CFC */  lw      $s0, 0x1CFC($t6)           ## 00001CFC
/* 0048C 80B70D4C 1200001F */  beq     $s0, $zero, .L80B70DCC     
/* 00490 80B70D50 00000000 */  nop
/* 00494 80B70D54 860F0000 */  lh      $t7, 0x0000($s0)           ## 00000000
.L80B70D58:
/* 00498 80B70D58 562F001A */  bnel    $s1, $t7, .L80B70DC4       
/* 0049C 80B70D5C 8E10012C */  lw      $s0, 0x012C($s0)           ## 0000012C
/* 004A0 80B70D60 8E190024 */  lw      $t9, 0x0024($s0)           ## 00000024
/* 004A4 80B70D64 02402025 */  or      $a0, $s2, $zero            ## $a0 = 00000000
/* 004A8 80B70D68 AFB90004 */  sw      $t9, 0x0004($sp)           
/* 004AC 80B70D6C 8E060028 */  lw      $a2, 0x0028($s0)           ## 00000028
/* 004B0 80B70D70 8FA50004 */  lw      $a1, 0x0004($sp)           
/* 004B4 80B70D74 AFA60008 */  sw      $a2, 0x0008($sp)           
/* 004B8 80B70D78 8E07002C */  lw      $a3, 0x002C($s0)           ## 0000002C
/* 004BC 80B70D7C 0C2DC2C1 */  jal     func_80B70B04              
/* 004C0 80B70D80 AFA7000C */  sw      $a3, 0x000C($sp)           
/* 004C4 80B70D84 5040000F */  beql    $v0, $zero, .L80B70DC4     
/* 004C8 80B70D88 8E10012C */  lw      $s0, 0x012C($s0)           ## 0000012C
/* 004CC 80B70D8C 8605001C */  lh      $a1, 0x001C($s0)           ## 0000001C
/* 004D0 80B70D90 8FA4002C */  lw      $a0, 0x002C($sp)           
/* 004D4 80B70D94 30A5FF00 */  andi    $a1, $a1, 0xFF00           ## $a1 = 00000000
/* 004D8 80B70D98 0C02D6EC */  jal     func_800B5BB0              
/* 004DC 80B70D9C 00052A03 */  sra     $a1, $a1,  8               
/* 004E0 80B70DA0 10400005 */  beq     $v0, $zero, .L80B70DB8     
/* 004E4 80B70DA4 00000000 */  nop
/* 004E8 80B70DA8 0C02D9C3 */  jal     func_800B670C              
/* 004EC 80B70DAC 02402025 */  or      $a0, $s2, $zero            ## $a0 = 00000000
/* 004F0 80B70DB0 10000009 */  beq     $zero, $zero, .L80B70DD8   
/* 004F4 80B70DB4 8FBF0024 */  lw      $ra, 0x0024($sp)           
.L80B70DB8:
/* 004F8 80B70DB8 10000006 */  beq     $zero, $zero, .L80B70DD4   
/* 004FC 80B70DBC AE50022C */  sw      $s0, 0x022C($s2)           ## 0000022C
/* 00500 80B70DC0 8E10012C */  lw      $s0, 0x012C($s0)           ## 0000012C
.L80B70DC4:
/* 00504 80B70DC4 5600FFE4 */  bnel    $s0, $zero, .L80B70D58     
/* 00508 80B70DC8 860F0000 */  lh      $t7, 0x0000($s0)           ## 00000000
.L80B70DCC:
/* 0050C 80B70DCC 0C02D9C3 */  jal     func_800B670C              
/* 00510 80B70DD0 02402025 */  or      $a0, $s2, $zero            ## $a0 = 00000000
.L80B70DD4:
/* 00514 80B70DD4 8FBF0024 */  lw      $ra, 0x0024($sp)           
.L80B70DD8:
/* 00518 80B70DD8 8FB00018 */  lw      $s0, 0x0018($sp)           
/* 0051C 80B70DDC 8FB1001C */  lw      $s1, 0x001C($sp)           
/* 00520 80B70DE0 8FB20020 */  lw      $s2, 0x0020($sp)           
/* 00524 80B70DE4 03E00008 */  jr      $ra                        
/* 00528 80B70DE8 27BD0028 */  addiu   $sp, $sp, 0x0028           ## $sp = 00000000


glabel func_80B70DEC
/* 0052C 80B70DEC 27BDFFC0 */  addiu   $sp, $sp, 0xFFC0           ## $sp = FFFFFFC0
/* 00530 80B70DF0 AFB10028 */  sw      $s1, 0x0028($sp)           
/* 00534 80B70DF4 AFB00024 */  sw      $s0, 0x0024($sp)           
/* 00538 80B70DF8 00808025 */  or      $s0, $a0, $zero            ## $s0 = 00000000
/* 0053C 80B70DFC 00A08825 */  or      $s1, $a1, $zero            ## $s1 = 00000000
/* 00540 80B70E00 AFBF002C */  sw      $ra, 0x002C($sp)           
/* 00544 80B70E04 02002025 */  or      $a0, $s0, $zero            ## $a0 = 00000000
/* 00548 80B70E08 0C2DC230 */  jal     func_80B708C0              
/* 0054C 80B70E0C 02202825 */  or      $a1, $s1, $zero            ## $a1 = 00000000
/* 00550 80B70E10 3C06800B */  lui     $a2, 0x800B                ## $a2 = 800B0000
/* 00554 80B70E14 24C63FC0 */  addiu   $a2, $a2, 0x3FC0           ## $a2 = 800B3FC0
/* 00558 80B70E18 260400BC */  addiu   $a0, $s0, 0x00BC           ## $a0 = 000000BC
/* 0055C 80B70E1C 24050000 */  addiu   $a1, $zero, 0x0000         ## $a1 = 00000000
/* 00560 80B70E20 0C02CEE9 */  jal     func_800B3BA4              
/* 00564 80B70E24 3C074210 */  lui     $a3, 0x4210                ## $a3 = 42100000
/* 00568 80B70E28 3C060600 */  lui     $a2, 0x0600                ## $a2 = 06000000
/* 0056C 80B70E2C 3C070600 */  lui     $a3, 0x0600                ## $a3 = 06000000
/* 00570 80B70E30 260E02F4 */  addiu   $t6, $s0, 0x02F4           ## $t6 = 000002F4
/* 00574 80B70E34 260F036C */  addiu   $t7, $s0, 0x036C           ## $t7 = 0000036C
/* 00578 80B70E38 24180014 */  addiu   $t8, $zero, 0x0014         ## $t8 = 00000014
/* 0057C 80B70E3C AFB80018 */  sw      $t8, 0x0018($sp)           
/* 00580 80B70E40 AFAF0014 */  sw      $t7, 0x0014($sp)           
/* 00584 80B70E44 AFAE0010 */  sw      $t6, 0x0010($sp)           
/* 00588 80B70E48 24E764E0 */  addiu   $a3, $a3, 0x64E0           ## $a3 = 060064E0
/* 0058C 80B70E4C 24C65EF8 */  addiu   $a2, $a2, 0x5EF8           ## $a2 = 06005EF8
/* 00590 80B70E50 02202025 */  or      $a0, $s1, $zero            ## $a0 = 00000000
/* 00594 80B70E54 0C04DA9F */  jal     func_80136A7C              
/* 00598 80B70E58 260501E4 */  addiu   $a1, $s0, 0x01E4           ## $a1 = 000001E4
/* 0059C 80B70E5C 26050144 */  addiu   $a1, $s0, 0x0144           ## $a1 = 00000144
/* 005A0 80B70E60 AFA50034 */  sw      $a1, 0x0034($sp)           
/* 005A4 80B70E64 0C0382D3 */  jal     func_800E0B4C              
/* 005A8 80B70E68 02202025 */  or      $a0, $s1, $zero            ## $a0 = 00000000
/* 005AC 80B70E6C 3C0780B7 */  lui     $a3, %hi(D_80B73450)       ## $a3 = 80B70000
/* 005B0 80B70E70 26190164 */  addiu   $t9, $s0, 0x0164           ## $t9 = 00000164
/* 005B4 80B70E74 8FA50034 */  lw      $a1, 0x0034($sp)           
/* 005B8 80B70E78 AFB90010 */  sw      $t9, 0x0010($sp)           
/* 005BC 80B70E7C 24E73450 */  addiu   $a3, $a3, %lo(D_80B73450)  ## $a3 = 80B73450
/* 005C0 80B70E80 02202025 */  or      $a0, $s1, $zero            ## $a0 = 00000000
/* 005C4 80B70E84 0C038398 */  jal     func_800E0E60              
/* 005C8 80B70E88 02003025 */  or      $a2, $s0, $zero            ## $a2 = 00000000
/* 005CC 80B70E8C 3C0580B7 */  lui     $a1, %hi(D_80B7346C)       ## $a1 = 80B70000
/* 005D0 80B70E90 3C0680B7 */  lui     $a2, %hi(D_80B73460)       ## $a2 = 80B70000
/* 005D4 80B70E94 24C63460 */  addiu   $a2, $a2, %lo(D_80B73460)  ## $a2 = 80B73460
/* 005D8 80B70E98 24A5346C */  addiu   $a1, $a1, %lo(D_80B7346C)  ## $a1 = 80B7346C
/* 005DC 80B70E9C 0C039D57 */  jal     func_800E755C              
/* 005E0 80B70EA0 260400A0 */  addiu   $a0, $s0, 0x00A0           ## $a0 = 000000A0
/* 005E4 80B70EA4 8605001C */  lh      $a1, 0x001C($s0)           ## 0000001C
/* 005E8 80B70EA8 02202025 */  or      $a0, $s1, $zero            ## $a0 = 00000000
/* 005EC 80B70EAC 0C02D6EC */  jal     func_800B5BB0              
/* 005F0 80B70EB0 30A500FF */  andi    $a1, $a1, 0x00FF           ## $a1 = 00000000
/* 005F4 80B70EB4 10400003 */  beq     $v0, $zero, .L80B70EC4     
/* 005F8 80B70EB8 00000000 */  nop
/* 005FC 80B70EBC 0C02D9C3 */  jal     func_800B670C              
/* 00600 80B70EC0 02002025 */  or      $a0, $s0, $zero            ## $a0 = 00000000
.L80B70EC4:
/* 00604 80B70EC4 3C0580B7 */  lui     $a1, %hi(D_80B73490)       ## $a1 = 80B70000
/* 00608 80B70EC8 24A53490 */  addiu   $a1, $a1, %lo(D_80B73490)  ## $a1 = 80B73490
/* 0060C 80B70ECC 0C03FEB7 */  jal     func_800FFADC              
/* 00610 80B70ED0 02002025 */  or      $a0, $s0, $zero            ## $a0 = 00000000
/* 00614 80B70ED4 3C0180B7 */  lui     $at, %hi(D_80B734E0)       ## $at = 80B70000
/* 00618 80B70ED8 C42434E0 */  lwc1    $f4, %lo(D_80B734E0)($at)  
/* 0061C 80B70EDC 8E0A0120 */  lw      $t2, 0x0120($s0)           ## 00000120
/* 00620 80B70EE0 24080055 */  addiu   $t0, $zero, 0x0055         ## $t0 = 00000055
/* 00624 80B70EE4 2409FFFF */  addiu   $t1, $zero, 0xFFFF         ## $t1 = FFFFFFFF
/* 00628 80B70EE8 A208011F */  sb      $t0, 0x011F($s0)           ## 0000011F
/* 0062C 80B70EEC A60003F2 */  sh      $zero, 0x03F2($s0)         ## 000003F2
/* 00630 80B70EF0 AE0902E4 */  sw      $t1, 0x02E4($s0)           ## 000002E4
/* 00634 80B70EF4 A60003FC */  sh      $zero, 0x03FC($s0)         ## 000003FC
/* 00638 80B70EF8 A60003FA */  sh      $zero, 0x03FA($s0)         ## 000003FA
/* 0063C 80B70EFC A2000403 */  sb      $zero, 0x0403($s0)         ## 00000403
/* 00640 80B70F00 A60003FE */  sh      $zero, 0x03FE($s0)         ## 000003FE
/* 00644 80B70F04 15400005 */  bne     $t2, $zero, .L80B70F1C     
/* 00648 80B70F08 E6040070 */  swc1    $f4, 0x0070($s0)           ## 00000070
/* 0064C 80B70F0C 24020001 */  addiu   $v0, $zero, 0x0001         ## $v0 = 00000001
/* 00650 80B70F10 A60203F4 */  sh      $v0, 0x03F4($s0)           ## 000003F4
/* 00654 80B70F14 A60203F6 */  sh      $v0, 0x03F6($s0)           ## 000003F6
/* 00658 80B70F18 A60003F8 */  sh      $zero, 0x03F8($s0)         ## 000003F8
.L80B70F1C:
/* 0065C 80B70F1C 862B00A4 */  lh      $t3, 0x00A4($s1)           ## 000000A4
/* 00660 80B70F20 24010043 */  addiu   $at, $zero, 0x0043         ## $at = 00000043
/* 00664 80B70F24 24020001 */  addiu   $v0, $zero, 0x0001         ## $v0 = 00000001
/* 00668 80B70F28 1561000B */  bne     $t3, $at, .L80B70F58       
/* 0066C 80B70F2C 3C0C801F */  lui     $t4, 0x801F                ## $t4 = 801F0000
/* 00670 80B70F30 8D8C331C */  lw      $t4, 0x331C($t4)           ## 801F331C
/* 00674 80B70F34 144C0008 */  bne     $v0, $t4, .L80B70F58       
/* 00678 80B70F38 00000000 */  nop
/* 0067C 80B70F3C 962D1F36 */  lhu     $t5, 0x1F36($s1)           ## 00001F36
/* 00680 80B70F40 15A00005 */  bne     $t5, $zero, .L80B70F58     
/* 00684 80B70F44 00000000 */  nop
/* 00688 80B70F48 8E0E0004 */  lw      $t6, 0x0004($s0)           ## 00000004
/* 0068C 80B70F4C 3C010010 */  lui     $at, 0x0010                ## $at = 00100000
/* 00690 80B70F50 01C17825 */  or      $t7, $t6, $at              ## $t7 = 00100000
/* 00694 80B70F54 AE0F0004 */  sw      $t7, 0x0004($s0)           ## 00000004
.L80B70F58:
/* 00698 80B70F58 0C2DC3E8 */  jal     func_80B70FA0              
/* 0069C 80B70F5C 02002025 */  or      $a0, $s0, $zero            ## $a0 = 00000000
/* 006A0 80B70F60 8FBF002C */  lw      $ra, 0x002C($sp)           
/* 006A4 80B70F64 8FB00024 */  lw      $s0, 0x0024($sp)           
/* 006A8 80B70F68 8FB10028 */  lw      $s1, 0x0028($sp)           
/* 006AC 80B70F6C 03E00008 */  jr      $ra                        
/* 006B0 80B70F70 27BD0040 */  addiu   $sp, $sp, 0x0040           ## $sp = 00000000


glabel func_80B70F74
/* 006B4 80B70F74 27BDFFE8 */  addiu   $sp, $sp, 0xFFE8           ## $sp = FFFFFFE8
/* 006B8 80B70F78 AFBF0014 */  sw      $ra, 0x0014($sp)           
/* 006BC 80B70F7C 00803025 */  or      $a2, $a0, $zero            ## $a2 = 00000000
/* 006C0 80B70F80 00A03825 */  or      $a3, $a1, $zero            ## $a3 = 00000000
/* 006C4 80B70F84 00E02025 */  or      $a0, $a3, $zero            ## $a0 = 00000000
/* 006C8 80B70F88 0C038306 */  jal     func_800E0C18              
/* 006CC 80B70F8C 24C50144 */  addiu   $a1, $a2, 0x0144           ## $a1 = 00000144
/* 006D0 80B70F90 8FBF0014 */  lw      $ra, 0x0014($sp)           
/* 006D4 80B70F94 27BD0018 */  addiu   $sp, $sp, 0x0018           ## $sp = 00000000
/* 006D8 80B70F98 03E00008 */  jr      $ra                        
/* 006DC 80B70F9C 00000000 */  nop


glabel func_80B70FA0
/* 006E0 80B70FA0 27BDFFE8 */  addiu   $sp, $sp, 0xFFE8           ## $sp = FFFFFFE8
/* 006E4 80B70FA4 AFBF0014 */  sw      $ra, 0x0014($sp)           
/* 006E8 80B70FA8 00803825 */  or      $a3, $a0, $zero            ## $a3 = 00000000
/* 006EC 80B70FAC 8CEF0228 */  lw      $t7, 0x0228($a3)           ## 00000228
/* 006F0 80B70FB0 3C0E80B7 */  lui     $t6, %hi(func_80B716A8)    ## $t6 = 80B70000
/* 006F4 80B70FB4 25CE16A8 */  addiu   $t6, $t6, %lo(func_80B716A8) ## $t6 = 80B716A8
/* 006F8 80B70FB8 11CF0008 */  beq     $t6, $t7, .L80B70FDC       
/* 006FC 80B70FBC A4E003F2 */  sh      $zero, 0x03F2($a3)         ## 000003F2
/* 00700 80B70FC0 3C0580B7 */  lui     $a1, %hi(D_80B732D0)       ## $a1 = 80B70000
/* 00704 80B70FC4 24A532D0 */  addiu   $a1, $a1, %lo(D_80B732D0)  ## $a1 = 80B732D0
/* 00708 80B70FC8 24E401E4 */  addiu   $a0, $a3, 0x01E4           ## $a0 = 000001E4
/* 0070C 80B70FCC 00003025 */  or      $a2, $zero, $zero          ## $a2 = 00000000
/* 00710 80B70FD0 0C02F717 */  jal     func_800BDC5C              
/* 00714 80B70FD4 AFA70018 */  sw      $a3, 0x0018($sp)           
/* 00718 80B70FD8 8FA70018 */  lw      $a3, 0x0018($sp)           
.L80B70FDC:
/* 0071C 80B70FDC 3C1880B7 */  lui     $t8, %hi(func_80B70FF8)    ## $t8 = 80B70000
/* 00720 80B70FE0 27180FF8 */  addiu   $t8, $t8, %lo(func_80B70FF8) ## $t8 = 80B70FF8
/* 00724 80B70FE4 ACF80228 */  sw      $t8, 0x0228($a3)           ## 00000228
/* 00728 80B70FE8 8FBF0014 */  lw      $ra, 0x0014($sp)           
/* 0072C 80B70FEC 27BD0018 */  addiu   $sp, $sp, 0x0018           ## $sp = 00000000
/* 00730 80B70FF0 03E00008 */  jr      $ra                        
/* 00734 80B70FF4 00000000 */  nop


glabel func_80B70FF8
/* 00738 80B70FF8 27BDFFD8 */  addiu   $sp, $sp, 0xFFD8           ## $sp = FFFFFFD8
/* 0073C 80B70FFC AFB00020 */  sw      $s0, 0x0020($sp)           
/* 00740 80B71000 00808025 */  or      $s0, $a0, $zero            ## $s0 = 00000000
/* 00744 80B71004 AFBF0024 */  sw      $ra, 0x0024($sp)           
/* 00748 80B71008 AFA5002C */  sw      $a1, 0x002C($sp)           
/* 0074C 80B7100C 3C014282 */  lui     $at, 0x4282                ## $at = 42820000
/* 00750 80B71010 44813000 */  mtc1    $at, $f6                   ## $f6 = 65.00
/* 00754 80B71014 C6040098 */  lwc1    $f4, 0x0098($s0)           ## 00000098
/* 00758 80B71018 860E0092 */  lh      $t6, 0x0092($s0)           ## 00000092
/* 0075C 80B7101C 860F00BE */  lh      $t7, 0x00BE($s0)           ## 000000BE
/* 00760 80B71020 4606203C */  c.lt.s  $f4, $f6                   
/* 00764 80B71024 01CF1023 */  subu    $v0, $t6, $t7              
/* 00768 80B71028 00021400 */  sll     $v0, $v0, 16               
/* 0076C 80B7102C 4500000E */  bc1f    .L80B71068                 
/* 00770 80B71030 00021403 */  sra     $v0, $v0, 16               
/* 00774 80B71034 04410003 */  bgez    $v0, .L80B71044            
/* 00778 80B71038 00401825 */  or      $v1, $v0, $zero            ## $v1 = 00000000
/* 0077C 80B7103C 10000001 */  beq     $zero, $zero, .L80B71044   
/* 00780 80B71040 00021823 */  subu    $v1, $zero, $v0            
.L80B71044:
/* 00784 80B71044 28612AAA */  slti    $at, $v1, 0x2AAA           
/* 00788 80B71048 50200008 */  beql    $at, $zero, .L80B7106C     
/* 0078C 80B7104C 860203F2 */  lh      $v0, 0x03F2($s0)           ## 000003F2
/* 00790 80B71050 861803F2 */  lh      $t8, 0x03F2($s0)           ## 000003F2
/* 00794 80B71054 2B010006 */  slti    $at, $t8, 0x0006           
/* 00798 80B71058 54200004 */  bnel    $at, $zero, .L80B7106C     
/* 0079C 80B7105C 860203F2 */  lh      $v0, 0x03F2($s0)           ## 000003F2
/* 007A0 80B71060 0C2DC4D5 */  jal     func_80B71354              
/* 007A4 80B71064 02002025 */  or      $a0, $s0, $zero            ## $a0 = 00000000
.L80B71068:
/* 007A8 80B71068 860203F2 */  lh      $v0, 0x03F2($s0)           ## 000003F2
.L80B7106C:
/* 007AC 80B7106C 260400BE */  addiu   $a0, $s0, 0x00BE           ## $a0 = 000000BE
/* 007B0 80B71070 24060001 */  addiu   $a2, $zero, 0x0001         ## $a2 = 00000001
/* 007B4 80B71074 28410006 */  slti    $at, $v0, 0x0006           
/* 007B8 80B71078 10200003 */  beq     $at, $zero, .L80B71088     
/* 007BC 80B7107C 2407071C */  addiu   $a3, $zero, 0x071C         ## $a3 = 0000071C
/* 007C0 80B71080 24590001 */  addiu   $t9, $v0, 0x0001           ## $t9 = 00000001
/* 007C4 80B71084 A61903F2 */  sh      $t9, 0x03F2($s0)           ## 000003F2
.L80B71088:
/* 007C8 80B71088 86050032 */  lh      $a1, 0x0032($s0)           ## 00000032
/* 007CC 80B7108C 240800B6 */  addiu   $t0, $zero, 0x00B6         ## $t0 = 000000B6
/* 007D0 80B71090 0C03FFAF */  jal     func_800FFEBC              
/* 007D4 80B71094 AFA80010 */  sw      $t0, 0x0010($sp)           
/* 007D8 80B71098 8FBF0024 */  lw      $ra, 0x0024($sp)           
/* 007DC 80B7109C 8FB00020 */  lw      $s0, 0x0020($sp)           
/* 007E0 80B710A0 27BD0028 */  addiu   $sp, $sp, 0x0028           ## $sp = 00000000
/* 007E4 80B710A4 03E00008 */  jr      $ra                        
/* 007E8 80B710A8 00000000 */  nop


glabel func_80B710AC
/* 007EC 80B710AC 27BDFFE8 */  addiu   $sp, $sp, 0xFFE8           ## $sp = FFFFFFE8
/* 007F0 80B710B0 AFBF0014 */  sw      $ra, 0x0014($sp)           
/* 007F4 80B710B4 AFA40018 */  sw      $a0, 0x0018($sp)           
/* 007F8 80B710B8 8FA40018 */  lw      $a0, 0x0018($sp)           
/* 007FC 80B710BC 0C02E3B2 */  jal     func_800B8EC8              
/* 00800 80B710C0 2405389E */  addiu   $a1, $zero, 0x389E         ## $a1 = 0000389E
/* 00804 80B710C4 8FAF0018 */  lw      $t7, 0x0018($sp)           
/* 00808 80B710C8 3C0E80B7 */  lui     $t6, %hi(func_80B710E4)    ## $t6 = 80B70000
/* 0080C 80B710CC 25CE10E4 */  addiu   $t6, $t6, %lo(func_80B710E4) ## $t6 = 80B710E4
/* 00810 80B710D0 ADEE0228 */  sw      $t6, 0x0228($t7)           ## 00000228
/* 00814 80B710D4 8FBF0014 */  lw      $ra, 0x0014($sp)           
/* 00818 80B710D8 27BD0018 */  addiu   $sp, $sp, 0x0018           ## $sp = 00000000
/* 0081C 80B710DC 03E00008 */  jr      $ra                        
/* 00820 80B710E0 00000000 */  nop


glabel func_80B710E4
/* 00824 80B710E4 27BDFFE8 */  addiu   $sp, $sp, 0xFFE8           ## $sp = FFFFFFE8
/* 00828 80B710E8 AFBF0014 */  sw      $ra, 0x0014($sp)           
/* 0082C 80B710EC AFA5001C */  sw      $a1, 0x001C($sp)           
/* 00830 80B710F0 908E011C */  lbu     $t6, 0x011C($a0)           ## 0000011C
/* 00834 80B710F4 55C00004 */  bnel    $t6, $zero, .L80B71108     
/* 00838 80B710F8 8FBF0014 */  lw      $ra, 0x0014($sp)           
/* 0083C 80B710FC 0C2DC3E8 */  jal     func_80B70FA0              
/* 00840 80B71100 00000000 */  nop
/* 00844 80B71104 8FBF0014 */  lw      $ra, 0x0014($sp)           
.L80B71108:
/* 00848 80B71108 27BD0018 */  addiu   $sp, $sp, 0x0018           ## $sp = 00000000
/* 0084C 80B7110C 03E00008 */  jr      $ra                        
/* 00850 80B71110 00000000 */  nop


glabel func_80B71114
/* 00854 80B71114 27BDFFE8 */  addiu   $sp, $sp, 0xFFE8           ## $sp = FFFFFFE8
/* 00858 80B71118 AFBF0014 */  sw      $ra, 0x0014($sp)           
/* 0085C 80B7111C AFA40018 */  sw      $a0, 0x0018($sp)           
/* 00860 80B71120 8FA40018 */  lw      $a0, 0x0018($sp)           
/* 00864 80B71124 0C02E3B2 */  jal     func_800B8EC8              
/* 00868 80B71128 2405389E */  addiu   $a1, $zero, 0x389E         ## $a1 = 0000389E
/* 0086C 80B7112C 8FAF0018 */  lw      $t7, 0x0018($sp)           
/* 00870 80B71130 3C0E80B7 */  lui     $t6, %hi(func_80B7114C)    ## $t6 = 80B70000
/* 00874 80B71134 25CE114C */  addiu   $t6, $t6, %lo(func_80B7114C) ## $t6 = 80B7114C
/* 00878 80B71138 ADEE0228 */  sw      $t6, 0x0228($t7)           ## 00000228
/* 0087C 80B7113C 8FBF0014 */  lw      $ra, 0x0014($sp)           
/* 00880 80B71140 27BD0018 */  addiu   $sp, $sp, 0x0018           ## $sp = 00000000
/* 00884 80B71144 03E00008 */  jr      $ra                        
/* 00888 80B71148 00000000 */  nop


glabel func_80B7114C
/* 0088C 80B7114C 27BDFFD8 */  addiu   $sp, $sp, 0xFFD8           ## $sp = FFFFFFD8
/* 00890 80B71150 AFB00020 */  sw      $s0, 0x0020($sp)           
/* 00894 80B71154 00808025 */  or      $s0, $a0, $zero            ## $s0 = 00000000
/* 00898 80B71158 AFBF0024 */  sw      $ra, 0x0024($sp)           
/* 0089C 80B7115C AFA5002C */  sw      $a1, 0x002C($sp)           
/* 008A0 80B71160 860203F0 */  lh      $v0, 0x03F0($s0)           ## 000003F0
/* 008A4 80B71164 24010001 */  addiu   $at, $zero, 0x0001         ## $at = 00000001
/* 008A8 80B71168 14400026 */  bne     $v0, $zero, .L80B71204     
/* 008AC 80B7116C 00000000 */  nop
/* 008B0 80B71170 44800000 */  mtc1    $zero, $f0                 ## $f0 = 0.00
/* 008B4 80B71174 920E00B7 */  lbu     $t6, 0x00B7($s0)           ## 000000B7
/* 008B8 80B71178 A60003F0 */  sh      $zero, 0x03F0($s0)         ## 000003F0
/* 008BC 80B7117C E60002F0 */  swc1    $f0, 0x02F0($s0)           ## 000002F0
/* 008C0 80B71180 11C00017 */  beq     $t6, $zero, .L80B711E0     
/* 008C4 80B71184 E60002EC */  swc1    $f0, 0x02EC($s0)           ## 000002EC
/* 008C8 80B71188 240F0008 */  addiu   $t7, $zero, 0x0008         ## $t7 = 00000008
/* 008CC 80B7118C AFAF0010 */  sw      $t7, 0x0010($sp)           
/* 008D0 80B71190 02002025 */  or      $a0, $s0, $zero            ## $a0 = 00000000
/* 008D4 80B71194 24054000 */  addiu   $a1, $zero, 0x4000         ## $a1 = 00004000
/* 008D8 80B71198 240600FF */  addiu   $a2, $zero, 0x00FF         ## $a2 = 000000FF
/* 008DC 80B7119C 0C02F2DC */  jal     func_800BCB70              
/* 008E0 80B711A0 00003825 */  or      $a3, $zero, $zero          ## $a3 = 00000000
/* 008E4 80B711A4 3C0580B7 */  lui     $a1, %hi(D_80B732D0)       ## $a1 = 80B70000
/* 008E8 80B711A8 24A532D0 */  addiu   $a1, $a1, %lo(D_80B732D0)  ## $a1 = 80B732D0
/* 008EC 80B711AC 260401E4 */  addiu   $a0, $s0, 0x01E4           ## $a0 = 000001E4
/* 008F0 80B711B0 0C02F717 */  jal     func_800BDC5C              
/* 008F4 80B711B4 24060003 */  addiu   $a2, $zero, 0x0003         ## $a2 = 00000003
/* 008F8 80B711B8 02002025 */  or      $a0, $s0, $zero            ## $a0 = 00000000
/* 008FC 80B711BC 0C02E3B2 */  jal     func_800B8EC8              
/* 00900 80B711C0 24053832 */  addiu   $a1, $zero, 0x3832         ## $a1 = 00003832
/* 00904 80B711C4 92180402 */  lbu     $t8, 0x0402($s0)           ## 00000402
/* 00908 80B711C8 02002025 */  or      $a0, $s0, $zero            ## $a0 = 00000000
/* 0090C 80B711CC 37190001 */  ori     $t9, $t8, 0x0001           ## $t9 = 00000001
/* 00910 80B711D0 0C2DC4BF */  jal     func_80B712FC              
/* 00914 80B711D4 A2190402 */  sb      $t9, 0x0402($s0)           ## 00000402
/* 00918 80B711D8 1000000F */  beq     $zero, $zero, .L80B71218   
/* 0091C 80B711DC 8FBF0024 */  lw      $ra, 0x0024($sp)           
.L80B711E0:
/* 00920 80B711E0 8FA4002C */  lw      $a0, 0x002C($sp)           
/* 00924 80B711E4 26050024 */  addiu   $a1, $s0, 0x0024           ## $a1 = 00000024
/* 00928 80B711E8 24060028 */  addiu   $a2, $zero, 0x0028         ## $a2 = 00000028
/* 0092C 80B711EC 0C03C15A */  jal     func_800F0568              
/* 00930 80B711F0 24073833 */  addiu   $a3, $zero, 0x3833         ## $a3 = 00003833
/* 00934 80B711F4 0C2DC522 */  jal     func_80B71488              
/* 00938 80B711F8 02002025 */  or      $a0, $s0, $zero            ## $a0 = 00000000
/* 0093C 80B711FC 10000006 */  beq     $zero, $zero, .L80B71218   
/* 00940 80B71200 8FBF0024 */  lw      $ra, 0x0024($sp)           
.L80B71204:
/* 00944 80B71204 14410003 */  bne     $v0, $at, .L80B71214       
/* 00948 80B71208 02002025 */  or      $a0, $s0, $zero            ## $a0 = 00000000
/* 0094C 80B7120C 0C2DC9AD */  jal     func_80B726B4              
/* 00950 80B71210 8FA5002C */  lw      $a1, 0x002C($sp)           
.L80B71214:
/* 00954 80B71214 8FBF0024 */  lw      $ra, 0x0024($sp)           
.L80B71218:
/* 00958 80B71218 8FB00020 */  lw      $s0, 0x0020($sp)           
/* 0095C 80B7121C 27BD0028 */  addiu   $sp, $sp, 0x0028           ## $sp = 00000000
/* 00960 80B71220 03E00008 */  jr      $ra                        
/* 00964 80B71224 00000000 */  nop


glabel func_80B71228
/* 00968 80B71228 3C0E80B7 */  lui     $t6, %hi(func_80B7123C)    ## $t6 = 80B70000
/* 0096C 80B7122C 25CE123C */  addiu   $t6, $t6, %lo(func_80B7123C) ## $t6 = 80B7123C
/* 00970 80B71230 AC8E0228 */  sw      $t6, 0x0228($a0)           ## 00000228
/* 00974 80B71234 03E00008 */  jr      $ra                        
/* 00978 80B71238 00000000 */  nop


glabel func_80B7123C
/* 0097C 80B7123C 27BDFFD8 */  addiu   $sp, $sp, 0xFFD8           ## $sp = FFFFFFD8
/* 00980 80B71240 AFB00020 */  sw      $s0, 0x0020($sp)           
/* 00984 80B71244 00808025 */  or      $s0, $a0, $zero            ## $s0 = 00000000
/* 00988 80B71248 AFBF0024 */  sw      $ra, 0x0024($sp)           
/* 0098C 80B7124C AFA5002C */  sw      $a1, 0x002C($sp)           
/* 00990 80B71250 860E03F0 */  lh      $t6, 0x03F0($s0)           ## 000003F0
/* 00994 80B71254 55C00025 */  bnel    $t6, $zero, .L80B712EC     
/* 00998 80B71258 8FBF0024 */  lw      $ra, 0x0024($sp)           
/* 0099C 80B7125C 44800000 */  mtc1    $zero, $f0                 ## $f0 = 0.00
/* 009A0 80B71260 920F00B7 */  lbu     $t7, 0x00B7($s0)           ## 000000B7
/* 009A4 80B71264 A60003F0 */  sh      $zero, 0x03F0($s0)         ## 000003F0
/* 009A8 80B71268 E60002F0 */  swc1    $f0, 0x02F0($s0)           ## 000002F0
/* 009AC 80B7126C 11E00017 */  beq     $t7, $zero, .L80B712CC     
/* 009B0 80B71270 E60002EC */  swc1    $f0, 0x02EC($s0)           ## 000002EC
/* 009B4 80B71274 24180008 */  addiu   $t8, $zero, 0x0008         ## $t8 = 00000008
/* 009B8 80B71278 AFB80010 */  sw      $t8, 0x0010($sp)           
/* 009BC 80B7127C 02002025 */  or      $a0, $s0, $zero            ## $a0 = 00000000
/* 009C0 80B71280 24054000 */  addiu   $a1, $zero, 0x4000         ## $a1 = 00004000
/* 009C4 80B71284 240600FF */  addiu   $a2, $zero, 0x00FF         ## $a2 = 000000FF
/* 009C8 80B71288 0C02F2DC */  jal     func_800BCB70              
/* 009CC 80B7128C 00003825 */  or      $a3, $zero, $zero          ## $a3 = 00000000
/* 009D0 80B71290 3C0580B7 */  lui     $a1, %hi(D_80B732D0)       ## $a1 = 80B70000
/* 009D4 80B71294 24A532D0 */  addiu   $a1, $a1, %lo(D_80B732D0)  ## $a1 = 80B732D0
/* 009D8 80B71298 260401E4 */  addiu   $a0, $s0, 0x01E4           ## $a0 = 000001E4
/* 009DC 80B7129C 0C02F717 */  jal     func_800BDC5C              
/* 009E0 80B712A0 24060003 */  addiu   $a2, $zero, 0x0003         ## $a2 = 00000003
/* 009E4 80B712A4 02002025 */  or      $a0, $s0, $zero            ## $a0 = 00000000
/* 009E8 80B712A8 0C02E3B2 */  jal     func_800B8EC8              
/* 009EC 80B712AC 24053832 */  addiu   $a1, $zero, 0x3832         ## $a1 = 00003832
/* 009F0 80B712B0 92190402 */  lbu     $t9, 0x0402($s0)           ## 00000402
/* 009F4 80B712B4 02002025 */  or      $a0, $s0, $zero            ## $a0 = 00000000
/* 009F8 80B712B8 37280001 */  ori     $t0, $t9, 0x0001           ## $t0 = 00000001
/* 009FC 80B712BC 0C2DC4BF */  jal     func_80B712FC              
/* 00A00 80B712C0 A2080402 */  sb      $t0, 0x0402($s0)           ## 00000402
/* 00A04 80B712C4 10000009 */  beq     $zero, $zero, .L80B712EC   
/* 00A08 80B712C8 8FBF0024 */  lw      $ra, 0x0024($sp)           
.L80B712CC:
/* 00A0C 80B712CC 8FA4002C */  lw      $a0, 0x002C($sp)           
/* 00A10 80B712D0 26050024 */  addiu   $a1, $s0, 0x0024           ## $a1 = 00000024
/* 00A14 80B712D4 24060028 */  addiu   $a2, $zero, 0x0028         ## $a2 = 00000028
/* 00A18 80B712D8 0C03C15A */  jal     func_800F0568              
/* 00A1C 80B712DC 24073833 */  addiu   $a3, $zero, 0x3833         ## $a3 = 00003833
/* 00A20 80B712E0 0C2DC522 */  jal     func_80B71488              
/* 00A24 80B712E4 02002025 */  or      $a0, $s0, $zero            ## $a0 = 00000000
/* 00A28 80B712E8 8FBF0024 */  lw      $ra, 0x0024($sp)           
.L80B712EC:
/* 00A2C 80B712EC 8FB00020 */  lw      $s0, 0x0020($sp)           
/* 00A30 80B712F0 27BD0028 */  addiu   $sp, $sp, 0x0028           ## $sp = 00000000
/* 00A34 80B712F4 03E00008 */  jr      $ra                        
/* 00A38 80B712F8 00000000 */  nop


glabel func_80B712FC
/* 00A3C 80B712FC 3C0E80B7 */  lui     $t6, %hi(func_80B71314)    ## $t6 = 80B70000
/* 00A40 80B71300 25CE1314 */  addiu   $t6, $t6, %lo(func_80B71314) ## $t6 = 80B71314
/* 00A44 80B71304 A48003F2 */  sh      $zero, 0x03F2($a0)         ## 000003F2
/* 00A48 80B71308 AC8E0228 */  sw      $t6, 0x0228($a0)           ## 00000228
/* 00A4C 80B7130C 03E00008 */  jr      $ra                        
/* 00A50 80B71310 00000000 */  nop


glabel func_80B71314
/* 00A54 80B71314 27BDFFE8 */  addiu   $sp, $sp, 0xFFE8           ## $sp = FFFFFFE8
/* 00A58 80B71318 AFBF0014 */  sw      $ra, 0x0014($sp)           
/* 00A5C 80B7131C AFA5001C */  sw      $a1, 0x001C($sp)           
/* 00A60 80B71320 848203F2 */  lh      $v0, 0x03F2($a0)           ## 000003F2
/* 00A64 80B71324 28410006 */  slti    $at, $v0, 0x0006           
/* 00A68 80B71328 14200005 */  bne     $at, $zero, .L80B71340     
/* 00A6C 80B7132C 244E0001 */  addiu   $t6, $v0, 0x0001           ## $t6 = 00000001
/* 00A70 80B71330 0C2DC3E8 */  jal     func_80B70FA0              
/* 00A74 80B71334 00000000 */  nop
/* 00A78 80B71338 10000003 */  beq     $zero, $zero, .L80B71348   
/* 00A7C 80B7133C 8FBF0014 */  lw      $ra, 0x0014($sp)           
.L80B71340:
/* 00A80 80B71340 A48E03F2 */  sh      $t6, 0x03F2($a0)           ## 000003F2
/* 00A84 80B71344 8FBF0014 */  lw      $ra, 0x0014($sp)           
.L80B71348:
/* 00A88 80B71348 27BD0018 */  addiu   $sp, $sp, 0x0018           ## $sp = 00000000
/* 00A8C 80B7134C 03E00008 */  jr      $ra                        
/* 00A90 80B71350 00000000 */  nop


glabel func_80B71354
/* 00A94 80B71354 27BDFFE8 */  addiu   $sp, $sp, 0xFFE8           ## $sp = FFFFFFE8
/* 00A98 80B71358 AFBF0014 */  sw      $ra, 0x0014($sp)           
/* 00A9C 80B7135C AFA40018 */  sw      $a0, 0x0018($sp)           
/* 00AA0 80B71360 8FA40018 */  lw      $a0, 0x0018($sp)           
/* 00AA4 80B71364 0C02E3B2 */  jal     func_800B8EC8              
/* 00AA8 80B71368 24053831 */  addiu   $a1, $zero, 0x3831         ## $a1 = 00003831
/* 00AAC 80B7136C 8FA40018 */  lw      $a0, 0x0018($sp)           
/* 00AB0 80B71370 3C0580B7 */  lui     $a1, %hi(D_80B732D0)       ## $a1 = 80B70000
/* 00AB4 80B71374 24A532D0 */  addiu   $a1, $a1, %lo(D_80B732D0)  ## $a1 = 80B732D0
/* 00AB8 80B71378 24060002 */  addiu   $a2, $zero, 0x0002         ## $a2 = 00000002
/* 00ABC 80B7137C 0C02F717 */  jal     func_800BDC5C              
/* 00AC0 80B71380 248401E4 */  addiu   $a0, $a0, 0x01E4           ## $a0 = 000001E4
/* 00AC4 80B71384 8FAF0018 */  lw      $t7, 0x0018($sp)           
/* 00AC8 80B71388 3C0E80B7 */  lui     $t6, %hi(func_80B713A4)    ## $t6 = 80B70000
/* 00ACC 80B7138C 25CE13A4 */  addiu   $t6, $t6, %lo(func_80B713A4) ## $t6 = 80B713A4
/* 00AD0 80B71390 ADEE0228 */  sw      $t6, 0x0228($t7)           ## 00000228
/* 00AD4 80B71394 8FBF0014 */  lw      $ra, 0x0014($sp)           
/* 00AD8 80B71398 27BD0018 */  addiu   $sp, $sp, 0x0018           ## $sp = 00000000
/* 00ADC 80B7139C 03E00008 */  jr      $ra                        
/* 00AE0 80B713A0 00000000 */  nop


glabel func_80B713A4
/* 00AE4 80B713A4 27BDFFD0 */  addiu   $sp, $sp, 0xFFD0           ## $sp = FFFFFFD0
/* 00AE8 80B713A8 AFB00020 */  sw      $s0, 0x0020($sp)           
/* 00AEC 80B713AC 00808025 */  or      $s0, $a0, $zero            ## $s0 = 00000000
/* 00AF0 80B713B0 AFBF0024 */  sw      $ra, 0x0024($sp)           
/* 00AF4 80B713B4 AFA50034 */  sw      $a1, 0x0034($sp)           
/* 00AF8 80B713B8 260401E4 */  addiu   $a0, $s0, 0x01E4           ## $a0 = 000001E4
/* 00AFC 80B713BC 8E0501F4 */  lw      $a1, 0x01F4($s0)           ## 000001F4
/* 00B00 80B713C0 0C04DE2E */  jal     func_801378B8              
/* 00B04 80B713C4 AFA4002C */  sw      $a0, 0x002C($sp)           
/* 00B08 80B713C8 10400014 */  beq     $v0, $zero, .L80B7141C     
/* 00B0C 80B713CC 3C014282 */  lui     $at, 0x4282                ## $at = 42820000
/* 00B10 80B713D0 44812000 */  mtc1    $at, $f4                   ## $f4 = 65.00
/* 00B14 80B713D4 C6060098 */  lwc1    $f6, 0x0098($s0)           ## 00000098
/* 00B18 80B713D8 4606203C */  c.lt.s  $f4, $f6                   
/* 00B1C 80B713DC 00000000 */  nop
/* 00B20 80B713E0 45010006 */  bc1t    .L80B713FC                 
/* 00B24 80B713E4 00000000 */  nop
/* 00B28 80B713E8 0C04900F */  jal     func_8012403C              
/* 00B2C 80B713EC 8FA40034 */  lw      $a0, 0x0034($sp)           
/* 00B30 80B713F0 2401000F */  addiu   $at, $zero, 0x000F         ## $at = 0000000F
/* 00B34 80B713F4 14410005 */  bne     $v0, $at, .L80B7140C       
/* 00B38 80B713F8 8FA4002C */  lw      $a0, 0x002C($sp)           
.L80B713FC:
/* 00B3C 80B713FC 0C2DC3E8 */  jal     func_80B70FA0              
/* 00B40 80B71400 02002025 */  or      $a0, $s0, $zero            ## $a0 = 00000000
/* 00B44 80B71404 10000006 */  beq     $zero, $zero, .L80B71420   
/* 00B48 80B71408 3C014282 */  lui     $at, 0x4282                ## $at = 42820000
.L80B7140C:
/* 00B4C 80B7140C 3C0580B7 */  lui     $a1, %hi(D_80B732D0)       ## $a1 = 80B70000
/* 00B50 80B71410 24A532D0 */  addiu   $a1, $a1, %lo(D_80B732D0)  ## $a1 = 80B732D0
/* 00B54 80B71414 0C02F717 */  jal     func_800BDC5C              
/* 00B58 80B71418 24060002 */  addiu   $a2, $zero, 0x0002         ## $a2 = 00000002
.L80B7141C:
/* 00B5C 80B7141C 3C014282 */  lui     $at, 0x4282                ## $at = 42820000
.L80B71420:
/* 00B60 80B71420 44814000 */  mtc1    $at, $f8                   ## $f8 = 65.00
/* 00B64 80B71424 C60A0098 */  lwc1    $f10, 0x0098($s0)          ## 00000098
/* 00B68 80B71428 240E00B6 */  addiu   $t6, $zero, 0x00B6         ## $t6 = 000000B6
/* 00B6C 80B7142C 260400BE */  addiu   $a0, $s0, 0x00BE           ## $a0 = 000000BE
/* 00B70 80B71430 460A403C */  c.lt.s  $f8, $f10                  
/* 00B74 80B71434 24060002 */  addiu   $a2, $zero, 0x0002         ## $a2 = 00000002
/* 00B78 80B71438 24070AAA */  addiu   $a3, $zero, 0x0AAA         ## $a3 = 00000AAA
/* 00B7C 80B7143C 240F00B6 */  addiu   $t7, $zero, 0x00B6         ## $t7 = 000000B6
/* 00B80 80B71440 4502000A */  bc1fl   .L80B7146C                 
/* 00B84 80B71444 86050092 */  lh      $a1, 0x0092($s0)           ## 00000092
/* 00B88 80B71448 86050032 */  lh      $a1, 0x0032($s0)           ## 00000032
/* 00B8C 80B7144C AFAE0010 */  sw      $t6, 0x0010($sp)           
/* 00B90 80B71450 260400BE */  addiu   $a0, $s0, 0x00BE           ## $a0 = 000000BE
/* 00B94 80B71454 24060001 */  addiu   $a2, $zero, 0x0001         ## $a2 = 00000001
/* 00B98 80B71458 0C03FFAF */  jal     func_800FFEBC              
/* 00B9C 80B7145C 2407071C */  addiu   $a3, $zero, 0x071C         ## $a3 = 0000071C
/* 00BA0 80B71460 10000005 */  beq     $zero, $zero, .L80B71478   
/* 00BA4 80B71464 8FBF0024 */  lw      $ra, 0x0024($sp)           
/* 00BA8 80B71468 86050092 */  lh      $a1, 0x0092($s0)           ## 00000092
.L80B7146C:
/* 00BAC 80B7146C 0C03FFAF */  jal     func_800FFEBC              
/* 00BB0 80B71470 AFAF0010 */  sw      $t7, 0x0010($sp)           
/* 00BB4 80B71474 8FBF0024 */  lw      $ra, 0x0024($sp)           
.L80B71478:
/* 00BB8 80B71478 8FB00020 */  lw      $s0, 0x0020($sp)           
/* 00BBC 80B7147C 27BD0030 */  addiu   $sp, $sp, 0x0030           ## $sp = 00000000
/* 00BC0 80B71480 03E00008 */  jr      $ra                        
/* 00BC4 80B71484 00000000 */  nop


glabel func_80B71488
/* 00BC8 80B71488 908E0402 */  lbu     $t6, 0x0402($a0)           ## 00000402
/* 00BCC 80B7148C 8C980004 */  lw      $t8, 0x0004($a0)           ## 00000004
/* 00BD0 80B71490 8C8202E0 */  lw      $v0, 0x02E0($a0)           ## 000002E0
/* 00BD4 80B71494 2401FFFE */  addiu   $at, $zero, 0xFFFE         ## $at = FFFFFFFE
/* 00BD8 80B71498 35CF0040 */  ori     $t7, $t6, 0x0040           ## $t7 = 00000040
/* 00BDC 80B7149C 0301C824 */  and     $t9, $t8, $at              
/* 00BE0 80B714A0 A08F0402 */  sb      $t7, 0x0402($a0)           ## 00000402
/* 00BE4 80B714A4 10400004 */  beq     $v0, $zero, .L80B714B8     
/* 00BE8 80B714A8 AC990004 */  sw      $t9, 0x0004($a0)           ## 00000004
/* 00BEC 80B714AC 2448FFFF */  addiu   $t0, $v0, 0xFFFF           ## $t0 = FFFFFFFF
/* 00BF0 80B714B0 10000004 */  beq     $zero, $zero, .L80B714C4   
/* 00BF4 80B714B4 AC8802E4 */  sw      $t0, 0x02E4($a0)           ## 000002E4
.L80B714B8:
/* 00BF8 80B714B8 8C8902E8 */  lw      $t1, 0x02E8($a0)           ## 000002E8
/* 00BFC 80B714BC 252AFFFF */  addiu   $t2, $t1, 0xFFFF           ## $t2 = FFFFFFFF
/* 00C00 80B714C0 AC8A02E4 */  sw      $t2, 0x02E4($a0)           ## 000002E4
.L80B714C4:
/* 00C04 80B714C4 3C0B80B7 */  lui     $t3, %hi(func_80B714D8)    ## $t3 = 80B70000
/* 00C08 80B714C8 256B14D8 */  addiu   $t3, $t3, %lo(func_80B714D8) ## $t3 = 80B714D8
/* 00C0C 80B714CC AC8B0228 */  sw      $t3, 0x0228($a0)           ## 00000228
/* 00C10 80B714D0 03E00008 */  jr      $ra                        
/* 00C14 80B714D4 00000000 */  nop


glabel func_80B714D8
/* 00C18 80B714D8 27BDFFE8 */  addiu   $sp, $sp, 0xFFE8           ## $sp = FFFFFFE8
/* 00C1C 80B714DC AFBF0014 */  sw      $ra, 0x0014($sp)           
/* 00C20 80B714E0 AFA5001C */  sw      $a1, 0x001C($sp)           
/* 00C24 80B714E4 8C8E013C */  lw      $t6, 0x013C($a0)           ## 0000013C
/* 00C28 80B714E8 51C00003 */  beql    $t6, $zero, .L80B714F8     
/* 00C2C 80B714EC 8C8F02E4 */  lw      $t7, 0x02E4($a0)           ## 000002E4
/* 00C30 80B714F0 AC80013C */  sw      $zero, 0x013C($a0)         ## 0000013C
/* 00C34 80B714F4 8C8F02E4 */  lw      $t7, 0x02E4($a0)           ## 000002E4
.L80B714F8:
/* 00C38 80B714F8 8C9802E0 */  lw      $t8, 0x02E0($a0)           ## 000002E0
/* 00C3C 80B714FC 55F80004 */  bnel    $t7, $t8, .L80B71510       
/* 00C40 80B71500 8FBF0014 */  lw      $ra, 0x0014($sp)           
/* 00C44 80B71504 0C2DC547 */  jal     func_80B7151C              
/* 00C48 80B71508 00000000 */  nop
/* 00C4C 80B7150C 8FBF0014 */  lw      $ra, 0x0014($sp)           
.L80B71510:
/* 00C50 80B71510 27BD0018 */  addiu   $sp, $sp, 0x0018           ## $sp = 00000000
/* 00C54 80B71514 03E00008 */  jr      $ra                        
/* 00C58 80B71518 00000000 */  nop


glabel func_80B7151C
/* 00C5C 80B7151C 27BDFFE8 */  addiu   $sp, $sp, 0xFFE8           ## $sp = FFFFFFE8
/* 00C60 80B71520 AFBF0014 */  sw      $ra, 0x0014($sp)           
/* 00C64 80B71524 00803825 */  or      $a3, $a0, $zero            ## $a3 = 00000000
/* 00C68 80B71528 3C0180B7 */  lui     $at, %hi(D_80B734E4)       ## $at = 80B70000
/* 00C6C 80B7152C C42434E4 */  lwc1    $f4, %lo(D_80B734E4)($at)  
/* 00C70 80B71530 8CEF0004 */  lw      $t7, 0x0004($a3)           ## 00000004
/* 00C74 80B71534 240E0002 */  addiu   $t6, $zero, 0x0002         ## $t6 = 00000002
/* 00C78 80B71538 A0EE00B7 */  sb      $t6, 0x00B7($a3)           ## 000000B7
/* 00C7C 80B7153C 35F80001 */  ori     $t8, $t7, 0x0001           ## $t8 = 00000001
/* 00C80 80B71540 A0E00402 */  sb      $zero, 0x0402($a3)         ## 00000402
/* 00C84 80B71544 ACF80004 */  sw      $t8, 0x0004($a3)           ## 00000004
/* 00C88 80B71548 E4E400C4 */  swc1    $f4, 0x00C4($a3)           ## 000000C4
/* 00C8C 80B7154C AFA70018 */  sw      $a3, 0x0018($sp)           
/* 00C90 80B71550 00E02025 */  or      $a0, $a3, $zero            ## $a0 = 00000000
/* 00C94 80B71554 0C02E3B2 */  jal     func_800B8EC8              
/* 00C98 80B71558 24053986 */  addiu   $a1, $zero, 0x3986         ## $a1 = 00003986
/* 00C9C 80B7155C 8FA70018 */  lw      $a3, 0x0018($sp)           
/* 00CA0 80B71560 3C1980B7 */  lui     $t9, %hi(func_80B731EC)    ## $t9 = 80B70000
/* 00CA4 80B71564 273931EC */  addiu   $t9, $t9, %lo(func_80B731EC) ## $t9 = 80B731EC
/* 00CA8 80B71568 84E80032 */  lh      $t0, 0x0032($a3)           ## 00000032
/* 00CAC 80B7156C 3C0580B7 */  lui     $a1, %hi(D_80B732D0)       ## $a1 = 80B70000
/* 00CB0 80B71570 24A532D0 */  addiu   $a1, $a1, %lo(D_80B732D0)  ## $a1 = 80B732D0
/* 00CB4 80B71574 24060001 */  addiu   $a2, $zero, 0x0001         ## $a2 = 00000001
/* 00CB8 80B71578 ACF9013C */  sw      $t9, 0x013C($a3)           ## 0000013C
/* 00CBC 80B7157C A0E000D0 */  sb      $zero, 0x00D0($a3)         ## 000000D0
/* 00CC0 80B71580 24E401E4 */  addiu   $a0, $a3, 0x01E4           ## $a0 = 000001E4
/* 00CC4 80B71584 0C02F717 */  jal     func_800BDC5C              
/* 00CC8 80B71588 A4E800BE */  sh      $t0, 0x00BE($a3)           ## 000000BE
/* 00CCC 80B7158C 8FA70018 */  lw      $a3, 0x0018($sp)           
/* 00CD0 80B71590 3C0980B7 */  lui     $t1, %hi(func_80B715AC)    ## $t1 = 80B70000
/* 00CD4 80B71594 252915AC */  addiu   $t1, $t1, %lo(func_80B715AC) ## $t1 = 80B715AC
/* 00CD8 80B71598 ACE90228 */  sw      $t1, 0x0228($a3)           ## 00000228
/* 00CDC 80B7159C 8FBF0014 */  lw      $ra, 0x0014($sp)           
/* 00CE0 80B715A0 27BD0018 */  addiu   $sp, $sp, 0x0018           ## $sp = 00000000
/* 00CE4 80B715A4 03E00008 */  jr      $ra                        
/* 00CE8 80B715A8 00000000 */  nop


glabel func_80B715AC
/* 00CEC 80B715AC 27BDFFD8 */  addiu   $sp, $sp, 0xFFD8           ## $sp = FFFFFFD8
/* 00CF0 80B715B0 AFB00020 */  sw      $s0, 0x0020($sp)           
/* 00CF4 80B715B4 00808025 */  or      $s0, $a0, $zero            ## $s0 = 00000000
/* 00CF8 80B715B8 AFBF0024 */  sw      $ra, 0x0024($sp)           
/* 00CFC 80B715BC AFA5002C */  sw      $a1, 0x002C($sp)           
/* 00D00 80B715C0 3C014120 */  lui     $at, 0x4120                ## $at = 41200000
/* 00D04 80B715C4 44812000 */  mtc1    $at, $f4                   ## $f4 = 10.00
/* 00D08 80B715C8 260400C4 */  addiu   $a0, $s0, 0x00C4           ## $a0 = 000000C4
/* 00D0C 80B715CC 24050000 */  addiu   $a1, $zero, 0x0000         ## $a1 = 00000000
/* 00D10 80B715D0 3C063F00 */  lui     $a2, 0x3F00                ## $a2 = 3F000000
/* 00D14 80B715D4 3C0743FA */  lui     $a3, 0x43FA                ## $a3 = 43FA0000
/* 00D18 80B715D8 0C03FF36 */  jal     func_800FFCD8              
/* 00D1C 80B715DC E7A40010 */  swc1    $f4, 0x0010($sp)           
/* 00D20 80B715E0 44803000 */  mtc1    $zero, $f6                 ## $f6 = 0.00
/* 00D24 80B715E4 02002025 */  or      $a0, $s0, $zero            ## $a0 = 00000000
/* 00D28 80B715E8 8FA5002C */  lw      $a1, 0x002C($sp)           
/* 00D2C 80B715EC 46060032 */  c.eq.s  $f0, $f6                   
/* 00D30 80B715F0 00000000 */  nop
/* 00D34 80B715F4 45000005 */  bc1f    .L80B7160C                 
/* 00D38 80B715F8 00000000 */  nop
/* 00D3C 80B715FC 0C2DC3E8 */  jal     func_80B70FA0              
/* 00D40 80B71600 02002025 */  or      $a0, $s0, $zero            ## $a0 = 00000000
/* 00D44 80B71604 10000004 */  beq     $zero, $zero, .L80B71618   
/* 00D48 80B71608 920200D0 */  lbu     $v0, 0x00D0($s0)           ## 000000D0
.L80B7160C:
/* 00D4C 80B7160C 0C2DC90C */  jal     func_80B72430              
/* 00D50 80B71610 24060001 */  addiu   $a2, $zero, 0x0001         ## $a2 = 00000001
/* 00D54 80B71614 920200D0 */  lbu     $v0, 0x00D0($s0)           ## 000000D0
.L80B71618:
/* 00D58 80B71618 240100FF */  addiu   $at, $zero, 0x00FF         ## $at = 000000FF
/* 00D5C 80B7161C 10410007 */  beq     $v0, $at, .L80B7163C       
/* 00D60 80B71620 284100EB */  slti    $at, $v0, 0x00EB           
/* 00D64 80B71624 14200004 */  bne     $at, $zero, .L80B71638     
/* 00D68 80B71628 244F0014 */  addiu   $t7, $v0, 0x0014           ## $t7 = 00000014
/* 00D6C 80B7162C 240E00FF */  addiu   $t6, $zero, 0x00FF         ## $t6 = 000000FF
/* 00D70 80B71630 10000002 */  beq     $zero, $zero, .L80B7163C   
/* 00D74 80B71634 A20E00D0 */  sb      $t6, 0x00D0($s0)           ## 000000D0
.L80B71638:
/* 00D78 80B71638 A20F00D0 */  sb      $t7, 0x00D0($s0)           ## 000000D0
.L80B7163C:
/* 00D7C 80B7163C 8FBF0024 */  lw      $ra, 0x0024($sp)           
/* 00D80 80B71640 8FB00020 */  lw      $s0, 0x0020($sp)           
/* 00D84 80B71644 27BD0028 */  addiu   $sp, $sp, 0x0028           ## $sp = 00000000
/* 00D88 80B71648 03E00008 */  jr      $ra                        
/* 00D8C 80B7164C 00000000 */  nop


glabel func_80B71650
/* 00D90 80B71650 27BDFFE8 */  addiu   $sp, $sp, 0xFFE8           ## $sp = FFFFFFE8
/* 00D94 80B71654 AFBF0014 */  sw      $ra, 0x0014($sp)           
/* 00D98 80B71658 00803825 */  or      $a3, $a0, $zero            ## $a3 = 00000000
/* 00D9C 80B7165C 8CEF0228 */  lw      $t7, 0x0228($a3)           ## 00000228
/* 00DA0 80B71660 3C0E80B7 */  lui     $t6, %hi(func_80B70FF8)    ## $t6 = 80B70000
/* 00DA4 80B71664 25CE0FF8 */  addiu   $t6, $t6, %lo(func_80B70FF8) ## $t6 = 80B70FF8
/* 00DA8 80B71668 11CF0008 */  beq     $t6, $t7, .L80B7168C       
/* 00DAC 80B7166C A4E003FE */  sh      $zero, 0x03FE($a3)         ## 000003FE
/* 00DB0 80B71670 3C0580B7 */  lui     $a1, %hi(D_80B732D0)       ## $a1 = 80B70000
/* 00DB4 80B71674 24A532D0 */  addiu   $a1, $a1, %lo(D_80B732D0)  ## $a1 = 80B732D0
/* 00DB8 80B71678 24E401E4 */  addiu   $a0, $a3, 0x01E4           ## $a0 = 000001E4
/* 00DBC 80B7167C 00003025 */  or      $a2, $zero, $zero          ## $a2 = 00000000
/* 00DC0 80B71680 0C02F717 */  jal     func_800BDC5C              
/* 00DC4 80B71684 AFA70018 */  sw      $a3, 0x0018($sp)           
/* 00DC8 80B71688 8FA70018 */  lw      $a3, 0x0018($sp)           
.L80B7168C:
/* 00DCC 80B7168C 3C1880B7 */  lui     $t8, %hi(func_80B716A8)    ## $t8 = 80B70000
/* 00DD0 80B71690 271816A8 */  addiu   $t8, $t8, %lo(func_80B716A8) ## $t8 = 80B716A8
/* 00DD4 80B71694 ACF80228 */  sw      $t8, 0x0228($a3)           ## 00000228
/* 00DD8 80B71698 8FBF0014 */  lw      $ra, 0x0014($sp)           
/* 00DDC 80B7169C 27BD0018 */  addiu   $sp, $sp, 0x0018           ## $sp = 00000000
/* 00DE0 80B716A0 03E00008 */  jr      $ra                        
/* 00DE4 80B716A4 00000000 */  nop


glabel func_80B716A8
/* 00DE8 80B716A8 27BDFFD8 */  addiu   $sp, $sp, 0xFFD8           ## $sp = FFFFFFD8
/* 00DEC 80B716AC AFB00020 */  sw      $s0, 0x0020($sp)           
/* 00DF0 80B716B0 00808025 */  or      $s0, $a0, $zero            ## $s0 = 00000000
/* 00DF4 80B716B4 AFBF0024 */  sw      $ra, 0x0024($sp)           
/* 00DF8 80B716B8 AFA5002C */  sw      $a1, 0x002C($sp)           
/* 00DFC 80B716BC 02002025 */  or      $a0, $s0, $zero            ## $a0 = 00000000
/* 00E00 80B716C0 0C02E134 */  jal     func_800B84D0              
/* 00E04 80B716C4 8FA5002C */  lw      $a1, 0x002C($sp)           
/* 00E08 80B716C8 10400025 */  beq     $v0, $zero, .L80B71760     
/* 00E0C 80B716CC 3C0142C8 */  lui     $at, 0x42C8                ## $at = 42C80000
/* 00E10 80B716D0 240E0001 */  addiu   $t6, $zero, 0x0001         ## $t6 = 00000001
/* 00E14 80B716D4 A60E03FE */  sh      $t6, 0x03FE($s0)           ## 000003FE
/* 00E18 80B716D8 3C0680B7 */  lui     $a2, %hi(func_80B723F8)    ## $a2 = 80B70000
/* 00E1C 80B716DC 24C623F8 */  addiu   $a2, $a2, %lo(func_80B723F8) ## $a2 = 80B723F8
/* 00E20 80B716E0 8FA5002C */  lw      $a1, 0x002C($sp)           
/* 00E24 80B716E4 0C2DC763 */  jal     func_80B71D8C              
/* 00E28 80B716E8 02002025 */  or      $a0, $s0, $zero            ## $a0 = 00000000
/* 00E2C 80B716EC 0C2DCA17 */  jal     func_80B7285C              
/* 00E30 80B716F0 02002025 */  or      $a0, $s0, $zero            ## $a0 = 00000000
/* 00E34 80B716F4 1440000C */  bne     $v0, $zero, .L80B71728     
/* 00E38 80B716F8 8FA4002C */  lw      $a0, 0x002C($sp)           
/* 00E3C 80B716FC 8FA4002C */  lw      $a0, 0x002C($sp)           
/* 00E40 80B71700 240513EC */  addiu   $a1, $zero, 0x13EC         ## $a1 = 000013EC
/* 00E44 80B71704 0C05462C */  jal     func_801518B0              
/* 00E48 80B71708 02003025 */  or      $a2, $s0, $zero            ## $a2 = 00000000
/* 00E4C 80B7170C 240F13EC */  addiu   $t7, $zero, 0x13EC         ## $t7 = 000013EC
/* 00E50 80B71710 A60F0400 */  sh      $t7, 0x0400($s0)           ## 00000400
/* 00E54 80B71714 02002025 */  or      $a0, $s0, $zero            ## $a0 = 00000000
/* 00E58 80B71718 0C2DCA0C */  jal     func_80B72830              
/* 00E5C 80B7171C 24050001 */  addiu   $a1, $zero, 0x0001         ## $a1 = 00000001
/* 00E60 80B71720 10000006 */  beq     $zero, $zero, .L80B7173C   
/* 00E64 80B71724 00000000 */  nop
.L80B71728:
/* 00E68 80B71728 240513F5 */  addiu   $a1, $zero, 0x13F5         ## $a1 = 000013F5
/* 00E6C 80B7172C 0C05462C */  jal     func_801518B0              
/* 00E70 80B71730 02003025 */  or      $a2, $s0, $zero            ## $a2 = 00000000
/* 00E74 80B71734 241813F5 */  addiu   $t8, $zero, 0x13F5         ## $t8 = 000013F5
/* 00E78 80B71738 A6180400 */  sh      $t8, 0x0400($s0)           ## 00000400
.L80B7173C:
/* 00E7C 80B7173C 3C0580B7 */  lui     $a1, %hi(D_80B732D0)       ## $a1 = 80B70000
/* 00E80 80B71740 24A532D0 */  addiu   $a1, $a1, %lo(D_80B732D0)  ## $a1 = 80B732D0
/* 00E84 80B71744 260401E4 */  addiu   $a0, $s0, 0x01E4           ## $a0 = 000001E4
/* 00E88 80B71748 0C02F717 */  jal     func_800BDC5C              
/* 00E8C 80B7174C 2406000C */  addiu   $a2, $zero, 0x000C         ## $a2 = 0000000C
/* 00E90 80B71750 0C2DC5F2 */  jal     func_80B717C8              
/* 00E94 80B71754 02002025 */  or      $a0, $s0, $zero            ## $a0 = 00000000
/* 00E98 80B71758 10000010 */  beq     $zero, $zero, .L80B7179C   
/* 00E9C 80B7175C 86050032 */  lh      $a1, 0x0032($s0)           ## 00000032
.L80B71760:
/* 00EA0 80B71760 44810000 */  mtc1    $at, $f0                   ## $f0 = 0.00
/* 00EA4 80B71764 C6040098 */  lwc1    $f4, 0x0098($s0)           ## 00000098
/* 00EA8 80B71768 4600203C */  c.lt.s  $f4, $f0                   
/* 00EAC 80B7176C 00000000 */  nop
/* 00EB0 80B71770 4502000A */  bc1fl   .L80B7179C                 
/* 00EB4 80B71774 86050032 */  lh      $a1, 0x0032($s0)           ## 00000032
/* 00EB8 80B71778 92190155 */  lbu     $t9, 0x0155($s0)           ## 00000155
/* 00EBC 80B7177C 02002025 */  or      $a0, $s0, $zero            ## $a0 = 00000000
/* 00EC0 80B71780 33280002 */  andi    $t0, $t9, 0x0002           ## $t0 = 00000000
/* 00EC4 80B71784 55000005 */  bnel    $t0, $zero, .L80B7179C     
/* 00EC8 80B71788 86050032 */  lh      $a1, 0x0032($s0)           ## 00000032
/* 00ECC 80B7178C 44060000 */  mfc1    $a2, $f0                   
/* 00ED0 80B71790 0C02E185 */  jal     func_800B8614              
/* 00ED4 80B71794 8FA5002C */  lw      $a1, 0x002C($sp)           
/* 00ED8 80B71798 86050032 */  lh      $a1, 0x0032($s0)           ## 00000032
.L80B7179C:
/* 00EDC 80B7179C 240900B6 */  addiu   $t1, $zero, 0x00B6         ## $t1 = 000000B6
/* 00EE0 80B717A0 AFA90010 */  sw      $t1, 0x0010($sp)           
/* 00EE4 80B717A4 260400BE */  addiu   $a0, $s0, 0x00BE           ## $a0 = 000000BE
/* 00EE8 80B717A8 24060001 */  addiu   $a2, $zero, 0x0001         ## $a2 = 00000001
/* 00EEC 80B717AC 0C03FFAF */  jal     func_800FFEBC              
/* 00EF0 80B717B0 2407071C */  addiu   $a3, $zero, 0x071C         ## $a3 = 0000071C
/* 00EF4 80B717B4 8FBF0024 */  lw      $ra, 0x0024($sp)           
/* 00EF8 80B717B8 8FB00020 */  lw      $s0, 0x0020($sp)           
/* 00EFC 80B717BC 27BD0028 */  addiu   $sp, $sp, 0x0028           ## $sp = 00000000
/* 00F00 80B717C0 03E00008 */  jr      $ra                        
/* 00F04 80B717C4 00000000 */  nop


glabel func_80B717C8
/* 00F08 80B717C8 3C0E80B7 */  lui     $t6, %hi(func_80B717E0)    ## $t6 = 80B70000
/* 00F0C 80B717CC 25CE17E0 */  addiu   $t6, $t6, %lo(func_80B717E0) ## $t6 = 80B717E0
/* 00F10 80B717D0 A48003F2 */  sh      $zero, 0x03F2($a0)         ## 000003F2
/* 00F14 80B717D4 AC8E0228 */  sw      $t6, 0x0228($a0)           ## 00000228
/* 00F18 80B717D8 03E00008 */  jr      $ra                        
/* 00F1C 80B717DC 00000000 */  nop


glabel func_80B717E0
/* 00F20 80B717E0 27BDFFD8 */  addiu   $sp, $sp, 0xFFD8           ## $sp = FFFFFFD8
/* 00F24 80B717E4 AFB00020 */  sw      $s0, 0x0020($sp)           
/* 00F28 80B717E8 00808025 */  or      $s0, $a0, $zero            ## $s0 = 00000000
/* 00F2C 80B717EC AFBF0024 */  sw      $ra, 0x0024($sp)           
/* 00F30 80B717F0 A60003FA */  sh      $zero, 0x03FA($s0)         ## 000003FA
/* 00F34 80B717F4 AFA5002C */  sw      $a1, 0x002C($sp)           
/* 00F38 80B717F8 0C054926 */  jal     func_80152498              
/* 00F3C 80B717FC 24A44908 */  addiu   $a0, $a1, 0x4908           ## $a0 = 00004908
/* 00F40 80B71800 2C410007 */  sltiu   $at, $v0, 0x0007           
/* 00F44 80B71804 1020001E */  beq     $at, $zero, .L80B71880     
/* 00F48 80B71808 8FA5002C */  lw      $a1, 0x002C($sp)           
/* 00F4C 80B7180C 00027080 */  sll     $t6, $v0,  2               
/* 00F50 80B71810 3C0180B7 */  lui     $at, %hi(D_80B734E8)       ## $at = 80B70000
/* 00F54 80B71814 002E0821 */  addu    $at, $at, $t6              
/* 00F58 80B71818 8C2E34E8 */  lw      $t6, %lo(D_80B734E8)($at)  
/* 00F5C 80B7181C 01C00008 */  jr      $t6                        
/* 00F60 80B71820 00000000 */  nop
.L80B71824:
/* 00F64 80B71824 3C0F0002 */  lui     $t7, 0x0002                ## $t7 = 00020000
/* 00F68 80B71828 01E57821 */  addu    $t7, $t7, $a1              
/* 00F6C 80B7182C 8DEF8840 */  lw      $t7, -0x77C0($t7)          ## 00018840
/* 00F70 80B71830 24190001 */  addiu   $t9, $zero, 0x0001         ## $t9 = 00000001
/* 00F74 80B71834 31F80001 */  andi    $t8, $t7, 0x0001           ## $t8 = 00000000
/* 00F78 80B71838 53000012 */  beql    $t8, $zero, .L80B71884     
/* 00F7C 80B7183C 86050092 */  lh      $a1, 0x0092($s0)           ## 00000092
/* 00F80 80B71840 1000000F */  beq     $zero, $zero, .L80B71880   
/* 00F84 80B71844 A61903FA */  sh      $t9, 0x03FA($s0)           ## 000003FA
.L80B71848:
/* 00F88 80B71848 0C2DC840 */  jal     func_80B72100              
/* 00F8C 80B7184C 02002025 */  or      $a0, $s0, $zero            ## $a0 = 00000000
/* 00F90 80B71850 1000000C */  beq     $zero, $zero, .L80B71884   
/* 00F94 80B71854 86050092 */  lh      $a1, 0x0092($s0)           ## 00000092
.L80B71858:
/* 00F98 80B71858 0C2DC7CF */  jal     func_80B71F3C              
/* 00F9C 80B7185C 02002025 */  or      $a0, $s0, $zero            ## $a0 = 00000000
/* 00FA0 80B71860 10000008 */  beq     $zero, $zero, .L80B71884   
/* 00FA4 80B71864 86050092 */  lh      $a1, 0x0092($s0)           ## 00000092
.L80B71868:
/* 00FA8 80B71868 0C051D89 */  jal     func_80147624              
/* 00FAC 80B7186C 00A02025 */  or      $a0, $a1, $zero            ## $a0 = 00000000
/* 00FB0 80B71870 50400004 */  beql    $v0, $zero, .L80B71884     
/* 00FB4 80B71874 86050092 */  lh      $a1, 0x0092($s0)           ## 00000092
/* 00FB8 80B71878 0C2DC594 */  jal     func_80B71650              
/* 00FBC 80B7187C 02002025 */  or      $a0, $s0, $zero            ## $a0 = 00000000
.L80B71880:
/* 00FC0 80B71880 86050092 */  lh      $a1, 0x0092($s0)           ## 00000092
.L80B71884:
/* 00FC4 80B71884 240800B6 */  addiu   $t0, $zero, 0x00B6         ## $t0 = 000000B6
/* 00FC8 80B71888 AFA80010 */  sw      $t0, 0x0010($sp)           
/* 00FCC 80B7188C 260400BE */  addiu   $a0, $s0, 0x00BE           ## $a0 = 000000BE
/* 00FD0 80B71890 24060001 */  addiu   $a2, $zero, 0x0001         ## $a2 = 00000001
/* 00FD4 80B71894 0C03FFAF */  jal     func_800FFEBC              
/* 00FD8 80B71898 2407071C */  addiu   $a3, $zero, 0x071C         ## $a3 = 0000071C
/* 00FDC 80B7189C 8FBF0024 */  lw      $ra, 0x0024($sp)           
/* 00FE0 80B718A0 8FB00020 */  lw      $s0, 0x0020($sp)           
/* 00FE4 80B718A4 27BD0028 */  addiu   $sp, $sp, 0x0028           ## $sp = 00000000
/* 00FE8 80B718A8 03E00008 */  jr      $ra                        
/* 00FEC 80B718AC 00000000 */  nop


glabel func_80B718B0
/* 00FF0 80B718B0 3C0E80B7 */  lui     $t6, %hi(func_80B718C4)    ## $t6 = 80B70000
/* 00FF4 80B718B4 25CE18C4 */  addiu   $t6, $t6, %lo(func_80B718C4) ## $t6 = 80B718C4
/* 00FF8 80B718B8 AC8E0228 */  sw      $t6, 0x0228($a0)           ## 00000228
/* 00FFC 80B718BC 03E00008 */  jr      $ra                        
/* 01000 80B718C0 00000000 */  nop


glabel func_80B718C4
/* 01004 80B718C4 27BDFFE8 */  addiu   $sp, $sp, 0xFFE8           ## $sp = FFFFFFE8
/* 01008 80B718C8 AFBF0014 */  sw      $ra, 0x0014($sp)           
/* 0100C 80B718CC 0C2DC349 */  jal     func_80B70D24              
/* 01010 80B718D0 AFA40018 */  sw      $a0, 0x0018($sp)           
/* 01014 80B718D4 8FA40018 */  lw      $a0, 0x0018($sp)           
/* 01018 80B718D8 8C8E0120 */  lw      $t6, 0x0120($a0)           ## 00000120
/* 0101C 80B718DC 15C00006 */  bne     $t6, $zero, .L80B718F8     
/* 01020 80B718E0 00000000 */  nop
/* 01024 80B718E4 8C83022C */  lw      $v1, 0x022C($a0)           ## 0000022C
/* 01028 80B718E8 240F0001 */  addiu   $t7, $zero, 0x0001         ## $t7 = 00000001
/* 0102C 80B718EC 10600002 */  beq     $v1, $zero, .L80B718F8     
/* 01030 80B718F0 00000000 */  nop
/* 01034 80B718F4 A46F0198 */  sh      $t7, 0x0198($v1)           ## 00000198
.L80B718F8:
/* 01038 80B718F8 0C2DC644 */  jal     func_80B71910              
/* 0103C 80B718FC 00000000 */  nop
/* 01040 80B71900 8FBF0014 */  lw      $ra, 0x0014($sp)           
/* 01044 80B71904 27BD0018 */  addiu   $sp, $sp, 0x0018           ## $sp = 00000000
/* 01048 80B71908 03E00008 */  jr      $ra                        
/* 0104C 80B7190C 00000000 */  nop


glabel func_80B71910
/* 01050 80B71910 27BDFFE8 */  addiu   $sp, $sp, 0xFFE8           ## $sp = FFFFFFE8
/* 01054 80B71914 AFBF0014 */  sw      $ra, 0x0014($sp)           
/* 01058 80B71918 AFA40018 */  sw      $a0, 0x0018($sp)           
/* 0105C 80B7191C 8FA40018 */  lw      $a0, 0x0018($sp)           
/* 01060 80B71920 3C0580B7 */  lui     $a1, %hi(D_80B732D0)       ## $a1 = 80B70000
/* 01064 80B71924 24A532D0 */  addiu   $a1, $a1, %lo(D_80B732D0)  ## $a1 = 80B732D0
/* 01068 80B71928 00003025 */  or      $a2, $zero, $zero          ## $a2 = 00000000
/* 0106C 80B7192C 0C02F717 */  jal     func_800BDC5C              
/* 01070 80B71930 248401E4 */  addiu   $a0, $a0, 0x01E4           ## $a0 = 000001E4
/* 01074 80B71934 8FAF0018 */  lw      $t7, 0x0018($sp)           
/* 01078 80B71938 3C0E80B7 */  lui     $t6, %hi(func_80B71954)    ## $t6 = 80B70000
/* 0107C 80B7193C 25CE1954 */  addiu   $t6, $t6, %lo(func_80B71954) ## $t6 = 80B71954
/* 01080 80B71940 ADEE0228 */  sw      $t6, 0x0228($t7)           ## 00000228
/* 01084 80B71944 8FBF0014 */  lw      $ra, 0x0014($sp)           
/* 01088 80B71948 27BD0018 */  addiu   $sp, $sp, 0x0018           ## $sp = 00000000
/* 0108C 80B7194C 03E00008 */  jr      $ra                        
/* 01090 80B71950 00000000 */  nop


glabel func_80B71954
/* 01094 80B71954 27BDFFC8 */  addiu   $sp, $sp, 0xFFC8           ## $sp = FFFFFFC8
/* 01098 80B71958 AFB00020 */  sw      $s0, 0x0020($sp)           
/* 0109C 80B7195C 00808025 */  or      $s0, $a0, $zero            ## $s0 = 00000000
/* 010A0 80B71960 AFBF0024 */  sw      $ra, 0x0024($sp)           
/* 010A4 80B71964 AFA5003C */  sw      $a1, 0x003C($sp)           
/* 010A8 80B71968 8E05022C */  lw      $a1, 0x022C($s0)           ## 0000022C
/* 010AC 80B7196C 26040024 */  addiu   $a0, $s0, 0x0024           ## $a0 = 00000024
/* 010B0 80B71970 AFA4002C */  sw      $a0, 0x002C($sp)           
/* 010B4 80B71974 0C03FE98 */  jal     func_800FFA60              
/* 010B8 80B71978 24A50024 */  addiu   $a1, $a1, 0x0024           ## $a1 = 00000024
/* 010BC 80B7197C A7A20036 */  sh      $v0, 0x0036($sp)           
/* 010C0 80B71980 8E05022C */  lw      $a1, 0x022C($s0)           ## 0000022C
/* 010C4 80B71984 8FA4002C */  lw      $a0, 0x002C($sp)           
/* 010C8 80B71988 0C03FE4B */  jal     func_800FF92C              
/* 010CC 80B7198C 24A50024 */  addiu   $a1, $a1, 0x0024           ## $a1 = 00000024
/* 010D0 80B71990 240E00B6 */  addiu   $t6, $zero, 0x00B6         ## $t6 = 000000B6
/* 010D4 80B71994 E7A00030 */  swc1    $f0, 0x0030($sp)           
/* 010D8 80B71998 AFAE0010 */  sw      $t6, 0x0010($sp)           
/* 010DC 80B7199C 260400BE */  addiu   $a0, $s0, 0x00BE           ## $a0 = 000000BE
/* 010E0 80B719A0 87A50036 */  lh      $a1, 0x0036($sp)           
/* 010E4 80B719A4 24060001 */  addiu   $a2, $zero, 0x0001         ## $a2 = 00000001
/* 010E8 80B719A8 0C03FFAF */  jal     func_800FFEBC              
/* 010EC 80B719AC 2407071C */  addiu   $a3, $zero, 0x071C         ## $a3 = 0000071C
/* 010F0 80B719B0 8A1800BC */  lwl     $t8, 0x00BC($s0)           ## 000000BC
/* 010F4 80B719B4 9A1800BF */  lwr     $t8, 0x00BF($s0)           ## 000000BF
/* 010F8 80B719B8 3C0142A0 */  lui     $at, 0x42A0                ## $at = 42A00000
/* 010FC 80B719BC 44813000 */  mtc1    $at, $f6                   ## $f6 = 80.00
/* 01100 80B719C0 AA180030 */  swl     $t8, 0x0030($s0)           ## 00000030
/* 01104 80B719C4 BA180033 */  swr     $t8, 0x0033($s0)           ## 00000033
/* 01108 80B719C8 961800C0 */  lhu     $t8, 0x00C0($s0)           ## 000000C0
/* 0110C 80B719CC A6180034 */  sh      $t8, 0x0034($s0)           ## 00000034
/* 01110 80B719D0 C7A40030 */  lwc1    $f4, 0x0030($sp)           
/* 01114 80B719D4 4606203C */  c.lt.s  $f4, $f6                   
/* 01118 80B719D8 00000000 */  nop
/* 0111C 80B719DC 45000003 */  bc1f    .L80B719EC                 
/* 01120 80B719E0 00000000 */  nop
/* 01124 80B719E4 0C2DC682 */  jal     func_80B71A08              
/* 01128 80B719E8 02002025 */  or      $a0, $s0, $zero            ## $a0 = 00000000
.L80B719EC:
/* 0112C 80B719EC 0C02DAA2 */  jal     func_800B6A88              
/* 01130 80B719F0 02002025 */  or      $a0, $s0, $zero            ## $a0 = 00000000
/* 01134 80B719F4 8FBF0024 */  lw      $ra, 0x0024($sp)           
/* 01138 80B719F8 8FB00020 */  lw      $s0, 0x0020($sp)           
/* 0113C 80B719FC 27BD0038 */  addiu   $sp, $sp, 0x0038           ## $sp = 00000000
/* 01140 80B71A00 03E00008 */  jr      $ra                        
/* 01144 80B71A04 00000000 */  nop


glabel func_80B71A08
/* 01148 80B71A08 27BDFFE8 */  addiu   $sp, $sp, 0xFFE8           ## $sp = FFFFFFE8
/* 0114C 80B71A0C AFBF0014 */  sw      $ra, 0x0014($sp)           
/* 01150 80B71A10 AFA40018 */  sw      $a0, 0x0018($sp)           
/* 01154 80B71A14 8FA40018 */  lw      $a0, 0x0018($sp)           
/* 01158 80B71A18 0C02E3B2 */  jal     func_800B8EC8              
/* 0115C 80B71A1C 24053831 */  addiu   $a1, $zero, 0x3831         ## $a1 = 00003831
/* 01160 80B71A20 8FA40018 */  lw      $a0, 0x0018($sp)           
/* 01164 80B71A24 3C0580B7 */  lui     $a1, %hi(D_80B732D0)       ## $a1 = 80B70000
/* 01168 80B71A28 24A532D0 */  addiu   $a1, $a1, %lo(D_80B732D0)  ## $a1 = 80B732D0
/* 0116C 80B71A2C 24060002 */  addiu   $a2, $zero, 0x0002         ## $a2 = 00000002
/* 01170 80B71A30 0C02F717 */  jal     func_800BDC5C              
/* 01174 80B71A34 248401E4 */  addiu   $a0, $a0, 0x01E4           ## $a0 = 000001E4
/* 01178 80B71A38 8FAF0018 */  lw      $t7, 0x0018($sp)           
/* 0117C 80B71A3C 3C0E80B7 */  lui     $t6, %hi(func_80B71A58)    ## $t6 = 80B70000
/* 01180 80B71A40 25CE1A58 */  addiu   $t6, $t6, %lo(func_80B71A58) ## $t6 = 80B71A58
/* 01184 80B71A44 ADEE0228 */  sw      $t6, 0x0228($t7)           ## 00000228
/* 01188 80B71A48 8FBF0014 */  lw      $ra, 0x0014($sp)           
/* 0118C 80B71A4C 27BD0018 */  addiu   $sp, $sp, 0x0018           ## $sp = 00000000
/* 01190 80B71A50 03E00008 */  jr      $ra                        
/* 01194 80B71A54 00000000 */  nop


glabel func_80B71A58
/* 01198 80B71A58 27BDFFC8 */  addiu   $sp, $sp, 0xFFC8           ## $sp = FFFFFFC8
/* 0119C 80B71A5C AFB00020 */  sw      $s0, 0x0020($sp)           
/* 011A0 80B71A60 00808025 */  or      $s0, $a0, $zero            ## $s0 = 00000000
/* 011A4 80B71A64 AFBF0024 */  sw      $ra, 0x0024($sp)           
/* 011A8 80B71A68 AFA5003C */  sw      $a1, 0x003C($sp)           
/* 011AC 80B71A6C 8E05022C */  lw      $a1, 0x022C($s0)           ## 0000022C
/* 011B0 80B71A70 26040024 */  addiu   $a0, $s0, 0x0024           ## $a0 = 00000024
/* 011B4 80B71A74 0C03FE98 */  jal     func_800FFA60              
/* 011B8 80B71A78 24A50024 */  addiu   $a1, $a1, 0x0024           ## $a1 = 00000024
/* 011BC 80B71A7C A7A20036 */  sh      $v0, 0x0036($sp)           
/* 011C0 80B71A80 8E0501F4 */  lw      $a1, 0x01F4($s0)           ## 000001F4
/* 011C4 80B71A84 260401E4 */  addiu   $a0, $s0, 0x01E4           ## $a0 = 000001E4
/* 011C8 80B71A88 0C04DE2E */  jal     func_801378B8              
/* 011CC 80B71A8C AFA4002C */  sw      $a0, 0x002C($sp)           
/* 011D0 80B71A90 10400014 */  beq     $v0, $zero, .L80B71AE4     
/* 011D4 80B71A94 02002025 */  or      $a0, $s0, $zero            ## $a0 = 00000000
/* 011D8 80B71A98 0C02E3B2 */  jal     func_800B8EC8              
/* 011DC 80B71A9C 24053831 */  addiu   $a1, $zero, 0x3831         ## $a1 = 00003831
/* 011E0 80B71AA0 3C0580B7 */  lui     $a1, %hi(D_80B732D0)       ## $a1 = 80B70000
/* 011E4 80B71AA4 24A532D0 */  addiu   $a1, $a1, %lo(D_80B732D0)  ## $a1 = 80B732D0
/* 011E8 80B71AA8 8FA4002C */  lw      $a0, 0x002C($sp)           
/* 011EC 80B71AAC 0C02F717 */  jal     func_800BDC5C              
/* 011F0 80B71AB0 24060002 */  addiu   $a2, $zero, 0x0002         ## $a2 = 00000002
/* 011F4 80B71AB4 8E02022C */  lw      $v0, 0x022C($s0)           ## 0000022C
/* 011F8 80B71AB8 8E0E02E8 */  lw      $t6, 0x02E8($s0)           ## 000002E8
/* 011FC 80B71ABC 02002025 */  or      $a0, $s0, $zero            ## $a0 = 00000000
/* 01200 80B71AC0 904300B7 */  lbu     $v1, 0x00B7($v0)           ## 000000B7
/* 01204 80B71AC4 01C3082A */  slt     $at, $t6, $v1              
/* 01208 80B71AC8 10200004 */  beq     $at, $zero, .L80B71ADC     
/* 0120C 80B71ACC 2478FFFF */  addiu   $t8, $v1, 0xFFFF           ## $t8 = FFFFFFFF
/* 01210 80B71AD0 246FFFFF */  addiu   $t7, $v1, 0xFFFF           ## $t7 = FFFFFFFF
/* 01214 80B71AD4 10000003 */  beq     $zero, $zero, .L80B71AE4   
/* 01218 80B71AD8 A04F00B7 */  sb      $t7, 0x00B7($v0)           ## 000000B7
.L80B71ADC:
/* 0121C 80B71ADC 0C2DC6DB */  jal     func_80B71B6C              
/* 01220 80B71AE0 A05800B7 */  sb      $t8, 0x00B7($v0)           ## 000000B7
.L80B71AE4:
/* 01224 80B71AE4 8FA4002C */  lw      $a0, 0x002C($sp)           
/* 01228 80B71AE8 0C04DE2E */  jal     func_801378B8              
/* 0122C 80B71AEC 3C054040 */  lui     $a1, 0x4040                ## $a1 = 40400000
/* 01230 80B71AF0 5040000E */  beql    $v0, $zero, .L80B71B2C     
/* 01234 80B71AF4 240A00B6 */  addiu   $t2, $zero, 0x00B6         ## $t2 = 000000B6
/* 01238 80B71AF8 8E02022C */  lw      $v0, 0x022C($s0)           ## 0000022C
/* 0123C 80B71AFC 8E1902E8 */  lw      $t9, 0x02E8($s0)           ## 000002E8
/* 01240 80B71B00 02002025 */  or      $a0, $s0, $zero            ## $a0 = 00000000
/* 01244 80B71B04 904300B7 */  lbu     $v1, 0x00B7($v0)           ## 000000B7
/* 01248 80B71B08 0323082A */  slt     $at, $t9, $v1              
/* 0124C 80B71B0C 10200004 */  beq     $at, $zero, .L80B71B20     
/* 01250 80B71B10 2469FFFF */  addiu   $t1, $v1, 0xFFFF           ## $t1 = FFFFFFFF
/* 01254 80B71B14 2468FFFF */  addiu   $t0, $v1, 0xFFFF           ## $t0 = FFFFFFFF
/* 01258 80B71B18 10000003 */  beq     $zero, $zero, .L80B71B28   
/* 0125C 80B71B1C A04800B7 */  sb      $t0, 0x00B7($v0)           ## 000000B7
.L80B71B20:
/* 01260 80B71B20 0C2DC6DB */  jal     func_80B71B6C              
/* 01264 80B71B24 A04900B7 */  sb      $t1, 0x00B7($v0)           ## 000000B7
.L80B71B28:
/* 01268 80B71B28 240A00B6 */  addiu   $t2, $zero, 0x00B6         ## $t2 = 000000B6
.L80B71B2C:
/* 0126C 80B71B2C AFAA0010 */  sw      $t2, 0x0010($sp)           
/* 01270 80B71B30 260400BE */  addiu   $a0, $s0, 0x00BE           ## $a0 = 000000BE
/* 01274 80B71B34 87A50036 */  lh      $a1, 0x0036($sp)           
/* 01278 80B71B38 24060001 */  addiu   $a2, $zero, 0x0001         ## $a2 = 00000001
/* 0127C 80B71B3C 0C03FFAF */  jal     func_800FFEBC              
/* 01280 80B71B40 2407071C */  addiu   $a3, $zero, 0x071C         ## $a3 = 0000071C
/* 01284 80B71B44 8A0C00BC */  lwl     $t4, 0x00BC($s0)           ## 000000BC
/* 01288 80B71B48 9A0C00BF */  lwr     $t4, 0x00BF($s0)           ## 000000BF
/* 0128C 80B71B4C AA0C0030 */  swl     $t4, 0x0030($s0)           ## 00000030
/* 01290 80B71B50 BA0C0033 */  swr     $t4, 0x0033($s0)           ## 00000033
/* 01294 80B71B54 960C00C0 */  lhu     $t4, 0x00C0($s0)           ## 000000C0
/* 01298 80B71B58 A60C0034 */  sh      $t4, 0x0034($s0)           ## 00000034
/* 0129C 80B71B5C 8FBF0024 */  lw      $ra, 0x0024($sp)           
/* 012A0 80B71B60 8FB00020 */  lw      $s0, 0x0020($sp)           
/* 012A4 80B71B64 03E00008 */  jr      $ra                        
/* 012A8 80B71B68 27BD0038 */  addiu   $sp, $sp, 0x0038           ## $sp = 00000000


glabel func_80B71B6C
/* 012AC 80B71B6C 27BDFFE8 */  addiu   $sp, $sp, 0xFFE8           ## $sp = FFFFFFE8
/* 012B0 80B71B70 AFBF0014 */  sw      $ra, 0x0014($sp)           
/* 012B4 80B71B74 00803825 */  or      $a3, $a0, $zero            ## $a3 = 00000000
/* 012B8 80B71B78 240E000A */  addiu   $t6, $zero, 0x000A         ## $t6 = 0000000A
/* 012BC 80B71B7C A4EE03F2 */  sh      $t6, 0x03F2($a3)           ## 000003F2
/* 012C0 80B71B80 3C0580B7 */  lui     $a1, %hi(D_80B732D0)       ## $a1 = 80B70000
/* 012C4 80B71B84 24A532D0 */  addiu   $a1, $a1, %lo(D_80B732D0)  ## $a1 = 80B732D0
/* 012C8 80B71B88 AFA70018 */  sw      $a3, 0x0018($sp)           
/* 012CC 80B71B8C 24E401E4 */  addiu   $a0, $a3, 0x01E4           ## $a0 = 000001E4
/* 012D0 80B71B90 0C02F717 */  jal     func_800BDC5C              
/* 012D4 80B71B94 00003025 */  or      $a2, $zero, $zero          ## $a2 = 00000000
/* 012D8 80B71B98 8FA70018 */  lw      $a3, 0x0018($sp)           
/* 012DC 80B71B9C 3C0F80B7 */  lui     $t7, %hi(func_80B71BB8)    ## $t7 = 80B70000
/* 012E0 80B71BA0 25EF1BB8 */  addiu   $t7, $t7, %lo(func_80B71BB8) ## $t7 = 80B71BB8
/* 012E4 80B71BA4 ACEF0228 */  sw      $t7, 0x0228($a3)           ## 00000228
/* 012E8 80B71BA8 8FBF0014 */  lw      $ra, 0x0014($sp)           
/* 012EC 80B71BAC 27BD0018 */  addiu   $sp, $sp, 0x0018           ## $sp = 00000000
/* 012F0 80B71BB0 03E00008 */  jr      $ra                        
/* 012F4 80B71BB4 00000000 */  nop


glabel func_80B71BB8
/* 012F8 80B71BB8 27BDFFC0 */  addiu   $sp, $sp, 0xFFC0           ## $sp = FFFFFFC0
/* 012FC 80B71BBC AFB30028 */  sw      $s3, 0x0028($sp)           
/* 01300 80B71BC0 AFB10020 */  sw      $s1, 0x0020($sp)           
/* 01304 80B71BC4 00808825 */  or      $s1, $a0, $zero            ## $s1 = 00000000
/* 01308 80B71BC8 00A09825 */  or      $s3, $a1, $zero            ## $s3 = 00000000
/* 0130C 80B71BCC AFBF002C */  sw      $ra, 0x002C($sp)           
/* 01310 80B71BD0 AFB20024 */  sw      $s2, 0x0024($sp)           
/* 01314 80B71BD4 AFB0001C */  sw      $s0, 0x001C($sp)           
/* 01318 80B71BD8 8E25022C */  lw      $a1, 0x022C($s1)           ## 0000022C
/* 0131C 80B71BDC 26300024 */  addiu   $s0, $s1, 0x0024           ## $s0 = 00000024
/* 01320 80B71BE0 02002025 */  or      $a0, $s0, $zero            ## $a0 = 00000024
/* 01324 80B71BE4 0C03FE4B */  jal     func_800FF92C              
/* 01328 80B71BE8 24A50024 */  addiu   $a1, $a1, 0x0024           ## $a1 = 00000024
/* 0132C 80B71BEC E7A00034 */  swc1    $f0, 0x0034($sp)           
/* 01330 80B71BF0 862203F2 */  lh      $v0, 0x03F2($s1)           ## 000003F2
/* 01334 80B71BF4 18400003 */  blez    $v0, .L80B71C04            
/* 01338 80B71BF8 244EFFFF */  addiu   $t6, $v0, 0xFFFF           ## $t6 = FFFFFFFF
/* 0133C 80B71BFC 1000005C */  beq     $zero, $zero, .L80B71D70   
/* 01340 80B71C00 A62E03F2 */  sh      $t6, 0x03F2($s1)           ## 000003F2
.L80B71C04:
/* 01344 80B71C04 8E25022C */  lw      $a1, 0x022C($s1)           ## 0000022C
/* 01348 80B71C08 02002025 */  or      $a0, $s0, $zero            ## $a0 = 00000024
/* 0134C 80B71C0C 0C03FE98 */  jal     func_800FFA60              
/* 01350 80B71C10 24A50024 */  addiu   $a1, $a1, 0x0024           ## $a1 = 00000024
/* 01354 80B71C14 00022C00 */  sll     $a1, $v0, 16               
/* 01358 80B71C18 240F00B6 */  addiu   $t7, $zero, 0x00B6         ## $t7 = 000000B6
/* 0135C 80B71C1C AFAF0010 */  sw      $t7, 0x0010($sp)           
/* 01360 80B71C20 00052C03 */  sra     $a1, $a1, 16               
/* 01364 80B71C24 262400BE */  addiu   $a0, $s1, 0x00BE           ## $a0 = 000000BE
/* 01368 80B71C28 24060001 */  addiu   $a2, $zero, 0x0001         ## $a2 = 00000001
/* 0136C 80B71C2C 0C03FFAF */  jal     func_800FFEBC              
/* 01370 80B71C30 2407071C */  addiu   $a3, $zero, 0x071C         ## $a3 = 0000071C
/* 01374 80B71C34 96380090 */  lhu     $t8, 0x0090($s1)           ## 00000090
/* 01378 80B71C38 33190001 */  andi    $t9, $t8, 0x0001           ## $t9 = 00000000
/* 0137C 80B71C3C 5320000A */  beql    $t9, $zero, .L80B71C68     
/* 01380 80B71C40 C6240068 */  lwc1    $f4, 0x0068($s1)           ## 00000068
/* 01384 80B71C44 8E28022C */  lw      $t0, 0x022C($s1)           ## 0000022C
/* 01388 80B71C48 910900B7 */  lbu     $t1, 0x00B7($t0)           ## 000000B7
/* 0138C 80B71C4C 55200006 */  bnel    $t1, $zero, .L80B71C68     
/* 01390 80B71C50 C6240068 */  lwc1    $f4, 0x0068($s1)           ## 00000068
/* 01394 80B71C54 0C02DAA2 */  jal     func_800B6A88              
/* 01398 80B71C58 02202025 */  or      $a0, $s1, $zero            ## $a0 = 00000000
/* 0139C 80B71C5C 10000020 */  beq     $zero, $zero, .L80B71CE0   
/* 013A0 80B71C60 96220090 */  lhu     $v0, 0x0090($s1)           ## 00000090
/* 013A4 80B71C64 C6240068 */  lwc1    $f4, 0x0068($s1)           ## 00000068
.L80B71C68:
/* 013A8 80B71C68 C6260074 */  lwc1    $f6, 0x0074($s1)           ## 00000074
/* 013AC 80B71C6C C62A0028 */  lwc1    $f10, 0x0028($s1)          ## 00000028
/* 013B0 80B71C70 8E2A022C */  lw      $t2, 0x022C($s1)           ## 0000022C
/* 013B4 80B71C74 46062200 */  add.s   $f8, $f4, $f6              
/* 013B8 80B71C78 3C0180B7 */  lui     $at, %hi(D_80B73504)       ## $at = 80B70000
/* 013BC 80B71C7C 3C063F19 */  lui     $a2, 0x3F19                ## $a2 = 3F190000
/* 013C0 80B71C80 3C073FCC */  lui     $a3, 0x3FCC                ## $a3 = 3FCC0000
/* 013C4 80B71C84 E6280068 */  swc1    $f8, 0x0068($s1)           ## 00000068
/* 013C8 80B71C88 C6300068 */  lwc1    $f16, 0x0068($s1)          ## 00000068
/* 013CC 80B71C8C 34E7CCCD */  ori     $a3, $a3, 0xCCCD           ## $a3 = 3FCCCCCD
/* 013D0 80B71C90 34C6999A */  ori     $a2, $a2, 0x999A           ## $a2 = 3F19999A
/* 013D4 80B71C94 46105480 */  add.s   $f18, $f10, $f16           
/* 013D8 80B71C98 02002025 */  or      $a0, $s0, $zero            ## $a0 = 00000024
/* 013DC 80B71C9C E6320028 */  swc1    $f18, 0x0028($s1)          ## 00000028
/* 013E0 80B71CA0 C4243504 */  lwc1    $f4, %lo(D_80B73504)($at)  
/* 013E4 80B71CA4 8D450024 */  lw      $a1, 0x0024($t2)           ## 00000024
/* 013E8 80B71CA8 0C03FF36 */  jal     func_800FFCD8              
/* 013EC 80B71CAC E7A40010 */  swc1    $f4, 0x0010($sp)           
/* 013F0 80B71CB0 8E2B022C */  lw      $t3, 0x022C($s1)           ## 0000022C
/* 013F4 80B71CB4 3C0180B7 */  lui     $at, %hi(D_80B73508)       ## $at = 80B70000
/* 013F8 80B71CB8 C4263508 */  lwc1    $f6, %lo(D_80B73508)($at)  
/* 013FC 80B71CBC 3C063F19 */  lui     $a2, 0x3F19                ## $a2 = 3F190000
/* 01400 80B71CC0 3C073FCC */  lui     $a3, 0x3FCC                ## $a3 = 3FCC0000
/* 01404 80B71CC4 8D65002C */  lw      $a1, 0x002C($t3)           ## 0000002C
/* 01408 80B71CC8 34E7CCCD */  ori     $a3, $a3, 0xCCCD           ## $a3 = 3FCCCCCD
/* 0140C 80B71CCC 34C6999A */  ori     $a2, $a2, 0x999A           ## $a2 = 3F19999A
/* 01410 80B71CD0 2624002C */  addiu   $a0, $s1, 0x002C           ## $a0 = 0000002C
/* 01414 80B71CD4 0C03FF36 */  jal     func_800FFCD8              
/* 01418 80B71CD8 E7A60010 */  swc1    $f6, 0x0010($sp)           
/* 0141C 80B71CDC 96220090 */  lhu     $v0, 0x0090($s1)           ## 00000090
.L80B71CE0:
/* 01420 80B71CE0 C7A80034 */  lwc1    $f8, 0x0034($sp)           
/* 01424 80B71CE4 3C014248 */  lui     $at, 0x4248                ## $at = 42480000
/* 01428 80B71CE8 304C0002 */  andi    $t4, $v0, 0x0002           ## $t4 = 00000000
/* 0142C 80B71CEC 51800006 */  beql    $t4, $zero, .L80B71D08     
/* 01430 80B71CF0 44815000 */  mtc1    $at, $f10                  ## $f10 = 50.00
/* 01434 80B71CF4 0C02D9C3 */  jal     func_800B670C              
/* 01438 80B71CF8 02202025 */  or      $a0, $s1, $zero            ## $a0 = 00000000
/* 0143C 80B71CFC 1000001D */  beq     $zero, $zero, .L80B71D74   
/* 01440 80B71D00 8FBF002C */  lw      $ra, 0x002C($sp)           
/* 01444 80B71D04 44815000 */  mtc1    $at, $f10                  ## $f10 = 0.00
.L80B71D08:
/* 01448 80B71D08 304D0001 */  andi    $t5, $v0, 0x0001           ## $t5 = 00000000
/* 0144C 80B71D0C 460A403C */  c.lt.s  $f8, $f10                  
/* 01450 80B71D10 00000000 */  nop
/* 01454 80B71D14 45020017 */  bc1fl   .L80B71D74                 
/* 01458 80B71D18 8FBF002C */  lw      $ra, 0x002C($sp)           
/* 0145C 80B71D1C 11A00014 */  beq     $t5, $zero, .L80B71D70     
/* 01460 80B71D20 02202025 */  or      $a0, $s1, $zero            ## $a0 = 00000000
/* 01464 80B71D24 0C02E3B2 */  jal     func_800B8EC8              
/* 01468 80B71D28 24053831 */  addiu   $a1, $zero, 0x3831         ## $a1 = 00003831
/* 0146C 80B71D2C 3C0580B7 */  lui     $a1, %hi(D_80B732D0)       ## $a1 = 80B70000
/* 01470 80B71D30 24A532D0 */  addiu   $a1, $a1, %lo(D_80B732D0)  ## $a1 = 80B732D0
/* 01474 80B71D34 262401E4 */  addiu   $a0, $s1, 0x01E4           ## $a0 = 000001E4
/* 01478 80B71D38 0C02F717 */  jal     func_800BDC5C              
/* 0147C 80B71D3C 24060009 */  addiu   $a2, $zero, 0x0009         ## $a2 = 00000009
/* 01480 80B71D40 3C014120 */  lui     $at, 0x4120                ## $at = 41200000
/* 01484 80B71D44 44818000 */  mtc1    $at, $f16                  ## $f16 = 10.00
/* 01488 80B71D48 00008025 */  or      $s0, $zero, $zero          ## $s0 = 00000000
/* 0148C 80B71D4C 24120004 */  addiu   $s2, $zero, 0x0004         ## $s2 = 00000004
/* 01490 80B71D50 E6300068 */  swc1    $f16, 0x0068($s1)          ## 00000068
/* 01494 80B71D54 02202025 */  or      $a0, $s1, $zero            ## $a0 = 00000000
.L80B71D58:
/* 01498 80B71D58 02602825 */  or      $a1, $s3, $zero            ## $a1 = 00000000
/* 0149C 80B71D5C 0C2DC90C */  jal     func_80B72430              
/* 014A0 80B71D60 00003025 */  or      $a2, $zero, $zero          ## $a2 = 00000000
/* 014A4 80B71D64 26100001 */  addiu   $s0, $s0, 0x0001           ## $s0 = 00000001
/* 014A8 80B71D68 5612FFFB */  bnel    $s0, $s2, .L80B71D58       
/* 014AC 80B71D6C 02202025 */  or      $a0, $s1, $zero            ## $a0 = 00000000
.L80B71D70:
/* 014B0 80B71D70 8FBF002C */  lw      $ra, 0x002C($sp)           
.L80B71D74:
/* 014B4 80B71D74 8FB0001C */  lw      $s0, 0x001C($sp)           
/* 014B8 80B71D78 8FB10020 */  lw      $s1, 0x0020($sp)           
/* 014BC 80B71D7C 8FB20024 */  lw      $s2, 0x0024($sp)           
/* 014C0 80B71D80 8FB30028 */  lw      $s3, 0x0028($sp)           
/* 014C4 80B71D84 03E00008 */  jr      $ra                        
/* 014C8 80B71D88 27BD0040 */  addiu   $sp, $sp, 0x0040           ## $sp = 00000000


glabel func_80B71D8C
/* 014CC 80B71D8C 27BDFFD8 */  addiu   $sp, $sp, 0xFFD8           ## $sp = FFFFFFD8
/* 014D0 80B71D90 AFB20020 */  sw      $s2, 0x0020($sp)           
/* 014D4 80B71D94 00C09025 */  or      $s2, $a2, $zero            ## $s2 = 00000000
/* 014D8 80B71D98 AFBF0024 */  sw      $ra, 0x0024($sp)           
/* 014DC 80B71D9C AFB1001C */  sw      $s1, 0x001C($sp)           
/* 014E0 80B71DA0 AFB00018 */  sw      $s0, 0x0018($sp)           
/* 014E4 80B71DA4 AFA40028 */  sw      $a0, 0x0028($sp)           
/* 014E8 80B71DA8 8CB01CF0 */  lw      $s0, 0x1CF0($a1)           ## 00001CF0
/* 014EC 80B71DAC 24110212 */  addiu   $s1, $zero, 0x0212         ## $s1 = 00000212
/* 014F0 80B71DB0 5200000A */  beql    $s0, $zero, .L80B71DDC     
/* 014F4 80B71DB4 8FBF0024 */  lw      $ra, 0x0024($sp)           
/* 014F8 80B71DB8 860E0000 */  lh      $t6, 0x0000($s0)           ## 00000000
.L80B71DBC:
/* 014FC 80B71DBC 562E0004 */  bnel    $s1, $t6, .L80B71DD0       
/* 01500 80B71DC0 8E10012C */  lw      $s0, 0x012C($s0)           ## 0000012C
/* 01504 80B71DC4 0240F809 */  jalr    $ra, $s2                   
/* 01508 80B71DC8 02002025 */  or      $a0, $s0, $zero            ## $a0 = 00000000
/* 0150C 80B71DCC 8E10012C */  lw      $s0, 0x012C($s0)           ## 0000012C
.L80B71DD0:
/* 01510 80B71DD0 5600FFFA */  bnel    $s0, $zero, .L80B71DBC     
/* 01514 80B71DD4 860E0000 */  lh      $t6, 0x0000($s0)           ## 00000000
/* 01518 80B71DD8 8FBF0024 */  lw      $ra, 0x0024($sp)           
.L80B71DDC:
/* 0151C 80B71DDC 8FB00018 */  lw      $s0, 0x0018($sp)           
/* 01520 80B71DE0 8FB1001C */  lw      $s1, 0x001C($sp)           
/* 01524 80B71DE4 8FB20020 */  lw      $s2, 0x0020($sp)           
/* 01528 80B71DE8 03E00008 */  jr      $ra                        
/* 0152C 80B71DEC 27BD0028 */  addiu   $sp, $sp, 0x0028           ## $sp = 00000000


glabel func_80B71DF0
/* 01530 80B71DF0 27BDFFE8 */  addiu   $sp, $sp, 0xFFE8           ## $sp = FFFFFFE8
/* 01534 80B71DF4 AFBF0014 */  sw      $ra, 0x0014($sp)           
/* 01538 80B71DF8 00803825 */  or      $a3, $a0, $zero            ## $a3 = 00000000
/* 0153C 80B71DFC 8CE20228 */  lw      $v0, 0x0228($a3)           ## 00000228
/* 01540 80B71E00 3C0E80B7 */  lui     $t6, %hi(func_80B714D8)    ## $t6 = 80B70000
/* 01544 80B71E04 25CE14D8 */  addiu   $t6, $t6, %lo(func_80B714D8) ## $t6 = 80B714D8
/* 01548 80B71E08 15C20011 */  bne     $t6, $v0, .L80B71E50       
/* 0154C 80B71E0C 24E401E4 */  addiu   $a0, $a3, 0x01E4           ## $a0 = 000001E4
/* 01550 80B71E10 3C0180B7 */  lui     $at, %hi(D_80B7350C)       ## $at = 80B70000
/* 01554 80B71E14 C424350C */  lwc1    $f4, %lo(D_80B7350C)($at)  
/* 01558 80B71E18 8CF80004 */  lw      $t8, 0x0004($a3)           ## 00000004
/* 0155C 80B71E1C 84E90032 */  lh      $t1, 0x0032($a3)           ## 00000032
/* 01560 80B71E20 3C0880B7 */  lui     $t0, %hi(func_80B731EC)    ## $t0 = 80B70000
/* 01564 80B71E24 240F0002 */  addiu   $t7, $zero, 0x0002         ## $t7 = 00000002
/* 01568 80B71E28 250831EC */  addiu   $t0, $t0, %lo(func_80B731EC) ## $t0 = 80B731EC
/* 0156C 80B71E2C 37190001 */  ori     $t9, $t8, 0x0001           ## $t9 = 00000001
/* 01570 80B71E30 A0EF00B7 */  sb      $t7, 0x00B7($a3)           ## 000000B7
/* 01574 80B71E34 A0E00402 */  sb      $zero, 0x0402($a3)         ## 00000402
/* 01578 80B71E38 ACF90004 */  sw      $t9, 0x0004($a3)           ## 00000004
/* 0157C 80B71E3C ACE8013C */  sw      $t0, 0x013C($a3)           ## 0000013C
/* 01580 80B71E40 A0E000D0 */  sb      $zero, 0x00D0($a3)         ## 000000D0
/* 01584 80B71E44 E4E400C4 */  swc1    $f4, 0x00C4($a3)           ## 000000C4
/* 01588 80B71E48 1000000A */  beq     $zero, $zero, .L80B71E74   
/* 0158C 80B71E4C A4E900BE */  sh      $t1, 0x00BE($a3)           ## 000000BE
.L80B71E50:
/* 01590 80B71E50 3C0A80B7 */  lui     $t2, %hi(func_80B7114C)    ## $t2 = 80B70000
/* 01594 80B71E54 254A114C */  addiu   $t2, $t2, %lo(func_80B7114C) ## $t2 = 80B7114C
/* 01598 80B71E58 15420006 */  bne     $t2, $v0, .L80B71E74       
/* 0159C 80B71E5C 00000000 */  nop
/* 015A0 80B71E60 84EB03F0 */  lh      $t3, 0x03F0($a3)           ## 000003F0
/* 015A4 80B71E64 29610002 */  slti    $at, $t3, 0x0002           
/* 015A8 80B71E68 14200002 */  bne     $at, $zero, .L80B71E74     
/* 015AC 80B71E6C 00000000 */  nop
/* 015B0 80B71E70 A4E003F0 */  sh      $zero, 0x03F0($a3)         ## 000003F0
.L80B71E74:
/* 015B4 80B71E74 3C0580B7 */  lui     $a1, %hi(D_80B732D0)       ## $a1 = 80B70000
/* 015B8 80B71E78 24A532D0 */  addiu   $a1, $a1, %lo(D_80B732D0)  ## $a1 = 80B732D0
/* 015BC 80B71E7C 2406000B */  addiu   $a2, $zero, 0x000B         ## $a2 = 0000000B
/* 015C0 80B71E80 0C02F717 */  jal     func_800BDC5C              
/* 015C4 80B71E84 AFA70018 */  sw      $a3, 0x0018($sp)           
/* 015C8 80B71E88 8FA70018 */  lw      $a3, 0x0018($sp)           
/* 015CC 80B71E8C 3C0C80B7 */  lui     $t4, %hi(func_80B71EA8)    ## $t4 = 80B70000
/* 015D0 80B71E90 258C1EA8 */  addiu   $t4, $t4, %lo(func_80B71EA8) ## $t4 = 80B71EA8
/* 015D4 80B71E94 ACEC0228 */  sw      $t4, 0x0228($a3)           ## 00000228
/* 015D8 80B71E98 8FBF0014 */  lw      $ra, 0x0014($sp)           
/* 015DC 80B71E9C 27BD0018 */  addiu   $sp, $sp, 0x0018           ## $sp = 00000000
/* 015E0 80B71EA0 03E00008 */  jr      $ra                        
/* 015E4 80B71EA4 00000000 */  nop


glabel func_80B71EA8
/* 015E8 80B71EA8 27BDFFD8 */  addiu   $sp, $sp, 0xFFD8           ## $sp = FFFFFFD8
/* 015EC 80B71EAC AFB00020 */  sw      $s0, 0x0020($sp)           
/* 015F0 80B71EB0 00808025 */  or      $s0, $a0, $zero            ## $s0 = 00000000
/* 015F4 80B71EB4 AFBF0024 */  sw      $ra, 0x0024($sp)           
/* 015F8 80B71EB8 AFA5002C */  sw      $a1, 0x002C($sp)           
/* 015FC 80B71EBC 3C014120 */  lui     $at, 0x4120                ## $at = 41200000
/* 01600 80B71EC0 44812000 */  mtc1    $at, $f4                   ## $f4 = 10.00
/* 01604 80B71EC4 260400C4 */  addiu   $a0, $s0, 0x00C4           ## $a0 = 000000C4
/* 01608 80B71EC8 24050000 */  addiu   $a1, $zero, 0x0000         ## $a1 = 00000000
/* 0160C 80B71ECC 3C063F00 */  lui     $a2, 0x3F00                ## $a2 = 3F000000
/* 01610 80B71ED0 3C0743FA */  lui     $a3, 0x43FA                ## $a3 = 43FA0000
/* 01614 80B71ED4 0C03FF36 */  jal     func_800FFCD8              
/* 01618 80B71ED8 E7A40010 */  swc1    $f4, 0x0010($sp)           
/* 0161C 80B71EDC 44803000 */  mtc1    $zero, $f6                 ## $f6 = 0.00
/* 01620 80B71EE0 02002025 */  or      $a0, $s0, $zero            ## $a0 = 00000000
/* 01624 80B71EE4 8FA5002C */  lw      $a1, 0x002C($sp)           
/* 01628 80B71EE8 46060032 */  c.eq.s  $f0, $f6                   
/* 0162C 80B71EEC 00000000 */  nop
/* 01630 80B71EF0 45030004 */  bc1tl   .L80B71F04                 
/* 01634 80B71EF4 920200D0 */  lbu     $v0, 0x00D0($s0)           ## 000000D0
/* 01638 80B71EF8 0C2DC90C */  jal     func_80B72430              
/* 0163C 80B71EFC 24060001 */  addiu   $a2, $zero, 0x0001         ## $a2 = 00000001
/* 01640 80B71F00 920200D0 */  lbu     $v0, 0x00D0($s0)           ## 000000D0
.L80B71F04:
/* 01644 80B71F04 240100FF */  addiu   $at, $zero, 0x00FF         ## $at = 000000FF
/* 01648 80B71F08 10410007 */  beq     $v0, $at, .L80B71F28       
/* 0164C 80B71F0C 284100EB */  slti    $at, $v0, 0x00EB           
/* 01650 80B71F10 14200004 */  bne     $at, $zero, .L80B71F24     
/* 01654 80B71F14 244F0014 */  addiu   $t7, $v0, 0x0014           ## $t7 = 00000014
/* 01658 80B71F18 240E00FF */  addiu   $t6, $zero, 0x00FF         ## $t6 = 000000FF
/* 0165C 80B71F1C 10000002 */  beq     $zero, $zero, .L80B71F28   
/* 01660 80B71F20 A20E00D0 */  sb      $t6, 0x00D0($s0)           ## 000000D0
.L80B71F24:
/* 01664 80B71F24 A20F00D0 */  sb      $t7, 0x00D0($s0)           ## 000000D0
.L80B71F28:
/* 01668 80B71F28 8FBF0024 */  lw      $ra, 0x0024($sp)           
/* 0166C 80B71F2C 8FB00020 */  lw      $s0, 0x0020($sp)           
/* 01670 80B71F30 27BD0028 */  addiu   $sp, $sp, 0x0028           ## $sp = 00000000
/* 01674 80B71F34 03E00008 */  jr      $ra                        
/* 01678 80B71F38 00000000 */  nop


glabel func_80B71F3C
/* 0167C 80B71F3C 27BDFFE0 */  addiu   $sp, $sp, 0xFFE0           ## $sp = FFFFFFE0
/* 01680 80B71F40 AFB10018 */  sw      $s1, 0x0018($sp)           
/* 01684 80B71F44 AFB00014 */  sw      $s0, 0x0014($sp)           
/* 01688 80B71F48 00808025 */  or      $s0, $a0, $zero            ## $s0 = 00000000
/* 0168C 80B71F4C 00A08825 */  or      $s1, $a1, $zero            ## $s1 = 00000000
/* 01690 80B71F50 AFBF001C */  sw      $ra, 0x001C($sp)           
/* 01694 80B71F54 96020400 */  lhu     $v0, 0x0400($s0)           ## 00000400
/* 01698 80B71F58 240113ED */  addiu   $at, $zero, 0x13ED         ## $at = 000013ED
/* 0169C 80B71F5C 10410003 */  beq     $v0, $at, .L80B71F6C       
/* 016A0 80B71F60 240113F5 */  addiu   $at, $zero, 0x13F5         ## $at = 000013F5
/* 016A4 80B71F64 1441000D */  bne     $v0, $at, .L80B71F9C       
/* 016A8 80B71F68 00000000 */  nop
.L80B71F6C:
/* 016AC 80B71F6C 860E03F2 */  lh      $t6, 0x03F2($s0)           ## 000003F2
/* 016B0 80B71F70 24010001 */  addiu   $at, $zero, 0x0001         ## $at = 00000001
/* 016B4 80B71F74 02002025 */  or      $a0, $s0, $zero            ## $a0 = 00000000
/* 016B8 80B71F78 11C10008 */  beq     $t6, $at, .L80B71F9C       
/* 016BC 80B71F7C 02202825 */  or      $a1, $s1, $zero            ## $a1 = 00000000
/* 016C0 80B71F80 3C0680B7 */  lui     $a2, %hi(func_80B71DF0)    ## $a2 = 80B70000
/* 016C4 80B71F84 0C2DC763 */  jal     func_80B71D8C              
/* 016C8 80B71F88 24C61DF0 */  addiu   $a2, $a2, %lo(func_80B71DF0) ## $a2 = 80B71DF0
/* 016CC 80B71F8C 0C2DC5F2 */  jal     func_80B717C8              
/* 016D0 80B71F90 02002025 */  or      $a0, $s0, $zero            ## $a0 = 00000000
/* 016D4 80B71F94 240F0001 */  addiu   $t7, $zero, 0x0001         ## $t7 = 00000001
/* 016D8 80B71F98 A60F03F2 */  sh      $t7, 0x03F2($s0)           ## 000003F2
.L80B71F9C:
/* 016DC 80B71F9C 0C051D89 */  jal     func_80147624              
/* 016E0 80B71FA0 02202025 */  or      $a0, $s1, $zero            ## $a0 = 00000000
/* 016E4 80B71FA4 50400052 */  beql    $v0, $zero, .L80B720F0     
/* 016E8 80B71FA8 8FBF001C */  lw      $ra, 0x001C($sp)           
/* 016EC 80B71FAC 96180400 */  lhu     $t8, 0x0400($s0)           ## 00000400
/* 016F0 80B71FB0 2719EC14 */  addiu   $t9, $t8, 0xEC14           ## $t9 = FFFFEC14
/* 016F4 80B71FB4 2F21000A */  sltiu   $at, $t9, 0x000A           
/* 016F8 80B71FB8 1020004C */  beq     $at, $zero, .L80B720EC     
/* 016FC 80B71FBC 0019C880 */  sll     $t9, $t9,  2               
/* 01700 80B71FC0 3C0180B7 */  lui     $at, %hi(D_80B73510)       ## $at = 80B70000
/* 01704 80B71FC4 00390821 */  addu    $at, $at, $t9              
/* 01708 80B71FC8 8C393510 */  lw      $t9, %lo(D_80B73510)($at)  
/* 0170C 80B71FCC 03200008 */  jr      $t9                        
/* 01710 80B71FD0 00000000 */  nop
.L80B71FD4:
/* 01714 80B71FD4 02202025 */  or      $a0, $s1, $zero            ## $a0 = 00000000
/* 01718 80B71FD8 240513ED */  addiu   $a1, $zero, 0x13ED         ## $a1 = 000013ED
/* 0171C 80B71FDC 0C05462C */  jal     func_801518B0              
/* 01720 80B71FE0 02003025 */  or      $a2, $s0, $zero            ## $a2 = 00000000
/* 01724 80B71FE4 240813ED */  addiu   $t0, $zero, 0x13ED         ## $t0 = 000013ED
/* 01728 80B71FE8 10000040 */  beq     $zero, $zero, .L80B720EC   
/* 0172C 80B71FEC A6080400 */  sh      $t0, 0x0400($s0)           ## 00000400
.L80B71FF0:
/* 01730 80B71FF0 02202025 */  or      $a0, $s1, $zero            ## $a0 = 00000000
/* 01734 80B71FF4 240513EE */  addiu   $a1, $zero, 0x13EE         ## $a1 = 000013EE
/* 01738 80B71FF8 0C05462C */  jal     func_801518B0              
/* 0173C 80B71FFC 02003025 */  or      $a2, $s0, $zero            ## $a2 = 00000000
/* 01740 80B72000 240913EE */  addiu   $t1, $zero, 0x13EE         ## $t1 = 000013EE
/* 01744 80B72004 10000039 */  beq     $zero, $zero, .L80B720EC   
/* 01748 80B72008 A6090400 */  sh      $t1, 0x0400($s0)           ## 00000400
.L80B7200C:
/* 0174C 80B7200C 02202025 */  or      $a0, $s1, $zero            ## $a0 = 00000000
/* 01750 80B72010 240513EF */  addiu   $a1, $zero, 0x13EF         ## $a1 = 000013EF
/* 01754 80B72014 0C05462C */  jal     func_801518B0              
/* 01758 80B72018 02003025 */  or      $a2, $s0, $zero            ## $a2 = 00000000
/* 0175C 80B7201C 240A13EF */  addiu   $t2, $zero, 0x13EF         ## $t2 = 000013EF
/* 01760 80B72020 10000032 */  beq     $zero, $zero, .L80B720EC   
/* 01764 80B72024 A60A0400 */  sh      $t2, 0x0400($s0)           ## 00000400
.L80B72028:
/* 01768 80B72028 02202025 */  or      $a0, $s1, $zero            ## $a0 = 00000000
/* 0176C 80B7202C 240513F0 */  addiu   $a1, $zero, 0x13F0         ## $a1 = 000013F0
/* 01770 80B72030 0C05462C */  jal     func_801518B0              
/* 01774 80B72034 02003025 */  or      $a2, $s0, $zero            ## $a2 = 00000000
/* 01778 80B72038 240B13F0 */  addiu   $t3, $zero, 0x13F0         ## $t3 = 000013F0
/* 0177C 80B7203C 1000002B */  beq     $zero, $zero, .L80B720EC   
/* 01780 80B72040 A60B0400 */  sh      $t3, 0x0400($s0)           ## 00000400
.L80B72044:
/* 01784 80B72044 02202025 */  or      $a0, $s1, $zero            ## $a0 = 00000000
/* 01788 80B72048 240513F2 */  addiu   $a1, $zero, 0x13F2         ## $a1 = 000013F2
/* 0178C 80B7204C 0C05462C */  jal     func_801518B0              
/* 01790 80B72050 02003025 */  or      $a2, $s0, $zero            ## $a2 = 00000000
/* 01794 80B72054 240C13F2 */  addiu   $t4, $zero, 0x13F2         ## $t4 = 000013F2
/* 01798 80B72058 10000024 */  beq     $zero, $zero, .L80B720EC   
/* 0179C 80B7205C A60C0400 */  sh      $t4, 0x0400($s0)           ## 00000400
.L80B72060:
/* 017A0 80B72060 860D03FC */  lh      $t5, 0x03FC($s0)           ## 000003FC
/* 017A4 80B72064 24010001 */  addiu   $at, $zero, 0x0001         ## $at = 00000001
/* 017A8 80B72068 02202025 */  or      $a0, $s1, $zero            ## $a0 = 00000000
/* 017AC 80B7206C 15A10006 */  bne     $t5, $at, .L80B72088       
/* 017B0 80B72070 240513F4 */  addiu   $a1, $zero, 0x13F4         ## $a1 = 000013F4
/* 017B4 80B72074 0C05462C */  jal     func_801518B0              
/* 017B8 80B72078 02003025 */  or      $a2, $s0, $zero            ## $a2 = 00000000
/* 017BC 80B7207C 240E13F4 */  addiu   $t6, $zero, 0x13F4         ## $t6 = 000013F4
/* 017C0 80B72080 1000001A */  beq     $zero, $zero, .L80B720EC   
/* 017C4 80B72084 A60E0400 */  sh      $t6, 0x0400($s0)           ## 00000400
.L80B72088:
/* 017C8 80B72088 0C051DED */  jal     func_801477B4              
/* 017CC 80B7208C 02202025 */  or      $a0, $s1, $zero            ## $a0 = 00000000
/* 017D0 80B72090 3C0680B7 */  lui     $a2, %hi(func_80B71650)    ## $a2 = 80B70000
/* 017D4 80B72094 24C61650 */  addiu   $a2, $a2, %lo(func_80B71650) ## $a2 = 80B71650
/* 017D8 80B72098 02002025 */  or      $a0, $s0, $zero            ## $a0 = 00000000
/* 017DC 80B7209C 0C2DC763 */  jal     func_80B71D8C              
/* 017E0 80B720A0 02202825 */  or      $a1, $s1, $zero            ## $a1 = 00000000
/* 017E4 80B720A4 10000012 */  beq     $zero, $zero, .L80B720F0   
/* 017E8 80B720A8 8FBF001C */  lw      $ra, 0x001C($sp)           
.L80B720AC:
/* 017EC 80B720AC 02202025 */  or      $a0, $s1, $zero            ## $a0 = 00000000
/* 017F0 80B720B0 240513F2 */  addiu   $a1, $zero, 0x13F2         ## $a1 = 000013F2
/* 017F4 80B720B4 0C05462C */  jal     func_801518B0              
/* 017F8 80B720B8 02003025 */  or      $a2, $s0, $zero            ## $a2 = 00000000
/* 017FC 80B720BC 240F13F2 */  addiu   $t7, $zero, 0x13F2         ## $t7 = 000013F2
/* 01800 80B720C0 24180001 */  addiu   $t8, $zero, 0x0001         ## $t8 = 00000001
/* 01804 80B720C4 A60F0400 */  sh      $t7, 0x0400($s0)           ## 00000400
/* 01808 80B720C8 10000008 */  beq     $zero, $zero, .L80B720EC   
/* 0180C 80B720CC A61803FC */  sh      $t8, 0x03FC($s0)           ## 000003FC
.L80B720D0:
/* 01810 80B720D0 0C051DED */  jal     func_801477B4              
/* 01814 80B720D4 02202025 */  or      $a0, $s1, $zero            ## $a0 = 00000000
/* 01818 80B720D8 3C0680B7 */  lui     $a2, %hi(func_80B718B0)    ## $a2 = 80B70000
/* 0181C 80B720DC 24C618B0 */  addiu   $a2, $a2, %lo(func_80B718B0) ## $a2 = 80B718B0
/* 01820 80B720E0 02002025 */  or      $a0, $s0, $zero            ## $a0 = 00000000
/* 01824 80B720E4 0C2DC763 */  jal     func_80B71D8C              
/* 01828 80B720E8 02202825 */  or      $a1, $s1, $zero            ## $a1 = 00000000
.L80B720EC:
/* 0182C 80B720EC 8FBF001C */  lw      $ra, 0x001C($sp)           
.L80B720F0:
/* 01830 80B720F0 8FB00014 */  lw      $s0, 0x0014($sp)           
/* 01834 80B720F4 8FB10018 */  lw      $s1, 0x0018($sp)           
/* 01838 80B720F8 03E00008 */  jr      $ra                        
/* 0183C 80B720FC 27BD0020 */  addiu   $sp, $sp, 0x0020           ## $sp = 00000000


glabel func_80B72100
/* 01840 80B72100 27BDFFE8 */  addiu   $sp, $sp, 0xFFE8           ## $sp = FFFFFFE8
/* 01844 80B72104 AFBF0014 */  sw      $ra, 0x0014($sp)           
/* 01848 80B72108 AFA40018 */  sw      $a0, 0x0018($sp)           
/* 0184C 80B7210C AFA5001C */  sw      $a1, 0x001C($sp)           
/* 01850 80B72110 0C051D89 */  jal     func_80147624              
/* 01854 80B72114 8FA4001C */  lw      $a0, 0x001C($sp)           
/* 01858 80B72118 10400019 */  beq     $v0, $zero, .L80B72180     
/* 0185C 80B7211C 8FAE001C */  lw      $t6, 0x001C($sp)           
/* 01860 80B72120 3C0F0001 */  lui     $t7, 0x0001                ## $t7 = 00010000
/* 01864 80B72124 01EE7821 */  addu    $t7, $t7, $t6              
/* 01868 80B72128 91EF6929 */  lbu     $t7, 0x6929($t7)           ## 00016929
/* 0186C 80B7212C 15E0000B */  bne     $t7, $zero, .L80B7215C     
/* 01870 80B72130 00000000 */  nop
/* 01874 80B72134 0C067C82 */  jal     func_8019F208              
/* 01878 80B72138 00000000 */  nop
/* 0187C 80B7213C 8FA4001C */  lw      $a0, 0x001C($sp)           
/* 01880 80B72140 240513F1 */  addiu   $a1, $zero, 0x13F1         ## $a1 = 000013F1
/* 01884 80B72144 0C05462C */  jal     func_801518B0              
/* 01888 80B72148 8FA60018 */  lw      $a2, 0x0018($sp)           
/* 0188C 80B7214C 8FB90018 */  lw      $t9, 0x0018($sp)           
/* 01890 80B72150 241813F1 */  addiu   $t8, $zero, 0x13F1         ## $t8 = 000013F1
/* 01894 80B72154 1000000A */  beq     $zero, $zero, .L80B72180   
/* 01898 80B72158 A7380400 */  sh      $t8, 0x0400($t9)           ## 00000400
.L80B7215C:
/* 0189C 80B7215C 0C067C82 */  jal     func_8019F208              
/* 018A0 80B72160 00000000 */  nop
/* 018A4 80B72164 8FA4001C */  lw      $a0, 0x001C($sp)           
/* 018A8 80B72168 240513F3 */  addiu   $a1, $zero, 0x13F3         ## $a1 = 000013F3
/* 018AC 80B7216C 0C05462C */  jal     func_801518B0              
/* 018B0 80B72170 8FA60018 */  lw      $a2, 0x0018($sp)           
/* 018B4 80B72174 8FA90018 */  lw      $t1, 0x0018($sp)           
/* 018B8 80B72178 240813F3 */  addiu   $t0, $zero, 0x13F3         ## $t0 = 000013F3
/* 018BC 80B7217C A5280400 */  sh      $t0, 0x0400($t1)           ## 00000400
.L80B72180:
/* 018C0 80B72180 8FBF0014 */  lw      $ra, 0x0014($sp)           
/* 018C4 80B72184 27BD0018 */  addiu   $sp, $sp, 0x0018           ## $sp = 00000000
/* 018C8 80B72188 03E00008 */  jr      $ra                        
/* 018CC 80B7218C 00000000 */  nop


glabel func_80B72190
/* 018D0 80B72190 27BDFFB8 */  addiu   $sp, $sp, 0xFFB8           ## $sp = FFFFFFB8
/* 018D4 80B72194 AFB00020 */  sw      $s0, 0x0020($sp)           
/* 018D8 80B72198 00808025 */  or      $s0, $a0, $zero            ## $s0 = 00000000
/* 018DC 80B7219C AFBF0024 */  sw      $ra, 0x0024($sp)           
/* 018E0 80B721A0 AFA5004C */  sw      $a1, 0x004C($sp)           
/* 018E4 80B721A4 8E0F0228 */  lw      $t7, 0x0228($s0)           ## 00000228
/* 018E8 80B721A8 3C0E80B7 */  lui     $t6, %hi(func_80B714D8)    ## $t6 = 80B70000
/* 018EC 80B721AC 25CE14D8 */  addiu   $t6, $t6, %lo(func_80B714D8) ## $t6 = 80B714D8
/* 018F0 80B721B0 11CF000C */  beq     $t6, $t7, .L80B721E4       
/* 018F4 80B721B4 260401E4 */  addiu   $a0, $s0, 0x01E4           ## $a0 = 000001E4
/* 018F8 80B721B8 3C054100 */  lui     $a1, 0x4100                ## $a1 = 41000000
/* 018FC 80B721BC 0C04DE2E */  jal     func_801378B8              
/* 01900 80B721C0 AFA4002C */  sw      $a0, 0x002C($sp)           
/* 01904 80B721C4 14400004 */  bne     $v0, $zero, .L80B721D8     
/* 01908 80B721C8 8FA4002C */  lw      $a0, 0x002C($sp)           
/* 0190C 80B721CC 0C04DE2E */  jal     func_801378B8              
/* 01910 80B721D0 3C054170 */  lui     $a1, 0x4170                ## $a1 = 41700000
/* 01914 80B721D4 10400003 */  beq     $v0, $zero, .L80B721E4     
.L80B721D8:
/* 01918 80B721D8 02002025 */  or      $a0, $s0, $zero            ## $a0 = 00000000
/* 0191C 80B721DC 0C02E3B2 */  jal     func_800B8EC8              
/* 01920 80B721E0 24053830 */  addiu   $a1, $zero, 0x3830         ## $a1 = 00003830
.L80B721E4:
/* 01924 80B721E4 8E030120 */  lw      $v1, 0x0120($s0)           ## 00000120
/* 01928 80B721E8 3C0E80B7 */  lui     $t6, %hi(func_80B713A4)    ## $t6 = 80B70000
/* 0192C 80B721EC 8E020228 */  lw      $v0, 0x0228($s0)           ## 00000228
/* 01930 80B721F0 1460001B */  bne     $v1, $zero, .L80B72260     
/* 01934 80B721F4 25CE13A4 */  addiu   $t6, $t6, %lo(func_80B713A4) ## $t6 = 80B713A4
/* 01938 80B721F8 861803F6 */  lh      $t8, 0x03F6($s0)           ## 000003F6
/* 0193C 80B721FC 3C0880B7 */  lui     $t0, %hi(func_80B713A4)    ## $t0 = 80B70000
/* 01940 80B72200 24190001 */  addiu   $t9, $zero, 0x0001         ## $t9 = 00000001
/* 01944 80B72204 250813A4 */  addiu   $t0, $t0, %lo(func_80B713A4) ## $t0 = 80B713A4
/* 01948 80B72208 A61903F6 */  sh      $t9, 0x03F6($s0)           ## 000003F6
/* 0194C 80B7220C 1102000E */  beq     $t0, $v0, .L80B72248       
/* 01950 80B72210 A61803F4 */  sh      $t8, 0x03F4($s0)           ## 000003F4
/* 01954 80B72214 3C0980B7 */  lui     $t1, %hi(func_80B710E4)    ## $t1 = 80B70000
/* 01958 80B72218 252910E4 */  addiu   $t1, $t1, %lo(func_80B710E4) ## $t1 = 80B710E4
/* 0195C 80B7221C 1122000A */  beq     $t1, $v0, .L80B72248       
/* 01960 80B72220 3C0A80B7 */  lui     $t2, %hi(func_80B7114C)    ## $t2 = 80B70000
/* 01964 80B72224 254A114C */  addiu   $t2, $t2, %lo(func_80B7114C) ## $t2 = 80B7114C
/* 01968 80B72228 11420007 */  beq     $t2, $v0, .L80B72248       
/* 0196C 80B7222C 3C0B80B7 */  lui     $t3, %hi(func_80B7123C)    ## $t3 = 80B70000
/* 01970 80B72230 256B123C */  addiu   $t3, $t3, %lo(func_80B7123C) ## $t3 = 80B7123C
/* 01974 80B72234 11620004 */  beq     $t3, $v0, .L80B72248       
/* 01978 80B72238 3C0C80B7 */  lui     $t4, %hi(func_80B717E0)    ## $t4 = 80B70000
/* 0197C 80B7223C 258C17E0 */  addiu   $t4, $t4, %lo(func_80B717E0) ## $t4 = 80B717E0
/* 01980 80B72240 55820003 */  bnel    $t4, $v0, .L80B72250       
/* 01984 80B72244 860D03F4 */  lh      $t5, 0x03F4($s0)           ## 000003F4
.L80B72248:
/* 01988 80B72248 A60003F6 */  sh      $zero, 0x03F6($s0)         ## 000003F6
/* 0198C 80B7224C 860D03F4 */  lh      $t5, 0x03F4($s0)           ## 000003F4
.L80B72250:
/* 01990 80B72250 55A00017 */  bnel    $t5, $zero, .L80B722B0     
/* 01994 80B72254 8E020228 */  lw      $v0, 0x0228($s0)           ## 00000228
/* 01998 80B72258 10000063 */  beq     $zero, $zero, .L80B723E8   
/* 0199C 80B7225C 8FBF0024 */  lw      $ra, 0x0024($sp)           
.L80B72260:
/* 019A0 80B72260 11C2000E */  beq     $t6, $v0, .L80B7229C       
/* 019A4 80B72264 00602025 */  or      $a0, $v1, $zero            ## $a0 = 00000000
/* 019A8 80B72268 3C0F80B7 */  lui     $t7, %hi(func_80B710E4)    ## $t7 = 80B70000
/* 019AC 80B7226C 25EF10E4 */  addiu   $t7, $t7, %lo(func_80B710E4) ## $t7 = 80B710E4
/* 019B0 80B72270 11E2000A */  beq     $t7, $v0, .L80B7229C       
/* 019B4 80B72274 3C1880B7 */  lui     $t8, %hi(func_80B7114C)    ## $t8 = 80B70000
/* 019B8 80B72278 2718114C */  addiu   $t8, $t8, %lo(func_80B7114C) ## $t8 = 80B7114C
/* 019BC 80B7227C 13020007 */  beq     $t8, $v0, .L80B7229C       
/* 019C0 80B72280 3C1980B7 */  lui     $t9, %hi(func_80B7123C)    ## $t9 = 80B70000
/* 019C4 80B72284 2739123C */  addiu   $t9, $t9, %lo(func_80B7123C) ## $t9 = 80B7123C
/* 019C8 80B72288 13220004 */  beq     $t9, $v0, .L80B7229C       
/* 019CC 80B7228C 3C0880B7 */  lui     $t0, %hi(func_80B717E0)    ## $t0 = 80B70000
/* 019D0 80B72290 250817E0 */  addiu   $t0, $t0, %lo(func_80B717E0) ## $t0 = 80B717E0
/* 019D4 80B72294 55020003 */  bnel    $t0, $v0, .L80B722A4       
/* 019D8 80B72298 848903F4 */  lh      $t1, 0x03F4($a0)           ## 000003F4
.L80B7229C:
/* 019DC 80B7229C A48003F6 */  sh      $zero, 0x03F6($a0)         ## 000003F6
/* 019E0 80B722A0 848903F4 */  lh      $t1, 0x03F4($a0)           ## 000003F4
.L80B722A4:
/* 019E4 80B722A4 51200050 */  beql    $t1, $zero, .L80B723E8     
/* 019E8 80B722A8 8FBF0024 */  lw      $ra, 0x0024($sp)           
/* 019EC 80B722AC 8E020228 */  lw      $v0, 0x0228($s0)           ## 00000228
.L80B722B0:
/* 019F0 80B722B0 3C0A80B7 */  lui     $t2, %hi(func_80B71EA8)    ## $t2 = 80B70000
/* 019F4 80B722B4 254A1EA8 */  addiu   $t2, $t2, %lo(func_80B71EA8) ## $t2 = 80B71EA8
/* 019F8 80B722B8 1142004A */  beq     $t2, $v0, .L80B723E4       
/* 019FC 80B722BC 3C0B80B7 */  lui     $t3, %hi(func_80B71954)    ## $t3 = 80B70000
/* 01A00 80B722C0 256B1954 */  addiu   $t3, $t3, %lo(func_80B71954) ## $t3 = 80B71954
/* 01A04 80B722C4 11620047 */  beq     $t3, $v0, .L80B723E4       
/* 01A08 80B722C8 3C0C80B7 */  lui     $t4, %hi(func_80B71A58)    ## $t4 = 80B70000
/* 01A0C 80B722CC 258C1A58 */  addiu   $t4, $t4, %lo(func_80B71A58) ## $t4 = 80B71A58
/* 01A10 80B722D0 11820044 */  beq     $t4, $v0, .L80B723E4       
/* 01A14 80B722D4 3C0D80B7 */  lui     $t5, %hi(func_80B71BB8)    ## $t5 = 80B70000
/* 01A18 80B722D8 25AD1BB8 */  addiu   $t5, $t5, %lo(func_80B71BB8) ## $t5 = 80B71BB8
/* 01A1C 80B722DC 51A20042 */  beql    $t5, $v0, .L80B723E8       
/* 01A20 80B722E0 8FBF0024 */  lw      $ra, 0x0024($sp)           
/* 01A24 80B722E4 8E0F02E0 */  lw      $t7, 0x02E0($s0)           ## 000002E0
/* 01A28 80B722E8 24020006 */  addiu   $v0, $zero, 0x0006         ## $v0 = 00000006
/* 01A2C 80B722EC 8E0E0230 */  lw      $t6, 0x0230($s0)           ## 00000230
/* 01A30 80B722F0 01E20019 */  multu   $t7, $v0                   
/* 01A34 80B722F4 26040024 */  addiu   $a0, $s0, 0x0024           ## $a0 = 00000024
/* 01A38 80B722F8 27A50038 */  addiu   $a1, $sp, 0x0038           ## $a1 = FFFFFFF0
/* 01A3C 80B722FC 0000C012 */  mflo    $t8                        
/* 01A40 80B72300 01D8C821 */  addu    $t9, $t6, $t8              
/* 01A44 80B72304 87280000 */  lh      $t0, 0x0000($t9)           ## 80B7123C
/* 01A48 80B72308 44882000 */  mtc1    $t0, $f4                   ## $f4 = -0.00
/* 01A4C 80B7230C 00000000 */  nop
/* 01A50 80B72310 468021A0 */  cvt.s.w $f6, $f4                   
/* 01A54 80B72314 E7A60038 */  swc1    $f6, 0x0038($sp)           
/* 01A58 80B72318 8E0A02E0 */  lw      $t2, 0x02E0($s0)           ## 000002E0
/* 01A5C 80B7231C 8E090230 */  lw      $t1, 0x0230($s0)           ## 00000230
/* 01A60 80B72320 01420019 */  multu   $t2, $v0                   
/* 01A64 80B72324 00005812 */  mflo    $t3                        
/* 01A68 80B72328 012B6021 */  addu    $t4, $t1, $t3              
/* 01A6C 80B7232C 858D0002 */  lh      $t5, 0x0002($t4)           ## 80B71A5A
/* 01A70 80B72330 448D4000 */  mtc1    $t5, $f8                   ## $f8 = -0.00
/* 01A74 80B72334 00000000 */  nop
/* 01A78 80B72338 468042A0 */  cvt.s.w $f10, $f8                  
/* 01A7C 80B7233C E7AA003C */  swc1    $f10, 0x003C($sp)          
/* 01A80 80B72340 8E0E02E0 */  lw      $t6, 0x02E0($s0)           ## 000002E0
/* 01A84 80B72344 8E0F0230 */  lw      $t7, 0x0230($s0)           ## 00000230
/* 01A88 80B72348 01C20019 */  multu   $t6, $v0                   
/* 01A8C 80B7234C 0000C012 */  mflo    $t8                        
/* 01A90 80B72350 01F8C821 */  addu    $t9, $t7, $t8              
/* 01A94 80B72354 87280004 */  lh      $t0, 0x0004($t9)           ## 80B71240
/* 01A98 80B72358 AFA4002C */  sw      $a0, 0x002C($sp)           
/* 01A9C 80B7235C 44888000 */  mtc1    $t0, $f16                  ## $f16 = -0.00
/* 01AA0 80B72360 00000000 */  nop
/* 01AA4 80B72364 468084A0 */  cvt.s.w $f18, $f16                 
/* 01AA8 80B72368 0C03FE98 */  jal     func_800FFA60              
/* 01AAC 80B7236C E7B20040 */  swc1    $f18, 0x0040($sp)          
/* 01AB0 80B72370 8FA4002C */  lw      $a0, 0x002C($sp)           
/* 01AB4 80B72374 A7A20032 */  sh      $v0, 0x0032($sp)           
/* 01AB8 80B72378 0C03FE4B */  jal     func_800FF92C              
/* 01ABC 80B7237C 27A50038 */  addiu   $a1, $sp, 0x0038           ## $a1 = FFFFFFF0
/* 01AC0 80B72380 3C0142C8 */  lui     $at, 0x42C8                ## $at = 42C80000
/* 01AC4 80B72384 44812000 */  mtc1    $at, $f4                   ## $f4 = 100.00
/* 01AC8 80B72388 26040032 */  addiu   $a0, $s0, 0x0032           ## $a0 = 00000032
/* 01ACC 80B7238C 87A50032 */  lh      $a1, 0x0032($sp)           
/* 01AD0 80B72390 4600203C */  c.lt.s  $f4, $f0                   
/* 01AD4 80B72394 2406000A */  addiu   $a2, $zero, 0x000A         ## $a2 = 0000000A
/* 01AD8 80B72398 24073000 */  addiu   $a3, $zero, 0x3000         ## $a3 = 00003000
/* 01ADC 80B7239C 240A0100 */  addiu   $t2, $zero, 0x0100         ## $t2 = 00000100
/* 01AE0 80B723A0 45020006 */  bc1fl   .L80B723BC                 
/* 01AE4 80B723A4 8E0902E8 */  lw      $t1, 0x02E8($s0)           ## 000002E8
/* 01AE8 80B723A8 0C03FFAF */  jal     func_800FFEBC              
/* 01AEC 80B723AC AFAA0010 */  sw      $t2, 0x0010($sp)           
/* 01AF0 80B723B0 1000000A */  beq     $zero, $zero, .L80B723DC   
/* 01AF4 80B723B4 00000000 */  nop
/* 01AF8 80B723B8 8E0902E8 */  lw      $t1, 0x02E8($s0)           ## 000002E8
.L80B723BC:
/* 01AFC 80B723BC 8E0202E0 */  lw      $v0, 0x02E0($s0)           ## 000002E0
/* 01B00 80B723C0 252BFFFF */  addiu   $t3, $t1, 0xFFFF           ## $t3 = FFFFFFFF
/* 01B04 80B723C4 004B082A */  slt     $at, $v0, $t3              
/* 01B08 80B723C8 10200003 */  beq     $at, $zero, .L80B723D8     
/* 01B0C 80B723CC 244C0001 */  addiu   $t4, $v0, 0x0001           ## $t4 = 00000001
/* 01B10 80B723D0 10000002 */  beq     $zero, $zero, .L80B723DC   
/* 01B14 80B723D4 AE0C02E0 */  sw      $t4, 0x02E0($s0)           ## 000002E0
.L80B723D8:
/* 01B18 80B723D8 AE0002E0 */  sw      $zero, 0x02E0($s0)         ## 000002E0
.L80B723DC:
/* 01B1C 80B723DC 0C02DAA2 */  jal     func_800B6A88              
/* 01B20 80B723E0 02002025 */  or      $a0, $s0, $zero            ## $a0 = 00000000
.L80B723E4:
/* 01B24 80B723E4 8FBF0024 */  lw      $ra, 0x0024($sp)           
.L80B723E8:
/* 01B28 80B723E8 8FB00020 */  lw      $s0, 0x0020($sp)           
/* 01B2C 80B723EC 27BD0048 */  addiu   $sp, $sp, 0x0048           ## $sp = 00000000
/* 01B30 80B723F0 03E00008 */  jr      $ra                        
/* 01B34 80B723F4 00000000 */  nop


glabel func_80B723F8
/* 01B38 80B723F8 8C8E0004 */  lw      $t6, 0x0004($a0)           ## 00000004
/* 01B3C 80B723FC 2401FFFA */  addiu   $at, $zero, 0xFFFA         ## $at = FFFFFFFA
/* 01B40 80B72400 240A00FF */  addiu   $t2, $zero, 0x00FF         ## $t2 = 000000FF
/* 01B44 80B72404 01C17824 */  and     $t7, $t6, $at              
/* 01B48 80B72408 35F90009 */  ori     $t9, $t7, 0x0009           ## $t9 = 00000009
/* 01B4C 80B7240C AC8F0004 */  sw      $t7, 0x0004($a0)           ## 00000004
/* 01B50 80B72410 3C010010 */  lui     $at, 0x0010                ## $at = 00100000
/* 01B54 80B72414 AC990004 */  sw      $t9, 0x0004($a0)           ## 00000004
/* 01B58 80B72418 03214825 */  or      $t1, $t9, $at              ## $t1 = 00100009
/* 01B5C 80B7241C AC890004 */  sw      $t1, 0x0004($a0)           ## 00000004
/* 01B60 80B72420 A08A011F */  sb      $t2, 0x011F($a0)           ## 0000011F
/* 01B64 80B72424 A4800116 */  sh      $zero, 0x0116($a0)         ## 00000116
/* 01B68 80B72428 03E00008 */  jr      $ra                        
/* 01B6C 80B7242C 00000000 */  nop


glabel func_80B72430
/* 01B70 80B72430 27BDFF98 */  addiu   $sp, $sp, 0xFF98           ## $sp = FFFFFF98
/* 01B74 80B72434 AFBF002C */  sw      $ra, 0x002C($sp)           
/* 01B78 80B72438 AFA40068 */  sw      $a0, 0x0068($sp)           
/* 01B7C 80B7243C AFA5006C */  sw      $a1, 0x006C($sp)           
/* 01B80 80B72440 8FAF0068 */  lw      $t7, 0x0068($sp)           
/* 01B84 80B72444 27AE005C */  addiu   $t6, $sp, 0x005C           ## $t6 = FFFFFFF4
/* 01B88 80B72448 3C0980B7 */  lui     $t1, %hi(D_80B73498)       ## $t1 = 80B70000
/* 01B8C 80B7244C 8DF90024 */  lw      $t9, 0x0024($t7)           ## 00000024
/* 01B90 80B72450 25293498 */  addiu   $t1, $t1, %lo(D_80B73498)  ## $t1 = 80B73498
/* 01B94 80B72454 27A80050 */  addiu   $t0, $sp, 0x0050           ## $t0 = FFFFFFE8
/* 01B98 80B72458 ADD90000 */  sw      $t9, 0x0000($t6)           ## FFFFFFF4
/* 01B9C 80B7245C 8DF80028 */  lw      $t8, 0x0028($t7)           ## 00000028
/* 01BA0 80B72460 3C0D80B7 */  lui     $t5, %hi(D_80B734A4)       ## $t5 = 80B70000
/* 01BA4 80B72464 25AD34A4 */  addiu   $t5, $t5, %lo(D_80B734A4)  ## $t5 = 80B734A4
/* 01BA8 80B72468 ADD80004 */  sw      $t8, 0x0004($t6)           ## FFFFFFF8
/* 01BAC 80B7246C 8DF9002C */  lw      $t9, 0x002C($t7)           ## 0000002C
/* 01BB0 80B72470 27AC0044 */  addiu   $t4, $sp, 0x0044           ## $t4 = FFFFFFDC
/* 01BB4 80B72474 ADD90008 */  sw      $t9, 0x0008($t6)           ## FFFFFFFC
/* 01BB8 80B72478 8D2B0000 */  lw      $t3, 0x0000($t1)           ## 80B73498
/* 01BBC 80B7247C 8D2A0004 */  lw      $t2, 0x0004($t1)           ## 80B7349C
/* 01BC0 80B72480 3C190002 */  lui     $t9, 0x0002                ## $t9 = 00020000
/* 01BC4 80B72484 AD0B0000 */  sw      $t3, 0x0000($t0)           ## FFFFFFE8
/* 01BC8 80B72488 8D2B0008 */  lw      $t3, 0x0008($t1)           ## 80B734A0
/* 01BCC 80B7248C AD0A0004 */  sw      $t2, 0x0004($t0)           ## FFFFFFEC
/* 01BD0 80B72490 AD0B0008 */  sw      $t3, 0x0008($t0)           ## FFFFFFF0
/* 01BD4 80B72494 8DAF0000 */  lw      $t7, 0x0000($t5)           ## 80B734A4
/* 01BD8 80B72498 8DAE0004 */  lw      $t6, 0x0004($t5)           ## 80B734A8
/* 01BDC 80B7249C AD8F0000 */  sw      $t7, 0x0000($t4)           ## FFFFFFDC
/* 01BE0 80B724A0 8DAF0008 */  lw      $t7, 0x0008($t5)           ## 80B734AC
/* 01BE4 80B724A4 AD8E0004 */  sw      $t6, 0x0004($t4)           ## FFFFFFE0
/* 01BE8 80B724A8 AD8F0008 */  sw      $t7, 0x0008($t4)           ## FFFFFFE4
/* 01BEC 80B724AC 8FB8006C */  lw      $t8, 0x006C($sp)           
/* 01BF0 80B724B0 0338C821 */  addu    $t9, $t9, $t8              
/* 01BF4 80B724B4 8F398840 */  lw      $t9, -0x77C0($t9)          ## 00018840
/* 01BF8 80B724B8 03264024 */  and     $t0, $t9, $a2              
/* 01BFC 80B724BC 5500003D */  bnel    $t0, $zero, .L80B725B4     
/* 01C00 80B724C0 8FBF002C */  lw      $ra, 0x002C($sp)           
/* 01C04 80B724C4 0C021BE8 */  jal     func_80086FA0              
/* 01C08 80B724C8 00000000 */  nop
/* 01C0C 80B724CC 00022400 */  sll     $a0, $v0, 16               
/* 01C10 80B724D0 A7A20042 */  sh      $v0, 0x0042($sp)           
/* 01C14 80B724D4 0C03FB61 */  jal     func_800FED84              
/* 01C18 80B724D8 00042403 */  sra     $a0, $a0, 16               
/* 01C1C 80B724DC 3C014170 */  lui     $at, 0x4170                ## $at = 41700000
/* 01C20 80B724E0 44813000 */  mtc1    $at, $f6                   ## $f6 = 15.00
/* 01C24 80B724E4 C7A4005C */  lwc1    $f4, 0x005C($sp)           
/* 01C28 80B724E8 8FA90068 */  lw      $t1, 0x0068($sp)           
/* 01C2C 80B724EC 46003202 */  mul.s   $f8, $f6, $f0              
/* 01C30 80B724F0 87A40042 */  lh      $a0, 0x0042($sp)           
/* 01C34 80B724F4 46082280 */  add.s   $f10, $f4, $f8             
/* 01C38 80B724F8 E7AA005C */  swc1    $f10, 0x005C($sp)          
/* 01C3C 80B724FC C5300088 */  lwc1    $f16, 0x0088($t1)          ## 00000088
/* 01C40 80B72500 0C03FB51 */  jal     func_800FED44              
/* 01C44 80B72504 E7B00060 */  swc1    $f16, 0x0060($sp)          
/* 01C48 80B72508 3C014170 */  lui     $at, 0x4170                ## $at = 41700000
/* 01C4C 80B7250C 44813000 */  mtc1    $at, $f6                   ## $f6 = 15.00
/* 01C50 80B72510 C7B20064 */  lwc1    $f18, 0x0064($sp)          
/* 01C54 80B72514 46003102 */  mul.s   $f4, $f6, $f0              
/* 01C58 80B72518 46049200 */  add.s   $f8, $f18, $f4             
/* 01C5C 80B7251C 0C021C0C */  jal     func_80087030              
/* 01C60 80B72520 E7A80064 */  swc1    $f8, 0x0064($sp)           
/* 01C64 80B72524 0C021C0C */  jal     func_80087030              
/* 01C68 80B72528 E7A00044 */  swc1    $f0, 0x0044($sp)           
/* 01C6C 80B7252C 0C021C0C */  jal     func_80087030              
/* 01C70 80B72530 E7A0004C */  swc1    $f0, 0x004C($sp)           
/* 01C74 80B72534 3C014080 */  lui     $at, 0x4080                ## $at = 40800000
/* 01C78 80B72538 44818000 */  mtc1    $at, $f16                  ## $f16 = 4.00
/* 01C7C 80B7253C C7AA0054 */  lwc1    $f10, 0x0054($sp)          
/* 01C80 80B72540 46100182 */  mul.s   $f6, $f0, $f16             
/* 01C84 80B72544 46065480 */  add.s   $f18, $f10, $f6            
/* 01C88 80B72548 0C021BE8 */  jal     func_80086FA0              
/* 01C8C 80B7254C E7B20054 */  swc1    $f18, 0x0054($sp)          
/* 01C90 80B72550 304A0007 */  andi    $t2, $v0, 0x0007           ## $t2 = 00000000
/* 01C94 80B72554 254B000A */  addiu   $t3, $t2, 0x000A           ## $t3 = 0000000A
/* 01C98 80B72558 240CFFFF */  addiu   $t4, $zero, 0xFFFF         ## $t4 = FFFFFFFF
/* 01C9C 80B7255C 240D000A */  addiu   $t5, $zero, 0x000A         ## $t5 = 0000000A
/* 01CA0 80B72560 AFAD001C */  sw      $t5, 0x001C($sp)           
/* 01CA4 80B72564 AFAC0018 */  sw      $t4, 0x0018($sp)           
/* 01CA8 80B72568 AFAB0014 */  sw      $t3, 0x0014($sp)           
/* 01CAC 80B7256C 8FA4006C */  lw      $a0, 0x006C($sp)           
/* 01CB0 80B72570 27A5005C */  addiu   $a1, $sp, 0x005C           ## $a1 = FFFFFFF4
/* 01CB4 80B72574 27A60050 */  addiu   $a2, $sp, 0x0050           ## $a2 = FFFFFFE8
/* 01CB8 80B72578 27A70044 */  addiu   $a3, $sp, 0x0044           ## $a3 = FFFFFFDC
/* 01CBC 80B7257C AFA00010 */  sw      $zero, 0x0010($sp)         
/* 01CC0 80B72580 0C02C867 */  jal     func_800B219C              
/* 01CC4 80B72584 AFA00020 */  sw      $zero, 0x0020($sp)         
/* 01CC8 80B72588 240E0096 */  addiu   $t6, $zero, 0x0096         ## $t6 = 00000096
/* 01CCC 80B7258C 240F0001 */  addiu   $t7, $zero, 0x0001         ## $t7 = 00000001
/* 01CD0 80B72590 AFAF0018 */  sw      $t7, 0x0018($sp)           
/* 01CD4 80B72594 AFAE0010 */  sw      $t6, 0x0010($sp)           
/* 01CD8 80B72598 8FA4006C */  lw      $a0, 0x006C($sp)           
/* 01CDC 80B7259C 27A5005C */  addiu   $a1, $sp, 0x005C           ## $a1 = FFFFFFF4
/* 01CE0 80B725A0 3C064120 */  lui     $a2, 0x4120                ## $a2 = 41200000
/* 01CE4 80B725A4 24070001 */  addiu   $a3, $zero, 0x0001         ## $a3 = 00000001
/* 01CE8 80B725A8 0C02EFEC */  jal     func_800BBFB0              
/* 01CEC 80B725AC AFA00014 */  sw      $zero, 0x0014($sp)         
/* 01CF0 80B725B0 8FBF002C */  lw      $ra, 0x002C($sp)           
.L80B725B4:
/* 01CF4 80B725B4 27BD0068 */  addiu   $sp, $sp, 0x0068           ## $sp = 00000000
/* 01CF8 80B725B8 03E00008 */  jr      $ra                        
/* 01CFC 80B725BC 00000000 */  nop


glabel func_80B725C0
/* 01D00 80B725C0 27BDFFD8 */  addiu   $sp, $sp, 0xFFD8           ## $sp = FFFFFFD8
/* 01D04 80B725C4 AFB00020 */  sw      $s0, 0x0020($sp)           
/* 01D08 80B725C8 00808025 */  or      $s0, $a0, $zero            ## $s0 = 00000000
/* 01D0C 80B725CC AFBF0024 */  sw      $ra, 0x0024($sp)           
/* 01D10 80B725D0 AFA5002C */  sw      $a1, 0x002C($sp)           
/* 01D14 80B725D4 860203F0 */  lh      $v0, 0x03F0($s0)           ## 000003F0
/* 01D18 80B725D8 18400002 */  blez    $v0, .L80B725E4            
/* 01D1C 80B725DC 244EFFFF */  addiu   $t6, $v0, 0xFFFF           ## $t6 = FFFFFFFF
/* 01D20 80B725E0 A60E03F0 */  sh      $t6, 0x03F0($s0)           ## 000003F0
.L80B725E4:
/* 01D24 80B725E4 8E020228 */  lw      $v0, 0x0228($s0)           ## 00000228
/* 01D28 80B725E8 3C0F80B7 */  lui     $t7, %hi(func_80B7114C)    ## $t7 = 80B70000
/* 01D2C 80B725EC 25EF114C */  addiu   $t7, $t7, %lo(func_80B7114C) ## $t7 = 80B7114C
/* 01D30 80B725F0 51E2002C */  beql    $t7, $v0, .L80B726A4       
/* 01D34 80B725F4 8FBF0024 */  lw      $ra, 0x0024($sp)           
/* 01D38 80B725F8 861803F0 */  lh      $t8, 0x03F0($s0)           ## 000003F0
/* 01D3C 80B725FC 260402F0 */  addiu   $a0, $s0, 0x02F0           ## $a0 = 000002F0
/* 01D40 80B72600 3C053F00 */  lui     $a1, 0x3F00                ## $a1 = 3F000000
/* 01D44 80B72604 2B010014 */  slti    $at, $t8, 0x0014           
/* 01D48 80B72608 1020001F */  beq     $at, $zero, .L80B72688     
/* 01D4C 80B7260C 3C063DCC */  lui     $a2, 0x3DCC                ## $a2 = 3DCC0000
/* 01D50 80B72610 3C1980B7 */  lui     $t9, %hi(func_80B7123C)    ## $t9 = 80B70000
/* 01D54 80B72614 2739123C */  addiu   $t9, $t9, %lo(func_80B7123C) ## $t9 = 80B7123C
/* 01D58 80B72618 1722000B */  bne     $t9, $v0, .L80B72648       
/* 01D5C 80B7261C 260402F0 */  addiu   $a0, $s0, 0x02F0           ## $a0 = 000002F0
/* 01D60 80B72620 44800000 */  mtc1    $zero, $f0                 ## $f0 = 0.00
/* 01D64 80B72624 3C073CF5 */  lui     $a3, 0x3CF5                ## $a3 = 3CF50000
/* 01D68 80B72628 34E7C28F */  ori     $a3, $a3, 0xC28F           ## $a3 = 3CF5C28F
/* 01D6C 80B7262C 44050000 */  mfc1    $a1, $f0                   
/* 01D70 80B72630 260402F0 */  addiu   $a0, $s0, 0x02F0           ## $a0 = 000002F0
/* 01D74 80B72634 3C063F00 */  lui     $a2, 0x3F00                ## $a2 = 3F000000
/* 01D78 80B72638 0C03FF36 */  jal     func_800FFCD8              
/* 01D7C 80B7263C E7A00010 */  swc1    $f0, 0x0010($sp)           
/* 01D80 80B72640 10000009 */  beq     $zero, $zero, .L80B72668   
/* 01D84 80B72644 860803F0 */  lh      $t0, 0x03F0($s0)           ## 000003F0
.L80B72648:
/* 01D88 80B72648 44800000 */  mtc1    $zero, $f0                 ## $f0 = 0.00
/* 01D8C 80B7264C 3C073C23 */  lui     $a3, 0x3C23                ## $a3 = 3C230000
/* 01D90 80B72650 34E7D70A */  ori     $a3, $a3, 0xD70A           ## $a3 = 3C23D70A
/* 01D94 80B72654 44050000 */  mfc1    $a1, $f0                   
/* 01D98 80B72658 3C063F00 */  lui     $a2, 0x3F00                ## $a2 = 3F000000
/* 01D9C 80B7265C 0C03FF36 */  jal     func_800FFCD8              
/* 01DA0 80B72660 E7A00010 */  swc1    $f0, 0x0010($sp)           
/* 01DA4 80B72664 860803F0 */  lh      $t0, 0x03F0($s0)           ## 000003F0
.L80B72668:
/* 01DA8 80B72668 3C0180B7 */  lui     $at, %hi(D_80B73538)       ## $at = 80B70000
/* 01DAC 80B7266C C4283538 */  lwc1    $f8, %lo(D_80B73538)($at)  
/* 01DB0 80B72670 44882000 */  mtc1    $t0, $f4                   ## $f4 = 0.00
/* 01DB4 80B72674 00000000 */  nop
/* 01DB8 80B72678 468021A0 */  cvt.s.w $f6, $f4                   
/* 01DBC 80B7267C 46083282 */  mul.s   $f10, $f6, $f8             
/* 01DC0 80B72680 10000007 */  beq     $zero, $zero, .L80B726A0   
/* 01DC4 80B72684 E60A02EC */  swc1    $f10, 0x02EC($s0)          ## 000002EC
.L80B72688:
/* 01DC8 80B72688 44800000 */  mtc1    $zero, $f0                 ## $f0 = 0.00
/* 01DCC 80B7268C 3C073CA3 */  lui     $a3, 0x3CA3                ## $a3 = 3CA30000
/* 01DD0 80B72690 34E7D70A */  ori     $a3, $a3, 0xD70A           ## $a3 = 3CA3D70A
/* 01DD4 80B72694 34C6CCCD */  ori     $a2, $a2, 0xCCCD           ## $a2 = 0000CCCD
/* 01DD8 80B72698 0C03FF36 */  jal     func_800FFCD8              
/* 01DDC 80B7269C E7A00010 */  swc1    $f0, 0x0010($sp)           
.L80B726A0:
/* 01DE0 80B726A0 8FBF0024 */  lw      $ra, 0x0024($sp)           
.L80B726A4:
/* 01DE4 80B726A4 8FB00020 */  lw      $s0, 0x0020($sp)           
/* 01DE8 80B726A8 27BD0028 */  addiu   $sp, $sp, 0x0028           ## $sp = 00000000
/* 01DEC 80B726AC 03E00008 */  jr      $ra                        
/* 01DF0 80B726B0 00000000 */  nop


glabel func_80B726B4
/* 01DF4 80B726B4 27BDFF70 */  addiu   $sp, $sp, 0xFF70           ## $sp = FFFFFF70
/* 01DF8 80B726B8 AFB10044 */  sw      $s1, 0x0044($sp)           
/* 01DFC 80B726BC 00808825 */  or      $s1, $a0, $zero            ## $s1 = 00000000
/* 01E00 80B726C0 AFBF0064 */  sw      $ra, 0x0064($sp)           
/* 01E04 80B726C4 AFBE0060 */  sw      $s8, 0x0060($sp)           
/* 01E08 80B726C8 AFB7005C */  sw      $s7, 0x005C($sp)           
/* 01E0C 80B726CC AFB60058 */  sw      $s6, 0x0058($sp)           
/* 01E10 80B726D0 AFB50054 */  sw      $s5, 0x0054($sp)           
/* 01E14 80B726D4 AFB40050 */  sw      $s4, 0x0050($sp)           
/* 01E18 80B726D8 AFB3004C */  sw      $s3, 0x004C($sp)           
/* 01E1C 80B726DC AFB20048 */  sw      $s2, 0x0048($sp)           
/* 01E20 80B726E0 AFB00040 */  sw      $s0, 0x0040($sp)           
/* 01E24 80B726E4 F7B80038 */  sdc1    $f24, 0x0038($sp)          
/* 01E28 80B726E8 F7B60030 */  sdc1    $f22, 0x0030($sp)          
/* 01E2C 80B726EC F7B40028 */  sdc1    $f20, 0x0028($sp)          
/* 01E30 80B726F0 AFA50094 */  sw      $a1, 0x0094($sp)           
/* 01E34 80B726F4 922E0402 */  lbu     $t6, 0x0402($s1)           ## 00000402
/* 01E38 80B726F8 26320024 */  addiu   $s2, $s1, 0x0024           ## $s2 = 00000024
/* 01E3C 80B726FC 02402825 */  or      $a1, $s2, $zero            ## $a1 = 00000024
/* 01E40 80B72700 31CF0002 */  andi    $t7, $t6, 0x0002           ## $t7 = 00000000
/* 01E44 80B72704 11E00003 */  beq     $t7, $zero, .L80B72714     
/* 01E48 80B72708 8FA40094 */  lw      $a0, 0x0094($sp)           
/* 01E4C 80B7270C 10000002 */  beq     $zero, $zero, .L80B72718   
/* 01E50 80B72710 2414000D */  addiu   $s4, $zero, 0x000D         ## $s4 = 0000000D
.L80B72714:
/* 01E54 80B72714 2414000E */  addiu   $s4, $zero, 0x000E         ## $s4 = 0000000E
.L80B72718:
/* 01E58 80B72718 2406001E */  addiu   $a2, $zero, 0x001E         ## $a2 = 0000001E
/* 01E5C 80B7271C 0C03C15A */  jal     func_800F0568              
/* 01E60 80B72720 240728CB */  addiu   $a3, $zero, 0x28CB         ## $a3 = 000028CB
/* 01E64 80B72724 1A800033 */  blez    $s4, .L80B727F4            
/* 01E68 80B72728 26300234 */  addiu   $s0, $s1, 0x0234           ## $s0 = 00000234
/* 01E6C 80B7272C 3C0180B7 */  lui     $at, %hi(D_80B7353C)       ## $at = 80B70000
/* 01E70 80B72730 C438353C */  lwc1    $f24, %lo(D_80B7353C)($at) 
/* 01E74 80B72734 3C014080 */  lui     $at, 0x4080                ## $at = 40800000
/* 01E78 80B72738 0014C080 */  sll     $t8, $s4,  2               
/* 01E7C 80B7273C 0314C023 */  subu    $t8, $t8, $s4              
/* 01E80 80B72740 4481B000 */  mtc1    $at, $f22                  ## $f22 = 4.00
/* 01E84 80B72744 3C014040 */  lui     $at, 0x4040                ## $at = 40400000
/* 01E88 80B72748 0018C080 */  sll     $t8, $t8,  2               
/* 01E8C 80B7274C 03119821 */  addu    $s3, $t8, $s1              
/* 01E90 80B72750 3C1E80B7 */  lui     $s8, %hi(D_80B734B4)       ## $s8 = 80B70000
/* 01E94 80B72754 3C1780B7 */  lui     $s7, %hi(D_80B734B0)       ## $s7 = 80B70000
/* 01E98 80B72758 3C1680B7 */  lui     $s6, %hi(D_80B734B8)       ## $s6 = 80B70000
/* 01E9C 80B7275C 4481A000 */  mtc1    $at, $f20                  ## $f20 = 3.00
/* 01EA0 80B72760 26D634B8 */  addiu   $s6, $s6, %lo(D_80B734B8)  ## $s6 = 80B734B8
/* 01EA4 80B72764 26F734B0 */  addiu   $s7, $s7, %lo(D_80B734B0)  ## $s7 = 80B734B0
/* 01EA8 80B72768 27DE34B4 */  addiu   $s8, $s8, %lo(D_80B734B4)  ## $s8 = 80B734B4
/* 01EAC 80B7276C 26730234 */  addiu   $s3, $s3, 0x0234           ## $s3 = 00000234
/* 01EB0 80B72770 27B50084 */  addiu   $s5, $sp, 0x0084           ## $s5 = FFFFFFF4
/* 01EB4 80B72774 02402025 */  or      $a0, $s2, $zero            ## $a0 = 00000024
.L80B72778:
/* 01EB8 80B72778 0C03FE98 */  jal     func_800FFA60              
/* 01EBC 80B7277C 02002825 */  or      $a1, $s0, $zero            ## $a1 = 00000234
/* 01EC0 80B72780 00028C00 */  sll     $s1, $v0, 16               
/* 01EC4 80B72784 00022400 */  sll     $a0, $v0, 16               
/* 01EC8 80B72788 00118C03 */  sra     $s1, $s1, 16               
/* 01ECC 80B7278C 0C03FB61 */  jal     func_800FED84              
/* 01ED0 80B72790 00042403 */  sra     $a0, $a0, 16               
/* 01ED4 80B72794 46140102 */  mul.s   $f4, $f0, $f20             
/* 01ED8 80B72798 00112400 */  sll     $a0, $s1, 16               
/* 01EDC 80B7279C 00042403 */  sra     $a0, $a0, 16               
/* 01EE0 80B727A0 0C03FB51 */  jal     func_800FED44              
/* 01EE4 80B727A4 E7A40084 */  swc1    $f4, 0x0084($sp)           
/* 01EE8 80B727A8 46140182 */  mul.s   $f6, $f0, $f20             
/* 01EEC 80B727AC 0C021BF7 */  jal     func_80086FDC              
/* 01EF0 80B727B0 E7A6008C */  swc1    $f6, 0x008C($sp)           
/* 01EF4 80B727B4 46160202 */  mul.s   $f8, $f0, $f22             
/* 01EF8 80B727B8 4406C000 */  mfc1    $a2, $f24                  
/* 01EFC 80B727BC 2419001E */  addiu   $t9, $zero, 0x001E         ## $t9 = 0000001E
/* 01F00 80B727C0 AFB9001C */  sw      $t9, 0x001C($sp)           
/* 01F04 80B727C4 8FA40094 */  lw      $a0, 0x0094($sp)           
/* 01F08 80B727C8 02002825 */  or      $a1, $s0, $zero            ## $a1 = 00000234
/* 01F0C 80B727CC 02A03825 */  or      $a3, $s5, $zero            ## $a3 = FFFFFFF4
/* 01F10 80B727D0 46164280 */  add.s   $f10, $f8, $f22            
/* 01F14 80B727D4 AFB60010 */  sw      $s6, 0x0010($sp)           
/* 01F18 80B727D8 AFB70014 */  sw      $s7, 0x0014($sp)           
/* 01F1C 80B727DC AFBE0018 */  sw      $s8, 0x0018($sp)           
/* 01F20 80B727E0 0C02CAF0 */  jal     func_800B2BC0              
/* 01F24 80B727E4 E7AA0088 */  swc1    $f10, 0x0088($sp)          
/* 01F28 80B727E8 2610000C */  addiu   $s0, $s0, 0x000C           ## $s0 = 00000240
/* 01F2C 80B727EC 5613FFE2 */  bnel    $s0, $s3, .L80B72778       
/* 01F30 80B727F0 02402025 */  or      $a0, $s2, $zero            ## $a0 = 00000024
.L80B727F4:
/* 01F34 80B727F4 8FBF0064 */  lw      $ra, 0x0064($sp)           
/* 01F38 80B727F8 D7B40028 */  ldc1    $f20, 0x0028($sp)          
/* 01F3C 80B727FC D7B60030 */  ldc1    $f22, 0x0030($sp)          
/* 01F40 80B72800 D7B80038 */  ldc1    $f24, 0x0038($sp)          
/* 01F44 80B72804 8FB00040 */  lw      $s0, 0x0040($sp)           
/* 01F48 80B72808 8FB10044 */  lw      $s1, 0x0044($sp)           
/* 01F4C 80B7280C 8FB20048 */  lw      $s2, 0x0048($sp)           
/* 01F50 80B72810 8FB3004C */  lw      $s3, 0x004C($sp)           
/* 01F54 80B72814 8FB40050 */  lw      $s4, 0x0050($sp)           
/* 01F58 80B72818 8FB50054 */  lw      $s5, 0x0054($sp)           
/* 01F5C 80B7281C 8FB60058 */  lw      $s6, 0x0058($sp)           
/* 01F60 80B72820 8FB7005C */  lw      $s7, 0x005C($sp)           
/* 01F64 80B72824 8FBE0060 */  lw      $s8, 0x0060($sp)           
/* 01F68 80B72828 03E00008 */  jr      $ra                        
/* 01F6C 80B7282C 27BD0090 */  addiu   $sp, $sp, 0x0090           ## $sp = 00000000


glabel func_80B72830
/* 01F70 80B72830 AFA50004 */  sw      $a1, 0x0004($sp)           
/* 01F74 80B72834 00052C00 */  sll     $a1, $a1, 16               
/* 01F78 80B72838 00052C03 */  sra     $a1, $a1, 16               
/* 01F7C 80B7283C 8C820120 */  lw      $v0, 0x0120($a0)           ## 00000120
/* 01F80 80B72840 54400004 */  bnel    $v0, $zero, .L80B72854     
/* 01F84 80B72844 A44503F8 */  sh      $a1, 0x03F8($v0)           ## 000003F8
/* 01F88 80B72848 03E00008 */  jr      $ra                        
/* 01F8C 80B7284C A48503F8 */  sh      $a1, 0x03F8($a0)           ## 000003F8
.L80B72850:
/* 01F90 80B72850 A44503F8 */  sh      $a1, 0x03F8($v0)           ## 000003F8
.L80B72854:
/* 01F94 80B72854 03E00008 */  jr      $ra                        
/* 01F98 80B72858 00000000 */  nop


glabel func_80B7285C
/* 01F9C 80B7285C 8C820120 */  lw      $v0, 0x0120($a0)           ## 00000120
/* 01FA0 80B72860 54400004 */  bnel    $v0, $zero, .L80B72874     
/* 01FA4 80B72864 844303F8 */  lh      $v1, 0x03F8($v0)           ## 000003F8
/* 01FA8 80B72868 10000002 */  beq     $zero, $zero, .L80B72874   
/* 01FAC 80B7286C 848303F8 */  lh      $v1, 0x03F8($a0)           ## 000003F8
/* 01FB0 80B72870 844303F8 */  lh      $v1, 0x03F8($v0)           ## 000003F8
.L80B72874:
/* 01FB4 80B72874 00601025 */  or      $v0, $v1, $zero            ## $v0 = 00000000
/* 01FB8 80B72878 03E00008 */  jr      $ra                        
/* 01FBC 80B7287C 00000000 */  nop


glabel func_80B72880
/* 01FC0 80B72880 27BDFFE8 */  addiu   $sp, $sp, 0xFFE8           ## $sp = FFFFFFE8
/* 01FC4 80B72884 AFBF0014 */  sw      $ra, 0x0014($sp)           
/* 01FC8 80B72888 00803025 */  or      $a2, $a0, $zero            ## $a2 = 00000000
/* 01FCC 80B7288C 8CC20228 */  lw      $v0, 0x0228($a2)           ## 00000228
/* 01FD0 80B72890 3C0E80B7 */  lui     $t6, %hi(func_80B70FF8)    ## $t6 = 80B70000
/* 01FD4 80B72894 25CE0FF8 */  addiu   $t6, $t6, %lo(func_80B70FF8) ## $t6 = 80B70FF8
/* 01FD8 80B72898 11C20003 */  beq     $t6, $v0, .L80B728A8       
/* 01FDC 80B7289C 3C0F80B7 */  lui     $t7, %hi(func_80B716A8)    ## $t7 = 80B70000
/* 01FE0 80B728A0 25EF16A8 */  addiu   $t7, $t7, %lo(func_80B716A8) ## $t7 = 80B716A8
/* 01FE4 80B728A4 15E2002E */  bne     $t7, $v0, .L80B72960       
.L80B728A8:
/* 01FE8 80B728A8 3C1880B7 */  lui     $t8, %hi(func_80B716A8)    ## $t8 = 80B70000
/* 01FEC 80B728AC 271816A8 */  addiu   $t8, $t8, %lo(func_80B716A8) ## $t8 = 80B716A8
/* 01FF0 80B728B0 13020017 */  beq     $t8, $v0, .L80B72910       
/* 01FF4 80B728B4 00A02025 */  or      $a0, $a1, $zero            ## $a0 = 00000000
/* 01FF8 80B728B8 00A02025 */  or      $a0, $a1, $zero            ## $a0 = 00000000
/* 01FFC 80B728BC 0C04900F */  jal     func_8012403C              
/* 02000 80B728C0 AFA60018 */  sw      $a2, 0x0018($sp)           
/* 02004 80B728C4 2401000F */  addiu   $at, $zero, 0x000F         ## $at = 0000000F
/* 02008 80B728C8 14410025 */  bne     $v0, $at, .L80B72960       
/* 0200C 80B728CC 8FA60018 */  lw      $a2, 0x0018($sp)           
/* 02010 80B728D0 8CD90004 */  lw      $t9, 0x0004($a2)           ## 00000004
/* 02014 80B728D4 2401FFFA */  addiu   $at, $zero, 0xFFFA         ## $at = FFFFFFFA
/* 02018 80B728D8 240D00FF */  addiu   $t5, $zero, 0x00FF         ## $t5 = 000000FF
/* 0201C 80B728DC 03214024 */  and     $t0, $t9, $at              
/* 02020 80B728E0 350A0009 */  ori     $t2, $t0, 0x0009           ## $t2 = 00000009
/* 02024 80B728E4 ACC80004 */  sw      $t0, 0x0004($a2)           ## 00000004
/* 02028 80B728E8 3C010010 */  lui     $at, 0x0010                ## $at = 00100000
/* 0202C 80B728EC ACCA0004 */  sw      $t2, 0x0004($a2)           ## 00000004
/* 02030 80B728F0 01416025 */  or      $t4, $t2, $at              ## $t4 = 00100009
/* 02034 80B728F4 ACCC0004 */  sw      $t4, 0x0004($a2)           ## 00000004
/* 02038 80B728F8 A0CD011F */  sb      $t5, 0x011F($a2)           ## 0000011F
/* 0203C 80B728FC A4C00116 */  sh      $zero, 0x0116($a2)         ## 00000116
/* 02040 80B72900 0C2DC594 */  jal     func_80B71650              
/* 02044 80B72904 00C02025 */  or      $a0, $a2, $zero            ## $a0 = 00000000
/* 02048 80B72908 10000016 */  beq     $zero, $zero, .L80B72964   
/* 0204C 80B7290C 8FBF0014 */  lw      $ra, 0x0014($sp)           
.L80B72910:
/* 02050 80B72910 0C04900F */  jal     func_8012403C              
/* 02054 80B72914 AFA60018 */  sw      $a2, 0x0018($sp)           
/* 02058 80B72918 2401000F */  addiu   $at, $zero, 0x000F         ## $at = 0000000F
/* 0205C 80B7291C 10410010 */  beq     $v0, $at, .L80B72960       
/* 02060 80B72920 8FA60018 */  lw      $a2, 0x0018($sp)           
/* 02064 80B72924 8CCE0004 */  lw      $t6, 0x0004($a2)           ## 00000004
/* 02068 80B72928 2401FFF6 */  addiu   $at, $zero, 0xFFF6         ## $at = FFFFFFF6
/* 0206C 80B7292C 240A0055 */  addiu   $t2, $zero, 0x0055         ## $t2 = 00000055
/* 02070 80B72930 01C17824 */  and     $t7, $t6, $at              
/* 02074 80B72934 3C01FFEF */  lui     $at, 0xFFEF                ## $at = FFEF0000
/* 02078 80B72938 3421FFFF */  ori     $at, $at, 0xFFFF           ## $at = FFEFFFFF
/* 0207C 80B7293C 01E1C824 */  and     $t9, $t7, $at              
/* 02080 80B72940 ACCF0004 */  sw      $t7, 0x0004($a2)           ## 00000004
/* 02084 80B72944 ACD90004 */  sw      $t9, 0x0004($a2)           ## 00000004
/* 02088 80B72948 37290005 */  ori     $t1, $t9, 0x0005           ## $t1 = 00000005
/* 0208C 80B7294C ACC90004 */  sw      $t1, 0x0004($a2)           ## 00000004
/* 02090 80B72950 A0CA011F */  sb      $t2, 0x011F($a2)           ## 0000011F
/* 02094 80B72954 A4C00116 */  sh      $zero, 0x0116($a2)         ## 00000116
/* 02098 80B72958 0C2DC3E8 */  jal     func_80B70FA0              
/* 0209C 80B7295C 00C02025 */  or      $a0, $a2, $zero            ## $a0 = 00000000
.L80B72960:
/* 020A0 80B72960 8FBF0014 */  lw      $ra, 0x0014($sp)           
.L80B72964:
/* 020A4 80B72964 27BD0018 */  addiu   $sp, $sp, 0x0018           ## $sp = 00000000
/* 020A8 80B72968 03E00008 */  jr      $ra                        
/* 020AC 80B7296C 00000000 */  nop


glabel func_80B72970
/* 020B0 80B72970 27BDFFC0 */  addiu   $sp, $sp, 0xFFC0           ## $sp = FFFFFFC0
/* 020B4 80B72974 AFB00020 */  sw      $s0, 0x0020($sp)           
/* 020B8 80B72978 00808025 */  or      $s0, $a0, $zero            ## $s0 = 00000000
/* 020BC 80B7297C AFBF0024 */  sw      $ra, 0x0024($sp)           
/* 020C0 80B72980 AFA50044 */  sw      $a1, 0x0044($sp)           
/* 020C4 80B72984 8FAE0044 */  lw      $t6, 0x0044($sp)           
/* 020C8 80B72988 3C1880B7 */  lui     $t8, %hi(func_80B714D8)    ## $t8 = 80B70000
/* 020CC 80B7298C 271814D8 */  addiu   $t8, $t8, %lo(func_80B714D8) ## $t8 = 80B714D8
/* 020D0 80B72990 8DCF1CCC */  lw      $t7, 0x1CCC($t6)           ## 00001CCC
/* 020D4 80B72994 3C1980B7 */  lui     $t9, %hi(func_80B7123C)    ## $t9 = 80B70000
/* 020D8 80B72998 2739123C */  addiu   $t9, $t9, %lo(func_80B7123C) ## $t9 = 80B7123C
/* 020DC 80B7299C AFAF003C */  sw      $t7, 0x003C($sp)           
/* 020E0 80B729A0 8E030228 */  lw      $v1, 0x0228($s0)           ## 00000228
/* 020E4 80B729A4 53030101 */  beql    $t8, $v1, .L80B72DAC       
/* 020E8 80B729A8 8FBF0024 */  lw      $ra, 0x0024($sp)           
/* 020EC 80B729AC 132300FE */  beq     $t9, $v1, .L80B72DA8       
/* 020F0 80B729B0 3C0880B7 */  lui     $t0, %hi(func_80B715AC)    ## $t0 = 80B70000
/* 020F4 80B729B4 250815AC */  addiu   $t0, $t0, %lo(func_80B715AC) ## $t0 = 80B715AC
/* 020F8 80B729B8 110300FB */  beq     $t0, $v1, .L80B72DA8       
/* 020FC 80B729BC 3C0980B7 */  lui     $t1, %hi(func_80B71954)    ## $t1 = 80B70000
/* 02100 80B729C0 25291954 */  addiu   $t1, $t1, %lo(func_80B71954) ## $t1 = 80B71954
/* 02104 80B729C4 112300F8 */  beq     $t1, $v1, .L80B72DA8       
/* 02108 80B729C8 3C0A80B7 */  lui     $t2, %hi(func_80B71A58)    ## $t2 = 80B70000
/* 0210C 80B729CC 254A1A58 */  addiu   $t2, $t2, %lo(func_80B71A58) ## $t2 = 80B71A58
/* 02110 80B729D0 114300F5 */  beq     $t2, $v1, .L80B72DA8       
/* 02114 80B729D4 3C0B80B7 */  lui     $t3, %hi(func_80B71BB8)    ## $t3 = 80B70000
/* 02118 80B729D8 256B1BB8 */  addiu   $t3, $t3, %lo(func_80B71BB8) ## $t3 = 80B71BB8
/* 0211C 80B729DC 516300F3 */  beql    $t3, $v1, .L80B72DAC       
/* 02120 80B729E0 8FBF0024 */  lw      $ra, 0x0024($sp)           
/* 02124 80B729E4 860C03FE */  lh      $t4, 0x03FE($s0)           ## 000003FE
/* 02128 80B729E8 24010001 */  addiu   $at, $zero, 0x0001         ## $at = 00000001
/* 0212C 80B729EC 518100EF */  beql    $t4, $at, .L80B72DAC       
/* 02130 80B729F0 8FBF0024 */  lw      $ra, 0x0024($sp)           
/* 02134 80B729F4 92020155 */  lbu     $v0, 0x0155($s0)           ## 00000155
/* 02138 80B729F8 3C0F80B7 */  lui     $t7, %hi(func_80B7114C)    ## $t7 = 80B70000
/* 0213C 80B729FC 25EF114C */  addiu   $t7, $t7, %lo(func_80B7114C) ## $t7 = 80B7114C
/* 02140 80B72A00 304D0002 */  andi    $t5, $v0, 0x0002           ## $t5 = 00000000
/* 02144 80B72A04 11A000CE */  beq     $t5, $zero, .L80B72D40     
/* 02148 80B72A08 304EFFFD */  andi    $t6, $v0, 0xFFFD           ## $t6 = 00000000
/* 0214C 80B72A0C 15E30013 */  bne     $t7, $v1, .L80B72A5C       
/* 02150 80B72A10 A20E0155 */  sb      $t6, 0x0155($s0)           ## 00000155
/* 02154 80B72A14 921800B9 */  lbu     $t8, 0x00B9($s0)           ## 000000B9
/* 02158 80B72A18 2719FFFF */  addiu   $t9, $t8, 0xFFFF           ## $t9 = 80B714D7
/* 0215C 80B72A1C 2F21000D */  sltiu   $at, $t9, 0x000D           
/* 02160 80B72A20 10200006 */  beq     $at, $zero, .L80B72A3C     
/* 02164 80B72A24 0019C880 */  sll     $t9, $t9,  2               
/* 02168 80B72A28 3C0180B7 */  lui     $at, %hi(D_80B73540)       ## $at = 80B70000
/* 0216C 80B72A2C 00390821 */  addu    $at, $at, $t9              
/* 02170 80B72A30 8C393540 */  lw      $t9, %lo(D_80B73540)($at)  
/* 02174 80B72A34 03200008 */  jr      $t9                        
/* 02178 80B72A38 00000000 */  nop
.L80B72A3C:
/* 0217C 80B72A3C 860803F0 */  lh      $t0, 0x03F0($s0)           ## 000003F0
/* 02180 80B72A40 02002025 */  or      $a0, $s0, $zero            ## $a0 = 00000000
/* 02184 80B72A44 29010002 */  slti    $at, $t0, 0x0002           
/* 02188 80B72A48 54200004 */  bnel    $at, $zero, .L80B72A5C     
/* 0218C 80B72A4C A60003F0 */  sh      $zero, 0x03F0($s0)         ## 000003F0
/* 02190 80B72A50 0C2DC9AD */  jal     func_80B726B4              
/* 02194 80B72A54 8FA50044 */  lw      $a1, 0x0044($sp)           
/* 02198 80B72A58 A60003F0 */  sh      $zero, 0x03F0($s0)         ## 000003F0
.L80B72A5C:
/* 0219C 80B72A5C 0C02F88B */  jal     func_800BE22C              
/* 021A0 80B72A60 02002025 */  or      $a0, $s0, $zero            ## $a0 = 00000000
/* 021A4 80B72A64 54400010 */  bnel    $v0, $zero, .L80B72AA8     
/* 021A8 80B72A68 920900B9 */  lbu     $t1, 0x00B9($s0)           ## 000000B9
/* 021AC 80B72A6C 920200B9 */  lbu     $v0, 0x00B9($s0)           ## 000000B9
/* 021B0 80B72A70 24010003 */  addiu   $at, $zero, 0x0003         ## $at = 00000003
/* 021B4 80B72A74 1041000B */  beq     $v0, $at, .L80B72AA4       
/* 021B8 80B72A78 24010004 */  addiu   $at, $zero, 0x0004         ## $at = 00000004
/* 021BC 80B72A7C 10410009 */  beq     $v0, $at, .L80B72AA4       
/* 021C0 80B72A80 8FA40044 */  lw      $a0, 0x0044($sp)           
/* 021C4 80B72A84 26050024 */  addiu   $a1, $s0, 0x0024           ## $a1 = 00000024
/* 021C8 80B72A88 24060028 */  addiu   $a2, $zero, 0x0028         ## $a2 = 00000028
/* 021CC 80B72A8C 0C03C15A */  jal     func_800F0568              
/* 021D0 80B72A90 24073833 */  addiu   $a3, $zero, 0x3833         ## $a3 = 00003833
/* 021D4 80B72A94 0C2DC522 */  jal     func_80B71488              
/* 021D8 80B72A98 02002025 */  or      $a0, $s0, $zero            ## $a0 = 00000000
/* 021DC 80B72A9C 100000C3 */  beq     $zero, $zero, .L80B72DAC   
/* 021E0 80B72AA0 8FBF0024 */  lw      $ra, 0x0024($sp)           
.L80B72AA4:
/* 021E4 80B72AA4 920900B9 */  lbu     $t1, 0x00B9($s0)           ## 000000B9
.L80B72AA8:
/* 021E8 80B72AA8 252AFFFF */  addiu   $t2, $t1, 0xFFFF           ## $t2 = FFFFFFFF
/* 021EC 80B72AAC 2D41000F */  sltiu   $at, $t2, 0x000F           
/* 021F0 80B72AB0 102000A2 */  beq     $at, $zero, .L80B72D3C     
/* 021F4 80B72AB4 000A5080 */  sll     $t2, $t2,  2               
/* 021F8 80B72AB8 3C0180B7 */  lui     $at, %hi(D_80B73574)       ## $at = 80B70000
/* 021FC 80B72ABC 002A0821 */  addu    $at, $at, $t2              
/* 02200 80B72AC0 8C2A3574 */  lw      $t2, %lo(D_80B73574)($at)  
/* 02204 80B72AC4 01400008 */  jr      $t2                        
/* 02208 80B72AC8 00000000 */  nop
.L80B72ACC:
/* 0220C 80B72ACC 3C013F80 */  lui     $at, 0x3F80                ## $at = 3F800000
/* 02210 80B72AD0 44812000 */  mtc1    $at, $f4                   ## $f4 = 1.00
/* 02214 80B72AD4 44803000 */  mtc1    $zero, $f6                 ## $f6 = 0.00
/* 02218 80B72AD8 240B0028 */  addiu   $t3, $zero, 0x0028         ## $t3 = 00000028
/* 0221C 80B72ADC 240C001E */  addiu   $t4, $zero, 0x001E         ## $t4 = 0000001E
/* 02220 80B72AE0 A60B03F0 */  sh      $t3, 0x03F0($s0)           ## 000003F0
/* 02224 80B72AE4 A20C0403 */  sb      $t4, 0x0403($s0)           ## 00000403
/* 02228 80B72AE8 240D0028 */  addiu   $t5, $zero, 0x0028         ## $t5 = 00000028
/* 0222C 80B72AEC E60402EC */  swc1    $f4, 0x02EC($s0)           ## 000002EC
/* 02230 80B72AF0 E60602F0 */  swc1    $f6, 0x02F0($s0)           ## 000002F0
/* 02234 80B72AF4 AFAD0010 */  sw      $t5, 0x0010($sp)           
/* 02238 80B72AF8 02002025 */  or      $a0, $s0, $zero            ## $a0 = 00000000
/* 0223C 80B72AFC 00002825 */  or      $a1, $zero, $zero          ## $a1 = 00000000
/* 02240 80B72B00 24060078 */  addiu   $a2, $zero, 0x0078         ## $a2 = 00000078
/* 02244 80B72B04 0C02F2DC */  jal     func_800BCB70              
/* 02248 80B72B08 00003825 */  or      $a3, $zero, $zero          ## $a3 = 00000000
/* 0224C 80B72B0C 0C2DC42B */  jal     func_80B710AC              
/* 02250 80B72B10 02002025 */  or      $a0, $s0, $zero            ## $a0 = 00000000
/* 02254 80B72B14 1000008A */  beq     $zero, $zero, .L80B72D40   
/* 02258 80B72B18 8E030228 */  lw      $v1, 0x0228($s0)           ## 00000228
.L80B72B1C:
/* 0225C 80B72B1C 240E0028 */  addiu   $t6, $zero, 0x0028         ## $t6 = 00000028
/* 02260 80B72B20 AFAE0010 */  sw      $t6, 0x0010($sp)           
/* 02264 80B72B24 02002025 */  or      $a0, $s0, $zero            ## $a0 = 00000000
/* 02268 80B72B28 00002825 */  or      $a1, $zero, $zero          ## $a1 = 00000000
/* 0226C 80B72B2C 24060078 */  addiu   $a2, $zero, 0x0078         ## $a2 = 00000078
/* 02270 80B72B30 0C02F2DC */  jal     func_800BCB70              
/* 02274 80B72B34 00003825 */  or      $a3, $zero, $zero          ## $a3 = 00000000
/* 02278 80B72B38 0C2DC42B */  jal     func_80B710AC              
/* 0227C 80B72B3C 02002025 */  or      $a0, $s0, $zero            ## $a0 = 00000000
/* 02280 80B72B40 1000007F */  beq     $zero, $zero, .L80B72D40   
/* 02284 80B72B44 8E030228 */  lw      $v1, 0x0228($s0)           ## 00000228
.L80B72B48:
/* 02288 80B72B48 3C013F80 */  lui     $at, 0x3F80                ## $at = 3F800000
/* 0228C 80B72B4C 44814000 */  mtc1    $at, $f8                   ## $f8 = 1.00
/* 02290 80B72B50 44805000 */  mtc1    $zero, $f10                ## $f10 = 0.00
/* 02294 80B72B54 240F0050 */  addiu   $t7, $zero, 0x0050         ## $t7 = 00000050
/* 02298 80B72B58 A60F03F0 */  sh      $t7, 0x03F0($s0)           ## 000003F0
/* 0229C 80B72B5C A2000403 */  sb      $zero, 0x0403($s0)         ## 00000403
/* 022A0 80B72B60 24180008 */  addiu   $t8, $zero, 0x0008         ## $t8 = 00000008
/* 022A4 80B72B64 E60802EC */  swc1    $f8, 0x02EC($s0)           ## 000002EC
/* 022A8 80B72B68 E60A02F0 */  swc1    $f10, 0x02F0($s0)          ## 000002F0
/* 022AC 80B72B6C AFB80010 */  sw      $t8, 0x0010($sp)           
/* 022B0 80B72B70 02002025 */  or      $a0, $s0, $zero            ## $a0 = 00000000
/* 022B4 80B72B74 24054000 */  addiu   $a1, $zero, 0x4000         ## $a1 = 00004000
/* 022B8 80B72B78 240600FF */  addiu   $a2, $zero, 0x00FF         ## $a2 = 000000FF
/* 022BC 80B72B7C 0C02F2DC */  jal     func_800BCB70              
/* 022C0 80B72B80 00003825 */  or      $a3, $zero, $zero          ## $a3 = 00000000
/* 022C4 80B72B84 02002025 */  or      $a0, $s0, $zero            ## $a0 = 00000000
/* 022C8 80B72B88 0C02E3B2 */  jal     func_800B8EC8              
/* 022CC 80B72B8C 24053832 */  addiu   $a1, $zero, 0x3832         ## $a1 = 00003832
/* 022D0 80B72B90 3C0580B7 */  lui     $a1, %hi(D_80B732D0)       ## $a1 = 80B70000
/* 022D4 80B72B94 24A532D0 */  addiu   $a1, $a1, %lo(D_80B732D0)  ## $a1 = 80B732D0
/* 022D8 80B72B98 260401E4 */  addiu   $a0, $s0, 0x01E4           ## $a0 = 000001E4
/* 022DC 80B72B9C 0C02F717 */  jal     func_800BDC5C              
/* 022E0 80B72BA0 24060003 */  addiu   $a2, $zero, 0x0003         ## $a2 = 00000003
/* 022E4 80B72BA4 92190402 */  lbu     $t9, 0x0402($s0)           ## 00000402
/* 022E8 80B72BA8 02002025 */  or      $a0, $s0, $zero            ## $a0 = 00000000
/* 022EC 80B72BAC 37280001 */  ori     $t0, $t9, 0x0001           ## $t0 = 00000001
/* 022F0 80B72BB0 0C2DC4BF */  jal     func_80B712FC              
/* 022F4 80B72BB4 A2080402 */  sb      $t0, 0x0402($s0)           ## 00000402
/* 022F8 80B72BB8 10000061 */  beq     $zero, $zero, .L80B72D40   
/* 022FC 80B72BBC 8E030228 */  lw      $v1, 0x0228($s0)           ## 00000228
.L80B72BC0:
/* 02300 80B72BC0 920900B7 */  lbu     $t1, 0x00B7($s0)           ## 000000B7
/* 02304 80B72BC4 02002025 */  or      $a0, $s0, $zero            ## $a0 = 00000000
/* 02308 80B72BC8 240B0003 */  addiu   $t3, $zero, 0x0003         ## $t3 = 00000003
/* 0230C 80B72BCC 51200007 */  beql    $t1, $zero, .L80B72BEC     
/* 02310 80B72BD0 A60B03F0 */  sh      $t3, 0x03F0($s0)           ## 000003F0
/* 02314 80B72BD4 0C02E3B2 */  jal     func_800B8EC8              
/* 02318 80B72BD8 24053832 */  addiu   $a1, $zero, 0x3832         ## $a1 = 00003832
/* 0231C 80B72BDC 240A0050 */  addiu   $t2, $zero, 0x0050         ## $t2 = 00000050
/* 02320 80B72BE0 10000002 */  beq     $zero, $zero, .L80B72BEC   
/* 02324 80B72BE4 A60A03F0 */  sh      $t2, 0x03F0($s0)           ## 000003F0
/* 02328 80B72BE8 A60B03F0 */  sh      $t3, 0x03F0($s0)           ## 000003F0
.L80B72BEC:
/* 0232C 80B72BEC 3C013F80 */  lui     $at, 0x3F80                ## $at = 3F800000
/* 02330 80B72BF0 44818000 */  mtc1    $at, $f16                  ## $f16 = 1.00
/* 02334 80B72BF4 3C013F00 */  lui     $at, 0x3F00                ## $at = 3F000000
/* 02338 80B72BF8 44819000 */  mtc1    $at, $f18                  ## $f18 = 0.50
/* 0233C 80B72BFC 240C000B */  addiu   $t4, $zero, 0x000B         ## $t4 = 0000000B
/* 02340 80B72C00 A20C0403 */  sb      $t4, 0x0403($s0)           ## 00000403
/* 02344 80B72C04 240D0008 */  addiu   $t5, $zero, 0x0008         ## $t5 = 00000008
/* 02348 80B72C08 E61002EC */  swc1    $f16, 0x02EC($s0)          ## 000002EC
/* 0234C 80B72C0C E61202F0 */  swc1    $f18, 0x02F0($s0)          ## 000002F0
/* 02350 80B72C10 AFAD0010 */  sw      $t5, 0x0010($sp)           
/* 02354 80B72C14 02002025 */  or      $a0, $s0, $zero            ## $a0 = 00000000
/* 02358 80B72C18 24054000 */  addiu   $a1, $zero, 0x4000         ## $a1 = 00004000
/* 0235C 80B72C1C 240600FF */  addiu   $a2, $zero, 0x00FF         ## $a2 = 000000FF
/* 02360 80B72C20 0C02F2DC */  jal     func_800BCB70              
/* 02364 80B72C24 00003825 */  or      $a3, $zero, $zero          ## $a3 = 00000000
/* 02368 80B72C28 0C2DC445 */  jal     func_80B71114              
/* 0236C 80B72C2C 02002025 */  or      $a0, $s0, $zero            ## $a0 = 00000000
/* 02370 80B72C30 10000043 */  beq     $zero, $zero, .L80B72D40   
/* 02374 80B72C34 8E030228 */  lw      $v1, 0x0228($s0)           ## 00000228
.L80B72C38:
/* 02378 80B72C38 3C013F80 */  lui     $at, 0x3F80                ## $at = 3F800000
/* 0237C 80B72C3C 44812000 */  mtc1    $at, $f4                   ## $f4 = 1.00
/* 02380 80B72C40 3C013F00 */  lui     $at, 0x3F00                ## $at = 3F000000
/* 02384 80B72C44 44813000 */  mtc1    $at, $f6                   ## $f6 = 0.50
/* 02388 80B72C48 240E0028 */  addiu   $t6, $zero, 0x0028         ## $t6 = 00000028
/* 0238C 80B72C4C 240F0014 */  addiu   $t7, $zero, 0x0014         ## $t7 = 00000014
/* 02390 80B72C50 A60E03F0 */  sh      $t6, 0x03F0($s0)           ## 000003F0
/* 02394 80B72C54 A20F0403 */  sb      $t7, 0x0403($s0)           ## 00000403
/* 02398 80B72C58 24180008 */  addiu   $t8, $zero, 0x0008         ## $t8 = 00000008
/* 0239C 80B72C5C E60402EC */  swc1    $f4, 0x02EC($s0)           ## 000002EC
/* 023A0 80B72C60 E60602F0 */  swc1    $f6, 0x02F0($s0)           ## 000002F0
/* 023A4 80B72C64 AFB80010 */  sw      $t8, 0x0010($sp)           
/* 023A8 80B72C68 02002025 */  or      $a0, $s0, $zero            ## $a0 = 00000000
/* 023AC 80B72C6C 24054000 */  addiu   $a1, $zero, 0x4000         ## $a1 = 00004000
/* 023B0 80B72C70 240600FF */  addiu   $a2, $zero, 0x00FF         ## $a2 = 000000FF
/* 023B4 80B72C74 0C02F2DC */  jal     func_800BCB70              
/* 023B8 80B72C78 00003825 */  or      $a3, $zero, $zero          ## $a3 = 00000000
/* 023BC 80B72C7C 02002025 */  or      $a0, $s0, $zero            ## $a0 = 00000000
/* 023C0 80B72C80 0C02E3B2 */  jal     func_800B8EC8              
/* 023C4 80B72C84 24053832 */  addiu   $a1, $zero, 0x3832         ## $a1 = 00003832
/* 023C8 80B72C88 3C0580B7 */  lui     $a1, %hi(D_80B732D0)       ## $a1 = 80B70000
/* 023CC 80B72C8C 24A532D0 */  addiu   $a1, $a1, %lo(D_80B732D0)  ## $a1 = 80B732D0
/* 023D0 80B72C90 260401E4 */  addiu   $a0, $s0, 0x01E4           ## $a0 = 000001E4
/* 023D4 80B72C94 0C02F717 */  jal     func_800BDC5C              
/* 023D8 80B72C98 24060003 */  addiu   $a2, $zero, 0x0003         ## $a2 = 00000003
/* 023DC 80B72C9C 0C2DC48A */  jal     func_80B71228              
/* 023E0 80B72CA0 02002025 */  or      $a0, $s0, $zero            ## $a0 = 00000000
/* 023E4 80B72CA4 10000026 */  beq     $zero, $zero, .L80B72D40   
/* 023E8 80B72CA8 8E030228 */  lw      $v1, 0x0228($s0)           ## 00000228
.L80B72CAC:
/* 023EC 80B72CAC 92190402 */  lbu     $t9, 0x0402($s0)           ## 00000402
/* 023F0 80B72CB0 37280001 */  ori     $t0, $t9, 0x0001           ## $t0 = 00000001
/* 023F4 80B72CB4 A2080402 */  sb      $t0, 0x0402($s0)           ## 00000402
.L80B72CB8:
/* 023F8 80B72CB8 8FA9003C */  lw      $t1, 0x003C($sp)           
/* 023FC 80B72CBC 24010004 */  addiu   $at, $zero, 0x0004         ## $at = 00000004
/* 02400 80B72CC0 81220ADA */  lb      $v0, 0x0ADA($t1)           ## 00000ADA
/* 02404 80B72CC4 10410007 */  beq     $v0, $at, .L80B72CE4       
/* 02408 80B72CC8 2401000B */  addiu   $at, $zero, 0x000B         ## $at = 0000000B
/* 0240C 80B72CCC 10410005 */  beq     $v0, $at, .L80B72CE4       
/* 02410 80B72CD0 24010016 */  addiu   $at, $zero, 0x0016         ## $at = 00000016
/* 02414 80B72CD4 10410003 */  beq     $v0, $at, .L80B72CE4       
/* 02418 80B72CD8 24010017 */  addiu   $at, $zero, 0x0017         ## $at = 00000017
/* 0241C 80B72CDC 54410005 */  bnel    $v0, $at, .L80B72CF4       
/* 02420 80B72CE0 240C0008 */  addiu   $t4, $zero, 0x0008         ## $t4 = 00000008
.L80B72CE4:
/* 02424 80B72CE4 920A0402 */  lbu     $t2, 0x0402($s0)           ## 00000402
/* 02428 80B72CE8 354B0001 */  ori     $t3, $t2, 0x0001           ## $t3 = 00000001
/* 0242C 80B72CEC A20B0402 */  sb      $t3, 0x0402($s0)           ## 00000402
.L80B72CF0:
/* 02430 80B72CF0 240C0008 */  addiu   $t4, $zero, 0x0008         ## $t4 = 00000008
.L80B72CF4:
/* 02434 80B72CF4 AFAC0010 */  sw      $t4, 0x0010($sp)           
/* 02438 80B72CF8 02002025 */  or      $a0, $s0, $zero            ## $a0 = 00000000
/* 0243C 80B72CFC 24054000 */  addiu   $a1, $zero, 0x4000         ## $a1 = 00004000
/* 02440 80B72D00 240600FF */  addiu   $a2, $zero, 0x00FF         ## $a2 = 000000FF
/* 02444 80B72D04 0C02F2DC */  jal     func_800BCB70              
/* 02448 80B72D08 00003825 */  or      $a3, $zero, $zero          ## $a3 = 00000000
/* 0244C 80B72D0C 02002025 */  or      $a0, $s0, $zero            ## $a0 = 00000000
/* 02450 80B72D10 0C02E3B2 */  jal     func_800B8EC8              
/* 02454 80B72D14 24053832 */  addiu   $a1, $zero, 0x3832         ## $a1 = 00003832
/* 02458 80B72D18 3C0580B7 */  lui     $a1, %hi(D_80B732D0)       ## $a1 = 80B70000
/* 0245C 80B72D1C 24A532D0 */  addiu   $a1, $a1, %lo(D_80B732D0)  ## $a1 = 80B732D0
/* 02460 80B72D20 260401E4 */  addiu   $a0, $s0, 0x01E4           ## $a0 = 000001E4
/* 02464 80B72D24 0C02F717 */  jal     func_800BDC5C              
/* 02468 80B72D28 24060003 */  addiu   $a2, $zero, 0x0003         ## $a2 = 00000003
/* 0246C 80B72D2C 0C2DC4BF */  jal     func_80B712FC              
/* 02470 80B72D30 02002025 */  or      $a0, $s0, $zero            ## $a0 = 00000000
/* 02474 80B72D34 10000002 */  beq     $zero, $zero, .L80B72D40   
/* 02478 80B72D38 8E030228 */  lw      $v1, 0x0228($s0)           ## 00000228
.L80B72D3C:
/* 0247C 80B72D3C 8E030228 */  lw      $v1, 0x0228($s0)           ## 00000228
.L80B72D40:
/* 02480 80B72D40 3C0D80B7 */  lui     $t5, %hi(func_80B713A4)    ## $t5 = 80B70000
/* 02484 80B72D44 25AD13A4 */  addiu   $t5, $t5, %lo(func_80B713A4) ## $t5 = 80B713A4
/* 02488 80B72D48 15A30007 */  bne     $t5, $v1, .L80B72D68       
/* 0248C 80B72D4C 8FA40044 */  lw      $a0, 0x0044($sp)           
/* 02490 80B72D50 3C010001 */  lui     $at, 0x0001                ## $at = 00010000
/* 02494 80B72D54 34218884 */  ori     $at, $at, 0x8884           ## $at = 00018884
/* 02498 80B72D58 00812821 */  addu    $a1, $a0, $at              
/* 0249C 80B72D5C 0C038956 */  jal     func_800E2558              
/* 024A0 80B72D60 26060144 */  addiu   $a2, $s0, 0x0144           ## $a2 = 00000144
/* 024A4 80B72D64 8E030228 */  lw      $v1, 0x0228($s0)           ## 00000228
.L80B72D68:
/* 024A8 80B72D68 8FAF0044 */  lw      $t7, 0x0044($sp)           
/* 024AC 80B72D6C 3C010001 */  lui     $at, 0x0001                ## $at = 00010000
/* 024B0 80B72D70 3C1880B7 */  lui     $t8, %hi(func_80B71314)    ## $t8 = 80B70000
/* 024B4 80B72D74 27181314 */  addiu   $t8, $t8, %lo(func_80B71314) ## $t8 = 80B71314
/* 024B8 80B72D78 34218884 */  ori     $at, $at, 0x8884           ## $at = 00018884
/* 024BC 80B72D7C 26060144 */  addiu   $a2, $s0, 0x0144           ## $a2 = 00000144
/* 024C0 80B72D80 13030007 */  beq     $t8, $v1, .L80B72DA0       
/* 024C4 80B72D84 01E12821 */  addu    $a1, $t7, $at              
/* 024C8 80B72D88 01E02025 */  or      $a0, $t7, $zero            ## $a0 = 00000000
/* 024CC 80B72D8C AFA50030 */  sw      $a1, 0x0030($sp)           
/* 024D0 80B72D90 0C0389D0 */  jal     func_800E2740              
/* 024D4 80B72D94 AFA6002C */  sw      $a2, 0x002C($sp)           
/* 024D8 80B72D98 8FA50030 */  lw      $a1, 0x0030($sp)           
/* 024DC 80B72D9C 8FA6002C */  lw      $a2, 0x002C($sp)           
.L80B72DA0:
/* 024E0 80B72DA0 0C038A4A */  jal     func_800E2928              
/* 024E4 80B72DA4 8FA40044 */  lw      $a0, 0x0044($sp)           
.L80B72DA8:
/* 024E8 80B72DA8 8FBF0024 */  lw      $ra, 0x0024($sp)           
.L80B72DAC:
/* 024EC 80B72DAC 8FB00020 */  lw      $s0, 0x0020($sp)           
/* 024F0 80B72DB0 27BD0040 */  addiu   $sp, $sp, 0x0040           ## $sp = 00000000
/* 024F4 80B72DB4 03E00008 */  jr      $ra                        
/* 024F8 80B72DB8 00000000 */  nop


glabel func_80B72DBC
/* 024FC 80B72DBC 27BDFFD8 */  addiu   $sp, $sp, 0xFFD8           ## $sp = FFFFFFD8
/* 02500 80B72DC0 AFB10020 */  sw      $s1, 0x0020($sp)           
/* 02504 80B72DC4 AFB0001C */  sw      $s0, 0x001C($sp)           
/* 02508 80B72DC8 00808025 */  or      $s0, $a0, $zero            ## $s0 = 00000000
/* 0250C 80B72DCC 00A08825 */  or      $s1, $a1, $zero            ## $s1 = 00000000
/* 02510 80B72DD0 AFBF0024 */  sw      $ra, 0x0024($sp)           
/* 02514 80B72DD4 8E190228 */  lw      $t9, 0x0228($s0)           ## 00000228
/* 02518 80B72DD8 02002025 */  or      $a0, $s0, $zero            ## $a0 = 00000000
/* 0251C 80B72DDC 02202825 */  or      $a1, $s1, $zero            ## $a1 = 00000000
/* 02520 80B72DE0 0320F809 */  jalr    $ra, $t9                   
/* 02524 80B72DE4 00000000 */  nop
/* 02528 80B72DE8 02002025 */  or      $a0, $s0, $zero            ## $a0 = 00000000
/* 0252C 80B72DEC 0C2DC864 */  jal     func_80B72190              
/* 02530 80B72DF0 02202825 */  or      $a1, $s1, $zero            ## $a1 = 00000000
/* 02534 80B72DF4 3C014270 */  lui     $at, 0x4270                ## $at = 42700000
/* 02538 80B72DF8 44812000 */  mtc1    $at, $f4                   ## $f4 = 60.00
/* 0253C 80B72DFC 240E0005 */  addiu   $t6, $zero, 0x0005         ## $t6 = 00000005
/* 02540 80B72E00 AFAE0014 */  sw      $t6, 0x0014($sp)           
/* 02544 80B72E04 02202025 */  or      $a0, $s1, $zero            ## $a0 = 00000000
/* 02548 80B72E08 02002825 */  or      $a1, $s0, $zero            ## $a1 = 00000000
/* 0254C 80B72E0C 3C064170 */  lui     $a2, 0x4170                ## $a2 = 41700000
/* 02550 80B72E10 3C0741F0 */  lui     $a3, 0x41F0                ## $a3 = 41F00000
/* 02554 80B72E14 0C02DE2E */  jal     func_800B78B8              
/* 02558 80B72E18 E7A40010 */  swc1    $f4, 0x0010($sp)           
/* 0255C 80B72E1C 02002025 */  or      $a0, $s0, $zero            ## $a0 = 00000000
/* 02560 80B72E20 0C2DCA5C */  jal     func_80B72970              
/* 02564 80B72E24 02202825 */  or      $a1, $s1, $zero            ## $a1 = 00000000
/* 02568 80B72E28 8E020228 */  lw      $v0, 0x0228($s0)           ## 00000228
/* 0256C 80B72E2C 3C0F80B7 */  lui     $t7, %hi(func_80B710E4)    ## $t7 = 80B70000
/* 02570 80B72E30 25EF10E4 */  addiu   $t7, $t7, %lo(func_80B710E4) ## $t7 = 80B710E4
/* 02574 80B72E34 11E20009 */  beq     $t7, $v0, .L80B72E5C       
/* 02578 80B72E38 3C1880B7 */  lui     $t8, %hi(func_80B7114C)    ## $t8 = 80B70000
/* 0257C 80B72E3C 2718114C */  addiu   $t8, $t8, %lo(func_80B7114C) ## $t8 = 80B7114C
/* 02580 80B72E40 13020006 */  beq     $t8, $v0, .L80B72E5C       
/* 02584 80B72E44 3C0880B7 */  lui     $t0, %hi(func_80B7123C)    ## $t0 = 80B70000
/* 02588 80B72E48 2508123C */  addiu   $t0, $t0, %lo(func_80B7123C) ## $t0 = 80B7123C
/* 0258C 80B72E4C 51020004 */  beql    $t0, $v0, .L80B72E60       
/* 02590 80B72E50 02002025 */  or      $a0, $s0, $zero            ## $a0 = 00000000
/* 02594 80B72E54 0C04DB34 */  jal     func_80136CD0              
/* 02598 80B72E58 260401E4 */  addiu   $a0, $s0, 0x01E4           ## $a0 = 000001E4
.L80B72E5C:
/* 0259C 80B72E5C 02002025 */  or      $a0, $s0, $zero            ## $a0 = 00000000
.L80B72E60:
/* 025A0 80B72E60 0C2DCA20 */  jal     func_80B72880              
/* 025A4 80B72E64 02202825 */  or      $a1, $s1, $zero            ## $a1 = 00000000
/* 025A8 80B72E68 02002025 */  or      $a0, $s0, $zero            ## $a0 = 00000000
/* 025AC 80B72E6C 0C2DC970 */  jal     func_80B725C0              
/* 025B0 80B72E70 02202825 */  or      $a1, $s1, $zero            ## $a1 = 00000000
/* 025B4 80B72E74 8FBF0024 */  lw      $ra, 0x0024($sp)           
/* 025B8 80B72E78 8FB0001C */  lw      $s0, 0x001C($sp)           
/* 025BC 80B72E7C 8FB10020 */  lw      $s1, 0x0020($sp)           
/* 025C0 80B72E80 03E00008 */  jr      $ra                        
/* 025C4 80B72E84 27BD0028 */  addiu   $sp, $sp, 0x0028           ## $sp = 00000000


glabel func_80B72E88
/* 025C8 80B72E88 27BDFFB8 */  addiu   $sp, $sp, 0xFFB8           ## $sp = FFFFFFB8
/* 025CC 80B72E8C AFA70054 */  sw      $a3, 0x0054($sp)           
/* 025D0 80B72E90 00A03825 */  or      $a3, $a1, $zero            ## $a3 = 00000000
/* 025D4 80B72E94 AFBF0014 */  sw      $ra, 0x0014($sp)           
/* 025D8 80B72E98 AFA40048 */  sw      $a0, 0x0048($sp)           
/* 025DC 80B72E9C AFA5004C */  sw      $a1, 0x004C($sp)           
/* 025E0 80B72EA0 AFA60050 */  sw      $a2, 0x0050($sp)           
/* 025E4 80B72EA4 2401000B */  addiu   $at, $zero, 0x000B         ## $at = 0000000B
/* 025E8 80B72EA8 14E10032 */  bne     $a3, $at, .L80B72F74       
/* 025EC 80B72EAC 8FAE0048 */  lw      $t6, 0x0048($sp)           
/* 025F0 80B72EB0 8DC4009C */  lw      $a0, 0x009C($t6)           ## 0000009C
/* 025F4 80B72EB4 8DC50000 */  lw      $a1, 0x0000($t6)           ## 00000000
/* 025F8 80B72EB8 AFA7004C */  sw      $a3, 0x004C($sp)           
/* 025FC 80B72EBC 00800821 */  addu    $at, $a0, $zero            
/* 02600 80B72EC0 00042080 */  sll     $a0, $a0,  2               
/* 02604 80B72EC4 00812023 */  subu    $a0, $a0, $at              
/* 02608 80B72EC8 00042100 */  sll     $a0, $a0,  4               
/* 0260C 80B72ECC 00812023 */  subu    $a0, $a0, $at              
/* 02610 80B72ED0 000420C0 */  sll     $a0, $a0,  3               
/* 02614 80B72ED4 00812023 */  subu    $a0, $a0, $at              
/* 02618 80B72ED8 00042100 */  sll     $a0, $a0,  4               
/* 0261C 80B72EDC 00042400 */  sll     $a0, $a0, 16               
/* 02620 80B72EE0 00042403 */  sra     $a0, $a0, 16               
/* 02624 80B72EE4 0C03FB61 */  jal     func_800FED84              
/* 02628 80B72EE8 AFA5003C */  sw      $a1, 0x003C($sp)           
/* 0262C 80B72EEC 3C0142BE */  lui     $at, 0x42BE                ## $at = 42BE0000
/* 02630 80B72EF0 44812000 */  mtc1    $at, $f4                   ## $f4 = 95.00
/* 02634 80B72EF4 3C014320 */  lui     $at, 0x4320                ## $at = 43200000
/* 02638 80B72EF8 44813000 */  mtc1    $at, $f6                   ## $f6 = 160.00
/* 0263C 80B72EFC 46040002 */  mul.s   $f0, $f0, $f4              
/* 02640 80B72F00 8FA5003C */  lw      $a1, 0x003C($sp)           
/* 02644 80B72F04 8FA7004C */  lw      $a3, 0x004C($sp)           
/* 02648 80B72F08 46000005 */  abs.s   $f0, $f0                   
/* 0264C 80B72F0C 46060200 */  add.s   $f8, $f0, $f6              
/* 02650 80B72F10 8CA302B0 */  lw      $v1, 0x02B0($a1)           ## 000002B0
/* 02654 80B72F14 3C18E700 */  lui     $t8, 0xE700                ## $t8 = E7000000
/* 02658 80B72F18 4600428D */  trunc.w.s $f10, $f8                  
/* 0265C 80B72F1C 246F0008 */  addiu   $t7, $v1, 0x0008           ## $t7 = 00000008
/* 02660 80B72F20 ACAF02B0 */  sw      $t7, 0x02B0($a1)           ## 000002B0
/* 02664 80B72F24 AC600004 */  sw      $zero, 0x0004($v1)         ## 00000004
/* 02668 80B72F28 AC780000 */  sw      $t8, 0x0000($v1)           ## 00000000
/* 0266C 80B72F2C 44025000 */  mfc1    $v0, $f10                  
/* 02670 80B72F30 8CA302B0 */  lw      $v1, 0x02B0($a1)           ## 000002B0
/* 02674 80B72F34 3C08FB00 */  lui     $t0, 0xFB00                ## $t0 = FB000000
/* 02678 80B72F38 00021400 */  sll     $v0, $v0, 16               
/* 0267C 80B72F3C 00021403 */  sra     $v0, $v0, 16               
/* 02680 80B72F40 304200FF */  andi    $v0, $v0, 0x00FF           ## $v0 = 00000000
/* 02684 80B72F44 00025600 */  sll     $t2, $v0, 24               
/* 02688 80B72F48 00025C00 */  sll     $t3, $v0, 16               
/* 0268C 80B72F4C 014B6025 */  or      $t4, $t2, $t3              ## $t4 = 00000000
/* 02690 80B72F50 00026A00 */  sll     $t5, $v0,  8               
/* 02694 80B72F54 24790008 */  addiu   $t9, $v1, 0x0008           ## $t9 = 00000008
/* 02698 80B72F58 ACB902B0 */  sw      $t9, 0x02B0($a1)           ## 000002B0
/* 0269C 80B72F5C 018D7025 */  or      $t6, $t4, $t5              ## $t6 = 00000000
/* 026A0 80B72F60 35CF00FF */  ori     $t7, $t6, 0x00FF           ## $t7 = 000000FF
/* 026A4 80B72F64 AC6F0004 */  sw      $t7, 0x0004($v1)           ## 00000004
/* 026A8 80B72F68 AC680000 */  sw      $t0, 0x0000($v1)           ## 00000000
/* 026AC 80B72F6C 1000001F */  beq     $zero, $zero, .L80B72FEC   
/* 026B0 80B72F70 2401000B */  addiu   $at, $zero, 0x000B         ## $at = 0000000B
.L80B72F74:
/* 026B4 80B72F74 2401000A */  addiu   $at, $zero, 0x000A         ## $at = 0000000A
/* 026B8 80B72F78 14E10010 */  bne     $a3, $at, .L80B72FBC       
/* 026BC 80B72F7C 27A40024 */  addiu   $a0, $sp, 0x0024           ## $a0 = FFFFFFDC
/* 026C0 80B72F80 3C1880B7 */  lui     $t8, %hi(D_80B734C4)       ## $t8 = 80B70000
/* 026C4 80B72F84 271834C4 */  addiu   $t8, $t8, %lo(D_80B734C4)  ## $t8 = 80B734C4
/* 026C8 80B72F88 8F080000 */  lw      $t0, 0x0000($t8)           ## 80B734C4
/* 026CC 80B72F8C AC880000 */  sw      $t0, 0x0000($a0)           ## FFFFFFDC
/* 026D0 80B72F90 8F190004 */  lw      $t9, 0x0004($t8)           ## 80B734C8
/* 026D4 80B72F94 AC990004 */  sw      $t9, 0x0004($a0)           ## FFFFFFE0
/* 026D8 80B72F98 8F080008 */  lw      $t0, 0x0008($t8)           ## 80B734CC
/* 026DC 80B72F9C AC880008 */  sw      $t0, 0x0008($a0)           ## FFFFFFE4
/* 026E0 80B72FA0 8FA5005C */  lw      $a1, 0x005C($sp)           
/* 026E4 80B72FA4 AFA7004C */  sw      $a3, 0x004C($sp)           
/* 026E8 80B72FA8 0C0606A6 */  jal     func_80181A98              
/* 026EC 80B72FAC 24A5003C */  addiu   $a1, $a1, 0x003C           ## $a1 = 0000003C
/* 026F0 80B72FB0 8FA7004C */  lw      $a3, 0x004C($sp)           
/* 026F4 80B72FB4 1000000D */  beq     $zero, $zero, .L80B72FEC   
/* 026F8 80B72FB8 2401000B */  addiu   $at, $zero, 0x000B         ## $at = 0000000B
.L80B72FBC:
/* 026FC 80B72FBC 2401000C */  addiu   $at, $zero, 0x000C         ## $at = 0000000C
/* 02700 80B72FC0 14E10009 */  bne     $a3, $at, .L80B72FE8       
/* 02704 80B72FC4 8FA9005C */  lw      $t1, 0x005C($sp)           
/* 02708 80B72FC8 852A03FA */  lh      $t2, 0x03FA($t1)           ## 000003FA
/* 0270C 80B72FCC 24010001 */  addiu   $at, $zero, 0x0001         ## $at = 00000001
/* 02710 80B72FD0 2404071C */  addiu   $a0, $zero, 0x071C         ## $a0 = 0000071C
/* 02714 80B72FD4 15410004 */  bne     $t2, $at, .L80B72FE8       
/* 02718 80B72FD8 24050001 */  addiu   $a1, $zero, 0x0001         ## $a1 = 00000001
/* 0271C 80B72FDC 0C06033E */  jal     func_80180CF8              
/* 02720 80B72FE0 AFA7004C */  sw      $a3, 0x004C($sp)           
/* 02724 80B72FE4 8FA7004C */  lw      $a3, 0x004C($sp)           
.L80B72FE8:
/* 02728 80B72FE8 2401000B */  addiu   $at, $zero, 0x000B         ## $at = 0000000B
.L80B72FEC:
/* 0272C 80B72FEC 10E10004 */  beq     $a3, $at, .L80B73000       
/* 02730 80B72FF0 00001025 */  or      $v0, $zero, $zero          ## $v0 = 00000000
/* 02734 80B72FF4 2401000C */  addiu   $at, $zero, 0x000C         ## $at = 0000000C
/* 02738 80B72FF8 14E10008 */  bne     $a3, $at, .L80B7301C       
/* 0273C 80B72FFC 00000000 */  nop
.L80B73000:
/* 02740 80B73000 8FAB005C */  lw      $t3, 0x005C($sp)           
/* 02744 80B73004 8FAE0050 */  lw      $t6, 0x0050($sp)           
/* 02748 80B73008 916C0402 */  lbu     $t4, 0x0402($t3)           ## 00000402
/* 0274C 80B7300C 318D0002 */  andi    $t5, $t4, 0x0002           ## $t5 = 00000000
/* 02750 80B73010 11A00002 */  beq     $t5, $zero, .L80B7301C     
/* 02754 80B73014 00000000 */  nop
/* 02758 80B73018 ADC00000 */  sw      $zero, 0x0000($t6)         ## 00000000
.L80B7301C:
/* 0275C 80B7301C 8FBF0014 */  lw      $ra, 0x0014($sp)           
/* 02760 80B73020 27BD0048 */  addiu   $sp, $sp, 0x0048           ## $sp = 00000000
/* 02764 80B73024 03E00008 */  jr      $ra                        
/* 02768 80B73028 00000000 */  nop


glabel func_80B7302C
/* 0276C 80B7302C 27BDFFE0 */  addiu   $sp, $sp, 0xFFE0           ## $sp = FFFFFFE0
/* 02770 80B73030 AFB10018 */  sw      $s1, 0x0018($sp)           
/* 02774 80B73034 AFB00014 */  sw      $s0, 0x0014($sp)           
/* 02778 80B73038 AFA7002C */  sw      $a3, 0x002C($sp)           
/* 0277C 80B7303C 00C03825 */  or      $a3, $a2, $zero            ## $a3 = 00000000
/* 02780 80B73040 00A08025 */  or      $s0, $a1, $zero            ## $s0 = 00000000
/* 02784 80B73044 8FB10030 */  lw      $s1, 0x0030($sp)           
/* 02788 80B73048 AFBF001C */  sw      $ra, 0x001C($sp)           
/* 0278C 80B7304C AFA40020 */  sw      $a0, 0x0020($sp)           
/* 02790 80B73050 AFA60028 */  sw      $a2, 0x0028($sp)           
/* 02794 80B73054 922E0402 */  lbu     $t6, 0x0402($s1)           ## 00000402
/* 02798 80B73058 02002025 */  or      $a0, $s0, $zero            ## $a0 = 00000000
/* 0279C 80B7305C 26250144 */  addiu   $a1, $s1, 0x0144           ## $a1 = 00000144
/* 027A0 80B73060 31CF0080 */  andi    $t7, $t6, 0x0080           ## $t7 = 00000000
/* 027A4 80B73064 55E0005D */  bnel    $t7, $zero, .L80B731DC     
/* 027A8 80B73068 8FBF001C */  lw      $ra, 0x001C($sp)           
/* 027AC 80B7306C 0C039FF7 */  jal     func_800E7FDC              
/* 027B0 80B73070 AFA70028 */  sw      $a3, 0x0028($sp)           
/* 027B4 80B73074 2403000B */  addiu   $v1, $zero, 0x000B         ## $v1 = 0000000B
/* 027B8 80B73078 8FA50020 */  lw      $a1, 0x0020($sp)           
/* 027BC 80B7307C 1603000E */  bne     $s0, $v1, .L80B730B8       
/* 027C0 80B73080 8FA70028 */  lw      $a3, 0x0028($sp)           
/* 027C4 80B73084 92220402 */  lbu     $v0, 0x0402($s1)           ## 00000402
/* 027C8 80B73088 30580001 */  andi    $t8, $v0, 0x0001           ## $t8 = 00000000
/* 027CC 80B7308C 1300000A */  beq     $t8, $zero, .L80B730B8     
/* 027D0 80B73090 30590002 */  andi    $t9, $v0, 0x0002           ## $t9 = 00000000
/* 027D4 80B73094 17200008 */  bne     $t9, $zero, .L80B730B8     
/* 027D8 80B73098 02202025 */  or      $a0, $s1, $zero            ## $a0 = 00000000
/* 027DC 80B7309C 0C02EF3B */  jal     func_800BBCEC              
/* 027E0 80B730A0 24060001 */  addiu   $a2, $zero, 0x0001         ## $a2 = 00000001
/* 027E4 80B730A4 92280402 */  lbu     $t0, 0x0402($s1)           ## 00000402
/* 027E8 80B730A8 2403000B */  addiu   $v1, $zero, 0x000B         ## $v1 = 0000000B
/* 027EC 80B730AC 35090002 */  ori     $t1, $t0, 0x0002           ## $t1 = 00000002
/* 027F0 80B730B0 1000000E */  beq     $zero, $zero, .L80B730EC   
/* 027F4 80B730B4 A2290402 */  sb      $t1, 0x0402($s1)           ## 00000402
.L80B730B8:
/* 027F8 80B730B8 92220402 */  lbu     $v0, 0x0402($s1)           ## 00000402
/* 027FC 80B730BC 304A0040 */  andi    $t2, $v0, 0x0040           ## $t2 = 00000000
/* 02800 80B730C0 5140000B */  beql    $t2, $zero, .L80B730F0     
/* 02804 80B730C4 862C03F0 */  lh      $t4, 0x03F0($s1)           ## 000003F0
/* 02808 80B730C8 16030002 */  bne     $s0, $v1, .L80B730D4       
/* 0280C 80B730CC 304B0001 */  andi    $t3, $v0, 0x0001           ## $t3 = 00000000
/* 02810 80B730D0 15600006 */  bne     $t3, $zero, .L80B730EC     
.L80B730D4:
/* 02814 80B730D4 2401000C */  addiu   $at, $zero, 0x000C         ## $at = 0000000C
/* 02818 80B730D8 12010004 */  beq     $s0, $at, .L80B730EC       
/* 0281C 80B730DC 02202025 */  or      $a0, $s1, $zero            ## $a0 = 00000000
/* 02820 80B730E0 0C02EF3B */  jal     func_800BBCEC              
/* 02824 80B730E4 24060001 */  addiu   $a2, $zero, 0x0001         ## $a2 = 00000001
/* 02828 80B730E8 2403000B */  addiu   $v1, $zero, 0x000B         ## $v1 = 0000000B
.L80B730EC:
/* 0282C 80B730EC 862C03F0 */  lh      $t4, 0x03F0($s1)           ## 000003F0
.L80B730F0:
/* 02830 80B730F0 24010002 */  addiu   $at, $zero, 0x0002         ## $at = 00000002
/* 02834 80B730F4 51800039 */  beql    $t4, $zero, .L80B731DC     
/* 02838 80B730F8 8FBF001C */  lw      $ra, 0x001C($sp)           
/* 0283C 80B730FC 12010019 */  beq     $s0, $at, .L80B73164       
/* 02840 80B73100 24010004 */  addiu   $at, $zero, 0x0004         ## $at = 00000004
/* 02844 80B73104 12010017 */  beq     $s0, $at, .L80B73164       
/* 02848 80B73108 24010005 */  addiu   $at, $zero, 0x0005         ## $at = 00000005
/* 0284C 80B7310C 12010015 */  beq     $s0, $at, .L80B73164       
/* 02850 80B73110 24010006 */  addiu   $at, $zero, 0x0006         ## $at = 00000006
/* 02854 80B73114 12010013 */  beq     $s0, $at, .L80B73164       
/* 02858 80B73118 24010007 */  addiu   $at, $zero, 0x0007         ## $at = 00000007
/* 0285C 80B7311C 12010011 */  beq     $s0, $at, .L80B73164       
/* 02860 80B73120 24010008 */  addiu   $at, $zero, 0x0008         ## $at = 00000008
/* 02864 80B73124 1201000F */  beq     $s0, $at, .L80B73164       
/* 02868 80B73128 24010009 */  addiu   $at, $zero, 0x0009         ## $at = 00000009
/* 0286C 80B7312C 1201000D */  beq     $s0, $at, .L80B73164       
/* 02870 80B73130 2401000D */  addiu   $at, $zero, 0x000D         ## $at = 0000000D
/* 02874 80B73134 1201000B */  beq     $s0, $at, .L80B73164       
/* 02878 80B73138 2401000E */  addiu   $at, $zero, 0x000E         ## $at = 0000000E
/* 0287C 80B7313C 12010009 */  beq     $s0, $at, .L80B73164       
/* 02880 80B73140 2401000F */  addiu   $at, $zero, 0x000F         ## $at = 0000000F
/* 02884 80B73144 12010007 */  beq     $s0, $at, .L80B73164       
/* 02888 80B73148 24010010 */  addiu   $at, $zero, 0x0010         ## $at = 00000010
/* 0288C 80B7314C 12010005 */  beq     $s0, $at, .L80B73164       
/* 02890 80B73150 24010011 */  addiu   $at, $zero, 0x0011         ## $at = 00000011
/* 02894 80B73154 12010003 */  beq     $s0, $at, .L80B73164       
/* 02898 80B73158 24010012 */  addiu   $at, $zero, 0x0012         ## $at = 00000012
/* 0289C 80B7315C 1601000C */  bne     $s0, $at, .L80B73190       
/* 028A0 80B73160 00000000 */  nop
.L80B73164:
/* 028A4 80B73164 8E2D02DC */  lw      $t5, 0x02DC($s1)           ## 000002DC
/* 028A8 80B73168 000D7080 */  sll     $t6, $t5,  2               
/* 028AC 80B7316C 01CD7023 */  subu    $t6, $t6, $t5              
/* 028B0 80B73170 000E7080 */  sll     $t6, $t6,  2               
/* 028B4 80B73174 022E2021 */  addu    $a0, $s1, $t6              
/* 028B8 80B73178 0C0606D4 */  jal     func_80181B50              
/* 028BC 80B7317C 24840234 */  addiu   $a0, $a0, 0x0234           ## $a0 = 00000234
/* 028C0 80B73180 8E2F02DC */  lw      $t7, 0x02DC($s1)           ## 000002DC
/* 028C4 80B73184 25F80001 */  addiu   $t8, $t7, 0x0001           ## $t8 = 00000001
/* 028C8 80B73188 10000013 */  beq     $zero, $zero, .L80B731D8   
/* 028CC 80B7318C AE3802DC */  sw      $t8, 0x02DC($s1)           ## 000002DC
.L80B73190:
/* 028D0 80B73190 56030012 */  bnel    $s0, $v1, .L80B731DC       
/* 028D4 80B73194 8FBF001C */  lw      $ra, 0x001C($sp)           
/* 028D8 80B73198 92390402 */  lbu     $t9, 0x0402($s1)           ## 00000402
/* 028DC 80B7319C 33280002 */  andi    $t0, $t9, 0x0002           ## $t0 = 00000000
/* 028E0 80B731A0 5500000E */  bnel    $t0, $zero, .L80B731DC     
/* 028E4 80B731A4 8FBF001C */  lw      $ra, 0x001C($sp)           
/* 028E8 80B731A8 8E2902DC */  lw      $t1, 0x02DC($s1)           ## 000002DC
/* 028EC 80B731AC 3C0480B7 */  lui     $a0, %hi(D_80B734D0)       ## $a0 = 80B70000
/* 028F0 80B731B0 248434D0 */  addiu   $a0, $a0, %lo(D_80B734D0)  ## $a0 = 80B734D0
/* 028F4 80B731B4 00095080 */  sll     $t2, $t1,  2               
/* 028F8 80B731B8 01495023 */  subu    $t2, $t2, $t1              
/* 028FC 80B731BC 000A5080 */  sll     $t2, $t2,  2               
/* 02900 80B731C0 022A2821 */  addu    $a1, $s1, $t2              
/* 02904 80B731C4 0C0606A6 */  jal     func_80181A98              
/* 02908 80B731C8 24A50234 */  addiu   $a1, $a1, 0x0234           ## $a1 = 00000234
/* 0290C 80B731CC 8E2B02DC */  lw      $t3, 0x02DC($s1)           ## 000002DC
/* 02910 80B731D0 256C0001 */  addiu   $t4, $t3, 0x0001           ## $t4 = 00000001
/* 02914 80B731D4 AE2C02DC */  sw      $t4, 0x02DC($s1)           ## 000002DC
.L80B731D8:
/* 02918 80B731D8 8FBF001C */  lw      $ra, 0x001C($sp)           
.L80B731DC:
/* 0291C 80B731DC 8FB00014 */  lw      $s0, 0x0014($sp)           
/* 02920 80B731E0 8FB10018 */  lw      $s1, 0x0018($sp)           
/* 02924 80B731E4 03E00008 */  jr      $ra                        
/* 02928 80B731E8 27BD0020 */  addiu   $sp, $sp, 0x0020           ## $sp = 00000000


glabel func_80B731EC
/* 0292C 80B731EC 27BDFFD0 */  addiu   $sp, $sp, 0xFFD0           ## $sp = FFFFFFD0
/* 02930 80B731F0 AFB00028 */  sw      $s0, 0x0028($sp)           
/* 02934 80B731F4 00808025 */  or      $s0, $a0, $zero            ## $s0 = 00000000
/* 02938 80B731F8 AFBF002C */  sw      $ra, 0x002C($sp)           
/* 0293C 80B731FC AFA50034 */  sw      $a1, 0x0034($sp)           
/* 02940 80B73200 AE0002DC */  sw      $zero, 0x02DC($s0)         ## 000002DC
/* 02944 80B73204 8FAE0034 */  lw      $t6, 0x0034($sp)           
/* 02948 80B73208 0C04B0A3 */  jal     func_8012C28C              
/* 0294C 80B7320C 8DC40000 */  lw      $a0, 0x0000($t6)           ## 00000000
/* 02950 80B73210 3C0F80B7 */  lui     $t7, %hi(func_80B7302C)    ## $t7 = 80B70000
/* 02954 80B73214 25EF302C */  addiu   $t7, $t7, %lo(func_80B7302C) ## $t7 = 80B7302C
/* 02958 80B73218 8E0501E8 */  lw      $a1, 0x01E8($s0)           ## 000001E8
/* 0295C 80B7321C 8E060204 */  lw      $a2, 0x0204($s0)           ## 00000204
/* 02960 80B73220 3C0780B7 */  lui     $a3, %hi(func_80B72E88)    ## $a3 = 80B70000
/* 02964 80B73224 24E72E88 */  addiu   $a3, $a3, %lo(func_80B72E88) ## $a3 = 80B72E88
/* 02968 80B73228 AFB00014 */  sw      $s0, 0x0014($sp)           
/* 0296C 80B7322C AFAF0010 */  sw      $t7, 0x0010($sp)           
/* 02970 80B73230 0C04CECF */  jal     func_80133B3C              
/* 02974 80B73234 8FA40034 */  lw      $a0, 0x0034($sp)           
/* 02978 80B73238 861803F0 */  lh      $t8, 0x03F0($s0)           ## 000003F0
/* 0297C 80B7323C 3C013F00 */  lui     $at, 0x3F00                ## $at = 3F000000
/* 02980 80B73240 5B00000F */  blezl   $t8, .L80B73280            
/* 02984 80B73244 92020402 */  lbu     $v0, 0x0402($s0)           ## 00000402
/* 02988 80B73248 C60402F0 */  lwc1    $f4, 0x02F0($s0)           ## 000002F0
/* 0298C 80B7324C 44813000 */  mtc1    $at, $f6                   ## $f6 = 0.50
/* 02990 80B73250 860702DE */  lh      $a3, 0x02DE($s0)           ## 000002DE
/* 02994 80B73254 E7A40010 */  swc1    $f4, 0x0010($sp)           
/* 02998 80B73258 E7A60014 */  swc1    $f6, 0x0014($sp)           
/* 0299C 80B7325C C60802EC */  lwc1    $f8, 0x02EC($s0)           ## 000002EC
/* 029A0 80B73260 8FA40034 */  lw      $a0, 0x0034($sp)           
/* 029A4 80B73264 02002825 */  or      $a1, $s0, $zero            ## $a1 = 00000000
/* 029A8 80B73268 E7A80018 */  swc1    $f8, 0x0018($sp)           
/* 029AC 80B7326C 92190403 */  lbu     $t9, 0x0403($s0)           ## 00000403
/* 029B0 80B73270 26060234 */  addiu   $a2, $s0, 0x0234           ## $a2 = 00000234
/* 029B4 80B73274 0C02F9A0 */  jal     func_800BE680              
/* 029B8 80B73278 AFB9001C */  sw      $t9, 0x001C($sp)           
/* 029BC 80B7327C 92020402 */  lbu     $v0, 0x0402($s0)           ## 00000402
.L80B73280:
/* 029C0 80B73280 30480040 */  andi    $t0, $v0, 0x0040           ## $t0 = 00000000
/* 029C4 80B73284 11000004 */  beq     $t0, $zero, .L80B73298     
/* 029C8 80B73288 30490080 */  andi    $t1, $v0, 0x0080           ## $t1 = 00000000
/* 029CC 80B7328C 15200002 */  bne     $t1, $zero, .L80B73298     
/* 029D0 80B73290 344A0080 */  ori     $t2, $v0, 0x0080           ## $t2 = 00000080
/* 029D4 80B73294 A20A0402 */  sb      $t2, 0x0402($s0)           ## 00000402
.L80B73298:
/* 029D8 80B73298 8FBF002C */  lw      $ra, 0x002C($sp)           
/* 029DC 80B7329C 8FB00028 */  lw      $s0, 0x0028($sp)           
/* 029E0 80B732A0 27BD0030 */  addiu   $sp, $sp, 0x0030           ## $sp = 00000000
/* 029E4 80B732A4 03E00008 */  jr      $ra                        
/* 029E8 80B732A8 00000000 */  nop
/* 029EC 80B732AC 00000000 */  nop

.section .data

D_80B732B0: .word 0x02120500, 0x00000015, 0x01420000, 0x00000404
.word func_80B70DEC
.word func_80B70F74
.word func_80B72DBC
.word func_80B731EC
D_80B732D0: .word \
0x060064E0, 0x3F75C28F, 0x00000000, 0x00000000, \
0x00000000, 0xC0800000, 0x06003584, 0x3F800000, \
0x00000000, 0x00000000, 0x02000000, 0xBF800000, \
0x06002190, 0x3F19999A, 0x00000000, 0x00000000, \
0x03000000, 0x40800000, 0x06002AC8, 0x3F800000, \
0x00000000, 0x00000000, 0x02000000, 0xC0800000, \
0x0600270C, 0x3F800000, 0x00000000, 0x00000000, \
0x02000000, 0xC0800000, 0x0600697C, 0x3F800000, \
0x00000000, 0x00000000, 0x00000000, 0xC0800000, \
0x06006D90, 0x3F800000, 0x00000000, 0x00000000, \
0x00000000, 0xC0800000, 0x06001D1C, 0x3F800000, \
0x00000000, 0x00000000, 0x00000000, 0xC0800000, \
0x06003584, 0x3F800000, 0x00000000, 0x00000000, \
0x02000000, 0xC1000000, 0x06003584, 0x3F800000, \
0x00000000, 0x00000000, 0x02000000, 0xC1800000, \
0x06002AC8, 0x3F800000, 0x00000000, 0x00000000, \
0x02000000, 0xC1000000, 0x060015EC, 0x3F800000, \
0x00000000, 0x00000000, 0x02000000, 0xC1000000, \
0x060009E4, 0x3F800000, 0x00000000, 0x00000000, \
0x00000000, 0xC1000000
D_80B73408: .word \
0x00000000, 0xF7CFFFFF, 0x00040000, 0x00000000, \
0x00000000, 0x01000000, 0x0F000000, 0x00000000, \
0x000A0064, 0x00000000, 0x00000000, 0x00000000, \
0xF7CFFFFF, 0x00000000, 0x00050100, 0x01000000, \
0x00000000, 0x00140064
D_80B73450: .word 0x06110939, 0x10000000, 0x00000002
.word D_80B73408
D_80B73460: .word 0x02000000, 0x00000000, 0xFF000000
D_80B7346C: .word \
0x10D100F1, 0xC3C3F211, 0xF2F1F123, 0x3342F110, \
0xD1F210B0, 0x0000F1F1, 0xF1020400, 0x000000F1
D_80B7348C: .word 0x00000000
D_80B73490: .word 0xB05407D0, 0x3874F830
D_80B73498: .word 0x00000000, 0x41000000, 0x00000000
D_80B734A4: .word 0x00000000, 0xBFC00000, 0x00000000
D_80B734B0: .word 0xAAFFFFFF
D_80B734B4: .word 0xC8C8FFFF
D_80B734B8: .word 0x00000000, 0xBF800000, 0x00000000
D_80B734C4: .word 0x00000000, 0x447A0000, 0x00000000
D_80B734D0: .word 0x44480000, 0x44960000, 0x00000000, 0x00000000

.section .rodata

D_80B734E0: .word 0x3FCCCCCD
D_80B734E4: .word 0xC59C4000
D_80B734E8: .word .L80B71880
.word .L80B71880
.word .L80B71880
.word .L80B71824
.word .L80B71848
.word .L80B71858
.word .L80B71868
D_80B73504: .word 0x3DCCCCCD
D_80B73508: .word 0x3DCCCCCD
D_80B7350C: .word 0xC59C4000
D_80B73510: .word .L80B71FD4
.word .L80B71FF0
.word .L80B7200C
.word .L80B72028
.word .L80B720EC
.word .L80B72044
.word .L80B72060
.word .L80B720AC
.word .L80B720D0
.word .L80B72028
D_80B73538: .word 0x3D4CCCCD
D_80B7353C: .word 0x3F19999A
D_80B73540: .word .L80B72DA8
.word .L80B72A3C
.word .L80B72DA8
.word .L80B72DA8
.word .L80B72A3C
.word .L80B72A3C
.word .L80B72A3C
.word .L80B72A3C
.word .L80B72A3C
.word .L80B72A3C
.word .L80B72A3C
.word .L80B72DA8
.word .L80B72DA8
D_80B73574: .word .L80B72B1C
.word .L80B72B48
.word .L80B72BC0
.word .L80B72C38
.word .L80B72D3C
.word .L80B72D3C
.word .L80B72D3C
.word .L80B72D3C
.word .L80B72D3C
.word .L80B72D3C
.word .L80B72ACC
.word .L80B72CAC
.word .L80B72CF0
.word .L80B72CAC
.word .L80B72CB8


.section .rodata
D_80B735B0:
.incbin "baserom/En_Rail_Skb", 0x2CF0, 0x000004E0
