.include "macro.inc"

# assembler directives
.set noat      # allow manual use of $at
.set noreorder # don't insert nops after branches
.set gp=64     # allow use of 64-bit general purpose registers

.section .text
glabel func_80A16D40
/* 00000 80A16D40 28C10040 */  slti    $at, $a2, 0x0040           
/* 00004 80A16D44 10200007 */  beq     $at, $zero, .L80A16D64     
/* 00008 80A16D48 00A67021 */  addu    $t6, $a1, $a2              
/* 0000C 80A16D4C 91CF0000 */  lbu     $t7, 0x0000($t6)           ## 00000000
/* 00010 80A16D50 0006C040 */  sll     $t8, $a2,  1               
/* 00014 80A16D54 0098C821 */  addu    $t9, $a0, $t8              
/* 00018 80A16D58 11E00002 */  beq     $t7, $zero, .L80A16D64     
/* 0001C 80A16D5C 00000000 */  nop
/* 00020 80A16D60 A7200000 */  sh      $zero, 0x0000($t9)         ## 00000000
.L80A16D64:
/* 00024 80A16D64 03E00008 */  jr      $ra                        
/* 00028 80A16D68 00000000 */  nop


glabel func_80A16D6C
/* 0002C 80A16D6C 00A67021 */  addu    $t6, $a1, $a2              
/* 00030 80A16D70 91CF0000 */  lbu     $t7, 0x0000($t6)           ## 00000000
/* 00034 80A16D74 0006C040 */  sll     $t8, $a2,  1               
/* 00038 80A16D78 0098C821 */  addu    $t9, $a0, $t8              
/* 0003C 80A16D7C 11E00002 */  beq     $t7, $zero, .L80A16D88     
/* 00040 80A16D80 00000000 */  nop
/* 00044 80A16D84 A7200000 */  sh      $zero, 0x0000($t9)         ## 00000000
.L80A16D88:
/* 00048 80A16D88 03E00008 */  jr      $ra                        
/* 0004C 80A16D8C 00000000 */  nop


glabel func_80A16D90
/* 00050 80A16D90 27BDFF90 */  addiu   $sp, $sp, 0xFF90           ## $sp = FFFFFF90
/* 00054 80A16D94 AFB40034 */  sw      $s4, 0x0034($sp)           
/* 00058 80A16D98 AFB30030 */  sw      $s3, 0x0030($sp)           
/* 0005C 80A16D9C 27B30060 */  addiu   $s3, $sp, 0x0060           ## $s3 = FFFFFFF0
/* 00060 80A16DA0 0080A025 */  or      $s4, $a0, $zero            ## $s4 = 00000000
/* 00064 80A16DA4 AFBF003C */  sw      $ra, 0x003C($sp)           
/* 00068 80A16DA8 AFB50038 */  sw      $s5, 0x0038($sp)           
/* 0006C 80A16DAC AFB2002C */  sw      $s2, 0x002C($sp)           
/* 00070 80A16DB0 AFB10028 */  sw      $s1, 0x0028($sp)           
/* 00074 80A16DB4 AFB00024 */  sw      $s0, 0x0024($sp)           
/* 00078 80A16DB8 AFA50074 */  sw      $a1, 0x0074($sp)           
/* 0007C 80A16DBC 3C0E80A2 */  lui     $t6, %hi(D_80A193BC)       ## $t6 = 80A20000
/* 00080 80A16DC0 25CE93BC */  addiu   $t6, $t6, %lo(D_80A193BC)  ## $t6 = 80A193BC
/* 00084 80A16DC4 8DD80000 */  lw      $t8, 0x0000($t6)           ## 80A193BC
/* 00088 80A16DC8 02802025 */  or      $a0, $s4, $zero            ## $a0 = 00000000
/* 0008C 80A16DCC 00002825 */  or      $a1, $zero, $zero          ## $a1 = 00000000
/* 00090 80A16DD0 AE780000 */  sw      $t8, 0x0000($s3)           ## FFFFFFF0
/* 00094 80A16DD4 8DCF0004 */  lw      $t7, 0x0004($t6)           ## 80A193C0
/* 00098 80A16DD8 AE6F0004 */  sw      $t7, 0x0004($s3)           ## FFFFFFF4
/* 0009C 80A16DDC 8DD80008 */  lw      $t8, 0x0008($t6)           ## 80A193C4
/* 000A0 80A16DE0 AE780008 */  sw      $t8, 0x0008($s3)           ## FFFFFFF8
/* 000A4 80A16DE4 0C032B84 */  jal     func_800CAE10              
/* 000A8 80A16DE8 AFA00054 */  sw      $zero, 0x0054($sp)         
/* 000AC 80A16DEC 3C040600 */  lui     $a0, 0x0600                ## $a0 = 06000000
/* 000B0 80A16DF0 24840108 */  addiu   $a0, $a0, 0x0108           ## $a0 = 06000108
/* 000B4 80A16DF4 0C032559 */  jal     func_800C9564              
/* 000B8 80A16DF8 27A50054 */  addiu   $a1, $sp, 0x0054           ## $a1 = FFFFFFE4
/* 000BC 80A16DFC 8FA40074 */  lw      $a0, 0x0074($sp)           
/* 000C0 80A16E00 02803025 */  or      $a2, $s4, $zero            ## $a2 = 00000000
/* 000C4 80A16E04 8FA70054 */  lw      $a3, 0x0054($sp)           
/* 000C8 80A16E08 0C031862 */  jal     func_800C6188              
/* 000CC 80A16E0C 24850880 */  addiu   $a1, $a0, 0x0880           ## $a1 = 00000880
/* 000D0 80A16E10 AE820144 */  sw      $v0, 0x0144($s4)           ## 00000144
/* 000D4 80A16E14 3C0780A2 */  lui     $a3, %hi(D_80A18EE0)       ## $a3 = 80A20000
/* 000D8 80A16E18 24E78EE0 */  addiu   $a3, $a3, %lo(D_80A18EE0)  ## $a3 = 80A18EE0
/* 000DC 80A16E1C 8FA40074 */  lw      $a0, 0x0074($sp)           
/* 000E0 80A16E20 268503D0 */  addiu   $a1, $s4, 0x03D0           ## $a1 = 000003D0
/* 000E4 80A16E24 0C0384DD */  jal     func_800E1374              
/* 000E8 80A16E28 02803025 */  or      $a2, $s4, $zero            ## $a2 = 00000000
/* 000EC 80A16E2C 24190003 */  addiu   $t9, $zero, 0x0003         ## $t9 = 00000003
/* 000F0 80A16E30 240800FF */  addiu   $t0, $zero, 0x00FF         ## $t0 = 000000FF
/* 000F4 80A16E34 A299001F */  sb      $t9, 0x001F($s4)           ## 0000001F
/* 000F8 80A16E38 A28800B6 */  sb      $t0, 0x00B6($s4)           ## 000000B6
/* 000FC 80A16E3C 3C060600 */  lui     $a2, 0x0600                ## $a2 = 06000000
/* 00100 80A16E40 3C070600 */  lui     $a3, 0x0600                ## $a3 = 06000000
/* 00104 80A16E44 268901A0 */  addiu   $t1, $s4, 0x01A0           ## $t1 = 000001A0
/* 00108 80A16E48 268A01E8 */  addiu   $t2, $s4, 0x01E8           ## $t2 = 000001E8
/* 0010C 80A16E4C 240B000C */  addiu   $t3, $zero, 0x000C         ## $t3 = 0000000C
/* 00110 80A16E50 AFAB0018 */  sw      $t3, 0x0018($sp)           
/* 00114 80A16E54 AFAA0014 */  sw      $t2, 0x0014($sp)           
/* 00118 80A16E58 AFA90010 */  sw      $t1, 0x0010($sp)           
/* 0011C 80A16E5C 24E70A64 */  addiu   $a3, $a3, 0x0A64           ## $a3 = 06000A64
/* 00120 80A16E60 24C63428 */  addiu   $a2, $a2, 0x3428           ## $a2 = 06003428
/* 00124 80A16E64 8FA40074 */  lw      $a0, 0x0074($sp)           
/* 00128 80A16E68 0C04DACC */  jal     func_80136B30              
/* 0012C 80A16E6C 2685015C */  addiu   $a1, $s4, 0x015C           ## $a1 = 0000015C
/* 00130 80A16E70 00008025 */  or      $s0, $zero, $zero          ## $s0 = 00000000
/* 00134 80A16E74 26910234 */  addiu   $s1, $s4, 0x0234           ## $s1 = 00000234
/* 00138 80A16E78 269202C4 */  addiu   $s2, $s4, 0x02C4           ## $s2 = 000002C4
/* 0013C 80A16E7C 24150090 */  addiu   $s5, $zero, 0x0090         ## $s5 = 00000090
.L80A16E80:
/* 00140 80A16E80 02402025 */  or      $a0, $s2, $zero            ## $a0 = 000002C4
/* 00144 80A16E84 0C03FD43 */  jal     func_800FF50C              
/* 00148 80A16E88 02602825 */  or      $a1, $s3, $zero            ## $a1 = FFFFFFF0
/* 0014C 80A16E8C 02202025 */  or      $a0, $s1, $zero            ## $a0 = 00000234
/* 00150 80A16E90 0C03FD43 */  jal     func_800FF50C              
/* 00154 80A16E94 02602825 */  or      $a1, $s3, $zero            ## $a1 = FFFFFFF0
/* 00158 80A16E98 2610000C */  addiu   $s0, $s0, 0x000C           ## $s0 = 0000000C
/* 0015C 80A16E9C 2631000C */  addiu   $s1, $s1, 0x000C           ## $s1 = 00000240
/* 00160 80A16EA0 1615FFF7 */  bne     $s0, $s5, .L80A16E80       
/* 00164 80A16EA4 2652000C */  addiu   $s2, $s2, 0x000C           ## $s2 = 000002D0
/* 00168 80A16EA8 3C0C80A2 */  lui     $t4, %hi(D_80A1939C)       ## $t4 = 80A20000
/* 0016C 80A16EAC 258C939C */  addiu   $t4, $t4, %lo(D_80A1939C)  ## $t4 = 80A1939C
/* 00170 80A16EB0 AE8C00A0 */  sw      $t4, 0x00A0($s4)           ## 000000A0
/* 00174 80A16EB4 3C0D801F */  lui     $t5, 0x801F                ## $t5 = 801F0000
/* 00178 80A16EB8 8DAD3F60 */  lw      $t5, 0x3F60($t5)           ## 801F3F60
/* 0017C 80A16EBC 8682001C */  lh      $v0, 0x001C($s4)           ## 0000001C
/* 00180 80A16EC0 2401007F */  addiu   $at, $zero, 0x007F         ## $at = 0000007F
/* 00184 80A16EC4 85AE12D6 */  lh      $t6, 0x12D6($t5)           ## 801F12D6
/* 00188 80A16EC8 304A007F */  andi    $t2, $v0, 0x007F           ## $t2 = 00000000
/* 0018C 80A16ECC A68A03C0 */  sh      $t2, 0x03C0($s4)           ## 000003C0
/* 00190 80A16ED0 868B03C0 */  lh      $t3, 0x03C0($s4)           ## 000003C0
/* 00194 80A16ED4 0002C303 */  sra     $t8, $v0, 12               
/* 00198 80A16ED8 000241C3 */  sra     $t0, $v0,  7               
/* 0019C 80A16EDC 3319000F */  andi    $t9, $t8, 0x000F           ## $t9 = 00000000
/* 001A0 80A16EE0 3109001F */  andi    $t1, $t0, 0x001F           ## $t1 = 00000000
/* 001A4 80A16EE4 25CF0002 */  addiu   $t7, $t6, 0x0002           ## $t7 = 00000002
/* 001A8 80A16EE8 A28F00B7 */  sb      $t7, 0x00B7($s4)           ## 000000B7
/* 001AC 80A16EEC A69903BE */  sh      $t9, 0x03BE($s4)           ## 000003BE
/* 001B0 80A16EF0 15610003 */  bne     $t3, $at, .L80A16F00       
/* 001B4 80A16EF4 A68903BA */  sh      $t1, 0x03BA($s4)           ## 000003BA
/* 001B8 80A16EF8 240CFFFF */  addiu   $t4, $zero, 0xFFFF         ## $t4 = FFFFFFFF
/* 001BC 80A16EFC A68C03C0 */  sh      $t4, 0x03C0($s4)           ## 000003C0
.L80A16F00:
/* 001C0 80A16F00 868D03BA */  lh      $t5, 0x03BA($s4)           ## 000003BA
/* 001C4 80A16F04 2401001F */  addiu   $at, $zero, 0x001F         ## $at = 0000001F
/* 001C8 80A16F08 240EFFFF */  addiu   $t6, $zero, 0xFFFF         ## $t6 = FFFFFFFF
/* 001CC 80A16F0C 15A10003 */  bne     $t5, $at, .L80A16F1C       
/* 001D0 80A16F10 240F001E */  addiu   $t7, $zero, 0x001E         ## $t7 = 0000001E
/* 001D4 80A16F14 10000002 */  beq     $zero, $zero, .L80A16F20   
/* 001D8 80A16F18 A68E03BA */  sh      $t6, 0x03BA($s4)           ## 000003BA
.L80A16F1C:
/* 001DC 80A16F1C A68F03BA */  sh      $t7, 0x03BA($s4)           ## 000003BA
.L80A16F20:
/* 001E0 80A16F20 868503C0 */  lh      $a1, 0x03C0($s4)           ## 000003C0
/* 001E4 80A16F24 04A1000A */  bgez    $a1, .L80A16F50            
/* 001E8 80A16F28 00000000 */  nop
/* 001EC 80A16F2C 869803BE */  lh      $t8, 0x03BE($s4)           ## 000003BE
/* 001F0 80A16F30 24010001 */  addiu   $at, $zero, 0x0001         ## $at = 00000001
/* 001F4 80A16F34 3C19801F */  lui     $t9, 0x801F                ## $t9 = 801F0000
/* 001F8 80A16F38 13010005 */  beq     $t8, $at, .L80A16F50       
/* 001FC 80A16F3C 00000000 */  nop
/* 00200 80A16F40 93390574 */  lbu     $t9, 0x0574($t9)           ## 801F0574
/* 00204 80A16F44 33280001 */  andi    $t0, $t9, 0x0001           ## $t0 = 00000000
/* 00208 80A16F48 5100001D */  beql    $t0, $zero, .L80A16FC0     
/* 0020C 80A16F4C 3C013F80 */  lui     $at, 0x3F80                ## $at = 3F800000
.L80A16F50:
/* 00210 80A16F50 0C02D6EC */  jal     func_800B5BB0              
/* 00214 80A16F54 8FA40074 */  lw      $a0, 0x0074($sp)           
/* 00218 80A16F58 14400004 */  bne     $v0, $zero, .L80A16F6C     
/* 0021C 80A16F5C 24100018 */  addiu   $s0, $zero, 0x0018         ## $s0 = 00000018
/* 00220 80A16F60 868903BE */  lh      $t1, 0x03BE($s4)           ## 000003BE
/* 00224 80A16F64 24010001 */  addiu   $at, $zero, 0x0001         ## $at = 00000001
/* 00228 80A16F68 15210014 */  bne     $t1, $at, .L80A16FBC       
.L80A16F6C:
/* 0022C 80A16F6C 26820018 */  addiu   $v0, $s4, 0x0018           ## $v0 = 00000018
/* 00230 80A16F70 3C13801D */  lui     $s3, 0x801D                ## $s3 = 801D0000
/* 00234 80A16F74 267315B0 */  addiu   $s3, $s3, 0x15B0           ## $s3 = 801D15B0
/* 00238 80A16F78 245102C4 */  addiu   $s1, $v0, 0x02C4           ## $s1 = 000002DC
/* 0023C 80A16F7C 24520234 */  addiu   $s2, $v0, 0x0234           ## $s2 = 0000024C
/* 00240 80A16F80 24150084 */  addiu   $s5, $zero, 0x0084         ## $s5 = 00000084
.L80A16F84:
/* 00244 80A16F84 02402025 */  or      $a0, $s2, $zero            ## $a0 = 0000024C
/* 00248 80A16F88 0C03FD43 */  jal     func_800FF50C              
/* 0024C 80A16F8C 02602825 */  or      $a1, $s3, $zero            ## $a1 = 801D15B0
/* 00250 80A16F90 02202025 */  or      $a0, $s1, $zero            ## $a0 = 000002DC
/* 00254 80A16F94 0C03FD43 */  jal     func_800FF50C              
/* 00258 80A16F98 02602825 */  or      $a1, $s3, $zero            ## $a1 = 801D15B0
/* 0025C 80A16F9C 2610000C */  addiu   $s0, $s0, 0x000C           ## $s0 = 00000024
/* 00260 80A16FA0 2631000C */  addiu   $s1, $s1, 0x000C           ## $s1 = 000002E8
/* 00264 80A16FA4 1615FFF7 */  bne     $s0, $s5, .L80A16F84       
/* 00268 80A16FA8 2652000C */  addiu   $s2, $s2, 0x000C           ## $s2 = 00000258
/* 0026C 80A16FAC 0C286020 */  jal     func_80A18080              
/* 00270 80A16FB0 02802025 */  or      $a0, $s4, $zero            ## $a0 = 00000000
/* 00274 80A16FB4 10000010 */  beq     $zero, $zero, .L80A16FF8   
/* 00278 80A16FB8 8FBF003C */  lw      $ra, 0x003C($sp)           
.L80A16FBC:
/* 0027C 80A16FBC 3C013F80 */  lui     $at, 0x3F80                ## $at = 3F800000
.L80A16FC0:
/* 00280 80A16FC0 44816000 */  mtc1    $at, $f12                  ## $f12 = 1.00
/* 00284 80A16FC4 0C05E565 */  jal     func_80179594              
/* 00288 80A16FC8 00000000 */  nop
/* 0028C 80A16FCC 3C0180A2 */  lui     $at, %hi(D_80A194F0)       ## $at = 80A20000
/* 00290 80A16FD0 C42494F0 */  lwc1    $f4, %lo(D_80A194F0)($at)  
/* 00294 80A16FD4 3C053C23 */  lui     $a1, 0x3C23                ## $a1 = 3C230000
/* 00298 80A16FD8 34A5D70A */  ori     $a1, $a1, 0xD70A           ## $a1 = 3C23D70A
/* 0029C 80A16FDC 46040182 */  mul.s   $f6, $f0, $f4              
/* 002A0 80A16FE0 02802025 */  or      $a0, $s4, $zero            ## $a0 = 00000000
/* 002A4 80A16FE4 0C02D9F8 */  jal     func_800B67E0              
/* 002A8 80A16FE8 E68603B0 */  swc1    $f6, 0x03B0($s4)           ## 000003B0
/* 002AC 80A16FEC 0C285C4B */  jal     func_80A1712C              
/* 002B0 80A16FF0 02802025 */  or      $a0, $s4, $zero            ## $a0 = 00000000
/* 002B4 80A16FF4 8FBF003C */  lw      $ra, 0x003C($sp)           
.L80A16FF8:
/* 002B8 80A16FF8 8FB00024 */  lw      $s0, 0x0024($sp)           
/* 002BC 80A16FFC 8FB10028 */  lw      $s1, 0x0028($sp)           
/* 002C0 80A17000 8FB2002C */  lw      $s2, 0x002C($sp)           
/* 002C4 80A17004 8FB30030 */  lw      $s3, 0x0030($sp)           
/* 002C8 80A17008 8FB40034 */  lw      $s4, 0x0034($sp)           
/* 002CC 80A1700C 8FB50038 */  lw      $s5, 0x0038($sp)           
/* 002D0 80A17010 03E00008 */  jr      $ra                        
/* 002D4 80A17014 27BD0070 */  addiu   $sp, $sp, 0x0070           ## $sp = 00000000


glabel func_80A17018
/* 002D8 80A17018 27BDFFE8 */  addiu   $sp, $sp, 0xFFE8           ## $sp = FFFFFFE8
/* 002DC 80A1701C AFBF0014 */  sw      $ra, 0x0014($sp)           
/* 002E0 80A17020 AFA40018 */  sw      $a0, 0x0018($sp)           
/* 002E4 80A17024 00A03825 */  or      $a3, $a1, $zero            ## $a3 = 00000000
/* 002E8 80A17028 8FAE0018 */  lw      $t6, 0x0018($sp)           
/* 002EC 80A1702C 00E02025 */  or      $a0, $a3, $zero            ## $a0 = 00000000
/* 002F0 80A17030 24E50880 */  addiu   $a1, $a3, 0x0880           ## $a1 = 00000880
/* 002F4 80A17034 8DC60144 */  lw      $a2, 0x0144($t6)           ## 00000144
/* 002F8 80A17038 0C031933 */  jal     func_800C64CC              
/* 002FC 80A1703C AFA7001C */  sw      $a3, 0x001C($sp)           
/* 00300 80A17040 8FA50018 */  lw      $a1, 0x0018($sp)           
/* 00304 80A17044 8FA4001C */  lw      $a0, 0x001C($sp)           
/* 00308 80A17048 0C03847B */  jal     func_800E11EC              
/* 0030C 80A1704C 24A503D0 */  addiu   $a1, $a1, 0x03D0           ## $a1 = 000003D0
/* 00310 80A17050 8FBF0014 */  lw      $ra, 0x0014($sp)           
/* 00314 80A17054 27BD0018 */  addiu   $sp, $sp, 0x0018           ## $sp = 00000000
/* 00318 80A17058 03E00008 */  jr      $ra                        
/* 0031C 80A1705C 00000000 */  nop


glabel func_80A17060
/* 00320 80A17060 27BDFFC8 */  addiu   $sp, $sp, 0xFFC8           ## $sp = FFFFFFC8
/* 00324 80A17064 AFBF0024 */  sw      $ra, 0x0024($sp)           
/* 00328 80A17068 AFA40038 */  sw      $a0, 0x0038($sp)           
/* 0032C 80A1706C AFA5003C */  sw      $a1, 0x003C($sp)           
/* 00330 80A17070 8FAE003C */  lw      $t6, 0x003C($sp)           
/* 00334 80A17074 3C013F80 */  lui     $at, 0x3F80                ## $at = 3F800000
/* 00338 80A17078 3C1880A2 */  lui     $t8, %hi(D_80A193C8)       ## $t8 = 80A20000
/* 0033C 80A1707C 44800000 */  mtc1    $zero, $f0                 ## $f0 = 0.00
/* 00340 80A17080 44811000 */  mtc1    $at, $f2                   ## $f2 = 1.00
/* 00344 80A17084 271893C8 */  addiu   $t8, $t8, %lo(D_80A193C8)  ## $t8 = 80A193C8
/* 00348 80A17088 000E7880 */  sll     $t7, $t6,  2               
/* 0034C 80A1708C 01F84021 */  addu    $t0, $t7, $t8              
/* 00350 80A17090 8D040000 */  lw      $a0, 0x0000($t0)           ## 00000000
/* 00354 80A17094 AFA8002C */  sw      $t0, 0x002C($sp)           
/* 00358 80A17098 E7A00034 */  swc1    $f0, 0x0034($sp)           
/* 0035C 80A1709C 0C04D1D2 */  jal     func_80134748              
/* 00360 80A170A0 E7A20030 */  swc1    $f2, 0x0030($sp)           
/* 00364 80A170A4 44822000 */  mtc1    $v0, $f4                   ## $f4 = 0.00
/* 00368 80A170A8 8FA30038 */  lw      $v1, 0x0038($sp)           
/* 0036C 80A170AC 8FA9003C */  lw      $t1, 0x003C($sp)           
/* 00370 80A170B0 468021A0 */  cvt.s.w $f6, $f4                   
/* 00374 80A170B4 8FA8002C */  lw      $t0, 0x002C($sp)           
/* 00378 80A170B8 C7A00034 */  lwc1    $f0, 0x0034($sp)           
/* 0037C 80A170BC C7A20030 */  lwc1    $f2, 0x0030($sp)           
/* 00380 80A170C0 2464015C */  addiu   $a0, $v1, 0x015C           ## $a0 = 0000015C
/* 00384 80A170C4 15200003 */  bne     $t1, $zero, .L80A170D4     
/* 00388 80A170C8 E46603A0 */  swc1    $f6, 0x03A0($v1)           ## 000003A0
/* 0038C 80A170CC 10000006 */  beq     $zero, $zero, .L80A170E8   
/* 00390 80A170D0 C46003A0 */  lwc1    $f0, 0x03A0($v1)           ## 000003A0
.L80A170D4:
/* 00394 80A170D4 24010001 */  addiu   $at, $zero, 0x0001         ## $at = 00000001
/* 00398 80A170D8 15210003 */  bne     $t1, $at, .L80A170E8       
/* 0039C 80A170DC 3C014000 */  lui     $at, 0x4000                ## $at = 40000000
/* 003A0 80A170E0 44811000 */  mtc1    $at, $f2                   ## $f2 = 2.00
/* 003A4 80A170E4 00000000 */  nop
.L80A170E8:
/* 003A8 80A170E8 3C1980A2 */  lui     $t9, %hi(D_80A193E0)       ## $t9 = 80A20000
/* 003AC 80A170EC 0329C821 */  addu    $t9, $t9, $t1              
/* 003B0 80A170F0 3C01C080 */  lui     $at, 0xC080                ## $at = C0800000
/* 003B4 80A170F4 44815000 */  mtc1    $at, $f10                  ## $f10 = -4.00
/* 003B8 80A170F8 933993E0 */  lbu     $t9, %lo(D_80A193E0)($t9)  
/* 003BC 80A170FC C46803A0 */  lwc1    $f8, 0x03A0($v1)           ## 000003A0
/* 003C0 80A17100 44061000 */  mfc1    $a2, $f2                   
/* 003C4 80A17104 44070000 */  mfc1    $a3, $f0                   
/* 003C8 80A17108 8D050000 */  lw      $a1, 0x0000($t0)           ## 00000000
/* 003CC 80A1710C E7AA0018 */  swc1    $f10, 0x0018($sp)          
/* 003D0 80A17110 AFB90014 */  sw      $t9, 0x0014($sp)           
/* 003D4 80A17114 0C04DCFA */  jal     func_801373E8              
/* 003D8 80A17118 E7A80010 */  swc1    $f8, 0x0010($sp)           
/* 003DC 80A1711C 8FBF0024 */  lw      $ra, 0x0024($sp)           
/* 003E0 80A17120 27BD0038 */  addiu   $sp, $sp, 0x0038           ## $sp = 00000000
/* 003E4 80A17124 03E00008 */  jr      $ra                        
/* 003E8 80A17128 00000000 */  nop


glabel func_80A1712C
/* 003EC 80A1712C 27BDFFB8 */  addiu   $sp, $sp, 0xFFB8           ## $sp = FFFFFFB8
/* 003F0 80A17130 AFB40028 */  sw      $s4, 0x0028($sp)           
/* 003F4 80A17134 AFB20020 */  sw      $s2, 0x0020($sp)           
/* 003F8 80A17138 27B2003C */  addiu   $s2, $sp, 0x003C           ## $s2 = FFFFFFF4
/* 003FC 80A1713C 0080A025 */  or      $s4, $a0, $zero            ## $s4 = 00000000
/* 00400 80A17140 AFBF002C */  sw      $ra, 0x002C($sp)           
/* 00404 80A17144 AFB30024 */  sw      $s3, 0x0024($sp)           
/* 00408 80A17148 AFB1001C */  sw      $s1, 0x001C($sp)           
/* 0040C 80A1714C AFB00018 */  sw      $s0, 0x0018($sp)           
/* 00410 80A17150 3C0E80A2 */  lui     $t6, %hi(D_80A193E8)       ## $t6 = 80A20000
/* 00414 80A17154 25CE93E8 */  addiu   $t6, $t6, %lo(D_80A193E8)  ## $t6 = 80A193E8
/* 00418 80A17158 8DD80000 */  lw      $t8, 0x0000($t6)           ## 80A193E8
/* 0041C 80A1715C 02802025 */  or      $a0, $s4, $zero            ## $a0 = 00000000
/* 00420 80A17160 00002825 */  or      $a1, $zero, $zero          ## $a1 = 00000000
/* 00424 80A17164 AE580000 */  sw      $t8, 0x0000($s2)           ## FFFFFFF4
/* 00428 80A17168 8DCF0004 */  lw      $t7, 0x0004($t6)           ## 80A193EC
/* 0042C 80A1716C AE4F0004 */  sw      $t7, 0x0004($s2)           ## FFFFFFF8
/* 00430 80A17170 8DD80008 */  lw      $t8, 0x0008($t6)           ## 80A193F0
/* 00434 80A17174 0C285C18 */  jal     func_80A17060              
/* 00438 80A17178 AE580008 */  sw      $t8, 0x0008($s2)           ## FFFFFFFC
/* 0043C 80A1717C 24100018 */  addiu   $s0, $zero, 0x0018         ## $s0 = 00000018
/* 00440 80A17180 269102DC */  addiu   $s1, $s4, 0x02DC           ## $s1 = 000002DC
/* 00444 80A17184 24130084 */  addiu   $s3, $zero, 0x0084         ## $s3 = 00000084
.L80A17188:
/* 00448 80A17188 02202025 */  or      $a0, $s1, $zero            ## $a0 = 000002DC
/* 0044C 80A1718C 0C03FD43 */  jal     func_800FF50C              
/* 00450 80A17190 02402825 */  or      $a1, $s2, $zero            ## $a1 = FFFFFFF4
/* 00454 80A17194 2610000C */  addiu   $s0, $s0, 0x000C           ## $s0 = 00000024
/* 00458 80A17198 1613FFFB */  bne     $s0, $s3, .L80A17188       
/* 0045C 80A1719C 2631000C */  addiu   $s1, $s1, 0x000C           ## $s1 = 000002E8
/* 00460 80A171A0 3C0880A1 */  lui     $t0, %hi(func_80A171D8)    ## $t0 = 80A10000
/* 00464 80A171A4 24190003 */  addiu   $t9, $zero, 0x0003         ## $t9 = 00000003
/* 00468 80A171A8 250871D8 */  addiu   $t0, $t0, %lo(func_80A171D8) ## $t0 = 80A171D8
/* 0046C 80A171AC A69903C2 */  sh      $t9, 0x03C2($s4)           ## 000003C2
/* 00470 80A171B0 A68003C6 */  sh      $zero, 0x03C6($s4)         ## 000003C6
/* 00474 80A171B4 AE880230 */  sw      $t0, 0x0230($s4)           ## 00000230
/* 00478 80A171B8 8FBF002C */  lw      $ra, 0x002C($sp)           
/* 0047C 80A171BC 8FB00018 */  lw      $s0, 0x0018($sp)           
/* 00480 80A171C0 8FB1001C */  lw      $s1, 0x001C($sp)           
/* 00484 80A171C4 8FB20020 */  lw      $s2, 0x0020($sp)           
/* 00488 80A171C8 8FB30024 */  lw      $s3, 0x0024($sp)           
/* 0048C 80A171CC 8FB40028 */  lw      $s4, 0x0028($sp)           
/* 00490 80A171D0 03E00008 */  jr      $ra                        
/* 00494 80A171D4 27BD0048 */  addiu   $sp, $sp, 0x0048           ## $sp = 00000000


glabel func_80A171D8
/* 00498 80A171D8 27BDFFD8 */  addiu   $sp, $sp, 0xFFD8           ## $sp = FFFFFFD8
/* 0049C 80A171DC AFBF001C */  sw      $ra, 0x001C($sp)           
/* 004A0 80A171E0 F7B40010 */  sdc1    $f20, 0x0010($sp)          
/* 004A4 80A171E4 AFA5002C */  sw      $a1, 0x002C($sp)           
/* 004A8 80A171E8 00803025 */  or      $a2, $a0, $zero            ## $a2 = 00000000
/* 004AC 80A171EC 84CF03B4 */  lh      $t7, 0x03B4($a2)           ## 000003B4
/* 004B0 80A171F0 8FAE002C */  lw      $t6, 0x002C($sp)           
/* 004B4 80A171F4 15E00082 */  bne     $t7, $zero, .L80A17400     
/* 004B8 80A171F8 8DC71CCC */  lw      $a3, 0x1CCC($t6)           ## 00001CCC
/* 004BC 80A171FC 90F8014B */  lbu     $t8, 0x014B($a3)           ## 0000014B
/* 004C0 80A17200 24010003 */  addiu   $at, $zero, 0x0003         ## $at = 00000003
/* 004C4 80A17204 3C19801F */  lui     $t9, 0x801F                ## $t9 = 801F0000
/* 004C8 80A17208 53010038 */  beql    $t8, $at, .L80A172EC       
/* 004CC 80A1720C 8FB8002C */  lw      $t8, 0x002C($sp)           
/* 004D0 80A17210 8F393F60 */  lw      $t9, 0x3F60($t9)           ## 801F3F60
/* 004D4 80A17214 3C0142A0 */  lui     $at, 0x42A0                ## $at = 42A00000
/* 004D8 80A17218 4481A000 */  mtc1    $at, $f20                  ## $f20 = 80.00
/* 004DC 80A1721C 87281334 */  lh      $t0, 0x1334($t9)           ## 801F1334
/* 004E0 80A17220 C4C40098 */  lwc1    $f4, 0x0098($a2)           ## 00000098
/* 004E4 80A17224 44883000 */  mtc1    $t0, $f6                   ## $f6 = 0.00
/* 004E8 80A17228 00000000 */  nop
/* 004EC 80A1722C 46803220 */  cvt.s.w $f8, $f6                   
/* 004F0 80A17230 46144280 */  add.s   $f10, $f8, $f20            
/* 004F4 80A17234 460A203C */  c.lt.s  $f4, $f10                  
/* 004F8 80A17238 00000000 */  nop
/* 004FC 80A1723C 4502002B */  bc1fl   .L80A172EC                 
/* 00500 80A17240 8FB8002C */  lw      $t8, 0x002C($sp)           
/* 00504 80A17244 80E90D5C */  lb      $t1, 0x0D5C($a3)           ## 00000D5C
/* 00508 80A17248 00C02025 */  or      $a0, $a2, $zero            ## $a0 = 00000000
/* 0050C 80A1724C 55200027 */  bnel    $t1, $zero, .L80A172EC     
/* 00510 80A17250 8FB8002C */  lw      $t8, 0x002C($sp)           
/* 00514 80A17254 AFA60028 */  sw      $a2, 0x0028($sp)           
/* 00518 80A17258 0C032BDC */  jal     func_800CAF70              
/* 0051C 80A1725C AFA70024 */  sw      $a3, 0x0024($sp)           
/* 00520 80A17260 8FA60028 */  lw      $a2, 0x0028($sp)           
/* 00524 80A17264 10400020 */  beq     $v0, $zero, .L80A172E8     
/* 00528 80A17268 8FA70024 */  lw      $a3, 0x0024($sp)           
/* 0052C 80A1726C 8CEA0A6C */  lw      $t2, 0x0A6C($a3)           ## 00000A6C
/* 00530 80A17270 8FA4002C */  lw      $a0, 0x002C($sp)           
/* 00534 80A17274 3C190002 */  lui     $t9, 0x0002                ## $t9 = 00020000
/* 00538 80A17278 000A5900 */  sll     $t3, $t2,  4               
/* 0053C 80A1727C 0560001A */  bltz    $t3, .L80A172E8            
/* 00540 80A17280 0324C821 */  addu    $t9, $t9, $a0              
/* 00544 80A17284 AFA60028 */  sw      $a2, 0x0028($sp)           
/* 00548 80A17288 AFA70024 */  sw      $a3, 0x0024($sp)           
/* 0054C 80A1728C 8F398778 */  lw      $t9, -0x7888($t9)          ## 00018778
/* 00550 80A17290 00E02825 */  or      $a1, $a3, $zero            ## $a1 = 00000000
/* 00554 80A17294 0320F809 */  jalr    $ra, $t9                   
/* 00558 80A17298 00000000 */  nop
/* 0055C 80A1729C 8FA60028 */  lw      $a2, 0x0028($sp)           
/* 00560 80A172A0 10400011 */  beq     $v0, $zero, .L80A172E8     
/* 00564 80A172A4 8FA70024 */  lw      $a3, 0x0024($sp)           
/* 00568 80A172A8 ACE60120 */  sw      $a2, 0x0120($a3)           ## 00000120
/* 0056C 80A172AC A4C0039C */  sh      $zero, 0x039C($a2)         ## 0000039C
/* 00570 80A172B0 90EC014B */  lbu     $t4, 0x014B($a3)           ## 0000014B
/* 00574 80A172B4 24010001 */  addiu   $at, $zero, 0x0001         ## $at = 00000001
/* 00578 80A172B8 240D0002 */  addiu   $t5, $zero, 0x0002         ## $t5 = 00000002
/* 0057C 80A172BC 15810003 */  bne     $t4, $at, .L80A172CC       
/* 00580 80A172C0 240E0032 */  addiu   $t6, $zero, 0x0032         ## $t6 = 00000032
/* 00584 80A172C4 10000002 */  beq     $zero, $zero, .L80A172D0   
/* 00588 80A172C8 A4CD039C */  sh      $t5, 0x039C($a2)           ## 0000039C
.L80A172CC:
/* 0058C 80A172CC A4EE0AE8 */  sh      $t6, 0x0AE8($a3)           ## 00000AE8
.L80A172D0:
/* 00590 80A172D0 84EF0032 */  lh      $t7, 0x0032($a3)           ## 00000032
/* 00594 80A172D4 00C02025 */  or      $a0, $a2, $zero            ## $a0 = 00000000
/* 00598 80A172D8 0C285D05 */  jal     func_80A17414              
/* 0059C 80A172DC A4CF03BC */  sh      $t7, 0x03BC($a2)           ## 000003BC
/* 005A0 80A172E0 10000048 */  beq     $zero, $zero, .L80A17404   
/* 005A4 80A172E4 8FBF001C */  lw      $ra, 0x001C($sp)           
.L80A172E8:
/* 005A8 80A172E8 8FB8002C */  lw      $t8, 0x002C($sp)           
.L80A172EC:
/* 005AC 80A172EC 3C080002 */  lui     $t0, 0x0002                ## $t0 = 00020000
/* 005B0 80A172F0 3C0142A0 */  lui     $at, 0x42A0                ## $at = 42A00000
/* 005B4 80A172F4 01184021 */  addu    $t0, $t0, $t8              
/* 005B8 80A172F8 8D088840 */  lw      $t0, -0x77C0($t0)          ## 00018840
/* 005BC 80A172FC 4481A000 */  mtc1    $at, $f20                  ## $f20 = 80.00
/* 005C0 80A17300 8FAA002C */  lw      $t2, 0x002C($sp)           
/* 005C4 80A17304 31090001 */  andi    $t1, $t0, 0x0001           ## $t1 = 00000000
/* 005C8 80A17308 5120003E */  beql    $t1, $zero, .L80A17404     
/* 005CC 80A1730C 8FBF001C */  lw      $ra, 0x001C($sp)           
/* 005D0 80A17310 8D441CD8 */  lw      $a0, 0x1CD8($t2)           ## 00001CD8
/* 005D4 80A17314 3C0141F0 */  lui     $at, 0x41F0                ## $at = 41F00000
/* 005D8 80A17318 5080003A */  beql    $a0, $zero, .L80A17404     
/* 005DC 80A1731C 8FBF001C */  lw      $ra, 0x001C($sp)           
/* 005E0 80A17320 44809000 */  mtc1    $zero, $f18                ## $f18 = 0.00
/* 005E4 80A17324 44818000 */  mtc1    $at, $f16                  ## $f16 = 30.00
/* 005E8 80A17328 00000000 */  nop
.L80A1732C:
/* 005EC 80A1732C 54860004 */  bnel    $a0, $a2, .L80A17340       
/* 005F0 80A17330 C4860024 */  lwc1    $f6, 0x0024($a0)           ## 00000024
/* 005F4 80A17334 10000030 */  beq     $zero, $zero, .L80A173F8   
/* 005F8 80A17338 8C84012C */  lw      $a0, 0x012C($a0)           ## 0000012C
/* 005FC 80A1733C C4860024 */  lwc1    $f6, 0x0024($a0)           ## 00000024
.L80A17340:
/* 00600 80A17340 C4C80024 */  lwc1    $f8, 0x0024($a2)           ## 00000024
/* 00604 80A17344 C4840028 */  lwc1    $f4, 0x0028($a0)           ## 00000028
/* 00608 80A17348 C4CA0028 */  lwc1    $f10, 0x0028($a2)          ## 00000028
/* 0060C 80A1734C 46083081 */  sub.s   $f2, $f6, $f8              
/* 00610 80A17350 C4C8002C */  lwc1    $f8, 0x002C($a2)           ## 0000002C
/* 00614 80A17354 C486002C */  lwc1    $f6, 0x002C($a0)           ## 0000002C
/* 00618 80A17358 460A2301 */  sub.s   $f12, $f4, $f10            
/* 0061C 80A1735C 46001005 */  abs.s   $f0, $f2                   
/* 00620 80A17360 46083381 */  sub.s   $f14, $f6, $f8             
/* 00624 80A17364 4614003C */  c.lt.s  $f0, $f20                  
/* 00628 80A17368 00000000 */  nop
/* 0062C 80A1736C 45020022 */  bc1fl   .L80A173F8                 
/* 00630 80A17370 8C84012C */  lw      $a0, 0x012C($a0)           ## 0000012C
/* 00634 80A17374 46006005 */  abs.s   $f0, $f12                  
/* 00638 80A17378 4610003C */  c.lt.s  $f0, $f16                  
/* 0063C 80A1737C 00000000 */  nop
/* 00640 80A17380 4502001D */  bc1fl   .L80A173F8                 
/* 00644 80A17384 8C84012C */  lw      $a0, 0x012C($a0)           ## 0000012C
/* 00648 80A17388 46007005 */  abs.s   $f0, $f14                  
/* 0064C 80A1738C 4614003C */  c.lt.s  $f0, $f20                  
/* 00650 80A17390 00000000 */  nop
/* 00654 80A17394 45020018 */  bc1fl   .L80A173F8                 
/* 00658 80A17398 8C84012C */  lw      $a0, 0x012C($a0)           ## 0000012C
/* 0065C 80A1739C 8C8B0138 */  lw      $t3, 0x0138($a0)           ## 00000138
/* 00660 80A173A0 51600015 */  beql    $t3, $zero, .L80A173F8     
/* 00664 80A173A4 8C84012C */  lw      $a0, 0x012C($a0)           ## 0000012C
/* 00668 80A173A8 C4840068 */  lwc1    $f4, 0x0068($a0)           ## 00000068
/* 0066C 80A173AC 46049032 */  c.eq.s  $f18, $f4                  
/* 00670 80A173B0 00000000 */  nop
/* 00674 80A173B4 45030010 */  bc1tl   .L80A173F8                 
/* 00678 80A173B8 8C84012C */  lw      $a0, 0x012C($a0)           ## 0000012C
/* 0067C 80A173BC 0C02D9C3 */  jal     func_800B670C              
/* 00680 80A173C0 AFA60028 */  sw      $a2, 0x0028($sp)           
/* 00684 80A173C4 8FA40028 */  lw      $a0, 0x0028($sp)           
/* 00688 80A173C8 24190001 */  addiu   $t9, $zero, 0x0001         ## $t9 = 00000001
/* 0068C 80A173CC 240C001E */  addiu   $t4, $zero, 0x001E         ## $t4 = 0000001E
/* 00690 80A173D0 240D005A */  addiu   $t5, $zero, 0x005A         ## $t5 = 0000005A
/* 00694 80A173D4 240EFFF6 */  addiu   $t6, $zero, 0xFFF6         ## $t6 = FFFFFFF6
/* 00698 80A173D8 A499039C */  sh      $t9, 0x039C($a0)           ## 0000039C
/* 0069C 80A173DC A48C0410 */  sh      $t4, 0x0410($a0)           ## 00000410
/* 006A0 80A173E0 A48D0412 */  sh      $t5, 0x0412($a0)           ## 00000412
/* 006A4 80A173E4 0C285D05 */  jal     func_80A17414              
/* 006A8 80A173E8 A48E0414 */  sh      $t6, 0x0414($a0)           ## 00000414
/* 006AC 80A173EC 10000005 */  beq     $zero, $zero, .L80A17404   
/* 006B0 80A173F0 8FBF001C */  lw      $ra, 0x001C($sp)           
/* 006B4 80A173F4 8C84012C */  lw      $a0, 0x012C($a0)           ## 0000012C
.L80A173F8:
/* 006B8 80A173F8 1480FFCC */  bne     $a0, $zero, .L80A1732C     
/* 006BC 80A173FC 00000000 */  nop
.L80A17400:
/* 006C0 80A17400 8FBF001C */  lw      $ra, 0x001C($sp)           
.L80A17404:
/* 006C4 80A17404 D7B40010 */  ldc1    $f20, 0x0010($sp)          
/* 006C8 80A17408 27BD0028 */  addiu   $sp, $sp, 0x0028           ## $sp = 00000000
/* 006CC 80A1740C 03E00008 */  jr      $ra                        
/* 006D0 80A17410 00000000 */  nop


glabel func_80A17414
/* 006D4 80A17414 27BDFFE8 */  addiu   $sp, $sp, 0xFFE8           ## $sp = FFFFFFE8
/* 006D8 80A17418 AFBF0014 */  sw      $ra, 0x0014($sp)           
/* 006DC 80A1741C 24050001 */  addiu   $a1, $zero, 0x0001         ## $a1 = 00000001
/* 006E0 80A17420 0C285C18 */  jal     func_80A17060              
/* 006E4 80A17424 AFA40018 */  sw      $a0, 0x0018($sp)           
/* 006E8 80A17428 8FA40018 */  lw      $a0, 0x0018($sp)           
/* 006EC 80A1742C 240E0001 */  addiu   $t6, $zero, 0x0001         ## $t6 = 00000001
/* 006F0 80A17430 24053992 */  addiu   $a1, $zero, 0x3992         ## $a1 = 00003992
/* 006F4 80A17434 0C02E3B2 */  jal     func_800B8EC8              
/* 006F8 80A17438 A48E03C2 */  sh      $t6, 0x03C2($a0)           ## 000003C2
/* 006FC 80A1743C 8FA40018 */  lw      $a0, 0x0018($sp)           
/* 00700 80A17440 3C1880A1 */  lui     $t8, %hi(func_80A17464)    ## $t8 = 80A10000
/* 00704 80A17444 240F0001 */  addiu   $t7, $zero, 0x0001         ## $t7 = 00000001
/* 00708 80A17448 27187464 */  addiu   $t8, $t8, %lo(func_80A17464) ## $t8 = 80A17464
/* 0070C 80A1744C A48F03C6 */  sh      $t7, 0x03C6($a0)           ## 000003C6
/* 00710 80A17450 AC980230 */  sw      $t8, 0x0230($a0)           ## 00000230
/* 00714 80A17454 8FBF0014 */  lw      $ra, 0x0014($sp)           
/* 00718 80A17458 27BD0018 */  addiu   $sp, $sp, 0x0018           ## $sp = 00000000
/* 0071C 80A1745C 03E00008 */  jr      $ra                        
/* 00720 80A17460 00000000 */  nop


glabel func_80A17464
/* 00724 80A17464 27BDFFD8 */  addiu   $sp, $sp, 0xFFD8           ## $sp = FFFFFFD8
/* 00728 80A17468 AFB00018 */  sw      $s0, 0x0018($sp)           
/* 0072C 80A1746C 00808025 */  or      $s0, $a0, $zero            ## $s0 = 00000000
/* 00730 80A17470 AFBF001C */  sw      $ra, 0x001C($sp)           
/* 00734 80A17474 C6040174 */  lwc1    $f4, 0x0174($s0)           ## 00000174
/* 00738 80A17478 8CA21CCC */  lw      $v0, 0x1CCC($a1)           ## 00001CCC
/* 0073C 80A1747C 24010001 */  addiu   $at, $zero, 0x0001         ## $at = 00000001
/* 00740 80A17480 E7A40020 */  swc1    $f4, 0x0020($sp)           
/* 00744 80A17484 860E039C */  lh      $t6, 0x039C($s0)           ## 0000039C
/* 00748 80A17488 51C1001D */  beql    $t6, $at, .L80A17500       
/* 0074C 80A1748C C7A60020 */  lwc1    $f6, 0x0020($sp)           
/* 00750 80A17490 8C4F0A70 */  lw      $t7, 0x0A70($v0)           ## 00000A70
/* 00754 80A17494 31F80080 */  andi    $t8, $t7, 0x0080           ## $t8 = 00000000
/* 00758 80A17498 53000019 */  beql    $t8, $zero, .L80A17500     
/* 0075C 80A1749C C7A60020 */  lwc1    $f6, 0x0020($sp)           
/* 00760 80A174A0 8C590120 */  lw      $t9, 0x0120($v0)           ## 00000120
/* 00764 80A174A4 3C063E99 */  lui     $a2, 0x3E99                ## $a2 = 3E990000
/* 00768 80A174A8 34C6999A */  ori     $a2, $a2, 0x999A           ## $a2 = 3E99999A
/* 0076C 80A174AC 16190013 */  bne     $s0, $t9, .L80A174FC       
/* 00770 80A174B0 24440024 */  addiu   $a0, $v0, 0x0024           ## $a0 = 00000024
/* 00774 80A174B4 8E050024 */  lw      $a1, 0x0024($s0)           ## 00000024
/* 00778 80A174B8 AFA20024 */  sw      $v0, 0x0024($sp)           
/* 0077C 80A174BC 0C03FF7E */  jal     func_800FFDF8              
/* 00780 80A174C0 3C074120 */  lui     $a3, 0x4120                ## $a3 = 41200000
/* 00784 80A174C4 8FA20024 */  lw      $v0, 0x0024($sp)           
/* 00788 80A174C8 3C063E99 */  lui     $a2, 0x3E99                ## $a2 = 3E990000
/* 0078C 80A174CC 34C6999A */  ori     $a2, $a2, 0x999A           ## $a2 = 3E99999A
/* 00790 80A174D0 8E050028 */  lw      $a1, 0x0028($s0)           ## 00000028
/* 00794 80A174D4 3C074120 */  lui     $a3, 0x4120                ## $a3 = 41200000
/* 00798 80A174D8 0C03FF7E */  jal     func_800FFDF8              
/* 0079C 80A174DC 24440028 */  addiu   $a0, $v0, 0x0028           ## $a0 = 00000028
/* 007A0 80A174E0 8FA20024 */  lw      $v0, 0x0024($sp)           
/* 007A4 80A174E4 3C063E99 */  lui     $a2, 0x3E99                ## $a2 = 3E990000
/* 007A8 80A174E8 34C6999A */  ori     $a2, $a2, 0x999A           ## $a2 = 3E99999A
/* 007AC 80A174EC 8E05002C */  lw      $a1, 0x002C($s0)           ## 0000002C
/* 007B0 80A174F0 3C074120 */  lui     $a3, 0x4120                ## $a3 = 41200000
/* 007B4 80A174F4 0C03FF7E */  jal     func_800FFDF8              
/* 007B8 80A174F8 2444002C */  addiu   $a0, $v0, 0x002C           ## $a0 = 0000002C
.L80A174FC:
/* 007BC 80A174FC C7A60020 */  lwc1    $f6, 0x0020($sp)           
.L80A17500:
/* 007C0 80A17500 C60803A0 */  lwc1    $f8, 0x03A0($s0)           ## 000003A0
/* 007C4 80A17504 4606403E */  c.le.s  $f8, $f6                   
/* 007C8 80A17508 00000000 */  nop
/* 007CC 80A1750C 45020004 */  bc1fl   .L80A17520                 
/* 007D0 80A17510 8FBF001C */  lw      $ra, 0x001C($sp)           
/* 007D4 80A17514 0C285D4C */  jal     func_80A17530              
/* 007D8 80A17518 02002025 */  or      $a0, $s0, $zero            ## $a0 = 00000000
/* 007DC 80A1751C 8FBF001C */  lw      $ra, 0x001C($sp)           
.L80A17520:
/* 007E0 80A17520 8FB00018 */  lw      $s0, 0x0018($sp)           
/* 007E4 80A17524 27BD0028 */  addiu   $sp, $sp, 0x0028           ## $sp = 00000000
/* 007E8 80A17528 03E00008 */  jr      $ra                        
/* 007EC 80A1752C 00000000 */  nop


glabel func_80A17530
/* 007F0 80A17530 27BDFFD8 */  addiu   $sp, $sp, 0xFFD8           ## $sp = FFFFFFD8
/* 007F4 80A17534 AFB30020 */  sw      $s3, 0x0020($sp)           
/* 007F8 80A17538 00809825 */  or      $s3, $a0, $zero            ## $s3 = 00000000
/* 007FC 80A1753C AFBF0024 */  sw      $ra, 0x0024($sp)           
/* 00800 80A17540 AFB2001C */  sw      $s2, 0x001C($sp)           
/* 00804 80A17544 AFB10018 */  sw      $s1, 0x0018($sp)           
/* 00808 80A17548 AFB00014 */  sw      $s0, 0x0014($sp)           
/* 0080C 80A1754C 02602025 */  or      $a0, $s3, $zero            ## $a0 = 00000000
/* 00810 80A17550 0C285C18 */  jal     func_80A17060              
/* 00814 80A17554 24050002 */  addiu   $a1, $zero, 0x0002         ## $a1 = 00000002
/* 00818 80A17558 A66003C4 */  sh      $zero, 0x03C4($s3)         ## 000003C4
/* 0081C 80A1755C 00008825 */  or      $s1, $zero, $zero          ## $s1 = 00000000
/* 00820 80A17560 02608025 */  or      $s0, $s3, $zero            ## $s0 = 00000000
/* 00824 80A17564 2412000C */  addiu   $s2, $zero, 0x000C         ## $s2 = 0000000C
.L80A17568:
/* 00828 80A17568 24040008 */  addiu   $a0, $zero, 0x0008         ## $a0 = 00000008
/* 0082C 80A1756C 0C03FD14 */  jal     func_800FF450              
/* 00830 80A17570 24050008 */  addiu   $a1, $zero, 0x0008         ## $a1 = 00000008
/* 00834 80A17574 00027200 */  sll     $t6, $v0,  8               
/* 00838 80A17578 A60E0354 */  sh      $t6, 0x0354($s0)           ## 00000354
/* 0083C 80A1757C 24040008 */  addiu   $a0, $zero, 0x0008         ## $a0 = 00000008
/* 00840 80A17580 0C03FD14 */  jal     func_800FF450              
/* 00844 80A17584 24050008 */  addiu   $a1, $zero, 0x0008         ## $a1 = 00000008
/* 00848 80A17588 00027A00 */  sll     $t7, $v0,  8               
/* 0084C 80A1758C A60F0356 */  sh      $t7, 0x0356($s0)           ## 00000356
/* 00850 80A17590 24040008 */  addiu   $a0, $zero, 0x0008         ## $a0 = 00000008
/* 00854 80A17594 0C03FD14 */  jal     func_800FF450              
/* 00858 80A17598 24050008 */  addiu   $a1, $zero, 0x0008         ## $a1 = 00000008
/* 0085C 80A1759C 26310001 */  addiu   $s1, $s1, 0x0001           ## $s1 = 00000001
/* 00860 80A175A0 0002C200 */  sll     $t8, $v0,  8               
/* 00864 80A175A4 26100006 */  addiu   $s0, $s0, 0x0006           ## $s0 = 00000006
/* 00868 80A175A8 1632FFEF */  bne     $s1, $s2, .L80A17568       
/* 0086C 80A175AC A6180352 */  sh      $t8, 0x0352($s0)           ## 00000358
/* 00870 80A175B0 24020002 */  addiu   $v0, $zero, 0x0002         ## $v0 = 00000002
/* 00874 80A175B4 3C1980A1 */  lui     $t9, %hi(func_80A175E4)    ## $t9 = 80A10000
/* 00878 80A175B8 273975E4 */  addiu   $t9, $t9, %lo(func_80A175E4) ## $t9 = 80A175E4
/* 0087C 80A175BC A66203C2 */  sh      $v0, 0x03C2($s3)           ## 000003C2
/* 00880 80A175C0 A66203C6 */  sh      $v0, 0x03C6($s3)           ## 000003C6
/* 00884 80A175C4 AE790230 */  sw      $t9, 0x0230($s3)           ## 00000230
/* 00888 80A175C8 8FBF0024 */  lw      $ra, 0x0024($sp)           
/* 0088C 80A175CC 8FB00014 */  lw      $s0, 0x0014($sp)           
/* 00890 80A175D0 8FB10018 */  lw      $s1, 0x0018($sp)           
/* 00894 80A175D4 8FB2001C */  lw      $s2, 0x001C($sp)           
/* 00898 80A175D8 8FB30020 */  lw      $s3, 0x0020($sp)           
/* 0089C 80A175DC 03E00008 */  jr      $ra                        
/* 008A0 80A175E0 27BD0028 */  addiu   $sp, $sp, 0x0028           ## $sp = 00000000


glabel func_80A175E4
/* 008A4 80A175E4 27BDFFC8 */  addiu   $sp, $sp, 0xFFC8           ## $sp = FFFFFFC8
/* 008A8 80A175E8 AFB00014 */  sw      $s0, 0x0014($sp)           
/* 008AC 80A175EC 3C0180A2 */  lui     $at, %hi(D_80A194F4)       ## $at = 80A20000
/* 008B0 80A175F0 C42294F4 */  lwc1    $f2, %lo(D_80A194F4)($at)  
/* 008B4 80A175F4 00808025 */  or      $s0, $a0, $zero            ## $s0 = 00000000
/* 008B8 80A175F8 AFBF001C */  sw      $ra, 0x001C($sp)           
/* 008BC 80A175FC AFB10018 */  sw      $s1, 0x0018($sp)           
/* 008C0 80A17600 AFA5003C */  sw      $a1, 0x003C($sp)           
/* 008C4 80A17604 8FAE003C */  lw      $t6, 0x003C($sp)           
/* 008C8 80A17608 C6040174 */  lwc1    $f4, 0x0174($s0)           ## 00000174
/* 008CC 80A1760C 3C0F801F */  lui     $t7, 0x801F                ## $t7 = 801F0000
/* 008D0 80A17610 8DEF3F60 */  lw      $t7, 0x3F60($t7)           ## 801F3F60
/* 008D4 80A17614 8DD11CCC */  lw      $s1, 0x1CCC($t6)           ## 00001CCC
/* 008D8 80A17618 E7A40030 */  swc1    $f4, 0x0030($sp)           
/* 008DC 80A1761C 85F8133A */  lh      $t8, 0x133A($t7)           ## 801F133A
/* 008E0 80A17620 3C0142C8 */  lui     $at, 0x42C8                ## $at = 42C80000
/* 008E4 80A17624 44815000 */  mtc1    $at, $f10                  ## $f10 = 100.00
/* 008E8 80A17628 44983000 */  mtc1    $t8, $f6                   ## $f6 = 0.00
/* 008EC 80A1762C 44061000 */  mfc1    $a2, $f2                   
/* 008F0 80A17630 3C073CF5 */  lui     $a3, 0x3CF5                ## $a3 = 3CF50000
/* 008F4 80A17634 46803220 */  cvt.s.w $f8, $f6                   
/* 008F8 80A17638 34E7C28F */  ori     $a3, $a3, 0xC28F           ## $a3 = 3CF5C28F
/* 008FC 80A1763C 260403A4 */  addiu   $a0, $s0, 0x03A4           ## $a0 = 000003A4
/* 00900 80A17640 460A4403 */  div.s   $f16, $f8, $f10            
/* 00904 80A17644 46028000 */  add.s   $f0, $f16, $f2             
/* 00908 80A17648 44050000 */  mfc1    $a1, $f0                   
/* 0090C 80A1764C 0C03FF7E */  jal     func_800FFDF8              
/* 00910 80A17650 00000000 */  nop
/* 00914 80A17654 8E390A70 */  lw      $t9, 0x0A70($s1)           ## 00000A70
/* 00918 80A17658 33280080 */  andi    $t0, $t9, 0x0080           ## $t0 = 00000000
/* 0091C 80A1765C 5100001A */  beql    $t0, $zero, .L80A176C8     
/* 00920 80A17660 C7B20030 */  lwc1    $f18, 0x0030($sp)          
/* 00924 80A17664 8609039C */  lh      $t1, 0x039C($s0)           ## 0000039C
/* 00928 80A17668 24010001 */  addiu   $at, $zero, 0x0001         ## $at = 00000001
/* 0092C 80A1766C 51210016 */  beql    $t1, $at, .L80A176C8       
/* 00930 80A17670 C7B20030 */  lwc1    $f18, 0x0030($sp)          
/* 00934 80A17674 8E2A0120 */  lw      $t2, 0x0120($s1)           ## 00000120
/* 00938 80A17678 3C063E99 */  lui     $a2, 0x3E99                ## $a2 = 3E990000
/* 0093C 80A1767C 34C6999A */  ori     $a2, $a2, 0x999A           ## $a2 = 3E99999A
/* 00940 80A17680 160A0010 */  bne     $s0, $t2, .L80A176C4       
/* 00944 80A17684 26240024 */  addiu   $a0, $s1, 0x0024           ## $a0 = 00000024
/* 00948 80A17688 8E050024 */  lw      $a1, 0x0024($s0)           ## 00000024
/* 0094C 80A1768C 0C03FF7E */  jal     func_800FFDF8              
/* 00950 80A17690 3C074120 */  lui     $a3, 0x4120                ## $a3 = 41200000
/* 00954 80A17694 3C063E99 */  lui     $a2, 0x3E99                ## $a2 = 3E990000
/* 00958 80A17698 34C6999A */  ori     $a2, $a2, 0x999A           ## $a2 = 3E99999A
/* 0095C 80A1769C 26240028 */  addiu   $a0, $s1, 0x0028           ## $a0 = 00000028
/* 00960 80A176A0 8E050028 */  lw      $a1, 0x0028($s0)           ## 00000028
/* 00964 80A176A4 0C03FF7E */  jal     func_800FFDF8              
/* 00968 80A176A8 3C074120 */  lui     $a3, 0x4120                ## $a3 = 41200000
/* 0096C 80A176AC 3C063E99 */  lui     $a2, 0x3E99                ## $a2 = 3E990000
/* 00970 80A176B0 34C6999A */  ori     $a2, $a2, 0x999A           ## $a2 = 3E99999A
/* 00974 80A176B4 2624002C */  addiu   $a0, $s1, 0x002C           ## $a0 = 0000002C
/* 00978 80A176B8 8E05002C */  lw      $a1, 0x002C($s0)           ## 0000002C
/* 0097C 80A176BC 0C03FF7E */  jal     func_800FFDF8              
/* 00980 80A176C0 3C074120 */  lui     $a3, 0x4120                ## $a3 = 41200000
.L80A176C4:
/* 00984 80A176C4 C7B20030 */  lwc1    $f18, 0x0030($sp)          
.L80A176C8:
/* 00988 80A176C8 C60403A0 */  lwc1    $f4, 0x03A0($s0)           ## 000003A0
/* 0098C 80A176CC 3C0B801F */  lui     $t3, 0x801F                ## $t3 = 801F0000
/* 00990 80A176D0 02002025 */  or      $a0, $s0, $zero            ## $a0 = 00000000
/* 00994 80A176D4 4612203E */  c.le.s  $f4, $f18                  
/* 00998 80A176D8 00000000 */  nop
/* 0099C 80A176DC 45020056 */  bc1fl   .L80A17838                 
/* 009A0 80A176E0 8FBF001C */  lw      $ra, 0x001C($sp)           
/* 009A4 80A176E4 8D6B3F60 */  lw      $t3, 0x3F60($t3)           ## 801F3F60
/* 009A8 80A176E8 856C133C */  lh      $t4, 0x133C($t3)           ## 801F133C
/* 009AC 80A176EC 15800004 */  bne     $t4, $zero, .L80A17700     
/* 009B0 80A176F0 00000000 */  nop
/* 009B4 80A176F4 860D03C4 */  lh      $t5, 0x03C4($s0)           ## 000003C4
/* 009B8 80A176F8 25AE0001 */  addiu   $t6, $t5, 0x0001           ## $t6 = 00000001
/* 009BC 80A176FC A60E03C4 */  sh      $t6, 0x03C4($s0)           ## 000003C4
.L80A17700:
/* 009C0 80A17700 0C02E3B2 */  jal     func_800B8EC8              
/* 009C4 80A17704 24053850 */  addiu   $a1, $zero, 0x3850         ## $a1 = 00003850
/* 009C8 80A17708 8602039C */  lh      $v0, 0x039C($s0)           ## 0000039C
/* 009CC 80A1770C 8FA4003C */  lw      $a0, 0x003C($sp)           
/* 009D0 80A17710 262F0024 */  addiu   $t7, $s1, 0x0024           ## $t7 = 00000024
/* 009D4 80A17714 10400008 */  beq     $v0, $zero, .L80A17738     
/* 009D8 80A17718 3C190002 */  lui     $t9, 0x0002                ## $t9 = 00020000
/* 009DC 80A1771C 24010001 */  addiu   $at, $zero, 0x0001         ## $at = 00000001
/* 009E0 80A17720 10410028 */  beq     $v0, $at, .L80A177C4       
/* 009E4 80A17724 24010002 */  addiu   $at, $zero, 0x0002         ## $at = 00000002
/* 009E8 80A17728 10410035 */  beq     $v0, $at, .L80A17800       
/* 009EC 80A1772C 3C08801F */  lui     $t0, 0x801F                ## $t0 = 801F0000
/* 009F0 80A17730 10000041 */  beq     $zero, $zero, .L80A17838   
/* 009F4 80A17734 8FBF001C */  lw      $ra, 0x001C($sp)           
.L80A17738:
/* 009F8 80A17738 AFAF0024 */  sw      $t7, 0x0024($sp)           
/* 009FC 80A1773C 0324C821 */  addu    $t9, $t9, $a0              
/* 00A00 80A17740 8F398784 */  lw      $t9, -0x787C($t9)          ## 00018784
/* 00A04 80A17744 2405FFFE */  addiu   $a1, $zero, 0xFFFE         ## $a1 = FFFFFFFE
/* 00A08 80A17748 0320F809 */  jalr    $ra, $t9                   
/* 00A0C 80A1774C 00000000 */  nop
/* 00A10 80A17750 8E380A68 */  lw      $t8, 0x0A68($s1)           ## 00000A68
/* 00A14 80A17754 02002025 */  or      $a0, $s0, $zero            ## $a0 = 00000000
/* 00A18 80A17758 97050092 */  lhu     $a1, 0x0092($t8)           ## 00000092
/* 00A1C 80A1775C 24A56805 */  addiu   $a1, $a1, 0x6805           ## $a1 = 00006805
/* 00A20 80A17760 0C02E396 */  jal     func_800B8E58              
/* 00A24 80A17764 30A5FFFF */  andi    $a1, $a1, 0xFFFF           ## $a1 = 00006805
/* 00A28 80A17768 8FA4003C */  lw      $a0, 0x003C($sp)           
/* 00A2C 80A1776C 00002825 */  or      $a1, $zero, $zero          ## $a1 = 00000000
/* 00A30 80A17770 0C038B62 */  jal     func_800E2D88              
/* 00A34 80A17774 8FA60024 */  lw      $a2, 0x0024($sp)           
/* 00A38 80A17778 3C09801F */  lui     $t1, 0x801F                ## $t1 = 801F0000
/* 00A3C 80A1777C 8D293F60 */  lw      $t1, 0x3F60($t1)           ## 801F3F60
/* 00A40 80A17780 860803C4 */  lh      $t0, 0x03C4($s0)           ## 000003C4
/* 00A44 80A17784 240E000A */  addiu   $t6, $zero, 0x000A         ## $t6 = 0000000A
/* 00A48 80A17788 852A133E */  lh      $t2, 0x133E($t1)           ## 801F133E
/* 00A4C 80A1778C 02002025 */  or      $a0, $s0, $zero            ## $a0 = 00000000
/* 00A50 80A17790 254B0005 */  addiu   $t3, $t2, 0x0005           ## $t3 = 00000005
/* 00A54 80A17794 0168082A */  slt     $at, $t3, $t0              
/* 00A58 80A17798 54200006 */  bnel    $at, $zero, .L80A177B4     
/* 00A5C 80A1779C A62E0118 */  sh      $t6, 0x0118($s1)           ## 00000118
/* 00A60 80A177A0 8E2C0A70 */  lw      $t4, 0x0A70($s1)           ## 00000A70
/* 00A64 80A177A4 318D0080 */  andi    $t5, $t4, 0x0080           ## $t5 = 00000000
/* 00A68 80A177A8 55A00023 */  bnel    $t5, $zero, .L80A17838     
/* 00A6C 80A177AC 8FBF001C */  lw      $ra, 0x001C($sp)           
/* 00A70 80A177B0 A62E0118 */  sh      $t6, 0x0118($s1)           ## 00000118
.L80A177B4:
/* 00A74 80A177B4 0C285E12 */  jal     func_80A17848              
/* 00A78 80A177B8 8FA5003C */  lw      $a1, 0x003C($sp)           
/* 00A7C 80A177BC 1000001E */  beq     $zero, $zero, .L80A17838   
/* 00A80 80A177C0 8FBF001C */  lw      $ra, 0x001C($sp)           
.L80A177C4:
/* 00A84 80A177C4 0C02F88B */  jal     func_800BE22C              
/* 00A88 80A177C8 02002025 */  or      $a0, $s0, $zero            ## $a0 = 00000000
/* 00A8C 80A177CC 3C19801F */  lui     $t9, 0x801F                ## $t9 = 801F0000
/* 00A90 80A177D0 8F393F60 */  lw      $t9, 0x3F60($t9)           ## 801F3F60
/* 00A94 80A177D4 860F03C4 */  lh      $t7, 0x03C4($s0)           ## 000003C4
/* 00A98 80A177D8 02002025 */  or      $a0, $s0, $zero            ## $a0 = 00000000
/* 00A9C 80A177DC 87381340 */  lh      $t8, 0x1340($t9)           ## 801F1340
/* 00AA0 80A177E0 27090004 */  addiu   $t1, $t8, 0x0004           ## $t1 = 00000004
/* 00AA4 80A177E4 012F082A */  slt     $at, $t1, $t7              
/* 00AA8 80A177E8 50200013 */  beql    $at, $zero, .L80A17838     
/* 00AAC 80A177EC 8FBF001C */  lw      $ra, 0x001C($sp)           
/* 00AB0 80A177F0 0C285E72 */  jal     func_80A179C8              
/* 00AB4 80A177F4 8FA5003C */  lw      $a1, 0x003C($sp)           
/* 00AB8 80A177F8 1000000F */  beq     $zero, $zero, .L80A17838   
/* 00ABC 80A177FC 8FBF001C */  lw      $ra, 0x001C($sp)           
.L80A17800:
/* 00AC0 80A17800 8D083F60 */  lw      $t0, 0x3F60($t0)           ## 00003F60
/* 00AC4 80A17804 860A03C4 */  lh      $t2, 0x03C4($s0)           ## 000003C4
/* 00AC8 80A17808 240D03E8 */  addiu   $t5, $zero, 0x03E8         ## $t5 = 000003E8
/* 00ACC 80A1780C 850B1340 */  lh      $t3, 0x1340($t0)           ## 00001340
/* 00AD0 80A17810 02002025 */  or      $a0, $s0, $zero            ## $a0 = 00000000
/* 00AD4 80A17814 256C0004 */  addiu   $t4, $t3, 0x0004           ## $t4 = 00000004
/* 00AD8 80A17818 018A082A */  slt     $at, $t4, $t2              
/* 00ADC 80A1781C 50200006 */  beql    $at, $zero, .L80A17838     
/* 00AE0 80A17820 8FBF001C */  lw      $ra, 0x001C($sp)           
/* 00AE4 80A17824 AE200120 */  sw      $zero, 0x0120($s1)         ## 00000120
/* 00AE8 80A17828 A62D0AE8 */  sh      $t5, 0x0AE8($s1)           ## 00000AE8
/* 00AEC 80A1782C 0C285E72 */  jal     func_80A179C8              
/* 00AF0 80A17830 8FA5003C */  lw      $a1, 0x003C($sp)           
/* 00AF4 80A17834 8FBF001C */  lw      $ra, 0x001C($sp)           
.L80A17838:
/* 00AF8 80A17838 8FB00014 */  lw      $s0, 0x0014($sp)           
/* 00AFC 80A1783C 8FB10018 */  lw      $s1, 0x0018($sp)           
/* 00B00 80A17840 03E00008 */  jr      $ra                        
/* 00B04 80A17844 27BD0038 */  addiu   $sp, $sp, 0x0038           ## $sp = 00000000


glabel func_80A17848
/* 00B08 80A17848 27BDFFE0 */  addiu   $sp, $sp, 0xFFE0           ## $sp = FFFFFFE0
/* 00B0C 80A1784C AFBF0014 */  sw      $ra, 0x0014($sp)           
/* 00B10 80A17850 00A03025 */  or      $a2, $a1, $zero            ## $a2 = 00000000
/* 00B14 80A17854 8CCE1CCC */  lw      $t6, 0x1CCC($a2)           ## 00001CCC
/* 00B18 80A17858 AFA40020 */  sw      $a0, 0x0020($sp)           
/* 00B1C 80A1785C 24050003 */  addiu   $a1, $zero, 0x0003         ## $a1 = 00000003
/* 00B20 80A17860 0C285C18 */  jal     func_80A17060              
/* 00B24 80A17864 AFAE001C */  sw      $t6, 0x001C($sp)           
/* 00B28 80A17868 8FA40020 */  lw      $a0, 0x0020($sp)           
/* 00B2C 80A1786C 8FB8001C */  lw      $t8, 0x001C($sp)           
/* 00B30 80A17870 240F000A */  addiu   $t7, $zero, 0x000A         ## $t7 = 0000000A
/* 00B34 80A17874 24020003 */  addiu   $v0, $zero, 0x0003         ## $v0 = 00000003
/* 00B38 80A17878 A70F0118 */  sh      $t7, 0x0118($t8)           ## 00000118
/* 00B3C 80A1787C 3C1980A1 */  lui     $t9, %hi(func_80A178A0)    ## $t9 = 80A10000
/* 00B40 80A17880 273978A0 */  addiu   $t9, $t9, %lo(func_80A178A0) ## $t9 = 80A178A0
/* 00B44 80A17884 A48203C2 */  sh      $v0, 0x03C2($a0)           ## 000003C2
/* 00B48 80A17888 A48203C6 */  sh      $v0, 0x03C6($a0)           ## 000003C6
/* 00B4C 80A1788C AC990230 */  sw      $t9, 0x0230($a0)           ## 00000230
/* 00B50 80A17890 8FBF0014 */  lw      $ra, 0x0014($sp)           
/* 00B54 80A17894 27BD0020 */  addiu   $sp, $sp, 0x0020           ## $sp = 00000000
/* 00B58 80A17898 03E00008 */  jr      $ra                        
/* 00B5C 80A1789C 00000000 */  nop


glabel func_80A178A0
/* 00B60 80A178A0 27BDFFD0 */  addiu   $sp, $sp, 0xFFD0           ## $sp = FFFFFFD0
/* 00B64 80A178A4 AFB00020 */  sw      $s0, 0x0020($sp)           
/* 00B68 80A178A8 00808025 */  or      $s0, $a0, $zero            ## $s0 = 00000000
/* 00B6C 80A178AC AFBF0024 */  sw      $ra, 0x0024($sp)           
/* 00B70 80A178B0 AFA50034 */  sw      $a1, 0x0034($sp)           
/* 00B74 80A178B4 8FAE0034 */  lw      $t6, 0x0034($sp)           
/* 00B78 80A178B8 C6040174 */  lwc1    $f4, 0x0174($s0)           ## 00000174
/* 00B7C 80A178BC 2604015C */  addiu   $a0, $s0, 0x015C           ## $a0 = 0000015C
/* 00B80 80A178C0 8DC31CCC */  lw      $v1, 0x1CCC($t6)           ## 00001CCC
/* 00B84 80A178C4 3C054120 */  lui     $a1, 0x4120                ## $a1 = 41200000
/* 00B88 80A178C8 E7A40028 */  swc1    $f4, 0x0028($sp)           
/* 00B8C 80A178CC 0C04DE2E */  jal     func_801378B8              
/* 00B90 80A178D0 AFA3002C */  sw      $v1, 0x002C($sp)           
/* 00B94 80A178D4 10400021 */  beq     $v0, $zero, .L80A1795C     
/* 00B98 80A178D8 8FA3002C */  lw      $v1, 0x002C($sp)           
/* 00B9C 80A178DC A4600118 */  sh      $zero, 0x0118($v1)         ## 00000118
/* 00BA0 80A178E0 AC600120 */  sw      $zero, 0x0120($v1)         ## 00000120
/* 00BA4 80A178E4 02002025 */  or      $a0, $s0, $zero            ## $a0 = 00000000
/* 00BA8 80A178E8 0C02E3B2 */  jal     func_800B8EC8              
/* 00BAC 80A178EC 24053994 */  addiu   $a1, $zero, 0x3994         ## $a1 = 00003994
/* 00BB0 80A178F0 3C02801F */  lui     $v0, 0x801F                ## $v0 = 801F0000
/* 00BB4 80A178F4 8C423F60 */  lw      $v0, 0x3F60($v0)           ## 801F3F60
/* 00BB8 80A178F8 860703BC */  lh      $a3, 0x03BC($s0)           ## 000003BC
/* 00BBC 80A178FC 3C014040 */  lui     $at, 0x4040                ## $at = 40400000
/* 00BC0 80A17900 844F1342 */  lh      $t7, 0x1342($v0)           ## 801F1342
/* 00BC4 80A17904 84581344 */  lh      $t8, 0x1344($v0)           ## 801F1344
/* 00BC8 80A17908 44815000 */  mtc1    $at, $f10                  ## $f10 = 3.00
/* 00BCC 80A1790C 448F3000 */  mtc1    $t7, $f6                   ## $f6 = 0.00
/* 00BD0 80A17910 44989000 */  mtc1    $t8, $f18                  ## $f18 = 0.00
/* 00BD4 80A17914 34018000 */  ori     $at, $zero, 0x8000         ## $at = 00008000
/* 00BD8 80A17918 46803220 */  cvt.s.w $f8, $f6                   
/* 00BDC 80A1791C 00E13821 */  addu    $a3, $a3, $at              
/* 00BE0 80A17920 3C014120 */  lui     $at, 0x4120                ## $at = 41200000
/* 00BE4 80A17924 44813000 */  mtc1    $at, $f6                   ## $f6 = 10.00
/* 00BE8 80A17928 00073C00 */  sll     $a3, $a3, 16               
/* 00BEC 80A1792C 46809120 */  cvt.s.w $f4, $f18                  
/* 00BF0 80A17930 00073C03 */  sra     $a3, $a3, 16               
/* 00BF4 80A17934 AFA00014 */  sw      $zero, 0x0014($sp)         
/* 00BF8 80A17938 8FA40034 */  lw      $a0, 0x0034($sp)           
/* 00BFC 80A1793C 02002825 */  or      $a1, $s0, $zero            ## $a1 = 00000000
/* 00C00 80A17940 460A4400 */  add.s   $f16, $f8, $f10            
/* 00C04 80A17944 46062200 */  add.s   $f8, $f4, $f6              
/* 00C08 80A17948 44068000 */  mfc1    $a2, $f16                  
/* 00C0C 80A1794C 0C02E354 */  jal     func_800B8D50              
/* 00C10 80A17950 E7A80010 */  swc1    $f8, 0x0010($sp)           
/* 00C14 80A17954 1000000B */  beq     $zero, $zero, .L80A17984   
/* 00C18 80A17958 C7B20028 */  lwc1    $f18, 0x0028($sp)          
.L80A1795C:
/* 00C1C 80A1795C 3C014120 */  lui     $at, 0x4120                ## $at = 41200000
/* 00C20 80A17960 44818000 */  mtc1    $at, $f16                  ## $f16 = 10.00
/* 00C24 80A17964 C7AA0028 */  lwc1    $f10, 0x0028($sp)          
/* 00C28 80A17968 2419000A */  addiu   $t9, $zero, 0x000A         ## $t9 = 0000000A
/* 00C2C 80A1796C 4610503C */  c.lt.s  $f10, $f16                 
/* 00C30 80A17970 00000000 */  nop
/* 00C34 80A17974 45020003 */  bc1fl   .L80A17984                 
/* 00C38 80A17978 C7B20028 */  lwc1    $f18, 0x0028($sp)          
/* 00C3C 80A1797C A4790118 */  sh      $t9, 0x0118($v1)           ## 00000118
/* 00C40 80A17980 C7B20028 */  lwc1    $f18, 0x0028($sp)          
.L80A17984:
/* 00C44 80A17984 C60403A0 */  lwc1    $f4, 0x03A0($s0)           ## 000003A0
/* 00C48 80A17988 3C0A80A1 */  lui     $t2, %hi(func_80A171D8)    ## $t2 = 80A10000
/* 00C4C 80A1798C 24080003 */  addiu   $t0, $zero, 0x0003         ## $t0 = 00000003
/* 00C50 80A17990 4612203E */  c.le.s  $f4, $f18                  
/* 00C54 80A17994 24090014 */  addiu   $t1, $zero, 0x0014         ## $t1 = 00000014
/* 00C58 80A17998 254A71D8 */  addiu   $t2, $t2, %lo(func_80A171D8) ## $t2 = 80A171D8
/* 00C5C 80A1799C 45020006 */  bc1fl   .L80A179B8                 
/* 00C60 80A179A0 8FBF0024 */  lw      $ra, 0x0024($sp)           
/* 00C64 80A179A4 A60803C2 */  sh      $t0, 0x03C2($s0)           ## 000003C2
/* 00C68 80A179A8 A60003C6 */  sh      $zero, 0x03C6($s0)         ## 000003C6
/* 00C6C 80A179AC A60903B4 */  sh      $t1, 0x03B4($s0)           ## 000003B4
/* 00C70 80A179B0 AE0A0230 */  sw      $t2, 0x0230($s0)           ## 00000230
/* 00C74 80A179B4 8FBF0024 */  lw      $ra, 0x0024($sp)           
.L80A179B8:
/* 00C78 80A179B8 8FB00020 */  lw      $s0, 0x0020($sp)           
/* 00C7C 80A179BC 27BD0030 */  addiu   $sp, $sp, 0x0030           ## $sp = 00000000
/* 00C80 80A179C0 03E00008 */  jr      $ra                        
/* 00C84 80A179C4 00000000 */  nop


glabel func_80A179C8
/* 00C88 80A179C8 27BDFF48 */  addiu   $sp, $sp, 0xFF48           ## $sp = FFFFFF48
/* 00C8C 80A179CC AFB50070 */  sw      $s5, 0x0070($sp)           
/* 00C90 80A179D0 AFB4006C */  sw      $s4, 0x006C($sp)           
/* 00C94 80A179D4 AFB30068 */  sw      $s3, 0x0068($sp)           
/* 00C98 80A179D8 27B300AC */  addiu   $s3, $sp, 0x00AC           ## $s3 = FFFFFFF4
/* 00C9C 80A179DC 0080A025 */  or      $s4, $a0, $zero            ## $s4 = 00000000
/* 00CA0 80A179E0 27B500A0 */  addiu   $s5, $sp, 0x00A0           ## $s5 = FFFFFFE8
/* 00CA4 80A179E4 AFBF0074 */  sw      $ra, 0x0074($sp)           
/* 00CA8 80A179E8 AFB20064 */  sw      $s2, 0x0064($sp)           
/* 00CAC 80A179EC AFB10060 */  sw      $s1, 0x0060($sp)           
/* 00CB0 80A179F0 AFB0005C */  sw      $s0, 0x005C($sp)           
/* 00CB4 80A179F4 F7BE0050 */  sdc1    $f30, 0x0050($sp)          
/* 00CB8 80A179F8 F7BC0048 */  sdc1    $f28, 0x0048($sp)          
/* 00CBC 80A179FC F7BA0040 */  sdc1    $f26, 0x0040($sp)          
/* 00CC0 80A17A00 F7B80038 */  sdc1    $f24, 0x0038($sp)          
/* 00CC4 80A17A04 F7B60030 */  sdc1    $f22, 0x0030($sp)          
/* 00CC8 80A17A08 F7B40028 */  sdc1    $f20, 0x0028($sp)          
/* 00CCC 80A17A0C AFA500BC */  sw      $a1, 0x00BC($sp)           
/* 00CD0 80A17A10 3C0E80A2 */  lui     $t6, %hi(D_80A193F4)       ## $t6 = 80A20000
/* 00CD4 80A17A14 25CE93F4 */  addiu   $t6, $t6, %lo(D_80A193F4)  ## $t6 = 80A193F4
/* 00CD8 80A17A18 8DD80000 */  lw      $t8, 0x0000($t6)           ## 80A193F4
/* 00CDC 80A17A1C 3C1980A2 */  lui     $t9, %hi(D_80A19400)       ## $t9 = 80A20000
/* 00CE0 80A17A20 27399400 */  addiu   $t9, $t9, %lo(D_80A19400)  ## $t9 = 80A19400
/* 00CE4 80A17A24 AE780000 */  sw      $t8, 0x0000($s3)           ## FFFFFFF4
/* 00CE8 80A17A28 8DCF0004 */  lw      $t7, 0x0004($t6)           ## 80A193F8
/* 00CEC 80A17A2C 240A0004 */  addiu   $t2, $zero, 0x0004         ## $t2 = 00000004
/* 00CF0 80A17A30 26910024 */  addiu   $s1, $s4, 0x0024           ## $s1 = 00000024
/* 00CF4 80A17A34 AE6F0004 */  sw      $t7, 0x0004($s3)           ## FFFFFFF8
/* 00CF8 80A17A38 8DD80008 */  lw      $t8, 0x0008($t6)           ## 80A193FC
/* 00CFC 80A17A3C 02202825 */  or      $a1, $s1, $zero            ## $a1 = 00000024
/* 00D00 80A17A40 27A40094 */  addiu   $a0, $sp, 0x0094           ## $a0 = FFFFFFDC
/* 00D04 80A17A44 AE780008 */  sw      $t8, 0x0008($s3)           ## FFFFFFFC
/* 00D08 80A17A48 8F290000 */  lw      $t1, 0x0000($t9)           ## 80A19400
/* 00D0C 80A17A4C AEA90000 */  sw      $t1, 0x0000($s5)           ## FFFFFFE8
/* 00D10 80A17A50 8F280004 */  lw      $t0, 0x0004($t9)           ## 80A19404
/* 00D14 80A17A54 AEA80004 */  sw      $t0, 0x0004($s5)           ## FFFFFFEC
/* 00D18 80A17A58 8F290008 */  lw      $t1, 0x0008($t9)           ## 80A19408
/* 00D1C 80A17A5C AEA90008 */  sw      $t1, 0x0008($s5)           ## FFFFFFF0
/* 00D20 80A17A60 0C03FD43 */  jal     func_800FF50C              
/* 00D24 80A17A64 A68A03C6 */  sh      $t2, 0x03C6($s4)           ## 000003C6
/* 00D28 80A17A68 3C014120 */  lui     $at, 0x4120                ## $at = 41200000
/* 00D2C 80A17A6C 4481F000 */  mtc1    $at, $f30                  ## $f30 = 10.00
/* 00D30 80A17A70 C7A00098 */  lwc1    $f0, 0x0098($sp)           
/* 00D34 80A17A74 8FA500BC */  lw      $a1, 0x00BC($sp)           
/* 00D38 80A17A78 C7A4009C */  lwc1    $f4, 0x009C($sp)           
/* 00D3C 80A17A7C 461E0000 */  add.s   $f0, $f0, $f30             
/* 00D40 80A17A80 24A41CA0 */  addiu   $a0, $a1, 0x1CA0           ## $a0 = 00001CA0
/* 00D44 80A17A84 AFA40080 */  sw      $a0, 0x0080($sp)           
/* 00D48 80A17A88 240600A2 */  addiu   $a2, $zero, 0x00A2         ## $a2 = 000000A2
/* 00D4C 80A17A8C E7A00010 */  swc1    $f0, 0x0010($sp)           
/* 00D50 80A17A90 E7A00098 */  swc1    $f0, 0x0098($sp)           
/* 00D54 80A17A94 8FA70094 */  lw      $a3, 0x0094($sp)           
/* 00D58 80A17A98 AFA00018 */  sw      $zero, 0x0018($sp)         
/* 00D5C 80A17A9C AFA0001C */  sw      $zero, 0x001C($sp)         
/* 00D60 80A17AA0 AFA00020 */  sw      $zero, 0x0020($sp)         
/* 00D64 80A17AA4 AFA00024 */  sw      $zero, 0x0024($sp)         
/* 00D68 80A17AA8 0C02EB18 */  jal     func_800BAC60              
/* 00D6C 80A17AAC E7A40014 */  swc1    $f4, 0x0014($sp)           
/* 00D70 80A17AB0 02802025 */  or      $a0, $s4, $zero            ## $a0 = 00000000
/* 00D74 80A17AB4 0C02E3B2 */  jal     func_800B8EC8              
/* 00D78 80A17AB8 2405180E */  addiu   $a1, $zero, 0x180E         ## $a1 = 0000180E
/* 00D7C 80A17ABC 02802025 */  or      $a0, $s4, $zero            ## $a0 = 00000000
/* 00D80 80A17AC0 0C02E3B2 */  jal     func_800B8EC8              
/* 00D84 80A17AC4 24053851 */  addiu   $a1, $zero, 0x3851         ## $a1 = 00003851
/* 00D88 80A17AC8 868503C0 */  lh      $a1, 0x03C0($s4)           ## 000003C0
/* 00D8C 80A17ACC 04A00003 */  bltz    $a1, .L80A17ADC            
/* 00D90 80A17AD0 00000000 */  nop
/* 00D94 80A17AD4 0C02D6FD */  jal     func_800B5BF4              
/* 00D98 80A17AD8 8FA400BC */  lw      $a0, 0x00BC($sp)           
.L80A17ADC:
/* 00D9C 80A17ADC 3C10801F */  lui     $s0, 0x801F                ## $s0 = 801F0000
/* 00DA0 80A17AE0 26103F60 */  addiu   $s0, $s0, 0x3F60           ## $s0 = 801F3F60
/* 00DA4 80A17AE4 A68003C2 */  sh      $zero, 0x03C2($s4)         ## 000003C2
/* 00DA8 80A17AE8 8E0B0000 */  lw      $t3, 0x0000($s0)           ## 801F3F60
/* 00DAC 80A17AEC 00009025 */  or      $s2, $zero, $zero          ## $s2 = 00000000
/* 00DB0 80A17AF0 3C0180A2 */  lui     $at, %hi(D_80A194F8)       ## $at = 80A20000
/* 00DB4 80A17AF4 856C1346 */  lh      $t4, 0x1346($t3)           ## 00001346
/* 00DB8 80A17AF8 258D001E */  addiu   $t5, $t4, 0x001E           ## $t5 = 0000001E
/* 00DBC 80A17AFC 19A00031 */  blez    $t5, .L80A17BC4            
/* 00DC0 80A17B00 00000000 */  nop
/* 00DC4 80A17B04 C43C94F8 */  lwc1    $f28, %lo(D_80A194F8)($at) 
/* 00DC8 80A17B08 3C0143FA */  lui     $at, 0x43FA                ## $at = 43FA0000
/* 00DCC 80A17B0C 4481D000 */  mtc1    $at, $f26                  ## $f26 = 500.00
/* 00DD0 80A17B10 3C013F80 */  lui     $at, 0x3F80                ## $at = 3F800000
/* 00DD4 80A17B14 4481C000 */  mtc1    $at, $f24                  ## $f24 = 1.00
/* 00DD8 80A17B18 3C0180A2 */  lui     $at, %hi(D_80A194FC)       ## $at = 80A20000
/* 00DDC 80A17B1C C43694FC */  lwc1    $f22, %lo(D_80A194FC)($at) 
/* 00DE0 80A17B20 3C013F00 */  lui     $at, 0x3F00                ## $at = 3F000000
/* 00DE4 80A17B24 4481A000 */  mtc1    $at, $f20                  ## $f20 = 0.50
/* 00DE8 80A17B28 00000000 */  nop
.L80A17B2C:
/* 00DEC 80A17B2C 0C021BF7 */  jal     func_80086FDC              
/* 00DF0 80A17B30 00000000 */  nop
/* 00DF4 80A17B34 46140181 */  sub.s   $f6, $f0, $f20             
/* 00DF8 80A17B38 E7B600A4 */  swc1    $f22, 0x00A4($sp)          
/* 00DFC 80A17B3C 46143202 */  mul.s   $f8, $f6, $f20             
/* 00E00 80A17B40 0C021BF7 */  jal     func_80086FDC              
/* 00E04 80A17B44 E7A800A0 */  swc1    $f8, 0x00A0($sp)           
/* 00E08 80A17B48 46140281 */  sub.s   $f10, $f0, $f20            
/* 00E0C 80A17B4C 46145402 */  mul.s   $f16, $f10, $f20           
/* 00E10 80A17B50 0C021BF7 */  jal     func_80086FDC              
/* 00E14 80A17B54 E7B000A8 */  swc1    $f16, 0x00A8($sp)          
/* 00E18 80A17B58 46140481 */  sub.s   $f18, $f0, $f20            
/* 00E1C 80A17B5C 0C021BF7 */  jal     func_80086FDC              
/* 00E20 80A17B60 E7B200AC */  swc1    $f18, 0x00AC($sp)          
/* 00E24 80A17B64 461E0102 */  mul.s   $f4, $f0, $f30             
/* 00E28 80A17B68 0C021BF7 */  jal     func_80086FDC              
/* 00E2C 80A17B6C E7A400B0 */  swc1    $f4, 0x00B0($sp)           
/* 00E30 80A17B70 46140181 */  sub.s   $f6, $f0, $f20             
/* 00E34 80A17B74 4600C306 */  mov.s   $f12, $f24                 
/* 00E38 80A17B78 0C05E565 */  jal     func_80179594              
/* 00E3C 80A17B7C E7A600B4 */  swc1    $f6, 0x00B4($sp)           
/* 00E40 80A17B80 461A0203 */  div.s   $f8, $f0, $f26             
/* 00E44 80A17B84 240E005A */  addiu   $t6, $zero, 0x005A         ## $t6 = 0000005A
/* 00E48 80A17B88 AFAE0014 */  sw      $t6, 0x0014($sp)           
/* 00E4C 80A17B8C 02802025 */  or      $a0, $s4, $zero            ## $a0 = 00000000
/* 00E50 80A17B90 02202825 */  or      $a1, $s1, $zero            ## $a1 = 00000024
/* 00E54 80A17B94 02603025 */  or      $a2, $s3, $zero            ## $a2 = FFFFFFF4
/* 00E58 80A17B98 02A03825 */  or      $a3, $s5, $zero            ## $a3 = FFFFFFE8
/* 00E5C 80A17B9C 461C4280 */  add.s   $f10, $f8, $f28            
/* 00E60 80A17BA0 0C2862A4 */  jal     func_80A18A90              
/* 00E64 80A17BA4 E7AA0010 */  swc1    $f10, 0x0010($sp)          
/* 00E68 80A17BA8 8E0F0000 */  lw      $t7, 0x0000($s0)           ## 801F3F60
/* 00E6C 80A17BAC 26520001 */  addiu   $s2, $s2, 0x0001           ## $s2 = 00000001
/* 00E70 80A17BB0 85F81346 */  lh      $t8, 0x1346($t7)           ## 00001346
/* 00E74 80A17BB4 2719001E */  addiu   $t9, $t8, 0x001E           ## $t9 = 0000001E
/* 00E78 80A17BB8 0259082A */  slt     $at, $s2, $t9              
/* 00E7C 80A17BBC 1420FFDB */  bne     $at, $zero, .L80A17B2C     
/* 00E80 80A17BC0 00000000 */  nop
.L80A17BC4:
/* 00E84 80A17BC4 3C12801D */  lui     $s2, 0x801D                ## $s2 = 801D0000
/* 00E88 80A17BC8 265215B0 */  addiu   $s2, $s2, 0x15B0           ## $s2 = 801D15B0
/* 00E8C 80A17BCC 24100018 */  addiu   $s0, $zero, 0x0018         ## $s0 = 00000018
/* 00E90 80A17BD0 269102DC */  addiu   $s1, $s4, 0x02DC           ## $s1 = 000002DC
/* 00E94 80A17BD4 24130084 */  addiu   $s3, $zero, 0x0084         ## $s3 = 00000084
.L80A17BD8:
/* 00E98 80A17BD8 02202025 */  or      $a0, $s1, $zero            ## $a0 = 000002DC
/* 00E9C 80A17BDC 0C03FD43 */  jal     func_800FF50C              
/* 00EA0 80A17BE0 02402825 */  or      $a1, $s2, $zero            ## $a1 = 801D15B0
/* 00EA4 80A17BE4 2610000C */  addiu   $s0, $s0, 0x000C           ## $s0 = 00000024
/* 00EA8 80A17BE8 1613FFFB */  bne     $s0, $s3, .L80A17BD8       
/* 00EAC 80A17BEC 2631000C */  addiu   $s1, $s1, 0x000C           ## $s1 = 000002E8
/* 00EB0 80A17BF0 8689039C */  lh      $t1, 0x039C($s4)           ## 0000039C
/* 00EB4 80A17BF4 24080005 */  addiu   $t0, $zero, 0x0005         ## $t0 = 00000005
/* 00EB8 80A17BF8 24010001 */  addiu   $at, $zero, 0x0001         ## $at = 00000001
/* 00EBC 80A17BFC 15210009 */  bne     $t1, $at, .L80A17C24       
/* 00EC0 80A17C00 A68803B4 */  sh      $t0, 0x03B4($s4)           ## 000003B4
/* 00EC4 80A17C04 8FA400BC */  lw      $a0, 0x00BC($sp)           
/* 00EC8 80A17C08 8FA50080 */  lw      $a1, 0x0080($sp)           
/* 00ECC 80A17C0C 02803025 */  or      $a2, $s4, $zero            ## $a2 = 00000000
/* 00ED0 80A17C10 0C02F055 */  jal     func_800BC154              
/* 00ED4 80A17C14 24070005 */  addiu   $a3, $zero, 0x0005         ## $a3 = 00000005
/* 00ED8 80A17C18 8E8A0004 */  lw      $t2, 0x0004($s4)           ## 00000004
/* 00EDC 80A17C1C 354B0005 */  ori     $t3, $t2, 0x0005           ## $t3 = 00000005
/* 00EE0 80A17C20 AE8B0004 */  sw      $t3, 0x0004($s4)           ## 00000004
.L80A17C24:
/* 00EE4 80A17C24 3C0C80A1 */  lui     $t4, %hi(func_80A17C6C)    ## $t4 = 80A10000
/* 00EE8 80A17C28 258C7C6C */  addiu   $t4, $t4, %lo(func_80A17C6C) ## $t4 = 80A17C6C
/* 00EEC 80A17C2C AE8C0230 */  sw      $t4, 0x0230($s4)           ## 00000230
/* 00EF0 80A17C30 8FBF0074 */  lw      $ra, 0x0074($sp)           
/* 00EF4 80A17C34 D7B40028 */  ldc1    $f20, 0x0028($sp)          
/* 00EF8 80A17C38 D7B60030 */  ldc1    $f22, 0x0030($sp)          
/* 00EFC 80A17C3C D7B80038 */  ldc1    $f24, 0x0038($sp)          
/* 00F00 80A17C40 D7BA0040 */  ldc1    $f26, 0x0040($sp)          
/* 00F04 80A17C44 D7BC0048 */  ldc1    $f28, 0x0048($sp)          
/* 00F08 80A17C48 D7BE0050 */  ldc1    $f30, 0x0050($sp)          
/* 00F0C 80A17C4C 8FB0005C */  lw      $s0, 0x005C($sp)           
/* 00F10 80A17C50 8FB10060 */  lw      $s1, 0x0060($sp)           
/* 00F14 80A17C54 8FB20064 */  lw      $s2, 0x0064($sp)           
/* 00F18 80A17C58 8FB30068 */  lw      $s3, 0x0068($sp)           
/* 00F1C 80A17C5C 8FB4006C */  lw      $s4, 0x006C($sp)           
/* 00F20 80A17C60 8FB50070 */  lw      $s5, 0x0070($sp)           
/* 00F24 80A17C64 03E00008 */  jr      $ra                        
/* 00F28 80A17C68 27BD00B8 */  addiu   $sp, $sp, 0x00B8           ## $sp = 00000000


glabel func_80A17C6C
/* 00F2C 80A17C6C 27BDFFE0 */  addiu   $sp, $sp, 0xFFE0           ## $sp = FFFFFFE0
/* 00F30 80A17C70 AFB00018 */  sw      $s0, 0x0018($sp)           
/* 00F34 80A17C74 00808025 */  or      $s0, $a0, $zero            ## $s0 = 00000000
/* 00F38 80A17C78 AFBF001C */  sw      $ra, 0x001C($sp)           
/* 00F3C 80A17C7C AFA50024 */  sw      $a1, 0x0024($sp)           
/* 00F40 80A17C80 860E03B4 */  lh      $t6, 0x03B4($s0)           ## 000003B4
/* 00F44 80A17C84 240F0032 */  addiu   $t7, $zero, 0x0032         ## $t7 = 00000032
/* 00F48 80A17C88 2418000A */  addiu   $t8, $zero, 0x000A         ## $t8 = 0000000A
/* 00F4C 80A17C8C 15C0000F */  bne     $t6, $zero, .L80A17CCC     
/* 00F50 80A17C90 02003025 */  or      $a2, $s0, $zero            ## $a2 = 00000000
/* 00F54 80A17C94 A60F0410 */  sh      $t7, 0x0410($s0)           ## 00000410
/* 00F58 80A17C98 A6180412 */  sh      $t8, 0x0412($s0)           ## 00000412
/* 00F5C 80A17C9C 8FA40024 */  lw      $a0, 0x0024($sp)           
/* 00F60 80A17CA0 24070006 */  addiu   $a3, $zero, 0x0006         ## $a3 = 00000006
/* 00F64 80A17CA4 0C02F055 */  jal     func_800BC154              
/* 00F68 80A17CA8 24851CA0 */  addiu   $a1, $a0, 0x1CA0           ## $a1 = 00001CA0
/* 00F6C 80A17CAC 8E080004 */  lw      $t0, 0x0004($s0)           ## 00000004
/* 00F70 80A17CB0 2401FFFA */  addiu   $at, $zero, 0xFFFA         ## $at = FFFFFFFA
/* 00F74 80A17CB4 02002025 */  or      $a0, $s0, $zero            ## $a0 = 00000000
/* 00F78 80A17CB8 01014824 */  and     $t1, $t0, $at              
/* 00F7C 80A17CBC 0C286020 */  jal     func_80A18080              
/* 00F80 80A17CC0 AE090004 */  sw      $t1, 0x0004($s0)           ## 00000004
/* 00F84 80A17CC4 1000000F */  beq     $zero, $zero, .L80A17D04   
/* 00F88 80A17CC8 8FBF001C */  lw      $ra, 0x001C($sp)           
.L80A17CCC:
/* 00F8C 80A17CCC 860A039C */  lh      $t2, 0x039C($s0)           ## 0000039C
/* 00F90 80A17CD0 24010001 */  addiu   $at, $zero, 0x0001         ## $at = 00000001
/* 00F94 80A17CD4 240B0050 */  addiu   $t3, $zero, 0x0050         ## $t3 = 00000050
/* 00F98 80A17CD8 15410009 */  bne     $t2, $at, .L80A17D00       
/* 00F9C 80A17CDC 240C0032 */  addiu   $t4, $zero, 0x0032         ## $t4 = 00000032
/* 00FA0 80A17CE0 A60B0410 */  sh      $t3, 0x0410($s0)           ## 00000410
/* 00FA4 80A17CE4 A60C0412 */  sh      $t4, 0x0412($s0)           ## 00000412
/* 00FA8 80A17CE8 8FA40024 */  lw      $a0, 0x0024($sp)           
/* 00FAC 80A17CEC 3C010001 */  lui     $at, 0x0001                ## $at = 00010000
/* 00FB0 80A17CF0 34218884 */  ori     $at, $at, 0x8884           ## $at = 00018884
/* 00FB4 80A17CF4 260603D0 */  addiu   $a2, $s0, 0x03D0           ## $a2 = 000003D0
/* 00FB8 80A17CF8 0C038956 */  jal     func_800E2558              
/* 00FBC 80A17CFC 00812821 */  addu    $a1, $a0, $at              
.L80A17D00:
/* 00FC0 80A17D00 8FBF001C */  lw      $ra, 0x001C($sp)           
.L80A17D04:
/* 00FC4 80A17D04 8FB00018 */  lw      $s0, 0x0018($sp)           
/* 00FC8 80A17D08 27BD0020 */  addiu   $sp, $sp, 0x0020           ## $sp = 00000000
/* 00FCC 80A17D0C 03E00008 */  jr      $ra                        
/* 00FD0 80A17D10 00000000 */  nop


glabel func_80A17D14
/* 00FD4 80A17D14 27BDFFE8 */  addiu   $sp, $sp, 0xFFE8           ## $sp = FFFFFFE8
/* 00FD8 80A17D18 AFBF0014 */  sw      $ra, 0x0014($sp)           
/* 00FDC 80A17D1C 24050004 */  addiu   $a1, $zero, 0x0004         ## $a1 = 00000004
/* 00FE0 80A17D20 0C285C18 */  jal     func_80A17060              
/* 00FE4 80A17D24 AFA40018 */  sw      $a0, 0x0018($sp)           
/* 00FE8 80A17D28 8FA40018 */  lw      $a0, 0x0018($sp)           
/* 00FEC 80A17D2C 3C0F80A1 */  lui     $t7, %hi(func_80A17D54)    ## $t7 = 80A10000
/* 00FF0 80A17D30 240E0005 */  addiu   $t6, $zero, 0x0005         ## $t6 = 00000005
/* 00FF4 80A17D34 25EF7D54 */  addiu   $t7, $t7, %lo(func_80A17D54) ## $t7 = 80A17D54
/* 00FF8 80A17D38 A48003C4 */  sh      $zero, 0x03C4($a0)         ## 000003C4
/* 00FFC 80A17D3C A48E03C6 */  sh      $t6, 0x03C6($a0)           ## 000003C6
/* 01000 80A17D40 AC8F0230 */  sw      $t7, 0x0230($a0)           ## 00000230
/* 01004 80A17D44 8FBF0014 */  lw      $ra, 0x0014($sp)           
/* 01008 80A17D48 27BD0018 */  addiu   $sp, $sp, 0x0018           ## $sp = 00000000
/* 0100C 80A17D4C 03E00008 */  jr      $ra                        
/* 01010 80A17D50 00000000 */  nop


glabel func_80A17D54
/* 01014 80A17D54 27BDFFE8 */  addiu   $sp, $sp, 0xFFE8           ## $sp = FFFFFFE8
/* 01018 80A17D58 AFBF0014 */  sw      $ra, 0x0014($sp)           
/* 0101C 80A17D5C 00803025 */  or      $a2, $a0, $zero            ## $a2 = 00000000
/* 01020 80A17D60 00A03825 */  or      $a3, $a1, $zero            ## $a3 = 00000000
/* 01024 80A17D64 C4C00174 */  lwc1    $f0, 0x0174($a2)           ## 00000174
/* 01028 80A17D68 C4C403A0 */  lwc1    $f4, 0x03A0($a2)           ## 000003A0
/* 0102C 80A17D6C 4600203E */  c.le.s  $f4, $f0                   
/* 01030 80A17D70 00000000 */  nop
/* 01034 80A17D74 45020016 */  bc1fl   .L80A17DD0                 
/* 01038 80A17D78 8FBF0014 */  lw      $ra, 0x0014($sp)           
/* 0103C 80A17D7C 84CE03C4 */  lh      $t6, 0x03C4($a2)           ## 000003C4
/* 01040 80A17D80 3C19801F */  lui     $t9, 0x801F                ## $t9 = 801F0000
/* 01044 80A17D84 25CF0001 */  addiu   $t7, $t6, 0x0001           ## $t7 = 00000001
/* 01048 80A17D88 A4CF03C4 */  sh      $t7, 0x03C4($a2)           ## 000003C4
/* 0104C 80A17D8C 8F393F60 */  lw      $t9, 0x3F60($t9)           ## 801F3F60
/* 01050 80A17D90 84D803C4 */  lh      $t8, 0x03C4($a2)           ## 000003C4
/* 01054 80A17D94 872812D8 */  lh      $t0, 0x12D8($t9)           ## 801F12D8
/* 01058 80A17D98 25090002 */  addiu   $t1, $t0, 0x0002           ## $t1 = 00000002
/* 0105C 80A17D9C 0138082A */  slt     $at, $t1, $t8              
/* 01060 80A17DA0 5020000B */  beql    $at, $zero, .L80A17DD0     
/* 01064 80A17DA4 8FBF0014 */  lw      $ra, 0x0014($sp)           
/* 01068 80A17DA8 84C503C0 */  lh      $a1, 0x03C0($a2)           ## 000003C0
/* 0106C 80A17DAC 00E02025 */  or      $a0, $a3, $zero            ## $a0 = 00000000
/* 01070 80A17DB0 04A00004 */  bltz    $a1, .L80A17DC4            
/* 01074 80A17DB4 00000000 */  nop
/* 01078 80A17DB8 0C02D6FD */  jal     func_800B5BF4              
/* 0107C 80A17DBC AFA60018 */  sw      $a2, 0x0018($sp)           
/* 01080 80A17DC0 8FA60018 */  lw      $a2, 0x0018($sp)           
.L80A17DC4:
/* 01084 80A17DC4 0C285F77 */  jal     func_80A17DDC              
/* 01088 80A17DC8 00C02025 */  or      $a0, $a2, $zero            ## $a0 = 00000000
/* 0108C 80A17DCC 8FBF0014 */  lw      $ra, 0x0014($sp)           
.L80A17DD0:
/* 01090 80A17DD0 27BD0018 */  addiu   $sp, $sp, 0x0018           ## $sp = 00000000
/* 01094 80A17DD4 03E00008 */  jr      $ra                        
/* 01098 80A17DD8 00000000 */  nop


glabel func_80A17DDC
/* 0109C 80A17DDC 27BDFFE8 */  addiu   $sp, $sp, 0xFFE8           ## $sp = FFFFFFE8
/* 010A0 80A17DE0 AFBF0014 */  sw      $ra, 0x0014($sp)           
/* 010A4 80A17DE4 24050005 */  addiu   $a1, $zero, 0x0005         ## $a1 = 00000005
/* 010A8 80A17DE8 0C285C18 */  jal     func_80A17060              
/* 010AC 80A17DEC AFA40018 */  sw      $a0, 0x0018($sp)           
/* 010B0 80A17DF0 8FA40018 */  lw      $a0, 0x0018($sp)           
/* 010B4 80A17DF4 3C0F80A1 */  lui     $t7, %hi(func_80A17E1C)    ## $t7 = 80A10000
/* 010B8 80A17DF8 240E0006 */  addiu   $t6, $zero, 0x0006         ## $t6 = 00000006
/* 010BC 80A17DFC 25EF7E1C */  addiu   $t7, $t7, %lo(func_80A17E1C) ## $t7 = 80A17E1C
/* 010C0 80A17E00 A48E03C6 */  sh      $t6, 0x03C6($a0)           ## 000003C6
/* 010C4 80A17E04 A48003B6 */  sh      $zero, 0x03B6($a0)         ## 000003B6
/* 010C8 80A17E08 AC8F0230 */  sw      $t7, 0x0230($a0)           ## 00000230
/* 010CC 80A17E0C 8FBF0014 */  lw      $ra, 0x0014($sp)           
/* 010D0 80A17E10 27BD0018 */  addiu   $sp, $sp, 0x0018           ## $sp = 00000000
/* 010D4 80A17E14 03E00008 */  jr      $ra                        
/* 010D8 80A17E18 00000000 */  nop


glabel func_80A17E1C
/* 010DC 80A17E1C 27BDFFC8 */  addiu   $sp, $sp, 0xFFC8           ## $sp = FFFFFFC8
/* 010E0 80A17E20 AFB30024 */  sw      $s3, 0x0024($sp)           
/* 010E4 80A17E24 00809825 */  or      $s3, $a0, $zero            ## $s3 = 00000000
/* 010E8 80A17E28 AFBF0034 */  sw      $ra, 0x0034($sp)           
/* 010EC 80A17E2C AFB60030 */  sw      $s6, 0x0030($sp)           
/* 010F0 80A17E30 AFB5002C */  sw      $s5, 0x002C($sp)           
/* 010F4 80A17E34 AFB40028 */  sw      $s4, 0x0028($sp)           
/* 010F8 80A17E38 AFB20020 */  sw      $s2, 0x0020($sp)           
/* 010FC 80A17E3C AFB1001C */  sw      $s1, 0x001C($sp)           
/* 01100 80A17E40 AFB00018 */  sw      $s0, 0x0018($sp)           
/* 01104 80A17E44 AFA5003C */  sw      $a1, 0x003C($sp)           
/* 01108 80A17E48 C6600174 */  lwc1    $f0, 0x0174($s3)           ## 00000174
/* 0110C 80A17E4C C66403A0 */  lwc1    $f4, 0x03A0($s3)           ## 000003A0
/* 01110 80A17E50 4600203E */  c.le.s  $f4, $f0                   
/* 01114 80A17E54 00000000 */  nop
/* 01118 80A17E58 45000036 */  bc1f    .L80A17F34                 
/* 0111C 80A17E5C 00000000 */  nop
/* 01120 80A17E60 866E03B6 */  lh      $t6, 0x03B6($s3)           ## 000003B6
/* 01124 80A17E64 3C12801F */  lui     $s2, 0x801F                ## $s2 = 801F0000
/* 01128 80A17E68 26523F60 */  addiu   $s2, $s2, 0x3F60           ## $s2 = 801F3F60
/* 0112C 80A17E6C 25CF0001 */  addiu   $t7, $t6, 0x0001           ## $t7 = 00000001
/* 01130 80A17E70 A66F03B6 */  sh      $t7, 0x03B6($s3)           ## 000003B6
/* 01134 80A17E74 8E420000 */  lw      $v0, 0x0000($s2)           ## 801F3F60
/* 01138 80A17E78 867803B6 */  lh      $t8, 0x03B6($s3)           ## 000003B6
/* 0113C 80A17E7C 845912DA */  lh      $t9, 0x12DA($v0)           ## 000012DA
/* 01140 80A17E80 27280069 */  addiu   $t0, $t9, 0x0069           ## $t0 = 00000069
/* 01144 80A17E84 0308082A */  slt     $at, $t8, $t0              
/* 01148 80A17E88 1020002A */  beq     $at, $zero, .L80A17F34     
/* 0114C 80A17E8C 00000000 */  nop
/* 01150 80A17E90 844912DC */  lh      $t1, 0x12DC($v0)           ## 000012DC
/* 01154 80A17E94 3C160600 */  lui     $s6, 0x0600                ## $s6 = 06000000
/* 01158 80A17E98 26D632F8 */  addiu   $s6, $s6, 0x32F8           ## $s6 = 060032F8
/* 0115C 80A17E9C 252A0005 */  addiu   $t2, $t1, 0x0005           ## $t2 = 00000005
/* 01160 80A17EA0 19400024 */  blez    $t2, .L80A17F34            
/* 01164 80A17EA4 0000A025 */  or      $s4, $zero, $zero          ## $s4 = 00000000
/* 01168 80A17EA8 3C150600 */  lui     $s5, 0x0600                ## $s5 = 06000000
/* 0116C 80A17EAC 3C1180A2 */  lui     $s1, %hi(D_80A18F0C)       ## $s1 = 80A20000
/* 01170 80A17EB0 3C1080A2 */  lui     $s0, %hi(D_80A18F8C)       ## $s0 = 80A20000
/* 01174 80A17EB4 26108F8C */  addiu   $s0, $s0, %lo(D_80A18F8C)  ## $s0 = 80A18F8C
/* 01178 80A17EB8 26318F0C */  addiu   $s1, $s1, %lo(D_80A18F0C)  ## $s1 = 80A18F0C
/* 0117C 80A17EBC 26B52EF8 */  addiu   $s5, $s5, 0x2EF8           ## $s5 = 06002EF8
.L80A17EC0:
/* 01180 80A17EC0 0C040141 */  jal     func_80100504              
/* 01184 80A17EC4 02A02025 */  or      $a0, $s5, $zero            ## $a0 = 06002EF8
/* 01188 80A17EC8 00402025 */  or      $a0, $v0, $zero            ## $a0 = 00000000
/* 0118C 80A17ECC 02002825 */  or      $a1, $s0, $zero            ## $a1 = 80A18F8C
/* 01190 80A17ED0 0C285B5B */  jal     func_80A16D6C              
/* 01194 80A17ED4 866603C8 */  lh      $a2, 0x03C8($s3)           ## 000003C8
/* 01198 80A17ED8 0C040141 */  jal     func_80100504              
/* 0119C 80A17EDC 02C02025 */  or      $a0, $s6, $zero            ## $a0 = 060032F8
/* 011A0 80A17EE0 00402025 */  or      $a0, $v0, $zero            ## $a0 = 00000000
/* 011A4 80A17EE4 02202825 */  or      $a1, $s1, $zero            ## $a1 = 80A18F0C
/* 011A8 80A17EE8 0C285B50 */  jal     func_80A16D40              
/* 011AC 80A17EEC 866603CA */  lh      $a2, 0x03CA($s3)           ## 000003CA
/* 011B0 80A17EF0 866203C8 */  lh      $v0, 0x03C8($s3)           ## 000003C8
/* 011B4 80A17EF4 28410200 */  slti    $at, $v0, 0x0200           
/* 011B8 80A17EF8 10200002 */  beq     $at, $zero, .L80A17F04     
/* 011BC 80A17EFC 244B0001 */  addiu   $t3, $v0, 0x0001           ## $t3 = 00000001
/* 011C0 80A17F00 A66B03C8 */  sh      $t3, 0x03C8($s3)           ## 000003C8
.L80A17F04:
/* 011C4 80A17F04 866203CA */  lh      $v0, 0x03CA($s3)           ## 000003CA
/* 011C8 80A17F08 28410040 */  slti    $at, $v0, 0x0040           
/* 011CC 80A17F0C 10200002 */  beq     $at, $zero, .L80A17F18     
/* 011D0 80A17F10 244C0001 */  addiu   $t4, $v0, 0x0001           ## $t4 = 00000001
/* 011D4 80A17F14 A66C03CA */  sh      $t4, 0x03CA($s3)           ## 000003CA
.L80A17F18:
/* 011D8 80A17F18 8E4D0000 */  lw      $t5, 0x0000($s2)           ## 801F3F60
/* 011DC 80A17F1C 26940001 */  addiu   $s4, $s4, 0x0001           ## $s4 = 00000001
/* 011E0 80A17F20 85AE12DC */  lh      $t6, 0x12DC($t5)           ## 000012DC
/* 011E4 80A17F24 25CF0005 */  addiu   $t7, $t6, 0x0005           ## $t7 = 00000005
/* 011E8 80A17F28 028F082A */  slt     $at, $s4, $t7              
/* 011EC 80A17F2C 1420FFE4 */  bne     $at, $zero, .L80A17EC0     
/* 011F0 80A17F30 00000000 */  nop
.L80A17F34:
/* 011F4 80A17F34 3C12801F */  lui     $s2, 0x801F                ## $s2 = 801F0000
/* 011F8 80A17F38 26523F60 */  addiu   $s2, $s2, 0x3F60           ## $s2 = 801F3F60
/* 011FC 80A17F3C 8E420000 */  lw      $v0, 0x0000($s2)           ## 801F3F60
/* 01200 80A17F40 866303B6 */  lh      $v1, 0x03B6($s3)           ## 000003B6
/* 01204 80A17F44 3C150600 */  lui     $s5, 0x0600                ## $s5 = 06000000
/* 01208 80A17F48 845912DE */  lh      $t9, 0x12DE($v0)           ## 000012DE
/* 0120C 80A17F4C 3C160600 */  lui     $s6, 0x0600                ## $s6 = 06000000
/* 01210 80A17F50 26D632F8 */  addiu   $s6, $s6, 0x32F8           ## $s6 = 060032F8
/* 01214 80A17F54 27380032 */  addiu   $t8, $t9, 0x0032           ## $t8 = 00000032
/* 01218 80A17F58 0303082A */  slt     $at, $t8, $v1              
/* 0121C 80A17F5C 10200027 */  beq     $at, $zero, .L80A17FFC     
/* 01220 80A17F60 26B52EF8 */  addiu   $s5, $s5, 0x2EF8           ## $s5 = 06002EF8
/* 01224 80A17F64 844812E0 */  lh      $t0, 0x12E0($v0)           ## 000012E0
/* 01228 80A17F68 3C1180A2 */  lui     $s1, %hi(D_80A18F4C)       ## $s1 = 80A20000
/* 0122C 80A17F6C 26318F4C */  addiu   $s1, $s1, %lo(D_80A18F4C)  ## $s1 = 80A18F4C
/* 01230 80A17F70 25090005 */  addiu   $t1, $t0, 0x0005           ## $t1 = 00000005
/* 01234 80A17F74 19200021 */  blez    $t1, .L80A17FFC            
/* 01238 80A17F78 0000A025 */  or      $s4, $zero, $zero          ## $s4 = 00000000
/* 0123C 80A17F7C 3C1080A2 */  lui     $s0, %hi(D_80A1918C)       ## $s0 = 80A20000
/* 01240 80A17F80 2610918C */  addiu   $s0, $s0, %lo(D_80A1918C)  ## $s0 = 80A1918C
.L80A17F84:
/* 01244 80A17F84 0C040141 */  jal     func_80100504              
/* 01248 80A17F88 02A02025 */  or      $a0, $s5, $zero            ## $a0 = 06002EF8
/* 0124C 80A17F8C 00402025 */  or      $a0, $v0, $zero            ## $a0 = 00000000
/* 01250 80A17F90 02002825 */  or      $a1, $s0, $zero            ## $a1 = 80A1918C
/* 01254 80A17F94 0C285B5B */  jal     func_80A16D6C              
/* 01258 80A17F98 866603CC */  lh      $a2, 0x03CC($s3)           ## 000003CC
/* 0125C 80A17F9C 0C040141 */  jal     func_80100504              
/* 01260 80A17FA0 02C02025 */  or      $a0, $s6, $zero            ## $a0 = 060032F8
/* 01264 80A17FA4 00402025 */  or      $a0, $v0, $zero            ## $a0 = 00000000
/* 01268 80A17FA8 02202825 */  or      $a1, $s1, $zero            ## $a1 = 80A18F4C
/* 0126C 80A17FAC 0C285B50 */  jal     func_80A16D40              
/* 01270 80A17FB0 866603CE */  lh      $a2, 0x03CE($s3)           ## 000003CE
/* 01274 80A17FB4 866203CC */  lh      $v0, 0x03CC($s3)           ## 000003CC
/* 01278 80A17FB8 28410200 */  slti    $at, $v0, 0x0200           
/* 0127C 80A17FBC 10200002 */  beq     $at, $zero, .L80A17FC8     
/* 01280 80A17FC0 244A0001 */  addiu   $t2, $v0, 0x0001           ## $t2 = 00000001
/* 01284 80A17FC4 A66A03CC */  sh      $t2, 0x03CC($s3)           ## 000003CC
.L80A17FC8:
/* 01288 80A17FC8 866203CE */  lh      $v0, 0x03CE($s3)           ## 000003CE
/* 0128C 80A17FCC 28410040 */  slti    $at, $v0, 0x0040           
/* 01290 80A17FD0 10200002 */  beq     $at, $zero, .L80A17FDC     
/* 01294 80A17FD4 244B0001 */  addiu   $t3, $v0, 0x0001           ## $t3 = 00000001
/* 01298 80A17FD8 A66B03CE */  sh      $t3, 0x03CE($s3)           ## 000003CE
.L80A17FDC:
/* 0129C 80A17FDC 8E420000 */  lw      $v0, 0x0000($s2)           ## 801F3F60
/* 012A0 80A17FE0 26940001 */  addiu   $s4, $s4, 0x0001           ## $s4 = 00000001
/* 012A4 80A17FE4 844C12E0 */  lh      $t4, 0x12E0($v0)           ## 000012E0
/* 012A8 80A17FE8 258D0005 */  addiu   $t5, $t4, 0x0005           ## $t5 = 00000005
/* 012AC 80A17FEC 028D082A */  slt     $at, $s4, $t5              
/* 012B0 80A17FF0 1420FFE4 */  bne     $at, $zero, .L80A17F84     
/* 012B4 80A17FF4 00000000 */  nop
/* 012B8 80A17FF8 866303B6 */  lh      $v1, 0x03B6($s3)           ## 000003B6
.L80A17FFC:
/* 012BC 80A17FFC 844E12E2 */  lh      $t6, 0x12E2($v0)           ## 000012E2
/* 012C0 80A18000 26620018 */  addiu   $v0, $s3, 0x0018           ## $v0 = 00000018
/* 012C4 80A18004 24510234 */  addiu   $s1, $v0, 0x0234           ## $s1 = 0000024C
/* 012C8 80A18008 25CF00A0 */  addiu   $t7, $t6, 0x00A0           ## $t7 = 000000A0
/* 012CC 80A1800C 01E3082A */  slt     $at, $t7, $v1              
/* 012D0 80A18010 10200011 */  beq     $at, $zero, .L80A18058     
/* 012D4 80A18014 24100018 */  addiu   $s0, $zero, 0x0018         ## $s0 = 00000018
/* 012D8 80A18018 3C14801D */  lui     $s4, 0x801D                ## $s4 = 801D0000
/* 012DC 80A1801C 269415B0 */  addiu   $s4, $s4, 0x15B0           ## $s4 = 801D15B0
/* 012E0 80A18020 245202C4 */  addiu   $s2, $v0, 0x02C4           ## $s2 = 000002DC
/* 012E4 80A18024 24150084 */  addiu   $s5, $zero, 0x0084         ## $s5 = 00000084
.L80A18028:
/* 012E8 80A18028 02202025 */  or      $a0, $s1, $zero            ## $a0 = 0000024C
/* 012EC 80A1802C 0C03FD43 */  jal     func_800FF50C              
/* 012F0 80A18030 02802825 */  or      $a1, $s4, $zero            ## $a1 = 801D15B0
/* 012F4 80A18034 02402025 */  or      $a0, $s2, $zero            ## $a0 = 000002DC
/* 012F8 80A18038 0C03FD43 */  jal     func_800FF50C              
/* 012FC 80A1803C 02802825 */  or      $a1, $s4, $zero            ## $a1 = 801D15B0
/* 01300 80A18040 2610000C */  addiu   $s0, $s0, 0x000C           ## $s0 = 00000024
/* 01304 80A18044 2631000C */  addiu   $s1, $s1, 0x000C           ## $s1 = 00000258
/* 01308 80A18048 1615FFF7 */  bne     $s0, $s5, .L80A18028       
/* 0130C 80A1804C 2652000C */  addiu   $s2, $s2, 0x000C           ## $s2 = 000002E8
/* 01310 80A18050 0C286020 */  jal     func_80A18080              
/* 01314 80A18054 02602025 */  or      $a0, $s3, $zero            ## $a0 = 00000000
.L80A18058:
/* 01318 80A18058 8FBF0034 */  lw      $ra, 0x0034($sp)           
/* 0131C 80A1805C 8FB00018 */  lw      $s0, 0x0018($sp)           
/* 01320 80A18060 8FB1001C */  lw      $s1, 0x001C($sp)           
/* 01324 80A18064 8FB20020 */  lw      $s2, 0x0020($sp)           
/* 01328 80A18068 8FB30024 */  lw      $s3, 0x0024($sp)           
/* 0132C 80A1806C 8FB40028 */  lw      $s4, 0x0028($sp)           
/* 01330 80A18070 8FB5002C */  lw      $s5, 0x002C($sp)           
/* 01334 80A18074 8FB60030 */  lw      $s6, 0x0030($sp)           
/* 01338 80A18078 03E00008 */  jr      $ra                        
/* 0133C 80A1807C 27BD0038 */  addiu   $sp, $sp, 0x0038           ## $sp = 00000000


glabel func_80A18080
/* 01340 80A18080 848E03C6 */  lh      $t6, 0x03C6($a0)           ## 000003C6
/* 01344 80A18084 24010004 */  addiu   $at, $zero, 0x0004         ## $at = 00000004
/* 01348 80A18088 3C1980A2 */  lui     $t9, %hi(func_80A180B4)    ## $t9 = 80A20000
/* 0134C 80A1808C 15C10004 */  bne     $t6, $at, .L80A180A0       
/* 01350 80A18090 273980B4 */  addiu   $t9, $t9, %lo(func_80A180B4) ## $t9 = 80A180B4
/* 01354 80A18094 240F005A */  addiu   $t7, $zero, 0x005A         ## $t7 = 0000005A
/* 01358 80A18098 10000003 */  beq     $zero, $zero, .L80A180A8   
/* 0135C 80A1809C A48F03B4 */  sh      $t7, 0x03B4($a0)           ## 000003B4
.L80A180A0:
/* 01360 80A180A0 24180007 */  addiu   $t8, $zero, 0x0007         ## $t8 = 00000007
/* 01364 80A180A4 A49803C6 */  sh      $t8, 0x03C6($a0)           ## 000003C6
.L80A180A8:
/* 01368 80A180A8 AC990230 */  sw      $t9, 0x0230($a0)           ## 00000230
/* 0136C 80A180AC 03E00008 */  jr      $ra                        
/* 01370 80A180B0 00000000 */  nop


glabel func_80A180B4
/* 01374 80A180B4 27BDFFB8 */  addiu   $sp, $sp, 0xFFB8           ## $sp = FFFFFFB8
/* 01378 80A180B8 AFB40028 */  sw      $s4, 0x0028($sp)           
/* 0137C 80A180BC AFB30024 */  sw      $s3, 0x0024($sp)           
/* 01380 80A180C0 00809825 */  or      $s3, $a0, $zero            ## $s3 = 00000000
/* 01384 80A180C4 27B4003C */  addiu   $s4, $sp, 0x003C           ## $s4 = FFFFFFF4
/* 01388 80A180C8 AFBF002C */  sw      $ra, 0x002C($sp)           
/* 0138C 80A180CC AFB20020 */  sw      $s2, 0x0020($sp)           
/* 01390 80A180D0 AFB1001C */  sw      $s1, 0x001C($sp)           
/* 01394 80A180D4 AFB00018 */  sw      $s0, 0x0018($sp)           
/* 01398 80A180D8 AFA5004C */  sw      $a1, 0x004C($sp)           
/* 0139C 80A180DC 3C0E80A2 */  lui     $t6, %hi(D_80A1940C)       ## $t6 = 80A20000
/* 013A0 80A180E0 25CE940C */  addiu   $t6, $t6, %lo(D_80A1940C)  ## $t6 = 80A1940C
/* 013A4 80A180E4 8DD80000 */  lw      $t8, 0x0000($t6)           ## 80A1940C
/* 013A8 80A180E8 24080007 */  addiu   $t0, $zero, 0x0007         ## $t0 = 00000007
/* 013AC 80A180EC AE980000 */  sw      $t8, 0x0000($s4)           ## FFFFFFF4
/* 013B0 80A180F0 8DCF0004 */  lw      $t7, 0x0004($t6)           ## 80A19410
/* 013B4 80A180F4 AE8F0004 */  sw      $t7, 0x0004($s4)           ## FFFFFFF8
/* 013B8 80A180F8 8DD80008 */  lw      $t8, 0x0008($t6)           ## 80A19414
/* 013BC 80A180FC AE980008 */  sw      $t8, 0x0008($s4)           ## FFFFFFFC
/* 013C0 80A18100 867903B4 */  lh      $t9, 0x03B4($s3)           ## 000003B4
/* 013C4 80A18104 57200003 */  bnel    $t9, $zero, .L80A18114     
/* 013C8 80A18108 866203BA */  lh      $v0, 0x03BA($s3)           ## 000003BA
/* 013CC 80A1810C A66803C6 */  sh      $t0, 0x03C6($s3)           ## 000003C6
/* 013D0 80A18110 866203BA */  lh      $v0, 0x03BA($s3)           ## 000003BA
.L80A18114:
/* 013D4 80A18114 04420020 */  bltzl   $v0, .L80A18198            
/* 013D8 80A18118 8FBF002C */  lw      $ra, 0x002C($sp)           
/* 013DC 80A1811C 10400003 */  beq     $v0, $zero, .L80A1812C     
/* 013E0 80A18120 2449FFFF */  addiu   $t1, $v0, 0xFFFF           ## $t1 = FFFFFFFF
/* 013E4 80A18124 A66903BA */  sh      $t1, 0x03BA($s3)           ## 000003BA
/* 013E8 80A18128 866203BA */  lh      $v0, 0x03BA($s3)           ## 000003BA
.L80A1812C:
/* 013EC 80A1812C 14400019 */  bne     $v0, $zero, .L80A18194     
/* 013F0 80A18130 02602025 */  or      $a0, $s3, $zero            ## $a0 = 00000000
/* 013F4 80A18134 0C285C18 */  jal     func_80A17060              
/* 013F8 80A18138 24050003 */  addiu   $a1, $zero, 0x0003         ## $a1 = 00000003
/* 013FC 80A1813C 24100018 */  addiu   $s0, $zero, 0x0018         ## $s0 = 00000018
/* 01400 80A18140 267102DC */  addiu   $s1, $s3, 0x02DC           ## $s1 = 000002DC
/* 01404 80A18144 24120084 */  addiu   $s2, $zero, 0x0084         ## $s2 = 00000084
.L80A18148:
/* 01408 80A18148 02202025 */  or      $a0, $s1, $zero            ## $a0 = 000002DC
/* 0140C 80A1814C 0C03FD43 */  jal     func_800FF50C              
/* 01410 80A18150 02802825 */  or      $a1, $s4, $zero            ## $a1 = FFFFFFF4
/* 01414 80A18154 2610000C */  addiu   $s0, $s0, 0x000C           ## $s0 = 00000024
/* 01418 80A18158 1612FFFB */  bne     $s0, $s2, .L80A18148       
/* 0141C 80A1815C 2631000C */  addiu   $s1, $s1, 0x000C           ## $s1 = 000002E8
/* 01420 80A18160 866B001C */  lh      $t3, 0x001C($s3)           ## 0000001C
/* 01424 80A18164 3C1880A1 */  lui     $t8, %hi(func_80A171D8)    ## $t8 = 80A10000
/* 01428 80A18168 240A0003 */  addiu   $t2, $zero, 0x0003         ## $t2 = 00000003
/* 0142C 80A1816C 000B61C3 */  sra     $t4, $t3,  7               
/* 01430 80A18170 318D001F */  andi    $t5, $t4, 0x001F           ## $t5 = 00000000
/* 01434 80A18174 A66D03BA */  sh      $t5, 0x03BA($s3)           ## 000003BA
/* 01438 80A18178 866E03BA */  lh      $t6, 0x03BA($s3)           ## 000003BA
/* 0143C 80A1817C 271871D8 */  addiu   $t8, $t8, %lo(func_80A171D8) ## $t8 = 80A171D8
/* 01440 80A18180 A66A03C2 */  sh      $t2, 0x03C2($s3)           ## 000003C2
/* 01444 80A18184 25CF001E */  addiu   $t7, $t6, 0x001E           ## $t7 = 0000001E
/* 01448 80A18188 A66003C6 */  sh      $zero, 0x03C6($s3)         ## 000003C6
/* 0144C 80A1818C A66F03BA */  sh      $t7, 0x03BA($s3)           ## 000003BA
/* 01450 80A18190 AE780230 */  sw      $t8, 0x0230($s3)           ## 00000230
.L80A18194:
/* 01454 80A18194 8FBF002C */  lw      $ra, 0x002C($sp)           
.L80A18198:
/* 01458 80A18198 8FB00018 */  lw      $s0, 0x0018($sp)           
/* 0145C 80A1819C 8FB1001C */  lw      $s1, 0x001C($sp)           
/* 01460 80A181A0 8FB20020 */  lw      $s2, 0x0020($sp)           
/* 01464 80A181A4 8FB30024 */  lw      $s3, 0x0024($sp)           
/* 01468 80A181A8 8FB40028 */  lw      $s4, 0x0028($sp)           
/* 0146C 80A181AC 03E00008 */  jr      $ra                        
/* 01470 80A181B0 27BD0048 */  addiu   $sp, $sp, 0x0048           ## $sp = 00000000


glabel func_80A181B4
/* 01474 80A181B4 27BDFF78 */  addiu   $sp, $sp, 0xFF78           ## $sp = FFFFFF78
/* 01478 80A181B8 AFB40044 */  sw      $s4, 0x0044($sp)           
/* 0147C 80A181BC 0080A025 */  or      $s4, $a0, $zero            ## $s4 = 00000000
/* 01480 80A181C0 AFBF004C */  sw      $ra, 0x004C($sp)           
/* 01484 80A181C4 AFB50048 */  sw      $s5, 0x0048($sp)           
/* 01488 80A181C8 AFB30040 */  sw      $s3, 0x0040($sp)           
/* 0148C 80A181CC AFB2003C */  sw      $s2, 0x003C($sp)           
/* 01490 80A181D0 AFB10038 */  sw      $s1, 0x0038($sp)           
/* 01494 80A181D4 AFB00034 */  sw      $s0, 0x0034($sp)           
/* 01498 80A181D8 F7B80028 */  sdc1    $f24, 0x0028($sp)          
/* 0149C 80A181DC F7B60020 */  sdc1    $f22, 0x0020($sp)          
/* 014A0 80A181E0 F7B40018 */  sdc1    $f20, 0x0018($sp)          
/* 014A4 80A181E4 AFA5008C */  sw      $a1, 0x008C($sp)           
/* 014A8 80A181E8 0C04DB34 */  jal     func_80136CD0              
/* 014AC 80A181EC 2684015C */  addiu   $a0, $s4, 0x015C           ## $a0 = 0000015C
/* 014B0 80A181F0 868303B8 */  lh      $v1, 0x03B8($s4)           ## 000003B8
/* 014B4 80A181F4 10600002 */  beq     $v1, $zero, .L80A18200     
/* 014B8 80A181F8 246EFFFF */  addiu   $t6, $v1, 0xFFFF           ## $t6 = FFFFFFFF
/* 014BC 80A181FC A68E03B8 */  sh      $t6, 0x03B8($s4)           ## 000003B8
.L80A18200:
/* 014C0 80A18200 868203B4 */  lh      $v0, 0x03B4($s4)           ## 000003B4
/* 014C4 80A18204 10400002 */  beq     $v0, $zero, .L80A18210     
/* 014C8 80A18208 244FFFFF */  addiu   $t7, $v0, 0xFFFF           ## $t7 = FFFFFFFF
/* 014CC 80A1820C A68F03B4 */  sh      $t7, 0x03B4($s4)           ## 000003B4
.L80A18210:
/* 014D0 80A18210 8E990230 */  lw      $t9, 0x0230($s4)           ## 00000230
/* 014D4 80A18214 02802025 */  or      $a0, $s4, $zero            ## $a0 = 00000000
/* 014D8 80A18218 8FA5008C */  lw      $a1, 0x008C($sp)           
/* 014DC 80A1821C 0320F809 */  jalr    $ra, $t9                   
/* 014E0 80A18220 00000000 */  nop
/* 014E4 80A18224 869803C6 */  lh      $t8, 0x03C6($s4)           ## 000003C6
/* 014E8 80A18228 3C08801F */  lui     $t0, 0x801F                ## $t0 = 801F0000
/* 014EC 80A1822C 1700000A */  bne     $t8, $zero, .L80A18258     
/* 014F0 80A18230 00000000 */  nop
/* 014F4 80A18234 91080574 */  lbu     $t0, 0x0574($t0)           ## 801F0574
/* 014F8 80A18238 02802025 */  or      $a0, $s4, $zero            ## $a0 = 00000000
/* 014FC 80A1823C 31090001 */  andi    $t1, $t0, 0x0001           ## $t1 = 00000000
/* 01500 80A18240 11200005 */  beq     $t1, $zero, .L80A18258     
/* 01504 80A18244 00000000 */  nop
/* 01508 80A18248 0C285F45 */  jal     func_80A17D14              
/* 0150C 80A1824C A68003C2 */  sh      $zero, 0x03C2($s4)         ## 000003C2
/* 01510 80A18250 100000C7 */  beq     $zero, $zero, .L80A18570   
/* 01514 80A18254 8FBF004C */  lw      $ra, 0x004C($sp)           
.L80A18258:
/* 01518 80A18258 0C032BDC */  jal     func_800CAF70              
/* 0151C 80A1825C 02802025 */  or      $a0, $s4, $zero            ## $a0 = 00000000
/* 01520 80A18260 10400013 */  beq     $v0, $zero, .L80A182B0     
/* 01524 80A18264 3C0180A2 */  lui     $at, %hi(D_80A19500)       ## $at = 80A20000
/* 01528 80A18268 C4249500 */  lwc1    $f4, %lo(D_80A19500)($at)  
/* 0152C 80A1826C C68603AC */  lwc1    $f6, 0x03AC($s4)           ## 000003AC
/* 01530 80A18270 4606203C */  c.lt.s  $f4, $f6                   
/* 01534 80A18274 00000000 */  nop
/* 01538 80A18278 4500000E */  bc1f    .L80A182B4                 
/* 0153C 80A1827C 00000000 */  nop
/* 01540 80A18280 928A039E */  lbu     $t2, 0x039E($s4)           ## 0000039E
/* 01544 80A18284 3C01C1A0 */  lui     $at, 0xC1A0                ## $at = C1A00000
/* 01548 80A18288 240B0001 */  addiu   $t3, $zero, 0x0001         ## $t3 = 00000001
/* 0154C 80A1828C 15400009 */  bne     $t2, $zero, .L80A182B4     
/* 01550 80A18290 02802025 */  or      $a0, $s4, $zero            ## $a0 = 00000000
/* 01554 80A18294 44814000 */  mtc1    $at, $f8                   ## $f8 = -20.00
/* 01558 80A18298 A28B039E */  sb      $t3, 0x039E($s4)           ## 0000039E
/* 0155C 80A1829C 240538C5 */  addiu   $a1, $zero, 0x38C5         ## $a1 = 000038C5
/* 01560 80A182A0 0C02E3B2 */  jal     func_800B8EC8              
/* 01564 80A182A4 E68803AC */  swc1    $f8, 0x03AC($s4)           ## 000003AC
/* 01568 80A182A8 10000002 */  beq     $zero, $zero, .L80A182B4   
/* 0156C 80A182AC 00000000 */  nop
.L80A182B0:
/* 01570 80A182B0 A280039E */  sb      $zero, 0x039E($s4)         ## 0000039E
.L80A182B4:
/* 01574 80A182B4 3C0180A2 */  lui     $at, %hi(D_80A19504)       ## $at = 80A20000
/* 01578 80A182B8 C4309504 */  lwc1    $f16, %lo(D_80A19504)($at) 
/* 0157C 80A182BC C68A03B0 */  lwc1    $f10, 0x03B0($s4)          ## 000003B0
/* 01580 80A182C0 46105480 */  add.s   $f18, $f10, $f16           
/* 01584 80A182C4 E69203B0 */  swc1    $f18, 0x03B0($s4)          ## 000003B0
/* 01588 80A182C8 C68403B0 */  lwc1    $f4, 0x03B0($s4)           ## 000003B0
/* 0158C 80A182CC 4600218D */  trunc.w.s $f6, $f4                   
/* 01590 80A182D0 44043000 */  mfc1    $a0, $f6                   
/* 01594 80A182D4 00000000 */  nop
/* 01598 80A182D8 00042400 */  sll     $a0, $a0, 16               
/* 0159C 80A182DC 0C03FB61 */  jal     func_800FED84              
/* 015A0 80A182E0 00042403 */  sra     $a0, $a0, 16               
/* 015A4 80A182E4 46000200 */  add.s   $f8, $f0, $f0              
/* 015A8 80A182E8 868D03BE */  lh      $t5, 0x03BE($s4)           ## 000003BE
/* 015AC 80A182EC 24110002 */  addiu   $s1, $zero, 0x0002         ## $s1 = 00000002
/* 015B0 80A182F0 3C10801F */  lui     $s0, 0x801F                ## $s0 = 801F0000
/* 015B4 80A182F4 122D0043 */  beq     $s1, $t5, .L80A18404       
/* 015B8 80A182F8 E68803A8 */  swc1    $f8, 0x03A8($s4)           ## 000003A8
/* 015BC 80A182FC 26103F60 */  addiu   $s0, $s0, 0x3F60           ## $s0 = 801F3F60
/* 015C0 80A18300 8E0E0000 */  lw      $t6, 0x0000($s0)           ## 801F3F60
/* 015C4 80A18304 3C014270 */  lui     $at, 0x4270                ## $at = 42700000
/* 015C8 80A18308 44818000 */  mtc1    $at, $f16                  ## $f16 = 60.00
/* 015CC 80A1830C 85CF134C */  lh      $t7, 0x134C($t6)           ## 0000134C
/* 015D0 80A18310 C68A0028 */  lwc1    $f10, 0x0028($s4)          ## 00000028
/* 015D4 80A18314 8FA4008C */  lw      $a0, 0x008C($sp)           
/* 015D8 80A18318 448F2000 */  mtc1    $t7, $f4                   ## $f4 = 0.00
/* 015DC 80A1831C 46105481 */  sub.s   $f18, $f10, $f16           
/* 015E0 80A18320 27B90078 */  addiu   $t9, $sp, 0x0078           ## $t9 = FFFFFFF0
/* 015E4 80A18324 27B8007C */  addiu   $t8, $sp, 0x007C           ## $t8 = FFFFFFF4
/* 015E8 80A18328 468021A0 */  cvt.s.w $f6, $f4                   
/* 015EC 80A1832C 24850830 */  addiu   $a1, $a0, 0x0830           ## $a1 = 00000830
/* 015F0 80A18330 46123200 */  add.s   $f8, $f6, $f18             
/* 015F4 80A18334 E7A80078 */  swc1    $f8, 0x0078($sp)           
/* 015F8 80A18338 8E87002C */  lw      $a3, 0x002C($s4)           ## 0000002C
/* 015FC 80A1833C 8E860024 */  lw      $a2, 0x0024($s4)           ## 00000024
/* 01600 80A18340 AFB80014 */  sw      $t8, 0x0014($sp)           
/* 01604 80A18344 0C03286B */  jal     func_800CA1AC              
/* 01608 80A18348 AFB90010 */  sw      $t9, 0x0010($sp)           
/* 0160C 80A1834C 5040002A */  beql    $v0, $zero, .L80A183F8     
/* 01610 80A18350 3C013F00 */  lui     $at, 0x3F00                ## $at = 3F000000
/* 01614 80A18354 8E080000 */  lw      $t0, 0x0000($s0)           ## 801F3F60
/* 01618 80A18358 C68A03A8 */  lwc1    $f10, 0x03A8($s4)          ## 000003A8
/* 0161C 80A1835C C7B20078 */  lwc1    $f18, 0x0078($sp)          
/* 01620 80A18360 8509134A */  lh      $t1, 0x134A($t0)           ## 0000134A
/* 01624 80A18364 3C013F00 */  lui     $at, 0x3F00                ## $at = 3F000000
/* 01628 80A18368 4481C000 */  mtc1    $at, $f24                  ## $f24 = 0.50
/* 0162C 80A1836C 44898000 */  mtc1    $t1, $f16                  ## $f16 = 0.00
/* 01630 80A18370 26840028 */  addiu   $a0, $s4, 0x0028           ## $a0 = 00000028
/* 01634 80A18374 4406C000 */  mfc1    $a2, $f24                  
/* 01638 80A18378 46808120 */  cvt.s.w $f4, $f16                  
/* 0163C 80A1837C 3C074220 */  lui     $a3, 0x4220                ## $a3 = 42200000
/* 01640 80A18380 46045180 */  add.s   $f6, $f10, $f4             
/* 01644 80A18384 46069201 */  sub.s   $f8, $f18, $f6             
/* 01648 80A18388 E7A80078 */  swc1    $f8, 0x0078($sp)           
/* 0164C 80A1838C C69003AC */  lwc1    $f16, 0x03AC($s4)          ## 000003AC
/* 01650 80A18390 46088280 */  add.s   $f10, $f16, $f8            
/* 01654 80A18394 44055000 */  mfc1    $a1, $f10                  
/* 01658 80A18398 0C03FF7E */  jal     func_800FFDF8              
/* 0165C 80A1839C 00000000 */  nop
/* 01660 80A183A0 868A03B8 */  lh      $t2, 0x03B8($s4)           ## 000003B8
/* 01664 80A183A4 27B0006C */  addiu   $s0, $sp, 0x006C           ## $s0 = FFFFFFE4
/* 01668 80A183A8 02002025 */  or      $a0, $s0, $zero            ## $a0 = FFFFFFE4
/* 0166C 80A183AC 55400012 */  bnel    $t2, $zero, .L80A183F8     
/* 01670 80A183B0 3C013F00 */  lui     $at, 0x3F00                ## $at = 3F000000
/* 01674 80A183B4 868C03C2 */  lh      $t4, 0x03C2($s4)           ## 000003C2
/* 01678 80A183B8 240B001E */  addiu   $t3, $zero, 0x001E         ## $t3 = 0000001E
/* 0167C 80A183BC A68B03B8 */  sh      $t3, 0x03B8($s4)           ## 000003B8
/* 01680 80A183C0 162C0002 */  bne     $s1, $t4, .L80A183CC       
/* 01684 80A183C4 240D000A */  addiu   $t5, $zero, 0x000A         ## $t5 = 0000000A
/* 01688 80A183C8 A68D03B8 */  sh      $t5, 0x03B8($s4)           ## 000003B8
.L80A183CC:
/* 0168C 80A183CC 0C03FD43 */  jal     func_800FF50C              
/* 01690 80A183D0 26850024 */  addiu   $a1, $s4, 0x0024           ## $a1 = 00000024
/* 01694 80A183D4 C7A40078 */  lwc1    $f4, 0x0078($sp)           
/* 01698 80A183D8 8FA4008C */  lw      $a0, 0x008C($sp)           
/* 0169C 80A183DC 02002825 */  or      $a1, $s0, $zero            ## $a1 = FFFFFFE4
/* 016A0 80A183E0 2406028A */  addiu   $a2, $zero, 0x028A         ## $a2 = 0000028A
/* 016A4 80A183E4 24070C4E */  addiu   $a3, $zero, 0x0C4E         ## $a3 = 00000C4E
/* 016A8 80A183E8 AFA00010 */  sw      $zero, 0x0010($sp)         
/* 016AC 80A183EC 0C02C7BD */  jal     func_800B1EF4              
/* 016B0 80A183F0 E7A40070 */  swc1    $f4, 0x0070($sp)           
/* 016B4 80A183F4 3C013F00 */  lui     $at, 0x3F00                ## $at = 3F000000
.L80A183F8:
/* 016B8 80A183F8 4481C000 */  mtc1    $at, $f24                  ## $f24 = 0.50
/* 016BC 80A183FC 1000000F */  beq     $zero, $zero, .L80A1843C   
/* 016C0 80A18400 3C053E99 */  lui     $a1, 0x3E99                ## $a1 = 3E990000
.L80A18404:
/* 016C4 80A18404 C692000C */  lwc1    $f18, 0x000C($s4)          ## 0000000C
/* 016C8 80A18408 C68603AC */  lwc1    $f6, 0x03AC($s4)           ## 000003AC
/* 016CC 80A1840C C68803A8 */  lwc1    $f8, 0x03A8($s4)           ## 000003A8
/* 016D0 80A18410 3C013F00 */  lui     $at, 0x3F00                ## $at = 3F000000
/* 016D4 80A18414 46069400 */  add.s   $f16, $f18, $f6            
/* 016D8 80A18418 4481C000 */  mtc1    $at, $f24                  ## $f24 = 0.50
/* 016DC 80A1841C 26840028 */  addiu   $a0, $s4, 0x0028           ## $a0 = 00000028
/* 016E0 80A18420 3C074220 */  lui     $a3, 0x4220                ## $a3 = 42200000
/* 016E4 80A18424 46088281 */  sub.s   $f10, $f16, $f8            
/* 016E8 80A18428 4406C000 */  mfc1    $a2, $f24                  
/* 016EC 80A1842C 44055000 */  mfc1    $a1, $f10                  
/* 016F0 80A18430 0C03FF7E */  jal     func_800FFDF8              
/* 016F4 80A18434 00000000 */  nop
/* 016F8 80A18438 3C053E99 */  lui     $a1, 0x3E99                ## $a1 = 3E990000
.L80A1843C:
/* 016FC 80A1843C 34A5999A */  ori     $a1, $a1, 0x999A           ## $a1 = 3E99999A
/* 01700 80A18440 268403AC */  addiu   $a0, $s4, 0x03AC           ## $a0 = 000003AC
/* 01704 80A18444 0C03FF9A */  jal     func_800FFE68              
/* 01708 80A18448 3C064000 */  lui     $a2, 0x4000                ## $a2 = 40000000
/* 0170C 80A1844C 868E03C6 */  lh      $t6, 0x03C6($s4)           ## 000003C6
/* 01710 80A18450 24010004 */  addiu   $at, $zero, 0x0004         ## $at = 00000004
/* 01714 80A18454 02802025 */  or      $a0, $s4, $zero            ## $a0 = 00000000
/* 01718 80A18458 15C10003 */  bne     $t6, $at, .L80A18468       
/* 0171C 80A1845C 00000000 */  nop
/* 01720 80A18460 0C2862E3 */  jal     func_80A18B8C              
/* 01724 80A18464 8FA5008C */  lw      $a1, 0x008C($sp)           
.L80A18468:
/* 01728 80A18468 3C0180A2 */  lui     $at, %hi(D_80A19508)       ## $at = 80A20000
/* 0172C 80A1846C C4369508 */  lwc1    $f22, %lo(D_80A19508)($at) 
/* 01730 80A18470 3C013F80 */  lui     $at, 0x3F80                ## $at = 3F800000
/* 01734 80A18474 4481A000 */  mtc1    $at, $f20                  ## $f20 = 1.00
/* 01738 80A18478 0000A825 */  or      $s5, $zero, $zero          ## $s5 = 00000000
/* 0173C 80A1847C 02808025 */  or      $s0, $s4, $zero            ## $s0 = 00000000
/* 01740 80A18480 2691023C */  addiu   $s1, $s4, 0x023C           ## $s1 = 0000023C
/* 01744 80A18484 26920238 */  addiu   $s2, $s4, 0x0238           ## $s2 = 00000238
/* 01748 80A18488 26930234 */  addiu   $s3, $s4, 0x0234           ## $s3 = 00000234
.L80A1848C:
/* 0174C 80A1848C 868F03C6 */  lh      $t7, 0x03C6($s4)           ## 000003C6
/* 01750 80A18490 02602025 */  or      $a0, $s3, $zero            ## $a0 = 00000234
/* 01754 80A18494 29E10004 */  slti    $at, $t7, 0x0004           
/* 01758 80A18498 50200013 */  beql    $at, $zero, .L80A184E8     
/* 0175C 80A1849C 4406A000 */  mfc1    $a2, $f20                  
/* 01760 80A184A0 4406B000 */  mfc1    $a2, $f22                  
/* 01764 80A184A4 4407C000 */  mfc1    $a3, $f24                  
/* 01768 80A184A8 02602025 */  or      $a0, $s3, $zero            ## $a0 = 00000234
/* 0176C 80A184AC 0C03FF7E */  jal     func_800FFDF8              
/* 01770 80A184B0 8E0502C4 */  lw      $a1, 0x02C4($s0)           ## 000002C4
/* 01774 80A184B4 4406B000 */  mfc1    $a2, $f22                  
/* 01778 80A184B8 4407C000 */  mfc1    $a3, $f24                  
/* 0177C 80A184BC 02402025 */  or      $a0, $s2, $zero            ## $a0 = 00000238
/* 01780 80A184C0 0C03FF7E */  jal     func_800FFDF8              
/* 01784 80A184C4 8E0502C8 */  lw      $a1, 0x02C8($s0)           ## 000002C8
/* 01788 80A184C8 4406B000 */  mfc1    $a2, $f22                  
/* 0178C 80A184CC 4407C000 */  mfc1    $a3, $f24                  
/* 01790 80A184D0 02202025 */  or      $a0, $s1, $zero            ## $a0 = 0000023C
/* 01794 80A184D4 0C03FF7E */  jal     func_800FFDF8              
/* 01798 80A184D8 8E0502CC */  lw      $a1, 0x02CC($s0)           ## 000002CC
/* 0179C 80A184DC 10000010 */  beq     $zero, $zero, .L80A18520   
/* 017A0 80A184E0 26B5000C */  addiu   $s5, $s5, 0x000C           ## $s5 = 0000000C
/* 017A4 80A184E4 4406A000 */  mfc1    $a2, $f20                  
.L80A184E8:
/* 017A8 80A184E8 4407A000 */  mfc1    $a3, $f20                  
/* 017AC 80A184EC 0C03FF7E */  jal     func_800FFDF8              
/* 017B0 80A184F0 8E0502C4 */  lw      $a1, 0x02C4($s0)           ## 000002C4
/* 017B4 80A184F4 4406A000 */  mfc1    $a2, $f20                  
/* 017B8 80A184F8 4407A000 */  mfc1    $a3, $f20                  
/* 017BC 80A184FC 02402025 */  or      $a0, $s2, $zero            ## $a0 = 00000238
/* 017C0 80A18500 0C03FF7E */  jal     func_800FFDF8              
/* 017C4 80A18504 8E0502C8 */  lw      $a1, 0x02C8($s0)           ## 000002C8
/* 017C8 80A18508 4406A000 */  mfc1    $a2, $f20                  
/* 017CC 80A1850C 4407A000 */  mfc1    $a3, $f20                  
/* 017D0 80A18510 02202025 */  or      $a0, $s1, $zero            ## $a0 = 0000023C
/* 017D4 80A18514 0C03FF7E */  jal     func_800FFDF8              
/* 017D8 80A18518 8E0502CC */  lw      $a1, 0x02CC($s0)           ## 000002CC
/* 017DC 80A1851C 26B5000C */  addiu   $s5, $s5, 0x000C           ## $s5 = 00000018
.L80A18520:
/* 017E0 80A18520 24010090 */  addiu   $at, $zero, 0x0090         ## $at = 00000090
/* 017E4 80A18524 2610000C */  addiu   $s0, $s0, 0x000C           ## $s0 = 0000000C
/* 017E8 80A18528 2631000C */  addiu   $s1, $s1, 0x000C           ## $s1 = 00000248
/* 017EC 80A1852C 2652000C */  addiu   $s2, $s2, 0x000C           ## $s2 = 00000244
/* 017F0 80A18530 16A1FFD6 */  bne     $s5, $at, .L80A1848C       
/* 017F4 80A18534 2673000C */  addiu   $s3, $s3, 0x000C           ## $s3 = 00000240
/* 017F8 80A18538 269003D0 */  addiu   $s0, $s4, 0x03D0           ## $s0 = 000003D0
/* 017FC 80A1853C 02002825 */  or      $a1, $s0, $zero            ## $a1 = 000003D0
/* 01800 80A18540 0C039F7E */  jal     func_800E7DF8              
/* 01804 80A18544 02802025 */  or      $a0, $s4, $zero            ## $a0 = 00000000
/* 01808 80A18548 869903C6 */  lh      $t9, 0x03C6($s4)           ## 000003C6
/* 0180C 80A1854C 8FA4008C */  lw      $a0, 0x008C($sp)           
/* 01810 80A18550 02003025 */  or      $a2, $s0, $zero            ## $a2 = 000003D0
/* 01814 80A18554 2B210004 */  slti    $at, $t9, 0x0004           
/* 01818 80A18558 10200004 */  beq     $at, $zero, .L80A1856C     
/* 0181C 80A1855C 3C010001 */  lui     $at, 0x0001                ## $at = 00010000
/* 01820 80A18560 34218884 */  ori     $at, $at, 0x8884           ## $at = 00018884
/* 01824 80A18564 0C038A4A */  jal     func_800E2928              
/* 01828 80A18568 00812821 */  addu    $a1, $a0, $at              
.L80A1856C:
/* 0182C 80A1856C 8FBF004C */  lw      $ra, 0x004C($sp)           
.L80A18570:
/* 01830 80A18570 D7B40018 */  ldc1    $f20, 0x0018($sp)          
/* 01834 80A18574 D7B60020 */  ldc1    $f22, 0x0020($sp)          
/* 01838 80A18578 D7B80028 */  ldc1    $f24, 0x0028($sp)          
/* 0183C 80A1857C 8FB00034 */  lw      $s0, 0x0034($sp)           
/* 01840 80A18580 8FB10038 */  lw      $s1, 0x0038($sp)           
/* 01844 80A18584 8FB2003C */  lw      $s2, 0x003C($sp)           
/* 01848 80A18588 8FB30040 */  lw      $s3, 0x0040($sp)           
/* 0184C 80A1858C 8FB40044 */  lw      $s4, 0x0044($sp)           
/* 01850 80A18590 8FB50048 */  lw      $s5, 0x0048($sp)           
/* 01854 80A18594 03E00008 */  jr      $ra                        
/* 01858 80A18598 27BD0088 */  addiu   $sp, $sp, 0x0088           ## $sp = 00000000


glabel func_80A1859C
/* 0185C 80A1859C 27BDFFC8 */  addiu   $sp, $sp, 0xFFC8           ## $sp = FFFFFFC8
/* 01860 80A185A0 AFB40028 */  sw      $s4, 0x0028($sp)           
/* 01864 80A185A4 AFB30024 */  sw      $s3, 0x0024($sp)           
/* 01868 80A185A8 00C09825 */  or      $s3, $a2, $zero            ## $s3 = 00000000
/* 0186C 80A185AC 00A0A025 */  or      $s4, $a1, $zero            ## $s4 = 00000000
/* 01870 80A185B0 AFBF0034 */  sw      $ra, 0x0034($sp)           
/* 01874 80A185B4 AFB60030 */  sw      $s6, 0x0030($sp)           
/* 01878 80A185B8 AFB5002C */  sw      $s5, 0x002C($sp)           
/* 0187C 80A185BC AFB20020 */  sw      $s2, 0x0020($sp)           
/* 01880 80A185C0 AFB1001C */  sw      $s1, 0x001C($sp)           
/* 01884 80A185C4 AFB00018 */  sw      $s0, 0x0018($sp)           
/* 01888 80A185C8 AFA40038 */  sw      $a0, 0x0038($sp)           
/* 0188C 80A185CC 866203C2 */  lh      $v0, 0x03C2($s3)           ## 000003C2
/* 01890 80A185D0 24010001 */  addiu   $at, $zero, 0x0001         ## $at = 00000001
/* 01894 80A185D4 24150003 */  addiu   $s5, $zero, 0x0003         ## $s5 = 00000003
/* 01898 80A185D8 1041000A */  beq     $v0, $at, .L80A18604       
/* 0189C 80A185DC 24010002 */  addiu   $at, $zero, 0x0002         ## $at = 00000002
/* 018A0 80A185E0 1041004C */  beq     $v0, $at, .L80A18714       
/* 018A4 80A185E4 24150003 */  addiu   $s5, $zero, 0x0003         ## $s5 = 00000003
/* 018A8 80A185E8 24150003 */  addiu   $s5, $zero, 0x0003         ## $s5 = 00000003
/* 018AC 80A185EC 105500B3 */  beq     $v0, $s5, .L80A188BC       
/* 018B0 80A185F0 00147080 */  sll     $t6, $s4,  2               
/* 018B4 80A185F4 01D47023 */  subu    $t6, $t6, $s4              
/* 018B8 80A185F8 000E7080 */  sll     $t6, $t6,  2               
/* 018BC 80A185FC 100000F3 */  beq     $zero, $zero, .L80A189CC   
/* 018C0 80A18600 026EB021 */  addu    $s6, $s3, $t6              
.L80A18604:
/* 018C4 80A18604 12950004 */  beq     $s4, $s5, .L80A18618       
/* 018C8 80A18608 24010009 */  addiu   $at, $zero, 0x0009         ## $at = 00000009
/* 018CC 80A1860C 12810002 */  beq     $s4, $at, .L80A18618       
/* 018D0 80A18610 24010006 */  addiu   $at, $zero, 0x0006         ## $at = 00000006
/* 018D4 80A18614 1681001B */  bne     $s4, $at, .L80A18684       
.L80A18618:
/* 018D8 80A18618 3C1180A2 */  lui     $s1, %hi(D_80A19418)       ## $s1 = 80A20000
/* 018DC 80A1861C 26319418 */  addiu   $s1, $s1, %lo(D_80A19418)  ## $s1 = 80A19418
/* 018E0 80A18620 00008025 */  or      $s0, $zero, $zero          ## $s0 = 00000000
/* 018E4 80A18624 2412000C */  addiu   $s2, $zero, 0x000C         ## $s2 = 0000000C
.L80A18628:
/* 018E8 80A18628 C6640174 */  lwc1    $f4, 0x0174($s3)           ## 00000174
/* 018EC 80A1862C 86290000 */  lh      $t1, 0x0000($s1)           ## 80A19418
/* 018F0 80A18630 4600218D */  trunc.w.s $f6, $f4                   
/* 018F4 80A18634 44183000 */  mfc1    $t8, $f6                   
/* 018F8 80A18638 00000000 */  nop
/* 018FC 80A1863C 0018CC00 */  sll     $t9, $t8, 16               
/* 01900 80A18640 00194403 */  sra     $t0, $t9, 16               
/* 01904 80A18644 5509000D */  bnel    $t0, $t1, .L80A1867C       
/* 01908 80A18648 26100001 */  addiu   $s0, $s0, 0x0001           ## $s0 = 00000001
/* 0190C 80A1864C 02920019 */  multu   $s4, $s2                   
/* 01910 80A18650 3C0C80A2 */  lui     $t4, %hi(D_80A19420)       ## $t4 = 80A20000
/* 01914 80A18654 258C9420 */  addiu   $t4, $t4, %lo(D_80A19420)  ## $t4 = 80A19420
/* 01918 80A18658 00005012 */  mflo    $t2                        
/* 0191C 80A1865C 026A2021 */  addu    $a0, $s3, $t2              
/* 01920 80A18660 248402C4 */  addiu   $a0, $a0, 0x02C4           ## $a0 = 000002C4
/* 01924 80A18664 02120019 */  multu   $s0, $s2                   
/* 01928 80A18668 00005812 */  mflo    $t3                        
/* 0192C 80A1866C 016C2821 */  addu    $a1, $t3, $t4              
/* 01930 80A18670 0C03FD43 */  jal     func_800FF50C              
/* 01934 80A18674 00000000 */  nop
/* 01938 80A18678 26100001 */  addiu   $s0, $s0, 0x0001           ## $s0 = 00000002
.L80A1867C:
/* 0193C 80A1867C 1615FFEA */  bne     $s0, $s5, .L80A18628       
/* 01940 80A18680 26310002 */  addiu   $s1, $s1, 0x0002           ## $s1 = 80A1941A
.L80A18684:
/* 01944 80A18684 00141080 */  sll     $v0, $s4,  2               
/* 01948 80A18688 00541023 */  subu    $v0, $v0, $s4              
/* 0194C 80A1868C 00021080 */  sll     $v0, $v0,  2               
/* 01950 80A18690 24010004 */  addiu   $at, $zero, 0x0004         ## $at = 00000004
/* 01954 80A18694 2412000C */  addiu   $s2, $zero, 0x000C         ## $s2 = 0000000C
/* 01958 80A18698 12810005 */  beq     $s4, $at, .L80A186B0       
/* 0195C 80A1869C 0262B021 */  addu    $s6, $s3, $v0              
/* 01960 80A186A0 24010078 */  addiu   $at, $zero, 0x0078         ## $at = 00000078
/* 01964 80A186A4 10410002 */  beq     $v0, $at, .L80A186B0       
/* 01968 80A186A8 24010054 */  addiu   $at, $zero, 0x0054         ## $at = 00000054
/* 0196C 80A186AC 144100C7 */  bne     $v0, $at, .L80A189CC       
.L80A186B0:
/* 01970 80A186B0 3C1180A2 */  lui     $s1, %hi(D_80A19418)       ## $s1 = 80A20000
/* 01974 80A186B4 26319418 */  addiu   $s1, $s1, %lo(D_80A19418)  ## $s1 = 80A19418
/* 01978 80A186B8 00008025 */  or      $s0, $zero, $zero          ## $s0 = 00000000
.L80A186BC:
/* 0197C 80A186BC C6680174 */  lwc1    $f8, 0x0174($s3)           ## 00000174
/* 01980 80A186C0 86390000 */  lh      $t9, 0x0000($s1)           ## 80A19418
/* 01984 80A186C4 4600428D */  trunc.w.s $f10, $f8                  
/* 01988 80A186C8 440E5000 */  mfc1    $t6, $f10                  
/* 0198C 80A186CC 00000000 */  nop
/* 01990 80A186D0 000E7C00 */  sll     $t7, $t6, 16               
/* 01994 80A186D4 000FC403 */  sra     $t8, $t7, 16               
/* 01998 80A186D8 5719000A */  bnel    $t8, $t9, .L80A18704       
/* 0199C 80A186DC 26100001 */  addiu   $s0, $s0, 0x0001           ## $s0 = 00000001
/* 019A0 80A186E0 02120019 */  multu   $s0, $s2                   
/* 019A4 80A186E4 3C0980A2 */  lui     $t1, %hi(D_80A19444)       ## $t1 = 80A20000
/* 019A8 80A186E8 25299444 */  addiu   $t1, $t1, %lo(D_80A19444)  ## $t1 = 80A19444
/* 019AC 80A186EC 26C402C4 */  addiu   $a0, $s6, 0x02C4           ## $a0 = 000002C4
/* 019B0 80A186F0 00004012 */  mflo    $t0                        
/* 019B4 80A186F4 01092821 */  addu    $a1, $t0, $t1              
/* 019B8 80A186F8 0C03FD43 */  jal     func_800FF50C              
/* 019BC 80A186FC 00000000 */  nop
/* 019C0 80A18700 26100001 */  addiu   $s0, $s0, 0x0001           ## $s0 = 00000002
.L80A18704:
/* 019C4 80A18704 1615FFED */  bne     $s0, $s5, .L80A186BC       
/* 019C8 80A18708 26310002 */  addiu   $s1, $s1, 0x0002           ## $s1 = 80A1941A
/* 019CC 80A1870C 100000B0 */  beq     $zero, $zero, .L80A189D0   
/* 019D0 80A18710 C6CC0234 */  lwc1    $f12, 0x0234($s6)          ## 00000234
.L80A18714:
/* 019D4 80A18714 12950004 */  beq     $s4, $s5, .L80A18728       
/* 019D8 80A18718 24010009 */  addiu   $at, $zero, 0x0009         ## $at = 00000009
/* 019DC 80A1871C 12810002 */  beq     $s4, $at, .L80A18728       
/* 019E0 80A18720 24010006 */  addiu   $at, $zero, 0x0006         ## $at = 00000006
/* 019E4 80A18724 1681000A */  bne     $s4, $at, .L80A18750       
.L80A18728:
/* 019E8 80A18728 2412000C */  addiu   $s2, $zero, 0x000C         ## $s2 = 0000000C
/* 019EC 80A1872C 02920019 */  multu   $s4, $s2                   
/* 019F0 80A18730 3C0580A2 */  lui     $a1, %hi(D_80A19438)       ## $a1 = 80A20000
/* 019F4 80A18734 24A59438 */  addiu   $a1, $a1, %lo(D_80A19438)  ## $a1 = 80A19438
/* 019F8 80A18738 00005012 */  mflo    $t2                        
/* 019FC 80A1873C 026A2021 */  addu    $a0, $s3, $t2              
/* 01A00 80A18740 0C03FD43 */  jal     func_800FF50C              
/* 01A04 80A18744 248402C4 */  addiu   $a0, $a0, 0x02C4           ## $a0 = 000002C4
/* 01A08 80A18748 10000011 */  beq     $zero, $zero, .L80A18790   
/* 01A0C 80A1874C 00146080 */  sll     $t4, $s4,  2               
.L80A18750:
/* 01A10 80A18750 24010004 */  addiu   $at, $zero, 0x0004         ## $at = 00000004
/* 01A14 80A18754 12810006 */  beq     $s4, $at, .L80A18770       
/* 01A18 80A18758 2412000C */  addiu   $s2, $zero, 0x000C         ## $s2 = 0000000C
/* 01A1C 80A1875C 2401000A */  addiu   $at, $zero, 0x000A         ## $at = 0000000A
/* 01A20 80A18760 12810003 */  beq     $s4, $at, .L80A18770       
/* 01A24 80A18764 24010007 */  addiu   $at, $zero, 0x0007         ## $at = 00000007
/* 01A28 80A18768 56810009 */  bnel    $s4, $at, .L80A18790       
/* 01A2C 80A1876C 00146080 */  sll     $t4, $s4,  2               
.L80A18770:
/* 01A30 80A18770 02920019 */  multu   $s4, $s2                   
/* 01A34 80A18774 3C0580A2 */  lui     $a1, %hi(D_80A1945C)       ## $a1 = 80A20000
/* 01A38 80A18778 24A5945C */  addiu   $a1, $a1, %lo(D_80A1945C)  ## $a1 = 80A1945C
/* 01A3C 80A1877C 00005812 */  mflo    $t3                        
/* 01A40 80A18780 026B2021 */  addu    $a0, $s3, $t3              
/* 01A44 80A18784 0C03FD43 */  jal     func_800FF50C              
/* 01A48 80A18788 248402C4 */  addiu   $a0, $a0, 0x02C4           ## $a0 = 000002C4
/* 01A4C 80A1878C 00146080 */  sll     $t4, $s4,  2               
.L80A18790:
/* 01A50 80A18790 01946023 */  subu    $t4, $t4, $s4              
/* 01A54 80A18794 000C6080 */  sll     $t4, $t4,  2               
/* 01A58 80A18798 2A810002 */  slti    $at, $s4, 0x0002           
/* 01A5C 80A1879C 1420008B */  bne     $at, $zero, .L80A189CC     
/* 01A60 80A187A0 026CB021 */  addu    $s6, $s3, $t4              
/* 01A64 80A187A4 2A81000B */  slti    $at, $s4, 0x000B           
/* 01A68 80A187A8 10200088 */  beq     $at, $zero, .L80A189CC     
/* 01A6C 80A187AC 00146880 */  sll     $t5, $s4,  2               
/* 01A70 80A187B0 8FB10038 */  lw      $s1, 0x0038($sp)           
/* 01A74 80A187B4 01B46823 */  subu    $t5, $t5, $s4              
/* 01A78 80A187B8 3C010001 */  lui     $at, 0x0001                ## $at = 00010000
/* 01A7C 80A187BC 34218000 */  ori     $at, $at, 0x8000           ## $at = 00018000
/* 01A80 80A187C0 000D6840 */  sll     $t5, $t5,  1               
/* 01A84 80A187C4 026D8021 */  addu    $s0, $s3, $t5              
/* 01A88 80A187C8 02218821 */  addu    $s1, $s1, $at              
/* 01A8C 80A187CC 8E2F0840 */  lw      $t7, 0x0840($s1)           ## 80A19C5A
/* 01A90 80A187D0 860E0356 */  lh      $t6, 0x0356($s0)           ## 00000358
/* 01A94 80A187D4 24050001 */  addiu   $a1, $zero, 0x0001         ## $a1 = 00000001
/* 01A98 80A187D8 01CF0019 */  multu   $t6, $t7                   
/* 01A9C 80A187DC 00002012 */  mflo    $a0                        
/* 01AA0 80A187E0 00042400 */  sll     $a0, $a0, 16               
/* 01AA4 80A187E4 0C06026B */  jal     func_801809AC              
/* 01AA8 80A187E8 00042403 */  sra     $a0, $a0, 16               
/* 01AAC 80A187EC 86180354 */  lh      $t8, 0x0354($s0)           ## 00000356
/* 01AB0 80A187F0 8E390840 */  lw      $t9, 0x0840($s1)           ## 80A19C5A
/* 01AB4 80A187F4 24050001 */  addiu   $a1, $zero, 0x0001         ## $a1 = 00000001
/* 01AB8 80A187F8 03190019 */  multu   $t8, $t9                   
/* 01ABC 80A187FC 00002012 */  mflo    $a0                        
/* 01AC0 80A18800 00042400 */  sll     $a0, $a0, 16               
/* 01AC4 80A18804 0C06011E */  jal     func_80180478              
/* 01AC8 80A18808 00042403 */  sra     $a0, $a0, 16               
/* 01ACC 80A1880C 86080358 */  lh      $t0, 0x0358($s0)           ## 0000035A
/* 01AD0 80A18810 8E290840 */  lw      $t1, 0x0840($s1)           ## 80A19C5A
/* 01AD4 80A18814 24050001 */  addiu   $a1, $zero, 0x0001         ## $a1 = 00000001
/* 01AD8 80A18818 01090019 */  multu   $t0, $t1                   
/* 01ADC 80A1881C 00002012 */  mflo    $a0                        
/* 01AE0 80A18820 00042400 */  sll     $a0, $a0, 16               
/* 01AE4 80A18824 0C06033E */  jal     func_80180CF8              
/* 01AE8 80A18828 00042403 */  sra     $a0, $a0, 16               
/* 01AEC 80A1882C 3C013F80 */  lui     $at, 0x3F80                ## $at = 3F800000
/* 01AF0 80A18830 44817000 */  mtc1    $at, $f14                  ## $f14 = 1.00
/* 01AF4 80A18834 C67003A4 */  lwc1    $f16, 0x03A4($s3)          ## 000003A4
/* 01AF8 80A18838 24070001 */  addiu   $a3, $zero, 0x0001         ## $a3 = 00000001
/* 01AFC 80A1883C 44067000 */  mfc1    $a2, $f14                  
/* 01B00 80A18840 0C0600E7 */  jal     func_8018039C              
/* 01B04 80A18844 460E8300 */  add.s   $f12, $f16, $f14           
/* 01B08 80A18848 860A0358 */  lh      $t2, 0x0358($s0)           ## 0000035A
/* 01B0C 80A1884C 8E2B0840 */  lw      $t3, 0x0840($s1)           ## 80A19C5A
/* 01B10 80A18850 24050001 */  addiu   $a1, $zero, 0x0001         ## $a1 = 00000001
/* 01B14 80A18854 014B0019 */  multu   $t2, $t3                   
/* 01B18 80A18858 00002012 */  mflo    $a0                        
/* 01B1C 80A1885C 00042023 */  subu    $a0, $zero, $a0            
/* 01B20 80A18860 00042400 */  sll     $a0, $a0, 16               
/* 01B24 80A18864 0C06033E */  jal     func_80180CF8              
/* 01B28 80A18868 00042403 */  sra     $a0, $a0, 16               
/* 01B2C 80A1886C 860C0354 */  lh      $t4, 0x0354($s0)           ## 00000356
/* 01B30 80A18870 8E2D0840 */  lw      $t5, 0x0840($s1)           ## 80A19C5A
/* 01B34 80A18874 24050001 */  addiu   $a1, $zero, 0x0001         ## $a1 = 00000001
/* 01B38 80A18878 018D0019 */  multu   $t4, $t5                   
/* 01B3C 80A1887C 00002012 */  mflo    $a0                        
/* 01B40 80A18880 00042023 */  subu    $a0, $zero, $a0            
/* 01B44 80A18884 00042400 */  sll     $a0, $a0, 16               
/* 01B48 80A18888 0C06011E */  jal     func_80180478              
/* 01B4C 80A1888C 00042403 */  sra     $a0, $a0, 16               
/* 01B50 80A18890 860E0356 */  lh      $t6, 0x0356($s0)           ## 00000358
/* 01B54 80A18894 8E2F0840 */  lw      $t7, 0x0840($s1)           ## 80A19C5A
/* 01B58 80A18898 24050001 */  addiu   $a1, $zero, 0x0001         ## $a1 = 00000001
/* 01B5C 80A1889C 01CF0019 */  multu   $t6, $t7                   
/* 01B60 80A188A0 00002012 */  mflo    $a0                        
/* 01B64 80A188A4 00042023 */  subu    $a0, $zero, $a0            
/* 01B68 80A188A8 00042400 */  sll     $a0, $a0, 16               
/* 01B6C 80A188AC 0C06026B */  jal     func_801809AC              
/* 01B70 80A188B0 00042403 */  sra     $a0, $a0, 16               
/* 01B74 80A188B4 10000046 */  beq     $zero, $zero, .L80A189D0   
/* 01B78 80A188B8 C6CC0234 */  lwc1    $f12, 0x0234($s6)          ## 00000234
.L80A188BC:
/* 01B7C 80A188BC 12950004 */  beq     $s4, $s5, .L80A188D0       
/* 01B80 80A188C0 24010009 */  addiu   $at, $zero, 0x0009         ## $at = 00000009
/* 01B84 80A188C4 12810002 */  beq     $s4, $at, .L80A188D0       
/* 01B88 80A188C8 24010006 */  addiu   $at, $zero, 0x0006         ## $at = 00000006
/* 01B8C 80A188CC 1681001C */  bne     $s4, $at, .L80A18940       
.L80A188D0:
/* 01B90 80A188D0 3C1180A2 */  lui     $s1, %hi(D_80A19468)       ## $s1 = 80A20000
/* 01B94 80A188D4 26319468 */  addiu   $s1, $s1, %lo(D_80A19468)  ## $s1 = 80A19468
/* 01B98 80A188D8 00008025 */  or      $s0, $zero, $zero          ## $s0 = 00000000
/* 01B9C 80A188DC 2412000C */  addiu   $s2, $zero, 0x000C         ## $s2 = 0000000C
.L80A188E0:
/* 01BA0 80A188E0 C6720174 */  lwc1    $f18, 0x0174($s3)          ## 00000174
/* 01BA4 80A188E4 862A0000 */  lh      $t2, 0x0000($s1)           ## 80A19468
/* 01BA8 80A188E8 4600910D */  trunc.w.s $f4, $f18                  
/* 01BAC 80A188EC 44192000 */  mfc1    $t9, $f4                   
/* 01BB0 80A188F0 00000000 */  nop
/* 01BB4 80A188F4 00194400 */  sll     $t0, $t9, 16               
/* 01BB8 80A188F8 00084C03 */  sra     $t1, $t0, 16               
/* 01BBC 80A188FC 552A000D */  bnel    $t1, $t2, .L80A18934       
/* 01BC0 80A18900 26100001 */  addiu   $s0, $s0, 0x0001           ## $s0 = 00000001
/* 01BC4 80A18904 02920019 */  multu   $s4, $s2                   
/* 01BC8 80A18908 3C0D80A2 */  lui     $t5, %hi(D_80A19474)       ## $t5 = 80A20000
/* 01BCC 80A1890C 25AD9474 */  addiu   $t5, $t5, %lo(D_80A19474)  ## $t5 = 80A19474
/* 01BD0 80A18910 00005812 */  mflo    $t3                        
/* 01BD4 80A18914 026B2021 */  addu    $a0, $s3, $t3              
/* 01BD8 80A18918 248402C4 */  addiu   $a0, $a0, 0x02C4           ## $a0 = 000002C4
/* 01BDC 80A1891C 02120019 */  multu   $s0, $s2                   
/* 01BE0 80A18920 00006012 */  mflo    $t4                        
/* 01BE4 80A18924 018D2821 */  addu    $a1, $t4, $t5              
/* 01BE8 80A18928 0C03FD43 */  jal     func_800FF50C              
/* 01BEC 80A1892C 00000000 */  nop
/* 01BF0 80A18930 26100001 */  addiu   $s0, $s0, 0x0001           ## $s0 = 00000002
.L80A18934:
/* 01BF4 80A18934 24010005 */  addiu   $at, $zero, 0x0005         ## $at = 00000005
/* 01BF8 80A18938 1601FFE9 */  bne     $s0, $at, .L80A188E0       
/* 01BFC 80A1893C 26310002 */  addiu   $s1, $s1, 0x0002           ## $s1 = 80A1946A
.L80A18940:
/* 01C00 80A18940 00141080 */  sll     $v0, $s4,  2               
/* 01C04 80A18944 00541023 */  subu    $v0, $v0, $s4              
/* 01C08 80A18948 00021080 */  sll     $v0, $v0,  2               
/* 01C0C 80A1894C 24010004 */  addiu   $at, $zero, 0x0004         ## $at = 00000004
/* 01C10 80A18950 2412000C */  addiu   $s2, $zero, 0x000C         ## $s2 = 0000000C
/* 01C14 80A18954 12810005 */  beq     $s4, $at, .L80A1896C       
/* 01C18 80A18958 0262B021 */  addu    $s6, $s3, $v0              
/* 01C1C 80A1895C 24010078 */  addiu   $at, $zero, 0x0078         ## $at = 00000078
/* 01C20 80A18960 10410002 */  beq     $v0, $at, .L80A1896C       
/* 01C24 80A18964 24010054 */  addiu   $at, $zero, 0x0054         ## $at = 00000054
/* 01C28 80A18968 14410018 */  bne     $v0, $at, .L80A189CC       
.L80A1896C:
/* 01C2C 80A1896C 3C1180A2 */  lui     $s1, %hi(D_80A19468)       ## $s1 = 80A20000
/* 01C30 80A18970 26319468 */  addiu   $s1, $s1, %lo(D_80A19468)  ## $s1 = 80A19468
/* 01C34 80A18974 00008025 */  or      $s0, $zero, $zero          ## $s0 = 00000000
.L80A18978:
/* 01C38 80A18978 C6660174 */  lwc1    $f6, 0x0174($s3)           ## 00000174
/* 01C3C 80A1897C 86280000 */  lh      $t0, 0x0000($s1)           ## 80A19468
/* 01C40 80A18980 4600320D */  trunc.w.s $f8, $f6                   
/* 01C44 80A18984 440F4000 */  mfc1    $t7, $f8                   
/* 01C48 80A18988 00000000 */  nop
/* 01C4C 80A1898C 000FC400 */  sll     $t8, $t7, 16               
/* 01C50 80A18990 0018CC03 */  sra     $t9, $t8, 16               
/* 01C54 80A18994 5728000A */  bnel    $t9, $t0, .L80A189C0       
/* 01C58 80A18998 26100001 */  addiu   $s0, $s0, 0x0001           ## $s0 = 00000001
/* 01C5C 80A1899C 02120019 */  multu   $s0, $s2                   
/* 01C60 80A189A0 3C0A80A2 */  lui     $t2, %hi(D_80A194B0)       ## $t2 = 80A20000
/* 01C64 80A189A4 254A94B0 */  addiu   $t2, $t2, %lo(D_80A194B0)  ## $t2 = 80A194B0
/* 01C68 80A189A8 26C402C4 */  addiu   $a0, $s6, 0x02C4           ## $a0 = 000002C4
/* 01C6C 80A189AC 00004812 */  mflo    $t1                        
/* 01C70 80A189B0 012A2821 */  addu    $a1, $t1, $t2              
/* 01C74 80A189B4 0C03FD43 */  jal     func_800FF50C              
/* 01C78 80A189B8 00000000 */  nop
/* 01C7C 80A189BC 26100001 */  addiu   $s0, $s0, 0x0001           ## $s0 = 00000002
.L80A189C0:
/* 01C80 80A189C0 24010004 */  addiu   $at, $zero, 0x0004         ## $at = 00000004
/* 01C84 80A189C4 1601FFEC */  bne     $s0, $at, .L80A18978       
/* 01C88 80A189C8 26310002 */  addiu   $s1, $s1, 0x0002           ## $s1 = 80A1946A
.L80A189CC:
/* 01C8C 80A189CC C6CC0234 */  lwc1    $f12, 0x0234($s6)          ## 00000234
.L80A189D0:
/* 01C90 80A189D0 C6CE0238 */  lwc1    $f14, 0x0238($s6)          ## 00000238
/* 01C94 80A189D4 8EC6023C */  lw      $a2, 0x023C($s6)           ## 0000023C
/* 01C98 80A189D8 0C0600E7 */  jal     func_8018039C              
/* 01C9C 80A189DC 24070001 */  addiu   $a3, $zero, 0x0001         ## $a3 = 00000001
/* 01CA0 80A189E0 8FBF0034 */  lw      $ra, 0x0034($sp)           
/* 01CA4 80A189E4 8FB00018 */  lw      $s0, 0x0018($sp)           
/* 01CA8 80A189E8 8FB1001C */  lw      $s1, 0x001C($sp)           
/* 01CAC 80A189EC 8FB20020 */  lw      $s2, 0x0020($sp)           
/* 01CB0 80A189F0 8FB30024 */  lw      $s3, 0x0024($sp)           
/* 01CB4 80A189F4 8FB40028 */  lw      $s4, 0x0028($sp)           
/* 01CB8 80A189F8 8FB5002C */  lw      $s5, 0x002C($sp)           
/* 01CBC 80A189FC 8FB60030 */  lw      $s6, 0x0030($sp)           
/* 01CC0 80A18A00 03E00008 */  jr      $ra                        
/* 01CC4 80A18A04 27BD0038 */  addiu   $sp, $sp, 0x0038           ## $sp = 00000000


glabel func_80A18A08
/* 01CC8 80A18A08 27BDFFD0 */  addiu   $sp, $sp, 0xFFD0           ## $sp = FFFFFFD0
/* 01CCC 80A18A0C AFB00028 */  sw      $s0, 0x0028($sp)           
/* 01CD0 80A18A10 00808025 */  or      $s0, $a0, $zero            ## $s0 = 00000000
/* 01CD4 80A18A14 AFBF002C */  sw      $ra, 0x002C($sp)           
/* 01CD8 80A18A18 AFA50034 */  sw      $a1, 0x0034($sp)           
/* 01CDC 80A18A1C 8FAE0034 */  lw      $t6, 0x0034($sp)           
/* 01CE0 80A18A20 0C04B0A3 */  jal     func_8012C28C              
/* 01CE4 80A18A24 8DC40000 */  lw      $a0, 0x0000($t6)           ## 00000000
/* 01CE8 80A18A28 8FAF0034 */  lw      $t7, 0x0034($sp)           
/* 01CEC 80A18A2C 0C04B0B7 */  jal     func_8012C2DC              
/* 01CF0 80A18A30 8DE40000 */  lw      $a0, 0x0000($t7)           ## 00000000
/* 01CF4 80A18A34 8E050160 */  lw      $a1, 0x0160($s0)           ## 00000160
/* 01CF8 80A18A38 8E06017C */  lw      $a2, 0x017C($s0)           ## 0000017C
/* 01CFC 80A18A3C 9207015E */  lbu     $a3, 0x015E($s0)           ## 0000015E
/* 01D00 80A18A40 3C1880A2 */  lui     $t8, %hi(func_80A1859C)    ## $t8 = 80A20000
/* 01D04 80A18A44 2718859C */  addiu   $t8, $t8, %lo(func_80A1859C) ## $t8 = 80A1859C
/* 01D08 80A18A48 AFB80018 */  sw      $t8, 0x0018($sp)           
/* 01D0C 80A18A4C AFB0001C */  sw      $s0, 0x001C($sp)           
/* 01D10 80A18A50 AFA00014 */  sw      $zero, 0x0014($sp)         
/* 01D14 80A18A54 AFA00010 */  sw      $zero, 0x0010($sp)         
/* 01D18 80A18A58 0C04D0F0 */  jal     func_801343C0              
/* 01D1C 80A18A5C 8FA40034 */  lw      $a0, 0x0034($sp)           
/* 01D20 80A18A60 861903C6 */  lh      $t9, 0x03C6($s0)           ## 000003C6
/* 01D24 80A18A64 24010004 */  addiu   $at, $zero, 0x0004         ## $at = 00000004
/* 01D28 80A18A68 02002025 */  or      $a0, $s0, $zero            ## $a0 = 00000000
/* 01D2C 80A18A6C 57210004 */  bnel    $t9, $at, .L80A18A80       
/* 01D30 80A18A70 8FBF002C */  lw      $ra, 0x002C($sp)           
/* 01D34 80A18A74 0C286368 */  jal     func_80A18DA0              
/* 01D38 80A18A78 8FA50034 */  lw      $a1, 0x0034($sp)           
/* 01D3C 80A18A7C 8FBF002C */  lw      $ra, 0x002C($sp)           
.L80A18A80:
/* 01D40 80A18A80 8FB00028 */  lw      $s0, 0x0028($sp)           
/* 01D44 80A18A84 27BD0030 */  addiu   $sp, $sp, 0x0030           ## $sp = 00000000
/* 01D48 80A18A88 03E00008 */  jr      $ra                        
/* 01D4C 80A18A8C 00000000 */  nop


glabel func_80A18A90
/* 01D50 80A18A90 27BDFFE0 */  addiu   $sp, $sp, 0xFFE0           ## $sp = FFFFFFE0
/* 01D54 80A18A94 AFBF001C */  sw      $ra, 0x001C($sp)           
/* 01D58 80A18A98 AFB00018 */  sw      $s0, 0x0018($sp)           
/* 01D5C 80A18A9C 2490041C */  addiu   $s0, $a0, 0x041C           ## $s0 = 0000041C
/* 01D60 80A18AA0 00001025 */  or      $v0, $zero, $zero          ## $v0 = 00000000
.L80A18AA4:
/* 01D64 80A18AA4 920E0000 */  lbu     $t6, 0x0000($s0)           ## 0000041C
/* 01D68 80A18AA8 24420001 */  addiu   $v0, $v0, 0x0001           ## $v0 = 00000001
/* 01D6C 80A18AAC 00021400 */  sll     $v0, $v0, 16               
/* 01D70 80A18AB0 15C0002E */  bne     $t6, $zero, .L80A18B6C     
/* 01D74 80A18AB4 00021403 */  sra     $v0, $v0, 16               
/* 01D78 80A18AB8 240F0001 */  addiu   $t7, $zero, 0x0001         ## $t7 = 00000001
/* 01D7C 80A18ABC A20F0000 */  sb      $t7, 0x0000($s0)           ## 0000041C
/* 01D80 80A18AC0 8CB90000 */  lw      $t9, 0x0000($a1)           ## 00000000
/* 01D84 80A18AC4 3C0180A2 */  lui     $at, %hi(D_80A1950C)       ## $at = 80A20000
/* 01D88 80A18AC8 AE190004 */  sw      $t9, 0x0004($s0)           ## 00000420
/* 01D8C 80A18ACC 8CB80004 */  lw      $t8, 0x0004($a1)           ## 00000004
/* 01D90 80A18AD0 AE180008 */  sw      $t8, 0x0008($s0)           ## 00000424
/* 01D94 80A18AD4 8CB90008 */  lw      $t9, 0x0008($a1)           ## 00000008
/* 01D98 80A18AD8 AE19000C */  sw      $t9, 0x000C($s0)           ## 00000428
/* 01D9C 80A18ADC 8CC90000 */  lw      $t1, 0x0000($a2)           ## 00000000
/* 01DA0 80A18AE0 AE090010 */  sw      $t1, 0x0010($s0)           ## 0000042C
/* 01DA4 80A18AE4 8CC80004 */  lw      $t0, 0x0004($a2)           ## 00000004
/* 01DA8 80A18AE8 AE080014 */  sw      $t0, 0x0014($s0)           ## 00000430
/* 01DAC 80A18AEC 8CC90008 */  lw      $t1, 0x0008($a2)           ## 00000008
/* 01DB0 80A18AF0 AE090018 */  sw      $t1, 0x0018($s0)           ## 00000434
/* 01DB4 80A18AF4 8CEB0000 */  lw      $t3, 0x0000($a3)           ## 00000000
/* 01DB8 80A18AF8 AE0B001C */  sw      $t3, 0x001C($s0)           ## 00000438
/* 01DBC 80A18AFC 8CEA0004 */  lw      $t2, 0x0004($a3)           ## 00000004
/* 01DC0 80A18B00 AE0A0020 */  sw      $t2, 0x0020($s0)           ## 0000043C
/* 01DC4 80A18B04 8CEB0008 */  lw      $t3, 0x0008($a3)           ## 00000008
/* 01DC8 80A18B08 AE0B0024 */  sw      $t3, 0x0024($s0)           ## 00000440
/* 01DCC 80A18B0C C7A40030 */  lwc1    $f4, 0x0030($sp)           
/* 01DD0 80A18B10 E6040030 */  swc1    $f4, 0x0030($s0)           ## 0000044C
/* 01DD4 80A18B14 87AC0036 */  lh      $t4, 0x0036($sp)           
/* 01DD8 80A18B18 A60C0034 */  sh      $t4, 0x0034($s0)           ## 00000450
/* 01DDC 80A18B1C 0C05E570 */  jal     func_801795C0              
/* 01DE0 80A18B20 C42C950C */  lwc1    $f12, %lo(D_80A1950C)($at) 
/* 01DE4 80A18B24 4600018D */  trunc.w.s $f6, $f0                   
/* 01DE8 80A18B28 3C0180A2 */  lui     $at, %hi(D_80A19510)       ## $at = 80A20000
/* 01DEC 80A18B2C 440E3000 */  mfc1    $t6, $f6                   
/* 01DF0 80A18B30 00000000 */  nop
/* 01DF4 80A18B34 A60E0028 */  sh      $t6, 0x0028($s0)           ## 00000444
/* 01DF8 80A18B38 0C05E570 */  jal     func_801795C0              
/* 01DFC 80A18B3C C42C9510 */  lwc1    $f12, %lo(D_80A19510)($at) 
/* 01E00 80A18B40 4600020D */  trunc.w.s $f8, $f0                   
/* 01E04 80A18B44 3C0180A2 */  lui     $at, %hi(D_80A19514)       ## $at = 80A20000
/* 01E08 80A18B48 44184000 */  mfc1    $t8, $f8                   
/* 01E0C 80A18B4C 00000000 */  nop
/* 01E10 80A18B50 A618002A */  sh      $t8, 0x002A($s0)           ## 00000446
/* 01E14 80A18B54 0C05E570 */  jal     func_801795C0              
/* 01E18 80A18B58 C42C9514 */  lwc1    $f12, %lo(D_80A19514)($at) 
/* 01E1C 80A18B5C 4600028D */  trunc.w.s $f10, $f0                  
/* 01E20 80A18B60 44085000 */  mfc1    $t0, $f10                  
/* 01E24 80A18B64 10000004 */  beq     $zero, $zero, .L80A18B78   
/* 01E28 80A18B68 A608002C */  sh      $t0, 0x002C($s0)           ## 00000448
.L80A18B6C:
/* 01E2C 80A18B6C 2841001F */  slti    $at, $v0, 0x001F           
/* 01E30 80A18B70 1420FFCC */  bne     $at, $zero, .L80A18AA4     
/* 01E34 80A18B74 26100038 */  addiu   $s0, $s0, 0x0038           ## $s0 = 00000454
.L80A18B78:
/* 01E38 80A18B78 8FBF001C */  lw      $ra, 0x001C($sp)           
/* 01E3C 80A18B7C 8FB00018 */  lw      $s0, 0x0018($sp)           
/* 01E40 80A18B80 27BD0020 */  addiu   $sp, $sp, 0x0020           ## $sp = 00000000
/* 01E44 80A18B84 03E00008 */  jr      $ra                        
/* 01E48 80A18B88 00000000 */  nop


glabel func_80A18B8C
/* 01E4C 80A18B8C 27BDFF98 */  addiu   $sp, $sp, 0xFF98           ## $sp = FFFFFF98
/* 01E50 80A18B90 AFB40058 */  sw      $s4, 0x0058($sp)           
/* 01E54 80A18B94 AFB20050 */  sw      $s2, 0x0050($sp)           
/* 01E58 80A18B98 00809025 */  or      $s2, $a0, $zero            ## $s2 = 00000000
/* 01E5C 80A18B9C 00A0A025 */  or      $s4, $a1, $zero            ## $s4 = 00000000
/* 01E60 80A18BA0 AFBF0064 */  sw      $ra, 0x0064($sp)           
/* 01E64 80A18BA4 AFB60060 */  sw      $s6, 0x0060($sp)           
/* 01E68 80A18BA8 AFB5005C */  sw      $s5, 0x005C($sp)           
/* 01E6C 80A18BAC AFB30054 */  sw      $s3, 0x0054($sp)           
/* 01E70 80A18BB0 AFB1004C */  sw      $s1, 0x004C($sp)           
/* 01E74 80A18BB4 AFB00048 */  sw      $s0, 0x0048($sp)           
/* 01E78 80A18BB8 F7BC0040 */  sdc1    $f28, 0x0040($sp)          
/* 01E7C 80A18BBC F7BA0038 */  sdc1    $f26, 0x0038($sp)          
/* 01E80 80A18BC0 F7B80030 */  sdc1    $f24, 0x0030($sp)          
/* 01E84 80A18BC4 F7B60028 */  sdc1    $f22, 0x0028($sp)          
/* 01E88 80A18BC8 F7B40020 */  sdc1    $f20, 0x0020($sp)          
/* 01E8C 80A18BCC 3C0180A2 */  lui     $at, %hi(D_80A19518)       ## $at = 80A20000
/* 01E90 80A18BD0 C43C9518 */  lwc1    $f28, %lo(D_80A19518)($at) 
/* 01E94 80A18BD4 3C0180A2 */  lui     $at, %hi(D_80A1951C)       ## $at = 80A20000
/* 01E98 80A18BD8 C43A951C */  lwc1    $f26, %lo(D_80A1951C)($at) 
/* 01E9C 80A18BDC 3C0180A2 */  lui     $at, %hi(D_80A19520)       ## $at = 80A20000
/* 01EA0 80A18BE0 C4389520 */  lwc1    $f24, %lo(D_80A19520)($at) 
/* 01EA4 80A18BE4 3C0180A2 */  lui     $at, %hi(D_80A19524)       ## $at = 80A20000
/* 01EA8 80A18BE8 C4369524 */  lwc1    $f22, %lo(D_80A19524)($at) 
/* 01EAC 80A18BEC 3C014120 */  lui     $at, 0x4120                ## $at = 41200000
/* 01EB0 80A18BF0 4481A000 */  mtc1    $at, $f20                  ## $f20 = 10.00
/* 01EB4 80A18BF4 2650041C */  addiu   $s0, $s2, 0x041C           ## $s0 = 0000041C
/* 01EB8 80A18BF8 00009825 */  or      $s3, $zero, $zero          ## $s3 = 00000000
/* 01EBC 80A18BFC 2416001F */  addiu   $s6, $zero, 0x001F         ## $s6 = 0000001F
/* 01EC0 80A18C00 24150002 */  addiu   $s5, $zero, 0x0002         ## $s5 = 00000002
.L80A18C04:
/* 01EC4 80A18C04 920E0000 */  lbu     $t6, 0x0000($s0)           ## 0000041C
/* 01EC8 80A18C08 51C00054 */  beql    $t6, $zero, .L80A18D5C     
/* 01ECC 80A18C0C 26730001 */  addiu   $s3, $s3, 0x0001           ## $s3 = 00000001
/* 01ED0 80A18C10 C6000010 */  lwc1    $f0, 0x0010($s0)           ## 0000042C
/* 01ED4 80A18C14 C6040004 */  lwc1    $f4, 0x0004($s0)           ## 00000420
/* 01ED8 80A18C18 C6020014 */  lwc1    $f2, 0x0014($s0)           ## 00000430
/* 01EDC 80A18C1C C6080008 */  lwc1    $f8, 0x0008($s0)           ## 00000424
/* 01EE0 80A18C20 C60C0018 */  lwc1    $f12, 0x0018($s0)          ## 00000434
/* 01EE4 80A18C24 C610000C */  lwc1    $f16, 0x000C($s0)          ## 00000428
/* 01EE8 80A18C28 46002180 */  add.s   $f6, $f4, $f0              
/* 01EEC 80A18C2C C604001C */  lwc1    $f4, 0x001C($s0)           ## 00000438
/* 01EF0 80A18C30 860F0028 */  lh      $t7, 0x0028($s0)           ## 00000444
/* 01EF4 80A18C34 46024280 */  add.s   $f10, $f8, $f2             
/* 01EF8 80A18C38 C6080020 */  lwc1    $f8, 0x0020($s0)           ## 0000043C
/* 01EFC 80A18C3C E6060004 */  swc1    $f6, 0x0004($s0)           ## 00000420
/* 01F00 80A18C40 460C8480 */  add.s   $f18, $f16, $f12           
/* 01F04 80A18C44 C6100024 */  lwc1    $f16, 0x0024($s0)          ## 00000440
/* 01F08 80A18C48 E60A0008 */  swc1    $f10, 0x0008($s0)          ## 00000424
/* 01F0C 80A18C4C 46040180 */  add.s   $f6, $f0, $f4              
/* 01F10 80A18C50 E612000C */  swc1    $f18, 0x000C($s0)          ## 00000428
/* 01F14 80A18C54 8619002A */  lh      $t9, 0x002A($s0)           ## 00000446
/* 01F18 80A18C58 46081280 */  add.s   $f10, $f2, $f8             
/* 01F1C 80A18C5C 8609002C */  lh      $t1, 0x002C($s0)           ## 00000448
/* 01F20 80A18C60 25F80BB8 */  addiu   $t8, $t7, 0x0BB8           ## $t8 = 00000BB8
/* 01F24 80A18C64 46106480 */  add.s   $f18, $f12, $f16           
/* 01F28 80A18C68 27280BB8 */  addiu   $t0, $t9, 0x0BB8           ## $t0 = 00000BB8
/* 01F2C 80A18C6C 252A0BB8 */  addiu   $t2, $t1, 0x0BB8           ## $t2 = 00000BB8
/* 01F30 80A18C70 A6180028 */  sh      $t8, 0x0028($s0)           ## 00000444
/* 01F34 80A18C74 A608002A */  sh      $t0, 0x002A($s0)           ## 00000446
/* 01F38 80A18C78 A60A002C */  sh      $t2, 0x002C($s0)           ## 00000448
/* 01F3C 80A18C7C E6060010 */  swc1    $f6, 0x0010($s0)           ## 0000042C
/* 01F40 80A18C80 E60A0014 */  swc1    $f10, 0x0014($s0)          ## 00000430
/* 01F44 80A18C84 E6120018 */  swc1    $f18, 0x0018($s0)          ## 00000434
/* 01F48 80A18C88 864B03BE */  lh      $t3, 0x03BE($s2)           ## 000003BE
/* 01F4C 80A18C8C 52AB001C */  beql    $s5, $t3, .L80A18D00       
/* 01F50 80A18C90 C6440028 */  lwc1    $f4, 0x0028($s2)           ## 00000028
/* 01F54 80A18C94 C6460028 */  lwc1    $f6, 0x0028($s2)           ## 00000028
/* 01F58 80A18C98 C6040008 */  lwc1    $f4, 0x0008($s0)           ## 00000424
/* 01F5C 80A18C9C 46143201 */  sub.s   $f8, $f6, $f20             
/* 01F60 80A18CA0 4608203C */  c.lt.s  $f4, $f8                   
/* 01F64 80A18CA4 00000000 */  nop
/* 01F68 80A18CA8 45020026 */  bc1fl   .L80A18D44                 
/* 01F6C 80A18CAC 86020034 */  lh      $v0, 0x0034($s0)           ## 00000450
/* 01F70 80A18CB0 AFA00010 */  sw      $zero, 0x0010($sp)         
/* 01F74 80A18CB4 C60A0030 */  lwc1    $f10, 0x0030($s0)          ## 0000044C
/* 01F78 80A18CB8 26110004 */  addiu   $s1, $s0, 0x0004           ## $s1 = 00000420
/* 01F7C 80A18CBC 02202825 */  or      $a1, $s1, $zero            ## $a1 = 00000420
/* 01F80 80A18CC0 46165402 */  mul.s   $f16, $f10, $f22           
/* 01F84 80A18CC4 02802025 */  or      $a0, $s4, $zero            ## $a0 = 00000000
/* 01F88 80A18CC8 00003025 */  or      $a2, $zero, $zero          ## $a2 = 00000000
/* 01F8C 80A18CCC 00003825 */  or      $a3, $zero, $zero          ## $a3 = 00000000
/* 01F90 80A18CD0 4600848D */  trunc.w.s $f18, $f16                 
/* 01F94 80A18CD4 440D9000 */  mfc1    $t5, $f18                  
/* 01F98 80A18CD8 0C02C7D3 */  jal     func_800B1F4C              
/* 01F9C 80A18CDC AFAD0014 */  sw      $t5, 0x0014($sp)           
/* 01FA0 80A18CE0 02802025 */  or      $a0, $s4, $zero            ## $a0 = 00000000
/* 01FA4 80A18CE4 02202825 */  or      $a1, $s1, $zero            ## $a1 = 00000420
/* 01FA8 80A18CE8 24060032 */  addiu   $a2, $zero, 0x0032         ## $a2 = 00000032
/* 01FAC 80A18CEC 0C03C15A */  jal     func_800F0568              
/* 01FB0 80A18CF0 24072817 */  addiu   $a3, $zero, 0x2817         ## $a3 = 00002817
/* 01FB4 80A18CF4 10000012 */  beq     $zero, $zero, .L80A18D40   
/* 01FB8 80A18CF8 A2000000 */  sb      $zero, 0x0000($s0)         ## 0000041C
/* 01FBC 80A18CFC C6440028 */  lwc1    $f4, 0x0028($s2)           ## 00000028
.L80A18D00:
/* 01FC0 80A18D00 C6060008 */  lwc1    $f6, 0x0008($s0)           ## 00000424
/* 01FC4 80A18D04 46142201 */  sub.s   $f8, $f4, $f20             
/* 01FC8 80A18D08 4608303C */  c.lt.s  $f6, $f8                   
/* 01FCC 80A18D0C 00000000 */  nop
/* 01FD0 80A18D10 4502000C */  bc1fl   .L80A18D44                 
/* 01FD4 80A18D14 86020034 */  lh      $v0, 0x0034($s0)           ## 00000450
/* 01FD8 80A18D18 4405C000 */  mfc1    $a1, $f24                  
/* 01FDC 80A18D1C 4406D000 */  mfc1    $a2, $f26                  
/* 01FE0 80A18D20 0C03FF9A */  jal     func_800FFE68              
/* 01FE4 80A18D24 26040030 */  addiu   $a0, $s0, 0x0030           ## $a0 = 0000044C
/* 01FE8 80A18D28 C60A0030 */  lwc1    $f10, 0x0030($s0)          ## 0000044C
/* 01FEC 80A18D2C 461C503E */  c.le.s  $f10, $f28                 
/* 01FF0 80A18D30 00000000 */  nop
/* 01FF4 80A18D34 45020003 */  bc1fl   .L80A18D44                 
/* 01FF8 80A18D38 86020034 */  lh      $v0, 0x0034($s0)           ## 00000450
/* 01FFC 80A18D3C A6000034 */  sh      $zero, 0x0034($s0)         ## 00000450
.L80A18D40:
/* 02000 80A18D40 86020034 */  lh      $v0, 0x0034($s0)           ## 00000450
.L80A18D44:
/* 02004 80A18D44 10400003 */  beq     $v0, $zero, .L80A18D54     
/* 02008 80A18D48 244EFFFF */  addiu   $t6, $v0, 0xFFFF           ## $t6 = FFFFFFFF
/* 0200C 80A18D4C 10000002 */  beq     $zero, $zero, .L80A18D58   
/* 02010 80A18D50 A60E0034 */  sh      $t6, 0x0034($s0)           ## 00000450
.L80A18D54:
/* 02014 80A18D54 A2000000 */  sb      $zero, 0x0000($s0)         ## 0000041C
.L80A18D58:
/* 02018 80A18D58 26730001 */  addiu   $s3, $s3, 0x0001           ## $s3 = 00000002
.L80A18D5C:
/* 0201C 80A18D5C 1676FFA9 */  bne     $s3, $s6, .L80A18C04       
/* 02020 80A18D60 26100038 */  addiu   $s0, $s0, 0x0038           ## $s0 = 00000454
/* 02024 80A18D64 8FBF0064 */  lw      $ra, 0x0064($sp)           
/* 02028 80A18D68 D7B40020 */  ldc1    $f20, 0x0020($sp)          
/* 0202C 80A18D6C D7B60028 */  ldc1    $f22, 0x0028($sp)          
/* 02030 80A18D70 D7B80030 */  ldc1    $f24, 0x0030($sp)          
/* 02034 80A18D74 D7BA0038 */  ldc1    $f26, 0x0038($sp)          
/* 02038 80A18D78 D7BC0040 */  ldc1    $f28, 0x0040($sp)          
/* 0203C 80A18D7C 8FB00048 */  lw      $s0, 0x0048($sp)           
/* 02040 80A18D80 8FB1004C */  lw      $s1, 0x004C($sp)           
/* 02044 80A18D84 8FB20050 */  lw      $s2, 0x0050($sp)           
/* 02048 80A18D88 8FB30054 */  lw      $s3, 0x0054($sp)           
/* 0204C 80A18D8C 8FB40058 */  lw      $s4, 0x0058($sp)           
/* 02050 80A18D90 8FB5005C */  lw      $s5, 0x005C($sp)           
/* 02054 80A18D94 8FB60060 */  lw      $s6, 0x0060($sp)           
/* 02058 80A18D98 03E00008 */  jr      $ra                        
/* 0205C 80A18D9C 27BD0068 */  addiu   $sp, $sp, 0x0068           ## $sp = 00000000


glabel func_80A18DA0
/* 02060 80A18DA0 27BDFFC8 */  addiu   $sp, $sp, 0xFFC8           ## $sp = FFFFFFC8
/* 02064 80A18DA4 AFBF0034 */  sw      $ra, 0x0034($sp)           
/* 02068 80A18DA8 AFB60030 */  sw      $s6, 0x0030($sp)           
/* 0206C 80A18DAC AFB5002C */  sw      $s5, 0x002C($sp)           
/* 02070 80A18DB0 AFB40028 */  sw      $s4, 0x0028($sp)           
/* 02074 80A18DB4 AFB30024 */  sw      $s3, 0x0024($sp)           
/* 02078 80A18DB8 AFB20020 */  sw      $s2, 0x0020($sp)           
/* 0207C 80A18DBC AFB1001C */  sw      $s1, 0x001C($sp)           
/* 02080 80A18DC0 AFB00018 */  sw      $s0, 0x0018($sp)           
/* 02084 80A18DC4 00803025 */  or      $a2, $a0, $zero            ## $a2 = 00000000
/* 02088 80A18DC8 8CA40000 */  lw      $a0, 0x0000($a1)           ## 00000000
/* 0208C 80A18DCC 24D0041C */  addiu   $s0, $a2, 0x041C           ## $s0 = 0000041C
/* 02090 80A18DD0 00809025 */  or      $s2, $a0, $zero            ## $s2 = 00000000
/* 02094 80A18DD4 0C04B0A3 */  jal     func_8012C28C              
/* 02098 80A18DD8 00000000 */  nop
/* 0209C 80A18DDC 3C15DA38 */  lui     $s5, 0xDA38                ## $s5 = DA380000
/* 020A0 80A18DE0 36B50003 */  ori     $s5, $s5, 0x0003           ## $s5 = DA380003
/* 020A4 80A18DE4 00009825 */  or      $s3, $zero, $zero          ## $s3 = 00000000
/* 020A8 80A18DE8 3C16DE00 */  lui     $s6, 0xDE00                ## $s6 = DE000000
.L80A18DEC:
/* 020AC 80A18DEC 920E0000 */  lbu     $t6, 0x0000($s0)           ## 0000041C
/* 020B0 80A18DF0 3C140600 */  lui     $s4, 0x0600                ## $s4 = 06000000
/* 020B4 80A18DF4 269424E0 */  addiu   $s4, $s4, 0x24E0           ## $s4 = 060024E0
/* 020B8 80A18DF8 11C0001F */  beq     $t6, $zero, .L80A18E78     
/* 020BC 80A18DFC 00003825 */  or      $a3, $zero, $zero          ## $a3 = 00000000
/* 020C0 80A18E00 C60C0004 */  lwc1    $f12, 0x0004($s0)          ## 00000420
/* 020C4 80A18E04 C60E0008 */  lwc1    $f14, 0x0008($s0)          ## 00000424
/* 020C8 80A18E08 0C0600A7 */  jal     func_8018029C              
/* 020CC 80A18E0C 8E06000C */  lw      $a2, 0x000C($s0)           ## 00000428
/* 020D0 80A18E10 C60C0030 */  lwc1    $f12, 0x0030($s0)          ## 0000044C
/* 020D4 80A18E14 24070001 */  addiu   $a3, $zero, 0x0001         ## $a3 = 00000001
/* 020D8 80A18E18 44066000 */  mfc1    $a2, $f12                  
/* 020DC 80A18E1C 0C0600E7 */  jal     func_8018039C              
/* 020E0 80A18E20 46006386 */  mov.s   $f14, $f12                 
/* 020E4 80A18E24 86040028 */  lh      $a0, 0x0028($s0)           ## 00000444
/* 020E8 80A18E28 0C06011E */  jal     func_80180478              
/* 020EC 80A18E2C 24050001 */  addiu   $a1, $zero, 0x0001         ## $a1 = 00000001
/* 020F0 80A18E30 8604002A */  lh      $a0, 0x002A($s0)           ## 00000446
/* 020F4 80A18E34 0C06026B */  jal     func_801809AC              
/* 020F8 80A18E38 24050001 */  addiu   $a1, $zero, 0x0001         ## $a1 = 00000001
/* 020FC 80A18E3C 8604002C */  lh      $a0, 0x002C($s0)           ## 00000448
/* 02100 80A18E40 0C06033E */  jal     func_80180CF8              
/* 02104 80A18E44 24050001 */  addiu   $a1, $zero, 0x0001         ## $a1 = 00000001
/* 02108 80A18E48 8E5102B0 */  lw      $s1, 0x02B0($s2)           ## 000002B0
/* 0210C 80A18E4C 02402025 */  or      $a0, $s2, $zero            ## $a0 = 00000000
/* 02110 80A18E50 262F0008 */  addiu   $t7, $s1, 0x0008           ## $t7 = 00000008
/* 02114 80A18E54 AE4F02B0 */  sw      $t7, 0x02B0($s2)           ## 000002B0
/* 02118 80A18E58 0C060690 */  jal     func_80181A40              
/* 0211C 80A18E5C AE350000 */  sw      $s5, 0x0000($s1)           ## 00000000
/* 02120 80A18E60 AE220004 */  sw      $v0, 0x0004($s1)           ## 00000004
/* 02124 80A18E64 8E4302B0 */  lw      $v1, 0x02B0($s2)           ## 000002B0
/* 02128 80A18E68 24780008 */  addiu   $t8, $v1, 0x0008           ## $t8 = 00000008
/* 0212C 80A18E6C AE5802B0 */  sw      $t8, 0x02B0($s2)           ## 000002B0
/* 02130 80A18E70 AC740004 */  sw      $s4, 0x0004($v1)           ## 00000004
/* 02134 80A18E74 AC760000 */  sw      $s6, 0x0000($v1)           ## 00000000
.L80A18E78:
/* 02138 80A18E78 26730001 */  addiu   $s3, $s3, 0x0001           ## $s3 = 00000001
/* 0213C 80A18E7C 00139C00 */  sll     $s3, $s3, 16               
/* 02140 80A18E80 00139C03 */  sra     $s3, $s3, 16               
/* 02144 80A18E84 2A61001F */  slti    $at, $s3, 0x001F           
/* 02148 80A18E88 1420FFD8 */  bne     $at, $zero, .L80A18DEC     
/* 0214C 80A18E8C 26100038 */  addiu   $s0, $s0, 0x0038           ## $s0 = 00000454
/* 02150 80A18E90 8FBF0034 */  lw      $ra, 0x0034($sp)           
/* 02154 80A18E94 8FB00018 */  lw      $s0, 0x0018($sp)           
/* 02158 80A18E98 8FB1001C */  lw      $s1, 0x001C($sp)           
/* 0215C 80A18E9C 8FB20020 */  lw      $s2, 0x0020($sp)           
/* 02160 80A18EA0 8FB30024 */  lw      $s3, 0x0024($sp)           
/* 02164 80A18EA4 8FB40028 */  lw      $s4, 0x0028($sp)           
/* 02168 80A18EA8 8FB5002C */  lw      $s5, 0x002C($sp)           
/* 0216C 80A18EAC 8FB60030 */  lw      $s6, 0x0030($sp)           
/* 02170 80A18EB0 03E00008 */  jr      $ra                        
/* 02174 80A18EB4 27BD0038 */  addiu   $sp, $sp, 0x0038           ## $sp = 00000000
/* 02178 80A18EB8 00000000 */  nop
/* 0217C 80A18EBC 00000000 */  nop

.section .data

D_80A18EC0: .word 0x013A0600, 0x08000000, 0x01610000, 0x00000AE4
.word func_80A16D90
.word func_80A17018
.word func_80A181B4
.word func_80A18A08
D_80A18EE0: .word \
0x0A110039, 0x10010000, 0x00000000, 0xF7CFFFFF, \
0x04100000, 0xF7CFFFFF, 0x00000000, 0x01000100, \
0x0032000A, 0xFFF60000, 0x00000000
D_80A18F0C: .word \
0x01010101, 0x01010101, 0x01010101, 0x01010101, \
0x01010101, 0x01010101, 0x01010101, 0x00010101, \
0x01000101, 0x00010101, 0x01000101, 0x00010001, \
0x01010100, 0x01000101, 0x01010100, 0x00010000
D_80A18F4C: .word \
0x01010101, 0x01010101, 0x01010101, 0x01010101, \
0x01010101, 0x01010101, 0x01010101, 0x01010101, \
0x01010101, 0x01010101, 0x01010101, 0x01010101, \
0x01010101, 0x01010101, 0x01010101, 0x01010101
D_80A18F8C: .word \
0x01010101, 0x01010101, 0x01010101, 0x01010101, \
0x00000000, 0x01010100, 0x00000101, 0x01000101, \
0x01010101, 0x01010100, 0x01000001, 0x01010001, \
0x01000000, 0x01010100, 0x00000001, 0x01010001, \
0x01000001, 0x01010101, 0x01010101, 0x01010101, \
0x01000001, 0x01010101, 0x00000101, 0x01010101, \
0x00010101, 0x01010101, 0x01000100, 0x01010101, \
0x00010101, 0x01010101, 0x01000000, 0x01010101, \
0x00010101, 0x01010100, 0x00000100, 0x00010101, \
0x01000101, 0x01010101, 0x01010100, 0x00010101, \
0x00010101, 0x01010000, 0x00010101, 0x01000001, \
0x00010101, 0x01010000, 0x00010101, 0x01000001, \
0x01000101, 0x01010101, 0x01010101, 0x01010101, \
0x00000101, 0x00000000, 0x01010101, 0x01000000, \
0x00010100, 0x01010001, 0x01010101, 0x01010000, \
0x00010100, 0x01010001, 0x01010101, 0x01010000, \
0x01000101, 0x00000101, 0x01010101, 0x01010101, \
0x01000101, 0x00000101, 0x01010101, 0x01010000, \
0x01000101, 0x01000101, 0x01010101, 0x01000001, \
0x01000101, 0x01000101, 0x01010101, 0x01000001, \
0x01000101, 0x01000001, 0x01010101, 0x01010100, \
0x00000101, 0x01010001, 0x01010101, 0x01010100, \
0x01000001, 0x01010101, 0x01010101, 0x01000000, \
0x01000001, 0x01000001, 0x01010101, 0x01000000, \
0x00010000, 0x01010000, 0x01010101, 0x00000101, \
0x01010100, 0x01010000, 0x01010101, 0x00010101, \
0x01010101, 0x00000100, 0x01000100, 0x01000101, \
0x00010101, 0x00000100, 0x01000100, 0x01000101, \
0x01010101, 0x01010000, 0x01010001, 0x01010001, \
0x01010101, 0x01010000, 0x01010001, 0x01010001, \
0x00000101, 0x00000001, 0x00010101, 0x00000001, \
0x00000101, 0x00010101, 0x00010101, 0x00000101
D_80A1918C: .word \
0x01010101, 0x01010101, 0x01010101, 0x01010101, \
0x01010101, 0x01010101, 0x01010101, 0x01010101, \
0x01010101, 0x01010101, 0x01010101, 0x01010101, \
0x01010101, 0x01010101, 0x01010101, 0x01010101, \
0x01010101, 0x01010101, 0x01010101, 0x01010101, \
0x01010101, 0x01010101, 0x01010101, 0x01010101, \
0x01010101, 0x01010101, 0x01010101, 0x01010101, \
0x01010101, 0x01010101, 0x01010101, 0x01010101, \
0x01010101, 0x01010100, 0x01010101, 0x01010101, \
0x01010101, 0x01010101, 0x01010101, 0x01010101, \
0x01010101, 0x01010101, 0x01010101, 0x01010101, \
0x01010101, 0x01010101, 0x01010101, 0x01010101, \
0x01010101, 0x01010101, 0x01010101, 0x01010101, \
0x01010101, 0x01010101, 0x01010101, 0x01010101, \
0x01010101, 0x01010101, 0x01010101, 0x01010101, \
0x01010101, 0x01010101, 0x01010101, 0x01010101, \
0x01010101, 0x01010101, 0x01010101, 0x01010101, \
0x01010101, 0x01010101, 0x01010101, 0x01010101, \
0x01010101, 0x01010101, 0x01010101, 0x01010101, \
0x01010101, 0x01010101, 0x01010101, 0x01010101, \
0x01010101, 0x01010101, 0x01010101, 0x01010101, \
0x01010101, 0x01010101, 0x01010101, 0x01010101, \
0x01010101, 0x01010101, 0x01010101, 0x01010101, \
0x01010101, 0x01010101, 0x01010101, 0x01010101, \
0x01010101, 0x01010101, 0x01010101, 0x01010101, \
0x01010101, 0x01010101, 0x01010101, 0x01010101, \
0x01010101, 0x01010101, 0x01010101, 0x01010101, \
0x01010101, 0x01010101, 0x01010101, 0x01010101, \
0x01010101, 0x01010101, 0x01010101, 0x01010101, \
0x01010101, 0x01010101, 0x01010101, 0x01010101, \
0x01010101, 0x01010101, 0x01010101, 0x01010101, \
0x01010101, 0x01010101, 0x01010101, 0x01010101, \
0x01010101, 0x01010101, 0x01010101, 0x01010101
D_80A1939C: .word \
0xF0F000E1, 0xF0F000F0, 0xF0F0F0F0, 0xF0F0F0F0, \
0xF0F0F0F0, 0x0000F0F0, 0xF000F000, 0x000000F0
D_80A193BC: .word 0x3F800000, 0x3F800000, 0x3F800000
D_80A193C8: .word \
0x06000A64, 0x06000C7C, 0x06000B30, 0x06000A64, \
0x060003FC, 0x060007A8
D_80A193E0: .word 0x02020002, 0x00020000
D_80A193E8: .word 0x3F800000, 0x3F800000, 0x3F800000
D_80A193F4: .word 0x00000000, 0x00000000, 0x00000000
D_80A19400: .word 0x00000000, 0x00000000, 0x00000000
D_80A1940C: .word 0x3F800000, 0x3F800000, 0x3F800000
D_80A19418: .word 0x00000004, 0x00060000
D_80A19420: .word \
0x3F800000, 0x3F800000, 0x3F800000, 0x3F800000, \
0x40000000, 0x3F800000
D_80A19438: .word 0x00000000, 0x3FC00000, 0x3F333333
D_80A19444: .word \
0x3F800000, 0x3F800000, 0x3F800000, 0x40400000, \
0x40000000, 0x3FC00000
D_80A1945C: .word 0x3FC00000, 0x3F99999A, 0x3F4CCCCD
D_80A19468: .word 0x00000007, 0x0009000D, 0x00130000
D_80A19474: .word \
0x3F800000, 0x3FC00000, 0x3F333333, 0x3F800000, \
0x40000000, 0x3FC00000, 0x3F800000, 0x40000000, \
0x3F000000, 0x3F800000, 0x40000000, 0x3F000000, \
0x3F800000, 0x3F800000, 0x3F800000
D_80A194B0: .word \
0x3FC00000, 0x3FC00000, 0x3FD9999A, 0x3FC00000, \
0x3FC00000, 0x3FA66666, 0x40400000, 0x3F800000, \
0x3F000000, 0x3F800000, 0x3F800000, 0x3F000000, \
0x3F800000, 0x3F800000, 0x3F800000, 0x00000000

.section .rodata

D_80A194F0: .word 0x469C4000
D_80A194F4: .word 0x3E4CCCCD
D_80A194F8: .word 0x3B03126F
D_80A194FC: .word 0xBE99999A
D_80A19500: .word 0xBDCCCCCD
D_80A19504: .word 0x453B8000
D_80A19508: .word 0x3ECCCCCD
D_80A1950C: .word 0x46EA6000
D_80A19510: .word 0x46EA6000
D_80A19514: .word 0x46EA6000
D_80A19518: .word 0x38D1B717
D_80A1951C: .word 0x3A83126F
D_80A19520: .word 0x3E4CCCCD
D_80A19524: .word 0x48435000, 0x00000000, 0x00000000


.section .rodata
D_80A19530:
.incbin "baserom/En_Raf", 0x27F0, 0x00000210
