.include "macro.inc"

# assembler directives
.set noat      # allow manual use of $at
.set noreorder # don't insert nops after branches
.set gp=64     # allow use of 64-bit general purpose registers

.section .text
glabel func_80BFB480
/* 00000 80BFB480 27BDFFC0 */  addiu   $sp, $sp, 0xFFC0           ## $sp = FFFFFFC0
/* 00004 80BFB484 AFB30030 */  sw      $s3, 0x0030($sp)           
/* 00008 80BFB488 00809825 */  or      $s3, $a0, $zero            ## $s3 = 00000000
/* 0000C 80BFB48C AFBF003C */  sw      $ra, 0x003C($sp)           
/* 00010 80BFB490 AFB50038 */  sw      $s5, 0x0038($sp)           
/* 00014 80BFB494 AFB40034 */  sw      $s4, 0x0034($sp)           
/* 00018 80BFB498 AFB2002C */  sw      $s2, 0x002C($sp)           
/* 0001C 80BFB49C AFB10028 */  sw      $s1, 0x0028($sp)           
/* 00020 80BFB4A0 AFB00024 */  sw      $s0, 0x0024($sp)           
/* 00024 80BFB4A4 AFA50044 */  sw      $a1, 0x0044($sp)           
/* 00028 80BFB4A8 82700038 */  lb      $s0, 0x0038($s3)           ## 00000038
/* 0002C 80BFB4AC 00008825 */  or      $s1, $zero, $zero          ## $s1 = 00000000
/* 00030 80BFB4B0 02609025 */  or      $s2, $s3, $zero            ## $s2 = 00000000
/* 00034 80BFB4B4 24150004 */  addiu   $s5, $zero, 0x0004         ## $s5 = 00000004
/* 00038 80BFB4B8 2414FFFF */  addiu   $s4, $zero, 0xFFFF         ## $s4 = FFFFFFFF
.L80BFB4BC:
/* 0003C 80BFB4BC 12140006 */  beq     $s0, $s4, .L80BFB4D8       
/* 00040 80BFB4C0 A650042A */  sh      $s0, 0x042A($s2)           ## 0000042A
/* 00044 80BFB4C4 A2700038 */  sb      $s0, 0x0038($s3)           ## 00000038
/* 00048 80BFB4C8 0C03C82E */  jal     func_800F20B8              
/* 0004C 80BFB4CC 82640038 */  lb      $a0, 0x0038($s3)           ## 00000038
/* 00050 80BFB4D0 00028400 */  sll     $s0, $v0, 16               
/* 00054 80BFB4D4 00108403 */  sra     $s0, $s0, 16               
.L80BFB4D8:
/* 00058 80BFB4D8 26310002 */  addiu   $s1, $s1, 0x0002           ## $s1 = 00000002
/* 0005C 80BFB4DC 1635FFF7 */  bne     $s1, $s5, .L80BFB4BC       
/* 00060 80BFB4E0 26520002 */  addiu   $s2, $s2, 0x0002           ## $s2 = 00000002
/* 00064 80BFB4E4 3C053C23 */  lui     $a1, 0x3C23                ## $a1 = 3C230000
/* 00068 80BFB4E8 34A5D70A */  ori     $a1, $a1, 0xD70A           ## $a1 = 3C23D70A
/* 0006C 80BFB4EC 0C02D9F8 */  jal     func_800B67E0              
/* 00070 80BFB4F0 02602025 */  or      $a0, $s3, $zero            ## $a0 = 00000000
/* 00074 80BFB4F4 3C0680C0 */  lui     $a2, %hi(func_80BFB780)    ## $a2 = 80C00000
/* 00078 80BFB4F8 24C6B780 */  addiu   $a2, $a2, %lo(func_80BFB780) ## $a2 = 80BFB780
/* 0007C 80BFB4FC 266400BC */  addiu   $a0, $s3, 0x00BC           ## $a0 = 000000BC
/* 00080 80BFB500 24050000 */  addiu   $a1, $zero, 0x0000         ## $a1 = 00000000
/* 00084 80BFB504 0C02CEE9 */  jal     func_800B3BA4              
/* 00088 80BFB508 3C0741A0 */  lui     $a3, 0x41A0                ## $a3 = 41A00000
/* 0008C 80BFB50C 2402FFF0 */  addiu   $v0, $zero, 0xFFF0         ## $v0 = FFFFFFF0
/* 00090 80BFB510 3C110600 */  lui     $s1, 0x0600                ## $s1 = 06000000
/* 00094 80BFB514 266E0188 */  addiu   $t6, $s3, 0x0188           ## $t6 = 00000188
/* 00098 80BFB518 267802A0 */  addiu   $t8, $s3, 0x02A0           ## $t8 = 000002A0
/* 0009C 80BFB51C 26313A20 */  addiu   $s1, $s1, 0x3A20           ## $s1 = 06003A20
/* 000A0 80BFB520 0302C824 */  and     $t9, $t8, $v0              
/* 000A4 80BFB524 01C27824 */  and     $t7, $t6, $v0              
/* 000A8 80BFB528 26700144 */  addiu   $s0, $s3, 0x0144           ## $s0 = 00000144
/* 000AC 80BFB52C 3C060601 */  lui     $a2, 0x0601                ## $a2 = 06010000
/* 000B0 80BFB530 24080016 */  addiu   $t0, $zero, 0x0016         ## $t0 = 00000016
/* 000B4 80BFB534 AFA80018 */  sw      $t0, 0x0018($sp)           
/* 000B8 80BFB538 24C6D8D8 */  addiu   $a2, $a2, 0xD8D8           ## $a2 = 0600D8D8
/* 000BC 80BFB53C 02002825 */  or      $a1, $s0, $zero            ## $a1 = 00000144
/* 000C0 80BFB540 AFAF0010 */  sw      $t7, 0x0010($sp)           
/* 000C4 80BFB544 AFB90014 */  sw      $t9, 0x0014($sp)           
/* 000C8 80BFB548 02203825 */  or      $a3, $s1, $zero            ## $a3 = 06003A20
/* 000CC 80BFB54C 0C04DACC */  jal     func_80136B30              
/* 000D0 80BFB550 8FA40044 */  lw      $a0, 0x0044($sp)           
/* 000D4 80BFB554 02002025 */  or      $a0, $s0, $zero            ## $a0 = 00000144
/* 000D8 80BFB558 0C04DD50 */  jal     func_80137540              
/* 000DC 80BFB55C 02202825 */  or      $a1, $s1, $zero            ## $a1 = 06003A20
/* 000E0 80BFB560 3C0780C0 */  lui     $a3, %hi(D_80BFCCF4)       ## $a3 = 80C00000
/* 000E4 80BFB564 24E7CCF4 */  addiu   $a3, $a3, %lo(D_80BFCCF4)  ## $a3 = 80BFCCF4
/* 000E8 80BFB568 8FA40044 */  lw      $a0, 0x0044($sp)           
/* 000EC 80BFB56C 266503C0 */  addiu   $a1, $s3, 0x03C0           ## $a1 = 000003C0
/* 000F0 80BFB570 0C0384DD */  jal     func_800E1374              
/* 000F4 80BFB574 02603025 */  or      $a2, $s3, $zero            ## $a2 = 00000000
/* 000F8 80BFB578 3C0A80C0 */  lui     $t2, %hi(func_80BFC058)    ## $t2 = 80C00000
/* 000FC 80BFB57C 240900FF */  addiu   $t1, $zero, 0x00FF         ## $t1 = 000000FF
/* 00100 80BFB580 254AC058 */  addiu   $t2, $t2, %lo(func_80BFC058) ## $t2 = 80BFC058
/* 00104 80BFB584 A26900B6 */  sb      $t1, 0x00B6($s3)           ## 000000B6
/* 00108 80BFB588 AE6A0430 */  sw      $t2, 0x0430($s3)           ## 00000430
/* 0010C 80BFB58C 8FA50044 */  lw      $a1, 0x0044($sp)           
/* 00110 80BFB590 0C2FEE94 */  jal     func_80BFBA50              
/* 00114 80BFB594 02602025 */  or      $a0, $s3, $zero            ## $a0 = 00000000
/* 00118 80BFB598 3C01C110 */  lui     $at, 0xC110                ## $at = C1100000
/* 0011C 80BFB59C 44812000 */  mtc1    $at, $f4                   ## $f4 = -9.00
/* 00120 80BFB5A0 8663001C */  lh      $v1, 0x001C($s3)           ## 0000001C
/* 00124 80BFB5A4 3C01BF80 */  lui     $at, 0xBF80                ## $at = BF800000
/* 00128 80BFB5A8 44813000 */  mtc1    $at, $f6                   ## $f6 = -1.00
/* 0012C 80BFB5AC 240B0009 */  addiu   $t3, $zero, 0x0009         ## $t3 = 00000009
/* 00130 80BFB5B0 24010001 */  addiu   $at, $zero, 0x0001         ## $at = 00000001
/* 00134 80BFB5B4 3063000F */  andi    $v1, $v1, 0x000F           ## $v1 = 00000000
/* 00138 80BFB5B8 A66B0422 */  sh      $t3, 0x0422($s3)           ## 00000422
/* 0013C 80BFB5BC A260001F */  sb      $zero, 0x001F($s3)         ## 0000001F
/* 00140 80BFB5C0 E6640078 */  swc1    $f4, 0x0078($s3)           ## 00000078
/* 00144 80BFB5C4 10610006 */  beq     $v1, $at, .L80BFB5E0       
/* 00148 80BFB5C8 E6660074 */  swc1    $f6, 0x0074($s3)           ## 00000074
/* 0014C 80BFB5CC 24010002 */  addiu   $at, $zero, 0x0002         ## $at = 00000002
/* 00150 80BFB5D0 5061001A */  beql    $v1, $at, .L80BFB63C       
/* 00154 80BFB5D4 8E6F0004 */  lw      $t7, 0x0004($s3)           ## 00000004
/* 00158 80BFB5D8 10000039 */  beq     $zero, $zero, .L80BFB6C0   
/* 0015C 80BFB5DC 02602825 */  or      $a1, $s3, $zero            ## $a1 = 00000000
.L80BFB5E0:
/* 00160 80BFB5E0 3C0C801F */  lui     $t4, 0x801F                ## $t4 = 801F0000
/* 00164 80BFB5E4 918C05B5 */  lbu     $t4, 0x05B5($t4)           ## 801F05B5
/* 00168 80BFB5E8 8FA40044 */  lw      $a0, 0x0044($sp)           
/* 0016C 80BFB5EC 02602825 */  or      $a1, $s3, $zero            ## $a1 = 00000000
/* 00170 80BFB5F0 318D0004 */  andi    $t5, $t4, 0x0004           ## $t5 = 00000000
/* 00174 80BFB5F4 15A00005 */  bne     $t5, $zero, .L80BFB60C     
/* 00178 80BFB5F8 24060003 */  addiu   $a2, $zero, 0x0003         ## $a2 = 00000003
/* 0017C 80BFB5FC 0C02D9C3 */  jal     func_800B670C              
/* 00180 80BFB600 02602025 */  or      $a0, $s3, $zero            ## $a0 = 00000000
/* 00184 80BFB604 10000056 */  beq     $zero, $zero, .L80BFB760   
/* 00188 80BFB608 8FBF003C */  lw      $ra, 0x003C($sp)           
.L80BFB60C:
/* 0018C 80BFB60C 44804000 */  mtc1    $zero, $f8                 ## $f8 = 0.00
/* 00190 80BFB610 00003825 */  or      $a3, $zero, $zero          ## $a3 = 00000000
/* 00194 80BFB614 0C2FEE19 */  jal     func_80BFB864              
/* 00198 80BFB618 E7A80010 */  swc1    $f8, 0x0010($sp)           
/* 0019C 80BFB61C 3C0E80C0 */  lui     $t6, %hi(func_80BFC674)    ## $t6 = 80C00000
/* 001A0 80BFB620 25CEC674 */  addiu   $t6, $t6, %lo(func_80BFC674) ## $t6 = 80BFC674
/* 001A4 80BFB624 AE6E0430 */  sw      $t6, 0x0430($s3)           ## 00000430
/* 001A8 80BFB628 3C0180C0 */  lui     $at, %hi(D_80BFCD70)       ## $at = 80C00000
/* 001AC 80BFB62C C42ACD70 */  lwc1    $f10, %lo(D_80BFCD70)($at) 
/* 001B0 80BFB630 10000040 */  beq     $zero, $zero, .L80BFB734   
/* 001B4 80BFB634 E66A00C4 */  swc1    $f10, 0x00C4($s3)          ## 000000C4
/* 001B8 80BFB638 8E6F0004 */  lw      $t7, 0x0004($s3)           ## 00000004
.L80BFB63C:
/* 001BC 80BFB63C 3C19801F */  lui     $t9, 0x801F                ## $t9 = 801F0000
/* 001C0 80BFB640 00003825 */  or      $a3, $zero, $zero          ## $a3 = 00000000
/* 001C4 80BFB644 35F80010 */  ori     $t8, $t7, 0x0010           ## $t8 = 00000010
/* 001C8 80BFB648 AE780004 */  sw      $t8, 0x0004($s3)           ## 00000004
/* 001CC 80BFB64C 933905B5 */  lbu     $t9, 0x05B5($t9)           ## 801F05B5
/* 001D0 80BFB650 8FA40044 */  lw      $a0, 0x0044($sp)           
/* 001D4 80BFB654 02602825 */  or      $a1, $s3, $zero            ## $a1 = 00000000
/* 001D8 80BFB658 33280004 */  andi    $t0, $t9, 0x0004           ## $t0 = 00000000
/* 001DC 80BFB65C 11000009 */  beq     $t0, $zero, .L80BFB684     
/* 001E0 80BFB660 24060006 */  addiu   $a2, $zero, 0x0006         ## $a2 = 00000006
/* 001E4 80BFB664 44808000 */  mtc1    $zero, $f16                ## $f16 = 0.00
/* 001E8 80BFB668 8FA40044 */  lw      $a0, 0x0044($sp)           
/* 001EC 80BFB66C 02602825 */  or      $a1, $s3, $zero            ## $a1 = 00000000
/* 001F0 80BFB670 24060008 */  addiu   $a2, $zero, 0x0008         ## $a2 = 00000008
/* 001F4 80BFB674 0C2FEE19 */  jal     func_80BFB864              
/* 001F8 80BFB678 E7B00010 */  swc1    $f16, 0x0010($sp)          
/* 001FC 80BFB67C 10000005 */  beq     $zero, $zero, .L80BFB694   
/* 00200 80BFB680 00000000 */  nop
.L80BFB684:
/* 00204 80BFB684 44809000 */  mtc1    $zero, $f18                ## $f18 = 0.00
/* 00208 80BFB688 00003825 */  or      $a3, $zero, $zero          ## $a3 = 00000000
/* 0020C 80BFB68C 0C2FEE19 */  jal     func_80BFB864              
/* 00210 80BFB690 E7B20010 */  swc1    $f18, 0x0010($sp)          
.L80BFB694:
/* 00214 80BFB694 3C0980C0 */  lui     $t1, %hi(func_80BFC3F8)    ## $t1 = 80C00000
/* 00218 80BFB698 2529C3F8 */  addiu   $t1, $t1, %lo(func_80BFC3F8) ## $t1 = 80BFC3F8
/* 0021C 80BFB69C AE690430 */  sw      $t1, 0x0430($s3)           ## 00000430
/* 00220 80BFB6A0 8FA50044 */  lw      $a1, 0x0044($sp)           
/* 00224 80BFB6A4 0C2FEF68 */  jal     func_80BFBDA0              
/* 00228 80BFB6A8 02602025 */  or      $a0, $s3, $zero            ## $a0 = 00000000
/* 0022C 80BFB6AC 3C014396 */  lui     $at, 0x4396                ## $at = 43960000
/* 00230 80BFB6B0 44812000 */  mtc1    $at, $f4                   ## $f4 = 300.00
/* 00234 80BFB6B4 AE62040C */  sw      $v0, 0x040C($s3)           ## 0000040C
/* 00238 80BFB6B8 1000001E */  beq     $zero, $zero, .L80BFB734   
/* 0023C 80BFB6BC E66400FC */  swc1    $f4, 0x00FC($s3)           ## 000000FC
.L80BFB6C0:
/* 00240 80BFB6C0 966A0420 */  lhu     $t2, 0x0420($s3)           ## 00000420
/* 00244 80BFB6C4 3C0C801F */  lui     $t4, 0x801F                ## $t4 = 801F0000
/* 00248 80BFB6C8 24060002 */  addiu   $a2, $zero, 0x0002         ## $a2 = 00000002
/* 0024C 80BFB6CC 354B0002 */  ori     $t3, $t2, 0x0002           ## $t3 = 00000002
/* 00250 80BFB6D0 A66B0420 */  sh      $t3, 0x0420($s3)           ## 00000420
/* 00254 80BFB6D4 918C05B5 */  lbu     $t4, 0x05B5($t4)           ## 801F05B5
/* 00258 80BFB6D8 8FA40044 */  lw      $a0, 0x0044($sp)           
/* 0025C 80BFB6DC 318D0004 */  andi    $t5, $t4, 0x0004           ## $t5 = 00000000
/* 00260 80BFB6E0 51A00006 */  beql    $t5, $zero, .L80BFB6FC     
/* 00264 80BFB6E4 44803000 */  mtc1    $zero, $f6                 ## $f6 = 0.00
/* 00268 80BFB6E8 0C02D9C3 */  jal     func_800B670C              
/* 0026C 80BFB6EC 02602025 */  or      $a0, $s3, $zero            ## $a0 = 00000000
/* 00270 80BFB6F0 1000001B */  beq     $zero, $zero, .L80BFB760   
/* 00274 80BFB6F4 8FBF003C */  lw      $ra, 0x003C($sp)           
/* 00278 80BFB6F8 44803000 */  mtc1    $zero, $f6                 ## $f6 = 0.00
.L80BFB6FC:
/* 0027C 80BFB6FC 00003825 */  or      $a3, $zero, $zero          ## $a3 = 00000000
/* 00280 80BFB700 0C2FEE19 */  jal     func_80BFB864              
/* 00284 80BFB704 E7A60010 */  swc1    $f6, 0x0010($sp)           
/* 00288 80BFB708 866F001C */  lh      $t7, 0x001C($s3)           ## 0000001C
/* 0028C 80BFB70C 3C0E80C0 */  lui     $t6, %hi(func_80BFC8F8)    ## $t6 = 80C00000
/* 00290 80BFB710 25CEC8F8 */  addiu   $t6, $t6, %lo(func_80BFC8F8) ## $t6 = 80BFC8F8
/* 00294 80BFB714 31F88000 */  andi    $t8, $t7, 0x8000           ## $t8 = 00000000
/* 00298 80BFB718 17000004 */  bne     $t8, $zero, .L80BFB72C     
/* 0029C 80BFB71C AE6E0430 */  sw      $t6, 0x0430($s3)           ## 00000430
/* 002A0 80BFB720 2419291C */  addiu   $t9, $zero, 0x291C         ## $t9 = 0000291C
/* 002A4 80BFB724 10000003 */  beq     $zero, $zero, .L80BFB734   
/* 002A8 80BFB728 A6790116 */  sh      $t9, 0x0116($s3)           ## 00000116
.L80BFB72C:
/* 002AC 80BFB72C 24082920 */  addiu   $t0, $zero, 0x2920         ## $t0 = 00002920
/* 002B0 80BFB730 A6680116 */  sh      $t0, 0x0116($s3)           ## 00000116
.L80BFB734:
/* 002B4 80BFB734 8669001C */  lh      $t1, 0x001C($s3)           ## 0000001C
/* 002B8 80BFB738 240B0226 */  addiu   $t3, $zero, 0x0226         ## $t3 = 00000226
/* 002BC 80BFB73C 240C0227 */  addiu   $t4, $zero, 0x0227         ## $t4 = 00000227
/* 002C0 80BFB740 312A8000 */  andi    $t2, $t1, 0x8000           ## $t2 = 00000000
/* 002C4 80BFB744 55400004 */  bnel    $t2, $zero, .L80BFB758     
/* 002C8 80BFB748 A66C0426 */  sh      $t4, 0x0426($s3)           ## 00000426
/* 002CC 80BFB74C 10000002 */  beq     $zero, $zero, .L80BFB758   
/* 002D0 80BFB750 A66B0426 */  sh      $t3, 0x0426($s3)           ## 00000426
/* 002D4 80BFB754 A66C0426 */  sh      $t4, 0x0426($s3)           ## 00000426
.L80BFB758:
/* 002D8 80BFB758 A6600428 */  sh      $zero, 0x0428($s3)         ## 00000428
/* 002DC 80BFB75C 8FBF003C */  lw      $ra, 0x003C($sp)           
.L80BFB760:
/* 002E0 80BFB760 8FB00024 */  lw      $s0, 0x0024($sp)           
/* 002E4 80BFB764 8FB10028 */  lw      $s1, 0x0028($sp)           
/* 002E8 80BFB768 8FB2002C */  lw      $s2, 0x002C($sp)           
/* 002EC 80BFB76C 8FB30030 */  lw      $s3, 0x0030($sp)           
/* 002F0 80BFB770 8FB40034 */  lw      $s4, 0x0034($sp)           
/* 002F4 80BFB774 8FB50038 */  lw      $s5, 0x0038($sp)           
/* 002F8 80BFB778 03E00008 */  jr      $ra                        
/* 002FC 80BFB77C 27BD0040 */  addiu   $sp, $sp, 0x0040           ## $sp = 00000000


glabel func_80BFB780
/* 00300 80BFB780 27BDFFC0 */  addiu   $sp, $sp, 0xFFC0           ## $sp = FFFFFFC0
/* 00304 80BFB784 AFB00018 */  sw      $s0, 0x0018($sp)           
/* 00308 80BFB788 00808025 */  or      $s0, $a0, $zero            ## $s0 = 00000000
/* 0030C 80BFB78C AFBF001C */  sw      $ra, 0x001C($sp)           
/* 00310 80BFB790 AFA50044 */  sw      $a1, 0x0044($sp)           
/* 00314 80BFB794 AFA60048 */  sw      $a2, 0x0048($sp)           
/* 00318 80BFB798 860E0422 */  lh      $t6, 0x0422($s0)           ## 00000422
/* 0031C 80BFB79C 24010008 */  addiu   $at, $zero, 0x0008         ## $at = 00000008
/* 00320 80BFB7A0 27A40034 */  addiu   $a0, $sp, 0x0034           ## $a0 = FFFFFFF4
/* 00324 80BFB7A4 15C1000E */  bne     $t6, $at, .L80BFB7E0       
/* 00328 80BFB7A8 26050024 */  addiu   $a1, $s0, 0x0024           ## $a1 = 00000024
/* 0032C 80BFB7AC 3C0141D8 */  lui     $at, 0x41D8                ## $at = 41D80000
/* 00330 80BFB7B0 44812000 */  mtc1    $at, $f4                   ## $f4 = 27.00
/* 00334 80BFB7B4 C6060418 */  lwc1    $f6, 0x0418($s0)           ## 00000418
/* 00338 80BFB7B8 C60A0028 */  lwc1    $f10, 0x0028($s0)          ## 00000028
/* 0033C 80BFB7BC 3C0180C0 */  lui     $at, %hi(D_80BFCD74)       ## $at = 80C00000
/* 00340 80BFB7C0 46062201 */  sub.s   $f8, $f4, $f6              
/* 00344 80BFB7C4 C432CD74 */  lwc1    $f18, %lo(D_80BFCD74)($at) 
/* 00348 80BFB7C8 3C0180C0 */  lui     $at, %hi(D_80BFCD78)       ## $at = 80C00000
/* 0034C 80BFB7CC C426CD78 */  lwc1    $f6, %lo(D_80BFCD78)($at)  
/* 00350 80BFB7D0 460A4400 */  add.s   $f16, $f8, $f10            
/* 00354 80BFB7D4 46128102 */  mul.s   $f4, $f16, $f18            
/* 00358 80BFB7D8 46062000 */  add.s   $f0, $f4, $f6              
/* 0035C 80BFB7DC E6000058 */  swc1    $f0, 0x0058($s0)           ## 00000058
.L80BFB7E0:
/* 00360 80BFB7E0 0C03FD43 */  jal     func_800FF50C              
/* 00364 80BFB7E4 AFA50028 */  sw      $a1, 0x0028($sp)           
/* 00368 80BFB7E8 8FA40028 */  lw      $a0, 0x0028($sp)           
/* 0036C 80BFB7EC 0C03FD43 */  jal     func_800FF50C              
/* 00370 80BFB7F0 26050414 */  addiu   $a1, $s0, 0x0414           ## $a1 = 00000414
/* 00374 80BFB7F4 8FA40048 */  lw      $a0, 0x0048($sp)           
/* 00378 80BFB7F8 02002825 */  or      $a1, $s0, $zero            ## $a1 = 00000000
/* 0037C 80BFB7FC 0C02D2BB */  jal     func_800B4AEC              
/* 00380 80BFB800 3C064248 */  lui     $a2, 0x4248                ## $a2 = 42480000
/* 00384 80BFB804 C6000088 */  lwc1    $f0, 0x0088($s0)           ## 00000088
/* 00388 80BFB808 C7A80038 */  lwc1    $f8, 0x0038($sp)           
/* 0038C 80BFB80C C7AA0038 */  lwc1    $f10, 0x0038($sp)          
/* 00390 80BFB810 02002025 */  or      $a0, $s0, $zero            ## $a0 = 00000000
/* 00394 80BFB814 4600403C */  c.lt.s  $f8, $f0                   
/* 00398 80BFB818 00000000 */  nop
/* 0039C 80BFB81C 45020004 */  bc1fl   .L80BFB830                 
/* 003A0 80BFB820 E60A0028 */  swc1    $f10, 0x0028($s0)          ## 00000028
/* 003A4 80BFB824 10000002 */  beq     $zero, $zero, .L80BFB830   
/* 003A8 80BFB828 E6000028 */  swc1    $f0, 0x0028($s0)           ## 00000028
/* 003AC 80BFB82C E60A0028 */  swc1    $f10, 0x0028($s0)          ## 00000028
.L80BFB830:
/* 003B0 80BFB830 8FA50044 */  lw      $a1, 0x0044($sp)           
/* 003B4 80BFB834 0C02CFF0 */  jal     func_800B3FC0              
/* 003B8 80BFB838 8FA60048 */  lw      $a2, 0x0048($sp)           
/* 003BC 80BFB83C 8FA40028 */  lw      $a0, 0x0028($sp)           
/* 003C0 80BFB840 0C03FD43 */  jal     func_800FF50C              
/* 003C4 80BFB844 27A50034 */  addiu   $a1, $sp, 0x0034           ## $a1 = FFFFFFF4
/* 003C8 80BFB848 3C0180C0 */  lui     $at, %hi(D_80BFCD7C)       ## $at = 80C00000
/* 003CC 80BFB84C C430CD7C */  lwc1    $f16, %lo(D_80BFCD7C)($at) 
/* 003D0 80BFB850 E6100058 */  swc1    $f16, 0x0058($s0)          ## 00000058
/* 003D4 80BFB854 8FBF001C */  lw      $ra, 0x001C($sp)           
/* 003D8 80BFB858 8FB00018 */  lw      $s0, 0x0018($sp)           
/* 003DC 80BFB85C 03E00008 */  jr      $ra                        
/* 003E0 80BFB860 27BD0040 */  addiu   $sp, $sp, 0x0040           ## $sp = 00000000


glabel func_80BFB864
/* 003E4 80BFB864 27BDFFB8 */  addiu   $sp, $sp, 0xFFB8           ## $sp = FFFFFFB8
/* 003E8 80BFB868 AFB00024 */  sw      $s0, 0x0024($sp)           
/* 003EC 80BFB86C 00068400 */  sll     $s0, $a2, 16               
/* 003F0 80BFB870 AFB10028 */  sw      $s1, 0x0028($sp)           
/* 003F4 80BFB874 AFA70054 */  sw      $a3, 0x0054($sp)           
/* 003F8 80BFB878 30E700FF */  andi    $a3, $a3, 0x00FF           ## $a3 = 00000000
/* 003FC 80BFB87C 00A08825 */  or      $s1, $a1, $zero            ## $s1 = 00000000
/* 00400 80BFB880 00108403 */  sra     $s0, $s0, 16               
/* 00404 80BFB884 AFBF002C */  sw      $ra, 0x002C($sp)           
/* 00408 80BFB888 AFA40048 */  sw      $a0, 0x0048($sp)           
/* 0040C 80BFB88C AFA60050 */  sw      $a2, 0x0050($sp)           
/* 00410 80BFB890 862E001C */  lh      $t6, 0x001C($s1)           ## 0000001C
/* 00414 80BFB894 3C0280C0 */  lui     $v0, %hi(D_80BFCD3C)       ## $v0 = 80C00000
/* 00418 80BFB898 2442CD3C */  addiu   $v0, $v0, %lo(D_80BFCD3C)  ## $v0 = 80BFCD3C
/* 0041C 80BFB89C 31CF8000 */  andi    $t7, $t6, 0x8000           ## $t7 = 00000000
/* 00420 80BFB8A0 15E00004 */  bne     $t7, $zero, .L80BFB8B4     
/* 00424 80BFB8A4 2A010009 */  slti    $at, $s0, 0x0009           
/* 00428 80BFB8A8 3C0280C0 */  lui     $v0, %hi(D_80BFCD20)       ## $v0 = 80C00000
/* 0042C 80BFB8AC 10000001 */  beq     $zero, $zero, .L80BFB8B4   
/* 00430 80BFB8B0 2442CD20 */  addiu   $v0, $v0, %lo(D_80BFCD20)  ## $v0 = 80BFCD20
.L80BFB8B4:
/* 00434 80BFB8B4 06020047 */  bltzl   $s0, .L80BFB9D4            
/* 00438 80BFB8B8 8FBF002C */  lw      $ra, 0x002C($sp)           
/* 0043C 80BFB8BC 50200045 */  beql    $at, $zero, .L80BFB9D4     
/* 00440 80BFB8C0 8FBF002C */  lw      $ra, 0x002C($sp)           
/* 00444 80BFB8C4 86380422 */  lh      $t8, 0x0422($s1)           ## 00000422
/* 00448 80BFB8C8 2A010007 */  slti    $at, $s0, 0x0007           
/* 0044C 80BFB8CC 16180003 */  bne     $s0, $t8, .L80BFB8DC       
/* 00450 80BFB8D0 00000000 */  nop
/* 00454 80BFB8D4 50E0003F */  beql    $a3, $zero, .L80BFB9D4     
/* 00458 80BFB8D8 8FBF002C */  lw      $ra, 0x002C($sp)           
.L80BFB8DC:
/* 0045C 80BFB8DC 14200029 */  bne     $at, $zero, .L80BFB984     
/* 00460 80BFB8E0 00105080 */  sll     $t2, $s0,  2               
/* 00464 80BFB8E4 3C0880C0 */  lui     $t0, %hi(D_80BFCD58)       ## $t0 = 80C00000
/* 00468 80BFB8E8 2508CD58 */  addiu   $t0, $t0, %lo(D_80BFCD58)  ## $t0 = 80BFCD58
/* 0046C 80BFB8EC 0010C880 */  sll     $t9, $s0,  2               
/* 00470 80BFB8F0 03281821 */  addu    $v1, $t9, $t0              
/* 00474 80BFB8F4 8C64FFE4 */  lw      $a0, -0x001C($v1)          ## FFFFFFE4
/* 00478 80BFB8F8 AFA30034 */  sw      $v1, 0x0034($sp)           
/* 0047C 80BFB8FC 0C04D1D2 */  jal     func_80134748              
/* 00480 80BFB900 AFA70038 */  sw      $a3, 0x0038($sp)           
/* 00484 80BFB904 8FA90038 */  lw      $t1, 0x0038($sp)           
/* 00488 80BFB908 44822000 */  mtc1    $v0, $f4                   ## $f4 = 0.00
/* 0048C 80BFB90C 8FA30034 */  lw      $v1, 0x0034($sp)           
/* 00490 80BFB910 8FA40048 */  lw      $a0, 0x0048($sp)           
/* 00494 80BFB914 1520000E */  bne     $t1, $zero, .L80BFB950     
/* 00498 80BFB918 46802020 */  cvt.s.w $f0, $f4                   
/* 0049C 80BFB91C 44803000 */  mtc1    $zero, $f6                 ## $f6 = 0.00
/* 004A0 80BFB920 C7A80058 */  lwc1    $f8, 0x0058($sp)           
/* 004A4 80BFB924 3C073F2A */  lui     $a3, 0x3F2A                ## $a3 = 3F2A0000
/* 004A8 80BFB928 34E7AAAB */  ori     $a3, $a3, 0xAAAB           ## $a3 = 3F2AAAAB
/* 004AC 80BFB92C 26250144 */  addiu   $a1, $s1, 0x0144           ## $a1 = 00000144
/* 004B0 80BFB930 8C66FFE4 */  lw      $a2, -0x001C($v1)          ## FFFFFFE4
/* 004B4 80BFB934 E7A00014 */  swc1    $f0, 0x0014($sp)           
/* 004B8 80BFB938 AFA00018 */  sw      $zero, 0x0018($sp)         
/* 004BC 80BFB93C E7A8001C */  swc1    $f8, 0x001C($sp)           
/* 004C0 80BFB940 0C04D905 */  jal     func_80136414              
/* 004C4 80BFB944 E7A60010 */  swc1    $f6, 0x0010($sp)           
/* 004C8 80BFB948 10000021 */  beq     $zero, $zero, .L80BFB9D0   
/* 004CC 80BFB94C A6300422 */  sh      $s0, 0x0422($s1)           ## 00000422
.L80BFB950:
/* 004D0 80BFB950 44805000 */  mtc1    $zero, $f10                ## $f10 = 0.00
/* 004D4 80BFB954 C7B00058 */  lwc1    $f16, 0x0058($sp)          
/* 004D8 80BFB958 3C073F2A */  lui     $a3, 0x3F2A                ## $a3 = 3F2A0000
/* 004DC 80BFB95C 34E7AAAB */  ori     $a3, $a3, 0xAAAB           ## $a3 = 3F2AAAAB
/* 004E0 80BFB960 26250144 */  addiu   $a1, $s1, 0x0144           ## $a1 = 00000144
/* 004E4 80BFB964 8C66FFE4 */  lw      $a2, -0x001C($v1)          ## FFFFFFE4
/* 004E8 80BFB968 E7A00014 */  swc1    $f0, 0x0014($sp)           
/* 004EC 80BFB96C AFA00018 */  sw      $zero, 0x0018($sp)         
/* 004F0 80BFB970 E7B0001C */  swc1    $f16, 0x001C($sp)          
/* 004F4 80BFB974 0C04D905 */  jal     func_80136414              
/* 004F8 80BFB978 E7AA0010 */  swc1    $f10, 0x0010($sp)          
/* 004FC 80BFB97C 10000014 */  beq     $zero, $zero, .L80BFB9D0   
/* 00500 80BFB980 A6300422 */  sh      $s0, 0x0422($s1)           ## 00000422
.L80BFB984:
/* 00504 80BFB984 004A1821 */  addu    $v1, $v0, $t2              
/* 00508 80BFB988 8C640000 */  lw      $a0, 0x0000($v1)           ## 00000000
/* 0050C 80BFB98C A3A70057 */  sb      $a3, 0x0057($sp)           
/* 00510 80BFB990 0C04D1D2 */  jal     func_80134748              
/* 00514 80BFB994 AFA30038 */  sw      $v1, 0x0038($sp)           
/* 00518 80BFB998 44829000 */  mtc1    $v0, $f18                  ## $f18 = 0.00
/* 0051C 80BFB99C 8FA30038 */  lw      $v1, 0x0038($sp)           
/* 00520 80BFB9A0 93AB0057 */  lbu     $t3, 0x0057($sp)           
/* 00524 80BFB9A4 46809120 */  cvt.s.w $f4, $f18                  
/* 00528 80BFB9A8 C7A60058 */  lwc1    $f6, 0x0058($sp)           
/* 0052C 80BFB9AC 8C650000 */  lw      $a1, 0x0000($v1)           ## 00000000
/* 00530 80BFB9B0 26240144 */  addiu   $a0, $s1, 0x0144           ## $a0 = 00000144
/* 00534 80BFB9B4 3C063F80 */  lui     $a2, 0x3F80                ## $a2 = 3F800000
/* 00538 80BFB9B8 24070000 */  addiu   $a3, $zero, 0x0000         ## $a3 = 00000000
/* 0053C 80BFB9BC E7A40010 */  swc1    $f4, 0x0010($sp)           
/* 00540 80BFB9C0 AFAB0014 */  sw      $t3, 0x0014($sp)           
/* 00544 80BFB9C4 0C04DCFA */  jal     func_801373E8              
/* 00548 80BFB9C8 E7A60018 */  swc1    $f6, 0x0018($sp)           
/* 0054C 80BFB9CC A6300422 */  sh      $s0, 0x0422($s1)           ## 00000422
.L80BFB9D0:
/* 00550 80BFB9D0 8FBF002C */  lw      $ra, 0x002C($sp)           
.L80BFB9D4:
/* 00554 80BFB9D4 8FB00024 */  lw      $s0, 0x0024($sp)           
/* 00558 80BFB9D8 8FB10028 */  lw      $s1, 0x0028($sp)           
/* 0055C 80BFB9DC 03E00008 */  jr      $ra                        
/* 00560 80BFB9E0 27BD0048 */  addiu   $sp, $sp, 0x0048           ## $sp = 00000000


glabel func_80BFB9E4
/* 00564 80BFB9E4 27BDFFE0 */  addiu   $sp, $sp, 0xFFE0           ## $sp = FFFFFFE0
/* 00568 80BFB9E8 AFA60028 */  sw      $a2, 0x0028($sp)           
/* 0056C 80BFB9EC 00063400 */  sll     $a2, $a2, 16               
/* 00570 80BFB9F0 00063403 */  sra     $a2, $a2, 16               
/* 00574 80BFB9F4 AFBF001C */  sw      $ra, 0x001C($sp)           
/* 00578 80BFB9F8 3C01C0A0 */  lui     $at, 0xC0A0                ## $at = C0A00000
/* 0057C 80BFB9FC 44812000 */  mtc1    $at, $f4                   ## $f4 = -5.00
/* 00580 80BFBA00 00003825 */  or      $a3, $zero, $zero          ## $a3 = 00000000
/* 00584 80BFBA04 0C2FEE19 */  jal     func_80BFB864              
/* 00588 80BFBA08 E7A40010 */  swc1    $f4, 0x0010($sp)           
/* 0058C 80BFBA0C 8FBF001C */  lw      $ra, 0x001C($sp)           
/* 00590 80BFBA10 27BD0020 */  addiu   $sp, $sp, 0x0020           ## $sp = 00000000
/* 00594 80BFBA14 03E00008 */  jr      $ra                        
/* 00598 80BFBA18 00000000 */  nop


glabel func_80BFBA1C
/* 0059C 80BFBA1C 27BDFFE0 */  addiu   $sp, $sp, 0xFFE0           ## $sp = FFFFFFE0
/* 005A0 80BFBA20 AFA60028 */  sw      $a2, 0x0028($sp)           
/* 005A4 80BFBA24 00063400 */  sll     $a2, $a2, 16               
/* 005A8 80BFBA28 00063403 */  sra     $a2, $a2, 16               
/* 005AC 80BFBA2C AFBF001C */  sw      $ra, 0x001C($sp)           
/* 005B0 80BFBA30 44802000 */  mtc1    $zero, $f4                 ## $f4 = 0.00
/* 005B4 80BFBA34 00003825 */  or      $a3, $zero, $zero          ## $a3 = 00000000
/* 005B8 80BFBA38 0C2FEE19 */  jal     func_80BFB864              
/* 005BC 80BFBA3C E7A40010 */  swc1    $f4, 0x0010($sp)           
/* 005C0 80BFBA40 8FBF001C */  lw      $ra, 0x001C($sp)           
/* 005C4 80BFBA44 27BD0020 */  addiu   $sp, $sp, 0x0020           ## $sp = 00000000
/* 005C8 80BFBA48 03E00008 */  jr      $ra                        
/* 005CC 80BFBA4C 00000000 */  nop


glabel func_80BFBA50
/* 005D0 80BFBA50 27BDFFE0 */  addiu   $sp, $sp, 0xFFE0           ## $sp = FFFFFFE0
/* 005D4 80BFBA54 AFBF0014 */  sw      $ra, 0x0014($sp)           
/* 005D8 80BFBA58 00803025 */  or      $a2, $a0, $zero            ## $a2 = 00000000
/* 005DC 80BFBA5C 84C2001C */  lh      $v0, 0x001C($a2)           ## 0000001C
/* 005E0 80BFBA60 2401003F */  addiu   $at, $zero, 0x003F         ## $at = 0000003F
/* 005E4 80BFBA64 3C0E0002 */  lui     $t6, 0x0002                ## $t6 = 00020000
/* 005E8 80BFBA68 30427E00 */  andi    $v0, $v0, 0x7E00           ## $v0 = 00000000
/* 005EC 80BFBA6C 00021243 */  sra     $v0, $v0,  9               
/* 005F0 80BFBA70 1041002D */  beq     $v0, $at, .L80BFBB28       
/* 005F4 80BFBA74 01C57021 */  addu    $t6, $t6, $a1              
/* 005F8 80BFBA78 8DCE8864 */  lw      $t6, -0x779C($t6)          ## 00018864
/* 005FC 80BFBA7C 000278C0 */  sll     $t7, $v0,  3               
/* 00600 80BFBA80 01CFC021 */  addu    $t8, $t6, $t7              
/* 00604 80BFBA84 1300002A */  beq     $t8, $zero, .L80BFBB30     
/* 00608 80BFBA88 ACD803B8 */  sw      $t8, 0x03B8($a2)           ## 000003B8
/* 0060C 80BFBA8C 8F040004 */  lw      $a0, 0x0004($t8)           ## 00000004
/* 00610 80BFBA90 AFA60020 */  sw      $a2, 0x0020($sp)           
/* 00614 80BFBA94 0C040141 */  jal     func_80100504              
/* 00618 80BFBA98 AFB8001C */  sw      $t8, 0x001C($sp)           
/* 0061C 80BFBA9C 84590000 */  lh      $t9, 0x0000($v0)           ## 00000000
/* 00620 80BFBAA0 84480004 */  lh      $t0, 0x0004($v0)           ## 00000004
/* 00624 80BFBAA4 8FA60020 */  lw      $a2, 0x0020($sp)           
/* 00628 80BFBAA8 44992000 */  mtc1    $t9, $f4                   ## $f4 = 0.00
/* 0062C 80BFBAAC 44885000 */  mtc1    $t0, $f10                  ## $f10 = 0.00
/* 00630 80BFBAB0 C4C80024 */  lwc1    $f8, 0x0024($a2)           ## 00000024
/* 00634 80BFBAB4 468021A0 */  cvt.s.w $f6, $f4                   
/* 00638 80BFBAB8 C4D2002C */  lwc1    $f18, 0x002C($a2)          ## 0000002C
/* 0063C 80BFBABC 3C0142C8 */  lui     $at, 0x42C8                ## $at = 42C80000
/* 00640 80BFBAC0 8FA5001C */  lw      $a1, 0x001C($sp)           
/* 00644 80BFBAC4 46805420 */  cvt.s.w $f16, $f10                 
/* 00648 80BFBAC8 44815000 */  mtc1    $at, $f10                  ## $f10 = 100.00
/* 0064C 80BFBACC 46083001 */  sub.s   $f0, $f6, $f8              
/* 00650 80BFBAD0 46128081 */  sub.s   $f2, $f16, $f18            
/* 00654 80BFBAD4 46000102 */  mul.s   $f4, $f0, $f0              
/* 00658 80BFBAD8 00000000 */  nop
/* 0065C 80BFBADC 46021182 */  mul.s   $f6, $f2, $f2              
/* 00660 80BFBAE0 46062200 */  add.s   $f8, $f4, $f6              
/* 00664 80BFBAE4 460A403C */  c.lt.s  $f8, $f10                  
/* 00668 80BFBAE8 00000000 */  nop
/* 0066C 80BFBAEC 45000006 */  bc1f    .L80BFBB08                 
/* 00670 80BFBAF0 00000000 */  nop
/* 00674 80BFBAF4 94C90420 */  lhu     $t1, 0x0420($a2)           ## 00000420
/* 00678 80BFBAF8 ACC003BC */  sw      $zero, 0x03BC($a2)         ## 000003BC
/* 0067C 80BFBAFC 312AFFFE */  andi    $t2, $t1, 0xFFFE           ## $t2 = 00000000
/* 00680 80BFBB00 1000000B */  beq     $zero, $zero, .L80BFBB30   
/* 00684 80BFBB04 A4CA0420 */  sh      $t2, 0x0420($a2)           ## 00000420
.L80BFBB08:
/* 00688 80BFBB08 90AB0000 */  lbu     $t3, 0x0000($a1)           ## 00000000
/* 0068C 80BFBB0C 94CD0420 */  lhu     $t5, 0x0420($a2)           ## 00000420
/* 00690 80BFBB10 24020001 */  addiu   $v0, $zero, 0x0001         ## $v0 = 00000001
/* 00694 80BFBB14 256CFFFF */  addiu   $t4, $t3, 0xFFFF           ## $t4 = FFFFFFFF
/* 00698 80BFBB18 35AE0001 */  ori     $t6, $t5, 0x0001           ## $t6 = 00000001
/* 0069C 80BFBB1C ACCC03BC */  sw      $t4, 0x03BC($a2)           ## 000003BC
/* 006A0 80BFBB20 10000004 */  beq     $zero, $zero, .L80BFBB34   
/* 006A4 80BFBB24 A4CE0420 */  sh      $t6, 0x0420($a2)           ## 00000420
.L80BFBB28:
/* 006A8 80BFBB28 ACC003B8 */  sw      $zero, 0x03B8($a2)         ## 000003B8
/* 006AC 80BFBB2C ACC003BC */  sw      $zero, 0x03BC($a2)         ## 000003BC
.L80BFBB30:
/* 006B0 80BFBB30 00001025 */  or      $v0, $zero, $zero          ## $v0 = 00000000
.L80BFBB34:
/* 006B4 80BFBB34 8FBF0014 */  lw      $ra, 0x0014($sp)           
/* 006B8 80BFBB38 27BD0020 */  addiu   $sp, $sp, 0x0020           ## $sp = 00000000
/* 006BC 80BFBB3C 03E00008 */  jr      $ra                        
/* 006C0 80BFBB40 00000000 */  nop


glabel func_80BFBB44
/* 006C4 80BFBB44 27BDFFC8 */  addiu   $sp, $sp, 0xFFC8           ## $sp = FFFFFFC8
/* 006C8 80BFBB48 AFB00020 */  sw      $s0, 0x0020($sp)           
/* 006CC 80BFBB4C 00808025 */  or      $s0, $a0, $zero            ## $s0 = 00000000
/* 006D0 80BFBB50 AFBF0024 */  sw      $ra, 0x0024($sp)           
/* 006D4 80BFBB54 8E0203B8 */  lw      $v0, 0x03B8($s0)           ## 000003B8
/* 006D8 80BFBB58 54400004 */  bnel    $v0, $zero, .L80BFBB6C     
/* 006DC 80BFBB5C 8C440004 */  lw      $a0, 0x0004($v0)           ## 00000004
/* 006E0 80BFBB60 10000040 */  beq     $zero, $zero, .L80BFBC64   
/* 006E4 80BFBB64 24020001 */  addiu   $v0, $zero, 0x0001         ## $v0 = 00000001
/* 006E8 80BFBB68 8C440004 */  lw      $a0, 0x0004($v0)           ## 00000005
.L80BFBB6C:
/* 006EC 80BFBB6C 0C040141 */  jal     func_80100504              
/* 006F0 80BFBB70 AFA20034 */  sw      $v0, 0x0034($sp)           
/* 006F4 80BFBB74 8E0E03BC */  lw      $t6, 0x03BC($s0)           ## 000003BC
/* 006F8 80BFBB78 C6080024 */  lwc1    $f8, 0x0024($s0)           ## 00000024
/* 006FC 80BFBB7C C612002C */  lwc1    $f18, 0x002C($s0)          ## 0000002C
/* 00700 80BFBB80 000E7880 */  sll     $t7, $t6,  2               
/* 00704 80BFBB84 01EE7823 */  subu    $t7, $t7, $t6              
/* 00708 80BFBB88 000F7840 */  sll     $t7, $t7,  1               
/* 0070C 80BFBB8C 004F1821 */  addu    $v1, $v0, $t7              
/* 00710 80BFBB90 84780000 */  lh      $t8, 0x0000($v1)           ## 00000000
/* 00714 80BFBB94 84790004 */  lh      $t9, 0x0004($v1)           ## 00000004
/* 00718 80BFBB98 44982000 */  mtc1    $t8, $f4                   ## $f4 = 0.00
/* 0071C 80BFBB9C 44995000 */  mtc1    $t9, $f10                  ## $f10 = 0.00
/* 00720 80BFBBA0 468021A0 */  cvt.s.w $f6, $f4                   
/* 00724 80BFBBA4 46805420 */  cvt.s.w $f16, $f10                 
/* 00728 80BFBBA8 46083301 */  sub.s   $f12, $f6, $f8             
/* 0072C 80BFBBAC 46128381 */  sub.s   $f14, $f16, $f18           
/* 00730 80BFBBB0 E7AC002C */  swc1    $f12, 0x002C($sp)          
/* 00734 80BFBBB4 0C05FFB9 */  jal     func_8017FEE4              
/* 00738 80BFBBB8 E7AE0028 */  swc1    $f14, 0x0028($sp)          
/* 0073C 80BFBBBC A6020032 */  sh      $v0, 0x0032($s0)           ## 00000032
/* 00740 80BFBBC0 86050032 */  lh      $a1, 0x0032($s0)           ## 00000032
/* 00744 80BFBBC4 240800C8 */  addiu   $t0, $zero, 0x00C8         ## $t0 = 000000C8
/* 00748 80BFBBC8 AFA80010 */  sw      $t0, 0x0010($sp)           
/* 0074C 80BFBBCC 260400BE */  addiu   $a0, $s0, 0x00BE           ## $a0 = 000000BE
/* 00750 80BFBBD0 24060002 */  addiu   $a2, $zero, 0x0002         ## $a2 = 00000002
/* 00754 80BFBBD4 0C03FFAF */  jal     func_800FFEBC              
/* 00758 80BFBBD8 240707D0 */  addiu   $a3, $zero, 0x07D0         ## $a3 = 000007D0
/* 0075C 80BFBBDC C7AC002C */  lwc1    $f12, 0x002C($sp)          
/* 00760 80BFBBE0 C7AE0028 */  lwc1    $f14, 0x0028($sp)          
/* 00764 80BFBBE4 3C0142C8 */  lui     $at, 0x42C8                ## $at = 42C80000
/* 00768 80BFBBE8 460C6102 */  mul.s   $f4, $f12, $f12            
/* 0076C 80BFBBEC 44815000 */  mtc1    $at, $f10                  ## $f10 = 100.00
/* 00770 80BFBBF0 00001025 */  or      $v0, $zero, $zero          ## $v0 = 00000000
/* 00774 80BFBBF4 460E7182 */  mul.s   $f6, $f14, $f14            
/* 00778 80BFBBF8 46062200 */  add.s   $f8, $f4, $f6              
/* 0077C 80BFBBFC 460A403C */  c.lt.s  $f8, $f10                  
/* 00780 80BFBC00 00000000 */  nop
/* 00784 80BFBC04 45000017 */  bc1f    .L80BFBC64                 
/* 00788 80BFBC08 00000000 */  nop
/* 0078C 80BFBC0C 96090420 */  lhu     $t1, 0x0420($s0)           ## 00000420
/* 00790 80BFBC10 312A0001 */  andi    $t2, $t1, 0x0001           ## $t2 = 00000000
/* 00794 80BFBC14 51400008 */  beql    $t2, $zero, .L80BFBC38     
/* 00798 80BFBC18 8E0E03BC */  lw      $t6, 0x03BC($s0)           ## 000003BC
/* 0079C 80BFBC1C 8E0B03BC */  lw      $t3, 0x03BC($s0)           ## 000003BC
/* 007A0 80BFBC20 256CFFFF */  addiu   $t4, $t3, 0xFFFF           ## $t4 = FFFFFFFF
/* 007A4 80BFBC24 0581000D */  bgez    $t4, .L80BFBC5C            
/* 007A8 80BFBC28 AE0C03BC */  sw      $t4, 0x03BC($s0)           ## 000003BC
/* 007AC 80BFBC2C 1000000D */  beq     $zero, $zero, .L80BFBC64   
/* 007B0 80BFBC30 24020002 */  addiu   $v0, $zero, 0x0002         ## $v0 = 00000002
/* 007B4 80BFBC34 8E0E03BC */  lw      $t6, 0x03BC($s0)           ## 000003BC
.L80BFBC38:
/* 007B8 80BFBC38 25CF0001 */  addiu   $t7, $t6, 0x0001           ## $t7 = 00000001
/* 007BC 80BFBC3C AE0F03BC */  sw      $t7, 0x03BC($s0)           ## 000003BC
/* 007C0 80BFBC40 8FB90034 */  lw      $t9, 0x0034($sp)           
/* 007C4 80BFBC44 93280000 */  lbu     $t0, 0x0000($t9)           ## 00000000
/* 007C8 80BFBC48 01E8082A */  slt     $at, $t7, $t0              
/* 007CC 80BFBC4C 14200003 */  bne     $at, $zero, .L80BFBC5C     
/* 007D0 80BFBC50 00000000 */  nop
/* 007D4 80BFBC54 10000003 */  beq     $zero, $zero, .L80BFBC64   
/* 007D8 80BFBC58 24020002 */  addiu   $v0, $zero, 0x0002         ## $v0 = 00000002
.L80BFBC5C:
/* 007DC 80BFBC5C 10000001 */  beq     $zero, $zero, .L80BFBC64   
/* 007E0 80BFBC60 24020001 */  addiu   $v0, $zero, 0x0001         ## $v0 = 00000001
.L80BFBC64:
/* 007E4 80BFBC64 8FBF0024 */  lw      $ra, 0x0024($sp)           
/* 007E8 80BFBC68 8FB00020 */  lw      $s0, 0x0020($sp)           
/* 007EC 80BFBC6C 27BD0038 */  addiu   $sp, $sp, 0x0038           ## $sp = 00000000
/* 007F0 80BFBC70 03E00008 */  jr      $ra                        
/* 007F4 80BFBC74 00000000 */  nop


glabel func_80BFBC78
/* 007F8 80BFBC78 27BDFFE8 */  addiu   $sp, $sp, 0xFFE8           ## $sp = FFFFFFE8
/* 007FC 80BFBC7C AFBF0014 */  sw      $ra, 0x0014($sp)           
/* 00800 80BFBC80 00A03025 */  or      $a2, $a1, $zero            ## $a2 = 00000000
/* 00804 80BFBC84 3C0142A0 */  lui     $at, 0x42A0                ## $at = 42A00000
/* 00808 80BFBC88 44813000 */  mtc1    $at, $f6                   ## $f6 = 80.00
/* 0080C 80BFBC8C C4840098 */  lwc1    $f4, 0x0098($a0)           ## 00000098
/* 00810 80BFBC90 4606203C */  c.lt.s  $f4, $f6                   
/* 00814 80BFBC94 00000000 */  nop
/* 00818 80BFBC98 45020010 */  bc1fl   .L80BFBCDC                 
/* 0081C 80BFBC9C 00001025 */  or      $v0, $zero, $zero          ## $v0 = 00000000
/* 00820 80BFBCA0 C480009C */  lwc1    $f0, 0x009C($a0)           ## 0000009C
/* 00824 80BFBCA4 3C0141A0 */  lui     $at, 0x41A0                ## $at = 41A00000
/* 00828 80BFBCA8 44814000 */  mtc1    $at, $f8                   ## $f8 = 20.00
/* 0082C 80BFBCAC 46000005 */  abs.s   $f0, $f0                   
/* 00830 80BFBCB0 4608003C */  c.lt.s  $f0, $f8                   
/* 00834 80BFBCB4 00000000 */  nop
/* 00838 80BFBCB8 45020008 */  bc1fl   .L80BFBCDC                 
/* 0083C 80BFBCBC 00001025 */  or      $v0, $zero, $zero          ## $v0 = 00000000
/* 00840 80BFBCC0 0C02DCC8 */  jal     func_800B7320              
/* 00844 80BFBCC4 24053000 */  addiu   $a1, $zero, 0x3000         ## $a1 = 00003000
/* 00848 80BFBCC8 50400004 */  beql    $v0, $zero, .L80BFBCDC     
/* 0084C 80BFBCCC 00001025 */  or      $v0, $zero, $zero          ## $v0 = 00000000
/* 00850 80BFBCD0 10000002 */  beq     $zero, $zero, .L80BFBCDC   
/* 00854 80BFBCD4 24020001 */  addiu   $v0, $zero, 0x0001         ## $v0 = 00000001
/* 00858 80BFBCD8 00001025 */  or      $v0, $zero, $zero          ## $v0 = 00000000
.L80BFBCDC:
/* 0085C 80BFBCDC 8FBF0014 */  lw      $ra, 0x0014($sp)           
/* 00860 80BFBCE0 27BD0018 */  addiu   $sp, $sp, 0x0018           ## $sp = 00000000
/* 00864 80BFBCE4 03E00008 */  jr      $ra                        
/* 00868 80BFBCE8 00000000 */  nop


glabel func_80BFBCEC
/* 0086C 80BFBCEC 27BDFFE0 */  addiu   $sp, $sp, 0xFFE0           ## $sp = FFFFFFE0
/* 00870 80BFBCF0 AFBF0014 */  sw      $ra, 0x0014($sp)           
/* 00874 80BFBCF4 3C0142C8 */  lui     $at, 0x42C8                ## $at = 42C80000
/* 00878 80BFBCF8 44813000 */  mtc1    $at, $f6                   ## $f6 = 100.00
/* 0087C 80BFBCFC C4840098 */  lwc1    $f4, 0x0098($a0)           ## 00000098
/* 00880 80BFBD00 8CA31CCC */  lw      $v1, 0x1CCC($a1)           ## 00001CCC
/* 00884 80BFBD04 24053000 */  addiu   $a1, $zero, 0x3000         ## $a1 = 00003000
/* 00888 80BFBD08 4606203C */  c.lt.s  $f4, $f6                   
/* 0088C 80BFBD0C 00000000 */  nop
/* 00890 80BFBD10 4502000C */  bc1fl   .L80BFBD44                 
/* 00894 80BFBD14 00001025 */  or      $v0, $zero, $zero          ## $v0 = 00000000
/* 00898 80BFBD18 0C02DCF8 */  jal     func_800B73E0              
/* 0089C 80BFBD1C AFA30018 */  sw      $v1, 0x0018($sp)           
/* 008A0 80BFBD20 10400007 */  beq     $v0, $zero, .L80BFBD40     
/* 008A4 80BFBD24 8FA30018 */  lw      $v1, 0x0018($sp)           
/* 008A8 80BFBD28 8C6E0A70 */  lw      $t6, 0x0A70($v1)           ## 00000A70
/* 008AC 80BFBD2C 000E7980 */  sll     $t7, $t6,  6               
/* 008B0 80BFBD30 05E30004 */  bgezl   $t7, .L80BFBD44            
/* 008B4 80BFBD34 00001025 */  or      $v0, $zero, $zero          ## $v0 = 00000000
/* 008B8 80BFBD38 10000002 */  beq     $zero, $zero, .L80BFBD44   
/* 008BC 80BFBD3C 24020001 */  addiu   $v0, $zero, 0x0001         ## $v0 = 00000001
.L80BFBD40:
/* 008C0 80BFBD40 00001025 */  or      $v0, $zero, $zero          ## $v0 = 00000000
.L80BFBD44:
/* 008C4 80BFBD44 8FBF0014 */  lw      $ra, 0x0014($sp)           
/* 008C8 80BFBD48 27BD0020 */  addiu   $sp, $sp, 0x0020           ## $sp = 00000000
/* 008CC 80BFBD4C 03E00008 */  jr      $ra                        
/* 008D0 80BFBD50 00000000 */  nop


glabel func_80BFBD54
/* 008D4 80BFBD54 27BDFFE8 */  addiu   $sp, $sp, 0xFFE8           ## $sp = FFFFFFE8
/* 008D8 80BFBD58 AFBF0014 */  sw      $ra, 0x0014($sp)           
/* 008DC 80BFBD5C 00803025 */  or      $a2, $a0, $zero            ## $a2 = 00000000
/* 008E0 80BFBD60 00A03825 */  or      $a3, $a1, $zero            ## $a3 = 00000000
/* 008E4 80BFBD64 84CE0422 */  lh      $t6, 0x0422($a2)           ## 00000422
/* 008E8 80BFBD68 00E02025 */  or      $a0, $a3, $zero            ## $a0 = 00000000
/* 008EC 80BFBD6C 29C10007 */  slti    $at, $t6, 0x0007           
/* 008F0 80BFBD70 10200005 */  beq     $at, $zero, .L80BFBD88     
/* 008F4 80BFBD74 00000000 */  nop
/* 008F8 80BFBD78 0C04DB34 */  jal     func_80136CD0              
/* 008FC 80BFBD7C 24C40144 */  addiu   $a0, $a2, 0x0144           ## $a0 = 00000144
/* 00900 80BFBD80 10000004 */  beq     $zero, $zero, .L80BFBD94   
/* 00904 80BFBD84 8FBF0014 */  lw      $ra, 0x0014($sp)           
.L80BFBD88:
/* 00908 80BFBD88 0C04D838 */  jal     func_801360E0              
/* 0090C 80BFBD8C 24C50144 */  addiu   $a1, $a2, 0x0144           ## $a1 = 00000144
/* 00910 80BFBD90 8FBF0014 */  lw      $ra, 0x0014($sp)           
.L80BFBD94:
/* 00914 80BFBD94 27BD0018 */  addiu   $sp, $sp, 0x0018           ## $sp = 00000000
/* 00918 80BFBD98 03E00008 */  jr      $ra                        
/* 0091C 80BFBD9C 00000000 */  nop


glabel func_80BFBDA0
/* 00920 80BFBDA0 8CA31CE4 */  lw      $v1, 0x1CE4($a1)           ## 00001CE4
/* 00924 80BFBDA4 2402027B */  addiu   $v0, $zero, 0x027B         ## $v0 = 0000027B
/* 00928 80BFBDA8 50600012 */  beql    $v1, $zero, .L80BFBDF4     
/* 0092C 80BFBDAC 00001025 */  or      $v0, $zero, $zero          ## $v0 = 00000000
/* 00930 80BFBDB0 846E0000 */  lh      $t6, 0x0000($v1)           ## 00000000
.L80BFBDB4:
/* 00934 80BFBDB4 544E000C */  bnel    $v0, $t6, .L80BFBDE8       
/* 00938 80BFBDB8 8C63012C */  lw      $v1, 0x012C($v1)           ## 0000012C
/* 0093C 80BFBDBC 846F001C */  lh      $t7, 0x001C($v1)           ## 0000001C
/* 00940 80BFBDC0 8499001C */  lh      $t9, 0x001C($a0)           ## 0000001C
/* 00944 80BFBDC4 31F8000F */  andi    $t8, $t7, 0x000F           ## $t8 = 00000000
/* 00948 80BFBDC8 3328000F */  andi    $t0, $t9, 0x000F           ## $t0 = 00000000
/* 0094C 80BFBDCC 57080006 */  bnel    $t8, $t0, .L80BFBDE8       
/* 00950 80BFBDD0 8C63012C */  lw      $v1, 0x012C($v1)           ## 0000012C
/* 00954 80BFBDD4 50830004 */  beql    $a0, $v1, .L80BFBDE8       
/* 00958 80BFBDD8 8C63012C */  lw      $v1, 0x012C($v1)           ## 0000012C
/* 0095C 80BFBDDC 03E00008 */  jr      $ra                        
/* 00960 80BFBDE0 00601025 */  or      $v0, $v1, $zero            ## $v0 = 00000000
.L80BFBDE4:
/* 00964 80BFBDE4 8C63012C */  lw      $v1, 0x012C($v1)           ## 0000012C
.L80BFBDE8:
/* 00968 80BFBDE8 5460FFF2 */  bnel    $v1, $zero, .L80BFBDB4     
/* 0096C 80BFBDEC 846E0000 */  lh      $t6, 0x0000($v1)           ## 00000000
/* 00970 80BFBDF0 00001025 */  or      $v0, $zero, $zero          ## $v0 = 00000000
.L80BFBDF4:
/* 00974 80BFBDF4 03E00008 */  jr      $ra                        
/* 00978 80BFBDF8 00000000 */  nop


glabel func_80BFBDFC
/* 0097C 80BFBDFC 27BDFFE8 */  addiu   $sp, $sp, 0xFFE8           ## $sp = FFFFFFE8
/* 00980 80BFBE00 AFBF0014 */  sw      $ra, 0x0014($sp)           
/* 00984 80BFBE04 AFA40018 */  sw      $a0, 0x0018($sp)           
/* 00988 80BFBE08 3C0E801F */  lui     $t6, 0x801F                ## $t6 = 801F0000
/* 0098C 80BFBE0C 91CE05B3 */  lbu     $t6, 0x05B3($t6)           ## 801F05B3
/* 00990 80BFBE10 8FA40018 */  lw      $a0, 0x0018($sp)           
/* 00994 80BFBE14 31CF0080 */  andi    $t7, $t6, 0x0080           ## $t7 = 00000000
/* 00998 80BFBE18 51E00004 */  beql    $t7, $zero, .L80BFBE2C     
/* 0099C 80BFBE1C 8FA40018 */  lw      $a0, 0x0018($sp)           
/* 009A0 80BFBE20 0C0546ED */  jal     func_80151BB4              
/* 009A4 80BFBE24 24050027 */  addiu   $a1, $zero, 0x0027         ## $a1 = 00000027
/* 009A8 80BFBE28 8FA40018 */  lw      $a0, 0x0018($sp)           
.L80BFBE2C:
/* 009AC 80BFBE2C 0C0546ED */  jal     func_80151BB4              
/* 009B0 80BFBE30 2405000C */  addiu   $a1, $zero, 0x000C         ## $a1 = 0000000C
/* 009B4 80BFBE34 8FBF0014 */  lw      $ra, 0x0014($sp)           
/* 009B8 80BFBE38 27BD0018 */  addiu   $sp, $sp, 0x0018           ## $sp = 00000000
/* 009BC 80BFBE3C 03E00008 */  jr      $ra                        
/* 009C0 80BFBE40 00000000 */  nop


glabel func_80BFBE44
/* 009C4 80BFBE44 27BDFFE8 */  addiu   $sp, $sp, 0xFFE8           ## $sp = FFFFFFE8
/* 009C8 80BFBE48 AFBF0014 */  sw      $ra, 0x0014($sp)           
/* 009CC 80BFBE4C 00803025 */  or      $a2, $a0, $zero            ## $a2 = 00000000
/* 009D0 80BFBE50 00A03825 */  or      $a3, $a1, $zero            ## $a3 = 00000000
/* 009D4 80BFBE54 00E02025 */  or      $a0, $a3, $zero            ## $a0 = 00000000
/* 009D8 80BFBE58 0C03847B */  jal     func_800E11EC              
/* 009DC 80BFBE5C 24C503C0 */  addiu   $a1, $a2, 0x03C0           ## $a1 = 000003C0
/* 009E0 80BFBE60 8FBF0014 */  lw      $ra, 0x0014($sp)           
/* 009E4 80BFBE64 27BD0018 */  addiu   $sp, $sp, 0x0018           ## $sp = 00000000
/* 009E8 80BFBE68 03E00008 */  jr      $ra                        
/* 009EC 80BFBE6C 00000000 */  nop


glabel func_80BFBE70
/* 009F0 80BFBE70 27BDFFE0 */  addiu   $sp, $sp, 0xFFE0           ## $sp = FFFFFFE0
/* 009F4 80BFBE74 AFB10018 */  sw      $s1, 0x0018($sp)           
/* 009F8 80BFBE78 AFB00014 */  sw      $s0, 0x0014($sp)           
/* 009FC 80BFBE7C 00808025 */  or      $s0, $a0, $zero            ## $s0 = 00000000
/* 00A00 80BFBE80 00A08825 */  or      $s1, $a1, $zero            ## $s1 = 00000000
/* 00A04 80BFBE84 AFBF001C */  sw      $ra, 0x001C($sp)           
/* 00A08 80BFBE88 860E001C */  lh      $t6, 0x001C($s0)           ## 0000001C
/* 00A0C 80BFBE8C 31CF8000 */  andi    $t7, $t6, 0x8000           ## $t7 = 00000000
/* 00A10 80BFBE90 55E00009 */  bnel    $t7, $zero, .L80BFBEB8     
/* 00A14 80BFBE94 02202025 */  or      $a0, $s1, $zero            ## $a0 = 00000000
/* 00A18 80BFBE98 86180422 */  lh      $t8, 0x0422($s0)           ## 00000422
/* 00A1C 80BFBE9C 24010004 */  addiu   $at, $zero, 0x0004         ## $at = 00000004
/* 00A20 80BFBEA0 02002025 */  or      $a0, $s0, $zero            ## $a0 = 00000000
/* 00A24 80BFBEA4 57010004 */  bnel    $t8, $at, .L80BFBEB8       
/* 00A28 80BFBEA8 02202025 */  or      $a0, $s1, $zero            ## $a0 = 00000000
/* 00A2C 80BFBEAC 0C02E404 */  jal     func_800B9010              
/* 00A30 80BFBEB0 24052198 */  addiu   $a1, $zero, 0x2198         ## $a1 = 00002198
/* 00A34 80BFBEB4 02202025 */  or      $a0, $s1, $zero            ## $a0 = 00000000
.L80BFBEB8:
/* 00A38 80BFBEB8 0C03B8A7 */  jal     func_800EE29C              
/* 00A3C 80BFBEBC 96050426 */  lhu     $a1, 0x0426($s0)           ## 00000426
/* 00A40 80BFBEC0 10400034 */  beq     $v0, $zero, .L80BFBF94     
/* 00A44 80BFBEC4 02202025 */  or      $a0, $s1, $zero            ## $a0 = 00000000
/* 00A48 80BFBEC8 0C03B880 */  jal     func_800EE200              
/* 00A4C 80BFBECC 96050426 */  lhu     $a1, 0x0426($s0)           ## 00000426
/* 00A50 80BFBED0 02002025 */  or      $a0, $s0, $zero            ## $a0 = 00000000
/* 00A54 80BFBED4 02202825 */  or      $a1, $s1, $zero            ## $a1 = 00000000
/* 00A58 80BFBED8 0C03B7C9 */  jal     func_800EDF24              
/* 00A5C 80BFBEDC 00403025 */  or      $a2, $v0, $zero            ## $a2 = 00000000
/* 00A60 80BFBEE0 02202025 */  or      $a0, $s1, $zero            ## $a0 = 00000000
/* 00A64 80BFBEE4 0C03B880 */  jal     func_800EE200              
/* 00A68 80BFBEE8 96050426 */  lhu     $a1, 0x0426($s0)           ## 00000426
/* 00A6C 80BFBEEC 0002C880 */  sll     $t9, $v0,  2               
/* 00A70 80BFBEF0 02394021 */  addu    $t0, $s1, $t9              
/* 00A74 80BFBEF4 8D091F4C */  lw      $t1, 0x1F4C($t0)           ## 00001F4C
/* 00A78 80BFBEF8 960A0428 */  lhu     $t2, 0x0428($s0)           ## 00000428
/* 00A7C 80BFBEFC 24010001 */  addiu   $at, $zero, 0x0001         ## $at = 00000001
/* 00A80 80BFBF00 95230000 */  lhu     $v1, 0x0000($t1)           ## 00000000
/* 00A84 80BFBF04 106A0021 */  beq     $v1, $t2, .L80BFBF8C       
/* 00A88 80BFBF08 3062FFFF */  andi    $v0, $v1, 0xFFFF           ## $v0 = 00000000
/* 00A8C 80BFBF0C 1041000C */  beq     $v0, $at, .L80BFBF40       
/* 00A90 80BFBF10 A6030428 */  sh      $v1, 0x0428($s0)           ## 00000428
/* 00A94 80BFBF14 24010002 */  addiu   $at, $zero, 0x0002         ## $at = 00000002
/* 00A98 80BFBF18 1041000F */  beq     $v0, $at, .L80BFBF58       
/* 00A9C 80BFBF1C 02202025 */  or      $a0, $s1, $zero            ## $a0 = 00000000
/* 00AA0 80BFBF20 24010003 */  addiu   $at, $zero, 0x0003         ## $at = 00000003
/* 00AA4 80BFBF24 10410011 */  beq     $v0, $at, .L80BFBF6C       
/* 00AA8 80BFBF28 02202025 */  or      $a0, $s1, $zero            ## $a0 = 00000000
/* 00AAC 80BFBF2C 24010004 */  addiu   $at, $zero, 0x0004         ## $at = 00000004
/* 00AB0 80BFBF30 10410013 */  beq     $v0, $at, .L80BFBF80       
/* 00AB4 80BFBF34 02202025 */  or      $a0, $s1, $zero            ## $a0 = 00000000
/* 00AB8 80BFBF38 10000017 */  beq     $zero, $zero, .L80BFBF98   
/* 00ABC 80BFBF3C 24020001 */  addiu   $v0, $zero, 0x0001         ## $v0 = 00000001
.L80BFBF40:
/* 00AC0 80BFBF40 02202025 */  or      $a0, $s1, $zero            ## $a0 = 00000000
/* 00AC4 80BFBF44 02002825 */  or      $a1, $s0, $zero            ## $a1 = 00000000
/* 00AC8 80BFBF48 0C2FEE87 */  jal     func_80BFBA1C              
/* 00ACC 80BFBF4C 24060001 */  addiu   $a2, $zero, 0x0001         ## $a2 = 00000001
/* 00AD0 80BFBF50 10000011 */  beq     $zero, $zero, .L80BFBF98   
/* 00AD4 80BFBF54 24020001 */  addiu   $v0, $zero, 0x0001         ## $v0 = 00000001
.L80BFBF58:
/* 00AD8 80BFBF58 02002825 */  or      $a1, $s0, $zero            ## $a1 = 00000000
/* 00ADC 80BFBF5C 0C2FEE87 */  jal     func_80BFBA1C              
/* 00AE0 80BFBF60 24060005 */  addiu   $a2, $zero, 0x0005         ## $a2 = 00000005
/* 00AE4 80BFBF64 1000000C */  beq     $zero, $zero, .L80BFBF98   
/* 00AE8 80BFBF68 24020001 */  addiu   $v0, $zero, 0x0001         ## $v0 = 00000001
.L80BFBF6C:
/* 00AEC 80BFBF6C 02002825 */  or      $a1, $s0, $zero            ## $a1 = 00000000
/* 00AF0 80BFBF70 0C2FEE87 */  jal     func_80BFBA1C              
/* 00AF4 80BFBF74 24060004 */  addiu   $a2, $zero, 0x0004         ## $a2 = 00000004
/* 00AF8 80BFBF78 10000007 */  beq     $zero, $zero, .L80BFBF98   
/* 00AFC 80BFBF7C 24020001 */  addiu   $v0, $zero, 0x0001         ## $v0 = 00000001
.L80BFBF80:
/* 00B00 80BFBF80 02002825 */  or      $a1, $s0, $zero            ## $a1 = 00000000
/* 00B04 80BFBF84 0C2FEE87 */  jal     func_80BFBA1C              
/* 00B08 80BFBF88 24060008 */  addiu   $a2, $zero, 0x0008         ## $a2 = 00000008
.L80BFBF8C:
/* 00B0C 80BFBF8C 10000002 */  beq     $zero, $zero, .L80BFBF98   
/* 00B10 80BFBF90 24020001 */  addiu   $v0, $zero, 0x0001         ## $v0 = 00000001
.L80BFBF94:
/* 00B14 80BFBF94 00001025 */  or      $v0, $zero, $zero          ## $v0 = 00000000
.L80BFBF98:
/* 00B18 80BFBF98 8FBF001C */  lw      $ra, 0x001C($sp)           
/* 00B1C 80BFBF9C 8FB00014 */  lw      $s0, 0x0014($sp)           
/* 00B20 80BFBFA0 8FB10018 */  lw      $s1, 0x0018($sp)           
/* 00B24 80BFBFA4 03E00008 */  jr      $ra                        
/* 00B28 80BFBFA8 27BD0020 */  addiu   $sp, $sp, 0x0020           ## $sp = 00000000


glabel func_80BFBFAC
/* 00B2C 80BFBFAC 27BDFFE0 */  addiu   $sp, $sp, 0xFFE0           ## $sp = FFFFFFE0
/* 00B30 80BFBFB0 AFB00018 */  sw      $s0, 0x0018($sp)           
/* 00B34 80BFBFB4 00808025 */  or      $s0, $a0, $zero            ## $s0 = 00000000
/* 00B38 80BFBFB8 AFBF001C */  sw      $ra, 0x001C($sp)           
/* 00B3C 80BFBFBC 00A03825 */  or      $a3, $a1, $zero            ## $a3 = 00000000
/* 00B40 80BFBFC0 820E0038 */  lb      $t6, 0x0038($s0)           ## 00000038
/* 00B44 80BFBFC4 2401FFFF */  addiu   $at, $zero, 0xFFFF         ## $at = FFFFFFFF
/* 00B48 80BFBFC8 00E02025 */  or      $a0, $a3, $zero            ## $a0 = 00000000
/* 00B4C 80BFBFCC 15C10007 */  bne     $t6, $at, .L80BFBFEC       
/* 00B50 80BFBFD0 24052925 */  addiu   $a1, $zero, 0x2925         ## $a1 = 00002925
/* 00B54 80BFBFD4 0C05462C */  jal     func_801518B0              
/* 00B58 80BFBFD8 02003025 */  or      $a2, $s0, $zero            ## $a2 = 00000000
/* 00B5C 80BFBFDC 3C0F80C0 */  lui     $t7, %hi(func_80BFC078)    ## $t7 = 80C00000
/* 00B60 80BFBFE0 25EFC078 */  addiu   $t7, $t7, %lo(func_80BFC078) ## $t7 = 80BFC078
/* 00B64 80BFBFE4 10000016 */  beq     $zero, $zero, .L80BFC040   
/* 00B68 80BFBFE8 AE0F0430 */  sw      $t7, 0x0430($s0)           ## 00000430
.L80BFBFEC:
/* 00B6C 80BFBFEC 0C03C81F */  jal     func_800F207C              
/* 00B70 80BFBFF0 00000000 */  nop
/* 00B74 80BFBFF4 2401007C */  addiu   $at, $zero, 0x007C         ## $at = 0000007C
/* 00B78 80BFBFF8 14410007 */  bne     $v0, $at, .L80BFC018       
/* 00B7C 80BFBFFC 00000000 */  nop
/* 00B80 80BFC000 0C03C7EF */  jal     func_800F1FBC              
/* 00B84 80BFC004 2404007C */  addiu   $a0, $zero, 0x007C         ## $a0 = 0000007C
/* 00B88 80BFC008 0C03C6E9 */  jal     func_800F1BA4              
/* 00B8C 80BFC00C 82040038 */  lb      $a0, 0x0038($s0)           ## 00000038
/* 00B90 80BFC010 1000000C */  beq     $zero, $zero, .L80BFC044   
/* 00B94 80BFC014 00001025 */  or      $v0, $zero, $zero          ## $v0 = 00000000
.L80BFC018:
/* 00B98 80BFC018 0C03C6F9 */  jal     func_800F1BE4              
/* 00B9C 80BFC01C 82040038 */  lb      $a0, 0x0038($s0)           ## 00000038
/* 00BA0 80BFC020 10400005 */  beq     $v0, $zero, .L80BFC038     
/* 00BA4 80BFC024 02002825 */  or      $a1, $s0, $zero            ## $a1 = 00000000
/* 00BA8 80BFC028 0C03C761 */  jal     func_800F1D84              
/* 00BAC 80BFC02C 82040038 */  lb      $a0, 0x0038($s0)           ## 00000038
/* 00BB0 80BFC030 10000004 */  beq     $zero, $zero, .L80BFC044   
/* 00BB4 80BFC034 24020001 */  addiu   $v0, $zero, 0x0001         ## $v0 = 00000001
.L80BFC038:
/* 00BB8 80BFC038 0C03C6E9 */  jal     func_800F1BA4              
/* 00BBC 80BFC03C 82040038 */  lb      $a0, 0x0038($s0)           ## 00000038
.L80BFC040:
/* 00BC0 80BFC040 00001025 */  or      $v0, $zero, $zero          ## $v0 = 00000000
.L80BFC044:
/* 00BC4 80BFC044 8FBF001C */  lw      $ra, 0x001C($sp)           
/* 00BC8 80BFC048 8FB00018 */  lw      $s0, 0x0018($sp)           
/* 00BCC 80BFC04C 27BD0020 */  addiu   $sp, $sp, 0x0020           ## $sp = 00000000
/* 00BD0 80BFC050 03E00008 */  jr      $ra                        
/* 00BD4 80BFC054 00000000 */  nop


glabel func_80BFC058
/* 00BD8 80BFC058 27BDFFE8 */  addiu   $sp, $sp, 0xFFE8           ## $sp = FFFFFFE8
/* 00BDC 80BFC05C AFBF0014 */  sw      $ra, 0x0014($sp)           
/* 00BE0 80BFC060 0C2FEF55 */  jal     func_80BFBD54              
/* 00BE4 80BFC064 00000000 */  nop
/* 00BE8 80BFC068 8FBF0014 */  lw      $ra, 0x0014($sp)           
/* 00BEC 80BFC06C 27BD0018 */  addiu   $sp, $sp, 0x0018           ## $sp = 00000000
/* 00BF0 80BFC070 03E00008 */  jr      $ra                        
/* 00BF4 80BFC074 00000000 */  nop


glabel func_80BFC078
/* 00BF8 80BFC078 27BDFFC8 */  addiu   $sp, $sp, 0xFFC8           ## $sp = FFFFFFC8
/* 00BFC 80BFC07C AFB10018 */  sw      $s1, 0x0018($sp)           
/* 00C00 80BFC080 AFB00014 */  sw      $s0, 0x0014($sp)           
/* 00C04 80BFC084 00A08025 */  or      $s0, $a1, $zero            ## $s0 = 00000000
/* 00C08 80BFC088 00808825 */  or      $s1, $a0, $zero            ## $s1 = 00000000
/* 00C0C 80BFC08C AFBF001C */  sw      $ra, 0x001C($sp)           
/* 00C10 80BFC090 02202025 */  or      $a0, $s1, $zero            ## $a0 = 00000000
/* 00C14 80BFC094 0C2FEF55 */  jal     func_80BFBD54              
/* 00C18 80BFC098 02002825 */  or      $a1, $s0, $zero            ## $a1 = 00000000
/* 00C1C 80BFC09C 0C054926 */  jal     func_80152498              
/* 00C20 80BFC0A0 26044908 */  addiu   $a0, $s0, 0x4908           ## $a0 = 00004908
/* 00C24 80BFC0A4 24010005 */  addiu   $at, $zero, 0x0005         ## $at = 00000005
/* 00C28 80BFC0A8 54410029 */  bnel    $v0, $at, .L80BFC150       
/* 00C2C 80BFC0AC 8628001C */  lh      $t0, 0x001C($s1)           ## 0000001C
/* 00C30 80BFC0B0 0C051D89 */  jal     func_80147624              
/* 00C34 80BFC0B4 02002025 */  or      $a0, $s0, $zero            ## $a0 = 00000000
/* 00C38 80BFC0B8 10400024 */  beq     $v0, $zero, .L80BFC14C     
/* 00C3C 80BFC0BC 3C030001 */  lui     $v1, 0x0001                ## $v1 = 00010000
/* 00C40 80BFC0C0 00701821 */  addu    $v1, $v1, $s0              
/* 00C44 80BFC0C4 9463680C */  lhu     $v1, 0x680C($v1)           ## 0001680C
/* 00C48 80BFC0C8 24012927 */  addiu   $at, $zero, 0x2927         ## $at = 00002927
/* 00C4C 80BFC0CC 02002025 */  or      $a0, $s0, $zero            ## $a0 = 00000000
/* 00C50 80BFC0D0 10610003 */  beq     $v1, $at, .L80BFC0E0       
/* 00C54 80BFC0D4 00601025 */  or      $v0, $v1, $zero            ## $v0 = 00010000
/* 00C58 80BFC0D8 24012928 */  addiu   $at, $zero, 0x2928         ## $at = 00002928
/* 00C5C 80BFC0DC 14410009 */  bne     $v0, $at, .L80BFC104       
.L80BFC0E0:
/* 00C60 80BFC0E0 24650001 */  addiu   $a1, $v1, 0x0001           ## $a1 = 00010001
/* 00C64 80BFC0E4 0C05464E */  jal     func_80151938              
/* 00C68 80BFC0E8 30A5FFFF */  andi    $a1, $a1, 0xFFFF           ## $a1 = 00000001
/* 00C6C 80BFC0EC 3C02801F */  lui     $v0, 0x801F                ## $v0 = 801F0000
/* 00C70 80BFC0F0 2442F670 */  addiu   $v0, $v0, 0xF670           ## $v0 = 801EF670
/* 00C74 80BFC0F4 904E0F45 */  lbu     $t6, 0x0F45($v0)           ## 801F05B5
/* 00C78 80BFC0F8 35CF0004 */  ori     $t7, $t6, 0x0004           ## $t7 = 00000004
/* 00C7C 80BFC0FC 10000013 */  beq     $zero, $zero, .L80BFC14C   
/* 00C80 80BFC100 A04F0F45 */  sb      $t7, 0x0F45($v0)           ## 801F05B5
.L80BFC104:
/* 00C84 80BFC104 0C051DED */  jal     func_801477B4              
/* 00C88 80BFC108 02002025 */  or      $a0, $s0, $zero            ## $a0 = 00000000
/* 00C8C 80BFC10C 86390422 */  lh      $t9, 0x0422($s1)           ## 00000422
/* 00C90 80BFC110 3C1880C0 */  lui     $t8, %hi(func_80BFC3F8)    ## $t8 = 80C00000
/* 00C94 80BFC114 2718C3F8 */  addiu   $t8, $t8, %lo(func_80BFC3F8) ## $t8 = 80BFC3F8
/* 00C98 80BFC118 24010008 */  addiu   $at, $zero, 0x0008         ## $at = 00000008
/* 00C9C 80BFC11C 1321000B */  beq     $t9, $at, .L80BFC14C       
/* 00CA0 80BFC120 AE380430 */  sw      $t8, 0x0430($s1)           ## 00000430
/* 00CA4 80BFC124 02002025 */  or      $a0, $s0, $zero            ## $a0 = 00000000
/* 00CA8 80BFC128 02202825 */  or      $a1, $s1, $zero            ## $a1 = 00000000
/* 00CAC 80BFC12C 0C2FEE79 */  jal     func_80BFB9E4              
/* 00CB0 80BFC130 24060006 */  addiu   $a2, $zero, 0x0006         ## $a2 = 00000006
/* 00CB4 80BFC134 8E25040C */  lw      $a1, 0x040C($s1)           ## 0000040C
/* 00CB8 80BFC138 02002025 */  or      $a0, $s0, $zero            ## $a0 = 00000000
/* 00CBC 80BFC13C 50A00004 */  beql    $a1, $zero, .L80BFC150     
/* 00CC0 80BFC140 8628001C */  lh      $t0, 0x001C($s1)           ## 0000001C
/* 00CC4 80BFC144 0C2FEE79 */  jal     func_80BFB9E4              
/* 00CC8 80BFC148 24060006 */  addiu   $a2, $zero, 0x0006         ## $a2 = 00000006
.L80BFC14C:
/* 00CCC 80BFC14C 8628001C */  lh      $t0, 0x001C($s1)           ## 0000001C
.L80BFC150:
/* 00CD0 80BFC150 31098000 */  andi    $t1, $t0, 0x8000           ## $t1 = 00000000
/* 00CD4 80BFC154 5520000D */  bnel    $t1, $zero, .L80BFC18C     
/* 00CD8 80BFC158 8FBF001C */  lw      $ra, 0x001C($sp)           
/* 00CDC 80BFC15C C62400EC */  lwc1    $f4, 0x00EC($s1)           ## 000000EC
/* 00CE0 80BFC160 24040003 */  addiu   $a0, $zero, 0x0003         ## $a0 = 00000003
/* 00CE4 80BFC164 27A50028 */  addiu   $a1, $sp, 0x0028           ## $a1 = FFFFFFF0
/* 00CE8 80BFC168 E7A40028 */  swc1    $f4, 0x0028($sp)           
/* 00CEC 80BFC16C C62600F0 */  lwc1    $f6, 0x00F0($s1)           ## 000000F0
/* 00CF0 80BFC170 2406002A */  addiu   $a2, $zero, 0x002A         ## $a2 = 0000002A
/* 00CF4 80BFC174 3C074461 */  lui     $a3, 0x4461                ## $a3 = 44610000
/* 00CF8 80BFC178 E7A6002C */  swc1    $f6, 0x002C($sp)           
/* 00CFC 80BFC17C C62800F4 */  lwc1    $f8, 0x00F4($s1)           ## 000000F4
/* 00D00 80BFC180 0C0687ED */  jal     func_801A1FB4              
/* 00D04 80BFC184 E7A80030 */  swc1    $f8, 0x0030($sp)           
/* 00D08 80BFC188 8FBF001C */  lw      $ra, 0x001C($sp)           
.L80BFC18C:
/* 00D0C 80BFC18C 8FB00014 */  lw      $s0, 0x0014($sp)           
/* 00D10 80BFC190 8FB10018 */  lw      $s1, 0x0018($sp)           
/* 00D14 80BFC194 03E00008 */  jr      $ra                        
/* 00D18 80BFC198 27BD0038 */  addiu   $sp, $sp, 0x0038           ## $sp = 00000000


glabel func_80BFC19C
/* 00D1C 80BFC19C 27BDFFE0 */  addiu   $sp, $sp, 0xFFE0           ## $sp = FFFFFFE0
/* 00D20 80BFC1A0 AFB00018 */  sw      $s0, 0x0018($sp)           
/* 00D24 80BFC1A4 00808025 */  or      $s0, $a0, $zero            ## $s0 = 00000000
/* 00D28 80BFC1A8 AFBF001C */  sw      $ra, 0x001C($sp)           
/* 00D2C 80BFC1AC AFA50024 */  sw      $a1, 0x0024($sp)           
/* 00D30 80BFC1B0 02002025 */  or      $a0, $s0, $zero            ## $a0 = 00000000
/* 00D34 80BFC1B4 0C2FEF55 */  jal     func_80BFBD54              
/* 00D38 80BFC1B8 8FA50024 */  lw      $a1, 0x0024($sp)           
/* 00D3C 80BFC1BC 02002025 */  or      $a0, $s0, $zero            ## $a0 = 00000000
/* 00D40 80BFC1C0 0C2FEF9C */  jal     func_80BFBE70              
/* 00D44 80BFC1C4 8FA50024 */  lw      $a1, 0x0024($sp)           
/* 00D48 80BFC1C8 1440000D */  bne     $v0, $zero, .L80BFC200     
/* 00D4C 80BFC1CC 3C0E80C0 */  lui     $t6, %hi(func_80BFC3F8)    ## $t6 = 80C00000
/* 00D50 80BFC1D0 25CEC3F8 */  addiu   $t6, $t6, %lo(func_80BFC3F8) ## $t6 = 80BFC3F8
/* 00D54 80BFC1D4 AE0E0430 */  sw      $t6, 0x0430($s0)           ## 00000430
/* 00D58 80BFC1D8 8FA40024 */  lw      $a0, 0x0024($sp)           
/* 00D5C 80BFC1DC 02002825 */  or      $a1, $s0, $zero            ## $a1 = 00000000
/* 00D60 80BFC1E0 0C2FEE87 */  jal     func_80BFBA1C              
/* 00D64 80BFC1E4 24060008 */  addiu   $a2, $zero, 0x0008         ## $a2 = 00000008
/* 00D68 80BFC1E8 8E05040C */  lw      $a1, 0x040C($s0)           ## 0000040C
/* 00D6C 80BFC1EC 8FA40024 */  lw      $a0, 0x0024($sp)           
/* 00D70 80BFC1F0 50A00004 */  beql    $a1, $zero, .L80BFC204     
/* 00D74 80BFC1F4 8FBF001C */  lw      $ra, 0x001C($sp)           
/* 00D78 80BFC1F8 0C2FEE87 */  jal     func_80BFBA1C              
/* 00D7C 80BFC1FC 24060008 */  addiu   $a2, $zero, 0x0008         ## $a2 = 00000008
.L80BFC200:
/* 00D80 80BFC200 8FBF001C */  lw      $ra, 0x001C($sp)           
.L80BFC204:
/* 00D84 80BFC204 8FB00018 */  lw      $s0, 0x0018($sp)           
/* 00D88 80BFC208 27BD0020 */  addiu   $sp, $sp, 0x0020           ## $sp = 00000000
/* 00D8C 80BFC20C 03E00008 */  jr      $ra                        
/* 00D90 80BFC210 00000000 */  nop


glabel func_80BFC214
/* 00D94 80BFC214 27BDFFE8 */  addiu   $sp, $sp, 0xFFE8           ## $sp = FFFFFFE8
/* 00D98 80BFC218 AFBF0014 */  sw      $ra, 0x0014($sp)           
/* 00D9C 80BFC21C AFA40018 */  sw      $a0, 0x0018($sp)           
/* 00DA0 80BFC220 AFA5001C */  sw      $a1, 0x001C($sp)           
/* 00DA4 80BFC224 8FA40018 */  lw      $a0, 0x0018($sp)           
/* 00DA8 80BFC228 0C2FEF55 */  jal     func_80BFBD54              
/* 00DAC 80BFC22C 8FA5001C */  lw      $a1, 0x001C($sp)           
/* 00DB0 80BFC230 8FA40018 */  lw      $a0, 0x0018($sp)           
/* 00DB4 80BFC234 0C2FEF9C */  jal     func_80BFBE70              
/* 00DB8 80BFC238 8FA5001C */  lw      $a1, 0x001C($sp)           
/* 00DBC 80BFC23C 14400008 */  bne     $v0, $zero, .L80BFC260     
/* 00DC0 80BFC240 8FA40018 */  lw      $a0, 0x0018($sp)           
/* 00DC4 80BFC244 0C2FEFEB */  jal     func_80BFBFAC              
/* 00DC8 80BFC248 8FA5001C */  lw      $a1, 0x001C($sp)           
/* 00DCC 80BFC24C 10400004 */  beq     $v0, $zero, .L80BFC260     
/* 00DD0 80BFC250 8FAF0018 */  lw      $t7, 0x0018($sp)           
/* 00DD4 80BFC254 3C0E80C0 */  lui     $t6, %hi(func_80BFC19C)    ## $t6 = 80C00000
/* 00DD8 80BFC258 25CEC19C */  addiu   $t6, $t6, %lo(func_80BFC19C) ## $t6 = 80BFC19C
/* 00DDC 80BFC25C ADEE0430 */  sw      $t6, 0x0430($t7)           ## 00000430
.L80BFC260:
/* 00DE0 80BFC260 8FBF0014 */  lw      $ra, 0x0014($sp)           
/* 00DE4 80BFC264 27BD0018 */  addiu   $sp, $sp, 0x0018           ## $sp = 00000000
/* 00DE8 80BFC268 03E00008 */  jr      $ra                        
/* 00DEC 80BFC26C 00000000 */  nop


glabel func_80BFC270
/* 00DF0 80BFC270 27BDFFD8 */  addiu   $sp, $sp, 0xFFD8           ## $sp = FFFFFFD8
/* 00DF4 80BFC274 AFB00020 */  sw      $s0, 0x0020($sp)           
/* 00DF8 80BFC278 00808025 */  or      $s0, $a0, $zero            ## $s0 = 00000000
/* 00DFC 80BFC27C AFBF0024 */  sw      $ra, 0x0024($sp)           
/* 00E00 80BFC280 AFA5002C */  sw      $a1, 0x002C($sp)           
/* 00E04 80BFC284 02002025 */  or      $a0, $s0, $zero            ## $a0 = 00000000
/* 00E08 80BFC288 0C2FEF55 */  jal     func_80BFBD54              
/* 00E0C 80BFC28C 8FA5002C */  lw      $a1, 0x002C($sp)           
/* 00E10 80BFC290 02002025 */  or      $a0, $s0, $zero            ## $a0 = 00000000
/* 00E14 80BFC294 0C02E27E */  jal     func_800B89F8              
/* 00E18 80BFC298 8FA5002C */  lw      $a1, 0x002C($sp)           
/* 00E1C 80BFC29C 10400009 */  beq     $v0, $zero, .L80BFC2C4     
/* 00E20 80BFC2A0 8FA5002C */  lw      $a1, 0x002C($sp)           
/* 00E24 80BFC2A4 3C0E80C0 */  lui     $t6, %hi(func_80BFC214)    ## $t6 = 80C00000
/* 00E28 80BFC2A8 25CEC214 */  addiu   $t6, $t6, %lo(func_80BFC214) ## $t6 = 80BFC214
/* 00E2C 80BFC2AC AE000120 */  sw      $zero, 0x0120($s0)         ## 00000120
/* 00E30 80BFC2B0 AE0E0430 */  sw      $t6, 0x0430($s0)           ## 00000430
/* 00E34 80BFC2B4 0C2FEF7F */  jal     func_80BFBDFC              
/* 00E38 80BFC2B8 00A02025 */  or      $a0, $a1, $zero            ## $a0 = 00000000
/* 00E3C 80BFC2BC 10000009 */  beq     $zero, $zero, .L80BFC2E4   
/* 00E40 80BFC2C0 8FBF0024 */  lw      $ra, 0x0024($sp)           
.L80BFC2C4:
/* 00E44 80BFC2C4 3C01447A */  lui     $at, 0x447A                ## $at = 447A0000
/* 00E48 80BFC2C8 44812000 */  mtc1    $at, $f4                   ## $f4 = 1000.00
/* 00E4C 80BFC2CC 02002025 */  or      $a0, $s0, $zero            ## $a0 = 00000000
/* 00E50 80BFC2D0 2406000C */  addiu   $a2, $zero, 0x000C         ## $a2 = 0000000C
/* 00E54 80BFC2D4 3C0744FA */  lui     $a3, 0x44FA                ## $a3 = 44FA0000
/* 00E58 80BFC2D8 0C02E287 */  jal     func_800B8A1C              
/* 00E5C 80BFC2DC E7A40010 */  swc1    $f4, 0x0010($sp)           
/* 00E60 80BFC2E0 8FBF0024 */  lw      $ra, 0x0024($sp)           
.L80BFC2E4:
/* 00E64 80BFC2E4 8FB00020 */  lw      $s0, 0x0020($sp)           
/* 00E68 80BFC2E8 27BD0028 */  addiu   $sp, $sp, 0x0028           ## $sp = 00000000
/* 00E6C 80BFC2EC 03E00008 */  jr      $ra                        
/* 00E70 80BFC2F0 00000000 */  nop


glabel func_80BFC2F4
/* 00E74 80BFC2F4 27BDFFE0 */  addiu   $sp, $sp, 0xFFE0           ## $sp = FFFFFFE0
/* 00E78 80BFC2F8 AFBF001C */  sw      $ra, 0x001C($sp)           
/* 00E7C 80BFC2FC AFA40020 */  sw      $a0, 0x0020($sp)           
/* 00E80 80BFC300 AFA50024 */  sw      $a1, 0x0024($sp)           
/* 00E84 80BFC304 8FA40020 */  lw      $a0, 0x0020($sp)           
/* 00E88 80BFC308 0C2FEF55 */  jal     func_80BFBD54              
/* 00E8C 80BFC30C 8FA50024 */  lw      $a1, 0x0024($sp)           
/* 00E90 80BFC310 8FA40020 */  lw      $a0, 0x0020($sp)           
/* 00E94 80BFC314 0C2FEF9C */  jal     func_80BFBE70              
/* 00E98 80BFC318 8FA50024 */  lw      $a1, 0x0024($sp)           
/* 00E9C 80BFC31C 54400010 */  bnel    $v0, $zero, .L80BFC360     
/* 00EA0 80BFC320 8FBF001C */  lw      $ra, 0x001C($sp)           
/* 00EA4 80BFC324 0C051DED */  jal     func_801477B4              
/* 00EA8 80BFC328 8FA40024 */  lw      $a0, 0x0024($sp)           
/* 00EAC 80BFC32C 3C01447A */  lui     $at, 0x447A                ## $at = 447A0000
/* 00EB0 80BFC330 44812000 */  mtc1    $at, $f4                   ## $f4 = 1000.00
/* 00EB4 80BFC334 8FA40020 */  lw      $a0, 0x0020($sp)           
/* 00EB8 80BFC338 8FA50024 */  lw      $a1, 0x0024($sp)           
/* 00EBC 80BFC33C 2406000C */  addiu   $a2, $zero, 0x000C         ## $a2 = 0000000C
/* 00EC0 80BFC340 3C0744FA */  lui     $a3, 0x44FA                ## $a3 = 44FA0000
/* 00EC4 80BFC344 0C02E287 */  jal     func_800B8A1C              
/* 00EC8 80BFC348 E7A40010 */  swc1    $f4, 0x0010($sp)           
/* 00ECC 80BFC34C 8FAF0020 */  lw      $t7, 0x0020($sp)           
/* 00ED0 80BFC350 3C0E80C0 */  lui     $t6, %hi(func_80BFC270)    ## $t6 = 80C00000
/* 00ED4 80BFC354 25CEC270 */  addiu   $t6, $t6, %lo(func_80BFC270) ## $t6 = 80BFC270
/* 00ED8 80BFC358 ADEE0430 */  sw      $t6, 0x0430($t7)           ## 00000430
/* 00EDC 80BFC35C 8FBF001C */  lw      $ra, 0x001C($sp)           
.L80BFC360:
/* 00EE0 80BFC360 27BD0020 */  addiu   $sp, $sp, 0x0020           ## $sp = 00000000
/* 00EE4 80BFC364 03E00008 */  jr      $ra                        
/* 00EE8 80BFC368 00000000 */  nop


glabel func_80BFC36C
/* 00EEC 80BFC36C 27BDFFE8 */  addiu   $sp, $sp, 0xFFE8           ## $sp = FFFFFFE8
/* 00EF0 80BFC370 AFBF0014 */  sw      $ra, 0x0014($sp)           
/* 00EF4 80BFC374 AFA5001C */  sw      $a1, 0x001C($sp)           
/* 00EF8 80BFC378 8FA5001C */  lw      $a1, 0x001C($sp)           
/* 00EFC 80BFC37C 0C2FEF55 */  jal     func_80BFBD54              
/* 00F00 80BFC380 AFA40018 */  sw      $a0, 0x0018($sp)           
/* 00F04 80BFC384 8FA40018 */  lw      $a0, 0x0018($sp)           
/* 00F08 80BFC388 0C2FEFEB */  jal     func_80BFBFAC              
/* 00F0C 80BFC38C 8FA5001C */  lw      $a1, 0x001C($sp)           
/* 00F10 80BFC390 10400015 */  beq     $v0, $zero, .L80BFC3E8     
/* 00F14 80BFC394 8FA40018 */  lw      $a0, 0x0018($sp)           
/* 00F18 80BFC398 3C02801F */  lui     $v0, 0x801F                ## $v0 = 801F0000
/* 00F1C 80BFC39C 2442F670 */  addiu   $v0, $v0, 0xF670           ## $v0 = 801EF670
/* 00F20 80BFC3A0 904E0F45 */  lbu     $t6, 0x0F45($v0)           ## 801F05B5
/* 00F24 80BFC3A4 90580F43 */  lbu     $t8, 0x0F43($v0)           ## 801F05B3
/* 00F28 80BFC3A8 3C0980C0 */  lui     $t1, %hi(func_80BFC2F4)    ## $t1 = 80C00000
/* 00F2C 80BFC3AC 35CF0004 */  ori     $t7, $t6, 0x0004           ## $t7 = 00000004
/* 00F30 80BFC3B0 33190080 */  andi    $t9, $t8, 0x0080           ## $t9 = 00000000
/* 00F34 80BFC3B4 13200005 */  beq     $t9, $zero, .L80BFC3CC     
/* 00F38 80BFC3B8 A04F0F45 */  sb      $t7, 0x0F45($v0)           ## 801F05B5
/* 00F3C 80BFC3BC 3C0880C0 */  lui     $t0, %hi(func_80BFC214)    ## $t0 = 80C00000
/* 00F40 80BFC3C0 2508C214 */  addiu   $t0, $t0, %lo(func_80BFC214) ## $t0 = 80BFC214
/* 00F44 80BFC3C4 10000006 */  beq     $zero, $zero, .L80BFC3E0   
/* 00F48 80BFC3C8 AC880430 */  sw      $t0, 0x0430($a0)           ## 00000430
.L80BFC3CC:
/* 00F4C 80BFC3CC 2529C2F4 */  addiu   $t1, $t1, %lo(func_80BFC2F4) ## $t1 = 80BFC2F4
/* 00F50 80BFC3D0 AC890430 */  sw      $t1, 0x0430($a0)           ## 00000430
/* 00F54 80BFC3D4 904A0F43 */  lbu     $t2, 0x0F43($v0)           ## 801F05B3
/* 00F58 80BFC3D8 354B0080 */  ori     $t3, $t2, 0x0080           ## $t3 = 00000080
/* 00F5C 80BFC3DC A04B0F43 */  sb      $t3, 0x0F43($v0)           ## 801F05B3
.L80BFC3E0:
/* 00F60 80BFC3E0 848C042C */  lh      $t4, 0x042C($a0)           ## 0000042C
/* 00F64 80BFC3E4 A08C0038 */  sb      $t4, 0x0038($a0)           ## 00000038
.L80BFC3E8:
/* 00F68 80BFC3E8 8FBF0014 */  lw      $ra, 0x0014($sp)           
/* 00F6C 80BFC3EC 27BD0018 */  addiu   $sp, $sp, 0x0018           ## $sp = 00000000
/* 00F70 80BFC3F0 03E00008 */  jr      $ra                        
/* 00F74 80BFC3F4 00000000 */  nop


glabel func_80BFC3F8
/* 00F78 80BFC3F8 27BDFFC0 */  addiu   $sp, $sp, 0xFFC0           ## $sp = FFFFFFC0
/* 00F7C 80BFC3FC AFB10020 */  sw      $s1, 0x0020($sp)           
/* 00F80 80BFC400 AFB0001C */  sw      $s0, 0x001C($sp)           
/* 00F84 80BFC404 00808025 */  or      $s0, $a0, $zero            ## $s0 = 00000000
/* 00F88 80BFC408 00A08825 */  or      $s1, $a1, $zero            ## $s1 = 00000000
/* 00F8C 80BFC40C AFBF0024 */  sw      $ra, 0x0024($sp)           
/* 00F90 80BFC410 02002025 */  or      $a0, $s0, $zero            ## $a0 = 00000000
/* 00F94 80BFC414 0C2FEF55 */  jal     func_80BFBD54              
/* 00F98 80BFC418 02202825 */  or      $a1, $s1, $zero            ## $a1 = 00000000
/* 00F9C 80BFC41C 8E0E040C */  lw      $t6, 0x040C($s0)           ## 0000040C
/* 00FA0 80BFC420 02002025 */  or      $a0, $s0, $zero            ## $a0 = 00000000
/* 00FA4 80BFC424 55C00005 */  bnel    $t6, $zero, .L80BFC43C     
/* 00FA8 80BFC428 02002025 */  or      $a0, $s0, $zero            ## $a0 = 00000000
/* 00FAC 80BFC42C 0C2FEF68 */  jal     func_80BFBDA0              
/* 00FB0 80BFC430 02202825 */  or      $a1, $s1, $zero            ## $a1 = 00000000
/* 00FB4 80BFC434 AE02040C */  sw      $v0, 0x040C($s0)           ## 0000040C
/* 00FB8 80BFC438 02002025 */  or      $a0, $s0, $zero            ## $a0 = 00000000
.L80BFC43C:
/* 00FBC 80BFC43C 0C2FEF9C */  jal     func_80BFBE70              
/* 00FC0 80BFC440 02202825 */  or      $a1, $s1, $zero            ## $a1 = 00000000
/* 00FC4 80BFC444 1440006B */  bne     $v0, $zero, .L80BFC5F4     
/* 00FC8 80BFC448 02002025 */  or      $a0, $s0, $zero            ## $a0 = 00000000
/* 00FCC 80BFC44C 0C02E134 */  jal     func_800B84D0              
/* 00FD0 80BFC450 02202825 */  or      $a1, $s1, $zero            ## $a1 = 00000000
/* 00FD4 80BFC454 10400032 */  beq     $v0, $zero, .L80BFC520     
/* 00FD8 80BFC458 02002025 */  or      $a0, $s0, $zero            ## $a0 = 00000000
/* 00FDC 80BFC45C 8E020004 */  lw      $v0, 0x0004($s0)           ## 00000004
/* 00FE0 80BFC460 3C030001 */  lui     $v1, 0x0001                ## $v1 = 00010000
/* 00FE4 80BFC464 3C0F80C0 */  lui     $t7, %hi(func_80BFC078)    ## $t7 = 80C00000
/* 00FE8 80BFC468 25EFC078 */  addiu   $t7, $t7, %lo(func_80BFC078) ## $t7 = 80BFC078
/* 00FEC 80BFC46C 0043C024 */  and     $t8, $v0, $v1              
/* 00FF0 80BFC470 1478000B */  bne     $v1, $t8, .L80BFC4A0       
/* 00FF4 80BFC474 AE0F0430 */  sw      $t7, 0x0430($s0)           ## 00000430
/* 00FF8 80BFC478 3C01FFFE */  lui     $at, 0xFFFE                ## $at = FFFE0000
/* 00FFC 80BFC47C 8608042A */  lh      $t0, 0x042A($s0)           ## 0000042A
/* 01000 80BFC480 3C1980C0 */  lui     $t9, %hi(func_80BFC36C)    ## $t9 = 80C00000
/* 01004 80BFC484 3421FFFF */  ori     $at, $at, 0xFFFF           ## $at = FFFEFFFF
/* 01008 80BFC488 2739C36C */  addiu   $t9, $t9, %lo(func_80BFC36C) ## $t9 = 80BFC36C
/* 0100C 80BFC48C 00414824 */  and     $t1, $v0, $at              
/* 01010 80BFC490 AE190430 */  sw      $t9, 0x0430($s0)           ## 00000430
/* 01014 80BFC494 AE090004 */  sw      $t1, 0x0004($s0)           ## 00000004
/* 01018 80BFC498 10000047 */  beq     $zero, $zero, .L80BFC5B8   
/* 0101C 80BFC49C A2080038 */  sb      $t0, 0x0038($s0)           ## 00000038
.L80BFC4A0:
/* 01020 80BFC4A0 0C04900F */  jal     func_8012403C              
/* 01024 80BFC4A4 02202025 */  or      $a0, $s1, $zero            ## $a0 = 00000000
/* 01028 80BFC4A8 2401000E */  addiu   $at, $zero, 0x000E         ## $at = 0000000E
/* 0102C 80BFC4AC 14410015 */  bne     $v0, $at, .L80BFC504       
/* 01030 80BFC4B0 02202025 */  or      $a0, $s1, $zero            ## $a0 = 00000000
/* 01034 80BFC4B4 3C0A801F */  lui     $t2, 0x801F                ## $t2 = 801F0000
/* 01038 80BFC4B8 914A05B5 */  lbu     $t2, 0x05B5($t2)           ## 801F05B5
/* 0103C 80BFC4BC 02003025 */  or      $a2, $s0, $zero            ## $a2 = 00000000
/* 01040 80BFC4C0 02202025 */  or      $a0, $s1, $zero            ## $a0 = 00000000
/* 01044 80BFC4C4 314B0004 */  andi    $t3, $t2, 0x0004           ## $t3 = 00000000
/* 01048 80BFC4C8 11600008 */  beq     $t3, $zero, .L80BFC4EC     
/* 0104C 80BFC4CC 24052926 */  addiu   $a1, $zero, 0x2926         ## $a1 = 00002926
/* 01050 80BFC4D0 02202025 */  or      $a0, $s1, $zero            ## $a0 = 00000000
/* 01054 80BFC4D4 0C05462C */  jal     func_801518B0              
/* 01058 80BFC4D8 24052925 */  addiu   $a1, $zero, 0x2925         ## $a1 = 00002925
/* 0105C 80BFC4DC 0C2FEF7F */  jal     func_80BFBDFC              
/* 01060 80BFC4E0 02202025 */  or      $a0, $s1, $zero            ## $a0 = 00000000
/* 01064 80BFC4E4 10000035 */  beq     $zero, $zero, .L80BFC5BC   
/* 01068 80BFC4E8 860A001C */  lh      $t2, 0x001C($s0)           ## 0000001C
.L80BFC4EC:
/* 0106C 80BFC4EC 0C05462C */  jal     func_801518B0              
/* 01070 80BFC4F0 02003025 */  or      $a2, $s0, $zero            ## $a2 = 00000000
/* 01074 80BFC4F4 0C2FEF7F */  jal     func_80BFBDFC              
/* 01078 80BFC4F8 02202025 */  or      $a0, $s1, $zero            ## $a0 = 00000000
/* 0107C 80BFC4FC 1000002F */  beq     $zero, $zero, .L80BFC5BC   
/* 01080 80BFC500 860A001C */  lh      $t2, 0x001C($s0)           ## 0000001C
.L80BFC504:
/* 01084 80BFC504 24052926 */  addiu   $a1, $zero, 0x2926         ## $a1 = 00002926
/* 01088 80BFC508 0C05462C */  jal     func_801518B0              
/* 0108C 80BFC50C 02003025 */  or      $a2, $s0, $zero            ## $a2 = 00000000
/* 01090 80BFC510 0C2FEF7F */  jal     func_80BFBDFC              
/* 01094 80BFC514 02202025 */  or      $a0, $s1, $zero            ## $a0 = 00000000
/* 01098 80BFC518 10000028 */  beq     $zero, $zero, .L80BFC5BC   
/* 0109C 80BFC51C 860A001C */  lh      $t2, 0x001C($s0)           ## 0000001C
.L80BFC520:
/* 010A0 80BFC520 0C2FEF1E */  jal     func_80BFBC78              
/* 010A4 80BFC524 02202825 */  or      $a1, $s1, $zero            ## $a1 = 00000000
/* 010A8 80BFC528 10400023 */  beq     $v0, $zero, .L80BFC5B8     
/* 010AC 80BFC52C 02002025 */  or      $a0, $s0, $zero            ## $a0 = 00000000
/* 010B0 80BFC530 0C2FEF3B */  jal     func_80BFBCEC              
/* 010B4 80BFC534 02202825 */  or      $a1, $s1, $zero            ## $a1 = 00000000
/* 010B8 80BFC538 10400016 */  beq     $v0, $zero, .L80BFC594     
/* 010BC 80BFC53C 3C0C801F */  lui     $t4, 0x801F                ## $t4 = 801F0000
/* 010C0 80BFC540 918C05B5 */  lbu     $t4, 0x05B5($t4)           ## 801F05B5
/* 010C4 80BFC544 318D0004 */  andi    $t5, $t4, 0x0004           ## $t5 = 00000000
/* 010C8 80BFC548 55A00013 */  bnel    $t5, $zero, .L80BFC598     
/* 010CC 80BFC54C 8E080004 */  lw      $t0, 0x0004($s0)           ## 00000004
/* 010D0 80BFC550 8E0E040C */  lw      $t6, 0x040C($s0)           ## 0000040C
/* 010D4 80BFC554 3C030001 */  lui     $v1, 0x0001                ## $v1 = 00010000
/* 010D8 80BFC558 3C01447A */  lui     $at, 0x447A                ## $at = 447A0000
/* 010DC 80BFC55C 11C0000D */  beq     $t6, $zero, .L80BFC594     
/* 010E0 80BFC560 02002025 */  or      $a0, $s0, $zero            ## $a0 = 00000000
/* 010E4 80BFC564 44810000 */  mtc1    $at, $f0                   ## $f0 = 1000.00
/* 010E8 80BFC568 8E0F0004 */  lw      $t7, 0x0004($s0)           ## 00000004
/* 010EC 80BFC56C 2419FFFF */  addiu   $t9, $zero, 0xFFFF         ## $t9 = FFFFFFFF
/* 010F0 80BFC570 44060000 */  mfc1    $a2, $f0                   
/* 010F4 80BFC574 01E3C025 */  or      $t8, $t7, $v1              ## $t8 = 00010000
/* 010F8 80BFC578 AE180004 */  sw      $t8, 0x0004($s0)           ## 00000004
/* 010FC 80BFC57C 44070000 */  mfc1    $a3, $f0                   
/* 01100 80BFC580 AFB90010 */  sw      $t9, 0x0010($sp)           
/* 01104 80BFC584 0C02E140 */  jal     func_800B8500              
/* 01108 80BFC588 02202825 */  or      $a1, $s1, $zero            ## $a1 = 00000000
/* 0110C 80BFC58C 1000000B */  beq     $zero, $zero, .L80BFC5BC   
/* 01110 80BFC590 860A001C */  lh      $t2, 0x001C($s0)           ## 0000001C
.L80BFC594:
/* 01114 80BFC594 8E080004 */  lw      $t0, 0x0004($s0)           ## 00000004
.L80BFC598:
/* 01118 80BFC598 3C01FFFE */  lui     $at, 0xFFFE                ## $at = FFFE0000
/* 0111C 80BFC59C 3421FFFF */  ori     $at, $at, 0xFFFF           ## $at = FFFEFFFF
/* 01120 80BFC5A0 01014824 */  and     $t1, $t0, $at              
/* 01124 80BFC5A4 AE090004 */  sw      $t1, 0x0004($s0)           ## 00000004
/* 01128 80BFC5A8 02002025 */  or      $a0, $s0, $zero            ## $a0 = 00000000
/* 0112C 80BFC5AC 02202825 */  or      $a1, $s1, $zero            ## $a1 = 00000000
/* 01130 80BFC5B0 0C02E185 */  jal     func_800B8614              
/* 01134 80BFC5B4 3C0642F0 */  lui     $a2, 0x42F0                ## $a2 = 42F00000
.L80BFC5B8:
/* 01138 80BFC5B8 860A001C */  lh      $t2, 0x001C($s0)           ## 0000001C
.L80BFC5BC:
/* 0113C 80BFC5BC 314B8000 */  andi    $t3, $t2, 0x8000           ## $t3 = 00000000
/* 01140 80BFC5C0 5560000D */  bnel    $t3, $zero, .L80BFC5F8     
/* 01144 80BFC5C4 8FBF0024 */  lw      $ra, 0x0024($sp)           
/* 01148 80BFC5C8 C60400EC */  lwc1    $f4, 0x00EC($s0)           ## 000000EC
/* 0114C 80BFC5CC 24040003 */  addiu   $a0, $zero, 0x0003         ## $a0 = 00000003
/* 01150 80BFC5D0 27A50030 */  addiu   $a1, $sp, 0x0030           ## $a1 = FFFFFFF0
/* 01154 80BFC5D4 E7A40030 */  swc1    $f4, 0x0030($sp)           
/* 01158 80BFC5D8 C60600F0 */  lwc1    $f6, 0x00F0($s0)           ## 000000F0
/* 0115C 80BFC5DC 2406002A */  addiu   $a2, $zero, 0x002A         ## $a2 = 0000002A
/* 01160 80BFC5E0 3C074461 */  lui     $a3, 0x4461                ## $a3 = 44610000
/* 01164 80BFC5E4 E7A60034 */  swc1    $f6, 0x0034($sp)           
/* 01168 80BFC5E8 C60800F4 */  lwc1    $f8, 0x00F4($s0)           ## 000000F4
/* 0116C 80BFC5EC 0C0687ED */  jal     func_801A1FB4              
/* 01170 80BFC5F0 E7A80038 */  swc1    $f8, 0x0038($sp)           
.L80BFC5F4:
/* 01174 80BFC5F4 8FBF0024 */  lw      $ra, 0x0024($sp)           
.L80BFC5F8:
/* 01178 80BFC5F8 8FB0001C */  lw      $s0, 0x001C($sp)           
/* 0117C 80BFC5FC 8FB10020 */  lw      $s1, 0x0020($sp)           
/* 01180 80BFC600 03E00008 */  jr      $ra                        
/* 01184 80BFC604 27BD0040 */  addiu   $sp, $sp, 0x0040           ## $sp = 00000000


glabel func_80BFC608
/* 01188 80BFC608 27BDFFE8 */  addiu   $sp, $sp, 0xFFE8           ## $sp = FFFFFFE8
/* 0118C 80BFC60C AFBF0014 */  sw      $ra, 0x0014($sp)           
/* 01190 80BFC610 AFA40018 */  sw      $a0, 0x0018($sp)           
/* 01194 80BFC614 AFA5001C */  sw      $a1, 0x001C($sp)           
/* 01198 80BFC618 8FA40018 */  lw      $a0, 0x0018($sp)           
/* 0119C 80BFC61C 0C2FEF55 */  jal     func_80BFBD54              
/* 011A0 80BFC620 8FA5001C */  lw      $a1, 0x001C($sp)           
/* 011A4 80BFC624 8FA4001C */  lw      $a0, 0x001C($sp)           
/* 011A8 80BFC628 0C054926 */  jal     func_80152498              
/* 011AC 80BFC62C 24844908 */  addiu   $a0, $a0, 0x4908           ## $a0 = 00004908
/* 011B0 80BFC630 24010005 */  addiu   $at, $zero, 0x0005         ## $at = 00000005
/* 011B4 80BFC634 5441000C */  bnel    $v0, $at, .L80BFC668       
/* 011B8 80BFC638 8FBF0014 */  lw      $ra, 0x0014($sp)           
/* 011BC 80BFC63C 0C051D89 */  jal     func_80147624              
/* 011C0 80BFC640 8FA4001C */  lw      $a0, 0x001C($sp)           
/* 011C4 80BFC644 50400008 */  beql    $v0, $zero, .L80BFC668     
/* 011C8 80BFC648 8FBF0014 */  lw      $ra, 0x0014($sp)           
/* 011CC 80BFC64C 0C051DED */  jal     func_801477B4              
/* 011D0 80BFC650 8FA4001C */  lw      $a0, 0x001C($sp)           
/* 011D4 80BFC654 8FAF0018 */  lw      $t7, 0x0018($sp)           
/* 011D8 80BFC658 3C0E80C0 */  lui     $t6, %hi(func_80BFC674)    ## $t6 = 80C00000
/* 011DC 80BFC65C 25CEC674 */  addiu   $t6, $t6, %lo(func_80BFC674) ## $t6 = 80BFC674
/* 011E0 80BFC660 ADEE0430 */  sw      $t6, 0x0430($t7)           ## 00000430
/* 011E4 80BFC664 8FBF0014 */  lw      $ra, 0x0014($sp)           
.L80BFC668:
/* 011E8 80BFC668 27BD0018 */  addiu   $sp, $sp, 0x0018           ## $sp = 00000000
/* 011EC 80BFC66C 03E00008 */  jr      $ra                        
/* 011F0 80BFC670 00000000 */  nop


glabel func_80BFC674
/* 011F4 80BFC674 27BDFFE0 */  addiu   $sp, $sp, 0xFFE0           ## $sp = FFFFFFE0
/* 011F8 80BFC678 AFB10018 */  sw      $s1, 0x0018($sp)           
/* 011FC 80BFC67C AFB00014 */  sw      $s0, 0x0014($sp)           
/* 01200 80BFC680 00808025 */  or      $s0, $a0, $zero            ## $s0 = 00000000
/* 01204 80BFC684 00A08825 */  or      $s1, $a1, $zero            ## $s1 = 00000000
/* 01208 80BFC688 AFBF001C */  sw      $ra, 0x001C($sp)           
/* 0120C 80BFC68C 02002025 */  or      $a0, $s0, $zero            ## $a0 = 00000000
/* 01210 80BFC690 0C2FEF55 */  jal     func_80BFBD54              
/* 01214 80BFC694 02202825 */  or      $a1, $s1, $zero            ## $a1 = 00000000
/* 01218 80BFC698 02002025 */  or      $a0, $s0, $zero            ## $a0 = 00000000
/* 0121C 80BFC69C 0C02E134 */  jal     func_800B84D0              
/* 01220 80BFC6A0 02202825 */  or      $a1, $s1, $zero            ## $a1 = 00000000
/* 01224 80BFC6A4 10400014 */  beq     $v0, $zero, .L80BFC6F8     
/* 01228 80BFC6A8 02002025 */  or      $a0, $s0, $zero            ## $a0 = 00000000
/* 0122C 80BFC6AC 3C0E80C0 */  lui     $t6, %hi(func_80BFC608)    ## $t6 = 80C00000
/* 01230 80BFC6B0 25CEC608 */  addiu   $t6, $t6, %lo(func_80BFC608) ## $t6 = 80BFC608
/* 01234 80BFC6B4 AE0E0430 */  sw      $t6, 0x0430($s0)           ## 00000430
/* 01238 80BFC6B8 0C04900F */  jal     func_8012403C              
/* 0123C 80BFC6BC 02202025 */  or      $a0, $s1, $zero            ## $a0 = 00000000
/* 01240 80BFC6C0 2401000E */  addiu   $at, $zero, 0x000E         ## $at = 0000000E
/* 01244 80BFC6C4 14410007 */  bne     $v0, $at, .L80BFC6E4       
/* 01248 80BFC6C8 02202025 */  or      $a0, $s1, $zero            ## $a0 = 00000000
/* 0124C 80BFC6CC 02202025 */  or      $a0, $s1, $zero            ## $a0 = 00000000
/* 01250 80BFC6D0 24052925 */  addiu   $a1, $zero, 0x2925         ## $a1 = 00002925
/* 01254 80BFC6D4 0C05462C */  jal     func_801518B0              
/* 01258 80BFC6D8 02003025 */  or      $a2, $s0, $zero            ## $a2 = 00000000
/* 0125C 80BFC6DC 1000000E */  beq     $zero, $zero, .L80BFC718   
/* 01260 80BFC6E0 8FBF001C */  lw      $ra, 0x001C($sp)           
.L80BFC6E4:
/* 01264 80BFC6E4 24052924 */  addiu   $a1, $zero, 0x2924         ## $a1 = 00002924
/* 01268 80BFC6E8 0C05462C */  jal     func_801518B0              
/* 0126C 80BFC6EC 02003025 */  or      $a2, $s0, $zero            ## $a2 = 00000000
/* 01270 80BFC6F0 10000009 */  beq     $zero, $zero, .L80BFC718   
/* 01274 80BFC6F4 8FBF001C */  lw      $ra, 0x001C($sp)           
.L80BFC6F8:
/* 01278 80BFC6F8 0C2FEF1E */  jal     func_80BFBC78              
/* 0127C 80BFC6FC 02202825 */  or      $a1, $s1, $zero            ## $a1 = 00000000
/* 01280 80BFC700 10400004 */  beq     $v0, $zero, .L80BFC714     
/* 01284 80BFC704 02002025 */  or      $a0, $s0, $zero            ## $a0 = 00000000
/* 01288 80BFC708 02202825 */  or      $a1, $s1, $zero            ## $a1 = 00000000
/* 0128C 80BFC70C 0C02E185 */  jal     func_800B8614              
/* 01290 80BFC710 3C0642F0 */  lui     $a2, 0x42F0                ## $a2 = 42F00000
.L80BFC714:
/* 01294 80BFC714 8FBF001C */  lw      $ra, 0x001C($sp)           
.L80BFC718:
/* 01298 80BFC718 8FB00014 */  lw      $s0, 0x0014($sp)           
/* 0129C 80BFC71C 8FB10018 */  lw      $s1, 0x0018($sp)           
/* 012A0 80BFC720 03E00008 */  jr      $ra                        
/* 012A4 80BFC724 27BD0020 */  addiu   $sp, $sp, 0x0020           ## $sp = 00000000


glabel func_80BFC728
/* 012A8 80BFC728 27BDFFE0 */  addiu   $sp, $sp, 0xFFE0           ## $sp = FFFFFFE0
/* 012AC 80BFC72C AFB00018 */  sw      $s0, 0x0018($sp)           
/* 012B0 80BFC730 00808025 */  or      $s0, $a0, $zero            ## $s0 = 00000000
/* 012B4 80BFC734 AFBF001C */  sw      $ra, 0x001C($sp)           
/* 012B8 80BFC738 AFA50024 */  sw      $a1, 0x0024($sp)           
/* 012BC 80BFC73C 02002025 */  or      $a0, $s0, $zero            ## $a0 = 00000000
/* 012C0 80BFC740 0C2FEF55 */  jal     func_80BFBD54              
/* 012C4 80BFC744 8FA50024 */  lw      $a1, 0x0024($sp)           
/* 012C8 80BFC748 8FA40024 */  lw      $a0, 0x0024($sp)           
/* 012CC 80BFC74C 0C054926 */  jal     func_80152498              
/* 012D0 80BFC750 24844908 */  addiu   $a0, $a0, 0x4908           ## $a0 = 00004908
/* 012D4 80BFC754 24010005 */  addiu   $at, $zero, 0x0005         ## $at = 00000005
/* 012D8 80BFC758 5441001D */  bnel    $v0, $at, .L80BFC7D0       
/* 012DC 80BFC75C 8FBF001C */  lw      $ra, 0x001C($sp)           
/* 012E0 80BFC760 0C051D89 */  jal     func_80147624              
/* 012E4 80BFC764 8FA40024 */  lw      $a0, 0x0024($sp)           
/* 012E8 80BFC768 50400019 */  beql    $v0, $zero, .L80BFC7D0     
/* 012EC 80BFC76C 8FBF001C */  lw      $ra, 0x001C($sp)           
/* 012F0 80BFC770 0C051DED */  jal     func_801477B4              
/* 012F4 80BFC774 8FA40024 */  lw      $a0, 0x0024($sp)           
/* 012F8 80BFC778 960F0116 */  lhu     $t7, 0x0116($s0)           ## 00000116
/* 012FC 80BFC77C 8619001C */  lh      $t9, 0x001C($s0)           ## 0000001C
/* 01300 80BFC780 3C0E80C0 */  lui     $t6, %hi(func_80BFC7E0)    ## $t6 = 80C00000
/* 01304 80BFC784 25CEC7E0 */  addiu   $t6, $t6, %lo(func_80BFC7E0) ## $t6 = 80BFC7E0
/* 01308 80BFC788 25F80001 */  addiu   $t8, $t7, 0x0001           ## $t8 = 00000001
/* 0130C 80BFC78C 33288000 */  andi    $t0, $t9, 0x8000           ## $t0 = 00000000
/* 01310 80BFC790 AE0E0430 */  sw      $t6, 0x0430($s0)           ## 00000430
/* 01314 80BFC794 15000007 */  bne     $t0, $zero, .L80BFC7B4     
/* 01318 80BFC798 A6180116 */  sh      $t8, 0x0116($s0)           ## 00000116
/* 0131C 80BFC79C 3309FFFF */  andi    $t1, $t8, 0xFFFF           ## $t1 = 00000001
/* 01320 80BFC7A0 29212920 */  slti    $at, $t1, 0x2920           
/* 01324 80BFC7A4 14200009 */  bne     $at, $zero, .L80BFC7CC     
/* 01328 80BFC7A8 240A291C */  addiu   $t2, $zero, 0x291C         ## $t2 = 0000291C
/* 0132C 80BFC7AC 10000007 */  beq     $zero, $zero, .L80BFC7CC   
/* 01330 80BFC7B0 A60A0116 */  sh      $t2, 0x0116($s0)           ## 00000116
.L80BFC7B4:
/* 01334 80BFC7B4 960B0116 */  lhu     $t3, 0x0116($s0)           ## 00000116
/* 01338 80BFC7B8 240C2920 */  addiu   $t4, $zero, 0x2920         ## $t4 = 00002920
/* 0133C 80BFC7BC 29612924 */  slti    $at, $t3, 0x2924           
/* 01340 80BFC7C0 54200003 */  bnel    $at, $zero, .L80BFC7D0     
/* 01344 80BFC7C4 8FBF001C */  lw      $ra, 0x001C($sp)           
/* 01348 80BFC7C8 A60C0116 */  sh      $t4, 0x0116($s0)           ## 00000116
.L80BFC7CC:
/* 0134C 80BFC7CC 8FBF001C */  lw      $ra, 0x001C($sp)           
.L80BFC7D0:
/* 01350 80BFC7D0 8FB00018 */  lw      $s0, 0x0018($sp)           
/* 01354 80BFC7D4 27BD0020 */  addiu   $sp, $sp, 0x0020           ## $sp = 00000000
/* 01358 80BFC7D8 03E00008 */  jr      $ra                        
/* 0135C 80BFC7DC 00000000 */  nop


glabel func_80BFC7E0
/* 01360 80BFC7E0 27BDFFE0 */  addiu   $sp, $sp, 0xFFE0           ## $sp = FFFFFFE0
/* 01364 80BFC7E4 AFB10018 */  sw      $s1, 0x0018($sp)           
/* 01368 80BFC7E8 AFB00014 */  sw      $s0, 0x0014($sp)           
/* 0136C 80BFC7EC 00808025 */  or      $s0, $a0, $zero            ## $s0 = 00000000
/* 01370 80BFC7F0 00A08825 */  or      $s1, $a1, $zero            ## $s1 = 00000000
/* 01374 80BFC7F4 AFBF001C */  sw      $ra, 0x001C($sp)           
/* 01378 80BFC7F8 02002025 */  or      $a0, $s0, $zero            ## $a0 = 00000000
/* 0137C 80BFC7FC 0C2FEF55 */  jal     func_80BFBD54              
/* 01380 80BFC800 02202825 */  or      $a1, $s1, $zero            ## $a1 = 00000000
/* 01384 80BFC804 86030424 */  lh      $v1, 0x0424($s0)           ## 00000424
/* 01388 80BFC808 3C0F80C0 */  lui     $t7, %hi(func_80BFC8F8)    ## $t7 = 80C00000
/* 0138C 80BFC80C 25EFC8F8 */  addiu   $t7, $t7, %lo(func_80BFC8F8) ## $t7 = 80BFC8F8
/* 01390 80BFC810 18600004 */  blez    $v1, .L80BFC824            
/* 01394 80BFC814 02202025 */  or      $a0, $s1, $zero            ## $a0 = 00000000
/* 01398 80BFC818 246EFFFF */  addiu   $t6, $v1, 0xFFFF           ## $t6 = FFFFFFFF
/* 0139C 80BFC81C 10000005 */  beq     $zero, $zero, .L80BFC834   
/* 013A0 80BFC820 A60E0424 */  sh      $t6, 0x0424($s0)           ## 00000424
.L80BFC824:
/* 013A4 80BFC824 AE0F0430 */  sw      $t7, 0x0430($s0)           ## 00000430
/* 013A8 80BFC828 02002825 */  or      $a1, $s0, $zero            ## $a1 = 00000000
/* 013AC 80BFC82C 0C2FEE79 */  jal     func_80BFB9E4              
/* 013B0 80BFC830 24060002 */  addiu   $a2, $zero, 0x0002         ## $a2 = 00000002
.L80BFC834:
/* 013B4 80BFC834 02002025 */  or      $a0, $s0, $zero            ## $a0 = 00000000
/* 013B8 80BFC838 0C02E134 */  jal     func_800B84D0              
/* 013BC 80BFC83C 02202825 */  or      $a1, $s1, $zero            ## $a1 = 00000000
/* 013C0 80BFC840 1040000E */  beq     $v0, $zero, .L80BFC87C     
/* 013C4 80BFC844 02002025 */  or      $a0, $s0, $zero            ## $a0 = 00000000
/* 013C8 80BFC848 3C1880C0 */  lui     $t8, %hi(func_80BFC728)    ## $t8 = 80C00000
/* 013CC 80BFC84C 2718C728 */  addiu   $t8, $t8, %lo(func_80BFC728) ## $t8 = 80BFC728
/* 013D0 80BFC850 AE180430 */  sw      $t8, 0x0430($s0)           ## 00000430
/* 013D4 80BFC854 02202025 */  or      $a0, $s1, $zero            ## $a0 = 00000000
/* 013D8 80BFC858 02002825 */  or      $a1, $s0, $zero            ## $a1 = 00000000
/* 013DC 80BFC85C 0C2FEE79 */  jal     func_80BFB9E4              
/* 013E0 80BFC860 00003025 */  or      $a2, $zero, $zero          ## $a2 = 00000000
/* 013E4 80BFC864 44802000 */  mtc1    $zero, $f4                 ## $f4 = 0.00
/* 013E8 80BFC868 02202025 */  or      $a0, $s1, $zero            ## $a0 = 00000000
/* 013EC 80BFC86C 0C2FEF7F */  jal     func_80BFBDFC              
/* 013F0 80BFC870 E6040070 */  swc1    $f4, 0x0070($s0)           ## 00000070
/* 013F4 80BFC874 10000009 */  beq     $zero, $zero, .L80BFC89C   
/* 013F8 80BFC878 8FBF001C */  lw      $ra, 0x001C($sp)           
.L80BFC87C:
/* 013FC 80BFC87C 0C2FEF1E */  jal     func_80BFBC78              
/* 01400 80BFC880 02202825 */  or      $a1, $s1, $zero            ## $a1 = 00000000
/* 01404 80BFC884 10400004 */  beq     $v0, $zero, .L80BFC898     
/* 01408 80BFC888 02002025 */  or      $a0, $s0, $zero            ## $a0 = 00000000
/* 0140C 80BFC88C 02202825 */  or      $a1, $s1, $zero            ## $a1 = 00000000
/* 01410 80BFC890 0C02E185 */  jal     func_800B8614              
/* 01414 80BFC894 3C0642F0 */  lui     $a2, 0x42F0                ## $a2 = 42F00000
.L80BFC898:
/* 01418 80BFC898 8FBF001C */  lw      $ra, 0x001C($sp)           
.L80BFC89C:
/* 0141C 80BFC89C 8FB00014 */  lw      $s0, 0x0014($sp)           
/* 01420 80BFC8A0 8FB10018 */  lw      $s1, 0x0018($sp)           
/* 01424 80BFC8A4 03E00008 */  jr      $ra                        
/* 01428 80BFC8A8 27BD0020 */  addiu   $sp, $sp, 0x0020           ## $sp = 00000000


glabel func_80BFC8AC
/* 0142C 80BFC8AC 27BDFFE8 */  addiu   $sp, $sp, 0xFFE8           ## $sp = FFFFFFE8
/* 01430 80BFC8B0 00A03825 */  or      $a3, $a1, $zero            ## $a3 = 00000000
/* 01434 80BFC8B4 00802825 */  or      $a1, $a0, $zero            ## $a1 = 00000000
/* 01438 80BFC8B8 AFBF0014 */  sw      $ra, 0x0014($sp)           
/* 0143C 80BFC8BC AFA40018 */  sw      $a0, 0x0018($sp)           
/* 01440 80BFC8C0 44802000 */  mtc1    $zero, $f4                 ## $f4 = 0.00
/* 01444 80BFC8C4 3C0F80C0 */  lui     $t7, %hi(func_80BFC7E0)    ## $t7 = 80C00000
/* 01448 80BFC8C8 240E0064 */  addiu   $t6, $zero, 0x0064         ## $t6 = 00000064
/* 0144C 80BFC8CC 25EFC7E0 */  addiu   $t7, $t7, %lo(func_80BFC7E0) ## $t7 = 80BFC7E0
/* 01450 80BFC8D0 A4AE0424 */  sh      $t6, 0x0424($a1)           ## 00000424
/* 01454 80BFC8D4 ACAF0430 */  sw      $t7, 0x0430($a1)           ## 00000430
/* 01458 80BFC8D8 00E02025 */  or      $a0, $a3, $zero            ## $a0 = 00000000
/* 0145C 80BFC8DC 00003025 */  or      $a2, $zero, $zero          ## $a2 = 00000000
/* 01460 80BFC8E0 0C2FEE79 */  jal     func_80BFB9E4              
/* 01464 80BFC8E4 E4A40070 */  swc1    $f4, 0x0070($a1)           ## 00000070
/* 01468 80BFC8E8 8FBF0014 */  lw      $ra, 0x0014($sp)           
/* 0146C 80BFC8EC 27BD0018 */  addiu   $sp, $sp, 0x0018           ## $sp = 00000000
/* 01470 80BFC8F0 03E00008 */  jr      $ra                        
/* 01474 80BFC8F4 00000000 */  nop


glabel func_80BFC8F8
/* 01478 80BFC8F8 27BDFFE0 */  addiu   $sp, $sp, 0xFFE0           ## $sp = FFFFFFE0
/* 0147C 80BFC8FC AFB10018 */  sw      $s1, 0x0018($sp)           
/* 01480 80BFC900 AFB00014 */  sw      $s0, 0x0014($sp)           
/* 01484 80BFC904 00808025 */  or      $s0, $a0, $zero            ## $s0 = 00000000
/* 01488 80BFC908 00A08825 */  or      $s1, $a1, $zero            ## $s1 = 00000000
/* 0148C 80BFC90C AFBF001C */  sw      $ra, 0x001C($sp)           
/* 01490 80BFC910 02002025 */  or      $a0, $s0, $zero            ## $a0 = 00000000
/* 01494 80BFC914 0C2FEF55 */  jal     func_80BFBD54              
/* 01498 80BFC918 02202825 */  or      $a1, $s1, $zero            ## $a1 = 00000000
/* 0149C 80BFC91C 3C013FC0 */  lui     $at, 0x3FC0                ## $at = 3FC00000
/* 014A0 80BFC920 44812000 */  mtc1    $at, $f4                   ## $f4 = 1.50
/* 014A4 80BFC924 02002025 */  or      $a0, $s0, $zero            ## $a0 = 00000000
/* 014A8 80BFC928 0C2FEED1 */  jal     func_80BFBB44              
/* 014AC 80BFC92C E6040070 */  swc1    $f4, 0x0070($s0)           ## 00000070
/* 014B0 80BFC930 24010001 */  addiu   $at, $zero, 0x0001         ## $at = 00000001
/* 014B4 80BFC934 1041000B */  beq     $v0, $at, .L80BFC964       
/* 014B8 80BFC938 02002025 */  or      $a0, $s0, $zero            ## $a0 = 00000000
/* 014BC 80BFC93C 24010002 */  addiu   $at, $zero, 0x0002         ## $at = 00000002
/* 014C0 80BFC940 1441000A */  bne     $v0, $at, .L80BFC96C       
/* 014C4 80BFC944 02002025 */  or      $a0, $s0, $zero            ## $a0 = 00000000
/* 014C8 80BFC948 0C2FEE94 */  jal     func_80BFBA50              
/* 014CC 80BFC94C 02202825 */  or      $a1, $s1, $zero            ## $a1 = 00000000
/* 014D0 80BFC950 02002025 */  or      $a0, $s0, $zero            ## $a0 = 00000000
/* 014D4 80BFC954 0C2FF22B */  jal     func_80BFC8AC              
/* 014D8 80BFC958 02202825 */  or      $a1, $s1, $zero            ## $a1 = 00000000
/* 014DC 80BFC95C 10000004 */  beq     $zero, $zero, .L80BFC970   
/* 014E0 80BFC960 02002025 */  or      $a0, $s0, $zero            ## $a0 = 00000000
.L80BFC964:
/* 014E4 80BFC964 0C2FF22B */  jal     func_80BFC8AC              
/* 014E8 80BFC968 02202825 */  or      $a1, $s1, $zero            ## $a1 = 00000000
.L80BFC96C:
/* 014EC 80BFC96C 02002025 */  or      $a0, $s0, $zero            ## $a0 = 00000000
.L80BFC970:
/* 014F0 80BFC970 0C02E134 */  jal     func_800B84D0              
/* 014F4 80BFC974 02202825 */  or      $a1, $s1, $zero            ## $a1 = 00000000
/* 014F8 80BFC978 1040000E */  beq     $v0, $zero, .L80BFC9B4     
/* 014FC 80BFC97C 02002025 */  or      $a0, $s0, $zero            ## $a0 = 00000000
/* 01500 80BFC980 3C0E80C0 */  lui     $t6, %hi(func_80BFC728)    ## $t6 = 80C00000
/* 01504 80BFC984 25CEC728 */  addiu   $t6, $t6, %lo(func_80BFC728) ## $t6 = 80BFC728
/* 01508 80BFC988 AE0E0430 */  sw      $t6, 0x0430($s0)           ## 00000430
/* 0150C 80BFC98C 02202025 */  or      $a0, $s1, $zero            ## $a0 = 00000000
/* 01510 80BFC990 02002825 */  or      $a1, $s0, $zero            ## $a1 = 00000000
/* 01514 80BFC994 0C2FEE79 */  jal     func_80BFB9E4              
/* 01518 80BFC998 00003025 */  or      $a2, $zero, $zero          ## $a2 = 00000000
/* 0151C 80BFC99C 44803000 */  mtc1    $zero, $f6                 ## $f6 = 0.00
/* 01520 80BFC9A0 02202025 */  or      $a0, $s1, $zero            ## $a0 = 00000000
/* 01524 80BFC9A4 0C2FEF7F */  jal     func_80BFBDFC              
/* 01528 80BFC9A8 E6060070 */  swc1    $f6, 0x0070($s0)           ## 00000070
/* 0152C 80BFC9AC 10000009 */  beq     $zero, $zero, .L80BFC9D4   
/* 01530 80BFC9B0 8FBF001C */  lw      $ra, 0x001C($sp)           
.L80BFC9B4:
/* 01534 80BFC9B4 0C2FEF1E */  jal     func_80BFBC78              
/* 01538 80BFC9B8 02202825 */  or      $a1, $s1, $zero            ## $a1 = 00000000
/* 0153C 80BFC9BC 10400004 */  beq     $v0, $zero, .L80BFC9D0     
/* 01540 80BFC9C0 02002025 */  or      $a0, $s0, $zero            ## $a0 = 00000000
/* 01544 80BFC9C4 02202825 */  or      $a1, $s1, $zero            ## $a1 = 00000000
/* 01548 80BFC9C8 0C02E185 */  jal     func_800B8614              
/* 0154C 80BFC9CC 3C0642F0 */  lui     $a2, 0x42F0                ## $a2 = 42F00000
.L80BFC9D0:
/* 01550 80BFC9D0 8FBF001C */  lw      $ra, 0x001C($sp)           
.L80BFC9D4:
/* 01554 80BFC9D4 8FB00014 */  lw      $s0, 0x0014($sp)           
/* 01558 80BFC9D8 8FB10018 */  lw      $s1, 0x0018($sp)           
/* 0155C 80BFC9DC 03E00008 */  jr      $ra                        
/* 01560 80BFC9E0 27BD0020 */  addiu   $sp, $sp, 0x0020           ## $sp = 00000000


glabel func_80BFC9E4
/* 01564 80BFC9E4 27BDFFC8 */  addiu   $sp, $sp, 0xFFC8           ## $sp = FFFFFFC8
/* 01568 80BFC9E8 AFB00020 */  sw      $s0, 0x0020($sp)           
/* 0156C 80BFC9EC 00808025 */  or      $s0, $a0, $zero            ## $s0 = 00000000
/* 01570 80BFC9F0 AFBF0024 */  sw      $ra, 0x0024($sp)           
/* 01574 80BFC9F4 AFA5003C */  sw      $a1, 0x003C($sp)           
/* 01578 80BFC9F8 260603C0 */  addiu   $a2, $s0, 0x03C0           ## $a2 = 000003C0
/* 0157C 80BFC9FC 00C02825 */  or      $a1, $a2, $zero            ## $a1 = 000003C0
/* 01580 80BFCA00 AFA60028 */  sw      $a2, 0x0028($sp)           
/* 01584 80BFCA04 0C039F7E */  jal     func_800E7DF8              
/* 01588 80BFCA08 02002025 */  or      $a0, $s0, $zero            ## $a0 = 00000000
/* 0158C 80BFCA0C 8FA4003C */  lw      $a0, 0x003C($sp)           
/* 01590 80BFCA10 3C010001 */  lui     $at, 0x0001                ## $at = 00010000
/* 01594 80BFCA14 34218884 */  ori     $at, $at, 0x8884           ## $at = 00018884
/* 01598 80BFCA18 8FA60028 */  lw      $a2, 0x0028($sp)           
/* 0159C 80BFCA1C 0C038A4A */  jal     func_800E2928              
/* 015A0 80BFCA20 00812821 */  addu    $a1, $a0, $at              
/* 015A4 80BFCA24 0C02DAA2 */  jal     func_800B6A88              
/* 015A8 80BFCA28 02002025 */  or      $a0, $s0, $zero            ## $a0 = 00000000
/* 015AC 80BFCA2C 3C014220 */  lui     $at, 0x4220                ## $at = 42200000
/* 015B0 80BFCA30 44810000 */  mtc1    $at, $f0                   ## $f0 = 40.00
/* 015B4 80BFCA34 240E0005 */  addiu   $t6, $zero, 0x0005         ## $t6 = 00000005
/* 015B8 80BFCA38 AFAE0014 */  sw      $t6, 0x0014($sp)           
/* 015BC 80BFCA3C 44060000 */  mfc1    $a2, $f0                   
/* 015C0 80BFCA40 8FA4003C */  lw      $a0, 0x003C($sp)           
/* 015C4 80BFCA44 02002825 */  or      $a1, $s0, $zero            ## $a1 = 00000000
/* 015C8 80BFCA48 3C0741C8 */  lui     $a3, 0x41C8                ## $a3 = 41C80000
/* 015CC 80BFCA4C 0C02DE2E */  jal     func_800B78B8              
/* 015D0 80BFCA50 E7A00010 */  swc1    $f0, 0x0010($sp)           
/* 015D4 80BFCA54 8E190430 */  lw      $t9, 0x0430($s0)           ## 00000430
/* 015D8 80BFCA58 02002025 */  or      $a0, $s0, $zero            ## $a0 = 00000000
/* 015DC 80BFCA5C 8FA5003C */  lw      $a1, 0x003C($sp)           
/* 015E0 80BFCA60 0320F809 */  jalr    $ra, $t9                   
/* 015E4 80BFCA64 00000000 */  nop
/* 015E8 80BFCA68 86030412 */  lh      $v1, 0x0412($s0)           ## 00000412
/* 015EC 80BFCA6C 2404003C */  addiu   $a0, $zero, 0x003C         ## $a0 = 0000003C
/* 015F0 80BFCA70 14600003 */  bne     $v1, $zero, .L80BFCA80     
/* 015F4 80BFCA74 246FFFFF */  addiu   $t7, $v1, 0xFFFF           ## $t7 = FFFFFFFF
/* 015F8 80BFCA78 10000004 */  beq     $zero, $zero, .L80BFCA8C   
/* 015FC 80BFCA7C 00001025 */  or      $v0, $zero, $zero          ## $v0 = 00000000
.L80BFCA80:
/* 01600 80BFCA80 A60F0412 */  sh      $t7, 0x0412($s0)           ## 00000412
/* 01604 80BFCA84 86030412 */  lh      $v1, 0x0412($s0)           ## 00000412
/* 01608 80BFCA88 00601025 */  or      $v0, $v1, $zero            ## $v0 = 00000000
.L80BFCA8C:
/* 0160C 80BFCA8C 54400006 */  bnel    $v0, $zero, .L80BFCAA8     
/* 01610 80BFCA90 A6030410 */  sh      $v1, 0x0410($s0)           ## 00000410
/* 01614 80BFCA94 0C03FD14 */  jal     func_800FF450              
/* 01618 80BFCA98 2405003C */  addiu   $a1, $zero, 0x003C         ## $a1 = 0000003C
/* 0161C 80BFCA9C A6020412 */  sh      $v0, 0x0412($s0)           ## 00000412
/* 01620 80BFCAA0 86030412 */  lh      $v1, 0x0412($s0)           ## 00000412
/* 01624 80BFCAA4 A6030410 */  sh      $v1, 0x0410($s0)           ## 00000410
.L80BFCAA8:
/* 01628 80BFCAA8 86180410 */  lh      $t8, 0x0410($s0)           ## 00000410
/* 0162C 80BFCAAC 2B010003 */  slti    $at, $t8, 0x0003           
/* 01630 80BFCAB0 54200003 */  bnel    $at, $zero, .L80BFCAC0     
/* 01634 80BFCAB4 8FBF0024 */  lw      $ra, 0x0024($sp)           
/* 01638 80BFCAB8 A6000410 */  sh      $zero, 0x0410($s0)         ## 00000410
/* 0163C 80BFCABC 8FBF0024 */  lw      $ra, 0x0024($sp)           
.L80BFCAC0:
/* 01640 80BFCAC0 8FB00020 */  lw      $s0, 0x0020($sp)           
/* 01644 80BFCAC4 27BD0038 */  addiu   $sp, $sp, 0x0038           ## $sp = 00000000
/* 01648 80BFCAC8 03E00008 */  jr      $ra                        
/* 0164C 80BFCACC 00000000 */  nop


glabel func_80BFCAD0
/* 01650 80BFCAD0 27BDFFE8 */  addiu   $sp, $sp, 0xFFE8           ## $sp = FFFFFFE8
/* 01654 80BFCAD4 AFA60020 */  sw      $a2, 0x0020($sp)           
/* 01658 80BFCAD8 00A03025 */  or      $a2, $a1, $zero            ## $a2 = 00000000
/* 0165C 80BFCADC AFBF0014 */  sw      $ra, 0x0014($sp)           
/* 01660 80BFCAE0 AFA40018 */  sw      $a0, 0x0018($sp)           
/* 01664 80BFCAE4 AFA5001C */  sw      $a1, 0x001C($sp)           
/* 01668 80BFCAE8 AFA70024 */  sw      $a3, 0x0024($sp)           
/* 0166C 80BFCAEC 2401000B */  addiu   $at, $zero, 0x000B         ## $at = 0000000B
/* 01670 80BFCAF0 14C10007 */  bne     $a2, $at, .L80BFCB10       
/* 01674 80BFCAF4 3C0480C0 */  lui     $a0, %hi(D_80BFCD60)       ## $a0 = 80C00000
/* 01678 80BFCAF8 8FA50028 */  lw      $a1, 0x0028($sp)           
/* 0167C 80BFCAFC 2484CD60 */  addiu   $a0, $a0, %lo(D_80BFCD60)  ## $a0 = 80BFCD60
/* 01680 80BFCB00 AFA6001C */  sw      $a2, 0x001C($sp)           
/* 01684 80BFCB04 0C0606A6 */  jal     func_80181A98              
/* 01688 80BFCB08 24A5003C */  addiu   $a1, $a1, 0x003C           ## $a1 = 0000003C
/* 0168C 80BFCB0C 8FA6001C */  lw      $a2, 0x001C($sp)           
.L80BFCB10:
/* 01690 80BFCB10 24010003 */  addiu   $at, $zero, 0x0003         ## $at = 00000003
/* 01694 80BFCB14 14C10005 */  bne     $a2, $at, .L80BFCB2C       
/* 01698 80BFCB18 3C04801D */  lui     $a0, 0x801D                ## $a0 = 801D0000
/* 0169C 80BFCB1C 8FA50028 */  lw      $a1, 0x0028($sp)           
/* 016A0 80BFCB20 248415B0 */  addiu   $a0, $a0, 0x15B0           ## $a0 = 801D15B0
/* 016A4 80BFCB24 0C0606A6 */  jal     func_80181A98              
/* 016A8 80BFCB28 24A50414 */  addiu   $a1, $a1, 0x0414           ## $a1 = 00000414
.L80BFCB2C:
/* 016AC 80BFCB2C 8FBF0014 */  lw      $ra, 0x0014($sp)           
/* 016B0 80BFCB30 27BD0018 */  addiu   $sp, $sp, 0x0018           ## $sp = 00000000
/* 016B4 80BFCB34 03E00008 */  jr      $ra                        
/* 016B8 80BFCB38 00000000 */  nop


glabel func_80BFCB3C
/* 016BC 80BFCB3C 27BDFFB8 */  addiu   $sp, $sp, 0xFFB8           ## $sp = FFFFFFB8
/* 016C0 80BFCB40 AFB10028 */  sw      $s1, 0x0028($sp)           
/* 016C4 80BFCB44 00808825 */  or      $s1, $a0, $zero            ## $s1 = 00000000
/* 016C8 80BFCB48 AFBF002C */  sw      $ra, 0x002C($sp)           
/* 016CC 80BFCB4C AFB00024 */  sw      $s0, 0x0024($sp)           
/* 016D0 80BFCB50 AFA5004C */  sw      $a1, 0x004C($sp)           
/* 016D4 80BFCB54 8FAE004C */  lw      $t6, 0x004C($sp)           
/* 016D8 80BFCB58 8DC40000 */  lw      $a0, 0x0000($t6)           ## 00000000
/* 016DC 80BFCB5C 0C04B0A3 */  jal     func_8012C28C              
/* 016E0 80BFCB60 00808025 */  or      $s0, $a0, $zero            ## $s0 = 00000000
/* 016E4 80BFCB64 862F001C */  lh      $t7, 0x001C($s1)           ## 0000001C
/* 016E8 80BFCB68 3C040601 */  lui     $a0, 0x0601                ## $a0 = 06010000
/* 016EC 80BFCB6C 31F88000 */  andi    $t8, $t7, 0x8000           ## $t8 = 00000000
/* 016F0 80BFCB70 1700000A */  bne     $t8, $zero, .L80BFCB9C     
/* 016F4 80BFCB74 00000000 */  nop
/* 016F8 80BFCB78 3C040601 */  lui     $a0, 0x0601                ## $a0 = 06010000
/* 016FC 80BFCB7C 0C040141 */  jal     func_80100504              
/* 01700 80BFCB80 2484D768 */  addiu   $a0, $a0, 0xD768           ## $a0 = 0600D768
/* 01704 80BFCB84 8FA4004C */  lw      $a0, 0x004C($sp)           
/* 01708 80BFCB88 00402825 */  or      $a1, $v0, $zero            ## $a1 = 00000000
/* 0170C 80BFCB8C 0C04C632 */  jal     func_801318C8              
/* 01710 80BFCB90 00003025 */  or      $a2, $zero, $zero          ## $a2 = 00000000
/* 01714 80BFCB94 10000008 */  beq     $zero, $zero, .L80BFCBB8   
/* 01718 80BFCB98 86390422 */  lh      $t9, 0x0422($s1)           ## 00000422
.L80BFCB9C:
/* 0171C 80BFCB9C 0C040141 */  jal     func_80100504              
/* 01720 80BFCBA0 2484D768 */  addiu   $a0, $a0, 0xD768           ## $a0 = FFFFD768
/* 01724 80BFCBA4 8FA4004C */  lw      $a0, 0x004C($sp)           
/* 01728 80BFCBA8 00402825 */  or      $a1, $v0, $zero            ## $a1 = 00000000
/* 0172C 80BFCBAC 0C04C632 */  jal     func_801318C8              
/* 01730 80BFCBB0 24060001 */  addiu   $a2, $zero, 0x0001         ## $a2 = 00000001
/* 01734 80BFCBB4 86390422 */  lh      $t9, 0x0422($s1)           ## 00000422
.L80BFCBB8:
/* 01738 80BFCBB8 24010004 */  addiu   $at, $zero, 0x0004         ## $at = 00000004
/* 0173C 80BFCBBC 3C09DB06 */  lui     $t1, 0xDB06                ## $t1 = DB060000
/* 01740 80BFCBC0 5721000F */  bnel    $t9, $at, .L80BFCC00       
/* 01744 80BFCBC4 962A0420 */  lhu     $t2, 0x0420($s1)           ## 00000420
/* 01748 80BFCBC8 8E0202B0 */  lw      $v0, 0x02B0($s0)           ## 000002B0
/* 0174C 80BFCBCC 35290024 */  ori     $t1, $t1, 0x0024           ## $t1 = DB060024
/* 01750 80BFCBD0 3C0480C0 */  lui     $a0, %hi(D_80BFCCF0)       ## $a0 = 80C00000
/* 01754 80BFCBD4 24480008 */  addiu   $t0, $v0, 0x0008           ## $t0 = 00000008
/* 01758 80BFCBD8 AE0802B0 */  sw      $t0, 0x02B0($s0)           ## 000002B0
/* 0175C 80BFCBDC AC490000 */  sw      $t1, 0x0000($v0)           ## 00000000
/* 01760 80BFCBE0 8C84CCF0 */  lw      $a0, %lo(D_80BFCCF0)($a0)  
/* 01764 80BFCBE4 0C040141 */  jal     func_80100504              
/* 01768 80BFCBE8 AFA20038 */  sw      $v0, 0x0038($sp)           
/* 0176C 80BFCBEC 8FA30038 */  lw      $v1, 0x0038($sp)           
/* 01770 80BFCBF0 AC620004 */  sw      $v0, 0x0004($v1)           ## 00000004
/* 01774 80BFCBF4 10000023 */  beq     $zero, $zero, .L80BFCC84   
/* 01778 80BFCBF8 8E250148 */  lw      $a1, 0x0148($s1)           ## 00000148
/* 0177C 80BFCBFC 962A0420 */  lhu     $t2, 0x0420($s1)           ## 00000420
.L80BFCC00:
/* 01780 80BFCC00 3C0DDB06 */  lui     $t5, 0xDB06                ## $t5 = DB060000
/* 01784 80BFCC04 314B0002 */  andi    $t3, $t2, 0x0002           ## $t3 = 00000000
/* 01788 80BFCC08 5160000F */  beql    $t3, $zero, .L80BFCC48     
/* 0178C 80BFCC0C 8E0202B0 */  lw      $v0, 0x02B0($s0)           ## 000002B0
/* 01790 80BFCC10 8E0202B0 */  lw      $v0, 0x02B0($s0)           ## 000002B0
/* 01794 80BFCC14 35AD0024 */  ori     $t5, $t5, 0x0024           ## $t5 = DB060024
/* 01798 80BFCC18 3C0480C0 */  lui     $a0, %hi(D_80BFCCEC)       ## $a0 = 80C00000
/* 0179C 80BFCC1C 244C0008 */  addiu   $t4, $v0, 0x0008           ## $t4 = 00000008
/* 017A0 80BFCC20 AE0C02B0 */  sw      $t4, 0x02B0($s0)           ## 000002B0
/* 017A4 80BFCC24 AC4D0000 */  sw      $t5, 0x0000($v0)           ## 00000000
/* 017A8 80BFCC28 8C84CCEC */  lw      $a0, %lo(D_80BFCCEC)($a0)  
/* 017AC 80BFCC2C 0C040141 */  jal     func_80100504              
/* 017B0 80BFCC30 AFA20034 */  sw      $v0, 0x0034($sp)           
/* 017B4 80BFCC34 8FA30034 */  lw      $v1, 0x0034($sp)           
/* 017B8 80BFCC38 AC620004 */  sw      $v0, 0x0004($v1)           ## 00000004
/* 017BC 80BFCC3C 10000011 */  beq     $zero, $zero, .L80BFCC84   
/* 017C0 80BFCC40 8E250148 */  lw      $a1, 0x0148($s1)           ## 00000148
/* 017C4 80BFCC44 8E0202B0 */  lw      $v0, 0x02B0($s0)           ## 000002B0
.L80BFCC48:
/* 017C8 80BFCC48 3C0FDB06 */  lui     $t7, 0xDB06                ## $t7 = DB060000
/* 017CC 80BFCC4C 35EF0024 */  ori     $t7, $t7, 0x0024           ## $t7 = DB060024
/* 017D0 80BFCC50 244E0008 */  addiu   $t6, $v0, 0x0008           ## $t6 = 00000008
/* 017D4 80BFCC54 AE0E02B0 */  sw      $t6, 0x02B0($s0)           ## 000002B0
/* 017D8 80BFCC58 AC4F0000 */  sw      $t7, 0x0000($v0)           ## 00000000
/* 017DC 80BFCC5C 86380410 */  lh      $t8, 0x0410($s1)           ## 00000410
/* 017E0 80BFCC60 3C0480C0 */  lui     $a0, %hi(D_80BFCCE0)       ## $a0 = 80C00000
/* 017E4 80BFCC64 AFA20030 */  sw      $v0, 0x0030($sp)           
/* 017E8 80BFCC68 0018C880 */  sll     $t9, $t8,  2               
/* 017EC 80BFCC6C 00992021 */  addu    $a0, $a0, $t9              
/* 017F0 80BFCC70 0C040141 */  jal     func_80100504              
/* 017F4 80BFCC74 8C84CCE0 */  lw      $a0, %lo(D_80BFCCE0)($a0)  
/* 017F8 80BFCC78 8FA30030 */  lw      $v1, 0x0030($sp)           
/* 017FC 80BFCC7C AC620004 */  sw      $v0, 0x0004($v1)           ## 00000004
/* 01800 80BFCC80 8E250148 */  lw      $a1, 0x0148($s1)           ## 00000148
.L80BFCC84:
/* 01804 80BFCC84 8E260164 */  lw      $a2, 0x0164($s1)           ## 00000164
/* 01808 80BFCC88 92270146 */  lbu     $a3, 0x0146($s1)           ## 00000146
/* 0180C 80BFCC8C 3C0880C0 */  lui     $t0, %hi(func_80BFCAD0)    ## $t0 = 80C00000
/* 01810 80BFCC90 2508CAD0 */  addiu   $t0, $t0, %lo(func_80BFCAD0) ## $t0 = 80BFCAD0
/* 01814 80BFCC94 AFA80014 */  sw      $t0, 0x0014($sp)           
/* 01818 80BFCC98 AFB10018 */  sw      $s1, 0x0018($sp)           
/* 0181C 80BFCC9C AFA00010 */  sw      $zero, 0x0010($sp)         
/* 01820 80BFCCA0 0C04CFCA */  jal     func_80133F28              
/* 01824 80BFCCA4 8FA4004C */  lw      $a0, 0x004C($sp)           
/* 01828 80BFCCA8 8FBF002C */  lw      $ra, 0x002C($sp)           
/* 0182C 80BFCCAC 8FB00024 */  lw      $s0, 0x0024($sp)           
/* 01830 80BFCCB0 8FB10028 */  lw      $s1, 0x0028($sp)           
/* 01834 80BFCCB4 03E00008 */  jr      $ra                        
/* 01838 80BFCCB8 27BD0048 */  addiu   $sp, $sp, 0x0048           ## $sp = 00000000
/* 0183C 80BFCCBC 00000000 */  nop

.section .data

D_80BFCCC0: .word 0x027B0400, 0x00000009, 0x024B0000, 0x00000434
.word func_80BFB480
.word func_80BFBE44
.word func_80BFC9E4
.word func_80BFCB3C
D_80BFCCE0: .word 0x0600BC50, 0x0600C190, 0x0600C590
D_80BFCCEC: .word 0x0600C990
D_80BFCCF0: .word 0x0600CD90
D_80BFCCF4: .word \
0x0A001139, 0x10010000, 0x00000000, 0x00000000, \
0x00000000, 0xF7CFFFFF, 0x00000000, 0x00010100, \
0x00140028, 0x00000000, 0x00000000
D_80BFCD20: .word \
0x0600457C, 0x06003A20, 0x06005E50, 0x06003098, \
0x0600059C, 0x06000DE8, 0x060028D4
D_80BFCD3C: .word \
0x06003A20, 0x06003A20, 0x06005390, 0x06003098, \
0x0600059C, 0x06000DE8, 0x060028D4
D_80BFCD58: .word 0x0400DF28, 0x0400CF98
D_80BFCD60: .word 0x43FA0000, 0xC3FA0000, 0x00000000, 0x00000000

.section .rodata

D_80BFCD70: .word 0xC4BB8000
D_80BFCD74: .word 0x39E90454
D_80BFCD78: .word 0x3C23D70A
D_80BFCD7C: .word 0x3C23D70A


.section .rodata
D_80BFCD80:
.incbin "baserom/En_Rz", 0x1900, 0x00000220
