.include "macro.inc"

# assembler directives
.set noat      # allow manual use of $at
.set noreorder # don't insert nops after branches
.set gp=64     # allow use of 64-bit general purpose registers

.section .text
glabel func_808D3E20
/* 00000 808D3E20 27BDFFA8 */  addiu   $sp, $sp, 0xFFA8           ## $sp = FFFFFFA8
/* 00004 808D3E24 AFB00038 */  sw      $s0, 0x0038($sp)           
/* 00008 808D3E28 00808025 */  or      $s0, $a0, $zero            ## $s0 = 00000000
/* 0000C 808D3E2C AFBF003C */  sw      $ra, 0x003C($sp)           
/* 00010 808D3E30 AFA5005C */  sw      $a1, 0x005C($sp)           
/* 00014 808D3E34 3C05808D */  lui     $a1, %hi(D_808D712C)       ## $a1 = 808D0000
/* 00018 808D3E38 24A5712C */  addiu   $a1, $a1, %lo(D_808D712C)  ## $a1 = 808D712C
/* 0001C 808D3E3C 0C03FEB7 */  jal     func_800FFADC              
/* 00020 808D3E40 02002025 */  or      $a0, $s0, $zero            ## $a0 = 00000000
/* 00024 808D3E44 44800000 */  mtc1    $zero, $f0                 ## $f0 = 0.00
/* 00028 808D3E48 3C0E808D */  lui     $t6, %hi(D_808D710C)       ## $t6 = 808D0000
/* 0002C 808D3E4C 25CE710C */  addiu   $t6, $t6, %lo(D_808D710C)  ## $t6 = 808D710C
/* 00030 808D3E50 44050000 */  mfc1    $a1, $f0                   
/* 00034 808D3E54 44070000 */  mfc1    $a3, $f0                   
/* 00038 808D3E58 A200001F */  sb      $zero, 0x001F($s0)         ## 0000001F
/* 0003C 808D3E5C AE0E00A0 */  sw      $t6, 0x00A0($s0)           ## 000000A0
/* 00040 808D3E60 260400BC */  addiu   $a0, $s0, 0x00BC           ## $a0 = 000000BC
/* 00044 808D3E64 0C02CEE9 */  jal     func_800B3BA4              
/* 00048 808D3E68 00003025 */  or      $a2, $zero, $zero          ## $a2 = 00000000
/* 0004C 808D3E6C 8E180028 */  lw      $t8, 0x0028($s0)           ## 00000028
/* 00050 808D3E70 3C014248 */  lui     $at, 0x4248                ## $at = 42480000
/* 00054 808D3E74 8E190024 */  lw      $t9, 0x0024($s0)           ## 00000024
/* 00058 808D3E78 AE180040 */  sw      $t8, 0x0040($s0)           ## 00000040
/* 0005C 808D3E7C C6040040 */  lwc1    $f4, 0x0040($s0)           ## 00000040
/* 00060 808D3E80 44813000 */  mtc1    $at, $f6                   ## $f6 = 50.00
/* 00064 808D3E84 A60003D8 */  sh      $zero, 0x03D8($s0)         ## 000003D8
/* 00068 808D3E88 860F03D8 */  lh      $t7, 0x03D8($s0)           ## 000003D8
/* 0006C 808D3E8C 860C001C */  lh      $t4, 0x001C($s0)           ## 0000001C
/* 00070 808D3E90 8603001C */  lh      $v1, 0x001C($s0)           ## 0000001C
/* 00074 808D3E94 46062200 */  add.s   $f8, $f4, $f6              
/* 00078 808D3E98 AE19003C */  sw      $t9, 0x003C($s0)           ## 0000003C
/* 0007C 808D3E9C 8E19002C */  lw      $t9, 0x002C($s0)           ## 0000002C
/* 00080 808D3EA0 A60F03DA */  sh      $t7, 0x03DA($s0)           ## 000003DA
/* 00084 808D3EA4 318DFF00 */  andi    $t5, $t4, 0xFF00           ## $t5 = 00000000
/* 00088 808D3EA8 240800FE */  addiu   $t0, $zero, 0x00FE         ## $t0 = 000000FE
/* 0008C 808D3EAC 24090008 */  addiu   $t1, $zero, 0x0008         ## $t1 = 00000008
/* 00090 808D3EB0 240A00FF */  addiu   $t2, $zero, 0x00FF         ## $t2 = 000000FF
/* 00094 808D3EB4 240BFFFF */  addiu   $t3, $zero, 0xFFFF         ## $t3 = FFFFFFFF
/* 00098 808D3EB8 000D7203 */  sra     $t6, $t5,  8               
/* 0009C 808D3EBC 306F0080 */  andi    $t7, $v1, 0x0080           ## $t7 = 00000000
/* 000A0 808D3EC0 E6080040 */  swc1    $f8, 0x0040($s0)           ## 00000040
/* 000A4 808D3EC4 A20800B6 */  sb      $t0, 0x00B6($s0)           ## 000000B6
/* 000A8 808D3EC8 A20900B7 */  sb      $t1, 0x00B7($s0)           ## 000000B7
/* 000AC 808D3ECC A60A03DE */  sh      $t2, 0x03DE($s0)           ## 000003DE
/* 000B0 808D3ED0 A20B03F1 */  sb      $t3, 0x03F1($s0)           ## 000003F1
/* 000B4 808D3ED4 A60E03DC */  sh      $t6, 0x03DC($s0)           ## 000003DC
/* 000B8 808D3ED8 11E00004 */  beq     $t7, $zero, .L808D3EEC     
/* 000BC 808D3EDC AE190044 */  sw      $t9, 0x0044($s0)           ## 00000044
/* 000C0 808D3EE0 3478FF00 */  ori     $t8, $v1, 0xFF00           ## $t8 = 0000FF00
/* 000C4 808D3EE4 10000003 */  beq     $zero, $zero, .L808D3EF4   
/* 000C8 808D3EE8 A618001C */  sh      $t8, 0x001C($s0)           ## 0000001C
.L808D3EEC:
/* 000CC 808D3EEC 307900FF */  andi    $t9, $v1, 0x00FF           ## $t9 = 00000000
/* 000D0 808D3EF0 A619001C */  sh      $t9, 0x001C($s0)           ## 0000001C
.L808D3EF4:
/* 000D4 808D3EF4 8608001C */  lh      $t0, 0x001C($s0)           ## 0000001C
/* 000D8 808D3EF8 8FA4005C */  lw      $a0, 0x005C($sp)           
/* 000DC 808D3EFC 26050144 */  addiu   $a1, $s0, 0x0144           ## $a1 = 00000144
/* 000E0 808D3F00 2901FFFF */  slti    $at, $t0, 0xFFFF           
/* 000E4 808D3F04 14200011 */  bne     $at, $zero, .L808D3F4C     
/* 000E8 808D3F08 3C060600 */  lui     $a2, 0x0600                ## $a2 = 06000000
/* 000EC 808D3F0C 26050144 */  addiu   $a1, $s0, 0x0144           ## $a1 = 00000144
/* 000F0 808D3F10 3C060601 */  lui     $a2, 0x0601                ## $a2 = 06010000
/* 000F4 808D3F14 3C070601 */  lui     $a3, 0x0601                ## $a3 = 06010000
/* 000F8 808D3F18 2609029C */  addiu   $t1, $s0, 0x029C           ## $t1 = 0000029C
/* 000FC 808D3F1C 260A0338 */  addiu   $t2, $s0, 0x0338           ## $t2 = 00000338
/* 00100 808D3F20 240B001A */  addiu   $t3, $zero, 0x001A         ## $t3 = 0000001A
/* 00104 808D3F24 AFAB0018 */  sw      $t3, 0x0018($sp)           
/* 00108 808D3F28 AFAA0014 */  sw      $t2, 0x0014($sp)           
/* 0010C 808D3F2C AFA90010 */  sw      $t1, 0x0010($sp)           
/* 00110 808D3F30 24E7ABE0 */  addiu   $a3, $a3, 0xABE0           ## $a3 = 0600ABE0
/* 00114 808D3F34 24C60B88 */  addiu   $a2, $a2, 0x0B88           ## $a2 = 06010B88
/* 00118 808D3F38 AFA50040 */  sw      $a1, 0x0040($sp)           
/* 0011C 808D3F3C 0C04DACC */  jal     func_80136B30              
/* 00120 808D3F40 8FA4005C */  lw      $a0, 0x005C($sp)           
/* 00124 808D3F44 1000000D */  beq     $zero, $zero, .L808D3F7C   
/* 00128 808D3F48 26050190 */  addiu   $a1, $s0, 0x0190           ## $a1 = 00000190
.L808D3F4C:
/* 0012C 808D3F4C 3C070601 */  lui     $a3, 0x0601                ## $a3 = 06010000
/* 00130 808D3F50 260C029C */  addiu   $t4, $s0, 0x029C           ## $t4 = 0000029C
/* 00134 808D3F54 260D0338 */  addiu   $t5, $s0, 0x0338           ## $t5 = 00000338
/* 00138 808D3F58 240E001A */  addiu   $t6, $zero, 0x001A         ## $t6 = 0000001A
/* 0013C 808D3F5C AFAE0018 */  sw      $t6, 0x0018($sp)           
/* 00140 808D3F60 AFAD0014 */  sw      $t5, 0x0014($sp)           
/* 00144 808D3F64 AFAC0010 */  sw      $t4, 0x0010($sp)           
/* 00148 808D3F68 24E7ABE0 */  addiu   $a3, $a3, 0xABE0           ## $a3 = 0600ABE0
/* 0014C 808D3F6C 24C653E8 */  addiu   $a2, $a2, 0x53E8           ## $a2 = 000053E8
/* 00150 808D3F70 0C04DACC */  jal     func_80136B30              
/* 00154 808D3F74 AFA50040 */  sw      $a1, 0x0040($sp)           
/* 00158 808D3F78 26050190 */  addiu   $a1, $s0, 0x0190           ## $a1 = 00000190
.L808D3F7C:
/* 0015C 808D3F7C AFA50044 */  sw      $a1, 0x0044($sp)           
/* 00160 808D3F80 0C038467 */  jal     func_800E119C              
/* 00164 808D3F84 8FA4005C */  lw      $a0, 0x005C($sp)           
/* 00168 808D3F88 3C07808D */  lui     $a3, %hi(D_808D70E0)       ## $a3 = 808D0000
/* 0016C 808D3F8C 8FA50044 */  lw      $a1, 0x0044($sp)           
/* 00170 808D3F90 24E770E0 */  addiu   $a3, $a3, %lo(D_808D70E0)  ## $a3 = 808D70E0
/* 00174 808D3F94 8FA4005C */  lw      $a0, 0x005C($sp)           
/* 00178 808D3F98 0C0384C3 */  jal     func_800E130C              
/* 0017C 808D3F9C 02003025 */  or      $a2, $s0, $zero            ## $a2 = 00000000
/* 00180 808D3FA0 8603001C */  lh      $v1, 0x001C($s0)           ## 0000001C
/* 00184 808D3FA4 2861FFFE */  slti    $at, $v1, 0xFFFE           
/* 00188 808D3FA8 14200042 */  bne     $at, $zero, .L808D40B4     
/* 0018C 808D3FAC 24010005 */  addiu   $at, $zero, 0x0005         ## $at = 00000005
/* 00190 808D3FB0 10610007 */  beq     $v1, $at, .L808D3FD0       
/* 00194 808D3FB4 24010006 */  addiu   $at, $zero, 0x0006         ## $at = 00000006
/* 00198 808D3FB8 10610014 */  beq     $v1, $at, .L808D400C       
/* 0019C 808D3FBC 24010007 */  addiu   $at, $zero, 0x0007         ## $at = 00000007
/* 001A0 808D3FC0 10610021 */  beq     $v1, $at, .L808D4048       
/* 001A4 808D3FC4 00000000 */  nop
/* 001A8 808D3FC8 1000002E */  beq     $zero, $zero, .L808D4084   
/* 001AC 808D3FCC 2401FFFE */  addiu   $at, $zero, 0xFFFE         ## $at = FFFFFFFE
.L808D3FD0:
/* 001B0 808D3FD0 0C23507F */  jal     func_808D41FC              
/* 001B4 808D3FD4 8FA4005C */  lw      $a0, 0x005C($sp)           
/* 001B8 808D3FD8 14400005 */  bne     $v0, $zero, .L808D3FF0     
/* 001BC 808D3FDC 240F002A */  addiu   $t7, $zero, 0x002A         ## $t7 = 0000002A
/* 001C0 808D3FE0 0C235175 */  jal     func_808D45D4              
/* 001C4 808D3FE4 02002025 */  or      $a0, $s0, $zero            ## $a0 = 00000000
/* 001C8 808D3FE8 10000004 */  beq     $zero, $zero, .L808D3FFC   
/* 001CC 808D3FEC 00000000 */  nop
.L808D3FF0:
/* 001D0 808D3FF0 A20F011F */  sb      $t7, 0x011F($s0)           ## 0000011F
/* 001D4 808D3FF4 0C2350C2 */  jal     func_808D4308              
/* 001D8 808D3FF8 02002025 */  or      $a0, $s0, $zero            ## $a0 = 00000000
.L808D3FFC:
/* 001DC 808D3FFC 3C18808D */  lui     $t8, %hi(func_808D45D4)    ## $t8 = 808D0000
/* 001E0 808D4000 271845D4 */  addiu   $t8, $t8, %lo(func_808D45D4) ## $t8 = 808D45D4
/* 001E4 808D4004 1000002D */  beq     $zero, $zero, .L808D40BC   
/* 001E8 808D4008 AE18018C */  sw      $t8, 0x018C($s0)           ## 0000018C
.L808D400C:
/* 001EC 808D400C 0C23507F */  jal     func_808D41FC              
/* 001F0 808D4010 8FA4005C */  lw      $a0, 0x005C($sp)           
/* 001F4 808D4014 14400005 */  bne     $v0, $zero, .L808D402C     
/* 001F8 808D4018 2419002A */  addiu   $t9, $zero, 0x002A         ## $t9 = 0000002A
/* 001FC 808D401C 0C2351F7 */  jal     func_808D47DC              
/* 00200 808D4020 02002025 */  or      $a0, $s0, $zero            ## $a0 = 00000000
/* 00204 808D4024 10000004 */  beq     $zero, $zero, .L808D4038   
/* 00208 808D4028 00000000 */  nop
.L808D402C:
/* 0020C 808D402C A219011F */  sb      $t9, 0x011F($s0)           ## 0000011F
/* 00210 808D4030 0C2350C2 */  jal     func_808D4308              
/* 00214 808D4034 02002025 */  or      $a0, $s0, $zero            ## $a0 = 00000000
.L808D4038:
/* 00218 808D4038 3C08808D */  lui     $t0, %hi(func_808D47DC)    ## $t0 = 808D0000
/* 0021C 808D403C 250847DC */  addiu   $t0, $t0, %lo(func_808D47DC) ## $t0 = 808D47DC
/* 00220 808D4040 1000001E */  beq     $zero, $zero, .L808D40BC   
/* 00224 808D4044 AE08018C */  sw      $t0, 0x018C($s0)           ## 0000018C
.L808D4048:
/* 00228 808D4048 0C23507F */  jal     func_808D41FC              
/* 0022C 808D404C 8FA4005C */  lw      $a0, 0x005C($sp)           
/* 00230 808D4050 14400005 */  bne     $v0, $zero, .L808D4068     
/* 00234 808D4054 2409002A */  addiu   $t1, $zero, 0x002A         ## $t1 = 0000002A
/* 00238 808D4058 0C2352A4 */  jal     func_808D4A90              
/* 0023C 808D405C 02002025 */  or      $a0, $s0, $zero            ## $a0 = 00000000
/* 00240 808D4060 10000004 */  beq     $zero, $zero, .L808D4074   
/* 00244 808D4064 00000000 */  nop
.L808D4068:
/* 00248 808D4068 A209011F */  sb      $t1, 0x011F($s0)           ## 0000011F
/* 0024C 808D406C 0C2350C2 */  jal     func_808D4308              
/* 00250 808D4070 02002025 */  or      $a0, $s0, $zero            ## $a0 = 00000000
.L808D4074:
/* 00254 808D4074 3C0A808D */  lui     $t2, %hi(func_808D4A90)    ## $t2 = 808D0000
/* 00258 808D4078 254A4A90 */  addiu   $t2, $t2, %lo(func_808D4A90) ## $t2 = 808D4A90
/* 0025C 808D407C 1000000F */  beq     $zero, $zero, .L808D40BC   
/* 00260 808D4080 AE0A018C */  sw      $t2, 0x018C($s0)           ## 0000018C
.L808D4084:
/* 00264 808D4084 14610004 */  bne     $v1, $at, .L808D4098       
/* 00268 808D4088 240C002A */  addiu   $t4, $zero, 0x002A         ## $t4 = 0000002A
/* 0026C 808D408C 240B002D */  addiu   $t3, $zero, 0x002D         ## $t3 = 0000002D
/* 00270 808D4090 10000002 */  beq     $zero, $zero, .L808D409C   
/* 00274 808D4094 A20B011F */  sb      $t3, 0x011F($s0)           ## 0000011F
.L808D4098:
/* 00278 808D4098 A20C011F */  sb      $t4, 0x011F($s0)           ## 0000011F
.L808D409C:
/* 0027C 808D409C 0C2350C2 */  jal     func_808D4308              
/* 00280 808D40A0 02002025 */  or      $a0, $s0, $zero            ## $a0 = 00000000
/* 00284 808D40A4 3C0D808D */  lui     $t5, %hi(func_808D4308)    ## $t5 = 808D0000
/* 00288 808D40A8 25AD4308 */  addiu   $t5, $t5, %lo(func_808D4308) ## $t5 = 808D4308
/* 0028C 808D40AC 10000003 */  beq     $zero, $zero, .L808D40BC   
/* 00290 808D40B0 AE0D018C */  sw      $t5, 0x018C($s0)           ## 0000018C
.L808D40B4:
/* 00294 808D40B4 0C235371 */  jal     func_808D4DC4              
/* 00298 808D40B8 02002025 */  or      $a0, $s0, $zero            ## $a0 = 00000000
.L808D40BC:
/* 0029C 808D40BC 0C04DB34 */  jal     func_80136CD0              
/* 002A0 808D40C0 8FA40040 */  lw      $a0, 0x0040($sp)           
/* 002A4 808D40C4 8603001C */  lh      $v1, 0x001C($s0)           ## 0000001C
/* 002A8 808D40C8 24010003 */  addiu   $at, $zero, 0x0003         ## $at = 00000003
/* 002AC 808D40CC 54610006 */  bnel    $v1, $at, .L808D40E8       
/* 002B0 808D40D0 24010004 */  addiu   $at, $zero, 0x0004         ## $at = 00000004
/* 002B4 808D40D4 8E0E0004 */  lw      $t6, 0x0004($s0)           ## 00000004
/* 002B8 808D40D8 8603001C */  lh      $v1, 0x001C($s0)           ## 0000001C
/* 002BC 808D40DC 35CF0080 */  ori     $t7, $t6, 0x0080           ## $t7 = 00000080
/* 002C0 808D40E0 AE0F0004 */  sw      $t7, 0x0004($s0)           ## 00000004
/* 002C4 808D40E4 24010004 */  addiu   $at, $zero, 0x0004         ## $at = 00000004
.L808D40E8:
/* 002C8 808D40E8 14610013 */  bne     $v1, $at, .L808D4138       
/* 002CC 808D40EC 8FA6005C */  lw      $a2, 0x005C($sp)           
/* 002D0 808D40F0 C60A0024 */  lwc1    $f10, 0x0024($s0)          ## 00000024
/* 002D4 808D40F4 3409FF4B */  ori     $t1, $zero, 0xFF4B         ## $t1 = 0000FF4B
/* 002D8 808D40F8 24C41CA0 */  addiu   $a0, $a2, 0x1CA0           ## $a0 = 00001CA0
/* 002DC 808D40FC E7AA0010 */  swc1    $f10, 0x0010($sp)          
/* 002E0 808D4100 C6100028 */  lwc1    $f16, 0x0028($s0)          ## 00000028
/* 002E4 808D4104 02002825 */  or      $a1, $s0, $zero            ## $a1 = 00000000
/* 002E8 808D4108 2407008E */  addiu   $a3, $zero, 0x008E         ## $a3 = 0000008E
/* 002EC 808D410C E7B00014 */  swc1    $f16, 0x0014($sp)          
/* 002F0 808D4110 C612002C */  lwc1    $f18, 0x002C($s0)          ## 0000002C
/* 002F4 808D4114 E7B20018 */  swc1    $f18, 0x0018($sp)          
/* 002F8 808D4118 86180030 */  lh      $t8, 0x0030($s0)           ## 00000030
/* 002FC 808D411C AFB8001C */  sw      $t8, 0x001C($sp)           
/* 00300 808D4120 86190032 */  lh      $t9, 0x0032($s0)           ## 00000032
/* 00304 808D4124 AFB90020 */  sw      $t9, 0x0020($sp)           
/* 00308 808D4128 86080034 */  lh      $t0, 0x0034($s0)           ## 00000034
/* 0030C 808D412C AFA90028 */  sw      $t1, 0x0028($sp)           
/* 00310 808D4130 0C02EC30 */  jal     func_800BB0C0              
/* 00314 808D4134 AFA80024 */  sw      $t0, 0x0024($sp)           
.L808D4138:
/* 00318 808D4138 8FBF003C */  lw      $ra, 0x003C($sp)           
/* 0031C 808D413C 8FB00038 */  lw      $s0, 0x0038($sp)           
/* 00320 808D4140 27BD0058 */  addiu   $sp, $sp, 0x0058           ## $sp = 00000000
/* 00324 808D4144 03E00008 */  jr      $ra                        
/* 00328 808D4148 00000000 */  nop


glabel func_808D414C
/* 0032C 808D414C 27BDFFE8 */  addiu   $sp, $sp, 0xFFE8           ## $sp = FFFFFFE8
/* 00330 808D4150 3C02801F */  lui     $v0, 0x801F                ## $v0 = 801F0000
/* 00334 808D4154 2442F670 */  addiu   $v0, $v0, 0xF670           ## $v0 = 801EF670
/* 00338 808D4158 AFBF0014 */  sw      $ra, 0x0014($sp)           
/* 0033C 808D415C 00803025 */  or      $a2, $a0, $zero            ## $a2 = 00000000
/* 00340 808D4160 00A03825 */  or      $a3, $a1, $zero            ## $a3 = 00000000
/* 00344 808D4164 844E3F58 */  lh      $t6, 0x3F58($v0)           ## 801F35C8
/* 00348 808D4168 00E02025 */  or      $a0, $a3, $zero            ## $a0 = 00000000
/* 0034C 808D416C 11C00002 */  beq     $t6, $zero, .L808D4178     
/* 00350 808D4170 00000000 */  nop
/* 00354 808D4174 A4403F58 */  sh      $zero, 0x3F58($v0)         ## 801F35C8
.L808D4178:
/* 00358 808D4178 0C03847B */  jal     func_800E11EC              
/* 0035C 808D417C 24C50190 */  addiu   $a1, $a2, 0x0190           ## $a1 = 00000190
/* 00360 808D4180 8FBF0014 */  lw      $ra, 0x0014($sp)           
/* 00364 808D4184 27BD0018 */  addiu   $sp, $sp, 0x0018           ## $sp = 00000000
/* 00368 808D4188 03E00008 */  jr      $ra                        
/* 0036C 808D418C 00000000 */  nop


glabel func_808D4190
/* 00370 808D4190 8C821CF0 */  lw      $v0, 0x1CF0($a0)           ## 00001CF0
/* 00374 808D4194 2403004C */  addiu   $v1, $zero, 0x004C         ## $v1 = 0000004C
/* 00378 808D4198 10400016 */  beq     $v0, $zero, .L808D41F4     
/* 0037C 808D419C 00000000 */  nop
/* 00380 808D41A0 844E0000 */  lh      $t6, 0x0000($v0)           ## 00000000
.L808D41A4:
/* 00384 808D41A4 146E0006 */  bne     $v1, $t6, .L808D41C0       
/* 00388 808D41A8 00000000 */  nop
/* 0038C 808D41AC 10450004 */  beq     $v0, $a1, .L808D41C0       
/* 00390 808D41B0 00000000 */  nop
/* 00394 808D41B4 844F001C */  lh      $t7, 0x001C($v0)           ## 0000001C
/* 00398 808D41B8 05E10003 */  bgez    $t7, .L808D41C8            
/* 0039C 808D41BC 00000000 */  nop
.L808D41C0:
/* 003A0 808D41C0 1000000A */  beq     $zero, $zero, .L808D41EC   
/* 003A4 808D41C4 8C42012C */  lw      $v0, 0x012C($v0)           ## 0000012C
.L808D41C8:
/* 003A8 808D41C8 50C00004 */  beql    $a2, $zero, .L808D41DC     
/* 003AC 808D41CC 8C580120 */  lw      $t8, 0x0120($v0)           ## 00000120
/* 003B0 808D41D0 10000005 */  beq     $zero, $zero, .L808D41E8   
/* 003B4 808D41D4 AC450120 */  sw      $a1, 0x0120($v0)           ## 00000120
/* 003B8 808D41D8 8C580120 */  lw      $t8, 0x0120($v0)           ## 00000120
.L808D41DC:
/* 003BC 808D41DC 54B80003 */  bnel    $a1, $t8, .L808D41EC       
/* 003C0 808D41E0 8C42012C */  lw      $v0, 0x012C($v0)           ## 0000012C
/* 003C4 808D41E4 AC400120 */  sw      $zero, 0x0120($v0)         ## 00000120
.L808D41E8:
/* 003C8 808D41E8 8C42012C */  lw      $v0, 0x012C($v0)           ## 0000012C
.L808D41EC:
/* 003CC 808D41EC 5440FFED */  bnel    $v0, $zero, .L808D41A4     
/* 003D0 808D41F0 844E0000 */  lh      $t6, 0x0000($v0)           ## 00000000
.L808D41F4:
/* 003D4 808D41F4 03E00008 */  jr      $ra                        
/* 003D8 808D41F8 00000000 */  nop


glabel func_808D41FC
/* 003DC 808D41FC 27BDFFE8 */  addiu   $sp, $sp, 0xFFE8           ## $sp = FFFFFFE8
/* 003E0 808D4200 AFBF0014 */  sw      $ra, 0x0014($sp)           
/* 003E4 808D4204 AFA40018 */  sw      $a0, 0x0018($sp)           
/* 003E8 808D4208 0C04900F */  jal     func_8012403C              
/* 003EC 808D420C 8FA40018 */  lw      $a0, 0x0018($sp)           
/* 003F0 808D4210 2401000C */  addiu   $at, $zero, 0x000C         ## $at = 0000000C
/* 003F4 808D4214 1041000B */  beq     $v0, $at, .L808D4244       
/* 003F8 808D4218 00000000 */  nop
/* 003FC 808D421C 0C04900F */  jal     func_8012403C              
/* 00400 808D4220 8FA40018 */  lw      $a0, 0x0018($sp)           
/* 00404 808D4224 2401000F */  addiu   $at, $zero, 0x000F         ## $at = 0000000F
/* 00408 808D4228 10410006 */  beq     $v0, $at, .L808D4244       
/* 0040C 808D422C 00000000 */  nop
/* 00410 808D4230 0C04900F */  jal     func_8012403C              
/* 00414 808D4234 8FA40018 */  lw      $a0, 0x0018($sp)           
/* 00418 808D4238 24010006 */  addiu   $at, $zero, 0x0006         ## $at = 00000006
/* 0041C 808D423C 54410004 */  bnel    $v0, $at, .L808D4250       
/* 00420 808D4240 24020001 */  addiu   $v0, $zero, 0x0001         ## $v0 = 00000001
.L808D4244:
/* 00424 808D4244 10000002 */  beq     $zero, $zero, .L808D4250   
/* 00428 808D4248 00001025 */  or      $v0, $zero, $zero          ## $v0 = 00000000
/* 0042C 808D424C 24020001 */  addiu   $v0, $zero, 0x0001         ## $v0 = 00000001
.L808D4250:
/* 00430 808D4250 8FBF0014 */  lw      $ra, 0x0014($sp)           
/* 00434 808D4254 27BD0018 */  addiu   $sp, $sp, 0x0018           ## $sp = 00000000
/* 00438 808D4258 03E00008 */  jr      $ra                        
/* 0043C 808D425C 00000000 */  nop


glabel func_808D4260
/* 00440 808D4260 27BDFFE8 */  addiu   $sp, $sp, 0xFFE8           ## $sp = FFFFFFE8
/* 00444 808D4264 AFBF0014 */  sw      $ra, 0x0014($sp)           
/* 00448 808D4268 00803025 */  or      $a2, $a0, $zero            ## $a2 = 00000000
/* 0044C 808D426C 84CE001C */  lh      $t6, 0x001C($a2)           ## 0000001C
/* 00450 808D4270 29C10005 */  slti    $at, $t6, 0x0005           
/* 00454 808D4274 54200021 */  bnel    $at, $zero, .L808D42FC     
/* 00458 808D4278 8FBF0014 */  lw      $ra, 0x0014($sp)           
/* 0045C 808D427C 8CC20188 */  lw      $v0, 0x0188($a2)           ## 00000188
/* 00460 808D4280 3C0F808D */  lui     $t7, %hi(func_808D4660)    ## $t7 = 808D0000
/* 00464 808D4284 25EF4660 */  addiu   $t7, $t7, %lo(func_808D4660) ## $t7 = 808D4660
/* 00468 808D4288 11E2001B */  beq     $t7, $v0, .L808D42F8       
/* 0046C 808D428C 3C18808D */  lui     $t8, %hi(func_808D4868)    ## $t8 = 808D0000
/* 00470 808D4290 27184868 */  addiu   $t8, $t8, %lo(func_808D4868) ## $t8 = 808D4868
/* 00474 808D4294 13020018 */  beq     $t8, $v0, .L808D42F8       
/* 00478 808D4298 3C19808D */  lui     $t9, %hi(func_808D4B20)    ## $t9 = 808D0000
/* 0047C 808D429C 27394B20 */  addiu   $t9, $t9, %lo(func_808D4B20) ## $t9 = 808D4B20
/* 00480 808D42A0 13220015 */  beq     $t9, $v0, .L808D42F8       
/* 00484 808D42A4 3C08808D */  lui     $t0, %hi(func_808D65BC)    ## $t0 = 808D0000
/* 00488 808D42A8 250865BC */  addiu   $t0, $t0, %lo(func_808D65BC) ## $t0 = 808D65BC
/* 0048C 808D42AC 11020012 */  beq     $t0, $v0, .L808D42F8       
/* 00490 808D42B0 3C09808D */  lui     $t1, %hi(func_808D58CC)    ## $t1 = 808D0000
/* 00494 808D42B4 252958CC */  addiu   $t1, $t1, %lo(func_808D58CC) ## $t1 = 808D58CC
/* 00498 808D42B8 1122000F */  beq     $t1, $v0, .L808D42F8       
/* 0049C 808D42BC 3C0A808D */  lui     $t2, %hi(func_808D6200)    ## $t2 = 808D0000
/* 004A0 808D42C0 254A6200 */  addiu   $t2, $t2, %lo(func_808D6200) ## $t2 = 808D6200
/* 004A4 808D42C4 1142000C */  beq     $t2, $v0, .L808D42F8       
/* 004A8 808D42C8 3C0B808D */  lui     $t3, %hi(func_808D6388)    ## $t3 = 808D0000
/* 004AC 808D42CC 256B6388 */  addiu   $t3, $t3, %lo(func_808D6388) ## $t3 = 808D6388
/* 004B0 808D42D0 11620009 */  beq     $t3, $v0, .L808D42F8       
/* 004B4 808D42D4 00A02025 */  or      $a0, $a1, $zero            ## $a0 = 00000000
/* 004B8 808D42D8 0C23507F */  jal     func_808D41FC              
/* 004BC 808D42DC AFA60018 */  sw      $a2, 0x0018($sp)           
/* 004C0 808D42E0 14400005 */  bne     $v0, $zero, .L808D42F8     
/* 004C4 808D42E4 8FA60018 */  lw      $a2, 0x0018($sp)           
/* 004C8 808D42E8 8CD9018C */  lw      $t9, 0x018C($a2)           ## 0000018C
/* 004CC 808D42EC 00C02025 */  or      $a0, $a2, $zero            ## $a0 = 00000000
/* 004D0 808D42F0 0320F809 */  jalr    $ra, $t9                   
/* 004D4 808D42F4 00000000 */  nop
.L808D42F8:
/* 004D8 808D42F8 8FBF0014 */  lw      $ra, 0x0014($sp)           
.L808D42FC:
/* 004DC 808D42FC 27BD0018 */  addiu   $sp, $sp, 0x0018           ## $sp = 00000000
/* 004E0 808D4300 03E00008 */  jr      $ra                        
/* 004E4 808D4304 00000000 */  nop


glabel func_808D4308
/* 004E8 808D4308 27BDFFE0 */  addiu   $sp, $sp, 0xFFE0           ## $sp = FFFFFFE0
/* 004EC 808D430C AFB00018 */  sw      $s0, 0x0018($sp)           
/* 004F0 808D4310 00808025 */  or      $s0, $a0, $zero            ## $s0 = 00000000
/* 004F4 808D4314 AFBF001C */  sw      $ra, 0x001C($sp)           
/* 004F8 808D4318 860E001C */  lh      $t6, 0x001C($s0)           ## 0000001C
/* 004FC 808D431C 24010002 */  addiu   $at, $zero, 0x0002         ## $at = 00000002
/* 00500 808D4320 26040144 */  addiu   $a0, $s0, 0x0144           ## $a0 = 00000144
/* 00504 808D4324 11C10008 */  beq     $t6, $at, .L808D4348       
/* 00508 808D4328 3C050601 */  lui     $a1, 0x0601                ## $a1 = 06010000
/* 0050C 808D432C 3C050601 */  lui     $a1, 0x0601                ## $a1 = 06010000
/* 00510 808D4330 24A5ABE0 */  addiu   $a1, $a1, 0xABE0           ## $a1 = 0600ABE0
/* 00514 808D4334 26040144 */  addiu   $a0, $s0, 0x0144           ## $a0 = 00000144
/* 00518 808D4338 0C04DD65 */  jal     func_80137594              
/* 0051C 808D433C 3C06C0C0 */  lui     $a2, 0xC0C0                ## $a2 = C0C00000
/* 00520 808D4340 10000003 */  beq     $zero, $zero, .L808D4350   
/* 00524 808D4344 00000000 */  nop
.L808D4348:
/* 00528 808D4348 0C04DD50 */  jal     func_80137540              
/* 0052C 808D434C 24A581A8 */  addiu   $a1, $a1, 0x81A8           ## $a1 = FFFF81A8
.L808D4350:
/* 00530 808D4350 0C021BF7 */  jal     func_80086FDC              
/* 00534 808D4354 A20003EF */  sb      $zero, 0x03EF($s0)         ## 000003EF
/* 00538 808D4358 3C014120 */  lui     $at, 0x4120                ## $at = 41200000
/* 0053C 808D435C 44812000 */  mtc1    $at, $f4                   ## $f4 = 10.00
/* 00540 808D4360 3C0140A0 */  lui     $at, 0x40A0                ## $at = 40A00000
/* 00544 808D4364 44814000 */  mtc1    $at, $f8                   ## $f8 = 5.00
/* 00548 808D4368 46040182 */  mul.s   $f6, $f0, $f4              
/* 0054C 808D436C 44809000 */  mtc1    $zero, $f18                ## $f18 = 0.00
/* 00550 808D4370 861900BE */  lh      $t9, 0x00BE($s0)           ## 000000BE
/* 00554 808D4374 3C08808D */  lui     $t0, %hi(func_808D43AC)    ## $t0 = 808D0000
/* 00558 808D4378 250843AC */  addiu   $t0, $t0, %lo(func_808D43AC) ## $t0 = 808D43AC
/* 0055C 808D437C AE080188 */  sw      $t0, 0x0188($s0)           ## 00000188
/* 00560 808D4380 E6120070 */  swc1    $f18, 0x0070($s0)          ## 00000070
/* 00564 808D4384 46083280 */  add.s   $f10, $f6, $f8             
/* 00568 808D4388 A6190032 */  sh      $t9, 0x0032($s0)           ## 00000032
/* 0056C 808D438C 4600540D */  trunc.w.s $f16, $f10                 
/* 00570 808D4390 44188000 */  mfc1    $t8, $f16                  
/* 00574 808D4394 00000000 */  nop
/* 00578 808D4398 A61803D6 */  sh      $t8, 0x03D6($s0)           ## 000003D6
/* 0057C 808D439C 8FBF001C */  lw      $ra, 0x001C($sp)           
/* 00580 808D43A0 8FB00018 */  lw      $s0, 0x0018($sp)           
/* 00584 808D43A4 03E00008 */  jr      $ra                        
/* 00588 808D43A8 27BD0020 */  addiu   $sp, $sp, 0x0020           ## $sp = 00000000


glabel func_808D43AC
/* 0058C 808D43AC 27BDFFD0 */  addiu   $sp, $sp, 0xFFD0           ## $sp = FFFFFFD0
/* 00590 808D43B0 AFB00020 */  sw      $s0, 0x0020($sp)           
/* 00594 808D43B4 00808025 */  or      $s0, $a0, $zero            ## $s0 = 00000000
/* 00598 808D43B8 AFBF0024 */  sw      $ra, 0x0024($sp)           
/* 0059C 808D43BC AFA50034 */  sw      $a1, 0x0034($sp)           
/* 005A0 808D43C0 26040144 */  addiu   $a0, $s0, 0x0144           ## $a0 = 00000144
/* 005A4 808D43C4 0C04DB34 */  jal     func_80136CD0              
/* 005A8 808D43C8 AFA4002C */  sw      $a0, 0x002C($sp)           
/* 005AC 808D43CC 260403D8 */  addiu   $a0, $s0, 0x03D8           ## $a0 = 000003D8
/* 005B0 808D43D0 00002825 */  or      $a1, $zero, $zero          ## $a1 = 00000000
/* 005B4 808D43D4 24060001 */  addiu   $a2, $zero, 0x0001         ## $a2 = 00000001
/* 005B8 808D43D8 24070064 */  addiu   $a3, $zero, 0x0064         ## $a3 = 00000064
/* 005BC 808D43DC 0C03FFAF */  jal     func_800FFEBC              
/* 005C0 808D43E0 AFA00010 */  sw      $zero, 0x0010($sp)         
/* 005C4 808D43E4 260403DA */  addiu   $a0, $s0, 0x03DA           ## $a0 = 000003DA
/* 005C8 808D43E8 00002825 */  or      $a1, $zero, $zero          ## $a1 = 00000000
/* 005CC 808D43EC 24060001 */  addiu   $a2, $zero, 0x0001         ## $a2 = 00000001
/* 005D0 808D43F0 24070064 */  addiu   $a3, $zero, 0x0064         ## $a3 = 00000064
/* 005D4 808D43F4 0C03FFAF */  jal     func_800FFEBC              
/* 005D8 808D43F8 AFA00010 */  sw      $zero, 0x0010($sp)         
/* 005DC 808D43FC 860E001C */  lh      $t6, 0x001C($s0)           ## 0000001C
/* 005E0 808D4400 24010002 */  addiu   $at, $zero, 0x0002         ## $at = 00000002
/* 005E4 808D4404 8FA4002C */  lw      $a0, 0x002C($sp)           
/* 005E8 808D4408 55C1001A */  bnel    $t6, $at, .L808D4474       
/* 005EC 808D440C 860F03D6 */  lh      $t7, 0x03D6($s0)           ## 000003D6
/* 005F0 808D4410 0C04DE2E */  jal     func_801378B8              
/* 005F4 808D4414 24050000 */  addiu   $a1, $zero, 0x0000         ## $a1 = 00000000
/* 005F8 808D4418 50400016 */  beql    $v0, $zero, .L808D4474     
/* 005FC 808D441C 860F03D6 */  lh      $t7, 0x03D6($s0)           ## 000003D6
/* 00600 808D4420 0C021BF7 */  jal     func_80086FDC              
/* 00604 808D4424 00000000 */  nop
/* 00608 808D4428 3C013F00 */  lui     $at, 0x3F00                ## $at = 3F000000
/* 0060C 808D442C 44812000 */  mtc1    $at, $f4                   ## $f4 = 0.50
/* 00610 808D4430 8FA4002C */  lw      $a0, 0x002C($sp)           
/* 00614 808D4434 3C050600 */  lui     $a1, 0x0600                ## $a1 = 06000000
/* 00618 808D4438 4600203E */  c.le.s  $f4, $f0                   
/* 0061C 808D443C 00000000 */  nop
/* 00620 808D4440 45000007 */  bc1f    .L808D4460                 
/* 00624 808D4444 00000000 */  nop
/* 00628 808D4448 3C050601 */  lui     $a1, 0x0601                ## $a1 = 06010000
/* 0062C 808D444C 24A581A8 */  addiu   $a1, $a1, 0x81A8           ## $a1 = 060081A8
/* 00630 808D4450 0C04DD50 */  jal     func_80137540              
/* 00634 808D4454 8FA4002C */  lw      $a0, 0x002C($sp)           
/* 00638 808D4458 10000018 */  beq     $zero, $zero, .L808D44BC   
/* 0063C 808D445C 8E0A0120 */  lw      $t2, 0x0120($s0)           ## 00000120
.L808D4460:
/* 00640 808D4460 0C04DD50 */  jal     func_80137540              
/* 00644 808D4464 24A57BBC */  addiu   $a1, $a1, 0x7BBC           ## $a1 = 00007BBC
/* 00648 808D4468 10000014 */  beq     $zero, $zero, .L808D44BC   
/* 0064C 808D446C 8E0A0120 */  lw      $t2, 0x0120($s0)           ## 00000120
/* 00650 808D4470 860F03D6 */  lh      $t7, 0x03D6($s0)           ## 000003D6
.L808D4474:
/* 00654 808D4474 25F8FFFF */  addiu   $t8, $t7, 0xFFFF           ## $t8 = FFFFFFFF
/* 00658 808D4478 A61803D6 */  sh      $t8, 0x03D6($s0)           ## 000003D6
/* 0065C 808D447C 861903D6 */  lh      $t9, 0x03D6($s0)           ## 000003D6
/* 00660 808D4480 5720000E */  bnel    $t9, $zero, .L808D44BC     
/* 00664 808D4484 8E0A0120 */  lw      $t2, 0x0120($s0)           ## 00000120
/* 00668 808D4488 0C021BF7 */  jal     func_80086FDC              
/* 0066C 808D448C 00000000 */  nop
/* 00670 808D4490 3C014120 */  lui     $at, 0x4120                ## $at = 41200000
/* 00674 808D4494 44811000 */  mtc1    $at, $f2                   ## $f2 = 10.00
/* 00678 808D4498 44808000 */  mtc1    $zero, $f16                ## $f16 = 0.00
/* 0067C 808D449C 46020182 */  mul.s   $f6, $f0, $f2              
/* 00680 808D44A0 E610015C */  swc1    $f16, 0x015C($s0)          ## 0000015C
/* 00684 808D44A4 46023200 */  add.s   $f8, $f6, $f2              
/* 00688 808D44A8 4600428D */  trunc.w.s $f10, $f8                  
/* 0068C 808D44AC 44095000 */  mfc1    $t1, $f10                  
/* 00690 808D44B0 00000000 */  nop
/* 00694 808D44B4 A60903D6 */  sh      $t1, 0x03D6($s0)           ## 000003D6
/* 00698 808D44B8 8E0A0120 */  lw      $t2, 0x0120($s0)           ## 00000120
.L808D44BC:
/* 0069C 808D44BC 51400011 */  beql    $t2, $zero, .L808D4504     
/* 006A0 808D44C0 920D03EC */  lbu     $t5, 0x03EC($s0)           ## 000003EC
/* 006A4 808D44C4 920B03EC */  lbu     $t3, 0x03EC($s0)           ## 000003EC
/* 006A8 808D44C8 55600034 */  bnel    $t3, $zero, .L808D459C     
/* 006AC 808D44CC 8FB90034 */  lw      $t9, 0x0034($sp)           
/* 006B0 808D44D0 860C001C */  lh      $t4, 0x001C($s0)           ## 0000001C
/* 006B4 808D44D4 24010002 */  addiu   $at, $zero, 0x0002         ## $at = 00000002
/* 006B8 808D44D8 11810005 */  beq     $t4, $at, .L808D44F0       
/* 006BC 808D44DC 00000000 */  nop
/* 006C0 808D44E0 0C235598 */  jal     func_808D5660              
/* 006C4 808D44E4 02002025 */  or      $a0, $s0, $zero            ## $a0 = 00000000
/* 006C8 808D44E8 1000002C */  beq     $zero, $zero, .L808D459C   
/* 006CC 808D44EC 8FB90034 */  lw      $t9, 0x0034($sp)           
.L808D44F0:
/* 006D0 808D44F0 0C235802 */  jal     func_808D6008              
/* 006D4 808D44F4 02002025 */  or      $a0, $s0, $zero            ## $a0 = 00000000
/* 006D8 808D44F8 10000028 */  beq     $zero, $zero, .L808D459C   
/* 006DC 808D44FC 8FB90034 */  lw      $t9, 0x0034($sp)           
/* 006E0 808D4500 920D03EC */  lbu     $t5, 0x03EC($s0)           ## 000003EC
.L808D4504:
/* 006E4 808D4504 51A0000C */  beql    $t5, $zero, .L808D4538     
/* 006E8 808D4508 3C014316 */  lui     $at, 0x4316                ## $at = 43160000
/* 006EC 808D450C 860E001C */  lh      $t6, 0x001C($s0)           ## 0000001C
/* 006F0 808D4510 24010002 */  addiu   $at, $zero, 0x0002         ## $at = 00000002
/* 006F4 808D4514 11C10005 */  beq     $t6, $at, .L808D452C       
/* 006F8 808D4518 00000000 */  nop
/* 006FC 808D451C 0C235715 */  jal     func_808D5C54              
/* 00700 808D4520 02002025 */  or      $a0, $s0, $zero            ## $a0 = 00000000
/* 00704 808D4524 10000004 */  beq     $zero, $zero, .L808D4538   
/* 00708 808D4528 3C014316 */  lui     $at, 0x4316                ## $at = 43160000
.L808D452C:
/* 0070C 808D452C 0C235802 */  jal     func_808D6008              
/* 00710 808D4530 02002025 */  or      $a0, $s0, $zero            ## $a0 = 00000000
/* 00714 808D4534 3C014316 */  lui     $at, 0x4316                ## $at = 43160000
.L808D4538:
/* 00718 808D4538 44819000 */  mtc1    $at, $f18                  ## $f18 = 150.00
/* 0071C 808D453C C6040098 */  lwc1    $f4, 0x0098($s0)           ## 00000098
/* 00720 808D4540 A20003EC */  sb      $zero, 0x03EC($s0)         ## 000003EC
/* 00724 808D4544 4612203E */  c.le.s  $f4, $f18                  
/* 00728 808D4548 00000000 */  nop
/* 0072C 808D454C 45020013 */  bc1fl   .L808D459C                 
/* 00730 808D4550 8FB90034 */  lw      $t9, 0x0034($sp)           
/* 00734 808D4554 0C02DC57 */  jal     func_800B715C              
/* 00738 808D4558 8FA40034 */  lw      $a0, 0x0034($sp)           
/* 0073C 808D455C 5040000F */  beql    $v0, $zero, .L808D459C     
/* 00740 808D4560 8FB90034 */  lw      $t9, 0x0034($sp)           
/* 00744 808D4564 860F001C */  lh      $t7, 0x001C($s0)           ## 0000001C
/* 00748 808D4568 24010002 */  addiu   $at, $zero, 0x0002         ## $at = 00000002
/* 0074C 808D456C 11E10008 */  beq     $t7, $at, .L808D4590       
/* 00750 808D4570 00000000 */  nop
/* 00754 808D4574 921803EC */  lbu     $t8, 0x03EC($s0)           ## 000003EC
/* 00758 808D4578 17000005 */  bne     $t8, $zero, .L808D4590     
/* 0075C 808D457C 00000000 */  nop
/* 00760 808D4580 0C235715 */  jal     func_808D5C54              
/* 00764 808D4584 02002025 */  or      $a0, $s0, $zero            ## $a0 = 00000000
/* 00768 808D4588 10000004 */  beq     $zero, $zero, .L808D459C   
/* 0076C 808D458C 8FB90034 */  lw      $t9, 0x0034($sp)           
.L808D4590:
/* 00770 808D4590 0C235802 */  jal     func_808D6008              
/* 00774 808D4594 02002025 */  or      $a0, $s0, $zero            ## $a0 = 00000000
/* 00778 808D4598 8FB90034 */  lw      $t9, 0x0034($sp)           
.L808D459C:
/* 0077C 808D459C 3C080002 */  lui     $t0, 0x0002                ## $t0 = 00020000
/* 00780 808D45A0 02002025 */  or      $a0, $s0, $zero            ## $a0 = 00000000
/* 00784 808D45A4 01194021 */  addu    $t0, $t0, $t9              
/* 00788 808D45A8 8D088840 */  lw      $t0, -0x77C0($t0)          ## 00018840
/* 0078C 808D45AC 3109005F */  andi    $t1, $t0, 0x005F           ## $t1 = 00000000
/* 00790 808D45B0 55200004 */  bnel    $t1, $zero, .L808D45C4     
/* 00794 808D45B4 8FBF0024 */  lw      $ra, 0x0024($sp)           
/* 00798 808D45B8 0C02E3B2 */  jal     func_800B8EC8              
/* 0079C 808D45BC 240538E4 */  addiu   $a1, $zero, 0x38E4         ## $a1 = 000038E4
/* 007A0 808D45C0 8FBF0024 */  lw      $ra, 0x0024($sp)           
.L808D45C4:
/* 007A4 808D45C4 8FB00020 */  lw      $s0, 0x0020($sp)           
/* 007A8 808D45C8 27BD0030 */  addiu   $sp, $sp, 0x0030           ## $sp = 00000000
/* 007AC 808D45CC 03E00008 */  jr      $ra                        
/* 007B0 808D45D0 00000000 */  nop


glabel func_808D45D4
/* 007B4 808D45D4 27BDFFE8 */  addiu   $sp, $sp, 0xFFE8           ## $sp = FFFFFFE8
/* 007B8 808D45D8 AFBF0014 */  sw      $ra, 0x0014($sp)           
/* 007BC 808D45DC 00803825 */  or      $a3, $a0, $zero            ## $a3 = 00000000
/* 007C0 808D45E0 3C050601 */  lui     $a1, 0x0601                ## $a1 = 06010000
/* 007C4 808D45E4 24A5216C */  addiu   $a1, $a1, 0x216C           ## $a1 = 0601216C
/* 007C8 808D45E8 24E40144 */  addiu   $a0, $a3, 0x0144           ## $a0 = 00000144
/* 007CC 808D45EC 3C06C0C0 */  lui     $a2, 0xC0C0                ## $a2 = C0C00000
/* 007D0 808D45F0 0C04DD65 */  jal     func_80137594              
/* 007D4 808D45F4 AFA70018 */  sw      $a3, 0x0018($sp)           
/* 007D8 808D45F8 8FA70018 */  lw      $a3, 0x0018($sp)           
/* 007DC 808D45FC 240E000E */  addiu   $t6, $zero, 0x000E         ## $t6 = 0000000E
/* 007E0 808D4600 0C021BF7 */  jal     func_80086FDC              
/* 007E4 808D4604 A0EE03EF */  sb      $t6, 0x03EF($a3)           ## 000003EF
/* 007E8 808D4608 3C014120 */  lui     $at, 0x4120                ## $at = 41200000
/* 007EC 808D460C 44812000 */  mtc1    $at, $f4                   ## $f4 = 10.00
/* 007F0 808D4610 3C0140A0 */  lui     $at, 0x40A0                ## $at = 40A00000
/* 007F4 808D4614 44814000 */  mtc1    $at, $f8                   ## $f8 = 5.00
/* 007F8 808D4618 46040182 */  mul.s   $f6, $f0, $f4              
/* 007FC 808D461C 8FA70018 */  lw      $a3, 0x0018($sp)           
/* 00800 808D4620 44809000 */  mtc1    $zero, $f18                ## $f18 = 0.00
/* 00804 808D4624 3C08808D */  lui     $t0, %hi(func_808D4660)    ## $t0 = 808D0000
/* 00808 808D4628 84F900BE */  lh      $t9, 0x00BE($a3)           ## 000000BE
/* 0080C 808D462C 25084660 */  addiu   $t0, $t0, %lo(func_808D4660) ## $t0 = 808D4660
/* 00810 808D4630 A4E003E4 */  sh      $zero, 0x03E4($a3)         ## 000003E4
/* 00814 808D4634 46083280 */  add.s   $f10, $f6, $f8             
/* 00818 808D4638 ACE80188 */  sw      $t0, 0x0188($a3)           ## 00000188
/* 0081C 808D463C E4F20070 */  swc1    $f18, 0x0070($a3)          ## 00000070
/* 00820 808D4640 A4F90032 */  sh      $t9, 0x0032($a3)           ## 00000032
/* 00824 808D4644 4600540D */  trunc.w.s $f16, $f10                 
/* 00828 808D4648 44188000 */  mfc1    $t8, $f16                  
/* 0082C 808D464C 00000000 */  nop
/* 00830 808D4650 A4F803D6 */  sh      $t8, 0x03D6($a3)           ## 000003D6
/* 00834 808D4654 8FBF0014 */  lw      $ra, 0x0014($sp)           
/* 00838 808D4658 03E00008 */  jr      $ra                        
/* 0083C 808D465C 27BD0018 */  addiu   $sp, $sp, 0x0018           ## $sp = 00000000


glabel func_808D4660
/* 00840 808D4660 27BDFFC8 */  addiu   $sp, $sp, 0xFFC8           ## $sp = FFFFFFC8
/* 00844 808D4664 AFB00028 */  sw      $s0, 0x0028($sp)           
/* 00848 808D4668 00808025 */  or      $s0, $a0, $zero            ## $s0 = 00000000
/* 0084C 808D466C AFBF002C */  sw      $ra, 0x002C($sp)           
/* 00850 808D4670 AFA5003C */  sw      $a1, 0x003C($sp)           
/* 00854 808D4674 26040144 */  addiu   $a0, $s0, 0x0144           ## $a0 = 00000144
/* 00858 808D4678 0C04DB34 */  jal     func_80136CD0              
/* 0085C 808D467C AFA40034 */  sw      $a0, 0x0034($sp)           
/* 00860 808D4680 260403D8 */  addiu   $a0, $s0, 0x03D8           ## $a0 = 000003D8
/* 00864 808D4684 00002825 */  or      $a1, $zero, $zero          ## $a1 = 00000000
/* 00868 808D4688 24060001 */  addiu   $a2, $zero, 0x0001         ## $a2 = 00000001
/* 0086C 808D468C 24070064 */  addiu   $a3, $zero, 0x0064         ## $a3 = 00000064
/* 00870 808D4690 0C03FFAF */  jal     func_800FFEBC              
/* 00874 808D4694 AFA00010 */  sw      $zero, 0x0010($sp)         
/* 00878 808D4698 260403DA */  addiu   $a0, $s0, 0x03DA           ## $a0 = 000003DA
/* 0087C 808D469C 00002825 */  or      $a1, $zero, $zero          ## $a1 = 00000000
/* 00880 808D46A0 24060001 */  addiu   $a2, $zero, 0x0001         ## $a2 = 00000001
/* 00884 808D46A4 24070064 */  addiu   $a3, $zero, 0x0064         ## $a3 = 00000064
/* 00888 808D46A8 0C03FFAF */  jal     func_800FFEBC              
/* 0088C 808D46AC AFA00010 */  sw      $zero, 0x0010($sp)         
/* 00890 808D46B0 920E03EC */  lbu     $t6, 0x03EC($s0)           ## 000003EC
/* 00894 808D46B4 51C00004 */  beql    $t6, $zero, .L808D46C8     
/* 00898 808D46B8 3C014316 */  lui     $at, 0x4316                ## $at = 43160000
/* 0089C 808D46BC 0C235715 */  jal     func_808D5C54              
/* 008A0 808D46C0 02002025 */  or      $a0, $s0, $zero            ## $a0 = 00000000
/* 008A4 808D46C4 3C014316 */  lui     $at, 0x4316                ## $at = 43160000
.L808D46C8:
/* 008A8 808D46C8 44812000 */  mtc1    $at, $f4                   ## $f4 = 150.00
/* 008AC 808D46CC C6060098 */  lwc1    $f6, 0x0098($s0)           ## 00000098
/* 008B0 808D46D0 A20003EC */  sb      $zero, 0x03EC($s0)         ## 000003EC
/* 008B4 808D46D4 4604303E */  c.le.s  $f6, $f4                   
/* 008B8 808D46D8 00000000 */  nop
/* 008BC 808D46DC 45000022 */  bc1f    .L808D4768                 
/* 008C0 808D46E0 00000000 */  nop
/* 008C4 808D46E4 0C23507F */  jal     func_808D41FC              
/* 008C8 808D46E8 8FA4003C */  lw      $a0, 0x003C($sp)           
/* 008CC 808D46EC 1040001E */  beq     $v0, $zero, .L808D4768     
/* 008D0 808D46F0 00000000 */  nop
/* 008D4 808D46F4 0C02DC57 */  jal     func_800B715C              
/* 008D8 808D46F8 8FA4003C */  lw      $a0, 0x003C($sp)           
/* 008DC 808D46FC 1040001A */  beq     $v0, $zero, .L808D4768     
/* 008E0 808D4700 3C050600 */  lui     $a1, 0x0600                ## $a1 = 06000000
/* 008E4 808D4704 860F001C */  lh      $t7, 0x001C($s0)           ## 0000001C
/* 008E8 808D4708 2401FFFE */  addiu   $at, $zero, 0xFFFE         ## $at = FFFFFFFE
/* 008EC 808D470C 44800000 */  mtc1    $zero, $f0                 ## $f0 = 0.00
/* 008F0 808D4710 15E10004 */  bne     $t7, $at, .L808D4724       
/* 008F4 808D4714 24A573A4 */  addiu   $a1, $a1, 0x73A4           ## $a1 = 060073A4
/* 008F8 808D4718 2418002D */  addiu   $t8, $zero, 0x002D         ## $t8 = 0000002D
/* 008FC 808D471C 10000003 */  beq     $zero, $zero, .L808D472C   
/* 00900 808D4720 A218011F */  sb      $t8, 0x011F($s0)           ## 0000011F
.L808D4724:
/* 00904 808D4724 2419002A */  addiu   $t9, $zero, 0x002A         ## $t9 = 0000002A
/* 00908 808D4728 A219011F */  sb      $t9, 0x011F($s0)           ## 0000011F
.L808D472C:
/* 0090C 808D472C 3C014198 */  lui     $at, 0x4198                ## $at = 41980000
/* 00910 808D4730 44814000 */  mtc1    $at, $f8                   ## $f8 = 19.00
/* 00914 808D4734 3C01C120 */  lui     $at, 0xC120                ## $at = C1200000
/* 00918 808D4738 44815000 */  mtc1    $at, $f10                  ## $f10 = -10.00
/* 0091C 808D473C 44060000 */  mfc1    $a2, $f0                   
/* 00920 808D4740 44070000 */  mfc1    $a3, $f0                   
/* 00924 808D4744 24080002 */  addiu   $t0, $zero, 0x0002         ## $t0 = 00000002
/* 00928 808D4748 AFA80014 */  sw      $t0, 0x0014($sp)           
/* 0092C 808D474C 8FA40034 */  lw      $a0, 0x0034($sp)           
/* 00930 808D4750 E7A80010 */  swc1    $f8, 0x0010($sp)           
/* 00934 808D4754 0C04DCFA */  jal     func_801373E8              
/* 00938 808D4758 E7AA0018 */  swc1    $f10, 0x0018($sp)          
/* 0093C 808D475C 3C09808D */  lui     $t1, %hi(func_808D49E4)    ## $t1 = 808D0000
/* 00940 808D4760 252949E4 */  addiu   $t1, $t1, %lo(func_808D49E4) ## $t1 = 808D49E4
/* 00944 808D4764 AE090188 */  sw      $t1, 0x0188($s0)           ## 00000188
.L808D4768:
/* 00948 808D4768 0C23507F */  jal     func_808D41FC              
/* 0094C 808D476C 8FA4003C */  lw      $a0, 0x003C($sp)           
/* 00950 808D4770 5040000C */  beql    $v0, $zero, .L808D47A4     
/* 00954 808D4774 8FAD003C */  lw      $t5, 0x003C($sp)           
/* 00958 808D4778 860A001C */  lh      $t2, 0x001C($s0)           ## 0000001C
/* 0095C 808D477C 2401FFFE */  addiu   $at, $zero, 0xFFFE         ## $at = FFFFFFFE
/* 00960 808D4780 240B002D */  addiu   $t3, $zero, 0x002D         ## $t3 = 0000002D
/* 00964 808D4784 15410003 */  bne     $t2, $at, .L808D4794       
/* 00968 808D4788 240C002A */  addiu   $t4, $zero, 0x002A         ## $t4 = 0000002A
/* 0096C 808D478C 10000002 */  beq     $zero, $zero, .L808D4798   
/* 00970 808D4790 A20B011F */  sb      $t3, 0x011F($s0)           ## 0000011F
.L808D4794:
/* 00974 808D4794 A20C011F */  sb      $t4, 0x011F($s0)           ## 0000011F
.L808D4798:
/* 00978 808D4798 0C2350C2 */  jal     func_808D4308              
/* 0097C 808D479C 02002025 */  or      $a0, $s0, $zero            ## $a0 = 00000000
/* 00980 808D47A0 8FAD003C */  lw      $t5, 0x003C($sp)           
.L808D47A4:
/* 00984 808D47A4 3C0E0002 */  lui     $t6, 0x0002                ## $t6 = 00020000
/* 00988 808D47A8 02002025 */  or      $a0, $s0, $zero            ## $a0 = 00000000
/* 0098C 808D47AC 01CD7021 */  addu    $t6, $t6, $t5              
/* 00990 808D47B0 8DCE8840 */  lw      $t6, -0x77C0($t6)          ## 00018840
/* 00994 808D47B4 31CF005F */  andi    $t7, $t6, 0x005F           ## $t7 = 00000000
/* 00998 808D47B8 55E00004 */  bnel    $t7, $zero, .L808D47CC     
/* 0099C 808D47BC 8FBF002C */  lw      $ra, 0x002C($sp)           
/* 009A0 808D47C0 0C02E3B2 */  jal     func_800B8EC8              
/* 009A4 808D47C4 240538E4 */  addiu   $a1, $zero, 0x38E4         ## $a1 = 000038E4
/* 009A8 808D47C8 8FBF002C */  lw      $ra, 0x002C($sp)           
.L808D47CC:
/* 009AC 808D47CC 8FB00028 */  lw      $s0, 0x0028($sp)           
/* 009B0 808D47D0 27BD0038 */  addiu   $sp, $sp, 0x0038           ## $sp = 00000000
/* 009B4 808D47D4 03E00008 */  jr      $ra                        
/* 009B8 808D47D8 00000000 */  nop


glabel func_808D47DC
/* 009BC 808D47DC 27BDFFE8 */  addiu   $sp, $sp, 0xFFE8           ## $sp = FFFFFFE8
/* 009C0 808D47E0 AFBF0014 */  sw      $ra, 0x0014($sp)           
/* 009C4 808D47E4 00803825 */  or      $a3, $a0, $zero            ## $a3 = 00000000
/* 009C8 808D47E8 3C050601 */  lui     $a1, 0x0601                ## $a1 = 06010000
/* 009CC 808D47EC 24A51DB8 */  addiu   $a1, $a1, 0x1DB8           ## $a1 = 06011DB8
/* 009D0 808D47F0 24E40144 */  addiu   $a0, $a3, 0x0144           ## $a0 = 00000144
/* 009D4 808D47F4 3C06C0C0 */  lui     $a2, 0xC0C0                ## $a2 = C0C00000
/* 009D8 808D47F8 0C04DD65 */  jal     func_80137594              
/* 009DC 808D47FC AFA70018 */  sw      $a3, 0x0018($sp)           
/* 009E0 808D4800 8FA70018 */  lw      $a3, 0x0018($sp)           
/* 009E4 808D4804 240E000F */  addiu   $t6, $zero, 0x000F         ## $t6 = 0000000F
/* 009E8 808D4808 0C021BF7 */  jal     func_80086FDC              
/* 009EC 808D480C A0EE03EF */  sb      $t6, 0x03EF($a3)           ## 000003EF
/* 009F0 808D4810 3C014120 */  lui     $at, 0x4120                ## $at = 41200000
/* 009F4 808D4814 44812000 */  mtc1    $at, $f4                   ## $f4 = 10.00
/* 009F8 808D4818 3C0140A0 */  lui     $at, 0x40A0                ## $at = 40A00000
/* 009FC 808D481C 44814000 */  mtc1    $at, $f8                   ## $f8 = 5.00
/* 00A00 808D4820 46040182 */  mul.s   $f6, $f0, $f4              
/* 00A04 808D4824 8FA70018 */  lw      $a3, 0x0018($sp)           
/* 00A08 808D4828 44809000 */  mtc1    $zero, $f18                ## $f18 = 0.00
/* 00A0C 808D482C 3C08808D */  lui     $t0, %hi(func_808D4868)    ## $t0 = 808D0000
/* 00A10 808D4830 84F900BE */  lh      $t9, 0x00BE($a3)           ## 000000BE
/* 00A14 808D4834 25084868 */  addiu   $t0, $t0, %lo(func_808D4868) ## $t0 = 808D4868
/* 00A18 808D4838 A4E003E4 */  sh      $zero, 0x03E4($a3)         ## 000003E4
/* 00A1C 808D483C 46083280 */  add.s   $f10, $f6, $f8             
/* 00A20 808D4840 ACE80188 */  sw      $t0, 0x0188($a3)           ## 00000188
/* 00A24 808D4844 E4F20070 */  swc1    $f18, 0x0070($a3)          ## 00000070
/* 00A28 808D4848 A4F90032 */  sh      $t9, 0x0032($a3)           ## 00000032
/* 00A2C 808D484C 4600540D */  trunc.w.s $f16, $f10                 
/* 00A30 808D4850 44188000 */  mfc1    $t8, $f16                  
/* 00A34 808D4854 00000000 */  nop
/* 00A38 808D4858 A4F803D6 */  sh      $t8, 0x03D6($a3)           ## 000003D6
/* 00A3C 808D485C 8FBF0014 */  lw      $ra, 0x0014($sp)           
/* 00A40 808D4860 03E00008 */  jr      $ra                        
/* 00A44 808D4864 27BD0018 */  addiu   $sp, $sp, 0x0018           ## $sp = 00000000


glabel func_808D4868
/* 00A48 808D4868 27BDFFC8 */  addiu   $sp, $sp, 0xFFC8           ## $sp = FFFFFFC8
/* 00A4C 808D486C AFB00028 */  sw      $s0, 0x0028($sp)           
/* 00A50 808D4870 00808025 */  or      $s0, $a0, $zero            ## $s0 = 00000000
/* 00A54 808D4874 AFBF002C */  sw      $ra, 0x002C($sp)           
/* 00A58 808D4878 AFA5003C */  sw      $a1, 0x003C($sp)           
/* 00A5C 808D487C 26040144 */  addiu   $a0, $s0, 0x0144           ## $a0 = 00000144
/* 00A60 808D4880 0C04DB34 */  jal     func_80136CD0              
/* 00A64 808D4884 AFA40034 */  sw      $a0, 0x0034($sp)           
/* 00A68 808D4888 260403D8 */  addiu   $a0, $s0, 0x03D8           ## $a0 = 000003D8
/* 00A6C 808D488C 00002825 */  or      $a1, $zero, $zero          ## $a1 = 00000000
/* 00A70 808D4890 24060001 */  addiu   $a2, $zero, 0x0001         ## $a2 = 00000001
/* 00A74 808D4894 24070064 */  addiu   $a3, $zero, 0x0064         ## $a3 = 00000064
/* 00A78 808D4898 0C03FFAF */  jal     func_800FFEBC              
/* 00A7C 808D489C AFA00010 */  sw      $zero, 0x0010($sp)         
/* 00A80 808D48A0 260403DA */  addiu   $a0, $s0, 0x03DA           ## $a0 = 000003DA
/* 00A84 808D48A4 00002825 */  or      $a1, $zero, $zero          ## $a1 = 00000000
/* 00A88 808D48A8 24060001 */  addiu   $a2, $zero, 0x0001         ## $a2 = 00000001
/* 00A8C 808D48AC 24070064 */  addiu   $a3, $zero, 0x0064         ## $a3 = 00000064
/* 00A90 808D48B0 0C03FFAF */  jal     func_800FFEBC              
/* 00A94 808D48B4 AFA00010 */  sw      $zero, 0x0010($sp)         
/* 00A98 808D48B8 920E03EC */  lbu     $t6, 0x03EC($s0)           ## 000003EC
/* 00A9C 808D48BC 51C00004 */  beql    $t6, $zero, .L808D48D0     
/* 00AA0 808D48C0 3C014316 */  lui     $at, 0x4316                ## $at = 43160000
/* 00AA4 808D48C4 0C235715 */  jal     func_808D5C54              
/* 00AA8 808D48C8 02002025 */  or      $a0, $s0, $zero            ## $a0 = 00000000
/* 00AAC 808D48CC 3C014316 */  lui     $at, 0x4316                ## $at = 43160000
.L808D48D0:
/* 00AB0 808D48D0 44812000 */  mtc1    $at, $f4                   ## $f4 = 150.00
/* 00AB4 808D48D4 C6060098 */  lwc1    $f6, 0x0098($s0)           ## 00000098
/* 00AB8 808D48D8 A20003EC */  sb      $zero, 0x03EC($s0)         ## 000003EC
/* 00ABC 808D48DC 4604303E */  c.le.s  $f6, $f4                   
/* 00AC0 808D48E0 00000000 */  nop
/* 00AC4 808D48E4 45000022 */  bc1f    .L808D4970                 
/* 00AC8 808D48E8 00000000 */  nop
/* 00ACC 808D48EC 0C23507F */  jal     func_808D41FC              
/* 00AD0 808D48F0 8FA4003C */  lw      $a0, 0x003C($sp)           
/* 00AD4 808D48F4 1040001E */  beq     $v0, $zero, .L808D4970     
/* 00AD8 808D48F8 00000000 */  nop
/* 00ADC 808D48FC 0C02DC57 */  jal     func_800B715C              
/* 00AE0 808D4900 8FA4003C */  lw      $a0, 0x003C($sp)           
/* 00AE4 808D4904 1040001A */  beq     $v0, $zero, .L808D4970     
/* 00AE8 808D4908 3C050600 */  lui     $a1, 0x0600                ## $a1 = 06000000
/* 00AEC 808D490C 860F001C */  lh      $t7, 0x001C($s0)           ## 0000001C
/* 00AF0 808D4910 2401FFFE */  addiu   $at, $zero, 0xFFFE         ## $at = FFFFFFFE
/* 00AF4 808D4914 44800000 */  mtc1    $zero, $f0                 ## $f0 = 0.00
/* 00AF8 808D4918 15E10004 */  bne     $t7, $at, .L808D492C       
/* 00AFC 808D491C 24A573A4 */  addiu   $a1, $a1, 0x73A4           ## $a1 = 060073A4
/* 00B00 808D4920 2418002D */  addiu   $t8, $zero, 0x002D         ## $t8 = 0000002D
/* 00B04 808D4924 10000003 */  beq     $zero, $zero, .L808D4934   
/* 00B08 808D4928 A218011F */  sb      $t8, 0x011F($s0)           ## 0000011F
.L808D492C:
/* 00B0C 808D492C 2419002A */  addiu   $t9, $zero, 0x002A         ## $t9 = 0000002A
/* 00B10 808D4930 A219011F */  sb      $t9, 0x011F($s0)           ## 0000011F
.L808D4934:
/* 00B14 808D4934 3C014198 */  lui     $at, 0x4198                ## $at = 41980000
/* 00B18 808D4938 44814000 */  mtc1    $at, $f8                   ## $f8 = 19.00
/* 00B1C 808D493C 3C01C120 */  lui     $at, 0xC120                ## $at = C1200000
/* 00B20 808D4940 44815000 */  mtc1    $at, $f10                  ## $f10 = -10.00
/* 00B24 808D4944 44060000 */  mfc1    $a2, $f0                   
/* 00B28 808D4948 44070000 */  mfc1    $a3, $f0                   
/* 00B2C 808D494C 24080002 */  addiu   $t0, $zero, 0x0002         ## $t0 = 00000002
/* 00B30 808D4950 AFA80014 */  sw      $t0, 0x0014($sp)           
/* 00B34 808D4954 8FA40034 */  lw      $a0, 0x0034($sp)           
/* 00B38 808D4958 E7A80010 */  swc1    $f8, 0x0010($sp)           
/* 00B3C 808D495C 0C04DCFA */  jal     func_801373E8              
/* 00B40 808D4960 E7AA0018 */  swc1    $f10, 0x0018($sp)          
/* 00B44 808D4964 3C09808D */  lui     $t1, %hi(func_808D49E4)    ## $t1 = 808D0000
/* 00B48 808D4968 252949E4 */  addiu   $t1, $t1, %lo(func_808D49E4) ## $t1 = 808D49E4
/* 00B4C 808D496C AE090188 */  sw      $t1, 0x0188($s0)           ## 00000188
.L808D4970:
/* 00B50 808D4970 0C23507F */  jal     func_808D41FC              
/* 00B54 808D4974 8FA4003C */  lw      $a0, 0x003C($sp)           
/* 00B58 808D4978 5040000C */  beql    $v0, $zero, .L808D49AC     
/* 00B5C 808D497C 8FAD003C */  lw      $t5, 0x003C($sp)           
/* 00B60 808D4980 860A001C */  lh      $t2, 0x001C($s0)           ## 0000001C
/* 00B64 808D4984 2401FFFE */  addiu   $at, $zero, 0xFFFE         ## $at = FFFFFFFE
/* 00B68 808D4988 240B002D */  addiu   $t3, $zero, 0x002D         ## $t3 = 0000002D
/* 00B6C 808D498C 15410003 */  bne     $t2, $at, .L808D499C       
/* 00B70 808D4990 240C002A */  addiu   $t4, $zero, 0x002A         ## $t4 = 0000002A
/* 00B74 808D4994 10000002 */  beq     $zero, $zero, .L808D49A0   
/* 00B78 808D4998 A20B011F */  sb      $t3, 0x011F($s0)           ## 0000011F
.L808D499C:
/* 00B7C 808D499C A20C011F */  sb      $t4, 0x011F($s0)           ## 0000011F
.L808D49A0:
/* 00B80 808D49A0 0C2350C2 */  jal     func_808D4308              
/* 00B84 808D49A4 02002025 */  or      $a0, $s0, $zero            ## $a0 = 00000000
/* 00B88 808D49A8 8FAD003C */  lw      $t5, 0x003C($sp)           
.L808D49AC:
/* 00B8C 808D49AC 3C0E0002 */  lui     $t6, 0x0002                ## $t6 = 00020000
/* 00B90 808D49B0 02002025 */  or      $a0, $s0, $zero            ## $a0 = 00000000
/* 00B94 808D49B4 01CD7021 */  addu    $t6, $t6, $t5              
/* 00B98 808D49B8 8DCE8840 */  lw      $t6, -0x77C0($t6)          ## 00018840
/* 00B9C 808D49BC 31CF005F */  andi    $t7, $t6, 0x005F           ## $t7 = 00000000
/* 00BA0 808D49C0 55E00004 */  bnel    $t7, $zero, .L808D49D4     
/* 00BA4 808D49C4 8FBF002C */  lw      $ra, 0x002C($sp)           
/* 00BA8 808D49C8 0C02E3B2 */  jal     func_800B8EC8              
/* 00BAC 808D49CC 240538E4 */  addiu   $a1, $zero, 0x38E4         ## $a1 = 000038E4
/* 00BB0 808D49D0 8FBF002C */  lw      $ra, 0x002C($sp)           
.L808D49D4:
/* 00BB4 808D49D4 8FB00028 */  lw      $s0, 0x0028($sp)           
/* 00BB8 808D49D8 27BD0038 */  addiu   $sp, $sp, 0x0038           ## $sp = 00000000
/* 00BBC 808D49DC 03E00008 */  jr      $ra                        
/* 00BC0 808D49E0 00000000 */  nop


glabel func_808D49E4
/* 00BC4 808D49E4 27BDFFE0 */  addiu   $sp, $sp, 0xFFE0           ## $sp = FFFFFFE0
/* 00BC8 808D49E8 AFB00018 */  sw      $s0, 0x0018($sp)           
/* 00BCC 808D49EC 00808025 */  or      $s0, $a0, $zero            ## $s0 = 00000000
/* 00BD0 808D49F0 AFBF001C */  sw      $ra, 0x001C($sp)           
/* 00BD4 808D49F4 AFA50024 */  sw      $a1, 0x0024($sp)           
/* 00BD8 808D49F8 0C04DB34 */  jal     func_80136CD0              
/* 00BDC 808D49FC 26040144 */  addiu   $a0, $s0, 0x0144           ## $a0 = 00000144
/* 00BE0 808D4A00 8FAE0024 */  lw      $t6, 0x0024($sp)           
/* 00BE4 808D4A04 3C0F0002 */  lui     $t7, 0x0002                ## $t7 = 00020000
/* 00BE8 808D4A08 02002025 */  or      $a0, $s0, $zero            ## $a0 = 00000000
/* 00BEC 808D4A0C 01EE7821 */  addu    $t7, $t7, $t6              
/* 00BF0 808D4A10 8DEF8840 */  lw      $t7, -0x77C0($t7)          ## 00018840
/* 00BF4 808D4A14 31F8005F */  andi    $t8, $t7, 0x005F           ## $t8 = 00000000
/* 00BF8 808D4A18 57000004 */  bnel    $t8, $zero, .L808D4A2C     
/* 00BFC 808D4A1C 861903E4 */  lh      $t9, 0x03E4($s0)           ## 000003E4
/* 00C00 808D4A20 0C02E3B2 */  jal     func_800B8EC8              
/* 00C04 808D4A24 240538E4 */  addiu   $a1, $zero, 0x38E4         ## $a1 = 000038E4
/* 00C08 808D4A28 861903E4 */  lh      $t9, 0x03E4($s0)           ## 000003E4
.L808D4A2C:
/* 00C0C 808D4A2C 27280001 */  addiu   $t0, $t9, 0x0001           ## $t0 = 00000001
/* 00C10 808D4A30 A60803E4 */  sh      $t0, 0x03E4($s0)           ## 000003E4
/* 00C14 808D4A34 860903E4 */  lh      $t1, 0x03E4($s0)           ## 000003E4
/* 00C18 808D4A38 2921000B */  slti    $at, $t1, 0x000B           
/* 00C1C 808D4A3C 54200010 */  bnel    $at, $zero, .L808D4A80     
/* 00C20 808D4A40 8FBF001C */  lw      $ra, 0x001C($sp)           
/* 00C24 808D4A44 860A001C */  lh      $t2, 0x001C($s0)           ## 0000001C
/* 00C28 808D4A48 24010002 */  addiu   $at, $zero, 0x0002         ## $at = 00000002
/* 00C2C 808D4A4C 11410008 */  beq     $t2, $at, .L808D4A70       
/* 00C30 808D4A50 00000000 */  nop
/* 00C34 808D4A54 920B03EC */  lbu     $t3, 0x03EC($s0)           ## 000003EC
/* 00C38 808D4A58 15600005 */  bne     $t3, $zero, .L808D4A70     
/* 00C3C 808D4A5C 00000000 */  nop
/* 00C40 808D4A60 0C235715 */  jal     func_808D5C54              
/* 00C44 808D4A64 02002025 */  or      $a0, $s0, $zero            ## $a0 = 00000000
/* 00C48 808D4A68 10000004 */  beq     $zero, $zero, .L808D4A7C   
/* 00C4C 808D4A6C A60003E4 */  sh      $zero, 0x03E4($s0)         ## 000003E4
.L808D4A70:
/* 00C50 808D4A70 0C235802 */  jal     func_808D6008              
/* 00C54 808D4A74 02002025 */  or      $a0, $s0, $zero            ## $a0 = 00000000
/* 00C58 808D4A78 A60003E4 */  sh      $zero, 0x03E4($s0)         ## 000003E4
.L808D4A7C:
/* 00C5C 808D4A7C 8FBF001C */  lw      $ra, 0x001C($sp)           
.L808D4A80:
/* 00C60 808D4A80 8FB00018 */  lw      $s0, 0x0018($sp)           
/* 00C64 808D4A84 27BD0020 */  addiu   $sp, $sp, 0x0020           ## $sp = 00000000
/* 00C68 808D4A88 03E00008 */  jr      $ra                        
/* 00C6C 808D4A8C 00000000 */  nop


glabel func_808D4A90
/* 00C70 808D4A90 27BDFFE8 */  addiu   $sp, $sp, 0xFFE8           ## $sp = FFFFFFE8
/* 00C74 808D4A94 AFBF0014 */  sw      $ra, 0x0014($sp)           
/* 00C78 808D4A98 00803825 */  or      $a3, $a0, $zero            ## $a3 = 00000000
/* 00C7C 808D4A9C 3C050601 */  lui     $a1, 0x0601                ## $a1 = 06010000
/* 00C80 808D4AA0 24A518D8 */  addiu   $a1, $a1, 0x18D8           ## $a1 = 060118D8
/* 00C84 808D4AA4 24E40144 */  addiu   $a0, $a3, 0x0144           ## $a0 = 00000144
/* 00C88 808D4AA8 3C06C0C0 */  lui     $a2, 0xC0C0                ## $a2 = C0C00000
/* 00C8C 808D4AAC 0C04DD65 */  jal     func_80137594              
/* 00C90 808D4AB0 AFA70018 */  sw      $a3, 0x0018($sp)           
/* 00C94 808D4AB4 8FA70018 */  lw      $a3, 0x0018($sp)           
/* 00C98 808D4AB8 240E0010 */  addiu   $t6, $zero, 0x0010         ## $t6 = 00000010
/* 00C9C 808D4ABC 0C021BF7 */  jal     func_80086FDC              
/* 00CA0 808D4AC0 A0EE03EF */  sb      $t6, 0x03EF($a3)           ## 000003EF
/* 00CA4 808D4AC4 3C014120 */  lui     $at, 0x4120                ## $at = 41200000
/* 00CA8 808D4AC8 44812000 */  mtc1    $at, $f4                   ## $f4 = 10.00
/* 00CAC 808D4ACC 3C0140A0 */  lui     $at, 0x40A0                ## $at = 40A00000
/* 00CB0 808D4AD0 44814000 */  mtc1    $at, $f8                   ## $f8 = 5.00
/* 00CB4 808D4AD4 46040182 */  mul.s   $f6, $f0, $f4              
/* 00CB8 808D4AD8 8FA70018 */  lw      $a3, 0x0018($sp)           
/* 00CBC 808D4ADC 44809000 */  mtc1    $zero, $f18                ## $f18 = 0.00
/* 00CC0 808D4AE0 3C09808D */  lui     $t1, %hi(func_808D4B20)    ## $t1 = 808D0000
/* 00CC4 808D4AE4 84E800BE */  lh      $t0, 0x00BE($a3)           ## 000000BE
/* 00CC8 808D4AE8 24191112 */  addiu   $t9, $zero, 0x1112         ## $t9 = 00001112
/* 00CCC 808D4AEC 25294B20 */  addiu   $t1, $t1, %lo(func_808D4B20) ## $t1 = 808D4B20
/* 00CD0 808D4AF0 46083280 */  add.s   $f10, $f6, $f8             
/* 00CD4 808D4AF4 A4F903E4 */  sh      $t9, 0x03E4($a3)           ## 000003E4
/* 00CD8 808D4AF8 ACE90188 */  sw      $t1, 0x0188($a3)           ## 00000188
/* 00CDC 808D4AFC E4F20070 */  swc1    $f18, 0x0070($a3)          ## 00000070
/* 00CE0 808D4B00 4600540D */  trunc.w.s $f16, $f10                 
/* 00CE4 808D4B04 A4E80032 */  sh      $t0, 0x0032($a3)           ## 00000032
/* 00CE8 808D4B08 44188000 */  mfc1    $t8, $f16                  
/* 00CEC 808D4B0C 00000000 */  nop
/* 00CF0 808D4B10 A4F803D6 */  sh      $t8, 0x03D6($a3)           ## 000003D6
/* 00CF4 808D4B14 8FBF0014 */  lw      $ra, 0x0014($sp)           
/* 00CF8 808D4B18 03E00008 */  jr      $ra                        
/* 00CFC 808D4B1C 27BD0018 */  addiu   $sp, $sp, 0x0018           ## $sp = 00000000


glabel func_808D4B20
/* 00D00 808D4B20 27BDFFD0 */  addiu   $sp, $sp, 0xFFD0           ## $sp = FFFFFFD0
/* 00D04 808D4B24 AFB00020 */  sw      $s0, 0x0020($sp)           
/* 00D08 808D4B28 00808025 */  or      $s0, $a0, $zero            ## $s0 = 00000000
/* 00D0C 808D4B2C AFBF0024 */  sw      $ra, 0x0024($sp)           
/* 00D10 808D4B30 AFA50034 */  sw      $a1, 0x0034($sp)           
/* 00D14 808D4B34 26040144 */  addiu   $a0, $s0, 0x0144           ## $a0 = 00000144
/* 00D18 808D4B38 0C04DB34 */  jal     func_80136CD0              
/* 00D1C 808D4B3C AFA4002C */  sw      $a0, 0x002C($sp)           
/* 00D20 808D4B40 260403D8 */  addiu   $a0, $s0, 0x03D8           ## $a0 = 000003D8
/* 00D24 808D4B44 00002825 */  or      $a1, $zero, $zero          ## $a1 = 00000000
/* 00D28 808D4B48 24060001 */  addiu   $a2, $zero, 0x0001         ## $a2 = 00000001
/* 00D2C 808D4B4C 24070064 */  addiu   $a3, $zero, 0x0064         ## $a3 = 00000064
/* 00D30 808D4B50 0C03FFAF */  jal     func_800FFEBC              
/* 00D34 808D4B54 AFA00010 */  sw      $zero, 0x0010($sp)         
/* 00D38 808D4B58 260403DA */  addiu   $a0, $s0, 0x03DA           ## $a0 = 000003DA
/* 00D3C 808D4B5C 00002825 */  or      $a1, $zero, $zero          ## $a1 = 00000000
/* 00D40 808D4B60 24060001 */  addiu   $a2, $zero, 0x0001         ## $a2 = 00000001
/* 00D44 808D4B64 24070064 */  addiu   $a3, $zero, 0x0064         ## $a3 = 00000064
/* 00D48 808D4B68 0C03FFAF */  jal     func_800FFEBC              
/* 00D4C 808D4B6C AFA00010 */  sw      $zero, 0x0010($sp)         
/* 00D50 808D4B70 920E03EC */  lbu     $t6, 0x03EC($s0)           ## 000003EC
/* 00D54 808D4B74 51C00004 */  beql    $t6, $zero, .L808D4B88     
/* 00D58 808D4B78 3C014316 */  lui     $at, 0x4316                ## $at = 43160000
/* 00D5C 808D4B7C 0C235715 */  jal     func_808D5C54              
/* 00D60 808D4B80 02002025 */  or      $a0, $s0, $zero            ## $a0 = 00000000
/* 00D64 808D4B84 3C014316 */  lui     $at, 0x4316                ## $at = 43160000
.L808D4B88:
/* 00D68 808D4B88 44812000 */  mtc1    $at, $f4                   ## $f4 = 150.00
/* 00D6C 808D4B8C C6060098 */  lwc1    $f6, 0x0098($s0)           ## 00000098
/* 00D70 808D4B90 A20003EC */  sb      $zero, 0x03EC($s0)         ## 000003EC
/* 00D74 808D4B94 4604303E */  c.le.s  $f6, $f4                   
/* 00D78 808D4B98 00000000 */  nop
/* 00D7C 808D4B9C 45000013 */  bc1f    .L808D4BEC                 
/* 00D80 808D4BA0 00000000 */  nop
/* 00D84 808D4BA4 0C23507F */  jal     func_808D41FC              
/* 00D88 808D4BA8 8FA40034 */  lw      $a0, 0x0034($sp)           
/* 00D8C 808D4BAC 1040000F */  beq     $v0, $zero, .L808D4BEC     
/* 00D90 808D4BB0 00000000 */  nop
/* 00D94 808D4BB4 0C02DC57 */  jal     func_800B715C              
/* 00D98 808D4BB8 8FA40034 */  lw      $a0, 0x0034($sp)           
/* 00D9C 808D4BBC 1040000B */  beq     $v0, $zero, .L808D4BEC     
/* 00DA0 808D4BC0 3C08808D */  lui     $t0, %hi(func_808D4CA8)    ## $t0 = 808D0000
/* 00DA4 808D4BC4 860F001C */  lh      $t7, 0x001C($s0)           ## 0000001C
/* 00DA8 808D4BC8 2401FFFE */  addiu   $at, $zero, 0xFFFE         ## $at = FFFFFFFE
/* 00DAC 808D4BCC 2419002A */  addiu   $t9, $zero, 0x002A         ## $t9 = 0000002A
/* 00DB0 808D4BD0 15E10004 */  bne     $t7, $at, .L808D4BE4       
/* 00DB4 808D4BD4 25084CA8 */  addiu   $t0, $t0, %lo(func_808D4CA8) ## $t0 = 808D4CA8
/* 00DB8 808D4BD8 2418002D */  addiu   $t8, $zero, 0x002D         ## $t8 = 0000002D
/* 00DBC 808D4BDC 10000002 */  beq     $zero, $zero, .L808D4BE8   
/* 00DC0 808D4BE0 A218011F */  sb      $t8, 0x011F($s0)           ## 0000011F
.L808D4BE4:
/* 00DC4 808D4BE4 A219011F */  sb      $t9, 0x011F($s0)           ## 0000011F
.L808D4BE8:
/* 00DC8 808D4BE8 AE080188 */  sw      $t0, 0x0188($s0)           ## 00000188
.L808D4BEC:
/* 00DCC 808D4BEC 0C23507F */  jal     func_808D41FC              
/* 00DD0 808D4BF0 8FA40034 */  lw      $a0, 0x0034($sp)           
/* 00DD4 808D4BF4 5040000C */  beql    $v0, $zero, .L808D4C28     
/* 00DD8 808D4BF8 8FAC0034 */  lw      $t4, 0x0034($sp)           
/* 00DDC 808D4BFC 8609001C */  lh      $t1, 0x001C($s0)           ## 0000001C
/* 00DE0 808D4C00 2401FFFE */  addiu   $at, $zero, 0xFFFE         ## $at = FFFFFFFE
/* 00DE4 808D4C04 240A002D */  addiu   $t2, $zero, 0x002D         ## $t2 = 0000002D
/* 00DE8 808D4C08 15210003 */  bne     $t1, $at, .L808D4C18       
/* 00DEC 808D4C0C 240B002A */  addiu   $t3, $zero, 0x002A         ## $t3 = 0000002A
/* 00DF0 808D4C10 10000002 */  beq     $zero, $zero, .L808D4C1C   
/* 00DF4 808D4C14 A20A011F */  sb      $t2, 0x011F($s0)           ## 0000011F
.L808D4C18:
/* 00DF8 808D4C18 A20B011F */  sb      $t3, 0x011F($s0)           ## 0000011F
.L808D4C1C:
/* 00DFC 808D4C1C 0C2350C2 */  jal     func_808D4308              
/* 00E00 808D4C20 02002025 */  or      $a0, $s0, $zero            ## $a0 = 00000000
/* 00E04 808D4C24 8FAC0034 */  lw      $t4, 0x0034($sp)           
.L808D4C28:
/* 00E08 808D4C28 3C0D0002 */  lui     $t5, 0x0002                ## $t5 = 00020000
/* 00E0C 808D4C2C 02002025 */  or      $a0, $s0, $zero            ## $a0 = 00000000
/* 00E10 808D4C30 01AC6821 */  addu    $t5, $t5, $t4              
/* 00E14 808D4C34 8DAD8840 */  lw      $t5, -0x77C0($t5)          ## 00018840
/* 00E18 808D4C38 31AE005F */  andi    $t6, $t5, 0x005F           ## $t6 = 00000000
/* 00E1C 808D4C3C 55C00004 */  bnel    $t6, $zero, .L808D4C50     
/* 00E20 808D4C40 8FA4002C */  lw      $a0, 0x002C($sp)           
/* 00E24 808D4C44 0C02E3B2 */  jal     func_800B8EC8              
/* 00E28 808D4C48 240538E4 */  addiu   $a1, $zero, 0x38E4         ## $a1 = 000038E4
/* 00E2C 808D4C4C 8FA4002C */  lw      $a0, 0x002C($sp)           
.L808D4C50:
/* 00E30 808D4C50 0C04DE2E */  jal     func_801378B8              
/* 00E34 808D4C54 8E050154 */  lw      $a1, 0x0154($s0)           ## 00000154
/* 00E38 808D4C58 10400004 */  beq     $v0, $zero, .L808D4C6C     
/* 00E3C 808D4C5C 8FA4002C */  lw      $a0, 0x002C($sp)           
/* 00E40 808D4C60 240F1112 */  addiu   $t7, $zero, 0x1112         ## $t7 = 00001112
/* 00E44 808D4C64 10000006 */  beq     $zero, $zero, .L808D4C80   
/* 00E48 808D4C68 A60F03E4 */  sh      $t7, 0x03E4($s0)           ## 000003E4
.L808D4C6C:
/* 00E4C 808D4C6C 0C04DE2E */  jal     func_801378B8              
/* 00E50 808D4C70 3C054170 */  lui     $a1, 0x4170                ## $a1 = 41700000
/* 00E54 808D4C74 10400002 */  beq     $v0, $zero, .L808D4C80     
/* 00E58 808D4C78 2418199A */  addiu   $t8, $zero, 0x199A         ## $t8 = 0000199A
/* 00E5C 808D4C7C A61803E4 */  sh      $t8, 0x03E4($s0)           ## 000003E4
.L808D4C80:
/* 00E60 808D4C80 86190032 */  lh      $t9, 0x0032($s0)           ## 00000032
/* 00E64 808D4C84 860803E4 */  lh      $t0, 0x03E4($s0)           ## 000003E4
/* 00E68 808D4C88 03284823 */  subu    $t1, $t9, $t0              
/* 00E6C 808D4C8C A6090032 */  sh      $t1, 0x0032($s0)           ## 00000032
/* 00E70 808D4C90 860A0032 */  lh      $t2, 0x0032($s0)           ## 00000032
/* 00E74 808D4C94 A60A00BE */  sh      $t2, 0x00BE($s0)           ## 000000BE
/* 00E78 808D4C98 8FBF0024 */  lw      $ra, 0x0024($sp)           
/* 00E7C 808D4C9C 8FB00020 */  lw      $s0, 0x0020($sp)           
/* 00E80 808D4CA0 03E00008 */  jr      $ra                        
/* 00E84 808D4CA4 27BD0030 */  addiu   $sp, $sp, 0x0030           ## $sp = 00000000


glabel func_808D4CA8
/* 00E88 808D4CA8 27BDFFD0 */  addiu   $sp, $sp, 0xFFD0           ## $sp = FFFFFFD0
/* 00E8C 808D4CAC AFBF0024 */  sw      $ra, 0x0024($sp)           
/* 00E90 808D4CB0 AFA50034 */  sw      $a1, 0x0034($sp)           
/* 00E94 808D4CB4 00803025 */  or      $a2, $a0, $zero            ## $a2 = 00000000
/* 00E98 808D4CB8 24C40144 */  addiu   $a0, $a2, 0x0144           ## $a0 = 00000144
/* 00E9C 808D4CBC AFA4002C */  sw      $a0, 0x002C($sp)           
/* 00EA0 808D4CC0 0C04DB34 */  jal     func_80136CD0              
/* 00EA4 808D4CC4 AFA60030 */  sw      $a2, 0x0030($sp)           
/* 00EA8 808D4CC8 8FAE0034 */  lw      $t6, 0x0034($sp)           
/* 00EAC 808D4CCC 3C0F0002 */  lui     $t7, 0x0002                ## $t7 = 00020000
/* 00EB0 808D4CD0 8FA60030 */  lw      $a2, 0x0030($sp)           
/* 00EB4 808D4CD4 01EE7821 */  addu    $t7, $t7, $t6              
/* 00EB8 808D4CD8 8DEF8840 */  lw      $t7, -0x77C0($t7)          ## 00018840
/* 00EBC 808D4CDC 240538E4 */  addiu   $a1, $zero, 0x38E4         ## $a1 = 000038E4
/* 00EC0 808D4CE0 00C02025 */  or      $a0, $a2, $zero            ## $a0 = 00000000
/* 00EC4 808D4CE4 31F8005F */  andi    $t8, $t7, 0x005F           ## $t8 = 00000000
/* 00EC8 808D4CE8 57000005 */  bnel    $t8, $zero, .L808D4D00     
/* 00ECC 808D4CEC 84C203E4 */  lh      $v0, 0x03E4($a2)           ## 000003E4
/* 00ED0 808D4CF0 0C02E3B2 */  jal     func_800B8EC8              
/* 00ED4 808D4CF4 AFA60030 */  sw      $a2, 0x0030($sp)           
/* 00ED8 808D4CF8 8FA60030 */  lw      $a2, 0x0030($sp)           
/* 00EDC 808D4CFC 84C203E4 */  lh      $v0, 0x03E4($a2)           ## 000003E4
.L808D4D00:
/* 00EE0 808D4D00 84D90032 */  lh      $t9, 0x0032($a2)           ## 00000032
/* 00EE4 808D4D04 244AFF9C */  addiu   $t2, $v0, 0xFF9C           ## $t2 = FFFFFF9C
/* 00EE8 808D4D08 A4CA03E4 */  sh      $t2, 0x03E4($a2)           ## 000003E4
/* 00EEC 808D4D0C 03224023 */  subu    $t0, $t9, $v0              
/* 00EF0 808D4D10 84C203E4 */  lh      $v0, 0x03E4($a2)           ## 000003E4
/* 00EF4 808D4D14 A4C80032 */  sh      $t0, 0x0032($a2)           ## 00000032
/* 00EF8 808D4D18 84C90032 */  lh      $t1, 0x0032($a2)           ## 00000032
/* 00EFC 808D4D1C 28410834 */  slti    $at, $v0, 0x0834           
/* 00F00 808D4D20 10200014 */  beq     $at, $zero, .L808D4D74     
/* 00F04 808D4D24 A4C900BE */  sh      $t1, 0x00BE($a2)           ## 000000BE
/* 00F08 808D4D28 284107D0 */  slti    $at, $v0, 0x07D0           
/* 00F0C 808D4D2C 14200011 */  bne     $at, $zero, .L808D4D74     
/* 00F10 808D4D30 8FA4002C */  lw      $a0, 0x002C($sp)           
/* 00F14 808D4D34 44800000 */  mtc1    $zero, $f0                 ## $f0 = 0.00
/* 00F18 808D4D38 3C014198 */  lui     $at, 0x4198                ## $at = 41980000
/* 00F1C 808D4D3C 44812000 */  mtc1    $at, $f4                   ## $f4 = 19.00
/* 00F20 808D4D40 3C01C120 */  lui     $at, 0xC120                ## $at = C1200000
/* 00F24 808D4D44 44813000 */  mtc1    $at, $f6                   ## $f6 = -10.00
/* 00F28 808D4D48 3C050600 */  lui     $a1, 0x0600                ## $a1 = 06000000
/* 00F2C 808D4D4C 240B0002 */  addiu   $t3, $zero, 0x0002         ## $t3 = 00000002
/* 00F30 808D4D50 44060000 */  mfc1    $a2, $f0                   
/* 00F34 808D4D54 44070000 */  mfc1    $a3, $f0                   
/* 00F38 808D4D58 AFAB0014 */  sw      $t3, 0x0014($sp)           
/* 00F3C 808D4D5C 24A573A4 */  addiu   $a1, $a1, 0x73A4           ## $a1 = 060073A4
/* 00F40 808D4D60 E7A40010 */  swc1    $f4, 0x0010($sp)           
/* 00F44 808D4D64 0C04DCFA */  jal     func_801373E8              
/* 00F48 808D4D68 E7A60018 */  swc1    $f6, 0x0018($sp)           
/* 00F4C 808D4D6C 10000012 */  beq     $zero, $zero, .L808D4DB8   
/* 00F50 808D4D70 8FBF0024 */  lw      $ra, 0x0024($sp)           
.L808D4D74:
/* 00F54 808D4D74 284103E8 */  slti    $at, $v0, 0x03E8           
/* 00F58 808D4D78 5020000F */  beql    $at, $zero, .L808D4DB8     
/* 00F5C 808D4D7C 8FBF0024 */  lw      $ra, 0x0024($sp)           
/* 00F60 808D4D80 84CC001C */  lh      $t4, 0x001C($a2)           ## 0000001C
/* 00F64 808D4D84 24010002 */  addiu   $at, $zero, 0x0002         ## $at = 00000002
/* 00F68 808D4D88 11810008 */  beq     $t4, $at, .L808D4DAC       
/* 00F6C 808D4D8C 00000000 */  nop
/* 00F70 808D4D90 90CD03EC */  lbu     $t5, 0x03EC($a2)           ## 000003EC
/* 00F74 808D4D94 15A00005 */  bne     $t5, $zero, .L808D4DAC     
/* 00F78 808D4D98 00000000 */  nop
/* 00F7C 808D4D9C 0C235715 */  jal     func_808D5C54              
/* 00F80 808D4DA0 00C02025 */  or      $a0, $a2, $zero            ## $a0 = 00000000
/* 00F84 808D4DA4 10000004 */  beq     $zero, $zero, .L808D4DB8   
/* 00F88 808D4DA8 8FBF0024 */  lw      $ra, 0x0024($sp)           
.L808D4DAC:
/* 00F8C 808D4DAC 0C235802 */  jal     func_808D6008              
/* 00F90 808D4DB0 00C02025 */  or      $a0, $a2, $zero            ## $a0 = 00000000
/* 00F94 808D4DB4 8FBF0024 */  lw      $ra, 0x0024($sp)           
.L808D4DB8:
/* 00F98 808D4DB8 27BD0030 */  addiu   $sp, $sp, 0x0030           ## $sp = 00000000
/* 00F9C 808D4DBC 03E00008 */  jr      $ra                        
/* 00FA0 808D4DC0 00000000 */  nop


glabel func_808D4DC4
/* 00FA4 808D4DC4 27BDFFD0 */  addiu   $sp, $sp, 0xFFD0           ## $sp = FFFFFFD0
/* 00FA8 808D4DC8 AFB00028 */  sw      $s0, 0x0028($sp)           
/* 00FAC 808D4DCC 00808025 */  or      $s0, $a0, $zero            ## $s0 = 00000000
/* 00FB0 808D4DD0 AFBF002C */  sw      $ra, 0x002C($sp)           
/* 00FB4 808D4DD4 3C040601 */  lui     $a0, 0x0601                ## $a0 = 06010000
/* 00FB8 808D4DD8 0C04D1D2 */  jal     func_80134748              
/* 00FBC 808D4DDC 2484ABE0 */  addiu   $a0, $a0, 0xABE0           ## $a0 = 0600ABE0
/* 00FC0 808D4DE0 44822000 */  mtc1    $v0, $f4                   ## $f4 = 0.00
/* 00FC4 808D4DE4 44800000 */  mtc1    $zero, $f0                 ## $f0 = 0.00
/* 00FC8 808D4DE8 3C01C0C0 */  lui     $at, 0xC0C0                ## $at = C0C00000
/* 00FCC 808D4DEC 468021A0 */  cvt.s.w $f6, $f4                   
/* 00FD0 808D4DF0 44814000 */  mtc1    $at, $f8                   ## $f8 = -6.00
/* 00FD4 808D4DF4 3C050601 */  lui     $a1, 0x0601                ## $a1 = 06010000
/* 00FD8 808D4DF8 44060000 */  mfc1    $a2, $f0                   
/* 00FDC 808D4DFC 44070000 */  mfc1    $a3, $f0                   
/* 00FE0 808D4E00 24A5ABE0 */  addiu   $a1, $a1, 0xABE0           ## $a1 = 0600ABE0
/* 00FE4 808D4E04 E7A60010 */  swc1    $f6, 0x0010($sp)           
/* 00FE8 808D4E08 26040144 */  addiu   $a0, $s0, 0x0144           ## $a0 = 00000144
/* 00FEC 808D4E0C AFA00014 */  sw      $zero, 0x0014($sp)         
/* 00FF0 808D4E10 0C04DCFA */  jal     func_801373E8              
/* 00FF4 808D4E14 E7A80018 */  swc1    $f8, 0x0018($sp)           
/* 00FF8 808D4E18 44800000 */  mtc1    $zero, $f0                 ## $f0 = 0.00
/* 00FFC 808D4E1C 3C19808D */  lui     $t9, %hi(func_808D4E60)    ## $t9 = 808D0000
/* 01000 808D4E20 240E000D */  addiu   $t6, $zero, 0x000D         ## $t6 = 0000000D
/* 01004 808D4E24 240F0006 */  addiu   $t7, $zero, 0x0006         ## $t7 = 00000006
/* 01008 808D4E28 2418C000 */  addiu   $t8, $zero, 0xC000         ## $t8 = FFFFC000
/* 0100C 808D4E2C 27394E60 */  addiu   $t9, $t9, %lo(func_808D4E60) ## $t9 = 808D4E60
/* 01010 808D4E30 A20E03EF */  sb      $t6, 0x03EF($s0)           ## 000003EF
/* 01014 808D4E34 A60F03D6 */  sh      $t7, 0x03D6($s0)           ## 000003D6
/* 01018 808D4E38 A61800BC */  sh      $t8, 0x00BC($s0)           ## 000000BC
/* 0101C 808D4E3C AE190188 */  sw      $t9, 0x0188($s0)           ## 00000188
/* 01020 808D4E40 E6000074 */  swc1    $f0, 0x0074($s0)           ## 00000074
/* 01024 808D4E44 E60000C4 */  swc1    $f0, 0x00C4($s0)           ## 000000C4
/* 01028 808D4E48 E6000070 */  swc1    $f0, 0x0070($s0)           ## 00000070
/* 0102C 808D4E4C 8FBF002C */  lw      $ra, 0x002C($sp)           
/* 01030 808D4E50 8FB00028 */  lw      $s0, 0x0028($sp)           
/* 01034 808D4E54 27BD0030 */  addiu   $sp, $sp, 0x0030           ## $sp = 00000000
/* 01038 808D4E58 03E00008 */  jr      $ra                        
/* 0103C 808D4E5C 00000000 */  nop


glabel func_808D4E60
/* 01040 808D4E60 27BDFFD8 */  addiu   $sp, $sp, 0xFFD8           ## $sp = FFFFFFD8
/* 01044 808D4E64 AFB00020 */  sw      $s0, 0x0020($sp)           
/* 01048 808D4E68 00808025 */  or      $s0, $a0, $zero            ## $s0 = 00000000
/* 0104C 808D4E6C AFBF0024 */  sw      $ra, 0x0024($sp)           
/* 01050 808D4E70 AFA5002C */  sw      $a1, 0x002C($sp)           
/* 01054 808D4E74 860E00BC */  lh      $t6, 0x00BC($s0)           ## 000000BC
/* 01058 808D4E78 2401C000 */  addiu   $at, $zero, 0xC000         ## $at = FFFFC000
/* 0105C 808D4E7C 260400BC */  addiu   $a0, $s0, 0x00BC           ## $a0 = 000000BC
/* 01060 808D4E80 11C10019 */  beq     $t6, $at, .L808D4EE8       
/* 01064 808D4E84 00002825 */  or      $a1, $zero, $zero          ## $a1 = 00000000
/* 01068 808D4E88 24060001 */  addiu   $a2, $zero, 0x0001         ## $a2 = 00000001
/* 0106C 808D4E8C 240707D0 */  addiu   $a3, $zero, 0x07D0         ## $a3 = 000007D0
/* 01070 808D4E90 0C03FFAF */  jal     func_800FFEBC              
/* 01074 808D4E94 AFA00010 */  sw      $zero, 0x0010($sp)         
/* 01078 808D4E98 3C01808D */  lui     $at, %hi(D_808D7150)       ## $at = 808D0000
/* 0107C 808D4E9C C4227150 */  lwc1    $f2, %lo(D_808D7150)($at)  
/* 01080 808D4EA0 8E05000C */  lw      $a1, 0x000C($s0)           ## 0000000C
/* 01084 808D4EA4 26040028 */  addiu   $a0, $s0, 0x0028           ## $a0 = 00000028
/* 01088 808D4EA8 44061000 */  mfc1    $a2, $f2                   
/* 0108C 808D4EAC 3C074000 */  lui     $a3, 0x4000                ## $a3 = 40000000
/* 01090 808D4EB0 0C03FF36 */  jal     func_800FFCD8              
/* 01094 808D4EB4 E7A20010 */  swc1    $f2, 0x0010($sp)           
/* 01098 808D4EB8 44802000 */  mtc1    $zero, $f4                 ## $f4 = 0.00
/* 0109C 808D4EBC 3C01C060 */  lui     $at, 0xC060                ## $at = C0600000
/* 010A0 808D4EC0 46040032 */  c.eq.s  $f0, $f4                   
/* 010A4 808D4EC4 00000000 */  nop
/* 010A8 808D4EC8 45020041 */  bc1fl   .L808D4FD0                 
/* 010AC 808D4ECC 8FBF0024 */  lw      $ra, 0x0024($sp)           
/* 010B0 808D4ED0 44813000 */  mtc1    $at, $f6                   ## $f6 = -3.50
/* 010B4 808D4ED4 02002025 */  or      $a0, $s0, $zero            ## $a0 = 00000000
/* 010B8 808D4ED8 0C2350C2 */  jal     func_808D4308              
/* 010BC 808D4EDC E6060074 */  swc1    $f6, 0x0074($s0)           ## 00000074
/* 010C0 808D4EE0 1000003B */  beq     $zero, $zero, .L808D4FD0   
/* 010C4 808D4EE4 8FBF0024 */  lw      $ra, 0x0024($sp)           
.L808D4EE8:
/* 010C8 808D4EE8 C600000C */  lwc1    $f0, 0x000C($s0)           ## 0000000C
/* 010CC 808D4EEC C6080028 */  lwc1    $f8, 0x0028($s0)           ## 00000028
/* 010D0 808D4EF0 02002025 */  or      $a0, $s0, $zero            ## $a0 = 00000000
/* 010D4 808D4EF4 46080032 */  c.eq.s  $f0, $f8                   
/* 010D8 808D4EF8 00000000 */  nop
/* 010DC 808D4EFC 45000004 */  bc1f    .L808D4F10                 
/* 010E0 808D4F00 00000000 */  nop
/* 010E4 808D4F04 0C02E3B2 */  jal     func_800B8EC8              
/* 010E8 808D4F08 240538E4 */  addiu   $a1, $zero, 0x38E4         ## $a1 = 000038E4
/* 010EC 808D4F0C C600000C */  lwc1    $f0, 0x000C($s0)           ## 0000000C
.L808D4F10:
/* 010F0 808D4F10 3C01808D */  lui     $at, %hi(D_808D7154)       ## $at = 808D0000
/* 010F4 808D4F14 C4227154 */  lwc1    $f2, %lo(D_808D7154)($at)  
/* 010F8 808D4F18 3C014248 */  lui     $at, 0x4248                ## $at = 42480000
/* 010FC 808D4F1C 44815000 */  mtc1    $at, $f10                  ## $f10 = 50.00
/* 01100 808D4F20 44061000 */  mfc1    $a2, $f2                   
/* 01104 808D4F24 26040028 */  addiu   $a0, $s0, 0x0028           ## $a0 = 00000028
/* 01108 808D4F28 460A0400 */  add.s   $f16, $f0, $f10            
/* 0110C 808D4F2C 3C074000 */  lui     $a3, 0x4000                ## $a3 = 40000000
/* 01110 808D4F30 E7A20010 */  swc1    $f2, 0x0010($sp)           
/* 01114 808D4F34 44058000 */  mfc1    $a1, $f16                  
/* 01118 808D4F38 0C03FF36 */  jal     func_800FFCD8              
/* 0111C 808D4F3C 00000000 */  nop
/* 01120 808D4F40 44806000 */  mtc1    $zero, $f12                ## $f12 = 0.00
/* 01124 808D4F44 3C01808D */  lui     $at, %hi(D_808D7158)       ## $at = 808D0000
/* 01128 808D4F48 C4227158 */  lwc1    $f2, %lo(D_808D7158)($at)  
/* 0112C 808D4F4C 460C0032 */  c.eq.s  $f0, $f12                  
/* 01130 808D4F50 00000000 */  nop
/* 01134 808D4F54 4502001E */  bc1fl   .L808D4FD0                 
/* 01138 808D4F58 8FBF0024 */  lw      $ra, 0x0024($sp)           
/* 0113C 808D4F5C 860203D6 */  lh      $v0, 0x03D6($s0)           ## 000003D6
/* 01140 808D4F60 26040070 */  addiu   $a0, $s0, 0x0070           ## $a0 = 00000070
/* 01144 808D4F64 3C073F80 */  lui     $a3, 0x3F80                ## $a3 = 3F800000
/* 01148 808D4F68 1040000A */  beq     $v0, $zero, .L808D4F94     
/* 0114C 808D4F6C 244FFFFF */  addiu   $t7, $v0, 0xFFFF           ## $t7 = FFFFFFFF
/* 01150 808D4F70 A60F03D6 */  sh      $t7, 0x03D6($s0)           ## 000003D6
/* 01154 808D4F74 44061000 */  mfc1    $a2, $f2                   
/* 01158 808D4F78 E7A20010 */  swc1    $f2, 0x0010($sp)           
/* 0115C 808D4F7C 26040070 */  addiu   $a0, $s0, 0x0070           ## $a0 = 00000070
/* 01160 808D4F80 3C0540C0 */  lui     $a1, 0x40C0                ## $a1 = 40C00000
/* 01164 808D4F84 0C03FF36 */  jal     func_800FFCD8              
/* 01168 808D4F88 3C073F80 */  lui     $a3, 0x3F80                ## $a3 = 3F800000
/* 0116C 808D4F8C 10000010 */  beq     $zero, $zero, .L808D4FD0   
/* 01170 808D4F90 8FBF0024 */  lw      $ra, 0x0024($sp)           
.L808D4F94:
/* 01174 808D4F94 44056000 */  mfc1    $a1, $f12                  
/* 01178 808D4F98 44061000 */  mfc1    $a2, $f2                   
/* 0117C 808D4F9C 0C03FF36 */  jal     func_800FFCD8              
/* 01180 808D4FA0 E7A20010 */  swc1    $f2, 0x0010($sp)           
/* 01184 808D4FA4 44809000 */  mtc1    $zero, $f18                ## $f18 = 0.00
/* 01188 808D4FA8 260400BC */  addiu   $a0, $s0, 0x00BC           ## $a0 = 000000BC
/* 0118C 808D4FAC 00002825 */  or      $a1, $zero, $zero          ## $a1 = 00000000
/* 01190 808D4FB0 46120032 */  c.eq.s  $f0, $f18                  
/* 01194 808D4FB4 24060001 */  addiu   $a2, $zero, 0x0001         ## $a2 = 00000001
/* 01198 808D4FB8 240707D0 */  addiu   $a3, $zero, 0x07D0         ## $a3 = 000007D0
/* 0119C 808D4FBC 45020004 */  bc1fl   .L808D4FD0                 
/* 011A0 808D4FC0 8FBF0024 */  lw      $ra, 0x0024($sp)           
/* 011A4 808D4FC4 0C03FFAF */  jal     func_800FFEBC              
/* 011A8 808D4FC8 AFA00010 */  sw      $zero, 0x0010($sp)         
/* 011AC 808D4FCC 8FBF0024 */  lw      $ra, 0x0024($sp)           
.L808D4FD0:
/* 011B0 808D4FD0 8FB00020 */  lw      $s0, 0x0020($sp)           
/* 011B4 808D4FD4 27BD0028 */  addiu   $sp, $sp, 0x0028           ## $sp = 00000000
/* 011B8 808D4FD8 03E00008 */  jr      $ra                        
/* 011BC 808D4FDC 00000000 */  nop


glabel func_808D4FE0
/* 011C0 808D4FE0 27BDFFD8 */  addiu   $sp, $sp, 0xFFD8           ## $sp = FFFFFFD8
/* 011C4 808D4FE4 AFBF0024 */  sw      $ra, 0x0024($sp)           
/* 011C8 808D4FE8 AFA40028 */  sw      $a0, 0x0028($sp)           
/* 011CC 808D4FEC AFA5002C */  sw      $a1, 0x002C($sp)           
/* 011D0 808D4FF0 3C040601 */  lui     $a0, 0x0601                ## $a0 = 06010000
/* 011D4 808D4FF4 0C04D1D2 */  jal     func_80134748              
/* 011D8 808D4FF8 248413EC */  addiu   $a0, $a0, 0x13EC           ## $a0 = 060113EC
/* 011DC 808D4FFC 44822000 */  mtc1    $v0, $f4                   ## $f4 = 0.00
/* 011E0 808D5000 3C01C080 */  lui     $at, 0xC080                ## $at = C0800000
/* 011E4 808D5004 8FA30028 */  lw      $v1, 0x0028($sp)           
/* 011E8 808D5008 468021A0 */  cvt.s.w $f6, $f4                   
/* 011EC 808D500C 44814000 */  mtc1    $at, $f8                   ## $f8 = -4.00
/* 011F0 808D5010 3C050601 */  lui     $a1, 0x0601                ## $a1 = 06010000
/* 011F4 808D5014 240E0001 */  addiu   $t6, $zero, 0x0001         ## $t6 = 00000001
/* 011F8 808D5018 AFAE0014 */  sw      $t6, 0x0014($sp)           
/* 011FC 808D501C 24A513EC */  addiu   $a1, $a1, 0x13EC           ## $a1 = 060113EC
/* 01200 808D5020 E7A60010 */  swc1    $f6, 0x0010($sp)           
/* 01204 808D5024 3C063F80 */  lui     $a2, 0x3F80                ## $a2 = 3F800000
/* 01208 808D5028 3C074080 */  lui     $a3, 0x4080                ## $a3 = 40800000
/* 0120C 808D502C 24640144 */  addiu   $a0, $v1, 0x0144           ## $a0 = 00000144
/* 01210 808D5030 0C04DCFA */  jal     func_801373E8              
/* 01214 808D5034 E7A80018 */  swc1    $f8, 0x0018($sp)           
/* 01218 808D5038 8FA30028 */  lw      $v1, 0x0028($sp)           
/* 0121C 808D503C 3C01808D */  lui     $at, %hi(D_808D715C)       ## $at = 808D0000
/* 01220 808D5040 C42A715C */  lwc1    $f10, %lo(D_808D715C)($at) 
/* 01224 808D5044 3C18808D */  lui     $t8, %hi(func_808D506C)    ## $t8 = 808D0000
/* 01228 808D5048 240F0004 */  addiu   $t7, $zero, 0x0004         ## $t7 = 00000004
/* 0122C 808D504C 2718506C */  addiu   $t8, $t8, %lo(func_808D506C) ## $t8 = 808D506C
/* 01230 808D5050 A06F03EF */  sb      $t7, 0x03EF($v1)           ## 000003EF
/* 01234 808D5054 AC780188 */  sw      $t8, 0x0188($v1)           ## 00000188
/* 01238 808D5058 E46A0070 */  swc1    $f10, 0x0070($v1)          ## 00000070
/* 0123C 808D505C 8FBF0024 */  lw      $ra, 0x0024($sp)           
/* 01240 808D5060 27BD0028 */  addiu   $sp, $sp, 0x0028           ## $sp = 00000000
/* 01244 808D5064 03E00008 */  jr      $ra                        
/* 01248 808D5068 00000000 */  nop


glabel func_808D506C
/* 0124C 808D506C 27BDFFC0 */  addiu   $sp, $sp, 0xFFC0           ## $sp = FFFFFFC0
/* 01250 808D5070 AFB00020 */  sw      $s0, 0x0020($sp)           
/* 01254 808D5074 00808025 */  or      $s0, $a0, $zero            ## $s0 = 00000000
/* 01258 808D5078 AFBF0024 */  sw      $ra, 0x0024($sp)           
/* 0125C 808D507C AFA50044 */  sw      $a1, 0x0044($sp)           
/* 01260 808D5080 8FAE0044 */  lw      $t6, 0x0044($sp)           
/* 01264 808D5084 260400BE */  addiu   $a0, $s0, 0x00BE           ## $a0 = 000000BE
/* 01268 808D5088 24060001 */  addiu   $a2, $zero, 0x0001         ## $a2 = 00000001
/* 0126C 808D508C 8DCF1CCC */  lw      $t7, 0x1CCC($t6)           ## 00001CCC
/* 01270 808D5090 240700FA */  addiu   $a3, $zero, 0x00FA         ## $a3 = 000000FA
/* 01274 808D5094 AFAF003C */  sw      $t7, 0x003C($sp)           
/* 01278 808D5098 861800BE */  lh      $t8, 0x00BE($s0)           ## 000000BE
/* 0127C 808D509C 86050092 */  lh      $a1, 0x0092($s0)           ## 00000092
/* 01280 808D50A0 860803D8 */  lh      $t0, 0x03D8($s0)           ## 000003D8
/* 01284 808D50A4 860A03DA */  lh      $t2, 0x03DA($s0)           ## 000003DA
/* 01288 808D50A8 00B8C823 */  subu    $t9, $a1, $t8              
/* 0128C 808D50AC 03284823 */  subu    $t1, $t9, $t0              
/* 01290 808D50B0 012A5823 */  subu    $t3, $t1, $t2              
/* 01294 808D50B4 A7AB0036 */  sh      $t3, 0x0036($sp)           
/* 01298 808D50B8 C6040070 */  lwc1    $f4, 0x0070($s0)           ## 00000070
/* 0129C 808D50BC E6040160 */  swc1    $f4, 0x0160($s0)           ## 00000160
/* 012A0 808D50C0 0C03FFAF */  jal     func_800FFEBC              
/* 012A4 808D50C4 AFA00010 */  sw      $zero, 0x0010($sp)         
/* 012A8 808D50C8 260403D8 */  addiu   $a0, $s0, 0x03D8           ## $a0 = 000003D8
/* 012AC 808D50CC 00002825 */  or      $a1, $zero, $zero          ## $a1 = 00000000
/* 012B0 808D50D0 24060001 */  addiu   $a2, $zero, 0x0001         ## $a2 = 00000001
/* 012B4 808D50D4 24070064 */  addiu   $a3, $zero, 0x0064         ## $a3 = 00000064
/* 012B8 808D50D8 0C03FFAF */  jal     func_800FFEBC              
/* 012BC 808D50DC AFA00010 */  sw      $zero, 0x0010($sp)         
/* 012C0 808D50E0 260403DA */  addiu   $a0, $s0, 0x03DA           ## $a0 = 000003DA
/* 012C4 808D50E4 00002825 */  or      $a1, $zero, $zero          ## $a1 = 00000000
/* 012C8 808D50E8 24060001 */  addiu   $a2, $zero, 0x0001         ## $a2 = 00000001
/* 012CC 808D50EC 24070064 */  addiu   $a3, $zero, 0x0064         ## $a3 = 00000064
/* 012D0 808D50F0 0C03FFAF */  jal     func_800FFEBC              
/* 012D4 808D50F4 AFA00010 */  sw      $zero, 0x0010($sp)         
/* 012D8 808D50F8 860C00BE */  lh      $t4, 0x00BE($s0)           ## 000000BE
/* 012DC 808D50FC 26040144 */  addiu   $a0, $s0, 0x0144           ## $a0 = 00000144
/* 012E0 808D5100 A60C0032 */  sh      $t4, 0x0032($s0)           ## 00000032
/* 012E4 808D5104 0C04DB34 */  jal     func_80136CD0              
/* 012E8 808D5108 AFA4002C */  sw      $a0, 0x002C($sp)           
/* 012EC 808D510C 26050008 */  addiu   $a1, $s0, 0x0008           ## $a1 = 00000008
/* 012F0 808D5110 AFA50028 */  sw      $a1, 0x0028($sp)           
/* 012F4 808D5114 0C02DB7E */  jal     func_800B6DF8              
/* 012F8 808D5118 8FA4003C */  lw      $a0, 0x003C($sp)           
/* 012FC 808D511C 3C014316 */  lui     $at, 0x4316                ## $at = 43160000
/* 01300 808D5120 44813000 */  mtc1    $at, $f6                   ## $f6 = 150.00
/* 01304 808D5124 02002025 */  or      $a0, $s0, $zero            ## $a0 = 00000000
/* 01308 808D5128 4600303E */  c.le.s  $f6, $f0                   
/* 0130C 808D512C 00000000 */  nop
/* 01310 808D5130 45020004 */  bc1fl   .L808D5144                 
/* 01314 808D5134 87A30036 */  lh      $v1, 0x0036($sp)           
/* 01318 808D5138 0C2354F0 */  jal     func_808D53C0              
/* 0131C 808D513C 8FA50044 */  lw      $a1, 0x0044($sp)           
/* 01320 808D5140 87A30036 */  lh      $v1, 0x0036($sp)           
.L808D5144:
/* 01324 808D5144 02002025 */  or      $a0, $s0, $zero            ## $a0 = 00000000
/* 01328 808D5148 04610003 */  bgez    $v1, .L808D5158            
/* 0132C 808D514C 00601025 */  or      $v0, $v1, $zero            ## $v0 = 00000000
/* 01330 808D5150 10000001 */  beq     $zero, $zero, .L808D5158   
/* 01334 808D5154 00031023 */  subu    $v0, $zero, $v1            
.L808D5158:
/* 01338 808D5158 28411554 */  slti    $at, $v0, 0x1554           
/* 0133C 808D515C 50200032 */  beql    $at, $zero, .L808D5228     
/* 01340 808D5160 920203EE */  lbu     $v0, 0x03EE($s0)           ## 000003EE
/* 01344 808D5164 0C02DB73 */  jal     func_800B6DCC              
/* 01348 808D5168 8FA5003C */  lw      $a1, 0x003C($sp)           
/* 0134C 808D516C 3C014316 */  lui     $at, 0x4316                ## $at = 43160000
/* 01350 808D5170 44814000 */  mtc1    $at, $f8                   ## $f8 = 150.00
/* 01354 808D5174 8FAD003C */  lw      $t5, 0x003C($sp)           
/* 01358 808D5178 4608003E */  c.le.s  $f0, $f8                   
/* 0135C 808D517C 00000000 */  nop
/* 01360 808D5180 45020029 */  bc1fl   .L808D5228                 
/* 01364 808D5184 920203EE */  lbu     $v0, 0x03EE($s0)           ## 000003EE
/* 01368 808D5188 8DAE0A6C */  lw      $t6, 0x0A6C($t5)           ## 00000A6C
/* 0136C 808D518C 3C01002C */  lui     $at, 0x002C                ## $at = 002C0000
/* 01370 808D5190 34216080 */  ori     $at, $at, 0x6080           ## $at = 002C6080
/* 01374 808D5194 01C17824 */  and     $t7, $t6, $at              
/* 01378 808D5198 15E00020 */  bne     $t7, $zero, .L808D521C     
/* 0137C 808D519C 02002025 */  or      $a0, $s0, $zero            ## $a0 = 00000000
/* 01380 808D51A0 8DB80A70 */  lw      $t8, 0x0A70($t5)           ## 00000A70
/* 01384 808D51A4 33194080 */  andi    $t9, $t8, 0x4080           ## $t9 = 00000000
/* 01388 808D51A8 1720001C */  bne     $t9, $zero, .L808D521C     
/* 0138C 808D51AC 00000000 */  nop
/* 01390 808D51B0 920803ED */  lbu     $t0, 0x03ED($s0)           ## 000003ED
/* 01394 808D51B4 5500001C */  bnel    $t0, $zero, .L808D5228     
/* 01398 808D51B8 920203EE */  lbu     $v0, 0x03EE($s0)           ## 000003EE
/* 0139C 808D51BC 860903DC */  lh      $t1, 0x03DC($s0)           ## 000003DC
/* 013A0 808D51C0 240B0028 */  addiu   $t3, $zero, 0x0028         ## $t3 = 00000028
/* 013A4 808D51C4 02002825 */  or      $a1, $s0, $zero            ## $a1 = 00000000
/* 013A8 808D51C8 312A0080 */  andi    $t2, $t1, 0x0080           ## $t2 = 00000000
/* 013AC 808D51CC 5540000D */  bnel    $t2, $zero, .L808D5204     
/* 013B0 808D51D0 240F003C */  addiu   $t7, $zero, 0x003C         ## $t7 = 0000003C
/* 013B4 808D51D4 A5AB0118 */  sh      $t3, 0x0118($t5)           ## 00000118
/* 013B8 808D51D8 0C048FA4 */  jal     func_80123E90              
/* 013BC 808D51DC 8FA40044 */  lw      $a0, 0x0044($sp)           
/* 013C0 808D51E0 8FAC0044 */  lw      $t4, 0x0044($sp)           
/* 013C4 808D51E4 240500FF */  addiu   $a1, $zero, 0x00FF         ## $a1 = 000000FF
/* 013C8 808D51E8 24060014 */  addiu   $a2, $zero, 0x0014         ## $a2 = 00000014
/* 013CC 808D51EC 8D8E1CCC */  lw      $t6, 0x1CCC($t4)           ## 00001CCC
/* 013D0 808D51F0 24070096 */  addiu   $a3, $zero, 0x0096         ## $a3 = 00000096
/* 013D4 808D51F4 ADD00A78 */  sw      $s0, 0x0A78($t6)           ## 00000A78
/* 013D8 808D51F8 0C04FB38 */  jal     func_8013ECE0              
/* 013DC 808D51FC C60C0098 */  lwc1    $f12, 0x0098($s0)          ## 00000098
/* 013E0 808D5200 240F003C */  addiu   $t7, $zero, 0x003C         ## $t7 = 0000003C
.L808D5204:
/* 013E4 808D5204 A20F03ED */  sb      $t7, 0x03ED($s0)           ## 000003ED
/* 013E8 808D5208 02002025 */  or      $a0, $s0, $zero            ## $a0 = 00000000
/* 013EC 808D520C 0C02E3B2 */  jal     func_800B8EC8              
/* 013F0 808D5210 240538E5 */  addiu   $a1, $zero, 0x38E5         ## $a1 = 000038E5
/* 013F4 808D5214 10000004 */  beq     $zero, $zero, .L808D5228   
/* 013F8 808D5218 920203EE */  lbu     $v0, 0x03EE($s0)           ## 000003EE
.L808D521C:
/* 013FC 808D521C 0C2354F0 */  jal     func_808D53C0              
/* 01400 808D5220 8FA50044 */  lw      $a1, 0x0044($sp)           
/* 01404 808D5224 920203EE */  lbu     $v0, 0x03EE($s0)           ## 000003EE
.L808D5228:
/* 01408 808D5228 02002025 */  or      $a0, $s0, $zero            ## $a0 = 00000000
/* 0140C 808D522C 10400003 */  beq     $v0, $zero, .L808D523C     
/* 01410 808D5230 2458FFFF */  addiu   $t8, $v0, 0xFFFF           ## $t8 = FFFFFFFF
/* 01414 808D5234 A21803EE */  sb      $t8, 0x03EE($s0)           ## 000003EE
/* 01418 808D5238 330200FF */  andi    $v0, $t8, 0x00FF           ## $v0 = 000000FF
.L808D523C:
/* 0141C 808D523C 5440003A */  bnel    $v0, $zero, .L808D5328     
/* 01420 808D5240 860D001C */  lh      $t5, 0x001C($s0)           ## 0000001C
/* 01424 808D5244 0C02DB73 */  jal     func_800B6DCC              
/* 01428 808D5248 8FA5003C */  lw      $a1, 0x003C($sp)           
/* 0142C 808D524C 3C014234 */  lui     $at, 0x4234                ## $at = 42340000
/* 01430 808D5250 44815000 */  mtc1    $at, $f10                  ## $f10 = 45.00
/* 01434 808D5254 02002025 */  or      $a0, $s0, $zero            ## $a0 = 00000000
/* 01438 808D5258 460A003E */  c.le.s  $f0, $f10                  
/* 0143C 808D525C 00000000 */  nop
/* 01440 808D5260 45020031 */  bc1fl   .L808D5328                 
/* 01444 808D5264 860D001C */  lh      $t5, 0x001C($s0)           ## 0000001C
/* 01448 808D5268 0C02DCF8 */  jal     func_800B73E0              
/* 0144C 808D526C 240538E3 */  addiu   $a1, $zero, 0x38E3         ## $a1 = 000038E3
/* 01450 808D5270 1040002C */  beq     $v0, $zero, .L808D5324     
/* 01454 808D5274 8FB9003C */  lw      $t9, 0x003C($sp)           
/* 01458 808D5278 A7200118 */  sh      $zero, 0x0118($t9)         ## 00000118
/* 0145C 808D527C 8FA8003C */  lw      $t0, 0x003C($sp)           
/* 01460 808D5280 24010001 */  addiu   $at, $zero, 0x0001         ## $at = 00000001
/* 01464 808D5284 02002025 */  or      $a0, $s0, $zero            ## $a0 = 00000000
/* 01468 808D5288 9102014B */  lbu     $v0, 0x014B($t0)           ## 0000014B
/* 0146C 808D528C 10410003 */  beq     $v0, $at, .L808D529C       
/* 01470 808D5290 24010003 */  addiu   $at, $zero, 0x0003         ## $at = 00000003
/* 01474 808D5294 54410013 */  bnel    $v0, $at, .L808D52E4       
/* 01478 808D5298 8FA40044 */  lw      $a0, 0x0044($sp)           
.L808D529C:
/* 0147C 808D529C 0C02DB7E */  jal     func_800B6DF8              
/* 01480 808D52A0 8FA50028 */  lw      $a1, 0x0028($sp)           
/* 01484 808D52A4 3C014316 */  lui     $at, 0x4316                ## $at = 43160000
/* 01488 808D52A8 44818000 */  mtc1    $at, $f16                  ## $f16 = 150.00
/* 0148C 808D52AC 02002025 */  or      $a0, $s0, $zero            ## $a0 = 00000000
/* 01490 808D52B0 4610003C */  c.lt.s  $f0, $f16                  
/* 01494 808D52B4 00000000 */  nop
/* 01498 808D52B8 45000005 */  bc1f    .L808D52D0                 
/* 0149C 808D52BC 00000000 */  nop
/* 014A0 808D52C0 0C235762 */  jal     func_808D5D88              
/* 014A4 808D52C4 02002025 */  or      $a0, $s0, $zero            ## $a0 = 00000000
/* 014A8 808D52C8 10000022 */  beq     $zero, $zero, .L808D5354   
/* 014AC 808D52CC 8FA4002C */  lw      $a0, 0x002C($sp)           
.L808D52D0:
/* 014B0 808D52D0 0C2354F0 */  jal     func_808D53C0              
/* 014B4 808D52D4 8FA50044 */  lw      $a1, 0x0044($sp)           
/* 014B8 808D52D8 1000001E */  beq     $zero, $zero, .L808D5354   
/* 014BC 808D52DC 8FA4002C */  lw      $a0, 0x002C($sp)           
/* 014C0 808D52E0 8FA40044 */  lw      $a0, 0x0044($sp)           
.L808D52E4:
/* 014C4 808D52E4 3C190002 */  lui     $t9, 0x0002                ## $t9 = 00020000
/* 014C8 808D52E8 8FA5003C */  lw      $a1, 0x003C($sp)           
/* 014CC 808D52EC 0324C821 */  addu    $t9, $t9, $a0              
/* 014D0 808D52F0 8F398778 */  lw      $t9, -0x7888($t9)          ## 00018778
/* 014D4 808D52F4 0320F809 */  jalr    $ra, $t9                   
/* 014D8 808D52F8 00000000 */  nop
/* 014DC 808D52FC 50400015 */  beql    $v0, $zero, .L808D5354     
/* 014E0 808D5300 8FA4002C */  lw      $a0, 0x002C($sp)           
/* 014E4 808D5304 8E0A0004 */  lw      $t2, 0x0004($s0)           ## 00000004
/* 014E8 808D5308 2401FFFE */  addiu   $at, $zero, 0xFFFE         ## $at = FFFFFFFE
/* 014EC 808D530C 02002025 */  or      $a0, $s0, $zero            ## $a0 = 00000000
/* 014F0 808D5310 01415824 */  and     $t3, $t2, $at              
/* 014F4 808D5314 0C23561B */  jal     func_808D586C              
/* 014F8 808D5318 AE0B0004 */  sw      $t3, 0x0004($s0)           ## 00000004
/* 014FC 808D531C 1000000D */  beq     $zero, $zero, .L808D5354   
/* 01500 808D5320 8FA4002C */  lw      $a0, 0x002C($sp)           
.L808D5324:
/* 01504 808D5324 860D001C */  lh      $t5, 0x001C($s0)           ## 0000001C
.L808D5328:
/* 01508 808D5328 59A0000A */  blezl   $t5, .L808D5354            
/* 0150C 808D532C 8FA4002C */  lw      $a0, 0x002C($sp)           
/* 01510 808D5330 8E0C0120 */  lw      $t4, 0x0120($s0)           ## 00000120
/* 01514 808D5334 51800006 */  beql    $t4, $zero, .L808D5350     
/* 01518 808D5338 A20003EC */  sb      $zero, 0x03EC($s0)         ## 000003EC
/* 0151C 808D533C 0C235598 */  jal     func_808D5660              
/* 01520 808D5340 02002025 */  or      $a0, $s0, $zero            ## $a0 = 00000000
/* 01524 808D5344 10000003 */  beq     $zero, $zero, .L808D5354   
/* 01528 808D5348 8FA4002C */  lw      $a0, 0x002C($sp)           
/* 0152C 808D534C A20003EC */  sb      $zero, 0x03EC($s0)         ## 000003EC
.L808D5350:
/* 01530 808D5350 8FA4002C */  lw      $a0, 0x002C($sp)           
.L808D5354:
/* 01534 808D5354 0C04DE2E */  jal     func_801378B8              
/* 01538 808D5358 3C054120 */  lui     $a1, 0x4120                ## $a1 = 41200000
/* 0153C 808D535C 14400005 */  bne     $v0, $zero, .L808D5374     
/* 01540 808D5360 8FA4002C */  lw      $a0, 0x002C($sp)           
/* 01544 808D5364 0C04DE2E */  jal     func_801378B8              
/* 01548 808D5368 3C0541B0 */  lui     $a1, 0x41B0                ## $a1 = 41B00000
/* 0154C 808D536C 10400006 */  beq     $v0, $zero, .L808D5388     
/* 01550 808D5370 8FAE0044 */  lw      $t6, 0x0044($sp)           
.L808D5374:
/* 01554 808D5374 02002025 */  or      $a0, $s0, $zero            ## $a0 = 00000000
/* 01558 808D5378 0C02E3B2 */  jal     func_800B8EC8              
/* 0155C 808D537C 2405382E */  addiu   $a1, $zero, 0x382E         ## $a1 = 0000382E
/* 01560 808D5380 1000000B */  beq     $zero, $zero, .L808D53B0   
/* 01564 808D5384 8FBF0024 */  lw      $ra, 0x0024($sp)           
.L808D5388:
/* 01568 808D5388 3C0F0002 */  lui     $t7, 0x0002                ## $t7 = 00020000
/* 0156C 808D538C 01EE7821 */  addu    $t7, $t7, $t6              
/* 01570 808D5390 8DEF8840 */  lw      $t7, -0x77C0($t7)          ## 00018840
/* 01574 808D5394 02002025 */  or      $a0, $s0, $zero            ## $a0 = 00000000
/* 01578 808D5398 31F8005F */  andi    $t8, $t7, 0x005F           ## $t8 = 00000000
/* 0157C 808D539C 57000004 */  bnel    $t8, $zero, .L808D53B0     
/* 01580 808D53A0 8FBF0024 */  lw      $ra, 0x0024($sp)           
/* 01584 808D53A4 0C02E3B2 */  jal     func_800B8EC8              
/* 01588 808D53A8 240538E4 */  addiu   $a1, $zero, 0x38E4         ## $a1 = 000038E4
/* 0158C 808D53AC 8FBF0024 */  lw      $ra, 0x0024($sp)           
.L808D53B0:
/* 01590 808D53B0 8FB00020 */  lw      $s0, 0x0020($sp)           
/* 01594 808D53B4 27BD0040 */  addiu   $sp, $sp, 0x0040           ## $sp = 00000000
/* 01598 808D53B8 03E00008 */  jr      $ra                        
/* 0159C 808D53BC 00000000 */  nop


glabel func_808D53C0
/* 015A0 808D53C0 27BDFFD8 */  addiu   $sp, $sp, 0xFFD8           ## $sp = FFFFFFD8
/* 015A4 808D53C4 AFBF0024 */  sw      $ra, 0x0024($sp)           
/* 015A8 808D53C8 AFA40028 */  sw      $a0, 0x0028($sp)           
/* 015AC 808D53CC AFA5002C */  sw      $a1, 0x002C($sp)           
/* 015B0 808D53D0 3C040601 */  lui     $a0, 0x0601                ## $a0 = 06010000
/* 015B4 808D53D4 0C04D1D2 */  jal     func_80134748              
/* 015B8 808D53D8 248413EC */  addiu   $a0, $a0, 0x13EC           ## $a0 = 060113EC
/* 015BC 808D53DC 44822000 */  mtc1    $v0, $f4                   ## $f4 = 0.00
/* 015C0 808D53E0 3C01C080 */  lui     $at, 0xC080                ## $at = C0800000
/* 015C4 808D53E4 44814000 */  mtc1    $at, $f8                   ## $f8 = -4.00
/* 015C8 808D53E8 468021A0 */  cvt.s.w $f6, $f4                   
/* 015CC 808D53EC 8FA40028 */  lw      $a0, 0x0028($sp)           
/* 015D0 808D53F0 3C050601 */  lui     $a1, 0x0601                ## $a1 = 06010000
/* 015D4 808D53F4 240E0001 */  addiu   $t6, $zero, 0x0001         ## $t6 = 00000001
/* 015D8 808D53F8 AFAE0014 */  sw      $t6, 0x0014($sp)           
/* 015DC 808D53FC 24A513EC */  addiu   $a1, $a1, 0x13EC           ## $a1 = 060113EC
/* 015E0 808D5400 E7A60010 */  swc1    $f6, 0x0010($sp)           
/* 015E4 808D5404 3C063F00 */  lui     $a2, 0x3F00                ## $a2 = 3F000000
/* 015E8 808D5408 24070000 */  addiu   $a3, $zero, 0x0000         ## $a3 = 00000000
/* 015EC 808D540C E7A80018 */  swc1    $f8, 0x0018($sp)           
/* 015F0 808D5410 0C04DCFA */  jal     func_801373E8              
/* 015F4 808D5414 24840144 */  addiu   $a0, $a0, 0x0144           ## $a0 = 00000144
/* 015F8 808D5418 8FA20028 */  lw      $v0, 0x0028($sp)           
/* 015FC 808D541C 3C18808D */  lui     $t8, %hi(func_808D5440)    ## $t8 = 808D0000
/* 01600 808D5420 240F0002 */  addiu   $t7, $zero, 0x0002         ## $t7 = 00000002
/* 01604 808D5424 27185440 */  addiu   $t8, $t8, %lo(func_808D5440) ## $t8 = 808D5440
/* 01608 808D5428 A04F03EF */  sb      $t7, 0x03EF($v0)           ## 000003EF
/* 0160C 808D542C AC580188 */  sw      $t8, 0x0188($v0)           ## 00000188
/* 01610 808D5430 8FBF0024 */  lw      $ra, 0x0024($sp)           
/* 01614 808D5434 27BD0028 */  addiu   $sp, $sp, 0x0028           ## $sp = 00000000
/* 01618 808D5438 03E00008 */  jr      $ra                        
/* 0161C 808D543C 00000000 */  nop


glabel func_808D5440
/* 01620 808D5440 27BDFFC0 */  addiu   $sp, $sp, 0xFFC0           ## $sp = FFFFFFC0
/* 01624 808D5444 AFB00020 */  sw      $s0, 0x0020($sp)           
/* 01628 808D5448 00808025 */  or      $s0, $a0, $zero            ## $s0 = 00000000
/* 0162C 808D544C AFBF0024 */  sw      $ra, 0x0024($sp)           
/* 01630 808D5450 AFA50044 */  sw      $a1, 0x0044($sp)           
/* 01634 808D5454 8FAE0044 */  lw      $t6, 0x0044($sp)           
/* 01638 808D5458 26050008 */  addiu   $a1, $s0, 0x0008           ## $a1 = 00000008
/* 0163C 808D545C 02002025 */  or      $a0, $s0, $zero            ## $a0 = 00000000
/* 01640 808D5460 8DCF1CCC */  lw      $t7, 0x1CCC($t6)           ## 00001CCC
/* 01644 808D5464 AFA50030 */  sw      $a1, 0x0030($sp)           
/* 01648 808D5468 0C02DB4B */  jal     func_800B6D2C              
/* 0164C 808D546C AFAF003C */  sw      $t7, 0x003C($sp)           
/* 01650 808D5470 A7A20036 */  sh      $v0, 0x0036($sp)           
/* 01654 808D5474 02002025 */  or      $a0, $s0, $zero            ## $a0 = 00000000
/* 01658 808D5478 0C02DB7E */  jal     func_800B6DF8              
/* 0165C 808D547C 8FA50030 */  lw      $a1, 0x0030($sp)           
/* 01660 808D5480 3C0140A0 */  lui     $at, 0x40A0                ## $at = 40A00000
/* 01664 808D5484 44812000 */  mtc1    $at, $f4                   ## $f4 = 5.00
/* 01668 808D5488 87A50036 */  lh      $a1, 0x0036($sp)           
/* 0166C 808D548C 240701C2 */  addiu   $a3, $zero, 0x01C2         ## $a3 = 000001C2
/* 01670 808D5490 4600203E */  c.le.s  $f4, $f0                   
/* 01674 808D5494 260400BE */  addiu   $a0, $s0, 0x00BE           ## $a0 = 000000BE
/* 01678 808D5498 24060001 */  addiu   $a2, $zero, 0x0001         ## $a2 = 00000001
/* 0167C 808D549C 45020008 */  bc1fl   .L808D54C0                 
/* 01680 808D54A0 44803000 */  mtc1    $zero, $f6                 ## $f6 = 0.00
/* 01684 808D54A4 260400BE */  addiu   $a0, $s0, 0x00BE           ## $a0 = 000000BE
/* 01688 808D54A8 24060001 */  addiu   $a2, $zero, 0x0001         ## $a2 = 00000001
/* 0168C 808D54AC 0C03FFAF */  jal     func_800FFEBC              
/* 01690 808D54B0 AFA00010 */  sw      $zero, 0x0010($sp)         
/* 01694 808D54B4 10000014 */  beq     $zero, $zero, .L808D5508   
/* 01698 808D54B8 260403D8 */  addiu   $a0, $s0, 0x03D8           ## $a0 = 000003D8
/* 0169C 808D54BC 44803000 */  mtc1    $zero, $f6                 ## $f6 = 0.00
.L808D54C0:
/* 016A0 808D54C0 86050016 */  lh      $a1, 0x0016($s0)           ## 00000016
/* 016A4 808D54C4 240701C2 */  addiu   $a3, $zero, 0x01C2         ## $a3 = 000001C2
/* 016A8 808D54C8 E6060070 */  swc1    $f6, 0x0070($s0)           ## 00000070
/* 016AC 808D54CC 0C03FFAF */  jal     func_800FFEBC              
/* 016B0 808D54D0 AFA00010 */  sw      $zero, 0x0010($sp)         
/* 016B4 808D54D4 5440000C */  bnel    $v0, $zero, .L808D5508     
/* 016B8 808D54D8 260403D8 */  addiu   $a0, $s0, 0x03D8           ## $a0 = 000003D8
/* 016BC 808D54DC 8618001C */  lh      $t8, 0x001C($s0)           ## 0000001C
/* 016C0 808D54E0 24010002 */  addiu   $at, $zero, 0x0002         ## $at = 00000002
/* 016C4 808D54E4 13010005 */  beq     $t8, $at, .L808D54FC       
/* 016C8 808D54E8 00000000 */  nop
/* 016CC 808D54EC 0C2350C2 */  jal     func_808D4308              
/* 016D0 808D54F0 02002025 */  or      $a0, $s0, $zero            ## $a0 = 00000000
/* 016D4 808D54F4 10000004 */  beq     $zero, $zero, .L808D5508   
/* 016D8 808D54F8 260403D8 */  addiu   $a0, $s0, 0x03D8           ## $a0 = 000003D8
.L808D54FC:
/* 016DC 808D54FC 0C23582C */  jal     func_808D60B0              
/* 016E0 808D5500 02002025 */  or      $a0, $s0, $zero            ## $a0 = 00000000
/* 016E4 808D5504 260403D8 */  addiu   $a0, $s0, 0x03D8           ## $a0 = 000003D8
.L808D5508:
/* 016E8 808D5508 00002825 */  or      $a1, $zero, $zero          ## $a1 = 00000000
/* 016EC 808D550C 24060001 */  addiu   $a2, $zero, 0x0001         ## $a2 = 00000001
/* 016F0 808D5510 24070064 */  addiu   $a3, $zero, 0x0064         ## $a3 = 00000064
/* 016F4 808D5514 0C03FFAF */  jal     func_800FFEBC              
/* 016F8 808D5518 AFA00010 */  sw      $zero, 0x0010($sp)         
/* 016FC 808D551C 260403DA */  addiu   $a0, $s0, 0x03DA           ## $a0 = 000003DA
/* 01700 808D5520 00002825 */  or      $a1, $zero, $zero          ## $a1 = 00000000
/* 01704 808D5524 24060001 */  addiu   $a2, $zero, 0x0001         ## $a2 = 00000001
/* 01708 808D5528 24070064 */  addiu   $a3, $zero, 0x0064         ## $a3 = 00000064
/* 0170C 808D552C 0C03FFAF */  jal     func_800FFEBC              
/* 01710 808D5530 AFA00010 */  sw      $zero, 0x0010($sp)         
/* 01714 808D5534 861900BE */  lh      $t9, 0x00BE($s0)           ## 000000BE
/* 01718 808D5538 26040144 */  addiu   $a0, $s0, 0x0144           ## $a0 = 00000144
/* 0171C 808D553C A6190032 */  sh      $t9, 0x0032($s0)           ## 00000032
/* 01720 808D5540 0C04DB34 */  jal     func_80136CD0              
/* 01724 808D5544 AFA4002C */  sw      $a0, 0x002C($sp)           
/* 01728 808D5548 8FA4003C */  lw      $a0, 0x003C($sp)           
/* 0172C 808D554C 3C01002C */  lui     $at, 0x002C                ## $at = 002C0000
/* 01730 808D5550 34216080 */  ori     $at, $at, 0x6080           ## $at = 002C6080
/* 01734 808D5554 8C880A6C */  lw      $t0, 0x0A6C($a0)           ## 00000A6C
/* 01738 808D5558 01014824 */  and     $t1, $t0, $at              
/* 0173C 808D555C 5520001A */  bnel    $t1, $zero, .L808D55C8     
/* 01740 808D5560 860C001C */  lh      $t4, 0x001C($s0)           ## 0000001C
/* 01744 808D5564 8C8A0A70 */  lw      $t2, 0x0A70($a0)           ## 00000A70
/* 01748 808D5568 314B4080 */  andi    $t3, $t2, 0x4080           ## $t3 = 00000000
/* 0174C 808D556C 55600016 */  bnel    $t3, $zero, .L808D55C8     
/* 01750 808D5570 860C001C */  lh      $t4, 0x001C($s0)           ## 0000001C
/* 01754 808D5574 9082014B */  lbu     $v0, 0x014B($a0)           ## 0000014B
/* 01758 808D5578 24010001 */  addiu   $at, $zero, 0x0001         ## $at = 00000001
/* 0175C 808D557C 10410011 */  beq     $v0, $at, .L808D55C4       
/* 01760 808D5580 24010003 */  addiu   $at, $zero, 0x0003         ## $at = 00000003
/* 01764 808D5584 50410010 */  beql    $v0, $at, .L808D55C8       
/* 01768 808D5588 860C001C */  lh      $t4, 0x001C($s0)           ## 0000001C
/* 0176C 808D558C 0C02DB7E */  jal     func_800B6DF8              
/* 01770 808D5590 8FA50030 */  lw      $a1, 0x0030($sp)           
/* 01774 808D5594 3C014316 */  lui     $at, 0x4316                ## $at = 43160000
/* 01778 808D5598 44814000 */  mtc1    $at, $f8                   ## $f8 = 150.00
/* 0177C 808D559C 02002025 */  or      $a0, $s0, $zero            ## $a0 = 00000000
/* 01780 808D55A0 4608003C */  c.lt.s  $f0, $f8                   
/* 01784 808D55A4 00000000 */  nop
/* 01788 808D55A8 45020007 */  bc1fl   .L808D55C8                 
/* 0178C 808D55AC 860C001C */  lh      $t4, 0x001C($s0)           ## 0000001C
/* 01790 808D55B0 A200001F */  sb      $zero, 0x001F($s0)         ## 0000001F
/* 01794 808D55B4 0C2353F8 */  jal     func_808D4FE0              
/* 01798 808D55B8 8FA50044 */  lw      $a1, 0x0044($sp)           
/* 0179C 808D55BC 1000000D */  beq     $zero, $zero, .L808D55F4   
/* 017A0 808D55C0 8FA4002C */  lw      $a0, 0x002C($sp)           
.L808D55C4:
/* 017A4 808D55C4 860C001C */  lh      $t4, 0x001C($s0)           ## 0000001C
.L808D55C8:
/* 017A8 808D55C8 5980000A */  blezl   $t4, .L808D55F4            
/* 017AC 808D55CC 8FA4002C */  lw      $a0, 0x002C($sp)           
/* 017B0 808D55D0 8E0D0120 */  lw      $t5, 0x0120($s0)           ## 00000120
/* 017B4 808D55D4 51A00006 */  beql    $t5, $zero, .L808D55F0     
/* 017B8 808D55D8 A20003EC */  sb      $zero, 0x03EC($s0)         ## 000003EC
/* 017BC 808D55DC 0C235598 */  jal     func_808D5660              
/* 017C0 808D55E0 02002025 */  or      $a0, $s0, $zero            ## $a0 = 00000000
/* 017C4 808D55E4 10000003 */  beq     $zero, $zero, .L808D55F4   
/* 017C8 808D55E8 8FA4002C */  lw      $a0, 0x002C($sp)           
/* 017CC 808D55EC A20003EC */  sb      $zero, 0x03EC($s0)         ## 000003EC
.L808D55F0:
/* 017D0 808D55F0 8FA4002C */  lw      $a0, 0x002C($sp)           
.L808D55F4:
/* 017D4 808D55F4 0C04DE2E */  jal     func_801378B8              
/* 017D8 808D55F8 3C054120 */  lui     $a1, 0x4120                ## $a1 = 41200000
/* 017DC 808D55FC 14400005 */  bne     $v0, $zero, .L808D5614     
/* 017E0 808D5600 8FA4002C */  lw      $a0, 0x002C($sp)           
/* 017E4 808D5604 0C04DE2E */  jal     func_801378B8              
/* 017E8 808D5608 3C0541B0 */  lui     $a1, 0x41B0                ## $a1 = 41B00000
/* 017EC 808D560C 10400006 */  beq     $v0, $zero, .L808D5628     
/* 017F0 808D5610 8FAE0044 */  lw      $t6, 0x0044($sp)           
.L808D5614:
/* 017F4 808D5614 02002025 */  or      $a0, $s0, $zero            ## $a0 = 00000000
/* 017F8 808D5618 0C02E3B2 */  jal     func_800B8EC8              
/* 017FC 808D561C 2405382E */  addiu   $a1, $zero, 0x382E         ## $a1 = 0000382E
/* 01800 808D5620 1000000B */  beq     $zero, $zero, .L808D5650   
/* 01804 808D5624 8FBF0024 */  lw      $ra, 0x0024($sp)           
.L808D5628:
/* 01808 808D5628 3C0F0002 */  lui     $t7, 0x0002                ## $t7 = 00020000
/* 0180C 808D562C 01EE7821 */  addu    $t7, $t7, $t6              
/* 01810 808D5630 8DEF8840 */  lw      $t7, -0x77C0($t7)          ## 00018840
/* 01814 808D5634 02002025 */  or      $a0, $s0, $zero            ## $a0 = 00000000
/* 01818 808D5638 31F8005F */  andi    $t8, $t7, 0x005F           ## $t8 = 00000000
/* 0181C 808D563C 57000004 */  bnel    $t8, $zero, .L808D5650     
/* 01820 808D5640 8FBF0024 */  lw      $ra, 0x0024($sp)           
/* 01824 808D5644 0C02E3B2 */  jal     func_800B8EC8              
/* 01828 808D5648 240538E4 */  addiu   $a1, $zero, 0x38E4         ## $a1 = 000038E4
/* 0182C 808D564C 8FBF0024 */  lw      $ra, 0x0024($sp)           
.L808D5650:
/* 01830 808D5650 8FB00020 */  lw      $s0, 0x0020($sp)           
/* 01834 808D5654 27BD0040 */  addiu   $sp, $sp, 0x0040           ## $sp = 00000000
/* 01838 808D5658 03E00008 */  jr      $ra                        
/* 0183C 808D565C 00000000 */  nop


glabel func_808D5660
/* 01840 808D5660 27BDFFD8 */  addiu   $sp, $sp, 0xFFD8           ## $sp = FFFFFFD8
/* 01844 808D5664 AFBF0024 */  sw      $ra, 0x0024($sp)           
/* 01848 808D5668 AFA40028 */  sw      $a0, 0x0028($sp)           
/* 0184C 808D566C 3C040601 */  lui     $a0, 0x0601                ## $a0 = 06010000
/* 01850 808D5670 0C04D1D2 */  jal     func_80134748              
/* 01854 808D5674 248413EC */  addiu   $a0, $a0, 0x13EC           ## $a0 = 060113EC
/* 01858 808D5678 44822000 */  mtc1    $v0, $f4                   ## $f4 = 0.00
/* 0185C 808D567C 3C01C080 */  lui     $at, 0xC080                ## $at = C0800000
/* 01860 808D5680 8FA30028 */  lw      $v1, 0x0028($sp)           
/* 01864 808D5684 468021A0 */  cvt.s.w $f6, $f4                   
/* 01868 808D5688 44814000 */  mtc1    $at, $f8                   ## $f8 = -4.00
/* 0186C 808D568C 3C050601 */  lui     $a1, 0x0601                ## $a1 = 06010000
/* 01870 808D5690 240E0001 */  addiu   $t6, $zero, 0x0001         ## $t6 = 00000001
/* 01874 808D5694 AFAE0014 */  sw      $t6, 0x0014($sp)           
/* 01878 808D5698 24A513EC */  addiu   $a1, $a1, 0x13EC           ## $a1 = 060113EC
/* 0187C 808D569C E7A60010 */  swc1    $f6, 0x0010($sp)           
/* 01880 808D56A0 3C063F00 */  lui     $a2, 0x3F00                ## $a2 = 3F000000
/* 01884 808D56A4 24070000 */  addiu   $a3, $zero, 0x0000         ## $a3 = 00000000
/* 01888 808D56A8 24640144 */  addiu   $a0, $v1, 0x0144           ## $a0 = 00000144
/* 0188C 808D56AC 0C04DCFA */  jal     func_801373E8              
/* 01890 808D56B0 E7A80018 */  swc1    $f8, 0x0018($sp)           
/* 01894 808D56B4 8FA30028 */  lw      $v1, 0x0028($sp)           
/* 01898 808D56B8 3C19808D */  lui     $t9, %hi(func_808D56E4)    ## $t9 = 808D0000
/* 0189C 808D56BC 240F0003 */  addiu   $t7, $zero, 0x0003         ## $t7 = 00000003
/* 018A0 808D56C0 24180001 */  addiu   $t8, $zero, 0x0001         ## $t8 = 00000001
/* 018A4 808D56C4 273956E4 */  addiu   $t9, $t9, %lo(func_808D56E4) ## $t9 = 808D56E4
/* 018A8 808D56C8 A06F03EF */  sb      $t7, 0x03EF($v1)           ## 000003EF
/* 018AC 808D56CC A07803EC */  sb      $t8, 0x03EC($v1)           ## 000003EC
/* 018B0 808D56D0 AC790188 */  sw      $t9, 0x0188($v1)           ## 00000188
/* 018B4 808D56D4 8FBF0024 */  lw      $ra, 0x0024($sp)           
/* 018B8 808D56D8 27BD0028 */  addiu   $sp, $sp, 0x0028           ## $sp = 00000000
/* 018BC 808D56DC 03E00008 */  jr      $ra                        
/* 018C0 808D56E0 00000000 */  nop


glabel func_808D56E4
/* 018C4 808D56E4 27BDFFC0 */  addiu   $sp, $sp, 0xFFC0           ## $sp = FFFFFFC0
/* 018C8 808D56E8 AFB00020 */  sw      $s0, 0x0020($sp)           
/* 018CC 808D56EC 00808025 */  or      $s0, $a0, $zero            ## $s0 = 00000000
/* 018D0 808D56F0 AFBF0024 */  sw      $ra, 0x0024($sp)           
/* 018D4 808D56F4 AFA50044 */  sw      $a1, 0x0044($sp)           
/* 018D8 808D56F8 8E020120 */  lw      $v0, 0x0120($s0)           ## 00000120
/* 018DC 808D56FC 02002025 */  or      $a0, $s0, $zero            ## $a0 = 00000000
/* 018E0 808D5700 10400037 */  beq     $v0, $zero, .L808D57E0     
/* 018E4 808D5704 00000000 */  nop
/* 018E8 808D5708 8C4F0024 */  lw      $t7, 0x0024($v0)           ## 00000024
/* 018EC 808D570C 27A5002C */  addiu   $a1, $sp, 0x002C           ## $a1 = FFFFFFEC
/* 018F0 808D5710 02002025 */  or      $a0, $s0, $zero            ## $a0 = 00000000
/* 018F4 808D5714 ACAF0000 */  sw      $t7, 0x0000($a1)           ## FFFFFFEC
/* 018F8 808D5718 8C4E0028 */  lw      $t6, 0x0028($v0)           ## 00000028
/* 018FC 808D571C ACAE0004 */  sw      $t6, 0x0004($a1)           ## FFFFFFF0
/* 01900 808D5720 8C4F002C */  lw      $t7, 0x002C($v0)           ## 0000002C
/* 01904 808D5724 0C02DB4B */  jal     func_800B6D2C              
/* 01908 808D5728 ACAF0008 */  sw      $t7, 0x0008($a1)           ## FFFFFFF4
/* 0190C 808D572C 00022C00 */  sll     $a1, $v0, 16               
/* 01910 808D5730 00052C03 */  sra     $a1, $a1, 16               
/* 01914 808D5734 260400BE */  addiu   $a0, $s0, 0x00BE           ## $a0 = 000000BE
/* 01918 808D5738 24060001 */  addiu   $a2, $zero, 0x0001         ## $a2 = 00000001
/* 0191C 808D573C 240700FA */  addiu   $a3, $zero, 0x00FA         ## $a3 = 000000FA
/* 01920 808D5740 0C03FFAF */  jal     func_800FFEBC              
/* 01924 808D5744 AFA00010 */  sw      $zero, 0x0010($sp)         
/* 01928 808D5748 02002025 */  or      $a0, $s0, $zero            ## $a0 = 00000000
/* 0192C 808D574C 0C02DB7E */  jal     func_800B6DF8              
/* 01930 808D5750 27A5002C */  addiu   $a1, $sp, 0x002C           ## $a1 = FFFFFFEC
/* 01934 808D5754 3C014234 */  lui     $at, 0x4234                ## $at = 42340000
/* 01938 808D5758 44812000 */  mtc1    $at, $f4                   ## $f4 = 45.00
/* 0193C 808D575C 3C01808D */  lui     $at, %hi(D_808D7160)       ## $at = 808D0000
/* 01940 808D5760 4600203E */  c.le.s  $f4, $f0                   
/* 01944 808D5764 00000000 */  nop
/* 01948 808D5768 45020005 */  bc1fl   .L808D5780                 
/* 0194C 808D576C 8618001C */  lh      $t8, 0x001C($s0)           ## 0000001C
/* 01950 808D5770 C4267160 */  lwc1    $f6, %lo(D_808D7160)($at)  
/* 01954 808D5774 1000000C */  beq     $zero, $zero, .L808D57A8   
/* 01958 808D5778 E6060070 */  swc1    $f6, 0x0070($s0)           ## 00000070
/* 0195C 808D577C 8618001C */  lh      $t8, 0x001C($s0)           ## 0000001C
.L808D5780:
/* 01960 808D5780 44804000 */  mtc1    $zero, $f8                 ## $f8 = 0.00
/* 01964 808D5784 24010002 */  addiu   $at, $zero, 0x0002         ## $at = 00000002
/* 01968 808D5788 13010005 */  beq     $t8, $at, .L808D57A0       
/* 0196C 808D578C E6080070 */  swc1    $f8, 0x0070($s0)           ## 00000070
/* 01970 808D5790 0C2350C2 */  jal     func_808D4308              
/* 01974 808D5794 02002025 */  or      $a0, $s0, $zero            ## $a0 = 00000000
/* 01978 808D5798 10000004 */  beq     $zero, $zero, .L808D57AC   
/* 0197C 808D579C 260403D8 */  addiu   $a0, $s0, 0x03D8           ## $a0 = 000003D8
.L808D57A0:
/* 01980 808D57A0 0C23582C */  jal     func_808D60B0              
/* 01984 808D57A4 02002025 */  or      $a0, $s0, $zero            ## $a0 = 00000000
.L808D57A8:
/* 01988 808D57A8 260403D8 */  addiu   $a0, $s0, 0x03D8           ## $a0 = 000003D8
.L808D57AC:
/* 0198C 808D57AC 00002825 */  or      $a1, $zero, $zero          ## $a1 = 00000000
/* 01990 808D57B0 24060001 */  addiu   $a2, $zero, 0x0001         ## $a2 = 00000001
/* 01994 808D57B4 24070064 */  addiu   $a3, $zero, 0x0064         ## $a3 = 00000064
/* 01998 808D57B8 0C03FFAF */  jal     func_800FFEBC              
/* 0199C 808D57BC AFA00010 */  sw      $zero, 0x0010($sp)         
/* 019A0 808D57C0 260403DA */  addiu   $a0, $s0, 0x03DA           ## $a0 = 000003DA
/* 019A4 808D57C4 00002825 */  or      $a1, $zero, $zero          ## $a1 = 00000000
/* 019A8 808D57C8 24060001 */  addiu   $a2, $zero, 0x0001         ## $a2 = 00000001
/* 019AC 808D57CC 24070064 */  addiu   $a3, $zero, 0x0064         ## $a3 = 00000064
/* 019B0 808D57D0 0C03FFAF */  jal     func_800FFEBC              
/* 019B4 808D57D4 AFA00010 */  sw      $zero, 0x0010($sp)         
/* 019B8 808D57D8 10000004 */  beq     $zero, $zero, .L808D57EC   
/* 019BC 808D57DC 861900BE */  lh      $t9, 0x00BE($s0)           ## 000000BE
.L808D57E0:
/* 019C0 808D57E0 0C2353F8 */  jal     func_808D4FE0              
/* 019C4 808D57E4 8FA50044 */  lw      $a1, 0x0044($sp)           
/* 019C8 808D57E8 861900BE */  lh      $t9, 0x00BE($s0)           ## 000000BE
.L808D57EC:
/* 019CC 808D57EC 26040144 */  addiu   $a0, $s0, 0x0144           ## $a0 = 00000144
/* 019D0 808D57F0 A6190032 */  sh      $t9, 0x0032($s0)           ## 00000032
/* 019D4 808D57F4 0C04DB34 */  jal     func_80136CD0              
/* 019D8 808D57F8 AFA40028 */  sw      $a0, 0x0028($sp)           
/* 019DC 808D57FC 8FA40028 */  lw      $a0, 0x0028($sp)           
/* 019E0 808D5800 0C04DE2E */  jal     func_801378B8              
/* 019E4 808D5804 3C054120 */  lui     $a1, 0x4120                ## $a1 = 41200000
/* 019E8 808D5808 14400005 */  bne     $v0, $zero, .L808D5820     
/* 019EC 808D580C 8FA40028 */  lw      $a0, 0x0028($sp)           
/* 019F0 808D5810 0C04DE2E */  jal     func_801378B8              
/* 019F4 808D5814 3C0541B0 */  lui     $a1, 0x41B0                ## $a1 = 41B00000
/* 019F8 808D5818 10400006 */  beq     $v0, $zero, .L808D5834     
/* 019FC 808D581C 8FA80044 */  lw      $t0, 0x0044($sp)           
.L808D5820:
/* 01A00 808D5820 02002025 */  or      $a0, $s0, $zero            ## $a0 = 00000000
/* 01A04 808D5824 0C02E3B2 */  jal     func_800B8EC8              
/* 01A08 808D5828 2405382E */  addiu   $a1, $zero, 0x382E         ## $a1 = 0000382E
/* 01A0C 808D582C 1000000B */  beq     $zero, $zero, .L808D585C   
/* 01A10 808D5830 8FBF0024 */  lw      $ra, 0x0024($sp)           
.L808D5834:
/* 01A14 808D5834 3C090002 */  lui     $t1, 0x0002                ## $t1 = 00020000
/* 01A18 808D5838 01284821 */  addu    $t1, $t1, $t0              
/* 01A1C 808D583C 8D298840 */  lw      $t1, -0x77C0($t1)          ## 00018840
/* 01A20 808D5840 02002025 */  or      $a0, $s0, $zero            ## $a0 = 00000000
/* 01A24 808D5844 312A005F */  andi    $t2, $t1, 0x005F           ## $t2 = 00000000
/* 01A28 808D5848 55400004 */  bnel    $t2, $zero, .L808D585C     
/* 01A2C 808D584C 8FBF0024 */  lw      $ra, 0x0024($sp)           
/* 01A30 808D5850 0C02E3B2 */  jal     func_800B8EC8              
/* 01A34 808D5854 240538E4 */  addiu   $a1, $zero, 0x38E4         ## $a1 = 000038E4
/* 01A38 808D5858 8FBF0024 */  lw      $ra, 0x0024($sp)           
.L808D585C:
/* 01A3C 808D585C 8FB00020 */  lw      $s0, 0x0020($sp)           
/* 01A40 808D5860 27BD0040 */  addiu   $sp, $sp, 0x0040           ## $sp = 00000000
/* 01A44 808D5864 03E00008 */  jr      $ra                        
/* 01A48 808D5868 00000000 */  nop


glabel func_808D586C
/* 01A4C 808D586C 27BDFFE8 */  addiu   $sp, $sp, 0xFFE8           ## $sp = FFFFFFE8
/* 01A50 808D5870 AFBF0014 */  sw      $ra, 0x0014($sp)           
/* 01A54 808D5874 00803025 */  or      $a2, $a0, $zero            ## $a2 = 00000000
/* 01A58 808D5878 3C050600 */  lui     $a1, 0x0600                ## $a1 = 06000000
/* 01A5C 808D587C 24A56EEC */  addiu   $a1, $a1, 0x6EEC           ## $a1 = 06006EEC
/* 01A60 808D5880 24C40144 */  addiu   $a0, $a2, 0x0144           ## $a0 = 00000144
/* 01A64 808D5884 0C04DD0C */  jal     func_80137430              
/* 01A68 808D5888 AFA60018 */  sw      $a2, 0x0018($sp)           
/* 01A6C 808D588C 8FA60018 */  lw      $a2, 0x0018($sp)           
/* 01A70 808D5890 44802000 */  mtc1    $zero, $f4                 ## $f4 = 0.00
/* 01A74 808D5894 3C18808D */  lui     $t8, %hi(func_808D58CC)    ## $t8 = 808D0000
/* 01A78 808D5898 240E00C8 */  addiu   $t6, $zero, 0x00C8         ## $t6 = 000000C8
/* 01A7C 808D589C 240F000A */  addiu   $t7, $zero, 0x000A         ## $t7 = 0000000A
/* 01A80 808D58A0 271858CC */  addiu   $t8, $t8, %lo(func_808D58CC) ## $t8 = 808D58CC
/* 01A84 808D58A4 A4C003D6 */  sh      $zero, 0x03D6($a2)         ## 000003D6
/* 01A88 808D58A8 A0C003EB */  sb      $zero, 0x03EB($a2)         ## 000003EB
/* 01A8C 808D58AC A0CE03EA */  sb      $t6, 0x03EA($a2)           ## 000003EA
/* 01A90 808D58B0 A0CF03EF */  sb      $t7, 0x03EF($a2)           ## 000003EF
/* 01A94 808D58B4 ACD80188 */  sw      $t8, 0x0188($a2)           ## 00000188
/* 01A98 808D58B8 E4C40070 */  swc1    $f4, 0x0070($a2)           ## 00000070
/* 01A9C 808D58BC 8FBF0014 */  lw      $ra, 0x0014($sp)           
/* 01AA0 808D58C0 27BD0018 */  addiu   $sp, $sp, 0x0018           ## $sp = 00000000
/* 01AA4 808D58C4 03E00008 */  jr      $ra                        
/* 01AA8 808D58C8 00000000 */  nop


glabel func_808D58CC
/* 01AAC 808D58CC 27BDFFB8 */  addiu   $sp, $sp, 0xFFB8           ## $sp = FFFFFFB8
/* 01AB0 808D58D0 AFB00024 */  sw      $s0, 0x0024($sp)           
/* 01AB4 808D58D4 00808025 */  or      $s0, $a0, $zero            ## $s0 = 00000000
/* 01AB8 808D58D8 AFBF002C */  sw      $ra, 0x002C($sp)           
/* 01ABC 808D58DC AFB10028 */  sw      $s1, 0x0028($sp)           
/* 01AC0 808D58E0 AFA5004C */  sw      $a1, 0x004C($sp)           
/* 01AC4 808D58E4 8FAE004C */  lw      $t6, 0x004C($sp)           
/* 01AC8 808D58E8 26040144 */  addiu   $a0, $s0, 0x0144           ## $a0 = 00000144
/* 01ACC 808D58EC 8DD11CCC */  lw      $s1, 0x1CCC($t6)           ## 00001CCC
/* 01AD0 808D58F0 0C04DB34 */  jal     func_80136CD0              
/* 01AD4 808D58F4 AFA40034 */  sw      $a0, 0x0034($sp)           
/* 01AD8 808D58F8 50400005 */  beql    $v0, $zero, .L808D5910     
/* 01ADC 808D58FC 921903EB */  lbu     $t9, 0x03EB($s0)           ## 000003EB
/* 01AE0 808D5900 920F03EB */  lbu     $t7, 0x03EB($s0)           ## 000003EB
/* 01AE4 808D5904 25F80001 */  addiu   $t8, $t7, 0x0001           ## $t8 = 00000001
/* 01AE8 808D5908 A21803EB */  sb      $t8, 0x03EB($s0)           ## 000003EB
/* 01AEC 808D590C 921903EB */  lbu     $t9, 0x03EB($s0)           ## 000003EB
.L808D5910:
/* 01AF0 808D5910 2F210005 */  sltiu   $at, $t9, 0x0005           
/* 01AF4 808D5914 102000CA */  beq     $at, $zero, .L808D5C40     
/* 01AF8 808D5918 0019C880 */  sll     $t9, $t9,  2               
/* 01AFC 808D591C 3C01808D */  lui     $at, %hi(D_808D7164)       ## $at = 808D0000
/* 01B00 808D5920 00390821 */  addu    $at, $at, $t9              
/* 01B04 808D5924 8C397164 */  lw      $t9, %lo(D_808D7164)($at)  
/* 01B08 808D5928 03200008 */  jr      $t9                        
/* 01B0C 808D592C 00000000 */  nop
.L808D5930:
/* 01B10 808D5930 3C050600 */  lui     $a1, 0x0600                ## $a1 = 06000000
/* 01B14 808D5934 24A56678 */  addiu   $a1, $a1, 0x6678           ## $a1 = 06006678
/* 01B18 808D5938 0C04DD50 */  jal     func_80137540              
/* 01B1C 808D593C 8FA40034 */  lw      $a0, 0x0034($sp)           
/* 01B20 808D5940 920803EB */  lbu     $t0, 0x03EB($s0)           ## 000003EB
/* 01B24 808D5944 8FA4004C */  lw      $a0, 0x004C($sp)           
/* 01B28 808D5948 3C190002 */  lui     $t9, 0x0002                ## $t9 = 00020000
/* 01B2C 808D594C 25090001 */  addiu   $t1, $t0, 0x0001           ## $t1 = 00000001
/* 01B30 808D5950 A20903EB */  sb      $t1, 0x03EB($s0)           ## 000003EB
/* 01B34 808D5954 0324C821 */  addu    $t9, $t9, $a0              
/* 01B38 808D5958 8F398784 */  lw      $t9, -0x787C($t9)          ## 00018784
/* 01B3C 808D595C 2405FFF8 */  addiu   $a1, $zero, 0xFFF8         ## $a1 = FFFFFFF8
/* 01B40 808D5960 0320F809 */  jalr    $ra, $t9                   
/* 01B44 808D5964 00000000 */  nop
/* 01B48 808D5968 C60C0098 */  lwc1    $f12, 0x0098($s0)          ## 00000098
/* 01B4C 808D596C 240500FF */  addiu   $a1, $zero, 0x00FF         ## $a1 = 000000FF
/* 01B50 808D5970 24060001 */  addiu   $a2, $zero, 0x0001         ## $a2 = 00000001
/* 01B54 808D5974 0C04FB38 */  jal     func_8013ECE0              
/* 01B58 808D5978 2407000C */  addiu   $a3, $zero, 0x000C         ## $a3 = 0000000C
/* 01B5C 808D597C 240A0014 */  addiu   $t2, $zero, 0x0014         ## $t2 = 00000014
/* 01B60 808D5980 A20A03EA */  sb      $t2, 0x03EA($s0)           ## 000003EA
.L808D5984:
/* 01B64 808D5984 260403D8 */  addiu   $a0, $s0, 0x03D8           ## $a0 = 000003D8
/* 01B68 808D5988 00002825 */  or      $a1, $zero, $zero          ## $a1 = 00000000
/* 01B6C 808D598C 24060001 */  addiu   $a2, $zero, 0x0001         ## $a2 = 00000001
/* 01B70 808D5990 240705DC */  addiu   $a3, $zero, 0x05DC         ## $a3 = 000005DC
/* 01B74 808D5994 0C03FFAF */  jal     func_800FFEBC              
/* 01B78 808D5998 AFA00010 */  sw      $zero, 0x0010($sp)         
/* 01B7C 808D599C 260403DA */  addiu   $a0, $s0, 0x03DA           ## $a0 = 000003DA
/* 01B80 808D59A0 00002825 */  or      $a1, $zero, $zero          ## $a1 = 00000000
/* 01B84 808D59A4 24060001 */  addiu   $a2, $zero, 0x0001         ## $a2 = 00000001
/* 01B88 808D59A8 240705DC */  addiu   $a3, $zero, 0x05DC         ## $a3 = 000005DC
/* 01B8C 808D59AC 0C03FFAF */  jal     func_800FFEBC              
/* 01B90 808D59B0 AFA00010 */  sw      $zero, 0x0010($sp)         
.L808D59B4:
/* 01B94 808D59B4 8E230A70 */  lw      $v1, 0x0A70($s1)           ## 00000A70
/* 01B98 808D59B8 30620080 */  andi    $v0, $v1, 0x0080           ## $v0 = 00000000
/* 01B9C 808D59BC 50400005 */  beql    $v0, $zero, .L808D59D4     
/* 01BA0 808D59C0 862C0B62 */  lh      $t4, 0x0B62($s1)           ## 00000B62
/* 01BA4 808D59C4 862B0B62 */  lh      $t3, 0x0B62($s1)           ## 00000B62
/* 01BA8 808D59C8 51600021 */  beql    $t3, $zero, .L808D5A50     
/* 01BAC 808D59CC 9239014B */  lbu     $t9, 0x014B($s1)           ## 0000014B
/* 01BB0 808D59D0 862C0B62 */  lh      $t4, 0x0B62($s1)           ## 00000B62
.L808D59D4:
/* 01BB4 808D59D4 11800007 */  beq     $t4, $zero, .L808D59F4     
/* 01BB8 808D59D8 00000000 */  nop
/* 01BBC 808D59DC 10400005 */  beq     $v0, $zero, .L808D59F4     
/* 01BC0 808D59E0 2401FF7F */  addiu   $at, $zero, 0xFF7F         ## $at = FFFFFF7F
/* 01BC4 808D59E4 00616824 */  and     $t5, $v1, $at              
/* 01BC8 808D59E8 240E0064 */  addiu   $t6, $zero, 0x0064         ## $t6 = 00000064
/* 01BCC 808D59EC AE2D0A70 */  sw      $t5, 0x0A70($s1)           ## 00000A70
/* 01BD0 808D59F0 A62E0AE8 */  sh      $t6, 0x0AE8($s1)           ## 00000AE8
.L808D59F4:
/* 01BD4 808D59F4 3C110600 */  lui     $s1, 0x0600                ## $s1 = 06000000
/* 01BD8 808D59F8 26316B08 */  addiu   $s1, $s1, 0x6B08           ## $s1 = 06006B08
/* 01BDC 808D59FC 0C04D1D2 */  jal     func_80134748              
/* 01BE0 808D5A00 02202025 */  or      $a0, $s1, $zero            ## $a0 = 06006B08
/* 01BE4 808D5A04 44822000 */  mtc1    $v0, $f4                   ## $f4 = 0.00
/* 01BE8 808D5A08 44800000 */  mtc1    $zero, $f0                 ## $f0 = 0.00
/* 01BEC 808D5A0C 240F0003 */  addiu   $t7, $zero, 0x0003         ## $t7 = 00000003
/* 01BF0 808D5A10 468021A0 */  cvt.s.w $f6, $f4                   
/* 01BF4 808D5A14 44070000 */  mfc1    $a3, $f0                   
/* 01BF8 808D5A18 AFAF0014 */  sw      $t7, 0x0014($sp)           
/* 01BFC 808D5A1C 8FA40034 */  lw      $a0, 0x0034($sp)           
/* 01C00 808D5A20 02202825 */  or      $a1, $s1, $zero            ## $a1 = 06006B08
/* 01C04 808D5A24 3C063F00 */  lui     $a2, 0x3F00                ## $a2 = 3F000000
/* 01C08 808D5A28 E7A60010 */  swc1    $f6, 0x0010($sp)           
/* 01C0C 808D5A2C 0C04DCFA */  jal     func_801373E8              
/* 01C10 808D5A30 E7A00018 */  swc1    $f0, 0x0018($sp)           
/* 01C14 808D5A34 921803EB */  lbu     $t8, 0x03EB($s0)           ## 000003EB
/* 01C18 808D5A38 24090004 */  addiu   $t1, $zero, 0x0004         ## $t1 = 00000004
/* 01C1C 808D5A3C A20903EF */  sb      $t1, 0x03EF($s0)           ## 000003EF
/* 01C20 808D5A40 27080001 */  addiu   $t0, $t8, 0x0001           ## $t0 = 00000001
/* 01C24 808D5A44 1000007E */  beq     $zero, $zero, .L808D5C40   
/* 01C28 808D5A48 A20803EB */  sb      $t0, 0x03EB($s0)           ## 000003EB
/* 01C2C 808D5A4C 9239014B */  lbu     $t9, 0x014B($s1)           ## 06006C53
.L808D5A50:
/* 01C30 808D5A50 2F210005 */  sltiu   $at, $t9, 0x0005           
/* 01C34 808D5A54 1020000E */  beq     $at, $zero, .L808D5A90     
/* 01C38 808D5A58 0019C880 */  sll     $t9, $t9,  2               
/* 01C3C 808D5A5C 3C01808D */  lui     $at, %hi(D_808D7178)       ## $at = 808D0000
/* 01C40 808D5A60 00390821 */  addu    $at, $at, $t9              
/* 01C44 808D5A64 8C397178 */  lw      $t9, %lo(D_808D7178)($at)  
/* 01C48 808D5A68 03200008 */  jr      $t9                        
/* 01C4C 808D5A6C 00000000 */  nop
.L808D5A70:
/* 01C50 808D5A70 44804000 */  mtc1    $zero, $f8                 ## $f8 = 0.00
/* 01C54 808D5A74 3C05C4BB */  lui     $a1, 0xC4BB                ## $a1 = C4BB0000
/* 01C58 808D5A78 34A58000 */  ori     $a1, $a1, 0x8000           ## $a1 = C4BB8000
/* 01C5C 808D5A7C 260400C4 */  addiu   $a0, $s0, 0x00C4           ## $a0 = 000000C4
/* 01C60 808D5A80 3C063F80 */  lui     $a2, 0x3F80                ## $a2 = 3F800000
/* 01C64 808D5A84 3C074316 */  lui     $a3, 0x4316                ## $a3 = 43160000
/* 01C68 808D5A88 0C03FF36 */  jal     func_800FFCD8              
/* 01C6C 808D5A8C E7A80010 */  swc1    $f8, 0x0010($sp)           
.L808D5A90:
/* 01C70 808D5A90 0C03FB61 */  jal     func_800FED84              
/* 01C74 808D5A94 862400BE */  lh      $a0, 0x00BE($s1)           ## 06006BC6
/* 01C78 808D5A98 3C01C1C8 */  lui     $at, 0xC1C8                ## $at = C1C80000
/* 01C7C 808D5A9C 44815000 */  mtc1    $at, $f10                  ## $f10 = -25.00
/* 01C80 808D5AA0 C6320024 */  lwc1    $f18, 0x0024($s1)          ## 06006B2C
/* 01C84 808D5AA4 44803000 */  mtc1    $zero, $f6                 ## $f6 = 0.00
/* 01C88 808D5AA8 460A0402 */  mul.s   $f16, $f0, $f10            
/* 01C8C 808D5AAC 26040024 */  addiu   $a0, $s0, 0x0024           ## $a0 = 00000024
/* 01C90 808D5AB0 3C063F80 */  lui     $a2, 0x3F80                ## $a2 = 3F800000
/* 01C94 808D5AB4 3C074120 */  lui     $a3, 0x4120                ## $a3 = 41200000
/* 01C98 808D5AB8 E7A60010 */  swc1    $f6, 0x0010($sp)           
/* 01C9C 808D5ABC 46128100 */  add.s   $f4, $f16, $f18            
/* 01CA0 808D5AC0 44052000 */  mfc1    $a1, $f4                   
/* 01CA4 808D5AC4 0C03FF36 */  jal     func_800FFCD8              
/* 01CA8 808D5AC8 00000000 */  nop
/* 01CAC 808D5ACC 44804000 */  mtc1    $zero, $f8                 ## $f8 = 0.00
/* 01CB0 808D5AD0 8E250028 */  lw      $a1, 0x0028($s1)           ## 06006B30
/* 01CB4 808D5AD4 26040028 */  addiu   $a0, $s0, 0x0028           ## $a0 = 00000028
/* 01CB8 808D5AD8 3C063F80 */  lui     $a2, 0x3F80                ## $a2 = 3F800000
/* 01CBC 808D5ADC 3C074120 */  lui     $a3, 0x4120                ## $a3 = 41200000
/* 01CC0 808D5AE0 0C03FF36 */  jal     func_800FFCD8              
/* 01CC4 808D5AE4 E7A80010 */  swc1    $f8, 0x0010($sp)           
/* 01CC8 808D5AE8 0C03FB51 */  jal     func_800FED44              
/* 01CCC 808D5AEC 862400BE */  lh      $a0, 0x00BE($s1)           ## 06006BC6
/* 01CD0 808D5AF0 3C01C1C8 */  lui     $at, 0xC1C8                ## $at = C1C80000
/* 01CD4 808D5AF4 44815000 */  mtc1    $at, $f10                  ## $f10 = -25.00
/* 01CD8 808D5AF8 C632002C */  lwc1    $f18, 0x002C($s1)          ## 06006B34
/* 01CDC 808D5AFC 44803000 */  mtc1    $zero, $f6                 ## $f6 = 0.00
/* 01CE0 808D5B00 460A0402 */  mul.s   $f16, $f0, $f10            
/* 01CE4 808D5B04 2604002C */  addiu   $a0, $s0, 0x002C           ## $a0 = 0000002C
/* 01CE8 808D5B08 3C063F80 */  lui     $a2, 0x3F80                ## $a2 = 3F800000
/* 01CEC 808D5B0C 3C074120 */  lui     $a3, 0x4120                ## $a3 = 41200000
/* 01CF0 808D5B10 E7A60010 */  swc1    $f6, 0x0010($sp)           
/* 01CF4 808D5B14 46128100 */  add.s   $f4, $f16, $f18            
/* 01CF8 808D5B18 44052000 */  mfc1    $a1, $f4                   
/* 01CFC 808D5B1C 0C03FF36 */  jal     func_800FFCD8              
/* 01D00 808D5B20 00000000 */  nop
/* 01D04 808D5B24 862500BE */  lh      $a1, 0x00BE($s1)           ## 06006BC6
/* 01D08 808D5B28 AFA00010 */  sw      $zero, 0x0010($sp)         
/* 01D0C 808D5B2C 260400BE */  addiu   $a0, $s0, 0x00BE           ## $a0 = 000000BE
/* 01D10 808D5B30 24060001 */  addiu   $a2, $zero, 0x0001         ## $a2 = 00000001
/* 01D14 808D5B34 0C03FFAF */  jal     func_800FFEBC              
/* 01D18 808D5B38 24071770 */  addiu   $a3, $zero, 0x1770         ## $a3 = 00001770
/* 01D1C 808D5B3C 8FA40034 */  lw      $a0, 0x0034($sp)           
/* 01D20 808D5B40 0C04DE2E */  jal     func_801378B8              
/* 01D24 808D5B44 24050000 */  addiu   $a1, $zero, 0x0000         ## $a1 = 00000000
/* 01D28 808D5B48 10400003 */  beq     $v0, $zero, .L808D5B58     
/* 01D2C 808D5B4C 02002025 */  or      $a0, $s0, $zero            ## $a0 = 00000000
/* 01D30 808D5B50 0C02E3B2 */  jal     func_800B8EC8              
/* 01D34 808D5B54 240538E8 */  addiu   $a1, $zero, 0x38E8         ## $a1 = 000038E8
.L808D5B58:
/* 01D38 808D5B58 920A03EA */  lbu     $t2, 0x03EA($s0)           ## 000003EA
/* 01D3C 808D5B5C 254BFFFF */  addiu   $t3, $t2, 0xFFFF           ## $t3 = FFFFFFFF
/* 01D40 808D5B60 316C00FF */  andi    $t4, $t3, 0x00FF           ## $t4 = 000000FF
/* 01D44 808D5B64 15800036 */  bne     $t4, $zero, .L808D5C40     
/* 01D48 808D5B68 A20B03EA */  sb      $t3, 0x03EA($s0)           ## 000003EA
/* 01D4C 808D5B6C 8FA4004C */  lw      $a0, 0x004C($sp)           
/* 01D50 808D5B70 3C190002 */  lui     $t9, 0x0002                ## $t9 = 00020000
/* 01D54 808D5B74 2405FFF8 */  addiu   $a1, $zero, 0xFFF8         ## $a1 = FFFFFFF8
/* 01D58 808D5B78 0324C821 */  addu    $t9, $t9, $a0              
/* 01D5C 808D5B7C 8F398784 */  lw      $t9, -0x787C($t9)          ## 00018784
/* 01D60 808D5B80 0320F809 */  jalr    $ra, $t9                   
/* 01D64 808D5B84 00000000 */  nop
/* 01D68 808D5B88 C60C0098 */  lwc1    $f12, 0x0098($s0)          ## 00000098
/* 01D6C 808D5B8C 240500F0 */  addiu   $a1, $zero, 0x00F0         ## $a1 = 000000F0
/* 01D70 808D5B90 24060001 */  addiu   $a2, $zero, 0x0001         ## $a2 = 00000001
/* 01D74 808D5B94 0C04FB38 */  jal     func_8013ECE0              
/* 01D78 808D5B98 2407000C */  addiu   $a3, $zero, 0x000C         ## $a3 = 0000000C
/* 01D7C 808D5B9C 240D0014 */  addiu   $t5, $zero, 0x0014         ## $t5 = 00000014
/* 01D80 808D5BA0 A20D03EA */  sb      $t5, 0x03EA($s0)           ## 000003EA
/* 01D84 808D5BA4 8E2E0A68 */  lw      $t6, 0x0A68($s1)           ## 06007570
/* 01D88 808D5BA8 02202025 */  or      $a0, $s1, $zero            ## $a0 = 06006B08
/* 01D8C 808D5BAC 95C50092 */  lhu     $a1, 0x0092($t6)           ## 00000092
/* 01D90 808D5BB0 24A56805 */  addiu   $a1, $a1, 0x6805           ## $a1 = 00006805
/* 01D94 808D5BB4 0C02E396 */  jal     func_800B8E58              
/* 01D98 808D5BB8 30A5FFFF */  andi    $a1, $a1, 0xFFFF           ## $a1 = 00006805
/* 01D9C 808D5BBC 10000021 */  beq     $zero, $zero, .L808D5C44   
/* 01DA0 808D5BC0 8FBF002C */  lw      $ra, 0x002C($sp)           
.L808D5BC4:
/* 01DA4 808D5BC4 922F014B */  lbu     $t7, 0x014B($s1)           ## 06006C53
/* 01DA8 808D5BC8 260400C4 */  addiu   $a0, $s0, 0x00C4           ## $a0 = 000000C4
/* 01DAC 808D5BCC 24050000 */  addiu   $a1, $zero, 0x0000         ## $a1 = 00000000
/* 01DB0 808D5BD0 11E0001B */  beq     $t7, $zero, .L808D5C40     
/* 01DB4 808D5BD4 3C063F80 */  lui     $a2, 0x3F80                ## $a2 = 3F800000
/* 01DB8 808D5BD8 44804000 */  mtc1    $zero, $f8                 ## $f8 = 0.00
/* 01DBC 808D5BDC 3C0743C8 */  lui     $a3, 0x43C8                ## $a3 = 43C80000
/* 01DC0 808D5BE0 0C03FF36 */  jal     func_800FFCD8              
/* 01DC4 808D5BE4 E7A80010 */  swc1    $f8, 0x0010($sp)           
/* 01DC8 808D5BE8 10000016 */  beq     $zero, $zero, .L808D5C44   
/* 01DCC 808D5BEC 8FBF002C */  lw      $ra, 0x002C($sp)           
.L808D5BF0:
/* 01DD0 808D5BF0 9238014B */  lbu     $t8, 0x014B($s1)           ## 06006C53
/* 01DD4 808D5BF4 260400C4 */  addiu   $a0, $s0, 0x00C4           ## $a0 = 000000C4
/* 01DD8 808D5BF8 24050000 */  addiu   $a1, $zero, 0x0000         ## $a1 = 00000000
/* 01DDC 808D5BFC 13000005 */  beq     $t8, $zero, .L808D5C14     
/* 01DE0 808D5C00 3C063F80 */  lui     $a2, 0x3F80                ## $a2 = 3F800000
/* 01DE4 808D5C04 44805000 */  mtc1    $zero, $f10                ## $f10 = 0.00
/* 01DE8 808D5C08 3C0743C8 */  lui     $a3, 0x43C8                ## $a3 = 43C80000
/* 01DEC 808D5C0C 0C03FF36 */  jal     func_800FFCD8              
/* 01DF0 808D5C10 E7AA0010 */  swc1    $f10, 0x0010($sp)          
.L808D5C14:
/* 01DF4 808D5C14 8E080004 */  lw      $t0, 0x0004($s0)           ## 00000004
/* 01DF8 808D5C18 240A000A */  addiu   $t2, $zero, 0x000A         ## $t2 = 0000000A
/* 01DFC 808D5C1C 240B000F */  addiu   $t3, $zero, 0x000F         ## $t3 = 0000000F
/* 01E00 808D5C20 35090001 */  ori     $t1, $t0, 0x0001           ## $t1 = 00000001
/* 01E04 808D5C24 A200001F */  sb      $zero, 0x001F($s0)         ## 0000001F
/* 01E08 808D5C28 AE090004 */  sw      $t1, 0x0004($s0)           ## 00000004
/* 01E0C 808D5C2C A20A03ED */  sb      $t2, 0x03ED($s0)           ## 000003ED
/* 01E10 808D5C30 A20B03EE */  sb      $t3, 0x03EE($s0)           ## 000003EE
/* 01E14 808D5C34 8FA5004C */  lw      $a1, 0x004C($sp)           
/* 01E18 808D5C38 0C2353F8 */  jal     func_808D4FE0              
/* 01E1C 808D5C3C 02002025 */  or      $a0, $s0, $zero            ## $a0 = 00000000
.L808D5C40:
/* 01E20 808D5C40 8FBF002C */  lw      $ra, 0x002C($sp)           
.L808D5C44:
/* 01E24 808D5C44 8FB00024 */  lw      $s0, 0x0024($sp)           
/* 01E28 808D5C48 8FB10028 */  lw      $s1, 0x0028($sp)           
/* 01E2C 808D5C4C 03E00008 */  jr      $ra                        
/* 01E30 808D5C50 27BD0048 */  addiu   $sp, $sp, 0x0048           ## $sp = 00000000


glabel func_808D5C54
/* 01E34 808D5C54 27BDFFD8 */  addiu   $sp, $sp, 0xFFD8           ## $sp = FFFFFFD8
/* 01E38 808D5C58 AFBF0024 */  sw      $ra, 0x0024($sp)           
/* 01E3C 808D5C5C AFA40028 */  sw      $a0, 0x0028($sp)           
/* 01E40 808D5C60 3C040600 */  lui     $a0, 0x0600                ## $a0 = 06000000
/* 01E44 808D5C64 0C04D1D2 */  jal     func_80134748              
/* 01E48 808D5C68 248473A4 */  addiu   $a0, $a0, 0x73A4           ## $a0 = 060073A4
/* 01E4C 808D5C6C 44822000 */  mtc1    $v0, $f4                   ## $f4 = 0.00
/* 01E50 808D5C70 44800000 */  mtc1    $zero, $f0                 ## $f0 = 0.00
/* 01E54 808D5C74 8FA40028 */  lw      $a0, 0x0028($sp)           
/* 01E58 808D5C78 468021A0 */  cvt.s.w $f6, $f4                   
/* 01E5C 808D5C7C 3C050600 */  lui     $a1, 0x0600                ## $a1 = 06000000
/* 01E60 808D5C80 240E0002 */  addiu   $t6, $zero, 0x0002         ## $t6 = 00000002
/* 01E64 808D5C84 44060000 */  mfc1    $a2, $f0                   
/* 01E68 808D5C88 44070000 */  mfc1    $a3, $f0                   
/* 01E6C 808D5C8C AFAE0014 */  sw      $t6, 0x0014($sp)           
/* 01E70 808D5C90 24A573A4 */  addiu   $a1, $a1, 0x73A4           ## $a1 = 060073A4
/* 01E74 808D5C94 E7A60010 */  swc1    $f6, 0x0010($sp)           
/* 01E78 808D5C98 24840144 */  addiu   $a0, $a0, 0x0144           ## $a0 = 00000144
/* 01E7C 808D5C9C 0C04DCFA */  jal     func_801373E8              
/* 01E80 808D5CA0 E7A00018 */  swc1    $f0, 0x0018($sp)           
/* 01E84 808D5CA4 8FA20028 */  lw      $v0, 0x0028($sp)           
/* 01E88 808D5CA8 3C18808D */  lui     $t8, %hi(func_808D5CCC)    ## $t8 = 808D0000
/* 01E8C 808D5CAC 240F0007 */  addiu   $t7, $zero, 0x0007         ## $t7 = 00000007
/* 01E90 808D5CB0 27185CCC */  addiu   $t8, $t8, %lo(func_808D5CCC) ## $t8 = 808D5CCC
/* 01E94 808D5CB4 A04F03EF */  sb      $t7, 0x03EF($v0)           ## 000003EF
/* 01E98 808D5CB8 AC580188 */  sw      $t8, 0x0188($v0)           ## 00000188
/* 01E9C 808D5CBC 8FBF0024 */  lw      $ra, 0x0024($sp)           
/* 01EA0 808D5CC0 27BD0028 */  addiu   $sp, $sp, 0x0028           ## $sp = 00000000
/* 01EA4 808D5CC4 03E00008 */  jr      $ra                        
/* 01EA8 808D5CC8 00000000 */  nop


glabel func_808D5CCC
/* 01EAC 808D5CCC 27BDFFE0 */  addiu   $sp, $sp, 0xFFE0           ## $sp = FFFFFFE0
/* 01EB0 808D5CD0 AFB00018 */  sw      $s0, 0x0018($sp)           
/* 01EB4 808D5CD4 00808025 */  or      $s0, $a0, $zero            ## $s0 = 00000000
/* 01EB8 808D5CD8 AFBF001C */  sw      $ra, 0x001C($sp)           
/* 01EBC 808D5CDC AFA50024 */  sw      $a1, 0x0024($sp)           
/* 01EC0 808D5CE0 860F0092 */  lh      $t7, 0x0092($s0)           ## 00000092
/* 01EC4 808D5CE4 861800BE */  lh      $t8, 0x00BE($s0)           ## 000000BE
/* 01EC8 808D5CE8 860903D8 */  lh      $t1, 0x03D8($s0)           ## 000003D8
/* 01ECC 808D5CEC 860B03DA */  lh      $t3, 0x03DA($s0)           ## 000003DA
/* 01ED0 808D5CF0 01F8C823 */  subu    $t9, $t7, $t8              
/* 01ED4 808D5CF4 03295023 */  subu    $t2, $t9, $t1              
/* 01ED8 808D5CF8 014B1023 */  subu    $v0, $t2, $t3              
/* 01EDC 808D5CFC 8FAE0024 */  lw      $t6, 0x0024($sp)           
/* 01EE0 808D5D00 00021400 */  sll     $v0, $v0, 16               
/* 01EE4 808D5D04 00021403 */  sra     $v0, $v0, 16               
/* 01EE8 808D5D08 04410003 */  bgez    $v0, .L808D5D18            
/* 01EEC 808D5D0C 8DC81CCC */  lw      $t0, 0x1CCC($t6)           ## 00001CCC
/* 01EF0 808D5D10 10000002 */  beq     $zero, $zero, .L808D5D1C   
/* 01EF4 808D5D14 00021823 */  subu    $v1, $zero, $v0            
.L808D5D18:
/* 01EF8 808D5D18 00401825 */  or      $v1, $v0, $zero            ## $v1 = 00000000
.L808D5D1C:
/* 01EFC 808D5D1C 28612008 */  slti    $at, $v1, 0x2008           
/* 01F00 808D5D20 50200015 */  beql    $at, $zero, .L808D5D78     
/* 01F04 808D5D24 8FBF001C */  lw      $ra, 0x001C($sp)           
/* 01F08 808D5D28 860C03DC */  lh      $t4, 0x03DC($s0)           ## 000003DC
/* 01F0C 808D5D2C 240E003C */  addiu   $t6, $zero, 0x003C         ## $t6 = 0000003C
/* 01F10 808D5D30 240500FF */  addiu   $a1, $zero, 0x00FF         ## $a1 = 000000FF
/* 01F14 808D5D34 318D0080 */  andi    $t5, $t4, 0x0080           ## $t5 = 00000000
/* 01F18 808D5D38 15A00008 */  bne     $t5, $zero, .L808D5D5C     
/* 01F1C 808D5D3C 24060014 */  addiu   $a2, $zero, 0x0014         ## $a2 = 00000014
/* 01F20 808D5D40 A50E0118 */  sh      $t6, 0x0118($t0)           ## 00000118
/* 01F24 808D5D44 C60C0098 */  lwc1    $f12, 0x0098($s0)          ## 00000098
/* 01F28 808D5D48 0C04FB38 */  jal     func_8013ECE0              
/* 01F2C 808D5D4C 24070096 */  addiu   $a3, $zero, 0x0096         ## $a3 = 00000096
/* 01F30 808D5D50 8FA40024 */  lw      $a0, 0x0024($sp)           
/* 01F34 808D5D54 0C048FA4 */  jal     func_80123E90              
/* 01F38 808D5D58 02002825 */  or      $a1, $s0, $zero            ## $a1 = 00000000
.L808D5D5C:
/* 01F3C 808D5D5C 02002025 */  or      $a0, $s0, $zero            ## $a0 = 00000000
/* 01F40 808D5D60 0C02E3B2 */  jal     func_800B8EC8              
/* 01F44 808D5D64 240538E5 */  addiu   $a1, $zero, 0x38E5         ## $a1 = 000038E5
/* 01F48 808D5D68 02002025 */  or      $a0, $s0, $zero            ## $a0 = 00000000
/* 01F4C 808D5D6C 0C2353F8 */  jal     func_808D4FE0              
/* 01F50 808D5D70 8FA50024 */  lw      $a1, 0x0024($sp)           
/* 01F54 808D5D74 8FBF001C */  lw      $ra, 0x001C($sp)           
.L808D5D78:
/* 01F58 808D5D78 8FB00018 */  lw      $s0, 0x0018($sp)           
/* 01F5C 808D5D7C 27BD0020 */  addiu   $sp, $sp, 0x0020           ## $sp = 00000000
/* 01F60 808D5D80 03E00008 */  jr      $ra                        
/* 01F64 808D5D84 00000000 */  nop


glabel func_808D5D88
/* 01F68 808D5D88 27BDFFE8 */  addiu   $sp, $sp, 0xFFE8           ## $sp = FFFFFFE8
/* 01F6C 808D5D8C AFBF0014 */  sw      $ra, 0x0014($sp)           
/* 01F70 808D5D90 00803825 */  or      $a3, $a0, $zero            ## $a3 = 00000000
/* 01F74 808D5D94 240E0008 */  addiu   $t6, $zero, 0x0008         ## $t6 = 00000008
/* 01F78 808D5D98 A0EE03EF */  sb      $t6, 0x03EF($a3)           ## 000003EF
/* 01F7C 808D5D9C 3C050601 */  lui     $a1, 0x0601                ## $a1 = 06010000
/* 01F80 808D5DA0 24A59900 */  addiu   $a1, $a1, 0x9900           ## $a1 = 06009900
/* 01F84 808D5DA4 AFA70018 */  sw      $a3, 0x0018($sp)           
/* 01F88 808D5DA8 24E40144 */  addiu   $a0, $a3, 0x0144           ## $a0 = 00000144
/* 01F8C 808D5DAC 0C04DD22 */  jal     func_80137488              
/* 01F90 808D5DB0 3C06C0C0 */  lui     $a2, 0xC0C0                ## $a2 = C0C00000
/* 01F94 808D5DB4 3C01C000 */  lui     $at, 0xC000                ## $at = C0000000
/* 01F98 808D5DB8 8FA40018 */  lw      $a0, 0x0018($sp)           
/* 01F9C 808D5DBC 44812000 */  mtc1    $at, $f4                   ## $f4 = -2.00
/* 01FA0 808D5DC0 240538E6 */  addiu   $a1, $zero, 0x38E6         ## $a1 = 000038E6
/* 01FA4 808D5DC4 0C02E3B2 */  jal     func_800B8EC8              
/* 01FA8 808D5DC8 E4840070 */  swc1    $f4, 0x0070($a0)           ## 00000070
/* 01FAC 808D5DCC 8FA70018 */  lw      $a3, 0x0018($sp)           
/* 01FB0 808D5DD0 3C18808D */  lui     $t8, %hi(func_808D5DF4)    ## $t8 = 808D0000
/* 01FB4 808D5DD4 240F0008 */  addiu   $t7, $zero, 0x0008         ## $t7 = 00000008
/* 01FB8 808D5DD8 27185DF4 */  addiu   $t8, $t8, %lo(func_808D5DF4) ## $t8 = 808D5DF4
/* 01FBC 808D5DDC A0EF03EF */  sb      $t7, 0x03EF($a3)           ## 000003EF
/* 01FC0 808D5DE0 ACF80188 */  sw      $t8, 0x0188($a3)           ## 00000188
/* 01FC4 808D5DE4 8FBF0014 */  lw      $ra, 0x0014($sp)           
/* 01FC8 808D5DE8 27BD0018 */  addiu   $sp, $sp, 0x0018           ## $sp = 00000000
/* 01FCC 808D5DEC 03E00008 */  jr      $ra                        
/* 01FD0 808D5DF0 00000000 */  nop


glabel func_808D5DF4
/* 01FD4 808D5DF4 27BDFFD8 */  addiu   $sp, $sp, 0xFFD8           ## $sp = FFFFFFD8
/* 01FD8 808D5DF8 AFB00020 */  sw      $s0, 0x0020($sp)           
/* 01FDC 808D5DFC 00808025 */  or      $s0, $a0, $zero            ## $s0 = 00000000
/* 01FE0 808D5E00 AFBF0024 */  sw      $ra, 0x0024($sp)           
/* 01FE4 808D5E04 AFA5002C */  sw      $a1, 0x002C($sp)           
/* 01FE8 808D5E08 C6000070 */  lwc1    $f0, 0x0070($s0)           ## 00000070
/* 01FEC 808D5E0C 44802000 */  mtc1    $zero, $f4                 ## $f4 = 0.00
/* 01FF0 808D5E10 3C01808D */  lui     $at, %hi(D_808D718C)       ## $at = 808D0000
/* 01FF4 808D5E14 260403D8 */  addiu   $a0, $s0, 0x03D8           ## $a0 = 000003D8
/* 01FF8 808D5E18 4604003C */  c.lt.s  $f0, $f4                   
/* 01FFC 808D5E1C 00002825 */  or      $a1, $zero, $zero          ## $a1 = 00000000
/* 02000 808D5E20 45020005 */  bc1fl   .L808D5E38                 
/* 02004 808D5E24 860E0092 */  lh      $t6, 0x0092($s0)           ## 00000092
/* 02008 808D5E28 C426718C */  lwc1    $f6, %lo(D_808D718C)($at)  
/* 0200C 808D5E2C 46060200 */  add.s   $f8, $f0, $f6              
/* 02010 808D5E30 E6080070 */  swc1    $f8, 0x0070($s0)           ## 00000070
/* 02014 808D5E34 860E0092 */  lh      $t6, 0x0092($s0)           ## 00000092
.L808D5E38:
/* 02018 808D5E38 24060001 */  addiu   $a2, $zero, 0x0001         ## $a2 = 00000001
/* 0201C 808D5E3C 2407012C */  addiu   $a3, $zero, 0x012C         ## $a3 = 0000012C
/* 02020 808D5E40 A60E0032 */  sh      $t6, 0x0032($s0)           ## 00000032
/* 02024 808D5E44 0C03FFAF */  jal     func_800FFEBC              
/* 02028 808D5E48 AFA00010 */  sw      $zero, 0x0010($sp)         
/* 0202C 808D5E4C 260403DA */  addiu   $a0, $s0, 0x03DA           ## $a0 = 000003DA
/* 02030 808D5E50 00002825 */  or      $a1, $zero, $zero          ## $a1 = 00000000
/* 02034 808D5E54 24060001 */  addiu   $a2, $zero, 0x0001         ## $a2 = 00000001
/* 02038 808D5E58 2407012C */  addiu   $a3, $zero, 0x012C         ## $a3 = 0000012C
/* 0203C 808D5E5C 0C03FFAF */  jal     func_800FFEBC              
/* 02040 808D5E60 AFA00010 */  sw      $zero, 0x0010($sp)         
/* 02044 808D5E64 0C04DB34 */  jal     func_80136CD0              
/* 02048 808D5E68 26040144 */  addiu   $a0, $s0, 0x0144           ## $a0 = 00000144
/* 0204C 808D5E6C 50400006 */  beql    $v0, $zero, .L808D5E88     
/* 02050 808D5E70 8FBF0024 */  lw      $ra, 0x0024($sp)           
/* 02054 808D5E74 860F00BE */  lh      $t7, 0x00BE($s0)           ## 000000BE
/* 02058 808D5E78 02002025 */  or      $a0, $s0, $zero            ## $a0 = 00000000
/* 0205C 808D5E7C 0C2357A6 */  jal     func_808D5E98              
/* 02060 808D5E80 A60F0032 */  sh      $t7, 0x0032($s0)           ## 00000032
/* 02064 808D5E84 8FBF0024 */  lw      $ra, 0x0024($sp)           
.L808D5E88:
/* 02068 808D5E88 8FB00020 */  lw      $s0, 0x0020($sp)           
/* 0206C 808D5E8C 27BD0028 */  addiu   $sp, $sp, 0x0028           ## $sp = 00000000
/* 02070 808D5E90 03E00008 */  jr      $ra                        
/* 02074 808D5E94 00000000 */  nop


glabel func_808D5E98
/* 02078 808D5E98 27BDFFD8 */  addiu   $sp, $sp, 0xFFD8           ## $sp = FFFFFFD8
/* 0207C 808D5E9C AFBF0024 */  sw      $ra, 0x0024($sp)           
/* 02080 808D5EA0 AFA40028 */  sw      $a0, 0x0028($sp)           
/* 02084 808D5EA4 3C040601 */  lui     $a0, 0x0601                ## $a0 = 06010000
/* 02088 808D5EA8 0C04D1D2 */  jal     func_80134748              
/* 0208C 808D5EAC 248413EC */  addiu   $a0, $a0, 0x13EC           ## $a0 = 060113EC
/* 02090 808D5EB0 44822000 */  mtc1    $v0, $f4                   ## $f4 = 0.00
/* 02094 808D5EB4 3C01C080 */  lui     $at, 0xC080                ## $at = C0800000
/* 02098 808D5EB8 8FA30028 */  lw      $v1, 0x0028($sp)           
/* 0209C 808D5EBC 468021A0 */  cvt.s.w $f6, $f4                   
/* 020A0 808D5EC0 44814000 */  mtc1    $at, $f8                   ## $f8 = -4.00
/* 020A4 808D5EC4 3C050601 */  lui     $a1, 0x0601                ## $a1 = 06010000
/* 020A8 808D5EC8 240E0001 */  addiu   $t6, $zero, 0x0001         ## $t6 = 00000001
/* 020AC 808D5ECC AFAE0014 */  sw      $t6, 0x0014($sp)           
/* 020B0 808D5ED0 24A513EC */  addiu   $a1, $a1, 0x13EC           ## $a1 = 060113EC
/* 020B4 808D5ED4 E7A60010 */  swc1    $f6, 0x0010($sp)           
/* 020B8 808D5ED8 3C063F00 */  lui     $a2, 0x3F00                ## $a2 = 3F000000
/* 020BC 808D5EDC 24070000 */  addiu   $a3, $zero, 0x0000         ## $a3 = 00000000
/* 020C0 808D5EE0 24640144 */  addiu   $a0, $v1, 0x0144           ## $a0 = 00000144
/* 020C4 808D5EE4 0C04DCFA */  jal     func_801373E8              
/* 020C8 808D5EE8 E7A80018 */  swc1    $f8, 0x0018($sp)           
/* 020CC 808D5EEC 8FA30028 */  lw      $v1, 0x0028($sp)           
/* 020D0 808D5EF0 3C18808D */  lui     $t8, %hi(func_808D5F18)    ## $t8 = 808D0000
/* 020D4 808D5EF4 240F0009 */  addiu   $t7, $zero, 0x0009         ## $t7 = 00000009
/* 020D8 808D5EF8 27185F18 */  addiu   $t8, $t8, %lo(func_808D5F18) ## $t8 = 808D5F18
/* 020DC 808D5EFC A06F03EF */  sb      $t7, 0x03EF($v1)           ## 000003EF
/* 020E0 808D5F00 A46003D4 */  sh      $zero, 0x03D4($v1)         ## 000003D4
/* 020E4 808D5F04 AC780188 */  sw      $t8, 0x0188($v1)           ## 00000188
/* 020E8 808D5F08 8FBF0024 */  lw      $ra, 0x0024($sp)           
/* 020EC 808D5F0C 27BD0028 */  addiu   $sp, $sp, 0x0028           ## $sp = 00000000
/* 020F0 808D5F10 03E00008 */  jr      $ra                        
/* 020F4 808D5F14 00000000 */  nop


glabel func_808D5F18
/* 020F8 808D5F18 27BDFFD8 */  addiu   $sp, $sp, 0xFFD8           ## $sp = FFFFFFD8
/* 020FC 808D5F1C AFB00020 */  sw      $s0, 0x0020($sp)           
/* 02100 808D5F20 00808025 */  or      $s0, $a0, $zero            ## $s0 = 00000000
/* 02104 808D5F24 AFBF0024 */  sw      $ra, 0x0024($sp)           
/* 02108 808D5F28 AFA5002C */  sw      $a1, 0x002C($sp)           
/* 0210C 808D5F2C 86050092 */  lh      $a1, 0x0092($s0)           ## 00000092
/* 02110 808D5F30 34018000 */  ori     $at, $zero, 0x8000         ## $at = 00008000
/* 02114 808D5F34 240E00C8 */  addiu   $t6, $zero, 0x00C8         ## $t6 = 000000C8
/* 02118 808D5F38 00A12821 */  addu    $a1, $a1, $at              
/* 0211C 808D5F3C 00052C00 */  sll     $a1, $a1, 16               
/* 02120 808D5F40 00052C03 */  sra     $a1, $a1, 16               
/* 02124 808D5F44 AFAE0010 */  sw      $t6, 0x0010($sp)           
/* 02128 808D5F48 26040032 */  addiu   $a0, $s0, 0x0032           ## $a0 = 00000032
/* 0212C 808D5F4C 24060005 */  addiu   $a2, $zero, 0x0005         ## $a2 = 00000005
/* 02130 808D5F50 0C03FFAF */  jal     func_800FFEBC              
/* 02134 808D5F54 24070DAC */  addiu   $a3, $zero, 0x0DAC         ## $a3 = 00000DAC
/* 02138 808D5F58 860203D4 */  lh      $v0, 0x03D4($s0)           ## 000003D4
/* 0213C 808D5F5C 860F0032 */  lh      $t7, 0x0032($s0)           ## 00000032
/* 02140 808D5F60 02002025 */  or      $a0, $s0, $zero            ## $a0 = 00000000
/* 02144 808D5F64 2841003D */  slti    $at, $v0, 0x003D           
/* 02148 808D5F68 14200005 */  bne     $at, $zero, .L808D5F80     
/* 0214C 808D5F6C A60F00BE */  sh      $t7, 0x00BE($s0)           ## 000000BE
/* 02150 808D5F70 0C2354F0 */  jal     func_808D53C0              
/* 02154 808D5F74 8FA5002C */  lw      $a1, 0x002C($sp)           
/* 02158 808D5F78 1000001E */  beq     $zero, $zero, .L808D5FF4   
/* 0215C 808D5F7C A60003D4 */  sh      $zero, 0x03D4($s0)         ## 000003D4
.L808D5F80:
/* 02160 808D5F80 00022140 */  sll     $a0, $v0,  5               
/* 02164 808D5F84 00822023 */  subu    $a0, $a0, $v0              
/* 02168 808D5F88 00042080 */  sll     $a0, $a0,  2               
/* 0216C 808D5F8C 00822021 */  addu    $a0, $a0, $v0              
/* 02170 808D5F90 00042140 */  sll     $a0, $a0,  5               
/* 02174 808D5F94 00042400 */  sll     $a0, $a0, 16               
/* 02178 808D5F98 0C03FB61 */  jal     func_800FED84              
/* 0217C 808D5F9C 00042403 */  sra     $a0, $a0, 16               
/* 02180 808D5FA0 861803D4 */  lh      $t8, 0x03D4($s0)           ## 000003D4
/* 02184 808D5FA4 2419003C */  addiu   $t9, $zero, 0x003C         ## $t9 = 0000003C
/* 02188 808D5FA8 3C014270 */  lui     $at, 0x4270                ## $at = 42700000
/* 0218C 808D5FAC 03384023 */  subu    $t0, $t9, $t8              
/* 02190 808D5FB0 44882000 */  mtc1    $t0, $f4                   ## $f4 = 0.00
/* 02194 808D5FB4 44814000 */  mtc1    $at, $f8                   ## $f8 = 60.00
/* 02198 808D5FB8 3C01808D */  lui     $at, %hi(D_808D7190)       ## $at = 808D0000
/* 0219C 808D5FBC 468021A0 */  cvt.s.w $f6, $f4                   
/* 021A0 808D5FC0 C4307190 */  lwc1    $f16, %lo(D_808D7190)($at) 
/* 021A4 808D5FC4 26040144 */  addiu   $a0, $s0, 0x0144           ## $a0 = 00000144
/* 021A8 808D5FC8 46083283 */  div.s   $f10, $f6, $f8             
/* 021AC 808D5FCC 460A8482 */  mul.s   $f18, $f16, $f10           
/* 021B0 808D5FD0 00000000 */  nop
/* 021B4 808D5FD4 46120102 */  mul.s   $f4, $f0, $f18             
/* 021B8 808D5FD8 4600218D */  trunc.w.s $f6, $f4                   
/* 021BC 808D5FDC 440A3000 */  mfc1    $t2, $f6                   
/* 021C0 808D5FE0 0C04DB34 */  jal     func_80136CD0              
/* 021C4 808D5FE4 A60A03D8 */  sh      $t2, 0x03D8($s0)           ## 000003D8
/* 021C8 808D5FE8 860B03D4 */  lh      $t3, 0x03D4($s0)           ## 000003D4
/* 021CC 808D5FEC 256C0001 */  addiu   $t4, $t3, 0x0001           ## $t4 = 00000001
/* 021D0 808D5FF0 A60C03D4 */  sh      $t4, 0x03D4($s0)           ## 000003D4
.L808D5FF4:
/* 021D4 808D5FF4 8FBF0024 */  lw      $ra, 0x0024($sp)           
/* 021D8 808D5FF8 8FB00020 */  lw      $s0, 0x0020($sp)           
/* 021DC 808D5FFC 27BD0028 */  addiu   $sp, $sp, 0x0028           ## $sp = 00000000
/* 021E0 808D6000 03E00008 */  jr      $ra                        
/* 021E4 808D6004 00000000 */  nop


glabel func_808D6008
/* 021E8 808D6008 27BDFFE8 */  addiu   $sp, $sp, 0xFFE8           ## $sp = FFFFFFE8
/* 021EC 808D600C AFBF0014 */  sw      $ra, 0x0014($sp)           
/* 021F0 808D6010 00803825 */  or      $a3, $a0, $zero            ## $a3 = 00000000
/* 021F4 808D6014 3C050601 */  lui     $a1, 0x0601                ## $a1 = 06010000
/* 021F8 808D6018 24A5A450 */  addiu   $a1, $a1, 0xA450           ## $a1 = 0600A450
/* 021FC 808D601C 24E40144 */  addiu   $a0, $a3, 0x0144           ## $a0 = 00000144
/* 02200 808D6020 3C06C080 */  lui     $a2, 0xC080                ## $a2 = C0800000
/* 02204 808D6024 0C04DD22 */  jal     func_80137488              
/* 02208 808D6028 AFA70018 */  sw      $a3, 0x0018($sp)           
/* 0220C 808D602C 8FA70018 */  lw      $a3, 0x0018($sp)           
/* 02210 808D6030 3C0F808D */  lui     $t7, %hi(func_808D6054)    ## $t7 = 808D0000
/* 02214 808D6034 240E0005 */  addiu   $t6, $zero, 0x0005         ## $t6 = 00000005
/* 02218 808D6038 25EF6054 */  addiu   $t7, $t7, %lo(func_808D6054) ## $t7 = 808D6054
/* 0221C 808D603C A0EE03EF */  sb      $t6, 0x03EF($a3)           ## 000003EF
/* 02220 808D6040 ACEF0188 */  sw      $t7, 0x0188($a3)           ## 00000188
/* 02224 808D6044 8FBF0014 */  lw      $ra, 0x0014($sp)           
/* 02228 808D6048 27BD0018 */  addiu   $sp, $sp, 0x0018           ## $sp = 00000000
/* 0222C 808D604C 03E00008 */  jr      $ra                        
/* 02230 808D6050 00000000 */  nop


glabel func_808D6054
/* 02234 808D6054 27BDFFE8 */  addiu   $sp, $sp, 0xFFE8           ## $sp = FFFFFFE8
/* 02238 808D6058 AFA5001C */  sw      $a1, 0x001C($sp)           
/* 0223C 808D605C 00802825 */  or      $a1, $a0, $zero            ## $a1 = 00000000
/* 02240 808D6060 AFBF0014 */  sw      $ra, 0x0014($sp)           
/* 02244 808D6064 AFA40018 */  sw      $a0, 0x0018($sp)           
/* 02248 808D6068 24A40144 */  addiu   $a0, $a1, 0x0144           ## $a0 = 00000144
/* 0224C 808D606C 0C04DB34 */  jal     func_80136CD0              
/* 02250 808D6070 AFA50018 */  sw      $a1, 0x0018($sp)           
/* 02254 808D6074 1040000A */  beq     $v0, $zero, .L808D60A0     
/* 02258 808D6078 8FA50018 */  lw      $a1, 0x0018($sp)           
/* 0225C 808D607C 8CAE0120 */  lw      $t6, 0x0120($a1)           ## 00000120
/* 02260 808D6080 11C00005 */  beq     $t6, $zero, .L808D6098     
/* 02264 808D6084 00000000 */  nop
/* 02268 808D6088 0C235598 */  jal     func_808D5660              
/* 0226C 808D608C 00A02025 */  or      $a0, $a1, $zero            ## $a0 = 00000000
/* 02270 808D6090 10000004 */  beq     $zero, $zero, .L808D60A4   
/* 02274 808D6094 8FBF0014 */  lw      $ra, 0x0014($sp)           
.L808D6098:
/* 02278 808D6098 0C235715 */  jal     func_808D5C54              
/* 0227C 808D609C 00A02025 */  or      $a0, $a1, $zero            ## $a0 = 00000000
.L808D60A0:
/* 02280 808D60A0 8FBF0014 */  lw      $ra, 0x0014($sp)           
.L808D60A4:
/* 02284 808D60A4 27BD0018 */  addiu   $sp, $sp, 0x0018           ## $sp = 00000000
/* 02288 808D60A8 03E00008 */  jr      $ra                        
/* 0228C 808D60AC 00000000 */  nop


glabel func_808D60B0
/* 02290 808D60B0 27BDFFD8 */  addiu   $sp, $sp, 0xFFD8           ## $sp = FFFFFFD8
/* 02294 808D60B4 AFBF0024 */  sw      $ra, 0x0024($sp)           
/* 02298 808D60B8 AFA40028 */  sw      $a0, 0x0028($sp)           
/* 0229C 808D60BC 3C040601 */  lui     $a0, 0x0601                ## $a0 = 06010000
/* 022A0 808D60C0 0C04D1D2 */  jal     func_80134748              
/* 022A4 808D60C4 2484A450 */  addiu   $a0, $a0, 0xA450           ## $a0 = 0600A450
/* 022A8 808D60C8 44822000 */  mtc1    $v0, $f4                   ## $f4 = 0.00
/* 022AC 808D60CC 3C01C080 */  lui     $at, 0xC080                ## $at = C0800000
/* 022B0 808D60D0 44814000 */  mtc1    $at, $f8                   ## $f8 = -4.00
/* 022B4 808D60D4 46802120 */  cvt.s.w $f4, $f4                   
/* 022B8 808D60D8 8FA40028 */  lw      $a0, 0x0028($sp)           
/* 022BC 808D60DC 44803000 */  mtc1    $zero, $f6                 ## $f6 = 0.00
/* 022C0 808D60E0 3C050601 */  lui     $a1, 0x0601                ## $a1 = 06010000
/* 022C4 808D60E4 240E0002 */  addiu   $t6, $zero, 0x0002         ## $t6 = 00000002
/* 022C8 808D60E8 AFAE0014 */  sw      $t6, 0x0014($sp)           
/* 022CC 808D60EC 44072000 */  mfc1    $a3, $f4                   
/* 022D0 808D60F0 24A5A450 */  addiu   $a1, $a1, 0xA450           ## $a1 = 0600A450
/* 022D4 808D60F4 3C06BF80 */  lui     $a2, 0xBF80                ## $a2 = BF800000
/* 022D8 808D60F8 E7A80018 */  swc1    $f8, 0x0018($sp)           
/* 022DC 808D60FC 24840144 */  addiu   $a0, $a0, 0x0144           ## $a0 = 00000144
/* 022E0 808D6100 0C04DCFA */  jal     func_801373E8              
/* 022E4 808D6104 E7A60010 */  swc1    $f6, 0x0010($sp)           
/* 022E8 808D6108 8FA20028 */  lw      $v0, 0x0028($sp)           
/* 022EC 808D610C 3C18808D */  lui     $t8, %hi(func_808D6130)    ## $t8 = 808D0000
/* 022F0 808D6110 240F0006 */  addiu   $t7, $zero, 0x0006         ## $t7 = 00000006
/* 022F4 808D6114 27186130 */  addiu   $t8, $t8, %lo(func_808D6130) ## $t8 = 808D6130
/* 022F8 808D6118 A04F03EF */  sb      $t7, 0x03EF($v0)           ## 000003EF
/* 022FC 808D611C AC580188 */  sw      $t8, 0x0188($v0)           ## 00000188
/* 02300 808D6120 8FBF0024 */  lw      $ra, 0x0024($sp)           
/* 02304 808D6124 27BD0028 */  addiu   $sp, $sp, 0x0028           ## $sp = 00000000
/* 02308 808D6128 03E00008 */  jr      $ra                        
/* 0230C 808D612C 00000000 */  nop


glabel func_808D6130
/* 02310 808D6130 27BDFFE8 */  addiu   $sp, $sp, 0xFFE8           ## $sp = FFFFFFE8
/* 02314 808D6134 AFBF0014 */  sw      $ra, 0x0014($sp)           
/* 02318 808D6138 AFA40018 */  sw      $a0, 0x0018($sp)           
/* 0231C 808D613C AFA5001C */  sw      $a1, 0x001C($sp)           
/* 02320 808D6140 8FA40018 */  lw      $a0, 0x0018($sp)           
/* 02324 808D6144 0C04DB34 */  jal     func_80136CD0              
/* 02328 808D6148 24840144 */  addiu   $a0, $a0, 0x0144           ## $a0 = 00000144
/* 0232C 808D614C 50400004 */  beql    $v0, $zero, .L808D6160     
/* 02330 808D6150 8FBF0014 */  lw      $ra, 0x0014($sp)           
/* 02334 808D6154 0C2350C2 */  jal     func_808D4308              
/* 02338 808D6158 8FA40018 */  lw      $a0, 0x0018($sp)           
/* 0233C 808D615C 8FBF0014 */  lw      $ra, 0x0014($sp)           
.L808D6160:
/* 02340 808D6160 27BD0018 */  addiu   $sp, $sp, 0x0018           ## $sp = 00000000
/* 02344 808D6164 03E00008 */  jr      $ra                        
/* 02348 808D6168 00000000 */  nop


glabel func_808D616C
/* 0234C 808D616C 27BDFFE8 */  addiu   $sp, $sp, 0xFFE8           ## $sp = FFFFFFE8
/* 02350 808D6170 AFBF0014 */  sw      $ra, 0x0014($sp)           
/* 02354 808D6174 00803825 */  or      $a3, $a0, $zero            ## $a3 = 00000000
/* 02358 808D6178 44802000 */  mtc1    $zero, $f4                 ## $f4 = 0.00
/* 0235C 808D617C 3C050601 */  lui     $a1, 0x0601                ## $a1 = 06010000
/* 02360 808D6180 24A59900 */  addiu   $a1, $a1, 0x9900           ## $a1 = 06009900
/* 02364 808D6184 E4E400C4 */  swc1    $f4, 0x00C4($a3)           ## 000000C4
/* 02368 808D6188 AFA70018 */  sw      $a3, 0x0018($sp)           
/* 0236C 808D618C 24E40144 */  addiu   $a0, $a3, 0x0144           ## $a0 = 00000144
/* 02370 808D6190 0C04DD22 */  jal     func_80137488              
/* 02374 808D6194 3C06C0C0 */  lui     $a2, 0xC0C0                ## $a2 = C0C00000
/* 02378 808D6198 8FA70018 */  lw      $a3, 0x0018($sp)           
/* 0237C 808D619C 3C01C000 */  lui     $at, 0xC000                ## $at = C0000000
/* 02380 808D61A0 94EE0090 */  lhu     $t6, 0x0090($a3)           ## 00000090
/* 02384 808D61A4 31CF0001 */  andi    $t7, $t6, 0x0001           ## $t7 = 00000000
/* 02388 808D61A8 51E00005 */  beql    $t7, $zero, .L808D61C0     
/* 0238C 808D61AC 8CF80004 */  lw      $t8, 0x0004($a3)           ## 00000004
/* 02390 808D61B0 44813000 */  mtc1    $at, $f6                   ## $f6 = -2.00
/* 02394 808D61B4 00000000 */  nop
/* 02398 808D61B8 E4E60070 */  swc1    $f6, 0x0070($a3)           ## 00000070
/* 0239C 808D61BC 8CF80004 */  lw      $t8, 0x0004($a3)           ## 00000004
.L808D61C0:
/* 023A0 808D61C0 00E02025 */  or      $a0, $a3, $zero            ## $a0 = 00000000
/* 023A4 808D61C4 240538E6 */  addiu   $a1, $zero, 0x38E6         ## $a1 = 000038E6
/* 023A8 808D61C8 37190001 */  ori     $t9, $t8, 0x0001           ## $t9 = 00000001
/* 023AC 808D61CC ACF90004 */  sw      $t9, 0x0004($a3)           ## 00000004
/* 023B0 808D61D0 0C02E3B2 */  jal     func_800B8EC8              
/* 023B4 808D61D4 AFA70018 */  sw      $a3, 0x0018($sp)           
/* 023B8 808D61D8 8FA70018 */  lw      $a3, 0x0018($sp)           
/* 023BC 808D61DC 3C09808D */  lui     $t1, %hi(func_808D6200)    ## $t1 = 808D0000
/* 023C0 808D61E0 2408000B */  addiu   $t0, $zero, 0x000B         ## $t0 = 0000000B
/* 023C4 808D61E4 25296200 */  addiu   $t1, $t1, %lo(func_808D6200) ## $t1 = 808D6200
/* 023C8 808D61E8 A0E803EF */  sb      $t0, 0x03EF($a3)           ## 000003EF
/* 023CC 808D61EC ACE90188 */  sw      $t1, 0x0188($a3)           ## 00000188
/* 023D0 808D61F0 8FBF0014 */  lw      $ra, 0x0014($sp)           
/* 023D4 808D61F4 27BD0018 */  addiu   $sp, $sp, 0x0018           ## $sp = 00000000
/* 023D8 808D61F8 03E00008 */  jr      $ra                        
/* 023DC 808D61FC 00000000 */  nop


glabel func_808D6200
/* 023E0 808D6200 27BDFFD0 */  addiu   $sp, $sp, 0xFFD0           ## $sp = FFFFFFD0
/* 023E4 808D6204 AFB00020 */  sw      $s0, 0x0020($sp)           
/* 023E8 808D6208 00808025 */  or      $s0, $a0, $zero            ## $s0 = 00000000
/* 023EC 808D620C AFBF0024 */  sw      $ra, 0x0024($sp)           
/* 023F0 808D6210 AFA50034 */  sw      $a1, 0x0034($sp)           
/* 023F4 808D6214 8FAE0034 */  lw      $t6, 0x0034($sp)           
/* 023F8 808D6218 44802000 */  mtc1    $zero, $f4                 ## $f4 = 0.00
/* 023FC 808D621C 3C01808D */  lui     $at, %hi(D_808D7194)       ## $at = 808D0000
/* 02400 808D6220 8DCF1CCC */  lw      $t7, 0x1CCC($t6)           ## 00001CCC
/* 02404 808D6224 260403D8 */  addiu   $a0, $s0, 0x03D8           ## $a0 = 000003D8
/* 02408 808D6228 00002825 */  or      $a1, $zero, $zero          ## $a1 = 00000000
/* 0240C 808D622C AFAF002C */  sw      $t7, 0x002C($sp)           
/* 02410 808D6230 C6000070 */  lwc1    $f0, 0x0070($s0)           ## 00000070
/* 02414 808D6234 4604003C */  c.lt.s  $f0, $f4                   
/* 02418 808D6238 00000000 */  nop
/* 0241C 808D623C 45020005 */  bc1fl   .L808D6254                 
/* 02420 808D6240 86180092 */  lh      $t8, 0x0092($s0)           ## 00000092
/* 02424 808D6244 C4267194 */  lwc1    $f6, %lo(D_808D7194)($at)  
/* 02428 808D6248 46060200 */  add.s   $f8, $f0, $f6              
/* 0242C 808D624C E6080070 */  swc1    $f8, 0x0070($s0)           ## 00000070
/* 02430 808D6250 86180092 */  lh      $t8, 0x0092($s0)           ## 00000092
.L808D6254:
/* 02434 808D6254 24060001 */  addiu   $a2, $zero, 0x0001         ## $a2 = 00000001
/* 02438 808D6258 2407012C */  addiu   $a3, $zero, 0x012C         ## $a3 = 0000012C
/* 0243C 808D625C A6180032 */  sh      $t8, 0x0032($s0)           ## 00000032
/* 02440 808D6260 0C03FFAF */  jal     func_800FFEBC              
/* 02444 808D6264 AFA00010 */  sw      $zero, 0x0010($sp)         
/* 02448 808D6268 260403DA */  addiu   $a0, $s0, 0x03DA           ## $a0 = 000003DA
/* 0244C 808D626C 00002825 */  or      $a1, $zero, $zero          ## $a1 = 00000000
/* 02450 808D6270 24060001 */  addiu   $a2, $zero, 0x0001         ## $a2 = 00000001
/* 02454 808D6274 2407012C */  addiu   $a3, $zero, 0x012C         ## $a3 = 0000012C
/* 02458 808D6278 0C03FFAF */  jal     func_800FFEBC              
/* 0245C 808D627C AFA00010 */  sw      $zero, 0x0010($sp)         
/* 02460 808D6280 0C04DB34 */  jal     func_80136CD0              
/* 02464 808D6284 26040144 */  addiu   $a0, $s0, 0x0144           ## $a0 = 00000144
/* 02468 808D6288 5040001D */  beql    $v0, $zero, .L808D6300     
/* 0246C 808D628C 8FBF0024 */  lw      $ra, 0x0024($sp)           
/* 02470 808D6290 8E080120 */  lw      $t0, 0x0120($s0)           ## 00000120
/* 02474 808D6294 861900BE */  lh      $t9, 0x00BE($s0)           ## 000000BE
/* 02478 808D6298 26050008 */  addiu   $a1, $s0, 0x0008           ## $a1 = 00000008
/* 0247C 808D629C 11000005 */  beq     $t0, $zero, .L808D62B4     
/* 02480 808D62A0 A6190032 */  sh      $t9, 0x0032($s0)           ## 00000032
/* 02484 808D62A4 0C235598 */  jal     func_808D5660              
/* 02488 808D62A8 02002025 */  or      $a0, $s0, $zero            ## $a0 = 00000000
/* 0248C 808D62AC 10000012 */  beq     $zero, $zero, .L808D62F8   
/* 02490 808D62B0 2409FFFF */  addiu   $t1, $zero, 0xFFFF         ## $t1 = FFFFFFFF
.L808D62B4:
/* 02494 808D62B4 0C02DB7E */  jal     func_800B6DF8              
/* 02498 808D62B8 8FA4002C */  lw      $a0, 0x002C($sp)           
/* 0249C 808D62BC 3C014316 */  lui     $at, 0x4316                ## $at = 43160000
/* 024A0 808D62C0 44815000 */  mtc1    $at, $f10                  ## $f10 = 150.00
/* 024A4 808D62C4 8FA50034 */  lw      $a1, 0x0034($sp)           
/* 024A8 808D62C8 02002025 */  or      $a0, $s0, $zero            ## $a0 = 00000000
/* 024AC 808D62CC 4600503E */  c.le.s  $f10, $f0                  
/* 024B0 808D62D0 00000000 */  nop
/* 024B4 808D62D4 45000005 */  bc1f    .L808D62EC                 
/* 024B8 808D62D8 00000000 */  nop
/* 024BC 808D62DC 0C2354F0 */  jal     func_808D53C0              
/* 024C0 808D62E0 02002025 */  or      $a0, $s0, $zero            ## $a0 = 00000000
/* 024C4 808D62E4 10000004 */  beq     $zero, $zero, .L808D62F8   
/* 024C8 808D62E8 2409FFFF */  addiu   $t1, $zero, 0xFFFF         ## $t1 = FFFFFFFF
.L808D62EC:
/* 024CC 808D62EC 0C2353F8 */  jal     func_808D4FE0              
/* 024D0 808D62F0 8FA50034 */  lw      $a1, 0x0034($sp)           
/* 024D4 808D62F4 2409FFFF */  addiu   $t1, $zero, 0xFFFF         ## $t1 = FFFFFFFF
.L808D62F8:
/* 024D8 808D62F8 A20903F1 */  sb      $t1, 0x03F1($s0)           ## 000003F1
/* 024DC 808D62FC 8FBF0024 */  lw      $ra, 0x0024($sp)           
.L808D6300:
/* 024E0 808D6300 8FB00020 */  lw      $s0, 0x0020($sp)           
/* 024E4 808D6304 27BD0030 */  addiu   $sp, $sp, 0x0030           ## $sp = 00000000
/* 024E8 808D6308 03E00008 */  jr      $ra                        
/* 024EC 808D630C 00000000 */  nop


glabel func_808D6310
/* 024F0 808D6310 27BDFFE8 */  addiu   $sp, $sp, 0xFFE8           ## $sp = FFFFFFE8
/* 024F4 808D6314 AFBF0014 */  sw      $ra, 0x0014($sp)           
/* 024F8 808D6318 00803825 */  or      $a3, $a0, $zero            ## $a3 = 00000000
/* 024FC 808D631C 3C050601 */  lui     $a1, 0x0601                ## $a1 = 06010000
/* 02500 808D6320 24A59298 */  addiu   $a1, $a1, 0x9298           ## $a1 = 06009298
/* 02504 808D6324 24E40144 */  addiu   $a0, $a3, 0x0144           ## $a0 = 00000144
/* 02508 808D6328 3C06BF80 */  lui     $a2, 0xBF80                ## $a2 = BF800000
/* 0250C 808D632C 0C04DD22 */  jal     func_80137488              
/* 02510 808D6330 AFA70018 */  sw      $a3, 0x0018($sp)           
/* 02514 808D6334 8FA40018 */  lw      $a0, 0x0018($sp)           
/* 02518 808D6338 44802000 */  mtc1    $zero, $f4                 ## $f4 = 0.00
/* 0251C 808D633C 2401FFFE */  addiu   $at, $zero, 0xFFFE         ## $at = FFFFFFFE
/* 02520 808D6340 8C980004 */  lw      $t8, 0x0004($a0)           ## 00000004
/* 02524 808D6344 240E000C */  addiu   $t6, $zero, 0x000C         ## $t6 = 0000000C
/* 02528 808D6348 240F012C */  addiu   $t7, $zero, 0x012C         ## $t7 = 0000012C
/* 0252C 808D634C 0301C824 */  and     $t9, $t8, $at              
/* 02530 808D6350 240538E7 */  addiu   $a1, $zero, 0x38E7         ## $a1 = 000038E7
/* 02534 808D6354 A08E03EF */  sb      $t6, 0x03EF($a0)           ## 000003EF
/* 02538 808D6358 A48F03D6 */  sh      $t7, 0x03D6($a0)           ## 000003D6
/* 0253C 808D635C AC990004 */  sw      $t9, 0x0004($a0)           ## 00000004
/* 02540 808D6360 0C02E3B2 */  jal     func_800B8EC8              
/* 02544 808D6364 E4840070 */  swc1    $f4, 0x0070($a0)           ## 00000070
/* 02548 808D6368 8FA70018 */  lw      $a3, 0x0018($sp)           
/* 0254C 808D636C 3C08808D */  lui     $t0, %hi(func_808D6388)    ## $t0 = 808D0000
/* 02550 808D6370 25086388 */  addiu   $t0, $t0, %lo(func_808D6388) ## $t0 = 808D6388
/* 02554 808D6374 ACE80188 */  sw      $t0, 0x0188($a3)           ## 00000188
/* 02558 808D6378 8FBF0014 */  lw      $ra, 0x0014($sp)           
/* 0255C 808D637C 27BD0018 */  addiu   $sp, $sp, 0x0018           ## $sp = 00000000
/* 02560 808D6380 03E00008 */  jr      $ra                        
/* 02564 808D6384 00000000 */  nop


glabel func_808D6388
/* 02568 808D6388 27BDFFD0 */  addiu   $sp, $sp, 0xFFD0           ## $sp = FFFFFFD0
/* 0256C 808D638C AFB00020 */  sw      $s0, 0x0020($sp)           
/* 02570 808D6390 00808025 */  or      $s0, $a0, $zero            ## $s0 = 00000000
/* 02574 808D6394 AFBF0024 */  sw      $ra, 0x0024($sp)           
/* 02578 808D6398 AFA50034 */  sw      $a1, 0x0034($sp)           
/* 0257C 808D639C 920E0002 */  lbu     $t6, 0x0002($s0)           ## 00000002
/* 02580 808D63A0 8FA40034 */  lw      $a0, 0x0034($sp)           
/* 02584 808D63A4 24010006 */  addiu   $at, $zero, 0x0006         ## $at = 00000006
/* 02588 808D63A8 11C10004 */  beq     $t6, $at, .L808D63BC       
/* 0258C 808D63AC 24851CA0 */  addiu   $a1, $a0, 0x1CA0           ## $a1 = 00001CA0
/* 02590 808D63B0 02003025 */  or      $a2, $s0, $zero            ## $a2 = 00000000
/* 02594 808D63B4 0C02F055 */  jal     func_800BC154              
/* 02598 808D63B8 24070006 */  addiu   $a3, $zero, 0x0006         ## $a3 = 00000006
.L808D63BC:
/* 0259C 808D63BC 260403D8 */  addiu   $a0, $s0, 0x03D8           ## $a0 = 000003D8
/* 025A0 808D63C0 00002825 */  or      $a1, $zero, $zero          ## $a1 = 00000000
/* 025A4 808D63C4 24060001 */  addiu   $a2, $zero, 0x0001         ## $a2 = 00000001
/* 025A8 808D63C8 240707D0 */  addiu   $a3, $zero, 0x07D0         ## $a3 = 000007D0
/* 025AC 808D63CC 0C03FFAF */  jal     func_800FFEBC              
/* 025B0 808D63D0 AFA00010 */  sw      $zero, 0x0010($sp)         
/* 025B4 808D63D4 260403DA */  addiu   $a0, $s0, 0x03DA           ## $a0 = 000003DA
/* 025B8 808D63D8 00002825 */  or      $a1, $zero, $zero          ## $a1 = 00000000
/* 025BC 808D63DC 24060001 */  addiu   $a2, $zero, 0x0001         ## $a2 = 00000001
/* 025C0 808D63E0 240707D0 */  addiu   $a3, $zero, 0x07D0         ## $a3 = 000007D0
/* 025C4 808D63E4 0C03FFAF */  jal     func_800FFEBC              
/* 025C8 808D63E8 AFA00010 */  sw      $zero, 0x0010($sp)         
/* 025CC 808D63EC 26040144 */  addiu   $a0, $s0, 0x0144           ## $a0 = 00000144
/* 025D0 808D63F0 0C04DB34 */  jal     func_80136CD0              
/* 025D4 808D63F4 AFA4002C */  sw      $a0, 0x002C($sp)           
/* 025D8 808D63F8 10400026 */  beq     $v0, $zero, .L808D6494     
/* 025DC 808D63FC 8FA4002C */  lw      $a0, 0x002C($sp)           
/* 025E0 808D6400 860203D6 */  lh      $v0, 0x03D6($s0)           ## 000003D6
/* 025E4 808D6404 14400021 */  bne     $v0, $zero, .L808D648C     
/* 025E8 808D6408 2459FFFF */  addiu   $t9, $v0, 0xFFFF           ## $t9 = FFFFFFFF
/* 025EC 808D640C 860503DC */  lh      $a1, 0x03DC($s0)           ## 000003DC
/* 025F0 808D6410 8FA40034 */  lw      $a0, 0x0034($sp)           
/* 025F4 808D6414 0C02D6EC */  jal     func_800B5BB0              
/* 025F8 808D6418 30A5007F */  andi    $a1, $a1, 0x007F           ## $a1 = 00000000
/* 025FC 808D641C 54400006 */  bnel    $v0, $zero, .L808D6438     
/* 02600 808D6420 860203DE */  lh      $v0, 0x03DE($s0)           ## 000003DE
/* 02604 808D6424 860503DC */  lh      $a1, 0x03DC($s0)           ## 000003DC
/* 02608 808D6428 8FA40034 */  lw      $a0, 0x0034($sp)           
/* 0260C 808D642C 0C02D6FD */  jal     func_800B5BF4              
/* 02610 808D6430 30A5007F */  andi    $a1, $a1, 0x007F           ## $a1 = 00000000
/* 02614 808D6434 860203DE */  lh      $v0, 0x03DE($s0)           ## 000003DE
.L808D6438:
/* 02618 808D6438 240100B4 */  addiu   $at, $zero, 0x00B4         ## $at = 000000B4
/* 0261C 808D643C 1040000F */  beq     $v0, $zero, .L808D647C     
/* 02620 808D6440 00000000 */  nop
/* 02624 808D6444 14410005 */  bne     $v0, $at, .L808D645C       
/* 02628 808D6448 8FA40034 */  lw      $a0, 0x0034($sp)           
/* 0262C 808D644C 02002825 */  or      $a1, $s0, $zero            ## $a1 = 00000000
/* 02630 808D6450 0C235064 */  jal     func_808D4190              
/* 02634 808D6454 00003025 */  or      $a2, $zero, $zero          ## $a2 = 00000000
/* 02638 808D6458 860203DE */  lh      $v0, 0x03DE($s0)           ## 000003DE
.L808D645C:
/* 0263C 808D645C 3C01808D */  lui     $at, %hi(D_808D7198)       ## $at = 808D0000
/* 02640 808D6460 C4267198 */  lwc1    $f6, %lo(D_808D7198)($at)  
/* 02644 808D6464 C604005C */  lwc1    $f4, 0x005C($s0)           ## 0000005C
/* 02648 808D6468 2458FFFB */  addiu   $t8, $v0, 0xFFFB           ## $t8 = FFFFFFFB
/* 0264C 808D646C A61803DE */  sh      $t8, 0x03DE($s0)           ## 000003DE
/* 02650 808D6470 46062201 */  sub.s   $f8, $f4, $f6              
/* 02654 808D6474 10000011 */  beq     $zero, $zero, .L808D64BC   
/* 02658 808D6478 E608005C */  swc1    $f8, 0x005C($s0)           ## 0000005C
.L808D647C:
/* 0265C 808D647C 0C02D9C3 */  jal     func_800B670C              
/* 02660 808D6480 02002025 */  or      $a0, $s0, $zero            ## $a0 = 00000000
/* 02664 808D6484 1000000E */  beq     $zero, $zero, .L808D64C0   
/* 02668 808D6488 8FBF0024 */  lw      $ra, 0x0024($sp)           
.L808D648C:
/* 0266C 808D648C 1000000B */  beq     $zero, $zero, .L808D64BC   
/* 02670 808D6490 A61903D6 */  sh      $t9, 0x03D6($s0)           ## 000003D6
.L808D6494:
/* 02674 808D6494 0C04DE2E */  jal     func_801378B8              
/* 02678 808D6498 3C054204 */  lui     $a1, 0x4204                ## $a1 = 42040000
/* 0267C 808D649C 14400004 */  bne     $v0, $zero, .L808D64B0     
/* 02680 808D64A0 8FA4002C */  lw      $a0, 0x002C($sp)           
/* 02684 808D64A4 0C04DE2E */  jal     func_801378B8              
/* 02688 808D64A8 3C054220 */  lui     $a1, 0x4220                ## $a1 = 42200000
/* 0268C 808D64AC 10400003 */  beq     $v0, $zero, .L808D64BC     
.L808D64B0:
/* 02690 808D64B0 02002025 */  or      $a0, $s0, $zero            ## $a0 = 00000000
/* 02694 808D64B4 0C02E3B2 */  jal     func_800B8EC8              
/* 02698 808D64B8 2405387A */  addiu   $a1, $zero, 0x387A         ## $a1 = 0000387A
.L808D64BC:
/* 0269C 808D64BC 8FBF0024 */  lw      $ra, 0x0024($sp)           
.L808D64C0:
/* 026A0 808D64C0 8FB00020 */  lw      $s0, 0x0020($sp)           
/* 026A4 808D64C4 27BD0030 */  addiu   $sp, $sp, 0x0030           ## $sp = 00000000
/* 026A8 808D64C8 03E00008 */  jr      $ra                        
/* 026AC 808D64CC 00000000 */  nop


glabel func_808D64D0
/* 026B0 808D64D0 27BDFFD8 */  addiu   $sp, $sp, 0xFFD8           ## $sp = FFFFFFD8
/* 026B4 808D64D4 AFB00020 */  sw      $s0, 0x0020($sp)           
/* 026B8 808D64D8 00808025 */  or      $s0, $a0, $zero            ## $s0 = 00000000
/* 026BC 808D64DC AFBF0024 */  sw      $ra, 0x0024($sp)           
/* 026C0 808D64E0 24020001 */  addiu   $v0, $zero, 0x0001         ## $v0 = 00000001
/* 026C4 808D64E4 44802000 */  mtc1    $zero, $f4                 ## $f4 = 0.00
/* 026C8 808D64E8 860F00BE */  lh      $t7, 0x00BE($s0)           ## 000000BE
/* 026CC 808D64EC 240E000A */  addiu   $t6, $zero, 0x000A         ## $t6 = 0000000A
/* 026D0 808D64F0 A20203EF */  sb      $v0, 0x03EF($s0)           ## 000003EF
/* 026D4 808D64F4 A60E03D6 */  sh      $t6, 0x03D6($s0)           ## 000003D6
/* 026D8 808D64F8 3C18801F */  lui     $t8, 0x801F                ## $t8 = 801F0000
/* 026DC 808D64FC E6040070 */  swc1    $f4, 0x0070($s0)           ## 00000070
/* 026E0 808D6500 A60F0032 */  sh      $t7, 0x0032($s0)           ## 00000032
/* 026E4 808D6504 871835C8 */  lh      $t8, 0x35C8($t8)           ## 801F35C8
/* 026E8 808D6508 24190258 */  addiu   $t9, $zero, 0x0258         ## $t9 = 00000258
/* 026EC 808D650C 02002025 */  or      $a0, $s0, $zero            ## $a0 = 00000000
/* 026F0 808D6510 1300000D */  beq     $t8, $zero, .L808D6548     
/* 026F4 808D6514 24053836 */  addiu   $a1, $zero, 0x3836         ## $a1 = 00003836
/* 026F8 808D6518 A20203E9 */  sb      $v0, 0x03E9($s0)           ## 000003E9
/* 026FC 808D651C 0C02E3B2 */  jal     func_800B8EC8              
/* 02700 808D6520 A61903E0 */  sh      $t9, 0x03E0($s0)           ## 000003E0
/* 02704 808D6524 240800FF */  addiu   $t0, $zero, 0x00FF         ## $t0 = 000000FF
/* 02708 808D6528 AFA80010 */  sw      $t0, 0x0010($sp)           
/* 0270C 808D652C 02002025 */  or      $a0, $s0, $zero            ## $a0 = 00000000
/* 02710 808D6530 34058000 */  ori     $a1, $zero, 0x8000         ## $a1 = 00008000
/* 02714 808D6534 340680C8 */  ori     $a2, $zero, 0x80C8         ## $a2 = 000080C8
/* 02718 808D6538 0C02F2DC */  jal     func_800BCB70              
/* 0271C 808D653C 00003825 */  or      $a3, $zero, $zero          ## $a3 = 00000000
/* 02720 808D6540 10000016 */  beq     $zero, $zero, .L808D659C   
/* 02724 808D6544 00000000 */  nop
.L808D6548:
/* 02728 808D6548 920203F0 */  lbu     $v0, 0x03F0($s0)           ## 000003F0
/* 0272C 808D654C 24010001 */  addiu   $at, $zero, 0x0001         ## $at = 00000001
/* 02730 808D6550 02002025 */  or      $a0, $s0, $zero            ## $a0 = 00000000
/* 02734 808D6554 14410008 */  bne     $v0, $at, .L808D6578       
/* 02738 808D6558 00002825 */  or      $a1, $zero, $zero          ## $a1 = 00000000
/* 0273C 808D655C 24090028 */  addiu   $t1, $zero, 0x0028         ## $t1 = 00000028
/* 02740 808D6560 AFA90010 */  sw      $t1, 0x0010($sp)           
/* 02744 808D6564 240600C8 */  addiu   $a2, $zero, 0x00C8         ## $a2 = 000000C8
/* 02748 808D6568 0C02F2DC */  jal     func_800BCB70              
/* 0274C 808D656C 00003825 */  or      $a3, $zero, $zero          ## $a3 = 00000000
/* 02750 808D6570 1000000A */  beq     $zero, $zero, .L808D659C   
/* 02754 808D6574 00000000 */  nop
.L808D6578:
/* 02758 808D6578 2401000C */  addiu   $at, $zero, 0x000C         ## $at = 0000000C
/* 0275C 808D657C 14410007 */  bne     $v0, $at, .L808D659C       
/* 02760 808D6580 02002025 */  or      $a0, $s0, $zero            ## $a0 = 00000000
/* 02764 808D6584 240A0028 */  addiu   $t2, $zero, 0x0028         ## $t2 = 00000028
/* 02768 808D6588 AFAA0010 */  sw      $t2, 0x0010($sp)           
/* 0276C 808D658C 00002825 */  or      $a1, $zero, $zero          ## $a1 = 00000000
/* 02770 808D6590 240600C8 */  addiu   $a2, $zero, 0x00C8         ## $a2 = 000000C8
/* 02774 808D6594 0C02F2DC */  jal     func_800BCB70              
/* 02778 808D6598 00003825 */  or      $a3, $zero, $zero          ## $a3 = 00000000
.L808D659C:
/* 0277C 808D659C 3C0B808D */  lui     $t3, %hi(func_808D65BC)    ## $t3 = 808D0000
/* 02780 808D65A0 256B65BC */  addiu   $t3, $t3, %lo(func_808D65BC) ## $t3 = 808D65BC
/* 02784 808D65A4 AE0B0188 */  sw      $t3, 0x0188($s0)           ## 00000188
/* 02788 808D65A8 8FBF0024 */  lw      $ra, 0x0024($sp)           
/* 0278C 808D65AC 8FB00020 */  lw      $s0, 0x0020($sp)           
/* 02790 808D65B0 27BD0028 */  addiu   $sp, $sp, 0x0028           ## $sp = 00000000
/* 02794 808D65B4 03E00008 */  jr      $ra                        
/* 02798 808D65B8 00000000 */  nop


glabel func_808D65BC
/* 0279C 808D65BC 27BDFFD8 */  addiu   $sp, $sp, 0xFFD8           ## $sp = FFFFFFD8
/* 027A0 808D65C0 AFB00020 */  sw      $s0, 0x0020($sp)           
/* 027A4 808D65C4 00808025 */  or      $s0, $a0, $zero            ## $s0 = 00000000
/* 027A8 808D65C8 AFBF0024 */  sw      $ra, 0x0024($sp)           
/* 027AC 808D65CC AFA5002C */  sw      $a1, 0x002C($sp)           
/* 027B0 808D65D0 860203D6 */  lh      $v0, 0x03D6($s0)           ## 000003D6
/* 027B4 808D65D4 18400002 */  blez    $v0, .L808D65E0            
/* 027B8 808D65D8 244EFFFF */  addiu   $t6, $v0, 0xFFFF           ## $t6 = FFFFFFFF
/* 027BC 808D65DC A60E03D6 */  sh      $t6, 0x03D6($s0)           ## 000003D6
.L808D65E0:
/* 027C0 808D65E0 920F03E9 */  lbu     $t7, 0x03E9($s0)           ## 000003E9
/* 027C4 808D65E4 51E00015 */  beql    $t7, $zero, .L808D663C     
/* 027C8 808D65E8 9208011C */  lbu     $t0, 0x011C($s0)           ## 0000011C
/* 027CC 808D65EC 860203E0 */  lh      $v0, 0x03E0($s0)           ## 000003E0
/* 027D0 808D65F0 10400011 */  beq     $v0, $zero, .L808D6638     
/* 027D4 808D65F4 2458FFFF */  addiu   $t8, $v0, 0xFFFF           ## $t8 = FFFFFFFF
/* 027D8 808D65F8 A61803E0 */  sh      $t8, 0x03E0($s0)           ## 000003E0
/* 027DC 808D65FC 860203E0 */  lh      $v0, 0x03E0($s0)           ## 000003E0
/* 027E0 808D6600 02002025 */  or      $a0, $s0, $zero            ## $a0 = 00000000
/* 027E4 808D6604 34058000 */  ori     $a1, $zero, 0x8000         ## $a1 = 00008000
/* 027E8 808D6608 284100FF */  slti    $at, $v0, 0x00FF           
/* 027EC 808D660C 14200006 */  bne     $at, $zero, .L808D6628     
/* 027F0 808D6610 340680C8 */  ori     $a2, $zero, 0x80C8         ## $a2 = 000080C8
/* 027F4 808D6614 241900FF */  addiu   $t9, $zero, 0x00FF         ## $t9 = 000000FF
/* 027F8 808D6618 AFB90010 */  sw      $t9, 0x0010($sp)           
/* 027FC 808D661C 0C02F2DC */  jal     func_800BCB70              
/* 02800 808D6620 00003825 */  or      $a3, $zero, $zero          ## $a3 = 00000000
/* 02804 808D6624 860203E0 */  lh      $v0, 0x03E0($s0)           ## 000003E0
.L808D6628:
/* 02808 808D6628 14400003 */  bne     $v0, $zero, .L808D6638     
/* 0280C 808D662C 3C01801F */  lui     $at, 0x801F                ## $at = 801F0000
/* 02810 808D6630 A20003E9 */  sb      $zero, 0x03E9($s0)         ## 000003E9
/* 02814 808D6634 A42035C8 */  sh      $zero, 0x35C8($at)         ## 801F35C8
.L808D6638:
/* 02818 808D6638 9208011C */  lbu     $t0, 0x011C($s0)           ## 0000011C
.L808D663C:
/* 0281C 808D663C 55000014 */  bnel    $t0, $zero, .L808D6690     
/* 02820 808D6640 8FBF0024 */  lw      $ra, 0x0024($sp)           
/* 02824 808D6644 920900B7 */  lbu     $t1, 0x00B7($s0)           ## 000000B7
/* 02828 808D6648 8FA4002C */  lw      $a0, 0x002C($sp)           
/* 0282C 808D664C 02002825 */  or      $a1, $s0, $zero            ## $a1 = 00000000
/* 02830 808D6650 1520000C */  bne     $t1, $zero, .L808D6684     
/* 02834 808D6654 00000000 */  nop
/* 02838 808D6658 0C235064 */  jal     func_808D4190              
/* 0283C 808D665C 24060001 */  addiu   $a2, $zero, 0x0001         ## $a2 = 00000001
/* 02840 808D6660 0C2358C4 */  jal     func_808D6310              
/* 02844 808D6664 02002025 */  or      $a0, $s0, $zero            ## $a0 = 00000000
/* 02848 808D6668 8FA4002C */  lw      $a0, 0x002C($sp)           
/* 0284C 808D666C 02002825 */  or      $a1, $s0, $zero            ## $a1 = 00000000
/* 02850 808D6670 26060024 */  addiu   $a2, $s0, 0x0024           ## $a2 = 00000024
/* 02854 808D6674 0C029F4A */  jal     func_800A7D28              
/* 02858 808D6678 24070090 */  addiu   $a3, $zero, 0x0090         ## $a3 = 00000090
/* 0285C 808D667C 10000004 */  beq     $zero, $zero, .L808D6690   
/* 02860 808D6680 8FBF0024 */  lw      $ra, 0x0024($sp)           
.L808D6684:
/* 02864 808D6684 0C23585B */  jal     func_808D616C              
/* 02868 808D6688 02002025 */  or      $a0, $s0, $zero            ## $a0 = 00000000
/* 0286C 808D668C 8FBF0024 */  lw      $ra, 0x0024($sp)           
.L808D6690:
/* 02870 808D6690 8FB00020 */  lw      $s0, 0x0020($sp)           
/* 02874 808D6694 27BD0028 */  addiu   $sp, $sp, 0x0028           ## $sp = 00000000
/* 02878 808D6698 03E00008 */  jr      $ra                        
/* 0287C 808D669C 00000000 */  nop


glabel func_808D66A0
/* 02880 808D66A0 AFA50004 */  sw      $a1, 0x0004($sp)           
/* 02884 808D66A4 848E0092 */  lh      $t6, 0x0092($a0)           ## 00000092
/* 02888 808D66A8 848F00BE */  lh      $t7, 0x00BE($a0)           ## 000000BE
/* 0288C 808D66AC 848503DA */  lh      $a1, 0x03DA($a0)           ## 000003DA
/* 02890 808D66B0 01CF1823 */  subu    $v1, $t6, $t7              
/* 02894 808D66B4 00651023 */  subu    $v0, $v1, $a1              
/* 02898 808D66B8 00021400 */  sll     $v0, $v0, 16               
/* 0289C 808D66BC 00021403 */  sra     $v0, $v0, 16               
/* 028A0 808D66C0 2841FE0C */  slti    $at, $v0, 0xFE0C           
/* 028A4 808D66C4 10200003 */  beq     $at, $zero, .L808D66D4     
/* 028A8 808D66C8 0003CC00 */  sll     $t9, $v1, 16               
/* 028AC 808D66CC 10000008 */  beq     $zero, $zero, .L808D66F0   
/* 028B0 808D66D0 2406FE0C */  addiu   $a2, $zero, 0xFE0C         ## $a2 = FFFFFE0C
.L808D66D4:
/* 028B4 808D66D4 284101F5 */  slti    $at, $v0, 0x01F5           
/* 028B8 808D66D8 14200003 */  bne     $at, $zero, .L808D66E8     
/* 028BC 808D66DC 00403825 */  or      $a3, $v0, $zero            ## $a3 = 00000000
/* 028C0 808D66E0 10000001 */  beq     $zero, $zero, .L808D66E8   
/* 028C4 808D66E4 240701F4 */  addiu   $a3, $zero, 0x01F4         ## $a3 = 000001F4
.L808D66E8:
/* 028C8 808D66E8 00073400 */  sll     $a2, $a3, 16               
/* 028CC 808D66EC 00063403 */  sra     $a2, $a2, 16               
.L808D66F0:
/* 028D0 808D66F0 849803D8 */  lh      $t8, 0x03D8($a0)           ## 000003D8
/* 028D4 808D66F4 00194403 */  sra     $t0, $t9, 16               
/* 028D8 808D66F8 00581023 */  subu    $v0, $v0, $t8              
/* 028DC 808D66FC 00021400 */  sll     $v0, $v0, 16               
/* 028E0 808D6700 00021403 */  sra     $v0, $v0, 16               
/* 028E4 808D6704 2841FE0C */  slti    $at, $v0, 0xFE0C           
/* 028E8 808D6708 50200004 */  beql    $at, $zero, .L808D671C     
/* 028EC 808D670C 284101F5 */  slti    $at, $v0, 0x01F5           
/* 028F0 808D6710 10000008 */  beq     $zero, $zero, .L808D6734   
/* 028F4 808D6714 2402FE0C */  addiu   $v0, $zero, 0xFE0C         ## $v0 = FFFFFE0C
/* 028F8 808D6718 284101F5 */  slti    $at, $v0, 0x01F5           
.L808D671C:
/* 028FC 808D671C 14200003 */  bne     $at, $zero, .L808D672C     
/* 02900 808D6720 00403825 */  or      $a3, $v0, $zero            ## $a3 = FFFFFE0C
/* 02904 808D6724 10000001 */  beq     $zero, $zero, .L808D672C   
/* 02908 808D6728 240701F4 */  addiu   $a3, $zero, 0x01F4         ## $a3 = 000001F4
.L808D672C:
/* 0290C 808D672C 00071400 */  sll     $v0, $a3, 16               
/* 02910 808D6730 00021403 */  sra     $v0, $v0, 16               
.L808D6734:
/* 02914 808D6734 0500000F */  bltz    $t0, .L808D6774            
/* 02918 808D6738 240FB6A1 */  addiu   $t7, $zero, 0xB6A1         ## $t7 = FFFFB6A1
/* 0291C 808D673C 04C10003 */  bgez    $a2, .L808D674C            
/* 02920 808D6740 00C03825 */  or      $a3, $a2, $zero            ## $a3 = FFFFFE0C
/* 02924 808D6744 10000001 */  beq     $zero, $zero, .L808D674C   
/* 02928 808D6748 00063823 */  subu    $a3, $zero, $a2            
.L808D674C:
/* 0292C 808D674C 00A74821 */  addu    $t1, $a1, $a3              
/* 02930 808D6750 04410003 */  bgez    $v0, .L808D6760            
/* 02934 808D6754 A48903DA */  sh      $t1, 0x03DA($a0)           ## 000003DA
/* 02938 808D6758 10000002 */  beq     $zero, $zero, .L808D6764   
/* 0293C 808D675C 00023823 */  subu    $a3, $zero, $v0            
.L808D6760:
/* 02940 808D6760 00403825 */  or      $a3, $v0, $zero            ## $a3 = FFFFFE0C
.L808D6764:
/* 02944 808D6764 848A03D8 */  lh      $t2, 0x03D8($a0)           ## 000003D8
/* 02948 808D6768 01475821 */  addu    $t3, $t2, $a3              
/* 0294C 808D676C 1000000E */  beq     $zero, $zero, .L808D67A8   
/* 02950 808D6770 A48B03D8 */  sh      $t3, 0x03D8($a0)           ## 000003D8
.L808D6774:
/* 02954 808D6774 04C10003 */  bgez    $a2, .L808D6784            
/* 02958 808D6778 00C03825 */  or      $a3, $a2, $zero            ## $a3 = FFFFFE0C
/* 0295C 808D677C 10000001 */  beq     $zero, $zero, .L808D6784   
/* 02960 808D6780 00063823 */  subu    $a3, $zero, $a2            
.L808D6784:
/* 02964 808D6784 00A76023 */  subu    $t4, $a1, $a3              
/* 02968 808D6788 04410003 */  bgez    $v0, .L808D6798            
/* 0296C 808D678C A48C03DA */  sh      $t4, 0x03DA($a0)           ## 000003DA
/* 02970 808D6790 10000002 */  beq     $zero, $zero, .L808D679C   
/* 02974 808D6794 00023823 */  subu    $a3, $zero, $v0            
.L808D6798:
/* 02978 808D6798 00403825 */  or      $a3, $v0, $zero            ## $a3 = FFFFFE0C
.L808D679C:
/* 0297C 808D679C 848D03D8 */  lh      $t5, 0x03D8($a0)           ## 000003D8
/* 02980 808D67A0 01A77023 */  subu    $t6, $t5, $a3              
/* 02984 808D67A4 A48E03D8 */  sh      $t6, 0x03D8($a0)           ## 000003D8
.L808D67A8:
/* 02988 808D67A8 848503DA */  lh      $a1, 0x03DA($a0)           ## 000003DA
/* 0298C 808D67AC 2418DA91 */  addiu   $t8, $zero, 0xDA91         ## $t8 = FFFFDA91
/* 02990 808D67B0 28A1B6A1 */  slti    $at, $a1, 0xB6A1           
/* 02994 808D67B4 50200004 */  beql    $at, $zero, .L808D67C8     
/* 02998 808D67B8 28A14960 */  slti    $at, $a1, 0x4960           
/* 0299C 808D67BC 10000007 */  beq     $zero, $zero, .L808D67DC   
/* 029A0 808D67C0 A48F03DA */  sh      $t7, 0x03DA($a0)           ## 000003DA
/* 029A4 808D67C4 28A14960 */  slti    $at, $a1, 0x4960           
.L808D67C8:
/* 029A8 808D67C8 14200003 */  bne     $at, $zero, .L808D67D8     
/* 029AC 808D67CC 00A03825 */  or      $a3, $a1, $zero            ## $a3 = 00000000
/* 029B0 808D67D0 10000001 */  beq     $zero, $zero, .L808D67D8   
/* 029B4 808D67D4 2407495F */  addiu   $a3, $zero, 0x495F         ## $a3 = 0000495F
.L808D67D8:
/* 029B8 808D67D8 A48703DA */  sh      $a3, 0x03DA($a0)           ## 000003DA
.L808D67DC:
/* 029BC 808D67DC 848203D8 */  lh      $v0, 0x03D8($a0)           ## 000003D8
/* 029C0 808D67E0 2841DA91 */  slti    $at, $v0, 0xDA91           
/* 029C4 808D67E4 50200004 */  beql    $at, $zero, .L808D67F8     
/* 029C8 808D67E8 28412570 */  slti    $at, $v0, 0x2570           
/* 029CC 808D67EC 03E00008 */  jr      $ra                        
/* 029D0 808D67F0 A49803D8 */  sh      $t8, 0x03D8($a0)           ## 000003D8
.L808D67F4:
/* 029D4 808D67F4 28412570 */  slti    $at, $v0, 0x2570           
.L808D67F8:
/* 029D8 808D67F8 14200003 */  bne     $at, $zero, .L808D6808     
/* 029DC 808D67FC 00403825 */  or      $a3, $v0, $zero            ## $a3 = FFFFFE0C
/* 029E0 808D6800 10000001 */  beq     $zero, $zero, .L808D6808   
/* 029E4 808D6804 2407256F */  addiu   $a3, $zero, 0x256F         ## $a3 = 0000256F
.L808D6808:
/* 029E8 808D6808 A48703D8 */  sh      $a3, 0x03D8($a0)           ## 000003D8
/* 029EC 808D680C 03E00008 */  jr      $ra                        
/* 029F0 808D6810 00000000 */  nop


glabel func_808D6814
/* 029F4 808D6814 27BDFFD0 */  addiu   $sp, $sp, 0xFFD0           ## $sp = FFFFFFD0
/* 029F8 808D6818 AFB00020 */  sw      $s0, 0x0020($sp)           
/* 029FC 808D681C 00808025 */  or      $s0, $a0, $zero            ## $s0 = 00000000
/* 02A00 808D6820 AFBF0024 */  sw      $ra, 0x0024($sp)           
/* 02A04 808D6824 AFA50034 */  sw      $a1, 0x0034($sp)           
/* 02A08 808D6828 3C0F801F */  lui     $t7, 0x801F                ## $t7 = 801F0000
/* 02A0C 808D682C 85EF35C8 */  lh      $t7, 0x35C8($t7)           ## 801F35C8
/* 02A10 808D6830 8FAE0034 */  lw      $t6, 0x0034($sp)           
/* 02A14 808D6834 11E00013 */  beq     $t7, $zero, .L808D6884     
/* 02A18 808D6838 8DC31CCC */  lw      $v1, 0x1CCC($t6)           ## 00001CCC
/* 02A1C 808D683C 861800BC */  lh      $t8, 0x00BC($s0)           ## 000000BC
/* 02A20 808D6840 57000011 */  bnel    $t8, $zero, .L808D6888     
/* 02A24 808D6844 920201A1 */  lbu     $v0, 0x01A1($s0)           ## 000001A1
/* 02A28 808D6848 921903E9 */  lbu     $t9, 0x03E9($s0)           ## 000003E9
/* 02A2C 808D684C 5720000E */  bnel    $t9, $zero, .L808D6888     
/* 02A30 808D6850 920201A1 */  lbu     $v0, 0x01A1($s0)           ## 000001A1
/* 02A34 808D6854 920203EF */  lbu     $v0, 0x03EF($s0)           ## 000003EF
/* 02A38 808D6858 2401000B */  addiu   $at, $zero, 0x000B         ## $at = 0000000B
/* 02A3C 808D685C 10410009 */  beq     $v0, $at, .L808D6884       
/* 02A40 808D6860 2401000C */  addiu   $at, $zero, 0x000C         ## $at = 0000000C
/* 02A44 808D6864 10410007 */  beq     $v0, $at, .L808D6884       
/* 02A48 808D6868 24010001 */  addiu   $at, $zero, 0x0001         ## $at = 00000001
/* 02A4C 808D686C 50410006 */  beql    $v0, $at, .L808D6888       
/* 02A50 808D6870 920201A1 */  lbu     $v0, 0x01A1($s0)           ## 000001A1
/* 02A54 808D6874 0C235934 */  jal     func_808D64D0              
/* 02A58 808D6878 02002025 */  or      $a0, $s0, $zero            ## $a0 = 00000000
/* 02A5C 808D687C 10000081 */  beq     $zero, $zero, .L808D6A84   
/* 02A60 808D6880 8FBF0024 */  lw      $ra, 0x0024($sp)           
.L808D6884:
/* 02A64 808D6884 920201A1 */  lbu     $v0, 0x01A1($s0)           ## 000001A1
.L808D6888:
/* 02A68 808D6888 2401000D */  addiu   $at, $zero, 0x000D         ## $at = 0000000D
/* 02A6C 808D688C 30480002 */  andi    $t0, $v0, 0x0002           ## $t0 = 00000000
/* 02A70 808D6890 1100007B */  beq     $t0, $zero, .L808D6A80     
/* 02A74 808D6894 3049FFFD */  andi    $t1, $v0, 0xFFFD           ## $t1 = 00000000
/* 02A78 808D6898 920B03EF */  lbu     $t3, 0x03EF($s0)           ## 000003EF
/* 02A7C 808D689C 920A00B9 */  lbu     $t2, 0x00B9($s0)           ## 000000B9
/* 02A80 808D68A0 A20901A1 */  sb      $t1, 0x01A1($s0)           ## 000001A1
/* 02A84 808D68A4 11610076 */  beq     $t3, $at, .L808D6A80       
/* 02A88 808D68A8 A20A03F0 */  sb      $t2, 0x03F0($s0)           ## 000003F0
/* 02A8C 808D68AC 02002025 */  or      $a0, $s0, $zero            ## $a0 = 00000000
/* 02A90 808D68B0 260501A8 */  addiu   $a1, $s0, 0x01A8           ## $a1 = 000001A8
/* 02A94 808D68B4 0C02F896 */  jal     func_800BE258              
/* 02A98 808D68B8 AFA30028 */  sw      $v1, 0x0028($sp)           
/* 02A9C 808D68BC 8FA30028 */  lw      $v1, 0x0028($sp)           
/* 02AA0 808D68C0 806C0ADC */  lb      $t4, 0x0ADC($v1)           ## 00000ADC
/* 02AA4 808D68C4 51800004 */  beql    $t4, $zero, .L808D68D8     
/* 02AA8 808D68C8 920E03F0 */  lbu     $t6, 0x03F0($s0)           ## 000003F0
/* 02AAC 808D68CC 806D0ADD */  lb      $t5, 0x0ADD($v1)           ## 00000ADD
/* 02AB0 808D68D0 A20D03F1 */  sb      $t5, 0x03F1($s0)           ## 000003F1
/* 02AB4 808D68D4 920E03F0 */  lbu     $t6, 0x03F0($s0)           ## 000003F0
.L808D68D8:
/* 02AB8 808D68D8 25CFFFFF */  addiu   $t7, $t6, 0xFFFF           ## $t7 = FFFFFFFF
/* 02ABC 808D68DC 2DE1000F */  sltiu   $at, $t7, 0x000F           
/* 02AC0 808D68E0 10200067 */  beq     $at, $zero, .L808D6A80     
/* 02AC4 808D68E4 000F7880 */  sll     $t7, $t7,  2               
/* 02AC8 808D68E8 3C01808D */  lui     $at, %hi(D_808D719C)       ## $at = 808D0000
/* 02ACC 808D68EC 002F0821 */  addu    $at, $at, $t7              
/* 02AD0 808D68F0 8C2F719C */  lw      $t7, %lo(D_808D719C)($at)  
/* 02AD4 808D68F4 01E00008 */  jr      $t7                        
/* 02AD8 808D68F8 00000000 */  nop
.L808D68FC:
/* 02ADC 808D68FC 8E020188 */  lw      $v0, 0x0188($s0)           ## 00000188
/* 02AE0 808D6900 3C18808D */  lui     $t8, %hi(func_808D58CC)    ## $t8 = 808D0000
/* 02AE4 808D6904 271858CC */  addiu   $t8, $t8, %lo(func_808D58CC) ## $t8 = 808D58CC
/* 02AE8 808D6908 1302005D */  beq     $t8, $v0, .L808D6A80       
/* 02AEC 808D690C 3C19808D */  lui     $t9, %hi(func_808D65BC)    ## $t9 = 808D0000
/* 02AF0 808D6910 273965BC */  addiu   $t9, $t9, %lo(func_808D65BC) ## $t9 = 808D65BC
/* 02AF4 808D6914 17220003 */  bne     $t9, $v0, .L808D6924       
/* 02AF8 808D6918 24090028 */  addiu   $t1, $zero, 0x0028         ## $t1 = 00000028
/* 02AFC 808D691C 860803D6 */  lh      $t0, 0x03D6($s0)           ## 000003D6
/* 02B00 808D6920 15000057 */  bne     $t0, $zero, .L808D6A80     
.L808D6924:
/* 02B04 808D6924 3C013F80 */  lui     $at, 0x3F80                ## $at = 3F800000
/* 02B08 808D6928 44812000 */  mtc1    $at, $f4                   ## $f4 = 1.00
/* 02B0C 808D692C 240A001E */  addiu   $t2, $zero, 0x001E         ## $t2 = 0000001E
/* 02B10 808D6930 A60903E6 */  sh      $t1, 0x03E6($s0)           ## 000003E6
/* 02B14 808D6934 A20A03E8 */  sb      $t2, 0x03E8($s0)           ## 000003E8
/* 02B18 808D6938 02002025 */  or      $a0, $s0, $zero            ## $a0 = 00000000
/* 02B1C 808D693C 0C235934 */  jal     func_808D64D0              
/* 02B20 808D6940 E6040294 */  swc1    $f4, 0x0294($s0)           ## 00000294
/* 02B24 808D6944 1000004F */  beq     $zero, $zero, .L808D6A84   
/* 02B28 808D6948 8FBF0024 */  lw      $ra, 0x0024($sp)           
.L808D694C:
/* 02B2C 808D694C 0C235934 */  jal     func_808D64D0              
/* 02B30 808D6950 02002025 */  or      $a0, $s0, $zero            ## $a0 = 00000000
/* 02B34 808D6954 1000004B */  beq     $zero, $zero, .L808D6A84   
/* 02B38 808D6958 8FBF0024 */  lw      $ra, 0x0024($sp)           
.L808D695C:
/* 02B3C 808D695C 240B0028 */  addiu   $t3, $zero, 0x0028         ## $t3 = 00000028
/* 02B40 808D6960 AFAB0010 */  sw      $t3, 0x0010($sp)           
/* 02B44 808D6964 02002025 */  or      $a0, $s0, $zero            ## $a0 = 00000000
/* 02B48 808D6968 24054000 */  addiu   $a1, $zero, 0x4000         ## $a1 = 00004000
/* 02B4C 808D696C 240600FF */  addiu   $a2, $zero, 0x00FF         ## $a2 = 000000FF
/* 02B50 808D6970 0C02F2DC */  jal     func_800BCB70              
/* 02B54 808D6974 00003825 */  or      $a3, $zero, $zero          ## $a3 = 00000000
/* 02B58 808D6978 3C013F80 */  lui     $at, 0x3F80                ## $at = 3F800000
/* 02B5C 808D697C 44813000 */  mtc1    $at, $f6                   ## $f6 = 1.00
/* 02B60 808D6980 240C00B4 */  addiu   $t4, $zero, 0x00B4         ## $t4 = 000000B4
/* 02B64 808D6984 A60C03E6 */  sh      $t4, 0x03E6($s0)           ## 000003E6
/* 02B68 808D6988 A20003E8 */  sb      $zero, 0x03E8($s0)         ## 000003E8
/* 02B6C 808D698C A20003E9 */  sb      $zero, 0x03E9($s0)         ## 000003E9
/* 02B70 808D6990 A60003E0 */  sh      $zero, 0x03E0($s0)         ## 000003E0
/* 02B74 808D6994 10000026 */  beq     $zero, $zero, .L808D6A30   
/* 02B78 808D6998 E6060294 */  swc1    $f6, 0x0294($s0)           ## 00000294
.L808D699C:
/* 02B7C 808D699C 240D0028 */  addiu   $t5, $zero, 0x0028         ## $t5 = 00000028
/* 02B80 808D69A0 AFAD0010 */  sw      $t5, 0x0010($sp)           
/* 02B84 808D69A4 02002025 */  or      $a0, $s0, $zero            ## $a0 = 00000000
/* 02B88 808D69A8 24054000 */  addiu   $a1, $zero, 0x4000         ## $a1 = 00004000
/* 02B8C 808D69AC 240600FF */  addiu   $a2, $zero, 0x00FF         ## $a2 = 000000FF
/* 02B90 808D69B0 0C02F2DC */  jal     func_800BCB70              
/* 02B94 808D69B4 00003825 */  or      $a3, $zero, $zero          ## $a3 = 00000000
/* 02B98 808D69B8 3C013F80 */  lui     $at, 0x3F80                ## $at = 3F800000
/* 02B9C 808D69BC 44814000 */  mtc1    $at, $f8                   ## $f8 = 1.00
/* 02BA0 808D69C0 240E003C */  addiu   $t6, $zero, 0x003C         ## $t6 = 0000003C
/* 02BA4 808D69C4 240F0014 */  addiu   $t7, $zero, 0x0014         ## $t7 = 00000014
/* 02BA8 808D69C8 A60E03E6 */  sh      $t6, 0x03E6($s0)           ## 000003E6
/* 02BAC 808D69CC A20F03E8 */  sb      $t7, 0x03E8($s0)           ## 000003E8
/* 02BB0 808D69D0 A20003E9 */  sb      $zero, 0x03E9($s0)         ## 000003E9
/* 02BB4 808D69D4 A60003E0 */  sh      $zero, 0x03E0($s0)         ## 000003E0
/* 02BB8 808D69D8 10000015 */  beq     $zero, $zero, .L808D6A30   
/* 02BBC 808D69DC E6080294 */  swc1    $f8, 0x0294($s0)           ## 00000294
.L808D69E0:
/* 02BC0 808D69E0 24180008 */  addiu   $t8, $zero, 0x0008         ## $t8 = 00000008
/* 02BC4 808D69E4 AFB80010 */  sw      $t8, 0x0010($sp)           
/* 02BC8 808D69E8 02002025 */  or      $a0, $s0, $zero            ## $a0 = 00000000
/* 02BCC 808D69EC 24054000 */  addiu   $a1, $zero, 0x4000         ## $a1 = 00004000
/* 02BD0 808D69F0 240600FF */  addiu   $a2, $zero, 0x00FF         ## $a2 = 000000FF
/* 02BD4 808D69F4 0C02F2DC */  jal     func_800BCB70              
/* 02BD8 808D69F8 00003825 */  or      $a3, $zero, $zero          ## $a3 = 00000000
/* 02BDC 808D69FC A20003E9 */  sb      $zero, 0x03E9($s0)         ## 000003E9
/* 02BE0 808D6A00 1000000B */  beq     $zero, $zero, .L808D6A30   
/* 02BE4 808D6A04 A60003E0 */  sh      $zero, 0x03E0($s0)         ## 000003E0
.L808D6A08:
/* 02BE8 808D6A08 24190008 */  addiu   $t9, $zero, 0x0008         ## $t9 = 00000008
/* 02BEC 808D6A0C AFB90010 */  sw      $t9, 0x0010($sp)           
/* 02BF0 808D6A10 02002025 */  or      $a0, $s0, $zero            ## $a0 = 00000000
/* 02BF4 808D6A14 24054000 */  addiu   $a1, $zero, 0x4000         ## $a1 = 00004000
/* 02BF8 808D6A18 240600FF */  addiu   $a2, $zero, 0x00FF         ## $a2 = 000000FF
/* 02BFC 808D6A1C 0C02F2DC */  jal     func_800BCB70              
/* 02C00 808D6A20 00003825 */  or      $a3, $zero, $zero          ## $a3 = 00000000
/* 02C04 808D6A24 A20003E9 */  sb      $zero, 0x03E9($s0)         ## 000003E9
/* 02C08 808D6A28 A60003E0 */  sh      $zero, 0x03E0($s0)         ## 000003E0
/* 02C0C 808D6A2C A20000B7 */  sb      $zero, 0x00B7($s0)         ## 000000B7
.L808D6A30:
/* 02C10 808D6A30 0C02F88B */  jal     func_800BE22C              
/* 02C14 808D6A34 02002025 */  or      $a0, $s0, $zero            ## $a0 = 00000000
/* 02C18 808D6A38 920800B7 */  lbu     $t0, 0x00B7($s0)           ## 000000B7
/* 02C1C 808D6A3C 8FA40034 */  lw      $a0, 0x0034($sp)           
/* 02C20 808D6A40 02002825 */  or      $a1, $s0, $zero            ## $a1 = 00000000
/* 02C24 808D6A44 1500000C */  bne     $t0, $zero, .L808D6A78     
/* 02C28 808D6A48 00000000 */  nop
/* 02C2C 808D6A4C 0C235064 */  jal     func_808D4190              
/* 02C30 808D6A50 24060001 */  addiu   $a2, $zero, 0x0001         ## $a2 = 00000001
/* 02C34 808D6A54 0C2358C4 */  jal     func_808D6310              
/* 02C38 808D6A58 02002025 */  or      $a0, $s0, $zero            ## $a0 = 00000000
/* 02C3C 808D6A5C 8FA40034 */  lw      $a0, 0x0034($sp)           
/* 02C40 808D6A60 00002825 */  or      $a1, $zero, $zero          ## $a1 = 00000000
/* 02C44 808D6A64 26060024 */  addiu   $a2, $s0, 0x0024           ## $a2 = 00000024
/* 02C48 808D6A68 0C029F4A */  jal     func_800A7D28              
/* 02C4C 808D6A6C 24070090 */  addiu   $a3, $zero, 0x0090         ## $a3 = 00000090
/* 02C50 808D6A70 10000004 */  beq     $zero, $zero, .L808D6A84   
/* 02C54 808D6A74 8FBF0024 */  lw      $ra, 0x0024($sp)           
.L808D6A78:
/* 02C58 808D6A78 0C23585B */  jal     func_808D616C              
/* 02C5C 808D6A7C 02002025 */  or      $a0, $s0, $zero            ## $a0 = 00000000
.L808D6A80:
/* 02C60 808D6A80 8FBF0024 */  lw      $ra, 0x0024($sp)           
.L808D6A84:
/* 02C64 808D6A84 8FB00020 */  lw      $s0, 0x0020($sp)           
/* 02C68 808D6A88 27BD0030 */  addiu   $sp, $sp, 0x0030           ## $sp = 00000000
/* 02C6C 808D6A8C 03E00008 */  jr      $ra                        
/* 02C70 808D6A90 00000000 */  nop


glabel func_808D6A94
/* 02C74 808D6A94 27BDFFD8 */  addiu   $sp, $sp, 0xFFD8           ## $sp = FFFFFFD8
/* 02C78 808D6A98 AFBF0014 */  sw      $ra, 0x0014($sp)           
/* 02C7C 808D6A9C AFA5002C */  sw      $a1, 0x002C($sp)           
/* 02C80 808D6AA0 00803825 */  or      $a3, $a0, $zero            ## $a3 = 00000000
/* 02C84 808D6AA4 90EF00B7 */  lbu     $t7, 0x00B7($a3)           ## 000000B7
/* 02C88 808D6AA8 8FAE002C */  lw      $t6, 0x002C($sp)           
/* 02C8C 808D6AAC 19E00029 */  blez    $t7, .L808D6B54            
/* 02C90 808D6AB0 8DC21CCC */  lw      $v0, 0x1CCC($t6)           ## 00001CCC
/* 02C94 808D6AB4 90F803EF */  lbu     $t8, 0x03EF($a3)           ## 000003EF
/* 02C98 808D6AB8 2401000A */  addiu   $at, $zero, 0x000A         ## $at = 0000000A
/* 02C9C 808D6ABC 00E02025 */  or      $a0, $a3, $zero            ## $a0 = 00000000
/* 02CA0 808D6AC0 13010024 */  beq     $t8, $at, .L808D6B54       
/* 02CA4 808D6AC4 24E50190 */  addiu   $a1, $a3, 0x0190           ## $a1 = 00000190
/* 02CA8 808D6AC8 AFA20024 */  sw      $v0, 0x0024($sp)           
/* 02CAC 808D6ACC AFA50020 */  sw      $a1, 0x0020($sp)           
/* 02CB0 808D6AD0 0C039F7E */  jal     func_800E7DF8              
/* 02CB4 808D6AD4 AFA70028 */  sw      $a3, 0x0028($sp)           
/* 02CB8 808D6AD8 8FA4002C */  lw      $a0, 0x002C($sp)           
/* 02CBC 808D6ADC 3C010001 */  lui     $at, 0x0001                ## $at = 00010000
/* 02CC0 808D6AE0 34218884 */  ori     $at, $at, 0x8884           ## $at = 00018884
/* 02CC4 808D6AE4 00812821 */  addu    $a1, $a0, $at              
/* 02CC8 808D6AE8 AFA5001C */  sw      $a1, 0x001C($sp)           
/* 02CCC 808D6AEC 0C038A4A */  jal     func_800E2928              
/* 02CD0 808D6AF0 8FA60020 */  lw      $a2, 0x0020($sp)           
/* 02CD4 808D6AF4 8FA70028 */  lw      $a3, 0x0028($sp)           
/* 02CD8 808D6AF8 2401000B */  addiu   $at, $zero, 0x000B         ## $at = 0000000B
/* 02CDC 808D6AFC 8FA20024 */  lw      $v0, 0x0024($sp)           
/* 02CE0 808D6B00 90F903EF */  lbu     $t9, 0x03EF($a3)           ## 000003EF
/* 02CE4 808D6B04 8FA5001C */  lw      $a1, 0x001C($sp)           
/* 02CE8 808D6B08 57210009 */  bnel    $t9, $at, .L808D6B30       
/* 02CEC 808D6B0C 8CEC0188 */  lw      $t4, 0x0188($a3)           ## 00000188
/* 02CF0 808D6B10 80480ADC */  lb      $t0, 0x0ADC($v0)           ## 00000ADC
/* 02CF4 808D6B14 51000010 */  beql    $t0, $zero, .L808D6B58     
/* 02CF8 808D6B18 8FBF0014 */  lw      $ra, 0x0014($sp)           
/* 02CFC 808D6B1C 80E903F1 */  lb      $t1, 0x03F1($a3)           ## 000003F1
/* 02D00 808D6B20 804A0ADD */  lb      $t2, 0x0ADD($v0)           ## 00000ADD
/* 02D04 808D6B24 512A000C */  beql    $t1, $t2, .L808D6B58       
/* 02D08 808D6B28 8FBF0014 */  lw      $ra, 0x0014($sp)           
/* 02D0C 808D6B2C 8CEC0188 */  lw      $t4, 0x0188($a3)           ## 00000188
.L808D6B30:
/* 02D10 808D6B30 3C0B808D */  lui     $t3, %hi(func_808D65BC)    ## $t3 = 808D0000
/* 02D14 808D6B34 256B65BC */  addiu   $t3, $t3, %lo(func_808D65BC) ## $t3 = 808D65BC
/* 02D18 808D6B38 156C0004 */  bne     $t3, $t4, .L808D6B4C       
/* 02D1C 808D6B3C 8FA4002C */  lw      $a0, 0x002C($sp)           
/* 02D20 808D6B40 84ED03D6 */  lh      $t5, 0x03D6($a3)           ## 000003D6
/* 02D24 808D6B44 55A00004 */  bnel    $t5, $zero, .L808D6B58     
/* 02D28 808D6B48 8FBF0014 */  lw      $ra, 0x0014($sp)           
.L808D6B4C:
/* 02D2C 808D6B4C 0C0389D0 */  jal     func_800E2740              
/* 02D30 808D6B50 8FA60020 */  lw      $a2, 0x0020($sp)           
.L808D6B54:
/* 02D34 808D6B54 8FBF0014 */  lw      $ra, 0x0014($sp)           
.L808D6B58:
/* 02D38 808D6B58 27BD0028 */  addiu   $sp, $sp, 0x0028           ## $sp = 00000000
/* 02D3C 808D6B5C 03E00008 */  jr      $ra                        
/* 02D40 808D6B60 00000000 */  nop


glabel func_808D6B64
/* 02D44 808D6B64 27BDFFD8 */  addiu   $sp, $sp, 0xFFD8           ## $sp = FFFFFFD8
/* 02D48 808D6B68 AFB00020 */  sw      $s0, 0x0020($sp)           
/* 02D4C 808D6B6C 00808025 */  or      $s0, $a0, $zero            ## $s0 = 00000000
/* 02D50 808D6B70 AFBF0024 */  sw      $ra, 0x0024($sp)           
/* 02D54 808D6B74 AFA5002C */  sw      $a1, 0x002C($sp)           
/* 02D58 808D6B78 860203E6 */  lh      $v0, 0x03E6($s0)           ## 000003E6
/* 02D5C 808D6B7C 26040298 */  addiu   $a0, $s0, 0x0298           ## $a0 = 00000298
/* 02D60 808D6B80 3C053F00 */  lui     $a1, 0x3F00                ## $a1 = 3F000000
/* 02D64 808D6B84 18400003 */  blez    $v0, .L808D6B94            
/* 02D68 808D6B88 244EFFFF */  addiu   $t6, $v0, 0xFFFF           ## $t6 = FFFFFFFF
/* 02D6C 808D6B8C A60E03E6 */  sh      $t6, 0x03E6($s0)           ## 000003E6
/* 02D70 808D6B90 860203E6 */  lh      $v0, 0x03E6($s0)           ## 000003E6
.L808D6B94:
/* 02D74 808D6B94 28410014 */  slti    $at, $v0, 0x0014           
/* 02D78 808D6B98 10200012 */  beq     $at, $zero, .L808D6BE4     
/* 02D7C 808D6B9C 3C063DCC */  lui     $a2, 0x3DCC                ## $a2 = 3DCC0000
/* 02D80 808D6BA0 44800000 */  mtc1    $zero, $f0                 ## $f0 = 0.00
/* 02D84 808D6BA4 3C073CF5 */  lui     $a3, 0x3CF5                ## $a3 = 3CF50000
/* 02D88 808D6BA8 34E7C28F */  ori     $a3, $a3, 0xC28F           ## $a3 = 3CF5C28F
/* 02D8C 808D6BAC 44050000 */  mfc1    $a1, $f0                   
/* 02D90 808D6BB0 26040298 */  addiu   $a0, $s0, 0x0298           ## $a0 = 00000298
/* 02D94 808D6BB4 3C063F00 */  lui     $a2, 0x3F00                ## $a2 = 3F000000
/* 02D98 808D6BB8 0C03FF36 */  jal     func_800FFCD8              
/* 02D9C 808D6BBC E7A00010 */  swc1    $f0, 0x0010($sp)           
/* 02DA0 808D6BC0 860F03E6 */  lh      $t7, 0x03E6($s0)           ## 000003E6
/* 02DA4 808D6BC4 3C01808D */  lui     $at, %hi(D_808D71D8)       ## $at = 808D0000
/* 02DA8 808D6BC8 C42871D8 */  lwc1    $f8, %lo(D_808D71D8)($at)  
/* 02DAC 808D6BCC 448F2000 */  mtc1    $t7, $f4                   ## $f4 = 0.00
/* 02DB0 808D6BD0 00000000 */  nop
/* 02DB4 808D6BD4 468021A0 */  cvt.s.w $f6, $f4                   
/* 02DB8 808D6BD8 46083282 */  mul.s   $f10, $f6, $f8             
/* 02DBC 808D6BDC 10000007 */  beq     $zero, $zero, .L808D6BFC   
/* 02DC0 808D6BE0 E60A0294 */  swc1    $f10, 0x0294($s0)          ## 00000294
.L808D6BE4:
/* 02DC4 808D6BE4 44800000 */  mtc1    $zero, $f0                 ## $f0 = 0.00
/* 02DC8 808D6BE8 3C073CA3 */  lui     $a3, 0x3CA3                ## $a3 = 3CA30000
/* 02DCC 808D6BEC 34E7D70A */  ori     $a3, $a3, 0xD70A           ## $a3 = 3CA3D70A
/* 02DD0 808D6BF0 34C6CCCD */  ori     $a2, $a2, 0xCCCD           ## $a2 = 0000CCCD
/* 02DD4 808D6BF4 0C03FF36 */  jal     func_800FFCD8              
/* 02DD8 808D6BF8 E7A00010 */  swc1    $f0, 0x0010($sp)           
.L808D6BFC:
/* 02DDC 808D6BFC 8FBF0024 */  lw      $ra, 0x0024($sp)           
/* 02DE0 808D6C00 8FB00020 */  lw      $s0, 0x0020($sp)           
/* 02DE4 808D6C04 27BD0028 */  addiu   $sp, $sp, 0x0028           ## $sp = 00000000
/* 02DE8 808D6C08 03E00008 */  jr      $ra                        
/* 02DEC 808D6C0C 00000000 */  nop


glabel func_808D6C10
/* 02DF0 808D6C10 27BDFFD8 */  addiu   $sp, $sp, 0xFFD8           ## $sp = FFFFFFD8
/* 02DF4 808D6C14 AFB00020 */  sw      $s0, 0x0020($sp)           
/* 02DF8 808D6C18 00808025 */  or      $s0, $a0, $zero            ## $s0 = 00000000
/* 02DFC 808D6C1C AFBF0024 */  sw      $ra, 0x0024($sp)           
/* 02E00 808D6C20 AFA5002C */  sw      $a1, 0x002C($sp)           
/* 02E04 808D6C24 02002025 */  or      $a0, $s0, $zero            ## $a0 = 00000000
/* 02E08 808D6C28 0C235A05 */  jal     func_808D6814              
/* 02E0C 808D6C2C 8FA5002C */  lw      $a1, 0x002C($sp)           
/* 02E10 808D6C30 3C02801F */  lui     $v0, 0x801F                ## $v0 = 801F0000
/* 02E14 808D6C34 2442F670 */  addiu   $v0, $v0, 0xF670           ## $v0 = 801EF670
/* 02E18 808D6C38 844E3F58 */  lh      $t6, 0x3F58($v0)           ## 801F35C8
/* 02E1C 808D6C3C 51C00006 */  beql    $t6, $zero, .L808D6C58     
/* 02E20 808D6C40 920203F0 */  lbu     $v0, 0x03F0($s0)           ## 000003F0
/* 02E24 808D6C44 920F03E9 */  lbu     $t7, 0x03E9($s0)           ## 000003E9
/* 02E28 808D6C48 55E00003 */  bnel    $t7, $zero, .L808D6C58     
/* 02E2C 808D6C4C 920203F0 */  lbu     $v0, 0x03F0($s0)           ## 000003F0
/* 02E30 808D6C50 A4403F58 */  sh      $zero, 0x3F58($v0)         ## 801F35C8
/* 02E34 808D6C54 920203F0 */  lbu     $v0, 0x03F0($s0)           ## 000003F0
.L808D6C58:
/* 02E38 808D6C58 24010006 */  addiu   $at, $zero, 0x0006         ## $at = 00000006
/* 02E3C 808D6C5C 50410038 */  beql    $v0, $at, .L808D6D40       
/* 02E40 808D6C60 8E0A0028 */  lw      $t2, 0x0028($s0)           ## 00000028
/* 02E44 808D6C64 921803EF */  lbu     $t8, 0x03EF($s0)           ## 000003EF
/* 02E48 808D6C68 2401000D */  addiu   $at, $zero, 0x000D         ## $at = 0000000D
/* 02E4C 808D6C6C 17010003 */  bne     $t8, $at, .L808D6C7C       
/* 02E50 808D6C70 24010002 */  addiu   $at, $zero, 0x0002         ## $at = 00000002
/* 02E54 808D6C74 50410032 */  beql    $v0, $at, .L808D6D40       
/* 02E58 808D6C78 8E0A0028 */  lw      $t2, 0x0028($s0)           ## 00000028
.L808D6C7C:
/* 02E5C 808D6C7C 920203ED */  lbu     $v0, 0x03ED($s0)           ## 000003ED
/* 02E60 808D6C80 10400002 */  beq     $v0, $zero, .L808D6C8C     
/* 02E64 808D6C84 2459FFFF */  addiu   $t9, $v0, 0xFFFF           ## $t9 = 801EF66F
/* 02E68 808D6C88 A21903ED */  sb      $t9, 0x03ED($s0)           ## 000003ED
.L808D6C8C:
/* 02E6C 808D6C8C 8E190188 */  lw      $t9, 0x0188($s0)           ## 00000188
/* 02E70 808D6C90 02002025 */  or      $a0, $s0, $zero            ## $a0 = 00000000
/* 02E74 808D6C94 8FA5002C */  lw      $a1, 0x002C($sp)           
/* 02E78 808D6C98 0320F809 */  jalr    $ra, $t9                   
/* 02E7C 808D6C9C 00000000 */  nop
/* 02E80 808D6CA0 920203EF */  lbu     $v0, 0x03EF($s0)           ## 000003EF
/* 02E84 808D6CA4 2401000A */  addiu   $at, $zero, 0x000A         ## $at = 0000000A
/* 02E88 808D6CA8 5041000B */  beql    $v0, $at, .L808D6CD8       
/* 02E8C 808D6CAC 860800BC */  lh      $t0, 0x00BC($s0)           ## 000000BC
/* 02E90 808D6CB0 44802000 */  mtc1    $zero, $f4                 ## $f4 = 0.00
/* 02E94 808D6CB4 C6060070 */  lwc1    $f6, 0x0070($s0)           ## 00000070
/* 02E98 808D6CB8 46062032 */  c.eq.s  $f4, $f6                   
/* 02E9C 808D6CBC 00000000 */  nop
/* 02EA0 808D6CC0 45030005 */  bc1tl   .L808D6CD8                 
/* 02EA4 808D6CC4 860800BC */  lh      $t0, 0x00BC($s0)           ## 000000BC
/* 02EA8 808D6CC8 0C02DAA2 */  jal     func_800B6A88              
/* 02EAC 808D6CCC 02002025 */  or      $a0, $s0, $zero            ## $a0 = 00000000
/* 02EB0 808D6CD0 920203EF */  lbu     $v0, 0x03EF($s0)           ## 000003EF
/* 02EB4 808D6CD4 860800BC */  lh      $t0, 0x00BC($s0)           ## 000000BC
.L808D6CD8:
/* 02EB8 808D6CD8 2401000A */  addiu   $at, $zero, 0x000A         ## $at = 0000000A
/* 02EBC 808D6CDC 55000013 */  bnel    $t0, $zero, .L808D6D2C     
/* 02EC0 808D6CE0 24010007 */  addiu   $at, $zero, 0x0007         ## $at = 00000007
/* 02EC4 808D6CE4 50410011 */  beql    $v0, $at, .L808D6D2C       
/* 02EC8 808D6CE8 24010007 */  addiu   $at, $zero, 0x0007         ## $at = 00000007
/* 02ECC 808D6CEC 44804000 */  mtc1    $zero, $f8                 ## $f8 = 0.00
/* 02ED0 808D6CF0 C60A0070 */  lwc1    $f10, 0x0070($s0)          ## 00000070
/* 02ED4 808D6CF4 8FA4002C */  lw      $a0, 0x002C($sp)           
/* 02ED8 808D6CF8 02002825 */  or      $a1, $s0, $zero            ## $a1 = 00000000
/* 02EDC 808D6CFC 460A4032 */  c.eq.s  $f8, $f10                  
/* 02EE0 808D6D00 3C0641F0 */  lui     $a2, 0x41F0                ## $a2 = 41F00000
/* 02EE4 808D6D04 3C0741A0 */  lui     $a3, 0x41A0                ## $a3 = 41A00000
/* 02EE8 808D6D08 3C01420C */  lui     $at, 0x420C                ## $at = 420C0000
/* 02EEC 808D6D0C 45010006 */  bc1t    .L808D6D28                 
/* 02EF0 808D6D10 2409001D */  addiu   $t1, $zero, 0x001D         ## $t1 = 0000001D
/* 02EF4 808D6D14 44818000 */  mtc1    $at, $f16                  ## $f16 = 35.00
/* 02EF8 808D6D18 AFA90014 */  sw      $t1, 0x0014($sp)           
/* 02EFC 808D6D1C 0C02DE2E */  jal     func_800B78B8              
/* 02F00 808D6D20 E7B00010 */  swc1    $f16, 0x0010($sp)          
/* 02F04 808D6D24 920203EF */  lbu     $v0, 0x03EF($s0)           ## 000003EF
.L808D6D28:
/* 02F08 808D6D28 24010007 */  addiu   $at, $zero, 0x0007         ## $at = 00000007
.L808D6D2C:
/* 02F0C 808D6D2C 14410003 */  bne     $v0, $at, .L808D6D3C       
/* 02F10 808D6D30 02002025 */  or      $a0, $s0, $zero            ## $a0 = 00000000
/* 02F14 808D6D34 0C2359A8 */  jal     func_808D66A0              
/* 02F18 808D6D38 8FA5002C */  lw      $a1, 0x002C($sp)           
.L808D6D3C:
/* 02F1C 808D6D3C 8E0A0028 */  lw      $t2, 0x0028($s0)           ## 00000028
.L808D6D40:
/* 02F20 808D6D40 3C014248 */  lui     $at, 0x4248                ## $at = 42480000
/* 02F24 808D6D44 8E0B0024 */  lw      $t3, 0x0024($s0)           ## 00000024
/* 02F28 808D6D48 AE0A0040 */  sw      $t2, 0x0040($s0)           ## 00000040
/* 02F2C 808D6D4C C6120040 */  lwc1    $f18, 0x0040($s0)          ## 00000040
/* 02F30 808D6D50 44812000 */  mtc1    $at, $f4                   ## $f4 = 50.00
/* 02F34 808D6D54 AE0B003C */  sw      $t3, 0x003C($s0)           ## 0000003C
/* 02F38 808D6D58 8E0B002C */  lw      $t3, 0x002C($s0)           ## 0000002C
/* 02F3C 808D6D5C 46049180 */  add.s   $f6, $f18, $f4             
/* 02F40 808D6D60 02002025 */  or      $a0, $s0, $zero            ## $a0 = 00000000
/* 02F44 808D6D64 AE0B0044 */  sw      $t3, 0x0044($s0)           ## 00000044
/* 02F48 808D6D68 E6060040 */  swc1    $f6, 0x0040($s0)           ## 00000040
/* 02F4C 808D6D6C 0C235AA5 */  jal     func_808D6A94              
/* 02F50 808D6D70 8FA5002C */  lw      $a1, 0x002C($sp)           
/* 02F54 808D6D74 02002025 */  or      $a0, $s0, $zero            ## $a0 = 00000000
/* 02F58 808D6D78 0C235098 */  jal     func_808D4260              
/* 02F5C 808D6D7C 8FA5002C */  lw      $a1, 0x002C($sp)           
/* 02F60 808D6D80 02002025 */  or      $a0, $s0, $zero            ## $a0 = 00000000
/* 02F64 808D6D84 0C235AD9 */  jal     func_808D6B64              
/* 02F68 808D6D88 8FA5002C */  lw      $a1, 0x002C($sp)           
/* 02F6C 808D6D8C 8FBF0024 */  lw      $ra, 0x0024($sp)           
/* 02F70 808D6D90 8FB00020 */  lw      $s0, 0x0020($sp)           
/* 02F74 808D6D94 27BD0028 */  addiu   $sp, $sp, 0x0028           ## $sp = 00000000
/* 02F78 808D6D98 03E00008 */  jr      $ra                        
/* 02F7C 808D6D9C 00000000 */  nop


glabel func_808D6DA0
/* 02F80 808D6DA0 AFA40000 */  sw      $a0, 0x0000($sp)           
/* 02F84 808D6DA4 AFA60008 */  sw      $a2, 0x0008($sp)           
/* 02F88 808D6DA8 AFA7000C */  sw      $a3, 0x000C($sp)           
/* 02F8C 808D6DAC 24010017 */  addiu   $at, $zero, 0x0017         ## $at = 00000017
/* 02F90 808D6DB0 14A10007 */  bne     $a1, $at, .L808D6DD0       
/* 02F94 808D6DB4 8FA20010 */  lw      $v0, 0x0010($sp)           
/* 02F98 808D6DB8 8FAF0014 */  lw      $t7, 0x0014($sp)           
/* 02F9C 808D6DBC 844E0002 */  lh      $t6, 0x0002($v0)           ## 00000002
/* 02FA0 808D6DC0 85F803D8 */  lh      $t8, 0x03D8($t7)           ## 000003D8
/* 02FA4 808D6DC4 01D8C821 */  addu    $t9, $t6, $t8              
/* 02FA8 808D6DC8 10000009 */  beq     $zero, $zero, .L808D6DF0   
/* 02FAC 808D6DCC A4590002 */  sh      $t9, 0x0002($v0)           ## 00000002
.L808D6DD0:
/* 02FB0 808D6DD0 2401000C */  addiu   $at, $zero, 0x000C         ## $at = 0000000C
/* 02FB4 808D6DD4 14A10006 */  bne     $a1, $at, .L808D6DF0       
/* 02FB8 808D6DD8 8FA20010 */  lw      $v0, 0x0010($sp)           
/* 02FBC 808D6DDC 8FA90014 */  lw      $t1, 0x0014($sp)           
/* 02FC0 808D6DE0 84480002 */  lh      $t0, 0x0002($v0)           ## 00000002
/* 02FC4 808D6DE4 852A03DA */  lh      $t2, 0x03DA($t1)           ## 000003DA
/* 02FC8 808D6DE8 010A5821 */  addu    $t3, $t0, $t2              
/* 02FCC 808D6DEC A44B0002 */  sh      $t3, 0x0002($v0)           ## 00000002
.L808D6DF0:
/* 02FD0 808D6DF0 00001025 */  or      $v0, $zero, $zero          ## $v0 = 00000000
/* 02FD4 808D6DF4 03E00008 */  jr      $ra                        
/* 02FD8 808D6DF8 00000000 */  nop


glabel func_808D6DFC
/* 02FDC 808D6DFC 27BDFFE8 */  addiu   $sp, $sp, 0xFFE8           ## $sp = FFFFFFE8
/* 02FE0 808D6E00 AFA60020 */  sw      $a2, 0x0020($sp)           
/* 02FE4 808D6E04 8FA60028 */  lw      $a2, 0x0028($sp)           
/* 02FE8 808D6E08 AFBF0014 */  sw      $ra, 0x0014($sp)           
/* 02FEC 808D6E0C AFA40018 */  sw      $a0, 0x0018($sp)           
/* 02FF0 808D6E10 AFA70024 */  sw      $a3, 0x0024($sp)           
/* 02FF4 808D6E14 84CE03E6 */  lh      $t6, 0x03E6($a2)           ## 000003E6
/* 02FF8 808D6E18 24010003 */  addiu   $at, $zero, 0x0003         ## $at = 00000003
/* 02FFC 808D6E1C 51C0002B */  beql    $t6, $zero, .L808D6ECC     
/* 03000 808D6E20 8FBF0014 */  lw      $ra, 0x0014($sp)           
/* 03004 808D6E24 10A1001D */  beq     $a1, $at, .L808D6E9C       
/* 03008 808D6E28 24010004 */  addiu   $at, $zero, 0x0004         ## $at = 00000004
/* 0300C 808D6E2C 10A1001B */  beq     $a1, $at, .L808D6E9C       
/* 03010 808D6E30 24010006 */  addiu   $at, $zero, 0x0006         ## $at = 00000006
/* 03014 808D6E34 10A10019 */  beq     $a1, $at, .L808D6E9C       
/* 03018 808D6E38 24010008 */  addiu   $at, $zero, 0x0008         ## $at = 00000008
/* 0301C 808D6E3C 10A10017 */  beq     $a1, $at, .L808D6E9C       
/* 03020 808D6E40 24010009 */  addiu   $at, $zero, 0x0009         ## $at = 00000009
/* 03024 808D6E44 10A10015 */  beq     $a1, $at, .L808D6E9C       
/* 03028 808D6E48 2401000B */  addiu   $at, $zero, 0x000B         ## $at = 0000000B
/* 0302C 808D6E4C 10A10013 */  beq     $a1, $at, .L808D6E9C       
/* 03030 808D6E50 2401000E */  addiu   $at, $zero, 0x000E         ## $at = 0000000E
/* 03034 808D6E54 10A10011 */  beq     $a1, $at, .L808D6E9C       
/* 03038 808D6E58 24010010 */  addiu   $at, $zero, 0x0010         ## $at = 00000010
/* 0303C 808D6E5C 10A1000F */  beq     $a1, $at, .L808D6E9C       
/* 03040 808D6E60 24010011 */  addiu   $at, $zero, 0x0011         ## $at = 00000011
/* 03044 808D6E64 10A1000D */  beq     $a1, $at, .L808D6E9C       
/* 03048 808D6E68 24010012 */  addiu   $at, $zero, 0x0012         ## $at = 00000012
/* 0304C 808D6E6C 10A1000B */  beq     $a1, $at, .L808D6E9C       
/* 03050 808D6E70 24010014 */  addiu   $at, $zero, 0x0014         ## $at = 00000014
/* 03054 808D6E74 10A10009 */  beq     $a1, $at, .L808D6E9C       
/* 03058 808D6E78 24010015 */  addiu   $at, $zero, 0x0015         ## $at = 00000015
/* 0305C 808D6E7C 10A10007 */  beq     $a1, $at, .L808D6E9C       
/* 03060 808D6E80 24010016 */  addiu   $at, $zero, 0x0016         ## $at = 00000016
/* 03064 808D6E84 10A10005 */  beq     $a1, $at, .L808D6E9C       
/* 03068 808D6E88 24010018 */  addiu   $at, $zero, 0x0018         ## $at = 00000018
/* 0306C 808D6E8C 10A10003 */  beq     $a1, $at, .L808D6E9C       
/* 03070 808D6E90 24010019 */  addiu   $at, $zero, 0x0019         ## $at = 00000019
/* 03074 808D6E94 54A1000D */  bnel    $a1, $at, .L808D6ECC       
/* 03078 808D6E98 8FBF0014 */  lw      $ra, 0x0014($sp)           
.L808D6E9C:
/* 0307C 808D6E9C 8CCF0290 */  lw      $t7, 0x0290($a2)           ## 00000290
/* 03080 808D6EA0 000FC080 */  sll     $t8, $t7,  2               
/* 03084 808D6EA4 030FC023 */  subu    $t8, $t8, $t7              
/* 03088 808D6EA8 0018C080 */  sll     $t8, $t8,  2               
/* 0308C 808D6EAC 00D82021 */  addu    $a0, $a2, $t8              
/* 03090 808D6EB0 0C0606D4 */  jal     func_80181B50              
/* 03094 808D6EB4 248401DC */  addiu   $a0, $a0, 0x01DC           ## $a0 = 000001DC
/* 03098 808D6EB8 8FA60028 */  lw      $a2, 0x0028($sp)           
/* 0309C 808D6EBC 8CD90290 */  lw      $t9, 0x0290($a2)           ## 00000290
/* 030A0 808D6EC0 27280001 */  addiu   $t0, $t9, 0x0001           ## $t0 = 00000001
/* 030A4 808D6EC4 ACC80290 */  sw      $t0, 0x0290($a2)           ## 00000290
/* 030A8 808D6EC8 8FBF0014 */  lw      $ra, 0x0014($sp)           
.L808D6ECC:
/* 030AC 808D6ECC 27BD0018 */  addiu   $sp, $sp, 0x0018           ## $sp = 00000000
/* 030B0 808D6ED0 03E00008 */  jr      $ra                        
/* 030B4 808D6ED4 00000000 */  nop


glabel func_808D6ED8
/* 030B8 808D6ED8 27BDFF98 */  addiu   $sp, $sp, 0xFF98           ## $sp = FFFFFF98
/* 030BC 808D6EDC AFB20030 */  sw      $s2, 0x0030($sp)           
/* 030C0 808D6EE0 AFB00028 */  sw      $s0, 0x0028($sp)           
/* 030C4 808D6EE4 00808025 */  or      $s0, $a0, $zero            ## $s0 = 00000000
/* 030C8 808D6EE8 00A09025 */  or      $s2, $a1, $zero            ## $s2 = 00000000
/* 030CC 808D6EEC AFBF0034 */  sw      $ra, 0x0034($sp)           
/* 030D0 808D6EF0 AFB1002C */  sw      $s1, 0x002C($sp)           
/* 030D4 808D6EF4 8E180024 */  lw      $t8, 0x0024($s0)           ## 00000024
/* 030D8 808D6EF8 27AE0054 */  addiu   $t6, $sp, 0x0054           ## $t6 = FFFFFFEC
/* 030DC 808D6EFC ADD80000 */  sw      $t8, 0x0000($t6)           ## FFFFFFEC
/* 030E0 808D6F00 8E0F0028 */  lw      $t7, 0x0028($s0)           ## 00000028
/* 030E4 808D6F04 ADCF0004 */  sw      $t7, 0x0004($t6)           ## FFFFFFF0
/* 030E8 808D6F08 8E18002C */  lw      $t8, 0x002C($s0)           ## 0000002C
/* 030EC 808D6F0C ADD80008 */  sw      $t8, 0x0008($t6)           ## FFFFFFF4
/* 030F0 808D6F10 861903DE */  lh      $t9, 0x03DE($s0)           ## 000003DE
/* 030F4 808D6F14 8E510000 */  lw      $s1, 0x0000($s2)           ## 00000000
/* 030F8 808D6F18 240100FF */  addiu   $at, $zero, 0x00FF         ## $at = 000000FF
/* 030FC 808D6F1C 1721002B */  bne     $t9, $at, .L808D6FCC       
/* 03100 808D6F20 AE000290 */  sw      $zero, 0x0290($s0)         ## 00000290
/* 03104 808D6F24 0C04B0A3 */  jal     func_8012C28C              
/* 03108 808D6F28 8E440000 */  lw      $a0, 0x0000($s2)           ## 00000000
/* 0310C 808D6F2C 8E2302B0 */  lw      $v1, 0x02B0($s1)           ## 000002B0
/* 03110 808D6F30 3C09FB00 */  lui     $t1, 0xFB00                ## $t1 = FB000000
/* 03114 808D6F34 3C0DDB06 */  lui     $t5, 0xDB06                ## $t5 = DB060000
/* 03118 808D6F38 24680008 */  addiu   $t0, $v1, 0x0008           ## $t0 = 00000008
/* 0311C 808D6F3C AE2802B0 */  sw      $t0, 0x02B0($s1)           ## 000002B0
/* 03120 808D6F40 AC690000 */  sw      $t1, 0x0000($v1)           ## 00000000
/* 03124 808D6F44 860A03DE */  lh      $t2, 0x03DE($s0)           ## 000003DE
/* 03128 808D6F48 35AD0020 */  ori     $t5, $t5, 0x0020           ## $t5 = DB060020
/* 0312C 808D6F4C 3C0F808D */  lui     $t7, %hi(func_808D6DA0)    ## $t7 = 808D0000
/* 03130 808D6F50 314B00FF */  andi    $t3, $t2, 0x00FF           ## $t3 = 00000000
/* 03134 808D6F54 AC6B0004 */  sw      $t3, 0x0004($v1)           ## 00000004
/* 03138 808D6F58 8E2302B0 */  lw      $v1, 0x02B0($s1)           ## 000002B0
/* 0313C 808D6F5C 3C0E801B */  lui     $t6, 0x801B                ## $t6 = 801B0000
/* 03140 808D6F60 25CEEFA0 */  addiu   $t6, $t6, 0xEFA0           ## $t6 = 801AEFA0
/* 03144 808D6F64 246C0008 */  addiu   $t4, $v1, 0x0008           ## $t4 = 00000008
/* 03148 808D6F68 AE2C02B0 */  sw      $t4, 0x02B0($s1)           ## 000002B0
/* 0314C 808D6F6C AC6E0004 */  sw      $t6, 0x0004($v1)           ## 00000004
/* 03150 808D6F70 AC6D0000 */  sw      $t5, 0x0000($v1)           ## 00000000
/* 03154 808D6F74 8E050148 */  lw      $a1, 0x0148($s0)           ## 00000148
/* 03158 808D6F78 8E060164 */  lw      $a2, 0x0164($s0)           ## 00000164
/* 0315C 808D6F7C 92070146 */  lbu     $a3, 0x0146($s0)           ## 00000146
/* 03160 808D6F80 3C18808D */  lui     $t8, %hi(func_808D6DFC)    ## $t8 = 808D0000
/* 03164 808D6F84 27186DFC */  addiu   $t8, $t8, %lo(func_808D6DFC) ## $t8 = 808D6DFC
/* 03168 808D6F88 25EF6DA0 */  addiu   $t7, $t7, %lo(func_808D6DA0) ## $t7 = 808D6DA0
/* 0316C 808D6F8C AFAF0010 */  sw      $t7, 0x0010($sp)           
/* 03170 808D6F90 AFB80014 */  sw      $t8, 0x0014($sp)           
/* 03174 808D6F94 AFB00018 */  sw      $s0, 0x0018($sp)           
/* 03178 808D6F98 8E3902B0 */  lw      $t9, 0x02B0($s1)           ## 000002B0
/* 0317C 808D6F9C 02402025 */  or      $a0, $s2, $zero            ## $a0 = 00000000
/* 03180 808D6FA0 0C04D36F */  jal     func_80134DBC              
/* 03184 808D6FA4 AFB9001C */  sw      $t9, 0x001C($sp)           
/* 03188 808D6FA8 3C05808D */  lui     $a1, %hi(D_808D7138)       ## $a1 = 808D0000
/* 0318C 808D6FAC AE2202B0 */  sw      $v0, 0x02B0($s1)           ## 000002B0
/* 03190 808D6FB0 24A57138 */  addiu   $a1, $a1, %lo(D_808D7138)  ## $a1 = 808D7138
/* 03194 808D6FB4 27A40054 */  addiu   $a0, $sp, 0x0054           ## $a0 = FFFFFFEC
/* 03198 808D6FB8 240600FF */  addiu   $a2, $zero, 0x00FF         ## $a2 = 000000FF
/* 0319C 808D6FBC 0C02F188 */  jal     func_800BC620              
/* 031A0 808D6FC0 02403825 */  or      $a3, $s2, $zero            ## $a3 = 00000000
/* 031A4 808D6FC4 10000028 */  beq     $zero, $zero, .L808D7068   
/* 031A8 808D6FC8 861903E6 */  lh      $t9, 0x03E6($s0)           ## 000003E6
.L808D6FCC:
/* 031AC 808D6FCC 0C04B0B7 */  jal     func_8012C2DC              
/* 031B0 808D6FD0 8E440000 */  lw      $a0, 0x0000($s2)           ## 00000000
/* 031B4 808D6FD4 8E2302C0 */  lw      $v1, 0x02C0($s1)           ## 000002C0
/* 031B8 808D6FD8 3C09FB00 */  lui     $t1, 0xFB00                ## $t1 = FB000000
/* 031BC 808D6FDC 3C0DDB06 */  lui     $t5, 0xDB06                ## $t5 = DB060000
/* 031C0 808D6FE0 24680008 */  addiu   $t0, $v1, 0x0008           ## $t0 = 00000008
/* 031C4 808D6FE4 AE2802C0 */  sw      $t0, 0x02C0($s1)           ## 000002C0
/* 031C8 808D6FE8 AC690000 */  sw      $t1, 0x0000($v1)           ## 00000000
/* 031CC 808D6FEC 860A03DE */  lh      $t2, 0x03DE($s0)           ## 000003DE
/* 031D0 808D6FF0 35AD0020 */  ori     $t5, $t5, 0x0020           ## $t5 = DB060020
/* 031D4 808D6FF4 3C0F808D */  lui     $t7, %hi(func_808D6DA0)    ## $t7 = 808D0000
/* 031D8 808D6FF8 314B00FF */  andi    $t3, $t2, 0x00FF           ## $t3 = 00000000
/* 031DC 808D6FFC AC6B0004 */  sw      $t3, 0x0004($v1)           ## 00000004
/* 031E0 808D7000 8E2302C0 */  lw      $v1, 0x02C0($s1)           ## 000002C0
/* 031E4 808D7004 3C0E801B */  lui     $t6, 0x801B                ## $t6 = 801B0000
/* 031E8 808D7008 25CEEF88 */  addiu   $t6, $t6, 0xEF88           ## $t6 = 801AEF88
/* 031EC 808D700C 246C0008 */  addiu   $t4, $v1, 0x0008           ## $t4 = 00000008
/* 031F0 808D7010 AE2C02C0 */  sw      $t4, 0x02C0($s1)           ## 000002C0
/* 031F4 808D7014 AC6E0004 */  sw      $t6, 0x0004($v1)           ## 00000004
/* 031F8 808D7018 AC6D0000 */  sw      $t5, 0x0000($v1)           ## 00000000
/* 031FC 808D701C 8E050148 */  lw      $a1, 0x0148($s0)           ## 00000148
/* 03200 808D7020 8E060164 */  lw      $a2, 0x0164($s0)           ## 00000164
/* 03204 808D7024 92070146 */  lbu     $a3, 0x0146($s0)           ## 00000146
/* 03208 808D7028 25EF6DA0 */  addiu   $t7, $t7, %lo(func_808D6DA0) ## $t7 = 808D6DA0
/* 0320C 808D702C AFAF0010 */  sw      $t7, 0x0010($sp)           
/* 03210 808D7030 AFB00018 */  sw      $s0, 0x0018($sp)           
/* 03214 808D7034 AFA00014 */  sw      $zero, 0x0014($sp)         
/* 03218 808D7038 8E3802C0 */  lw      $t8, 0x02C0($s1)           ## 000002C0
/* 0321C 808D703C 02402025 */  or      $a0, $s2, $zero            ## $a0 = 00000000
/* 03220 808D7040 0C04D36F */  jal     func_80134DBC              
/* 03224 808D7044 AFB8001C */  sw      $t8, 0x001C($sp)           
/* 03228 808D7048 AE2202C0 */  sw      $v0, 0x02C0($s1)           ## 000002C0
/* 0322C 808D704C 3C05808D */  lui     $a1, %hi(D_808D7138)       ## $a1 = 808D0000
/* 03230 808D7050 24A57138 */  addiu   $a1, $a1, %lo(D_808D7138)  ## $a1 = 808D7138
/* 03234 808D7054 920603DF */  lbu     $a2, 0x03DF($s0)           ## 000003DF
/* 03238 808D7058 27A40054 */  addiu   $a0, $sp, 0x0054           ## $a0 = FFFFFFEC
/* 0323C 808D705C 0C02F188 */  jal     func_800BC620              
/* 03240 808D7060 02403825 */  or      $a3, $s2, $zero            ## $a3 = 00000000
/* 03244 808D7064 861903E6 */  lh      $t9, 0x03E6($s0)           ## 000003E6
.L808D7068:
/* 03248 808D7068 3C013F00 */  lui     $at, 0x3F00                ## $at = 3F000000
/* 0324C 808D706C 5B20000F */  blezl   $t9, .L808D70AC            
/* 03250 808D7070 8FBF0034 */  lw      $ra, 0x0034($sp)           
/* 03254 808D7074 C6040298 */  lwc1    $f4, 0x0298($s0)           ## 00000298
/* 03258 808D7078 44813000 */  mtc1    $at, $f6                   ## $f6 = 0.50
/* 0325C 808D707C 02402025 */  or      $a0, $s2, $zero            ## $a0 = 00000000
/* 03260 808D7080 E7A40010 */  swc1    $f4, 0x0010($sp)           
/* 03264 808D7084 E7A60014 */  swc1    $f6, 0x0014($sp)           
/* 03268 808D7088 C6080294 */  lwc1    $f8, 0x0294($s0)           ## 00000294
/* 0326C 808D708C 02002825 */  or      $a1, $s0, $zero            ## $a1 = 00000000
/* 03270 808D7090 260601DC */  addiu   $a2, $s0, 0x01DC           ## $a2 = 000001DC
/* 03274 808D7094 E7A80018 */  swc1    $f8, 0x0018($sp)           
/* 03278 808D7098 920803E8 */  lbu     $t0, 0x03E8($s0)           ## 000003E8
/* 0327C 808D709C 2407000F */  addiu   $a3, $zero, 0x000F         ## $a3 = 0000000F
/* 03280 808D70A0 0C02F9A0 */  jal     func_800BE680              
/* 03284 808D70A4 AFA8001C */  sw      $t0, 0x001C($sp)           
/* 03288 808D70A8 8FBF0034 */  lw      $ra, 0x0034($sp)           
.L808D70AC:
/* 0328C 808D70AC 8FB00028 */  lw      $s0, 0x0028($sp)           
/* 03290 808D70B0 8FB1002C */  lw      $s1, 0x002C($sp)           
/* 03294 808D70B4 8FB20030 */  lw      $s2, 0x0030($sp)           
/* 03298 808D70B8 03E00008 */  jr      $ra                        
/* 0329C 808D70BC 27BD0068 */  addiu   $sp, $sp, 0x0068           ## $sp = 00000000

.section .data

D_808D70C0: .word 0x004C0500, 0x00000415, 0x00750000, 0x000003F4
.word func_808D3E20
.word func_808D414C
.word func_808D6C10
.word func_808D6ED8
D_808D70E0: .word \
0x00000939, 0x10010000, 0x01000000, 0x00000000, \
0x00000000, 0xF7EFFFFF, 0x00000000, 0x00050100, \
0x00140046, 0x00000000, 0x00000000
D_808D710C: .word \
0x00F200F1, 0xD0D0F2D0, 0xF1F1F121, 0xD042F110, \
0xD0F200C0, 0x00E0F1F1, 0xF1000000, 0x000000F1
D_808D712C: .word 0xB05407D0, 0xC858000A, 0x3874F254
D_808D7138: .word \
0x3E800000, 0x3E800000, 0x3E800000, 0x00000000, \
0x00000000, 0x00000000

.section .rodata

D_808D7150: .word 0x3E99999A
D_808D7154: .word 0x3E99999A
D_808D7158: .word 0x3E99999A
D_808D715C: .word 0x3ECCCCCD
D_808D7160: .word 0x3ECCCCCD
D_808D7164: .word .L808D5984
.word .L808D5930
.word .L808D59B4
.word .L808D5BC4
.word .L808D5BF0
D_808D7178: .word .L808D5A90
.word .L808D5A90
.word .L808D5A90
.word .L808D5A90
.word .L808D5A70
D_808D718C: .word 0x3E19999A
D_808D7190: .word 0x4615BC00
D_808D7194: .word 0x3E19999A
D_808D7198: .word 0x389D4952
D_808D719C: .word .L808D694C
.word .L808D695C
.word .L808D6A80
.word .L808D699C
.word .L808D6A80
.word .L808D6A80
.word .L808D6A80
.word .L808D6A80
.word .L808D6A80
.word .L808D6A80
.word .L808D6A80
.word .L808D68FC
.word .L808D6A80
.word .L808D6A08
.word .L808D69E0
D_808D71D8: .word 0x3D4CCCCD, 0x00000000


.section .rodata
D_808D71E0:
.incbin "baserom/En_Rd", 0x33C0, 0x00000370
