.include "macro.inc"

# assembler directives
.set noat      # allow manual use of $at
.set noreorder # don't insert nops after branches
.set gp=64     # allow use of 64-bit general purpose registers

.section .text
glabel func_809947B0
/* 00000 809947B0 27BDFF98 */  addiu   $sp, $sp, 0xFF98           ## $sp = FFFFFF98
/* 00004 809947B4 AFBF002C */  sw      $ra, 0x002C($sp)           
/* 00008 809947B8 AFA40068 */  sw      $a0, 0x0068($sp)           
/* 0000C 809947BC AFA5006C */  sw      $a1, 0x006C($sp)           
/* 00010 809947C0 AFA60070 */  sw      $a2, 0x0070($sp)           
/* 00014 809947C4 3C0F8099 */  lui     $t7, %hi(D_80997530)       ## $t7 = 80990000
/* 00018 809947C8 25EF7530 */  addiu   $t7, $t7, %lo(D_80997530)  ## $t7 = 80997530
/* 0001C 809947CC 8DF90000 */  lw      $t9, 0x0000($t7)           ## 80997530
/* 00020 809947D0 27AE0050 */  addiu   $t6, $sp, 0x0050           ## $t6 = FFFFFFE8
/* 00024 809947D4 8DF80004 */  lw      $t8, 0x0004($t7)           ## 80997534
/* 00028 809947D8 ADD90000 */  sw      $t9, 0x0000($t6)           ## FFFFFFE8
/* 0002C 809947DC 8DF90008 */  lw      $t9, 0x0008($t7)           ## 80997538
/* 00030 809947E0 3C098099 */  lui     $t1, %hi(D_8099753C)       ## $t1 = 80990000
/* 00034 809947E4 2529753C */  addiu   $t1, $t1, %lo(D_8099753C)  ## $t1 = 8099753C
/* 00038 809947E8 ADD80004 */  sw      $t8, 0x0004($t6)           ## FFFFFFEC
/* 0003C 809947EC ADD90008 */  sw      $t9, 0x0008($t6)           ## FFFFFFF0
/* 00040 809947F0 8D2B0000 */  lw      $t3, 0x0000($t1)           ## 8099753C
/* 00044 809947F4 27A80044 */  addiu   $t0, $sp, 0x0044           ## $t0 = FFFFFFDC
/* 00048 809947F8 8D2A0004 */  lw      $t2, 0x0004($t1)           ## 80997540
/* 0004C 809947FC AD0B0000 */  sw      $t3, 0x0000($t0)           ## FFFFFFDC
/* 00050 80994800 8D2B0008 */  lw      $t3, 0x0008($t1)           ## 80997544
/* 00054 80994804 AD0A0004 */  sw      $t2, 0x0004($t0)           ## FFFFFFE0
/* 00058 80994808 0C021BF7 */  jal     func_80086FDC              
/* 0005C 8099480C AD0B0008 */  sw      $t3, 0x0008($t0)           ## FFFFFFE4
/* 00060 80994810 3C013F00 */  lui     $at, 0x3F00                ## $at = 3F000000
/* 00064 80994814 44812000 */  mtc1    $at, $f4                   ## $f4 = 0.50
/* 00068 80994818 3C018099 */  lui     $at, %hi(D_80997570)       ## $at = 80990000
/* 0006C 8099481C C4287570 */  lwc1    $f8, %lo(D_80997570)($at)  
/* 00070 80994820 46040181 */  sub.s   $f6, $f0, $f4              
/* 00074 80994824 8FAC006C */  lw      $t4, 0x006C($sp)           
/* 00078 80994828 46083302 */  mul.s   $f12, $f6, $f8             
/* 0007C 8099482C E7AC0040 */  swc1    $f12, 0x0040($sp)          
/* 00080 80994830 C58A0088 */  lwc1    $f10, 0x0088($t4)          ## 00000088
/* 00084 80994834 0C05E53B */  jal     func_801794EC              
/* 00088 80994838 E7AA0060 */  swc1    $f10, 0x0060($sp)          
/* 0008C 8099483C 3C014170 */  lui     $at, 0x4170                ## $at = 41700000
/* 00090 80994840 44818000 */  mtc1    $at, $f16                  ## $f16 = 15.00
/* 00094 80994844 8FAD0070 */  lw      $t5, 0x0070($sp)           
/* 00098 80994848 C7AC0040 */  lwc1    $f12, 0x0040($sp)          
/* 0009C 8099484C 46100482 */  mul.s   $f18, $f0, $f16            
/* 000A0 80994850 C5A40000 */  lwc1    $f4, 0x0000($t5)           ## 00000000
/* 000A4 80994854 46049180 */  add.s   $f6, $f18, $f4             
/* 000A8 80994858 0C05E550 */  jal     func_80179540              
/* 000AC 8099485C E7A6005C */  swc1    $f6, 0x005C($sp)           
/* 000B0 80994860 3C014170 */  lui     $at, 0x4170                ## $at = 41700000
/* 000B4 80994864 44814000 */  mtc1    $at, $f8                   ## $f8 = 15.00
/* 000B8 80994868 8FAE0070 */  lw      $t6, 0x0070($sp)           
/* 000BC 8099486C 3C013F80 */  lui     $at, 0x3F80                ## $at = 3F800000
/* 000C0 80994870 46080282 */  mul.s   $f10, $f0, $f8             
/* 000C4 80994874 C5D00008 */  lwc1    $f16, 0x0008($t6)          ## 00000008
/* 000C8 80994878 44816000 */  mtc1    $at, $f12                  ## $f12 = 1.00
/* 000CC 8099487C 46105480 */  add.s   $f18, $f10, $f16           
/* 000D0 80994880 0C05E570 */  jal     func_801795C0              
/* 000D4 80994884 E7B20064 */  swc1    $f18, 0x0064($sp)          
/* 000D8 80994888 3C013F80 */  lui     $at, 0x3F80                ## $at = 3F800000
/* 000DC 8099488C 44816000 */  mtc1    $at, $f12                  ## $f12 = 1.00
/* 000E0 80994890 0C05E570 */  jal     func_801795C0              
/* 000E4 80994894 E7A00044 */  swc1    $f0, 0x0044($sp)           
/* 000E8 80994898 0C021BF7 */  jal     func_80086FDC              
/* 000EC 8099489C E7A0004C */  swc1    $f0, 0x004C($sp)           
/* 000F0 809948A0 3C013F00 */  lui     $at, 0x3F00                ## $at = 3F000000
/* 000F4 809948A4 44812000 */  mtc1    $at, $f4                   ## $f4 = 0.50
/* 000F8 809948A8 3C014080 */  lui     $at, 0x4080                ## $at = 40800000
/* 000FC 809948AC 44814000 */  mtc1    $at, $f8                   ## $f8 = 4.00
/* 00100 809948B0 46040181 */  sub.s   $f6, $f0, $f4              
/* 00104 809948B4 C7B00054 */  lwc1    $f16, 0x0054($sp)          
/* 00108 809948B8 46083282 */  mul.s   $f10, $f6, $f8             
/* 0010C 809948BC 460A8480 */  add.s   $f18, $f16, $f10           
/* 00110 809948C0 0C021BF7 */  jal     func_80086FDC              
/* 00114 809948C4 E7B20054 */  swc1    $f18, 0x0054($sp)          
/* 00118 809948C8 3C0140A0 */  lui     $at, 0x40A0                ## $at = 40A00000
/* 0011C 809948CC 44812000 */  mtc1    $at, $f4                   ## $f4 = 5.00
/* 00120 809948D0 3C014140 */  lui     $at, 0x4140                ## $at = 41400000
/* 00124 809948D4 44814000 */  mtc1    $at, $f8                   ## $f8 = 12.00
/* 00128 809948D8 46040182 */  mul.s   $f6, $f0, $f4              
/* 0012C 809948DC 3C018099 */  lui     $at, %hi(D_80997574)       ## $at = 80990000
/* 00130 809948E0 C42A7574 */  lwc1    $f10, %lo(D_80997574)($at) 
/* 00134 809948E4 2419FFFF */  addiu   $t9, $zero, 0xFFFF         ## $t9 = FFFFFFFF
/* 00138 809948E8 2408000A */  addiu   $t0, $zero, 0x000A         ## $t0 = 0000000A
/* 0013C 809948EC AFA8001C */  sw      $t0, 0x001C($sp)           
/* 00140 809948F0 AFB90018 */  sw      $t9, 0x0018($sp)           
/* 00144 809948F4 46083400 */  add.s   $f16, $f6, $f8             
/* 00148 809948F8 8FA40068 */  lw      $a0, 0x0068($sp)           
/* 0014C 809948FC 27A5005C */  addiu   $a1, $sp, 0x005C           ## $a1 = FFFFFFF4
/* 00150 80994900 27A60050 */  addiu   $a2, $sp, 0x0050           ## $a2 = FFFFFFE8
/* 00154 80994904 460A8482 */  mul.s   $f18, $f16, $f10           
/* 00158 80994908 27A70044 */  addiu   $a3, $sp, 0x0044           ## $a3 = FFFFFFDC
/* 0015C 8099490C AFA00010 */  sw      $zero, 0x0010($sp)         
/* 00160 80994910 AFA00020 */  sw      $zero, 0x0020($sp)         
/* 00164 80994914 4600910D */  trunc.w.s $f4, $f18                  
/* 00168 80994918 44182000 */  mfc1    $t8, $f4                   
/* 0016C 8099491C 0C02C867 */  jal     func_800B219C              
/* 00170 80994920 AFB80014 */  sw      $t8, 0x0014($sp)           
/* 00174 80994924 24090096 */  addiu   $t1, $zero, 0x0096         ## $t1 = 00000096
/* 00178 80994928 240A0001 */  addiu   $t2, $zero, 0x0001         ## $t2 = 00000001
/* 0017C 8099492C AFAA0018 */  sw      $t2, 0x0018($sp)           
/* 00180 80994930 AFA90010 */  sw      $t1, 0x0010($sp)           
/* 00184 80994934 8FA40068 */  lw      $a0, 0x0068($sp)           
/* 00188 80994938 27A5005C */  addiu   $a1, $sp, 0x005C           ## $a1 = FFFFFFF4
/* 0018C 8099493C 3C064120 */  lui     $a2, 0x4120                ## $a2 = 41200000
/* 00190 80994940 24070001 */  addiu   $a3, $zero, 0x0001         ## $a3 = 00000001
/* 00194 80994944 0C02EFEC */  jal     func_800BBFB0              
/* 00198 80994948 AFA00014 */  sw      $zero, 0x0014($sp)         
/* 0019C 8099494C 8FBF002C */  lw      $ra, 0x002C($sp)           
/* 001A0 80994950 27BD0068 */  addiu   $sp, $sp, 0x0068           ## $sp = 00000000
/* 001A4 80994954 03E00008 */  jr      $ra                        
/* 001A8 80994958 00000000 */  nop


glabel func_8099495C
/* 001AC 8099495C 27BDFFD0 */  addiu   $sp, $sp, 0xFFD0           ## $sp = FFFFFFD0
/* 001B0 80994960 AFB00028 */  sw      $s0, 0x0028($sp)           
/* 001B4 80994964 00808025 */  or      $s0, $a0, $zero            ## $s0 = 00000000
/* 001B8 80994968 AFBF002C */  sw      $ra, 0x002C($sp)           
/* 001BC 8099496C AFA50034 */  sw      $a1, 0x0034($sp)           
/* 001C0 80994970 3C060600 */  lui     $a2, 0x0600                ## $a2 = 06000000
/* 001C4 80994974 3C070600 */  lui     $a3, 0x0600                ## $a3 = 06000000
/* 001C8 80994978 260E02E0 */  addiu   $t6, $s0, 0x02E0           ## $t6 = 000002E0
/* 001CC 8099497C 260F0358 */  addiu   $t7, $s0, 0x0358           ## $t7 = 00000358
/* 001D0 80994980 24180014 */  addiu   $t8, $zero, 0x0014         ## $t8 = 00000014
/* 001D4 80994984 AFB80018 */  sw      $t8, 0x0018($sp)           
/* 001D8 80994988 AFAF0014 */  sw      $t7, 0x0014($sp)           
/* 001DC 8099498C AFAE0010 */  sw      $t6, 0x0010($sp)           
/* 001E0 80994990 24E73584 */  addiu   $a3, $a3, 0x3584           ## $a3 = 06003584
/* 001E4 80994994 24C65EF8 */  addiu   $a2, $a2, 0x5EF8           ## $a2 = 06005EF8
/* 001E8 80994998 8FA40034 */  lw      $a0, 0x0034($sp)           
/* 001EC 8099499C 0C04DA9F */  jal     func_80136A7C              
/* 001F0 809949A0 26050144 */  addiu   $a1, $s0, 0x0144           ## $a1 = 00000144
/* 001F4 809949A4 A60003DC */  sh      $zero, 0x03DC($s0)         ## 000003DC
/* 001F8 809949A8 0C26538B */  jal     func_80994E2C              
/* 001FC 809949AC 02002025 */  or      $a0, $s0, $zero            ## $a0 = 00000000
/* 00200 809949B0 8FBF002C */  lw      $ra, 0x002C($sp)           
/* 00204 809949B4 8FB00028 */  lw      $s0, 0x0028($sp)           
/* 00208 809949B8 27BD0030 */  addiu   $sp, $sp, 0x0030           ## $sp = 00000000
/* 0020C 809949BC 03E00008 */  jr      $ra                        
/* 00210 809949C0 00000000 */  nop


glabel func_809949C4
/* 00214 809949C4 27BDFFD0 */  addiu   $sp, $sp, 0xFFD0           ## $sp = FFFFFFD0
/* 00218 809949C8 AFB00028 */  sw      $s0, 0x0028($sp)           
/* 0021C 809949CC 00808025 */  or      $s0, $a0, $zero            ## $s0 = 00000000
/* 00220 809949D0 AFBF002C */  sw      $ra, 0x002C($sp)           
/* 00224 809949D4 AFA50034 */  sw      $a1, 0x0034($sp)           
/* 00228 809949D8 3C060600 */  lui     $a2, 0x0600                ## $a2 = 06000000
/* 0022C 809949DC 3C070600 */  lui     $a3, 0x0600                ## $a3 = 06000000
/* 00230 809949E0 260E02E0 */  addiu   $t6, $s0, 0x02E0           ## $t6 = 000002E0
/* 00234 809949E4 260F0358 */  addiu   $t7, $s0, 0x0358           ## $t7 = 00000358
/* 00238 809949E8 24180014 */  addiu   $t8, $zero, 0x0014         ## $t8 = 00000014
/* 0023C 809949EC AFB80018 */  sw      $t8, 0x0018($sp)           
/* 00240 809949F0 AFAF0014 */  sw      $t7, 0x0014($sp)           
/* 00244 809949F4 AFAE0010 */  sw      $t6, 0x0010($sp)           
/* 00248 809949F8 24E7697C */  addiu   $a3, $a3, 0x697C           ## $a3 = 0600697C
/* 0024C 809949FC 24C65EF8 */  addiu   $a2, $a2, 0x5EF8           ## $a2 = 06005EF8
/* 00250 80994A00 8FA40034 */  lw      $a0, 0x0034($sp)           
/* 00254 80994A04 0C04DA9F */  jal     func_80136A7C              
/* 00258 80994A08 26050144 */  addiu   $a1, $s0, 0x0144           ## $a1 = 00000144
/* 0025C 80994A0C 24190001 */  addiu   $t9, $zero, 0x0001         ## $t9 = 00000001
/* 00260 80994A10 A61903DC */  sh      $t9, 0x03DC($s0)           ## 000003DC
/* 00264 80994A14 0C2654B6 */  jal     func_809952D8              
/* 00268 80994A18 02002025 */  or      $a0, $s0, $zero            ## $a0 = 00000000
/* 0026C 80994A1C 8FBF002C */  lw      $ra, 0x002C($sp)           
/* 00270 80994A20 8FB00028 */  lw      $s0, 0x0028($sp)           
/* 00274 80994A24 27BD0030 */  addiu   $sp, $sp, 0x0030           ## $sp = 00000000
/* 00278 80994A28 03E00008 */  jr      $ra                        
/* 0027C 80994A2C 00000000 */  nop


glabel func_80994A30
/* 00280 80994A30 27BDFFD0 */  addiu   $sp, $sp, 0xFFD0           ## $sp = FFFFFFD0
/* 00284 80994A34 AFB00028 */  sw      $s0, 0x0028($sp)           
/* 00288 80994A38 00808025 */  or      $s0, $a0, $zero            ## $s0 = 00000000
/* 0028C 80994A3C AFBF002C */  sw      $ra, 0x002C($sp)           
/* 00290 80994A40 AFA50034 */  sw      $a1, 0x0034($sp)           
/* 00294 80994A44 3C060600 */  lui     $a2, 0x0600                ## $a2 = 06000000
/* 00298 80994A48 3C070600 */  lui     $a3, 0x0600                ## $a3 = 06000000
/* 0029C 80994A4C 260E02E0 */  addiu   $t6, $s0, 0x02E0           ## $t6 = 000002E0
/* 002A0 80994A50 260F0358 */  addiu   $t7, $s0, 0x0358           ## $t7 = 00000358
/* 002A4 80994A54 24180014 */  addiu   $t8, $zero, 0x0014         ## $t8 = 00000014
/* 002A8 80994A58 AFB80018 */  sw      $t8, 0x0018($sp)           
/* 002AC 80994A5C AFAF0014 */  sw      $t7, 0x0014($sp)           
/* 002B0 80994A60 AFAE0010 */  sw      $t6, 0x0010($sp)           
/* 002B4 80994A64 24E76D90 */  addiu   $a3, $a3, 0x6D90           ## $a3 = 06006D90
/* 002B8 80994A68 24C65EF8 */  addiu   $a2, $a2, 0x5EF8           ## $a2 = 06005EF8
/* 002BC 80994A6C 8FA40034 */  lw      $a0, 0x0034($sp)           
/* 002C0 80994A70 0C04DA9F */  jal     func_80136A7C              
/* 002C4 80994A74 26050144 */  addiu   $a1, $s0, 0x0144           ## $a1 = 00000144
/* 002C8 80994A78 24190001 */  addiu   $t9, $zero, 0x0001         ## $t9 = 00000001
/* 002CC 80994A7C A61903DC */  sh      $t9, 0x03DC($s0)           ## 000003DC
/* 002D0 80994A80 0C2654FA */  jal     func_809953E8              
/* 002D4 80994A84 02002025 */  or      $a0, $s0, $zero            ## $a0 = 00000000
/* 002D8 80994A88 8FBF002C */  lw      $ra, 0x002C($sp)           
/* 002DC 80994A8C 8FB00028 */  lw      $s0, 0x0028($sp)           
/* 002E0 80994A90 27BD0030 */  addiu   $sp, $sp, 0x0030           ## $sp = 00000000
/* 002E4 80994A94 03E00008 */  jr      $ra                        
/* 002E8 80994A98 00000000 */  nop


glabel func_80994A9C
/* 002EC 80994A9C 27BDFFD0 */  addiu   $sp, $sp, 0xFFD0           ## $sp = FFFFFFD0
/* 002F0 80994AA0 AFB00028 */  sw      $s0, 0x0028($sp)           
/* 002F4 80994AA4 00808025 */  or      $s0, $a0, $zero            ## $s0 = 00000000
/* 002F8 80994AA8 AFBF002C */  sw      $ra, 0x002C($sp)           
/* 002FC 80994AAC AFA50034 */  sw      $a1, 0x0034($sp)           
/* 00300 80994AB0 3C060600 */  lui     $a2, 0x0600                ## $a2 = 06000000
/* 00304 80994AB4 3C070600 */  lui     $a3, 0x0600                ## $a3 = 06000000
/* 00308 80994AB8 260E02E0 */  addiu   $t6, $s0, 0x02E0           ## $t6 = 000002E0
/* 0030C 80994ABC 260F0358 */  addiu   $t7, $s0, 0x0358           ## $t7 = 00000358
/* 00310 80994AC0 24180014 */  addiu   $t8, $zero, 0x0014         ## $t8 = 00000014
/* 00314 80994AC4 AFB80018 */  sw      $t8, 0x0018($sp)           
/* 00318 80994AC8 AFAF0014 */  sw      $t7, 0x0014($sp)           
/* 0031C 80994ACC AFAE0010 */  sw      $t6, 0x0010($sp)           
/* 00320 80994AD0 24E71D1C */  addiu   $a3, $a3, 0x1D1C           ## $a3 = 06001D1C
/* 00324 80994AD4 24C65EF8 */  addiu   $a2, $a2, 0x5EF8           ## $a2 = 06005EF8
/* 00328 80994AD8 8FA40034 */  lw      $a0, 0x0034($sp)           
/* 0032C 80994ADC 0C04DA9F */  jal     func_80136A7C              
/* 00330 80994AE0 26050144 */  addiu   $a1, $s0, 0x0144           ## $a1 = 00000144
/* 00334 80994AE4 24190001 */  addiu   $t9, $zero, 0x0001         ## $t9 = 00000001
/* 00338 80994AE8 A61903DC */  sh      $t9, 0x03DC($s0)           ## 000003DC
/* 0033C 80994AEC 0C26553E */  jal     func_809954F8              
/* 00340 80994AF0 02002025 */  or      $a0, $s0, $zero            ## $a0 = 00000000
/* 00344 80994AF4 8FBF002C */  lw      $ra, 0x002C($sp)           
/* 00348 80994AF8 8FB00028 */  lw      $s0, 0x0028($sp)           
/* 0034C 80994AFC 27BD0030 */  addiu   $sp, $sp, 0x0030           ## $sp = 00000000
/* 00350 80994B00 03E00008 */  jr      $ra                        
/* 00354 80994B04 00000000 */  nop


glabel func_80994B08
/* 00358 80994B08 27BDFFC0 */  addiu   $sp, $sp, 0xFFC0           ## $sp = FFFFFFC0
/* 0035C 80994B0C AFB10020 */  sw      $s1, 0x0020($sp)           
/* 00360 80994B10 AFB0001C */  sw      $s0, 0x001C($sp)           
/* 00364 80994B14 00808025 */  or      $s0, $a0, $zero            ## $s0 = 00000000
/* 00368 80994B18 00A08825 */  or      $s1, $a1, $zero            ## $s1 = 00000000
/* 0036C 80994B1C AFBF0024 */  sw      $ra, 0x0024($sp)           
/* 00370 80994B20 3C058099 */  lui     $a1, %hi(D_80997548)       ## $a1 = 80990000
/* 00374 80994B24 24A57548 */  addiu   $a1, $a1, %lo(D_80997548)  ## $a1 = 80997548
/* 00378 80994B28 0C03FEB7 */  jal     func_800FFADC              
/* 0037C 80994B2C 02002025 */  or      $a0, $s0, $zero            ## $a0 = 00000000
/* 00380 80994B30 44800000 */  mtc1    $zero, $f0                 ## $f0 = 0.00
/* 00384 80994B34 3C0E8099 */  lui     $t6, %hi(D_809974F0)       ## $t6 = 80990000
/* 00388 80994B38 25CE74F0 */  addiu   $t6, $t6, %lo(D_809974F0)  ## $t6 = 809974F0
/* 0038C 80994B3C 3C06800B */  lui     $a2, 0x800B                ## $a2 = 800B0000
/* 00390 80994B40 44050000 */  mfc1    $a1, $f0                   
/* 00394 80994B44 44070000 */  mfc1    $a3, $f0                   
/* 00398 80994B48 AE0E00A0 */  sw      $t6, 0x00A0($s0)           ## 000000A0
/* 0039C 80994B4C 24C63FC0 */  addiu   $a2, $a2, 0x3FC0           ## $a2 = 800B3FC0
/* 003A0 80994B50 0C02CEE9 */  jal     func_800B3BA4              
/* 003A4 80994B54 260400BC */  addiu   $a0, $s0, 0x00BC           ## $a0 = 000000BC
/* 003A8 80994B58 3C053C23 */  lui     $a1, 0x3C23                ## $a1 = 3C230000
/* 003AC 80994B5C A60003E0 */  sh      $zero, 0x03E0($s0)         ## 000003E0
/* 003B0 80994B60 A60003E2 */  sh      $zero, 0x03E2($s0)         ## 000003E2
/* 003B4 80994B64 34A5D70A */  ori     $a1, $a1, 0xD70A           ## $a1 = 3C23D70A
/* 003B8 80994B68 0C02D9F8 */  jal     func_800B67E0              
/* 003BC 80994B6C 02002025 */  or      $a0, $s0, $zero            ## $a0 = 00000000
/* 003C0 80994B70 26020024 */  addiu   $v0, $s0, 0x0024           ## $v0 = 00000024
/* 003C4 80994B74 8C580000 */  lw      $t8, 0x0000($v0)           ## 00000024
/* 003C8 80994B78 3C01C5FA */  lui     $at, 0xC5FA                ## $at = C5FA0000
/* 003CC 80994B7C 44812000 */  mtc1    $at, $f4                   ## $f4 = -8000.00
/* 003D0 80994B80 AE18003C */  sw      $t8, 0x003C($s0)           ## 0000003C
/* 003D4 80994B84 8C4F0004 */  lw      $t7, 0x0004($v0)           ## 00000028
/* 003D8 80994B88 24190046 */  addiu   $t9, $zero, 0x0046         ## $t9 = 00000046
/* 003DC 80994B8C 24080002 */  addiu   $t0, $zero, 0x0002         ## $t0 = 00000002
/* 003E0 80994B90 AE0F0040 */  sw      $t7, 0x0040($s0)           ## 00000040
/* 003E4 80994B94 8C580008 */  lw      $t8, 0x0008($v0)           ## 0000002C
/* 003E8 80994B98 A21900B6 */  sb      $t9, 0x00B6($s0)           ## 000000B6
/* 003EC 80994B9C A20800B7 */  sb      $t0, 0x00B7($s0)           ## 000000B7
/* 003F0 80994BA0 26050188 */  addiu   $a1, $s0, 0x0188           ## $a1 = 00000188
/* 003F4 80994BA4 E60400C4 */  swc1    $f4, 0x00C4($s0)           ## 000000C4
/* 003F8 80994BA8 AE180044 */  sw      $t8, 0x0044($s0)           ## 00000044
/* 003FC 80994BAC AFA5002C */  sw      $a1, 0x002C($sp)           
/* 00400 80994BB0 AFA20030 */  sw      $v0, 0x0030($sp)           
/* 00404 80994BB4 0C0382D3 */  jal     func_800E0B4C              
/* 00408 80994BB8 02202025 */  or      $a0, $s1, $zero            ## $a0 = 00000000
/* 0040C 80994BBC 3C078099 */  lui     $a3, %hi(D_809974E0)       ## $a3 = 80990000
/* 00410 80994BC0 260901A8 */  addiu   $t1, $s0, 0x01A8           ## $t1 = 000001A8
/* 00414 80994BC4 8FA5002C */  lw      $a1, 0x002C($sp)           
/* 00418 80994BC8 AFA90010 */  sw      $t1, 0x0010($sp)           
/* 0041C 80994BCC 24E774E0 */  addiu   $a3, $a3, %lo(D_809974E0)  ## $a3 = 809974E0
/* 00420 80994BD0 02202025 */  or      $a0, $s1, $zero            ## $a0 = 00000000
/* 00424 80994BD4 0C038398 */  jal     func_800E0E60              
/* 00428 80994BD8 02003025 */  or      $a2, $s0, $zero            ## $a2 = 00000000
/* 0042C 80994BDC 8E0B01A4 */  lw      $t3, 0x01A4($s0)           ## 000001A4
/* 00430 80994BE0 240A000A */  addiu   $t2, $zero, 0x000A         ## $t2 = 0000000A
/* 00434 80994BE4 240D0014 */  addiu   $t5, $zero, 0x0014         ## $t5 = 00000014
/* 00438 80994BE8 A56A0036 */  sh      $t2, 0x0036($t3)           ## 00000036
/* 0043C 80994BEC 8E0201A4 */  lw      $v0, 0x01A4($s0)           ## 000001A4
/* 00440 80994BF0 24010043 */  addiu   $at, $zero, 0x0043         ## $at = 00000043
/* 00444 80994BF4 02002025 */  or      $a0, $s0, $zero            ## $a0 = 00000000
/* 00448 80994BF8 844C0036 */  lh      $t4, 0x0036($v0)           ## 00000036
/* 0044C 80994BFC A44C002E */  sh      $t4, 0x002E($v0)           ## 0000002E
/* 00450 80994C00 8E0E01A4 */  lw      $t6, 0x01A4($s0)           ## 000001A4
/* 00454 80994C04 A5CD0076 */  sh      $t5, 0x0076($t6)           ## 00000076
/* 00458 80994C08 8E0201A4 */  lw      $v0, 0x01A4($s0)           ## 000001A4
/* 0045C 80994C0C 3C0D801F */  lui     $t5, 0x801F                ## $t5 = 801F0000
/* 00460 80994C10 844F0076 */  lh      $t7, 0x0076($v0)           ## 00000076
/* 00464 80994C14 A44F006E */  sh      $t7, 0x006E($v0)           ## 0000006E
/* 00468 80994C18 8FB80030 */  lw      $t8, 0x0030($sp)           
/* 0046C 80994C1C 8609001C */  lh      $t1, 0x001C($s0)           ## 0000001C
/* 00470 80994C20 C6060028 */  lwc1    $f6, 0x0028($s0)           ## 00000028
/* 00474 80994C24 8F080000 */  lw      $t0, 0x0000($t8)           ## 00000000
/* 00478 80994C28 00095103 */  sra     $t2, $t1,  4               
/* 0047C 80994C2C 314B000F */  andi    $t3, $t2, 0x000F           ## $t3 = 0000000A
/* 00480 80994C30 AE080008 */  sw      $t0, 0x0008($s0)           ## 00000008
/* 00484 80994C34 8F190004 */  lw      $t9, 0x0004($t8)           ## 00000004
/* 00488 80994C38 AE19000C */  sw      $t9, 0x000C($s0)           ## 0000000C
/* 0048C 80994C3C 8F080008 */  lw      $t0, 0x0008($t8)           ## 00000008
/* 00490 80994C40 A60B03D6 */  sh      $t3, 0x03D6($s0)           ## 000003D6
/* 00494 80994C44 E6060088 */  swc1    $f6, 0x0088($s0)           ## 00000088
/* 00498 80994C48 AE080010 */  sw      $t0, 0x0010($s0)           ## 00000010
/* 0049C 80994C4C 862C00A4 */  lh      $t4, 0x00A4($s1)           ## 000000A4
/* 004A0 80994C50 5581000D */  bnel    $t4, $at, .L80994C88       
/* 004A4 80994C54 860203D6 */  lh      $v0, 0x03D6($s0)           ## 000003D6
/* 004A8 80994C58 8DAD331C */  lw      $t5, 0x331C($t5)           ## 801F331C
/* 004AC 80994C5C 24010001 */  addiu   $at, $zero, 0x0001         ## $at = 00000001
/* 004B0 80994C60 55A10009 */  bnel    $t5, $at, .L80994C88       
/* 004B4 80994C64 860203D6 */  lh      $v0, 0x03D6($s0)           ## 000003D6
/* 004B8 80994C68 962E1F36 */  lhu     $t6, 0x1F36($s1)           ## 00001F36
/* 004BC 80994C6C 55C00006 */  bnel    $t6, $zero, .L80994C88     
/* 004C0 80994C70 860203D6 */  lh      $v0, 0x03D6($s0)           ## 000003D6
/* 004C4 80994C74 8E0F0004 */  lw      $t7, 0x0004($s0)           ## 00000004
/* 004C8 80994C78 3C010010 */  lui     $at, 0x0010                ## $at = 00100000
/* 004CC 80994C7C 01E1C025 */  or      $t8, $t7, $at              ## $t8 = 00100000
/* 004D0 80994C80 AE180004 */  sw      $t8, 0x0004($s0)           ## 00000004
/* 004D4 80994C84 860203D6 */  lh      $v0, 0x03D6($s0)           ## 000003D6
.L80994C88:
/* 004D8 80994C88 24010002 */  addiu   $at, $zero, 0x0002         ## $at = 00000002
/* 004DC 80994C8C 10410008 */  beq     $v0, $at, .L80994CB0       
/* 004E0 80994C90 24010003 */  addiu   $at, $zero, 0x0003         ## $at = 00000003
/* 004E4 80994C94 1041000A */  beq     $v0, $at, .L80994CC0       
/* 004E8 80994C98 02002025 */  or      $a0, $s0, $zero            ## $a0 = 00000000
/* 004EC 80994C9C 24010004 */  addiu   $at, $zero, 0x0004         ## $at = 00000004
/* 004F0 80994CA0 1041000B */  beq     $v0, $at, .L80994CD0       
/* 004F4 80994CA4 02002025 */  or      $a0, $s0, $zero            ## $a0 = 00000000
/* 004F8 80994CA8 1000000D */  beq     $zero, $zero, .L80994CE0   
/* 004FC 80994CAC 3C01FFEF */  lui     $at, 0xFFEF                ## $at = FFEF0000
.L80994CB0:
/* 00500 80994CB0 0C265271 */  jal     func_809949C4              
/* 00504 80994CB4 02202825 */  or      $a1, $s1, $zero            ## $a1 = 00000000
/* 00508 80994CB8 10000013 */  beq     $zero, $zero, .L80994D08   
/* 0050C 80994CBC 8FBF0024 */  lw      $ra, 0x0024($sp)           
.L80994CC0:
/* 00510 80994CC0 0C26528C */  jal     func_80994A30              
/* 00514 80994CC4 02202825 */  or      $a1, $s1, $zero            ## $a1 = 00000000
/* 00518 80994CC8 1000000F */  beq     $zero, $zero, .L80994D08   
/* 0051C 80994CCC 8FBF0024 */  lw      $ra, 0x0024($sp)           
.L80994CD0:
/* 00520 80994CD0 0C2652A7 */  jal     func_80994A9C              
/* 00524 80994CD4 02202825 */  or      $a1, $s1, $zero            ## $a1 = 00000000
/* 00528 80994CD8 1000000B */  beq     $zero, $zero, .L80994D08   
/* 0052C 80994CDC 8FBF0024 */  lw      $ra, 0x0024($sp)           
.L80994CE0:
/* 00530 80994CE0 8E190004 */  lw      $t9, 0x0004($s0)           ## 00000004
/* 00534 80994CE4 3421FFFF */  ori     $at, $at, 0xFFFF           ## $at = 0000FFFF
/* 00538 80994CE8 24090055 */  addiu   $t1, $zero, 0x0055         ## $t1 = 00000055
/* 0053C 80994CEC 03214024 */  and     $t0, $t9, $at              
/* 00540 80994CF0 AE080004 */  sw      $t0, 0x0004($s0)           ## 00000004
/* 00544 80994CF4 A209011F */  sb      $t1, 0x011F($s0)           ## 0000011F
/* 00548 80994CF8 02002025 */  or      $a0, $s0, $zero            ## $a0 = 00000000
/* 0054C 80994CFC 0C265257 */  jal     func_8099495C              
/* 00550 80994D00 02202825 */  or      $a1, $s1, $zero            ## $a1 = 00000000
/* 00554 80994D04 8FBF0024 */  lw      $ra, 0x0024($sp)           
.L80994D08:
/* 00558 80994D08 8FB0001C */  lw      $s0, 0x001C($sp)           
/* 0055C 80994D0C 8FB10020 */  lw      $s1, 0x0020($sp)           
/* 00560 80994D10 03E00008 */  jr      $ra                        
/* 00564 80994D14 27BD0040 */  addiu   $sp, $sp, 0x0040           ## $sp = 00000000


glabel func_80994D18
/* 00568 80994D18 27BDFFE8 */  addiu   $sp, $sp, 0xFFE8           ## $sp = FFFFFFE8
/* 0056C 80994D1C AFBF0014 */  sw      $ra, 0x0014($sp)           
/* 00570 80994D20 00803025 */  or      $a2, $a0, $zero            ## $a2 = 00000000
/* 00574 80994D24 00A03825 */  or      $a3, $a1, $zero            ## $a3 = 00000000
/* 00578 80994D28 8CC30120 */  lw      $v1, 0x0120($a2)           ## 00000120
/* 0057C 80994D2C 24C50188 */  addiu   $a1, $a2, 0x0188           ## $a1 = 00000188
/* 00580 80994D30 10600017 */  beq     $v1, $zero, .L80994D90     
/* 00584 80994D34 00000000 */  nop
/* 00588 80994D38 8C6E0138 */  lw      $t6, 0x0138($v1)           ## 00000138
/* 0058C 80994D3C 11C00014 */  beq     $t6, $zero, .L80994D90     
/* 00590 80994D40 00000000 */  nop
/* 00594 80994D44 846F0000 */  lh      $t7, 0x0000($v1)           ## 00000000
/* 00598 80994D48 2401011B */  addiu   $at, $zero, 0x011B         ## $at = 0000011B
/* 0059C 80994D4C 15E10010 */  bne     $t7, $at, .L80994D90       
/* 005A0 80994D50 00000000 */  nop
/* 005A4 80994D54 8464014C */  lh      $a0, 0x014C($v1)           ## 0000014C
/* 005A8 80994D58 00601025 */  or      $v0, $v1, $zero            ## $v0 = 00000000
/* 005AC 80994D5C 18800002 */  blez    $a0, .L80994D68            
/* 005B0 80994D60 2498FFFF */  addiu   $t8, $a0, 0xFFFF           ## $t8 = FFFFFFFF
/* 005B4 80994D64 A478014C */  sh      $t8, 0x014C($v1)           ## 0000014C
.L80994D68:
/* 005B8 80994D68 90D900B7 */  lbu     $t9, 0x00B7($a2)           ## 000000B7
/* 005BC 80994D6C 57200006 */  bnel    $t9, $zero, .L80994D88     
/* 005C0 80994D70 A440014C */  sh      $zero, 0x014C($v0)         ## 0000014C
/* 005C4 80994D74 8448014E */  lh      $t0, 0x014E($v0)           ## 0000014E
/* 005C8 80994D78 25090001 */  addiu   $t1, $t0, 0x0001           ## $t1 = 00000001
/* 005CC 80994D7C 10000004 */  beq     $zero, $zero, .L80994D90   
/* 005D0 80994D80 A449014E */  sh      $t1, 0x014E($v0)           ## 0000014E
/* 005D4 80994D84 A440014C */  sh      $zero, 0x014C($v0)         ## 0000014C
.L80994D88:
/* 005D8 80994D88 844A014C */  lh      $t2, 0x014C($v0)           ## 0000014C
/* 005DC 80994D8C A44A014E */  sh      $t2, 0x014E($v0)           ## 0000014E
.L80994D90:
/* 005E0 80994D90 0C038306 */  jal     func_800E0C18              
/* 005E4 80994D94 00E02025 */  or      $a0, $a3, $zero            ## $a0 = 00000000
/* 005E8 80994D98 8FBF0014 */  lw      $ra, 0x0014($sp)           
/* 005EC 80994D9C 27BD0018 */  addiu   $sp, $sp, 0x0018           ## $sp = 00000000
/* 005F0 80994DA0 03E00008 */  jr      $ra                        
/* 005F4 80994DA4 00000000 */  nop


glabel func_80994DA8
/* 005F8 80994DA8 27BDFFE8 */  addiu   $sp, $sp, 0xFFE8           ## $sp = FFFFFFE8
/* 005FC 80994DAC AFBF0014 */  sw      $ra, 0x0014($sp)           
/* 00600 80994DB0 AFA5001C */  sw      $a1, 0x001C($sp)           
/* 00604 80994DB4 00803025 */  or      $a2, $a0, $zero            ## $a2 = 00000000
/* 00608 80994DB8 00C02025 */  or      $a0, $a2, $zero            ## $a0 = 00000000
/* 0060C 80994DBC 240511C7 */  addiu   $a1, $zero, 0x11C7         ## $a1 = 000011C7
/* 00610 80994DC0 0C02DCF8 */  jal     func_800B73E0              
/* 00614 80994DC4 AFA60018 */  sw      $a2, 0x0018($sp)           
/* 00618 80994DC8 10400012 */  beq     $v0, $zero, .L80994E14     
/* 0061C 80994DCC 8FA60018 */  lw      $a2, 0x0018($sp)           
/* 00620 80994DD0 3C014270 */  lui     $at, 0x4270                ## $at = 42700000
/* 00624 80994DD4 44813000 */  mtc1    $at, $f6                   ## $f6 = 60.00
/* 00628 80994DD8 C4C40098 */  lwc1    $f4, 0x0098($a2)           ## 00000098
/* 0062C 80994DDC 8FA4001C */  lw      $a0, 0x001C($sp)           
/* 00630 80994DE0 4606203C */  c.lt.s  $f4, $f6                   
/* 00634 80994DE4 00000000 */  nop
/* 00638 80994DE8 4500000A */  bc1f    .L80994E14                 
/* 0063C 80994DEC 00000000 */  nop
/* 00640 80994DF0 0C04900F */  jal     func_8012403C              
/* 00644 80994DF4 AFA60018 */  sw      $a2, 0x0018($sp)           
/* 00648 80994DF8 2401000F */  addiu   $at, $zero, 0x000F         ## $at = 0000000F
/* 0064C 80994DFC 10410005 */  beq     $v0, $at, .L80994E14       
/* 00650 80994E00 8FA60018 */  lw      $a2, 0x0018($sp)           
/* 00654 80994E04 0C265709 */  jal     func_80995C24              
/* 00658 80994E08 00C02025 */  or      $a0, $a2, $zero            ## $a0 = 00000000
/* 0065C 80994E0C 10000004 */  beq     $zero, $zero, .L80994E20   
/* 00660 80994E10 8FBF0014 */  lw      $ra, 0x0014($sp)           
.L80994E14:
/* 00664 80994E14 0C26568C */  jal     func_80995A30              
/* 00668 80994E18 00C02025 */  or      $a0, $a2, $zero            ## $a0 = 00000000
/* 0066C 80994E1C 8FBF0014 */  lw      $ra, 0x0014($sp)           
.L80994E20:
/* 00670 80994E20 27BD0018 */  addiu   $sp, $sp, 0x0018           ## $sp = 00000000
/* 00674 80994E24 03E00008 */  jr      $ra                        
/* 00678 80994E28 00000000 */  nop


glabel func_80994E2C
/* 0067C 80994E2C 27BDFFE8 */  addiu   $sp, $sp, 0xFFE8           ## $sp = FFFFFFE8
/* 00680 80994E30 AFBF0014 */  sw      $ra, 0x0014($sp)           
/* 00684 80994E34 00803825 */  or      $a3, $a0, $zero            ## $a3 = 00000000
/* 00688 80994E38 3C058099 */  lui     $a1, %hi(D_80997330)       ## $a1 = 80990000
/* 0068C 80994E3C 24A57330 */  addiu   $a1, $a1, %lo(D_80997330)  ## $a1 = 80997330
/* 00690 80994E40 24E40144 */  addiu   $a0, $a3, 0x0144           ## $a0 = 00000144
/* 00694 80994E44 24060001 */  addiu   $a2, $zero, 0x0001         ## $a2 = 00000001
/* 00698 80994E48 0C02F717 */  jal     func_800BDC5C              
/* 0069C 80994E4C AFA70018 */  sw      $a3, 0x0018($sp)           
/* 006A0 80994E50 8FA40018 */  lw      $a0, 0x0018($sp)           
/* 006A4 80994E54 2401FFFE */  addiu   $at, $zero, 0xFFFE         ## $at = FFFFFFFE
/* 006A8 80994E58 24053986 */  addiu   $a1, $zero, 0x3986         ## $a1 = 00003986
/* 006AC 80994E5C 8C8E0004 */  lw      $t6, 0x0004($a0)           ## 00000004
/* 006B0 80994E60 01C17824 */  and     $t7, $t6, $at              
/* 006B4 80994E64 0C02E3B2 */  jal     func_800B8EC8              
/* 006B8 80994E68 AC8F0004 */  sw      $t7, 0x0004($a0)           ## 00000004
/* 006BC 80994E6C 8FA70018 */  lw      $a3, 0x0018($sp)           
/* 006C0 80994E70 3C188099 */  lui     $t8, %hi(func_80994E94)    ## $t8 = 80990000
/* 006C4 80994E74 27184E94 */  addiu   $t8, $t8, %lo(func_80994E94) ## $t8 = 80994E94
/* 006C8 80994E78 A4E003D0 */  sh      $zero, 0x03D0($a3)         ## 000003D0
/* 006CC 80994E7C A4E003DE */  sh      $zero, 0x03DE($a3)         ## 000003DE
/* 006D0 80994E80 ACF80228 */  sw      $t8, 0x0228($a3)           ## 00000228
/* 006D4 80994E84 8FBF0014 */  lw      $ra, 0x0014($sp)           
/* 006D8 80994E88 27BD0018 */  addiu   $sp, $sp, 0x0018           ## $sp = 00000000
/* 006DC 80994E8C 03E00008 */  jr      $ra                        
/* 006E0 80994E90 00000000 */  nop


glabel func_80994E94
/* 006E4 80994E94 27BDFFE0 */  addiu   $sp, $sp, 0xFFE0           ## $sp = FFFFFFE0
/* 006E8 80994E98 AFB00018 */  sw      $s0, 0x0018($sp)           
/* 006EC 80994E9C 00808025 */  or      $s0, $a0, $zero            ## $s0 = 00000000
/* 006F0 80994EA0 AFBF001C */  sw      $ra, 0x001C($sp)           
/* 006F4 80994EA4 AFA50024 */  sw      $a1, 0x0024($sp)           
/* 006F8 80994EA8 3C014080 */  lui     $at, 0x4080                ## $at = 40800000
/* 006FC 80994EAC 44813000 */  mtc1    $at, $f6                   ## $f6 = 4.00
/* 00700 80994EB0 C604015C */  lwc1    $f4, 0x015C($s0)           ## 0000015C
/* 00704 80994EB4 260400C4 */  addiu   $a0, $s0, 0x00C4           ## $a0 = 000000C4
/* 00708 80994EB8 3C053F80 */  lui     $a1, 0x3F80                ## $a1 = 3F800000
/* 0070C 80994EBC 4606203C */  c.lt.s  $f4, $f6                   
/* 00710 80994EC0 00000000 */  nop
/* 00714 80994EC4 45020006 */  bc1fl   .L80994EE0                 
/* 00718 80994EC8 8E0E0004 */  lw      $t6, 0x0004($s0)           ## 00000004
/* 0071C 80994ECC 86020092 */  lh      $v0, 0x0092($s0)           ## 00000092
/* 00720 80994ED0 A6020032 */  sh      $v0, 0x0032($s0)           ## 00000032
/* 00724 80994ED4 10000004 */  beq     $zero, $zero, .L80994EE8   
/* 00728 80994ED8 A60200BE */  sh      $v0, 0x00BE($s0)           ## 000000BE
/* 0072C 80994EDC 8E0E0004 */  lw      $t6, 0x0004($s0)           ## 00000004
.L80994EE0:
/* 00730 80994EE0 35CF0001 */  ori     $t7, $t6, 0x0001           ## $t7 = 00000001
/* 00734 80994EE4 AE0F0004 */  sw      $t7, 0x0004($s0)           ## 00000004
.L80994EE8:
/* 00738 80994EE8 0C03FF9A */  jal     func_800FFE68              
/* 0073C 80994EEC 3C064448 */  lui     $a2, 0x4448                ## $a2 = 44480000
/* 00740 80994EF0 260400CC */  addiu   $a0, $s0, 0x00CC           ## $a0 = 000000CC
/* 00744 80994EF4 3C0541C8 */  lui     $a1, 0x41C8                ## $a1 = 41C80000
/* 00748 80994EF8 3C063F80 */  lui     $a2, 0x3F80                ## $a2 = 3F800000
/* 0074C 80994EFC 0C03FF7E */  jal     func_800FFDF8              
/* 00750 80994F00 3C074020 */  lui     $a3, 0x4020                ## $a3 = 40200000
/* 00754 80994F04 8FA40024 */  lw      $a0, 0x0024($sp)           
/* 00758 80994F08 3C180002 */  lui     $t8, 0x0002                ## $t8 = 00020000
/* 0075C 80994F0C 02002825 */  or      $a1, $s0, $zero            ## $a1 = 00000000
/* 00760 80994F10 0304C021 */  addu    $t8, $t8, $a0              
/* 00764 80994F14 8F188840 */  lw      $t8, -0x77C0($t8)          ## 00018840
/* 00768 80994F18 33190001 */  andi    $t9, $t8, 0x0001           ## $t9 = 00000000
/* 0076C 80994F1C 57200004 */  bnel    $t9, $zero, .L80994F30     
/* 00770 80994F20 26040144 */  addiu   $a0, $s0, 0x0144           ## $a0 = 00000144
/* 00774 80994F24 0C2651EC */  jal     func_809947B0              
/* 00778 80994F28 26060024 */  addiu   $a2, $s0, 0x0024           ## $a2 = 00000024
/* 0077C 80994F2C 26040144 */  addiu   $a0, $s0, 0x0144           ## $a0 = 00000144
.L80994F30:
/* 00780 80994F30 0C04DE2E */  jal     func_801378B8              
/* 00784 80994F34 8E050154 */  lw      $a1, 0x0154($s0)           ## 00000154
/* 00788 80994F38 5040000A */  beql    $v0, $zero, .L80994F64     
/* 0078C 80994F3C 860803D0 */  lh      $t0, 0x03D0($s0)           ## 000003D0
/* 00790 80994F40 44804000 */  mtc1    $zero, $f8                 ## $f8 = 0.00
/* 00794 80994F44 C60A00C4 */  lwc1    $f10, 0x00C4($s0)          ## 000000C4
/* 00798 80994F48 460A4032 */  c.eq.s  $f8, $f10                  
/* 0079C 80994F4C 00000000 */  nop
/* 007A0 80994F50 45020004 */  bc1fl   .L80994F64                 
/* 007A4 80994F54 860803D0 */  lh      $t0, 0x03D0($s0)           ## 000003D0
/* 007A8 80994F58 0C26568C */  jal     func_80995A30              
/* 007AC 80994F5C 02002025 */  or      $a0, $s0, $zero            ## $a0 = 00000000
/* 007B0 80994F60 860803D0 */  lh      $t0, 0x03D0($s0)           ## 000003D0
.L80994F64:
/* 007B4 80994F64 25090001 */  addiu   $t1, $t0, 0x0001           ## $t1 = 00000001
/* 007B8 80994F68 A60903D0 */  sh      $t1, 0x03D0($s0)           ## 000003D0
/* 007BC 80994F6C 8FBF001C */  lw      $ra, 0x001C($sp)           
/* 007C0 80994F70 8FB00018 */  lw      $s0, 0x0018($sp)           
/* 007C4 80994F74 03E00008 */  jr      $ra                        
/* 007C8 80994F78 27BD0020 */  addiu   $sp, $sp, 0x0020           ## $sp = 00000000


glabel func_80994F7C
/* 007CC 80994F7C 27BDFFE0 */  addiu   $sp, $sp, 0xFFE0           ## $sp = FFFFFFE0
/* 007D0 80994F80 AFB00018 */  sw      $s0, 0x0018($sp)           
/* 007D4 80994F84 00808025 */  or      $s0, $a0, $zero            ## $s0 = 00000000
/* 007D8 80994F88 AFBF001C */  sw      $ra, 0x001C($sp)           
/* 007DC 80994F8C 00A03825 */  or      $a3, $a1, $zero            ## $a3 = 00000000
/* 007E0 80994F90 02002025 */  or      $a0, $s0, $zero            ## $a0 = 00000000
/* 007E4 80994F94 00E02825 */  or      $a1, $a3, $zero            ## $a1 = 00000000
/* 007E8 80994F98 0C02E134 */  jal     func_800B84D0              
/* 007EC 80994F9C AFA70024 */  sw      $a3, 0x0024($sp)           
/* 007F0 80994FA0 10400017 */  beq     $v0, $zero, .L80995000     
/* 007F4 80994FA4 8FA70024 */  lw      $a3, 0x0024($sp)           
/* 007F8 80994FA8 860E03E0 */  lh      $t6, 0x03E0($s0)           ## 000003E0
/* 007FC 80994FAC 24020001 */  addiu   $v0, $zero, 0x0001         ## $v0 = 00000001
/* 00800 80994FB0 A60203E2 */  sh      $v0, 0x03E2($s0)           ## 000003E2
/* 00804 80994FB4 144E0007 */  bne     $v0, $t6, .L80994FD4       
/* 00808 80994FB8 00E02025 */  or      $a0, $a3, $zero            ## $a0 = 00000000
/* 0080C 80994FBC 00E02025 */  or      $a0, $a3, $zero            ## $a0 = 00000000
/* 00810 80994FC0 240513F8 */  addiu   $a1, $zero, 0x13F8         ## $a1 = 000013F8
/* 00814 80994FC4 0C05462C */  jal     func_801518B0              
/* 00818 80994FC8 02003025 */  or      $a2, $s0, $zero            ## $a2 = 00000000
/* 0081C 80994FCC 10000007 */  beq     $zero, $zero, .L80994FEC   
/* 00820 80994FD0 44802000 */  mtc1    $zero, $f4                 ## $f4 = 0.00
.L80994FD4:
/* 00824 80994FD4 240513F6 */  addiu   $a1, $zero, 0x13F6         ## $a1 = 000013F6
/* 00828 80994FD8 0C05462C */  jal     func_801518B0              
/* 0082C 80994FDC 02003025 */  or      $a2, $s0, $zero            ## $a2 = 00000000
/* 00830 80994FE0 24020001 */  addiu   $v0, $zero, 0x0001         ## $v0 = 00000001
/* 00834 80994FE4 A60203E0 */  sh      $v0, 0x03E0($s0)           ## 000003E0
/* 00838 80994FE8 44802000 */  mtc1    $zero, $f4                 ## $f4 = 0.00
.L80994FEC:
/* 0083C 80994FEC 3C0F8099 */  lui     $t7, %hi(func_80995190)    ## $t7 = 80990000
/* 00840 80994FF0 25EF5190 */  addiu   $t7, $t7, %lo(func_80995190) ## $t7 = 80995190
/* 00844 80994FF4 AE0F0228 */  sw      $t7, 0x0228($s0)           ## 00000228
/* 00848 80994FF8 1000000F */  beq     $zero, $zero, .L80995038   
/* 0084C 80994FFC E6040070 */  swc1    $f4, 0x0070($s0)           ## 00000070
.L80995000:
/* 00850 80995000 02002025 */  or      $a0, $s0, $zero            ## $a0 = 00000000
/* 00854 80995004 24052AAA */  addiu   $a1, $zero, 0x2AAA         ## $a1 = 00002AAA
/* 00858 80995008 0C02DCF8 */  jal     func_800B73E0              
/* 0085C 8099500C AFA70024 */  sw      $a3, 0x0024($sp)           
/* 00860 80995010 10400009 */  beq     $v0, $zero, .L80995038     
/* 00864 80995014 8FA70024 */  lw      $a3, 0x0024($sp)           
/* 00868 80995018 92180199 */  lbu     $t8, 0x0199($s0)           ## 00000199
/* 0086C 8099501C 02002025 */  or      $a0, $s0, $zero            ## $a0 = 00000000
/* 00870 80995020 00E02825 */  or      $a1, $a3, $zero            ## $a1 = 00000000
/* 00874 80995024 33190002 */  andi    $t9, $t8, 0x0002           ## $t9 = 00000000
/* 00878 80995028 57200004 */  bnel    $t9, $zero, .L8099503C     
/* 0087C 8099502C 8FBF001C */  lw      $ra, 0x001C($sp)           
/* 00880 80995030 0C02E185 */  jal     func_800B8614              
/* 00884 80995034 3C0642C8 */  lui     $a2, 0x42C8                ## $a2 = 42C80000
.L80995038:
/* 00888 80995038 8FBF001C */  lw      $ra, 0x001C($sp)           
.L8099503C:
/* 0088C 8099503C 8FB00018 */  lw      $s0, 0x0018($sp)           
/* 00890 80995040 27BD0020 */  addiu   $sp, $sp, 0x0020           ## $sp = 00000000
/* 00894 80995044 03E00008 */  jr      $ra                        
/* 00898 80995048 00000000 */  nop


glabel func_8099504C
/* 0089C 8099504C 44802000 */  mtc1    $zero, $f4                 ## $f4 = 0.00
/* 008A0 80995050 3C0E8099 */  lui     $t6, %hi(func_80995068)    ## $t6 = 80990000
/* 008A4 80995054 25CE5068 */  addiu   $t6, $t6, %lo(func_80995068) ## $t6 = 80995068
/* 008A8 80995058 AC8E0228 */  sw      $t6, 0x0228($a0)           ## 00000228
/* 008AC 8099505C E4840070 */  swc1    $f4, 0x0070($a0)           ## 00000070
/* 008B0 80995060 03E00008 */  jr      $ra                        
/* 008B4 80995064 00000000 */  nop


glabel func_80995068
/* 008B8 80995068 27BDFFE0 */  addiu   $sp, $sp, 0xFFE0           ## $sp = FFFFFFE0
/* 008BC 8099506C AFB00018 */  sw      $s0, 0x0018($sp)           
/* 008C0 80995070 00808025 */  or      $s0, $a0, $zero            ## $s0 = 00000000
/* 008C4 80995074 AFBF001C */  sw      $ra, 0x001C($sp)           
/* 008C8 80995078 00A03825 */  or      $a3, $a1, $zero            ## $a3 = 00000000
/* 008CC 8099507C 02002025 */  or      $a0, $s0, $zero            ## $a0 = 00000000
/* 008D0 80995080 00E02825 */  or      $a1, $a3, $zero            ## $a1 = 00000000
/* 008D4 80995084 0C02E134 */  jal     func_800B84D0              
/* 008D8 80995088 AFA70024 */  sw      $a3, 0x0024($sp)           
/* 008DC 8099508C 1040001F */  beq     $v0, $zero, .L8099510C     
/* 008E0 80995090 8FA70024 */  lw      $a3, 0x0024($sp)           
/* 008E4 80995094 860E03E0 */  lh      $t6, 0x03E0($s0)           ## 000003E0
/* 008E8 80995098 24020001 */  addiu   $v0, $zero, 0x0001         ## $v0 = 00000001
/* 008EC 8099509C A60203E2 */  sh      $v0, 0x03E2($s0)           ## 000003E2
/* 008F0 809950A0 144E000F */  bne     $v0, $t6, .L809950E0       
/* 008F4 809950A4 00E02025 */  or      $a0, $a3, $zero            ## $a0 = 00000000
/* 008F8 809950A8 00E02025 */  or      $a0, $a3, $zero            ## $a0 = 00000000
/* 008FC 809950AC 240513F8 */  addiu   $a1, $zero, 0x13F8         ## $a1 = 000013F8
/* 00900 809950B0 0C05462C */  jal     func_801518B0              
/* 00904 809950B4 02003025 */  or      $a2, $s0, $zero            ## $a2 = 00000000
/* 00908 809950B8 860F03DE */  lh      $t7, 0x03DE($s0)           ## 000003DE
/* 0090C 809950BC 24010002 */  addiu   $at, $zero, 0x0002         ## $at = 00000002
/* 00910 809950C0 26040144 */  addiu   $a0, $s0, 0x0144           ## $a0 = 00000144
/* 00914 809950C4 15E1000B */  bne     $t7, $at, .L809950F4       
/* 00918 809950C8 3C058099 */  lui     $a1, %hi(D_80997330)       ## $a1 = 80990000
/* 0091C 809950CC 24A57330 */  addiu   $a1, $a1, %lo(D_80997330)  ## $a1 = 80997330
/* 00920 809950D0 0C02F717 */  jal     func_800BDC5C              
/* 00924 809950D4 2406000B */  addiu   $a2, $zero, 0x000B         ## $a2 = 0000000B
/* 00928 809950D8 10000007 */  beq     $zero, $zero, .L809950F8   
/* 0092C 809950DC 44802000 */  mtc1    $zero, $f4                 ## $f4 = 0.00
.L809950E0:
/* 00930 809950E0 240513F6 */  addiu   $a1, $zero, 0x13F6         ## $a1 = 000013F6
/* 00934 809950E4 0C05462C */  jal     func_801518B0              
/* 00938 809950E8 02003025 */  or      $a2, $s0, $zero            ## $a2 = 00000000
/* 0093C 809950EC 24020001 */  addiu   $v0, $zero, 0x0001         ## $v0 = 00000001
/* 00940 809950F0 A60203E0 */  sh      $v0, 0x03E0($s0)           ## 000003E0
.L809950F4:
/* 00944 809950F4 44802000 */  mtc1    $zero, $f4                 ## $f4 = 0.00
.L809950F8:
/* 00948 809950F8 3C188099 */  lui     $t8, %hi(func_80995190)    ## $t8 = 80990000
/* 0094C 809950FC 27185190 */  addiu   $t8, $t8, %lo(func_80995190) ## $t8 = 80995190
/* 00950 80995100 AE180228 */  sw      $t8, 0x0228($s0)           ## 00000228
/* 00954 80995104 1000001D */  beq     $zero, $zero, .L8099517C   
/* 00958 80995108 E6040070 */  swc1    $f4, 0x0070($s0)           ## 00000070
.L8099510C:
/* 0095C 8099510C 00E02025 */  or      $a0, $a3, $zero            ## $a0 = 00000000
/* 00960 80995110 0C04900F */  jal     func_8012403C              
/* 00964 80995114 AFA70024 */  sw      $a3, 0x0024($sp)           
/* 00968 80995118 2401000F */  addiu   $at, $zero, 0x000F         ## $at = 0000000F
/* 0096C 8099511C 1041000F */  beq     $v0, $at, .L8099515C       
/* 00970 80995120 8FA70024 */  lw      $a3, 0x0024($sp)           
/* 00974 80995124 8E190004 */  lw      $t9, 0x0004($s0)           ## 00000004
/* 00978 80995128 2401FFF6 */  addiu   $at, $zero, 0xFFF6         ## $at = FFFFFFF6
/* 0097C 8099512C 240B0055 */  addiu   $t3, $zero, 0x0055         ## $t3 = 00000055
/* 00980 80995130 37280005 */  ori     $t0, $t9, 0x0005           ## $t0 = 00000005
/* 00984 80995134 AE080004 */  sw      $t0, 0x0004($s0)           ## 00000004
/* 00988 80995138 01015024 */  and     $t2, $t0, $at              
/* 0098C 8099513C 240C00FE */  addiu   $t4, $zero, 0x00FE         ## $t4 = 000000FE
/* 00990 80995140 AE0A0004 */  sw      $t2, 0x0004($s0)           ## 00000004
/* 00994 80995144 A20B011F */  sb      $t3, 0x011F($s0)           ## 0000011F
/* 00998 80995148 A20C00B6 */  sb      $t4, 0x00B6($s0)           ## 000000B6
/* 0099C 8099514C 0C26568C */  jal     func_80995A30              
/* 009A0 80995150 02002025 */  or      $a0, $s0, $zero            ## $a0 = 00000000
/* 009A4 80995154 1000000A */  beq     $zero, $zero, .L80995180   
/* 009A8 80995158 8FBF001C */  lw      $ra, 0x001C($sp)           
.L8099515C:
/* 009AC 8099515C 920D0199 */  lbu     $t5, 0x0199($s0)           ## 00000199
/* 009B0 80995160 02002025 */  or      $a0, $s0, $zero            ## $a0 = 00000000
/* 009B4 80995164 00E02825 */  or      $a1, $a3, $zero            ## $a1 = 00000000
/* 009B8 80995168 31AE0002 */  andi    $t6, $t5, 0x0002           ## $t6 = 00000000
/* 009BC 8099516C 55C00004 */  bnel    $t6, $zero, .L80995180     
/* 009C0 80995170 8FBF001C */  lw      $ra, 0x001C($sp)           
/* 009C4 80995174 0C02E185 */  jal     func_800B8614              
/* 009C8 80995178 3C0642C8 */  lui     $a2, 0x42C8                ## $a2 = 42C80000
.L8099517C:
/* 009CC 8099517C 8FBF001C */  lw      $ra, 0x001C($sp)           
.L80995180:
/* 009D0 80995180 8FB00018 */  lw      $s0, 0x0018($sp)           
/* 009D4 80995184 27BD0020 */  addiu   $sp, $sp, 0x0020           ## $sp = 00000000
/* 009D8 80995188 03E00008 */  jr      $ra                        
/* 009DC 8099518C 00000000 */  nop


glabel func_80995190
/* 009E0 80995190 27BDFFE8 */  addiu   $sp, $sp, 0xFFE8           ## $sp = FFFFFFE8
/* 009E4 80995194 AFBF0014 */  sw      $ra, 0x0014($sp)           
/* 009E8 80995198 AFA40018 */  sw      $a0, 0x0018($sp)           
/* 009EC 8099519C AFA5001C */  sw      $a1, 0x001C($sp)           
/* 009F0 809951A0 8FA4001C */  lw      $a0, 0x001C($sp)           
/* 009F4 809951A4 0C054926 */  jal     func_80152498              
/* 009F8 809951A8 24844908 */  addiu   $a0, $a0, 0x4908           ## $a0 = 00004908
/* 009FC 809951AC 2C410007 */  sltiu   $at, $v0, 0x0007           
/* 00A00 809951B0 10200020 */  beq     $at, $zero, .L80995234     
/* 00A04 809951B4 00027080 */  sll     $t6, $v0,  2               
/* 00A08 809951B8 3C018099 */  lui     $at, %hi(D_80997578)       ## $at = 80990000
/* 00A0C 809951BC 002E0821 */  addu    $at, $at, $t6              
/* 00A10 809951C0 8C2E7578 */  lw      $t6, %lo(D_80997578)($at)  
/* 00A14 809951C4 01C00008 */  jr      $t6                        
/* 00A18 809951C8 00000000 */  nop
.L809951CC:
/* 00A1C 809951CC 0C051D89 */  jal     func_80147624              
/* 00A20 809951D0 8FA4001C */  lw      $a0, 0x001C($sp)           
/* 00A24 809951D4 10400017 */  beq     $v0, $zero, .L80995234     
/* 00A28 809951D8 8FA4001C */  lw      $a0, 0x001C($sp)           
/* 00A2C 809951DC 240513F7 */  addiu   $a1, $zero, 0x13F7         ## $a1 = 000013F7
/* 00A30 809951E0 0C05462C */  jal     func_801518B0              
/* 00A34 809951E4 8FA60018 */  lw      $a2, 0x0018($sp)           
/* 00A38 809951E8 8FAF0018 */  lw      $t7, 0x0018($sp)           
/* 00A3C 809951EC 24010002 */  addiu   $at, $zero, 0x0002         ## $at = 00000002
/* 00A40 809951F0 3C058099 */  lui     $a1, %hi(D_80997330)       ## $a1 = 80990000
/* 00A44 809951F4 85F803DE */  lh      $t8, 0x03DE($t7)           ## 000003DE
/* 00A48 809951F8 24A57330 */  addiu   $a1, $a1, %lo(D_80997330)  ## $a1 = 80997330
/* 00A4C 809951FC 25E40144 */  addiu   $a0, $t7, 0x0144           ## $a0 = 00000144
/* 00A50 80995200 5701000D */  bnel    $t8, $at, .L80995238       
/* 00A54 80995204 8FBF0014 */  lw      $ra, 0x0014($sp)           
/* 00A58 80995208 0C02F717 */  jal     func_800BDC5C              
/* 00A5C 8099520C 2406000B */  addiu   $a2, $zero, 0x000B         ## $a2 = 0000000B
/* 00A60 80995210 10000009 */  beq     $zero, $zero, .L80995238   
/* 00A64 80995214 8FBF0014 */  lw      $ra, 0x0014($sp)           
.L80995218:
/* 00A68 80995218 0C051D89 */  jal     func_80147624              
/* 00A6C 8099521C 8FA4001C */  lw      $a0, 0x001C($sp)           
/* 00A70 80995220 10400004 */  beq     $v0, $zero, .L80995234     
/* 00A74 80995224 8FA80018 */  lw      $t0, 0x0018($sp)           
/* 00A78 80995228 3C198099 */  lui     $t9, %hi(func_80995244)    ## $t9 = 80990000
/* 00A7C 8099522C 27395244 */  addiu   $t9, $t9, %lo(func_80995244) ## $t9 = 80995244
/* 00A80 80995230 AD190228 */  sw      $t9, 0x0228($t0)           ## 00000228
.L80995234:
/* 00A84 80995234 8FBF0014 */  lw      $ra, 0x0014($sp)           
.L80995238:
/* 00A88 80995238 27BD0018 */  addiu   $sp, $sp, 0x0018           ## $sp = 00000000
/* 00A8C 8099523C 03E00008 */  jr      $ra                        
/* 00A90 80995240 00000000 */  nop


glabel func_80995244
/* 00A94 80995244 27BDFFE8 */  addiu   $sp, $sp, 0xFFE8           ## $sp = FFFFFFE8
/* 00A98 80995248 AFBF0014 */  sw      $ra, 0x0014($sp)           
/* 00A9C 8099524C AFA5001C */  sw      $a1, 0x001C($sp)           
/* 00AA0 80995250 8C8E0004 */  lw      $t6, 0x0004($a0)           ## 00000004
/* 00AA4 80995254 2401FFF6 */  addiu   $at, $zero, 0xFFF6         ## $at = FFFFFFF6
/* 00AA8 80995258 848203DE */  lh      $v0, 0x03DE($a0)           ## 000003DE
/* 00AAC 8099525C 01C17824 */  and     $t7, $t6, $at              
/* 00AB0 80995260 AC8F0004 */  sw      $t7, 0x0004($a0)           ## 00000004
/* 00AB4 80995264 35F90005 */  ori     $t9, $t7, 0x0005           ## $t9 = 00000005
/* 00AB8 80995268 24010009 */  addiu   $at, $zero, 0x0009         ## $at = 00000009
/* 00ABC 8099526C AC990004 */  sw      $t9, 0x0004($a0)           ## 00000004
/* 00AC0 80995270 10410009 */  beq     $v0, $at, .L80995298       
/* 00AC4 80995274 A48003E2 */  sh      $zero, 0x03E2($a0)         ## 000003E2
/* 00AC8 80995278 2401000A */  addiu   $at, $zero, 0x000A         ## $at = 0000000A
/* 00ACC 8099527C 1041000A */  beq     $v0, $at, .L809952A8       
/* 00AD0 80995280 3C098099 */  lui     $t1, %hi(func_8099544C)    ## $t1 = 80990000
/* 00AD4 80995284 2401000B */  addiu   $at, $zero, 0x000B         ## $at = 0000000B
/* 00AD8 80995288 1041000A */  beq     $v0, $at, .L809952B4       
/* 00ADC 8099528C 3C0A8099 */  lui     $t2, %hi(func_8099556C)    ## $t2 = 80990000
/* 00AE0 80995290 1000000B */  beq     $zero, $zero, .L809952C0   
/* 00AE4 80995294 00000000 */  nop
.L80995298:
/* 00AE8 80995298 3C088099 */  lui     $t0, %hi(func_8099533C)    ## $t0 = 80990000
/* 00AEC 8099529C 2508533C */  addiu   $t0, $t0, %lo(func_8099533C) ## $t0 = 8099533C
/* 00AF0 809952A0 10000009 */  beq     $zero, $zero, .L809952C8   
/* 00AF4 809952A4 AC880228 */  sw      $t0, 0x0228($a0)           ## 00000228
.L809952A8:
/* 00AF8 809952A8 2529544C */  addiu   $t1, $t1, %lo(func_8099544C) ## $t1 = 8099544C
/* 00AFC 809952AC 10000006 */  beq     $zero, $zero, .L809952C8   
/* 00B00 809952B0 AC890228 */  sw      $t1, 0x0228($a0)           ## 00000228
.L809952B4:
/* 00B04 809952B4 254A556C */  addiu   $t2, $t2, %lo(func_8099556C) ## $t2 = 8099556C
/* 00B08 809952B8 10000003 */  beq     $zero, $zero, .L809952C8   
/* 00B0C 809952BC AC8A0228 */  sw      $t2, 0x0228($a0)           ## 00000228
.L809952C0:
/* 00B10 809952C0 0C265413 */  jal     func_8099504C              
/* 00B14 809952C4 00000000 */  nop
.L809952C8:
/* 00B18 809952C8 8FBF0014 */  lw      $ra, 0x0014($sp)           
/* 00B1C 809952CC 27BD0018 */  addiu   $sp, $sp, 0x0018           ## $sp = 00000000
/* 00B20 809952D0 03E00008 */  jr      $ra                        
/* 00B24 809952D4 00000000 */  nop


glabel func_809952D8
/* 00B28 809952D8 27BDFFE8 */  addiu   $sp, $sp, 0xFFE8           ## $sp = FFFFFFE8
/* 00B2C 809952DC AFBF0014 */  sw      $ra, 0x0014($sp)           
/* 00B30 809952E0 00803825 */  or      $a3, $a0, $zero            ## $a3 = 00000000
/* 00B34 809952E4 3C058099 */  lui     $a1, %hi(D_80997330)       ## $a1 = 80990000
/* 00B38 809952E8 24A57330 */  addiu   $a1, $a1, %lo(D_80997330)  ## $a1 = 80997330
/* 00B3C 809952EC 24E40144 */  addiu   $a0, $a3, 0x0144           ## $a0 = 00000144
/* 00B40 809952F0 24060005 */  addiu   $a2, $zero, 0x0005         ## $a2 = 00000005
/* 00B44 809952F4 0C02F717 */  jal     func_800BDC5C              
/* 00B48 809952F8 AFA70018 */  sw      $a3, 0x0018($sp)           
/* 00B4C 809952FC 8FA70018 */  lw      $a3, 0x0018($sp)           
/* 00B50 80995300 44800000 */  mtc1    $zero, $f0                 ## $f0 = 0.00
/* 00B54 80995304 3C188099 */  lui     $t8, %hi(func_8099533C)    ## $t8 = 80990000
/* 00B58 80995308 240E00FF */  addiu   $t6, $zero, 0x00FF         ## $t6 = 000000FF
/* 00B5C 8099530C 240F0009 */  addiu   $t7, $zero, 0x0009         ## $t7 = 00000009
/* 00B60 80995310 2718533C */  addiu   $t8, $t8, %lo(func_8099533C) ## $t8 = 8099533C
/* 00B64 80995314 A0EE00B6 */  sb      $t6, 0x00B6($a3)           ## 000000B6
/* 00B68 80995318 A4EF03DE */  sh      $t7, 0x03DE($a3)           ## 000003DE
/* 00B6C 8099531C ACF80228 */  sw      $t8, 0x0228($a3)           ## 00000228
/* 00B70 80995320 E4E000CC */  swc1    $f0, 0x00CC($a3)           ## 000000CC
/* 00B74 80995324 E4E00070 */  swc1    $f0, 0x0070($a3)           ## 00000070
/* 00B78 80995328 E4E000C4 */  swc1    $f0, 0x00C4($a3)           ## 000000C4
/* 00B7C 8099532C 8FBF0014 */  lw      $ra, 0x0014($sp)           
/* 00B80 80995330 27BD0018 */  addiu   $sp, $sp, 0x0018           ## $sp = 00000000
/* 00B84 80995334 03E00008 */  jr      $ra                        
/* 00B88 80995338 00000000 */  nop


glabel func_8099533C
/* 00B8C 8099533C 27BDFFE8 */  addiu   $sp, $sp, 0xFFE8           ## $sp = FFFFFFE8
/* 00B90 80995340 AFBF0014 */  sw      $ra, 0x0014($sp)           
/* 00B94 80995344 AFA5001C */  sw      $a1, 0x001C($sp)           
/* 00B98 80995348 00803025 */  or      $a2, $a0, $zero            ## $a2 = 00000000
/* 00B9C 8099534C 8FA4001C */  lw      $a0, 0x001C($sp)           
/* 00BA0 80995350 0C04900F */  jal     func_8012403C              
/* 00BA4 80995354 AFA60018 */  sw      $a2, 0x0018($sp)           
/* 00BA8 80995358 2401000F */  addiu   $at, $zero, 0x000F         ## $at = 0000000F
/* 00BAC 8099535C 1441000C */  bne     $v0, $at, .L80995390       
/* 00BB0 80995360 8FA60018 */  lw      $a2, 0x0018($sp)           
/* 00BB4 80995364 8CCE0004 */  lw      $t6, 0x0004($a2)           ## 00000004
/* 00BB8 80995368 2401FFFA */  addiu   $at, $zero, 0xFFFA         ## $at = FFFFFFFA
/* 00BBC 8099536C 00C02025 */  or      $a0, $a2, $zero            ## $a0 = 00000000
/* 00BC0 80995370 01C17824 */  and     $t7, $t6, $at              
/* 00BC4 80995374 ACCF0004 */  sw      $t7, 0x0004($a2)           ## 00000004
/* 00BC8 80995378 35F90009 */  ori     $t9, $t7, 0x0009           ## $t9 = 00000009
/* 00BCC 8099537C ACD90004 */  sw      $t9, 0x0004($a2)           ## 00000004
/* 00BD0 80995380 0C2653DF */  jal     func_80994F7C              
/* 00BD4 80995384 8FA5001C */  lw      $a1, 0x001C($sp)           
/* 00BD8 80995388 10000014 */  beq     $zero, $zero, .L809953DC   
/* 00BDC 8099538C 8FBF0014 */  lw      $ra, 0x0014($sp)           
.L80995390:
/* 00BE0 80995390 00C02025 */  or      $a0, $a2, $zero            ## $a0 = 00000000
/* 00BE4 80995394 24052AAA */  addiu   $a1, $zero, 0x2AAA         ## $a1 = 00002AAA
/* 00BE8 80995398 0C02DCF8 */  jal     func_800B73E0              
/* 00BEC 8099539C AFA60018 */  sw      $a2, 0x0018($sp)           
/* 00BF0 809953A0 1040000D */  beq     $v0, $zero, .L809953D8     
/* 00BF4 809953A4 8FA60018 */  lw      $a2, 0x0018($sp)           
/* 00BF8 809953A8 3C014348 */  lui     $at, 0x4348                ## $at = 43480000
/* 00BFC 809953AC 44813000 */  mtc1    $at, $f6                   ## $f6 = 200.00
/* 00C00 809953B0 C4C40098 */  lwc1    $f4, 0x0098($a2)           ## 00000098
/* 00C04 809953B4 24080055 */  addiu   $t0, $zero, 0x0055         ## $t0 = 00000055
/* 00C08 809953B8 240900FE */  addiu   $t1, $zero, 0x00FE         ## $t1 = 000000FE
/* 00C0C 809953BC 4606203C */  c.lt.s  $f4, $f6                   
/* 00C10 809953C0 00C02025 */  or      $a0, $a2, $zero            ## $a0 = 00000000
/* 00C14 809953C4 45020005 */  bc1fl   .L809953DC                 
/* 00C18 809953C8 8FBF0014 */  lw      $ra, 0x0014($sp)           
/* 00C1C 809953CC A0C8011F */  sb      $t0, 0x011F($a2)           ## 0000011F
/* 00C20 809953D0 0C2655C7 */  jal     func_8099571C              
/* 00C24 809953D4 A0C900B6 */  sb      $t1, 0x00B6($a2)           ## 000000B6
.L809953D8:
/* 00C28 809953D8 8FBF0014 */  lw      $ra, 0x0014($sp)           
.L809953DC:
/* 00C2C 809953DC 27BD0018 */  addiu   $sp, $sp, 0x0018           ## $sp = 00000000
/* 00C30 809953E0 03E00008 */  jr      $ra                        
/* 00C34 809953E4 00000000 */  nop


glabel func_809953E8
/* 00C38 809953E8 27BDFFE8 */  addiu   $sp, $sp, 0xFFE8           ## $sp = FFFFFFE8
/* 00C3C 809953EC AFBF0014 */  sw      $ra, 0x0014($sp)           
/* 00C40 809953F0 00803825 */  or      $a3, $a0, $zero            ## $a3 = 00000000
/* 00C44 809953F4 3C058099 */  lui     $a1, %hi(D_80997330)       ## $a1 = 80990000
/* 00C48 809953F8 24A57330 */  addiu   $a1, $a1, %lo(D_80997330)  ## $a1 = 80997330
/* 00C4C 809953FC 24E40144 */  addiu   $a0, $a3, 0x0144           ## $a0 = 00000144
/* 00C50 80995400 24060006 */  addiu   $a2, $zero, 0x0006         ## $a2 = 00000006
/* 00C54 80995404 0C02F717 */  jal     func_800BDC5C              
/* 00C58 80995408 AFA70018 */  sw      $a3, 0x0018($sp)           
/* 00C5C 8099540C 8FA70018 */  lw      $a3, 0x0018($sp)           
/* 00C60 80995410 44800000 */  mtc1    $zero, $f0                 ## $f0 = 0.00
/* 00C64 80995414 3C188099 */  lui     $t8, %hi(func_8099544C)    ## $t8 = 80990000
/* 00C68 80995418 240E00FF */  addiu   $t6, $zero, 0x00FF         ## $t6 = 000000FF
/* 00C6C 8099541C 240F000A */  addiu   $t7, $zero, 0x000A         ## $t7 = 0000000A
/* 00C70 80995420 2718544C */  addiu   $t8, $t8, %lo(func_8099544C) ## $t8 = 8099544C
/* 00C74 80995424 A0EE00B6 */  sb      $t6, 0x00B6($a3)           ## 000000B6
/* 00C78 80995428 A4EF03DE */  sh      $t7, 0x03DE($a3)           ## 000003DE
/* 00C7C 8099542C ACF80228 */  sw      $t8, 0x0228($a3)           ## 00000228
/* 00C80 80995430 E4E000CC */  swc1    $f0, 0x00CC($a3)           ## 000000CC
/* 00C84 80995434 E4E00070 */  swc1    $f0, 0x0070($a3)           ## 00000070
/* 00C88 80995438 E4E000C4 */  swc1    $f0, 0x00C4($a3)           ## 000000C4
/* 00C8C 8099543C 8FBF0014 */  lw      $ra, 0x0014($sp)           
/* 00C90 80995440 27BD0018 */  addiu   $sp, $sp, 0x0018           ## $sp = 00000000
/* 00C94 80995444 03E00008 */  jr      $ra                        
/* 00C98 80995448 00000000 */  nop


glabel func_8099544C
/* 00C9C 8099544C 27BDFFE8 */  addiu   $sp, $sp, 0xFFE8           ## $sp = FFFFFFE8
/* 00CA0 80995450 AFBF0014 */  sw      $ra, 0x0014($sp)           
/* 00CA4 80995454 AFA5001C */  sw      $a1, 0x001C($sp)           
/* 00CA8 80995458 00803025 */  or      $a2, $a0, $zero            ## $a2 = 00000000
/* 00CAC 8099545C 8FA4001C */  lw      $a0, 0x001C($sp)           
/* 00CB0 80995460 0C04900F */  jal     func_8012403C              
/* 00CB4 80995464 AFA60018 */  sw      $a2, 0x0018($sp)           
/* 00CB8 80995468 2401000F */  addiu   $at, $zero, 0x000F         ## $at = 0000000F
/* 00CBC 8099546C 1441000C */  bne     $v0, $at, .L809954A0       
/* 00CC0 80995470 8FA60018 */  lw      $a2, 0x0018($sp)           
/* 00CC4 80995474 8CCE0004 */  lw      $t6, 0x0004($a2)           ## 00000004
/* 00CC8 80995478 2401FFFA */  addiu   $at, $zero, 0xFFFA         ## $at = FFFFFFFA
/* 00CCC 8099547C 00C02025 */  or      $a0, $a2, $zero            ## $a0 = 00000000
/* 00CD0 80995480 01C17824 */  and     $t7, $t6, $at              
/* 00CD4 80995484 ACCF0004 */  sw      $t7, 0x0004($a2)           ## 00000004
/* 00CD8 80995488 35F90009 */  ori     $t9, $t7, 0x0009           ## $t9 = 00000009
/* 00CDC 8099548C ACD90004 */  sw      $t9, 0x0004($a2)           ## 00000004
/* 00CE0 80995490 0C2653DF */  jal     func_80994F7C              
/* 00CE4 80995494 8FA5001C */  lw      $a1, 0x001C($sp)           
/* 00CE8 80995498 10000014 */  beq     $zero, $zero, .L809954EC   
/* 00CEC 8099549C 8FBF0014 */  lw      $ra, 0x0014($sp)           
.L809954A0:
/* 00CF0 809954A0 00C02025 */  or      $a0, $a2, $zero            ## $a0 = 00000000
/* 00CF4 809954A4 24052AAA */  addiu   $a1, $zero, 0x2AAA         ## $a1 = 00002AAA
/* 00CF8 809954A8 0C02DCF8 */  jal     func_800B73E0              
/* 00CFC 809954AC AFA60018 */  sw      $a2, 0x0018($sp)           
/* 00D00 809954B0 1040000D */  beq     $v0, $zero, .L809954E8     
/* 00D04 809954B4 8FA60018 */  lw      $a2, 0x0018($sp)           
/* 00D08 809954B8 3C014348 */  lui     $at, 0x4348                ## $at = 43480000
/* 00D0C 809954BC 44813000 */  mtc1    $at, $f6                   ## $f6 = 200.00
/* 00D10 809954C0 C4C40098 */  lwc1    $f4, 0x0098($a2)           ## 00000098
/* 00D14 809954C4 24080055 */  addiu   $t0, $zero, 0x0055         ## $t0 = 00000055
/* 00D18 809954C8 240900FE */  addiu   $t1, $zero, 0x00FE         ## $t1 = 000000FE
/* 00D1C 809954CC 4606203C */  c.lt.s  $f4, $f6                   
/* 00D20 809954D0 00C02025 */  or      $a0, $a2, $zero            ## $a0 = 00000000
/* 00D24 809954D4 45020005 */  bc1fl   .L809954EC                 
/* 00D28 809954D8 8FBF0014 */  lw      $ra, 0x0014($sp)           
/* 00D2C 809954DC A0C8011F */  sb      $t0, 0x011F($a2)           ## 0000011F
/* 00D30 809954E0 0C2655C7 */  jal     func_8099571C              
/* 00D34 809954E4 A0C900B6 */  sb      $t1, 0x00B6($a2)           ## 000000B6
.L809954E8:
/* 00D38 809954E8 8FBF0014 */  lw      $ra, 0x0014($sp)           
.L809954EC:
/* 00D3C 809954EC 27BD0018 */  addiu   $sp, $sp, 0x0018           ## $sp = 00000000
/* 00D40 809954F0 03E00008 */  jr      $ra                        
/* 00D44 809954F4 00000000 */  nop


glabel func_809954F8
/* 00D48 809954F8 27BDFFE8 */  addiu   $sp, $sp, 0xFFE8           ## $sp = FFFFFFE8
/* 00D4C 809954FC AFBF0014 */  sw      $ra, 0x0014($sp)           
/* 00D50 80995500 00803825 */  or      $a3, $a0, $zero            ## $a3 = 00000000
/* 00D54 80995504 3C058099 */  lui     $a1, %hi(D_80997330)       ## $a1 = 80990000
/* 00D58 80995508 24A57330 */  addiu   $a1, $a1, %lo(D_80997330)  ## $a1 = 80997330
/* 00D5C 8099550C 24E40144 */  addiu   $a0, $a3, 0x0144           ## $a0 = 00000144
/* 00D60 80995510 24060007 */  addiu   $a2, $zero, 0x0007         ## $a2 = 00000007
/* 00D64 80995514 0C02F717 */  jal     func_800BDC5C              
/* 00D68 80995518 AFA70018 */  sw      $a3, 0x0018($sp)           
/* 00D6C 8099551C 8FA70018 */  lw      $a3, 0x0018($sp)           
/* 00D70 80995520 44800000 */  mtc1    $zero, $f0                 ## $f0 = 0.00
/* 00D74 80995524 3C01457A */  lui     $at, 0x457A                ## $at = 457A0000
/* 00D78 80995528 44812000 */  mtc1    $at, $f4                   ## $f4 = 4000.00
/* 00D7C 8099552C 3C188099 */  lui     $t8, %hi(func_8099556C)    ## $t8 = 80990000
/* 00D80 80995530 240E00FF */  addiu   $t6, $zero, 0x00FF         ## $t6 = 000000FF
/* 00D84 80995534 240F000B */  addiu   $t7, $zero, 0x000B         ## $t7 = 0000000B
/* 00D88 80995538 2718556C */  addiu   $t8, $t8, %lo(func_8099556C) ## $t8 = 8099556C
/* 00D8C 8099553C A0EE00B6 */  sb      $t6, 0x00B6($a3)           ## 000000B6
/* 00D90 80995540 A4EF03DE */  sh      $t7, 0x03DE($a3)           ## 000003DE
/* 00D94 80995544 ACF80228 */  sw      $t8, 0x0228($a3)           ## 00000228
/* 00D98 80995548 E4E00074 */  swc1    $f0, 0x0074($a3)           ## 00000074
/* 00D9C 8099554C E4E000CC */  swc1    $f0, 0x00CC($a3)           ## 000000CC
/* 00DA0 80995550 E4E00070 */  swc1    $f0, 0x0070($a3)           ## 00000070
/* 00DA4 80995554 E4E000C4 */  swc1    $f0, 0x00C4($a3)           ## 000000C4
/* 00DA8 80995558 E4E40054 */  swc1    $f4, 0x0054($a3)           ## 00000054
/* 00DAC 8099555C 8FBF0014 */  lw      $ra, 0x0014($sp)           
/* 00DB0 80995560 27BD0018 */  addiu   $sp, $sp, 0x0018           ## $sp = 00000000
/* 00DB4 80995564 03E00008 */  jr      $ra                        
/* 00DB8 80995568 00000000 */  nop


glabel func_8099556C
/* 00DBC 8099556C 27BDFFD8 */  addiu   $sp, $sp, 0xFFD8           ## $sp = FFFFFFD8
/* 00DC0 80995570 AFB00018 */  sw      $s0, 0x0018($sp)           
/* 00DC4 80995574 00808025 */  or      $s0, $a0, $zero            ## $s0 = 00000000
/* 00DC8 80995578 AFBF001C */  sw      $ra, 0x001C($sp)           
/* 00DCC 8099557C AFA5002C */  sw      $a1, 0x002C($sp)           
/* 00DD0 80995580 3C014170 */  lui     $at, 0x4170                ## $at = 41700000
/* 00DD4 80995584 44812000 */  mtc1    $at, $f4                   ## $f4 = 15.00
/* 00DD8 80995588 C600015C */  lwc1    $f0, 0x015C($s0)           ## 0000015C
/* 00DDC 8099558C 3C0141B4 */  lui     $at, 0x41B4                ## $at = 41B40000
/* 00DE0 80995590 26040144 */  addiu   $a0, $s0, 0x0144           ## $a0 = 00000144
/* 00DE4 80995594 4604003C */  c.lt.s  $f0, $f4                   
/* 00DE8 80995598 3C0541B4 */  lui     $a1, 0x41B4                ## $a1 = 41B40000
/* 00DEC 8099559C 4502000C */  bc1fl   .L809955D0                 
/* 00DF0 809955A0 44818000 */  mtc1    $at, $f16                  ## $f16 = 22.50
/* 00DF4 809955A4 3C0140F0 */  lui     $at, 0x40F0                ## $at = 40F00000
/* 00DF8 809955A8 44813000 */  mtc1    $at, $f6                   ## $f6 = 7.50
/* 00DFC 809955AC 00000000 */  nop
/* 00E00 809955B0 46060201 */  sub.s   $f8, $f0, $f6              
/* 00E04 809955B4 4600428D */  trunc.w.s $f10, $f8                  
/* 00E08 809955B8 44035000 */  mfc1    $v1, $f10                  
/* 00E0C 809955BC 00000000 */  nop
/* 00E10 809955C0 00031C00 */  sll     $v1, $v1, 16               
/* 00E14 809955C4 10000009 */  beq     $zero, $zero, .L809955EC   
/* 00E18 809955C8 00031C03 */  sra     $v1, $v1, 16               
/* 00E1C 809955CC 44818000 */  mtc1    $at, $f16                  ## $f16 = 7.50
.L809955D0:
/* 00E20 809955D0 00000000 */  nop
/* 00E24 809955D4 46008481 */  sub.s   $f18, $f16, $f0            
/* 00E28 809955D8 4600910D */  trunc.w.s $f4, $f18                  
/* 00E2C 809955DC 44032000 */  mfc1    $v1, $f4                   
/* 00E30 809955E0 00000000 */  nop
/* 00E34 809955E4 00031C00 */  sll     $v1, $v1, 16               
/* 00E38 809955E8 00031C03 */  sra     $v1, $v1, 16               
.L809955EC:
/* 00E3C 809955EC 0C04DE2E */  jal     func_801378B8              
/* 00E40 809955F0 A7A30026 */  sh      $v1, 0x0026($sp)           
/* 00E44 809955F4 10400008 */  beq     $v0, $zero, .L80995618     
/* 00E48 809955F8 87A30026 */  lh      $v1, 0x0026($sp)           
/* 00E4C 809955FC 0C021BE8 */  jal     func_80086FA0              
/* 00E50 80995600 A7A30026 */  sh      $v1, 0x0026($sp)           
/* 00E54 80995604 240107D0 */  addiu   $at, $zero, 0x07D0         ## $at = 000007D0
/* 00E58 80995608 0041001B */  divu    $zero, $v0, $at            
/* 00E5C 8099560C 0000C010 */  mfhi    $t8                        
/* 00E60 80995610 87A30026 */  lh      $v1, 0x0026($sp)           
/* 00E64 80995614 A61803D4 */  sh      $t8, 0x03D4($s0)           ## 000003D4
.L80995618:
/* 00E68 80995618 861903D4 */  lh      $t9, 0x03D4($s0)           ## 000003D4
/* 00E6C 8099561C 03230019 */  multu   $t9, $v1                   
/* 00E70 80995620 00002012 */  mflo    $a0                        
/* 00E74 80995624 00042400 */  sll     $a0, $a0, 16               
/* 00E78 80995628 0C03FB61 */  jal     func_800FED84              
/* 00E7C 8099562C 00042403 */  sra     $a0, $a0, 16               
/* 00E80 80995630 3C018099 */  lui     $at, %hi(D_80997594)       ## $at = 80990000
/* 00E84 80995634 C4267594 */  lwc1    $f6, %lo(D_80997594)($at)  
/* 00E88 80995638 46060202 */  mul.s   $f8, $f0, $f6              
/* 00E8C 8099563C 4600428D */  trunc.w.s $f10, $f8                  
/* 00E90 80995640 44095000 */  mfc1    $t1, $f10                  
/* 00E94 80995644 00000000 */  nop
/* 00E98 80995648 A60900BC */  sh      $t1, 0x00BC($s0)           ## 000000BC
/* 00E9C 8099564C 0C04900F */  jal     func_8012403C              
/* 00EA0 80995650 8FA4002C */  lw      $a0, 0x002C($sp)           
/* 00EA4 80995654 2401000F */  addiu   $at, $zero, 0x000F         ## $at = 0000000F
/* 00EA8 80995658 1441000C */  bne     $v0, $at, .L8099568C       
/* 00EAC 8099565C 02002025 */  or      $a0, $s0, $zero            ## $a0 = 00000000
/* 00EB0 80995660 8E0A0004 */  lw      $t2, 0x0004($s0)           ## 00000004
/* 00EB4 80995664 2401FFFA */  addiu   $at, $zero, 0xFFFA         ## $at = FFFFFFFA
/* 00EB8 80995668 02002025 */  or      $a0, $s0, $zero            ## $a0 = 00000000
/* 00EBC 8099566C 01415824 */  and     $t3, $t2, $at              
/* 00EC0 80995670 AE0B0004 */  sw      $t3, 0x0004($s0)           ## 00000004
/* 00EC4 80995674 356D0009 */  ori     $t5, $t3, 0x0009           ## $t5 = 00000009
/* 00EC8 80995678 AE0D0004 */  sw      $t5, 0x0004($s0)           ## 00000004
/* 00ECC 8099567C 0C2653DF */  jal     func_80994F7C              
/* 00ED0 80995680 8FA5002C */  lw      $a1, 0x002C($sp)           
/* 00ED4 80995684 10000021 */  beq     $zero, $zero, .L8099570C   
/* 00ED8 80995688 8FBF001C */  lw      $ra, 0x001C($sp)           
.L8099568C:
/* 00EDC 8099568C 0C02DCF8 */  jal     func_800B73E0              
/* 00EE0 80995690 24052AAA */  addiu   $a1, $zero, 0x2AAA         ## $a1 = 00002AAA
/* 00EE4 80995694 1040001C */  beq     $v0, $zero, .L80995708     
/* 00EE8 80995698 3C014348 */  lui     $at, 0x4348                ## $at = 43480000
/* 00EEC 8099569C C6100098 */  lwc1    $f16, 0x0098($s0)          ## 00000098
/* 00EF0 809956A0 44819000 */  mtc1    $at, $f18                  ## $f18 = 200.00
/* 00EF4 809956A4 3C0141C0 */  lui     $at, 0x41C0                ## $at = 41C00000
/* 00EF8 809956A8 4612803C */  c.lt.s  $f16, $f18                 
/* 00EFC 809956AC 00000000 */  nop
/* 00F00 809956B0 45020016 */  bc1fl   .L8099570C                 
/* 00F04 809956B4 8FBF001C */  lw      $ra, 0x001C($sp)           
/* 00F08 809956B8 C600015C */  lwc1    $f0, 0x015C($s0)           ## 0000015C
/* 00F0C 809956BC 44812000 */  mtc1    $at, $f4                   ## $f4 = 24.00
/* 00F10 809956C0 3C0141E0 */  lui     $at, 0x41E0                ## $at = 41E00000
/* 00F14 809956C4 4600203C */  c.lt.s  $f4, $f0                   
/* 00F18 809956C8 00000000 */  nop
/* 00F1C 809956CC 4502000F */  bc1fl   .L8099570C                 
/* 00F20 809956D0 8FBF001C */  lw      $ra, 0x001C($sp)           
/* 00F24 809956D4 44813000 */  mtc1    $at, $f6                   ## $f6 = 28.00
/* 00F28 809956D8 240E0055 */  addiu   $t6, $zero, 0x0055         ## $t6 = 00000055
/* 00F2C 809956DC 240F00FE */  addiu   $t7, $zero, 0x00FE         ## $t7 = 000000FE
/* 00F30 809956E0 4606003C */  c.lt.s  $f0, $f6                   
/* 00F34 809956E4 3C0144FA */  lui     $at, 0x44FA                ## $at = 44FA0000
/* 00F38 809956E8 02002025 */  or      $a0, $s0, $zero            ## $a0 = 00000000
/* 00F3C 809956EC 45020007 */  bc1fl   .L8099570C                 
/* 00F40 809956F0 8FBF001C */  lw      $ra, 0x001C($sp)           
/* 00F44 809956F4 44814000 */  mtc1    $at, $f8                   ## $f8 = 2000.00
/* 00F48 809956F8 A20E011F */  sb      $t6, 0x011F($s0)           ## 0000011F
/* 00F4C 809956FC A20F00B6 */  sb      $t7, 0x00B6($s0)           ## 000000B6
/* 00F50 80995700 0C2655C7 */  jal     func_8099571C              
/* 00F54 80995704 E6080054 */  swc1    $f8, 0x0054($s0)           ## 00000054
.L80995708:
/* 00F58 80995708 8FBF001C */  lw      $ra, 0x001C($sp)           
.L8099570C:
/* 00F5C 8099570C 8FB00018 */  lw      $s0, 0x0018($sp)           
/* 00F60 80995710 27BD0028 */  addiu   $sp, $sp, 0x0028           ## $sp = 00000000
/* 00F64 80995714 03E00008 */  jr      $ra                        
/* 00F68 80995718 00000000 */  nop


glabel func_8099571C
/* 00F6C 8099571C 27BDFFE0 */  addiu   $sp, $sp, 0xFFE0           ## $sp = FFFFFFE0
/* 00F70 80995720 AFB00018 */  sw      $s0, 0x0018($sp)           
/* 00F74 80995724 00808025 */  or      $s0, $a0, $zero            ## $s0 = 00000000
/* 00F78 80995728 AFBF001C */  sw      $ra, 0x001C($sp)           
/* 00F7C 8099572C 02002025 */  or      $a0, $s0, $zero            ## $a0 = 00000000
/* 00F80 80995730 0C02E3B2 */  jal     func_800B8EC8              
/* 00F84 80995734 24053831 */  addiu   $a1, $zero, 0x3831         ## $a1 = 00003831
/* 00F88 80995738 860203DE */  lh      $v0, 0x03DE($s0)           ## 000003DE
/* 00F8C 8099573C 44802000 */  mtc1    $zero, $f4                 ## $f4 = 0.00
/* 00F90 80995740 24010009 */  addiu   $at, $zero, 0x0009         ## $at = 00000009
/* 00F94 80995744 A60003DC */  sh      $zero, 0x03DC($s0)         ## 000003DC
/* 00F98 80995748 14410010 */  bne     $v0, $at, .L8099578C       
/* 00F9C 8099574C E60400CC */  swc1    $f4, 0x00CC($s0)           ## 000000CC
/* 00FA0 80995750 3C058099 */  lui     $a1, %hi(D_80997330)       ## $a1 = 80990000
/* 00FA4 80995754 24A57330 */  addiu   $a1, $a1, %lo(D_80997330)  ## $a1 = 80997330
/* 00FA8 80995758 26040144 */  addiu   $a0, $s0, 0x0144           ## $a0 = 00000144
/* 00FAC 8099575C 0C02F717 */  jal     func_800BDC5C              
/* 00FB0 80995760 24060008 */  addiu   $a2, $zero, 0x0008         ## $a2 = 00000008
/* 00FB4 80995764 3C018099 */  lui     $at, %hi(D_80997598)       ## $at = 80990000
/* 00FB8 80995768 C4267598 */  lwc1    $f6, %lo(D_80997598)($at)  
/* 00FBC 8099576C 3C01BF80 */  lui     $at, 0xBF80                ## $at = BF800000
/* 00FC0 80995770 44814000 */  mtc1    $at, $f8                   ## $f8 = -1.00
/* 00FC4 80995774 3C014040 */  lui     $at, 0x4040                ## $at = 40400000
/* 00FC8 80995778 44815000 */  mtc1    $at, $f10                  ## $f10 = 3.00
/* 00FCC 8099577C E6060070 */  swc1    $f6, 0x0070($s0)           ## 00000070
/* 00FD0 80995780 E6080074 */  swc1    $f8, 0x0074($s0)           ## 00000074
/* 00FD4 80995784 1000001A */  beq     $zero, $zero, .L809957F0   
/* 00FD8 80995788 E60A0068 */  swc1    $f10, 0x0068($s0)          ## 00000068
.L8099578C:
/* 00FDC 8099578C 2401000A */  addiu   $at, $zero, 0x000A         ## $at = 0000000A
/* 00FE0 80995790 14410007 */  bne     $v0, $at, .L809957B0       
/* 00FE4 80995794 26040144 */  addiu   $a0, $s0, 0x0144           ## $a0 = 00000144
/* 00FE8 80995798 3C058099 */  lui     $a1, %hi(D_80997330)       ## $a1 = 80990000
/* 00FEC 8099579C 24A57330 */  addiu   $a1, $a1, %lo(D_80997330)  ## $a1 = 80997330
/* 00FF0 809957A0 0C02F717 */  jal     func_800BDC5C              
/* 00FF4 809957A4 24060008 */  addiu   $a2, $zero, 0x0008         ## $a2 = 00000008
/* 00FF8 809957A8 10000011 */  beq     $zero, $zero, .L809957F0   
/* 00FFC 809957AC 00000000 */  nop
.L809957B0:
/* 01000 809957B0 2401000B */  addiu   $at, $zero, 0x000B         ## $at = 0000000B
/* 01004 809957B4 1441000E */  bne     $v0, $at, .L809957F0       
/* 01008 809957B8 26040144 */  addiu   $a0, $s0, 0x0144           ## $a0 = 00000144
/* 0100C 809957BC 3C058099 */  lui     $a1, %hi(D_80997330)       ## $a1 = 80990000
/* 01010 809957C0 24A57330 */  addiu   $a1, $a1, %lo(D_80997330)  ## $a1 = 80997330
/* 01014 809957C4 0C02F717 */  jal     func_800BDC5C              
/* 01018 809957C8 24060009 */  addiu   $a2, $zero, 0x0009         ## $a2 = 00000009
/* 0101C 809957CC 3C018099 */  lui     $at, %hi(D_8099759C)       ## $at = 80990000
/* 01020 809957D0 C430759C */  lwc1    $f16, %lo(D_8099759C)($at) 
/* 01024 809957D4 3C01BF80 */  lui     $at, 0xBF80                ## $at = BF800000
/* 01028 809957D8 44819000 */  mtc1    $at, $f18                  ## $f18 = -1.00
/* 0102C 809957DC 3C014000 */  lui     $at, 0x4000                ## $at = 40000000
/* 01030 809957E0 44812000 */  mtc1    $at, $f4                   ## $f4 = 2.00
/* 01034 809957E4 E6100070 */  swc1    $f16, 0x0070($s0)          ## 00000070
/* 01038 809957E8 E6120074 */  swc1    $f18, 0x0074($s0)          ## 00000074
/* 0103C 809957EC E6040068 */  swc1    $f4, 0x0068($s0)           ## 00000068
.L809957F0:
/* 01040 809957F0 3C0F8099 */  lui     $t7, %hi(func_80995818)    ## $t7 = 80990000
/* 01044 809957F4 240E000D */  addiu   $t6, $zero, 0x000D         ## $t6 = 0000000D
/* 01048 809957F8 25EF5818 */  addiu   $t7, $t7, %lo(func_80995818) ## $t7 = 80995818
/* 0104C 809957FC A60E03DE */  sh      $t6, 0x03DE($s0)           ## 000003DE
/* 01050 80995800 AE0F0228 */  sw      $t7, 0x0228($s0)           ## 00000228
/* 01054 80995804 8FBF001C */  lw      $ra, 0x001C($sp)           
/* 01058 80995808 8FB00018 */  lw      $s0, 0x0018($sp)           
/* 0105C 8099580C 27BD0020 */  addiu   $sp, $sp, 0x0020           ## $sp = 00000000
/* 01060 80995810 03E00008 */  jr      $ra                        
/* 01064 80995814 00000000 */  nop


glabel func_80995818
/* 01068 80995818 27BDFFC8 */  addiu   $sp, $sp, 0xFFC8           ## $sp = FFFFFFC8
/* 0106C 8099581C AFB40030 */  sw      $s4, 0x0030($sp)           
/* 01070 80995820 AFB20028 */  sw      $s2, 0x0028($sp)           
/* 01074 80995824 00809025 */  or      $s2, $a0, $zero            ## $s2 = 00000000
/* 01078 80995828 00A0A025 */  or      $s4, $a1, $zero            ## $s4 = 00000000
/* 0107C 8099582C AFBF0034 */  sw      $ra, 0x0034($sp)           
/* 01080 80995830 AFB3002C */  sw      $s3, 0x002C($sp)           
/* 01084 80995834 AFB10024 */  sw      $s1, 0x0024($sp)           
/* 01088 80995838 AFB00020 */  sw      $s0, 0x0020($sp)           
/* 0108C 8099583C 264400CC */  addiu   $a0, $s2, 0x00CC           ## $a0 = 000000CC
/* 01090 80995840 3C0541C8 */  lui     $a1, 0x41C8                ## $a1 = 41C80000
/* 01094 80995844 3C063F80 */  lui     $a2, 0x3F80                ## $a2 = 3F800000
/* 01098 80995848 0C03FF7E */  jal     func_800FFDF8              
/* 0109C 8099584C 3C074020 */  lui     $a3, 0x4020                ## $a3 = 40200000
/* 010A0 80995850 240E0064 */  addiu   $t6, $zero, 0x0064         ## $t6 = 00000064
/* 010A4 80995854 AFAE0010 */  sw      $t6, 0x0010($sp)           
/* 010A8 80995858 264400BC */  addiu   $a0, $s2, 0x00BC           ## $a0 = 000000BC
/* 010AC 8099585C 00002825 */  or      $a1, $zero, $zero          ## $a1 = 00000000
/* 010B0 80995860 24060010 */  addiu   $a2, $zero, 0x0010         ## $a2 = 00000010
/* 010B4 80995864 0C03FFAF */  jal     func_800FFEBC              
/* 010B8 80995868 240707D0 */  addiu   $a3, $zero, 0x07D0         ## $a3 = 000007D0
/* 010BC 8099586C 26440144 */  addiu   $a0, $s2, 0x0144           ## $a0 = 00000144
/* 010C0 80995870 0C04DE2E */  jal     func_801378B8              
/* 010C4 80995874 8E450154 */  lw      $a1, 0x0154($s2)           ## 00000154
/* 010C8 80995878 10400006 */  beq     $v0, $zero, .L80995894     
/* 010CC 8099587C 3C01C000 */  lui     $at, 0xC000                ## $at = C0000000
/* 010D0 80995880 44812000 */  mtc1    $at, $f4                   ## $f4 = -2.00
/* 010D4 80995884 A64000BC */  sh      $zero, 0x00BC($s2)         ## 000000BC
/* 010D8 80995888 02402025 */  or      $a0, $s2, $zero            ## $a0 = 00000000
/* 010DC 8099588C 0C26568C */  jal     func_80995A30              
/* 010E0 80995890 E6440074 */  swc1    $f4, 0x0074($s2)           ## 00000074
.L80995894:
/* 010E4 80995894 964F0090 */  lhu     $t7, 0x0090($s2)           ## 00000090
/* 010E8 80995898 00008025 */  or      $s0, $zero, $zero          ## $s0 = 00000000
/* 010EC 8099589C 31F80002 */  andi    $t8, $t7, 0x0002           ## $t8 = 00000000
/* 010F0 809958A0 5300000D */  beql    $t8, $zero, .L809958D8     
/* 010F4 809958A4 8FBF0034 */  lw      $ra, 0x0034($sp)           
/* 010F8 809958A8 44803000 */  mtc1    $zero, $f6                 ## $f6 = 0.00
/* 010FC 809958AC 26510024 */  addiu   $s1, $s2, 0x0024           ## $s1 = 00000024
/* 01100 809958B0 2413000A */  addiu   $s3, $zero, 0x000A         ## $s3 = 0000000A
/* 01104 809958B4 E6460070 */  swc1    $f6, 0x0070($s2)           ## 00000070
/* 01108 809958B8 02802025 */  or      $a0, $s4, $zero            ## $a0 = 00000000
.L809958BC:
/* 0110C 809958BC 02402825 */  or      $a1, $s2, $zero            ## $a1 = 00000000
/* 01110 809958C0 0C2651EC */  jal     func_809947B0              
/* 01114 809958C4 02203025 */  or      $a2, $s1, $zero            ## $a2 = 00000024
/* 01118 809958C8 26100001 */  addiu   $s0, $s0, 0x0001           ## $s0 = 00000001
/* 0111C 809958CC 5613FFFB */  bnel    $s0, $s3, .L809958BC       
/* 01120 809958D0 02802025 */  or      $a0, $s4, $zero            ## $a0 = 00000000
/* 01124 809958D4 8FBF0034 */  lw      $ra, 0x0034($sp)           
.L809958D8:
/* 01128 809958D8 8FB00020 */  lw      $s0, 0x0020($sp)           
/* 0112C 809958DC 8FB10024 */  lw      $s1, 0x0024($sp)           
/* 01130 809958E0 8FB20028 */  lw      $s2, 0x0028($sp)           
/* 01134 809958E4 8FB3002C */  lw      $s3, 0x002C($sp)           
/* 01138 809958E8 8FB40030 */  lw      $s4, 0x0030($sp)           
/* 0113C 809958EC 03E00008 */  jr      $ra                        
/* 01140 809958F0 27BD0038 */  addiu   $sp, $sp, 0x0038           ## $sp = 00000000


glabel func_809958F4
/* 01144 809958F4 27BDFFD0 */  addiu   $sp, $sp, 0xFFD0           ## $sp = FFFFFFD0
/* 01148 809958F8 AFB00028 */  sw      $s0, 0x0028($sp)           
/* 0114C 809958FC 00808025 */  or      $s0, $a0, $zero            ## $s0 = 00000000
/* 01150 80995900 AFBF002C */  sw      $ra, 0x002C($sp)           
/* 01154 80995904 3C040600 */  lui     $a0, 0x0600                ## $a0 = 06000000
/* 01158 80995908 0C04D1D2 */  jal     func_80134748              
/* 0115C 8099590C 24843584 */  addiu   $a0, $a0, 0x3584           ## $a0 = 06003584
/* 01160 80995910 44822000 */  mtc1    $v0, $f4                   ## $f4 = 0.00
/* 01164 80995914 3C01C080 */  lui     $at, 0xC080                ## $at = C0800000
/* 01168 80995918 44814000 */  mtc1    $at, $f8                   ## $f8 = -4.00
/* 0116C 8099591C 46802120 */  cvt.s.w $f4, $f4                   
/* 01170 80995920 44803000 */  mtc1    $zero, $f6                 ## $f6 = 0.00
/* 01174 80995924 3C050600 */  lui     $a1, 0x0600                ## $a1 = 06000000
/* 01178 80995928 240E0002 */  addiu   $t6, $zero, 0x0002         ## $t6 = 00000002
/* 0117C 8099592C AFAE0014 */  sw      $t6, 0x0014($sp)           
/* 01180 80995930 24A53584 */  addiu   $a1, $a1, 0x3584           ## $a1 = 06003584
/* 01184 80995934 44072000 */  mfc1    $a3, $f4                   
/* 01188 80995938 26040144 */  addiu   $a0, $s0, 0x0144           ## $a0 = 00000144
/* 0118C 8099593C 3C06BF80 */  lui     $a2, 0xBF80                ## $a2 = BF800000
/* 01190 80995940 E7A80018 */  swc1    $f8, 0x0018($sp)           
/* 01194 80995944 0C04DCFA */  jal     func_801373E8              
/* 01198 80995948 E7A60010 */  swc1    $f6, 0x0010($sp)           
/* 0119C 8099594C 8E0F0004 */  lw      $t7, 0x0004($s0)           ## 00000004
/* 011A0 80995950 44805000 */  mtc1    $zero, $f10                ## $f10 = 0.00
/* 011A4 80995954 2401FFFE */  addiu   $at, $zero, 0xFFFE         ## $at = FFFFFFFE
/* 011A8 80995958 01E1C024 */  and     $t8, $t7, $at              
/* 011AC 8099595C A20003E4 */  sb      $zero, 0x03E4($s0)         ## 000003E4
/* 011B0 80995960 AE180004 */  sw      $t8, 0x0004($s0)           ## 00000004
/* 011B4 80995964 02002025 */  or      $a0, $s0, $zero            ## $a0 = 00000000
/* 011B8 80995968 24053987 */  addiu   $a1, $zero, 0x3987         ## $a1 = 00003987
/* 011BC 8099596C 0C02E3B2 */  jal     func_800B8EC8              
/* 011C0 80995970 E60A0070 */  swc1    $f10, 0x0070($s0)          ## 00000070
/* 011C4 80995974 3C088099 */  lui     $t0, %hi(func_8099599C)    ## $t0 = 80990000
/* 011C8 80995978 24190001 */  addiu   $t9, $zero, 0x0001         ## $t9 = 00000001
/* 011CC 8099597C 2508599C */  addiu   $t0, $t0, %lo(func_8099599C) ## $t0 = 8099599C
/* 011D0 80995980 A61903DE */  sh      $t9, 0x03DE($s0)           ## 000003DE
/* 011D4 80995984 AE080228 */  sw      $t0, 0x0228($s0)           ## 00000228
/* 011D8 80995988 8FBF002C */  lw      $ra, 0x002C($sp)           
/* 011DC 8099598C 8FB00028 */  lw      $s0, 0x0028($sp)           
/* 011E0 80995990 27BD0030 */  addiu   $sp, $sp, 0x0030           ## $sp = 00000000
/* 011E4 80995994 03E00008 */  jr      $ra                        
/* 011E8 80995998 00000000 */  nop


glabel func_8099599C
/* 011EC 8099599C 27BDFFE0 */  addiu   $sp, $sp, 0xFFE0           ## $sp = FFFFFFE0
/* 011F0 809959A0 AFB00018 */  sw      $s0, 0x0018($sp)           
/* 011F4 809959A4 00808025 */  or      $s0, $a0, $zero            ## $s0 = 00000000
/* 011F8 809959A8 AFBF001C */  sw      $ra, 0x001C($sp)           
/* 011FC 809959AC AFA50024 */  sw      $a1, 0x0024($sp)           
/* 01200 809959B0 260400C4 */  addiu   $a0, $s0, 0x00C4           ## $a0 = 000000C4
/* 01204 809959B4 3C05C5FA */  lui     $a1, 0xC5FA                ## $a1 = C5FA0000
/* 01208 809959B8 3C063F80 */  lui     $a2, 0x3F80                ## $a2 = 3F800000
/* 0120C 809959BC 0C03FF7E */  jal     func_800FFDF8              
/* 01210 809959C0 3C0743FA */  lui     $a3, 0x43FA                ## $a3 = 43FA0000
/* 01214 809959C4 8FA40024 */  lw      $a0, 0x0024($sp)           
/* 01218 809959C8 3C0E0002 */  lui     $t6, 0x0002                ## $t6 = 00020000
/* 0121C 809959CC 02002825 */  or      $a1, $s0, $zero            ## $a1 = 00000000
/* 01220 809959D0 01C47021 */  addu    $t6, $t6, $a0              
/* 01224 809959D4 8DCE8840 */  lw      $t6, -0x77C0($t6)          ## 00018840
/* 01228 809959D8 31CF0001 */  andi    $t7, $t6, 0x0001           ## $t7 = 00000000
/* 0122C 809959DC 51E00004 */  beql    $t7, $zero, .L809959F0     
/* 01230 809959E0 260400CC */  addiu   $a0, $s0, 0x00CC           ## $a0 = 000000CC
/* 01234 809959E4 0C2651EC */  jal     func_809947B0              
/* 01238 809959E8 26060024 */  addiu   $a2, $s0, 0x0024           ## $a2 = 00000024
/* 0123C 809959EC 260400CC */  addiu   $a0, $s0, 0x00CC           ## $a0 = 000000CC
.L809959F0:
/* 01240 809959F0 24050000 */  addiu   $a1, $zero, 0x0000         ## $a1 = 00000000
/* 01244 809959F4 3C063F80 */  lui     $a2, 0x3F80                ## $a2 = 3F800000
/* 01248 809959F8 0C03FF7E */  jal     func_800FFDF8              
/* 0124C 809959FC 3C074020 */  lui     $a3, 0x4020                ## $a3 = 40200000
/* 01250 80995A00 26040144 */  addiu   $a0, $s0, 0x0144           ## $a0 = 00000144
/* 01254 80995A04 0C04DE2E */  jal     func_801378B8              
/* 01258 80995A08 8E050154 */  lw      $a1, 0x0154($s0)           ## 00000154
/* 0125C 80995A0C 50400004 */  beql    $v0, $zero, .L80995A20     
/* 01260 80995A10 8FBF001C */  lw      $ra, 0x001C($sp)           
/* 01264 80995A14 0C02D9C3 */  jal     func_800B670C              
/* 01268 80995A18 02002025 */  or      $a0, $s0, $zero            ## $a0 = 00000000
/* 0126C 80995A1C 8FBF001C */  lw      $ra, 0x001C($sp)           
.L80995A20:
/* 01270 80995A20 8FB00018 */  lw      $s0, 0x0018($sp)           
/* 01274 80995A24 27BD0020 */  addiu   $sp, $sp, 0x0020           ## $sp = 00000000
/* 01278 80995A28 03E00008 */  jr      $ra                        
/* 0127C 80995A2C 00000000 */  nop


glabel func_80995A30
/* 01280 80995A30 27BDFFE8 */  addiu   $sp, $sp, 0xFFE8           ## $sp = FFFFFFE8
/* 01284 80995A34 AFBF0014 */  sw      $ra, 0x0014($sp)           
/* 01288 80995A38 00803825 */  or      $a3, $a0, $zero            ## $a3 = 00000000
/* 0128C 80995A3C 3C058099 */  lui     $a1, %hi(D_80997330)       ## $a1 = 80990000
/* 01290 80995A40 24A57330 */  addiu   $a1, $a1, %lo(D_80997330)  ## $a1 = 80997330
/* 01294 80995A44 24E40144 */  addiu   $a0, $a3, 0x0144           ## $a0 = 00000144
/* 01298 80995A48 00003025 */  or      $a2, $zero, $zero          ## $a2 = 00000000
/* 0129C 80995A4C 0C02F717 */  jal     func_800BDC5C              
/* 012A0 80995A50 AFA70018 */  sw      $a3, 0x0018($sp)           
/* 012A4 80995A54 8FA70018 */  lw      $a3, 0x0018($sp)           
/* 012A8 80995A58 3C018099 */  lui     $at, %hi(D_809975A0)       ## $at = 80990000
/* 012AC 80995A5C C42475A0 */  lwc1    $f4, %lo(D_809975A0)($at)  
/* 012B0 80995A60 3C0F8099 */  lui     $t7, %hi(func_80995A8C)    ## $t7 = 80990000
/* 012B4 80995A64 240E0002 */  addiu   $t6, $zero, 0x0002         ## $t6 = 00000002
/* 012B8 80995A68 25EF5A8C */  addiu   $t7, $t7, %lo(func_80995A8C) ## $t7 = 80995A8C
/* 012BC 80995A6C A4E003DA */  sh      $zero, 0x03DA($a3)         ## 000003DA
/* 012C0 80995A70 A4EE03DE */  sh      $t6, 0x03DE($a3)           ## 000003DE
/* 012C4 80995A74 ACEF0228 */  sw      $t7, 0x0228($a3)           ## 00000228
/* 012C8 80995A78 E4E40070 */  swc1    $f4, 0x0070($a3)           ## 00000070
/* 012CC 80995A7C 8FBF0014 */  lw      $ra, 0x0014($sp)           
/* 012D0 80995A80 27BD0018 */  addiu   $sp, $sp, 0x0018           ## $sp = 00000000
/* 012D4 80995A84 03E00008 */  jr      $ra                        
/* 012D8 80995A88 00000000 */  nop


glabel func_80995A8C
/* 012DC 80995A8C 27BDFFD0 */  addiu   $sp, $sp, 0xFFD0           ## $sp = FFFFFFD0
/* 012E0 80995A90 AFB00020 */  sw      $s0, 0x0020($sp)           
/* 012E4 80995A94 00808025 */  or      $s0, $a0, $zero            ## $s0 = 00000000
/* 012E8 80995A98 AFBF0024 */  sw      $ra, 0x0024($sp)           
/* 012EC 80995A9C AFA50034 */  sw      $a1, 0x0034($sp)           
/* 012F0 80995AA0 0C04900F */  jal     func_8012403C              
/* 012F4 80995AA4 8FA40034 */  lw      $a0, 0x0034($sp)           
/* 012F8 80995AA8 2401000F */  addiu   $at, $zero, 0x000F         ## $at = 0000000F
/* 012FC 80995AAC 14410013 */  bne     $v0, $at, .L80995AFC       
/* 01300 80995AB0 240800FF */  addiu   $t0, $zero, 0x00FF         ## $t0 = 000000FF
/* 01304 80995AB4 8E0E0004 */  lw      $t6, 0x0004($s0)           ## 00000004
/* 01308 80995AB8 2401FFFA */  addiu   $at, $zero, 0xFFFA         ## $at = FFFFFFFA
/* 0130C 80995ABC 240900FE */  addiu   $t1, $zero, 0x00FE         ## $t1 = 000000FE
/* 01310 80995AC0 01C17824 */  and     $t7, $t6, $at              
/* 01314 80995AC4 AE0F0004 */  sw      $t7, 0x0004($s0)           ## 00000004
/* 01318 80995AC8 35F90009 */  ori     $t9, $t7, 0x0009           ## $t9 = 00000009
/* 0131C 80995ACC 3C058099 */  lui     $a1, %hi(D_80997330)       ## $a1 = 80990000
/* 01320 80995AD0 AE190004 */  sw      $t9, 0x0004($s0)           ## 00000004
/* 01324 80995AD4 A208011F */  sb      $t0, 0x011F($s0)           ## 0000011F
/* 01328 80995AD8 A20900B6 */  sb      $t1, 0x00B6($s0)           ## 000000B6
/* 0132C 80995ADC 24A57330 */  addiu   $a1, $a1, %lo(D_80997330)  ## $a1 = 80997330
/* 01330 80995AE0 26040144 */  addiu   $a0, $s0, 0x0144           ## $a0 = 00000144
/* 01334 80995AE4 0C02F717 */  jal     func_800BDC5C              
/* 01338 80995AE8 2406000C */  addiu   $a2, $zero, 0x000C         ## $a2 = 0000000C
/* 0133C 80995AEC 0C265413 */  jal     func_8099504C              
/* 01340 80995AF0 02002025 */  or      $a0, $s0, $zero            ## $a0 = 00000000
/* 01344 80995AF4 10000047 */  beq     $zero, $zero, .L80995C14   
/* 01348 80995AF8 8FBF0024 */  lw      $ra, 0x0024($sp)           
.L80995AFC:
/* 0134C 80995AFC 860A03D8 */  lh      $t2, 0x03D8($s0)           ## 000003D8
/* 01350 80995B00 8FAB0034 */  lw      $t3, 0x0034($sp)           
/* 01354 80995B04 3C0C0002 */  lui     $t4, 0x0002                ## $t4 = 00020000
/* 01358 80995B08 1140000C */  beq     $t2, $zero, .L80995B3C     
/* 0135C 80995B0C 018B6021 */  addu    $t4, $t4, $t3              
/* 01360 80995B10 8D8C8840 */  lw      $t4, -0x77C0($t4)          ## 00018840
/* 01364 80995B14 3C018099 */  lui     $at, %hi(D_809975A4)       ## $at = 80990000
/* 01368 80995B18 318D000F */  andi    $t5, $t4, 0x000F           ## $t5 = 00000000
/* 0136C 80995B1C 55A00008 */  bnel    $t5, $zero, .L80995B40     
/* 01370 80995B20 86180092 */  lh      $t8, 0x0092($s0)           ## 00000092
/* 01374 80995B24 0C05E570 */  jal     func_801795C0              
/* 01378 80995B28 C42C75A4 */  lwc1    $f12, %lo(D_809975A4)($at) 
/* 0137C 80995B2C 4600010D */  trunc.w.s $f4, $f0                   
/* 01380 80995B30 440F2000 */  mfc1    $t7, $f4                   
/* 01384 80995B34 00000000 */  nop
/* 01388 80995B38 A60F03DA */  sh      $t7, 0x03DA($s0)           ## 000003DA
.L80995B3C:
/* 0138C 80995B3C 86180092 */  lh      $t8, 0x0092($s0)           ## 00000092
.L80995B40:
/* 01390 80995B40 861903DA */  lh      $t9, 0x03DA($s0)           ## 000003DA
/* 01394 80995B44 AFA00010 */  sw      $zero, 0x0010($sp)         
/* 01398 80995B48 260400BE */  addiu   $a0, $s0, 0x00BE           ## $a0 = 000000BE
/* 0139C 80995B4C 03192821 */  addu    $a1, $t8, $t9              
/* 013A0 80995B50 00052C00 */  sll     $a1, $a1, 16               
/* 013A4 80995B54 00052C03 */  sra     $a1, $a1, 16               
/* 013A8 80995B58 24060001 */  addiu   $a2, $zero, 0x0001         ## $a2 = 00000001
/* 013AC 80995B5C 0C03FFAF */  jal     func_800FFEBC              
/* 013B0 80995B60 240702EE */  addiu   $a3, $zero, 0x02EE         ## $a3 = 000002EE
/* 013B4 80995B64 860800BE */  lh      $t0, 0x00BE($s0)           ## 000000BE
/* 013B8 80995B68 26040144 */  addiu   $a0, $s0, 0x0144           ## $a0 = 00000144
/* 013BC 80995B6C 3C054100 */  lui     $a1, 0x4100                ## $a1 = 41000000
/* 013C0 80995B70 A6080032 */  sh      $t0, 0x0032($s0)           ## 00000032
/* 013C4 80995B74 0C04DE2E */  jal     func_801378B8              
/* 013C8 80995B78 AFA4002C */  sw      $a0, 0x002C($sp)           
/* 013CC 80995B7C 14400004 */  bne     $v0, $zero, .L80995B90     
/* 013D0 80995B80 8FA4002C */  lw      $a0, 0x002C($sp)           
/* 013D4 80995B84 0C04DE2E */  jal     func_801378B8              
/* 013D8 80995B88 3C054170 */  lui     $a1, 0x4170                ## $a1 = 41700000
/* 013DC 80995B8C 10400003 */  beq     $v0, $zero, .L80995B9C     
.L80995B90:
/* 013E0 80995B90 02002025 */  or      $a0, $s0, $zero            ## $a0 = 00000000
/* 013E4 80995B94 0C02E3B2 */  jal     func_800B8EC8              
/* 013E8 80995B98 24053830 */  addiu   $a1, $zero, 0x3830         ## $a1 = 00003830
.L80995B9C:
/* 013EC 80995B9C 3C014448 */  lui     $at, 0x4448                ## $at = 44480000
/* 013F0 80995BA0 44813000 */  mtc1    $at, $f6                   ## $f6 = 800.00
/* 013F4 80995BA4 C6080098 */  lwc1    $f8, 0x0098($s0)           ## 00000098
/* 013F8 80995BA8 02002025 */  or      $a0, $s0, $zero            ## $a0 = 00000000
/* 013FC 80995BAC 4608303C */  c.lt.s  $f6, $f8                   
/* 01400 80995BB0 00000000 */  nop
/* 01404 80995BB4 45010005 */  bc1t    .L80995BCC                 
/* 01408 80995BB8 00000000 */  nop
/* 0140C 80995BBC 0C265965 */  jal     func_80996594              
/* 01410 80995BC0 8FA50034 */  lw      $a1, 0x0034($sp)           
/* 01414 80995BC4 10400005 */  beq     $v0, $zero, .L80995BDC     
/* 01418 80995BC8 02002025 */  or      $a0, $s0, $zero            ## $a0 = 00000000
.L80995BCC:
/* 0141C 80995BCC 0C26563D */  jal     func_809958F4              
/* 01420 80995BD0 02002025 */  or      $a0, $s0, $zero            ## $a0 = 00000000
/* 01424 80995BD4 1000000F */  beq     $zero, $zero, .L80995C14   
/* 01428 80995BD8 8FBF0024 */  lw      $ra, 0x0024($sp)           
.L80995BDC:
/* 0142C 80995BDC 0C02DCF8 */  jal     func_800B73E0              
/* 01430 80995BE0 240511C7 */  addiu   $a1, $zero, 0x11C7         ## $a1 = 000011C7
/* 01434 80995BE4 1040000A */  beq     $v0, $zero, .L80995C10     
/* 01438 80995BE8 3C014270 */  lui     $at, 0x4270                ## $at = 42700000
/* 0143C 80995BEC C60A0098 */  lwc1    $f10, 0x0098($s0)          ## 00000098
/* 01440 80995BF0 44818000 */  mtc1    $at, $f16                  ## $f16 = 60.00
/* 01444 80995BF4 00000000 */  nop
/* 01448 80995BF8 4610503C */  c.lt.s  $f10, $f16                 
/* 0144C 80995BFC 00000000 */  nop
/* 01450 80995C00 45020004 */  bc1fl   .L80995C14                 
/* 01454 80995C04 8FBF0024 */  lw      $ra, 0x0024($sp)           
/* 01458 80995C08 0C265709 */  jal     func_80995C24              
/* 0145C 80995C0C 02002025 */  or      $a0, $s0, $zero            ## $a0 = 00000000
.L80995C10:
/* 01460 80995C10 8FBF0024 */  lw      $ra, 0x0024($sp)           
.L80995C14:
/* 01464 80995C14 8FB00020 */  lw      $s0, 0x0020($sp)           
/* 01468 80995C18 27BD0030 */  addiu   $sp, $sp, 0x0030           ## $sp = 00000000
/* 0146C 80995C1C 03E00008 */  jr      $ra                        
/* 01470 80995C20 00000000 */  nop


glabel func_80995C24
/* 01474 80995C24 27BDFFE8 */  addiu   $sp, $sp, 0xFFE8           ## $sp = FFFFFFE8
/* 01478 80995C28 AFBF0014 */  sw      $ra, 0x0014($sp)           
/* 0147C 80995C2C 00803825 */  or      $a3, $a0, $zero            ## $a3 = 00000000
/* 01480 80995C30 3C058099 */  lui     $a1, %hi(D_80997330)       ## $a1 = 80990000
/* 01484 80995C34 24A57330 */  addiu   $a1, $a1, %lo(D_80997330)  ## $a1 = 80997330
/* 01488 80995C38 24E40144 */  addiu   $a0, $a3, 0x0144           ## $a0 = 00000144
/* 0148C 80995C3C 24060002 */  addiu   $a2, $zero, 0x0002         ## $a2 = 00000002
/* 01490 80995C40 0C02F717 */  jal     func_800BDC5C              
/* 01494 80995C44 AFA70018 */  sw      $a3, 0x0018($sp)           
/* 01498 80995C48 8FA70018 */  lw      $a3, 0x0018($sp)           
/* 0149C 80995C4C 44802000 */  mtc1    $zero, $f4                 ## $f4 = 0.00
/* 014A0 80995C50 3C198099 */  lui     $t9, %hi(func_80995C84)    ## $t9 = 80990000
/* 014A4 80995C54 90EE0198 */  lbu     $t6, 0x0198($a3)           ## 00000198
/* 014A8 80995C58 24180003 */  addiu   $t8, $zero, 0x0003         ## $t8 = 00000003
/* 014AC 80995C5C 27395C84 */  addiu   $t9, $t9, %lo(func_80995C84) ## $t9 = 80995C84
/* 014B0 80995C60 31CFFFFB */  andi    $t7, $t6, 0xFFFB           ## $t7 = 00000000
/* 014B4 80995C64 A0EF0198 */  sb      $t7, 0x0198($a3)           ## 00000198
/* 014B8 80995C68 A4F803DE */  sh      $t8, 0x03DE($a3)           ## 000003DE
/* 014BC 80995C6C ACF90228 */  sw      $t9, 0x0228($a3)           ## 00000228
/* 014C0 80995C70 E4E40070 */  swc1    $f4, 0x0070($a3)           ## 00000070
/* 014C4 80995C74 8FBF0014 */  lw      $ra, 0x0014($sp)           
/* 014C8 80995C78 27BD0018 */  addiu   $sp, $sp, 0x0018           ## $sp = 00000000
/* 014CC 80995C7C 03E00008 */  jr      $ra                        
/* 014D0 80995C80 00000000 */  nop


glabel func_80995C84
/* 014D4 80995C84 27BDFFD8 */  addiu   $sp, $sp, 0xFFD8           ## $sp = FFFFFFD8
/* 014D8 80995C88 AFB00018 */  sw      $s0, 0x0018($sp)           
/* 014DC 80995C8C 00808025 */  or      $s0, $a0, $zero            ## $s0 = 00000000
/* 014E0 80995C90 AFBF001C */  sw      $ra, 0x001C($sp)           
/* 014E4 80995C94 AFA5002C */  sw      $a1, 0x002C($sp)           
/* 014E8 80995C98 26040144 */  addiu   $a0, $s0, 0x0144           ## $a0 = 00000144
/* 014EC 80995C9C AFA40024 */  sw      $a0, 0x0024($sp)           
/* 014F0 80995CA0 0C04DE2E */  jal     func_801378B8              
/* 014F4 80995CA4 3C054040 */  lui     $a1, 0x4040                ## $a1 = 40400000
/* 014F8 80995CA8 1040000A */  beq     $v0, $zero, .L80995CD4     
/* 014FC 80995CAC 8FA40024 */  lw      $a0, 0x0024($sp)           
/* 01500 80995CB0 920E03E4 */  lbu     $t6, 0x03E4($s0)           ## 000003E4
/* 01504 80995CB4 24053831 */  addiu   $a1, $zero, 0x3831         ## $a1 = 00003831
/* 01508 80995CB8 15C00006 */  bne     $t6, $zero, .L80995CD4     
/* 0150C 80995CBC 00000000 */  nop
/* 01510 80995CC0 0C02E3B2 */  jal     func_800B8EC8              
/* 01514 80995CC4 02002025 */  or      $a0, $s0, $zero            ## $a0 = 00000000
/* 01518 80995CC8 240F0001 */  addiu   $t7, $zero, 0x0001         ## $t7 = 00000001
/* 0151C 80995CCC 10000006 */  beq     $zero, $zero, .L80995CE8   
/* 01520 80995CD0 A20F03E4 */  sb      $t7, 0x03E4($s0)           ## 000003E4
.L80995CD4:
/* 01524 80995CD4 0C04DE2E */  jal     func_801378B8              
/* 01528 80995CD8 3C0540C0 */  lui     $a1, 0x40C0                ## $a1 = 40C00000
/* 0152C 80995CDC 50400003 */  beql    $v0, $zero, .L80995CEC     
/* 01530 80995CE0 92020198 */  lbu     $v0, 0x0198($s0)           ## 00000198
/* 01534 80995CE4 A20003E4 */  sb      $zero, 0x03E4($s0)         ## 000003E4
.L80995CE8:
/* 01538 80995CE8 92020198 */  lbu     $v0, 0x0198($s0)           ## 00000198
.L80995CEC:
/* 0153C 80995CEC 8FA40024 */  lw      $a0, 0x0024($sp)           
/* 01540 80995CF0 30580004 */  andi    $t8, $v0, 0x0004           ## $t8 = 00000000
/* 01544 80995CF4 13000006 */  beq     $t8, $zero, .L80995D10     
/* 01548 80995CF8 3059FFF9 */  andi    $t9, $v0, 0xFFF9           ## $t9 = 00000000
/* 0154C 80995CFC A2190198 */  sb      $t9, 0x0198($s0)           ## 00000198
/* 01550 80995D00 0C26574F */  jal     func_80995D3C              
/* 01554 80995D04 02002025 */  or      $a0, $s0, $zero            ## $a0 = 00000000
/* 01558 80995D08 10000008 */  beq     $zero, $zero, .L80995D2C   
/* 0155C 80995D0C 8FBF001C */  lw      $ra, 0x001C($sp)           
.L80995D10:
/* 01560 80995D10 0C04DE2E */  jal     func_801378B8              
/* 01564 80995D14 8E050154 */  lw      $a1, 0x0154($s0)           ## 00000154
/* 01568 80995D18 10400003 */  beq     $v0, $zero, .L80995D28     
/* 0156C 80995D1C 02002025 */  or      $a0, $s0, $zero            ## $a0 = 00000000
/* 01570 80995D20 0C26536A */  jal     func_80994DA8              
/* 01574 80995D24 8FA5002C */  lw      $a1, 0x002C($sp)           
.L80995D28:
/* 01578 80995D28 8FBF001C */  lw      $ra, 0x001C($sp)           
.L80995D2C:
/* 0157C 80995D2C 8FB00018 */  lw      $s0, 0x0018($sp)           
/* 01580 80995D30 27BD0028 */  addiu   $sp, $sp, 0x0028           ## $sp = 00000000
/* 01584 80995D34 03E00008 */  jr      $ra                        
/* 01588 80995D38 00000000 */  nop


glabel func_80995D3C
/* 0158C 80995D3C 27BDFFD0 */  addiu   $sp, $sp, 0xFFD0           ## $sp = FFFFFFD0
/* 01590 80995D40 AFB00028 */  sw      $s0, 0x0028($sp)           
/* 01594 80995D44 44800000 */  mtc1    $zero, $f0                 ## $f0 = 0.00
/* 01598 80995D48 00808025 */  or      $s0, $a0, $zero            ## $s0 = 00000000
/* 0159C 80995D4C AFBF002C */  sw      $ra, 0x002C($sp)           
/* 015A0 80995D50 3C013F80 */  lui     $at, 0x3F80                ## $at = 3F800000
/* 015A4 80995D54 44813000 */  mtc1    $at, $f6                   ## $f6 = 1.00
/* 015A8 80995D58 C604015C */  lwc1    $f4, 0x015C($s0)           ## 0000015C
/* 015AC 80995D5C 3C050600 */  lui     $a1, 0x0600                ## $a1 = 06000000
/* 015B0 80995D60 3C06BECC */  lui     $a2, 0xBECC                ## $a2 = BECC0000
/* 015B4 80995D64 46062201 */  sub.s   $f8, $f4, $f6              
/* 015B8 80995D68 240E0003 */  addiu   $t6, $zero, 0x0003         ## $t6 = 00000003
/* 015BC 80995D6C AFAE0014 */  sw      $t6, 0x0014($sp)           
/* 015C0 80995D70 34C6CCCD */  ori     $a2, $a2, 0xCCCD           ## $a2 = BECCCCCD
/* 015C4 80995D74 44074000 */  mfc1    $a3, $f8                   
/* 015C8 80995D78 24A52190 */  addiu   $a1, $a1, 0x2190           ## $a1 = 06002190
/* 015CC 80995D7C E7A00018 */  swc1    $f0, 0x0018($sp)           
/* 015D0 80995D80 E7A00010 */  swc1    $f0, 0x0010($sp)           
/* 015D4 80995D84 0C04DCFA */  jal     func_801373E8              
/* 015D8 80995D88 26040144 */  addiu   $a0, $s0, 0x0144           ## $a0 = 00000144
/* 015DC 80995D8C 920F0198 */  lbu     $t7, 0x0198($s0)           ## 00000198
/* 015E0 80995D90 3C088099 */  lui     $t0, %hi(func_80995DC4)    ## $t0 = 80990000
/* 015E4 80995D94 24190004 */  addiu   $t9, $zero, 0x0004         ## $t9 = 00000004
/* 015E8 80995D98 25085DC4 */  addiu   $t0, $t0, %lo(func_80995DC4) ## $t0 = 80995DC4
/* 015EC 80995D9C 31F8FFFB */  andi    $t8, $t7, 0xFFFB           ## $t8 = 00000000
/* 015F0 80995DA0 A2180198 */  sb      $t8, 0x0198($s0)           ## 00000198
/* 015F4 80995DA4 A61903DE */  sh      $t9, 0x03DE($s0)           ## 000003DE
/* 015F8 80995DA8 A20003E4 */  sb      $zero, 0x03E4($s0)         ## 000003E4
/* 015FC 80995DAC AE080228 */  sw      $t0, 0x0228($s0)           ## 00000228
/* 01600 80995DB0 8FBF002C */  lw      $ra, 0x002C($sp)           
/* 01604 80995DB4 8FB00028 */  lw      $s0, 0x0028($sp)           
/* 01608 80995DB8 27BD0030 */  addiu   $sp, $sp, 0x0030           ## $sp = 00000000
/* 0160C 80995DBC 03E00008 */  jr      $ra                        
/* 01610 80995DC0 00000000 */  nop


glabel func_80995DC4
/* 01614 80995DC4 27BDFFE8 */  addiu   $sp, $sp, 0xFFE8           ## $sp = FFFFFFE8
/* 01618 80995DC8 AFBF0014 */  sw      $ra, 0x0014($sp)           
/* 0161C 80995DCC AFA5001C */  sw      $a1, 0x001C($sp)           
/* 01620 80995DD0 00803025 */  or      $a2, $a0, $zero            ## $a2 = 00000000
/* 01624 80995DD4 8CC50154 */  lw      $a1, 0x0154($a2)           ## 00000154
/* 01628 80995DD8 AFA60018 */  sw      $a2, 0x0018($sp)           
/* 0162C 80995DDC 0C04DE2E */  jal     func_801378B8              
/* 01630 80995DE0 24C40144 */  addiu   $a0, $a2, 0x0144           ## $a0 = 00000144
/* 01634 80995DE4 10400004 */  beq     $v0, $zero, .L80995DF8     
/* 01638 80995DE8 8FA60018 */  lw      $a2, 0x0018($sp)           
/* 0163C 80995DEC 00C02025 */  or      $a0, $a2, $zero            ## $a0 = 00000000
/* 01640 80995DF0 0C26536A */  jal     func_80994DA8              
/* 01644 80995DF4 8FA5001C */  lw      $a1, 0x001C($sp)           
.L80995DF8:
/* 01648 80995DF8 8FBF0014 */  lw      $ra, 0x0014($sp)           
/* 0164C 80995DFC 27BD0018 */  addiu   $sp, $sp, 0x0018           ## $sp = 00000000
/* 01650 80995E00 03E00008 */  jr      $ra                        
/* 01654 80995E04 00000000 */  nop


glabel func_80995E08
/* 01658 80995E08 27BDFFE8 */  addiu   $sp, $sp, 0xFFE8           ## $sp = FFFFFFE8
/* 0165C 80995E0C AFBF0014 */  sw      $ra, 0x0014($sp)           
/* 01660 80995E10 948E0090 */  lhu     $t6, 0x0090($a0)           ## 00000090
/* 01664 80995E14 2405389E */  addiu   $a1, $zero, 0x389E         ## $a1 = 0000389E
/* 01668 80995E18 31CF0001 */  andi    $t7, $t6, 0x0001           ## $t7 = 00000000
/* 0166C 80995E1C 11E00004 */  beq     $t7, $zero, .L80995E30     
/* 01670 80995E20 00000000 */  nop
/* 01674 80995E24 44802000 */  mtc1    $zero, $f4                 ## $f4 = 0.00
/* 01678 80995E28 00000000 */  nop
/* 0167C 80995E2C E4840070 */  swc1    $f4, 0x0070($a0)           ## 00000070
.L80995E30:
/* 01680 80995E30 0C02E3B2 */  jal     func_800B8EC8              
/* 01684 80995E34 AFA40018 */  sw      $a0, 0x0018($sp)           
/* 01688 80995E38 8FA40018 */  lw      $a0, 0x0018($sp)           
/* 0168C 80995E3C 3C198099 */  lui     $t9, %hi(func_80995E64)    ## $t9 = 80990000
/* 01690 80995E40 24180005 */  addiu   $t8, $zero, 0x0005         ## $t8 = 00000005
/* 01694 80995E44 27395E64 */  addiu   $t9, $t9, %lo(func_80995E64) ## $t9 = 80995E64
/* 01698 80995E48 A08003E4 */  sb      $zero, 0x03E4($a0)         ## 000003E4
/* 0169C 80995E4C A49803DE */  sh      $t8, 0x03DE($a0)           ## 000003DE
/* 016A0 80995E50 AC990228 */  sw      $t9, 0x0228($a0)           ## 00000228
/* 016A4 80995E54 8FBF0014 */  lw      $ra, 0x0014($sp)           
/* 016A8 80995E58 27BD0018 */  addiu   $sp, $sp, 0x0018           ## $sp = 00000000
/* 016AC 80995E5C 03E00008 */  jr      $ra                        
/* 016B0 80995E60 00000000 */  nop


glabel func_80995E64
/* 016B4 80995E64 27BDFFE8 */  addiu   $sp, $sp, 0xFFE8           ## $sp = FFFFFFE8
/* 016B8 80995E68 AFBF0014 */  sw      $ra, 0x0014($sp)           
/* 016BC 80995E6C 94820090 */  lhu     $v0, 0x0090($a0)           ## 00000090
/* 016C0 80995E70 304E0002 */  andi    $t6, $v0, 0x0002           ## $t6 = 00000000
/* 016C4 80995E74 51C00005 */  beql    $t6, $zero, .L80995E8C     
/* 016C8 80995E78 304F0001 */  andi    $t7, $v0, 0x0001           ## $t7 = 00000000
/* 016CC 80995E7C 44802000 */  mtc1    $zero, $f4                 ## $f4 = 0.00
/* 016D0 80995E80 94820090 */  lhu     $v0, 0x0090($a0)           ## 00000090
/* 016D4 80995E84 E4840070 */  swc1    $f4, 0x0070($a0)           ## 00000070
/* 016D8 80995E88 304F0001 */  andi    $t7, $v0, 0x0001           ## $t7 = 00000000
.L80995E8C:
/* 016DC 80995E8C 51E0000C */  beql    $t7, $zero, .L80995EC0     
/* 016E0 80995E90 9082011C */  lbu     $v0, 0x011C($a0)           ## 0000011C
/* 016E4 80995E94 C4800070 */  lwc1    $f0, 0x0070($a0)           ## 00000070
/* 016E8 80995E98 44803000 */  mtc1    $zero, $f6                 ## $f6 = 0.00
/* 016EC 80995E9C 3C018099 */  lui     $at, %hi(D_809975A8)       ## $at = 80990000
/* 016F0 80995EA0 4606003C */  c.lt.s  $f0, $f6                   
/* 016F4 80995EA4 00000000 */  nop
/* 016F8 80995EA8 45020005 */  bc1fl   .L80995EC0                 
/* 016FC 80995EAC 9082011C */  lbu     $v0, 0x011C($a0)           ## 0000011C
/* 01700 80995EB0 C42875A8 */  lwc1    $f8, %lo(D_809975A8)($at)  
/* 01704 80995EB4 46080280 */  add.s   $f10, $f0, $f8             
/* 01708 80995EB8 E48A0070 */  swc1    $f10, 0x0070($a0)          ## 00000070
/* 0170C 80995EBC 9082011C */  lbu     $v0, 0x011C($a0)           ## 0000011C
.L80995EC0:
/* 01710 80995EC0 14400023 */  bne     $v0, $zero, .L80995F50     
/* 01714 80995EC4 00000000 */  nop
/* 01718 80995EC8 94980090 */  lhu     $t8, 0x0090($a0)           ## 00000090
/* 0171C 80995ECC 33190001 */  andi    $t9, $t8, 0x0001           ## $t9 = 00000000
/* 01720 80995ED0 1320001F */  beq     $t9, $zero, .L80995F50     
/* 01724 80995ED4 00000000 */  nop
/* 01728 80995ED8 848803DC */  lh      $t0, 0x03DC($a0)           ## 000003DC
/* 0172C 80995EDC 5500000D */  bnel    $t0, $zero, .L80995F14     
/* 01730 80995EE0 848203D6 */  lh      $v0, 0x03D6($a0)           ## 000003D6
/* 01734 80995EE4 908900B7 */  lbu     $t1, 0x00B7($a0)           ## 000000B7
/* 01738 80995EE8 15200005 */  bne     $t1, $zero, .L80995F00     
/* 0173C 80995EEC 00000000 */  nop
/* 01740 80995EF0 0C265879 */  jal     func_809961E4              
/* 01744 80995EF4 00000000 */  nop
/* 01748 80995EF8 10000024 */  beq     $zero, $zero, .L80995F8C   
/* 0174C 80995EFC 8FBF0014 */  lw      $ra, 0x0014($sp)           
.L80995F00:
/* 01750 80995F00 0C26536A */  jal     func_80994DA8              
/* 01754 80995F04 00000000 */  nop
/* 01758 80995F08 10000020 */  beq     $zero, $zero, .L80995F8C   
/* 0175C 80995F0C 8FBF0014 */  lw      $ra, 0x0014($sp)           
/* 01760 80995F10 848203D6 */  lh      $v0, 0x03D6($a0)           ## 000003D6
.L80995F14:
/* 01764 80995F14 24010002 */  addiu   $at, $zero, 0x0002         ## $at = 00000002
/* 01768 80995F18 10410005 */  beq     $v0, $at, .L80995F30       
/* 0176C 80995F1C 24010003 */  addiu   $at, $zero, 0x0003         ## $at = 00000003
/* 01770 80995F20 10410007 */  beq     $v0, $at, .L80995F40       
/* 01774 80995F24 00000000 */  nop
/* 01778 80995F28 10000018 */  beq     $zero, $zero, .L80995F8C   
/* 0177C 80995F2C 8FBF0014 */  lw      $ra, 0x0014($sp)           
.L80995F30:
/* 01780 80995F30 0C2654B6 */  jal     func_809952D8              
/* 01784 80995F34 00000000 */  nop
/* 01788 80995F38 10000014 */  beq     $zero, $zero, .L80995F8C   
/* 0178C 80995F3C 8FBF0014 */  lw      $ra, 0x0014($sp)           
.L80995F40:
/* 01790 80995F40 0C2654FA */  jal     func_809953E8              
/* 01794 80995F44 00000000 */  nop
/* 01798 80995F48 10000010 */  beq     $zero, $zero, .L80995F8C   
/* 0179C 80995F4C 8FBF0014 */  lw      $ra, 0x0014($sp)           
.L80995F50:
/* 017A0 80995F50 5440000E */  bnel    $v0, $zero, .L80995F8C     
/* 017A4 80995F54 8FBF0014 */  lw      $ra, 0x0014($sp)           
/* 017A8 80995F58 848A03DC */  lh      $t2, 0x03DC($a0)           ## 000003DC
/* 017AC 80995F5C 24010001 */  addiu   $at, $zero, 0x0001         ## $at = 00000001
/* 017B0 80995F60 5541000A */  bnel    $t2, $at, .L80995F8C       
/* 017B4 80995F64 8FBF0014 */  lw      $ra, 0x0014($sp)           
/* 017B8 80995F68 848B03D6 */  lh      $t3, 0x03D6($a0)           ## 000003D6
/* 017BC 80995F6C 24010004 */  addiu   $at, $zero, 0x0004         ## $at = 00000004
/* 017C0 80995F70 240C000B */  addiu   $t4, $zero, 0x000B         ## $t4 = 0000000B
/* 017C4 80995F74 15610004 */  bne     $t3, $at, .L80995F88       
/* 017C8 80995F78 3C0D8099 */  lui     $t5, %hi(func_8099556C)    ## $t5 = 80990000
/* 017CC 80995F7C 25AD556C */  addiu   $t5, $t5, %lo(func_8099556C) ## $t5 = 8099556C
/* 017D0 80995F80 A48C03DE */  sh      $t4, 0x03DE($a0)           ## 000003DE
/* 017D4 80995F84 AC8D0228 */  sw      $t5, 0x0228($a0)           ## 00000228
.L80995F88:
/* 017D8 80995F88 8FBF0014 */  lw      $ra, 0x0014($sp)           
.L80995F8C:
/* 017DC 80995F8C 27BD0018 */  addiu   $sp, $sp, 0x0018           ## $sp = 00000000
/* 017E0 80995F90 03E00008 */  jr      $ra                        
/* 017E4 80995F94 00000000 */  nop


glabel func_80995F98
/* 017E8 80995F98 27BDFFE0 */  addiu   $sp, $sp, 0xFFE0           ## $sp = FFFFFFE0
/* 017EC 80995F9C AFB00018 */  sw      $s0, 0x0018($sp)           
/* 017F0 80995FA0 00808025 */  or      $s0, $a0, $zero            ## $s0 = 00000000
/* 017F4 80995FA4 AFBF001C */  sw      $ra, 0x001C($sp)           
/* 017F8 80995FA8 860203DE */  lh      $v0, 0x03DE($s0)           ## 000003DE
/* 017FC 80995FAC 24010009 */  addiu   $at, $zero, 0x0009         ## $at = 00000009
/* 01800 80995FB0 26040144 */  addiu   $a0, $s0, 0x0144           ## $a0 = 00000144
/* 01804 80995FB4 10410004 */  beq     $v0, $at, .L80995FC8       
/* 01808 80995FB8 3C058099 */  lui     $a1, %hi(D_80997330)       ## $a1 = 80990000
/* 0180C 80995FBC 2401000A */  addiu   $at, $zero, 0x000A         ## $at = 0000000A
/* 01810 80995FC0 5441000E */  bnel    $v0, $at, .L80995FFC       
/* 01814 80995FC4 2401000B */  addiu   $at, $zero, 0x000B         ## $at = 0000000B
.L80995FC8:
/* 01818 80995FC8 860E0092 */  lh      $t6, 0x0092($s0)           ## 00000092
/* 0181C 80995FCC 24A57330 */  addiu   $a1, $a1, %lo(D_80997330)  ## $a1 = 80997330
/* 01820 80995FD0 24060008 */  addiu   $a2, $zero, 0x0008         ## $a2 = 00000008
/* 01824 80995FD4 0C02F717 */  jal     func_800BDC5C              
/* 01828 80995FD8 A60E0032 */  sh      $t6, 0x0032($s0)           ## 00000032
/* 0182C 80995FDC 3C01BF80 */  lui     $at, 0xBF80                ## $at = BF800000
/* 01830 80995FE0 44812000 */  mtc1    $at, $f4                   ## $f4 = -1.00
/* 01834 80995FE4 3C013F80 */  lui     $at, 0x3F80                ## $at = 3F800000
/* 01838 80995FE8 44813000 */  mtc1    $at, $f6                   ## $f6 = 1.00
/* 0183C 80995FEC E6040074 */  swc1    $f4, 0x0074($s0)           ## 00000074
/* 01840 80995FF0 10000021 */  beq     $zero, $zero, .L80996078   
/* 01844 80995FF4 E6060070 */  swc1    $f6, 0x0070($s0)           ## 00000070
/* 01848 80995FF8 2401000B */  addiu   $at, $zero, 0x000B         ## $at = 0000000B
.L80995FFC:
/* 0184C 80995FFC 14410010 */  bne     $v0, $at, .L80996040       
/* 01850 80996000 26040144 */  addiu   $a0, $s0, 0x0144           ## $a0 = 00000144
/* 01854 80996004 3C058099 */  lui     $a1, %hi(D_80997330)       ## $a1 = 80990000
/* 01858 80996008 24A57330 */  addiu   $a1, $a1, %lo(D_80997330)  ## $a1 = 80997330
/* 0185C 8099600C 26040144 */  addiu   $a0, $s0, 0x0144           ## $a0 = 00000144
/* 01860 80996010 0C02F717 */  jal     func_800BDC5C              
/* 01864 80996014 24060009 */  addiu   $a2, $zero, 0x0009         ## $a2 = 00000009
/* 01868 80996018 3C018099 */  lui     $at, %hi(D_809975AC)       ## $at = 80990000
/* 0186C 8099601C C42875AC */  lwc1    $f8, %lo(D_809975AC)($at)  
/* 01870 80996020 3C014000 */  lui     $at, 0x4000                ## $at = 40000000
/* 01874 80996024 44815000 */  mtc1    $at, $f10                  ## $f10 = 2.00
/* 01878 80996028 3C01BF80 */  lui     $at, 0xBF80                ## $at = BF800000
/* 0187C 8099602C 44818000 */  mtc1    $at, $f16                  ## $f16 = -1.00
/* 01880 80996030 E6080070 */  swc1    $f8, 0x0070($s0)           ## 00000070
/* 01884 80996034 E60A0068 */  swc1    $f10, 0x0068($s0)          ## 00000068
/* 01888 80996038 1000000F */  beq     $zero, $zero, .L80996078   
/* 0188C 8099603C E6100074 */  swc1    $f16, 0x0074($s0)          ## 00000074
.L80996040:
/* 01890 80996040 860F0092 */  lh      $t7, 0x0092($s0)           ## 00000092
/* 01894 80996044 3C058099 */  lui     $a1, %hi(D_80997330)       ## $a1 = 80990000
/* 01898 80996048 24A57330 */  addiu   $a1, $a1, %lo(D_80997330)  ## $a1 = 80997330
/* 0189C 8099604C 24060003 */  addiu   $a2, $zero, 0x0003         ## $a2 = 00000003
/* 018A0 80996050 0C02F717 */  jal     func_800BDC5C              
/* 018A4 80996054 A60F0032 */  sh      $t7, 0x0032($s0)           ## 00000032
/* 018A8 80996058 96180090 */  lhu     $t8, 0x0090($s0)           ## 00000090
/* 018AC 8099605C 3C01C080 */  lui     $at, 0xC080                ## $at = C0800000
/* 018B0 80996060 33190001 */  andi    $t9, $t8, 0x0001           ## $t9 = 00000000
/* 018B4 80996064 53200005 */  beql    $t9, $zero, .L8099607C     
/* 018B8 80996068 02002025 */  or      $a0, $s0, $zero            ## $a0 = 00000000
/* 018BC 8099606C 44819000 */  mtc1    $at, $f18                  ## $f18 = -4.00
/* 018C0 80996070 00000000 */  nop
/* 018C4 80996074 E6120070 */  swc1    $f18, 0x0070($s0)          ## 00000070
.L80996078:
/* 018C8 80996078 02002025 */  or      $a0, $s0, $zero            ## $a0 = 00000000
.L8099607C:
/* 018CC 8099607C 0C02E3B2 */  jal     func_800B8EC8              
/* 018D0 80996080 24053832 */  addiu   $a1, $zero, 0x3832         ## $a1 = 00003832
/* 018D4 80996084 3C098099 */  lui     $t1, %hi(func_809960AC)    ## $t1 = 80990000
/* 018D8 80996088 24080006 */  addiu   $t0, $zero, 0x0006         ## $t0 = 00000006
/* 018DC 8099608C 252960AC */  addiu   $t1, $t1, %lo(func_809960AC) ## $t1 = 809960AC
/* 018E0 80996090 A60803DE */  sh      $t0, 0x03DE($s0)           ## 000003DE
/* 018E4 80996094 AE090228 */  sw      $t1, 0x0228($s0)           ## 00000228
/* 018E8 80996098 8FBF001C */  lw      $ra, 0x001C($sp)           
/* 018EC 8099609C 8FB00018 */  lw      $s0, 0x0018($sp)           
/* 018F0 809960A0 27BD0020 */  addiu   $sp, $sp, 0x0020           ## $sp = 00000000
/* 018F4 809960A4 03E00008 */  jr      $ra                        
/* 018F8 809960A8 00000000 */  nop


glabel func_809960AC
/* 018FC 809960AC 27BDFFC8 */  addiu   $sp, $sp, 0xFFC8           ## $sp = FFFFFFC8
/* 01900 809960B0 AFB40030 */  sw      $s4, 0x0030($sp)           
/* 01904 809960B4 AFB20028 */  sw      $s2, 0x0028($sp)           
/* 01908 809960B8 00809025 */  or      $s2, $a0, $zero            ## $s2 = 00000000
/* 0190C 809960BC 00A0A025 */  or      $s4, $a1, $zero            ## $s4 = 00000000
/* 01910 809960C0 AFBF0034 */  sw      $ra, 0x0034($sp)           
/* 01914 809960C4 AFB3002C */  sw      $s3, 0x002C($sp)           
/* 01918 809960C8 AFB10024 */  sw      $s1, 0x0024($sp)           
/* 0191C 809960CC AFB00020 */  sw      $s0, 0x0020($sp)           
/* 01920 809960D0 96420090 */  lhu     $v0, 0x0090($s2)           ## 00000090
/* 01924 809960D4 00008025 */  or      $s0, $zero, $zero          ## $s0 = 00000000
/* 01928 809960D8 26510024 */  addiu   $s1, $s2, 0x0024           ## $s1 = 00000024
/* 0192C 809960DC 304E0002 */  andi    $t6, $v0, 0x0002           ## $t6 = 00000000
/* 01930 809960E0 11C0000C */  beq     $t6, $zero, .L80996114     
/* 01934 809960E4 2413000A */  addiu   $s3, $zero, 0x000A         ## $s3 = 0000000A
/* 01938 809960E8 02802025 */  or      $a0, $s4, $zero            ## $a0 = 00000000
.L809960EC:
/* 0193C 809960EC 02402825 */  or      $a1, $s2, $zero            ## $a1 = 00000000
/* 01940 809960F0 0C2651EC */  jal     func_809947B0              
/* 01944 809960F4 02203025 */  or      $a2, $s1, $zero            ## $a2 = 00000024
/* 01948 809960F8 26100001 */  addiu   $s0, $s0, 0x0001           ## $s0 = 00000001
/* 0194C 809960FC 5613FFFB */  bnel    $s0, $s3, .L809960EC       
/* 01950 80996100 02802025 */  or      $a0, $s4, $zero            ## $a0 = 00000000
/* 01954 80996104 44802000 */  mtc1    $zero, $f4                 ## $f4 = 0.00
/* 01958 80996108 00000000 */  nop
/* 0195C 8099610C E6440070 */  swc1    $f4, 0x0070($s2)           ## 00000070
/* 01960 80996110 96420090 */  lhu     $v0, 0x0090($s2)           ## 00000090
.L80996114:
/* 01964 80996114 304F0001 */  andi    $t7, $v0, 0x0001           ## $t7 = 00000000
/* 01968 80996118 11E0000F */  beq     $t7, $zero, .L80996158     
/* 0196C 8099611C 264400BE */  addiu   $a0, $s2, 0x00BE           ## $a0 = 000000BE
/* 01970 80996120 C6400070 */  lwc1    $f0, 0x0070($s2)           ## 00000070
/* 01974 80996124 44803000 */  mtc1    $zero, $f6                 ## $f6 = 0.00
/* 01978 80996128 3C018099 */  lui     $at, %hi(D_809975B0)       ## $at = 80990000
/* 0197C 8099612C 24060001 */  addiu   $a2, $zero, 0x0001         ## $a2 = 00000001
/* 01980 80996130 4606003C */  c.lt.s  $f0, $f6                   
/* 01984 80996134 240709C4 */  addiu   $a3, $zero, 0x09C4         ## $a3 = 000009C4
/* 01988 80996138 45020005 */  bc1fl   .L80996150                 
/* 0198C 8099613C 86450092 */  lh      $a1, 0x0092($s2)           ## 00000092
/* 01990 80996140 C42875B0 */  lwc1    $f8, %lo(D_809975B0)($at)  
/* 01994 80996144 46080280 */  add.s   $f10, $f0, $f8             
/* 01998 80996148 E64A0070 */  swc1    $f10, 0x0070($s2)          ## 00000070
/* 0199C 8099614C 86450092 */  lh      $a1, 0x0092($s2)           ## 00000092
.L80996150:
/* 019A0 80996150 0C03FFAF */  jal     func_800FFEBC              
/* 019A4 80996154 AFA00010 */  sw      $zero, 0x0010($sp)         
.L80996158:
/* 019A8 80996158 265000BC */  addiu   $s0, $s2, 0x00BC           ## $s0 = 000000BC
/* 019AC 8099615C 24180064 */  addiu   $t8, $zero, 0x0064         ## $t8 = 00000064
/* 019B0 80996160 AFB80010 */  sw      $t8, 0x0010($sp)           
/* 019B4 80996164 02002025 */  or      $a0, $s0, $zero            ## $a0 = 000000BC
/* 019B8 80996168 00002825 */  or      $a1, $zero, $zero          ## $a1 = 00000000
/* 019BC 8099616C 24060010 */  addiu   $a2, $zero, 0x0010         ## $a2 = 00000010
/* 019C0 80996170 0C03FFAF */  jal     func_800FFEBC              
/* 019C4 80996174 240707D0 */  addiu   $a3, $zero, 0x07D0         ## $a3 = 000007D0
/* 019C8 80996178 26440144 */  addiu   $a0, $s2, 0x0144           ## $a0 = 00000144
/* 019CC 8099617C 0C04DE2E */  jal     func_801378B8              
/* 019D0 80996180 8E450154 */  lw      $a1, 0x0154($s2)           ## 00000154
/* 019D4 80996184 50400010 */  beql    $v0, $zero, .L809961C8     
/* 019D8 80996188 8FBF0034 */  lw      $ra, 0x0034($sp)           
/* 019DC 8099618C 96590090 */  lhu     $t9, 0x0090($s2)           ## 00000090
/* 019E0 80996190 33280001 */  andi    $t0, $t9, 0x0001           ## $t0 = 00000000
/* 019E4 80996194 5100000C */  beql    $t0, $zero, .L809961C8     
/* 019E8 80996198 8FBF0034 */  lw      $ra, 0x0034($sp)           
/* 019EC 8099619C A64000BC */  sh      $zero, 0x00BC($s2)         ## 000000BC
/* 019F0 809961A0 8A0A0000 */  lwl     $t2, 0x0000($s0)           ## 000000BC
/* 019F4 809961A4 9A0A0003 */  lwr     $t2, 0x0003($s0)           ## 000000BF
/* 019F8 809961A8 02402025 */  or      $a0, $s2, $zero            ## $a0 = 00000000
/* 019FC 809961AC 02802825 */  or      $a1, $s4, $zero            ## $a1 = 00000000
/* 01A00 809961B0 AA4A0030 */  swl     $t2, 0x0030($s2)           ## 00000030
/* 01A04 809961B4 BA4A0033 */  swr     $t2, 0x0033($s2)           ## 00000033
/* 01A08 809961B8 960A0004 */  lhu     $t2, 0x0004($s0)           ## 000000C0
/* 01A0C 809961BC 0C26536A */  jal     func_80994DA8              
/* 01A10 809961C0 A64A0034 */  sh      $t2, 0x0034($s2)           ## 00000034
/* 01A14 809961C4 8FBF0034 */  lw      $ra, 0x0034($sp)           
.L809961C8:
/* 01A18 809961C8 8FB00020 */  lw      $s0, 0x0020($sp)           
/* 01A1C 809961CC 8FB10024 */  lw      $s1, 0x0024($sp)           
/* 01A20 809961D0 8FB20028 */  lw      $s2, 0x0028($sp)           
/* 01A24 809961D4 8FB3002C */  lw      $s3, 0x002C($sp)           
/* 01A28 809961D8 8FB40030 */  lw      $s4, 0x0030($sp)           
/* 01A2C 809961DC 03E00008 */  jr      $ra                        
/* 01A30 809961E0 27BD0038 */  addiu   $sp, $sp, 0x0038           ## $sp = 00000000


glabel func_809961E4
/* 01A34 809961E4 27BDFFE0 */  addiu   $sp, $sp, 0xFFE0           ## $sp = FFFFFFE0
/* 01A38 809961E8 AFB00018 */  sw      $s0, 0x0018($sp)           
/* 01A3C 809961EC 00808025 */  or      $s0, $a0, $zero            ## $s0 = 00000000
/* 01A40 809961F0 AFBF001C */  sw      $ra, 0x001C($sp)           
/* 01A44 809961F4 AFA50024 */  sw      $a1, 0x0024($sp)           
/* 01A48 809961F8 3C058099 */  lui     $a1, %hi(D_80997330)       ## $a1 = 80990000
/* 01A4C 809961FC 24A57330 */  addiu   $a1, $a1, %lo(D_80997330)  ## $a1 = 80997330
/* 01A50 80996200 26040144 */  addiu   $a0, $s0, 0x0144           ## $a0 = 00000144
/* 01A54 80996204 0C02F717 */  jal     func_800BDC5C              
/* 01A58 80996208 24060004 */  addiu   $a2, $zero, 0x0004         ## $a2 = 00000004
/* 01A5C 8099620C 860E03D8 */  lh      $t6, 0x03D8($s0)           ## 000003D8
/* 01A60 80996210 96180090 */  lhu     $t8, 0x0090($s0)           ## 00000090
/* 01A64 80996214 26050024 */  addiu   $a1, $s0, 0x0024           ## $a1 = 00000024
/* 01A68 80996218 35CF0040 */  ori     $t7, $t6, 0x0040           ## $t7 = 00000040
/* 01A6C 8099621C 33190001 */  andi    $t9, $t8, 0x0001           ## $t9 = 00000000
/* 01A70 80996220 13200005 */  beq     $t9, $zero, .L80996238     
/* 01A74 80996224 A60F03D8 */  sh      $t7, 0x03D8($s0)           ## 000003D8
/* 01A78 80996228 3C01C0C0 */  lui     $at, 0xC0C0                ## $at = C0C00000
/* 01A7C 8099622C 44812000 */  mtc1    $at, $f4                   ## $f4 = -6.00
/* 01A80 80996230 00000000 */  nop
/* 01A84 80996234 E6040070 */  swc1    $f4, 0x0070($s0)           ## 00000070
.L80996238:
/* 01A88 80996238 8E080004 */  lw      $t0, 0x0004($s0)           ## 00000004
/* 01A8C 8099623C 2401FFFE */  addiu   $at, $zero, 0xFFFE         ## $at = FFFFFFFE
/* 01A90 80996240 A20003E4 */  sb      $zero, 0x03E4($s0)         ## 000003E4
/* 01A94 80996244 01014824 */  and     $t1, $t0, $at              
/* 01A98 80996248 AE090004 */  sw      $t1, 0x0004($s0)           ## 00000004
/* 01A9C 8099624C 8FA40024 */  lw      $a0, 0x0024($sp)           
/* 01AA0 80996250 24060028 */  addiu   $a2, $zero, 0x0028         ## $a2 = 00000028
/* 01AA4 80996254 0C03C15A */  jal     func_800F0568              
/* 01AA8 80996258 24073833 */  addiu   $a3, $zero, 0x3833         ## $a3 = 00003833
/* 01AAC 8099625C 3C0B8099 */  lui     $t3, %hi(func_80996284)    ## $t3 = 80990000
/* 01AB0 80996260 240A0007 */  addiu   $t2, $zero, 0x0007         ## $t2 = 00000007
/* 01AB4 80996264 256B6284 */  addiu   $t3, $t3, %lo(func_80996284) ## $t3 = 80996284
/* 01AB8 80996268 A60A03DE */  sh      $t2, 0x03DE($s0)           ## 000003DE
/* 01ABC 8099626C AE0B0228 */  sw      $t3, 0x0228($s0)           ## 00000228
/* 01AC0 80996270 8FBF001C */  lw      $ra, 0x001C($sp)           
/* 01AC4 80996274 8FB00018 */  lw      $s0, 0x0018($sp)           
/* 01AC8 80996278 27BD0020 */  addiu   $sp, $sp, 0x0020           ## $sp = 00000000
/* 01ACC 8099627C 03E00008 */  jr      $ra                        
/* 01AD0 80996280 00000000 */  nop


glabel func_80996284
/* 01AD4 80996284 27BDFFE8 */  addiu   $sp, $sp, 0xFFE8           ## $sp = FFFFFFE8
/* 01AD8 80996288 AFBF0014 */  sw      $ra, 0x0014($sp)           
/* 01ADC 8099628C AFA40018 */  sw      $a0, 0x0018($sp)           
/* 01AE0 80996290 AFA5001C */  sw      $a1, 0x001C($sp)           
/* 01AE4 80996294 8FAE0018 */  lw      $t6, 0x0018($sp)           
/* 01AE8 80996298 8FA50018 */  lw      $a1, 0x0018($sp)           
/* 01AEC 8099629C 8FA4001C */  lw      $a0, 0x001C($sp)           
/* 01AF0 809962A0 85CF03D8 */  lh      $t7, 0x03D8($t6)           ## 000003D8
/* 01AF4 809962A4 24A60024 */  addiu   $a2, $a1, 0x0024           ## $a2 = 00000024
/* 01AF8 809962A8 31F80080 */  andi    $t8, $t7, 0x0080           ## $t8 = 00000000
/* 01AFC 809962AC 53000006 */  beql    $t8, $zero, .L809962C8     
/* 01B00 809962B0 8FBF0014 */  lw      $ra, 0x0014($sp)           
/* 01B04 809962B4 0C029F4A */  jal     func_800A7D28              
/* 01B08 809962B8 24070010 */  addiu   $a3, $zero, 0x0010         ## $a3 = 00000010
/* 01B0C 809962BC 0C26591D */  jal     func_80996474              
/* 01B10 809962C0 8FA40018 */  lw      $a0, 0x0018($sp)           
/* 01B14 809962C4 8FBF0014 */  lw      $ra, 0x0014($sp)           
.L809962C8:
/* 01B18 809962C8 27BD0018 */  addiu   $sp, $sp, 0x0018           ## $sp = 00000000
/* 01B1C 809962CC 03E00008 */  jr      $ra                        
/* 01B20 809962D0 00000000 */  nop


glabel func_809962D4
/* 01B24 809962D4 27BDFFE8 */  addiu   $sp, $sp, 0xFFE8           ## $sp = FFFFFFE8
/* 01B28 809962D8 AFBF0014 */  sw      $ra, 0x0014($sp)           
/* 01B2C 809962DC AFA40018 */  sw      $a0, 0x0018($sp)           
/* 01B30 809962E0 8FA40018 */  lw      $a0, 0x0018($sp)           
/* 01B34 809962E4 0C02E3B2 */  jal     func_800B8EC8              
/* 01B38 809962E8 2405389E */  addiu   $a1, $zero, 0x389E         ## $a1 = 0000389E
/* 01B3C 809962EC 8FAF0018 */  lw      $t7, 0x0018($sp)           
/* 01B40 809962F0 3C0E8099 */  lui     $t6, %hi(func_8099630C)    ## $t6 = 80990000
/* 01B44 809962F4 25CE630C */  addiu   $t6, $t6, %lo(func_8099630C) ## $t6 = 8099630C
/* 01B48 809962F8 ADEE0228 */  sw      $t6, 0x0228($t7)           ## 00000228
/* 01B4C 809962FC 8FBF0014 */  lw      $ra, 0x0014($sp)           
/* 01B50 80996300 27BD0018 */  addiu   $sp, $sp, 0x0018           ## $sp = 00000000
/* 01B54 80996304 03E00008 */  jr      $ra                        
/* 01B58 80996308 00000000 */  nop


glabel func_8099630C
/* 01B5C 8099630C 27BDFFD8 */  addiu   $sp, $sp, 0xFFD8           ## $sp = FFFFFFD8
/* 01B60 80996310 AFB00020 */  sw      $s0, 0x0020($sp)           
/* 01B64 80996314 00808025 */  or      $s0, $a0, $zero            ## $s0 = 00000000
/* 01B68 80996318 AFBF0024 */  sw      $ra, 0x0024($sp)           
/* 01B6C 8099631C 860203D2 */  lh      $v0, 0x03D2($s0)           ## 000003D2
/* 01B70 80996320 24010001 */  addiu   $at, $zero, 0x0001         ## $at = 00000001
/* 01B74 80996324 1440001E */  bne     $v0, $zero, .L809963A0     
/* 01B78 80996328 00000000 */  nop
/* 01B7C 8099632C 44800000 */  mtc1    $zero, $f0                 ## $f0 = 0.00
/* 01B80 80996330 920E00B7 */  lbu     $t6, 0x00B7($s0)           ## 000000B7
/* 01B84 80996334 A60003D2 */  sh      $zero, 0x03D2($s0)         ## 000003D2
/* 01B88 80996338 E6000230 */  swc1    $f0, 0x0230($s0)           ## 00000230
/* 01B8C 8099633C 11C00014 */  beq     $t6, $zero, .L80996390     
/* 01B90 80996340 E600022C */  swc1    $f0, 0x022C($s0)           ## 0000022C
/* 01B94 80996344 240F0008 */  addiu   $t7, $zero, 0x0008         ## $t7 = 00000008
/* 01B98 80996348 AFAF0010 */  sw      $t7, 0x0010($sp)           
/* 01B9C 8099634C 02002025 */  or      $a0, $s0, $zero            ## $a0 = 00000000
/* 01BA0 80996350 24054000 */  addiu   $a1, $zero, 0x4000         ## $a1 = 00004000
/* 01BA4 80996354 240600FF */  addiu   $a2, $zero, 0x00FF         ## $a2 = 000000FF
/* 01BA8 80996358 0C02F2DC */  jal     func_800BCB70              
/* 01BAC 8099635C 00003825 */  or      $a3, $zero, $zero          ## $a3 = 00000000
/* 01BB0 80996360 3C058099 */  lui     $a1, %hi(D_80997330)       ## $a1 = 80990000
/* 01BB4 80996364 24A57330 */  addiu   $a1, $a1, %lo(D_80997330)  ## $a1 = 80997330
/* 01BB8 80996368 26040144 */  addiu   $a0, $s0, 0x0144           ## $a0 = 00000144
/* 01BBC 8099636C 0C02F717 */  jal     func_800BDC5C              
/* 01BC0 80996370 24060003 */  addiu   $a2, $zero, 0x0003         ## $a2 = 00000003
/* 01BC4 80996374 861803D8 */  lh      $t8, 0x03D8($s0)           ## 000003D8
/* 01BC8 80996378 02002025 */  or      $a0, $s0, $zero            ## $a0 = 00000000
/* 01BCC 8099637C 37190001 */  ori     $t9, $t8, 0x0001           ## $t9 = 00000001
/* 01BD0 80996380 0C2657E6 */  jal     func_80995F98              
/* 01BD4 80996384 A61903D8 */  sh      $t9, 0x03D8($s0)           ## 000003D8
/* 01BD8 80996388 1000000A */  beq     $zero, $zero, .L809963B4   
/* 01BDC 8099638C 8FBF0024 */  lw      $ra, 0x0024($sp)           
.L80996390:
/* 01BE0 80996390 0C265879 */  jal     func_809961E4              
/* 01BE4 80996394 02002025 */  or      $a0, $s0, $zero            ## $a0 = 00000000
/* 01BE8 80996398 10000006 */  beq     $zero, $zero, .L809963B4   
/* 01BEC 8099639C 8FBF0024 */  lw      $ra, 0x0024($sp)           
.L809963A0:
/* 01BF0 809963A0 54410004 */  bnel    $v0, $at, .L809963B4       
/* 01BF4 809963A4 8FBF0024 */  lw      $ra, 0x0024($sp)           
/* 01BF8 809963A8 0C265AFB */  jal     func_80996BEC              
/* 01BFC 809963AC 02002025 */  or      $a0, $s0, $zero            ## $a0 = 00000000
/* 01C00 809963B0 8FBF0024 */  lw      $ra, 0x0024($sp)           
.L809963B4:
/* 01C04 809963B4 8FB00020 */  lw      $s0, 0x0020($sp)           
/* 01C08 809963B8 27BD0028 */  addiu   $sp, $sp, 0x0028           ## $sp = 00000000
/* 01C0C 809963BC 03E00008 */  jr      $ra                        
/* 01C10 809963C0 00000000 */  nop


glabel func_809963C4
/* 01C14 809963C4 3C0E8099 */  lui     $t6, %hi(func_809963D8)    ## $t6 = 80990000
/* 01C18 809963C8 25CE63D8 */  addiu   $t6, $t6, %lo(func_809963D8) ## $t6 = 809963D8
/* 01C1C 809963CC AC8E0228 */  sw      $t6, 0x0228($a0)           ## 00000228
/* 01C20 809963D0 03E00008 */  jr      $ra                        
/* 01C24 809963D4 00000000 */  nop


glabel func_809963D8
/* 01C28 809963D8 27BDFFD8 */  addiu   $sp, $sp, 0xFFD8           ## $sp = FFFFFFD8
/* 01C2C 809963DC AFB00020 */  sw      $s0, 0x0020($sp)           
/* 01C30 809963E0 00808025 */  or      $s0, $a0, $zero            ## $s0 = 00000000
/* 01C34 809963E4 AFBF0024 */  sw      $ra, 0x0024($sp)           
/* 01C38 809963E8 860E03D2 */  lh      $t6, 0x03D2($s0)           ## 000003D2
/* 01C3C 809963EC 55C0001D */  bnel    $t6, $zero, .L80996464     
/* 01C40 809963F0 8FBF0024 */  lw      $ra, 0x0024($sp)           
/* 01C44 809963F4 44800000 */  mtc1    $zero, $f0                 ## $f0 = 0.00
/* 01C48 809963F8 920F00B7 */  lbu     $t7, 0x00B7($s0)           ## 000000B7
/* 01C4C 809963FC A60003D2 */  sh      $zero, 0x03D2($s0)         ## 000003D2
/* 01C50 80996400 E6000230 */  swc1    $f0, 0x0230($s0)           ## 00000230
/* 01C54 80996404 11E00014 */  beq     $t7, $zero, .L80996458     
/* 01C58 80996408 E600022C */  swc1    $f0, 0x022C($s0)           ## 0000022C
/* 01C5C 8099640C 24180008 */  addiu   $t8, $zero, 0x0008         ## $t8 = 00000008
/* 01C60 80996410 AFB80010 */  sw      $t8, 0x0010($sp)           
/* 01C64 80996414 02002025 */  or      $a0, $s0, $zero            ## $a0 = 00000000
/* 01C68 80996418 24054000 */  addiu   $a1, $zero, 0x4000         ## $a1 = 00004000
/* 01C6C 8099641C 240600FF */  addiu   $a2, $zero, 0x00FF         ## $a2 = 000000FF
/* 01C70 80996420 0C02F2DC */  jal     func_800BCB70              
/* 01C74 80996424 00003825 */  or      $a3, $zero, $zero          ## $a3 = 00000000
/* 01C78 80996428 3C058099 */  lui     $a1, %hi(D_80997330)       ## $a1 = 80990000
/* 01C7C 8099642C 24A57330 */  addiu   $a1, $a1, %lo(D_80997330)  ## $a1 = 80997330
/* 01C80 80996430 26040144 */  addiu   $a0, $s0, 0x0144           ## $a0 = 00000144
/* 01C84 80996434 0C02F717 */  jal     func_800BDC5C              
/* 01C88 80996438 24060003 */  addiu   $a2, $zero, 0x0003         ## $a2 = 00000003
/* 01C8C 8099643C 861903D8 */  lh      $t9, 0x03D8($s0)           ## 000003D8
/* 01C90 80996440 02002025 */  or      $a0, $s0, $zero            ## $a0 = 00000000
/* 01C94 80996444 37280001 */  ori     $t0, $t9, 0x0001           ## $t0 = 00000001
/* 01C98 80996448 0C2657E6 */  jal     func_80995F98              
/* 01C9C 8099644C A60803D8 */  sh      $t0, 0x03D8($s0)           ## 000003D8
/* 01CA0 80996450 10000004 */  beq     $zero, $zero, .L80996464   
/* 01CA4 80996454 8FBF0024 */  lw      $ra, 0x0024($sp)           
.L80996458:
/* 01CA8 80996458 0C265879 */  jal     func_809961E4              
/* 01CAC 8099645C 02002025 */  or      $a0, $s0, $zero            ## $a0 = 00000000
/* 01CB0 80996460 8FBF0024 */  lw      $ra, 0x0024($sp)           
.L80996464:
/* 01CB4 80996464 8FB00020 */  lw      $s0, 0x0020($sp)           
/* 01CB8 80996468 27BD0028 */  addiu   $sp, $sp, 0x0028           ## $sp = 00000000
/* 01CBC 8099646C 03E00008 */  jr      $ra                        
/* 01CC0 80996470 00000000 */  nop


glabel func_80996474
/* 01CC4 80996474 8C8E0004 */  lw      $t6, 0x0004($a0)           ## 00000004
/* 01CC8 80996478 2401FFFE */  addiu   $at, $zero, 0xFFFE         ## $at = FFFFFFFE
/* 01CCC 8099647C 3C188099 */  lui     $t8, %hi(func_809964A0)    ## $t8 = 80990000
/* 01CD0 80996480 271864A0 */  addiu   $t8, $t8, %lo(func_809964A0) ## $t8 = 809964A0
/* 01CD4 80996484 01C17824 */  and     $t7, $t6, $at              
/* 01CD8 80996488 A48003D0 */  sh      $zero, 0x03D0($a0)         ## 000003D0
/* 01CDC 8099648C AC80013C */  sw      $zero, 0x013C($a0)         ## 0000013C
/* 01CE0 80996490 AC8F0004 */  sw      $t7, 0x0004($a0)           ## 00000004
/* 01CE4 80996494 AC980228 */  sw      $t8, 0x0228($a0)           ## 00000228
/* 01CE8 80996498 03E00008 */  jr      $ra                        
/* 01CEC 8099649C 00000000 */  nop


glabel func_809964A0
/* 01CF0 809964A0 27BDFFE8 */  addiu   $sp, $sp, 0xFFE8           ## $sp = FFFFFFE8
/* 01CF4 809964A4 AFBF0014 */  sw      $ra, 0x0014($sp)           
/* 01CF8 809964A8 AFA5001C */  sw      $a1, 0x001C($sp)           
/* 01CFC 809964AC 848203D0 */  lh      $v0, 0x03D0($a0)           ## 000003D0
/* 01D00 809964B0 28430013 */  slti    $v1, $v0, 0x0013           
/* 01D04 809964B4 38630001 */  xori    $v1, $v1, 0x0001           ## $v1 = 00000001
/* 01D08 809964B8 244E0001 */  addiu   $t6, $v0, 0x0001           ## $t6 = 00000001
/* 01D0C 809964BC 10600003 */  beq     $v1, $zero, .L809964CC     
/* 01D10 809964C0 A48E03D0 */  sh      $t6, 0x03D0($a0)           ## 000003D0
/* 01D14 809964C4 0C02D9C3 */  jal     func_800B670C              
/* 01D18 809964C8 00000000 */  nop
.L809964CC:
/* 01D1C 809964CC 8FBF0014 */  lw      $ra, 0x0014($sp)           
/* 01D20 809964D0 27BD0018 */  addiu   $sp, $sp, 0x0018           ## $sp = 00000000
/* 01D24 809964D4 03E00008 */  jr      $ra                        
/* 01D28 809964D8 00000000 */  nop


glabel func_809964DC
/* 01D2C 809964DC 27BDFFE8 */  addiu   $sp, $sp, 0xFFE8           ## $sp = FFFFFFE8
/* 01D30 809964E0 AFBF0014 */  sw      $ra, 0x0014($sp)           
/* 01D34 809964E4 848E03D6 */  lh      $t6, 0x03D6($a0)           ## 000003D6
/* 01D38 809964E8 55C00013 */  bnel    $t6, $zero, .L80996538     
/* 01D3C 809964EC 8FBF0014 */  lw      $ra, 0x0014($sp)           
/* 01D40 809964F0 8C820228 */  lw      $v0, 0x0228($a0)           ## 00000228
/* 01D44 809964F4 3C0F8099 */  lui     $t7, %hi(func_80994E94)    ## $t7 = 80990000
/* 01D48 809964F8 25EF4E94 */  addiu   $t7, $t7, %lo(func_80994E94) ## $t7 = 80994E94
/* 01D4C 809964FC 11E2000D */  beq     $t7, $v0, .L80996534       
/* 01D50 80996500 3C188099 */  lui     $t8, %hi(func_80996284)    ## $t8 = 80990000
/* 01D54 80996504 27186284 */  addiu   $t8, $t8, %lo(func_80996284) ## $t8 = 80996284
/* 01D58 80996508 1302000A */  beq     $t8, $v0, .L80996534       
/* 01D5C 8099650C 3C198099 */  lui     $t9, %hi(func_809964A0)    ## $t9 = 80990000
/* 01D60 80996510 273964A0 */  addiu   $t9, $t9, %lo(func_809964A0) ## $t9 = 809964A0
/* 01D64 80996514 13220007 */  beq     $t9, $v0, .L80996534       
/* 01D68 80996518 3C08801F */  lui     $t0, 0x801F                ## $t0 = 801F0000
/* 01D6C 8099651C 910805BD */  lbu     $t0, 0x05BD($t0)           ## 801F05BD
/* 01D70 80996520 31090040 */  andi    $t1, $t0, 0x0040           ## $t1 = 00000000
/* 01D74 80996524 51200004 */  beql    $t1, $zero, .L80996538     
/* 01D78 80996528 8FBF0014 */  lw      $ra, 0x0014($sp)           
/* 01D7C 8099652C 0C265879 */  jal     func_809961E4              
/* 01D80 80996530 A08000B7 */  sb      $zero, 0x00B7($a0)         ## 000000B7
.L80996534:
/* 01D84 80996534 8FBF0014 */  lw      $ra, 0x0014($sp)           
.L80996538:
/* 01D88 80996538 27BD0018 */  addiu   $sp, $sp, 0x0018           ## $sp = 00000000
/* 01D8C 8099653C 03E00008 */  jr      $ra                        
/* 01D90 80996540 00000000 */  nop


glabel func_80996544
/* 01D94 80996544 AFA40000 */  sw      $a0, 0x0000($sp)           
/* 01D98 80996548 AFA50004 */  sw      $a1, 0x0004($sp)           
/* 01D9C 8099654C AFA60008 */  sw      $a2, 0x0008($sp)           
/* 01DA0 80996550 AFA7000C */  sw      $a3, 0x000C($sp)           
/* 01DA4 80996554 C7A40008 */  lwc1    $f4, 0x0008($sp)           
/* 01DA8 80996558 C7A60004 */  lwc1    $f6, 0x0004($sp)           
/* 01DAC 8099655C C7AA0000 */  lwc1    $f10, 0x0000($sp)          
/* 01DB0 80996560 C7B0000C */  lwc1    $f16, 0x000C($sp)          
/* 01DB4 80996564 46062202 */  mul.s   $f8, $f4, $f6              
/* 01DB8 80996568 2403FFFF */  addiu   $v1, $zero, 0xFFFF         ## $v1 = FFFFFFFF
/* 01DBC 8099656C 46105482 */  mul.s   $f18, $f10, $f16           
/* 01DC0 80996570 4612403C */  c.lt.s  $f8, $f18                  
/* 01DC4 80996574 00000000 */  nop
/* 01DC8 80996578 45000003 */  bc1f    .L80996588                 
/* 01DCC 8099657C 00000000 */  nop
/* 01DD0 80996580 10000001 */  beq     $zero, $zero, .L80996588   
/* 01DD4 80996584 24030001 */  addiu   $v1, $zero, 0x0001         ## $v1 = 00000001
.L80996588:
/* 01DD8 80996588 00601025 */  or      $v0, $v1, $zero            ## $v0 = 00000001
/* 01DDC 8099658C 03E00008 */  jr      $ra                        
/* 01DE0 80996590 00000000 */  nop


glabel func_80996594
/* 01DE4 80996594 27BDFF90 */  addiu   $sp, $sp, 0xFF90           ## $sp = FFFFFF90
/* 01DE8 80996598 AFB40038 */  sw      $s4, 0x0038($sp)           
/* 01DEC 8099659C AFB30034 */  sw      $s3, 0x0034($sp)           
/* 01DF0 809965A0 AFB1002C */  sw      $s1, 0x002C($sp)           
/* 01DF4 809965A4 3C028099 */  lui     $v0, %hi(D_80997468)       ## $v0 = 80990000
/* 01DF8 809965A8 24427468 */  addiu   $v0, $v0, %lo(D_80997468)  ## $v0 = 80997468
/* 01DFC 809965AC 00808825 */  or      $s1, $a0, $zero            ## $s1 = 00000000
/* 01E00 809965B0 27B30060 */  addiu   $s3, $sp, 0x0060           ## $s3 = FFFFFFF0
/* 01E04 809965B4 27B40058 */  addiu   $s4, $sp, 0x0058           ## $s4 = FFFFFFE8
/* 01E08 809965B8 AFBF003C */  sw      $ra, 0x003C($sp)           
/* 01E0C 809965BC AFB20030 */  sw      $s2, 0x0030($sp)           
/* 01E10 809965C0 AFB00028 */  sw      $s0, 0x0028($sp)           
/* 01E14 809965C4 F7B60020 */  sdc1    $f22, 0x0020($sp)          
/* 01E18 809965C8 F7B40018 */  sdc1    $f20, 0x0018($sp)          
/* 01E1C 809965CC AFA50074 */  sw      $a1, 0x0074($sp)           
/* 01E20 809965D0 240E0001 */  addiu   $t6, $zero, 0x0001         ## $t6 = 00000001
/* 01E24 809965D4 AFAE0054 */  sw      $t6, 0x0054($sp)           
/* 01E28 809965D8 AFA0004C */  sw      $zero, 0x004C($sp)         
/* 01E2C 809965DC C634002C */  lwc1    $f20, 0x002C($s1)          ## 0000002C
/* 01E30 809965E0 C4440008 */  lwc1    $f4, 0x0008($v0)           ## 80997470
/* 01E34 809965E4 C6360024 */  lwc1    $f22, 0x0024($s1)          ## 00000024
/* 01E38 809965E8 C4480000 */  lwc1    $f8, 0x0000($v0)           ## 80997468
/* 01E3C 809965EC 46142181 */  sub.s   $f6, $f4, $f20             
/* 01E40 809965F0 C4500014 */  lwc1    $f16, 0x0014($v0)          ## 8099747C
/* 01E44 809965F4 C444000C */  lwc1    $f4, 0x000C($v0)           ## 80997474
/* 01E48 809965F8 46164281 */  sub.s   $f10, $f8, $f22            
/* 01E4C 809965FC E7A60060 */  swc1    $f6, 0x0060($sp)           
/* 01E50 80996600 24100001 */  addiu   $s0, $zero, 0x0001         ## $s0 = 00000001
/* 01E54 80996604 46148481 */  sub.s   $f18, $f16, $f20           
/* 01E58 80996608 E7AA0064 */  swc1    $f10, 0x0064($sp)          
/* 01E5C 8099660C 46162181 */  sub.s   $f6, $f4, $f22             
/* 01E60 80996610 E7B20058 */  swc1    $f18, 0x0058($sp)          
/* 01E64 80996614 E7A6005C */  swc1    $f6, 0x005C($sp)           
/* 01E68 80996618 8E640000 */  lw      $a0, 0x0000($s3)           ## FFFFFFF0
/* 01E6C 8099661C AFA40000 */  sw      $a0, 0x0000($sp)           
/* 01E70 80996620 8E650004 */  lw      $a1, 0x0004($s3)           ## FFFFFFF4
/* 01E74 80996624 AFA50004 */  sw      $a1, 0x0004($sp)           
/* 01E78 80996628 8E860000 */  lw      $a2, 0x0000($s4)           ## FFFFFFE8
/* 01E7C 8099662C AFA60008 */  sw      $a2, 0x0008($sp)           
/* 01E80 80996630 8E870004 */  lw      $a3, 0x0004($s4)           ## FFFFFFEC
/* 01E84 80996634 0C265951 */  jal     func_80996544              
/* 01E88 80996638 AFA7000C */  sw      $a3, 0x000C($sp)           
/* 01E8C 8099663C 8FA9004C */  lw      $t1, 0x004C($sp)           
/* 01E90 80996640 3C0B8099 */  lui     $t3, %hi(D_80997468)       ## $t3 = 80990000
/* 01E94 80996644 256B7468 */  addiu   $t3, $t3, %lo(D_80997468)  ## $t3 = 80997468
/* 01E98 80996648 00095080 */  sll     $t2, $t1,  2               
/* 01E9C 8099664C 01495023 */  subu    $t2, $t2, $t1              
/* 01EA0 80996650 000A5080 */  sll     $t2, $t2,  2               
/* 01EA4 80996654 00409025 */  or      $s2, $v0, $zero            ## $s2 = 00000000
/* 01EA8 80996658 014B8821 */  addu    $s1, $t2, $t3              
/* 01EAC 8099665C 2A010003 */  slti    $at, $s0, 0x0003           
.L80996660:
/* 01EB0 80996660 10200009 */  beq     $at, $zero, .L80996688     
/* 01EB4 80996664 2631000C */  addiu   $s1, $s1, 0x000C           ## $s1 = 0000000C
/* 01EB8 80996668 26100001 */  addiu   $s0, $s0, 0x0001           ## $s0 = 00000002
/* 01EBC 8099666C 00106080 */  sll     $t4, $s0,  2               
/* 01EC0 80996670 01906023 */  subu    $t4, $t4, $s0              
/* 01EC4 80996674 3C0D8099 */  lui     $t5, %hi(D_80997468)       ## $t5 = 80990000
/* 01EC8 80996678 25AD7468 */  addiu   $t5, $t5, %lo(D_80997468)  ## $t5 = 80997468
/* 01ECC 8099667C 000C6080 */  sll     $t4, $t4,  2               
/* 01ED0 80996680 10000004 */  beq     $zero, $zero, .L80996694   
/* 01ED4 80996684 018D1021 */  addu    $v0, $t4, $t5              
.L80996688:
/* 01ED8 80996688 3C028099 */  lui     $v0, %hi(D_80997468)       ## $v0 = 80990000
/* 01EDC 8099668C 24427468 */  addiu   $v0, $v0, %lo(D_80997468)  ## $v0 = 80997468
/* 01EE0 80996690 00008025 */  or      $s0, $zero, $zero          ## $s0 = 00000000
.L80996694:
/* 01EE4 80996694 C6280008 */  lwc1    $f8, 0x0008($s1)           ## 00000014
/* 01EE8 80996698 C6300000 */  lwc1    $f16, 0x0000($s1)          ## 0000000C
/* 01EEC 8099669C C4440008 */  lwc1    $f4, 0x0008($v0)           ## 80997470
/* 01EF0 809966A0 46144281 */  sub.s   $f10, $f8, $f20            
/* 01EF4 809966A4 C4480000 */  lwc1    $f8, 0x0000($v0)           ## 80997468
/* 01EF8 809966A8 46168481 */  sub.s   $f18, $f16, $f22           
/* 01EFC 809966AC E7AA0060 */  swc1    $f10, 0x0060($sp)          
/* 01F00 809966B0 46142181 */  sub.s   $f6, $f4, $f20             
/* 01F04 809966B4 E7B20064 */  swc1    $f18, 0x0064($sp)          
/* 01F08 809966B8 46164281 */  sub.s   $f10, $f8, $f22            
/* 01F0C 809966BC E7A60058 */  swc1    $f6, 0x0058($sp)           
/* 01F10 809966C0 E7AA005C */  swc1    $f10, 0x005C($sp)          
/* 01F14 809966C4 8E640000 */  lw      $a0, 0x0000($s3)           ## FFFFFFF0
/* 01F18 809966C8 AFA40000 */  sw      $a0, 0x0000($sp)           
/* 01F1C 809966CC 8E650004 */  lw      $a1, 0x0004($s3)           ## FFFFFFF4
/* 01F20 809966D0 AFA50004 */  sw      $a1, 0x0004($sp)           
/* 01F24 809966D4 8E860000 */  lw      $a2, 0x0000($s4)           ## FFFFFFE8
/* 01F28 809966D8 AFA60008 */  sw      $a2, 0x0008($sp)           
/* 01F2C 809966DC 8E870004 */  lw      $a3, 0x0004($s4)           ## FFFFFFEC
/* 01F30 809966E0 0C265951 */  jal     func_80996544              
/* 01F34 809966E4 AFA7000C */  sw      $a3, 0x000C($sp)           
/* 01F38 809966E8 10520003 */  beq     $v0, $s2, .L809966F8       
/* 01F3C 809966EC 00000000 */  nop
/* 01F40 809966F0 10000003 */  beq     $zero, $zero, .L80996700   
/* 01F44 809966F4 AFA00054 */  sw      $zero, 0x0054($sp)         
.L809966F8:
/* 01F48 809966F8 5600FFD9 */  bnel    $s0, $zero, .L80996660     
/* 01F4C 809966FC 2A010003 */  slti    $at, $s0, 0x0003           
.L80996700:
/* 01F50 80996700 8FA20054 */  lw      $v0, 0x0054($sp)           
/* 01F54 80996704 8FBF003C */  lw      $ra, 0x003C($sp)           
/* 01F58 80996708 D7B40018 */  ldc1    $f20, 0x0018($sp)          
/* 01F5C 8099670C D7B60020 */  ldc1    $f22, 0x0020($sp)          
/* 01F60 80996710 8FB00028 */  lw      $s0, 0x0028($sp)           
/* 01F64 80996714 8FB1002C */  lw      $s1, 0x002C($sp)           
/* 01F68 80996718 8FB20030 */  lw      $s2, 0x0030($sp)           
/* 01F6C 8099671C 8FB30034 */  lw      $s3, 0x0034($sp)           
/* 01F70 80996720 8FB40038 */  lw      $s4, 0x0038($sp)           
/* 01F74 80996724 03E00008 */  jr      $ra                        
/* 01F78 80996728 27BD0070 */  addiu   $sp, $sp, 0x0070           ## $sp = 00000000


glabel func_8099672C
/* 01F7C 8099672C 27BDFFD0 */  addiu   $sp, $sp, 0xFFD0           ## $sp = FFFFFFD0
/* 01F80 80996730 AFB00020 */  sw      $s0, 0x0020($sp)           
/* 01F84 80996734 00808025 */  or      $s0, $a0, $zero            ## $s0 = 00000000
/* 01F88 80996738 AFBF0024 */  sw      $ra, 0x0024($sp)           
/* 01F8C 8099673C 8CAE1CCC */  lw      $t6, 0x1CCC($a1)           ## 00001CCC
/* 01F90 80996740 24010006 */  addiu   $at, $zero, 0x0006         ## $at = 00000006
/* 01F94 80996744 AFAE0028 */  sw      $t6, 0x0028($sp)           
/* 01F98 80996748 860203DE */  lh      $v0, 0x03DE($s0)           ## 000003DE
/* 01F9C 8099674C 104100DB */  beq     $v0, $at, .L80996ABC       
/* 01FA0 80996750 24010007 */  addiu   $at, $zero, 0x0007         ## $at = 00000007
/* 01FA4 80996754 504100DA */  beql    $v0, $at, .L80996AC0       
/* 01FA8 80996758 8FBF0024 */  lw      $ra, 0x0024($sp)           
/* 01FAC 8099675C 960F0090 */  lhu     $t7, 0x0090($s0)           ## 00000090
/* 01FB0 80996760 3C014220 */  lui     $at, 0x4220                ## $at = 42200000
/* 01FB4 80996764 31F80060 */  andi    $t8, $t7, 0x0060           ## $t8 = 00000000
/* 01FB8 80996768 5300000E */  beql    $t8, $zero, .L809967A4     
/* 01FBC 8099676C 92020199 */  lbu     $v0, 0x0199($s0)           ## 00000199
/* 01FC0 80996770 C604008C */  lwc1    $f4, 0x008C($s0)           ## 0000008C
/* 01FC4 80996774 44813000 */  mtc1    $at, $f6                   ## $f6 = 40.00
/* 01FC8 80996778 02002025 */  or      $a0, $s0, $zero            ## $a0 = 00000000
/* 01FCC 8099677C 4604303E */  c.le.s  $f6, $f4                   
/* 01FD0 80996780 00000000 */  nop
/* 01FD4 80996784 45020007 */  bc1fl   .L809967A4                 
/* 01FD8 80996788 92020199 */  lbu     $v0, 0x0199($s0)           ## 00000199
/* 01FDC 8099678C A20000B7 */  sb      $zero, 0x00B7($s0)         ## 000000B7
/* 01FE0 80996790 0C265879 */  jal     func_809961E4              
/* 01FE4 80996794 A20003E4 */  sb      $zero, 0x03E4($s0)         ## 000003E4
/* 01FE8 80996798 100000C9 */  beq     $zero, $zero, .L80996AC0   
/* 01FEC 8099679C 8FBF0024 */  lw      $ra, 0x0024($sp)           
/* 01FF0 809967A0 92020199 */  lbu     $v0, 0x0199($s0)           ## 00000199
.L809967A4:
/* 01FF4 809967A4 30590002 */  andi    $t9, $v0, 0x0002           ## $t9 = 00000000
/* 01FF8 809967A8 132000C4 */  beq     $t9, $zero, .L80996ABC     
/* 01FFC 809967AC 3048FFFD */  andi    $t0, $v0, 0xFFFD           ## $t0 = 00000000
/* 02000 809967B0 8E0A0228 */  lw      $t2, 0x0228($s0)           ## 00000228
/* 02004 809967B4 3C098099 */  lui     $t1, %hi(func_8099630C)    ## $t1 = 80990000
/* 02008 809967B8 2529630C */  addiu   $t1, $t1, %lo(func_8099630C) ## $t1 = 8099630C
/* 0200C 809967BC 152A0014 */  bne     $t1, $t2, .L80996810       
/* 02010 809967C0 A2080199 */  sb      $t0, 0x0199($s0)           ## 00000199
/* 02014 809967C4 920B00B9 */  lbu     $t3, 0x00B9($s0)           ## 000000B9
/* 02018 809967C8 256CFFFF */  addiu   $t4, $t3, 0xFFFF           ## $t4 = FFFFFFFF
/* 0201C 809967CC 2D81000D */  sltiu   $at, $t4, 0x000D           
/* 02020 809967D0 10200006 */  beq     $at, $zero, .L809967EC     
/* 02024 809967D4 000C6080 */  sll     $t4, $t4,  2               
/* 02028 809967D8 3C018099 */  lui     $at, %hi(D_809975B4)       ## $at = 80990000
/* 0202C 809967DC 002C0821 */  addu    $at, $at, $t4              
/* 02030 809967E0 8C2C75B4 */  lw      $t4, %lo(D_809975B4)($at)  
/* 02034 809967E4 01800008 */  jr      $t4                        
/* 02038 809967E8 00000000 */  nop
.L809967EC:
/* 0203C 809967EC 860D03D2 */  lh      $t5, 0x03D2($s0)           ## 000003D2
/* 02040 809967F0 02002025 */  or      $a0, $s0, $zero            ## $a0 = 00000000
/* 02044 809967F4 29A10002 */  slti    $at, $t5, 0x0002           
/* 02048 809967F8 54200005 */  bnel    $at, $zero, .L80996810     
/* 0204C 809967FC A60003D2 */  sh      $zero, 0x03D2($s0)         ## 000003D2
/* 02050 80996800 0C265AFB */  jal     func_80996BEC              
/* 02054 80996804 AFA50034 */  sw      $a1, 0x0034($sp)           
/* 02058 80996808 8FA50034 */  lw      $a1, 0x0034($sp)           
/* 0205C 8099680C A60003D2 */  sh      $zero, 0x03D2($s0)         ## 000003D2
.L80996810:
/* 02060 80996810 02002025 */  or      $a0, $s0, $zero            ## $a0 = 00000000
/* 02064 80996814 0C02F88B */  jal     func_800BE22C              
/* 02068 80996818 AFA50034 */  sw      $a1, 0x0034($sp)           
/* 0206C 8099681C 1440000E */  bne     $v0, $zero, .L80996858     
/* 02070 80996820 8FA50034 */  lw      $a1, 0x0034($sp)           
/* 02074 80996824 920200B9 */  lbu     $v0, 0x00B9($s0)           ## 000000B9
/* 02078 80996828 24010003 */  addiu   $at, $zero, 0x0003         ## $at = 00000003
/* 0207C 8099682C 1041000A */  beq     $v0, $at, .L80996858       
/* 02080 80996830 24010004 */  addiu   $at, $zero, 0x0004         ## $at = 00000004
/* 02084 80996834 50410009 */  beql    $v0, $at, .L8099685C       
/* 02088 80996838 921800B9 */  lbu     $t8, 0x00B9($s0)           ## 000000B9
/* 0208C 8099683C 860E03D8 */  lh      $t6, 0x03D8($s0)           ## 000003D8
/* 02090 80996840 02002025 */  or      $a0, $s0, $zero            ## $a0 = 00000000
/* 02094 80996844 35CF0040 */  ori     $t7, $t6, 0x0040           ## $t7 = 00000040
/* 02098 80996848 0C265879 */  jal     func_809961E4              
/* 0209C 8099684C A60F03D8 */  sh      $t7, 0x03D8($s0)           ## 000003D8
/* 020A0 80996850 1000009B */  beq     $zero, $zero, .L80996AC0   
/* 020A4 80996854 8FBF0024 */  lw      $ra, 0x0024($sp)           
.L80996858:
/* 020A8 80996858 921800B9 */  lbu     $t8, 0x00B9($s0)           ## 000000B9
.L8099685C:
/* 020AC 8099685C 2719FFFF */  addiu   $t9, $t8, 0xFFFF           ## $t9 = FFFFFFFF
/* 020B0 80996860 2F21000F */  sltiu   $at, $t9, 0x000F           
/* 020B4 80996864 10200095 */  beq     $at, $zero, .L80996ABC     
/* 020B8 80996868 0019C880 */  sll     $t9, $t9,  2               
/* 020BC 8099686C 3C018099 */  lui     $at, %hi(D_809975E8)       ## $at = 80990000
/* 020C0 80996870 00390821 */  addu    $at, $at, $t9              
/* 020C4 80996874 8C3975E8 */  lw      $t9, %lo(D_809975E8)($at)  
/* 020C8 80996878 03200008 */  jr      $t9                        
/* 020CC 8099687C 00000000 */  nop
.L80996880:
/* 020D0 80996880 3C013F80 */  lui     $at, 0x3F80                ## $at = 3F800000
/* 020D4 80996884 44814000 */  mtc1    $at, $f8                   ## $f8 = 1.00
/* 020D8 80996888 44805000 */  mtc1    $zero, $f10                ## $f10 = 0.00
/* 020DC 8099688C 2408001E */  addiu   $t0, $zero, 0x001E         ## $t0 = 0000001E
/* 020E0 80996890 24090028 */  addiu   $t1, $zero, 0x0028         ## $t1 = 00000028
/* 020E4 80996894 A20803E6 */  sb      $t0, 0x03E6($s0)           ## 000003E6
/* 020E8 80996898 A60903D2 */  sh      $t1, 0x03D2($s0)           ## 000003D2
/* 020EC 8099689C 240A0028 */  addiu   $t2, $zero, 0x0028         ## $t2 = 00000028
/* 020F0 809968A0 E608022C */  swc1    $f8, 0x022C($s0)           ## 0000022C
/* 020F4 809968A4 E60A0230 */  swc1    $f10, 0x0230($s0)          ## 00000230
/* 020F8 809968A8 AFAA0010 */  sw      $t2, 0x0010($sp)           
/* 020FC 809968AC 02002025 */  or      $a0, $s0, $zero            ## $a0 = 00000000
/* 02100 809968B0 00002825 */  or      $a1, $zero, $zero          ## $a1 = 00000000
/* 02104 809968B4 24060078 */  addiu   $a2, $zero, 0x0078         ## $a2 = 00000078
/* 02108 809968B8 0C02F2DC */  jal     func_800BCB70              
/* 0210C 809968BC 00003825 */  or      $a3, $zero, $zero          ## $a3 = 00000000
/* 02110 809968C0 0C265782 */  jal     func_80995E08              
/* 02114 809968C4 02002025 */  or      $a0, $s0, $zero            ## $a0 = 00000000
/* 02118 809968C8 1000007D */  beq     $zero, $zero, .L80996AC0   
/* 0211C 809968CC 8FBF0024 */  lw      $ra, 0x0024($sp)           
.L809968D0:
/* 02120 809968D0 240B0028 */  addiu   $t3, $zero, 0x0028         ## $t3 = 00000028
/* 02124 809968D4 AFAB0010 */  sw      $t3, 0x0010($sp)           
/* 02128 809968D8 02002025 */  or      $a0, $s0, $zero            ## $a0 = 00000000
/* 0212C 809968DC 00002825 */  or      $a1, $zero, $zero          ## $a1 = 00000000
/* 02130 809968E0 24060078 */  addiu   $a2, $zero, 0x0078         ## $a2 = 00000078
/* 02134 809968E4 0C02F2DC */  jal     func_800BCB70              
/* 02138 809968E8 00003825 */  or      $a3, $zero, $zero          ## $a3 = 00000000
/* 0213C 809968EC 0C265782 */  jal     func_80995E08              
/* 02140 809968F0 02002025 */  or      $a0, $s0, $zero            ## $a0 = 00000000
/* 02144 809968F4 10000072 */  beq     $zero, $zero, .L80996AC0   
/* 02148 809968F8 8FBF0024 */  lw      $ra, 0x0024($sp)           
.L809968FC:
/* 0214C 809968FC 3C013F80 */  lui     $at, 0x3F80                ## $at = 3F800000
/* 02150 80996900 44818000 */  mtc1    $at, $f16                  ## $f16 = 1.00
/* 02154 80996904 44809000 */  mtc1    $zero, $f18                ## $f18 = 0.00
/* 02158 80996908 240C0050 */  addiu   $t4, $zero, 0x0050         ## $t4 = 00000050
/* 0215C 8099690C A60C03D2 */  sh      $t4, 0x03D2($s0)           ## 000003D2
/* 02160 80996910 A20003E6 */  sb      $zero, 0x03E6($s0)         ## 000003E6
/* 02164 80996914 240D0008 */  addiu   $t5, $zero, 0x0008         ## $t5 = 00000008
/* 02168 80996918 E610022C */  swc1    $f16, 0x022C($s0)          ## 0000022C
/* 0216C 8099691C E6120230 */  swc1    $f18, 0x0230($s0)          ## 00000230
/* 02170 80996920 AFAD0010 */  sw      $t5, 0x0010($sp)           
/* 02174 80996924 02002025 */  or      $a0, $s0, $zero            ## $a0 = 00000000
/* 02178 80996928 24054000 */  addiu   $a1, $zero, 0x4000         ## $a1 = 00004000
/* 0217C 8099692C 240600FF */  addiu   $a2, $zero, 0x00FF         ## $a2 = 000000FF
/* 02180 80996930 0C02F2DC */  jal     func_800BCB70              
/* 02184 80996934 00003825 */  or      $a3, $zero, $zero          ## $a3 = 00000000
/* 02188 80996938 860E03D8 */  lh      $t6, 0x03D8($s0)           ## 000003D8
/* 0218C 8099693C 02002025 */  or      $a0, $s0, $zero            ## $a0 = 00000000
/* 02190 80996940 35CF0001 */  ori     $t7, $t6, 0x0001           ## $t7 = 00000001
/* 02194 80996944 0C2657E6 */  jal     func_80995F98              
/* 02198 80996948 A60F03D8 */  sh      $t7, 0x03D8($s0)           ## 000003D8
/* 0219C 8099694C 1000005C */  beq     $zero, $zero, .L80996AC0   
/* 021A0 80996950 8FBF0024 */  lw      $ra, 0x0024($sp)           
.L80996954:
/* 021A4 80996954 921800B7 */  lbu     $t8, 0x00B7($s0)           ## 000000B7
/* 021A8 80996958 02002025 */  or      $a0, $s0, $zero            ## $a0 = 00000000
/* 021AC 8099695C 24080003 */  addiu   $t0, $zero, 0x0003         ## $t0 = 00000003
/* 021B0 80996960 53000007 */  beql    $t8, $zero, .L80996980     
/* 021B4 80996964 A60803D2 */  sh      $t0, 0x03D2($s0)           ## 000003D2
/* 021B8 80996968 0C02E3B2 */  jal     func_800B8EC8              
/* 021BC 8099696C 24053832 */  addiu   $a1, $zero, 0x3832         ## $a1 = 00003832
/* 021C0 80996970 24190050 */  addiu   $t9, $zero, 0x0050         ## $t9 = 00000050
/* 021C4 80996974 10000002 */  beq     $zero, $zero, .L80996980   
/* 021C8 80996978 A61903D2 */  sh      $t9, 0x03D2($s0)           ## 000003D2
/* 021CC 8099697C A60803D2 */  sh      $t0, 0x03D2($s0)           ## 000003D2
.L80996980:
/* 021D0 80996980 3C013F80 */  lui     $at, 0x3F80                ## $at = 3F800000
/* 021D4 80996984 44812000 */  mtc1    $at, $f4                   ## $f4 = 1.00
/* 021D8 80996988 3C013F00 */  lui     $at, 0x3F00                ## $at = 3F000000
/* 021DC 8099698C 44813000 */  mtc1    $at, $f6                   ## $f6 = 0.50
/* 021E0 80996990 2409000B */  addiu   $t1, $zero, 0x000B         ## $t1 = 0000000B
/* 021E4 80996994 A20903E6 */  sb      $t1, 0x03E6($s0)           ## 000003E6
/* 021E8 80996998 240A0008 */  addiu   $t2, $zero, 0x0008         ## $t2 = 00000008
/* 021EC 8099699C E604022C */  swc1    $f4, 0x022C($s0)           ## 0000022C
/* 021F0 809969A0 E6060230 */  swc1    $f6, 0x0230($s0)           ## 00000230
/* 021F4 809969A4 AFAA0010 */  sw      $t2, 0x0010($sp)           
/* 021F8 809969A8 02002025 */  or      $a0, $s0, $zero            ## $a0 = 00000000
/* 021FC 809969AC 24054000 */  addiu   $a1, $zero, 0x4000         ## $a1 = 00004000
/* 02200 809969B0 240600FF */  addiu   $a2, $zero, 0x00FF         ## $a2 = 000000FF
/* 02204 809969B4 0C02F2DC */  jal     func_800BCB70              
/* 02208 809969B8 00003825 */  or      $a3, $zero, $zero          ## $a3 = 00000000
/* 0220C 809969BC 0C2658B5 */  jal     func_809962D4              
/* 02210 809969C0 02002025 */  or      $a0, $s0, $zero            ## $a0 = 00000000
/* 02214 809969C4 1000003E */  beq     $zero, $zero, .L80996AC0   
/* 02218 809969C8 8FBF0024 */  lw      $ra, 0x0024($sp)           
.L809969CC:
/* 0221C 809969CC 3C013F80 */  lui     $at, 0x3F80                ## $at = 3F800000
/* 02220 809969D0 44814000 */  mtc1    $at, $f8                   ## $f8 = 1.00
/* 02224 809969D4 3C013F00 */  lui     $at, 0x3F00                ## $at = 3F000000
/* 02228 809969D8 44815000 */  mtc1    $at, $f10                  ## $f10 = 0.50
/* 0222C 809969DC 240B0028 */  addiu   $t3, $zero, 0x0028         ## $t3 = 00000028
/* 02230 809969E0 240C0014 */  addiu   $t4, $zero, 0x0014         ## $t4 = 00000014
/* 02234 809969E4 A60B03D2 */  sh      $t3, 0x03D2($s0)           ## 000003D2
/* 02238 809969E8 A20C03E6 */  sb      $t4, 0x03E6($s0)           ## 000003E6
/* 0223C 809969EC 240D0008 */  addiu   $t5, $zero, 0x0008         ## $t5 = 00000008
/* 02240 809969F0 E608022C */  swc1    $f8, 0x022C($s0)           ## 0000022C
/* 02244 809969F4 E60A0230 */  swc1    $f10, 0x0230($s0)          ## 00000230
/* 02248 809969F8 AFAD0010 */  sw      $t5, 0x0010($sp)           
/* 0224C 809969FC 02002025 */  or      $a0, $s0, $zero            ## $a0 = 00000000
/* 02250 80996A00 24054000 */  addiu   $a1, $zero, 0x4000         ## $a1 = 00004000
/* 02254 80996A04 240600FF */  addiu   $a2, $zero, 0x00FF         ## $a2 = 000000FF
/* 02258 80996A08 0C02F2DC */  jal     func_800BCB70              
/* 0225C 80996A0C 00003825 */  or      $a3, $zero, $zero          ## $a3 = 00000000
/* 02260 80996A10 02002025 */  or      $a0, $s0, $zero            ## $a0 = 00000000
/* 02264 80996A14 0C02E3B2 */  jal     func_800B8EC8              
/* 02268 80996A18 24053832 */  addiu   $a1, $zero, 0x3832         ## $a1 = 00003832
/* 0226C 80996A1C 3C058099 */  lui     $a1, %hi(D_80997330)       ## $a1 = 80990000
/* 02270 80996A20 24A57330 */  addiu   $a1, $a1, %lo(D_80997330)  ## $a1 = 80997330
/* 02274 80996A24 26040144 */  addiu   $a0, $s0, 0x0144           ## $a0 = 00000144
/* 02278 80996A28 0C02F717 */  jal     func_800BDC5C              
/* 0227C 80996A2C 24060003 */  addiu   $a2, $zero, 0x0003         ## $a2 = 00000003
/* 02280 80996A30 0C2658F1 */  jal     func_809963C4              
/* 02284 80996A34 02002025 */  or      $a0, $s0, $zero            ## $a0 = 00000000
/* 02288 80996A38 10000021 */  beq     $zero, $zero, .L80996AC0   
/* 0228C 80996A3C 8FBF0024 */  lw      $ra, 0x0024($sp)           
.L80996A40:
/* 02290 80996A40 860E03D8 */  lh      $t6, 0x03D8($s0)           ## 000003D8
/* 02294 80996A44 35CF0001 */  ori     $t7, $t6, 0x0001           ## $t7 = 00000001
/* 02298 80996A48 A60F03D8 */  sh      $t7, 0x03D8($s0)           ## 000003D8
.L80996A4C:
/* 0229C 80996A4C 8FB80028 */  lw      $t8, 0x0028($sp)           
/* 022A0 80996A50 24010004 */  addiu   $at, $zero, 0x0004         ## $at = 00000004
/* 022A4 80996A54 83020ADA */  lb      $v0, 0x0ADA($t8)           ## 00000ADA
/* 022A8 80996A58 10410007 */  beq     $v0, $at, .L80996A78       
/* 022AC 80996A5C 2401000B */  addiu   $at, $zero, 0x000B         ## $at = 0000000B
/* 022B0 80996A60 10410005 */  beq     $v0, $at, .L80996A78       
/* 022B4 80996A64 24010016 */  addiu   $at, $zero, 0x0016         ## $at = 00000016
/* 022B8 80996A68 10410003 */  beq     $v0, $at, .L80996A78       
/* 022BC 80996A6C 24010017 */  addiu   $at, $zero, 0x0017         ## $at = 00000017
/* 022C0 80996A70 54410005 */  bnel    $v0, $at, .L80996A88       
/* 022C4 80996A74 24090008 */  addiu   $t1, $zero, 0x0008         ## $t1 = 00000008
.L80996A78:
/* 022C8 80996A78 861903D8 */  lh      $t9, 0x03D8($s0)           ## 000003D8
/* 022CC 80996A7C 37280001 */  ori     $t0, $t9, 0x0001           ## $t0 = 00000001
/* 022D0 80996A80 A60803D8 */  sh      $t0, 0x03D8($s0)           ## 000003D8
.L80996A84:
/* 022D4 80996A84 24090008 */  addiu   $t1, $zero, 0x0008         ## $t1 = 00000008
.L80996A88:
/* 022D8 80996A88 AFA90010 */  sw      $t1, 0x0010($sp)           
/* 022DC 80996A8C 02002025 */  or      $a0, $s0, $zero            ## $a0 = 00000000
/* 022E0 80996A90 24054000 */  addiu   $a1, $zero, 0x4000         ## $a1 = 00004000
/* 022E4 80996A94 240600FF */  addiu   $a2, $zero, 0x00FF         ## $a2 = 000000FF
/* 022E8 80996A98 0C02F2DC */  jal     func_800BCB70              
/* 022EC 80996A9C 00003825 */  or      $a3, $zero, $zero          ## $a3 = 00000000
/* 022F0 80996AA0 3C058099 */  lui     $a1, %hi(D_80997330)       ## $a1 = 80990000
/* 022F4 80996AA4 24A57330 */  addiu   $a1, $a1, %lo(D_80997330)  ## $a1 = 80997330
/* 022F8 80996AA8 26040144 */  addiu   $a0, $s0, 0x0144           ## $a0 = 00000144
/* 022FC 80996AAC 0C02F717 */  jal     func_800BDC5C              
/* 02300 80996AB0 24060003 */  addiu   $a2, $zero, 0x0003         ## $a2 = 00000003
/* 02304 80996AB4 0C2657E6 */  jal     func_80995F98              
/* 02308 80996AB8 02002025 */  or      $a0, $s0, $zero            ## $a0 = 00000000
.L80996ABC:
/* 0230C 80996ABC 8FBF0024 */  lw      $ra, 0x0024($sp)           
.L80996AC0:
/* 02310 80996AC0 8FB00020 */  lw      $s0, 0x0020($sp)           
/* 02314 80996AC4 27BD0030 */  addiu   $sp, $sp, 0x0030           ## $sp = 00000000
/* 02318 80996AC8 03E00008 */  jr      $ra                        
/* 0231C 80996ACC 00000000 */  nop


glabel func_80996AD0
/* 02320 80996AD0 27BDFFE0 */  addiu   $sp, $sp, 0xFFE0           ## $sp = FFFFFFE0
/* 02324 80996AD4 AFBF0014 */  sw      $ra, 0x0014($sp)           
/* 02328 80996AD8 AFA50024 */  sw      $a1, 0x0024($sp)           
/* 0232C 80996ADC 00803825 */  or      $a3, $a0, $zero            ## $a3 = 00000000
/* 02330 80996AE0 8CEE0228 */  lw      $t6, 0x0228($a3)           ## 00000228
/* 02334 80996AE4 3C038099 */  lui     $v1, %hi(func_80996284)    ## $v1 = 80990000
/* 02338 80996AE8 24636284 */  addiu   $v1, $v1, %lo(func_80996284) ## $v1 = 80996284
/* 0233C 80996AEC 506E003C */  beql    $v1, $t6, .L80996BE0       
/* 02340 80996AF0 8FBF0014 */  lw      $ra, 0x0014($sp)           
/* 02344 80996AF4 84EF03E2 */  lh      $t7, 0x03E2($a3)           ## 000003E2
/* 02348 80996AF8 24010001 */  addiu   $at, $zero, 0x0001         ## $at = 00000001
/* 0234C 80996AFC 51E10038 */  beql    $t7, $at, .L80996BE0       
/* 02350 80996B00 8FBF0014 */  lw      $ra, 0x0014($sp)           
/* 02354 80996B04 90F803E4 */  lbu     $t8, 0x03E4($a3)           ## 000003E4
/* 02358 80996B08 3C010001 */  lui     $at, 0x0001                ## $at = 00010000
/* 0235C 80996B0C 34218884 */  ori     $at, $at, 0x8884           ## $at = 00018884
/* 02360 80996B10 13000008 */  beq     $t8, $zero, .L80996B34     
/* 02364 80996B14 8FA40024 */  lw      $a0, 0x0024($sp)           
/* 02368 80996B18 00812821 */  addu    $a1, $a0, $at              
/* 0236C 80996B1C 24E60188 */  addiu   $a2, $a3, 0x0188           ## $a2 = 00000188
/* 02370 80996B20 AFA3001C */  sw      $v1, 0x001C($sp)           
/* 02374 80996B24 0C038956 */  jal     func_800E2558              
/* 02378 80996B28 AFA70020 */  sw      $a3, 0x0020($sp)           
/* 0237C 80996B2C 8FA3001C */  lw      $v1, 0x001C($sp)           
/* 02380 80996B30 8FA70020 */  lw      $a3, 0x0020($sp)           
.L80996B34:
/* 02384 80996B34 84E203DE */  lh      $v0, 0x03DE($a3)           ## 000003DE
/* 02388 80996B38 54400005 */  bnel    $v0, $zero, .L80996B50     
/* 0238C 80996B3C 24010001 */  addiu   $at, $zero, 0x0001         ## $at = 00000001
/* 02390 80996B40 84E803D0 */  lh      $t0, 0x03D0($a3)           ## 000003D0
/* 02394 80996B44 2901000B */  slti    $at, $t0, 0x000B           
/* 02398 80996B48 14200018 */  bne     $at, $zero, .L80996BAC     
/* 0239C 80996B4C 24010001 */  addiu   $at, $zero, 0x0001         ## $at = 00000001
.L80996B50:
/* 023A0 80996B50 10410016 */  beq     $v0, $at, .L80996BAC       
/* 023A4 80996B54 24010004 */  addiu   $at, $zero, 0x0004         ## $at = 00000004
/* 023A8 80996B58 10410014 */  beq     $v0, $at, .L80996BAC       
/* 023AC 80996B5C 24010006 */  addiu   $at, $zero, 0x0006         ## $at = 00000006
/* 023B0 80996B60 10410012 */  beq     $v0, $at, .L80996BAC       
/* 023B4 80996B64 24010007 */  addiu   $at, $zero, 0x0007         ## $at = 00000007
/* 023B8 80996B68 50410011 */  beql    $v0, $at, .L80996BB0       
/* 023BC 80996B6C 8CE20228 */  lw      $v0, 0x0228($a3)           ## 00000228
/* 023C0 80996B70 90E9011C */  lbu     $t1, 0x011C($a3)           ## 0000011C
/* 023C4 80996B74 3C010001 */  lui     $at, 0x0001                ## $at = 00010000
/* 023C8 80996B78 34218884 */  ori     $at, $at, 0x8884           ## $at = 00018884
/* 023CC 80996B7C 11200004 */  beq     $t1, $zero, .L80996B90     
/* 023D0 80996B80 8FA40024 */  lw      $a0, 0x0024($sp)           
/* 023D4 80996B84 94EA011A */  lhu     $t2, 0x011A($a3)           ## 0000011A
/* 023D8 80996B88 314B4000 */  andi    $t3, $t2, 0x4000           ## $t3 = 00000000
/* 023DC 80996B8C 15600007 */  bne     $t3, $zero, .L80996BAC     
.L80996B90:
/* 023E0 80996B90 00812821 */  addu    $a1, $a0, $at              
/* 023E4 80996B94 24E60188 */  addiu   $a2, $a3, 0x0188           ## $a2 = 00000188
/* 023E8 80996B98 AFA3001C */  sw      $v1, 0x001C($sp)           
/* 023EC 80996B9C 0C0389D0 */  jal     func_800E2740              
/* 023F0 80996BA0 AFA70020 */  sw      $a3, 0x0020($sp)           
/* 023F4 80996BA4 8FA3001C */  lw      $v1, 0x001C($sp)           
/* 023F8 80996BA8 8FA70020 */  lw      $a3, 0x0020($sp)           
.L80996BAC:
/* 023FC 80996BAC 8CE20228 */  lw      $v0, 0x0228($a3)           ## 00000228
.L80996BB0:
/* 02400 80996BB0 3C0D8099 */  lui     $t5, %hi(func_809964A0)    ## $t5 = 80990000
/* 02404 80996BB4 25AD64A0 */  addiu   $t5, $t5, %lo(func_809964A0) ## $t5 = 809964A0
/* 02408 80996BB8 50620009 */  beql    $v1, $v0, .L80996BE0       
/* 0240C 80996BBC 8FBF0014 */  lw      $ra, 0x0014($sp)           
/* 02410 80996BC0 11A20006 */  beq     $t5, $v0, .L80996BDC       
/* 02414 80996BC4 8FA40024 */  lw      $a0, 0x0024($sp)           
/* 02418 80996BC8 3C010001 */  lui     $at, 0x0001                ## $at = 00010000
/* 0241C 80996BCC 34218884 */  ori     $at, $at, 0x8884           ## $at = 00018884
/* 02420 80996BD0 00812821 */  addu    $a1, $a0, $at              
/* 02424 80996BD4 0C038A4A */  jal     func_800E2928              
/* 02428 80996BD8 24E60188 */  addiu   $a2, $a3, 0x0188           ## $a2 = 00000188
.L80996BDC:
/* 0242C 80996BDC 8FBF0014 */  lw      $ra, 0x0014($sp)           
.L80996BE0:
/* 02430 80996BE0 27BD0020 */  addiu   $sp, $sp, 0x0020           ## $sp = 00000000
/* 02434 80996BE4 03E00008 */  jr      $ra                        
/* 02438 80996BE8 00000000 */  nop


glabel func_80996BEC
/* 0243C 80996BEC 27BDFF70 */  addiu   $sp, $sp, 0xFF70           ## $sp = FFFFFF70
/* 02440 80996BF0 AFB10044 */  sw      $s1, 0x0044($sp)           
/* 02444 80996BF4 00808825 */  or      $s1, $a0, $zero            ## $s1 = 00000000
/* 02448 80996BF8 AFBF0064 */  sw      $ra, 0x0064($sp)           
/* 0244C 80996BFC AFBE0060 */  sw      $s8, 0x0060($sp)           
/* 02450 80996C00 AFB7005C */  sw      $s7, 0x005C($sp)           
/* 02454 80996C04 AFB60058 */  sw      $s6, 0x0058($sp)           
/* 02458 80996C08 AFB50054 */  sw      $s5, 0x0054($sp)           
/* 0245C 80996C0C AFB40050 */  sw      $s4, 0x0050($sp)           
/* 02460 80996C10 AFB3004C */  sw      $s3, 0x004C($sp)           
/* 02464 80996C14 AFB20048 */  sw      $s2, 0x0048($sp)           
/* 02468 80996C18 AFB00040 */  sw      $s0, 0x0040($sp)           
/* 0246C 80996C1C F7B80038 */  sdc1    $f24, 0x0038($sp)          
/* 02470 80996C20 F7B60030 */  sdc1    $f22, 0x0030($sp)          
/* 02474 80996C24 F7B40028 */  sdc1    $f20, 0x0028($sp)          
/* 02478 80996C28 AFA50094 */  sw      $a1, 0x0094($sp)           
/* 0247C 80996C2C 862E03D8 */  lh      $t6, 0x03D8($s1)           ## 000003D8
/* 02480 80996C30 26320024 */  addiu   $s2, $s1, 0x0024           ## $s2 = 00000024
/* 02484 80996C34 02402825 */  or      $a1, $s2, $zero            ## $a1 = 00000024
/* 02488 80996C38 31CF0002 */  andi    $t7, $t6, 0x0002           ## $t7 = 00000000
/* 0248C 80996C3C 11E00003 */  beq     $t7, $zero, .L80996C4C     
/* 02490 80996C40 8FA40094 */  lw      $a0, 0x0094($sp)           
/* 02494 80996C44 10000002 */  beq     $zero, $zero, .L80996C50   
/* 02498 80996C48 2414000D */  addiu   $s4, $zero, 0x000D         ## $s4 = 0000000D
.L80996C4C:
/* 0249C 80996C4C 2414000E */  addiu   $s4, $zero, 0x000E         ## $s4 = 0000000E
.L80996C50:
/* 024A0 80996C50 2406001E */  addiu   $a2, $zero, 0x001E         ## $a2 = 0000001E
/* 024A4 80996C54 0C03C15A */  jal     func_800F0568              
/* 024A8 80996C58 240728CB */  addiu   $a3, $zero, 0x28CB         ## $a3 = 000028CB
/* 024AC 80996C5C 1A800033 */  blez    $s4, .L80996D2C            
/* 024B0 80996C60 26300234 */  addiu   $s0, $s1, 0x0234           ## $s0 = 00000234
/* 024B4 80996C64 3C018099 */  lui     $at, %hi(D_80997624)       ## $at = 80990000
/* 024B8 80996C68 C4387624 */  lwc1    $f24, %lo(D_80997624)($at) 
/* 024BC 80996C6C 3C014080 */  lui     $at, 0x4080                ## $at = 40800000
/* 024C0 80996C70 0014C080 */  sll     $t8, $s4,  2               
/* 024C4 80996C74 0314C023 */  subu    $t8, $t8, $s4              
/* 024C8 80996C78 4481B000 */  mtc1    $at, $f22                  ## $f22 = 4.00
/* 024CC 80996C7C 3C014040 */  lui     $at, 0x4040                ## $at = 40400000
/* 024D0 80996C80 0018C080 */  sll     $t8, $t8,  2               
/* 024D4 80996C84 03119821 */  addu    $s3, $t8, $s1              
/* 024D8 80996C88 3C1E8099 */  lui     $s8, %hi(D_80997554)       ## $s8 = 80990000
/* 024DC 80996C8C 3C178099 */  lui     $s7, %hi(D_80997550)       ## $s7 = 80990000
/* 024E0 80996C90 3C168099 */  lui     $s6, %hi(D_80997558)       ## $s6 = 80990000
/* 024E4 80996C94 4481A000 */  mtc1    $at, $f20                  ## $f20 = 3.00
/* 024E8 80996C98 26D67558 */  addiu   $s6, $s6, %lo(D_80997558)  ## $s6 = 80997558
/* 024EC 80996C9C 26F77550 */  addiu   $s7, $s7, %lo(D_80997550)  ## $s7 = 80997550
/* 024F0 80996CA0 27DE7554 */  addiu   $s8, $s8, %lo(D_80997554)  ## $s8 = 80997554
/* 024F4 80996CA4 26730234 */  addiu   $s3, $s3, 0x0234           ## $s3 = 00000234
/* 024F8 80996CA8 27B50084 */  addiu   $s5, $sp, 0x0084           ## $s5 = FFFFFFF4
/* 024FC 80996CAC 02402025 */  or      $a0, $s2, $zero            ## $a0 = 00000024
.L80996CB0:
/* 02500 80996CB0 0C03FE98 */  jal     func_800FFA60              
/* 02504 80996CB4 02002825 */  or      $a1, $s0, $zero            ## $a1 = 00000234
/* 02508 80996CB8 00028C00 */  sll     $s1, $v0, 16               
/* 0250C 80996CBC 00022400 */  sll     $a0, $v0, 16               
/* 02510 80996CC0 00118C03 */  sra     $s1, $s1, 16               
/* 02514 80996CC4 0C03FB61 */  jal     func_800FED84              
/* 02518 80996CC8 00042403 */  sra     $a0, $a0, 16               
/* 0251C 80996CCC 46140102 */  mul.s   $f4, $f0, $f20             
/* 02520 80996CD0 00112400 */  sll     $a0, $s1, 16               
/* 02524 80996CD4 00042403 */  sra     $a0, $a0, 16               
/* 02528 80996CD8 0C03FB51 */  jal     func_800FED44              
/* 0252C 80996CDC E7A40084 */  swc1    $f4, 0x0084($sp)           
/* 02530 80996CE0 46140182 */  mul.s   $f6, $f0, $f20             
/* 02534 80996CE4 0C021BF7 */  jal     func_80086FDC              
/* 02538 80996CE8 E7A6008C */  swc1    $f6, 0x008C($sp)           
/* 0253C 80996CEC 46160202 */  mul.s   $f8, $f0, $f22             
/* 02540 80996CF0 4406C000 */  mfc1    $a2, $f24                  
/* 02544 80996CF4 2419001E */  addiu   $t9, $zero, 0x001E         ## $t9 = 0000001E
/* 02548 80996CF8 AFB9001C */  sw      $t9, 0x001C($sp)           
/* 0254C 80996CFC 8FA40094 */  lw      $a0, 0x0094($sp)           
/* 02550 80996D00 02002825 */  or      $a1, $s0, $zero            ## $a1 = 00000234
/* 02554 80996D04 02A03825 */  or      $a3, $s5, $zero            ## $a3 = FFFFFFF4
/* 02558 80996D08 46164280 */  add.s   $f10, $f8, $f22            
/* 0255C 80996D0C AFB60010 */  sw      $s6, 0x0010($sp)           
/* 02560 80996D10 AFB70014 */  sw      $s7, 0x0014($sp)           
/* 02564 80996D14 AFBE0018 */  sw      $s8, 0x0018($sp)           
/* 02568 80996D18 0C02CAF0 */  jal     func_800B2BC0              
/* 0256C 80996D1C E7AA0088 */  swc1    $f10, 0x0088($sp)          
/* 02570 80996D20 2610000C */  addiu   $s0, $s0, 0x000C           ## $s0 = 00000240
/* 02574 80996D24 5613FFE2 */  bnel    $s0, $s3, .L80996CB0       
/* 02578 80996D28 02402025 */  or      $a0, $s2, $zero            ## $a0 = 00000024
.L80996D2C:
/* 0257C 80996D2C 8FBF0064 */  lw      $ra, 0x0064($sp)           
/* 02580 80996D30 D7B40028 */  ldc1    $f20, 0x0028($sp)          
/* 02584 80996D34 D7B60030 */  ldc1    $f22, 0x0030($sp)          
/* 02588 80996D38 D7B80038 */  ldc1    $f24, 0x0038($sp)          
/* 0258C 80996D3C 8FB00040 */  lw      $s0, 0x0040($sp)           
/* 02590 80996D40 8FB10044 */  lw      $s1, 0x0044($sp)           
/* 02594 80996D44 8FB20048 */  lw      $s2, 0x0048($sp)           
/* 02598 80996D48 8FB3004C */  lw      $s3, 0x004C($sp)           
/* 0259C 80996D4C 8FB40050 */  lw      $s4, 0x0050($sp)           
/* 025A0 80996D50 8FB50054 */  lw      $s5, 0x0054($sp)           
/* 025A4 80996D54 8FB60058 */  lw      $s6, 0x0058($sp)           
/* 025A8 80996D58 8FB7005C */  lw      $s7, 0x005C($sp)           
/* 025AC 80996D5C 8FBE0060 */  lw      $s8, 0x0060($sp)           
/* 025B0 80996D60 03E00008 */  jr      $ra                        
/* 025B4 80996D64 27BD0090 */  addiu   $sp, $sp, 0x0090           ## $sp = 00000000


glabel func_80996D68
/* 025B8 80996D68 27BDFFD8 */  addiu   $sp, $sp, 0xFFD8           ## $sp = FFFFFFD8
/* 025BC 80996D6C AFB00020 */  sw      $s0, 0x0020($sp)           
/* 025C0 80996D70 00808025 */  or      $s0, $a0, $zero            ## $s0 = 00000000
/* 025C4 80996D74 AFBF0024 */  sw      $ra, 0x0024($sp)           
/* 025C8 80996D78 AFA5002C */  sw      $a1, 0x002C($sp)           
/* 025CC 80996D7C 860203D2 */  lh      $v0, 0x03D2($s0)           ## 000003D2
/* 025D0 80996D80 18400002 */  blez    $v0, .L80996D8C            
/* 025D4 80996D84 244EFFFF */  addiu   $t6, $v0, 0xFFFF           ## $t6 = FFFFFFFF
/* 025D8 80996D88 A60E03D2 */  sh      $t6, 0x03D2($s0)           ## 000003D2
.L80996D8C:
/* 025DC 80996D8C 8E020228 */  lw      $v0, 0x0228($s0)           ## 00000228
/* 025E0 80996D90 3C0F8099 */  lui     $t7, %hi(func_8099630C)    ## $t7 = 80990000
/* 025E4 80996D94 25EF630C */  addiu   $t7, $t7, %lo(func_8099630C) ## $t7 = 8099630C
/* 025E8 80996D98 51E2002C */  beql    $t7, $v0, .L80996E4C       
/* 025EC 80996D9C 8FBF0024 */  lw      $ra, 0x0024($sp)           
/* 025F0 80996DA0 861803D2 */  lh      $t8, 0x03D2($s0)           ## 000003D2
/* 025F4 80996DA4 26040230 */  addiu   $a0, $s0, 0x0230           ## $a0 = 00000230
/* 025F8 80996DA8 3C053F00 */  lui     $a1, 0x3F00                ## $a1 = 3F000000
/* 025FC 80996DAC 2B010014 */  slti    $at, $t8, 0x0014           
/* 02600 80996DB0 1020001F */  beq     $at, $zero, .L80996E30     
/* 02604 80996DB4 3C063DCC */  lui     $a2, 0x3DCC                ## $a2 = 3DCC0000
/* 02608 80996DB8 3C198099 */  lui     $t9, %hi(func_809963D8)    ## $t9 = 80990000
/* 0260C 80996DBC 273963D8 */  addiu   $t9, $t9, %lo(func_809963D8) ## $t9 = 809963D8
/* 02610 80996DC0 1722000B */  bne     $t9, $v0, .L80996DF0       
/* 02614 80996DC4 26040230 */  addiu   $a0, $s0, 0x0230           ## $a0 = 00000230
/* 02618 80996DC8 44800000 */  mtc1    $zero, $f0                 ## $f0 = 0.00
/* 0261C 80996DCC 3C073CF5 */  lui     $a3, 0x3CF5                ## $a3 = 3CF50000
/* 02620 80996DD0 34E7C28F */  ori     $a3, $a3, 0xC28F           ## $a3 = 3CF5C28F
/* 02624 80996DD4 44050000 */  mfc1    $a1, $f0                   
/* 02628 80996DD8 26040230 */  addiu   $a0, $s0, 0x0230           ## $a0 = 00000230
/* 0262C 80996DDC 3C063F00 */  lui     $a2, 0x3F00                ## $a2 = 3F000000
/* 02630 80996DE0 0C03FF36 */  jal     func_800FFCD8              
/* 02634 80996DE4 E7A00010 */  swc1    $f0, 0x0010($sp)           
/* 02638 80996DE8 10000009 */  beq     $zero, $zero, .L80996E10   
/* 0263C 80996DEC 860803D2 */  lh      $t0, 0x03D2($s0)           ## 000003D2
.L80996DF0:
/* 02640 80996DF0 44800000 */  mtc1    $zero, $f0                 ## $f0 = 0.00
/* 02644 80996DF4 3C073C23 */  lui     $a3, 0x3C23                ## $a3 = 3C230000
/* 02648 80996DF8 34E7D70A */  ori     $a3, $a3, 0xD70A           ## $a3 = 3C23D70A
/* 0264C 80996DFC 44050000 */  mfc1    $a1, $f0                   
/* 02650 80996E00 3C063F00 */  lui     $a2, 0x3F00                ## $a2 = 3F000000
/* 02654 80996E04 0C03FF36 */  jal     func_800FFCD8              
/* 02658 80996E08 E7A00010 */  swc1    $f0, 0x0010($sp)           
/* 0265C 80996E0C 860803D2 */  lh      $t0, 0x03D2($s0)           ## 000003D2
.L80996E10:
/* 02660 80996E10 3C018099 */  lui     $at, %hi(D_80997628)       ## $at = 80990000
/* 02664 80996E14 C4287628 */  lwc1    $f8, %lo(D_80997628)($at)  
/* 02668 80996E18 44882000 */  mtc1    $t0, $f4                   ## $f4 = 0.00
/* 0266C 80996E1C 00000000 */  nop
/* 02670 80996E20 468021A0 */  cvt.s.w $f6, $f4                   
/* 02674 80996E24 46083282 */  mul.s   $f10, $f6, $f8             
/* 02678 80996E28 10000007 */  beq     $zero, $zero, .L80996E48   
/* 0267C 80996E2C E60A022C */  swc1    $f10, 0x022C($s0)          ## 0000022C
.L80996E30:
/* 02680 80996E30 44800000 */  mtc1    $zero, $f0                 ## $f0 = 0.00
/* 02684 80996E34 3C073CA3 */  lui     $a3, 0x3CA3                ## $a3 = 3CA30000
/* 02688 80996E38 34E7D70A */  ori     $a3, $a3, 0xD70A           ## $a3 = 3CA3D70A
/* 0268C 80996E3C 34C6CCCD */  ori     $a2, $a2, 0xCCCD           ## $a2 = 0000CCCD
/* 02690 80996E40 0C03FF36 */  jal     func_800FFCD8              
/* 02694 80996E44 E7A00010 */  swc1    $f0, 0x0010($sp)           
.L80996E48:
/* 02698 80996E48 8FBF0024 */  lw      $ra, 0x0024($sp)           
.L80996E4C:
/* 0269C 80996E4C 8FB00020 */  lw      $s0, 0x0020($sp)           
/* 026A0 80996E50 27BD0028 */  addiu   $sp, $sp, 0x0028           ## $sp = 00000000
/* 026A4 80996E54 03E00008 */  jr      $ra                        
/* 026A8 80996E58 00000000 */  nop


glabel func_80996E5C
/* 026AC 80996E5C 27BDFFC0 */  addiu   $sp, $sp, 0xFFC0           ## $sp = FFFFFFC0
/* 026B0 80996E60 AFB10020 */  sw      $s1, 0x0020($sp)           
/* 026B4 80996E64 AFB0001C */  sw      $s0, 0x001C($sp)           
/* 026B8 80996E68 00808025 */  or      $s0, $a0, $zero            ## $s0 = 00000000
/* 026BC 80996E6C 00A08825 */  or      $s1, $a1, $zero            ## $s1 = 00000000
/* 026C0 80996E70 AFBF0024 */  sw      $ra, 0x0024($sp)           
/* 026C4 80996E74 8E190228 */  lw      $t9, 0x0228($s0)           ## 00000228
/* 026C8 80996E78 02002025 */  or      $a0, $s0, $zero            ## $a0 = 00000000
/* 026CC 80996E7C 02202825 */  or      $a1, $s1, $zero            ## $a1 = 00000000
/* 026D0 80996E80 0320F809 */  jalr    $ra, $t9                   
/* 026D4 80996E84 00000000 */  nop
/* 026D8 80996E88 8E020228 */  lw      $v0, 0x0228($s0)           ## 00000228
/* 026DC 80996E8C 3C038099 */  lui     $v1, %hi(func_80995E64)    ## $v1 = 80990000
/* 026E0 80996E90 24635E64 */  addiu   $v1, $v1, %lo(func_80995E64) ## $v1 = 80995E64
/* 026E4 80996E94 1062000D */  beq     $v1, $v0, .L80996ECC       
/* 026E8 80996E98 3C0E8099 */  lui     $t6, %hi(func_80996284)    ## $t6 = 80990000
/* 026EC 80996E9C 25CE6284 */  addiu   $t6, $t6, %lo(func_80996284) ## $t6 = 80996284
/* 026F0 80996EA0 11C2000A */  beq     $t6, $v0, .L80996ECC       
/* 026F4 80996EA4 3C0F8099 */  lui     $t7, %hi(func_8099630C)    ## $t7 = 80990000
/* 026F8 80996EA8 25EF630C */  addiu   $t7, $t7, %lo(func_8099630C) ## $t7 = 8099630C
/* 026FC 80996EAC 11E20007 */  beq     $t7, $v0, .L80996ECC       
/* 02700 80996EB0 3C188099 */  lui     $t8, %hi(func_809963D8)    ## $t8 = 80990000
/* 02704 80996EB4 271863D8 */  addiu   $t8, $t8, %lo(func_809963D8) ## $t8 = 809963D8
/* 02708 80996EB8 13020004 */  beq     $t8, $v0, .L80996ECC       
/* 0270C 80996EBC 26040144 */  addiu   $a0, $s0, 0x0144           ## $a0 = 00000144
/* 02710 80996EC0 0C04DB34 */  jal     func_80136CD0              
/* 02714 80996EC4 AFA30030 */  sw      $v1, 0x0030($sp)           
/* 02718 80996EC8 8FA30030 */  lw      $v1, 0x0030($sp)           
.L80996ECC:
/* 0271C 80996ECC 3C088099 */  lui     $t0, %hi(func_8099630C)    ## $t0 = 80990000
/* 02720 80996ED0 2508630C */  addiu   $t0, $t0, %lo(func_8099630C) ## $t0 = 8099630C
/* 02724 80996ED4 AFA8002C */  sw      $t0, 0x002C($sp)           
/* 02728 80996ED8 02002025 */  or      $a0, $s0, $zero            ## $a0 = 00000000
/* 0272C 80996EDC 02202825 */  or      $a1, $s1, $zero            ## $a1 = 00000000
/* 02730 80996EE0 0C2659CB */  jal     func_8099672C              
/* 02734 80996EE4 AFA30030 */  sw      $v1, 0x0030($sp)           
/* 02738 80996EE8 8E020228 */  lw      $v0, 0x0228($s0)           ## 00000228
/* 0273C 80996EEC 8FA9002C */  lw      $t1, 0x002C($sp)           
/* 02740 80996EF0 3C0A8099 */  lui     $t2, %hi(func_809963D8)    ## $t2 = 80990000
/* 02744 80996EF4 8FA30030 */  lw      $v1, 0x0030($sp)           
/* 02748 80996EF8 11220007 */  beq     $t1, $v0, .L80996F18       
/* 0274C 80996EFC 254A63D8 */  addiu   $t2, $t2, %lo(func_809963D8) ## $t2 = 809963D8
/* 02750 80996F00 51420006 */  beql    $t2, $v0, .L80996F1C       
/* 02754 80996F04 3C014270 */  lui     $at, 0x4270                ## $at = 42700000
/* 02758 80996F08 50620004 */  beql    $v1, $v0, .L80996F1C       
/* 0275C 80996F0C 3C014270 */  lui     $at, 0x4270                ## $at = 42700000
/* 02760 80996F10 0C02DAA2 */  jal     func_800B6A88              
/* 02764 80996F14 02002025 */  or      $a0, $s0, $zero            ## $a0 = 00000000
.L80996F18:
/* 02768 80996F18 3C014270 */  lui     $at, 0x4270                ## $at = 42700000
.L80996F1C:
/* 0276C 80996F1C 44812000 */  mtc1    $at, $f4                   ## $f4 = 60.00
/* 02770 80996F20 240B001D */  addiu   $t3, $zero, 0x001D         ## $t3 = 0000001D
/* 02774 80996F24 AFAB0014 */  sw      $t3, 0x0014($sp)           
/* 02778 80996F28 02202025 */  or      $a0, $s1, $zero            ## $a0 = 00000000
/* 0277C 80996F2C 02002825 */  or      $a1, $s0, $zero            ## $a1 = 00000000
/* 02780 80996F30 3C064170 */  lui     $a2, 0x4170                ## $a2 = 41700000
/* 02784 80996F34 3C0741F0 */  lui     $a3, 0x41F0                ## $a3 = 41F00000
/* 02788 80996F38 0C02DE2E */  jal     func_800B78B8              
/* 0278C 80996F3C E7A40010 */  swc1    $f4, 0x0010($sp)           
/* 02790 80996F40 02002025 */  or      $a0, $s0, $zero            ## $a0 = 00000000
/* 02794 80996F44 0C265937 */  jal     func_809964DC              
/* 02798 80996F48 02202825 */  or      $a1, $s1, $zero            ## $a1 = 00000000
/* 0279C 80996F4C 02002025 */  or      $a0, $s0, $zero            ## $a0 = 00000000
/* 027A0 80996F50 0C265AB4 */  jal     func_80996AD0              
/* 027A4 80996F54 02202825 */  or      $a1, $s1, $zero            ## $a1 = 00000000
/* 027A8 80996F58 02002025 */  or      $a0, $s0, $zero            ## $a0 = 00000000
/* 027AC 80996F5C 0C265B5A */  jal     func_80996D68              
/* 027B0 80996F60 02202825 */  or      $a1, $s1, $zero            ## $a1 = 00000000
/* 027B4 80996F64 8FBF0024 */  lw      $ra, 0x0024($sp)           
/* 027B8 80996F68 8FB0001C */  lw      $s0, 0x001C($sp)           
/* 027BC 80996F6C 8FB10020 */  lw      $s1, 0x0020($sp)           
/* 027C0 80996F70 03E00008 */  jr      $ra                        
/* 027C4 80996F74 27BD0040 */  addiu   $sp, $sp, 0x0040           ## $sp = 00000000


glabel func_80996F78
/* 027C8 80996F78 27BDFFD8 */  addiu   $sp, $sp, 0xFFD8           ## $sp = FFFFFFD8
/* 027CC 80996F7C AFA70034 */  sw      $a3, 0x0034($sp)           
/* 027D0 80996F80 00803825 */  or      $a3, $a0, $zero            ## $a3 = 00000000
/* 027D4 80996F84 AFBF0014 */  sw      $ra, 0x0014($sp)           
/* 027D8 80996F88 AFA40028 */  sw      $a0, 0x0028($sp)           
/* 027DC 80996F8C AFA5002C */  sw      $a1, 0x002C($sp)           
/* 027E0 80996F90 8FAE002C */  lw      $t6, 0x002C($sp)           
/* 027E4 80996F94 2401000B */  addiu   $at, $zero, 0x000B         ## $at = 0000000B
/* 027E8 80996F98 8FAF003C */  lw      $t7, 0x003C($sp)           
/* 027EC 80996F9C 15C10038 */  bne     $t6, $at, .L80997080       
/* 027F0 80996FA0 8FA9002C */  lw      $t1, 0x002C($sp)           
/* 027F4 80996FA4 85F803D8 */  lh      $t8, 0x03D8($t7)           ## 000003D8
/* 027F8 80996FA8 3C040002 */  lui     $a0, 0x0002                ## $a0 = 00020000
/* 027FC 80996FAC 00872021 */  addu    $a0, $a0, $a3              
/* 02800 80996FB0 33190002 */  andi    $t9, $t8, 0x0002           ## $t9 = 00000000
/* 02804 80996FB4 17200030 */  bne     $t9, $zero, .L80997078     
/* 02808 80996FB8 00000000 */  nop
/* 0280C 80996FBC 8C848840 */  lw      $a0, -0x77C0($a0)          ## 00018840
/* 02810 80996FC0 8CE50000 */  lw      $a1, 0x0000($a3)           ## 00000000
/* 02814 80996FC4 00800821 */  addu    $at, $a0, $zero            
/* 02818 80996FC8 00042080 */  sll     $a0, $a0,  2               
/* 0281C 80996FCC 00812023 */  subu    $a0, $a0, $at              
/* 02820 80996FD0 00042100 */  sll     $a0, $a0,  4               
/* 02824 80996FD4 00812023 */  subu    $a0, $a0, $at              
/* 02828 80996FD8 000420C0 */  sll     $a0, $a0,  3               
/* 0282C 80996FDC 00812023 */  subu    $a0, $a0, $at              
/* 02830 80996FE0 00042100 */  sll     $a0, $a0,  4               
/* 02834 80996FE4 00042400 */  sll     $a0, $a0, 16               
/* 02838 80996FE8 00042403 */  sra     $a0, $a0, 16               
/* 0283C 80996FEC 0C03FB61 */  jal     func_800FED84              
/* 02840 80996FF0 AFA50018 */  sw      $a1, 0x0018($sp)           
/* 02844 80996FF4 3C0142BE */  lui     $at, 0x42BE                ## $at = 42BE0000
/* 02848 80996FF8 44812000 */  mtc1    $at, $f4                   ## $f4 = 95.00
/* 0284C 80996FFC 3C014320 */  lui     $at, 0x4320                ## $at = 43200000
/* 02850 80997000 44813000 */  mtc1    $at, $f6                   ## $f6 = 160.00
/* 02854 80997004 46040002 */  mul.s   $f0, $f0, $f4              
/* 02858 80997008 8FA50018 */  lw      $a1, 0x0018($sp)           
/* 0285C 8099700C 46000005 */  abs.s   $f0, $f0                   
/* 02860 80997010 46060200 */  add.s   $f8, $f0, $f6              
/* 02864 80997014 8CA302B0 */  lw      $v1, 0x02B0($a1)           ## 000002B0
/* 02868 80997018 3C09E700 */  lui     $t1, 0xE700                ## $t1 = E7000000
/* 0286C 8099701C 4600428D */  trunc.w.s $f10, $f8                  
/* 02870 80997020 24680008 */  addiu   $t0, $v1, 0x0008           ## $t0 = 00000008
/* 02874 80997024 ACA802B0 */  sw      $t0, 0x02B0($a1)           ## 000002B0
/* 02878 80997028 AC600004 */  sw      $zero, 0x0004($v1)         ## 00000004
/* 0287C 8099702C AC690000 */  sw      $t1, 0x0000($v1)           ## 00000000
/* 02880 80997030 44025000 */  mfc1    $v0, $f10                  
/* 02884 80997034 8CA302B0 */  lw      $v1, 0x02B0($a1)           ## 000002B0
/* 02888 80997038 3C0BFB00 */  lui     $t3, 0xFB00                ## $t3 = FB000000
/* 0288C 8099703C 00021400 */  sll     $v0, $v0, 16               
/* 02890 80997040 00021403 */  sra     $v0, $v0, 16               
/* 02894 80997044 304200FF */  andi    $v0, $v0, 0x00FF           ## $v0 = 00000000
/* 02898 80997048 00026E00 */  sll     $t5, $v0, 24               
/* 0289C 8099704C 00027400 */  sll     $t6, $v0, 16               
/* 028A0 80997050 01AE7825 */  or      $t7, $t5, $t6              ## $t7 = 00000000
/* 028A4 80997054 0002C200 */  sll     $t8, $v0,  8               
/* 028A8 80997058 246A0008 */  addiu   $t2, $v1, 0x0008           ## $t2 = 00000008
/* 028AC 8099705C ACAA02B0 */  sw      $t2, 0x02B0($a1)           ## 000002B0
/* 028B0 80997060 01F8C825 */  or      $t9, $t7, $t8              ## $t9 = 00000000
/* 028B4 80997064 372800FF */  ori     $t0, $t9, 0x00FF           ## $t0 = 000000FF
/* 028B8 80997068 AC680004 */  sw      $t0, 0x0004($v1)           ## 00000004
/* 028BC 8099706C AC6B0000 */  sw      $t3, 0x0000($v1)           ## 00000000
/* 028C0 80997070 1000000C */  beq     $zero, $zero, .L809970A4   
/* 028C4 80997074 8FAD002C */  lw      $t5, 0x002C($sp)           
.L80997078:
/* 028C8 80997078 10000009 */  beq     $zero, $zero, .L809970A0   
/* 028CC 8099707C ACC00000 */  sw      $zero, 0x0000($a2)         ## 00000000
.L80997080:
/* 028D0 80997080 2401000C */  addiu   $at, $zero, 0x000C         ## $at = 0000000C
/* 028D4 80997084 15210006 */  bne     $t1, $at, .L809970A0       
/* 028D8 80997088 8FAA003C */  lw      $t2, 0x003C($sp)           
/* 028DC 8099708C 854B03D8 */  lh      $t3, 0x03D8($t2)           ## 000003E0
/* 028E0 80997090 316C0002 */  andi    $t4, $t3, 0x0002           ## $t4 = 00000000
/* 028E4 80997094 51800003 */  beql    $t4, $zero, .L809970A4     
/* 028E8 80997098 8FAD002C */  lw      $t5, 0x002C($sp)           
/* 028EC 8099709C ACC00000 */  sw      $zero, 0x0000($a2)         ## 00000000
.L809970A0:
/* 028F0 809970A0 8FAD002C */  lw      $t5, 0x002C($sp)           
.L809970A4:
/* 028F4 809970A4 2401000A */  addiu   $at, $zero, 0x000A         ## $at = 0000000A
/* 028F8 809970A8 8FA4003C */  lw      $a0, 0x003C($sp)           
/* 028FC 809970AC 55A10004 */  bnel    $t5, $at, .L809970C0       
/* 02900 809970B0 00001025 */  or      $v0, $zero, $zero          ## $v0 = 00000000
/* 02904 809970B4 0C0606D4 */  jal     func_80181B50              
/* 02908 809970B8 2484003C */  addiu   $a0, $a0, 0x003C           ## $a0 = 0000003C
/* 0290C 809970BC 00001025 */  or      $v0, $zero, $zero          ## $v0 = 00000000
.L809970C0:
/* 02910 809970C0 8FBF0014 */  lw      $ra, 0x0014($sp)           
/* 02914 809970C4 27BD0028 */  addiu   $sp, $sp, 0x0028           ## $sp = 00000000
/* 02918 809970C8 03E00008 */  jr      $ra                        
/* 0291C 809970CC 00000000 */  nop


glabel func_809970D0
/* 02920 809970D0 27BDFFE0 */  addiu   $sp, $sp, 0xFFE0           ## $sp = FFFFFFE0
/* 02924 809970D4 AFB10018 */  sw      $s1, 0x0018($sp)           
/* 02928 809970D8 AFB00014 */  sw      $s0, 0x0014($sp)           
/* 0292C 809970DC 00A08025 */  or      $s0, $a1, $zero            ## $s0 = 00000000
/* 02930 809970E0 8FB10030 */  lw      $s1, 0x0030($sp)           
/* 02934 809970E4 AFBF001C */  sw      $ra, 0x001C($sp)           
/* 02938 809970E8 AFA40020 */  sw      $a0, 0x0020($sp)           
/* 0293C 809970EC AFA60028 */  sw      $a2, 0x0028($sp)           
/* 02940 809970F0 AFA7002C */  sw      $a3, 0x002C($sp)           
/* 02944 809970F4 02002025 */  or      $a0, $s0, $zero            ## $a0 = 00000000
/* 02948 809970F8 0C039FF7 */  jal     func_800E7FDC              
/* 0294C 809970FC 26250188 */  addiu   $a1, $s1, 0x0188           ## $a1 = 00000188
/* 02950 80997100 862203D8 */  lh      $v0, 0x03D8($s1)           ## 000003D8
/* 02954 80997104 8FA50020 */  lw      $a1, 0x0020($sp)           
/* 02958 80997108 8FA70028 */  lw      $a3, 0x0028($sp)           
/* 0295C 8099710C 30430001 */  andi    $v1, $v0, 0x0001           ## $v1 = 00000000
/* 02960 80997110 1060000B */  beq     $v1, $zero, .L80997140     
/* 02964 80997114 304E0002 */  andi    $t6, $v0, 0x0002           ## $t6 = 00000000
/* 02968 80997118 15C00009 */  bne     $t6, $zero, .L80997140     
/* 0296C 8099711C 2401000B */  addiu   $at, $zero, 0x000B         ## $at = 0000000B
/* 02970 80997120 16010014 */  bne     $s0, $at, .L80997174       
/* 02974 80997124 02202025 */  or      $a0, $s1, $zero            ## $a0 = 00000000
/* 02978 80997128 0C02EF3B */  jal     func_800BBCEC              
/* 0297C 8099712C 24060001 */  addiu   $a2, $zero, 0x0001         ## $a2 = 00000001
/* 02980 80997130 862F03D8 */  lh      $t7, 0x03D8($s1)           ## 000003D8
/* 02984 80997134 35F80002 */  ori     $t8, $t7, 0x0002           ## $t8 = 00000002
/* 02988 80997138 1000000E */  beq     $zero, $zero, .L80997174   
/* 0298C 8099713C A63803D8 */  sh      $t8, 0x03D8($s1)           ## 000003D8
.L80997140:
/* 02990 80997140 30590040 */  andi    $t9, $v0, 0x0040           ## $t9 = 00000000
/* 02994 80997144 1320000B */  beq     $t9, $zero, .L80997174     
/* 02998 80997148 30480080 */  andi    $t0, $v0, 0x0080           ## $t0 = 00000000
/* 0299C 8099714C 15000009 */  bne     $t0, $zero, .L80997174     
/* 029A0 80997150 2401000B */  addiu   $at, $zero, 0x000B         ## $at = 0000000B
/* 029A4 80997154 56010003 */  bnel    $s0, $at, .L80997164       
/* 029A8 80997158 2401000C */  addiu   $at, $zero, 0x000C         ## $at = 0000000C
/* 029AC 8099715C 14600005 */  bne     $v1, $zero, .L80997174     
/* 029B0 80997160 2401000C */  addiu   $at, $zero, 0x000C         ## $at = 0000000C
.L80997164:
/* 029B4 80997164 12010003 */  beq     $s0, $at, .L80997174       
/* 029B8 80997168 02202025 */  or      $a0, $s1, $zero            ## $a0 = 00000000
/* 029BC 8099716C 0C02EF3B */  jal     func_800BBCEC              
/* 029C0 80997170 24060001 */  addiu   $a2, $zero, 0x0001         ## $a2 = 00000001
.L80997174:
/* 029C4 80997174 862903D2 */  lh      $t1, 0x03D2($s1)           ## 000003D2
/* 029C8 80997178 24010002 */  addiu   $at, $zero, 0x0002         ## $at = 00000002
/* 029CC 8099717C 5120003A */  beql    $t1, $zero, .L80997268     
/* 029D0 80997180 8FBF001C */  lw      $ra, 0x001C($sp)           
/* 029D4 80997184 12010019 */  beq     $s0, $at, .L809971EC       
/* 029D8 80997188 24010004 */  addiu   $at, $zero, 0x0004         ## $at = 00000004
/* 029DC 8099718C 12010017 */  beq     $s0, $at, .L809971EC       
/* 029E0 80997190 24010005 */  addiu   $at, $zero, 0x0005         ## $at = 00000005
/* 029E4 80997194 12010015 */  beq     $s0, $at, .L809971EC       
/* 029E8 80997198 24010006 */  addiu   $at, $zero, 0x0006         ## $at = 00000006
/* 029EC 8099719C 12010013 */  beq     $s0, $at, .L809971EC       
/* 029F0 809971A0 24010007 */  addiu   $at, $zero, 0x0007         ## $at = 00000007
/* 029F4 809971A4 12010011 */  beq     $s0, $at, .L809971EC       
/* 029F8 809971A8 24010008 */  addiu   $at, $zero, 0x0008         ## $at = 00000008
/* 029FC 809971AC 1201000F */  beq     $s0, $at, .L809971EC       
/* 02A00 809971B0 24010009 */  addiu   $at, $zero, 0x0009         ## $at = 00000009
/* 02A04 809971B4 1201000D */  beq     $s0, $at, .L809971EC       
/* 02A08 809971B8 2401000D */  addiu   $at, $zero, 0x000D         ## $at = 0000000D
/* 02A0C 809971BC 1201000B */  beq     $s0, $at, .L809971EC       
/* 02A10 809971C0 2401000E */  addiu   $at, $zero, 0x000E         ## $at = 0000000E
/* 02A14 809971C4 12010009 */  beq     $s0, $at, .L809971EC       
/* 02A18 809971C8 2401000F */  addiu   $at, $zero, 0x000F         ## $at = 0000000F
/* 02A1C 809971CC 12010007 */  beq     $s0, $at, .L809971EC       
/* 02A20 809971D0 24010010 */  addiu   $at, $zero, 0x0010         ## $at = 00000010
/* 02A24 809971D4 12010005 */  beq     $s0, $at, .L809971EC       
/* 02A28 809971D8 24010011 */  addiu   $at, $zero, 0x0011         ## $at = 00000011
/* 02A2C 809971DC 12010003 */  beq     $s0, $at, .L809971EC       
/* 02A30 809971E0 24010012 */  addiu   $at, $zero, 0x0012         ## $at = 00000012
/* 02A34 809971E4 5601000D */  bnel    $s0, $at, .L8099721C       
/* 02A38 809971E8 2401000B */  addiu   $at, $zero, 0x000B         ## $at = 0000000B
.L809971EC:
/* 02A3C 809971EC 8E2A02DC */  lw      $t2, 0x02DC($s1)           ## 000002DC
/* 02A40 809971F0 000A5880 */  sll     $t3, $t2,  2               
/* 02A44 809971F4 016A5823 */  subu    $t3, $t3, $t2              
/* 02A48 809971F8 000B5880 */  sll     $t3, $t3,  2               
/* 02A4C 809971FC 022B2021 */  addu    $a0, $s1, $t3              
/* 02A50 80997200 0C0606D4 */  jal     func_80181B50              
/* 02A54 80997204 24840234 */  addiu   $a0, $a0, 0x0234           ## $a0 = 00000234
/* 02A58 80997208 8E2C02DC */  lw      $t4, 0x02DC($s1)           ## 000002DC
/* 02A5C 8099720C 258D0001 */  addiu   $t5, $t4, 0x0001           ## $t5 = 00000001
/* 02A60 80997210 10000014 */  beq     $zero, $zero, .L80997264   
/* 02A64 80997214 AE2D02DC */  sw      $t5, 0x02DC($s1)           ## 000002DC
/* 02A68 80997218 2401000B */  addiu   $at, $zero, 0x000B         ## $at = 0000000B
.L8099721C:
/* 02A6C 8099721C 56010012 */  bnel    $s0, $at, .L80997268       
/* 02A70 80997220 8FBF001C */  lw      $ra, 0x001C($sp)           
/* 02A74 80997224 862E03D8 */  lh      $t6, 0x03D8($s1)           ## 000003D8
/* 02A78 80997228 31CF0002 */  andi    $t7, $t6, 0x0002           ## $t7 = 00000000
/* 02A7C 8099722C 55E0000E */  bnel    $t7, $zero, .L80997268     
/* 02A80 80997230 8FBF001C */  lw      $ra, 0x001C($sp)           
/* 02A84 80997234 8E3802DC */  lw      $t8, 0x02DC($s1)           ## 000002DC
/* 02A88 80997238 3C048099 */  lui     $a0, %hi(D_80997564)       ## $a0 = 80990000
/* 02A8C 8099723C 24847564 */  addiu   $a0, $a0, %lo(D_80997564)  ## $a0 = 80997564
/* 02A90 80997240 0018C880 */  sll     $t9, $t8,  2               
/* 02A94 80997244 0338C823 */  subu    $t9, $t9, $t8              
/* 02A98 80997248 0019C880 */  sll     $t9, $t9,  2               
/* 02A9C 8099724C 02392821 */  addu    $a1, $s1, $t9              
/* 02AA0 80997250 0C0606A6 */  jal     func_80181A98              
/* 02AA4 80997254 24A50234 */  addiu   $a1, $a1, 0x0234           ## $a1 = 00000234
/* 02AA8 80997258 8E2802DC */  lw      $t0, 0x02DC($s1)           ## 000002DC
/* 02AAC 8099725C 25090001 */  addiu   $t1, $t0, 0x0001           ## $t1 = 00000001
/* 02AB0 80997260 AE2902DC */  sw      $t1, 0x02DC($s1)           ## 000002DC
.L80997264:
/* 02AB4 80997264 8FBF001C */  lw      $ra, 0x001C($sp)           
.L80997268:
/* 02AB8 80997268 8FB00014 */  lw      $s0, 0x0014($sp)           
/* 02ABC 8099726C 8FB10018 */  lw      $s1, 0x0018($sp)           
/* 02AC0 80997270 03E00008 */  jr      $ra                        
/* 02AC4 80997274 27BD0020 */  addiu   $sp, $sp, 0x0020           ## $sp = 00000000


glabel func_80997278
/* 02AC8 80997278 27BDFFD0 */  addiu   $sp, $sp, 0xFFD0           ## $sp = FFFFFFD0
/* 02ACC 8099727C AFB00028 */  sw      $s0, 0x0028($sp)           
/* 02AD0 80997280 00808025 */  or      $s0, $a0, $zero            ## $s0 = 00000000
/* 02AD4 80997284 AFBF002C */  sw      $ra, 0x002C($sp)           
/* 02AD8 80997288 AFA50034 */  sw      $a1, 0x0034($sp)           
/* 02ADC 8099728C AE0002DC */  sw      $zero, 0x02DC($s0)         ## 000002DC
/* 02AE0 80997290 8FAE0034 */  lw      $t6, 0x0034($sp)           
/* 02AE4 80997294 0C04B0A3 */  jal     func_8012C28C              
/* 02AE8 80997298 8DC40000 */  lw      $a0, 0x0000($t6)           ## 00000000
/* 02AEC 8099729C 3C0F8099 */  lui     $t7, %hi(func_809970D0)    ## $t7 = 80990000
/* 02AF0 809972A0 25EF70D0 */  addiu   $t7, $t7, %lo(func_809970D0) ## $t7 = 809970D0
/* 02AF4 809972A4 8E050148 */  lw      $a1, 0x0148($s0)           ## 00000148
/* 02AF8 809972A8 8E060164 */  lw      $a2, 0x0164($s0)           ## 00000164
/* 02AFC 809972AC 3C078099 */  lui     $a3, %hi(func_80996F78)    ## $a3 = 80990000
/* 02B00 809972B0 24E76F78 */  addiu   $a3, $a3, %lo(func_80996F78) ## $a3 = 80996F78
/* 02B04 809972B4 AFB00014 */  sw      $s0, 0x0014($sp)           
/* 02B08 809972B8 AFAF0010 */  sw      $t7, 0x0010($sp)           
/* 02B0C 809972BC 0C04CECF */  jal     func_80133B3C              
/* 02B10 809972C0 8FA40034 */  lw      $a0, 0x0034($sp)           
/* 02B14 809972C4 861803D2 */  lh      $t8, 0x03D2($s0)           ## 000003D2
/* 02B18 809972C8 3C013F00 */  lui     $at, 0x3F00                ## $at = 3F000000
/* 02B1C 809972CC 5B00000F */  blezl   $t8, .L8099730C            
/* 02B20 809972D0 860203D8 */  lh      $v0, 0x03D8($s0)           ## 000003D8
/* 02B24 809972D4 C6040230 */  lwc1    $f4, 0x0230($s0)           ## 00000230
/* 02B28 809972D8 44813000 */  mtc1    $at, $f6                   ## $f6 = 0.50
/* 02B2C 809972DC 860702DE */  lh      $a3, 0x02DE($s0)           ## 000002DE
/* 02B30 809972E0 E7A40010 */  swc1    $f4, 0x0010($sp)           
/* 02B34 809972E4 E7A60014 */  swc1    $f6, 0x0014($sp)           
/* 02B38 809972E8 C608022C */  lwc1    $f8, 0x022C($s0)           ## 0000022C
/* 02B3C 809972EC 8FA40034 */  lw      $a0, 0x0034($sp)           
/* 02B40 809972F0 02002825 */  or      $a1, $s0, $zero            ## $a1 = 00000000
/* 02B44 809972F4 E7A80018 */  swc1    $f8, 0x0018($sp)           
/* 02B48 809972F8 921903E6 */  lbu     $t9, 0x03E6($s0)           ## 000003E6
/* 02B4C 809972FC 26060234 */  addiu   $a2, $s0, 0x0234           ## $a2 = 00000234
/* 02B50 80997300 0C02F9A0 */  jal     func_800BE680              
/* 02B54 80997304 AFB9001C */  sw      $t9, 0x001C($sp)           
/* 02B58 80997308 860203D8 */  lh      $v0, 0x03D8($s0)           ## 000003D8
.L8099730C:
/* 02B5C 8099730C 30480040 */  andi    $t0, $v0, 0x0040           ## $t0 = 00000000
/* 02B60 80997310 11000002 */  beq     $t0, $zero, .L8099731C     
/* 02B64 80997314 34490080 */  ori     $t1, $v0, 0x0080           ## $t1 = 00000080
/* 02B68 80997318 A60903D8 */  sh      $t1, 0x03D8($s0)           ## 000003D8
.L8099731C:
/* 02B6C 8099731C 8FBF002C */  lw      $ra, 0x002C($sp)           
/* 02B70 80997320 8FB00028 */  lw      $s0, 0x0028($sp)           
/* 02B74 80997324 27BD0030 */  addiu   $sp, $sp, 0x0030           ## $sp = 00000000
/* 02B78 80997328 03E00008 */  jr      $ra                        
/* 02B7C 8099732C 00000000 */  nop

.section .data

D_80997330: .word \
0x060064E0, 0x3F800000, 0x00000000, 0x00000000, \
0x00000000, 0xC0800000, 0x06003584, 0x3F800000, \
0x00000000, 0x00000000, 0x02000000, 0xBF800000, \
0x06002190, 0x3F19999A, 0x00000000, 0x00000000, \
0x03000000, 0x40800000, 0x06002AC8, 0x3F800000, \
0x00000000, 0x00000000, 0x02000000, 0xC0800000, \
0x0600270C, 0x3F800000, 0x00000000, 0x00000000, \
0x02000000, 0xC0800000, 0x0600697C, 0x3F800000, \
0x00000000, 0x00000000, 0x00000000, 0xC0800000, \
0x06006D90, 0x3F800000, 0x00000000, 0x00000000, \
0x00000000, 0xC0800000, 0x06001D1C, 0x3F800000, \
0x00000000, 0x00000000, 0x00000000, 0xC0800000, \
0x06003584, 0x3F800000, 0x00000000, 0x00000000, \
0x02000000, 0xC1000000, 0x06003584, 0x3F800000, \
0x00000000, 0x00000000, 0x02000000, 0xC1800000, \
0x06002AC8, 0x3F800000, 0x00000000, 0x00000000, \
0x02000000, 0xC1000000, 0x060015EC, 0x3F800000, \
0x00000000, 0x00000000, 0x02000000, 0xC0800000, \
0x060009E4, 0x3F800000, 0x00000000, 0x00000000, \
0x00000000, 0xC0800000
D_80997468: .word \
0xC4058000, 0x42A00000, 0xC49FA000, 0x42E20000, \
0x42A00000, 0xC4A9E000, 0x42C80000, 0x42A00000, \
0xC4408000, 0xC3A70000, 0x42A00000, 0xC4340000
D_80997498: .word \
0x00000000, 0xF7CFFFFF, 0x00040000, 0x00000000, \
0x00000000, 0x01000000, 0x0F000000, 0x00000000, \
0x000A0064, 0x00000000, 0x00000000, 0x00000000, \
0xF7CFFFFF, 0x00000000, 0x00050100, 0x01000000, \
0x00000000, 0x00140064
D_809974E0: .word 0x06110939, 0x10000000, 0x00000002
.word D_80997498
D_809974F0: .word \
0x10D100F1, 0xC3C3F211, 0xF2F1F123, 0x3342F110, \
0xD1F210B0, 0x0000F1F1, 0xF1020400, 0x000000F1
D_80997510: .word 0x00ED0500, 0x00000005, 0x01420000, 0x000003E8
.word func_80994B08
.word func_80994D18
.word func_80996E5C
.word func_80997278
D_80997530: .word 0x00000000, 0x41000000, 0x00000000
D_8099753C: .word 0x00000000, 0xBFC00000, 0x00000000
D_80997548: .word 0xB05407D0, 0x3874F830
D_80997550: .word 0xAAFFFFFF
D_80997554: .word 0xC8C8FFFF
D_80997558: .word 0x00000000, 0xBF800000, 0x00000000
D_80997564: .word 0x44480000, 0x44960000, 0x00000000

.section .rodata

D_80997570: .word 0x40C8F5C3
D_80997574: .word 0x3F4CCCCD
D_80997578: .word .L80995234
.word .L80995234
.word .L80995234
.word .L80995234
.word .L80995234
.word .L809951CC
.word .L80995218
D_80997594: .word 0x469C4000
D_80997598: .word 0x4019999A
D_8099759C: .word 0x404CCCCD
D_809975A0: .word 0x3FCCCCCD
D_809975A4: .word 0x47435000
D_809975A8: .word 0x3D4CCCCD
D_809975AC: .word 0x404CCCCD
D_809975B0: .word 0x3D4CCCCD
D_809975B4: .word .L80996ABC
.word .L809967EC
.word .L80996ABC
.word .L80996ABC
.word .L809967EC
.word .L809967EC
.word .L809967EC
.word .L809967EC
.word .L809967EC
.word .L809967EC
.word .L809967EC
.word .L80996ABC
.word .L80996ABC
D_809975E8: .word .L809968D0
.word .L809968FC
.word .L80996954
.word .L809969CC
.word .L80996ABC
.word .L80996ABC
.word .L80996ABC
.word .L80996ABC
.word .L80996ABC
.word .L80996ABC
.word .L80996880
.word .L80996A40
.word .L80996A84
.word .L80996A40
.word .L80996A4C
D_80997624: .word 0x3F19999A
D_80997628: .word 0x3D4CCCCD, 0x00000000


.section .rodata
D_80997630:
.incbin "baserom/En_Skb", 0x2E80, 0x00000460
