.include "macro.inc"

# assembler directives
.set noat      # allow manual use of $at
.set noreorder # don't insert nops after branches
.set gp=64     # allow use of 64-bit general purpose registers

.section .text
glabel func_80AE6130
/* 00000 80AE6130 27BDFFE8 */  addiu   $sp, $sp, 0xFFE8           ## $sp = FFFFFFE8
/* 00004 80AE6134 AFBF0014 */  sw      $ra, 0x0014($sp)           
/* 00008 80AE6138 00802825 */  or      $a1, $a0, $zero            ## $a1 = 00000000
/* 0000C 80AE613C C4A402CC */  lwc1    $f4, 0x02CC($a1)           ## 000002CC
/* 00010 80AE6140 24A40148 */  addiu   $a0, $a1, 0x0148           ## $a0 = 00000148
/* 00014 80AE6144 0C04DB34 */  jal     func_80136CD0              
/* 00018 80AE6148 E4A40164 */  swc1    $f4, 0x0164($a1)           ## 00000164
/* 0001C 80AE614C 8FBF0014 */  lw      $ra, 0x0014($sp)           
/* 00020 80AE6150 27BD0018 */  addiu   $sp, $sp, 0x0018           ## $sp = 00000000
/* 00024 80AE6154 03E00008 */  jr      $ra                        
/* 00028 80AE6158 00000000 */  nop


glabel func_80AE615C
/* 0002C 80AE615C 27BDFFE8 */  addiu   $sp, $sp, 0xFFE8           ## $sp = FFFFFFE8
/* 00030 80AE6160 AFBF0014 */  sw      $ra, 0x0014($sp)           
/* 00034 80AE6164 00803825 */  or      $a3, $a0, $zero            ## $a3 = 00000000
/* 00038 80AE6168 00A03025 */  or      $a2, $a1, $zero            ## $a2 = 00000000
/* 0003C 80AE616C 8CEE02E8 */  lw      $t6, 0x02E8($a3)           ## 000002E8
/* 00040 80AE6170 00001025 */  or      $v0, $zero, $zero          ## $v0 = 00000000
/* 00044 80AE6174 00001825 */  or      $v1, $zero, $zero          ## $v1 = 00000000
/* 00048 80AE6178 10CE0002 */  beq     $a2, $t6, .L80AE6184       
/* 0004C 80AE617C 24E40148 */  addiu   $a0, $a3, 0x0148           ## $a0 = 00000148
/* 00050 80AE6180 24020001 */  addiu   $v0, $zero, 0x0001         ## $v0 = 00000001
.L80AE6184:
/* 00054 80AE6184 10400009 */  beq     $v0, $zero, .L80AE61AC     
/* 00058 80AE6188 3C0580AE */  lui     $a1, %hi(D_80AE7218)       ## $a1 = 80AE0000
/* 0005C 80AE618C ACE602E8 */  sw      $a2, 0x02E8($a3)           ## 000002E8
/* 00060 80AE6190 AFA70018 */  sw      $a3, 0x0018($sp)           
/* 00064 80AE6194 0C04EF1B */  jal     func_8013BC6C              
/* 00068 80AE6198 24A57218 */  addiu   $a1, $a1, %lo(D_80AE7218)  ## $a1 = 80AE7218
/* 0006C 80AE619C 8FA70018 */  lw      $a3, 0x0018($sp)           
/* 00070 80AE61A0 00401825 */  or      $v1, $v0, $zero            ## $v1 = 00000000
/* 00074 80AE61A4 C4E40164 */  lwc1    $f4, 0x0164($a3)           ## 00000164
/* 00078 80AE61A8 E4E402CC */  swc1    $f4, 0x02CC($a3)           ## 000002CC
.L80AE61AC:
/* 0007C 80AE61AC 00601025 */  or      $v0, $v1, $zero            ## $v0 = 00000000
/* 00080 80AE61B0 8FBF0014 */  lw      $ra, 0x0014($sp)           
/* 00084 80AE61B4 27BD0018 */  addiu   $sp, $sp, 0x0018           ## $sp = 00000000
/* 00088 80AE61B8 03E00008 */  jr      $ra                        
/* 0008C 80AE61BC 00000000 */  nop


glabel func_80AE61C0
/* 00090 80AE61C0 27BDFFE8 */  addiu   $sp, $sp, 0xFFE8           ## $sp = FFFFFFE8
/* 00094 80AE61C4 AFBF0014 */  sw      $ra, 0x0014($sp)           
/* 00098 80AE61C8 00803825 */  or      $a3, $a0, $zero            ## $a3 = 00000000
/* 0009C 80AE61CC 84E202C8 */  lh      $v0, 0x02C8($a3)           ## 000002C8
/* 000A0 80AE61D0 14400003 */  bne     $v0, $zero, .L80AE61E0     
/* 000A4 80AE61D4 244EFFFF */  addiu   $t6, $v0, 0xFFFF           ## $t6 = FFFFFFFF
/* 000A8 80AE61D8 10000003 */  beq     $zero, $zero, .L80AE61E8   
/* 000AC 80AE61DC 00001825 */  or      $v1, $zero, $zero          ## $v1 = 00000000
.L80AE61E0:
/* 000B0 80AE61E0 A4EE02C8 */  sh      $t6, 0x02C8($a3)           ## 000002C8
/* 000B4 80AE61E4 84E302C8 */  lh      $v1, 0x02C8($a3)           ## 000002C8
.L80AE61E8:
/* 000B8 80AE61E8 5460000B */  bnel    $v1, $zero, .L80AE6218     
/* 000BC 80AE61EC 8CF902EC */  lw      $t9, 0x02EC($a3)           ## 000002EC
/* 000C0 80AE61F0 8CEF02EC */  lw      $t7, 0x02EC($a3)           ## 000002EC
/* 000C4 80AE61F4 2404001E */  addiu   $a0, $zero, 0x001E         ## $a0 = 0000001E
/* 000C8 80AE61F8 2405001E */  addiu   $a1, $zero, 0x001E         ## $a1 = 0000001E
/* 000CC 80AE61FC 39F80001 */  xori    $t8, $t7, 0x0001           ## $t8 = 00000001
/* 000D0 80AE6200 ACF802EC */  sw      $t8, 0x02EC($a3)           ## 000002EC
/* 000D4 80AE6204 0C03FD14 */  jal     func_800FF450              
/* 000D8 80AE6208 AFA70018 */  sw      $a3, 0x0018($sp)           
/* 000DC 80AE620C 8FA70018 */  lw      $a3, 0x0018($sp)           
/* 000E0 80AE6210 A4E202C8 */  sh      $v0, 0x02C8($a3)           ## 000002C8
/* 000E4 80AE6214 8CF902EC */  lw      $t9, 0x02EC($a3)           ## 000002EC
.L80AE6218:
/* 000E8 80AE6218 3C0142A0 */  lui     $at, 0x42A0                ## $at = 42A00000
/* 000EC 80AE621C 00E02025 */  or      $a0, $a3, $zero            ## $a0 = 00000000
/* 000F0 80AE6220 53200006 */  beql    $t9, $zero, .L80AE623C     
/* 000F4 80AE6224 44810000 */  mtc1    $at, $f0                   ## $f0 = 80.00
/* 000F8 80AE6228 3C0142F0 */  lui     $at, 0x42F0                ## $at = 42F00000
/* 000FC 80AE622C 44810000 */  mtc1    $at, $f0                   ## $f0 = 120.00
/* 00100 80AE6230 10000004 */  beq     $zero, $zero, .L80AE6244   
/* 00104 80AE6234 44050000 */  mfc1    $a1, $f0                   
/* 00108 80AE6238 44810000 */  mtc1    $at, $f0                   ## $f0 = 120.00
.L80AE623C:
/* 0010C 80AE623C 00000000 */  nop
/* 00110 80AE6240 44050000 */  mfc1    $a1, $f0                   
.L80AE6244:
/* 00114 80AE6244 0C02DD23 */  jal     func_800B748C              
/* 00118 80AE6248 2406238C */  addiu   $a2, $zero, 0x238C         ## $a2 = 0000238C
/* 0011C 80AE624C 8FBF0014 */  lw      $ra, 0x0014($sp)           
/* 00120 80AE6250 27BD0018 */  addiu   $sp, $sp, 0x0018           ## $sp = 00000000
/* 00124 80AE6254 03E00008 */  jr      $ra                        
/* 00128 80AE6258 00000000 */  nop


glabel func_80AE625C
/* 0012C 80AE625C AFA40000 */  sw      $a0, 0x0000($sp)           
/* 00130 80AE6260 8CA21CCC */  lw      $v0, 0x1CCC($a1)           ## 00001CCC
/* 00134 80AE6264 03E00008 */  jr      $ra                        
/* 00138 80AE6268 00000000 */  nop


glabel func_80AE626C
/* 0013C 80AE626C 27BDFFB0 */  addiu   $sp, $sp, 0xFFB0           ## $sp = FFFFFFB0
/* 00140 80AE6270 AFB00018 */  sw      $s0, 0x0018($sp)           
/* 00144 80AE6274 00808025 */  or      $s0, $a0, $zero            ## $s0 = 00000000
/* 00148 80AE6278 AFBF001C */  sw      $ra, 0x001C($sp)           
/* 0014C 80AE627C 8E0501E4 */  lw      $a1, 0x01E4($s0)           ## 000001E4
/* 00150 80AE6280 27A40040 */  addiu   $a0, $sp, 0x0040           ## $a0 = FFFFFFF0
/* 00154 80AE6284 0C03FD43 */  jal     func_800FF50C              
/* 00158 80AE6288 24A50024 */  addiu   $a1, $a1, 0x0024           ## $a1 = 00000024
/* 0015C 80AE628C 27A40034 */  addiu   $a0, $sp, 0x0034           ## $a0 = FFFFFFE4
/* 00160 80AE6290 0C03FD43 */  jal     func_800FF50C              
/* 00164 80AE6294 26050024 */  addiu   $a1, $s0, 0x0024           ## $a1 = 00000024
/* 00168 80AE6298 27A40034 */  addiu   $a0, $sp, 0x0034           ## $a0 = FFFFFFE4
/* 0016C 80AE629C 0C03FE98 */  jal     func_800FFA60              
/* 00170 80AE62A0 27A50040 */  addiu   $a1, $sp, 0x0040           ## $a1 = FFFFFFF0
/* 00174 80AE62A4 860E00BE */  lh      $t6, 0x00BE($s0)           ## 000000BE
/* 00178 80AE62A8 260402BC */  addiu   $a0, $s0, 0x02BC           ## $a0 = 000002BC
/* 0017C 80AE62AC 24060004 */  addiu   $a2, $zero, 0x0004         ## $a2 = 00000004
/* 00180 80AE62B0 004E2823 */  subu    $a1, $v0, $t6              
/* 00184 80AE62B4 00052C00 */  sll     $a1, $a1, 16               
/* 00188 80AE62B8 00052C03 */  sra     $a1, $a1, 16               
/* 0018C 80AE62BC 0C03FFF6 */  jal     func_800FFFD8              
/* 00190 80AE62C0 24072AA8 */  addiu   $a3, $zero, 0x2AA8         ## $a3 = 00002AA8
/* 00194 80AE62C4 860202BC */  lh      $v0, 0x02BC($s0)           ## 000002BC
/* 00198 80AE62C8 240FE002 */  addiu   $t7, $zero, 0xE002         ## $t7 = FFFFE002
/* 0019C 80AE62CC 27A40034 */  addiu   $a0, $sp, 0x0034           ## $a0 = FFFFFFE4
/* 001A0 80AE62D0 2841E002 */  slti    $at, $v0, 0xE002           
/* 001A4 80AE62D4 50200004 */  beql    $at, $zero, .L80AE62E8     
/* 001A8 80AE62D8 28411FFF */  slti    $at, $v0, 0x1FFF           
/* 001AC 80AE62DC 10000007 */  beq     $zero, $zero, .L80AE62FC   
/* 001B0 80AE62E0 A60F02BC */  sh      $t7, 0x02BC($s0)           ## 000002BC
/* 001B4 80AE62E4 28411FFF */  slti    $at, $v0, 0x1FFF           
.L80AE62E8:
/* 001B8 80AE62E8 14200003 */  bne     $at, $zero, .L80AE62F8     
/* 001BC 80AE62EC 00401825 */  or      $v1, $v0, $zero            ## $v1 = 00000000
/* 001C0 80AE62F0 10000001 */  beq     $zero, $zero, .L80AE62F8   
/* 001C4 80AE62F4 24031FFE */  addiu   $v1, $zero, 0x1FFE         ## $v1 = 00001FFE
.L80AE62F8:
/* 001C8 80AE62F8 A60302BC */  sh      $v1, 0x02BC($s0)           ## 000002BC
.L80AE62FC:
/* 001CC 80AE62FC 0C03FD43 */  jal     func_800FF50C              
/* 001D0 80AE6300 2605003C */  addiu   $a1, $s0, 0x003C           ## $a1 = 0000003C
/* 001D4 80AE6304 8E0201E4 */  lw      $v0, 0x01E4($s0)           ## 000001E4
/* 001D8 80AE6308 3C014040 */  lui     $at, 0x4040                ## $at = 40400000
/* 001DC 80AE630C 27A40040 */  addiu   $a0, $sp, 0x0040           ## $a0 = FFFFFFF0
/* 001E0 80AE6310 84580000 */  lh      $t8, 0x0000($v0)           ## 00000000
/* 001E4 80AE6314 17000007 */  bne     $t8, $zero, .L80AE6334     
/* 001E8 80AE6318 00000000 */  nop
/* 001EC 80AE631C C4440C44 */  lwc1    $f4, 0x0C44($v0)           ## 00000C44
/* 001F0 80AE6320 44813000 */  mtc1    $at, $f6                   ## $f6 = 3.00
/* 001F4 80AE6324 00000000 */  nop
/* 001F8 80AE6328 46062200 */  add.s   $f8, $f4, $f6              
/* 001FC 80AE632C 10000003 */  beq     $zero, $zero, .L80AE633C   
/* 00200 80AE6330 E7A80044 */  swc1    $f8, 0x0044($sp)           
.L80AE6334:
/* 00204 80AE6334 0C03FD43 */  jal     func_800FF50C              
/* 00208 80AE6338 2445003C */  addiu   $a1, $v0, 0x003C           ## $a1 = 0000003C
.L80AE633C:
/* 0020C 80AE633C 27A40034 */  addiu   $a0, $sp, 0x0034           ## $a0 = FFFFFFE4
/* 00210 80AE6340 0C03FEA5 */  jal     func_800FFA94              
/* 00214 80AE6344 27A50040 */  addiu   $a1, $sp, 0x0040           ## $a1 = FFFFFFF0
/* 00218 80AE6348 00022C00 */  sll     $a1, $v0, 16               
/* 0021C 80AE634C 00052C03 */  sra     $a1, $a1, 16               
/* 00220 80AE6350 260402BA */  addiu   $a0, $s0, 0x02BA           ## $a0 = 000002BA
/* 00224 80AE6354 24060004 */  addiu   $a2, $zero, 0x0004         ## $a2 = 00000004
/* 00228 80AE6358 0C03FFF6 */  jal     func_800FFFD8              
/* 0022C 80AE635C 24072AA8 */  addiu   $a3, $zero, 0x2AA8         ## $a3 = 00002AA8
/* 00230 80AE6360 860202BA */  lh      $v0, 0x02BA($s0)           ## 000002BA
/* 00234 80AE6364 2419EAAC */  addiu   $t9, $zero, 0xEAAC         ## $t9 = FFFFEAAC
/* 00238 80AE6368 2841EAAC */  slti    $at, $v0, 0xEAAC           
/* 0023C 80AE636C 50200004 */  beql    $at, $zero, .L80AE6380     
/* 00240 80AE6370 28411555 */  slti    $at, $v0, 0x1555           
/* 00244 80AE6374 10000007 */  beq     $zero, $zero, .L80AE6394   
/* 00248 80AE6378 A61902BA */  sh      $t9, 0x02BA($s0)           ## 000002BA
/* 0024C 80AE637C 28411555 */  slti    $at, $v0, 0x1555           
.L80AE6380:
/* 00250 80AE6380 14200003 */  bne     $at, $zero, .L80AE6390     
/* 00254 80AE6384 00401825 */  or      $v1, $v0, $zero            ## $v1 = 00000000
/* 00258 80AE6388 10000001 */  beq     $zero, $zero, .L80AE6390   
/* 0025C 80AE638C 24031554 */  addiu   $v1, $zero, 0x1554         ## $v1 = 00001554
.L80AE6390:
/* 00260 80AE6390 A60302BA */  sh      $v1, 0x02BA($s0)           ## 000002BA
.L80AE6394:
/* 00264 80AE6394 8FBF001C */  lw      $ra, 0x001C($sp)           
/* 00268 80AE6398 8FB00018 */  lw      $s0, 0x0018($sp)           
/* 0026C 80AE639C 27BD0050 */  addiu   $sp, $sp, 0x0050           ## $sp = 00000000
/* 00270 80AE63A0 03E00008 */  jr      $ra                        
/* 00274 80AE63A4 00000000 */  nop


glabel func_80AE63A8
/* 00278 80AE63A8 27BDFFE8 */  addiu   $sp, $sp, 0xFFE8           ## $sp = FFFFFFE8
/* 0027C 80AE63AC AFBF0014 */  sw      $ra, 0x0014($sp)           
/* 00280 80AE63B0 0C2B9897 */  jal     func_80AE625C              
/* 00284 80AE63B4 AFA40018 */  sw      $a0, 0x0018($sp)           
/* 00288 80AE63B8 8FA40018 */  lw      $a0, 0x0018($sp)           
/* 0028C 80AE63BC 948E01D8 */  lhu     $t6, 0x01D8($a0)           ## 000001D8
/* 00290 80AE63C0 AC8201E4 */  sw      $v0, 0x01E4($a0)           ## 000001E4
/* 00294 80AE63C4 31CF0008 */  andi    $t7, $t6, 0x0008           ## $t7 = 00000000
/* 00298 80AE63C8 51E00016 */  beql    $t7, $zero, .L80AE6424     
/* 0029C 80AE63CC 948201D8 */  lhu     $v0, 0x01D8($a0)           ## 000001D8
/* 002A0 80AE63D0 50400014 */  beql    $v0, $zero, .L80AE6424     
/* 002A4 80AE63D4 948201D8 */  lhu     $v0, 0x01D8($a0)           ## 000001D8
/* 002A8 80AE63D8 848202CA */  lh      $v0, 0x02CA($a0)           ## 000002CA
/* 002AC 80AE63DC 14400003 */  bne     $v0, $zero, .L80AE63EC     
/* 002B0 80AE63E0 2459FFFF */  addiu   $t9, $v0, 0xFFFF           ## $t9 = FFFFFFFF
/* 002B4 80AE63E4 10000003 */  beq     $zero, $zero, .L80AE63F4   
/* 002B8 80AE63E8 00001825 */  or      $v1, $zero, $zero          ## $v1 = 00000000
.L80AE63EC:
/* 002BC 80AE63EC A49902CA */  sh      $t9, 0x02CA($a0)           ## 000002CA
/* 002C0 80AE63F0 848302CA */  lh      $v1, 0x02CA($a0)           ## 000002CA
.L80AE63F4:
/* 002C4 80AE63F4 5460000B */  bnel    $v1, $zero, .L80AE6424     
/* 002C8 80AE63F8 948201D8 */  lhu     $v0, 0x01D8($a0)           ## 000001D8
/* 002CC 80AE63FC 0C2B989B */  jal     func_80AE626C              
/* 002D0 80AE6400 AFA40018 */  sw      $a0, 0x0018($sp)           
/* 002D4 80AE6404 8FA40018 */  lw      $a0, 0x0018($sp)           
/* 002D8 80AE6408 948801D8 */  lhu     $t0, 0x01D8($a0)           ## 000001D8
/* 002DC 80AE640C 310AFFDF */  andi    $t2, $t0, 0xFFDF           ## $t2 = 00000000
/* 002E0 80AE6410 354B0010 */  ori     $t3, $t2, 0x0010           ## $t3 = 00000010
/* 002E4 80AE6414 A48A01D8 */  sh      $t2, 0x01D8($a0)           ## 000001D8
/* 002E8 80AE6418 10000017 */  beq     $zero, $zero, .L80AE6478   
/* 002EC 80AE641C A48B01D8 */  sh      $t3, 0x01D8($a0)           ## 000001D8
/* 002F0 80AE6420 948201D8 */  lhu     $v0, 0x01D8($a0)           ## 000001D8
.L80AE6424:
/* 002F4 80AE6424 240E0014 */  addiu   $t6, $zero, 0x0014         ## $t6 = 00000014
/* 002F8 80AE6428 304C0010 */  andi    $t4, $v0, 0x0010           ## $t4 = 00000000
/* 002FC 80AE642C 11800006 */  beq     $t4, $zero, .L80AE6448     
/* 00300 80AE6430 304DFFEF */  andi    $t5, $v0, 0xFFEF           ## $t5 = 00000000
/* 00304 80AE6434 A48D01D8 */  sh      $t5, 0x01D8($a0)           ## 000001D8
/* 00308 80AE6438 A48002BA */  sh      $zero, 0x02BA($a0)         ## 000002BA
/* 0030C 80AE643C A48002BC */  sh      $zero, 0x02BC($a0)         ## 000002BC
/* 00310 80AE6440 1000000D */  beq     $zero, $zero, .L80AE6478   
/* 00314 80AE6444 A48E02CA */  sh      $t6, 0x02CA($a0)           ## 000002CA
.L80AE6448:
/* 00318 80AE6448 848202CA */  lh      $v0, 0x02CA($a0)           ## 000002CA
/* 0031C 80AE644C 14400003 */  bne     $v0, $zero, .L80AE645C     
/* 00320 80AE6450 244FFFFF */  addiu   $t7, $v0, 0xFFFF           ## $t7 = FFFFFFFF
/* 00324 80AE6454 10000003 */  beq     $zero, $zero, .L80AE6464   
/* 00328 80AE6458 00001825 */  or      $v1, $zero, $zero          ## $v1 = 00000000
.L80AE645C:
/* 0032C 80AE645C A48F02CA */  sh      $t7, 0x02CA($a0)           ## 000002CA
/* 00330 80AE6460 848302CA */  lh      $v1, 0x02CA($a0)           ## 000002CA
.L80AE6464:
/* 00334 80AE6464 54600005 */  bnel    $v1, $zero, .L80AE647C     
/* 00338 80AE6468 8FBF0014 */  lw      $ra, 0x0014($sp)           
/* 0033C 80AE646C 949801D8 */  lhu     $t8, 0x01D8($a0)           ## 000001D8
/* 00340 80AE6470 37190020 */  ori     $t9, $t8, 0x0020           ## $t9 = 00000020
/* 00344 80AE6474 A49901D8 */  sh      $t9, 0x01D8($a0)           ## 000001D8
.L80AE6478:
/* 00348 80AE6478 8FBF0014 */  lw      $ra, 0x0014($sp)           
.L80AE647C:
/* 0034C 80AE647C 27BD0018 */  addiu   $sp, $sp, 0x0018           ## $sp = 00000000
/* 00350 80AE6480 03E00008 */  jr      $ra                        
/* 00354 80AE6484 00000000 */  nop


glabel func_80AE6488
/* 00358 80AE6488 27BDFFD8 */  addiu   $sp, $sp, 0xFFD8           ## $sp = FFFFFFD8
/* 0035C 80AE648C AFB00018 */  sw      $s0, 0x0018($sp)           
/* 00360 80AE6490 00808025 */  or      $s0, $a0, $zero            ## $s0 = 00000000
/* 00364 80AE6494 AFBF001C */  sw      $ra, 0x001C($sp)           
/* 00368 80AE6498 8CAE1CCC */  lw      $t6, 0x1CCC($a1)           ## 00001CCC
/* 0036C 80AE649C AFA5002C */  sw      $a1, 0x002C($sp)           
/* 00370 80AE64A0 24A44908 */  addiu   $a0, $a1, 0x4908           ## $a0 = 00004908
/* 00374 80AE64A4 0C054926 */  jal     func_80152498              
/* 00378 80AE64A8 AFAE0024 */  sw      $t6, 0x0024($sp)           
/* 0037C 80AE64AC 44807000 */  mtc1    $zero, $f14                ## $f14 = 0.00
/* 00380 80AE64B0 C60402D0 */  lwc1    $f4, 0x02D0($s0)           ## 000002D0
/* 00384 80AE64B4 8FA5002C */  lw      $a1, 0x002C($sp)           
/* 00388 80AE64B8 44067000 */  mfc1    $a2, $f14                  
/* 0038C 80AE64BC 46047032 */  c.eq.s  $f14, $f4                  
/* 00390 80AE64C0 00401825 */  or      $v1, $v0, $zero            ## $v1 = 00000000
/* 00394 80AE64C4 3C01C220 */  lui     $at, 0xC220                ## $at = C2200000
/* 00398 80AE64C8 24070001 */  addiu   $a3, $zero, 0x0001         ## $a3 = 00000001
/* 0039C 80AE64CC 45030006 */  bc1tl   .L80AE64E8                 
/* 003A0 80AE64D0 44810000 */  mtc1    $at, $f0                   ## $f0 = -40.00
/* 003A4 80AE64D4 3C014220 */  lui     $at, 0x4220                ## $at = 42200000
/* 003A8 80AE64D8 44810000 */  mtc1    $at, $f0                   ## $f0 = 40.00
/* 003AC 80AE64DC 10000004 */  beq     $zero, $zero, .L80AE64F0   
/* 003B0 80AE64E0 C60602D4 */  lwc1    $f6, 0x02D4($s0)           ## 000002D4
/* 003B4 80AE64E4 44810000 */  mtc1    $at, $f0                   ## $f0 = 40.00
.L80AE64E8:
/* 003B8 80AE64E8 00000000 */  nop
/* 003BC 80AE64EC C60602D4 */  lwc1    $f6, 0x02D4($s0)           ## 000002D4
.L80AE64F0:
/* 003C0 80AE64F0 3C0142A0 */  lui     $at, 0x42A0                ## $at = 42A00000
/* 003C4 80AE64F4 46003200 */  add.s   $f8, $f6, $f0              
/* 003C8 80AE64F8 E60802D4 */  swc1    $f8, 0x02D4($s0)           ## 000002D4
/* 003CC 80AE64FC C60202D4 */  lwc1    $f2, 0x02D4($s0)           ## 000002D4
/* 003D0 80AE6500 460E103C */  c.lt.s  $f2, $f14                  
/* 003D4 80AE6504 00000000 */  nop
/* 003D8 80AE6508 45020004 */  bc1fl   .L80AE651C                 
/* 003DC 80AE650C 44816000 */  mtc1    $at, $f12                  ## $f12 = 80.00
/* 003E0 80AE6510 1000000B */  beq     $zero, $zero, .L80AE6540   
/* 003E4 80AE6514 E60E02D4 */  swc1    $f14, 0x02D4($s0)          ## 000002D4
/* 003E8 80AE6518 44816000 */  mtc1    $at, $f12                  ## $f12 = 80.00
.L80AE651C:
/* 003EC 80AE651C 00000000 */  nop
/* 003F0 80AE6520 4602603C */  c.lt.s  $f12, $f2                  
/* 003F4 80AE6524 00000000 */  nop
/* 003F8 80AE6528 45020004 */  bc1fl   .L80AE653C                 
/* 003FC 80AE652C 46001006 */  mov.s   $f0, $f2                   
/* 00400 80AE6530 10000002 */  beq     $zero, $zero, .L80AE653C   
/* 00404 80AE6534 46006006 */  mov.s   $f0, $f12                  
/* 00408 80AE6538 46001006 */  mov.s   $f0, $f2                   
.L80AE653C:
/* 0040C 80AE653C E60002D4 */  swc1    $f0, 0x02D4($s0)           ## 000002D4
.L80AE6540:
/* 00410 80AE6540 C60C02D4 */  lwc1    $f12, 0x02D4($s0)          ## 000002D4
/* 00414 80AE6544 AFA5002C */  sw      $a1, 0x002C($sp)           
/* 00418 80AE6548 0C0600A7 */  jal     func_8018029C              
/* 0041C 80AE654C AFA30020 */  sw      $v1, 0x0020($sp)           
/* 00420 80AE6550 8FAF0024 */  lw      $t7, 0x0024($sp)           
/* 00424 80AE6554 8FA5002C */  lw      $a1, 0x002C($sp)           
/* 00428 80AE6558 44807000 */  mtc1    $zero, $f14                ## $f14 = 0.00
/* 0042C 80AE655C 8DF80A88 */  lw      $t8, 0x0A88($t7)           ## 00000A88
/* 00430 80AE6560 3C020001 */  lui     $v0, 0x0001                ## $v0 = 00010000
/* 00434 80AE6564 8FA30020 */  lw      $v1, 0x0020($sp)           
/* 00438 80AE6568 1618001B */  bne     $s0, $t8, .L80AE65D8       
/* 0043C 80AE656C 00451021 */  addu    $v0, $v0, $a1              
/* 00440 80AE6570 9442680C */  lhu     $v0, 0x680C($v0)           ## 0001680C
/* 00444 80AE6574 284100FF */  slti    $at, $v0, 0x00FF           
/* 00448 80AE6578 14200002 */  bne     $at, $zero, .L80AE6584     
/* 0044C 80AE657C 28410201 */  slti    $at, $v0, 0x0201           
/* 00450 80AE6580 14200015 */  bne     $at, $zero, .L80AE65D8     
.L80AE6584:
/* 00454 80AE6584 24020003 */  addiu   $v0, $zero, 0x0003         ## $v0 = 00000003
/* 00458 80AE6588 54620014 */  bnel    $v1, $v0, .L80AE65DC       
/* 0045C 80AE658C E60E02D0 */  swc1    $f14, 0x02D0($s0)          ## 000002D0
/* 00460 80AE6590 8E1902DC */  lw      $t9, 0x02DC($s0)           ## 000002DC
/* 00464 80AE6594 54590011 */  bnel    $v0, $t9, .L80AE65DC       
/* 00468 80AE6598 E60E02D0 */  swc1    $f14, 0x02D0($s0)          ## 000002D0
/* 0046C 80AE659C 8CA8009C */  lw      $t0, 0x009C($a1)           ## 0000009C
/* 00470 80AE65A0 31090001 */  andi    $t1, $t0, 0x0001           ## $t1 = 00000000
/* 00474 80AE65A4 5520000E */  bnel    $t1, $zero, .L80AE65E0     
/* 00478 80AE65A8 AE0302DC */  sw      $v1, 0x02DC($s0)           ## 000002DC
/* 0047C 80AE65AC C60A02D0 */  lwc1    $f10, 0x02D0($s0)          ## 000002D0
/* 00480 80AE65B0 3C013F80 */  lui     $at, 0x3F80                ## $at = 3F800000
/* 00484 80AE65B4 460A7032 */  c.eq.s  $f14, $f10                 
/* 00488 80AE65B8 00000000 */  nop
/* 0048C 80AE65BC 45030004 */  bc1tl   .L80AE65D0                 
/* 00490 80AE65C0 44818000 */  mtc1    $at, $f16                  ## $f16 = 1.00
/* 00494 80AE65C4 10000005 */  beq     $zero, $zero, .L80AE65DC   
/* 00498 80AE65C8 E60E02D0 */  swc1    $f14, 0x02D0($s0)          ## 000002D0
/* 0049C 80AE65CC 44818000 */  mtc1    $at, $f16                  ## $f16 = 1.00
.L80AE65D0:
/* 004A0 80AE65D0 10000002 */  beq     $zero, $zero, .L80AE65DC   
/* 004A4 80AE65D4 E61002D0 */  swc1    $f16, 0x02D0($s0)          ## 000002D0
.L80AE65D8:
/* 004A8 80AE65D8 E60E02D0 */  swc1    $f14, 0x02D0($s0)          ## 000002D0
.L80AE65DC:
/* 004AC 80AE65DC AE0302DC */  sw      $v1, 0x02DC($s0)           ## 000002DC
.L80AE65E0:
/* 004B0 80AE65E0 8FBF001C */  lw      $ra, 0x001C($sp)           
/* 004B4 80AE65E4 8FB00018 */  lw      $s0, 0x0018($sp)           
/* 004B8 80AE65E8 27BD0028 */  addiu   $sp, $sp, 0x0028           ## $sp = 00000000
/* 004BC 80AE65EC 03E00008 */  jr      $ra                        
/* 004C0 80AE65F0 00000000 */  nop


glabel func_80AE65F4
/* 004C4 80AE65F4 27BDFFD0 */  addiu   $sp, $sp, 0xFFD0           ## $sp = FFFFFFD0
/* 004C8 80AE65F8 AFB00018 */  sw      $s0, 0x0018($sp)           
/* 004CC 80AE65FC 00808025 */  or      $s0, $a0, $zero            ## $s0 = 00000000
/* 004D0 80AE6600 AFBF001C */  sw      $ra, 0x001C($sp)           
/* 004D4 80AE6604 8CA21CCC */  lw      $v0, 0x1CCC($a1)           ## 00001CCC
/* 004D8 80AE6608 3C060001 */  lui     $a2, 0x0001                ## $a2 = 00010000
/* 004DC 80AE660C 00C53021 */  addu    $a2, $a2, $a1              
/* 004E0 80AE6610 8C4E0A6C */  lw      $t6, 0x0A6C($v0)           ## 00000A6C
/* 004E4 80AE6614 94C6680C */  lhu     $a2, 0x680C($a2)           ## 0001680C
/* 004E8 80AE6618 31CF0040 */  andi    $t7, $t6, 0x0040           ## $t7 = 00000000
/* 004EC 80AE661C 51E00024 */  beql    $t7, $zero, .L80AE66B0     
/* 004F0 80AE6620 960201D8 */  lhu     $v0, 0x01D8($s0)           ## 000001D8
/* 004F4 80AE6624 961801DA */  lhu     $t8, 0x01DA($s0)           ## 000001DA
/* 004F8 80AE6628 00C01825 */  or      $v1, $a2, $zero            ## $v1 = 00010000
/* 004FC 80AE662C 50D8001B */  beql    $a2, $t8, .L80AE669C       
/* 00500 80AE6630 960B01D8 */  lhu     $t3, 0x01D8($s0)           ## 000001D8
/* 00504 80AE6634 960201D8 */  lhu     $v0, 0x01D8($s0)           ## 000001D8
/* 00508 80AE6638 02002025 */  or      $a0, $s0, $zero            ## $a0 = 00000000
/* 0050C 80AE663C 24050001 */  addiu   $a1, $zero, 0x0001         ## $a1 = 00000001
/* 00510 80AE6640 30590080 */  andi    $t9, $v0, 0x0080           ## $t9 = 00000000
/* 00514 80AE6644 17200002 */  bne     $t9, $zero, .L80AE6650     
/* 00518 80AE6648 30480100 */  andi    $t0, $v0, 0x0100           ## $t0 = 00000000
/* 0051C 80AE664C 11000007 */  beq     $t0, $zero, .L80AE666C     
.L80AE6650:
/* 00520 80AE6650 34490008 */  ori     $t1, $v0, 0x0008           ## $t1 = 00000008
/* 00524 80AE6654 A60901D8 */  sh      $t1, 0x01D8($s0)           ## 000001D8
/* 00528 80AE6658 A7A6002A */  sh      $a2, 0x002A($sp)           
/* 0052C 80AE665C 0C2B9857 */  jal     func_80AE615C              
/* 00530 80AE6660 AFA30024 */  sw      $v1, 0x0024($sp)           
/* 00534 80AE6664 8FA30024 */  lw      $v1, 0x0024($sp)           
/* 00538 80AE6668 97A6002A */  lhu     $a2, 0x002A($sp)           
.L80AE666C:
/* 0053C 80AE666C 240109C5 */  addiu   $at, $zero, 0x09C5         ## $at = 000009C5
/* 00540 80AE6670 5461000A */  bnel    $v1, $at, .L80AE669C       
/* 00544 80AE6674 960B01D8 */  lhu     $t3, 0x01D8($s0)           ## 000001D8
/* 00548 80AE6678 960201D8 */  lhu     $v0, 0x01D8($s0)           ## 000001D8
/* 0054C 80AE667C 02002025 */  or      $a0, $s0, $zero            ## $a0 = 00000000
/* 00550 80AE6680 24050001 */  addiu   $a1, $zero, 0x0001         ## $a1 = 00000001
/* 00554 80AE6684 344A0008 */  ori     $t2, $v0, 0x0008           ## $t2 = 00000008
/* 00558 80AE6688 A60A01D8 */  sh      $t2, 0x01D8($s0)           ## 000001D8
/* 0055C 80AE668C 0C2B9857 */  jal     func_80AE615C              
/* 00560 80AE6690 A7A6002A */  sh      $a2, 0x002A($sp)           
/* 00564 80AE6694 97A6002A */  lhu     $a2, 0x002A($sp)           
/* 00568 80AE6698 960B01D8 */  lhu     $t3, 0x01D8($s0)           ## 000001D8
.L80AE669C:
/* 0056C 80AE669C A60601DA */  sh      $a2, 0x01DA($s0)           ## 000001DA
/* 00570 80AE66A0 356C0040 */  ori     $t4, $t3, 0x0040           ## $t4 = 00000040
/* 00574 80AE66A4 10000011 */  beq     $zero, $zero, .L80AE66EC   
/* 00578 80AE66A8 A60C01D8 */  sh      $t4, 0x01D8($s0)           ## 000001D8
/* 0057C 80AE66AC 960201D8 */  lhu     $v0, 0x01D8($s0)           ## 000001D8
.L80AE66B0:
/* 00580 80AE66B0 3C0E801F */  lui     $t6, 0x801F                ## $t6 = 801F0000
/* 00584 80AE66B4 304D0040 */  andi    $t5, $v0, 0x0040           ## $t5 = 00000000
/* 00588 80AE66B8 51A0000D */  beql    $t5, $zero, .L80AE66F0     
/* 0058C 80AE66BC 00001025 */  or      $v0, $zero, $zero          ## $v0 = 00000000
/* 00590 80AE66C0 91CE057F */  lbu     $t6, 0x057F($t6)           ## 801F057F
/* 00594 80AE66C4 02002025 */  or      $a0, $s0, $zero            ## $a0 = 00000000
/* 00598 80AE66C8 31CF0008 */  andi    $t7, $t6, 0x0008           ## $t7 = 00000000
/* 0059C 80AE66CC 55E00005 */  bnel    $t7, $zero, .L80AE66E4     
/* 005A0 80AE66D0 3058FFBF */  andi    $t8, $v0, 0xFFBF           ## $t8 = 00000000
/* 005A4 80AE66D4 0C2B9857 */  jal     func_80AE615C              
/* 005A8 80AE66D8 24050003 */  addiu   $a1, $zero, 0x0003         ## $a1 = 00000003
/* 005AC 80AE66DC 960201D8 */  lhu     $v0, 0x01D8($s0)           ## 000001D8
/* 005B0 80AE66E0 3058FFBF */  andi    $t8, $v0, 0xFFBF           ## $t8 = 00000000
.L80AE66E4:
/* 005B4 80AE66E4 A60001DA */  sh      $zero, 0x01DA($s0)         ## 000001DA
/* 005B8 80AE66E8 A61801D8 */  sh      $t8, 0x01D8($s0)           ## 000001D8
.L80AE66EC:
/* 005BC 80AE66EC 00001025 */  or      $v0, $zero, $zero          ## $v0 = 00000000
.L80AE66F0:
/* 005C0 80AE66F0 8FBF001C */  lw      $ra, 0x001C($sp)           
/* 005C4 80AE66F4 8FB00018 */  lw      $s0, 0x0018($sp)           
/* 005C8 80AE66F8 27BD0030 */  addiu   $sp, $sp, 0x0030           ## $sp = 00000000
/* 005CC 80AE66FC 03E00008 */  jr      $ra                        
/* 005D0 80AE6700 00000000 */  nop


glabel func_80AE6704
/* 005D4 80AE6704 27BDFFE0 */  addiu   $sp, $sp, 0xFFE0           ## $sp = FFFFFFE0
/* 005D8 80AE6708 AFBF0014 */  sw      $ra, 0x0014($sp)           
/* 005DC 80AE670C AFA50024 */  sw      $a1, 0x0024($sp)           
/* 005E0 80AE6710 00803825 */  or      $a3, $a0, $zero            ## $a3 = 00000000
/* 005E4 80AE6714 84E602C6 */  lh      $a2, 0x02C6($a3)           ## 000002C6
/* 005E8 80AE6718 00004025 */  or      $t0, $zero, $zero          ## $t0 = 00000000
/* 005EC 80AE671C 2CC10007 */  sltiu   $at, $a2, 0x0007           
/* 005F0 80AE6720 10200052 */  beq     $at, $zero, .L80AE686C     
/* 005F4 80AE6724 00067080 */  sll     $t6, $a2,  2               
/* 005F8 80AE6728 3C0180AE */  lui     $at, %hi(D_80AE7280)       ## $at = 80AE0000
/* 005FC 80AE672C 002E0821 */  addu    $at, $at, $t6              
/* 00600 80AE6730 8C2E7280 */  lw      $t6, %lo(D_80AE7280)($at)  
/* 00604 80AE6734 01C00008 */  jr      $t6                        
/* 00608 80AE6738 00000000 */  nop
.L80AE673C:
/* 0060C 80AE673C 3C03801F */  lui     $v1, 0x801F                ## $v1 = 801F0000
/* 00610 80AE6740 2463F670 */  addiu   $v1, $v1, 0xF670           ## $v1 = 801EF670
/* 00614 80AE6744 3C0F801C */  lui     $t7, 0x801C                ## $t7 = 801C0000
/* 00618 80AE6748 8DEF1D94 */  lw      $t7, 0x1D94($t7)           ## 801C1D94
/* 0061C 80AE674C 8C6200BC */  lw      $v0, 0x00BC($v1)           ## 801EF72C
/* 00620 80AE6750 24190006 */  addiu   $t9, $zero, 0x0006         ## $t9 = 00000006
/* 00624 80AE6754 24C90001 */  addiu   $t1, $a2, 0x0001           ## $t1 = 00000001
/* 00628 80AE6758 01E2C024 */  and     $t8, $t7, $v0              
/* 0062C 80AE675C 17000004 */  bne     $t8, $zero, .L80AE6770     
/* 00630 80AE6760 00000000 */  nop
/* 00634 80AE6764 A4F902C6 */  sh      $t9, 0x02C6($a3)           ## 000002C6
/* 00638 80AE6768 10000040 */  beq     $zero, $zero, .L80AE686C   
/* 0063C 80AE676C 24080001 */  addiu   $t0, $zero, 0x0001         ## $t0 = 00000001
.L80AE6770:
/* 00640 80AE6770 1000003E */  beq     $zero, $zero, .L80AE686C   
/* 00644 80AE6774 A4E902C6 */  sh      $t1, 0x02C6($a3)           ## 000002C6
.L80AE6778:
/* 00648 80AE6778 00065080 */  sll     $t2, $a2,  2               
/* 0064C 80AE677C 3C0480AE */  lui     $a0, %hi(D_80AE7258)       ## $a0 = 80AE0000
/* 00650 80AE6780 008A2021 */  addu    $a0, $a0, $t2              
/* 00654 80AE6784 8C847258 */  lw      $a0, %lo(D_80AE7258)($a0)  
/* 00658 80AE6788 AFA70020 */  sw      $a3, 0x0020($sp)           
/* 0065C 80AE678C 0C04E931 */  jal     func_8013A4C4              
/* 00660 80AE6790 AFA80018 */  sw      $t0, 0x0018($sp)           
/* 00664 80AE6794 8FA70020 */  lw      $a3, 0x0020($sp)           
/* 00668 80AE6798 1040000E */  beq     $v0, $zero, .L80AE67D4     
/* 0066C 80AE679C 8FA80018 */  lw      $t0, 0x0018($sp)           
/* 00670 80AE67A0 240B0006 */  addiu   $t3, $zero, 0x0006         ## $t3 = 00000006
/* 00674 80AE67A4 3C03801F */  lui     $v1, 0x801F                ## $v1 = 801F0000
/* 00678 80AE67A8 A4EB02C6 */  sh      $t3, 0x02C6($a3)           ## 000002C6
/* 0067C 80AE67AC 3C0C801C */  lui     $t4, 0x801C                ## $t4 = 801C0000
/* 00680 80AE67B0 8D8C1D94 */  lw      $t4, 0x1D94($t4)           ## 801C1D94
/* 00684 80AE67B4 2463F670 */  addiu   $v1, $v1, 0xF670           ## $v1 = 801EF670
/* 00688 80AE67B8 8C6200BC */  lw      $v0, 0x00BC($v1)           ## 801EF72C
/* 0068C 80AE67BC 240DFFFF */  addiu   $t5, $zero, 0xFFFF         ## $t5 = FFFFFFFF
/* 00690 80AE67C0 01AC7023 */  subu    $t6, $t5, $t4              
/* 00694 80AE67C4 01C27824 */  and     $t7, $t6, $v0              
/* 00698 80AE67C8 24080001 */  addiu   $t0, $zero, 0x0001         ## $t0 = 00000001
/* 0069C 80AE67CC 10000027 */  beq     $zero, $zero, .L80AE686C   
/* 006A0 80AE67D0 AC6F00BC */  sw      $t7, 0x00BC($v1)           ## 801EF72C
.L80AE67D4:
/* 006A4 80AE67D4 84F802C6 */  lh      $t8, 0x02C6($a3)           ## 000002C6
/* 006A8 80AE67D8 27190001 */  addiu   $t9, $t8, 0x0001           ## $t9 = 00000001
/* 006AC 80AE67DC 10000023 */  beq     $zero, $zero, .L80AE686C   
/* 006B0 80AE67E0 A4F902C6 */  sh      $t9, 0x02C6($a3)           ## 000002C6
.L80AE67E4:
/* 006B4 80AE67E4 3C03801F */  lui     $v1, 0x801F                ## $v1 = 801F0000
/* 006B8 80AE67E8 2463F670 */  addiu   $v1, $v1, 0xF670           ## $v1 = 801EF670
/* 006BC 80AE67EC 90690F52 */  lbu     $t1, 0x0F52($v1)           ## 801F05C2
/* 006C0 80AE67F0 8FA40024 */  lw      $a0, 0x0024($sp)           
/* 006C4 80AE67F4 00E02825 */  or      $a1, $a3, $zero            ## $a1 = 00000000
/* 006C8 80AE67F8 312A00BF */  andi    $t2, $t1, 0x00BF           ## $t2 = 00000000
/* 006CC 80AE67FC A06A0F52 */  sb      $t2, 0x0F52($v1)           ## 801F05C2
/* 006D0 80AE6800 24060007 */  addiu   $a2, $zero, 0x0007         ## $a2 = 00000007
/* 006D4 80AE6804 AFA70020 */  sw      $a3, 0x0020($sp)           
/* 006D8 80AE6808 0C02DCA6 */  jal     func_800B7298              
/* 006DC 80AE680C AFA80018 */  sw      $t0, 0x0018($sp)           
/* 006E0 80AE6810 8FA40024 */  lw      $a0, 0x0024($sp)           
/* 006E4 80AE6814 3C010002 */  lui     $at, 0x0002                ## $at = 00020000
/* 006E8 80AE6818 8FA70020 */  lw      $a3, 0x0020($sp)           
/* 006EC 80AE681C 8FA80018 */  lw      $t0, 0x0018($sp)           
/* 006F0 80AE6820 340B8460 */  ori     $t3, $zero, 0x8460         ## $t3 = 00008460
/* 006F4 80AE6824 00240821 */  addu    $at, $at, $a0              
/* 006F8 80AE6828 3C03801F */  lui     $v1, 0x801F                ## $v1 = 801F0000
/* 006FC 80AE682C A42B887A */  sh      $t3, -0x7786($at)          ## 0001887A
/* 00700 80AE6830 2463F670 */  addiu   $v1, $v1, 0xF670           ## $v1 = 801EF670
/* 00704 80AE6834 3C010002 */  lui     $at, 0x0002                ## $at = 00020000
/* 00708 80AE6838 A4603F4A */  sh      $zero, 0x3F4A($v1)         ## 801F35BA
/* 0070C 80AE683C 240D0014 */  addiu   $t5, $zero, 0x0014         ## $t5 = 00000014
/* 00710 80AE6840 00240821 */  addu    $at, $at, $a0              
/* 00714 80AE6844 A02D8875 */  sb      $t5, -0x778B($at)          ## 00018875
/* 00718 80AE6848 3C010002 */  lui     $at, 0x0002                ## $at = 00020000
/* 0071C 80AE684C 240C0003 */  addiu   $t4, $zero, 0x0003         ## $t4 = 00000003
/* 00720 80AE6850 00240821 */  addu    $at, $at, $a0              
/* 00724 80AE6854 A02C887F */  sb      $t4, -0x7781($at)          ## 0001887F
/* 00728 80AE6858 240E0007 */  addiu   $t6, $zero, 0x0007         ## $t6 = 00000007
/* 0072C 80AE685C A06E3F55 */  sb      $t6, 0x3F55($v1)           ## 801F35C5
/* 00730 80AE6860 84EF02C6 */  lh      $t7, 0x02C6($a3)           ## 000002C6
/* 00734 80AE6864 25F80001 */  addiu   $t8, $t7, 0x0001           ## $t8 = 00000001
/* 00738 80AE6868 A4F802C6 */  sh      $t8, 0x02C6($a3)           ## 000002C6
.L80AE686C:
/* 0073C 80AE686C 01001025 */  or      $v0, $t0, $zero            ## $v0 = 00000000
/* 00740 80AE6870 8FBF0014 */  lw      $ra, 0x0014($sp)           
/* 00744 80AE6874 27BD0020 */  addiu   $sp, $sp, 0x0020           ## $sp = 00000000
/* 00748 80AE6878 03E00008 */  jr      $ra                        
/* 0074C 80AE687C 00000000 */  nop


glabel func_80AE6880
/* 00750 80AE6880 AFA50004 */  sw      $a1, 0x0004($sp)           
/* 00754 80AE6884 848E02BE */  lh      $t6, 0x02BE($a0)           ## 000002BE
/* 00758 80AE6888 3C0280AE */  lui     $v0, %hi(D_80AE70B0)       ## $v0 = 80AE0000
/* 0075C 80AE688C 51C00004 */  beql    $t6, $zero, .L80AE68A0     
/* 00760 80AE6890 948201D8 */  lhu     $v0, 0x01D8($a0)           ## 000001D8
/* 00764 80AE6894 03E00008 */  jr      $ra                        
/* 00768 80AE6898 244270B0 */  addiu   $v0, $v0, %lo(D_80AE70B0)  ## $v0 = 80AE70B0
.L80AE689C:
/* 0076C 80AE689C 948201D8 */  lhu     $v0, 0x01D8($a0)           ## 000001D8
.L80AE68A0:
/* 00770 80AE68A0 3C1880AE */  lui     $t8, %hi(func_80AE6704)    ## $t8 = 80AE0000
/* 00774 80AE68A4 27186704 */  addiu   $t8, $t8, %lo(func_80AE6704) ## $t8 = 80AE6704
/* 00778 80AE68A8 304F0080 */  andi    $t7, $v0, 0x0080           ## $t7 = 00000080
/* 0077C 80AE68AC 11E00005 */  beq     $t7, $zero, .L80AE68C4     
/* 00780 80AE68B0 30590100 */  andi    $t9, $v0, 0x0100           ## $t9 = 00000000
/* 00784 80AE68B4 3C0280AE */  lui     $v0, %hi(D_80AE70B8)       ## $v0 = 80AE0000
/* 00788 80AE68B8 AC9802D8 */  sw      $t8, 0x02D8($a0)           ## 000002D8
/* 0078C 80AE68BC 03E00008 */  jr      $ra                        
/* 00790 80AE68C0 244270B8 */  addiu   $v0, $v0, %lo(D_80AE70B8)  ## $v0 = 80AE70B8
.L80AE68C4:
/* 00794 80AE68C4 13200004 */  beq     $t9, $zero, .L80AE68D8     
/* 00798 80AE68C8 3C0880AE */  lui     $t0, %hi(func_80AE6704)    ## $t0 = 80AE0000
/* 0079C 80AE68CC 3C0280AE */  lui     $v0, %hi(D_80AE71C4)       ## $v0 = 80AE0000
/* 007A0 80AE68D0 03E00008 */  jr      $ra                        
/* 007A4 80AE68D4 244271C4 */  addiu   $v0, $v0, %lo(D_80AE71C4)  ## $v0 = 80AE71C4
.L80AE68D8:
/* 007A8 80AE68D8 25086704 */  addiu   $t0, $t0, %lo(func_80AE6704) ## $t0 = 80AE6704
/* 007AC 80AE68DC 3C0280AE */  lui     $v0, %hi(D_80AE6F00)       ## $v0 = 80AE0000
/* 007B0 80AE68E0 AC8802D8 */  sw      $t0, 0x02D8($a0)           ## 000002D8
/* 007B4 80AE68E4 24426F00 */  addiu   $v0, $v0, %lo(D_80AE6F00)  ## $v0 = 80AE6F00
/* 007B8 80AE68E8 03E00008 */  jr      $ra                        
/* 007BC 80AE68EC 00000000 */  nop


glabel func_80AE68F0
/* 007C0 80AE68F0 27BDFFD8 */  addiu   $sp, $sp, 0xFFD8           ## $sp = FFFFFFD8
/* 007C4 80AE68F4 AFB00018 */  sw      $s0, 0x0018($sp)           
/* 007C8 80AE68F8 00808025 */  or      $s0, $a0, $zero            ## $s0 = 00000000
/* 007CC 80AE68FC AFBF001C */  sw      $ra, 0x001C($sp)           
/* 007D0 80AE6900 960E01D8 */  lhu     $t6, 0x01D8($s0)           ## 000001D8
/* 007D4 80AE6904 8CA61CCC */  lw      $a2, 0x1CCC($a1)           ## 00001CCC
/* 007D8 80AE6908 00001825 */  or      $v1, $zero, $zero          ## $v1 = 00000000
/* 007DC 80AE690C 31CF0007 */  andi    $t7, $t6, 0x0007           ## $t7 = 00000000
/* 007E0 80AE6910 11E0002F */  beq     $t7, $zero, .L80AE69D0     
/* 007E4 80AE6914 02002025 */  or      $a0, $s0, $zero            ## $a0 = 00000000
/* 007E8 80AE6918 AFA00020 */  sw      $zero, 0x0020($sp)         
/* 007EC 80AE691C AFA5002C */  sw      $a1, 0x002C($sp)           
/* 007F0 80AE6920 0C02E134 */  jal     func_800B84D0              
/* 007F4 80AE6924 AFA60024 */  sw      $a2, 0x0024($sp)           
/* 007F8 80AE6928 8FA30020 */  lw      $v1, 0x0020($sp)           
/* 007FC 80AE692C 10400028 */  beq     $v0, $zero, .L80AE69D0     
/* 00800 80AE6930 8FA60024 */  lw      $a2, 0x0024($sp)           
/* 00804 80AE6934 961801D8 */  lhu     $t8, 0x01D8($s0)           ## 000001D8
/* 00808 80AE6938 2401FE7F */  addiu   $at, $zero, 0xFE7F         ## $at = FFFFFE7F
/* 0080C 80AE693C 260401D8 */  addiu   $a0, $s0, 0x01D8           ## $a0 = 000001D8
/* 00810 80AE6940 0301C824 */  and     $t9, $t8, $at              
/* 00814 80AE6944 A61901D8 */  sh      $t9, 0x01D8($s0)           ## 000001D8
/* 00818 80AE6948 80C20A87 */  lb      $v0, 0x0A87($a2)           ## 00000A87
/* 0081C 80AE694C 24010013 */  addiu   $at, $zero, 0x0013         ## $at = 00000013
/* 00820 80AE6950 37290080 */  ori     $t1, $t9, 0x0080           ## $t1 = 00000080
/* 00824 80AE6954 14410005 */  bne     $v0, $at, .L80AE696C       
/* 00828 80AE6958 00002825 */  or      $a1, $zero, $zero          ## $a1 = 00000000
/* 0082C 80AE695C A60901D8 */  sh      $t1, 0x01D8($s0)           ## 000001D8
/* 00830 80AE6960 80CA0A87 */  lb      $t2, 0x0A87($a2)           ## 00000A87
/* 00834 80AE6964 10000008 */  beq     $zero, $zero, .L80AE6988   
/* 00838 80AE6968 AE0A02E4 */  sw      $t2, 0x02E4($s0)           ## 000002E4
.L80AE696C:
/* 0083C 80AE696C 10400006 */  beq     $v0, $zero, .L80AE6988     
/* 00840 80AE6970 00000000 */  nop
/* 00844 80AE6974 960B01D8 */  lhu     $t3, 0x01D8($s0)           ## 000001D8
/* 00848 80AE6978 356C0100 */  ori     $t4, $t3, 0x0100           ## $t4 = 00000100
/* 0084C 80AE697C A60C01D8 */  sh      $t4, 0x01D8($s0)           ## 000001D8
/* 00850 80AE6980 80CD0A87 */  lb      $t5, 0x0A87($a2)           ## 00000A87
/* 00854 80AE6984 AE0D02E4 */  sw      $t5, 0x02E4($s0)           ## 000002E4
.L80AE6988:
/* 00858 80AE6988 0C04EBB5 */  jal     func_8013AED4              
/* 0085C 80AE698C 24060007 */  addiu   $a2, $zero, 0x0007         ## $a2 = 00000007
/* 00860 80AE6990 02002025 */  or      $a0, $s0, $zero            ## $a0 = 00000000
/* 00864 80AE6994 0C2B9A20 */  jal     func_80AE6880              
/* 00868 80AE6998 8FA5002C */  lw      $a1, 0x002C($sp)           
/* 0086C 80AE699C AE0201DC */  sw      $v0, 0x01DC($s0)           ## 000001DC
/* 00870 80AE69A0 A60002C6 */  sh      $zero, 0x02C6($s0)         ## 000002C6
/* 00874 80AE69A4 3C0E801F */  lui     $t6, 0x801F                ## $t6 = 801F0000
/* 00878 80AE69A8 91CE057F */  lbu     $t6, 0x057F($t6)           ## 801F057F
/* 0087C 80AE69AC 3C0880AE */  lui     $t0, %hi(func_80AE6A64)    ## $t0 = 80AE0000
/* 00880 80AE69B0 25086A64 */  addiu   $t0, $t0, %lo(func_80AE6A64) ## $t0 = 80AE6A64
/* 00884 80AE69B4 31CF0008 */  andi    $t7, $t6, 0x0008           ## $t7 = 00000000
/* 00888 80AE69B8 11E00004 */  beq     $t7, $zero, .L80AE69CC     
/* 0088C 80AE69BC 24030001 */  addiu   $v1, $zero, 0x0001         ## $v1 = 00000001
/* 00890 80AE69C0 961801D8 */  lhu     $t8, 0x01D8($s0)           ## 000001D8
/* 00894 80AE69C4 37190008 */  ori     $t9, $t8, 0x0008           ## $t9 = 00000008
/* 00898 80AE69C8 A61901D8 */  sh      $t9, 0x01D8($s0)           ## 000001D8
.L80AE69CC:
/* 0089C 80AE69CC AE080144 */  sw      $t0, 0x0144($s0)           ## 00000144
.L80AE69D0:
/* 008A0 80AE69D0 00601025 */  or      $v0, $v1, $zero            ## $v0 = 00000001
/* 008A4 80AE69D4 8FBF001C */  lw      $ra, 0x001C($sp)           
/* 008A8 80AE69D8 8FB00018 */  lw      $s0, 0x0018($sp)           
/* 008AC 80AE69DC 27BD0028 */  addiu   $sp, $sp, 0x0028           ## $sp = 00000000
/* 008B0 80AE69E0 03E00008 */  jr      $ra                        
/* 008B4 80AE69E4 00000000 */  nop


glabel func_80AE69E8
/* 008B8 80AE69E8 27BDFFE0 */  addiu   $sp, $sp, 0xFFE0           ## $sp = FFFFFFE0
/* 008BC 80AE69EC AFB00018 */  sw      $s0, 0x0018($sp)           
/* 008C0 80AE69F0 00808025 */  or      $s0, $a0, $zero            ## $s0 = 00000000
/* 008C4 80AE69F4 AFBF001C */  sw      $ra, 0x001C($sp)           
/* 008C8 80AE69F8 AFA50024 */  sw      $a1, 0x0024($sp)           
/* 008CC 80AE69FC 260400BE */  addiu   $a0, $s0, 0x00BE           ## $a0 = 000000BE
/* 008D0 80AE6A00 86050032 */  lh      $a1, 0x0032($s0)           ## 00000032
/* 008D4 80AE6A04 24060003 */  addiu   $a2, $zero, 0x0003         ## $a2 = 00000003
/* 008D8 80AE6A08 0C03FFF6 */  jal     func_800FFFD8              
/* 008DC 80AE6A0C 24072AA8 */  addiu   $a3, $zero, 0x2AA8         ## $a3 = 00002AA8
/* 008E0 80AE6A10 3C0E801F */  lui     $t6, 0x801F                ## $t6 = 801F0000
/* 008E4 80AE6A14 91CE057F */  lbu     $t6, 0x057F($t6)           ## 801F057F
/* 008E8 80AE6A18 31CF0008 */  andi    $t7, $t6, 0x0008           ## $t7 = 00000000
/* 008EC 80AE6A1C 51E0000A */  beql    $t7, $zero, .L80AE6A48     
/* 008F0 80AE6A20 960801D8 */  lhu     $t0, 0x01D8($s0)           ## 000001D8
/* 008F4 80AE6A24 0C2B9870 */  jal     func_80AE61C0              
/* 008F8 80AE6A28 02002025 */  or      $a0, $s0, $zero            ## $a0 = 00000000
/* 008FC 80AE6A2C 50400006 */  beql    $v0, $zero, .L80AE6A48     
/* 00900 80AE6A30 960801D8 */  lhu     $t0, 0x01D8($s0)           ## 000001D8
/* 00904 80AE6A34 961801D8 */  lhu     $t8, 0x01D8($s0)           ## 000001D8
/* 00908 80AE6A38 37190008 */  ori     $t9, $t8, 0x0008           ## $t9 = 00000008
/* 0090C 80AE6A3C 10000004 */  beq     $zero, $zero, .L80AE6A50   
/* 00910 80AE6A40 A61901D8 */  sh      $t9, 0x01D8($s0)           ## 000001D8
/* 00914 80AE6A44 960801D8 */  lhu     $t0, 0x01D8($s0)           ## 000001D8
.L80AE6A48:
/* 00918 80AE6A48 3109FFF7 */  andi    $t1, $t0, 0xFFF7           ## $t1 = 00000000
/* 0091C 80AE6A4C A60901D8 */  sh      $t1, 0x01D8($s0)           ## 000001D8
.L80AE6A50:
/* 00920 80AE6A50 8FBF001C */  lw      $ra, 0x001C($sp)           
/* 00924 80AE6A54 8FB00018 */  lw      $s0, 0x0018($sp)           
/* 00928 80AE6A58 27BD0020 */  addiu   $sp, $sp, 0x0020           ## $sp = 00000000
/* 0092C 80AE6A5C 03E00008 */  jr      $ra                        
/* 00930 80AE6A60 00000000 */  nop


glabel func_80AE6A64
/* 00934 80AE6A64 27BDFFB8 */  addiu   $sp, $sp, 0xFFB8           ## $sp = FFFFFFB8
/* 00938 80AE6A68 AFB00020 */  sw      $s0, 0x0020($sp)           
/* 0093C 80AE6A6C 00808025 */  or      $s0, $a0, $zero            ## $s0 = 00000000
/* 00940 80AE6A70 AFBF0024 */  sw      $ra, 0x0024($sp)           
/* 00944 80AE6A74 8E0601DC */  lw      $a2, 0x01DC($s0)           ## 000001DC
/* 00948 80AE6A78 8E0702D8 */  lw      $a3, 0x02D8($s0)           ## 000002D8
/* 0094C 80AE6A7C 260E01E0 */  addiu   $t6, $s0, 0x01E0           ## $t6 = 000001E0
/* 00950 80AE6A80 AFAE0010 */  sw      $t6, 0x0010($sp)           
/* 00954 80AE6A84 0C042FD6 */  jal     func_8010BF58              
/* 00958 80AE6A88 02002025 */  or      $a0, $s0, $zero            ## $a0 = 00000000
/* 0095C 80AE6A8C 10400011 */  beq     $v0, $zero, .L80AE6AD4     
/* 00960 80AE6A90 260401D8 */  addiu   $a0, $s0, 0x01D8           ## $a0 = 000001D8
/* 00964 80AE6A94 24050003 */  addiu   $a1, $zero, 0x0003         ## $a1 = 00000003
/* 00968 80AE6A98 0C04EBB5 */  jal     func_8013AED4              
/* 0096C 80AE6A9C 24060007 */  addiu   $a2, $zero, 0x0007         ## $a2 = 00000007
/* 00970 80AE6AA0 960F01D8 */  lhu     $t7, 0x01D8($s0)           ## 000001D8
/* 00974 80AE6AA4 3C0A80AE */  lui     $t2, %hi(func_80AE69E8)    ## $t2 = 80AE0000
/* 00978 80AE6AA8 24090014 */  addiu   $t1, $zero, 0x0014         ## $t1 = 00000014
/* 0097C 80AE6AAC 31F9FFF7 */  andi    $t9, $t7, 0xFFF7           ## $t9 = 00000000
/* 00980 80AE6AB0 A61901D8 */  sh      $t9, 0x01D8($s0)           ## 000001D8
/* 00984 80AE6AB4 37280020 */  ori     $t0, $t9, 0x0020           ## $t0 = 00000020
/* 00988 80AE6AB8 254A69E8 */  addiu   $t2, $t2, %lo(func_80AE69E8) ## $t2 = 80AE69E8
/* 0098C 80AE6ABC A60801D8 */  sh      $t0, 0x01D8($s0)           ## 000001D8
/* 00990 80AE6AC0 A60902CA */  sh      $t1, 0x02CA($s0)           ## 000002CA
/* 00994 80AE6AC4 AE0001E0 */  sw      $zero, 0x01E0($s0)         ## 000001E0
/* 00998 80AE6AC8 A60002BE */  sh      $zero, 0x02BE($s0)         ## 000002BE
/* 0099C 80AE6ACC 10000013 */  beq     $zero, $zero, .L80AE6B1C   
/* 009A0 80AE6AD0 AE0A0144 */  sw      $t2, 0x0144($s0)           ## 00000144
.L80AE6AD4:
/* 009A4 80AE6AD4 8E0201E4 */  lw      $v0, 0x01E4($s0)           ## 000001E4
/* 009A8 80AE6AD8 27A40038 */  addiu   $a0, $sp, 0x0038           ## $a0 = FFFFFFF0
/* 009AC 80AE6ADC 50400010 */  beql    $v0, $zero, .L80AE6B20     
/* 009B0 80AE6AE0 8FBF0024 */  lw      $ra, 0x0024($sp)           
/* 009B4 80AE6AE4 0C03FD43 */  jal     func_800FF50C              
/* 009B8 80AE6AE8 24450024 */  addiu   $a1, $v0, 0x0024           ## $a1 = 00000024
/* 009BC 80AE6AEC 27A4002C */  addiu   $a0, $sp, 0x002C           ## $a0 = FFFFFFE4
/* 009C0 80AE6AF0 0C03FD43 */  jal     func_800FF50C              
/* 009C4 80AE6AF4 26050024 */  addiu   $a1, $s0, 0x0024           ## $a1 = 00000024
/* 009C8 80AE6AF8 27A4002C */  addiu   $a0, $sp, 0x002C           ## $a0 = FFFFFFE4
/* 009CC 80AE6AFC 0C03FE98 */  jal     func_800FFA60              
/* 009D0 80AE6B00 27A50038 */  addiu   $a1, $sp, 0x0038           ## $a1 = FFFFFFF0
/* 009D4 80AE6B04 00022C00 */  sll     $a1, $v0, 16               
/* 009D8 80AE6B08 00052C03 */  sra     $a1, $a1, 16               
/* 009DC 80AE6B0C 260400BE */  addiu   $a0, $s0, 0x00BE           ## $a0 = 000000BE
/* 009E0 80AE6B10 24060004 */  addiu   $a2, $zero, 0x0004         ## $a2 = 00000004
/* 009E4 80AE6B14 0C03FFF6 */  jal     func_800FFFD8              
/* 009E8 80AE6B18 24072AA8 */  addiu   $a3, $zero, 0x2AA8         ## $a3 = 00002AA8
.L80AE6B1C:
/* 009EC 80AE6B1C 8FBF0024 */  lw      $ra, 0x0024($sp)           
.L80AE6B20:
/* 009F0 80AE6B20 8FB00020 */  lw      $s0, 0x0020($sp)           
/* 009F4 80AE6B24 27BD0048 */  addiu   $sp, $sp, 0x0048           ## $sp = 00000000
/* 009F8 80AE6B28 03E00008 */  jr      $ra                        
/* 009FC 80AE6B2C 00000000 */  nop


glabel func_80AE6B30
/* 00A00 80AE6B30 27BDFFD0 */  addiu   $sp, $sp, 0xFFD0           ## $sp = FFFFFFD0
/* 00A04 80AE6B34 AFB00028 */  sw      $s0, 0x0028($sp)           
/* 00A08 80AE6B38 44800000 */  mtc1    $zero, $f0                 ## $f0 = 0.00
/* 00A0C 80AE6B3C 00808025 */  or      $s0, $a0, $zero            ## $s0 = 00000000
/* 00A10 80AE6B40 AFBF002C */  sw      $ra, 0x002C($sp)           
/* 00A14 80AE6B44 AFA50034 */  sw      $a1, 0x0034($sp)           
/* 00A18 80AE6B48 44050000 */  mfc1    $a1, $f0                   
/* 00A1C 80AE6B4C 44070000 */  mfc1    $a3, $f0                   
/* 00A20 80AE6B50 260400BC */  addiu   $a0, $s0, 0x00BC           ## $a0 = 000000BC
/* 00A24 80AE6B54 0C02CEE9 */  jal     func_800B3BA4              
/* 00A28 80AE6B58 00003025 */  or      $a2, $zero, $zero          ## $a2 = 00000000
/* 00A2C 80AE6B5C 3C060601 */  lui     $a2, 0x0601                ## $a2 = 06010000
/* 00A30 80AE6B60 260E01FA */  addiu   $t6, $s0, 0x01FA           ## $t6 = 000001FA
/* 00A34 80AE6B64 260F025A */  addiu   $t7, $s0, 0x025A           ## $t7 = 0000025A
/* 00A38 80AE6B68 24180010 */  addiu   $t8, $zero, 0x0010         ## $t8 = 00000010
/* 00A3C 80AE6B6C AFB80018 */  sw      $t8, 0x0018($sp)           
/* 00A40 80AE6B70 AFAF0014 */  sw      $t7, 0x0014($sp)           
/* 00A44 80AE6B74 AFAE0010 */  sw      $t6, 0x0010($sp)           
/* 00A48 80AE6B78 24C6E7D0 */  addiu   $a2, $a2, 0xE7D0           ## $a2 = 0600E7D0
/* 00A4C 80AE6B7C 8FA40034 */  lw      $a0, 0x0034($sp)           
/* 00A50 80AE6B80 26050148 */  addiu   $a1, $s0, 0x0148           ## $a1 = 00000148
/* 00A54 80AE6B84 0C04DACC */  jal     func_80136B30              
/* 00A58 80AE6B88 00003825 */  or      $a3, $zero, $zero          ## $a3 = 00000000
/* 00A5C 80AE6B8C 2419FFFF */  addiu   $t9, $zero, 0xFFFF         ## $t9 = FFFFFFFF
/* 00A60 80AE6B90 AE1902E8 */  sw      $t9, 0x02E8($s0)           ## 000002E8
/* 00A64 80AE6B94 3C08801F */  lui     $t0, 0x801F                ## $t0 = 801F0000
/* 00A68 80AE6B98 9108057F */  lbu     $t0, 0x057F($t0)           ## 801F057F
/* 00A6C 80AE6B9C 00002825 */  or      $a1, $zero, $zero          ## $a1 = 00000000
/* 00A70 80AE6BA0 02002025 */  or      $a0, $s0, $zero            ## $a0 = 00000000
/* 00A74 80AE6BA4 31090008 */  andi    $t1, $t0, 0x0008           ## $t1 = 00000000
/* 00A78 80AE6BA8 11200005 */  beq     $t1, $zero, .L80AE6BC0     
/* 00A7C 80AE6BAC 00000000 */  nop
/* 00A80 80AE6BB0 0C2B9857 */  jal     func_80AE615C              
/* 00A84 80AE6BB4 02002025 */  or      $a0, $s0, $zero            ## $a0 = 00000000
/* 00A88 80AE6BB8 10000004 */  beq     $zero, $zero, .L80AE6BCC   
/* 00A8C 80AE6BBC 240A0006 */  addiu   $t2, $zero, 0x0006         ## $t2 = 00000006
.L80AE6BC0:
/* 00A90 80AE6BC0 0C2B9857 */  jal     func_80AE615C              
/* 00A94 80AE6BC4 24050002 */  addiu   $a1, $zero, 0x0002         ## $a1 = 00000002
/* 00A98 80AE6BC8 240A0006 */  addiu   $t2, $zero, 0x0006         ## $t2 = 00000006
.L80AE6BCC:
/* 00A9C 80AE6BCC 3C053C23 */  lui     $a1, 0x3C23                ## $a1 = 3C230000
/* 00AA0 80AE6BD0 A20A001F */  sb      $t2, 0x001F($s0)           ## 0000001F
/* 00AA4 80AE6BD4 34A5D70A */  ori     $a1, $a1, 0xD70A           ## $a1 = 3C23D70A
/* 00AA8 80AE6BD8 0C02D9F8 */  jal     func_800B67E0              
/* 00AAC 80AE6BDC 02002025 */  or      $a0, $s0, $zero            ## $a0 = 00000000
/* 00AB0 80AE6BE0 AE0002E0 */  sw      $zero, 0x02E0($s0)         ## 000002E0
/* 00AB4 80AE6BE4 AE0002D8 */  sw      $zero, 0x02D8($s0)         ## 000002D8
/* 00AB8 80AE6BE8 A60001D8 */  sh      $zero, 0x01D8($s0)         ## 000001D8
/* 00ABC 80AE6BEC 3C0B801F */  lui     $t3, 0x801F                ## $t3 = 801F0000
/* 00AC0 80AE6BF0 8D6BF670 */  lw      $t3, -0x0990($t3)          ## 801EF670
/* 00AC4 80AE6BF4 3401A820 */  ori     $at, $zero, 0xA820         ## $at = 0000A820
/* 00AC8 80AE6BF8 260401D8 */  addiu   $a0, $s0, 0x01D8           ## $a0 = 000001D8
/* 00ACC 80AE6BFC 11610007 */  beq     $t3, $at, .L80AE6C1C       
/* 00AD0 80AE6C00 24050004 */  addiu   $a1, $zero, 0x0004         ## $a1 = 00000004
/* 00AD4 80AE6C04 260401D8 */  addiu   $a0, $s0, 0x01D8           ## $a0 = 000001D8
/* 00AD8 80AE6C08 24050003 */  addiu   $a1, $zero, 0x0003         ## $a1 = 00000003
/* 00ADC 80AE6C0C 0C04EBB5 */  jal     func_8013AED4              
/* 00AE0 80AE6C10 24060007 */  addiu   $a2, $zero, 0x0007         ## $a2 = 00000007
/* 00AE4 80AE6C14 10000005 */  beq     $zero, $zero, .L80AE6C2C   
/* 00AE8 80AE6C18 A60002BE */  sh      $zero, 0x02BE($s0)         ## 000002BE
.L80AE6C1C:
/* 00AEC 80AE6C1C 0C04EBB5 */  jal     func_8013AED4              
/* 00AF0 80AE6C20 24060007 */  addiu   $a2, $zero, 0x0007         ## $a2 = 00000007
/* 00AF4 80AE6C24 240C0001 */  addiu   $t4, $zero, 0x0001         ## $t4 = 00000001
/* 00AF8 80AE6C28 A60C02BE */  sh      $t4, 0x02BE($s0)           ## 000002BE
.L80AE6C2C:
/* 00AFC 80AE6C2C 3C0D80AE */  lui     $t5, %hi(func_80AE69E8)    ## $t5 = 80AE0000
/* 00B00 80AE6C30 25AD69E8 */  addiu   $t5, $t5, %lo(func_80AE69E8) ## $t5 = 80AE69E8
/* 00B04 80AE6C34 AE0D0144 */  sw      $t5, 0x0144($s0)           ## 00000144
/* 00B08 80AE6C38 8FBF002C */  lw      $ra, 0x002C($sp)           
/* 00B0C 80AE6C3C 8FB00028 */  lw      $s0, 0x0028($sp)           
/* 00B10 80AE6C40 27BD0030 */  addiu   $sp, $sp, 0x0030           ## $sp = 00000000
/* 00B14 80AE6C44 03E00008 */  jr      $ra                        
/* 00B18 80AE6C48 00000000 */  nop


glabel func_80AE6C4C
/* 00B1C 80AE6C4C AFA40000 */  sw      $a0, 0x0000($sp)           
/* 00B20 80AE6C50 AFA50004 */  sw      $a1, 0x0004($sp)           
/* 00B24 80AE6C54 03E00008 */  jr      $ra                        
/* 00B28 80AE6C58 00000000 */  nop


glabel func_80AE6C5C
/* 00B2C 80AE6C5C 27BDFFD8 */  addiu   $sp, $sp, 0xFFD8           ## $sp = FFFFFFD8
/* 00B30 80AE6C60 AFB10020 */  sw      $s1, 0x0020($sp)           
/* 00B34 80AE6C64 AFB0001C */  sw      $s0, 0x001C($sp)           
/* 00B38 80AE6C68 00808025 */  or      $s0, $a0, $zero            ## $s0 = 00000000
/* 00B3C 80AE6C6C 00A08825 */  or      $s1, $a1, $zero            ## $s1 = 00000000
/* 00B40 80AE6C70 AFBF0024 */  sw      $ra, 0x0024($sp)           
/* 00B44 80AE6C74 02002025 */  or      $a0, $s0, $zero            ## $a0 = 00000000
/* 00B48 80AE6C78 0C2B9A3C */  jal     func_80AE68F0              
/* 00B4C 80AE6C7C 02202825 */  or      $a1, $s1, $zero            ## $a1 = 00000000
/* 00B50 80AE6C80 8E190144 */  lw      $t9, 0x0144($s0)           ## 00000144
/* 00B54 80AE6C84 02002025 */  or      $a0, $s0, $zero            ## $a0 = 00000000
/* 00B58 80AE6C88 02202825 */  or      $a1, $s1, $zero            ## $a1 = 00000000
/* 00B5C 80AE6C8C 0320F809 */  jalr    $ra, $t9                   
/* 00B60 80AE6C90 00000000 */  nop
/* 00B64 80AE6C94 02002025 */  or      $a0, $s0, $zero            ## $a0 = 00000000
/* 00B68 80AE6C98 0C2B997D */  jal     func_80AE65F4              
/* 00B6C 80AE6C9C 02202825 */  or      $a1, $s1, $zero            ## $a1 = 00000000
/* 00B70 80AE6CA0 0C2B984C */  jal     func_80AE6130              
/* 00B74 80AE6CA4 02002025 */  or      $a0, $s0, $zero            ## $a0 = 00000000
/* 00B78 80AE6CA8 02002025 */  or      $a0, $s0, $zero            ## $a0 = 00000000
/* 00B7C 80AE6CAC 0C2B98EA */  jal     func_80AE63A8              
/* 00B80 80AE6CB0 02202825 */  or      $a1, $s1, $zero            ## $a1 = 00000000
/* 00B84 80AE6CB4 AE0002E0 */  sw      $zero, 0x02E0($s0)         ## 000002E0
/* 00B88 80AE6CB8 AFA00010 */  sw      $zero, 0x0010($sp)         
/* 00B8C 80AE6CBC 960E01D8 */  lhu     $t6, 0x01D8($s0)           ## 000001D8
/* 00B90 80AE6CC0 02002025 */  or      $a0, $s0, $zero            ## $a0 = 00000000
/* 00B94 80AE6CC4 02202825 */  or      $a1, $s1, $zero            ## $a1 = 00000000
/* 00B98 80AE6CC8 31CF0007 */  andi    $t7, $t6, 0x0007           ## $t7 = 00000000
/* 00B9C 80AE6CCC AFAF0014 */  sw      $t7, 0x0014($sp)           
/* 00BA0 80AE6CD0 3C0642F0 */  lui     $a2, 0x42F0                ## $a2 = 42F00000
/* 00BA4 80AE6CD4 0C04F259 */  jal     func_8013C964              
/* 00BA8 80AE6CD8 3C074220 */  lui     $a3, 0x4220                ## $a3 = 42200000
/* 00BAC 80AE6CDC 8FBF0024 */  lw      $ra, 0x0024($sp)           
/* 00BB0 80AE6CE0 8FB0001C */  lw      $s0, 0x001C($sp)           
/* 00BB4 80AE6CE4 8FB10020 */  lw      $s1, 0x0020($sp)           
/* 00BB8 80AE6CE8 03E00008 */  jr      $ra                        
/* 00BBC 80AE6CEC 27BD0028 */  addiu   $sp, $sp, 0x0028           ## $sp = 00000000


glabel func_80AE6CF0
/* 00BC0 80AE6CF0 27BDFFE8 */  addiu   $sp, $sp, 0xFFE8           ## $sp = FFFFFFE8
/* 00BC4 80AE6CF4 AFA70024 */  sw      $a3, 0x0024($sp)           
/* 00BC8 80AE6CF8 00803825 */  or      $a3, $a0, $zero            ## $a3 = 00000000
/* 00BCC 80AE6CFC AFBF0014 */  sw      $ra, 0x0014($sp)           
/* 00BD0 80AE6D00 AFA40018 */  sw      $a0, 0x0018($sp)           
/* 00BD4 80AE6D04 AFA60020 */  sw      $a2, 0x0020($sp)           
/* 00BD8 80AE6D08 2401000F */  addiu   $at, $zero, 0x000F         ## $at = 0000000F
/* 00BDC 80AE6D0C 14A10007 */  bne     $a1, $at, .L80AE6D2C       
/* 00BE0 80AE6D10 8FA4002C */  lw      $a0, 0x002C($sp)           
/* 00BE4 80AE6D14 0C2B9922 */  jal     func_80AE6488              
/* 00BE8 80AE6D18 00E02825 */  or      $a1, $a3, $zero            ## $a1 = 00000000
/* 00BEC 80AE6D1C 8FAF0020 */  lw      $t7, 0x0020($sp)           
/* 00BF0 80AE6D20 3C0E0601 */  lui     $t6, 0x0601                ## $t6 = 06010000
/* 00BF4 80AE6D24 25CEB738 */  addiu   $t6, $t6, 0xB738           ## $t6 = 0600B738
/* 00BF8 80AE6D28 ADEE0000 */  sw      $t6, 0x0000($t7)           ## 00000000
.L80AE6D2C:
/* 00BFC 80AE6D2C 00001025 */  or      $v0, $zero, $zero          ## $v0 = 00000000
/* 00C00 80AE6D30 8FBF0014 */  lw      $ra, 0x0014($sp)           
/* 00C04 80AE6D34 27BD0018 */  addiu   $sp, $sp, 0x0018           ## $sp = 00000000
/* 00C08 80AE6D38 03E00008 */  jr      $ra                        
/* 00C0C 80AE6D3C 00000000 */  nop


glabel func_80AE6D40
/* 00C10 80AE6D40 27BDFFE8 */  addiu   $sp, $sp, 0xFFE8           ## $sp = FFFFFFE8
/* 00C14 80AE6D44 AFBF0014 */  sw      $ra, 0x0014($sp)           
/* 00C18 80AE6D48 AFA40018 */  sw      $a0, 0x0018($sp)           
/* 00C1C 80AE6D4C AFA60020 */  sw      $a2, 0x0020($sp)           
/* 00C20 80AE6D50 AFA70024 */  sw      $a3, 0x0024($sp)           
/* 00C24 80AE6D54 2401000F */  addiu   $at, $zero, 0x000F         ## $at = 0000000F
/* 00C28 80AE6D58 14A10009 */  bne     $a1, $at, .L80AE6D80       
/* 00C2C 80AE6D5C 3C0480AE */  lui     $a0, %hi(D_80AE7270)       ## $a0 = 80AE0000
/* 00C30 80AE6D60 8FA50028 */  lw      $a1, 0x0028($sp)           
/* 00C34 80AE6D64 24847270 */  addiu   $a0, $a0, %lo(D_80AE7270)  ## $a0 = 80AE7270
/* 00C38 80AE6D68 0C0606A6 */  jal     func_80181A98              
/* 00C3C 80AE6D6C 24A5003C */  addiu   $a1, $a1, 0x003C           ## $a1 = 0000003C
/* 00C40 80AE6D70 8FA20028 */  lw      $v0, 0x0028($sp)           
/* 00C44 80AE6D74 24440048 */  addiu   $a0, $v0, 0x0048           ## $a0 = 00000048
/* 00C48 80AE6D78 0C03FD4B */  jal     func_800FF52C              
/* 00C4C 80AE6D7C 24450030 */  addiu   $a1, $v0, 0x0030           ## $a1 = 00000030
.L80AE6D80:
/* 00C50 80AE6D80 8FBF0014 */  lw      $ra, 0x0014($sp)           
/* 00C54 80AE6D84 27BD0018 */  addiu   $sp, $sp, 0x0018           ## $sp = 00000000
/* 00C58 80AE6D88 03E00008 */  jr      $ra                        
/* 00C5C 80AE6D8C 00000000 */  nop


glabel func_80AE6D90
/* 00C60 80AE6D90 27BDFFD8 */  addiu   $sp, $sp, 0xFFD8           ## $sp = FFFFFFD8
/* 00C64 80AE6D94 AFB00020 */  sw      $s0, 0x0020($sp)           
/* 00C68 80AE6D98 00C08025 */  or      $s0, $a2, $zero            ## $s0 = 00000000
/* 00C6C 80AE6D9C AFBF0024 */  sw      $ra, 0x0024($sp)           
/* 00C70 80AE6DA0 AFA40028 */  sw      $a0, 0x0028($sp)           
/* 00C74 80AE6DA4 960201D8 */  lhu     $v0, 0x01D8($s0)           ## 000001D8
/* 00C78 80AE6DA8 00001825 */  or      $v1, $zero, $zero          ## $v1 = 00000000
/* 00C7C 80AE6DAC 2401000F */  addiu   $at, $zero, 0x000F         ## $at = 0000000F
/* 00C80 80AE6DB0 304E0020 */  andi    $t6, $v0, 0x0020           ## $t6 = 00000000
/* 00C84 80AE6DB4 15C00008 */  bne     $t6, $zero, .L80AE6DD8     
/* 00C88 80AE6DB8 304F0010 */  andi    $t7, $v0, 0x0010           ## $t7 = 00000000
/* 00C8C 80AE6DBC 11E00004 */  beq     $t7, $zero, .L80AE6DD0     
/* 00C90 80AE6DC0 00001825 */  or      $v1, $zero, $zero          ## $v1 = 00000000
/* 00C94 80AE6DC4 24030001 */  addiu   $v1, $zero, 0x0001         ## $v1 = 00000001
/* 00C98 80AE6DC8 10000004 */  beq     $zero, $zero, .L80AE6DDC   
/* 00C9C 80AE6DCC 24020001 */  addiu   $v0, $zero, 0x0001         ## $v0 = 00000001
.L80AE6DD0:
/* 00CA0 80AE6DD0 10000002 */  beq     $zero, $zero, .L80AE6DDC   
/* 00CA4 80AE6DD4 24020001 */  addiu   $v0, $zero, 0x0001         ## $v0 = 00000001
.L80AE6DD8:
/* 00CA8 80AE6DD8 00001025 */  or      $v0, $zero, $zero          ## $v0 = 00000000
.L80AE6DDC:
/* 00CAC 80AE6DDC 14A10026 */  bne     $a1, $at, .L80AE6E78       
/* 00CB0 80AE6DE0 260601E8 */  addiu   $a2, $s0, 0x01E8           ## $a2 = 000001E8
/* 00CB4 80AE6DE4 861802BC */  lh      $t8, 0x02BC($s0)           ## 000002BC
/* 00CB8 80AE6DE8 861900BE */  lh      $t9, 0x00BE($s0)           ## 000000BE
/* 00CBC 80AE6DEC 860402BA */  lh      $a0, 0x02BA($s0)           ## 000002BA
/* 00CC0 80AE6DF0 AFA30014 */  sw      $v1, 0x0014($sp)           
/* 00CC4 80AE6DF4 03192821 */  addu    $a1, $t8, $t9              
/* 00CC8 80AE6DF8 24A54000 */  addiu   $a1, $a1, 0x4000           ## $a1 = 00004000
/* 00CCC 80AE6DFC 24844000 */  addiu   $a0, $a0, 0x4000           ## $a0 = 00004000
/* 00CD0 80AE6E00 00042400 */  sll     $a0, $a0, 16               
/* 00CD4 80AE6E04 00052C00 */  sll     $a1, $a1, 16               
/* 00CD8 80AE6E08 00052C03 */  sra     $a1, $a1, 16               
/* 00CDC 80AE6E0C 00042403 */  sra     $a0, $a0, 16               
/* 00CE0 80AE6E10 AFA20010 */  sw      $v0, 0x0010($sp)           
/* 00CE4 80AE6E14 0C04EB67 */  jal     func_8013AD9C              
/* 00CE8 80AE6E18 260701F4 */  addiu   $a3, $s0, 0x01F4           ## $a3 = 000001F4
/* 00CEC 80AE6E1C 0C060073 */  jal     func_801801CC              
/* 00CF0 80AE6E20 00000000 */  nop
/* 00CF4 80AE6E24 C60C01E8 */  lwc1    $f12, 0x01E8($s0)          ## 000001E8
/* 00CF8 80AE6E28 C60E01EC */  lwc1    $f14, 0x01EC($s0)          ## 000001EC
/* 00CFC 80AE6E2C 8E0601F0 */  lw      $a2, 0x01F0($s0)           ## 000001F0
/* 00D00 80AE6E30 0C0600A7 */  jal     func_8018029C              
/* 00D04 80AE6E34 00003825 */  or      $a3, $zero, $zero          ## $a3 = 00000000
/* 00D08 80AE6E38 C60C0058 */  lwc1    $f12, 0x0058($s0)          ## 00000058
/* 00D0C 80AE6E3C C60E005C */  lwc1    $f14, 0x005C($s0)          ## 0000005C
/* 00D10 80AE6E40 8E060060 */  lw      $a2, 0x0060($s0)           ## 00000060
/* 00D14 80AE6E44 0C0600E7 */  jal     func_8018039C              
/* 00D18 80AE6E48 24070001 */  addiu   $a3, $zero, 0x0001         ## $a3 = 00000001
/* 00D1C 80AE6E4C 860401F6 */  lh      $a0, 0x01F6($s0)           ## 000001F6
/* 00D20 80AE6E50 0C06026B */  jal     func_801809AC              
/* 00D24 80AE6E54 24050001 */  addiu   $a1, $zero, 0x0001         ## $a1 = 00000001
/* 00D28 80AE6E58 860401F4 */  lh      $a0, 0x01F4($s0)           ## 000001F4
/* 00D2C 80AE6E5C 0C06011E */  jal     func_80180478              
/* 00D30 80AE6E60 24050001 */  addiu   $a1, $zero, 0x0001         ## $a1 = 00000001
/* 00D34 80AE6E64 860401F8 */  lh      $a0, 0x01F8($s0)           ## 000001F8
/* 00D38 80AE6E68 0C06033E */  jal     func_80180CF8              
/* 00D3C 80AE6E6C 24050001 */  addiu   $a1, $zero, 0x0001         ## $a1 = 00000001
/* 00D40 80AE6E70 0C060067 */  jal     func_8018019C              
/* 00D44 80AE6E74 00000000 */  nop
.L80AE6E78:
/* 00D48 80AE6E78 8FBF0024 */  lw      $ra, 0x0024($sp)           
/* 00D4C 80AE6E7C 8FB00020 */  lw      $s0, 0x0020($sp)           
/* 00D50 80AE6E80 27BD0028 */  addiu   $sp, $sp, 0x0028           ## $sp = 00000000
/* 00D54 80AE6E84 03E00008 */  jr      $ra                        
/* 00D58 80AE6E88 00000000 */  nop


glabel func_80AE6E8C
/* 00D5C 80AE6E8C 27BDFFD8 */  addiu   $sp, $sp, 0xFFD8           ## $sp = FFFFFFD8
/* 00D60 80AE6E90 AFBF0024 */  sw      $ra, 0x0024($sp)           
/* 00D64 80AE6E94 AFA40028 */  sw      $a0, 0x0028($sp)           
/* 00D68 80AE6E98 AFA5002C */  sw      $a1, 0x002C($sp)           
/* 00D6C 80AE6E9C 8FAE002C */  lw      $t6, 0x002C($sp)           
/* 00D70 80AE6EA0 0C04B16C */  jal     func_8012C5B0              
/* 00D74 80AE6EA4 8DC40000 */  lw      $a0, 0x0000($t6)           ## 00000000
/* 00D78 80AE6EA8 8FA20028 */  lw      $v0, 0x0028($sp)           
/* 00D7C 80AE6EAC 3C0F80AE */  lui     $t7, %hi(func_80AE6CF0)    ## $t7 = 80AE0000
/* 00D80 80AE6EB0 3C1880AE */  lui     $t8, %hi(func_80AE6D40)    ## $t8 = 80AE0000
/* 00D84 80AE6EB4 8C45014C */  lw      $a1, 0x014C($v0)           ## 0000014C
/* 00D88 80AE6EB8 8C460168 */  lw      $a2, 0x0168($v0)           ## 00000168
/* 00D8C 80AE6EBC 9047014A */  lbu     $a3, 0x014A($v0)           ## 0000014A
/* 00D90 80AE6EC0 3C1980AE */  lui     $t9, %hi(func_80AE6D90)    ## $t9 = 80AE0000
/* 00D94 80AE6EC4 27396D90 */  addiu   $t9, $t9, %lo(func_80AE6D90) ## $t9 = 80AE6D90
/* 00D98 80AE6EC8 27186D40 */  addiu   $t8, $t8, %lo(func_80AE6D40) ## $t8 = 80AE6D40
/* 00D9C 80AE6ECC 25EF6CF0 */  addiu   $t7, $t7, %lo(func_80AE6CF0) ## $t7 = 80AE6CF0
/* 00DA0 80AE6ED0 AFAF0010 */  sw      $t7, 0x0010($sp)           
/* 00DA4 80AE6ED4 AFB80014 */  sw      $t8, 0x0014($sp)           
/* 00DA8 80AE6ED8 AFB90018 */  sw      $t9, 0x0018($sp)           
/* 00DAC 80AE6EDC 8FA4002C */  lw      $a0, 0x002C($sp)           
/* 00DB0 80AE6EE0 0C04D0F0 */  jal     func_801343C0              
/* 00DB4 80AE6EE4 AFA2001C */  sw      $v0, 0x001C($sp)           
/* 00DB8 80AE6EE8 8FBF0024 */  lw      $ra, 0x0024($sp)           
/* 00DBC 80AE6EEC 27BD0028 */  addiu   $sp, $sp, 0x0028           ## $sp = 00000000
/* 00DC0 80AE6EF0 03E00008 */  jr      $ra                        
/* 00DC4 80AE6EF4 00000000 */  nop
/* 00DC8 80AE6EF8 00000000 */  nop
/* 00DCC 80AE6EFC 00000000 */  nop

.section .data

D_80AE6F00: .word \
0x00170800, 0x0B0E09C4, 0x0C0F09C5, 0x0C111708, \
0x03018C04, 0x018E1901, 0x860F00FF, 0x1E001300, \
0x00011501, 0x47280012, 0x28001928, 0x002D2800, \
0x5D280093, 0x28003319, 0x00472C09, 0xE70C2F00, \
0x000C1210, 0x2C09CB0C, 0x2F00000C, 0x0F09CC0C, \
0x0F09CD0C, 0x0500A500, 0xCB00CB2C, 0x09D10C2F, \
0x00000C0F, 0x09D20C19, 0xFFE62C09, 0xD30C2F00, \
0x000C0F09, 0xD40C0F09, 0xD50C0500, 0x9200B200, \
0xB22C09D9, 0x0C2F0000, 0x0C0F09DA, 0x0C102C09, \
0xE80C2F00, 0x000C0F09, 0xE90C0F09, 0xEA0C0057, \
0x04001712, 0x06000C00, 0x0013000C, 0x0C115704, \
0x0700000E, 0x09EB0C12, 0x16101206, 0x00060000, \
0x1300060C, 0x07FFEC2C, 0x09EC0C2F, 0x00000C0F, \
0x09ED0C0F, 0x09EE0C00, 0x57040017, 0x1206000C, \
0x00001300, 0x0C0C1157, 0x04070000, 0x0E09EF0C, \
0x12161012, 0x06000600, 0x00130006, 0x0C07FFEC, \
0x12060004, 0x00001300, 0x040C0700, 0x000E09CE, \
0x0C161012, 0x06000200, 0x00130002, 0x0C070000, \
0x0E09D80C, 0x16100C0F, 0x09CF0C1C, 0x05011509, \
0x0000100E, 0x09D60C19, 0xFFF10037, 0x40001C2C, \
0x09DB0C2F, 0x00000C0F, 0x09DC0C0F, 0x09DD0C0F, \
0x09DE0C0F, 0x09DF0C11, 0x3740102C, 0x09E00C2F, \
0x00000C0F, 0x09E10C0F, 0x09E20C10, 0x00374000, \
0x180E09DB, 0x0C0F09DC, 0x0C0F09DD, 0x0C0F09DE, \
0x0C0F09DF, 0x0C113740, 0x100E09E0, 0x0C0F09E1, \
0x0C0F09E2, 0x0C100E09, 0xC90C0F09, 0xCA0C100E, \
0x09C60C10, 0x001402FF, 0xED0E09C8, 0x0C19FE69
D_80AE70B0: .word 0x0E09D00C, 0x16100000
D_80AE70B8: .word \
0x28001228, 0x00152800, 0x28280055, 0x28008A28, \
0x002D1900, 0x402C09E7, 0x0C12102C, 0x09CB2F00, \
0x000C0F09, 0xCC0C0F09, 0xCD0C0500, 0xA000C600, \
0xC62C09D1, 0x2F00000C, 0x0F09D20C, 0x19FFE72C, \
0x09D32F00, 0x000C0F09, 0xD40C0F09, 0xD50C0500, \
0x8F00AF00, 0xAF2C09D9, 0x2F00000C, 0x0F09DA0C, \
0x102C09E8, 0x2F00000C, 0x0F09E90C, 0x0F09EA0C, \
0x00570400, 0x17120600, 0x0C000013, 0x000C0C11, \
0x57040700, 0x000E09EB, 0x0C121610, 0x12060006, \
0x00001300, 0x060C07FF, 0xEC2C09EC, 0x2F00000C, \
0x0F09ED0C, 0x0F09EE0C, 0x00570800, 0x17120600, \
0x0C000013, 0x000C0C11, 0x57080700, 0x000E09EF, \
0x0C121610, 0x12060006, 0x00001300, 0x060C07FF, \
0xEC120600, 0x04000013, 0x00040C07, 0x00000E09, \
0xCE0C1610, 0x12060002, 0x00001300, 0x020C0700, \
0x000E09D8, 0x0C16100C, 0x0F09CF0C, 0x1C050115, \
0x09000010, 0x0E09D60C, 0x19FFF100
D_80AE71C4: .word \
0x00374000, 0x1C2C09DB, 0x0C2F0000, 0x0C0F09DC, \
0x0C0F09DD, 0x0C0F09DE, 0x0C0F09DF, 0x0C113740, \
0x102C09E0, 0x0C2F0000, 0x0C0F09E1, 0x0C0F09E2, \
0x0C100000
D_80AE71F8: .word 0x01C50400, 0x00000009, 0x01AC0000, 0x000002F0
.word func_80AE6B30
.word func_80AE6C4C
.word func_80AE6C5C
.word func_80AE6E8C
D_80AE7218: .word \
0x0600D9D0, 0x3F800000, 0x0000FFFF, 0x00000000, \
0x0600D9D0, 0x3F800000, 0x0000FFFF, 0x0000FFFC, \
0x0600E6C4, 0x3F800000, 0x0000FFFF, 0x00000000, \
0x0600E6C4, 0x3F800000, 0x0000FFFF, 0x0000FFFC
D_80AE7258: .word \
0x00000000, 0x00000002, 0x00000003, 0x00000008, \
0x0000000A, 0x00000001
D_80AE7270: .word 0x44960000, 0x00000000, 0x00000000, 0x00000000

.section .rodata

D_80AE7280: .word .L80AE673C
.word .L80AE6778
.word .L80AE6778
.word .L80AE6778
.word .L80AE6778
.word .L80AE6778
.word .L80AE67E4
.word 0x00000000


.section .rodata
D_80AE72A0:
.incbin "baserom/En_Shn", 0x1170, 0x00000100
