.include "macro.inc"

# assembler directives
.set noat      # allow manual use of $at
.set noreorder # don't insert nops after branches
.set gp=64     # allow use of 64-bit general purpose registers

.section .text
glabel func_8098F800
/* 00000 8098F800 27BDFFD0 */  addiu   $sp, $sp, 0xFFD0           ## $sp = FFFFFFD0
/* 00004 8098F804 AFA60038 */  sw      $a2, 0x0038($sp)           
/* 00008 8098F808 00063400 */  sll     $a2, $a2, 16               
/* 0000C 8098F80C AFB00028 */  sw      $s0, 0x0028($sp)           
/* 00010 8098F810 00A08025 */  or      $s0, $a1, $zero            ## $s0 = 00000000
/* 00014 8098F814 00063403 */  sra     $a2, $a2, 16               
/* 00018 8098F818 AFBF002C */  sw      $ra, 0x002C($sp)           
/* 0001C 8098F81C AFA40030 */  sw      $a0, 0x0030($sp)           
/* 00020 8098F820 00067100 */  sll     $t6, $a2,  4               
/* 00024 8098F824 020E8021 */  addu    $s0, $s0, $t6              
/* 00028 8098F828 8602000A */  lh      $v0, 0x000A($s0)           ## 0000000A
/* 0002C 8098F82C 04430007 */  bgezl   $v0, .L8098F84C            
/* 00030 8098F830 44823000 */  mtc1    $v0, $f6                   ## $f6 = 0.00
/* 00034 8098F834 0C04D1D2 */  jal     func_80134748              
/* 00038 8098F838 8E040000 */  lw      $a0, 0x0000($s0)           ## 00000000
/* 0003C 8098F83C 44822000 */  mtc1    $v0, $f4                   ## $f4 = 0.00
/* 00040 8098F840 10000004 */  beq     $zero, $zero, .L8098F854   
/* 00044 8098F844 46802020 */  cvt.s.w $f0, $f4                   
/* 00048 8098F848 44823000 */  mtc1    $v0, $f6                   ## $f6 = 0.00
.L8098F84C:
/* 0004C 8098F84C 00000000 */  nop
/* 00050 8098F850 46803020 */  cvt.s.w $f0, $f6                   
.L8098F854:
/* 00054 8098F854 860F0008 */  lh      $t7, 0x0008($s0)           ## 00000008
/* 00058 8098F858 8E050000 */  lw      $a1, 0x0000($s0)           ## 00000000
/* 0005C 8098F85C 8E060004 */  lw      $a2, 0x0004($s0)           ## 00000004
/* 00060 8098F860 E7A00010 */  swc1    $f0, 0x0010($sp)           
/* 00064 8098F864 9218000C */  lbu     $t8, 0x000C($s0)           ## 0000000C
/* 00068 8098F868 448F4000 */  mtc1    $t7, $f8                   ## $f8 = 0.00
/* 0006C 8098F86C 8FA40030 */  lw      $a0, 0x0030($sp)           
/* 00070 8098F870 AFB80014 */  sw      $t8, 0x0014($sp)           
/* 00074 8098F874 8619000E */  lh      $t9, 0x000E($s0)           ## 0000000E
/* 00078 8098F878 46804220 */  cvt.s.w $f8, $f8                   
/* 0007C 8098F87C 44995000 */  mtc1    $t9, $f10                  ## $f10 = 0.00
/* 00080 8098F880 00000000 */  nop
/* 00084 8098F884 46805420 */  cvt.s.w $f16, $f10                 
/* 00088 8098F888 44074000 */  mfc1    $a3, $f8                   
/* 0008C 8098F88C 0C04DCFA */  jal     func_801373E8              
/* 00090 8098F890 E7B00018 */  swc1    $f16, 0x0018($sp)          
/* 00094 8098F894 8FBF002C */  lw      $ra, 0x002C($sp)           
/* 00098 8098F898 8FB00028 */  lw      $s0, 0x0028($sp)           
/* 0009C 8098F89C 27BD0030 */  addiu   $sp, $sp, 0x0030           ## $sp = 00000000
/* 000A0 8098F8A0 03E00008 */  jr      $ra                        
/* 000A4 8098F8A4 00000000 */  nop


glabel func_8098F8A8
/* 000A8 8098F8A8 27BDFFE0 */  addiu   $sp, $sp, 0xFFE0           ## $sp = FFFFFFE0
/* 000AC 8098F8AC AFBF0014 */  sw      $ra, 0x0014($sp)           
/* 000B0 8098F8B0 AFA50024 */  sw      $a1, 0x0024($sp)           
/* 000B4 8098F8B4 00803825 */  or      $a3, $a0, $zero            ## $a3 = 00000000
/* 000B8 8098F8B8 C4E40024 */  lwc1    $f4, 0x0024($a3)           ## 00000024
/* 000BC 8098F8BC C4E80028 */  lwc1    $f8, 0x0028($a3)           ## 00000028
/* 000C0 8098F8C0 C4F0002C */  lwc1    $f16, 0x002C($a3)          ## 0000002C
/* 000C4 8098F8C4 4600218D */  trunc.w.s $f6, $f4                   
/* 000C8 8098F8C8 3C010001 */  lui     $at, 0x0001                ## $at = 00010000
/* 000CC 8098F8CC 34218884 */  ori     $at, $at, 0x8884           ## $at = 00018884
/* 000D0 8098F8D0 4600428D */  trunc.w.s $f10, $f8                  
/* 000D4 8098F8D4 440F3000 */  mfc1    $t7, $f6                   
/* 000D8 8098F8D8 24E6018C */  addiu   $a2, $a3, 0x018C           ## $a2 = 0000018C
/* 000DC 8098F8DC 4600848D */  trunc.w.s $f18, $f16                 
/* 000E0 8098F8E0 44195000 */  mfc1    $t9, $f10                  
/* 000E4 8098F8E4 A4EF01D2 */  sh      $t7, 0x01D2($a3)           ## 000001D2
/* 000E8 8098F8E8 44099000 */  mfc1    $t1, $f18                  
/* 000EC 8098F8EC A4F901D4 */  sh      $t9, 0x01D4($a3)           ## 000001D4
/* 000F0 8098F8F0 A4E901D6 */  sh      $t1, 0x01D6($a3)           ## 000001D6
/* 000F4 8098F8F4 8FA40024 */  lw      $a0, 0x0024($sp)           
/* 000F8 8098F8F8 AFA60018 */  sw      $a2, 0x0018($sp)           
/* 000FC 8098F8FC 00812821 */  addu    $a1, $a0, $at              
/* 00100 8098F900 0C0389D0 */  jal     func_800E2740              
/* 00104 8098F904 AFA5001C */  sw      $a1, 0x001C($sp)           
/* 00108 8098F908 8FA5001C */  lw      $a1, 0x001C($sp)           
/* 0010C 8098F90C 8FA60018 */  lw      $a2, 0x0018($sp)           
/* 00110 8098F910 0C038A4A */  jal     func_800E2928              
/* 00114 8098F914 8FA40024 */  lw      $a0, 0x0024($sp)           
/* 00118 8098F918 8FBF0014 */  lw      $ra, 0x0014($sp)           
/* 0011C 8098F91C 27BD0020 */  addiu   $sp, $sp, 0x0020           ## $sp = 00000000
/* 00120 8098F920 03E00008 */  jr      $ra                        
/* 00124 8098F924 00000000 */  nop


glabel func_8098F928
/* 00128 8098F928 27BDFFE8 */  addiu   $sp, $sp, 0xFFE8           ## $sp = FFFFFFE8
/* 0012C 8098F92C AFA5001C */  sw      $a1, 0x001C($sp)           
/* 00130 8098F930 00802825 */  or      $a1, $a0, $zero            ## $a1 = 00000000
/* 00134 8098F934 AFBF0014 */  sw      $ra, 0x0014($sp)           
/* 00138 8098F938 AFA40018 */  sw      $a0, 0x0018($sp)           
/* 0013C 8098F93C 0C04DB34 */  jal     func_80136CD0              
/* 00140 8098F940 24A40148 */  addiu   $a0, $a1, 0x0148           ## $a0 = 00000148
/* 00144 8098F944 8FBF0014 */  lw      $ra, 0x0014($sp)           
/* 00148 8098F948 27BD0018 */  addiu   $sp, $sp, 0x0018           ## $sp = 00000000
/* 0014C 8098F94C 03E00008 */  jr      $ra                        
/* 00150 8098F950 00000000 */  nop


glabel func_8098F954
/* 00154 8098F954 27BDFFC8 */  addiu   $sp, $sp, 0xFFC8           ## $sp = FFFFFFC8
/* 00158 8098F958 AFB00028 */  sw      $s0, 0x0028($sp)           
/* 0015C 8098F95C 44800000 */  mtc1    $zero, $f0                 ## $f0 = 0.00
/* 00160 8098F960 00808025 */  or      $s0, $a0, $zero            ## $s0 = 00000000
/* 00164 8098F964 AFBF002C */  sw      $ra, 0x002C($sp)           
/* 00168 8098F968 AFA5003C */  sw      $a1, 0x003C($sp)           
/* 0016C 8098F96C 44050000 */  mfc1    $a1, $f0                   
/* 00170 8098F970 44070000 */  mfc1    $a3, $f0                   
/* 00174 8098F974 260400BC */  addiu   $a0, $s0, 0x00BC           ## $a0 = 000000BC
/* 00178 8098F978 0C02CEE9 */  jal     func_800B3BA4              
/* 0017C 8098F97C 00003025 */  or      $a2, $zero, $zero          ## $a2 = 00000000
/* 00180 8098F980 26050148 */  addiu   $a1, $s0, 0x0148           ## $a1 = 00000148
/* 00184 8098F984 3C060601 */  lui     $a2, 0x0601                ## $a2 = 06010000
/* 00188 8098F988 260E01F0 */  addiu   $t6, $s0, 0x01F0           ## $t6 = 000001F0
/* 0018C 8098F98C 260F026E */  addiu   $t7, $s0, 0x026E           ## $t7 = 0000026E
/* 00190 8098F990 24180015 */  addiu   $t8, $zero, 0x0015         ## $t8 = 00000015
/* 00194 8098F994 AFB80018 */  sw      $t8, 0x0018($sp)           
/* 00198 8098F998 AFAF0014 */  sw      $t7, 0x0014($sp)           
/* 0019C 8098F99C AFAE0010 */  sw      $t6, 0x0010($sp)           
/* 001A0 8098F9A0 24C6B2B0 */  addiu   $a2, $a2, 0xB2B0           ## $a2 = 0600B2B0
/* 001A4 8098F9A4 AFA50030 */  sw      $a1, 0x0030($sp)           
/* 001A8 8098F9A8 8FA4003C */  lw      $a0, 0x003C($sp)           
/* 001AC 8098F9AC 0C04DACC */  jal     func_80136B30              
/* 001B0 8098F9B0 00003825 */  or      $a3, $zero, $zero          ## $a3 = 00000000
/* 001B4 8098F9B4 3C058099 */  lui     $a1, %hi(D_80990218)       ## $a1 = 80990000
/* 001B8 8098F9B8 24A50218 */  addiu   $a1, $a1, %lo(D_80990218)  ## $a1 = 80990218
/* 001BC 8098F9BC 8FA40030 */  lw      $a0, 0x0030($sp)           
/* 001C0 8098F9C0 0C263E00 */  jal     func_8098F800              
/* 001C4 8098F9C4 00003025 */  or      $a2, $zero, $zero          ## $a2 = 00000000
/* 001C8 8098F9C8 2605018C */  addiu   $a1, $s0, 0x018C           ## $a1 = 0000018C
/* 001CC 8098F9CC AFA50030 */  sw      $a1, 0x0030($sp)           
/* 001D0 8098F9D0 0C038467 */  jal     func_800E119C              
/* 001D4 8098F9D4 8FA4003C */  lw      $a0, 0x003C($sp)           
/* 001D8 8098F9D8 3C078099 */  lui     $a3, %hi(D_809901C0)       ## $a3 = 80990000
/* 001DC 8098F9DC 8FA50030 */  lw      $a1, 0x0030($sp)           
/* 001E0 8098F9E0 24E701C0 */  addiu   $a3, $a3, %lo(D_809901C0)  ## $a3 = 809901C0
/* 001E4 8098F9E4 8FA4003C */  lw      $a0, 0x003C($sp)           
/* 001E8 8098F9E8 0C0384C3 */  jal     func_800E130C              
/* 001EC 8098F9EC 02003025 */  or      $a2, $s0, $zero            ## $a2 = 00000000
/* 001F0 8098F9F0 3C058099 */  lui     $a1, %hi(D_809901F8)       ## $a1 = 80990000
/* 001F4 8098F9F4 3C068099 */  lui     $a2, %hi(D_809901EC)       ## $a2 = 80990000
/* 001F8 8098F9F8 24C601EC */  addiu   $a2, $a2, %lo(D_809901EC)  ## $a2 = 809901EC
/* 001FC 8098F9FC 24A501F8 */  addiu   $a1, $a1, %lo(D_809901F8)  ## $a1 = 809901F8
/* 00200 8098FA00 0C039D57 */  jal     func_800E755C              
/* 00204 8098FA04 260400A0 */  addiu   $a0, $s0, 0x00A0           ## $a0 = 000000A0
/* 00208 8098FA08 3C053C23 */  lui     $a1, 0x3C23                ## $a1 = 3C230000
/* 0020C 8098FA0C 34A5D70A */  ori     $a1, $a1, 0xD70A           ## $a1 = 3C23D70A
/* 00210 8098FA10 0C02D9F8 */  jal     func_800B67E0              
/* 00214 8098FA14 02002025 */  or      $a0, $s0, $zero            ## $a0 = 00000000
/* 00218 8098FA18 3C01C080 */  lui     $at, 0xC080                ## $at = C0800000
/* 0021C 8098FA1C 44812000 */  mtc1    $at, $f4                   ## $f4 = -4.00
/* 00220 8098FA20 3C198099 */  lui     $t9, %hi(func_8098FA70)    ## $t9 = 80990000
/* 00224 8098FA24 2739FA70 */  addiu   $t9, $t9, %lo(func_8098FA70) ## $t9 = 8098FA70
/* 00228 8098FA28 AE190144 */  sw      $t9, 0x0144($s0)           ## 00000144
/* 0022C 8098FA2C E6040074 */  swc1    $f4, 0x0074($s0)           ## 00000074
/* 00230 8098FA30 8FBF002C */  lw      $ra, 0x002C($sp)           
/* 00234 8098FA34 8FB00028 */  lw      $s0, 0x0028($sp)           
/* 00238 8098FA38 27BD0038 */  addiu   $sp, $sp, 0x0038           ## $sp = 00000000
/* 0023C 8098FA3C 03E00008 */  jr      $ra                        
/* 00240 8098FA40 00000000 */  nop


glabel func_8098FA44
/* 00244 8098FA44 27BDFFE8 */  addiu   $sp, $sp, 0xFFE8           ## $sp = FFFFFFE8
/* 00248 8098FA48 AFBF0014 */  sw      $ra, 0x0014($sp)           
/* 0024C 8098FA4C 00803025 */  or      $a2, $a0, $zero            ## $a2 = 00000000
/* 00250 8098FA50 00A03825 */  or      $a3, $a1, $zero            ## $a3 = 00000000
/* 00254 8098FA54 00E02025 */  or      $a0, $a3, $zero            ## $a0 = 00000000
/* 00258 8098FA58 0C03847B */  jal     func_800E11EC              
/* 0025C 8098FA5C 24C5018C */  addiu   $a1, $a2, 0x018C           ## $a1 = 0000018C
/* 00260 8098FA60 8FBF0014 */  lw      $ra, 0x0014($sp)           
/* 00264 8098FA64 27BD0018 */  addiu   $sp, $sp, 0x0018           ## $sp = 00000000
/* 00268 8098FA68 03E00008 */  jr      $ra                        
/* 0026C 8098FA6C 00000000 */  nop


glabel func_8098FA70
/* 00270 8098FA70 27BDFFD0 */  addiu   $sp, $sp, 0xFFD0           ## $sp = FFFFFFD0
/* 00274 8098FA74 AFBF0014 */  sw      $ra, 0x0014($sp)           
/* 00278 8098FA78 AFA50034 */  sw      $a1, 0x0034($sp)           
/* 0027C 8098FA7C 3C0F801F */  lui     $t7, 0x801F                ## $t7 = 801F0000
/* 00280 8098FA80 8DEF3F60 */  lw      $t7, 0x3F60($t7)           ## 801F3F60
/* 00284 8098FA84 848E00BE */  lh      $t6, 0x00BE($a0)           ## 000000BE
/* 00288 8098FA88 848202EC */  lh      $v0, 0x02EC($a0)           ## 000002EC
/* 0028C 8098FA8C 85F80C14 */  lh      $t8, 0x0C14($t7)           ## 801F0C14
/* 00290 8098FA90 27A60024 */  addiu   $a2, $sp, 0x0024           ## $a2 = FFFFFFF4
/* 00294 8098FA94 244BFFFF */  addiu   $t3, $v0, 0xFFFF           ## $t3 = FFFFFFFF
/* 00298 8098FA98 01D8C821 */  addu    $t9, $t6, $t8              
/* 0029C 8098FA9C 27280258 */  addiu   $t0, $t9, 0x0258           ## $t0 = 00000258
/* 002A0 8098FAA0 A48800BE */  sh      $t0, 0x00BE($a0)           ## 000000BE
/* 002A4 8098FAA4 888A00BC */  lwl     $t2, 0x00BC($a0)           ## 000000BC
/* 002A8 8098FAA8 988A00BF */  lwr     $t2, 0x00BF($a0)           ## 000000BF
/* 002AC 8098FAAC A88A0030 */  swl     $t2, 0x0030($a0)           ## 00000030
/* 002B0 8098FAB0 B88A0033 */  swr     $t2, 0x0033($a0)           ## 00000033
/* 002B4 8098FAB4 948A00C0 */  lhu     $t2, 0x00C0($a0)           ## 000000C0
/* 002B8 8098FAB8 14400003 */  bne     $v0, $zero, .L8098FAC8     
/* 002BC 8098FABC A48A0034 */  sh      $t2, 0x0034($a0)           ## 00000034
/* 002C0 8098FAC0 10000003 */  beq     $zero, $zero, .L8098FAD0   
/* 002C4 8098FAC4 00001825 */  or      $v1, $zero, $zero          ## $v1 = 00000000
.L8098FAC8:
/* 002C8 8098FAC8 A48B02EC */  sh      $t3, 0x02EC($a0)           ## 000002EC
/* 002CC 8098FACC 848302EC */  lh      $v1, 0x02EC($a0)           ## 000002EC
.L8098FAD0:
/* 002D0 8098FAD0 54600012 */  bnel    $v1, $zero, .L8098FB1C     
/* 002D4 8098FAD4 8FBF0014 */  lw      $ra, 0x0014($sp)           
/* 002D8 8098FAD8 8C8F0024 */  lw      $t7, 0x0024($a0)           ## 00000024
/* 002DC 8098FADC 240C000C */  addiu   $t4, $zero, 0x000C         ## $t4 = 0000000C
/* 002E0 8098FAE0 A48C02EC */  sh      $t4, 0x02EC($a0)           ## 000002EC
/* 002E4 8098FAE4 ACCF0000 */  sw      $t7, 0x0000($a2)           ## FFFFFFF4
/* 002E8 8098FAE8 8C8D0028 */  lw      $t5, 0x0028($a0)           ## 00000028
/* 002EC 8098FAEC 3C014278 */  lui     $at, 0x4278                ## $at = 42780000
/* 002F0 8098FAF0 44813000 */  mtc1    $at, $f6                   ## $f6 = 62.00
/* 002F4 8098FAF4 ACCD0004 */  sw      $t5, 0x0004($a2)           ## FFFFFFF8
/* 002F8 8098FAF8 8C8F002C */  lw      $t7, 0x002C($a0)           ## 0000002C
/* 002FC 8098FAFC 248502F0 */  addiu   $a1, $a0, 0x02F0           ## $a1 = 000002F0
/* 00300 8098FB00 2407000A */  addiu   $a3, $zero, 0x000A         ## $a3 = 0000000A
/* 00304 8098FB04 ACCF0008 */  sw      $t7, 0x0008($a2)           ## FFFFFFFC
/* 00308 8098FB08 C7A40028 */  lwc1    $f4, 0x0028($sp)           
/* 0030C 8098FB0C 46062200 */  add.s   $f8, $f4, $f6              
/* 00310 8098FB10 0C263F54 */  jal     func_8098FD50              
/* 00314 8098FB14 E7A80028 */  swc1    $f8, 0x0028($sp)           
/* 00318 8098FB18 8FBF0014 */  lw      $ra, 0x0014($sp)           
.L8098FB1C:
/* 0031C 8098FB1C 27BD0030 */  addiu   $sp, $sp, 0x0030           ## $sp = 00000000
/* 00320 8098FB20 03E00008 */  jr      $ra                        
/* 00324 8098FB24 00000000 */  nop


glabel func_8098FB28
/* 00328 8098FB28 27BDFFD8 */  addiu   $sp, $sp, 0xFFD8           ## $sp = FFFFFFD8
/* 0032C 8098FB2C AFB10020 */  sw      $s1, 0x0020($sp)           
/* 00330 8098FB30 AFB0001C */  sw      $s0, 0x001C($sp)           
/* 00334 8098FB34 00808025 */  or      $s0, $a0, $zero            ## $s0 = 00000000
/* 00338 8098FB38 00A08825 */  or      $s1, $a1, $zero            ## $s1 = 00000000
/* 0033C 8098FB3C AFBF0024 */  sw      $ra, 0x0024($sp)           
/* 00340 8098FB40 8E190144 */  lw      $t9, 0x0144($s0)           ## 00000144
/* 00344 8098FB44 02002025 */  or      $a0, $s0, $zero            ## $a0 = 00000000
/* 00348 8098FB48 02202825 */  or      $a1, $s1, $zero            ## $a1 = 00000000
/* 0034C 8098FB4C 0320F809 */  jalr    $ra, $t9                   
/* 00350 8098FB50 00000000 */  nop
/* 00354 8098FB54 44800000 */  mtc1    $zero, $f0                 ## $f0 = 0.00
/* 00358 8098FB58 240E0004 */  addiu   $t6, $zero, 0x0004         ## $t6 = 00000004
/* 0035C 8098FB5C AFAE0014 */  sw      $t6, 0x0014($sp)           
/* 00360 8098FB60 44060000 */  mfc1    $a2, $f0                   
/* 00364 8098FB64 44070000 */  mfc1    $a3, $f0                   
/* 00368 8098FB68 02202025 */  or      $a0, $s1, $zero            ## $a0 = 00000000
/* 0036C 8098FB6C 02002825 */  or      $a1, $s0, $zero            ## $a1 = 00000000
/* 00370 8098FB70 0C02DE2E */  jal     func_800B78B8              
/* 00374 8098FB74 E7A00010 */  swc1    $f0, 0x0010($sp)           
/* 00378 8098FB78 02002025 */  or      $a0, $s0, $zero            ## $a0 = 00000000
/* 0037C 8098FB7C 0C263E4A */  jal     func_8098F928              
/* 00380 8098FB80 02202825 */  or      $a1, $s1, $zero            ## $a1 = 00000000
/* 00384 8098FB84 02202025 */  or      $a0, $s1, $zero            ## $a0 = 00000000
/* 00388 8098FB88 260502F0 */  addiu   $a1, $s0, 0x02F0           ## $a1 = 000002F0
/* 0038C 8098FB8C 0C263FAA */  jal     func_8098FEA8              
/* 00390 8098FB90 2406000A */  addiu   $a2, $zero, 0x000A         ## $a2 = 0000000A
/* 00394 8098FB94 02002025 */  or      $a0, $s0, $zero            ## $a0 = 00000000
/* 00398 8098FB98 0C263E2A */  jal     func_8098F8A8              
/* 0039C 8098FB9C 02202825 */  or      $a1, $s1, $zero            ## $a1 = 00000000
/* 003A0 8098FBA0 8FBF0024 */  lw      $ra, 0x0024($sp)           
/* 003A4 8098FBA4 8FB0001C */  lw      $s0, 0x001C($sp)           
/* 003A8 8098FBA8 8FB10020 */  lw      $s1, 0x0020($sp)           
/* 003AC 8098FBAC 03E00008 */  jr      $ra                        
/* 003B0 8098FBB0 27BD0028 */  addiu   $sp, $sp, 0x0028           ## $sp = 00000000


glabel func_8098FBB4
/* 003B4 8098FBB4 AFA40000 */  sw      $a0, 0x0000($sp)           
/* 003B8 8098FBB8 AFA50004 */  sw      $a1, 0x0004($sp)           
/* 003BC 8098FBBC AFA60008 */  sw      $a2, 0x0008($sp)           
/* 003C0 8098FBC0 AFA7000C */  sw      $a3, 0x000C($sp)           
/* 003C4 8098FBC4 00001025 */  or      $v0, $zero, $zero          ## $v0 = 00000000
/* 003C8 8098FBC8 03E00008 */  jr      $ra                        
/* 003CC 8098FBCC 00000000 */  nop


glabel func_8098FBD0
/* 003D0 8098FBD0 27BDFFD8 */  addiu   $sp, $sp, 0xFFD8           ## $sp = FFFFFFD8
/* 003D4 8098FBD4 AFA40028 */  sw      $a0, 0x0028($sp)           
/* 003D8 8098FBD8 27A40018 */  addiu   $a0, $sp, 0x0018           ## $a0 = FFFFFFF0
/* 003DC 8098FBDC AFBF0014 */  sw      $ra, 0x0014($sp)           
/* 003E0 8098FBE0 AFA60030 */  sw      $a2, 0x0030($sp)           
/* 003E4 8098FBE4 AFA70034 */  sw      $a3, 0x0034($sp)           
/* 003E8 8098FBE8 3C0E8099 */  lui     $t6, %hi(D_80990228)       ## $t6 = 80990000
/* 003EC 8098FBEC 25CE0228 */  addiu   $t6, $t6, %lo(D_80990228)  ## $t6 = 80990228
/* 003F0 8098FBF0 8DD80000 */  lw      $t8, 0x0000($t6)           ## 80990228
/* 003F4 8098FBF4 24010009 */  addiu   $at, $zero, 0x0009         ## $at = 00000009
/* 003F8 8098FBF8 AC980000 */  sw      $t8, 0x0000($a0)           ## FFFFFFF0
/* 003FC 8098FBFC 8DCF0004 */  lw      $t7, 0x0004($t6)           ## 8099022C
/* 00400 8098FC00 AC8F0004 */  sw      $t7, 0x0004($a0)           ## FFFFFFF4
/* 00404 8098FC04 8DD80008 */  lw      $t8, 0x0008($t6)           ## 80990230
/* 00408 8098FC08 14A10004 */  bne     $a1, $at, .L8098FC1C       
/* 0040C 8098FC0C AC980008 */  sw      $t8, 0x0008($a0)           ## FFFFFFF8
/* 00410 8098FC10 8FA50038 */  lw      $a1, 0x0038($sp)           
/* 00414 8098FC14 0C0606A6 */  jal     func_80181A98              
/* 00418 8098FC18 24A5003C */  addiu   $a1, $a1, 0x003C           ## $a1 = 0000003C
.L8098FC1C:
/* 0041C 8098FC1C 8FBF0014 */  lw      $ra, 0x0014($sp)           
/* 00420 8098FC20 27BD0028 */  addiu   $sp, $sp, 0x0028           ## $sp = 00000000
/* 00424 8098FC24 03E00008 */  jr      $ra                        
/* 00428 8098FC28 00000000 */  nop


glabel func_8098FC2C
/* 0042C 8098FC2C 27BDFFB0 */  addiu   $sp, $sp, 0xFFB0           ## $sp = FFFFFFB0
/* 00430 8098FC30 AFB10028 */  sw      $s1, 0x0028($sp)           
/* 00434 8098FC34 AFB00024 */  sw      $s0, 0x0024($sp)           
/* 00438 8098FC38 00808025 */  or      $s0, $a0, $zero            ## $s0 = 00000000
/* 0043C 8098FC3C 00A08825 */  or      $s1, $a1, $zero            ## $s1 = 00000000
/* 00440 8098FC40 AFBF002C */  sw      $ra, 0x002C($sp)           
/* 00444 8098FC44 0C060067 */  jal     func_8018019C              
/* 00448 8098FC48 00000000 */  nop
/* 0044C 8098FC4C 02202025 */  or      $a0, $s1, $zero            ## $a0 = 00000000
/* 00450 8098FC50 260502F0 */  addiu   $a1, $s0, 0x02F0           ## $a1 = 000002F0
/* 00454 8098FC54 0C264003 */  jal     func_8099000C              
/* 00458 8098FC58 2406000A */  addiu   $a2, $zero, 0x000A         ## $a2 = 0000000A
/* 0045C 8098FC5C 0C060073 */  jal     func_801801CC              
/* 00460 8098FC60 00000000 */  nop
/* 00464 8098FC64 8E240000 */  lw      $a0, 0x0000($s1)           ## 00000000
/* 00468 8098FC68 0C04B0A3 */  jal     func_8012C28C              
/* 0046C 8098FC6C AFA40044 */  sw      $a0, 0x0044($sp)           
/* 00470 8098FC70 8FA80044 */  lw      $t0, 0x0044($sp)           
/* 00474 8098FC74 8D0202B0 */  lw      $v0, 0x02B0($t0)           ## 000002B0
/* 00478 8098FC78 3C0FE700 */  lui     $t7, 0xE700                ## $t7 = E7000000
/* 0047C 8098FC7C 3C19DB06 */  lui     $t9, 0xDB06                ## $t9 = DB060000
/* 00480 8098FC80 244E0008 */  addiu   $t6, $v0, 0x0008           ## $t6 = 00000008
/* 00484 8098FC84 AD0E02B0 */  sw      $t6, 0x02B0($t0)           ## 000002B0
/* 00488 8098FC88 AC400004 */  sw      $zero, 0x0004($v0)         ## 00000004
/* 0048C 8098FC8C AC4F0000 */  sw      $t7, 0x0000($v0)           ## 00000000
/* 00490 8098FC90 8D0202B0 */  lw      $v0, 0x02B0($t0)           ## 000002B0
/* 00494 8098FC94 37390020 */  ori     $t9, $t9, 0x0020           ## $t9 = DB060020
/* 00498 8098FC98 00002825 */  or      $a1, $zero, $zero          ## $a1 = 00000000
/* 0049C 8098FC9C 24580008 */  addiu   $t8, $v0, 0x0008           ## $t8 = 00000008
/* 004A0 8098FCA0 AD1802B0 */  sw      $t8, 0x02B0($t0)           ## 000002B0
/* 004A4 8098FCA4 AC590000 */  sw      $t9, 0x0000($v0)           ## 00000000
/* 004A8 8098FCA8 8E240000 */  lw      $a0, 0x0000($s1)           ## 00000000
/* 004AC 8098FCAC AFA80044 */  sw      $t0, 0x0044($sp)           
/* 004B0 8098FCB0 AFA00010 */  sw      $zero, 0x0010($sp)         
/* 004B4 8098FCB4 24060032 */  addiu   $a2, $zero, 0x0032         ## $a2 = 00000032
/* 004B8 8098FCB8 240700A0 */  addiu   $a3, $zero, 0x00A0         ## $a3 = 000000A0
/* 004BC 8098FCBC 0C04B394 */  jal     func_8012CE50              
/* 004C0 8098FCC0 AFA20038 */  sw      $v0, 0x0038($sp)           
/* 004C4 8098FCC4 8FA30038 */  lw      $v1, 0x0038($sp)           
/* 004C8 8098FCC8 8FA80044 */  lw      $t0, 0x0044($sp)           
/* 004CC 8098FCCC 3C0ADB06 */  lui     $t2, 0xDB06                ## $t2 = DB060000
/* 004D0 8098FCD0 AC620004 */  sw      $v0, 0x0004($v1)           ## 00000004
/* 004D4 8098FCD4 8D0202B0 */  lw      $v0, 0x02B0($t0)           ## 000002B0
/* 004D8 8098FCD8 354A0024 */  ori     $t2, $t2, 0x0024           ## $t2 = DB060024
/* 004DC 8098FCDC 240500FF */  addiu   $a1, $zero, 0x00FF         ## $a1 = 000000FF
/* 004E0 8098FCE0 24490008 */  addiu   $t1, $v0, 0x0008           ## $t1 = 00000008
/* 004E4 8098FCE4 AD0902B0 */  sw      $t1, 0x02B0($t0)           ## 000002B0
/* 004E8 8098FCE8 AC4A0000 */  sw      $t2, 0x0000($v0)           ## 00000000
/* 004EC 8098FCEC 8E240000 */  lw      $a0, 0x0000($s1)           ## 00000000
/* 004F0 8098FCF0 AFA00010 */  sw      $zero, 0x0010($sp)         
/* 004F4 8098FCF4 240600FF */  addiu   $a2, $zero, 0x00FF         ## $a2 = 000000FF
/* 004F8 8098FCF8 240700FF */  addiu   $a3, $zero, 0x00FF         ## $a3 = 000000FF
/* 004FC 8098FCFC 0C04B394 */  jal     func_8012CE50              
/* 00500 8098FD00 AFA20034 */  sw      $v0, 0x0034($sp)           
/* 00504 8098FD04 8FA30034 */  lw      $v1, 0x0034($sp)           
/* 00508 8098FD08 02202025 */  or      $a0, $s1, $zero            ## $a0 = 00000000
/* 0050C 8098FD0C 3C0B8099 */  lui     $t3, %hi(func_8098FBB4)    ## $t3 = 80990000
/* 00510 8098FD10 AC620004 */  sw      $v0, 0x0004($v1)           ## 00000004
/* 00514 8098FD14 8E05014C */  lw      $a1, 0x014C($s0)           ## 0000014C
/* 00518 8098FD18 8E060168 */  lw      $a2, 0x0168($s0)           ## 00000168
/* 0051C 8098FD1C 9207014A */  lbu     $a3, 0x014A($s0)           ## 0000014A
/* 00520 8098FD20 3C0C8099 */  lui     $t4, %hi(func_8098FBD0)    ## $t4 = 80990000
/* 00524 8098FD24 258CFBD0 */  addiu   $t4, $t4, %lo(func_8098FBD0) ## $t4 = 8098FBD0
/* 00528 8098FD28 256BFBB4 */  addiu   $t3, $t3, %lo(func_8098FBB4) ## $t3 = 8098FBB4
/* 0052C 8098FD2C AFAB0010 */  sw      $t3, 0x0010($sp)           
/* 00530 8098FD30 AFAC0014 */  sw      $t4, 0x0014($sp)           
/* 00534 8098FD34 0C04CFCA */  jal     func_80133F28              
/* 00538 8098FD38 AFB00018 */  sw      $s0, 0x0018($sp)           
/* 0053C 8098FD3C 8FBF002C */  lw      $ra, 0x002C($sp)           
/* 00540 8098FD40 8FB00024 */  lw      $s0, 0x0024($sp)           
/* 00544 8098FD44 8FB10028 */  lw      $s1, 0x0028($sp)           
/* 00548 8098FD48 03E00008 */  jr      $ra                        
/* 0054C 8098FD4C 27BD0050 */  addiu   $sp, $sp, 0x0050           ## $sp = 00000000


glabel func_8098FD50
/* 00550 8098FD50 27BDFFC8 */  addiu   $sp, $sp, 0xFFC8           ## $sp = FFFFFFC8
/* 00554 8098FD54 AFBF0014 */  sw      $ra, 0x0014($sp)           
/* 00558 8098FD58 AFA40038 */  sw      $a0, 0x0038($sp)           
/* 0055C 8098FD5C 27A3002C */  addiu   $v1, $sp, 0x002C           ## $v1 = FFFFFFF4
/* 00560 8098FD60 27A80020 */  addiu   $t0, $sp, 0x0020           ## $t0 = FFFFFFE8
/* 00564 8098FD64 3C0E8099 */  lui     $t6, %hi(D_80990234)       ## $t6 = 80990000
/* 00568 8098FD68 25CE0234 */  addiu   $t6, $t6, %lo(D_80990234)  ## $t6 = 80990234
/* 0056C 8098FD6C 8DD80000 */  lw      $t8, 0x0000($t6)           ## 80990234
/* 00570 8098FD70 3C198099 */  lui     $t9, %hi(D_80990240)       ## $t9 = 80990000
/* 00574 8098FD74 27390240 */  addiu   $t9, $t9, %lo(D_80990240)  ## $t9 = 80990240
/* 00578 8098FD78 AC780000 */  sw      $t8, 0x0000($v1)           ## FFFFFFF4
/* 0057C 8098FD7C 8DCF0004 */  lw      $t7, 0x0004($t6)           ## 80990238
/* 00580 8098FD80 00001025 */  or      $v0, $zero, $zero          ## $v0 = 00000000
/* 00584 8098FD84 240D0001 */  addiu   $t5, $zero, 0x0001         ## $t5 = 00000001
/* 00588 8098FD88 AC6F0004 */  sw      $t7, 0x0004($v1)           ## FFFFFFF8
/* 0058C 8098FD8C 8DD80008 */  lw      $t8, 0x0008($t6)           ## 8099023C
/* 00590 8098FD90 AC780008 */  sw      $t8, 0x0008($v1)           ## FFFFFFFC
/* 00594 8098FD94 8F2A0000 */  lw      $t2, 0x0000($t9)           ## 80990240
/* 00598 8098FD98 AD0A0000 */  sw      $t2, 0x0000($t0)           ## FFFFFFE8
/* 0059C 8098FD9C 8F290004 */  lw      $t1, 0x0004($t9)           ## 80990244
/* 005A0 8098FDA0 AD090004 */  sw      $t1, 0x0004($t0)           ## FFFFFFEC
/* 005A4 8098FDA4 8F2A0008 */  lw      $t2, 0x0008($t9)           ## 80990248
/* 005A8 8098FDA8 18E0000B */  blez    $a3, .L8098FDD8            
/* 005AC 8098FDAC AD0A0008 */  sw      $t2, 0x0008($t0)           ## FFFFFFF0
/* 005B0 8098FDB0 90AB0000 */  lbu     $t3, 0x0000($a1)           ## 00000000
/* 005B4 8098FDB4 51600009 */  beql    $t3, $zero, .L8098FDDC     
/* 005B8 8098FDB8 0047082A */  slt     $at, $v0, $a3              
/* 005BC 8098FDBC 24420001 */  addiu   $v0, $v0, 0x0001           ## $v0 = 00000001
.L8098FDC0:
/* 005C0 8098FDC0 0047082A */  slt     $at, $v0, $a3              
/* 005C4 8098FDC4 10200004 */  beq     $at, $zero, .L8098FDD8     
/* 005C8 8098FDC8 24A5003C */  addiu   $a1, $a1, 0x003C           ## $a1 = 0000003C
/* 005CC 8098FDCC 90AC0000 */  lbu     $t4, 0x0000($a1)           ## 0000003C
/* 005D0 8098FDD0 5580FFFB */  bnel    $t4, $zero, .L8098FDC0     
/* 005D4 8098FDD4 24420001 */  addiu   $v0, $v0, 0x0001           ## $v0 = 00000002
.L8098FDD8:
/* 005D8 8098FDD8 0047082A */  slt     $at, $v0, $a3              
.L8098FDDC:
/* 005DC 8098FDDC 5020002F */  beql    $at, $zero, .L8098FE9C     
/* 005E0 8098FDE0 8FBF0014 */  lw      $ra, 0x0014($sp)           
/* 005E4 8098FDE4 A0AD0000 */  sb      $t5, 0x0000($a1)           ## 0000003C
/* 005E8 8098FDE8 8CCF0000 */  lw      $t7, 0x0000($a2)           ## 00000000
/* 005EC 8098FDEC 3C018099 */  lui     $at, %hi(D_80990260)       ## $at = 80990000
/* 005F0 8098FDF0 ACAF0014 */  sw      $t7, 0x0014($a1)           ## 00000050
/* 005F4 8098FDF4 8CCE0004 */  lw      $t6, 0x0004($a2)           ## 00000004
/* 005F8 8098FDF8 ACAE0018 */  sw      $t6, 0x0018($a1)           ## 00000054
/* 005FC 8098FDFC 8CCF0008 */  lw      $t7, 0x0008($a2)           ## 00000008
/* 00600 8098FE00 ACAF001C */  sw      $t7, 0x001C($a1)           ## 00000058
/* 00604 8098FE04 8C790000 */  lw      $t9, 0x0000($v1)           ## FFFFFFF4
/* 00608 8098FE08 ACB9002C */  sw      $t9, 0x002C($a1)           ## 00000068
/* 0060C 8098FE0C 8C780004 */  lw      $t8, 0x0004($v1)           ## FFFFFFF8
/* 00610 8098FE10 ACB80030 */  sw      $t8, 0x0030($a1)           ## 0000006C
/* 00614 8098FE14 8C790008 */  lw      $t9, 0x0008($v1)           ## FFFFFFFC
/* 00618 8098FE18 ACB90034 */  sw      $t9, 0x0034($a1)           ## 00000070
/* 0061C 8098FE1C 8D0A0000 */  lw      $t2, 0x0000($t0)           ## FFFFFFE8
/* 00620 8098FE20 ACAA0020 */  sw      $t2, 0x0020($a1)           ## 0000005C
/* 00624 8098FE24 8D090004 */  lw      $t1, 0x0004($t0)           ## FFFFFFEC
/* 00628 8098FE28 ACA90024 */  sw      $t1, 0x0024($a1)           ## 00000060
/* 0062C 8098FE2C 8D0A0008 */  lw      $t2, 0x0008($t0)           ## FFFFFFF0
/* 00630 8098FE30 ACAA0028 */  sw      $t2, 0x0028($a1)           ## 00000064
/* 00634 8098FE34 C4240260 */  lwc1    $f4, %lo(D_80990260)($at)  
/* 00638 8098FE38 E4A40004 */  swc1    $f4, 0x0004($a1)           ## 00000040
/* 0063C 8098FE3C 8FAB0038 */  lw      $t3, 0x0038($sp)           
/* 00640 8098FE40 856400BE */  lh      $a0, 0x00BE($t3)           ## 000000BE
/* 00644 8098FE44 0C03FB61 */  jal     func_800FED84              
/* 00648 8098FE48 AFA5003C */  sw      $a1, 0x003C($sp)           
/* 0064C 8098FE4C 3C014080 */  lui     $at, 0x4080                ## $at = 40800000
/* 00650 8098FE50 44814000 */  mtc1    $at, $f8                   ## $f8 = 4.00
/* 00654 8098FE54 8FA5003C */  lw      $a1, 0x003C($sp)           
/* 00658 8098FE58 46004282 */  mul.s   $f10, $f8, $f0             
/* 0065C 8098FE5C C4A60014 */  lwc1    $f6, 0x0014($a1)           ## 00000014
/* 00660 8098FE60 460A3400 */  add.s   $f16, $f6, $f10            
/* 00664 8098FE64 E4B00014 */  swc1    $f16, 0x0014($a1)          ## 00000014
/* 00668 8098FE68 8FAC0038 */  lw      $t4, 0x0038($sp)           
/* 0066C 8098FE6C 0C03FB51 */  jal     func_800FED44              
/* 00670 8098FE70 858400BE */  lh      $a0, 0x00BE($t4)           ## 000000BE
/* 00674 8098FE74 3C014080 */  lui     $at, 0x4080                ## $at = 40800000
/* 00678 8098FE78 44812000 */  mtc1    $at, $f4                   ## $f4 = 4.00
/* 0067C 8098FE7C 8FA5003C */  lw      $a1, 0x003C($sp)           
/* 00680 8098FE80 240D0010 */  addiu   $t5, $zero, 0x0010         ## $t5 = 00000010
/* 00684 8098FE84 46002202 */  mul.s   $f8, $f4, $f0              
/* 00688 8098FE88 C4B2001C */  lwc1    $f18, 0x001C($a1)          ## 0000001C
/* 0068C 8098FE8C A0AD0001 */  sb      $t5, 0x0001($a1)           ## 00000001
/* 00690 8098FE90 46089180 */  add.s   $f6, $f18, $f8             
/* 00694 8098FE94 E4A6001C */  swc1    $f6, 0x001C($a1)           ## 0000001C
/* 00698 8098FE98 8FBF0014 */  lw      $ra, 0x0014($sp)           
.L8098FE9C:
/* 0069C 8098FE9C 27BD0038 */  addiu   $sp, $sp, 0x0038           ## $sp = 00000000
/* 006A0 8098FEA0 03E00008 */  jr      $ra                        
/* 006A4 8098FEA4 00000000 */  nop


glabel func_8098FEA8
/* 006A8 8098FEA8 27BDFFB0 */  addiu   $sp, $sp, 0xFFB0           ## $sp = FFFFFFB0
/* 006AC 8098FEAC AFB50028 */  sw      $s5, 0x0028($sp)           
/* 006B0 8098FEB0 AFB40024 */  sw      $s4, 0x0024($sp)           
/* 006B4 8098FEB4 AFB00014 */  sw      $s0, 0x0014($sp)           
/* 006B8 8098FEB8 00A08025 */  or      $s0, $a1, $zero            ## $s0 = 00000000
/* 006BC 8098FEBC 00C0A025 */  or      $s4, $a2, $zero            ## $s4 = 00000000
/* 006C0 8098FEC0 27B50044 */  addiu   $s5, $sp, 0x0044           ## $s5 = FFFFFFF4
/* 006C4 8098FEC4 AFBF002C */  sw      $ra, 0x002C($sp)           
/* 006C8 8098FEC8 AFB30020 */  sw      $s3, 0x0020($sp)           
/* 006CC 8098FECC AFB2001C */  sw      $s2, 0x001C($sp)           
/* 006D0 8098FED0 AFB10018 */  sw      $s1, 0x0018($sp)           
/* 006D4 8098FED4 00803825 */  or      $a3, $a0, $zero            ## $a3 = 00000000
/* 006D8 8098FED8 3C0E8099 */  lui     $t6, %hi(D_8099024C)       ## $t6 = 80990000
/* 006DC 8098FEDC 25CE024C */  addiu   $t6, $t6, %lo(D_8099024C)  ## $t6 = 8099024C
/* 006E0 8098FEE0 8DD80000 */  lw      $t8, 0x0000($t6)           ## 8099024C
/* 006E4 8098FEE4 AEB80000 */  sw      $t8, 0x0000($s5)           ## FFFFFFF4
/* 006E8 8098FEE8 8DCF0004 */  lw      $t7, 0x0004($t6)           ## 80990250
/* 006EC 8098FEEC AEAF0004 */  sw      $t7, 0x0004($s5)           ## FFFFFFF8
/* 006F0 8098FEF0 8DD80008 */  lw      $t8, 0x0008($t6)           ## 80990254
/* 006F4 8098FEF4 AEB80008 */  sw      $t8, 0x0008($s5)           ## FFFFFFFC
/* 006F8 8098FEF8 84F90810 */  lh      $t9, 0x0810($a3)           ## 00000810
/* 006FC 8098FEFC 00194080 */  sll     $t0, $t9,  2               
/* 00700 8098FF00 00E84821 */  addu    $t1, $a3, $t0              
/* 00704 8098FF04 0C037F1A */  jal     func_800DFC68              
/* 00708 8098FF08 8D240800 */  lw      $a0, 0x0800($t1)           ## 00000800
/* 0070C 8098FF0C 00029400 */  sll     $s2, $v0, 16               
/* 00710 8098FF10 00129403 */  sra     $s2, $s2, 16               
/* 00714 8098FF14 1A800034 */  blez    $s4, .L8098FFE8            
/* 00718 8098FF18 00008825 */  or      $s1, $zero, $zero          ## $s1 = 00000000
/* 0071C 8098FF1C 24130001 */  addiu   $s3, $zero, 0x0001         ## $s3 = 00000001
.L8098FF20:
/* 00720 8098FF20 920A0000 */  lbu     $t2, 0x0000($s0)           ## 00000000
/* 00724 8098FF24 566A002E */  bnel    $s3, $t2, .L8098FFE0       
/* 00728 8098FF28 26310001 */  addiu   $s1, $s1, 0x0001           ## $s1 = 00000001
/* 0072C 8098FF2C 92020001 */  lbu     $v0, 0x0001($s0)           ## 00000001
/* 00730 8098FF30 14400003 */  bne     $v0, $zero, .L8098FF40     
/* 00734 8098FF34 244BFFFF */  addiu   $t3, $v0, 0xFFFF           ## $t3 = FFFFFFFF
/* 00738 8098FF38 10000003 */  beq     $zero, $zero, .L8098FF48   
/* 0073C 8098FF3C 00001825 */  or      $v1, $zero, $zero          ## $v1 = 00000000
.L8098FF40:
/* 00740 8098FF40 A20B0001 */  sb      $t3, 0x0001($s0)           ## 00000001
/* 00744 8098FF44 316300FF */  andi    $v1, $t3, 0x00FF           ## $v1 = 000000FF
.L8098FF48:
/* 00748 8098FF48 54600003 */  bnel    $v1, $zero, .L8098FF58     
/* 0074C 8098FF4C C6040018 */  lwc1    $f4, 0x0018($s0)           ## 00000018
/* 00750 8098FF50 A2000000 */  sb      $zero, 0x0000($s0)         ## 00000000
/* 00754 8098FF54 C6040018 */  lwc1    $f4, 0x0018($s0)           ## 00000018
.L8098FF58:
/* 00758 8098FF58 C6060030 */  lwc1    $f6, 0x0030($s0)           ## 00000030
/* 0075C 8098FF5C 86040038 */  lh      $a0, 0x0038($s0)           ## 00000038
/* 00760 8098FF60 46062200 */  add.s   $f8, $f4, $f6              
/* 00764 8098FF64 0C03FB61 */  jal     func_800FED84              
/* 00768 8098FF68 E6080018 */  swc1    $f8, 0x0018($s0)           ## 00000018
/* 0076C 8098FF6C 46000400 */  add.s   $f16, $f0, $f0             
/* 00770 8098FF70 C60A0014 */  lwc1    $f10, 0x0014($s0)          ## 00000014
/* 00774 8098FF74 86040038 */  lh      $a0, 0x0038($s0)           ## 00000038
/* 00778 8098FF78 46105480 */  add.s   $f18, $f10, $f16           
/* 0077C 8098FF7C 0C03FB51 */  jal     func_800FED44              
/* 00780 8098FF80 E6120014 */  swc1    $f18, 0x0014($s0)          ## 00000014
/* 00784 8098FF84 46000180 */  add.s   $f6, $f0, $f0              
/* 00788 8098FF88 C604001C */  lwc1    $f4, 0x001C($s0)           ## 0000001C
/* 0078C 8098FF8C 46062200 */  add.s   $f8, $f4, $f6              
/* 00790 8098FF90 0C060067 */  jal     func_8018019C              
/* 00794 8098FF94 E608001C */  swc1    $f8, 0x001C($s0)           ## 0000001C
/* 00798 8098FF98 C60C0014 */  lwc1    $f12, 0x0014($s0)          ## 00000014
/* 0079C 8098FF9C C60E0018 */  lwc1    $f14, 0x0018($s0)          ## 00000018
/* 007A0 8098FFA0 8E06001C */  lw      $a2, 0x001C($s0)           ## 0000001C
/* 007A4 8098FFA4 0C0600A7 */  jal     func_8018029C              
/* 007A8 8098FFA8 00003825 */  or      $a3, $zero, $zero          ## $a3 = 00000000
/* 007AC 8098FFAC 00122400 */  sll     $a0, $s2, 16               
/* 007B0 8098FFB0 00042403 */  sra     $a0, $a0, 16               
/* 007B4 8098FFB4 0C06026B */  jal     func_801809AC              
/* 007B8 8098FFB8 02602825 */  or      $a1, $s3, $zero            ## $a1 = 00000001
/* 007BC 8098FFBC 02A02025 */  or      $a0, $s5, $zero            ## $a0 = FFFFFFF4
/* 007C0 8098FFC0 0C0606A6 */  jal     func_80181A98              
/* 007C4 8098FFC4 26050014 */  addiu   $a1, $s0, 0x0014           ## $a1 = 00000014
/* 007C8 8098FFC8 0C060073 */  jal     func_801801CC              
/* 007CC 8098FFCC 00000000 */  nop
/* 007D0 8098FFD0 860C0038 */  lh      $t4, 0x0038($s0)           ## 00000038
/* 007D4 8098FFD4 258D1770 */  addiu   $t5, $t4, 0x1770           ## $t5 = 00001770
/* 007D8 8098FFD8 A60D0038 */  sh      $t5, 0x0038($s0)           ## 00000038
/* 007DC 8098FFDC 26310001 */  addiu   $s1, $s1, 0x0001           ## $s1 = 00000002
.L8098FFE0:
/* 007E0 8098FFE0 1634FFCF */  bne     $s1, $s4, .L8098FF20       
/* 007E4 8098FFE4 2610003C */  addiu   $s0, $s0, 0x003C           ## $s0 = 0000003C
.L8098FFE8:
/* 007E8 8098FFE8 8FBF002C */  lw      $ra, 0x002C($sp)           
/* 007EC 8098FFEC 8FB00014 */  lw      $s0, 0x0014($sp)           
/* 007F0 8098FFF0 8FB10018 */  lw      $s1, 0x0018($sp)           
/* 007F4 8098FFF4 8FB2001C */  lw      $s2, 0x001C($sp)           
/* 007F8 8098FFF8 8FB30020 */  lw      $s3, 0x0020($sp)           
/* 007FC 8098FFFC 8FB40024 */  lw      $s4, 0x0024($sp)           
/* 00800 80990000 8FB50028 */  lw      $s5, 0x0028($sp)           
/* 00804 80990004 03E00008 */  jr      $ra                        
/* 00808 80990008 27BD0050 */  addiu   $sp, $sp, 0x0050           ## $sp = 00000000


glabel func_8099000C
/* 0080C 8099000C 27BDFFC0 */  addiu   $sp, $sp, 0xFFC0           ## $sp = FFFFFFC0
/* 00810 80990010 AFB60030 */  sw      $s6, 0x0030($sp)           
/* 00814 80990014 AFB20020 */  sw      $s2, 0x0020($sp)           
/* 00818 80990018 00A09025 */  or      $s2, $a1, $zero            ## $s2 = 00000000
/* 0081C 8099001C 0080B025 */  or      $s6, $a0, $zero            ## $s6 = 00000000
/* 00820 80990020 AFBF003C */  sw      $ra, 0x003C($sp)           
/* 00824 80990024 AFBE0038 */  sw      $s8, 0x0038($sp)           
/* 00828 80990028 AFB70034 */  sw      $s7, 0x0034($sp)           
/* 0082C 8099002C AFB5002C */  sw      $s5, 0x002C($sp)           
/* 00830 80990030 AFB40028 */  sw      $s4, 0x0028($sp)           
/* 00834 80990034 AFB30024 */  sw      $s3, 0x0024($sp)           
/* 00838 80990038 AFB1001C */  sw      $s1, 0x001C($sp)           
/* 0083C 8099003C AFB00018 */  sw      $s0, 0x0018($sp)           
/* 00840 80990040 AFA60048 */  sw      $a2, 0x0048($sp)           
/* 00844 80990044 0000B825 */  or      $s7, $zero, $zero          ## $s7 = 00000000
/* 00848 80990048 8ED10000 */  lw      $s1, 0x0000($s6)           ## 00000000
/* 0084C 8099004C 02C02025 */  or      $a0, $s6, $zero            ## $a0 = 00000000
/* 00850 80990050 0C05982E */  jal     func_801660B8              
/* 00854 80990054 8E2502B0 */  lw      $a1, 0x02B0($s1)           ## 000002B0
/* 00858 80990058 AE2202B0 */  sw      $v0, 0x02B0($s1)           ## 000002B0
/* 0085C 8099005C 0C04B1C9 */  jal     func_8012C724              
/* 00860 80990060 00402025 */  or      $a0, $v0, $zero            ## $a0 = 00000000
/* 00864 80990064 AE2202B0 */  sw      $v0, 0x02B0($s1)           ## 000002B0
/* 00868 80990068 8FAE0048 */  lw      $t6, 0x0048($sp)           
/* 0086C 8099006C 00009825 */  or      $s3, $zero, $zero          ## $s3 = 00000000
/* 00870 80990070 241E0001 */  addiu   $s8, $zero, 0x0001         ## $s8 = 00000001
/* 00874 80990074 19C0003C */  blez    $t6, .L80990168            
/* 00878 80990078 3C15DE00 */  lui     $s5, 0xDE00                ## $s5 = DE000000
/* 0087C 8099007C 924F0000 */  lbu     $t7, 0x0000($s2)           ## 00000000
.L80990080:
/* 00880 80990080 3C010001 */  lui     $at, 0x0001                ## $at = 00010000
/* 00884 80990084 342187FC */  ori     $at, $at, 0x87FC           ## $at = 000187FC
/* 00888 80990088 17CF0032 */  bne     $s8, $t7, .L80990154       
/* 0088C 8099008C 02C18021 */  addu    $s0, $s6, $at              
/* 00890 80990090 3C140601 */  lui     $s4, 0x0601                ## $s4 = 06010000
/* 00894 80990094 16E00009 */  bne     $s7, $zero, .L809900BC     
/* 00898 80990098 2694B0E0 */  addiu   $s4, $s4, 0xB0E0           ## $s4 = 0600B0E0
/* 0089C 8099009C 3C040601 */  lui     $a0, 0x0601                ## $a0 = 06010000
/* 008A0 809900A0 2484B0A0 */  addiu   $a0, $a0, 0xB0A0           ## $a0 = 0600B0A0
/* 008A4 809900A4 24170001 */  addiu   $s7, $zero, 0x0001         ## $s7 = 00000001
/* 008A8 809900A8 8E2202B0 */  lw      $v0, 0x02B0($s1)           ## 000002B0
/* 008AC 809900AC 24580008 */  addiu   $t8, $v0, 0x0008           ## $t8 = 00000008
/* 008B0 809900B0 AE3802B0 */  sw      $t8, 0x02B0($s1)           ## 000002B0
/* 008B4 809900B4 AC440004 */  sw      $a0, 0x0004($v0)           ## 00000004
/* 008B8 809900B8 AC550000 */  sw      $s5, 0x0000($v0)           ## 00000000
.L809900BC:
/* 008BC 809900BC C64C0014 */  lwc1    $f12, 0x0014($s2)          ## 00000014
/* 008C0 809900C0 C64E0018 */  lwc1    $f14, 0x0018($s2)          ## 00000018
/* 008C4 809900C4 8E46001C */  lw      $a2, 0x001C($s2)           ## 0000001C
/* 008C8 809900C8 0C0600A7 */  jal     func_8018029C              
/* 008CC 809900CC 00003825 */  or      $a3, $zero, $zero          ## $a3 = 00000000
/* 008D0 809900D0 0C060828 */  jal     func_801820A0              
/* 008D4 809900D4 02002025 */  or      $a0, $s0, $zero            ## $a0 = 00000000
/* 008D8 809900D8 C64C0004 */  lwc1    $f12, 0x0004($s2)          ## 00000004
/* 008DC 809900DC 03C03825 */  or      $a3, $s8, $zero            ## $a3 = 00000001
/* 008E0 809900E0 44066000 */  mfc1    $a2, $f12                  
/* 008E4 809900E4 0C0600E7 */  jal     func_8018039C              
/* 008E8 809900E8 46006386 */  mov.s   $f14, $f12                 
/* 008EC 809900EC 8E2202B0 */  lw      $v0, 0x02B0($s1)           ## 000002B0
/* 008F0 809900F0 3C08DB06 */  lui     $t0, 0xDB06                ## $t0 = DB060000
/* 008F4 809900F4 35080020 */  ori     $t0, $t0, 0x0020           ## $t0 = DB060020
/* 008F8 809900F8 24590008 */  addiu   $t9, $v0, 0x0008           ## $t9 = 00000008
/* 008FC 809900FC AE3902B0 */  sw      $t9, 0x02B0($s1)           ## 000002B0
/* 00900 80990100 3C040406 */  lui     $a0, 0x0406                ## $a0 = 04060000
/* 00904 80990104 2484E6F0 */  addiu   $a0, $a0, 0xE6F0           ## $a0 = 0405E6F0
/* 00908 80990108 AC480000 */  sw      $t0, 0x0000($v0)           ## 00000000
/* 0090C 8099010C 0C040141 */  jal     func_80100504              
/* 00910 80990110 00408025 */  or      $s0, $v0, $zero            ## $s0 = 00000000
/* 00914 80990114 AE020004 */  sw      $v0, 0x0004($s0)           ## 00000004
/* 00918 80990118 8E2202B0 */  lw      $v0, 0x02B0($s1)           ## 000002B0
/* 0091C 8099011C 3C0ADA38 */  lui     $t2, 0xDA38                ## $t2 = DA380000
/* 00920 80990120 354A0003 */  ori     $t2, $t2, 0x0003           ## $t2 = DA380003
/* 00924 80990124 24490008 */  addiu   $t1, $v0, 0x0008           ## $t1 = 00000008
/* 00928 80990128 AE2902B0 */  sw      $t1, 0x02B0($s1)           ## 000002B0
/* 0092C 8099012C AC4A0000 */  sw      $t2, 0x0000($v0)           ## 00000000
/* 00930 80990130 8EC40000 */  lw      $a0, 0x0000($s6)           ## 00000000
/* 00934 80990134 0C060690 */  jal     func_80181A40              
/* 00938 80990138 00408025 */  or      $s0, $v0, $zero            ## $s0 = 00000000
/* 0093C 8099013C AE020004 */  sw      $v0, 0x0004($s0)           ## 00000004
/* 00940 80990140 8E2202B0 */  lw      $v0, 0x02B0($s1)           ## 000002B0
/* 00944 80990144 244B0008 */  addiu   $t3, $v0, 0x0008           ## $t3 = 00000008
/* 00948 80990148 AE2B02B0 */  sw      $t3, 0x02B0($s1)           ## 000002B0
/* 0094C 8099014C AC540004 */  sw      $s4, 0x0004($v0)           ## 00000004
/* 00950 80990150 AC550000 */  sw      $s5, 0x0000($v0)           ## 00000000
.L80990154:
/* 00954 80990154 8FAC0048 */  lw      $t4, 0x0048($sp)           
/* 00958 80990158 26730001 */  addiu   $s3, $s3, 0x0001           ## $s3 = 00000001
/* 0095C 8099015C 2652003C */  addiu   $s2, $s2, 0x003C           ## $s2 = 0000003C
/* 00960 80990160 566CFFC7 */  bnel    $s3, $t4, .L80990080       
/* 00964 80990164 924F0000 */  lbu     $t7, 0x0000($s2)           ## 0000003C
.L80990168:
/* 00968 80990168 8FBF003C */  lw      $ra, 0x003C($sp)           
/* 0096C 8099016C 8FB00018 */  lw      $s0, 0x0018($sp)           
/* 00970 80990170 8FB1001C */  lw      $s1, 0x001C($sp)           
/* 00974 80990174 8FB20020 */  lw      $s2, 0x0020($sp)           
/* 00978 80990178 8FB30024 */  lw      $s3, 0x0024($sp)           
/* 0097C 8099017C 8FB40028 */  lw      $s4, 0x0028($sp)           
/* 00980 80990180 8FB5002C */  lw      $s5, 0x002C($sp)           
/* 00984 80990184 8FB60030 */  lw      $s6, 0x0030($sp)           
/* 00988 80990188 8FB70034 */  lw      $s7, 0x0034($sp)           
/* 0098C 8099018C 8FBE0038 */  lw      $s8, 0x0038($sp)           
/* 00990 80990190 03E00008 */  jr      $ra                        
/* 00994 80990194 27BD0040 */  addiu   $sp, $sp, 0x0040           ## $sp = 00000000
/* 00998 80990198 00000000 */  nop
/* 0099C 8099019C 00000000 */  nop

.section .data

D_809901A0: .word 0x00E90400, 0x00000009, 0x01400000, 0x00000548
.word func_8098F954
.word func_8098FA44
.word func_8098FB28
.word func_8098FC2C
D_809901C0: .word \
0x00000939, 0x10010000, 0x01000000, 0x00000000, \
0x00000000, 0xF7CFFFFF, 0x00000000, 0x00010100, \
0x00120040, 0x00000000, 0x00000000
D_809901EC: .word 0x00000000, 0x00000000, 0xFF000000
D_809901F8: .word \
0x00000000, 0x00000000, 0x00000000, 0x00000000, \
0x00000000, 0x00000000, 0x00000000, 0x00000000
D_80990218: .word 0x060053E0, 0x3F800000, 0x0000FFFF, 0x00000000
D_80990228: .word 0x00000000, 0x00000000, 0x00000000
D_80990234: .word 0x00000000, 0x3FC00000, 0x00000000
D_80990240: .word 0x00000000, 0x00000000, 0x00000000
D_8099024C: .word \
0x00000000, 0x00000000, 0x00000000, 0x00000000, \
0x00000000

.section .rodata

D_80990260: .word 0x3C23D70A, 0x00000000, 0x00000000, 0x00000000


.section .rodata
D_80990270:
.incbin "baserom/En_Tg", 0xA70, 0x000000A0
