.include "macro.inc"

# assembler directives
.set noat      # allow manual use of $at
.set noreorder # don't insert nops after branches
.set gp=64     # allow use of 64-bit general purpose registers

.section .text
glabel func_808937F0
/* 00000 808937F0 27BDFFC0 */  addiu   $sp, $sp, 0xFFC0           ## $sp = FFFFFFC0
/* 00004 808937F4 AFB50038 */  sw      $s5, 0x0038($sp)           
/* 00008 808937F8 AFB00024 */  sw      $s0, 0x0024($sp)           
/* 0000C 808937FC 00A08025 */  or      $s0, $a1, $zero            ## $s0 = 00000000
/* 00010 80893800 0080A825 */  or      $s5, $a0, $zero            ## $s5 = 00000000
/* 00014 80893804 AFBF003C */  sw      $ra, 0x003C($sp)           
/* 00018 80893808 AFB40034 */  sw      $s4, 0x0034($sp)           
/* 0001C 8089380C AFB30030 */  sw      $s3, 0x0030($sp)           
/* 00020 80893810 AFB2002C */  sw      $s2, 0x002C($sp)           
/* 00024 80893814 AFB10028 */  sw      $s1, 0x0028($sp)           
/* 00028 80893818 3C058089 */  lui     $a1, %hi(D_80896B50)       ## $a1 = 80890000
/* 0002C 8089381C 24A56B50 */  addiu   $a1, $a1, %lo(D_80896B50)  ## $a1 = 80896B50
/* 00030 80893820 0C03FEB7 */  jal     func_800FFADC              
/* 00034 80893824 02A02025 */  or      $a0, $s5, $zero            ## $a0 = 00000000
/* 00038 80893828 3C060600 */  lui     $a2, 0x0600                ## $a2 = 06000000
/* 0003C 8089382C 3C070600 */  lui     $a3, 0x0600                ## $a3 = 06000000
/* 00040 80893830 26AE0188 */  addiu   $t6, $s5, 0x0188           ## $t6 = 00000188
/* 00044 80893834 26AF021E */  addiu   $t7, $s5, 0x021E           ## $t7 = 0000021E
/* 00048 80893838 24180019 */  addiu   $t8, $zero, 0x0019         ## $t8 = 00000019
/* 0004C 8089383C AFB80018 */  sw      $t8, 0x0018($sp)           
/* 00050 80893840 AFAF0014 */  sw      $t7, 0x0014($sp)           
/* 00054 80893844 AFAE0010 */  sw      $t6, 0x0010($sp)           
/* 00058 80893848 24E712E4 */  addiu   $a3, $a3, 0x12E4           ## $a3 = 060012E4
/* 0005C 8089384C 24C63A20 */  addiu   $a2, $a2, 0x3A20           ## $a2 = 06003A20
/* 00060 80893850 02002025 */  or      $a0, $s0, $zero            ## $a0 = 00000000
/* 00064 80893854 0C04DA9F */  jal     func_80136A7C              
/* 00068 80893858 26A50144 */  addiu   $a1, $s5, 0x0144           ## $a1 = 00000144
/* 0006C 8089385C 3C06800B */  lui     $a2, 0x800B                ## $a2 = 800B0000
/* 00070 80893860 24C63FC0 */  addiu   $a2, $a2, 0x3FC0           ## $a2 = 800B3FC0
/* 00074 80893864 26A400BC */  addiu   $a0, $s5, 0x00BC           ## $a0 = 000000BC
/* 00078 80893868 24050000 */  addiu   $a1, $zero, 0x0000         ## $a1 = 00000000
/* 0007C 8089386C 0C02CEE9 */  jal     func_800B3BA4              
/* 00080 80893870 3C074270 */  lui     $a3, 0x4270                ## $a3 = 42700000
/* 00084 80893874 02A02025 */  or      $a0, $s5, $zero            ## $a0 = 00000000
/* 00088 80893878 0C02D9D7 */  jal     func_800B675C              
/* 0008C 8089387C 3C0541A0 */  lui     $a1, 0x41A0                ## $a1 = 41A00000
/* 00090 80893880 3C058089 */  lui     $a1, %hi(D_80896AFC)       ## $a1 = 80890000
/* 00094 80893884 3C068089 */  lui     $a2, %hi(D_80896B1C)       ## $a2 = 80890000
/* 00098 80893888 24C66B1C */  addiu   $a2, $a2, %lo(D_80896B1C)  ## $a2 = 80896B1C
/* 0009C 8089388C 24A56AFC */  addiu   $a1, $a1, %lo(D_80896AFC)  ## $a1 = 80896AFC
/* 000A0 80893890 0C039D4C */  jal     func_800E7530              
/* 000A4 80893894 26A400A0 */  addiu   $a0, $s5, 0x00A0           ## $a0 = 000000A0
/* 000A8 80893898 3C118089 */  lui     $s1, %hi(D_80896AD0)       ## $s1 = 80890000
/* 000AC 8089389C 26316AD0 */  addiu   $s1, $s1, %lo(D_80896AD0)  ## $s1 = 80896AD0
/* 000B0 808938A0 02203825 */  or      $a3, $s1, $zero            ## $a3 = 80896AD0
/* 000B4 808938A4 02002025 */  or      $a0, $s0, $zero            ## $a0 = 00000000
/* 000B8 808938A8 26A503AC */  addiu   $a1, $s5, 0x03AC           ## $a1 = 000003AC
/* 000BC 808938AC 0C038897 */  jal     func_800E225C              
/* 000C0 808938B0 02A03025 */  or      $a2, $s5, $zero            ## $a2 = 00000000
/* 000C4 808938B4 86390028 */  lh      $t9, 0x0028($s1)           ## 80896AF8
/* 000C8 808938B8 2408001D */  addiu   $t0, $zero, 0x001D         ## $t0 = 0000001D
/* 000CC 808938BC AEA802C0 */  sw      $t0, 0x02C0($s5)           ## 000002C0
/* 000D0 808938C0 3C098089 */  lui     $t1, %hi(D_80896B60)       ## $t1 = 80890000
/* 000D4 808938C4 A6B903FA */  sh      $t9, 0x03FA($s5)           ## 000003FA
/* 000D8 808938C8 8D296B60 */  lw      $t1, %lo(D_80896B60)($t1)  
/* 000DC 808938CC 3C138089 */  lui     $s3, %hi(D_80896B24)       ## $s3 = 80890000
/* 000E0 808938D0 26736B24 */  addiu   $s3, $s3, %lo(D_80896B24)  ## $s3 = 80896B24
/* 000E4 808938D4 15200011 */  bne     $t1, $zero, .L8089391C     
/* 000E8 808938D8 3C148089 */  lui     $s4, %hi(D_80896B3C)       ## $s4 = 80890000
/* 000EC 808938DC 26946B3C */  addiu   $s4, $s4, %lo(D_80896B3C)  ## $s4 = 80896B3C
/* 000F0 808938E0 24120003 */  addiu   $s2, $zero, 0x0003         ## $s2 = 00000003
/* 000F4 808938E4 00008825 */  or      $s1, $zero, $zero          ## $s1 = 00000000
.L808938E8:
/* 000F8 808938E8 02608025 */  or      $s0, $s3, $zero            ## $s0 = 80896B24
.L808938EC:
/* 000FC 808938EC 0C040141 */  jal     func_80100504              
/* 00100 808938F0 8E040000 */  lw      $a0, 0x0000($s0)           ## 80896B24
/* 00104 808938F4 26310001 */  addiu   $s1, $s1, 0x0001           ## $s1 = 00000001
/* 00108 808938F8 26100004 */  addiu   $s0, $s0, 0x0004           ## $s0 = 80896B28
/* 0010C 808938FC 1632FFFB */  bne     $s1, $s2, .L808938EC       
/* 00110 80893900 AE02FFFC */  sw      $v0, -0x0004($s0)          ## 80896B24
/* 00114 80893904 2673000C */  addiu   $s3, $s3, 0x000C           ## $s3 = 80896B30
/* 00118 80893908 5674FFF7 */  bnel    $s3, $s4, .L808938E8       
/* 0011C 8089390C 00008825 */  or      $s1, $zero, $zero          ## $s1 = 00000000
/* 00120 80893910 240A0001 */  addiu   $t2, $zero, 0x0001         ## $t2 = 00000001
/* 00124 80893914 3C018089 */  lui     $at, %hi(D_80896B60)       ## $at = 80890000
/* 00128 80893918 AC2A6B60 */  sw      $t2, %lo(D_80896B60)($at)  
.L8089391C:
/* 0012C 8089391C 86A2001C */  lh      $v0, 0x001C($s5)           ## 0000001C
/* 00130 80893920 2401FFFD */  addiu   $at, $zero, 0xFFFD         ## $at = FFFFFFFD
/* 00134 80893924 2410FFFE */  addiu   $s0, $zero, 0xFFFE         ## $s0 = FFFFFFFE
/* 00138 80893928 1441000F */  bne     $v0, $at, .L80893968       
/* 0013C 8089392C 240B00F0 */  addiu   $t3, $zero, 0x00F0         ## $t3 = 000000F0
/* 00140 80893930 8EAC0004 */  lw      $t4, 0x0004($s5)           ## 00000004
/* 00144 80893934 2401FFFE */  addiu   $at, $zero, 0xFFFE         ## $at = FFFFFFFE
/* 00148 80893938 A6B0001C */  sh      $s0, 0x001C($s5)           ## 0000001C
/* 0014C 8089393C 01816824 */  and     $t5, $t4, $at              
/* 00150 80893940 A6AB02BE */  sh      $t3, 0x02BE($s5)           ## 000002BE
/* 00154 80893944 AEAD0004 */  sw      $t5, 0x0004($s5)           ## 00000004
/* 00158 80893948 3C018089 */  lui     $at, %hi(D_80896BB0)       ## $at = 80890000
/* 0015C 8089394C C4246BB0 */  lwc1    $f4, %lo(D_80896BB0)($at)  
/* 00160 80893950 AEA000C8 */  sw      $zero, 0x00C8($s5)         ## 000000C8
/* 00164 80893954 02A02025 */  or      $a0, $s5, $zero            ## $a0 = 00000000
/* 00168 80893958 0C225684 */  jal     func_80895A10              
/* 0016C 8089395C E6A400C4 */  swc1    $f4, 0x00C4($s5)           ## 000000C4
/* 00170 80893960 10000012 */  beq     $zero, $zero, .L808939AC   
/* 00174 80893964 86B9001C */  lh      $t9, 0x001C($s5)           ## 0000001C
.L80893968:
/* 00178 80893968 2401FFFC */  addiu   $at, $zero, 0xFFFC         ## $at = FFFFFFFC
/* 0017C 8089396C 14410006 */  bne     $v0, $at, .L80893988       
/* 00180 80893970 2410FFFE */  addiu   $s0, $zero, 0xFFFE         ## $s0 = FFFFFFFE
/* 00184 80893974 2410FFFE */  addiu   $s0, $zero, 0xFFFE         ## $s0 = FFFFFFFE
/* 00188 80893978 240E00F0 */  addiu   $t6, $zero, 0x00F0         ## $t6 = 000000F0
/* 0018C 8089397C A6B0001C */  sh      $s0, 0x001C($s5)           ## 0000001C
/* 00190 80893980 10000007 */  beq     $zero, $zero, .L808939A0   
/* 00194 80893984 A6AE02BE */  sh      $t6, 0x02BE($s5)           ## 000002BE
.L80893988:
/* 00198 80893988 16020004 */  bne     $s0, $v0, .L8089399C       
/* 0019C 8089398C 24180040 */  addiu   $t8, $zero, 0x0040         ## $t8 = 00000040
/* 001A0 80893990 240F0080 */  addiu   $t7, $zero, 0x0080         ## $t7 = 00000080
/* 001A4 80893994 10000002 */  beq     $zero, $zero, .L808939A0   
/* 001A8 80893998 A6AF02BE */  sh      $t7, 0x02BE($s5)           ## 000002BE
.L8089399C:
/* 001AC 8089399C A6B802BE */  sh      $t8, 0x02BE($s5)           ## 000002BE
.L808939A0:
/* 001B0 808939A0 0C224FB5 */  jal     func_80893ED4              
/* 001B4 808939A4 02A02025 */  or      $a0, $s5, $zero            ## $a0 = 00000000
/* 001B8 808939A8 86B9001C */  lh      $t9, 0x001C($s5)           ## 0000001C
.L808939AC:
/* 001BC 808939AC 56190007 */  bnel    $s0, $t9, .L808939CC       
/* 001C0 808939B0 8FBF003C */  lw      $ra, 0x003C($sp)           
/* 001C4 808939B4 8EA802C0 */  lw      $t0, 0x02C0($s5)           ## 000002C0
/* 001C8 808939B8 240A0003 */  addiu   $t2, $zero, 0x0003         ## $t2 = 00000003
/* 001CC 808939BC A2AA00B7 */  sb      $t2, 0x00B7($s5)           ## 000000B7
/* 001D0 808939C0 35090040 */  ori     $t1, $t0, 0x0040           ## $t1 = 00000040
/* 001D4 808939C4 AEA902C0 */  sw      $t1, 0x02C0($s5)           ## 000002C0
/* 001D8 808939C8 8FBF003C */  lw      $ra, 0x003C($sp)           
.L808939CC:
/* 001DC 808939CC 8FB00024 */  lw      $s0, 0x0024($sp)           
/* 001E0 808939D0 8FB10028 */  lw      $s1, 0x0028($sp)           
/* 001E4 808939D4 8FB2002C */  lw      $s2, 0x002C($sp)           
/* 001E8 808939D8 8FB30030 */  lw      $s3, 0x0030($sp)           
/* 001EC 808939DC 8FB40034 */  lw      $s4, 0x0034($sp)           
/* 001F0 808939E0 8FB50038 */  lw      $s5, 0x0038($sp)           
/* 001F4 808939E4 03E00008 */  jr      $ra                        
/* 001F8 808939E8 27BD0040 */  addiu   $sp, $sp, 0x0040           ## $sp = 00000000


glabel func_808939EC
/* 001FC 808939EC 27BDFFE8 */  addiu   $sp, $sp, 0xFFE8           ## $sp = FFFFFFE8
/* 00200 808939F0 AFBF0014 */  sw      $ra, 0x0014($sp)           
/* 00204 808939F4 00803025 */  or      $a2, $a0, $zero            ## $a2 = 00000000
/* 00208 808939F8 00A03825 */  or      $a3, $a1, $zero            ## $a3 = 00000000
/* 0020C 808939FC 00E02025 */  or      $a0, $a3, $zero            ## $a0 = 00000000
/* 00210 80893A00 0C038869 */  jal     func_800E21A4              
/* 00214 80893A04 24C503AC */  addiu   $a1, $a2, 0x03AC           ## $a1 = 000003AC
/* 00218 80893A08 8FBF0014 */  lw      $ra, 0x0014($sp)           
/* 0021C 80893A0C 27BD0018 */  addiu   $sp, $sp, 0x0018           ## $sp = 00000000
/* 00220 80893A10 03E00008 */  jr      $ra                        
/* 00224 80893A14 00000000 */  nop


glabel func_80893A18
/* 00228 80893A18 908F03BD */  lbu     $t7, 0x03BD($a0)           ## 000003BD
/* 0022C 80893A1C 240E0006 */  addiu   $t6, $zero, 0x0006         ## $t6 = 00000006
/* 00230 80893A20 A08E03C0 */  sb      $t6, 0x03C0($a0)           ## 000003C0
/* 00234 80893A24 31F8FFFB */  andi    $t8, $t7, 0xFFFB           ## $t8 = 00000000
/* 00238 80893A28 A09803BD */  sb      $t8, 0x03BD($a0)           ## 000003BD
/* 0023C 80893A2C 03E00008 */  jr      $ra                        
/* 00240 80893A30 00000000 */  nop


glabel func_80893A34
/* 00244 80893A34 27BDFFE8 */  addiu   $sp, $sp, 0xFFE8           ## $sp = FFFFFFE8
/* 00248 80893A38 AFBF0014 */  sw      $ra, 0x0014($sp)           
/* 0024C 80893A3C AFA5001C */  sw      $a1, 0x001C($sp)           
/* 00250 80893A40 00803825 */  or      $a3, $a0, $zero            ## $a3 = 00000000
/* 00254 80893A44 84EE001C */  lh      $t6, 0x001C($a3)           ## 0000001C
/* 00258 80893A48 2401FFFE */  addiu   $at, $zero, 0xFFFE         ## $at = FFFFFFFE
/* 0025C 80893A4C 55C1000F */  bnel    $t6, $at, .L80893A8C       
/* 00260 80893A50 00001025 */  or      $v0, $zero, $zero          ## $v0 = 00000000
/* 00264 80893A54 94EF0090 */  lhu     $t7, 0x0090($a3)           ## 00000090
/* 00268 80893A58 8FA4001C */  lw      $a0, 0x001C($sp)           
/* 0026C 80893A5C 31F80001 */  andi    $t8, $t7, 0x0001           ## $t8 = 00000000
/* 00270 80893A60 13000009 */  beq     $t8, $zero, .L80893A88     
/* 00274 80893A64 24840830 */  addiu   $a0, $a0, 0x0830           ## $a0 = 00000830
/* 00278 80893A68 8CE50080 */  lw      $a1, 0x0080($a3)           ## 00000080
/* 0027C 80893A6C 0C032675 */  jal     func_800C99D4              
/* 00280 80893A70 90E60085 */  lbu     $a2, 0x0085($a3)           ## 00000085
/* 00284 80893A74 24010005 */  addiu   $at, $zero, 0x0005         ## $at = 00000005
/* 00288 80893A78 54410004 */  bnel    $v0, $at, .L80893A8C       
/* 0028C 80893A7C 00001025 */  or      $v0, $zero, $zero          ## $v0 = 00000000
/* 00290 80893A80 10000002 */  beq     $zero, $zero, .L80893A8C   
/* 00294 80893A84 24020001 */  addiu   $v0, $zero, 0x0001         ## $v0 = 00000001
.L80893A88:
/* 00298 80893A88 00001025 */  or      $v0, $zero, $zero          ## $v0 = 00000000
.L80893A8C:
/* 0029C 80893A8C 8FBF0014 */  lw      $ra, 0x0014($sp)           
/* 002A0 80893A90 27BD0018 */  addiu   $sp, $sp, 0x0018           ## $sp = 00000000
/* 002A4 80893A94 03E00008 */  jr      $ra                        
/* 002A8 80893A98 00000000 */  nop


glabel func_80893A9C
/* 002AC 80893A9C 27BDFFE8 */  addiu   $sp, $sp, 0xFFE8           ## $sp = FFFFFFE8
/* 002B0 80893AA0 AFBF0014 */  sw      $ra, 0x0014($sp)           
/* 002B4 80893AA4 0C224E8D */  jal     func_80893A34              
/* 002B8 80893AA8 AFA40018 */  sw      $a0, 0x0018($sp)           
/* 002BC 80893AAC 10400005 */  beq     $v0, $zero, .L80893AC4     
/* 002C0 80893AB0 8FA40018 */  lw      $a0, 0x0018($sp)           
/* 002C4 80893AB4 0C2255AE */  jal     func_808956B8              
/* 002C8 80893AB8 00000000 */  nop
/* 002CC 80893ABC 10000004 */  beq     $zero, $zero, .L80893AD0   
/* 002D0 80893AC0 8FBF0014 */  lw      $ra, 0x0014($sp)           
.L80893AC4:
/* 002D4 80893AC4 0C224FF4 */  jal     func_80893FD0              
/* 002D8 80893AC8 00000000 */  nop
/* 002DC 80893ACC 8FBF0014 */  lw      $ra, 0x0014($sp)           
.L80893AD0:
/* 002E0 80893AD0 27BD0018 */  addiu   $sp, $sp, 0x0018           ## $sp = 00000000
/* 002E4 80893AD4 03E00008 */  jr      $ra                        
/* 002E8 80893AD8 00000000 */  nop


glabel func_80893ADC
/* 002EC 80893ADC 848E001C */  lh      $t6, 0x001C($a0)           ## 0000001C
/* 002F0 80893AE0 2401FFFE */  addiu   $at, $zero, 0xFFFE         ## $at = FFFFFFFE
/* 002F4 80893AE4 00001025 */  or      $v0, $zero, $zero          ## $v0 = 00000000
/* 002F8 80893AE8 15C10007 */  bne     $t6, $at, .L80893B08       
/* 002FC 80893AEC 00000000 */  nop
/* 00300 80893AF0 948F0090 */  lhu     $t7, 0x0090($a0)           ## 00000090
/* 00304 80893AF4 31F80020 */  andi    $t8, $t7, 0x0020           ## $t8 = 00000000
/* 00308 80893AF8 13000003 */  beq     $t8, $zero, .L80893B08     
/* 0030C 80893AFC 00000000 */  nop
/* 00310 80893B00 03E00008 */  jr      $ra                        
/* 00314 80893B04 24020001 */  addiu   $v0, $zero, 0x0001         ## $v0 = 00000001
.L80893B08:
/* 00318 80893B08 03E00008 */  jr      $ra                        
/* 0031C 80893B0C 00000000 */  nop


glabel func_80893B10
/* 00320 80893B10 27BDFFE8 */  addiu   $sp, $sp, 0xFFE8           ## $sp = FFFFFFE8
/* 00324 80893B14 AFBF0014 */  sw      $ra, 0x0014($sp)           
/* 00328 80893B18 00803825 */  or      $a3, $a0, $zero            ## $a3 = 00000000
/* 0032C 80893B1C 24E40068 */  addiu   $a0, $a3, 0x0068           ## $a0 = 00000068
/* 00330 80893B20 24050000 */  addiu   $a1, $zero, 0x0000         ## $a1 = 00000000
/* 00334 80893B24 3C064000 */  lui     $a2, 0x4000                ## $a2 = 40000000
/* 00338 80893B28 0C03FC0F */  jal     func_800FF03C              
/* 0033C 80893B2C AFA70018 */  sw      $a3, 0x0018($sp)           
/* 00340 80893B30 8FA70018 */  lw      $a3, 0x0018($sp)           
/* 00344 80893B34 3C013F80 */  lui     $at, 0x3F80                ## $at = 3F800000
/* 00348 80893B38 44815000 */  mtc1    $at, $f10                  ## $f10 = 1.00
/* 0034C 80893B3C C4E40028 */  lwc1    $f4, 0x0028($a3)           ## 00000028
/* 00350 80893B40 C4E6008C */  lwc1    $f6, 0x008C($a3)           ## 0000008C
/* 00354 80893B44 3C064000 */  lui     $a2, 0x4000                ## $a2 = 40000000
/* 00358 80893B48 24E40028 */  addiu   $a0, $a3, 0x0028           ## $a0 = 00000028
/* 0035C 80893B4C 46062200 */  add.s   $f8, $f4, $f6              
/* 00360 80893B50 460A4401 */  sub.s   $f16, $f8, $f10            
/* 00364 80893B54 44058000 */  mfc1    $a1, $f16                  
/* 00368 80893B58 0C03FC0F */  jal     func_800FF03C              
/* 0036C 80893B5C 00000000 */  nop
/* 00370 80893B60 8FBF0014 */  lw      $ra, 0x0014($sp)           
/* 00374 80893B64 27BD0018 */  addiu   $sp, $sp, 0x0018           ## $sp = 00000000
/* 00378 80893B68 03E00008 */  jr      $ra                        
/* 0037C 80893B6C 00000000 */  nop


glabel func_80893B70
/* 00380 80893B70 27BDFFE8 */  addiu   $sp, $sp, 0xFFE8           ## $sp = FFFFFFE8
/* 00384 80893B74 AFBF0014 */  sw      $ra, 0x0014($sp)           
/* 00388 80893B78 848E001C */  lh      $t6, 0x001C($a0)           ## 0000001C
/* 0038C 80893B7C 2401FFFE */  addiu   $at, $zero, 0xFFFE         ## $at = FFFFFFFE
/* 00390 80893B80 55C1000F */  bnel    $t6, $at, .L80893BC0       
/* 00394 80893B84 8FBF0014 */  lw      $ra, 0x0014($sp)           
/* 00398 80893B88 948F0090 */  lhu     $t7, 0x0090($a0)           ## 00000090
/* 0039C 80893B8C 3C01BF80 */  lui     $at, 0xBF80                ## $at = BF800000
/* 003A0 80893B90 31F80020 */  andi    $t8, $t7, 0x0020           ## $t8 = 00000000
/* 003A4 80893B94 53000007 */  beql    $t8, $zero, .L80893BB4     
/* 003A8 80893B98 44813000 */  mtc1    $at, $f6                   ## $f6 = -1.00
/* 003AC 80893B9C 44802000 */  mtc1    $zero, $f4                 ## $f4 = 0.00
/* 003B0 80893BA0 0C224EC4 */  jal     func_80893B10              
/* 003B4 80893BA4 E4840074 */  swc1    $f4, 0x0074($a0)           ## 00000074
/* 003B8 80893BA8 10000005 */  beq     $zero, $zero, .L80893BC0   
/* 003BC 80893BAC 8FBF0014 */  lw      $ra, 0x0014($sp)           
/* 003C0 80893BB0 44813000 */  mtc1    $at, $f6                   ## $f6 = 0.00
.L80893BB4:
/* 003C4 80893BB4 00000000 */  nop
/* 003C8 80893BB8 E4860074 */  swc1    $f6, 0x0074($a0)           ## 00000074
/* 003CC 80893BBC 8FBF0014 */  lw      $ra, 0x0014($sp)           
.L80893BC0:
/* 003D0 80893BC0 27BD0018 */  addiu   $sp, $sp, 0x0018           ## $sp = 00000000
/* 003D4 80893BC4 03E00008 */  jr      $ra                        
/* 003D8 80893BC8 00000000 */  nop


glabel func_80893BCC
/* 003DC 80893BCC 27BDFF78 */  addiu   $sp, $sp, 0xFF78           ## $sp = FFFFFF78
/* 003E0 80893BD0 AFBE0058 */  sw      $s8, 0x0058($sp)           
/* 003E4 80893BD4 00A0F025 */  or      $s8, $a1, $zero            ## $s8 = 00000000
/* 003E8 80893BD8 AFBF005C */  sw      $ra, 0x005C($sp)           
/* 003EC 80893BDC AFB70054 */  sw      $s7, 0x0054($sp)           
/* 003F0 80893BE0 AFB60050 */  sw      $s6, 0x0050($sp)           
/* 003F4 80893BE4 AFB5004C */  sw      $s5, 0x004C($sp)           
/* 003F8 80893BE8 AFB40048 */  sw      $s4, 0x0048($sp)           
/* 003FC 80893BEC AFB30044 */  sw      $s3, 0x0044($sp)           
/* 00400 80893BF0 AFB20040 */  sw      $s2, 0x0040($sp)           
/* 00404 80893BF4 AFB1003C */  sw      $s1, 0x003C($sp)           
/* 00408 80893BF8 AFB00038 */  sw      $s0, 0x0038($sp)           
/* 0040C 80893BFC F7B60030 */  sdc1    $f22, 0x0030($sp)          
/* 00410 80893C00 F7B40028 */  sdc1    $f20, 0x0028($sp)          
/* 00414 80893C04 00803825 */  or      $a3, $a0, $zero            ## $a3 = 00000000
/* 00418 80893C08 94EE0090 */  lhu     $t6, 0x0090($a3)           ## 00000090
/* 0041C 80893C0C 27C40830 */  addiu   $a0, $s8, 0x0830           ## $a0 = 00000830
/* 00420 80893C10 31CF0002 */  andi    $t7, $t6, 0x0002           ## $t7 = 00000000
/* 00424 80893C14 51E00062 */  beql    $t7, $zero, .L80893DA0     
/* 00428 80893C18 8FBF005C */  lw      $ra, 0x005C($sp)           
/* 0042C 80893C1C 8CE50080 */  lw      $a1, 0x0080($a3)           ## 00000080
/* 00430 80893C20 90E60085 */  lbu     $a2, 0x0085($a3)           ## 00000085
/* 00434 80893C24 0C0326EE */  jal     func_800C9BB8              
/* 00438 80893C28 AFA70088 */  sw      $a3, 0x0088($sp)           
/* 0043C 80893C2C 10400003 */  beq     $v0, $zero, .L80893C3C     
/* 00440 80893C30 24010001 */  addiu   $at, $zero, 0x0001         ## $at = 00000001
/* 00444 80893C34 5441001B */  bnel    $v0, $at, .L80893CA4       
/* 00448 80893C38 2401000E */  addiu   $at, $zero, 0x000E         ## $at = 0000000E
.L80893C3C:
/* 0044C 80893C3C 8FB10088 */  lw      $s1, 0x0088($sp)           
/* 00450 80893C40 3C013F80 */  lui     $at, 0x3F80                ## $at = 3F800000
/* 00454 80893C44 2418003C */  addiu   $t8, $zero, 0x003C         ## $t8 = 0000003C
/* 00458 80893C48 4481A000 */  mtc1    $at, $f20                  ## $f20 = 1.00
/* 0045C 80893C4C AFB80064 */  sw      $t8, 0x0064($sp)           
/* 00460 80893C50 2410006C */  addiu   $s0, $zero, 0x006C         ## $s0 = 0000006C
/* 00464 80893C54 2631030C */  addiu   $s1, $s1, 0x030C           ## $s1 = 0000030C
.L80893C58:
/* 00468 80893C58 4406A000 */  mfc1    $a2, $f20                  
/* 0046C 80893C5C 24190050 */  addiu   $t9, $zero, 0x0050         ## $t9 = 00000050
/* 00470 80893C60 2408000F */  addiu   $t0, $zero, 0x000F         ## $t0 = 0000000F
/* 00474 80893C64 24090001 */  addiu   $t1, $zero, 0x0001         ## $t1 = 00000001
/* 00478 80893C68 AFA90018 */  sw      $t1, 0x0018($sp)           
/* 0047C 80893C6C AFA80014 */  sw      $t0, 0x0014($sp)           
/* 00480 80893C70 AFB90010 */  sw      $t9, 0x0010($sp)           
/* 00484 80893C74 03C02025 */  or      $a0, $s8, $zero            ## $a0 = 00000000
/* 00488 80893C78 02202825 */  or      $a1, $s1, $zero            ## $a1 = 0000030C
/* 0048C 80893C7C 0C02EFEC */  jal     func_800BBFB0              
/* 00490 80893C80 24070002 */  addiu   $a3, $zero, 0x0002         ## $a3 = 00000002
/* 00494 80893C84 8FAA0064 */  lw      $t2, 0x0064($sp)           
/* 00498 80893C88 2631000C */  addiu   $s1, $s1, 0x000C           ## $s1 = 00000318
/* 0049C 80893C8C 254B000C */  addiu   $t3, $t2, 0x000C           ## $t3 = 0000000C
/* 004A0 80893C90 1570FFF1 */  bne     $t3, $s0, .L80893C58       
/* 004A4 80893C94 AFAB0064 */  sw      $t3, 0x0064($sp)           
/* 004A8 80893C98 1000003E */  beq     $zero, $zero, .L80893D94   
/* 004AC 80893C9C 8FA40088 */  lw      $a0, 0x0088($sp)           
/* 004B0 80893CA0 2401000E */  addiu   $at, $zero, 0x000E         ## $at = 0000000E
.L80893CA4:
/* 004B4 80893CA4 1441003A */  bne     $v0, $at, .L80893D90       
/* 004B8 80893CA8 240C003C */  addiu   $t4, $zero, 0x003C         ## $t4 = 0000003C
/* 004BC 80893CAC 3C014180 */  lui     $at, 0x4180                ## $at = 41800000
/* 004C0 80893CB0 8FB10088 */  lw      $s1, 0x0088($sp)           
/* 004C4 80893CB4 4481B000 */  mtc1    $at, $f22                  ## $f22 = 16.00
/* 004C8 80893CB8 3C013F80 */  lui     $at, 0x3F80                ## $at = 3F800000
/* 004CC 80893CBC 3C168089 */  lui     $s6, %hi(D_80896B40)       ## $s6 = 80890000
/* 004D0 80893CC0 3C158089 */  lui     $s5, %hi(D_80896B3C)       ## $s5 = 80890000
/* 004D4 80893CC4 3C148089 */  lui     $s4, %hi(D_80896B64)       ## $s4 = 80890000
/* 004D8 80893CC8 3C13801D */  lui     $s3, 0x801D                ## $s3 = 801D0000
/* 004DC 80893CCC 4481A000 */  mtc1    $at, $f20                  ## $f20 = 1.00
/* 004E0 80893CD0 267315B0 */  addiu   $s3, $s3, 0x15B0           ## $s3 = 801D15B0
/* 004E4 80893CD4 26946B64 */  addiu   $s4, $s4, %lo(D_80896B64)  ## $s4 = 80896B64
/* 004E8 80893CD8 26B56B3C */  addiu   $s5, $s5, %lo(D_80896B3C)  ## $s5 = 80896B3C
/* 004EC 80893CDC 26D66B40 */  addiu   $s6, $s6, %lo(D_80896B40)  ## $s6 = 80896B40
/* 004F0 80893CE0 AFAC0064 */  sw      $t4, 0x0064($sp)           
/* 004F4 80893CE4 24170002 */  addiu   $s7, $zero, 0x0002         ## $s7 = 00000002
/* 004F8 80893CE8 27B2007C */  addiu   $s2, $sp, 0x007C           ## $s2 = FFFFFFF4
/* 004FC 80893CEC 2631030C */  addiu   $s1, $s1, 0x030C           ## $s1 = 00000624
.L80893CF0:
/* 00500 80893CF0 00008025 */  or      $s0, $zero, $zero          ## $s0 = 00000000
.L80893CF4:
/* 00504 80893CF4 0C05E570 */  jal     func_801795C0              
/* 00508 80893CF8 4600A306 */  mov.s   $f12, $f20                 
/* 0050C 80893CFC C6240000 */  lwc1    $f4, 0x0000($s1)           ## 00000624
/* 00510 80893D00 4600A306 */  mov.s   $f12, $f20                 
/* 00514 80893D04 46040180 */  add.s   $f6, $f0, $f4              
/* 00518 80893D08 0C05E570 */  jal     func_801795C0              
/* 0051C 80893D0C E7A6007C */  swc1    $f6, 0x007C($sp)           
/* 00520 80893D10 C6280004 */  lwc1    $f8, 0x0004($s1)           ## 00000628
/* 00524 80893D14 4600A306 */  mov.s   $f12, $f20                 
/* 00528 80893D18 46080280 */  add.s   $f10, $f0, $f8             
/* 0052C 80893D1C 0C05E570 */  jal     func_801795C0              
/* 00530 80893D20 E7AA0080 */  swc1    $f10, 0x0080($sp)          
/* 00534 80893D24 C6300008 */  lwc1    $f16, 0x0008($s1)          ## 0000062C
/* 00538 80893D28 4600B306 */  mov.s   $f12, $f22                 
/* 0053C 80893D2C 46100480 */  add.s   $f18, $f0, $f16            
/* 00540 80893D30 0C05E565 */  jal     func_80179594              
/* 00544 80893D34 E7B20084 */  swc1    $f18, 0x0084($sp)          
/* 00548 80893D38 4600010D */  trunc.w.s $f4, $f0                   
/* 0054C 80893D3C 2418000F */  addiu   $t8, $zero, 0x000F         ## $t8 = 0000000F
/* 00550 80893D40 AFB8001C */  sw      $t8, 0x001C($sp)           
/* 00554 80893D44 03C02025 */  or      $a0, $s8, $zero            ## $a0 = 00000000
/* 00558 80893D48 440E2000 */  mfc1    $t6, $f4                   
/* 0055C 80893D4C 02402825 */  or      $a1, $s2, $zero            ## $a1 = FFFFFFF4
/* 00560 80893D50 02603025 */  or      $a2, $s3, $zero            ## $a2 = 801D15B0
/* 00564 80893D54 25CF0050 */  addiu   $t7, $t6, 0x0050           ## $t7 = 00000050
/* 00568 80893D58 AFAF0018 */  sw      $t7, 0x0018($sp)           
/* 0056C 80893D5C 02803825 */  or      $a3, $s4, $zero            ## $a3 = 80896B64
/* 00570 80893D60 AFB50010 */  sw      $s5, 0x0010($sp)           
/* 00574 80893D64 0C02C378 */  jal     func_800B0DE0              
/* 00578 80893D68 AFB60014 */  sw      $s6, 0x0014($sp)           
/* 0057C 80893D6C 26100001 */  addiu   $s0, $s0, 0x0001           ## $s0 = 00000001
/* 00580 80893D70 1617FFE0 */  bne     $s0, $s7, .L80893CF4       
/* 00584 80893D74 00000000 */  nop
/* 00588 80893D78 8FB90064 */  lw      $t9, 0x0064($sp)           
/* 0058C 80893D7C 2401006C */  addiu   $at, $zero, 0x006C         ## $at = 0000006C
/* 00590 80893D80 2631000C */  addiu   $s1, $s1, 0x000C           ## $s1 = 00000630
/* 00594 80893D84 2728000C */  addiu   $t0, $t9, 0x000C           ## $t0 = 0000000C
/* 00598 80893D88 1501FFD9 */  bne     $t0, $at, .L80893CF0       
/* 0059C 80893D8C AFA80064 */  sw      $t0, 0x0064($sp)           
.L80893D90:
/* 005A0 80893D90 8FA40088 */  lw      $a0, 0x0088($sp)           
.L80893D94:
/* 005A4 80893D94 0C02E3B2 */  jal     func_800B8EC8              
/* 005A8 80893D98 2405387B */  addiu   $a1, $zero, 0x387B         ## $a1 = 0000387B
/* 005AC 80893D9C 8FBF005C */  lw      $ra, 0x005C($sp)           
.L80893DA0:
/* 005B0 80893DA0 D7B40028 */  ldc1    $f20, 0x0028($sp)          
/* 005B4 80893DA4 D7B60030 */  ldc1    $f22, 0x0030($sp)          
/* 005B8 80893DA8 8FB00038 */  lw      $s0, 0x0038($sp)           
/* 005BC 80893DAC 8FB1003C */  lw      $s1, 0x003C($sp)           
/* 005C0 80893DB0 8FB20040 */  lw      $s2, 0x0040($sp)           
/* 005C4 80893DB4 8FB30044 */  lw      $s3, 0x0044($sp)           
/* 005C8 80893DB8 8FB40048 */  lw      $s4, 0x0048($sp)           
/* 005CC 80893DBC 8FB5004C */  lw      $s5, 0x004C($sp)           
/* 005D0 80893DC0 8FB60050 */  lw      $s6, 0x0050($sp)           
/* 005D4 80893DC4 8FB70054 */  lw      $s7, 0x0054($sp)           
/* 005D8 80893DC8 8FBE0058 */  lw      $s8, 0x0058($sp)           
/* 005DC 80893DCC 03E00008 */  jr      $ra                        
/* 005E0 80893DD0 27BD0088 */  addiu   $sp, $sp, 0x0088           ## $sp = 00000000


glabel func_80893DD4
/* 005E4 80893DD4 27BDFFE0 */  addiu   $sp, $sp, 0xFFE0           ## $sp = FFFFFFE0
/* 005E8 80893DD8 AFBF001C */  sw      $ra, 0x001C($sp)           
/* 005EC 80893DDC 3C013F00 */  lui     $at, 0x3F00                ## $at = 3F000000
/* 005F0 80893DE0 44812000 */  mtc1    $at, $f4                   ## $f4 = 0.50
/* 005F4 80893DE4 3C013F40 */  lui     $at, 0x3F40                ## $at = 3F400000
/* 005F8 80893DE8 44813000 */  mtc1    $at, $f6                   ## $f6 = 0.75
/* 005FC 80893DEC 3C013F80 */  lui     $at, 0x3F80                ## $at = 3F800000
/* 00600 80893DF0 44814000 */  mtc1    $at, $f8                   ## $f8 = 1.00
/* 00604 80893DF4 240E000A */  addiu   $t6, $zero, 0x000A         ## $t6 = 0000000A
/* 00608 80893DF8 240F0003 */  addiu   $t7, $zero, 0x0003         ## $t7 = 00000003
/* 0060C 80893DFC 24180050 */  addiu   $t8, $zero, 0x0050         ## $t8 = 00000050
/* 00610 80893E00 A08E02BB */  sb      $t6, 0x02BB($a0)           ## 000002BB
/* 00614 80893E04 A08F03C0 */  sb      $t7, 0x03C0($a0)           ## 000003C0
/* 00618 80893E08 A49802BC */  sh      $t8, 0x02BC($a0)           ## 000002BC
/* 0061C 80893E0C 24190050 */  addiu   $t9, $zero, 0x0050         ## $t9 = 00000050
/* 00620 80893E10 E48402C8 */  swc1    $f4, 0x02C8($a0)           ## 000002C8
/* 00624 80893E14 E48602CC */  swc1    $f6, 0x02CC($a0)           ## 000002CC
/* 00628 80893E18 E48802C4 */  swc1    $f8, 0x02C4($a0)           ## 000002C4
/* 0062C 80893E1C AFA40020 */  sw      $a0, 0x0020($sp)           
/* 00630 80893E20 AFB90010 */  sw      $t9, 0x0010($sp)           
/* 00634 80893E24 24054000 */  addiu   $a1, $zero, 0x4000         ## $a1 = 00004000
/* 00638 80893E28 240600FF */  addiu   $a2, $zero, 0x00FF         ## $a2 = 000000FF
/* 0063C 80893E2C 0C02F2DC */  jal     func_800BCB70              
/* 00640 80893E30 00003825 */  or      $a3, $zero, $zero          ## $a3 = 00000000
/* 00644 80893E34 8FA40020 */  lw      $a0, 0x0020($sp)           
/* 00648 80893E38 2401FDFF */  addiu   $at, $zero, 0xFDFF         ## $at = FFFFFDFF
/* 0064C 80893E3C 8C880004 */  lw      $t0, 0x0004($a0)           ## 00000004
/* 00650 80893E40 01014824 */  and     $t1, $t0, $at              
/* 00654 80893E44 AC890004 */  sw      $t1, 0x0004($a0)           ## 00000004
/* 00658 80893E48 8FBF001C */  lw      $ra, 0x001C($sp)           
/* 0065C 80893E4C 03E00008 */  jr      $ra                        
/* 00660 80893E50 27BD0020 */  addiu   $sp, $sp, 0x0020           ## $sp = 00000000


glabel func_80893E54
/* 00664 80893E54 27BDFFD0 */  addiu   $sp, $sp, 0xFFD0           ## $sp = FFFFFFD0
/* 00668 80893E58 AFB00028 */  sw      $s0, 0x0028($sp)           
/* 0066C 80893E5C 00808025 */  or      $s0, $a0, $zero            ## $s0 = 00000000
/* 00670 80893E60 AFBF002C */  sw      $ra, 0x002C($sp)           
/* 00674 80893E64 AFA50034 */  sw      $a1, 0x0034($sp)           
/* 00678 80893E68 920E02BB */  lbu     $t6, 0x02BB($s0)           ## 000002BB
/* 0067C 80893E6C 2401000A */  addiu   $at, $zero, 0x000A         ## $at = 0000000A
/* 00680 80893E70 240F0006 */  addiu   $t7, $zero, 0x0006         ## $t7 = 00000006
/* 00684 80893E74 15C10012 */  bne     $t6, $at, .L80893EC0       
/* 00688 80893E78 02002825 */  or      $a1, $s0, $zero            ## $a1 = 00000000
/* 0068C 80893E7C 3C018089 */  lui     $at, %hi(D_80896BB4)       ## $at = 80890000
/* 00690 80893E80 C4206BB4 */  lwc1    $f0, %lo(D_80896BB4)($at)  
/* 00694 80893E84 44802000 */  mtc1    $zero, $f4                 ## $f4 = 0.00
/* 00698 80893E88 A20002BB */  sb      $zero, 0x02BB($s0)         ## 000002BB
/* 0069C 80893E8C A20F03C0 */  sb      $t7, 0x03C0($s0)           ## 000003C0
/* 006A0 80893E90 E60402C4 */  swc1    $f4, 0x02C4($s0)           ## 000002C4
/* 006A4 80893E94 24180002 */  addiu   $t8, $zero, 0x0002         ## $t8 = 00000002
/* 006A8 80893E98 AFB80010 */  sw      $t8, 0x0010($sp)           
/* 006AC 80893E9C 8FA40034 */  lw      $a0, 0x0034($sp)           
/* 006B0 80893EA0 260602D0 */  addiu   $a2, $s0, 0x02D0           ## $a2 = 000002D0
/* 006B4 80893EA4 24070009 */  addiu   $a3, $zero, 0x0009         ## $a3 = 00000009
/* 006B8 80893EA8 E7A00018 */  swc1    $f0, 0x0018($sp)           
/* 006BC 80893EAC 0C02FDF3 */  jal     func_800BF7CC              
/* 006C0 80893EB0 E7A00014 */  swc1    $f0, 0x0014($sp)           
/* 006C4 80893EB4 8E190004 */  lw      $t9, 0x0004($s0)           ## 00000004
/* 006C8 80893EB8 37280200 */  ori     $t0, $t9, 0x0200           ## $t0 = 00000200
/* 006CC 80893EBC AE080004 */  sw      $t0, 0x0004($s0)           ## 00000004
.L80893EC0:
/* 006D0 80893EC0 8FBF002C */  lw      $ra, 0x002C($sp)           
/* 006D4 80893EC4 8FB00028 */  lw      $s0, 0x0028($sp)           
/* 006D8 80893EC8 27BD0030 */  addiu   $sp, $sp, 0x0030           ## $sp = 00000000
/* 006DC 80893ECC 03E00008 */  jr      $ra                        
/* 006E0 80893ED0 00000000 */  nop


glabel func_80893ED4
/* 006E4 80893ED4 27BDFFE8 */  addiu   $sp, $sp, 0xFFE8           ## $sp = FFFFFFE8
/* 006E8 80893ED8 AFBF0014 */  sw      $ra, 0x0014($sp)           
/* 006EC 80893EDC 00803825 */  or      $a3, $a0, $zero            ## $a3 = 00000000
/* 006F0 80893EE0 3C050600 */  lui     $a1, 0x0600                ## $a1 = 06000000
/* 006F4 80893EE4 24A512E4 */  addiu   $a1, $a1, 0x12E4           ## $a1 = 060012E4
/* 006F8 80893EE8 24E40144 */  addiu   $a0, $a3, 0x0144           ## $a0 = 00000144
/* 006FC 80893EEC 3C064080 */  lui     $a2, 0x4080                ## $a2 = 40800000
/* 00700 80893EF0 0C04DD65 */  jal     func_80137594              
/* 00704 80893EF4 AFA70018 */  sw      $a3, 0x0018($sp)           
/* 00708 80893EF8 2404000F */  addiu   $a0, $zero, 0x000F         ## $a0 = 0000000F
/* 0070C 80893EFC 0C03FD14 */  jal     func_800FF450              
/* 00710 80893F00 2405001E */  addiu   $a1, $zero, 0x001E         ## $a1 = 0000001E
/* 00714 80893F04 8FA70018 */  lw      $a3, 0x0018($sp)           
/* 00718 80893F08 44802000 */  mtc1    $zero, $f4                 ## $f4 = 0.00
/* 0071C 80893F0C 3C0E8089 */  lui     $t6, %hi(func_80893F30)    ## $t6 = 80890000
/* 00720 80893F10 25CE3F30 */  addiu   $t6, $t6, %lo(func_80893F30) ## $t6 = 80893F30
/* 00724 80893F14 A4E202BC */  sh      $v0, 0x02BC($a3)           ## 000002BC
/* 00728 80893F18 ACEE02B4 */  sw      $t6, 0x02B4($a3)           ## 000002B4
/* 0072C 80893F1C E4E40070 */  swc1    $f4, 0x0070($a3)           ## 00000070
/* 00730 80893F20 8FBF0014 */  lw      $ra, 0x0014($sp)           
/* 00734 80893F24 27BD0018 */  addiu   $sp, $sp, 0x0018           ## $sp = 00000000
/* 00738 80893F28 03E00008 */  jr      $ra                        
/* 0073C 80893F2C 00000000 */  nop


glabel func_80893F30
/* 00740 80893F30 27BDFFE0 */  addiu   $sp, $sp, 0xFFE0           ## $sp = FFFFFFE0
/* 00744 80893F34 AFB00018 */  sw      $s0, 0x0018($sp)           
/* 00748 80893F38 00808025 */  or      $s0, $a0, $zero            ## $s0 = 00000000
/* 0074C 80893F3C AFBF001C */  sw      $ra, 0x001C($sp)           
/* 00750 80893F40 AFA50024 */  sw      $a1, 0x0024($sp)           
/* 00754 80893F44 0C04DB34 */  jal     func_80136CD0              
/* 00758 80893F48 26040144 */  addiu   $a0, $s0, 0x0144           ## $a0 = 00000144
/* 0075C 80893F4C 0C224EDC */  jal     func_80893B70              
/* 00760 80893F50 02002025 */  or      $a0, $s0, $zero            ## $a0 = 00000000
/* 00764 80893F54 860202BC */  lh      $v0, 0x02BC($s0)           ## 000002BC
/* 00768 80893F58 18400003 */  blez    $v0, .L80893F68            
/* 0076C 80893F5C 244EFFFF */  addiu   $t6, $v0, 0xFFFF           ## $t6 = FFFFFFFF
/* 00770 80893F60 10000016 */  beq     $zero, $zero, .L80893FBC   
/* 00774 80893F64 A60E02BC */  sh      $t6, 0x02BC($s0)           ## 000002BC
.L80893F68:
/* 00778 80893F68 0C04900F */  jal     func_8012403C              
/* 0077C 80893F6C 8FA40024 */  lw      $a0, 0x0024($sp)           
/* 00780 80893F70 24010010 */  addiu   $at, $zero, 0x0010         ## $at = 00000010
/* 00784 80893F74 10410011 */  beq     $v0, $at, .L80893FBC       
/* 00788 80893F78 3C014396 */  lui     $at, 0x4396                ## $at = 43960000
/* 0078C 80893F7C 44813000 */  mtc1    $at, $f6                   ## $f6 = 300.00
/* 00790 80893F80 C6040098 */  lwc1    $f4, 0x0098($s0)           ## 00000098
/* 00794 80893F84 3C0142A0 */  lui     $at, 0x42A0                ## $at = 42A00000
/* 00798 80893F88 4606203C */  c.lt.s  $f4, $f6                   
/* 0079C 80893F8C 00000000 */  nop
/* 007A0 80893F90 4502000B */  bc1fl   .L80893FC0                 
/* 007A4 80893F94 8FBF001C */  lw      $ra, 0x001C($sp)           
/* 007A8 80893F98 C608009C */  lwc1    $f8, 0x009C($s0)           ## 0000009C
/* 007AC 80893F9C 44815000 */  mtc1    $at, $f10                  ## $f10 = 80.00
/* 007B0 80893FA0 00000000 */  nop
/* 007B4 80893FA4 460A403C */  c.lt.s  $f8, $f10                  
/* 007B8 80893FA8 00000000 */  nop
/* 007BC 80893FAC 45020004 */  bc1fl   .L80893FC0                 
/* 007C0 80893FB0 8FBF001C */  lw      $ra, 0x001C($sp)           
/* 007C4 80893FB4 0C22517B */  jal     func_808945EC              
/* 007C8 80893FB8 02002025 */  or      $a0, $s0, $zero            ## $a0 = 00000000
.L80893FBC:
/* 007CC 80893FBC 8FBF001C */  lw      $ra, 0x001C($sp)           
.L80893FC0:
/* 007D0 80893FC0 8FB00018 */  lw      $s0, 0x0018($sp)           
/* 007D4 80893FC4 27BD0020 */  addiu   $sp, $sp, 0x0020           ## $sp = 00000000
/* 007D8 80893FC8 03E00008 */  jr      $ra                        
/* 007DC 80893FCC 00000000 */  nop


glabel func_80893FD0
/* 007E0 80893FD0 27BDFFE8 */  addiu   $sp, $sp, 0xFFE8           ## $sp = FFFFFFE8
/* 007E4 80893FD4 AFBF0014 */  sw      $ra, 0x0014($sp)           
/* 007E8 80893FD8 00803025 */  or      $a2, $a0, $zero            ## $a2 = 00000000
/* 007EC 80893FDC 3C050600 */  lui     $a1, 0x0600                ## $a1 = 06000000
/* 007F0 80893FE0 24A5083C */  addiu   $a1, $a1, 0x083C           ## $a1 = 0600083C
/* 007F4 80893FE4 24C40144 */  addiu   $a0, $a2, 0x0144           ## $a0 = 00000144
/* 007F8 80893FE8 0C04DD0C */  jal     func_80137430              
/* 007FC 80893FEC AFA60018 */  sw      $a2, 0x0018($sp)           
/* 00800 80893FF0 8FA60018 */  lw      $a2, 0x0018($sp)           
/* 00804 80893FF4 44800000 */  mtc1    $zero, $f0                 ## $f0 = 0.00
/* 00808 80893FF8 3C0F8089 */  lui     $t7, %hi(func_80894024)    ## $t7 = 80890000
/* 0080C 80893FFC 84CE00BE */  lh      $t6, 0x00BE($a2)           ## 000000BE
/* 00810 80894000 25EF4024 */  addiu   $t7, $t7, %lo(func_80894024) ## $t7 = 80894024
/* 00814 80894004 ACCF02B4 */  sw      $t7, 0x02B4($a2)           ## 000002B4
/* 00818 80894008 E4C00068 */  swc1    $f0, 0x0068($a2)           ## 00000068
/* 0081C 8089400C E4C00070 */  swc1    $f0, 0x0070($a2)           ## 00000070
/* 00820 80894010 A4CE0032 */  sh      $t6, 0x0032($a2)           ## 00000032
/* 00824 80894014 8FBF0014 */  lw      $ra, 0x0014($sp)           
/* 00828 80894018 27BD0018 */  addiu   $sp, $sp, 0x0018           ## $sp = 00000000
/* 0082C 8089401C 03E00008 */  jr      $ra                        
/* 00830 80894020 00000000 */  nop


glabel func_80894024
/* 00834 80894024 27BDFFE0 */  addiu   $sp, $sp, 0xFFE0           ## $sp = FFFFFFE0
/* 00838 80894028 AFB00018 */  sw      $s0, 0x0018($sp)           
/* 0083C 8089402C 00808025 */  or      $s0, $a0, $zero            ## $s0 = 00000000
/* 00840 80894030 AFBF001C */  sw      $ra, 0x001C($sp)           
/* 00844 80894034 AFA50024 */  sw      $a1, 0x0024($sp)           
/* 00848 80894038 0C04DB34 */  jal     func_80136CD0              
/* 0084C 8089403C 26040144 */  addiu   $a0, $s0, 0x0144           ## $a0 = 00000144
/* 00850 80894040 10400005 */  beq     $v0, $zero, .L80894058     
/* 00854 80894044 02002025 */  or      $a0, $s0, $zero            ## $a0 = 00000000
/* 00858 80894048 0C225023 */  jal     func_8089408C              
/* 0085C 8089404C 8FA50024 */  lw      $a1, 0x0024($sp)           
/* 00860 80894050 1000000A */  beq     $zero, $zero, .L8089407C   
/* 00864 80894054 8FBF001C */  lw      $ra, 0x001C($sp)           
.L80894058:
/* 00868 80894058 0C224EDC */  jal     func_80893B70              
/* 0086C 8089405C 02002025 */  or      $a0, $s0, $zero            ## $a0 = 00000000
/* 00870 80894060 260400BE */  addiu   $a0, $s0, 0x00BE           ## $a0 = 000000BE
/* 00874 80894064 86050092 */  lh      $a1, 0x0092($s0)           ## 00000092
/* 00878 80894068 0C03FB9C */  jal     func_800FEE70              
/* 0087C 8089406C 240603E8 */  addiu   $a2, $zero, 0x03E8         ## $a2 = 000003E8
/* 00880 80894070 860E00BE */  lh      $t6, 0x00BE($s0)           ## 000000BE
/* 00884 80894074 A60E0032 */  sh      $t6, 0x0032($s0)           ## 00000032
/* 00888 80894078 8FBF001C */  lw      $ra, 0x001C($sp)           
.L8089407C:
/* 0088C 8089407C 8FB00018 */  lw      $s0, 0x0018($sp)           
/* 00890 80894080 27BD0020 */  addiu   $sp, $sp, 0x0020           ## $sp = 00000000
/* 00894 80894084 03E00008 */  jr      $ra                        
/* 00898 80894088 00000000 */  nop


glabel func_8089408C
/* 0089C 8089408C 27BDFF80 */  addiu   $sp, $sp, 0xFF80           ## $sp = FFFFFF80
/* 008A0 80894090 AFBE0058 */  sw      $s8, 0x0058($sp)           
/* 008A4 80894094 AFB00038 */  sw      $s0, 0x0038($sp)           
/* 008A8 80894098 00808025 */  or      $s0, $a0, $zero            ## $s0 = 00000000
/* 008AC 8089409C 00A0F025 */  or      $s8, $a1, $zero            ## $s8 = 00000000
/* 008B0 808940A0 AFBF005C */  sw      $ra, 0x005C($sp)           
/* 008B4 808940A4 AFB70054 */  sw      $s7, 0x0054($sp)           
/* 008B8 808940A8 AFB60050 */  sw      $s6, 0x0050($sp)           
/* 008BC 808940AC AFB5004C */  sw      $s5, 0x004C($sp)           
/* 008C0 808940B0 AFB40048 */  sw      $s4, 0x0048($sp)           
/* 008C4 808940B4 AFB30044 */  sw      $s3, 0x0044($sp)           
/* 008C8 808940B8 AFB20040 */  sw      $s2, 0x0040($sp)           
/* 008CC 808940BC AFB1003C */  sw      $s1, 0x003C($sp)           
/* 008D0 808940C0 F7B60030 */  sdc1    $f22, 0x0030($sp)          
/* 008D4 808940C4 F7B40028 */  sdc1    $f20, 0x0028($sp)          
/* 008D8 808940C8 3C050600 */  lui     $a1, 0x0600                ## $a1 = 06000000
/* 008DC 808940CC 24A504F8 */  addiu   $a1, $a1, 0x04F8           ## $a1 = 060004F8
/* 008E0 808940D0 0C04DD0C */  jal     func_80137430              
/* 008E4 808940D4 26040144 */  addiu   $a0, $s0, 0x0144           ## $a0 = 00000144
/* 008E8 808940D8 0C224EB7 */  jal     func_80893ADC              
/* 008EC 808940DC 02002025 */  or      $a0, $s0, $zero            ## $a0 = 00000000
/* 008F0 808940E0 14400005 */  bne     $v0, $zero, .L808940F8     
/* 008F4 808940E4 02002025 */  or      $a0, $s0, $zero            ## $a0 = 00000000
/* 008F8 808940E8 0C02E3B2 */  jal     func_800B8EC8              
/* 008FC 808940EC 2405386C */  addiu   $a1, $zero, 0x386C         ## $a1 = 0000386C
/* 00900 808940F0 10000009 */  beq     $zero, $zero, .L80894118   
/* 00904 808940F4 44800000 */  mtc1    $zero, $f0                 ## $f0 = 0.00
.L808940F8:
/* 00908 808940F8 C6040028 */  lwc1    $f4, 0x0028($s0)           ## 00000028
/* 0090C 808940FC C606008C */  lwc1    $f6, 0x008C($s0)           ## 0000008C
/* 00910 80894100 02002025 */  or      $a0, $s0, $zero            ## $a0 = 00000000
/* 00914 80894104 2405388E */  addiu   $a1, $zero, 0x388E         ## $a1 = 0000388E
/* 00918 80894108 46062200 */  add.s   $f8, $f4, $f6              
/* 0091C 8089410C 0C02E3B2 */  jal     func_800B8EC8              
/* 00920 80894110 E6080028 */  swc1    $f8, 0x0028($s0)           ## 00000028
/* 00924 80894114 44800000 */  mtc1    $zero, $f0                 ## $f0 = 0.00
.L80894118:
/* 00928 80894118 C60A00C4 */  lwc1    $f10, 0x00C4($s0)          ## 000000C4
/* 0092C 8089411C 3C168089 */  lui     $s6, %hi(D_80896B40)       ## $s6 = 80890000
/* 00930 80894120 26D66B40 */  addiu   $s6, $s6, %lo(D_80896B40)  ## $s6 = 80896B40
/* 00934 80894124 4600503C */  c.lt.s  $f10, $f0                  
/* 00938 80894128 00008825 */  or      $s1, $zero, $zero          ## $s1 = 00000000
/* 0093C 8089412C 24170004 */  addiu   $s7, $zero, 0x0004         ## $s7 = 00000004
/* 00940 80894130 3C158089 */  lui     $s5, %hi(D_80896B3C)       ## $s5 = 80890000
/* 00944 80894134 45000042 */  bc1f    .L80894240                 
/* 00948 80894138 3C014100 */  lui     $at, 0x4100                ## $at = 41000000
/* 0094C 8089413C 3C014040 */  lui     $at, 0x4040                ## $at = 40400000
/* 00950 80894140 44818000 */  mtc1    $at, $f16                  ## $f16 = 3.00
/* 00954 80894144 3C014170 */  lui     $at, 0x4170                ## $at = 41700000
/* 00958 80894148 4481B000 */  mtc1    $at, $f22                  ## $f22 = 15.00
/* 0095C 8089414C 3C014148 */  lui     $at, 0x4148                ## $at = 41480000
/* 00960 80894150 3C148089 */  lui     $s4, %hi(D_80896B44)       ## $s4 = 80890000
/* 00964 80894154 E7B00068 */  swc1    $f16, 0x0068($sp)          
/* 00968 80894158 4481A000 */  mtc1    $at, $f20                  ## $f20 = 12.50
/* 0096C 8089415C E60000C4 */  swc1    $f0, 0x00C4($s0)           ## 000000C4
/* 00970 80894160 26946B44 */  addiu   $s4, $s4, %lo(D_80896B44)  ## $s4 = 80896B44
/* 00974 80894164 26B56B3C */  addiu   $s5, $s5, %lo(D_80896B3C)  ## $s5 = 80896B3C
/* 00978 80894168 27B30064 */  addiu   $s3, $sp, 0x0064           ## $s3 = FFFFFFE4
/* 0097C 8089416C 27B20070 */  addiu   $s2, $sp, 0x0070           ## $s2 = FFFFFFF0
.L80894170:
/* 00980 80894170 0C03FB61 */  jal     func_800FED84              
/* 00984 80894174 860400BE */  lh      $a0, 0x00BE($s0)           ## 000000BE
/* 00988 80894178 46000480 */  add.s   $f18, $f0, $f0             
/* 0098C 8089417C E7B20064 */  swc1    $f18, 0x0064($sp)          
/* 00990 80894180 0C03FB51 */  jal     func_800FED44              
/* 00994 80894184 860400BE */  lh      $a0, 0x00BE($s0)           ## 000000BE
/* 00998 80894188 C7A80064 */  lwc1    $f8, 0x0064($sp)           
/* 0099C 8089418C 46000100 */  add.s   $f4, $f0, $f0              
/* 009A0 80894190 240E01F4 */  addiu   $t6, $zero, 0x01F4         ## $t6 = 000001F4
/* 009A4 80894194 4608A282 */  mul.s   $f10, $f20, $f8            
/* 009A8 80894198 240F0032 */  addiu   $t7, $zero, 0x0032         ## $t7 = 00000032
/* 009AC 8089419C E7A4006C */  swc1    $f4, 0x006C($sp)           
/* 009B0 808941A0 C6060024 */  lwc1    $f6, 0x0024($s0)           ## 00000024
/* 009B4 808941A4 03C02025 */  or      $a0, $s8, $zero            ## $a0 = 00000000
/* 009B8 808941A8 02402825 */  or      $a1, $s2, $zero            ## $a1 = FFFFFFF0
/* 009BC 808941AC 02603025 */  or      $a2, $s3, $zero            ## $a2 = FFFFFFE4
/* 009C0 808941B0 460A3400 */  add.s   $f16, $f6, $f10            
/* 009C4 808941B4 C7A6006C */  lwc1    $f6, 0x006C($sp)           
/* 009C8 808941B8 02803825 */  or      $a3, $s4, $zero            ## $a3 = 80896B44
/* 009CC 808941BC E7B00070 */  swc1    $f16, 0x0070($sp)          
/* 009D0 808941C0 C6120028 */  lwc1    $f18, 0x0028($s0)          ## 00000028
/* 009D4 808941C4 4606A282 */  mul.s   $f10, $f20, $f6            
/* 009D8 808941C8 46169100 */  add.s   $f4, $f18, $f22            
/* 009DC 808941CC E7A40074 */  swc1    $f4, 0x0074($sp)           
/* 009E0 808941D0 C608002C */  lwc1    $f8, 0x002C($s0)           ## 0000002C
/* 009E4 808941D4 AFAF001C */  sw      $t7, 0x001C($sp)           
/* 009E8 808941D8 AFAE0018 */  sw      $t6, 0x0018($sp)           
/* 009EC 808941DC 460A4400 */  add.s   $f16, $f8, $f10            
/* 009F0 808941E0 AFB60014 */  sw      $s6, 0x0014($sp)           
/* 009F4 808941E4 AFB50010 */  sw      $s5, 0x0010($sp)           
/* 009F8 808941E8 0C02C378 */  jal     func_800B0DE0              
/* 009FC 808941EC E7B00078 */  swc1    $f16, 0x0078($sp)          
/* 00A00 808941F0 861800BE */  lh      $t8, 0x00BE($s0)           ## 000000BE
/* 00A04 808941F4 26310001 */  addiu   $s1, $s1, 0x0001           ## $s1 = 00000001
/* 00A08 808941F8 27194000 */  addiu   $t9, $t8, 0x4000           ## $t9 = 00004000
/* 00A0C 808941FC 1637FFDC */  bne     $s1, $s7, .L80894170       
/* 00A10 80894200 A61900BE */  sh      $t9, 0x00BE($s0)           ## 000000BE
/* 00A14 80894204 86080092 */  lh      $t0, 0x0092($s0)           ## 00000092
/* 00A18 80894208 8E0B0004 */  lw      $t3, 0x0004($s0)           ## 00000004
/* 00A1C 8089420C 3C014120 */  lui     $at, 0x4120                ## $at = 41200000
/* 00A20 80894210 A60800BE */  sh      $t0, 0x00BE($s0)           ## 000000BE
/* 00A24 80894214 860900BE */  lh      $t1, 0x00BE($s0)           ## 000000BE
/* 00A28 80894218 44819000 */  mtc1    $at, $f18                  ## $f18 = 10.00
/* 00A2C 8089421C 3C0A800B */  lui     $t2, 0x800B                ## $t2 = 800B0000
/* 00A30 80894220 254A3FC0 */  addiu   $t2, $t2, 0x3FC0           ## $t2 = 800B3FC0
/* 00A34 80894224 356C0001 */  ori     $t4, $t3, 0x0001           ## $t4 = 00000001
/* 00A38 80894228 AE0A00C8 */  sw      $t2, 0x00C8($s0)           ## 000000C8
/* 00A3C 8089422C AE0C0004 */  sw      $t4, 0x0004($s0)           ## 00000004
/* 00A40 80894230 A6090032 */  sh      $t1, 0x0032($s0)           ## 00000032
/* 00A44 80894234 E6120068 */  swc1    $f18, 0x0068($s0)          ## 00000068
/* 00A48 80894238 10000005 */  beq     $zero, $zero, .L80894250   
/* 00A4C 8089423C 3C01BF80 */  lui     $at, 0xBF80                ## $at = BF800000
.L80894240:
/* 00A50 80894240 44812000 */  mtc1    $at, $f4                   ## $f4 = -1.00
/* 00A54 80894244 00000000 */  nop
/* 00A58 80894248 E6040068 */  swc1    $f4, 0x0068($s0)           ## 00000068
/* 00A5C 8089424C 3C01BF80 */  lui     $at, 0xBF80                ## $at = BF800000
.L80894250:
/* 00A60 80894250 44813000 */  mtc1    $at, $f6                   ## $f6 = -1.00
/* 00A64 80894254 960D0090 */  lhu     $t5, 0x0090($s0)           ## 00000090
/* 00A68 80894258 3C014080 */  lui     $at, 0x4080                ## $at = 40800000
/* 00A6C 8089425C 44814000 */  mtc1    $at, $f8                   ## $f8 = 4.00
/* 00A70 80894260 3C0F8089 */  lui     $t7, %hi(func_808942B4)    ## $t7 = 80890000
/* 00A74 80894264 25EF42B4 */  addiu   $t7, $t7, %lo(func_808942B4) ## $t7 = 808942B4
/* 00A78 80894268 31AEFF9C */  andi    $t6, $t5, 0xFF9C           ## $t6 = 00000000
/* 00A7C 8089426C A60E0090 */  sh      $t6, 0x0090($s0)           ## 00000090
/* 00A80 80894270 AE0F02B4 */  sw      $t7, 0x02B4($s0)           ## 000002B4
/* 00A84 80894274 E6060074 */  swc1    $f6, 0x0074($s0)           ## 00000074
/* 00A88 80894278 E6080070 */  swc1    $f8, 0x0070($s0)           ## 00000070
/* 00A8C 8089427C 8FBF005C */  lw      $ra, 0x005C($sp)           
/* 00A90 80894280 D7B40028 */  ldc1    $f20, 0x0028($sp)          
/* 00A94 80894284 D7B60030 */  ldc1    $f22, 0x0030($sp)          
/* 00A98 80894288 8FB00038 */  lw      $s0, 0x0038($sp)           
/* 00A9C 8089428C 8FB1003C */  lw      $s1, 0x003C($sp)           
/* 00AA0 80894290 8FB20040 */  lw      $s2, 0x0040($sp)           
/* 00AA4 80894294 8FB30044 */  lw      $s3, 0x0044($sp)           
/* 00AA8 80894298 8FB40048 */  lw      $s4, 0x0048($sp)           
/* 00AAC 8089429C 8FB5004C */  lw      $s5, 0x004C($sp)           
/* 00AB0 808942A0 8FB60050 */  lw      $s6, 0x0050($sp)           
/* 00AB4 808942A4 8FB70054 */  lw      $s7, 0x0054($sp)           
/* 00AB8 808942A8 8FBE0058 */  lw      $s8, 0x0058($sp)           
/* 00ABC 808942AC 03E00008 */  jr      $ra                        
/* 00AC0 808942B0 27BD0080 */  addiu   $sp, $sp, 0x0080           ## $sp = 00000000


glabel func_808942B4
/* 00AC4 808942B4 27BDFFE0 */  addiu   $sp, $sp, 0xFFE0           ## $sp = FFFFFFE0
/* 00AC8 808942B8 AFB00018 */  sw      $s0, 0x0018($sp)           
/* 00ACC 808942BC 00808025 */  or      $s0, $a0, $zero            ## $s0 = 00000000
/* 00AD0 808942C0 AFBF001C */  sw      $ra, 0x001C($sp)           
/* 00AD4 808942C4 AFA50024 */  sw      $a1, 0x0024($sp)           
/* 00AD8 808942C8 0C04DB34 */  jal     func_80136CD0              
/* 00ADC 808942CC 26040144 */  addiu   $a0, $s0, 0x0144           ## $a0 = 00000144
/* 00AE0 808942D0 960E0090 */  lhu     $t6, 0x0090($s0)           ## 00000090
/* 00AE4 808942D4 8FA70024 */  lw      $a3, 0x0024($sp)           
/* 00AE8 808942D8 31CF0001 */  andi    $t7, $t6, 0x0001           ## $t7 = 00000000
/* 00AEC 808942DC 55E0000C */  bnel    $t7, $zero, .L80894310     
/* 00AF0 808942E0 44800000 */  mtc1    $zero, $f0                 ## $f0 = 0.00
/* 00AF4 808942E4 0C224EB7 */  jal     func_80893ADC              
/* 00AF8 808942E8 02002025 */  or      $a0, $s0, $zero            ## $a0 = 00000000
/* 00AFC 808942EC 10400031 */  beq     $v0, $zero, .L808943B4     
/* 00B00 808942F0 8FA70024 */  lw      $a3, 0x0024($sp)           
/* 00B04 808942F4 44800000 */  mtc1    $zero, $f0                 ## $f0 = 0.00
/* 00B08 808942F8 C604008C */  lwc1    $f4, 0x008C($s0)           ## 0000008C
/* 00B0C 808942FC 4604003C */  c.lt.s  $f0, $f4                   
/* 00B10 80894300 00000000 */  nop
/* 00B14 80894304 4502002C */  bc1fl   .L808943B8                 
/* 00B18 80894308 920203BC */  lbu     $v0, 0x03BC($s0)           ## 000003BC
/* 00B1C 8089430C 44800000 */  mtc1    $zero, $f0                 ## $f0 = 0.00
.L80894310:
/* 00B20 80894310 C6060068 */  lwc1    $f6, 0x0068($s0)           ## 00000068
/* 00B24 80894314 4600303E */  c.le.s  $f6, $f0                   
/* 00B28 80894318 00000000 */  nop
/* 00B2C 8089431C 45020026 */  bc1fl   .L808943B8                 
/* 00B30 80894320 920203BC */  lbu     $v0, 0x03BC($s0)           ## 000003BC
/* 00B34 80894324 921803BC */  lbu     $t8, 0x03BC($s0)           ## 000003BC
/* 00B38 80894328 E6000070 */  swc1    $f0, 0x0070($s0)           ## 00000070
/* 00B3C 8089432C 02002025 */  or      $a0, $s0, $zero            ## $a0 = 00000000
/* 00B40 80894330 3319FFFD */  andi    $t9, $t8, 0xFFFD           ## $t9 = 00000000
/* 00B44 80894334 0C224EB7 */  jal     func_80893ADC              
/* 00B48 80894338 A21903BC */  sb      $t9, 0x03BC($s0)           ## 000003BC
/* 00B4C 8089433C 44800000 */  mtc1    $zero, $f0                 ## $f0 = 0.00
/* 00B50 80894340 14400008 */  bne     $v0, $zero, .L80894364     
/* 00B54 80894344 8FA70024 */  lw      $a3, 0x0024($sp)           
/* 00B58 80894348 02002025 */  or      $a0, $s0, $zero            ## $a0 = 00000000
/* 00B5C 8089434C 0C224EF3 */  jal     func_80893BCC              
/* 00B60 80894350 00E02825 */  or      $a1, $a3, $zero            ## $a1 = 00000000
/* 00B64 80894354 0C225105 */  jal     func_80894414              
/* 00B68 80894358 02002025 */  or      $a0, $s0, $zero            ## $a0 = 00000000
/* 00B6C 8089435C 10000029 */  beq     $zero, $zero, .L80894404   
/* 00B70 80894360 8FBF001C */  lw      $ra, 0x001C($sp)           
.L80894364:
/* 00B74 80894364 3C01C100 */  lui     $at, 0xC100                ## $at = C1000000
/* 00B78 80894368 44815000 */  mtc1    $at, $f10                  ## $f10 = -8.00
/* 00B7C 8089436C C6080068 */  lwc1    $f8, 0x0068($s0)           ## 00000068
/* 00B80 80894370 E6000074 */  swc1    $f0, 0x0074($s0)           ## 00000074
/* 00B84 80894374 02002025 */  or      $a0, $s0, $zero            ## $a0 = 00000000
/* 00B88 80894378 460A403C */  c.lt.s  $f8, $f10                  
/* 00B8C 8089437C 2405388F */  addiu   $a1, $zero, 0x388F         ## $a1 = 0000388F
/* 00B90 80894380 45000006 */  bc1f    .L8089439C                 
/* 00B94 80894384 00000000 */  nop
/* 00B98 80894388 02002025 */  or      $a0, $s0, $zero            ## $a0 = 00000000
/* 00B9C 8089438C 0C22514B */  jal     func_8089452C              
/* 00BA0 80894390 00E02825 */  or      $a1, $a3, $zero            ## $a1 = 00000000
/* 00BA4 80894394 1000001B */  beq     $zero, $zero, .L80894404   
/* 00BA8 80894398 8FBF001C */  lw      $ra, 0x001C($sp)           
.L8089439C:
/* 00BAC 8089439C 0C02E3B2 */  jal     func_800B8EC8              
/* 00BB0 808943A0 E6000068 */  swc1    $f0, 0x0068($s0)           ## 00000068
/* 00BB4 808943A4 0C225105 */  jal     func_80894414              
/* 00BB8 808943A8 02002025 */  or      $a0, $s0, $zero            ## $a0 = 00000000
/* 00BBC 808943AC 10000015 */  beq     $zero, $zero, .L80894404   
/* 00BC0 808943B0 8FBF001C */  lw      $ra, 0x001C($sp)           
.L808943B4:
/* 00BC4 808943B4 920203BC */  lbu     $v0, 0x03BC($s0)           ## 000003BC
.L808943B8:
/* 00BC8 808943B8 3C010100 */  lui     $at, 0x0100                ## $at = 01000000
/* 00BCC 808943BC 02002025 */  or      $a0, $s0, $zero            ## $a0 = 00000000
/* 00BD0 808943C0 30480002 */  andi    $t0, $v0, 0x0002           ## $t0 = 00000000
/* 00BD4 808943C4 1500000C */  bne     $t0, $zero, .L808943F8     
/* 00BD8 808943C8 304BFFFD */  andi    $t3, $v0, 0xFFFD           ## $t3 = 00000000
/* 00BDC 808943CC 8E090004 */  lw      $t1, 0x0004($s0)           ## 00000004
/* 00BE0 808943D0 00E02025 */  or      $a0, $a3, $zero            ## $a0 = 00000000
/* 00BE4 808943D4 260603AC */  addiu   $a2, $s0, 0x03AC           ## $a2 = 000003AC
/* 00BE8 808943D8 01215025 */  or      $t2, $t1, $at              ## $t2 = 01000000
/* 00BEC 808943DC 3C010001 */  lui     $at, 0x0001                ## $at = 00010000
/* 00BF0 808943E0 34218884 */  ori     $at, $at, 0x8884           ## $at = 00018884
/* 00BF4 808943E4 AE0A0004 */  sw      $t2, 0x0004($s0)           ## 00000004
/* 00BF8 808943E8 0C038956 */  jal     func_800E2558              
/* 00BFC 808943EC 00E12821 */  addu    $a1, $a3, $at              
/* 00C00 808943F0 10000004 */  beq     $zero, $zero, .L80894404   
/* 00C04 808943F4 8FBF001C */  lw      $ra, 0x001C($sp)           
.L808943F8:
/* 00C08 808943F8 0C2252CB */  jal     func_80894B2C              
/* 00C0C 808943FC A20B03BC */  sb      $t3, 0x03BC($s0)           ## 000003BC
/* 00C10 80894400 8FBF001C */  lw      $ra, 0x001C($sp)           
.L80894404:
/* 00C14 80894404 8FB00018 */  lw      $s0, 0x0018($sp)           
/* 00C18 80894408 27BD0020 */  addiu   $sp, $sp, 0x0020           ## $sp = 00000000
/* 00C1C 8089440C 03E00008 */  jr      $ra                        
/* 00C20 80894410 00000000 */  nop


glabel func_80894414
/* 00C24 80894414 27BDFFE8 */  addiu   $sp, $sp, 0xFFE8           ## $sp = FFFFFFE8
/* 00C28 80894418 AFBF0014 */  sw      $ra, 0x0014($sp)           
/* 00C2C 8089441C AFA40018 */  sw      $a0, 0x0018($sp)           
/* 00C30 80894420 8FA40018 */  lw      $a0, 0x0018($sp)           
/* 00C34 80894424 3C050600 */  lui     $a1, 0x0600                ## $a1 = 06000000
/* 00C38 80894428 24A5069C */  addiu   $a1, $a1, 0x069C           ## $a1 = 0600069C
/* 00C3C 8089442C 0C04DD0C */  jal     func_80137430              
/* 00C40 80894430 24840144 */  addiu   $a0, $a0, 0x0144           ## $a0 = 00000144
/* 00C44 80894434 8FAF0018 */  lw      $t7, 0x0018($sp)           
/* 00C48 80894438 3C0E8089 */  lui     $t6, %hi(func_80894454)    ## $t6 = 80890000
/* 00C4C 8089443C 25CE4454 */  addiu   $t6, $t6, %lo(func_80894454) ## $t6 = 80894454
/* 00C50 80894440 ADEE02B4 */  sw      $t6, 0x02B4($t7)           ## 000002B4
/* 00C54 80894444 8FBF0014 */  lw      $ra, 0x0014($sp)           
/* 00C58 80894448 27BD0018 */  addiu   $sp, $sp, 0x0018           ## $sp = 00000000
/* 00C5C 8089444C 03E00008 */  jr      $ra                        
/* 00C60 80894450 00000000 */  nop


glabel func_80894454
/* 00C64 80894454 27BDFFE0 */  addiu   $sp, $sp, 0xFFE0           ## $sp = FFFFFFE0
/* 00C68 80894458 AFB00018 */  sw      $s0, 0x0018($sp)           
/* 00C6C 8089445C 00808025 */  or      $s0, $a0, $zero            ## $s0 = 00000000
/* 00C70 80894460 AFBF001C */  sw      $ra, 0x001C($sp)           
/* 00C74 80894464 AFA50024 */  sw      $a1, 0x0024($sp)           
/* 00C78 80894468 0C04DB34 */  jal     func_80136CD0              
/* 00C7C 8089446C 26040144 */  addiu   $a0, $s0, 0x0144           ## $a0 = 00000144
/* 00C80 80894470 10400024 */  beq     $v0, $zero, .L80894504     
/* 00C84 80894474 26040032 */  addiu   $a0, $s0, 0x0032           ## $a0 = 00000032
/* 00C88 80894478 0C04900F */  jal     func_8012403C              
/* 00C8C 8089447C 8FA40024 */  lw      $a0, 0x0024($sp)           
/* 00C90 80894480 24010010 */  addiu   $at, $zero, 0x0010         ## $at = 00000010
/* 00C94 80894484 1041000F */  beq     $v0, $at, .L808944C4       
/* 00C98 80894488 3C0143E1 */  lui     $at, 0x43E1                ## $at = 43E10000
/* 00C9C 8089448C 44812000 */  mtc1    $at, $f4                   ## $f4 = 450.00
/* 00CA0 80894490 C6060098 */  lwc1    $f6, 0x0098($s0)           ## 00000098
/* 00CA4 80894494 3C0142A0 */  lui     $at, 0x42A0                ## $at = 42A00000
/* 00CA8 80894498 4606203C */  c.lt.s  $f4, $f6                   
/* 00CAC 8089449C 00000000 */  nop
/* 00CB0 808944A0 45010008 */  bc1t    .L808944C4                 
/* 00CB4 808944A4 00000000 */  nop
/* 00CB8 808944A8 44814000 */  mtc1    $at, $f8                   ## $f8 = 80.00
/* 00CBC 808944AC C60A009C */  lwc1    $f10, 0x009C($s0)          ## 0000009C
/* 00CC0 808944B0 02002025 */  or      $a0, $s0, $zero            ## $a0 = 00000000
/* 00CC4 808944B4 460A403C */  c.lt.s  $f8, $f10                  
/* 00CC8 808944B8 00000000 */  nop
/* 00CCC 808944BC 45000005 */  bc1f    .L808944D4                 
/* 00CD0 808944C0 00000000 */  nop
.L808944C4:
/* 00CD4 808944C4 0C224FB5 */  jal     func_80893ED4              
/* 00CD8 808944C8 02002025 */  or      $a0, $s0, $zero            ## $a0 = 00000000
/* 00CDC 808944CC 10000013 */  beq     $zero, $zero, .L8089451C   
/* 00CE0 808944D0 8FBF001C */  lw      $ra, 0x001C($sp)           
.L808944D4:
/* 00CE4 808944D4 0C02DCF8 */  jal     func_800B73E0              
/* 00CE8 808944D8 24052328 */  addiu   $a1, $zero, 0x2328         ## $a1 = 00002328
/* 00CEC 808944DC 14400005 */  bne     $v0, $zero, .L808944F4     
/* 00CF0 808944E0 02002025 */  or      $a0, $s0, $zero            ## $a0 = 00000000
/* 00CF4 808944E4 0C22517B */  jal     func_808945EC              
/* 00CF8 808944E8 02002025 */  or      $a0, $s0, $zero            ## $a0 = 00000000
/* 00CFC 808944EC 1000000B */  beq     $zero, $zero, .L8089451C   
/* 00D00 808944F0 8FBF001C */  lw      $ra, 0x001C($sp)           
.L808944F4:
/* 00D04 808944F4 0C224EA7 */  jal     func_80893A9C              
/* 00D08 808944F8 8FA50024 */  lw      $a1, 0x0024($sp)           
/* 00D0C 808944FC 10000007 */  beq     $zero, $zero, .L8089451C   
/* 00D10 80894500 8FBF001C */  lw      $ra, 0x001C($sp)           
.L80894504:
/* 00D14 80894504 86050092 */  lh      $a1, 0x0092($s0)           ## 00000092
/* 00D18 80894508 0C03FB9C */  jal     func_800FEE70              
/* 00D1C 8089450C 240605DC */  addiu   $a2, $zero, 0x05DC         ## $a2 = 000005DC
/* 00D20 80894510 0C224EDC */  jal     func_80893B70              
/* 00D24 80894514 02002025 */  or      $a0, $s0, $zero            ## $a0 = 00000000
/* 00D28 80894518 8FBF001C */  lw      $ra, 0x001C($sp)           
.L8089451C:
/* 00D2C 8089451C 8FB00018 */  lw      $s0, 0x0018($sp)           
/* 00D30 80894520 27BD0020 */  addiu   $sp, $sp, 0x0020           ## $sp = 00000000
/* 00D34 80894524 03E00008 */  jr      $ra                        
/* 00D38 80894528 00000000 */  nop


glabel func_8089452C
/* 00D3C 8089452C 27BDFFC8 */  addiu   $sp, $sp, 0xFFC8           ## $sp = FFFFFFC8
/* 00D40 80894530 AFB00020 */  sw      $s0, 0x0020($sp)           
/* 00D44 80894534 00808025 */  or      $s0, $a0, $zero            ## $s0 = 00000000
/* 00D48 80894538 AFBF0024 */  sw      $ra, 0x0024($sp)           
/* 00D4C 8089453C AFA5003C */  sw      $a1, 0x003C($sp)           
/* 00D50 80894540 27A4002C */  addiu   $a0, $sp, 0x002C           ## $a0 = FFFFFFF4
/* 00D54 80894544 0C03FD43 */  jal     func_800FF50C              
/* 00D58 80894548 26050024 */  addiu   $a1, $s0, 0x0024           ## $a1 = 00000024
/* 00D5C 8089454C C7A40030 */  lwc1    $f4, 0x0030($sp)           
/* 00D60 80894550 C606008C */  lwc1    $f6, 0x008C($s0)           ## 0000008C
/* 00D64 80894554 3C013F40 */  lui     $at, 0x3F40                ## $at = 3F400000
/* 00D68 80894558 44818000 */  mtc1    $at, $f16                  ## $f16 = 0.75
/* 00D6C 8089455C 46062200 */  add.s   $f8, $f4, $f6              
/* 00D70 80894560 27A5002C */  addiu   $a1, $sp, 0x002C           ## $a1 = FFFFFFF4
/* 00D74 80894564 00003025 */  or      $a2, $zero, $zero          ## $a2 = 00000000
/* 00D78 80894568 240701F4 */  addiu   $a3, $zero, 0x01F4         ## $a3 = 000001F4
/* 00D7C 8089456C E7A80030 */  swc1    $f8, 0x0030($sp)           
/* 00D80 80894570 C60A0068 */  lwc1    $f10, 0x0068($s0)          ## 00000068
/* 00D84 80894574 46105482 */  mul.s   $f18, $f10, $f16           
/* 00D88 80894578 E6120068 */  swc1    $f18, 0x0068($s0)          ## 00000068
/* 00D8C 8089457C AFA00010 */  sw      $zero, 0x0010($sp)         
/* 00D90 80894580 0C02C7BD */  jal     func_800B1EF4              
/* 00D94 80894584 8FA4003C */  lw      $a0, 0x003C($sp)           
/* 00D98 80894588 02002025 */  or      $a0, $s0, $zero            ## $a0 = 00000000
/* 00D9C 8089458C 0C02E3B2 */  jal     func_800B8EC8              
/* 00DA0 80894590 2405388A */  addiu   $a1, $zero, 0x388A         ## $a1 = 0000388A
/* 00DA4 80894594 3C0E8089 */  lui     $t6, %hi(func_808945B4)    ## $t6 = 80890000
/* 00DA8 80894598 25CE45B4 */  addiu   $t6, $t6, %lo(func_808945B4) ## $t6 = 808945B4
/* 00DAC 8089459C AE0E02B4 */  sw      $t6, 0x02B4($s0)           ## 000002B4
/* 00DB0 808945A0 8FBF0024 */  lw      $ra, 0x0024($sp)           
/* 00DB4 808945A4 8FB00020 */  lw      $s0, 0x0020($sp)           
/* 00DB8 808945A8 27BD0038 */  addiu   $sp, $sp, 0x0038           ## $sp = 00000000
/* 00DBC 808945AC 03E00008 */  jr      $ra                        
/* 00DC0 808945B0 00000000 */  nop


glabel func_808945B4
/* 00DC4 808945B4 27BDFFE8 */  addiu   $sp, $sp, 0xFFE8           ## $sp = FFFFFFE8
/* 00DC8 808945B8 AFBF0014 */  sw      $ra, 0x0014($sp)           
/* 00DCC 808945BC AFA40018 */  sw      $a0, 0x0018($sp)           
/* 00DD0 808945C0 AFA5001C */  sw      $a1, 0x001C($sp)           
/* 00DD4 808945C4 0C224EC4 */  jal     func_80893B10              
/* 00DD8 808945C8 8FA40018 */  lw      $a0, 0x0018($sp)           
/* 00DDC 808945CC 50400004 */  beql    $v0, $zero, .L808945E0     
/* 00DE0 808945D0 8FBF0014 */  lw      $ra, 0x0014($sp)           
/* 00DE4 808945D4 0C225105 */  jal     func_80894414              
/* 00DE8 808945D8 8FA40018 */  lw      $a0, 0x0018($sp)           
/* 00DEC 808945DC 8FBF0014 */  lw      $ra, 0x0014($sp)           
.L808945E0:
/* 00DF0 808945E0 27BD0018 */  addiu   $sp, $sp, 0x0018           ## $sp = 00000000
/* 00DF4 808945E4 03E00008 */  jr      $ra                        
/* 00DF8 808945E8 00000000 */  nop


glabel func_808945EC
/* 00DFC 808945EC 27BDFFE8 */  addiu   $sp, $sp, 0xFFE8           ## $sp = FFFFFFE8
/* 00E00 808945F0 AFBF0014 */  sw      $ra, 0x0014($sp)           
/* 00E04 808945F4 00803025 */  or      $a2, $a0, $zero            ## $a2 = 00000000
/* 00E08 808945F8 3C050600 */  lui     $a1, 0x0600                ## $a1 = 06000000
/* 00E0C 808945FC 24A50A14 */  addiu   $a1, $a1, 0x0A14           ## $a1 = 06000A14
/* 00E10 80894600 24C40144 */  addiu   $a0, $a2, 0x0144           ## $a0 = 00000144
/* 00E14 80894604 0C04DD50 */  jal     func_80137540              
/* 00E18 80894608 AFA60018 */  sw      $a2, 0x0018($sp)           
/* 00E1C 8089460C 8FA60018 */  lw      $a2, 0x0018($sp)           
/* 00E20 80894610 44800000 */  mtc1    $zero, $f0                 ## $f0 = 0.00
/* 00E24 80894614 3C0E8089 */  lui     $t6, %hi(func_80894638)    ## $t6 = 80890000
/* 00E28 80894618 25CE4638 */  addiu   $t6, $t6, %lo(func_80894638) ## $t6 = 80894638
/* 00E2C 8089461C ACCE02B4 */  sw      $t6, 0x02B4($a2)           ## 000002B4
/* 00E30 80894620 E4C00070 */  swc1    $f0, 0x0070($a2)           ## 00000070
/* 00E34 80894624 E4C00068 */  swc1    $f0, 0x0068($a2)           ## 00000068
/* 00E38 80894628 8FBF0014 */  lw      $ra, 0x0014($sp)           
/* 00E3C 8089462C 27BD0018 */  addiu   $sp, $sp, 0x0018           ## $sp = 00000000
/* 00E40 80894630 03E00008 */  jr      $ra                        
/* 00E44 80894634 00000000 */  nop


glabel func_80894638
/* 00E48 80894638 27BDFFD0 */  addiu   $sp, $sp, 0xFFD0           ## $sp = FFFFFFD0
/* 00E4C 8089463C AFB00018 */  sw      $s0, 0x0018($sp)           
/* 00E50 80894640 00808025 */  or      $s0, $a0, $zero            ## $s0 = 00000000
/* 00E54 80894644 AFBF001C */  sw      $ra, 0x001C($sp)           
/* 00E58 80894648 AFA50034 */  sw      $a1, 0x0034($sp)           
/* 00E5C 8089464C 0C224EDC */  jal     func_80893B70              
/* 00E60 80894650 02002025 */  or      $a0, $s0, $zero            ## $a0 = 00000000
/* 00E64 80894654 860500BE */  lh      $a1, 0x00BE($s0)           ## 000000BE
/* 00E68 80894658 860E0092 */  lh      $t6, 0x0092($s0)           ## 00000092
/* 00E6C 8089465C 01C51023 */  subu    $v0, $t6, $a1              
/* 00E70 80894660 00021400 */  sll     $v0, $v0, 16               
/* 00E74 80894664 00021403 */  sra     $v0, $v0, 16               
/* 00E78 80894668 5840000E */  blezl   $v0, .L808946A4            
/* 00E7C 8089466C 44829000 */  mtc1    $v0, $f18                  ## $f18 = 0.00
/* 00E80 80894670 44822000 */  mtc1    $v0, $f4                   ## $f4 = 0.00
/* 00E84 80894674 3C018089 */  lui     $at, %hi(D_80896BB8)       ## $at = 80890000
/* 00E88 80894678 C4286BB8 */  lwc1    $f8, %lo(D_80896BB8)($at)  
/* 00E8C 8089467C 468021A0 */  cvt.s.w $f6, $f4                   
/* 00E90 80894680 46083282 */  mul.s   $f10, $f6, $f8             
/* 00E94 80894684 4600540D */  trunc.w.s $f16, $f10                 
/* 00E98 80894688 44038000 */  mfc1    $v1, $f16                  
/* 00E9C 8089468C 00000000 */  nop
/* 00EA0 80894690 2463000A */  addiu   $v1, $v1, 0x000A           ## $v1 = 0000000A
/* 00EA4 80894694 00031C00 */  sll     $v1, $v1, 16               
/* 00EA8 80894698 1000000C */  beq     $zero, $zero, .L808946CC   
/* 00EAC 8089469C 00031C03 */  sra     $v1, $v1, 16               
/* 00EB0 808946A0 44829000 */  mtc1    $v0, $f18                  ## $f18 = 0.00
.L808946A4:
/* 00EB4 808946A4 3C018089 */  lui     $at, %hi(D_80896BBC)       ## $at = 80890000
/* 00EB8 808946A8 C4266BBC */  lwc1    $f6, %lo(D_80896BBC)($at)  
/* 00EBC 808946AC 46809120 */  cvt.s.w $f4, $f18                  
/* 00EC0 808946B0 46062202 */  mul.s   $f8, $f4, $f6              
/* 00EC4 808946B4 4600428D */  trunc.w.s $f10, $f8                  
/* 00EC8 808946B8 44035000 */  mfc1    $v1, $f10                  
/* 00ECC 808946BC 00000000 */  nop
/* 00ED0 808946C0 2463FFF6 */  addiu   $v1, $v1, 0xFFF6           ## $v1 = 00000000
/* 00ED4 808946C4 00031C00 */  sll     $v1, $v1, 16               
/* 00ED8 808946C8 00031C03 */  sra     $v1, $v1, 16               
.L808946CC:
/* 00EDC 808946CC 0003C840 */  sll     $t9, $v1,  1               
/* 00EE0 808946D0 44838000 */  mtc1    $v1, $f16                  ## $f16 = 0.00
/* 00EE4 808946D4 00B94021 */  addu    $t0, $a1, $t9              
/* 00EE8 808946D8 A60800BE */  sh      $t0, 0x00BE($s0)           ## 000000BE
/* 00EEC 808946DC 860900BE */  lh      $t1, 0x00BE($s0)           ## 000000BE
/* 00EF0 808946E0 468084A0 */  cvt.s.w $f18, $f16                 
/* 00EF4 808946E4 3C018089 */  lui     $at, %hi(D_80896BC0)       ## $at = 80890000
/* 00EF8 808946E8 A6090032 */  sh      $t1, 0x0032($s0)           ## 00000032
/* 00EFC 808946EC C4246BC0 */  lwc1    $f4, %lo(D_80896BC0)($at)  
/* 00F00 808946F0 26040144 */  addiu   $a0, $s0, 0x0144           ## $a0 = 00000144
/* 00F04 808946F4 46049182 */  mul.s   $f6, $f18, $f4             
/* 00F08 808946F8 E6060160 */  swc1    $f6, 0x0160($s0)           ## 00000160
/* 00F0C 808946FC 0C04DB34 */  jal     func_80136CD0              
/* 00F10 80894700 AFA40024 */  sw      $a0, 0x0024($sp)           
/* 00F14 80894704 8FA40024 */  lw      $a0, 0x0024($sp)           
/* 00F18 80894708 0C04DE2E */  jal     func_801378B8              
/* 00F1C 8089470C 3C0540E0 */  lui     $a1, 0x40E0                ## $a1 = 40E00000
/* 00F20 80894710 1040000C */  beq     $v0, $zero, .L80894744     
/* 00F24 80894714 00000000 */  nop
/* 00F28 80894718 0C224EB7 */  jal     func_80893ADC              
/* 00F2C 8089471C 02002025 */  or      $a0, $s0, $zero            ## $a0 = 00000000
/* 00F30 80894720 10400006 */  beq     $v0, $zero, .L8089473C     
/* 00F34 80894724 02002025 */  or      $a0, $s0, $zero            ## $a0 = 00000000
/* 00F38 80894728 02002025 */  or      $a0, $s0, $zero            ## $a0 = 00000000
/* 00F3C 8089472C 0C02E3B2 */  jal     func_800B8EC8              
/* 00F40 80894730 24053835 */  addiu   $a1, $zero, 0x3835         ## $a1 = 00003835
/* 00F44 80894734 10000003 */  beq     $zero, $zero, .L80894744   
/* 00F48 80894738 00000000 */  nop
.L8089473C:
/* 00F4C 8089473C 0C02E3B2 */  jal     func_800B8EC8              
/* 00F50 80894740 2405386F */  addiu   $a1, $zero, 0x386F         ## $a1 = 0000386F
.L80894744:
/* 00F54 80894744 0C04900F */  jal     func_8012403C              
/* 00F58 80894748 8FA40034 */  lw      $a0, 0x0034($sp)           
/* 00F5C 8089474C 24010010 */  addiu   $at, $zero, 0x0010         ## $at = 00000010
/* 00F60 80894750 1041000E */  beq     $v0, $at, .L8089478C       
/* 00F64 80894754 3C0143E1 */  lui     $at, 0x43E1                ## $at = 43E10000
/* 00F68 80894758 44814000 */  mtc1    $at, $f8                   ## $f8 = 450.00
/* 00F6C 8089475C C60A0098 */  lwc1    $f10, 0x0098($s0)          ## 00000098
/* 00F70 80894760 3C0142A0 */  lui     $at, 0x42A0                ## $at = 42A00000
/* 00F74 80894764 460A403C */  c.lt.s  $f8, $f10                  
/* 00F78 80894768 00000000 */  nop
/* 00F7C 8089476C 45010007 */  bc1t    .L8089478C                 
/* 00F80 80894770 00000000 */  nop
/* 00F84 80894774 44818000 */  mtc1    $at, $f16                  ## $f16 = 80.00
/* 00F88 80894778 C612009C */  lwc1    $f18, 0x009C($s0)          ## 0000009C
/* 00F8C 8089477C 4612803C */  c.lt.s  $f16, $f18                 
/* 00F90 80894780 00000000 */  nop
/* 00F94 80894784 45020006 */  bc1fl   .L808947A0                 
/* 00F98 80894788 960A0090 */  lhu     $t2, 0x0090($s0)           ## 00000090
.L8089478C:
/* 00F9C 8089478C 0C224FB5 */  jal     func_80893ED4              
/* 00FA0 80894790 02002025 */  or      $a0, $s0, $zero            ## $a0 = 00000000
/* 00FA4 80894794 10000029 */  beq     $zero, $zero, .L8089483C   
/* 00FA8 80894798 8FBF001C */  lw      $ra, 0x001C($sp)           
/* 00FAC 8089479C 960A0090 */  lhu     $t2, 0x0090($s0)           ## 00000090
.L808947A0:
/* 00FB0 808947A0 314B0001 */  andi    $t3, $t2, 0x0001           ## $t3 = 00000000
/* 00FB4 808947A4 5560000C */  bnel    $t3, $zero, .L808947D8     
/* 00FB8 808947A8 02002025 */  or      $a0, $s0, $zero            ## $a0 = 00000000
/* 00FBC 808947AC 0C224EB7 */  jal     func_80893ADC              
/* 00FC0 808947B0 02002025 */  or      $a0, $s0, $zero            ## $a0 = 00000000
/* 00FC4 808947B4 10400020 */  beq     $v0, $zero, .L80894838     
/* 00FC8 808947B8 3C014120 */  lui     $at, 0x4120                ## $at = 41200000
/* 00FCC 808947BC C604008C */  lwc1    $f4, 0x008C($s0)           ## 0000008C
/* 00FD0 808947C0 44813000 */  mtc1    $at, $f6                   ## $f6 = 10.00
/* 00FD4 808947C4 00000000 */  nop
/* 00FD8 808947C8 4606203C */  c.lt.s  $f4, $f6                   
/* 00FDC 808947CC 00000000 */  nop
/* 00FE0 808947D0 45000019 */  bc1f    .L80894838                 
/* 00FE4 808947D4 02002025 */  or      $a0, $s0, $zero            ## $a0 = 00000000
.L808947D8:
/* 00FE8 808947D8 0C02DCF8 */  jal     func_800B73E0              
/* 00FEC 808947DC 24050E38 */  addiu   $a1, $zero, 0x0E38         ## $a1 = 00000E38
/* 00FF0 808947E0 10400015 */  beq     $v0, $zero, .L80894838     
/* 00FF4 808947E4 3C014334 */  lui     $at, 0x4334                ## $at = 43340000
/* 00FF8 808947E8 44814000 */  mtc1    $at, $f8                   ## $f8 = 180.00
/* 00FFC 808947EC C60A0098 */  lwc1    $f10, 0x0098($s0)          ## 00000098
/* 01000 808947F0 3C0142A0 */  lui     $at, 0x42A0                ## $at = 42A00000
/* 01004 808947F4 4608503E */  c.le.s  $f10, $f8                  
/* 01008 808947F8 00000000 */  nop
/* 0100C 808947FC 4500000C */  bc1f    .L80894830                 
/* 01010 80894800 00000000 */  nop
/* 01014 80894804 44818000 */  mtc1    $at, $f16                  ## $f16 = 80.00
/* 01018 80894808 C612009C */  lwc1    $f18, 0x009C($s0)          ## 0000009C
/* 0101C 8089480C 02002025 */  or      $a0, $s0, $zero            ## $a0 = 00000000
/* 01020 80894810 4610903E */  c.le.s  $f18, $f16                 
/* 01024 80894814 00000000 */  nop
/* 01028 80894818 45000005 */  bc1f    .L80894830                 
/* 0102C 8089481C 00000000 */  nop
/* 01030 80894820 0C224EA7 */  jal     func_80893A9C              
/* 01034 80894824 8FA50034 */  lw      $a1, 0x0034($sp)           
/* 01038 80894828 10000004 */  beq     $zero, $zero, .L8089483C   
/* 0103C 8089482C 8FBF001C */  lw      $ra, 0x001C($sp)           
.L80894830:
/* 01040 80894830 0C225213 */  jal     func_8089484C              
/* 01044 80894834 02002025 */  or      $a0, $s0, $zero            ## $a0 = 00000000
.L80894838:
/* 01048 80894838 8FBF001C */  lw      $ra, 0x001C($sp)           
.L8089483C:
/* 0104C 8089483C 8FB00018 */  lw      $s0, 0x0018($sp)           
/* 01050 80894840 27BD0030 */  addiu   $sp, $sp, 0x0030           ## $sp = 00000000
/* 01054 80894844 03E00008 */  jr      $ra                        
/* 01058 80894848 00000000 */  nop


glabel func_8089484C
/* 0105C 8089484C 27BDFFD8 */  addiu   $sp, $sp, 0xFFD8           ## $sp = FFFFFFD8
/* 01060 80894850 AFB00018 */  sw      $s0, 0x0018($sp)           
/* 01064 80894854 00808025 */  or      $s0, $a0, $zero            ## $s0 = 00000000
/* 01068 80894858 AFBF001C */  sw      $ra, 0x001C($sp)           
/* 0106C 8089485C 3C050600 */  lui     $a1, 0x0600                ## $a1 = 06000000
/* 01070 80894860 24A50C70 */  addiu   $a1, $a1, 0x0C70           ## $a1 = 06000C70
/* 01074 80894864 26040144 */  addiu   $a0, $s0, 0x0144           ## $a0 = 00000144
/* 01078 80894868 0C04DD22 */  jal     func_80137488              
/* 0107C 8089486C 3C06C040 */  lui     $a2, 0xC040                ## $a2 = C0400000
/* 01080 80894870 3C0E8089 */  lui     $t6, %hi(func_80894910)    ## $t6 = 80890000
/* 01084 80894874 25CE4910 */  addiu   $t6, $t6, %lo(func_80894910) ## $t6 = 80894910
/* 01088 80894878 AFAE0024 */  sw      $t6, 0x0024($sp)           
/* 0108C 8089487C 8E0F02B4 */  lw      $t7, 0x02B4($s0)           ## 000002B4
/* 01090 80894880 24040001 */  addiu   $a0, $zero, 0x0001         ## $a0 = 00000001
/* 01094 80894884 51CF0005 */  beql    $t6, $t7, .L8089489C       
/* 01098 80894888 3C014118 */  lui     $at, 0x4118                ## $at = 41180000
/* 0109C 8089488C 0C03FD14 */  jal     func_800FF450              
/* 010A0 80894890 24050003 */  addiu   $a1, $zero, 0x0003         ## $a1 = 00000003
/* 010A4 80894894 A20202B8 */  sb      $v0, 0x02B8($s0)           ## 000002B8
/* 010A8 80894898 3C014118 */  lui     $at, 0x4118                ## $at = 41180000
.L8089489C:
/* 010AC 8089489C 44812000 */  mtc1    $at, $f4                   ## $f4 = 9.50
/* 010B0 808948A0 3C01BF80 */  lui     $at, 0xBF80                ## $at = BF800000
/* 010B4 808948A4 44813000 */  mtc1    $at, $f6                   ## $f6 = -1.00
/* 010B8 808948A8 3C014080 */  lui     $at, 0x4080                ## $at = 40800000
/* 010BC 808948AC 44814000 */  mtc1    $at, $f8                   ## $f8 = 4.00
/* 010C0 808948B0 02002025 */  or      $a0, $s0, $zero            ## $a0 = 00000000
/* 010C4 808948B4 E6040068 */  swc1    $f4, 0x0068($s0)           ## 00000068
/* 010C8 808948B8 E6060074 */  swc1    $f6, 0x0074($s0)           ## 00000074
/* 010CC 808948BC 0C224EB7 */  jal     func_80893ADC              
/* 010D0 808948C0 E6080070 */  swc1    $f8, 0x0070($s0)           ## 00000070
/* 010D4 808948C4 1040000A */  beq     $v0, $zero, .L808948F0     
/* 010D8 808948C8 02002025 */  or      $a0, $s0, $zero            ## $a0 = 00000000
/* 010DC 808948CC C60A0028 */  lwc1    $f10, 0x0028($s0)          ## 00000028
/* 010E0 808948D0 C610008C */  lwc1    $f16, 0x008C($s0)          ## 0000008C
/* 010E4 808948D4 02002025 */  or      $a0, $s0, $zero            ## $a0 = 00000000
/* 010E8 808948D8 2405388E */  addiu   $a1, $zero, 0x388E         ## $a1 = 0000388E
/* 010EC 808948DC 46105480 */  add.s   $f18, $f10, $f16           
/* 010F0 808948E0 0C02E3B2 */  jal     func_800B8EC8              
/* 010F4 808948E4 E6120028 */  swc1    $f18, 0x0028($s0)          ## 00000028
/* 010F8 808948E8 10000004 */  beq     $zero, $zero, .L808948FC   
/* 010FC 808948EC 8FB80024 */  lw      $t8, 0x0024($sp)           
.L808948F0:
/* 01100 808948F0 0C02E3B2 */  jal     func_800B8EC8              
/* 01104 808948F4 2405386C */  addiu   $a1, $zero, 0x386C         ## $a1 = 0000386C
/* 01108 808948F8 8FB80024 */  lw      $t8, 0x0024($sp)           
.L808948FC:
/* 0110C 808948FC AE1802B4 */  sw      $t8, 0x02B4($s0)           ## 000002B4
/* 01110 80894900 8FBF001C */  lw      $ra, 0x001C($sp)           
/* 01114 80894904 8FB00018 */  lw      $s0, 0x0018($sp)           
/* 01118 80894908 03E00008 */  jr      $ra                        
/* 0111C 8089490C 27BD0028 */  addiu   $sp, $sp, 0x0028           ## $sp = 00000000


glabel func_80894910
/* 01120 80894910 27BDFFC0 */  addiu   $sp, $sp, 0xFFC0           ## $sp = FFFFFFC0
/* 01124 80894914 AFB00020 */  sw      $s0, 0x0020($sp)           
/* 01128 80894918 44800000 */  mtc1    $zero, $f0                 ## $f0 = 0.00
/* 0112C 8089491C 00808025 */  or      $s0, $a0, $zero            ## $s0 = 00000000
/* 01130 80894920 AFBF0024 */  sw      $ra, 0x0024($sp)           
/* 01134 80894924 AFA50044 */  sw      $a1, 0x0044($sp)           
/* 01138 80894928 44050000 */  mfc1    $a1, $f0                   
/* 0113C 8089492C 3C063DCC */  lui     $a2, 0x3DCC                ## $a2 = 3DCC0000
/* 01140 80894930 34C6CCCD */  ori     $a2, $a2, 0xCCCD           ## $a2 = 3DCCCCCD
/* 01144 80894934 26040070 */  addiu   $a0, $s0, 0x0070           ## $a0 = 00000070
/* 01148 80894938 3C073F80 */  lui     $a3, 0x3F80                ## $a3 = 3F800000
/* 0114C 8089493C 0C03FF36 */  jal     func_800FFCD8              
/* 01150 80894940 E7A00010 */  swc1    $f0, 0x0010($sp)           
/* 01154 80894944 0C04DB34 */  jal     func_80136CD0              
/* 01158 80894948 26040144 */  addiu   $a0, $s0, 0x0144           ## $a0 = 00000144
/* 0115C 8089494C 960E0090 */  lhu     $t6, 0x0090($s0)           ## 00000090
/* 01160 80894950 2405388A */  addiu   $a1, $zero, 0x388A         ## $a1 = 0000388A
/* 01164 80894954 02002025 */  or      $a0, $s0, $zero            ## $a0 = 00000000
/* 01168 80894958 31CF0040 */  andi    $t7, $t6, 0x0040           ## $t7 = 00000000
/* 0116C 8089495C 11E0001A */  beq     $t7, $zero, .L808949C8     
/* 01170 80894960 00000000 */  nop
/* 01174 80894964 0C02E3B2 */  jal     func_800B8EC8              
/* 01178 80894968 02002025 */  or      $a0, $s0, $zero            ## $a0 = 00000000
/* 0117C 8089496C 0C224EB7 */  jal     func_80893ADC              
/* 01180 80894970 02002025 */  or      $a0, $s0, $zero            ## $a0 = 00000000
/* 01184 80894974 10400016 */  beq     $v0, $zero, .L808949D0     
/* 01188 80894978 27A40034 */  addiu   $a0, $sp, 0x0034           ## $a0 = FFFFFFF4
/* 0118C 8089497C 0C03FD43 */  jal     func_800FF50C              
/* 01190 80894980 26050024 */  addiu   $a1, $s0, 0x0024           ## $a1 = 00000024
/* 01194 80894984 C7A40038 */  lwc1    $f4, 0x0038($sp)           
/* 01198 80894988 C606008C */  lwc1    $f6, 0x008C($s0)           ## 0000008C
/* 0119C 8089498C 3C013F40 */  lui     $at, 0x3F40                ## $at = 3F400000
/* 011A0 80894990 44818000 */  mtc1    $at, $f16                  ## $f16 = 0.75
/* 011A4 80894994 46062200 */  add.s   $f8, $f4, $f6              
/* 011A8 80894998 27A50034 */  addiu   $a1, $sp, 0x0034           ## $a1 = FFFFFFF4
/* 011AC 8089499C 00003025 */  or      $a2, $zero, $zero          ## $a2 = 00000000
/* 011B0 808949A0 240701F4 */  addiu   $a3, $zero, 0x01F4         ## $a3 = 000001F4
/* 011B4 808949A4 E7A80038 */  swc1    $f8, 0x0038($sp)           
/* 011B8 808949A8 C60A0068 */  lwc1    $f10, 0x0068($s0)          ## 00000068
/* 011BC 808949AC 46105482 */  mul.s   $f18, $f10, $f16           
/* 011C0 808949B0 E6120068 */  swc1    $f18, 0x0068($s0)          ## 00000068
/* 011C4 808949B4 AFA00010 */  sw      $zero, 0x0010($sp)         
/* 011C8 808949B8 0C02C7BD */  jal     func_800B1EF4              
/* 011CC 808949BC 8FA40044 */  lw      $a0, 0x0044($sp)           
/* 011D0 808949C0 10000004 */  beq     $zero, $zero, .L808949D4   
/* 011D4 808949C4 96180090 */  lhu     $t8, 0x0090($s0)           ## 00000090
.L808949C8:
/* 011D8 808949C8 0C224EF3 */  jal     func_80893BCC              
/* 011DC 808949CC 8FA50044 */  lw      $a1, 0x0044($sp)           
.L808949D0:
/* 011E0 808949D0 96180090 */  lhu     $t8, 0x0090($s0)           ## 00000090
.L808949D4:
/* 011E4 808949D4 33190001 */  andi    $t9, $t8, 0x0001           ## $t9 = 00000000
/* 011E8 808949D8 5720000C */  bnel    $t9, $zero, .L80894A0C     
/* 011EC 808949DC 44800000 */  mtc1    $zero, $f0                 ## $f0 = 0.00
/* 011F0 808949E0 0C224EB7 */  jal     func_80893ADC              
/* 011F4 808949E4 02002025 */  or      $a0, $s0, $zero            ## $a0 = 00000000
/* 011F8 808949E8 50400048 */  beql    $v0, $zero, .L80894B0C     
/* 011FC 808949EC 260400BE */  addiu   $a0, $s0, 0x00BE           ## $a0 = 000000BE
/* 01200 808949F0 44800000 */  mtc1    $zero, $f0                 ## $f0 = 0.00
/* 01204 808949F4 C604008C */  lwc1    $f4, 0x008C($s0)           ## 0000008C
/* 01208 808949F8 4604003C */  c.lt.s  $f0, $f4                   
/* 0120C 808949FC 00000000 */  nop
/* 01210 80894A00 45020042 */  bc1fl   .L80894B0C                 
/* 01214 80894A04 260400BE */  addiu   $a0, $s0, 0x00BE           ## $a0 = 000000BE
/* 01218 80894A08 44800000 */  mtc1    $zero, $f0                 ## $f0 = 0.00
.L80894A0C:
/* 0121C 80894A0C C6060068 */  lwc1    $f6, 0x0068($s0)           ## 00000068
/* 01220 80894A10 260400BE */  addiu   $a0, $s0, 0x00BE           ## $a0 = 000000BE
/* 01224 80894A14 24060FA0 */  addiu   $a2, $zero, 0x0FA0         ## $a2 = 00000FA0
/* 01228 80894A18 4600303E */  c.le.s  $f6, $f0                   
/* 0122C 80894A1C 00000000 */  nop
/* 01230 80894A20 4502003A */  bc1fl   .L80894B0C                 
/* 01234 80894A24 260400BE */  addiu   $a0, $s0, 0x00BE           ## $a0 = 000000BE
/* 01238 80894A28 E6000070 */  swc1    $f0, 0x0070($s0)           ## 00000070
/* 0123C 80894A2C 0C03FB9C */  jal     func_800FEE70              
/* 01240 80894A30 86050092 */  lh      $a1, 0x0092($s0)           ## 00000092
/* 01244 80894A34 860800BE */  lh      $t0, 0x00BE($s0)           ## 000000BE
/* 01248 80894A38 02002025 */  or      $a0, $s0, $zero            ## $a0 = 00000000
/* 0124C 80894A3C 0C224EB7 */  jal     func_80893ADC              
/* 01250 80894A40 A6080032 */  sh      $t0, 0x0032($s0)           ## 00000032
/* 01254 80894A44 10400007 */  beq     $v0, $zero, .L80894A64     
/* 01258 80894A48 00000000 */  nop
/* 0125C 80894A4C 44804000 */  mtc1    $zero, $f8                 ## $f8 = 0.00
/* 01260 80894A50 02002025 */  or      $a0, $s0, $zero            ## $a0 = 00000000
/* 01264 80894A54 0C224EC4 */  jal     func_80893B10              
/* 01268 80894A58 E6080074 */  swc1    $f8, 0x0074($s0)           ## 00000074
/* 0126C 80894A5C 5040002F */  beql    $v0, $zero, .L80894B1C     
/* 01270 80894A60 8FBF0024 */  lw      $ra, 0x0024($sp)           
.L80894A64:
/* 01274 80894A64 0C04900F */  jal     func_8012403C              
/* 01278 80894A68 8FA40044 */  lw      $a0, 0x0044($sp)           
/* 0127C 80894A6C 24010010 */  addiu   $at, $zero, 0x0010         ## $at = 00000010
/* 01280 80894A70 1041000F */  beq     $v0, $at, .L80894AB0       
/* 01284 80894A74 3C0143E1 */  lui     $at, 0x43E1                ## $at = 43E10000
/* 01288 80894A78 44815000 */  mtc1    $at, $f10                  ## $f10 = 450.00
/* 0128C 80894A7C C6000098 */  lwc1    $f0, 0x0098($s0)           ## 00000098
/* 01290 80894A80 3C0142A0 */  lui     $at, 0x42A0                ## $at = 42A00000
/* 01294 80894A84 4600503C */  c.lt.s  $f10, $f0                  
/* 01298 80894A88 00000000 */  nop
/* 0129C 80894A8C 45010008 */  bc1t    .L80894AB0                 
/* 012A0 80894A90 00000000 */  nop
/* 012A4 80894A94 44816000 */  mtc1    $at, $f12                  ## $f12 = 80.00
/* 012A8 80894A98 C602009C */  lwc1    $f2, 0x009C($s0)           ## 0000009C
/* 012AC 80894A9C 3C014334 */  lui     $at, 0x4334                ## $at = 43340000
/* 012B0 80894AA0 4602603C */  c.lt.s  $f12, $f2                  
/* 012B4 80894AA4 00000000 */  nop
/* 012B8 80894AA8 45020006 */  bc1fl   .L80894AC4                 
/* 012BC 80894AAC 44818000 */  mtc1    $at, $f16                  ## $f16 = 180.00
.L80894AB0:
/* 012C0 80894AB0 0C224FB5 */  jal     func_80893ED4              
/* 012C4 80894AB4 02002025 */  or      $a0, $s0, $zero            ## $a0 = 00000000
/* 012C8 80894AB8 10000018 */  beq     $zero, $zero, .L80894B1C   
/* 012CC 80894ABC 8FBF0024 */  lw      $ra, 0x0024($sp)           
/* 012D0 80894AC0 44818000 */  mtc1    $at, $f16                  ## $f16 = 0.00
.L80894AC4:
/* 012D4 80894AC4 00000000 */  nop
/* 012D8 80894AC8 4610003E */  c.le.s  $f0, $f16                  
/* 012DC 80894ACC 00000000 */  nop
/* 012E0 80894AD0 45000009 */  bc1f    .L80894AF8                 
/* 012E4 80894AD4 00000000 */  nop
/* 012E8 80894AD8 460C103E */  c.le.s  $f2, $f12                  
/* 012EC 80894ADC 00000000 */  nop
/* 012F0 80894AE0 45000005 */  bc1f    .L80894AF8                 
/* 012F4 80894AE4 00000000 */  nop
/* 012F8 80894AE8 0C22517B */  jal     func_808945EC              
/* 012FC 80894AEC 02002025 */  or      $a0, $s0, $zero            ## $a0 = 00000000
/* 01300 80894AF0 1000000A */  beq     $zero, $zero, .L80894B1C   
/* 01304 80894AF4 8FBF0024 */  lw      $ra, 0x0024($sp)           
.L80894AF8:
/* 01308 80894AF8 0C225213 */  jal     func_8089484C              
/* 0130C 80894AFC 02002025 */  or      $a0, $s0, $zero            ## $a0 = 00000000
/* 01310 80894B00 10000006 */  beq     $zero, $zero, .L80894B1C   
/* 01314 80894B04 8FBF0024 */  lw      $ra, 0x0024($sp)           
/* 01318 80894B08 260400BE */  addiu   $a0, $s0, 0x00BE           ## $a0 = 000000BE
.L80894B0C:
/* 0131C 80894B0C 86050092 */  lh      $a1, 0x0092($s0)           ## 00000092
/* 01320 80894B10 0C03FB9C */  jal     func_800FEE70              
/* 01324 80894B14 240603E8 */  addiu   $a2, $zero, 0x03E8         ## $a2 = 000003E8
/* 01328 80894B18 8FBF0024 */  lw      $ra, 0x0024($sp)           
.L80894B1C:
/* 0132C 80894B1C 8FB00020 */  lw      $s0, 0x0020($sp)           
/* 01330 80894B20 27BD0040 */  addiu   $sp, $sp, 0x0040           ## $sp = 00000000
/* 01334 80894B24 03E00008 */  jr      $ra                        
/* 01338 80894B28 00000000 */  nop


glabel func_80894B2C
/* 0133C 80894B2C 27BDFFE8 */  addiu   $sp, $sp, 0xFFE8           ## $sp = FFFFFFE8
/* 01340 80894B30 AFBF0014 */  sw      $ra, 0x0014($sp)           
/* 01344 80894B34 00803825 */  or      $a3, $a0, $zero            ## $a3 = 00000000
/* 01348 80894B38 3C050600 */  lui     $a1, 0x0600                ## $a1 = 06000000
/* 0134C 80894B3C 24A512E4 */  addiu   $a1, $a1, 0x12E4           ## $a1 = 060012E4
/* 01350 80894B40 24E40144 */  addiu   $a0, $a3, 0x0144           ## $a0 = 00000144
/* 01354 80894B44 3C064080 */  lui     $a2, 0x4080                ## $a2 = 40800000
/* 01358 80894B48 0C04DD65 */  jal     func_80137594              
/* 0135C 80894B4C AFA70018 */  sw      $a3, 0x0018($sp)           
/* 01360 80894B50 8FA70018 */  lw      $a3, 0x0018($sp)           
/* 01364 80894B54 3C01C0C0 */  lui     $at, 0xC0C0                ## $at = C0C00000
/* 01368 80894B58 44812000 */  mtc1    $at, $f4                   ## $f4 = -6.00
/* 0136C 80894B5C 8CEE03B4 */  lw      $t6, 0x03B4($a3)           ## 000003B4
/* 01370 80894B60 3C01BF80 */  lui     $at, 0xBF80                ## $at = BF800000
/* 01374 80894B64 44813000 */  mtc1    $at, $f6                   ## $f6 = -1.00
/* 01378 80894B68 E4E40070 */  swc1    $f4, 0x0070($a3)           ## 00000070
/* 0137C 80894B6C 11C00007 */  beq     $t6, $zero, .L80894B8C     
/* 01380 80894B70 E4E60074 */  swc1    $f6, 0x0074($a3)           ## 00000074
/* 01384 80894B74 00E02025 */  or      $a0, $a3, $zero            ## $a0 = 00000000
/* 01388 80894B78 24E503AC */  addiu   $a1, $a3, 0x03AC           ## $a1 = 000003AC
/* 0138C 80894B7C 0C02F95A */  jal     func_800BE568              
/* 01390 80894B80 AFA70018 */  sw      $a3, 0x0018($sp)           
/* 01394 80894B84 10000005 */  beq     $zero, $zero, .L80894B9C   
/* 01398 80894B88 8FA70018 */  lw      $a3, 0x0018($sp)           
.L80894B8C:
/* 0139C 80894B8C 84EF0092 */  lh      $t7, 0x0092($a3)           ## 00000092
/* 013A0 80894B90 34018000 */  ori     $at, $zero, 0x8000         ## $at = 00008000
/* 013A4 80894B94 01E1C021 */  addu    $t8, $t7, $at              
/* 013A8 80894B98 A4F80032 */  sh      $t8, 0x0032($a3)           ## 00000032
.L80894B9C:
/* 013AC 80894B9C 84F90032 */  lh      $t9, 0x0032($a3)           ## 00000032
/* 013B0 80894BA0 34018000 */  ori     $at, $zero, 0x8000         ## $at = 00008000
/* 013B4 80894BA4 3C098089 */  lui     $t1, %hi(func_80894BC8)    ## $t1 = 80890000
/* 013B8 80894BA8 25294BC8 */  addiu   $t1, $t1, %lo(func_80894BC8) ## $t1 = 80894BC8
/* 013BC 80894BAC 03214021 */  addu    $t0, $t9, $at              
/* 013C0 80894BB0 A4E80032 */  sh      $t0, 0x0032($a3)           ## 00000032
/* 013C4 80894BB4 ACE902B4 */  sw      $t1, 0x02B4($a3)           ## 000002B4
/* 013C8 80894BB8 8FBF0014 */  lw      $ra, 0x0014($sp)           
/* 013CC 80894BBC 27BD0018 */  addiu   $sp, $sp, 0x0018           ## $sp = 00000000
/* 013D0 80894BC0 03E00008 */  jr      $ra                        
/* 013D4 80894BC4 00000000 */  nop


glabel func_80894BC8
/* 013D8 80894BC8 27BDFFD8 */  addiu   $sp, $sp, 0xFFD8           ## $sp = FFFFFFD8
/* 013DC 80894BCC AFB00020 */  sw      $s0, 0x0020($sp)           
/* 013E0 80894BD0 44800000 */  mtc1    $zero, $f0                 ## $f0 = 0.00
/* 013E4 80894BD4 00808025 */  or      $s0, $a0, $zero            ## $s0 = 00000000
/* 013E8 80894BD8 AFBF0024 */  sw      $ra, 0x0024($sp)           
/* 013EC 80894BDC AFA5002C */  sw      $a1, 0x002C($sp)           
/* 013F0 80894BE0 44050000 */  mfc1    $a1, $f0                   
/* 013F4 80894BE4 26040070 */  addiu   $a0, $s0, 0x0070           ## $a0 = 00000070
/* 013F8 80894BE8 3C063F80 */  lui     $a2, 0x3F80                ## $a2 = 3F800000
/* 013FC 80894BEC 3C073F00 */  lui     $a3, 0x3F00                ## $a3 = 3F000000
/* 01400 80894BF0 0C03FF36 */  jal     func_800FFCD8              
/* 01404 80894BF4 E7A00010 */  swc1    $f0, 0x0010($sp)           
/* 01408 80894BF8 0C04DB34 */  jal     func_80136CD0              
/* 0140C 80894BFC 26040144 */  addiu   $a0, $s0, 0x0144           ## $a0 = 00000144
/* 01410 80894C00 0C224EB7 */  jal     func_80893ADC              
/* 01414 80894C04 02002025 */  or      $a0, $s0, $zero            ## $a0 = 00000000
/* 01418 80894C08 10400010 */  beq     $v0, $zero, .L80894C4C     
/* 0141C 80894C0C 02002025 */  or      $a0, $s0, $zero            ## $a0 = 00000000
/* 01420 80894C10 44800000 */  mtc1    $zero, $f0                 ## $f0 = 0.00
/* 01424 80894C14 C6040068 */  lwc1    $f4, 0x0068($s0)           ## 00000068
/* 01428 80894C18 3C013F80 */  lui     $at, 0x3F80                ## $at = 3F800000
/* 0142C 80894C1C 4600203E */  c.le.s  $f4, $f0                   
/* 01430 80894C20 00000000 */  nop
/* 01434 80894C24 4502000A */  bc1fl   .L80894C50                 
/* 01438 80894C28 960E0090 */  lhu     $t6, 0x0090($s0)           ## 00000090
/* 0143C 80894C2C C606008C */  lwc1    $f6, 0x008C($s0)           ## 0000008C
/* 01440 80894C30 44814000 */  mtc1    $at, $f8                   ## $f8 = 1.00
/* 01444 80894C34 C6100028 */  lwc1    $f16, 0x0028($s0)          ## 00000028
/* 01448 80894C38 E6000074 */  swc1    $f0, 0x0074($s0)           ## 00000074
/* 0144C 80894C3C 46083281 */  sub.s   $f10, $f6, $f8             
/* 01450 80894C40 E6000068 */  swc1    $f0, 0x0068($s0)           ## 00000068
/* 01454 80894C44 460A8480 */  add.s   $f18, $f16, $f10           
/* 01458 80894C48 E6120028 */  swc1    $f18, 0x0028($s0)          ## 00000028
.L80894C4C:
/* 0145C 80894C4C 960E0090 */  lhu     $t6, 0x0090($s0)           ## 00000090
.L80894C50:
/* 01460 80894C50 2405388F */  addiu   $a1, $zero, 0x388F         ## $a1 = 0000388F
/* 01464 80894C54 31CF0040 */  andi    $t7, $t6, 0x0040           ## $t7 = 00000000
/* 01468 80894C58 11E00005 */  beq     $t7, $zero, .L80894C70     
/* 0146C 80894C5C 00000000 */  nop
/* 01470 80894C60 0C02E3B2 */  jal     func_800B8EC8              
/* 01474 80894C64 02002025 */  or      $a0, $s0, $zero            ## $a0 = 00000000
/* 01478 80894C68 10000004 */  beq     $zero, $zero, .L80894C7C   
/* 0147C 80894C6C 44802000 */  mtc1    $zero, $f4                 ## $f4 = 0.00
.L80894C70:
/* 01480 80894C70 0C224EF3 */  jal     func_80893BCC              
/* 01484 80894C74 8FA5002C */  lw      $a1, 0x002C($sp)           
/* 01488 80894C78 44802000 */  mtc1    $zero, $f4                 ## $f4 = 0.00
.L80894C7C:
/* 0148C 80894C7C C6060070 */  lwc1    $f6, 0x0070($s0)           ## 00000070
/* 01490 80894C80 46062032 */  c.eq.s  $f4, $f6                   
/* 01494 80894C84 00000000 */  nop
/* 01498 80894C88 4502004D */  bc1fl   .L80894DC0                 
/* 0149C 80894C8C 8FBF0024 */  lw      $ra, 0x0024($sp)           
/* 014A0 80894C90 96180090 */  lhu     $t8, 0x0090($s0)           ## 00000090
/* 014A4 80894C94 33190001 */  andi    $t9, $t8, 0x0001           ## $t9 = 00000000
/* 014A8 80894C98 57200006 */  bnel    $t9, $zero, .L80894CB4     
/* 014AC 80894C9C 920903BD */  lbu     $t1, 0x03BD($s0)           ## 000003BD
/* 014B0 80894CA0 0C224EB7 */  jal     func_80893ADC              
/* 014B4 80894CA4 02002025 */  or      $a0, $s0, $zero            ## $a0 = 00000000
/* 014B8 80894CA8 50400045 */  beql    $v0, $zero, .L80894DC0     
/* 014BC 80894CAC 8FBF0024 */  lw      $ra, 0x0024($sp)           
/* 014C0 80894CB0 920903BD */  lbu     $t1, 0x03BD($s0)           ## 000003BD
.L80894CB4:
/* 014C4 80894CB4 860800BE */  lh      $t0, 0x00BE($s0)           ## 000000BE
/* 014C8 80894CB8 352A0001 */  ori     $t2, $t1, 0x0001           ## $t2 = 00000001
/* 014CC 80894CBC A20A03BD */  sb      $t2, 0x03BD($s0)           ## 000003BD
/* 014D0 80894CC0 A6080032 */  sh      $t0, 0x0032($s0)           ## 00000032
/* 014D4 80894CC4 0C04900F */  jal     func_8012403C              
/* 014D8 80894CC8 8FA4002C */  lw      $a0, 0x002C($sp)           
/* 014DC 80894CCC 24010010 */  addiu   $at, $zero, 0x0010         ## $at = 00000010
/* 014E0 80894CD0 1041001E */  beq     $v0, $at, .L80894D4C       
/* 014E4 80894CD4 3C0143E1 */  lui     $at, 0x43E1                ## $at = 43E10000
/* 014E8 80894CD8 44814000 */  mtc1    $at, $f8                   ## $f8 = 450.00
/* 014EC 80894CDC C6000098 */  lwc1    $f0, 0x0098($s0)           ## 00000098
/* 014F0 80894CE0 3C0142A0 */  lui     $at, 0x42A0                ## $at = 42A00000
/* 014F4 80894CE4 4600403C */  c.lt.s  $f8, $f0                   
/* 014F8 80894CE8 00000000 */  nop
/* 014FC 80894CEC 45030008 */  bc1tl   .L80894D10                 
/* 01500 80894CF0 860200BC */  lh      $v0, 0x00BC($s0)           ## 000000BC
/* 01504 80894CF4 44818000 */  mtc1    $at, $f16                  ## $f16 = 80.00
/* 01508 80894CF8 C60A009C */  lwc1    $f10, 0x009C($s0)          ## 0000009C
/* 0150C 80894CFC 460A803C */  c.lt.s  $f16, $f10                 
/* 01510 80894D00 00000000 */  nop
/* 01514 80894D04 45020016 */  bc1fl   .L80894D60                 
/* 01518 80894D08 3C014334 */  lui     $at, 0x4334                ## $at = 43340000
/* 0151C 80894D0C 860200BC */  lh      $v0, 0x00BC($s0)           ## 000000BC
.L80894D10:
/* 01520 80894D10 04410003 */  bgez    $v0, .L80894D20            
/* 01524 80894D14 00401825 */  or      $v1, $v0, $zero            ## $v1 = 00000000
/* 01528 80894D18 10000001 */  beq     $zero, $zero, .L80894D20   
/* 0152C 80894D1C 00021823 */  subu    $v1, $zero, $v0            
.L80894D20:
/* 01530 80894D20 28610FA0 */  slti    $at, $v1, 0x0FA0           
/* 01534 80894D24 5020000E */  beql    $at, $zero, .L80894D60     
/* 01538 80894D28 3C014334 */  lui     $at, 0x4334                ## $at = 43340000
/* 0153C 80894D2C 860200C0 */  lh      $v0, 0x00C0($s0)           ## 000000C0
/* 01540 80894D30 04410003 */  bgez    $v0, .L80894D40            
/* 01544 80894D34 00401825 */  or      $v1, $v0, $zero            ## $v1 = 00000000
/* 01548 80894D38 10000001 */  beq     $zero, $zero, .L80894D40   
/* 0154C 80894D3C 00021823 */  subu    $v1, $zero, $v0            
.L80894D40:
/* 01550 80894D40 28610FA0 */  slti    $at, $v1, 0x0FA0           
/* 01554 80894D44 50200006 */  beql    $at, $zero, .L80894D60     
/* 01558 80894D48 3C014334 */  lui     $at, 0x4334                ## $at = 43340000
.L80894D4C:
/* 0155C 80894D4C 0C224FB5 */  jal     func_80893ED4              
/* 01560 80894D50 02002025 */  or      $a0, $s0, $zero            ## $a0 = 00000000
/* 01564 80894D54 1000001A */  beq     $zero, $zero, .L80894DC0   
/* 01568 80894D58 8FBF0024 */  lw      $ra, 0x0024($sp)           
/* 0156C 80894D5C 3C014334 */  lui     $at, 0x4334                ## $at = 43340000
.L80894D60:
/* 01570 80894D60 44819000 */  mtc1    $at, $f18                  ## $f18 = 180.00
/* 01574 80894D64 3C0142A0 */  lui     $at, 0x42A0                ## $at = 42A00000
/* 01578 80894D68 4612003C */  c.lt.s  $f0, $f18                  
/* 0157C 80894D6C 00000000 */  nop
/* 01580 80894D70 45000010 */  bc1f    .L80894DB4                 
/* 01584 80894D74 00000000 */  nop
/* 01588 80894D78 44812000 */  mtc1    $at, $f4                   ## $f4 = 80.00
/* 0158C 80894D7C C606009C */  lwc1    $f6, 0x009C($s0)           ## 0000009C
/* 01590 80894D80 02002025 */  or      $a0, $s0, $zero            ## $a0 = 00000000
/* 01594 80894D84 4604303E */  c.le.s  $f6, $f4                   
/* 01598 80894D88 00000000 */  nop
/* 0159C 80894D8C 45000009 */  bc1f    .L80894DB4                 
/* 015A0 80894D90 00000000 */  nop
/* 015A4 80894D94 0C02DCF8 */  jal     func_800B73E0              
/* 015A8 80894D98 24051770 */  addiu   $a1, $zero, 0x1770         ## $a1 = 00001770
/* 015AC 80894D9C 10400005 */  beq     $v0, $zero, .L80894DB4     
/* 015B0 80894DA0 02002025 */  or      $a0, $s0, $zero            ## $a0 = 00000000
/* 015B4 80894DA4 0C224EA7 */  jal     func_80893A9C              
/* 015B8 80894DA8 8FA5002C */  lw      $a1, 0x002C($sp)           
/* 015BC 80894DAC 10000004 */  beq     $zero, $zero, .L80894DC0   
/* 015C0 80894DB0 8FBF0024 */  lw      $ra, 0x0024($sp)           
.L80894DB4:
/* 015C4 80894DB4 0C225213 */  jal     func_8089484C              
/* 015C8 80894DB8 02002025 */  or      $a0, $s0, $zero            ## $a0 = 00000000
/* 015CC 80894DBC 8FBF0024 */  lw      $ra, 0x0024($sp)           
.L80894DC0:
/* 015D0 80894DC0 8FB00020 */  lw      $s0, 0x0020($sp)           
/* 015D4 80894DC4 27BD0028 */  addiu   $sp, $sp, 0x0028           ## $sp = 00000000
/* 015D8 80894DC8 03E00008 */  jr      $ra                        
/* 015DC 80894DCC 00000000 */  nop


glabel func_80894DD0
/* 015E0 80894DD0 44800000 */  mtc1    $zero, $f0                 ## $f0 = 0.00
/* 015E4 80894DD4 3C0F8089 */  lui     $t7, %hi(func_80894E0C)    ## $t7 = 80890000
/* 015E8 80894DD8 C4840068 */  lwc1    $f4, 0x0068($a0)           ## 00000068
/* 015EC 80894DDC E4800070 */  swc1    $f0, 0x0070($a0)           ## 00000070
/* 015F0 80894DE0 4604003C */  c.lt.s  $f0, $f4                   
/* 015F4 80894DE4 00000000 */  nop
/* 015F8 80894DE8 45020003 */  bc1fl   .L80894DF8                 
/* 015FC 80894DEC 848E00BE */  lh      $t6, 0x00BE($a0)           ## 000000BE
/* 01600 80894DF0 E4800068 */  swc1    $f0, 0x0068($a0)           ## 00000068
/* 01604 80894DF4 848E00BE */  lh      $t6, 0x00BE($a0)           ## 000000BE
.L80894DF8:
/* 01608 80894DF8 25EF4E0C */  addiu   $t7, $t7, %lo(func_80894E0C) ## $t7 = 80894E0C
/* 0160C 80894DFC AC8F02B4 */  sw      $t7, 0x02B4($a0)           ## 000002B4
/* 01610 80894E00 A48E0032 */  sh      $t6, 0x0032($a0)           ## 00000032
/* 01614 80894E04 03E00008 */  jr      $ra                        
/* 01618 80894E08 00000000 */  nop


glabel func_80894E0C
/* 0161C 80894E0C 27BDFFE8 */  addiu   $sp, $sp, 0xFFE8           ## $sp = FFFFFFE8
/* 01620 80894E10 AFBF0014 */  sw      $ra, 0x0014($sp)           
/* 01624 80894E14 AFA5001C */  sw      $a1, 0x001C($sp)           
/* 01628 80894E18 00803025 */  or      $a2, $a0, $zero            ## $a2 = 00000000
/* 0162C 80894E1C 84C202BC */  lh      $v0, 0x02BC($a2)           ## 000002BC
/* 01630 80894E20 00C02025 */  or      $a0, $a2, $zero            ## $a0 = 00000000
/* 01634 80894E24 10400002 */  beq     $v0, $zero, .L80894E30     
/* 01638 80894E28 244EFFFF */  addiu   $t6, $v0, 0xFFFF           ## $t6 = FFFFFFFF
/* 0163C 80894E2C A4CE02BC */  sh      $t6, 0x02BC($a2)           ## 000002BC
.L80894E30:
/* 01640 80894E30 0C224EB7 */  jal     func_80893ADC              
/* 01644 80894E34 AFA60018 */  sw      $a2, 0x0018($sp)           
/* 01648 80894E38 1040000D */  beq     $v0, $zero, .L80894E70     
/* 0164C 80894E3C 8FA60018 */  lw      $a2, 0x0018($sp)           
/* 01650 80894E40 44800000 */  mtc1    $zero, $f0                 ## $f0 = 0.00
/* 01654 80894E44 C4C40068 */  lwc1    $f4, 0x0068($a2)           ## 00000068
/* 01658 80894E48 4600203E */  c.le.s  $f4, $f0                   
/* 0165C 80894E4C 00000000 */  nop
/* 01660 80894E50 45020008 */  bc1fl   .L80894E74                 
/* 01664 80894E54 94CF0090 */  lhu     $t7, 0x0090($a2)           ## 00000090
/* 01668 80894E58 C4C60028 */  lwc1    $f6, 0x0028($a2)           ## 00000028
/* 0166C 80894E5C C4C8008C */  lwc1    $f8, 0x008C($a2)           ## 0000008C
/* 01670 80894E60 E4C00074 */  swc1    $f0, 0x0074($a2)           ## 00000074
/* 01674 80894E64 E4C00068 */  swc1    $f0, 0x0068($a2)           ## 00000068
/* 01678 80894E68 46083280 */  add.s   $f10, $f6, $f8             
/* 0167C 80894E6C E4CA0028 */  swc1    $f10, 0x0028($a2)          ## 00000028
.L80894E70:
/* 01680 80894E70 94CF0090 */  lhu     $t7, 0x0090($a2)           ## 00000090
.L80894E74:
/* 01684 80894E74 00C02025 */  or      $a0, $a2, $zero            ## $a0 = 00000000
/* 01688 80894E78 8FA5001C */  lw      $a1, 0x001C($sp)           
/* 0168C 80894E7C 31F80040 */  andi    $t8, $t7, 0x0040           ## $t8 = 00000000
/* 01690 80894E80 13000007 */  beq     $t8, $zero, .L80894EA0     
/* 01694 80894E84 00000000 */  nop
/* 01698 80894E88 00C02025 */  or      $a0, $a2, $zero            ## $a0 = 00000000
/* 0169C 80894E8C 2405388F */  addiu   $a1, $zero, 0x388F         ## $a1 = 0000388F
/* 016A0 80894E90 0C02E3B2 */  jal     func_800B8EC8              
/* 016A4 80894E94 AFA60018 */  sw      $a2, 0x0018($sp)           
/* 016A8 80894E98 10000004 */  beq     $zero, $zero, .L80894EAC   
/* 016AC 80894E9C 8FA60018 */  lw      $a2, 0x0018($sp)           
.L80894EA0:
/* 016B0 80894EA0 0C224EF3 */  jal     func_80893BCC              
/* 016B4 80894EA4 AFA60018 */  sw      $a2, 0x0018($sp)           
/* 016B8 80894EA8 8FA60018 */  lw      $a2, 0x0018($sp)           
.L80894EAC:
/* 016BC 80894EAC 84D902BC */  lh      $t9, 0x02BC($a2)           ## 000002BC
/* 016C0 80894EB0 00C02025 */  or      $a0, $a2, $zero            ## $a0 = 00000000
/* 016C4 80894EB4 8FA5001C */  lw      $a1, 0x001C($sp)           
/* 016C8 80894EB8 57200056 */  bnel    $t9, $zero, .L80895014     
/* 016CC 80894EBC 8FBF0014 */  lw      $ra, 0x0014($sp)           
/* 016D0 80894EC0 0C224F95 */  jal     func_80893E54              
/* 016D4 80894EC4 AFA60018 */  sw      $a2, 0x0018($sp)           
/* 016D8 80894EC8 8FA60018 */  lw      $a2, 0x0018($sp)           
/* 016DC 80894ECC 90C800B7 */  lbu     $t0, 0x00B7($a2)           ## 000000B7
/* 016E0 80894ED0 00C02025 */  or      $a0, $a2, $zero            ## $a0 = 00000000
/* 016E4 80894ED4 55000006 */  bnel    $t0, $zero, .L80894EF0     
/* 016E8 80894ED8 90C902B9 */  lbu     $t1, 0x02B9($a2)           ## 000002B9
/* 016EC 80894EDC 0C225408 */  jal     func_80895020              
/* 016F0 80894EE0 8FA5001C */  lw      $a1, 0x001C($sp)           
/* 016F4 80894EE4 1000004B */  beq     $zero, $zero, .L80895014   
/* 016F8 80894EE8 8FBF0014 */  lw      $ra, 0x0014($sp)           
/* 016FC 80894EEC 90C902B9 */  lbu     $t1, 0x02B9($a2)           ## 000002B9
.L80894EF0:
/* 01700 80894EF0 8FA4001C */  lw      $a0, 0x001C($sp)           
/* 01704 80894EF4 11200005 */  beq     $t1, $zero, .L80894F0C     
/* 01708 80894EF8 00000000 */  nop
/* 0170C 80894EFC 0C225579 */  jal     func_808955E4              
/* 01710 80894F00 00C02025 */  or      $a0, $a2, $zero            ## $a0 = 00000000
/* 01714 80894F04 10000043 */  beq     $zero, $zero, .L80895014   
/* 01718 80894F08 8FBF0014 */  lw      $ra, 0x0014($sp)           
.L80894F0C:
/* 0171C 80894F0C 0C04900F */  jal     func_8012403C              
/* 01720 80894F10 AFA60018 */  sw      $a2, 0x0018($sp)           
/* 01724 80894F14 24010010 */  addiu   $at, $zero, 0x0010         ## $at = 00000010
/* 01728 80894F18 1041001F */  beq     $v0, $at, .L80894F98       
/* 0172C 80894F1C 8FA60018 */  lw      $a2, 0x0018($sp)           
/* 01730 80894F20 3C0143E1 */  lui     $at, 0x43E1                ## $at = 43E10000
/* 01734 80894F24 44818000 */  mtc1    $at, $f16                  ## $f16 = 450.00
/* 01738 80894F28 C4C00098 */  lwc1    $f0, 0x0098($a2)           ## 00000098
/* 0173C 80894F2C 3C0142A0 */  lui     $at, 0x42A0                ## $at = 42A00000
/* 01740 80894F30 4600803C */  c.lt.s  $f16, $f0                  
/* 01744 80894F34 00000000 */  nop
/* 01748 80894F38 45030008 */  bc1tl   .L80894F5C                 
/* 0174C 80894F3C 84C200BC */  lh      $v0, 0x00BC($a2)           ## 000000BC
/* 01750 80894F40 44819000 */  mtc1    $at, $f18                  ## $f18 = 80.00
/* 01754 80894F44 C4C4009C */  lwc1    $f4, 0x009C($a2)           ## 0000009C
/* 01758 80894F48 4604903C */  c.lt.s  $f18, $f4                  
/* 0175C 80894F4C 00000000 */  nop
/* 01760 80894F50 45020016 */  bc1fl   .L80894FAC                 
/* 01764 80894F54 3C014334 */  lui     $at, 0x4334                ## $at = 43340000
/* 01768 80894F58 84C200BC */  lh      $v0, 0x00BC($a2)           ## 000000BC
.L80894F5C:
/* 0176C 80894F5C 04410003 */  bgez    $v0, .L80894F6C            
/* 01770 80894F60 00401825 */  or      $v1, $v0, $zero            ## $v1 = 00000000
/* 01774 80894F64 10000001 */  beq     $zero, $zero, .L80894F6C   
/* 01778 80894F68 00021823 */  subu    $v1, $zero, $v0            
.L80894F6C:
/* 0177C 80894F6C 28610FA0 */  slti    $at, $v1, 0x0FA0           
/* 01780 80894F70 5020000E */  beql    $at, $zero, .L80894FAC     
/* 01784 80894F74 3C014334 */  lui     $at, 0x4334                ## $at = 43340000
/* 01788 80894F78 84C200C0 */  lh      $v0, 0x00C0($a2)           ## 000000C0
/* 0178C 80894F7C 04410003 */  bgez    $v0, .L80894F8C            
/* 01790 80894F80 00401825 */  or      $v1, $v0, $zero            ## $v1 = 00000000
/* 01794 80894F84 10000001 */  beq     $zero, $zero, .L80894F8C   
/* 01798 80894F88 00021823 */  subu    $v1, $zero, $v0            
.L80894F8C:
/* 0179C 80894F8C 28610FA0 */  slti    $at, $v1, 0x0FA0           
/* 017A0 80894F90 50200006 */  beql    $at, $zero, .L80894FAC     
/* 017A4 80894F94 3C014334 */  lui     $at, 0x4334                ## $at = 43340000
.L80894F98:
/* 017A8 80894F98 0C224FB5 */  jal     func_80893ED4              
/* 017AC 80894F9C 00C02025 */  or      $a0, $a2, $zero            ## $a0 = 00000000
/* 017B0 80894FA0 1000001C */  beq     $zero, $zero, .L80895014   
/* 017B4 80894FA4 8FBF0014 */  lw      $ra, 0x0014($sp)           
/* 017B8 80894FA8 3C014334 */  lui     $at, 0x4334                ## $at = 43340000
.L80894FAC:
/* 017BC 80894FAC 44813000 */  mtc1    $at, $f6                   ## $f6 = 180.00
/* 017C0 80894FB0 3C0142A0 */  lui     $at, 0x42A0                ## $at = 42A00000
/* 017C4 80894FB4 4606003C */  c.lt.s  $f0, $f6                   
/* 017C8 80894FB8 00000000 */  nop
/* 017CC 80894FBC 45000012 */  bc1f    .L80895008                 
/* 017D0 80894FC0 00000000 */  nop
/* 017D4 80894FC4 44814000 */  mtc1    $at, $f8                   ## $f8 = 80.00
/* 017D8 80894FC8 C4CA009C */  lwc1    $f10, 0x009C($a2)          ## 0000009C
/* 017DC 80894FCC 00C02025 */  or      $a0, $a2, $zero            ## $a0 = 00000000
/* 017E0 80894FD0 24051770 */  addiu   $a1, $zero, 0x1770         ## $a1 = 00001770
/* 017E4 80894FD4 4608503E */  c.le.s  $f10, $f8                  
/* 017E8 80894FD8 00000000 */  nop
/* 017EC 80894FDC 4500000A */  bc1f    .L80895008                 
/* 017F0 80894FE0 00000000 */  nop
/* 017F4 80894FE4 0C02DCF8 */  jal     func_800B73E0              
/* 017F8 80894FE8 AFA60018 */  sw      $a2, 0x0018($sp)           
/* 017FC 80894FEC 10400006 */  beq     $v0, $zero, .L80895008     
/* 01800 80894FF0 8FA60018 */  lw      $a2, 0x0018($sp)           
/* 01804 80894FF4 00C02025 */  or      $a0, $a2, $zero            ## $a0 = 00000000
/* 01808 80894FF8 0C224EA7 */  jal     func_80893A9C              
/* 0180C 80894FFC 8FA5001C */  lw      $a1, 0x001C($sp)           
/* 01810 80895000 10000004 */  beq     $zero, $zero, .L80895014   
/* 01814 80895004 8FBF0014 */  lw      $ra, 0x0014($sp)           
.L80895008:
/* 01818 80895008 0C225213 */  jal     func_8089484C              
/* 0181C 8089500C 00C02025 */  or      $a0, $a2, $zero            ## $a0 = 00000000
/* 01820 80895010 8FBF0014 */  lw      $ra, 0x0014($sp)           
.L80895014:
/* 01824 80895014 27BD0018 */  addiu   $sp, $sp, 0x0018           ## $sp = 00000000
/* 01828 80895018 03E00008 */  jr      $ra                        
/* 0182C 8089501C 00000000 */  nop


glabel func_80895020
/* 01830 80895020 27BDFF80 */  addiu   $sp, $sp, 0xFF80           ## $sp = FFFFFF80
/* 01834 80895024 F7B40018 */  sdc1    $f20, 0x0018($sp)          
/* 01838 80895028 AFB40048 */  sw      $s4, 0x0048($sp)           
/* 0183C 8089502C AFB00038 */  sw      $s0, 0x0038($sp)           
/* 01840 80895030 4480A000 */  mtc1    $zero, $f20                ## $f20 = 0.00
/* 01844 80895034 00A08025 */  or      $s0, $a1, $zero            ## $s0 = 00000000
/* 01848 80895038 0080A025 */  or      $s4, $a0, $zero            ## $s4 = 00000000
/* 0184C 8089503C AFBF0054 */  sw      $ra, 0x0054($sp)           
/* 01850 80895040 AFB60050 */  sw      $s6, 0x0050($sp)           
/* 01854 80895044 AFB5004C */  sw      $s5, 0x004C($sp)           
/* 01858 80895048 AFB30044 */  sw      $s3, 0x0044($sp)           
/* 0185C 8089504C AFB20040 */  sw      $s2, 0x0040($sp)           
/* 01860 80895050 AFB1003C */  sw      $s1, 0x003C($sp)           
/* 01864 80895054 F7BA0030 */  sdc1    $f26, 0x0030($sp)          
/* 01868 80895058 F7B80028 */  sdc1    $f24, 0x0028($sp)          
/* 0186C 8089505C F7B60020 */  sdc1    $f22, 0x0020($sp)          
/* 01870 80895060 928E03BD */  lbu     $t6, 0x03BD($s4)           ## 000003BD
/* 01874 80895064 26950024 */  addiu   $s5, $s4, 0x0024           ## $s5 = 00000024
/* 01878 80895068 E6940070 */  swc1    $f20, 0x0070($s4)          ## 00000070
/* 0187C 8089506C 31CFFFFE */  andi    $t7, $t6, 0xFFFE           ## $t7 = 00000000
/* 01880 80895070 A28F03BD */  sb      $t7, 0x03BD($s4)           ## 000003BD
/* 01884 80895074 A280011C */  sb      $zero, 0x011C($s4)         ## 0000011C
/* 01888 80895078 02A02825 */  or      $a1, $s5, $zero            ## $a1 = 00000024
/* 0188C 8089507C 02002025 */  or      $a0, $s0, $zero            ## $a0 = 00000000
/* 01890 80895080 24060028 */  addiu   $a2, $zero, 0x0028         ## $a2 = 00000028
/* 01894 80895084 0C03C15A */  jal     func_800F0568              
/* 01898 80895088 2407386E */  addiu   $a3, $zero, 0x386E         ## $a3 = 0000386E
/* 0189C 8089508C 8E980004 */  lw      $t8, 0x0004($s4)           ## 00000004
/* 018A0 80895090 2401FFFE */  addiu   $at, $zero, 0xFFFE         ## $at = FFFFFFFE
/* 018A4 80895094 240A0001 */  addiu   $t2, $zero, 0x0001         ## $t2 = 00000001
/* 018A8 80895098 0301C824 */  and     $t9, $t8, $at              
/* 018AC 8089509C AE990004 */  sw      $t9, 0x0004($s4)           ## 00000004
/* 018B0 808950A0 37290010 */  ori     $t1, $t9, 0x0010           ## $t1 = 00000010
/* 018B4 808950A4 AE890004 */  sw      $t1, 0x0004($s4)           ## 00000004
/* 018B8 808950A8 A28A02BA */  sb      $t2, 0x02BA($s4)           ## 000002BA
/* 018BC 808950AC 02002025 */  or      $a0, $s0, $zero            ## $a0 = 00000000
/* 018C0 808950B0 02802825 */  or      $a1, $s4, $zero            ## $a1 = 00000000
/* 018C4 808950B4 02A03025 */  or      $a2, $s5, $zero            ## $a2 = 00000024
/* 018C8 808950B8 0C029F4A */  jal     func_800A7D28              
/* 018CC 808950BC 868702BE */  lh      $a3, 0x02BE($s4)           ## 000002BE
/* 018D0 808950C0 240B0019 */  addiu   $t3, $zero, 0x0019         ## $t3 = 00000019
/* 018D4 808950C4 A68B02BC */  sh      $t3, 0x02BC($s4)           ## 000002BC
/* 018D8 808950C8 3C018089 */  lui     $at, %hi(D_80896BC4)       ## $at = 80890000
/* 018DC 808950CC C4246BC4 */  lwc1    $f4, %lo(D_80896BC4)($at)  
/* 018E0 808950D0 3C0140B0 */  lui     $at, 0x40B0                ## $at = 40B00000
/* 018E4 808950D4 4481D000 */  mtc1    $at, $f26                  ## $f26 = 5.50
/* 018E8 808950D8 3C014060 */  lui     $at, 0x4060                ## $at = 40600000
/* 018EC 808950DC 4481C000 */  mtc1    $at, $f24                  ## $f24 = 3.50
/* 018F0 808950E0 E6940068 */  swc1    $f20, 0x0068($s4)          ## 00000068
/* 018F4 808950E4 E6940070 */  swc1    $f20, 0x0070($s4)          ## 00000070
/* 018F8 808950E8 3C018089 */  lui     $at, %hi(D_80896BC8)       ## $at = 80890000
/* 018FC 808950EC E6840074 */  swc1    $f4, 0x0074($s4)           ## 00000074
/* 01900 808950F0 C4366BC8 */  lwc1    $f22, %lo(D_80896BC8)($at) 
/* 01904 808950F4 3C013F80 */  lui     $at, 0x3F80                ## $at = 3F800000
/* 01908 808950F8 4481A000 */  mtc1    $at, $f20                  ## $f20 = 1.00
/* 0190C 808950FC 2690033C */  addiu   $s0, $s4, 0x033C           ## $s0 = 0000033C
/* 01910 80895100 00008825 */  or      $s1, $zero, $zero          ## $s1 = 00000000
/* 01914 80895104 269202D0 */  addiu   $s2, $s4, 0x02D0           ## $s2 = 000002D0
/* 01918 80895108 2416006C */  addiu   $s6, $zero, 0x006C         ## $s6 = 0000006C
/* 0191C 8089510C 27B30074 */  addiu   $s3, $sp, 0x0074           ## $s3 = FFFFFFF4
.L80895110:
/* 01920 80895110 02402025 */  or      $a0, $s2, $zero            ## $a0 = 000002D0
/* 01924 80895114 02A02825 */  or      $a1, $s5, $zero            ## $a1 = 00000024
/* 01928 80895118 0C03FD7D */  jal     func_800FF5F4              
/* 0192C 8089511C 02603025 */  or      $a2, $s3, $zero            ## $a2 = FFFFFFF4
/* 01930 80895120 0C05E9B5 */  jal     func_8017A6D4              
/* 01934 80895124 02602025 */  or      $a0, $s3, $zero            ## $a0 = FFFFFFF4
/* 01938 80895128 4600A03C */  c.lt.s  $f20, $f0                  
/* 0193C 8089512C 46000086 */  mov.s   $f2, $f0                   
/* 01940 80895130 C7A60074 */  lwc1    $f6, 0x0074($sp)           
/* 01944 80895134 45000002 */  bc1f    .L80895140                 
/* 01948 80895138 00000000 */  nop
/* 0194C 8089513C 4600B083 */  div.s   $f2, $f22, $f0             
.L80895140:
/* 01950 80895140 46023202 */  mul.s   $f8, $f6, $f2              
/* 01954 80895144 4600C306 */  mov.s   $f12, $f24                 
/* 01958 80895148 E6080000 */  swc1    $f8, 0x0000($s0)           ## 0000033C
/* 0195C 8089514C C7AA007C */  lwc1    $f10, 0x007C($sp)          
/* 01960 80895150 46025402 */  mul.s   $f16, $f10, $f2            
/* 01964 80895154 0C05E565 */  jal     func_80179594              
/* 01968 80895158 E6100008 */  swc1    $f16, 0x0008($s0)          ## 00000344
/* 0196C 8089515C 461A0480 */  add.s   $f18, $f0, $f26            
/* 01970 80895160 2631000C */  addiu   $s1, $s1, 0x000C           ## $s1 = 0000000C
/* 01974 80895164 2652000C */  addiu   $s2, $s2, 0x000C           ## $s2 = 000002DC
/* 01978 80895168 2610000C */  addiu   $s0, $s0, 0x000C           ## $s0 = 00000348
/* 0197C 8089516C 1636FFE8 */  bne     $s1, $s6, .L80895110       
/* 01980 80895170 E612FFF8 */  swc1    $f18, -0x0008($s0)         ## 00000340
/* 01984 80895174 3C0C8089 */  lui     $t4, %hi(func_808951B8)    ## $t4 = 80890000
/* 01988 80895178 258C51B8 */  addiu   $t4, $t4, %lo(func_808951B8) ## $t4 = 808951B8
/* 0198C 8089517C AE8C02B4 */  sw      $t4, 0x02B4($s4)           ## 000002B4
/* 01990 80895180 8FBF0054 */  lw      $ra, 0x0054($sp)           
/* 01994 80895184 D7B40018 */  ldc1    $f20, 0x0018($sp)          
/* 01998 80895188 D7B60020 */  ldc1    $f22, 0x0020($sp)          
/* 0199C 8089518C D7B80028 */  ldc1    $f24, 0x0028($sp)          
/* 019A0 80895190 D7BA0030 */  ldc1    $f26, 0x0030($sp)          
/* 019A4 80895194 8FB00038 */  lw      $s0, 0x0038($sp)           
/* 019A8 80895198 8FB1003C */  lw      $s1, 0x003C($sp)           
/* 019AC 8089519C 8FB20040 */  lw      $s2, 0x0040($sp)           
/* 019B0 808951A0 8FB30044 */  lw      $s3, 0x0044($sp)           
/* 019B4 808951A4 8FB40048 */  lw      $s4, 0x0048($sp)           
/* 019B8 808951A8 8FB5004C */  lw      $s5, 0x004C($sp)           
/* 019BC 808951AC 8FB60050 */  lw      $s6, 0x0050($sp)           
/* 019C0 808951B0 03E00008 */  jr      $ra                        
/* 019C4 808951B4 27BD0080 */  addiu   $sp, $sp, 0x0080           ## $sp = 00000000


glabel func_808951B8
/* 019C8 808951B8 27BDFFC0 */  addiu   $sp, $sp, 0xFFC0           ## $sp = FFFFFFC0
/* 019CC 808951BC AFB50038 */  sw      $s5, 0x0038($sp)           
/* 019D0 808951C0 AFB30030 */  sw      $s3, 0x0030($sp)           
/* 019D4 808951C4 00A09825 */  or      $s3, $a1, $zero            ## $s3 = 00000000
/* 019D8 808951C8 0080A825 */  or      $s5, $a0, $zero            ## $s5 = 00000000
/* 019DC 808951CC AFBF003C */  sw      $ra, 0x003C($sp)           
/* 019E0 808951D0 AFB40034 */  sw      $s4, 0x0034($sp)           
/* 019E4 808951D4 AFB2002C */  sw      $s2, 0x002C($sp)           
/* 019E8 808951D8 AFB10028 */  sw      $s1, 0x0028($sp)           
/* 019EC 808951DC AFB00024 */  sw      $s0, 0x0024($sp)           
/* 019F0 808951E0 86AE02BC */  lh      $t6, 0x02BC($s5)           ## 000002BC
/* 019F4 808951E4 24180400 */  addiu   $t8, $zero, 0x0400         ## $t8 = 00000400
/* 019F8 808951E8 26A40034 */  addiu   $a0, $s5, 0x0034           ## $a0 = 00000034
/* 019FC 808951EC 25CFFFFF */  addiu   $t7, $t6, 0xFFFF           ## $t7 = FFFFFFFF
/* 01A00 808951F0 A6AF02BC */  sh      $t7, 0x02BC($s5)           ## 000002BC
/* 01A04 808951F4 AFB80010 */  sw      $t8, 0x0010($sp)           
/* 01A08 808951F8 24054000 */  addiu   $a1, $zero, 0x4000         ## $a1 = 00004000
/* 01A0C 808951FC 24060004 */  addiu   $a2, $zero, 0x0004         ## $a2 = 00000004
/* 01A10 80895200 0C03FFAF */  jal     func_800FFEBC              
/* 01A14 80895204 24071000 */  addiu   $a3, $zero, 0x1000         ## $a3 = 00001000
/* 01A18 80895208 86B902BC */  lh      $t9, 0x02BC($s5)           ## 000002BC
/* 01A1C 8089520C 00009025 */  or      $s2, $zero, $zero          ## $s2 = 00000000
/* 01A20 80895210 02A08825 */  or      $s1, $s5, $zero            ## $s1 = 00000000
/* 01A24 80895214 1720001D */  bne     $t9, $zero, .L8089528C     
/* 01A28 80895218 26B002D0 */  addiu   $s0, $s5, 0x02D0           ## $s0 = 000002D0
/* 01A2C 8089521C 3C12801D */  lui     $s2, 0x801D                ## $s2 = 801D0000
/* 01A30 80895220 265215B0 */  addiu   $s2, $s2, 0x15B0           ## $s2 = 801D15B0
/* 01A34 80895224 00008825 */  or      $s1, $zero, $zero          ## $s1 = 00000000
/* 01A38 80895228 26B002D0 */  addiu   $s0, $s5, 0x02D0           ## $s0 = 000002D0
/* 01A3C 8089522C 2414006C */  addiu   $s4, $zero, 0x006C         ## $s4 = 0000006C
.L80895230:
/* 01A40 80895230 24080028 */  addiu   $t0, $zero, 0x0028         ## $t0 = 00000028
/* 01A44 80895234 24090007 */  addiu   $t1, $zero, 0x0007         ## $t1 = 00000007
/* 01A48 80895238 240A0001 */  addiu   $t2, $zero, 0x0001         ## $t2 = 00000001
/* 01A4C 8089523C AFAA0018 */  sw      $t2, 0x0018($sp)           
/* 01A50 80895240 AFA90014 */  sw      $t1, 0x0014($sp)           
/* 01A54 80895244 AFA80010 */  sw      $t0, 0x0010($sp)           
/* 01A58 80895248 02602025 */  or      $a0, $s3, $zero            ## $a0 = 00000000
/* 01A5C 8089524C 02002825 */  or      $a1, $s0, $zero            ## $a1 = 000002D0
/* 01A60 80895250 02403025 */  or      $a2, $s2, $zero            ## $a2 = 801D15B0
/* 01A64 80895254 0C02CC0C */  jal     func_800B3030              
/* 01A68 80895258 02403825 */  or      $a3, $s2, $zero            ## $a3 = 801D15B0
/* 01A6C 8089525C 02602025 */  or      $a0, $s3, $zero            ## $a0 = 00000000
/* 01A70 80895260 02002825 */  or      $a1, $s0, $zero            ## $a1 = 000002D0
/* 01A74 80895264 2406000B */  addiu   $a2, $zero, 0x000B         ## $a2 = 0000000B
/* 01A78 80895268 0C03C15A */  jal     func_800F0568              
/* 01A7C 8089526C 24073878 */  addiu   $a3, $zero, 0x3878         ## $a3 = 00003878
/* 01A80 80895270 2631000C */  addiu   $s1, $s1, 0x000C           ## $s1 = 0000000C
/* 01A84 80895274 1634FFEE */  bne     $s1, $s4, .L80895230       
/* 01A88 80895278 2610000C */  addiu   $s0, $s0, 0x000C           ## $s0 = 000002DC
/* 01A8C 8089527C 0C02D9C3 */  jal     func_800B670C              
/* 01A90 80895280 02A02025 */  or      $a0, $s5, $zero            ## $a0 = 00000000
/* 01A94 80895284 10000011 */  beq     $zero, $zero, .L808952CC   
/* 01A98 80895288 8FBF003C */  lw      $ra, 0x003C($sp)           
.L8089528C:
/* 01A9C 8089528C 26B3033C */  addiu   $s3, $s5, 0x033C           ## $s3 = 0000033C
/* 01AA0 80895290 24140009 */  addiu   $s4, $zero, 0x0009         ## $s4 = 00000009
.L80895294:
/* 01AA4 80895294 02002025 */  or      $a0, $s0, $zero            ## $a0 = 000002DC
/* 01AA8 80895298 02602825 */  or      $a1, $s3, $zero            ## $a1 = 0000033C
/* 01AAC 8089529C 0C03FD6F */  jal     func_800FF5BC              
/* 01AB0 808952A0 02003025 */  or      $a2, $s0, $zero            ## $a2 = 000002DC
/* 01AB4 808952A4 C6240340 */  lwc1    $f4, 0x0340($s1)           ## 0000034C
/* 01AB8 808952A8 C6A60074 */  lwc1    $f6, 0x0074($s5)           ## 00000074
/* 01ABC 808952AC 26520001 */  addiu   $s2, $s2, 0x0001           ## $s2 = 801D15B1
/* 01AC0 808952B0 2631000C */  addiu   $s1, $s1, 0x000C           ## $s1 = 00000018
/* 01AC4 808952B4 46062200 */  add.s   $f8, $f4, $f6              
/* 01AC8 808952B8 2610000C */  addiu   $s0, $s0, 0x000C           ## $s0 = 000002E8
/* 01ACC 808952BC 2673000C */  addiu   $s3, $s3, 0x000C           ## $s3 = 00000348
/* 01AD0 808952C0 1654FFF4 */  bne     $s2, $s4, .L80895294       
/* 01AD4 808952C4 E6280334 */  swc1    $f8, 0x0334($s1)           ## 0000034C
/* 01AD8 808952C8 8FBF003C */  lw      $ra, 0x003C($sp)           
.L808952CC:
/* 01ADC 808952CC 8FB00024 */  lw      $s0, 0x0024($sp)           
/* 01AE0 808952D0 8FB10028 */  lw      $s1, 0x0028($sp)           
/* 01AE4 808952D4 8FB2002C */  lw      $s2, 0x002C($sp)           
/* 01AE8 808952D8 8FB30030 */  lw      $s3, 0x0030($sp)           
/* 01AEC 808952DC 8FB40034 */  lw      $s4, 0x0034($sp)           
/* 01AF0 808952E0 8FB50038 */  lw      $s5, 0x0038($sp)           
/* 01AF4 808952E4 03E00008 */  jr      $ra                        
/* 01AF8 808952E8 27BD0040 */  addiu   $sp, $sp, 0x0040           ## $sp = 00000000


glabel func_808952EC
/* 01AFC 808952EC 27BDFFE0 */  addiu   $sp, $sp, 0xFFE0           ## $sp = FFFFFFE0
/* 01B00 808952F0 AFB00018 */  sw      $s0, 0x0018($sp)           
/* 01B04 808952F4 00808025 */  or      $s0, $a0, $zero            ## $s0 = 00000000
/* 01B08 808952F8 AFBF001C */  sw      $ra, 0x001C($sp)           
/* 01B0C 808952FC 3C050600 */  lui     $a1, 0x0600                ## $a1 = 06000000
/* 01B10 80895300 24A50A14 */  addiu   $a1, $a1, 0x0A14           ## $a1 = 06000A14
/* 01B14 80895304 26040144 */  addiu   $a0, $s0, 0x0144           ## $a0 = 00000144
/* 01B18 80895308 0C04DD73 */  jal     func_801375CC              
/* 01B1C 8089530C 3C063FC0 */  lui     $a2, 0x3FC0                ## $a2 = 3FC00000
/* 01B20 80895310 02002025 */  or      $a0, $s0, $zero            ## $a0 = 00000000
/* 01B24 80895314 0C02E3B2 */  jal     func_800B8EC8              
/* 01B28 80895318 24053888 */  addiu   $a1, $zero, 0x3888         ## $a1 = 00003888
/* 01B2C 8089531C 920E03BD */  lbu     $t6, 0x03BD($s0)           ## 000003BD
/* 01B30 80895320 02002025 */  or      $a0, $s0, $zero            ## $a0 = 00000000
/* 01B34 80895324 31CFFFFE */  andi    $t7, $t6, 0xFFFE           ## $t7 = 00000000
/* 01B38 80895328 0C224E86 */  jal     func_80893A18              
/* 01B3C 8089532C A20F03BD */  sb      $t7, 0x03BD($s0)           ## 000003BD
/* 01B40 80895330 3C01BF80 */  lui     $at, 0xBF80                ## $at = BF800000
/* 01B44 80895334 44802000 */  mtc1    $zero, $f4                 ## $f4 = 0.00
/* 01B48 80895338 44813000 */  mtc1    $at, $f6                   ## $f6 = -1.00
/* 01B4C 8089533C 24180001 */  addiu   $t8, $zero, 0x0001         ## $t8 = 00000001
/* 01B50 80895340 24190190 */  addiu   $t9, $zero, 0x0190         ## $t9 = 00000190
/* 01B54 80895344 A21802B9 */  sb      $t8, 0x02B9($s0)           ## 000002B9
/* 01B58 80895348 A61902BC */  sh      $t9, 0x02BC($s0)           ## 000002BC
/* 01B5C 8089534C E6040070 */  swc1    $f4, 0x0070($s0)           ## 00000070
/* 01B60 80895350 0C021BF7 */  jal     func_80086FDC              
/* 01B64 80895354 E6060074 */  swc1    $f6, 0x0074($s0)           ## 00000074
/* 01B68 80895358 3C014248 */  lui     $at, 0x4248                ## $at = 42480000
/* 01B6C 8089535C 44814000 */  mtc1    $at, $f8                   ## $f8 = 50.00
/* 01B70 80895360 24090001 */  addiu   $t1, $zero, 0x0001         ## $t1 = 00000001
/* 01B74 80895364 3C0C8089 */  lui     $t4, %hi(func_80895424)    ## $t4 = 80890000
/* 01B78 80895368 46080282 */  mul.s   $f10, $f0, $f8             
/* 01B7C 8089536C 3C014F00 */  lui     $at, 0x4F00                ## $at = 4F000000
/* 01B80 80895370 258C5424 */  addiu   $t4, $t4, %lo(func_80895424) ## $t4 = 80895424
/* 01B84 80895374 4448F800 */  cfc1    $t0, $f31                  
/* 01B88 80895378 44C9F800 */  ctc1    $t1, $f31                  
/* 01B8C 8089537C 00000000 */  nop
/* 01B90 80895380 46005424 */  cvt.w.s $f16, $f10                 
/* 01B94 80895384 4449F800 */  cfc1    $t1, $f31                  
/* 01B98 80895388 00000000 */  nop
/* 01B9C 8089538C 31290078 */  andi    $t1, $t1, 0x0078           ## $t1 = 00000000
/* 01BA0 80895390 51200013 */  beql    $t1, $zero, .L808953E0     
/* 01BA4 80895394 44098000 */  mfc1    $t1, $f16                  
/* 01BA8 80895398 44818000 */  mtc1    $at, $f16                  ## $f16 = 2147483648.00
/* 01BAC 8089539C 24090001 */  addiu   $t1, $zero, 0x0001         ## $t1 = 00000001
/* 01BB0 808953A0 46105401 */  sub.s   $f16, $f10, $f16           
/* 01BB4 808953A4 44C9F800 */  ctc1    $t1, $f31                  
/* 01BB8 808953A8 00000000 */  nop
/* 01BBC 808953AC 46008424 */  cvt.w.s $f16, $f16                 
/* 01BC0 808953B0 4449F800 */  cfc1    $t1, $f31                  
/* 01BC4 808953B4 00000000 */  nop
/* 01BC8 808953B8 31290078 */  andi    $t1, $t1, 0x0078           ## $t1 = 00000000
/* 01BCC 808953BC 15200005 */  bne     $t1, $zero, .L808953D4     
/* 01BD0 808953C0 00000000 */  nop
/* 01BD4 808953C4 44098000 */  mfc1    $t1, $f16                  
/* 01BD8 808953C8 3C018000 */  lui     $at, 0x8000                ## $at = 80000000
/* 01BDC 808953CC 10000007 */  beq     $zero, $zero, .L808953EC   
/* 01BE0 808953D0 01214825 */  or      $t1, $t1, $at              ## $t1 = 80000000
.L808953D4:
/* 01BE4 808953D4 10000005 */  beq     $zero, $zero, .L808953EC   
/* 01BE8 808953D8 2409FFFF */  addiu   $t1, $zero, 0xFFFF         ## $t1 = FFFFFFFF
/* 01BEC 808953DC 44098000 */  mfc1    $t1, $f16                  
.L808953E0:
/* 01BF0 808953E0 00000000 */  nop
/* 01BF4 808953E4 0520FFFB */  bltz    $t1, .L808953D4            
/* 01BF8 808953E8 00000000 */  nop
.L808953EC:
/* 01BFC 808953EC 960A0090 */  lhu     $t2, 0x0090($s0)           ## 00000090
/* 01C00 808953F0 3C014130 */  lui     $at, 0x4130                ## $at = 41300000
/* 01C04 808953F4 44819000 */  mtc1    $at, $f18                  ## $f18 = 11.00
/* 01C08 808953F8 44C8F800 */  ctc1    $t0, $f31                  
/* 01C0C 808953FC 314BFFFE */  andi    $t3, $t2, 0xFFFE           ## $t3 = 00000000
/* 01C10 80895400 A20902B8 */  sb      $t1, 0x02B8($s0)           ## 000002B8
/* 01C14 80895404 A60B0090 */  sh      $t3, 0x0090($s0)           ## 00000090
/* 01C18 80895408 AE0C02B4 */  sw      $t4, 0x02B4($s0)           ## 000002B4
/* 01C1C 8089540C E6120068 */  swc1    $f18, 0x0068($s0)          ## 00000068
/* 01C20 80895410 8FBF001C */  lw      $ra, 0x001C($sp)           
/* 01C24 80895414 8FB00018 */  lw      $s0, 0x0018($sp)           
/* 01C28 80895418 27BD0020 */  addiu   $sp, $sp, 0x0020           ## $sp = 00000000
/* 01C2C 8089541C 03E00008 */  jr      $ra                        
/* 01C30 80895420 00000000 */  nop


glabel func_80895424
/* 01C34 80895424 27BDFFC8 */  addiu   $sp, $sp, 0xFFC8           ## $sp = FFFFFFC8
/* 01C38 80895428 AFB00030 */  sw      $s0, 0x0030($sp)           
/* 01C3C 8089542C 00808025 */  or      $s0, $a0, $zero            ## $s0 = 00000000
/* 01C40 80895430 AFBF0034 */  sw      $ra, 0x0034($sp)           
/* 01C44 80895434 AFA5003C */  sw      $a1, 0x003C($sp)           
/* 01C48 80895438 260400C0 */  addiu   $a0, $s0, 0x00C0           ## $a0 = 000000C0
/* 01C4C 8089543C 24058000 */  addiu   $a1, $zero, 0x8000         ## $a1 = FFFF8000
/* 01C50 80895440 0C03FB9C */  jal     func_800FEE70              
/* 01C54 80895444 24060FA0 */  addiu   $a2, $zero, 0x0FA0         ## $a2 = 00000FA0
/* 01C58 80895448 920202B8 */  lbu     $v0, 0x02B8($s0)           ## 000002B8
/* 01C5C 8089544C 10400003 */  beq     $v0, $zero, .L8089545C     
/* 01C60 80895450 244EFFFF */  addiu   $t6, $v0, 0xFFFF           ## $t6 = FFFFFFFF
/* 01C64 80895454 1000002E */  beq     $zero, $zero, .L80895510   
/* 01C68 80895458 A20E02B8 */  sb      $t6, 0x02B8($s0)           ## 000002B8
.L8089545C:
/* 01C6C 8089545C 0C021BF7 */  jal     func_80086FDC              
/* 01C70 80895460 00000000 */  nop
/* 01C74 80895464 3C0141F0 */  lui     $at, 0x41F0                ## $at = 41F00000
/* 01C78 80895468 44812000 */  mtc1    $at, $f4                   ## $f4 = 30.00
/* 01C7C 8089546C 24180001 */  addiu   $t8, $zero, 0x0001         ## $t8 = 00000001
/* 01C80 80895470 3C014F00 */  lui     $at, 0x4F00                ## $at = 4F000000
/* 01C84 80895474 46040182 */  mul.s   $f6, $f0, $f4              
/* 01C88 80895478 444FF800 */  cfc1    $t7, $f31                  
/* 01C8C 8089547C 44D8F800 */  ctc1    $t8, $f31                  
/* 01C90 80895480 00000000 */  nop
/* 01C94 80895484 46003224 */  cvt.w.s $f8, $f6                   
/* 01C98 80895488 4458F800 */  cfc1    $t8, $f31                  
/* 01C9C 8089548C 00000000 */  nop
/* 01CA0 80895490 33180078 */  andi    $t8, $t8, 0x0078           ## $t8 = 00000000
/* 01CA4 80895494 53000013 */  beql    $t8, $zero, .L808954E4     
/* 01CA8 80895498 44184000 */  mfc1    $t8, $f8                   
/* 01CAC 8089549C 44814000 */  mtc1    $at, $f8                   ## $f8 = 2147483648.00
/* 01CB0 808954A0 24180001 */  addiu   $t8, $zero, 0x0001         ## $t8 = 00000001
/* 01CB4 808954A4 46083201 */  sub.s   $f8, $f6, $f8              
/* 01CB8 808954A8 44D8F800 */  ctc1    $t8, $f31                  
/* 01CBC 808954AC 00000000 */  nop
/* 01CC0 808954B0 46004224 */  cvt.w.s $f8, $f8                   
/* 01CC4 808954B4 4458F800 */  cfc1    $t8, $f31                  
/* 01CC8 808954B8 00000000 */  nop
/* 01CCC 808954BC 33180078 */  andi    $t8, $t8, 0x0078           ## $t8 = 00000000
/* 01CD0 808954C0 17000005 */  bne     $t8, $zero, .L808954D8     
/* 01CD4 808954C4 00000000 */  nop
/* 01CD8 808954C8 44184000 */  mfc1    $t8, $f8                   
/* 01CDC 808954CC 3C018000 */  lui     $at, 0x8000                ## $at = 80000000
/* 01CE0 808954D0 10000007 */  beq     $zero, $zero, .L808954F0   
/* 01CE4 808954D4 0301C025 */  or      $t8, $t8, $at              ## $t8 = 80000000
.L808954D8:
/* 01CE8 808954D8 10000005 */  beq     $zero, $zero, .L808954F0   
/* 01CEC 808954DC 2418FFFF */  addiu   $t8, $zero, 0xFFFF         ## $t8 = FFFFFFFF
/* 01CF0 808954E0 44184000 */  mfc1    $t8, $f8                   
.L808954E4:
/* 01CF4 808954E4 00000000 */  nop
/* 01CF8 808954E8 0700FFFB */  bltz    $t8, .L808954D8            
/* 01CFC 808954EC 00000000 */  nop
.L808954F0:
/* 01D00 808954F0 44CFF800 */  ctc1    $t7, $f31                  
/* 01D04 808954F4 0C021BF7 */  jal     func_80086FDC              
/* 01D08 808954F8 A21802B8 */  sb      $t8, 0x02B8($s0)           ## 000002B8
/* 01D0C 808954FC 3C0140A0 */  lui     $at, 0x40A0                ## $at = 40A00000
/* 01D10 80895500 44815000 */  mtc1    $at, $f10                  ## $f10 = 5.00
/* 01D14 80895504 00000000 */  nop
/* 01D18 80895508 460A0402 */  mul.s   $f16, $f0, $f10            
/* 01D1C 8089550C E610015C */  swc1    $f16, 0x015C($s0)          ## 0000015C
.L80895510:
/* 01D20 80895510 0C04DB34 */  jal     func_80136CD0              
/* 01D24 80895514 26040144 */  addiu   $a0, $s0, 0x0144           ## $a0 = 00000144
/* 01D28 80895518 96020090 */  lhu     $v0, 0x0090($s0)           ## 00000090
/* 01D2C 8089551C 3C01452F */  lui     $at, 0x452F                ## $at = 452F0000
/* 01D30 80895520 30590001 */  andi    $t9, $v0, 0x0001           ## $t9 = 00000000
/* 01D34 80895524 53200020 */  beql    $t9, $zero, .L808955A8     
/* 01D38 80895528 C60000C4 */  lwc1    $f0, 0x00C4($s0)           ## 000000C4
/* 01D3C 8089552C 920803BD */  lbu     $t0, 0x03BD($s0)           ## 000003BD
/* 01D40 80895530 304A0002 */  andi    $t2, $v0, 0x0002           ## $t2 = 00000000
/* 01D44 80895534 02002825 */  or      $a1, $s0, $zero            ## $a1 = 00000000
/* 01D48 80895538 35090001 */  ori     $t1, $t0, 0x0001           ## $t1 = 00000001
/* 01D4C 8089553C 11400010 */  beq     $t2, $zero, .L80895580     
/* 01D50 80895540 A20903BD */  sb      $t1, 0x03BD($s0)           ## 000003BD
/* 01D54 80895544 3C014080 */  lui     $at, 0x4080                ## $at = 40800000
/* 01D58 80895548 44819000 */  mtc1    $at, $f18                  ## $f18 = 4.00
/* 01D5C 8089554C 240B000B */  addiu   $t3, $zero, 0x000B         ## $t3 = 0000000B
/* 01D60 80895550 AFAB0010 */  sw      $t3, 0x0010($sp)           
/* 01D64 80895554 8FA4003C */  lw      $a0, 0x003C($sp)           
/* 01D68 80895558 26060024 */  addiu   $a2, $s0, 0x0024           ## $a2 = 00000024
/* 01D6C 8089555C 3C0741A0 */  lui     $a3, 0x41A0                ## $a3 = 41A00000
/* 01D70 80895560 AFA00018 */  sw      $zero, 0x0018($sp)         
/* 01D74 80895564 AFA0001C */  sw      $zero, 0x001C($sp)         
/* 01D78 80895568 AFA00020 */  sw      $zero, 0x0020($sp)         
/* 01D7C 8089556C 0C02EF6B */  jal     func_800BBDAC              
/* 01D80 80895570 E7B20014 */  swc1    $f18, 0x0014($sp)          
/* 01D84 80895574 02002025 */  or      $a0, $s0, $zero            ## $a0 = 00000000
/* 01D88 80895578 0C02E3B2 */  jal     func_800B8EC8              
/* 01D8C 8089557C 2405387B */  addiu   $a1, $zero, 0x387B         ## $a1 = 0000387B
.L80895580:
/* 01D90 80895580 860202BC */  lh      $v0, 0x02BC($s0)           ## 000002BC
/* 01D94 80895584 14400005 */  bne     $v0, $zero, .L8089559C     
/* 01D98 80895588 244CFFFF */  addiu   $t4, $v0, 0xFFFF           ## $t4 = FFFFFFFF
/* 01D9C 8089558C 0C225579 */  jal     func_808955E4              
/* 01DA0 80895590 02002025 */  or      $a0, $s0, $zero            ## $a0 = 00000000
/* 01DA4 80895594 1000000F */  beq     $zero, $zero, .L808955D4   
/* 01DA8 80895598 8FBF0034 */  lw      $ra, 0x0034($sp)           
.L8089559C:
/* 01DAC 8089559C 1000000C */  beq     $zero, $zero, .L808955D0   
/* 01DB0 808955A0 A60C02BC */  sh      $t4, 0x02BC($s0)           ## 000002BC
/* 01DB4 808955A4 C60000C4 */  lwc1    $f0, 0x00C4($s0)           ## 000000C4
.L808955A8:
/* 01DB8 808955A8 44812000 */  mtc1    $at, $f4                   ## $f4 = 0.00
/* 01DBC 808955AC 3C0143C8 */  lui     $at, 0x43C8                ## $at = 43C80000
/* 01DC0 808955B0 4604003C */  c.lt.s  $f0, $f4                   
/* 01DC4 808955B4 00000000 */  nop
/* 01DC8 808955B8 45020006 */  bc1fl   .L808955D4                 
/* 01DCC 808955BC 8FBF0034 */  lw      $ra, 0x0034($sp)           
/* 01DD0 808955C0 44813000 */  mtc1    $at, $f6                   ## $f6 = 400.00
/* 01DD4 808955C4 00000000 */  nop
/* 01DD8 808955C8 46060200 */  add.s   $f8, $f0, $f6              
/* 01DDC 808955CC E60800C4 */  swc1    $f8, 0x00C4($s0)           ## 000000C4
.L808955D0:
/* 01DE0 808955D0 8FBF0034 */  lw      $ra, 0x0034($sp)           
.L808955D4:
/* 01DE4 808955D4 8FB00030 */  lw      $s0, 0x0030($sp)           
/* 01DE8 808955D8 27BD0038 */  addiu   $sp, $sp, 0x0038           ## $sp = 00000000
/* 01DEC 808955DC 03E00008 */  jr      $ra                        
/* 01DF0 808955E0 00000000 */  nop


glabel func_808955E4
/* 01DF4 808955E4 27BDFFE8 */  addiu   $sp, $sp, 0xFFE8           ## $sp = FFFFFFE8
/* 01DF8 808955E8 AFBF0014 */  sw      $ra, 0x0014($sp)           
/* 01DFC 808955EC 3C014150 */  lui     $at, 0x4150                ## $at = 41500000
/* 01E00 808955F0 44812000 */  mtc1    $at, $f4                   ## $f4 = 13.00
/* 01E04 808955F4 A08002B9 */  sb      $zero, 0x02B9($a0)         ## 000002B9
/* 01E08 808955F8 24053888 */  addiu   $a1, $zero, 0x3888         ## $a1 = 00003888
/* 01E0C 808955FC E4840068 */  swc1    $f4, 0x0068($a0)           ## 00000068
/* 01E10 80895600 0C02E3B2 */  jal     func_800B8EC8              
/* 01E14 80895604 AFA40018 */  sw      $a0, 0x0018($sp)           
/* 01E18 80895608 8FA40018 */  lw      $a0, 0x0018($sp)           
/* 01E1C 8089560C 3C088089 */  lui     $t0, %hi(func_80895640)    ## $t0 = 80890000
/* 01E20 80895610 25085640 */  addiu   $t0, $t0, %lo(func_80895640) ## $t0 = 80895640
/* 01E24 80895614 948E0090 */  lhu     $t6, 0x0090($a0)           ## 00000090
/* 01E28 80895618 909803BD */  lbu     $t8, 0x03BD($a0)           ## 000003BD
/* 01E2C 8089561C AC8802B4 */  sw      $t0, 0x02B4($a0)           ## 000002B4
/* 01E30 80895620 31CFFFFE */  andi    $t7, $t6, 0xFFFE           ## $t7 = 00000000
/* 01E34 80895624 3319FFFE */  andi    $t9, $t8, 0xFFFE           ## $t9 = 00000000
/* 01E38 80895628 A48F0090 */  sh      $t7, 0x0090($a0)           ## 00000090
/* 01E3C 8089562C A09903BD */  sb      $t9, 0x03BD($a0)           ## 000003BD
/* 01E40 80895630 8FBF0014 */  lw      $ra, 0x0014($sp)           
/* 01E44 80895634 27BD0018 */  addiu   $sp, $sp, 0x0018           ## $sp = 00000000
/* 01E48 80895638 03E00008 */  jr      $ra                        
/* 01E4C 8089563C 00000000 */  nop


glabel func_80895640
/* 01E50 80895640 27BDFFE0 */  addiu   $sp, $sp, 0xFFE0           ## $sp = FFFFFFE0
/* 01E54 80895644 AFB00018 */  sw      $s0, 0x0018($sp)           
/* 01E58 80895648 00808025 */  or      $s0, $a0, $zero            ## $s0 = 00000000
/* 01E5C 8089564C AFBF001C */  sw      $ra, 0x001C($sp)           
/* 01E60 80895650 AFA50024 */  sw      $a1, 0x0024($sp)           
/* 01E64 80895654 260400C0 */  addiu   $a0, $s0, 0x00C0           ## $a0 = 000000C0
/* 01E68 80895658 00002825 */  or      $a1, $zero, $zero          ## $a1 = 00000000
/* 01E6C 8089565C 0C03FB9C */  jal     func_800FEE70              
/* 01E70 80895660 24060FA0 */  addiu   $a2, $zero, 0x0FA0         ## $a2 = 00000FA0
/* 01E74 80895664 0C04DB34 */  jal     func_80136CD0              
/* 01E78 80895668 26040144 */  addiu   $a0, $s0, 0x0144           ## $a0 = 00000144
/* 01E7C 8089566C 960E0090 */  lhu     $t6, 0x0090($s0)           ## 00000090
/* 01E80 80895670 31CF0001 */  andi    $t7, $t6, 0x0001           ## $t7 = 00000000
/* 01E84 80895674 51E0000C */  beql    $t7, $zero, .L808956A8     
/* 01E88 80895678 8FBF001C */  lw      $ra, 0x001C($sp)           
/* 01E8C 8089567C 921803BD */  lbu     $t8, 0x03BD($s0)           ## 000003BD
/* 01E90 80895680 44802000 */  mtc1    $zero, $f4                 ## $f4 = 0.00
/* 01E94 80895684 02002025 */  or      $a0, $s0, $zero            ## $a0 = 00000000
/* 01E98 80895688 37190001 */  ori     $t9, $t8, 0x0001           ## $t9 = 00000001
/* 01E9C 8089568C A21903BD */  sb      $t9, 0x03BD($s0)           ## 000003BD
/* 01EA0 80895690 E60400C4 */  swc1    $f4, 0x00C4($s0)           ## 000000C4
/* 01EA4 80895694 0C224EF3 */  jal     func_80893BCC              
/* 01EA8 80895698 8FA50024 */  lw      $a1, 0x0024($sp)           
/* 01EAC 8089569C 0C224FB5 */  jal     func_80893ED4              
/* 01EB0 808956A0 02002025 */  or      $a0, $s0, $zero            ## $a0 = 00000000
/* 01EB4 808956A4 8FBF001C */  lw      $ra, 0x001C($sp)           
.L808956A8:
/* 01EB8 808956A8 8FB00018 */  lw      $s0, 0x0018($sp)           
/* 01EBC 808956AC 27BD0020 */  addiu   $sp, $sp, 0x0020           ## $sp = 00000000
/* 01EC0 808956B0 03E00008 */  jr      $ra                        
/* 01EC4 808956B4 00000000 */  nop


glabel func_808956B8
/* 01EC8 808956B8 909903BD */  lbu     $t9, 0x03BD($a0)           ## 000003BD
/* 01ECC 808956BC 3C01BF80 */  lui     $at, 0xBF80                ## $at = BF800000
/* 01ED0 808956C0 848F0092 */  lh      $t7, 0x0092($a0)           ## 00000092
/* 01ED4 808956C4 44812000 */  mtc1    $at, $f4                   ## $f4 = -1.00
/* 01ED8 808956C8 3C098089 */  lui     $t1, %hi(func_80895738)    ## $t1 = 80890000
/* 01EDC 808956CC 240E0190 */  addiu   $t6, $zero, 0x0190         ## $t6 = 00000190
/* 01EE0 808956D0 2418000C */  addiu   $t8, $zero, 0x000C         ## $t8 = 0000000C
/* 01EE4 808956D4 25295738 */  addiu   $t1, $t1, %lo(func_80895738) ## $t1 = 80895738
/* 01EE8 808956D8 37280004 */  ori     $t0, $t9, 0x0004           ## $t0 = 00000004
/* 01EEC 808956DC A48E02BC */  sh      $t6, 0x02BC($a0)           ## 000002BC
/* 01EF0 808956E0 A09803C0 */  sb      $t8, 0x03C0($a0)           ## 000003C0
/* 01EF4 808956E4 A08803BD */  sb      $t0, 0x03BD($a0)           ## 000003BD
/* 01EF8 808956E8 AC8902B4 */  sw      $t1, 0x02B4($a0)           ## 000002B4
/* 01EFC 808956EC A48F0032 */  sh      $t7, 0x0032($a0)           ## 00000032
/* 01F00 808956F0 E4840074 */  swc1    $f4, 0x0074($a0)           ## 00000074
/* 01F04 808956F4 03E00008 */  jr      $ra                        
/* 01F08 808956F8 00000000 */  nop


glabel func_808956FC
/* 01F0C 808956FC 27BDFFE8 */  addiu   $sp, $sp, 0xFFE8           ## $sp = FFFFFFE8
/* 01F10 80895700 AFBF0014 */  sw      $ra, 0x0014($sp)           
/* 01F14 80895704 948F0090 */  lhu     $t7, 0x0090($a0)           ## 00000090
/* 01F18 80895708 3C0140F0 */  lui     $at, 0x40F0                ## $at = 40F00000
/* 01F1C 8089570C 44812000 */  mtc1    $at, $f4                   ## $f4 = 7.50
/* 01F20 80895710 240EFFFF */  addiu   $t6, $zero, 0xFFFF         ## $t6 = FFFFFFFF
/* 01F24 80895714 31F8FFFE */  andi    $t8, $t7, 0xFFFE           ## $t8 = 00000000
/* 01F28 80895718 A48E02BC */  sh      $t6, 0x02BC($a0)           ## 000002BC
/* 01F2C 8089571C A4980090 */  sh      $t8, 0x0090($a0)           ## 00000090
/* 01F30 80895720 0C224E86 */  jal     func_80893A18              
/* 01F34 80895724 E4840068 */  swc1    $f4, 0x0068($a0)           ## 00000068
/* 01F38 80895728 8FBF0014 */  lw      $ra, 0x0014($sp)           
/* 01F3C 8089572C 27BD0018 */  addiu   $sp, $sp, 0x0018           ## $sp = 00000000
/* 01F40 80895730 03E00008 */  jr      $ra                        
/* 01F44 80895734 00000000 */  nop


glabel func_80895738
/* 01F48 80895738 27BDFFE0 */  addiu   $sp, $sp, 0xFFE0           ## $sp = FFFFFFE0
/* 01F4C 8089573C AFB00018 */  sw      $s0, 0x0018($sp)           
/* 01F50 80895740 00808025 */  or      $s0, $a0, $zero            ## $s0 = 00000000
/* 01F54 80895744 AFBF001C */  sw      $ra, 0x001C($sp)           
/* 01F58 80895748 AFA50024 */  sw      $a1, 0x0024($sp)           
/* 01F5C 8089574C 02002025 */  or      $a0, $s0, $zero            ## $a0 = 00000000
/* 01F60 80895750 0C224EF3 */  jal     func_80893BCC              
/* 01F64 80895754 8FA50024 */  lw      $a1, 0x0024($sp)           
/* 01F68 80895758 920203BC */  lbu     $v0, 0x03BC($s0)           ## 000003BC
/* 01F6C 8089575C 34018000 */  ori     $at, $zero, 0x8000         ## $at = 00008000
/* 01F70 80895760 304E0002 */  andi    $t6, $v0, 0x0002           ## $t6 = 00000000
/* 01F74 80895764 11C0000B */  beq     $t6, $zero, .L80895794     
/* 01F78 80895768 3048FFFD */  andi    $t0, $v0, 0xFFFD           ## $t0 = 00000000
/* 01F7C 8089576C 86180092 */  lh      $t8, 0x0092($s0)           ## 00000092
/* 01F80 80895770 31090004 */  andi    $t1, $t0, 0x0004           ## $t1 = 00000000
/* 01F84 80895774 A20803BC */  sb      $t0, 0x03BC($s0)           ## 000003BC
/* 01F88 80895778 0301C821 */  addu    $t9, $t8, $at              
/* 01F8C 8089577C 11200010 */  beq     $t1, $zero, .L808957C0     
/* 01F90 80895780 A6190032 */  sh      $t9, 0x0032($s0)           ## 00000032
/* 01F94 80895784 0C2255BF */  jal     func_808956FC              
/* 01F98 80895788 02002025 */  or      $a0, $s0, $zero            ## $a0 = 00000000
/* 01F9C 8089578C 1000000D */  beq     $zero, $zero, .L808957C4   
/* 01FA0 80895790 860202BC */  lh      $v0, 0x02BC($s0)           ## 000002BC
.L80895794:
/* 01FA4 80895794 960A0090 */  lhu     $t2, 0x0090($s0)           ## 00000090
/* 01FA8 80895798 314B0008 */  andi    $t3, $t2, 0x0008           ## $t3 = 00000000
/* 01FAC 8089579C 51600009 */  beql    $t3, $zero, .L808957C4     
/* 01FB0 808957A0 860202BC */  lh      $v0, 0x02BC($s0)           ## 000002BC
/* 01FB4 808957A4 860C0086 */  lh      $t4, 0x0086($s0)           ## 00000086
/* 01FB8 808957A8 860E0032 */  lh      $t6, 0x0032($s0)           ## 00000032
/* 01FBC 808957AC 24018000 */  addiu   $at, $zero, 0x8000         ## $at = FFFF8000
/* 01FC0 808957B0 000C6840 */  sll     $t5, $t4,  1               
/* 01FC4 808957B4 01AE7823 */  subu    $t7, $t5, $t6              
/* 01FC8 808957B8 01E1C021 */  addu    $t8, $t7, $at              
/* 01FCC 808957BC A6180032 */  sh      $t8, 0x0032($s0)           ## 00000032
.L808957C0:
/* 01FD0 808957C0 860202BC */  lh      $v0, 0x02BC($s0)           ## 000002BC
.L808957C4:
/* 01FD4 808957C4 2401FFFF */  addiu   $at, $zero, 0xFFFF         ## $at = FFFFFFFF
/* 01FD8 808957C8 26040070 */  addiu   $a0, $s0, 0x0070           ## $a0 = 00000070
/* 01FDC 808957CC 1441000F */  bne     $v0, $at, .L8089580C       
/* 01FE0 808957D0 24050000 */  addiu   $a1, $zero, 0x0000         ## $a1 = 00000000
/* 01FE4 808957D4 3C063E99 */  lui     $a2, 0x3E99                ## $a2 = 3E990000
/* 01FE8 808957D8 0C03FC0F */  jal     func_800FF03C              
/* 01FEC 808957DC 34C6999A */  ori     $a2, $a2, 0x999A           ## $a2 = 3E99999A
/* 01FF0 808957E0 96190090 */  lhu     $t9, 0x0090($s0)           ## 00000090
/* 01FF4 808957E4 33280001 */  andi    $t0, $t9, 0x0001           ## $t0 = 00000000
/* 01FF8 808957E8 5100004F */  beql    $t0, $zero, .L80895928     
/* 01FFC 808957EC 3C014440 */  lui     $at, 0x4440                ## $at = 44400000
/* 02000 808957F0 860900BE */  lh      $t1, 0x00BE($s0)           ## 000000BE
/* 02004 808957F4 02002025 */  or      $a0, $s0, $zero            ## $a0 = 00000000
/* 02008 808957F8 0C224FB5 */  jal     func_80893ED4              
/* 0200C 808957FC A6090032 */  sh      $t1, 0x0032($s0)           ## 00000032
/* 02010 80895800 240A0064 */  addiu   $t2, $zero, 0x0064         ## $t2 = 00000064
/* 02014 80895804 10000047 */  beq     $zero, $zero, .L80895924   
/* 02018 80895808 A60A02BC */  sh      $t2, 0x02BC($s0)           ## 000002BC
.L8089580C:
/* 0201C 8089580C 18400018 */  blez    $v0, .L80895870            
/* 02020 80895810 244BFFFF */  addiu   $t3, $v0, 0xFFFF           ## $t3 = FFFFFFFF
/* 02024 80895814 3C063E99 */  lui     $a2, 0x3E99                ## $a2 = 3E990000
/* 02028 80895818 A60B02BC */  sh      $t3, 0x02BC($s0)           ## 000002BC
/* 0202C 8089581C 34C6999A */  ori     $a2, $a2, 0x999A           ## $a2 = 3E99999A
/* 02030 80895820 26040070 */  addiu   $a0, $s0, 0x0070           ## $a0 = 00000070
/* 02034 80895824 0C03FC0F */  jal     func_800FF03C              
/* 02038 80895828 3C054120 */  lui     $a1, 0x4120                ## $a1 = 41200000
/* 0203C 8089582C 8E0C0004 */  lw      $t4, 0x0004($s0)           ## 00000004
/* 02040 80895830 3C010100 */  lui     $at, 0x0100                ## $at = 01000000
/* 02044 80895834 8FA40024 */  lw      $a0, 0x0024($sp)           
/* 02048 80895838 01816825 */  or      $t5, $t4, $at              ## $t5 = 01000000
/* 0204C 8089583C 3C010001 */  lui     $at, 0x0001                ## $at = 00010000
/* 02050 80895840 34218884 */  ori     $at, $at, 0x8884           ## $at = 00018884
/* 02054 80895844 AE0D0004 */  sw      $t5, 0x0004($s0)           ## 00000004
/* 02058 80895848 260603AC */  addiu   $a2, $s0, 0x03AC           ## $a2 = 000003AC
/* 0205C 8089584C 0C038956 */  jal     func_800E2558              
/* 02060 80895850 00812821 */  addu    $a1, $a0, $at              
/* 02064 80895854 02002025 */  or      $a0, $s0, $zero            ## $a0 = 00000000
/* 02068 80895858 0C224E8D */  jal     func_80893A34              
/* 0206C 8089585C 8FA50024 */  lw      $a1, 0x0024($sp)           
/* 02070 80895860 54400031 */  bnel    $v0, $zero, .L80895928     
/* 02074 80895864 3C014440 */  lui     $at, 0x4440                ## $at = 44400000
/* 02078 80895868 1000002E */  beq     $zero, $zero, .L80895924   
/* 0207C 8089586C A60002BC */  sh      $zero, 0x02BC($s0)         ## 000002BC
.L80895870:
/* 02080 80895870 1440002C */  bne     $v0, $zero, .L80895924     
/* 02084 80895874 26040070 */  addiu   $a0, $s0, 0x0070           ## $a0 = 00000070
/* 02088 80895878 3C063E99 */  lui     $a2, 0x3E99                ## $a2 = 3E990000
/* 0208C 8089587C 34C6999A */  ori     $a2, $a2, 0x999A           ## $a2 = 3E99999A
/* 02090 80895880 0C03FC0F */  jal     func_800FF03C              
/* 02094 80895884 24050000 */  addiu   $a1, $zero, 0x0000         ## $a1 = 00000000
/* 02098 80895888 50400027 */  beql    $v0, $zero, .L80895928     
/* 0209C 8089588C 3C014440 */  lui     $at, 0x4440                ## $at = 44400000
/* 020A0 80895890 860E00BE */  lh      $t6, 0x00BE($s0)           ## 000000BE
/* 020A4 80895894 02002025 */  or      $a0, $s0, $zero            ## $a0 = 00000000
/* 020A8 80895898 0C224E86 */  jal     func_80893A18              
/* 020AC 8089589C A60E0032 */  sh      $t6, 0x0032($s0)           ## 00000032
/* 020B0 808958A0 0C04900F */  jal     func_8012403C              
/* 020B4 808958A4 8FA40024 */  lw      $a0, 0x0024($sp)           
/* 020B8 808958A8 24010010 */  addiu   $at, $zero, 0x0010         ## $at = 00000010
/* 020BC 808958AC 1041000F */  beq     $v0, $at, .L808958EC       
/* 020C0 808958B0 3C0143E1 */  lui     $at, 0x43E1                ## $at = 43E10000
/* 020C4 808958B4 44812000 */  mtc1    $at, $f4                   ## $f4 = 450.00
/* 020C8 808958B8 C6060098 */  lwc1    $f6, 0x0098($s0)           ## 00000098
/* 020CC 808958BC 3C0142A0 */  lui     $at, 0x42A0                ## $at = 42A00000
/* 020D0 808958C0 4606203C */  c.lt.s  $f4, $f6                   
/* 020D4 808958C4 00000000 */  nop
/* 020D8 808958C8 45010008 */  bc1t    .L808958EC                 
/* 020DC 808958CC 00000000 */  nop
/* 020E0 808958D0 44814000 */  mtc1    $at, $f8                   ## $f8 = 80.00
/* 020E4 808958D4 C60A009C */  lwc1    $f10, 0x009C($s0)          ## 0000009C
/* 020E8 808958D8 02002025 */  or      $a0, $s0, $zero            ## $a0 = 00000000
/* 020EC 808958DC 460A403C */  c.lt.s  $f8, $f10                  
/* 020F0 808958E0 00000000 */  nop
/* 020F4 808958E4 45000005 */  bc1f    .L808958FC                 
/* 020F8 808958E8 00000000 */  nop
.L808958EC:
/* 020FC 808958EC 0C224FB5 */  jal     func_80893ED4              
/* 02100 808958F0 02002025 */  or      $a0, $s0, $zero            ## $a0 = 00000000
/* 02104 808958F4 1000000C */  beq     $zero, $zero, .L80895928   
/* 02108 808958F8 3C014440 */  lui     $at, 0x4440                ## $at = 44400000
.L808958FC:
/* 0210C 808958FC 0C02DCF8 */  jal     func_800B73E0              
/* 02110 80895900 24052328 */  addiu   $a1, $zero, 0x2328         ## $a1 = 00002328
/* 02114 80895904 14400005 */  bne     $v0, $zero, .L8089591C     
/* 02118 80895908 02002025 */  or      $a0, $s0, $zero            ## $a0 = 00000000
/* 0211C 8089590C 0C22517B */  jal     func_808945EC              
/* 02120 80895910 02002025 */  or      $a0, $s0, $zero            ## $a0 = 00000000
/* 02124 80895914 10000004 */  beq     $zero, $zero, .L80895928   
/* 02128 80895918 3C014440 */  lui     $at, 0x4440                ## $at = 44400000
.L8089591C:
/* 0212C 8089591C 0C224EA7 */  jal     func_80893A9C              
/* 02130 80895920 8FA50024 */  lw      $a1, 0x0024($sp)           
.L80895924:
/* 02134 80895924 3C014440 */  lui     $at, 0x4440                ## $at = 44400000
.L80895928:
/* 02138 80895928 44819000 */  mtc1    $at, $f18                  ## $f18 = 768.00
/* 0213C 8089592C C6100070 */  lwc1    $f16, 0x0070($s0)          ## 00000070
/* 02140 80895930 860900BE */  lh      $t1, 0x00BE($s0)           ## 000000BE
/* 02144 80895934 46128102 */  mul.s   $f4, $f16, $f18            
/* 02148 80895938 4600218D */  trunc.w.s $f6, $f4                   
/* 0214C 8089593C 44083000 */  mfc1    $t0, $f6                   
/* 02150 80895940 00000000 */  nop
/* 02154 80895944 01285021 */  addu    $t2, $t1, $t0              
/* 02158 80895948 A60A00BE */  sh      $t2, 0x00BE($s0)           ## 000000BE
/* 0215C 8089594C 8FBF001C */  lw      $ra, 0x001C($sp)           
/* 02160 80895950 8FB00018 */  lw      $s0, 0x0018($sp)           
/* 02164 80895954 03E00008 */  jr      $ra                        
/* 02168 80895958 27BD0020 */  addiu   $sp, $sp, 0x0020           ## $sp = 00000000


glabel func_8089595C
/* 0216C 8089595C 27BDFFC8 */  addiu   $sp, $sp, 0xFFC8           ## $sp = FFFFFFC8
/* 02170 80895960 AFBF0024 */  sw      $ra, 0x0024($sp)           
/* 02174 80895964 AFA40038 */  sw      $a0, 0x0038($sp)           
/* 02178 80895968 AFA5003C */  sw      $a1, 0x003C($sp)           
/* 0217C 8089596C 3C0141A0 */  lui     $at, 0x41A0                ## $at = 41A00000
/* 02180 80895970 44816000 */  mtc1    $at, $f12                  ## $f12 = 20.00
/* 02184 80895974 0C05E570 */  jal     func_801795C0              
/* 02188 80895978 00000000 */  nop
/* 0218C 8089597C 8FA20038 */  lw      $v0, 0x0038($sp)           
/* 02190 80895980 3C014170 */  lui     $at, 0x4170                ## $at = 41700000
/* 02194 80895984 44815000 */  mtc1    $at, $f10                  ## $f10 = 15.00
/* 02198 80895988 C4440024 */  lwc1    $f4, 0x0024($v0)           ## 00000024
/* 0219C 8089598C 3C0141A0 */  lui     $at, 0x41A0                ## $at = 41A00000
/* 021A0 80895990 44816000 */  mtc1    $at, $f12                  ## $f12 = 20.00
/* 021A4 80895994 46040180 */  add.s   $f6, $f0, $f4              
/* 021A8 80895998 E7A6002C */  swc1    $f6, 0x002C($sp)           
/* 021AC 8089599C C4480028 */  lwc1    $f8, 0x0028($v0)           ## 00000028
/* 021B0 808959A0 460A4400 */  add.s   $f16, $f8, $f10            
/* 021B4 808959A4 0C05E570 */  jal     func_801795C0              
/* 021B8 808959A8 E7B00030 */  swc1    $f16, 0x0030($sp)          
/* 021BC 808959AC 8FAE0038 */  lw      $t6, 0x0038($sp)           
/* 021C0 808959B0 3C0F8089 */  lui     $t7, %hi(D_80896B3C)       ## $t7 = 80890000
/* 021C4 808959B4 3C188089 */  lui     $t8, %hi(D_80896B40)       ## $t8 = 80890000
/* 021C8 808959B8 C5D2002C */  lwc1    $f18, 0x002C($t6)          ## 0000002C
/* 021CC 808959BC 27186B40 */  addiu   $t8, $t8, %lo(D_80896B40)  ## $t8 = 80896B40
/* 021D0 808959C0 25EF6B3C */  addiu   $t7, $t7, %lo(D_80896B3C)  ## $t7 = 80896B3C
/* 021D4 808959C4 46120100 */  add.s   $f4, $f0, $f18             
/* 021D8 808959C8 3C06801D */  lui     $a2, 0x801D                ## $a2 = 801D0000
/* 021DC 808959CC 3C078089 */  lui     $a3, %hi(D_80896B44)       ## $a3 = 80890000
/* 021E0 808959D0 241901F4 */  addiu   $t9, $zero, 0x01F4         ## $t9 = 000001F4
/* 021E4 808959D4 24080032 */  addiu   $t0, $zero, 0x0032         ## $t0 = 00000032
/* 021E8 808959D8 E7A40034 */  swc1    $f4, 0x0034($sp)           
/* 021EC 808959DC AFA8001C */  sw      $t0, 0x001C($sp)           
/* 021F0 808959E0 AFB90018 */  sw      $t9, 0x0018($sp)           
/* 021F4 808959E4 24E76B44 */  addiu   $a3, $a3, %lo(D_80896B44)  ## $a3 = 80896B44
/* 021F8 808959E8 24C615B0 */  addiu   $a2, $a2, 0x15B0           ## $a2 = 801D15B0
/* 021FC 808959EC AFAF0010 */  sw      $t7, 0x0010($sp)           
/* 02200 808959F0 AFB80014 */  sw      $t8, 0x0014($sp)           
/* 02204 808959F4 8FA4003C */  lw      $a0, 0x003C($sp)           
/* 02208 808959F8 0C02C378 */  jal     func_800B0DE0              
/* 0220C 808959FC 27A5002C */  addiu   $a1, $sp, 0x002C           ## $a1 = FFFFFFF4
/* 02210 80895A00 8FBF0024 */  lw      $ra, 0x0024($sp)           
/* 02214 80895A04 27BD0038 */  addiu   $sp, $sp, 0x0038           ## $sp = 00000000
/* 02218 80895A08 03E00008 */  jr      $ra                        
/* 0221C 80895A0C 00000000 */  nop


glabel func_80895A10
/* 02220 80895A10 27BDFFD0 */  addiu   $sp, $sp, 0xFFD0           ## $sp = FFFFFFD0
/* 02224 80895A14 44800000 */  mtc1    $zero, $f0                 ## $f0 = 0.00
/* 02228 80895A18 AFBF0024 */  sw      $ra, 0x0024($sp)           
/* 0222C 80895A1C AFA40030 */  sw      $a0, 0x0030($sp)           
/* 02230 80895A20 3C014080 */  lui     $at, 0x4080                ## $at = 40800000
/* 02234 80895A24 44812000 */  mtc1    $at, $f4                   ## $f4 = 4.00
/* 02238 80895A28 8FA40030 */  lw      $a0, 0x0030($sp)           
/* 0223C 80895A2C 3C050600 */  lui     $a1, 0x0600                ## $a1 = 06000000
/* 02240 80895A30 44070000 */  mfc1    $a3, $f0                   
/* 02244 80895A34 24A50A14 */  addiu   $a1, $a1, 0x0A14           ## $a1 = 06000A14
/* 02248 80895A38 3C064000 */  lui     $a2, 0x4000                ## $a2 = 40000000
/* 0224C 80895A3C E7A00010 */  swc1    $f0, 0x0010($sp)           
/* 02250 80895A40 AFA00014 */  sw      $zero, 0x0014($sp)         
/* 02254 80895A44 24840144 */  addiu   $a0, $a0, 0x0144           ## $a0 = 00000144
/* 02258 80895A48 0C04DCFA */  jal     func_801373E8              
/* 0225C 80895A4C E7A40018 */  swc1    $f4, 0x0018($sp)           
/* 02260 80895A50 44803000 */  mtc1    $zero, $f6                 ## $f6 = 0.00
/* 02264 80895A54 8FAE0030 */  lw      $t6, 0x0030($sp)           
/* 02268 80895A58 24040014 */  addiu   $a0, $zero, 0x0014         ## $a0 = 00000014
/* 0226C 80895A5C 24050014 */  addiu   $a1, $zero, 0x0014         ## $a1 = 00000014
/* 02270 80895A60 0C03FD14 */  jal     func_800FF450              
/* 02274 80895A64 E5C60070 */  swc1    $f6, 0x0070($t6)           ## 00000070
/* 02278 80895A68 0C021BF7 */  jal     func_80086FDC              
/* 0227C 80895A6C A7A2002A */  sh      $v0, 0x002A($sp)           
/* 02280 80895A70 3C013F00 */  lui     $at, 0x3F00                ## $at = 3F000000
/* 02284 80895A74 44814000 */  mtc1    $at, $f8                   ## $f8 = 0.50
/* 02288 80895A78 87AF002A */  lh      $t7, 0x002A($sp)           
/* 0228C 80895A7C 24020001 */  addiu   $v0, $zero, 0x0001         ## $v0 = 00000001
/* 02290 80895A80 4608003C */  c.lt.s  $f0, $f8                   
/* 02294 80895A84 00000000 */  nop
/* 02298 80895A88 45000003 */  bc1f    .L80895A98                 
/* 0229C 80895A8C 00000000 */  nop
/* 022A0 80895A90 10000001 */  beq     $zero, $zero, .L80895A98   
/* 022A4 80895A94 2402FFFF */  addiu   $v0, $zero, 0xFFFF         ## $v0 = FFFFFFFF
.L80895A98:
/* 022A8 80895A98 004F0019 */  multu   $v0, $t7                   
/* 022AC 80895A9C 8FA30030 */  lw      $v1, 0x0030($sp)           
/* 022B0 80895AA0 3C198089 */  lui     $t9, %hi(func_80895AC0)    ## $t9 = 80890000
/* 022B4 80895AA4 27395AC0 */  addiu   $t9, $t9, %lo(func_80895AC0) ## $t9 = 80895AC0
/* 022B8 80895AA8 AC7902B4 */  sw      $t9, 0x02B4($v1)           ## 000002B4
/* 022BC 80895AAC 0000C012 */  mflo    $t8                        
/* 022C0 80895AB0 A47802BC */  sh      $t8, 0x02BC($v1)           ## 000002BC
/* 022C4 80895AB4 8FBF0024 */  lw      $ra, 0x0024($sp)           
/* 022C8 80895AB8 03E00008 */  jr      $ra                        
/* 022CC 80895ABC 27BD0030 */  addiu   $sp, $sp, 0x0030           ## $sp = 00000000


glabel func_80895AC0
/* 022D0 80895AC0 27BDFFD0 */  addiu   $sp, $sp, 0xFFD0           ## $sp = FFFFFFD0
/* 022D4 80895AC4 AFB00018 */  sw      $s0, 0x0018($sp)           
/* 022D8 80895AC8 00808025 */  or      $s0, $a0, $zero            ## $s0 = 00000000
/* 022DC 80895ACC AFBF001C */  sw      $ra, 0x001C($sp)           
/* 022E0 80895AD0 AFA50034 */  sw      $a1, 0x0034($sp)           
/* 022E4 80895AD4 26040144 */  addiu   $a0, $s0, 0x0144           ## $a0 = 00000144
/* 022E8 80895AD8 0C04DB34 */  jal     func_80136CD0              
/* 022EC 80895ADC AFA40024 */  sw      $a0, 0x0024($sp)           
/* 022F0 80895AE0 8FA40024 */  lw      $a0, 0x0024($sp)           
/* 022F4 80895AE4 0C04DE2E */  jal     func_801378B8              
/* 022F8 80895AE8 3C0540E0 */  lui     $a1, 0x40E0                ## $a1 = 40E00000
/* 022FC 80895AEC 50400010 */  beql    $v0, $zero, .L80895B30     
/* 02300 80895AF0 860402BC */  lh      $a0, 0x02BC($s0)           ## 000002BC
/* 02304 80895AF4 0C021BF7 */  jal     func_80086FDC              
/* 02308 80895AF8 00000000 */  nop
/* 0230C 80895AFC 3C013E80 */  lui     $at, 0x3E80                ## $at = 3E800000
/* 02310 80895B00 44812000 */  mtc1    $at, $f4                   ## $f4 = 0.25
/* 02314 80895B04 02002025 */  or      $a0, $s0, $zero            ## $a0 = 00000000
/* 02318 80895B08 4604003C */  c.lt.s  $f0, $f4                   
/* 0231C 80895B0C 00000000 */  nop
/* 02320 80895B10 45020004 */  bc1fl   .L80895B24                 
/* 02324 80895B14 02002025 */  or      $a0, $s0, $zero            ## $a0 = 00000000
/* 02328 80895B18 0C225657 */  jal     func_8089595C              
/* 0232C 80895B1C 8FA50034 */  lw      $a1, 0x0034($sp)           
/* 02330 80895B20 02002025 */  or      $a0, $s0, $zero            ## $a0 = 00000000
.L80895B24:
/* 02334 80895B24 0C02E3B2 */  jal     func_800B8EC8              
/* 02338 80895B28 2405386F */  addiu   $a1, $zero, 0x386F         ## $a1 = 0000386F
/* 0233C 80895B2C 860402BC */  lh      $a0, 0x02BC($s0)           ## 000002BC
.L80895B30:
/* 02340 80895B30 24010001 */  addiu   $at, $zero, 0x0001         ## $at = 00000001
/* 02344 80895B34 10810003 */  beq     $a0, $at, .L80895B44       
/* 02348 80895B38 2401FFFF */  addiu   $at, $zero, 0xFFFF         ## $at = FFFFFFFF
/* 0234C 80895B3C 54810035 */  bnel    $a0, $at, .L80895C14       
/* 02350 80895B40 3C014370 */  lui     $at, 0x4370                ## $at = 43700000
.L80895B44:
/* 02354 80895B44 960E0090 */  lhu     $t6, 0x0090($s0)           ## 00000090
/* 02358 80895B48 26050008 */  addiu   $a1, $s0, 0x0008           ## $a1 = 00000008
/* 0235C 80895B4C 31CF0008 */  andi    $t7, $t6, 0x0008           ## $t7 = 00000000
/* 02360 80895B50 51E00013 */  beql    $t7, $zero, .L80895BA0     
/* 02364 80895B54 02002025 */  or      $a0, $s0, $zero            ## $a0 = 00000000
/* 02368 80895B58 861800BE */  lh      $t8, 0x00BE($s0)           ## 000000BE
/* 0236C 80895B5C 86190086 */  lh      $t9, 0x0086($s0)           ## 00000086
/* 02370 80895B60 03191823 */  subu    $v1, $t8, $t9              
/* 02374 80895B64 00031C00 */  sll     $v1, $v1, 16               
/* 02378 80895B68 00031C03 */  sra     $v1, $v1, 16               
/* 0237C 80895B6C 04610003 */  bgez    $v1, .L80895B7C            
/* 02380 80895B70 00601025 */  or      $v0, $v1, $zero            ## $v0 = 00000000
/* 02384 80895B74 10000001 */  beq     $zero, $zero, .L80895B7C   
/* 02388 80895B78 00031023 */  subu    $v0, $zero, $v1            
.L80895B7C:
/* 0238C 80895B7C 28413001 */  slti    $at, $v0, 0x3001           
/* 02390 80895B80 14200023 */  bne     $at, $zero, .L80895C10     
/* 02394 80895B84 00024243 */  sra     $t0, $v0,  9               
/* 02398 80895B88 01040019 */  multu   $t0, $a0                   
/* 0239C 80895B8C 00004812 */  mflo    $t1                        
/* 023A0 80895B90 A60902BC */  sh      $t1, 0x02BC($s0)           ## 000002BC
/* 023A4 80895B94 1000001F */  beq     $zero, $zero, .L80895C14   
/* 023A8 80895B98 3C014370 */  lui     $at, 0x4370                ## $at = 43700000
/* 023AC 80895B9C 02002025 */  or      $a0, $s0, $zero            ## $a0 = 00000000
.L80895BA0:
/* 023B0 80895BA0 0C02DB92 */  jal     func_800B6E48              
/* 023B4 80895BA4 AFA50024 */  sw      $a1, 0x0024($sp)           
/* 023B8 80895BA8 3C014348 */  lui     $at, 0x4348                ## $at = 43480000
/* 023BC 80895BAC 44813000 */  mtc1    $at, $f6                   ## $f6 = 200.00
/* 023C0 80895BB0 8FA50024 */  lw      $a1, 0x0024($sp)           
/* 023C4 80895BB4 4606003C */  c.lt.s  $f0, $f6                   
/* 023C8 80895BB8 00000000 */  nop
/* 023CC 80895BBC 45020015 */  bc1fl   .L80895C14                 
/* 023D0 80895BC0 3C014370 */  lui     $at, 0x4370                ## $at = 43700000
/* 023D4 80895BC4 0C02DB4B */  jal     func_800B6D2C              
/* 023D8 80895BC8 02002025 */  or      $a0, $s0, $zero            ## $a0 = 00000000
/* 023DC 80895BCC 860A00BE */  lh      $t2, 0x00BE($s0)           ## 000000BE
/* 023E0 80895BD0 01421823 */  subu    $v1, $t2, $v0              
/* 023E4 80895BD4 00031C00 */  sll     $v1, $v1, 16               
/* 023E8 80895BD8 00031C03 */  sra     $v1, $v1, 16               
/* 023EC 80895BDC 04610003 */  bgez    $v1, .L80895BEC            
/* 023F0 80895BE0 00601025 */  or      $v0, $v1, $zero            ## $v0 = 00000000
/* 023F4 80895BE4 10000001 */  beq     $zero, $zero, .L80895BEC   
/* 023F8 80895BE8 00031023 */  subu    $v0, $zero, $v1            
.L80895BEC:
/* 023FC 80895BEC 28412001 */  slti    $at, $v0, 0x2001           
/* 02400 80895BF0 54200008 */  bnel    $at, $zero, .L80895C14     
/* 02404 80895BF4 3C014370 */  lui     $at, 0x4370                ## $at = 43700000
/* 02408 80895BF8 860C02BC */  lh      $t4, 0x02BC($s0)           ## 000002BC
/* 0240C 80895BFC 00025A43 */  sra     $t3, $v0,  9               
/* 02410 80895C00 016C0019 */  multu   $t3, $t4                   
/* 02414 80895C04 00006812 */  mflo    $t5                        
/* 02418 80895C08 A60D02BC */  sh      $t5, 0x02BC($s0)           ## 000002BC
/* 0241C 80895C0C 00000000 */  nop
.L80895C10:
/* 02420 80895C10 3C014370 */  lui     $at, 0x4370                ## $at = 43700000
.L80895C14:
/* 02424 80895C14 44815000 */  mtc1    $at, $f10                  ## $f10 = 240.00
/* 02428 80895C18 C6080098 */  lwc1    $f8, 0x0098($s0)           ## 00000098
/* 0242C 80895C1C 460A403C */  c.lt.s  $f8, $f10                  
/* 02430 80895C20 00000000 */  nop
/* 02434 80895C24 4502000B */  bc1fl   .L80895C54                 
/* 02438 80895C28 860402BC */  lh      $a0, 0x02BC($s0)           ## 000002BC
/* 0243C 80895C2C 0C04900F */  jal     func_8012403C              
/* 02440 80895C30 8FA40034 */  lw      $a0, 0x0034($sp)           
/* 02444 80895C34 24010010 */  addiu   $at, $zero, 0x0010         ## $at = 00000010
/* 02448 80895C38 10410005 */  beq     $v0, $at, .L80895C50       
/* 0244C 80895C3C 02002025 */  or      $a0, $s0, $zero            ## $a0 = 00000000
/* 02450 80895C40 0C225023 */  jal     func_8089408C              
/* 02454 80895C44 8FA50034 */  lw      $a1, 0x0034($sp)           
/* 02458 80895C48 10000015 */  beq     $zero, $zero, .L80895CA0   
/* 0245C 80895C4C 8FBF001C */  lw      $ra, 0x001C($sp)           
.L80895C50:
/* 02460 80895C50 860402BC */  lh      $a0, 0x02BC($s0)           ## 000002BC
.L80895C54:
/* 02464 80895C54 18800007 */  blez    $a0, .L80895C74            
/* 02468 80895C58 00000000 */  nop
/* 0246C 80895C5C 860F00BE */  lh      $t7, 0x00BE($s0)           ## 000000BE
/* 02470 80895C60 248EFFFF */  addiu   $t6, $a0, 0xFFFF           ## $t6 = FFFFFFFF
/* 02474 80895C64 A60E02BC */  sh      $t6, 0x02BC($s0)           ## 000002BC
/* 02478 80895C68 25F80100 */  addiu   $t8, $t7, 0x0100           ## $t8 = 00000100
/* 0247C 80895C6C 1000000B */  beq     $zero, $zero, .L80895C9C   
/* 02480 80895C70 A61800BE */  sh      $t8, 0x00BE($s0)           ## 000000BE
.L80895C74:
/* 02484 80895C74 04810007 */  bgez    $a0, .L80895C94            
/* 02488 80895C78 00000000 */  nop
/* 0248C 80895C7C 860800BE */  lh      $t0, 0x00BE($s0)           ## 000000BE
/* 02490 80895C80 24990001 */  addiu   $t9, $a0, 0x0001           ## $t9 = 00000001
/* 02494 80895C84 A61902BC */  sh      $t9, 0x02BC($s0)           ## 000002BC
/* 02498 80895C88 2509FF00 */  addiu   $t1, $t0, 0xFF00           ## $t1 = FFFFFF00
/* 0249C 80895C8C 10000003 */  beq     $zero, $zero, .L80895C9C   
/* 024A0 80895C90 A60900BE */  sh      $t1, 0x00BE($s0)           ## 000000BE
.L80895C94:
/* 024A4 80895C94 0C22572C */  jal     func_80895CB0              
/* 024A8 80895C98 02002025 */  or      $a0, $s0, $zero            ## $a0 = 00000000
.L80895C9C:
/* 024AC 80895C9C 8FBF001C */  lw      $ra, 0x001C($sp)           
.L80895CA0:
/* 024B0 80895CA0 8FB00018 */  lw      $s0, 0x0018($sp)           
/* 024B4 80895CA4 27BD0030 */  addiu   $sp, $sp, 0x0030           ## $sp = 00000000
/* 024B8 80895CA8 03E00008 */  jr      $ra                        
/* 024BC 80895CAC 00000000 */  nop


glabel func_80895CB0
/* 024C0 80895CB0 3C013F80 */  lui     $at, 0x3F80                ## $at = 3F800000
/* 024C4 80895CB4 27BDFFE8 */  addiu   $sp, $sp, 0xFFE8           ## $sp = FFFFFFE8
/* 024C8 80895CB8 44810000 */  mtc1    $at, $f0                   ## $f0 = 1.00
/* 024CC 80895CBC AFBF0014 */  sw      $ra, 0x0014($sp)           
/* 024D0 80895CC0 00803025 */  or      $a2, $a0, $zero            ## $a2 = 00000000
/* 024D4 80895CC4 84CE00BE */  lh      $t6, 0x00BE($a2)           ## 000000BE
/* 024D8 80895CC8 E4C00160 */  swc1    $f0, 0x0160($a2)           ## 00000160
/* 024DC 80895CCC E4C00070 */  swc1    $f0, 0x0070($a2)           ## 00000070
/* 024E0 80895CD0 A4CE0032 */  sh      $t6, 0x0032($a2)           ## 00000032
/* 024E4 80895CD4 AFA60018 */  sw      $a2, 0x0018($sp)           
/* 024E8 80895CD8 24040014 */  addiu   $a0, $zero, 0x0014         ## $a0 = 00000014
/* 024EC 80895CDC 0C03FD14 */  jal     func_800FF450              
/* 024F0 80895CE0 24050014 */  addiu   $a1, $zero, 0x0014         ## $a1 = 00000014
/* 024F4 80895CE4 8FA60018 */  lw      $a2, 0x0018($sp)           
/* 024F8 80895CE8 3C0F8089 */  lui     $t7, %hi(func_80895D08)    ## $t7 = 80890000
/* 024FC 80895CEC 25EF5D08 */  addiu   $t7, $t7, %lo(func_80895D08) ## $t7 = 80895D08
/* 02500 80895CF0 A4C202BC */  sh      $v0, 0x02BC($a2)           ## 000002BC
/* 02504 80895CF4 ACCF02B4 */  sw      $t7, 0x02B4($a2)           ## 000002B4
/* 02508 80895CF8 8FBF0014 */  lw      $ra, 0x0014($sp)           
/* 0250C 80895CFC 27BD0018 */  addiu   $sp, $sp, 0x0018           ## $sp = 00000000
/* 02510 80895D00 03E00008 */  jr      $ra                        
/* 02514 80895D04 00000000 */  nop


glabel func_80895D08
/* 02518 80895D08 27BDFFD8 */  addiu   $sp, $sp, 0xFFD8           ## $sp = FFFFFFD8
/* 0251C 80895D0C AFB00018 */  sw      $s0, 0x0018($sp)           
/* 02520 80895D10 00808025 */  or      $s0, $a0, $zero            ## $s0 = 00000000
/* 02524 80895D14 AFBF001C */  sw      $ra, 0x001C($sp)           
/* 02528 80895D18 AFA5002C */  sw      $a1, 0x002C($sp)           
/* 0252C 80895D1C 26040144 */  addiu   $a0, $s0, 0x0144           ## $a0 = 00000144
/* 02530 80895D20 0C04DB34 */  jal     func_80136CD0              
/* 02534 80895D24 AFA40024 */  sw      $a0, 0x0024($sp)           
/* 02538 80895D28 8FA40024 */  lw      $a0, 0x0024($sp)           
/* 0253C 80895D2C 0C04DE2E */  jal     func_801378B8              
/* 02540 80895D30 3C0540E0 */  lui     $a1, 0x40E0                ## $a1 = 40E00000
/* 02544 80895D34 50400010 */  beql    $v0, $zero, .L80895D78     
/* 02548 80895D38 3C014370 */  lui     $at, 0x4370                ## $at = 43700000
/* 0254C 80895D3C 0C021BF7 */  jal     func_80086FDC              
/* 02550 80895D40 00000000 */  nop
/* 02554 80895D44 3C013F00 */  lui     $at, 0x3F00                ## $at = 3F000000
/* 02558 80895D48 44812000 */  mtc1    $at, $f4                   ## $f4 = 0.50
/* 0255C 80895D4C 02002025 */  or      $a0, $s0, $zero            ## $a0 = 00000000
/* 02560 80895D50 4604003C */  c.lt.s  $f0, $f4                   
/* 02564 80895D54 00000000 */  nop
/* 02568 80895D58 45020004 */  bc1fl   .L80895D6C                 
/* 0256C 80895D5C 02002025 */  or      $a0, $s0, $zero            ## $a0 = 00000000
/* 02570 80895D60 0C225657 */  jal     func_8089595C              
/* 02574 80895D64 8FA5002C */  lw      $a1, 0x002C($sp)           
/* 02578 80895D68 02002025 */  or      $a0, $s0, $zero            ## $a0 = 00000000
.L80895D6C:
/* 0257C 80895D6C 0C02E3B2 */  jal     func_800B8EC8              
/* 02580 80895D70 2405386F */  addiu   $a1, $zero, 0x386F         ## $a1 = 0000386F
/* 02584 80895D74 3C014370 */  lui     $at, 0x4370                ## $at = 43700000
.L80895D78:
/* 02588 80895D78 44814000 */  mtc1    $at, $f8                   ## $f8 = 240.00
/* 0258C 80895D7C C6060098 */  lwc1    $f6, 0x0098($s0)           ## 00000098
/* 02590 80895D80 4608303C */  c.lt.s  $f6, $f8                   
/* 02594 80895D84 00000000 */  nop
/* 02598 80895D88 4502000B */  bc1fl   .L80895DB8                 
/* 0259C 80895D8C 860E02BC */  lh      $t6, 0x02BC($s0)           ## 000002BC
/* 025A0 80895D90 0C04900F */  jal     func_8012403C              
/* 025A4 80895D94 8FA4002C */  lw      $a0, 0x002C($sp)           
/* 025A8 80895D98 24010010 */  addiu   $at, $zero, 0x0010         ## $at = 00000010
/* 025AC 80895D9C 10410005 */  beq     $v0, $at, .L80895DB4       
/* 025B0 80895DA0 02002025 */  or      $a0, $s0, $zero            ## $a0 = 00000000
/* 025B4 80895DA4 0C225023 */  jal     func_8089408C              
/* 025B8 80895DA8 8FA5002C */  lw      $a1, 0x002C($sp)           
/* 025BC 80895DAC 1000000A */  beq     $zero, $zero, .L80895DD8   
/* 025C0 80895DB0 8FBF001C */  lw      $ra, 0x001C($sp)           
.L80895DB4:
/* 025C4 80895DB4 860E02BC */  lh      $t6, 0x02BC($s0)           ## 000002BC
.L80895DB8:
/* 025C8 80895DB8 25CFFFFF */  addiu   $t7, $t6, 0xFFFF           ## $t7 = FFFFFFFF
/* 025CC 80895DBC A60F02BC */  sh      $t7, 0x02BC($s0)           ## 000002BC
/* 025D0 80895DC0 861802BC */  lh      $t8, 0x02BC($s0)           ## 000002BC
/* 025D4 80895DC4 57000004 */  bnel    $t8, $zero, .L80895DD8     
/* 025D8 80895DC8 8FBF001C */  lw      $ra, 0x001C($sp)           
/* 025DC 80895DCC 0C225684 */  jal     func_80895A10              
/* 025E0 80895DD0 02002025 */  or      $a0, $s0, $zero            ## $a0 = 00000000
/* 025E4 80895DD4 8FBF001C */  lw      $ra, 0x001C($sp)           
.L80895DD8:
/* 025E8 80895DD8 8FB00018 */  lw      $s0, 0x0018($sp)           
/* 025EC 80895DDC 27BD0028 */  addiu   $sp, $sp, 0x0028           ## $sp = 00000000
/* 025F0 80895DE0 03E00008 */  jr      $ra                        
/* 025F4 80895DE4 00000000 */  nop


glabel func_80895DE8
/* 025F8 80895DE8 908E03BD */  lbu     $t6, 0x03BD($a0)           ## 000003BD
/* 025FC 80895DEC 3C013F80 */  lui     $at, 0x3F80                ## $at = 3F800000
/* 02600 80895DF0 44812000 */  mtc1    $at, $f4                   ## $f4 = 1.00
/* 02604 80895DF4 44803000 */  mtc1    $zero, $f6                 ## $f6 = 0.00
/* 02608 80895DF8 3C18800B */  lui     $t8, 0x800B                ## $t8 = 800B0000
/* 0260C 80895DFC 3C198089 */  lui     $t9, %hi(func_80895E28)    ## $t9 = 80890000
/* 02610 80895E00 27183FC0 */  addiu   $t8, $t8, 0x3FC0           ## $t8 = 800B3FC0
/* 02614 80895E04 27395E28 */  addiu   $t9, $t9, %lo(func_80895E28) ## $t9 = 80895E28
/* 02618 80895E08 31CFFFFE */  andi    $t7, $t6, 0xFFFE           ## $t7 = 00000000
/* 0261C 80895E0C A08F03BD */  sb      $t7, 0x03BD($a0)           ## 000003BD
/* 02620 80895E10 AC9800C8 */  sw      $t8, 0x00C8($a0)           ## 000000C8
/* 02624 80895E14 AC9902B4 */  sw      $t9, 0x02B4($a0)           ## 000002B4
/* 02628 80895E18 E4840160 */  swc1    $f4, 0x0160($a0)           ## 00000160
/* 0262C 80895E1C E4860070 */  swc1    $f6, 0x0070($a0)           ## 00000070
/* 02630 80895E20 03E00008 */  jr      $ra                        
/* 02634 80895E24 00000000 */  nop


glabel func_80895E28
/* 02638 80895E28 27BDFFB0 */  addiu   $sp, $sp, 0xFFB0           ## $sp = FFFFFFB0
/* 0263C 80895E2C AFB00028 */  sw      $s0, 0x0028($sp)           
/* 02640 80895E30 00808025 */  or      $s0, $a0, $zero            ## $s0 = 00000000
/* 02644 80895E34 AFBF002C */  sw      $ra, 0x002C($sp)           
/* 02648 80895E38 AFA50054 */  sw      $a1, 0x0054($sp)           
/* 0264C 80895E3C 0C04DB34 */  jal     func_80136CD0              
/* 02650 80895E40 26040144 */  addiu   $a0, $s0, 0x0144           ## $a0 = 00000144
/* 02654 80895E44 860E00BE */  lh      $t6, 0x00BE($s0)           ## 000000BE
/* 02658 80895E48 25CF1E00 */  addiu   $t7, $t6, 0x1E00           ## $t7 = 00001E00
/* 0265C 80895E4C A60F00BE */  sh      $t7, 0x00BE($s0)           ## 000000BE
/* 02660 80895E50 0C03FB61 */  jal     func_800FED84              
/* 02664 80895E54 860400BE */  lh      $a0, 0x00BE($s0)           ## 000000BE
/* 02668 80895E58 3C0141C8 */  lui     $at, 0x41C8                ## $at = 41C80000
/* 0266C 80895E5C 44812000 */  mtc1    $at, $f4                   ## $f4 = 25.00
/* 02670 80895E60 C6080024 */  lwc1    $f8, 0x0024($s0)           ## 00000024
/* 02674 80895E64 3C014170 */  lui     $at, 0x4170                ## $at = 41700000
/* 02678 80895E68 46040182 */  mul.s   $f6, $f0, $f4              
/* 0267C 80895E6C 44819000 */  mtc1    $at, $f18                  ## $f18 = 15.00
/* 02680 80895E70 46083280 */  add.s   $f10, $f6, $f8             
/* 02684 80895E74 E7AA0044 */  swc1    $f10, 0x0044($sp)          
/* 02688 80895E78 C6100028 */  lwc1    $f16, 0x0028($s0)          ## 00000028
/* 0268C 80895E7C 46128100 */  add.s   $f4, $f16, $f18            
/* 02690 80895E80 E7A40048 */  swc1    $f4, 0x0048($sp)           
/* 02694 80895E84 0C03FB51 */  jal     func_800FED44              
/* 02698 80895E88 860400BE */  lh      $a0, 0x00BE($s0)           ## 000000BE
/* 0269C 80895E8C 3C0141C8 */  lui     $at, 0x41C8                ## $at = 41C80000
/* 026A0 80895E90 44813000 */  mtc1    $at, $f6                   ## $f6 = 25.00
/* 026A4 80895E94 C60A002C */  lwc1    $f10, 0x002C($s0)          ## 0000002C
/* 026A8 80895E98 46060202 */  mul.s   $f8, $f0, $f6              
/* 026AC 80895E9C 460A4400 */  add.s   $f16, $f8, $f10            
/* 026B0 80895EA0 E7B0004C */  swc1    $f16, 0x004C($sp)          
/* 026B4 80895EA4 860400BE */  lh      $a0, 0x00BE($s0)           ## 000000BE
/* 026B8 80895EA8 2484C000 */  addiu   $a0, $a0, 0xC000           ## $a0 = FFFFC000
/* 026BC 80895EAC 00042400 */  sll     $a0, $a0, 16               
/* 026C0 80895EB0 00042403 */  sra     $a0, $a0, 16               
/* 026C4 80895EB4 0C03FB61 */  jal     func_800FED84              
/* 026C8 80895EB8 A7A40036 */  sh      $a0, 0x0036($sp)           
/* 026CC 80895EBC 46000480 */  add.s   $f18, $f0, $f0             
/* 026D0 80895EC0 3C014040 */  lui     $at, 0x4040                ## $at = 40400000
/* 026D4 80895EC4 44812000 */  mtc1    $at, $f4                   ## $f4 = 3.00
/* 026D8 80895EC8 87A40036 */  lh      $a0, 0x0036($sp)           
/* 026DC 80895ECC E7B20038 */  swc1    $f18, 0x0038($sp)          
/* 026E0 80895ED0 0C03FB51 */  jal     func_800FED44              
/* 026E4 80895ED4 E7A4003C */  swc1    $f4, 0x003C($sp)           
/* 026E8 80895ED8 46000180 */  add.s   $f6, $f0, $f0              
/* 026EC 80895EDC 3C188089 */  lui     $t8, %hi(D_80896B3C)       ## $t8 = 80890000
/* 026F0 80895EE0 3C198089 */  lui     $t9, %hi(D_80896B40)       ## $t9 = 80890000
/* 026F4 80895EE4 27396B40 */  addiu   $t9, $t9, %lo(D_80896B40)  ## $t9 = 80896B40
/* 026F8 80895EE8 27186B3C */  addiu   $t8, $t8, %lo(D_80896B3C)  ## $t8 = 80896B3C
/* 026FC 80895EEC 3C078089 */  lui     $a3, %hi(D_80896B44)       ## $a3 = 80890000
/* 02700 80895EF0 240801F4 */  addiu   $t0, $zero, 0x01F4         ## $t0 = 000001F4
/* 02704 80895EF4 24090032 */  addiu   $t1, $zero, 0x0032         ## $t1 = 00000032
/* 02708 80895EF8 E7A60040 */  swc1    $f6, 0x0040($sp)           
/* 0270C 80895EFC AFA9001C */  sw      $t1, 0x001C($sp)           
/* 02710 80895F00 AFA80018 */  sw      $t0, 0x0018($sp)           
/* 02714 80895F04 24E76B44 */  addiu   $a3, $a3, %lo(D_80896B44)  ## $a3 = 80896B44
/* 02718 80895F08 AFB80010 */  sw      $t8, 0x0010($sp)           
/* 0271C 80895F0C AFB90014 */  sw      $t9, 0x0014($sp)           
/* 02720 80895F10 8FA40054 */  lw      $a0, 0x0054($sp)           
/* 02724 80895F14 27A50044 */  addiu   $a1, $sp, 0x0044           ## $a1 = FFFFFFF4
/* 02728 80895F18 0C02C378 */  jal     func_800B0DE0              
/* 0272C 80895F1C 27A60038 */  addiu   $a2, $sp, 0x0038           ## $a2 = FFFFFFE8
/* 02730 80895F20 C6000024 */  lwc1    $f0, 0x0024($s0)           ## 00000024
/* 02734 80895F24 C7AA0044 */  lwc1    $f10, 0x0044($sp)          
/* 02738 80895F28 3C01BF80 */  lui     $at, 0xBF80                ## $at = BF800000
/* 0273C 80895F2C 46000200 */  add.s   $f8, $f0, $f0              
/* 02740 80895F30 44816000 */  mtc1    $at, $f12                  ## $f12 = -1.00
/* 02744 80895F34 C7A4004C */  lwc1    $f4, 0x004C($sp)           
/* 02748 80895F38 3C0A8089 */  lui     $t2, %hi(D_80896B3C)       ## $t2 = 80890000
/* 0274C 80895F3C 460A4401 */  sub.s   $f16, $f8, $f10            
/* 02750 80895F40 C7A80038 */  lwc1    $f8, 0x0038($sp)           
/* 02754 80895F44 3C0B8089 */  lui     $t3, %hi(D_80896B40)       ## $t3 = 80890000
/* 02758 80895F48 256B6B40 */  addiu   $t3, $t3, %lo(D_80896B40)  ## $t3 = 80896B40
/* 0275C 80895F4C E7B00044 */  swc1    $f16, 0x0044($sp)          
/* 02760 80895F50 C602002C */  lwc1    $f2, 0x002C($s0)           ## 0000002C
/* 02764 80895F54 460C4282 */  mul.s   $f10, $f8, $f12            
/* 02768 80895F58 C7B00040 */  lwc1    $f16, 0x0040($sp)          
/* 0276C 80895F5C 46021480 */  add.s   $f18, $f2, $f2             
/* 02770 80895F60 254A6B3C */  addiu   $t2, $t2, %lo(D_80896B3C)  ## $t2 = 80896B3C
/* 02774 80895F64 3C078089 */  lui     $a3, %hi(D_80896B44)       ## $a3 = 80890000
/* 02778 80895F68 240C01F4 */  addiu   $t4, $zero, 0x01F4         ## $t4 = 000001F4
/* 0277C 80895F6C 46049181 */  sub.s   $f6, $f18, $f4             
/* 02780 80895F70 460C8482 */  mul.s   $f18, $f16, $f12           
/* 02784 80895F74 240D0032 */  addiu   $t5, $zero, 0x0032         ## $t5 = 00000032
/* 02788 80895F78 E7AA0038 */  swc1    $f10, 0x0038($sp)          
/* 0278C 80895F7C E7A6004C */  swc1    $f6, 0x004C($sp)           
/* 02790 80895F80 AFAD001C */  sw      $t5, 0x001C($sp)           
/* 02794 80895F84 AFAC0018 */  sw      $t4, 0x0018($sp)           
/* 02798 80895F88 24E76B44 */  addiu   $a3, $a3, %lo(D_80896B44)  ## $a3 = 80896B44
/* 0279C 80895F8C E7B20040 */  swc1    $f18, 0x0040($sp)          
/* 027A0 80895F90 AFAA0010 */  sw      $t2, 0x0010($sp)           
/* 027A4 80895F94 AFAB0014 */  sw      $t3, 0x0014($sp)           
/* 027A8 80895F98 8FA40054 */  lw      $a0, 0x0054($sp)           
/* 027AC 80895F9C 27A50044 */  addiu   $a1, $sp, 0x0044           ## $a1 = FFFFFFF4
/* 027B0 80895FA0 0C02C378 */  jal     func_800B0DE0              
/* 027B4 80895FA4 27A60038 */  addiu   $a2, $sp, 0x0038           ## $a2 = FFFFFFE8
/* 027B8 80895FA8 260400C4 */  addiu   $a0, $s0, 0x00C4           ## $a0 = 000000C4
/* 027BC 80895FAC 24050000 */  addiu   $a1, $zero, 0x0000         ## $a1 = 00000000
/* 027C0 80895FB0 0C03FC0F */  jal     func_800FF03C              
/* 027C4 80895FB4 3C064348 */  lui     $a2, 0x4348                ## $a2 = 43480000
/* 027C8 80895FB8 1040000A */  beq     $v0, $zero, .L80895FE4     
/* 027CC 80895FBC 02002025 */  or      $a0, $s0, $zero            ## $a0 = 00000000
/* 027D0 80895FC0 8E0E0004 */  lw      $t6, 0x0004($s0)           ## 00000004
/* 027D4 80895FC4 921903BD */  lbu     $t9, 0x03BD($s0)           ## 000003BD
/* 027D8 80895FC8 861800BE */  lh      $t8, 0x00BE($s0)           ## 000000BE
/* 027DC 80895FCC 35CF0001 */  ori     $t7, $t6, 0x0001           ## $t7 = 00000001
/* 027E0 80895FD0 37280001 */  ori     $t0, $t9, 0x0001           ## $t0 = 00000001
/* 027E4 80895FD4 AE0F0004 */  sw      $t7, 0x0004($s0)           ## 00000004
/* 027E8 80895FD8 A20803BD */  sb      $t0, 0x03BD($s0)           ## 000003BD
/* 027EC 80895FDC 0C22517B */  jal     func_808945EC              
/* 027F0 80895FE0 A6180032 */  sh      $t8, 0x0032($s0)           ## 00000032
.L80895FE4:
/* 027F4 80895FE4 8FBF002C */  lw      $ra, 0x002C($sp)           
/* 027F8 80895FE8 8FB00028 */  lw      $s0, 0x0028($sp)           
/* 027FC 80895FEC 27BD0050 */  addiu   $sp, $sp, 0x0050           ## $sp = 00000000
/* 02800 80895FF0 03E00008 */  jr      $ra                        
/* 02804 80895FF4 00000000 */  nop


glabel func_80895FF8
/* 02808 80895FF8 27BDFFC8 */  addiu   $sp, $sp, 0xFFC8           ## $sp = FFFFFFC8
/* 0280C 80895FFC AFB00030 */  sw      $s0, 0x0030($sp)           
/* 02810 80896000 00808025 */  or      $s0, $a0, $zero            ## $s0 = 00000000
/* 02814 80896004 AFBF0034 */  sw      $ra, 0x0034($sp)           
/* 02818 80896008 AFA5003C */  sw      $a1, 0x003C($sp)           
/* 0281C 8089600C 920203BD */  lbu     $v0, 0x03BD($s0)           ## 000003BD
/* 02820 80896010 2401000C */  addiu   $at, $zero, 0x000C         ## $at = 0000000C
/* 02824 80896014 304E0002 */  andi    $t6, $v0, 0x0002           ## $t6 = 00000000
/* 02828 80896018 11C000B7 */  beq     $t6, $zero, .L808962F8     
/* 0282C 8089601C 304FFFFD */  andi    $t7, $v0, 0xFFFD           ## $t7 = 00000000
/* 02830 80896020 921803BC */  lbu     $t8, 0x03BC($s0)           ## 000003BC
/* 02834 80896024 920803C0 */  lbu     $t0, 0x03C0($s0)           ## 000003C0
/* 02838 80896028 A20F03BD */  sb      $t7, 0x03BD($s0)           ## 000003BD
/* 0283C 8089602C 3319FFFD */  andi    $t9, $t8, 0xFFFD           ## $t9 = 00000000
/* 02840 80896030 15010008 */  bne     $t0, $at, .L80896054       
/* 02844 80896034 A21903BC */  sb      $t9, 0x03BC($s0)           ## 000003BC
/* 02848 80896038 0C2255BF */  jal     func_808956FC              
/* 0284C 8089603C 02002025 */  or      $a0, $s0, $zero            ## $a0 = 00000000
/* 02850 80896040 02002025 */  or      $a0, $s0, $zero            ## $a0 = 00000000
/* 02854 80896044 0C02F95A */  jal     func_800BE568              
/* 02858 80896048 260503AC */  addiu   $a1, $s0, 0x03AC           ## $a1 = 000003AC
/* 0285C 8089604C 100000D5 */  beq     $zero, $zero, .L808963A4   
/* 02860 80896050 8FBF0034 */  lw      $ra, 0x0034($sp)           
.L80896054:
/* 02864 80896054 02002025 */  or      $a0, $s0, $zero            ## $a0 = 00000000
/* 02868 80896058 0C02F896 */  jal     func_800BE258              
/* 0286C 8089605C 260503C4 */  addiu   $a1, $s0, 0x03C4           ## $a1 = 000003C4
/* 02870 80896060 920902BB */  lbu     $t1, 0x02BB($s0)           ## 000002BB
/* 02874 80896064 2401000A */  addiu   $at, $zero, 0x000A         ## $at = 0000000A
/* 02878 80896068 02002025 */  or      $a0, $s0, $zero            ## $a0 = 00000000
/* 0287C 8089606C 15210008 */  bne     $t1, $at, .L80896090       
/* 02880 80896070 00000000 */  nop
/* 02884 80896074 8E0A03E8 */  lw      $t2, 0x03E8($s0)           ## 000003E8
/* 02888 80896078 3C01000D */  lui     $at, 0x000D                ## $at = 000D0000
/* 0288C 8089607C 3421B0B3 */  ori     $at, $at, 0xB0B3           ## $at = 000DB0B3
/* 02890 80896080 8D4B0000 */  lw      $t3, 0x0000($t2)           ## 00000000
/* 02894 80896084 01616024 */  and     $t4, $t3, $at              
/* 02898 80896088 558000C6 */  bnel    $t4, $zero, .L808963A4     
/* 0289C 8089608C 8FBF0034 */  lw      $ra, 0x0034($sp)           
.L80896090:
/* 028A0 80896090 0C224F95 */  jal     func_80893E54              
/* 028A4 80896094 8FA5003C */  lw      $a1, 0x003C($sp)           
/* 028A8 80896098 44800000 */  mtc1    $zero, $f0                 ## $f0 = 0.00
/* 028AC 8089609C C60400C4 */  lwc1    $f4, 0x00C4($s0)           ## 000000C4
/* 028B0 808960A0 4600203C */  c.lt.s  $f4, $f0                   
/* 028B4 808960A4 00000000 */  nop
/* 028B8 808960A8 45000005 */  bc1f    .L808960C0                 
/* 028BC 808960AC 00000000 */  nop
/* 028C0 808960B0 0C22577A */  jal     func_80895DE8              
/* 028C4 808960B4 02002025 */  or      $a0, $s0, $zero            ## $a0 = 00000000
/* 028C8 808960B8 100000BA */  beq     $zero, $zero, .L808963A4   
/* 028CC 808960BC 8FBF0034 */  lw      $ra, 0x0034($sp)           
.L808960C0:
/* 028D0 808960C0 0C02F88B */  jal     func_800BE22C              
/* 028D4 808960C4 02002025 */  or      $a0, $s0, $zero            ## $a0 = 00000000
/* 028D8 808960C8 14400003 */  bne     $v0, $zero, .L808960D8     
/* 028DC 808960CC 8FA4003C */  lw      $a0, 0x003C($sp)           
/* 028E0 808960D0 0C02EEA2 */  jal     func_800BBA88              
/* 028E4 808960D4 02002825 */  or      $a1, $s0, $zero            ## $a1 = 00000000
.L808960D8:
/* 028E8 808960D8 920200B9 */  lbu     $v0, 0x00B9($s0)           ## 000000B9
/* 028EC 808960DC 2401000F */  addiu   $at, $zero, 0x000F         ## $at = 0000000F
/* 028F0 808960E0 104100AF */  beq     $v0, $at, .L808963A0       
/* 028F4 808960E4 24010005 */  addiu   $at, $zero, 0x0005         ## $at = 00000005
/* 028F8 808960E8 14410018 */  bne     $v0, $at, .L8089614C       
/* 028FC 808960EC 240D0028 */  addiu   $t5, $zero, 0x0028         ## $t5 = 00000028
/* 02900 808960F0 A60D02BC */  sh      $t5, 0x02BC($s0)           ## 000002BC
/* 02904 808960F4 240E0028 */  addiu   $t6, $zero, 0x0028         ## $t6 = 00000028
/* 02908 808960F8 AFAE0010 */  sw      $t6, 0x0010($sp)           
/* 0290C 808960FC 02002025 */  or      $a0, $s0, $zero            ## $a0 = 00000000
/* 02910 80896100 00002825 */  or      $a1, $zero, $zero          ## $a1 = 00000000
/* 02914 80896104 240600C8 */  addiu   $a2, $zero, 0x00C8         ## $a2 = 000000C8
/* 02918 80896108 0C02F2DC */  jal     func_800BCB70              
/* 0291C 8089610C 00003825 */  or      $a3, $zero, $zero          ## $a3 = 00000000
/* 02920 80896110 02002025 */  or      $a0, $s0, $zero            ## $a0 = 00000000
/* 02924 80896114 0C02E3B2 */  jal     func_800B8EC8              
/* 02928 80896118 2405389E */  addiu   $a1, $zero, 0x389E         ## $a1 = 0000389E
/* 0292C 8089611C 3C013F00 */  lui     $at, 0x3F00                ## $at = 3F000000
/* 02930 80896120 44813000 */  mtc1    $at, $f6                   ## $f6 = 0.50
/* 02934 80896124 3C014000 */  lui     $at, 0x4000                ## $at = 40000000
/* 02938 80896128 44814000 */  mtc1    $at, $f8                   ## $f8 = 2.00
/* 0293C 8089612C 240F0020 */  addiu   $t7, $zero, 0x0020         ## $t7 = 00000020
/* 02940 80896130 A20F02BB */  sb      $t7, 0x02BB($s0)           ## 000002BB
/* 02944 80896134 02002025 */  or      $a0, $s0, $zero            ## $a0 = 00000000
/* 02948 80896138 E60602C8 */  swc1    $f6, 0x02C8($s0)           ## 000002C8
/* 0294C 8089613C 0C225374 */  jal     func_80894DD0              
/* 02950 80896140 E60802C4 */  swc1    $f8, 0x02C4($s0)           ## 000002C4
/* 02954 80896144 10000097 */  beq     $zero, $zero, .L808963A4   
/* 02958 80896148 8FBF0034 */  lw      $ra, 0x0034($sp)           
.L8089614C:
/* 0295C 8089614C 24010001 */  addiu   $at, $zero, 0x0001         ## $at = 00000001
/* 02960 80896150 14410010 */  bne     $v0, $at, .L80896194       
/* 02964 80896154 24180028 */  addiu   $t8, $zero, 0x0028         ## $t8 = 00000028
/* 02968 80896158 A61802BC */  sh      $t8, 0x02BC($s0)           ## 000002BC
/* 0296C 8089615C 24190028 */  addiu   $t9, $zero, 0x0028         ## $t9 = 00000028
/* 02970 80896160 AFB90010 */  sw      $t9, 0x0010($sp)           
/* 02974 80896164 02002025 */  or      $a0, $s0, $zero            ## $a0 = 00000000
/* 02978 80896168 00002825 */  or      $a1, $zero, $zero          ## $a1 = 00000000
/* 0297C 8089616C 240600C8 */  addiu   $a2, $zero, 0x00C8         ## $a2 = 000000C8
/* 02980 80896170 0C02F2DC */  jal     func_800BCB70              
/* 02984 80896174 00003825 */  or      $a3, $zero, $zero          ## $a3 = 00000000
/* 02988 80896178 02002025 */  or      $a0, $s0, $zero            ## $a0 = 00000000
/* 0298C 8089617C 0C02E3B2 */  jal     func_800B8EC8              
/* 02990 80896180 2405389E */  addiu   $a1, $zero, 0x389E         ## $a1 = 0000389E
/* 02994 80896184 0C225374 */  jal     func_80894DD0              
/* 02998 80896188 02002025 */  or      $a0, $s0, $zero            ## $a0 = 00000000
/* 0299C 8089618C 10000085 */  beq     $zero, $zero, .L808963A4   
/* 029A0 80896190 8FBF0034 */  lw      $ra, 0x0034($sp)           
.L80896194:
/* 029A4 80896194 24010003 */  addiu   $at, $zero, 0x0003         ## $at = 00000003
/* 029A8 80896198 54410010 */  bnel    $v0, $at, .L808961DC       
/* 029AC 8089619C 24010002 */  addiu   $at, $zero, 0x0002         ## $at = 00000002
/* 029B0 808961A0 0C224F75 */  jal     func_80893DD4              
/* 029B4 808961A4 02002025 */  or      $a0, $s0, $zero            ## $a0 = 00000000
/* 029B8 808961A8 920800B7 */  lbu     $t0, 0x00B7($s0)           ## 000000B7
/* 029BC 808961AC 15000006 */  bne     $t0, $zero, .L808961C8     
/* 029C0 808961B0 00000000 */  nop
/* 029C4 808961B4 920A03BD */  lbu     $t2, 0x03BD($s0)           ## 000003BD
/* 029C8 808961B8 24090003 */  addiu   $t1, $zero, 0x0003         ## $t1 = 00000003
/* 029CC 808961BC A60902BC */  sh      $t1, 0x02BC($s0)           ## 000002BC
/* 029D0 808961C0 314BFFFE */  andi    $t3, $t2, 0xFFFE           ## $t3 = 00000000
/* 029D4 808961C4 A20B03BD */  sb      $t3, 0x03BD($s0)           ## 000003BD
.L808961C8:
/* 029D8 808961C8 0C225374 */  jal     func_80894DD0              
/* 029DC 808961CC 02002025 */  or      $a0, $s0, $zero            ## $a0 = 00000000
/* 029E0 808961D0 10000074 */  beq     $zero, $zero, .L808963A4   
/* 029E4 808961D4 8FBF0034 */  lw      $ra, 0x0034($sp)           
/* 029E8 808961D8 24010002 */  addiu   $at, $zero, 0x0002         ## $at = 00000002
.L808961DC:
/* 029EC 808961DC 14410008 */  bne     $v0, $at, .L80896200       
/* 029F0 808961E0 3C014080 */  lui     $at, 0x4080                ## $at = 40800000
/* 029F4 808961E4 44815000 */  mtc1    $at, $f10                  ## $f10 = 4.00
/* 029F8 808961E8 3C013F00 */  lui     $at, 0x3F00                ## $at = 3F000000
/* 029FC 808961EC 44818000 */  mtc1    $at, $f16                  ## $f16 = 0.50
/* 02A00 808961F0 A20002BB */  sb      $zero, 0x02BB($s0)         ## 000002BB
/* 02A04 808961F4 E60A02C4 */  swc1    $f10, 0x02C4($s0)          ## 000002C4
/* 02A08 808961F8 10000020 */  beq     $zero, $zero, .L8089627C   
/* 02A0C 808961FC E61002C8 */  swc1    $f16, 0x02C8($s0)          ## 000002C8
.L80896200:
/* 02A10 80896200 24010004 */  addiu   $at, $zero, 0x0004         ## $at = 00000004
/* 02A14 80896204 1441001D */  bne     $v0, $at, .L8089627C       
/* 02A18 80896208 240C0014 */  addiu   $t4, $zero, 0x0014         ## $t4 = 00000014
/* 02A1C 8089620C 860F03D4 */  lh      $t7, 0x03D4($s0)           ## 000003D4
/* 02A20 80896210 3C014080 */  lui     $at, 0x4080                ## $at = 40800000
/* 02A24 80896214 44819000 */  mtc1    $at, $f18                  ## $f18 = 4.00
/* 02A28 80896218 448F4000 */  mtc1    $t7, $f8                   ## $f8 = 0.00
/* 02A2C 8089621C 3C013F00 */  lui     $at, 0x3F00                ## $at = 3F000000
/* 02A30 80896220 44812000 */  mtc1    $at, $f4                   ## $f4 = 0.50
/* 02A34 80896224 468042A0 */  cvt.s.w $f10, $f8                  
/* 02A38 80896228 860E03D2 */  lh      $t6, 0x03D2($s0)           ## 000003D2
/* 02A3C 8089622C A20C02BB */  sb      $t4, 0x02BB($s0)           ## 000002BB
/* 02A40 80896230 E61202C4 */  swc1    $f18, 0x02C4($s0)          ## 000002C4
/* 02A44 80896234 E60402C8 */  swc1    $f4, 0x02C8($s0)           ## 000002C8
/* 02A48 80896238 448E3000 */  mtc1    $t6, $f6                   ## $f6 = 0.00
/* 02A4C 8089623C E7AA0010 */  swc1    $f10, 0x0010($sp)          
/* 02A50 80896240 861803D6 */  lh      $t8, 0x03D6($s0)           ## 000003D6
/* 02A54 80896244 468031A0 */  cvt.s.w $f6, $f6                   
/* 02A58 80896248 8FA5003C */  lw      $a1, 0x003C($sp)           
/* 02A5C 8089624C 44988000 */  mtc1    $t8, $f16                  ## $f16 = 0.00
/* 02A60 80896250 24190004 */  addiu   $t9, $zero, 0x0004         ## $t9 = 00000004
/* 02A64 80896254 AFB90024 */  sw      $t9, 0x0024($sp)           
/* 02A68 80896258 468084A0 */  cvt.s.w $f18, $f16                 
/* 02A6C 8089625C 44073000 */  mfc1    $a3, $f6                   
/* 02A70 80896260 AFA00020 */  sw      $zero, 0x0020($sp)         
/* 02A74 80896264 AFA0001C */  sw      $zero, 0x001C($sp)         
/* 02A78 80896268 AFA00018 */  sw      $zero, 0x0018($sp)         
/* 02A7C 8089626C 240600A2 */  addiu   $a2, $zero, 0x00A2         ## $a2 = 000000A2
/* 02A80 80896270 E7B20014 */  swc1    $f18, 0x0014($sp)          
/* 02A84 80896274 0C02EB18 */  jal     func_800BAC60              
/* 02A88 80896278 24A41CA0 */  addiu   $a0, $a1, 0x1CA0           ## $a0 = 00001CA0
.L8089627C:
/* 02A8C 8089627C 24080008 */  addiu   $t0, $zero, 0x0008         ## $t0 = 00000008
/* 02A90 80896280 AFA80010 */  sw      $t0, 0x0010($sp)           
/* 02A94 80896284 02002025 */  or      $a0, $s0, $zero            ## $a0 = 00000000
/* 02A98 80896288 24054000 */  addiu   $a1, $zero, 0x4000         ## $a1 = 00004000
/* 02A9C 8089628C 240600FF */  addiu   $a2, $zero, 0x00FF         ## $a2 = 000000FF
/* 02AA0 80896290 0C02F2DC */  jal     func_800BCB70              
/* 02AA4 80896294 00003825 */  or      $a3, $zero, $zero          ## $a3 = 00000000
/* 02AA8 80896298 920900B7 */  lbu     $t1, 0x00B7($s0)           ## 000000B7
/* 02AAC 8089629C 8FA5003C */  lw      $a1, 0x003C($sp)           
/* 02AB0 808962A0 02002025 */  or      $a0, $s0, $zero            ## $a0 = 00000000
/* 02AB4 808962A4 15200005 */  bne     $t1, $zero, .L808962BC     
/* 02AB8 808962A8 00000000 */  nop
/* 02ABC 808962AC 0C225408 */  jal     func_80895020              
/* 02AC0 808962B0 02002025 */  or      $a0, $s0, $zero            ## $a0 = 00000000
/* 02AC4 808962B4 1000003B */  beq     $zero, $zero, .L808963A4   
/* 02AC8 808962B8 8FBF0034 */  lw      $ra, 0x0034($sp)           
.L808962BC:
/* 02ACC 808962BC 0C02E3B2 */  jal     func_800B8EC8              
/* 02AD0 808962C0 2405386D */  addiu   $a1, $zero, 0x386D         ## $a1 = 0000386D
/* 02AD4 808962C4 920A02B9 */  lbu     $t2, 0x02B9($s0)           ## 000002B9
/* 02AD8 808962C8 15400007 */  bne     $t2, $zero, .L808962E8     
/* 02ADC 808962CC 00000000 */  nop
/* 02AE0 808962D0 0C2252CB */  jal     func_80894B2C              
/* 02AE4 808962D4 02002025 */  or      $a0, $s0, $zero            ## $a0 = 00000000
/* 02AE8 808962D8 920B03BD */  lbu     $t3, 0x03BD($s0)           ## 000003BD
/* 02AEC 808962DC 316CFFFE */  andi    $t4, $t3, 0xFFFE           ## $t4 = 00000000
/* 02AF0 808962E0 1000002F */  beq     $zero, $zero, .L808963A0   
/* 02AF4 808962E4 A20C03BD */  sb      $t4, 0x03BD($s0)           ## 000003BD
.L808962E8:
/* 02AF8 808962E8 0C225579 */  jal     func_808955E4              
/* 02AFC 808962EC 02002025 */  or      $a0, $s0, $zero            ## $a0 = 00000000
/* 02B00 808962F0 1000002C */  beq     $zero, $zero, .L808963A4   
/* 02B04 808962F4 8FBF0034 */  lw      $ra, 0x0034($sp)           
.L808962F8:
/* 02B08 808962F8 960D0090 */  lhu     $t5, 0x0090($s0)           ## 00000090
/* 02B0C 808962FC 304F0001 */  andi    $t7, $v0, 0x0001           ## $t7 = 00000000
/* 02B10 80896300 31AE0001 */  andi    $t6, $t5, 0x0001           ## $t6 = 00000000
/* 02B14 80896304 51C00027 */  beql    $t6, $zero, .L808963A4     
/* 02B18 80896308 8FBF0034 */  lw      $ra, 0x0034($sp)           
/* 02B1C 8089630C 51E00025 */  beql    $t7, $zero, .L808963A4     
/* 02B20 80896310 8FBF0034 */  lw      $ra, 0x0034($sp)           
/* 02B24 80896314 921800B7 */  lbu     $t8, 0x00B7($s0)           ## 000000B7
/* 02B28 80896318 8FB9003C */  lw      $t9, 0x003C($sp)           
/* 02B2C 8089631C 53000021 */  beql    $t8, $zero, .L808963A4     
/* 02B30 80896320 8FBF0034 */  lw      $ra, 0x0034($sp)           
/* 02B34 80896324 93281CA2 */  lbu     $t0, 0x1CA2($t9)           ## 00001CA2
/* 02B38 80896328 3C018089 */  lui     $at, %hi(D_80896BCC)       ## $at = 80890000
/* 02B3C 8089632C 5100001D */  beql    $t0, $zero, .L808963A4     
/* 02B40 80896330 8FBF0034 */  lw      $ra, 0x0034($sp)           
/* 02B44 80896334 C6040094 */  lwc1    $f4, 0x0094($s0)           ## 00000094
/* 02B48 80896338 C4266BCC */  lwc1    $f6, %lo(D_80896BCC)($at)  
/* 02B4C 8089633C 4606203C */  c.lt.s  $f4, $f6                   
/* 02B50 80896340 00000000 */  nop
/* 02B54 80896344 45020017 */  bc1fl   .L808963A4                 
/* 02B58 80896348 8FBF0034 */  lw      $ra, 0x0034($sp)           
/* 02B5C 8089634C 44800000 */  mtc1    $zero, $f0                 ## $f0 = 0.00
/* 02B60 80896350 C60800C4 */  lwc1    $f8, 0x00C4($s0)           ## 000000C4
/* 02B64 80896354 8E090004 */  lw      $t1, 0x0004($s0)           ## 00000004
/* 02B68 80896358 3C0B800B */  lui     $t3, 0x800B                ## $t3 = 800B0000
/* 02B6C 8089635C 4600403C */  c.lt.s  $f8, $f0                   
/* 02B70 80896360 352A0001 */  ori     $t2, $t1, 0x0001           ## $t2 = 00000001
/* 02B74 80896364 AE0A0004 */  sw      $t2, 0x0004($s0)           ## 00000004
/* 02B78 80896368 256B3FC0 */  addiu   $t3, $t3, 0x3FC0           ## $t3 = 800B3FC0
/* 02B7C 8089636C 45020004 */  bc1fl   .L80896380                 
/* 02B80 80896370 920C02B9 */  lbu     $t4, 0x02B9($s0)           ## 000002B9
/* 02B84 80896374 E60000C4 */  swc1    $f0, 0x00C4($s0)           ## 000000C4
/* 02B88 80896378 AE0B00C8 */  sw      $t3, 0x00C8($s0)           ## 000000C8
/* 02B8C 8089637C 920C02B9 */  lbu     $t4, 0x02B9($s0)           ## 000002B9
.L80896380:
/* 02B90 80896380 11800005 */  beq     $t4, $zero, .L80896398     
/* 02B94 80896384 00000000 */  nop
/* 02B98 80896388 0C225579 */  jal     func_808955E4              
/* 02B9C 8089638C 02002025 */  or      $a0, $s0, $zero            ## $a0 = 00000000
/* 02BA0 80896390 10000004 */  beq     $zero, $zero, .L808963A4   
/* 02BA4 80896394 8FBF0034 */  lw      $ra, 0x0034($sp)           
.L80896398:
/* 02BA8 80896398 0C2254BB */  jal     func_808952EC              
/* 02BAC 8089639C 02002025 */  or      $a0, $s0, $zero            ## $a0 = 00000000
.L808963A0:
/* 02BB0 808963A0 8FBF0034 */  lw      $ra, 0x0034($sp)           
.L808963A4:
/* 02BB4 808963A4 8FB00030 */  lw      $s0, 0x0030($sp)           
/* 02BB8 808963A8 27BD0038 */  addiu   $sp, $sp, 0x0038           ## $sp = 00000000
/* 02BBC 808963AC 03E00008 */  jr      $ra                        
/* 02BC0 808963B0 00000000 */  nop


glabel func_808963B4
/* 02BC4 808963B4 27BDFFA8 */  addiu   $sp, $sp, 0xFFA8           ## $sp = FFFFFFA8
/* 02BC8 808963B8 AFB50030 */  sw      $s5, 0x0030($sp)           
/* 02BCC 808963BC AFB30028 */  sw      $s3, 0x0028($sp)           
/* 02BD0 808963C0 00809825 */  or      $s3, $a0, $zero            ## $s3 = 00000000
/* 02BD4 808963C4 00A0A825 */  or      $s5, $a1, $zero            ## $s5 = 00000000
/* 02BD8 808963C8 AFBF0034 */  sw      $ra, 0x0034($sp)           
/* 02BDC 808963CC AFB4002C */  sw      $s4, 0x002C($sp)           
/* 02BE0 808963D0 AFB20024 */  sw      $s2, 0x0024($sp)           
/* 02BE4 808963D4 AFB10020 */  sw      $s1, 0x0020($sp)           
/* 02BE8 808963D8 AFB0001C */  sw      $s0, 0x001C($sp)           
/* 02BEC 808963DC 96620090 */  lhu     $v0, 0x0090($s3)           ## 00000090
/* 02BF0 808963E0 2410003C */  addiu   $s0, $zero, 0x003C         ## $s0 = 0000003C
/* 02BF4 808963E4 2671030C */  addiu   $s1, $s3, 0x030C           ## $s1 = 0000030C
/* 02BF8 808963E8 304E0040 */  andi    $t6, $v0, 0x0040           ## $t6 = 00000000
/* 02BFC 808963EC 11C00015 */  beq     $t6, $zero, .L80896444     
/* 02C00 808963F0 304F0020 */  andi    $t7, $v0, 0x0020           ## $t7 = 00000000
/* 02C04 808963F4 2414006C */  addiu   $s4, $zero, 0x006C         ## $s4 = 0000006C
/* 02C08 808963F8 27B20048 */  addiu   $s2, $sp, 0x0048           ## $s2 = FFFFFFF0
.L808963FC:
/* 02C0C 808963FC 02402025 */  or      $a0, $s2, $zero            ## $a0 = FFFFFFF0
/* 02C10 80896400 0C03FD43 */  jal     func_800FF50C              
/* 02C14 80896404 02202825 */  or      $a1, $s1, $zero            ## $a1 = 0000030C
/* 02C18 80896408 C6640028 */  lwc1    $f4, 0x0028($s3)           ## 00000028
/* 02C1C 8089640C C666008C */  lwc1    $f6, 0x008C($s3)           ## 0000008C
/* 02C20 80896410 AFA00010 */  sw      $zero, 0x0010($sp)         
/* 02C24 80896414 02A02025 */  or      $a0, $s5, $zero            ## $a0 = 00000000
/* 02C28 80896418 46062200 */  add.s   $f8, $f4, $f6              
/* 02C2C 8089641C 02402825 */  or      $a1, $s2, $zero            ## $a1 = FFFFFFF0
/* 02C30 80896420 00003025 */  or      $a2, $zero, $zero          ## $a2 = 00000000
/* 02C34 80896424 240700DC */  addiu   $a3, $zero, 0x00DC         ## $a3 = 000000DC
/* 02C38 80896428 0C02C7BD */  jal     func_800B1EF4              
/* 02C3C 8089642C E7A8004C */  swc1    $f8, 0x004C($sp)           
/* 02C40 80896430 2610000C */  addiu   $s0, $s0, 0x000C           ## $s0 = 00000048
/* 02C44 80896434 1614FFF1 */  bne     $s0, $s4, .L808963FC       
/* 02C48 80896438 2631000C */  addiu   $s1, $s1, 0x000C           ## $s1 = 00000318
/* 02C4C 8089643C 10000022 */  beq     $zero, $zero, .L808964C8   
/* 02C50 80896440 8FBF0034 */  lw      $ra, 0x0034($sp)           
.L80896444:
/* 02C54 80896444 11E0001F */  beq     $t7, $zero, .L808964C4     
/* 02C58 80896448 3C020002 */  lui     $v0, 0x0002                ## $v0 = 00020000
/* 02C5C 8089644C 00551021 */  addu    $v0, $v0, $s5              
/* 02C60 80896450 8C428840 */  lw      $v0, -0x77C0($v0)          ## 00018840
/* 02C64 80896454 3C014120 */  lui     $at, 0x4120                ## $at = 41200000
/* 02C68 80896458 30420007 */  andi    $v0, $v0, 0x0007           ## $v0 = 00000000
/* 02C6C 8089645C 30580001 */  andi    $t8, $v0, 0x0001           ## $t8 = 00000000
/* 02C70 80896460 57000019 */  bnel    $t8, $zero, .L808964C8     
/* 02C74 80896464 8FBF0034 */  lw      $ra, 0x0034($sp)           
/* 02C78 80896468 C66A008C */  lwc1    $f10, 0x008C($s3)          ## 0000008C
/* 02C7C 8089646C 44818000 */  mtc1    $at, $f16                  ## $f16 = 10.00
/* 02C80 80896470 0002C843 */  sra     $t9, $v0,  1               
/* 02C84 80896474 00194080 */  sll     $t0, $t9,  2               
/* 02C88 80896478 4610503C */  c.lt.s  $f10, $f16                 
/* 02C8C 8089647C 27B20048 */  addiu   $s2, $sp, 0x0048           ## $s2 = FFFFFFF0
/* 02C90 80896480 01194023 */  subu    $t0, $t0, $t9              
/* 02C94 80896484 00084080 */  sll     $t0, $t0,  2               
/* 02C98 80896488 4500000E */  bc1f    .L808964C4                 
/* 02C9C 8089648C 02402025 */  or      $a0, $s2, $zero            ## $a0 = FFFFFFF0
/* 02CA0 80896490 02682821 */  addu    $a1, $s3, $t0              
/* 02CA4 80896494 0C03FD43 */  jal     func_800FF50C              
/* 02CA8 80896498 24A5030C */  addiu   $a1, $a1, 0x030C           ## $a1 = 0000030C
/* 02CAC 8089649C C6720028 */  lwc1    $f18, 0x0028($s3)          ## 00000028
/* 02CB0 808964A0 C664008C */  lwc1    $f4, 0x008C($s3)           ## 0000008C
/* 02CB4 808964A4 AFA00010 */  sw      $zero, 0x0010($sp)         
/* 02CB8 808964A8 02A02025 */  or      $a0, $s5, $zero            ## $a0 = 00000000
/* 02CBC 808964AC 46049180 */  add.s   $f6, $f18, $f4             
/* 02CC0 808964B0 02402825 */  or      $a1, $s2, $zero            ## $a1 = FFFFFFF0
/* 02CC4 808964B4 00003025 */  or      $a2, $zero, $zero          ## $a2 = 00000000
/* 02CC8 808964B8 240700DC */  addiu   $a3, $zero, 0x00DC         ## $a3 = 000000DC
/* 02CCC 808964BC 0C02C7BD */  jal     func_800B1EF4              
/* 02CD0 808964C0 E7A6004C */  swc1    $f6, 0x004C($sp)           
.L808964C4:
/* 02CD4 808964C4 8FBF0034 */  lw      $ra, 0x0034($sp)           
.L808964C8:
/* 02CD8 808964C8 8FB0001C */  lw      $s0, 0x001C($sp)           
/* 02CDC 808964CC 8FB10020 */  lw      $s1, 0x0020($sp)           
/* 02CE0 808964D0 8FB20024 */  lw      $s2, 0x0024($sp)           
/* 02CE4 808964D4 8FB30028 */  lw      $s3, 0x0028($sp)           
/* 02CE8 808964D8 8FB4002C */  lw      $s4, 0x002C($sp)           
/* 02CEC 808964DC 8FB50030 */  lw      $s5, 0x0030($sp)           
/* 02CF0 808964E0 03E00008 */  jr      $ra                        
/* 02CF4 808964E4 27BD0058 */  addiu   $sp, $sp, 0x0058           ## $sp = 00000000


glabel func_808964E8
/* 02CF8 808964E8 27BDFFD8 */  addiu   $sp, $sp, 0xFFD8           ## $sp = FFFFFFD8
/* 02CFC 808964EC AFB00020 */  sw      $s0, 0x0020($sp)           
/* 02D00 808964F0 00808025 */  or      $s0, $a0, $zero            ## $s0 = 00000000
/* 02D04 808964F4 AFBF0024 */  sw      $ra, 0x0024($sp)           
/* 02D08 808964F8 AFA5002C */  sw      $a1, 0x002C($sp)           
/* 02D0C 808964FC 02002025 */  or      $a0, $s0, $zero            ## $a0 = 00000000
/* 02D10 80896500 0C2257FE */  jal     func_80895FF8              
/* 02D14 80896504 8FA5002C */  lw      $a1, 0x002C($sp)           
/* 02D18 80896508 8E1902B4 */  lw      $t9, 0x02B4($s0)           ## 000002B4
/* 02D1C 8089650C 02002025 */  or      $a0, $s0, $zero            ## $a0 = 00000000
/* 02D20 80896510 8FA5002C */  lw      $a1, 0x002C($sp)           
/* 02D24 80896514 0320F809 */  jalr    $ra, $t9                   
/* 02D28 80896518 00000000 */  nop
/* 02D2C 8089651C 8E0F02B4 */  lw      $t7, 0x02B4($s0)           ## 000002B4
/* 02D30 80896520 3C0E8089 */  lui     $t6, %hi(func_808951B8)    ## $t6 = 80890000
/* 02D34 80896524 25CE51B8 */  addiu   $t6, $t6, %lo(func_808951B8) ## $t6 = 808951B8
/* 02D38 80896528 51CF0085 */  beql    $t6, $t7, .L80896740       
/* 02D3C 8089652C 8FBF0024 */  lw      $ra, 0x0024($sp)           
/* 02D40 80896530 0C02DAA2 */  jal     func_800B6A88              
/* 02D44 80896534 02002025 */  or      $a0, $s0, $zero            ## $a0 = 00000000
/* 02D48 80896538 3C0141A0 */  lui     $at, 0x41A0                ## $at = 41A00000
/* 02D4C 8089653C 44812000 */  mtc1    $at, $f4                   ## $f4 = 20.00
/* 02D50 80896540 8FA4002C */  lw      $a0, 0x002C($sp)           
/* 02D54 80896544 02002825 */  or      $a1, $s0, $zero            ## $a1 = 00000000
/* 02D58 80896548 E7A40010 */  swc1    $f4, 0x0010($sp)           
/* 02D5C 8089654C 8E1802C0 */  lw      $t8, 0x02C0($s0)           ## 000002C0
/* 02D60 80896550 3C0641C8 */  lui     $a2, 0x41C8                ## $a2 = 41C80000
/* 02D64 80896554 3C074220 */  lui     $a3, 0x4220                ## $a3 = 42200000
/* 02D68 80896558 0C02DE2E */  jal     func_800B78B8              
/* 02D6C 8089655C AFB80014 */  sw      $t8, 0x0014($sp)           
/* 02D70 80896560 02002025 */  or      $a0, $s0, $zero            ## $a0 = 00000000
/* 02D74 80896564 0C2258ED */  jal     func_808963B4              
/* 02D78 80896568 8FA5002C */  lw      $a1, 0x002C($sp)           
/* 02D7C 8089656C 96080090 */  lhu     $t0, 0x0090($s0)           ## 00000090
/* 02D80 80896570 260600BC */  addiu   $a2, $s0, 0x00BC           ## $a2 = 000000BC
/* 02D84 80896574 260400BC */  addiu   $a0, $s0, 0x00BC           ## $a0 = 000000BC
/* 02D88 80896578 31090001 */  andi    $t1, $t0, 0x0001           ## $t1 = 00000000
/* 02D8C 8089657C 1120000C */  beq     $t1, $zero, .L808965B0     
/* 02D90 80896580 00002825 */  or      $a1, $zero, $zero          ## $a1 = 00000000
/* 02D94 80896584 02002025 */  or      $a0, $s0, $zero            ## $a0 = 00000000
/* 02D98 80896588 0C02F8F4 */  jal     func_800BE3D0              
/* 02D9C 8089658C 860500BE */  lh      $a1, 0x00BE($s0)           ## 000000BE
/* 02DA0 80896590 920A02B9 */  lbu     $t2, 0x02B9($s0)           ## 000002B9
/* 02DA4 80896594 5140001B */  beql    $t2, $zero, .L80896604     
/* 02DA8 80896598 3C0144FA */  lui     $at, 0x44FA                ## $at = 44FA0000
/* 02DAC 8089659C 860B00C0 */  lh      $t3, 0x00C0($s0)           ## 000000C0
/* 02DB0 808965A0 34018000 */  ori     $at, $zero, 0x8000         ## $at = 00008000
/* 02DB4 808965A4 01616021 */  addu    $t4, $t3, $at              
/* 02DB8 808965A8 10000015 */  beq     $zero, $zero, .L80896600   
/* 02DBC 808965AC A60C00C0 */  sh      $t4, 0x00C0($s0)           ## 000000C0
.L808965B0:
/* 02DC0 808965B0 0C03FB9C */  jal     func_800FEE70              
/* 02DC4 808965B4 240603E8 */  addiu   $a2, $zero, 0x03E8         ## $a2 = 000003E8
/* 02DC8 808965B8 920D02B9 */  lbu     $t5, 0x02B9($s0)           ## 000002B9
/* 02DCC 808965BC 260400C0 */  addiu   $a0, $s0, 0x00C0           ## $a0 = 000000C0
/* 02DD0 808965C0 00002825 */  or      $a1, $zero, $zero          ## $a1 = 00000000
/* 02DD4 808965C4 55A0000F */  bnel    $t5, $zero, .L80896604     
/* 02DD8 808965C8 3C0144FA */  lui     $at, 0x44FA                ## $at = 44FA0000
/* 02DDC 808965CC 0C03FB9C */  jal     func_800FEE70              
/* 02DE0 808965D0 240603E8 */  addiu   $a2, $zero, 0x03E8         ## $a2 = 000003E8
/* 02DE4 808965D4 C60000C4 */  lwc1    $f0, 0x00C4($s0)           ## 000000C4
/* 02DE8 808965D8 44803000 */  mtc1    $zero, $f6                 ## $f6 = 0.00
/* 02DEC 808965DC 3C0143C8 */  lui     $at, 0x43C8                ## $at = 43C80000
/* 02DF0 808965E0 4600303C */  c.lt.s  $f6, $f0                   
/* 02DF4 808965E4 00000000 */  nop
/* 02DF8 808965E8 45020006 */  bc1fl   .L80896604                 
/* 02DFC 808965EC 3C0144FA */  lui     $at, 0x44FA                ## $at = 44FA0000
/* 02E00 808965F0 44814000 */  mtc1    $at, $f8                   ## $f8 = 2000.00
/* 02E04 808965F4 00000000 */  nop
/* 02E08 808965F8 46080281 */  sub.s   $f10, $f0, $f8             
/* 02E0C 808965FC E60A00C4 */  swc1    $f10, 0x00C4($s0)          ## 000000C4
.L80896600:
/* 02E10 80896600 3C0144FA */  lui     $at, 0x44FA                ## $at = 44FA0000
.L80896604:
/* 02E14 80896604 44819000 */  mtc1    $at, $f18                  ## $f18 = 2000.00
/* 02E18 80896608 C610005C */  lwc1    $f16, 0x005C($s0)          ## 0000005C
/* 02E1C 8089660C 02002025 */  or      $a0, $s0, $zero            ## $a0 = 00000000
/* 02E20 80896610 46128102 */  mul.s   $f4, $f16, $f18            
/* 02E24 80896614 44052000 */  mfc1    $a1, $f4                   
/* 02E28 80896618 0C02D9D7 */  jal     func_800B675C              
/* 02E2C 8089661C 00000000 */  nop
/* 02E30 80896620 C60A0028 */  lwc1    $f10, 0x0028($s0)          ## 00000028
/* 02E34 80896624 C6060024 */  lwc1    $f6, 0x0024($s0)           ## 00000024
/* 02E38 80896628 C612002C */  lwc1    $f18, 0x002C($s0)          ## 0000002C
/* 02E3C 8089662C 4600540D */  trunc.w.s $f16, $f10                 
/* 02E40 80896630 920B03BD */  lbu     $t3, 0x03BD($s0)           ## 000003BD
/* 02E44 80896634 3C010001 */  lui     $at, 0x0001                ## $at = 00010000
/* 02E48 80896638 4600320D */  trunc.w.s $f8, $f6                   
/* 02E4C 8089663C 44188000 */  mfc1    $t8, $f16                  
/* 02E50 80896640 316C0001 */  andi    $t4, $t3, 0x0001           ## $t4 = 00000000
/* 02E54 80896644 4600910D */  trunc.w.s $f4, $f18                  
/* 02E58 80896648 440E4000 */  mfc1    $t6, $f8                   
/* 02E5C 8089664C 2708000F */  addiu   $t0, $t8, 0x000F           ## $t0 = 0000000F
/* 02E60 80896650 A60803F6 */  sh      $t0, 0x03F6($s0)           ## 000003F6
/* 02E64 80896654 440A2000 */  mfc1    $t2, $f4                   
/* 02E68 80896658 A60E03F4 */  sh      $t6, 0x03F4($s0)           ## 000003F4
/* 02E6C 8089665C 11800006 */  beq     $t4, $zero, .L80896678     
/* 02E70 80896660 A60A03F8 */  sh      $t2, 0x03F8($s0)           ## 000003F8
/* 02E74 80896664 8FA4002C */  lw      $a0, 0x002C($sp)           
/* 02E78 80896668 34218884 */  ori     $at, $at, 0x8884           ## $at = 00018884
/* 02E7C 8089666C 260603AC */  addiu   $a2, $s0, 0x03AC           ## $a2 = 000003AC
/* 02E80 80896670 0C0389D0 */  jal     func_800E2740              
/* 02E84 80896674 00812821 */  addu    $a1, $a0, $at              
.L80896678:
/* 02E88 80896678 8FA4002C */  lw      $a0, 0x002C($sp)           
/* 02E8C 8089667C 3C010001 */  lui     $at, 0x0001                ## $at = 00010000
/* 02E90 80896680 34218884 */  ori     $at, $at, 0x8884           ## $at = 00018884
/* 02E94 80896684 260603AC */  addiu   $a2, $s0, 0x03AC           ## $a2 = 000003AC
/* 02E98 80896688 0C038A4A */  jal     func_800E2928              
/* 02E9C 8089668C 00812821 */  addu    $a1, $a0, $at              
/* 02EA0 80896690 44800000 */  mtc1    $zero, $f0                 ## $f0 = 0.00
/* 02EA4 80896694 C60602C4 */  lwc1    $f6, 0x02C4($s0)           ## 000002C4
/* 02EA8 80896698 4606003C */  c.lt.s  $f0, $f6                   
/* 02EAC 8089669C 00000000 */  nop
/* 02EB0 808966A0 45020027 */  bc1fl   .L80896740                 
/* 02EB4 808966A4 8FBF0024 */  lw      $ra, 0x0024($sp)           
/* 02EB8 808966A8 921902BB */  lbu     $t9, 0x02BB($s0)           ## 000002BB
/* 02EBC 808966AC 2401000A */  addiu   $at, $zero, 0x000A         ## $at = 0000000A
/* 02EC0 808966B0 260402C4 */  addiu   $a0, $s0, 0x02C4           ## $a0 = 000002C4
/* 02EC4 808966B4 13210016 */  beq     $t9, $at, .L80896710       
/* 02EC8 808966B8 3C063D4C */  lui     $a2, 0x3D4C                ## $a2 = 3D4C0000
/* 02ECC 808966BC 44050000 */  mfc1    $a1, $f0                   
/* 02ED0 808966C0 0C03FC0F */  jal     func_800FF03C              
/* 02ED4 808966C4 34C6CCCD */  ori     $a2, $a2, 0xCCCD           ## $a2 = 3D4CCCCD
/* 02ED8 808966C8 3C013F00 */  lui     $at, 0x3F00                ## $at = 3F000000
/* 02EDC 808966CC 44811000 */  mtc1    $at, $f2                   ## $f2 = 0.50
/* 02EE0 808966D0 3C013F80 */  lui     $at, 0x3F80                ## $at = 3F800000
/* 02EE4 808966D4 44815000 */  mtc1    $at, $f10                  ## $f10 = 1.00
/* 02EE8 808966D8 C60802C4 */  lwc1    $f8, 0x02C4($s0)           ## 000002C4
/* 02EEC 808966DC 3C013E80 */  lui     $at, 0x3E80                ## $at = 3E800000
/* 02EF0 808966E0 44819000 */  mtc1    $at, $f18                  ## $f18 = 0.25
/* 02EF4 808966E4 460A4400 */  add.s   $f16, $f8, $f10            
/* 02EF8 808966E8 46128002 */  mul.s   $f0, $f16, $f18            
/* 02EFC 808966EC 4600103C */  c.lt.s  $f2, $f0                   
/* 02F00 808966F0 E60002C8 */  swc1    $f0, 0x02C8($s0)           ## 000002C8
/* 02F04 808966F4 45020004 */  bc1fl   .L80896708                 
/* 02F08 808966F8 C60402C8 */  lwc1    $f4, 0x02C8($s0)           ## 000002C8
/* 02F0C 808966FC 1000000F */  beq     $zero, $zero, .L8089673C   
/* 02F10 80896700 E60202C8 */  swc1    $f2, 0x02C8($s0)           ## 000002C8
/* 02F14 80896704 C60402C8 */  lwc1    $f4, 0x02C8($s0)           ## 000002C8
.L80896708:
/* 02F18 80896708 1000000C */  beq     $zero, $zero, .L8089673C   
/* 02F1C 8089670C E60402C8 */  swc1    $f4, 0x02C8($s0)           ## 000002C8
.L80896710:
/* 02F20 80896710 3C013F00 */  lui     $at, 0x3F00                ## $at = 3F000000
/* 02F24 80896714 44811000 */  mtc1    $at, $f2                   ## $f2 = 0.50
/* 02F28 80896718 3C063C4C */  lui     $a2, 0x3C4C                ## $a2 = 3C4C0000
/* 02F2C 8089671C 34C6CCCD */  ori     $a2, $a2, 0xCCCD           ## $a2 = 3C4CCCCD
/* 02F30 80896720 44051000 */  mfc1    $a1, $f2                   
/* 02F34 80896724 0C03FC0F */  jal     func_800FF03C              
/* 02F38 80896728 260402CC */  addiu   $a0, $s0, 0x02CC           ## $a0 = 000002CC
/* 02F3C 8089672C 14400003 */  bne     $v0, $zero, .L8089673C     
/* 02F40 80896730 02002025 */  or      $a0, $s0, $zero            ## $a0 = 00000000
/* 02F44 80896734 0C02E404 */  jal     func_800B9010              
/* 02F48 80896738 240520B2 */  addiu   $a1, $zero, 0x20B2         ## $a1 = 000020B2
.L8089673C:
/* 02F4C 8089673C 8FBF0024 */  lw      $ra, 0x0024($sp)           
.L80896740:
/* 02F50 80896740 8FB00020 */  lw      $s0, 0x0020($sp)           
/* 02F54 80896744 27BD0028 */  addiu   $sp, $sp, 0x0028           ## $sp = 00000000
/* 02F58 80896748 03E00008 */  jr      $ra                        
/* 02F5C 8089674C 00000000 */  nop


glabel func_80896750
/* 02F60 80896750 AFA40000 */  sw      $a0, 0x0000($sp)           
/* 02F64 80896754 8FA40014 */  lw      $a0, 0x0014($sp)           
/* 02F68 80896758 AFA50004 */  sw      $a1, 0x0004($sp)           
/* 02F6C 8089675C AFA7000C */  sw      $a3, 0x000C($sp)           
/* 02F70 80896760 808E02BA */  lb      $t6, 0x02BA($a0)           ## 000002BA
/* 02F74 80896764 2401FFFF */  addiu   $at, $zero, 0xFFFF         ## $at = FFFFFFFF
/* 02F78 80896768 00001025 */  or      $v0, $zero, $zero          ## $v0 = 00000000
/* 02F7C 8089676C 15C10004 */  bne     $t6, $at, .L80896780       
/* 02F80 80896770 00000000 */  nop
/* 02F84 80896774 8CCF0000 */  lw      $t7, 0x0000($a2)           ## 00000000
/* 02F88 80896778 AC8F03A8 */  sw      $t7, 0x03A8($a0)           ## 000003A8
/* 02F8C 8089677C ACC00000 */  sw      $zero, 0x0000($a2)         ## 00000000
.L80896780:
/* 02F90 80896780 03E00008 */  jr      $ra                        
/* 02F94 80896784 00000000 */  nop


glabel func_80896788
/* 02F98 80896788 27BDFFB8 */  addiu   $sp, $sp, 0xFFB8           ## $sp = FFFFFFB8
/* 02F9C 8089678C AFB00018 */  sw      $s0, 0x0018($sp)           
/* 02FA0 80896790 8FB00058 */  lw      $s0, 0x0058($sp)           
/* 02FA4 80896794 AFBF001C */  sw      $ra, 0x001C($sp)           
/* 02FA8 80896798 AFA40048 */  sw      $a0, 0x0048($sp)           
/* 02FAC 8089679C AFA60050 */  sw      $a2, 0x0050($sp)           
/* 02FB0 808967A0 AFA70054 */  sw      $a3, 0x0054($sp)           
/* 02FB4 808967A4 820202BA */  lb      $v0, 0x02BA($s0)           ## 000002BA
/* 02FB8 808967A8 14400019 */  bne     $v0, $zero, .L80896810     
/* 02FBC 808967AC 00000000 */  nop
/* 02FC0 808967B0 3C028089 */  lui     $v0, %hi(D_80896B70)       ## $v0 = 80890000
/* 02FC4 808967B4 00451021 */  addu    $v0, $v0, $a1              
/* 02FC8 808967B8 80426B70 */  lb      $v0, %lo(D_80896B70)($v0)  
/* 02FCC 808967BC 2401FFFF */  addiu   $at, $zero, 0xFFFF         ## $at = FFFFFFFF
/* 02FD0 808967C0 2407000C */  addiu   $a3, $zero, 0x000C         ## $a3 = 0000000C
/* 02FD4 808967C4 50410061 */  beql    $v0, $at, .L8089694C       
/* 02FD8 808967C8 8FBF001C */  lw      $ra, 0x001C($sp)           
/* 02FDC 808967CC 00470019 */  multu   $v0, $a3                   
/* 02FE0 808967D0 00001812 */  mflo    $v1                        
/* 02FE4 808967D4 02033021 */  addu    $a2, $s0, $v1              
/* 02FE8 808967D8 24C402D0 */  addiu   $a0, $a2, 0x02D0           ## $a0 = 000002D0
/* 02FEC 808967DC AFA60024 */  sw      $a2, 0x0024($sp)           
/* 02FF0 808967E0 0C0606D4 */  jal     func_80181B50              
/* 02FF4 808967E4 AFA30028 */  sw      $v1, 0x0028($sp)           
/* 02FF8 808967E8 8FA30028 */  lw      $v1, 0x0028($sp)           
/* 02FFC 808967EC 8FA60024 */  lw      $a2, 0x0024($sp)           
/* 03000 808967F0 2861000C */  slti    $at, $v1, 0x000C           
/* 03004 808967F4 14200054 */  bne     $at, $zero, .L80896948     
/* 03008 808967F8 24C50300 */  addiu   $a1, $a2, 0x0300           ## $a1 = 00000300
/* 0300C 808967FC 3C018089 */  lui     $at, %hi(D_80896BD0)       ## $at = 80890000
/* 03010 80896800 0C0606DE */  jal     func_80181B78              
/* 03014 80896804 C42C6BD0 */  lwc1    $f12, %lo(D_80896BD0)($at) 
/* 03018 80896808 10000050 */  beq     $zero, $zero, .L8089694C   
/* 0301C 8089680C 8FBF001C */  lw      $ra, 0x001C($sp)           
.L80896810:
/* 03020 80896810 18400016 */  blez    $v0, .L8089686C            
/* 03024 80896814 3C088089 */  lui     $t0, %hi(D_80896B8C)       ## $t0 = 80890000
/* 03028 80896818 3C0E8089 */  lui     $t6, %hi(D_80896B8C)       ## $t6 = 80890000
/* 0302C 8089681C 25CE6B8C */  addiu   $t6, $t6, %lo(D_80896B8C)  ## $t6 = 80896B8C
/* 03030 80896820 00AE1821 */  addu    $v1, $a1, $t6              
/* 03034 80896824 80620000 */  lb      $v0, 0x0000($v1)           ## 00000000
/* 03038 80896828 2401FFFF */  addiu   $at, $zero, 0xFFFF         ## $at = FFFFFFFF
/* 0303C 8089682C 2407000C */  addiu   $a3, $zero, 0x000C         ## $a3 = 0000000C
/* 03040 80896830 10410008 */  beq     $v0, $at, .L80896854       
/* 03044 80896834 00000000 */  nop
/* 03048 80896838 00470019 */  multu   $v0, $a3                   
/* 0304C 8089683C AFA30028 */  sw      $v1, 0x0028($sp)           
/* 03050 80896840 00007812 */  mflo    $t7                        
/* 03054 80896844 020F2021 */  addu    $a0, $s0, $t7              
/* 03058 80896848 0C0606D4 */  jal     func_80181B50              
/* 0305C 8089684C 248402D0 */  addiu   $a0, $a0, 0x02D0           ## $a0 = 000002D0
/* 03060 80896850 8FA30028 */  lw      $v1, 0x0028($sp)           
.L80896854:
/* 03064 80896854 3C188089 */  lui     $t8, %hi(D_80896BA4)       ## $t8 = 80890000
/* 03068 80896858 27186BA4 */  addiu   $t8, $t8, %lo(D_80896BA4)  ## $t8 = 80896BA4
/* 0306C 8089685C 1478003A */  bne     $v1, $t8, .L80896948       
/* 03070 80896860 2419FFFF */  addiu   $t9, $zero, 0xFFFF         ## $t9 = FFFFFFFF
/* 03074 80896864 10000038 */  beq     $zero, $zero, .L80896948   
/* 03078 80896868 A21902BA */  sb      $t9, 0x02BA($s0)           ## 000002BA
.L8089686C:
/* 0307C 8089686C 25086B8C */  addiu   $t0, $t0, %lo(D_80896B8C)  ## $t0 = 00006B8C
/* 03080 80896870 00A81821 */  addu    $v1, $a1, $t0              
/* 03084 80896874 80690000 */  lb      $t1, 0x0000($v1)           ## 00000000
/* 03088 80896878 2401FFFF */  addiu   $at, $zero, 0xFFFF         ## $at = FFFFFFFF
/* 0308C 8089687C 8FAA0048 */  lw      $t2, 0x0048($sp)           
/* 03090 80896880 51210032 */  beql    $t1, $at, .L8089694C       
/* 03094 80896884 8FBF001C */  lw      $ra, 0x001C($sp)           
/* 03098 80896888 8D4B0000 */  lw      $t3, 0x0000($t2)           ## 00000000
/* 0309C 8089688C AFA30028 */  sw      $v1, 0x0028($sp)           
/* 030A0 80896890 0C06008D */  jal     func_80180234              
/* 030A4 80896894 AFAB0038 */  sw      $t3, 0x0038($sp)           
/* 030A8 80896898 8FA30028 */  lw      $v1, 0x0028($sp)           
/* 030AC 8089689C 2407000C */  addiu   $a3, $zero, 0x000C         ## $a3 = 0000000C
/* 030B0 808968A0 24050001 */  addiu   $a1, $zero, 0x0001         ## $a1 = 00000001
/* 030B4 808968A4 806C0000 */  lb      $t4, 0x0000($v1)           ## 00000000
/* 030B8 808968A8 01870019 */  multu   $t4, $a3                   
/* 030BC 808968AC 00006812 */  mflo    $t5                        
/* 030C0 808968B0 020D7021 */  addu    $t6, $s0, $t5              
/* 030C4 808968B4 C5C402D0 */  lwc1    $f4, 0x02D0($t6)           ## 000002D0
/* 030C8 808968B8 E4440030 */  swc1    $f4, 0x0030($v0)           ## 00000030
/* 030CC 808968BC 806F0000 */  lb      $t7, 0x0000($v1)           ## 00000000
/* 030D0 808968C0 01E70019 */  multu   $t7, $a3                   
/* 030D4 808968C4 0000C012 */  mflo    $t8                        
/* 030D8 808968C8 0218C821 */  addu    $t9, $s0, $t8              
/* 030DC 808968CC C72602D4 */  lwc1    $f6, 0x02D4($t9)           ## 000002D4
/* 030E0 808968D0 E4460034 */  swc1    $f6, 0x0034($v0)           ## 00000034
/* 030E4 808968D4 80680000 */  lb      $t0, 0x0000($v1)           ## 00000000
/* 030E8 808968D8 01070019 */  multu   $t0, $a3                   
/* 030EC 808968DC 00004812 */  mflo    $t1                        
/* 030F0 808968E0 02095021 */  addu    $t2, $s0, $t1              
/* 030F4 808968E4 C54802D8 */  lwc1    $f8, 0x02D8($t2)           ## 000002D8
/* 030F8 808968E8 E4480038 */  swc1    $f8, 0x0038($v0)           ## 00000038
/* 030FC 808968EC 0C06033E */  jal     func_80180CF8              
/* 03100 808968F0 86040034 */  lh      $a0, 0x0034($s0)           ## 00000034
/* 03104 808968F4 8FA50038 */  lw      $a1, 0x0038($sp)           
/* 03108 808968F8 8CA202B0 */  lw      $v0, 0x02B0($a1)           ## 000002B0
/* 0310C 808968FC 3C0CDA38 */  lui     $t4, 0xDA38                ## $t4 = DA380000
/* 03110 80896900 358C0003 */  ori     $t4, $t4, 0x0003           ## $t4 = DA380003
/* 03114 80896904 244B0008 */  addiu   $t3, $v0, 0x0008           ## $t3 = 00000008
/* 03118 80896908 ACAB02B0 */  sw      $t3, 0x02B0($a1)           ## 000002B0
/* 0311C 8089690C AC4C0000 */  sw      $t4, 0x0000($v0)           ## 00000000
/* 03120 80896910 8FAD0048 */  lw      $t5, 0x0048($sp)           
/* 03124 80896914 8DA40000 */  lw      $a0, 0x0000($t5)           ## 00000000
/* 03128 80896918 0C060690 */  jal     func_80181A40              
/* 0312C 8089691C AFA20030 */  sw      $v0, 0x0030($sp)           
/* 03130 80896920 8FA30030 */  lw      $v1, 0x0030($sp)           
/* 03134 80896924 AC620004 */  sw      $v0, 0x0004($v1)           ## 00000004
/* 03138 80896928 8FAE0038 */  lw      $t6, 0x0038($sp)           
/* 0313C 8089692C 8DC202B0 */  lw      $v0, 0x02B0($t6)           ## 000002B0
/* 03140 80896930 3C18DE00 */  lui     $t8, 0xDE00                ## $t8 = DE000000
/* 03144 80896934 244F0008 */  addiu   $t7, $v0, 0x0008           ## $t7 = 00000008
/* 03148 80896938 ADCF02B0 */  sw      $t7, 0x02B0($t6)           ## 000002B0
/* 0314C 8089693C AC580000 */  sw      $t8, 0x0000($v0)           ## 00000000
/* 03150 80896940 8E1903A8 */  lw      $t9, 0x03A8($s0)           ## 000003A8
/* 03154 80896944 AC590004 */  sw      $t9, 0x0004($v0)           ## 00000004
.L80896948:
/* 03158 80896948 8FBF001C */  lw      $ra, 0x001C($sp)           
.L8089694C:
/* 0315C 8089694C 8FB00018 */  lw      $s0, 0x0018($sp)           
/* 03160 80896950 27BD0048 */  addiu   $sp, $sp, 0x0048           ## $sp = 00000000
/* 03164 80896954 03E00008 */  jr      $ra                        
/* 03168 80896958 00000000 */  nop


glabel func_8089695C
/* 0316C 8089695C 27BDFFD0 */  addiu   $sp, $sp, 0xFFD0           ## $sp = FFFFFFD0
/* 03170 80896960 AFB00028 */  sw      $s0, 0x0028($sp)           
/* 03174 80896964 00808025 */  or      $s0, $a0, $zero            ## $s0 = 00000000
/* 03178 80896968 AFBF002C */  sw      $ra, 0x002C($sp)           
/* 0317C 8089696C AFA50034 */  sw      $a1, 0x0034($sp)           
/* 03180 80896970 8FAE0034 */  lw      $t6, 0x0034($sp)           
/* 03184 80896974 3C18801C */  lui     $t8, 0x801C                ## $t8 = 801C0000
/* 03188 80896978 271813A0 */  addiu   $t8, $t8, 0x13A0           ## $t8 = 801C13A0
/* 0318C 8089697C 8DC80000 */  lw      $t0, 0x0000($t6)           ## 00000000
/* 03190 80896980 3C0FDE00 */  lui     $t7, 0xDE00                ## $t7 = DE000000
/* 03194 80896984 3C078089 */  lui     $a3, %hi(func_80896750)    ## $a3 = 80890000
/* 03198 80896988 8D0202B0 */  lw      $v0, 0x02B0($t0)           ## 000002B0
/* 0319C 8089698C AC4F0000 */  sw      $t7, 0x0000($v0)           ## 00000000
/* 031A0 80896990 AC580004 */  sw      $t8, 0x0004($v0)           ## 00000004
/* 031A4 80896994 8619001C */  lh      $t9, 0x001C($s0)           ## 0000001C
/* 031A8 80896998 2401FFFE */  addiu   $at, $zero, 0xFFFE         ## $at = FFFFFFFE
/* 031AC 8089699C 3C038089 */  lui     $v1, %hi(D_80896B24)       ## $v1 = 80890000
/* 031B0 808969A0 17210014 */  bne     $t9, $at, .L808969F4       
/* 031B4 808969A4 24E76750 */  addiu   $a3, $a3, %lo(func_80896750) ## $a3 = 80896750
/* 031B8 808969A8 3C038089 */  lui     $v1, %hi(D_80896B24)       ## $v1 = 80890000
/* 031BC 808969AC 24636B24 */  addiu   $v1, $v1, %lo(D_80896B24)  ## $v1 = 80896B24
/* 031C0 808969B0 3C09DB06 */  lui     $t1, 0xDB06                ## $t1 = DB060000
/* 031C4 808969B4 35290020 */  ori     $t1, $t1, 0x0020           ## $t1 = DB060020
/* 031C8 808969B8 AC490008 */  sw      $t1, 0x0008($v0)           ## 00000008
/* 031CC 808969BC 8C6A0000 */  lw      $t2, 0x0000($v1)           ## 80896B24
/* 031D0 808969C0 3C0BDB06 */  lui     $t3, 0xDB06                ## $t3 = DB060000
/* 031D4 808969C4 356B0024 */  ori     $t3, $t3, 0x0024           ## $t3 = DB060024
/* 031D8 808969C8 AC4A000C */  sw      $t2, 0x000C($v0)           ## 0000000C
/* 031DC 808969CC AC4B0010 */  sw      $t3, 0x0010($v0)           ## 00000010
/* 031E0 808969D0 8C6C0004 */  lw      $t4, 0x0004($v1)           ## 80896B28
/* 031E4 808969D4 3C0DDB06 */  lui     $t5, 0xDB06                ## $t5 = DB060000
/* 031E8 808969D8 35AD0028 */  ori     $t5, $t5, 0x0028           ## $t5 = DB060028
/* 031EC 808969DC AC4C0014 */  sw      $t4, 0x0014($v0)           ## 00000014
/* 031F0 808969E0 AC4D0018 */  sw      $t5, 0x0018($v0)           ## 00000018
/* 031F4 808969E4 8C6E0008 */  lw      $t6, 0x0008($v1)           ## 80896B2C
/* 031F8 808969E8 AC4E001C */  sw      $t6, 0x001C($v0)           ## 0000001C
/* 031FC 808969EC 10000012 */  beq     $zero, $zero, .L80896A38   
/* 03200 808969F0 244C0020 */  addiu   $t4, $v0, 0x0020           ## $t4 = 00000020
.L808969F4:
/* 03204 808969F4 24636B24 */  addiu   $v1, $v1, %lo(D_80896B24)  ## $v1 = 8089D648
/* 03208 808969F8 3C0FDB06 */  lui     $t7, 0xDB06                ## $t7 = DB060000
/* 0320C 808969FC 35EF0020 */  ori     $t7, $t7, 0x0020           ## $t7 = DB060020
/* 03210 80896A00 AC4F0008 */  sw      $t7, 0x0008($v0)           ## 00000008
/* 03214 80896A04 8C78000C */  lw      $t8, 0x000C($v1)           ## 8089D654
/* 03218 80896A08 3C19DB06 */  lui     $t9, 0xDB06                ## $t9 = DB060000
/* 0321C 80896A0C 37390024 */  ori     $t9, $t9, 0x0024           ## $t9 = DB060024
/* 03220 80896A10 AC58000C */  sw      $t8, 0x000C($v0)           ## 0000000C
/* 03224 80896A14 AC590010 */  sw      $t9, 0x0010($v0)           ## 00000010
/* 03228 80896A18 8C690010 */  lw      $t1, 0x0010($v1)           ## 8089D658
/* 0322C 80896A1C 3C0ADB06 */  lui     $t2, 0xDB06                ## $t2 = DB060000
/* 03230 80896A20 354A0028 */  ori     $t2, $t2, 0x0028           ## $t2 = DB060028
/* 03234 80896A24 AC490014 */  sw      $t1, 0x0014($v0)           ## 00000014
/* 03238 80896A28 AC4A0018 */  sw      $t2, 0x0018($v0)           ## 00000018
/* 0323C 80896A2C 8C6B0014 */  lw      $t3, 0x0014($v1)           ## 8089D65C
/* 03240 80896A30 AC4B001C */  sw      $t3, 0x001C($v0)           ## 0000001C
/* 03244 80896A34 244C0020 */  addiu   $t4, $v0, 0x0020           ## $t4 = 00000020
.L80896A38:
/* 03248 80896A38 AD0C02B0 */  sw      $t4, 0x02B0($t0)           ## 000002B0
/* 0324C 80896A3C 3C0D8089 */  lui     $t5, %hi(func_80896788)    ## $t5 = 80890000
/* 03250 80896A40 25AD6788 */  addiu   $t5, $t5, %lo(func_80896788) ## $t5 = 80896788
/* 03254 80896A44 8E060164 */  lw      $a2, 0x0164($s0)           ## 00000164
/* 03258 80896A48 8E050148 */  lw      $a1, 0x0148($s0)           ## 00000148
/* 0325C 80896A4C AFB00014 */  sw      $s0, 0x0014($sp)           
/* 03260 80896A50 AFAD0010 */  sw      $t5, 0x0010($sp)           
/* 03264 80896A54 0C04CECF */  jal     func_80133B3C              
/* 03268 80896A58 8FA40034 */  lw      $a0, 0x0034($sp)           
/* 0326C 80896A5C C60402C8 */  lwc1    $f4, 0x02C8($s0)           ## 000002C8
/* 03270 80896A60 8FA40034 */  lw      $a0, 0x0034($sp)           
/* 03274 80896A64 02002825 */  or      $a1, $s0, $zero            ## $a1 = 00000000
/* 03278 80896A68 E7A40010 */  swc1    $f4, 0x0010($sp)           
/* 0327C 80896A6C C60602CC */  lwc1    $f6, 0x02CC($s0)           ## 000002CC
/* 03280 80896A70 260602D0 */  addiu   $a2, $s0, 0x02D0           ## $a2 = 000002D0
/* 03284 80896A74 24070009 */  addiu   $a3, $zero, 0x0009         ## $a3 = 00000009
/* 03288 80896A78 E7A60014 */  swc1    $f6, 0x0014($sp)           
/* 0328C 80896A7C C60802C4 */  lwc1    $f8, 0x02C4($s0)           ## 000002C4
/* 03290 80896A80 E7A80018 */  swc1    $f8, 0x0018($sp)           
/* 03294 80896A84 920E02BB */  lbu     $t6, 0x02BB($s0)           ## 000002BB
/* 03298 80896A88 0C02F9A0 */  jal     func_800BE680              
/* 0329C 80896A8C AFAE001C */  sw      $t6, 0x001C($sp)           
/* 032A0 80896A90 8FBF002C */  lw      $ra, 0x002C($sp)           
/* 032A4 80896A94 8FB00028 */  lw      $s0, 0x0028($sp)           
/* 032A8 80896A98 27BD0030 */  addiu   $sp, $sp, 0x0030           ## $sp = 00000000
/* 032AC 80896A9C 03E00008 */  jr      $ra                        
/* 032B0 80896AA0 00000000 */  nop
/* 032B4 80896AA4 00000000 */  nop
/* 032B8 80896AA8 00000000 */  nop
/* 032BC 80896AAC 00000000 */  nop

.section .data

D_80896AB0: .word 0x00120500, 0x00000205, 0x00120000, 0x00000404
.word func_808937F0
.word func_808939EC
.word func_808964E8
.word func_8089695C
D_80896AD0: .word \
0x06110939, 0x10040000, 0x00000000, 0xF7CFFFFF, \
0x00080000, 0xF7CFFFFF, 0x00000000, 0x09050100, \
0x00000000, 0x05DC0000, 0x00140064
D_80896AFC: .word \
0x10010101, 0x010100F0, 0x01010022, 0x31420110, \
0x01021050, 0x00000101, 0x01000000, 0x00000001
D_80896B1C: .word 0x02000028, 0x0028FE00
D_80896B24: .word \
0x06001300, 0x06001700, 0x06001900, 0x06001B00, \
0x06001F00, 0x06002100
D_80896B3C: .word 0xFAFAFAFF
D_80896B40: .word 0xB4B4B4FF
D_80896B44: .word 0x00000000, 0x3EE66666, 0x00000000
D_80896B50: .word 0x891F0046, 0xB05407D0, 0xB078FFD8, 0x3874FC18
D_80896B60: .word 0x00000000
D_80896B64: .word 0x00000000, 0x3E99999A, 0x00000000
D_80896B70: .word \
0xFFFFFFFF, 0x00FFFFFF, 0x01FFFFFF, 0xFF02FFFF, \
0xFFFF03FF, 0xFFFFFF04, 0xFF000000
D_80896B8C: .word \
0xFFFFFFFF, 0x00FFFFFF, 0x0105FFFF, 0xFF0206FF, \
0xFFFF0307, 0xFFFFFF04
D_80896BA4: .word 0x08000000, 0x00000000, 0x00000000

.section .rodata

D_80896BB0: .word 0xC53B8000
D_80896BB4: .word 0x3E4CCCCD
D_80896BB8: .word 0x3CC30C31
D_80896BBC: .word 0x3CC30C31
D_80896BC0: .word 0x3C23D70A
D_80896BC4: .word 0xBF147AE1
D_80896BC8: .word 0x3F99999A
D_80896BCC: .word 0x471C4000
D_80896BD0: .word 0x451C4000, 0x00000000, 0x00000000, 0x00000000


.section .rodata
D_80896BE0:
.incbin "baserom/En_Tite", 0x33F0, 0x00000350
