.include "macro.inc"

# assembler directives
.set noat      # allow manual use of $at
.set noreorder # don't insert nops after branches
.set gp=64     # allow use of 64-bit general purpose registers

.section .text
glabel func_809307E0
/* 00000 809307E0 27BDFFD8 */  addiu   $sp, $sp, 0xFFD8           ## $sp = FFFFFFD8
/* 00004 809307E4 AFB00018 */  sw      $s0, 0x0018($sp)           
/* 00008 809307E8 00808025 */  or      $s0, $a0, $zero            ## $s0 = 00000000
/* 0000C 809307EC AFBF001C */  sw      $ra, 0x001C($sp)           
/* 00010 809307F0 AFA5002C */  sw      $a1, 0x002C($sp)           
/* 00014 809307F4 3C058093 */  lui     $a1, %hi(D_8093145C)       ## $a1 = 80930000
/* 00018 809307F8 24A5145C */  addiu   $a1, $a1, %lo(D_8093145C)  ## $a1 = 8093145C
/* 0001C 809307FC 0C03FEB7 */  jal     func_800FFADC              
/* 00020 80930800 02002025 */  or      $a0, $s0, $zero            ## $a0 = 00000000
/* 00024 80930804 3C06800B */  lui     $a2, 0x800B                ## $a2 = 800B0000
/* 00028 80930808 3C073FE6 */  lui     $a3, 0x3FE6                ## $a3 = 3FE60000
/* 0002C 8093080C A60000C0 */  sh      $zero, 0x00C0($s0)         ## 000000C0
/* 00030 80930810 A6000034 */  sh      $zero, 0x0034($s0)         ## 00000034
/* 00034 80930814 34E76666 */  ori     $a3, $a3, 0x6666           ## $a3 = 3FE66666
/* 00038 80930818 24C63FC0 */  addiu   $a2, $a2, 0x3FC0           ## $a2 = 800B3FC0
/* 0003C 8093081C 260400BC */  addiu   $a0, $s0, 0x00BC           ## $a0 = 000000BC
/* 00040 80930820 0C02CEE9 */  jal     func_800B3BA4              
/* 00044 80930824 24050000 */  addiu   $a1, $zero, 0x0000         ## $a1 = 00000000
/* 00048 80930828 26050158 */  addiu   $a1, $s0, 0x0158           ## $a1 = 00000158
/* 0004C 8093082C AFA50020 */  sw      $a1, 0x0020($sp)           
/* 00050 80930830 0C038467 */  jal     func_800E119C              
/* 00054 80930834 8FA4002C */  lw      $a0, 0x002C($sp)           
/* 00058 80930838 3C078093 */  lui     $a3, %hi(D_80931410)       ## $a3 = 80930000
/* 0005C 8093083C 8FA50020 */  lw      $a1, 0x0020($sp)           
/* 00060 80930840 24E71410 */  addiu   $a3, $a3, %lo(D_80931410)  ## $a3 = 80931410
/* 00064 80930844 8FA4002C */  lw      $a0, 0x002C($sp)           
/* 00068 80930848 0C0384C3 */  jal     func_800E130C              
/* 0006C 8093084C 02003025 */  or      $a2, $s0, $zero            ## $a2 = 00000000
/* 00070 80930850 3C0E8093 */  lui     $t6, %hi(func_80931004)    ## $t6 = 80930000
/* 00074 80930854 25CE1004 */  addiu   $t6, $t6, %lo(func_80931004) ## $t6 = 80931004
/* 00078 80930858 AE0E0144 */  sw      $t6, 0x0144($s0)           ## 00000144
/* 0007C 8093085C 8FBF001C */  lw      $ra, 0x001C($sp)           
/* 00080 80930860 8FB00018 */  lw      $s0, 0x0018($sp)           
/* 00084 80930864 27BD0028 */  addiu   $sp, $sp, 0x0028           ## $sp = 00000000
/* 00088 80930868 03E00008 */  jr      $ra                        
/* 0008C 8093086C 00000000 */  nop


glabel func_80930870
/* 00090 80930870 27BDFFE8 */  addiu   $sp, $sp, 0xFFE8           ## $sp = FFFFFFE8
/* 00094 80930874 AFBF0014 */  sw      $ra, 0x0014($sp)           
/* 00098 80930878 00803025 */  or      $a2, $a0, $zero            ## $a2 = 00000000
/* 0009C 8093087C 00A03825 */  or      $a3, $a1, $zero            ## $a3 = 00000000
/* 000A0 80930880 00E02025 */  or      $a0, $a3, $zero            ## $a0 = 00000000
/* 000A4 80930884 0C03847B */  jal     func_800E11EC              
/* 000A8 80930888 24C50158 */  addiu   $a1, $a2, 0x0158           ## $a1 = 00000158
/* 000AC 8093088C 8FBF0014 */  lw      $ra, 0x0014($sp)           
/* 000B0 80930890 27BD0018 */  addiu   $sp, $sp, 0x0018           ## $sp = 00000000
/* 000B4 80930894 03E00008 */  jr      $ra                        
/* 000B8 80930898 00000000 */  nop


glabel func_8093089C
/* 000BC 8093089C 27BDFFE8 */  addiu   $sp, $sp, 0xFFE8           ## $sp = FFFFFFE8
/* 000C0 809308A0 AFBF0014 */  sw      $ra, 0x0014($sp)           
/* 000C4 809308A4 AFA5001C */  sw      $a1, 0x001C($sp)           
/* 000C8 809308A8 00803825 */  or      $a3, $a0, $zero            ## $a3 = 00000000
/* 000CC 809308AC 84E4001C */  lh      $a0, 0x001C($a3)           ## 0000001C
/* 000D0 809308B0 AFA70018 */  sw      $a3, 0x0018($sp)           
/* 000D4 809308B4 00042203 */  sra     $a0, $a0,  8               
/* 000D8 809308B8 0C02A054 */  jal     func_800A8150              
/* 000DC 809308BC 3084003F */  andi    $a0, $a0, 0x003F           ## $a0 = 00000000
/* 000E0 809308C0 04400008 */  bltz    $v0, .L809308E4            
/* 000E4 809308C4 8FA70018 */  lw      $a3, 0x0018($sp)           
/* 000E8 809308C8 84EE001C */  lh      $t6, 0x001C($a3)           ## 0000001C
/* 000EC 809308CC 8FA4001C */  lw      $a0, 0x001C($sp)           
/* 000F0 809308D0 24E50024 */  addiu   $a1, $a3, 0x0024           ## $a1 = 00000024
/* 000F4 809308D4 31CF007F */  andi    $t7, $t6, 0x007F           ## $t7 = 00000000
/* 000F8 809308D8 000FC200 */  sll     $t8, $t7,  8               
/* 000FC 809308DC 0C029DCC */  jal     func_800A7730              
/* 00100 809308E0 03023025 */  or      $a2, $t8, $v0              ## $a2 = 00000000
.L809308E4:
/* 00104 809308E4 8FBF0014 */  lw      $ra, 0x0014($sp)           
/* 00108 809308E8 27BD0018 */  addiu   $sp, $sp, 0x0018           ## $sp = 00000000
/* 0010C 809308EC 03E00008 */  jr      $ra                        
/* 00110 809308F0 00000000 */  nop


glabel func_809308F4
/* 00114 809308F4 27BDFF20 */  addiu   $sp, $sp, 0xFF20           ## $sp = FFFFFF20
/* 00118 809308F8 AFBE0098 */  sw      $s8, 0x0098($sp)           
/* 0011C 809308FC 00A0F025 */  or      $s8, $a1, $zero            ## $s8 = 00000000
/* 00120 80930900 AFBF009C */  sw      $ra, 0x009C($sp)           
/* 00124 80930904 AFB70094 */  sw      $s7, 0x0094($sp)           
/* 00128 80930908 AFB60090 */  sw      $s6, 0x0090($sp)           
/* 0012C 8093090C AFB5008C */  sw      $s5, 0x008C($sp)           
/* 00130 80930910 AFB40088 */  sw      $s4, 0x0088($sp)           
/* 00134 80930914 AFB30084 */  sw      $s3, 0x0084($sp)           
/* 00138 80930918 AFB20080 */  sw      $s2, 0x0080($sp)           
/* 0013C 8093091C AFB1007C */  sw      $s1, 0x007C($sp)           
/* 00140 80930920 AFB00078 */  sw      $s0, 0x0078($sp)           
/* 00144 80930924 F7BE0070 */  sdc1    $f30, 0x0070($sp)          
/* 00148 80930928 F7BC0068 */  sdc1    $f28, 0x0068($sp)          
/* 0014C 8093092C F7BA0060 */  sdc1    $f26, 0x0060($sp)          
/* 00150 80930930 F7B80058 */  sdc1    $f24, 0x0058($sp)          
/* 00154 80930934 F7B60050 */  sdc1    $f22, 0x0050($sp)          
/* 00158 80930938 F7B40048 */  sdc1    $f20, 0x0048($sp)          
/* 0015C 8093093C 3C018093 */  lui     $at, %hi(D_80931480)       ## $at = 80930000
/* 00160 80930940 C43E1480 */  lwc1    $f30, %lo(D_80931480)($at) 
/* 00164 80930944 3C014000 */  lui     $at, 0x4000                ## $at = 40000000
/* 00168 80930948 4481E000 */  mtc1    $at, $f28                  ## $f28 = 2.00
/* 0016C 8093094C 3C0140A0 */  lui     $at, 0x40A0                ## $at = 40A00000
/* 00170 80930950 4481D000 */  mtc1    $at, $f26                  ## $f26 = 5.00
/* 00174 80930954 3C014100 */  lui     $at, 0x4100                ## $at = 41000000
/* 00178 80930958 3C160502 */  lui     $s6, 0x0502                ## $s6 = 05020000
/* 0017C 8093095C 4481C000 */  mtc1    $at, $f24                  ## $f24 = 8.00
/* 00180 80930960 26D68090 */  addiu   $s6, $s6, 0x8090           ## $s6 = 05018090
/* 00184 80930964 00009825 */  or      $s3, $zero, $zero          ## $s3 = 00000000
/* 00188 80930968 00009025 */  or      $s2, $zero, $zero          ## $s2 = 00000000
/* 0018C 8093096C 24910024 */  addiu   $s1, $a0, 0x0024           ## $s1 = 00000024
/* 00190 80930970 2417000F */  addiu   $s7, $zero, 0x000F         ## $s7 = 0000000F
/* 00194 80930974 27B500BC */  addiu   $s5, $sp, 0x00BC           ## $s5 = FFFFFFDC
/* 00198 80930978 27B400C8 */  addiu   $s4, $sp, 0x00C8           ## $s4 = FFFFFFE8
.L8093097C:
/* 0019C 8093097C 00122400 */  sll     $a0, $s2, 16               
/* 001A0 80930980 0C03FB61 */  jal     func_800FED84              
/* 001A4 80930984 00042403 */  sra     $a0, $a0, 16               
/* 001A8 80930988 00122400 */  sll     $a0, $s2, 16               
/* 001AC 8093098C 46000506 */  mov.s   $f20, $f0                  
/* 001B0 80930990 0C03FB51 */  jal     func_800FED44              
/* 001B4 80930994 00042403 */  sra     $a0, $a0, 16               
/* 001B8 80930998 4618A102 */  mul.s   $f4, $f20, $f24            
/* 001BC 8093099C 46000586 */  mov.s   $f22, $f0                  
/* 001C0 809309A0 0C021BF7 */  jal     func_80086FDC              
/* 001C4 809309A4 E7A400C8 */  swc1    $f4, 0x00C8($sp)           
/* 001C8 809309A8 461A0182 */  mul.s   $f6, $f0, $f26             
/* 001CC 809309AC C7B000C8 */  lwc1    $f16, 0x00C8($sp)          
/* 001D0 809309B0 4618B282 */  mul.s   $f10, $f22, $f24           
/* 001D4 809309B4 00000000 */  nop
/* 001D8 809309B8 461E8482 */  mul.s   $f18, $f16, $f30           
/* 001DC 809309BC 461C3200 */  add.s   $f8, $f6, $f28             
/* 001E0 809309C0 E7AA00D0 */  swc1    $f10, 0x00D0($sp)          
/* 001E4 809309C4 E7A800CC */  swc1    $f8, 0x00CC($sp)           
/* 001E8 809309C8 0C021BF7 */  jal     func_80086FDC              
/* 001EC 809309CC E7B200BC */  swc1    $f18, 0x00BC($sp)          
/* 001F0 809309D0 461A0102 */  mul.s   $f4, $f0, $f26             
/* 001F4 809309D4 C7A800D0 */  lwc1    $f8, 0x00D0($sp)           
/* 001F8 809309D8 C7B000C8 */  lwc1    $f16, 0x00C8($sp)          
/* 001FC 809309DC 461E4282 */  mul.s   $f10, $f8, $f30            
/* 00200 809309E0 461C2180 */  add.s   $f6, $f4, $f28             
/* 00204 809309E4 E7AA00C4 */  swc1    $f10, 0x00C4($sp)          
/* 00208 809309E8 E7A600C0 */  swc1    $f6, 0x00C0($sp)           
/* 0020C 809309EC C6320000 */  lwc1    $f18, 0x0000($s1)          ## 00000024
/* 00210 809309F0 C7A600CC */  lwc1    $f6, 0x00CC($sp)           
/* 00214 809309F4 46128100 */  add.s   $f4, $f16, $f18            
/* 00218 809309F8 E7A400C8 */  swc1    $f4, 0x00C8($sp)           
/* 0021C 809309FC C62A0004 */  lwc1    $f10, 0x0004($s1)          ## 00000028
/* 00220 80930A00 460A3400 */  add.s   $f16, $f6, $f10            
/* 00224 80930A04 E7B000CC */  swc1    $f16, 0x00CC($sp)          
/* 00228 80930A08 C6320008 */  lwc1    $f18, 0x0008($s1)          ## 0000002C
/* 0022C 80930A0C 46124100 */  add.s   $f4, $f8, $f18             
/* 00230 80930A10 0C021BF7 */  jal     func_80086FDC              
/* 00234 80930A14 E7A400D0 */  swc1    $f4, 0x00D0($sp)           
/* 00238 80930A18 3C018093 */  lui     $at, %hi(D_80931484)       ## $at = 80930000
/* 0023C 80930A1C C4261484 */  lwc1    $f6, %lo(D_80931484)($at)  
/* 00240 80930A20 3C018093 */  lui     $at, %hi(D_80931488)       ## $at = 80930000
/* 00244 80930A24 4606003C */  c.lt.s  $f0, $f6                   
/* 00248 80930A28 00000000 */  nop
/* 0024C 80930A2C 45000003 */  bc1f    .L80930A3C                 
/* 00250 80930A30 00000000 */  nop
/* 00254 80930A34 10000009 */  beq     $zero, $zero, .L80930A5C   
/* 00258 80930A38 24100060 */  addiu   $s0, $zero, 0x0060         ## $s0 = 00000060
.L80930A3C:
/* 0025C 80930A3C C42A1488 */  lwc1    $f10, %lo(D_80931488)($at) 
/* 00260 80930A40 24100020 */  addiu   $s0, $zero, 0x0020         ## $s0 = 00000020
/* 00264 80930A44 460A003C */  c.lt.s  $f0, $f10                  
/* 00268 80930A48 00000000 */  nop
/* 0026C 80930A4C 45000003 */  bc1f    .L80930A5C                 
/* 00270 80930A50 00000000 */  nop
/* 00274 80930A54 10000001 */  beq     $zero, $zero, .L80930A5C   
/* 00278 80930A58 24100040 */  addiu   $s0, $zero, 0x0040         ## $s0 = 00000040
.L80930A5C:
/* 0027C 80930A5C 0C021BF7 */  jal     func_80086FDC              
/* 00280 80930A60 00000000 */  nop
/* 00284 80930A64 3C0142AA */  lui     $at, 0x42AA                ## $at = 42AA0000
/* 00288 80930A68 44818000 */  mtc1    $at, $f16                  ## $f16 = 85.00
/* 0028C 80930A6C 3C014170 */  lui     $at, 0x4170                ## $at = 41700000
/* 00290 80930A70 44819000 */  mtc1    $at, $f18                  ## $f18 = 15.00
/* 00294 80930A74 46100202 */  mul.s   $f8, $f0, $f16             
/* 00298 80930A78 240EFF10 */  addiu   $t6, $zero, 0xFF10         ## $t6 = FFFFFF10
/* 0029C 80930A7C 240F0014 */  addiu   $t7, $zero, 0x0014         ## $t7 = 00000014
/* 002A0 80930A80 2408003C */  addiu   $t0, $zero, 0x003C         ## $t0 = 0000003C
/* 002A4 80930A84 2409FFFF */  addiu   $t1, $zero, 0xFFFF         ## $t1 = FFFFFFFF
/* 002A8 80930A88 240A0003 */  addiu   $t2, $zero, 0x0003         ## $t2 = 00000003
/* 002AC 80930A8C AFAA0038 */  sw      $t2, 0x0038($sp)           
/* 002B0 80930A90 46124100 */  add.s   $f4, $f8, $f18             
/* 002B4 80930A94 AFA90034 */  sw      $t1, 0x0034($sp)           
/* 002B8 80930A98 AFA80030 */  sw      $t0, 0x0030($sp)           
/* 002BC 80930A9C AFAF0018 */  sw      $t7, 0x0018($sp)           
/* 002C0 80930AA0 4600218D */  trunc.w.s $f6, $f4                   
/* 002C4 80930AA4 AFAE0010 */  sw      $t6, 0x0010($sp)           
/* 002C8 80930AA8 03C02025 */  or      $a0, $s8, $zero            ## $a0 = 00000000
/* 002CC 80930AAC 02802825 */  or      $a1, $s4, $zero            ## $a1 = FFFFFFE8
/* 002D0 80930AB0 44193000 */  mfc1    $t9, $f6                   
/* 002D4 80930AB4 02A03025 */  or      $a2, $s5, $zero            ## $a2 = FFFFFFDC
/* 002D8 80930AB8 02203825 */  or      $a3, $s1, $zero            ## $a3 = 00000024
/* 002DC 80930ABC AFB00014 */  sw      $s0, 0x0014($sp)           
/* 002E0 80930AC0 AFA0001C */  sw      $zero, 0x001C($sp)         
/* 002E4 80930AC4 AFA00020 */  sw      $zero, 0x0020($sp)         
/* 002E8 80930AC8 AFA00028 */  sw      $zero, 0x0028($sp)         
/* 002EC 80930ACC AFA0002C */  sw      $zero, 0x002C($sp)         
/* 002F0 80930AD0 AFB6003C */  sw      $s6, 0x003C($sp)           
/* 002F4 80930AD4 0C02CA04 */  jal     func_800B2810              
/* 002F8 80930AD8 AFB90024 */  sw      $t9, 0x0024($sp)           
/* 002FC 80930ADC 26524E20 */  addiu   $s2, $s2, 0x4E20           ## $s2 = 00004E20
/* 00300 80930AE0 00129400 */  sll     $s2, $s2, 16               
/* 00304 80930AE4 26730001 */  addiu   $s3, $s3, 0x0001           ## $s3 = 00000001
/* 00308 80930AE8 1677FFA4 */  bne     $s3, $s7, .L8093097C       
/* 0030C 80930AEC 00129403 */  sra     $s2, $s2, 16               
/* 00310 80930AF0 240B0014 */  addiu   $t3, $zero, 0x0014         ## $t3 = 00000014
/* 00314 80930AF4 240C0032 */  addiu   $t4, $zero, 0x0032         ## $t4 = 00000032
/* 00318 80930AF8 AFAC0014 */  sw      $t4, 0x0014($sp)           
/* 0031C 80930AFC AFAB0010 */  sw      $t3, 0x0010($sp)           
/* 00320 80930B00 03C02025 */  or      $a0, $s8, $zero            ## $a0 = 00000000
/* 00324 80930B04 02202825 */  or      $a1, $s1, $zero            ## $a1 = 00000024
/* 00328 80930B08 3C0641F0 */  lui     $a2, 0x41F0                ## $a2 = 41F00000
/* 0032C 80930B0C 24070004 */  addiu   $a3, $zero, 0x0004         ## $a3 = 00000004
/* 00330 80930B10 0C02EFEC */  jal     func_800BBFB0              
/* 00334 80930B14 AFA00018 */  sw      $zero, 0x0018($sp)         
/* 00338 80930B18 8FBF009C */  lw      $ra, 0x009C($sp)           
/* 0033C 80930B1C D7B40048 */  ldc1    $f20, 0x0048($sp)          
/* 00340 80930B20 D7B60050 */  ldc1    $f22, 0x0050($sp)          
/* 00344 80930B24 D7B80058 */  ldc1    $f24, 0x0058($sp)          
/* 00348 80930B28 D7BA0060 */  ldc1    $f26, 0x0060($sp)          
/* 0034C 80930B2C D7BC0068 */  ldc1    $f28, 0x0068($sp)          
/* 00350 80930B30 D7BE0070 */  ldc1    $f30, 0x0070($sp)          
/* 00354 80930B34 8FB00078 */  lw      $s0, 0x0078($sp)           
/* 00358 80930B38 8FB1007C */  lw      $s1, 0x007C($sp)           
/* 0035C 80930B3C 8FB20080 */  lw      $s2, 0x0080($sp)           
/* 00360 80930B40 8FB30084 */  lw      $s3, 0x0084($sp)           
/* 00364 80930B44 8FB40088 */  lw      $s4, 0x0088($sp)           
/* 00368 80930B48 8FB5008C */  lw      $s5, 0x008C($sp)           
/* 0036C 80930B4C 8FB60090 */  lw      $s6, 0x0090($sp)           
/* 00370 80930B50 8FB70094 */  lw      $s7, 0x0094($sp)           
/* 00374 80930B54 8FBE0098 */  lw      $s8, 0x0098($sp)           
/* 00378 80930B58 03E00008 */  jr      $ra                        
/* 0037C 80930B5C 27BD00E0 */  addiu   $sp, $sp, 0x00E0           ## $sp = 00000000


glabel func_80930B60
/* 00380 80930B60 27BDFF20 */  addiu   $sp, $sp, 0xFF20           ## $sp = FFFFFF20
/* 00384 80930B64 AFB5008C */  sw      $s5, 0x008C($sp)           
/* 00388 80930B68 AFB40088 */  sw      $s4, 0x0088($sp)           
/* 0038C 80930B6C AFB00078 */  sw      $s0, 0x0078($sp)           
/* 00390 80930B70 00808025 */  or      $s0, $a0, $zero            ## $s0 = 00000000
/* 00394 80930B74 00A0A025 */  or      $s4, $a1, $zero            ## $s4 = 00000000
/* 00398 80930B78 27B500C8 */  addiu   $s5, $sp, 0x00C8           ## $s5 = FFFFFFE8
/* 0039C 80930B7C AFBF009C */  sw      $ra, 0x009C($sp)           
/* 003A0 80930B80 AFBE0098 */  sw      $s8, 0x0098($sp)           
/* 003A4 80930B84 AFB70094 */  sw      $s7, 0x0094($sp)           
/* 003A8 80930B88 AFB60090 */  sw      $s6, 0x0090($sp)           
/* 003AC 80930B8C AFB30084 */  sw      $s3, 0x0084($sp)           
/* 003B0 80930B90 AFB20080 */  sw      $s2, 0x0080($sp)           
/* 003B4 80930B94 AFB1007C */  sw      $s1, 0x007C($sp)           
/* 003B8 80930B98 F7BE0070 */  sdc1    $f30, 0x0070($sp)          
/* 003BC 80930B9C F7BC0068 */  sdc1    $f28, 0x0068($sp)          
/* 003C0 80930BA0 F7BA0060 */  sdc1    $f26, 0x0060($sp)          
/* 003C4 80930BA4 F7B80058 */  sdc1    $f24, 0x0058($sp)          
/* 003C8 80930BA8 F7B60050 */  sdc1    $f22, 0x0050($sp)          
/* 003CC 80930BAC F7B40048 */  sdc1    $f20, 0x0048($sp)          
/* 003D0 80930BB0 26110024 */  addiu   $s1, $s0, 0x0024           ## $s1 = 00000024
/* 003D4 80930BB4 8E2F0000 */  lw      $t7, 0x0000($s1)           ## 00000024
/* 003D8 80930BB8 24180190 */  addiu   $t8, $zero, 0x0190         ## $t8 = 00000190
/* 003DC 80930BBC 02802025 */  or      $a0, $s4, $zero            ## $a0 = 00000000
/* 003E0 80930BC0 AEAF0000 */  sw      $t7, 0x0000($s5)           ## FFFFFFE8
/* 003E4 80930BC4 8E2E0004 */  lw      $t6, 0x0004($s1)           ## 00000028
/* 003E8 80930BC8 02A02825 */  or      $a1, $s5, $zero            ## $a1 = FFFFFFE8
/* 003EC 80930BCC 00003025 */  or      $a2, $zero, $zero          ## $a2 = 00000000
/* 003F0 80930BD0 AEAE0004 */  sw      $t6, 0x0004($s5)           ## FFFFFFEC
/* 003F4 80930BD4 8E2F0008 */  lw      $t7, 0x0008($s1)           ## 0000002C
/* 003F8 80930BD8 00003825 */  or      $a3, $zero, $zero          ## $a3 = 00000000
/* 003FC 80930BDC AEAF0008 */  sw      $t7, 0x0008($s5)           ## FFFFFFF0
/* 00400 80930BE0 C7A400CC */  lwc1    $f4, 0x00CC($sp)           
/* 00404 80930BE4 C606008C */  lwc1    $f6, 0x008C($s0)           ## 0000008C
/* 00408 80930BE8 AFB80014 */  sw      $t8, 0x0014($sp)           
/* 0040C 80930BEC AFA00010 */  sw      $zero, 0x0010($sp)         
/* 00410 80930BF0 46062200 */  add.s   $f8, $f4, $f6              
/* 00414 80930BF4 0C02C7D3 */  jal     func_800B1F4C              
/* 00418 80930BF8 E7A800CC */  swc1    $f8, 0x00CC($sp)           
/* 0041C 80930BFC 3C0140A0 */  lui     $at, 0x40A0                ## $at = 40A00000
/* 00420 80930C00 4481F000 */  mtc1    $at, $f30                  ## $f30 = 5.00
/* 00424 80930C04 3C018093 */  lui     $at, %hi(D_8093148C)       ## $at = 80930000
/* 00428 80930C08 C43C148C */  lwc1    $f28, %lo(D_8093148C)($at) 
/* 0042C 80930C0C 3C014000 */  lui     $at, 0x4000                ## $at = 40000000
/* 00430 80930C10 4481D000 */  mtc1    $at, $f26                  ## $f26 = 2.00
/* 00434 80930C14 3C014100 */  lui     $at, 0x4100                ## $at = 41000000
/* 00438 80930C18 3C170502 */  lui     $s7, 0x0502                ## $s7 = 05020000
/* 0043C 80930C1C 4481C000 */  mtc1    $at, $f24                  ## $f24 = 8.00
/* 00440 80930C20 26F78090 */  addiu   $s7, $s7, 0x8090           ## $s7 = 05018090
/* 00444 80930C24 00009825 */  or      $s3, $zero, $zero          ## $s3 = 00000000
/* 00448 80930C28 00009025 */  or      $s2, $zero, $zero          ## $s2 = 00000000
/* 0044C 80930C2C 241E000F */  addiu   $s8, $zero, 0x000F         ## $s8 = 0000000F
/* 00450 80930C30 27B600BC */  addiu   $s6, $sp, 0x00BC           ## $s6 = FFFFFFDC
.L80930C34:
/* 00454 80930C34 00122400 */  sll     $a0, $s2, 16               
/* 00458 80930C38 0C03FB61 */  jal     func_800FED84              
/* 0045C 80930C3C 00042403 */  sra     $a0, $a0, 16               
/* 00460 80930C40 00122400 */  sll     $a0, $s2, 16               
/* 00464 80930C44 46000506 */  mov.s   $f20, $f0                  
/* 00468 80930C48 0C03FB51 */  jal     func_800FED44              
/* 0046C 80930C4C 00042403 */  sra     $a0, $a0, 16               
/* 00470 80930C50 4618A282 */  mul.s   $f10, $f20, $f24           
/* 00474 80930C54 46000586 */  mov.s   $f22, $f0                  
/* 00478 80930C58 0C021BF7 */  jal     func_80086FDC              
/* 0047C 80930C5C E7AA00C8 */  swc1    $f10, 0x00C8($sp)          
/* 00480 80930C60 461E0402 */  mul.s   $f16, $f0, $f30            
/* 00484 80930C64 C7A600C8 */  lwc1    $f6, 0x00C8($sp)           
/* 00488 80930C68 4618B102 */  mul.s   $f4, $f22, $f24            
/* 0048C 80930C6C 00000000 */  nop
/* 00490 80930C70 461C3202 */  mul.s   $f8, $f6, $f28             
/* 00494 80930C74 461A8480 */  add.s   $f18, $f16, $f26           
/* 00498 80930C78 E7A400D0 */  swc1    $f4, 0x00D0($sp)           
/* 0049C 80930C7C E7B200CC */  swc1    $f18, 0x00CC($sp)          
/* 004A0 80930C80 0C021BF7 */  jal     func_80086FDC              
/* 004A4 80930C84 E7A800BC */  swc1    $f8, 0x00BC($sp)           
/* 004A8 80930C88 3C014080 */  lui     $at, 0x4080                ## $at = 40800000
/* 004AC 80930C8C 44815000 */  mtc1    $at, $f10                  ## $f10 = 4.00
/* 004B0 80930C90 C7A400D0 */  lwc1    $f4, 0x00D0($sp)           
/* 004B4 80930C94 C7A800C8 */  lwc1    $f8, 0x00C8($sp)           
/* 004B8 80930C98 460A0402 */  mul.s   $f16, $f0, $f10            
/* 004BC 80930C9C 461A8480 */  add.s   $f18, $f16, $f26           
/* 004C0 80930CA0 461C2182 */  mul.s   $f6, $f4, $f28             
/* 004C4 80930CA4 E7B200C0 */  swc1    $f18, 0x00C0($sp)          
/* 004C8 80930CA8 C7B200CC */  lwc1    $f18, 0x00CC($sp)          
/* 004CC 80930CAC E7A600C4 */  swc1    $f6, 0x00C4($sp)           
/* 004D0 80930CB0 C62A0000 */  lwc1    $f10, 0x0000($s1)          ## 00000024
/* 004D4 80930CB4 460A4400 */  add.s   $f16, $f8, $f10            
/* 004D8 80930CB8 E7B000C8 */  swc1    $f16, 0x00C8($sp)          
/* 004DC 80930CBC C6260004 */  lwc1    $f6, 0x0004($s1)           ## 00000028
/* 004E0 80930CC0 46069200 */  add.s   $f8, $f18, $f6             
/* 004E4 80930CC4 E7A800CC */  swc1    $f8, 0x00CC($sp)           
/* 004E8 80930CC8 C62A0008 */  lwc1    $f10, 0x0008($s1)          ## 0000002C
/* 004EC 80930CCC 460A2400 */  add.s   $f16, $f4, $f10            
/* 004F0 80930CD0 0C021BF7 */  jal     func_80086FDC              
/* 004F4 80930CD4 E7B000D0 */  swc1    $f16, 0x00D0($sp)          
/* 004F8 80930CD8 3C018093 */  lui     $at, %hi(D_80931490)       ## $at = 80930000
/* 004FC 80930CDC C4321490 */  lwc1    $f18, %lo(D_80931490)($at) 
/* 00500 80930CE0 24100020 */  addiu   $s0, $zero, 0x0020         ## $s0 = 00000020
/* 00504 80930CE4 4612003C */  c.lt.s  $f0, $f18                  
/* 00508 80930CE8 00000000 */  nop
/* 0050C 80930CEC 45000003 */  bc1f    .L80930CFC                 
/* 00510 80930CF0 00000000 */  nop
/* 00514 80930CF4 10000001 */  beq     $zero, $zero, .L80930CFC   
/* 00518 80930CF8 24100040 */  addiu   $s0, $zero, 0x0040         ## $s0 = 00000040
.L80930CFC:
/* 0051C 80930CFC 0C021BF7 */  jal     func_80086FDC              
/* 00520 80930D00 00000000 */  nop
/* 00524 80930D04 3C0142AA */  lui     $at, 0x42AA                ## $at = 42AA0000
/* 00528 80930D08 44813000 */  mtc1    $at, $f6                   ## $f6 = 85.00
/* 0052C 80930D0C 3C014170 */  lui     $at, 0x4170                ## $at = 41700000
/* 00530 80930D10 44812000 */  mtc1    $at, $f4                   ## $f4 = 15.00
/* 00534 80930D14 46060202 */  mul.s   $f8, $f0, $f6              
/* 00538 80930D18 2419FF56 */  addiu   $t9, $zero, 0xFF56         ## $t9 = FFFFFF56
/* 0053C 80930D1C 24080032 */  addiu   $t0, $zero, 0x0032         ## $t0 = 00000032
/* 00540 80930D20 24090005 */  addiu   $t1, $zero, 0x0005         ## $t1 = 00000005
/* 00544 80930D24 240C0046 */  addiu   $t4, $zero, 0x0046         ## $t4 = 00000046
/* 00548 80930D28 240DFFFF */  addiu   $t5, $zero, 0xFFFF         ## $t5 = FFFFFFFF
/* 0054C 80930D2C 240E0003 */  addiu   $t6, $zero, 0x0003         ## $t6 = 00000003
/* 00550 80930D30 46044280 */  add.s   $f10, $f8, $f4             
/* 00554 80930D34 AFAE0038 */  sw      $t6, 0x0038($sp)           
/* 00558 80930D38 AFAD0034 */  sw      $t5, 0x0034($sp)           
/* 0055C 80930D3C AFAC0030 */  sw      $t4, 0x0030($sp)           
/* 00560 80930D40 4600540D */  trunc.w.s $f16, $f10                 
/* 00564 80930D44 AFA9001C */  sw      $t1, 0x001C($sp)           
/* 00568 80930D48 AFA80018 */  sw      $t0, 0x0018($sp)           
/* 0056C 80930D4C AFB90010 */  sw      $t9, 0x0010($sp)           
/* 00570 80930D50 440B8000 */  mfc1    $t3, $f16                  
/* 00574 80930D54 02802025 */  or      $a0, $s4, $zero            ## $a0 = 00000000
/* 00578 80930D58 02A02825 */  or      $a1, $s5, $zero            ## $a1 = FFFFFFE8
/* 0057C 80930D5C 02C03025 */  or      $a2, $s6, $zero            ## $a2 = FFFFFFDC
/* 00580 80930D60 02203825 */  or      $a3, $s1, $zero            ## $a3 = 00000024
/* 00584 80930D64 AFB00014 */  sw      $s0, 0x0014($sp)           
/* 00588 80930D68 AFA00020 */  sw      $zero, 0x0020($sp)         
/* 0058C 80930D6C AFA00028 */  sw      $zero, 0x0028($sp)         
/* 00590 80930D70 AFA0002C */  sw      $zero, 0x002C($sp)         
/* 00594 80930D74 AFB7003C */  sw      $s7, 0x003C($sp)           
/* 00598 80930D78 0C02CA04 */  jal     func_800B2810              
/* 0059C 80930D7C AFAB0024 */  sw      $t3, 0x0024($sp)           
/* 005A0 80930D80 26524E20 */  addiu   $s2, $s2, 0x4E20           ## $s2 = 00004E20
/* 005A4 80930D84 00129400 */  sll     $s2, $s2, 16               
/* 005A8 80930D88 26730001 */  addiu   $s3, $s3, 0x0001           ## $s3 = 00000001
/* 005AC 80930D8C 167EFFA9 */  bne     $s3, $s8, .L80930C34       
/* 005B0 80930D90 00129403 */  sra     $s2, $s2, 16               
/* 005B4 80930D94 8FBF009C */  lw      $ra, 0x009C($sp)           
/* 005B8 80930D98 D7B40048 */  ldc1    $f20, 0x0048($sp)          
/* 005BC 80930D9C D7B60050 */  ldc1    $f22, 0x0050($sp)          
/* 005C0 80930DA0 D7B80058 */  ldc1    $f24, 0x0058($sp)          
/* 005C4 80930DA4 D7BA0060 */  ldc1    $f26, 0x0060($sp)          
/* 005C8 80930DA8 D7BC0068 */  ldc1    $f28, 0x0068($sp)          
/* 005CC 80930DAC D7BE0070 */  ldc1    $f30, 0x0070($sp)          
/* 005D0 80930DB0 8FB00078 */  lw      $s0, 0x0078($sp)           
/* 005D4 80930DB4 8FB1007C */  lw      $s1, 0x007C($sp)           
/* 005D8 80930DB8 8FB20080 */  lw      $s2, 0x0080($sp)           
/* 005DC 80930DBC 8FB30084 */  lw      $s3, 0x0084($sp)           
/* 005E0 80930DC0 8FB40088 */  lw      $s4, 0x0088($sp)           
/* 005E4 80930DC4 8FB5008C */  lw      $s5, 0x008C($sp)           
/* 005E8 80930DC8 8FB60090 */  lw      $s6, 0x0090($sp)           
/* 005EC 80930DCC 8FB70094 */  lw      $s7, 0x0094($sp)           
/* 005F0 80930DD0 8FBE0098 */  lw      $s8, 0x0098($sp)           
/* 005F4 80930DD4 03E00008 */  jr      $ra                        
/* 005F8 80930DD8 27BD00E0 */  addiu   $sp, $sp, 0x00E0           ## $sp = 00000000


glabel func_80930DDC
/* 005FC 80930DDC 27BDFFD0 */  addiu   $sp, $sp, 0xFFD0           ## $sp = FFFFFFD0
/* 00600 80930DE0 AFB10018 */  sw      $s1, 0x0018($sp)           
/* 00604 80930DE4 AFB00014 */  sw      $s0, 0x0014($sp)           
/* 00608 80930DE8 00808025 */  or      $s0, $a0, $zero            ## $s0 = 00000000
/* 0060C 80930DEC 00A08825 */  or      $s1, $a1, $zero            ## $s1 = 00000000
/* 00610 80930DF0 AFBF001C */  sw      $ra, 0x001C($sp)           
/* 00614 80930DF4 8E261CCC */  lw      $a2, 0x1CCC($s1)           ## 00001CCC
/* 00618 80930DF8 3C014170 */  lui     $at, 0x4170                ## $at = 41700000
/* 0061C 80930DFC AFA60028 */  sw      $a2, 0x0028($sp)           
/* 00620 80930E00 960E0090 */  lhu     $t6, 0x0090($s0)           ## 00000090
/* 00624 80930E04 31CF0020 */  andi    $t7, $t6, 0x0020           ## $t7 = 00000000
/* 00628 80930E08 51E00017 */  beql    $t7, $zero, .L80930E68     
/* 0062C 80930E0C 92020168 */  lbu     $v0, 0x0168($s0)           ## 00000168
/* 00630 80930E10 44812000 */  mtc1    $at, $f4                   ## $f4 = 15.00
/* 00634 80930E14 C606008C */  lwc1    $f6, 0x008C($s0)           ## 0000008C
/* 00638 80930E18 02002025 */  or      $a0, $s0, $zero            ## $a0 = 00000000
/* 0063C 80930E1C 4606203C */  c.lt.s  $f4, $f6                   
/* 00640 80930E20 00000000 */  nop
/* 00644 80930E24 45020010 */  bc1fl   .L80930E68                 
/* 00648 80930E28 92020168 */  lbu     $v0, 0x0168($s0)           ## 00000168
/* 0064C 80930E2C 0C24C2D8 */  jal     func_80930B60              
/* 00650 80930E30 02202825 */  or      $a1, $s1, $zero            ## $a1 = 00000000
/* 00654 80930E34 02202025 */  or      $a0, $s1, $zero            ## $a0 = 00000000
/* 00658 80930E38 26050024 */  addiu   $a1, $s0, 0x0024           ## $a1 = 00000024
/* 0065C 80930E3C 24060028 */  addiu   $a2, $zero, 0x0028         ## $a2 = 00000028
/* 00660 80930E40 0C03C15A */  jal     func_800F0568              
/* 00664 80930E44 24072817 */  addiu   $a3, $zero, 0x2817         ## $a3 = 00002817
/* 00668 80930E48 02002025 */  or      $a0, $s0, $zero            ## $a0 = 00000000
/* 0066C 80930E4C 0C24C227 */  jal     func_8093089C              
/* 00670 80930E50 02202825 */  or      $a1, $s1, $zero            ## $a1 = 00000000
/* 00674 80930E54 0C02D9C3 */  jal     func_800B670C              
/* 00678 80930E58 02002025 */  or      $a0, $s0, $zero            ## $a0 = 00000000
/* 0067C 80930E5C 10000065 */  beq     $zero, $zero, .L80930FF4   
/* 00680 80930E60 8FBF001C */  lw      $ra, 0x001C($sp)           
/* 00684 80930E64 92020168 */  lbu     $v0, 0x0168($s0)           ## 00000168
.L80930E68:
/* 00688 80930E68 02002025 */  or      $a0, $s0, $zero            ## $a0 = 00000000
/* 0068C 80930E6C 02202825 */  or      $a1, $s1, $zero            ## $a1 = 00000000
/* 00690 80930E70 30580004 */  andi    $t8, $v0, 0x0004           ## $t8 = 00000000
/* 00694 80930E74 13000015 */  beq     $t8, $zero, .L80930ECC     
/* 00698 80930E78 3059FFFB */  andi    $t9, $v0, 0xFFFB           ## $t9 = 00000000
/* 0069C 80930E7C 0C24C23D */  jal     func_809308F4              
/* 006A0 80930E80 A2190168 */  sb      $t9, 0x0168($s0)           ## 00000168
/* 006A4 80930E84 26050024 */  addiu   $a1, $s0, 0x0024           ## $a1 = 00000024
/* 006A8 80930E88 AFA50024 */  sw      $a1, 0x0024($sp)           
/* 006AC 80930E8C 02202025 */  or      $a0, $s1, $zero            ## $a0 = 00000000
/* 006B0 80930E90 24060028 */  addiu   $a2, $zero, 0x0028         ## $a2 = 00000028
/* 006B4 80930E94 0C03C15A */  jal     func_800F0568              
/* 006B8 80930E98 24071808 */  addiu   $a3, $zero, 0x1808         ## $a3 = 00001808
/* 006BC 80930E9C 8FA50024 */  lw      $a1, 0x0024($sp)           
/* 006C0 80930EA0 02202025 */  or      $a0, $s1, $zero            ## $a0 = 00000000
/* 006C4 80930EA4 24060028 */  addiu   $a2, $zero, 0x0028         ## $a2 = 00000028
/* 006C8 80930EA8 0C03C15A */  jal     func_800F0568              
/* 006CC 80930EAC 24072887 */  addiu   $a3, $zero, 0x2887         ## $a3 = 00002887
/* 006D0 80930EB0 02002025 */  or      $a0, $s0, $zero            ## $a0 = 00000000
/* 006D4 80930EB4 0C24C227 */  jal     func_8093089C              
/* 006D8 80930EB8 02202825 */  or      $a1, $s1, $zero            ## $a1 = 00000000
/* 006DC 80930EBC 0C02D9C3 */  jal     func_800B670C              
/* 006E0 80930EC0 02002025 */  or      $a0, $s0, $zero            ## $a0 = 00000000
/* 006E4 80930EC4 1000004B */  beq     $zero, $zero, .L80930FF4   
/* 006E8 80930EC8 8FBF001C */  lw      $ra, 0x001C($sp)           
.L80930ECC:
/* 006EC 80930ECC 92030169 */  lbu     $v1, 0x0169($s0)           ## 00000169
/* 006F0 80930ED0 02002025 */  or      $a0, $s0, $zero            ## $a0 = 00000000
/* 006F4 80930ED4 304A0002 */  andi    $t2, $v0, 0x0002           ## $t2 = 00000000
/* 006F8 80930ED8 30680002 */  andi    $t0, $v1, 0x0002           ## $t0 = 00000000
/* 006FC 80930EDC 11000016 */  beq     $t0, $zero, .L80930F38     
/* 00700 80930EE0 3069FFFD */  andi    $t1, $v1, 0xFFFD           ## $t1 = 00000000
/* 00704 80930EE4 A2090169 */  sb      $t1, 0x0169($s0)           ## 00000169
/* 00708 80930EE8 0C24C23D */  jal     func_809308F4              
/* 0070C 80930EEC 02202825 */  or      $a1, $s1, $zero            ## $a1 = 00000000
/* 00710 80930EF0 26050024 */  addiu   $a1, $s0, 0x0024           ## $a1 = 00000024
/* 00714 80930EF4 AFA50024 */  sw      $a1, 0x0024($sp)           
/* 00718 80930EF8 02202025 */  or      $a0, $s1, $zero            ## $a0 = 00000000
/* 0071C 80930EFC 24060028 */  addiu   $a2, $zero, 0x0028         ## $a2 = 00000028
/* 00720 80930F00 0C03C15A */  jal     func_800F0568              
/* 00724 80930F04 24072802 */  addiu   $a3, $zero, 0x2802         ## $a3 = 00002802
/* 00728 80930F08 8FA50024 */  lw      $a1, 0x0024($sp)           
/* 0072C 80930F0C 02202025 */  or      $a0, $s1, $zero            ## $a0 = 00000000
/* 00730 80930F10 24060028 */  addiu   $a2, $zero, 0x0028         ## $a2 = 00000028
/* 00734 80930F14 0C03C15A */  jal     func_800F0568              
/* 00738 80930F18 24072887 */  addiu   $a3, $zero, 0x2887         ## $a3 = 00002887
/* 0073C 80930F1C 02002025 */  or      $a0, $s0, $zero            ## $a0 = 00000000
/* 00740 80930F20 0C24C227 */  jal     func_8093089C              
/* 00744 80930F24 02202825 */  or      $a1, $s1, $zero            ## $a1 = 00000000
/* 00748 80930F28 0C02D9C3 */  jal     func_800B670C              
/* 0074C 80930F2C 02002025 */  or      $a0, $s0, $zero            ## $a0 = 00000000
/* 00750 80930F30 10000030 */  beq     $zero, $zero, .L80930FF4   
/* 00754 80930F34 8FBF001C */  lw      $ra, 0x001C($sp)           
.L80930F38:
/* 00758 80930F38 5140001B */  beql    $t2, $zero, .L80930FA8     
/* 0075C 80930F3C 96020090 */  lhu     $v0, 0x0090($s0)           ## 00000090
/* 00760 80930F40 8E0C015C */  lw      $t4, 0x015C($s0)           ## 0000015C
/* 00764 80930F44 304BFFFD */  andi    $t3, $v0, 0xFFFD           ## $t3 = 00000000
/* 00768 80930F48 A20B0168 */  sb      $t3, 0x0168($s0)           ## 00000168
/* 0076C 80930F4C 14CC0015 */  bne     $a2, $t4, .L80930FA4       
/* 00770 80930F50 02002025 */  or      $a0, $s0, $zero            ## $a0 = 00000000
/* 00774 80930F54 0C24C23D */  jal     func_809308F4              
/* 00778 80930F58 02202825 */  or      $a1, $s1, $zero            ## $a1 = 00000000
/* 0077C 80930F5C 02202025 */  or      $a0, $s1, $zero            ## $a0 = 00000000
/* 00780 80930F60 26050024 */  addiu   $a1, $s0, 0x0024           ## $a1 = 00000024
/* 00784 80930F64 24060028 */  addiu   $a2, $zero, 0x0028         ## $a2 = 00000028
/* 00788 80930F68 0C03C15A */  jal     func_800F0568              
/* 0078C 80930F6C 24072887 */  addiu   $a3, $zero, 0x2887         ## $a3 = 00002887
/* 00790 80930F70 8FA50028 */  lw      $a1, 0x0028($sp)           
/* 00794 80930F74 02202025 */  or      $a0, $s1, $zero            ## $a0 = 00000000
/* 00798 80930F78 24060028 */  addiu   $a2, $zero, 0x0028         ## $a2 = 00000028
/* 0079C 80930F7C 2407083E */  addiu   $a3, $zero, 0x083E         ## $a3 = 0000083E
/* 007A0 80930F80 0C03C15A */  jal     func_800F0568              
/* 007A4 80930F84 24A50024 */  addiu   $a1, $a1, 0x0024           ## $a1 = 00000024
/* 007A8 80930F88 02002025 */  or      $a0, $s0, $zero            ## $a0 = 00000000
/* 007AC 80930F8C 0C24C227 */  jal     func_8093089C              
/* 007B0 80930F90 02202825 */  or      $a1, $s1, $zero            ## $a1 = 00000000
/* 007B4 80930F94 0C02D9C3 */  jal     func_800B670C              
/* 007B8 80930F98 02002025 */  or      $a0, $s0, $zero            ## $a0 = 00000000
/* 007BC 80930F9C 10000015 */  beq     $zero, $zero, .L80930FF4   
/* 007C0 80930FA0 8FBF001C */  lw      $ra, 0x001C($sp)           
.L80930FA4:
/* 007C4 80930FA4 96020090 */  lhu     $v0, 0x0090($s0)           ## 00000090
.L80930FA8:
/* 007C8 80930FA8 02002025 */  or      $a0, $s0, $zero            ## $a0 = 00000000
/* 007CC 80930FAC 304D0008 */  andi    $t5, $v0, 0x0008           ## $t5 = 00000000
/* 007D0 80930FB0 15A00003 */  bne     $t5, $zero, .L80930FC0     
/* 007D4 80930FB4 304E0001 */  andi    $t6, $v0, 0x0001           ## $t6 = 00000000
/* 007D8 80930FB8 51C0000E */  beql    $t6, $zero, .L80930FF4     
/* 007DC 80930FBC 8FBF001C */  lw      $ra, 0x001C($sp)           
.L80930FC0:
/* 007E0 80930FC0 0C24C23D */  jal     func_809308F4              
/* 007E4 80930FC4 02202825 */  or      $a1, $s1, $zero            ## $a1 = 00000000
/* 007E8 80930FC8 02202025 */  or      $a0, $s1, $zero            ## $a0 = 00000000
/* 007EC 80930FCC 26050024 */  addiu   $a1, $s0, 0x0024           ## $a1 = 00000024
/* 007F0 80930FD0 24060028 */  addiu   $a2, $zero, 0x0028         ## $a2 = 00000028
/* 007F4 80930FD4 0C03C15A */  jal     func_800F0568              
/* 007F8 80930FD8 24072887 */  addiu   $a3, $zero, 0x2887         ## $a3 = 00002887
/* 007FC 80930FDC 02002025 */  or      $a0, $s0, $zero            ## $a0 = 00000000
/* 00800 80930FE0 0C24C227 */  jal     func_8093089C              
/* 00804 80930FE4 02202825 */  or      $a1, $s1, $zero            ## $a1 = 00000000
/* 00808 80930FE8 0C02D9C3 */  jal     func_800B670C              
/* 0080C 80930FEC 02002025 */  or      $a0, $s0, $zero            ## $a0 = 00000000
/* 00810 80930FF0 8FBF001C */  lw      $ra, 0x001C($sp)           
.L80930FF4:
/* 00814 80930FF4 8FB00014 */  lw      $s0, 0x0014($sp)           
/* 00818 80930FF8 8FB10018 */  lw      $s1, 0x0018($sp)           
/* 0081C 80930FFC 03E00008 */  jr      $ra                        
/* 00820 80931000 27BD0030 */  addiu   $sp, $sp, 0x0030           ## $sp = 00000000


glabel func_80931004
/* 00824 80931004 27BDFFE0 */  addiu   $sp, $sp, 0xFFE0           ## $sp = FFFFFFE0
/* 00828 80931008 AFBF0014 */  sw      $ra, 0x0014($sp)           
/* 0082C 8093100C AFA50024 */  sw      $a1, 0x0024($sp)           
/* 00830 80931010 00803025 */  or      $a2, $a0, $zero            ## $a2 = 00000000
/* 00834 80931014 3C014348 */  lui     $at, 0x4348                ## $at = 43480000
/* 00838 80931018 44813000 */  mtc1    $at, $f6                   ## $f6 = 200.00
/* 0083C 8093101C C4C40098 */  lwc1    $f4, 0x0098($a2)           ## 00000098
/* 00840 80931020 8FAE0024 */  lw      $t6, 0x0024($sp)           
/* 00844 80931024 4606203C */  c.lt.s  $f4, $f6                   
/* 00848 80931028 8DC31CCC */  lw      $v1, 0x1CCC($t6)           ## 00001CCC
/* 0084C 8093102C 4502003F */  bc1fl   .L8093112C                 
/* 00850 80931030 8FBF0014 */  lw      $ra, 0x0014($sp)           
/* 00854 80931034 C4680028 */  lwc1    $f8, 0x0028($v1)           ## 00000028
/* 00858 80931038 C4CA0028 */  lwc1    $f10, 0x0028($a2)          ## 00000028
/* 0085C 8093103C 4608503E */  c.le.s  $f10, $f8                  
/* 00860 80931040 00000000 */  nop
/* 00864 80931044 45020039 */  bc1fl   .L8093112C                 
/* 00868 80931048 8FBF0014 */  lw      $ra, 0x0014($sp)           
/* 0086C 8093104C 84C20018 */  lh      $v0, 0x0018($a2)           ## 00000018
/* 00870 80931050 8FA40024 */  lw      $a0, 0x0024($sp)           
/* 00874 80931054 24070005 */  addiu   $a3, $zero, 0x0005         ## $a3 = 00000005
/* 00878 80931058 1040000B */  beq     $v0, $zero, .L80931088     
/* 0087C 8093105C 24851CA0 */  addiu   $a1, $a0, 0x1CA0           ## $a1 = 00001CA0
/* 00880 80931060 44828000 */  mtc1    $v0, $f16                  ## $f16 = 0.00
/* 00884 80931064 3C014120 */  lui     $at, 0x4120                ## $at = 41200000
/* 00888 80931068 44812000 */  mtc1    $at, $f4                   ## $f4 = 10.00
/* 0088C 8093106C 468084A0 */  cvt.s.w $f18, $f16                 
/* 00890 80931070 C4C8009C */  lwc1    $f8, 0x009C($a2)           ## 0000009C
/* 00894 80931074 46049182 */  mul.s   $f6, $f18, $f4             
/* 00898 80931078 4606403E */  c.le.s  $f8, $f6                   
/* 0089C 8093107C 00000000 */  nop
/* 008A0 80931080 4502002A */  bc1fl   .L8093112C                 
/* 008A4 80931084 8FBF0014 */  lw      $ra, 0x0014($sp)           
.L80931088:
/* 008A8 80931088 AFA3001C */  sw      $v1, 0x001C($sp)           
/* 008AC 8093108C 0C02F055 */  jal     func_800BC154              
/* 008B0 80931090 AFA60020 */  sw      $a2, 0x0020($sp)           
/* 008B4 80931094 8FA60020 */  lw      $a2, 0x0020($sp)           
/* 008B8 80931098 8FA3001C */  lw      $v1, 0x001C($sp)           
/* 008BC 8093109C 3C098093 */  lui     $t1, %hi(D_8093146C)       ## $t1 = 80930000
/* 008C0 809310A0 8CD80004 */  lw      $t8, 0x0004($a2)           ## 00000004
/* 008C4 809310A4 C4C00028 */  lwc1    $f0, 0x0028($a2)           ## 00000028
/* 008C8 809310A8 37190011 */  ori     $t9, $t8, 0x0011           ## $t9 = 00000011
/* 008CC 809310AC ACD90004 */  sw      $t9, 0x0004($a2)           ## 00000004
/* 008D0 809310B0 9068014B */  lbu     $t0, 0x014B($v1)           ## 0000014B
/* 008D4 809310B4 C4700028 */  lwc1    $f16, 0x0028($v1)          ## 00000028
/* 008D8 809310B8 01284821 */  addu    $t1, $t1, $t0              
/* 008DC 809310BC 8129146C */  lb      $t1, %lo(D_8093146C)($t1)  
/* 008E0 809310C0 44895000 */  mtc1    $t1, $f10                  ## $f10 = -0.00
/* 008E4 809310C4 00000000 */  nop
/* 008E8 809310C8 468050A0 */  cvt.s.w $f2, $f10                  
/* 008EC 809310CC 46028480 */  add.s   $f18, $f16, $f2            
/* 008F0 809310D0 E4D20148 */  swc1    $f18, 0x0148($a2)          ## 00000148
/* 008F4 809310D4 C4C40148 */  lwc1    $f4, 0x0148($a2)           ## 00000148
/* 008F8 809310D8 4600203C */  c.lt.s  $f4, $f0                   
/* 008FC 809310DC 00000000 */  nop
/* 00900 809310E0 45020004 */  bc1fl   .L809310F4                 
/* 00904 809310E4 8CCB0024 */  lw      $t3, 0x0024($a2)           ## 00000024
/* 00908 809310E8 46020180 */  add.s   $f6, $f0, $f2              
/* 0090C 809310EC E4C60148 */  swc1    $f6, 0x0148($a2)           ## 00000148
/* 00910 809310F0 8CCB0024 */  lw      $t3, 0x0024($a2)           ## 00000024
.L809310F4:
/* 00914 809310F4 8CCA0028 */  lw      $t2, 0x0028($a2)           ## 00000028
/* 00918 809310F8 00C02025 */  or      $a0, $a2, $zero            ## $a0 = 00000000
/* 0091C 809310FC ACCB014C */  sw      $t3, 0x014C($a2)           ## 0000014C
/* 00920 80931100 8CCB002C */  lw      $t3, 0x002C($a2)           ## 0000002C
/* 00924 80931104 ACCA0150 */  sw      $t2, 0x0150($a2)           ## 00000150
/* 00928 80931108 240528C4 */  addiu   $a1, $zero, 0x28C4         ## $a1 = 000028C4
/* 0092C 8093110C ACCB0154 */  sw      $t3, 0x0154($a2)           ## 00000154
/* 00930 80931110 0C02E3B2 */  jal     func_800B8EC8              
/* 00934 80931114 AFA60020 */  sw      $a2, 0x0020($sp)           
/* 00938 80931118 8FA60020 */  lw      $a2, 0x0020($sp)           
/* 0093C 8093111C 3C0C8093 */  lui     $t4, %hi(func_80931138)    ## $t4 = 80930000
/* 00940 80931120 258C1138 */  addiu   $t4, $t4, %lo(func_80931138) ## $t4 = 80931138
/* 00944 80931124 ACCC0144 */  sw      $t4, 0x0144($a2)           ## 00000144
/* 00948 80931128 8FBF0014 */  lw      $ra, 0x0014($sp)           
.L8093112C:
/* 0094C 8093112C 27BD0020 */  addiu   $sp, $sp, 0x0020           ## $sp = 00000000
/* 00950 80931130 03E00008 */  jr      $ra                        
/* 00954 80931134 00000000 */  nop


glabel func_80931138
/* 00958 80931138 27BDFFE0 */  addiu   $sp, $sp, 0xFFE0           ## $sp = FFFFFFE0
/* 0095C 8093113C AFB00018 */  sw      $s0, 0x0018($sp)           
/* 00960 80931140 00808025 */  or      $s0, $a0, $zero            ## $s0 = 00000000
/* 00964 80931144 AFBF001C */  sw      $ra, 0x001C($sp)           
/* 00968 80931148 AFA50024 */  sw      $a1, 0x0024($sp)           
/* 0096C 8093114C 860E00BE */  lh      $t6, 0x00BE($s0)           ## 000000BE
/* 00970 80931150 3C063F4C */  lui     $a2, 0x3F4C                ## $a2 = 3F4C0000
/* 00974 80931154 34C6CCCD */  ori     $a2, $a2, 0xCCCD           ## $a2 = 3F4CCCCD
/* 00978 80931158 25CF1388 */  addiu   $t7, $t6, 0x1388           ## $t7 = 00001388
/* 0097C 8093115C A60F00BE */  sh      $t7, 0x00BE($s0)           ## 000000BE
/* 00980 80931160 26040028 */  addiu   $a0, $s0, 0x0028           ## $a0 = 00000028
/* 00984 80931164 8E050148 */  lw      $a1, 0x0148($s0)           ## 00000148
/* 00988 80931168 0C03FF7E */  jal     func_800FFDF8              
/* 0098C 8093116C 3C074040 */  lui     $a3, 0x4040                ## $a3 = 40400000
/* 00990 80931170 C6040028 */  lwc1    $f4, 0x0028($s0)           ## 00000028
/* 00994 80931174 C6060148 */  lwc1    $f6, 0x0148($s0)           ## 00000148
/* 00998 80931178 3C014120 */  lui     $at, 0x4120                ## $at = 41200000
/* 0099C 8093117C 44811000 */  mtc1    $at, $f2                   ## $f2 = 10.00
/* 009A0 80931180 46062001 */  sub.s   $f0, $f4, $f6              
/* 009A4 80931184 3C198093 */  lui     $t9, %hi(func_809311C4)    ## $t9 = 80930000
/* 009A8 80931188 273911C4 */  addiu   $t9, $t9, %lo(func_809311C4) ## $t9 = 809311C4
/* 009AC 8093118C 46000005 */  abs.s   $f0, $f0                   
/* 009B0 80931190 4602003C */  c.lt.s  $f0, $f2                   
/* 009B4 80931194 00000000 */  nop
/* 009B8 80931198 45020006 */  bc1fl   .L809311B4                 
/* 009BC 8093119C 8FBF001C */  lw      $ra, 0x001C($sp)           
/* 009C0 809311A0 86180092 */  lh      $t8, 0x0092($s0)           ## 00000092
/* 009C4 809311A4 E6020070 */  swc1    $f2, 0x0070($s0)           ## 00000070
/* 009C8 809311A8 AE190144 */  sw      $t9, 0x0144($s0)           ## 00000144
/* 009CC 809311AC A6180032 */  sh      $t8, 0x0032($s0)           ## 00000032
/* 009D0 809311B0 8FBF001C */  lw      $ra, 0x001C($sp)           
.L809311B4:
/* 009D4 809311B4 8FB00018 */  lw      $s0, 0x0018($sp)           
/* 009D8 809311B8 27BD0020 */  addiu   $sp, $sp, 0x0020           ## $sp = 00000000
/* 009DC 809311BC 03E00008 */  jr      $ra                        
/* 009E0 809311C0 00000000 */  nop


glabel func_809311C4
/* 009E4 809311C4 27BDFFD0 */  addiu   $sp, $sp, 0xFFD0           ## $sp = FFFFFFD0
/* 009E8 809311C8 AFB00018 */  sw      $s0, 0x0018($sp)           
/* 009EC 809311CC 00808025 */  or      $s0, $a0, $zero            ## $s0 = 00000000
/* 009F0 809311D0 AFBF001C */  sw      $ra, 0x001C($sp)           
/* 009F4 809311D4 AFA50034 */  sw      $a1, 0x0034($sp)           
/* 009F8 809311D8 C612014C */  lwc1    $f18, 0x014C($s0)          ## 0000014C
/* 009FC 809311DC C6100024 */  lwc1    $f16, 0x0024($s0)          ## 00000024
/* 00A00 809311E0 C60E0150 */  lwc1    $f14, 0x0150($s0)          ## 00000150
/* 00A04 809311E4 C60C0028 */  lwc1    $f12, 0x0028($s0)          ## 00000028
/* 00A08 809311E8 46109401 */  sub.s   $f16, $f18, $f16           
/* 00A0C 809311EC C6120154 */  lwc1    $f18, 0x0154($s0)          ## 00000154
/* 00A10 809311F0 C60A002C */  lwc1    $f10, 0x002C($s0)          ## 0000002C
/* 00A14 809311F4 460C7301 */  sub.s   $f12, $f14, $f12           
/* 00A18 809311F8 E7B0002C */  swc1    $f16, 0x002C($sp)          
/* 00A1C 809311FC 02002025 */  or      $a0, $s0, $zero            ## $a0 = 00000000
/* 00A20 80931200 460A9281 */  sub.s   $f10, $f18, $f10           
/* 00A24 80931204 E7AC0028 */  swc1    $f12, 0x0028($sp)          
/* 00A28 80931208 24053037 */  addiu   $a1, $zero, 0x3037         ## $a1 = 00003037
/* 00A2C 8093120C 0C02E3B2 */  jal     func_800B8EC8              
/* 00A30 80931210 E7AA0024 */  swc1    $f10, 0x0024($sp)          
/* 00A34 80931214 C7A0002C */  lwc1    $f0, 0x002C($sp)           
/* 00A38 80931218 C7A20028 */  lwc1    $f2, 0x0028($sp)           
/* 00A3C 8093121C C7AC0024 */  lwc1    $f12, 0x0024($sp)          
/* 00A40 80931220 46000182 */  mul.s   $f6, $f0, $f0              
/* 00A44 80931224 3C014761 */  lui     $at, 0x4761                ## $at = 47610000
/* 00A48 80931228 44812000 */  mtc1    $at, $f4                   ## $f4 = 57600.00
/* 00A4C 8093122C 46021202 */  mul.s   $f8, $f2, $f2              
/* 00A50 80931230 3C063E4C */  lui     $a2, 0x3E4C                ## $a2 = 3E4C0000
/* 00A54 80931234 34C6CCCD */  ori     $a2, $a2, 0xCCCD           ## $a2 = 3E4CCCCD
/* 00A58 80931238 460C6402 */  mul.s   $f16, $f12, $f12           
/* 00A5C 8093123C 26040074 */  addiu   $a0, $s0, 0x0074           ## $a0 = 00000074
/* 00A60 80931240 3C05C040 */  lui     $a1, 0xC040                ## $a1 = C0400000
/* 00A64 80931244 46083280 */  add.s   $f10, $f6, $f8             
/* 00A68 80931248 46105480 */  add.s   $f18, $f10, $f16           
/* 00A6C 8093124C 4612203C */  c.lt.s  $f4, $f18                  
/* 00A70 80931250 00000000 */  nop
/* 00A74 80931254 45020004 */  bc1fl   .L80931268                 
/* 00A78 80931258 860E00BE */  lh      $t6, 0x00BE($s0)           ## 000000BE
/* 00A7C 8093125C 0C03FF7E */  jal     func_800FFDF8              
/* 00A80 80931260 3C073F00 */  lui     $a3, 0x3F00                ## $a3 = 3F000000
/* 00A84 80931264 860E00BE */  lh      $t6, 0x00BE($s0)           ## 000000BE
.L80931268:
/* 00A88 80931268 02002025 */  or      $a0, $s0, $zero            ## $a0 = 00000000
/* 00A8C 8093126C 25CF1388 */  addiu   $t7, $t6, 0x1388           ## $t7 = 00001388
/* 00A90 80931270 A60F00BE */  sh      $t7, 0x00BE($s0)           ## 000000BE
/* 00A94 80931274 0C24C377 */  jal     func_80930DDC              
/* 00A98 80931278 8FA50034 */  lw      $a1, 0x0034($sp)           
/* 00A9C 8093127C 8FBF001C */  lw      $ra, 0x001C($sp)           
/* 00AA0 80931280 8FB00018 */  lw      $s0, 0x0018($sp)           
/* 00AA4 80931284 27BD0030 */  addiu   $sp, $sp, 0x0030           ## $sp = 00000000
/* 00AA8 80931288 03E00008 */  jr      $ra                        
/* 00AAC 8093128C 00000000 */  nop


glabel func_80931290
/* 00AB0 80931290 27BDFFC8 */  addiu   $sp, $sp, 0xFFC8           ## $sp = FFFFFFC8
/* 00AB4 80931294 AFB10020 */  sw      $s1, 0x0020($sp)           
/* 00AB8 80931298 AFB0001C */  sw      $s0, 0x001C($sp)           
/* 00ABC 8093129C 00808025 */  or      $s0, $a0, $zero            ## $s0 = 00000000
/* 00AC0 809312A0 00A08825 */  or      $s1, $a1, $zero            ## $s1 = 00000000
/* 00AC4 809312A4 AFBF0024 */  sw      $ra, 0x0024($sp)           
/* 00AC8 809312A8 8E190144 */  lw      $t9, 0x0144($s0)           ## 00000144
/* 00ACC 809312AC 02002025 */  or      $a0, $s0, $zero            ## $a0 = 00000000
/* 00AD0 809312B0 02202825 */  or      $a1, $s1, $zero            ## $a1 = 00000000
/* 00AD4 809312B4 0320F809 */  jalr    $ra, $t9                   
/* 00AD8 809312B8 00000000 */  nop
/* 00ADC 809312BC 0C02DAA2 */  jal     func_800B6A88              
/* 00AE0 809312C0 02002025 */  or      $a0, $s0, $zero            ## $a0 = 00000000
/* 00AE4 809312C4 3C0141A0 */  lui     $at, 0x41A0                ## $at = 41A00000
/* 00AE8 809312C8 44812000 */  mtc1    $at, $f4                   ## $f4 = 20.00
/* 00AEC 809312CC 240E001F */  addiu   $t6, $zero, 0x001F         ## $t6 = 0000001F
/* 00AF0 809312D0 AFAE0014 */  sw      $t6, 0x0014($sp)           
/* 00AF4 809312D4 02202025 */  or      $a0, $s1, $zero            ## $a0 = 00000000
/* 00AF8 809312D8 02002825 */  or      $a1, $s0, $zero            ## $a1 = 00000000
/* 00AFC 809312DC 3C064140 */  lui     $a2, 0x4140                ## $a2 = 41400000
/* 00B00 809312E0 3C074120 */  lui     $a3, 0x4120                ## $a3 = 41200000
/* 00B04 809312E4 0C02DE2E */  jal     func_800B78B8              
/* 00B08 809312E8 E7A40010 */  swc1    $f4, 0x0010($sp)           
/* 00B0C 809312EC 02002025 */  or      $a0, $s0, $zero            ## $a0 = 00000000
/* 00B10 809312F0 0C02D9D7 */  jal     func_800B675C              
/* 00B14 809312F4 24050000 */  addiu   $a1, $zero, 0x0000         ## $a1 = 00000000
/* 00B18 809312F8 3C018093 */  lui     $at, %hi(D_80931494)       ## $at = 80930000
/* 00B1C 809312FC C4261494 */  lwc1    $f6, %lo(D_80931494)($at)  
/* 00B20 80931300 C60000F4 */  lwc1    $f0, 0x00F4($s0)           ## 000000F4
/* 00B24 80931304 3C014396 */  lui     $at, 0x4396                ## $at = 43960000
/* 00B28 80931308 02002025 */  or      $a0, $s0, $zero            ## $a0 = 00000000
/* 00B2C 8093130C 4606003C */  c.lt.s  $f0, $f6                   
/* 00B30 80931310 26050158 */  addiu   $a1, $s0, 0x0158           ## $a1 = 00000158
/* 00B34 80931314 4502001E */  bc1fl   .L80931390                 
/* 00B38 80931318 AE0000C8 */  sw      $zero, 0x00C8($s0)         ## 000000C8
/* 00B3C 8093131C 44814000 */  mtc1    $at, $f8                   ## $f8 = 300.00
/* 00B40 80931320 3C01C120 */  lui     $at, 0xC120                ## $at = C1200000
/* 00B44 80931324 4600403C */  c.lt.s  $f8, $f0                   
/* 00B48 80931328 00000000 */  nop
/* 00B4C 8093132C 4502000C */  bc1fl   .L80931360                 
/* 00B50 80931330 44818000 */  mtc1    $at, $f16                  ## $f16 = -10.00
/* 00B54 80931334 4600028D */  trunc.w.s $f10, $f0                  
/* 00B58 80931338 2408032B */  addiu   $t0, $zero, 0x032B         ## $t0 = 0000032B
/* 00B5C 8093133C 3C0B800B */  lui     $t3, 0x800B                ## $t3 = 800B0000
/* 00B60 80931340 256B3FC0 */  addiu   $t3, $t3, 0x3FC0           ## $t3 = 800B3FC0
/* 00B64 80931344 44185000 */  mfc1    $t8, $f10                  
/* 00B68 80931348 AE0B00C8 */  sw      $t3, 0x00C8($s0)           ## 000000C8
/* 00B6C 8093134C 01184823 */  subu    $t1, $t0, $t8              
/* 00B70 80931350 00095043 */  sra     $t2, $t1,  1               
/* 00B74 80931354 1000000E */  beq     $zero, $zero, .L80931390   
/* 00B78 80931358 A20A00D0 */  sb      $t2, 0x00D0($s0)           ## 000000D0
/* 00B7C 8093135C 44818000 */  mtc1    $at, $f16                  ## $f16 = -10.00
.L80931360:
/* 00B80 80931360 3C0D800B */  lui     $t5, 0x800B                ## $t5 = 800B0000
/* 00B84 80931364 240C00FF */  addiu   $t4, $zero, 0x00FF         ## $t4 = 000000FF
/* 00B88 80931368 4600803C */  c.lt.s  $f16, $f0                  
/* 00B8C 8093136C 25AD3FC0 */  addiu   $t5, $t5, 0x3FC0           ## $t5 = 800B3FC0
/* 00B90 80931370 45000004 */  bc1f    .L80931384                 
/* 00B94 80931374 00000000 */  nop
/* 00B98 80931378 A20C00D0 */  sb      $t4, 0x00D0($s0)           ## 000000D0
/* 00B9C 8093137C 10000004 */  beq     $zero, $zero, .L80931390   
/* 00BA0 80931380 AE0D00C8 */  sw      $t5, 0x00C8($s0)           ## 000000C8
.L80931384:
/* 00BA4 80931384 10000002 */  beq     $zero, $zero, .L80931390   
/* 00BA8 80931388 AE0000C8 */  sw      $zero, 0x00C8($s0)         ## 000000C8
/* 00BAC 8093138C AE0000C8 */  sw      $zero, 0x00C8($s0)         ## 000000C8
.L80931390:
/* 00BB0 80931390 0C039F7E */  jal     func_800E7DF8              
/* 00BB4 80931394 AFA50028 */  sw      $a1, 0x0028($sp)           
/* 00BB8 80931398 3C010001 */  lui     $at, 0x0001                ## $at = 00010000
/* 00BBC 8093139C 34218884 */  ori     $at, $at, 0x8884           ## $at = 00018884
/* 00BC0 809313A0 02212821 */  addu    $a1, $s1, $at              
/* 00BC4 809313A4 AFA5002C */  sw      $a1, 0x002C($sp)           
/* 00BC8 809313A8 02202025 */  or      $a0, $s1, $zero            ## $a0 = 00000000
/* 00BCC 809313AC 0C0389D0 */  jal     func_800E2740              
/* 00BD0 809313B0 8FA60028 */  lw      $a2, 0x0028($sp)           
/* 00BD4 809313B4 8FA5002C */  lw      $a1, 0x002C($sp)           
/* 00BD8 809313B8 02202025 */  or      $a0, $s1, $zero            ## $a0 = 00000000
/* 00BDC 809313BC 0C038956 */  jal     func_800E2558              
/* 00BE0 809313C0 8FA60028 */  lw      $a2, 0x0028($sp)           
/* 00BE4 809313C4 8FBF0024 */  lw      $ra, 0x0024($sp)           
/* 00BE8 809313C8 8FB0001C */  lw      $s0, 0x001C($sp)           
/* 00BEC 809313CC 8FB10020 */  lw      $s1, 0x0020($sp)           
/* 00BF0 809313D0 03E00008 */  jr      $ra                        
/* 00BF4 809313D4 27BD0038 */  addiu   $sp, $sp, 0x0038           ## $sp = 00000000


glabel func_809313D8
/* 00BF8 809313D8 27BDFFE8 */  addiu   $sp, $sp, 0xFFE8           ## $sp = FFFFFFE8
/* 00BFC 809313DC AFBF0014 */  sw      $ra, 0x0014($sp)           
/* 00C00 809313E0 AFA40018 */  sw      $a0, 0x0018($sp)           
/* 00C04 809313E4 00A03025 */  or      $a2, $a1, $zero            ## $a2 = 00000000
/* 00C08 809313E8 3C050501 */  lui     $a1, 0x0501                ## $a1 = 05010000
/* 00C0C 809313EC 24A57EA0 */  addiu   $a1, $a1, 0x7EA0           ## $a1 = 05017EA0
/* 00C10 809313F0 0C02F7F0 */  jal     func_800BDFC0              
/* 00C14 809313F4 00C02025 */  or      $a0, $a2, $zero            ## $a0 = 00000000
/* 00C18 809313F8 8FBF0014 */  lw      $ra, 0x0014($sp)           
/* 00C1C 809313FC 27BD0018 */  addiu   $sp, $sp, 0x0018           ## $sp = 00000000
/* 00C20 80931400 03E00008 */  jr      $ra                        
/* 00C24 80931404 00000000 */  nop
/* 00C28 80931408 00000000 */  nop
/* 00C2C 8093140C 00000000 */  nop

.section .data

D_80931410: .word \
0x0A110900, 0x20010000, 0x00000000, 0xF7CFFFFF, \
0x00040000, 0xF7CFFFFF, 0x00000000, 0x01010000, \
0x000B001C, 0x00000000, 0x00000000
D_8093143C: .word 0x008D0600, 0x00000000, 0x00030000, 0x000001A4
.word func_809307E0
.word func_80930870
.word func_80931290
.word func_809313D8
D_8093145C: .word 0xC85800C5, 0xB0FC0FA0, 0xB1000064, 0x31040064
D_8093146C: .word \
0x28282819, 0x1C000000, 0x00000000, 0x00000000, \
0x00000000

.section .rodata

D_80931480: .word 0x3E6B851F
D_80931484: .word 0x3E4CCCCD
D_80931488: .word 0x3F19999A
D_8093148C: .word 0x3E4CCCCD
D_80931490: .word 0x3E4CCCCD
D_80931494: .word 0x444AC000, 0x00000000, 0x00000000


.section .rodata
D_809314A0:
.incbin "baserom/En_Tubo_Trap", 0xCC0, 0x000000C0
