.include "macro.inc"

# assembler directives
.set noat      # allow manual use of $at
.set noreorder # don't insert nops after branches
.set gp=64     # allow use of 64-bit general purpose registers

.section .text
glabel func_80AEC460
/* 00000 80AEC460 27BDFFE8 */  addiu   $sp, $sp, 0xFFE8           ## $sp = FFFFFFE8
/* 00004 80AEC464 AFBF0014 */  sw      $ra, 0x0014($sp)           
/* 00008 80AEC468 00803025 */  or      $a2, $a0, $zero            ## $a2 = 00000000
/* 0000C 80AEC46C 84C202C4 */  lh      $v0, 0x02C4($a2)           ## 000002C4
/* 00010 80AEC470 14400003 */  bne     $v0, $zero, .L80AEC480     
/* 00014 80AEC474 244EFFFF */  addiu   $t6, $v0, 0xFFFF           ## $t6 = FFFFFFFF
/* 00018 80AEC478 10000003 */  beq     $zero, $zero, .L80AEC488   
/* 0001C 80AEC47C 00001825 */  or      $v1, $zero, $zero          ## $v1 = 00000000
.L80AEC480:
/* 00020 80AEC480 A4CE02C4 */  sh      $t6, 0x02C4($a2)           ## 000002C4
/* 00024 80AEC484 84C302C4 */  lh      $v1, 0x02C4($a2)           ## 000002C4
.L80AEC488:
/* 00028 80AEC488 54600023 */  bnel    $v1, $zero, .L80AEC518     
/* 0002C 80AEC48C 8FBF0014 */  lw      $ra, 0x0014($sp)           
/* 00030 80AEC490 84CF02C2 */  lh      $t7, 0x02C2($a2)           ## 000002C2
/* 00034 80AEC494 25F80001 */  addiu   $t8, $t7, 0x0001           ## $t8 = 00000001
/* 00038 80AEC498 A4D802C2 */  sh      $t8, 0x02C2($a2)           ## 000002C2
/* 0003C 80AEC49C 84D902C2 */  lh      $t9, 0x02C2($a2)           ## 000002C2
/* 00040 80AEC4A0 2B210003 */  slti    $at, $t9, 0x0003           
/* 00044 80AEC4A4 5420001C */  bnel    $at, $zero, .L80AEC518     
/* 00048 80AEC4A8 8FBF0014 */  lw      $ra, 0x0014($sp)           
/* 0004C 80AEC4AC 84C802C0 */  lh      $t0, 0x02C0($a2)           ## 000002C0
/* 00050 80AEC4B0 2404001E */  addiu   $a0, $zero, 0x001E         ## $a0 = 0000001E
/* 00054 80AEC4B4 2405001E */  addiu   $a1, $zero, 0x001E         ## $a1 = 0000001E
/* 00058 80AEC4B8 2509FFFF */  addiu   $t1, $t0, 0xFFFF           ## $t1 = FFFFFFFF
/* 0005C 80AEC4BC A4C902C0 */  sh      $t1, 0x02C0($a2)           ## 000002C0
/* 00060 80AEC4C0 84CA02C0 */  lh      $t2, 0x02C0($a2)           ## 000002C0
/* 00064 80AEC4C4 05430013 */  bgezl   $t2, .L80AEC514            
/* 00068 80AEC4C8 A4C002C2 */  sh      $zero, 0x02C2($a2)         ## 000002C2
/* 0006C 80AEC4CC 0C03FD14 */  jal     func_800FF450              
/* 00070 80AEC4D0 AFA60018 */  sw      $a2, 0x0018($sp)           
/* 00074 80AEC4D4 8FA60018 */  lw      $a2, 0x0018($sp)           
/* 00078 80AEC4D8 240B0002 */  addiu   $t3, $zero, 0x0002         ## $t3 = 00000002
/* 0007C 80AEC4DC A4C202C4 */  sh      $v0, 0x02C4($a2)           ## 000002C4
/* 00080 80AEC4E0 0C021BF7 */  jal     func_80086FDC              
/* 00084 80AEC4E4 A4CB02C0 */  sh      $t3, 0x02C0($a2)           ## 000002C0
/* 00088 80AEC4E8 3C013F00 */  lui     $at, 0x3F00                ## $at = 3F000000
/* 0008C 80AEC4EC 44812000 */  mtc1    $at, $f4                   ## $f4 = 0.50
/* 00090 80AEC4F0 8FA60018 */  lw      $a2, 0x0018($sp)           
/* 00094 80AEC4F4 4600203C */  c.lt.s  $f4, $f0                   
/* 00098 80AEC4F8 00000000 */  nop
/* 0009C 80AEC4FC 45020005 */  bc1fl   .L80AEC514                 
/* 000A0 80AEC500 A4C002C2 */  sh      $zero, 0x02C2($a2)         ## 000002C2
/* 000A4 80AEC504 84CC02C0 */  lh      $t4, 0x02C0($a2)           ## 000002C0
/* 000A8 80AEC508 258D0001 */  addiu   $t5, $t4, 0x0001           ## $t5 = 00000001
/* 000AC 80AEC50C A4CD02C0 */  sh      $t5, 0x02C0($a2)           ## 000002C0
/* 000B0 80AEC510 A4C002C2 */  sh      $zero, 0x02C2($a2)         ## 000002C2
.L80AEC514:
/* 000B4 80AEC514 8FBF0014 */  lw      $ra, 0x0014($sp)           
.L80AEC518:
/* 000B8 80AEC518 27BD0018 */  addiu   $sp, $sp, 0x0018           ## $sp = 00000000
/* 000BC 80AEC51C 03E00008 */  jr      $ra                        
/* 000C0 80AEC520 00000000 */  nop


glabel func_80AEC524
/* 000C4 80AEC524 3C014244 */  lui     $at, 0x4244                ## $at = 42440000
/* 000C8 80AEC528 44810000 */  mtc1    $at, $f0                   ## $f0 = 49.00
/* 000CC 80AEC52C 3C0580AF */  lui     $a1, %hi(D_80AEF8F0)       ## $a1 = 80AF0000
/* 000D0 80AEC530 460C003E */  c.le.s  $f0, $f12                  
/* 000D4 80AEC534 24A5F8F0 */  addiu   $a1, $a1, %lo(D_80AEF8F0)  ## $a1 = 80AEF8F0
/* 000D8 80AEC538 45030008 */  bc1tl   .L80AEC55C                 
/* 000DC 80AEC53C 460C003E */  c.le.s  $f0, $f12                  
/* 000E0 80AEC540 44801000 */  mtc1    $zero, $f2                 ## $f2 = 0.00
/* 000E4 80AEC544 00000000 */  nop
/* 000E8 80AEC548 4602603C */  c.lt.s  $f12, $f2                  
/* 000EC 80AEC54C 00000000 */  nop
/* 000F0 80AEC550 45020015 */  bc1fl   .L80AEC5A8                 
/* 000F4 80AEC554 4600610D */  trunc.w.s $f4, $f12                  
/* 000F8 80AEC558 460C003E */  c.le.s  $f0, $f12                  
.L80AEC55C:
/* 000FC 80AEC55C 44801000 */  mtc1    $zero, $f2                 ## $f2 = 0.00
/* 00100 80AEC560 45020004 */  bc1fl   .L80AEC574                 
/* 00104 80AEC564 4602603C */  c.lt.s  $f12, $f2                  
/* 00108 80AEC568 10000006 */  beq     $zero, $zero, .L80AEC584   
/* 0010C 80AEC56C 46006301 */  sub.s   $f12, $f12, $f0            
/* 00110 80AEC570 4602603C */  c.lt.s  $f12, $f2                  
.L80AEC574:
/* 00114 80AEC574 00000000 */  nop
/* 00118 80AEC578 45020003 */  bc1fl   .L80AEC588                 
/* 0011C 80AEC57C 460C003E */  c.le.s  $f0, $f12                  
/* 00120 80AEC580 46006300 */  add.s   $f12, $f12, $f0            
.L80AEC584:
/* 00124 80AEC584 460C003E */  c.le.s  $f0, $f12                  
.L80AEC588:
/* 00128 80AEC588 00000000 */  nop
/* 0012C 80AEC58C 4503FFF3 */  bc1tl   .L80AEC55C                 
/* 00130 80AEC590 460C003E */  c.le.s  $f0, $f12                  
/* 00134 80AEC594 4602603C */  c.lt.s  $f12, $f2                  
/* 00138 80AEC598 00000000 */  nop
/* 0013C 80AEC59C 4503FFEF */  bc1tl   .L80AEC55C                 
/* 00140 80AEC5A0 460C003E */  c.le.s  $f0, $f12                  
/* 00144 80AEC5A4 4600610D */  trunc.w.s $f4, $f12                  
.L80AEC5A8:
/* 00148 80AEC5A8 44022000 */  mfc1    $v0, $f4                   
/* 0014C 80AEC5AC 00000000 */  nop
/* 00150 80AEC5B0 44823000 */  mtc1    $v0, $f6                   ## $f6 = 0.00
/* 00154 80AEC5B4 24440001 */  addiu   $a0, $v0, 0x0001           ## $a0 = 00000001
/* 00158 80AEC5B8 00026880 */  sll     $t5, $v0,  2               
/* 0015C 80AEC5BC 468030A0 */  cvt.s.w $f2, $f6                   
/* 00160 80AEC5C0 28810031 */  slti    $at, $a0, 0x0031           
/* 00164 80AEC5C4 00AD7021 */  addu    $t6, $a1, $t5              
/* 00168 80AEC5C8 46026032 */  c.eq.s  $f12, $f2                  
/* 0016C 80AEC5CC 46026001 */  sub.s   $f0, $f12, $f2             
/* 00170 80AEC5D0 4503001E */  bc1tl   .L80AEC64C                 
/* 00174 80AEC5D4 C5C20000 */  lwc1    $f2, 0x0000($t6)           ## 00000000
/* 00178 80AEC5D8 14200010 */  bne     $at, $zero, .L80AEC61C     
/* 0017C 80AEC5DC 3C0580AF */  lui     $a1, %hi(D_80AEF8F0)       ## $a1 = 80AF0000
/* 00180 80AEC5E0 3C0580AF */  lui     $a1, %hi(D_80AEF8F0)       ## $a1 = 80AF0000
/* 00184 80AEC5E4 2483FFCF */  addiu   $v1, $a0, 0xFFCF           ## $v1 = FFFFFFD0
/* 00188 80AEC5E8 24A5F8F0 */  addiu   $a1, $a1, %lo(D_80AEF8F0)  ## $a1 = 80AEF8F0
/* 0018C 80AEC5EC 0003C880 */  sll     $t9, $v1,  2               
/* 00190 80AEC5F0 00B94021 */  addu    $t0, $a1, $t9              
/* 00194 80AEC5F4 C5080000 */  lwc1    $f8, 0x0000($t0)           ## 00000000
/* 00198 80AEC5F8 C4AA00C0 */  lwc1    $f10, 0x00C0($a1)          ## 80AEF9B0
/* 0019C 80AEC5FC 00027880 */  sll     $t7, $v0,  2               
/* 001A0 80AEC600 00AFC021 */  addu    $t8, $a1, $t7              
/* 001A4 80AEC604 460A4400 */  add.s   $f16, $f8, $f10            
/* 001A8 80AEC608 C70C0000 */  lwc1    $f12, 0x0000($t8)          ## 00000000
/* 001AC 80AEC60C 460C8481 */  sub.s   $f18, $f16, $f12           
/* 001B0 80AEC610 46009102 */  mul.s   $f4, $f18, $f0             
/* 001B4 80AEC614 1000000D */  beq     $zero, $zero, .L80AEC64C   
/* 001B8 80AEC618 46046080 */  add.s   $f2, $f12, $f4             
.L80AEC61C:
/* 001BC 80AEC61C 24A5F8F0 */  addiu   $a1, $a1, %lo(D_80AEF8F0)  ## $a1 = 80AEF1E0
/* 001C0 80AEC620 00024880 */  sll     $t1, $v0,  2               
/* 001C4 80AEC624 00045880 */  sll     $t3, $a0,  2               
/* 001C8 80AEC628 00AB6021 */  addu    $t4, $a1, $t3              
/* 001CC 80AEC62C 00A95021 */  addu    $t2, $a1, $t1              
/* 001D0 80AEC630 C54C0000 */  lwc1    $f12, 0x0000($t2)          ## 00000000
/* 001D4 80AEC634 C5860000 */  lwc1    $f6, 0x0000($t4)           ## 00000000
/* 001D8 80AEC638 460C3201 */  sub.s   $f8, $f6, $f12             
/* 001DC 80AEC63C 46004282 */  mul.s   $f10, $f8, $f0             
/* 001E0 80AEC640 10000002 */  beq     $zero, $zero, .L80AEC64C   
/* 001E4 80AEC644 460A6080 */  add.s   $f2, $f12, $f10            
/* 001E8 80AEC648 C5C20000 */  lwc1    $f2, 0x0000($t6)           ## 00000000
.L80AEC64C:
/* 001EC 80AEC64C 46001006 */  mov.s   $f0, $f2                   
/* 001F0 80AEC650 03E00008 */  jr      $ra                        
/* 001F4 80AEC654 00000000 */  nop


glabel func_80AEC658
/* 001F8 80AEC658 27BDFFE0 */  addiu   $sp, $sp, 0xFFE0           ## $sp = FFFFFFE0
/* 001FC 80AEC65C 44867000 */  mtc1    $a2, $f14                  ## $f14 = 0.00
/* 00200 80AEC660 AFBF0014 */  sw      $ra, 0x0014($sp)           
/* 00204 80AEC664 AFA50024 */  sw      $a1, 0x0024($sp)           
/* 00208 80AEC668 C4840018 */  lwc1    $f4, 0x0018($a0)           ## 00000018
/* 0020C 80AEC66C 3C0180AF */  lui     $at, %hi(D_80AEF9B4)       ## $at = 80AF0000
/* 00210 80AEC670 C492001C */  lwc1    $f18, 0x001C($a0)          ## 0000001C
/* 00214 80AEC674 4600218D */  trunc.w.s $f6, $f4                   
/* 00218 80AEC678 440F3000 */  mfc1    $t7, $f6                   
/* 0021C 80AEC67C 00000000 */  nop
/* 00220 80AEC680 000FC080 */  sll     $t8, $t7,  2               
/* 00224 80AEC684 00380821 */  addu    $at, $at, $t8              
/* 00228 80AEC688 C428F9B4 */  lwc1    $f8, %lo(D_80AEF9B4)($at)  
/* 0022C 80AEC68C 3C013F00 */  lui     $at, 0x3F00                ## $at = 3F000000
/* 00230 80AEC690 44815000 */  mtc1    $at, $f10                  ## $f10 = 0.50
/* 00234 80AEC694 00000000 */  nop
/* 00238 80AEC698 460A4402 */  mul.s   $f16, $f8, $f10            
/* 0023C 80AEC69C 00000000 */  nop
/* 00240 80AEC6A0 46128102 */  mul.s   $f4, $f16, $f18            
/* 00244 80AEC6A4 00000000 */  nop
/* 00248 80AEC6A8 460E2182 */  mul.s   $f6, $f4, $f14             
/* 0024C 80AEC6AC E4E60000 */  swc1    $f6, 0x0000($a3)           ## 00000000
/* 00250 80AEC6B0 C48C0018 */  lwc1    $f12, 0x0018($a0)          ## 00000018
/* 00254 80AEC6B4 E7AE0028 */  swc1    $f14, 0x0028($sp)          
/* 00258 80AEC6B8 0C2BB149 */  jal     func_80AEC524              
/* 0025C 80AEC6BC AFA40020 */  sw      $a0, 0x0020($sp)           
/* 00260 80AEC6C0 E7A0001C */  swc1    $f0, 0x001C($sp)           
/* 00264 80AEC6C4 0C2BB149 */  jal     func_80AEC524              
/* 00268 80AEC6C8 C7AC0024 */  lwc1    $f12, 0x0024($sp)          
/* 0026C 80AEC6CC C7A8001C */  lwc1    $f8, 0x001C($sp)           
/* 00270 80AEC6D0 C7AE0028 */  lwc1    $f14, 0x0028($sp)          
/* 00274 80AEC6D4 44801000 */  mtc1    $zero, $f2                 ## $f2 = 0.00
/* 00278 80AEC6D8 46004281 */  sub.s   $f10, $f8, $f0             
/* 0027C 80AEC6DC 8FA20030 */  lw      $v0, 0x0030($sp)           
/* 00280 80AEC6E0 8FA40020 */  lw      $a0, 0x0020($sp)           
/* 00284 80AEC6E4 3C0380AF */  lui     $v1, %hi(D_80AEF8F0)       ## $v1 = 80AF0000
/* 00288 80AEC6E8 460E5302 */  mul.s   $f12, $f10, $f14           
/* 0028C 80AEC6EC 2463F8F0 */  addiu   $v1, $v1, %lo(D_80AEF8F0)  ## $v1 = 80AEF8F0
/* 00290 80AEC6F0 4602603C */  c.lt.s  $f12, $f2                  
/* 00294 80AEC6F4 E44C0000 */  swc1    $f12, 0x0000($v0)          ## 00000000
/* 00298 80AEC6F8 45020012 */  bc1fl   .L80AEC744                 
/* 0029C 80AEC6FC 8FBF0014 */  lw      $ra, 0x0014($sp)           
/* 002A0 80AEC700 C4400000 */  lwc1    $f0, 0x0000($v0)           ## 00000000
/* 002A4 80AEC704 C4900014 */  lwc1    $f16, 0x0014($a0)          ## 00000014
.L80AEC708:
/* 002A8 80AEC708 4600848D */  trunc.w.s $f18, $f16                 
/* 002AC 80AEC70C 44089000 */  mfc1    $t0, $f18                  
/* 002B0 80AEC710 00000000 */  nop
/* 002B4 80AEC714 00084880 */  sll     $t1, $t0,  2               
/* 002B8 80AEC718 00695021 */  addu    $t2, $v1, $t1              
/* 002BC 80AEC71C C544FFFC */  lwc1    $f4, -0x0004($t2)          ## FFFFFFFC
/* 002C0 80AEC720 460E2182 */  mul.s   $f6, $f4, $f14             
/* 002C4 80AEC724 46060200 */  add.s   $f8, $f0, $f6              
/* 002C8 80AEC728 E4480000 */  swc1    $f8, 0x0000($v0)           ## 00000000
/* 002CC 80AEC72C C4400000 */  lwc1    $f0, 0x0000($v0)           ## 00000000
/* 002D0 80AEC730 4602003C */  c.lt.s  $f0, $f2                   
/* 002D4 80AEC734 00000000 */  nop
/* 002D8 80AEC738 4503FFF3 */  bc1tl   .L80AEC708                 
/* 002DC 80AEC73C C4900014 */  lwc1    $f16, 0x0014($a0)          ## 00000014
/* 002E0 80AEC740 8FBF0014 */  lw      $ra, 0x0014($sp)           
.L80AEC744:
/* 002E4 80AEC744 27BD0020 */  addiu   $sp, $sp, 0x0020           ## $sp = 00000000
/* 002E8 80AEC748 03E00008 */  jr      $ra                        
/* 002EC 80AEC74C 00000000 */  nop


glabel func_80AEC750
/* 002F0 80AEC750 27BDFFB8 */  addiu   $sp, $sp, 0xFFB8           ## $sp = FFFFFFB8
/* 002F4 80AEC754 AFB00028 */  sw      $s0, 0x0028($sp)           
/* 002F8 80AEC758 00808025 */  or      $s0, $a0, $zero            ## $s0 = 00000000
/* 002FC 80AEC75C AFBF002C */  sw      $ra, 0x002C($sp)           
/* 00300 80AEC760 AFA5004C */  sw      $a1, 0x004C($sp)           
/* 00304 80AEC764 8602001C */  lh      $v0, 0x001C($s0)           ## 0000001C
/* 00308 80AEC768 2605018C */  addiu   $a1, $s0, 0x018C           ## $a1 = 0000018C
/* 0030C 80AEC76C 00027903 */  sra     $t7, $v0,  4               
/* 00310 80AEC770 31F8007F */  andi    $t8, $t7, 0x007F           ## $t8 = 00000000
/* 00314 80AEC774 304E000F */  andi    $t6, $v0, 0x000F           ## $t6 = 00000000
/* 00318 80AEC778 A20E02B0 */  sb      $t6, 0x02B0($s0)           ## 000002B0
/* 0031C 80AEC77C A21802B1 */  sb      $t8, 0x02B1($s0)           ## 000002B1
/* 00320 80AEC780 AFA50034 */  sw      $a1, 0x0034($sp)           
/* 00324 80AEC784 0C038467 */  jal     func_800E119C              
/* 00328 80AEC788 8FA4004C */  lw      $a0, 0x004C($sp)           
/* 0032C 80AEC78C 8FA4004C */  lw      $a0, 0x004C($sp)           
/* 00330 80AEC790 0C02D6EC */  jal     func_800B5BB0              
/* 00334 80AEC794 820502B1 */  lb      $a1, 0x02B1($s0)           ## 000002B1
/* 00338 80AEC798 50400009 */  beql    $v0, $zero, .L80AEC7C0     
/* 0033C 80AEC79C 820202B0 */  lb      $v0, 0x02B0($s0)           ## 000002B0
/* 00340 80AEC7A0 820202B0 */  lb      $v0, 0x02B0($s0)           ## 000002B0
/* 00344 80AEC7A4 5440000E */  bnel    $v0, $zero, .L80AEC7E0     
/* 00348 80AEC7A8 24010001 */  addiu   $at, $zero, 0x0001         ## $at = 00000001
/* 0034C 80AEC7AC 0C02D9C3 */  jal     func_800B670C              
/* 00350 80AEC7B0 02002025 */  or      $a0, $s0, $zero            ## $a0 = 00000000
/* 00354 80AEC7B4 10000092 */  beq     $zero, $zero, .L80AECA00   
/* 00358 80AEC7B8 8FBF002C */  lw      $ra, 0x002C($sp)           
/* 0035C 80AEC7BC 820202B0 */  lb      $v0, 0x02B0($s0)           ## 000002B0
.L80AEC7C0:
/* 00360 80AEC7C0 24010002 */  addiu   $at, $zero, 0x0002         ## $at = 00000002
/* 00364 80AEC7C4 54410006 */  bnel    $v0, $at, .L80AEC7E0       
/* 00368 80AEC7C8 24010001 */  addiu   $at, $zero, 0x0001         ## $at = 00000001
/* 0036C 80AEC7CC 0C02D9C3 */  jal     func_800B670C              
/* 00370 80AEC7D0 02002025 */  or      $a0, $s0, $zero            ## $a0 = 00000000
/* 00374 80AEC7D4 1000008A */  beq     $zero, $zero, .L80AECA00   
/* 00378 80AEC7D8 8FBF002C */  lw      $ra, 0x002C($sp)           
/* 0037C 80AEC7DC 24010001 */  addiu   $at, $zero, 0x0001         ## $at = 00000001
.L80AEC7E0:
/* 00380 80AEC7E0 10410004 */  beq     $v0, $at, .L80AEC7F4       
/* 00384 80AEC7E4 3C0980AF */  lui     $t1, %hi(func_80AEF2C8)    ## $t1 = 80AF0000
/* 00388 80AEC7E8 24010003 */  addiu   $at, $zero, 0x0003         ## $at = 00000003
/* 0038C 80AEC7EC 14410009 */  bne     $v0, $at, .L80AEC814       
/* 00390 80AEC7F0 260400BC */  addiu   $a0, $s0, 0x00BC           ## $a0 = 000000BC
.L80AEC7F4:
/* 00394 80AEC7F4 8E190004 */  lw      $t9, 0x0004($s0)           ## 00000004
/* 00398 80AEC7F8 2401FFF6 */  addiu   $at, $zero, 0xFFF6         ## $at = FFFFFFF6
/* 0039C 80AEC7FC 2529F2C8 */  addiu   $t1, $t1, %lo(func_80AEF2C8) ## $t1 = 80AEF2C8
/* 003A0 80AEC800 03214024 */  and     $t0, $t9, $at              
/* 003A4 80AEC804 AE080004 */  sw      $t0, 0x0004($s0)           ## 00000004
/* 003A8 80AEC808 AE090138 */  sw      $t1, 0x0138($s0)           ## 00000138
/* 003AC 80AEC80C 1000007B */  beq     $zero, $zero, .L80AEC9FC   
/* 003B0 80AEC810 AE00013C */  sw      $zero, 0x013C($s0)         ## 0000013C
.L80AEC814:
/* 003B4 80AEC814 3C06800B */  lui     $a2, 0x800B                ## $a2 = 800B0000
/* 003B8 80AEC818 24C63FC0 */  addiu   $a2, $a2, 0x3FC0           ## $a2 = 800B3FC0
/* 003BC 80AEC81C 24050000 */  addiu   $a1, $zero, 0x0000         ## $a1 = 00000000
/* 003C0 80AEC820 0C02CEE9 */  jal     func_800B3BA4              
/* 003C4 80AEC824 3C0741C0 */  lui     $a3, 0x41C0                ## $a3 = 41C00000
/* 003C8 80AEC828 26050144 */  addiu   $a1, $s0, 0x0144           ## $a1 = 00000144
/* 003CC 80AEC82C 3C060601 */  lui     $a2, 0x0601                ## $a2 = 06010000
/* 003D0 80AEC830 260A01D8 */  addiu   $t2, $s0, 0x01D8           ## $t2 = 000001D8
/* 003D4 80AEC834 260B0244 */  addiu   $t3, $s0, 0x0244           ## $t3 = 00000244
/* 003D8 80AEC838 240C0012 */  addiu   $t4, $zero, 0x0012         ## $t4 = 00000012
/* 003DC 80AEC83C AFAC0018 */  sw      $t4, 0x0018($sp)           
/* 003E0 80AEC840 AFAB0014 */  sw      $t3, 0x0014($sp)           
/* 003E4 80AEC844 AFAA0010 */  sw      $t2, 0x0010($sp)           
/* 003E8 80AEC848 24C6B9E8 */  addiu   $a2, $a2, 0xB9E8           ## $a2 = 0600B9E8
/* 003EC 80AEC84C AFA50030 */  sw      $a1, 0x0030($sp)           
/* 003F0 80AEC850 8FA4004C */  lw      $a0, 0x004C($sp)           
/* 003F4 80AEC854 0C04DACC */  jal     func_80136B30              
/* 003F8 80AEC858 00003825 */  or      $a3, $zero, $zero          ## $a3 = 00000000
/* 003FC 80AEC85C 3C040600 */  lui     $a0, 0x0600                ## $a0 = 06000000
/* 00400 80AEC860 0C04D1D2 */  jal     func_80134748              
/* 00404 80AEC864 248430A4 */  addiu   $a0, $a0, 0x30A4           ## $a0 = 060030A4
/* 00408 80AEC868 44822000 */  mtc1    $v0, $f4                   ## $f4 = 0.00
/* 0040C 80AEC86C 44800000 */  mtc1    $zero, $f0                 ## $f0 = 0.00
/* 00410 80AEC870 3C050600 */  lui     $a1, 0x0600                ## $a1 = 06000000
/* 00414 80AEC874 468021A0 */  cvt.s.w $f6, $f4                   
/* 00418 80AEC878 44070000 */  mfc1    $a3, $f0                   
/* 0041C 80AEC87C 24A530A4 */  addiu   $a1, $a1, 0x30A4           ## $a1 = 060030A4
/* 00420 80AEC880 8FA40030 */  lw      $a0, 0x0030($sp)           
/* 00424 80AEC884 3C063F80 */  lui     $a2, 0x3F80                ## $a2 = 3F800000
/* 00428 80AEC888 AFA00014 */  sw      $zero, 0x0014($sp)         
/* 0042C 80AEC88C E7A60010 */  swc1    $f6, 0x0010($sp)           
/* 00430 80AEC890 0C04DCFA */  jal     func_801373E8              
/* 00434 80AEC894 E7A00018 */  swc1    $f0, 0x0018($sp)           
/* 00438 80AEC898 240DFFFF */  addiu   $t5, $zero, 0xFFFF         ## $t5 = FFFFFFFF
/* 0043C 80AEC89C 3C053C23 */  lui     $a1, 0x3C23                ## $a1 = 3C230000
/* 00440 80AEC8A0 A6000318 */  sh      $zero, 0x0318($s0)         ## 00000318
/* 00444 80AEC8A4 AE0D02D4 */  sw      $t5, 0x02D4($s0)           ## 000002D4
/* 00448 80AEC8A8 34A5D70A */  ori     $a1, $a1, 0xD70A           ## $a1 = 3C23D70A
/* 0044C 80AEC8AC 0C02D9F8 */  jal     func_800B67E0              
/* 00450 80AEC8B0 02002025 */  or      $a0, $s0, $zero            ## $a0 = 00000000
/* 00454 80AEC8B4 821802B0 */  lb      $t8, 0x02B0($s0)           ## 000002B0
/* 00458 80AEC8B8 240E0001 */  addiu   $t6, $zero, 0x0001         ## $t6 = 00000001
/* 0045C 80AEC8BC 240F00FF */  addiu   $t7, $zero, 0x00FF         ## $t7 = 000000FF
/* 00460 80AEC8C0 24010002 */  addiu   $at, $zero, 0x0002         ## $at = 00000002
/* 00464 80AEC8C4 A20E001F */  sb      $t6, 0x001F($s0)           ## 0000001F
/* 00468 80AEC8C8 1701000A */  bne     $t8, $at, .L80AEC8F4       
/* 0046C 80AEC8CC A20F00B6 */  sb      $t7, 0x00B6($s0)           ## 000000B6
/* 00470 80AEC8D0 3C1980AF */  lui     $t9, %hi(func_80AEF5F4)    ## $t9 = 80AF0000
/* 00474 80AEC8D4 2739F5F4 */  addiu   $t9, $t9, %lo(func_80AEF5F4) ## $t9 = 80AEF5F4
/* 00478 80AEC8D8 A6000316 */  sh      $zero, 0x0316($s0)         ## 00000316
/* 0047C 80AEC8DC AE190138 */  sw      $t9, 0x0138($s0)           ## 00000138
/* 00480 80AEC8E0 8FA5004C */  lw      $a1, 0x004C($sp)           
/* 00484 80AEC8E4 0C2BB28F */  jal     func_80AECA3C              
/* 00488 80AEC8E8 02002025 */  or      $a0, $s0, $zero            ## $a0 = 00000000
/* 0048C 80AEC8EC 10000044 */  beq     $zero, $zero, .L80AECA00   
/* 00490 80AEC8F0 8FBF002C */  lw      $ra, 0x002C($sp)           
.L80AEC8F4:
/* 00494 80AEC8F4 3C0780AF */  lui     $a3, %hi(D_80AEF830)       ## $a3 = 80AF0000
/* 00498 80AEC8F8 24E7F830 */  addiu   $a3, $a3, %lo(D_80AEF830)  ## $a3 = 80AEF830
/* 0049C 80AEC8FC 8FA4004C */  lw      $a0, 0x004C($sp)           
/* 004A0 80AEC900 8FA50034 */  lw      $a1, 0x0034($sp)           
/* 004A4 80AEC904 0C0384C3 */  jal     func_800E130C              
/* 004A8 80AEC908 02003025 */  or      $a2, $s0, $zero            ## $a2 = 00000000
/* 004AC 80AEC90C 86080092 */  lh      $t0, 0x0092($s0)           ## 00000092
/* 004B0 80AEC910 8E0A0004 */  lw      $t2, 0x0004($s0)           ## 00000004
/* 004B4 80AEC914 3C01BF80 */  lui     $at, 0xBF80                ## $at = BF800000
/* 004B8 80AEC918 A6080032 */  sh      $t0, 0x0032($s0)           ## 00000032
/* 004BC 80AEC91C 44814000 */  mtc1    $at, $f8                   ## $f8 = -1.00
/* 004C0 80AEC920 86090032 */  lh      $t1, 0x0032($s0)           ## 00000032
/* 004C4 80AEC924 354B0010 */  ori     $t3, $t2, 0x0010           ## $t3 = 00000010
/* 004C8 80AEC928 AE0B0004 */  sw      $t3, 0x0004($s0)           ## 00000004
/* 004CC 80AEC92C 3C0580AF */  lui     $a1, %hi(D_80AEF868)       ## $a1 = 80AF0000
/* 004D0 80AEC930 E6080074 */  swc1    $f8, 0x0074($s0)           ## 00000074
/* 004D4 80AEC934 A60900BE */  sh      $t1, 0x00BE($s0)           ## 000000BE
/* 004D8 80AEC938 8FA40030 */  lw      $a0, 0x0030($sp)           
/* 004DC 80AEC93C 24A5F868 */  addiu   $a1, $a1, %lo(D_80AEF868)  ## $a1 = 80AEF868
/* 004E0 80AEC940 00003025 */  or      $a2, $zero, $zero          ## $a2 = 00000000
/* 004E4 80AEC944 0C04F872 */  jal     func_8013E1C8              
/* 004E8 80AEC948 260702D4 */  addiu   $a3, $s0, 0x02D4           ## $a3 = 000002D4
/* 004EC 80AEC94C 02002025 */  or      $a0, $s0, $zero            ## $a0 = 00000000
/* 004F0 80AEC950 26050312 */  addiu   $a1, $s0, 0x0312           ## $a1 = 00000312
/* 004F4 80AEC954 0C04F8EE */  jal     func_8013E3B8              
/* 004F8 80AEC958 24060002 */  addiu   $a2, $zero, 0x0002         ## $a2 = 00000002
/* 004FC 80AEC95C 820302B0 */  lb      $v1, 0x02B0($s0)           ## 000002B0
/* 00500 80AEC960 24010004 */  addiu   $at, $zero, 0x0004         ## $at = 00000004
/* 00504 80AEC964 2418FFFF */  addiu   $t8, $zero, 0xFFFF         ## $t8 = FFFFFFFF
/* 00508 80AEC968 1060001B */  beq     $v1, $zero, .L80AEC9D8     
/* 0050C 80AEC96C 02002025 */  or      $a0, $s0, $zero            ## $a0 = 00000000
/* 00510 80AEC970 14610020 */  bne     $v1, $at, .L80AEC9F4       
/* 00514 80AEC974 3C0280AF */  lui     $v0, %hi(D_80AF0050)       ## $v0 = 80AF0000
/* 00518 80AEC978 24420050 */  addiu   $v0, $v0, %lo(D_80AF0050)  ## $v0 = 80AF0050
/* 0051C 80AEC97C 8C4C0000 */  lw      $t4, 0x0000($v0)           ## 80AF0050
/* 00520 80AEC980 240D0001 */  addiu   $t5, $zero, 0x0001         ## $t5 = 00000001
/* 00524 80AEC984 240EFFFF */  addiu   $t6, $zero, 0xFFFF         ## $t6 = FFFFFFFF
/* 00528 80AEC988 11800005 */  beq     $t4, $zero, .L80AEC9A0     
/* 0052C 80AEC98C 3C0F80AF */  lui     $t7, %hi(func_80AEF2D8)    ## $t7 = 80AF0000
/* 00530 80AEC990 0C02D9C3 */  jal     func_800B670C              
/* 00534 80AEC994 02002025 */  or      $a0, $s0, $zero            ## $a0 = 00000000
/* 00538 80AEC998 10000019 */  beq     $zero, $zero, .L80AECA00   
/* 0053C 80AEC99C 8FBF002C */  lw      $ra, 0x002C($sp)           
.L80AEC9A0:
/* 00540 80AEC9A0 44805000 */  mtc1    $zero, $f10                ## $f10 = 0.00
/* 00544 80AEC9A4 AC4D0000 */  sw      $t5, 0x0000($v0)           ## 00000000
/* 00548 80AEC9A8 25EFF2D8 */  addiu   $t7, $t7, %lo(func_80AEF2D8) ## $t7 = FFFFF2D8
/* 0054C 80AEC9AC A20E0003 */  sb      $t6, 0x0003($s0)           ## 00000003
/* 00550 80AEC9B0 AE0F0138 */  sw      $t7, 0x0138($s0)           ## 00000138
/* 00554 80AEC9B4 E60A02D8 */  swc1    $f10, 0x02D8($s0)          ## 000002D8
/* 00558 80AEC9B8 8FA5004C */  lw      $a1, 0x004C($sp)           
/* 0055C 80AEC9BC 0C2BB2C3 */  jal     func_80AECB0C              
/* 00560 80AEC9C0 02002025 */  or      $a0, $s0, $zero            ## $a0 = 00000000
/* 00564 80AEC9C4 02002025 */  or      $a0, $s0, $zero            ## $a0 = 00000000
/* 00568 80AEC9C8 0C2BBCB6 */  jal     func_80AEF2D8              
/* 0056C 80AEC9CC 8FA5004C */  lw      $a1, 0x004C($sp)           
/* 00570 80AEC9D0 1000000B */  beq     $zero, $zero, .L80AECA00   
/* 00574 80AEC9D4 8FBF002C */  lw      $ra, 0x002C($sp)           
.L80AEC9D8:
/* 00578 80AEC9D8 AE1802D0 */  sw      $t8, 0x02D0($s0)           ## 000002D0
/* 0057C 80AEC9DC A6000310 */  sh      $zero, 0x0310($s0)         ## 00000310
/* 00580 80AEC9E0 A60002E4 */  sh      $zero, 0x02E4($s0)         ## 000002E4
/* 00584 80AEC9E4 0C2BB626 */  jal     func_80AED898              
/* 00588 80AEC9E8 8FA5004C */  lw      $a1, 0x004C($sp)           
/* 0058C 80AEC9EC 10000004 */  beq     $zero, $zero, .L80AECA00   
/* 00590 80AEC9F0 8FBF002C */  lw      $ra, 0x002C($sp)           
.L80AEC9F4:
/* 00594 80AEC9F4 0C02D9C3 */  jal     func_800B670C              
/* 00598 80AEC9F8 02002025 */  or      $a0, $s0, $zero            ## $a0 = 00000000
.L80AEC9FC:
/* 0059C 80AEC9FC 8FBF002C */  lw      $ra, 0x002C($sp)           
.L80AECA00:
/* 005A0 80AECA00 8FB00028 */  lw      $s0, 0x0028($sp)           
/* 005A4 80AECA04 27BD0048 */  addiu   $sp, $sp, 0x0048           ## $sp = 00000000
/* 005A8 80AECA08 03E00008 */  jr      $ra                        
/* 005AC 80AECA0C 00000000 */  nop


glabel func_80AECA10
/* 005B0 80AECA10 27BDFFE8 */  addiu   $sp, $sp, 0xFFE8           ## $sp = FFFFFFE8
/* 005B4 80AECA14 AFBF0014 */  sw      $ra, 0x0014($sp)           
/* 005B8 80AECA18 00803025 */  or      $a2, $a0, $zero            ## $a2 = 00000000
/* 005BC 80AECA1C 00A03825 */  or      $a3, $a1, $zero            ## $a3 = 00000000
/* 005C0 80AECA20 00E02025 */  or      $a0, $a3, $zero            ## $a0 = 00000000
/* 005C4 80AECA24 0C03847B */  jal     func_800E11EC              
/* 005C8 80AECA28 24C5018C */  addiu   $a1, $a2, 0x018C           ## $a1 = 0000018C
/* 005CC 80AECA2C 8FBF0014 */  lw      $ra, 0x0014($sp)           
/* 005D0 80AECA30 27BD0018 */  addiu   $sp, $sp, 0x0018           ## $sp = 00000000
/* 005D4 80AECA34 03E00008 */  jr      $ra                        
/* 005D8 80AECA38 00000000 */  nop


glabel func_80AECA3C
/* 005DC 80AECA3C 27BDFFE8 */  addiu   $sp, $sp, 0xFFE8           ## $sp = FFFFFFE8
/* 005E0 80AECA40 AFBF0014 */  sw      $ra, 0x0014($sp)           
/* 005E4 80AECA44 AFA40018 */  sw      $a0, 0x0018($sp)           
/* 005E8 80AECA48 AFA5001C */  sw      $a1, 0x001C($sp)           
/* 005EC 80AECA4C 8FAE0018 */  lw      $t6, 0x0018($sp)           
/* 005F0 80AECA50 3C0580AF */  lui     $a1, %hi(D_80AEF868)       ## $a1 = 80AF0000
/* 005F4 80AECA54 24A5F868 */  addiu   $a1, $a1, %lo(D_80AEF868)  ## $a1 = 80AEF868
/* 005F8 80AECA58 A5C00316 */  sh      $zero, 0x0316($t6)         ## 00000316
/* 005FC 80AECA5C 8FAF0018 */  lw      $t7, 0x0018($sp)           
/* 00600 80AECA60 24060002 */  addiu   $a2, $zero, 0x0002         ## $a2 = 00000002
/* 00604 80AECA64 25E40144 */  addiu   $a0, $t7, 0x0144           ## $a0 = 00000144
/* 00608 80AECA68 0C04F872 */  jal     func_8013E1C8              
/* 0060C 80AECA6C 25E702D4 */  addiu   $a3, $t7, 0x02D4           ## $a3 = 000002D4
/* 00610 80AECA70 8FB90018 */  lw      $t9, 0x0018($sp)           
/* 00614 80AECA74 3C1880AF */  lui     $t8, %hi(func_80AECA90)    ## $t8 = 80AF0000
/* 00618 80AECA78 2718CA90 */  addiu   $t8, $t8, %lo(func_80AECA90) ## $t8 = 80AECA90
/* 0061C 80AECA7C AF380188 */  sw      $t8, 0x0188($t9)           ## 00000188
/* 00620 80AECA80 8FBF0014 */  lw      $ra, 0x0014($sp)           
/* 00624 80AECA84 27BD0018 */  addiu   $sp, $sp, 0x0018           ## $sp = 00000000
/* 00628 80AECA88 03E00008 */  jr      $ra                        
/* 0062C 80AECA8C 00000000 */  nop


glabel func_80AECA90
/* 00630 80AECA90 27BDFFE8 */  addiu   $sp, $sp, 0xFFE8           ## $sp = FFFFFFE8
/* 00634 80AECA94 AFBF0014 */  sw      $ra, 0x0014($sp)           
/* 00638 80AECA98 AFA40018 */  sw      $a0, 0x0018($sp)           
/* 0063C 80AECA9C 0C02E134 */  jal     func_800B84D0              
/* 00640 80AECAA0 AFA5001C */  sw      $a1, 0x001C($sp)           
/* 00644 80AECAA4 8FA40018 */  lw      $a0, 0x0018($sp)           
/* 00648 80AECAA8 1040000A */  beq     $v0, $zero, .L80AECAD4     
/* 0064C 80AECAAC 8FA5001C */  lw      $a1, 0x001C($sp)           
/* 00650 80AECAB0 3C010001 */  lui     $at, 0x0001                ## $at = 00010000
/* 00654 80AECAB4 00250821 */  addu    $at, $at, $a1              
/* 00658 80AECAB8 A020682A */  sb      $zero, 0x682A($at)         ## 0001682A
/* 0065C 80AECABC 3C010001 */  lui     $at, 0x0001                ## $at = 00010000
/* 00660 80AECAC0 00250821 */  addu    $at, $at, $a1              
/* 00664 80AECAC4 0C2BB784 */  jal     func_80AEDE10              
/* 00668 80AECAC8 AC206818 */  sw      $zero, 0x6818($at)         ## 00016818
/* 0066C 80AECACC 1000000C */  beq     $zero, $zero, .L80AECB00   
/* 00670 80AECAD0 8FBF0014 */  lw      $ra, 0x0014($sp)           
.L80AECAD4:
/* 00674 80AECAD4 3C0142C8 */  lui     $at, 0x42C8                ## $at = 42C80000
/* 00678 80AECAD8 44810000 */  mtc1    $at, $f0                   ## $f0 = 100.00
/* 0067C 80AECADC C4840098 */  lwc1    $f4, 0x0098($a0)           ## 00000098
/* 00680 80AECAE0 4600203C */  c.lt.s  $f4, $f0                   
/* 00684 80AECAE4 00000000 */  nop
/* 00688 80AECAE8 45020005 */  bc1fl   .L80AECB00                 
/* 0068C 80AECAEC 8FBF0014 */  lw      $ra, 0x0014($sp)           
/* 00690 80AECAF0 44060000 */  mfc1    $a2, $f0                   
/* 00694 80AECAF4 0C02E185 */  jal     func_800B8614              
/* 00698 80AECAF8 00000000 */  nop
/* 0069C 80AECAFC 8FBF0014 */  lw      $ra, 0x0014($sp)           
.L80AECB00:
/* 006A0 80AECB00 27BD0018 */  addiu   $sp, $sp, 0x0018           ## $sp = 00000000
/* 006A4 80AECB04 03E00008 */  jr      $ra                        
/* 006A8 80AECB08 00000000 */  nop


glabel func_80AECB0C
/* 006AC 80AECB0C 27BDFFE0 */  addiu   $sp, $sp, 0xFFE0           ## $sp = FFFFFFE0
/* 006B0 80AECB10 AFB00018 */  sw      $s0, 0x0018($sp)           
/* 006B4 80AECB14 44800000 */  mtc1    $zero, $f0                 ## $f0 = 0.00
/* 006B8 80AECB18 00808025 */  or      $s0, $a0, $zero            ## $s0 = 00000000
/* 006BC 80AECB1C AFBF001C */  sw      $ra, 0x001C($sp)           
/* 006C0 80AECB20 AFA50024 */  sw      $a1, 0x0024($sp)           
/* 006C4 80AECB24 240E00FF */  addiu   $t6, $zero, 0x00FF         ## $t6 = 000000FF
/* 006C8 80AECB28 3C0580AF */  lui     $a1, %hi(D_80AEF868)       ## $a1 = 80AF0000
/* 006CC 80AECB2C E6000070 */  swc1    $f0, 0x0070($s0)           ## 00000070
/* 006D0 80AECB30 A20E03CC */  sb      $t6, 0x03CC($s0)           ## 000003CC
/* 006D4 80AECB34 E60002DC */  swc1    $f0, 0x02DC($s0)           ## 000002DC
/* 006D8 80AECB38 24A5F868 */  addiu   $a1, $a1, %lo(D_80AEF868)  ## $a1 = 80AEF868
/* 006DC 80AECB3C 26040144 */  addiu   $a0, $s0, 0x0144           ## $a0 = 00000144
/* 006E0 80AECB40 00003025 */  or      $a2, $zero, $zero          ## $a2 = 00000000
/* 006E4 80AECB44 0C04F872 */  jal     func_8013E1C8              
/* 006E8 80AECB48 260702D4 */  addiu   $a3, $s0, 0x02D4           ## $a3 = 000002D4
/* 006EC 80AECB4C 3C0F80AF */  lui     $t7, %hi(func_80AECB6C)    ## $t7 = 80AF0000
/* 006F0 80AECB50 25EFCB6C */  addiu   $t7, $t7, %lo(func_80AECB6C) ## $t7 = 80AECB6C
/* 006F4 80AECB54 AE0F0188 */  sw      $t7, 0x0188($s0)           ## 00000188
/* 006F8 80AECB58 8FBF001C */  lw      $ra, 0x001C($sp)           
/* 006FC 80AECB5C 8FB00018 */  lw      $s0, 0x0018($sp)           
/* 00700 80AECB60 27BD0020 */  addiu   $sp, $sp, 0x0020           ## $sp = 00000000
/* 00704 80AECB64 03E00008 */  jr      $ra                        
/* 00708 80AECB68 00000000 */  nop


glabel func_80AECB6C
/* 0070C 80AECB6C 27BDFFA8 */  addiu   $sp, $sp, 0xFFA8           ## $sp = FFFFFFA8
/* 00710 80AECB70 AFB00020 */  sw      $s0, 0x0020($sp)           
/* 00714 80AECB74 00808025 */  or      $s0, $a0, $zero            ## $s0 = 00000000
/* 00718 80AECB78 AFBF0024 */  sw      $ra, 0x0024($sp)           
/* 0071C 80AECB7C AFA5005C */  sw      $a1, 0x005C($sp)           
/* 00720 80AECB80 A6000116 */  sh      $zero, 0x0116($s0)         ## 00000116
/* 00724 80AECB84 8FA5005C */  lw      $a1, 0x005C($sp)           
/* 00728 80AECB88 0C02E134 */  jal     func_800B84D0              
/* 0072C 80AECB8C 02002025 */  or      $a0, $s0, $zero            ## $a0 = 00000000
/* 00730 80AECB90 1040000C */  beq     $v0, $zero, .L80AECBC4     
/* 00734 80AECB94 3C0E801F */  lui     $t6, 0x801F                ## $t6 = 801F0000
/* 00738 80AECB98 8FA5005C */  lw      $a1, 0x005C($sp)           
/* 0073C 80AECB9C 3C010001 */  lui     $at, 0x0001                ## $at = 00010000
/* 00740 80AECBA0 02002025 */  or      $a0, $s0, $zero            ## $a0 = 00000000
/* 00744 80AECBA4 00250821 */  addu    $at, $at, $a1              
/* 00748 80AECBA8 A020682A */  sb      $zero, 0x682A($at)         ## 0001682A
/* 0074C 80AECBAC 3C010001 */  lui     $at, 0x0001                ## $at = 00010000
/* 00750 80AECBB0 00250821 */  addu    $at, $at, $a1              
/* 00754 80AECBB4 0C2BB53E */  jal     func_80AED4F8              
/* 00758 80AECBB8 AC206818 */  sw      $zero, 0x6818($at)         ## 00016818
/* 0075C 80AECBBC 1000008F */  beq     $zero, $zero, .L80AECDFC   
/* 00760 80AECBC0 8FBF0024 */  lw      $ra, 0x0024($sp)           
.L80AECBC4:
/* 00764 80AECBC4 8DCE3F60 */  lw      $t6, 0x3F60($t6)           ## 00003F60
/* 00768 80AECBC8 44800000 */  mtc1    $zero, $f0                 ## $f0 = 0.00
/* 0076C 80AECBCC 85CF0032 */  lh      $t7, 0x0032($t6)           ## 00000032
/* 00770 80AECBD0 448F2000 */  mtc1    $t7, $f4                   ## $f4 = 0.00
/* 00774 80AECBD4 00000000 */  nop
/* 00778 80AECBD8 468021A0 */  cvt.s.w $f6, $f4                   
/* 0077C 80AECBDC 46060032 */  c.eq.s  $f0, $f6                   
/* 00780 80AECBE0 00000000 */  nop
/* 00784 80AECBE4 45030014 */  bc1tl   .L80AECC38                 
/* 00788 80AECBE8 E6000160 */  swc1    $f0, 0x0160($s0)           ## 00000160
/* 0078C 80AECBEC 0C03F988 */  jal     func_800FE620              
/* 00790 80AECBF0 8FA4005C */  lw      $a0, 0x005C($sp)           
/* 00794 80AECBF4 44824000 */  mtc1    $v0, $f8                   ## $f8 = 0.00
/* 00798 80AECBF8 3C18801F */  lui     $t8, 0x801F                ## $t8 = 801F0000
/* 0079C 80AECBFC 04410005 */  bgez    $v0, .L80AECC14            
/* 007A0 80AECC00 468042A0 */  cvt.s.w $f10, $f8                  
/* 007A4 80AECC04 3C014F80 */  lui     $at, 0x4F80                ## $at = 4F800000
/* 007A8 80AECC08 44818000 */  mtc1    $at, $f16                  ## $f16 = 4294967296.00
/* 007AC 80AECC0C 00000000 */  nop
/* 007B0 80AECC10 46105280 */  add.s   $f10, $f10, $f16           
.L80AECC14:
/* 007B4 80AECC14 8F183F60 */  lw      $t8, 0x3F60($t8)           ## 801F3F60
/* 007B8 80AECC18 87190032 */  lh      $t9, 0x0032($t8)           ## 801F0032
/* 007BC 80AECC1C 44999000 */  mtc1    $t9, $f18                  ## $f18 = 0.00
/* 007C0 80AECC20 00000000 */  nop
/* 007C4 80AECC24 46809120 */  cvt.s.w $f4, $f18                  
/* 007C8 80AECC28 46045183 */  div.s   $f6, $f10, $f4             
/* 007CC 80AECC2C 10000002 */  beq     $zero, $zero, .L80AECC38   
/* 007D0 80AECC30 E6060160 */  swc1    $f6, 0x0160($s0)           ## 00000160
/* 007D4 80AECC34 E6000160 */  swc1    $f0, 0x0160($s0)           ## 00000160
.L80AECC38:
/* 007D8 80AECC38 960802CA */  lhu     $t0, 0x02CA($s0)           ## 000002CA
/* 007DC 80AECC3C 26040144 */  addiu   $a0, $s0, 0x0144           ## $a0 = 00000144
/* 007E0 80AECC40 3C063F80 */  lui     $a2, 0x3F80                ## $a2 = 3F800000
/* 007E4 80AECC44 31090010 */  andi    $t1, $t0, 0x0010           ## $t1 = 00000000
/* 007E8 80AECC48 1120000E */  beq     $t1, $zero, .L80AECC84     
/* 007EC 80AECC4C 27A70048 */  addiu   $a3, $sp, 0x0048           ## $a3 = FFFFFFF0
/* 007F0 80AECC50 3C0580AF */  lui     $a1, %hi(D_80AEF868)       ## $a1 = 80AF0000
/* 007F4 80AECC54 24A5F868 */  addiu   $a1, $a1, %lo(D_80AEF868)  ## $a1 = 80AEF868
/* 007F8 80AECC58 26040144 */  addiu   $a0, $s0, 0x0144           ## $a0 = 00000144
/* 007FC 80AECC5C 24060005 */  addiu   $a2, $zero, 0x0005         ## $a2 = 00000005
/* 00800 80AECC60 0C04F872 */  jal     func_8013E1C8              
/* 00804 80AECC64 260702D4 */  addiu   $a3, $s0, 0x02D4           ## $a3 = 000002D4
/* 00808 80AECC68 3C013F80 */  lui     $at, 0x3F80                ## $at = 3F800000
/* 0080C 80AECC6C 44814000 */  mtc1    $at, $f8                   ## $f8 = 1.00
/* 00810 80AECC70 3C0141B0 */  lui     $at, 0x41B0                ## $at = 41B00000
/* 00814 80AECC74 44818000 */  mtc1    $at, $f16                  ## $f16 = 22.00
/* 00818 80AECC78 E7A80048 */  swc1    $f8, 0x0048($sp)           
/* 0081C 80AECC7C 10000005 */  beq     $zero, $zero, .L80AECC94   
/* 00820 80AECC80 E7B00044 */  swc1    $f16, 0x0044($sp)          
.L80AECC84:
/* 00824 80AECC84 8E050320 */  lw      $a1, 0x0320($s0)           ## 00000320
/* 00828 80AECC88 27AA0044 */  addiu   $t2, $sp, 0x0044           ## $t2 = FFFFFFEC
/* 0082C 80AECC8C 0C2BB196 */  jal     func_80AEC658              
/* 00830 80AECC90 AFAA0010 */  sw      $t2, 0x0010($sp)           
.L80AECC94:
/* 00834 80AECC94 3C0B801F */  lui     $t3, 0x801F                ## $t3 = 801F0000
/* 00838 80AECC98 8D6B3F60 */  lw      $t3, 0x3F60($t3)           ## 801F3F60
/* 0083C 80AECC9C C7A40044 */  lwc1    $f4, 0x0044($sp)           
/* 00840 80AECCA0 C60802DC */  lwc1    $f8, 0x02DC($s0)           ## 000002DC
/* 00844 80AECCA4 856C0032 */  lh      $t4, 0x0032($t3)           ## 801F0032
/* 00848 80AECCA8 3C19801F */  lui     $t9, 0x801F                ## $t9 = 801F0000
/* 0084C 80AECCAC 8E1802E0 */  lw      $t8, 0x02E0($s0)           ## 000002E0
/* 00850 80AECCB0 448C9000 */  mtc1    $t4, $f18                  ## $f18 = 0.00
/* 00854 80AECCB4 3C0580AF */  lui     $a1, %hi(D_80AEF800)       ## $a1 = 80AF0000
/* 00858 80AECCB8 24A5F800 */  addiu   $a1, $a1, %lo(D_80AEF800)  ## $a1 = 80AEF800
/* 0085C 80AECCBC 468092A0 */  cvt.s.w $f10, $f18                 
/* 00860 80AECCC0 27A60034 */  addiu   $a2, $sp, 0x0034           ## $a2 = FFFFFFDC
/* 00864 80AECCC4 46045002 */  mul.s   $f0, $f10, $f4             
/* 00868 80AECCC8 4600018D */  trunc.w.s $f6, $f0                   
/* 0086C 80AECCCC 44023000 */  mfc1    $v0, $f6                   
/* 00870 80AECCD0 00000000 */  nop
/* 00874 80AECCD4 44828000 */  mtc1    $v0, $f16                  ## $f16 = 0.00
/* 00878 80AECCD8 00000000 */  nop
/* 0087C 80AECCDC 468084A0 */  cvt.s.w $f18, $f16                 
/* 00880 80AECCE0 46120281 */  sub.s   $f10, $f0, $f18            
/* 00884 80AECCE4 460A4100 */  add.s   $f4, $f8, $f10             
/* 00888 80AECCE8 E60402DC */  swc1    $f4, 0x02DC($s0)           ## 000002DC
/* 0088C 80AECCEC C60202DC */  lwc1    $f2, 0x02DC($s0)           ## 000002DC
/* 00890 80AECCF0 4600118D */  trunc.w.s $f6, $f2                   
/* 00894 80AECCF4 44033000 */  mfc1    $v1, $f6                   
/* 00898 80AECCF8 00000000 */  nop
/* 0089C 80AECCFC 44838000 */  mtc1    $v1, $f16                  ## $f16 = 0.00
/* 008A0 80AECD00 00437821 */  addu    $t7, $v0, $v1              
/* 008A4 80AECD04 AE0F03D0 */  sw      $t7, 0x03D0($s0)           ## 000003D0
/* 008A8 80AECD08 468084A0 */  cvt.s.w $f18, $f16                 
/* 008AC 80AECD0C 46121201 */  sub.s   $f8, $f2, $f18             
/* 008B0 80AECD10 E60802DC */  swc1    $f8, 0x02DC($s0)           ## 000002DC
/* 008B4 80AECD14 8F393F60 */  lw      $t9, 0x3F60($t9)           ## 801F3F60
/* 008B8 80AECD18 87280032 */  lh      $t0, 0x0032($t9)           ## 801F0032
/* 008BC 80AECD1C 03084821 */  addu    $t1, $t8, $t0              
/* 008C0 80AECD20 AE0902E0 */  sw      $t1, 0x02E0($s0)           ## 000002E0
/* 008C4 80AECD24 0C04CC0E */  jal     func_80133038              
/* 008C8 80AECD28 8FA4005C */  lw      $a0, 0x005C($sp)           
/* 008CC 80AECD2C 1040000C */  beq     $v0, $zero, .L80AECD60     
/* 008D0 80AECD30 93AA0034 */  lbu     $t2, 0x0034($sp)           
/* 008D4 80AECD34 920B03CC */  lbu     $t3, 0x03CC($s0)           ## 000003CC
/* 008D8 80AECD38 02002025 */  or      $a0, $s0, $zero            ## $a0 = 00000000
/* 008DC 80AECD3C 8FA5005C */  lw      $a1, 0x005C($sp)           
/* 008E0 80AECD40 114B0005 */  beq     $t2, $t3, .L80AECD58       
/* 008E4 80AECD44 00000000 */  nop
/* 008E8 80AECD48 0C2BB4D5 */  jal     func_80AED354              
/* 008EC 80AECD4C 27A60034 */  addiu   $a2, $sp, 0x0034           ## $a2 = FFFFFFDC
/* 008F0 80AECD50 5040002A */  beql    $v0, $zero, .L80AECDFC     
/* 008F4 80AECD54 8FBF0024 */  lw      $ra, 0x0024($sp)           
.L80AECD58:
/* 008F8 80AECD58 10000003 */  beq     $zero, $zero, .L80AECD68   
/* 008FC 80AECD5C 93A20034 */  lbu     $v0, 0x0034($sp)           
.L80AECD60:
/* 00900 80AECD60 A3A00034 */  sb      $zero, 0x0034($sp)         
/* 00904 80AECD64 00001025 */  or      $v0, $zero, $zero          ## $v0 = 00000000
.L80AECD68:
/* 00908 80AECD68 1440000A */  bne     $v0, $zero, .L80AECD94     
/* 0090C 80AECD6C 00000000 */  nop
/* 00910 80AECD70 920C03CC */  lbu     $t4, 0x03CC($s0)           ## 000003CC
/* 00914 80AECD74 11800007 */  beq     $t4, $zero, .L80AECD94     
/* 00918 80AECD78 00000000 */  nop
/* 0091C 80AECD7C 8E0D0004 */  lw      $t5, 0x0004($s0)           ## 00000004
/* 00920 80AECD80 2401FFFE */  addiu   $at, $zero, 0xFFFE         ## $at = FFFFFFFE
/* 00924 80AECD84 AE00013C */  sw      $zero, 0x013C($s0)         ## 0000013C
/* 00928 80AECD88 01A17024 */  and     $t6, $t5, $at              
/* 0092C 80AECD8C 1000000C */  beq     $zero, $zero, .L80AECDC0   
/* 00930 80AECD90 AE0E0004 */  sw      $t6, 0x0004($s0)           ## 00000004
.L80AECD94:
/* 00934 80AECD94 5040000B */  beql    $v0, $zero, .L80AECDC4     
/* 00938 80AECD98 93A90034 */  lbu     $t1, 0x0034($sp)           
/* 0093C 80AECD9C 920F03CC */  lbu     $t7, 0x03CC($s0)           ## 000003CC
/* 00940 80AECDA0 3C0880AF */  lui     $t0, %hi(func_80AEF734)    ## $t0 = 80AF0000
/* 00944 80AECDA4 55E00007 */  bnel    $t7, $zero, .L80AECDC4     
/* 00948 80AECDA8 93A90034 */  lbu     $t1, 0x0034($sp)           
/* 0094C 80AECDAC 8E190004 */  lw      $t9, 0x0004($s0)           ## 00000004
/* 00950 80AECDB0 2508F734 */  addiu   $t0, $t0, %lo(func_80AEF734) ## $t0 = 80AEF734
/* 00954 80AECDB4 AE08013C */  sw      $t0, 0x013C($s0)           ## 0000013C
/* 00958 80AECDB8 37380001 */  ori     $t8, $t9, 0x0001           ## $t8 = 00000001
/* 0095C 80AECDBC AE180004 */  sw      $t8, 0x0004($s0)           ## 00000004
.L80AECDC0:
/* 00960 80AECDC0 93A90034 */  lbu     $t1, 0x0034($sp)           
.L80AECDC4:
/* 00964 80AECDC4 02002025 */  or      $a0, $s0, $zero            ## $a0 = 00000000
/* 00968 80AECDC8 A20903CC */  sb      $t1, 0x03CC($s0)           ## 000003CC
/* 0096C 80AECDCC 0C2BB383 */  jal     func_80AECE0C              
/* 00970 80AECDD0 8FA5005C */  lw      $a1, 0x005C($sp)           
/* 00974 80AECDD4 960A03CE */  lhu     $t2, 0x03CE($s0)           ## 000003CE
/* 00978 80AECDD8 314B0008 */  andi    $t3, $t2, 0x0008           ## $t3 = 00000000
/* 0097C 80AECDDC 51600007 */  beql    $t3, $zero, .L80AECDFC     
/* 00980 80AECDE0 8FBF0024 */  lw      $ra, 0x0024($sp)           
/* 00984 80AECDE4 8E0C0004 */  lw      $t4, 0x0004($s0)           ## 00000004
/* 00988 80AECDE8 2401FFFE */  addiu   $at, $zero, 0xFFFE         ## $at = FFFFFFFE
/* 0098C 80AECDEC AE00013C */  sw      $zero, 0x013C($s0)         ## 0000013C
/* 00990 80AECDF0 01816824 */  and     $t5, $t4, $at              
/* 00994 80AECDF4 AE0D0004 */  sw      $t5, 0x0004($s0)           ## 00000004
/* 00998 80AECDF8 8FBF0024 */  lw      $ra, 0x0024($sp)           
.L80AECDFC:
/* 0099C 80AECDFC 8FB00020 */  lw      $s0, 0x0020($sp)           
/* 009A0 80AECE00 27BD0058 */  addiu   $sp, $sp, 0x0058           ## $sp = 00000000
/* 009A4 80AECE04 03E00008 */  jr      $ra                        
/* 009A8 80AECE08 00000000 */  nop


glabel func_80AECE0C
/* 009AC 80AECE0C 27BDFFE0 */  addiu   $sp, $sp, 0xFFE0           ## $sp = FFFFFFE0
/* 009B0 80AECE10 AFBF001C */  sw      $ra, 0x001C($sp)           
/* 009B4 80AECE14 AFA40020 */  sw      $a0, 0x0020($sp)           
/* 009B8 80AECE18 8FAE0020 */  lw      $t6, 0x0020($sp)           
/* 009BC 80AECE1C 91CF03CC */  lbu     $t7, 0x03CC($t6)           ## 000003CC
/* 009C0 80AECE20 51E00004 */  beql    $t7, $zero, .L80AECE34     
/* 009C4 80AECE24 8FB80020 */  lw      $t8, 0x0020($sp)           
/* 009C8 80AECE28 0C2BB398 */  jal     func_80AECE60              
/* 009CC 80AECE2C 8FA40020 */  lw      $a0, 0x0020($sp)           
/* 009D0 80AECE30 8FB80020 */  lw      $t8, 0x0020($sp)           
.L80AECE34:
/* 009D4 80AECE34 241900B6 */  addiu   $t9, $zero, 0x00B6         ## $t9 = 000000B6
/* 009D8 80AECE38 24060004 */  addiu   $a2, $zero, 0x0004         ## $a2 = 00000004
/* 009DC 80AECE3C 87050032 */  lh      $a1, 0x0032($t8)           ## 00000032
/* 009E0 80AECE40 AFB90010 */  sw      $t9, 0x0010($sp)           
/* 009E4 80AECE44 24071555 */  addiu   $a3, $zero, 0x1555         ## $a3 = 00001555
/* 009E8 80AECE48 0C03FFAF */  jal     func_800FFEBC              
/* 009EC 80AECE4C 270400BE */  addiu   $a0, $t8, 0x00BE           ## $a0 = 000000BE
/* 009F0 80AECE50 8FBF001C */  lw      $ra, 0x001C($sp)           
/* 009F4 80AECE54 27BD0020 */  addiu   $sp, $sp, 0x0020           ## $sp = 00000000
/* 009F8 80AECE58 03E00008 */  jr      $ra                        
/* 009FC 80AECE5C 00000000 */  nop


glabel func_80AECE60
/* 00A00 80AECE60 27BDFB38 */  addiu   $sp, $sp, 0xFB38           ## $sp = FFFFFB38
/* 00A04 80AECE64 AFB30038 */  sw      $s3, 0x0038($sp)           
/* 00A08 80AECE68 AFB20034 */  sw      $s2, 0x0034($sp)           
/* 00A0C 80AECE6C 00809025 */  or      $s2, $a0, $zero            ## $s2 = 00000000
/* 00A10 80AECE70 00A09825 */  or      $s3, $a1, $zero            ## $s3 = 00000000
/* 00A14 80AECE74 AFBF003C */  sw      $ra, 0x003C($sp)           
/* 00A18 80AECE78 AFB10030 */  sw      $s1, 0x0030($sp)           
/* 00A1C 80AECE7C AFB0002C */  sw      $s0, 0x002C($sp)           
/* 00A20 80AECE80 8E4E03C8 */  lw      $t6, 0x03C8($s2)           ## 000003C8
/* 00A24 80AECE84 27A400A0 */  addiu   $a0, $sp, 0x00A0           ## $a0 = FFFFFBD8
/* 00A28 80AECE88 24050003 */  addiu   $a1, $zero, 0x0003         ## $a1 = 00000003
/* 00A2C 80AECE8C 91C60000 */  lbu     $a2, 0x0000($t6)           ## 00000000
/* 00A30 80AECE90 0C04EBC0 */  jal     func_8013AF00              
/* 00A34 80AECE94 24C60003 */  addiu   $a2, $a2, 0x0003           ## $a2 = 00000003
/* 00A38 80AECE98 964F03CE */  lhu     $t7, 0x03CE($s2)           ## 000003CE
/* 00A3C 80AECE9C 31F80004 */  andi    $t8, $t7, 0x0004           ## $t8 = 00000000
/* 00A40 80AECEA0 17000023 */  bne     $t8, $zero, .L80AECF30     
/* 00A44 80AECEA4 3C19801D */  lui     $t9, 0x801D                ## $t9 = 801D0000
/* 00A48 80AECEA8 273915B0 */  addiu   $t9, $t9, 0x15B0           ## $t9 = 801D15B0
/* 00A4C 80AECEAC 8F290000 */  lw      $t1, 0x0000($t9)           ## 801D15B0
/* 00A50 80AECEB0 27A3007C */  addiu   $v1, $sp, 0x007C           ## $v1 = FFFFFBB4
/* 00A54 80AECEB4 264203EC */  addiu   $v0, $s2, 0x03EC           ## $v0 = 000003EC
/* 00A58 80AECEB8 AC690000 */  sw      $t1, 0x0000($v1)           ## FFFFFBB4
/* 00A5C 80AECEBC 8F280004 */  lw      $t0, 0x0004($t9)           ## 801D15B4
/* 00A60 80AECEC0 27AB00A0 */  addiu   $t3, $sp, 0x00A0           ## $t3 = FFFFFBD8
/* 00A64 80AECEC4 265103E0 */  addiu   $s1, $s2, 0x03E0           ## $s1 = 000003E0
/* 00A68 80AECEC8 AC680004 */  sw      $t0, 0x0004($v1)           ## FFFFFBB8
/* 00A6C 80AECECC 8F290008 */  lw      $t1, 0x0008($t9)           ## 801D15B8
/* 00A70 80AECED0 264603F0 */  addiu   $a2, $s2, 0x03F0           ## $a2 = 000003F0
/* 00A74 80AECED4 02202825 */  or      $a1, $s1, $zero            ## $a1 = 000003E0
/* 00A78 80AECED8 AC690008 */  sw      $t1, 0x0008($v1)           ## FFFFFBBC
/* 00A7C 80AECEDC 8E4A03E4 */  lw      $t2, 0x03E4($s2)           ## 000003E4
/* 00A80 80AECEE0 8E4703E8 */  lw      $a3, 0x03E8($s2)           ## 000003E8
/* 00A84 80AECEE4 8E4403C8 */  lw      $a0, 0x03C8($s2)           ## 000003C8
/* 00A88 80AECEE8 AFA3001C */  sw      $v1, 0x001C($sp)           
/* 00A8C 80AECEEC AFAB0018 */  sw      $t3, 0x0018($sp)           
/* 00A90 80AECEF0 AFA20014 */  sw      $v0, 0x0014($sp)           
/* 00A94 80AECEF4 AFAA0010 */  sw      $t2, 0x0010($sp)           
/* 00A98 80AECEF8 8E4C03D0 */  lw      $t4, 0x03D0($s2)           ## 000003D0
/* 00A9C 80AECEFC AFA60050 */  sw      $a2, 0x0050($sp)           
/* 00AA0 80AECF00 AFA2004C */  sw      $v0, 0x004C($sp)           
/* 00AA4 80AECF04 0C04EDAC */  jal     func_8013B6B0              
/* 00AA8 80AECF08 AFAC0020 */  sw      $t4, 0x0020($sp)           
/* 00AAC 80AECF0C 02602025 */  or      $a0, $s3, $zero            ## $a0 = 00000000
/* 00AB0 80AECF10 8E4503C8 */  lw      $a1, 0x03C8($s2)           ## 000003C8
/* 00AB4 80AECF14 8E4603EC */  lw      $a2, 0x03EC($s2)           ## 000003EC
/* 00AB8 80AECF18 0C04EE1E */  jal     func_8013B878              
/* 00ABC 80AECF1C 27A7007C */  addiu   $a3, $sp, 0x007C           ## $a3 = FFFFFBB4
/* 00AC0 80AECF20 C7A40080 */  lwc1    $f4, 0x0080($sp)           
/* 00AC4 80AECF24 265003D4 */  addiu   $s0, $s2, 0x03D4           ## $s0 = 000003D4
/* 00AC8 80AECF28 1000000E */  beq     $zero, $zero, .L80AECF64   
/* 00ACC 80AECF2C E6440028 */  swc1    $f4, 0x0028($s2)           ## 00000028
.L80AECF30:
/* 00AD0 80AECF30 265003D4 */  addiu   $s0, $s2, 0x03D4           ## $s0 = 000003D4
/* 00AD4 80AECF34 8E0F0000 */  lw      $t7, 0x0000($s0)           ## 000003D4
/* 00AD8 80AECF38 27AD007C */  addiu   $t5, $sp, 0x007C           ## $t5 = FFFFFBB4
/* 00ADC 80AECF3C 265803F0 */  addiu   $t8, $s2, 0x03F0           ## $t8 = 000003F0
/* 00AE0 80AECF40 ADAF0000 */  sw      $t7, 0x0000($t5)           ## FFFFFBB4
/* 00AE4 80AECF44 8E0E0004 */  lw      $t6, 0x0004($s0)           ## 000003D8
/* 00AE8 80AECF48 265903EC */  addiu   $t9, $s2, 0x03EC           ## $t9 = 000003EC
/* 00AEC 80AECF4C 265103E0 */  addiu   $s1, $s2, 0x03E0           ## $s1 = 000003E0
/* 00AF0 80AECF50 ADAE0004 */  sw      $t6, 0x0004($t5)           ## FFFFFBB8
/* 00AF4 80AECF54 8E0F0008 */  lw      $t7, 0x0008($s0)           ## 000003DC
/* 00AF8 80AECF58 ADAF0008 */  sw      $t7, 0x0008($t5)           ## FFFFFBBC
/* 00AFC 80AECF5C AFB9004C */  sw      $t9, 0x004C($sp)           
/* 00B00 80AECF60 AFB80050 */  sw      $t8, 0x0050($sp)           
.L80AECF64:
/* 00B04 80AECF64 C7A6007C */  lwc1    $f6, 0x007C($sp)           
/* 00B08 80AECF68 964803CE */  lhu     $t0, 0x03CE($s2)           ## 000003CE
/* 00B0C 80AECF6C 26440108 */  addiu   $a0, $s2, 0x0108           ## $a0 = 00000108
/* 00B10 80AECF70 E6460024 */  swc1    $f6, 0x0024($s2)           ## 00000024
/* 00B14 80AECF74 C7A80084 */  lwc1    $f8, 0x0084($sp)           
/* 00B18 80AECF78 31090004 */  andi    $t1, $t0, 0x0004           ## $t1 = 00000000
/* 00B1C 80AECF7C 15200006 */  bne     $t1, $zero, .L80AECF98     
/* 00B20 80AECF80 E648002C */  swc1    $f8, 0x002C($s2)           ## 0000002C
/* 00B24 80AECF84 0C03FD43 */  jal     func_800FF50C              
/* 00B28 80AECF88 26450024 */  addiu   $a1, $s2, 0x0024           ## $a1 = 00000024
/* 00B2C 80AECF8C 964A03CE */  lhu     $t2, 0x03CE($s2)           ## 000003CE
/* 00B30 80AECF90 354B0004 */  ori     $t3, $t2, 0x0004           ## $t3 = 00000004
/* 00B34 80AECF94 A64B03CE */  sh      $t3, 0x03CE($s2)           ## 000003CE
.L80AECF98:
/* 00B38 80AECF98 3C010001 */  lui     $at, 0x0001                ## $at = 00010000
/* 00B3C 80AECF9C 34218000 */  ori     $at, $at, 0x8000           ## $at = 00018000
/* 00B40 80AECFA0 02611821 */  addu    $v1, $s3, $at              
/* 00B44 80AECFA4 906C0B4A */  lbu     $t4, 0x0B4A($v1)           ## 00000B4A
/* 00B48 80AECFA8 3C09801D */  lui     $t1, 0x801D                ## $t1 = 801D0000
/* 00B4C 80AECFAC 252915B0 */  addiu   $t1, $t1, 0x15B0           ## $t1 = 801D15B0
/* 00B50 80AECFB0 55800005 */  bnel    $t4, $zero, .L80AECFC8     
/* 00B54 80AECFB4 8E4E03F0 */  lw      $t6, 0x03F0($s2)           ## 000003F0
/* 00B58 80AECFB8 8E4D03D0 */  lw      $t5, 0x03D0($s2)           ## 000003D0
/* 00B5C 80AECFBC 55A0000D */  bnel    $t5, $zero, .L80AECFF4     
/* 00B60 80AECFC0 8D2B0000 */  lw      $t3, 0x0000($t1)           ## 801D15B0
/* 00B64 80AECFC4 8E4E03F0 */  lw      $t6, 0x03F0($s2)           ## 000003F0
.L80AECFC8:
/* 00B68 80AECFC8 27B8007C */  addiu   $t8, $sp, 0x007C           ## $t8 = FFFFFBB4
/* 00B6C 80AECFCC AFAE0078 */  sw      $t6, 0x0078($sp)           
/* 00B70 80AECFD0 8E4F03EC */  lw      $t7, 0x03EC($s2)           ## 000003EC
/* 00B74 80AECFD4 AFAF0074 */  sw      $t7, 0x0074($sp)           
/* 00B78 80AECFD8 8E480024 */  lw      $t0, 0x0024($s2)           ## 00000024
/* 00B7C 80AECFDC AF080000 */  sw      $t0, 0x0000($t8)           ## FFFFFBB4
/* 00B80 80AECFE0 8E590028 */  lw      $t9, 0x0028($s2)           ## 00000028
/* 00B84 80AECFE4 AF190004 */  sw      $t9, 0x0004($t8)           ## FFFFFBB8
/* 00B88 80AECFE8 8E48002C */  lw      $t0, 0x002C($s2)           ## 0000002C
/* 00B8C 80AECFEC AF080008 */  sw      $t0, 0x0008($t8)           ## FFFFFBBC
/* 00B90 80AECFF0 8D2B0000 */  lw      $t3, 0x0000($t1)           ## 801D15B0
.L80AECFF4:
/* 00B94 80AECFF4 27AE00A0 */  addiu   $t6, $sp, 0x00A0           ## $t6 = FFFFFBD8
/* 00B98 80AECFF8 02202825 */  or      $a1, $s1, $zero            ## $a1 = 000003E0
/* 00B9C 80AECFFC AE0B0000 */  sw      $t3, 0x0000($s0)           ## 000003D4
/* 00BA0 80AED000 8D2A0004 */  lw      $t2, 0x0004($t1)           ## 801D15B4
/* 00BA4 80AED004 AE0A0004 */  sw      $t2, 0x0004($s0)           ## 000003D8
/* 00BA8 80AED008 8D2B0008 */  lw      $t3, 0x0008($t1)           ## 801D15B8
/* 00BAC 80AED00C AE0B0008 */  sw      $t3, 0x0008($s0)           ## 000003DC
/* 00BB0 80AED010 8E4C03E4 */  lw      $t4, 0x03E4($s2)           ## 000003E4
/* 00BB4 80AED014 8E4703E8 */  lw      $a3, 0x03E8($s2)           ## 000003E8
/* 00BB8 80AED018 8E4403C8 */  lw      $a0, 0x03C8($s2)           ## 000003C8
/* 00BBC 80AED01C 8FAD004C */  lw      $t5, 0x004C($sp)           
/* 00BC0 80AED020 AFB0001C */  sw      $s0, 0x001C($sp)           
/* 00BC4 80AED024 AFAE0018 */  sw      $t6, 0x0018($sp)           
/* 00BC8 80AED028 AFAC0010 */  sw      $t4, 0x0010($sp)           
/* 00BCC 80AED02C AFAD0014 */  sw      $t5, 0x0014($sp)           
/* 00BD0 80AED030 8E4F03D0 */  lw      $t7, 0x03D0($s2)           ## 000003D0
/* 00BD4 80AED034 AFA30044 */  sw      $v1, 0x0044($sp)           
/* 00BD8 80AED038 8FA60050 */  lw      $a2, 0x0050($sp)           
/* 00BDC 80AED03C 0C04EDAC */  jal     func_8013B6B0              
/* 00BE0 80AED040 AFAF0020 */  sw      $t7, 0x0020($sp)           
/* 00BE4 80AED044 10400005 */  beq     $v0, $zero, .L80AED05C     
/* 00BE8 80AED048 8FA30044 */  lw      $v1, 0x0044($sp)           
/* 00BEC 80AED04C 965803CE */  lhu     $t8, 0x03CE($s2)           ## 000003CE
/* 00BF0 80AED050 37190008 */  ori     $t9, $t8, 0x0008           ## $t9 = 00000008
/* 00BF4 80AED054 10000013 */  beq     $zero, $zero, .L80AED0A4   
/* 00BF8 80AED058 A65903CE */  sh      $t9, 0x03CE($s2)           ## 000003CE
.L80AED05C:
/* 00BFC 80AED05C 8E490024 */  lw      $t1, 0x0024($s2)           ## 00000024
/* 00C00 80AED060 27A40094 */  addiu   $a0, $sp, 0x0094           ## $a0 = FFFFFBCC
/* 00C04 80AED064 27A50088 */  addiu   $a1, $sp, 0x0088           ## $a1 = FFFFFBC0
/* 00C08 80AED068 AC890000 */  sw      $t1, 0x0000($a0)           ## FFFFFBCC
/* 00C0C 80AED06C 8E480028 */  lw      $t0, 0x0028($s2)           ## 00000028
/* 00C10 80AED070 AC880004 */  sw      $t0, 0x0004($a0)           ## FFFFFBD0
/* 00C14 80AED074 8E49002C */  lw      $t1, 0x002C($s2)           ## 0000002C
/* 00C18 80AED078 AC890008 */  sw      $t1, 0x0008($a0)           ## FFFFFBD4
/* 00C1C 80AED07C 8E0B0000 */  lw      $t3, 0x0000($s0)           ## 000003D4
/* 00C20 80AED080 ACAB0000 */  sw      $t3, 0x0000($a1)           ## FFFFFBC0
/* 00C24 80AED084 8E0A0004 */  lw      $t2, 0x0004($s0)           ## 000003D8
/* 00C28 80AED088 ACAA0004 */  sw      $t2, 0x0004($a1)           ## FFFFFBC4
/* 00C2C 80AED08C 8E0B0008 */  lw      $t3, 0x0008($s0)           ## 000003DC
/* 00C30 80AED090 ACAB0008 */  sw      $t3, 0x0008($a1)           ## FFFFFBC8
/* 00C34 80AED094 0C03FE98 */  jal     func_800FFA60              
/* 00C38 80AED098 AFA30044 */  sw      $v1, 0x0044($sp)           
/* 00C3C 80AED09C 8FA30044 */  lw      $v1, 0x0044($sp)           
/* 00C40 80AED0A0 A6420032 */  sh      $v0, 0x0032($s2)           ## 00000032
.L80AED0A4:
/* 00C44 80AED0A4 906C0B4A */  lbu     $t4, 0x0B4A($v1)           ## 00000B4A
/* 00C48 80AED0A8 8FAE0078 */  lw      $t6, 0x0078($sp)           
/* 00C4C 80AED0AC 00008825 */  or      $s1, $zero, $zero          ## $s1 = 00000000
/* 00C50 80AED0B0 55800005 */  bnel    $t4, $zero, .L80AED0C8     
/* 00C54 80AED0B4 AE4E03F0 */  sw      $t6, 0x03F0($s2)           ## 000003F0
/* 00C58 80AED0B8 8E4D03D0 */  lw      $t5, 0x03D0($s2)           ## 000003D0
/* 00C5C 80AED0BC 55A0000C */  bnel    $t5, $zero, .L80AED0F0     
/* 00C60 80AED0C0 AFA004C4 */  sw      $zero, 0x04C4($sp)         
/* 00C64 80AED0C4 AE4E03F0 */  sw      $t6, 0x03F0($s2)           ## 000003F0
.L80AED0C8:
/* 00C68 80AED0C8 8FAF0074 */  lw      $t7, 0x0074($sp)           
/* 00C6C 80AED0CC 27B8007C */  addiu   $t8, $sp, 0x007C           ## $t8 = FFFFFBB4
/* 00C70 80AED0D0 AE4F03EC */  sw      $t7, 0x03EC($s2)           ## 000003EC
/* 00C74 80AED0D4 8F080000 */  lw      $t0, 0x0000($t8)           ## FFFFFBB4
/* 00C78 80AED0D8 AE080000 */  sw      $t0, 0x0000($s0)           ## 000003D4
/* 00C7C 80AED0DC 8F190004 */  lw      $t9, 0x0004($t8)           ## FFFFFBB8
/* 00C80 80AED0E0 AE190004 */  sw      $t9, 0x0004($s0)           ## 000003D8
/* 00C84 80AED0E4 8F080008 */  lw      $t0, 0x0008($t8)           ## FFFFFBBC
/* 00C88 80AED0E8 AE080008 */  sw      $t0, 0x0008($s0)           ## 000003DC
/* 00C8C 80AED0EC AFA004C4 */  sw      $zero, 0x04C4($sp)         
.L80AED0F0:
/* 00C90 80AED0F0 964902CA */  lhu     $t1, 0x02CA($s2)           ## 000002CA
/* 00C94 80AED0F4 00008025 */  or      $s0, $zero, $zero          ## $s0 = 00000000
/* 00C98 80AED0F8 312A0C00 */  andi    $t2, $t1, 0x0C00           ## $t2 = 00000000
/* 00C9C 80AED0FC 15400038 */  bne     $t2, $zero, .L80AED1E0     
/* 00CA0 80AED100 00000000 */  nop
/* 00CA4 80AED104 02602025 */  or      $a0, $s3, $zero            ## $a0 = 00000000
.L80AED108:
/* 00CA8 80AED108 02202825 */  or      $a1, $s1, $zero            ## $a1 = 00000000
/* 00CAC 80AED10C 2406000A */  addiu   $a2, $zero, 0x000A         ## $a2 = 0000000A
/* 00CB0 80AED110 0C04F658 */  jal     func_8013D960              
/* 00CB4 80AED114 24070005 */  addiu   $a3, $zero, 0x0005         ## $a3 = 00000005
/* 00CB8 80AED118 1040002D */  beq     $v0, $zero, .L80AED1D0     
/* 00CBC 80AED11C 00408825 */  or      $s1, $v0, $zero            ## $s1 = 00000000
/* 00CC0 80AED120 02402025 */  or      $a0, $s2, $zero            ## $a0 = 00000000
/* 00CC4 80AED124 0C02DB87 */  jal     func_800B6E1C              
/* 00CC8 80AED128 00402825 */  or      $a1, $v0, $zero            ## $a1 = 00000000
/* 00CCC 80AED12C 3C0142F0 */  lui     $at, 0x42F0                ## $at = 42F00000
/* 00CD0 80AED130 44815000 */  mtc1    $at, $f10                  ## $f10 = 120.00
/* 00CD4 80AED134 02402025 */  or      $a0, $s2, $zero            ## $a0 = 00000000
/* 00CD8 80AED138 26300024 */  addiu   $s0, $s1, 0x0024           ## $s0 = 00000024
/* 00CDC 80AED13C 460A003E */  c.le.s  $f0, $f10                  
/* 00CE0 80AED140 00000000 */  nop
/* 00CE4 80AED144 45020022 */  bc1fl   .L80AED1D0                 
/* 00CE8 80AED148 8E31012C */  lw      $s1, 0x012C($s1)           ## 0000012C
/* 00CEC 80AED14C 0C02DB4B */  jal     func_800B6D2C              
/* 00CF0 80AED150 02002825 */  or      $a1, $s0, $zero            ## $a1 = 00000024
/* 00CF4 80AED154 864B00BE */  lh      $t3, 0x00BE($s2)           ## 000000BE
/* 00CF8 80AED158 02402025 */  or      $a0, $s2, $zero            ## $a0 = 00000000
/* 00CFC 80AED15C 02002825 */  or      $a1, $s0, $zero            ## $a1 = 00000024
/* 00D00 80AED160 004B6023 */  subu    $t4, $v0, $t3              
/* 00D04 80AED164 000C6C00 */  sll     $t5, $t4, 16               
/* 00D08 80AED168 000D7403 */  sra     $t6, $t5, 16               
/* 00D0C 80AED16C 05C00008 */  bltz    $t6, .L80AED190            
/* 00D10 80AED170 00000000 */  nop
/* 00D14 80AED174 0C02DB4B */  jal     func_800B6D2C              
/* 00D18 80AED178 02402025 */  or      $a0, $s2, $zero            ## $a0 = 00000000
/* 00D1C 80AED17C 864F00BE */  lh      $t7, 0x00BE($s2)           ## 000000BE
/* 00D20 80AED180 004F1823 */  subu    $v1, $v0, $t7              
/* 00D24 80AED184 00031C00 */  sll     $v1, $v1, 16               
/* 00D28 80AED188 10000008 */  beq     $zero, $zero, .L80AED1AC   
/* 00D2C 80AED18C 00031C03 */  sra     $v1, $v1, 16               
.L80AED190:
/* 00D30 80AED190 0C02DB4B */  jal     func_800B6D2C              
/* 00D34 80AED194 02002825 */  or      $a1, $s0, $zero            ## $a1 = 00000024
/* 00D38 80AED198 865800BE */  lh      $t8, 0x00BE($s2)           ## 000000BE
/* 00D3C 80AED19C 00581823 */  subu    $v1, $v0, $t8              
/* 00D40 80AED1A0 00031C00 */  sll     $v1, $v1, 16               
/* 00D44 80AED1A4 00031C03 */  sra     $v1, $v1, 16               
/* 00D48 80AED1A8 00031823 */  subu    $v1, $zero, $v1            
.L80AED1AC:
/* 00D4C 80AED1AC 28612001 */  slti    $at, $v1, 0x2001           
/* 00D50 80AED1B0 50200007 */  beql    $at, $zero, .L80AED1D0     
/* 00D54 80AED1B4 8E31012C */  lw      $s1, 0x012C($s1)           ## 0000012C
/* 00D58 80AED1B8 965902CA */  lhu     $t9, 0x02CA($s2)           ## 000002CA
/* 00D5C 80AED1BC 37280400 */  ori     $t0, $t9, 0x0400           ## $t0 = 00000400
/* 00D60 80AED1C0 A64802CA */  sh      $t0, 0x02CA($s2)           ## 000002CA
/* 00D64 80AED1C4 1000001C */  beq     $zero, $zero, .L80AED238   
/* 00D68 80AED1C8 AFB104C4 */  sw      $s1, 0x04C4($sp)           
/* 00D6C 80AED1CC 8E31012C */  lw      $s1, 0x012C($s1)           ## 0000012C
.L80AED1D0:
/* 00D70 80AED1D0 5620FFCD */  bnel    $s1, $zero, .L80AED108     
/* 00D74 80AED1D4 02602025 */  or      $a0, $s3, $zero            ## $a0 = 00000000
/* 00D78 80AED1D8 10000018 */  beq     $zero, $zero, .L80AED23C   
/* 00D7C 80AED1DC 8FA904C4 */  lw      $t1, 0x04C4($sp)           
.L80AED1E0:
/* 00D80 80AED1E0 02602025 */  or      $a0, $s3, $zero            ## $a0 = 00000000
.L80AED1E4:
/* 00D84 80AED1E4 02002825 */  or      $a1, $s0, $zero            ## $a1 = 00000024
/* 00D88 80AED1E8 2406000A */  addiu   $a2, $zero, 0x000A         ## $a2 = 0000000A
/* 00D8C 80AED1EC 0C04F658 */  jal     func_8013D960              
/* 00D90 80AED1F0 24070005 */  addiu   $a3, $zero, 0x0005         ## $a3 = 00000005
/* 00D94 80AED1F4 1040000E */  beq     $v0, $zero, .L80AED230     
/* 00D98 80AED1F8 00408025 */  or      $s0, $v0, $zero            ## $s0 = 00000000
/* 00D9C 80AED1FC 02402025 */  or      $a0, $s2, $zero            ## $a0 = 00000000
/* 00DA0 80AED200 0C02DB87 */  jal     func_800B6E1C              
/* 00DA4 80AED204 00402825 */  or      $a1, $v0, $zero            ## $a1 = 00000000
/* 00DA8 80AED208 3C014320 */  lui     $at, 0x4320                ## $at = 43200000
/* 00DAC 80AED20C 44818000 */  mtc1    $at, $f16                  ## $f16 = 160.00
/* 00DB0 80AED210 00000000 */  nop
/* 00DB4 80AED214 4610003E */  c.le.s  $f0, $f16                  
/* 00DB8 80AED218 00000000 */  nop
/* 00DBC 80AED21C 45020004 */  bc1fl   .L80AED230                 
/* 00DC0 80AED220 8E10012C */  lw      $s0, 0x012C($s0)           ## 0000012C
/* 00DC4 80AED224 10000004 */  beq     $zero, $zero, .L80AED238   
/* 00DC8 80AED228 AFB004C4 */  sw      $s0, 0x04C4($sp)           
/* 00DCC 80AED22C 8E10012C */  lw      $s0, 0x012C($s0)           ## 0000012C
.L80AED230:
/* 00DD0 80AED230 5600FFEC */  bnel    $s0, $zero, .L80AED1E4     
/* 00DD4 80AED234 02602025 */  or      $a0, $s3, $zero            ## $a0 = 00000000
.L80AED238:
/* 00DD8 80AED238 8FA904C4 */  lw      $t1, 0x04C4($sp)           
.L80AED23C:
/* 00DDC 80AED23C 5120001A */  beql    $t1, $zero, .L80AED2A8     
/* 00DE0 80AED240 8FA804C4 */  lw      $t0, 0x04C4($sp)           
/* 00DE4 80AED244 964A02CA */  lhu     $t2, 0x02CA($s2)           ## 000002CA
/* 00DE8 80AED248 02402025 */  or      $a0, $s2, $zero            ## $a0 = 00000000
/* 00DEC 80AED24C 27A5005C */  addiu   $a1, $sp, 0x005C           ## $a1 = FFFFFB94
/* 00DF0 80AED250 314B0400 */  andi    $t3, $t2, 0x0400           ## $t3 = 00000000
/* 00DF4 80AED254 51600014 */  beql    $t3, $zero, .L80AED2A8     
/* 00DF8 80AED258 8FA804C4 */  lw      $t0, 0x04C4($sp)           
/* 00DFC 80AED25C 0C02DB9B */  jal     func_800B6E6C              
/* 00E00 80AED260 25260024 */  addiu   $a2, $t1, 0x0024           ## $a2 = 00000024
/* 00E04 80AED264 8FAD04C4 */  lw      $t5, 0x04C4($sp)           
/* 00E08 80AED268 240C0002 */  addiu   $t4, $zero, 0x0002         ## $t4 = 00000002
/* 00E0C 80AED26C 3C01C1A0 */  lui     $at, 0xC1A0                ## $at = C1A00000
/* 00E10 80AED270 A1AC01A7 */  sb      $t4, 0x01A7($t5)           ## 000001A7
/* 00E14 80AED274 C7B20064 */  lwc1    $f18, 0x0064($sp)          
/* 00E18 80AED278 44812000 */  mtc1    $at, $f4                   ## $f4 = -20.00
/* 00E1C 80AED27C 00000000 */  nop
/* 00E20 80AED280 4604903C */  c.lt.s  $f18, $f4                  
/* 00E24 80AED284 00000000 */  nop
/* 00E28 80AED288 45020007 */  bc1fl   .L80AED2A8                 
/* 00E2C 80AED28C 8FA804C4 */  lw      $t0, 0x04C4($sp)           
/* 00E30 80AED290 964E02CA */  lhu     $t6, 0x02CA($s2)           ## 000002CA
/* 00E34 80AED294 31D8FBFF */  andi    $t8, $t6, 0xFBFF           ## $t8 = 00000000
/* 00E38 80AED298 A65802CA */  sh      $t8, 0x02CA($s2)           ## 000002CA
/* 00E3C 80AED29C 37190800 */  ori     $t9, $t8, 0x0800           ## $t9 = 00000800
/* 00E40 80AED2A0 A65902CA */  sh      $t9, 0x02CA($s2)           ## 000002CA
/* 00E44 80AED2A4 8FA804C4 */  lw      $t0, 0x04C4($sp)           
.L80AED2A8:
/* 00E48 80AED2A8 5100000B */  beql    $t0, $zero, .L80AED2D8     
/* 00E4C 80AED2AC 964C03CE */  lhu     $t4, 0x03CE($s2)           ## 000003CE
/* 00E50 80AED2B0 964202CA */  lhu     $v0, 0x02CA($s2)           ## 000002CA
/* 00E54 80AED2B4 304A0800 */  andi    $t2, $v0, 0x0800           ## $t2 = 00000000
/* 00E58 80AED2B8 51400007 */  beql    $t2, $zero, .L80AED2D8     
/* 00E5C 80AED2BC 964C03CE */  lhu     $t4, 0x03CE($s2)           ## 000003CE
/* 00E60 80AED2C0 810B01A7 */  lb      $t3, 0x01A7($t0)           ## 000001A7
/* 00E64 80AED2C4 3049F7FF */  andi    $t1, $v0, 0xF7FF           ## $t1 = 00000000
/* 00E68 80AED2C8 55600003 */  bnel    $t3, $zero, .L80AED2D8     
/* 00E6C 80AED2CC 964C03CE */  lhu     $t4, 0x03CE($s2)           ## 000003CE
/* 00E70 80AED2D0 A64902CA */  sh      $t1, 0x02CA($s2)           ## 000002CA
/* 00E74 80AED2D4 964C03CE */  lhu     $t4, 0x03CE($s2)           ## 000003CE
.L80AED2D8:
/* 00E78 80AED2D8 318D0008 */  andi    $t5, $t4, 0x0008           ## $t5 = 00000000
/* 00E7C 80AED2DC 55A00016 */  bnel    $t5, $zero, .L80AED338     
/* 00E80 80AED2E0 00001025 */  or      $v0, $zero, $zero          ## $v0 = 00000000
/* 00E84 80AED2E4 964E02CA */  lhu     $t6, 0x02CA($s2)           ## 000002CA
/* 00E88 80AED2E8 3C0142C8 */  lui     $at, 0x42C8                ## $at = 42C80000
/* 00E8C 80AED2EC 31CF0010 */  andi    $t7, $t6, 0x0010           ## $t7 = 00000000
/* 00E90 80AED2F0 55E00011 */  bnel    $t7, $zero, .L80AED338     
/* 00E94 80AED2F4 00001025 */  or      $v0, $zero, $zero          ## $v0 = 00000000
/* 00E98 80AED2F8 44810000 */  mtc1    $at, $f0                   ## $f0 = 100.00
/* 00E9C 80AED2FC C6460098 */  lwc1    $f6, 0x0098($s2)           ## 00000098
/* 00EA0 80AED300 02402025 */  or      $a0, $s2, $zero            ## $a0 = 00000000
/* 00EA4 80AED304 02602825 */  or      $a1, $s3, $zero            ## $a1 = 00000000
/* 00EA8 80AED308 4600303C */  c.lt.s  $f6, $f0                   
/* 00EAC 80AED30C 24184000 */  addiu   $t8, $zero, 0x4000         ## $t8 = 00004000
/* 00EB0 80AED310 24194000 */  addiu   $t9, $zero, 0x4000         ## $t9 = 00004000
/* 00EB4 80AED314 45020008 */  bc1fl   .L80AED338                 
/* 00EB8 80AED318 00001025 */  or      $v0, $zero, $zero          ## $v0 = 00000000
/* 00EBC 80AED31C 44060000 */  mfc1    $a2, $f0                   
/* 00EC0 80AED320 44070000 */  mfc1    $a3, $f0                   
/* 00EC4 80AED324 AFA00010 */  sw      $zero, 0x0010($sp)         
/* 00EC8 80AED328 AFB80014 */  sw      $t8, 0x0014($sp)           
/* 00ECC 80AED32C 0C04FA3E */  jal     func_8013E8F8              
/* 00ED0 80AED330 AFB90018 */  sw      $t9, 0x0018($sp)           
/* 00ED4 80AED334 00001025 */  or      $v0, $zero, $zero          ## $v0 = 00000000
.L80AED338:
/* 00ED8 80AED338 8FBF003C */  lw      $ra, 0x003C($sp)           
/* 00EDC 80AED33C 8FB0002C */  lw      $s0, 0x002C($sp)           
/* 00EE0 80AED340 8FB10030 */  lw      $s1, 0x0030($sp)           
/* 00EE4 80AED344 8FB20034 */  lw      $s2, 0x0034($sp)           
/* 00EE8 80AED348 8FB30038 */  lw      $s3, 0x0038($sp)           
/* 00EEC 80AED34C 03E00008 */  jr      $ra                        
/* 00EF0 80AED350 27BD04C8 */  addiu   $sp, $sp, 0x04C8           ## $sp = 00000000


glabel func_80AED354
/* 00EF4 80AED354 27BDFFE8 */  addiu   $sp, $sp, 0xFFE8           ## $sp = FFFFFFE8
/* 00EF8 80AED358 AFBF0014 */  sw      $ra, 0x0014($sp)           
/* 00EFC 80AED35C 90CE0000 */  lbu     $t6, 0x0000($a2)           ## 00000000
/* 00F00 80AED360 00001825 */  or      $v1, $zero, $zero          ## $v1 = 00000000
/* 00F04 80AED364 51C00005 */  beql    $t6, $zero, .L80AED37C     
/* 00F08 80AED368 00601025 */  or      $v0, $v1, $zero            ## $v0 = 00000000
/* 00F0C 80AED36C 0C2BB4E3 */  jal     func_80AED38C              
/* 00F10 80AED370 00000000 */  nop
/* 00F14 80AED374 00401825 */  or      $v1, $v0, $zero            ## $v1 = 00000000
/* 00F18 80AED378 00601025 */  or      $v0, $v1, $zero            ## $v0 = 00000000
.L80AED37C:
/* 00F1C 80AED37C 8FBF0014 */  lw      $ra, 0x0014($sp)           
/* 00F20 80AED380 27BD0018 */  addiu   $sp, $sp, 0x0018           ## $sp = 00000000
/* 00F24 80AED384 03E00008 */  jr      $ra                        
/* 00F28 80AED388 00000000 */  nop


glabel func_80AED38C
/* 00F2C 80AED38C 27BDFFE0 */  addiu   $sp, $sp, 0xFFE0           ## $sp = FFFFFFE0
/* 00F30 80AED390 AFBF0014 */  sw      $ra, 0x0014($sp)           
/* 00F34 80AED394 AFA50024 */  sw      $a1, 0x0024($sp)           
/* 00F38 80AED398 AFA60028 */  sw      $a2, 0x0028($sp)           
/* 00F3C 80AED39C 00803825 */  or      $a3, $a0, $zero            ## $a3 = 00000000
/* 00F40 80AED3A0 8FAE0028 */  lw      $t6, 0x0028($sp)           
/* 00F44 80AED3A4 84E5001C */  lh      $a1, 0x001C($a3)           ## 0000001C
/* 00F48 80AED3A8 3C08801F */  lui     $t0, 0x801F                ## $t0 = 801F0000
/* 00F4C 80AED3AC 91C20000 */  lbu     $v0, 0x0000($t6)           ## 00000000
/* 00F50 80AED3B0 9508F67C */  lhu     $t0, -0x0984($t0)          ## 801EF67C
/* 00F54 80AED3B4 3C0680AF */  lui     $a2, %hi(D_80AEF8EC)       ## $a2 = 80AF0000
/* 00F58 80AED3B8 2442FFFF */  addiu   $v0, $v0, 0xFFFF           ## $v0 = FFFFFFFF
/* 00F5C 80AED3BC 00027880 */  sll     $t7, $v0,  2               
/* 00F60 80AED3C0 00052AC3 */  sra     $a1, $a1, 11               
/* 00F64 80AED3C4 30A5001F */  andi    $a1, $a1, 0x001F           ## $a1 = 00000000
/* 00F68 80AED3C8 00CF3021 */  addu    $a2, $a2, $t7              
/* 00F6C 80AED3CC 2508C004 */  addiu   $t0, $t0, 0xC004           ## $t0 = 801EC004
/* 00F70 80AED3D0 30A500FF */  andi    $a1, $a1, 0x00FF           ## $a1 = 00000000
/* 00F74 80AED3D4 A7A8001E */  sh      $t0, 0x001E($sp)           
/* 00F78 80AED3D8 8CC6F8EC */  lw      $a2, %lo(D_80AEF8EC)($a2)  
/* 00F7C 80AED3DC AFA70020 */  sw      $a3, 0x0020($sp)           
/* 00F80 80AED3E0 0C04EECD */  jal     func_8013BB34              
/* 00F84 80AED3E4 8FA40024 */  lw      $a0, 0x0024($sp)           
/* 00F88 80AED3E8 8FA70020 */  lw      $a3, 0x0020($sp)           
/* 00F8C 80AED3EC 8FA60028 */  lw      $a2, 0x0028($sp)           
/* 00F90 80AED3F0 97A8001E */  lhu     $t0, 0x001E($sp)           
/* 00F94 80AED3F4 14400003 */  bne     $v0, $zero, .L80AED404     
/* 00F98 80AED3F8 ACE203C8 */  sw      $v0, 0x03C8($a3)           ## 000003C8
/* 00F9C 80AED3FC 1000003A */  beq     $zero, $zero, .L80AED4E8   
/* 00FA0 80AED400 00001025 */  or      $v0, $zero, $zero          ## $v0 = 00000000
.L80AED404:
/* 00FA4 80AED404 90E203CC */  lbu     $v0, 0x03CC($a3)           ## 000003CC
/* 00FA8 80AED408 5C400009 */  bgtzl   $v0, .L80AED430            
/* 00FAC 80AED40C 94C50006 */  lhu     $a1, 0x0006($a2)           ## 00000006
/* 00FB0 80AED410 50400007 */  beql    $v0, $zero, .L80AED430     
/* 00FB4 80AED414 94C50006 */  lhu     $a1, 0x0006($a2)           ## 00000006
/* 00FB8 80AED418 8CF803D0 */  lw      $t8, 0x03D0($a3)           ## 000003D0
/* 00FBC 80AED41C 07020004 */  bltzl   $t8, .L80AED430            
/* 00FC0 80AED420 94C50006 */  lhu     $a1, 0x0006($a2)           ## 00000006
/* 00FC4 80AED424 10000002 */  beq     $zero, $zero, .L80AED430   
/* 00FC8 80AED428 3105FFFF */  andi    $a1, $t0, 0xFFFF           ## $a1 = 00000000
/* 00FCC 80AED42C 94C50006 */  lhu     $a1, 0x0006($a2)           ## 00000006
.L80AED430:
/* 00FD0 80AED430 8CD90008 */  lw      $t9, 0x0008($a2)           ## 00000008
/* 00FD4 80AED434 8CEB03C8 */  lw      $t3, 0x03C8($a3)           ## 000003C8
/* 00FD8 80AED438 01055023 */  subu    $t2, $t0, $a1              
/* 00FDC 80AED43C 03254823 */  subu    $t1, $t9, $a1              
/* 00FE0 80AED440 ACE903E4 */  sw      $t1, 0x03E4($a3)           ## 000003E4
/* 00FE4 80AED444 00A01825 */  or      $v1, $a1, $zero            ## $v1 = 00000000
/* 00FE8 80AED448 ACEA03F0 */  sw      $t2, 0x03F0($a3)           ## 000003F0
/* 00FEC 80AED44C 91650000 */  lbu     $a1, 0x0000($t3)           ## 00000000
/* 00FF0 80AED450 8CED03F0 */  lw      $t5, 0x03F0($a3)           ## 000003F0
/* 00FF4 80AED454 01206025 */  or      $t4, $t1, $zero            ## $t4 = 00000000
/* 00FF8 80AED458 24A5FFFE */  addiu   $a1, $a1, 0xFFFE           ## $a1 = FFFFFFFE
/* 00FFC 80AED45C 30A5FFFF */  andi    $a1, $a1, 0xFFFF           ## $a1 = 0000FFFE
/* 01000 80AED460 0125001A */  div     $zero, $t1, $a1            
/* 01004 80AED464 00002012 */  mflo    $a0                        
/* 01008 80AED468 94F803CE */  lhu     $t8, 0x03CE($a3)           ## 000003CE
/* 0100C 80AED46C 14A00002 */  bne     $a1, $zero, .L80AED478     
/* 01010 80AED470 00000000 */  nop
/* 01014 80AED474 0007000D */  break 7
.L80AED478:
/* 01018 80AED478 2401FFFF */  addiu   $at, $zero, 0xFFFF         ## $at = FFFFFFFF
/* 0101C 80AED47C 14A10004 */  bne     $a1, $at, .L80AED490       
/* 01020 80AED480 3C018000 */  lui     $at, 0x8000                ## $at = 80000000
/* 01024 80AED484 15810002 */  bne     $t4, $at, .L80AED490       
/* 01028 80AED488 00000000 */  nop
/* 0102C 80AED48C 0006000D */  break 6
.L80AED490:
/* 01030 80AED490 01A4001A */  div     $zero, $t5, $a0            
/* 01034 80AED494 00007012 */  mflo    $t6                        
/* 01038 80AED498 25CF0002 */  addiu   $t7, $t6, 0x0002           ## $t7 = 00000002
/* 0103C 80AED49C ACE403E8 */  sw      $a0, 0x03E8($a3)           ## 000003E8
/* 01040 80AED4A0 14800002 */  bne     $a0, $zero, .L80AED4AC     
/* 01044 80AED4A4 00000000 */  nop
/* 01048 80AED4A8 0007000D */  break 7
.L80AED4AC:
/* 0104C 80AED4AC 2401FFFF */  addiu   $at, $zero, 0xFFFF         ## $at = FFFFFFFF
/* 01050 80AED4B0 14810004 */  bne     $a0, $at, .L80AED4C4       
/* 01054 80AED4B4 3C018000 */  lui     $at, 0x8000                ## $at = 80000000
/* 01058 80AED4B8 15A10002 */  bne     $t5, $at, .L80AED4C4       
/* 0105C 80AED4BC 00000000 */  nop
/* 01060 80AED4C0 0006000D */  break 6
.L80AED4C4:
/* 01064 80AED4C4 2401FFFB */  addiu   $at, $zero, 0xFFFB         ## $at = FFFFFFFB
/* 01068 80AED4C8 0301C824 */  and     $t9, $t8, $at              
/* 0106C 80AED4CC 3329FFFF */  andi    $t1, $t9, 0xFFFF           ## $t1 = 00000000
/* 01070 80AED4D0 2401FFF7 */  addiu   $at, $zero, 0xFFF7         ## $at = FFFFFFF7
/* 01074 80AED4D4 A4F903CE */  sh      $t9, 0x03CE($a3)           ## 000003CE
/* 01078 80AED4D8 01215024 */  and     $t2, $t1, $at              
/* 0107C 80AED4DC ACEF03EC */  sw      $t7, 0x03EC($a3)           ## 000003EC
/* 01080 80AED4E0 A4EA03CE */  sh      $t2, 0x03CE($a3)           ## 000003CE
/* 01084 80AED4E4 24020001 */  addiu   $v0, $zero, 0x0001         ## $v0 = 00000001
.L80AED4E8:
/* 01088 80AED4E8 8FBF0014 */  lw      $ra, 0x0014($sp)           
/* 0108C 80AED4EC 27BD0020 */  addiu   $sp, $sp, 0x0020           ## $sp = 00000000
/* 01090 80AED4F0 03E00008 */  jr      $ra                        
/* 01094 80AED4F4 00000000 */  nop


glabel func_80AED4F8
/* 01098 80AED4F8 27BDFFE8 */  addiu   $sp, $sp, 0xFFE8           ## $sp = FFFFFFE8
/* 0109C 80AED4FC AFBF0014 */  sw      $ra, 0x0014($sp)           
/* 010A0 80AED500 AFA40018 */  sw      $a0, 0x0018($sp)           
/* 010A4 80AED504 AFA5001C */  sw      $a1, 0x001C($sp)           
/* 010A8 80AED508 8FAE0018 */  lw      $t6, 0x0018($sp)           
/* 010AC 80AED50C 3C0580AF */  lui     $a1, %hi(D_80AEF868)       ## $a1 = 80AF0000
/* 010B0 80AED510 24A5F868 */  addiu   $a1, $a1, %lo(D_80AEF868)  ## $a1 = 80AEF868
/* 010B4 80AED514 24060002 */  addiu   $a2, $zero, 0x0002         ## $a2 = 00000002
/* 010B8 80AED518 25C40144 */  addiu   $a0, $t6, 0x0144           ## $a0 = 00000144
/* 010BC 80AED51C 0C04F872 */  jal     func_8013E1C8              
/* 010C0 80AED520 25C702D4 */  addiu   $a3, $t6, 0x02D4           ## $a3 = 000002D4
/* 010C4 80AED524 8FB80018 */  lw      $t8, 0x0018($sp)           
/* 010C8 80AED528 3C0F80AF */  lui     $t7, %hi(func_80AED610)    ## $t7 = 80AF0000
/* 010CC 80AED52C 25EFD610 */  addiu   $t7, $t7, %lo(func_80AED610) ## $t7 = 80AED610
/* 010D0 80AED530 AF0F0188 */  sw      $t7, 0x0188($t8)           ## 00000188
/* 010D4 80AED534 8FBF0014 */  lw      $ra, 0x0014($sp)           
/* 010D8 80AED538 27BD0018 */  addiu   $sp, $sp, 0x0018           ## $sp = 00000000
/* 010DC 80AED53C 03E00008 */  jr      $ra                        
/* 010E0 80AED540 00000000 */  nop


glabel func_80AED544
/* 010E4 80AED544 27BDFFE8 */  addiu   $sp, $sp, 0xFFE8           ## $sp = FFFFFFE8
/* 010E8 80AED548 3C03801F */  lui     $v1, 0x801F                ## $v1 = 801F0000
/* 010EC 80AED54C 2463F670 */  addiu   $v1, $v1, 0xF670           ## $v1 = 801EF670
/* 010F0 80AED550 AFBF0014 */  sw      $ra, 0x0014($sp)           
/* 010F4 80AED554 00803025 */  or      $a2, $a0, $zero            ## $a2 = 00000000
/* 010F8 80AED558 00A03825 */  or      $a3, $a1, $zero            ## $a3 = 00000000
/* 010FC 80AED55C 906E0F17 */  lbu     $t6, 0x0F17($v1)           ## 801F0587
/* 01100 80AED560 00E02025 */  or      $a0, $a3, $zero            ## $a0 = 00000000
/* 01104 80AED564 31CF0010 */  andi    $t7, $t6, 0x0010           ## $t7 = 00000000
/* 01108 80AED568 55E0000A */  bnel    $t7, $zero, .L80AED594     
/* 0110C 80AED56C 9462000C */  lhu     $v0, 0x000C($v1)           ## 801EF67C
/* 01110 80AED570 0C05462C */  jal     func_801518B0              
/* 01114 80AED574 240513FE */  addiu   $a1, $zero, 0x13FE         ## $a1 = 000013FE
/* 01118 80AED578 3C03801F */  lui     $v1, 0x801F                ## $v1 = 801F0000
/* 0111C 80AED57C 2463F670 */  addiu   $v1, $v1, 0xF670           ## $v1 = 801EF670
/* 01120 80AED580 90780F17 */  lbu     $t8, 0x0F17($v1)           ## 801F0587
/* 01124 80AED584 37190010 */  ori     $t9, $t8, 0x0010           ## $t9 = 00000010
/* 01128 80AED588 1000001D */  beq     $zero, $zero, .L80AED600   
/* 0112C 80AED58C A0790F17 */  sb      $t9, 0x0F17($v1)           ## 801F0587
/* 01130 80AED590 9462000C */  lhu     $v0, 0x000C($v1)           ## 801EF67C
.L80AED594:
/* 01134 80AED594 00E02025 */  or      $a0, $a3, $zero            ## $a0 = 00000000
/* 01138 80AED598 28416000 */  slti    $at, $v0, 0x6000           
/* 0113C 80AED59C 50200006 */  beql    $at, $zero, .L80AED5B8     
/* 01140 80AED5A0 34018000 */  ori     $at, $zero, 0x8000         ## $at = 00008000
/* 01144 80AED5A4 0C05462C */  jal     func_801518B0              
/* 01148 80AED5A8 240513FF */  addiu   $a1, $zero, 0x13FF         ## $a1 = 000013FF
/* 0114C 80AED5AC 10000015 */  beq     $zero, $zero, .L80AED604   
/* 01150 80AED5B0 8FBF0014 */  lw      $ra, 0x0014($sp)           
/* 01154 80AED5B4 34018000 */  ori     $at, $zero, 0x8000         ## $at = 00008000
.L80AED5B8:
/* 01158 80AED5B8 0041082A */  slt     $at, $v0, $at              
/* 0115C 80AED5BC 10200005 */  beq     $at, $zero, .L80AED5D4     
/* 01160 80AED5C0 00E02025 */  or      $a0, $a3, $zero            ## $a0 = 00000000
/* 01164 80AED5C4 0C05462C */  jal     func_801518B0              
/* 01168 80AED5C8 24051400 */  addiu   $a1, $zero, 0x1400         ## $a1 = 00001400
/* 0116C 80AED5CC 1000000D */  beq     $zero, $zero, .L80AED604   
/* 01170 80AED5D0 8FBF0014 */  lw      $ra, 0x0014($sp)           
.L80AED5D4:
/* 01174 80AED5D4 3401A000 */  ori     $at, $zero, 0xA000         ## $at = 0000A000
/* 01178 80AED5D8 0041082A */  slt     $at, $v0, $at              
/* 0117C 80AED5DC 10200006 */  beq     $at, $zero, .L80AED5F8     
/* 01180 80AED5E0 00E02025 */  or      $a0, $a3, $zero            ## $a0 = 00000000
/* 01184 80AED5E4 00E02025 */  or      $a0, $a3, $zero            ## $a0 = 00000000
/* 01188 80AED5E8 0C05462C */  jal     func_801518B0              
/* 0118C 80AED5EC 24051401 */  addiu   $a1, $zero, 0x1401         ## $a1 = 00001401
/* 01190 80AED5F0 10000004 */  beq     $zero, $zero, .L80AED604   
/* 01194 80AED5F4 8FBF0014 */  lw      $ra, 0x0014($sp)           
.L80AED5F8:
/* 01198 80AED5F8 0C05462C */  jal     func_801518B0              
/* 0119C 80AED5FC 24051402 */  addiu   $a1, $zero, 0x1402         ## $a1 = 00001402
.L80AED600:
/* 011A0 80AED600 8FBF0014 */  lw      $ra, 0x0014($sp)           
.L80AED604:
/* 011A4 80AED604 27BD0018 */  addiu   $sp, $sp, 0x0018           ## $sp = 00000000
/* 011A8 80AED608 03E00008 */  jr      $ra                        
/* 011AC 80AED60C 00000000 */  nop


glabel func_80AED610
/* 011B0 80AED610 27BDFFD8 */  addiu   $sp, $sp, 0xFFD8           ## $sp = FFFFFFD8
/* 011B4 80AED614 AFB00018 */  sw      $s0, 0x0018($sp)           
/* 011B8 80AED618 00808025 */  or      $s0, $a0, $zero            ## $s0 = 00000000
/* 011BC 80AED61C AFBF001C */  sw      $ra, 0x001C($sp)           
/* 011C0 80AED620 AFA5002C */  sw      $a1, 0x002C($sp)           
/* 011C4 80AED624 8E0E02D4 */  lw      $t6, 0x02D4($s0)           ## 000002D4
/* 011C8 80AED628 24010004 */  addiu   $at, $zero, 0x0004         ## $at = 00000004
/* 011CC 80AED62C 26040144 */  addiu   $a0, $s0, 0x0144           ## $a0 = 00000144
/* 011D0 80AED630 55C1000C */  bnel    $t6, $at, .L80AED664       
/* 011D4 80AED634 8FA4002C */  lw      $a0, 0x002C($sp)           
/* 011D8 80AED638 8E050154 */  lw      $a1, 0x0154($s0)           ## 00000154
/* 011DC 80AED63C 0C04DE2E */  jal     func_801378B8              
/* 011E0 80AED640 AFA40024 */  sw      $a0, 0x0024($sp)           
/* 011E4 80AED644 10400006 */  beq     $v0, $zero, .L80AED660     
/* 011E8 80AED648 8FA40024 */  lw      $a0, 0x0024($sp)           
/* 011EC 80AED64C 3C0580AF */  lui     $a1, %hi(D_80AEF868)       ## $a1 = 80AF0000
/* 011F0 80AED650 24A5F868 */  addiu   $a1, $a1, %lo(D_80AEF868)  ## $a1 = 80AEF868
/* 011F4 80AED654 24060007 */  addiu   $a2, $zero, 0x0007         ## $a2 = 00000007
/* 011F8 80AED658 0C04F872 */  jal     func_8013E1C8              
/* 011FC 80AED65C 260702D4 */  addiu   $a3, $s0, 0x02D4           ## $a3 = 000002D4
.L80AED660:
/* 01200 80AED660 8FA4002C */  lw      $a0, 0x002C($sp)           
.L80AED664:
/* 01204 80AED664 0C054926 */  jal     func_80152498              
/* 01208 80AED668 24844908 */  addiu   $a0, $a0, 0x4908           ## $a0 = 00004908
/* 0120C 80AED66C 2C410007 */  sltiu   $at, $v0, 0x0007           
/* 01210 80AED670 10200084 */  beq     $at, $zero, .L80AED884     
/* 01214 80AED674 00027880 */  sll     $t7, $v0,  2               
/* 01218 80AED678 3C0180AF */  lui     $at, %hi(D_80AEFAA0)       ## $at = 80AF0000
/* 0121C 80AED67C 002F0821 */  addu    $at, $at, $t7              
/* 01220 80AED680 8C2FFAA0 */  lw      $t7, %lo(D_80AEFAA0)($at)  
/* 01224 80AED684 01E00008 */  jr      $t7                        
/* 01228 80AED688 00000000 */  nop
.L80AED68C:
/* 0122C 80AED68C 86050092 */  lh      $a1, 0x0092($s0)           ## 00000092
/* 01230 80AED690 260400BE */  addiu   $a0, $s0, 0x00BE           ## $a0 = 000000BE
/* 01234 80AED694 2406071C */  addiu   $a2, $zero, 0x071C         ## $a2 = 0000071C
/* 01238 80AED698 24A5EAAB */  addiu   $a1, $a1, 0xEAAB           ## $a1 = FFFFEAAB
/* 0123C 80AED69C 00052C00 */  sll     $a1, $a1, 16               
/* 01240 80AED6A0 0C03FB9C */  jal     func_800FEE70              
/* 01244 80AED6A4 00052C03 */  sra     $a1, $a1, 16               
/* 01248 80AED6A8 50400077 */  beql    $v0, $zero, .L80AED888     
/* 0124C 80AED6AC 8FBF001C */  lw      $ra, 0x001C($sp)           
/* 01250 80AED6B0 0C04900F */  jal     func_8012403C              
/* 01254 80AED6B4 8FA4002C */  lw      $a0, 0x002C($sp)           
/* 01258 80AED6B8 2401000F */  addiu   $at, $zero, 0x000F         ## $at = 0000000F
/* 0125C 80AED6BC 1441000D */  bne     $v0, $at, .L80AED6F4       
/* 01260 80AED6C0 3C03801F */  lui     $v1, 0x801F                ## $v1 = 801F0000
/* 01264 80AED6C4 3C0580AF */  lui     $a1, %hi(D_80AEF868)       ## $a1 = 80AF0000
/* 01268 80AED6C8 24A5F868 */  addiu   $a1, $a1, %lo(D_80AEF868)  ## $a1 = 80AEF868
/* 0126C 80AED6CC 26040144 */  addiu   $a0, $s0, 0x0144           ## $a0 = 00000144
/* 01270 80AED6D0 24060004 */  addiu   $a2, $zero, 0x0004         ## $a2 = 00000004
/* 01274 80AED6D4 0C04F872 */  jal     func_8013E1C8              
/* 01278 80AED6D8 260702D4 */  addiu   $a3, $s0, 0x02D4           ## $a3 = 000002D4
/* 0127C 80AED6DC 8FA4002C */  lw      $a0, 0x002C($sp)           
/* 01280 80AED6E0 240513FD */  addiu   $a1, $zero, 0x13FD         ## $a1 = 000013FD
/* 01284 80AED6E4 0C05462C */  jal     func_801518B0              
/* 01288 80AED6E8 02003025 */  or      $a2, $s0, $zero            ## $a2 = 00000000
/* 0128C 80AED6EC 10000066 */  beq     $zero, $zero, .L80AED888   
/* 01290 80AED6F0 8FBF001C */  lw      $ra, 0x001C($sp)           
.L80AED6F4:
/* 01294 80AED6F4 2463F670 */  addiu   $v1, $v1, 0xF670           ## $v1 = FFFFF670
/* 01298 80AED6F8 8C780018 */  lw      $t8, 0x0018($v1)           ## FFFFF688
/* 0129C 80AED6FC 24010005 */  addiu   $at, $zero, 0x0005         ## $at = 00000005
/* 012A0 80AED700 02002025 */  or      $a0, $s0, $zero            ## $a0 = 00000000
/* 012A4 80AED704 0301001A */  div     $zero, $t8, $at            
/* 012A8 80AED708 0000C810 */  mfhi    $t9                        
/* 012AC 80AED70C 24010002 */  addiu   $at, $zero, 0x0002         ## $at = 00000002
/* 012B0 80AED710 53210006 */  beql    $t9, $at, .L80AED72C       
/* 012B4 80AED714 8605001C */  lh      $a1, 0x001C($s0)           ## 0000001C
/* 012B8 80AED718 0C2BB551 */  jal     func_80AED544              
/* 012BC 80AED71C 8FA5002C */  lw      $a1, 0x002C($sp)           
/* 012C0 80AED720 10000059 */  beq     $zero, $zero, .L80AED888   
/* 012C4 80AED724 8FBF001C */  lw      $ra, 0x001C($sp)           
/* 012C8 80AED728 8605001C */  lh      $a1, 0x001C($s0)           ## 0000001C
.L80AED72C:
/* 012CC 80AED72C 8FA4002C */  lw      $a0, 0x002C($sp)           
/* 012D0 80AED730 00052903 */  sra     $a1, $a1,  4               
/* 012D4 80AED734 0C02D6EC */  jal     func_800B5BB0              
/* 012D8 80AED738 30A5007F */  andi    $a1, $a1, 0x007F           ## $a1 = 00000000
/* 012DC 80AED73C 3C03801F */  lui     $v1, 0x801F                ## $v1 = 801F0000
/* 012E0 80AED740 14400007 */  bne     $v0, $zero, .L80AED760     
/* 012E4 80AED744 2463F670 */  addiu   $v1, $v1, 0xF670           ## $v1 = 801EF670
/* 012E8 80AED748 8FA4002C */  lw      $a0, 0x002C($sp)           
/* 012EC 80AED74C 24051403 */  addiu   $a1, $zero, 0x1403         ## $a1 = 00001403
/* 012F0 80AED750 0C05462C */  jal     func_801518B0              
/* 012F4 80AED754 02003025 */  or      $a2, $s0, $zero            ## $a2 = 00000000
/* 012F8 80AED758 1000004B */  beq     $zero, $zero, .L80AED888   
/* 012FC 80AED75C 8FBF001C */  lw      $ra, 0x001C($sp)           
.L80AED760:
/* 01300 80AED760 90680F34 */  lbu     $t0, 0x0F34($v1)           ## 00000F34
/* 01304 80AED764 8FA4002C */  lw      $a0, 0x002C($sp)           
/* 01308 80AED768 24051413 */  addiu   $a1, $zero, 0x1413         ## $a1 = 00001413
/* 0130C 80AED76C 31090002 */  andi    $t1, $t0, 0x0002           ## $t1 = 00000000
/* 01310 80AED770 11200006 */  beq     $t1, $zero, .L80AED78C     
/* 01314 80AED774 00000000 */  nop
/* 01318 80AED778 02002025 */  or      $a0, $s0, $zero            ## $a0 = 00000000
/* 0131C 80AED77C 0C2BB551 */  jal     func_80AED544              
/* 01320 80AED780 8FA5002C */  lw      $a1, 0x002C($sp)           
/* 01324 80AED784 10000040 */  beq     $zero, $zero, .L80AED888   
/* 01328 80AED788 8FBF001C */  lw      $ra, 0x001C($sp)           
.L80AED78C:
/* 0132C 80AED78C 0C05462C */  jal     func_801518B0              
/* 01330 80AED790 02003025 */  or      $a2, $s0, $zero            ## $a2 = 00000000
/* 01334 80AED794 1000003C */  beq     $zero, $zero, .L80AED888   
/* 01338 80AED798 8FBF001C */  lw      $ra, 0x001C($sp)           
.L80AED79C:
/* 0133C 80AED79C 0C051D89 */  jal     func_80147624              
/* 01340 80AED7A0 8FA4002C */  lw      $a0, 0x002C($sp)           
/* 01344 80AED7A4 10400037 */  beq     $v0, $zero, .L80AED884     
/* 01348 80AED7A8 8FAA002C */  lw      $t2, 0x002C($sp)           
/* 0134C 80AED7AC 3C0B0001 */  lui     $t3, 0x0001                ## $t3 = 00010000
/* 01350 80AED7B0 016A5821 */  addu    $t3, $t3, $t2              
/* 01354 80AED7B4 956B680C */  lhu     $t3, 0x680C($t3)           ## 0001680C
/* 01358 80AED7B8 256CEC03 */  addiu   $t4, $t3, 0xEC03           ## $t4 = 0000EC03
/* 0135C 80AED7BC 2D810017 */  sltiu   $at, $t4, 0x0017           
/* 01360 80AED7C0 10200027 */  beq     $at, $zero, .L80AED860     
/* 01364 80AED7C4 000C6080 */  sll     $t4, $t4,  2               
/* 01368 80AED7C8 3C0180AF */  lui     $at, %hi(D_80AEFABC)       ## $at = 80AF0000
/* 0136C 80AED7CC 002C0821 */  addu    $at, $at, $t4              
/* 01370 80AED7D0 8C2CFABC */  lw      $t4, %lo(D_80AEFABC)($at)  
/* 01374 80AED7D4 01800008 */  jr      $t4                        
/* 01378 80AED7D8 00000000 */  nop
.L80AED7DC:
/* 0137C 80AED7DC 960D02CA */  lhu     $t5, 0x02CA($s0)           ## 000002CA
/* 01380 80AED7E0 3C0580AF */  lui     $a1, %hi(D_80AEF868)       ## $a1 = 80AF0000
/* 01384 80AED7E4 24A5F868 */  addiu   $a1, $a1, %lo(D_80AEF868)  ## $a1 = 80AEF868
/* 01388 80AED7E8 35AE0010 */  ori     $t6, $t5, 0x0010           ## $t6 = 00000010
/* 0138C 80AED7EC A60E02CA */  sh      $t6, 0x02CA($s0)           ## 000002CA
/* 01390 80AED7F0 26040144 */  addiu   $a0, $s0, 0x0144           ## $a0 = 00000144
/* 01394 80AED7F4 00003025 */  or      $a2, $zero, $zero          ## $a2 = 00000000
/* 01398 80AED7F8 0C04F872 */  jal     func_8013E1C8              
/* 0139C 80AED7FC 260702D4 */  addiu   $a3, $s0, 0x02D4           ## $a3 = 000002D4
/* 013A0 80AED800 3C014120 */  lui     $at, 0x4120                ## $at = 41200000
/* 013A4 80AED804 44812000 */  mtc1    $at, $f4                   ## $f4 = 10.00
/* 013A8 80AED808 3C0F80AF */  lui     $t7, %hi(func_80AECB6C)    ## $t7 = 80AF0000
/* 013AC 80AED80C 25EFCB6C */  addiu   $t7, $t7, %lo(func_80AECB6C) ## $t7 = 80AECB6C
/* 013B0 80AED810 AE0F0188 */  sw      $t7, 0x0188($s0)           ## 00000188
/* 013B4 80AED814 1000001B */  beq     $zero, $zero, .L80AED884   
/* 013B8 80AED818 E6040160 */  swc1    $f4, 0x0160($s0)           ## 00000160
.L80AED81C:
/* 013BC 80AED81C 8FA4002C */  lw      $a0, 0x002C($sp)           
/* 013C0 80AED820 0C05464E */  jal     func_80151938              
/* 013C4 80AED824 240513FF */  addiu   $a1, $zero, 0x13FF         ## $a1 = 000013FF
/* 013C8 80AED828 10000017 */  beq     $zero, $zero, .L80AED888   
/* 013CC 80AED82C 8FBF001C */  lw      $ra, 0x001C($sp)           
.L80AED830:
/* 013D0 80AED830 0C04567B */  jal     func_801159EC              
/* 013D4 80AED834 2404001E */  addiu   $a0, $zero, 0x001E         ## $a0 = 0000001E
/* 013D8 80AED838 3C03801F */  lui     $v1, 0x801F                ## $v1 = 801F0000
/* 013DC 80AED83C 2463F670 */  addiu   $v1, $v1, 0xF670           ## $v1 = 801EF670
/* 013E0 80AED840 90780F34 */  lbu     $t8, 0x0F34($v1)           ## 801F05A4
/* 013E4 80AED844 8FA4002C */  lw      $a0, 0x002C($sp)           
/* 013E8 80AED848 240513FF */  addiu   $a1, $zero, 0x13FF         ## $a1 = 000013FF
/* 013EC 80AED84C 37190002 */  ori     $t9, $t8, 0x0002           ## $t9 = 00000002
/* 013F0 80AED850 0C05464E */  jal     func_80151938              
/* 013F4 80AED854 A0790F34 */  sb      $t9, 0x0F34($v1)           ## 801F05A4
/* 013F8 80AED858 1000000B */  beq     $zero, $zero, .L80AED888   
/* 013FC 80AED85C 8FBF001C */  lw      $ra, 0x001C($sp)           
.L80AED860:
/* 01400 80AED860 3C0580AF */  lui     $a1, %hi(D_80AEF868)       ## $a1 = 80AF0000
/* 01404 80AED864 24A5F868 */  addiu   $a1, $a1, %lo(D_80AEF868)  ## $a1 = 80AEF868
/* 01408 80AED868 26040144 */  addiu   $a0, $s0, 0x0144           ## $a0 = 00000144
/* 0140C 80AED86C 00003025 */  or      $a2, $zero, $zero          ## $a2 = 00000000
/* 01410 80AED870 0C04F872 */  jal     func_8013E1C8              
/* 01414 80AED874 260702D4 */  addiu   $a3, $s0, 0x02D4           ## $a3 = 000002D4
/* 01418 80AED878 3C0880AF */  lui     $t0, %hi(func_80AECB6C)    ## $t0 = 80AF0000
/* 0141C 80AED87C 2508CB6C */  addiu   $t0, $t0, %lo(func_80AECB6C) ## $t0 = 80AECB6C
/* 01420 80AED880 AE080188 */  sw      $t0, 0x0188($s0)           ## 00000188
.L80AED884:
/* 01424 80AED884 8FBF001C */  lw      $ra, 0x001C($sp)           
.L80AED888:
/* 01428 80AED888 8FB00018 */  lw      $s0, 0x0018($sp)           
/* 0142C 80AED88C 27BD0028 */  addiu   $sp, $sp, 0x0028           ## $sp = 00000000
/* 01430 80AED890 03E00008 */  jr      $ra                        
/* 01434 80AED894 00000000 */  nop


glabel func_80AED898
/* 01438 80AED898 27BDFFD8 */  addiu   $sp, $sp, 0xFFD8           ## $sp = FFFFFFD8
/* 0143C 80AED89C AFB00018 */  sw      $s0, 0x0018($sp)           
/* 01440 80AED8A0 00808025 */  or      $s0, $a0, $zero            ## $s0 = 00000000
/* 01444 80AED8A4 AFBF001C */  sw      $ra, 0x001C($sp)           
/* 01448 80AED8A8 AFA5002C */  sw      $a1, 0x002C($sp)           
/* 0144C 80AED8AC 960E02CA */  lhu     $t6, 0x02CA($s0)           ## 000002CA
/* 01450 80AED8B0 44802000 */  mtc1    $zero, $f4                 ## $f4 = 0.00
/* 01454 80AED8B4 A6000316 */  sh      $zero, 0x0316($s0)         ## 00000316
/* 01458 80AED8B8 31CF1000 */  andi    $t7, $t6, 0x1000           ## $t7 = 00000000
/* 0145C 80AED8BC 11E00012 */  beq     $t7, $zero, .L80AED908     
/* 01460 80AED8C0 E6040070 */  swc1    $f4, 0x0070($s0)           ## 00000070
/* 01464 80AED8C4 8E1802D4 */  lw      $t8, 0x02D4($s0)           ## 000002D4
/* 01468 80AED8C8 24010004 */  addiu   $at, $zero, 0x0004         ## $at = 00000004
/* 0146C 80AED8CC 26040144 */  addiu   $a0, $s0, 0x0144           ## $a0 = 00000144
/* 01470 80AED8D0 17010013 */  bne     $t8, $at, .L80AED920       
/* 01474 80AED8D4 00000000 */  nop
/* 01478 80AED8D8 8E050154 */  lw      $a1, 0x0154($s0)           ## 00000154
/* 0147C 80AED8DC 0C04DE2E */  jal     func_801378B8              
/* 01480 80AED8E0 AFA40024 */  sw      $a0, 0x0024($sp)           
/* 01484 80AED8E4 1040000E */  beq     $v0, $zero, .L80AED920     
/* 01488 80AED8E8 8FA40024 */  lw      $a0, 0x0024($sp)           
/* 0148C 80AED8EC 3C0580AF */  lui     $a1, %hi(D_80AEF868)       ## $a1 = 80AF0000
/* 01490 80AED8F0 24A5F868 */  addiu   $a1, $a1, %lo(D_80AEF868)  ## $a1 = 80AEF868
/* 01494 80AED8F4 24060007 */  addiu   $a2, $zero, 0x0007         ## $a2 = 00000007
/* 01498 80AED8F8 0C04F872 */  jal     func_8013E1C8              
/* 0149C 80AED8FC 260702D4 */  addiu   $a3, $s0, 0x02D4           ## $a3 = 000002D4
/* 014A0 80AED900 10000007 */  beq     $zero, $zero, .L80AED920   
/* 014A4 80AED904 00000000 */  nop
.L80AED908:
/* 014A8 80AED908 3C0580AF */  lui     $a1, %hi(D_80AEF868)       ## $a1 = 80AF0000
/* 014AC 80AED90C 24A5F868 */  addiu   $a1, $a1, %lo(D_80AEF868)  ## $a1 = 80AEF868
/* 014B0 80AED910 26040144 */  addiu   $a0, $s0, 0x0144           ## $a0 = 00000144
/* 014B4 80AED914 24060002 */  addiu   $a2, $zero, 0x0002         ## $a2 = 00000002
/* 014B8 80AED918 0C04F872 */  jal     func_8013E1C8              
/* 014BC 80AED91C 260702D4 */  addiu   $a3, $s0, 0x02D4           ## $a3 = 000002D4
.L80AED920:
/* 014C0 80AED920 3C1980AF */  lui     $t9, %hi(func_80AED940)    ## $t9 = 80AF0000
/* 014C4 80AED924 2739D940 */  addiu   $t9, $t9, %lo(func_80AED940) ## $t9 = 80AED940
/* 014C8 80AED928 AE190188 */  sw      $t9, 0x0188($s0)           ## 00000188
/* 014CC 80AED92C 8FBF001C */  lw      $ra, 0x001C($sp)           
/* 014D0 80AED930 8FB00018 */  lw      $s0, 0x0018($sp)           
/* 014D4 80AED934 27BD0028 */  addiu   $sp, $sp, 0x0028           ## $sp = 00000000
/* 014D8 80AED938 03E00008 */  jr      $ra                        
/* 014DC 80AED93C 00000000 */  nop


glabel func_80AED940
/* 014E0 80AED940 27BDFFA8 */  addiu   $sp, $sp, 0xFFA8           ## $sp = FFFFFFA8
/* 014E4 80AED944 AFB20030 */  sw      $s2, 0x0030($sp)           
/* 014E8 80AED948 AFB1002C */  sw      $s1, 0x002C($sp)           
/* 014EC 80AED94C 00808825 */  or      $s1, $a0, $zero            ## $s1 = 00000000
/* 014F0 80AED950 00A09025 */  or      $s2, $a1, $zero            ## $s2 = 00000000
/* 014F4 80AED954 AFBF0034 */  sw      $ra, 0x0034($sp)           
/* 014F8 80AED958 AFB00028 */  sw      $s0, 0x0028($sp)           
/* 014FC 80AED95C 8E2202D4 */  lw      $v0, 0x02D4($s1)           ## 000002D4
/* 01500 80AED960 24010004 */  addiu   $at, $zero, 0x0004         ## $at = 00000004
/* 01504 80AED964 8E501CCC */  lw      $s0, 0x1CCC($s2)           ## 00001CCC
/* 01508 80AED968 1041003D */  beq     $v0, $at, .L80AEDA60       
/* 0150C 80AED96C 24010007 */  addiu   $at, $zero, 0x0007         ## $at = 00000007
/* 01510 80AED970 5041003C */  beql    $v0, $at, .L80AEDA64       
/* 01514 80AED974 24010004 */  addiu   $at, $zero, 0x0004         ## $at = 00000004
/* 01518 80AED978 862E00BE */  lh      $t6, 0x00BE($s1)           ## 000000BE
/* 0151C 80AED97C 862F0092 */  lh      $t7, 0x0092($s1)           ## 00000092
/* 01520 80AED980 2624031C */  addiu   $a0, $s1, 0x031C           ## $a0 = 0000031C
/* 01524 80AED984 24060003 */  addiu   $a2, $zero, 0x0003         ## $a2 = 00000003
/* 01528 80AED988 01CF2823 */  subu    $a1, $t6, $t7              
/* 0152C 80AED98C 24A51555 */  addiu   $a1, $a1, 0x1555           ## $a1 = 00001555
/* 01530 80AED990 00052C00 */  sll     $a1, $a1, 16               
/* 01534 80AED994 00052C03 */  sra     $a1, $a1, 16               
/* 01538 80AED998 04A00003 */  bltz    $a1, .L80AED9A8            
/* 0153C 80AED99C 00051823 */  subu    $v1, $zero, $a1            
/* 01540 80AED9A0 10000001 */  beq     $zero, $zero, .L80AED9A8   
/* 01544 80AED9A4 00A01825 */  or      $v1, $a1, $zero            ## $v1 = 00001555
.L80AED9A8:
/* 01548 80AED9A8 28611800 */  slti    $at, $v1, 0x1800           
/* 0154C 80AED9AC 10200008 */  beq     $at, $zero, .L80AED9D0     
/* 01550 80AED9B0 2407071C */  addiu   $a3, $zero, 0x071C         ## $a3 = 0000071C
/* 01554 80AED9B4 2624031C */  addiu   $a0, $s1, 0x031C           ## $a0 = 0000031C
/* 01558 80AED9B8 24060003 */  addiu   $a2, $zero, 0x0003         ## $a2 = 00000003
/* 0155C 80AED9BC 2407071C */  addiu   $a3, $zero, 0x071C         ## $a3 = 0000071C
/* 01560 80AED9C0 0C03FFAF */  jal     func_800FFEBC              
/* 01564 80AED9C4 AFA00010 */  sw      $zero, 0x0010($sp)         
/* 01568 80AED9C8 10000005 */  beq     $zero, $zero, .L80AED9E0   
/* 0156C 80AED9CC 27A40044 */  addiu   $a0, $sp, 0x0044           ## $a0 = FFFFFFEC
.L80AED9D0:
/* 01570 80AED9D0 00002825 */  or      $a1, $zero, $zero          ## $a1 = 00000000
/* 01574 80AED9D4 0C03FFAF */  jal     func_800FFEBC              
/* 01578 80AED9D8 AFA00010 */  sw      $zero, 0x0010($sp)         
/* 0157C 80AED9DC 27A40044 */  addiu   $a0, $sp, 0x0044           ## $a0 = FFFFFFEC
.L80AED9E0:
/* 01580 80AED9E0 0C03FD43 */  jal     func_800FF50C              
/* 01584 80AED9E4 26050024 */  addiu   $a1, $s0, 0x0024           ## $a1 = 00000024
/* 01588 80AED9E8 3C014040 */  lui     $at, 0x4040                ## $at = 40400000
/* 0158C 80AED9EC 44813000 */  mtc1    $at, $f6                   ## $f6 = 3.00
/* 01590 80AED9F0 C6040C44 */  lwc1    $f4, 0x0C44($s0)           ## 00000C44
/* 01594 80AED9F4 2624003C */  addiu   $a0, $s1, 0x003C           ## $a0 = 0000003C
/* 01598 80AED9F8 27A50044 */  addiu   $a1, $sp, 0x0044           ## $a1 = FFFFFFEC
/* 0159C 80AED9FC 46062200 */  add.s   $f8, $f4, $f6              
/* 015A0 80AEDA00 0C03FEA5 */  jal     func_800FFA94              
/* 015A4 80AEDA04 E7A80048 */  swc1    $f8, 0x0048($sp)           
/* 015A8 80AEDA08 00022C00 */  sll     $a1, $v0, 16               
/* 015AC 80AEDA0C 04400003 */  bltz    $v0, .L80AEDA1C            
/* 015B0 80AEDA10 00052C03 */  sra     $a1, $a1, 16               
/* 015B4 80AEDA14 10000002 */  beq     $zero, $zero, .L80AEDA20   
/* 015B8 80AEDA18 00401825 */  or      $v1, $v0, $zero            ## $v1 = 00000000
.L80AEDA1C:
/* 015BC 80AEDA1C 00021823 */  subu    $v1, $zero, $v0            
.L80AEDA20:
/* 015C0 80AEDA20 28610800 */  slti    $at, $v1, 0x0800           
/* 015C4 80AEDA24 10200008 */  beq     $at, $zero, .L80AEDA48     
/* 015C8 80AEDA28 2624031A */  addiu   $a0, $s1, 0x031A           ## $a0 = 0000031A
/* 015CC 80AEDA2C 2624031A */  addiu   $a0, $s1, 0x031A           ## $a0 = 0000031A
/* 015D0 80AEDA30 24060003 */  addiu   $a2, $zero, 0x0003         ## $a2 = 00000003
/* 015D4 80AEDA34 2407016C */  addiu   $a3, $zero, 0x016C         ## $a3 = 0000016C
/* 015D8 80AEDA38 0C03FFAF */  jal     func_800FFEBC              
/* 015DC 80AEDA3C AFA00010 */  sw      $zero, 0x0010($sp)         
/* 015E0 80AEDA40 10000007 */  beq     $zero, $zero, .L80AEDA60   
/* 015E4 80AEDA44 8E2202D4 */  lw      $v0, 0x02D4($s1)           ## 000002D4
.L80AEDA48:
/* 015E8 80AEDA48 00002825 */  or      $a1, $zero, $zero          ## $a1 = 00000000
/* 015EC 80AEDA4C 24060003 */  addiu   $a2, $zero, 0x0003         ## $a2 = 00000003
/* 015F0 80AEDA50 2407016C */  addiu   $a3, $zero, 0x016C         ## $a3 = 0000016C
/* 015F4 80AEDA54 0C03FFAF */  jal     func_800FFEBC              
/* 015F8 80AEDA58 AFA00010 */  sw      $zero, 0x0010($sp)         
/* 015FC 80AEDA5C 8E2202D4 */  lw      $v0, 0x02D4($s1)           ## 000002D4
.L80AEDA60:
/* 01600 80AEDA60 24010004 */  addiu   $at, $zero, 0x0004         ## $at = 00000004
.L80AEDA64:
/* 01604 80AEDA64 1441000B */  bne     $v0, $at, .L80AEDA94       
/* 01608 80AEDA68 26300144 */  addiu   $s0, $s1, 0x0144           ## $s0 = 00000144
/* 0160C 80AEDA6C 02002025 */  or      $a0, $s0, $zero            ## $a0 = 00000144
/* 01610 80AEDA70 0C04DE2E */  jal     func_801378B8              
/* 01614 80AEDA74 8E250154 */  lw      $a1, 0x0154($s1)           ## 00000154
/* 01618 80AEDA78 10400006 */  beq     $v0, $zero, .L80AEDA94     
/* 0161C 80AEDA7C 02002025 */  or      $a0, $s0, $zero            ## $a0 = 00000144
/* 01620 80AEDA80 3C0580AF */  lui     $a1, %hi(D_80AEF868)       ## $a1 = 80AF0000
/* 01624 80AEDA84 24A5F868 */  addiu   $a1, $a1, %lo(D_80AEF868)  ## $a1 = 80AEF868
/* 01628 80AEDA88 24060007 */  addiu   $a2, $zero, 0x0007         ## $a2 = 00000007
/* 0162C 80AEDA8C 0C04F872 */  jal     func_8013E1C8              
/* 01630 80AEDA90 262702D4 */  addiu   $a3, $s1, 0x02D4           ## $a3 = 000002D4
.L80AEDA94:
/* 01634 80AEDA94 963802CA */  lhu     $t8, 0x02CA($s1)           ## 000002CA
/* 01638 80AEDA98 00008025 */  or      $s0, $zero, $zero          ## $s0 = 00000000
/* 0163C 80AEDA9C 33190040 */  andi    $t9, $t8, 0x0040           ## $t9 = 00000000
/* 01640 80AEDAA0 1720001A */  bne     $t9, $zero, .L80AEDB0C     
/* 01644 80AEDAA4 02402025 */  or      $a0, $s2, $zero            ## $a0 = 00000000
.L80AEDAA8:
/* 01648 80AEDAA8 02002825 */  or      $a1, $s0, $zero            ## $a1 = 00000000
/* 0164C 80AEDAAC 24060004 */  addiu   $a2, $zero, 0x0004         ## $a2 = 00000004
/* 01650 80AEDAB0 0C04F658 */  jal     func_8013D960              
/* 01654 80AEDAB4 240701CA */  addiu   $a3, $zero, 0x01CA         ## $a3 = 000001CA
/* 01658 80AEDAB8 10400012 */  beq     $v0, $zero, .L80AEDB04     
/* 0165C 80AEDABC 00408025 */  or      $s0, $v0, $zero            ## $s0 = 00000000
/* 01660 80AEDAC0 8448001C */  lh      $t0, 0x001C($v0)           ## 0000001C
/* 01664 80AEDAC4 24010001 */  addiu   $at, $zero, 0x0001         ## $at = 00000001
/* 01668 80AEDAC8 3109000F */  andi    $t1, $t0, 0x000F           ## $t1 = 00000000
/* 0166C 80AEDACC 1521000C */  bne     $t1, $at, .L80AEDB00       
/* 01670 80AEDAD0 262402EC */  addiu   $a0, $s1, 0x02EC           ## $a0 = 000002EC
/* 01674 80AEDAD4 0C03FD43 */  jal     func_800FF50C              
/* 01678 80AEDAD8 26050024 */  addiu   $a1, $s0, 0x0024           ## $a1 = 00000024
/* 0167C 80AEDADC 262402F8 */  addiu   $a0, $s1, 0x02F8           ## $a0 = 000002F8
/* 01680 80AEDAE0 0C03FD4B */  jal     func_800FF52C              
/* 01684 80AEDAE4 26050030 */  addiu   $a1, $s0, 0x0030           ## $a1 = 00000030
/* 01688 80AEDAE8 0C02D9C3 */  jal     func_800B670C              
/* 0168C 80AEDAEC 02002025 */  or      $a0, $s0, $zero            ## $a0 = 00000000
/* 01690 80AEDAF0 962A02CA */  lhu     $t2, 0x02CA($s1)           ## 000002CA
/* 01694 80AEDAF4 354B0040 */  ori     $t3, $t2, 0x0040           ## $t3 = 00000040
/* 01698 80AEDAF8 10000004 */  beq     $zero, $zero, .L80AEDB0C   
/* 0169C 80AEDAFC A62B02CA */  sh      $t3, 0x02CA($s1)           ## 000002CA
.L80AEDB00:
/* 016A0 80AEDB00 8C50012C */  lw      $s0, 0x012C($v0)           ## 0000012C
.L80AEDB04:
/* 016A4 80AEDB04 5600FFE8 */  bnel    $s0, $zero, .L80AEDAA8     
/* 016A8 80AEDB08 02402025 */  or      $a0, $s2, $zero            ## $a0 = 00000000
.L80AEDB0C:
/* 016AC 80AEDB0C 02202025 */  or      $a0, $s1, $zero            ## $a0 = 00000000
/* 016B0 80AEDB10 0C02E134 */  jal     func_800B84D0              
/* 016B4 80AEDB14 02402825 */  or      $a1, $s2, $zero            ## $a1 = 00000000
/* 016B8 80AEDB18 10400013 */  beq     $v0, $zero, .L80AEDB68     
/* 016BC 80AEDB1C 3C01FFFE */  lui     $at, 0xFFFE                ## $at = FFFE0000
/* 016C0 80AEDB20 8E2E0004 */  lw      $t6, 0x0004($s1)           ## 00000004
/* 016C4 80AEDB24 962C02CA */  lhu     $t4, 0x02CA($s1)           ## 000002CA
/* 016C8 80AEDB28 3421FFFF */  ori     $at, $at, 0xFFFF           ## $at = FFFEFFFF
/* 016CC 80AEDB2C 01C17824 */  and     $t7, $t6, $at              
/* 016D0 80AEDB30 3C010001 */  lui     $at, 0x0001                ## $at = 00010000
/* 016D4 80AEDB34 318DFF7F */  andi    $t5, $t4, 0xFF7F           ## $t5 = 00000000
/* 016D8 80AEDB38 A62D02CA */  sh      $t5, 0x02CA($s1)           ## 000002CA
/* 016DC 80AEDB3C AE2F0004 */  sw      $t7, 0x0004($s1)           ## 00000004
/* 016E0 80AEDB40 00320821 */  addu    $at, $at, $s2              
/* 016E4 80AEDB44 A020682A */  sb      $zero, 0x682A($at)         ## 0001682A
/* 016E8 80AEDB48 3C010001 */  lui     $at, 0x0001                ## $at = 00010000
/* 016EC 80AEDB4C 00320821 */  addu    $at, $at, $s2              
/* 016F0 80AEDB50 AC206818 */  sw      $zero, 0x6818($at)         ## 00016818
/* 016F4 80AEDB54 02202025 */  or      $a0, $s1, $zero            ## $a0 = 00000000
/* 016F8 80AEDB58 0C2BB784 */  jal     func_80AEDE10              
/* 016FC 80AEDB5C 02402825 */  or      $a1, $s2, $zero            ## $a1 = 00000000
/* 01700 80AEDB60 1000001D */  beq     $zero, $zero, .L80AEDBD8   
/* 01704 80AEDB64 8FBF0034 */  lw      $ra, 0x0034($sp)           
.L80AEDB68:
/* 01708 80AEDB68 963802CA */  lhu     $t8, 0x02CA($s1)           ## 000002CA
/* 0170C 80AEDB6C 3C0142C8 */  lui     $at, 0x42C8                ## $at = 42C80000
/* 01710 80AEDB70 02202025 */  or      $a0, $s1, $zero            ## $a0 = 00000000
/* 01714 80AEDB74 33190080 */  andi    $t9, $t8, 0x0080           ## $t9 = 00000000
/* 01718 80AEDB78 17200012 */  bne     $t9, $zero, .L80AEDBC4     
/* 0171C 80AEDB7C 02402825 */  or      $a1, $s2, $zero            ## $a1 = 00000000
/* 01720 80AEDB80 44810000 */  mtc1    $at, $f0                   ## $f0 = 100.00
/* 01724 80AEDB84 C62A0098 */  lwc1    $f10, 0x0098($s1)          ## 00000098
/* 01728 80AEDB88 02202025 */  or      $a0, $s1, $zero            ## $a0 = 00000000
/* 0172C 80AEDB8C 02402825 */  or      $a1, $s2, $zero            ## $a1 = 00000000
/* 01730 80AEDB90 4600503C */  c.lt.s  $f10, $f0                  
/* 01734 80AEDB94 24084000 */  addiu   $t0, $zero, 0x4000         ## $t0 = 00004000
/* 01738 80AEDB98 24094000 */  addiu   $t1, $zero, 0x4000         ## $t1 = 00004000
/* 0173C 80AEDB9C 4502000E */  bc1fl   .L80AEDBD8                 
/* 01740 80AEDBA0 8FBF0034 */  lw      $ra, 0x0034($sp)           
/* 01744 80AEDBA4 44060000 */  mfc1    $a2, $f0                   
/* 01748 80AEDBA8 44070000 */  mfc1    $a3, $f0                   
/* 0174C 80AEDBAC AFA00010 */  sw      $zero, 0x0010($sp)         
/* 01750 80AEDBB0 AFA80014 */  sw      $t0, 0x0014($sp)           
/* 01754 80AEDBB4 0C04FA3E */  jal     func_8013E8F8              
/* 01758 80AEDBB8 AFA90018 */  sw      $t1, 0x0018($sp)           
/* 0175C 80AEDBBC 10000006 */  beq     $zero, $zero, .L80AEDBD8   
/* 01760 80AEDBC0 8FBF0034 */  lw      $ra, 0x0034($sp)           
.L80AEDBC4:
/* 01764 80AEDBC4 8E260098 */  lw      $a2, 0x0098($s1)           ## 00000098
/* 01768 80AEDBC8 8E27009C */  lw      $a3, 0x009C($s1)           ## 0000009C
/* 0176C 80AEDBCC 0C02E140 */  jal     func_800B8500              
/* 01770 80AEDBD0 AFA00010 */  sw      $zero, 0x0010($sp)         
/* 01774 80AEDBD4 8FBF0034 */  lw      $ra, 0x0034($sp)           
.L80AEDBD8:
/* 01778 80AEDBD8 8FB00028 */  lw      $s0, 0x0028($sp)           
/* 0177C 80AEDBDC 8FB1002C */  lw      $s1, 0x002C($sp)           
/* 01780 80AEDBE0 8FB20030 */  lw      $s2, 0x0030($sp)           
/* 01784 80AEDBE4 03E00008 */  jr      $ra                        
/* 01788 80AEDBE8 27BD0058 */  addiu   $sp, $sp, 0x0058           ## $sp = 00000000


glabel func_80AEDBEC
/* 0178C 80AEDBEC 27BDFFE0 */  addiu   $sp, $sp, 0xFFE0           ## $sp = FFFFFFE0
/* 01790 80AEDBF0 AFB00018 */  sw      $s0, 0x0018($sp)           
/* 01794 80AEDBF4 00808025 */  or      $s0, $a0, $zero            ## $s0 = 00000000
/* 01798 80AEDBF8 AFBF001C */  sw      $ra, 0x001C($sp)           
/* 0179C 80AEDBFC AFA50024 */  sw      $a1, 0x0024($sp)           
/* 017A0 80AEDC00 44802000 */  mtc1    $zero, $f4                 ## $f4 = 0.00
/* 017A4 80AEDC04 240EFFFF */  addiu   $t6, $zero, 0xFFFF         ## $t6 = FFFFFFFF
/* 017A8 80AEDC08 3C0580AF */  lui     $a1, %hi(D_80AEF868)       ## $a1 = 80AF0000
/* 017AC 80AEDC0C A60E001C */  sh      $t6, 0x001C($s0)           ## 0000001C
/* 017B0 80AEDC10 A60002E8 */  sh      $zero, 0x02E8($s0)         ## 000002E8
/* 017B4 80AEDC14 24A5F868 */  addiu   $a1, $a1, %lo(D_80AEF868)  ## $a1 = 80AEF868
/* 017B8 80AEDC18 26040144 */  addiu   $a0, $s0, 0x0144           ## $a0 = 00000144
/* 017BC 80AEDC1C 24060002 */  addiu   $a2, $zero, 0x0002         ## $a2 = 00000002
/* 017C0 80AEDC20 260702D4 */  addiu   $a3, $s0, 0x02D4           ## $a3 = 000002D4
/* 017C4 80AEDC24 0C04F872 */  jal     func_8013E1C8              
/* 017C8 80AEDC28 E6040070 */  swc1    $f4, 0x0070($s0)           ## 00000070
/* 017CC 80AEDC2C 3C0F80AF */  lui     $t7, %hi(func_80AEDC4C)    ## $t7 = 80AF0000
/* 017D0 80AEDC30 25EFDC4C */  addiu   $t7, $t7, %lo(func_80AEDC4C) ## $t7 = 80AEDC4C
/* 017D4 80AEDC34 AE0F0188 */  sw      $t7, 0x0188($s0)           ## 00000188
/* 017D8 80AEDC38 8FBF001C */  lw      $ra, 0x001C($sp)           
/* 017DC 80AEDC3C 8FB00018 */  lw      $s0, 0x0018($sp)           
/* 017E0 80AEDC40 27BD0020 */  addiu   $sp, $sp, 0x0020           ## $sp = 00000000
/* 017E4 80AEDC44 03E00008 */  jr      $ra                        
/* 017E8 80AEDC48 00000000 */  nop


glabel func_80AEDC4C
/* 017EC 80AEDC4C 27BDFFE0 */  addiu   $sp, $sp, 0xFFE0           ## $sp = FFFFFFE0
/* 017F0 80AEDC50 AFB00018 */  sw      $s0, 0x0018($sp)           
/* 017F4 80AEDC54 00808025 */  or      $s0, $a0, $zero            ## $s0 = 00000000
/* 017F8 80AEDC58 AFBF001C */  sw      $ra, 0x001C($sp)           
/* 017FC 80AEDC5C AFA50024 */  sw      $a1, 0x0024($sp)           
/* 01800 80AEDC60 8606001C */  lh      $a2, 0x001C($s0)           ## 0000001C
/* 01804 80AEDC64 02002025 */  or      $a0, $s0, $zero            ## $a0 = 00000000
/* 01808 80AEDC68 00003825 */  or      $a3, $zero, $zero          ## $a3 = 00000000
/* 0180C 80AEDC6C 04C2000F */  bltzl   $a2, .L80AEDCAC            
/* 01810 80AEDC70 8FBF001C */  lw      $ra, 0x001C($sp)           
/* 01814 80AEDC74 0C04F8B5 */  jal     func_8013E2D4              
/* 01818 80AEDC78 86050314 */  lh      $a1, 0x0314($s0)           ## 00000314
/* 0181C 80AEDC7C 5040000B */  beql    $v0, $zero, .L80AEDCAC     
/* 01820 80AEDC80 8FBF001C */  lw      $ra, 0x001C($sp)           
/* 01824 80AEDC84 0C03C83E */  jal     func_800F20F8              
/* 01828 80AEDC88 86040314 */  lh      $a0, 0x0314($s0)           ## 00000314
/* 0182C 80AEDC8C A60202E8 */  sh      $v0, 0x02E8($s0)           ## 000002E8
/* 01830 80AEDC90 8FA40024 */  lw      $a0, 0x0024($sp)           
/* 01834 80AEDC94 0C05464E */  jal     func_80151938              
/* 01838 80AEDC98 24051411 */  addiu   $a1, $zero, 0x1411         ## $a1 = 00001411
/* 0183C 80AEDC9C 02002025 */  or      $a0, $s0, $zero            ## $a0 = 00000000
/* 01840 80AEDCA0 0C2BB72F */  jal     func_80AEDCBC              
/* 01844 80AEDCA4 8FA50024 */  lw      $a1, 0x0024($sp)           
/* 01848 80AEDCA8 8FBF001C */  lw      $ra, 0x001C($sp)           
.L80AEDCAC:
/* 0184C 80AEDCAC 8FB00018 */  lw      $s0, 0x0018($sp)           
/* 01850 80AEDCB0 27BD0020 */  addiu   $sp, $sp, 0x0020           ## $sp = 00000000
/* 01854 80AEDCB4 03E00008 */  jr      $ra                        
/* 01858 80AEDCB8 00000000 */  nop


glabel func_80AEDCBC
/* 0185C 80AEDCBC 27BDFFD8 */  addiu   $sp, $sp, 0xFFD8           ## $sp = FFFFFFD8
/* 01860 80AEDCC0 AFB00018 */  sw      $s0, 0x0018($sp)           
/* 01864 80AEDCC4 00808025 */  or      $s0, $a0, $zero            ## $s0 = 00000000
/* 01868 80AEDCC8 AFBF001C */  sw      $ra, 0x001C($sp)           
/* 0186C 80AEDCCC AFA5002C */  sw      $a1, 0x002C($sp)           
/* 01870 80AEDCD0 3C014120 */  lui     $at, 0x4120                ## $at = 41200000
/* 01874 80AEDCD4 44812000 */  mtc1    $at, $f4                   ## $f4 = 10.00
/* 01878 80AEDCD8 3C0580AF */  lui     $a1, %hi(D_80AEF868)       ## $a1 = 80AF0000
/* 0187C 80AEDCDC 24A5F868 */  addiu   $a1, $a1, %lo(D_80AEF868)  ## $a1 = 80AEF868
/* 01880 80AEDCE0 26040144 */  addiu   $a0, $s0, 0x0144           ## $a0 = 00000144
/* 01884 80AEDCE4 24060005 */  addiu   $a2, $zero, 0x0005         ## $a2 = 00000005
/* 01888 80AEDCE8 260702D4 */  addiu   $a3, $s0, 0x02D4           ## $a3 = 000002D4
/* 0188C 80AEDCEC 0C04F872 */  jal     func_8013E1C8              
/* 01890 80AEDCF0 E6040070 */  swc1    $f4, 0x0070($s0)           ## 00000070
/* 01894 80AEDCF4 260502EC */  addiu   $a1, $s0, 0x02EC           ## $a1 = 000002EC
/* 01898 80AEDCF8 AFA50024 */  sw      $a1, 0x0024($sp)           
/* 0189C 80AEDCFC 0C03FD43 */  jal     func_800FF50C              
/* 018A0 80AEDD00 26040024 */  addiu   $a0, $s0, 0x0024           ## $a0 = 00000024
/* 018A4 80AEDD04 8FA50024 */  lw      $a1, 0x0024($sp)           
/* 018A8 80AEDD08 0C03FD43 */  jal     func_800FF50C              
/* 018AC 80AEDD0C 26040108 */  addiu   $a0, $s0, 0x0108           ## $a0 = 00000108
/* 018B0 80AEDD10 260502F8 */  addiu   $a1, $s0, 0x02F8           ## $a1 = 000002F8
/* 018B4 80AEDD14 AFA50024 */  sw      $a1, 0x0024($sp)           
/* 018B8 80AEDD18 0C03FD4B */  jal     func_800FF52C              
/* 018BC 80AEDD1C 26040030 */  addiu   $a0, $s0, 0x0030           ## $a0 = 00000030
/* 018C0 80AEDD20 8FA50024 */  lw      $a1, 0x0024($sp)           
/* 018C4 80AEDD24 0C03FD4B */  jal     func_800FF52C              
/* 018C8 80AEDD28 260400BC */  addiu   $a0, $s0, 0x00BC           ## $a0 = 000000BC
/* 018CC 80AEDD2C 3C0E80AF */  lui     $t6, %hi(func_80AEDD4C)    ## $t6 = 80AF0000
/* 018D0 80AEDD30 25CEDD4C */  addiu   $t6, $t6, %lo(func_80AEDD4C) ## $t6 = 80AEDD4C
/* 018D4 80AEDD34 AE0E0188 */  sw      $t6, 0x0188($s0)           ## 00000188
/* 018D8 80AEDD38 8FBF001C */  lw      $ra, 0x001C($sp)           
/* 018DC 80AEDD3C 8FB00018 */  lw      $s0, 0x0018($sp)           
/* 018E0 80AEDD40 27BD0028 */  addiu   $sp, $sp, 0x0028           ## $sp = 00000000
/* 018E4 80AEDD44 03E00008 */  jr      $ra                        
/* 018E8 80AEDD48 00000000 */  nop


glabel func_80AEDD4C
/* 018EC 80AEDD4C 27BDFFE8 */  addiu   $sp, $sp, 0xFFE8           ## $sp = FFFFFFE8
/* 018F0 80AEDD50 AFBF0014 */  sw      $ra, 0x0014($sp)           
/* 018F4 80AEDD54 AFA5001C */  sw      $a1, 0x001C($sp)           
/* 018F8 80AEDD58 00803025 */  or      $a2, $a0, $zero            ## $a2 = 00000000
/* 018FC 80AEDD5C 84CE02E8 */  lh      $t6, 0x02E8($a2)           ## 000002E8
/* 01900 80AEDD60 25CFFFFF */  addiu   $t7, $t6, 0xFFFF           ## $t7 = FFFFFFFF
/* 01904 80AEDD64 A4CF02E8 */  sh      $t7, 0x02E8($a2)           ## 000002E8
/* 01908 80AEDD68 84D802E8 */  lh      $t8, 0x02E8($a2)           ## 000002E8
/* 0190C 80AEDD6C 5F000009 */  bgtzl   $t8, .L80AEDD94            
/* 01910 80AEDD70 8FBF0014 */  lw      $ra, 0x0014($sp)           
/* 01914 80AEDD74 84C40314 */  lh      $a0, 0x0314($a2)           ## 00000314
/* 01918 80AEDD78 0C03C7EF */  jal     func_800F1FBC              
/* 0191C 80AEDD7C AFA60018 */  sw      $a2, 0x0018($sp)           
/* 01920 80AEDD80 0C051DED */  jal     func_801477B4              
/* 01924 80AEDD84 8FA4001C */  lw      $a0, 0x001C($sp)           
/* 01928 80AEDD88 0C02D9C3 */  jal     func_800B670C              
/* 0192C 80AEDD8C 8FA40018 */  lw      $a0, 0x0018($sp)           
/* 01930 80AEDD90 8FBF0014 */  lw      $ra, 0x0014($sp)           
.L80AEDD94:
/* 01934 80AEDD94 27BD0018 */  addiu   $sp, $sp, 0x0018           ## $sp = 00000000
/* 01938 80AEDD98 03E00008 */  jr      $ra                        
/* 0193C 80AEDD9C 00000000 */  nop


glabel func_80AEDDA0
/* 01940 80AEDDA0 27BDFFE0 */  addiu   $sp, $sp, 0xFFE0           ## $sp = FFFFFFE0
/* 01944 80AEDDA4 AFB00018 */  sw      $s0, 0x0018($sp)           
/* 01948 80AEDDA8 00808025 */  or      $s0, $a0, $zero            ## $s0 = 00000000
/* 0194C 80AEDDAC AFBF001C */  sw      $ra, 0x001C($sp)           
/* 01950 80AEDDB0 AFA50024 */  sw      $a1, 0x0024($sp)           
/* 01954 80AEDDB4 44802000 */  mtc1    $zero, $f4                 ## $f4 = 0.00
/* 01958 80AEDDB8 3C0580AF */  lui     $a1, %hi(D_80AEF868)       ## $a1 = 80AF0000
/* 0195C 80AEDDBC 24A5F868 */  addiu   $a1, $a1, %lo(D_80AEF868)  ## $a1 = 80AEF868
/* 01960 80AEDDC0 26040144 */  addiu   $a0, $s0, 0x0144           ## $a0 = 00000144
/* 01964 80AEDDC4 24060002 */  addiu   $a2, $zero, 0x0002         ## $a2 = 00000002
/* 01968 80AEDDC8 260702D4 */  addiu   $a3, $s0, 0x02D4           ## $a3 = 000002D4
/* 0196C 80AEDDCC 0C04F872 */  jal     func_8013E1C8              
/* 01970 80AEDDD0 E6040070 */  swc1    $f4, 0x0070($s0)           ## 00000070
/* 01974 80AEDDD4 8E0E0004 */  lw      $t6, 0x0004($s0)           ## 00000004
/* 01978 80AEDDD8 961802CA */  lhu     $t8, 0x02CA($s0)           ## 000002CA
/* 0197C 80AEDDDC 3C010001 */  lui     $at, 0x0001                ## $at = 00010000
/* 01980 80AEDDE0 3C0880AF */  lui     $t0, %hi(func_80AED940)    ## $t0 = 80AF0000
/* 01984 80AEDDE4 2508D940 */  addiu   $t0, $t0, %lo(func_80AED940) ## $t0 = 80AED940
/* 01988 80AEDDE8 01C17825 */  or      $t7, $t6, $at              ## $t7 = 00010000
/* 0198C 80AEDDEC 37190080 */  ori     $t9, $t8, 0x0080           ## $t9 = 00000080
/* 01990 80AEDDF0 AE0F0004 */  sw      $t7, 0x0004($s0)           ## 00000004
/* 01994 80AEDDF4 A61902CA */  sh      $t9, 0x02CA($s0)           ## 000002CA
/* 01998 80AEDDF8 AE080188 */  sw      $t0, 0x0188($s0)           ## 00000188
/* 0199C 80AEDDFC 8FBF001C */  lw      $ra, 0x001C($sp)           
/* 019A0 80AEDE00 8FB00018 */  lw      $s0, 0x0018($sp)           
/* 019A4 80AEDE04 27BD0020 */  addiu   $sp, $sp, 0x0020           ## $sp = 00000000
/* 019A8 80AEDE08 03E00008 */  jr      $ra                        
/* 019AC 80AEDE0C 00000000 */  nop


glabel func_80AEDE10
/* 019B0 80AEDE10 27BDFFE0 */  addiu   $sp, $sp, 0xFFE0           ## $sp = FFFFFFE0
/* 019B4 80AEDE14 AFB00018 */  sw      $s0, 0x0018($sp)           
/* 019B8 80AEDE18 00808025 */  or      $s0, $a0, $zero            ## $s0 = 00000000
/* 019BC 80AEDE1C AFBF001C */  sw      $ra, 0x001C($sp)           
/* 019C0 80AEDE20 00A03825 */  or      $a3, $a1, $zero            ## $a3 = 00000000
/* 019C4 80AEDE24 820202B0 */  lb      $v0, 0x02B0($s0)           ## 000002B0
/* 019C8 80AEDE28 24010002 */  addiu   $at, $zero, 0x0002         ## $at = 00000002
/* 019CC 80AEDE2C 00E02025 */  or      $a0, $a3, $zero            ## $a0 = 00000000
/* 019D0 80AEDE30 10400005 */  beq     $v0, $zero, .L80AEDE48     
/* 019D4 80AEDE34 00000000 */  nop
/* 019D8 80AEDE38 1041003F */  beq     $v0, $at, .L80AEDF38       
/* 019DC 80AEDE3C 240C1414 */  addiu   $t4, $zero, 0x1414         ## $t4 = 00001414
/* 019E0 80AEDE40 1000003E */  beq     $zero, $zero, .L80AEDF3C   
/* 019E4 80AEDE44 00000000 */  nop
.L80AEDE48:
/* 019E8 80AEDE48 0C04900F */  jal     func_8012403C              
/* 019EC 80AEDE4C AFA70024 */  sw      $a3, 0x0024($sp)           
/* 019F0 80AEDE50 2401000F */  addiu   $at, $zero, 0x000F         ## $at = 0000000F
/* 019F4 80AEDE54 14410004 */  bne     $v0, $at, .L80AEDE68       
/* 019F8 80AEDE58 8FA70024 */  lw      $a3, 0x0024($sp)           
/* 019FC 80AEDE5C 240E1404 */  addiu   $t6, $zero, 0x1404         ## $t6 = 00001404
/* 01A00 80AEDE60 10000036 */  beq     $zero, $zero, .L80AEDF3C   
/* 01A04 80AEDE64 A60E02E6 */  sh      $t6, 0x02E6($s0)           ## 000002E6
.L80AEDE68:
/* 01A08 80AEDE68 86020310 */  lh      $v0, 0x0310($s0)           ## 00000310
/* 01A0C 80AEDE6C 24010002 */  addiu   $at, $zero, 0x0002         ## $at = 00000002
/* 01A10 80AEDE70 5040000C */  beql    $v0, $zero, .L80AEDEA4     
/* 01A14 80AEDE74 960F02CA */  lhu     $t7, 0x02CA($s0)           ## 000002CA
/* 01A18 80AEDE78 10410017 */  beq     $v0, $at, .L80AEDED8       
/* 01A1C 80AEDE7C 240B140D */  addiu   $t3, $zero, 0x140D         ## $t3 = 0000140D
/* 01A20 80AEDE80 24010003 */  addiu   $at, $zero, 0x0003         ## $at = 00000003
/* 01A24 80AEDE84 10410021 */  beq     $v0, $at, .L80AEDF0C       
/* 01A28 80AEDE88 00E02025 */  or      $a0, $a3, $zero            ## $a0 = 00000000
/* 01A2C 80AEDE8C 24010004 */  addiu   $at, $zero, 0x0004         ## $at = 00000004
/* 01A30 80AEDE90 10410013 */  beq     $v0, $at, .L80AEDEE0       
/* 01A34 80AEDE94 00E02025 */  or      $a0, $a3, $zero            ## $a0 = 00000000
/* 01A38 80AEDE98 10000028 */  beq     $zero, $zero, .L80AEDF3C   
/* 01A3C 80AEDE9C 00000000 */  nop
/* 01A40 80AEDEA0 960F02CA */  lhu     $t7, 0x02CA($s0)           ## 000002CA
.L80AEDEA4:
/* 01A44 80AEDEA4 3C19801F */  lui     $t9, 0x801F                ## $t9 = 801F0000
/* 01A48 80AEDEA8 24091405 */  addiu   $t1, $zero, 0x1405         ## $t1 = 00001405
/* 01A4C 80AEDEAC 31F8EFFF */  andi    $t8, $t7, 0xEFFF           ## $t8 = 00000000
/* 01A50 80AEDEB0 A61802CA */  sh      $t8, 0x02CA($s0)           ## 000002CA
/* 01A54 80AEDEB4 9339059C */  lbu     $t9, 0x059C($t9)           ## 801F059C
/* 01A58 80AEDEB8 240A140B */  addiu   $t2, $zero, 0x140B         ## $t2 = 0000140B
/* 01A5C 80AEDEBC 33280080 */  andi    $t0, $t9, 0x0080           ## $t0 = 00000000
/* 01A60 80AEDEC0 15000003 */  bne     $t0, $zero, .L80AEDED0     
/* 01A64 80AEDEC4 00000000 */  nop
/* 01A68 80AEDEC8 1000001C */  beq     $zero, $zero, .L80AEDF3C   
/* 01A6C 80AEDECC A60902E6 */  sh      $t1, 0x02E6($s0)           ## 000002E6
.L80AEDED0:
/* 01A70 80AEDED0 1000001A */  beq     $zero, $zero, .L80AEDF3C   
/* 01A74 80AEDED4 A60A02E6 */  sh      $t2, 0x02E6($s0)           ## 000002E6
.L80AEDED8:
/* 01A78 80AEDED8 10000018 */  beq     $zero, $zero, .L80AEDF3C   
/* 01A7C 80AEDEDC A60B02E6 */  sh      $t3, 0x02E6($s0)           ## 000002E6
.L80AEDEE0:
/* 01A80 80AEDEE0 2405140F */  addiu   $a1, $zero, 0x140F         ## $a1 = 0000140F
/* 01A84 80AEDEE4 0C05462C */  jal     func_801518B0              
/* 01A88 80AEDEE8 02003025 */  or      $a2, $s0, $zero            ## $a2 = 00000000
/* 01A8C 80AEDEEC 3C0580AF */  lui     $a1, %hi(D_80AEF868)       ## $a1 = 80AF0000
/* 01A90 80AEDEF0 24A5F868 */  addiu   $a1, $a1, %lo(D_80AEF868)  ## $a1 = 80AEF868
/* 01A94 80AEDEF4 26040144 */  addiu   $a0, $s0, 0x0144           ## $a0 = 00000144
/* 01A98 80AEDEF8 24060002 */  addiu   $a2, $zero, 0x0002         ## $a2 = 00000002
/* 01A9C 80AEDEFC 0C04F872 */  jal     func_8013E1C8              
/* 01AA0 80AEDF00 260702D4 */  addiu   $a3, $s0, 0x02D4           ## $a3 = 000002D4
/* 01AA4 80AEDF04 1000000D */  beq     $zero, $zero, .L80AEDF3C   
/* 01AA8 80AEDF08 00000000 */  nop
.L80AEDF0C:
/* 01AAC 80AEDF0C 24051410 */  addiu   $a1, $zero, 0x1410         ## $a1 = 00001410
/* 01AB0 80AEDF10 0C05462C */  jal     func_801518B0              
/* 01AB4 80AEDF14 02003025 */  or      $a2, $s0, $zero            ## $a2 = 00000000
/* 01AB8 80AEDF18 3C0580AF */  lui     $a1, %hi(D_80AEF868)       ## $a1 = 80AF0000
/* 01ABC 80AEDF1C 24A5F868 */  addiu   $a1, $a1, %lo(D_80AEF868)  ## $a1 = 80AEF868
/* 01AC0 80AEDF20 26040144 */  addiu   $a0, $s0, 0x0144           ## $a0 = 00000144
/* 01AC4 80AEDF24 24060002 */  addiu   $a2, $zero, 0x0002         ## $a2 = 00000002
/* 01AC8 80AEDF28 0C04F872 */  jal     func_8013E1C8              
/* 01ACC 80AEDF2C 260702D4 */  addiu   $a3, $s0, 0x02D4           ## $a3 = 000002D4
/* 01AD0 80AEDF30 10000002 */  beq     $zero, $zero, .L80AEDF3C   
/* 01AD4 80AEDF34 00000000 */  nop
.L80AEDF38:
/* 01AD8 80AEDF38 A60C02E6 */  sh      $t4, 0x02E6($s0)           ## 000002E6
.L80AEDF3C:
/* 01ADC 80AEDF3C 3C0D80AF */  lui     $t5, %hi(func_80AEDF5C)    ## $t5 = 80AF0000
/* 01AE0 80AEDF40 25ADDF5C */  addiu   $t5, $t5, %lo(func_80AEDF5C) ## $t5 = 80AEDF5C
/* 01AE4 80AEDF44 AE0D0188 */  sw      $t5, 0x0188($s0)           ## 00000188
/* 01AE8 80AEDF48 8FBF001C */  lw      $ra, 0x001C($sp)           
/* 01AEC 80AEDF4C 8FB00018 */  lw      $s0, 0x0018($sp)           
/* 01AF0 80AEDF50 27BD0020 */  addiu   $sp, $sp, 0x0020           ## $sp = 00000000
/* 01AF4 80AEDF54 03E00008 */  jr      $ra                        
/* 01AF8 80AEDF58 00000000 */  nop


glabel func_80AEDF5C
/* 01AFC 80AEDF5C 27BDFFD0 */  addiu   $sp, $sp, 0xFFD0           ## $sp = FFFFFFD0
/* 01B00 80AEDF60 AFB00020 */  sw      $s0, 0x0020($sp)           
/* 01B04 80AEDF64 00808025 */  or      $s0, $a0, $zero            ## $s0 = 00000000
/* 01B08 80AEDF68 AFBF0024 */  sw      $ra, 0x0024($sp)           
/* 01B0C 80AEDF6C AFA50034 */  sw      $a1, 0x0034($sp)           
/* 01B10 80AEDF70 8E0E02D4 */  lw      $t6, 0x02D4($s0)           ## 000002D4
/* 01B14 80AEDF74 24010004 */  addiu   $at, $zero, 0x0004         ## $at = 00000004
/* 01B18 80AEDF78 26040144 */  addiu   $a0, $s0, 0x0144           ## $a0 = 00000144
/* 01B1C 80AEDF7C 55C1000C */  bnel    $t6, $at, .L80AEDFB0       
/* 01B20 80AEDF80 8FA40034 */  lw      $a0, 0x0034($sp)           
/* 01B24 80AEDF84 8E050154 */  lw      $a1, 0x0154($s0)           ## 00000154
/* 01B28 80AEDF88 0C04DE2E */  jal     func_801378B8              
/* 01B2C 80AEDF8C AFA4002C */  sw      $a0, 0x002C($sp)           
/* 01B30 80AEDF90 10400006 */  beq     $v0, $zero, .L80AEDFAC     
/* 01B34 80AEDF94 8FA4002C */  lw      $a0, 0x002C($sp)           
/* 01B38 80AEDF98 3C0580AF */  lui     $a1, %hi(D_80AEF868)       ## $a1 = 80AF0000
/* 01B3C 80AEDF9C 24A5F868 */  addiu   $a1, $a1, %lo(D_80AEF868)  ## $a1 = 80AEF868
/* 01B40 80AEDFA0 24060007 */  addiu   $a2, $zero, 0x0007         ## $a2 = 00000007
/* 01B44 80AEDFA4 0C04F872 */  jal     func_8013E1C8              
/* 01B48 80AEDFA8 260702D4 */  addiu   $a3, $s0, 0x02D4           ## $a3 = 000002D4
.L80AEDFAC:
/* 01B4C 80AEDFAC 8FA40034 */  lw      $a0, 0x0034($sp)           
.L80AEDFB0:
/* 01B50 80AEDFB0 0C054926 */  jal     func_80152498              
/* 01B54 80AEDFB4 24844908 */  addiu   $a0, $a0, 0x4908           ## $a0 = 00004908
/* 01B58 80AEDFB8 2C410007 */  sltiu   $at, $v0, 0x0007           
/* 01B5C 80AEDFBC 102000B5 */  beq     $at, $zero, .L80AEE294     
/* 01B60 80AEDFC0 00027880 */  sll     $t7, $v0,  2               
/* 01B64 80AEDFC4 3C0180AF */  lui     $at, %hi(D_80AEFB18)       ## $at = 80AF0000
/* 01B68 80AEDFC8 002F0821 */  addu    $at, $at, $t7              
/* 01B6C 80AEDFCC 8C2FFB18 */  lw      $t7, %lo(D_80AEFB18)($at)  
/* 01B70 80AEDFD0 01E00008 */  jr      $t7                        
/* 01B74 80AEDFD4 00000000 */  nop
.L80AEDFD8:
/* 01B78 80AEDFD8 960502E6 */  lhu     $a1, 0x02E6($s0)           ## 000002E6
/* 01B7C 80AEDFDC 24B8EBFC */  addiu   $t8, $a1, 0xEBFC           ## $t8 = FFFFEBFC
/* 01B80 80AEDFE0 2F010011 */  sltiu   $at, $t8, 0x0011           
/* 01B84 80AEDFE4 102000AB */  beq     $at, $zero, .L80AEE294     
/* 01B88 80AEDFE8 0018C080 */  sll     $t8, $t8,  2               
/* 01B8C 80AEDFEC 3C0180AF */  lui     $at, %hi(D_80AEFB34)       ## $at = 80AF0000
/* 01B90 80AEDFF0 00380821 */  addu    $at, $at, $t8              
/* 01B94 80AEDFF4 8C38FB34 */  lw      $t8, %lo(D_80AEFB34)($at)  
/* 01B98 80AEDFF8 03000008 */  jr      $t8                        
/* 01B9C 80AEDFFC 00000000 */  nop
.L80AEE000:
/* 01BA0 80AEE000 86050092 */  lh      $a1, 0x0092($s0)           ## 00000092
/* 01BA4 80AEE004 AFA00010 */  sw      $zero, 0x0010($sp)         
/* 01BA8 80AEE008 260400BE */  addiu   $a0, $s0, 0x00BE           ## $a0 = 000000BE
/* 01BAC 80AEE00C 24A5EAAB */  addiu   $a1, $a1, 0xEAAB           ## $a1 = FFFFEAAB
/* 01BB0 80AEE010 00052C00 */  sll     $a1, $a1, 16               
/* 01BB4 80AEE014 00052C03 */  sra     $a1, $a1, 16               
/* 01BB8 80AEE018 24060001 */  addiu   $a2, $zero, 0x0001         ## $a2 = 00000001
/* 01BBC 80AEE01C 0C03FFAF */  jal     func_800FFEBC              
/* 01BC0 80AEE020 2407071C */  addiu   $a3, $zero, 0x071C         ## $a3 = 0000071C
/* 01BC4 80AEE024 861900BE */  lh      $t9, 0x00BE($s0)           ## 000000BE
/* 01BC8 80AEE028 2408000A */  addiu   $t0, $zero, 0x000A         ## $t0 = 0000000A
/* 01BCC 80AEE02C 2604031A */  addiu   $a0, $s0, 0x031A           ## $a0 = 0000031A
/* 01BD0 80AEE030 A6190032 */  sh      $t9, 0x0032($s0)           ## 00000032
/* 01BD4 80AEE034 AFA80010 */  sw      $t0, 0x0010($sp)           
/* 01BD8 80AEE038 00002825 */  or      $a1, $zero, $zero          ## $a1 = 00000000
/* 01BDC 80AEE03C 24060003 */  addiu   $a2, $zero, 0x0003         ## $a2 = 00000003
/* 01BE0 80AEE040 0C03FFAF */  jal     func_800FFEBC              
/* 01BE4 80AEE044 2407016C */  addiu   $a3, $zero, 0x016C         ## $a3 = 0000016C
/* 01BE8 80AEE048 14400092 */  bne     $v0, $zero, .L80AEE294     
/* 01BEC 80AEE04C 2604031C */  addiu   $a0, $s0, 0x031C           ## $a0 = 0000031C
/* 01BF0 80AEE050 2409000A */  addiu   $t1, $zero, 0x000A         ## $t1 = 0000000A
/* 01BF4 80AEE054 AFA90010 */  sw      $t1, 0x0010($sp)           
/* 01BF8 80AEE058 00002825 */  or      $a1, $zero, $zero          ## $a1 = 00000000
/* 01BFC 80AEE05C 24060003 */  addiu   $a2, $zero, 0x0003         ## $a2 = 00000003
/* 01C00 80AEE060 0C03FFAF */  jal     func_800FFEBC              
/* 01C04 80AEE064 2407071C */  addiu   $a3, $zero, 0x071C         ## $a3 = 0000071C
/* 01C08 80AEE068 5440008B */  bnel    $v0, $zero, .L80AEE298     
/* 01C0C 80AEE06C 8FBF0024 */  lw      $ra, 0x0024($sp)           
/* 01C10 80AEE070 860A0092 */  lh      $t2, 0x0092($s0)           ## 00000092
/* 01C14 80AEE074 860E00BE */  lh      $t6, 0x00BE($s0)           ## 000000BE
/* 01C18 80AEE078 254BEAAB */  addiu   $t3, $t2, 0xEAAB           ## $t3 = FFFFEAAB
/* 01C1C 80AEE07C 000B6400 */  sll     $t4, $t3, 16               
/* 01C20 80AEE080 000C6C03 */  sra     $t5, $t4, 16               
/* 01C24 80AEE084 55AE0084 */  bnel    $t5, $t6, .L80AEE298       
/* 01C28 80AEE088 8FBF0024 */  lw      $ra, 0x0024($sp)           
/* 01C2C 80AEE08C 960F02E6 */  lhu     $t7, 0x02E6($s0)           ## 000002E6
/* 01C30 80AEE090 24011404 */  addiu   $at, $zero, 0x1404         ## $at = 00001404
/* 01C34 80AEE094 26040144 */  addiu   $a0, $s0, 0x0144           ## $a0 = 00000144
/* 01C38 80AEE098 15E10007 */  bne     $t7, $at, .L80AEE0B8       
/* 01C3C 80AEE09C 260702D4 */  addiu   $a3, $s0, 0x02D4           ## $a3 = 000002D4
/* 01C40 80AEE0A0 3C0580AF */  lui     $a1, %hi(D_80AEF868)       ## $a1 = 80AF0000
/* 01C44 80AEE0A4 24A5F868 */  addiu   $a1, $a1, %lo(D_80AEF868)  ## $a1 = 80AEF868
/* 01C48 80AEE0A8 0C04F872 */  jal     func_8013E1C8              
/* 01C4C 80AEE0AC 24060004 */  addiu   $a2, $zero, 0x0004         ## $a2 = 00000004
/* 01C50 80AEE0B0 10000006 */  beq     $zero, $zero, .L80AEE0CC   
/* 01C54 80AEE0B4 8FA40034 */  lw      $a0, 0x0034($sp)           
.L80AEE0B8:
/* 01C58 80AEE0B8 3C0580AF */  lui     $a1, %hi(D_80AEF868)       ## $a1 = 80AF0000
/* 01C5C 80AEE0BC 24A5F868 */  addiu   $a1, $a1, %lo(D_80AEF868)  ## $a1 = 80AEF868
/* 01C60 80AEE0C0 0C04F872 */  jal     func_8013E1C8              
/* 01C64 80AEE0C4 24060002 */  addiu   $a2, $zero, 0x0002         ## $a2 = 00000002
/* 01C68 80AEE0C8 8FA40034 */  lw      $a0, 0x0034($sp)           
.L80AEE0CC:
/* 01C6C 80AEE0CC 960502E6 */  lhu     $a1, 0x02E6($s0)           ## 000002E6
/* 01C70 80AEE0D0 0C05462C */  jal     func_801518B0              
/* 01C74 80AEE0D4 02003025 */  or      $a2, $s0, $zero            ## $a2 = 00000000
/* 01C78 80AEE0D8 1000006F */  beq     $zero, $zero, .L80AEE298   
/* 01C7C 80AEE0DC 8FBF0024 */  lw      $ra, 0x0024($sp)           
.L80AEE0E0:
/* 01C80 80AEE0E0 8FA40034 */  lw      $a0, 0x0034($sp)           
/* 01C84 80AEE0E4 0C05462C */  jal     func_801518B0              
/* 01C88 80AEE0E8 02003025 */  or      $a2, $s0, $zero            ## $a2 = 00000000
/* 01C8C 80AEE0EC 1000006A */  beq     $zero, $zero, .L80AEE298   
/* 01C90 80AEE0F0 8FBF0024 */  lw      $ra, 0x0024($sp)           
.L80AEE0F4:
/* 01C94 80AEE0F4 0C051D89 */  jal     func_80147624              
/* 01C98 80AEE0F8 8FA40034 */  lw      $a0, 0x0034($sp)           
/* 01C9C 80AEE0FC 10400065 */  beq     $v0, $zero, .L80AEE294     
/* 01CA0 80AEE100 8FA60034 */  lw      $a2, 0x0034($sp)           
/* 01CA4 80AEE104 3C010001 */  lui     $at, 0x0001                ## $at = 00010000
/* 01CA8 80AEE108 00C11021 */  addu    $v0, $a2, $at              
/* 01CAC 80AEE10C 9458680C */  lhu     $t8, 0x680C($v0)           ## 0000680C
/* 01CB0 80AEE110 2719EBFC */  addiu   $t9, $t8, 0xEBFC           ## $t9 = FFFFEBFC
/* 01CB4 80AEE114 2F210011 */  sltiu   $at, $t9, 0x0011           
/* 01CB8 80AEE118 1020005E */  beq     $at, $zero, .L80AEE294     
/* 01CBC 80AEE11C 0019C880 */  sll     $t9, $t9,  2               
/* 01CC0 80AEE120 3C0180AF */  lui     $at, %hi(D_80AEFB78)       ## $at = 80AF0000
/* 01CC4 80AEE124 00390821 */  addu    $at, $at, $t9              
/* 01CC8 80AEE128 8C39FB78 */  lw      $t9, %lo(D_80AEFB78)($at)  
/* 01CCC 80AEE12C 03200008 */  jr      $t9                        
/* 01CD0 80AEE130 00000000 */  nop
.L80AEE134:
/* 01CD4 80AEE134 960802CA */  lhu     $t0, 0x02CA($s0)           ## 000002CA
/* 01CD8 80AEE138 02002025 */  or      $a0, $s0, $zero            ## $a0 = 00000000
/* 01CDC 80AEE13C 00C02825 */  or      $a1, $a2, $zero            ## $a1 = 00000000
/* 01CE0 80AEE140 35091000 */  ori     $t1, $t0, 0x1000           ## $t1 = 00001000
/* 01CE4 80AEE144 0C2BB626 */  jal     func_80AED898              
/* 01CE8 80AEE148 A60902CA */  sh      $t1, 0x02CA($s0)           ## 000002CA
/* 01CEC 80AEE14C 10000052 */  beq     $zero, $zero, .L80AEE298   
/* 01CF0 80AEE150 8FBF0024 */  lw      $ra, 0x0024($sp)           
.L80AEE154:
/* 01CF4 80AEE154 00C02025 */  or      $a0, $a2, $zero            ## $a0 = 00000000
/* 01CF8 80AEE158 0C05464E */  jal     func_80151938              
/* 01CFC 80AEE15C 24051406 */  addiu   $a1, $zero, 0x1406         ## $a1 = 00001406
/* 01D00 80AEE160 1000004D */  beq     $zero, $zero, .L80AEE298   
/* 01D04 80AEE164 8FBF0024 */  lw      $ra, 0x0024($sp)           
.L80AEE168:
/* 01D08 80AEE168 00C02025 */  or      $a0, $a2, $zero            ## $a0 = 00000000
/* 01D0C 80AEE16C 0C05464E */  jal     func_80151938              
/* 01D10 80AEE170 24051407 */  addiu   $a1, $zero, 0x1407         ## $a1 = 00001407
/* 01D14 80AEE174 10000048 */  beq     $zero, $zero, .L80AEE298   
/* 01D18 80AEE178 8FBF0024 */  lw      $ra, 0x0024($sp)           
.L80AEE17C:
/* 01D1C 80AEE17C 904A6929 */  lbu     $t2, 0x6929($v0)           ## 00006929
/* 01D20 80AEE180 15400008 */  bne     $t2, $zero, .L80AEE1A4     
/* 01D24 80AEE184 00000000 */  nop
/* 01D28 80AEE188 0C067C82 */  jal     func_8019F208              
/* 01D2C 80AEE18C 00000000 */  nop
/* 01D30 80AEE190 8FA40034 */  lw      $a0, 0x0034($sp)           
/* 01D34 80AEE194 0C05464E */  jal     func_80151938              
/* 01D38 80AEE198 24051409 */  addiu   $a1, $zero, 0x1409         ## $a1 = 00001409
/* 01D3C 80AEE19C 1000003E */  beq     $zero, $zero, .L80AEE298   
/* 01D40 80AEE1A0 8FBF0024 */  lw      $ra, 0x0024($sp)           
.L80AEE1A4:
/* 01D44 80AEE1A4 0C067C8C */  jal     func_8019F230              
/* 01D48 80AEE1A8 00000000 */  nop
/* 01D4C 80AEE1AC 8FA40034 */  lw      $a0, 0x0034($sp)           
/* 01D50 80AEE1B0 0C05464E */  jal     func_80151938              
/* 01D54 80AEE1B4 24051408 */  addiu   $a1, $zero, 0x1408         ## $a1 = 00001408
/* 01D58 80AEE1B8 10000037 */  beq     $zero, $zero, .L80AEE298   
/* 01D5C 80AEE1BC 8FBF0024 */  lw      $ra, 0x0024($sp)           
.L80AEE1C0:
/* 01D60 80AEE1C0 00C02025 */  or      $a0, $a2, $zero            ## $a0 = 00000000
/* 01D64 80AEE1C4 0C05464E */  jal     func_80151938              
/* 01D68 80AEE1C8 24051407 */  addiu   $a1, $zero, 0x1407         ## $a1 = 00001407
/* 01D6C 80AEE1CC 10000032 */  beq     $zero, $zero, .L80AEE298   
/* 01D70 80AEE1D0 8FBF0024 */  lw      $ra, 0x0024($sp)           
.L80AEE1D4:
/* 01D74 80AEE1D4 00C02025 */  or      $a0, $a2, $zero            ## $a0 = 00000000
/* 01D78 80AEE1D8 0C05464E */  jal     func_80151938              
/* 01D7C 80AEE1DC 2405140A */  addiu   $a1, $zero, 0x140A         ## $a1 = 0000140A
/* 01D80 80AEE1E0 1000002D */  beq     $zero, $zero, .L80AEE298   
/* 01D84 80AEE1E4 8FBF0024 */  lw      $ra, 0x0024($sp)           
.L80AEE1E8:
/* 01D88 80AEE1E8 3C02801F */  lui     $v0, 0x801F                ## $v0 = 801F0000
/* 01D8C 80AEE1EC 2442F670 */  addiu   $v0, $v0, 0xF670           ## $v0 = 801EF670
/* 01D90 80AEE1F0 904B0F2C */  lbu     $t3, 0x0F2C($v0)           ## 801F059C
/* 01D94 80AEE1F4 356C0080 */  ori     $t4, $t3, 0x0080           ## $t4 = 00000080
/* 01D98 80AEE1F8 A04C0F2C */  sb      $t4, 0x0F2C($v0)           ## 801F059C
.L80AEE1FC:
/* 01D9C 80AEE1FC 02002025 */  or      $a0, $s0, $zero            ## $a0 = 00000000
/* 01DA0 80AEE200 0C2BB9E1 */  jal     func_80AEE784              
/* 01DA4 80AEE204 00C02825 */  or      $a1, $a2, $zero            ## $a1 = 00000000
/* 01DA8 80AEE208 10000023 */  beq     $zero, $zero, .L80AEE298   
/* 01DAC 80AEE20C 8FBF0024 */  lw      $ra, 0x0024($sp)           
.L80AEE210:
/* 01DB0 80AEE210 960D02CA */  lhu     $t5, 0x02CA($s0)           ## 000002CA
/* 01DB4 80AEE214 35AE0002 */  ori     $t6, $t5, 0x0002           ## $t6 = 00000002
/* 01DB8 80AEE218 A60E02CA */  sh      $t6, 0x02CA($s0)           ## 000002CA
/* 01DBC 80AEE21C 904F6929 */  lbu     $t7, 0x6929($v0)           ## 00006929
/* 01DC0 80AEE220 15E0000D */  bne     $t7, $zero, .L80AEE258     
/* 01DC4 80AEE224 00000000 */  nop
/* 01DC8 80AEE228 0C067C82 */  jal     func_8019F208              
/* 01DCC 80AEE22C 00000000 */  nop
/* 01DD0 80AEE230 8FB90034 */  lw      $t9, 0x0034($sp)           
/* 01DD4 80AEE234 3C010001 */  lui     $at, 0x0001                ## $at = 00010000
/* 01DD8 80AEE238 24180044 */  addiu   $t8, $zero, 0x0044         ## $t8 = 00000044
/* 01DDC 80AEE23C 00390821 */  addu    $at, $at, $t9              
/* 01DE0 80AEE240 A038682A */  sb      $t8, 0x682A($at)           ## 0001682A
/* 01DE4 80AEE244 8FA50034 */  lw      $a1, 0x0034($sp)           
/* 01DE8 80AEE248 0C2BB8AA */  jal     func_80AEE2A8              
/* 01DEC 80AEE24C 02002025 */  or      $a0, $s0, $zero            ## $a0 = 00000000
/* 01DF0 80AEE250 10000011 */  beq     $zero, $zero, .L80AEE298   
/* 01DF4 80AEE254 8FBF0024 */  lw      $ra, 0x0024($sp)           
.L80AEE258:
/* 01DF8 80AEE258 0C067C8C */  jal     func_8019F230              
/* 01DFC 80AEE25C 00000000 */  nop
/* 01E00 80AEE260 8FA40034 */  lw      $a0, 0x0034($sp)           
/* 01E04 80AEE264 0C05464E */  jal     func_80151938              
/* 01E08 80AEE268 2405140E */  addiu   $a1, $zero, 0x140E         ## $a1 = 0000140E
/* 01E0C 80AEE26C 1000000A */  beq     $zero, $zero, .L80AEE298   
/* 01E10 80AEE270 8FBF0024 */  lw      $ra, 0x0024($sp)           
.L80AEE274:
/* 01E14 80AEE274 02002025 */  or      $a0, $s0, $zero            ## $a0 = 00000000
/* 01E18 80AEE278 0C2BB9E1 */  jal     func_80AEE784              
/* 01E1C 80AEE27C 00C02825 */  or      $a1, $a2, $zero            ## $a1 = 00000000
/* 01E20 80AEE280 10000005 */  beq     $zero, $zero, .L80AEE298   
/* 01E24 80AEE284 8FBF0024 */  lw      $ra, 0x0024($sp)           
.L80AEE288:
/* 01E28 80AEE288 02002025 */  or      $a0, $s0, $zero            ## $a0 = 00000000
/* 01E2C 80AEE28C 0C2BB28F */  jal     func_80AECA3C              
/* 01E30 80AEE290 00C02825 */  or      $a1, $a2, $zero            ## $a1 = 00000000
.L80AEE294:
/* 01E34 80AEE294 8FBF0024 */  lw      $ra, 0x0024($sp)           
.L80AEE298:
/* 01E38 80AEE298 8FB00020 */  lw      $s0, 0x0020($sp)           
/* 01E3C 80AEE29C 27BD0030 */  addiu   $sp, $sp, 0x0030           ## $sp = 00000000
/* 01E40 80AEE2A0 03E00008 */  jr      $ra                        
/* 01E44 80AEE2A4 00000000 */  nop


glabel func_80AEE2A8
/* 01E48 80AEE2A8 AFA50004 */  sw      $a1, 0x0004($sp)           
/* 01E4C 80AEE2AC 3C0E80AF */  lui     $t6, %hi(func_80AEE2C0)    ## $t6 = 80AF0000
/* 01E50 80AEE2B0 25CEE2C0 */  addiu   $t6, $t6, %lo(func_80AEE2C0) ## $t6 = 80AEE2C0
/* 01E54 80AEE2B4 AC8E0188 */  sw      $t6, 0x0188($a0)           ## 00000188
/* 01E58 80AEE2B8 03E00008 */  jr      $ra                        
/* 01E5C 80AEE2BC 00000000 */  nop


glabel func_80AEE2C0
/* 01E60 80AEE2C0 27BDFFE8 */  addiu   $sp, $sp, 0xFFE8           ## $sp = FFFFFFE8
/* 01E64 80AEE2C4 AFBF0014 */  sw      $ra, 0x0014($sp)           
/* 01E68 80AEE2C8 AFA5001C */  sw      $a1, 0x001C($sp)           
/* 01E6C 80AEE2CC 84850312 */  lh      $a1, 0x0312($a0)           ## 00000312
/* 01E70 80AEE2D0 AFA40018 */  sw      $a0, 0x0018($sp)           
/* 01E74 80AEE2D4 2406007C */  addiu   $a2, $zero, 0x007C         ## $a2 = 0000007C
/* 01E78 80AEE2D8 0C04F8B5 */  jal     func_8013E2D4              
/* 01E7C 80AEE2DC 00003825 */  or      $a3, $zero, $zero          ## $a3 = 00000000
/* 01E80 80AEE2E0 10400003 */  beq     $v0, $zero, .L80AEE2F0     
/* 01E84 80AEE2E4 8FA40018 */  lw      $a0, 0x0018($sp)           
/* 01E88 80AEE2E8 0C2BB8DD */  jal     func_80AEE374              
/* 01E8C 80AEE2EC 8FA5001C */  lw      $a1, 0x001C($sp)           
.L80AEE2F0:
/* 01E90 80AEE2F0 8FBF0014 */  lw      $ra, 0x0014($sp)           
/* 01E94 80AEE2F4 27BD0018 */  addiu   $sp, $sp, 0x0018           ## $sp = 00000000
/* 01E98 80AEE2F8 03E00008 */  jr      $ra                        
/* 01E9C 80AEE2FC 00000000 */  nop


glabel func_80AEE300
/* 01EA0 80AEE300 27BDFFE8 */  addiu   $sp, $sp, 0xFFE8           ## $sp = FFFFFFE8
/* 01EA4 80AEE304 AFA40018 */  sw      $a0, 0x0018($sp)           
/* 01EA8 80AEE308 00A02025 */  or      $a0, $a1, $zero            ## $a0 = 00000000
/* 01EAC 80AEE30C AFBF0014 */  sw      $ra, 0x0014($sp)           
/* 01EB0 80AEE310 50C40014 */  beql    $a2, $a0, .L80AEE364       
/* 01EB4 80AEE314 00001025 */  or      $v0, $zero, $zero          ## $v0 = 00000000
/* 01EB8 80AEE318 84CE001C */  lh      $t6, 0x001C($a2)           ## 0000001C
/* 01EBC 80AEE31C 24010003 */  addiu   $at, $zero, 0x0003         ## $at = 00000003
/* 01EC0 80AEE320 00C02825 */  or      $a1, $a2, $zero            ## $a1 = 00000000
/* 01EC4 80AEE324 31CF000F */  andi    $t7, $t6, 0x000F           ## $t7 = 00000000
/* 01EC8 80AEE328 55E1000E */  bnel    $t7, $at, .L80AEE364       
/* 01ECC 80AEE32C 00001025 */  or      $v0, $zero, $zero          ## $v0 = 00000000
/* 01ED0 80AEE330 AFA60020 */  sw      $a2, 0x0020($sp)           
/* 01ED4 80AEE334 0C02DB73 */  jal     func_800B6DCC              
/* 01ED8 80AEE338 AFA70024 */  sw      $a3, 0x0024($sp)           
/* 01EDC 80AEE33C 8FA70024 */  lw      $a3, 0x0024($sp)           
/* 01EE0 80AEE340 8FA60020 */  lw      $a2, 0x0020($sp)           
/* 01EE4 80AEE344 C4E40004 */  lwc1    $f4, 0x0004($a3)           ## 00000004
/* 01EE8 80AEE348 4604003C */  c.lt.s  $f0, $f4                   
/* 01EEC 80AEE34C 00000000 */  nop
/* 01EF0 80AEE350 45020004 */  bc1fl   .L80AEE364                 
/* 01EF4 80AEE354 00001025 */  or      $v0, $zero, $zero          ## $v0 = 00000000
/* 01EF8 80AEE358 ACE60000 */  sw      $a2, 0x0000($a3)           ## 00000000
/* 01EFC 80AEE35C E4E00004 */  swc1    $f0, 0x0004($a3)           ## 00000004
/* 01F00 80AEE360 00001025 */  or      $v0, $zero, $zero          ## $v0 = 00000000
.L80AEE364:
/* 01F04 80AEE364 8FBF0014 */  lw      $ra, 0x0014($sp)           
/* 01F08 80AEE368 27BD0018 */  addiu   $sp, $sp, 0x0018           ## $sp = 00000000
/* 01F0C 80AEE36C 03E00008 */  jr      $ra                        
/* 01F10 80AEE370 00000000 */  nop


glabel func_80AEE374
/* 01F14 80AEE374 27BDFFC8 */  addiu   $sp, $sp, 0xFFC8           ## $sp = FFFFFFC8
/* 01F18 80AEE378 AFB00028 */  sw      $s0, 0x0028($sp)           
/* 01F1C 80AEE37C 00808025 */  or      $s0, $a0, $zero            ## $s0 = 00000000
/* 01F20 80AEE380 AFBF002C */  sw      $ra, 0x002C($sp)           
/* 01F24 80AEE384 AFA5003C */  sw      $a1, 0x003C($sp)           
/* 01F28 80AEE388 3C0180AF */  lui     $at, %hi(D_80AEFBBC)       ## $at = 80AF0000
/* 01F2C 80AEE38C C424FBBC */  lwc1    $f4, %lo(D_80AEFBBC)($at)  
/* 01F30 80AEE390 3C1880AF */  lui     $t8, %hi(func_80AEE300)    ## $t8 = 80AF0000
/* 01F34 80AEE394 2718E300 */  addiu   $t8, $t8, %lo(func_80AEE300) ## $t8 = 80AEE300
/* 01F38 80AEE398 240E01CA */  addiu   $t6, $zero, 0x01CA         ## $t6 = 000001CA
/* 01F3C 80AEE39C 27AF0030 */  addiu   $t7, $sp, 0x0030           ## $t7 = FFFFFFF8
/* 01F40 80AEE3A0 AFA00030 */  sw      $zero, 0x0030($sp)         
/* 01F44 80AEE3A4 AFAF0014 */  sw      $t7, 0x0014($sp)           
/* 01F48 80AEE3A8 AFAE0010 */  sw      $t6, 0x0010($sp)           
/* 01F4C 80AEE3AC AFB80018 */  sw      $t8, 0x0018($sp)           
/* 01F50 80AEE3B0 8FA4003C */  lw      $a0, 0x003C($sp)           
/* 01F54 80AEE3B4 02002825 */  or      $a1, $s0, $zero            ## $a1 = 00000000
/* 01F58 80AEE3B8 00003025 */  or      $a2, $zero, $zero          ## $a2 = 00000000
/* 01F5C 80AEE3BC 24070004 */  addiu   $a3, $zero, 0x0004         ## $a3 = 00000004
/* 01F60 80AEE3C0 0C04F990 */  jal     func_8013E640              
/* 01F64 80AEE3C4 E7A40034 */  swc1    $f4, 0x0034($sp)           
/* 01F68 80AEE3C8 8FB90030 */  lw      $t9, 0x0030($sp)           
/* 01F6C 80AEE3CC 8FA50030 */  lw      $a1, 0x0030($sp)           
/* 01F70 80AEE3D0 17200005 */  bne     $t9, $zero, .L80AEE3E8     
/* 01F74 80AEE3D4 24A50024 */  addiu   $a1, $a1, 0x0024           ## $a1 = 00000024
/* 01F78 80AEE3D8 0C02D9C3 */  jal     func_800B670C              
/* 01F7C 80AEE3DC 02002025 */  or      $a0, $s0, $zero            ## $a0 = 00000000
/* 01F80 80AEE3E0 10000008 */  beq     $zero, $zero, .L80AEE404   
/* 01F84 80AEE3E4 8FBF002C */  lw      $ra, 0x002C($sp)           
.L80AEE3E8:
/* 01F88 80AEE3E8 0C02DB4B */  jal     func_800B6D2C              
/* 01F8C 80AEE3EC 02002025 */  or      $a0, $s0, $zero            ## $a0 = 00000000
/* 01F90 80AEE3F0 3C0880AF */  lui     $t0, %hi(func_80AEE414)    ## $t0 = 80AF0000
/* 01F94 80AEE3F4 2508E414 */  addiu   $t0, $t0, %lo(func_80AEE414) ## $t0 = 80AEE414
/* 01F98 80AEE3F8 A60202CC */  sh      $v0, 0x02CC($s0)           ## 000002CC
/* 01F9C 80AEE3FC AE080188 */  sw      $t0, 0x0188($s0)           ## 00000188
/* 01FA0 80AEE400 8FBF002C */  lw      $ra, 0x002C($sp)           
.L80AEE404:
/* 01FA4 80AEE404 8FB00028 */  lw      $s0, 0x0028($sp)           
/* 01FA8 80AEE408 27BD0038 */  addiu   $sp, $sp, 0x0038           ## $sp = 00000000
/* 01FAC 80AEE40C 03E00008 */  jr      $ra                        
/* 01FB0 80AEE410 00000000 */  nop


glabel func_80AEE414
/* 01FB4 80AEE414 27BDFFD8 */  addiu   $sp, $sp, 0xFFD8           ## $sp = FFFFFFD8
/* 01FB8 80AEE418 AFB00020 */  sw      $s0, 0x0020($sp)           
/* 01FBC 80AEE41C 00808025 */  or      $s0, $a0, $zero            ## $s0 = 00000000
/* 01FC0 80AEE420 AFBF0024 */  sw      $ra, 0x0024($sp)           
/* 01FC4 80AEE424 AFA5002C */  sw      $a1, 0x002C($sp)           
/* 01FC8 80AEE428 860502CC */  lh      $a1, 0x02CC($s0)           ## 000002CC
/* 01FCC 80AEE42C 240E005B */  addiu   $t6, $zero, 0x005B         ## $t6 = 0000005B
/* 01FD0 80AEE430 AFAE0010 */  sw      $t6, 0x0010($sp)           
/* 01FD4 80AEE434 260400BE */  addiu   $a0, $s0, 0x00BE           ## $a0 = 000000BE
/* 01FD8 80AEE438 24060002 */  addiu   $a2, $zero, 0x0002         ## $a2 = 00000002
/* 01FDC 80AEE43C 0C03FFAF */  jal     func_800FFEBC              
/* 01FE0 80AEE440 24070E38 */  addiu   $a3, $zero, 0x0E38         ## $a3 = 00000E38
/* 01FE4 80AEE444 860200BE */  lh      $v0, 0x00BE($s0)           ## 000000BE
/* 01FE8 80AEE448 860F02CC */  lh      $t7, 0x02CC($s0)           ## 000002CC
/* 01FEC 80AEE44C 02002025 */  or      $a0, $s0, $zero            ## $a0 = 00000000
/* 01FF0 80AEE450 A6020032 */  sh      $v0, 0x0032($s0)           ## 00000032
/* 01FF4 80AEE454 55E20004 */  bnel    $t7, $v0, .L80AEE468       
/* 01FF8 80AEE458 8FBF0024 */  lw      $ra, 0x0024($sp)           
/* 01FFC 80AEE45C 0C2BB91E */  jal     func_80AEE478              
/* 02000 80AEE460 8FA5002C */  lw      $a1, 0x002C($sp)           
/* 02004 80AEE464 8FBF0024 */  lw      $ra, 0x0024($sp)           
.L80AEE468:
/* 02008 80AEE468 8FB00020 */  lw      $s0, 0x0020($sp)           
/* 0200C 80AEE46C 27BD0028 */  addiu   $sp, $sp, 0x0028           ## $sp = 00000000
/* 02010 80AEE470 03E00008 */  jr      $ra                        
/* 02014 80AEE474 00000000 */  nop


glabel func_80AEE478
/* 02018 80AEE478 27BDFFE8 */  addiu   $sp, $sp, 0xFFE8           ## $sp = FFFFFFE8
/* 0201C 80AEE47C AFBF0014 */  sw      $ra, 0x0014($sp)           
/* 02020 80AEE480 AFA40018 */  sw      $a0, 0x0018($sp)           
/* 02024 80AEE484 AFA5001C */  sw      $a1, 0x001C($sp)           
/* 02028 80AEE488 8FAF0018 */  lw      $t7, 0x0018($sp)           
/* 0202C 80AEE48C 240E0002 */  addiu   $t6, $zero, 0x0002         ## $t6 = 00000002
/* 02030 80AEE490 3C0580AF */  lui     $a1, %hi(D_80AEF868)       ## $a1 = 80AF0000
/* 02034 80AEE494 A5EE0310 */  sh      $t6, 0x0310($t7)           ## 00000310
/* 02038 80AEE498 8FB80018 */  lw      $t8, 0x0018($sp)           
/* 0203C 80AEE49C 24A5F868 */  addiu   $a1, $a1, %lo(D_80AEF868)  ## $a1 = 80AEF868
/* 02040 80AEE4A0 24060003 */  addiu   $a2, $zero, 0x0003         ## $a2 = 00000003
/* 02044 80AEE4A4 27040144 */  addiu   $a0, $t8, 0x0144           ## $a0 = 00000144
/* 02048 80AEE4A8 0C04F872 */  jal     func_8013E1C8              
/* 0204C 80AEE4AC 270702D4 */  addiu   $a3, $t8, 0x02D4           ## $a3 = 000002D4
/* 02050 80AEE4B0 8FA80018 */  lw      $t0, 0x0018($sp)           
/* 02054 80AEE4B4 3C1980AF */  lui     $t9, %hi(func_80AEE4D0)    ## $t9 = 80AF0000
/* 02058 80AEE4B8 2739E4D0 */  addiu   $t9, $t9, %lo(func_80AEE4D0) ## $t9 = 80AEE4D0
/* 0205C 80AEE4BC AD190188 */  sw      $t9, 0x0188($t0)           ## 00000188
/* 02060 80AEE4C0 8FBF0014 */  lw      $ra, 0x0014($sp)           
/* 02064 80AEE4C4 27BD0018 */  addiu   $sp, $sp, 0x0018           ## $sp = 00000000
/* 02068 80AEE4C8 03E00008 */  jr      $ra                        
/* 0206C 80AEE4CC 00000000 */  nop


glabel func_80AEE4D0
/* 02070 80AEE4D0 27BDFFB0 */  addiu   $sp, $sp, 0xFFB0           ## $sp = FFFFFFB0
/* 02074 80AEE4D4 F7B40028 */  sdc1    $f20, 0x0028($sp)          
/* 02078 80AEE4D8 3C014204 */  lui     $at, 0x4204                ## $at = 42040000
/* 0207C 80AEE4DC AFB40040 */  sw      $s4, 0x0040($sp)           
/* 02080 80AEE4E0 AFB10034 */  sw      $s1, 0x0034($sp)           
/* 02084 80AEE4E4 4481A000 */  mtc1    $at, $f20                  ## $f20 = 33.00
/* 02088 80AEE4E8 00808825 */  or      $s1, $a0, $zero            ## $s1 = 00000000
/* 0208C 80AEE4EC 00A0A025 */  or      $s4, $a1, $zero            ## $s4 = 00000000
/* 02090 80AEE4F0 AFBF0044 */  sw      $ra, 0x0044($sp)           
/* 02094 80AEE4F4 AFB3003C */  sw      $s3, 0x003C($sp)           
/* 02098 80AEE4F8 AFB20038 */  sw      $s2, 0x0038($sp)           
/* 0209C 80AEE4FC AFB00030 */  sw      $s0, 0x0030($sp)           
/* 020A0 80AEE500 C620015C */  lwc1    $f0, 0x015C($s1)           ## 0000015C
/* 020A4 80AEE504 3C014224 */  lui     $at, 0x4224                ## $at = 42240000
/* 020A8 80AEE508 4600A03C */  c.lt.s  $f20, $f0                  
/* 020AC 80AEE50C 00000000 */  nop
/* 020B0 80AEE510 45020010 */  bc1fl   .L80AEE554                 
/* 020B4 80AEE514 26240144 */  addiu   $a0, $s1, 0x0144           ## $a0 = 00000144
/* 020B8 80AEE518 44812000 */  mtc1    $at, $f4                   ## $f4 = 41.00
/* 020BC 80AEE51C 02802025 */  or      $a0, $s4, $zero            ## $a0 = 00000000
/* 020C0 80AEE520 262502B4 */  addiu   $a1, $s1, 0x02B4           ## $a1 = 000002B4
/* 020C4 80AEE524 4604003C */  c.lt.s  $f0, $f4                   
/* 020C8 80AEE528 3C064120 */  lui     $a2, 0x4120                ## $a2 = 41200000
/* 020CC 80AEE52C 24070002 */  addiu   $a3, $zero, 0x0002         ## $a3 = 00000002
/* 020D0 80AEE530 240E0032 */  addiu   $t6, $zero, 0x0032         ## $t6 = 00000032
/* 020D4 80AEE534 45000006 */  bc1f    .L80AEE550                 
/* 020D8 80AEE538 240F001E */  addiu   $t7, $zero, 0x001E         ## $t7 = 0000001E
/* 020DC 80AEE53C 24180001 */  addiu   $t8, $zero, 0x0001         ## $t8 = 00000001
/* 020E0 80AEE540 AFB80018 */  sw      $t8, 0x0018($sp)           
/* 020E4 80AEE544 AFAE0010 */  sw      $t6, 0x0010($sp)           
/* 020E8 80AEE548 0C02EFEC */  jal     func_800BBFB0              
/* 020EC 80AEE54C AFAF0014 */  sw      $t7, 0x0014($sp)           
.L80AEE550:
/* 020F0 80AEE550 26240144 */  addiu   $a0, $s1, 0x0144           ## $a0 = 00000144
.L80AEE554:
/* 020F4 80AEE554 4405A000 */  mfc1    $a1, $f20                  
/* 020F8 80AEE558 0C04DE2E */  jal     func_801378B8              
/* 020FC 80AEE55C AFA40048 */  sw      $a0, 0x0048($sp)           
/* 02100 80AEE560 10400003 */  beq     $v0, $zero, .L80AEE570     
/* 02104 80AEE564 02202025 */  or      $a0, $s1, $zero            ## $a0 = 00000000
/* 02108 80AEE568 0C02E3B2 */  jal     func_800B8EC8              
/* 0210C 80AEE56C 240528C8 */  addiu   $a1, $zero, 0x28C8         ## $a1 = 000028C8
.L80AEE570:
/* 02110 80AEE570 963902CA */  lhu     $t9, 0x02CA($s1)           ## 000002CA
/* 02114 80AEE574 8FA40048 */  lw      $a0, 0x0048($sp)           
/* 02118 80AEE578 33280020 */  andi    $t0, $t9, 0x0020           ## $t0 = 00000000
/* 0211C 80AEE57C 55000025 */  bnel    $t0, $zero, .L80AEE614     
/* 02120 80AEE580 8FA40048 */  lw      $a0, 0x0048($sp)           
/* 02124 80AEE584 0C04DE2E */  jal     func_801378B8              
/* 02128 80AEE588 3C054214 */  lui     $a1, 0x4214                ## $a1 = 42140000
/* 0212C 80AEE58C 10400020 */  beq     $v0, $zero, .L80AEE610     
/* 02130 80AEE590 00008025 */  or      $s0, $zero, $zero          ## $s0 = 00000000
/* 02134 80AEE594 3C0142A0 */  lui     $at, 0x42A0                ## $at = 42A00000
/* 02138 80AEE598 4481A000 */  mtc1    $at, $f20                  ## $f20 = 80.00
/* 0213C 80AEE59C 24130004 */  addiu   $s3, $zero, 0x0004         ## $s3 = 00000004
/* 02140 80AEE5A0 24120003 */  addiu   $s2, $zero, 0x0003         ## $s2 = 00000003
/* 02144 80AEE5A4 02802025 */  or      $a0, $s4, $zero            ## $a0 = 00000000
.L80AEE5A8:
/* 02148 80AEE5A8 02002825 */  or      $a1, $s0, $zero            ## $a1 = 00000000
/* 0214C 80AEE5AC 24060006 */  addiu   $a2, $zero, 0x0006         ## $a2 = 00000006
/* 02150 80AEE5B0 0C04F658 */  jal     func_8013D960              
/* 02154 80AEE5B4 24070208 */  addiu   $a3, $zero, 0x0208         ## $a3 = 00000208
/* 02158 80AEE5B8 10400013 */  beq     $v0, $zero, .L80AEE608     
/* 0215C 80AEE5BC 00408025 */  or      $s0, $v0, $zero            ## $s0 = 00000000
/* 02160 80AEE5C0 8449001C */  lh      $t1, 0x001C($v0)           ## 0000001C
/* 02164 80AEE5C4 02202025 */  or      $a0, $s1, $zero            ## $a0 = 00000000
/* 02168 80AEE5C8 5649000F */  bnel    $s2, $t1, .L80AEE608       
/* 0216C 80AEE5CC 8E10012C */  lw      $s0, 0x012C($s0)           ## 0000012C
/* 02170 80AEE5D0 0C02DB73 */  jal     func_800B6DCC              
/* 02174 80AEE5D4 00402825 */  or      $a1, $v0, $zero            ## $a1 = 00000000
/* 02178 80AEE5D8 4614003C */  c.lt.s  $f0, $f20                  
/* 0217C 80AEE5DC 00000000 */  nop
/* 02180 80AEE5E0 45020009 */  bc1fl   .L80AEE608                 
/* 02184 80AEE5E4 8E10012C */  lw      $s0, 0x012C($s0)           ## 0000012C
/* 02188 80AEE5E8 A613001C */  sh      $s3, 0x001C($s0)           ## 0000001C
/* 0218C 80AEE5EC 962A02CA */  lhu     $t2, 0x02CA($s1)           ## 000002CA
/* 02190 80AEE5F0 862C02E4 */  lh      $t4, 0x02E4($s1)           ## 000002E4
/* 02194 80AEE5F4 354B0020 */  ori     $t3, $t2, 0x0020           ## $t3 = 00000020
/* 02198 80AEE5F8 258D0001 */  addiu   $t5, $t4, 0x0001           ## $t5 = 00000001
/* 0219C 80AEE5FC A62B02CA */  sh      $t3, 0x02CA($s1)           ## 000002CA
/* 021A0 80AEE600 A62D02E4 */  sh      $t5, 0x02E4($s1)           ## 000002E4
/* 021A4 80AEE604 8E10012C */  lw      $s0, 0x012C($s0)           ## 0000012C
.L80AEE608:
/* 021A8 80AEE608 5600FFE7 */  bnel    $s0, $zero, .L80AEE5A8     
/* 021AC 80AEE60C 02802025 */  or      $a0, $s4, $zero            ## $a0 = 00000000
.L80AEE610:
/* 021B0 80AEE610 8FA40048 */  lw      $a0, 0x0048($sp)           
.L80AEE614:
/* 021B4 80AEE614 0C04DE2E */  jal     func_801378B8              
/* 021B8 80AEE618 8E250154 */  lw      $a1, 0x0154($s1)           ## 00000154
/* 021BC 80AEE61C 10400003 */  beq     $v0, $zero, .L80AEE62C     
/* 021C0 80AEE620 02202025 */  or      $a0, $s1, $zero            ## $a0 = 00000000
/* 021C4 80AEE624 0C2BB994 */  jal     func_80AEE650              
/* 021C8 80AEE628 02802825 */  or      $a1, $s4, $zero            ## $a1 = 00000000
.L80AEE62C:
/* 021CC 80AEE62C 8FBF0044 */  lw      $ra, 0x0044($sp)           
/* 021D0 80AEE630 D7B40028 */  ldc1    $f20, 0x0028($sp)          
/* 021D4 80AEE634 8FB00030 */  lw      $s0, 0x0030($sp)           
/* 021D8 80AEE638 8FB10034 */  lw      $s1, 0x0034($sp)           
/* 021DC 80AEE63C 8FB20038 */  lw      $s2, 0x0038($sp)           
/* 021E0 80AEE640 8FB3003C */  lw      $s3, 0x003C($sp)           
/* 021E4 80AEE644 8FB40040 */  lw      $s4, 0x0040($sp)           
/* 021E8 80AEE648 03E00008 */  jr      $ra                        
/* 021EC 80AEE64C 27BD0050 */  addiu   $sp, $sp, 0x0050           ## $sp = 00000000


glabel func_80AEE650
/* 021F0 80AEE650 27BDFFE8 */  addiu   $sp, $sp, 0xFFE8           ## $sp = FFFFFFE8
/* 021F4 80AEE654 AFBF0014 */  sw      $ra, 0x0014($sp)           
/* 021F8 80AEE658 AFA5001C */  sw      $a1, 0x001C($sp)           
/* 021FC 80AEE65C 00803025 */  or      $a2, $a0, $zero            ## $a2 = 00000000
/* 02200 80AEE660 8CC2036C */  lw      $v0, 0x036C($a2)           ## 0000036C
/* 02204 80AEE664 24C50024 */  addiu   $a1, $a2, 0x0024           ## $a1 = 00000024
/* 02208 80AEE668 28410006 */  slti    $at, $v0, 0x0006           
/* 0220C 80AEE66C 1020000B */  beq     $at, $zero, .L80AEE69C     
/* 02210 80AEE670 00027080 */  sll     $t6, $v0,  2               
/* 02214 80AEE674 01C27023 */  subu    $t6, $t6, $v0              
/* 02218 80AEE678 000E7080 */  sll     $t6, $t6,  2               
/* 0221C 80AEE67C 00CE2021 */  addu    $a0, $a2, $t6              
/* 02220 80AEE680 24840324 */  addiu   $a0, $a0, 0x0324           ## $a0 = 00000324
/* 02224 80AEE684 0C03FD43 */  jal     func_800FF50C              
/* 02228 80AEE688 AFA60018 */  sw      $a2, 0x0018($sp)           
/* 0222C 80AEE68C 8FA60018 */  lw      $a2, 0x0018($sp)           
/* 02230 80AEE690 8CCF036C */  lw      $t7, 0x036C($a2)           ## 0000036C
/* 02234 80AEE694 25F80001 */  addiu   $t8, $t7, 0x0001           ## $t8 = 00000001
/* 02238 80AEE698 ACD8036C */  sw      $t8, 0x036C($a2)           ## 0000036C
.L80AEE69C:
/* 0223C 80AEE69C 3C1980AF */  lui     $t9, %hi(func_80AEE6B8)    ## $t9 = 80AF0000
/* 02240 80AEE6A0 2739E6B8 */  addiu   $t9, $t9, %lo(func_80AEE6B8) ## $t9 = 80AEE6B8
/* 02244 80AEE6A4 ACD90188 */  sw      $t9, 0x0188($a2)           ## 00000188
/* 02248 80AEE6A8 8FBF0014 */  lw      $ra, 0x0014($sp)           
/* 0224C 80AEE6AC 27BD0018 */  addiu   $sp, $sp, 0x0018           ## $sp = 00000000
/* 02250 80AEE6B0 03E00008 */  jr      $ra                        
/* 02254 80AEE6B4 00000000 */  nop


glabel func_80AEE6B8
/* 02258 80AEE6B8 27BDFFE0 */  addiu   $sp, $sp, 0xFFE0           ## $sp = FFFFFFE0
/* 0225C 80AEE6BC AFB00018 */  sw      $s0, 0x0018($sp)           
/* 02260 80AEE6C0 00808025 */  or      $s0, $a0, $zero            ## $s0 = 00000000
/* 02264 80AEE6C4 AFBF001C */  sw      $ra, 0x001C($sp)           
/* 02268 80AEE6C8 AFA50024 */  sw      $a1, 0x0024($sp)           
/* 0226C 80AEE6CC 960E02CA */  lhu     $t6, 0x02CA($s0)           ## 000002CA
/* 02270 80AEE6D0 02002025 */  or      $a0, $s0, $zero            ## $a0 = 00000000
/* 02274 80AEE6D4 2405007C */  addiu   $a1, $zero, 0x007C         ## $a1 = 0000007C
/* 02278 80AEE6D8 31CF0020 */  andi    $t7, $t6, 0x0020           ## $t7 = 00000000
/* 0227C 80AEE6DC 11E0001C */  beq     $t7, $zero, .L80AEE750     
/* 02280 80AEE6E0 00003825 */  or      $a3, $zero, $zero          ## $a3 = 00000000
/* 02284 80AEE6E4 861802E4 */  lh      $t8, 0x02E4($s0)           ## 000002E4
/* 02288 80AEE6E8 02002025 */  or      $a0, $s0, $zero            ## $a0 = 00000000
/* 0228C 80AEE6EC 2405007C */  addiu   $a1, $zero, 0x007C         ## $a1 = 0000007C
/* 02290 80AEE6F0 2B010003 */  slti    $at, $t8, 0x0003           
/* 02294 80AEE6F4 1420000A */  bne     $at, $zero, .L80AEE720     
/* 02298 80AEE6F8 00003825 */  or      $a3, $zero, $zero          ## $a3 = 00000000
/* 0229C 80AEE6FC 0C03C7EF */  jal     func_800F1FBC              
/* 022A0 80AEE700 86040312 */  lh      $a0, 0x0312($s0)           ## 00000312
/* 022A4 80AEE704 0C051DED */  jal     func_801477B4              
/* 022A8 80AEE708 8FA40024 */  lw      $a0, 0x0024($sp)           
/* 022AC 80AEE70C 02002025 */  or      $a0, $s0, $zero            ## $a0 = 00000000
/* 022B0 80AEE710 0C2BB6FB */  jal     func_80AEDBEC              
/* 022B4 80AEE714 8FA50024 */  lw      $a1, 0x0024($sp)           
/* 022B8 80AEE718 10000016 */  beq     $zero, $zero, .L80AEE774   
/* 022BC 80AEE71C 8FBF001C */  lw      $ra, 0x001C($sp)           
.L80AEE720:
/* 022C0 80AEE720 0C04F8B5 */  jal     func_8013E2D4              
/* 022C4 80AEE724 86060312 */  lh      $a2, 0x0312($s0)           ## 00000312
/* 022C8 80AEE728 10400011 */  beq     $v0, $zero, .L80AEE770     
/* 022CC 80AEE72C 24190003 */  addiu   $t9, $zero, 0x0003         ## $t9 = 00000003
/* 022D0 80AEE730 A6190310 */  sh      $t9, 0x0310($s0)           ## 00000310
/* 022D4 80AEE734 8FA50024 */  lw      $a1, 0x0024($sp)           
/* 022D8 80AEE738 0C2BB784 */  jal     func_80AEDE10              
/* 022DC 80AEE73C 02002025 */  or      $a0, $s0, $zero            ## $a0 = 00000000
/* 022E0 80AEE740 960802CA */  lhu     $t0, 0x02CA($s0)           ## 000002CA
/* 022E4 80AEE744 3109FFDF */  andi    $t1, $t0, 0xFFDF           ## $t1 = 00000000
/* 022E8 80AEE748 10000009 */  beq     $zero, $zero, .L80AEE770   
/* 022EC 80AEE74C A60902CA */  sh      $t1, 0x02CA($s0)           ## 000002CA
.L80AEE750:
/* 022F0 80AEE750 0C04F8B5 */  jal     func_8013E2D4              
/* 022F4 80AEE754 86060312 */  lh      $a2, 0x0312($s0)           ## 00000312
/* 022F8 80AEE758 10400005 */  beq     $v0, $zero, .L80AEE770     
/* 022FC 80AEE75C 240A0004 */  addiu   $t2, $zero, 0x0004         ## $t2 = 00000004
/* 02300 80AEE760 A60A0310 */  sh      $t2, 0x0310($s0)           ## 00000310
/* 02304 80AEE764 8FA50024 */  lw      $a1, 0x0024($sp)           
/* 02308 80AEE768 0C2BB784 */  jal     func_80AEDE10              
/* 0230C 80AEE76C 02002025 */  or      $a0, $s0, $zero            ## $a0 = 00000000
.L80AEE770:
/* 02310 80AEE770 8FBF001C */  lw      $ra, 0x001C($sp)           
.L80AEE774:
/* 02314 80AEE774 8FB00018 */  lw      $s0, 0x0018($sp)           
/* 02318 80AEE778 27BD0020 */  addiu   $sp, $sp, 0x0020           ## $sp = 00000000
/* 0231C 80AEE77C 03E00008 */  jr      $ra                        
/* 02320 80AEE780 00000000 */  nop


glabel func_80AEE784
/* 02324 80AEE784 27BDFFE8 */  addiu   $sp, $sp, 0xFFE8           ## $sp = FFFFFFE8
/* 02328 80AEE788 AFBF0014 */  sw      $ra, 0x0014($sp)           
/* 0232C 80AEE78C AFA5001C */  sw      $a1, 0x001C($sp)           
/* 02330 80AEE790 00803025 */  or      $a2, $a0, $zero            ## $a2 = 00000000
/* 02334 80AEE794 240EFFFF */  addiu   $t6, $zero, 0xFFFF         ## $t6 = FFFFFFFF
/* 02338 80AEE798 240F0001 */  addiu   $t7, $zero, 0x0001         ## $t7 = 00000001
/* 0233C 80AEE79C ACCE02D0 */  sw      $t6, 0x02D0($a2)           ## 000002D0
/* 02340 80AEE7A0 A4CF0310 */  sh      $t7, 0x0310($a2)           ## 00000310
/* 02344 80AEE7A4 AFA60018 */  sw      $a2, 0x0018($sp)           
/* 02348 80AEE7A8 24C40030 */  addiu   $a0, $a2, 0x0030           ## $a0 = 00000030
/* 0234C 80AEE7AC 0C03FD4B */  jal     func_800FF52C              
/* 02350 80AEE7B0 24C500BC */  addiu   $a1, $a2, 0x00BC           ## $a1 = 000000BC
/* 02354 80AEE7B4 8FA40018 */  lw      $a0, 0x0018($sp)           
/* 02358 80AEE7B8 0C2BBAB5 */  jal     func_80AEEAD4              
/* 0235C 80AEE7BC 8FA5001C */  lw      $a1, 0x001C($sp)           
/* 02360 80AEE7C0 8FA60018 */  lw      $a2, 0x0018($sp)           
/* 02364 80AEE7C4 3C1880AF */  lui     $t8, %hi(func_80AEE9B0)    ## $t8 = 80AF0000
/* 02368 80AEE7C8 2718E9B0 */  addiu   $t8, $t8, %lo(func_80AEE9B0) ## $t8 = 80AEE9B0
/* 0236C 80AEE7CC ACD80188 */  sw      $t8, 0x0188($a2)           ## 00000188
/* 02370 80AEE7D0 8FBF0014 */  lw      $ra, 0x0014($sp)           
/* 02374 80AEE7D4 27BD0018 */  addiu   $sp, $sp, 0x0018           ## $sp = 00000000
/* 02378 80AEE7D8 03E00008 */  jr      $ra                        
/* 0237C 80AEE7DC 00000000 */  nop


glabel func_80AEE7E0
/* 02380 80AEE7E0 27BDFFC8 */  addiu   $sp, $sp, 0xFFC8           ## $sp = FFFFFFC8
/* 02384 80AEE7E4 F7B40010 */  sdc1    $f20, 0x0010($sp)          
/* 02388 80AEE7E8 AFB30028 */  sw      $s3, 0x0028($sp)           
/* 0238C 80AEE7EC AFB20024 */  sw      $s2, 0x0024($sp)           
/* 02390 80AEE7F0 4485A000 */  mtc1    $a1, $f20                  ## $f20 = 0.00
/* 02394 80AEE7F4 00E09025 */  or      $s2, $a3, $zero            ## $s2 = 00000000
/* 02398 80AEE7F8 00809825 */  or      $s3, $a0, $zero            ## $s3 = 00000000
/* 0239C 80AEE7FC AFBF002C */  sw      $ra, 0x002C($sp)           
/* 023A0 80AEE800 AFB10020 */  sw      $s1, 0x0020($sp)           
/* 023A4 80AEE804 AFB0001C */  sw      $s0, 0x001C($sp)           
/* 023A8 80AEE808 240E0001 */  addiu   $t6, $zero, 0x0001         ## $t6 = 00000001
/* 023AC 80AEE80C AFAE0030 */  sw      $t6, 0x0030($sp)           
/* 023B0 80AEE810 1A40000D */  blez    $s2, .L80AEE848            
/* 023B4 80AEE814 00008025 */  or      $s0, $zero, $zero          ## $s0 = 00000000
/* 023B8 80AEE818 00C08825 */  or      $s1, $a2, $zero            ## $s1 = 00000000
.L80AEE81C:
/* 023BC 80AEE81C 02602025 */  or      $a0, $s3, $zero            ## $a0 = 00000000
/* 023C0 80AEE820 0C03FE4B */  jal     func_800FF92C              
/* 023C4 80AEE824 02202825 */  or      $a1, $s1, $zero            ## $a1 = 00000000
/* 023C8 80AEE828 4614003C */  c.lt.s  $f0, $f20                  
/* 023CC 80AEE82C 26100001 */  addiu   $s0, $s0, 0x0001           ## $s0 = 00000001
/* 023D0 80AEE830 45000003 */  bc1f    .L80AEE840                 
/* 023D4 80AEE834 00000000 */  nop
/* 023D8 80AEE838 10000003 */  beq     $zero, $zero, .L80AEE848   
/* 023DC 80AEE83C AFA00030 */  sw      $zero, 0x0030($sp)         
.L80AEE840:
/* 023E0 80AEE840 1612FFF6 */  bne     $s0, $s2, .L80AEE81C       
/* 023E4 80AEE844 2631000C */  addiu   $s1, $s1, 0x000C           ## $s1 = 0000000C
.L80AEE848:
/* 023E8 80AEE848 8FA20030 */  lw      $v0, 0x0030($sp)           
/* 023EC 80AEE84C 8FBF002C */  lw      $ra, 0x002C($sp)           
/* 023F0 80AEE850 D7B40010 */  ldc1    $f20, 0x0010($sp)          
/* 023F4 80AEE854 8FB0001C */  lw      $s0, 0x001C($sp)           
/* 023F8 80AEE858 8FB10020 */  lw      $s1, 0x0020($sp)           
/* 023FC 80AEE85C 8FB20024 */  lw      $s2, 0x0024($sp)           
/* 02400 80AEE860 8FB30028 */  lw      $s3, 0x0028($sp)           
/* 02404 80AEE864 03E00008 */  jr      $ra                        
/* 02408 80AEE868 27BD0038 */  addiu   $sp, $sp, 0x0038           ## $sp = 00000000


glabel func_80AEE86C
/* 0240C 80AEE86C 27BDFFB8 */  addiu   $sp, $sp, 0xFFB8           ## $sp = FFFFFFB8
/* 02410 80AEE870 AFB00018 */  sw      $s0, 0x0018($sp)           
/* 02414 80AEE874 00808025 */  or      $s0, $a0, $zero            ## $s0 = 00000000
/* 02418 80AEE878 AFBF001C */  sw      $ra, 0x001C($sp)           
/* 0241C 80AEE87C AFA5004C */  sw      $a1, 0x004C($sp)           
/* 02420 80AEE880 AFA00040 */  sw      $zero, 0x0040($sp)         
/* 02424 80AEE884 860500BE */  lh      $a1, 0x00BE($s0)           ## 000000BE
/* 02428 80AEE888 26040024 */  addiu   $a0, $s0, 0x0024           ## $a0 = 00000024
/* 0242C 80AEE88C 3C0680AF */  lui     $a2, %hi(D_80AEFA78)       ## $a2 = 80AF0000
/* 02430 80AEE890 24C6FA78 */  addiu   $a2, $a2, %lo(D_80AEFA78)  ## $a2 = 80AEFA78
/* 02434 80AEE894 AFA40024 */  sw      $a0, 0x0024($sp)           
/* 02438 80AEE898 0C040047 */  jal     func_8010011C              
/* 0243C 80AEE89C 27A70028 */  addiu   $a3, $sp, 0x0028           ## $a3 = FFFFFFE0
/* 02440 80AEE8A0 8FA4004C */  lw      $a0, 0x004C($sp)           
/* 02444 80AEE8A4 27A50038 */  addiu   $a1, $sp, 0x0038           ## $a1 = FFFFFFF0
/* 02448 80AEE8A8 27A60034 */  addiu   $a2, $sp, 0x0034           ## $a2 = FFFFFFEC
/* 0244C 80AEE8AC 24840830 */  addiu   $a0, $a0, 0x0830           ## $a0 = 00000830
/* 02450 80AEE8B0 AFA40020 */  sw      $a0, 0x0020($sp)           
/* 02454 80AEE8B4 0C03102D */  jal     func_800C40B4              
/* 02458 80AEE8B8 27A70028 */  addiu   $a3, $sp, 0x0028           ## $a3 = FFFFFFE0
/* 0245C 80AEE8BC 3C01C6FA */  lui     $at, 0xC6FA                ## $at = C6FA0000
/* 02460 80AEE8C0 44812000 */  mtc1    $at, $f4                   ## $f4 = -32000.00
/* 02464 80AEE8C4 8FA40020 */  lw      $a0, 0x0020($sp)           
/* 02468 80AEE8C8 8FA50038 */  lw      $a1, 0x0038($sp)           
/* 0246C 80AEE8CC 46040032 */  c.eq.s  $f0, $f4                   
/* 02470 80AEE8D0 00000000 */  nop
/* 02474 80AEE8D4 45030031 */  bc1tl   .L80AEE99C                 
/* 02478 80AEE8D8 8FA20040 */  lw      $v0, 0x0040($sp)           
/* 0247C 80AEE8DC 0C0326EE */  jal     func_800C9BB8              
/* 02480 80AEE8E0 8FA60034 */  lw      $a2, 0x0034($sp)           
/* 02484 80AEE8E4 24030001 */  addiu   $v1, $zero, 0x0001         ## $v1 = 00000001
/* 02488 80AEE8E8 5443002C */  bnel    $v0, $v1, .L80AEE99C       
/* 0248C 80AEE8EC 8FA20040 */  lw      $v0, 0x0040($sp)           
/* 02490 80AEE8F0 8E0E02D0 */  lw      $t6, 0x02D0($s0)           ## 000002D0
/* 02494 80AEE8F4 3C0180AF */  lui     $at, %hi(D_80AEFBC0)       ## $at = 80AF0000
/* 02498 80AEE8F8 546E0028 */  bnel    $v1, $t6, .L80AEE99C       
/* 0249C 80AEE8FC 8FA20040 */  lw      $v0, 0x0040($sp)           
/* 024A0 80AEE900 C426FBC0 */  lwc1    $f6, %lo(D_80AEFBC0)($at)  
/* 024A4 80AEE904 C6080094 */  lwc1    $f8, 0x0094($s0)           ## 00000094
/* 024A8 80AEE908 8FA40024 */  lw      $a0, 0x0024($sp)           
/* 024AC 80AEE90C 3C0542C8 */  lui     $a1, 0x42C8                ## $a1 = 42C80000
/* 024B0 80AEE910 4606403E */  c.le.s  $f8, $f6                   
/* 024B4 80AEE914 26060324 */  addiu   $a2, $s0, 0x0324           ## $a2 = 00000324
/* 024B8 80AEE918 45020020 */  bc1fl   .L80AEE99C                 
/* 024BC 80AEE91C 8FA20040 */  lw      $v0, 0x0040($sp)           
/* 024C0 80AEE920 0C2BB9F8 */  jal     func_80AEE7E0              
/* 024C4 80AEE924 8E07036C */  lw      $a3, 0x036C($s0)           ## 0000036C
/* 024C8 80AEE928 5040001C */  beql    $v0, $zero, .L80AEE99C     
/* 024CC 80AEE92C 8FA20040 */  lw      $v0, 0x0040($sp)           
/* 024D0 80AEE930 960202CA */  lhu     $v0, 0x02CA($s0)           ## 000002CA
/* 024D4 80AEE934 26040300 */  addiu   $a0, $s0, 0x0300           ## $a0 = 00000300
/* 024D8 80AEE938 30420002 */  andi    $v0, $v0, 0x0002           ## $v0 = 00000000
/* 024DC 80AEE93C 1040000C */  beq     $v0, $zero, .L80AEE970     
/* 024E0 80AEE940 00000000 */  nop
/* 024E4 80AEE944 0C03FE4B */  jal     func_800FF92C              
/* 024E8 80AEE948 27A50028 */  addiu   $a1, $sp, 0x0028           ## $a1 = FFFFFFE0
/* 024EC 80AEE94C 3C0142C8 */  lui     $at, 0x42C8                ## $at = 42C80000
/* 024F0 80AEE950 44815000 */  mtc1    $at, $f10                  ## $f10 = 100.00
/* 024F4 80AEE954 00000000 */  nop
/* 024F8 80AEE958 4600503E */  c.le.s  $f10, $f0                  
/* 024FC 80AEE95C 00000000 */  nop
/* 02500 80AEE960 45010005 */  bc1t    .L80AEE978                 
/* 02504 80AEE964 00000000 */  nop
/* 02508 80AEE968 960202CA */  lhu     $v0, 0x02CA($s0)           ## 000002CA
/* 0250C 80AEE96C 30420002 */  andi    $v0, $v0, 0x0002           ## $v0 = 00000000
.L80AEE970:
/* 02510 80AEE970 5440000A */  bnel    $v0, $zero, .L80AEE99C     
/* 02514 80AEE974 8FA20040 */  lw      $v0, 0x0040($sp)           
.L80AEE978:
/* 02518 80AEE978 0C05A433 */  jal     func_801690CC              
/* 0251C 80AEE97C 8FA4004C */  lw      $a0, 0x004C($sp)           
/* 02520 80AEE980 14400005 */  bne     $v0, $zero, .L80AEE998     
/* 02524 80AEE984 26040300 */  addiu   $a0, $s0, 0x0300           ## $a0 = 00000300
/* 02528 80AEE988 0C03FD43 */  jal     func_800FF50C              
/* 0252C 80AEE98C 27A50028 */  addiu   $a1, $sp, 0x0028           ## $a1 = FFFFFFE0
/* 02530 80AEE990 240F0001 */  addiu   $t7, $zero, 0x0001         ## $t7 = 00000001
/* 02534 80AEE994 AFAF0040 */  sw      $t7, 0x0040($sp)           
.L80AEE998:
/* 02538 80AEE998 8FA20040 */  lw      $v0, 0x0040($sp)           
.L80AEE99C:
/* 0253C 80AEE99C 8FBF001C */  lw      $ra, 0x001C($sp)           
/* 02540 80AEE9A0 8FB00018 */  lw      $s0, 0x0018($sp)           
/* 02544 80AEE9A4 27BD0048 */  addiu   $sp, $sp, 0x0048           ## $sp = 00000000
/* 02548 80AEE9A8 03E00008 */  jr      $ra                        
/* 0254C 80AEE9AC 00000000 */  nop


glabel func_80AEE9B0
/* 02550 80AEE9B0 27BDFFE0 */  addiu   $sp, $sp, 0xFFE0           ## $sp = FFFFFFE0
/* 02554 80AEE9B4 AFB00018 */  sw      $s0, 0x0018($sp)           
/* 02558 80AEE9B8 00808025 */  or      $s0, $a0, $zero            ## $s0 = 00000000
/* 0255C 80AEE9BC AFBF001C */  sw      $ra, 0x001C($sp)           
/* 02560 80AEE9C0 AFA50024 */  sw      $a1, 0x0024($sp)           
/* 02564 80AEE9C4 8E19030C */  lw      $t9, 0x030C($s0)           ## 0000030C
/* 02568 80AEE9C8 02002025 */  or      $a0, $s0, $zero            ## $a0 = 00000000
/* 0256C 80AEE9CC 8FA50024 */  lw      $a1, 0x0024($sp)           
/* 02570 80AEE9D0 0320F809 */  jalr    $ra, $t9                   
/* 02574 80AEE9D4 00000000 */  nop
/* 02578 80AEE9D8 02002025 */  or      $a0, $s0, $zero            ## $a0 = 00000000
/* 0257C 80AEE9DC 0C2BBAB5 */  jal     func_80AEEAD4              
/* 02580 80AEE9E0 8FA50024 */  lw      $a1, 0x0024($sp)           
/* 02584 80AEE9E4 26040024 */  addiu   $a0, $s0, 0x0024           ## $a0 = 00000024
/* 02588 80AEE9E8 0C03FE4B */  jal     func_800FF92C              
/* 0258C 80AEE9EC 26050300 */  addiu   $a1, $s0, 0x0300           ## $a1 = 00000300
/* 02590 80AEE9F0 3C0142C8 */  lui     $at, 0x42C8                ## $at = 42C80000
/* 02594 80AEE9F4 44812000 */  mtc1    $at, $f4                   ## $f4 = 100.00
/* 02598 80AEE9F8 02002025 */  or      $a0, $s0, $zero            ## $a0 = 00000000
/* 0259C 80AEE9FC 4600203E */  c.le.s  $f4, $f0                   
/* 025A0 80AEEA00 00000000 */  nop
/* 025A4 80AEEA04 45000004 */  bc1f    .L80AEEA18                 
/* 025A8 80AEEA08 00000000 */  nop
/* 025AC 80AEEA0C 960E02CA */  lhu     $t6, 0x02CA($s0)           ## 000002CA
/* 025B0 80AEEA10 31CFFFFD */  andi    $t7, $t6, 0xFFFD           ## $t7 = 00000000
/* 025B4 80AEEA14 A60F02CA */  sh      $t7, 0x02CA($s0)           ## 000002CA
.L80AEEA18:
/* 025B8 80AEEA18 0C2BBA1B */  jal     func_80AEE86C              
/* 025BC 80AEEA1C 8FA50024 */  lw      $a1, 0x0024($sp)           
/* 025C0 80AEEA20 10400005 */  beq     $v0, $zero, .L80AEEA38     
/* 025C4 80AEEA24 24180002 */  addiu   $t8, $zero, 0x0002         ## $t8 = 00000002
/* 025C8 80AEEA28 A6180310 */  sh      $t8, 0x0310($s0)           ## 00000310
/* 025CC 80AEEA2C 8FA50024 */  lw      $a1, 0x0024($sp)           
/* 025D0 80AEEA30 0C2BB768 */  jal     func_80AEDDA0              
/* 025D4 80AEEA34 02002025 */  or      $a0, $s0, $zero            ## $a0 = 00000000
.L80AEEA38:
/* 025D8 80AEEA38 8FBF001C */  lw      $ra, 0x001C($sp)           
/* 025DC 80AEEA3C 8FB00018 */  lw      $s0, 0x0018($sp)           
/* 025E0 80AEEA40 27BD0020 */  addiu   $sp, $sp, 0x0020           ## $sp = 00000000
/* 025E4 80AEEA44 03E00008 */  jr      $ra                        
/* 025E8 80AEEA48 00000000 */  nop


glabel func_80AEEA4C
/* 025EC 80AEEA4C 948E02CA */  lhu     $t6, 0x02CA($a0)           ## 000002CA
/* 025F0 80AEEA50 3C014561 */  lui     $at, 0x4561                ## $at = 45610000
/* 025F4 80AEEA54 31CF0001 */  andi    $t7, $t6, 0x0001           ## $t7 = 00000000
/* 025F8 80AEEA58 51E00004 */  beql    $t7, $zero, .L80AEEA6C     
/* 025FC 80AEEA5C C4800094 */  lwc1    $f0, 0x0094($a0)           ## 00000094
/* 02600 80AEEA60 10000019 */  beq     $zero, $zero, .L80AEEAC8   
/* 02604 80AEEA64 24030003 */  addiu   $v1, $zero, 0x0003         ## $v1 = 00000003
/* 02608 80AEEA68 C4800094 */  lwc1    $f0, 0x0094($a0)           ## 00000094
.L80AEEA6C:
/* 0260C 80AEEA6C 44812000 */  mtc1    $at, $f4                   ## $f4 = 3600.00
/* 02610 80AEEA70 00000000 */  nop
/* 02614 80AEEA74 4604003C */  c.lt.s  $f0, $f4                   
/* 02618 80AEEA78 00000000 */  nop
/* 0261C 80AEEA7C 45020004 */  bc1fl   .L80AEEA90                 
/* 02620 80AEEA80 90980114 */  lbu     $t8, 0x0114($a0)           ## 00000114
/* 02624 80AEEA84 10000010 */  beq     $zero, $zero, .L80AEEAC8   
/* 02628 80AEEA88 00001825 */  or      $v1, $zero, $zero          ## $v1 = 00000000
/* 0262C 80AEEA8C 90980114 */  lbu     $t8, 0x0114($a0)           ## 00000114
.L80AEEA90:
/* 02630 80AEEA90 1700000B */  bne     $t8, $zero, .L80AEEAC0     
/* 02634 80AEEA94 00000000 */  nop
/* 02638 80AEEA98 8CB91E54 */  lw      $t9, 0x1E54($a1)           ## 00001E54
/* 0263C 80AEEA9C 3C0145C8 */  lui     $at, 0x45C8                ## $at = 45C80000
/* 02640 80AEEAA0 10990007 */  beq     $a0, $t9, .L80AEEAC0       
/* 02644 80AEEAA4 00000000 */  nop
/* 02648 80AEEAA8 44813000 */  mtc1    $at, $f6                   ## $f6 = 6400.00
/* 0264C 80AEEAAC 24030002 */  addiu   $v1, $zero, 0x0002         ## $v1 = 00000002
/* 02650 80AEEAB0 4606003C */  c.lt.s  $f0, $f6                   
/* 02654 80AEEAB4 00000000 */  nop
/* 02658 80AEEAB8 45000003 */  bc1f    .L80AEEAC8                 
/* 0265C 80AEEABC 00000000 */  nop
.L80AEEAC0:
/* 02660 80AEEAC0 10000001 */  beq     $zero, $zero, .L80AEEAC8   
/* 02664 80AEEAC4 24030001 */  addiu   $v1, $zero, 0x0001         ## $v1 = 00000001
.L80AEEAC8:
/* 02668 80AEEAC8 00601025 */  or      $v0, $v1, $zero            ## $v0 = 00000001
/* 0266C 80AEEACC 03E00008 */  jr      $ra                        
/* 02670 80AEEAD0 00000000 */  nop


glabel func_80AEEAD4
/* 02674 80AEEAD4 27BDFFD8 */  addiu   $sp, $sp, 0xFFD8           ## $sp = FFFFFFD8
/* 02678 80AEEAD8 AFB00018 */  sw      $s0, 0x0018($sp)           
/* 0267C 80AEEADC 00808025 */  or      $s0, $a0, $zero            ## $s0 = 00000000
/* 02680 80AEEAE0 AFBF001C */  sw      $ra, 0x001C($sp)           
/* 02684 80AEEAE4 02002025 */  or      $a0, $s0, $zero            ## $a0 = 00000000
/* 02688 80AEEAE8 0C2BBA93 */  jal     func_80AEEA4C              
/* 0268C 80AEEAEC AFA5002C */  sw      $a1, 0x002C($sp)           
/* 02690 80AEEAF0 AFA20024 */  sw      $v0, 0x0024($sp)           
/* 02694 80AEEAF4 8E0E02D0 */  lw      $t6, 0x02D0($s0)           ## 000002D0
/* 02698 80AEEAF8 8FA5002C */  lw      $a1, 0x002C($sp)           
/* 0269C 80AEEAFC 2C410005 */  sltiu   $at, $v0, 0x0005           
/* 026A0 80AEEB00 504E001D */  beql    $v0, $t6, .L80AEEB78       
/* 026A4 80AEEB04 8FBF001C */  lw      $ra, 0x001C($sp)           
/* 026A8 80AEEB08 10200018 */  beq     $at, $zero, .L80AEEB6C     
/* 026AC 80AEEB0C 00027880 */  sll     $t7, $v0,  2               
/* 026B0 80AEEB10 3C0180AF */  lui     $at, %hi(D_80AEFBC4)       ## $at = 80AF0000
/* 026B4 80AEEB14 002F0821 */  addu    $at, $at, $t7              
/* 026B8 80AEEB18 8C2FFBC4 */  lw      $t7, %lo(D_80AEFBC4)($at)  
/* 026BC 80AEEB1C 01E00008 */  jr      $t7                        
/* 026C0 80AEEB20 00000000 */  nop
.L80AEEB24:
/* 026C4 80AEEB24 0C2BBC88 */  jal     func_80AEF220              
/* 026C8 80AEEB28 02002025 */  or      $a0, $s0, $zero            ## $a0 = 00000000
/* 026CC 80AEEB2C 10000010 */  beq     $zero, $zero, .L80AEEB70   
/* 026D0 80AEEB30 8FB80024 */  lw      $t8, 0x0024($sp)           
.L80AEEB34:
/* 026D4 80AEEB34 0C2BBC12 */  jal     func_80AEF048              
/* 026D8 80AEEB38 02002025 */  or      $a0, $s0, $zero            ## $a0 = 00000000
/* 026DC 80AEEB3C 1000000C */  beq     $zero, $zero, .L80AEEB70   
/* 026E0 80AEEB40 8FB80024 */  lw      $t8, 0x0024($sp)           
.L80AEEB44:
/* 026E4 80AEEB44 0C2BBAE2 */  jal     func_80AEEB88              
/* 026E8 80AEEB48 02002025 */  or      $a0, $s0, $zero            ## $a0 = 00000000
/* 026EC 80AEEB4C 10000008 */  beq     $zero, $zero, .L80AEEB70   
/* 026F0 80AEEB50 8FB80024 */  lw      $t8, 0x0024($sp)           
.L80AEEB54:
/* 026F4 80AEEB54 0C2BBC57 */  jal     func_80AEF15C              
/* 026F8 80AEEB58 02002025 */  or      $a0, $s0, $zero            ## $a0 = 00000000
/* 026FC 80AEEB5C 10000004 */  beq     $zero, $zero, .L80AEEB70   
/* 02700 80AEEB60 8FB80024 */  lw      $t8, 0x0024($sp)           
.L80AEEB64:
/* 02704 80AEEB64 0C2BBC71 */  jal     func_80AEF1C4              
/* 02708 80AEEB68 02002025 */  or      $a0, $s0, $zero            ## $a0 = 00000000
.L80AEEB6C:
/* 0270C 80AEEB6C 8FB80024 */  lw      $t8, 0x0024($sp)           
.L80AEEB70:
/* 02710 80AEEB70 AE1802D0 */  sw      $t8, 0x02D0($s0)           ## 000002D0
/* 02714 80AEEB74 8FBF001C */  lw      $ra, 0x001C($sp)           
.L80AEEB78:
/* 02718 80AEEB78 8FB00018 */  lw      $s0, 0x0018($sp)           
/* 0271C 80AEEB7C 27BD0028 */  addiu   $sp, $sp, 0x0028           ## $sp = 00000000
/* 02720 80AEEB80 03E00008 */  jr      $ra                        
/* 02724 80AEEB84 00000000 */  nop


glabel func_80AEEB88
/* 02728 80AEEB88 27BDFF88 */  addiu   $sp, $sp, 0xFF88           ## $sp = FFFFFF88
/* 0272C 80AEEB8C AFB00030 */  sw      $s0, 0x0030($sp)           
/* 02730 80AEEB90 00808025 */  or      $s0, $a0, $zero            ## $s0 = 00000000
/* 02734 80AEEB94 AFBF004C */  sw      $ra, 0x004C($sp)           
/* 02738 80AEEB98 AFB60048 */  sw      $s6, 0x0048($sp)           
/* 0273C 80AEEB9C AFB50044 */  sw      $s5, 0x0044($sp)           
/* 02740 80AEEBA0 AFB40040 */  sw      $s4, 0x0040($sp)           
/* 02744 80AEEBA4 AFB3003C */  sw      $s3, 0x003C($sp)           
/* 02748 80AEEBA8 AFB20038 */  sw      $s2, 0x0038($sp)           
/* 0274C 80AEEBAC AFB10034 */  sw      $s1, 0x0034($sp)           
/* 02750 80AEEBB0 F7B80028 */  sdc1    $f24, 0x0028($sp)          
/* 02754 80AEEBB4 F7B60020 */  sdc1    $f22, 0x0020($sp)          
/* 02758 80AEEBB8 F7B40018 */  sdc1    $f20, 0x0018($sp)          
/* 0275C 80AEEBBC 3C01C2A0 */  lui     $at, 0xC2A0                ## $at = C2A00000
/* 02760 80AEEBC0 4481C000 */  mtc1    $at, $f24                  ## $f24 = -80.00
/* 02764 80AEEBC4 3C014248 */  lui     $at, 0x4248                ## $at = 42480000
/* 02768 80AEEBC8 4481B000 */  mtc1    $at, $f22                  ## $f22 = 50.00
/* 0276C 80AEEBCC 3C0142A0 */  lui     $at, 0x42A0                ## $at = 42A00000
/* 02770 80AEEBD0 4481A000 */  mtc1    $at, $f20                  ## $f20 = 80.00
/* 02774 80AEEBD4 00008825 */  or      $s1, $zero, $zero          ## $s1 = 00000000
/* 02778 80AEEBD8 24B50830 */  addiu   $s5, $a1, 0x0830           ## $s5 = 00000830
/* 0277C 80AEEBDC 26160080 */  addiu   $s6, $s0, 0x0080           ## $s6 = 00000080
/* 02780 80AEEBE0 3C140001 */  lui     $s4, 0x0001                ## $s4 = 00010000
/* 02784 80AEEBE4 27B30068 */  addiu   $s3, $sp, 0x0068           ## $s3 = FFFFFFF0
/* 02788 80AEEBE8 27B20074 */  addiu   $s2, $sp, 0x0074           ## $s2 = FFFFFFFC
/* 0278C 80AEEBEC 860E0032 */  lh      $t6, 0x0032($s0)           ## 00000032
.L80AEEBF0:
/* 02790 80AEEBF0 01D12021 */  addu    $a0, $t6, $s1              
/* 02794 80AEEBF4 00042400 */  sll     $a0, $a0, 16               
/* 02798 80AEEBF8 0C03FB61 */  jal     func_800FED84              
/* 0279C 80AEEBFC 00042403 */  sra     $a0, $a0, 16               
/* 027A0 80AEEC00 46140102 */  mul.s   $f4, $f0, $f20             
/* 027A4 80AEEC04 E7A40068 */  swc1    $f4, 0x0068($sp)           
/* 027A8 80AEEC08 860F0032 */  lh      $t7, 0x0032($s0)           ## 00000032
/* 027AC 80AEEC0C 01F12021 */  addu    $a0, $t7, $s1              
/* 027B0 80AEEC10 00042400 */  sll     $a0, $a0, 16               
/* 027B4 80AEEC14 0C03FB51 */  jal     func_800FED44              
/* 027B8 80AEEC18 00042403 */  sra     $a0, $a0, 16               
/* 027BC 80AEEC1C 46140182 */  mul.s   $f6, $f0, $f20             
/* 027C0 80AEEC20 C7A80068 */  lwc1    $f8, 0x0068($sp)           
/* 027C4 80AEEC24 02A02025 */  or      $a0, $s5, $zero            ## $a0 = 00000830
/* 027C8 80AEEC28 02C02825 */  or      $a1, $s6, $zero            ## $a1 = 00000080
/* 027CC 80AEEC2C 02403025 */  or      $a2, $s2, $zero            ## $a2 = FFFFFFFC
/* 027D0 80AEEC30 02603825 */  or      $a3, $s3, $zero            ## $a3 = FFFFFFF0
/* 027D4 80AEEC34 E7A60070 */  swc1    $f6, 0x0070($sp)           
/* 027D8 80AEEC38 C60A0024 */  lwc1    $f10, 0x0024($s0)          ## 00000024
/* 027DC 80AEEC3C C7A60070 */  lwc1    $f6, 0x0070($sp)           
/* 027E0 80AEEC40 460A4400 */  add.s   $f16, $f8, $f10            
/* 027E4 80AEEC44 E7B00068 */  swc1    $f16, 0x0068($sp)          
/* 027E8 80AEEC48 C6120028 */  lwc1    $f18, 0x0028($s0)          ## 00000028
/* 027EC 80AEEC4C 46169100 */  add.s   $f4, $f18, $f22            
/* 027F0 80AEEC50 E7A4006C */  swc1    $f4, 0x006C($sp)           
/* 027F4 80AEEC54 C608002C */  lwc1    $f8, 0x002C($s0)           ## 0000002C
/* 027F8 80AEEC58 46083280 */  add.s   $f10, $f6, $f8             
/* 027FC 80AEEC5C 0C03102D */  jal     func_800C40B4              
/* 02800 80AEEC60 E7AA0070 */  swc1    $f10, 0x0070($sp)          
/* 02804 80AEEC64 C6100028 */  lwc1    $f16, 0x0028($s0)          ## 00000028
/* 02808 80AEEC68 46100081 */  sub.s   $f2, $f0, $f16             
/* 0280C 80AEEC6C 4618103E */  c.le.s  $f2, $f24                  
/* 02810 80AEEC70 00000000 */  nop
/* 02814 80AEEC74 45030005 */  bc1tl   .L80AEEC8C                 
/* 02818 80AEEC78 3C010001 */  lui     $at, 0x0001                ## $at = 00010000
/* 0281C 80AEEC7C 26312000 */  addiu   $s1, $s1, 0x2000           ## $s1 = 00002000
/* 02820 80AEEC80 5634FFDB */  bnel    $s1, $s4, .L80AEEBF0       
/* 02824 80AEEC84 860E0032 */  lh      $t6, 0x0032($s0)           ## 00000032
/* 02828 80AEEC88 3C010001 */  lui     $at, 0x0001                ## $at = 00010000
.L80AEEC8C:
/* 0282C 80AEEC8C 56210010 */  bnel    $s1, $at, .L80AEECD0       
/* 02830 80AEEC90 86090032 */  lh      $t1, 0x0032($s0)           ## 00000032
/* 02834 80AEEC94 0C021C0C */  jal     func_80087030              
/* 02838 80AEEC98 00000000 */  nop
/* 0283C 80AEEC9C 86180092 */  lh      $t8, 0x0092($s0)           ## 00000092
/* 02840 80AEECA0 3C014700 */  lui     $at, 0x4700                ## $at = 47000000
/* 02844 80AEECA4 44811000 */  mtc1    $at, $f2                   ## $f2 = 32768.00
/* 02848 80AEECA8 44982000 */  mtc1    $t8, $f4                   ## $f4 = 0.00
/* 0284C 80AEECAC 46020482 */  mul.s   $f18, $f0, $f2             
/* 02850 80AEECB0 468021A0 */  cvt.s.w $f6, $f4                   
/* 02854 80AEECB4 46069200 */  add.s   $f8, $f18, $f6             
/* 02858 80AEECB8 46024280 */  add.s   $f10, $f8, $f2             
/* 0285C 80AEECBC 4600540D */  trunc.w.s $f16, $f10                 
/* 02860 80AEECC0 44088000 */  mfc1    $t0, $f16                  
/* 02864 80AEECC4 10000004 */  beq     $zero, $zero, .L80AEECD8   
/* 02868 80AEECC8 A60802CC */  sh      $t0, 0x02CC($s0)           ## 000002CC
/* 0286C 80AEECCC 86090032 */  lh      $t1, 0x0032($s0)           ## 00000032
.L80AEECD0:
/* 02870 80AEECD0 01315021 */  addu    $t2, $t1, $s1              
/* 02874 80AEECD4 A60A02CC */  sh      $t2, 0x02CC($s0)           ## 000002CC
.L80AEECD8:
/* 02878 80AEECD8 240B0064 */  addiu   $t3, $zero, 0x0064         ## $t3 = 00000064
/* 0287C 80AEECDC 3C0580AF */  lui     $a1, %hi(D_80AEF868)       ## $a1 = 80AF0000
/* 02880 80AEECE0 A60B02C6 */  sh      $t3, 0x02C6($s0)           ## 000002C6
/* 02884 80AEECE4 24A5F868 */  addiu   $a1, $a1, %lo(D_80AEF868)  ## $a1 = 80AEF868
/* 02888 80AEECE8 26040144 */  addiu   $a0, $s0, 0x0144           ## $a0 = 00000144
/* 0288C 80AEECEC 24060001 */  addiu   $a2, $zero, 0x0001         ## $a2 = 00000001
/* 02890 80AEECF0 0C04F872 */  jal     func_8013E1C8              
/* 02894 80AEECF4 260702D4 */  addiu   $a3, $s0, 0x02D4           ## $a3 = 000002D4
/* 02898 80AEECF8 3C0C80AF */  lui     $t4, %hi(func_80AEED38)    ## $t4 = 80AF0000
/* 0289C 80AEECFC 258CED38 */  addiu   $t4, $t4, %lo(func_80AEED38) ## $t4 = 80AEED38
/* 028A0 80AEED00 AE0C030C */  sw      $t4, 0x030C($s0)           ## 0000030C
/* 028A4 80AEED04 8FBF004C */  lw      $ra, 0x004C($sp)           
/* 028A8 80AEED08 D7B40018 */  ldc1    $f20, 0x0018($sp)          
/* 028AC 80AEED0C D7B60020 */  ldc1    $f22, 0x0020($sp)          
/* 028B0 80AEED10 D7B80028 */  ldc1    $f24, 0x0028($sp)          
/* 028B4 80AEED14 8FB00030 */  lw      $s0, 0x0030($sp)           
/* 028B8 80AEED18 8FB10034 */  lw      $s1, 0x0034($sp)           
/* 028BC 80AEED1C 8FB20038 */  lw      $s2, 0x0038($sp)           
/* 028C0 80AEED20 8FB3003C */  lw      $s3, 0x003C($sp)           
/* 028C4 80AEED24 8FB40040 */  lw      $s4, 0x0040($sp)           
/* 028C8 80AEED28 8FB50044 */  lw      $s5, 0x0044($sp)           
/* 028CC 80AEED2C 8FB60048 */  lw      $s6, 0x0048($sp)           
/* 028D0 80AEED30 03E00008 */  jr      $ra                        
/* 028D4 80AEED34 27BD0078 */  addiu   $sp, $sp, 0x0078           ## $sp = 00000000


glabel func_80AEED38
/* 028D8 80AEED38 27BDFF98 */  addiu   $sp, $sp, 0xFF98           ## $sp = FFFFFF98
/* 028DC 80AEED3C AFB00020 */  sw      $s0, 0x0020($sp)           
/* 028E0 80AEED40 00808025 */  or      $s0, $a0, $zero            ## $s0 = 00000000
/* 028E4 80AEED44 AFBF0024 */  sw      $ra, 0x0024($sp)           
/* 028E8 80AEED48 AFA5006C */  sw      $a1, 0x006C($sp)           
/* 028EC 80AEED4C 860600BE */  lh      $a2, 0x00BE($s0)           ## 000000BE
/* 028F0 80AEED50 26050024 */  addiu   $a1, $s0, 0x0024           ## $a1 = 00000024
/* 028F4 80AEED54 AFA50030 */  sw      $a1, 0x0030($sp)           
/* 028F8 80AEED58 27A40058 */  addiu   $a0, $sp, 0x0058           ## $a0 = FFFFFFF0
/* 028FC 80AEED5C 0C03FD43 */  jal     func_800FF50C              
/* 02900 80AEED60 A7A60056 */  sh      $a2, 0x0056($sp)           
/* 02904 80AEED64 87A60056 */  lh      $a2, 0x0056($sp)           
/* 02908 80AEED68 00062400 */  sll     $a0, $a2, 16               
/* 0290C 80AEED6C 0C03FB61 */  jal     func_800FED84              
/* 02910 80AEED70 00042403 */  sra     $a0, $a0, 16               
/* 02914 80AEED74 3C0141A0 */  lui     $at, 0x41A0                ## $at = 41A00000
/* 02918 80AEED78 44813000 */  mtc1    $at, $f6                   ## $f6 = 20.00
/* 0291C 80AEED7C 3C0141F0 */  lui     $at, 0x41F0                ## $at = 41F00000
/* 02920 80AEED80 C7A40058 */  lwc1    $f4, 0x0058($sp)           
/* 02924 80AEED84 46060202 */  mul.s   $f8, $f0, $f6              
/* 02928 80AEED88 44819000 */  mtc1    $at, $f18                  ## $f18 = 30.00
/* 0292C 80AEED8C C7B0005C */  lwc1    $f16, 0x005C($sp)          
/* 02930 80AEED90 87A60056 */  lh      $a2, 0x0056($sp)           
/* 02934 80AEED94 46128180 */  add.s   $f6, $f16, $f18            
/* 02938 80AEED98 00062400 */  sll     $a0, $a2, 16               
/* 0293C 80AEED9C 00042403 */  sra     $a0, $a0, 16               
/* 02940 80AEEDA0 46082280 */  add.s   $f10, $f4, $f8             
/* 02944 80AEEDA4 E7A6005C */  swc1    $f6, 0x005C($sp)           
/* 02948 80AEEDA8 0C03FB51 */  jal     func_800FED44              
/* 0294C 80AEEDAC E7AA0058 */  swc1    $f10, 0x0058($sp)          
/* 02950 80AEEDB0 3C0141A0 */  lui     $at, 0x41A0                ## $at = 41A00000
/* 02954 80AEEDB4 44811000 */  mtc1    $at, $f2                   ## $f2 = 20.00
/* 02958 80AEEDB8 C7A40060 */  lwc1    $f4, 0x0060($sp)           
/* 0295C 80AEEDBC 8FA4006C */  lw      $a0, 0x006C($sp)           
/* 02960 80AEEDC0 46020202 */  mul.s   $f8, $f0, $f2              
/* 02964 80AEEDC4 44061000 */  mfc1    $a2, $f2                   
/* 02968 80AEEDC8 24840830 */  addiu   $a0, $a0, 0x0830           ## $a0 = 00000830
/* 0296C 80AEEDCC AFA4002C */  sw      $a0, 0x002C($sp)           
/* 02970 80AEEDD0 27A50058 */  addiu   $a1, $sp, 0x0058           ## $a1 = FFFFFFF0
/* 02974 80AEEDD4 46082280 */  add.s   $f10, $f4, $f8             
/* 02978 80AEEDD8 0C031699 */  jal     func_800C5A64              
/* 0297C 80AEEDDC E7AA0060 */  swc1    $f10, 0x0060($sp)          
/* 02980 80AEEDE0 10400056 */  beq     $v0, $zero, .L80AEEF3C     
/* 02984 80AEEDE4 27A40048 */  addiu   $a0, $sp, 0x0048           ## $a0 = FFFFFFE0
/* 02988 80AEEDE8 0C03FD43 */  jal     func_800FF50C              
/* 0298C 80AEEDEC 8FA50030 */  lw      $a1, 0x0030($sp)           
/* 02990 80AEEDF0 860600BE */  lh      $a2, 0x00BE($s0)           ## 000000BE
/* 02994 80AEEDF4 24C64000 */  addiu   $a2, $a2, 0x4000           ## $a2 = 00004000
/* 02998 80AEEDF8 00063400 */  sll     $a2, $a2, 16               
/* 0299C 80AEEDFC 00063403 */  sra     $a2, $a2, 16               
/* 029A0 80AEEE00 00062400 */  sll     $a0, $a2, 16               
/* 029A4 80AEEE04 00042403 */  sra     $a0, $a0, 16               
/* 029A8 80AEEE08 0C03FB61 */  jal     func_800FED84              
/* 029AC 80AEEE0C A7A60056 */  sh      $a2, 0x0056($sp)           
/* 029B0 80AEEE10 3C0141A0 */  lui     $at, 0x41A0                ## $at = 41A00000
/* 029B4 80AEEE14 44819000 */  mtc1    $at, $f18                  ## $f18 = 20.00
/* 029B8 80AEEE18 3C0141F0 */  lui     $at, 0x41F0                ## $at = 41F00000
/* 029BC 80AEEE1C C7B00048 */  lwc1    $f16, 0x0048($sp)          
/* 029C0 80AEEE20 46120182 */  mul.s   $f6, $f0, $f18             
/* 029C4 80AEEE24 44815000 */  mtc1    $at, $f10                  ## $f10 = 30.00
/* 029C8 80AEEE28 C7A8004C */  lwc1    $f8, 0x004C($sp)           
/* 029CC 80AEEE2C 87A60056 */  lh      $a2, 0x0056($sp)           
/* 029D0 80AEEE30 460A4480 */  add.s   $f18, $f8, $f10            
/* 029D4 80AEEE34 00062400 */  sll     $a0, $a2, 16               
/* 029D8 80AEEE38 00042403 */  sra     $a0, $a0, 16               
/* 029DC 80AEEE3C 46068100 */  add.s   $f4, $f16, $f6             
/* 029E0 80AEEE40 E7B2004C */  swc1    $f18, 0x004C($sp)          
/* 029E4 80AEEE44 0C03FB51 */  jal     func_800FED44              
/* 029E8 80AEEE48 E7A40048 */  swc1    $f4, 0x0048($sp)           
/* 029EC 80AEEE4C 3C0141A0 */  lui     $at, 0x41A0                ## $at = 41A00000
/* 029F0 80AEEE50 44813000 */  mtc1    $at, $f6                   ## $f6 = 20.00
/* 029F4 80AEEE54 C7B00050 */  lwc1    $f16, 0x0050($sp)          
/* 029F8 80AEEE58 27A4003C */  addiu   $a0, $sp, 0x003C           ## $a0 = FFFFFFD4
/* 029FC 80AEEE5C 46060102 */  mul.s   $f4, $f0, $f6              
/* 02A00 80AEEE60 8FA50030 */  lw      $a1, 0x0030($sp)           
/* 02A04 80AEEE64 46048200 */  add.s   $f8, $f16, $f4             
/* 02A08 80AEEE68 0C03FD43 */  jal     func_800FF50C              
/* 02A0C 80AEEE6C E7A80050 */  swc1    $f8, 0x0050($sp)           
/* 02A10 80AEEE70 860600BE */  lh      $a2, 0x00BE($s0)           ## 000000BE
/* 02A14 80AEEE74 24C6C000 */  addiu   $a2, $a2, 0xC000           ## $a2 = FFFFC000
/* 02A18 80AEEE78 00063400 */  sll     $a2, $a2, 16               
/* 02A1C 80AEEE7C 00063403 */  sra     $a2, $a2, 16               
/* 02A20 80AEEE80 00062400 */  sll     $a0, $a2, 16               
/* 02A24 80AEEE84 00042403 */  sra     $a0, $a0, 16               
/* 02A28 80AEEE88 0C03FB61 */  jal     func_800FED84              
/* 02A2C 80AEEE8C A7A60056 */  sh      $a2, 0x0056($sp)           
/* 02A30 80AEEE90 3C0141A0 */  lui     $at, 0x41A0                ## $at = 41A00000
/* 02A34 80AEEE94 44819000 */  mtc1    $at, $f18                  ## $f18 = 20.00
/* 02A38 80AEEE98 3C0141F0 */  lui     $at, 0x41F0                ## $at = 41F00000
/* 02A3C 80AEEE9C C7AA003C */  lwc1    $f10, 0x003C($sp)          
/* 02A40 80AEEEA0 46120182 */  mul.s   $f6, $f0, $f18             
/* 02A44 80AEEEA4 44814000 */  mtc1    $at, $f8                   ## $f8 = 30.00
/* 02A48 80AEEEA8 C7A40040 */  lwc1    $f4, 0x0040($sp)           
/* 02A4C 80AEEEAC 87A60056 */  lh      $a2, 0x0056($sp)           
/* 02A50 80AEEEB0 46082480 */  add.s   $f18, $f4, $f8             
/* 02A54 80AEEEB4 00062400 */  sll     $a0, $a2, 16               
/* 02A58 80AEEEB8 00042403 */  sra     $a0, $a0, 16               
/* 02A5C 80AEEEBC 46065400 */  add.s   $f16, $f10, $f6            
/* 02A60 80AEEEC0 E7B20040 */  swc1    $f18, 0x0040($sp)          
/* 02A64 80AEEEC4 0C03FB51 */  jal     func_800FED44              
/* 02A68 80AEEEC8 E7B0003C */  swc1    $f16, 0x003C($sp)          
/* 02A6C 80AEEECC 3C0141A0 */  lui     $at, 0x41A0                ## $at = 41A00000
/* 02A70 80AEEED0 44813000 */  mtc1    $at, $f6                   ## $f6 = 20.00
/* 02A74 80AEEED4 C7AA0044 */  lwc1    $f10, 0x0044($sp)          
/* 02A78 80AEEED8 8FA4002C */  lw      $a0, 0x002C($sp)           
/* 02A7C 80AEEEDC 46060402 */  mul.s   $f16, $f0, $f6             
/* 02A80 80AEEEE0 27A50048 */  addiu   $a1, $sp, 0x0048           ## $a1 = FFFFFFE0
/* 02A84 80AEEEE4 3C0641A0 */  lui     $a2, 0x41A0                ## $a2 = 41A00000
/* 02A88 80AEEEE8 46105100 */  add.s   $f4, $f10, $f16            
/* 02A8C 80AEEEEC 0C031699 */  jal     func_800C5A64              
/* 02A90 80AEEEF0 E7A40044 */  swc1    $f4, 0x0044($sp)           
/* 02A94 80AEEEF4 1040000E */  beq     $v0, $zero, .L80AEEF30     
/* 02A98 80AEEEF8 8FA4002C */  lw      $a0, 0x002C($sp)           
/* 02A9C 80AEEEFC 27A5003C */  addiu   $a1, $sp, 0x003C           ## $a1 = FFFFFFD4
/* 02AA0 80AEEF00 0C031699 */  jal     func_800C5A64              
/* 02AA4 80AEEF04 3C0641A0 */  lui     $a2, 0x41A0                ## $a2 = 41A00000
/* 02AA8 80AEEF08 50400006 */  beql    $v0, $zero, .L80AEEF24     
/* 02AAC 80AEEF0C 861800BE */  lh      $t8, 0x00BE($s0)           ## 000000BE
/* 02AB0 80AEEF10 860E00BE */  lh      $t6, 0x00BE($s0)           ## 000000BE
/* 02AB4 80AEEF14 25CFC000 */  addiu   $t7, $t6, 0xC000           ## $t7 = FFFFC000
/* 02AB8 80AEEF18 10000008 */  beq     $zero, $zero, .L80AEEF3C   
/* 02ABC 80AEEF1C A60F02CC */  sh      $t7, 0x02CC($s0)           ## 000002CC
/* 02AC0 80AEEF20 861800BE */  lh      $t8, 0x00BE($s0)           ## 000000BE
.L80AEEF24:
/* 02AC4 80AEEF24 2719C000 */  addiu   $t9, $t8, 0xC000           ## $t9 = FFFFC000
/* 02AC8 80AEEF28 10000004 */  beq     $zero, $zero, .L80AEEF3C   
/* 02ACC 80AEEF2C A61902CC */  sh      $t9, 0x02CC($s0)           ## 000002CC
.L80AEEF30:
/* 02AD0 80AEEF30 860800BE */  lh      $t0, 0x00BE($s0)           ## 000000BE
/* 02AD4 80AEEF34 25094000 */  addiu   $t1, $t0, 0x4000           ## $t1 = 00004000
/* 02AD8 80AEEF38 A60902CC */  sh      $t1, 0x02CC($s0)           ## 000002CC
.L80AEEF3C:
/* 02ADC 80AEEF3C 960A02CA */  lhu     $t2, 0x02CA($s0)           ## 000002CA
/* 02AE0 80AEEF40 3C0580AF */  lui     $a1, %hi(D_80AEF868)       ## $a1 = 80AF0000
/* 02AE4 80AEEF44 24A5F868 */  addiu   $a1, $a1, %lo(D_80AEF868)  ## $a1 = 80AEF868
/* 02AE8 80AEEF48 314B0200 */  andi    $t3, $t2, 0x0200           ## $t3 = 00000000
/* 02AEC 80AEEF4C 11600009 */  beq     $t3, $zero, .L80AEEF74     
/* 02AF0 80AEEF50 26040144 */  addiu   $a0, $s0, 0x0144           ## $a0 = 00000144
/* 02AF4 80AEEF54 3C0580AF */  lui     $a1, %hi(D_80AEF868)       ## $a1 = 80AF0000
/* 02AF8 80AEEF58 24A5F868 */  addiu   $a1, $a1, %lo(D_80AEF868)  ## $a1 = 80AEF868
/* 02AFC 80AEEF5C 26040144 */  addiu   $a0, $s0, 0x0144           ## $a0 = 00000144
/* 02B00 80AEEF60 24060002 */  addiu   $a2, $zero, 0x0002         ## $a2 = 00000002
/* 02B04 80AEEF64 0C04F872 */  jal     func_8013E1C8              
/* 02B08 80AEEF68 260702D4 */  addiu   $a3, $s0, 0x02D4           ## $a3 = 000002D4
/* 02B0C 80AEEF6C 1000000D */  beq     $zero, $zero, .L80AEEFA4   
/* 02B10 80AEEF70 3C013F00 */  lui     $at, 0x3F00                ## $at = 3F000000
.L80AEEF74:
/* 02B14 80AEEF74 24060001 */  addiu   $a2, $zero, 0x0001         ## $a2 = 00000001
/* 02B18 80AEEF78 260702D4 */  addiu   $a3, $s0, 0x02D4           ## $a3 = 000002D4
/* 02B1C 80AEEF7C 0C04F872 */  jal     func_8013E1C8              
/* 02B20 80AEEF80 AFA40030 */  sw      $a0, 0x0030($sp)           
/* 02B24 80AEEF84 8E050320 */  lw      $a1, 0x0320($s0)           ## 00000320
/* 02B28 80AEEF88 27AC0064 */  addiu   $t4, $sp, 0x0064           ## $t4 = FFFFFFFC
/* 02B2C 80AEEF8C 8FA40030 */  lw      $a0, 0x0030($sp)           
/* 02B30 80AEEF90 AFAC0010 */  sw      $t4, 0x0010($sp)           
/* 02B34 80AEEF94 3C063F80 */  lui     $a2, 0x3F80                ## $a2 = 3F800000
/* 02B38 80AEEF98 0C2BB196 */  jal     func_80AEC658              
/* 02B3C 80AEEF9C 26070070 */  addiu   $a3, $s0, 0x0070           ## $a3 = 00000070
/* 02B40 80AEEFA0 3C013F00 */  lui     $at, 0x3F00                ## $at = 3F000000
.L80AEEFA4:
/* 02B44 80AEEFA4 44814000 */  mtc1    $at, $f8                   ## $f8 = 0.50
/* 02B48 80AEEFA8 C6120070 */  lwc1    $f18, 0x0070($s0)          ## 00000070
/* 02B4C 80AEEFAC 26040032 */  addiu   $a0, $s0, 0x0032           ## $a0 = 00000032
/* 02B50 80AEEFB0 24060002 */  addiu   $a2, $zero, 0x0002         ## $a2 = 00000002
/* 02B54 80AEEFB4 4612403C */  c.lt.s  $f8, $f18                  
/* 02B58 80AEEFB8 24070AAA */  addiu   $a3, $zero, 0x0AAA         ## $a3 = 00000AAA
/* 02B5C 80AEEFBC 240D0001 */  addiu   $t5, $zero, 0x0001         ## $t5 = 00000001
/* 02B60 80AEEFC0 45020007 */  bc1fl   .L80AEEFE0                 
/* 02B64 80AEEFC4 8FA4006C */  lw      $a0, 0x006C($sp)           
/* 02B68 80AEEFC8 860502CC */  lh      $a1, 0x02CC($s0)           ## 000002CC
/* 02B6C 80AEEFCC 0C03FFAF */  jal     func_800FFEBC              
/* 02B70 80AEEFD0 AFAD0010 */  sw      $t5, 0x0010($sp)           
/* 02B74 80AEEFD4 860E0032 */  lh      $t6, 0x0032($s0)           ## 00000032
/* 02B78 80AEEFD8 A60E00BE */  sh      $t6, 0x00BE($s0)           ## 000000BE
/* 02B7C 80AEEFDC 8FA4006C */  lw      $a0, 0x006C($sp)           
.L80AEEFE0:
/* 02B80 80AEEFE0 0C054926 */  jal     func_80152498              
/* 02B84 80AEEFE4 24844908 */  addiu   $a0, $a0, 0x4908           ## $a0 = 00004908
/* 02B88 80AEEFE8 54400013 */  bnel    $v0, $zero, .L80AEF038     
/* 02B8C 80AEEFEC 8FBF0024 */  lw      $ra, 0x0024($sp)           
/* 02B90 80AEEFF0 0C05A433 */  jal     func_801690CC              
/* 02B94 80AEEFF4 8FA4006C */  lw      $a0, 0x006C($sp)           
/* 02B98 80AEEFF8 5440000F */  bnel    $v0, $zero, .L80AEF038     
/* 02B9C 80AEEFFC 8FBF0024 */  lw      $ra, 0x0024($sp)           
/* 02BA0 80AEF000 860202C6 */  lh      $v0, 0x02C6($s0)           ## 000002C6
/* 02BA4 80AEF004 2405140C */  addiu   $a1, $zero, 0x140C         ## $a1 = 0000140C
/* 02BA8 80AEF008 00003025 */  or      $a2, $zero, $zero          ## $a2 = 00000000
/* 02BAC 80AEF00C 244FFFFF */  addiu   $t7, $v0, 0xFFFF           ## $t7 = FFFFFFFF
/* 02BB0 80AEF010 1C400008 */  bgtz    $v0, .L80AEF034            
/* 02BB4 80AEF014 A60F02C6 */  sh      $t7, 0x02C6($s0)           ## 000002C6
/* 02BB8 80AEF018 0C05462C */  jal     func_801518B0              
/* 02BBC 80AEF01C 8FA4006C */  lw      $a0, 0x006C($sp)           
/* 02BC0 80AEF020 961802CA */  lhu     $t8, 0x02CA($s0)           ## 000002CA
/* 02BC4 80AEF024 240800C8 */  addiu   $t0, $zero, 0x00C8         ## $t0 = 000000C8
/* 02BC8 80AEF028 A60802C6 */  sh      $t0, 0x02C6($s0)           ## 000002C6
/* 02BCC 80AEF02C 37194000 */  ori     $t9, $t8, 0x4000           ## $t9 = 00004000
/* 02BD0 80AEF030 A61902CA */  sh      $t9, 0x02CA($s0)           ## 000002CA
.L80AEF034:
/* 02BD4 80AEF034 8FBF0024 */  lw      $ra, 0x0024($sp)           
.L80AEF038:
/* 02BD8 80AEF038 8FB00020 */  lw      $s0, 0x0020($sp)           
/* 02BDC 80AEF03C 27BD0068 */  addiu   $sp, $sp, 0x0068           ## $sp = 00000000
/* 02BE0 80AEF040 03E00008 */  jr      $ra                        
/* 02BE4 80AEF044 00000000 */  nop


glabel func_80AEF048
/* 02BE8 80AEF048 27BDFFE8 */  addiu   $sp, $sp, 0xFFE8           ## $sp = FFFFFFE8
/* 02BEC 80AEF04C AFBF0014 */  sw      $ra, 0x0014($sp)           
/* 02BF0 80AEF050 AFA40018 */  sw      $a0, 0x0018($sp)           
/* 02BF4 80AEF054 AFA5001C */  sw      $a1, 0x001C($sp)           
/* 02BF8 80AEF058 8FAE0018 */  lw      $t6, 0x0018($sp)           
/* 02BFC 80AEF05C 3C0580AF */  lui     $a1, %hi(D_80AEF868)       ## $a1 = 80AF0000
/* 02C00 80AEF060 24A5F868 */  addiu   $a1, $a1, %lo(D_80AEF868)  ## $a1 = 80AEF868
/* 02C04 80AEF064 24060001 */  addiu   $a2, $zero, 0x0001         ## $a2 = 00000001
/* 02C08 80AEF068 25C40144 */  addiu   $a0, $t6, 0x0144           ## $a0 = 00000144
/* 02C0C 80AEF06C 0C04F872 */  jal     func_8013E1C8              
/* 02C10 80AEF070 25C702D4 */  addiu   $a3, $t6, 0x02D4           ## $a3 = 000002D4
/* 02C14 80AEF074 8FB80018 */  lw      $t8, 0x0018($sp)           
/* 02C18 80AEF078 3C0F80AF */  lui     $t7, %hi(func_80AEF094)    ## $t7 = 80AF0000
/* 02C1C 80AEF07C 25EFF094 */  addiu   $t7, $t7, %lo(func_80AEF094) ## $t7 = 80AEF094
/* 02C20 80AEF080 AF0F030C */  sw      $t7, 0x030C($t8)           ## 0000030C
/* 02C24 80AEF084 8FBF0014 */  lw      $ra, 0x0014($sp)           
/* 02C28 80AEF088 27BD0018 */  addiu   $sp, $sp, 0x0018           ## $sp = 00000000
/* 02C2C 80AEF08C 03E00008 */  jr      $ra                        
/* 02C30 80AEF090 00000000 */  nop


glabel func_80AEF094
/* 02C34 80AEF094 27BDFFD0 */  addiu   $sp, $sp, 0xFFD0           ## $sp = FFFFFFD0
/* 02C38 80AEF098 AFB00020 */  sw      $s0, 0x0020($sp)           
/* 02C3C 80AEF09C 00808025 */  or      $s0, $a0, $zero            ## $s0 = 00000000
/* 02C40 80AEF0A0 AFBF0024 */  sw      $ra, 0x0024($sp)           
/* 02C44 80AEF0A4 AFA50034 */  sw      $a1, 0x0034($sp)           
/* 02C48 80AEF0A8 960E02CA */  lhu     $t6, 0x02CA($s0)           ## 000002CA
/* 02C4C 80AEF0AC 3C0580AF */  lui     $a1, %hi(D_80AEF868)       ## $a1 = 80AF0000
/* 02C50 80AEF0B0 24A5F868 */  addiu   $a1, $a1, %lo(D_80AEF868)  ## $a1 = 80AEF868
/* 02C54 80AEF0B4 31CF0200 */  andi    $t7, $t6, 0x0200           ## $t7 = 00000000
/* 02C58 80AEF0B8 11E00009 */  beq     $t7, $zero, .L80AEF0E0     
/* 02C5C 80AEF0BC 26040144 */  addiu   $a0, $s0, 0x0144           ## $a0 = 00000144
/* 02C60 80AEF0C0 3C0580AF */  lui     $a1, %hi(D_80AEF868)       ## $a1 = 80AF0000
/* 02C64 80AEF0C4 24A5F868 */  addiu   $a1, $a1, %lo(D_80AEF868)  ## $a1 = 80AEF868
/* 02C68 80AEF0C8 26040144 */  addiu   $a0, $s0, 0x0144           ## $a0 = 00000144
/* 02C6C 80AEF0CC 24060002 */  addiu   $a2, $zero, 0x0002         ## $a2 = 00000002
/* 02C70 80AEF0D0 0C04F872 */  jal     func_8013E1C8              
/* 02C74 80AEF0D4 260702D4 */  addiu   $a3, $s0, 0x02D4           ## $a3 = 000002D4
/* 02C78 80AEF0D8 1000000D */  beq     $zero, $zero, .L80AEF110   
/* 02C7C 80AEF0DC 3C013F00 */  lui     $at, 0x3F00                ## $at = 3F000000
.L80AEF0E0:
/* 02C80 80AEF0E0 24060001 */  addiu   $a2, $zero, 0x0001         ## $a2 = 00000001
/* 02C84 80AEF0E4 260702D4 */  addiu   $a3, $s0, 0x02D4           ## $a3 = 000002D4
/* 02C88 80AEF0E8 0C04F872 */  jal     func_8013E1C8              
/* 02C8C 80AEF0EC AFA40028 */  sw      $a0, 0x0028($sp)           
/* 02C90 80AEF0F0 8E050320 */  lw      $a1, 0x0320($s0)           ## 00000320
/* 02C94 80AEF0F4 27B8002C */  addiu   $t8, $sp, 0x002C           ## $t8 = FFFFFFFC
/* 02C98 80AEF0F8 8FA40028 */  lw      $a0, 0x0028($sp)           
/* 02C9C 80AEF0FC AFB80010 */  sw      $t8, 0x0010($sp)           
/* 02CA0 80AEF100 3C063F80 */  lui     $a2, 0x3F80                ## $a2 = 3F800000
/* 02CA4 80AEF104 0C2BB196 */  jal     func_80AEC658              
/* 02CA8 80AEF108 26070070 */  addiu   $a3, $s0, 0x0070           ## $a3 = 00000070
/* 02CAC 80AEF10C 3C013F00 */  lui     $at, 0x3F00                ## $at = 3F000000
.L80AEF110:
/* 02CB0 80AEF110 44813000 */  mtc1    $at, $f6                   ## $f6 = 0.50
/* 02CB4 80AEF114 C6040070 */  lwc1    $f4, 0x0070($s0)           ## 00000070
/* 02CB8 80AEF118 26040032 */  addiu   $a0, $s0, 0x0032           ## $a0 = 00000032
/* 02CBC 80AEF11C 24060002 */  addiu   $a2, $zero, 0x0002         ## $a2 = 00000002
/* 02CC0 80AEF120 4604303E */  c.le.s  $f6, $f4                   
/* 02CC4 80AEF124 2407038E */  addiu   $a3, $zero, 0x038E         ## $a3 = 0000038E
/* 02CC8 80AEF128 24190001 */  addiu   $t9, $zero, 0x0001         ## $t9 = 00000001
/* 02CCC 80AEF12C 45020007 */  bc1fl   .L80AEF14C                 
/* 02CD0 80AEF130 8FBF0024 */  lw      $ra, 0x0024($sp)           
/* 02CD4 80AEF134 86050092 */  lh      $a1, 0x0092($s0)           ## 00000092
/* 02CD8 80AEF138 0C03FFAF */  jal     func_800FFEBC              
/* 02CDC 80AEF13C AFB90010 */  sw      $t9, 0x0010($sp)           
/* 02CE0 80AEF140 86080032 */  lh      $t0, 0x0032($s0)           ## 00000032
/* 02CE4 80AEF144 A60800BE */  sh      $t0, 0x00BE($s0)           ## 000000BE
/* 02CE8 80AEF148 8FBF0024 */  lw      $ra, 0x0024($sp)           
.L80AEF14C:
/* 02CEC 80AEF14C 8FB00020 */  lw      $s0, 0x0020($sp)           
/* 02CF0 80AEF150 27BD0030 */  addiu   $sp, $sp, 0x0030           ## $sp = 00000000
/* 02CF4 80AEF154 03E00008 */  jr      $ra                        
/* 02CF8 80AEF158 00000000 */  nop


glabel func_80AEF15C
/* 02CFC 80AEF15C 27BDFFE8 */  addiu   $sp, $sp, 0xFFE8           ## $sp = FFFFFFE8
/* 02D00 80AEF160 AFBF0014 */  sw      $ra, 0x0014($sp)           
/* 02D04 80AEF164 AFA40018 */  sw      $a0, 0x0018($sp)           
/* 02D08 80AEF168 AFA5001C */  sw      $a1, 0x001C($sp)           
/* 02D0C 80AEF16C 44802000 */  mtc1    $zero, $f4                 ## $f4 = 0.00
/* 02D10 80AEF170 8FAE0018 */  lw      $t6, 0x0018($sp)           
/* 02D14 80AEF174 3C0580AF */  lui     $a1, %hi(D_80AEF868)       ## $a1 = 80AF0000
/* 02D18 80AEF178 24A5F868 */  addiu   $a1, $a1, %lo(D_80AEF868)  ## $a1 = 80AEF868
/* 02D1C 80AEF17C E5C40070 */  swc1    $f4, 0x0070($t6)           ## 00000070
/* 02D20 80AEF180 8FAF0018 */  lw      $t7, 0x0018($sp)           
/* 02D24 80AEF184 24060002 */  addiu   $a2, $zero, 0x0002         ## $a2 = 00000002
/* 02D28 80AEF188 25E40144 */  addiu   $a0, $t7, 0x0144           ## $a0 = 00000144
/* 02D2C 80AEF18C 0C04F872 */  jal     func_8013E1C8              
/* 02D30 80AEF190 25E702D4 */  addiu   $a3, $t7, 0x02D4           ## $a3 = 000002D4
/* 02D34 80AEF194 8FB90018 */  lw      $t9, 0x0018($sp)           
/* 02D38 80AEF198 3C1880AF */  lui     $t8, %hi(func_80AEF1B4)    ## $t8 = 80AF0000
/* 02D3C 80AEF19C 2718F1B4 */  addiu   $t8, $t8, %lo(func_80AEF1B4) ## $t8 = 80AEF1B4
/* 02D40 80AEF1A0 AF38030C */  sw      $t8, 0x030C($t9)           ## 0000030C
/* 02D44 80AEF1A4 8FBF0014 */  lw      $ra, 0x0014($sp)           
/* 02D48 80AEF1A8 27BD0018 */  addiu   $sp, $sp, 0x0018           ## $sp = 00000000
/* 02D4C 80AEF1AC 03E00008 */  jr      $ra                        
/* 02D50 80AEF1B0 00000000 */  nop


glabel func_80AEF1B4
/* 02D54 80AEF1B4 AFA40000 */  sw      $a0, 0x0000($sp)           
/* 02D58 80AEF1B8 AFA50004 */  sw      $a1, 0x0004($sp)           
/* 02D5C 80AEF1BC 03E00008 */  jr      $ra                        
/* 02D60 80AEF1C0 00000000 */  nop


glabel func_80AEF1C4
/* 02D64 80AEF1C4 27BDFFE8 */  addiu   $sp, $sp, 0xFFE8           ## $sp = FFFFFFE8
/* 02D68 80AEF1C8 AFBF0014 */  sw      $ra, 0x0014($sp)           
/* 02D6C 80AEF1CC AFA40018 */  sw      $a0, 0x0018($sp)           
/* 02D70 80AEF1D0 AFA5001C */  sw      $a1, 0x001C($sp)           
/* 02D74 80AEF1D4 8FAE0018 */  lw      $t6, 0x0018($sp)           
/* 02D78 80AEF1D8 3C0580AF */  lui     $a1, %hi(D_80AEF868)       ## $a1 = 80AF0000
/* 02D7C 80AEF1DC 24A5F868 */  addiu   $a1, $a1, %lo(D_80AEF868)  ## $a1 = 80AEF868
/* 02D80 80AEF1E0 24060002 */  addiu   $a2, $zero, 0x0002         ## $a2 = 00000002
/* 02D84 80AEF1E4 25C40144 */  addiu   $a0, $t6, 0x0144           ## $a0 = 00000144
/* 02D88 80AEF1E8 0C04F872 */  jal     func_8013E1C8              
/* 02D8C 80AEF1EC 25C702D4 */  addiu   $a3, $t6, 0x02D4           ## $a3 = 000002D4
/* 02D90 80AEF1F0 8FB80018 */  lw      $t8, 0x0018($sp)           
/* 02D94 80AEF1F4 3C0F80AF */  lui     $t7, %hi(func_80AEF210)    ## $t7 = 80AF0000
/* 02D98 80AEF1F8 25EFF210 */  addiu   $t7, $t7, %lo(func_80AEF210) ## $t7 = 80AEF210
/* 02D9C 80AEF1FC AF0F030C */  sw      $t7, 0x030C($t8)           ## 0000030C
/* 02DA0 80AEF200 8FBF0014 */  lw      $ra, 0x0014($sp)           
/* 02DA4 80AEF204 27BD0018 */  addiu   $sp, $sp, 0x0018           ## $sp = 00000000
/* 02DA8 80AEF208 03E00008 */  jr      $ra                        
/* 02DAC 80AEF20C 00000000 */  nop


glabel func_80AEF210
/* 02DB0 80AEF210 AFA40000 */  sw      $a0, 0x0000($sp)           
/* 02DB4 80AEF214 AFA50004 */  sw      $a1, 0x0004($sp)           
/* 02DB8 80AEF218 03E00008 */  jr      $ra                        
/* 02DBC 80AEF21C 00000000 */  nop


glabel func_80AEF220
/* 02DC0 80AEF220 27BDFFE8 */  addiu   $sp, $sp, 0xFFE8           ## $sp = FFFFFFE8
/* 02DC4 80AEF224 AFBF0014 */  sw      $ra, 0x0014($sp)           
/* 02DC8 80AEF228 AFA40018 */  sw      $a0, 0x0018($sp)           
/* 02DCC 80AEF22C AFA5001C */  sw      $a1, 0x001C($sp)           
/* 02DD0 80AEF230 44802000 */  mtc1    $zero, $f4                 ## $f4 = 0.00
/* 02DD4 80AEF234 8FAE0018 */  lw      $t6, 0x0018($sp)           
/* 02DD8 80AEF238 3C0580AF */  lui     $a1, %hi(D_80AEF868)       ## $a1 = 80AF0000
/* 02DDC 80AEF23C 24A5F868 */  addiu   $a1, $a1, %lo(D_80AEF868)  ## $a1 = 80AEF868
/* 02DE0 80AEF240 E5C40070 */  swc1    $f4, 0x0070($t6)           ## 00000070
/* 02DE4 80AEF244 8FAF0018 */  lw      $t7, 0x0018($sp)           
/* 02DE8 80AEF248 24060002 */  addiu   $a2, $zero, 0x0002         ## $a2 = 00000002
/* 02DEC 80AEF24C 25E40144 */  addiu   $a0, $t7, 0x0144           ## $a0 = 00000144
/* 02DF0 80AEF250 0C04F872 */  jal     func_8013E1C8              
/* 02DF4 80AEF254 25E702D4 */  addiu   $a3, $t7, 0x02D4           ## $a3 = 000002D4
/* 02DF8 80AEF258 8FB90018 */  lw      $t9, 0x0018($sp)           
/* 02DFC 80AEF25C 3C1880AF */  lui     $t8, %hi(func_80AEF278)    ## $t8 = 80AF0000
/* 02E00 80AEF260 2718F278 */  addiu   $t8, $t8, %lo(func_80AEF278) ## $t8 = 80AEF278
/* 02E04 80AEF264 AF38030C */  sw      $t8, 0x030C($t9)           ## 0000030C
/* 02E08 80AEF268 8FBF0014 */  lw      $ra, 0x0014($sp)           
/* 02E0C 80AEF26C 27BD0018 */  addiu   $sp, $sp, 0x0018           ## $sp = 00000000
/* 02E10 80AEF270 03E00008 */  jr      $ra                        
/* 02E14 80AEF274 00000000 */  nop


glabel func_80AEF278
/* 02E18 80AEF278 27BDFFE0 */  addiu   $sp, $sp, 0xFFE0           ## $sp = FFFFFFE0
/* 02E1C 80AEF27C AFBF001C */  sw      $ra, 0x001C($sp)           
/* 02E20 80AEF280 AFA40020 */  sw      $a0, 0x0020($sp)           
/* 02E24 80AEF284 AFA50024 */  sw      $a1, 0x0024($sp)           
/* 02E28 80AEF288 8FAE0020 */  lw      $t6, 0x0020($sp)           
/* 02E2C 80AEF28C 24060003 */  addiu   $a2, $zero, 0x0003         ## $a2 = 00000003
/* 02E30 80AEF290 240701C7 */  addiu   $a3, $zero, 0x01C7         ## $a3 = 000001C7
/* 02E34 80AEF294 85C50092 */  lh      $a1, 0x0092($t6)           ## 00000092
/* 02E38 80AEF298 AFA00010 */  sw      $zero, 0x0010($sp)         
/* 02E3C 80AEF29C 25C400BE */  addiu   $a0, $t6, 0x00BE           ## $a0 = 000000BE
/* 02E40 80AEF2A0 24A5EAAB */  addiu   $a1, $a1, 0xEAAB           ## $a1 = FFFFEAAB
/* 02E44 80AEF2A4 00052C00 */  sll     $a1, $a1, 16               
/* 02E48 80AEF2A8 0C03FFAF */  jal     func_800FFEBC              
/* 02E4C 80AEF2AC 00052C03 */  sra     $a1, $a1, 16               
/* 02E50 80AEF2B0 8FA20020 */  lw      $v0, 0x0020($sp)           
/* 02E54 80AEF2B4 844F00BE */  lh      $t7, 0x00BE($v0)           ## 000000BE
/* 02E58 80AEF2B8 A44F0032 */  sh      $t7, 0x0032($v0)           ## 00000032
/* 02E5C 80AEF2BC 8FBF001C */  lw      $ra, 0x001C($sp)           
/* 02E60 80AEF2C0 03E00008 */  jr      $ra                        
/* 02E64 80AEF2C4 27BD0020 */  addiu   $sp, $sp, 0x0020           ## $sp = 00000000


glabel func_80AEF2C8
/* 02E68 80AEF2C8 AFA40000 */  sw      $a0, 0x0000($sp)           
/* 02E6C 80AEF2CC AFA50004 */  sw      $a1, 0x0004($sp)           
/* 02E70 80AEF2D0 03E00008 */  jr      $ra                        
/* 02E74 80AEF2D4 00000000 */  nop


glabel func_80AEF2D8
/* 02E78 80AEF2D8 27BDFFC8 */  addiu   $sp, $sp, 0xFFC8           ## $sp = FFFFFFC8
/* 02E7C 80AEF2DC AFB00020 */  sw      $s0, 0x0020($sp)           
/* 02E80 80AEF2E0 00808025 */  or      $s0, $a0, $zero            ## $s0 = 00000000
/* 02E84 80AEF2E4 AFBF0024 */  sw      $ra, 0x0024($sp)           
/* 02E88 80AEF2E8 AFA5003C */  sw      $a1, 0x003C($sp)           
/* 02E8C 80AEF2EC 8E0E013C */  lw      $t6, 0x013C($s0)           ## 0000013C
/* 02E90 80AEF2F0 2606018C */  addiu   $a2, $s0, 0x018C           ## $a2 = 0000018C
/* 02E94 80AEF2F4 00C02825 */  or      $a1, $a2, $zero            ## $a1 = 0000018C
/* 02E98 80AEF2F8 11C00009 */  beq     $t6, $zero, .L80AEF320     
/* 02E9C 80AEF2FC 02002025 */  or      $a0, $s0, $zero            ## $a0 = 00000000
/* 02EA0 80AEF300 0C039F7E */  jal     func_800E7DF8              
/* 02EA4 80AEF304 AFA6002C */  sw      $a2, 0x002C($sp)           
/* 02EA8 80AEF308 8FA4003C */  lw      $a0, 0x003C($sp)           
/* 02EAC 80AEF30C 3C010001 */  lui     $at, 0x0001                ## $at = 00010000
/* 02EB0 80AEF310 34218884 */  ori     $at, $at, 0x8884           ## $at = 00018884
/* 02EB4 80AEF314 8FA6002C */  lw      $a2, 0x002C($sp)           
/* 02EB8 80AEF318 0C038A4A */  jal     func_800E2928              
/* 02EBC 80AEF31C 00812821 */  addu    $a1, $a0, $at              
.L80AEF320:
/* 02EC0 80AEF320 C604015C */  lwc1    $f4, 0x015C($s0)           ## 0000015C
/* 02EC4 80AEF324 26040144 */  addiu   $a0, $s0, 0x0144           ## $a0 = 00000144
/* 02EC8 80AEF328 E6040320 */  swc1    $f4, 0x0320($s0)           ## 00000320
/* 02ECC 80AEF32C 0C04DB34 */  jal     func_80136CD0              
/* 02ED0 80AEF330 AFA4002C */  sw      $a0, 0x002C($sp)           
/* 02ED4 80AEF334 8E0F013C */  lw      $t7, 0x013C($s0)           ## 0000013C
/* 02ED8 80AEF338 51E00013 */  beql    $t7, $zero, .L80AEF388     
/* 02EDC 80AEF33C 8E190188 */  lw      $t9, 0x0188($s0)           ## 00000188
/* 02EE0 80AEF340 8E0202D4 */  lw      $v0, 0x02D4($s0)           ## 000002D4
/* 02EE4 80AEF344 24010001 */  addiu   $at, $zero, 0x0001         ## $at = 00000001
/* 02EE8 80AEF348 8FA4002C */  lw      $a0, 0x002C($sp)           
/* 02EEC 80AEF34C 10400003 */  beq     $v0, $zero, .L80AEF35C     
/* 02EF0 80AEF350 00000000 */  nop
/* 02EF4 80AEF354 5441000C */  bnel    $v0, $at, .L80AEF388       
/* 02EF8 80AEF358 8E190188 */  lw      $t9, 0x0188($s0)           ## 00000188
.L80AEF35C:
/* 02EFC 80AEF35C 0C04DE2E */  jal     func_801378B8              
/* 02F00 80AEF360 24050000 */  addiu   $a1, $zero, 0x0000         ## $a1 = 00000000
/* 02F04 80AEF364 14400004 */  bne     $v0, $zero, .L80AEF378     
/* 02F08 80AEF368 8FA4002C */  lw      $a0, 0x002C($sp)           
/* 02F0C 80AEF36C 0C04DE2E */  jal     func_801378B8              
/* 02F10 80AEF370 3C0541C0 */  lui     $a1, 0x41C0                ## $a1 = 41C00000
/* 02F14 80AEF374 10400003 */  beq     $v0, $zero, .L80AEF384     
.L80AEF378:
/* 02F18 80AEF378 02002025 */  or      $a0, $s0, $zero            ## $a0 = 00000000
/* 02F1C 80AEF37C 0C02E3B2 */  jal     func_800B8EC8              
/* 02F20 80AEF380 240538B8 */  addiu   $a1, $zero, 0x38B8         ## $a1 = 000038B8
.L80AEF384:
/* 02F24 80AEF384 8E190188 */  lw      $t9, 0x0188($s0)           ## 00000188
.L80AEF388:
/* 02F28 80AEF388 02002025 */  or      $a0, $s0, $zero            ## $a0 = 00000000
/* 02F2C 80AEF38C 8FA5003C */  lw      $a1, 0x003C($sp)           
/* 02F30 80AEF390 0320F809 */  jalr    $ra, $t9                   
/* 02F34 80AEF394 00000000 */  nop
/* 02F38 80AEF398 0C02DAA2 */  jal     func_800B6A88              
/* 02F3C 80AEF39C 02002025 */  or      $a0, $s0, $zero            ## $a0 = 00000000
/* 02F40 80AEF3A0 3C014120 */  lui     $at, 0x4120                ## $at = 41200000
/* 02F44 80AEF3A4 44810000 */  mtc1    $at, $f0                   ## $f0 = 10.00
/* 02F48 80AEF3A8 44803000 */  mtc1    $zero, $f6                 ## $f6 = 0.00
/* 02F4C 80AEF3AC 24180004 */  addiu   $t8, $zero, 0x0004         ## $t8 = 00000004
/* 02F50 80AEF3B0 44060000 */  mfc1    $a2, $f0                   
/* 02F54 80AEF3B4 44070000 */  mfc1    $a3, $f0                   
/* 02F58 80AEF3B8 AFB80014 */  sw      $t8, 0x0014($sp)           
/* 02F5C 80AEF3BC 8FA4003C */  lw      $a0, 0x003C($sp)           
/* 02F60 80AEF3C0 02002825 */  or      $a1, $s0, $zero            ## $a1 = 00000000
/* 02F64 80AEF3C4 0C02DE2E */  jal     func_800B78B8              
/* 02F68 80AEF3C8 E7A60010 */  swc1    $f6, 0x0010($sp)           
/* 02F6C 80AEF3CC 0C2BB118 */  jal     func_80AEC460              
/* 02F70 80AEF3D0 02002025 */  or      $a0, $s0, $zero            ## $a0 = 00000000
/* 02F74 80AEF3D4 8FBF0024 */  lw      $ra, 0x0024($sp)           
/* 02F78 80AEF3D8 8FB00020 */  lw      $s0, 0x0020($sp)           
/* 02F7C 80AEF3DC 27BD0038 */  addiu   $sp, $sp, 0x0038           ## $sp = 00000000
/* 02F80 80AEF3E0 03E00008 */  jr      $ra                        
/* 02F84 80AEF3E4 00000000 */  nop


glabel func_80AEF3E8
/* 02F88 80AEF3E8 27BDFFC8 */  addiu   $sp, $sp, 0xFFC8           ## $sp = FFFFFFC8
/* 02F8C 80AEF3EC AFB00020 */  sw      $s0, 0x0020($sp)           
/* 02F90 80AEF3F0 00808025 */  or      $s0, $a0, $zero            ## $s0 = 00000000
/* 02F94 80AEF3F4 AFBF0024 */  sw      $ra, 0x0024($sp)           
/* 02F98 80AEF3F8 AFA5003C */  sw      $a1, 0x003C($sp)           
/* 02F9C 80AEF3FC 2606018C */  addiu   $a2, $s0, 0x018C           ## $a2 = 0000018C
/* 02FA0 80AEF400 00C02825 */  or      $a1, $a2, $zero            ## $a1 = 0000018C
/* 02FA4 80AEF404 AFA60028 */  sw      $a2, 0x0028($sp)           
/* 02FA8 80AEF408 0C039F7E */  jal     func_800E7DF8              
/* 02FAC 80AEF40C 02002025 */  or      $a0, $s0, $zero            ## $a0 = 00000000
/* 02FB0 80AEF410 8FA4003C */  lw      $a0, 0x003C($sp)           
/* 02FB4 80AEF414 3C010001 */  lui     $at, 0x0001                ## $at = 00010000
/* 02FB8 80AEF418 34218884 */  ori     $at, $at, 0x8884           ## $at = 00018884
/* 02FBC 80AEF41C 8FA60028 */  lw      $a2, 0x0028($sp)           
/* 02FC0 80AEF420 0C038A4A */  jal     func_800E2928              
/* 02FC4 80AEF424 00812821 */  addu    $a1, $a0, $at              
/* 02FC8 80AEF428 C604015C */  lwc1    $f4, 0x015C($s0)           ## 0000015C
/* 02FCC 80AEF42C 26040144 */  addiu   $a0, $s0, 0x0144           ## $a0 = 00000144
/* 02FD0 80AEF430 E6040320 */  swc1    $f4, 0x0320($s0)           ## 00000320
/* 02FD4 80AEF434 0C04DB34 */  jal     func_80136CD0              
/* 02FD8 80AEF438 AFA40028 */  sw      $a0, 0x0028($sp)           
/* 02FDC 80AEF43C 0C2BB118 */  jal     func_80AEC460              
/* 02FE0 80AEF440 02002025 */  or      $a0, $s0, $zero            ## $a0 = 00000000
/* 02FE4 80AEF444 8E0202D4 */  lw      $v0, 0x02D4($s0)           ## 000002D4
/* 02FE8 80AEF448 24010001 */  addiu   $at, $zero, 0x0001         ## $at = 00000001
/* 02FEC 80AEF44C 8FA40028 */  lw      $a0, 0x0028($sp)           
/* 02FF0 80AEF450 10400003 */  beq     $v0, $zero, .L80AEF460     
/* 02FF4 80AEF454 00000000 */  nop
/* 02FF8 80AEF458 5441000C */  bnel    $v0, $at, .L80AEF48C       
/* 02FFC 80AEF45C 960E02CA */  lhu     $t6, 0x02CA($s0)           ## 000002CA
.L80AEF460:
/* 03000 80AEF460 0C04DE2E */  jal     func_801378B8              
/* 03004 80AEF464 24050000 */  addiu   $a1, $zero, 0x0000         ## $a1 = 00000000
/* 03008 80AEF468 14400004 */  bne     $v0, $zero, .L80AEF47C     
/* 0300C 80AEF46C 8FA40028 */  lw      $a0, 0x0028($sp)           
/* 03010 80AEF470 0C04DE2E */  jal     func_801378B8              
/* 03014 80AEF474 3C0541C0 */  lui     $a1, 0x41C0                ## $a1 = 41C00000
/* 03018 80AEF478 10400003 */  beq     $v0, $zero, .L80AEF488     
.L80AEF47C:
/* 0301C 80AEF47C 02002025 */  or      $a0, $s0, $zero            ## $a0 = 00000000
/* 03020 80AEF480 0C02E3B2 */  jal     func_800B8EC8              
/* 03024 80AEF484 240538B8 */  addiu   $a1, $zero, 0x38B8         ## $a1 = 000038B8
.L80AEF488:
/* 03028 80AEF488 960E02CA */  lhu     $t6, 0x02CA($s0)           ## 000002CA
.L80AEF48C:
/* 0302C 80AEF48C 92050085 */  lbu     $a1, 0x0085($s0)           ## 00000085
/* 03030 80AEF490 24010032 */  addiu   $at, $zero, 0x0032         ## $at = 00000032
/* 03034 80AEF494 31CFFFFE */  andi    $t7, $t6, 0xFFFE           ## $t7 = 00000000
/* 03038 80AEF498 10A10019 */  beq     $a1, $at, .L80AEF500       
/* 0303C 80AEF49C A60F02CA */  sh      $t7, 0x02CA($s0)           ## 000002CA
/* 03040 80AEF4A0 8FA4003C */  lw      $a0, 0x003C($sp)           
/* 03044 80AEF4A4 0C031892 */  jal     func_800C6248              
/* 03048 80AEF4A8 24840830 */  addiu   $a0, $a0, 0x0830           ## $a0 = 00000830
/* 0304C 80AEF4AC 1040000E */  beq     $v0, $zero, .L80AEF4E8     
/* 03050 80AEF4B0 26040024 */  addiu   $a0, $s0, 0x0024           ## $a0 = 00000024
/* 03054 80AEF4B4 84580000 */  lh      $t8, 0x0000($v0)           ## 00000000
/* 03058 80AEF4B8 240101D3 */  addiu   $at, $zero, 0x01D3         ## $at = 000001D3
/* 0305C 80AEF4BC 57010011 */  bnel    $t8, $at, .L80AEF504       
/* 03060 80AEF4C0 8E190188 */  lw      $t9, 0x0188($s0)           ## 00000188
/* 03064 80AEF4C4 945901CC */  lhu     $t9, 0x01CC($v0)           ## 000001CC
/* 03068 80AEF4C8 37290001 */  ori     $t1, $t9, 0x0001           ## $t1 = 00000001
/* 0306C 80AEF4CC 312A0002 */  andi    $t2, $t1, 0x0002           ## $t2 = 00000000
/* 03070 80AEF4D0 1140000B */  beq     $t2, $zero, .L80AEF500     
/* 03074 80AEF4D4 A44901CC */  sh      $t1, 0x01CC($v0)           ## 000001CC
/* 03078 80AEF4D8 960B02CA */  lhu     $t3, 0x02CA($s0)           ## 000002CA
/* 0307C 80AEF4DC 356C0001 */  ori     $t4, $t3, 0x0001           ## $t4 = 00000001
/* 03080 80AEF4E0 10000007 */  beq     $zero, $zero, .L80AEF500   
/* 03084 80AEF4E4 A60C02CA */  sh      $t4, 0x02CA($s0)           ## 000002CA
.L80AEF4E8:
/* 03088 80AEF4E8 26050008 */  addiu   $a1, $s0, 0x0008           ## $a1 = 00000008
/* 0308C 80AEF4EC 0C03FD43 */  jal     func_800FF50C              
/* 03090 80AEF4F0 AFA50028 */  sw      $a1, 0x0028($sp)           
/* 03094 80AEF4F4 8FA50028 */  lw      $a1, 0x0028($sp)           
/* 03098 80AEF4F8 0C03FD43 */  jal     func_800FF50C              
/* 0309C 80AEF4FC 26040108 */  addiu   $a0, $s0, 0x0108           ## $a0 = 00000108
.L80AEF500:
/* 030A0 80AEF500 8E190188 */  lw      $t9, 0x0188($s0)           ## 00000188
.L80AEF504:
/* 030A4 80AEF504 02002025 */  or      $a0, $s0, $zero            ## $a0 = 00000000
/* 030A8 80AEF508 8FA5003C */  lw      $a1, 0x003C($sp)           
/* 030AC 80AEF50C 0320F809 */  jalr    $ra, $t9                   
/* 030B0 80AEF510 00000000 */  nop
/* 030B4 80AEF514 0C02DAA2 */  jal     func_800B6A88              
/* 030B8 80AEF518 02002025 */  or      $a0, $s0, $zero            ## $a0 = 00000000
/* 030BC 80AEF51C 3C014120 */  lui     $at, 0x4120                ## $at = 41200000
/* 030C0 80AEF520 44810000 */  mtc1    $at, $f0                   ## $f0 = 10.00
/* 030C4 80AEF524 44803000 */  mtc1    $zero, $f6                 ## $f6 = 0.00
/* 030C8 80AEF528 240D0005 */  addiu   $t5, $zero, 0x0005         ## $t5 = 00000005
/* 030CC 80AEF52C 44060000 */  mfc1    $a2, $f0                   
/* 030D0 80AEF530 44070000 */  mfc1    $a3, $f0                   
/* 030D4 80AEF534 AFAD0014 */  sw      $t5, 0x0014($sp)           
/* 030D8 80AEF538 8FA4003C */  lw      $a0, 0x003C($sp)           
/* 030DC 80AEF53C 02002825 */  or      $a1, $s0, $zero            ## $a1 = 00000000
/* 030E0 80AEF540 0C02DE2E */  jal     func_800B78B8              
/* 030E4 80AEF544 E7A60010 */  swc1    $f6, 0x0010($sp)           
/* 030E8 80AEF548 820E02B0 */  lb      $t6, 0x02B0($s0)           ## 000002B0
/* 030EC 80AEF54C 8FA4003C */  lw      $a0, 0x003C($sp)           
/* 030F0 80AEF550 15C0000F */  bne     $t6, $zero, .L80AEF590     
/* 030F4 80AEF554 24840830 */  addiu   $a0, $a0, 0x0830           ## $a0 = 00000830
/* 030F8 80AEF558 8E050080 */  lw      $a1, 0x0080($s0)           ## 00000080
/* 030FC 80AEF55C 0C0326D0 */  jal     func_800C9B40              
/* 03100 80AEF560 92060085 */  lbu     $a2, 0x0085($s0)           ## 00000085
/* 03104 80AEF564 2401000C */  addiu   $at, $zero, 0x000C         ## $at = 0000000C
/* 03108 80AEF568 14410009 */  bne     $v0, $at, .L80AEF590       
/* 0310C 80AEF56C 26040024 */  addiu   $a0, $s0, 0x0024           ## $a0 = 00000024
/* 03110 80AEF570 0C03FD43 */  jal     func_800FF50C              
/* 03114 80AEF574 26050108 */  addiu   $a1, $s0, 0x0108           ## $a1 = 00000108
/* 03118 80AEF578 960F02CA */  lhu     $t7, 0x02CA($s0)           ## 000002CA
/* 0311C 80AEF57C 44804000 */  mtc1    $zero, $f8                 ## $f8 = 0.00
/* 03120 80AEF580 35F80200 */  ori     $t8, $t7, 0x0200           ## $t8 = 00000200
/* 03124 80AEF584 A61802CA */  sh      $t8, 0x02CA($s0)           ## 000002CA
/* 03128 80AEF588 10000004 */  beq     $zero, $zero, .L80AEF59C   
/* 0312C 80AEF58C E6080068 */  swc1    $f8, 0x0068($s0)           ## 00000068
.L80AEF590:
/* 03130 80AEF590 960802CA */  lhu     $t0, 0x02CA($s0)           ## 000002CA
/* 03134 80AEF594 3109FDFF */  andi    $t1, $t0, 0xFDFF           ## $t1 = 00000000
/* 03138 80AEF598 A60902CA */  sh      $t1, 0x02CA($s0)           ## 000002CA
.L80AEF59C:
/* 0313C 80AEF59C 960A02CA */  lhu     $t2, 0x02CA($s0)           ## 000002CA
/* 03140 80AEF5A0 314B0200 */  andi    $t3, $t2, 0x0200           ## $t3 = 00000000
/* 03144 80AEF5A4 5560000F */  bnel    $t3, $zero, .L80AEF5E4     
/* 03148 80AEF5A8 8FBF0024 */  lw      $ra, 0x0024($sp)           
/* 0314C 80AEF5AC 96020090 */  lhu     $v0, 0x0090($s0)           ## 00000090
/* 03150 80AEF5B0 02002025 */  or      $a0, $s0, $zero            ## $a0 = 00000000
/* 03154 80AEF5B4 304C0001 */  andi    $t4, $v0, 0x0001           ## $t4 = 00000000
/* 03158 80AEF5B8 15800005 */  bne     $t4, $zero, .L80AEF5D0     
/* 0315C 80AEF5BC 30590002 */  andi    $t9, $v0, 0x0002           ## $t9 = 00000000
/* 03160 80AEF5C0 0C02E404 */  jal     func_800B9010              
/* 03164 80AEF5C4 240520A0 */  addiu   $a1, $zero, 0x20A0         ## $a1 = 000020A0
/* 03168 80AEF5C8 10000006 */  beq     $zero, $zero, .L80AEF5E4   
/* 0316C 80AEF5CC 8FBF0024 */  lw      $ra, 0x0024($sp)           
.L80AEF5D0:
/* 03170 80AEF5D0 13200003 */  beq     $t9, $zero, .L80AEF5E0     
/* 03174 80AEF5D4 02002025 */  or      $a0, $s0, $zero            ## $a0 = 00000000
/* 03178 80AEF5D8 0C02E3B2 */  jal     func_800B8EC8              
/* 0317C 80AEF5DC 24052896 */  addiu   $a1, $zero, 0x2896         ## $a1 = 00002896
.L80AEF5E0:
/* 03180 80AEF5E0 8FBF0024 */  lw      $ra, 0x0024($sp)           
.L80AEF5E4:
/* 03184 80AEF5E4 8FB00020 */  lw      $s0, 0x0020($sp)           
/* 03188 80AEF5E8 27BD0038 */  addiu   $sp, $sp, 0x0038           ## $sp = 00000000
/* 0318C 80AEF5EC 03E00008 */  jr      $ra                        
/* 03190 80AEF5F0 00000000 */  nop


glabel func_80AEF5F4
/* 03194 80AEF5F4 27BDFFE8 */  addiu   $sp, $sp, 0xFFE8           ## $sp = FFFFFFE8
/* 03198 80AEF5F8 AFBF0014 */  sw      $ra, 0x0014($sp)           
/* 0319C 80AEF5FC AFA5001C */  sw      $a1, 0x001C($sp)           
/* 031A0 80AEF600 00803025 */  or      $a2, $a0, $zero            ## $a2 = 00000000
/* 031A4 80AEF604 84CE0316 */  lh      $t6, 0x0316($a2)           ## 00000316
/* 031A8 80AEF608 25CF46C8 */  addiu   $t7, $t6, 0x46C8           ## $t7 = 000046C8
/* 031AC 80AEF60C A4CF0316 */  sh      $t7, 0x0316($a2)           ## 00000316
/* 031B0 80AEF610 84C40316 */  lh      $a0, 0x0316($a2)           ## 00000316
/* 031B4 80AEF614 0C03FB61 */  jal     func_800FED84              
/* 031B8 80AEF618 AFA60018 */  sw      $a2, 0x0018($sp)           
/* 031BC 80AEF61C 3C014461 */  lui     $at, 0x4461                ## $at = 44610000
/* 031C0 80AEF620 44812000 */  mtc1    $at, $f4                   ## $f4 = 900.00
/* 031C4 80AEF624 8FA40018 */  lw      $a0, 0x0018($sp)           
/* 031C8 80AEF628 46040182 */  mul.s   $f6, $f0, $f4              
/* 031CC 80AEF62C 4600320D */  trunc.w.s $f8, $f6                   
/* 031D0 80AEF630 44194000 */  mfc1    $t9, $f8                   
/* 031D4 80AEF634 00000000 */  nop
/* 031D8 80AEF638 A4990318 */  sh      $t9, 0x0318($a0)           ## 00000318
/* 031DC 80AEF63C 8C990188 */  lw      $t9, 0x0188($a0)           ## 00000188
/* 031E0 80AEF640 8FA5001C */  lw      $a1, 0x001C($sp)           
/* 031E4 80AEF644 0320F809 */  jalr    $ra, $t9                   
/* 031E8 80AEF648 00000000 */  nop
/* 031EC 80AEF64C 8FBF0014 */  lw      $ra, 0x0014($sp)           
/* 031F0 80AEF650 27BD0018 */  addiu   $sp, $sp, 0x0018           ## $sp = 00000000
/* 031F4 80AEF654 03E00008 */  jr      $ra                        
/* 031F8 80AEF658 00000000 */  nop


glabel func_80AEF65C
/* 031FC 80AEF65C AFA40000 */  sw      $a0, 0x0000($sp)           
/* 03200 80AEF660 AFA60008 */  sw      $a2, 0x0008($sp)           
/* 03204 80AEF664 AFA7000C */  sw      $a3, 0x000C($sp)           
/* 03208 80AEF668 24010010 */  addiu   $at, $zero, 0x0010         ## $at = 00000010
/* 0320C 80AEF66C 14A1000A */  bne     $a1, $at, .L80AEF698       
/* 03210 80AEF670 8FA20014 */  lw      $v0, 0x0014($sp)           
/* 03214 80AEF674 8FA30010 */  lw      $v1, 0x0010($sp)           
/* 03218 80AEF678 844F031A */  lh      $t7, 0x031A($v0)           ## 0000031A
/* 0321C 80AEF67C 846E0004 */  lh      $t6, 0x0004($v1)           ## 00000004
/* 03220 80AEF680 84790002 */  lh      $t9, 0x0002($v1)           ## 00000002
/* 03224 80AEF684 01CFC021 */  addu    $t8, $t6, $t7              
/* 03228 80AEF688 A4780004 */  sh      $t8, 0x0004($v1)           ## 00000004
/* 0322C 80AEF68C 8448031C */  lh      $t0, 0x031C($v0)           ## 0000031C
/* 03230 80AEF690 03284821 */  addu    $t1, $t9, $t0              
/* 03234 80AEF694 A4690002 */  sh      $t1, 0x0002($v1)           ## 00000002
.L80AEF698:
/* 03238 80AEF698 00001025 */  or      $v0, $zero, $zero          ## $v0 = 00000000
/* 0323C 80AEF69C 03E00008 */  jr      $ra                        
/* 03240 80AEF6A0 00000000 */  nop


glabel func_80AEF6A4
/* 03244 80AEF6A4 27BDFFE8 */  addiu   $sp, $sp, 0xFFE8           ## $sp = FFFFFFE8
/* 03248 80AEF6A8 AFA60020 */  sw      $a2, 0x0020($sp)           
/* 0324C 80AEF6AC 8FA60028 */  lw      $a2, 0x0028($sp)           
/* 03250 80AEF6B0 AFBF0014 */  sw      $ra, 0x0014($sp)           
/* 03254 80AEF6B4 AFA40018 */  sw      $a0, 0x0018($sp)           
/* 03258 80AEF6B8 AFA70024 */  sw      $a3, 0x0024($sp)           
/* 0325C 80AEF6BC 80CE02B0 */  lb      $t6, 0x02B0($a2)           ## 000002B0
/* 03260 80AEF6C0 24010002 */  addiu   $at, $zero, 0x0002         ## $at = 00000002
/* 03264 80AEF6C4 11C10017 */  beq     $t6, $at, .L80AEF724       
/* 03268 80AEF6C8 2401000E */  addiu   $at, $zero, 0x000E         ## $at = 0000000E
/* 0326C 80AEF6CC 10A10008 */  beq     $a1, $at, .L80AEF6F0       
/* 03270 80AEF6D0 3C0480AF */  lui     $a0, %hi(D_80AEFA84)       ## $a0 = 80AF0000
/* 03274 80AEF6D4 24010010 */  addiu   $at, $zero, 0x0010         ## $at = 00000010
/* 03278 80AEF6D8 54A10013 */  bnel    $a1, $at, .L80AEF728       
/* 0327C 80AEF6DC 8FBF0014 */  lw      $ra, 0x0014($sp)           
/* 03280 80AEF6E0 0C0606D4 */  jal     func_80181B50              
/* 03284 80AEF6E4 24C4003C */  addiu   $a0, $a2, 0x003C           ## $a0 = 0000003C
/* 03288 80AEF6E8 1000000F */  beq     $zero, $zero, .L80AEF728   
/* 0328C 80AEF6EC 8FBF0014 */  lw      $ra, 0x0014($sp)           
.L80AEF6F0:
/* 03290 80AEF6F0 2484FA84 */  addiu   $a0, $a0, %lo(D_80AEFA84)  ## $a0 = FFFFFA84
/* 03294 80AEF6F4 0C0606A6 */  jal     func_80181A98              
/* 03298 80AEF6F8 24C502B4 */  addiu   $a1, $a2, 0x02B4           ## $a1 = 000002B4
/* 0329C 80AEF6FC 8FAF0018 */  lw      $t7, 0x0018($sp)           
/* 032A0 80AEF700 3C19DE00 */  lui     $t9, 0xDE00                ## $t9 = DE000000
/* 032A4 80AEF704 8DE40000 */  lw      $a0, 0x0000($t7)           ## 00000000
/* 032A8 80AEF708 8C8302B0 */  lw      $v1, 0x02B0($a0)           ## 000002B0
/* 032AC 80AEF70C 3C080601 */  lui     $t0, 0x0601                ## $t0 = 06010000
/* 032B0 80AEF710 2508B530 */  addiu   $t0, $t0, 0xB530           ## $t0 = 0600B530
/* 032B4 80AEF714 24780008 */  addiu   $t8, $v1, 0x0008           ## $t8 = 00000008
/* 032B8 80AEF718 AC9802B0 */  sw      $t8, 0x02B0($a0)           ## 000002B0
/* 032BC 80AEF71C AC680004 */  sw      $t0, 0x0004($v1)           ## 00000004
/* 032C0 80AEF720 AC790000 */  sw      $t9, 0x0000($v1)           ## 00000000
.L80AEF724:
/* 032C4 80AEF724 8FBF0014 */  lw      $ra, 0x0014($sp)           
.L80AEF728:
/* 032C8 80AEF728 27BD0018 */  addiu   $sp, $sp, 0x0018           ## $sp = 00000000
/* 032CC 80AEF72C 03E00008 */  jr      $ra                        
/* 032D0 80AEF730 00000000 */  nop


glabel func_80AEF734
/* 032D4 80AEF734 27BDFFB8 */  addiu   $sp, $sp, 0xFFB8           ## $sp = FFFFFFB8
/* 032D8 80AEF738 AFB00028 */  sw      $s0, 0x0028($sp)           
/* 032DC 80AEF73C 00808025 */  or      $s0, $a0, $zero            ## $s0 = 00000000
/* 032E0 80AEF740 AFBF002C */  sw      $ra, 0x002C($sp)           
/* 032E4 80AEF744 AFA5004C */  sw      $a1, 0x004C($sp)           
/* 032E8 80AEF748 8FAE004C */  lw      $t6, 0x004C($sp)           
/* 032EC 80AEF74C 24050019 */  addiu   $a1, $zero, 0x0019         ## $a1 = 00000019
/* 032F0 80AEF750 8DC30000 */  lw      $v1, 0x0000($t6)           ## 00000000
/* 032F4 80AEF754 8C6402B0 */  lw      $a0, 0x02B0($v1)           ## 000002B0
/* 032F8 80AEF758 0C04AFDE */  jal     func_8012BF78              
/* 032FC 80AEF75C AFA3003C */  sw      $v1, 0x003C($sp)           
/* 03300 80AEF760 8FA3003C */  lw      $v1, 0x003C($sp)           
/* 03304 80AEF764 AC6202B0 */  sw      $v0, 0x02B0($v1)           ## 000002B0
/* 03308 80AEF768 8C6202B0 */  lw      $v0, 0x02B0($v1)           ## 000002B0
/* 0330C 80AEF76C 3C18DB06 */  lui     $t8, 0xDB06                ## $t8 = DB060000
/* 03310 80AEF770 37180020 */  ori     $t8, $t8, 0x0020           ## $t8 = DB060020
/* 03314 80AEF774 244F0008 */  addiu   $t7, $v0, 0x0008           ## $t7 = 00000008
/* 03318 80AEF778 AC6F02B0 */  sw      $t7, 0x02B0($v1)           ## 000002B0
/* 0331C 80AEF77C AC580000 */  sw      $t8, 0x0000($v0)           ## 00000000
/* 03320 80AEF780 861902C2 */  lh      $t9, 0x02C2($s0)           ## 000002C2
/* 03324 80AEF784 3C0480AF */  lui     $a0, %hi(D_80AEFA90)       ## $a0 = 80AF0000
/* 03328 80AEF788 AFA20034 */  sw      $v0, 0x0034($sp)           
/* 0332C 80AEF78C 00194080 */  sll     $t0, $t9,  2               
/* 03330 80AEF790 00882021 */  addu    $a0, $a0, $t0              
/* 03334 80AEF794 0C040141 */  jal     func_80100504              
/* 03338 80AEF798 8C84FA90 */  lw      $a0, %lo(D_80AEFA90)($a0)  
/* 0333C 80AEF79C 8FA50034 */  lw      $a1, 0x0034($sp)           
/* 03340 80AEF7A0 ACA20004 */  sw      $v0, 0x0004($a1)           ## 00000004
/* 03344 80AEF7A4 86040318 */  lh      $a0, 0x0318($s0)           ## 00000318
/* 03348 80AEF7A8 0C06026B */  jal     func_801809AC              
/* 0334C 80AEF7AC 24050001 */  addiu   $a1, $zero, 0x0001         ## $a1 = 00000001
/* 03350 80AEF7B0 8E050148 */  lw      $a1, 0x0148($s0)           ## 00000148
/* 03354 80AEF7B4 8E060164 */  lw      $a2, 0x0164($s0)           ## 00000164
/* 03358 80AEF7B8 92070146 */  lbu     $a3, 0x0146($s0)           ## 00000146
/* 0335C 80AEF7BC 3C0980AF */  lui     $t1, %hi(func_80AEF65C)    ## $t1 = 80AF0000
/* 03360 80AEF7C0 3C0A80AF */  lui     $t2, %hi(func_80AEF6A4)    ## $t2 = 80AF0000
/* 03364 80AEF7C4 254AF6A4 */  addiu   $t2, $t2, %lo(func_80AEF6A4) ## $t2 = 80AEF6A4
/* 03368 80AEF7C8 2529F65C */  addiu   $t1, $t1, %lo(func_80AEF65C) ## $t1 = 80AEF65C
/* 0336C 80AEF7CC AFA90010 */  sw      $t1, 0x0010($sp)           
/* 03370 80AEF7D0 AFAA0014 */  sw      $t2, 0x0014($sp)           
/* 03374 80AEF7D4 AFB00018 */  sw      $s0, 0x0018($sp)           
/* 03378 80AEF7D8 0C04CFCA */  jal     func_80133F28              
/* 0337C 80AEF7DC 8FA4004C */  lw      $a0, 0x004C($sp)           
/* 03380 80AEF7E0 8FBF002C */  lw      $ra, 0x002C($sp)           
/* 03384 80AEF7E4 8FB00028 */  lw      $s0, 0x0028($sp)           
/* 03388 80AEF7E8 27BD0048 */  addiu   $sp, $sp, 0x0048           ## $sp = 00000000
/* 0338C 80AEF7EC 03E00008 */  jr      $ra                        
/* 03390 80AEF7F0 00000000 */  nop
/* 03394 80AEF7F4 00000000 */  nop
/* 03398 80AEF7F8 00000000 */  nop
/* 0339C 80AEF7FC 00000000 */  nop

.section .data

D_80AEF800: .word 0x03060012, 0x00000105, 0x0E060012, 0x00010500
D_80AEF810: .word 0x01CA0400, 0x00000009, 0x01AF0000, 0x000003F4
.word func_80AEC750
.word func_80AECA10
.word func_80AEF3E8
.word func_80AEF734
D_80AEF830: .word \
0x0A000039, 0x20010000, 0x00000000, 0x00000000, \
0x00000000, 0x00000000, 0x00000000, 0x00000100, \
0x001E0034, 0x00000000, 0x00000000, 0x00000000, \
0x00000000, 0xFF000000
D_80AEF868: .word \
0x06001FA8, 0x3F800000, 0x00000000, 0xC1200000, \
0x06001FA8, 0x40000000, 0x00000000, 0xC1200000, \
0x060030A4, 0x3F800000, 0x00000000, 0xC1200000, \
0x06001144, 0x3F800000, 0x02000000, 0xC1200000, \
0x06003724, 0x3F800000, 0x02000000, 0xC1200000, \
0x06003FB8, 0x3F800000, 0x00000000, 0xC1200000, \
0x060020C8, 0x3F800000, 0x00000000, 0xC1200000, \
0x06003B10, 0x3F800000, 0x00000000, 0xC1200000, \
0x00000000
D_80AEF8EC: .word 0x00000000
D_80AEF8F0: .word \
0x3F232CA5, 0x3F232CA5, 0x3F232CA5, 0x3F232CA5, \
0x3F232CA5, 0x3F232CA5, 0x3F232CA5, 0x3F232CA5, \
0x3F232CA5, 0x3F232CA5, 0x3F232CA5, 0x3F232CA5, \
0x3FF1758E, 0x405CA71E, 0x40A97B4A, 0x40ECA162, \
0x4119B021, 0x413F425B, 0x4164D495, 0x4184CD01, \
0x41967CB9, 0x41A6ACA5, 0x41B4F694, 0x41C12752, \
0x41CA7247, 0x41CA7247, 0x41CA7247, 0x41CA7247, \
0x41CA7247, 0x41CA7247, 0x41CA7247, 0x41CA7247, \
0x41CA7247, 0x41CA7247, 0x41CA7247, 0x41CA7247, \
0x41CA7247, 0x41D40A09, 0x41E05461, 0x41EF514E, \
0x41FFE7A1, 0x4208E546, 0x421249D5, 0x421BBB30, \
0x42251FBE, 0x422E2AB3, 0x423682AA, 0x423DCE07, \
0x42440000
D_80AEF9B4: .word \
0x3F733333, 0x00000000, 0x00000000, 0x00000000, \
0x00000000, 0x00000000, 0x00000000, 0x00000000, \
0x00000000, 0x00000000, 0x00000000, 0x00000000, \
0x3F800000, 0x3FA00000, 0x3FBD70A4, 0x3FD70A3D, \
0x3FE28F5C, 0x3FF0A3D7, 0x3FF0A3D7, 0x3FEB851F, \
0x3FE28F5C, 0x3FCF5C29, 0x3FB70A3D, 0x3F9C28F6, \
0x3F6E147B, 0x00000000, 0x00000000, 0x00000000, \
0x00000000, 0x00000000, 0x00000000, 0x00000000, \
0x00000000, 0x00000000, 0x00000000, 0x00000000, \
0x00000000, 0x3F75C28F, 0x3F9D70A4, 0x3FC00000, \
0x3FD47AE1, 0x3FE51EB8, 0x3FF0A3D7, 0x3FF1EB85, \
0x3FF0A3D7, 0x3FE7AE14, 0x3FD5C28F, 0x3FBAE148, \
0x3F9EB852
D_80AEFA78: .word 0x00000000, 0x41A00000, 0x42000000
D_80AEFA84: .word 0x00000000, 0x00000000, 0x458FC000
D_80AEFA90: .word 0x06004390, 0x06004B90, 0x06005390, 0x00000000

.section .rodata

D_80AEFAA0: .word .L80AED68C
.word .L80AED884
.word .L80AED884
.word .L80AED884
.word .L80AED79C
.word .L80AED79C
.word .L80AED79C
D_80AEFABC: .word .L80AED7DC
.word .L80AED81C
.word .L80AED860
.word .L80AED860
.word .L80AED860
.word .L80AED860
.word .L80AED860
.word .L80AED860
.word .L80AED860
.word .L80AED860
.word .L80AED860
.word .L80AED860
.word .L80AED860
.word .L80AED860
.word .L80AED860
.word .L80AED860
.word .L80AED860
.word .L80AED860
.word .L80AED860
.word .L80AED860
.word .L80AED860
.word .L80AED860
.word .L80AED830
D_80AEFB18: .word .L80AEDFD8
.word .L80AEE294
.word .L80AEE294
.word .L80AEE294
.word .L80AEE0F4
.word .L80AEE0F4
.word .L80AEE0F4
D_80AEFB34: .word .L80AEE000
.word .L80AEE000
.word .L80AEE294
.word .L80AEE294
.word .L80AEE294
.word .L80AEE294
.word .L80AEE294
.word .L80AEE000
.word .L80AEE294
.word .L80AEE000
.word .L80AEE294
.word .L80AEE294
.word .L80AEE294
.word .L80AEE294
.word .L80AEE294
.word .L80AEE294
.word .L80AEE0E0
D_80AEFB78: .word .L80AEE134
.word .L80AEE154
.word .L80AEE168
.word .L80AEE17C
.word .L80AEE1C0
.word .L80AEE1D4
.word .L80AEE1E8
.word .L80AEE1FC
.word .L80AEE294
.word .L80AEE210
.word .L80AEE274
.word .L80AEE274
.word .L80AEE274
.word .L80AEE294
.word .L80AEE294
.word .L80AEE294
.word .L80AEE288
D_80AEFBBC: .word 0x7F7FFFFF
D_80AEFBC0: .word 0x464EA400
D_80AEFBC4: .word .L80AEEB24
.word .L80AEEB34
.word .L80AEEB44
.word .L80AEEB54
.word .L80AEEB64
.word 0x00000000, 0x00000000

.bss

D_80AF0050: .space 0x10

.section .rodata
D_80AEFBE0:
.incbin "baserom/En_Tk", 0x3780, 0x00000470
