.include "macro.inc"

# assembler directives
.set noat      # allow manual use of $at
.set noreorder # don't insert nops after branches
.set gp=64     # allow use of 64-bit general purpose registers

.section .text
glabel func_80874810
/* 00000 80874810 27BDFFC0 */  addiu   $sp, $sp, 0xFFC0           ## $sp = FFFFFFC0
/* 00004 80874814 AFB00038 */  sw      $s0, 0x0038($sp)           
/* 00008 80874818 00808025 */  or      $s0, $a0, $zero            ## $s0 = 00000000
/* 0000C 8087481C AFBF003C */  sw      $ra, 0x003C($sp)           
/* 00010 80874820 AFA50044 */  sw      $a1, 0x0044($sp)           
/* 00014 80874824 3C058087 */  lui     $a1, %hi(D_808763B4)       ## $a1 = 80870000
/* 00018 80874828 24A563B4 */  addiu   $a1, $a1, %lo(D_808763B4)  ## $a1 = 808763B4
/* 0001C 8087482C 0C03FEB7 */  jal     func_800FFADC              
/* 00020 80874830 02002025 */  or      $a0, $s0, $zero            ## $a0 = 00000000
/* 00024 80874834 260400BC */  addiu   $a0, $s0, 0x00BC           ## $a0 = 000000BC
/* 00028 80874838 24050000 */  addiu   $a1, $zero, 0x0000         ## $a1 = 00000000
/* 0002C 8087483C 00003025 */  or      $a2, $zero, $zero          ## $a2 = 00000000
/* 00030 80874840 0C02CEE9 */  jal     func_800B3BA4              
/* 00034 80874844 3C073F00 */  lui     $a3, 0x3F00                ## $a3 = 3F000000
/* 00038 80874848 3C060601 */  lui     $a2, 0x0601                ## $a2 = 06010000
/* 0003C 8087484C 3C070601 */  lui     $a3, 0x0601                ## $a3 = 06010000
/* 00040 80874850 260E0192 */  addiu   $t6, $s0, 0x0192           ## $t6 = 00000192
/* 00044 80874854 260F0228 */  addiu   $t7, $s0, 0x0228           ## $t7 = 00000228
/* 00048 80874858 24180019 */  addiu   $t8, $zero, 0x0019         ## $t8 = 00000019
/* 0004C 8087485C AFB80018 */  sw      $t8, 0x0018($sp)           
/* 00050 80874860 AFAF0014 */  sw      $t7, 0x0014($sp)           
/* 00054 80874864 AFAE0010 */  sw      $t6, 0x0010($sp)           
/* 00058 80874868 24E79DB0 */  addiu   $a3, $a3, 0x9DB0           ## $a3 = 06009DB0
/* 0005C 8087486C 24C68FB0 */  addiu   $a2, $a2, 0x8FB0           ## $a2 = 06008FB0
/* 00060 80874870 8FA40044 */  lw      $a0, 0x0044($sp)           
/* 00064 80874874 0C04DACC */  jal     func_80136B30              
/* 00068 80874878 26050144 */  addiu   $a1, $s0, 0x0144           ## $a1 = 00000144
/* 0006C 8087487C 3C078087 */  lui     $a3, %hi(D_80876360)       ## $a3 = 80870000
/* 00070 80874880 24E76360 */  addiu   $a3, $a3, %lo(D_80876360)  ## $a3 = 80876360
/* 00074 80874884 8FA40044 */  lw      $a0, 0x0044($sp)           
/* 00078 80874888 26050358 */  addiu   $a1, $s0, 0x0358           ## $a1 = 00000358
/* 0007C 8087488C 0C0384DD */  jal     func_800E1374              
/* 00080 80874890 02003025 */  or      $a2, $s0, $zero            ## $a2 = 00000000
/* 00084 80874894 3C058087 */  lui     $a1, %hi(D_8087638C)       ## $a1 = 80870000
/* 00088 80874898 3C068087 */  lui     $a2, %hi(D_808763AC)       ## $a2 = 80870000
/* 0008C 8087489C 24C663AC */  addiu   $a2, $a2, %lo(D_808763AC)  ## $a2 = 808763AC
/* 00090 808748A0 24A5638C */  addiu   $a1, $a1, %lo(D_8087638C)  ## $a1 = 8087638C
/* 00094 808748A4 0C039D4C */  jal     func_800E7530              
/* 00098 808748A8 260400A0 */  addiu   $a0, $s0, 0x00A0           ## $a0 = 000000A0
/* 0009C 808748AC 860C00BC */  lh      $t4, 0x00BC($s0)           ## 000000BC
/* 000A0 808748B0 3C014220 */  lui     $at, 0x4220                ## $at = 42200000
/* 000A4 808748B4 44814000 */  mtc1    $at, $f8                   ## $f8 = 40.00
/* 000A8 808748B8 448C2000 */  mtc1    $t4, $f4                   ## $f4 = 0.00
/* 000AC 808748BC 8619001C */  lh      $t9, 0x001C($s0)           ## 0000001C
/* 000B0 808748C0 860A001C */  lh      $t2, 0x001C($s0)           ## 0000001C
/* 000B4 808748C4 468021A0 */  cvt.s.w $f6, $f4                   
/* 000B8 808748C8 00194203 */  sra     $t0, $t9,  8               
/* 000BC 808748CC 310900FF */  andi    $t1, $t0, 0x00FF           ## $t1 = 00000000
/* 000C0 808748D0 314B00FF */  andi    $t3, $t2, 0x00FF           ## $t3 = 00000000
/* 000C4 808748D4 A6090190 */  sh      $t1, 0x0190($s0)           ## 00000190
/* 000C8 808748D8 A60B001C */  sh      $t3, 0x001C($s0)           ## 0000001C
/* 000CC 808748DC 46083282 */  mul.s   $f10, $f6, $f8             
/* 000D0 808748E0 3C018087 */  lui     $at, %hi(D_808763F0)       ## $at = 80870000
/* 000D4 808748E4 C43063F0 */  lwc1    $f16, %lo(D_808763F0)($at) 
/* 000D8 808748E8 44802000 */  mtc1    $zero, $f4                 ## $f4 = 0.00
/* 000DC 808748EC A60000BC */  sh      $zero, 0x00BC($s0)         ## 000000BC
/* 000E0 808748F0 A6000030 */  sh      $zero, 0x0030($s0)         ## 00000030
/* 000E4 808748F4 3C014348 */  lui     $at, 0x4348                ## $at = 43480000
/* 000E8 808748F8 46105482 */  mul.s   $f18, $f10, $f16           
/* 000EC 808748FC 02002025 */  or      $a0, $s0, $zero            ## $a0 = 00000000
/* 000F0 80874900 E61202C4 */  swc1    $f18, 0x02C4($s0)          ## 000002C4
/* 000F4 80874904 C60602C4 */  lwc1    $f6, 0x02C4($s0)           ## 000002C4
/* 000F8 80874908 4604303E */  c.le.s  $f6, $f4                   
/* 000FC 8087490C 00000000 */  nop
/* 00100 80874910 45000004 */  bc1f    .L80874924                 
/* 00104 80874914 00000000 */  nop
/* 00108 80874918 44814000 */  mtc1    $at, $f8                   ## $f8 = 200.00
/* 0010C 8087491C 00000000 */  nop
/* 00110 80874920 E60802C4 */  swc1    $f8, 0x02C4($s0)           ## 000002C4
.L80874924:
/* 00114 80874924 0C02D9D7 */  jal     func_800B675C              
/* 00118 80874928 3C0541C8 */  lui     $a1, 0x41C8                ## $a1 = 41C80000
/* 0011C 8087492C 8602001C */  lh      $v0, 0x001C($s0)           ## 0000001C
/* 00120 80874930 24010002 */  addiu   $at, $zero, 0x0002         ## $at = 00000002
/* 00124 80874934 304D0080 */  andi    $t5, $v0, 0x0080           ## $t5 = 00000000
/* 00128 80874938 11A0001F */  beq     $t5, $zero, .L808749B8     
/* 0012C 8087493C 00000000 */  nop
/* 00130 80874940 C60A0024 */  lwc1    $f10, 0x0024($s0)          ## 00000024
/* 00134 80874944 3C014170 */  lui     $at, 0x4170                ## $at = 41700000
/* 00138 80874948 44819000 */  mtc1    $at, $f18                  ## $f18 = 15.00
/* 0013C 8087494C E7AA0010 */  swc1    $f10, 0x0010($sp)          
/* 00140 80874950 C6100028 */  lwc1    $f16, 0x0028($s0)          ## 00000028
/* 00144 80874954 8FA60044 */  lw      $a2, 0x0044($sp)           
/* 00148 80874958 3408FF50 */  ori     $t0, $zero, 0xFF50         ## $t0 = 0000FF50
/* 0014C 8087495C 46128101 */  sub.s   $f4, $f16, $f18            
/* 00150 80874960 02002825 */  or      $a1, $s0, $zero            ## $a1 = 00000000
/* 00154 80874964 2407008E */  addiu   $a3, $zero, 0x008E         ## $a3 = 0000008E
/* 00158 80874968 24C41CA0 */  addiu   $a0, $a2, 0x1CA0           ## $a0 = 00001CA0
/* 0015C 8087496C E7A40014 */  swc1    $f4, 0x0014($sp)           
/* 00160 80874970 C606002C */  lwc1    $f6, 0x002C($s0)           ## 0000002C
/* 00164 80874974 E7A60018 */  swc1    $f6, 0x0018($sp)           
/* 00168 80874978 860E0030 */  lh      $t6, 0x0030($s0)           ## 00000030
/* 0016C 8087497C AFAE001C */  sw      $t6, 0x001C($sp)           
/* 00170 80874980 860F0032 */  lh      $t7, 0x0032($s0)           ## 00000032
/* 00174 80874984 25F85900 */  addiu   $t8, $t7, 0x5900           ## $t8 = 00005900
/* 00178 80874988 AFB80020 */  sw      $t8, 0x0020($sp)           
/* 0017C 8087498C 86190034 */  lh      $t9, 0x0034($s0)           ## 00000034
/* 00180 80874990 AFA80028 */  sw      $t0, 0x0028($sp)           
/* 00184 80874994 0C02EC30 */  jal     func_800BB0C0              
/* 00188 80874998 AFB90024 */  sw      $t9, 0x0024($sp)           
/* 0018C 8087499C 8609001C */  lh      $t1, 0x001C($s0)           ## 0000001C
/* 00190 808749A0 02002025 */  or      $a0, $s0, $zero            ## $a0 = 00000000
/* 00194 808749A4 312AFF7F */  andi    $t2, $t1, 0xFF7F           ## $t2 = 00000000
/* 00198 808749A8 0C21D492 */  jal     func_80875248              
/* 0019C 808749AC A60A001C */  sh      $t2, 0x001C($s0)           ## 0000001C
/* 001A0 808749B0 10000019 */  beq     $zero, $zero, .L80874A18   
/* 001A4 808749B4 8FBF003C */  lw      $ra, 0x003C($sp)           
.L808749B8:
/* 001A8 808749B8 1441000D */  bne     $v0, $at, .L808749F0       
/* 001AC 808749BC 8FA40044 */  lw      $a0, 0x0044($sp)           
/* 001B0 808749C0 0C02D6EC */  jal     func_800B5BB0              
/* 001B4 808749C4 86050190 */  lh      $a1, 0x0190($s0)           ## 00000190
/* 001B8 808749C8 10400005 */  beq     $v0, $zero, .L808749E0     
/* 001BC 808749CC 00000000 */  nop
/* 001C0 808749D0 0C02D9C3 */  jal     func_800B670C              
/* 001C4 808749D4 02002025 */  or      $a0, $s0, $zero            ## $a0 = 00000000
/* 001C8 808749D8 1000000F */  beq     $zero, $zero, .L80874A18   
/* 001CC 808749DC 8FBF003C */  lw      $ra, 0x003C($sp)           
.L808749E0:
/* 001D0 808749E0 0C21D632 */  jal     func_808758C8              
/* 001D4 808749E4 02002025 */  or      $a0, $s0, $zero            ## $a0 = 00000000
/* 001D8 808749E8 1000000B */  beq     $zero, $zero, .L80874A18   
/* 001DC 808749EC 8FBF003C */  lw      $ra, 0x003C($sp)           
.L808749F0:
/* 001E0 808749F0 24010001 */  addiu   $at, $zero, 0x0001         ## $at = 00000001
/* 001E4 808749F4 14410005 */  bne     $v0, $at, .L80874A0C       
/* 001E8 808749F8 02002025 */  or      $a0, $s0, $zero            ## $a0 = 00000000
/* 001EC 808749FC 0C21D632 */  jal     func_808758C8              
/* 001F0 80874A00 02002025 */  or      $a0, $s0, $zero            ## $a0 = 00000000
/* 001F4 80874A04 10000004 */  beq     $zero, $zero, .L80874A18   
/* 001F8 80874A08 8FBF003C */  lw      $ra, 0x003C($sp)           
.L80874A0C:
/* 001FC 80874A0C 0C21D2E2 */  jal     func_80874B88              
/* 00200 80874A10 8FA50044 */  lw      $a1, 0x0044($sp)           
/* 00204 80874A14 8FBF003C */  lw      $ra, 0x003C($sp)           
.L80874A18:
/* 00208 80874A18 8FB00038 */  lw      $s0, 0x0038($sp)           
/* 0020C 80874A1C 27BD0040 */  addiu   $sp, $sp, 0x0040           ## $sp = 00000000
/* 00210 80874A20 03E00008 */  jr      $ra                        
/* 00214 80874A24 00000000 */  nop


glabel func_80874A28
/* 00218 80874A28 27BDFFE8 */  addiu   $sp, $sp, 0xFFE8           ## $sp = FFFFFFE8
/* 0021C 80874A2C AFBF0014 */  sw      $ra, 0x0014($sp)           
/* 00220 80874A30 00803025 */  or      $a2, $a0, $zero            ## $a2 = 00000000
/* 00224 80874A34 00A03825 */  or      $a3, $a1, $zero            ## $a3 = 00000000
/* 00228 80874A38 00E02025 */  or      $a0, $a3, $zero            ## $a0 = 00000000
/* 0022C 80874A3C 24C50358 */  addiu   $a1, $a2, 0x0358           ## $a1 = 00000358
/* 00230 80874A40 0C03847B */  jal     func_800E11EC              
/* 00234 80874A44 AFA60018 */  sw      $a2, 0x0018($sp)           
/* 00238 80874A48 8FA60018 */  lw      $a2, 0x0018($sp)           
/* 0023C 80874A4C 8CC30120 */  lw      $v1, 0x0120($a2)           ## 00000120
/* 00240 80874A50 5060000A */  beql    $v1, $zero, .L80874A7C     
/* 00244 80874A54 8FBF0014 */  lw      $ra, 0x0014($sp)           
/* 00248 80874A58 8C6E0138 */  lw      $t6, 0x0138($v1)           ## 00000138
/* 0024C 80874A5C 00601025 */  or      $v0, $v1, $zero            ## $v0 = 00000000
/* 00250 80874A60 51C00006 */  beql    $t6, $zero, .L80874A7C     
/* 00254 80874A64 8FBF0014 */  lw      $ra, 0x0014($sp)           
/* 00258 80874A68 8463014E */  lh      $v1, 0x014E($v1)           ## 0000014E
/* 0025C 80874A6C 18600002 */  blez    $v1, .L80874A78            
/* 00260 80874A70 246FFFFF */  addiu   $t7, $v1, 0xFFFF           ## $t7 = FFFFFFFF
/* 00264 80874A74 A44F014E */  sh      $t7, 0x014E($v0)           ## 0000014E
.L80874A78:
/* 00268 80874A78 8FBF0014 */  lw      $ra, 0x0014($sp)           
.L80874A7C:
/* 0026C 80874A7C 27BD0018 */  addiu   $sp, $sp, 0x0018           ## $sp = 00000000
/* 00270 80874A80 03E00008 */  jr      $ra                        
/* 00274 80874A84 00000000 */  nop


glabel func_80874A88
/* 00278 80874A88 27BDFFE0 */  addiu   $sp, $sp, 0xFFE0           ## $sp = FFFFFFE0
/* 0027C 80874A8C AFBF001C */  sw      $ra, 0x001C($sp)           
/* 00280 80874A90 240E000A */  addiu   $t6, $zero, 0x000A         ## $t6 = 0000000A
/* 00284 80874A94 A08E018C */  sb      $t6, 0x018C($a0)           ## 0000018C
/* 00288 80874A98 3C018087 */  lui     $at, %hi(D_808763F4)       ## $at = 80870000
/* 0028C 80874A9C C42463F4 */  lwc1    $f4, %lo(D_808763F4)($at)  
/* 00290 80874AA0 3C018087 */  lui     $at, %hi(D_808763F8)       ## $at = 80870000
/* 00294 80874AA4 8C990004 */  lw      $t9, 0x0004($a0)           ## 00000004
/* 00298 80874AA8 E48402CC */  swc1    $f4, 0x02CC($a0)           ## 000002CC
/* 0029C 80874AAC C42663F8 */  lwc1    $f6, %lo(D_808763F8)($at)  
/* 002A0 80874AB0 3C013F80 */  lui     $at, 0x3F80                ## $at = 3F800000
/* 002A4 80874AB4 44814000 */  mtc1    $at, $f8                   ## $f8 = 1.00
/* 002A8 80874AB8 2401FBFF */  addiu   $at, $zero, 0xFBFF         ## $at = FFFFFBFF
/* 002AC 80874ABC 240F0003 */  addiu   $t7, $zero, 0x0003         ## $t7 = 00000003
/* 002B0 80874AC0 24180050 */  addiu   $t8, $zero, 0x0050         ## $t8 = 00000050
/* 002B4 80874AC4 03214024 */  and     $t0, $t9, $at              
/* 002B8 80874AC8 A08F036C */  sb      $t7, 0x036C($a0)           ## 0000036C
/* 002BC 80874ACC A498018E */  sh      $t8, 0x018E($a0)           ## 0000018E
/* 002C0 80874AD0 AC880004 */  sw      $t0, 0x0004($a0)           ## 00000004
/* 002C4 80874AD4 24090050 */  addiu   $t1, $zero, 0x0050         ## $t1 = 00000050
/* 002C8 80874AD8 E48602D0 */  swc1    $f6, 0x02D0($a0)           ## 000002D0
/* 002CC 80874ADC E48802C8 */  swc1    $f8, 0x02C8($a0)           ## 000002C8
/* 002D0 80874AE0 AFA90010 */  sw      $t1, 0x0010($sp)           
/* 002D4 80874AE4 24054000 */  addiu   $a1, $zero, 0x4000         ## $a1 = 00004000
/* 002D8 80874AE8 240600FF */  addiu   $a2, $zero, 0x00FF         ## $a2 = 000000FF
/* 002DC 80874AEC 0C02F2DC */  jal     func_800BCB70              
/* 002E0 80874AF0 00003825 */  or      $a3, $zero, $zero          ## $a3 = 00000000
/* 002E4 80874AF4 8FBF001C */  lw      $ra, 0x001C($sp)           
/* 002E8 80874AF8 27BD0020 */  addiu   $sp, $sp, 0x0020           ## $sp = 00000000
/* 002EC 80874AFC 03E00008 */  jr      $ra                        
/* 002F0 80874B00 00000000 */  nop


glabel func_80874B04
/* 002F4 80874B04 27BDFFD0 */  addiu   $sp, $sp, 0xFFD0           ## $sp = FFFFFFD0
/* 002F8 80874B08 AFB00028 */  sw      $s0, 0x0028($sp)           
/* 002FC 80874B0C 00808025 */  or      $s0, $a0, $zero            ## $s0 = 00000000
/* 00300 80874B10 AFBF002C */  sw      $ra, 0x002C($sp)           
/* 00304 80874B14 AFA50034 */  sw      $a1, 0x0034($sp)           
/* 00308 80874B18 920E018C */  lbu     $t6, 0x018C($s0)           ## 0000018C
/* 0030C 80874B1C 2401000A */  addiu   $at, $zero, 0x000A         ## $at = 0000000A
/* 00310 80874B20 02002825 */  or      $a1, $s0, $zero            ## $a1 = 00000000
/* 00314 80874B24 15C10013 */  bne     $t6, $at, .L80874B74       
/* 00318 80874B28 260602D4 */  addiu   $a2, $s0, 0x02D4           ## $a2 = 000002D4
/* 0031C 80874B2C 44802000 */  mtc1    $zero, $f4                 ## $f4 = 0.00
/* 00320 80874B30 A200018C */  sb      $zero, 0x018C($s0)         ## 0000018C
/* 00324 80874B34 A200036C */  sb      $zero, 0x036C($s0)         ## 0000036C
/* 00328 80874B38 3C018087 */  lui     $at, %hi(D_808763FC)       ## $at = 80870000
/* 0032C 80874B3C E60402C8 */  swc1    $f4, 0x02C8($s0)           ## 000002C8
/* 00330 80874B40 C42663FC */  lwc1    $f6, %lo(D_808763FC)($at)  
/* 00334 80874B44 3C018087 */  lui     $at, %hi(D_80876400)       ## $at = 80870000
/* 00338 80874B48 C4286400 */  lwc1    $f8, %lo(D_80876400)($at)  
/* 0033C 80874B4C 240F0002 */  addiu   $t7, $zero, 0x0002         ## $t7 = 00000002
/* 00340 80874B50 AFAF0010 */  sw      $t7, 0x0010($sp)           
/* 00344 80874B54 8FA40034 */  lw      $a0, 0x0034($sp)           
/* 00348 80874B58 2407000B */  addiu   $a3, $zero, 0x000B         ## $a3 = 0000000B
/* 0034C 80874B5C E7A60014 */  swc1    $f6, 0x0014($sp)           
/* 00350 80874B60 0C02FDF3 */  jal     func_800BF7CC              
/* 00354 80874B64 E7A80018 */  swc1    $f8, 0x0018($sp)           
/* 00358 80874B68 8E180004 */  lw      $t8, 0x0004($s0)           ## 00000004
/* 0035C 80874B6C 37190400 */  ori     $t9, $t8, 0x0400           ## $t9 = 00000400
/* 00360 80874B70 AE190004 */  sw      $t9, 0x0004($s0)           ## 00000004
.L80874B74:
/* 00364 80874B74 8FBF002C */  lw      $ra, 0x002C($sp)           
/* 00368 80874B78 8FB00028 */  lw      $s0, 0x0028($sp)           
/* 0036C 80874B7C 27BD0030 */  addiu   $sp, $sp, 0x0030           ## $sp = 00000000
/* 00370 80874B80 03E00008 */  jr      $ra                        
/* 00374 80874B84 00000000 */  nop


glabel func_80874B88
/* 00378 80874B88 8C8E0004 */  lw      $t6, 0x0004($a0)           ## 00000004
/* 0037C 80874B8C 8CA21CCC */  lw      $v0, 0x1CCC($a1)           ## 00001CCC
/* 00380 80874B90 2401FFFE */  addiu   $at, $zero, 0xFFFE         ## $at = FFFFFFFE
/* 00384 80874B94 44802000 */  mtc1    $zero, $f4                 ## $f4 = 0.00
/* 00388 80874B98 01C17824 */  and     $t7, $t6, $at              
/* 0038C 80874B9C AC8F0004 */  sw      $t7, 0x0004($a0)           ## 00000004
/* 00390 80874BA0 35F90020 */  ori     $t9, $t7, 0x0020           ## $t9 = 00000020
/* 00394 80874BA4 24080082 */  addiu   $t0, $zero, 0x0082         ## $t0 = 00000082
/* 00398 80874BA8 AC990004 */  sw      $t9, 0x0004($a0)           ## 00000004
/* 0039C 80874BAC A488018E */  sh      $t0, 0x018E($a0)           ## 0000018E
/* 003A0 80874BB0 E4840068 */  swc1    $f4, 0x0068($a0)           ## 00000068
/* 003A4 80874BB4 C4460028 */  lwc1    $f6, 0x0028($v0)           ## 00000028
/* 003A8 80874BB8 3C098087 */  lui     $t1, %hi(func_80876268)    ## $t1 = 80870000
/* 003AC 80874BBC 3C0A8087 */  lui     $t2, %hi(func_80874BE4)    ## $t2 = 80870000
/* 003B0 80874BC0 E4860028 */  swc1    $f6, 0x0028($a0)           ## 00000028
/* 003B4 80874BC4 C4480088 */  lwc1    $f8, 0x0088($v0)           ## 00000088
/* 003B8 80874BC8 25296268 */  addiu   $t1, $t1, %lo(func_80876268) ## $t1 = 80876268
/* 003BC 80874BCC 254A4BE4 */  addiu   $t2, $t2, %lo(func_80874BE4) ## $t2 = 80874BE4
/* 003C0 80874BD0 AC89013C */  sw      $t1, 0x013C($a0)           ## 0000013C
/* 003C4 80874BD4 AC8A0188 */  sw      $t2, 0x0188($a0)           ## 00000188
/* 003C8 80874BD8 E4880088 */  swc1    $f8, 0x0088($a0)           ## 00000088
/* 003CC 80874BDC 03E00008 */  jr      $ra                        
/* 003D0 80874BE0 00000000 */  nop


glabel func_80874BE4
/* 003D4 80874BE4 27BDFFE8 */  addiu   $sp, $sp, 0xFFE8           ## $sp = FFFFFFE8
/* 003D8 80874BE8 AFBF0014 */  sw      $ra, 0x0014($sp)           
/* 003DC 80874BEC AFA5001C */  sw      $a1, 0x001C($sp)           
/* 003E0 80874BF0 00803025 */  or      $a2, $a0, $zero            ## $a2 = 00000000
/* 003E4 80874BF4 8FAE001C */  lw      $t6, 0x001C($sp)           
/* 003E8 80874BF8 84C2018E */  lh      $v0, 0x018E($a2)           ## 0000018E
/* 003EC 80874BFC 8DC31CCC */  lw      $v1, 0x1CCC($t6)           ## 00001CCC
/* 003F0 80874C00 2448FFFF */  addiu   $t0, $v0, 0xFFFF           ## $t0 = FFFFFFFF
/* 003F4 80874C04 24670024 */  addiu   $a3, $v1, 0x0024           ## $a3 = 00000024
/* 003F8 80874C08 8CF80000 */  lw      $t8, 0x0000($a3)           ## 00000024
/* 003FC 80874C0C ACD80024 */  sw      $t8, 0x0024($a2)           ## 00000024
/* 00400 80874C10 8CEF0004 */  lw      $t7, 0x0004($a3)           ## 00000028
/* 00404 80874C14 ACCF0028 */  sw      $t7, 0x0028($a2)           ## 00000028
/* 00408 80874C18 8CF80008 */  lw      $t8, 0x0008($a3)           ## 0000002C
/* 0040C 80874C1C ACD8002C */  sw      $t8, 0x002C($a2)           ## 0000002C
/* 00410 80874C20 C4640088 */  lwc1    $f4, 0x0088($v1)           ## 00000088
/* 00414 80874C24 E4C40088 */  swc1    $f4, 0x0088($a2)           ## 00000088
/* 00418 80874C28 8C790080 */  lw      $t9, 0x0080($v1)           ## 00000080
/* 0041C 80874C2C 10400002 */  beq     $v0, $zero, .L80874C38     
/* 00420 80874C30 ACD90080 */  sw      $t9, 0x0080($a2)           ## 00000080
/* 00424 80874C34 A4C8018E */  sh      $t0, 0x018E($a2)           ## 0000018E
.L80874C38:
/* 00428 80874C38 8C690A6C */  lw      $t1, 0x0A6C($v1)           ## 00000A6C
/* 0042C 80874C3C 3C010810 */  lui     $at, 0x0810                ## $at = 08100000
/* 00430 80874C40 01215024 */  and     $t2, $t1, $at              
/* 00434 80874C44 5540001F */  bnel    $t2, $zero, .L80874CC4     
/* 00438 80874C48 24043890 */  addiu   $a0, $zero, 0x3890         ## $a0 = 00003890
/* 0043C 80874C4C 8C6B0A70 */  lw      $t3, 0x0A70($v1)           ## 00000A70
/* 00440 80874C50 316C0080 */  andi    $t4, $t3, 0x0080           ## $t4 = 00000000
/* 00444 80874C54 5580001B */  bnel    $t4, $zero, .L80874CC4     
/* 00448 80874C58 24043890 */  addiu   $a0, $zero, 0x3890         ## $a0 = 00003890
/* 0044C 80874C5C 906D0B5E */  lbu     $t5, 0x0B5E($v1)           ## 00000B5E
/* 00450 80874C60 5DA00018 */  bgtzl   $t5, .L80874CC4            
/* 00454 80874C64 24043890 */  addiu   $a0, $zero, 0x3890         ## $a0 = 00003890
/* 00458 80874C68 946E0118 */  lhu     $t6, 0x0118($v1)           ## 00000118
/* 0045C 80874C6C 5DC00015 */  bgtzl   $t6, .L80874CC4            
/* 00460 80874C70 24043890 */  addiu   $a0, $zero, 0x3890         ## $a0 = 00003890
/* 00464 80874C74 946F0090 */  lhu     $t7, 0x0090($v1)           ## 00000090
/* 00468 80874C78 31F80001 */  andi    $t8, $t7, 0x0001           ## $t8 = 00000000
/* 0046C 80874C7C 53000011 */  beql    $t8, $zero, .L80874CC4     
/* 00470 80874C80 24043890 */  addiu   $a0, $zero, 0x3890         ## $a0 = 00003890
/* 00474 80874C84 84D9001C */  lh      $t9, 0x001C($a2)           ## 0000001C
/* 00478 80874C88 24010001 */  addiu   $at, $zero, 0x0001         ## $at = 00000001
/* 0047C 80874C8C 24C40008 */  addiu   $a0, $a2, 0x0008           ## $a0 = 00000008
/* 00480 80874C90 17210011 */  bne     $t9, $at, .L80874CD8       
/* 00484 80874C94 00E02825 */  or      $a1, $a3, $zero            ## $a1 = 00000024
/* 00488 80874C98 0C03FE4B */  jal     func_800FF92C              
/* 0048C 80874C9C AFA60018 */  sw      $a2, 0x0018($sp)           
/* 00490 80874CA0 8FA60018 */  lw      $a2, 0x0018($sp)           
/* 00494 80874CA4 3C0142F0 */  lui     $at, 0x42F0                ## $at = 42F00000
/* 00498 80874CA8 44813000 */  mtc1    $at, $f6                   ## $f6 = 120.00
/* 0049C 80874CAC C4C802C4 */  lwc1    $f8, 0x02C4($a2)           ## 000002C4
/* 004A0 80874CB0 46083280 */  add.s   $f10, $f6, $f8             
/* 004A4 80874CB4 4600503C */  c.lt.s  $f10, $f0                  
/* 004A8 80874CB8 00000000 */  nop
/* 004AC 80874CBC 45000006 */  bc1f    .L80874CD8                 
/* 004B0 80874CC0 24043890 */  addiu   $a0, $zero, 0x3890         ## $a0 = 00003890
.L80874CC4:
/* 004B4 80874CC4 0C069D7A */  jal     func_801A75E8              
/* 004B8 80874CC8 AFA60018 */  sw      $a2, 0x0018($sp)           
/* 004BC 80874CCC 8FA60018 */  lw      $a2, 0x0018($sp)           
/* 004C0 80874CD0 24080082 */  addiu   $t0, $zero, 0x0082         ## $t0 = 00000082
/* 004C4 80874CD4 A4C8018E */  sh      $t0, 0x018E($a2)           ## 0000018E
.L80874CD8:
/* 004C8 80874CD8 84C2018E */  lh      $v0, 0x018E($a2)           ## 0000018E
/* 004CC 80874CDC 24010050 */  addiu   $at, $zero, 0x0050         ## $at = 00000050
/* 004D0 80874CE0 00C02025 */  or      $a0, $a2, $zero            ## $a0 = 00000000
/* 004D4 80874CE4 14410005 */  bne     $v0, $at, .L80874CFC       
/* 004D8 80874CE8 24053890 */  addiu   $a1, $zero, 0x3890         ## $a1 = 00003890
/* 004DC 80874CEC 0C02E3B2 */  jal     func_800B8EC8              
/* 004E0 80874CF0 AFA60018 */  sw      $a2, 0x0018($sp)           
/* 004E4 80874CF4 8FA60018 */  lw      $a2, 0x0018($sp)           
/* 004E8 80874CF8 84C2018E */  lh      $v0, 0x018E($a2)           ## 0000018E
.L80874CFC:
/* 004EC 80874CFC 14400003 */  bne     $v0, $zero, .L80874D0C     
/* 004F0 80874D00 00C02025 */  or      $a0, $a2, $zero            ## $a0 = 00000000
/* 004F4 80874D04 0C21D347 */  jal     func_80874D1C              
/* 004F8 80874D08 8FA5001C */  lw      $a1, 0x001C($sp)           
.L80874D0C:
/* 004FC 80874D0C 8FBF0014 */  lw      $ra, 0x0014($sp)           
/* 00500 80874D10 27BD0018 */  addiu   $sp, $sp, 0x0018           ## $sp = 00000000
/* 00504 80874D14 03E00008 */  jr      $ra                        
/* 00508 80874D18 00000000 */  nop


glabel func_80874D1C
/* 0050C 80874D1C 27BDFFC8 */  addiu   $sp, $sp, 0xFFC8           ## $sp = FFFFFFC8
/* 00510 80874D20 AFB00028 */  sw      $s0, 0x0028($sp)           
/* 00514 80874D24 00808025 */  or      $s0, $a0, $zero            ## $s0 = 00000000
/* 00518 80874D28 AFBF002C */  sw      $ra, 0x002C($sp)           
/* 0051C 80874D2C 8CA31CCC */  lw      $v1, 0x1CCC($a1)           ## 00001CCC
/* 00520 80874D30 3C040600 */  lui     $a0, 0x0600                ## $a0 = 06000000
/* 00524 80874D34 2484299C */  addiu   $a0, $a0, 0x299C           ## $a0 = 0600299C
/* 00528 80874D38 0C04D1D2 */  jal     func_80134748              
/* 0052C 80874D3C AFA30034 */  sw      $v1, 0x0034($sp)           
/* 00530 80874D40 44822000 */  mtc1    $v0, $f4                   ## $f4 = 0.00
/* 00534 80874D44 44800000 */  mtc1    $zero, $f0                 ## $f0 = 0.00
/* 00538 80874D48 3C050600 */  lui     $a1, 0x0600                ## $a1 = 06000000
/* 0053C 80874D4C 468021A0 */  cvt.s.w $f6, $f4                   
/* 00540 80874D50 240E0002 */  addiu   $t6, $zero, 0x0002         ## $t6 = 00000002
/* 00544 80874D54 44060000 */  mfc1    $a2, $f0                   
/* 00548 80874D58 AFAE0014 */  sw      $t6, 0x0014($sp)           
/* 0054C 80874D5C 24A5299C */  addiu   $a1, $a1, 0x299C           ## $a1 = 0600299C
/* 00550 80874D60 26040144 */  addiu   $a0, $s0, 0x0144           ## $a0 = 00000144
/* 00554 80874D64 E7A60010 */  swc1    $f6, 0x0010($sp)           
/* 00558 80874D68 3C0741A0 */  lui     $a3, 0x41A0                ## $a3 = 41A00000
/* 0055C 80874D6C 0C04DCFA */  jal     func_801373E8              
/* 00560 80874D70 E7A00018 */  swc1    $f0, 0x0018($sp)           
/* 00564 80874D74 8FA30034 */  lw      $v1, 0x0034($sp)           
/* 00568 80874D78 3C014396 */  lui     $at, 0x4396                ## $at = 43960000
/* 0056C 80874D7C 44818000 */  mtc1    $at, $f16                  ## $f16 = 300.00
/* 00570 80874D80 C4680028 */  lwc1    $f8, 0x0028($v1)           ## 00000028
/* 00574 80874D84 34018000 */  ori     $at, $zero, 0x8000         ## $at = 00008000
/* 00578 80874D88 8E080004 */  lw      $t0, 0x0004($s0)           ## 00000004
/* 0057C 80874D8C E60802C0 */  swc1    $f8, 0x02C0($s0)           ## 000002C0
/* 00580 80874D90 C46A0028 */  lwc1    $f10, 0x0028($v1)          ## 00000028
/* 00584 80874D94 35090001 */  ori     $t1, $t0, 0x0001           ## $t1 = 00000001
/* 00588 80874D98 3C0C8087 */  lui     $t4, %hi(func_80874DE8)    ## $t4 = 80870000
/* 0058C 80874D9C 46105480 */  add.s   $f18, $f10, $f16           
/* 00590 80874DA0 258C4DE8 */  addiu   $t4, $t4, %lo(func_80874DE8) ## $t4 = 80874DE8
/* 00594 80874DA4 E6120028 */  swc1    $f18, 0x0028($s0)          ## 00000028
/* 00598 80874DA8 846F00BE */  lh      $t7, 0x00BE($v1)           ## 000000BE
/* 0059C 80874DAC 01E1C021 */  addu    $t8, $t7, $at              
/* 005A0 80874DB0 A61800BE */  sh      $t8, 0x00BE($s0)           ## 000000BE
/* 005A4 80874DB4 861900BE */  lh      $t9, 0x00BE($s0)           ## 000000BE
/* 005A8 80874DB8 2401FFDF */  addiu   $at, $zero, 0xFFDF         ## $at = FFFFFFDF
/* 005AC 80874DBC 01215824 */  and     $t3, $t1, $at              
/* 005B0 80874DC0 A6190032 */  sh      $t9, 0x0032($s0)           ## 00000032
/* 005B4 80874DC4 C4640088 */  lwc1    $f4, 0x0088($v1)           ## 00000088
/* 005B8 80874DC8 AE090004 */  sw      $t1, 0x0004($s0)           ## 00000004
/* 005BC 80874DCC AE0B0004 */  sw      $t3, 0x0004($s0)           ## 00000004
/* 005C0 80874DD0 AE0C0188 */  sw      $t4, 0x0188($s0)           ## 00000188
/* 005C4 80874DD4 E6040088 */  swc1    $f4, 0x0088($s0)           ## 00000088
/* 005C8 80874DD8 8FBF002C */  lw      $ra, 0x002C($sp)           
/* 005CC 80874DDC 8FB00028 */  lw      $s0, 0x0028($sp)           
/* 005D0 80874DE0 03E00008 */  jr      $ra                        
/* 005D4 80874DE4 27BD0038 */  addiu   $sp, $sp, 0x0038           ## $sp = 00000000


glabel func_80874DE8
/* 005D8 80874DE8 27BDFFE0 */  addiu   $sp, $sp, 0xFFE0           ## $sp = FFFFFFE0
/* 005DC 80874DEC AFBF0014 */  sw      $ra, 0x0014($sp)           
/* 005E0 80874DF0 00803025 */  or      $a2, $a0, $zero            ## $a2 = 00000000
/* 005E4 80874DF4 8CA31CCC */  lw      $v1, 0x1CCC($a1)           ## 00001CCC
/* 005E8 80874DF8 8C6E0A70 */  lw      $t6, 0x0A70($v1)           ## 00000A70
/* 005EC 80874DFC 31CF0080 */  andi    $t7, $t6, 0x0080           ## $t7 = 00000000
/* 005F0 80874E00 15E00005 */  bne     $t7, $zero, .L80874E18     
/* 005F4 80874E04 00000000 */  nop
/* 005F8 80874E08 94780118 */  lhu     $t8, 0x0118($v1)           ## 00000118
/* 005FC 80874E0C 00A02025 */  or      $a0, $a1, $zero            ## $a0 = 00000000
/* 00600 80874E10 5B000006 */  blezl   $t8, .L80874E2C            
/* 00604 80874E14 AFA3001C */  sw      $v1, 0x001C($sp)           
.L80874E18:
/* 00608 80874E18 0C21D492 */  jal     func_80875248              
/* 0060C 80874E1C 00C02025 */  or      $a0, $a2, $zero            ## $a0 = 00000000
/* 00610 80874E20 10000039 */  beq     $zero, $zero, .L80874F08   
/* 00614 80874E24 8FBF0014 */  lw      $ra, 0x0014($sp)           
/* 00618 80874E28 AFA3001C */  sw      $v1, 0x001C($sp)           
.L80874E2C:
/* 0061C 80874E2C AFA50024 */  sw      $a1, 0x0024($sp)           
/* 00620 80874E30 0C05A433 */  jal     func_801690CC              
/* 00624 80874E34 AFA60020 */  sw      $a2, 0x0020($sp)           
/* 00628 80874E38 8FA3001C */  lw      $v1, 0x001C($sp)           
/* 0062C 80874E3C 8FA50024 */  lw      $a1, 0x0024($sp)           
/* 00630 80874E40 14400025 */  bne     $v0, $zero, .L80874ED8     
/* 00634 80874E44 8FA60020 */  lw      $a2, 0x0020($sp)           
/* 00638 80874E48 8C790A70 */  lw      $t9, 0x0A70($v1)           ## 00000A70
/* 0063C 80874E4C 33280010 */  andi    $t0, $t9, 0x0010           ## $t0 = 00000000
/* 00640 80874E50 55000022 */  bnel    $t0, $zero, .L80874EDC     
/* 00644 80874E54 C4C002C0 */  lwc1    $f0, 0x02C0($a2)           ## 000002C0
/* 00648 80874E58 80690D5C */  lb      $t1, 0x0D5C($v1)           ## 00000D5C
/* 0064C 80874E5C 3C0141F0 */  lui     $at, 0x41F0                ## $at = 41F00000
/* 00650 80874E60 0522001E */  bltzl   $t1, .L80874EDC            
/* 00654 80874E64 C4C002C0 */  lwc1    $f0, 0x02C0($a2)           ## 000002C0
/* 00658 80874E68 C4C40098 */  lwc1    $f4, 0x0098($a2)           ## 00000098
/* 0065C 80874E6C 44813000 */  mtc1    $at, $f6                   ## $f6 = 30.00
/* 00660 80874E70 3C01C0A0 */  lui     $at, 0xC0A0                ## $at = C0A00000
/* 00664 80874E74 4606203C */  c.lt.s  $f4, $f6                   
/* 00668 80874E78 00000000 */  nop
/* 0066C 80874E7C 45020017 */  bc1fl   .L80874EDC                 
/* 00670 80874E80 C4C002C0 */  lwc1    $f0, 0x02C0($a2)           ## 000002C0
/* 00674 80874E84 C4C0009C */  lwc1    $f0, 0x009C($a2)           ## 0000009C
/* 00678 80874E88 44814000 */  mtc1    $at, $f8                   ## $f8 = -5.00
/* 0067C 80874E8C 00000000 */  nop
/* 00680 80874E90 4608003C */  c.lt.s  $f0, $f8                   
/* 00684 80874E94 00000000 */  nop
/* 00688 80874E98 45020010 */  bc1fl   .L80874EDC                 
/* 0068C 80874E9C C4C002C0 */  lwc1    $f0, 0x02C0($a2)           ## 000002C0
/* 00690 80874EA0 846A055A */  lh      $t2, 0x055A($v1)           ## 0000055A
/* 00694 80874EA4 254B000A */  addiu   $t3, $t2, 0x000A           ## $t3 = 0000000A
/* 00698 80874EA8 448B5000 */  mtc1    $t3, $f10                  ## $f10 = 0.00
/* 0069C 80874EAC 00000000 */  nop
/* 006A0 80874EB0 46805420 */  cvt.s.w $f16, $f10                 
/* 006A4 80874EB4 46008487 */  neg.s   $f18, $f16                 
/* 006A8 80874EB8 4600903C */  c.lt.s  $f18, $f0                  
/* 006AC 80874EBC 00000000 */  nop
/* 006B0 80874EC0 45020006 */  bc1fl   .L80874EDC                 
/* 006B4 80874EC4 C4C002C0 */  lwc1    $f0, 0x02C0($a2)           ## 000002C0
/* 006B8 80874EC8 0C21D5AB */  jal     func_808756AC              
/* 006BC 80874ECC 00C02025 */  or      $a0, $a2, $zero            ## $a0 = 00000000
/* 006C0 80874ED0 1000000D */  beq     $zero, $zero, .L80874F08   
/* 006C4 80874ED4 8FBF0014 */  lw      $ra, 0x0014($sp)           
.L80874ED8:
/* 006C8 80874ED8 C4C002C0 */  lwc1    $f0, 0x02C0($a2)           ## 000002C0
.L80874EDC:
/* 006CC 80874EDC C4C40028 */  lwc1    $f4, 0x0028($a2)           ## 00000028
/* 006D0 80874EE0 00C02025 */  or      $a0, $a2, $zero            ## $a0 = 00000000
/* 006D4 80874EE4 4600203E */  c.le.s  $f4, $f0                   
/* 006D8 80874EE8 00000000 */  nop
/* 006DC 80874EEC 45020006 */  bc1fl   .L80874F08                 
/* 006E0 80874EF0 8FBF0014 */  lw      $ra, 0x0014($sp)           
/* 006E4 80874EF4 44803000 */  mtc1    $zero, $f6                 ## $f6 = 0.00
/* 006E8 80874EF8 E4C00028 */  swc1    $f0, 0x0028($a2)           ## 00000028
/* 006EC 80874EFC 0C21D3C5 */  jal     func_80874F14              
/* 006F0 80874F00 E4C60068 */  swc1    $f6, 0x0068($a2)           ## 00000068
/* 006F4 80874F04 8FBF0014 */  lw      $ra, 0x0014($sp)           
.L80874F08:
/* 006F8 80874F08 27BD0020 */  addiu   $sp, $sp, 0x0020           ## $sp = 00000000
/* 006FC 80874F0C 03E00008 */  jr      $ra                        
/* 00700 80874F10 00000000 */  nop


glabel func_80874F14
/* 00704 80874F14 27BDFFC8 */  addiu   $sp, $sp, 0xFFC8           ## $sp = FFFFFFC8
/* 00708 80874F18 AFB00030 */  sw      $s0, 0x0030($sp)           
/* 0070C 80874F1C 00808025 */  or      $s0, $a0, $zero            ## $s0 = 00000000
/* 00710 80874F20 AFBF0034 */  sw      $ra, 0x0034($sp)           
/* 00714 80874F24 AFA5003C */  sw      $a1, 0x003C($sp)           
/* 00718 80874F28 3C040600 */  lui     $a0, 0x0600                ## $a0 = 06000000
/* 0071C 80874F2C 0C04D1D2 */  jal     func_80134748              
/* 00720 80874F30 248419CC */  addiu   $a0, $a0, 0x19CC           ## $a0 = 060019CC
/* 00724 80874F34 44822000 */  mtc1    $v0, $f4                   ## $f4 = 0.00
/* 00728 80874F38 3C01C040 */  lui     $at, 0xC040                ## $at = C0400000
/* 0072C 80874F3C 44814000 */  mtc1    $at, $f8                   ## $f8 = -3.00
/* 00730 80874F40 468021A0 */  cvt.s.w $f6, $f4                   
/* 00734 80874F44 3C050600 */  lui     $a1, 0x0600                ## $a1 = 06000000
/* 00738 80874F48 240E0002 */  addiu   $t6, $zero, 0x0002         ## $t6 = 00000002
/* 0073C 80874F4C AFAE0014 */  sw      $t6, 0x0014($sp)           
/* 00740 80874F50 24A519CC */  addiu   $a1, $a1, 0x19CC           ## $a1 = 060019CC
/* 00744 80874F54 26040144 */  addiu   $a0, $s0, 0x0144           ## $a0 = 00000144
/* 00748 80874F58 E7A60010 */  swc1    $f6, 0x0010($sp)           
/* 0074C 80874F5C 3C063F80 */  lui     $a2, 0x3F80                ## $a2 = 3F800000
/* 00750 80874F60 3C074224 */  lui     $a3, 0x4224                ## $a3 = 42240000
/* 00754 80874F64 0C04DCFA */  jal     func_801373E8              
/* 00758 80874F68 E7A80018 */  swc1    $f8, 0x0018($sp)           
/* 0075C 80874F6C 3C0141A0 */  lui     $at, 0x41A0                ## $at = 41A00000
/* 00760 80874F70 44815000 */  mtc1    $at, $f10                  ## $f10 = 20.00
/* 00764 80874F74 240F0006 */  addiu   $t7, $zero, 0x0006         ## $t7 = 00000006
/* 00768 80874F78 2418012C */  addiu   $t8, $zero, 0x012C         ## $t8 = 0000012C
/* 0076C 80874F7C 24190064 */  addiu   $t9, $zero, 0x0064         ## $t9 = 00000064
/* 00770 80874F80 24080001 */  addiu   $t0, $zero, 0x0001         ## $t0 = 00000001
/* 00774 80874F84 AFA80020 */  sw      $t0, 0x0020($sp)           
/* 00778 80874F88 AFB9001C */  sw      $t9, 0x001C($sp)           
/* 0077C 80874F8C AFB80018 */  sw      $t8, 0x0018($sp)           
/* 00780 80874F90 AFAF0010 */  sw      $t7, 0x0010($sp)           
/* 00784 80874F94 8FA4003C */  lw      $a0, 0x003C($sp)           
/* 00788 80874F98 02002825 */  or      $a1, $s0, $zero            ## $a1 = 00000000
/* 0078C 80874F9C 26060024 */  addiu   $a2, $s0, 0x0024           ## $a2 = 00000024
/* 00790 80874FA0 3C074170 */  lui     $a3, 0x4170                ## $a3 = 41700000
/* 00794 80874FA4 0C02EF6B */  jal     func_800BBDAC              
/* 00798 80874FA8 E7AA0014 */  swc1    $f10, 0x0014($sp)          
/* 0079C 80874FAC 02002025 */  or      $a0, $s0, $zero            ## $a0 = 00000000
/* 007A0 80874FB0 0C02E3B2 */  jal     func_800B8EC8              
/* 007A4 80874FB4 24053893 */  addiu   $a1, $zero, 0x3893         ## $a1 = 00003893
/* 007A8 80874FB8 3C098087 */  lui     $t1, %hi(func_80874FD8)    ## $t1 = 80870000
/* 007AC 80874FBC 25294FD8 */  addiu   $t1, $t1, %lo(func_80874FD8) ## $t1 = 80874FD8
/* 007B0 80874FC0 AE090188 */  sw      $t1, 0x0188($s0)           ## 00000188
/* 007B4 80874FC4 8FBF0034 */  lw      $ra, 0x0034($sp)           
/* 007B8 80874FC8 8FB00030 */  lw      $s0, 0x0030($sp)           
/* 007BC 80874FCC 27BD0038 */  addiu   $sp, $sp, 0x0038           ## $sp = 00000000
/* 007C0 80874FD0 03E00008 */  jr      $ra                        
/* 007C4 80874FD4 00000000 */  nop


glabel func_80874FD8
/* 007C8 80874FD8 27BDFFE8 */  addiu   $sp, $sp, 0xFFE8           ## $sp = FFFFFFE8
/* 007CC 80874FDC AFBF0014 */  sw      $ra, 0x0014($sp)           
/* 007D0 80874FE0 AFA40018 */  sw      $a0, 0x0018($sp)           
/* 007D4 80874FE4 AFA5001C */  sw      $a1, 0x001C($sp)           
/* 007D8 80874FE8 8FA40018 */  lw      $a0, 0x0018($sp)           
/* 007DC 80874FEC 0C04DB34 */  jal     func_80136CD0              
/* 007E0 80874FF0 24840144 */  addiu   $a0, $a0, 0x0144           ## $a0 = 00000144
/* 007E4 80874FF4 50400004 */  beql    $v0, $zero, .L80875008     
/* 007E8 80874FF8 8FBF0014 */  lw      $ra, 0x0014($sp)           
/* 007EC 80874FFC 0C21D405 */  jal     func_80875014              
/* 007F0 80875000 8FA40018 */  lw      $a0, 0x0018($sp)           
/* 007F4 80875004 8FBF0014 */  lw      $ra, 0x0014($sp)           
.L80875008:
/* 007F8 80875008 27BD0018 */  addiu   $sp, $sp, 0x0018           ## $sp = 00000000
/* 007FC 8087500C 03E00008 */  jr      $ra                        
/* 00800 80875010 00000000 */  nop


glabel func_80875014
/* 00804 80875014 27BDFFE8 */  addiu   $sp, $sp, 0xFFE8           ## $sp = FFFFFFE8
/* 00808 80875018 AFBF0014 */  sw      $ra, 0x0014($sp)           
/* 0080C 8087501C AFA40018 */  sw      $a0, 0x0018($sp)           
/* 00810 80875020 8FA40018 */  lw      $a0, 0x0018($sp)           
/* 00814 80875024 3C050601 */  lui     $a1, 0x0601                ## $a1 = 06010000
/* 00818 80875028 24A5A054 */  addiu   $a1, $a1, 0xA054           ## $a1 = 0600A054
/* 0081C 8087502C 0C04DD0C */  jal     func_80137430              
/* 00820 80875030 24840144 */  addiu   $a0, $a0, 0x0144           ## $a0 = 00000144
/* 00824 80875034 8FAF0018 */  lw      $t7, 0x0018($sp)           
/* 00828 80875038 3C0E8087 */  lui     $t6, %hi(func_80875054)    ## $t6 = 80870000
/* 0082C 8087503C 25CE5054 */  addiu   $t6, $t6, %lo(func_80875054) ## $t6 = 80875054
/* 00830 80875040 ADEE0188 */  sw      $t6, 0x0188($t7)           ## 00000188
/* 00834 80875044 8FBF0014 */  lw      $ra, 0x0014($sp)           
/* 00838 80875048 27BD0018 */  addiu   $sp, $sp, 0x0018           ## $sp = 00000000
/* 0083C 8087504C 03E00008 */  jr      $ra                        
/* 00840 80875050 00000000 */  nop


glabel func_80875054
/* 00844 80875054 27BDFFE0 */  addiu   $sp, $sp, 0xFFE0           ## $sp = FFFFFFE0
/* 00848 80875058 AFB00018 */  sw      $s0, 0x0018($sp)           
/* 0084C 8087505C 00808025 */  or      $s0, $a0, $zero            ## $s0 = 00000000
/* 00850 80875060 AFBF001C */  sw      $ra, 0x001C($sp)           
/* 00854 80875064 AFA50024 */  sw      $a1, 0x0024($sp)           
/* 00858 80875068 0C04DB34 */  jal     func_80136CD0              
/* 0085C 8087506C 26040144 */  addiu   $a0, $s0, 0x0144           ## $a0 = 00000144
/* 00860 80875070 50400004 */  beql    $v0, $zero, .L80875084     
/* 00864 80875074 86050092 */  lh      $a1, 0x0092($s0)           ## 00000092
/* 00868 80875078 0C21D42E */  jal     func_808750B8              
/* 0086C 8087507C 02002025 */  or      $a0, $s0, $zero            ## $a0 = 00000000
/* 00870 80875080 86050092 */  lh      $a1, 0x0092($s0)           ## 00000092
.L80875084:
/* 00874 80875084 34018000 */  ori     $at, $zero, 0x8000         ## $at = 00008000
/* 00878 80875088 260400BE */  addiu   $a0, $s0, 0x00BE           ## $a0 = 000000BE
/* 0087C 8087508C 00A12821 */  addu    $a1, $a1, $at              
/* 00880 80875090 00052C00 */  sll     $a1, $a1, 16               
/* 00884 80875094 00052C03 */  sra     $a1, $a1, 16               
/* 00888 80875098 0C03FB9C */  jal     func_800FEE70              
/* 0088C 8087509C 240600B6 */  addiu   $a2, $zero, 0x00B6         ## $a2 = 000000B6
/* 00890 808750A0 860E00BE */  lh      $t6, 0x00BE($s0)           ## 000000BE
/* 00894 808750A4 A60E0032 */  sh      $t6, 0x0032($s0)           ## 00000032
/* 00898 808750A8 8FBF001C */  lw      $ra, 0x001C($sp)           
/* 0089C 808750AC 8FB00018 */  lw      $s0, 0x0018($sp)           
/* 008A0 808750B0 03E00008 */  jr      $ra                        
/* 008A4 808750B4 27BD0020 */  addiu   $sp, $sp, 0x0020           ## $sp = 00000000


glabel func_808750B8
/* 008A8 808750B8 27BDFFE8 */  addiu   $sp, $sp, 0xFFE8           ## $sp = FFFFFFE8
/* 008AC 808750BC AFBF0014 */  sw      $ra, 0x0014($sp)           
/* 008B0 808750C0 00803825 */  or      $a3, $a0, $zero            ## $a3 = 00000000
/* 008B4 808750C4 3C050600 */  lui     $a1, 0x0600                ## $a1 = 06000000
/* 008B8 808750C8 24A541F4 */  addiu   $a1, $a1, 0x41F4           ## $a1 = 060041F4
/* 008BC 808750CC 24E40144 */  addiu   $a0, $a3, 0x0144           ## $a0 = 00000144
/* 008C0 808750D0 3C064040 */  lui     $a2, 0x4040                ## $a2 = 40400000
/* 008C4 808750D4 0C04DD39 */  jal     func_801374E4              
/* 008C8 808750D8 AFA70018 */  sw      $a3, 0x0018($sp)           
/* 008CC 808750DC 8FA70018 */  lw      $a3, 0x0018($sp)           
/* 008D0 808750E0 3C014040 */  lui     $at, 0x4040                ## $at = 40400000
/* 008D4 808750E4 44812000 */  mtc1    $at, $f4                   ## $f4 = 3.00
/* 008D8 808750E8 3C0E8087 */  lui     $t6, %hi(func_80875108)    ## $t6 = 80870000
/* 008DC 808750EC 25CE5108 */  addiu   $t6, $t6, %lo(func_80875108) ## $t6 = 80875108
/* 008E0 808750F0 ACEE0188 */  sw      $t6, 0x0188($a3)           ## 00000188
/* 008E4 808750F4 E4E40070 */  swc1    $f4, 0x0070($a3)           ## 00000070
/* 008E8 808750F8 8FBF0014 */  lw      $ra, 0x0014($sp)           
/* 008EC 808750FC 27BD0018 */  addiu   $sp, $sp, 0x0018           ## $sp = 00000000
/* 008F0 80875100 03E00008 */  jr      $ra                        
/* 008F4 80875104 00000000 */  nop


glabel func_80875108
/* 008F8 80875108 27BDFFE0 */  addiu   $sp, $sp, 0xFFE0           ## $sp = FFFFFFE0
/* 008FC 8087510C AFB10018 */  sw      $s1, 0x0018($sp)           
/* 00900 80875110 00808825 */  or      $s1, $a0, $zero            ## $s1 = 00000000
/* 00904 80875114 AFBF001C */  sw      $ra, 0x001C($sp)           
/* 00908 80875118 AFB00014 */  sw      $s0, 0x0014($sp)           
/* 0090C 8087511C AFA50024 */  sw      $a1, 0x0024($sp)           
/* 00910 80875120 26300144 */  addiu   $s0, $s1, 0x0144           ## $s0 = 00000144
/* 00914 80875124 0C04DB34 */  jal     func_80136CD0              
/* 00918 80875128 02002025 */  or      $a0, $s0, $zero            ## $a0 = 00000144
/* 0091C 8087512C 50400004 */  beql    $v0, $zero, .L80875140     
/* 00920 80875130 86250092 */  lh      $a1, 0x0092($s1)           ## 00000092
/* 00924 80875134 0C21D471 */  jal     func_808751C4              
/* 00928 80875138 02202025 */  or      $a0, $s1, $zero            ## $a0 = 00000000
/* 0092C 8087513C 86250092 */  lh      $a1, 0x0092($s1)           ## 00000092
.L80875140:
/* 00930 80875140 34018000 */  ori     $at, $zero, 0x8000         ## $at = 00008000
/* 00934 80875144 262400BE */  addiu   $a0, $s1, 0x00BE           ## $a0 = 000000BE
/* 00938 80875148 00A12821 */  addu    $a1, $a1, $at              
/* 0093C 8087514C 00052C00 */  sll     $a1, $a1, 16               
/* 00940 80875150 00052C03 */  sra     $a1, $a1, 16               
/* 00944 80875154 0C03FB9C */  jal     func_800FEE70              
/* 00948 80875158 240600B6 */  addiu   $a2, $zero, 0x00B6         ## $a2 = 000000B6
/* 0094C 8087515C 862E00BE */  lh      $t6, 0x00BE($s1)           ## 000000BE
/* 00950 80875160 02002025 */  or      $a0, $s0, $zero            ## $a0 = 00000144
/* 00954 80875164 24050000 */  addiu   $a1, $zero, 0x0000         ## $a1 = 00000000
/* 00958 80875168 0C04DE2E */  jal     func_801378B8              
/* 0095C 8087516C A62E0032 */  sh      $t6, 0x0032($s1)           ## 00000032
/* 00960 80875170 1440000C */  bne     $v0, $zero, .L808751A4     
/* 00964 80875174 02002025 */  or      $a0, $s0, $zero            ## $a0 = 00000144
/* 00968 80875178 0C04DE2E */  jal     func_801378B8              
/* 0096C 8087517C 3C054140 */  lui     $a1, 0x4140                ## $a1 = 41400000
/* 00970 80875180 14400008 */  bne     $v0, $zero, .L808751A4     
/* 00974 80875184 02002025 */  or      $a0, $s0, $zero            ## $a0 = 00000144
/* 00978 80875188 0C04DE2E */  jal     func_801378B8              
/* 0097C 8087518C 3C0541C0 */  lui     $a1, 0x41C0                ## $a1 = 41C00000
/* 00980 80875190 14400004 */  bne     $v0, $zero, .L808751A4     
/* 00984 80875194 02002025 */  or      $a0, $s0, $zero            ## $a0 = 00000144
/* 00988 80875198 0C04DE2E */  jal     func_801378B8              
/* 0098C 8087519C 3C054210 */  lui     $a1, 0x4210                ## $a1 = 42100000
/* 00990 808751A0 10400003 */  beq     $v0, $zero, .L808751B0     
.L808751A4:
/* 00994 808751A4 02202025 */  or      $a0, $s1, $zero            ## $a0 = 00000000
/* 00998 808751A8 0C02E3B2 */  jal     func_800B8EC8              
/* 0099C 808751AC 24053894 */  addiu   $a1, $zero, 0x3894         ## $a1 = 00003894
.L808751B0:
/* 009A0 808751B0 8FBF001C */  lw      $ra, 0x001C($sp)           
/* 009A4 808751B4 8FB00014 */  lw      $s0, 0x0014($sp)           
/* 009A8 808751B8 8FB10018 */  lw      $s1, 0x0018($sp)           
/* 009AC 808751BC 03E00008 */  jr      $ra                        
/* 009B0 808751C0 27BD0020 */  addiu   $sp, $sp, 0x0020           ## $sp = 00000000


glabel func_808751C4
/* 009B4 808751C4 27BDFFE8 */  addiu   $sp, $sp, 0xFFE8           ## $sp = FFFFFFE8
/* 009B8 808751C8 AFBF0014 */  sw      $ra, 0x0014($sp)           
/* 009BC 808751CC 00803025 */  or      $a2, $a0, $zero            ## $a2 = 00000000
/* 009C0 808751D0 3C050601 */  lui     $a1, 0x0601                ## $a1 = 06010000
/* 009C4 808751D4 24A59244 */  addiu   $a1, $a1, 0x9244           ## $a1 = 06009244
/* 009C8 808751D8 24C40144 */  addiu   $a0, $a2, 0x0144           ## $a0 = 00000144
/* 009CC 808751DC 0C04DD0C */  jal     func_80137430              
/* 009D0 808751E0 AFA60018 */  sw      $a2, 0x0018($sp)           
/* 009D4 808751E4 8FA60018 */  lw      $a2, 0x0018($sp)           
/* 009D8 808751E8 44802000 */  mtc1    $zero, $f4                 ## $f4 = 0.00
/* 009DC 808751EC 3C0E8087 */  lui     $t6, %hi(func_8087520C)    ## $t6 = 80870000
/* 009E0 808751F0 25CE520C */  addiu   $t6, $t6, %lo(func_8087520C) ## $t6 = 8087520C
/* 009E4 808751F4 ACCE0188 */  sw      $t6, 0x0188($a2)           ## 00000188
/* 009E8 808751F8 E4C40070 */  swc1    $f4, 0x0070($a2)           ## 00000070
/* 009EC 808751FC 8FBF0014 */  lw      $ra, 0x0014($sp)           
/* 009F0 80875200 27BD0018 */  addiu   $sp, $sp, 0x0018           ## $sp = 00000000
/* 009F4 80875204 03E00008 */  jr      $ra                        
/* 009F8 80875208 00000000 */  nop


glabel func_8087520C
/* 009FC 8087520C 27BDFFE8 */  addiu   $sp, $sp, 0xFFE8           ## $sp = FFFFFFE8
/* 00A00 80875210 AFBF0014 */  sw      $ra, 0x0014($sp)           
/* 00A04 80875214 AFA40018 */  sw      $a0, 0x0018($sp)           
/* 00A08 80875218 AFA5001C */  sw      $a1, 0x001C($sp)           
/* 00A0C 8087521C 8FA40018 */  lw      $a0, 0x0018($sp)           
/* 00A10 80875220 0C04DB34 */  jal     func_80136CD0              
/* 00A14 80875224 24840144 */  addiu   $a0, $a0, 0x0144           ## $a0 = 00000144
/* 00A18 80875228 50400004 */  beql    $v0, $zero, .L8087523C     
/* 00A1C 8087522C 8FBF0014 */  lw      $ra, 0x0014($sp)           
/* 00A20 80875230 0C21D492 */  jal     func_80875248              
/* 00A24 80875234 8FA40018 */  lw      $a0, 0x0018($sp)           
/* 00A28 80875238 8FBF0014 */  lw      $ra, 0x0014($sp)           
.L8087523C:
/* 00A2C 8087523C 27BD0018 */  addiu   $sp, $sp, 0x0018           ## $sp = 00000000
/* 00A30 80875240 03E00008 */  jr      $ra                        
/* 00A34 80875244 00000000 */  nop


glabel func_80875248
/* 00A38 80875248 27BDFFD8 */  addiu   $sp, $sp, 0xFFD8           ## $sp = FFFFFFD8
/* 00A3C 8087524C AFBF0024 */  sw      $ra, 0x0024($sp)           
/* 00A40 80875250 00802825 */  or      $a1, $a0, $zero            ## $a1 = 00000000
/* 00A44 80875254 44802000 */  mtc1    $zero, $f4                 ## $f4 = 0.00
/* 00A48 80875258 A4A0018E */  sh      $zero, 0x018E($a1)         ## 0000018E
/* 00A4C 8087525C 3C040600 */  lui     $a0, 0x0600                ## $a0 = 06000000
/* 00A50 80875260 E4A40070 */  swc1    $f4, 0x0070($a1)           ## 00000070
/* 00A54 80875264 AFA50028 */  sw      $a1, 0x0028($sp)           
/* 00A58 80875268 0C04D1D2 */  jal     func_80134748              
/* 00A5C 8087526C 248419CC */  addiu   $a0, $a0, 0x19CC           ## $a0 = 060019CC
/* 00A60 80875270 44823000 */  mtc1    $v0, $f6                   ## $f6 = 0.00
/* 00A64 80875274 3C01C040 */  lui     $at, 0xC040                ## $at = C0400000
/* 00A68 80875278 44815000 */  mtc1    $at, $f10                  ## $f10 = -3.00
/* 00A6C 8087527C 46803220 */  cvt.s.w $f8, $f6                   
/* 00A70 80875280 8FA40028 */  lw      $a0, 0x0028($sp)           
/* 00A74 80875284 3C050600 */  lui     $a1, 0x0600                ## $a1 = 06000000
/* 00A78 80875288 240E0002 */  addiu   $t6, $zero, 0x0002         ## $t6 = 00000002
/* 00A7C 8087528C AFAE0014 */  sw      $t6, 0x0014($sp)           
/* 00A80 80875290 24A519CC */  addiu   $a1, $a1, 0x19CC           ## $a1 = 060019CC
/* 00A84 80875294 E7A80010 */  swc1    $f8, 0x0010($sp)           
/* 00A88 80875298 3C064040 */  lui     $a2, 0x4040                ## $a2 = 40400000
/* 00A8C 8087529C 24070000 */  addiu   $a3, $zero, 0x0000         ## $a3 = 00000000
/* 00A90 808752A0 E7AA0018 */  swc1    $f10, 0x0018($sp)          
/* 00A94 808752A4 0C04DCFA */  jal     func_801373E8              
/* 00A98 808752A8 24840144 */  addiu   $a0, $a0, 0x0144           ## $a0 = 00000144
/* 00A9C 808752AC 8FB80028 */  lw      $t8, 0x0028($sp)           
/* 00AA0 808752B0 3C0F8087 */  lui     $t7, %hi(func_808752CC)    ## $t7 = 80870000
/* 00AA4 808752B4 25EF52CC */  addiu   $t7, $t7, %lo(func_808752CC) ## $t7 = 808752CC
/* 00AA8 808752B8 AF0F0188 */  sw      $t7, 0x0188($t8)           ## 00000188
/* 00AAC 808752BC 8FBF0024 */  lw      $ra, 0x0024($sp)           
/* 00AB0 808752C0 27BD0028 */  addiu   $sp, $sp, 0x0028           ## $sp = 00000000
/* 00AB4 808752C4 03E00008 */  jr      $ra                        
/* 00AB8 808752C8 00000000 */  nop


glabel func_808752CC
/* 00ABC 808752CC 27BDFFD8 */  addiu   $sp, $sp, 0xFFD8           ## $sp = FFFFFFD8
/* 00AC0 808752D0 AFB00018 */  sw      $s0, 0x0018($sp)           
/* 00AC4 808752D4 00808025 */  or      $s0, $a0, $zero            ## $s0 = 00000000
/* 00AC8 808752D8 AFBF001C */  sw      $ra, 0x001C($sp)           
/* 00ACC 808752DC AFA5002C */  sw      $a1, 0x002C($sp)           
/* 00AD0 808752E0 8FAE002C */  lw      $t6, 0x002C($sp)           
/* 00AD4 808752E4 26040144 */  addiu   $a0, $s0, 0x0144           ## $a0 = 00000144
/* 00AD8 808752E8 8DCF1CCC */  lw      $t7, 0x1CCC($t6)           ## 00001CCC
/* 00ADC 808752EC AFA40020 */  sw      $a0, 0x0020($sp)           
/* 00AE0 808752F0 0C04DB34 */  jal     func_80136CD0              
/* 00AE4 808752F4 AFAF0024 */  sw      $t7, 0x0024($sp)           
/* 00AE8 808752F8 3C0141A0 */  lui     $at, 0x41A0                ## $at = 41A00000
/* 00AEC 808752FC 44810000 */  mtc1    $at, $f0                   ## $f0 = 20.00
/* 00AF0 80875300 C604015C */  lwc1    $f4, 0x015C($s0)           ## 0000015C
/* 00AF4 80875304 8FA40020 */  lw      $a0, 0x0020($sp)           
/* 00AF8 80875308 44050000 */  mfc1    $a1, $f0                   
/* 00AFC 8087530C 4604003C */  c.lt.s  $f0, $f4                   
/* 00B00 80875310 3C0141F0 */  lui     $at, 0x41F0                ## $at = 41F00000
/* 00B04 80875314 4500000C */  bc1f    .L80875348                 
/* 00B08 80875318 00000000 */  nop
/* 00B0C 8087531C C6060028 */  lwc1    $f6, 0x0028($s0)           ## 00000028
/* 00B10 80875320 44814000 */  mtc1    $at, $f8                   ## $f8 = 30.00
/* 00B14 80875324 8618018E */  lh      $t8, 0x018E($s0)           ## 0000018E
/* 00B18 80875328 8E080004 */  lw      $t0, 0x0004($s0)           ## 00000004
/* 00B1C 8087532C 46083280 */  add.s   $f10, $f6, $f8             
/* 00B20 80875330 2401DFFF */  addiu   $at, $zero, 0xDFFF         ## $at = FFFFDFFF
/* 00B24 80875334 27190009 */  addiu   $t9, $t8, 0x0009           ## $t9 = 00000009
/* 00B28 80875338 01014824 */  and     $t1, $t0, $at              
/* 00B2C 8087533C E60A0028 */  swc1    $f10, 0x0028($s0)          ## 00000028
/* 00B30 80875340 A619018E */  sh      $t9, 0x018E($s0)           ## 0000018E
/* 00B34 80875344 AE090004 */  sw      $t1, 0x0004($s0)           ## 00000004
.L80875348:
/* 00B38 80875348 0C04DE2E */  jal     func_801378B8              
/* 00B3C 8087534C 00000000 */  nop
/* 00B40 80875350 10400003 */  beq     $v0, $zero, .L80875360     
/* 00B44 80875354 02002025 */  or      $a0, $s0, $zero            ## $a0 = 00000000
/* 00B48 80875358 0C02E3B2 */  jal     func_800B8EC8              
/* 00B4C 8087535C 24053891 */  addiu   $a1, $zero, 0x3891         ## $a1 = 00003891
.L80875360:
/* 00B50 80875360 3C01C461 */  lui     $at, 0xC461                ## $at = C4610000
/* 00B54 80875364 44819000 */  mtc1    $at, $f18                  ## $f18 = -900.00
/* 00B58 80875368 C610009C */  lwc1    $f16, 0x009C($s0)          ## 0000009C
/* 00B5C 8087536C 4612803C */  c.lt.s  $f16, $f18                 
/* 00B60 80875370 00000000 */  nop
/* 00B64 80875374 4502001A */  bc1fl   .L808753E0                 
/* 00B68 80875378 8FBF001C */  lw      $ra, 0x001C($sp)           
/* 00B6C 8087537C 8602001C */  lh      $v0, 0x001C($s0)           ## 0000001C
/* 00B70 80875380 24010002 */  addiu   $at, $zero, 0x0002         ## $at = 00000002
/* 00B74 80875384 14410005 */  bne     $v0, $at, .L8087539C       
/* 00B78 80875388 00000000 */  nop
/* 00B7C 8087538C 0C02D9C3 */  jal     func_800B670C              
/* 00B80 80875390 02002025 */  or      $a0, $s0, $zero            ## $a0 = 00000000
/* 00B84 80875394 10000012 */  beq     $zero, $zero, .L808753E0   
/* 00B88 80875398 8FBF001C */  lw      $ra, 0x001C($sp)           
.L8087539C:
/* 00B8C 8087539C 10400008 */  beq     $v0, $zero, .L808753C0     
/* 00B90 808753A0 8FA50024 */  lw      $a1, 0x0024($sp)           
/* 00B94 808753A4 26040008 */  addiu   $a0, $s0, 0x0008           ## $a0 = 00000008
/* 00B98 808753A8 0C03FE4B */  jal     func_800FF92C              
/* 00B9C 808753AC 24A50024 */  addiu   $a1, $a1, 0x0024           ## $a1 = 00000024
/* 00BA0 808753B0 C60402C4 */  lwc1    $f4, 0x02C4($s0)           ## 000002C4
/* 00BA4 808753B4 4604003C */  c.lt.s  $f0, $f4                   
/* 00BA8 808753B8 00000000 */  nop
/* 00BAC 808753BC 45000005 */  bc1f    .L808753D4                 
.L808753C0:
/* 00BB0 808753C0 02002025 */  or      $a0, $s0, $zero            ## $a0 = 00000000
/* 00BB4 808753C4 0C21D2E2 */  jal     func_80874B88              
/* 00BB8 808753C8 8FA5002C */  lw      $a1, 0x002C($sp)           
/* 00BBC 808753CC 10000004 */  beq     $zero, $zero, .L808753E0   
/* 00BC0 808753D0 8FBF001C */  lw      $ra, 0x001C($sp)           
.L808753D4:
/* 00BC4 808753D4 0C21D632 */  jal     func_808758C8              
/* 00BC8 808753D8 02002025 */  or      $a0, $s0, $zero            ## $a0 = 00000000
/* 00BCC 808753DC 8FBF001C */  lw      $ra, 0x001C($sp)           
.L808753E0:
/* 00BD0 808753E0 8FB00018 */  lw      $s0, 0x0018($sp)           
/* 00BD4 808753E4 27BD0028 */  addiu   $sp, $sp, 0x0028           ## $sp = 00000000
/* 00BD8 808753E8 03E00008 */  jr      $ra                        
/* 00BDC 808753EC 00000000 */  nop


glabel func_808753F0
/* 00BE0 808753F0 27BDFFD8 */  addiu   $sp, $sp, 0xFFD8           ## $sp = FFFFFFD8
/* 00BE4 808753F4 AFB00020 */  sw      $s0, 0x0020($sp)           
/* 00BE8 808753F8 00808025 */  or      $s0, $a0, $zero            ## $s0 = 00000000
/* 00BEC 808753FC AFBF0024 */  sw      $ra, 0x0024($sp)           
/* 00BF0 80875400 AFA5002C */  sw      $a1, 0x002C($sp)           
/* 00BF4 80875404 3C050600 */  lui     $a1, 0x0600                ## $a1 = 06000000
/* 00BF8 80875408 24A50590 */  addiu   $a1, $a1, 0x0590           ## $a1 = 06000590
/* 00BFC 8087540C 26040144 */  addiu   $a0, $s0, 0x0144           ## $a0 = 00000144
/* 00C00 80875410 0C04DD22 */  jal     func_80137488              
/* 00C04 80875414 3C06C040 */  lui     $a2, 0xC040                ## $a2 = C0400000
/* 00C08 80875418 8FAE002C */  lw      $t6, 0x002C($sp)           
/* 00C0C 8087541C 02002025 */  or      $a0, $s0, $zero            ## $a0 = 00000000
/* 00C10 80875420 51C00004 */  beql    $t6, $zero, .L80875434     
/* 00C14 80875424 240F0014 */  addiu   $t7, $zero, 0x0014         ## $t7 = 00000014
/* 00C18 80875428 0C02F941 */  jal     func_800BE504              
/* 00C1C 8087542C 26050358 */  addiu   $a1, $s0, 0x0358           ## $a1 = 00000358
/* 00C20 80875430 240F0014 */  addiu   $t7, $zero, 0x0014         ## $t7 = 00000014
.L80875434:
/* 00C24 80875434 AFAF0010 */  sw      $t7, 0x0010($sp)           
/* 00C28 80875438 02002025 */  or      $a0, $s0, $zero            ## $a0 = 00000000
/* 00C2C 8087543C 24054000 */  addiu   $a1, $zero, 0x4000         ## $a1 = 00004000
/* 00C30 80875440 240600FF */  addiu   $a2, $zero, 0x00FF         ## $a2 = 000000FF
/* 00C34 80875444 0C02F2DC */  jal     func_800BCB70              
/* 00C38 80875448 00003825 */  or      $a3, $zero, $zero          ## $a3 = 00000000
/* 00C3C 8087544C 3C0140A0 */  lui     $at, 0x40A0                ## $at = 40A00000
/* 00C40 80875450 44812000 */  mtc1    $at, $f4                   ## $f4 = 5.00
/* 00C44 80875454 3C014120 */  lui     $at, 0x4120                ## $at = 41200000
/* 00C48 80875458 44813000 */  mtc1    $at, $f6                   ## $f6 = 10.00
/* 00C4C 8087545C 3C188087 */  lui     $t8, %hi(func_80875484)    ## $t8 = 80870000
/* 00C50 80875460 27185484 */  addiu   $t8, $t8, %lo(func_80875484) ## $t8 = 80875484
/* 00C54 80875464 AE180188 */  sw      $t8, 0x0188($s0)           ## 00000188
/* 00C58 80875468 E6040070 */  swc1    $f4, 0x0070($s0)           ## 00000070
/* 00C5C 8087546C E6060068 */  swc1    $f6, 0x0068($s0)           ## 00000068
/* 00C60 80875470 8FBF0024 */  lw      $ra, 0x0024($sp)           
/* 00C64 80875474 8FB00020 */  lw      $s0, 0x0020($sp)           
/* 00C68 80875478 27BD0028 */  addiu   $sp, $sp, 0x0028           ## $sp = 00000000
/* 00C6C 8087547C 03E00008 */  jr      $ra                        
/* 00C70 80875480 00000000 */  nop


glabel func_80875484
/* 00C74 80875484 27BDFFD8 */  addiu   $sp, $sp, 0xFFD8           ## $sp = FFFFFFD8
/* 00C78 80875488 AFB00018 */  sw      $s0, 0x0018($sp)           
/* 00C7C 8087548C 00808025 */  or      $s0, $a0, $zero            ## $s0 = 00000000
/* 00C80 80875490 AFBF001C */  sw      $ra, 0x001C($sp)           
/* 00C84 80875494 AFA5002C */  sw      $a1, 0x002C($sp)           
/* 00C88 80875498 26040144 */  addiu   $a0, $s0, 0x0144           ## $a0 = 00000144
/* 00C8C 8087549C 0C04DB34 */  jal     func_80136CD0              
/* 00C90 808754A0 AFA40024 */  sw      $a0, 0x0024($sp)           
/* 00C94 808754A4 5040000C */  beql    $v0, $zero, .L808754D8     
/* 00C98 808754A8 8FA40024 */  lw      $a0, 0x0024($sp)           
/* 00C9C 808754AC 920E00B7 */  lbu     $t6, 0x00B7($s0)           ## 000000B7
/* 00CA0 808754B0 02002025 */  or      $a0, $s0, $zero            ## $a0 = 00000000
/* 00CA4 808754B4 15C00005 */  bne     $t6, $zero, .L808754CC     
/* 00CA8 808754B8 00000000 */  nop
/* 00CAC 808754BC 0C21D56A */  jal     func_808755A8              
/* 00CB0 808754C0 8FA5002C */  lw      $a1, 0x002C($sp)           
/* 00CB4 808754C4 10000004 */  beq     $zero, $zero, .L808754D8   
/* 00CB8 808754C8 8FA40024 */  lw      $a0, 0x0024($sp)           
.L808754CC:
/* 00CBC 808754CC 0C21D546 */  jal     func_80875518              
/* 00CC0 808754D0 02002025 */  or      $a0, $s0, $zero            ## $a0 = 00000000
/* 00CC4 808754D4 8FA40024 */  lw      $a0, 0x0024($sp)           
.L808754D8:
/* 00CC8 808754D8 0C04DE2E */  jal     func_801378B8              
/* 00CCC 808754DC 3C054150 */  lui     $a1, 0x4150                ## $a1 = 41500000
/* 00CD0 808754E0 10400003 */  beq     $v0, $zero, .L808754F0     
/* 00CD4 808754E4 02002025 */  or      $a0, $s0, $zero            ## $a0 = 00000000
/* 00CD8 808754E8 0C02E3B2 */  jal     func_800B8EC8              
/* 00CDC 808754EC 2405387B */  addiu   $a1, $zero, 0x387B         ## $a1 = 0000387B
.L808754F0:
/* 00CE0 808754F0 3C063E4C */  lui     $a2, 0x3E4C                ## $a2 = 3E4C0000
/* 00CE4 808754F4 34C6CCCD */  ori     $a2, $a2, 0xCCCD           ## $a2 = 3E4CCCCD
/* 00CE8 808754F8 26040070 */  addiu   $a0, $s0, 0x0070           ## $a0 = 00000070
/* 00CEC 808754FC 0C03FC0F */  jal     func_800FF03C              
/* 00CF0 80875500 24050000 */  addiu   $a1, $zero, 0x0000         ## $a1 = 00000000
/* 00CF4 80875504 8FBF001C */  lw      $ra, 0x001C($sp)           
/* 00CF8 80875508 8FB00018 */  lw      $s0, 0x0018($sp)           
/* 00CFC 8087550C 27BD0028 */  addiu   $sp, $sp, 0x0028           ## $sp = 00000000
/* 00D00 80875510 03E00008 */  jr      $ra                        
/* 00D04 80875514 00000000 */  nop


glabel func_80875518
/* 00D08 80875518 27BDFFE8 */  addiu   $sp, $sp, 0xFFE8           ## $sp = FFFFFFE8
/* 00D0C 8087551C AFBF0014 */  sw      $ra, 0x0014($sp)           
/* 00D10 80875520 00803025 */  or      $a2, $a0, $zero            ## $a2 = 00000000
/* 00D14 80875524 3C050600 */  lui     $a1, 0x0600                ## $a1 = 06000000
/* 00D18 80875528 24A50EA4 */  addiu   $a1, $a1, 0x0EA4           ## $a1 = 06000EA4
/* 00D1C 8087552C 24C40144 */  addiu   $a0, $a2, 0x0144           ## $a0 = 00000144
/* 00D20 80875530 0C04DD0C */  jal     func_80137430              
/* 00D24 80875534 AFA60018 */  sw      $a2, 0x0018($sp)           
/* 00D28 80875538 8FA60018 */  lw      $a2, 0x0018($sp)           
/* 00D2C 8087553C 44800000 */  mtc1    $zero, $f0                 ## $f0 = 0.00
/* 00D30 80875540 3C0F8087 */  lui     $t7, %hi(func_8087556C)    ## $t7 = 80870000
/* 00D34 80875544 84CE00BE */  lh      $t6, 0x00BE($a2)           ## 000000BE
/* 00D38 80875548 25EF556C */  addiu   $t7, $t7, %lo(func_8087556C) ## $t7 = 8087556C
/* 00D3C 8087554C ACCF0188 */  sw      $t7, 0x0188($a2)           ## 00000188
/* 00D40 80875550 E4C00070 */  swc1    $f0, 0x0070($a2)           ## 00000070
/* 00D44 80875554 E4C00068 */  swc1    $f0, 0x0068($a2)           ## 00000068
/* 00D48 80875558 A4CE0032 */  sh      $t6, 0x0032($a2)           ## 00000032
/* 00D4C 8087555C 8FBF0014 */  lw      $ra, 0x0014($sp)           
/* 00D50 80875560 27BD0018 */  addiu   $sp, $sp, 0x0018           ## $sp = 00000000
/* 00D54 80875564 03E00008 */  jr      $ra                        
/* 00D58 80875568 00000000 */  nop


glabel func_8087556C
/* 00D5C 8087556C 27BDFFE8 */  addiu   $sp, $sp, 0xFFE8           ## $sp = FFFFFFE8
/* 00D60 80875570 AFBF0014 */  sw      $ra, 0x0014($sp)           
/* 00D64 80875574 AFA40018 */  sw      $a0, 0x0018($sp)           
/* 00D68 80875578 AFA5001C */  sw      $a1, 0x001C($sp)           
/* 00D6C 8087557C 8FA40018 */  lw      $a0, 0x0018($sp)           
/* 00D70 80875580 0C04DB34 */  jal     func_80136CD0              
/* 00D74 80875584 24840144 */  addiu   $a0, $a0, 0x0144           ## $a0 = 00000144
/* 00D78 80875588 50400004 */  beql    $v0, $zero, .L8087559C     
/* 00D7C 8087558C 8FBF0014 */  lw      $ra, 0x0014($sp)           
/* 00D80 80875590 0C21D492 */  jal     func_80875248              
/* 00D84 80875594 8FA40018 */  lw      $a0, 0x0018($sp)           
/* 00D88 80875598 8FBF0014 */  lw      $ra, 0x0014($sp)           
.L8087559C:
/* 00D8C 8087559C 27BD0018 */  addiu   $sp, $sp, 0x0018           ## $sp = 00000000
/* 00D90 808755A0 03E00008 */  jr      $ra                        
/* 00D94 808755A4 00000000 */  nop


glabel func_808755A8
/* 00D98 808755A8 27BDFFD0 */  addiu   $sp, $sp, 0xFFD0           ## $sp = FFFFFFD0
/* 00D9C 808755AC 3C06801D */  lui     $a2, 0x801D                ## $a2 = 801D0000
/* 00DA0 808755B0 44800000 */  mtc1    $zero, $f0                 ## $f0 = 0.00
/* 00DA4 808755B4 24C615B0 */  addiu   $a2, $a2, 0x15B0           ## $a2 = 801D15B0
/* 00DA8 808755B8 AFBF0024 */  sw      $ra, 0x0024($sp)           
/* 00DAC 808755BC AFA40030 */  sw      $a0, 0x0030($sp)           
/* 00DB0 808755C0 AFA50034 */  sw      $a1, 0x0034($sp)           
/* 00DB4 808755C4 8FAE0030 */  lw      $t6, 0x0030($sp)           
/* 00DB8 808755C8 241800FA */  addiu   $t8, $zero, 0x00FA         ## $t8 = 000000FA
/* 00DBC 808755CC 2419FFF6 */  addiu   $t9, $zero, 0xFFF6         ## $t9 = FFFFFFF6
/* 00DC0 808755D0 E5C00070 */  swc1    $f0, 0x0070($t6)           ## 00000070
/* 00DC4 808755D4 8FAF0030 */  lw      $t7, 0x0030($sp)           
/* 00DC8 808755D8 24080002 */  addiu   $t0, $zero, 0x0002         ## $t0 = 00000002
/* 00DCC 808755DC 00C03825 */  or      $a3, $a2, $zero            ## $a3 = 801D15B0
/* 00DD0 808755E0 E5E00068 */  swc1    $f0, 0x0068($t7)           ## 00000068
/* 00DD4 808755E4 8FA50030 */  lw      $a1, 0x0030($sp)           
/* 00DD8 808755E8 AFA80018 */  sw      $t0, 0x0018($sp)           
/* 00DDC 808755EC AFB90014 */  sw      $t9, 0x0014($sp)           
/* 00DE0 808755F0 24A50024 */  addiu   $a1, $a1, 0x0024           ## $a1 = 00000024
/* 00DE4 808755F4 AFA5002C */  sw      $a1, 0x002C($sp)           
/* 00DE8 808755F8 AFB80010 */  sw      $t8, 0x0010($sp)           
/* 00DEC 808755FC 0C02CC0C */  jal     func_800B3030              
/* 00DF0 80875600 8FA40034 */  lw      $a0, 0x0034($sp)           
/* 00DF4 80875604 8FA5002C */  lw      $a1, 0x002C($sp)           
/* 00DF8 80875608 8FA40034 */  lw      $a0, 0x0034($sp)           
/* 00DFC 8087560C 2406000B */  addiu   $a2, $zero, 0x000B         ## $a2 = 0000000B
/* 00E00 80875610 0C03C15A */  jal     func_800F0568              
/* 00E04 80875614 24073878 */  addiu   $a3, $zero, 0x3878         ## $a3 = 00003878
/* 00E08 80875618 8FAA0030 */  lw      $t2, 0x0030($sp)           
/* 00E0C 8087561C 3C098087 */  lui     $t1, %hi(func_80875638)    ## $t1 = 80870000
/* 00E10 80875620 25295638 */  addiu   $t1, $t1, %lo(func_80875638) ## $t1 = 80875638
/* 00E14 80875624 AD490188 */  sw      $t1, 0x0188($t2)           ## 00000188
/* 00E18 80875628 8FBF0024 */  lw      $ra, 0x0024($sp)           
/* 00E1C 8087562C 27BD0030 */  addiu   $sp, $sp, 0x0030           ## $sp = 00000000
/* 00E20 80875630 03E00008 */  jr      $ra                        
/* 00E24 80875634 00000000 */  nop


glabel func_80875638
/* 00E28 80875638 27BDFFE0 */  addiu   $sp, $sp, 0xFFE0           ## $sp = FFFFFFE0
/* 00E2C 8087563C AFB00018 */  sw      $s0, 0x0018($sp)           
/* 00E30 80875640 00808025 */  or      $s0, $a0, $zero            ## $s0 = 00000000
/* 00E34 80875644 AFBF001C */  sw      $ra, 0x001C($sp)           
/* 00E38 80875648 AFA50024 */  sw      $a1, 0x0024($sp)           
/* 00E3C 8087564C 3C063AC4 */  lui     $a2, 0x3AC4                ## $a2 = 3AC40000
/* 00E40 80875650 34C69BA6 */  ori     $a2, $a2, 0x9BA6           ## $a2 = 3AC49BA6
/* 00E44 80875654 26040058 */  addiu   $a0, $s0, 0x0058           ## $a0 = 00000058
/* 00E48 80875658 0C03FC0F */  jal     func_800FF03C              
/* 00E4C 8087565C 24050000 */  addiu   $a1, $zero, 0x0000         ## $a1 = 00000000
/* 00E50 80875660 1040000B */  beq     $v0, $zero, .L80875690     
/* 00E54 80875664 02002025 */  or      $a0, $s0, $zero            ## $a0 = 00000000
/* 00E58 80875668 3C053C23 */  lui     $a1, 0x3C23                ## $a1 = 3C230000
/* 00E5C 8087566C 0C02D9F8 */  jal     func_800B67E0              
/* 00E60 80875670 34A5D70A */  ori     $a1, $a1, 0xD70A           ## $a1 = 3C23D70A
/* 00E64 80875674 8FA40024 */  lw      $a0, 0x0024($sp)           
/* 00E68 80875678 02002825 */  or      $a1, $s0, $zero            ## $a1 = 00000000
/* 00E6C 8087567C 26060024 */  addiu   $a2, $s0, 0x0024           ## $a2 = 00000024
/* 00E70 80875680 0C029F4A */  jal     func_800A7D28              
/* 00E74 80875684 24070090 */  addiu   $a3, $zero, 0x0090         ## $a3 = 00000090
/* 00E78 80875688 0C02D9C3 */  jal     func_800B670C              
/* 00E7C 8087568C 02002025 */  or      $a0, $s0, $zero            ## $a0 = 00000000
.L80875690:
/* 00E80 80875690 C6000058 */  lwc1    $f0, 0x0058($s0)           ## 00000058
/* 00E84 80875694 E6000060 */  swc1    $f0, 0x0060($s0)           ## 00000060
/* 00E88 80875698 E600005C */  swc1    $f0, 0x005C($s0)           ## 0000005C
/* 00E8C 8087569C 8FBF001C */  lw      $ra, 0x001C($sp)           
/* 00E90 808756A0 8FB00018 */  lw      $s0, 0x0018($sp)           
/* 00E94 808756A4 03E00008 */  jr      $ra                        
/* 00E98 808756A8 27BD0020 */  addiu   $sp, $sp, 0x0020           ## $sp = 00000000


glabel func_808756AC
/* 00E9C 808756AC 27BDFFE8 */  addiu   $sp, $sp, 0xFFE8           ## $sp = FFFFFFE8
/* 00EA0 808756B0 AFBF0014 */  sw      $ra, 0x0014($sp)           
/* 00EA4 808756B4 AFA5001C */  sw      $a1, 0x001C($sp)           
/* 00EA8 808756B8 00803825 */  or      $a3, $a0, $zero            ## $a3 = 00000000
/* 00EAC 808756BC 3C050601 */  lui     $a1, 0x0601                ## $a1 = 06010000
/* 00EB0 808756C0 24A59520 */  addiu   $a1, $a1, 0x9520           ## $a1 = 06009520
/* 00EB4 808756C4 24E40144 */  addiu   $a0, $a3, 0x0144           ## $a0 = 00000144
/* 00EB8 808756C8 3C06C0A0 */  lui     $a2, 0xC0A0                ## $a2 = C0A00000
/* 00EBC 808756CC 0C04DD22 */  jal     func_80137488              
/* 00EC0 808756D0 AFA70018 */  sw      $a3, 0x0018($sp)           
/* 00EC4 808756D4 8FA50018 */  lw      $a1, 0x0018($sp)           
/* 00EC8 808756D8 44800000 */  mtc1    $zero, $f0                 ## $f0 = 0.00
/* 00ECC 808756DC 3C0F8087 */  lui     $t7, %hi(func_8087571C)    ## $t7 = 80870000
/* 00ED0 808756E0 C4A4009C */  lwc1    $f4, 0x009C($a1)           ## 0000009C
/* 00ED4 808756E4 240EFFE2 */  addiu   $t6, $zero, 0xFFE2         ## $t6 = FFFFFFE2
/* 00ED8 808756E8 25EF571C */  addiu   $t7, $t7, %lo(func_8087571C) ## $t7 = 8087571C
/* 00EDC 808756EC A4AE018E */  sh      $t6, 0x018E($a1)           ## 0000018E
/* 00EE0 808756F0 ACAF0188 */  sw      $t7, 0x0188($a1)           ## 00000188
/* 00EE4 808756F4 E4A00070 */  swc1    $f0, 0x0070($a1)           ## 00000070
/* 00EE8 808756F8 E4A00068 */  swc1    $f0, 0x0068($a1)           ## 00000068
/* 00EEC 808756FC E4A402C0 */  swc1    $f4, 0x02C0($a1)           ## 000002C0
/* 00EF0 80875700 8FA4001C */  lw      $a0, 0x001C($sp)           
/* 00EF4 80875704 0C02DC93 */  jal     func_800B724C              
/* 00EF8 80875708 24060012 */  addiu   $a2, $zero, 0x0012         ## $a2 = 00000012
/* 00EFC 8087570C 8FBF0014 */  lw      $ra, 0x0014($sp)           
/* 00F00 80875710 27BD0018 */  addiu   $sp, $sp, 0x0018           ## $sp = 00000000
/* 00F04 80875714 03E00008 */  jr      $ra                        
/* 00F08 80875718 00000000 */  nop


glabel func_8087571C
/* 00F0C 8087571C 27BDFFD0 */  addiu   $sp, $sp, 0xFFD0           ## $sp = FFFFFFD0
/* 00F10 80875720 AFB00014 */  sw      $s0, 0x0014($sp)           
/* 00F14 80875724 00808025 */  or      $s0, $a0, $zero            ## $s0 = 00000000
/* 00F18 80875728 AFBF001C */  sw      $ra, 0x001C($sp)           
/* 00F1C 8087572C AFB10018 */  sw      $s1, 0x0018($sp)           
/* 00F20 80875730 AFA50034 */  sw      $a1, 0x0034($sp)           
/* 00F24 80875734 8FAE0034 */  lw      $t6, 0x0034($sp)           
/* 00F28 80875738 26040144 */  addiu   $a0, $s0, 0x0144           ## $a0 = 00000144
/* 00F2C 8087573C 3C053F80 */  lui     $a1, 0x3F80                ## $a1 = 3F800000
/* 00F30 80875740 8DD11CCC */  lw      $s1, 0x1CCC($t6)           ## 00001CCC
/* 00F34 80875744 0C04DE2E */  jal     func_801378B8              
/* 00F38 80875748 AFA40024 */  sw      $a0, 0x0024($sp)           
/* 00F3C 8087574C 1040000A */  beq     $v0, $zero, .L80875778     
/* 00F40 80875750 00000000 */  nop
/* 00F44 80875754 8E2F0A68 */  lw      $t7, 0x0A68($s1)           ## 00000A68
/* 00F48 80875758 02202025 */  or      $a0, $s1, $zero            ## $a0 = 00000000
/* 00F4C 8087575C 95E50092 */  lhu     $a1, 0x0092($t7)           ## 00000092
/* 00F50 80875760 24A56805 */  addiu   $a1, $a1, 0x6805           ## $a1 = 00006805
/* 00F54 80875764 0C02E396 */  jal     func_800B8E58              
/* 00F58 80875768 30A5FFFF */  andi    $a1, $a1, 0xFFFF           ## $a1 = 00006805
/* 00F5C 8087576C 02002025 */  or      $a0, $s0, $zero            ## $a0 = 00000000
/* 00F60 80875770 0C02E3B2 */  jal     func_800B8EC8              
/* 00F64 80875774 24053892 */  addiu   $a1, $zero, 0x3892         ## $a1 = 00003892
.L80875778:
/* 00F68 80875778 0C04DB34 */  jal     func_80136CD0              
/* 00F6C 8087577C 8FA40024 */  lw      $a0, 0x0024($sp)           
/* 00F70 80875780 10400030 */  beq     $v0, $zero, .L80875844     
/* 00F74 80875784 3C03801F */  lui     $v1, 0x801F                ## $v1 = 801F0000
/* 00F78 80875788 C6040024 */  lwc1    $f4, 0x0024($s0)           ## 00000024
/* 00F7C 8087578C 3C014120 */  lui     $at, 0x4120                ## $at = 41200000
/* 00F80 80875790 3C03801F */  lui     $v1, 0x801F                ## $v1 = 801F0000
/* 00F84 80875794 E6240024 */  swc1    $f4, 0x0024($s1)           ## 00000024
/* 00F88 80875798 C606002C */  lwc1    $f6, 0x002C($s0)           ## 0000002C
/* 00F8C 8087579C E626002C */  swc1    $f6, 0x002C($s1)           ## 0000002C
/* 00F90 808757A0 8618018E */  lh      $t8, 0x018E($s0)           ## 0000018E
/* 00F94 808757A4 07030008 */  bgezl   $t8, .L808757C8            
/* 00F98 808757A8 C6120028 */  lwc1    $f18, 0x0028($s0)          ## 00000028
/* 00F9C 808757AC 3C014000 */  lui     $at, 0x4000                ## $at = 40000000
/* 00FA0 808757B0 44815000 */  mtc1    $at, $f10                  ## $f10 = 2.00
/* 00FA4 808757B4 C6080028 */  lwc1    $f8, 0x0028($s0)           ## 00000028
/* 00FA8 808757B8 460A4400 */  add.s   $f16, $f8, $f10            
/* 00FAC 808757BC 10000006 */  beq     $zero, $zero, .L808757D8   
/* 00FB0 808757C0 E6100028 */  swc1    $f16, 0x0028($s0)          ## 00000028
/* 00FB4 808757C4 C6120028 */  lwc1    $f18, 0x0028($s0)          ## 00000028
.L808757C8:
/* 00FB8 808757C8 44812000 */  mtc1    $at, $f4                   ## $f4 = 2.00
/* 00FBC 808757CC 00000000 */  nop
/* 00FC0 808757D0 46049180 */  add.s   $f6, $f18, $f4             
/* 00FC4 808757D4 E6060028 */  swc1    $f6, 0x0028($s0)           ## 00000028
.L808757D8:
/* 00FC8 808757D8 9063F690 */  lbu     $v1, -0x0970($v1)          ## 801EF690
/* 00FCC 808757DC 3C018087 */  lui     $at, %hi(D_808763C0)       ## $at = 80870000
/* 00FD0 808757E0 C6080028 */  lwc1    $f8, 0x0028($s0)           ## 00000028
/* 00FD4 808757E4 0003C880 */  sll     $t9, $v1,  2               
/* 00FD8 808757E8 00390821 */  addu    $at, $at, $t9              
/* 00FDC 808757EC C42A63C0 */  lwc1    $f10, %lo(D_808763C0)($at) 
/* 00FE0 808757F0 2401FFE2 */  addiu   $at, $zero, 0xFFE2         ## $at = FFFFFFE2
/* 00FE4 808757F4 460A4401 */  sub.s   $f16, $f8, $f10            
/* 00FE8 808757F8 E6300028 */  swc1    $f16, 0x0028($s1)          ## 00000028
/* 00FEC 808757FC 8602018E */  lh      $v0, 0x018E($s0)           ## 0000018E
/* 00FF0 80875800 14410008 */  bne     $v0, $at, .L80875824       
/* 00FF4 80875804 00000000 */  nop
/* 00FF8 80875808 8E280A68 */  lw      $t0, 0x0A68($s1)           ## 00000A68
/* 00FFC 8087580C 02202025 */  or      $a0, $s1, $zero            ## $a0 = 00000000
/* 01000 80875810 95050092 */  lhu     $a1, 0x0092($t0)           ## 00000092
/* 01004 80875814 24A5680C */  addiu   $a1, $a1, 0x680C           ## $a1 = 0000680C
/* 01008 80875818 0C02E396 */  jal     func_800B8E58              
/* 0100C 8087581C 30A5FFFF */  andi    $a1, $a1, 0xFFFF           ## $a1 = 0000680C
/* 01010 80875820 8602018E */  lh      $v0, 0x018E($s0)           ## 0000018E
.L80875824:
/* 01014 80875824 14400004 */  bne     $v0, $zero, .L80875838     
/* 01018 80875828 02002025 */  or      $a0, $s0, $zero            ## $a0 = 00000000
/* 0101C 8087582C 0C02E3B2 */  jal     func_800B8EC8              
/* 01020 80875830 24053891 */  addiu   $a1, $zero, 0x3891         ## $a1 = 00003891
/* 01024 80875834 8602018E */  lh      $v0, 0x018E($s0)           ## 0000018E
.L80875838:
/* 01028 80875838 24490002 */  addiu   $t1, $v0, 0x0002           ## $t1 = 00000002
/* 0102C 8087583C 1000000D */  beq     $zero, $zero, .L80875874   
/* 01030 80875840 A609018E */  sh      $t1, 0x018E($s0)           ## 0000018E
.L80875844:
/* 01034 80875844 9063F690 */  lbu     $v1, -0x0970($v1)          ## FFFFF690
/* 01038 80875848 3C018087 */  lui     $at, %hi(D_808763C0)       ## $at = 80870000
/* 0103C 8087584C C6240028 */  lwc1    $f4, 0x0028($s1)           ## 00000028
/* 01040 80875850 00035080 */  sll     $t2, $v1,  2               
/* 01044 80875854 002A0821 */  addu    $at, $at, $t2              
/* 01048 80875858 C43263C0 */  lwc1    $f18, %lo(D_808763C0)($at) 
/* 0104C 8087585C 26040028 */  addiu   $a0, $s0, 0x0028           ## $a0 = 00000028
/* 01050 80875860 3C0640A0 */  lui     $a2, 0x40A0                ## $a2 = 40A00000
/* 01054 80875864 46049180 */  add.s   $f6, $f18, $f4             
/* 01058 80875868 44053000 */  mfc1    $a1, $f6                   
/* 0105C 8087586C 0C03FC0F */  jal     func_800FF03C              
/* 01060 80875870 00000000 */  nop
.L80875874:
/* 01064 80875874 26040024 */  addiu   $a0, $s0, 0x0024           ## $a0 = 00000024
/* 01068 80875878 8E250024 */  lw      $a1, 0x0024($s1)           ## 00000024
/* 0106C 8087587C 0C03FC0F */  jal     func_800FF03C              
/* 01070 80875880 3C064040 */  lui     $a2, 0x4040                ## $a2 = 40400000
/* 01074 80875884 2604002C */  addiu   $a0, $s0, 0x002C           ## $a0 = 0000002C
/* 01078 80875888 8E25002C */  lw      $a1, 0x002C($s1)           ## 0000002C
/* 0107C 8087588C 0C03FC0F */  jal     func_800FF03C              
/* 01080 80875890 3C064040 */  lui     $a2, 0x4040                ## $a2 = 40400000
/* 01084 80875894 860B018E */  lh      $t3, 0x018E($s0)           ## 0000018E
/* 01088 80875898 2401001E */  addiu   $at, $zero, 0x001E         ## $at = 0000001E
/* 0108C 8087589C 55610006 */  bnel    $t3, $at, .L808758B8       
/* 01090 808758A0 8FBF001C */  lw      $ra, 0x001C($sp)           
/* 01094 808758A4 0C067C32 */  jal     func_8019F0C8              
/* 01098 808758A8 24045801 */  addiu   $a0, $zero, 0x5801         ## $a0 = 00005801
/* 0109C 808758AC 0C05A7F7 */  jal     func_80169FDC              
/* 010A0 808758B0 8FA40034 */  lw      $a0, 0x0034($sp)           
/* 010A4 808758B4 8FBF001C */  lw      $ra, 0x001C($sp)           
.L808758B8:
/* 010A8 808758B8 8FB00014 */  lw      $s0, 0x0014($sp)           
/* 010AC 808758BC 8FB10018 */  lw      $s1, 0x0018($sp)           
/* 010B0 808758C0 03E00008 */  jr      $ra                        
/* 010B4 808758C4 27BD0030 */  addiu   $sp, $sp, 0x0030           ## $sp = 00000000


glabel func_808758C8
/* 010B8 808758C8 8C8E0004 */  lw      $t6, 0x0004($a0)           ## 00000004
/* 010BC 808758CC 8498001C */  lh      $t8, 0x001C($a0)           ## 0000001C
/* 010C0 808758D0 2401FFFE */  addiu   $at, $zero, 0xFFFE         ## $at = FFFFFFFE
/* 010C4 808758D4 01C17824 */  and     $t7, $t6, $at              
/* 010C8 808758D8 24010001 */  addiu   $at, $zero, 0x0001         ## $at = 00000001
/* 010CC 808758DC A480018E */  sh      $zero, 0x018E($a0)         ## 0000018E
/* 010D0 808758E0 AC80013C */  sw      $zero, 0x013C($a0)         ## 0000013C
/* 010D4 808758E4 17010005 */  bne     $t8, $at, .L808758FC       
/* 010D8 808758E8 AC8F0004 */  sw      $t7, 0x0004($a0)           ## 00000004
/* 010DC 808758EC 3C198087 */  lui     $t9, %hi(func_80875910)    ## $t9 = 80870000
/* 010E0 808758F0 27395910 */  addiu   $t9, $t9, %lo(func_80875910) ## $t9 = 80875910
/* 010E4 808758F4 03E00008 */  jr      $ra                        
/* 010E8 808758F8 AC990188 */  sw      $t9, 0x0188($a0)           ## 00000188
.L808758FC:
/* 010EC 808758FC 3C088087 */  lui     $t0, %hi(func_8087596C)    ## $t0 = 80870000
/* 010F0 80875900 2508596C */  addiu   $t0, $t0, %lo(func_8087596C) ## $t0 = 8087596C
/* 010F4 80875904 AC880188 */  sw      $t0, 0x0188($a0)           ## 00000188
/* 010F8 80875908 03E00008 */  jr      $ra                        
/* 010FC 8087590C 00000000 */  nop


glabel func_80875910
/* 01100 80875910 27BDFFE8 */  addiu   $sp, $sp, 0xFFE8           ## $sp = FFFFFFE8
/* 01104 80875914 AFBF0014 */  sw      $ra, 0x0014($sp)           
/* 01108 80875918 AFA5001C */  sw      $a1, 0x001C($sp)           
/* 0110C 8087591C 00803025 */  or      $a2, $a0, $zero            ## $a2 = 00000000
/* 01110 80875920 8FAE001C */  lw      $t6, 0x001C($sp)           
/* 01114 80875924 24C40008 */  addiu   $a0, $a2, 0x0008           ## $a0 = 00000008
/* 01118 80875928 8DC21CCC */  lw      $v0, 0x1CCC($t6)           ## 00001CCC
/* 0111C 8087592C AFA60018 */  sw      $a2, 0x0018($sp)           
/* 01120 80875930 0C03FE4B */  jal     func_800FF92C              
/* 01124 80875934 24450024 */  addiu   $a1, $v0, 0x0024           ## $a1 = 00000024
/* 01128 80875938 8FA60018 */  lw      $a2, 0x0018($sp)           
/* 0112C 8087593C C4C402C4 */  lwc1    $f4, 0x02C4($a2)           ## 000002C4
/* 01130 80875940 00C02025 */  or      $a0, $a2, $zero            ## $a0 = 00000000
/* 01134 80875944 4604003C */  c.lt.s  $f0, $f4                   
/* 01138 80875948 00000000 */  nop
/* 0113C 8087594C 45020004 */  bc1fl   .L80875960                 
/* 01140 80875950 8FBF0014 */  lw      $ra, 0x0014($sp)           
/* 01144 80875954 0C21D2E2 */  jal     func_80874B88              
/* 01148 80875958 8FA5001C */  lw      $a1, 0x001C($sp)           
/* 0114C 8087595C 8FBF0014 */  lw      $ra, 0x0014($sp)           
.L80875960:
/* 01150 80875960 27BD0018 */  addiu   $sp, $sp, 0x0018           ## $sp = 00000000
/* 01154 80875964 03E00008 */  jr      $ra                        
/* 01158 80875968 00000000 */  nop


glabel func_8087596C
/* 0115C 8087596C 27BDFFE8 */  addiu   $sp, $sp, 0xFFE8           ## $sp = FFFFFFE8
/* 01160 80875970 AFBF0014 */  sw      $ra, 0x0014($sp)           
/* 01164 80875974 AFA40018 */  sw      $a0, 0x0018($sp)           
/* 01168 80875978 AFA5001C */  sw      $a1, 0x001C($sp)           
/* 0116C 8087597C 8FAE0018 */  lw      $t6, 0x0018($sp)           
/* 01170 80875980 8FA4001C */  lw      $a0, 0x001C($sp)           
/* 01174 80875984 0C02D6EC */  jal     func_800B5BB0              
/* 01178 80875988 85C50190 */  lh      $a1, 0x0190($t6)           ## 00000190
/* 0117C 8087598C 10400006 */  beq     $v0, $zero, .L808759A8     
/* 01180 80875990 8FA40018 */  lw      $a0, 0x0018($sp)           
/* 01184 80875994 0C21D2E2 */  jal     func_80874B88              
/* 01188 80875998 8FA5001C */  lw      $a1, 0x001C($sp)           
/* 0118C 8087599C 8FB80018 */  lw      $t8, 0x0018($sp)           
/* 01190 808759A0 240F0051 */  addiu   $t7, $zero, 0x0051         ## $t7 = 00000051
/* 01194 808759A4 A70F018E */  sh      $t7, 0x018E($t8)           ## 0000018E
.L808759A8:
/* 01198 808759A8 8FBF0014 */  lw      $ra, 0x0014($sp)           
/* 0119C 808759AC 27BD0018 */  addiu   $sp, $sp, 0x0018           ## $sp = 00000000
/* 011A0 808759B0 03E00008 */  jr      $ra                        
/* 011A4 808759B4 00000000 */  nop


glabel func_808759B8
/* 011A8 808759B8 27BDFFE8 */  addiu   $sp, $sp, 0xFFE8           ## $sp = FFFFFFE8
/* 011AC 808759BC 44800000 */  mtc1    $zero, $f0                 ## $f0 = 0.00
/* 011B0 808759C0 AFBF0014 */  sw      $ra, 0x0014($sp)           
/* 011B4 808759C4 C4840068 */  lwc1    $f4, 0x0068($a0)           ## 00000068
/* 011B8 808759C8 E4800070 */  swc1    $f0, 0x0070($a0)           ## 00000070
/* 011BC 808759CC 24850358 */  addiu   $a1, $a0, 0x0358           ## $a1 = 00000358
/* 011C0 808759D0 4604003C */  c.lt.s  $f0, $f4                   
/* 011C4 808759D4 00000000 */  nop
/* 011C8 808759D8 45000002 */  bc1f    .L808759E4                 
/* 011CC 808759DC 00000000 */  nop
/* 011D0 808759E0 E4800068 */  swc1    $f0, 0x0068($a0)           ## 00000068
.L808759E4:
/* 011D4 808759E4 0C02F941 */  jal     func_800BE504              
/* 011D8 808759E8 AFA40018 */  sw      $a0, 0x0018($sp)           
/* 011DC 808759EC 8FA40018 */  lw      $a0, 0x0018($sp)           
/* 011E0 808759F0 3C0E8087 */  lui     $t6, %hi(func_80875A0C)    ## $t6 = 80870000
/* 011E4 808759F4 25CE5A0C */  addiu   $t6, $t6, %lo(func_80875A0C) ## $t6 = 80875A0C
/* 011E8 808759F8 AC8E0188 */  sw      $t6, 0x0188($a0)           ## 00000188
/* 011EC 808759FC 8FBF0014 */  lw      $ra, 0x0014($sp)           
/* 011F0 80875A00 27BD0018 */  addiu   $sp, $sp, 0x0018           ## $sp = 00000000
/* 011F4 80875A04 03E00008 */  jr      $ra                        
/* 011F8 80875A08 00000000 */  nop


glabel func_80875A0C
/* 011FC 80875A0C 27BDFFE8 */  addiu   $sp, $sp, 0xFFE8           ## $sp = FFFFFFE8
/* 01200 80875A10 AFBF0014 */  sw      $ra, 0x0014($sp)           
/* 01204 80875A14 8482018E */  lh      $v0, 0x018E($a0)           ## 0000018E
/* 01208 80875A18 10400003 */  beq     $v0, $zero, .L80875A28     
/* 0120C 80875A1C 244EFFFF */  addiu   $t6, $v0, 0xFFFF           ## $t6 = FFFFFFFF
/* 01210 80875A20 A48E018E */  sh      $t6, 0x018E($a0)           ## 0000018E
/* 01214 80875A24 8482018E */  lh      $v0, 0x018E($a0)           ## 0000018E
.L80875A28:
/* 01218 80875A28 5440000F */  bnel    $v0, $zero, .L80875A68     
/* 0121C 80875A2C 8FBF0014 */  lw      $ra, 0x0014($sp)           
/* 01220 80875A30 0C21D2C1 */  jal     func_80874B04              
/* 01224 80875A34 AFA40018 */  sw      $a0, 0x0018($sp)           
/* 01228 80875A38 8FA40018 */  lw      $a0, 0x0018($sp)           
/* 0122C 80875A3C 908F00B7 */  lbu     $t7, 0x00B7($a0)           ## 000000B7
/* 01230 80875A40 55E00006 */  bnel    $t7, $zero, .L80875A5C     
/* 01234 80875A44 849800BE */  lh      $t8, 0x00BE($a0)           ## 000000BE
/* 01238 80875A48 0C21D4FC */  jal     func_808753F0              
/* 0123C 80875A4C 00002825 */  or      $a1, $zero, $zero          ## $a1 = 00000000
/* 01240 80875A50 10000005 */  beq     $zero, $zero, .L80875A68   
/* 01244 80875A54 8FBF0014 */  lw      $ra, 0x0014($sp)           
/* 01248 80875A58 849800BE */  lh      $t8, 0x00BE($a0)           ## 000000BE
.L80875A5C:
/* 0124C 80875A5C 0C21D492 */  jal     func_80875248              
/* 01250 80875A60 A4980032 */  sh      $t8, 0x0032($a0)           ## 00000032
/* 01254 80875A64 8FBF0014 */  lw      $ra, 0x0014($sp)           
.L80875A68:
/* 01258 80875A68 27BD0018 */  addiu   $sp, $sp, 0x0018           ## $sp = 00000000
/* 0125C 80875A6C 03E00008 */  jr      $ra                        
/* 01260 80875A70 00000000 */  nop


glabel func_80875A74
/* 01264 80875A74 27BDFFC8 */  addiu   $sp, $sp, 0xFFC8           ## $sp = FFFFFFC8
/* 01268 80875A78 AFB00030 */  sw      $s0, 0x0030($sp)           
/* 0126C 80875A7C 00808025 */  or      $s0, $a0, $zero            ## $s0 = 00000000
/* 01270 80875A80 AFBF0034 */  sw      $ra, 0x0034($sp)           
/* 01274 80875A84 AFA5003C */  sw      $a1, 0x003C($sp)           
/* 01278 80875A88 92020369 */  lbu     $v0, 0x0369($s0)           ## 00000369
/* 0127C 80875A8C 02002025 */  or      $a0, $s0, $zero            ## $a0 = 00000000
/* 01280 80875A90 26050370 */  addiu   $a1, $s0, 0x0370           ## $a1 = 00000370
/* 01284 80875A94 304E0002 */  andi    $t6, $v0, 0x0002           ## $t6 = 00000000
/* 01288 80875A98 11C00091 */  beq     $t6, $zero, .L80875CE0     
/* 0128C 80875A9C 304FFFFD */  andi    $t7, $v0, 0xFFFD           ## $t7 = 00000000
/* 01290 80875AA0 0C02F896 */  jal     func_800BE258              
/* 01294 80875AA4 A20F0369 */  sb      $t7, 0x0369($s0)           ## 00000369
/* 01298 80875AA8 9218018C */  lbu     $t8, 0x018C($s0)           ## 0000018C
/* 0129C 80875AAC 2401000A */  addiu   $at, $zero, 0x000A         ## $at = 0000000A
/* 012A0 80875AB0 17010008 */  bne     $t8, $at, .L80875AD4       
/* 012A4 80875AB4 00000000 */  nop
/* 012A8 80875AB8 8E190394 */  lw      $t9, 0x0394($s0)           ## 00000394
/* 012AC 80875ABC 3C01000D */  lui     $at, 0x000D                ## $at = 000D0000
/* 012B0 80875AC0 3421B0B3 */  ori     $at, $at, 0xB0B3           ## $at = 000DB0B3
/* 012B4 80875AC4 8F280000 */  lw      $t0, 0x0000($t9)           ## 00000000
/* 012B8 80875AC8 01014824 */  and     $t1, $t0, $at              
/* 012BC 80875ACC 55200085 */  bnel    $t1, $zero, .L80875CE4     
/* 012C0 80875AD0 8FBF0034 */  lw      $ra, 0x0034($sp)           
.L80875AD4:
/* 012C4 80875AD4 0C02F88B */  jal     func_800BE22C              
/* 012C8 80875AD8 02002025 */  or      $a0, $s0, $zero            ## $a0 = 00000000
/* 012CC 80875ADC 1440000B */  bne     $v0, $zero, .L80875B0C     
/* 012D0 80875AE0 8FA4003C */  lw      $a0, 0x003C($sp)           
/* 012D4 80875AE4 0C02EEA2 */  jal     func_800BBA88              
/* 012D8 80875AE8 02002825 */  or      $a1, $s0, $zero            ## $a1 = 00000000
/* 012DC 80875AEC 02002025 */  or      $a0, $s0, $zero            ## $a0 = 00000000
/* 012E0 80875AF0 0C02E3B2 */  jal     func_800B8EC8              
/* 012E4 80875AF4 24053896 */  addiu   $a1, $zero, 0x3896         ## $a1 = 00003896
/* 012E8 80875AF8 8E0A0004 */  lw      $t2, 0x0004($s0)           ## 00000004
/* 012EC 80875AFC 2401FFFE */  addiu   $at, $zero, 0xFFFE         ## $at = FFFFFFFE
/* 012F0 80875B00 01415824 */  and     $t3, $t2, $at              
/* 012F4 80875B04 10000007 */  beq     $zero, $zero, .L80875B24   
/* 012F8 80875B08 AE0B0004 */  sw      $t3, 0x0004($s0)           ## 00000004
.L80875B0C:
/* 012FC 80875B0C 920C00B8 */  lbu     $t4, 0x00B8($s0)           ## 000000B8
/* 01300 80875B10 02002025 */  or      $a0, $s0, $zero            ## $a0 = 00000000
/* 01304 80875B14 51800004 */  beql    $t4, $zero, .L80875B28     
/* 01308 80875B18 02002025 */  or      $a0, $s0, $zero            ## $a0 = 00000000
/* 0130C 80875B1C 0C02E3B2 */  jal     func_800B8EC8              
/* 01310 80875B20 24053895 */  addiu   $a1, $zero, 0x3895         ## $a1 = 00003895
.L80875B24:
/* 01314 80875B24 02002025 */  or      $a0, $s0, $zero            ## $a0 = 00000000
.L80875B28:
/* 01318 80875B28 0C21D2C1 */  jal     func_80874B04              
/* 0131C 80875B2C 8FA5003C */  lw      $a1, 0x003C($sp)           
/* 01320 80875B30 920200B9 */  lbu     $v0, 0x00B9($s0)           ## 000000B9
/* 01324 80875B34 2401000F */  addiu   $at, $zero, 0x000F         ## $at = 0000000F
/* 01328 80875B38 10410069 */  beq     $v0, $at, .L80875CE0       
/* 0132C 80875B3C 24010003 */  addiu   $at, $zero, 0x0003         ## $at = 00000003
/* 01330 80875B40 54410010 */  bnel    $v0, $at, .L80875B84       
/* 01334 80875B44 24010001 */  addiu   $at, $zero, 0x0001         ## $at = 00000001
/* 01338 80875B48 0C21D2A2 */  jal     func_80874A88              
/* 0133C 80875B4C 02002025 */  or      $a0, $s0, $zero            ## $a0 = 00000000
/* 01340 80875B50 920D00B7 */  lbu     $t5, 0x00B7($s0)           ## 000000B7
/* 01344 80875B54 15A00006 */  bne     $t5, $zero, .L80875B70     
/* 01348 80875B58 00000000 */  nop
/* 0134C 80875B5C 920F0369 */  lbu     $t7, 0x0369($s0)           ## 00000369
/* 01350 80875B60 240E0003 */  addiu   $t6, $zero, 0x0003         ## $t6 = 00000003
/* 01354 80875B64 A60E018E */  sh      $t6, 0x018E($s0)           ## 0000018E
/* 01358 80875B68 31F8FFFE */  andi    $t8, $t7, 0xFFFE           ## $t8 = 00000000
/* 0135C 80875B6C A2180369 */  sb      $t8, 0x0369($s0)           ## 00000369
.L80875B70:
/* 01360 80875B70 0C21D66E */  jal     func_808759B8              
/* 01364 80875B74 02002025 */  or      $a0, $s0, $zero            ## $a0 = 00000000
/* 01368 80875B78 1000005A */  beq     $zero, $zero, .L80875CE4   
/* 0136C 80875B7C 8FBF0034 */  lw      $ra, 0x0034($sp)           
/* 01370 80875B80 24010001 */  addiu   $at, $zero, 0x0001         ## $at = 00000001
.L80875B84:
/* 01374 80875B84 14410010 */  bne     $v0, $at, .L80875BC8       
/* 01378 80875B88 24190028 */  addiu   $t9, $zero, 0x0028         ## $t9 = 00000028
/* 0137C 80875B8C A619018E */  sh      $t9, 0x018E($s0)           ## 0000018E
/* 01380 80875B90 24080028 */  addiu   $t0, $zero, 0x0028         ## $t0 = 00000028
/* 01384 80875B94 AFA80010 */  sw      $t0, 0x0010($sp)           
/* 01388 80875B98 02002025 */  or      $a0, $s0, $zero            ## $a0 = 00000000
/* 0138C 80875B9C 00002825 */  or      $a1, $zero, $zero          ## $a1 = 00000000
/* 01390 80875BA0 240600FF */  addiu   $a2, $zero, 0x00FF         ## $a2 = 000000FF
/* 01394 80875BA4 0C02F2DC */  jal     func_800BCB70              
/* 01398 80875BA8 00003825 */  or      $a3, $zero, $zero          ## $a3 = 00000000
/* 0139C 80875BAC 02002025 */  or      $a0, $s0, $zero            ## $a0 = 00000000
/* 013A0 80875BB0 0C02E3B2 */  jal     func_800B8EC8              
/* 013A4 80875BB4 2405389E */  addiu   $a1, $zero, 0x389E         ## $a1 = 0000389E
/* 013A8 80875BB8 0C21D66E */  jal     func_808759B8              
/* 013AC 80875BBC 02002025 */  or      $a0, $s0, $zero            ## $a0 = 00000000
/* 013B0 80875BC0 10000048 */  beq     $zero, $zero, .L80875CE4   
/* 013B4 80875BC4 8FBF0034 */  lw      $ra, 0x0034($sp)           
.L80875BC8:
/* 013B8 80875BC8 24010005 */  addiu   $at, $zero, 0x0005         ## $at = 00000005
/* 013BC 80875BCC 14410018 */  bne     $v0, $at, .L80875C30       
/* 013C0 80875BD0 24090028 */  addiu   $t1, $zero, 0x0028         ## $t1 = 00000028
/* 013C4 80875BD4 A609018E */  sh      $t1, 0x018E($s0)           ## 0000018E
/* 013C8 80875BD8 240A0028 */  addiu   $t2, $zero, 0x0028         ## $t2 = 00000028
/* 013CC 80875BDC AFAA0010 */  sw      $t2, 0x0010($sp)           
/* 013D0 80875BE0 02002025 */  or      $a0, $s0, $zero            ## $a0 = 00000000
/* 013D4 80875BE4 00002825 */  or      $a1, $zero, $zero          ## $a1 = 00000000
/* 013D8 80875BE8 240600FF */  addiu   $a2, $zero, 0x00FF         ## $a2 = 000000FF
/* 013DC 80875BEC 0C02F2DC */  jal     func_800BCB70              
/* 013E0 80875BF0 00003825 */  or      $a3, $zero, $zero          ## $a3 = 00000000
/* 013E4 80875BF4 02002025 */  or      $a0, $s0, $zero            ## $a0 = 00000000
/* 013E8 80875BF8 0C02E3B2 */  jal     func_800B8EC8              
/* 013EC 80875BFC 2405389E */  addiu   $a1, $zero, 0x389E         ## $a1 = 0000389E
/* 013F0 80875C00 3C018087 */  lui     $at, %hi(D_80876404)       ## $at = 80870000
/* 013F4 80875C04 C4246404 */  lwc1    $f4, %lo(D_80876404)($at)  
/* 013F8 80875C08 3C014000 */  lui     $at, 0x4000                ## $at = 40000000
/* 013FC 80875C0C 44813000 */  mtc1    $at, $f6                   ## $f6 = 2.00
/* 01400 80875C10 240B001F */  addiu   $t3, $zero, 0x001F         ## $t3 = 0000001F
/* 01404 80875C14 A20B018C */  sb      $t3, 0x018C($s0)           ## 0000018C
/* 01408 80875C18 02002025 */  or      $a0, $s0, $zero            ## $a0 = 00000000
/* 0140C 80875C1C E60402CC */  swc1    $f4, 0x02CC($s0)           ## 000002CC
/* 01410 80875C20 0C21D66E */  jal     func_808759B8              
/* 01414 80875C24 E60602C8 */  swc1    $f6, 0x02C8($s0)           ## 000002C8
/* 01418 80875C28 1000002E */  beq     $zero, $zero, .L80875CE4   
/* 0141C 80875C2C 8FBF0034 */  lw      $ra, 0x0034($sp)           
.L80875C30:
/* 01420 80875C30 24010002 */  addiu   $at, $zero, 0x0002         ## $at = 00000002
/* 01424 80875C34 14410008 */  bne     $v0, $at, .L80875C58       
/* 01428 80875C38 3C014080 */  lui     $at, 0x4080                ## $at = 40800000
/* 0142C 80875C3C 44814000 */  mtc1    $at, $f8                   ## $f8 = 4.00
/* 01430 80875C40 3C018087 */  lui     $at, %hi(D_80876408)       ## $at = 80870000
/* 01434 80875C44 E60802C8 */  swc1    $f8, 0x02C8($s0)           ## 000002C8
/* 01438 80875C48 C42A6408 */  lwc1    $f10, %lo(D_80876408)($at) 
/* 0143C 80875C4C A200018C */  sb      $zero, 0x018C($s0)         ## 0000018C
/* 01440 80875C50 10000020 */  beq     $zero, $zero, .L80875CD4   
/* 01444 80875C54 E60A02CC */  swc1    $f10, 0x02CC($s0)          ## 000002CC
.L80875C58:
/* 01448 80875C58 24010004 */  addiu   $at, $zero, 0x0004         ## $at = 00000004
/* 0144C 80875C5C 1441001D */  bne     $v0, $at, .L80875CD4       
/* 01450 80875C60 240C0014 */  addiu   $t4, $zero, 0x0014         ## $t4 = 00000014
/* 01454 80875C64 860F0380 */  lh      $t7, 0x0380($s0)           ## 00000380
/* 01458 80875C68 3C014080 */  lui     $at, 0x4080                ## $at = 40800000
/* 0145C 80875C6C 44818000 */  mtc1    $at, $f16                  ## $f16 = 4.00
/* 01460 80875C70 448F3000 */  mtc1    $t7, $f6                   ## $f6 = 0.00
/* 01464 80875C74 3C018087 */  lui     $at, %hi(D_8087640C)       ## $at = 80870000
/* 01468 80875C78 E61002C8 */  swc1    $f16, 0x02C8($s0)          ## 000002C8
/* 0146C 80875C7C 46803220 */  cvt.s.w $f8, $f6                   
/* 01470 80875C80 C432640C */  lwc1    $f18, %lo(D_8087640C)($at) 
/* 01474 80875C84 860E037E */  lh      $t6, 0x037E($s0)           ## 0000037E
/* 01478 80875C88 A20C018C */  sb      $t4, 0x018C($s0)           ## 0000018C
/* 0147C 80875C8C E61202CC */  swc1    $f18, 0x02CC($s0)          ## 000002CC
/* 01480 80875C90 448E2000 */  mtc1    $t6, $f4                   ## $f4 = 0.00
/* 01484 80875C94 E7A80010 */  swc1    $f8, 0x0010($sp)           
/* 01488 80875C98 86180382 */  lh      $t8, 0x0382($s0)           ## 00000382
/* 0148C 80875C9C 46802120 */  cvt.s.w $f4, $f4                   
/* 01490 80875CA0 8FA5003C */  lw      $a1, 0x003C($sp)           
/* 01494 80875CA4 44985000 */  mtc1    $t8, $f10                  ## $f10 = 0.00
/* 01498 80875CA8 24190004 */  addiu   $t9, $zero, 0x0004         ## $t9 = 00000004
/* 0149C 80875CAC AFB90024 */  sw      $t9, 0x0024($sp)           
/* 014A0 80875CB0 46805420 */  cvt.s.w $f16, $f10                 
/* 014A4 80875CB4 44072000 */  mfc1    $a3, $f4                   
/* 014A8 80875CB8 AFA00020 */  sw      $zero, 0x0020($sp)         
/* 014AC 80875CBC AFA0001C */  sw      $zero, 0x001C($sp)         
/* 014B0 80875CC0 AFA00018 */  sw      $zero, 0x0018($sp)         
/* 014B4 80875CC4 240600A2 */  addiu   $a2, $zero, 0x00A2         ## $a2 = 000000A2
/* 014B8 80875CC8 E7B00014 */  swc1    $f16, 0x0014($sp)          
/* 014BC 80875CCC 0C02EB18 */  jal     func_800BAC60              
/* 014C0 80875CD0 24A41CA0 */  addiu   $a0, $a1, 0x1CA0           ## $a0 = 00001CA0
.L80875CD4:
/* 014C4 80875CD4 02002025 */  or      $a0, $s0, $zero            ## $a0 = 00000000
/* 014C8 80875CD8 0C21D4FC */  jal     func_808753F0              
/* 014CC 80875CDC 24050001 */  addiu   $a1, $zero, 0x0001         ## $a1 = 00000001
.L80875CE0:
/* 014D0 80875CE0 8FBF0034 */  lw      $ra, 0x0034($sp)           
.L80875CE4:
/* 014D4 80875CE4 8FB00030 */  lw      $s0, 0x0030($sp)           
/* 014D8 80875CE8 27BD0038 */  addiu   $sp, $sp, 0x0038           ## $sp = 00000000
/* 014DC 80875CEC 03E00008 */  jr      $ra                        
/* 014E0 80875CF0 00000000 */  nop


glabel func_80875CF4
/* 014E4 80875CF4 27BDFFC8 */  addiu   $sp, $sp, 0xFFC8           ## $sp = FFFFFFC8
/* 014E8 80875CF8 AFB00020 */  sw      $s0, 0x0020($sp)           
/* 014EC 80875CFC 00808025 */  or      $s0, $a0, $zero            ## $s0 = 00000000
/* 014F0 80875D00 AFBF0024 */  sw      $ra, 0x0024($sp)           
/* 014F4 80875D04 AFA5003C */  sw      $a1, 0x003C($sp)           
/* 014F8 80875D08 02002025 */  or      $a0, $s0, $zero            ## $a0 = 00000000
/* 014FC 80875D0C 0C21D69D */  jal     func_80875A74              
/* 01500 80875D10 8FA5003C */  lw      $a1, 0x003C($sp)           
/* 01504 80875D14 8E190188 */  lw      $t9, 0x0188($s0)           ## 00000188
/* 01508 80875D18 02002025 */  or      $a0, $s0, $zero            ## $a0 = 00000000
/* 0150C 80875D1C 8FA5003C */  lw      $a1, 0x003C($sp)           
/* 01510 80875D20 0320F809 */  jalr    $ra, $t9                   
/* 01514 80875D24 00000000 */  nop
/* 01518 80875D28 8E020188 */  lw      $v0, 0x0188($s0)           ## 00000188
/* 0151C 80875D2C 3C0E8087 */  lui     $t6, %hi(func_80874BE4)    ## $t6 = 80870000
/* 01520 80875D30 25CE4BE4 */  addiu   $t6, $t6, %lo(func_80874BE4) ## $t6 = 80874BE4
/* 01524 80875D34 11C2006E */  beq     $t6, $v0, .L80875EF0       
/* 01528 80875D38 3C0F8087 */  lui     $t7, %hi(func_80875910)    ## $t7 = 80870000
/* 0152C 80875D3C 25EF5910 */  addiu   $t7, $t7, %lo(func_80875910) ## $t7 = 80875910
/* 01530 80875D40 11E2006B */  beq     $t7, $v0, .L80875EF0       
/* 01534 80875D44 3C038087 */  lui     $v1, %hi(func_8087571C)    ## $v1 = 80870000
/* 01538 80875D48 2463571C */  addiu   $v1, $v1, %lo(func_8087571C) ## $v1 = 8087571C
/* 0153C 80875D4C 10620068 */  beq     $v1, $v0, .L80875EF0       
/* 01540 80875D50 3C188087 */  lui     $t8, %hi(func_8087596C)    ## $t8 = 80870000
/* 01544 80875D54 2718596C */  addiu   $t8, $t8, %lo(func_8087596C) ## $t8 = 8087596C
/* 01548 80875D58 13020065 */  beq     $t8, $v0, .L80875EF0       
/* 0154C 80875D5C 3C088087 */  lui     $t0, %hi(func_808752CC)    ## $t0 = 80870000
/* 01550 80875D60 250852CC */  addiu   $t0, $t0, %lo(func_808752CC) ## $t0 = 808752CC
/* 01554 80875D64 11020006 */  beq     $t0, $v0, .L80875D80       
/* 01558 80875D68 00000000 */  nop
/* 0155C 80875D6C 10620004 */  beq     $v1, $v0, .L80875D80       
/* 01560 80875D70 00000000 */  nop
/* 01564 80875D74 0C02DAA2 */  jal     func_800B6A88              
/* 01568 80875D78 02002025 */  or      $a0, $s0, $zero            ## $a0 = 00000000
/* 0156C 80875D7C 8E020188 */  lw      $v0, 0x0188($s0)           ## 00000188
.L80875D80:
/* 01570 80875D80 3C038087 */  lui     $v1, %hi(func_80874DE8)    ## $v1 = 80870000
/* 01574 80875D84 24634DE8 */  addiu   $v1, $v1, %lo(func_80874DE8) ## $v1 = 80874DE8
/* 01578 80875D88 1062000C */  beq     $v1, $v0, .L80875DBC       
/* 0157C 80875D8C 8FA4003C */  lw      $a0, 0x003C($sp)           
/* 01580 80875D90 44802000 */  mtc1    $zero, $f4                 ## $f4 = 0.00
/* 01584 80875D94 2409001D */  addiu   $t1, $zero, 0x001D         ## $t1 = 0000001D
/* 01588 80875D98 AFA90014 */  sw      $t1, 0x0014($sp)           
/* 0158C 80875D9C 02002825 */  or      $a1, $s0, $zero            ## $a1 = 00000000
/* 01590 80875DA0 3C0641A0 */  lui     $a2, 0x41A0                ## $a2 = 41A00000
/* 01594 80875DA4 3C0741C8 */  lui     $a3, 0x41C8                ## $a3 = 41C80000
/* 01598 80875DA8 AFA3002C */  sw      $v1, 0x002C($sp)           
/* 0159C 80875DAC 0C02DE2E */  jal     func_800B78B8              
/* 015A0 80875DB0 E7A40010 */  swc1    $f4, 0x0010($sp)           
/* 015A4 80875DB4 8FA3002C */  lw      $v1, 0x002C($sp)           
/* 015A8 80875DB8 8E020188 */  lw      $v0, 0x0188($s0)           ## 00000188
.L80875DBC:
/* 015AC 80875DBC 3C0A8087 */  lui     $t2, %hi(func_80875638)    ## $t2 = 80870000
/* 015B0 80875DC0 254A5638 */  addiu   $t2, $t2, %lo(func_80875638) ## $t2 = 80875638
/* 015B4 80875DC4 5142001D */  beql    $t2, $v0, .L80875E3C       
/* 015B8 80875DC8 02002025 */  or      $a0, $s0, $zero            ## $a0 = 00000000
/* 015BC 80875DCC 1062001A */  beq     $v1, $v0, .L80875E38       
/* 015C0 80875DD0 02002025 */  or      $a0, $s0, $zero            ## $a0 = 00000000
/* 015C4 80875DD4 26050358 */  addiu   $a1, $s0, 0x0358           ## $a1 = 00000358
/* 015C8 80875DD8 0C039F7E */  jal     func_800E7DF8              
/* 015CC 80875DDC AFA50028 */  sw      $a1, 0x0028($sp)           
/* 015D0 80875DE0 8FA4003C */  lw      $a0, 0x003C($sp)           
/* 015D4 80875DE4 3C010001 */  lui     $at, 0x0001                ## $at = 00010000
/* 015D8 80875DE8 34218884 */  ori     $at, $at, 0x8884           ## $at = 00018884
/* 015DC 80875DEC 00812821 */  addu    $a1, $a0, $at              
/* 015E0 80875DF0 AFA5002C */  sw      $a1, 0x002C($sp)           
/* 015E4 80875DF4 0C038A4A */  jal     func_800E2928              
/* 015E8 80875DF8 8FA60028 */  lw      $a2, 0x0028($sp)           
/* 015EC 80875DFC 8E0C0188 */  lw      $t4, 0x0188($s0)           ## 00000188
/* 015F0 80875E00 3C0B8087 */  lui     $t3, %hi(func_80875484)    ## $t3 = 80870000
/* 015F4 80875E04 256B5484 */  addiu   $t3, $t3, %lo(func_80875484) ## $t3 = 80875484
/* 015F8 80875E08 116C000B */  beq     $t3, $t4, .L80875E38       
/* 015FC 80875E0C 8FA5002C */  lw      $a1, 0x002C($sp)           
/* 01600 80875E10 960D0090 */  lhu     $t5, 0x0090($s0)           ## 00000090
/* 01604 80875E14 31B90001 */  andi    $t9, $t5, 0x0001           ## $t9 = 00000000
/* 01608 80875E18 53200008 */  beql    $t9, $zero, .L80875E3C     
/* 0160C 80875E1C 02002025 */  or      $a0, $s0, $zero            ## $a0 = 00000000
/* 01610 80875E20 960E0118 */  lhu     $t6, 0x0118($s0)           ## 00000118
/* 01614 80875E24 8FA4003C */  lw      $a0, 0x003C($sp)           
/* 01618 80875E28 55C00004 */  bnel    $t6, $zero, .L80875E3C     
/* 0161C 80875E2C 02002025 */  or      $a0, $s0, $zero            ## $a0 = 00000000
/* 01620 80875E30 0C0389D0 */  jal     func_800E2740              
/* 01624 80875E34 8FA60028 */  lw      $a2, 0x0028($sp)           
.L80875E38:
/* 01628 80875E38 02002025 */  or      $a0, $s0, $zero            ## $a0 = 00000000
.L80875E3C:
/* 0162C 80875E3C 0C02D9D7 */  jal     func_800B675C              
/* 01630 80875E40 3C0541C8 */  lui     $a1, 0x41C8                ## $a1 = 41C80000
/* 01634 80875E44 44803000 */  mtc1    $zero, $f6                 ## $f6 = 0.00
/* 01638 80875E48 C60802C8 */  lwc1    $f8, 0x02C8($s0)           ## 000002C8
/* 0163C 80875E4C 4608303C */  c.lt.s  $f6, $f8                   
/* 01640 80875E50 00000000 */  nop
/* 01644 80875E54 45020027 */  bc1fl   .L80875EF4                 
/* 01648 80875E58 8FBF0024 */  lw      $ra, 0x0024($sp)           
/* 0164C 80875E5C 920F018C */  lbu     $t7, 0x018C($s0)           ## 0000018C
/* 01650 80875E60 2401000A */  addiu   $at, $zero, 0x000A         ## $at = 0000000A
/* 01654 80875E64 260402C8 */  addiu   $a0, $s0, 0x02C8           ## $a0 = 000002C8
/* 01658 80875E68 11E10016 */  beq     $t7, $at, .L80875EC4       
/* 0165C 80875E6C 24050000 */  addiu   $a1, $zero, 0x0000         ## $a1 = 00000000
/* 01660 80875E70 3C063D4C */  lui     $a2, 0x3D4C                ## $a2 = 3D4C0000
/* 01664 80875E74 0C03FC0F */  jal     func_800FF03C              
/* 01668 80875E78 34C6CCCD */  ori     $a2, $a2, 0xCCCD           ## $a2 = 3D4CCCCD
/* 0166C 80875E7C 3C018087 */  lui     $at, %hi(D_80876410)       ## $at = 80870000
/* 01670 80875E80 C4226410 */  lwc1    $f2, %lo(D_80876410)($at)  
/* 01674 80875E84 3C013F80 */  lui     $at, 0x3F80                ## $at = 3F800000
/* 01678 80875E88 44818000 */  mtc1    $at, $f16                  ## $f16 = 1.00
/* 0167C 80875E8C C60A02C8 */  lwc1    $f10, 0x02C8($s0)          ## 000002C8
/* 01680 80875E90 3C018087 */  lui     $at, %hi(D_80876414)       ## $at = 80870000
/* 01684 80875E94 C4246414 */  lwc1    $f4, %lo(D_80876414)($at)  
/* 01688 80875E98 46105480 */  add.s   $f18, $f10, $f16           
/* 0168C 80875E9C 46049002 */  mul.s   $f0, $f18, $f4             
/* 01690 80875EA0 4600103C */  c.lt.s  $f2, $f0                   
/* 01694 80875EA4 E60002CC */  swc1    $f0, 0x02CC($s0)           ## 000002CC
/* 01698 80875EA8 45020004 */  bc1fl   .L80875EBC                 
/* 0169C 80875EAC C60602CC */  lwc1    $f6, 0x02CC($s0)           ## 000002CC
/* 016A0 80875EB0 1000000F */  beq     $zero, $zero, .L80875EF0   
/* 016A4 80875EB4 E60202CC */  swc1    $f2, 0x02CC($s0)           ## 000002CC
/* 016A8 80875EB8 C60602CC */  lwc1    $f6, 0x02CC($s0)           ## 000002CC
.L80875EBC:
/* 016AC 80875EBC 1000000C */  beq     $zero, $zero, .L80875EF0   
/* 016B0 80875EC0 E60602CC */  swc1    $f6, 0x02CC($s0)           ## 000002CC
.L80875EC4:
/* 016B4 80875EC4 3C018087 */  lui     $at, %hi(D_80876418)       ## $at = 80870000
/* 016B8 80875EC8 C4226418 */  lwc1    $f2, %lo(D_80876418)($at)  
/* 016BC 80875ECC 3C063C61 */  lui     $a2, 0x3C61                ## $a2 = 3C610000
/* 016C0 80875ED0 34C647AE */  ori     $a2, $a2, 0x47AE           ## $a2 = 3C6147AE
/* 016C4 80875ED4 44051000 */  mfc1    $a1, $f2                   
/* 016C8 80875ED8 0C03FC0F */  jal     func_800FF03C              
/* 016CC 80875EDC 260402D0 */  addiu   $a0, $s0, 0x02D0           ## $a0 = 000002D0
/* 016D0 80875EE0 14400003 */  bne     $v0, $zero, .L80875EF0     
/* 016D4 80875EE4 02002025 */  or      $a0, $s0, $zero            ## $a0 = 00000000
/* 016D8 80875EE8 0C02E404 */  jal     func_800B9010              
/* 016DC 80875EEC 240520B2 */  addiu   $a1, $zero, 0x20B2         ## $a1 = 000020B2
.L80875EF0:
/* 016E0 80875EF0 8FBF0024 */  lw      $ra, 0x0024($sp)           
.L80875EF4:
/* 016E4 80875EF4 8FB00020 */  lw      $s0, 0x0020($sp)           
/* 016E8 80875EF8 27BD0038 */  addiu   $sp, $sp, 0x0038           ## $sp = 00000000
/* 016EC 80875EFC 03E00008 */  jr      $ra                        
/* 016F0 80875F00 00000000 */  nop


glabel func_80875F04
/* 016F4 80875F04 27BDFF68 */  addiu   $sp, $sp, 0xFF68           ## $sp = FFFFFF68
/* 016F8 80875F08 AFB00020 */  sw      $s0, 0x0020($sp)           
/* 016FC 80875F0C 00808025 */  or      $s0, $a0, $zero            ## $s0 = 00000000
/* 01700 80875F10 AFBF0024 */  sw      $ra, 0x0024($sp)           
/* 01704 80875F14 AFA5009C */  sw      $a1, 0x009C($sp)           
/* 01708 80875F18 8E0E0080 */  lw      $t6, 0x0080($s0)           ## 00000080
/* 0170C 80875F1C 51C0005D */  beql    $t6, $zero, .L80876094     
/* 01710 80875F20 8FBF0024 */  lw      $ra, 0x0024($sp)           
/* 01714 80875F24 860F018E */  lh      $t7, 0x018E($s0)           ## 0000018E
/* 01718 80875F28 8FA9009C */  lw      $t1, 0x009C($sp)           
/* 0171C 80875F2C 3C0ADE00 */  lui     $t2, 0xDE00                ## $t2 = DE000000
/* 01720 80875F30 29E10051 */  slti    $at, $t7, 0x0051           
/* 01724 80875F34 14200006 */  bne     $at, $zero, .L80875F50     
/* 01728 80875F38 3C0B801C */  lui     $t3, 0x801C                ## $t3 = 801C0000
/* 0172C 80875F3C 8E190188 */  lw      $t9, 0x0188($s0)           ## 00000188
/* 01730 80875F40 3C188087 */  lui     $t8, %hi(func_80875A0C)    ## $t8 = 80870000
/* 01734 80875F44 27185A0C */  addiu   $t8, $t8, %lo(func_80875A0C) ## $t8 = 80875A0C
/* 01738 80875F48 57190052 */  bnel    $t8, $t9, .L80876094       
/* 0173C 80875F4C 8FBF0024 */  lw      $ra, 0x0024($sp)           
.L80875F50:
/* 01740 80875F50 8D220000 */  lw      $v0, 0x0000($t1)           ## 00000000
/* 01744 80875F54 256B1730 */  addiu   $t3, $t3, 0x1730           ## $t3 = 801C1730
/* 01748 80875F58 3C0CFA00 */  lui     $t4, 0xFA00                ## $t4 = FA000000
/* 0174C 80875F5C 8C4802B0 */  lw      $t0, 0x02B0($v0)           ## 000002B0
/* 01750 80875F60 AD0A0000 */  sw      $t2, 0x0000($t0)           ## 00000000
/* 01754 80875F64 AD0B0004 */  sw      $t3, 0x0004($t0)           ## 00000004
/* 01758 80875F68 240D00FF */  addiu   $t5, $zero, 0x00FF         ## $t5 = 000000FF
/* 0175C 80875F6C AD0D000C */  sw      $t5, 0x000C($t0)           ## 0000000C
/* 01760 80875F70 AD0C0008 */  sw      $t4, 0x0008($t0)           ## 00000008
/* 01764 80875F74 8E040080 */  lw      $a0, 0x0080($s0)           ## 00000080
/* 01768 80875F78 8E050024 */  lw      $a1, 0x0024($s0)           ## 00000024
/* 0176C 80875F7C 8E060088 */  lw      $a2, 0x0088($s0)           ## 00000088
/* 01770 80875F80 8E07002C */  lw      $a3, 0x002C($s0)           ## 0000002C
/* 01774 80875F84 27AE0050 */  addiu   $t6, $sp, 0x0050           ## $t6 = FFFFFFB8
/* 01778 80875F88 AFAE0010 */  sw      $t6, 0x0010($sp)           
/* 0177C 80875F8C AFA8004C */  sw      $t0, 0x004C($sp)           
/* 01780 80875F90 0C030025 */  jal     func_800C0094              
/* 01784 80875F94 AFA20048 */  sw      $v0, 0x0048($sp)           
/* 01788 80875F98 27A40050 */  addiu   $a0, $sp, 0x0050           ## $a0 = FFFFFFB8
/* 0178C 80875F9C 0C060091 */  jal     func_80180244              
/* 01790 80875FA0 00002825 */  or      $a1, $zero, $zero          ## $a1 = 00000000
/* 01794 80875FA4 8E020188 */  lw      $v0, 0x0188($s0)           ## 00000188
/* 01798 80875FA8 3C0F8087 */  lui     $t7, %hi(func_80874BE4)    ## $t7 = 80870000
/* 0179C 80875FAC 25EF4BE4 */  addiu   $t7, $t7, %lo(func_80874BE4) ## $t7 = 80874BE4
/* 017A0 80875FB0 11E20011 */  beq     $t7, $v0, .L80875FF8       
/* 017A4 80875FB4 8FA8004C */  lw      $t0, 0x004C($sp)           
/* 017A8 80875FB8 3C188087 */  lui     $t8, %hi(func_808752CC)    ## $t8 = 80870000
/* 017AC 80875FBC 271852CC */  addiu   $t8, $t8, %lo(func_808752CC) ## $t8 = 808752CC
/* 017B0 80875FC0 1302000D */  beq     $t8, $v0, .L80875FF8       
/* 017B4 80875FC4 3C198087 */  lui     $t9, %hi(func_8087571C)    ## $t9 = 80870000
/* 017B8 80875FC8 2739571C */  addiu   $t9, $t9, %lo(func_8087571C) ## $t9 = 8087571C
/* 017BC 80875FCC 1322000A */  beq     $t9, $v0, .L80875FF8       
/* 017C0 80875FD0 3C098087 */  lui     $t1, %hi(func_8087596C)    ## $t1 = 80870000
/* 017C4 80875FD4 2529596C */  addiu   $t1, $t1, %lo(func_8087596C) ## $t1 = 8087596C
/* 017C8 80875FD8 11220007 */  beq     $t1, $v0, .L80875FF8       
/* 017CC 80875FDC 3C014248 */  lui     $at, 0x4248                ## $at = 42480000
/* 017D0 80875FE0 C6040058 */  lwc1    $f4, 0x0058($s0)           ## 00000058
/* 017D4 80875FE4 44813000 */  mtc1    $at, $f6                   ## $f6 = 50.00
/* 017D8 80875FE8 00000000 */  nop
/* 017DC 80875FEC 46062302 */  mul.s   $f12, $f4, $f6             
/* 017E0 80875FF0 10000010 */  beq     $zero, $zero, .L80876034   
/* 017E4 80875FF4 3C013F80 */  lui     $at, 0x3F80                ## $at = 3F800000
.L80875FF8:
/* 017E8 80875FF8 860A018E */  lh      $t2, 0x018E($s0)           ## 0000018E
/* 017EC 80875FFC 240B0050 */  addiu   $t3, $zero, 0x0050         ## $t3 = 00000050
/* 017F0 80876000 016A1023 */  subu    $v0, $t3, $t2              
/* 017F4 80876004 28410051 */  slti    $at, $v0, 0x0051           
/* 017F8 80876008 14200003 */  bne     $at, $zero, .L80876018     
/* 017FC 8087600C 00401825 */  or      $v1, $v0, $zero            ## $v1 = 00000000
/* 01800 80876010 10000001 */  beq     $zero, $zero, .L80876018   
/* 01804 80876014 24030050 */  addiu   $v1, $zero, 0x0050         ## $v1 = 00000050
.L80876018:
/* 01808 80876018 44834000 */  mtc1    $v1, $f8                   ## $f8 = 0.00
/* 0180C 8087601C 3C018087 */  lui     $at, %hi(D_8087641C)       ## $at = 80870000
/* 01810 80876020 C430641C */  lwc1    $f16, %lo(D_8087641C)($at) 
/* 01814 80876024 468042A0 */  cvt.s.w $f10, $f8                  
/* 01818 80876028 46105302 */  mul.s   $f12, $f10, $f16           
/* 0181C 8087602C 00000000 */  nop
/* 01820 80876030 3C013F80 */  lui     $at, 0x3F80                ## $at = 3F800000
.L80876034:
/* 01824 80876034 44817000 */  mtc1    $at, $f14                  ## $f14 = 1.00
/* 01828 80876038 44066000 */  mfc1    $a2, $f12                  
/* 0182C 8087603C 24070001 */  addiu   $a3, $zero, 0x0001         ## $a3 = 00000001
/* 01830 80876040 0C0600E7 */  jal     func_8018039C              
/* 01834 80876044 AFA8004C */  sw      $t0, 0x004C($sp)           
/* 01838 80876048 8FA8004C */  lw      $t0, 0x004C($sp)           
/* 0183C 8087604C 3C0CDA38 */  lui     $t4, 0xDA38                ## $t4 = DA380000
/* 01840 80876050 358C0003 */  ori     $t4, $t4, 0x0003           ## $t4 = DA380003
/* 01844 80876054 AD0C0010 */  sw      $t4, 0x0010($t0)           ## 00000010
/* 01848 80876058 8FAD009C */  lw      $t5, 0x009C($sp)           
/* 0184C 8087605C 8DA40000 */  lw      $a0, 0x0000($t5)           ## 00000000
/* 01850 80876060 0C060690 */  jal     func_80181A40              
/* 01854 80876064 AFA8004C */  sw      $t0, 0x004C($sp)           
/* 01858 80876068 8FA8004C */  lw      $t0, 0x004C($sp)           
/* 0185C 8087606C 3C0EDE00 */  lui     $t6, 0xDE00                ## $t6 = DE000000
/* 01860 80876070 3C0F0407 */  lui     $t7, 0x0407                ## $t7 = 04070000
/* 01864 80876074 AD020014 */  sw      $v0, 0x0014($t0)           ## 00000014
/* 01868 80876078 25EF6BC0 */  addiu   $t7, $t7, 0x6BC0           ## $t7 = 04076BC0
/* 0186C 8087607C AD0F001C */  sw      $t7, 0x001C($t0)           ## 0000001C
/* 01870 80876080 AD0E0018 */  sw      $t6, 0x0018($t0)           ## 00000018
/* 01874 80876084 8FB90048 */  lw      $t9, 0x0048($sp)           
/* 01878 80876088 25180020 */  addiu   $t8, $t0, 0x0020           ## $t8 = 00000020
/* 0187C 8087608C AF3802B0 */  sw      $t8, 0x02B0($t9)           ## 000002B0
/* 01880 80876090 8FBF0024 */  lw      $ra, 0x0024($sp)           
.L80876094:
/* 01884 80876094 8FB00020 */  lw      $s0, 0x0020($sp)           
/* 01888 80876098 27BD0098 */  addiu   $sp, $sp, 0x0098           ## $sp = 00000000
/* 0188C 8087609C 03E00008 */  jr      $ra                        
/* 01890 808760A0 00000000 */  nop


glabel func_808760A4
/* 01894 808760A4 AFA40000 */  sw      $a0, 0x0000($sp)           
/* 01898 808760A8 AFA60008 */  sw      $a2, 0x0008($sp)           
/* 0189C 808760AC 24010001 */  addiu   $at, $zero, 0x0001         ## $at = 00000001
/* 018A0 808760B0 14A10016 */  bne     $a1, $at, .L8087610C       
/* 018A4 808760B4 8FA20014 */  lw      $v0, 0x0014($sp)           
/* 018A8 808760B8 8C4F0188 */  lw      $t7, 0x0188($v0)           ## 00000188
/* 018AC 808760BC 3C0E8087 */  lui     $t6, %hi(func_8087571C)    ## $t6 = 80870000
/* 018B0 808760C0 25CE571C */  addiu   $t6, $t6, %lo(func_8087571C) ## $t6 = 8087571C
/* 018B4 808760C4 11CF0007 */  beq     $t6, $t7, .L808760E4       
/* 018B8 808760C8 3C0144C8 */  lui     $at, 0x44C8                ## $at = 44C80000
/* 018BC 808760CC C4E40008 */  lwc1    $f4, 0x0008($a3)           ## 00000008
/* 018C0 808760D0 44813000 */  mtc1    $at, $f6                   ## $f6 = 1600.00
/* 018C4 808760D4 00000000 */  nop
/* 018C8 808760D8 46062201 */  sub.s   $f8, $f4, $f6              
/* 018CC 808760DC 1000000B */  beq     $zero, $zero, .L8087610C   
/* 018D0 808760E0 E4E80008 */  swc1    $f8, 0x0008($a3)           ## 00000008
.L808760E4:
/* 018D4 808760E4 C4400154 */  lwc1    $f0, 0x0154($v0)           ## 00000154
/* 018D8 808760E8 C450015C */  lwc1    $f16, 0x015C($v0)          ## 0000015C
/* 018DC 808760EC 3C0144C8 */  lui     $at, 0x44C8                ## $at = 44C80000
/* 018E0 808760F0 44815000 */  mtc1    $at, $f10                  ## $f10 = 1600.00
/* 018E4 808760F4 46100481 */  sub.s   $f18, $f0, $f16            
/* 018E8 808760F8 C4E80008 */  lwc1    $f8, 0x0008($a3)           ## 00000008
/* 018EC 808760FC 46125102 */  mul.s   $f4, $f10, $f18            
/* 018F0 80876100 46002183 */  div.s   $f6, $f4, $f0              
/* 018F4 80876104 46064401 */  sub.s   $f16, $f8, $f6             
/* 018F8 80876108 E4F00008 */  swc1    $f16, 0x0008($a3)          ## 00000008
.L8087610C:
/* 018FC 8087610C 00001025 */  or      $v0, $zero, $zero          ## $v0 = 00000000
/* 01900 80876110 03E00008 */  jr      $ra                        
/* 01904 80876114 00000000 */  nop


glabel func_80876118
/* 01908 80876118 27BDFFC0 */  addiu   $sp, $sp, 0xFFC0           ## $sp = FFFFFFC0
/* 0190C 8087611C AFBF001C */  sw      $ra, 0x001C($sp)           
/* 01910 80876120 AFB00018 */  sw      $s0, 0x0018($sp)           
/* 01914 80876124 AFA40040 */  sw      $a0, 0x0040($sp)           
/* 01918 80876128 AFA60048 */  sw      $a2, 0x0048($sp)           
/* 0191C 8087612C AFA7004C */  sw      $a3, 0x004C($sp)           
/* 01920 80876130 3C0E8087 */  lui     $t6, %hi(D_808763D4)       ## $t6 = 80870000
/* 01924 80876134 25CE63D4 */  addiu   $t6, $t6, %lo(D_808763D4)  ## $t6 = 808763D4
/* 01928 80876138 00AE1021 */  addu    $v0, $a1, $t6              
/* 0192C 8087613C 80430000 */  lb      $v1, 0x0000($v0)           ## 00000000
/* 01930 80876140 2401FFFF */  addiu   $at, $zero, 0xFFFF         ## $at = FFFFFFFF
/* 01934 80876144 8FB00050 */  lw      $s0, 0x0050($sp)           
/* 01938 80876148 10610008 */  beq     $v1, $at, .L8087616C       
/* 0193C 8087614C 00037880 */  sll     $t7, $v1,  2               
/* 01940 80876150 01E37823 */  subu    $t7, $t7, $v1              
/* 01944 80876154 000F7880 */  sll     $t7, $t7,  2               
/* 01948 80876158 020F2021 */  addu    $a0, $s0, $t7              
/* 0194C 8087615C 248402D4 */  addiu   $a0, $a0, 0x02D4           ## $a0 = 000002D4
/* 01950 80876160 0C0606D4 */  jal     func_80181B50              
/* 01954 80876164 AFA20024 */  sw      $v0, 0x0024($sp)           
/* 01958 80876168 8FA20024 */  lw      $v0, 0x0024($sp)           
.L8087616C:
/* 0195C 8087616C 3C188087 */  lui     $t8, %hi(D_808763E7)       ## $t8 = 80870000
/* 01960 80876170 271863E7 */  addiu   $t8, $t8, %lo(D_808763E7)  ## $t8 = 808763E7
/* 01964 80876174 1458000B */  bne     $v0, $t8, .L808761A4       
/* 01968 80876178 8FB00050 */  lw      $s0, 0x0050($sp)           
/* 0196C 8087617C 3C01447A */  lui     $at, 0x447A                ## $at = 447A0000
/* 01970 80876180 44816000 */  mtc1    $at, $f12                  ## $f12 = 1000.00
/* 01974 80876184 0C0606DE */  jal     func_80181B78              
/* 01978 80876188 26050340 */  addiu   $a1, $s0, 0x0340           ## $a1 = 00000340
/* 0197C 8087618C 3C01C47A */  lui     $at, 0xC47A                ## $at = C47A0000
/* 01980 80876190 44816000 */  mtc1    $at, $f12                  ## $f12 = -1000.00
/* 01984 80876194 0C0606DE */  jal     func_80181B78              
/* 01988 80876198 2605034C */  addiu   $a1, $s0, 0x034C           ## $a1 = 0000034C
/* 0198C 8087619C 1000002E */  beq     $zero, $zero, .L80876258   
/* 01990 808761A0 8FBF001C */  lw      $ra, 0x001C($sp)           
.L808761A4:
/* 01994 808761A4 3C198087 */  lui     $t9, %hi(D_808763D6)       ## $t9 = 80870000
/* 01998 808761A8 273963D6 */  addiu   $t9, $t9, %lo(D_808763D6)  ## $t9 = 808763D6
/* 0199C 808761AC 14590029 */  bne     $v0, $t9, .L80876254       
/* 019A0 808761B0 8FA80040 */  lw      $t0, 0x0040($sp)           
/* 019A4 808761B4 8D020000 */  lw      $v0, 0x0000($t0)           ## 00000000
/* 019A8 808761B8 8C5002B0 */  lw      $s0, 0x02B0($v0)           ## 000002B0
/* 019AC 808761BC 0C060067 */  jal     func_8018019C              
/* 019B0 808761C0 AFA20034 */  sw      $v0, 0x0034($sp)           
/* 019B4 808761C4 3C0144C8 */  lui     $at, 0x44C8                ## $at = 44C80000
/* 019B8 808761C8 44816000 */  mtc1    $at, $f12                  ## $f12 = 1600.00
/* 019BC 808761CC 3C01C42F */  lui     $at, 0xC42F                ## $at = C42F0000
/* 019C0 808761D0 44817000 */  mtc1    $at, $f14                  ## $f14 = -700.00
/* 019C4 808761D4 3C06C4D4 */  lui     $a2, 0xC4D4                ## $a2 = C4D40000
/* 019C8 808761D8 34C68000 */  ori     $a2, $a2, 0x8000           ## $a2 = C4D48000
/* 019CC 808761DC 0C0600A7 */  jal     func_8018029C              
/* 019D0 808761E0 24070001 */  addiu   $a3, $zero, 0x0001         ## $a3 = 00000001
/* 019D4 808761E4 24042AAA */  addiu   $a0, $zero, 0x2AAA         ## $a0 = 00002AAA
/* 019D8 808761E8 0C06026B */  jal     func_801809AC              
/* 019DC 808761EC 24050001 */  addiu   $a1, $zero, 0x0001         ## $a1 = 00000001
/* 019E0 808761F0 24040AAA */  addiu   $a0, $zero, 0x0AAA         ## $a0 = 00000AAA
/* 019E4 808761F4 0C06033E */  jal     func_80180CF8              
/* 019E8 808761F8 24050001 */  addiu   $a1, $zero, 0x0001         ## $a1 = 00000001
/* 019EC 808761FC 3C014000 */  lui     $at, 0x4000                ## $at = 40000000
/* 019F0 80876200 44816000 */  mtc1    $at, $f12                  ## $f12 = 2.00
/* 019F4 80876204 24070001 */  addiu   $a3, $zero, 0x0001         ## $a3 = 00000001
/* 019F8 80876208 44066000 */  mfc1    $a2, $f12                  
/* 019FC 8087620C 0C0600E7 */  jal     func_8018039C              
/* 01A00 80876210 46006386 */  mov.s   $f14, $f12                 
/* 01A04 80876214 3C09DA38 */  lui     $t1, 0xDA38                ## $t1 = DA380000
/* 01A08 80876218 35290003 */  ori     $t1, $t1, 0x0003           ## $t1 = DA380003
/* 01A0C 8087621C AE090000 */  sw      $t1, 0x0000($s0)           ## 00000000
/* 01A10 80876220 8FAA0040 */  lw      $t2, 0x0040($sp)           
/* 01A14 80876224 0C060690 */  jal     func_80181A40              
/* 01A18 80876228 8D440000 */  lw      $a0, 0x0000($t2)           ## 00000000
/* 01A1C 8087622C AE020004 */  sw      $v0, 0x0004($s0)           ## 00000004
/* 01A20 80876230 3C0C0601 */  lui     $t4, 0x0601                ## $t4 = 06010000
/* 01A24 80876234 258C8688 */  addiu   $t4, $t4, 0x8688           ## $t4 = 06008688
/* 01A28 80876238 3C0BDE00 */  lui     $t3, 0xDE00                ## $t3 = DE000000
/* 01A2C 8087623C AE0B0008 */  sw      $t3, 0x0008($s0)           ## 00000008
/* 01A30 80876240 AE0C000C */  sw      $t4, 0x000C($s0)           ## 0000000C
/* 01A34 80876244 8FAE0034 */  lw      $t6, 0x0034($sp)           
/* 01A38 80876248 260D0010 */  addiu   $t5, $s0, 0x0010           ## $t5 = 00000010
/* 01A3C 8087624C 0C060073 */  jal     func_801801CC              
/* 01A40 80876250 ADCD02B0 */  sw      $t5, 0x02B0($t6)           ## 000002B0
.L80876254:
/* 01A44 80876254 8FBF001C */  lw      $ra, 0x001C($sp)           
.L80876258:
/* 01A48 80876258 8FB00018 */  lw      $s0, 0x0018($sp)           
/* 01A4C 8087625C 27BD0040 */  addiu   $sp, $sp, 0x0040           ## $sp = 00000000
/* 01A50 80876260 03E00008 */  jr      $ra                        
/* 01A54 80876264 00000000 */  nop


glabel func_80876268
/* 01A58 80876268 27BDFFD0 */  addiu   $sp, $sp, 0xFFD0           ## $sp = FFFFFFD0
/* 01A5C 8087626C AFB10028 */  sw      $s1, 0x0028($sp)           
/* 01A60 80876270 AFB00024 */  sw      $s0, 0x0024($sp)           
/* 01A64 80876274 00808025 */  or      $s0, $a0, $zero            ## $s0 = 00000000
/* 01A68 80876278 00A08825 */  or      $s1, $a1, $zero            ## $s1 = 00000000
/* 01A6C 8087627C AFBF002C */  sw      $ra, 0x002C($sp)           
/* 01A70 80876280 8E0F0188 */  lw      $t7, 0x0188($s0)           ## 00000188
/* 01A74 80876284 3C0E8087 */  lui     $t6, %hi(func_80874BE4)    ## $t6 = 80870000
/* 01A78 80876288 25CE4BE4 */  addiu   $t6, $t6, %lo(func_80874BE4) ## $t6 = 80874BE4
/* 01A7C 8087628C 51CF001D */  beql    $t6, $t7, .L80876304       
/* 01A80 80876290 9209011C */  lbu     $t1, 0x011C($s0)           ## 0000011C
/* 01A84 80876294 0C04B0A3 */  jal     func_8012C28C              
/* 01A88 80876298 8E240000 */  lw      $a0, 0x0000($s1)           ## 00000000
/* 01A8C 8087629C 8E050148 */  lw      $a1, 0x0148($s0)           ## 00000148
/* 01A90 808762A0 8E060164 */  lw      $a2, 0x0164($s0)           ## 00000164
/* 01A94 808762A4 92070146 */  lbu     $a3, 0x0146($s0)           ## 00000146
/* 01A98 808762A8 3C188087 */  lui     $t8, %hi(func_808760A4)    ## $t8 = 80870000
/* 01A9C 808762AC 3C198087 */  lui     $t9, %hi(func_80876118)    ## $t9 = 80870000
/* 01AA0 808762B0 27396118 */  addiu   $t9, $t9, %lo(func_80876118) ## $t9 = 80876118
/* 01AA4 808762B4 271860A4 */  addiu   $t8, $t8, %lo(func_808760A4) ## $t8 = 808760A4
/* 01AA8 808762B8 AFB80010 */  sw      $t8, 0x0010($sp)           
/* 01AAC 808762BC AFB90014 */  sw      $t9, 0x0014($sp)           
/* 01AB0 808762C0 AFB00018 */  sw      $s0, 0x0018($sp)           
/* 01AB4 808762C4 0C04CFCA */  jal     func_80133F28              
/* 01AB8 808762C8 02202025 */  or      $a0, $s1, $zero            ## $a0 = 00000000
/* 01ABC 808762CC C60402CC */  lwc1    $f4, 0x02CC($s0)           ## 000002CC
/* 01AC0 808762D0 02202025 */  or      $a0, $s1, $zero            ## $a0 = 00000000
/* 01AC4 808762D4 02002825 */  or      $a1, $s0, $zero            ## $a1 = 00000000
/* 01AC8 808762D8 E7A40010 */  swc1    $f4, 0x0010($sp)           
/* 01ACC 808762DC C60602D0 */  lwc1    $f6, 0x02D0($s0)           ## 000002D0
/* 01AD0 808762E0 260602D4 */  addiu   $a2, $s0, 0x02D4           ## $a2 = 000002D4
/* 01AD4 808762E4 2407000B */  addiu   $a3, $zero, 0x000B         ## $a3 = 0000000B
/* 01AD8 808762E8 E7A60014 */  swc1    $f6, 0x0014($sp)           
/* 01ADC 808762EC C60802C8 */  lwc1    $f8, 0x02C8($s0)           ## 000002C8
/* 01AE0 808762F0 E7A80018 */  swc1    $f8, 0x0018($sp)           
/* 01AE4 808762F4 9208018C */  lbu     $t0, 0x018C($s0)           ## 0000018C
/* 01AE8 808762F8 0C02F9A0 */  jal     func_800BE680              
/* 01AEC 808762FC AFA8001C */  sw      $t0, 0x001C($sp)           
/* 01AF0 80876300 9209011C */  lbu     $t1, 0x011C($s0)           ## 0000011C
.L80876304:
/* 01AF4 80876304 51200004 */  beql    $t1, $zero, .L80876318     
/* 01AF8 80876308 02002025 */  or      $a0, $s0, $zero            ## $a0 = 00000000
/* 01AFC 8087630C 0C02B968 */  jal     func_800AE5A0              
/* 01B00 80876310 02202025 */  or      $a0, $s1, $zero            ## $a0 = 00000000
/* 01B04 80876314 02002025 */  or      $a0, $s0, $zero            ## $a0 = 00000000
.L80876318:
/* 01B08 80876318 0C21D7C1 */  jal     func_80875F04              
/* 01B0C 8087631C 02202825 */  or      $a1, $s1, $zero            ## $a1 = 00000000
/* 01B10 80876320 8FBF002C */  lw      $ra, 0x002C($sp)           
/* 01B14 80876324 8FB00024 */  lw      $s0, 0x0024($sp)           
/* 01B18 80876328 8FB10028 */  lw      $s1, 0x0028($sp)           
/* 01B1C 8087632C 03E00008 */  jr      $ra                        
/* 01B20 80876330 27BD0030 */  addiu   $sp, $sp, 0x0030           ## $sp = 00000000
/* 01B24 80876334 00000000 */  nop
/* 01B28 80876338 00000000 */  nop
/* 01B2C 8087633C 00000000 */  nop

.section .data

D_80876340: .word 0x000A0500, 0x00000415, 0x00090000, 0x000003A4
.word func_80874810
.word func_80874A28
.word func_80875CF4
.word func_80876268
D_80876360: .word \
0x00000939, 0x10010000, 0x00000000, 0x00000000, \
0x00000000, 0xF7CFFFFF, 0x00000000, 0x00050100, \
0x001E0028, 0x00000000, 0x00000000
D_8087638C: .word \
0x10010101, 0x010101F0, 0x01010122, 0x31420110, \
0x01021050, 0x00000101, 0x01000000, 0x00000001
D_808763AC: .word 0x0300001E, 0x00289600
D_808763B4: .word 0x891F0030, 0xB054157C, 0x3874FA24
D_808763C0: .word \
0x42480000, 0x425C0000, 0x42480000, 0x41A00000, \
0x41F00000
D_808763D4: .byte 0xFF, 0xFF
D_808763D6: .byte \
0xFF, 0xFF, 0x00, 0xFF, 0xFF, 0x01, 0xFF, 0x02, 0xFF, 0xFF, 0x03, 0xFF, 0x04, 0xFF, 0xFF, 0x05, \
0xFF
D_808763E7: .byte 0xFF, 0xFF, 0x06, 0x07, 0xFF, 0x08, 0x00, 0x00, 0x00

.section .rodata

D_808763F0: .word 0x3DCCCCCD
D_808763F4: .word 0x3F0CCCCD
D_808763F8: .word 0x3F533334
D_808763FC: .word 0x3E99999A
D_80876400: .word 0x3E4CCCCD
D_80876404: .word 0x3F0CCCCD
D_80876408: .word 0x3F0CCCCD
D_8087640C: .word 0x3F0CCCCD
D_80876410: .word 0x3F0CCCCD
D_80876414: .word 0x3E8CCCCD
D_80876418: .word 0x3F0CCCCD
D_8087641C: .word 0x3BCCCCCD


.section .rodata
D_80876420:
.incbin "baserom/En_Wallmas", 0x1C10, 0x00000250
