.include "macro.inc"

# assembler directives
.set noat      # allow manual use of $at
.set noreorder # don't insert nops after branches
.set gp=64     # allow use of 64-bit general purpose registers

.section .text
glabel func_80B965D0
/* 00000 80B965D0 27BDFFB8 */  addiu   $sp, $sp, 0xFFB8           ## $sp = FFFFFFB8
/* 00004 80B965D4 AFB40040 */  sw      $s4, 0x0040($sp)           
/* 00008 80B965D8 AFB3003C */  sw      $s3, 0x003C($sp)           
/* 0000C 80B965DC 00A09825 */  or      $s3, $a1, $zero            ## $s3 = 00000000
/* 00010 80B965E0 0080A025 */  or      $s4, $a0, $zero            ## $s4 = 00000000
/* 00014 80B965E4 AFBF0044 */  sw      $ra, 0x0044($sp)           
/* 00018 80B965E8 AFB20038 */  sw      $s2, 0x0038($sp)           
/* 0001C 80B965EC AFB10034 */  sw      $s1, 0x0034($sp)           
/* 00020 80B965F0 AFB00030 */  sw      $s0, 0x0030($sp)           
/* 00024 80B965F4 8E8202D0 */  lw      $v0, 0x02D0($s4)           ## 000002D0
/* 00028 80B965F8 50400029 */  beql    $v0, $zero, .L80B966A0     
/* 0002C 80B965FC 8FBF0044 */  lw      $ra, 0x0044($sp)           
/* 00030 80B96600 904E0000 */  lbu     $t6, 0x0000($v0)           ## 00000000
/* 00034 80B96604 29C10005 */  slti    $at, $t6, 0x0005           
/* 00038 80B96608 54200025 */  bnel    $at, $zero, .L80B966A0     
/* 0003C 80B9660C 8FBF0044 */  lw      $ra, 0x0044($sp)           
/* 00040 80B96610 0C040141 */  jal     func_80100504              
/* 00044 80B96614 8C440004 */  lw      $a0, 0x0004($v0)           ## 00000004
/* 00048 80B96618 02808825 */  or      $s1, $s4, $zero            ## $s1 = 00000000
/* 0004C 80B9661C 00408025 */  or      $s0, $v0, $zero            ## $s0 = 00000000
/* 00050 80B96620 24140014 */  addiu   $s4, $zero, 0x0014         ## $s4 = 00000014
/* 00054 80B96624 00009025 */  or      $s2, $zero, $zero          ## $s2 = 00000000
.L80B96628:
/* 00058 80B96628 8E2F02D8 */  lw      $t7, 0x02D8($s1)           ## 000002D8
/* 0005C 80B9662C 55E00018 */  bnel    $t7, $zero, .L80B96690     
/* 00060 80B96630 26520004 */  addiu   $s2, $s2, 0x0004           ## $s2 = 00000004
/* 00064 80B96634 86190002 */  lh      $t9, 0x0002($s0)           ## 00000002
/* 00068 80B96638 86180000 */  lh      $t8, 0x0000($s0)           ## 00000000
/* 0006C 80B9663C 2409013F */  addiu   $t1, $zero, 0x013F         ## $t1 = 0000013F
/* 00070 80B96640 44993000 */  mtc1    $t9, $f6                   ## $f6 = 0.00
/* 00074 80B96644 44982000 */  mtc1    $t8, $f4                   ## $f4 = 0.00
/* 00078 80B96648 26641CA0 */  addiu   $a0, $s3, 0x1CA0           ## $a0 = 00001CA0
/* 0007C 80B9664C 46803220 */  cvt.s.w $f8, $f6                   
/* 00080 80B96650 02602825 */  or      $a1, $s3, $zero            ## $a1 = 00000000
/* 00084 80B96654 24060082 */  addiu   $a2, $zero, 0x0082         ## $a2 = 00000082
/* 00088 80B96658 46802120 */  cvt.s.w $f4, $f4                   
/* 0008C 80B9665C E7A80010 */  swc1    $f8, 0x0010($sp)           
/* 00090 80B96660 86080004 */  lh      $t0, 0x0004($s0)           ## 00000004
/* 00094 80B96664 AFA90024 */  sw      $t1, 0x0024($sp)           
/* 00098 80B96668 AFA00020 */  sw      $zero, 0x0020($sp)         
/* 0009C 80B9666C 44885000 */  mtc1    $t0, $f10                  ## $f10 = 0.00
/* 000A0 80B96670 44072000 */  mfc1    $a3, $f4                   
/* 000A4 80B96674 AFA0001C */  sw      $zero, 0x001C($sp)         
/* 000A8 80B96678 46805420 */  cvt.s.w $f16, $f10                 
/* 000AC 80B9667C AFA00018 */  sw      $zero, 0x0018($sp)         
/* 000B0 80B96680 0C02EB18 */  jal     func_800BAC60              
/* 000B4 80B96684 E7B00014 */  swc1    $f16, 0x0014($sp)          
/* 000B8 80B96688 AE2202D8 */  sw      $v0, 0x02D8($s1)           ## 000002D8
/* 000BC 80B9668C 26520004 */  addiu   $s2, $s2, 0x0004           ## $s2 = 00000008
.L80B96690:
/* 000C0 80B96690 26310004 */  addiu   $s1, $s1, 0x0004           ## $s1 = 00000004
/* 000C4 80B96694 1654FFE4 */  bne     $s2, $s4, .L80B96628       
/* 000C8 80B96698 26100006 */  addiu   $s0, $s0, 0x0006           ## $s0 = 00000006
/* 000CC 80B9669C 8FBF0044 */  lw      $ra, 0x0044($sp)           
.L80B966A0:
/* 000D0 80B966A0 8FB00030 */  lw      $s0, 0x0030($sp)           
/* 000D4 80B966A4 8FB10034 */  lw      $s1, 0x0034($sp)           
/* 000D8 80B966A8 8FB20038 */  lw      $s2, 0x0038($sp)           
/* 000DC 80B966AC 8FB3003C */  lw      $s3, 0x003C($sp)           
/* 000E0 80B966B0 8FB40040 */  lw      $s4, 0x0040($sp)           
/* 000E4 80B966B4 03E00008 */  jr      $ra                        
/* 000E8 80B966B8 27BD0048 */  addiu   $sp, $sp, 0x0048           ## $sp = 00000000


glabel func_80B966BC
/* 000EC 80B966BC 27BDFFC0 */  addiu   $sp, $sp, 0xFFC0           ## $sp = FFFFFFC0
/* 000F0 80B966C0 AFB00028 */  sw      $s0, 0x0028($sp)           
/* 000F4 80B966C4 00808025 */  or      $s0, $a0, $zero            ## $s0 = 00000000
/* 000F8 80B966C8 AFBF002C */  sw      $ra, 0x002C($sp)           
/* 000FC 80B966CC AFA50044 */  sw      $a1, 0x0044($sp)           
/* 00100 80B966D0 3C06800B */  lui     $a2, 0x800B                ## $a2 = 800B0000
/* 00104 80B966D4 24C63FC0 */  addiu   $a2, $a2, 0x3FC0           ## $a2 = 800B3FC0
/* 00108 80B966D8 260400BC */  addiu   $a0, $s0, 0x00BC           ## $a0 = 000000BC
/* 0010C 80B966DC 24050000 */  addiu   $a1, $zero, 0x0000         ## $a1 = 00000000
/* 00110 80B966E0 0C02CEE9 */  jal     func_800B3BA4              
/* 00114 80B966E4 3C0741A0 */  lui     $a3, 0x41A0                ## $a3 = 41A00000
/* 00118 80B966E8 3C053C23 */  lui     $a1, 0x3C23                ## $a1 = 3C230000
/* 0011C 80B966EC 34A5D70A */  ori     $a1, $a1, 0xD70A           ## $a1 = 3C23D70A
/* 00120 80B966F0 0C02D9F8 */  jal     func_800B67E0              
/* 00124 80B966F4 02002025 */  or      $a0, $s0, $zero            ## $a0 = 00000000
/* 00128 80B966F8 3C0E80B9 */  lui     $t6, %hi(func_80B97100)    ## $t6 = 80B90000
/* 0012C 80B966FC 25CE7100 */  addiu   $t6, $t6, %lo(func_80B97100) ## $t6 = 80B97100
/* 00130 80B96700 AE0E02F8 */  sw      $t6, 0x02F8($s0)           ## 000002F8
/* 00134 80B96704 26050144 */  addiu   $a1, $s0, 0x0144           ## $a1 = 00000144
/* 00138 80B96708 3C060601 */  lui     $a2, 0x0601                ## $a2 = 06010000
/* 0013C 80B9670C 3C070600 */  lui     $a3, 0x0600                ## $a3 = 06000000
/* 00140 80B96710 260F01D4 */  addiu   $t7, $s0, 0x01D4           ## $t7 = 000001D4
/* 00144 80B96714 2618024C */  addiu   $t8, $s0, 0x024C           ## $t8 = 0000024C
/* 00148 80B96718 24190014 */  addiu   $t9, $zero, 0x0014         ## $t9 = 00000014
/* 0014C 80B9671C AFB90018 */  sw      $t9, 0x0018($sp)           
/* 00150 80B96720 AFB80014 */  sw      $t8, 0x0014($sp)           
/* 00154 80B96724 AFAF0010 */  sw      $t7, 0x0010($sp)           
/* 00158 80B96728 24E74248 */  addiu   $a3, $a3, 0x4248           ## $a3 = 06004248
/* 0015C 80B9672C 24C6D208 */  addiu   $a2, $a2, 0xD208           ## $a2 = 0600D208
/* 00160 80B96730 AFA50030 */  sw      $a1, 0x0030($sp)           
/* 00164 80B96734 0C04DACC */  jal     func_80136B30              
/* 00168 80B96738 8FA40044 */  lw      $a0, 0x0044($sp)           
/* 0016C 80B9673C 3C050601 */  lui     $a1, 0x0601                ## $a1 = 06010000
/* 00170 80B96740 24A5DE20 */  addiu   $a1, $a1, 0xDE20           ## $a1 = 0600DE20
/* 00174 80B96744 0C04DD50 */  jal     func_80137540              
/* 00178 80B96748 8FA40030 */  lw      $a0, 0x0030($sp)           
/* 0017C 80B9674C A60002F0 */  sh      $zero, 0x02F0($s0)         ## 000002F0
/* 00180 80B96750 3C0780BA */  lui     $a3, %hi(D_80B998E0)       ## $a3 = 80BA0000
/* 00184 80B96754 24E798E0 */  addiu   $a3, $a3, %lo(D_80B998E0)  ## $a3 = 80B998E0
/* 00188 80B96758 8FA40044 */  lw      $a0, 0x0044($sp)           
/* 0018C 80B9675C 26050188 */  addiu   $a1, $s0, 0x0188           ## $a1 = 00000188
/* 00190 80B96760 0C0384DD */  jal     func_800E1374              
/* 00194 80B96764 02003025 */  or      $a2, $s0, $zero            ## $a2 = 00000000
/* 00198 80B96768 8FA70044 */  lw      $a3, 0x0044($sp)           
/* 0019C 80B9676C 8603001C */  lh      $v1, 0x001C($s0)           ## 0000001C
/* 001A0 80B96770 3C01C080 */  lui     $at, 0xC080                ## $at = C0800000
/* 001A4 80B96774 44810000 */  mtc1    $at, $f0                   ## $f0 = -4.00
/* 001A8 80B96778 A60000C0 */  sh      $zero, 0x00C0($s0)         ## 000000C0
/* 001AC 80B9677C 860900C0 */  lh      $t1, 0x00C0($s0)           ## 000000C0
/* 001B0 80B96780 3062001F */  andi    $v0, $v1, 0x001F           ## $v0 = 00000000
/* 001B4 80B96784 240800FF */  addiu   $t0, $zero, 0x00FF         ## $t0 = 000000FF
/* 001B8 80B96788 240A0006 */  addiu   $t2, $zero, 0x0006         ## $t2 = 00000006
/* 001BC 80B9678C 2C410017 */  sltiu   $at, $v0, 0x0017           
/* 001C0 80B96790 A60002F2 */  sh      $zero, 0x02F2($s0)         ## 000002F2
/* 001C4 80B96794 A60002F4 */  sh      $zero, 0x02F4($s0)         ## 000002F4
/* 001C8 80B96798 A20800B6 */  sb      $t0, 0x00B6($s0)           ## 000000B6
/* 001CC 80B9679C A20A001F */  sb      $t2, 0x001F($s0)           ## 0000001F
/* 001D0 80B967A0 E6000078 */  swc1    $f0, 0x0078($s0)           ## 00000078
/* 001D4 80B967A4 E6000074 */  swc1    $f0, 0x0074($s0)           ## 00000074
/* 001D8 80B967A8 102000E9 */  beq     $at, $zero, .L80B96B50     
/* 001DC 80B967AC A6090034 */  sh      $t1, 0x0034($s0)           ## 00000034
/* 001E0 80B967B0 00025880 */  sll     $t3, $v0,  2               
/* 001E4 80B967B4 3C0180BA */  lui     $at, %hi(D_80B99950)       ## $at = 80BA0000
/* 001E8 80B967B8 002B0821 */  addu    $at, $at, $t3              
/* 001EC 80B967BC 8C2B9950 */  lw      $t3, %lo(D_80B99950)($at)  
/* 001F0 80B967C0 01600008 */  jr      $t3                        
/* 001F4 80B967C4 00000000 */  nop
.L80B967C8:
/* 001F8 80B967C8 8602001C */  lh      $v0, 0x001C($s0)           ## 0000001C
/* 001FC 80B967CC 3C0C80B9 */  lui     $t4, %hi(func_80B97240)    ## $t4 = 80B90000
/* 00200 80B967D0 258C7240 */  addiu   $t4, $t4, %lo(func_80B97240) ## $t4 = 80B97240
/* 00204 80B967D4 AE0C02F8 */  sw      $t4, 0x02F8($s0)           ## 000002F8
/* 00208 80B967D8 A6000116 */  sh      $zero, 0x0116($s0)         ## 00000116
/* 0020C 80B967DC 100000DC */  beq     $zero, $zero, .L80B96B50   
/* 00210 80B967E0 3042001F */  andi    $v0, $v0, 0x001F           ## $v0 = 00000000
.L80B967E4:
/* 00214 80B967E4 3C0D80B9 */  lui     $t5, %hi(func_80B97708)    ## $t5 = 80B90000
/* 00218 80B967E8 24030001 */  addiu   $v1, $zero, 0x0001         ## $v1 = 00000001
/* 0021C 80B967EC 25AD7708 */  addiu   $t5, $t5, %lo(func_80B97708) ## $t5 = 80B97708
/* 00220 80B967F0 00037080 */  sll     $t6, $v1,  2               
/* 00224 80B967F4 AE0D02F8 */  sw      $t5, 0x02F8($s0)           ## 000002F8
/* 00228 80B967F8 AE0002D8 */  sw      $zero, 0x02D8($s0)         ## 000002D8
/* 0022C 80B967FC 020E1021 */  addu    $v0, $s0, $t6              
/* 00230 80B96800 AC4002DC */  sw      $zero, 0x02DC($v0)         ## 000002DC
/* 00234 80B96804 AC4002E0 */  sw      $zero, 0x02E0($v0)         ## 000002E0
/* 00238 80B96808 AC4002E4 */  sw      $zero, 0x02E4($v0)         ## 000002E4
/* 0023C 80B9680C AC4002D8 */  sw      $zero, 0x02D8($v0)         ## 000002D8
/* 00240 80B96810 8602001C */  lh      $v0, 0x001C($s0)           ## 0000001C
/* 00244 80B96814 2401003F */  addiu   $at, $zero, 0x003F         ## $at = 0000003F
/* 00248 80B96818 3C0F0002 */  lui     $t7, 0x0002                ## $t7 = 00020000
/* 0024C 80B9681C 3042FC00 */  andi    $v0, $v0, 0xFC00           ## $v0 = 00000000
/* 00250 80B96820 00021283 */  sra     $v0, $v0, 10               
/* 00254 80B96824 1041000B */  beq     $v0, $at, .L80B96854       
/* 00258 80B96828 01E77821 */  addu    $t7, $t7, $a3              
/* 0025C 80B9682C 8DEF8864 */  lw      $t7, -0x779C($t7)          ## 00018864
/* 00260 80B96830 0002C0C0 */  sll     $t8, $v0,  3               
/* 00264 80B96834 AE0002D4 */  sw      $zero, 0x02D4($s0)         ## 000002D4
/* 00268 80B96838 01F8C821 */  addu    $t9, $t7, $t8              
/* 0026C 80B9683C AE1902D0 */  sw      $t9, 0x02D0($s0)           ## 000002D0
/* 00270 80B96840 02002025 */  or      $a0, $s0, $zero            ## $a0 = 00000000
/* 00274 80B96844 0C2E5974 */  jal     func_80B965D0              
/* 00278 80B96848 00E02825 */  or      $a1, $a3, $zero            ## $a1 = 00000000
/* 0027C 80B9684C 10000003 */  beq     $zero, $zero, .L80B9685C   
/* 00280 80B96850 8602001C */  lh      $v0, 0x001C($s0)           ## 0000001C
.L80B96854:
/* 00284 80B96854 AE0002D0 */  sw      $zero, 0x02D0($s0)         ## 000002D0
/* 00288 80B96858 8602001C */  lh      $v0, 0x001C($s0)           ## 0000001C
.L80B9685C:
/* 0028C 80B9685C 100000BC */  beq     $zero, $zero, .L80B96B50   
/* 00290 80B96860 3042001F */  andi    $v0, $v0, 0x001F           ## $v0 = 00000000
.L80B96864:
/* 00294 80B96864 3C0880B9 */  lui     $t0, %hi(func_80B97B5C)    ## $t0 = 80B90000
/* 00298 80B96868 3062FC00 */  andi    $v0, $v1, 0xFC00           ## $v0 = 00000000
/* 0029C 80B9686C 25087B5C */  addiu   $t0, $t0, %lo(func_80B97B5C) ## $t0 = 80B97B5C
/* 002A0 80B96870 00021283 */  sra     $v0, $v0, 10               
/* 002A4 80B96874 2401003F */  addiu   $at, $zero, 0x003F         ## $at = 0000003F
/* 002A8 80B96878 10410009 */  beq     $v0, $at, .L80B968A0       
/* 002AC 80B9687C AE0802F8 */  sw      $t0, 0x02F8($s0)           ## 000002F8
/* 002B0 80B96880 3C090002 */  lui     $t1, 0x0002                ## $t1 = 00020000
/* 002B4 80B96884 01274821 */  addu    $t1, $t1, $a3              
/* 002B8 80B96888 8D298864 */  lw      $t1, -0x779C($t1)          ## 00018864
/* 002BC 80B9688C 000250C0 */  sll     $t2, $v0,  3               
/* 002C0 80B96890 3062001F */  andi    $v0, $v1, 0x001F           ## $v0 = 00000000
/* 002C4 80B96894 012A5821 */  addu    $t3, $t1, $t2              
/* 002C8 80B96898 100000AD */  beq     $zero, $zero, .L80B96B50   
/* 002CC 80B9689C AE0B02D0 */  sw      $t3, 0x02D0($s0)           ## 000002D0
.L80B968A0:
/* 002D0 80B968A0 AE0002D0 */  sw      $zero, 0x02D0($s0)         ## 000002D0
/* 002D4 80B968A4 8603001C */  lh      $v1, 0x001C($s0)           ## 0000001C
/* 002D8 80B968A8 100000A9 */  beq     $zero, $zero, .L80B96B50   
/* 002DC 80B968AC 3062001F */  andi    $v0, $v1, 0x001F           ## $v0 = 00000000
.L80B968B0:
/* 002E0 80B968B0 960C02F2 */  lhu     $t4, 0x02F2($s0)           ## 000002F2
/* 002E4 80B968B4 3C0E80B9 */  lui     $t6, %hi(func_80B97FD0)    ## $t6 = 80B90000
/* 002E8 80B968B8 3062FC00 */  andi    $v0, $v1, 0xFC00           ## $v0 = 00000000
/* 002EC 80B968BC 25CE7FD0 */  addiu   $t6, $t6, %lo(func_80B97FD0) ## $t6 = 80B97FD0
/* 002F0 80B968C0 00021283 */  sra     $v0, $v0, 10               
/* 002F4 80B968C4 2401003F */  addiu   $at, $zero, 0x003F         ## $at = 0000003F
/* 002F8 80B968C8 358D0004 */  ori     $t5, $t4, 0x0004           ## $t5 = 00000004
/* 002FC 80B968CC A60D02F2 */  sh      $t5, 0x02F2($s0)           ## 000002F2
/* 00300 80B968D0 10410008 */  beq     $v0, $at, .L80B968F4       
/* 00304 80B968D4 AE0E02F8 */  sw      $t6, 0x02F8($s0)           ## 000002F8
/* 00308 80B968D8 3C0F0002 */  lui     $t7, 0x0002                ## $t7 = 00020000
/* 0030C 80B968DC 01E77821 */  addu    $t7, $t7, $a3              
/* 00310 80B968E0 8DEF8864 */  lw      $t7, -0x779C($t7)          ## 00018864
/* 00314 80B968E4 0002C0C0 */  sll     $t8, $v0,  3               
/* 00318 80B968E8 01F8C821 */  addu    $t9, $t7, $t8              
/* 0031C 80B968EC 10000002 */  beq     $zero, $zero, .L80B968F8   
/* 00320 80B968F0 AE1902D0 */  sw      $t9, 0x02D0($s0)           ## 000002D0
.L80B968F4:
/* 00324 80B968F4 AE0002D0 */  sw      $zero, 0x02D0($s0)         ## 000002D0
.L80B968F8:
/* 00328 80B968F8 02002025 */  or      $a0, $s0, $zero            ## $a0 = 00000000
/* 0032C 80B968FC 24050005 */  addiu   $a1, $zero, 0x0005         ## $a1 = 00000005
/* 00330 80B96900 0C2E5AFB */  jal     func_80B96BEC              
/* 00334 80B96904 00003025 */  or      $a2, $zero, $zero          ## $a2 = 00000000
/* 00338 80B96908 8602001C */  lh      $v0, 0x001C($s0)           ## 0000001C
/* 0033C 80B9690C 10000090 */  beq     $zero, $zero, .L80B96B50   
/* 00340 80B96910 3042001F */  andi    $v0, $v0, 0x001F           ## $v0 = 00000000
.L80B96914:
/* 00344 80B96914 3C0880BA */  lui     $t0, %hi(func_80B98998)    ## $t0 = 80BA0000
/* 00348 80B96918 25088998 */  addiu   $t0, $t0, %lo(func_80B98998) ## $t0 = 80B98998
/* 0034C 80B9691C AE0802F8 */  sw      $t0, 0x02F8($s0)           ## 000002F8
/* 00350 80B96920 02002025 */  or      $a0, $s0, $zero            ## $a0 = 00000000
/* 00354 80B96924 24050002 */  addiu   $a1, $zero, 0x0002         ## $a1 = 00000002
/* 00358 80B96928 0C2E5AFB */  jal     func_80B96BEC              
/* 0035C 80B9692C 00003025 */  or      $a2, $zero, $zero          ## $a2 = 00000000
/* 00360 80B96930 3C01C4AF */  lui     $at, 0xC4AF                ## $at = C4AF0000
/* 00364 80B96934 44812000 */  mtc1    $at, $f4                   ## $f4 = -1400.00
/* 00368 80B96938 8602001C */  lh      $v0, 0x001C($s0)           ## 0000001C
/* 0036C 80B9693C A60000B0 */  sh      $zero, 0x00B0($s0)         ## 000000B0
/* 00370 80B96940 E60400C4 */  swc1    $f4, 0x00C4($s0)           ## 000000C4
/* 00374 80B96944 10000082 */  beq     $zero, $zero, .L80B96B50   
/* 00378 80B96948 3042001F */  andi    $v0, $v0, 0x001F           ## $v0 = 00000000
.L80B9694C:
/* 0037C 80B9694C 3C0980BA */  lui     $t1, %hi(func_80B98998)    ## $t1 = 80BA0000
/* 00380 80B96950 25298998 */  addiu   $t1, $t1, %lo(func_80B98998) ## $t1 = 80B98998
/* 00384 80B96954 AE0902F8 */  sw      $t1, 0x02F8($s0)           ## 000002F8
/* 00388 80B96958 02002025 */  or      $a0, $s0, $zero            ## $a0 = 00000000
/* 0038C 80B9695C 00002825 */  or      $a1, $zero, $zero          ## $a1 = 00000000
/* 00390 80B96960 0C2E5AFB */  jal     func_80B96BEC              
/* 00394 80B96964 00003025 */  or      $a2, $zero, $zero          ## $a2 = 00000000
/* 00398 80B96968 8602001C */  lh      $v0, 0x001C($s0)           ## 0000001C
/* 0039C 80B9696C 10000078 */  beq     $zero, $zero, .L80B96B50   
/* 003A0 80B96970 3042001F */  andi    $v0, $v0, 0x001F           ## $v0 = 00000000
.L80B96974:
/* 003A4 80B96974 8E0A0004 */  lw      $t2, 0x0004($s0)           ## 00000004
/* 003A8 80B96978 3C010200 */  lui     $at, 0x0200                ## $at = 02000000
/* 003AC 80B9697C 3C0C80BA */  lui     $t4, %hi(func_80B98CA8)    ## $t4 = 80BA0000
/* 003B0 80B96980 258C8CA8 */  addiu   $t4, $t4, %lo(func_80B98CA8) ## $t4 = 80B98CA8
/* 003B4 80B96984 01415825 */  or      $t3, $t2, $at              ## $t3 = 02000000
/* 003B8 80B96988 AE0B0004 */  sw      $t3, 0x0004($s0)           ## 00000004
/* 003BC 80B9698C AE0C02F8 */  sw      $t4, 0x02F8($s0)           ## 000002F8
/* 003C0 80B96990 02002025 */  or      $a0, $s0, $zero            ## $a0 = 00000000
/* 003C4 80B96994 24050005 */  addiu   $a1, $zero, 0x0005         ## $a1 = 00000005
/* 003C8 80B96998 0C2E5AFB */  jal     func_80B96BEC              
/* 003CC 80B9699C 00003025 */  or      $a2, $zero, $zero          ## $a2 = 00000000
/* 003D0 80B969A0 8602001C */  lh      $v0, 0x001C($s0)           ## 0000001C
/* 003D4 80B969A4 1000006A */  beq     $zero, $zero, .L80B96B50   
/* 003D8 80B969A8 3042001F */  andi    $v0, $v0, 0x001F           ## $v0 = 00000000
.L80B969AC:
/* 003DC 80B969AC 8602001C */  lh      $v0, 0x001C($s0)           ## 0000001C
/* 003E0 80B969B0 3C0D80BA */  lui     $t5, %hi(func_80B990A4)    ## $t5 = 80BA0000
/* 003E4 80B969B4 25AD90A4 */  addiu   $t5, $t5, %lo(func_80B990A4) ## $t5 = 80B990A4
/* 003E8 80B969B8 AE0D02F8 */  sw      $t5, 0x02F8($s0)           ## 000002F8
/* 003EC 80B969BC 10000064 */  beq     $zero, $zero, .L80B96B50   
/* 003F0 80B969C0 3042001F */  andi    $v0, $v0, 0x001F           ## $v0 = 00000000
.L80B969C4:
/* 003F4 80B969C4 3C0E80BA */  lui     $t6, %hi(func_80B992C0)    ## $t6 = 80BA0000
/* 003F8 80B969C8 25CE92C0 */  addiu   $t6, $t6, %lo(func_80B992C0) ## $t6 = 80B992C0
/* 003FC 80B969CC AE0E02F8 */  sw      $t6, 0x02F8($s0)           ## 000002F8
/* 00400 80B969D0 02002025 */  or      $a0, $s0, $zero            ## $a0 = 00000000
/* 00404 80B969D4 24050001 */  addiu   $a1, $zero, 0x0001         ## $a1 = 00000001
/* 00408 80B969D8 0C2E5AFB */  jal     func_80B96BEC              
/* 0040C 80B969DC 00003025 */  or      $a2, $zero, $zero          ## $a2 = 00000000
/* 00410 80B969E0 8603001C */  lh      $v1, 0x001C($s0)           ## 0000001C
/* 00414 80B969E4 2401003F */  addiu   $at, $zero, 0x003F         ## $at = 0000003F
/* 00418 80B969E8 8FA70044 */  lw      $a3, 0x0044($sp)           
/* 0041C 80B969EC 3062FC00 */  andi    $v0, $v1, 0xFC00           ## $v0 = 00000000
/* 00420 80B969F0 00021283 */  sra     $v0, $v0, 10               
/* 00424 80B969F4 10410008 */  beq     $v0, $at, .L80B96A18       
/* 00428 80B969F8 3C0F0002 */  lui     $t7, 0x0002                ## $t7 = 00020000
/* 0042C 80B969FC 01E77821 */  addu    $t7, $t7, $a3              
/* 00430 80B96A00 8DEF8864 */  lw      $t7, -0x779C($t7)          ## 00018864
/* 00434 80B96A04 0002C0C0 */  sll     $t8, $v0,  3               
/* 00438 80B96A08 3062001F */  andi    $v0, $v1, 0x001F           ## $v0 = 00000000
/* 0043C 80B96A0C 01F8C821 */  addu    $t9, $t7, $t8              
/* 00440 80B96A10 1000004F */  beq     $zero, $zero, .L80B96B50   
/* 00444 80B96A14 AE1902D0 */  sw      $t9, 0x02D0($s0)           ## 000002D0
.L80B96A18:
/* 00448 80B96A18 AE0002D0 */  sw      $zero, 0x02D0($s0)         ## 000002D0
/* 0044C 80B96A1C 8603001C */  lh      $v1, 0x001C($s0)           ## 0000001C
/* 00450 80B96A20 1000004B */  beq     $zero, $zero, .L80B96B50   
/* 00454 80B96A24 3062001F */  andi    $v0, $v1, 0x001F           ## $v0 = 00000000
.L80B96A28:
/* 00458 80B96A28 3C0880BA */  lui     $t0, %hi(func_80B98998)    ## $t0 = 80BA0000
/* 0045C 80B96A2C 25088998 */  addiu   $t0, $t0, %lo(func_80B98998) ## $t0 = 80B98998
/* 00460 80B96A30 AE0802F8 */  sw      $t0, 0x02F8($s0)           ## 000002F8
/* 00464 80B96A34 02002025 */  or      $a0, $s0, $zero            ## $a0 = 00000000
/* 00468 80B96A38 24050002 */  addiu   $a1, $zero, 0x0002         ## $a1 = 00000002
/* 0046C 80B96A3C 0C2E5AFB */  jal     func_80B96BEC              
/* 00470 80B96A40 00003025 */  or      $a2, $zero, $zero          ## $a2 = 00000000
/* 00474 80B96A44 3C01C4AF */  lui     $at, 0xC4AF                ## $at = C4AF0000
/* 00478 80B96A48 44813000 */  mtc1    $at, $f6                   ## $f6 = -1400.00
/* 0047C 80B96A4C A60000B0 */  sh      $zero, 0x00B0($s0)         ## 000000B0
/* 00480 80B96A50 3C09801F */  lui     $t1, 0x801F                ## $t1 = 801F0000
/* 00484 80B96A54 E60600C4 */  swc1    $f6, 0x00C4($s0)           ## 000000C4
/* 00488 80B96A58 9129059F */  lbu     $t1, 0x059F($t1)           ## 801F059F
/* 0048C 80B96A5C 312A0080 */  andi    $t2, $t1, 0x0080           ## $t2 = 00000000
/* 00490 80B96A60 55400004 */  bnel    $t2, $zero, .L80B96A74     
/* 00494 80B96A64 8602001C */  lh      $v0, 0x001C($s0)           ## 0000001C
/* 00498 80B96A68 0C02D9C3 */  jal     func_800B670C              
/* 0049C 80B96A6C 02002025 */  or      $a0, $s0, $zero            ## $a0 = 00000000
/* 004A0 80B96A70 8602001C */  lh      $v0, 0x001C($s0)           ## 0000001C
.L80B96A74:
/* 004A4 80B96A74 10000036 */  beq     $zero, $zero, .L80B96B50   
/* 004A8 80B96A78 3042001F */  andi    $v0, $v0, 0x001F           ## $v0 = 00000000
.L80B96A7C:
/* 004AC 80B96A7C 3C0B80BA */  lui     $t3, %hi(func_80B99384)    ## $t3 = 80BA0000
/* 004B0 80B96A80 256B9384 */  addiu   $t3, $t3, %lo(func_80B99384) ## $t3 = 80B99384
/* 004B4 80B96A84 AE0B02F8 */  sw      $t3, 0x02F8($s0)           ## 000002F8
/* 004B8 80B96A88 3C0C801F */  lui     $t4, 0x801F                ## $t4 = 801F0000
/* 004BC 80B96A8C 918C059F */  lbu     $t4, 0x059F($t4)           ## 801F059F
/* 004C0 80B96A90 318D0080 */  andi    $t5, $t4, 0x0080           ## $t5 = 00000000
/* 004C4 80B96A94 55A00004 */  bnel    $t5, $zero, .L80B96AA8     
/* 004C8 80B96A98 8602001C */  lh      $v0, 0x001C($s0)           ## 0000001C
/* 004CC 80B96A9C 0C02D9C3 */  jal     func_800B670C              
/* 004D0 80B96AA0 02002025 */  or      $a0, $s0, $zero            ## $a0 = 00000000
/* 004D4 80B96AA4 8602001C */  lh      $v0, 0x001C($s0)           ## 0000001C
.L80B96AA8:
/* 004D8 80B96AA8 10000029 */  beq     $zero, $zero, .L80B96B50   
/* 004DC 80B96AAC 3042001F */  andi    $v0, $v0, 0x001F           ## $v0 = 00000000
.L80B96AB0:
/* 004E0 80B96AB0 02002025 */  or      $a0, $s0, $zero            ## $a0 = 00000000
/* 004E4 80B96AB4 24050007 */  addiu   $a1, $zero, 0x0007         ## $a1 = 00000007
/* 004E8 80B96AB8 0C2E5AFB */  jal     func_80B96BEC              
/* 004EC 80B96ABC 00003025 */  or      $a2, $zero, $zero          ## $a2 = 00000000
/* 004F0 80B96AC0 8602001C */  lh      $v0, 0x001C($s0)           ## 0000001C
/* 004F4 80B96AC4 10000022 */  beq     $zero, $zero, .L80B96B50   
/* 004F8 80B96AC8 3042001F */  andi    $v0, $v0, 0x001F           ## $v0 = 00000000
.L80B96ACC:
/* 004FC 80B96ACC 02002025 */  or      $a0, $s0, $zero            ## $a0 = 00000000
/* 00500 80B96AD0 24050008 */  addiu   $a1, $zero, 0x0008         ## $a1 = 00000008
/* 00504 80B96AD4 0C2E5AFB */  jal     func_80B96BEC              
/* 00508 80B96AD8 24060002 */  addiu   $a2, $zero, 0x0002         ## $a2 = 00000002
/* 0050C 80B96ADC 8602001C */  lh      $v0, 0x001C($s0)           ## 0000001C
/* 00510 80B96AE0 1000001B */  beq     $zero, $zero, .L80B96B50   
/* 00514 80B96AE4 3042001F */  andi    $v0, $v0, 0x001F           ## $v0 = 00000000
.L80B96AE8:
/* 00518 80B96AE8 02002025 */  or      $a0, $s0, $zero            ## $a0 = 00000000
/* 0051C 80B96AEC 24050009 */  addiu   $a1, $zero, 0x0009         ## $a1 = 00000009
/* 00520 80B96AF0 0C2E5AFB */  jal     func_80B96BEC              
/* 00524 80B96AF4 24060002 */  addiu   $a2, $zero, 0x0002         ## $a2 = 00000002
/* 00528 80B96AF8 8602001C */  lh      $v0, 0x001C($s0)           ## 0000001C
/* 0052C 80B96AFC 10000014 */  beq     $zero, $zero, .L80B96B50   
/* 00530 80B96B00 3042001F */  andi    $v0, $v0, 0x001F           ## $v0 = 00000000
.L80B96B04:
/* 00534 80B96B04 3C0E80BA */  lui     $t6, %hi(func_80B980FC)    ## $t6 = 80BA0000
/* 00538 80B96B08 3062FC00 */  andi    $v0, $v1, 0xFC00           ## $v0 = 00000000
/* 0053C 80B96B0C 25CE80FC */  addiu   $t6, $t6, %lo(func_80B980FC) ## $t6 = 80B980FC
/* 00540 80B96B10 00021283 */  sra     $v0, $v0, 10               
/* 00544 80B96B14 2401003F */  addiu   $at, $zero, 0x003F         ## $at = 0000003F
/* 00548 80B96B18 10410008 */  beq     $v0, $at, .L80B96B3C       
/* 0054C 80B96B1C AE0E02F8 */  sw      $t6, 0x02F8($s0)           ## 000002F8
/* 00550 80B96B20 3C0F0002 */  lui     $t7, 0x0002                ## $t7 = 00020000
/* 00554 80B96B24 01E77821 */  addu    $t7, $t7, $a3              
/* 00558 80B96B28 8DEF8864 */  lw      $t7, -0x779C($t7)          ## 00018864
/* 0055C 80B96B2C 0002C0C0 */  sll     $t8, $v0,  3               
/* 00560 80B96B30 01F8C821 */  addu    $t9, $t7, $t8              
/* 00564 80B96B34 10000002 */  beq     $zero, $zero, .L80B96B40   
/* 00568 80B96B38 AE1902D0 */  sw      $t9, 0x02D0($s0)           ## 000002D0
.L80B96B3C:
/* 0056C 80B96B3C AE0002D0 */  sw      $zero, 0x02D0($s0)         ## 000002D0
.L80B96B40:
/* 00570 80B96B40 86080018 */  lh      $t0, 0x0018($s0)           ## 00000018
/* 00574 80B96B44 8602001C */  lh      $v0, 0x001C($s0)           ## 0000001C
/* 00578 80B96B48 A6080014 */  sh      $t0, 0x0014($s0)           ## 00000014
/* 0057C 80B96B4C 3042001F */  andi    $v0, $v0, 0x001F           ## $v0 = 00000000
.L80B96B50:
/* 00580 80B96B50 28410002 */  slti    $at, $v0, 0x0002           
/* 00584 80B96B54 14200009 */  bne     $at, $zero, .L80B96B7C     
/* 00588 80B96B58 2841000B */  slti    $at, $v0, 0x000B           
/* 0058C 80B96B5C 10200007 */  beq     $at, $zero, .L80B96B7C     
/* 00590 80B96B60 3C09801F */  lui     $t1, 0x801F                ## $t1 = 801F0000
/* 00594 80B96B64 9129059F */  lbu     $t1, 0x059F($t1)           ## 801F059F
/* 00598 80B96B68 312A0080 */  andi    $t2, $t1, 0x0080           ## $t2 = 00000000
/* 0059C 80B96B6C 51400004 */  beql    $t2, $zero, .L80B96B80     
/* 005A0 80B96B70 8FBF002C */  lw      $ra, 0x002C($sp)           
/* 005A4 80B96B74 0C02D9C3 */  jal     func_800B670C              
/* 005A8 80B96B78 02002025 */  or      $a0, $s0, $zero            ## $a0 = 00000000
.L80B96B7C:
/* 005AC 80B96B7C 8FBF002C */  lw      $ra, 0x002C($sp)           
.L80B96B80:
/* 005B0 80B96B80 8FB00028 */  lw      $s0, 0x0028($sp)           
/* 005B4 80B96B84 27BD0040 */  addiu   $sp, $sp, 0x0040           ## $sp = 00000000
/* 005B8 80B96B88 03E00008 */  jr      $ra                        
/* 005BC 80B96B8C 00000000 */  nop


glabel func_80B96B90
/* 005C0 80B96B90 27BDFFE8 */  addiu   $sp, $sp, 0xFFE8           ## $sp = FFFFFFE8
/* 005C4 80B96B94 AFBF0014 */  sw      $ra, 0x0014($sp)           
/* 005C8 80B96B98 AFA40018 */  sw      $a0, 0x0018($sp)           
/* 005CC 80B96B9C 00A03025 */  or      $a2, $a1, $zero            ## $a2 = 00000000
/* 005D0 80B96BA0 8FA50018 */  lw      $a1, 0x0018($sp)           
/* 005D4 80B96BA4 00C02025 */  or      $a0, $a2, $zero            ## $a0 = 00000000
/* 005D8 80B96BA8 0C03847B */  jal     func_800E11EC              
/* 005DC 80B96BAC 24A50188 */  addiu   $a1, $a1, 0x0188           ## $a1 = 00000188
/* 005E0 80B96BB0 8FAE0018 */  lw      $t6, 0x0018($sp)           
/* 005E4 80B96BB4 24010008 */  addiu   $at, $zero, 0x0008         ## $at = 00000008
/* 005E8 80B96BB8 3C02801F */  lui     $v0, 0x801F                ## $v0 = 801F0000
/* 005EC 80B96BBC 85CF001C */  lh      $t7, 0x001C($t6)           ## 0000001C
/* 005F0 80B96BC0 2442F670 */  addiu   $v0, $v0, 0xF670           ## $v0 = 801EF670
/* 005F4 80B96BC4 31F8001F */  andi    $t8, $t7, 0x001F           ## $t8 = 00000000
/* 005F8 80B96BC8 57010005 */  bnel    $t8, $at, .L80B96BE0       
/* 005FC 80B96BCC 8FBF0014 */  lw      $ra, 0x0014($sp)           
/* 00600 80B96BD0 90590F21 */  lbu     $t9, 0x0F21($v0)           ## 801F0591
/* 00604 80B96BD4 332800DF */  andi    $t0, $t9, 0x00DF           ## $t0 = 00000000
/* 00608 80B96BD8 A0480F21 */  sb      $t0, 0x0F21($v0)           ## 801F0591
/* 0060C 80B96BDC 8FBF0014 */  lw      $ra, 0x0014($sp)           
.L80B96BE0:
/* 00610 80B96BE0 27BD0018 */  addiu   $sp, $sp, 0x0018           ## $sp = 00000000
/* 00614 80B96BE4 03E00008 */  jr      $ra                        
/* 00618 80B96BE8 00000000 */  nop


glabel func_80B96BEC
/* 0061C 80B96BEC 27BDFFC8 */  addiu   $sp, $sp, 0xFFC8           ## $sp = FFFFFFC8
/* 00620 80B96BF0 AFB00028 */  sw      $s0, 0x0028($sp)           
/* 00624 80B96BF4 00058400 */  sll     $s0, $a1, 16               
/* 00628 80B96BF8 00108403 */  sra     $s0, $s0, 16               
/* 0062C 80B96BFC AFBF002C */  sw      $ra, 0x002C($sp)           
/* 00630 80B96C00 AFA40038 */  sw      $a0, 0x0038($sp)           
/* 00634 80B96C04 AFA5003C */  sw      $a1, 0x003C($sp)           
/* 00638 80B96C08 AFA60040 */  sw      $a2, 0x0040($sp)           
/* 0063C 80B96C0C 06000030 */  bltz    $s0, .L80B96CD0            
/* 00640 80B96C10 2A01000A */  slti    $at, $s0, 0x000A           
/* 00644 80B96C14 1020002E */  beq     $at, $zero, .L80B96CD0     
/* 00648 80B96C18 2A010008 */  slti    $at, $s0, 0x0008           
/* 0064C 80B96C1C 14200014 */  bne     $at, $zero, .L80B96C70     
/* 00650 80B96C20 0010C880 */  sll     $t9, $s0,  2               
/* 00654 80B96C24 260FFFF8 */  addiu   $t7, $s0, 0xFFF8           ## $t7 = FFFFFFF8
/* 00658 80B96C28 448F2000 */  mtc1    $t7, $f4                   ## $f4 = NaN
/* 0065C 80B96C2C 44801000 */  mtc1    $zero, $f2                 ## $f2 = 0.00
/* 00660 80B96C30 8FA40038 */  lw      $a0, 0x0038($sp)           
/* 00664 80B96C34 46802020 */  cvt.s.w $f0, $f4                   
/* 00668 80B96C38 93B80043 */  lbu     $t8, 0x0043($sp)           
/* 0066C 80B96C3C 00107080 */  sll     $t6, $s0,  2               
/* 00670 80B96C40 3C0580BA */  lui     $a1, %hi(D_80B9990C)       ## $a1 = 80BA0000
/* 00674 80B96C44 00AE2821 */  addu    $a1, $a1, $t6              
/* 00678 80B96C48 44061000 */  mfc1    $a2, $f2                   
/* 0067C 80B96C4C 44070000 */  mfc1    $a3, $f0                   
/* 00680 80B96C50 8CA5990C */  lw      $a1, %lo(D_80B9990C)($a1)  
/* 00684 80B96C54 E7A00010 */  swc1    $f0, 0x0010($sp)           
/* 00688 80B96C58 24840144 */  addiu   $a0, $a0, 0x0144           ## $a0 = 00000144
/* 0068C 80B96C5C E7A20018 */  swc1    $f2, 0x0018($sp)           
/* 00690 80B96C60 0C04DCFA */  jal     func_801373E8              
/* 00694 80B96C64 AFB80014 */  sw      $t8, 0x0014($sp)           
/* 00698 80B96C68 10000018 */  beq     $zero, $zero, .L80B96CCC   
/* 0069C 80B96C6C 8FAA0038 */  lw      $t2, 0x0038($sp)           
.L80B96C70:
/* 006A0 80B96C70 3C0880BA */  lui     $t0, %hi(D_80B9990C)       ## $t0 = 80BA0000
/* 006A4 80B96C74 2508990C */  addiu   $t0, $t0, %lo(D_80B9990C)  ## $t0 = 80B9990C
/* 006A8 80B96C78 03281821 */  addu    $v1, $t9, $t0              
/* 006AC 80B96C7C 8C640000 */  lw      $a0, 0x0000($v1)           ## 00000000
/* 006B0 80B96C80 0C04D1D2 */  jal     func_80134748              
/* 006B4 80B96C84 AFA30030 */  sw      $v1, 0x0030($sp)           
/* 006B8 80B96C88 44823000 */  mtc1    $v0, $f6                   ## $f6 = 0.00
/* 006BC 80B96C8C 44801000 */  mtc1    $zero, $f2                 ## $f2 = 0.00
/* 006C0 80B96C90 3C01C0A0 */  lui     $at, 0xC0A0                ## $at = C0A00000
/* 006C4 80B96C94 46803220 */  cvt.s.w $f8, $f6                   
/* 006C8 80B96C98 44815000 */  mtc1    $at, $f10                  ## $f10 = -5.00
/* 006CC 80B96C9C 8FA30030 */  lw      $v1, 0x0030($sp)           
/* 006D0 80B96CA0 8FA40038 */  lw      $a0, 0x0038($sp)           
/* 006D4 80B96CA4 93A90043 */  lbu     $t1, 0x0043($sp)           
/* 006D8 80B96CA8 44071000 */  mfc1    $a3, $f2                   
/* 006DC 80B96CAC E7A80010 */  swc1    $f8, 0x0010($sp)           
/* 006E0 80B96CB0 3C063F80 */  lui     $a2, 0x3F80                ## $a2 = 3F800000
/* 006E4 80B96CB4 8C650000 */  lw      $a1, 0x0000($v1)           ## 00000000
/* 006E8 80B96CB8 E7AA0018 */  swc1    $f10, 0x0018($sp)          
/* 006EC 80B96CBC 24840144 */  addiu   $a0, $a0, 0x0144           ## $a0 = 00000144
/* 006F0 80B96CC0 0C04DCFA */  jal     func_801373E8              
/* 006F4 80B96CC4 AFA90014 */  sw      $t1, 0x0014($sp)           
/* 006F8 80B96CC8 8FAA0038 */  lw      $t2, 0x0038($sp)           
.L80B96CCC:
/* 006FC 80B96CCC A55002F0 */  sh      $s0, 0x02F0($t2)           ## 000002F0
.L80B96CD0:
/* 00700 80B96CD0 8FBF002C */  lw      $ra, 0x002C($sp)           
/* 00704 80B96CD4 8FB00028 */  lw      $s0, 0x0028($sp)           
/* 00708 80B96CD8 27BD0038 */  addiu   $sp, $sp, 0x0038           ## $sp = 00000000
/* 0070C 80B96CDC 03E00008 */  jr      $ra                        
/* 00710 80B96CE0 00000000 */  nop


glabel func_80B96CE4
/* 00714 80B96CE4 8C8E02D8 */  lw      $t6, 0x02D8($a0)           ## 000002D8
/* 00718 80B96CE8 24020001 */  addiu   $v0, $zero, 0x0001         ## $v0 = 00000001
/* 0071C 80B96CEC 00001825 */  or      $v1, $zero, $zero          ## $v1 = 00000000
/* 00720 80B96CF0 15C00002 */  bne     $t6, $zero, .L80B96CFC     
/* 00724 80B96CF4 00027880 */  sll     $t7, $v0,  2               
/* 00728 80B96CF8 24030001 */  addiu   $v1, $zero, 0x0001         ## $v1 = 00000001
.L80B96CFC:
/* 0072C 80B96CFC 008F2821 */  addu    $a1, $a0, $t7              
/* 00730 80B96D00 8CB802D8 */  lw      $t8, 0x02D8($a1)           ## 000002D8
/* 00734 80B96D04 57000003 */  bnel    $t8, $zero, .L80B96D14     
/* 00738 80B96D08 8CB902DC */  lw      $t9, 0x02DC($a1)           ## 000002DC
/* 0073C 80B96D0C 24630001 */  addiu   $v1, $v1, 0x0001           ## $v1 = 00000002
/* 00740 80B96D10 8CB902DC */  lw      $t9, 0x02DC($a1)           ## 000002DC
.L80B96D14:
/* 00744 80B96D14 57200003 */  bnel    $t9, $zero, .L80B96D24     
/* 00748 80B96D18 8CA802E0 */  lw      $t0, 0x02E0($a1)           ## 000002E0
/* 0074C 80B96D1C 24630001 */  addiu   $v1, $v1, 0x0001           ## $v1 = 00000003
/* 00750 80B96D20 8CA802E0 */  lw      $t0, 0x02E0($a1)           ## 000002E0
.L80B96D24:
/* 00754 80B96D24 55000003 */  bnel    $t0, $zero, .L80B96D34     
/* 00758 80B96D28 8CA902E4 */  lw      $t1, 0x02E4($a1)           ## 000002E4
/* 0075C 80B96D2C 24630001 */  addiu   $v1, $v1, 0x0001           ## $v1 = 00000004
/* 00760 80B96D30 8CA902E4 */  lw      $t1, 0x02E4($a1)           ## 000002E4
.L80B96D34:
/* 00764 80B96D34 55200003 */  bnel    $t1, $zero, .L80B96D44     
/* 00768 80B96D38 00601025 */  or      $v0, $v1, $zero            ## $v0 = 00000004
/* 0076C 80B96D3C 24630001 */  addiu   $v1, $v1, 0x0001           ## $v1 = 00000005
/* 00770 80B96D40 00601025 */  or      $v0, $v1, $zero            ## $v0 = 00000005
.L80B96D44:
/* 00774 80B96D44 03E00008 */  jr      $ra                        
/* 00778 80B96D48 00000000 */  nop


glabel func_80B96D4C
/* 0077C 80B96D4C 8C8302D8 */  lw      $v1, 0x02D8($a0)           ## 000002D8
/* 00780 80B96D50 00801025 */  or      $v0, $a0, $zero            ## $v0 = 00000000
/* 00784 80B96D54 50600006 */  beql    $v1, $zero, .L80B96D70     
/* 00788 80B96D58 24020001 */  addiu   $v0, $zero, 0x0001         ## $v0 = 00000001
/* 0078C 80B96D5C 8C6E0138 */  lw      $t6, 0x0138($v1)           ## 00000138
/* 00790 80B96D60 55C00003 */  bnel    $t6, $zero, .L80B96D70     
/* 00794 80B96D64 24020001 */  addiu   $v0, $zero, 0x0001         ## $v0 = 00000001
/* 00798 80B96D68 AC4002D8 */  sw      $zero, 0x02D8($v0)         ## 000002D9
/* 0079C 80B96D6C 24020001 */  addiu   $v0, $zero, 0x0001         ## $v0 = 00000001
.L80B96D70:
/* 007A0 80B96D70 00027880 */  sll     $t7, $v0,  2               
/* 007A4 80B96D74 008F1821 */  addu    $v1, $a0, $t7              
/* 007A8 80B96D78 8C6502D8 */  lw      $a1, 0x02D8($v1)           ## 000002D8
/* 007AC 80B96D7C 50A00006 */  beql    $a1, $zero, .L80B96D98     
/* 007B0 80B96D80 8C6202DC */  lw      $v0, 0x02DC($v1)           ## 000002DC
/* 007B4 80B96D84 8CB80138 */  lw      $t8, 0x0138($a1)           ## 00000138
/* 007B8 80B96D88 57000003 */  bnel    $t8, $zero, .L80B96D98     
/* 007BC 80B96D8C 8C6202DC */  lw      $v0, 0x02DC($v1)           ## 000002DC
/* 007C0 80B96D90 AC6002D8 */  sw      $zero, 0x02D8($v1)         ## 000002D8
/* 007C4 80B96D94 8C6202DC */  lw      $v0, 0x02DC($v1)           ## 000002DC
.L80B96D98:
/* 007C8 80B96D98 50400006 */  beql    $v0, $zero, .L80B96DB4     
/* 007CC 80B96D9C 8C6202E0 */  lw      $v0, 0x02E0($v1)           ## 000002E0
/* 007D0 80B96DA0 8C590138 */  lw      $t9, 0x0138($v0)           ## 00000139
/* 007D4 80B96DA4 57200003 */  bnel    $t9, $zero, .L80B96DB4     
/* 007D8 80B96DA8 8C6202E0 */  lw      $v0, 0x02E0($v1)           ## 000002E0
/* 007DC 80B96DAC AC6002DC */  sw      $zero, 0x02DC($v1)         ## 000002DC
/* 007E0 80B96DB0 8C6202E0 */  lw      $v0, 0x02E0($v1)           ## 000002E0
.L80B96DB4:
/* 007E4 80B96DB4 50400006 */  beql    $v0, $zero, .L80B96DD0     
/* 007E8 80B96DB8 8C6202E4 */  lw      $v0, 0x02E4($v1)           ## 000002E4
/* 007EC 80B96DBC 8C480138 */  lw      $t0, 0x0138($v0)           ## 00000139
/* 007F0 80B96DC0 55000003 */  bnel    $t0, $zero, .L80B96DD0     
/* 007F4 80B96DC4 8C6202E4 */  lw      $v0, 0x02E4($v1)           ## 000002E4
/* 007F8 80B96DC8 AC6002E0 */  sw      $zero, 0x02E0($v1)         ## 000002E0
/* 007FC 80B96DCC 8C6202E4 */  lw      $v0, 0x02E4($v1)           ## 000002E4
.L80B96DD0:
/* 00800 80B96DD0 10400005 */  beq     $v0, $zero, .L80B96DE8     
/* 00804 80B96DD4 00000000 */  nop
/* 00808 80B96DD8 8C490138 */  lw      $t1, 0x0138($v0)           ## 00000139
/* 0080C 80B96DDC 15200002 */  bne     $t1, $zero, .L80B96DE8     
/* 00810 80B96DE0 00000000 */  nop
/* 00814 80B96DE4 AC6002E4 */  sw      $zero, 0x02E4($v1)         ## 000002E4
.L80B96DE8:
/* 00818 80B96DE8 03E00008 */  jr      $ra                        
/* 0081C 80B96DEC 00000000 */  nop


glabel func_80B96DF0
/* 00820 80B96DF0 27BDFFE8 */  addiu   $sp, $sp, 0xFFE8           ## $sp = FFFFFFE8
/* 00824 80B96DF4 AFBF0014 */  sw      $ra, 0x0014($sp)           
/* 00828 80B96DF8 AFA40018 */  sw      $a0, 0x0018($sp)           
/* 0082C 80B96DFC 00A03025 */  or      $a2, $a1, $zero            ## $a2 = 00000000
/* 00830 80B96E00 8FA40018 */  lw      $a0, 0x0018($sp)           
/* 00834 80B96E04 0C02DCC8 */  jal     func_800B7320              
/* 00838 80B96E08 24053000 */  addiu   $a1, $zero, 0x3000         ## $a1 = 00003000
/* 0083C 80B96E0C 1040000E */  beq     $v0, $zero, .L80B96E48     
/* 00840 80B96E10 8FA40018 */  lw      $a0, 0x0018($sp)           
/* 00844 80B96E14 0C02DCF8 */  jal     func_800B73E0              
/* 00848 80B96E18 24053000 */  addiu   $a1, $zero, 0x3000         ## $a1 = 00003000
/* 0084C 80B96E1C 1040000A */  beq     $v0, $zero, .L80B96E48     
/* 00850 80B96E20 8FAE0018 */  lw      $t6, 0x0018($sp)           
/* 00854 80B96E24 3C0142C8 */  lui     $at, 0x42C8                ## $at = 42C80000
/* 00858 80B96E28 44813000 */  mtc1    $at, $f6                   ## $f6 = 100.00
/* 0085C 80B96E2C C5C40098 */  lwc1    $f4, 0x0098($t6)           ## 00000098
/* 00860 80B96E30 4606203C */  c.lt.s  $f4, $f6                   
/* 00864 80B96E34 00000000 */  nop
/* 00868 80B96E38 45020004 */  bc1fl   .L80B96E4C                 
/* 0086C 80B96E3C 00001025 */  or      $v0, $zero, $zero          ## $v0 = 00000000
/* 00870 80B96E40 10000002 */  beq     $zero, $zero, .L80B96E4C   
/* 00874 80B96E44 24020001 */  addiu   $v0, $zero, 0x0001         ## $v0 = 00000001
.L80B96E48:
/* 00878 80B96E48 00001025 */  or      $v0, $zero, $zero          ## $v0 = 00000000
.L80B96E4C:
/* 0087C 80B96E4C 8FBF0014 */  lw      $ra, 0x0014($sp)           
/* 00880 80B96E50 27BD0018 */  addiu   $sp, $sp, 0x0018           ## $sp = 00000000
/* 00884 80B96E54 03E00008 */  jr      $ra                        
/* 00888 80B96E58 00000000 */  nop


glabel func_80B96E5C
/* 0088C 80B96E5C 27BDFFC8 */  addiu   $sp, $sp, 0xFFC8           ## $sp = FFFFFFC8
/* 00890 80B96E60 AFB00020 */  sw      $s0, 0x0020($sp)           
/* 00894 80B96E64 00808025 */  or      $s0, $a0, $zero            ## $s0 = 00000000
/* 00898 80B96E68 AFBF0024 */  sw      $ra, 0x0024($sp)           
/* 0089C 80B96E6C 8E0202D0 */  lw      $v0, 0x02D0($s0)           ## 000002D0
/* 008A0 80B96E70 54400004 */  bnel    $v0, $zero, .L80B96E84     
/* 008A4 80B96E74 8C440004 */  lw      $a0, 0x0004($v0)           ## 00000004
/* 008A8 80B96E78 10000048 */  beq     $zero, $zero, .L80B96F9C   
/* 008AC 80B96E7C 24020001 */  addiu   $v0, $zero, 0x0001         ## $v0 = 00000001
/* 008B0 80B96E80 8C440004 */  lw      $a0, 0x0004($v0)           ## 00000005
.L80B96E84:
/* 008B4 80B96E84 0C040141 */  jal     func_80100504              
/* 008B8 80B96E88 AFA20034 */  sw      $v0, 0x0034($sp)           
/* 008BC 80B96E8C 8E0E02D4 */  lw      $t6, 0x02D4($s0)           ## 000002D4
/* 008C0 80B96E90 C6080024 */  lwc1    $f8, 0x0024($s0)           ## 00000024
/* 008C4 80B96E94 C612002C */  lwc1    $f18, 0x002C($s0)          ## 0000002C
/* 008C8 80B96E98 000E7880 */  sll     $t7, $t6,  2               
/* 008CC 80B96E9C 01EE7823 */  subu    $t7, $t7, $t6              
/* 008D0 80B96EA0 000F7840 */  sll     $t7, $t7,  1               
/* 008D4 80B96EA4 004F1821 */  addu    $v1, $v0, $t7              
/* 008D8 80B96EA8 84780000 */  lh      $t8, 0x0000($v1)           ## 00000000
/* 008DC 80B96EAC 84790004 */  lh      $t9, 0x0004($v1)           ## 00000004
/* 008E0 80B96EB0 AFA30030 */  sw      $v1, 0x0030($sp)           
/* 008E4 80B96EB4 44982000 */  mtc1    $t8, $f4                   ## $f4 = 0.00
/* 008E8 80B96EB8 44995000 */  mtc1    $t9, $f10                  ## $f10 = 0.00
/* 008EC 80B96EBC 468021A0 */  cvt.s.w $f6, $f4                   
/* 008F0 80B96EC0 46805420 */  cvt.s.w $f16, $f10                 
/* 008F4 80B96EC4 46083301 */  sub.s   $f12, $f6, $f8             
/* 008F8 80B96EC8 46128381 */  sub.s   $f14, $f16, $f18           
/* 008FC 80B96ECC E7AC002C */  swc1    $f12, 0x002C($sp)          
/* 00900 80B96ED0 0C05FFB9 */  jal     func_8017FEE4              
/* 00904 80B96ED4 E7AE0028 */  swc1    $f14, 0x0028($sp)          
/* 00908 80B96ED8 A6020032 */  sh      $v0, 0x0032($s0)           ## 00000032
/* 0090C 80B96EDC 86050032 */  lh      $a1, 0x0032($s0)           ## 00000032
/* 00910 80B96EE0 240800C8 */  addiu   $t0, $zero, 0x00C8         ## $t0 = 000000C8
/* 00914 80B96EE4 AFA80010 */  sw      $t0, 0x0010($sp)           
/* 00918 80B96EE8 260400BE */  addiu   $a0, $s0, 0x00BE           ## $a0 = 000000BE
/* 0091C 80B96EEC 24060002 */  addiu   $a2, $zero, 0x0002         ## $a2 = 00000002
/* 00920 80B96EF0 0C03FFAF */  jal     func_800FFEBC              
/* 00924 80B96EF4 240707D0 */  addiu   $a3, $zero, 0x07D0         ## $a3 = 000007D0
/* 00928 80B96EF8 C6000070 */  lwc1    $f0, 0x0070($s0)           ## 00000070
/* 0092C 80B96EFC 3C014110 */  lui     $at, 0x4110                ## $at = 41100000
/* 00930 80B96F00 44813000 */  mtc1    $at, $f6                   ## $f6 = 9.00
/* 00934 80B96F04 46000102 */  mul.s   $f4, $f0, $f0              
/* 00938 80B96F08 8E0402D4 */  lw      $a0, 0x02D4($s0)           ## 000002D4
/* 0093C 80B96F0C 8FA30030 */  lw      $v1, 0x0030($sp)           
/* 00940 80B96F10 C7AC002C */  lwc1    $f12, 0x002C($sp)          
/* 00944 80B96F14 C7AE0028 */  lwc1    $f14, 0x0028($sp)          
/* 00948 80B96F18 3C0143C8 */  lui     $at, 0x43C8                ## $at = 43C80000
/* 0094C 80B96F1C 00001025 */  or      $v0, $zero, $zero          ## $v0 = 00000000
/* 00950 80B96F20 46062082 */  mul.s   $f2, $f4, $f6              
/* 00954 80B96F24 14800003 */  bne     $a0, $zero, .L80B96F34     
/* 00958 80B96F28 24890001 */  addiu   $t1, $a0, 0x0001           ## $t1 = 00000001
/* 0095C 80B96F2C 44811000 */  mtc1    $at, $f2                   ## $f2 = 400.00
/* 00960 80B96F30 00000000 */  nop
.L80B96F34:
/* 00964 80B96F34 460C6202 */  mul.s   $f8, $f12, $f12            
/* 00968 80B96F38 00000000 */  nop
/* 0096C 80B96F3C 460E7282 */  mul.s   $f10, $f14, $f14           
/* 00970 80B96F40 460A4400 */  add.s   $f16, $f8, $f10            
/* 00974 80B96F44 4602803C */  c.lt.s  $f16, $f2                  
/* 00978 80B96F48 00000000 */  nop
/* 0097C 80B96F4C 45000013 */  bc1f    .L80B96F9C                 
/* 00980 80B96F50 00000000 */  nop
/* 00984 80B96F54 AE0902D4 */  sw      $t1, 0x02D4($s0)           ## 000002D4
/* 00988 80B96F58 8FAB0034 */  lw      $t3, 0x0034($sp)           
/* 0098C 80B96F5C 916C0000 */  lbu     $t4, 0x0000($t3)           ## 00000000
/* 00990 80B96F60 012C082A */  slt     $at, $t1, $t4              
/* 00994 80B96F64 1420000D */  bne     $at, $zero, .L80B96F9C     
/* 00998 80B96F68 00000000 */  nop
/* 0099C 80B96F6C 846D0000 */  lh      $t5, 0x0000($v1)           ## 00000000
/* 009A0 80B96F70 24020001 */  addiu   $v0, $zero, 0x0001         ## $v0 = 00000001
/* 009A4 80B96F74 448D9000 */  mtc1    $t5, $f18                  ## $f18 = 0.00
/* 009A8 80B96F78 00000000 */  nop
/* 009AC 80B96F7C 46809120 */  cvt.s.w $f4, $f18                  
/* 009B0 80B96F80 E6040024 */  swc1    $f4, 0x0024($s0)           ## 00000024
/* 009B4 80B96F84 846E0004 */  lh      $t6, 0x0004($v1)           ## 00000004
/* 009B8 80B96F88 448E3000 */  mtc1    $t6, $f6                   ## $f6 = 0.00
/* 009BC 80B96F8C 00000000 */  nop
/* 009C0 80B96F90 46803220 */  cvt.s.w $f8, $f6                   
/* 009C4 80B96F94 10000001 */  beq     $zero, $zero, .L80B96F9C   
/* 009C8 80B96F98 E608002C */  swc1    $f8, 0x002C($s0)           ## 0000002C
.L80B96F9C:
/* 009CC 80B96F9C 8FBF0024 */  lw      $ra, 0x0024($sp)           
/* 009D0 80B96FA0 8FB00020 */  lw      $s0, 0x0020($sp)           
/* 009D4 80B96FA4 27BD0038 */  addiu   $sp, $sp, 0x0038           ## $sp = 00000000
/* 009D8 80B96FA8 03E00008 */  jr      $ra                        
/* 009DC 80B96FAC 00000000 */  nop


glabel func_80B96FB0
/* 009E0 80B96FB0 27BDFFC8 */  addiu   $sp, $sp, 0xFFC8           ## $sp = FFFFFFC8
/* 009E4 80B96FB4 AFB00020 */  sw      $s0, 0x0020($sp)           
/* 009E8 80B96FB8 00808025 */  or      $s0, $a0, $zero            ## $s0 = 00000000
/* 009EC 80B96FBC AFBF0024 */  sw      $ra, 0x0024($sp)           
/* 009F0 80B96FC0 8E0202D0 */  lw      $v0, 0x02D0($s0)           ## 000002D0
/* 009F4 80B96FC4 54400004 */  bnel    $v0, $zero, .L80B96FD8     
/* 009F8 80B96FC8 8C440004 */  lw      $a0, 0x0004($v0)           ## 00000004
/* 009FC 80B96FCC 10000047 */  beq     $zero, $zero, .L80B970EC   
/* 00A00 80B96FD0 24020001 */  addiu   $v0, $zero, 0x0001         ## $v0 = 00000001
/* 00A04 80B96FD4 8C440004 */  lw      $a0, 0x0004($v0)           ## 00000005
.L80B96FD8:
/* 00A08 80B96FD8 0C040141 */  jal     func_80100504              
/* 00A0C 80B96FDC AFA20034 */  sw      $v0, 0x0034($sp)           
/* 00A10 80B96FE0 8E0E02D4 */  lw      $t6, 0x02D4($s0)           ## 000002D4
/* 00A14 80B96FE4 C6080024 */  lwc1    $f8, 0x0024($s0)           ## 00000024
/* 00A18 80B96FE8 C612002C */  lwc1    $f18, 0x002C($s0)          ## 0000002C
/* 00A1C 80B96FEC 000E7880 */  sll     $t7, $t6,  2               
/* 00A20 80B96FF0 01EE7823 */  subu    $t7, $t7, $t6              
/* 00A24 80B96FF4 000F7840 */  sll     $t7, $t7,  1               
/* 00A28 80B96FF8 004F1821 */  addu    $v1, $v0, $t7              
/* 00A2C 80B96FFC 84780000 */  lh      $t8, 0x0000($v1)           ## 00000000
/* 00A30 80B97000 84790004 */  lh      $t9, 0x0004($v1)           ## 00000004
/* 00A34 80B97004 44982000 */  mtc1    $t8, $f4                   ## $f4 = 0.00
/* 00A38 80B97008 44995000 */  mtc1    $t9, $f10                  ## $f10 = 0.00
/* 00A3C 80B9700C 468021A0 */  cvt.s.w $f6, $f4                   
/* 00A40 80B97010 46805420 */  cvt.s.w $f16, $f10                 
/* 00A44 80B97014 46083301 */  sub.s   $f12, $f6, $f8             
/* 00A48 80B97018 46128381 */  sub.s   $f14, $f16, $f18           
/* 00A4C 80B9701C E7AC002C */  swc1    $f12, 0x002C($sp)          
/* 00A50 80B97020 0C05FFB9 */  jal     func_8017FEE4              
/* 00A54 80B97024 E7AE0028 */  swc1    $f14, 0x0028($sp)          
/* 00A58 80B97028 A6020032 */  sh      $v0, 0x0032($s0)           ## 00000032
/* 00A5C 80B9702C 86050032 */  lh      $a1, 0x0032($s0)           ## 00000032
/* 00A60 80B97030 240800C8 */  addiu   $t0, $zero, 0x00C8         ## $t0 = 000000C8
/* 00A64 80B97034 AFA80010 */  sw      $t0, 0x0010($sp)           
/* 00A68 80B97038 260400BE */  addiu   $a0, $s0, 0x00BE           ## $a0 = 000000BE
/* 00A6C 80B9703C 24060002 */  addiu   $a2, $zero, 0x0002         ## $a2 = 00000002
/* 00A70 80B97040 0C03FFAF */  jal     func_800FFEBC              
/* 00A74 80B97044 240707D0 */  addiu   $a3, $zero, 0x07D0         ## $a3 = 000007D0
/* 00A78 80B97048 C7AC002C */  lwc1    $f12, 0x002C($sp)          
/* 00A7C 80B9704C C7AE0028 */  lwc1    $f14, 0x0028($sp)          
/* 00A80 80B97050 3C0142C8 */  lui     $at, 0x42C8                ## $at = 42C80000
/* 00A84 80B97054 460C6102 */  mul.s   $f4, $f12, $f12            
/* 00A88 80B97058 44815000 */  mtc1    $at, $f10                  ## $f10 = 100.00
/* 00A8C 80B9705C 00001025 */  or      $v0, $zero, $zero          ## $v0 = 00000000
/* 00A90 80B97060 460E7182 */  mul.s   $f6, $f14, $f14            
/* 00A94 80B97064 46062200 */  add.s   $f8, $f4, $f6              
/* 00A98 80B97068 460A403C */  c.lt.s  $f8, $f10                  
/* 00A9C 80B9706C 00000000 */  nop
/* 00AA0 80B97070 4500001E */  bc1f    .L80B970EC                 
/* 00AA4 80B97074 00000000 */  nop
/* 00AA8 80B97078 960902F2 */  lhu     $t1, 0x02F2($s0)           ## 000002F2
/* 00AAC 80B9707C 312A0020 */  andi    $t2, $t1, 0x0020           ## $t2 = 00000000
/* 00AB0 80B97080 5140000D */  beql    $t2, $zero, .L80B970B8     
/* 00AB4 80B97084 8E1902D4 */  lw      $t9, 0x02D4($s0)           ## 000002D4
/* 00AB8 80B97088 8E0B02D4 */  lw      $t3, 0x02D4($s0)           ## 000002D4
/* 00ABC 80B9708C 240E0001 */  addiu   $t6, $zero, 0x0001         ## $t6 = 00000001
/* 00AC0 80B97090 256CFFFF */  addiu   $t4, $t3, 0xFFFF           ## $t4 = FFFFFFFF
/* 00AC4 80B97094 05810015 */  bgez    $t4, .L80B970EC            
/* 00AC8 80B97098 AE0C02D4 */  sw      $t4, 0x02D4($s0)           ## 000002D4
/* 00ACC 80B9709C 960F02F2 */  lhu     $t7, 0x02F2($s0)           ## 000002F2
/* 00AD0 80B970A0 AE0E02D4 */  sw      $t6, 0x02D4($s0)           ## 000002D4
/* 00AD4 80B970A4 24020001 */  addiu   $v0, $zero, 0x0001         ## $v0 = 00000001
/* 00AD8 80B970A8 31F8FFDF */  andi    $t8, $t7, 0xFFDF           ## $t8 = 00000000
/* 00ADC 80B970AC 1000000F */  beq     $zero, $zero, .L80B970EC   
/* 00AE0 80B970B0 A61802F2 */  sh      $t8, 0x02F2($s0)           ## 000002F2
/* 00AE4 80B970B4 8E1902D4 */  lw      $t9, 0x02D4($s0)           ## 000002D4
.L80B970B8:
/* 00AE8 80B970B8 27280001 */  addiu   $t0, $t9, 0x0001           ## $t0 = 00000001
/* 00AEC 80B970BC AE0802D4 */  sw      $t0, 0x02D4($s0)           ## 000002D4
/* 00AF0 80B970C0 8FA90034 */  lw      $t1, 0x0034($sp)           
/* 00AF4 80B970C4 91230000 */  lbu     $v1, 0x0000($t1)           ## 00000000
/* 00AF8 80B970C8 0103082A */  slt     $at, $t0, $v1              
/* 00AFC 80B970CC 14200007 */  bne     $at, $zero, .L80B970EC     
/* 00B00 80B970D0 246BFFFF */  addiu   $t3, $v1, 0xFFFF           ## $t3 = FFFFFFFF
/* 00B04 80B970D4 960C02F2 */  lhu     $t4, 0x02F2($s0)           ## 000002F2
/* 00B08 80B970D8 AE0B02D4 */  sw      $t3, 0x02D4($s0)           ## 000002D4
/* 00B0C 80B970DC 24020001 */  addiu   $v0, $zero, 0x0001         ## $v0 = 00000001
/* 00B10 80B970E0 358D0020 */  ori     $t5, $t4, 0x0020           ## $t5 = FFFFFFFF
/* 00B14 80B970E4 10000001 */  beq     $zero, $zero, .L80B970EC   
/* 00B18 80B970E8 A60D02F2 */  sh      $t5, 0x02F2($s0)           ## 000002F2
.L80B970EC:
/* 00B1C 80B970EC 8FBF0024 */  lw      $ra, 0x0024($sp)           
/* 00B20 80B970F0 8FB00020 */  lw      $s0, 0x0020($sp)           
/* 00B24 80B970F4 27BD0038 */  addiu   $sp, $sp, 0x0038           ## $sp = 00000000
/* 00B28 80B970F8 03E00008 */  jr      $ra                        
/* 00B2C 80B970FC 00000000 */  nop


glabel func_80B97100
/* 00B30 80B97100 AFA40000 */  sw      $a0, 0x0000($sp)           
/* 00B34 80B97104 AFA50004 */  sw      $a1, 0x0004($sp)           
/* 00B38 80B97108 03E00008 */  jr      $ra                        
/* 00B3C 80B9710C 00000000 */  nop


glabel func_80B97110
/* 00B40 80B97110 27BDFFE8 */  addiu   $sp, $sp, 0xFFE8           ## $sp = FFFFFFE8
/* 00B44 80B97114 3C03801F */  lui     $v1, 0x801F                ## $v1 = 801F0000
/* 00B48 80B97118 2463F670 */  addiu   $v1, $v1, 0xF670           ## $v1 = 801EF670
/* 00B4C 80B9711C AFBF0014 */  sw      $ra, 0x0014($sp)           
/* 00B50 80B97120 00803025 */  or      $a2, $a0, $zero            ## $a2 = 00000000
/* 00B54 80B97124 00A03825 */  or      $a3, $a1, $zero            ## $a3 = 00000000
/* 00B58 80B97128 906E0020 */  lbu     $t6, 0x0020($v1)           ## 801EF690
/* 00B5C 80B9712C 24010002 */  addiu   $at, $zero, 0x0002         ## $at = 00000002
/* 00B60 80B97130 55C1000B */  bnel    $t6, $at, .L80B97160       
/* 00B64 80B97134 90620F14 */  lbu     $v0, 0x0F14($v1)           ## 801F0584
/* 00B68 80B97138 90620F14 */  lbu     $v0, 0x0F14($v1)           ## 801F0584
/* 00B6C 80B9713C 2405125F */  addiu   $a1, $zero, 0x125F         ## $a1 = 0000125F
/* 00B70 80B97140 304F0080 */  andi    $t7, $v0, 0x0080           ## $t7 = 00000000
/* 00B74 80B97144 11E00003 */  beq     $t7, $zero, .L80B97154     
/* 00B78 80B97148 34580080 */  ori     $t8, $v0, 0x0080           ## $t8 = 00000080
/* 00B7C 80B9714C 1000000B */  beq     $zero, $zero, .L80B9717C   
/* 00B80 80B97150 24051261 */  addiu   $a1, $zero, 0x1261         ## $a1 = 00001261
.L80B97154:
/* 00B84 80B97154 10000009 */  beq     $zero, $zero, .L80B9717C   
/* 00B88 80B97158 A0780F14 */  sb      $t8, 0x0F14($v1)           ## 801F0584
/* 00B8C 80B9715C 90620F14 */  lbu     $v0, 0x0F14($v1)           ## 801F0584
.L80B97160:
/* 00B90 80B97160 2405125C */  addiu   $a1, $zero, 0x125C         ## $a1 = 0000125C
/* 00B94 80B97164 30590040 */  andi    $t9, $v0, 0x0040           ## $t9 = 00000000
/* 00B98 80B97168 13200003 */  beq     $t9, $zero, .L80B97178     
/* 00B9C 80B9716C 34480040 */  ori     $t0, $v0, 0x0040           ## $t0 = 00000040
/* 00BA0 80B97170 10000002 */  beq     $zero, $zero, .L80B9717C   
/* 00BA4 80B97174 2405125E */  addiu   $a1, $zero, 0x125E         ## $a1 = 0000125E
.L80B97178:
/* 00BA8 80B97178 A0680F14 */  sb      $t0, 0x0F14($v1)           ## 801F0584
.L80B9717C:
/* 00BAC 80B9717C 0C05462C */  jal     func_801518B0              
/* 00BB0 80B97180 00E02025 */  or      $a0, $a3, $zero            ## $a0 = 00000000
/* 00BB4 80B97184 8FBF0014 */  lw      $ra, 0x0014($sp)           
/* 00BB8 80B97188 27BD0018 */  addiu   $sp, $sp, 0x0018           ## $sp = 00000000
/* 00BBC 80B9718C 03E00008 */  jr      $ra                        
/* 00BC0 80B97190 00000000 */  nop


glabel func_80B97194
/* 00BC4 80B97194 27BDFFE8 */  addiu   $sp, $sp, 0xFFE8           ## $sp = FFFFFFE8
/* 00BC8 80B97198 AFBF0014 */  sw      $ra, 0x0014($sp)           
/* 00BCC 80B9719C AFA40018 */  sw      $a0, 0x0018($sp)           
/* 00BD0 80B971A0 00A03025 */  or      $a2, $a1, $zero            ## $a2 = 00000000
/* 00BD4 80B971A4 24C44908 */  addiu   $a0, $a2, 0x4908           ## $a0 = 00004908
/* 00BD8 80B971A8 0C054926 */  jal     func_80152498              
/* 00BDC 80B971AC AFA6001C */  sw      $a2, 0x001C($sp)           
/* 00BE0 80B971B0 24010005 */  addiu   $at, $zero, 0x0005         ## $at = 00000005
/* 00BE4 80B971B4 1441001E */  bne     $v0, $at, .L80B97230       
/* 00BE8 80B971B8 8FA6001C */  lw      $a2, 0x001C($sp)           
/* 00BEC 80B971BC 00C02025 */  or      $a0, $a2, $zero            ## $a0 = 00000000
/* 00BF0 80B971C0 0C051D89 */  jal     func_80147624              
/* 00BF4 80B971C4 AFA6001C */  sw      $a2, 0x001C($sp)           
/* 00BF8 80B971C8 10400019 */  beq     $v0, $zero, .L80B97230     
/* 00BFC 80B971CC 8FA6001C */  lw      $a2, 0x001C($sp)           
/* 00C00 80B971D0 3C020001 */  lui     $v0, 0x0001                ## $v0 = 00010000
/* 00C04 80B971D4 00461021 */  addu    $v0, $v0, $a2              
/* 00C08 80B971D8 9442680C */  lhu     $v0, 0x680C($v0)           ## 0001680C
/* 00C0C 80B971DC 244EEDA4 */  addiu   $t6, $v0, 0xEDA4           ## $t6 = 0000EDA4
/* 00C10 80B971E0 2DC10006 */  sltiu   $at, $t6, 0x0006           
/* 00C14 80B971E4 10200012 */  beq     $at, $zero, .L80B97230     
/* 00C18 80B971E8 000E7080 */  sll     $t6, $t6,  2               
/* 00C1C 80B971EC 3C0180BA */  lui     $at, %hi(D_80B999AC)       ## $at = 80BA0000
/* 00C20 80B971F0 002E0821 */  addu    $at, $at, $t6              
/* 00C24 80B971F4 8C2E99AC */  lw      $t6, %lo(D_80B999AC)($at)  
/* 00C28 80B971F8 01C00008 */  jr      $t6                        
/* 00C2C 80B971FC 00000000 */  nop
.L80B97200:
/* 00C30 80B97200 24450001 */  addiu   $a1, $v0, 0x0001           ## $a1 = 00010001
/* 00C34 80B97204 30A5FFFF */  andi    $a1, $a1, 0xFFFF           ## $a1 = 00000001
/* 00C38 80B97208 0C05464E */  jal     func_80151938              
/* 00C3C 80B9720C 00C02025 */  or      $a0, $a2, $zero            ## $a0 = 00000000
/* 00C40 80B97210 10000008 */  beq     $zero, $zero, .L80B97234   
/* 00C44 80B97214 8FBF0014 */  lw      $ra, 0x0014($sp)           
.L80B97218:
/* 00C48 80B97218 0C051DED */  jal     func_801477B4              
/* 00C4C 80B9721C 00C02025 */  or      $a0, $a2, $zero            ## $a0 = 00000000
/* 00C50 80B97220 8FB80018 */  lw      $t8, 0x0018($sp)           
/* 00C54 80B97224 3C0F80B9 */  lui     $t7, %hi(func_80B97240)    ## $t7 = 80B90000
/* 00C58 80B97228 25EF7240 */  addiu   $t7, $t7, %lo(func_80B97240) ## $t7 = 80B97240
/* 00C5C 80B9722C AF0F02F8 */  sw      $t7, 0x02F8($t8)           ## 000002F8
.L80B97230:
/* 00C60 80B97230 8FBF0014 */  lw      $ra, 0x0014($sp)           
.L80B97234:
/* 00C64 80B97234 27BD0018 */  addiu   $sp, $sp, 0x0018           ## $sp = 00000000
/* 00C68 80B97238 03E00008 */  jr      $ra                        
/* 00C6C 80B9723C 00000000 */  nop


glabel func_80B97240
/* 00C70 80B97240 27BDFFE0 */  addiu   $sp, $sp, 0xFFE0           ## $sp = FFFFFFE0
/* 00C74 80B97244 AFB00018 */  sw      $s0, 0x0018($sp)           
/* 00C78 80B97248 00808025 */  or      $s0, $a0, $zero            ## $s0 = 00000000
/* 00C7C 80B9724C AFBF001C */  sw      $ra, 0x001C($sp)           
/* 00C80 80B97250 AFA50024 */  sw      $a1, 0x0024($sp)           
/* 00C84 80B97254 02002025 */  or      $a0, $s0, $zero            ## $a0 = 00000000
/* 00C88 80B97258 0C02E134 */  jal     func_800B84D0              
/* 00C8C 80B9725C 8FA50024 */  lw      $a1, 0x0024($sp)           
/* 00C90 80B97260 10400009 */  beq     $v0, $zero, .L80B97288     
/* 00C94 80B97264 3C0142C8 */  lui     $at, 0x42C8                ## $at = 42C80000
/* 00C98 80B97268 3C0E80B9 */  lui     $t6, %hi(func_80B97194)    ## $t6 = 80B90000
/* 00C9C 80B9726C 25CE7194 */  addiu   $t6, $t6, %lo(func_80B97194) ## $t6 = 80B97194
/* 00CA0 80B97270 AE0E02F8 */  sw      $t6, 0x02F8($s0)           ## 000002F8
/* 00CA4 80B97274 8FA50024 */  lw      $a1, 0x0024($sp)           
/* 00CA8 80B97278 0C2E5C44 */  jal     func_80B97110              
/* 00CAC 80B9727C 02002025 */  or      $a0, $s0, $zero            ## $a0 = 00000000
/* 00CB0 80B97280 10000015 */  beq     $zero, $zero, .L80B972D8   
/* 00CB4 80B97284 8FBF001C */  lw      $ra, 0x001C($sp)           
.L80B97288:
/* 00CB8 80B97288 C6040098 */  lwc1    $f4, 0x0098($s0)           ## 00000098
/* 00CBC 80B9728C 44813000 */  mtc1    $at, $f6                   ## $f6 = 0.00
/* 00CC0 80B97290 02002025 */  or      $a0, $s0, $zero            ## $a0 = 00000000
/* 00CC4 80B97294 24053000 */  addiu   $a1, $zero, 0x3000         ## $a1 = 00003000
/* 00CC8 80B97298 4606203C */  c.lt.s  $f4, $f6                   
/* 00CCC 80B9729C 00000000 */  nop
/* 00CD0 80B972A0 4502000D */  bc1fl   .L80B972D8                 
/* 00CD4 80B972A4 8FBF001C */  lw      $ra, 0x001C($sp)           
/* 00CD8 80B972A8 0C02DCC8 */  jal     func_800B7320              
/* 00CDC 80B972AC 8FA60024 */  lw      $a2, 0x0024($sp)           
/* 00CE0 80B972B0 10400008 */  beq     $v0, $zero, .L80B972D4     
/* 00CE4 80B972B4 02002025 */  or      $a0, $s0, $zero            ## $a0 = 00000000
/* 00CE8 80B972B8 0C02DCF8 */  jal     func_800B73E0              
/* 00CEC 80B972BC 24053000 */  addiu   $a1, $zero, 0x3000         ## $a1 = 00003000
/* 00CF0 80B972C0 10400004 */  beq     $v0, $zero, .L80B972D4     
/* 00CF4 80B972C4 02002025 */  or      $a0, $s0, $zero            ## $a0 = 00000000
/* 00CF8 80B972C8 8FA50024 */  lw      $a1, 0x0024($sp)           
/* 00CFC 80B972CC 0C02E185 */  jal     func_800B8614              
/* 00D00 80B972D0 3C0642F0 */  lui     $a2, 0x42F0                ## $a2 = 42F00000
.L80B972D4:
/* 00D04 80B972D4 8FBF001C */  lw      $ra, 0x001C($sp)           
.L80B972D8:
/* 00D08 80B972D8 8FB00018 */  lw      $s0, 0x0018($sp)           
/* 00D0C 80B972DC 27BD0020 */  addiu   $sp, $sp, 0x0020           ## $sp = 00000000
/* 00D10 80B972E0 03E00008 */  jr      $ra                        
/* 00D14 80B972E4 00000000 */  nop


glabel func_80B972E8
/* 00D18 80B972E8 27BDFFE8 */  addiu   $sp, $sp, 0xFFE8           ## $sp = FFFFFFE8
/* 00D1C 80B972EC 3C03801F */  lui     $v1, 0x801F                ## $v1 = 801F0000
/* 00D20 80B972F0 2463F670 */  addiu   $v1, $v1, 0xF670           ## $v1 = 801EF670
/* 00D24 80B972F4 AFBF0014 */  sw      $ra, 0x0014($sp)           
/* 00D28 80B972F8 00803025 */  or      $a2, $a0, $zero            ## $a2 = 00000000
/* 00D2C 80B972FC 00A03825 */  or      $a3, $a1, $zero            ## $a3 = 00000000
/* 00D30 80B97300 90620F15 */  lbu     $v0, 0x0F15($v1)           ## 801F0585
/* 00D34 80B97304 304E0010 */  andi    $t6, $v0, 0x0010           ## $t6 = 00000000
/* 00D38 80B97308 51C00015 */  beql    $t6, $zero, .L80B97360     
/* 00D3C 80B9730C 906A0020 */  lbu     $t2, 0x0020($v1)           ## 801EF690
/* 00D40 80B97310 906F0020 */  lbu     $t7, 0x0020($v1)           ## 801EF690
/* 00D44 80B97314 24010002 */  addiu   $at, $zero, 0x0002         ## $at = 00000002
/* 00D48 80B97318 30580001 */  andi    $t8, $v0, 0x0001           ## $t8 = 00000000
/* 00D4C 80B9731C 15E10008 */  bne     $t7, $at, .L80B97340       
/* 00D50 80B97320 30480002 */  andi    $t0, $v0, 0x0002           ## $t0 = 00000000
/* 00D54 80B97324 13000003 */  beq     $t8, $zero, .L80B97334     
/* 00D58 80B97328 2405126A */  addiu   $a1, $zero, 0x126A         ## $a1 = 0000126A
/* 00D5C 80B9732C 1000001D */  beq     $zero, $zero, .L80B973A4   
/* 00D60 80B97330 2405126D */  addiu   $a1, $zero, 0x126D         ## $a1 = 0000126D
.L80B97334:
/* 00D64 80B97334 34590001 */  ori     $t9, $v0, 0x0001           ## $t9 = 00000001
/* 00D68 80B97338 1000001A */  beq     $zero, $zero, .L80B973A4   
/* 00D6C 80B9733C A0790F15 */  sb      $t9, 0x0F15($v1)           ## 801F0585
.L80B97340:
/* 00D70 80B97340 11000003 */  beq     $t0, $zero, .L80B97350     
/* 00D74 80B97344 24051267 */  addiu   $a1, $zero, 0x1267         ## $a1 = 00001267
/* 00D78 80B97348 10000016 */  beq     $zero, $zero, .L80B973A4   
/* 00D7C 80B9734C 24051269 */  addiu   $a1, $zero, 0x1269         ## $a1 = 00001269
.L80B97350:
/* 00D80 80B97350 34490002 */  ori     $t1, $v0, 0x0002           ## $t1 = 00000002
/* 00D84 80B97354 10000013 */  beq     $zero, $zero, .L80B973A4   
/* 00D88 80B97358 A0690F15 */  sb      $t1, 0x0F15($v1)           ## 801F0585
/* 00D8C 80B9735C 906A0020 */  lbu     $t2, 0x0020($v1)           ## 801EF690
.L80B97360:
/* 00D90 80B97360 24010002 */  addiu   $at, $zero, 0x0002         ## $at = 00000002
/* 00D94 80B97364 304B0004 */  andi    $t3, $v0, 0x0004           ## $t3 = 00000000
/* 00D98 80B97368 15410008 */  bne     $t2, $at, .L80B9738C       
/* 00D9C 80B9736C 304D0008 */  andi    $t5, $v0, 0x0008           ## $t5 = 00000000
/* 00DA0 80B97370 11600003 */  beq     $t3, $zero, .L80B97380     
/* 00DA4 80B97374 24051265 */  addiu   $a1, $zero, 0x1265         ## $a1 = 00001265
/* 00DA8 80B97378 1000000A */  beq     $zero, $zero, .L80B973A4   
/* 00DAC 80B9737C 24051266 */  addiu   $a1, $zero, 0x1266         ## $a1 = 00001266
.L80B97380:
/* 00DB0 80B97380 344C0004 */  ori     $t4, $v0, 0x0004           ## $t4 = 00000004
/* 00DB4 80B97384 10000007 */  beq     $zero, $zero, .L80B973A4   
/* 00DB8 80B97388 A06C0F15 */  sb      $t4, 0x0F15($v1)           ## 801F0585
.L80B9738C:
/* 00DBC 80B9738C 11A00003 */  beq     $t5, $zero, .L80B9739C     
/* 00DC0 80B97390 24051262 */  addiu   $a1, $zero, 0x1262         ## $a1 = 00001262
/* 00DC4 80B97394 10000003 */  beq     $zero, $zero, .L80B973A4   
/* 00DC8 80B97398 24051264 */  addiu   $a1, $zero, 0x1264         ## $a1 = 00001264
.L80B9739C:
/* 00DCC 80B9739C 344E0008 */  ori     $t6, $v0, 0x0008           ## $t6 = 00000008
/* 00DD0 80B973A0 A06E0F15 */  sb      $t6, 0x0F15($v1)           ## 801F0585
.L80B973A4:
/* 00DD4 80B973A4 0C05462C */  jal     func_801518B0              
/* 00DD8 80B973A8 00E02025 */  or      $a0, $a3, $zero            ## $a0 = 00000000
/* 00DDC 80B973AC 8FBF0014 */  lw      $ra, 0x0014($sp)           
/* 00DE0 80B973B0 27BD0018 */  addiu   $sp, $sp, 0x0018           ## $sp = 00000000
/* 00DE4 80B973B4 03E00008 */  jr      $ra                        
/* 00DE8 80B973B8 00000000 */  nop


glabel func_80B973BC
/* 00DEC 80B973BC 27BDFFD8 */  addiu   $sp, $sp, 0xFFD8           ## $sp = FFFFFFD8
/* 00DF0 80B973C0 AFB00020 */  sw      $s0, 0x0020($sp)           
/* 00DF4 80B973C4 00808025 */  or      $s0, $a0, $zero            ## $s0 = 00000000
/* 00DF8 80B973C8 AFBF0024 */  sw      $ra, 0x0024($sp)           
/* 00DFC 80B973CC AFA5002C */  sw      $a1, 0x002C($sp)           
/* 00E00 80B973D0 0C2E5B53 */  jal     func_80B96D4C              
/* 00E04 80B973D4 02002025 */  or      $a0, $s0, $zero            ## $a0 = 00000000
/* 00E08 80B973D8 86050092 */  lh      $a1, 0x0092($s0)           ## 00000092
/* 00E0C 80B973DC 240E0100 */  addiu   $t6, $zero, 0x0100         ## $t6 = 00000100
/* 00E10 80B973E0 AFAE0010 */  sw      $t6, 0x0010($sp)           
/* 00E14 80B973E4 260400BE */  addiu   $a0, $s0, 0x00BE           ## $a0 = 000000BE
/* 00E18 80B973E8 24060002 */  addiu   $a2, $zero, 0x0002         ## $a2 = 00000002
/* 00E1C 80B973EC 0C03FFAF */  jal     func_800FFEBC              
/* 00E20 80B973F0 24070800 */  addiu   $a3, $zero, 0x0800         ## $a3 = 00000800
/* 00E24 80B973F4 860F00BE */  lh      $t7, 0x00BE($s0)           ## 000000BE
/* 00E28 80B973F8 A60F0032 */  sh      $t7, 0x0032($s0)           ## 00000032
/* 00E2C 80B973FC 8FA4002C */  lw      $a0, 0x002C($sp)           
/* 00E30 80B97400 0C054926 */  jal     func_80152498              
/* 00E34 80B97404 24844908 */  addiu   $a0, $a0, 0x4908           ## $a0 = 00004908
/* 00E38 80B97408 24010005 */  addiu   $at, $zero, 0x0005         ## $at = 00000005
/* 00E3C 80B9740C 54410054 */  bnel    $v0, $at, .L80B97560       
/* 00E40 80B97410 960202F2 */  lhu     $v0, 0x02F2($s0)           ## 000002F2
/* 00E44 80B97414 0C051D89 */  jal     func_80147624              
/* 00E48 80B97418 8FA4002C */  lw      $a0, 0x002C($sp)           
/* 00E4C 80B9741C 1040004F */  beq     $v0, $zero, .L80B9755C     
/* 00E50 80B97420 8FA6002C */  lw      $a2, 0x002C($sp)           
/* 00E54 80B97424 3C020001 */  lui     $v0, 0x0001                ## $v0 = 00010000
/* 00E58 80B97428 00461021 */  addu    $v0, $v0, $a2              
/* 00E5C 80B9742C 9442680C */  lhu     $v0, 0x680C($v0)           ## 0001680C
/* 00E60 80B97430 2458ED92 */  addiu   $t8, $v0, 0xED92           ## $t8 = 0000ED92
/* 00E64 80B97434 2F01000C */  sltiu   $at, $t8, 0x000C           
/* 00E68 80B97438 10200048 */  beq     $at, $zero, .L80B9755C     
/* 00E6C 80B9743C 0018C080 */  sll     $t8, $t8,  2               
/* 00E70 80B97440 3C0180BA */  lui     $at, %hi(D_80B999C4)       ## $at = 80BA0000
/* 00E74 80B97444 00380821 */  addu    $at, $at, $t8              
/* 00E78 80B97448 8C3899C4 */  lw      $t8, %lo(D_80B999C4)($at)  
/* 00E7C 80B9744C 03000008 */  jr      $t8                        
/* 00E80 80B97450 00000000 */  nop
.L80B97454:
/* 00E84 80B97454 24450001 */  addiu   $a1, $v0, 0x0001           ## $a1 = 00010001
/* 00E88 80B97458 30A5FFFF */  andi    $a1, $a1, 0xFFFF           ## $a1 = 00000001
/* 00E8C 80B9745C 0C05464E */  jal     func_80151938              
/* 00E90 80B97460 00C02025 */  or      $a0, $a2, $zero            ## $a0 = 00000000
/* 00E94 80B97464 1000003E */  beq     $zero, $zero, .L80B97560   
/* 00E98 80B97468 960202F2 */  lhu     $v0, 0x02F2($s0)           ## 000002F2
.L80B9746C:
/* 00E9C 80B9746C 00C02025 */  or      $a0, $a2, $zero            ## $a0 = 00000000
/* 00EA0 80B97470 0C05464E */  jal     func_80151938              
/* 00EA4 80B97474 2405126F */  addiu   $a1, $zero, 0x126F         ## $a1 = 0000126F
/* 00EA8 80B97478 10000039 */  beq     $zero, $zero, .L80B97560   
/* 00EAC 80B9747C 960202F2 */  lhu     $v0, 0x02F2($s0)           ## 000002F2
.L80B97480:
/* 00EB0 80B97480 0C04567B */  jal     func_801159EC              
/* 00EB4 80B97484 2404005A */  addiu   $a0, $zero, 0x005A         ## $a0 = 0000005A
/* 00EB8 80B97488 8FA4002C */  lw      $a0, 0x002C($sp)           
/* 00EBC 80B9748C 0C05464E */  jal     func_80151938              
/* 00EC0 80B97490 24051270 */  addiu   $a1, $zero, 0x1270         ## $a1 = 00001270
/* 00EC4 80B97494 10000032 */  beq     $zero, $zero, .L80B97560   
/* 00EC8 80B97498 960202F2 */  lhu     $v0, 0x02F2($s0)           ## 000002F2
.L80B9749C:
/* 00ECC 80B9749C 3C19801F */  lui     $t9, 0x801F                ## $t9 = 801F0000
/* 00ED0 80B974A0 8739F6AA */  lh      $t9, -0x0956($t9)          ## 801EF6AA
/* 00ED4 80B974A4 24051277 */  addiu   $a1, $zero, 0x1277         ## $a1 = 00001277
/* 00ED8 80B974A8 00C02025 */  or      $a0, $a2, $zero            ## $a0 = 00000000
/* 00EDC 80B974AC 2B21000A */  slti    $at, $t9, 0x000A           
/* 00EE0 80B974B0 10200005 */  beq     $at, $zero, .L80B974C8     
/* 00EE4 80B974B4 00000000 */  nop
/* 00EE8 80B974B8 0C05464E */  jal     func_80151938              
/* 00EEC 80B974BC 00C02025 */  or      $a0, $a2, $zero            ## $a0 = 00000000
/* 00EF0 80B974C0 10000027 */  beq     $zero, $zero, .L80B97560   
/* 00EF4 80B974C4 960202F2 */  lhu     $v0, 0x02F2($s0)           ## 000002F2
.L80B974C8:
/* 00EF8 80B974C8 0C05464E */  jal     func_80151938              
/* 00EFC 80B974CC 24051278 */  addiu   $a1, $zero, 0x1278         ## $a1 = 00001278
/* 00F00 80B974D0 0C04567B */  jal     func_801159EC              
/* 00F04 80B974D4 2404FFF6 */  addiu   $a0, $zero, 0xFFF6         ## $a0 = FFFFFFF6
/* 00F08 80B974D8 10000021 */  beq     $zero, $zero, .L80B97560   
/* 00F0C 80B974DC 960202F2 */  lhu     $v0, 0x02F2($s0)           ## 000002F2
.L80B974E0:
/* 00F10 80B974E0 00C02025 */  or      $a0, $a2, $zero            ## $a0 = 00000000
/* 00F14 80B974E4 0C05464E */  jal     func_80151938              
/* 00F18 80B974E8 24051275 */  addiu   $a1, $zero, 0x1275         ## $a1 = 00001275
/* 00F1C 80B974EC 1000001C */  beq     $zero, $zero, .L80B97560   
/* 00F20 80B974F0 960202F2 */  lhu     $v0, 0x02F2($s0)           ## 000002F2
.L80B974F4:
/* 00F24 80B974F4 0C051DED */  jal     func_801477B4              
/* 00F28 80B974F8 00C02025 */  or      $a0, $a2, $zero            ## $a0 = 00000000
/* 00F2C 80B974FC 02002025 */  or      $a0, $s0, $zero            ## $a0 = 00000000
/* 00F30 80B97500 0C2E5974 */  jal     func_80B965D0              
/* 00F34 80B97504 8FA5002C */  lw      $a1, 0x002C($sp)           
/* 00F38 80B97508 8E080004 */  lw      $t0, 0x0004($s0)           ## 00000004
/* 00F3C 80B9750C 3C01FFFE */  lui     $at, 0xFFFE                ## $at = FFFE0000
/* 00F40 80B97510 82040038 */  lb      $a0, 0x0038($s0)           ## 00000038
/* 00F44 80B97514 3421FFFF */  ori     $at, $at, 0xFFFF           ## $at = FFFEFFFF
/* 00F48 80B97518 3C0A80B9 */  lui     $t2, %hi(func_80B97708)    ## $t2 = 80B90000
/* 00F4C 80B9751C 01014824 */  and     $t1, $t0, $at              
/* 00F50 80B97520 254A7708 */  addiu   $t2, $t2, %lo(func_80B97708) ## $t2 = 80B97708
/* 00F54 80B97524 2401FFFF */  addiu   $at, $zero, 0xFFFF         ## $at = FFFFFFFF
/* 00F58 80B97528 AE090004 */  sw      $t1, 0x0004($s0)           ## 00000004
/* 00F5C 80B9752C A6000116 */  sh      $zero, 0x0116($s0)         ## 00000116
/* 00F60 80B97530 10810007 */  beq     $a0, $at, .L80B97550       
/* 00F64 80B97534 AE0A02F8 */  sw      $t2, 0x02F8($s0)           ## 000002F8
/* 00F68 80B97538 960B02F2 */  lhu     $t3, 0x02F2($s0)           ## 000002F2
/* 00F6C 80B9753C 316C0001 */  andi    $t4, $t3, 0x0001           ## $t4 = 00000000
/* 00F70 80B97540 55800004 */  bnel    $t4, $zero, .L80B97554     
/* 00F74 80B97544 960D02F2 */  lhu     $t5, 0x02F2($s0)           ## 000002F2
/* 00F78 80B97548 0C03C7EF */  jal     func_800F1FBC              
/* 00F7C 80B9754C 00000000 */  nop
.L80B97550:
/* 00F80 80B97550 960D02F2 */  lhu     $t5, 0x02F2($s0)           ## 000002F2
.L80B97554:
/* 00F84 80B97554 31AEFFFE */  andi    $t6, $t5, 0xFFFE           ## $t6 = 00000000
/* 00F88 80B97558 A60E02F2 */  sh      $t6, 0x02F2($s0)           ## 000002F2
.L80B9755C:
/* 00F8C 80B9755C 960202F2 */  lhu     $v0, 0x02F2($s0)           ## 000002F2
.L80B97560:
/* 00F90 80B97560 304F0001 */  andi    $t7, $v0, 0x0001           ## $t7 = 00000000
/* 00F94 80B97564 51E00020 */  beql    $t7, $zero, .L80B975E8     
/* 00F98 80B97568 8FBF0024 */  lw      $ra, 0x0024($sp)           
/* 00F9C 80B9756C 82180038 */  lb      $t8, 0x0038($s0)           ## 00000038
/* 00FA0 80B97570 2401FFFF */  addiu   $at, $zero, 0xFFFF         ## $at = FFFFFFFF
/* 00FA4 80B97574 3059FFFE */  andi    $t9, $v0, 0xFFFE           ## $t9 = 00000000
/* 00FA8 80B97578 17010003 */  bne     $t8, $at, .L80B97588       
/* 00FAC 80B9757C 00000000 */  nop
/* 00FB0 80B97580 10000018 */  beq     $zero, $zero, .L80B975E4   
/* 00FB4 80B97584 A61902F2 */  sh      $t9, 0x02F2($s0)           ## 000002F2
.L80B97588:
/* 00FB8 80B97588 0C03C81F */  jal     func_800F207C              
/* 00FBC 80B9758C 00000000 */  nop
/* 00FC0 80B97590 2401007C */  addiu   $at, $zero, 0x007C         ## $at = 0000007C
/* 00FC4 80B97594 14410007 */  bne     $v0, $at, .L80B975B4       
/* 00FC8 80B97598 00000000 */  nop
/* 00FCC 80B9759C 0C03C7EF */  jal     func_800F1FBC              
/* 00FD0 80B975A0 2404007C */  addiu   $a0, $zero, 0x007C         ## $a0 = 0000007C
/* 00FD4 80B975A4 0C03C6E9 */  jal     func_800F1BA4              
/* 00FD8 80B975A8 82040038 */  lb      $a0, 0x0038($s0)           ## 00000038
/* 00FDC 80B975AC 1000000E */  beq     $zero, $zero, .L80B975E8   
/* 00FE0 80B975B0 8FBF0024 */  lw      $ra, 0x0024($sp)           
.L80B975B4:
/* 00FE4 80B975B4 0C03C6F9 */  jal     func_800F1BE4              
/* 00FE8 80B975B8 82040038 */  lb      $a0, 0x0038($s0)           ## 00000038
/* 00FEC 80B975BC 10400007 */  beq     $v0, $zero, .L80B975DC     
/* 00FF0 80B975C0 02002825 */  or      $a1, $s0, $zero            ## $a1 = 00000000
/* 00FF4 80B975C4 0C03C71A */  jal     func_800F1C68              
/* 00FF8 80B975C8 82040038 */  lb      $a0, 0x0038($s0)           ## 00000038
/* 00FFC 80B975CC 960802F2 */  lhu     $t0, 0x02F2($s0)           ## 000002F2
/* 01000 80B975D0 3109FFFE */  andi    $t1, $t0, 0xFFFE           ## $t1 = 00000000
/* 01004 80B975D4 10000003 */  beq     $zero, $zero, .L80B975E4   
/* 01008 80B975D8 A60902F2 */  sh      $t1, 0x02F2($s0)           ## 000002F2
.L80B975DC:
/* 0100C 80B975DC 0C03C6E9 */  jal     func_800F1BA4              
/* 01010 80B975E0 82040038 */  lb      $a0, 0x0038($s0)           ## 00000038
.L80B975E4:
/* 01014 80B975E4 8FBF0024 */  lw      $ra, 0x0024($sp)           
.L80B975E8:
/* 01018 80B975E8 8FB00020 */  lw      $s0, 0x0020($sp)           
/* 0101C 80B975EC 27BD0028 */  addiu   $sp, $sp, 0x0028           ## $sp = 00000000
/* 01020 80B975F0 03E00008 */  jr      $ra                        
/* 01024 80B975F4 00000000 */  nop


glabel func_80B975F8
/* 01028 80B975F8 27BDFFE0 */  addiu   $sp, $sp, 0xFFE0           ## $sp = FFFFFFE0
/* 0102C 80B975FC AFBF001C */  sw      $ra, 0x001C($sp)           
/* 01030 80B97600 AFA40020 */  sw      $a0, 0x0020($sp)           
/* 01034 80B97604 AFA50024 */  sw      $a1, 0x0024($sp)           
/* 01038 80B97608 0C2E5B53 */  jal     func_80B96D4C              
/* 0103C 80B9760C 8FA40020 */  lw      $a0, 0x0020($sp)           
/* 01040 80B97610 8FA40020 */  lw      $a0, 0x0020($sp)           
/* 01044 80B97614 0C02E134 */  jal     func_800B84D0              
/* 01048 80B97618 8FA50024 */  lw      $a1, 0x0024($sp)           
/* 0104C 80B9761C 10400005 */  beq     $v0, $zero, .L80B97634     
/* 01050 80B97620 8FA40020 */  lw      $a0, 0x0020($sp)           
/* 01054 80B97624 3C0E80B9 */  lui     $t6, %hi(func_80B973BC)    ## $t6 = 80B90000
/* 01058 80B97628 25CE73BC */  addiu   $t6, $t6, %lo(func_80B973BC) ## $t6 = 80B973BC
/* 0105C 80B9762C 10000007 */  beq     $zero, $zero, .L80B9764C   
/* 01060 80B97630 AC8E02F8 */  sw      $t6, 0x02F8($a0)           ## 000002F8
.L80B97634:
/* 01064 80B97634 3C06461C */  lui     $a2, 0x461C                ## $a2 = 461C0000
/* 01068 80B97638 34C64000 */  ori     $a2, $a2, 0x4000           ## $a2 = 461C4000
/* 0106C 80B9763C 8FA50024 */  lw      $a1, 0x0024($sp)           
/* 01070 80B97640 3C07447A */  lui     $a3, 0x447A                ## $a3 = 447A0000
/* 01074 80B97644 0C02E140 */  jal     func_800B8500              
/* 01078 80B97648 AFA00010 */  sw      $zero, 0x0010($sp)         
.L80B9764C:
/* 0107C 80B9764C 8FBF001C */  lw      $ra, 0x001C($sp)           
/* 01080 80B97650 27BD0020 */  addiu   $sp, $sp, 0x0020           ## $sp = 00000000
/* 01084 80B97654 03E00008 */  jr      $ra                        
/* 01088 80B97658 00000000 */  nop


glabel func_80B9765C
/* 0108C 80B9765C 27BDFFE8 */  addiu   $sp, $sp, 0xFFE8           ## $sp = FFFFFFE8
/* 01090 80B97660 AFBF0014 */  sw      $ra, 0x0014($sp)           
/* 01094 80B97664 AFA40018 */  sw      $a0, 0x0018($sp)           
/* 01098 80B97668 AFA5001C */  sw      $a1, 0x001C($sp)           
/* 0109C 80B9766C 0C2E5B53 */  jal     func_80B96D4C              
/* 010A0 80B97670 8FA40018 */  lw      $a0, 0x0018($sp)           
/* 010A4 80B97674 8FA4001C */  lw      $a0, 0x001C($sp)           
/* 010A8 80B97678 0C054926 */  jal     func_80152498              
/* 010AC 80B9767C 24844908 */  addiu   $a0, $a0, 0x4908           ## $a0 = 00004908
/* 010B0 80B97680 24010005 */  addiu   $at, $zero, 0x0005         ## $at = 00000005
/* 010B4 80B97684 1441001C */  bne     $v0, $at, .L80B976F8       
/* 010B8 80B97688 8FA4001C */  lw      $a0, 0x001C($sp)           
/* 010BC 80B9768C 0C051D89 */  jal     func_80147624              
/* 010C0 80B97690 00000000 */  nop
/* 010C4 80B97694 10400018 */  beq     $v0, $zero, .L80B976F8     
/* 010C8 80B97698 8FA4001C */  lw      $a0, 0x001C($sp)           
/* 010CC 80B9769C 3C030001 */  lui     $v1, 0x0001                ## $v1 = 00010000
/* 010D0 80B976A0 00641821 */  addu    $v1, $v1, $a0              
/* 010D4 80B976A4 9463680C */  lhu     $v1, 0x680C($v1)           ## 0001680C
/* 010D8 80B976A8 24011262 */  addiu   $at, $zero, 0x1262         ## $at = 00001262
/* 010DC 80B976AC 10610007 */  beq     $v1, $at, .L80B976CC       
/* 010E0 80B976B0 00601025 */  or      $v0, $v1, $zero            ## $v0 = 00010000
/* 010E4 80B976B4 24011267 */  addiu   $at, $zero, 0x1267         ## $at = 00001267
/* 010E8 80B976B8 10410004 */  beq     $v0, $at, .L80B976CC       
/* 010EC 80B976BC 2401126A */  addiu   $at, $zero, 0x126A         ## $at = 0000126A
/* 010F0 80B976C0 10410002 */  beq     $v0, $at, .L80B976CC       
/* 010F4 80B976C4 2401126B */  addiu   $at, $zero, 0x126B         ## $at = 0000126B
/* 010F8 80B976C8 14410005 */  bne     $v0, $at, .L80B976E0       
.L80B976CC:
/* 010FC 80B976CC 24650001 */  addiu   $a1, $v1, 0x0001           ## $a1 = 00010001
/* 01100 80B976D0 0C05464E */  jal     func_80151938              
/* 01104 80B976D4 30A5FFFF */  andi    $a1, $a1, 0xFFFF           ## $a1 = 00000001
/* 01108 80B976D8 10000008 */  beq     $zero, $zero, .L80B976FC   
/* 0110C 80B976DC 8FBF0014 */  lw      $ra, 0x0014($sp)           
.L80B976E0:
/* 01110 80B976E0 0C051DED */  jal     func_801477B4              
/* 01114 80B976E4 00000000 */  nop
/* 01118 80B976E8 8FAF0018 */  lw      $t7, 0x0018($sp)           
/* 0111C 80B976EC 3C0E80B9 */  lui     $t6, %hi(func_80B97708)    ## $t6 = 80B90000
/* 01120 80B976F0 25CE7708 */  addiu   $t6, $t6, %lo(func_80B97708) ## $t6 = 80B97708
/* 01124 80B976F4 ADEE02F8 */  sw      $t6, 0x02F8($t7)           ## 000002F8
.L80B976F8:
/* 01128 80B976F8 8FBF0014 */  lw      $ra, 0x0014($sp)           
.L80B976FC:
/* 0112C 80B976FC 27BD0018 */  addiu   $sp, $sp, 0x0018           ## $sp = 00000000
/* 01130 80B97700 03E00008 */  jr      $ra                        
/* 01134 80B97704 00000000 */  nop


glabel func_80B97708
/* 01138 80B97708 27BDFFD0 */  addiu   $sp, $sp, 0xFFD0           ## $sp = FFFFFFD0
/* 0113C 80B9770C AFB00020 */  sw      $s0, 0x0020($sp)           
/* 01140 80B97710 00808025 */  or      $s0, $a0, $zero            ## $s0 = 00000000
/* 01144 80B97714 AFBF0024 */  sw      $ra, 0x0024($sp)           
/* 01148 80B97718 AFA50034 */  sw      $a1, 0x0034($sp)           
/* 0114C 80B9771C 8FAE0034 */  lw      $t6, 0x0034($sp)           
/* 01150 80B97720 02002025 */  or      $a0, $s0, $zero            ## $a0 = 00000000
/* 01154 80B97724 8DCF1CCC */  lw      $t7, 0x1CCC($t6)           ## 00001CCC
/* 01158 80B97728 0C2E5B53 */  jal     func_80B96D4C              
/* 0115C 80B9772C AFAF002C */  sw      $t7, 0x002C($sp)           
/* 01160 80B97730 86050016 */  lh      $a1, 0x0016($s0)           ## 00000016
/* 01164 80B97734 24180100 */  addiu   $t8, $zero, 0x0100         ## $t8 = 00000100
/* 01168 80B97738 AFB80010 */  sw      $t8, 0x0010($sp)           
/* 0116C 80B9773C 260400BE */  addiu   $a0, $s0, 0x00BE           ## $a0 = 000000BE
/* 01170 80B97740 24060002 */  addiu   $a2, $zero, 0x0002         ## $a2 = 00000002
/* 01174 80B97744 0C03FFAF */  jal     func_800FFEBC              
/* 01178 80B97748 24070400 */  addiu   $a3, $zero, 0x0400         ## $a3 = 00000400
/* 0117C 80B9774C 861900BE */  lh      $t9, 0x00BE($s0)           ## 000000BE
/* 01180 80B97750 02002025 */  or      $a0, $s0, $zero            ## $a0 = 00000000
/* 01184 80B97754 A6190032 */  sh      $t9, 0x0032($s0)           ## 00000032
/* 01188 80B97758 0C02E134 */  jal     func_800B84D0              
/* 0118C 80B9775C 8FA50034 */  lw      $a1, 0x0034($sp)           
/* 01190 80B97760 10400009 */  beq     $v0, $zero, .L80B97788     
/* 01194 80B97764 8FA9002C */  lw      $t1, 0x002C($sp)           
/* 01198 80B97768 3C0880B9 */  lui     $t0, %hi(func_80B9765C)    ## $t0 = 80B90000
/* 0119C 80B9776C 2508765C */  addiu   $t0, $t0, %lo(func_80B9765C) ## $t0 = 80B9765C
/* 011A0 80B97770 AE0802F8 */  sw      $t0, 0x02F8($s0)           ## 000002F8
/* 011A4 80B97774 8FA50034 */  lw      $a1, 0x0034($sp)           
/* 011A8 80B97778 0C2E5CBA */  jal     func_80B972E8              
/* 011AC 80B9777C 02002025 */  or      $a0, $s0, $zero            ## $a0 = 00000000
/* 011B0 80B97780 1000003A */  beq     $zero, $zero, .L80B9786C   
/* 011B4 80B97784 8FBF0024 */  lw      $ra, 0x0024($sp)           
.L80B97788:
/* 011B8 80B97788 8D2A0A6C */  lw      $t2, 0x0A6C($t1)           ## 00000A6C
/* 011BC 80B9778C 00001825 */  or      $v1, $zero, $zero          ## $v1 = 00000000
/* 011C0 80B97790 000A5980 */  sll     $t3, $t2,  6               
/* 011C4 80B97794 05600005 */  bltz    $t3, .L80B977AC            
/* 011C8 80B97798 00000000 */  nop
/* 011CC 80B9779C 0C2E5B39 */  jal     func_80B96CE4              
/* 011D0 80B977A0 02002025 */  or      $a0, $s0, $zero            ## $a0 = 00000000
/* 011D4 80B977A4 10000001 */  beq     $zero, $zero, .L80B977AC   
/* 011D8 80B977A8 00401825 */  or      $v1, $v0, $zero            ## $v1 = 00000000
.L80B977AC:
/* 011DC 80B977AC 10600027 */  beq     $v1, $zero, .L80B9784C     
/* 011E0 80B977B0 02002025 */  or      $a0, $s0, $zero            ## $a0 = 00000000
/* 011E4 80B977B4 3C02801F */  lui     $v0, 0x801F                ## $v0 = 801F0000
/* 011E8 80B977B8 2442F670 */  addiu   $v0, $v0, 0xF670           ## $v0 = 801EF670
/* 011EC 80B977BC 904C0F15 */  lbu     $t4, 0x0F15($v0)           ## 801F0585
/* 011F0 80B977C0 3C010001 */  lui     $at, 0x0001                ## $at = 00010000
/* 011F4 80B977C4 358D0010 */  ori     $t5, $t4, 0x0010           ## $t5 = 00000010
/* 011F8 80B977C8 A04D0F15 */  sb      $t5, 0x0F15($v0)           ## 801F0585
/* 011FC 80B977CC 8E0E0004 */  lw      $t6, 0x0004($s0)           ## 00000004
/* 01200 80B977D0 01C17825 */  or      $t7, $t6, $at              ## $t7 = 00010000
/* 01204 80B977D4 24010005 */  addiu   $at, $zero, 0x0005         ## $at = 00000005
/* 01208 80B977D8 1461000A */  bne     $v1, $at, .L80B97804       
/* 0120C 80B977DC AE0F0004 */  sw      $t7, 0x0004($s0)           ## 00000004
/* 01210 80B977E0 90580020 */  lbu     $t8, 0x0020($v0)           ## 801EF690
/* 01214 80B977E4 24010002 */  addiu   $at, $zero, 0x0002         ## $at = 00000002
/* 01218 80B977E8 2419126E */  addiu   $t9, $zero, 0x126E         ## $t9 = 0000126E
/* 0121C 80B977EC 17010003 */  bne     $t8, $at, .L80B977FC       
/* 01220 80B977F0 24081272 */  addiu   $t0, $zero, 0x1272         ## $t0 = 00001272
/* 01224 80B977F4 1000000B */  beq     $zero, $zero, .L80B97824   
/* 01228 80B977F8 A6190116 */  sh      $t9, 0x0116($s0)           ## 00000116
.L80B977FC:
/* 0122C 80B977FC 10000009 */  beq     $zero, $zero, .L80B97824   
/* 01230 80B97800 A6080116 */  sh      $t0, 0x0116($s0)           ## 00000116
.L80B97804:
/* 01234 80B97804 90490020 */  lbu     $t1, 0x0020($v0)           ## 801EF690
/* 01238 80B97808 24010002 */  addiu   $at, $zero, 0x0002         ## $at = 00000002
/* 0123C 80B9780C 240A1273 */  addiu   $t2, $zero, 0x1273         ## $t2 = 00001273
/* 01240 80B97810 15210003 */  bne     $t1, $at, .L80B97820       
/* 01244 80B97814 240B1276 */  addiu   $t3, $zero, 0x1276         ## $t3 = 00001276
/* 01248 80B97818 10000002 */  beq     $zero, $zero, .L80B97824   
/* 0124C 80B9781C A60A0116 */  sh      $t2, 0x0116($s0)           ## 00000116
.L80B97820:
/* 01250 80B97820 A60B0116 */  sh      $t3, 0x0116($s0)           ## 00000116
.L80B97824:
/* 01254 80B97824 960C02F2 */  lhu     $t4, 0x02F2($s0)           ## 000002F2
/* 01258 80B97828 02002025 */  or      $a0, $s0, $zero            ## $a0 = 00000000
/* 0125C 80B9782C 358D0001 */  ori     $t5, $t4, 0x0001           ## $t5 = 00000001
/* 01260 80B97830 A60D02F2 */  sh      $t5, 0x02F2($s0)           ## 000002F2
/* 01264 80B97834 0C2E5D7E */  jal     func_80B975F8              
/* 01268 80B97838 8FA50034 */  lw      $a1, 0x0034($sp)           
/* 0126C 80B9783C 3C0E80B9 */  lui     $t6, %hi(func_80B975F8)    ## $t6 = 80B90000
/* 01270 80B97840 25CE75F8 */  addiu   $t6, $t6, %lo(func_80B975F8) ## $t6 = 80B975F8
/* 01274 80B97844 10000008 */  beq     $zero, $zero, .L80B97868   
/* 01278 80B97848 AE0E02F8 */  sw      $t6, 0x02F8($s0)           ## 000002F8
.L80B9784C:
/* 0127C 80B9784C 0C2E5B7C */  jal     func_80B96DF0              
/* 01280 80B97850 8FA50034 */  lw      $a1, 0x0034($sp)           
/* 01284 80B97854 10400004 */  beq     $v0, $zero, .L80B97868     
/* 01288 80B97858 02002025 */  or      $a0, $s0, $zero            ## $a0 = 00000000
/* 0128C 80B9785C 8FA50034 */  lw      $a1, 0x0034($sp)           
/* 01290 80B97860 0C02E185 */  jal     func_800B8614              
/* 01294 80B97864 3C0642F0 */  lui     $a2, 0x42F0                ## $a2 = 42F00000
.L80B97868:
/* 01298 80B97868 8FBF0024 */  lw      $ra, 0x0024($sp)           
.L80B9786C:
/* 0129C 80B9786C 8FB00020 */  lw      $s0, 0x0020($sp)           
/* 012A0 80B97870 27BD0030 */  addiu   $sp, $sp, 0x0030           ## $sp = 00000000
/* 012A4 80B97874 03E00008 */  jr      $ra                        
/* 012A8 80B97878 00000000 */  nop


glabel func_80B9787C
/* 012AC 80B9787C 27BDFFE8 */  addiu   $sp, $sp, 0xFFE8           ## $sp = FFFFFFE8
/* 012B0 80B97880 AFBF0014 */  sw      $ra, 0x0014($sp)           
/* 012B4 80B97884 00803025 */  or      $a2, $a0, $zero            ## $a2 = 00000000
/* 012B8 80B97888 00A03825 */  or      $a3, $a1, $zero            ## $a3 = 00000000
/* 012BC 80B9788C 94CE0116 */  lhu     $t6, 0x0116($a2)           ## 00000116
/* 012C0 80B97890 3C03801F */  lui     $v1, 0x801F                ## $v1 = 801F0000
/* 012C4 80B97894 2463F670 */  addiu   $v1, $v1, 0xF670           ## $v1 = 801EF670
/* 012C8 80B97898 55C0004D */  bnel    $t6, $zero, .L80B979D0     
/* 012CC 80B9789C 8FBF0014 */  lw      $ra, 0x0014($sp)           
/* 012D0 80B978A0 906F0020 */  lbu     $t7, 0x0020($v1)           ## 801EF690
/* 012D4 80B978A4 24040002 */  addiu   $a0, $zero, 0x0002         ## $a0 = 00000002
/* 012D8 80B978A8 548F0025 */  bnel    $a0, $t7, .L80B97940       
/* 012DC 80B978AC 84C2001C */  lh      $v0, 0x001C($a2)           ## 0000001C
/* 012E0 80B978B0 84C2001C */  lh      $v0, 0x001C($a2)           ## 0000001C
/* 012E4 80B978B4 24010003 */  addiu   $at, $zero, 0x0003         ## $at = 00000003
/* 012E8 80B978B8 3042001F */  andi    $v0, $v0, 0x001F           ## $v0 = 00000000
/* 012EC 80B978BC 50440006 */  beql    $v0, $a0, .L80B978D8       
/* 012F0 80B978C0 90620F1D */  lbu     $v0, 0x0F1D($v1)           ## 801F058D
/* 012F4 80B978C4 5041000D */  beql    $v0, $at, .L80B978FC       
/* 012F8 80B978C8 90620F1E */  lbu     $v0, 0x0F1E($v1)           ## 801F058E
/* 012FC 80B978CC 10000013 */  beq     $zero, $zero, .L80B9791C   
/* 01300 80B978D0 24051288 */  addiu   $a1, $zero, 0x1288         ## $a1 = 00001288
/* 01304 80B978D4 90620F1D */  lbu     $v0, 0x0F1D($v1)           ## 801F058D
.L80B978D8:
/* 01308 80B978D8 2405127C */  addiu   $a1, $zero, 0x127C         ## $a1 = 0000127C
/* 0130C 80B978DC 30580040 */  andi    $t8, $v0, 0x0040           ## $t8 = 00000000
/* 01310 80B978E0 13000003 */  beq     $t8, $zero, .L80B978F0     
/* 01314 80B978E4 34590040 */  ori     $t9, $v0, 0x0040           ## $t9 = 00000040
/* 01318 80B978E8 10000036 */  beq     $zero, $zero, .L80B979C4   
/* 0131C 80B978EC 2405127E */  addiu   $a1, $zero, 0x127E         ## $a1 = 0000127E
.L80B978F0:
/* 01320 80B978F0 10000034 */  beq     $zero, $zero, .L80B979C4   
/* 01324 80B978F4 A0790F1D */  sb      $t9, 0x0F1D($v1)           ## 801F058D
/* 01328 80B978F8 90620F1E */  lbu     $v0, 0x0F1E($v1)           ## 801F058E
.L80B978FC:
/* 0132C 80B978FC 24051282 */  addiu   $a1, $zero, 0x1282         ## $a1 = 00001282
/* 01330 80B97900 30480001 */  andi    $t0, $v0, 0x0001           ## $t0 = 00000000
/* 01334 80B97904 11000003 */  beq     $t0, $zero, .L80B97914     
/* 01338 80B97908 34490001 */  ori     $t1, $v0, 0x0001           ## $t1 = 00000001
/* 0133C 80B9790C 1000002D */  beq     $zero, $zero, .L80B979C4   
/* 01340 80B97910 24051284 */  addiu   $a1, $zero, 0x1284         ## $a1 = 00001284
.L80B97914:
/* 01344 80B97914 1000002B */  beq     $zero, $zero, .L80B979C4   
/* 01348 80B97918 A0690F1E */  sb      $t1, 0x0F1E($v1)           ## 801F058E
.L80B9791C:
/* 0134C 80B9791C 90620F1E */  lbu     $v0, 0x0F1E($v1)           ## 801F058E
/* 01350 80B97920 304A0004 */  andi    $t2, $v0, 0x0004           ## $t2 = 00000000
/* 01354 80B97924 11400003 */  beq     $t2, $zero, .L80B97934     
/* 01358 80B97928 344B0004 */  ori     $t3, $v0, 0x0004           ## $t3 = 00000004
/* 0135C 80B9792C 10000025 */  beq     $zero, $zero, .L80B979C4   
/* 01360 80B97930 2405128A */  addiu   $a1, $zero, 0x128A         ## $a1 = 0000128A
.L80B97934:
/* 01364 80B97934 10000023 */  beq     $zero, $zero, .L80B979C4   
/* 01368 80B97938 A06B0F1E */  sb      $t3, 0x0F1E($v1)           ## 801F058E
/* 0136C 80B9793C 84C2001C */  lh      $v0, 0x001C($a2)           ## 0000001C
.L80B97940:
/* 01370 80B97940 24010003 */  addiu   $at, $zero, 0x0003         ## $at = 00000003
/* 01374 80B97944 3042001F */  andi    $v0, $v0, 0x001F           ## $v0 = 00000000
/* 01378 80B97948 50440006 */  beql    $v0, $a0, .L80B97964       
/* 0137C 80B9794C 90620F1D */  lbu     $v0, 0x0F1D($v1)           ## 801F058D
/* 01380 80B97950 5041000D */  beql    $v0, $at, .L80B97988       
/* 01384 80B97954 90620F1D */  lbu     $v0, 0x0F1D($v1)           ## 801F058D
/* 01388 80B97958 10000013 */  beq     $zero, $zero, .L80B979A8   
/* 0138C 80B9795C 24051285 */  addiu   $a1, $zero, 0x1285         ## $a1 = 00001285
/* 01390 80B97960 90620F1D */  lbu     $v0, 0x0F1D($v1)           ## 801F058D
.L80B97964:
/* 01394 80B97964 24051279 */  addiu   $a1, $zero, 0x1279         ## $a1 = 00001279
/* 01398 80B97968 304C0020 */  andi    $t4, $v0, 0x0020           ## $t4 = 00000000
/* 0139C 80B9796C 11800003 */  beq     $t4, $zero, .L80B9797C     
/* 013A0 80B97970 344D0020 */  ori     $t5, $v0, 0x0020           ## $t5 = 00000020
/* 013A4 80B97974 10000013 */  beq     $zero, $zero, .L80B979C4   
/* 013A8 80B97978 2405127B */  addiu   $a1, $zero, 0x127B         ## $a1 = 0000127B
.L80B9797C:
/* 013AC 80B9797C 10000011 */  beq     $zero, $zero, .L80B979C4   
/* 013B0 80B97980 A06D0F1D */  sb      $t5, 0x0F1D($v1)           ## 801F058D
/* 013B4 80B97984 90620F1D */  lbu     $v0, 0x0F1D($v1)           ## 801F058D
.L80B97988:
/* 013B8 80B97988 2405127F */  addiu   $a1, $zero, 0x127F         ## $a1 = 0000127F
/* 013BC 80B9798C 304E0080 */  andi    $t6, $v0, 0x0080           ## $t6 = 00000000
/* 013C0 80B97990 11C00003 */  beq     $t6, $zero, .L80B979A0     
/* 013C4 80B97994 344F0080 */  ori     $t7, $v0, 0x0080           ## $t7 = 00000080
/* 013C8 80B97998 1000000A */  beq     $zero, $zero, .L80B979C4   
/* 013CC 80B9799C 24051281 */  addiu   $a1, $zero, 0x1281         ## $a1 = 00001281
.L80B979A0:
/* 013D0 80B979A0 10000008 */  beq     $zero, $zero, .L80B979C4   
/* 013D4 80B979A4 A06F0F1D */  sb      $t7, 0x0F1D($v1)           ## 801F058D
.L80B979A8:
/* 013D8 80B979A8 90620F1E */  lbu     $v0, 0x0F1E($v1)           ## 801F058E
/* 013DC 80B979AC 30580002 */  andi    $t8, $v0, 0x0002           ## $t8 = 00000000
/* 013E0 80B979B0 13000003 */  beq     $t8, $zero, .L80B979C0     
/* 013E4 80B979B4 34590002 */  ori     $t9, $v0, 0x0002           ## $t9 = 00000002
/* 013E8 80B979B8 10000002 */  beq     $zero, $zero, .L80B979C4   
/* 013EC 80B979BC 24051287 */  addiu   $a1, $zero, 0x1287         ## $a1 = 00001287
.L80B979C0:
/* 013F0 80B979C0 A0790F1E */  sb      $t9, 0x0F1E($v1)           ## 801F058E
.L80B979C4:
/* 013F4 80B979C4 0C05462C */  jal     func_801518B0              
/* 013F8 80B979C8 00E02025 */  or      $a0, $a3, $zero            ## $a0 = 00000000
/* 013FC 80B979CC 8FBF0014 */  lw      $ra, 0x0014($sp)           
.L80B979D0:
/* 01400 80B979D0 27BD0018 */  addiu   $sp, $sp, 0x0018           ## $sp = 00000000
/* 01404 80B979D4 03E00008 */  jr      $ra                        
/* 01408 80B979D8 00000000 */  nop


glabel func_80B979DC
/* 0140C 80B979DC 27BDFFE8 */  addiu   $sp, $sp, 0xFFE8           ## $sp = FFFFFFE8
/* 01410 80B979E0 AFBF0014 */  sw      $ra, 0x0014($sp)           
/* 01414 80B979E4 AFA5001C */  sw      $a1, 0x001C($sp)           
/* 01418 80B979E8 0C2E5B97 */  jal     func_80B96E5C              
/* 0141C 80B979EC AFA40018 */  sw      $a0, 0x0018($sp)           
/* 01420 80B979F0 1040000C */  beq     $v0, $zero, .L80B97A24     
/* 01424 80B979F4 8FA40018 */  lw      $a0, 0x0018($sp)           
/* 01428 80B979F8 3C0E80B9 */  lui     $t6, %hi(func_80B97B5C)    ## $t6 = 80B90000
/* 0142C 80B979FC 25CE7B5C */  addiu   $t6, $t6, %lo(func_80B97B5C) ## $t6 = 80B97B5C
/* 01430 80B97A00 AC8E02F8 */  sw      $t6, 0x02F8($a0)           ## 000002F8
/* 01434 80B97A04 AFA40018 */  sw      $a0, 0x0018($sp)           
/* 01438 80B97A08 00002825 */  or      $a1, $zero, $zero          ## $a1 = 00000000
/* 0143C 80B97A0C 0C2E5AFB */  jal     func_80B96BEC              
/* 01440 80B97A10 00003025 */  or      $a2, $zero, $zero          ## $a2 = 00000000
/* 01444 80B97A14 8FA40018 */  lw      $a0, 0x0018($sp)           
/* 01448 80B97A18 44802000 */  mtc1    $zero, $f4                 ## $f4 = 0.00
/* 0144C 80B97A1C 10000005 */  beq     $zero, $zero, .L80B97A34   
/* 01450 80B97A20 E4840070 */  swc1    $f4, 0x0070($a0)           ## 00000070
.L80B97A24:
/* 01454 80B97A24 3C013FC0 */  lui     $at, 0x3FC0                ## $at = 3FC00000
/* 01458 80B97A28 44813000 */  mtc1    $at, $f6                   ## $f6 = 1.50
/* 0145C 80B97A2C 00000000 */  nop
/* 01460 80B97A30 E4860070 */  swc1    $f6, 0x0070($a0)           ## 00000070
.L80B97A34:
/* 01464 80B97A34 8FBF0014 */  lw      $ra, 0x0014($sp)           
/* 01468 80B97A38 27BD0018 */  addiu   $sp, $sp, 0x0018           ## $sp = 00000000
/* 0146C 80B97A3C 03E00008 */  jr      $ra                        
/* 01470 80B97A40 00000000 */  nop


glabel func_80B97A44
/* 01474 80B97A44 27BDFFE8 */  addiu   $sp, $sp, 0xFFE8           ## $sp = FFFFFFE8
/* 01478 80B97A48 AFBF0014 */  sw      $ra, 0x0014($sp)           
/* 0147C 80B97A4C 00803825 */  or      $a3, $a0, $zero            ## $a3 = 00000000
/* 01480 80B97A50 00A03025 */  or      $a2, $a1, $zero            ## $a2 = 00000000
/* 01484 80B97A54 24C44908 */  addiu   $a0, $a2, 0x4908           ## $a0 = 00004908
/* 01488 80B97A58 AFA6001C */  sw      $a2, 0x001C($sp)           
/* 0148C 80B97A5C 0C054926 */  jal     func_80152498              
/* 01490 80B97A60 AFA70018 */  sw      $a3, 0x0018($sp)           
/* 01494 80B97A64 24010005 */  addiu   $at, $zero, 0x0005         ## $at = 00000005
/* 01498 80B97A68 8FA6001C */  lw      $a2, 0x001C($sp)           
/* 0149C 80B97A6C 14410037 */  bne     $v0, $at, .L80B97B4C       
/* 014A0 80B97A70 8FA70018 */  lw      $a3, 0x0018($sp)           
/* 014A4 80B97A74 00C02025 */  or      $a0, $a2, $zero            ## $a0 = 00000000
/* 014A8 80B97A78 AFA6001C */  sw      $a2, 0x001C($sp)           
/* 014AC 80B97A7C 0C051D89 */  jal     func_80147624              
/* 014B0 80B97A80 AFA70018 */  sw      $a3, 0x0018($sp)           
/* 014B4 80B97A84 8FA6001C */  lw      $a2, 0x001C($sp)           
/* 014B8 80B97A88 10400030 */  beq     $v0, $zero, .L80B97B4C     
/* 014BC 80B97A8C 8FA70018 */  lw      $a3, 0x0018($sp)           
/* 014C0 80B97A90 3C020001 */  lui     $v0, 0x0001                ## $v0 = 00010000
/* 014C4 80B97A94 00461021 */  addu    $v0, $v0, $a2              
/* 014C8 80B97A98 9442680C */  lhu     $v0, 0x680C($v0)           ## 0001680C
/* 014CC 80B97A9C 244EED87 */  addiu   $t6, $v0, 0xED87           ## $t6 = 0000ED87
/* 014D0 80B97AA0 2DC10012 */  sltiu   $at, $t6, 0x0012           
/* 014D4 80B97AA4 10200022 */  beq     $at, $zero, .L80B97B30     
/* 014D8 80B97AA8 000E7080 */  sll     $t6, $t6,  2               
/* 014DC 80B97AAC 3C0180BA */  lui     $at, %hi(D_80B999F4)       ## $at = 80BA0000
/* 014E0 80B97AB0 002E0821 */  addu    $at, $at, $t6              
/* 014E4 80B97AB4 8C2E99F4 */  lw      $t6, %lo(D_80B999F4)($at)  
/* 014E8 80B97AB8 01C00008 */  jr      $t6                        
/* 014EC 80B97ABC 00000000 */  nop
.L80B97AC0:
/* 014F0 80B97AC0 24450001 */  addiu   $a1, $v0, 0x0001           ## $a1 = 00010001
/* 014F4 80B97AC4 30A5FFFF */  andi    $a1, $a1, 0xFFFF           ## $a1 = 00000001
/* 014F8 80B97AC8 0C05464E */  jal     func_80151938              
/* 014FC 80B97ACC 00C02025 */  or      $a0, $a2, $zero            ## $a0 = 00000000
/* 01500 80B97AD0 1000001F */  beq     $zero, $zero, .L80B97B50   
/* 01504 80B97AD4 8FBF0014 */  lw      $ra, 0x0014($sp)           
.L80B97AD8:
/* 01508 80B97AD8 00C02025 */  or      $a0, $a2, $zero            ## $a0 = 00000000
/* 0150C 80B97ADC 0C051DED */  jal     func_801477B4              
/* 01510 80B97AE0 AFA70018 */  sw      $a3, 0x0018($sp)           
/* 01514 80B97AE4 8FA70018 */  lw      $a3, 0x0018($sp)           
/* 01518 80B97AE8 3C1980B9 */  lui     $t9, %hi(func_80B979DC)    ## $t9 = 80B90000
/* 0151C 80B97AEC 3C0880B9 */  lui     $t0, %hi(func_80B97B5C)    ## $t0 = 80B90000
/* 01520 80B97AF0 94E202F2 */  lhu     $v0, 0x02F2($a3)           ## 000002F2
/* 01524 80B97AF4 273979DC */  addiu   $t9, $t9, %lo(func_80B979DC) ## $t9 = 80B979DC
/* 01528 80B97AF8 25087B5C */  addiu   $t0, $t0, %lo(func_80B97B5C) ## $t0 = 80B97B5C
/* 0152C 80B97AFC 304F0002 */  andi    $t7, $v0, 0x0002           ## $t7 = 00000000
/* 01530 80B97B00 15E00009 */  bne     $t7, $zero, .L80B97B28     
/* 01534 80B97B04 34580002 */  ori     $t8, $v0, 0x0002           ## $t8 = 00000002
/* 01538 80B97B08 A4F802F2 */  sh      $t8, 0x02F2($a3)           ## 000002F2
/* 0153C 80B97B0C ACF902F8 */  sw      $t9, 0x02F8($a3)           ## 000002F8
/* 01540 80B97B10 00E02025 */  or      $a0, $a3, $zero            ## $a0 = 00000000
/* 01544 80B97B14 24050001 */  addiu   $a1, $zero, 0x0001         ## $a1 = 00000001
/* 01548 80B97B18 0C2E5AFB */  jal     func_80B96BEC              
/* 0154C 80B97B1C 00003025 */  or      $a2, $zero, $zero          ## $a2 = 00000000
/* 01550 80B97B20 1000000B */  beq     $zero, $zero, .L80B97B50   
/* 01554 80B97B24 8FBF0014 */  lw      $ra, 0x0014($sp)           
.L80B97B28:
/* 01558 80B97B28 10000008 */  beq     $zero, $zero, .L80B97B4C   
/* 0155C 80B97B2C ACE802F8 */  sw      $t0, 0x02F8($a3)           ## 000002F8
.L80B97B30:
/* 01560 80B97B30 00C02025 */  or      $a0, $a2, $zero            ## $a0 = 00000000
/* 01564 80B97B34 0C051DED */  jal     func_801477B4              
/* 01568 80B97B38 AFA70018 */  sw      $a3, 0x0018($sp)           
/* 0156C 80B97B3C 8FA70018 */  lw      $a3, 0x0018($sp)           
/* 01570 80B97B40 3C0980B9 */  lui     $t1, %hi(func_80B97B5C)    ## $t1 = 80B90000
/* 01574 80B97B44 25297B5C */  addiu   $t1, $t1, %lo(func_80B97B5C) ## $t1 = 80B97B5C
/* 01578 80B97B48 ACE902F8 */  sw      $t1, 0x02F8($a3)           ## 000002F8
.L80B97B4C:
/* 0157C 80B97B4C 8FBF0014 */  lw      $ra, 0x0014($sp)           
.L80B97B50:
/* 01580 80B97B50 27BD0018 */  addiu   $sp, $sp, 0x0018           ## $sp = 00000000
/* 01584 80B97B54 03E00008 */  jr      $ra                        
/* 01588 80B97B58 00000000 */  nop


glabel func_80B97B5C
/* 0158C 80B97B5C 27BDFFD8 */  addiu   $sp, $sp, 0xFFD8           ## $sp = FFFFFFD8
/* 01590 80B97B60 AFB00020 */  sw      $s0, 0x0020($sp)           
/* 01594 80B97B64 00808025 */  or      $s0, $a0, $zero            ## $s0 = 00000000
/* 01598 80B97B68 AFBF0024 */  sw      $ra, 0x0024($sp)           
/* 0159C 80B97B6C AFA5002C */  sw      $a1, 0x002C($sp)           
/* 015A0 80B97B70 86050016 */  lh      $a1, 0x0016($s0)           ## 00000016
/* 015A4 80B97B74 240E0100 */  addiu   $t6, $zero, 0x0100         ## $t6 = 00000100
/* 015A8 80B97B78 AFAE0010 */  sw      $t6, 0x0010($sp)           
/* 015AC 80B97B7C 260400BE */  addiu   $a0, $s0, 0x00BE           ## $a0 = 000000BE
/* 015B0 80B97B80 24060002 */  addiu   $a2, $zero, 0x0002         ## $a2 = 00000002
/* 015B4 80B97B84 0C03FFAF */  jal     func_800FFEBC              
/* 015B8 80B97B88 24070400 */  addiu   $a3, $zero, 0x0400         ## $a3 = 00000400
/* 015BC 80B97B8C 860F00BE */  lh      $t7, 0x00BE($s0)           ## 000000BE
/* 015C0 80B97B90 02002025 */  or      $a0, $s0, $zero            ## $a0 = 00000000
/* 015C4 80B97B94 A60F0032 */  sh      $t7, 0x0032($s0)           ## 00000032
/* 015C8 80B97B98 0C02E134 */  jal     func_800B84D0              
/* 015CC 80B97B9C 8FA5002C */  lw      $a1, 0x002C($sp)           
/* 015D0 80B97BA0 10400009 */  beq     $v0, $zero, .L80B97BC8     
/* 015D4 80B97BA4 02002025 */  or      $a0, $s0, $zero            ## $a0 = 00000000
/* 015D8 80B97BA8 3C1880B9 */  lui     $t8, %hi(func_80B97A44)    ## $t8 = 80B90000
/* 015DC 80B97BAC 27187A44 */  addiu   $t8, $t8, %lo(func_80B97A44) ## $t8 = 80B97A44
/* 015E0 80B97BB0 AE1802F8 */  sw      $t8, 0x02F8($s0)           ## 000002F8
/* 015E4 80B97BB4 8FA5002C */  lw      $a1, 0x002C($sp)           
/* 015E8 80B97BB8 0C2E5E1F */  jal     func_80B9787C              
/* 015EC 80B97BBC 02002025 */  or      $a0, $s0, $zero            ## $a0 = 00000000
/* 015F0 80B97BC0 10000009 */  beq     $zero, $zero, .L80B97BE8   
/* 015F4 80B97BC4 8FBF0024 */  lw      $ra, 0x0024($sp)           
.L80B97BC8:
/* 015F8 80B97BC8 0C2E5B7C */  jal     func_80B96DF0              
/* 015FC 80B97BCC 8FA5002C */  lw      $a1, 0x002C($sp)           
/* 01600 80B97BD0 10400004 */  beq     $v0, $zero, .L80B97BE4     
/* 01604 80B97BD4 02002025 */  or      $a0, $s0, $zero            ## $a0 = 00000000
/* 01608 80B97BD8 8FA5002C */  lw      $a1, 0x002C($sp)           
/* 0160C 80B97BDC 0C02E185 */  jal     func_800B8614              
/* 01610 80B97BE0 3C0642F0 */  lui     $a2, 0x42F0                ## $a2 = 42F00000
.L80B97BE4:
/* 01614 80B97BE4 8FBF0024 */  lw      $ra, 0x0024($sp)           
.L80B97BE8:
/* 01618 80B97BE8 8FB00020 */  lw      $s0, 0x0020($sp)           
/* 0161C 80B97BEC 27BD0028 */  addiu   $sp, $sp, 0x0028           ## $sp = 00000000
/* 01620 80B97BF0 03E00008 */  jr      $ra                        
/* 01624 80B97BF4 00000000 */  nop


glabel func_80B97BF8
/* 01628 80B97BF8 27BDFFE8 */  addiu   $sp, $sp, 0xFFE8           ## $sp = FFFFFFE8
/* 0162C 80B97BFC AFBF0014 */  sw      $ra, 0x0014($sp)           
/* 01630 80B97C00 00803025 */  or      $a2, $a0, $zero            ## $a2 = 00000000
/* 01634 80B97C04 00A03825 */  or      $a3, $a1, $zero            ## $a3 = 00000000
/* 01638 80B97C08 3C0E801F */  lui     $t6, 0x801F                ## $t6 = 801F0000
/* 0163C 80B97C0C 91CEF690 */  lbu     $t6, -0x0970($t6)          ## 801EF690
/* 01640 80B97C10 24010002 */  addiu   $at, $zero, 0x0002         ## $at = 00000002
/* 01644 80B97C14 2405128B */  addiu   $a1, $zero, 0x128B         ## $a1 = 0000128B
/* 01648 80B97C18 15C10003 */  bne     $t6, $at, .L80B97C28       
/* 0164C 80B97C1C 00000000 */  nop
/* 01650 80B97C20 10000001 */  beq     $zero, $zero, .L80B97C28   
/* 01654 80B97C24 2405128C */  addiu   $a1, $zero, 0x128C         ## $a1 = 0000128C
.L80B97C28:
/* 01658 80B97C28 0C05462C */  jal     func_801518B0              
/* 0165C 80B97C2C 00E02025 */  or      $a0, $a3, $zero            ## $a0 = 00000000
/* 01660 80B97C30 8FBF0014 */  lw      $ra, 0x0014($sp)           
/* 01664 80B97C34 27BD0018 */  addiu   $sp, $sp, 0x0018           ## $sp = 00000000
/* 01668 80B97C38 03E00008 */  jr      $ra                        
/* 0166C 80B97C3C 00000000 */  nop


glabel func_80B97C40
/* 01670 80B97C40 27BDFFD8 */  addiu   $sp, $sp, 0xFFD8           ## $sp = FFFFFFD8
/* 01674 80B97C44 AFB00020 */  sw      $s0, 0x0020($sp)           
/* 01678 80B97C48 00808025 */  or      $s0, $a0, $zero            ## $s0 = 00000000
/* 0167C 80B97C4C AFBF0024 */  sw      $ra, 0x0024($sp)           
/* 01680 80B97C50 AFA5002C */  sw      $a1, 0x002C($sp)           
/* 01684 80B97C54 86050092 */  lh      $a1, 0x0092($s0)           ## 00000092
/* 01688 80B97C58 240E0100 */  addiu   $t6, $zero, 0x0100         ## $t6 = 00000100
/* 0168C 80B97C5C AFAE0010 */  sw      $t6, 0x0010($sp)           
/* 01690 80B97C60 260400BE */  addiu   $a0, $s0, 0x00BE           ## $a0 = 000000BE
/* 01694 80B97C64 24060002 */  addiu   $a2, $zero, 0x0002         ## $a2 = 00000002
/* 01698 80B97C68 0C03FFAF */  jal     func_800FFEBC              
/* 0169C 80B97C6C 24070800 */  addiu   $a3, $zero, 0x0800         ## $a3 = 00000800
/* 016A0 80B97C70 860F00BE */  lh      $t7, 0x00BE($s0)           ## 000000BE
/* 016A4 80B97C74 A60F0032 */  sh      $t7, 0x0032($s0)           ## 00000032
/* 016A8 80B97C78 8FA4002C */  lw      $a0, 0x002C($sp)           
/* 016AC 80B97C7C 0C054926 */  jal     func_80152498              
/* 016B0 80B97C80 24844908 */  addiu   $a0, $a0, 0x4908           ## $a0 = 00004908
/* 016B4 80B97C84 24010005 */  addiu   $at, $zero, 0x0005         ## $at = 00000005
/* 016B8 80B97C88 5441000B */  bnel    $v0, $at, .L80B97CB8       
/* 016BC 80B97C8C 8FBF0024 */  lw      $ra, 0x0024($sp)           
/* 016C0 80B97C90 0C051D89 */  jal     func_80147624              
/* 016C4 80B97C94 8FA4002C */  lw      $a0, 0x002C($sp)           
/* 016C8 80B97C98 50400007 */  beql    $v0, $zero, .L80B97CB8     
/* 016CC 80B97C9C 8FBF0024 */  lw      $ra, 0x0024($sp)           
/* 016D0 80B97CA0 0C051DED */  jal     func_801477B4              
/* 016D4 80B97CA4 8FA4002C */  lw      $a0, 0x002C($sp)           
/* 016D8 80B97CA8 3C1880B9 */  lui     $t8, %hi(func_80B97CC8)    ## $t8 = 80B90000
/* 016DC 80B97CAC 27187CC8 */  addiu   $t8, $t8, %lo(func_80B97CC8) ## $t8 = 80B97CC8
/* 016E0 80B97CB0 AE1802F8 */  sw      $t8, 0x02F8($s0)           ## 000002F8
/* 016E4 80B97CB4 8FBF0024 */  lw      $ra, 0x0024($sp)           
.L80B97CB8:
/* 016E8 80B97CB8 8FB00020 */  lw      $s0, 0x0020($sp)           
/* 016EC 80B97CBC 27BD0028 */  addiu   $sp, $sp, 0x0028           ## $sp = 00000000
/* 016F0 80B97CC0 03E00008 */  jr      $ra                        
/* 016F4 80B97CC4 00000000 */  nop


glabel func_80B97CC8
/* 016F8 80B97CC8 27BDFFE8 */  addiu   $sp, $sp, 0xFFE8           ## $sp = FFFFFFE8
/* 016FC 80B97CCC AFBF0014 */  sw      $ra, 0x0014($sp)           
/* 01700 80B97CD0 AFA5001C */  sw      $a1, 0x001C($sp)           
/* 01704 80B97CD4 00803825 */  or      $a3, $a0, $zero            ## $a3 = 00000000
/* 01708 80B97CD8 00E02025 */  or      $a0, $a3, $zero            ## $a0 = 00000000
/* 0170C 80B97CDC 8FA5001C */  lw      $a1, 0x001C($sp)           
/* 01710 80B97CE0 0C02E134 */  jal     func_800B84D0              
/* 01714 80B97CE4 AFA70018 */  sw      $a3, 0x0018($sp)           
/* 01718 80B97CE8 1040000A */  beq     $v0, $zero, .L80B97D14     
/* 0171C 80B97CEC 8FA70018 */  lw      $a3, 0x0018($sp)           
/* 01720 80B97CF0 3C0E80B9 */  lui     $t6, %hi(func_80B97C40)    ## $t6 = 80B90000
/* 01724 80B97CF4 25CE7C40 */  addiu   $t6, $t6, %lo(func_80B97C40) ## $t6 = 80B97C40
/* 01728 80B97CF8 ACEE02F8 */  sw      $t6, 0x02F8($a3)           ## 000002F8
/* 0172C 80B97CFC 8FA4001C */  lw      $a0, 0x001C($sp)           
/* 01730 80B97D00 2405128B */  addiu   $a1, $zero, 0x128B         ## $a1 = 0000128B
/* 01734 80B97D04 0C05462C */  jal     func_801518B0              
/* 01738 80B97D08 00E03025 */  or      $a2, $a3, $zero            ## $a2 = 00000000
/* 0173C 80B97D0C 10000014 */  beq     $zero, $zero, .L80B97D60   
/* 01740 80B97D10 8FBF0014 */  lw      $ra, 0x0014($sp)           
.L80B97D14:
/* 01744 80B97D14 00E02025 */  or      $a0, $a3, $zero            ## $a0 = 00000000
/* 01748 80B97D18 24053000 */  addiu   $a1, $zero, 0x3000         ## $a1 = 00003000
/* 0174C 80B97D1C 8FA6001C */  lw      $a2, 0x001C($sp)           
/* 01750 80B97D20 0C02DCC8 */  jal     func_800B7320              
/* 01754 80B97D24 AFA70018 */  sw      $a3, 0x0018($sp)           
/* 01758 80B97D28 1040000C */  beq     $v0, $zero, .L80B97D5C     
/* 0175C 80B97D2C 8FA70018 */  lw      $a3, 0x0018($sp)           
/* 01760 80B97D30 3C0142C8 */  lui     $at, 0x42C8                ## $at = 42C80000
/* 01764 80B97D34 44813000 */  mtc1    $at, $f6                   ## $f6 = 100.00
/* 01768 80B97D38 C4E40098 */  lwc1    $f4, 0x0098($a3)           ## 00000098
/* 0176C 80B97D3C 00E02025 */  or      $a0, $a3, $zero            ## $a0 = 00000000
/* 01770 80B97D40 8FA5001C */  lw      $a1, 0x001C($sp)           
/* 01774 80B97D44 4606203C */  c.lt.s  $f4, $f6                   
/* 01778 80B97D48 00000000 */  nop
/* 0177C 80B97D4C 45020004 */  bc1fl   .L80B97D60                 
/* 01780 80B97D50 8FBF0014 */  lw      $ra, 0x0014($sp)           
/* 01784 80B97D54 0C02E185 */  jal     func_800B8614              
/* 01788 80B97D58 3C0642F0 */  lui     $a2, 0x42F0                ## $a2 = 42F00000
.L80B97D5C:
/* 0178C 80B97D5C 8FBF0014 */  lw      $ra, 0x0014($sp)           
.L80B97D60:
/* 01790 80B97D60 27BD0018 */  addiu   $sp, $sp, 0x0018           ## $sp = 00000000
/* 01794 80B97D64 03E00008 */  jr      $ra                        
/* 01798 80B97D68 00000000 */  nop


glabel func_80B97D6C
/* 0179C 80B97D6C 27BDFFD8 */  addiu   $sp, $sp, 0xFFD8           ## $sp = FFFFFFD8
/* 017A0 80B97D70 AFB00018 */  sw      $s0, 0x0018($sp)           
/* 017A4 80B97D74 00808025 */  or      $s0, $a0, $zero            ## $s0 = 00000000
/* 017A8 80B97D78 AFBF001C */  sw      $ra, 0x001C($sp)           
/* 017AC 80B97D7C AFA5002C */  sw      $a1, 0x002C($sp)           
/* 017B0 80B97D80 0C2E5B97 */  jal     func_80B96E5C              
/* 017B4 80B97D84 02002025 */  or      $a0, $s0, $zero            ## $a0 = 00000000
/* 017B8 80B97D88 1040000C */  beq     $v0, $zero, .L80B97DBC     
/* 017BC 80B97D8C 3C014100 */  lui     $at, 0x4100                ## $at = 41000000
/* 017C0 80B97D90 44802000 */  mtc1    $zero, $f4                 ## $f4 = 0.00
/* 017C4 80B97D94 3C0E80B9 */  lui     $t6, %hi(func_80B97CC8)    ## $t6 = 80B90000
/* 017C8 80B97D98 25CE7CC8 */  addiu   $t6, $t6, %lo(func_80B97CC8) ## $t6 = 80B97CC8
/* 017CC 80B97D9C AE0E02F8 */  sw      $t6, 0x02F8($s0)           ## 000002F8
/* 017D0 80B97DA0 02002025 */  or      $a0, $s0, $zero            ## $a0 = 00000000
/* 017D4 80B97DA4 00002825 */  or      $a1, $zero, $zero          ## $a1 = 00000000
/* 017D8 80B97DA8 00003025 */  or      $a2, $zero, $zero          ## $a2 = 00000000
/* 017DC 80B97DAC 0C2E5AFB */  jal     func_80B96BEC              
/* 017E0 80B97DB0 E6040070 */  swc1    $f4, 0x0070($s0)           ## 00000070
/* 017E4 80B97DB4 10000005 */  beq     $zero, $zero, .L80B97DCC   
/* 017E8 80B97DB8 26040144 */  addiu   $a0, $s0, 0x0144           ## $a0 = 00000144
.L80B97DBC:
/* 017EC 80B97DBC 44813000 */  mtc1    $at, $f6                   ## $f6 = 0.00
/* 017F0 80B97DC0 00000000 */  nop
/* 017F4 80B97DC4 E6060070 */  swc1    $f6, 0x0070($s0)           ## 00000070
/* 017F8 80B97DC8 26040144 */  addiu   $a0, $s0, 0x0144           ## $a0 = 00000144
.L80B97DCC:
/* 017FC 80B97DCC AFA40024 */  sw      $a0, 0x0024($sp)           
/* 01800 80B97DD0 0C04DE2E */  jal     func_801378B8              
/* 01804 80B97DD4 24050000 */  addiu   $a1, $zero, 0x0000         ## $a1 = 00000000
/* 01808 80B97DD8 14400004 */  bne     $v0, $zero, .L80B97DEC     
/* 0180C 80B97DDC 8FA40024 */  lw      $a0, 0x0024($sp)           
/* 01810 80B97DE0 0C04DE2E */  jal     func_801378B8              
/* 01814 80B97DE4 3C0540A0 */  lui     $a1, 0x40A0                ## $a1 = 40A00000
/* 01818 80B97DE8 10400003 */  beq     $v0, $zero, .L80B97DF8     
.L80B97DEC:
/* 0181C 80B97DEC 02002025 */  or      $a0, $s0, $zero            ## $a0 = 00000000
/* 01820 80B97DF0 0C02E3B2 */  jal     func_800B8EC8              
/* 01824 80B97DF4 24052970 */  addiu   $a1, $zero, 0x2970         ## $a1 = 00002970
.L80B97DF8:
/* 01828 80B97DF8 8FBF001C */  lw      $ra, 0x001C($sp)           
/* 0182C 80B97DFC 8FB00018 */  lw      $s0, 0x0018($sp)           
/* 01830 80B97E00 27BD0028 */  addiu   $sp, $sp, 0x0028           ## $sp = 00000000
/* 01834 80B97E04 03E00008 */  jr      $ra                        
/* 01838 80B97E08 00000000 */  nop


glabel func_80B97E0C
/* 0183C 80B97E0C 27BDFFE8 */  addiu   $sp, $sp, 0xFFE8           ## $sp = FFFFFFE8
/* 01840 80B97E10 AFBF0014 */  sw      $ra, 0x0014($sp)           
/* 01844 80B97E14 AFA5001C */  sw      $a1, 0x001C($sp)           
/* 01848 80B97E18 948E02F2 */  lhu     $t6, 0x02F2($a0)           ## 000002F2
/* 0184C 80B97E1C 3C1880B9 */  lui     $t8, %hi(func_80B97D6C)    ## $t8 = 80B90000
/* 01850 80B97E20 27187D6C */  addiu   $t8, $t8, %lo(func_80B97D6C) ## $t8 = 80B97D6C
/* 01854 80B97E24 31CF0040 */  andi    $t7, $t6, 0x0040           ## $t7 = 00000000
/* 01858 80B97E28 11E00004 */  beq     $t7, $zero, .L80B97E3C     
/* 0185C 80B97E2C 24050003 */  addiu   $a1, $zero, 0x0003         ## $a1 = 00000003
/* 01860 80B97E30 AC9802F8 */  sw      $t8, 0x02F8($a0)           ## 000002F8
/* 01864 80B97E34 0C2E5AFB */  jal     func_80B96BEC              
/* 01868 80B97E38 00003025 */  or      $a2, $zero, $zero          ## $a2 = 00000000
.L80B97E3C:
/* 0186C 80B97E3C 8FBF0014 */  lw      $ra, 0x0014($sp)           
/* 01870 80B97E40 27BD0018 */  addiu   $sp, $sp, 0x0018           ## $sp = 00000000
/* 01874 80B97E44 03E00008 */  jr      $ra                        
/* 01878 80B97E48 00000000 */  nop


glabel func_80B97E4C
/* 0187C 80B97E4C 27BDFFD0 */  addiu   $sp, $sp, 0xFFD0           ## $sp = FFFFFFD0
/* 01880 80B97E50 AFB00020 */  sw      $s0, 0x0020($sp)           
/* 01884 80B97E54 00808025 */  or      $s0, $a0, $zero            ## $s0 = 00000000
/* 01888 80B97E58 AFBF0024 */  sw      $ra, 0x0024($sp)           
/* 0188C 80B97E5C AFA50034 */  sw      $a1, 0x0034($sp)           
/* 01890 80B97E60 960202F2 */  lhu     $v0, 0x02F2($s0)           ## 000002F2
/* 01894 80B97E64 02002025 */  or      $a0, $s0, $zero            ## $a0 = 00000000
/* 01898 80B97E68 00002825 */  or      $a1, $zero, $zero          ## $a1 = 00000000
/* 0189C 80B97E6C 304E0040 */  andi    $t6, $v0, 0x0040           ## $t6 = 00000000
/* 018A0 80B97E70 51C00005 */  beql    $t6, $zero, .L80B97E88     
/* 018A4 80B97E74 304F0004 */  andi    $t7, $v0, 0x0004           ## $t7 = 00000000
/* 018A8 80B97E78 0C2E5AFB */  jal     func_80B96BEC              
/* 018AC 80B97E7C 00003025 */  or      $a2, $zero, $zero          ## $a2 = 00000000
/* 018B0 80B97E80 960202F2 */  lhu     $v0, 0x02F2($s0)           ## 000002F2
/* 018B4 80B97E84 304F0004 */  andi    $t7, $v0, 0x0004           ## $t7 = 00000000
.L80B97E88:
/* 018B8 80B97E88 15E00009 */  bne     $t7, $zero, .L80B97EB0     
/* 018BC 80B97E8C 260400BE */  addiu   $a0, $s0, 0x00BE           ## $a0 = 000000BE
/* 018C0 80B97E90 86050092 */  lh      $a1, 0x0092($s0)           ## 00000092
/* 018C4 80B97E94 24180100 */  addiu   $t8, $zero, 0x0100         ## $t8 = 00000100
/* 018C8 80B97E98 AFB80010 */  sw      $t8, 0x0010($sp)           
/* 018CC 80B97E9C 24060002 */  addiu   $a2, $zero, 0x0002         ## $a2 = 00000002
/* 018D0 80B97EA0 0C03FFAF */  jal     func_800FFEBC              
/* 018D4 80B97EA4 24070800 */  addiu   $a3, $zero, 0x0800         ## $a3 = 00000800
/* 018D8 80B97EA8 861900BE */  lh      $t9, 0x00BE($s0)           ## 000000BE
/* 018DC 80B97EAC A6190032 */  sh      $t9, 0x0032($s0)           ## 00000032
.L80B97EB0:
/* 018E0 80B97EB0 8FA40034 */  lw      $a0, 0x0034($sp)           
/* 018E4 80B97EB4 0C054926 */  jal     func_80152498              
/* 018E8 80B97EB8 24844908 */  addiu   $a0, $a0, 0x4908           ## $a0 = 00004908
/* 018EC 80B97EBC 24010005 */  addiu   $at, $zero, 0x0005         ## $at = 00000005
/* 018F0 80B97EC0 5441003F */  bnel    $v0, $at, .L80B97FC0       
/* 018F4 80B97EC4 8FBF0024 */  lw      $ra, 0x0024($sp)           
/* 018F8 80B97EC8 0C051D89 */  jal     func_80147624              
/* 018FC 80B97ECC 8FA40034 */  lw      $a0, 0x0034($sp)           
/* 01900 80B97ED0 1040003A */  beq     $v0, $zero, .L80B97FBC     
/* 01904 80B97ED4 8FA70034 */  lw      $a3, 0x0034($sp)           
/* 01908 80B97ED8 3C010001 */  lui     $at, 0x0001                ## $at = 00010000
/* 0190C 80B97EDC 00E11021 */  addu    $v0, $a3, $at              
/* 01910 80B97EE0 9443680C */  lhu     $v1, 0x680C($v0)           ## 0000680C
/* 01914 80B97EE4 2468ED75 */  addiu   $t0, $v1, 0xED75           ## $t0 = FFFFED75
/* 01918 80B97EE8 2D010006 */  sltiu   $at, $t0, 0x0006           
/* 0191C 80B97EEC 10200033 */  beq     $at, $zero, .L80B97FBC     
/* 01920 80B97EF0 00084080 */  sll     $t0, $t0,  2               
/* 01924 80B97EF4 3C0180BA */  lui     $at, %hi(D_80B99A3C)       ## $at = 80BA0000
/* 01928 80B97EF8 00280821 */  addu    $at, $at, $t0              
/* 0192C 80B97EFC 8C289A3C */  lw      $t0, %lo(D_80B99A3C)($at)  
/* 01930 80B97F00 01000008 */  jr      $t0                        
/* 01934 80B97F04 00000000 */  nop
.L80B97F08:
/* 01938 80B97F08 960902F2 */  lhu     $t1, 0x02F2($s0)           ## 000002F2
/* 0193C 80B97F0C 02002025 */  or      $a0, $s0, $zero            ## $a0 = 00000000
/* 01940 80B97F10 24050006 */  addiu   $a1, $zero, 0x0006         ## $a1 = 00000006
/* 01944 80B97F14 312AFFFB */  andi    $t2, $t1, 0xFFFB           ## $t2 = 00000000
/* 01948 80B97F18 A60A02F2 */  sh      $t2, 0x02F2($s0)           ## 000002F2
/* 0194C 80B97F1C AFA2002C */  sw      $v0, 0x002C($sp)           
/* 01950 80B97F20 0C2E5AFB */  jal     func_80B96BEC              
/* 01954 80B97F24 24060002 */  addiu   $a2, $zero, 0x0002         ## $a2 = 00000002
/* 01958 80B97F28 8FA2002C */  lw      $v0, 0x002C($sp)           
/* 0195C 80B97F2C 8FA40034 */  lw      $a0, 0x0034($sp)           
/* 01960 80B97F30 9445680C */  lhu     $a1, 0x680C($v0)           ## 0000680C
/* 01964 80B97F34 24A50001 */  addiu   $a1, $a1, 0x0001           ## $a1 = 00000001
/* 01968 80B97F38 0C05464E */  jal     func_80151938              
/* 0196C 80B97F3C 30A5FFFF */  andi    $a1, $a1, 0xFFFF           ## $a1 = 00000001
/* 01970 80B97F40 1000001F */  beq     $zero, $zero, .L80B97FC0   
/* 01974 80B97F44 8FBF0024 */  lw      $ra, 0x0024($sp)           
.L80B97F48:
/* 01978 80B97F48 24650001 */  addiu   $a1, $v1, 0x0001           ## $a1 = 00000001
/* 0197C 80B97F4C 30A5FFFF */  andi    $a1, $a1, 0xFFFF           ## $a1 = 00000001
/* 01980 80B97F50 0C05464E */  jal     func_80151938              
/* 01984 80B97F54 00E02025 */  or      $a0, $a3, $zero            ## $a0 = 00000000
/* 01988 80B97F58 10000019 */  beq     $zero, $zero, .L80B97FC0   
/* 0198C 80B97F5C 8FBF0024 */  lw      $ra, 0x0024($sp)           
.L80B97F60:
/* 01990 80B97F60 0C051DED */  jal     func_801477B4              
/* 01994 80B97F64 00E02025 */  or      $a0, $a3, $zero            ## $a0 = 00000000
/* 01998 80B97F68 960C02F2 */  lhu     $t4, 0x02F2($s0)           ## 000002F2
/* 0199C 80B97F6C 3C0B80B9 */  lui     $t3, %hi(func_80B97D6C)    ## $t3 = 80B90000
/* 019A0 80B97F70 256B7D6C */  addiu   $t3, $t3, %lo(func_80B97D6C) ## $t3 = 80B97D6C
/* 019A4 80B97F74 358D0004 */  ori     $t5, $t4, 0x0004           ## $t5 = 00000004
/* 019A8 80B97F78 AE0B02F8 */  sw      $t3, 0x02F8($s0)           ## 000002F8
/* 019AC 80B97F7C A60D02F2 */  sh      $t5, 0x02F2($s0)           ## 000002F2
/* 019B0 80B97F80 02002025 */  or      $a0, $s0, $zero            ## $a0 = 00000000
/* 019B4 80B97F84 24050003 */  addiu   $a1, $zero, 0x0003         ## $a1 = 00000003
/* 019B8 80B97F88 0C2E5AFB */  jal     func_80B96BEC              
/* 019BC 80B97F8C 00003025 */  or      $a2, $zero, $zero          ## $a2 = 00000000
/* 019C0 80B97F90 3C02801F */  lui     $v0, 0x801F                ## $v0 = 801F0000
/* 019C4 80B97F94 2442F670 */  addiu   $v0, $v0, 0xF670           ## $v0 = 801EF670
/* 019C8 80B97F98 904E0F1E */  lbu     $t6, 0x0F1E($v0)           ## 801F058E
/* 019CC 80B97F9C 35CF0008 */  ori     $t7, $t6, 0x0008           ## $t7 = 00000008
/* 019D0 80B97FA0 10000006 */  beq     $zero, $zero, .L80B97FBC   
/* 019D4 80B97FA4 A04F0F1E */  sb      $t7, 0x0F1E($v0)           ## 801F058E
.L80B97FA8:
/* 019D8 80B97FA8 0C051DED */  jal     func_801477B4              
/* 019DC 80B97FAC 00E02025 */  or      $a0, $a3, $zero            ## $a0 = 00000000
/* 019E0 80B97FB0 3C1880B9 */  lui     $t8, %hi(func_80B97FD0)    ## $t8 = 80B90000
/* 019E4 80B97FB4 27187FD0 */  addiu   $t8, $t8, %lo(func_80B97FD0) ## $t8 = 80B97FD0
/* 019E8 80B97FB8 AE1802F8 */  sw      $t8, 0x02F8($s0)           ## 000002F8
.L80B97FBC:
/* 019EC 80B97FBC 8FBF0024 */  lw      $ra, 0x0024($sp)           
.L80B97FC0:
/* 019F0 80B97FC0 8FB00020 */  lw      $s0, 0x0020($sp)           
/* 019F4 80B97FC4 27BD0030 */  addiu   $sp, $sp, 0x0030           ## $sp = 00000000
/* 019F8 80B97FC8 03E00008 */  jr      $ra                        
/* 019FC 80B97FCC 00000000 */  nop


glabel func_80B97FD0
/* 01A00 80B97FD0 27BDFFD8 */  addiu   $sp, $sp, 0xFFD8           ## $sp = FFFFFFD8
/* 01A04 80B97FD4 AFB00020 */  sw      $s0, 0x0020($sp)           
/* 01A08 80B97FD8 00808025 */  or      $s0, $a0, $zero            ## $s0 = 00000000
/* 01A0C 80B97FDC AFBF0024 */  sw      $ra, 0x0024($sp)           
/* 01A10 80B97FE0 AFA5002C */  sw      $a1, 0x002C($sp)           
/* 01A14 80B97FE4 86050016 */  lh      $a1, 0x0016($s0)           ## 00000016
/* 01A18 80B97FE8 240E0100 */  addiu   $t6, $zero, 0x0100         ## $t6 = 00000100
/* 01A1C 80B97FEC AFAE0010 */  sw      $t6, 0x0010($sp)           
/* 01A20 80B97FF0 260400BE */  addiu   $a0, $s0, 0x00BE           ## $a0 = 000000BE
/* 01A24 80B97FF4 24060002 */  addiu   $a2, $zero, 0x0002         ## $a2 = 00000002
/* 01A28 80B97FF8 0C03FFAF */  jal     func_800FFEBC              
/* 01A2C 80B97FFC 24070800 */  addiu   $a3, $zero, 0x0800         ## $a3 = 00000800
/* 01A30 80B98000 860F00BE */  lh      $t7, 0x00BE($s0)           ## 000000BE
/* 01A34 80B98004 02002025 */  or      $a0, $s0, $zero            ## $a0 = 00000000
/* 01A38 80B98008 A60F0032 */  sh      $t7, 0x0032($s0)           ## 00000032
/* 01A3C 80B9800C 0C02E134 */  jal     func_800B84D0              
/* 01A40 80B98010 8FA5002C */  lw      $a1, 0x002C($sp)           
/* 01A44 80B98014 10400008 */  beq     $v0, $zero, .L80B98038     
/* 01A48 80B98018 3C1880B9 */  lui     $t8, %hi(func_80B97E4C)    ## $t8 = 80B90000
/* 01A4C 80B9801C 27187E4C */  addiu   $t8, $t8, %lo(func_80B97E4C) ## $t8 = 80B97E4C
/* 01A50 80B98020 AE1802F8 */  sw      $t8, 0x02F8($s0)           ## 000002F8
/* 01A54 80B98024 8FA5002C */  lw      $a1, 0x002C($sp)           
/* 01A58 80B98028 0C2E5EFE */  jal     func_80B97BF8              
/* 01A5C 80B9802C 02002025 */  or      $a0, $s0, $zero            ## $a0 = 00000000
/* 01A60 80B98030 1000002E */  beq     $zero, $zero, .L80B980EC   
/* 01A64 80B98034 8FBF0024 */  lw      $ra, 0x0024($sp)           
.L80B98038:
/* 01A68 80B98038 3C02801F */  lui     $v0, 0x801F                ## $v0 = 801F0000
/* 01A6C 80B9803C 2442F670 */  addiu   $v0, $v0, 0xF670           ## $v0 = 801EF670
/* 01A70 80B98040 90590F1E */  lbu     $t9, 0x0F1E($v0)           ## 801F058E
/* 01A74 80B98044 3C0142F0 */  lui     $at, 0x42F0                ## $at = 42F00000
/* 01A78 80B98048 02002025 */  or      $a0, $s0, $zero            ## $a0 = 00000000
/* 01A7C 80B9804C 33280008 */  andi    $t0, $t9, 0x0008           ## $t0 = 00000000
/* 01A80 80B98050 11000017 */  beq     $t0, $zero, .L80B980B0     
/* 01A84 80B98054 24053000 */  addiu   $a1, $zero, 0x3000         ## $a1 = 00003000
/* 01A88 80B98058 C6040098 */  lwc1    $f4, 0x0098($s0)           ## 00000098
/* 01A8C 80B9805C 44813000 */  mtc1    $at, $f6                   ## $f6 = 120.00
/* 01A90 80B98060 00000000 */  nop
/* 01A94 80B98064 4606203C */  c.lt.s  $f4, $f6                   
/* 01A98 80B98068 00000000 */  nop
/* 01A9C 80B9806C 4502001F */  bc1fl   .L80B980EC                 
/* 01AA0 80B98070 8FBF0024 */  lw      $ra, 0x0024($sp)           
/* 01AA4 80B98074 90490020 */  lbu     $t1, 0x0020($v0)           ## 801EF690
/* 01AA8 80B98078 24010002 */  addiu   $at, $zero, 0x0002         ## $at = 00000002
/* 01AAC 80B9807C 3C0C80B9 */  lui     $t4, %hi(func_80B97E0C)    ## $t4 = 80B90000
/* 01AB0 80B98080 15210019 */  bne     $t1, $at, .L80B980E8       
/* 01AB4 80B98084 258C7E0C */  addiu   $t4, $t4, %lo(func_80B97E0C) ## $t4 = 80B97E0C
/* 01AB8 80B98088 960A02F2 */  lhu     $t2, 0x02F2($s0)           ## 000002F2
/* 01ABC 80B9808C AE0C02F8 */  sw      $t4, 0x02F8($s0)           ## 000002F8
/* 01AC0 80B98090 02002025 */  or      $a0, $s0, $zero            ## $a0 = 00000000
/* 01AC4 80B98094 354B0004 */  ori     $t3, $t2, 0x0004           ## $t3 = 00000004
/* 01AC8 80B98098 A60B02F2 */  sh      $t3, 0x02F2($s0)           ## 000002F2
/* 01ACC 80B9809C 24050006 */  addiu   $a1, $zero, 0x0006         ## $a1 = 00000006
/* 01AD0 80B980A0 0C2E5AFB */  jal     func_80B96BEC              
/* 01AD4 80B980A4 24060002 */  addiu   $a2, $zero, 0x0002         ## $a2 = 00000002
/* 01AD8 80B980A8 10000010 */  beq     $zero, $zero, .L80B980EC   
/* 01ADC 80B980AC 8FBF0024 */  lw      $ra, 0x0024($sp)           
.L80B980B0:
/* 01AE0 80B980B0 0C02DCC8 */  jal     func_800B7320              
/* 01AE4 80B980B4 8FA6002C */  lw      $a2, 0x002C($sp)           
/* 01AE8 80B980B8 1040000B */  beq     $v0, $zero, .L80B980E8     
/* 01AEC 80B980BC 3C0142C8 */  lui     $at, 0x42C8                ## $at = 42C80000
/* 01AF0 80B980C0 C6080098 */  lwc1    $f8, 0x0098($s0)           ## 00000098
/* 01AF4 80B980C4 44815000 */  mtc1    $at, $f10                  ## $f10 = 100.00
/* 01AF8 80B980C8 02002025 */  or      $a0, $s0, $zero            ## $a0 = 00000000
/* 01AFC 80B980CC 8FA5002C */  lw      $a1, 0x002C($sp)           
/* 01B00 80B980D0 460A403C */  c.lt.s  $f8, $f10                  
/* 01B04 80B980D4 00000000 */  nop
/* 01B08 80B980D8 45020004 */  bc1fl   .L80B980EC                 
/* 01B0C 80B980DC 8FBF0024 */  lw      $ra, 0x0024($sp)           
/* 01B10 80B980E0 0C02E185 */  jal     func_800B8614              
/* 01B14 80B980E4 3C0642F0 */  lui     $a2, 0x42F0                ## $a2 = 42F00000
.L80B980E8:
/* 01B18 80B980E8 8FBF0024 */  lw      $ra, 0x0024($sp)           
.L80B980EC:
/* 01B1C 80B980EC 8FB00020 */  lw      $s0, 0x0020($sp)           
/* 01B20 80B980F0 27BD0028 */  addiu   $sp, $sp, 0x0028           ## $sp = 00000000
/* 01B24 80B980F4 03E00008 */  jr      $ra                        
/* 01B28 80B980F8 00000000 */  nop


glabel func_80B980FC
/* 01B2C 80B980FC 27BDFFE8 */  addiu   $sp, $sp, 0xFFE8           ## $sp = FFFFFFE8
/* 01B30 80B98100 AFBF0014 */  sw      $ra, 0x0014($sp)           
/* 01B34 80B98104 AFA5001C */  sw      $a1, 0x001C($sp)           
/* 01B38 80B98108 84820014 */  lh      $v0, 0x0014($a0)           ## 00000014
/* 01B3C 80B9810C 18400003 */  blez    $v0, .L80B9811C            
/* 01B40 80B98110 244EFFFF */  addiu   $t6, $v0, 0xFFFF           ## $t6 = FFFFFFFF
/* 01B44 80B98114 10000014 */  beq     $zero, $zero, .L80B98168   
/* 01B48 80B98118 A48E0014 */  sh      $t6, 0x0014($a0)           ## 00000014
.L80B9811C:
/* 01B4C 80B9811C 0C2E5B97 */  jal     func_80B96E5C              
/* 01B50 80B98120 AFA40018 */  sw      $a0, 0x0018($sp)           
/* 01B54 80B98124 10400007 */  beq     $v0, $zero, .L80B98144     
/* 01B58 80B98128 8FA40018 */  lw      $a0, 0x0018($sp)           
/* 01B5C 80B9812C 44802000 */  mtc1    $zero, $f4                 ## $f4 = 0.00
/* 01B60 80B98130 3C0F80B9 */  lui     $t7, %hi(func_80B97100)    ## $t7 = 80B90000
/* 01B64 80B98134 25EF7100 */  addiu   $t7, $t7, %lo(func_80B97100) ## $t7 = 80B97100
/* 01B68 80B98138 AC8F02F8 */  sw      $t7, 0x02F8($a0)           ## 000002F8
/* 01B6C 80B9813C 1000000A */  beq     $zero, $zero, .L80B98168   
/* 01B70 80B98140 E4840070 */  swc1    $f4, 0x0070($a0)           ## 00000070
.L80B98144:
/* 01B74 80B98144 3C014100 */  lui     $at, 0x4100                ## $at = 41000000
/* 01B78 80B98148 44813000 */  mtc1    $at, $f6                   ## $f6 = 8.00
/* 01B7C 80B9814C 849802F0 */  lh      $t8, 0x02F0($a0)           ## 000002F0
/* 01B80 80B98150 24010003 */  addiu   $at, $zero, 0x0003         ## $at = 00000003
/* 01B84 80B98154 24050003 */  addiu   $a1, $zero, 0x0003         ## $a1 = 00000003
/* 01B88 80B98158 13010003 */  beq     $t8, $at, .L80B98168       
/* 01B8C 80B9815C E4860070 */  swc1    $f6, 0x0070($a0)           ## 00000070
/* 01B90 80B98160 0C2E5AFB */  jal     func_80B96BEC              
/* 01B94 80B98164 00003025 */  or      $a2, $zero, $zero          ## $a2 = 00000000
.L80B98168:
/* 01B98 80B98168 8FBF0014 */  lw      $ra, 0x0014($sp)           
/* 01B9C 80B9816C 27BD0018 */  addiu   $sp, $sp, 0x0018           ## $sp = 00000000
/* 01BA0 80B98170 03E00008 */  jr      $ra                        
/* 01BA4 80B98174 00000000 */  nop


glabel func_80B98178
/* 01BA8 80B98178 27BDFFE8 */  addiu   $sp, $sp, 0xFFE8           ## $sp = FFFFFFE8
/* 01BAC 80B9817C AFBF0014 */  sw      $ra, 0x0014($sp)           
/* 01BB0 80B98180 AFA5001C */  sw      $a1, 0x001C($sp)           
/* 01BB4 80B98184 00803825 */  or      $a3, $a0, $zero            ## $a3 = 00000000
/* 01BB8 80B98188 84E6001C */  lh      $a2, 0x001C($a3)           ## 0000001C
/* 01BBC 80B9818C 30C6001F */  andi    $a2, $a2, 0x001F           ## $a2 = 00000000
/* 01BC0 80B98190 24CEFFFA */  addiu   $t6, $a2, 0xFFFA           ## $t6 = FFFFFFFA
/* 01BC4 80B98194 2DC1000C */  sltiu   $at, $t6, 0x000C           
/* 01BC8 80B98198 1020005B */  beq     $at, $zero, .L80B98308     
/* 01BCC 80B9819C 000E7080 */  sll     $t6, $t6,  2               
/* 01BD0 80B981A0 3C0180BA */  lui     $at, %hi(D_80B99A54)       ## $at = 80BA0000
/* 01BD4 80B981A4 002E0821 */  addu    $at, $at, $t6              
/* 01BD8 80B981A8 8C2E9A54 */  lw      $t6, %lo(D_80B99A54)($at)  
/* 01BDC 80B981AC 01C00008 */  jr      $t6                        
/* 01BE0 80B981B0 00000000 */  nop
.L80B981B4:
/* 01BE4 80B981B4 3C03801F */  lui     $v1, 0x801F                ## $v1 = 801F0000
/* 01BE8 80B981B8 2463F670 */  addiu   $v1, $v1, 0xF670           ## $v1 = 801EF670
/* 01BEC 80B981BC 906F0020 */  lbu     $t7, 0x0020($v1)           ## 801EF690
/* 01BF0 80B981C0 24010002 */  addiu   $at, $zero, 0x0002         ## $at = 00000002
/* 01BF4 80B981C4 55E10014 */  bnel    $t7, $at, .L80B98218       
/* 01BF8 80B981C8 90620F1E */  lbu     $v0, 0x0F1E($v1)           ## 801F058E
/* 01BFC 80B981CC 8C780018 */  lw      $t8, 0x0018($v1)           ## 801EF688
/* 01C00 80B981D0 24010005 */  addiu   $at, $zero, 0x0005         ## $at = 00000005
/* 01C04 80B981D4 0301001A */  div     $zero, $t8, $at            
/* 01C08 80B981D8 0000C810 */  mfhi    $t9                        
/* 01C0C 80B981DC 24010003 */  addiu   $at, $zero, 0x0003         ## $at = 00000003
/* 01C10 80B981E0 57210004 */  bnel    $t9, $at, .L80B981F4       
/* 01C14 80B981E4 90620F1F */  lbu     $v0, 0x0F1F($v1)           ## 801F058F
/* 01C18 80B981E8 10000050 */  beq     $zero, $zero, .L80B9832C   
/* 01C1C 80B981EC 2405129D */  addiu   $a1, $zero, 0x129D         ## $a1 = 0000129D
/* 01C20 80B981F0 90620F1F */  lbu     $v0, 0x0F1F($v1)           ## 801F058F
.L80B981F4:
/* 01C24 80B981F4 2405129B */  addiu   $a1, $zero, 0x129B         ## $a1 = 0000129B
/* 01C28 80B981F8 30480001 */  andi    $t0, $v0, 0x0001           ## $t0 = 00000000
/* 01C2C 80B981FC 11000003 */  beq     $t0, $zero, .L80B9820C     
/* 01C30 80B98200 34490001 */  ori     $t1, $v0, 0x0001           ## $t1 = 00000001
/* 01C34 80B98204 10000049 */  beq     $zero, $zero, .L80B9832C   
/* 01C38 80B98208 2405129C */  addiu   $a1, $zero, 0x129C         ## $a1 = 0000129C
.L80B9820C:
/* 01C3C 80B9820C 10000047 */  beq     $zero, $zero, .L80B9832C   
/* 01C40 80B98210 A0690F1F */  sb      $t1, 0x0F1F($v1)           ## 801F058F
/* 01C44 80B98214 90620F1E */  lbu     $v0, 0x0F1E($v1)           ## 801F058E
.L80B98218:
/* 01C48 80B98218 24051291 */  addiu   $a1, $zero, 0x1291         ## $a1 = 00001291
/* 01C4C 80B9821C 304A0080 */  andi    $t2, $v0, 0x0080           ## $t2 = 00000000
/* 01C50 80B98220 11400003 */  beq     $t2, $zero, .L80B98230     
/* 01C54 80B98224 344B0080 */  ori     $t3, $v0, 0x0080           ## $t3 = 00000080
/* 01C58 80B98228 10000040 */  beq     $zero, $zero, .L80B9832C   
/* 01C5C 80B9822C 24051293 */  addiu   $a1, $zero, 0x1293         ## $a1 = 00001293
.L80B98230:
/* 01C60 80B98230 1000003E */  beq     $zero, $zero, .L80B9832C   
/* 01C64 80B98234 A06B0F1E */  sb      $t3, 0x0F1E($v1)           ## 801F058E
.L80B98238:
/* 01C68 80B98238 3C03801F */  lui     $v1, 0x801F                ## $v1 = 801F0000
/* 01C6C 80B9823C 2463F670 */  addiu   $v1, $v1, 0xF670           ## $v1 = 801EF670
/* 01C70 80B98240 906C0020 */  lbu     $t4, 0x0020($v1)           ## 801EF690
/* 01C74 80B98244 24010002 */  addiu   $at, $zero, 0x0002         ## $at = 00000002
/* 01C78 80B98248 8FA4001C */  lw      $a0, 0x001C($sp)           
/* 01C7C 80B9824C 5581000B */  bnel    $t4, $at, .L80B9827C       
/* 01C80 80B98250 84E50018 */  lh      $a1, 0x0018($a3)           ## 00000018
/* 01C84 80B98254 90620F1F */  lbu     $v0, 0x0F1F($v1)           ## 801F058F
/* 01C88 80B98258 240512A6 */  addiu   $a1, $zero, 0x12A6         ## $a1 = 000012A6
/* 01C8C 80B9825C 304D0004 */  andi    $t5, $v0, 0x0004           ## $t5 = 00000000
/* 01C90 80B98260 11A00003 */  beq     $t5, $zero, .L80B98270     
/* 01C94 80B98264 344E0004 */  ori     $t6, $v0, 0x0004           ## $t6 = 00000004
/* 01C98 80B98268 10000030 */  beq     $zero, $zero, .L80B9832C   
/* 01C9C 80B9826C 240512AA */  addiu   $a1, $zero, 0x12AA         ## $a1 = 000012AA
.L80B98270:
/* 01CA0 80B98270 1000002E */  beq     $zero, $zero, .L80B9832C   
/* 01CA4 80B98274 A06E0F1F */  sb      $t6, 0x0F1F($v1)           ## 801F058F
/* 01CA8 80B98278 84E50018 */  lh      $a1, 0x0018($a3)           ## 00000018
.L80B9827C:
/* 01CAC 80B9827C AFA70018 */  sw      $a3, 0x0018($sp)           
/* 01CB0 80B98280 0C02D6EC */  jal     func_800B5BB0              
/* 01CB4 80B98284 30A5007F */  andi    $a1, $a1, 0x007F           ## $a1 = 0000002A
/* 01CB8 80B98288 3C03801F */  lui     $v1, 0x801F                ## $v1 = 801F0000
/* 01CBC 80B9828C 2463F670 */  addiu   $v1, $v1, 0xF670           ## $v1 = 801EF670
/* 01CC0 80B98290 10400003 */  beq     $v0, $zero, .L80B982A0     
/* 01CC4 80B98294 8FA70018 */  lw      $a3, 0x0018($sp)           
/* 01CC8 80B98298 10000024 */  beq     $zero, $zero, .L80B9832C   
/* 01CCC 80B9829C 240512A0 */  addiu   $a1, $zero, 0x12A0         ## $a1 = 000012A0
.L80B982A0:
/* 01CD0 80B982A0 90620F1F */  lbu     $v0, 0x0F1F($v1)           ## 801F058F
/* 01CD4 80B982A4 240512A2 */  addiu   $a1, $zero, 0x12A2         ## $a1 = 000012A2
/* 01CD8 80B982A8 304F0002 */  andi    $t7, $v0, 0x0002           ## $t7 = 00000000
/* 01CDC 80B982AC 11E00003 */  beq     $t7, $zero, .L80B982BC     
/* 01CE0 80B982B0 34580002 */  ori     $t8, $v0, 0x0002           ## $t8 = 00000002
/* 01CE4 80B982B4 1000001D */  beq     $zero, $zero, .L80B9832C   
/* 01CE8 80B982B8 240512A5 */  addiu   $a1, $zero, 0x12A5         ## $a1 = 000012A5
.L80B982BC:
/* 01CEC 80B982BC 1000001B */  beq     $zero, $zero, .L80B9832C   
/* 01CF0 80B982C0 A0780F1F */  sb      $t8, 0x0F1F($v1)           ## 801F058F
.L80B982C4:
/* 01CF4 80B982C4 3C03801F */  lui     $v1, 0x801F                ## $v1 = 801F0000
/* 01CF8 80B982C8 2463F670 */  addiu   $v1, $v1, 0xF670           ## $v1 = 801EF670
/* 01CFC 80B982CC 90790F47 */  lbu     $t9, 0x0F47($v1)           ## 801F05B7
/* 01D00 80B982D0 00061080 */  sll     $v0, $a2,  2               
/* 01D04 80B982D4 2442FFD4 */  addiu   $v0, $v0, 0xFFD4           ## $v0 = FFFFFFD4
/* 01D08 80B982D8 33280001 */  andi    $t0, $t9, 0x0001           ## $t0 = 00000000
/* 01D0C 80B982DC 51000003 */  beql    $t0, $zero, .L80B982EC     
/* 01D10 80B982E0 90690020 */  lbu     $t1, 0x0020($v1)           ## 801EF690
/* 01D14 80B982E4 24420002 */  addiu   $v0, $v0, 0x0002           ## $v0 = FFFFFFD6
/* 01D18 80B982E8 90690020 */  lbu     $t1, 0x0020($v1)           ## 801EF690
.L80B982EC:
/* 01D1C 80B982EC 24010002 */  addiu   $at, $zero, 0x0002         ## $at = 00000002
/* 01D20 80B982F0 51210003 */  beql    $t1, $at, .L80B98300       
/* 01D24 80B982F4 24451302 */  addiu   $a1, $v0, 0x1302           ## $a1 = 000012D8
/* 01D28 80B982F8 24420001 */  addiu   $v0, $v0, 0x0001           ## $v0 = FFFFFFD7
/* 01D2C 80B982FC 24451302 */  addiu   $a1, $v0, 0x1302           ## $a1 = 000012D9
.L80B98300:
/* 01D30 80B98300 1000000A */  beq     $zero, $zero, .L80B9832C   
/* 01D34 80B98304 30A5FFFF */  andi    $a1, $a1, 0xFFFF           ## $a1 = 000012D9
.L80B98308:
/* 01D38 80B98308 3C03801F */  lui     $v1, 0x801F                ## $v1 = 801F0000
/* 01D3C 80B9830C 2463F670 */  addiu   $v1, $v1, 0xF670           ## $v1 = 801EF670
/* 01D40 80B98310 906A0020 */  lbu     $t2, 0x0020($v1)           ## 801EF690
/* 01D44 80B98314 24010002 */  addiu   $at, $zero, 0x0002         ## $at = 00000002
/* 01D48 80B98318 24051295 */  addiu   $a1, $zero, 0x1295         ## $a1 = 00001295
/* 01D4C 80B9831C 15410003 */  bne     $t2, $at, .L80B9832C       
/* 01D50 80B98320 00000000 */  nop
/* 01D54 80B98324 10000001 */  beq     $zero, $zero, .L80B9832C   
/* 01D58 80B98328 2405129F */  addiu   $a1, $zero, 0x129F         ## $a1 = 0000129F
.L80B9832C:
/* 01D5C 80B9832C 8FA4001C */  lw      $a0, 0x001C($sp)           
/* 01D60 80B98330 0C05462C */  jal     func_801518B0              
/* 01D64 80B98334 00E03025 */  or      $a2, $a3, $zero            ## $a2 = 00000000
/* 01D68 80B98338 8FBF0014 */  lw      $ra, 0x0014($sp)           
/* 01D6C 80B9833C 27BD0018 */  addiu   $sp, $sp, 0x0018           ## $sp = 00000000
/* 01D70 80B98340 03E00008 */  jr      $ra                        
/* 01D74 80B98344 00000000 */  nop


glabel func_80B98348
/* 01D78 80B98348 27BDFFD8 */  addiu   $sp, $sp, 0xFFD8           ## $sp = FFFFFFD8
/* 01D7C 80B9834C AFB00020 */  sw      $s0, 0x0020($sp)           
/* 01D80 80B98350 00808025 */  or      $s0, $a0, $zero            ## $s0 = 00000000
/* 01D84 80B98354 AFBF0024 */  sw      $ra, 0x0024($sp)           
/* 01D88 80B98358 AFA5002C */  sw      $a1, 0x002C($sp)           
/* 01D8C 80B9835C 860E001C */  lh      $t6, 0x001C($s0)           ## 0000001C
/* 01D90 80B98360 24010007 */  addiu   $at, $zero, 0x0007         ## $at = 00000007
/* 01D94 80B98364 24060002 */  addiu   $a2, $zero, 0x0002         ## $a2 = 00000002
/* 01D98 80B98368 31CF001F */  andi    $t7, $t6, 0x001F           ## $t7 = 00000000
/* 01D9C 80B9836C 15E1000A */  bne     $t7, $at, .L80B98398       
/* 01DA0 80B98370 02002025 */  or      $a0, $s0, $zero            ## $a0 = 00000000
/* 01DA4 80B98374 86050092 */  lh      $a1, 0x0092($s0)           ## 00000092
/* 01DA8 80B98378 24180100 */  addiu   $t8, $zero, 0x0100         ## $t8 = 00000100
/* 01DAC 80B9837C AFB80010 */  sw      $t8, 0x0010($sp)           
/* 01DB0 80B98380 260400BE */  addiu   $a0, $s0, 0x00BE           ## $a0 = 000000BE
/* 01DB4 80B98384 0C03FFAF */  jal     func_800FFEBC              
/* 01DB8 80B98388 24070800 */  addiu   $a3, $zero, 0x0800         ## $a3 = 00000800
/* 01DBC 80B9838C 861900BE */  lh      $t9, 0x00BE($s0)           ## 000000BE
/* 01DC0 80B98390 1000003D */  beq     $zero, $zero, .L80B98488   
/* 01DC4 80B98394 A6190032 */  sh      $t9, 0x0032($s0)           ## 00000032
.L80B98398:
/* 01DC8 80B98398 0C02DCF8 */  jal     func_800B73E0              
/* 01DCC 80B9839C 24053000 */  addiu   $a1, $zero, 0x3000         ## $a1 = 00003000
/* 01DD0 80B983A0 10400005 */  beq     $v0, $zero, .L80B983B8     
/* 01DD4 80B983A4 260402C4 */  addiu   $a0, $s0, 0x02C4           ## $a0 = 000002C4
/* 01DD8 80B983A8 960802F2 */  lhu     $t0, 0x02F2($s0)           ## 000002F2
/* 01DDC 80B983AC 3109FFF7 */  andi    $t1, $t0, 0xFFF7           ## $t1 = 00000000
/* 01DE0 80B983B0 10000035 */  beq     $zero, $zero, .L80B98488   
/* 01DE4 80B983B4 A60902F2 */  sh      $t1, 0x02F2($s0)           ## 000002F2
.L80B983B8:
/* 01DE8 80B983B8 960A02F2 */  lhu     $t2, 0x02F2($s0)           ## 000002F2
/* 01DEC 80B983BC 240C0064 */  addiu   $t4, $zero, 0x0064         ## $t4 = 00000064
/* 01DF0 80B983C0 00002825 */  or      $a1, $zero, $zero          ## $a1 = 00000000
/* 01DF4 80B983C4 354B0008 */  ori     $t3, $t2, 0x0008           ## $t3 = 00000008
/* 01DF8 80B983C8 A60B02F2 */  sh      $t3, 0x02F2($s0)           ## 000002F2
/* 01DFC 80B983CC AFAC0010 */  sw      $t4, 0x0010($sp)           
/* 01E00 80B983D0 24060006 */  addiu   $a2, $zero, 0x0006         ## $a2 = 00000006
/* 01E04 80B983D4 0C03FFAF */  jal     func_800FFEBC              
/* 01E08 80B983D8 24071838 */  addiu   $a3, $zero, 0x1838         ## $a3 = 00001838
/* 01E0C 80B983DC 240D0064 */  addiu   $t5, $zero, 0x0064         ## $t5 = 00000064
/* 01E10 80B983E0 AFAD0010 */  sw      $t5, 0x0010($sp)           
/* 01E14 80B983E4 260402CA */  addiu   $a0, $s0, 0x02CA           ## $a0 = 000002CA
/* 01E18 80B983E8 00002825 */  or      $a1, $zero, $zero          ## $a1 = 00000000
/* 01E1C 80B983EC 24060006 */  addiu   $a2, $zero, 0x0006         ## $a2 = 00000006
/* 01E20 80B983F0 0C03FFAF */  jal     func_800FFEBC              
/* 01E24 80B983F4 24071838 */  addiu   $a3, $zero, 0x1838         ## $a3 = 00001838
/* 01E28 80B983F8 860E0092 */  lh      $t6, 0x0092($s0)           ## 00000092
/* 01E2C 80B983FC 860F00BE */  lh      $t7, 0x00BE($s0)           ## 000000BE
/* 01E30 80B98400 260402C6 */  addiu   $a0, $s0, 0x02C6           ## $a0 = 000002C6
/* 01E34 80B98404 2405D000 */  addiu   $a1, $zero, 0xD000         ## $a1 = FFFFD000
/* 01E38 80B98408 01CF1823 */  subu    $v1, $t6, $t7              
/* 01E3C 80B9840C 00031C00 */  sll     $v1, $v1, 16               
/* 01E40 80B98410 00031C03 */  sra     $v1, $v1, 16               
/* 01E44 80B98414 18600011 */  blez    $v1, .L80B9845C            
/* 01E48 80B98418 24060006 */  addiu   $a2, $zero, 0x0006         ## $a2 = 00000006
/* 01E4C 80B9841C 24180064 */  addiu   $t8, $zero, 0x0064         ## $t8 = 00000064
/* 01E50 80B98420 AFB80010 */  sw      $t8, 0x0010($sp)           
/* 01E54 80B98424 260402C6 */  addiu   $a0, $s0, 0x02C6           ## $a0 = 000002C6
/* 01E58 80B98428 24053000 */  addiu   $a1, $zero, 0x3000         ## $a1 = 00003000
/* 01E5C 80B9842C 24060006 */  addiu   $a2, $zero, 0x0006         ## $a2 = 00000006
/* 01E60 80B98430 0C03FFAF */  jal     func_800FFEBC              
/* 01E64 80B98434 24071838 */  addiu   $a3, $zero, 0x1838         ## $a3 = 00001838
/* 01E68 80B98438 24190064 */  addiu   $t9, $zero, 0x0064         ## $t9 = 00000064
/* 01E6C 80B9843C AFB90010 */  sw      $t9, 0x0010($sp)           
/* 01E70 80B98440 260402CC */  addiu   $a0, $s0, 0x02CC           ## $a0 = 000002CC
/* 01E74 80B98444 24051000 */  addiu   $a1, $zero, 0x1000         ## $a1 = 00001000
/* 01E78 80B98448 24060006 */  addiu   $a2, $zero, 0x0006         ## $a2 = 00000006
/* 01E7C 80B9844C 0C03FFAF */  jal     func_800FFEBC              
/* 01E80 80B98450 24071838 */  addiu   $a3, $zero, 0x1838         ## $a3 = 00001838
/* 01E84 80B98454 1000000D */  beq     $zero, $zero, .L80B9848C   
/* 01E88 80B98458 8FBF0024 */  lw      $ra, 0x0024($sp)           
.L80B9845C:
/* 01E8C 80B9845C 24080064 */  addiu   $t0, $zero, 0x0064         ## $t0 = 00000064
/* 01E90 80B98460 AFA80010 */  sw      $t0, 0x0010($sp)           
/* 01E94 80B98464 0C03FFAF */  jal     func_800FFEBC              
/* 01E98 80B98468 24071838 */  addiu   $a3, $zero, 0x1838         ## $a3 = 00001838
/* 01E9C 80B9846C 24090064 */  addiu   $t1, $zero, 0x0064         ## $t1 = 00000064
/* 01EA0 80B98470 AFA90010 */  sw      $t1, 0x0010($sp)           
/* 01EA4 80B98474 260402CC */  addiu   $a0, $s0, 0x02CC           ## $a0 = 000002CC
/* 01EA8 80B98478 2405F000 */  addiu   $a1, $zero, 0xF000         ## $a1 = FFFFF000
/* 01EAC 80B9847C 24060006 */  addiu   $a2, $zero, 0x0006         ## $a2 = 00000006
/* 01EB0 80B98480 0C03FFAF */  jal     func_800FFEBC              
/* 01EB4 80B98484 24071838 */  addiu   $a3, $zero, 0x1838         ## $a3 = 00001838
.L80B98488:
/* 01EB8 80B98488 8FBF0024 */  lw      $ra, 0x0024($sp)           
.L80B9848C:
/* 01EBC 80B9848C 8FB00020 */  lw      $s0, 0x0020($sp)           
/* 01EC0 80B98490 27BD0028 */  addiu   $sp, $sp, 0x0028           ## $sp = 00000000
/* 01EC4 80B98494 03E00008 */  jr      $ra                        
/* 01EC8 80B98498 00000000 */  nop


glabel func_80B9849C
/* 01ECC 80B9849C 27BDFFD8 */  addiu   $sp, $sp, 0xFFD8           ## $sp = FFFFFFD8
/* 01ED0 80B984A0 AFB10020 */  sw      $s1, 0x0020($sp)           
/* 01ED4 80B984A4 AFB0001C */  sw      $s0, 0x001C($sp)           
/* 01ED8 80B984A8 00808025 */  or      $s0, $a0, $zero            ## $s0 = 00000000
/* 01EDC 80B984AC 00A08825 */  or      $s1, $a1, $zero            ## $s1 = 00000000
/* 01EE0 80B984B0 AFBF0024 */  sw      $ra, 0x0024($sp)           
/* 01EE4 80B984B4 02002025 */  or      $a0, $s0, $zero            ## $a0 = 00000000
/* 01EE8 80B984B8 0C2E60D2 */  jal     func_80B98348              
/* 01EEC 80B984BC 02202825 */  or      $a1, $s1, $zero            ## $a1 = 00000000
/* 01EF0 80B984C0 02002025 */  or      $a0, $s0, $zero            ## $a0 = 00000000
/* 01EF4 80B984C4 0C02E134 */  jal     func_800B84D0              
/* 01EF8 80B984C8 02202825 */  or      $a1, $s1, $zero            ## $a1 = 00000000
/* 01EFC 80B984CC 10400012 */  beq     $v0, $zero, .L80B98518     
/* 01F00 80B984D0 3C01447A */  lui     $at, 0x447A                ## $at = 447A0000
/* 01F04 80B984D4 8E0E02D4 */  lw      $t6, 0x02D4($s0)           ## 000002D4
/* 01F08 80B984D8 24010002 */  addiu   $at, $zero, 0x0002         ## $at = 00000002
/* 01F0C 80B984DC 02202025 */  or      $a0, $s1, $zero            ## $a0 = 00000000
/* 01F10 80B984E0 15C10007 */  bne     $t6, $at, .L80B98500       
/* 01F14 80B984E4 240512B0 */  addiu   $a1, $zero, 0x12B0         ## $a1 = 000012B0
/* 01F18 80B984E8 02202025 */  or      $a0, $s1, $zero            ## $a0 = 00000000
/* 01F1C 80B984EC 240512AD */  addiu   $a1, $zero, 0x12AD         ## $a1 = 000012AD
/* 01F20 80B984F0 0C05462C */  jal     func_801518B0              
/* 01F24 80B984F4 02003025 */  or      $a2, $s0, $zero            ## $a2 = 00000000
/* 01F28 80B984F8 10000003 */  beq     $zero, $zero, .L80B98508   
/* 01F2C 80B984FC 00000000 */  nop
.L80B98500:
/* 01F30 80B98500 0C05462C */  jal     func_801518B0              
/* 01F34 80B98504 02003025 */  or      $a2, $s0, $zero            ## $a2 = 00000000
.L80B98508:
/* 01F38 80B98508 3C0F80BA */  lui     $t7, %hi(func_80B98728)    ## $t7 = 80BA0000
/* 01F3C 80B9850C 25EF8728 */  addiu   $t7, $t7, %lo(func_80B98728) ## $t7 = 80B98728
/* 01F40 80B98510 10000009 */  beq     $zero, $zero, .L80B98538   
/* 01F44 80B98514 AE0F02F8 */  sw      $t7, 0x02F8($s0)           ## 000002F8
.L80B98518:
/* 01F48 80B98518 44810000 */  mtc1    $at, $f0                   ## $f0 = 0.00
/* 01F4C 80B9851C 2418FFFF */  addiu   $t8, $zero, 0xFFFF         ## $t8 = FFFFFFFF
/* 01F50 80B98520 AFB80010 */  sw      $t8, 0x0010($sp)           
/* 01F54 80B98524 44060000 */  mfc1    $a2, $f0                   
/* 01F58 80B98528 44070000 */  mfc1    $a3, $f0                   
/* 01F5C 80B9852C 02002025 */  or      $a0, $s0, $zero            ## $a0 = 00000000
/* 01F60 80B98530 0C02E140 */  jal     func_800B8500              
/* 01F64 80B98534 02202825 */  or      $a1, $s1, $zero            ## $a1 = 00000000
.L80B98538:
/* 01F68 80B98538 8FBF0024 */  lw      $ra, 0x0024($sp)           
/* 01F6C 80B9853C 8FB0001C */  lw      $s0, 0x001C($sp)           
/* 01F70 80B98540 8FB10020 */  lw      $s1, 0x0020($sp)           
/* 01F74 80B98544 03E00008 */  jr      $ra                        
/* 01F78 80B98548 27BD0028 */  addiu   $sp, $sp, 0x0028           ## $sp = 00000000


glabel func_80B9854C
/* 01F7C 80B9854C 27BDFFE0 */  addiu   $sp, $sp, 0xFFE0           ## $sp = FFFFFFE0
/* 01F80 80B98550 AFBF001C */  sw      $ra, 0x001C($sp)           
/* 01F84 80B98554 AFA50024 */  sw      $a1, 0x0024($sp)           
/* 01F88 80B98558 8FA50024 */  lw      $a1, 0x0024($sp)           
/* 01F8C 80B9855C 0C2E60D2 */  jal     func_80B98348              
/* 01F90 80B98560 AFA40020 */  sw      $a0, 0x0020($sp)           
/* 01F94 80B98564 8FA40020 */  lw      $a0, 0x0020($sp)           
/* 01F98 80B98568 0C02E27E */  jal     func_800B89F8              
/* 01F9C 80B9856C 8FA50024 */  lw      $a1, 0x0024($sp)           
/* 01FA0 80B98570 8FA40020 */  lw      $a0, 0x0020($sp)           
/* 01FA4 80B98574 10400012 */  beq     $v0, $zero, .L80B985C0     
/* 01FA8 80B98578 8FA50024 */  lw      $a1, 0x0024($sp)           
/* 01FAC 80B9857C 3C01447A */  lui     $at, 0x447A                ## $at = 447A0000
/* 01FB0 80B98580 44810000 */  mtc1    $at, $f0                   ## $f0 = 1000.00
/* 01FB4 80B98584 8C8F0004 */  lw      $t7, 0x0004($a0)           ## 00000004
/* 01FB8 80B98588 3C0E80BA */  lui     $t6, %hi(func_80B9849C)    ## $t6 = 80BA0000
/* 01FBC 80B9858C 3C010001 */  lui     $at, 0x0001                ## $at = 00010000
/* 01FC0 80B98590 25CE849C */  addiu   $t6, $t6, %lo(func_80B9849C) ## $t6 = 80B9849C
/* 01FC4 80B98594 01E1C025 */  or      $t8, $t7, $at              ## $t8 = 00010000
/* 01FC8 80B98598 AC800120 */  sw      $zero, 0x0120($a0)         ## 00000120
/* 01FCC 80B9859C AC8E02F8 */  sw      $t6, 0x02F8($a0)           ## 000002F8
/* 01FD0 80B985A0 AC980004 */  sw      $t8, 0x0004($a0)           ## 00000004
/* 01FD4 80B985A4 2419FFFF */  addiu   $t9, $zero, 0xFFFF         ## $t9 = FFFFFFFF
/* 01FD8 80B985A8 44060000 */  mfc1    $a2, $f0                   
/* 01FDC 80B985AC 44070000 */  mfc1    $a3, $f0                   
/* 01FE0 80B985B0 0C02E140 */  jal     func_800B8500              
/* 01FE4 80B985B4 AFB90010 */  sw      $t9, 0x0010($sp)           
/* 01FE8 80B985B8 10000009 */  beq     $zero, $zero, .L80B985E0   
/* 01FEC 80B985BC 8FBF001C */  lw      $ra, 0x001C($sp)           
.L80B985C0:
/* 01FF0 80B985C0 3C014248 */  lui     $at, 0x4248                ## $at = 42480000
/* 01FF4 80B985C4 44812000 */  mtc1    $at, $f4                   ## $f4 = 50.00
/* 01FF8 80B985C8 8C8602D4 */  lw      $a2, 0x02D4($a0)           ## 000002D4
/* 01FFC 80B985CC 3C07461C */  lui     $a3, 0x461C                ## $a3 = 461C0000
/* 02000 80B985D0 34E74000 */  ori     $a3, $a3, 0x4000           ## $a3 = 461C4000
/* 02004 80B985D4 0C02E287 */  jal     func_800B8A1C              
/* 02008 80B985D8 E7A40010 */  swc1    $f4, 0x0010($sp)           
/* 0200C 80B985DC 8FBF001C */  lw      $ra, 0x001C($sp)           
.L80B985E0:
/* 02010 80B985E0 27BD0020 */  addiu   $sp, $sp, 0x0020           ## $sp = 00000000
/* 02014 80B985E4 03E00008 */  jr      $ra                        
/* 02018 80B985E8 00000000 */  nop


glabel func_80B985EC
/* 0201C 80B985EC 27BDFFE0 */  addiu   $sp, $sp, 0xFFE0           ## $sp = FFFFFFE0
/* 02020 80B985F0 AFBF0014 */  sw      $ra, 0x0014($sp)           
/* 02024 80B985F4 AFA40020 */  sw      $a0, 0x0020($sp)           
/* 02028 80B985F8 8CAE1CCC */  lw      $t6, 0x1CCC($a1)           ## 00001CCC
/* 0202C 80B985FC AFA50024 */  sw      $a1, 0x0024($sp)           
/* 02030 80B98600 8FA40020 */  lw      $a0, 0x0020($sp)           
/* 02034 80B98604 0C2E60D2 */  jal     func_80B98348              
/* 02038 80B98608 AFAE0018 */  sw      $t6, 0x0018($sp)           
/* 0203C 80B9860C 8FA40024 */  lw      $a0, 0x0024($sp)           
/* 02040 80B98610 0C054926 */  jal     func_80152498              
/* 02044 80B98614 24844908 */  addiu   $a0, $a0, 0x4908           ## $a0 = 00004908
/* 02048 80B98618 24010010 */  addiu   $at, $zero, 0x0010         ## $at = 00000010
/* 0204C 80B9861C 5441003F */  bnel    $v0, $at, .L80B9871C       
/* 02050 80B98620 8FBF0014 */  lw      $ra, 0x0014($sp)           
/* 02054 80B98624 0C048E04 */  jal     func_80123810              
/* 02058 80B98628 8FA40024 */  lw      $a0, 0x0024($sp)           
/* 0205C 80B9862C 18400032 */  blez    $v0, .L80B986F8            
/* 02060 80B98630 00401825 */  or      $v1, $v0, $zero            ## $v1 = 00000000
/* 02064 80B98634 8FA40024 */  lw      $a0, 0x0024($sp)           
/* 02068 80B98638 0C051DED */  jal     func_801477B4              
/* 0206C 80B9863C AFA3001C */  sw      $v1, 0x001C($sp)           
/* 02070 80B98640 8FA3001C */  lw      $v1, 0x001C($sp)           
/* 02074 80B98644 24010013 */  addiu   $at, $zero, 0x0013         ## $at = 00000013
/* 02078 80B98648 3C02801F */  lui     $v0, 0x801F                ## $v0 = 801F0000
/* 0207C 80B9864C 14610022 */  bne     $v1, $at, .L80B986D8       
/* 02080 80B98650 3C0F801C */  lui     $t7, 0x801C                ## $t7 = 801C0000
/* 02084 80B98654 8C42F72C */  lw      $v0, -0x08D4($v0)          ## 801EF72C
/* 02088 80B98658 8DEF1D94 */  lw      $t7, 0x1D94($t7)           ## 801C1D94
/* 0208C 80B9865C 01E2C024 */  and     $t8, $t7, $v0              
/* 02090 80B98660 5300001E */  beql    $t8, $zero, .L80B986DC     
/* 02094 80B98664 8FB80018 */  lw      $t8, 0x0018($sp)           
/* 02098 80B98668 0C04E931 */  jal     func_8013A4C4              
/* 0209C 80B9866C 24040004 */  addiu   $a0, $zero, 0x0004         ## $a0 = 00000004
/* 020A0 80B98670 5040001A */  beql    $v0, $zero, .L80B986DC     
/* 020A4 80B98674 8FB80018 */  lw      $t8, 0x0018($sp)           
/* 020A8 80B98678 0C04E931 */  jal     func_8013A4C4              
/* 020AC 80B9867C 24040005 */  addiu   $a0, $zero, 0x0005         ## $a0 = 00000005
/* 020B0 80B98680 50400009 */  beql    $v0, $zero, .L80B986A8     
/* 020B4 80B98684 8FAA0018 */  lw      $t2, 0x0018($sp)           
/* 020B8 80B98688 0C04E931 */  jal     func_8013A4C4              
/* 020BC 80B9868C 24040006 */  addiu   $a0, $zero, 0x0006         ## $a0 = 00000006
/* 020C0 80B98690 10400004 */  beq     $v0, $zero, .L80B986A4     
/* 020C4 80B98694 8FA80018 */  lw      $t0, 0x0018($sp)           
/* 020C8 80B98698 241912AE */  addiu   $t9, $zero, 0x12AE         ## $t9 = 000012AE
/* 020CC 80B9869C 10000004 */  beq     $zero, $zero, .L80B986B0   
/* 020D0 80B986A0 A5190116 */  sh      $t9, 0x0116($t0)           ## 00000116
.L80B986A4:
/* 020D4 80B986A4 8FAA0018 */  lw      $t2, 0x0018($sp)           
.L80B986A8:
/* 020D8 80B986A8 240912AC */  addiu   $t1, $zero, 0x12AC         ## $t1 = 000012AC
/* 020DC 80B986AC A5490116 */  sh      $t1, 0x0116($t2)           ## 00000116
.L80B986B0:
/* 020E0 80B986B0 3C03801F */  lui     $v1, 0x801F                ## $v1 = 801F0000
/* 020E4 80B986B4 3C0B801C */  lui     $t3, 0x801C                ## $t3 = 801C0000
/* 020E8 80B986B8 8D6B1D94 */  lw      $t3, 0x1D94($t3)           ## 801C1D94
/* 020EC 80B986BC 2463F670 */  addiu   $v1, $v1, 0xF670           ## $v1 = 801EF670
/* 020F0 80B986C0 8C6200BC */  lw      $v0, 0x00BC($v1)           ## 801EF72C
/* 020F4 80B986C4 240CFFFF */  addiu   $t4, $zero, 0xFFFF         ## $t4 = FFFFFFFF
/* 020F8 80B986C8 018B6823 */  subu    $t5, $t4, $t3              
/* 020FC 80B986CC 01A27024 */  and     $t6, $t5, $v0              
/* 02100 80B986D0 10000004 */  beq     $zero, $zero, .L80B986E4   
/* 02104 80B986D4 AC6E00BC */  sw      $t6, 0x00BC($v1)           ## 801EF72C
.L80B986D8:
/* 02108 80B986D8 8FB80018 */  lw      $t8, 0x0018($sp)           
.L80B986DC:
/* 0210C 80B986DC 240F12AB */  addiu   $t7, $zero, 0x12AB         ## $t7 = 000012AB
/* 02110 80B986E0 A70F0116 */  sh      $t7, 0x0116($t8)           ## 00000116
.L80B986E4:
/* 02114 80B986E4 8FA80020 */  lw      $t0, 0x0020($sp)           
/* 02118 80B986E8 3C1980BA */  lui     $t9, %hi(func_80B98728)    ## $t9 = 80BA0000
/* 0211C 80B986EC 27398728 */  addiu   $t9, $t9, %lo(func_80B98728) ## $t9 = 80B98728
/* 02120 80B986F0 10000009 */  beq     $zero, $zero, .L80B98718   
/* 02124 80B986F4 AD1902F8 */  sw      $t9, 0x02F8($t0)           ## 000002F8
.L80B986F8:
/* 02128 80B986F8 04410007 */  bgez    $v0, .L80B98718            
/* 0212C 80B986FC 8FA40024 */  lw      $a0, 0x0024($sp)           
/* 02130 80B98700 0C05464E */  jal     func_80151938              
/* 02134 80B98704 240512AB */  addiu   $a1, $zero, 0x12AB         ## $a1 = 000012AB
/* 02138 80B98708 8FAA0020 */  lw      $t2, 0x0020($sp)           
/* 0213C 80B9870C 3C0980BA */  lui     $t1, %hi(func_80B98728)    ## $t1 = 80BA0000
/* 02140 80B98710 25298728 */  addiu   $t1, $t1, %lo(func_80B98728) ## $t1 = 80B98728
/* 02144 80B98714 AD4902F8 */  sw      $t1, 0x02F8($t2)           ## 000002F8
.L80B98718:
/* 02148 80B98718 8FBF0014 */  lw      $ra, 0x0014($sp)           
.L80B9871C:
/* 0214C 80B9871C 27BD0020 */  addiu   $sp, $sp, 0x0020           ## $sp = 00000000
/* 02150 80B98720 03E00008 */  jr      $ra                        
/* 02154 80B98724 00000000 */  nop


glabel func_80B98728
/* 02158 80B98728 27BDFFE8 */  addiu   $sp, $sp, 0xFFE8           ## $sp = FFFFFFE8
/* 0215C 80B9872C AFBF0014 */  sw      $ra, 0x0014($sp)           
/* 02160 80B98730 00803025 */  or      $a2, $a0, $zero            ## $a2 = 00000000
/* 02164 80B98734 00A03825 */  or      $a3, $a1, $zero            ## $a3 = 00000000
/* 02168 80B98738 00C02025 */  or      $a0, $a2, $zero            ## $a0 = 00000000
/* 0216C 80B9873C 00E02825 */  or      $a1, $a3, $zero            ## $a1 = 00000000
/* 02170 80B98740 AFA60018 */  sw      $a2, 0x0018($sp)           
/* 02174 80B98744 0C2E60D2 */  jal     func_80B98348              
/* 02178 80B98748 AFA7001C */  sw      $a3, 0x001C($sp)           
/* 0217C 80B9874C 8FA7001C */  lw      $a3, 0x001C($sp)           
/* 02180 80B98750 0C054926 */  jal     func_80152498              
/* 02184 80B98754 24E44908 */  addiu   $a0, $a3, 0x4908           ## $a0 = 00004908
/* 02188 80B98758 24010004 */  addiu   $at, $zero, 0x0004         ## $at = 00000004
/* 0218C 80B9875C 8FA60018 */  lw      $a2, 0x0018($sp)           
/* 02190 80B98760 10410006 */  beq     $v0, $at, .L80B9877C       
/* 02194 80B98764 8FA7001C */  lw      $a3, 0x001C($sp)           
/* 02198 80B98768 24010005 */  addiu   $at, $zero, 0x0005         ## $at = 00000005
/* 0219C 80B9876C 10410024 */  beq     $v0, $at, .L80B98800       
/* 021A0 80B98770 00E02025 */  or      $a0, $a3, $zero            ## $a0 = 00000000
/* 021A4 80B98774 10000085 */  beq     $zero, $zero, .L80B9898C   
/* 021A8 80B98778 8FBF0014 */  lw      $ra, 0x0014($sp)           
.L80B9877C:
/* 021AC 80B9877C 00E02025 */  or      $a0, $a3, $zero            ## $a0 = 00000000
/* 021B0 80B98780 0C051D89 */  jal     func_80147624              
/* 021B4 80B98784 AFA7001C */  sw      $a3, 0x001C($sp)           
/* 021B8 80B98788 1040007F */  beq     $v0, $zero, .L80B98988     
/* 021BC 80B9878C 8FA7001C */  lw      $a3, 0x001C($sp)           
/* 021C0 80B98790 3C010001 */  lui     $at, 0x0001                ## $at = 00010000
/* 021C4 80B98794 00E11821 */  addu    $v1, $a3, $at              
/* 021C8 80B98798 946E680C */  lhu     $t6, 0x680C($v1)           ## 0000680C
/* 021CC 80B9879C 24011293 */  addiu   $at, $zero, 0x1293         ## $at = 00001293
/* 021D0 80B987A0 55C1007A */  bnel    $t6, $at, .L80B9898C       
/* 021D4 80B987A4 8FBF0014 */  lw      $ra, 0x0014($sp)           
/* 021D8 80B987A8 90626929 */  lbu     $v0, 0x6929($v1)           ## 00006929
/* 021DC 80B987AC 24010001 */  addiu   $at, $zero, 0x0001         ## $at = 00000001
/* 021E0 80B987B0 10400005 */  beq     $v0, $zero, .L80B987C8     
/* 021E4 80B987B4 00000000 */  nop
/* 021E8 80B987B8 1041000A */  beq     $v0, $at, .L80B987E4       
/* 021EC 80B987BC 00000000 */  nop
/* 021F0 80B987C0 10000072 */  beq     $zero, $zero, .L80B9898C   
/* 021F4 80B987C4 8FBF0014 */  lw      $ra, 0x0014($sp)           
.L80B987C8:
/* 021F8 80B987C8 0C067C82 */  jal     func_8019F208              
/* 021FC 80B987CC AFA7001C */  sw      $a3, 0x001C($sp)           
/* 02200 80B987D0 8FA4001C */  lw      $a0, 0x001C($sp)           
/* 02204 80B987D4 0C05464E */  jal     func_80151938              
/* 02208 80B987D8 24051294 */  addiu   $a1, $zero, 0x1294         ## $a1 = 00001294
/* 0220C 80B987DC 1000006B */  beq     $zero, $zero, .L80B9898C   
/* 02210 80B987E0 8FBF0014 */  lw      $ra, 0x0014($sp)           
.L80B987E4:
/* 02214 80B987E4 0C067C8C */  jal     func_8019F230              
/* 02218 80B987E8 AFA7001C */  sw      $a3, 0x001C($sp)           
/* 0221C 80B987EC 8FA4001C */  lw      $a0, 0x001C($sp)           
/* 02220 80B987F0 0C05464E */  jal     func_80151938              
/* 02224 80B987F4 24051298 */  addiu   $a1, $zero, 0x1298         ## $a1 = 00001298
/* 02228 80B987F8 10000064 */  beq     $zero, $zero, .L80B9898C   
/* 0222C 80B987FC 8FBF0014 */  lw      $ra, 0x0014($sp)           
.L80B98800:
/* 02230 80B98800 AFA60018 */  sw      $a2, 0x0018($sp)           
/* 02234 80B98804 0C051D89 */  jal     func_80147624              
/* 02238 80B98808 AFA7001C */  sw      $a3, 0x001C($sp)           
/* 0223C 80B9880C 8FA60018 */  lw      $a2, 0x0018($sp)           
/* 02240 80B98810 1040005D */  beq     $v0, $zero, .L80B98988     
/* 02244 80B98814 8FA7001C */  lw      $a3, 0x001C($sp)           
/* 02248 80B98818 3C020001 */  lui     $v0, 0x0001                ## $v0 = 00010000
/* 0224C 80B9881C 00471021 */  addu    $v0, $v0, $a3              
/* 02250 80B98820 9442680C */  lhu     $v0, 0x680C($v0)           ## 0001680C
/* 02254 80B98824 244FED6F */  addiu   $t7, $v0, 0xED6F           ## $t7 = 0000ED6F
/* 02258 80B98828 2DE1001F */  sltiu   $at, $t7, 0x001F           
/* 0225C 80B9882C 1020004A */  beq     $at, $zero, .L80B98958     
/* 02260 80B98830 000F7880 */  sll     $t7, $t7,  2               
/* 02264 80B98834 3C0180BA */  lui     $at, %hi(D_80B99A84)       ## $at = 80BA0000
/* 02268 80B98838 002F0821 */  addu    $at, $at, $t7              
/* 0226C 80B9883C 8C2F9A84 */  lw      $t7, %lo(D_80B99A84)($at)  
/* 02270 80B98840 01E00008 */  jr      $t7                        
/* 02274 80B98844 00000000 */  nop
.L80B98848:
/* 02278 80B98848 24450001 */  addiu   $a1, $v0, 0x0001           ## $a1 = 00010001
/* 0227C 80B9884C 30A5FFFF */  andi    $a1, $a1, 0xFFFF           ## $a1 = 00000001
/* 02280 80B98850 0C05464E */  jal     func_80151938              
/* 02284 80B98854 00E02025 */  or      $a0, $a3, $zero            ## $a0 = 00000000
/* 02288 80B98858 1000004C */  beq     $zero, $zero, .L80B9898C   
/* 0228C 80B9885C 8FBF0014 */  lw      $ra, 0x0014($sp)           
.L80B98860:
/* 02290 80B98860 00E02025 */  or      $a0, $a3, $zero            ## $a0 = 00000000
/* 02294 80B98864 240500FF */  addiu   $a1, $zero, 0x00FF         ## $a1 = 000000FF
/* 02298 80B98868 0C05464E */  jal     func_80151938              
/* 0229C 80B9886C AFA60018 */  sw      $a2, 0x0018($sp)           
/* 022A0 80B98870 8FA60018 */  lw      $a2, 0x0018($sp)           
/* 022A4 80B98874 3C1880BA */  lui     $t8, %hi(func_80B985EC)    ## $t8 = 80BA0000
/* 022A8 80B98878 271885EC */  addiu   $t8, $t8, %lo(func_80B985EC) ## $t8 = 80B985EC
/* 022AC 80B9887C 10000042 */  beq     $zero, $zero, .L80B98988   
/* 022B0 80B98880 ACD802F8 */  sw      $t8, 0x02F8($a2)           ## 000002F8
.L80B98884:
/* 022B4 80B98884 3C19801F */  lui     $t9, 0x801F                ## $t9 = 801F0000
/* 022B8 80B98888 8F39F688 */  lw      $t9, -0x0978($t9)          ## 801EF688
/* 022BC 80B9888C 24010005 */  addiu   $at, $zero, 0x0005         ## $at = 00000005
/* 022C0 80B98890 24051296 */  addiu   $a1, $zero, 0x1296         ## $a1 = 00001296
/* 022C4 80B98894 0321001A */  div     $zero, $t9, $at            
/* 022C8 80B98898 00004010 */  mfhi    $t0                        
/* 022CC 80B9889C 24010003 */  addiu   $at, $zero, 0x0003         ## $at = 00000003
/* 022D0 80B988A0 15010005 */  bne     $t0, $at, .L80B988B8       
/* 022D4 80B988A4 00E02025 */  or      $a0, $a3, $zero            ## $a0 = 00000000
/* 022D8 80B988A8 0C05464E */  jal     func_80151938              
/* 022DC 80B988AC 00E02025 */  or      $a0, $a3, $zero            ## $a0 = 00000000
/* 022E0 80B988B0 10000036 */  beq     $zero, $zero, .L80B9898C   
/* 022E4 80B988B4 8FBF0014 */  lw      $ra, 0x0014($sp)           
.L80B988B8:
/* 022E8 80B988B8 0C05464E */  jal     func_80151938              
/* 022EC 80B988BC 24051295 */  addiu   $a1, $zero, 0x1295         ## $a1 = 00001295
/* 022F0 80B988C0 10000032 */  beq     $zero, $zero, .L80B9898C   
/* 022F4 80B988C4 8FBF0014 */  lw      $ra, 0x0014($sp)           
.L80B988C8:
/* 022F8 80B988C8 00E02025 */  or      $a0, $a3, $zero            ## $a0 = 00000000
/* 022FC 80B988CC 0C051DED */  jal     func_801477B4              
/* 02300 80B988D0 AFA60018 */  sw      $a2, 0x0018($sp)           
/* 02304 80B988D4 8FA60018 */  lw      $a2, 0x0018($sp)           
/* 02308 80B988D8 3C0980BA */  lui     $t1, %hi(func_80B98998)    ## $t1 = 80BA0000
/* 0230C 80B988DC 25298998 */  addiu   $t1, $t1, %lo(func_80B98998) ## $t1 = 80B98998
/* 02310 80B988E0 10000029 */  beq     $zero, $zero, .L80B98988   
/* 02314 80B988E4 ACC902F8 */  sw      $t1, 0x02F8($a2)           ## 000002F8
.L80B988E8:
/* 02318 80B988E8 00E02025 */  or      $a0, $a3, $zero            ## $a0 = 00000000
/* 0231C 80B988EC AFA60018 */  sw      $a2, 0x0018($sp)           
/* 02320 80B988F0 0C051DED */  jal     func_801477B4              
/* 02324 80B988F4 AFA7001C */  sw      $a3, 0x001C($sp)           
/* 02328 80B988F8 8FA40018 */  lw      $a0, 0x0018($sp)           
/* 0232C 80B988FC 3C0B80BA */  lui     $t3, %hi(func_80B9854C)    ## $t3 = 80BA0000
/* 02330 80B98900 8FA5001C */  lw      $a1, 0x001C($sp)           
/* 02334 80B98904 240A0002 */  addiu   $t2, $zero, 0x0002         ## $t2 = 00000002
/* 02338 80B98908 256B854C */  addiu   $t3, $t3, %lo(func_80B9854C) ## $t3 = 80B9854C
/* 0233C 80B9890C AC8A02D4 */  sw      $t2, 0x02D4($a0)           ## 000002D4
/* 02340 80B98910 0C2E6153 */  jal     func_80B9854C              
/* 02344 80B98914 AC8B02F8 */  sw      $t3, 0x02F8($a0)           ## 000002F8
/* 02348 80B98918 1000001C */  beq     $zero, $zero, .L80B9898C   
/* 0234C 80B9891C 8FBF0014 */  lw      $ra, 0x0014($sp)           
.L80B98920:
/* 02350 80B98920 00E02025 */  or      $a0, $a3, $zero            ## $a0 = 00000000
/* 02354 80B98924 AFA60018 */  sw      $a2, 0x0018($sp)           
/* 02358 80B98928 0C051DED */  jal     func_801477B4              
/* 0235C 80B9892C AFA7001C */  sw      $a3, 0x001C($sp)           
/* 02360 80B98930 8FA40018 */  lw      $a0, 0x0018($sp)           
/* 02364 80B98934 3C0D80BA */  lui     $t5, %hi(func_80B9854C)    ## $t5 = 80BA0000
/* 02368 80B98938 8FA5001C */  lw      $a1, 0x001C($sp)           
/* 0236C 80B9893C 240C0004 */  addiu   $t4, $zero, 0x0004         ## $t4 = 00000004
/* 02370 80B98940 25AD854C */  addiu   $t5, $t5, %lo(func_80B9854C) ## $t5 = 80B9854C
/* 02374 80B98944 AC8C02D4 */  sw      $t4, 0x02D4($a0)           ## 000002D4
/* 02378 80B98948 0C2E6153 */  jal     func_80B9854C              
/* 0237C 80B9894C AC8D02F8 */  sw      $t5, 0x02F8($a0)           ## 000002F8
/* 02380 80B98950 1000000E */  beq     $zero, $zero, .L80B9898C   
/* 02384 80B98954 8FBF0014 */  lw      $ra, 0x0014($sp)           
.L80B98958:
/* 02388 80B98958 00E02025 */  or      $a0, $a3, $zero            ## $a0 = 00000000
/* 0238C 80B9895C 0C051DED */  jal     func_801477B4              
/* 02390 80B98960 AFA60018 */  sw      $a2, 0x0018($sp)           
/* 02394 80B98964 8FA60018 */  lw      $a2, 0x0018($sp)           
/* 02398 80B98968 3C01FFFE */  lui     $at, 0xFFFE                ## $at = FFFE0000
/* 0239C 80B9896C 3C0E80BA */  lui     $t6, %hi(func_80B98998)    ## $t6 = 80BA0000
/* 023A0 80B98970 8CCF0004 */  lw      $t7, 0x0004($a2)           ## 00000004
/* 023A4 80B98974 3421FFFF */  ori     $at, $at, 0xFFFF           ## $at = FFFEFFFF
/* 023A8 80B98978 25CE8998 */  addiu   $t6, $t6, %lo(func_80B98998) ## $t6 = 80B98998
/* 023AC 80B9897C 01E1C024 */  and     $t8, $t7, $at              
/* 023B0 80B98980 ACCE02F8 */  sw      $t6, 0x02F8($a2)           ## 000002F8
/* 023B4 80B98984 ACD80004 */  sw      $t8, 0x0004($a2)           ## 00000004
.L80B98988:
/* 023B8 80B98988 8FBF0014 */  lw      $ra, 0x0014($sp)           
.L80B9898C:
/* 023BC 80B9898C 27BD0018 */  addiu   $sp, $sp, 0x0018           ## $sp = 00000000
/* 023C0 80B98990 03E00008 */  jr      $ra                        
/* 023C4 80B98994 00000000 */  nop


glabel func_80B98998
/* 023C8 80B98998 27BDFFE0 */  addiu   $sp, $sp, 0xFFE0           ## $sp = FFFFFFE0
/* 023CC 80B9899C AFB00018 */  sw      $s0, 0x0018($sp)           
/* 023D0 80B989A0 00808025 */  or      $s0, $a0, $zero            ## $s0 = 00000000
/* 023D4 80B989A4 AFBF001C */  sw      $ra, 0x001C($sp)           
/* 023D8 80B989A8 AFA50024 */  sw      $a1, 0x0024($sp)           
/* 023DC 80B989AC 960E02F2 */  lhu     $t6, 0x02F2($s0)           ## 000002F2
/* 023E0 80B989B0 02002025 */  or      $a0, $s0, $zero            ## $a0 = 00000000
/* 023E4 80B989B4 31CFFFF7 */  andi    $t7, $t6, 0xFFF7           ## $t7 = 00000000
/* 023E8 80B989B8 A60F02F2 */  sh      $t7, 0x02F2($s0)           ## 000002F2
/* 023EC 80B989BC 0C02E134 */  jal     func_800B84D0              
/* 023F0 80B989C0 8FA50024 */  lw      $a1, 0x0024($sp)           
/* 023F4 80B989C4 10400009 */  beq     $v0, $zero, .L80B989EC     
/* 023F8 80B989C8 3C0142C8 */  lui     $at, 0x42C8                ## $at = 42C80000
/* 023FC 80B989CC 3C1880BA */  lui     $t8, %hi(func_80B98728)    ## $t8 = 80BA0000
/* 02400 80B989D0 27188728 */  addiu   $t8, $t8, %lo(func_80B98728) ## $t8 = 80B98728
/* 02404 80B989D4 AE1802F8 */  sw      $t8, 0x02F8($s0)           ## 000002F8
/* 02408 80B989D8 8FA50024 */  lw      $a1, 0x0024($sp)           
/* 0240C 80B989DC 0C2E605E */  jal     func_80B98178              
/* 02410 80B989E0 02002025 */  or      $a0, $s0, $zero            ## $a0 = 00000000
/* 02414 80B989E4 10000015 */  beq     $zero, $zero, .L80B98A3C   
/* 02418 80B989E8 8FBF001C */  lw      $ra, 0x001C($sp)           
.L80B989EC:
/* 0241C 80B989EC C6040098 */  lwc1    $f4, 0x0098($s0)           ## 00000098
/* 02420 80B989F0 44813000 */  mtc1    $at, $f6                   ## $f6 = 0.00
/* 02424 80B989F4 02002025 */  or      $a0, $s0, $zero            ## $a0 = 00000000
/* 02428 80B989F8 24053000 */  addiu   $a1, $zero, 0x3000         ## $a1 = 00003000
/* 0242C 80B989FC 4606203C */  c.lt.s  $f4, $f6                   
/* 02430 80B98A00 00000000 */  nop
/* 02434 80B98A04 4502000D */  bc1fl   .L80B98A3C                 
/* 02438 80B98A08 8FBF001C */  lw      $ra, 0x001C($sp)           
/* 0243C 80B98A0C 0C02DCC8 */  jal     func_800B7320              
/* 02440 80B98A10 8FA60024 */  lw      $a2, 0x0024($sp)           
/* 02444 80B98A14 10400008 */  beq     $v0, $zero, .L80B98A38     
/* 02448 80B98A18 02002025 */  or      $a0, $s0, $zero            ## $a0 = 00000000
/* 0244C 80B98A1C 0C02DCF8 */  jal     func_800B73E0              
/* 02450 80B98A20 24057000 */  addiu   $a1, $zero, 0x7000         ## $a1 = 00007000
/* 02454 80B98A24 10400004 */  beq     $v0, $zero, .L80B98A38     
/* 02458 80B98A28 02002025 */  or      $a0, $s0, $zero            ## $a0 = 00000000
/* 0245C 80B98A2C 8FA50024 */  lw      $a1, 0x0024($sp)           
/* 02460 80B98A30 0C02E185 */  jal     func_800B8614              
/* 02464 80B98A34 3C0642F0 */  lui     $a2, 0x42F0                ## $a2 = 42F00000
.L80B98A38:
/* 02468 80B98A38 8FBF001C */  lw      $ra, 0x001C($sp)           
.L80B98A3C:
/* 0246C 80B98A3C 8FB00018 */  lw      $s0, 0x0018($sp)           
/* 02470 80B98A40 27BD0020 */  addiu   $sp, $sp, 0x0020           ## $sp = 00000000
/* 02474 80B98A44 03E00008 */  jr      $ra                        
/* 02478 80B98A48 00000000 */  nop


glabel func_80B98A4C
/* 0247C 80B98A4C 27BDFFE8 */  addiu   $sp, $sp, 0xFFE8           ## $sp = FFFFFFE8
/* 02480 80B98A50 3C03801F */  lui     $v1, 0x801F                ## $v1 = 801F0000
/* 02484 80B98A54 2463F670 */  addiu   $v1, $v1, 0xF670           ## $v1 = 801EF670
/* 02488 80B98A58 AFBF0014 */  sw      $ra, 0x0014($sp)           
/* 0248C 80B98A5C 00803025 */  or      $a2, $a0, $zero            ## $a2 = 00000000
/* 02490 80B98A60 00A03825 */  or      $a3, $a1, $zero            ## $a3 = 00000000
/* 02494 80B98A64 906E0020 */  lbu     $t6, 0x0020($v1)           ## 801EF690
/* 02498 80B98A68 24010002 */  addiu   $at, $zero, 0x0002         ## $at = 00000002
/* 0249C 80B98A6C 55C1000B */  bnel    $t6, $at, .L80B98A9C       
/* 024A0 80B98A70 90620F1F */  lbu     $v0, 0x0F1F($v1)           ## 801F058F
/* 024A4 80B98A74 90620F1F */  lbu     $v0, 0x0F1F($v1)           ## 801F058F
/* 024A8 80B98A78 240512B4 */  addiu   $a1, $zero, 0x12B4         ## $a1 = 000012B4
/* 024AC 80B98A7C 304F0080 */  andi    $t7, $v0, 0x0080           ## $t7 = 00000000
/* 024B0 80B98A80 11E00003 */  beq     $t7, $zero, .L80B98A90     
/* 024B4 80B98A84 34580080 */  ori     $t8, $v0, 0x0080           ## $t8 = 00000080
/* 024B8 80B98A88 1000000B */  beq     $zero, $zero, .L80B98AB8   
/* 024BC 80B98A8C 240512B6 */  addiu   $a1, $zero, 0x12B6         ## $a1 = 000012B6
.L80B98A90:
/* 024C0 80B98A90 10000009 */  beq     $zero, $zero, .L80B98AB8   
/* 024C4 80B98A94 A0780F1F */  sb      $t8, 0x0F1F($v1)           ## 801F058F
/* 024C8 80B98A98 90620F1F */  lbu     $v0, 0x0F1F($v1)           ## 801F058F
.L80B98A9C:
/* 024CC 80B98A9C 240512B1 */  addiu   $a1, $zero, 0x12B1         ## $a1 = 000012B1
/* 024D0 80B98AA0 30590040 */  andi    $t9, $v0, 0x0040           ## $t9 = 00000000
/* 024D4 80B98AA4 13200003 */  beq     $t9, $zero, .L80B98AB4     
/* 024D8 80B98AA8 34480040 */  ori     $t0, $v0, 0x0040           ## $t0 = 00000040
/* 024DC 80B98AAC 10000002 */  beq     $zero, $zero, .L80B98AB8   
/* 024E0 80B98AB0 240512B3 */  addiu   $a1, $zero, 0x12B3         ## $a1 = 000012B3
.L80B98AB4:
/* 024E4 80B98AB4 A0680F1F */  sb      $t0, 0x0F1F($v1)           ## 801F058F
.L80B98AB8:
/* 024E8 80B98AB8 0C05462C */  jal     func_801518B0              
/* 024EC 80B98ABC 00E02025 */  or      $a0, $a3, $zero            ## $a0 = 00000000
/* 024F0 80B98AC0 8FBF0014 */  lw      $ra, 0x0014($sp)           
/* 024F4 80B98AC4 27BD0018 */  addiu   $sp, $sp, 0x0018           ## $sp = 00000000
/* 024F8 80B98AC8 03E00008 */  jr      $ra                        
/* 024FC 80B98ACC 00000000 */  nop


glabel func_80B98AD0
/* 02500 80B98AD0 27BDFFE8 */  addiu   $sp, $sp, 0xFFE8           ## $sp = FFFFFFE8
/* 02504 80B98AD4 AFBF0014 */  sw      $ra, 0x0014($sp)           
/* 02508 80B98AD8 AFA40018 */  sw      $a0, 0x0018($sp)           
/* 0250C 80B98ADC 00A03025 */  or      $a2, $a1, $zero            ## $a2 = 00000000
/* 02510 80B98AE0 24C44908 */  addiu   $a0, $a2, 0x4908           ## $a0 = 00004908
/* 02514 80B98AE4 0C054926 */  jal     func_80152498              
/* 02518 80B98AE8 AFA6001C */  sw      $a2, 0x001C($sp)           
/* 0251C 80B98AEC 24010005 */  addiu   $at, $zero, 0x0005         ## $at = 00000005
/* 02520 80B98AF0 1441003C */  bne     $v0, $at, .L80B98BE4       
/* 02524 80B98AF4 8FA6001C */  lw      $a2, 0x001C($sp)           
/* 02528 80B98AF8 00C02025 */  or      $a0, $a2, $zero            ## $a0 = 00000000
/* 0252C 80B98AFC 0C051D89 */  jal     func_80147624              
/* 02530 80B98B00 AFA6001C */  sw      $a2, 0x001C($sp)           
/* 02534 80B98B04 10400037 */  beq     $v0, $zero, .L80B98BE4     
/* 02538 80B98B08 8FA6001C */  lw      $a2, 0x001C($sp)           
/* 0253C 80B98B0C 3C020001 */  lui     $v0, 0x0001                ## $v0 = 00010000
/* 02540 80B98B10 00461021 */  addu    $v0, $v0, $a2              
/* 02544 80B98B14 9442680C */  lhu     $v0, 0x680C($v0)           ## 0001680C
/* 02548 80B98B18 244EED4F */  addiu   $t6, $v0, 0xED4F           ## $t6 = 0000ED4F
/* 0254C 80B98B1C 2DC1000A */  sltiu   $at, $t6, 0x000A           
/* 02550 80B98B20 1020002A */  beq     $at, $zero, .L80B98BCC     
/* 02554 80B98B24 000E7080 */  sll     $t6, $t6,  2               
/* 02558 80B98B28 3C0180BA */  lui     $at, %hi(D_80B99B00)       ## $at = 80BA0000
/* 0255C 80B98B2C 002E0821 */  addu    $at, $at, $t6              
/* 02560 80B98B30 8C2E9B00 */  lw      $t6, %lo(D_80B99B00)($at)  
/* 02564 80B98B34 01C00008 */  jr      $t6                        
/* 02568 80B98B38 00000000 */  nop
.L80B98B3C:
/* 0256C 80B98B3C 24450001 */  addiu   $a1, $v0, 0x0001           ## $a1 = 00010001
/* 02570 80B98B40 30A5FFFF */  andi    $a1, $a1, 0xFFFF           ## $a1 = 00000001
/* 02574 80B98B44 0C05464E */  jal     func_80151938              
/* 02578 80B98B48 00C02025 */  or      $a0, $a2, $zero            ## $a0 = 00000000
/* 0257C 80B98B4C 10000026 */  beq     $zero, $zero, .L80B98BE8   
/* 02580 80B98B50 8FBF0014 */  lw      $ra, 0x0014($sp)           
.L80B98B54:
/* 02584 80B98B54 0C051DED */  jal     func_801477B4              
/* 02588 80B98B58 00C02025 */  or      $a0, $a2, $zero            ## $a0 = 00000000
/* 0258C 80B98B5C 8FB80018 */  lw      $t8, 0x0018($sp)           
/* 02590 80B98B60 3C0F80BA */  lui     $t7, %hi(func_80B98CA8)    ## $t7 = 80BA0000
/* 02594 80B98B64 3C02801F */  lui     $v0, 0x801F                ## $v0 = 801F0000
/* 02598 80B98B68 25EF8CA8 */  addiu   $t7, $t7, %lo(func_80B98CA8) ## $t7 = 80B98CA8
/* 0259C 80B98B6C 2442F670 */  addiu   $v0, $v0, 0xF670           ## $v0 = 801EF670
/* 025A0 80B98B70 AF0F02F8 */  sw      $t7, 0x02F8($t8)           ## 000002F8
/* 025A4 80B98B74 90590F21 */  lbu     $t9, 0x0F21($v0)           ## 801F0591
/* 025A8 80B98B78 00002025 */  or      $a0, $zero, $zero          ## $a0 = 00000000
/* 025AC 80B98B7C 332800DF */  andi    $t0, $t9, 0x00DF           ## $t0 = 00000000
/* 025B0 80B98B80 0C0670C0 */  jal     func_8019C300              
/* 025B4 80B98B84 A0480F21 */  sb      $t0, 0x0F21($v0)           ## 801F0591
/* 025B8 80B98B88 10000017 */  beq     $zero, $zero, .L80B98BE8   
/* 025BC 80B98B8C 8FBF0014 */  lw      $ra, 0x0014($sp)           
.L80B98B90:
/* 025C0 80B98B90 0C051DED */  jal     func_801477B4              
/* 025C4 80B98B94 00C02025 */  or      $a0, $a2, $zero            ## $a0 = 00000000
/* 025C8 80B98B98 8FAA0018 */  lw      $t2, 0x0018($sp)           
/* 025CC 80B98B9C 3C0980BA */  lui     $t1, %hi(func_80B98CA8)    ## $t1 = 80BA0000
/* 025D0 80B98BA0 3C02801F */  lui     $v0, 0x801F                ## $v0 = 801F0000
/* 025D4 80B98BA4 25298CA8 */  addiu   $t1, $t1, %lo(func_80B98CA8) ## $t1 = 80B98CA8
/* 025D8 80B98BA8 2442F670 */  addiu   $v0, $v0, 0xF670           ## $v0 = 801EF670
/* 025DC 80B98BAC AD4902F8 */  sw      $t1, 0x02F8($t2)           ## 000002F8
/* 025E0 80B98BB0 904B0F21 */  lbu     $t3, 0x0F21($v0)           ## 801F0591
/* 025E4 80B98BB4 00002025 */  or      $a0, $zero, $zero          ## $a0 = 00000000
/* 025E8 80B98BB8 356C0020 */  ori     $t4, $t3, 0x0020           ## $t4 = 00000020
/* 025EC 80B98BBC 0C0670C0 */  jal     func_8019C300              
/* 025F0 80B98BC0 A04C0F21 */  sb      $t4, 0x0F21($v0)           ## 801F0591
/* 025F4 80B98BC4 10000008 */  beq     $zero, $zero, .L80B98BE8   
/* 025F8 80B98BC8 8FBF0014 */  lw      $ra, 0x0014($sp)           
.L80B98BCC:
/* 025FC 80B98BCC 0C051DED */  jal     func_801477B4              
/* 02600 80B98BD0 00C02025 */  or      $a0, $a2, $zero            ## $a0 = 00000000
/* 02604 80B98BD4 8FAE0018 */  lw      $t6, 0x0018($sp)           
/* 02608 80B98BD8 3C0D80BA */  lui     $t5, %hi(func_80B98CA8)    ## $t5 = 80BA0000
/* 0260C 80B98BDC 25AD8CA8 */  addiu   $t5, $t5, %lo(func_80B98CA8) ## $t5 = 80B98CA8
/* 02610 80B98BE0 ADCD02F8 */  sw      $t5, 0x02F8($t6)           ## 000002F8
.L80B98BE4:
/* 02614 80B98BE4 8FBF0014 */  lw      $ra, 0x0014($sp)           
.L80B98BE8:
/* 02618 80B98BE8 27BD0018 */  addiu   $sp, $sp, 0x0018           ## $sp = 00000000
/* 0261C 80B98BEC 03E00008 */  jr      $ra                        
/* 02620 80B98BF0 00000000 */  nop


glabel func_80B98BF4
/* 02624 80B98BF4 27BDFFE0 */  addiu   $sp, $sp, 0xFFE0           ## $sp = FFFFFFE0
/* 02628 80B98BF8 AFB00018 */  sw      $s0, 0x0018($sp)           
/* 0262C 80B98BFC 00808025 */  or      $s0, $a0, $zero            ## $s0 = 00000000
/* 02630 80B98C00 AFBF001C */  sw      $ra, 0x001C($sp)           
/* 02634 80B98C04 00A03825 */  or      $a3, $a1, $zero            ## $a3 = 00000000
/* 02638 80B98C08 02002025 */  or      $a0, $s0, $zero            ## $a0 = 00000000
/* 0263C 80B98C0C 00E02825 */  or      $a1, $a3, $zero            ## $a1 = 00000000
/* 02640 80B98C10 0C02E134 */  jal     func_800B84D0              
/* 02644 80B98C14 AFA70024 */  sw      $a3, 0x0024($sp)           
/* 02648 80B98C18 1040001A */  beq     $v0, $zero, .L80B98C84     
/* 0264C 80B98C1C 8FA70024 */  lw      $a3, 0x0024($sp)           
/* 02650 80B98C20 8E0E0004 */  lw      $t6, 0x0004($s0)           ## 00000004
/* 02654 80B98C24 3C01FFFE */  lui     $at, 0xFFFE                ## $at = FFFE0000
/* 02658 80B98C28 3421FFFF */  ori     $at, $at, 0xFFFF           ## $at = FFFEFFFF
/* 0265C 80B98C2C 01C17824 */  and     $t7, $t6, $at              
/* 02660 80B98C30 AE0F0004 */  sw      $t7, 0x0004($s0)           ## 00000004
/* 02664 80B98C34 3C18801F */  lui     $t8, 0x801F                ## $t8 = 801F0000
/* 02668 80B98C38 93180591 */  lbu     $t8, 0x0591($t8)           ## 801F0591
/* 0266C 80B98C3C 02003025 */  or      $a2, $s0, $zero            ## $a2 = 00000000
/* 02670 80B98C40 00E02025 */  or      $a0, $a3, $zero            ## $a0 = 00000000
/* 02674 80B98C44 33190020 */  andi    $t9, $t8, 0x0020           ## $t9 = 00000000
/* 02678 80B98C48 13200008 */  beq     $t9, $zero, .L80B98C6C     
/* 0267C 80B98C4C 240512B9 */  addiu   $a1, $zero, 0x12B9         ## $a1 = 000012B9
/* 02680 80B98C50 00E02025 */  or      $a0, $a3, $zero            ## $a0 = 00000000
/* 02684 80B98C54 0C05462C */  jal     func_801518B0              
/* 02688 80B98C58 240512B7 */  addiu   $a1, $zero, 0x12B7         ## $a1 = 000012B7
/* 0268C 80B98C5C 3C0880BA */  lui     $t0, %hi(func_80B98AD0)    ## $t0 = 80BA0000
/* 02690 80B98C60 25088AD0 */  addiu   $t0, $t0, %lo(func_80B98AD0) ## $t0 = 80B98AD0
/* 02694 80B98C64 1000000B */  beq     $zero, $zero, .L80B98C94   
/* 02698 80B98C68 AE0802F8 */  sw      $t0, 0x02F8($s0)           ## 000002F8
.L80B98C6C:
/* 0269C 80B98C6C 0C05462C */  jal     func_801518B0              
/* 026A0 80B98C70 02003025 */  or      $a2, $s0, $zero            ## $a2 = 00000000
/* 026A4 80B98C74 3C0980BA */  lui     $t1, %hi(func_80B98AD0)    ## $t1 = 80BA0000
/* 026A8 80B98C78 25298AD0 */  addiu   $t1, $t1, %lo(func_80B98AD0) ## $t1 = 80B98AD0
/* 026AC 80B98C7C 10000005 */  beq     $zero, $zero, .L80B98C94   
/* 026B0 80B98C80 AE0902F8 */  sw      $t1, 0x02F8($s0)           ## 000002F8
.L80B98C84:
/* 026B4 80B98C84 02002025 */  or      $a0, $s0, $zero            ## $a0 = 00000000
/* 026B8 80B98C88 00E02825 */  or      $a1, $a3, $zero            ## $a1 = 00000000
/* 026BC 80B98C8C 0C02E185 */  jal     func_800B8614              
/* 026C0 80B98C90 3C0642F0 */  lui     $a2, 0x42F0                ## $a2 = 42F00000
.L80B98C94:
/* 026C4 80B98C94 8FBF001C */  lw      $ra, 0x001C($sp)           
/* 026C8 80B98C98 8FB00018 */  lw      $s0, 0x0018($sp)           
/* 026CC 80B98C9C 27BD0020 */  addiu   $sp, $sp, 0x0020           ## $sp = 00000000
/* 026D0 80B98CA0 03E00008 */  jr      $ra                        
/* 026D4 80B98CA4 00000000 */  nop


glabel func_80B98CA8
/* 026D8 80B98CA8 27BDFFE0 */  addiu   $sp, $sp, 0xFFE0           ## $sp = FFFFFFE0
/* 026DC 80B98CAC AFB10018 */  sw      $s1, 0x0018($sp)           
/* 026E0 80B98CB0 AFB00014 */  sw      $s0, 0x0014($sp)           
/* 026E4 80B98CB4 00808025 */  or      $s0, $a0, $zero            ## $s0 = 00000000
/* 026E8 80B98CB8 00A08825 */  or      $s1, $a1, $zero            ## $s1 = 00000000
/* 026EC 80B98CBC AFBF001C */  sw      $ra, 0x001C($sp)           
/* 026F0 80B98CC0 02002025 */  or      $a0, $s0, $zero            ## $a0 = 00000000
/* 026F4 80B98CC4 0C02E1C6 */  jal     func_800B8718              
/* 026F8 80B98CC8 02202825 */  or      $a1, $s1, $zero            ## $a1 = 00000000
/* 026FC 80B98CCC 10400014 */  beq     $v0, $zero, .L80B98D20     
/* 02700 80B98CD0 02002025 */  or      $a0, $s0, $zero            ## $a0 = 00000000
/* 02704 80B98CD4 3C010001 */  lui     $at, 0x0001                ## $at = 00010000
/* 02708 80B98CD8 00310821 */  addu    $at, $at, $s1              
/* 0270C 80B98CDC 240E0004 */  addiu   $t6, $zero, 0x0004         ## $t6 = 00000004
/* 02710 80B98CE0 A42E6932 */  sh      $t6, 0x6932($at)           ## 00016932
/* 02714 80B98CE4 0C066D51 */  jal     func_8019B544              
/* 02718 80B98CE8 3404FFFF */  ori     $a0, $zero, 0xFFFF         ## $a0 = 0000FFFF
/* 0271C 80B98CEC 8E180004 */  lw      $t8, 0x0004($s0)           ## 00000004
/* 02720 80B98CF0 3C0F80BA */  lui     $t7, %hi(func_80B98BF4)    ## $t7 = 80BA0000
/* 02724 80B98CF4 3C010001 */  lui     $at, 0x0001                ## $at = 00010000
/* 02728 80B98CF8 25EF8BF4 */  addiu   $t7, $t7, %lo(func_80B98BF4) ## $t7 = 80B98BF4
/* 0272C 80B98CFC 0301C825 */  or      $t9, $t8, $at              ## $t9 = 00010000
/* 02730 80B98D00 AE0F02F8 */  sw      $t7, 0x02F8($s0)           ## 000002F8
/* 02734 80B98D04 AE190004 */  sw      $t9, 0x0004($s0)           ## 00000004
/* 02738 80B98D08 02002025 */  or      $a0, $s0, $zero            ## $a0 = 00000000
/* 0273C 80B98D0C 02202825 */  or      $a1, $s1, $zero            ## $a1 = 00000000
/* 02740 80B98D10 0C02E185 */  jal     func_800B8614              
/* 02744 80B98D14 3C0642F0 */  lui     $a2, 0x42F0                ## $a2 = 42F00000
/* 02748 80B98D18 1000002D */  beq     $zero, $zero, .L80B98DD0   
/* 0274C 80B98D1C C6000098 */  lwc1    $f0, 0x0098($s0)           ## 00000098
.L80B98D20:
/* 02750 80B98D20 0C02E134 */  jal     func_800B84D0              
/* 02754 80B98D24 02202825 */  or      $a1, $s1, $zero            ## $a1 = 00000000
/* 02758 80B98D28 10400009 */  beq     $v0, $zero, .L80B98D50     
/* 0275C 80B98D2C 3C0142C8 */  lui     $at, 0x42C8                ## $at = 42C80000
/* 02760 80B98D30 3C0880BA */  lui     $t0, %hi(func_80B98AD0)    ## $t0 = 80BA0000
/* 02764 80B98D34 25088AD0 */  addiu   $t0, $t0, %lo(func_80B98AD0) ## $t0 = 80B98AD0
/* 02768 80B98D38 AE0802F8 */  sw      $t0, 0x02F8($s0)           ## 000002F8
/* 0276C 80B98D3C 02002025 */  or      $a0, $s0, $zero            ## $a0 = 00000000
/* 02770 80B98D40 0C2E6293 */  jal     func_80B98A4C              
/* 02774 80B98D44 02202825 */  or      $a1, $s1, $zero            ## $a1 = 00000000
/* 02778 80B98D48 10000021 */  beq     $zero, $zero, .L80B98DD0   
/* 0277C 80B98D4C C6000098 */  lwc1    $f0, 0x0098($s0)           ## 00000098
.L80B98D50:
/* 02780 80B98D50 44811000 */  mtc1    $at, $f2                   ## $f2 = 0.00
/* 02784 80B98D54 C6040098 */  lwc1    $f4, 0x0098($s0)           ## 00000098
/* 02788 80B98D58 02002025 */  or      $a0, $s0, $zero            ## $a0 = 00000000
/* 0278C 80B98D5C 24053000 */  addiu   $a1, $zero, 0x3000         ## $a1 = 00003000
/* 02790 80B98D60 4602203C */  c.lt.s  $f4, $f2                   
/* 02794 80B98D64 00000000 */  nop
/* 02798 80B98D68 45000008 */  bc1f    .L80B98D8C                 
/* 0279C 80B98D6C 00000000 */  nop
/* 027A0 80B98D70 0C02DCC8 */  jal     func_800B7320              
/* 027A4 80B98D74 02203025 */  or      $a2, $s1, $zero            ## $a2 = 00000000
/* 027A8 80B98D78 10400004 */  beq     $v0, $zero, .L80B98D8C     
/* 027AC 80B98D7C 02002025 */  or      $a0, $s0, $zero            ## $a0 = 00000000
/* 027B0 80B98D80 02202825 */  or      $a1, $s1, $zero            ## $a1 = 00000000
/* 027B4 80B98D84 0C02E185 */  jal     func_800B8614              
/* 027B8 80B98D88 3C0642F0 */  lui     $a2, 0x42F0                ## $a2 = 42F00000
.L80B98D8C:
/* 027BC 80B98D8C 3C09801F */  lui     $t1, 0x801F                ## $t1 = 801F0000
/* 027C0 80B98D90 9129F690 */  lbu     $t1, -0x0970($t1)          ## 801EF690
/* 027C4 80B98D94 3C0142C8 */  lui     $at, 0x42C8                ## $at = 42C80000
/* 027C8 80B98D98 44811000 */  mtc1    $at, $f2                   ## $f2 = 100.00
/* 027CC 80B98D9C 24010002 */  addiu   $at, $zero, 0x0002         ## $at = 00000002
/* 027D0 80B98DA0 11210006 */  beq     $t1, $at, .L80B98DBC       
/* 027D4 80B98DA4 02002025 */  or      $a0, $s0, $zero            ## $a0 = 00000000
/* 027D8 80B98DA8 C6000098 */  lwc1    $f0, 0x0098($s0)           ## 00000098
/* 027DC 80B98DAC 4602003C */  c.lt.s  $f0, $f2                   
/* 027E0 80B98DB0 00000000 */  nop
/* 027E4 80B98DB4 45020007 */  bc1fl   .L80B98DD4                 
/* 027E8 80B98DB8 3C0142C8 */  lui     $at, 0x42C8                ## $at = 42C80000
.L80B98DBC:
/* 027EC 80B98DBC 44071000 */  mfc1    $a3, $f2                   
/* 027F0 80B98DC0 02202825 */  or      $a1, $s1, $zero            ## $a1 = 00000000
/* 027F4 80B98DC4 0C02E1D3 */  jal     func_800B874C              
/* 027F8 80B98DC8 3C0642F0 */  lui     $a2, 0x42F0                ## $a2 = 42F00000
/* 027FC 80B98DCC C6000098 */  lwc1    $f0, 0x0098($s0)           ## 00000098
.L80B98DD0:
/* 02800 80B98DD0 3C0142C8 */  lui     $at, 0x42C8                ## $at = 42C80000
.L80B98DD4:
/* 02804 80B98DD4 44813000 */  mtc1    $at, $f6                   ## $f6 = 100.00
/* 02808 80B98DD8 3C02801F */  lui     $v0, 0x801F                ## $v0 = 801F0000
/* 0280C 80B98DDC 2442F670 */  addiu   $v0, $v0, 0xF670           ## $v0 = 801EF670
/* 02810 80B98DE0 4600303C */  c.lt.s  $f6, $f0                   
/* 02814 80B98DE4 00000000 */  nop
/* 02818 80B98DE8 45020005 */  bc1fl   .L80B98E00                 
/* 0281C 80B98DEC 8FBF001C */  lw      $ra, 0x001C($sp)           
/* 02820 80B98DF0 904A0F21 */  lbu     $t2, 0x0F21($v0)           ## 801F0591
/* 02824 80B98DF4 314B00DF */  andi    $t3, $t2, 0x00DF           ## $t3 = 00000000
/* 02828 80B98DF8 A04B0F21 */  sb      $t3, 0x0F21($v0)           ## 801F0591
/* 0282C 80B98DFC 8FBF001C */  lw      $ra, 0x001C($sp)           
.L80B98E00:
/* 02830 80B98E00 8FB00014 */  lw      $s0, 0x0014($sp)           
/* 02834 80B98E04 8FB10018 */  lw      $s1, 0x0018($sp)           
/* 02838 80B98E08 03E00008 */  jr      $ra                        
/* 0283C 80B98E0C 27BD0020 */  addiu   $sp, $sp, 0x0020           ## $sp = 00000000


glabel func_80B98E10
/* 02840 80B98E10 27BDFFE8 */  addiu   $sp, $sp, 0xFFE8           ## $sp = FFFFFFE8
/* 02844 80B98E14 3C03801F */  lui     $v1, 0x801F                ## $v1 = 801F0000
/* 02848 80B98E18 2463F670 */  addiu   $v1, $v1, 0xF670           ## $v1 = 801EF670
/* 0284C 80B98E1C AFBF0014 */  sw      $ra, 0x0014($sp)           
/* 02850 80B98E20 AFA5001C */  sw      $a1, 0x001C($sp)           
/* 02854 80B98E24 00803025 */  or      $a2, $a0, $zero            ## $a2 = 00000000
/* 02858 80B98E28 906E0020 */  lbu     $t6, 0x0020($v1)           ## 801EF690
/* 0285C 80B98E2C 24010002 */  addiu   $at, $zero, 0x0002         ## $at = 00000002
/* 02860 80B98E30 8FA4001C */  lw      $a0, 0x001C($sp)           
/* 02864 80B98E34 55C1001D */  bnel    $t6, $at, .L80B98EAC       
/* 02868 80B98E38 84C50018 */  lh      $a1, 0x0018($a2)           ## 00000018
/* 0286C 80B98E3C 84C50018 */  lh      $a1, 0x0018($a2)           ## 00000018
/* 02870 80B98E40 AFA60018 */  sw      $a2, 0x0018($sp)           
/* 02874 80B98E44 8FA4001C */  lw      $a0, 0x001C($sp)           
/* 02878 80B98E48 0C02D6EC */  jal     func_800B5BB0              
/* 0287C 80B98E4C 30A5007F */  andi    $a1, $a1, 0x007F           ## $a1 = 00000000
/* 02880 80B98E50 3C03801F */  lui     $v1, 0x801F                ## $v1 = 801F0000
/* 02884 80B98E54 2463F670 */  addiu   $v1, $v1, 0xF670           ## $v1 = 801EF670
/* 02888 80B98E58 1040000A */  beq     $v0, $zero, .L80B98E84     
/* 0288C 80B98E5C 8FA60018 */  lw      $a2, 0x0018($sp)           
/* 02890 80B98E60 90620F20 */  lbu     $v0, 0x0F20($v1)           ## 801F0590
/* 02894 80B98E64 240512C3 */  addiu   $a1, $zero, 0x12C3         ## $a1 = 000012C3
/* 02898 80B98E68 304F0004 */  andi    $t7, $v0, 0x0004           ## $t7 = 00000000
/* 0289C 80B98E6C 11E00003 */  beq     $t7, $zero, .L80B98E7C     
/* 028A0 80B98E70 34580004 */  ori     $t8, $v0, 0x0004           ## $t8 = 00000004
/* 028A4 80B98E74 10000028 */  beq     $zero, $zero, .L80B98F18   
/* 028A8 80B98E78 240512C5 */  addiu   $a1, $zero, 0x12C5         ## $a1 = 000012C5
.L80B98E7C:
/* 028AC 80B98E7C 10000026 */  beq     $zero, $zero, .L80B98F18   
/* 028B0 80B98E80 A0780F20 */  sb      $t8, 0x0F20($v1)           ## 801F0590
.L80B98E84:
/* 028B4 80B98E84 90620F20 */  lbu     $v0, 0x0F20($v1)           ## 801F0590
/* 028B8 80B98E88 240512C0 */  addiu   $a1, $zero, 0x12C0         ## $a1 = 000012C0
/* 028BC 80B98E8C 30590002 */  andi    $t9, $v0, 0x0002           ## $t9 = 00000000
/* 028C0 80B98E90 13200003 */  beq     $t9, $zero, .L80B98EA0     
/* 028C4 80B98E94 34480002 */  ori     $t0, $v0, 0x0002           ## $t0 = 00000002
/* 028C8 80B98E98 1000001F */  beq     $zero, $zero, .L80B98F18   
/* 028CC 80B98E9C 240512C2 */  addiu   $a1, $zero, 0x12C2         ## $a1 = 000012C2
.L80B98EA0:
/* 028D0 80B98EA0 1000001D */  beq     $zero, $zero, .L80B98F18   
/* 028D4 80B98EA4 A0680F20 */  sb      $t0, 0x0F20($v1)           ## 801F0590
/* 028D8 80B98EA8 84C50018 */  lh      $a1, 0x0018($a2)           ## 00000018
.L80B98EAC:
/* 028DC 80B98EAC AFA60018 */  sw      $a2, 0x0018($sp)           
/* 028E0 80B98EB0 0C02D6EC */  jal     func_800B5BB0              
/* 028E4 80B98EB4 30A5007F */  andi    $a1, $a1, 0x007F           ## $a1 = 00000042
/* 028E8 80B98EB8 3C03801F */  lui     $v1, 0x801F                ## $v1 = 801F0000
/* 028EC 80B98EBC 2463F670 */  addiu   $v1, $v1, 0xF670           ## $v1 = 801EF670
/* 028F0 80B98EC0 1040000A */  beq     $v0, $zero, .L80B98EEC     
/* 028F4 80B98EC4 8FA60018 */  lw      $a2, 0x0018($sp)           
/* 028F8 80B98EC8 94C202F2 */  lhu     $v0, 0x02F2($a2)           ## 000002F2
/* 028FC 80B98ECC 240512BE */  addiu   $a1, $zero, 0x12BE         ## $a1 = 000012BE
/* 02900 80B98ED0 30490010 */  andi    $t1, $v0, 0x0010           ## $t1 = 00000000
/* 02904 80B98ED4 11200003 */  beq     $t1, $zero, .L80B98EE4     
/* 02908 80B98ED8 344A0010 */  ori     $t2, $v0, 0x0010           ## $t2 = 00000010
/* 0290C 80B98EDC 1000000E */  beq     $zero, $zero, .L80B98F18   
/* 02910 80B98EE0 240512BF */  addiu   $a1, $zero, 0x12BF         ## $a1 = 000012BF
.L80B98EE4:
/* 02914 80B98EE4 1000000C */  beq     $zero, $zero, .L80B98F18   
/* 02918 80B98EE8 A4CA02F2 */  sh      $t2, 0x02F2($a2)           ## 000002F2
.L80B98EEC:
/* 0291C 80B98EEC 90620F20 */  lbu     $v0, 0x0F20($v1)           ## 801F0590
/* 02920 80B98EF0 304B0001 */  andi    $t3, $v0, 0x0001           ## $t3 = 00000000
/* 02924 80B98EF4 11600003 */  beq     $t3, $zero, .L80B98F04     
/* 02928 80B98EF8 344C0001 */  ori     $t4, $v0, 0x0001           ## $t4 = 00000001
/* 0292C 80B98EFC 10000006 */  beq     $zero, $zero, .L80B98F18   
/* 02930 80B98F00 240512BC */  addiu   $a1, $zero, 0x12BC         ## $a1 = 000012BC
.L80B98F04:
/* 02934 80B98F04 A06C0F20 */  sb      $t4, 0x0F20($v1)           ## 801F0590
/* 02938 80B98F08 94CD02F2 */  lhu     $t5, 0x02F2($a2)           ## 000002F2
/* 0293C 80B98F0C 240512BB */  addiu   $a1, $zero, 0x12BB         ## $a1 = 000012BB
/* 02940 80B98F10 35AE0004 */  ori     $t6, $t5, 0x0004           ## $t6 = 00000004
/* 02944 80B98F14 A4CE02F2 */  sh      $t6, 0x02F2($a2)           ## 000002F2
.L80B98F18:
/* 02948 80B98F18 0C05462C */  jal     func_801518B0              
/* 0294C 80B98F1C 8FA4001C */  lw      $a0, 0x001C($sp)           
/* 02950 80B98F20 8FBF0014 */  lw      $ra, 0x0014($sp)           
/* 02954 80B98F24 27BD0018 */  addiu   $sp, $sp, 0x0018           ## $sp = 00000000
/* 02958 80B98F28 03E00008 */  jr      $ra                        
/* 0295C 80B98F2C 00000000 */  nop


glabel func_80B98F30
/* 02960 80B98F30 27BDFFE0 */  addiu   $sp, $sp, 0xFFE0           ## $sp = FFFFFFE0
/* 02964 80B98F34 AFBF001C */  sw      $ra, 0x001C($sp)           
/* 02968 80B98F38 AFA50024 */  sw      $a1, 0x0024($sp)           
/* 0296C 80B98F3C 8FA50024 */  lw      $a1, 0x0024($sp)           
/* 02970 80B98F40 0C02E27E */  jal     func_800B89F8              
/* 02974 80B98F44 AFA40020 */  sw      $a0, 0x0020($sp)           
/* 02978 80B98F48 10400006 */  beq     $v0, $zero, .L80B98F64     
/* 0297C 80B98F4C 8FA40020 */  lw      $a0, 0x0020($sp)           
/* 02980 80B98F50 3C0E80BA */  lui     $t6, %hi(func_80B990A4)    ## $t6 = 80BA0000
/* 02984 80B98F54 25CE90A4 */  addiu   $t6, $t6, %lo(func_80B990A4) ## $t6 = 80B990A4
/* 02988 80B98F58 AC800120 */  sw      $zero, 0x0120($a0)         ## 00000120
/* 0298C 80B98F5C 10000009 */  beq     $zero, $zero, .L80B98F84   
/* 02990 80B98F60 AC8E02F8 */  sw      $t6, 0x02F8($a0)           ## 000002F8
.L80B98F64:
/* 02994 80B98F64 3C014248 */  lui     $at, 0x4248                ## $at = 42480000
/* 02998 80B98F68 44812000 */  mtc1    $at, $f4                   ## $f4 = 50.00
/* 0299C 80B98F6C 3C07461C */  lui     $a3, 0x461C                ## $a3 = 461C0000
/* 029A0 80B98F70 34E74000 */  ori     $a3, $a3, 0x4000           ## $a3 = 461C4000
/* 029A4 80B98F74 8FA50024 */  lw      $a1, 0x0024($sp)           
/* 029A8 80B98F78 24060002 */  addiu   $a2, $zero, 0x0002         ## $a2 = 00000002
/* 029AC 80B98F7C 0C02E287 */  jal     func_800B8A1C              
/* 029B0 80B98F80 E7A40010 */  swc1    $f4, 0x0010($sp)           
.L80B98F84:
/* 029B4 80B98F84 8FBF001C */  lw      $ra, 0x001C($sp)           
/* 029B8 80B98F88 27BD0020 */  addiu   $sp, $sp, 0x0020           ## $sp = 00000000
/* 029BC 80B98F8C 03E00008 */  jr      $ra                        
/* 029C0 80B98F90 00000000 */  nop


glabel func_80B98F94
/* 029C4 80B98F94 27BDFFD8 */  addiu   $sp, $sp, 0xFFD8           ## $sp = FFFFFFD8
/* 029C8 80B98F98 AFB10020 */  sw      $s1, 0x0020($sp)           
/* 029CC 80B98F9C AFB0001C */  sw      $s0, 0x001C($sp)           
/* 029D0 80B98FA0 00808025 */  or      $s0, $a0, $zero            ## $s0 = 00000000
/* 029D4 80B98FA4 00A08825 */  or      $s1, $a1, $zero            ## $s1 = 00000000
/* 029D8 80B98FA8 AFBF0024 */  sw      $ra, 0x0024($sp)           
/* 029DC 80B98FAC 960E02F2 */  lhu     $t6, 0x02F2($s0)           ## 000002F2
/* 029E0 80B98FB0 260400BE */  addiu   $a0, $s0, 0x00BE           ## $a0 = 000000BE
/* 029E4 80B98FB4 24060002 */  addiu   $a2, $zero, 0x0002         ## $a2 = 00000002
/* 029E8 80B98FB8 31CF0004 */  andi    $t7, $t6, 0x0004           ## $t7 = 00000000
/* 029EC 80B98FBC 15E00007 */  bne     $t7, $zero, .L80B98FDC     
/* 029F0 80B98FC0 24070800 */  addiu   $a3, $zero, 0x0800         ## $a3 = 00000800
/* 029F4 80B98FC4 86050092 */  lh      $a1, 0x0092($s0)           ## 00000092
/* 029F8 80B98FC8 24180100 */  addiu   $t8, $zero, 0x0100         ## $t8 = 00000100
/* 029FC 80B98FCC 0C03FFAF */  jal     func_800FFEBC              
/* 02A00 80B98FD0 AFB80010 */  sw      $t8, 0x0010($sp)           
/* 02A04 80B98FD4 861900BE */  lh      $t9, 0x00BE($s0)           ## 000000BE
/* 02A08 80B98FD8 A6190032 */  sh      $t9, 0x0032($s0)           ## 00000032
.L80B98FDC:
/* 02A0C 80B98FDC 0C054926 */  jal     func_80152498              
/* 02A10 80B98FE0 26244908 */  addiu   $a0, $s1, 0x4908           ## $a0 = 00004908
/* 02A14 80B98FE4 24010005 */  addiu   $at, $zero, 0x0005         ## $at = 00000005
/* 02A18 80B98FE8 5441002A */  bnel    $v0, $at, .L80B99094       
/* 02A1C 80B98FEC 8FBF0024 */  lw      $ra, 0x0024($sp)           
/* 02A20 80B98FF0 0C051D89 */  jal     func_80147624              
/* 02A24 80B98FF4 02202025 */  or      $a0, $s1, $zero            ## $a0 = 00000000
/* 02A28 80B98FF8 10400025 */  beq     $v0, $zero, .L80B99090     
/* 02A2C 80B98FFC 3C010001 */  lui     $at, 0x0001                ## $at = 00010000
/* 02A30 80B99000 02211821 */  addu    $v1, $s1, $at              
/* 02A34 80B99004 9462680C */  lhu     $v0, 0x680C($v1)           ## 0000680C
/* 02A38 80B99008 2448ED45 */  addiu   $t0, $v0, 0xED45           ## $t0 = FFFFED45
/* 02A3C 80B9900C 2D010009 */  sltiu   $at, $t0, 0x0009           
/* 02A40 80B99010 1020001A */  beq     $at, $zero, .L80B9907C     
/* 02A44 80B99014 00084080 */  sll     $t0, $t0,  2               
/* 02A48 80B99018 3C0180BA */  lui     $at, %hi(D_80B99B28)       ## $at = 80BA0000
/* 02A4C 80B9901C 00280821 */  addu    $at, $at, $t0              
/* 02A50 80B99020 8C289B28 */  lw      $t0, %lo(D_80B99B28)($at)  
/* 02A54 80B99024 01000008 */  jr      $t0                        
/* 02A58 80B99028 00000000 */  nop
.L80B9902C:
/* 02A5C 80B9902C 960902F2 */  lhu     $t1, 0x02F2($s0)           ## 000002F2
/* 02A60 80B99030 312AFFFB */  andi    $t2, $t1, 0xFFFB           ## $t2 = 00000000
/* 02A64 80B99034 A60A02F2 */  sh      $t2, 0x02F2($s0)           ## 000002F2
/* 02A68 80B99038 9462680C */  lhu     $v0, 0x680C($v1)           ## 0000680C
.L80B9903C:
/* 02A6C 80B9903C 24450001 */  addiu   $a1, $v0, 0x0001           ## $a1 = 00000001
/* 02A70 80B99040 30A5FFFF */  andi    $a1, $a1, 0xFFFF           ## $a1 = 00000001
/* 02A74 80B99044 0C05464E */  jal     func_80151938              
/* 02A78 80B99048 02202025 */  or      $a0, $s1, $zero            ## $a0 = 00000000
/* 02A7C 80B9904C 10000011 */  beq     $zero, $zero, .L80B99094   
/* 02A80 80B99050 8FBF0024 */  lw      $ra, 0x0024($sp)           
.L80B99054:
/* 02A84 80B99054 0C051DED */  jal     func_801477B4              
/* 02A88 80B99058 02202025 */  or      $a0, $s1, $zero            ## $a0 = 00000000
/* 02A8C 80B9905C 3C0B80BA */  lui     $t3, %hi(func_80B98F30)    ## $t3 = 80BA0000
/* 02A90 80B99060 256B8F30 */  addiu   $t3, $t3, %lo(func_80B98F30) ## $t3 = 80B98F30
/* 02A94 80B99064 AE0B02F8 */  sw      $t3, 0x02F8($s0)           ## 000002F8
/* 02A98 80B99068 02002025 */  or      $a0, $s0, $zero            ## $a0 = 00000000
/* 02A9C 80B9906C 0C2E63CC */  jal     func_80B98F30              
/* 02AA0 80B99070 02202825 */  or      $a1, $s1, $zero            ## $a1 = 00000000
/* 02AA4 80B99074 10000007 */  beq     $zero, $zero, .L80B99094   
/* 02AA8 80B99078 8FBF0024 */  lw      $ra, 0x0024($sp)           
.L80B9907C:
/* 02AAC 80B9907C 0C051DED */  jal     func_801477B4              
/* 02AB0 80B99080 02202025 */  or      $a0, $s1, $zero            ## $a0 = 00000000
/* 02AB4 80B99084 3C0C80BA */  lui     $t4, %hi(func_80B990A4)    ## $t4 = 80BA0000
/* 02AB8 80B99088 258C90A4 */  addiu   $t4, $t4, %lo(func_80B990A4) ## $t4 = 80B990A4
/* 02ABC 80B9908C AE0C02F8 */  sw      $t4, 0x02F8($s0)           ## 000002F8
.L80B99090:
/* 02AC0 80B99090 8FBF0024 */  lw      $ra, 0x0024($sp)           
.L80B99094:
/* 02AC4 80B99094 8FB0001C */  lw      $s0, 0x001C($sp)           
/* 02AC8 80B99098 8FB10020 */  lw      $s1, 0x0020($sp)           
/* 02ACC 80B9909C 03E00008 */  jr      $ra                        
/* 02AD0 80B990A0 27BD0028 */  addiu   $sp, $sp, 0x0028           ## $sp = 00000000


glabel func_80B990A4
/* 02AD4 80B990A4 27BDFFD8 */  addiu   $sp, $sp, 0xFFD8           ## $sp = FFFFFFD8
/* 02AD8 80B990A8 AFB00020 */  sw      $s0, 0x0020($sp)           
/* 02ADC 80B990AC 00808025 */  or      $s0, $a0, $zero            ## $s0 = 00000000
/* 02AE0 80B990B0 AFBF0024 */  sw      $ra, 0x0024($sp)           
/* 02AE4 80B990B4 AFA5002C */  sw      $a1, 0x002C($sp)           
/* 02AE8 80B990B8 86050016 */  lh      $a1, 0x0016($s0)           ## 00000016
/* 02AEC 80B990BC 240E0100 */  addiu   $t6, $zero, 0x0100         ## $t6 = 00000100
/* 02AF0 80B990C0 AFAE0010 */  sw      $t6, 0x0010($sp)           
/* 02AF4 80B990C4 260400BE */  addiu   $a0, $s0, 0x00BE           ## $a0 = 000000BE
/* 02AF8 80B990C8 24060002 */  addiu   $a2, $zero, 0x0002         ## $a2 = 00000002
/* 02AFC 80B990CC 0C03FFAF */  jal     func_800FFEBC              
/* 02B00 80B990D0 24070400 */  addiu   $a3, $zero, 0x0400         ## $a3 = 00000400
/* 02B04 80B990D4 860F00BE */  lh      $t7, 0x00BE($s0)           ## 000000BE
/* 02B08 80B990D8 02002025 */  or      $a0, $s0, $zero            ## $a0 = 00000000
/* 02B0C 80B990DC A60F0032 */  sh      $t7, 0x0032($s0)           ## 00000032
/* 02B10 80B990E0 0C02E134 */  jal     func_800B84D0              
/* 02B14 80B990E4 8FA5002C */  lw      $a1, 0x002C($sp)           
/* 02B18 80B990E8 10400009 */  beq     $v0, $zero, .L80B99110     
/* 02B1C 80B990EC 02002025 */  or      $a0, $s0, $zero            ## $a0 = 00000000
/* 02B20 80B990F0 3C1880BA */  lui     $t8, %hi(func_80B98F94)    ## $t8 = 80BA0000
/* 02B24 80B990F4 27188F94 */  addiu   $t8, $t8, %lo(func_80B98F94) ## $t8 = 80B98F94
/* 02B28 80B990F8 AE1802F8 */  sw      $t8, 0x02F8($s0)           ## 000002F8
/* 02B2C 80B990FC 8FA5002C */  lw      $a1, 0x002C($sp)           
/* 02B30 80B99100 0C2E6384 */  jal     func_80B98E10              
/* 02B34 80B99104 02002025 */  or      $a0, $s0, $zero            ## $a0 = 00000000
/* 02B38 80B99108 10000011 */  beq     $zero, $zero, .L80B99150   
/* 02B3C 80B9910C 8FBF0024 */  lw      $ra, 0x0024($sp)           
.L80B99110:
/* 02B40 80B99110 24053000 */  addiu   $a1, $zero, 0x3000         ## $a1 = 00003000
/* 02B44 80B99114 0C02DCC8 */  jal     func_800B7320              
/* 02B48 80B99118 8FA6002C */  lw      $a2, 0x002C($sp)           
/* 02B4C 80B9911C 1040000B */  beq     $v0, $zero, .L80B9914C     
/* 02B50 80B99120 3C0142C8 */  lui     $at, 0x42C8                ## $at = 42C80000
/* 02B54 80B99124 C6040098 */  lwc1    $f4, 0x0098($s0)           ## 00000098
/* 02B58 80B99128 44813000 */  mtc1    $at, $f6                   ## $f6 = 100.00
/* 02B5C 80B9912C 02002025 */  or      $a0, $s0, $zero            ## $a0 = 00000000
/* 02B60 80B99130 8FA5002C */  lw      $a1, 0x002C($sp)           
/* 02B64 80B99134 4606203C */  c.lt.s  $f4, $f6                   
/* 02B68 80B99138 00000000 */  nop
/* 02B6C 80B9913C 45020004 */  bc1fl   .L80B99150                 
/* 02B70 80B99140 8FBF0024 */  lw      $ra, 0x0024($sp)           
/* 02B74 80B99144 0C02E185 */  jal     func_800B8614              
/* 02B78 80B99148 3C0642F0 */  lui     $a2, 0x42F0                ## $a2 = 42F00000
.L80B9914C:
/* 02B7C 80B9914C 8FBF0024 */  lw      $ra, 0x0024($sp)           
.L80B99150:
/* 02B80 80B99150 8FB00020 */  lw      $s0, 0x0020($sp)           
/* 02B84 80B99154 27BD0028 */  addiu   $sp, $sp, 0x0028           ## $sp = 00000000
/* 02B88 80B99158 03E00008 */  jr      $ra                        
/* 02B8C 80B9915C 00000000 */  nop


glabel func_80B99160
/* 02B90 80B99160 27BDFFE8 */  addiu   $sp, $sp, 0xFFE8           ## $sp = FFFFFFE8
/* 02B94 80B99164 3C03801F */  lui     $v1, 0x801F                ## $v1 = 801F0000
/* 02B98 80B99168 2463F670 */  addiu   $v1, $v1, 0xF670           ## $v1 = 801EF670
/* 02B9C 80B9916C AFBF0014 */  sw      $ra, 0x0014($sp)           
/* 02BA0 80B99170 00803025 */  or      $a2, $a0, $zero            ## $a2 = 00000000
/* 02BA4 80B99174 00A03825 */  or      $a3, $a1, $zero            ## $a3 = 00000000
/* 02BA8 80B99178 906E0020 */  lbu     $t6, 0x0020($v1)           ## 801EF690
/* 02BAC 80B9917C 24010002 */  addiu   $at, $zero, 0x0002         ## $at = 00000002
/* 02BB0 80B99180 55C1000B */  bnel    $t6, $at, .L80B991B0       
/* 02BB4 80B99184 90620F20 */  lbu     $v0, 0x0F20($v1)           ## 801F0590
/* 02BB8 80B99188 90620F20 */  lbu     $v0, 0x0F20($v1)           ## 801F0590
/* 02BBC 80B9918C 240512CA */  addiu   $a1, $zero, 0x12CA         ## $a1 = 000012CA
/* 02BC0 80B99190 304F0010 */  andi    $t7, $v0, 0x0010           ## $t7 = 00000000
/* 02BC4 80B99194 11E00003 */  beq     $t7, $zero, .L80B991A4     
/* 02BC8 80B99198 34580010 */  ori     $t8, $v0, 0x0010           ## $t8 = 00000010
/* 02BCC 80B9919C 1000000B */  beq     $zero, $zero, .L80B991CC   
/* 02BD0 80B991A0 240512CD */  addiu   $a1, $zero, 0x12CD         ## $a1 = 000012CD
.L80B991A4:
/* 02BD4 80B991A4 10000009 */  beq     $zero, $zero, .L80B991CC   
/* 02BD8 80B991A8 A0780F20 */  sb      $t8, 0x0F20($v1)           ## 801F0590
/* 02BDC 80B991AC 90620F20 */  lbu     $v0, 0x0F20($v1)           ## 801F0590
.L80B991B0:
/* 02BE0 80B991B0 240512C6 */  addiu   $a1, $zero, 0x12C6         ## $a1 = 000012C6
/* 02BE4 80B991B4 30590008 */  andi    $t9, $v0, 0x0008           ## $t9 = 00000000
/* 02BE8 80B991B8 13200003 */  beq     $t9, $zero, .L80B991C8     
/* 02BEC 80B991BC 34480008 */  ori     $t0, $v0, 0x0008           ## $t0 = 00000008
/* 02BF0 80B991C0 10000002 */  beq     $zero, $zero, .L80B991CC   
/* 02BF4 80B991C4 240512C9 */  addiu   $a1, $zero, 0x12C9         ## $a1 = 000012C9
.L80B991C8:
/* 02BF8 80B991C8 A0680F20 */  sb      $t0, 0x0F20($v1)           ## 801F0590
.L80B991CC:
/* 02BFC 80B991CC 0C05462C */  jal     func_801518B0              
/* 02C00 80B991D0 00E02025 */  or      $a0, $a3, $zero            ## $a0 = 00000000
/* 02C04 80B991D4 8FBF0014 */  lw      $ra, 0x0014($sp)           
/* 02C08 80B991D8 27BD0018 */  addiu   $sp, $sp, 0x0018           ## $sp = 00000000
/* 02C0C 80B991DC 03E00008 */  jr      $ra                        
/* 02C10 80B991E0 00000000 */  nop


glabel func_80B991E4
/* 02C14 80B991E4 27BDFFD8 */  addiu   $sp, $sp, 0xFFD8           ## $sp = FFFFFFD8
/* 02C18 80B991E8 AFB00020 */  sw      $s0, 0x0020($sp)           
/* 02C1C 80B991EC 00808025 */  or      $s0, $a0, $zero            ## $s0 = 00000000
/* 02C20 80B991F0 AFBF0024 */  sw      $ra, 0x0024($sp)           
/* 02C24 80B991F4 AFA5002C */  sw      $a1, 0x002C($sp)           
/* 02C28 80B991F8 86050092 */  lh      $a1, 0x0092($s0)           ## 00000092
/* 02C2C 80B991FC 240E0100 */  addiu   $t6, $zero, 0x0100         ## $t6 = 00000100
/* 02C30 80B99200 AFAE0010 */  sw      $t6, 0x0010($sp)           
/* 02C34 80B99204 260400BE */  addiu   $a0, $s0, 0x00BE           ## $a0 = 000000BE
/* 02C38 80B99208 24060002 */  addiu   $a2, $zero, 0x0002         ## $a2 = 00000002
/* 02C3C 80B9920C 0C03FFAF */  jal     func_800FFEBC              
/* 02C40 80B99210 24070800 */  addiu   $a3, $zero, 0x0800         ## $a3 = 00000800
/* 02C44 80B99214 860F00BE */  lh      $t7, 0x00BE($s0)           ## 000000BE
/* 02C48 80B99218 A60F0032 */  sh      $t7, 0x0032($s0)           ## 00000032
/* 02C4C 80B9921C 8FA4002C */  lw      $a0, 0x002C($sp)           
/* 02C50 80B99220 0C054926 */  jal     func_80152498              
/* 02C54 80B99224 24844908 */  addiu   $a0, $a0, 0x4908           ## $a0 = 00004908
/* 02C58 80B99228 24010005 */  addiu   $at, $zero, 0x0005         ## $at = 00000005
/* 02C5C 80B9922C 1441001F */  bne     $v0, $at, .L80B992AC       
/* 02C60 80B99230 8FA4002C */  lw      $a0, 0x002C($sp)           
/* 02C64 80B99234 0C051D89 */  jal     func_80147624              
/* 02C68 80B99238 00000000 */  nop
/* 02C6C 80B9923C 1040001B */  beq     $v0, $zero, .L80B992AC     
/* 02C70 80B99240 8FA4002C */  lw      $a0, 0x002C($sp)           
/* 02C74 80B99244 3C030001 */  lui     $v1, 0x0001                ## $v1 = 00010000
/* 02C78 80B99248 00641821 */  addu    $v1, $v1, $a0              
/* 02C7C 80B9924C 9463680C */  lhu     $v1, 0x680C($v1)           ## 0001680C
/* 02C80 80B99250 240112C6 */  addiu   $at, $zero, 0x12C6         ## $at = 000012C6
/* 02C84 80B99254 10610007 */  beq     $v1, $at, .L80B99274       
/* 02C88 80B99258 00601025 */  or      $v0, $v1, $zero            ## $v0 = 00010000
/* 02C8C 80B9925C 240112C7 */  addiu   $at, $zero, 0x12C7         ## $at = 000012C7
/* 02C90 80B99260 10410004 */  beq     $v0, $at, .L80B99274       
/* 02C94 80B99264 240112CA */  addiu   $at, $zero, 0x12CA         ## $at = 000012CA
/* 02C98 80B99268 10410002 */  beq     $v0, $at, .L80B99274       
/* 02C9C 80B9926C 240112CB */  addiu   $at, $zero, 0x12CB         ## $at = 000012CB
/* 02CA0 80B99270 14410005 */  bne     $v0, $at, .L80B99288       
.L80B99274:
/* 02CA4 80B99274 24650001 */  addiu   $a1, $v1, 0x0001           ## $a1 = 00010001
/* 02CA8 80B99278 0C05464E */  jal     func_80151938              
/* 02CAC 80B9927C 30A5FFFF */  andi    $a1, $a1, 0xFFFF           ## $a1 = 00000001
/* 02CB0 80B99280 1000000B */  beq     $zero, $zero, .L80B992B0   
/* 02CB4 80B99284 8FBF0024 */  lw      $ra, 0x0024($sp)           
.L80B99288:
/* 02CB8 80B99288 0C051DED */  jal     func_801477B4              
/* 02CBC 80B9928C 00000000 */  nop
/* 02CC0 80B99290 3C1880BA */  lui     $t8, %hi(func_80B992C0)    ## $t8 = 80BA0000
/* 02CC4 80B99294 271892C0 */  addiu   $t8, $t8, %lo(func_80B992C0) ## $t8 = 80B992C0
/* 02CC8 80B99298 AE1802F8 */  sw      $t8, 0x02F8($s0)           ## 000002F8
/* 02CCC 80B9929C 02002025 */  or      $a0, $s0, $zero            ## $a0 = 00000000
/* 02CD0 80B992A0 24050001 */  addiu   $a1, $zero, 0x0001         ## $a1 = 00000001
/* 02CD4 80B992A4 0C2E5AFB */  jal     func_80B96BEC              
/* 02CD8 80B992A8 00003025 */  or      $a2, $zero, $zero          ## $a2 = 00000000
.L80B992AC:
/* 02CDC 80B992AC 8FBF0024 */  lw      $ra, 0x0024($sp)           
.L80B992B0:
/* 02CE0 80B992B0 8FB00020 */  lw      $s0, 0x0020($sp)           
/* 02CE4 80B992B4 27BD0028 */  addiu   $sp, $sp, 0x0028           ## $sp = 00000000
/* 02CE8 80B992B8 03E00008 */  jr      $ra                        
/* 02CEC 80B992BC 00000000 */  nop


glabel func_80B992C0
/* 02CF0 80B992C0 27BDFFE0 */  addiu   $sp, $sp, 0xFFE0           ## $sp = FFFFFFE0
/* 02CF4 80B992C4 AFB00018 */  sw      $s0, 0x0018($sp)           
/* 02CF8 80B992C8 00808025 */  or      $s0, $a0, $zero            ## $s0 = 00000000
/* 02CFC 80B992CC AFBF001C */  sw      $ra, 0x001C($sp)           
/* 02D00 80B992D0 AFA50024 */  sw      $a1, 0x0024($sp)           
/* 02D04 80B992D4 02002025 */  or      $a0, $s0, $zero            ## $a0 = 00000000
/* 02D08 80B992D8 0C02E134 */  jal     func_800B84D0              
/* 02D0C 80B992DC 8FA50024 */  lw      $a1, 0x0024($sp)           
/* 02D10 80B992E0 1040000F */  beq     $v0, $zero, .L80B99320     
/* 02D14 80B992E4 02002025 */  or      $a0, $s0, $zero            ## $a0 = 00000000
/* 02D18 80B992E8 3C0E80BA */  lui     $t6, %hi(func_80B991E4)    ## $t6 = 80BA0000
/* 02D1C 80B992EC 25CE91E4 */  addiu   $t6, $t6, %lo(func_80B991E4) ## $t6 = 80B991E4
/* 02D20 80B992F0 AE0E02F8 */  sw      $t6, 0x02F8($s0)           ## 000002F8
/* 02D24 80B992F4 8FA50024 */  lw      $a1, 0x0024($sp)           
/* 02D28 80B992F8 0C2E6458 */  jal     func_80B99160              
/* 02D2C 80B992FC 02002025 */  or      $a0, $s0, $zero            ## $a0 = 00000000
/* 02D30 80B99300 44802000 */  mtc1    $zero, $f4                 ## $f4 = 0.00
/* 02D34 80B99304 02002025 */  or      $a0, $s0, $zero            ## $a0 = 00000000
/* 02D38 80B99308 00002825 */  or      $a1, $zero, $zero          ## $a1 = 00000000
/* 02D3C 80B9930C 00003025 */  or      $a2, $zero, $zero          ## $a2 = 00000000
/* 02D40 80B99310 0C2E5AFB */  jal     func_80B96BEC              
/* 02D44 80B99314 E6040070 */  swc1    $f4, 0x0070($s0)           ## 00000070
/* 02D48 80B99318 10000016 */  beq     $zero, $zero, .L80B99374   
/* 02D4C 80B9931C 8FBF001C */  lw      $ra, 0x001C($sp)           
.L80B99320:
/* 02D50 80B99320 24053000 */  addiu   $a1, $zero, 0x3000         ## $a1 = 00003000
/* 02D54 80B99324 0C02DCC8 */  jal     func_800B7320              
/* 02D58 80B99328 8FA60024 */  lw      $a2, 0x0024($sp)           
/* 02D5C 80B9932C 1040000B */  beq     $v0, $zero, .L80B9935C     
/* 02D60 80B99330 3C0142C8 */  lui     $at, 0x42C8                ## $at = 42C80000
/* 02D64 80B99334 C6060098 */  lwc1    $f6, 0x0098($s0)           ## 00000098
/* 02D68 80B99338 44814000 */  mtc1    $at, $f8                   ## $f8 = 100.00
/* 02D6C 80B9933C 02002025 */  or      $a0, $s0, $zero            ## $a0 = 00000000
/* 02D70 80B99340 8FA50024 */  lw      $a1, 0x0024($sp)           
/* 02D74 80B99344 4608303C */  c.lt.s  $f6, $f8                   
/* 02D78 80B99348 00000000 */  nop
/* 02D7C 80B9934C 45020004 */  bc1fl   .L80B99360                 
/* 02D80 80B99350 3C013FC0 */  lui     $at, 0x3FC0                ## $at = 3FC00000
/* 02D84 80B99354 0C02E185 */  jal     func_800B8614              
/* 02D88 80B99358 3C0642F0 */  lui     $a2, 0x42F0                ## $a2 = 42F00000
.L80B9935C:
/* 02D8C 80B9935C 3C013FC0 */  lui     $at, 0x3FC0                ## $at = 3FC00000
.L80B99360:
/* 02D90 80B99360 44815000 */  mtc1    $at, $f10                  ## $f10 = 1.50
/* 02D94 80B99364 02002025 */  or      $a0, $s0, $zero            ## $a0 = 00000000
/* 02D98 80B99368 0C2E5BEC */  jal     func_80B96FB0              
/* 02D9C 80B9936C E60A0070 */  swc1    $f10, 0x0070($s0)          ## 00000070
/* 02DA0 80B99370 8FBF001C */  lw      $ra, 0x001C($sp)           
.L80B99374:
/* 02DA4 80B99374 8FB00018 */  lw      $s0, 0x0018($sp)           
/* 02DA8 80B99378 27BD0020 */  addiu   $sp, $sp, 0x0020           ## $sp = 00000000
/* 02DAC 80B9937C 03E00008 */  jr      $ra                        
/* 02DB0 80B99380 00000000 */  nop


glabel func_80B99384
/* 02DB4 80B99384 AFA40000 */  sw      $a0, 0x0000($sp)           
/* 02DB8 80B99388 AFA50004 */  sw      $a1, 0x0004($sp)           
/* 02DBC 80B9938C 03E00008 */  jr      $ra                        
/* 02DC0 80B99390 00000000 */  nop


glabel func_80B99394
/* 02DC4 80B99394 27BDFFC0 */  addiu   $sp, $sp, 0xFFC0           ## $sp = FFFFFFC0
/* 02DC8 80B99398 AFB00028 */  sw      $s0, 0x0028($sp)           
/* 02DCC 80B9939C 00808025 */  or      $s0, $a0, $zero            ## $s0 = 00000000
/* 02DD0 80B993A0 AFBF002C */  sw      $ra, 0x002C($sp)           
/* 02DD4 80B993A4 AFA50044 */  sw      $a1, 0x0044($sp)           
/* 02DD8 80B993A8 0C02DAA2 */  jal     func_800B6A88              
/* 02DDC 80B993AC 02002025 */  or      $a0, $s0, $zero            ## $a0 = 00000000
/* 02DE0 80B993B0 26060188 */  addiu   $a2, $s0, 0x0188           ## $a2 = 00000188
/* 02DE4 80B993B4 00C02825 */  or      $a1, $a2, $zero            ## $a1 = 00000188
/* 02DE8 80B993B8 AFA60030 */  sw      $a2, 0x0030($sp)           
/* 02DEC 80B993BC 0C039F7E */  jal     func_800E7DF8              
/* 02DF0 80B993C0 02002025 */  or      $a0, $s0, $zero            ## $a0 = 00000000
/* 02DF4 80B993C4 8FA40044 */  lw      $a0, 0x0044($sp)           
/* 02DF8 80B993C8 3C010001 */  lui     $at, 0x0001                ## $at = 00010000
/* 02DFC 80B993CC 34218884 */  ori     $at, $at, 0x8884           ## $at = 00018884
/* 02E00 80B993D0 8FA60030 */  lw      $a2, 0x0030($sp)           
/* 02E04 80B993D4 0C038A4A */  jal     func_800E2928              
/* 02E08 80B993D8 00812821 */  addu    $a1, $a0, $at              
/* 02E0C 80B993DC 3C0141F0 */  lui     $at, 0x41F0                ## $at = 41F00000
/* 02E10 80B993E0 44810000 */  mtc1    $at, $f0                   ## $f0 = 30.00
/* 02E14 80B993E4 240E0005 */  addiu   $t6, $zero, 0x0005         ## $t6 = 00000005
/* 02E18 80B993E8 AFAE0014 */  sw      $t6, 0x0014($sp)           
/* 02E1C 80B993EC 44060000 */  mfc1    $a2, $f0                   
/* 02E20 80B993F0 8FA40044 */  lw      $a0, 0x0044($sp)           
/* 02E24 80B993F4 02002825 */  or      $a1, $s0, $zero            ## $a1 = 00000000
/* 02E28 80B993F8 3C074170 */  lui     $a3, 0x4170                ## $a3 = 41700000
/* 02E2C 80B993FC 0C02DE2E */  jal     func_800B78B8              
/* 02E30 80B99400 E7A00010 */  swc1    $f0, 0x0010($sp)           
/* 02E34 80B99404 960F02F2 */  lhu     $t7, 0x02F2($s0)           ## 000002F2
/* 02E38 80B99408 26040144 */  addiu   $a0, $s0, 0x0144           ## $a0 = 00000144
/* 02E3C 80B9940C 31F8FFBF */  andi    $t8, $t7, 0xFFBF           ## $t8 = 00000000
/* 02E40 80B99410 0C04DB34 */  jal     func_80136CD0              
/* 02E44 80B99414 A61802F2 */  sh      $t8, 0x02F2($s0)           ## 000002F2
/* 02E48 80B99418 50400008 */  beql    $v0, $zero, .L80B9943C     
/* 02E4C 80B9941C 8E1902F8 */  lw      $t9, 0x02F8($s0)           ## 000002F8
/* 02E50 80B99420 861902F0 */  lh      $t9, 0x02F0($s0)           ## 000002F0
/* 02E54 80B99424 53200005 */  beql    $t9, $zero, .L80B9943C     
/* 02E58 80B99428 8E1902F8 */  lw      $t9, 0x02F8($s0)           ## 000002F8
/* 02E5C 80B9942C 960802F2 */  lhu     $t0, 0x02F2($s0)           ## 000002F2
/* 02E60 80B99430 35090040 */  ori     $t1, $t0, 0x0040           ## $t1 = 00000040
/* 02E64 80B99434 A60902F2 */  sh      $t1, 0x02F2($s0)           ## 000002F2
/* 02E68 80B99438 8E1902F8 */  lw      $t9, 0x02F8($s0)           ## 000002F8
.L80B9943C:
/* 02E6C 80B9943C 02002025 */  or      $a0, $s0, $zero            ## $a0 = 00000000
/* 02E70 80B99440 8FA50044 */  lw      $a1, 0x0044($sp)           
/* 02E74 80B99444 0320F809 */  jalr    $ra, $t9                   
/* 02E78 80B99448 00000000 */  nop
/* 02E7C 80B9944C 960202F2 */  lhu     $v0, 0x02F2($s0)           ## 000002F2
/* 02E80 80B99450 304A0008 */  andi    $t2, $v0, 0x0008           ## $t2 = 00000000
/* 02E84 80B99454 15400030 */  bne     $t2, $zero, .L80B99518     
/* 02E88 80B99458 304B0004 */  andi    $t3, $v0, 0x0004           ## $t3 = 00000000
/* 02E8C 80B9945C 15600012 */  bne     $t3, $zero, .L80B994A8     
/* 02E90 80B99460 02002025 */  or      $a0, $s0, $zero            ## $a0 = 00000000
/* 02E94 80B99464 0C2E5B7C */  jal     func_80B96DF0              
/* 02E98 80B99468 8FA50044 */  lw      $a1, 0x0044($sp)           
/* 02E9C 80B9946C 5040000F */  beql    $v0, $zero, .L80B994AC     
/* 02EA0 80B99470 240E0064 */  addiu   $t6, $zero, 0x0064         ## $t6 = 00000064
/* 02EA4 80B99474 8E0D003C */  lw      $t5, 0x003C($s0)           ## 0000003C
/* 02EA8 80B99478 8FA40044 */  lw      $a0, 0x0044($sp)           
/* 02EAC 80B9947C 02002825 */  or      $a1, $s0, $zero            ## $a1 = 00000000
/* 02EB0 80B99480 AFAD0010 */  sw      $t5, 0x0010($sp)           
/* 02EB4 80B99484 8E0C0040 */  lw      $t4, 0x0040($s0)           ## 00000040
/* 02EB8 80B99488 260602C4 */  addiu   $a2, $s0, 0x02C4           ## $a2 = 000002C4
/* 02EBC 80B9948C 260702CA */  addiu   $a3, $s0, 0x02CA           ## $a3 = 000002CA
/* 02EC0 80B99490 AFAC0014 */  sw      $t4, 0x0014($sp)           
/* 02EC4 80B99494 8E0D0044 */  lw      $t5, 0x0044($s0)           ## 00000044
/* 02EC8 80B99498 0C03A494 */  jal     func_800E9250              
/* 02ECC 80B9949C AFAD0018 */  sw      $t5, 0x0018($sp)           
/* 02ED0 80B994A0 1000001E */  beq     $zero, $zero, .L80B9951C   
/* 02ED4 80B994A4 860302EE */  lh      $v1, 0x02EE($s0)           ## 000002EE
.L80B994A8:
/* 02ED8 80B994A8 240E0064 */  addiu   $t6, $zero, 0x0064         ## $t6 = 00000064
.L80B994AC:
/* 02EDC 80B994AC AFAE0010 */  sw      $t6, 0x0010($sp)           
/* 02EE0 80B994B0 260402C4 */  addiu   $a0, $s0, 0x02C4           ## $a0 = 000002C4
/* 02EE4 80B994B4 00002825 */  or      $a1, $zero, $zero          ## $a1 = 00000000
/* 02EE8 80B994B8 24060006 */  addiu   $a2, $zero, 0x0006         ## $a2 = 00000006
/* 02EEC 80B994BC 0C03FFAF */  jal     func_800FFEBC              
/* 02EF0 80B994C0 24071838 */  addiu   $a3, $zero, 0x1838         ## $a3 = 00001838
/* 02EF4 80B994C4 240F0064 */  addiu   $t7, $zero, 0x0064         ## $t7 = 00000064
/* 02EF8 80B994C8 AFAF0010 */  sw      $t7, 0x0010($sp)           
/* 02EFC 80B994CC 260402C6 */  addiu   $a0, $s0, 0x02C6           ## $a0 = 000002C6
/* 02F00 80B994D0 00002825 */  or      $a1, $zero, $zero          ## $a1 = 00000000
/* 02F04 80B994D4 24060006 */  addiu   $a2, $zero, 0x0006         ## $a2 = 00000006
/* 02F08 80B994D8 0C03FFAF */  jal     func_800FFEBC              
/* 02F0C 80B994DC 24071838 */  addiu   $a3, $zero, 0x1838         ## $a3 = 00001838
/* 02F10 80B994E0 24180064 */  addiu   $t8, $zero, 0x0064         ## $t8 = 00000064
/* 02F14 80B994E4 AFB80010 */  sw      $t8, 0x0010($sp)           
/* 02F18 80B994E8 260402CA */  addiu   $a0, $s0, 0x02CA           ## $a0 = 000002CA
/* 02F1C 80B994EC 00002825 */  or      $a1, $zero, $zero          ## $a1 = 00000000
/* 02F20 80B994F0 24060006 */  addiu   $a2, $zero, 0x0006         ## $a2 = 00000006
/* 02F24 80B994F4 0C03FFAF */  jal     func_800FFEBC              
/* 02F28 80B994F8 24071838 */  addiu   $a3, $zero, 0x1838         ## $a3 = 00001838
/* 02F2C 80B994FC 24080064 */  addiu   $t0, $zero, 0x0064         ## $t0 = 00000064
/* 02F30 80B99500 AFA80010 */  sw      $t0, 0x0010($sp)           
/* 02F34 80B99504 260402CC */  addiu   $a0, $s0, 0x02CC           ## $a0 = 000002CC
/* 02F38 80B99508 00002825 */  or      $a1, $zero, $zero          ## $a1 = 00000000
/* 02F3C 80B9950C 24060006 */  addiu   $a2, $zero, 0x0006         ## $a2 = 00000006
/* 02F40 80B99510 0C03FFAF */  jal     func_800FFEBC              
/* 02F44 80B99514 24071838 */  addiu   $a3, $zero, 0x1838         ## $a3 = 00001838
.L80B99518:
/* 02F48 80B99518 860302EE */  lh      $v1, 0x02EE($s0)           ## 000002EE
.L80B9951C:
/* 02F4C 80B9951C 2404003C */  addiu   $a0, $zero, 0x003C         ## $a0 = 0000003C
/* 02F50 80B99520 14600003 */  bne     $v1, $zero, .L80B99530     
/* 02F54 80B99524 2469FFFF */  addiu   $t1, $v1, 0xFFFF           ## $t1 = FFFFFFFF
/* 02F58 80B99528 10000004 */  beq     $zero, $zero, .L80B9953C   
/* 02F5C 80B9952C 00001025 */  or      $v0, $zero, $zero          ## $v0 = 00000000
.L80B99530:
/* 02F60 80B99530 A60902EE */  sh      $t1, 0x02EE($s0)           ## 000002EE
/* 02F64 80B99534 860302EE */  lh      $v1, 0x02EE($s0)           ## 000002EE
/* 02F68 80B99538 00601025 */  or      $v0, $v1, $zero            ## $v0 = 00000000
.L80B9953C:
/* 02F6C 80B9953C 54400006 */  bnel    $v0, $zero, .L80B99558     
/* 02F70 80B99540 A60302EC */  sh      $v1, 0x02EC($s0)           ## 000002EC
/* 02F74 80B99544 0C03FD14 */  jal     func_800FF450              
/* 02F78 80B99548 2405003C */  addiu   $a1, $zero, 0x003C         ## $a1 = 0000003C
/* 02F7C 80B9954C A60202EE */  sh      $v0, 0x02EE($s0)           ## 000002EE
/* 02F80 80B99550 860302EE */  lh      $v1, 0x02EE($s0)           ## 000002EE
/* 02F84 80B99554 A60302EC */  sh      $v1, 0x02EC($s0)           ## 000002EC
.L80B99558:
/* 02F88 80B99558 861902EC */  lh      $t9, 0x02EC($s0)           ## 000002EC
/* 02F8C 80B9955C 2B210003 */  slti    $at, $t9, 0x0003           
/* 02F90 80B99560 54200003 */  bnel    $at, $zero, .L80B99570     
/* 02F94 80B99564 8FBF002C */  lw      $ra, 0x002C($sp)           
/* 02F98 80B99568 A60002EC */  sh      $zero, 0x02EC($s0)         ## 000002EC
/* 02F9C 80B9956C 8FBF002C */  lw      $ra, 0x002C($sp)           
.L80B99570:
/* 02FA0 80B99570 8FB00028 */  lw      $s0, 0x0028($sp)           
/* 02FA4 80B99574 27BD0040 */  addiu   $sp, $sp, 0x0040           ## $sp = 00000000
/* 02FA8 80B99578 03E00008 */  jr      $ra                        
/* 02FAC 80B9957C 00000000 */  nop


glabel func_80B99580
/* 02FB0 80B99580 8C8302B4 */  lw      $v1, 0x02B4($a0)           ## 000002B4
/* 02FB4 80B99584 3C0EDF00 */  lui     $t6, 0xDF00                ## $t6 = DF000000
/* 02FB8 80B99588 2463FFF0 */  addiu   $v1, $v1, 0xFFF0           ## $v1 = FFFFFFF0
/* 02FBC 80B9958C AC8302B4 */  sw      $v1, 0x02B4($a0)           ## 000002B4
/* 02FC0 80B99590 AC6E0000 */  sw      $t6, 0x0000($v1)           ## FFFFFFF0
/* 02FC4 80B99594 AC600004 */  sw      $zero, 0x0004($v1)         ## FFFFFFF4
/* 02FC8 80B99598 00601025 */  or      $v0, $v1, $zero            ## $v0 = FFFFFFF0
/* 02FCC 80B9959C 03E00008 */  jr      $ra                        
/* 02FD0 80B995A0 00000000 */  nop


glabel func_80B995A4
/* 02FD4 80B995A4 27BDFFD0 */  addiu   $sp, $sp, 0xFFD0           ## $sp = FFFFFFD0
/* 02FD8 80B995A8 AFB00018 */  sw      $s0, 0x0018($sp)           
/* 02FDC 80B995AC 00A08025 */  or      $s0, $a1, $zero            ## $s0 = 00000000
/* 02FE0 80B995B0 AFBF001C */  sw      $ra, 0x001C($sp)           
/* 02FE4 80B995B4 AFA40030 */  sw      $a0, 0x0030($sp)           
/* 02FE8 80B995B8 AFA60038 */  sw      $a2, 0x0038($sp)           
/* 02FEC 80B995BC AFA7003C */  sw      $a3, 0x003C($sp)           
/* 02FF0 80B995C0 2401000F */  addiu   $at, $zero, 0x000F         ## $at = 0000000F
/* 02FF4 80B995C4 56010016 */  bnel    $s0, $at, .L80B99620       
/* 02FF8 80B995C8 24030008 */  addiu   $v1, $zero, 0x0008         ## $v1 = 00000008
/* 02FFC 80B995CC 44807000 */  mtc1    $zero, $f14                ## $f14 = 0.00
/* 03000 80B995D0 3C0180BA */  lui     $at, %hi(D_80B99B4C)       ## $at = 80BA0000
/* 03004 80B995D4 C42C9B4C */  lwc1    $f12, %lo(D_80B99B4C)($at) 
/* 03008 80B995D8 44067000 */  mfc1    $a2, $f14                  
/* 0300C 80B995DC 0C0600A7 */  jal     func_8018029C              
/* 03010 80B995E0 24070001 */  addiu   $a3, $zero, 0x0001         ## $a3 = 00000001
/* 03014 80B995E4 8FAE0044 */  lw      $t6, 0x0044($sp)           
/* 03018 80B995E8 24050001 */  addiu   $a1, $zero, 0x0001         ## $a1 = 00000001
/* 0301C 80B995EC 0C06011E */  jal     func_80180478              
/* 03020 80B995F0 85C402C6 */  lh      $a0, 0x02C6($t6)           ## 000002C6
/* 03024 80B995F4 8FAF0044 */  lw      $t7, 0x0044($sp)           
/* 03028 80B995F8 24050001 */  addiu   $a1, $zero, 0x0001         ## $a1 = 00000001
/* 0302C 80B995FC 0C06033E */  jal     func_80180CF8              
/* 03030 80B99600 85E402C4 */  lh      $a0, 0x02C4($t7)           ## 000002C4
/* 03034 80B99604 44807000 */  mtc1    $zero, $f14                ## $f14 = 0.00
/* 03038 80B99608 3C0180BA */  lui     $at, %hi(D_80B99B50)       ## $at = 80BA0000
/* 0303C 80B9960C C42C9B50 */  lwc1    $f12, %lo(D_80B99B50)($at) 
/* 03040 80B99610 44067000 */  mfc1    $a2, $f14                  
/* 03044 80B99614 0C0600A7 */  jal     func_8018029C              
/* 03048 80B99618 24070001 */  addiu   $a3, $zero, 0x0001         ## $a3 = 00000001
/* 0304C 80B9961C 24030008 */  addiu   $v1, $zero, 0x0008         ## $v1 = 00000008
.L80B99620:
/* 03050 80B99620 1603000F */  bne     $s0, $v1, .L80B99660       
/* 03054 80B99624 8FB80044 */  lw      $t8, 0x0044($sp)           
/* 03058 80B99628 870402CC */  lh      $a0, 0x02CC($t8)           ## 000002CC
/* 0305C 80B9962C 24050001 */  addiu   $a1, $zero, 0x0001         ## $a1 = 00000001
/* 03060 80B99630 00042023 */  subu    $a0, $zero, $a0            
/* 03064 80B99634 00042400 */  sll     $a0, $a0, 16               
/* 03068 80B99638 0C06011E */  jal     func_80180478              
/* 0306C 80B9963C 00042403 */  sra     $a0, $a0, 16               
/* 03070 80B99640 8FB90044 */  lw      $t9, 0x0044($sp)           
/* 03074 80B99644 24050001 */  addiu   $a1, $zero, 0x0001         ## $a1 = 00000001
/* 03078 80B99648 872402CA */  lh      $a0, 0x02CA($t9)           ## 000002CA
/* 0307C 80B9964C 00042023 */  subu    $a0, $zero, $a0            
/* 03080 80B99650 00042400 */  sll     $a0, $a0, 16               
/* 03084 80B99654 0C06033E */  jal     func_80180CF8              
/* 03088 80B99658 00042403 */  sra     $a0, $a0, 16               
/* 0308C 80B9965C 24030008 */  addiu   $v1, $zero, 0x0008         ## $v1 = 00000008
.L80B99660:
/* 03090 80B99660 8FA80044 */  lw      $t0, 0x0044($sp)           
/* 03094 80B99664 24010009 */  addiu   $at, $zero, 0x0009         ## $at = 00000009
/* 03098 80B99668 850202F0 */  lh      $v0, 0x02F0($t0)           ## 000002F0
/* 0309C 80B9966C 10620003 */  beq     $v1, $v0, .L80B9967C       
/* 030A0 80B99670 00000000 */  nop
/* 030A4 80B99674 54410033 */  bnel    $v0, $at, .L80B99744       
/* 030A8 80B99678 00001025 */  or      $v0, $zero, $zero          ## $v0 = 00000000
.L80B9967C:
/* 030AC 80B9967C 12030005 */  beq     $s0, $v1, .L80B99694       
/* 030B0 80B99680 2401000A */  addiu   $at, $zero, 0x000A         ## $at = 0000000A
/* 030B4 80B99684 12010003 */  beq     $s0, $at, .L80B99694       
/* 030B8 80B99688 2401000D */  addiu   $at, $zero, 0x000D         ## $at = 0000000D
/* 030BC 80B9968C 5601002D */  bnel    $s0, $at, .L80B99744       
/* 030C0 80B99690 00001025 */  or      $v0, $zero, $zero          ## $v0 = 00000000
.L80B99694:
/* 030C4 80B99694 8FA90030 */  lw      $t1, 0x0030($sp)           
/* 030C8 80B99698 00101080 */  sll     $v0, $s0,  2               
/* 030CC 80B9969C 00501023 */  subu    $v0, $v0, $s0              
/* 030D0 80B996A0 000210C0 */  sll     $v0, $v0,  3               
/* 030D4 80B996A4 8D2A009C */  lw      $t2, 0x009C($t1)           ## 0000009C
/* 030D8 80B996A8 00501021 */  addu    $v0, $v0, $s0              
/* 030DC 80B996AC 00021040 */  sll     $v0, $v0,  1               
/* 030E0 80B996B0 244B0814 */  addiu   $t3, $v0, 0x0814           ## $t3 = 00000814
/* 030E4 80B996B4 014B0019 */  multu   $t2, $t3                   
/* 030E8 80B996B8 AFA20020 */  sw      $v0, 0x0020($sp)           
/* 030EC 80B996BC 00002012 */  mflo    $a0                        
/* 030F0 80B996C0 00042400 */  sll     $a0, $a0, 16               
/* 030F4 80B996C4 0C03FB61 */  jal     func_800FED84              
/* 030F8 80B996C8 00042403 */  sra     $a0, $a0, 16               
/* 030FC 80B996CC 3C014348 */  lui     $at, 0x4348                ## $at = 43480000
/* 03100 80B996D0 44812000 */  mtc1    $at, $f4                   ## $f4 = 200.00
/* 03104 80B996D4 8FA30040 */  lw      $v1, 0x0040($sp)           
/* 03108 80B996D8 8FA20020 */  lw      $v0, 0x0020($sp)           
/* 0310C 80B996DC 46040182 */  mul.s   $f6, $f0, $f4              
/* 03110 80B996E0 846C0002 */  lh      $t4, 0x0002($v1)           ## 00000002
/* 03114 80B996E4 244A0940 */  addiu   $t2, $v0, 0x0940           ## $t2 = 00000940
/* 03118 80B996E8 4600320D */  trunc.w.s $f8, $f6                   
/* 0311C 80B996EC 44184000 */  mfc1    $t8, $f8                   
/* 03120 80B996F0 00000000 */  nop
/* 03124 80B996F4 0198C821 */  addu    $t9, $t4, $t8              
/* 03128 80B996F8 A4790002 */  sh      $t9, 0x0002($v1)           ## 00000002
/* 0312C 80B996FC 8FA80030 */  lw      $t0, 0x0030($sp)           
/* 03130 80B99700 8D09009C */  lw      $t1, 0x009C($t0)           ## 0000009C
/* 03134 80B99704 012A0019 */  multu   $t1, $t2                   
/* 03138 80B99708 00002012 */  mflo    $a0                        
/* 0313C 80B9970C 00042400 */  sll     $a0, $a0, 16               
/* 03140 80B99710 0C03FB51 */  jal     func_800FED44              
/* 03144 80B99714 00042403 */  sra     $a0, $a0, 16               
/* 03148 80B99718 3C014348 */  lui     $at, 0x4348                ## $at = 43480000
/* 0314C 80B9971C 44815000 */  mtc1    $at, $f10                  ## $f10 = 200.00
/* 03150 80B99720 8FA30040 */  lw      $v1, 0x0040($sp)           
/* 03154 80B99724 460A0402 */  mul.s   $f16, $f0, $f10            
/* 03158 80B99728 846B0004 */  lh      $t3, 0x0004($v1)           ## 00000004
/* 0315C 80B9972C 4600848D */  trunc.w.s $f18, $f16                 
/* 03160 80B99730 440C9000 */  mfc1    $t4, $f18                  
/* 03164 80B99734 00000000 */  nop
/* 03168 80B99738 016CC021 */  addu    $t8, $t3, $t4              
/* 0316C 80B9973C A4780004 */  sh      $t8, 0x0004($v1)           ## 00000004
/* 03170 80B99740 00001025 */  or      $v0, $zero, $zero          ## $v0 = 00000000
.L80B99744:
/* 03174 80B99744 8FBF001C */  lw      $ra, 0x001C($sp)           
/* 03178 80B99748 8FB00018 */  lw      $s0, 0x0018($sp)           
/* 0317C 80B9974C 27BD0030 */  addiu   $sp, $sp, 0x0030           ## $sp = 00000000
/* 03180 80B99750 03E00008 */  jr      $ra                        
/* 03184 80B99754 00000000 */  nop


glabel func_80B99758
/* 03188 80B99758 27BDFFE8 */  addiu   $sp, $sp, 0xFFE8           ## $sp = FFFFFFE8
/* 0318C 80B9975C AFBF0014 */  sw      $ra, 0x0014($sp)           
/* 03190 80B99760 AFA40018 */  sw      $a0, 0x0018($sp)           
/* 03194 80B99764 AFA60020 */  sw      $a2, 0x0020($sp)           
/* 03198 80B99768 AFA70024 */  sw      $a3, 0x0024($sp)           
/* 0319C 80B9976C 2401000F */  addiu   $at, $zero, 0x000F         ## $at = 0000000F
/* 031A0 80B99770 14A10005 */  bne     $a1, $at, .L80B99788       
/* 031A4 80B99774 3C0480BA */  lui     $a0, %hi(D_80B99934)       ## $a0 = 80BA0000
/* 031A8 80B99778 8FA50028 */  lw      $a1, 0x0028($sp)           
/* 031AC 80B9977C 24849934 */  addiu   $a0, $a0, %lo(D_80B99934)  ## $a0 = 80B99934
/* 031B0 80B99780 0C0606A6 */  jal     func_80181A98              
/* 031B4 80B99784 24A5003C */  addiu   $a1, $a1, 0x003C           ## $a1 = 0000003C
.L80B99788:
/* 031B8 80B99788 8FBF0014 */  lw      $ra, 0x0014($sp)           
/* 031BC 80B9978C 27BD0018 */  addiu   $sp, $sp, 0x0018           ## $sp = 00000000
/* 031C0 80B99790 03E00008 */  jr      $ra                        
/* 031C4 80B99794 00000000 */  nop


glabel func_80B99798
/* 031C8 80B99798 27BDFFA8 */  addiu   $sp, $sp, 0xFFA8           ## $sp = FFFFFFA8
/* 031CC 80B9979C AFB00028 */  sw      $s0, 0x0028($sp)           
/* 031D0 80B997A0 00808025 */  or      $s0, $a0, $zero            ## $s0 = 00000000
/* 031D4 80B997A4 AFBF002C */  sw      $ra, 0x002C($sp)           
/* 031D8 80B997A8 AFA5005C */  sw      $a1, 0x005C($sp)           
/* 031DC 80B997AC 3C0F80BA */  lui     $t7, %hi(D_80B99940)       ## $t7 = 80BA0000
/* 031E0 80B997B0 25EF9940 */  addiu   $t7, $t7, %lo(D_80B99940)  ## $t7 = 80B99940
/* 031E4 80B997B4 8DF90000 */  lw      $t9, 0x0000($t7)           ## 80B99940
/* 031E8 80B997B8 27AE004C */  addiu   $t6, $sp, 0x004C           ## $t6 = FFFFFFF4
/* 031EC 80B997BC 8DF80004 */  lw      $t8, 0x0004($t7)           ## 80B99944
/* 031F0 80B997C0 ADD90000 */  sw      $t9, 0x0000($t6)           ## FFFFFFF4
/* 031F4 80B997C4 8DF90008 */  lw      $t9, 0x0008($t7)           ## 80B99948
/* 031F8 80B997C8 ADD80004 */  sw      $t8, 0x0004($t6)           ## FFFFFFF8
/* 031FC 80B997CC ADD90008 */  sw      $t9, 0x0008($t6)           ## FFFFFFFC
/* 03200 80B997D0 8FA8005C */  lw      $t0, 0x005C($sp)           
/* 03204 80B997D4 8D040000 */  lw      $a0, 0x0000($t0)           ## 00000000
/* 03208 80B997D8 0C04B0A3 */  jal     func_8012C28C              
/* 0320C 80B997DC AFA40044 */  sw      $a0, 0x0044($sp)           
/* 03210 80B997E0 8FA60044 */  lw      $a2, 0x0044($sp)           
/* 03214 80B997E4 8CC202B0 */  lw      $v0, 0x02B0($a2)           ## 000002B0
/* 03218 80B997E8 3C0AFB00 */  lui     $t2, 0xFB00                ## $t2 = FB000000
/* 0321C 80B997EC 240B00FF */  addiu   $t3, $zero, 0x00FF         ## $t3 = 000000FF
/* 03220 80B997F0 24490008 */  addiu   $t1, $v0, 0x0008           ## $t1 = 00000008
/* 03224 80B997F4 ACC902B0 */  sw      $t1, 0x02B0($a2)           ## 000002B0
/* 03228 80B997F8 AC4B0004 */  sw      $t3, 0x0004($v0)           ## 00000004
/* 0322C 80B997FC AC4A0000 */  sw      $t2, 0x0000($v0)           ## 00000000
/* 03230 80B99800 8CC202B0 */  lw      $v0, 0x02B0($a2)           ## 000002B0
/* 03234 80B99804 3C0DDB06 */  lui     $t5, 0xDB06                ## $t5 = DB060000
/* 03238 80B99808 35AD0020 */  ori     $t5, $t5, 0x0020           ## $t5 = DB060020
/* 0323C 80B9980C 244C0008 */  addiu   $t4, $v0, 0x0008           ## $t4 = 00000008
/* 03240 80B99810 ACCC02B0 */  sw      $t4, 0x02B0($a2)           ## 000002B0
/* 03244 80B99814 AC4D0000 */  sw      $t5, 0x0000($v0)           ## 00000000
/* 03248 80B99818 860E02EC */  lh      $t6, 0x02EC($s0)           ## 000002EC
/* 0324C 80B9981C 000E7880 */  sll     $t7, $t6,  2               
/* 03250 80B99820 03AF2021 */  addu    $a0, $sp, $t7              
/* 03254 80B99824 8C84004C */  lw      $a0, 0x004C($a0)           ## 0000004C
/* 03258 80B99828 AFA60044 */  sw      $a2, 0x0044($sp)           
/* 0325C 80B9982C 0C040141 */  jal     func_80100504              
/* 03260 80B99830 AFA20038 */  sw      $v0, 0x0038($sp)           
/* 03264 80B99834 8FA30038 */  lw      $v1, 0x0038($sp)           
/* 03268 80B99838 8FA60044 */  lw      $a2, 0x0044($sp)           
/* 0326C 80B9983C AC620004 */  sw      $v0, 0x0004($v1)           ## 00000004
/* 03270 80B99840 8CC202B0 */  lw      $v0, 0x02B0($a2)           ## 000002B0
/* 03274 80B99844 3C19DB06 */  lui     $t9, 0xDB06                ## $t9 = DB060000
/* 03278 80B99848 37390030 */  ori     $t9, $t9, 0x0030           ## $t9 = DB060030
/* 0327C 80B9984C 24580008 */  addiu   $t8, $v0, 0x0008           ## $t8 = 00000008
/* 03280 80B99850 ACD802B0 */  sw      $t8, 0x02B0($a2)           ## 000002B0
/* 03284 80B99854 AC590000 */  sw      $t9, 0x0000($v0)           ## 00000000
/* 03288 80B99858 8FA8005C */  lw      $t0, 0x005C($sp)           
/* 0328C 80B9985C 8D040000 */  lw      $a0, 0x0000($t0)           ## 00000000
/* 03290 80B99860 0C2E6560 */  jal     func_80B99580              
/* 03294 80B99864 AFA20034 */  sw      $v0, 0x0034($sp)           
/* 03298 80B99868 8FA30034 */  lw      $v1, 0x0034($sp)           
/* 0329C 80B9986C 3C0980BA */  lui     $t1, %hi(func_80B995A4)    ## $t1 = 80BA0000
/* 032A0 80B99870 252995A4 */  addiu   $t1, $t1, %lo(func_80B995A4) ## $t1 = 80B995A4
/* 032A4 80B99874 AC620004 */  sw      $v0, 0x0004($v1)           ## 00000004
/* 032A8 80B99878 8E050148 */  lw      $a1, 0x0148($s0)           ## 00000148
/* 032AC 80B9987C 8E060164 */  lw      $a2, 0x0164($s0)           ## 00000164
/* 032B0 80B99880 92070146 */  lbu     $a3, 0x0146($s0)           ## 00000146
/* 032B4 80B99884 3C0A80BA */  lui     $t2, %hi(func_80B99758)    ## $t2 = 80BA0000
/* 032B8 80B99888 254A9758 */  addiu   $t2, $t2, %lo(func_80B99758) ## $t2 = 80B99758
/* 032BC 80B9988C AFAA0014 */  sw      $t2, 0x0014($sp)           
/* 032C0 80B99890 AFB00018 */  sw      $s0, 0x0018($sp)           
/* 032C4 80B99894 AFA90010 */  sw      $t1, 0x0010($sp)           
/* 032C8 80B99898 0C04CFCA */  jal     func_80133F28              
/* 032CC 80B9989C 8FA4005C */  lw      $a0, 0x005C($sp)           
/* 032D0 80B998A0 8FBF002C */  lw      $ra, 0x002C($sp)           
/* 032D4 80B998A4 8FB00028 */  lw      $s0, 0x0028($sp)           
/* 032D8 80B998A8 27BD0058 */  addiu   $sp, $sp, 0x0058           ## $sp = 00000000
/* 032DC 80B998AC 03E00008 */  jr      $ra                        
/* 032E0 80B998B0 00000000 */  nop
/* 032E4 80B998B4 00000000 */  nop
/* 032E8 80B998B8 00000000 */  nop
/* 032EC 80B998BC 00000000 */  nop

.section .data

D_80B998C0: .word 0x02280400, 0x00000019, 0x00D00000, 0x000002FC
.word func_80B966BC
.word func_80B96B90
.word func_80B99394
.word func_80B99798
D_80B998E0: .word \
0x0A001139, 0x10010000, 0x00000000, 0x00000000, \
0x00000000, 0xF7CFFFFF, 0x00000000, 0x00010100, \
0x001E0028, 0x00000000, 0x00000000
D_80B9990C: .word \
0x0600DE20, 0x06002898, 0x0600F4E8, 0x0600E400, \
0x0600FDF0, 0x06010B18, 0x06011424, 0x0600EDF0, \
0x0600DF54, 0x0600DF54
D_80B99934: .word 0x43C80000, 0x00000000, 0x00000000
D_80B99940: .word 0x060050A0, 0x060058A0, 0x060060A0, 0x00000000

.section .rodata

D_80B99950: .word .L80B967C8
.word .L80B967E4
.word .L80B96864
.word .L80B96864
.word .L80B96864
.word .L80B968B0
.word .L80B96914
.word .L80B9694C
.word .L80B96974
.word .L80B969AC
.word .L80B969C4
.word .L80B96A28
.word .L80B96A28
.word .L80B96A28
.word .L80B96A28
.word .L80B96A28
.word .L80B96A28
.word .L80B96A28
.word .L80B96A7C
.word .L80B96AB0
.word .L80B96ACC
.word .L80B96AE8
.word .L80B96B04
D_80B999AC: .word .L80B97200
.word .L80B97218
.word .L80B97218
.word .L80B97200
.word .L80B97218
.word .L80B97218
D_80B999C4: .word .L80B97454
.word .L80B97480
.word .L80B97454
.word .L80B974F4
.word .L80B9746C
.word .L80B97454
.word .L80B97454
.word .L80B9749C
.word .L80B974E0
.word .L80B974F4
.word .L80B974F4
.word .L80B974F4
D_80B999F4: .word .L80B97AC0
.word .L80B97B30
.word .L80B97B30
.word .L80B97AC0
.word .L80B97AD8
.word .L80B97AD8
.word .L80B97AC0
.word .L80B97B30
.word .L80B97B30
.word .L80B97AC0
.word .L80B97AD8
.word .L80B97AD8
.word .L80B97AC0
.word .L80B97B30
.word .L80B97B30
.word .L80B97AC0
.word .L80B97AD8
.word .L80B97AD8
D_80B99A3C: .word .L80B97FA8
.word .L80B97F08
.word .L80B97F48
.word .L80B97F48
.word .L80B97F48
.word .L80B97F60
D_80B99A54: .word .L80B981B4
.word .L80B98238
.word .L80B98308
.word .L80B98308
.word .L80B98308
.word .L80B982C4
.word .L80B982C4
.word .L80B982C4
.word .L80B982C4
.word .L80B982C4
.word .L80B982C4
.word .L80B982C4
D_80B99A84: .word .L80B98848
.word .L80B98848
.word .L80B98958
.word .L80B98884
.word .L80B98958
.word .L80B98848
.word .L80B98958
.word .L80B98848
.word .L80B98848
.word .L80B98958
.word .L80B98848
.word .L80B98958
.word .L80B98848
.word .L80B98848
.word .L80B98958
.word .L80B98848
.word .L80B98958
.word .L80B98848
.word .L80B98848
.word .L80B98848
.word .L80B98958
.word .L80B98848
.word .L80B98848
.word .L80B98848
.word .L80B98860
.word .L80B98860
.word .L80B988C8
.word .L80B988E8
.word .L80B98958
.word .L80B98848
.word .L80B98920
D_80B99B00: .word .L80B98B3C
.word .L80B98BCC
.word .L80B98BCC
.word .L80B98B3C
.word .L80B98BCC
.word .L80B98BCC
.word .L80B98B3C
.word .L80B98B54
.word .L80B98B3C
.word .L80B98B90
D_80B99B28: .word .L80B9902C
.word .L80B9903C
.word .L80B9907C
.word .L80B99054
.word .L80B9907C
.word .L80B9903C
.word .L80B9907C
.word .L80B9907C
.word .L80B9903C
D_80B99B4C: .word 0x44BB8000
D_80B99B50: .word 0xC4BB8000, 0x00000000, 0x00000000, 0x00000000


.section .rodata
D_80B99B60:
.incbin "baserom/En_Zot", 0x3590, 0x00000550
