.include "macro.inc"

# assembler directives
.set noat      # allow manual use of $at
.set noreorder # don't insert nops after branches
.set gp=64     # allow use of 64-bit general purpose registers

.section .text
glabel func_8099E790
/* 00000 8099E790 27BDFFC8 */  addiu   $sp, $sp, 0xFFC8           ## $sp = FFFFFFC8
/* 00004 8099E794 AFA5003C */  sw      $a1, 0x003C($sp)           
/* 00008 8099E798 00052C00 */  sll     $a1, $a1, 16               
/* 0000C 8099E79C 00052C03 */  sra     $a1, $a1, 16               
/* 00010 8099E7A0 AFBF0024 */  sw      $ra, 0x0024($sp)           
/* 00014 8099E7A4 AFA40038 */  sw      $a0, 0x0038($sp)           
/* 00018 8099E7A8 04A00026 */  bltz    $a1, .L8099E844            
/* 0001C 8099E7AC 00004825 */  or      $t1, $zero, $zero          ## $t1 = 00000000
/* 00020 8099E7B0 28A10007 */  slti    $at, $a1, 0x0007           
/* 00024 8099E7B4 10200023 */  beq     $at, $zero, .L8099E844     
/* 00028 8099E7B8 00057100 */  sll     $t6, $a1,  4               
/* 0002C 8099E7BC 3C0F809A */  lui     $t7, %hi(D_8099F508)       ## $t7 = 809A0000
/* 00030 8099E7C0 25EFF508 */  addiu   $t7, $t7, %lo(D_8099F508)  ## $t7 = 8099F508
/* 00034 8099E7C4 01CF1821 */  addu    $v1, $t6, $t7              
/* 00038 8099E7C8 8468000A */  lh      $t0, 0x000A($v1)           ## 0000000A
/* 0003C 8099E7CC 24090001 */  addiu   $t1, $zero, 0x0001         ## $t1 = 00000001
/* 00040 8099E7D0 0503000A */  bgezl   $t0, .L8099E7FC            
/* 00044 8099E7D4 84780008 */  lh      $t8, 0x0008($v1)           ## 00000008
/* 00048 8099E7D8 8C640000 */  lw      $a0, 0x0000($v1)           ## 00000000
/* 0004C 8099E7DC AFA3002C */  sw      $v1, 0x002C($sp)           
/* 00050 8099E7E0 0C04D1D2 */  jal     func_80134748              
/* 00054 8099E7E4 AFA90030 */  sw      $t1, 0x0030($sp)           
/* 00058 8099E7E8 00024400 */  sll     $t0, $v0, 16               
/* 0005C 8099E7EC 00084403 */  sra     $t0, $t0, 16               
/* 00060 8099E7F0 8FA3002C */  lw      $v1, 0x002C($sp)           
/* 00064 8099E7F4 8FA90030 */  lw      $t1, 0x0030($sp)           
/* 00068 8099E7F8 84780008 */  lh      $t8, 0x0008($v1)           ## 00000008
.L8099E7FC:
/* 0006C 8099E7FC 846A000E */  lh      $t2, 0x000E($v1)           ## 0000000E
/* 00070 8099E800 44883000 */  mtc1    $t0, $f6                   ## $f6 = 0.00
/* 00074 8099E804 44982000 */  mtc1    $t8, $f4                   ## $f4 = 0.00
/* 00078 8099E808 448A5000 */  mtc1    $t2, $f10                  ## $f10 = 0.00
/* 0007C 8099E80C 46803220 */  cvt.s.w $f8, $f6                   
/* 00080 8099E810 9079000C */  lbu     $t9, 0x000C($v1)           ## 0000000C
/* 00084 8099E814 8FA40038 */  lw      $a0, 0x0038($sp)           
/* 00088 8099E818 8C650000 */  lw      $a1, 0x0000($v1)           ## 00000000
/* 0008C 8099E81C 8C660004 */  lw      $a2, 0x0004($v1)           ## 00000004
/* 00090 8099E820 46802120 */  cvt.s.w $f4, $f4                   
/* 00094 8099E824 E7A80010 */  swc1    $f8, 0x0010($sp)           
/* 00098 8099E828 AFA90030 */  sw      $t1, 0x0030($sp)           
/* 0009C 8099E82C AFB90014 */  sw      $t9, 0x0014($sp)           
/* 000A0 8099E830 46805420 */  cvt.s.w $f16, $f10                 
/* 000A4 8099E834 44072000 */  mfc1    $a3, $f4                   
/* 000A8 8099E838 0C04DCFA */  jal     func_801373E8              
/* 000AC 8099E83C E7B00018 */  swc1    $f16, 0x0018($sp)          
/* 000B0 8099E840 8FA90030 */  lw      $t1, 0x0030($sp)           
.L8099E844:
/* 000B4 8099E844 01201025 */  or      $v0, $t1, $zero            ## $v0 = 00000000
/* 000B8 8099E848 8FBF0024 */  lw      $ra, 0x0024($sp)           
/* 000BC 8099E84C 27BD0038 */  addiu   $sp, $sp, 0x0038           ## $sp = 00000000
/* 000C0 8099E850 03E00008 */  jr      $ra                        
/* 000C4 8099E854 00000000 */  nop


glabel func_8099E858
/* 000C8 8099E858 27BDFFD0 */  addiu   $sp, $sp, 0xFFD0           ## $sp = FFFFFFD0
/* 000CC 8099E85C AFB00018 */  sw      $s0, 0x0018($sp)           
/* 000D0 8099E860 00808025 */  or      $s0, $a0, $zero            ## $s0 = 00000000
/* 000D4 8099E864 AFBF001C */  sw      $ra, 0x001C($sp)           
/* 000D8 8099E868 AFA50034 */  sw      $a1, 0x0034($sp)           
/* 000DC 8099E86C 920E01FC */  lbu     $t6, 0x01FC($s0)           ## 000001FC
/* 000E0 8099E870 8FA40034 */  lw      $a0, 0x0034($sp)           
/* 000E4 8099E874 3C0141A0 */  lui     $at, 0x41A0                ## $at = 41A00000
/* 000E8 8099E878 A3AE002F */  sb      $t6, 0x002F($sp)           
/* 000EC 8099E87C 920F01FD */  lbu     $t7, 0x01FD($s0)           ## 000001FD
/* 000F0 8099E880 24840830 */  addiu   $a0, $a0, 0x0830           ## $a0 = 00000830
/* 000F4 8099E884 A3AF002E */  sb      $t7, 0x002E($sp)           
/* 000F8 8099E888 96180090 */  lhu     $t8, 0x0090($s0)           ## 00000090
/* 000FC 8099E88C 33190020 */  andi    $t9, $t8, 0x0020           ## $t9 = 00000000
/* 00100 8099E890 5320000E */  beql    $t9, $zero, .L8099E8CC     
/* 00104 8099E894 8E050080 */  lw      $a1, 0x0080($s0)           ## 00000080
/* 00108 8099E898 C604008C */  lwc1    $f4, 0x008C($s0)           ## 0000008C
/* 0010C 8099E89C 44813000 */  mtc1    $at, $f6                   ## $f6 = 20.00
/* 00110 8099E8A0 24020005 */  addiu   $v0, $zero, 0x0005         ## $v0 = 00000005
/* 00114 8099E8A4 4606203C */  c.lt.s  $f4, $f6                   
/* 00118 8099E8A8 00000000 */  nop
/* 0011C 8099E8AC 45000003 */  bc1f    .L8099E8BC                 
/* 00120 8099E8B0 00000000 */  nop
/* 00124 8099E8B4 10000001 */  beq     $zero, $zero, .L8099E8BC   
/* 00128 8099E8B8 24020004 */  addiu   $v0, $zero, 0x0004         ## $v0 = 00000004
.L8099E8BC:
/* 0012C 8099E8BC 24480800 */  addiu   $t0, $v0, 0x0800           ## $t0 = 00000804
/* 00130 8099E8C0 10000006 */  beq     $zero, $zero, .L8099E8DC   
/* 00134 8099E8C4 A7A80026 */  sh      $t0, 0x0026($sp)           
/* 00138 8099E8C8 8E050080 */  lw      $a1, 0x0080($s0)           ## 00000080
.L8099E8CC:
/* 0013C 8099E8CC 0C0326F7 */  jal     func_800C9BDC              
/* 00140 8099E8D0 92060085 */  lbu     $a2, 0x0085($s0)           ## 00000085
/* 00144 8099E8D4 24490800 */  addiu   $t1, $v0, 0x0800           ## $t1 = 00000800
/* 00148 8099E8D8 A7A90026 */  sh      $t1, 0x0026($sp)           
.L8099E8DC:
/* 0014C 8099E8DC 8FA40034 */  lw      $a0, 0x0034($sp)           
/* 00150 8099E8E0 260501E4 */  addiu   $a1, $s0, 0x01E4           ## $a1 = 000001E4
/* 00154 8099E8E4 0C04F6E4 */  jal     func_8013DB90              
/* 00158 8099E8E8 3C06C0C0 */  lui     $a2, 0xC0C0                ## $a2 = C0C00000
/* 0015C 8099E8EC 304A00FF */  andi    $t2, $v0, 0x00FF           ## $t2 = 00000000
/* 00160 8099E8F0 11400009 */  beq     $t2, $zero, .L8099E918     
/* 00164 8099E8F4 A20201FC */  sb      $v0, 0x01FC($s0)           ## 000001FC
/* 00168 8099E8F8 93AB002F */  lbu     $t3, 0x002F($sp)           
/* 0016C 8099E8FC 304C00FF */  andi    $t4, $v0, 0x00FF           ## $t4 = 00000000
/* 00170 8099E900 55600006 */  bnel    $t3, $zero, .L8099E91C     
/* 00174 8099E904 8FA40034 */  lw      $a0, 0x0034($sp)           
/* 00178 8099E908 11800003 */  beq     $t4, $zero, .L8099E918     
/* 0017C 8099E90C 02002025 */  or      $a0, $s0, $zero            ## $a0 = 00000000
/* 00180 8099E910 0C02E3B2 */  jal     func_800B8EC8              
/* 00184 8099E914 97A50026 */  lhu     $a1, 0x0026($sp)           
.L8099E918:
/* 00188 8099E918 8FA40034 */  lw      $a0, 0x0034($sp)           
.L8099E91C:
/* 0018C 8099E91C 260501F0 */  addiu   $a1, $s0, 0x01F0           ## $a1 = 000001F0
/* 00190 8099E920 0C04F6E4 */  jal     func_8013DB90              
/* 00194 8099E924 3C06C0C0 */  lui     $a2, 0xC0C0                ## $a2 = C0C00000
/* 00198 8099E928 304D00FF */  andi    $t5, $v0, 0x00FF           ## $t5 = 00000000
/* 0019C 8099E92C 11A00009 */  beq     $t5, $zero, .L8099E954     
/* 001A0 8099E930 A20201FD */  sb      $v0, 0x01FD($s0)           ## 000001FD
/* 001A4 8099E934 93AE002E */  lbu     $t6, 0x002E($sp)           
/* 001A8 8099E938 304F00FF */  andi    $t7, $v0, 0x00FF           ## $t7 = 00000000
/* 001AC 8099E93C 55C00006 */  bnel    $t6, $zero, .L8099E958     
/* 001B0 8099E940 00001025 */  or      $v0, $zero, $zero          ## $v0 = 00000000
/* 001B4 8099E944 11E00003 */  beq     $t7, $zero, .L8099E954     
/* 001B8 8099E948 02002025 */  or      $a0, $s0, $zero            ## $a0 = 00000000
/* 001BC 8099E94C 0C02E3B2 */  jal     func_800B8EC8              
/* 001C0 8099E950 97A50026 */  lhu     $a1, 0x0026($sp)           
.L8099E954:
/* 001C4 8099E954 00001025 */  or      $v0, $zero, $zero          ## $v0 = 00000000
.L8099E958:
/* 001C8 8099E958 8FBF001C */  lw      $ra, 0x001C($sp)           
/* 001CC 8099E95C 8FB00018 */  lw      $s0, 0x0018($sp)           
/* 001D0 8099E960 27BD0030 */  addiu   $sp, $sp, 0x0030           ## $sp = 00000000
/* 001D4 8099E964 03E00008 */  jr      $ra                        
/* 001D8 8099E968 00000000 */  nop


glabel func_8099E96C
/* 001DC 8099E96C 27BDFFE8 */  addiu   $sp, $sp, 0xFFE8           ## $sp = FFFFFFE8
/* 001E0 8099E970 AFBF0014 */  sw      $ra, 0x0014($sp)           
/* 001E4 8099E974 00803025 */  or      $a2, $a0, $zero            ## $a2 = 00000000
/* 001E8 8099E978 84C20420 */  lh      $v0, 0x0420($a2)           ## 00000420
/* 001EC 8099E97C 14400003 */  bne     $v0, $zero, .L8099E98C     
/* 001F0 8099E980 244EFFFF */  addiu   $t6, $v0, 0xFFFF           ## $t6 = FFFFFFFF
/* 001F4 8099E984 10000003 */  beq     $zero, $zero, .L8099E994   
/* 001F8 8099E988 00001825 */  or      $v1, $zero, $zero          ## $v1 = 00000000
.L8099E98C:
/* 001FC 8099E98C A4CE0420 */  sh      $t6, 0x0420($a2)           ## 00000420
/* 00200 8099E990 84C30420 */  lh      $v1, 0x0420($a2)           ## 00000420
.L8099E994:
/* 00204 8099E994 5460000F */  bnel    $v1, $zero, .L8099E9D4     
/* 00208 8099E998 8FBF0014 */  lw      $ra, 0x0014($sp)           
/* 0020C 8099E99C 84CF041E */  lh      $t7, 0x041E($a2)           ## 0000041E
/* 00210 8099E9A0 2404001E */  addiu   $a0, $zero, 0x001E         ## $a0 = 0000001E
/* 00214 8099E9A4 25F80001 */  addiu   $t8, $t7, 0x0001           ## $t8 = 00000001
/* 00218 8099E9A8 A4D8041E */  sh      $t8, 0x041E($a2)           ## 0000041E
/* 0021C 8099E9AC 84D9041E */  lh      $t9, 0x041E($a2)           ## 0000041E
/* 00220 8099E9B0 0325082A */  slt     $at, $t9, $a1              
/* 00224 8099E9B4 14200006 */  bne     $at, $zero, .L8099E9D0     
/* 00228 8099E9B8 2405001E */  addiu   $a1, $zero, 0x001E         ## $a1 = 0000001E
/* 0022C 8099E9BC A4C0041E */  sh      $zero, 0x041E($a2)         ## 0000041E
/* 00230 8099E9C0 0C03FD14 */  jal     func_800FF450              
/* 00234 8099E9C4 AFA60018 */  sw      $a2, 0x0018($sp)           
/* 00238 8099E9C8 8FA60018 */  lw      $a2, 0x0018($sp)           
/* 0023C 8099E9CC A4C20420 */  sh      $v0, 0x0420($a2)           ## 00000420
.L8099E9D0:
/* 00240 8099E9D0 8FBF0014 */  lw      $ra, 0x0014($sp)           
.L8099E9D4:
/* 00244 8099E9D4 27BD0018 */  addiu   $sp, $sp, 0x0018           ## $sp = 00000000
/* 00248 8099E9D8 03E00008 */  jr      $ra                        
/* 0024C 8099E9DC 00000000 */  nop


glabel func_8099E9E0
/* 00250 8099E9E0 27BDFFE0 */  addiu   $sp, $sp, 0xFFE0           ## $sp = FFFFFFE0
/* 00254 8099E9E4 AFBF0014 */  sw      $ra, 0x0014($sp)           
/* 00258 8099E9E8 AFA50024 */  sw      $a1, 0x0024($sp)           
/* 0025C 8099E9EC 00803825 */  or      $a3, $a0, $zero            ## $a3 = 00000000
/* 00260 8099E9F0 C4E40024 */  lwc1    $f4, 0x0024($a3)           ## 00000024
/* 00264 8099E9F4 C4E80028 */  lwc1    $f8, 0x0028($a3)           ## 00000028
/* 00268 8099E9F8 C4F0002C */  lwc1    $f16, 0x002C($a3)          ## 0000002C
/* 0026C 8099E9FC 4600218D */  trunc.w.s $f6, $f4                   
/* 00270 8099EA00 3C010001 */  lui     $at, 0x0001                ## $at = 00010000
/* 00274 8099EA04 34218884 */  ori     $at, $at, 0x8884           ## $at = 00018884
/* 00278 8099EA08 4600428D */  trunc.w.s $f10, $f8                  
/* 0027C 8099EA0C 440F3000 */  mfc1    $t7, $f6                   
/* 00280 8099EA10 24E6018C */  addiu   $a2, $a3, 0x018C           ## $a2 = 0000018C
/* 00284 8099EA14 4600848D */  trunc.w.s $f18, $f16                 
/* 00288 8099EA18 44195000 */  mfc1    $t9, $f10                  
/* 0028C 8099EA1C A4EF01D2 */  sh      $t7, 0x01D2($a3)           ## 000001D2
/* 00290 8099EA20 44099000 */  mfc1    $t1, $f18                  
/* 00294 8099EA24 A4F901D4 */  sh      $t9, 0x01D4($a3)           ## 000001D4
/* 00298 8099EA28 A4E901D6 */  sh      $t1, 0x01D6($a3)           ## 000001D6
/* 0029C 8099EA2C 8FA40024 */  lw      $a0, 0x0024($sp)           
/* 002A0 8099EA30 AFA60018 */  sw      $a2, 0x0018($sp)           
/* 002A4 8099EA34 00812821 */  addu    $a1, $a0, $at              
/* 002A8 8099EA38 0C0389D0 */  jal     func_800E2740              
/* 002AC 8099EA3C AFA5001C */  sw      $a1, 0x001C($sp)           
/* 002B0 8099EA40 8FA5001C */  lw      $a1, 0x001C($sp)           
/* 002B4 8099EA44 8FA60018 */  lw      $a2, 0x0018($sp)           
/* 002B8 8099EA48 0C038A4A */  jal     func_800E2928              
/* 002BC 8099EA4C 8FA40024 */  lw      $a0, 0x0024($sp)           
/* 002C0 8099EA50 8FBF0014 */  lw      $ra, 0x0014($sp)           
/* 002C4 8099EA54 27BD0020 */  addiu   $sp, $sp, 0x0020           ## $sp = 00000000
/* 002C8 8099EA58 03E00008 */  jr      $ra                        
/* 002CC 8099EA5C 00000000 */  nop


glabel func_8099EA60
/* 002D0 8099EA60 27BDFFC0 */  addiu   $sp, $sp, 0xFFC0           ## $sp = FFFFFFC0
/* 002D4 8099EA64 AFB00028 */  sw      $s0, 0x0028($sp)           
/* 002D8 8099EA68 00808025 */  or      $s0, $a0, $zero            ## $s0 = 00000000
/* 002DC 8099EA6C AFBF002C */  sw      $ra, 0x002C($sp)           
/* 002E0 8099EA70 AFA50044 */  sw      $a1, 0x0044($sp)           
/* 002E4 8099EA74 8FAE0044 */  lw      $t6, 0x0044($sp)           
/* 002E8 8099EA78 26040148 */  addiu   $a0, $s0, 0x0148           ## $a0 = 00000148
/* 002EC 8099EA7C 8DC31CCC */  lw      $v1, 0x1CCC($t6)           ## 00001CCC
/* 002F0 8099EA80 0C04DB34 */  jal     func_80136CD0              
/* 002F4 8099EA84 AFA3003C */  sw      $v1, 0x003C($sp)           
/* 002F8 8099EA88 860400BE */  lh      $a0, 0x00BE($s0)           ## 000000BE
/* 002FC 8099EA8C 24052710 */  addiu   $a1, $zero, 0x2710         ## $a1 = 00002710
/* 00300 8099EA90 0C04F57A */  jal     func_8013D5E8              
/* 00304 8099EA94 86060092 */  lh      $a2, 0x0092($s0)           ## 00000092
/* 00308 8099EA98 10400018 */  beq     $v0, $zero, .L8099EAFC     
/* 0030C 8099EA9C 8FA3003C */  lw      $v1, 0x003C($sp)           
/* 00310 8099EAA0 C4640024 */  lwc1    $f4, 0x0024($v1)           ## 00000024
/* 00314 8099EAA4 3C014040 */  lui     $at, 0x4040                ## $at = 40400000
/* 00318 8099EAA8 44814000 */  mtc1    $at, $f8                   ## $f8 = 3.00
/* 0031C 8099EAAC E7A40030 */  swc1    $f4, 0x0030($sp)           
/* 00320 8099EAB0 C4660C44 */  lwc1    $f6, 0x0C44($v1)           ## 00000C44
/* 00324 8099EAB4 3C19809A */  lui     $t9, %hi(D_8099F5AC)       ## $t9 = 809A0000
/* 00328 8099EAB8 2739F5AC */  addiu   $t9, $t9, %lo(D_8099F5AC)  ## $t9 = 8099F5AC
/* 0032C 8099EABC 46083280 */  add.s   $f10, $f6, $f8             
/* 00330 8099EAC0 260F02F4 */  addiu   $t7, $s0, 0x02F4           ## $t7 = 000002F4
/* 00334 8099EAC4 261802FA */  addiu   $t8, $s0, 0x02FA           ## $t8 = 000002FA
/* 00338 8099EAC8 27A40030 */  addiu   $a0, $sp, 0x0030           ## $a0 = FFFFFFF0
/* 0033C 8099EACC E7AA0034 */  swc1    $f10, 0x0034($sp)          
/* 00340 8099EAD0 C470002C */  lwc1    $f16, 0x002C($v1)          ## 0000002C
/* 00344 8099EAD4 AFB90018 */  sw      $t9, 0x0018($sp)           
/* 00348 8099EAD8 AFB80014 */  sw      $t8, 0x0014($sp)           
/* 0034C 8099EADC AFAF0010 */  sw      $t7, 0x0010($sp)           
/* 00350 8099EAE0 2605003C */  addiu   $a1, $s0, 0x003C           ## $a1 = 0000003C
/* 00354 8099EAE4 260600BC */  addiu   $a2, $s0, 0x00BC           ## $a2 = 000000BC
/* 00358 8099EAE8 260702EE */  addiu   $a3, $s0, 0x02EE           ## $a3 = 000002EE
/* 0035C 8099EAEC 0C04F4B8 */  jal     func_8013D2E0              
/* 00360 8099EAF0 E7B00038 */  swc1    $f16, 0x0038($sp)          
/* 00364 8099EAF4 1000002C */  beq     $zero, $zero, .L8099EBA8   
/* 00368 8099EAF8 02002025 */  or      $a0, $s0, $zero            ## $a0 = 00000000
.L8099EAFC:
/* 0036C 8099EAFC 24080001 */  addiu   $t0, $zero, 0x0001         ## $t0 = 00000001
/* 00370 8099EB00 AFA80010 */  sw      $t0, 0x0010($sp)           
/* 00374 8099EB04 260402EE */  addiu   $a0, $s0, 0x02EE           ## $a0 = 000002EE
/* 00378 8099EB08 00002825 */  or      $a1, $zero, $zero          ## $a1 = 00000000
/* 0037C 8099EB0C 24060004 */  addiu   $a2, $zero, 0x0004         ## $a2 = 00000004
/* 00380 8099EB10 0C03FFAF */  jal     func_800FFEBC              
/* 00384 8099EB14 240703E8 */  addiu   $a3, $zero, 0x03E8         ## $a3 = 000003E8
/* 00388 8099EB18 24090001 */  addiu   $t1, $zero, 0x0001         ## $t1 = 00000001
/* 0038C 8099EB1C AFA90010 */  sw      $t1, 0x0010($sp)           
/* 00390 8099EB20 260402F0 */  addiu   $a0, $s0, 0x02F0           ## $a0 = 000002F0
/* 00394 8099EB24 00002825 */  or      $a1, $zero, $zero          ## $a1 = 00000000
/* 00398 8099EB28 24060004 */  addiu   $a2, $zero, 0x0004         ## $a2 = 00000004
/* 0039C 8099EB2C 0C03FFAF */  jal     func_800FFEBC              
/* 003A0 8099EB30 240703E8 */  addiu   $a3, $zero, 0x03E8         ## $a3 = 000003E8
/* 003A4 8099EB34 240A0001 */  addiu   $t2, $zero, 0x0001         ## $t2 = 00000001
/* 003A8 8099EB38 AFAA0010 */  sw      $t2, 0x0010($sp)           
/* 003AC 8099EB3C 260402F4 */  addiu   $a0, $s0, 0x02F4           ## $a0 = 000002F4
/* 003B0 8099EB40 00002825 */  or      $a1, $zero, $zero          ## $a1 = 00000000
/* 003B4 8099EB44 24060004 */  addiu   $a2, $zero, 0x0004         ## $a2 = 00000004
/* 003B8 8099EB48 0C03FFAF */  jal     func_800FFEBC              
/* 003BC 8099EB4C 240703E8 */  addiu   $a3, $zero, 0x03E8         ## $a3 = 000003E8
/* 003C0 8099EB50 240B0001 */  addiu   $t3, $zero, 0x0001         ## $t3 = 00000001
/* 003C4 8099EB54 AFAB0010 */  sw      $t3, 0x0010($sp)           
/* 003C8 8099EB58 260402F6 */  addiu   $a0, $s0, 0x02F6           ## $a0 = 000002F6
/* 003CC 8099EB5C 00002825 */  or      $a1, $zero, $zero          ## $a1 = 00000000
/* 003D0 8099EB60 24060004 */  addiu   $a2, $zero, 0x0004         ## $a2 = 00000004
/* 003D4 8099EB64 0C03FFAF */  jal     func_800FFEBC              
/* 003D8 8099EB68 240703E8 */  addiu   $a3, $zero, 0x03E8         ## $a3 = 000003E8
/* 003DC 8099EB6C 240C0001 */  addiu   $t4, $zero, 0x0001         ## $t4 = 00000001
/* 003E0 8099EB70 AFAC0010 */  sw      $t4, 0x0010($sp)           
/* 003E4 8099EB74 260402FA */  addiu   $a0, $s0, 0x02FA           ## $a0 = 000002FA
/* 003E8 8099EB78 00002825 */  or      $a1, $zero, $zero          ## $a1 = 00000000
/* 003EC 8099EB7C 24060004 */  addiu   $a2, $zero, 0x0004         ## $a2 = 00000004
/* 003F0 8099EB80 0C03FFAF */  jal     func_800FFEBC              
/* 003F4 8099EB84 240703E8 */  addiu   $a3, $zero, 0x03E8         ## $a3 = 000003E8
/* 003F8 8099EB88 240D0001 */  addiu   $t5, $zero, 0x0001         ## $t5 = 00000001
/* 003FC 8099EB8C AFAD0010 */  sw      $t5, 0x0010($sp)           
/* 00400 8099EB90 260402FC */  addiu   $a0, $s0, 0x02FC           ## $a0 = 000002FC
/* 00404 8099EB94 00002825 */  or      $a1, $zero, $zero          ## $a1 = 00000000
/* 00408 8099EB98 24060004 */  addiu   $a2, $zero, 0x0004         ## $a2 = 00000004
/* 0040C 8099EB9C 0C03FFAF */  jal     func_800FFEBC              
/* 00410 8099EBA0 240703E8 */  addiu   $a3, $zero, 0x03E8         ## $a3 = 000003E8
/* 00414 8099EBA4 02002025 */  or      $a0, $s0, $zero            ## $a0 = 00000000
.L8099EBA8:
/* 00418 8099EBA8 0C267A5B */  jal     func_8099E96C              
/* 0041C 8099EBAC 24050003 */  addiu   $a1, $zero, 0x0003         ## $a1 = 00000003
/* 00420 8099EBB0 8FA40044 */  lw      $a0, 0x0044($sp)           
/* 00424 8099EBB4 26050312 */  addiu   $a1, $s0, 0x0312           ## $a1 = 00000312
/* 00428 8099EBB8 2606033A */  addiu   $a2, $s0, 0x033A           ## $a2 = 0000033A
/* 0042C 8099EBBC 0C04F672 */  jal     func_8013D9C8              
/* 00430 8099EBC0 24070014 */  addiu   $a3, $zero, 0x0014         ## $a3 = 00000014
/* 00434 8099EBC4 8FBF002C */  lw      $ra, 0x002C($sp)           
/* 00438 8099EBC8 8FB00028 */  lw      $s0, 0x0028($sp)           
/* 0043C 8099EBCC 27BD0040 */  addiu   $sp, $sp, 0x0040           ## $sp = 00000000
/* 00440 8099EBD0 03E00008 */  jr      $ra                        
/* 00444 8099EBD4 00000000 */  nop


glabel func_8099EBD8
/* 00448 8099EBD8 27BDFFE8 */  addiu   $sp, $sp, 0xFFE8           ## $sp = FFFFFFE8
/* 0044C 8099EBDC AFBF0014 */  sw      $ra, 0x0014($sp)           
/* 00450 8099EBE0 AFA5001C */  sw      $a1, 0x001C($sp)           
/* 00454 8099EBE4 00803025 */  or      $a2, $a0, $zero            ## $a2 = 00000000
/* 00458 8099EBE8 84C2001C */  lh      $v0, 0x001C($a2)           ## 0000001C
/* 0045C 8099EBEC 2401003F */  addiu   $at, $zero, 0x003F         ## $at = 0000003F
/* 00460 8099EBF0 24C40148 */  addiu   $a0, $a2, 0x0148           ## $a0 = 00000148
/* 00464 8099EBF4 30427E00 */  andi    $v0, $v0, 0x7E00           ## $v0 = 00000000
/* 00468 8099EBF8 00021243 */  sra     $v0, $v0,  9               
/* 0046C 8099EBFC 10410007 */  beq     $v0, $at, .L8099EC1C       
/* 00470 8099EC00 24050006 */  addiu   $a1, $zero, 0x0006         ## $a1 = 00000006
/* 00474 8099EC04 0C2679E4 */  jal     func_8099E790              
/* 00478 8099EC08 AFA60018 */  sw      $a2, 0x0018($sp)           
/* 0047C 8099EC0C 8FA60018 */  lw      $a2, 0x0018($sp)           
/* 00480 8099EC10 84C2001C */  lh      $v0, 0x001C($a2)           ## 0000001C
/* 00484 8099EC14 30427E00 */  andi    $v0, $v0, 0x7E00           ## $v0 = 00000000
/* 00488 8099EC18 00021243 */  sra     $v0, $v0,  9               
.L8099EC1C:
/* 0048C 8099EC1C 2401003F */  addiu   $at, $zero, 0x003F         ## $at = 0000003F
/* 00490 8099EC20 10410005 */  beq     $v0, $at, .L8099EC38       
/* 00494 8099EC24 3C0F809A */  lui     $t7, %hi(func_8099EE24)    ## $t7 = 809A0000
/* 00498 8099EC28 3C0E809A */  lui     $t6, %hi(func_8099EC50)    ## $t6 = 809A0000
/* 0049C 8099EC2C 25CEEC50 */  addiu   $t6, $t6, %lo(func_8099EC50) ## $t6 = 8099EC50
/* 004A0 8099EC30 10000003 */  beq     $zero, $zero, .L8099EC40   
/* 004A4 8099EC34 ACCE0144 */  sw      $t6, 0x0144($a2)           ## 00000144
.L8099EC38:
/* 004A8 8099EC38 25EFEE24 */  addiu   $t7, $t7, %lo(func_8099EE24) ## $t7 = 8099EE24
/* 004AC 8099EC3C ACCF0144 */  sw      $t7, 0x0144($a2)           ## 00000144
.L8099EC40:
/* 004B0 8099EC40 8FBF0014 */  lw      $ra, 0x0014($sp)           
/* 004B4 8099EC44 27BD0018 */  addiu   $sp, $sp, 0x0018           ## $sp = 00000000
/* 004B8 8099EC48 03E00008 */  jr      $ra                        
/* 004BC 8099EC4C 00000000 */  nop


glabel func_8099EC50
/* 004C0 8099EC50 27BDFFC8 */  addiu   $sp, $sp, 0xFFC8           ## $sp = FFFFFFC8
/* 004C4 8099EC54 AFB00020 */  sw      $s0, 0x0020($sp)           
/* 004C8 8099EC58 00808025 */  or      $s0, $a0, $zero            ## $s0 = 00000000
/* 004CC 8099EC5C AFBF0024 */  sw      $ra, 0x0024($sp)           
/* 004D0 8099EC60 AFA5003C */  sw      $a1, 0x003C($sp)           
/* 004D4 8099EC64 44802000 */  mtc1    $zero, $f4                 ## $f4 = 0.00
/* 004D8 8099EC68 3C063ECC */  lui     $a2, 0x3ECC                ## $a2 = 3ECC0000
/* 004DC 8099EC6C 34C6CCCD */  ori     $a2, $a2, 0xCCCD           ## $a2 = 3ECCCCCD
/* 004E0 8099EC70 26040070 */  addiu   $a0, $s0, 0x0070           ## $a0 = 00000070
/* 004E4 8099EC74 3C053F80 */  lui     $a1, 0x3F80                ## $a1 = 3F800000
/* 004E8 8099EC78 3C07447A */  lui     $a3, 0x447A                ## $a3 = 447A0000
/* 004EC 8099EC7C 0C03FF36 */  jal     func_800FFCD8              
/* 004F0 8099EC80 E7A40010 */  swc1    $f4, 0x0010($sp)           
/* 004F4 8099EC84 3C0143C8 */  lui     $at, 0x43C8                ## $at = 43C80000
/* 004F8 8099EC88 44814000 */  mtc1    $at, $f8                   ## $f8 = 400.00
/* 004FC 8099EC8C C6060070 */  lwc1    $f6, 0x0070($s0)           ## 00000070
/* 00500 8099EC90 27A60028 */  addiu   $a2, $sp, 0x0028           ## $a2 = FFFFFFF0
/* 00504 8099EC94 46083282 */  mul.s   $f10, $f6, $f8             
/* 00508 8099EC98 4600540D */  trunc.w.s $f16, $f10                 
/* 0050C 8099EC9C 440F8000 */  mfc1    $t7, $f16                  
/* 00510 8099ECA0 00000000 */  nop
/* 00514 8099ECA4 A7AF0036 */  sh      $t7, 0x0036($sp)           
/* 00518 8099ECA8 860501E0 */  lh      $a1, 0x01E0($s0)           ## 000001E0
/* 0051C 8099ECAC 0C04F5A3 */  jal     func_8013D68C              
/* 00520 8099ECB0 8E0401DC */  lw      $a0, 0x01DC($s0)           ## 000001DC
/* 00524 8099ECB4 10400010 */  beq     $v0, $zero, .L8099ECF8     
/* 00528 8099ECB8 02002025 */  or      $a0, $s0, $zero            ## $a0 = 00000000
/* 0052C 8099ECBC 27A50028 */  addiu   $a1, $sp, 0x0028           ## $a1 = FFFFFFF0
/* 00530 8099ECC0 0C04F5DA */  jal     func_8013D768              
/* 00534 8099ECC4 87A60036 */  lh      $a2, 0x0036($sp)           
/* 00538 8099ECC8 5040000C */  beql    $v0, $zero, .L8099ECFC     
/* 0053C 8099ECCC 3C014270 */  lui     $at, 0x4270                ## $at = 42700000
/* 00540 8099ECD0 861801E0 */  lh      $t8, 0x01E0($s0)           ## 000001E0
/* 00544 8099ECD4 8E0901DC */  lw      $t1, 0x01DC($s0)           ## 000001DC
/* 00548 8099ECD8 27190001 */  addiu   $t9, $t8, 0x0001           ## $t9 = 00000001
/* 0054C 8099ECDC A61901E0 */  sh      $t9, 0x01E0($s0)           ## 000001E0
/* 00550 8099ECE0 860801E0 */  lh      $t0, 0x01E0($s0)           ## 000001E0
/* 00554 8099ECE4 912A0000 */  lbu     $t2, 0x0000($t1)           ## 00000000
/* 00558 8099ECE8 010A082A */  slt     $at, $t0, $t2              
/* 0055C 8099ECEC 54200003 */  bnel    $at, $zero, .L8099ECFC     
/* 00560 8099ECF0 3C014270 */  lui     $at, 0x4270                ## $at = 42700000
/* 00564 8099ECF4 A60001E0 */  sh      $zero, 0x01E0($s0)         ## 000001E0
.L8099ECF8:
/* 00568 8099ECF8 3C014270 */  lui     $at, 0x4270                ## $at = 42700000
.L8099ECFC:
/* 0056C 8099ECFC 44819000 */  mtc1    $at, $f18                  ## $f18 = 60.00
/* 00570 8099ED00 C604008C */  lwc1    $f4, 0x008C($s0)           ## 0000008C
/* 00574 8099ED04 26040148 */  addiu   $a0, $s0, 0x0148           ## $a0 = 00000148
/* 00578 8099ED08 4604903C */  c.lt.s  $f18, $f4                  
/* 0057C 8099ED0C 00000000 */  nop
/* 00580 8099ED10 4502000A */  bc1fl   .L8099ED3C                 
/* 00584 8099ED14 8FBF0024 */  lw      $ra, 0x0024($sp)           
/* 00588 8099ED18 0C2679E4 */  jal     func_8099E790              
/* 0058C 8099ED1C 24050001 */  addiu   $a1, $zero, 0x0001         ## $a1 = 00000001
/* 00590 8099ED20 44800000 */  mtc1    $zero, $f0                 ## $f0 = 0.00
/* 00594 8099ED24 3C0B809A */  lui     $t3, %hi(func_8099ED4C)    ## $t3 = 809A0000
/* 00598 8099ED28 256BED4C */  addiu   $t3, $t3, %lo(func_8099ED4C) ## $t3 = 8099ED4C
/* 0059C 8099ED2C AE0B0144 */  sw      $t3, 0x0144($s0)           ## 00000144
/* 005A0 8099ED30 E6000074 */  swc1    $f0, 0x0074($s0)           ## 00000074
/* 005A4 8099ED34 E6000070 */  swc1    $f0, 0x0070($s0)           ## 00000070
/* 005A8 8099ED38 8FBF0024 */  lw      $ra, 0x0024($sp)           
.L8099ED3C:
/* 005AC 8099ED3C 8FB00020 */  lw      $s0, 0x0020($sp)           
/* 005B0 8099ED40 27BD0038 */  addiu   $sp, $sp, 0x0038           ## $sp = 00000000
/* 005B4 8099ED44 03E00008 */  jr      $ra                        
/* 005B8 8099ED48 00000000 */  nop


glabel func_8099ED4C
/* 005BC 8099ED4C 27BDFFE8 */  addiu   $sp, $sp, 0xFFE8           ## $sp = FFFFFFE8
/* 005C0 8099ED50 AFBF0014 */  sw      $ra, 0x0014($sp)           
/* 005C4 8099ED54 AFA40018 */  sw      $a0, 0x0018($sp)           
/* 005C8 8099ED58 AFA5001C */  sw      $a1, 0x001C($sp)           
/* 005CC 8099ED5C 3C02801F */  lui     $v0, 0x801F                ## $v0 = 801F0000
/* 005D0 8099ED60 8C423F60 */  lw      $v0, 0x3F60($v0)           ## 801F3F60
/* 005D4 8099ED64 3C014248 */  lui     $at, 0x4248                ## $at = 42480000
/* 005D8 8099ED68 44815000 */  mtc1    $at, $f10                  ## $f10 = 50.00
/* 005DC 8099ED6C 844F0C14 */  lh      $t7, 0x0C14($v0)           ## 801F0C14
/* 005E0 8099ED70 8FAE0018 */  lw      $t6, 0x0018($sp)           
/* 005E4 8099ED74 3C013F80 */  lui     $at, 0x3F80                ## $at = 3F800000
/* 005E8 8099ED78 448F3000 */  mtc1    $t7, $f6                   ## $f6 = 0.00
/* 005EC 8099ED7C C5C4008C */  lwc1    $f4, 0x008C($t6)           ## 0000008C
/* 005F0 8099ED80 46803220 */  cvt.s.w $f8, $f6                   
/* 005F4 8099ED84 460A4400 */  add.s   $f16, $f8, $f10            
/* 005F8 8099ED88 4610203C */  c.lt.s  $f4, $f16                  
/* 005FC 8099ED8C 00000000 */  nop
/* 00600 8099ED90 45020006 */  bc1fl   .L8099EDAC                 
/* 00604 8099ED94 44810000 */  mtc1    $at, $f0                   ## $f0 = 1.00
/* 00608 8099ED98 3C01BF80 */  lui     $at, 0xBF80                ## $at = BF800000
/* 0060C 8099ED9C 44810000 */  mtc1    $at, $f0                   ## $f0 = -1.00
/* 00610 8099EDA0 10000004 */  beq     $zero, $zero, .L8099EDB4   
/* 00614 8099EDA4 84580C16 */  lh      $t8, 0x0C16($v0)           ## 801F0C16
/* 00618 8099EDA8 44810000 */  mtc1    $at, $f0                   ## $f0 = -1.00
.L8099EDAC:
/* 0061C 8099EDAC 00000000 */  nop
/* 00620 8099EDB0 84580C16 */  lh      $t8, 0x0C16($v0)           ## 801F0C16
.L8099EDB4:
/* 00624 8099EDB4 84590C18 */  lh      $t9, 0x0C18($v0)           ## 801F0C18
/* 00628 8099EDB8 3C01809A */  lui     $at, %hi(D_8099F610)       ## $at = 809A0000
/* 0062C 8099EDBC 44989000 */  mtc1    $t8, $f18                  ## $f18 = 0.00
/* 00630 8099EDC0 C422F610 */  lwc1    $f2, %lo(D_8099F610)($at)  
/* 00634 8099EDC4 44998000 */  mtc1    $t9, $f16                  ## $f16 = 0.00
/* 00638 8099EDC8 468091A0 */  cvt.s.w $f6, $f18                  
/* 0063C 8099EDCC 3C014190 */  lui     $at, 0x4190                ## $at = 41900000
/* 00640 8099EDD0 44814000 */  mtc1    $at, $f8                   ## $f8 = 18.00
/* 00644 8099EDD4 3C014140 */  lui     $at, 0x4140                ## $at = 41400000
/* 00648 8099EDD8 8FA40018 */  lw      $a0, 0x0018($sp)           
/* 0064C 8099EDDC 468084A0 */  cvt.s.w $f18, $f16                 
/* 00650 8099EDE0 44050000 */  mfc1    $a1, $f0                   
/* 00654 8099EDE4 24840068 */  addiu   $a0, $a0, 0x0068           ## $a0 = 00000068
/* 00658 8099EDE8 46083280 */  add.s   $f10, $f6, $f8             
/* 0065C 8099EDEC 44813000 */  mtc1    $at, $f6                   ## $f6 = 12.00
/* 00660 8099EDF0 00000000 */  nop
/* 00664 8099EDF4 46069200 */  add.s   $f8, $f18, $f6             
/* 00668 8099EDF8 46025102 */  mul.s   $f4, $f10, $f2             
/* 0066C 8099EDFC 00000000 */  nop
/* 00670 8099EE00 46024282 */  mul.s   $f10, $f8, $f2             
/* 00674 8099EE04 44062000 */  mfc1    $a2, $f4                   
/* 00678 8099EE08 44075000 */  mfc1    $a3, $f10                  
/* 0067C 8099EE0C 0C03FF7E */  jal     func_800FFDF8              
/* 00680 8099EE10 00000000 */  nop
/* 00684 8099EE14 8FBF0014 */  lw      $ra, 0x0014($sp)           
/* 00688 8099EE18 27BD0018 */  addiu   $sp, $sp, 0x0018           ## $sp = 00000000
/* 0068C 8099EE1C 03E00008 */  jr      $ra                        
/* 00690 8099EE20 00000000 */  nop


glabel func_8099EE24
/* 00694 8099EE24 AFA40000 */  sw      $a0, 0x0000($sp)           
/* 00698 8099EE28 AFA50004 */  sw      $a1, 0x0004($sp)           
/* 0069C 8099EE2C 03E00008 */  jr      $ra                        
/* 006A0 8099EE30 00000000 */  nop


glabel func_8099EE34
/* 006A4 8099EE34 27BDFFC0 */  addiu   $sp, $sp, 0xFFC0           ## $sp = FFFFFFC0
/* 006A8 8099EE38 AFB00028 */  sw      $s0, 0x0028($sp)           
/* 006AC 8099EE3C 44800000 */  mtc1    $zero, $f0                 ## $f0 = 0.00
/* 006B0 8099EE40 00808025 */  or      $s0, $a0, $zero            ## $s0 = 00000000
/* 006B4 8099EE44 AFBF002C */  sw      $ra, 0x002C($sp)           
/* 006B8 8099EE48 AFA50044 */  sw      $a1, 0x0044($sp)           
/* 006BC 8099EE4C 44050000 */  mfc1    $a1, $f0                   
/* 006C0 8099EE50 44070000 */  mfc1    $a3, $f0                   
/* 006C4 8099EE54 260400BC */  addiu   $a0, $s0, 0x00BC           ## $a0 = 000000BC
/* 006C8 8099EE58 0C02CEE9 */  jal     func_800B3BA4              
/* 006CC 8099EE5C 00003025 */  or      $a2, $zero, $zero          ## $a2 = 00000000
/* 006D0 8099EE60 26050148 */  addiu   $a1, $s0, 0x0148           ## $a1 = 00000148
/* 006D4 8099EE64 3C060601 */  lui     $a2, 0x0601                ## $a2 = 06010000
/* 006D8 8099EE68 260E01FE */  addiu   $t6, $s0, 0x01FE           ## $t6 = 000001FE
/* 006DC 8099EE6C 260F0276 */  addiu   $t7, $s0, 0x0276           ## $t7 = 00000276
/* 006E0 8099EE70 24180014 */  addiu   $t8, $zero, 0x0014         ## $t8 = 00000014
/* 006E4 8099EE74 AFB80018 */  sw      $t8, 0x0018($sp)           
/* 006E8 8099EE78 AFAF0014 */  sw      $t7, 0x0014($sp)           
/* 006EC 8099EE7C AFAE0010 */  sw      $t6, 0x0010($sp)           
/* 006F0 8099EE80 24C6D208 */  addiu   $a2, $a2, 0xD208           ## $a2 = 0600D208
/* 006F4 8099EE84 AFA50034 */  sw      $a1, 0x0034($sp)           
/* 006F8 8099EE88 8FA40044 */  lw      $a0, 0x0044($sp)           
/* 006FC 8099EE8C 0C04DACC */  jal     func_80136B30              
/* 00700 8099EE90 00003825 */  or      $a3, $zero, $zero          ## $a3 = 00000000
/* 00704 8099EE94 8FA40034 */  lw      $a0, 0x0034($sp)           
/* 00708 8099EE98 0C2679E4 */  jal     func_8099E790              
/* 0070C 8099EE9C 00002825 */  or      $a1, $zero, $zero          ## $a1 = 00000000
/* 00710 8099EEA0 2605018C */  addiu   $a1, $s0, 0x018C           ## $a1 = 0000018C
/* 00714 8099EEA4 AFA50034 */  sw      $a1, 0x0034($sp)           
/* 00718 8099EEA8 0C038467 */  jal     func_800E119C              
/* 0071C 8099EEAC 8FA40044 */  lw      $a0, 0x0044($sp)           
/* 00720 8099EEB0 3C07809A */  lui     $a3, %hi(D_8099F4B0)       ## $a3 = 809A0000
/* 00724 8099EEB4 8FA50034 */  lw      $a1, 0x0034($sp)           
/* 00728 8099EEB8 24E7F4B0 */  addiu   $a3, $a3, %lo(D_8099F4B0)  ## $a3 = 8099F4B0
/* 0072C 8099EEBC 8FA40044 */  lw      $a0, 0x0044($sp)           
/* 00730 8099EEC0 0C0384C3 */  jal     func_800E130C              
/* 00734 8099EEC4 02003025 */  or      $a2, $s0, $zero            ## $a2 = 00000000
/* 00738 8099EEC8 3C05809A */  lui     $a1, %hi(D_8099F4E8)       ## $a1 = 809A0000
/* 0073C 8099EECC 3C06809A */  lui     $a2, %hi(D_8099F4DC)       ## $a2 = 809A0000
/* 00740 8099EED0 24C6F4DC */  addiu   $a2, $a2, %lo(D_8099F4DC)  ## $a2 = 8099F4DC
/* 00744 8099EED4 24A5F4E8 */  addiu   $a1, $a1, %lo(D_8099F4E8)  ## $a1 = 8099F4E8
/* 00748 8099EED8 0C039D57 */  jal     func_800E755C              
/* 0074C 8099EEDC 260400A0 */  addiu   $a0, $s0, 0x00A0           ## $a0 = 000000A0
/* 00750 8099EEE0 8605001C */  lh      $a1, 0x001C($s0)           ## 0000001C
/* 00754 8099EEE4 8FA40044 */  lw      $a0, 0x0044($sp)           
/* 00758 8099EEE8 2406003F */  addiu   $a2, $zero, 0x003F         ## $a2 = 0000003F
/* 0075C 8099EEEC 30A57E00 */  andi    $a1, $a1, 0x7E00           ## $a1 = 00000000
/* 00760 8099EEF0 00052A43 */  sra     $a1, $a1,  9               
/* 00764 8099EEF4 00052C00 */  sll     $a1, $a1, 16               
/* 00768 8099EEF8 0C04F592 */  jal     func_8013D648              
/* 0076C 8099EEFC 00052C03 */  sra     $a1, $a1, 16               
/* 00770 8099EF00 3C053C23 */  lui     $a1, 0x3C23                ## $a1 = 3C230000
/* 00774 8099EF04 AE0201DC */  sw      $v0, 0x01DC($s0)           ## 000001DC
/* 00778 8099EF08 34A5D70A */  ori     $a1, $a1, 0xD70A           ## $a1 = 3C23D70A
/* 0077C 8099EF0C 0C02D9F8 */  jal     func_800B67E0              
/* 00780 8099EF10 02002025 */  or      $a0, $s0, $zero            ## $a0 = 00000000
/* 00784 8099EF14 3C01C080 */  lui     $at, 0xC080                ## $at = C0800000
/* 00788 8099EF18 44812000 */  mtc1    $at, $f4                   ## $f4 = -4.00
/* 0078C 8099EF1C 3C19809A */  lui     $t9, %hi(func_8099EBD8)    ## $t9 = 809A0000
/* 00790 8099EF20 2739EBD8 */  addiu   $t9, $t9, %lo(func_8099EBD8) ## $t9 = 8099EBD8
/* 00794 8099EF24 AE190144 */  sw      $t9, 0x0144($s0)           ## 00000144
/* 00798 8099EF28 E6040074 */  swc1    $f4, 0x0074($s0)           ## 00000074
/* 0079C 8099EF2C 8FBF002C */  lw      $ra, 0x002C($sp)           
/* 007A0 8099EF30 8FB00028 */  lw      $s0, 0x0028($sp)           
/* 007A4 8099EF34 27BD0040 */  addiu   $sp, $sp, 0x0040           ## $sp = 00000000
/* 007A8 8099EF38 03E00008 */  jr      $ra                        
/* 007AC 8099EF3C 00000000 */  nop


glabel func_8099EF40
/* 007B0 8099EF40 27BDFFE8 */  addiu   $sp, $sp, 0xFFE8           ## $sp = FFFFFFE8
/* 007B4 8099EF44 AFBF0014 */  sw      $ra, 0x0014($sp)           
/* 007B8 8099EF48 00803025 */  or      $a2, $a0, $zero            ## $a2 = 00000000
/* 007BC 8099EF4C 00A03825 */  or      $a3, $a1, $zero            ## $a3 = 00000000
/* 007C0 8099EF50 00E02025 */  or      $a0, $a3, $zero            ## $a0 = 00000000
/* 007C4 8099EF54 0C03847B */  jal     func_800E11EC              
/* 007C8 8099EF58 24C5018C */  addiu   $a1, $a2, 0x018C           ## $a1 = 0000018C
/* 007CC 8099EF5C 8FBF0014 */  lw      $ra, 0x0014($sp)           
/* 007D0 8099EF60 27BD0018 */  addiu   $sp, $sp, 0x0018           ## $sp = 00000000
/* 007D4 8099EF64 03E00008 */  jr      $ra                        
/* 007D8 8099EF68 00000000 */  nop


glabel func_8099EF6C
/* 007DC 8099EF6C 27BDFFD8 */  addiu   $sp, $sp, 0xFFD8           ## $sp = FFFFFFD8
/* 007E0 8099EF70 AFB10020 */  sw      $s1, 0x0020($sp)           
/* 007E4 8099EF74 AFB0001C */  sw      $s0, 0x001C($sp)           
/* 007E8 8099EF78 00808025 */  or      $s0, $a0, $zero            ## $s0 = 00000000
/* 007EC 8099EF7C 00A08825 */  or      $s1, $a1, $zero            ## $s1 = 00000000
/* 007F0 8099EF80 AFBF0024 */  sw      $ra, 0x0024($sp)           
/* 007F4 8099EF84 8E190144 */  lw      $t9, 0x0144($s0)           ## 00000144
/* 007F8 8099EF88 02002025 */  or      $a0, $s0, $zero            ## $a0 = 00000000
/* 007FC 8099EF8C 02202825 */  or      $a1, $s1, $zero            ## $a1 = 00000000
/* 00800 8099EF90 0320F809 */  jalr    $ra, $t9                   
/* 00804 8099EF94 00000000 */  nop
/* 00808 8099EF98 44800000 */  mtc1    $zero, $f0                 ## $f0 = 0.00
/* 0080C 8099EF9C 240E0004 */  addiu   $t6, $zero, 0x0004         ## $t6 = 00000004
/* 00810 8099EFA0 AFAE0014 */  sw      $t6, 0x0014($sp)           
/* 00814 8099EFA4 44060000 */  mfc1    $a2, $f0                   
/* 00818 8099EFA8 44070000 */  mfc1    $a3, $f0                   
/* 0081C 8099EFAC 02202025 */  or      $a0, $s1, $zero            ## $a0 = 00000000
/* 00820 8099EFB0 02002825 */  or      $a1, $s0, $zero            ## $a1 = 00000000
/* 00824 8099EFB4 0C02DE2E */  jal     func_800B78B8              
/* 00828 8099EFB8 E7A00010 */  swc1    $f0, 0x0010($sp)           
/* 0082C 8099EFBC 02002025 */  or      $a0, $s0, $zero            ## $a0 = 00000000
/* 00830 8099EFC0 0C267A98 */  jal     func_8099EA60              
/* 00834 8099EFC4 02202825 */  or      $a1, $s1, $zero            ## $a1 = 00000000
/* 00838 8099EFC8 02002025 */  or      $a0, $s0, $zero            ## $a0 = 00000000
/* 0083C 8099EFCC 0C267A16 */  jal     func_8099E858              
/* 00840 8099EFD0 02202825 */  or      $a1, $s1, $zero            ## $a1 = 00000000
/* 00844 8099EFD4 02002025 */  or      $a0, $s0, $zero            ## $a0 = 00000000
/* 00848 8099EFD8 0C267A78 */  jal     func_8099E9E0              
/* 0084C 8099EFDC 02202825 */  or      $a1, $s1, $zero            ## $a1 = 00000000
/* 00850 8099EFE0 8FBF0024 */  lw      $ra, 0x0024($sp)           
/* 00854 8099EFE4 8FB0001C */  lw      $s0, 0x001C($sp)           
/* 00858 8099EFE8 8FB10020 */  lw      $s1, 0x0020($sp)           
/* 0085C 8099EFEC 03E00008 */  jr      $ra                        
/* 00860 8099EFF0 27BD0028 */  addiu   $sp, $sp, 0x0028           ## $sp = 00000000


glabel func_8099EFF4
/* 00864 8099EFF4 27BDFFD0 */  addiu   $sp, $sp, 0xFFD0           ## $sp = FFFFFFD0
/* 00868 8099EFF8 AFB00018 */  sw      $s0, 0x0018($sp)           
/* 0086C 8099EFFC 00A08025 */  or      $s0, $a1, $zero            ## $s0 = 00000000
/* 00870 8099F000 AFBF001C */  sw      $ra, 0x001C($sp)           
/* 00874 8099F004 AFA40030 */  sw      $a0, 0x0030($sp)           
/* 00878 8099F008 AFA60038 */  sw      $a2, 0x0038($sp)           
/* 0087C 8099F00C AFA7003C */  sw      $a3, 0x003C($sp)           
/* 00880 8099F010 2401000F */  addiu   $at, $zero, 0x000F         ## $at = 0000000F
/* 00884 8099F014 56010019 */  bnel    $s0, $at, .L8099F07C       
/* 00888 8099F018 24010008 */  addiu   $at, $zero, 0x0008         ## $at = 00000008
/* 0088C 8099F01C 44807000 */  mtc1    $zero, $f14                ## $f14 = 0.00
/* 00890 8099F020 3C01809A */  lui     $at, %hi(D_8099F614)       ## $at = 809A0000
/* 00894 8099F024 C42CF614 */  lwc1    $f12, %lo(D_8099F614)($at) 
/* 00898 8099F028 44067000 */  mfc1    $a2, $f14                  
/* 0089C 8099F02C 0C0600A7 */  jal     func_8018029C              
/* 008A0 8099F030 24070001 */  addiu   $a3, $zero, 0x0001         ## $a3 = 00000001
/* 008A4 8099F034 8FAE0044 */  lw      $t6, 0x0044($sp)           
/* 008A8 8099F038 24050001 */  addiu   $a1, $zero, 0x0001         ## $a1 = 00000001
/* 008AC 8099F03C 0C06011E */  jal     func_80180478              
/* 008B0 8099F040 85C402F6 */  lh      $a0, 0x02F6($t6)           ## 000002F6
/* 008B4 8099F044 8FAF0044 */  lw      $t7, 0x0044($sp)           
/* 008B8 8099F048 24050001 */  addiu   $a1, $zero, 0x0001         ## $a1 = 00000001
/* 008BC 8099F04C 85E402F4 */  lh      $a0, 0x02F4($t7)           ## 000002F4
/* 008C0 8099F050 00042023 */  subu    $a0, $zero, $a0            
/* 008C4 8099F054 00042400 */  sll     $a0, $a0, 16               
/* 008C8 8099F058 0C06033E */  jal     func_80180CF8              
/* 008CC 8099F05C 00042403 */  sra     $a0, $a0, 16               
/* 008D0 8099F060 44807000 */  mtc1    $zero, $f14                ## $f14 = 0.00
/* 008D4 8099F064 3C01809A */  lui     $at, %hi(D_8099F618)       ## $at = 809A0000
/* 008D8 8099F068 C42CF618 */  lwc1    $f12, %lo(D_8099F618)($at) 
/* 008DC 8099F06C 44067000 */  mfc1    $a2, $f14                  
/* 008E0 8099F070 0C0600A7 */  jal     func_8018029C              
/* 008E4 8099F074 24070001 */  addiu   $a3, $zero, 0x0001         ## $a3 = 00000001
/* 008E8 8099F078 24010008 */  addiu   $at, $zero, 0x0008         ## $at = 00000008
.L8099F07C:
/* 008EC 8099F07C 1601000E */  bne     $s0, $at, .L8099F0B8       
/* 008F0 8099F080 8FB80044 */  lw      $t8, 0x0044($sp)           
/* 008F4 8099F084 870402FC */  lh      $a0, 0x02FC($t8)           ## 000002FC
/* 008F8 8099F088 24050001 */  addiu   $a1, $zero, 0x0001         ## $a1 = 00000001
/* 008FC 8099F08C 00042023 */  subu    $a0, $zero, $a0            
/* 00900 8099F090 00042400 */  sll     $a0, $a0, 16               
/* 00904 8099F094 0C06011E */  jal     func_80180478              
/* 00908 8099F098 00042403 */  sra     $a0, $a0, 16               
/* 0090C 8099F09C 8FB90044 */  lw      $t9, 0x0044($sp)           
/* 00910 8099F0A0 24050001 */  addiu   $a1, $zero, 0x0001         ## $a1 = 00000001
/* 00914 8099F0A4 872402FA */  lh      $a0, 0x02FA($t9)           ## 000002FA
/* 00918 8099F0A8 00042023 */  subu    $a0, $zero, $a0            
/* 0091C 8099F0AC 00042400 */  sll     $a0, $a0, 16               
/* 00920 8099F0B0 0C06033E */  jal     func_80180CF8              
/* 00924 8099F0B4 00042403 */  sra     $a0, $a0, 16               
.L8099F0B8:
/* 00928 8099F0B8 24010008 */  addiu   $at, $zero, 0x0008         ## $at = 00000008
/* 0092C 8099F0BC 12010005 */  beq     $s0, $at, .L8099F0D4       
/* 00930 8099F0C0 8FA80044 */  lw      $t0, 0x0044($sp)           
/* 00934 8099F0C4 24010009 */  addiu   $at, $zero, 0x0009         ## $at = 00000009
/* 00938 8099F0C8 12010002 */  beq     $s0, $at, .L8099F0D4       
/* 0093C 8099F0CC 2401000C */  addiu   $at, $zero, 0x000C         ## $at = 0000000C
/* 00940 8099F0D0 1601001C */  bne     $s0, $at, .L8099F144       
.L8099F0D4:
/* 00944 8099F0D4 00104840 */  sll     $t1, $s0,  1               
/* 00948 8099F0D8 01091821 */  addu    $v1, $t0, $t1              
/* 0094C 8099F0DC 84640312 */  lh      $a0, 0x0312($v1)           ## 00000312
/* 00950 8099F0E0 0C03FB61 */  jal     func_800FED84              
/* 00954 8099F0E4 AFA30024 */  sw      $v1, 0x0024($sp)           
/* 00958 8099F0E8 3C014348 */  lui     $at, 0x4348                ## $at = 43480000
/* 0095C 8099F0EC 44812000 */  mtc1    $at, $f4                   ## $f4 = 200.00
/* 00960 8099F0F0 8FA20040 */  lw      $v0, 0x0040($sp)           
/* 00964 8099F0F4 8FA30024 */  lw      $v1, 0x0024($sp)           
/* 00968 8099F0F8 46040182 */  mul.s   $f6, $f0, $f4              
/* 0096C 8099F0FC 844A0002 */  lh      $t2, 0x0002($v0)           ## 00000002
/* 00970 8099F100 4600320D */  trunc.w.s $f8, $f6                   
/* 00974 8099F104 440E4000 */  mfc1    $t6, $f8                   
/* 00978 8099F108 00000000 */  nop
/* 0097C 8099F10C 014E7821 */  addu    $t7, $t2, $t6              
/* 00980 8099F110 A44F0002 */  sh      $t7, 0x0002($v0)           ## 00000002
/* 00984 8099F114 0C03FB51 */  jal     func_800FED44              
/* 00988 8099F118 8464033A */  lh      $a0, 0x033A($v1)           ## 0000033A
/* 0098C 8099F11C 3C014348 */  lui     $at, 0x4348                ## $at = 43480000
/* 00990 8099F120 44815000 */  mtc1    $at, $f10                  ## $f10 = 200.00
/* 00994 8099F124 8FA20040 */  lw      $v0, 0x0040($sp)           
/* 00998 8099F128 460A0402 */  mul.s   $f16, $f0, $f10            
/* 0099C 8099F12C 84580004 */  lh      $t8, 0x0004($v0)           ## 00000004
/* 009A0 8099F130 4600848D */  trunc.w.s $f18, $f16                 
/* 009A4 8099F134 440B9000 */  mfc1    $t3, $f18                  
/* 009A8 8099F138 00000000 */  nop
/* 009AC 8099F13C 030B6021 */  addu    $t4, $t8, $t3              
/* 009B0 8099F140 A44C0004 */  sh      $t4, 0x0004($v0)           ## 00000004
.L8099F144:
/* 009B4 8099F144 00001025 */  or      $v0, $zero, $zero          ## $v0 = 00000000
/* 009B8 8099F148 8FBF001C */  lw      $ra, 0x001C($sp)           
/* 009BC 8099F14C 8FB00018 */  lw      $s0, 0x0018($sp)           
/* 009C0 8099F150 27BD0030 */  addiu   $sp, $sp, 0x0030           ## $sp = 00000000
/* 009C4 8099F154 03E00008 */  jr      $ra                        
/* 009C8 8099F158 00000000 */  nop


glabel func_8099F15C
/* 009CC 8099F15C 27BDFFC0 */  addiu   $sp, $sp, 0xFFC0           ## $sp = FFFFFFC0
/* 009D0 8099F160 AFBF0014 */  sw      $ra, 0x0014($sp)           
/* 009D4 8099F164 AFA40040 */  sw      $a0, 0x0040($sp)           
/* 009D8 8099F168 AFA60048 */  sw      $a2, 0x0048($sp)           
/* 009DC 8099F16C AFA7004C */  sw      $a3, 0x004C($sp)           
/* 009E0 8099F170 3C0F809A */  lui     $t7, %hi(D_8099F5CC)       ## $t7 = 809A0000
/* 009E4 8099F174 25EFF5CC */  addiu   $t7, $t7, %lo(D_8099F5CC)  ## $t7 = 8099F5CC
/* 009E8 8099F178 8DF90000 */  lw      $t9, 0x0000($t7)           ## 8099F5CC
/* 009EC 8099F17C 27AE0030 */  addiu   $t6, $sp, 0x0030           ## $t6 = FFFFFFF0
/* 009F0 8099F180 8DF80004 */  lw      $t8, 0x0004($t7)           ## 8099F5D0
/* 009F4 8099F184 ADD90000 */  sw      $t9, 0x0000($t6)           ## FFFFFFF0
/* 009F8 8099F188 8DF90008 */  lw      $t9, 0x0008($t7)           ## 8099F5D4
/* 009FC 8099F18C 3C09809A */  lui     $t1, %hi(D_8099F5D8)       ## $t1 = 809A0000
/* 00A00 8099F190 2529F5D8 */  addiu   $t1, $t1, %lo(D_8099F5D8)  ## $t1 = 8099F5D8
/* 00A04 8099F194 ADD80004 */  sw      $t8, 0x0004($t6)           ## FFFFFFF4
/* 00A08 8099F198 ADD90008 */  sw      $t9, 0x0008($t6)           ## FFFFFFF8
/* 00A0C 8099F19C 8D2B0000 */  lw      $t3, 0x0000($t1)           ## 8099F5D8
/* 00A10 8099F1A0 27A80024 */  addiu   $t0, $sp, 0x0024           ## $t0 = FFFFFFE4
/* 00A14 8099F1A4 8D2A0004 */  lw      $t2, 0x0004($t1)           ## 8099F5DC
/* 00A18 8099F1A8 AD0B0000 */  sw      $t3, 0x0000($t0)           ## FFFFFFE4
/* 00A1C 8099F1AC 8D2B0008 */  lw      $t3, 0x0008($t1)           ## 8099F5E0
/* 00A20 8099F1B0 3C0C809A */  lui     $t4, %hi(D_8099F578)       ## $t4 = 809A0000
/* 00A24 8099F1B4 258CF578 */  addiu   $t4, $t4, %lo(D_8099F578)  ## $t4 = 8099F578
/* 00A28 8099F1B8 00AC1821 */  addu    $v1, $a1, $t4              
/* 00A2C 8099F1BC AD0A0004 */  sw      $t2, 0x0004($t0)           ## FFFFFFE8
/* 00A30 8099F1C0 AD0B0008 */  sw      $t3, 0x0008($t0)           ## FFFFFFEC
/* 00A34 8099F1C4 80620000 */  lb      $v0, 0x0000($v1)           ## 00000000
/* 00A38 8099F1C8 8FAD0050 */  lw      $t5, 0x0050($sp)           
/* 00A3C 8099F1CC 27A40024 */  addiu   $a0, $sp, 0x0024           ## $a0 = FFFFFFE4
/* 00A40 8099F1D0 04400008 */  bltz    $v0, .L8099F1F4            
/* 00A44 8099F1D4 00027080 */  sll     $t6, $v0,  2               
/* 00A48 8099F1D8 01C27023 */  subu    $t6, $t6, $v0              
/* 00A4C 8099F1DC 000E7080 */  sll     $t6, $t6,  2               
/* 00A50 8099F1E0 01AE2821 */  addu    $a1, $t5, $t6              
/* 00A54 8099F1E4 24A50364 */  addiu   $a1, $a1, 0x0364           ## $a1 = 00000364
/* 00A58 8099F1E8 0C0606A6 */  jal     func_80181A98              
/* 00A5C 8099F1EC AFA30020 */  sw      $v1, 0x0020($sp)           
/* 00A60 8099F1F0 8FA30020 */  lw      $v1, 0x0020($sp)           
.L8099F1F4:
/* 00A64 8099F1F4 3C0F809A */  lui     $t7, %hi(D_8099F587)       ## $t7 = 809A0000
/* 00A68 8099F1F8 25EFF587 */  addiu   $t7, $t7, %lo(D_8099F587)  ## $t7 = 8099F587
/* 00A6C 8099F1FC 146F0006 */  bne     $v1, $t7, .L8099F218       
/* 00A70 8099F200 27A40030 */  addiu   $a0, $sp, 0x0030           ## $a0 = FFFFFFF0
/* 00A74 8099F204 8FA50050 */  lw      $a1, 0x0050($sp)           
/* 00A78 8099F208 AFA30020 */  sw      $v1, 0x0020($sp)           
/* 00A7C 8099F20C 0C0606A6 */  jal     func_80181A98              
/* 00A80 8099F210 24A5003C */  addiu   $a1, $a1, 0x003C           ## $a1 = 0000003C
/* 00A84 8099F214 8FA30020 */  lw      $v1, 0x0020($sp)           
.L8099F218:
/* 00A88 8099F218 3C18809A */  lui     $t8, %hi(D_8099F57C)       ## $t8 = 809A0000
/* 00A8C 8099F21C 2718F57C */  addiu   $t8, $t8, %lo(D_8099F57C)  ## $t8 = 8099F57C
/* 00A90 8099F220 14780006 */  bne     $v1, $t8, .L8099F23C       
/* 00A94 8099F224 27A40024 */  addiu   $a0, $sp, 0x0024           ## $a0 = FFFFFFE4
/* 00A98 8099F228 8FA50050 */  lw      $a1, 0x0050($sp)           
/* 00A9C 8099F22C AFA30020 */  sw      $v1, 0x0020($sp)           
/* 00AA0 8099F230 0C0606A6 */  jal     func_80181A98              
/* 00AA4 8099F234 24A501E4 */  addiu   $a1, $a1, 0x01E4           ## $a1 = 000001E4
/* 00AA8 8099F238 8FA30020 */  lw      $v1, 0x0020($sp)           
.L8099F23C:
/* 00AAC 8099F23C 3C19809A */  lui     $t9, %hi(D_8099F57F)       ## $t9 = 809A0000
/* 00AB0 8099F240 2739F57F */  addiu   $t9, $t9, %lo(D_8099F57F)  ## $t9 = 8099F57F
/* 00AB4 8099F244 14790004 */  bne     $v1, $t9, .L8099F258       
/* 00AB8 8099F248 8FA50050 */  lw      $a1, 0x0050($sp)           
/* 00ABC 8099F24C 27A40024 */  addiu   $a0, $sp, 0x0024           ## $a0 = FFFFFFE4
/* 00AC0 8099F250 0C0606A6 */  jal     func_80181A98              
/* 00AC4 8099F254 24A501F0 */  addiu   $a1, $a1, 0x01F0           ## $a1 = 000001F0
.L8099F258:
/* 00AC8 8099F258 8FBF0014 */  lw      $ra, 0x0014($sp)           
/* 00ACC 8099F25C 27BD0040 */  addiu   $sp, $sp, 0x0040           ## $sp = 00000000
/* 00AD0 8099F260 03E00008 */  jr      $ra                        
/* 00AD4 8099F264 00000000 */  nop


glabel func_8099F268
/* 00AD8 8099F268 27BDFF68 */  addiu   $sp, $sp, 0xFF68           ## $sp = FFFFFF68
/* 00ADC 8099F26C AFB60044 */  sw      $s6, 0x0044($sp)           
/* 00AE0 8099F270 AFB20034 */  sw      $s2, 0x0034($sp)           
/* 00AE4 8099F274 27B2007C */  addiu   $s2, $sp, 0x007C           ## $s2 = FFFFFFE4
/* 00AE8 8099F278 0080B025 */  or      $s6, $a0, $zero            ## $s6 = 00000000
/* 00AEC 8099F27C AFBF004C */  sw      $ra, 0x004C($sp)           
/* 00AF0 8099F280 AFB70048 */  sw      $s7, 0x0048($sp)           
/* 00AF4 8099F284 AFB50040 */  sw      $s5, 0x0040($sp)           
/* 00AF8 8099F288 AFB4003C */  sw      $s4, 0x003C($sp)           
/* 00AFC 8099F28C AFB30038 */  sw      $s3, 0x0038($sp)           
/* 00B00 8099F290 AFB10030 */  sw      $s1, 0x0030($sp)           
/* 00B04 8099F294 AFB0002C */  sw      $s0, 0x002C($sp)           
/* 00B08 8099F298 F7B40020 */  sdc1    $f20, 0x0020($sp)          
/* 00B0C 8099F29C 8CA40000 */  lw      $a0, 0x0000($a1)           ## 00000000
/* 00B10 8099F2A0 3C0E809A */  lui     $t6, %hi(D_8099F600)       ## $t6 = 809A0000
/* 00B14 8099F2A4 25CEF600 */  addiu   $t6, $t6, %lo(D_8099F600)  ## $t6 = 8099F600
/* 00B18 8099F2A8 8C9702B4 */  lw      $s7, 0x02B4($a0)           ## 000002B4
/* 00B1C 8099F2AC 26F7F000 */  addiu   $s7, $s7, 0xF000           ## $s7 = FFFFF000
/* 00B20 8099F2B0 AC9702B4 */  sw      $s7, 0x02B4($a0)           ## 000002B4
/* 00B24 8099F2B4 8DD80000 */  lw      $t8, 0x0000($t6)           ## 8099F600
/* 00B28 8099F2B8 AE580000 */  sw      $t8, 0x0000($s2)           ## FFFFFFE4
/* 00B2C 8099F2BC 8DCF0004 */  lw      $t7, 0x0004($t6)           ## 8099F604
/* 00B30 8099F2C0 AE4F0004 */  sw      $t7, 0x0004($s2)           ## FFFFFFE8
/* 00B34 8099F2C4 8DD80008 */  lw      $t8, 0x0008($t6)           ## 8099F608
/* 00B38 8099F2C8 AE580008 */  sw      $t8, 0x0008($s2)           ## FFFFFFEC
/* 00B3C 8099F2CC 8CA40000 */  lw      $a0, 0x0000($a1)           ## 00000000
/* 00B40 8099F2D0 AFA5009C */  sw      $a1, 0x009C($sp)           
/* 00B44 8099F2D4 0C04B0A3 */  jal     func_8012C28C              
/* 00B48 8099F2D8 00808025 */  or      $s0, $a0, $zero            ## $s0 = 00000000
/* 00B4C 8099F2DC 3C04E700 */  lui     $a0, 0xE700                ## $a0 = E7000000
/* 00B50 8099F2E0 8E0202B0 */  lw      $v0, 0x02B0($s0)           ## 000002B0
/* 00B54 8099F2E4 24590008 */  addiu   $t9, $v0, 0x0008           ## $t9 = 00000008
/* 00B58 8099F2E8 AE1902B0 */  sw      $t9, 0x02B0($s0)           ## 000002B0
/* 00B5C 8099F2EC AC400004 */  sw      $zero, 0x0004($v0)         ## 00000004
/* 00B60 8099F2F0 AC440000 */  sw      $a0, 0x0000($v0)           ## 00000000
/* 00B64 8099F2F4 8E0202B0 */  lw      $v0, 0x02B0($s0)           ## 000002B0
/* 00B68 8099F2F8 3C09FB00 */  lui     $t1, 0xFB00                ## $t1 = FB000000
/* 00B6C 8099F2FC 240A00FF */  addiu   $t2, $zero, 0x00FF         ## $t2 = 000000FF
/* 00B70 8099F300 24480008 */  addiu   $t0, $v0, 0x0008           ## $t0 = 00000008
/* 00B74 8099F304 AE0802B0 */  sw      $t0, 0x02B0($s0)           ## 000002B0
/* 00B78 8099F308 AC4A0004 */  sw      $t2, 0x0004($v0)           ## 00000004
/* 00B7C 8099F30C AC490000 */  sw      $t1, 0x0000($v0)           ## 00000000
/* 00B80 8099F310 8E0202B0 */  lw      $v0, 0x02B0($s0)           ## 000002B0
/* 00B84 8099F314 244B0008 */  addiu   $t3, $v0, 0x0008           ## $t3 = 00000008
/* 00B88 8099F318 AE0B02B0 */  sw      $t3, 0x02B0($s0)           ## 000002B0
/* 00B8C 8099F31C AC400004 */  sw      $zero, 0x0004($v0)         ## 00000004
/* 00B90 8099F320 AC440000 */  sw      $a0, 0x0000($v0)           ## 00000000
/* 00B94 8099F324 8E0202B0 */  lw      $v0, 0x02B0($s0)           ## 000002B0
/* 00B98 8099F328 3C0DDB06 */  lui     $t5, 0xDB06                ## $t5 = DB060000
/* 00B9C 8099F32C 35AD0020 */  ori     $t5, $t5, 0x0020           ## $t5 = DB060020
/* 00BA0 8099F330 244C0008 */  addiu   $t4, $v0, 0x0008           ## $t4 = 00000008
/* 00BA4 8099F334 AE0C02B0 */  sw      $t4, 0x02B0($s0)           ## 000002B0
/* 00BA8 8099F338 AC4D0000 */  sw      $t5, 0x0000($v0)           ## 00000000
/* 00BAC 8099F33C 86CE041E */  lh      $t6, 0x041E($s6)           ## 0000041E
/* 00BB0 8099F340 00408825 */  or      $s1, $v0, $zero            ## $s1 = 00000000
/* 00BB4 8099F344 000E7880 */  sll     $t7, $t6,  2               
/* 00BB8 8099F348 024FC021 */  addu    $t8, $s2, $t7              
/* 00BBC 8099F34C 0C040141 */  jal     func_80100504              
/* 00BC0 8099F350 8F040000 */  lw      $a0, 0x0000($t8)           ## 00000000
/* 00BC4 8099F354 AE220004 */  sw      $v0, 0x0004($s1)           ## 00000004
/* 00BC8 8099F358 8E0202B0 */  lw      $v0, 0x02B0($s0)           ## 000002B0
/* 00BCC 8099F35C 3C08DB06 */  lui     $t0, 0xDB06                ## $t0 = DB060000
/* 00BD0 8099F360 3C09809A */  lui     $t1, %hi(D_8099F5F8)       ## $t1 = 809A0000
/* 00BD4 8099F364 24590008 */  addiu   $t9, $v0, 0x0008           ## $t9 = 00000008
/* 00BD8 8099F368 AE1902B0 */  sw      $t9, 0x02B0($s0)           ## 000002B0
/* 00BDC 8099F36C 2529F5F8 */  addiu   $t1, $t1, %lo(D_8099F5F8)  ## $t1 = 8099F5F8
/* 00BE0 8099F370 35080030 */  ori     $t0, $t0, 0x0030           ## $t0 = DB060030
/* 00BE4 8099F374 AC480000 */  sw      $t0, 0x0000($v0)           ## 00000000
/* 00BE8 8099F378 AC490004 */  sw      $t1, 0x0004($v0)           ## 00000004
/* 00BEC 8099F37C 8EC5014C */  lw      $a1, 0x014C($s6)           ## 0000014C
/* 00BF0 8099F380 8EC60168 */  lw      $a2, 0x0168($s6)           ## 00000168
/* 00BF4 8099F384 92C7014A */  lbu     $a3, 0x014A($s6)           ## 0000014A
/* 00BF8 8099F388 3C0A809A */  lui     $t2, %hi(func_8099EFF4)    ## $t2 = 809A0000
/* 00BFC 8099F38C 3C0B809A */  lui     $t3, %hi(func_8099F15C)    ## $t3 = 809A0000
/* 00C00 8099F390 256BF15C */  addiu   $t3, $t3, %lo(func_8099F15C) ## $t3 = 8099F15C
/* 00C04 8099F394 254AEFF4 */  addiu   $t2, $t2, %lo(func_8099EFF4) ## $t2 = 8099EFF4
/* 00C08 8099F398 AFAA0010 */  sw      $t2, 0x0010($sp)           
/* 00C0C 8099F39C AFAB0014 */  sw      $t3, 0x0014($sp)           
/* 00C10 8099F3A0 AFB60018 */  sw      $s6, 0x0018($sp)           
/* 00C14 8099F3A4 8E0C02B0 */  lw      $t4, 0x02B0($s0)           ## 000002B0
/* 00C18 8099F3A8 8FA4009C */  lw      $a0, 0x009C($sp)           
/* 00C1C 8099F3AC 0C04D36F */  jal     func_80134DBC              
/* 00C20 8099F3B0 AFAC001C */  sw      $t4, 0x001C($sp)           
/* 00C24 8099F3B4 AE0202B0 */  sw      $v0, 0x02B0($s0)           ## 000002B0
/* 00C28 8099F3B8 00002025 */  or      $a0, $zero, $zero          ## $a0 = 00000000
/* 00C2C 8099F3BC 0C06011E */  jal     func_80180478              
/* 00C30 8099F3C0 00002825 */  or      $a1, $zero, $zero          ## $a1 = 00000000
/* 00C34 8099F3C4 00008025 */  or      $s0, $zero, $zero          ## $s0 = 00000000
/* 00C38 8099F3C8 02E01025 */  or      $v0, $s7, $zero            ## $v0 = FFFFF000
.L8099F3CC:
/* 00C3C 8099F3CC 26100001 */  addiu   $s0, $s0, 0x0001           ## $s0 = 00000001
/* 00C40 8099F3D0 2A011000 */  slti    $at, $s0, 0x1000           
/* 00C44 8099F3D4 A0400000 */  sb      $zero, 0x0000($v0)         ## FFFFF000
/* 00C48 8099F3D8 1420FFFC */  bne     $at, $zero, .L8099F3CC     
/* 00C4C 8099F3DC 24420001 */  addiu   $v0, $v0, 0x0001           ## $v0 = FFFFF001
/* 00C50 8099F3E0 3C0140A0 */  lui     $at, 0x40A0                ## $at = 40A00000
/* 00C54 8099F3E4 3C14809A */  lui     $s4, %hi(D_8099F58C)       ## $s4 = 809A0000
/* 00C58 8099F3E8 3C13809A */  lui     $s3, %hi(D_8099F59C)       ## $s3 = 809A0000
/* 00C5C 8099F3EC 4481A000 */  mtc1    $at, $f20                  ## $f20 = 5.00
/* 00C60 8099F3F0 2673F59C */  addiu   $s3, $s3, %lo(D_8099F59C)  ## $s3 = 8099F59C
/* 00C64 8099F3F4 2694F58C */  addiu   $s4, $s4, %lo(D_8099F58C)  ## $s4 = 8099F58C
/* 00C68 8099F3F8 00008025 */  or      $s0, $zero, $zero          ## $s0 = 00000000
/* 00C6C 8099F3FC 26D10364 */  addiu   $s1, $s6, 0x0364           ## $s1 = 00000364
/* 00C70 8099F400 26D20024 */  addiu   $s2, $s6, 0x0024           ## $s2 = 00000024
/* 00C74 8099F404 24150005 */  addiu   $s5, $zero, 0x0005         ## $s5 = 00000005
/* 00C78 8099F408 44902000 */  mtc1    $s0, $f4                   ## $f4 = 0.00
.L8099F40C:
/* 00C7C 8099F40C 240D000F */  addiu   $t5, $zero, 0x000F         ## $t5 = 0000000F
/* 00C80 8099F410 AFAD0010 */  sw      $t5, 0x0010($sp)           
/* 00C84 8099F414 468021A0 */  cvt.s.w $f6, $f4                   
/* 00C88 8099F418 02202025 */  or      $a0, $s1, $zero            ## $a0 = 00000364
/* 00C8C 8099F41C 02402825 */  or      $a1, $s2, $zero            ## $a1 = 00000024
/* 00C90 8099F420 02E03025 */  or      $a2, $s7, $zero            ## $a2 = FFFFF000
/* 00C94 8099F424 AFB30014 */  sw      $s3, 0x0014($sp)           
/* 00C98 8099F428 AFB40018 */  sw      $s4, 0x0018($sp)           
/* 00C9C 8099F42C 46143203 */  div.s   $f8, $f6, $f20             
/* 00CA0 8099F430 44074000 */  mfc1    $a3, $f8                   
/* 00CA4 8099F434 0C04F359 */  jal     func_8013CD64              
/* 00CA8 8099F438 00000000 */  nop
/* 00CAC 8099F43C 26100001 */  addiu   $s0, $s0, 0x0001           ## $s0 = 00000001
/* 00CB0 8099F440 5615FFF2 */  bnel    $s0, $s5, .L8099F40C       
/* 00CB4 8099F444 44902000 */  mtc1    $s0, $f4                   ## $f4 = 0.00
/* 00CB8 8099F448 02C02025 */  or      $a0, $s6, $zero            ## $a0 = 00000000
/* 00CBC 8099F44C 8FA5009C */  lw      $a1, 0x009C($sp)           
/* 00CC0 8099F450 0C04F3C1 */  jal     func_8013CF04              
/* 00CC4 8099F454 02E03025 */  or      $a2, $s7, $zero            ## $a2 = FFFFF000
/* 00CC8 8099F458 8FBF004C */  lw      $ra, 0x004C($sp)           
/* 00CCC 8099F45C D7B40020 */  ldc1    $f20, 0x0020($sp)          
/* 00CD0 8099F460 8FB0002C */  lw      $s0, 0x002C($sp)           
/* 00CD4 8099F464 8FB10030 */  lw      $s1, 0x0030($sp)           
/* 00CD8 8099F468 8FB20034 */  lw      $s2, 0x0034($sp)           
/* 00CDC 8099F46C 8FB30038 */  lw      $s3, 0x0038($sp)           
/* 00CE0 8099F470 8FB4003C */  lw      $s4, 0x003C($sp)           
/* 00CE4 8099F474 8FB50040 */  lw      $s5, 0x0040($sp)           
/* 00CE8 8099F478 8FB60044 */  lw      $s6, 0x0044($sp)           
/* 00CEC 8099F47C 8FB70048 */  lw      $s7, 0x0048($sp)           
/* 00CF0 8099F480 03E00008 */  jr      $ra                        
/* 00CF4 8099F484 27BD0098 */  addiu   $sp, $sp, 0x0098           ## $sp = 00000000
/* 00CF8 8099F488 00000000 */  nop
/* 00CFC 8099F48C 00000000 */  nop

.section .data

D_8099F490: .word 0x00F80400, 0x00000019, 0x00D00000, 0x00000424
.word func_8099EE34
.word func_8099EF40
.word func_8099EF6C
.word func_8099F268
D_8099F4B0: .word \
0x00000939, 0x10010000, 0x01000000, 0x00000000, \
0x00000000, 0xF7CFFFFF, 0x00000000, 0x00010100, \
0x00120040, 0x00000000, 0x00000000
D_8099F4DC: .word 0x00000000, 0x00000000, 0xFF000000
D_8099F4E8: .word \
0x00000000, 0x00000000, 0x00000000, 0x00000000, \
0x00000000, 0x00000000, 0x00000000, 0x00000000
D_8099F508: .word \
0x06004248, 0x3F800000, 0x0000FFFF, 0x00000000, \
0x06004248, 0x3F800000, 0x0000FFFF, 0x0000FFFC, \
0x06003610, 0x3F800000, 0x0000FFFF, 0x0000FFFC, \
0x06000598, 0x3F800000, 0x0000FFFF, 0x0000FFFC, \
0x06000D48, 0x3F800000, 0x0000FFFF, 0x0000FFFC, \
0x0600219C, 0x3F800000, 0x0000FFFF, 0x0000FFFC, \
0x06002898, 0x3F800000, 0x0000FFFF, 0x0000FFFC
D_8099F578: .word 0xFF010C0D
D_8099F57C: .byte 0x0E, 0x09, 0x0A
D_8099F57F: .byte 0x0B, 0x00, 0x06, 0x07, 0x08, 0x03, 0x04, 0x05
D_8099F587: .byte 0x02, 0xFF, 0xFF, 0xFF, 0xFF
D_8099F58C: .word 0x00000000, 0x03040006, 0x0700090A, 0x000C0D00
D_8099F59C: .word 0x00000000, 0x00000000, 0x00000000, 0x00000000
D_8099F5AC: .word \
0x0FA00004, 0x00010003, 0x17700004, 0x00010006, \
0x0FA00004, 0x00010003, 0x17700004, 0x00010006
D_8099F5CC: .word 0x43C80000, 0x00000000, 0x00000000
D_8099F5D8: .word \
0x00000000, 0x00000000, 0x00000000, 0x00000000, \
0xE200001C, 0xC81049F8, 0xE2001E01, 0x00000001
D_8099F5F8: .word 0xDF000000, 0x00000000
D_8099F600: .word 0x060050A0, 0x060058A0, 0x060060A0, 0x00000000

.section .rodata

D_8099F610: .word 0x3C23D70A
D_8099F614: .word 0x44BB8000
D_8099F618: .word 0xC4BB8000, 0x00000000


.section .rodata
D_8099F620:
.incbin "baserom/En_Zo", 0xE90, 0x00000110
