.include "macro.inc"

# assembler directives
.set noat      # allow manual use of $at
.set noreorder # don't insert nops after branches
.set gp=64     # allow use of 64-bit general purpose registers

.section .text
glabel func_80B9F570
/* 00000 80B9F570 27BDFFC0 */  addiu   $sp, $sp, 0xFFC0           ## $sp = FFFFFFC0
/* 00004 80B9F574 AFB30030 */  sw      $s3, 0x0030($sp)           
/* 00008 80B9F578 AFB10028 */  sw      $s1, 0x0028($sp)           
/* 0000C 80B9F57C 00A08825 */  or      $s1, $a1, $zero            ## $s1 = 00000000
/* 00010 80B9F580 00809825 */  or      $s3, $a0, $zero            ## $s3 = 00000000
/* 00014 80B9F584 AFBF003C */  sw      $ra, 0x003C($sp)           
/* 00018 80B9F588 AFB50038 */  sw      $s5, 0x0038($sp)           
/* 0001C 80B9F58C AFB40034 */  sw      $s4, 0x0034($sp)           
/* 00020 80B9F590 AFB2002C */  sw      $s2, 0x002C($sp)           
/* 00024 80B9F594 AFB00024 */  sw      $s0, 0x0024($sp)           
/* 00028 80B9F598 3C06800B */  lui     $a2, 0x800B                ## $a2 = 800B0000
/* 0002C 80B9F59C 24C63FC0 */  addiu   $a2, $a2, 0x3FC0           ## $a2 = 800B3FC0
/* 00030 80B9F5A0 266400BC */  addiu   $a0, $s3, 0x00BC           ## $a0 = 000000BC
/* 00034 80B9F5A4 24050000 */  addiu   $a1, $zero, 0x0000         ## $a1 = 00000000
/* 00038 80B9F5A8 0C02CEE9 */  jal     func_800B3BA4              
/* 0003C 80B9F5AC 3C0741A0 */  lui     $a3, 0x41A0                ## $a3 = 41A00000
/* 00040 80B9F5B0 240E00FF */  addiu   $t6, $zero, 0x00FF         ## $t6 = 000000FF
/* 00044 80B9F5B4 3C053C3C */  lui     $a1, 0x3C3C                ## $a1 = 3C3C0000
/* 00048 80B9F5B8 A26E00B6 */  sb      $t6, 0x00B6($s3)           ## 000000B6
/* 0004C 80B9F5BC 34A56A7F */  ori     $a1, $a1, 0x6A7F           ## $a1 = 3C3C6A7F
/* 00050 80B9F5C0 0C02D9F8 */  jal     func_800B67E0              
/* 00054 80B9F5C4 02602025 */  or      $a0, $s3, $zero            ## $a0 = 00000000
/* 00058 80B9F5C8 3C120600 */  lui     $s2, 0x0600                ## $s2 = 06000000
/* 0005C 80B9F5CC 26526998 */  addiu   $s2, $s2, 0x6998           ## $s2 = 06006998
/* 00060 80B9F5D0 26700144 */  addiu   $s0, $s3, 0x0144           ## $s0 = 00000144
/* 00064 80B9F5D4 3C060601 */  lui     $a2, 0x0601                ## $a2 = 06010000
/* 00068 80B9F5D8 266F0188 */  addiu   $t7, $s3, 0x0188           ## $t7 = 00000188
/* 0006C 80B9F5DC 26780218 */  addiu   $t8, $s3, 0x0218           ## $t8 = 00000218
/* 00070 80B9F5E0 24190018 */  addiu   $t9, $zero, 0x0018         ## $t9 = 00000018
/* 00074 80B9F5E4 AFB90018 */  sw      $t9, 0x0018($sp)           
/* 00078 80B9F5E8 AFB80014 */  sw      $t8, 0x0014($sp)           
/* 0007C 80B9F5EC AFAF0010 */  sw      $t7, 0x0010($sp)           
/* 00080 80B9F5F0 24C60810 */  addiu   $a2, $a2, 0x0810           ## $a2 = 06010810
/* 00084 80B9F5F4 02002825 */  or      $a1, $s0, $zero            ## $a1 = 00000144
/* 00088 80B9F5F8 02403825 */  or      $a3, $s2, $zero            ## $a3 = 06006998
/* 0008C 80B9F5FC 0C04DACC */  jal     func_80136B30              
/* 00090 80B9F600 02202025 */  or      $a0, $s1, $zero            ## $a0 = 00000000
/* 00094 80B9F604 02002025 */  or      $a0, $s0, $zero            ## $a0 = 00000144
/* 00098 80B9F608 0C04DD50 */  jal     func_80137540              
/* 0009C 80B9F60C 02402825 */  or      $a1, $s2, $zero            ## $a1 = 06006998
/* 000A0 80B9F610 3C0780BA */  lui     $a3, %hi(D_80BA10D0)       ## $a3 = 80BA0000
/* 000A4 80B9F614 24E710D0 */  addiu   $a3, $a3, %lo(D_80BA10D0)  ## $a3 = 80BA10D0
/* 000A8 80B9F618 02202025 */  or      $a0, $s1, $zero            ## $a0 = 00000000
/* 000AC 80B9F61C 266502A8 */  addiu   $a1, $s3, 0x02A8           ## $a1 = 000002A8
/* 000B0 80B9F620 0C0384DD */  jal     func_800E1374              
/* 000B4 80B9F624 02603025 */  or      $a2, $s3, $zero            ## $a2 = 00000000
/* 000B8 80B9F628 3C01C080 */  lui     $at, 0xC080                ## $at = C0800000
/* 000BC 80B9F62C 44810000 */  mtc1    $at, $f0                   ## $f0 = -4.00
/* 000C0 80B9F630 2415FFFF */  addiu   $s5, $zero, 0xFFFF         ## $s5 = FFFFFFFF
/* 000C4 80B9F634 24080009 */  addiu   $t0, $zero, 0x0009         ## $t0 = 00000009
/* 000C8 80B9F638 A66002F4 */  sh      $zero, 0x02F4($s3)         ## 000002F4
/* 000CC 80B9F63C A675030E */  sh      $s5, 0x030E($s3)           ## 0000030E
/* 000D0 80B9F640 A6600310 */  sh      $zero, 0x0310($s3)         ## 00000310
/* 000D4 80B9F644 A6680302 */  sh      $t0, 0x0302($s3)           ## 00000302
/* 000D8 80B9F648 A6600304 */  sh      $zero, 0x0304($s3)         ## 00000304
/* 000DC 80B9F64C 02602025 */  or      $a0, $s3, $zero            ## $a0 = 00000000
/* 000E0 80B9F650 24050006 */  addiu   $a1, $zero, 0x0006         ## $a1 = 00000006
/* 000E4 80B9F654 24060002 */  addiu   $a2, $zero, 0x0002         ## $a2 = 00000002
/* 000E8 80B9F658 E6600078 */  swc1    $f0, 0x0078($s3)           ## 00000078
/* 000EC 80B9F65C 0C2E7DF9 */  jal     func_80B9F7E4              
/* 000F0 80B9F660 E6600074 */  swc1    $f0, 0x0074($s3)           ## 00000074
/* 000F4 80B9F664 3C0980BA */  lui     $t1, %hi(func_80BA0728)    ## $t1 = 80BA0000
/* 000F8 80B9F668 25290728 */  addiu   $t1, $t1, %lo(func_80BA0728) ## $t1 = 80BA0728
/* 000FC 80B9F66C AE690314 */  sw      $t1, 0x0314($s3)           ## 00000314
/* 00100 80B9F670 A6600116 */  sh      $zero, 0x0116($s3)         ## 00000116
/* 00104 80B9F674 82700038 */  lb      $s0, 0x0038($s3)           ## 00000038
/* 00108 80B9F678 00008825 */  or      $s1, $zero, $zero          ## $s1 = 00000000
/* 0010C 80B9F67C 02609025 */  or      $s2, $s3, $zero            ## $s2 = 00000000
/* 00110 80B9F680 24140008 */  addiu   $s4, $zero, 0x0008         ## $s4 = 00000008
.L80B9F684:
/* 00114 80B9F684 12150006 */  beq     $s0, $s5, .L80B9F6A0       
/* 00118 80B9F688 A6500306 */  sh      $s0, 0x0306($s2)           ## 00000306
/* 0011C 80B9F68C A2700038 */  sb      $s0, 0x0038($s3)           ## 00000038
/* 00120 80B9F690 0C03C82E */  jal     func_800F20B8              
/* 00124 80B9F694 82640038 */  lb      $a0, 0x0038($s3)           ## 00000038
/* 00128 80B9F698 00028400 */  sll     $s0, $v0, 16               
/* 0012C 80B9F69C 00108403 */  sra     $s0, $s0, 16               
.L80B9F6A0:
/* 00130 80B9F6A0 26310002 */  addiu   $s1, $s1, 0x0002           ## $s1 = 00000002
/* 00134 80B9F6A4 1634FFF7 */  bne     $s1, $s4, .L80B9F684       
/* 00138 80B9F6A8 26520002 */  addiu   $s2, $s2, 0x0002           ## $s2 = 00000002
/* 0013C 80B9F6AC 8E6B0004 */  lw      $t3, 0x0004($s3)           ## 00000004
/* 00140 80B9F6B0 8662001C */  lh      $v0, 0x001C($s3)           ## 0000001C
/* 00144 80B9F6B4 3C010200 */  lui     $at, 0x0200                ## $at = 02000000
/* 00148 80B9F6B8 866A0306 */  lh      $t2, 0x0306($s3)           ## 00000306
/* 0014C 80B9F6BC 01616025 */  or      $t4, $t3, $at              ## $t4 = 02000000
/* 00150 80B9F6C0 24010001 */  addiu   $at, $zero, 0x0001         ## $at = 00000001
/* 00154 80B9F6C4 3042000F */  andi    $v0, $v0, 0x000F           ## $v0 = 00000000
/* 00158 80B9F6C8 AE6C0004 */  sw      $t4, 0x0004($s3)           ## 00000004
/* 0015C 80B9F6CC 10410006 */  beq     $v0, $at, .L80B9F6E8       
/* 00160 80B9F6D0 A26A0038 */  sb      $t2, 0x0038($s3)           ## 00000038
/* 00164 80B9F6D4 24010002 */  addiu   $at, $zero, 0x0002         ## $at = 00000002
/* 00168 80B9F6D8 10410017 */  beq     $v0, $at, .L80B9F738       
/* 0016C 80B9F6DC 3C0980BA */  lui     $t1, %hi(func_80BA0CF4)    ## $t1 = 80BA0000
/* 00170 80B9F6E0 10000022 */  beq     $zero, $zero, .L80B9F76C   
/* 00174 80B9F6E4 3C02801F */  lui     $v0, 0x801F                ## $v0 = 801F0000
.L80B9F6E8:
/* 00178 80B9F6E8 3C02801F */  lui     $v0, 0x801F                ## $v0 = 801F0000
/* 0017C 80B9F6EC 2442F670 */  addiu   $v0, $v0, 0xF670           ## $v0 = 801EF670
/* 00180 80B9F6F0 904D0F46 */  lbu     $t5, 0x0F46($v0)           ## 801F05B6
/* 00184 80B9F6F4 3C1880BA */  lui     $t8, %hi(func_80BA0AD8)    ## $t8 = 80BA0000
/* 00188 80B9F6F8 3C0F80BA */  lui     $t7, %hi(func_80BA0BB4)    ## $t7 = 80BA0000
/* 0018C 80B9F6FC 31AE0001 */  andi    $t6, $t5, 0x0001           ## $t6 = 00000000
/* 00190 80B9F700 11C00004 */  beq     $t6, $zero, .L80B9F714     
/* 00194 80B9F704 27180AD8 */  addiu   $t8, $t8, %lo(func_80BA0AD8) ## $t8 = 80BA0AD8
/* 00198 80B9F708 25EF0BB4 */  addiu   $t7, $t7, %lo(func_80BA0BB4) ## $t7 = 80BA0BB4
/* 0019C 80B9F70C 10000002 */  beq     $zero, $zero, .L80B9F718   
/* 001A0 80B9F710 AE6F0314 */  sw      $t7, 0x0314($s3)           ## 00000314
.L80B9F714:
/* 001A4 80B9F714 AE780314 */  sw      $t8, 0x0314($s3)           ## 00000314
.L80B9F718:
/* 001A8 80B9F718 90590F2F */  lbu     $t9, 0x0F2F($v0)           ## 801F059F
/* 001AC 80B9F71C 33280080 */  andi    $t0, $t9, 0x0080           ## $t0 = 00000000
/* 001B0 80B9F720 5500001D */  bnel    $t0, $zero, .L80B9F798     
/* 001B4 80B9F724 8FBF003C */  lw      $ra, 0x003C($sp)           
/* 001B8 80B9F728 0C02D9C3 */  jal     func_800B670C              
/* 001BC 80B9F72C 02602025 */  or      $a0, $s3, $zero            ## $a0 = 00000000
/* 001C0 80B9F730 10000019 */  beq     $zero, $zero, .L80B9F798   
/* 001C4 80B9F734 8FBF003C */  lw      $ra, 0x003C($sp)           
.L80B9F738:
/* 001C8 80B9F738 966A02F4 */  lhu     $t2, 0x02F4($s3)           ## 000002F4
/* 001CC 80B9F73C 25290CF4 */  addiu   $t1, $t1, %lo(func_80BA0CF4) ## $t1 = 00000CF4
/* 001D0 80B9F740 AE690314 */  sw      $t1, 0x0314($s3)           ## 00000314
/* 001D4 80B9F744 354B0020 */  ori     $t3, $t2, 0x0020           ## $t3 = 00000020
/* 001D8 80B9F748 A66B02F4 */  sh      $t3, 0x02F4($s3)           ## 000002F4
/* 001DC 80B9F74C A6750312 */  sh      $s5, 0x0312($s3)           ## 00000312
/* 001E0 80B9F750 02602025 */  or      $a0, $s3, $zero            ## $a0 = 00000000
/* 001E4 80B9F754 00002825 */  or      $a1, $zero, $zero          ## $a1 = 00000000
/* 001E8 80B9F758 0C2E7DF9 */  jal     func_80B9F7E4              
/* 001EC 80B9F75C 24060002 */  addiu   $a2, $zero, 0x0002         ## $a2 = 00000002
/* 001F0 80B9F760 240C0005 */  addiu   $t4, $zero, 0x0005         ## $t4 = 00000005
/* 001F4 80B9F764 1000000B */  beq     $zero, $zero, .L80B9F794   
/* 001F8 80B9F768 A66C0304 */  sh      $t4, 0x0304($s3)           ## 00000304
.L80B9F76C:
/* 001FC 80B9F76C 2442F670 */  addiu   $v0, $v0, 0xF670           ## $v0 = FFFFF670
/* 00200 80B9F770 904D0F2F */  lbu     $t5, 0x0F2F($v0)           ## 0000059F
/* 00204 80B9F774 31AE0080 */  andi    $t6, $t5, 0x0080           ## $t6 = 00000000
/* 00208 80B9F778 51C00004 */  beql    $t6, $zero, .L80B9F78C     
/* 0020C 80B9F77C 8E6F0004 */  lw      $t7, 0x0004($s3)           ## 00000004
/* 00210 80B9F780 0C02D9C3 */  jal     func_800B670C              
/* 00214 80B9F784 02602025 */  or      $a0, $s3, $zero            ## $a0 = 00000000
/* 00218 80B9F788 8E6F0004 */  lw      $t7, 0x0004($s3)           ## 00000004
.L80B9F78C:
/* 0021C 80B9F78C 35F80010 */  ori     $t8, $t7, 0x0010           ## $t8 = 00000010
/* 00220 80B9F790 AE780004 */  sw      $t8, 0x0004($s3)           ## 00000004
.L80B9F794:
/* 00224 80B9F794 8FBF003C */  lw      $ra, 0x003C($sp)           
.L80B9F798:
/* 00228 80B9F798 8FB00024 */  lw      $s0, 0x0024($sp)           
/* 0022C 80B9F79C 8FB10028 */  lw      $s1, 0x0028($sp)           
/* 00230 80B9F7A0 8FB2002C */  lw      $s2, 0x002C($sp)           
/* 00234 80B9F7A4 8FB30030 */  lw      $s3, 0x0030($sp)           
/* 00238 80B9F7A8 8FB40034 */  lw      $s4, 0x0034($sp)           
/* 0023C 80B9F7AC 8FB50038 */  lw      $s5, 0x0038($sp)           
/* 00240 80B9F7B0 03E00008 */  jr      $ra                        
/* 00244 80B9F7B4 27BD0040 */  addiu   $sp, $sp, 0x0040           ## $sp = 00000000


glabel func_80B9F7B8
/* 00248 80B9F7B8 27BDFFE8 */  addiu   $sp, $sp, 0xFFE8           ## $sp = FFFFFFE8
/* 0024C 80B9F7BC AFBF0014 */  sw      $ra, 0x0014($sp)           
/* 00250 80B9F7C0 00803025 */  or      $a2, $a0, $zero            ## $a2 = 00000000
/* 00254 80B9F7C4 00A03825 */  or      $a3, $a1, $zero            ## $a3 = 00000000
/* 00258 80B9F7C8 00E02025 */  or      $a0, $a3, $zero            ## $a0 = 00000000
/* 0025C 80B9F7CC 0C03847B */  jal     func_800E11EC              
/* 00260 80B9F7D0 24C502A8 */  addiu   $a1, $a2, 0x02A8           ## $a1 = 000002A8
/* 00264 80B9F7D4 8FBF0014 */  lw      $ra, 0x0014($sp)           
/* 00268 80B9F7D8 27BD0018 */  addiu   $sp, $sp, 0x0018           ## $sp = 00000000
/* 0026C 80B9F7DC 03E00008 */  jr      $ra                        
/* 00270 80B9F7E0 00000000 */  nop


glabel func_80B9F7E4
/* 00274 80B9F7E4 27BDFFD0 */  addiu   $sp, $sp, 0xFFD0           ## $sp = FFFFFFD0
/* 00278 80B9F7E8 AFBF0024 */  sw      $ra, 0x0024($sp)           
/* 0027C 80B9F7EC AFA40030 */  sw      $a0, 0x0030($sp)           
/* 00280 80B9F7F0 AFA50034 */  sw      $a1, 0x0034($sp)           
/* 00284 80B9F7F4 AFA60038 */  sw      $a2, 0x0038($sp)           
/* 00288 80B9F7F8 87AE0036 */  lh      $t6, 0x0036($sp)           
/* 0028C 80B9F7FC 3C1880BA */  lui     $t8, %hi(D_80BA10FC)       ## $t8 = 80BA0000
/* 00290 80B9F800 271810FC */  addiu   $t8, $t8, %lo(D_80BA10FC)  ## $t8 = 80BA10FC
/* 00294 80B9F804 000E7880 */  sll     $t7, $t6,  2               
/* 00298 80B9F808 01F81821 */  addu    $v1, $t7, $t8              
/* 0029C 80B9F80C 8C640000 */  lw      $a0, 0x0000($v1)           ## 00000000
/* 002A0 80B9F810 0C04D1D2 */  jal     func_80134748              
/* 002A4 80B9F814 AFA30028 */  sw      $v1, 0x0028($sp)           
/* 002A8 80B9F818 44822000 */  mtc1    $v0, $f4                   ## $f4 = 0.00
/* 002AC 80B9F81C 3C01C0A0 */  lui     $at, 0xC0A0                ## $at = C0A00000
/* 002B0 80B9F820 44814000 */  mtc1    $at, $f8                   ## $f8 = -5.00
/* 002B4 80B9F824 468021A0 */  cvt.s.w $f6, $f4                   
/* 002B8 80B9F828 8FA30028 */  lw      $v1, 0x0028($sp)           
/* 002BC 80B9F82C 8FA40030 */  lw      $a0, 0x0030($sp)           
/* 002C0 80B9F830 93B9003B */  lbu     $t9, 0x003B($sp)           
/* 002C4 80B9F834 3C063F80 */  lui     $a2, 0x3F80                ## $a2 = 3F800000
/* 002C8 80B9F838 24070000 */  addiu   $a3, $zero, 0x0000         ## $a3 = 00000000
/* 002CC 80B9F83C E7A60010 */  swc1    $f6, 0x0010($sp)           
/* 002D0 80B9F840 E7A80018 */  swc1    $f8, 0x0018($sp)           
/* 002D4 80B9F844 8C650000 */  lw      $a1, 0x0000($v1)           ## 00000000
/* 002D8 80B9F848 24840144 */  addiu   $a0, $a0, 0x0144           ## $a0 = 00000144
/* 002DC 80B9F84C 0C04DCFA */  jal     func_801373E8              
/* 002E0 80B9F850 AFB90014 */  sw      $t9, 0x0014($sp)           
/* 002E4 80B9F854 87A80036 */  lh      $t0, 0x0036($sp)           
/* 002E8 80B9F858 8FA90030 */  lw      $t1, 0x0030($sp)           
/* 002EC 80B9F85C A5280302 */  sh      $t0, 0x0302($t1)           ## 00000302
/* 002F0 80B9F860 8FBF0024 */  lw      $ra, 0x0024($sp)           
/* 002F4 80B9F864 03E00008 */  jr      $ra                        
/* 002F8 80B9F868 27BD0030 */  addiu   $sp, $sp, 0x0030           ## $sp = 00000000


glabel func_80B9F86C
/* 002FC 80B9F86C 27BDFFE0 */  addiu   $sp, $sp, 0xFFE0           ## $sp = FFFFFFE0
/* 00300 80B9F870 AFBF0014 */  sw      $ra, 0x0014($sp)           
/* 00304 80B9F874 00803825 */  or      $a3, $a0, $zero            ## $a3 = 00000000
/* 00308 80B9F878 24E40144 */  addiu   $a0, $a3, 0x0144           ## $a0 = 00000144
/* 0030C 80B9F87C AFA4001C */  sw      $a0, 0x001C($sp)           
/* 00310 80B9F880 0C04DB34 */  jal     func_80136CD0              
/* 00314 80B9F884 AFA70020 */  sw      $a3, 0x0020($sp)           
/* 00318 80B9F888 10400068 */  beq     $v0, $zero, .L80B9FA2C     
/* 0031C 80B9F88C 8FA70020 */  lw      $a3, 0x0020($sp)           
/* 00320 80B9F890 94EE0304 */  lhu     $t6, 0x0304($a3)           ## 00000304
/* 00324 80B9F894 2DC10006 */  sltiu   $at, $t6, 0x0006           
/* 00328 80B9F898 10200062 */  beq     $at, $zero, .L80B9FA24     
/* 0032C 80B9F89C 000E7080 */  sll     $t6, $t6,  2               
/* 00330 80B9F8A0 3C0180BA */  lui     $at, %hi(D_80BA1130)       ## $at = 80BA0000
/* 00334 80B9F8A4 002E0821 */  addu    $at, $at, $t6              
/* 00338 80B9F8A8 8C2E1130 */  lw      $t6, %lo(D_80BA1130)($at)  
/* 0033C 80B9F8AC 01C00008 */  jr      $t6                        
/* 00340 80B9F8B0 00000000 */  nop
.L80B9F8B4:
/* 00344 80B9F8B4 3C013F80 */  lui     $at, 0x3F80                ## $at = 3F800000
/* 00348 80B9F8B8 44816000 */  mtc1    $at, $f12                  ## $f12 = 1.00
/* 0034C 80B9F8BC 0C05E565 */  jal     func_80179594              
/* 00350 80B9F8C0 AFA70020 */  sw      $a3, 0x0020($sp)           
/* 00354 80B9F8C4 3C0180BA */  lui     $at, %hi(D_80BA1148)       ## $at = 80BA0000
/* 00358 80B9F8C8 C4241148 */  lwc1    $f4, %lo(D_80BA1148)($at)  
/* 0035C 80B9F8CC 8FA70020 */  lw      $a3, 0x0020($sp)           
/* 00360 80B9F8D0 24060002 */  addiu   $a2, $zero, 0x0002         ## $a2 = 00000002
/* 00364 80B9F8D4 4600203C */  c.lt.s  $f4, $f0                   
/* 00368 80B9F8D8 00E02025 */  or      $a0, $a3, $zero            ## $a0 = 00000000
/* 0036C 80B9F8DC 45000010 */  bc1f    .L80B9F920                 
/* 00370 80B9F8E0 00000000 */  nop
/* 00374 80B9F8E4 84EF0302 */  lh      $t7, 0x0302($a3)           ## 00000302
/* 00378 80B9F8E8 24010006 */  addiu   $at, $zero, 0x0006         ## $at = 00000006
/* 0037C 80B9F8EC 00E02025 */  or      $a0, $a3, $zero            ## $a0 = 00000000
/* 00380 80B9F8F0 15E10007 */  bne     $t7, $at, .L80B9F910       
/* 00384 80B9F8F4 24050006 */  addiu   $a1, $zero, 0x0006         ## $a1 = 00000006
/* 00388 80B9F8F8 00E02025 */  or      $a0, $a3, $zero            ## $a0 = 00000000
/* 0038C 80B9F8FC 24050007 */  addiu   $a1, $zero, 0x0007         ## $a1 = 00000007
/* 00390 80B9F900 0C2E7DF9 */  jal     func_80B9F7E4              
/* 00394 80B9F904 24060002 */  addiu   $a2, $zero, 0x0002         ## $a2 = 00000002
/* 00398 80B9F908 10000046 */  beq     $zero, $zero, .L80B9FA24   
/* 0039C 80B9F90C 00000000 */  nop
.L80B9F910:
/* 003A0 80B9F910 0C2E7DF9 */  jal     func_80B9F7E4              
/* 003A4 80B9F914 24060002 */  addiu   $a2, $zero, 0x0002         ## $a2 = 00000002
/* 003A8 80B9F918 10000042 */  beq     $zero, $zero, .L80B9FA24   
/* 003AC 80B9F91C 00000000 */  nop
.L80B9F920:
/* 003B0 80B9F920 0C2E7DF9 */  jal     func_80B9F7E4              
/* 003B4 80B9F924 84E50302 */  lh      $a1, 0x0302($a3)           ## 00000302
/* 003B8 80B9F928 1000003E */  beq     $zero, $zero, .L80B9FA24   
/* 003BC 80B9F92C 00000000 */  nop
.L80B9F930:
/* 003C0 80B9F930 00E02025 */  or      $a0, $a3, $zero            ## $a0 = 00000000
/* 003C4 80B9F934 24050003 */  addiu   $a1, $zero, 0x0003         ## $a1 = 00000003
/* 003C8 80B9F938 0C2E7DF9 */  jal     func_80B9F7E4              
/* 003CC 80B9F93C 00003025 */  or      $a2, $zero, $zero          ## $a2 = 00000000
/* 003D0 80B9F940 10000038 */  beq     $zero, $zero, .L80B9FA24   
/* 003D4 80B9F944 00000000 */  nop
.L80B9F948:
/* 003D8 80B9F948 00E02025 */  or      $a0, $a3, $zero            ## $a0 = 00000000
/* 003DC 80B9F94C 24050004 */  addiu   $a1, $zero, 0x0004         ## $a1 = 00000004
/* 003E0 80B9F950 0C2E7DF9 */  jal     func_80B9F7E4              
/* 003E4 80B9F954 00003025 */  or      $a2, $zero, $zero          ## $a2 = 00000000
/* 003E8 80B9F958 10000032 */  beq     $zero, $zero, .L80B9FA24   
/* 003EC 80B9F95C 00000000 */  nop
.L80B9F960:
/* 003F0 80B9F960 00E02025 */  or      $a0, $a3, $zero            ## $a0 = 00000000
/* 003F4 80B9F964 24050005 */  addiu   $a1, $zero, 0x0005         ## $a1 = 00000005
/* 003F8 80B9F968 0C2E7DF9 */  jal     func_80B9F7E4              
/* 003FC 80B9F96C 00003025 */  or      $a2, $zero, $zero          ## $a2 = 00000000
/* 00400 80B9F970 1000002C */  beq     $zero, $zero, .L80B9FA24   
/* 00404 80B9F974 00000000 */  nop
.L80B9F978:
/* 00408 80B9F978 84F80302 */  lh      $t8, 0x0302($a3)           ## 00000302
/* 0040C 80B9F97C 24010003 */  addiu   $at, $zero, 0x0003         ## $at = 00000003
/* 00410 80B9F980 00E02025 */  or      $a0, $a3, $zero            ## $a0 = 00000000
/* 00414 80B9F984 17010007 */  bne     $t8, $at, .L80B9F9A4       
/* 00418 80B9F988 24050003 */  addiu   $a1, $zero, 0x0003         ## $a1 = 00000003
/* 0041C 80B9F98C 00E02025 */  or      $a0, $a3, $zero            ## $a0 = 00000000
/* 00420 80B9F990 00002825 */  or      $a1, $zero, $zero          ## $a1 = 00000000
/* 00424 80B9F994 0C2E7DF9 */  jal     func_80B9F7E4              
/* 00428 80B9F998 00003025 */  or      $a2, $zero, $zero          ## $a2 = 00000000
/* 0042C 80B9F99C 10000021 */  beq     $zero, $zero, .L80B9FA24   
/* 00430 80B9F9A0 00000000 */  nop
.L80B9F9A4:
/* 00434 80B9F9A4 0C2E7DF9 */  jal     func_80B9F7E4              
/* 00438 80B9F9A8 24060002 */  addiu   $a2, $zero, 0x0002         ## $a2 = 00000002
/* 0043C 80B9F9AC 1000001D */  beq     $zero, $zero, .L80B9FA24   
/* 00440 80B9F9B0 00000000 */  nop
.L80B9F9B4:
/* 00444 80B9F9B4 3C013F80 */  lui     $at, 0x3F80                ## $at = 3F800000
/* 00448 80B9F9B8 44816000 */  mtc1    $at, $f12                  ## $f12 = 1.00
/* 0044C 80B9F9BC 0C05E565 */  jal     func_80179594              
/* 00450 80B9F9C0 AFA70020 */  sw      $a3, 0x0020($sp)           
/* 00454 80B9F9C4 3C0180BA */  lui     $at, %hi(D_80BA114C)       ## $at = 80BA0000
/* 00458 80B9F9C8 C426114C */  lwc1    $f6, %lo(D_80BA114C)($at)  
/* 0045C 80B9F9CC 8FA70020 */  lw      $a3, 0x0020($sp)           
/* 00460 80B9F9D0 24060002 */  addiu   $a2, $zero, 0x0002         ## $a2 = 00000002
/* 00464 80B9F9D4 4606003C */  c.lt.s  $f0, $f6                   
/* 00468 80B9F9D8 00E02025 */  or      $a0, $a3, $zero            ## $a0 = 00000000
/* 0046C 80B9F9DC 45020006 */  bc1fl   .L80B9F9F8                 
/* 00470 80B9F9E0 84F90302 */  lh      $t9, 0x0302($a3)           ## 00000302
/* 00474 80B9F9E4 0C2E7DF9 */  jal     func_80B9F7E4              
/* 00478 80B9F9E8 84E50302 */  lh      $a1, 0x0302($a3)           ## 00000302
/* 0047C 80B9F9EC 1000000D */  beq     $zero, $zero, .L80B9FA24   
/* 00480 80B9F9F0 00000000 */  nop
/* 00484 80B9F9F4 84F90302 */  lh      $t9, 0x0302($a3)           ## 00000302
.L80B9F9F8:
/* 00488 80B9F9F8 24060002 */  addiu   $a2, $zero, 0x0002         ## $a2 = 00000002
/* 0048C 80B9F9FC 00E02025 */  or      $a0, $a3, $zero            ## $a0 = 00000000
/* 00490 80B9FA00 17200006 */  bne     $t9, $zero, .L80B9FA1C     
/* 00494 80B9FA04 00002825 */  or      $a1, $zero, $zero          ## $a1 = 00000000
/* 00498 80B9FA08 00E02025 */  or      $a0, $a3, $zero            ## $a0 = 00000000
/* 0049C 80B9FA0C 0C2E7DF9 */  jal     func_80B9F7E4              
/* 004A0 80B9FA10 24050001 */  addiu   $a1, $zero, 0x0001         ## $a1 = 00000001
/* 004A4 80B9FA14 10000003 */  beq     $zero, $zero, .L80B9FA24   
/* 004A8 80B9FA18 00000000 */  nop
.L80B9FA1C:
/* 004AC 80B9FA1C 0C2E7DF9 */  jal     func_80B9F7E4              
/* 004B0 80B9FA20 24060002 */  addiu   $a2, $zero, 0x0002         ## $a2 = 00000002
.L80B9FA24:
/* 004B4 80B9FA24 0C04DB34 */  jal     func_80136CD0              
/* 004B8 80B9FA28 8FA4001C */  lw      $a0, 0x001C($sp)           
.L80B9FA2C:
/* 004BC 80B9FA2C 8FBF0014 */  lw      $ra, 0x0014($sp)           
/* 004C0 80B9FA30 27BD0020 */  addiu   $sp, $sp, 0x0020           ## $sp = 00000000
/* 004C4 80B9FA34 03E00008 */  jr      $ra                        
/* 004C8 80B9FA38 00000000 */  nop


glabel func_80B9FA3C
/* 004CC 80B9FA3C 27BDFFE0 */  addiu   $sp, $sp, 0xFFE0           ## $sp = FFFFFFE0
/* 004D0 80B9FA40 AFB00014 */  sw      $s0, 0x0014($sp)           
/* 004D4 80B9FA44 3C03801F */  lui     $v1, 0x801F                ## $v1 = 801F0000
/* 004D8 80B9FA48 2463F670 */  addiu   $v1, $v1, 0xF670           ## $v1 = 801EF670
/* 004DC 80B9FA4C 00808025 */  or      $s0, $a0, $zero            ## $s0 = 00000000
/* 004E0 80B9FA50 AFBF001C */  sw      $ra, 0x001C($sp)           
/* 004E4 80B9FA54 AFB10018 */  sw      $s1, 0x0018($sp)           
/* 004E8 80B9FA58 AFA50024 */  sw      $a1, 0x0024($sp)           
/* 004EC 80B9FA5C 960E02F4 */  lhu     $t6, 0x02F4($s0)           ## 000002F4
/* 004F0 80B9FA60 24010002 */  addiu   $at, $zero, 0x0002         ## $at = 00000002
/* 004F4 80B9FA64 24090003 */  addiu   $t1, $zero, 0x0003         ## $t1 = 00000003
/* 004F8 80B9FA68 35CF0001 */  ori     $t7, $t6, 0x0001           ## $t7 = 00000001
/* 004FC 80B9FA6C A60F02F4 */  sh      $t7, 0x02F4($s0)           ## 000002F4
/* 00500 80B9FA70 90780020 */  lbu     $t8, 0x0020($v1)           ## 801EF690
/* 00504 80B9FA74 02002025 */  or      $a0, $s0, $zero            ## $a0 = 00000000
/* 00508 80B9FA78 24050005 */  addiu   $a1, $zero, 0x0005         ## $a1 = 00000005
/* 0050C 80B9FA7C 1301000C */  beq     $t8, $at, .L80B9FAB0       
/* 00510 80B9FA80 00003025 */  or      $a2, $zero, $zero          ## $a2 = 00000000
/* 00514 80B9FA84 90790F16 */  lbu     $t9, 0x0F16($v1)           ## 801F0586
/* 00518 80B9FA88 241111F8 */  addiu   $s1, $zero, 0x11F8         ## $s1 = 000011F8
/* 0051C 80B9FA8C 33280002 */  andi    $t0, $t9, 0x0002           ## $t0 = 00000000
/* 00520 80B9FA90 11000003 */  beq     $t0, $zero, .L80B9FAA0     
/* 00524 80B9FA94 00000000 */  nop
/* 00528 80B9FA98 10000001 */  beq     $zero, $zero, .L80B9FAA0   
/* 0052C 80B9FA9C 241111F9 */  addiu   $s1, $zero, 0x11F9         ## $s1 = 000011F9
.L80B9FAA0:
/* 00530 80B9FAA0 0C2E7DF9 */  jal     func_80B9F7E4              
/* 00534 80B9FAA4 A6090304 */  sh      $t1, 0x0304($s0)           ## 00000304
/* 00538 80B9FAA8 10000050 */  beq     $zero, $zero, .L80B9FBEC   
/* 0053C 80B9FAAC 8FA40024 */  lw      $a0, 0x0024($sp)           
.L80B9FAB0:
/* 00540 80B9FAB0 960202F4 */  lhu     $v0, 0x02F4($s0)           ## 000002F4
/* 00544 80B9FAB4 24111210 */  addiu   $s1, $zero, 0x1210         ## $s1 = 00001210
/* 00548 80B9FAB8 240B0003 */  addiu   $t3, $zero, 0x0003         ## $t3 = 00000003
/* 0054C 80B9FABC 304A0010 */  andi    $t2, $v0, 0x0010           ## $t2 = 00000000
/* 00550 80B9FAC0 11400007 */  beq     $t2, $zero, .L80B9FAE0     
/* 00554 80B9FAC4 02002025 */  or      $a0, $s0, $zero            ## $a0 = 00000000
/* 00558 80B9FAC8 A60B0304 */  sh      $t3, 0x0304($s0)           ## 00000304
/* 0055C 80B9FACC 24050005 */  addiu   $a1, $zero, 0x0005         ## $a1 = 00000005
/* 00560 80B9FAD0 0C2E7DF9 */  jal     func_80B9F7E4              
/* 00564 80B9FAD4 24060002 */  addiu   $a2, $zero, 0x0002         ## $a2 = 00000002
/* 00568 80B9FAD8 10000044 */  beq     $zero, $zero, .L80B9FBEC   
/* 0056C 80B9FADC 8FA40024 */  lw      $a0, 0x0024($sp)           
.L80B9FAE0:
/* 00570 80B9FAE0 906C0F17 */  lbu     $t4, 0x0F17($v1)           ## 00000F17
/* 00574 80B9FAE4 24111205 */  addiu   $s1, $zero, 0x1205         ## $s1 = 00001205
/* 00578 80B9FAE8 240E0001 */  addiu   $t6, $zero, 0x0001         ## $t6 = 00000001
/* 0057C 80B9FAEC 318D0008 */  andi    $t5, $t4, 0x0008           ## $t5 = 00000000
/* 00580 80B9FAF0 11A00008 */  beq     $t5, $zero, .L80B9FB14     
/* 00584 80B9FAF4 304F0008 */  andi    $t7, $v0, 0x0008           ## $t7 = 00000000
/* 00588 80B9FAF8 A60E0304 */  sh      $t6, 0x0304($s0)           ## 00000304
/* 0058C 80B9FAFC 02002025 */  or      $a0, $s0, $zero            ## $a0 = 00000000
/* 00590 80B9FB00 24050003 */  addiu   $a1, $zero, 0x0003         ## $a1 = 00000003
/* 00594 80B9FB04 0C2E7DF9 */  jal     func_80B9F7E4              
/* 00598 80B9FB08 00003025 */  or      $a2, $zero, $zero          ## $a2 = 00000000
/* 0059C 80B9FB0C 10000037 */  beq     $zero, $zero, .L80B9FBEC   
/* 005A0 80B9FB10 8FA40024 */  lw      $a0, 0x0024($sp)           
.L80B9FB14:
/* 005A4 80B9FB14 11E0000A */  beq     $t7, $zero, .L80B9FB40     
/* 005A8 80B9FB18 30590002 */  andi    $t9, $v0, 0x0002           ## $t9 = 00000000
/* 005AC 80B9FB1C 24180003 */  addiu   $t8, $zero, 0x0003         ## $t8 = 00000003
/* 005B0 80B9FB20 24111215 */  addiu   $s1, $zero, 0x1215         ## $s1 = 00001215
/* 005B4 80B9FB24 A6180304 */  sh      $t8, 0x0304($s0)           ## 00000304
/* 005B8 80B9FB28 02002025 */  or      $a0, $s0, $zero            ## $a0 = 00000000
/* 005BC 80B9FB2C 24050005 */  addiu   $a1, $zero, 0x0005         ## $a1 = 00000005
/* 005C0 80B9FB30 0C2E7DF9 */  jal     func_80B9F7E4              
/* 005C4 80B9FB34 24060002 */  addiu   $a2, $zero, 0x0002         ## $a2 = 00000002
/* 005C8 80B9FB38 1000002C */  beq     $zero, $zero, .L80B9FBEC   
/* 005CC 80B9FB3C 8FA40024 */  lw      $a0, 0x0024($sp)           
.L80B9FB40:
/* 005D0 80B9FB40 13200009 */  beq     $t9, $zero, .L80B9FB68     
/* 005D4 80B9FB44 24111203 */  addiu   $s1, $zero, 0x1203         ## $s1 = 00001203
/* 005D8 80B9FB48 24080001 */  addiu   $t0, $zero, 0x0001         ## $t0 = 00000001
/* 005DC 80B9FB4C A6080304 */  sh      $t0, 0x0304($s0)           ## 00000304
/* 005E0 80B9FB50 02002025 */  or      $a0, $s0, $zero            ## $a0 = 00000000
/* 005E4 80B9FB54 24050002 */  addiu   $a1, $zero, 0x0002         ## $a1 = 00000002
/* 005E8 80B9FB58 0C2E7DF9 */  jal     func_80B9F7E4              
/* 005EC 80B9FB5C 24060002 */  addiu   $a2, $zero, 0x0002         ## $a2 = 00000002
/* 005F0 80B9FB60 10000022 */  beq     $zero, $zero, .L80B9FBEC   
/* 005F4 80B9FB64 8FA40024 */  lw      $a0, 0x0024($sp)           
.L80B9FB68:
/* 005F8 80B9FB68 90620F16 */  lbu     $v0, 0x0F16($v1)           ## 00000F16
/* 005FC 80B9FB6C 241111FA */  addiu   $s1, $zero, 0x11FA         ## $s1 = 000011FA
/* 00600 80B9FB70 240A0001 */  addiu   $t2, $zero, 0x0001         ## $t2 = 00000001
/* 00604 80B9FB74 30490008 */  andi    $t1, $v0, 0x0008           ## $t1 = 00000000
/* 00608 80B9FB78 11200008 */  beq     $t1, $zero, .L80B9FB9C     
/* 0060C 80B9FB7C 304B0004 */  andi    $t3, $v0, 0x0004           ## $t3 = 00000000
/* 00610 80B9FB80 A60A0304 */  sh      $t2, 0x0304($s0)           ## 00000304
/* 00614 80B9FB84 02002025 */  or      $a0, $s0, $zero            ## $a0 = 00000000
/* 00618 80B9FB88 24050002 */  addiu   $a1, $zero, 0x0002         ## $a1 = 00000002
/* 0061C 80B9FB8C 0C2E7DF9 */  jal     func_80B9F7E4              
/* 00620 80B9FB90 24060002 */  addiu   $a2, $zero, 0x0002         ## $a2 = 00000002
/* 00624 80B9FB94 10000015 */  beq     $zero, $zero, .L80B9FBEC   
/* 00628 80B9FB98 8FA40024 */  lw      $a0, 0x0024($sp)           
.L80B9FB9C:
/* 0062C 80B9FB9C 1560000C */  bne     $t3, $zero, .L80B9FBD0     
/* 00630 80B9FBA0 24111201 */  addiu   $s1, $zero, 0x1201         ## $s1 = 00001201
/* 00634 80B9FBA4 344C0004 */  ori     $t4, $v0, 0x0004           ## $t4 = 00000004
/* 00638 80B9FBA8 A06C0F16 */  sb      $t4, 0x0F16($v1)           ## 00000F16
/* 0063C 80B9FBAC 240D0001 */  addiu   $t5, $zero, 0x0001         ## $t5 = 00000001
/* 00640 80B9FBB0 241111FB */  addiu   $s1, $zero, 0x11FB         ## $s1 = 000011FB
/* 00644 80B9FBB4 A60D0304 */  sh      $t5, 0x0304($s0)           ## 00000304
/* 00648 80B9FBB8 02002025 */  or      $a0, $s0, $zero            ## $a0 = 00000000
/* 0064C 80B9FBBC 24050002 */  addiu   $a1, $zero, 0x0002         ## $a1 = 00000002
/* 00650 80B9FBC0 0C2E7DF9 */  jal     func_80B9F7E4              
/* 00654 80B9FBC4 24060002 */  addiu   $a2, $zero, 0x0002         ## $a2 = 00000002
/* 00658 80B9FBC8 10000008 */  beq     $zero, $zero, .L80B9FBEC   
/* 0065C 80B9FBCC 8FA40024 */  lw      $a0, 0x0024($sp)           
.L80B9FBD0:
/* 00660 80B9FBD0 240E0003 */  addiu   $t6, $zero, 0x0003         ## $t6 = 00000003
/* 00664 80B9FBD4 A60E0304 */  sh      $t6, 0x0304($s0)           ## 00000304
/* 00668 80B9FBD8 02002025 */  or      $a0, $s0, $zero            ## $a0 = 00000000
/* 0066C 80B9FBDC 24050004 */  addiu   $a1, $zero, 0x0004         ## $a1 = 00000004
/* 00670 80B9FBE0 0C2E7DF9 */  jal     func_80B9F7E4              
/* 00674 80B9FBE4 24060002 */  addiu   $a2, $zero, 0x0002         ## $a2 = 00000002
/* 00678 80B9FBE8 8FA40024 */  lw      $a0, 0x0024($sp)           
.L80B9FBEC:
/* 0067C 80B9FBEC 3225FFFF */  andi    $a1, $s1, 0xFFFF           ## $a1 = 000011FB
/* 00680 80B9FBF0 0C05462C */  jal     func_801518B0              
/* 00684 80B9FBF4 02003025 */  or      $a2, $s0, $zero            ## $a2 = 00000000
/* 00688 80B9FBF8 8FBF001C */  lw      $ra, 0x001C($sp)           
/* 0068C 80B9FBFC 8FB00014 */  lw      $s0, 0x0014($sp)           
/* 00690 80B9FC00 8FB10018 */  lw      $s1, 0x0018($sp)           
/* 00694 80B9FC04 03E00008 */  jr      $ra                        
/* 00698 80B9FC08 27BD0020 */  addiu   $sp, $sp, 0x0020           ## $sp = 00000000


glabel func_80B9FC0C
/* 0069C 80B9FC0C 27BDFFE8 */  addiu   $sp, $sp, 0xFFE8           ## $sp = FFFFFFE8
/* 006A0 80B9FC10 AFBF0014 */  sw      $ra, 0x0014($sp)           
/* 006A4 80B9FC14 00802825 */  or      $a1, $a0, $zero            ## $a1 = 00000000
/* 006A8 80B9FC18 84AE030E */  lh      $t6, 0x030E($a1)           ## 0000030E
/* 006AC 80B9FC1C 2401FFFF */  addiu   $at, $zero, 0xFFFF         ## $at = FFFFFFFF
/* 006B0 80B9FC20 51C10010 */  beql    $t6, $at, .L80B9FC64       
/* 006B4 80B9FC24 8FBF0014 */  lw      $ra, 0x0014($sp)           
/* 006B8 80B9FC28 0C03C81F */  jal     func_800F207C              
/* 006BC 80B9FC2C AFA50018 */  sw      $a1, 0x0018($sp)           
/* 006C0 80B9FC30 8FA50018 */  lw      $a1, 0x0018($sp)           
/* 006C4 80B9FC34 84AF030E */  lh      $t7, 0x030E($a1)           ## 0000030E
/* 006C8 80B9FC38 000FC040 */  sll     $t8, $t7,  1               
/* 006CC 80B9FC3C 00B8C821 */  addu    $t9, $a1, $t8              
/* 006D0 80B9FC40 87240306 */  lh      $a0, 0x0306($t9)           ## 00000306
/* 006D4 80B9FC44 54440005 */  bnel    $v0, $a0, .L80B9FC5C       
/* 006D8 80B9FC48 2408FFFF */  addiu   $t0, $zero, 0xFFFF         ## $t0 = FFFFFFFF
/* 006DC 80B9FC4C 0C03C7EF */  jal     func_800F1FBC              
/* 006E0 80B9FC50 AFA50018 */  sw      $a1, 0x0018($sp)           
/* 006E4 80B9FC54 8FA50018 */  lw      $a1, 0x0018($sp)           
/* 006E8 80B9FC58 2408FFFF */  addiu   $t0, $zero, 0xFFFF         ## $t0 = FFFFFFFF
.L80B9FC5C:
/* 006EC 80B9FC5C A4A8030E */  sh      $t0, 0x030E($a1)           ## 0000030E
/* 006F0 80B9FC60 8FBF0014 */  lw      $ra, 0x0014($sp)           
.L80B9FC64:
/* 006F4 80B9FC64 27BD0018 */  addiu   $sp, $sp, 0x0018           ## $sp = 00000000
/* 006F8 80B9FC68 03E00008 */  jr      $ra                        
/* 006FC 80B9FC6C 00000000 */  nop


glabel func_80B9FC70
/* 00700 80B9FC70 27BDFFE8 */  addiu   $sp, $sp, 0xFFE8           ## $sp = FFFFFFE8
/* 00704 80B9FC74 AFBF0014 */  sw      $ra, 0x0014($sp)           
/* 00708 80B9FC78 AFA40018 */  sw      $a0, 0x0018($sp)           
/* 0070C 80B9FC7C AFA5001C */  sw      $a1, 0x001C($sp)           
/* 00710 80B9FC80 0C2E7F03 */  jal     func_80B9FC0C              
/* 00714 80B9FC84 8FA40018 */  lw      $a0, 0x0018($sp)           
/* 00718 80B9FC88 87AE001E */  lh      $t6, 0x001E($sp)           
/* 0071C 80B9FC8C 8FAF0018 */  lw      $t7, 0x0018($sp)           
/* 00720 80B9FC90 A5EE030E */  sh      $t6, 0x030E($t7)           ## 0000030E
/* 00724 80B9FC94 8FBF0014 */  lw      $ra, 0x0014($sp)           
/* 00728 80B9FC98 03E00008 */  jr      $ra                        
/* 0072C 80B9FC9C 27BD0018 */  addiu   $sp, $sp, 0x0018           ## $sp = 00000000


glabel func_80B9FCA0
/* 00730 80B9FCA0 27BDFFE0 */  addiu   $sp, $sp, 0xFFE0           ## $sp = FFFFFFE0
/* 00734 80B9FCA4 AFB00018 */  sw      $s0, 0x0018($sp)           
/* 00738 80B9FCA8 00808025 */  or      $s0, $a0, $zero            ## $s0 = 00000000
/* 0073C 80B9FCAC AFBF001C */  sw      $ra, 0x001C($sp)           
/* 00740 80B9FCB0 AFA50024 */  sw      $a1, 0x0024($sp)           
/* 00744 80B9FCB4 0C051DED */  jal     func_801477B4              
/* 00748 80B9FCB8 8FA40024 */  lw      $a0, 0x0024($sp)           
/* 0074C 80B9FCBC 8FAF0024 */  lw      $t7, 0x0024($sp)           
/* 00750 80B9FCC0 3C010001 */  lui     $at, 0x0001                ## $at = 00010000
/* 00754 80B9FCC4 240E0004 */  addiu   $t6, $zero, 0x0004         ## $t6 = 00000004
/* 00758 80B9FCC8 002F0821 */  addu    $at, $at, $t7              
/* 0075C 80B9FCCC A42E6932 */  sh      $t6, 0x6932($at)           ## 00016932
/* 00760 80B9FCD0 0C2E7F03 */  jal     func_80B9FC0C              
/* 00764 80B9FCD4 02002025 */  or      $a0, $s0, $zero            ## $a0 = 00000000
/* 00768 80B9FCD8 961802F4 */  lhu     $t8, 0x02F4($s0)           ## 000002F4
/* 0076C 80B9FCDC 3C0880BA */  lui     $t0, %hi(func_80BA0728)    ## $t0 = 80BA0000
/* 00770 80B9FCE0 25080728 */  addiu   $t0, $t0, %lo(func_80BA0728) ## $t0 = 80BA0728
/* 00774 80B9FCE4 3319FFFE */  andi    $t9, $t8, 0xFFFE           ## $t9 = 00000000
/* 00778 80B9FCE8 A61902F4 */  sh      $t9, 0x02F4($s0)           ## 000002F4
/* 0077C 80B9FCEC AE080314 */  sw      $t0, 0x0314($s0)           ## 00000314
/* 00780 80B9FCF0 A6000304 */  sh      $zero, 0x0304($s0)         ## 00000304
/* 00784 80B9FCF4 02002025 */  or      $a0, $s0, $zero            ## $a0 = 00000000
/* 00788 80B9FCF8 24050006 */  addiu   $a1, $zero, 0x0006         ## $a1 = 00000006
/* 0078C 80B9FCFC 0C2E7DF9 */  jal     func_80B9F7E4              
/* 00790 80B9FD00 24060002 */  addiu   $a2, $zero, 0x0002         ## $a2 = 00000002
/* 00794 80B9FD04 02002025 */  or      $a0, $s0, $zero            ## $a0 = 00000000
/* 00798 80B9FD08 0C02E1C6 */  jal     func_800B8718              
/* 0079C 80B9FD0C 8FA50024 */  lw      $a1, 0x0024($sp)           
/* 007A0 80B9FD10 8FBF001C */  lw      $ra, 0x001C($sp)           
/* 007A4 80B9FD14 8FB00018 */  lw      $s0, 0x0018($sp)           
/* 007A8 80B9FD18 27BD0020 */  addiu   $sp, $sp, 0x0020           ## $sp = 00000000
/* 007AC 80B9FD1C 03E00008 */  jr      $ra                        
/* 007B0 80B9FD20 00000000 */  nop


glabel func_80B9FD24
/* 007B4 80B9FD24 27BDFFE0 */  addiu   $sp, $sp, 0xFFE0           ## $sp = FFFFFFE0
/* 007B8 80B9FD28 AFB00018 */  sw      $s0, 0x0018($sp)           
/* 007BC 80B9FD2C 00808025 */  or      $s0, $a0, $zero            ## $s0 = 00000000
/* 007C0 80B9FD30 AFBF001C */  sw      $ra, 0x001C($sp)           
/* 007C4 80B9FD34 AFA50024 */  sw      $a1, 0x0024($sp)           
/* 007C8 80B9FD38 0C2E7E1B */  jal     func_80B9F86C              
/* 007CC 80B9FD3C 02002025 */  or      $a0, $s0, $zero            ## $a0 = 00000000
/* 007D0 80B9FD40 8FA40024 */  lw      $a0, 0x0024($sp)           
/* 007D4 80B9FD44 0C03B8A7 */  jal     func_800EE29C              
/* 007D8 80B9FD48 240501F4 */  addiu   $a1, $zero, 0x01F4         ## $a1 = 000001F4
/* 007DC 80B9FD4C 1040001E */  beq     $v0, $zero, .L80B9FDC8     
/* 007E0 80B9FD50 240EFFFF */  addiu   $t6, $zero, 0xFFFF         ## $t6 = FFFFFFFF
/* 007E4 80B9FD54 A60E030E */  sh      $t6, 0x030E($s0)           ## 0000030E
/* 007E8 80B9FD58 8FA40024 */  lw      $a0, 0x0024($sp)           
/* 007EC 80B9FD5C 0C03B880 */  jal     func_800EE200              
/* 007F0 80B9FD60 240501F4 */  addiu   $a1, $zero, 0x01F4         ## $a1 = 000001F4
/* 007F4 80B9FD64 8FAF0024 */  lw      $t7, 0x0024($sp)           
/* 007F8 80B9FD68 0002C080 */  sll     $t8, $v0,  2               
/* 007FC 80B9FD6C 86090310 */  lh      $t1, 0x0310($s0)           ## 00000310
/* 00800 80B9FD70 01F8C821 */  addu    $t9, $t7, $t8              
/* 00804 80B9FD74 8F281F4C */  lw      $t0, 0x1F4C($t9)           ## 00001F4C
/* 00808 80B9FD78 24010001 */  addiu   $at, $zero, 0x0001         ## $at = 00000001
/* 0080C 80B9FD7C 85030000 */  lh      $v1, 0x0000($t0)           ## 00000000
/* 00810 80B9FD80 50690012 */  beql    $v1, $t1, .L80B9FDCC       
/* 00814 80B9FD84 8FBF001C */  lw      $ra, 0x001C($sp)           
/* 00818 80B9FD88 10610006 */  beq     $v1, $at, .L80B9FDA4       
/* 0081C 80B9FD8C A6030310 */  sh      $v1, 0x0310($s0)           ## 00000310
/* 00820 80B9FD90 24010002 */  addiu   $at, $zero, 0x0002         ## $at = 00000002
/* 00824 80B9FD94 10610009 */  beq     $v1, $at, .L80B9FDBC       
/* 00828 80B9FD98 02002025 */  or      $a0, $s0, $zero            ## $a0 = 00000000
/* 0082C 80B9FD9C 1000000B */  beq     $zero, $zero, .L80B9FDCC   
/* 00830 80B9FDA0 8FBF001C */  lw      $ra, 0x001C($sp)           
.L80B9FDA4:
/* 00834 80B9FDA4 02002025 */  or      $a0, $s0, $zero            ## $a0 = 00000000
/* 00838 80B9FDA8 24050008 */  addiu   $a1, $zero, 0x0008         ## $a1 = 00000008
/* 0083C 80B9FDAC 0C2E7DF9 */  jal     func_80B9F7E4              
/* 00840 80B9FDB0 00003025 */  or      $a2, $zero, $zero          ## $a2 = 00000000
/* 00844 80B9FDB4 10000005 */  beq     $zero, $zero, .L80B9FDCC   
/* 00848 80B9FDB8 8FBF001C */  lw      $ra, 0x001C($sp)           
.L80B9FDBC:
/* 0084C 80B9FDBC 24050007 */  addiu   $a1, $zero, 0x0007         ## $a1 = 00000007
/* 00850 80B9FDC0 0C2E7DF9 */  jal     func_80B9F7E4              
/* 00854 80B9FDC4 00003025 */  or      $a2, $zero, $zero          ## $a2 = 00000000
.L80B9FDC8:
/* 00858 80B9FDC8 8FBF001C */  lw      $ra, 0x001C($sp)           
.L80B9FDCC:
/* 0085C 80B9FDCC 8FB00018 */  lw      $s0, 0x0018($sp)           
/* 00860 80B9FDD0 27BD0020 */  addiu   $sp, $sp, 0x0020           ## $sp = 00000000
/* 00864 80B9FDD4 03E00008 */  jr      $ra                        
/* 00868 80B9FDD8 00000000 */  nop


glabel func_80B9FDDC
/* 0086C 80B9FDDC 27BDFFE8 */  addiu   $sp, $sp, 0xFFE8           ## $sp = FFFFFFE8
/* 00870 80B9FDE0 AFBF0014 */  sw      $ra, 0x0014($sp)           
/* 00874 80B9FDE4 AFA40018 */  sw      $a0, 0x0018($sp)           
/* 00878 80B9FDE8 00A03825 */  or      $a3, $a1, $zero            ## $a3 = 00000000
/* 0087C 80B9FDEC 00E02025 */  or      $a0, $a3, $zero            ## $a0 = 00000000
/* 00880 80B9FDF0 2405120C */  addiu   $a1, $zero, 0x120C         ## $a1 = 0000120C
/* 00884 80B9FDF4 0C05462C */  jal     func_801518B0              
/* 00888 80B9FDF8 8FA60018 */  lw      $a2, 0x0018($sp)           
/* 0088C 80B9FDFC 8FAF0018 */  lw      $t7, 0x0018($sp)           
/* 00890 80B9FE00 3C0E80BA */  lui     $t6, %hi(func_80BA00BC)    ## $t6 = 80BA0000
/* 00894 80B9FE04 25CE00BC */  addiu   $t6, $t6, %lo(func_80BA00BC) ## $t6 = 80BA00BC
/* 00898 80B9FE08 ADEE0314 */  sw      $t6, 0x0314($t7)           ## 00000314
/* 0089C 80B9FE0C 8FBF0014 */  lw      $ra, 0x0014($sp)           
/* 008A0 80B9FE10 27BD0018 */  addiu   $sp, $sp, 0x0018           ## $sp = 00000000
/* 008A4 80B9FE14 03E00008 */  jr      $ra                        
/* 008A8 80B9FE18 00000000 */  nop


glabel func_80B9FE1C
/* 008AC 80B9FE1C 27BDFFE8 */  addiu   $sp, $sp, 0xFFE8           ## $sp = FFFFFFE8
/* 008B0 80B9FE20 AFBF0014 */  sw      $ra, 0x0014($sp)           
/* 008B4 80B9FE24 AFA40018 */  sw      $a0, 0x0018($sp)           
/* 008B8 80B9FE28 00A03825 */  or      $a3, $a1, $zero            ## $a3 = 00000000
/* 008BC 80B9FE2C 00E02025 */  or      $a0, $a3, $zero            ## $a0 = 00000000
/* 008C0 80B9FE30 24051211 */  addiu   $a1, $zero, 0x1211         ## $a1 = 00001211
/* 008C4 80B9FE34 0C05462C */  jal     func_801518B0              
/* 008C8 80B9FE38 8FA60018 */  lw      $a2, 0x0018($sp)           
/* 008CC 80B9FE3C 8FAF0018 */  lw      $t7, 0x0018($sp)           
/* 008D0 80B9FE40 3C0E80BA */  lui     $t6, %hi(func_80BA00BC)    ## $t6 = 80BA0000
/* 008D4 80B9FE44 25CE00BC */  addiu   $t6, $t6, %lo(func_80BA00BC) ## $t6 = 80BA00BC
/* 008D8 80B9FE48 ADEE0314 */  sw      $t6, 0x0314($t7)           ## 00000314
/* 008DC 80B9FE4C 8FBF0014 */  lw      $ra, 0x0014($sp)           
/* 008E0 80B9FE50 27BD0018 */  addiu   $sp, $sp, 0x0018           ## $sp = 00000000
/* 008E4 80B9FE54 03E00008 */  jr      $ra                        
/* 008E8 80B9FE58 00000000 */  nop


glabel func_80B9FE5C
/* 008EC 80B9FE5C 27BDFFE0 */  addiu   $sp, $sp, 0xFFE0           ## $sp = FFFFFFE0
/* 008F0 80B9FE60 AFB00018 */  sw      $s0, 0x0018($sp)           
/* 008F4 80B9FE64 00808025 */  or      $s0, $a0, $zero            ## $s0 = 00000000
/* 008F8 80B9FE68 AFBF001C */  sw      $ra, 0x001C($sp)           
/* 008FC 80B9FE6C AFA50024 */  sw      $a1, 0x0024($sp)           
/* 00900 80B9FE70 0C2E7E1B */  jal     func_80B9F86C              
/* 00904 80B9FE74 02002025 */  or      $a0, $s0, $zero            ## $a0 = 00000000
/* 00908 80B9FE78 8FA30024 */  lw      $v1, 0x0024($sp)           
/* 0090C 80B9FE7C 3C0E0001 */  lui     $t6, 0x0001                ## $t6 = 00010000
/* 00910 80B9FE80 24010003 */  addiu   $at, $zero, 0x0003         ## $at = 00000003
/* 00914 80B9FE84 01C37021 */  addu    $t6, $t6, $v1              
/* 00918 80B9FE88 95CE6932 */  lhu     $t6, 0x6932($t6)           ## 00016932
/* 0091C 80B9FE8C 3C0F80BA */  lui     $t7, %hi(func_80B9FDDC)    ## $t7 = 80BA0000
/* 00920 80B9FE90 25EFFDDC */  addiu   $t7, $t7, %lo(func_80B9FDDC) ## $t7 = 80B9FDDC
/* 00924 80B9FE94 15C10009 */  bne     $t6, $at, .L80B9FEBC       
/* 00928 80B9FE98 02002025 */  or      $a0, $s0, $zero            ## $a0 = 00000000
/* 0092C 80B9FE9C 3C010001 */  lui     $at, 0x0001                ## $at = 00010000
/* 00930 80B9FEA0 00230821 */  addu    $at, $at, $v1              
/* 00934 80B9FEA4 AC206818 */  sw      $zero, 0x6818($at)         ## 00016818
/* 00938 80B9FEA8 AE0F0314 */  sw      $t7, 0x0314($s0)           ## 00000314
/* 0093C 80B9FEAC 0C2E7F1C */  jal     func_80B9FC70              
/* 00940 80B9FEB0 00002825 */  or      $a1, $zero, $zero          ## $a1 = 00000000
/* 00944 80B9FEB4 10000016 */  beq     $zero, $zero, .L80B9FF10   
/* 00948 80B9FEB8 8FBF001C */  lw      $ra, 0x001C($sp)           
.L80B9FEBC:
/* 0094C 80B9FEBC 0C054926 */  jal     func_80152498              
/* 00950 80B9FEC0 24644908 */  addiu   $a0, $v1, 0x4908           ## $a0 = 00004908
/* 00954 80B9FEC4 2401000B */  addiu   $at, $zero, 0x000B         ## $at = 0000000B
/* 00958 80B9FEC8 14410010 */  bne     $v0, $at, .L80B9FF0C       
/* 0095C 80B9FECC 8FA30024 */  lw      $v1, 0x0024($sp)           
/* 00960 80B9FED0 3C010001 */  lui     $at, 0x0001                ## $at = 00010000
/* 00964 80B9FED4 00230821 */  addu    $at, $at, $v1              
/* 00968 80B9FED8 3C1880BA */  lui     $t8, %hi(func_80B9FE1C)    ## $t8 = 80BA0000
/* 0096C 80B9FEDC AC206818 */  sw      $zero, 0x6818($at)         ## 00016818
/* 00970 80B9FEE0 2718FE1C */  addiu   $t8, $t8, %lo(func_80B9FE1C) ## $t8 = 80B9FE1C
/* 00974 80B9FEE4 24190003 */  addiu   $t9, $zero, 0x0003         ## $t9 = 00000003
/* 00978 80B9FEE8 AE180314 */  sw      $t8, 0x0314($s0)           ## 00000314
/* 0097C 80B9FEEC A6190304 */  sh      $t9, 0x0304($s0)           ## 00000304
/* 00980 80B9FEF0 02002025 */  or      $a0, $s0, $zero            ## $a0 = 00000000
/* 00984 80B9FEF4 24050005 */  addiu   $a1, $zero, 0x0005         ## $a1 = 00000005
/* 00988 80B9FEF8 0C2E7DF9 */  jal     func_80B9F7E4              
/* 0098C 80B9FEFC 24060002 */  addiu   $a2, $zero, 0x0002         ## $a2 = 00000002
/* 00990 80B9FF00 02002025 */  or      $a0, $s0, $zero            ## $a0 = 00000000
/* 00994 80B9FF04 0C2E7F1C */  jal     func_80B9FC70              
/* 00998 80B9FF08 00002825 */  or      $a1, $zero, $zero          ## $a1 = 00000000
.L80B9FF0C:
/* 0099C 80B9FF0C 8FBF001C */  lw      $ra, 0x001C($sp)           
.L80B9FF10:
/* 009A0 80B9FF10 8FB00018 */  lw      $s0, 0x0018($sp)           
/* 009A4 80B9FF14 27BD0020 */  addiu   $sp, $sp, 0x0020           ## $sp = 00000000
/* 009A8 80B9FF18 03E00008 */  jr      $ra                        
/* 009AC 80B9FF1C 00000000 */  nop


glabel func_80B9FF20
/* 009B0 80B9FF20 27BDFFE8 */  addiu   $sp, $sp, 0xFFE8           ## $sp = FFFFFFE8
/* 009B4 80B9FF24 AFBF0014 */  sw      $ra, 0x0014($sp)           
/* 009B8 80B9FF28 AFA40018 */  sw      $a0, 0x0018($sp)           
/* 009BC 80B9FF2C AFA5001C */  sw      $a1, 0x001C($sp)           
/* 009C0 80B9FF30 0C2E7E1B */  jal     func_80B9F86C              
/* 009C4 80B9FF34 8FA40018 */  lw      $a0, 0x0018($sp)           
/* 009C8 80B9FF38 8FA4001C */  lw      $a0, 0x001C($sp)           
/* 009CC 80B9FF3C 0C054926 */  jal     func_80152498              
/* 009D0 80B9FF40 24844908 */  addiu   $a0, $a0, 0x4908           ## $a0 = 00004908
/* 009D4 80B9FF44 24010007 */  addiu   $at, $zero, 0x0007         ## $at = 00000007
/* 009D8 80B9FF48 14410009 */  bne     $v0, $at, .L80B9FF70       
/* 009DC 80B9FF4C 8FA4001C */  lw      $a0, 0x001C($sp)           
/* 009E0 80B9FF50 0C05490D */  jal     func_80152434              
/* 009E4 80B9FF54 24050042 */  addiu   $a1, $zero, 0x0042         ## $a1 = 00000042
/* 009E8 80B9FF58 8FA40018 */  lw      $a0, 0x0018($sp)           
/* 009EC 80B9FF5C 3C0E80BA */  lui     $t6, %hi(func_80B9FE5C)    ## $t6 = 80BA0000
/* 009F0 80B9FF60 25CEFE5C */  addiu   $t6, $t6, %lo(func_80B9FE5C) ## $t6 = 80B9FE5C
/* 009F4 80B9FF64 24050002 */  addiu   $a1, $zero, 0x0002         ## $a1 = 00000002
/* 009F8 80B9FF68 0C2E7F1C */  jal     func_80B9FC70              
/* 009FC 80B9FF6C AC8E0314 */  sw      $t6, 0x0314($a0)           ## 00000314
.L80B9FF70:
/* 00A00 80B9FF70 8FBF0014 */  lw      $ra, 0x0014($sp)           
/* 00A04 80B9FF74 27BD0018 */  addiu   $sp, $sp, 0x0018           ## $sp = 00000000
/* 00A08 80B9FF78 03E00008 */  jr      $ra                        
/* 00A0C 80B9FF7C 00000000 */  nop


glabel func_80B9FF80
/* 00A10 80B9FF80 27BDFFE0 */  addiu   $sp, $sp, 0xFFE0           ## $sp = FFFFFFE0
/* 00A14 80B9FF84 AFB00018 */  sw      $s0, 0x0018($sp)           
/* 00A18 80B9FF88 00808025 */  or      $s0, $a0, $zero            ## $s0 = 00000000
/* 00A1C 80B9FF8C AFBF001C */  sw      $ra, 0x001C($sp)           
/* 00A20 80B9FF90 AFA50024 */  sw      $a1, 0x0024($sp)           
/* 00A24 80B9FF94 0C2E7E1B */  jal     func_80B9F86C              
/* 00A28 80B9FF98 02002025 */  or      $a0, $s0, $zero            ## $a0 = 00000000
/* 00A2C 80B9FF9C 8FA20024 */  lw      $v0, 0x0024($sp)           
/* 00A30 80B9FFA0 3C0E0001 */  lui     $t6, 0x0001                ## $t6 = 00010000
/* 00A34 80B9FFA4 24010003 */  addiu   $at, $zero, 0x0003         ## $at = 00000003
/* 00A38 80B9FFA8 01C27021 */  addu    $t6, $t6, $v0              
/* 00A3C 80B9FFAC 95CE6932 */  lhu     $t6, 0x6932($t6)           ## 00016932
/* 00A40 80B9FFB0 3C0F80BA */  lui     $t7, %hi(func_80B9FF20)    ## $t7 = 80BA0000
/* 00A44 80B9FFB4 25EFFF20 */  addiu   $t7, $t7, %lo(func_80B9FF20) ## $t7 = 80B9FF20
/* 00A48 80B9FFB8 15C1000F */  bne     $t6, $at, .L80B9FFF8       
/* 00A4C 80B9FFBC 24180006 */  addiu   $t8, $zero, 0x0006         ## $t8 = 00000006
/* 00A50 80B9FFC0 AE0F0314 */  sw      $t7, 0x0314($s0)           ## 00000314
/* 00A54 80B9FFC4 A6180304 */  sh      $t8, 0x0304($s0)           ## 00000304
/* 00A58 80B9FFC8 02002025 */  or      $a0, $s0, $zero            ## $a0 = 00000000
/* 00A5C 80B9FFCC 24050001 */  addiu   $a1, $zero, 0x0001         ## $a1 = 00000001
/* 00A60 80B9FFD0 0C2E7DF9 */  jal     func_80B9F7E4              
/* 00A64 80B9FFD4 00003025 */  or      $a2, $zero, $zero          ## $a2 = 00000000
/* 00A68 80B9FFD8 8FA40024 */  lw      $a0, 0x0024($sp)           
/* 00A6C 80B9FFDC 0C05490D */  jal     func_80152434              
/* 00A70 80B9FFE0 2405003E */  addiu   $a1, $zero, 0x003E         ## $a1 = 0000003E
/* 00A74 80B9FFE4 02002025 */  or      $a0, $s0, $zero            ## $a0 = 00000000
/* 00A78 80B9FFE8 0C2E7F1C */  jal     func_80B9FC70              
/* 00A7C 80B9FFEC 24050001 */  addiu   $a1, $zero, 0x0001         ## $a1 = 00000001
/* 00A80 80B9FFF0 10000016 */  beq     $zero, $zero, .L80BA004C   
/* 00A84 80B9FFF4 8FBF001C */  lw      $ra, 0x001C($sp)           
.L80B9FFF8:
/* 00A88 80B9FFF8 0C054926 */  jal     func_80152498              
/* 00A8C 80B9FFFC 24444908 */  addiu   $a0, $v0, 0x4908           ## $a0 = 00004908
/* 00A90 80BA0000 2401000B */  addiu   $at, $zero, 0x000B         ## $at = 0000000B
/* 00A94 80BA0004 14410010 */  bne     $v0, $at, .L80BA0048       
/* 00A98 80BA0008 8FB90024 */  lw      $t9, 0x0024($sp)           
/* 00A9C 80BA000C 3C010001 */  lui     $at, 0x0001                ## $at = 00010000
/* 00AA0 80BA0010 00390821 */  addu    $at, $at, $t9              
/* 00AA4 80BA0014 3C0880BA */  lui     $t0, %hi(func_80B9FE1C)    ## $t0 = 80BA0000
/* 00AA8 80BA0018 AC206818 */  sw      $zero, 0x6818($at)         ## 00016818
/* 00AAC 80BA001C 2508FE1C */  addiu   $t0, $t0, %lo(func_80B9FE1C) ## $t0 = 80B9FE1C
/* 00AB0 80BA0020 24090003 */  addiu   $t1, $zero, 0x0003         ## $t1 = 00000003
/* 00AB4 80BA0024 AE080314 */  sw      $t0, 0x0314($s0)           ## 00000314
/* 00AB8 80BA0028 A6090304 */  sh      $t1, 0x0304($s0)           ## 00000304
/* 00ABC 80BA002C 02002025 */  or      $a0, $s0, $zero            ## $a0 = 00000000
/* 00AC0 80BA0030 24050005 */  addiu   $a1, $zero, 0x0005         ## $a1 = 00000005
/* 00AC4 80BA0034 0C2E7DF9 */  jal     func_80B9F7E4              
/* 00AC8 80BA0038 24060002 */  addiu   $a2, $zero, 0x0002         ## $a2 = 00000002
/* 00ACC 80BA003C 02002025 */  or      $a0, $s0, $zero            ## $a0 = 00000000
/* 00AD0 80BA0040 0C2E7F1C */  jal     func_80B9FC70              
/* 00AD4 80BA0044 00002825 */  or      $a1, $zero, $zero          ## $a1 = 00000000
.L80BA0048:
/* 00AD8 80BA0048 8FBF001C */  lw      $ra, 0x001C($sp)           
.L80BA004C:
/* 00ADC 80BA004C 8FB00018 */  lw      $s0, 0x0018($sp)           
/* 00AE0 80BA0050 27BD0020 */  addiu   $sp, $sp, 0x0020           ## $sp = 00000000
/* 00AE4 80BA0054 03E00008 */  jr      $ra                        
/* 00AE8 80BA0058 00000000 */  nop


glabel func_80BA005C
/* 00AEC 80BA005C 27BDFFE8 */  addiu   $sp, $sp, 0xFFE8           ## $sp = FFFFFFE8
/* 00AF0 80BA0060 AFBF0014 */  sw      $ra, 0x0014($sp)           
/* 00AF4 80BA0064 AFA40018 */  sw      $a0, 0x0018($sp)           
/* 00AF8 80BA0068 AFA5001C */  sw      $a1, 0x001C($sp)           
/* 00AFC 80BA006C 0C2E7E1B */  jal     func_80B9F86C              
/* 00B00 80BA0070 8FA40018 */  lw      $a0, 0x0018($sp)           
/* 00B04 80BA0074 8FA4001C */  lw      $a0, 0x001C($sp)           
/* 00B08 80BA0078 0C054926 */  jal     func_80152498              
/* 00B0C 80BA007C 24844908 */  addiu   $a0, $a0, 0x4908           ## $a0 = 00004908
/* 00B10 80BA0080 24010007 */  addiu   $at, $zero, 0x0007         ## $at = 00000007
/* 00B14 80BA0084 14410009 */  bne     $v0, $at, .L80BA00AC       
/* 00B18 80BA0088 8FA4001C */  lw      $a0, 0x001C($sp)           
/* 00B1C 80BA008C 0C05490D */  jal     func_80152434              
/* 00B20 80BA0090 24050041 */  addiu   $a1, $zero, 0x0041         ## $a1 = 00000041
/* 00B24 80BA0094 8FA40018 */  lw      $a0, 0x0018($sp)           
/* 00B28 80BA0098 3C0E80BA */  lui     $t6, %hi(func_80B9FF80)    ## $t6 = 80BA0000
/* 00B2C 80BA009C 25CEFF80 */  addiu   $t6, $t6, %lo(func_80B9FF80) ## $t6 = 80B9FF80
/* 00B30 80BA00A0 24050002 */  addiu   $a1, $zero, 0x0002         ## $a1 = 00000002
/* 00B34 80BA00A4 0C2E7F1C */  jal     func_80B9FC70              
/* 00B38 80BA00A8 AC8E0314 */  sw      $t6, 0x0314($a0)           ## 00000314
.L80BA00AC:
/* 00B3C 80BA00AC 8FBF0014 */  lw      $ra, 0x0014($sp)           
/* 00B40 80BA00B0 27BD0018 */  addiu   $sp, $sp, 0x0018           ## $sp = 00000000
/* 00B44 80BA00B4 03E00008 */  jr      $ra                        
/* 00B48 80BA00B8 00000000 */  nop


glabel func_80BA00BC
/* 00B4C 80BA00BC 27BDFFE0 */  addiu   $sp, $sp, 0xFFE0           ## $sp = FFFFFFE0
/* 00B50 80BA00C0 AFB00018 */  sw      $s0, 0x0018($sp)           
/* 00B54 80BA00C4 00808025 */  or      $s0, $a0, $zero            ## $s0 = 00000000
/* 00B58 80BA00C8 AFBF001C */  sw      $ra, 0x001C($sp)           
/* 00B5C 80BA00CC 00A03825 */  or      $a3, $a1, $zero            ## $a3 = 00000000
/* 00B60 80BA00D0 02002025 */  or      $a0, $s0, $zero            ## $a0 = 00000000
/* 00B64 80BA00D4 0C2E7E1B */  jal     func_80B9F86C              
/* 00B68 80BA00D8 AFA70024 */  sw      $a3, 0x0024($sp)           
/* 00B6C 80BA00DC 8FA70024 */  lw      $a3, 0x0024($sp)           
/* 00B70 80BA00E0 0C054926 */  jal     func_80152498              
/* 00B74 80BA00E4 24E44908 */  addiu   $a0, $a3, 0x4908           ## $a0 = 00004908
/* 00B78 80BA00E8 24010004 */  addiu   $at, $zero, 0x0004         ## $at = 00000004
/* 00B7C 80BA00EC 10410006 */  beq     $v0, $at, .L80BA0108       
/* 00B80 80BA00F0 8FA70024 */  lw      $a3, 0x0024($sp)           
/* 00B84 80BA00F4 24010005 */  addiu   $at, $zero, 0x0005         ## $at = 00000005
/* 00B88 80BA00F8 10410028 */  beq     $v0, $at, .L80BA019C       
/* 00B8C 80BA00FC 00E02025 */  or      $a0, $a3, $zero            ## $a0 = 00000000
/* 00B90 80BA0100 10000081 */  beq     $zero, $zero, .L80BA0308   
/* 00B94 80BA0104 8FBF001C */  lw      $ra, 0x001C($sp)           
.L80BA0108:
/* 00B98 80BA0108 00E02025 */  or      $a0, $a3, $zero            ## $a0 = 00000000
/* 00B9C 80BA010C 0C051D89 */  jal     func_80147624              
/* 00BA0 80BA0110 AFA70024 */  sw      $a3, 0x0024($sp)           
/* 00BA4 80BA0114 1040007B */  beq     $v0, $zero, .L80BA0304     
/* 00BA8 80BA0118 8FA70024 */  lw      $a3, 0x0024($sp)           
/* 00BAC 80BA011C 3C010001 */  lui     $at, 0x0001                ## $at = 00010000
/* 00BB0 80BA0120 00E11821 */  addu    $v1, $a3, $at              
/* 00BB4 80BA0124 946E680C */  lhu     $t6, 0x680C($v1)           ## 0000680C
/* 00BB8 80BA0128 24011212 */  addiu   $at, $zero, 0x1212         ## $at = 00001212
/* 00BBC 80BA012C 55C10076 */  bnel    $t6, $at, .L80BA0308       
/* 00BC0 80BA0130 8FBF001C */  lw      $ra, 0x001C($sp)           
/* 00BC4 80BA0134 90626929 */  lbu     $v0, 0x6929($v1)           ## 00006929
/* 00BC8 80BA0138 24010001 */  addiu   $at, $zero, 0x0001         ## $at = 00000001
/* 00BCC 80BA013C 10400010 */  beq     $v0, $zero, .L80BA0180     
/* 00BD0 80BA0140 00000000 */  nop
/* 00BD4 80BA0144 54410070 */  bnel    $v0, $at, .L80BA0308       
/* 00BD8 80BA0148 8FBF001C */  lw      $ra, 0x001C($sp)           
/* 00BDC 80BA014C 0C067C82 */  jal     func_8019F208              
/* 00BE0 80BA0150 AFA70024 */  sw      $a3, 0x0024($sp)           
/* 00BE4 80BA0154 8FA40024 */  lw      $a0, 0x0024($sp)           
/* 00BE8 80BA0158 0C05464E */  jal     func_80151938              
/* 00BEC 80BA015C 24051209 */  addiu   $a1, $zero, 0x1209         ## $a1 = 00001209
/* 00BF0 80BA0160 240F0001 */  addiu   $t7, $zero, 0x0001         ## $t7 = 00000001
/* 00BF4 80BA0164 A60F0304 */  sh      $t7, 0x0304($s0)           ## 00000304
/* 00BF8 80BA0168 02002025 */  or      $a0, $s0, $zero            ## $a0 = 00000000
/* 00BFC 80BA016C 24050002 */  addiu   $a1, $zero, 0x0002         ## $a1 = 00000002
/* 00C00 80BA0170 0C2E7DF9 */  jal     func_80B9F7E4              
/* 00C04 80BA0174 24060002 */  addiu   $a2, $zero, 0x0002         ## $a2 = 00000002
/* 00C08 80BA0178 10000063 */  beq     $zero, $zero, .L80BA0308   
/* 00C0C 80BA017C 8FBF001C */  lw      $ra, 0x001C($sp)           
.L80BA0180:
/* 00C10 80BA0180 0C067C8C */  jal     func_8019F230              
/* 00C14 80BA0184 AFA70024 */  sw      $a3, 0x0024($sp)           
/* 00C18 80BA0188 8FA40024 */  lw      $a0, 0x0024($sp)           
/* 00C1C 80BA018C 0C05464E */  jal     func_80151938              
/* 00C20 80BA0190 24051213 */  addiu   $a1, $zero, 0x1213         ## $a1 = 00001213
/* 00C24 80BA0194 1000005C */  beq     $zero, $zero, .L80BA0308   
/* 00C28 80BA0198 8FBF001C */  lw      $ra, 0x001C($sp)           
.L80BA019C:
/* 00C2C 80BA019C 0C051D89 */  jal     func_80147624              
/* 00C30 80BA01A0 AFA70024 */  sw      $a3, 0x0024($sp)           
/* 00C34 80BA01A4 10400057 */  beq     $v0, $zero, .L80BA0304     
/* 00C38 80BA01A8 8FA70024 */  lw      $a3, 0x0024($sp)           
/* 00C3C 80BA01AC 3C020001 */  lui     $v0, 0x0001                ## $v0 = 00010000
/* 00C40 80BA01B0 00471021 */  addu    $v0, $v0, $a3              
/* 00C44 80BA01B4 9442680C */  lhu     $v0, 0x680C($v0)           ## 0001680C
/* 00C48 80BA01B8 2458EDF8 */  addiu   $t8, $v0, 0xEDF8           ## $t8 = 0000EDF8
/* 00C4C 80BA01BC 2F010011 */  sltiu   $at, $t8, 0x0011           
/* 00C50 80BA01C0 10200050 */  beq     $at, $zero, .L80BA0304     
/* 00C54 80BA01C4 0018C080 */  sll     $t8, $t8,  2               
/* 00C58 80BA01C8 3C0180BA */  lui     $at, %hi(D_80BA1150)       ## $at = 80BA0000
/* 00C5C 80BA01CC 00380821 */  addu    $at, $at, $t8              
/* 00C60 80BA01D0 8C381150 */  lw      $t8, %lo(D_80BA1150)($at)  
/* 00C64 80BA01D4 03000008 */  jr      $t8                        
/* 00C68 80BA01D8 00000000 */  nop
.L80BA01DC:
/* 00C6C 80BA01DC 24450001 */  addiu   $a1, $v0, 0x0001           ## $a1 = 00010001
/* 00C70 80BA01E0 30A5FFFF */  andi    $a1, $a1, 0xFFFF           ## $a1 = 00000001
/* 00C74 80BA01E4 0C05464E */  jal     func_80151938              
/* 00C78 80BA01E8 00E02025 */  or      $a0, $a3, $zero            ## $a0 = 00000000
/* 00C7C 80BA01EC 10000046 */  beq     $zero, $zero, .L80BA0308   
/* 00C80 80BA01F0 8FBF001C */  lw      $ra, 0x001C($sp)           
.L80BA01F4:
/* 00C84 80BA01F4 3C010001 */  lui     $at, 0x0001                ## $at = 00010000
/* 00C88 80BA01F8 00270821 */  addu    $at, $at, $a3              
/* 00C8C 80BA01FC 3C1980BA */  lui     $t9, %hi(func_80B9FD24)    ## $t9 = 80BA0000
/* 00C90 80BA0200 AC206818 */  sw      $zero, 0x6818($at)         ## 00016818
/* 00C94 80BA0204 2739FD24 */  addiu   $t9, $t9, %lo(func_80B9FD24) ## $t9 = 80B9FD24
/* 00C98 80BA0208 AE190314 */  sw      $t9, 0x0314($s0)           ## 00000314
/* 00C9C 80BA020C 02002025 */  or      $a0, $s0, $zero            ## $a0 = 00000000
/* 00CA0 80BA0210 24050008 */  addiu   $a1, $zero, 0x0008         ## $a1 = 00000008
/* 00CA4 80BA0214 0C2E7DF9 */  jal     func_80B9F7E4              
/* 00CA8 80BA0218 00003025 */  or      $a2, $zero, $zero          ## $a2 = 00000000
/* 00CAC 80BA021C 02002025 */  or      $a0, $s0, $zero            ## $a0 = 00000000
/* 00CB0 80BA0220 0C2E7F1C */  jal     func_80B9FC70              
/* 00CB4 80BA0224 24050003 */  addiu   $a1, $zero, 0x0003         ## $a1 = 00000003
/* 00CB8 80BA0228 10000037 */  beq     $zero, $zero, .L80BA0308   
/* 00CBC 80BA022C 8FBF001C */  lw      $ra, 0x001C($sp)           
.L80BA0230:
/* 00CC0 80BA0230 24450001 */  addiu   $a1, $v0, 0x0001           ## $a1 = 00000001
/* 00CC4 80BA0234 30A5FFFF */  andi    $a1, $a1, 0xFFFF           ## $a1 = 00000001
/* 00CC8 80BA0238 0C05464E */  jal     func_80151938              
/* 00CCC 80BA023C 00E02025 */  or      $a0, $a3, $zero            ## $a0 = 00000000
/* 00CD0 80BA0240 24080003 */  addiu   $t0, $zero, 0x0003         ## $t0 = 00000003
/* 00CD4 80BA0244 A6080304 */  sh      $t0, 0x0304($s0)           ## 00000304
/* 00CD8 80BA0248 02002025 */  or      $a0, $s0, $zero            ## $a0 = 00000000
/* 00CDC 80BA024C 24050004 */  addiu   $a1, $zero, 0x0004         ## $a1 = 00000004
/* 00CE0 80BA0250 0C2E7DF9 */  jal     func_80B9F7E4              
/* 00CE4 80BA0254 24060002 */  addiu   $a2, $zero, 0x0002         ## $a2 = 00000002
/* 00CE8 80BA0258 1000002B */  beq     $zero, $zero, .L80BA0308   
/* 00CEC 80BA025C 8FBF001C */  lw      $ra, 0x001C($sp)           
.L80BA0260:
/* 00CF0 80BA0260 02002025 */  or      $a0, $s0, $zero            ## $a0 = 00000000
/* 00CF4 80BA0264 0C2E7F28 */  jal     func_80B9FCA0              
/* 00CF8 80BA0268 00E02825 */  or      $a1, $a3, $zero            ## $a1 = 00000000
/* 00CFC 80BA026C 10000026 */  beq     $zero, $zero, .L80BA0308   
/* 00D00 80BA0270 8FBF001C */  lw      $ra, 0x001C($sp)           
.L80BA0274:
/* 00D04 80BA0274 960902F4 */  lhu     $t1, 0x02F4($s0)           ## 000002F4
/* 00D08 80BA0278 02002025 */  or      $a0, $s0, $zero            ## $a0 = 00000000
/* 00D0C 80BA027C 00E02825 */  or      $a1, $a3, $zero            ## $a1 = 00000000
/* 00D10 80BA0280 352A0008 */  ori     $t2, $t1, 0x0008           ## $t2 = 00000008
/* 00D14 80BA0284 0C2E7F28 */  jal     func_80B9FCA0              
/* 00D18 80BA0288 A60A02F4 */  sh      $t2, 0x02F4($s0)           ## 000002F4
/* 00D1C 80BA028C 1000001E */  beq     $zero, $zero, .L80BA0308   
/* 00D20 80BA0290 8FBF001C */  lw      $ra, 0x001C($sp)           
.L80BA0294:
/* 00D24 80BA0294 3C02801F */  lui     $v0, 0x801F                ## $v0 = 801F0000
/* 00D28 80BA0298 2442F670 */  addiu   $v0, $v0, 0xF670           ## $v0 = 801EF670
/* 00D2C 80BA029C 904B0F17 */  lbu     $t3, 0x0F17($v0)           ## 801F0587
/* 00D30 80BA02A0 02002025 */  or      $a0, $s0, $zero            ## $a0 = 00000000
/* 00D34 80BA02A4 00E02825 */  or      $a1, $a3, $zero            ## $a1 = 00000000
/* 00D38 80BA02A8 356C0008 */  ori     $t4, $t3, 0x0008           ## $t4 = 00000008
/* 00D3C 80BA02AC A04C0F17 */  sb      $t4, 0x0F17($v0)           ## 801F0587
/* 00D40 80BA02B0 960D02F4 */  lhu     $t5, 0x02F4($s0)           ## 000002F4
/* 00D44 80BA02B4 35AE0010 */  ori     $t6, $t5, 0x0010           ## $t6 = 00000010
/* 00D48 80BA02B8 0C2E7F28 */  jal     func_80B9FCA0              
/* 00D4C 80BA02BC A60E02F4 */  sh      $t6, 0x02F4($s0)           ## 000002F4
/* 00D50 80BA02C0 10000011 */  beq     $zero, $zero, .L80BA0308   
/* 00D54 80BA02C4 8FBF001C */  lw      $ra, 0x001C($sp)           
.L80BA02C8:
/* 00D58 80BA02C8 00E02025 */  or      $a0, $a3, $zero            ## $a0 = 00000000
/* 00D5C 80BA02CC 0C05490D */  jal     func_80152434              
/* 00D60 80BA02D0 2405003D */  addiu   $a1, $zero, 0x003D         ## $a1 = 0000003D
/* 00D64 80BA02D4 240F0004 */  addiu   $t7, $zero, 0x0004         ## $t7 = 00000004
/* 00D68 80BA02D8 A60F0304 */  sh      $t7, 0x0304($s0)           ## 00000304
/* 00D6C 80BA02DC 02002025 */  or      $a0, $s0, $zero            ## $a0 = 00000000
/* 00D70 80BA02E0 00002825 */  or      $a1, $zero, $zero          ## $a1 = 00000000
/* 00D74 80BA02E4 0C2E7DF9 */  jal     func_80B9F7E4              
/* 00D78 80BA02E8 00003025 */  or      $a2, $zero, $zero          ## $a2 = 00000000
/* 00D7C 80BA02EC 3C1880BA */  lui     $t8, %hi(func_80BA005C)    ## $t8 = 80BA0000
/* 00D80 80BA02F0 2718005C */  addiu   $t8, $t8, %lo(func_80BA005C) ## $t8 = 80BA005C
/* 00D84 80BA02F4 AE180314 */  sw      $t8, 0x0314($s0)           ## 00000314
/* 00D88 80BA02F8 02002025 */  or      $a0, $s0, $zero            ## $a0 = 00000000
/* 00D8C 80BA02FC 0C2E7F1C */  jal     func_80B9FC70              
/* 00D90 80BA0300 24050001 */  addiu   $a1, $zero, 0x0001         ## $a1 = 00000001
.L80BA0304:
/* 00D94 80BA0304 8FBF001C */  lw      $ra, 0x001C($sp)           
.L80BA0308:
/* 00D98 80BA0308 8FB00018 */  lw      $s0, 0x0018($sp)           
/* 00D9C 80BA030C 27BD0020 */  addiu   $sp, $sp, 0x0020           ## $sp = 00000000
/* 00DA0 80BA0310 03E00008 */  jr      $ra                        
/* 00DA4 80BA0314 00000000 */  nop


glabel func_80BA0318
/* 00DA8 80BA0318 27BDFFE8 */  addiu   $sp, $sp, 0xFFE8           ## $sp = FFFFFFE8
/* 00DAC 80BA031C AFBF0014 */  sw      $ra, 0x0014($sp)           
/* 00DB0 80BA0320 AFA40018 */  sw      $a0, 0x0018($sp)           
/* 00DB4 80BA0324 00A03025 */  or      $a2, $a1, $zero            ## $a2 = 00000000
/* 00DB8 80BA0328 00C02025 */  or      $a0, $a2, $zero            ## $a0 = 00000000
/* 00DBC 80BA032C 0C05490D */  jal     func_80152434              
/* 00DC0 80BA0330 2405003D */  addiu   $a1, $zero, 0x003D         ## $a1 = 0000003D
/* 00DC4 80BA0334 8FA40018 */  lw      $a0, 0x0018($sp)           
/* 00DC8 80BA0338 240E0004 */  addiu   $t6, $zero, 0x0004         ## $t6 = 00000004
/* 00DCC 80BA033C 00002825 */  or      $a1, $zero, $zero          ## $a1 = 00000000
/* 00DD0 80BA0340 00003025 */  or      $a2, $zero, $zero          ## $a2 = 00000000
/* 00DD4 80BA0344 0C2E7DF9 */  jal     func_80B9F7E4              
/* 00DD8 80BA0348 A48E0304 */  sh      $t6, 0x0304($a0)           ## 00000304
/* 00DDC 80BA034C 8FA40018 */  lw      $a0, 0x0018($sp)           
/* 00DE0 80BA0350 3C0F80BA */  lui     $t7, %hi(func_80BA005C)    ## $t7 = 80BA0000
/* 00DE4 80BA0354 25EF005C */  addiu   $t7, $t7, %lo(func_80BA005C) ## $t7 = 80BA005C
/* 00DE8 80BA0358 24050001 */  addiu   $a1, $zero, 0x0001         ## $a1 = 00000001
/* 00DEC 80BA035C 0C2E7F1C */  jal     func_80B9FC70              
/* 00DF0 80BA0360 AC8F0314 */  sw      $t7, 0x0314($a0)           ## 00000314
/* 00DF4 80BA0364 8FBF0014 */  lw      $ra, 0x0014($sp)           
/* 00DF8 80BA0368 27BD0018 */  addiu   $sp, $sp, 0x0018           ## $sp = 00000000
/* 00DFC 80BA036C 03E00008 */  jr      $ra                        
/* 00E00 80BA0370 00000000 */  nop


glabel func_80BA0374
/* 00E04 80BA0374 27BDFFD0 */  addiu   $sp, $sp, 0xFFD0           ## $sp = FFFFFFD0
/* 00E08 80BA0378 AFB00018 */  sw      $s0, 0x0018($sp)           
/* 00E0C 80BA037C 00808025 */  or      $s0, $a0, $zero            ## $s0 = 00000000
/* 00E10 80BA0380 AFBF001C */  sw      $ra, 0x001C($sp)           
/* 00E14 80BA0384 00A03825 */  or      $a3, $a1, $zero            ## $a3 = 00000000
/* 00E18 80BA0388 8CEE1CCC */  lw      $t6, 0x1CCC($a3)           ## 00001CCC
/* 00E1C 80BA038C AFA70034 */  sw      $a3, 0x0034($sp)           
/* 00E20 80BA0390 02002025 */  or      $a0, $s0, $zero            ## $a0 = 00000000
/* 00E24 80BA0394 0C2E7E1B */  jal     func_80B9F86C              
/* 00E28 80BA0398 AFAE002C */  sw      $t6, 0x002C($sp)           
/* 00E2C 80BA039C 8FA70034 */  lw      $a3, 0x0034($sp)           
/* 00E30 80BA03A0 0C054926 */  jal     func_80152498              
/* 00E34 80BA03A4 24E44908 */  addiu   $a0, $a3, 0x4908           ## $a0 = 00004908
/* 00E38 80BA03A8 24010004 */  addiu   $at, $zero, 0x0004         ## $at = 00000004
/* 00E3C 80BA03AC 10410006 */  beq     $v0, $at, .L80BA03C8       
/* 00E40 80BA03B0 8FA70034 */  lw      $a3, 0x0034($sp)           
/* 00E44 80BA03B4 24010005 */  addiu   $at, $zero, 0x0005         ## $at = 00000005
/* 00E48 80BA03B8 10410028 */  beq     $v0, $at, .L80BA045C       
/* 00E4C 80BA03BC 00E02025 */  or      $a0, $a3, $zero            ## $a0 = 00000000
/* 00E50 80BA03C0 1000008F */  beq     $zero, $zero, .L80BA0600   
/* 00E54 80BA03C4 8FBF001C */  lw      $ra, 0x001C($sp)           
.L80BA03C8:
/* 00E58 80BA03C8 00E02025 */  or      $a0, $a3, $zero            ## $a0 = 00000000
/* 00E5C 80BA03CC 0C051D89 */  jal     func_80147624              
/* 00E60 80BA03D0 AFA70034 */  sw      $a3, 0x0034($sp)           
/* 00E64 80BA03D4 10400089 */  beq     $v0, $zero, .L80BA05FC     
/* 00E68 80BA03D8 8FA70034 */  lw      $a3, 0x0034($sp)           
/* 00E6C 80BA03DC 3C010001 */  lui     $at, 0x0001                ## $at = 00010000
/* 00E70 80BA03E0 00E11021 */  addu    $v0, $a3, $at              
/* 00E74 80BA03E4 944F680C */  lhu     $t7, 0x680C($v0)           ## 0000680C
/* 00E78 80BA03E8 24011205 */  addiu   $at, $zero, 0x1205         ## $at = 00001205
/* 00E7C 80BA03EC 55E10084 */  bnel    $t7, $at, .L80BA0600       
/* 00E80 80BA03F0 8FBF001C */  lw      $ra, 0x001C($sp)           
/* 00E84 80BA03F4 90436929 */  lbu     $v1, 0x6929($v0)           ## 00006929
/* 00E88 80BA03F8 24010001 */  addiu   $at, $zero, 0x0001         ## $at = 00000001
/* 00E8C 80BA03FC 10600005 */  beq     $v1, $zero, .L80BA0414     
/* 00E90 80BA0400 00000000 */  nop
/* 00E94 80BA0404 1061000E */  beq     $v1, $at, .L80BA0440       
/* 00E98 80BA0408 00000000 */  nop
/* 00E9C 80BA040C 1000007C */  beq     $zero, $zero, .L80BA0600   
/* 00EA0 80BA0410 8FBF001C */  lw      $ra, 0x001C($sp)           
.L80BA0414:
/* 00EA4 80BA0414 0C067C82 */  jal     func_8019F208              
/* 00EA8 80BA0418 AFA70034 */  sw      $a3, 0x0034($sp)           
/* 00EAC 80BA041C 8FA40034 */  lw      $a0, 0x0034($sp)           
/* 00EB0 80BA0420 0C05464E */  jal     func_80151938              
/* 00EB4 80BA0424 24051207 */  addiu   $a1, $zero, 0x1207         ## $a1 = 00001207
/* 00EB8 80BA0428 02002025 */  or      $a0, $s0, $zero            ## $a0 = 00000000
/* 00EBC 80BA042C 24050002 */  addiu   $a1, $zero, 0x0002         ## $a1 = 00000002
/* 00EC0 80BA0430 0C2E7DF9 */  jal     func_80B9F7E4              
/* 00EC4 80BA0434 24060002 */  addiu   $a2, $zero, 0x0002         ## $a2 = 00000002
/* 00EC8 80BA0438 10000071 */  beq     $zero, $zero, .L80BA0600   
/* 00ECC 80BA043C 8FBF001C */  lw      $ra, 0x001C($sp)           
.L80BA0440:
/* 00ED0 80BA0440 0C067C8C */  jal     func_8019F230              
/* 00ED4 80BA0444 AFA70034 */  sw      $a3, 0x0034($sp)           
/* 00ED8 80BA0448 8FA40034 */  lw      $a0, 0x0034($sp)           
/* 00EDC 80BA044C 0C05464E */  jal     func_80151938              
/* 00EE0 80BA0450 24051206 */  addiu   $a1, $zero, 0x1206         ## $a1 = 00001206
/* 00EE4 80BA0454 1000006A */  beq     $zero, $zero, .L80BA0600   
/* 00EE8 80BA0458 8FBF001C */  lw      $ra, 0x001C($sp)           
.L80BA045C:
/* 00EEC 80BA045C 0C051D89 */  jal     func_80147624              
/* 00EF0 80BA0460 AFA70034 */  sw      $a3, 0x0034($sp)           
/* 00EF4 80BA0464 10400065 */  beq     $v0, $zero, .L80BA05FC     
/* 00EF8 80BA0468 8FA70034 */  lw      $a3, 0x0034($sp)           
/* 00EFC 80BA046C 3C010001 */  lui     $at, 0x0001                ## $at = 00010000
/* 00F00 80BA0470 00E11021 */  addu    $v0, $a3, $at              
/* 00F04 80BA0474 9443680C */  lhu     $v1, 0x680C($v0)           ## 0000680C
/* 00F08 80BA0478 2478EE08 */  addiu   $t8, $v1, 0xEE08           ## $t8 = FFFFEE08
/* 00F0C 80BA047C 2F01001E */  sltiu   $at, $t8, 0x001E           
/* 00F10 80BA0480 1020005E */  beq     $at, $zero, .L80BA05FC     
/* 00F14 80BA0484 0018C080 */  sll     $t8, $t8,  2               
/* 00F18 80BA0488 3C0180BA */  lui     $at, %hi(D_80BA1194)       ## $at = 80BA0000
/* 00F1C 80BA048C 00380821 */  addu    $at, $at, $t8              
/* 00F20 80BA0490 8C381194 */  lw      $t8, %lo(D_80BA1194)($at)  
/* 00F24 80BA0494 03000008 */  jr      $t8                        
/* 00F28 80BA0498 00000000 */  nop
.L80BA049C:
/* 00F2C 80BA049C 3C02801F */  lui     $v0, 0x801F                ## $v0 = 801F0000
/* 00F30 80BA04A0 2442F670 */  addiu   $v0, $v0, 0xF670           ## $v0 = 801EF670
/* 00F34 80BA04A4 90590F16 */  lbu     $t9, 0x0F16($v0)           ## 801F0586
/* 00F38 80BA04A8 00E02025 */  or      $a0, $a3, $zero            ## $a0 = 00000000
/* 00F3C 80BA04AC 240511F9 */  addiu   $a1, $zero, 0x11F9         ## $a1 = 000011F9
/* 00F40 80BA04B0 37280002 */  ori     $t0, $t9, 0x0002           ## $t0 = 00000002
/* 00F44 80BA04B4 0C05464E */  jal     func_80151938              
/* 00F48 80BA04B8 A0480F16 */  sb      $t0, 0x0F16($v0)           ## 801F0586
/* 00F4C 80BA04BC 10000050 */  beq     $zero, $zero, .L80BA0600   
/* 00F50 80BA04C0 8FBF001C */  lw      $ra, 0x001C($sp)           
.L80BA04C4:
/* 00F54 80BA04C4 0C051DED */  jal     func_801477B4              
/* 00F58 80BA04C8 00E02025 */  or      $a0, $a3, $zero            ## $a0 = 00000000
/* 00F5C 80BA04CC 3C0980BA */  lui     $t1, %hi(func_80BA0728)    ## $t1 = 80BA0000
/* 00F60 80BA04D0 25290728 */  addiu   $t1, $t1, %lo(func_80BA0728) ## $t1 = 80BA0728
/* 00F64 80BA04D4 AE090314 */  sw      $t1, 0x0314($s0)           ## 00000314
/* 00F68 80BA04D8 A6000304 */  sh      $zero, 0x0304($s0)         ## 00000304
/* 00F6C 80BA04DC 02002025 */  or      $a0, $s0, $zero            ## $a0 = 00000000
/* 00F70 80BA04E0 24050006 */  addiu   $a1, $zero, 0x0006         ## $a1 = 00000006
/* 00F74 80BA04E4 0C2E7DF9 */  jal     func_80B9F7E4              
/* 00F78 80BA04E8 24060002 */  addiu   $a2, $zero, 0x0002         ## $a2 = 00000002
/* 00F7C 80BA04EC 960A02F4 */  lhu     $t2, 0x02F4($s0)           ## 000002F4
/* 00F80 80BA04F0 314BFFFE */  andi    $t3, $t2, 0xFFFE           ## $t3 = 00000000
/* 00F84 80BA04F4 10000041 */  beq     $zero, $zero, .L80BA05FC   
/* 00F88 80BA04F8 A60B02F4 */  sh      $t3, 0x02F4($s0)           ## 000002F4
.L80BA04FC:
/* 00F8C 80BA04FC 24650001 */  addiu   $a1, $v1, 0x0001           ## $a1 = 00000001
/* 00F90 80BA0500 30A5FFFF */  andi    $a1, $a1, 0xFFFF           ## $a1 = 00000001
/* 00F94 80BA0504 0C05464E */  jal     func_80151938              
/* 00F98 80BA0508 00E02025 */  or      $a0, $a3, $zero            ## $a0 = 00000000
/* 00F9C 80BA050C 1000003C */  beq     $zero, $zero, .L80BA0600   
/* 00FA0 80BA0510 8FBF001C */  lw      $ra, 0x001C($sp)           
.L80BA0514:
/* 00FA4 80BA0514 240C0003 */  addiu   $t4, $zero, 0x0003         ## $t4 = 00000003
/* 00FA8 80BA0518 A60C0304 */  sh      $t4, 0x0304($s0)           ## 00000304
/* 00FAC 80BA051C AFA70034 */  sw      $a3, 0x0034($sp)           
/* 00FB0 80BA0520 AFA20024 */  sw      $v0, 0x0024($sp)           
/* 00FB4 80BA0524 02002025 */  or      $a0, $s0, $zero            ## $a0 = 00000000
/* 00FB8 80BA0528 24050004 */  addiu   $a1, $zero, 0x0004         ## $a1 = 00000004
/* 00FBC 80BA052C 0C2E7DF9 */  jal     func_80B9F7E4              
/* 00FC0 80BA0530 24060002 */  addiu   $a2, $zero, 0x0002         ## $a2 = 00000002
/* 00FC4 80BA0534 8FA20024 */  lw      $v0, 0x0024($sp)           
/* 00FC8 80BA0538 8FA40034 */  lw      $a0, 0x0034($sp)           
/* 00FCC 80BA053C 9445680C */  lhu     $a1, 0x680C($v0)           ## 0000680C
/* 00FD0 80BA0540 24A50001 */  addiu   $a1, $a1, 0x0001           ## $a1 = 00000001
/* 00FD4 80BA0544 0C05464E */  jal     func_80151938              
/* 00FD8 80BA0548 30A5FFFF */  andi    $a1, $a1, 0xFFFF           ## $a1 = 00000001
/* 00FDC 80BA054C 1000002C */  beq     $zero, $zero, .L80BA0600   
/* 00FE0 80BA0550 8FBF001C */  lw      $ra, 0x001C($sp)           
.L80BA0554:
/* 00FE4 80BA0554 240D0001 */  addiu   $t5, $zero, 0x0001         ## $t5 = 00000001
/* 00FE8 80BA0558 A60D0304 */  sh      $t5, 0x0304($s0)           ## 00000304
/* 00FEC 80BA055C AFA70034 */  sw      $a3, 0x0034($sp)           
/* 00FF0 80BA0560 AFA20024 */  sw      $v0, 0x0024($sp)           
/* 00FF4 80BA0564 02002025 */  or      $a0, $s0, $zero            ## $a0 = 00000000
/* 00FF8 80BA0568 24050003 */  addiu   $a1, $zero, 0x0003         ## $a1 = 00000003
/* 00FFC 80BA056C 0C2E7DF9 */  jal     func_80B9F7E4              
/* 01000 80BA0570 00003025 */  or      $a2, $zero, $zero          ## $a2 = 00000000
/* 01004 80BA0574 8FA20024 */  lw      $v0, 0x0024($sp)           
/* 01008 80BA0578 8FA40034 */  lw      $a0, 0x0034($sp)           
/* 0100C 80BA057C 9445680C */  lhu     $a1, 0x680C($v0)           ## 0000680C
/* 01010 80BA0580 24A50001 */  addiu   $a1, $a1, 0x0001           ## $a1 = 00000001
/* 01014 80BA0584 0C05464E */  jal     func_80151938              
/* 01018 80BA0588 30A5FFFF */  andi    $a1, $a1, 0xFFFF           ## $a1 = 00000001
/* 0101C 80BA058C 1000001C */  beq     $zero, $zero, .L80BA0600   
/* 01020 80BA0590 8FBF001C */  lw      $ra, 0x001C($sp)           
.L80BA0594:
/* 01024 80BA0594 0C051DED */  jal     func_801477B4              
/* 01028 80BA0598 00E02025 */  or      $a0, $a3, $zero            ## $a0 = 00000000
/* 0102C 80BA059C 3C0E80BA */  lui     $t6, %hi(func_80BA0728)    ## $t6 = 80BA0000
/* 01030 80BA05A0 25CE0728 */  addiu   $t6, $t6, %lo(func_80BA0728) ## $t6 = 80BA0728
/* 01034 80BA05A4 AE0E0314 */  sw      $t6, 0x0314($s0)           ## 00000314
/* 01038 80BA05A8 A6000304 */  sh      $zero, 0x0304($s0)         ## 00000304
/* 0103C 80BA05AC 02002025 */  or      $a0, $s0, $zero            ## $a0 = 00000000
/* 01040 80BA05B0 24050006 */  addiu   $a1, $zero, 0x0006         ## $a1 = 00000006
/* 01044 80BA05B4 0C2E7DF9 */  jal     func_80B9F7E4              
/* 01048 80BA05B8 24060002 */  addiu   $a2, $zero, 0x0002         ## $a2 = 00000002
/* 0104C 80BA05BC 960F02F4 */  lhu     $t7, 0x02F4($s0)           ## 000002F4
/* 01050 80BA05C0 31F9FFFE */  andi    $t9, $t7, 0xFFFE           ## $t9 = 00000000
/* 01054 80BA05C4 A61902F4 */  sh      $t9, 0x02F4($s0)           ## 000002F4
/* 01058 80BA05C8 37280002 */  ori     $t0, $t9, 0x0002           ## $t0 = 00000002
/* 0105C 80BA05CC 1000000B */  beq     $zero, $zero, .L80BA05FC   
/* 01060 80BA05D0 A60802F4 */  sh      $t0, 0x02F4($s0)           ## 000002F4
.L80BA05D4:
/* 01064 80BA05D4 0C051DED */  jal     func_801477B4              
/* 01068 80BA05D8 00E02025 */  or      $a0, $a3, $zero            ## $a0 = 00000000
/* 0106C 80BA05DC 8FA2002C */  lw      $v0, 0x002C($sp)           
/* 01070 80BA05E0 3C0980BA */  lui     $t1, %hi(func_80BA0318)    ## $t1 = 80BA0000
/* 01074 80BA05E4 25290318 */  addiu   $t1, $t1, %lo(func_80BA0318) ## $t1 = 80BA0318
/* 01078 80BA05E8 AE090314 */  sw      $t1, 0x0314($s0)           ## 00000314
/* 0107C 80BA05EC 8C4A0A74 */  lw      $t2, 0x0A74($v0)           ## 00000A74
/* 01080 80BA05F0 AC500A90 */  sw      $s0, 0x0A90($v0)           ## 00000A90
/* 01084 80BA05F4 354B0020 */  ori     $t3, $t2, 0x0020           ## $t3 = 00000020
/* 01088 80BA05F8 AC4B0A74 */  sw      $t3, 0x0A74($v0)           ## 00000A74
.L80BA05FC:
/* 0108C 80BA05FC 8FBF001C */  lw      $ra, 0x001C($sp)           
.L80BA0600:
/* 01090 80BA0600 8FB00018 */  lw      $s0, 0x0018($sp)           
/* 01094 80BA0604 27BD0030 */  addiu   $sp, $sp, 0x0030           ## $sp = 00000000
/* 01098 80BA0608 03E00008 */  jr      $ra                        
/* 0109C 80BA060C 00000000 */  nop


glabel func_80BA0610
/* 010A0 80BA0610 27BDFFE0 */  addiu   $sp, $sp, 0xFFE0           ## $sp = FFFFFFE0
/* 010A4 80BA0614 AFB00018 */  sw      $s0, 0x0018($sp)           
/* 010A8 80BA0618 00808025 */  or      $s0, $a0, $zero            ## $s0 = 00000000
/* 010AC 80BA061C AFBF001C */  sw      $ra, 0x001C($sp)           
/* 010B0 80BA0620 AFA50024 */  sw      $a1, 0x0024($sp)           
/* 010B4 80BA0624 0C2E7E1B */  jal     func_80B9F86C              
/* 010B8 80BA0628 02002025 */  or      $a0, $s0, $zero            ## $a0 = 00000000
/* 010BC 80BA062C 02002025 */  or      $a0, $s0, $zero            ## $a0 = 00000000
/* 010C0 80BA0630 0C02E134 */  jal     func_800B84D0              
/* 010C4 80BA0634 8FA50024 */  lw      $a1, 0x0024($sp)           
/* 010C8 80BA0638 10400017 */  beq     $v0, $zero, .L80BA0698     
/* 010CC 80BA063C 8FA70024 */  lw      $a3, 0x0024($sp)           
/* 010D0 80BA0640 8E0E0004 */  lw      $t6, 0x0004($s0)           ## 00000004
/* 010D4 80BA0644 3C01FFFE */  lui     $at, 0xFFFE                ## $at = FFFE0000
/* 010D8 80BA0648 3421FFFF */  ori     $at, $at, 0xFFFF           ## $at = FFFEFFFF
/* 010DC 80BA064C 01C17824 */  and     $t7, $t6, $at              
/* 010E0 80BA0650 AE0F0004 */  sw      $t7, 0x0004($s0)           ## 00000004
/* 010E4 80BA0654 00E02025 */  or      $a0, $a3, $zero            ## $a0 = 00000000
/* 010E8 80BA0658 2405120D */  addiu   $a1, $zero, 0x120D         ## $a1 = 0000120D
/* 010EC 80BA065C 0C05462C */  jal     func_801518B0              
/* 010F0 80BA0660 02003025 */  or      $a2, $s0, $zero            ## $a2 = 00000000
/* 010F4 80BA0664 24180003 */  addiu   $t8, $zero, 0x0003         ## $t8 = 00000003
/* 010F8 80BA0668 A6180304 */  sh      $t8, 0x0304($s0)           ## 00000304
/* 010FC 80BA066C 02002025 */  or      $a0, $s0, $zero            ## $a0 = 00000000
/* 01100 80BA0670 24050005 */  addiu   $a1, $zero, 0x0005         ## $a1 = 00000005
/* 01104 80BA0674 0C2E7DF9 */  jal     func_80B9F7E4              
/* 01108 80BA0678 24060002 */  addiu   $a2, $zero, 0x0002         ## $a2 = 00000002
/* 0110C 80BA067C 02002025 */  or      $a0, $s0, $zero            ## $a0 = 00000000
/* 01110 80BA0680 0C2E7F1C */  jal     func_80B9FC70              
/* 01114 80BA0684 00002825 */  or      $a1, $zero, $zero          ## $a1 = 00000000
/* 01118 80BA0688 3C1980BA */  lui     $t9, %hi(func_80BA00BC)    ## $t9 = 80BA0000
/* 0111C 80BA068C 273900BC */  addiu   $t9, $t9, %lo(func_80BA00BC) ## $t9 = 80BA00BC
/* 01120 80BA0690 10000005 */  beq     $zero, $zero, .L80BA06A8   
/* 01124 80BA0694 AE190314 */  sw      $t9, 0x0314($s0)           ## 00000314
.L80BA0698:
/* 01128 80BA0698 02002025 */  or      $a0, $s0, $zero            ## $a0 = 00000000
/* 0112C 80BA069C 00E02825 */  or      $a1, $a3, $zero            ## $a1 = 00000000
/* 01130 80BA06A0 0C02E185 */  jal     func_800B8614              
/* 01134 80BA06A4 3C0643FA */  lui     $a2, 0x43FA                ## $a2 = 43FA0000
.L80BA06A8:
/* 01138 80BA06A8 8FBF001C */  lw      $ra, 0x001C($sp)           
/* 0113C 80BA06AC 8FB00018 */  lw      $s0, 0x0018($sp)           
/* 01140 80BA06B0 27BD0020 */  addiu   $sp, $sp, 0x0020           ## $sp = 00000000
/* 01144 80BA06B4 03E00008 */  jr      $ra                        
/* 01148 80BA06B8 00000000 */  nop


glabel func_80BA06BC
/* 0114C 80BA06BC 27BDFFE8 */  addiu   $sp, $sp, 0xFFE8           ## $sp = FFFFFFE8
/* 01150 80BA06C0 AFBF0014 */  sw      $ra, 0x0014($sp)           
/* 01154 80BA06C4 AFA5001C */  sw      $a1, 0x001C($sp)           
/* 01158 80BA06C8 00803025 */  or      $a2, $a0, $zero            ## $a2 = 00000000
/* 0115C 80BA06CC 00C02025 */  or      $a0, $a2, $zero            ## $a0 = 00000000
/* 01160 80BA06D0 8FA5001C */  lw      $a1, 0x001C($sp)           
/* 01164 80BA06D4 0C2E7F49 */  jal     func_80B9FD24              
/* 01168 80BA06D8 AFA60018 */  sw      $a2, 0x0018($sp)           
/* 0116C 80BA06DC 8FA4001C */  lw      $a0, 0x001C($sp)           
/* 01170 80BA06E0 0C03B8A7 */  jal     func_800EE29C              
/* 01174 80BA06E4 240501F4 */  addiu   $a1, $zero, 0x01F4         ## $a1 = 000001F4
/* 01178 80BA06E8 1440000B */  bne     $v0, $zero, .L80BA0718     
/* 0117C 80BA06EC 8FA60018 */  lw      $a2, 0x0018($sp)           
/* 01180 80BA06F0 8CCF0004 */  lw      $t7, 0x0004($a2)           ## 00000004
/* 01184 80BA06F4 3C0E80BA */  lui     $t6, %hi(func_80BA0610)    ## $t6 = 80BA0000
/* 01188 80BA06F8 3C010001 */  lui     $at, 0x0001                ## $at = 00010000
/* 0118C 80BA06FC 25CE0610 */  addiu   $t6, $t6, %lo(func_80BA0610) ## $t6 = 80BA0610
/* 01190 80BA0700 01E1C025 */  or      $t8, $t7, $at              ## $t8 = 00010000
/* 01194 80BA0704 ACCE0314 */  sw      $t6, 0x0314($a2)           ## 00000314
/* 01198 80BA0708 ACD80004 */  sw      $t8, 0x0004($a2)           ## 00000004
/* 0119C 80BA070C 8FA5001C */  lw      $a1, 0x001C($sp)           
/* 011A0 80BA0710 0C2E8184 */  jal     func_80BA0610              
/* 011A4 80BA0714 00C02025 */  or      $a0, $a2, $zero            ## $a0 = 00000000
.L80BA0718:
/* 011A8 80BA0718 8FBF0014 */  lw      $ra, 0x0014($sp)           
/* 011AC 80BA071C 27BD0018 */  addiu   $sp, $sp, 0x0018           ## $sp = 00000000
/* 011B0 80BA0720 03E00008 */  jr      $ra                        
/* 011B4 80BA0724 00000000 */  nop


glabel func_80BA0728
/* 011B8 80BA0728 27BDFFC8 */  addiu   $sp, $sp, 0xFFC8           ## $sp = FFFFFFC8
/* 011BC 80BA072C AFB10018 */  sw      $s1, 0x0018($sp)           
/* 011C0 80BA0730 AFB00014 */  sw      $s0, 0x0014($sp)           
/* 011C4 80BA0734 00808025 */  or      $s0, $a0, $zero            ## $s0 = 00000000
/* 011C8 80BA0738 00A08825 */  or      $s1, $a1, $zero            ## $s1 = 00000000
/* 011CC 80BA073C AFBF001C */  sw      $ra, 0x001C($sp)           
/* 011D0 80BA0740 0C2E7E1B */  jal     func_80B9F86C              
/* 011D4 80BA0744 02002025 */  or      $a0, $s0, $zero            ## $a0 = 00000000
/* 011D8 80BA0748 02002025 */  or      $a0, $s0, $zero            ## $a0 = 00000000
/* 011DC 80BA074C 0C02E1C6 */  jal     func_800B8718              
/* 011E0 80BA0750 02202825 */  or      $a1, $s1, $zero            ## $a1 = 00000000
/* 011E4 80BA0754 10400022 */  beq     $v0, $zero, .L80BA07E0     
/* 011E8 80BA0758 02002025 */  or      $a0, $s0, $zero            ## $a0 = 00000000
/* 011EC 80BA075C 3C02801F */  lui     $v0, 0x801F                ## $v0 = 801F0000
/* 011F0 80BA0760 2442F670 */  addiu   $v0, $v0, 0xF670           ## $v0 = 801EF670
/* 011F4 80BA0764 904E0020 */  lbu     $t6, 0x0020($v0)           ## 801EF690
/* 011F8 80BA0768 24010002 */  addiu   $at, $zero, 0x0002         ## $at = 00000002
/* 011FC 80BA076C 02202025 */  or      $a0, $s1, $zero            ## $a0 = 00000000
/* 01200 80BA0770 15C10009 */  bne     $t6, $at, .L80BA0798       
/* 01204 80BA0774 24051208 */  addiu   $a1, $zero, 0x1208         ## $a1 = 00001208
/* 01208 80BA0778 0C05462C */  jal     func_801518B0              
/* 0120C 80BA077C 00003025 */  or      $a2, $zero, $zero          ## $a2 = 00000000
/* 01210 80BA0780 3C02801F */  lui     $v0, 0x801F                ## $v0 = 801F0000
/* 01214 80BA0784 2442F670 */  addiu   $v0, $v0, 0xF670           ## $v0 = 801EF670
/* 01218 80BA0788 904F0F16 */  lbu     $t7, 0x0F16($v0)           ## 801F0586
/* 0121C 80BA078C 35F80008 */  ori     $t8, $t7, 0x0008           ## $t8 = 00000008
/* 01220 80BA0790 10000005 */  beq     $zero, $zero, .L80BA07A8   
/* 01224 80BA0794 A0580F16 */  sb      $t8, 0x0F16($v0)           ## 801F0586
.L80BA0798:
/* 01228 80BA0798 02202025 */  or      $a0, $s1, $zero            ## $a0 = 00000000
/* 0122C 80BA079C 24051216 */  addiu   $a1, $zero, 0x1216         ## $a1 = 00001216
/* 01230 80BA07A0 0C05462C */  jal     func_801518B0              
/* 01234 80BA07A4 00003025 */  or      $a2, $zero, $zero          ## $a2 = 00000000
.L80BA07A8:
/* 01238 80BA07A8 3C1980BA */  lui     $t9, %hi(func_80BA00BC)    ## $t9 = 80BA0000
/* 0123C 80BA07AC 273900BC */  addiu   $t9, $t9, %lo(func_80BA00BC) ## $t9 = 80BA00BC
/* 01240 80BA07B0 24080001 */  addiu   $t0, $zero, 0x0001         ## $t0 = 00000001
/* 01244 80BA07B4 AE190314 */  sw      $t9, 0x0314($s0)           ## 00000314
/* 01248 80BA07B8 A6080304 */  sh      $t0, 0x0304($s0)           ## 00000304
/* 0124C 80BA07BC 02002025 */  or      $a0, $s0, $zero            ## $a0 = 00000000
/* 01250 80BA07C0 24050002 */  addiu   $a1, $zero, 0x0002         ## $a1 = 00000002
/* 01254 80BA07C4 0C2E7DF9 */  jal     func_80B9F7E4              
/* 01258 80BA07C8 24060002 */  addiu   $a2, $zero, 0x0002         ## $a2 = 00000002
/* 0125C 80BA07CC 960902F4 */  lhu     $t1, 0x02F4($s0)           ## 000002F4
/* 01260 80BA07D0 A600030E */  sh      $zero, 0x030E($s0)         ## 0000030E
/* 01264 80BA07D4 352A0001 */  ori     $t2, $t1, 0x0001           ## $t2 = 00000001
/* 01268 80BA07D8 10000033 */  beq     $zero, $zero, .L80BA08A8   
/* 0126C 80BA07DC A60A02F4 */  sh      $t2, 0x02F4($s0)           ## 000002F4
.L80BA07E0:
/* 01270 80BA07E0 0C02E134 */  jal     func_800B84D0              
/* 01274 80BA07E4 02202825 */  or      $a1, $s1, $zero            ## $a1 = 00000000
/* 01278 80BA07E8 10400009 */  beq     $v0, $zero, .L80BA0810     
/* 0127C 80BA07EC 02202025 */  or      $a0, $s1, $zero            ## $a0 = 00000000
/* 01280 80BA07F0 3C0B80BA */  lui     $t3, %hi(func_80BA0374)    ## $t3 = 80BA0000
/* 01284 80BA07F4 256B0374 */  addiu   $t3, $t3, %lo(func_80BA0374) ## $t3 = 80BA0374
/* 01288 80BA07F8 AE0B0314 */  sw      $t3, 0x0314($s0)           ## 00000314
/* 0128C 80BA07FC 02002025 */  or      $a0, $s0, $zero            ## $a0 = 00000000
/* 01290 80BA0800 0C2E7E8F */  jal     func_80B9FA3C              
/* 01294 80BA0804 02202825 */  or      $a1, $s1, $zero            ## $a1 = 00000000
/* 01298 80BA0808 10000028 */  beq     $zero, $zero, .L80BA08AC   
/* 0129C 80BA080C C60800EC */  lwc1    $f8, 0x00EC($s0)           ## 000000EC
.L80BA0810:
/* 012A0 80BA0810 0C03B8A7 */  jal     func_800EE29C              
/* 012A4 80BA0814 240501F4 */  addiu   $a1, $zero, 0x01F4         ## $a1 = 000001F4
/* 012A8 80BA0818 10400005 */  beq     $v0, $zero, .L80BA0830     
/* 012AC 80BA081C 3C014334 */  lui     $at, 0x4334                ## $at = 43340000
/* 012B0 80BA0820 3C0C80BA */  lui     $t4, %hi(func_80BA06BC)    ## $t4 = 80BA0000
/* 012B4 80BA0824 258C06BC */  addiu   $t4, $t4, %lo(func_80BA06BC) ## $t4 = 80BA06BC
/* 012B8 80BA0828 1000001F */  beq     $zero, $zero, .L80BA08A8   
/* 012BC 80BA082C AE0C0314 */  sw      $t4, 0x0314($s0)           ## 00000314
.L80BA0830:
/* 012C0 80BA0830 C6000098 */  lwc1    $f0, 0x0098($s0)           ## 00000098
/* 012C4 80BA0834 44812000 */  mtc1    $at, $f4                   ## $f4 = 180.00
/* 012C8 80BA0838 3C014270 */  lui     $at, 0x4270                ## $at = 42700000
/* 012CC 80BA083C 4604003C */  c.lt.s  $f0, $f4                   
/* 012D0 80BA0840 00000000 */  nop
/* 012D4 80BA0844 45020019 */  bc1fl   .L80BA08AC                 
/* 012D8 80BA0848 C60800EC */  lwc1    $f8, 0x00EC($s0)           ## 000000EC
/* 012DC 80BA084C 44813000 */  mtc1    $at, $f6                   ## $f6 = 60.00
/* 012E0 80BA0850 02002025 */  or      $a0, $s0, $zero            ## $a0 = 00000000
/* 012E4 80BA0854 24053000 */  addiu   $a1, $zero, 0x3000         ## $a1 = 00003000
/* 012E8 80BA0858 4600303C */  c.lt.s  $f6, $f0                   
/* 012EC 80BA085C 00000000 */  nop
/* 012F0 80BA0860 45020012 */  bc1fl   .L80BA08AC                 
/* 012F4 80BA0864 C60800EC */  lwc1    $f8, 0x00EC($s0)           ## 000000EC
/* 012F8 80BA0868 0C02DCC8 */  jal     func_800B7320              
/* 012FC 80BA086C 02203025 */  or      $a2, $s1, $zero            ## $a2 = 00000000
/* 01300 80BA0870 1040000D */  beq     $v0, $zero, .L80BA08A8     
/* 01304 80BA0874 02002025 */  or      $a0, $s0, $zero            ## $a0 = 00000000
/* 01308 80BA0878 0C02DCF8 */  jal     func_800B73E0              
/* 0130C 80BA087C 24053000 */  addiu   $a1, $zero, 0x3000         ## $a1 = 00003000
/* 01310 80BA0880 10400009 */  beq     $v0, $zero, .L80BA08A8     
/* 01314 80BA0884 02002025 */  or      $a0, $s0, $zero            ## $a0 = 00000000
/* 01318 80BA0888 02202825 */  or      $a1, $s1, $zero            ## $a1 = 00000000
/* 0131C 80BA088C 0C02E185 */  jal     func_800B8614              
/* 01320 80BA0890 3C064316 */  lui     $a2, 0x4316                ## $a2 = 43160000
/* 01324 80BA0894 02002025 */  or      $a0, $s0, $zero            ## $a0 = 00000000
/* 01328 80BA0898 02202825 */  or      $a1, $s1, $zero            ## $a1 = 00000000
/* 0132C 80BA089C 3C064348 */  lui     $a2, 0x4348                ## $a2 = 43480000
/* 01330 80BA08A0 0C02E1D3 */  jal     func_800B874C              
/* 01334 80BA08A4 3C074316 */  lui     $a3, 0x4316                ## $a3 = 43160000
.L80BA08A8:
/* 01338 80BA08A8 C60800EC */  lwc1    $f8, 0x00EC($s0)           ## 000000EC
.L80BA08AC:
/* 0133C 80BA08AC 24040003 */  addiu   $a0, $zero, 0x0003         ## $a0 = 00000003
/* 01340 80BA08B0 27A50028 */  addiu   $a1, $sp, 0x0028           ## $a1 = FFFFFFF0
/* 01344 80BA08B4 E7A80028 */  swc1    $f8, 0x0028($sp)           
/* 01348 80BA08B8 C60A00F0 */  lwc1    $f10, 0x00F0($s0)          ## 000000F0
/* 0134C 80BA08BC 2406006C */  addiu   $a2, $zero, 0x006C         ## $a2 = 0000006C
/* 01350 80BA08C0 3C07447A */  lui     $a3, 0x447A                ## $a3 = 447A0000
/* 01354 80BA08C4 E7AA002C */  swc1    $f10, 0x002C($sp)          
/* 01358 80BA08C8 C61000F4 */  lwc1    $f16, 0x00F4($s0)          ## 000000F4
/* 0135C 80BA08CC 0C0687ED */  jal     func_801A1FB4              
/* 01360 80BA08D0 E7B00030 */  swc1    $f16, 0x0030($sp)          
/* 01364 80BA08D4 8FBF001C */  lw      $ra, 0x001C($sp)           
/* 01368 80BA08D8 8FB00014 */  lw      $s0, 0x0014($sp)           
/* 0136C 80BA08DC 8FB10018 */  lw      $s1, 0x0018($sp)           
/* 01370 80BA08E0 03E00008 */  jr      $ra                        
/* 01374 80BA08E4 27BD0038 */  addiu   $sp, $sp, 0x0038           ## $sp = 00000000


glabel func_80BA08E8
/* 01378 80BA08E8 27BDFFE0 */  addiu   $sp, $sp, 0xFFE0           ## $sp = FFFFFFE0
/* 0137C 80BA08EC AFB00014 */  sw      $s0, 0x0014($sp)           
/* 01380 80BA08F0 3C03801F */  lui     $v1, 0x801F                ## $v1 = 801F0000
/* 01384 80BA08F4 2463F670 */  addiu   $v1, $v1, 0xF670           ## $v1 = 801EF670
/* 01388 80BA08F8 00808025 */  or      $s0, $a0, $zero            ## $s0 = 00000000
/* 0138C 80BA08FC AFBF001C */  sw      $ra, 0x001C($sp)           
/* 01390 80BA0900 AFB10018 */  sw      $s1, 0x0018($sp)           
/* 01394 80BA0904 AFA50024 */  sw      $a1, 0x0024($sp)           
/* 01398 80BA0908 906E0020 */  lbu     $t6, 0x0020($v1)           ## 801EF690
/* 0139C 80BA090C 24010002 */  addiu   $at, $zero, 0x0002         ## $at = 00000002
/* 013A0 80BA0910 24111254 */  addiu   $s1, $zero, 0x1254         ## $s1 = 00001254
/* 013A4 80BA0914 15C10024 */  bne     $t6, $at, .L80BA09A8       
/* 013A8 80BA0918 240C0003 */  addiu   $t4, $zero, 0x0003         ## $t4 = 00000003
/* 013AC 80BA091C 906F0F47 */  lbu     $t7, 0x0F47($v1)           ## 801F05B7
/* 013B0 80BA0920 24111257 */  addiu   $s1, $zero, 0x1257         ## $s1 = 00001257
/* 013B4 80BA0924 24190003 */  addiu   $t9, $zero, 0x0003         ## $t9 = 00000003
/* 013B8 80BA0928 31F80001 */  andi    $t8, $t7, 0x0001           ## $t8 = 00000000
/* 013BC 80BA092C 13000007 */  beq     $t8, $zero, .L80BA094C     
/* 013C0 80BA0930 02002025 */  or      $a0, $s0, $zero            ## $a0 = 00000000
/* 013C4 80BA0934 A6190304 */  sh      $t9, 0x0304($s0)           ## 00000304
/* 013C8 80BA0938 24050004 */  addiu   $a1, $zero, 0x0004         ## $a1 = 00000004
/* 013CC 80BA093C 0C2E7DF9 */  jal     func_80B9F7E4              
/* 013D0 80BA0940 24060002 */  addiu   $a2, $zero, 0x0002         ## $a2 = 00000002
/* 013D4 80BA0944 1000001E */  beq     $zero, $zero, .L80BA09C0   
/* 013D8 80BA0948 8FA40024 */  lw      $a0, 0x0024($sp)           
.L80BA094C:
/* 013DC 80BA094C 90620F46 */  lbu     $v0, 0x0F46($v1)           ## 00000F46
/* 013E0 80BA0950 24111255 */  addiu   $s1, $zero, 0x1255         ## $s1 = 00001255
/* 013E4 80BA0954 240B0001 */  addiu   $t3, $zero, 0x0001         ## $t3 = 00000001
/* 013E8 80BA0958 30480040 */  andi    $t0, $v0, 0x0040           ## $t0 = 00000000
/* 013EC 80BA095C 1100000A */  beq     $t0, $zero, .L80BA0988     
/* 013F0 80BA0960 344A0040 */  ori     $t2, $v0, 0x0040           ## $t2 = 00000040
/* 013F4 80BA0964 24090001 */  addiu   $t1, $zero, 0x0001         ## $t1 = 00000001
/* 013F8 80BA0968 24111256 */  addiu   $s1, $zero, 0x1256         ## $s1 = 00001256
/* 013FC 80BA096C A6090304 */  sh      $t1, 0x0304($s0)           ## 00000304
/* 01400 80BA0970 02002025 */  or      $a0, $s0, $zero            ## $a0 = 00000000
/* 01404 80BA0974 24050002 */  addiu   $a1, $zero, 0x0002         ## $a1 = 00000002
/* 01408 80BA0978 0C2E7DF9 */  jal     func_80B9F7E4              
/* 0140C 80BA097C 24060002 */  addiu   $a2, $zero, 0x0002         ## $a2 = 00000002
/* 01410 80BA0980 1000000F */  beq     $zero, $zero, .L80BA09C0   
/* 01414 80BA0984 8FA40024 */  lw      $a0, 0x0024($sp)           
.L80BA0988:
/* 01418 80BA0988 A06A0F46 */  sb      $t2, 0x0F46($v1)           ## 00000F46
/* 0141C 80BA098C A60B0304 */  sh      $t3, 0x0304($s0)           ## 00000304
/* 01420 80BA0990 02002025 */  or      $a0, $s0, $zero            ## $a0 = 00000000
/* 01424 80BA0994 24050002 */  addiu   $a1, $zero, 0x0002         ## $a1 = 00000002
/* 01428 80BA0998 0C2E7DF9 */  jal     func_80B9F7E4              
/* 0142C 80BA099C 24060002 */  addiu   $a2, $zero, 0x0002         ## $a2 = 00000002
/* 01430 80BA09A0 10000007 */  beq     $zero, $zero, .L80BA09C0   
/* 01434 80BA09A4 8FA40024 */  lw      $a0, 0x0024($sp)           
.L80BA09A8:
/* 01438 80BA09A8 A60C0304 */  sh      $t4, 0x0304($s0)           ## 00000304
/* 0143C 80BA09AC 02002025 */  or      $a0, $s0, $zero            ## $a0 = 00000000
/* 01440 80BA09B0 24050005 */  addiu   $a1, $zero, 0x0005         ## $a1 = 00000005
/* 01444 80BA09B4 0C2E7DF9 */  jal     func_80B9F7E4              
/* 01448 80BA09B8 24060002 */  addiu   $a2, $zero, 0x0002         ## $a2 = 00000002
/* 0144C 80BA09BC 8FA40024 */  lw      $a0, 0x0024($sp)           
.L80BA09C0:
/* 01450 80BA09C0 3225FFFF */  andi    $a1, $s1, 0xFFFF           ## $a1 = 00001256
/* 01454 80BA09C4 0C05462C */  jal     func_801518B0              
/* 01458 80BA09C8 02003025 */  or      $a2, $s0, $zero            ## $a2 = 00000000
/* 0145C 80BA09CC 8FBF001C */  lw      $ra, 0x001C($sp)           
/* 01460 80BA09D0 8FB00014 */  lw      $s0, 0x0014($sp)           
/* 01464 80BA09D4 8FB10018 */  lw      $s1, 0x0018($sp)           
/* 01468 80BA09D8 03E00008 */  jr      $ra                        
/* 0146C 80BA09DC 27BD0020 */  addiu   $sp, $sp, 0x0020           ## $sp = 00000000


glabel func_80BA09E0
/* 01470 80BA09E0 27BDFFE8 */  addiu   $sp, $sp, 0xFFE8           ## $sp = FFFFFFE8
/* 01474 80BA09E4 AFBF0014 */  sw      $ra, 0x0014($sp)           
/* 01478 80BA09E8 AFA5001C */  sw      $a1, 0x001C($sp)           
/* 0147C 80BA09EC 0C2E7E1B */  jal     func_80B9F86C              
/* 01480 80BA09F0 00000000 */  nop
/* 01484 80BA09F4 8FBF0014 */  lw      $ra, 0x0014($sp)           
/* 01488 80BA09F8 27BD0018 */  addiu   $sp, $sp, 0x0018           ## $sp = 00000000
/* 0148C 80BA09FC 03E00008 */  jr      $ra                        
/* 01490 80BA0A00 00000000 */  nop


glabel func_80BA0A04
/* 01494 80BA0A04 27BDFFD8 */  addiu   $sp, $sp, 0xFFD8           ## $sp = FFFFFFD8
/* 01498 80BA0A08 AFB00020 */  sw      $s0, 0x0020($sp)           
/* 0149C 80BA0A0C 00808025 */  or      $s0, $a0, $zero            ## $s0 = 00000000
/* 014A0 80BA0A10 AFBF0024 */  sw      $ra, 0x0024($sp)           
/* 014A4 80BA0A14 AFA5002C */  sw      $a1, 0x002C($sp)           
/* 014A8 80BA0A18 0C2E7E1B */  jal     func_80B9F86C              
/* 014AC 80BA0A1C 02002025 */  or      $a0, $s0, $zero            ## $a0 = 00000000
/* 014B0 80BA0A20 86050092 */  lh      $a1, 0x0092($s0)           ## 00000092
/* 014B4 80BA0A24 240E0200 */  addiu   $t6, $zero, 0x0200         ## $t6 = 00000200
/* 014B8 80BA0A28 AFAE0010 */  sw      $t6, 0x0010($sp)           
/* 014BC 80BA0A2C 260400BE */  addiu   $a0, $s0, 0x00BE           ## $a0 = 000000BE
/* 014C0 80BA0A30 24060002 */  addiu   $a2, $zero, 0x0002         ## $a2 = 00000002
/* 014C4 80BA0A34 0C03FFAF */  jal     func_800FFEBC              
/* 014C8 80BA0A38 24071000 */  addiu   $a3, $zero, 0x1000         ## $a3 = 00001000
/* 014CC 80BA0A3C 860F00BE */  lh      $t7, 0x00BE($s0)           ## 000000BE
/* 014D0 80BA0A40 A60F0032 */  sh      $t7, 0x0032($s0)           ## 00000032
/* 014D4 80BA0A44 8FA4002C */  lw      $a0, 0x002C($sp)           
/* 014D8 80BA0A48 0C054926 */  jal     func_80152498              
/* 014DC 80BA0A4C 24844908 */  addiu   $a0, $a0, 0x4908           ## $a0 = 00004908
/* 014E0 80BA0A50 24010002 */  addiu   $at, $zero, 0x0002         ## $at = 00000002
/* 014E4 80BA0A54 10410014 */  beq     $v0, $at, .L80BA0AA8       
/* 014E8 80BA0A58 3C1980BA */  lui     $t9, %hi(func_80BA0AD8)    ## $t9 = 80BA0000
/* 014EC 80BA0A5C 24010005 */  addiu   $at, $zero, 0x0005         ## $at = 00000005
/* 014F0 80BA0A60 54410019 */  bnel    $v0, $at, .L80BA0AC8       
/* 014F4 80BA0A64 8FBF0024 */  lw      $ra, 0x0024($sp)           
/* 014F8 80BA0A68 0C051D89 */  jal     func_80147624              
/* 014FC 80BA0A6C 8FA4002C */  lw      $a0, 0x002C($sp)           
/* 01500 80BA0A70 50400015 */  beql    $v0, $zero, .L80BA0AC8     
/* 01504 80BA0A74 8FBF0024 */  lw      $ra, 0x0024($sp)           
/* 01508 80BA0A78 0C051DED */  jal     func_801477B4              
/* 0150C 80BA0A7C 8FA4002C */  lw      $a0, 0x002C($sp)           
/* 01510 80BA0A80 3C1880BA */  lui     $t8, %hi(func_80BA0AD8)    ## $t8 = 80BA0000
/* 01514 80BA0A84 27180AD8 */  addiu   $t8, $t8, %lo(func_80BA0AD8) ## $t8 = 80BA0AD8
/* 01518 80BA0A88 AE180314 */  sw      $t8, 0x0314($s0)           ## 00000314
/* 0151C 80BA0A8C A6000304 */  sh      $zero, 0x0304($s0)         ## 00000304
/* 01520 80BA0A90 02002025 */  or      $a0, $s0, $zero            ## $a0 = 00000000
/* 01524 80BA0A94 24050006 */  addiu   $a1, $zero, 0x0006         ## $a1 = 00000006
/* 01528 80BA0A98 0C2E7DF9 */  jal     func_80B9F7E4              
/* 0152C 80BA0A9C 24060002 */  addiu   $a2, $zero, 0x0002         ## $a2 = 00000002
/* 01530 80BA0AA0 10000009 */  beq     $zero, $zero, .L80BA0AC8   
/* 01534 80BA0AA4 8FBF0024 */  lw      $ra, 0x0024($sp)           
.L80BA0AA8:
/* 01538 80BA0AA8 27390AD8 */  addiu   $t9, $t9, %lo(func_80BA0AD8) ## $t9 = 00000AD8
/* 0153C 80BA0AAC AE190314 */  sw      $t9, 0x0314($s0)           ## 00000314
/* 01540 80BA0AB0 A6000304 */  sh      $zero, 0x0304($s0)         ## 00000304
/* 01544 80BA0AB4 02002025 */  or      $a0, $s0, $zero            ## $a0 = 00000000
/* 01548 80BA0AB8 24050006 */  addiu   $a1, $zero, 0x0006         ## $a1 = 00000006
/* 0154C 80BA0ABC 0C2E7DF9 */  jal     func_80B9F7E4              
/* 01550 80BA0AC0 24060002 */  addiu   $a2, $zero, 0x0002         ## $a2 = 00000002
/* 01554 80BA0AC4 8FBF0024 */  lw      $ra, 0x0024($sp)           
.L80BA0AC8:
/* 01558 80BA0AC8 8FB00020 */  lw      $s0, 0x0020($sp)           
/* 0155C 80BA0ACC 27BD0028 */  addiu   $sp, $sp, 0x0028           ## $sp = 00000000
/* 01560 80BA0AD0 03E00008 */  jr      $ra                        
/* 01564 80BA0AD4 00000000 */  nop


glabel func_80BA0AD8
/* 01568 80BA0AD8 27BDFFD8 */  addiu   $sp, $sp, 0xFFD8           ## $sp = FFFFFFD8
/* 0156C 80BA0ADC AFB00020 */  sw      $s0, 0x0020($sp)           
/* 01570 80BA0AE0 00808025 */  or      $s0, $a0, $zero            ## $s0 = 00000000
/* 01574 80BA0AE4 AFBF0024 */  sw      $ra, 0x0024($sp)           
/* 01578 80BA0AE8 AFA5002C */  sw      $a1, 0x002C($sp)           
/* 0157C 80BA0AEC 0C2E7E1B */  jal     func_80B9F86C              
/* 01580 80BA0AF0 02002025 */  or      $a0, $s0, $zero            ## $a0 = 00000000
/* 01584 80BA0AF4 86050016 */  lh      $a1, 0x0016($s0)           ## 00000016
/* 01588 80BA0AF8 860E00BE */  lh      $t6, 0x00BE($s0)           ## 000000BE
/* 0158C 80BA0AFC 260400BE */  addiu   $a0, $s0, 0x00BE           ## $a0 = 000000BE
/* 01590 80BA0B00 24060002 */  addiu   $a2, $zero, 0x0002         ## $a2 = 00000002
/* 01594 80BA0B04 11C50006 */  beq     $t6, $a1, .L80BA0B20       
/* 01598 80BA0B08 24071000 */  addiu   $a3, $zero, 0x1000         ## $a3 = 00001000
/* 0159C 80BA0B0C 240F0200 */  addiu   $t7, $zero, 0x0200         ## $t7 = 00000200
/* 015A0 80BA0B10 0C03FFAF */  jal     func_800FFEBC              
/* 015A4 80BA0B14 AFAF0010 */  sw      $t7, 0x0010($sp)           
/* 015A8 80BA0B18 861800BE */  lh      $t8, 0x00BE($s0)           ## 000000BE
/* 015AC 80BA0B1C A6180032 */  sh      $t8, 0x0032($s0)           ## 00000032
.L80BA0B20:
/* 015B0 80BA0B20 02002025 */  or      $a0, $s0, $zero            ## $a0 = 00000000
/* 015B4 80BA0B24 0C02E134 */  jal     func_800B84D0              
/* 015B8 80BA0B28 8FA5002C */  lw      $a1, 0x002C($sp)           
/* 015BC 80BA0B2C 10400009 */  beq     $v0, $zero, .L80BA0B54     
/* 015C0 80BA0B30 3C0142F0 */  lui     $at, 0x42F0                ## $at = 42F00000
/* 015C4 80BA0B34 3C1980BA */  lui     $t9, %hi(func_80BA0A04)    ## $t9 = 80BA0000
/* 015C8 80BA0B38 27390A04 */  addiu   $t9, $t9, %lo(func_80BA0A04) ## $t9 = 80BA0A04
/* 015CC 80BA0B3C AE190314 */  sw      $t9, 0x0314($s0)           ## 00000314
/* 015D0 80BA0B40 8FA5002C */  lw      $a1, 0x002C($sp)           
/* 015D4 80BA0B44 0C2E823A */  jal     func_80BA08E8              
/* 015D8 80BA0B48 02002025 */  or      $a0, $s0, $zero            ## $a0 = 00000000
/* 015DC 80BA0B4C 10000015 */  beq     $zero, $zero, .L80BA0BA4   
/* 015E0 80BA0B50 8FBF0024 */  lw      $ra, 0x0024($sp)           
.L80BA0B54:
/* 015E4 80BA0B54 C6040098 */  lwc1    $f4, 0x0098($s0)           ## 00000098
/* 015E8 80BA0B58 44813000 */  mtc1    $at, $f6                   ## $f6 = 0.00
/* 015EC 80BA0B5C 02002025 */  or      $a0, $s0, $zero            ## $a0 = 00000000
/* 015F0 80BA0B60 24053000 */  addiu   $a1, $zero, 0x3000         ## $a1 = 00003000
/* 015F4 80BA0B64 4606203C */  c.lt.s  $f4, $f6                   
/* 015F8 80BA0B68 00000000 */  nop
/* 015FC 80BA0B6C 4502000D */  bc1fl   .L80BA0BA4                 
/* 01600 80BA0B70 8FBF0024 */  lw      $ra, 0x0024($sp)           
/* 01604 80BA0B74 0C02DCC8 */  jal     func_800B7320              
/* 01608 80BA0B78 8FA6002C */  lw      $a2, 0x002C($sp)           
/* 0160C 80BA0B7C 10400008 */  beq     $v0, $zero, .L80BA0BA0     
/* 01610 80BA0B80 02002025 */  or      $a0, $s0, $zero            ## $a0 = 00000000
/* 01614 80BA0B84 0C02DCF8 */  jal     func_800B73E0              
/* 01618 80BA0B88 24053000 */  addiu   $a1, $zero, 0x3000         ## $a1 = 00003000
/* 0161C 80BA0B8C 10400004 */  beq     $v0, $zero, .L80BA0BA0     
/* 01620 80BA0B90 02002025 */  or      $a0, $s0, $zero            ## $a0 = 00000000
/* 01624 80BA0B94 8FA5002C */  lw      $a1, 0x002C($sp)           
/* 01628 80BA0B98 0C02E185 */  jal     func_800B8614              
/* 0162C 80BA0B9C 3C0642F0 */  lui     $a2, 0x42F0                ## $a2 = 42F00000
.L80BA0BA0:
/* 01630 80BA0BA0 8FBF0024 */  lw      $ra, 0x0024($sp)           
.L80BA0BA4:
/* 01634 80BA0BA4 8FB00020 */  lw      $s0, 0x0020($sp)           
/* 01638 80BA0BA8 27BD0028 */  addiu   $sp, $sp, 0x0028           ## $sp = 00000000
/* 0163C 80BA0BAC 03E00008 */  jr      $ra                        
/* 01640 80BA0BB0 00000000 */  nop


glabel func_80BA0BB4
/* 01644 80BA0BB4 27BDFFE8 */  addiu   $sp, $sp, 0xFFE8           ## $sp = FFFFFFE8
/* 01648 80BA0BB8 AFBF0014 */  sw      $ra, 0x0014($sp)           
/* 0164C 80BA0BBC AFA40018 */  sw      $a0, 0x0018($sp)           
/* 01650 80BA0BC0 AFA5001C */  sw      $a1, 0x001C($sp)           
/* 01654 80BA0BC4 0C2E7E1B */  jal     func_80B9F86C              
/* 01658 80BA0BC8 8FA40018 */  lw      $a0, 0x0018($sp)           
/* 0165C 80BA0BCC 3C0E801F */  lui     $t6, 0x801F                ## $t6 = 801F0000
/* 01660 80BA0BD0 91CE05B7 */  lbu     $t6, 0x05B7($t6)           ## 801F05B7
/* 01664 80BA0BD4 3C1880BA */  lui     $t8, %hi(func_80BA09E0)    ## $t8 = 80BA0000
/* 01668 80BA0BD8 8FA40018 */  lw      $a0, 0x0018($sp)           
/* 0166C 80BA0BDC 31CF0001 */  andi    $t7, $t6, 0x0001           ## $t7 = 00000000
/* 01670 80BA0BE0 11E00008 */  beq     $t7, $zero, .L80BA0C04     
/* 01674 80BA0BE4 271809E0 */  addiu   $t8, $t8, %lo(func_80BA09E0) ## $t8 = 80BA09E0
/* 01678 80BA0BE8 AC980314 */  sw      $t8, 0x0314($a0)           ## 00000314
/* 0167C 80BA0BEC 00002825 */  or      $a1, $zero, $zero          ## $a1 = 00000000
/* 01680 80BA0BF0 0C2E7DF9 */  jal     func_80B9F7E4              
/* 01684 80BA0BF4 24060002 */  addiu   $a2, $zero, 0x0002         ## $a2 = 00000002
/* 01688 80BA0BF8 8FA80018 */  lw      $t0, 0x0018($sp)           
/* 0168C 80BA0BFC 24190005 */  addiu   $t9, $zero, 0x0005         ## $t9 = 00000005
/* 01690 80BA0C00 A5190304 */  sh      $t9, 0x0304($t0)           ## 00000304
.L80BA0C04:
/* 01694 80BA0C04 8FBF0014 */  lw      $ra, 0x0014($sp)           
/* 01698 80BA0C08 27BD0018 */  addiu   $sp, $sp, 0x0018           ## $sp = 00000000
/* 0169C 80BA0C0C 03E00008 */  jr      $ra                        
/* 016A0 80BA0C10 00000000 */  nop


glabel func_80BA0C14
/* 016A4 80BA0C14 27BDFFE8 */  addiu   $sp, $sp, 0xFFE8           ## $sp = FFFFFFE8
/* 016A8 80BA0C18 AFBF0014 */  sw      $ra, 0x0014($sp)           
/* 016AC 80BA0C1C AFA5001C */  sw      $a1, 0x001C($sp)           
/* 016B0 80BA0C20 00803025 */  or      $a2, $a0, $zero            ## $a2 = 00000000
/* 016B4 80BA0C24 00C02025 */  or      $a0, $a2, $zero            ## $a0 = 00000000
/* 016B8 80BA0C28 0C2E7E1B */  jal     func_80B9F86C              
/* 016BC 80BA0C2C AFA60018 */  sw      $a2, 0x0018($sp)           
/* 016C0 80BA0C30 8FA60018 */  lw      $a2, 0x0018($sp)           
/* 016C4 80BA0C34 241903E7 */  addiu   $t9, $zero, 0x03E7         ## $t9 = 000003E7
/* 016C8 80BA0C38 24050203 */  addiu   $a1, $zero, 0x0203         ## $a1 = 00000203
/* 016CC 80BA0C3C 84C20312 */  lh      $v0, 0x0312($a2)           ## 00000312
/* 016D0 80BA0C40 2841031F */  slti    $at, $v0, 0x031F           
/* 016D4 80BA0C44 10200004 */  beq     $at, $zero, .L80BA0C58     
/* 016D8 80BA0C48 244F001E */  addiu   $t7, $v0, 0x001E           ## $t7 = 0000001E
/* 016DC 80BA0C4C 244E00C8 */  addiu   $t6, $v0, 0x00C8           ## $t6 = 000000C8
/* 016E0 80BA0C50 10000002 */  beq     $zero, $zero, .L80BA0C5C   
/* 016E4 80BA0C54 A4CE0312 */  sh      $t6, 0x0312($a2)           ## 00000312
.L80BA0C58:
/* 016E8 80BA0C58 A4CF0312 */  sh      $t7, 0x0312($a2)           ## 00000312
.L80BA0C5C:
/* 016EC 80BA0C5C 84D80312 */  lh      $t8, 0x0312($a2)           ## 00000312
/* 016F0 80BA0C60 2B0103E8 */  slti    $at, $t8, 0x03E8           
/* 016F4 80BA0C64 54200003 */  bnel    $at, $zero, .L80BA0C74     
/* 016F8 80BA0C68 8FA4001C */  lw      $a0, 0x001C($sp)           
/* 016FC 80BA0C6C A4D90312 */  sh      $t9, 0x0312($a2)           ## 00000312
/* 01700 80BA0C70 8FA4001C */  lw      $a0, 0x001C($sp)           
.L80BA0C74:
/* 01704 80BA0C74 0C03B8A7 */  jal     func_800EE29C              
/* 01708 80BA0C78 AFA60018 */  sw      $a2, 0x0018($sp)           
/* 0170C 80BA0C7C 10400014 */  beq     $v0, $zero, .L80BA0CD0     
/* 01710 80BA0C80 8FA60018 */  lw      $a2, 0x0018($sp)           
/* 01714 80BA0C84 8FA4001C */  lw      $a0, 0x001C($sp)           
/* 01718 80BA0C88 24050203 */  addiu   $a1, $zero, 0x0203         ## $a1 = 00000203
/* 0171C 80BA0C8C 0C03B880 */  jal     func_800EE200              
/* 01720 80BA0C90 AFA60018 */  sw      $a2, 0x0018($sp)           
/* 01724 80BA0C94 8FA8001C */  lw      $t0, 0x001C($sp)           
/* 01728 80BA0C98 00024880 */  sll     $t1, $v0,  2               
/* 0172C 80BA0C9C 24010001 */  addiu   $at, $zero, 0x0001         ## $at = 00000001
/* 01730 80BA0CA0 01095021 */  addu    $t2, $t0, $t1              
/* 01734 80BA0CA4 8D4B1F4C */  lw      $t3, 0x1F4C($t2)           ## 00001F4C
/* 01738 80BA0CA8 3C0D80BA */  lui     $t5, %hi(func_80BA0CF4)    ## $t5 = 80BA0000
/* 0173C 80BA0CAC 8FA60018 */  lw      $a2, 0x0018($sp)           
/* 01740 80BA0CB0 956C0000 */  lhu     $t4, 0x0000($t3)           ## 00000000
/* 01744 80BA0CB4 25AD0CF4 */  addiu   $t5, $t5, %lo(func_80BA0CF4) ## $t5 = 80BA0CF4
/* 01748 80BA0CB8 240EFFFF */  addiu   $t6, $zero, 0xFFFF         ## $t6 = FFFFFFFF
/* 0174C 80BA0CBC 5581000A */  bnel    $t4, $at, .L80BA0CE8       
/* 01750 80BA0CC0 8FBF0014 */  lw      $ra, 0x0014($sp)           
/* 01754 80BA0CC4 ACCD0314 */  sw      $t5, 0x0314($a2)           ## 00000314
/* 01758 80BA0CC8 10000006 */  beq     $zero, $zero, .L80BA0CE4   
/* 0175C 80BA0CCC A4CE0312 */  sh      $t6, 0x0312($a2)           ## 00000312
.L80BA0CD0:
/* 01760 80BA0CD0 3C0F80BA */  lui     $t7, %hi(func_80BA0CF4)    ## $t7 = 80BA0000
/* 01764 80BA0CD4 25EF0CF4 */  addiu   $t7, $t7, %lo(func_80BA0CF4) ## $t7 = 80BA0CF4
/* 01768 80BA0CD8 2418FFFF */  addiu   $t8, $zero, 0xFFFF         ## $t8 = FFFFFFFF
/* 0176C 80BA0CDC ACCF0314 */  sw      $t7, 0x0314($a2)           ## 00000314
/* 01770 80BA0CE0 A4D80312 */  sh      $t8, 0x0312($a2)           ## 00000312
.L80BA0CE4:
/* 01774 80BA0CE4 8FBF0014 */  lw      $ra, 0x0014($sp)           
.L80BA0CE8:
/* 01778 80BA0CE8 27BD0018 */  addiu   $sp, $sp, 0x0018           ## $sp = 00000000
/* 0177C 80BA0CEC 03E00008 */  jr      $ra                        
/* 01780 80BA0CF0 00000000 */  nop


glabel func_80BA0CF4
/* 01784 80BA0CF4 27BDFFE8 */  addiu   $sp, $sp, 0xFFE8           ## $sp = FFFFFFE8
/* 01788 80BA0CF8 AFBF0014 */  sw      $ra, 0x0014($sp)           
/* 0178C 80BA0CFC AFA40018 */  sw      $a0, 0x0018($sp)           
/* 01790 80BA0D00 AFA5001C */  sw      $a1, 0x001C($sp)           
/* 01794 80BA0D04 0C2E7E1B */  jal     func_80B9F86C              
/* 01798 80BA0D08 8FA40018 */  lw      $a0, 0x0018($sp)           
/* 0179C 80BA0D0C 8FA4001C */  lw      $a0, 0x001C($sp)           
/* 017A0 80BA0D10 0C03B8A7 */  jal     func_800EE29C              
/* 017A4 80BA0D14 24050203 */  addiu   $a1, $zero, 0x0203         ## $a1 = 00000203
/* 017A8 80BA0D18 1040000E */  beq     $v0, $zero, .L80BA0D54     
/* 017AC 80BA0D1C 8FA4001C */  lw      $a0, 0x001C($sp)           
/* 017B0 80BA0D20 0C03B880 */  jal     func_800EE200              
/* 017B4 80BA0D24 24050203 */  addiu   $a1, $zero, 0x0203         ## $a1 = 00000203
/* 017B8 80BA0D28 8FAE001C */  lw      $t6, 0x001C($sp)           
/* 017BC 80BA0D2C 00027880 */  sll     $t7, $v0,  2               
/* 017C0 80BA0D30 24010002 */  addiu   $at, $zero, 0x0002         ## $at = 00000002
/* 017C4 80BA0D34 01CFC021 */  addu    $t8, $t6, $t7              
/* 017C8 80BA0D38 8F191F4C */  lw      $t9, 0x1F4C($t8)           ## 00001F4C
/* 017CC 80BA0D3C 8FAA0018 */  lw      $t2, 0x0018($sp)           
/* 017D0 80BA0D40 97280000 */  lhu     $t0, 0x0000($t9)           ## 00000000
/* 017D4 80BA0D44 15010003 */  bne     $t0, $at, .L80BA0D54       
/* 017D8 80BA0D48 3C0980BA */  lui     $t1, %hi(func_80BA0C14)    ## $t1 = 80BA0000
/* 017DC 80BA0D4C 25290C14 */  addiu   $t1, $t1, %lo(func_80BA0C14) ## $t1 = 80BA0C14
/* 017E0 80BA0D50 AD490314 */  sw      $t1, 0x0314($t2)           ## 00000314
.L80BA0D54:
/* 017E4 80BA0D54 8FBF0014 */  lw      $ra, 0x0014($sp)           
/* 017E8 80BA0D58 27BD0018 */  addiu   $sp, $sp, 0x0018           ## $sp = 00000000
/* 017EC 80BA0D5C 03E00008 */  jr      $ra                        
/* 017F0 80BA0D60 00000000 */  nop


glabel func_80BA0D64
/* 017F4 80BA0D64 27BDFFC0 */  addiu   $sp, $sp, 0xFFC0           ## $sp = FFFFFFC0
/* 017F8 80BA0D68 AFB00028 */  sw      $s0, 0x0028($sp)           
/* 017FC 80BA0D6C 00808025 */  or      $s0, $a0, $zero            ## $s0 = 00000000
/* 01800 80BA0D70 AFBF002C */  sw      $ra, 0x002C($sp)           
/* 01804 80BA0D74 AFA50044 */  sw      $a1, 0x0044($sp)           
/* 01808 80BA0D78 0C02DAA2 */  jal     func_800B6A88              
/* 0180C 80BA0D7C 02002025 */  or      $a0, $s0, $zero            ## $a0 = 00000000
/* 01810 80BA0D80 260602A8 */  addiu   $a2, $s0, 0x02A8           ## $a2 = 000002A8
/* 01814 80BA0D84 00C02825 */  or      $a1, $a2, $zero            ## $a1 = 000002A8
/* 01818 80BA0D88 AFA60030 */  sw      $a2, 0x0030($sp)           
/* 0181C 80BA0D8C 0C039F7E */  jal     func_800E7DF8              
/* 01820 80BA0D90 02002025 */  or      $a0, $s0, $zero            ## $a0 = 00000000
/* 01824 80BA0D94 8FA40044 */  lw      $a0, 0x0044($sp)           
/* 01828 80BA0D98 3C010001 */  lui     $at, 0x0001                ## $at = 00010000
/* 0182C 80BA0D9C 34218884 */  ori     $at, $at, 0x8884           ## $at = 00018884
/* 01830 80BA0DA0 8FA60030 */  lw      $a2, 0x0030($sp)           
/* 01834 80BA0DA4 0C038A4A */  jal     func_800E2928              
/* 01838 80BA0DA8 00812821 */  addu    $a1, $a0, $at              
/* 0183C 80BA0DAC 3C014120 */  lui     $at, 0x4120                ## $at = 41200000
/* 01840 80BA0DB0 44810000 */  mtc1    $at, $f0                   ## $f0 = 10.00
/* 01844 80BA0DB4 240E0004 */  addiu   $t6, $zero, 0x0004         ## $t6 = 00000004
/* 01848 80BA0DB8 AFAE0014 */  sw      $t6, 0x0014($sp)           
/* 0184C 80BA0DBC 44060000 */  mfc1    $a2, $f0                   
/* 01850 80BA0DC0 44070000 */  mfc1    $a3, $f0                   
/* 01854 80BA0DC4 8FA40044 */  lw      $a0, 0x0044($sp)           
/* 01858 80BA0DC8 02002825 */  or      $a1, $s0, $zero            ## $a1 = 00000000
/* 0185C 80BA0DCC 0C02DE2E */  jal     func_800B78B8              
/* 01860 80BA0DD0 E7A00010 */  swc1    $f0, 0x0010($sp)           
/* 01864 80BA0DD4 8E190314 */  lw      $t9, 0x0314($s0)           ## 00000314
/* 01868 80BA0DD8 02002025 */  or      $a0, $s0, $zero            ## $a0 = 00000000
/* 0186C 80BA0DDC 8FA50044 */  lw      $a1, 0x0044($sp)           
/* 01870 80BA0DE0 0320F809 */  jalr    $ra, $t9                   
/* 01874 80BA0DE4 00000000 */  nop
/* 01878 80BA0DE8 860F030E */  lh      $t7, 0x030E($s0)           ## 0000030E
/* 0187C 80BA0DEC 2401FFFF */  addiu   $at, $zero, 0xFFFF         ## $at = FFFFFFFF
/* 01880 80BA0DF0 51E1002C */  beql    $t7, $at, .L80BA0EA4       
/* 01884 80BA0DF4 960D02F4 */  lhu     $t5, 0x02F4($s0)           ## 000002F4
/* 01888 80BA0DF8 0C03C81F */  jal     func_800F207C              
/* 0188C 80BA0DFC 00000000 */  nop
/* 01890 80BA0E00 8618030E */  lh      $t8, 0x030E($s0)           ## 0000030E
/* 01894 80BA0E04 00184040 */  sll     $t0, $t8,  1               
/* 01898 80BA0E08 02084821 */  addu    $t1, $s0, $t0              
/* 0189C 80BA0E0C 852A0306 */  lh      $t2, 0x0306($t1)           ## 00000306
/* 018A0 80BA0E10 504A0024 */  beql    $v0, $t2, .L80BA0EA4       
/* 018A4 80BA0E14 960D02F4 */  lhu     $t5, 0x02F4($s0)           ## 000002F4
/* 018A8 80BA0E18 0C03C81F */  jal     func_800F207C              
/* 018AC 80BA0E1C 00000000 */  nop
/* 018B0 80BA0E20 2401007C */  addiu   $at, $zero, 0x007C         ## $at = 0000007C
/* 018B4 80BA0E24 5441000B */  bnel    $v0, $at, .L80BA0E54       
/* 018B8 80BA0E28 860E030E */  lh      $t6, 0x030E($s0)           ## 0000030E
/* 018BC 80BA0E2C 0C03C7EF */  jal     func_800F1FBC              
/* 018C0 80BA0E30 2404007C */  addiu   $a0, $zero, 0x007C         ## $a0 = 0000007C
/* 018C4 80BA0E34 860B030E */  lh      $t3, 0x030E($s0)           ## 0000030E
/* 018C8 80BA0E38 000B6040 */  sll     $t4, $t3,  1               
/* 018CC 80BA0E3C 020C6821 */  addu    $t5, $s0, $t4              
/* 018D0 80BA0E40 0C03C6E9 */  jal     func_800F1BA4              
/* 018D4 80BA0E44 85A40306 */  lh      $a0, 0x0306($t5)           ## 00000306
/* 018D8 80BA0E48 10000016 */  beq     $zero, $zero, .L80BA0EA4   
/* 018DC 80BA0E4C 960D02F4 */  lhu     $t5, 0x02F4($s0)           ## 000002F4
/* 018E0 80BA0E50 860E030E */  lh      $t6, 0x030E($s0)           ## 0000030E
.L80BA0E54:
/* 018E4 80BA0E54 000EC840 */  sll     $t9, $t6,  1               
/* 018E8 80BA0E58 02197821 */  addu    $t7, $s0, $t9              
/* 018EC 80BA0E5C 0C03C6F9 */  jal     func_800F1BE4              
/* 018F0 80BA0E60 85E40306 */  lh      $a0, 0x0306($t7)           ## 00000306
/* 018F4 80BA0E64 5040000A */  beql    $v0, $zero, .L80BA0E90     
/* 018F8 80BA0E68 860A030E */  lh      $t2, 0x030E($s0)           ## 0000030E
/* 018FC 80BA0E6C 8618030E */  lh      $t8, 0x030E($s0)           ## 0000030E
/* 01900 80BA0E70 02002825 */  or      $a1, $s0, $zero            ## $a1 = 00000000
/* 01904 80BA0E74 00184040 */  sll     $t0, $t8,  1               
/* 01908 80BA0E78 02084821 */  addu    $t1, $s0, $t0              
/* 0190C 80BA0E7C 0C03C761 */  jal     func_800F1D84              
/* 01910 80BA0E80 85240306 */  lh      $a0, 0x0306($t1)           ## 00000306
/* 01914 80BA0E84 10000007 */  beq     $zero, $zero, .L80BA0EA4   
/* 01918 80BA0E88 960D02F4 */  lhu     $t5, 0x02F4($s0)           ## 000002F4
/* 0191C 80BA0E8C 860A030E */  lh      $t2, 0x030E($s0)           ## 0000030E
.L80BA0E90:
/* 01920 80BA0E90 000A5840 */  sll     $t3, $t2,  1               
/* 01924 80BA0E94 020B6021 */  addu    $t4, $s0, $t3              
/* 01928 80BA0E98 0C03C6E9 */  jal     func_800F1BA4              
/* 0192C 80BA0E9C 85840306 */  lh      $a0, 0x0306($t4)           ## 00000306
/* 01930 80BA0EA0 960D02F4 */  lhu     $t5, 0x02F4($s0)           ## 000002F4
.L80BA0EA4:
/* 01934 80BA0EA4 260402F6 */  addiu   $a0, $s0, 0x02F6           ## $a0 = 000002F6
/* 01938 80BA0EA8 00002825 */  or      $a1, $zero, $zero          ## $a1 = 00000000
/* 0193C 80BA0EAC 31AE0001 */  andi    $t6, $t5, 0x0001           ## $t6 = 00000000
/* 01940 80BA0EB0 11C0000E */  beq     $t6, $zero, .L80BA0EEC     
/* 01944 80BA0EB4 24060006 */  addiu   $a2, $zero, 0x0006         ## $a2 = 00000006
/* 01948 80BA0EB8 8E0F003C */  lw      $t7, 0x003C($s0)           ## 0000003C
/* 0194C 80BA0EBC 8FA40044 */  lw      $a0, 0x0044($sp)           
/* 01950 80BA0EC0 02002825 */  or      $a1, $s0, $zero            ## $a1 = 00000000
/* 01954 80BA0EC4 AFAF0010 */  sw      $t7, 0x0010($sp)           
/* 01958 80BA0EC8 8E190040 */  lw      $t9, 0x0040($s0)           ## 00000040
/* 0195C 80BA0ECC 260602F6 */  addiu   $a2, $s0, 0x02F6           ## $a2 = 000002F6
/* 01960 80BA0ED0 260702FC */  addiu   $a3, $s0, 0x02FC           ## $a3 = 000002FC
/* 01964 80BA0ED4 AFB90014 */  sw      $t9, 0x0014($sp)           
/* 01968 80BA0ED8 8E0F0044 */  lw      $t7, 0x0044($s0)           ## 00000044
/* 0196C 80BA0EDC 0C03A494 */  jal     func_800E9250              
/* 01970 80BA0EE0 AFAF0018 */  sw      $t7, 0x0018($sp)           
/* 01974 80BA0EE4 1000001B */  beq     $zero, $zero, .L80BA0F54   
/* 01978 80BA0EE8 8FBF002C */  lw      $ra, 0x002C($sp)           
.L80BA0EEC:
/* 0197C 80BA0EEC 24180064 */  addiu   $t8, $zero, 0x0064         ## $t8 = 00000064
/* 01980 80BA0EF0 AFB80010 */  sw      $t8, 0x0010($sp)           
/* 01984 80BA0EF4 0C03FFAF */  jal     func_800FFEBC              
/* 01988 80BA0EF8 24071838 */  addiu   $a3, $zero, 0x1838         ## $a3 = 00001838
/* 0198C 80BA0EFC 24080064 */  addiu   $t0, $zero, 0x0064         ## $t0 = 00000064
/* 01990 80BA0F00 AFA80010 */  sw      $t0, 0x0010($sp)           
/* 01994 80BA0F04 260402F8 */  addiu   $a0, $s0, 0x02F8           ## $a0 = 000002F8
/* 01998 80BA0F08 00002825 */  or      $a1, $zero, $zero          ## $a1 = 00000000
/* 0199C 80BA0F0C 24060006 */  addiu   $a2, $zero, 0x0006         ## $a2 = 00000006
/* 019A0 80BA0F10 0C03FFAF */  jal     func_800FFEBC              
/* 019A4 80BA0F14 24071838 */  addiu   $a3, $zero, 0x1838         ## $a3 = 00001838
/* 019A8 80BA0F18 24090064 */  addiu   $t1, $zero, 0x0064         ## $t1 = 00000064
/* 019AC 80BA0F1C AFA90010 */  sw      $t1, 0x0010($sp)           
/* 019B0 80BA0F20 260402FC */  addiu   $a0, $s0, 0x02FC           ## $a0 = 000002FC
/* 019B4 80BA0F24 00002825 */  or      $a1, $zero, $zero          ## $a1 = 00000000
/* 019B8 80BA0F28 24060006 */  addiu   $a2, $zero, 0x0006         ## $a2 = 00000006
/* 019BC 80BA0F2C 0C03FFAF */  jal     func_800FFEBC              
/* 019C0 80BA0F30 24071838 */  addiu   $a3, $zero, 0x1838         ## $a3 = 00001838
/* 019C4 80BA0F34 240A0064 */  addiu   $t2, $zero, 0x0064         ## $t2 = 00000064
/* 019C8 80BA0F38 AFAA0010 */  sw      $t2, 0x0010($sp)           
/* 019CC 80BA0F3C 260402FE */  addiu   $a0, $s0, 0x02FE           ## $a0 = 000002FE
/* 019D0 80BA0F40 00002825 */  or      $a1, $zero, $zero          ## $a1 = 00000000
/* 019D4 80BA0F44 24060006 */  addiu   $a2, $zero, 0x0006         ## $a2 = 00000006
/* 019D8 80BA0F48 0C03FFAF */  jal     func_800FFEBC              
/* 019DC 80BA0F4C 24071838 */  addiu   $a3, $zero, 0x1838         ## $a3 = 00001838
/* 019E0 80BA0F50 8FBF002C */  lw      $ra, 0x002C($sp)           
.L80BA0F54:
/* 019E4 80BA0F54 8FB00028 */  lw      $s0, 0x0028($sp)           
/* 019E8 80BA0F58 27BD0040 */  addiu   $sp, $sp, 0x0040           ## $sp = 00000000
/* 019EC 80BA0F5C 03E00008 */  jr      $ra                        
/* 019F0 80BA0F60 00000000 */  nop


glabel func_80BA0F64
/* 019F4 80BA0F64 AFA40000 */  sw      $a0, 0x0000($sp)           
/* 019F8 80BA0F68 AFA60008 */  sw      $a2, 0x0008($sp)           
/* 019FC 80BA0F6C AFA7000C */  sw      $a3, 0x000C($sp)           
/* 01A00 80BA0F70 24010009 */  addiu   $at, $zero, 0x0009         ## $at = 00000009
/* 01A04 80BA0F74 14A1000A */  bne     $a1, $at, .L80BA0FA0       
/* 01A08 80BA0F78 8FA20014 */  lw      $v0, 0x0014($sp)           
/* 01A0C 80BA0F7C 8FA30010 */  lw      $v1, 0x0010($sp)           
/* 01A10 80BA0F80 844F02F8 */  lh      $t7, 0x02F8($v0)           ## 000002F8
/* 01A14 80BA0F84 846E0000 */  lh      $t6, 0x0000($v1)           ## 00000000
/* 01A18 80BA0F88 84790002 */  lh      $t9, 0x0002($v1)           ## 00000002
/* 01A1C 80BA0F8C 01CFC021 */  addu    $t8, $t6, $t7              
/* 01A20 80BA0F90 A4780000 */  sh      $t8, 0x0000($v1)           ## 00000000
/* 01A24 80BA0F94 844802F6 */  lh      $t0, 0x02F6($v0)           ## 000002F6
/* 01A28 80BA0F98 03284821 */  addu    $t1, $t9, $t0              
/* 01A2C 80BA0F9C A4690002 */  sh      $t1, 0x0002($v1)           ## 00000002
.L80BA0FA0:
/* 01A30 80BA0FA0 00001025 */  or      $v0, $zero, $zero          ## $v0 = 00000000
/* 01A34 80BA0FA4 03E00008 */  jr      $ra                        
/* 01A38 80BA0FA8 00000000 */  nop


glabel func_80BA0FAC
/* 01A3C 80BA0FAC 27BDFFE8 */  addiu   $sp, $sp, 0xFFE8           ## $sp = FFFFFFE8
/* 01A40 80BA0FB0 AFBF0014 */  sw      $ra, 0x0014($sp)           
/* 01A44 80BA0FB4 AFA40018 */  sw      $a0, 0x0018($sp)           
/* 01A48 80BA0FB8 AFA60020 */  sw      $a2, 0x0020($sp)           
/* 01A4C 80BA0FBC AFA70024 */  sw      $a3, 0x0024($sp)           
/* 01A50 80BA0FC0 24010009 */  addiu   $at, $zero, 0x0009         ## $at = 00000009
/* 01A54 80BA0FC4 14A10005 */  bne     $a1, $at, .L80BA0FDC       
/* 01A58 80BA0FC8 3C0480BA */  lui     $a0, %hi(D_80BA1120)       ## $a0 = 80BA0000
/* 01A5C 80BA0FCC 8FA50028 */  lw      $a1, 0x0028($sp)           
/* 01A60 80BA0FD0 24841120 */  addiu   $a0, $a0, %lo(D_80BA1120)  ## $a0 = 80BA1120
/* 01A64 80BA0FD4 0C0606A6 */  jal     func_80181A98              
/* 01A68 80BA0FD8 24A5003C */  addiu   $a1, $a1, 0x003C           ## $a1 = 0000003C
.L80BA0FDC:
/* 01A6C 80BA0FDC 8FBF0014 */  lw      $ra, 0x0014($sp)           
/* 01A70 80BA0FE0 27BD0018 */  addiu   $sp, $sp, 0x0018           ## $sp = 00000000
/* 01A74 80BA0FE4 03E00008 */  jr      $ra                        
/* 01A78 80BA0FE8 00000000 */  nop


glabel func_80BA0FEC
/* 01A7C 80BA0FEC 27BDFFD0 */  addiu   $sp, $sp, 0xFFD0           ## $sp = FFFFFFD0
/* 01A80 80BA0FF0 AFB00024 */  sw      $s0, 0x0024($sp)           
/* 01A84 80BA0FF4 00808025 */  or      $s0, $a0, $zero            ## $s0 = 00000000
/* 01A88 80BA0FF8 AFBF002C */  sw      $ra, 0x002C($sp)           
/* 01A8C 80BA0FFC AFB10028 */  sw      $s1, 0x0028($sp)           
/* 01A90 80BA1000 AFA50034 */  sw      $a1, 0x0034($sp)           
/* 01A94 80BA1004 8FAE0034 */  lw      $t6, 0x0034($sp)           
/* 01A98 80BA1008 8DC40000 */  lw      $a0, 0x0000($t6)           ## 00000000
/* 01A9C 80BA100C 0C04B0A3 */  jal     func_8012C28C              
/* 01AA0 80BA1010 00808825 */  or      $s1, $a0, $zero            ## $s1 = 00000000
/* 01AA4 80BA1014 960F02F4 */  lhu     $t7, 0x02F4($s0)           ## 000002F4
/* 01AA8 80BA1018 00002825 */  or      $a1, $zero, $zero          ## $a1 = 00000000
/* 01AAC 80BA101C 00003025 */  or      $a2, $zero, $zero          ## $a2 = 00000000
/* 01AB0 80BA1020 31F80020 */  andi    $t8, $t7, 0x0020           ## $t8 = 00000000
/* 01AB4 80BA1024 13000009 */  beq     $t8, $zero, .L80BA104C     
/* 01AB8 80BA1028 00003825 */  or      $a3, $zero, $zero          ## $a3 = 00000000
/* 01ABC 80BA102C 8E2402B0 */  lw      $a0, 0x02B0($s1)           ## 000002B0
/* 01AC0 80BA1030 AFA00010 */  sw      $zero, 0x0010($sp)         
/* 01AC4 80BA1034 86190312 */  lh      $t9, 0x0312($s0)           ## 00000312
/* 01AC8 80BA1038 240803E8 */  addiu   $t0, $zero, 0x03E8         ## $t0 = 000003E8
/* 01ACC 80BA103C AFA80018 */  sw      $t0, 0x0018($sp)           
/* 01AD0 80BA1040 0C04AF14 */  jal     func_8012BC50              
/* 01AD4 80BA1044 AFB90014 */  sw      $t9, 0x0014($sp)           
/* 01AD8 80BA1048 AE2202B0 */  sw      $v0, 0x02B0($s1)           ## 000002B0
.L80BA104C:
/* 01ADC 80BA104C 8E050148 */  lw      $a1, 0x0148($s0)           ## 00000148
/* 01AE0 80BA1050 8E060164 */  lw      $a2, 0x0164($s0)           ## 00000164
/* 01AE4 80BA1054 92070146 */  lbu     $a3, 0x0146($s0)           ## 00000146
/* 01AE8 80BA1058 3C0980BA */  lui     $t1, %hi(func_80BA0F64)    ## $t1 = 80BA0000
/* 01AEC 80BA105C 3C0A80BA */  lui     $t2, %hi(func_80BA0FAC)    ## $t2 = 80BA0000
/* 01AF0 80BA1060 254A0FAC */  addiu   $t2, $t2, %lo(func_80BA0FAC) ## $t2 = 80BA0FAC
/* 01AF4 80BA1064 25290F64 */  addiu   $t1, $t1, %lo(func_80BA0F64) ## $t1 = 80BA0F64
/* 01AF8 80BA1068 AFA90010 */  sw      $t1, 0x0010($sp)           
/* 01AFC 80BA106C AFAA0014 */  sw      $t2, 0x0014($sp)           
/* 01B00 80BA1070 AFB00018 */  sw      $s0, 0x0018($sp)           
/* 01B04 80BA1074 0C04CFCA */  jal     func_80133F28              
/* 01B08 80BA1078 8FA40034 */  lw      $a0, 0x0034($sp)           
/* 01B0C 80BA107C 960B02F4 */  lhu     $t3, 0x02F4($s0)           ## 000002F4
/* 01B10 80BA1080 8FA40034 */  lw      $a0, 0x0034($sp)           
/* 01B14 80BA1084 316C0020 */  andi    $t4, $t3, 0x0020           ## $t4 = 00000000
/* 01B18 80BA1088 51800005 */  beql    $t4, $zero, .L80BA10A0     
/* 01B1C 80BA108C 8FBF002C */  lw      $ra, 0x002C($sp)           
/* 01B20 80BA1090 0C05982E */  jal     func_801660B8              
/* 01B24 80BA1094 8E2502B0 */  lw      $a1, 0x02B0($s1)           ## 000002B0
/* 01B28 80BA1098 AE2202B0 */  sw      $v0, 0x02B0($s1)           ## 000002B0
/* 01B2C 80BA109C 8FBF002C */  lw      $ra, 0x002C($sp)           
.L80BA10A0:
/* 01B30 80BA10A0 8FB00024 */  lw      $s0, 0x0024($sp)           
/* 01B34 80BA10A4 8FB10028 */  lw      $s1, 0x0028($sp)           
/* 01B38 80BA10A8 03E00008 */  jr      $ra                        
/* 01B3C 80BA10AC 27BD0030 */  addiu   $sp, $sp, 0x0030           ## $sp = 00000000

.section .data

D_80BA10B0: .word 0x02310400, 0x00000009, 0x02110000, 0x00000318
.word func_80B9F570
.word func_80B9F7B8
.word func_80BA0D64
.word func_80BA0FEC
D_80BA10D0: .word \
0x0A001139, 0x10010000, 0x00000000, 0x00000000, \
0x00000000, 0xF7CFFFFF, 0x00000000, 0x00010100, \
0x001E0028, 0x00000000, 0x00000000
D_80BA10FC: .word \
0x060027D0, 0x06002B38, 0x060037A0, 0x060043C4, \
0x06005224, 0x06005E90, 0x06006998, 0x06011144, \
0x06001FD4
D_80BA1120: .word 0x43960000, 0x44610000, 0x00000000, 0x00000000

.section .rodata

D_80BA1130: .word .L80B9F8B4
.word .L80B9F930
.word .L80B9F948
.word .L80B9F960
.word .L80B9F978
.word .L80B9F9B4
D_80BA1148: .word 0x3F333333
D_80BA114C: .word 0x3F4CCCCD
D_80BA1150: .word .L80BA01DC
.word .L80BA02C8
.word .L80BA0304
.word .L80BA0304
.word .L80BA01F4
.word .L80BA0230
.word .L80BA01DC
.word .L80BA0294
.word .L80BA0304
.word .L80BA0230
.word .L80BA0304
.word .L80BA0230
.word .L80BA0274
.word .L80BA0304
.word .L80BA01DC
.word .L80BA0230
.word .L80BA0260
D_80BA1194: .word .L80BA049C
.word .L80BA04C4
.word .L80BA0594
.word .L80BA04FC
.word .L80BA04FC
.word .L80BA0514
.word .L80BA0554
.word .L80BA04FC
.word .L80BA0594
.word .L80BA04FC
.word .L80BA0594
.word .L80BA04FC
.word .L80BA0594
.word .L80BA05FC
.word .L80BA0594
.word .L80BA05D4
.word .L80BA05FC
.word .L80BA05FC
.word .L80BA05FC
.word .L80BA05FC
.word .L80BA05FC
.word .L80BA05FC
.word .L80BA05FC
.word .L80BA0594
.word .L80BA0594
.word .L80BA05FC
.word .L80BA05FC
.word .L80BA05FC
.word .L80BA05FC
.word .L80BA0594
.word 0x00000000


.section .rodata
D_80BA1210:
.incbin "baserom/En_Zob", 0x1CA0, 0x00000390
