.include "macro.inc"

# assembler directives
.set noat      # allow manual use of $at
.set noreorder # don't insert nops after branches
.set gp=64     # allow use of 64-bit general purpose registers

.section .text
glabel func_80AF3F70
/* 00000 80AF3F70 C4840024 */  lwc1    $f4, 0x0024($a0)           ## 00000024
/* 00004 80AF3F74 8C980160 */  lw      $t8, 0x0160($a0)           ## 00000160
/* 00008 80AF3F78 4600218D */  trunc.w.s $f6, $f4                   
/* 0000C 80AF3F7C 440F3000 */  mfc1    $t7, $f6                   
/* 00010 80AF3F80 00000000 */  nop
/* 00014 80AF3F84 A70F0030 */  sh      $t7, 0x0030($t8)           ## 00000030
/* 00018 80AF3F88 C4880028 */  lwc1    $f8, 0x0028($a0)           ## 00000028
/* 0001C 80AF3F8C 8C890160 */  lw      $t1, 0x0160($a0)           ## 00000160
/* 00020 80AF3F90 4600428D */  trunc.w.s $f10, $f8                  
/* 00024 80AF3F94 44085000 */  mfc1    $t0, $f10                  
/* 00028 80AF3F98 00000000 */  nop
/* 0002C 80AF3F9C A5280032 */  sh      $t0, 0x0032($t1)           ## 00000032
/* 00030 80AF3FA0 C490002C */  lwc1    $f16, 0x002C($a0)          ## 0000002C
/* 00034 80AF3FA4 8C8C0160 */  lw      $t4, 0x0160($a0)           ## 00000160
/* 00038 80AF3FA8 4600848D */  trunc.w.s $f18, $f16                 
/* 0003C 80AF3FAC 440B9000 */  mfc1    $t3, $f18                  
/* 00040 80AF3FB0 00000000 */  nop
/* 00044 80AF3FB4 A58B0034 */  sh      $t3, 0x0034($t4)           ## 00000034
/* 00048 80AF3FB8 8C820160 */  lw      $v0, 0x0160($a0)           ## 00000160
/* 0004C 80AF3FBC C48401A8 */  lwc1    $f4, 0x01A8($a0)           ## 000001A8
/* 00050 80AF3FC0 C4460038 */  lwc1    $f6, 0x0038($v0)           ## 00000038
/* 00054 80AF3FC4 46062202 */  mul.s   $f8, $f4, $f6              
/* 00058 80AF3FC8 4600428D */  trunc.w.s $f10, $f8                  
/* 0005C 80AF3FCC 440E5000 */  mfc1    $t6, $f10                  
/* 00060 80AF3FD0 00000000 */  nop
/* 00064 80AF3FD4 A44E0036 */  sh      $t6, 0x0036($v0)           ## 00000036
/* 00068 80AF3FD8 03E00008 */  jr      $ra                        
/* 0006C 80AF3FDC 00000000 */  nop


glabel func_80AF3FE0
/* 00070 80AF3FE0 27BDFFD0 */  addiu   $sp, $sp, 0xFFD0           ## $sp = FFFFFFD0
/* 00074 80AF3FE4 AFB00028 */  sw      $s0, 0x0028($sp)           
/* 00078 80AF3FE8 00808025 */  or      $s0, $a0, $zero            ## $s0 = 00000000
/* 0007C 80AF3FEC AFBF002C */  sw      $ra, 0x002C($sp)           
/* 00080 80AF3FF0 AFA50034 */  sw      $a1, 0x0034($sp)           
/* 00084 80AF3FF4 C6040098 */  lwc1    $f4, 0x0098($s0)           ## 00000098
/* 00088 80AF3FF8 C60601A8 */  lwc1    $f6, 0x01A8($s0)           ## 000001A8
/* 0008C 80AF3FFC 24060032 */  addiu   $a2, $zero, 0x0032         ## $a2 = 00000032
/* 00090 80AF4000 260401A6 */  addiu   $a0, $s0, 0x01A6           ## $a0 = 000001A6
/* 00094 80AF4004 4606203C */  c.lt.s  $f4, $f6                   
/* 00098 80AF4008 00002825 */  or      $a1, $zero, $zero          ## $a1 = 00000000
/* 0009C 80AF400C 45000006 */  bc1f    .L80AF4028                 
/* 000A0 80AF4010 00000000 */  nop
/* 000A4 80AF4014 260401A6 */  addiu   $a0, $s0, 0x01A6           ## $a0 = 000001A6
/* 000A8 80AF4018 0C03FBCB */  jal     func_800FEF2C              
/* 000AC 80AF401C 24050096 */  addiu   $a1, $zero, 0x0096         ## $a1 = 00000096
/* 000B0 80AF4020 10000004 */  beq     $zero, $zero, .L80AF4034   
/* 000B4 80AF4024 C6080024 */  lwc1    $f8, 0x0024($s0)           ## 00000024
.L80AF4028:
/* 000B8 80AF4028 0C03FBCB */  jal     func_800FEF2C              
/* 000BC 80AF402C 24060032 */  addiu   $a2, $zero, 0x0032         ## $a2 = 00000032
/* 000C0 80AF4030 C6080024 */  lwc1    $f8, 0x0024($s0)           ## 00000024
.L80AF4034:
/* 000C4 80AF4034 3C0142C8 */  lui     $at, 0x42C8                ## $at = 42C80000
/* 000C8 80AF4038 44819000 */  mtc1    $at, $f18                  ## $f18 = 100.00
/* 000CC 80AF403C C6100028 */  lwc1    $f16, 0x0028($s0)          ## 00000028
/* 000D0 80AF4040 4600428D */  trunc.w.s $f10, $f8                  
/* 000D4 80AF4044 C608002C */  lwc1    $f8, 0x002C($s0)           ## 0000002C
/* 000D8 80AF4048 241900FF */  addiu   $t9, $zero, 0x00FF         ## $t9 = 000000FF
/* 000DC 80AF404C 46128100 */  add.s   $f4, $f16, $f18            
/* 000E0 80AF4050 44055000 */  mfc1    $a1, $f10                  
/* 000E4 80AF4054 240800FF */  addiu   $t0, $zero, 0x00FF         ## $t0 = 000000FF
/* 000E8 80AF4058 4600428D */  trunc.w.s $f10, $f8                  
/* 000EC 80AF405C 240900FF */  addiu   $t1, $zero, 0x00FF         ## $t1 = 000000FF
/* 000F0 80AF4060 AFA90018 */  sw      $t1, 0x0018($sp)           
/* 000F4 80AF4064 4600218D */  trunc.w.s $f6, $f4                   
/* 000F8 80AF4068 44075000 */  mfc1    $a3, $f10                  
/* 000FC 80AF406C AFA80014 */  sw      $t0, 0x0014($sp)           
/* 00100 80AF4070 AFB90010 */  sw      $t9, 0x0010($sp)           
/* 00104 80AF4074 44063000 */  mfc1    $a2, $f6                   
/* 00108 80AF4078 860A01A6 */  lh      $t2, 0x01A6($s0)           ## 000001A6
/* 0010C 80AF407C 00052C00 */  sll     $a1, $a1, 16               
/* 00110 80AF4080 00073C00 */  sll     $a3, $a3, 16               
/* 00114 80AF4084 00063400 */  sll     $a2, $a2, 16               
/* 00118 80AF4088 00063403 */  sra     $a2, $a2, 16               
/* 0011C 80AF408C 00073C03 */  sra     $a3, $a3, 16               
/* 00120 80AF4090 00052C03 */  sra     $a1, $a1, 16               
/* 00124 80AF4094 260401B0 */  addiu   $a0, $s0, 0x01B0           ## $a0 = 000001B0
/* 00128 80AF4098 0C04067F */  jal     func_801019FC              
/* 0012C 80AF409C AFAA001C */  sw      $t2, 0x001C($sp)           
/* 00130 80AF40A0 8FBF002C */  lw      $ra, 0x002C($sp)           
/* 00134 80AF40A4 8FB00028 */  lw      $s0, 0x0028($sp)           
/* 00138 80AF40A8 27BD0030 */  addiu   $sp, $sp, 0x0030           ## $sp = 00000000
/* 0013C 80AF40AC 03E00008 */  jr      $ra                        
/* 00140 80AF40B0 00000000 */  nop


glabel func_80AF40B4
/* 00144 80AF40B4 27BDFFC8 */  addiu   $sp, $sp, 0xFFC8           ## $sp = FFFFFFC8
/* 00148 80AF40B8 AFB10020 */  sw      $s1, 0x0020($sp)           
/* 0014C 80AF40BC AFB0001C */  sw      $s0, 0x001C($sp)           
/* 00150 80AF40C0 00808025 */  or      $s0, $a0, $zero            ## $s0 = 00000000
/* 00154 80AF40C4 00A08825 */  or      $s1, $a1, $zero            ## $s1 = 00000000
/* 00158 80AF40C8 AFBF0024 */  sw      $ra, 0x0024($sp)           
/* 0015C 80AF40CC 86020014 */  lh      $v0, 0x0014($s0)           ## 00000014
/* 00160 80AF40D0 3C0142C8 */  lui     $at, 0x42C8                ## $at = 42C80000
/* 00164 80AF40D4 02002025 */  or      $a0, $s0, $zero            ## $a0 = 00000000
/* 00168 80AF40D8 5C400005 */  bgtzl   $v0, .L80AF40F0            
/* 0016C 80AF40DC 44823000 */  mtc1    $v0, $f6                   ## $f6 = 0.00
/* 00170 80AF40E0 44812000 */  mtc1    $at, $f4                   ## $f4 = 100.00
/* 00174 80AF40E4 10000007 */  beq     $zero, $zero, .L80AF4104   
/* 00178 80AF40E8 E60401A8 */  swc1    $f4, 0x01A8($s0)           ## 000001A8
/* 0017C 80AF40EC 44823000 */  mtc1    $v0, $f6                   ## $f6 = 0.00
.L80AF40F0:
/* 00180 80AF40F0 3C014080 */  lui     $at, 0x4080                ## $at = 40800000
/* 00184 80AF40F4 44815000 */  mtc1    $at, $f10                  ## $f10 = 4.00
/* 00188 80AF40F8 46803220 */  cvt.s.w $f8, $f6                   
/* 0018C 80AF40FC 460A4402 */  mul.s   $f16, $f8, $f10            
/* 00190 80AF4100 E61001A8 */  swc1    $f16, 0x01A8($s0)          ## 000001A8
.L80AF4104:
/* 00194 80AF4104 0C02D9F8 */  jal     func_800B67E0              
/* 00198 80AF4108 3C053F80 */  lui     $a1, 0x3F80                ## $a1 = 3F800000
/* 0019C 80AF410C 860E001C */  lh      $t6, 0x001C($s0)           ## 0000001C
/* 001A0 80AF4110 24010001 */  addiu   $at, $zero, 0x0001         ## $at = 00000001
/* 001A4 80AF4114 31CF000F */  andi    $t7, $t6, 0x000F           ## $t7 = 00000000
/* 001A8 80AF4118 11E1000B */  beq     $t7, $at, .L80AF4148       
/* 001AC 80AF411C 3C0180AF */  lui     $at, %hi(D_80AF4390)       ## $at = 80AF0000
/* 001B0 80AF4120 C4244390 */  lwc1    $f4, %lo(D_80AF4390)($at)  
/* 001B4 80AF4124 C61201A8 */  lwc1    $f18, 0x01A8($s0)          ## 000001A8
/* 001B8 80AF4128 3C06800B */  lui     $a2, 0x800B                ## $a2 = 800B0000
/* 001BC 80AF412C 24C64088 */  addiu   $a2, $a2, 0x4088           ## $a2 = 800B4088
/* 001C0 80AF4130 46049182 */  mul.s   $f6, $f18, $f4             
/* 001C4 80AF4134 260400BC */  addiu   $a0, $s0, 0x00BC           ## $a0 = 000000BC
/* 001C8 80AF4138 24050000 */  addiu   $a1, $zero, 0x0000         ## $a1 = 00000000
/* 001CC 80AF413C 44073000 */  mfc1    $a3, $f6                   
/* 001D0 80AF4140 0C02CEE9 */  jal     func_800B3BA4              
/* 001D4 80AF4144 00000000 */  nop
.L80AF4148:
/* 001D8 80AF4148 02002025 */  or      $a0, $s0, $zero            ## $a0 = 00000000
/* 001DC 80AF414C 0C2BCFF8 */  jal     func_80AF3FE0              
/* 001E0 80AF4150 02202825 */  or      $a1, $s1, $zero            ## $a1 = 00000000
/* 001E4 80AF4154 02202025 */  or      $a0, $s1, $zero            ## $a0 = 00000000
/* 001E8 80AF4158 26250818 */  addiu   $a1, $s1, 0x0818           ## $a1 = 00000818
/* 001EC 80AF415C 0C040989 */  jal     func_80102624              
/* 001F0 80AF4160 260601B0 */  addiu   $a2, $s0, 0x01B0           ## $a2 = 000001B0
/* 001F4 80AF4164 AE0201AC */  sw      $v0, 0x01AC($s0)           ## 000001AC
/* 001F8 80AF4168 26050144 */  addiu   $a1, $s0, 0x0144           ## $a1 = 00000144
/* 001FC 80AF416C AFA5002C */  sw      $a1, 0x002C($sp)           
/* 00200 80AF4170 0C0382D3 */  jal     func_800E0B4C              
/* 00204 80AF4174 02202025 */  or      $a0, $s1, $zero            ## $a0 = 00000000
/* 00208 80AF4178 3C0780AF */  lui     $a3, %hi(D_80AF4374)       ## $a3 = 80AF0000
/* 0020C 80AF417C 26180164 */  addiu   $t8, $s0, 0x0164           ## $t8 = 00000164
/* 00210 80AF4180 8FA5002C */  lw      $a1, 0x002C($sp)           
/* 00214 80AF4184 AFB80010 */  sw      $t8, 0x0010($sp)           
/* 00218 80AF4188 24E74374 */  addiu   $a3, $a3, %lo(D_80AF4374)  ## $a3 = 80AF4374
/* 0021C 80AF418C 02202025 */  or      $a0, $s1, $zero            ## $a0 = 00000000
/* 00220 80AF4190 0C038398 */  jal     func_800E0E60              
/* 00224 80AF4194 02003025 */  or      $a2, $s0, $zero            ## $a2 = 00000000
/* 00228 80AF4198 0C2BCFDC */  jal     func_80AF3F70              
/* 0022C 80AF419C 02002025 */  or      $a0, $s0, $zero            ## $a0 = 00000000
/* 00230 80AF41A0 8602001C */  lh      $v0, 0x001C($s0)           ## 0000001C
/* 00234 80AF41A4 A60000BC */  sh      $zero, 0x00BC($s0)         ## 000000BC
/* 00238 80AF41A8 861900BC */  lh      $t9, 0x00BC($s0)           ## 000000BC
/* 0023C 80AF41AC 24010001 */  addiu   $at, $zero, 0x0001         ## $at = 00000001
/* 00240 80AF41B0 3048000F */  andi    $t0, $v0, 0x000F           ## $t0 = 00000000
/* 00244 80AF41B4 1101000D */  beq     $t0, $at, .L80AF41EC       
/* 00248 80AF41B8 A6190030 */  sh      $t9, 0x0030($s0)           ## 00000030
/* 0024C 80AF41BC 3045FE00 */  andi    $a1, $v0, 0xFE00           ## $a1 = 00000000
/* 00250 80AF41C0 00052A43 */  sra     $a1, $a1,  9               
/* 00254 80AF41C4 2401007F */  addiu   $at, $zero, 0x007F         ## $at = 0000007F
/* 00258 80AF41C8 50A10009 */  beql    $a1, $at, .L80AF41F0       
/* 0025C 80AF41CC 8FBF0024 */  lw      $ra, 0x0024($sp)           
/* 00260 80AF41D0 0C02D6EC */  jal     func_800B5BB0              
/* 00264 80AF41D4 02202025 */  or      $a0, $s1, $zero            ## $a0 = 00000000
/* 00268 80AF41D8 54400005 */  bnel    $v0, $zero, .L80AF41F0     
/* 0026C 80AF41DC 8FBF0024 */  lw      $ra, 0x0024($sp)           
/* 00270 80AF41E0 960901A4 */  lhu     $t1, 0x01A4($s0)           ## 000001A4
/* 00274 80AF41E4 352A0001 */  ori     $t2, $t1, 0x0001           ## $t2 = 00000001
/* 00278 80AF41E8 A60A01A4 */  sh      $t2, 0x01A4($s0)           ## 000001A4
.L80AF41EC:
/* 0027C 80AF41EC 8FBF0024 */  lw      $ra, 0x0024($sp)           
.L80AF41F0:
/* 00280 80AF41F0 8FB0001C */  lw      $s0, 0x001C($sp)           
/* 00284 80AF41F4 8FB10020 */  lw      $s1, 0x0020($sp)           
/* 00288 80AF41F8 03E00008 */  jr      $ra                        
/* 0028C 80AF41FC 27BD0038 */  addiu   $sp, $sp, 0x0038           ## $sp = 00000000


glabel func_80AF4200
/* 00290 80AF4200 27BDFFE8 */  addiu   $sp, $sp, 0xFFE8           ## $sp = FFFFFFE8
/* 00294 80AF4204 AFBF0014 */  sw      $ra, 0x0014($sp)           
/* 00298 80AF4208 AFA40018 */  sw      $a0, 0x0018($sp)           
/* 0029C 80AF420C 00A03825 */  or      $a3, $a1, $zero            ## $a3 = 00000000
/* 002A0 80AF4210 8FAE0018 */  lw      $t6, 0x0018($sp)           
/* 002A4 80AF4214 00E02025 */  or      $a0, $a3, $zero            ## $a0 = 00000000
/* 002A8 80AF4218 24E50818 */  addiu   $a1, $a3, 0x0818           ## $a1 = 00000818
/* 002AC 80AF421C 8DC601AC */  lw      $a2, 0x01AC($t6)           ## 000001AC
/* 002B0 80AF4220 0C0409A1 */  jal     func_80102684              
/* 002B4 80AF4224 AFA7001C */  sw      $a3, 0x001C($sp)           
/* 002B8 80AF4228 8FA50018 */  lw      $a1, 0x0018($sp)           
/* 002BC 80AF422C 8FA4001C */  lw      $a0, 0x001C($sp)           
/* 002C0 80AF4230 0C038306 */  jal     func_800E0C18              
/* 002C4 80AF4234 24A50144 */  addiu   $a1, $a1, 0x0144           ## $a1 = 00000144
/* 002C8 80AF4238 8FBF0014 */  lw      $ra, 0x0014($sp)           
/* 002CC 80AF423C 27BD0018 */  addiu   $sp, $sp, 0x0018           ## $sp = 00000000
/* 002D0 80AF4240 03E00008 */  jr      $ra                        
/* 002D4 80AF4244 00000000 */  nop


glabel func_80AF4248
/* 002D8 80AF4248 27BDFFD8 */  addiu   $sp, $sp, 0xFFD8           ## $sp = FFFFFFD8
/* 002DC 80AF424C AFB10020 */  sw      $s1, 0x0020($sp)           
/* 002E0 80AF4250 AFB0001C */  sw      $s0, 0x001C($sp)           
/* 002E4 80AF4254 00808025 */  or      $s0, $a0, $zero            ## $s0 = 00000000
/* 002E8 80AF4258 00A08825 */  or      $s1, $a1, $zero            ## $s1 = 00000000
/* 002EC 80AF425C AFBF0024 */  sw      $ra, 0x0024($sp)           
/* 002F0 80AF4260 960E01A4 */  lhu     $t6, 0x01A4($s0)           ## 000001A4
/* 002F4 80AF4264 02002025 */  or      $a0, $s0, $zero            ## $a0 = 00000000
/* 002F8 80AF4268 31CF0001 */  andi    $t7, $t6, 0x0001           ## $t7 = 00000000
/* 002FC 80AF426C 11E0000C */  beq     $t7, $zero, .L80AF42A0     
/* 00300 80AF4270 00000000 */  nop
/* 00304 80AF4274 8605001C */  lh      $a1, 0x001C($s0)           ## 0000001C
/* 00308 80AF4278 02202025 */  or      $a0, $s1, $zero            ## $a0 = 00000000
/* 0030C 80AF427C 30A5FE00 */  andi    $a1, $a1, 0xFE00           ## $a1 = 00000000
/* 00310 80AF4280 0C02D6EC */  jal     func_800B5BB0              
/* 00314 80AF4284 00052A43 */  sra     $a1, $a1,  9               
/* 00318 80AF4288 50400021 */  beql    $v0, $zero, .L80AF4310     
/* 0031C 80AF428C 8FBF0024 */  lw      $ra, 0x0024($sp)           
/* 00320 80AF4290 961801A4 */  lhu     $t8, 0x01A4($s0)           ## 000001A4
/* 00324 80AF4294 3319FFFE */  andi    $t9, $t8, 0xFFFE           ## $t9 = 00000000
/* 00328 80AF4298 1000001C */  beq     $zero, $zero, .L80AF430C   
/* 0032C 80AF429C A61901A4 */  sh      $t9, 0x01A4($s0)           ## 000001A4
.L80AF42A0:
/* 00330 80AF42A0 0C2BCFF8 */  jal     func_80AF3FE0              
/* 00334 80AF42A4 02202825 */  or      $a1, $s1, $zero            ## $a1 = 00000000
/* 00338 80AF42A8 8608001C */  lh      $t0, 0x001C($s0)           ## 0000001C
/* 0033C 80AF42AC 24010001 */  addiu   $at, $zero, 0x0001         ## $at = 00000001
/* 00340 80AF42B0 02202025 */  or      $a0, $s1, $zero            ## $a0 = 00000000
/* 00344 80AF42B4 3109000F */  andi    $t1, $t0, 0x000F           ## $t1 = 00000000
/* 00348 80AF42B8 1121000C */  beq     $t1, $at, .L80AF42EC       
/* 0034C 80AF42BC 02002825 */  or      $a1, $s0, $zero            ## $a1 = 00000000
/* 00350 80AF42C0 3C014120 */  lui     $at, 0x4120                ## $at = 41200000
/* 00354 80AF42C4 44810000 */  mtc1    $at, $f0                   ## $f0 = 10.00
/* 00358 80AF42C8 240A0004 */  addiu   $t2, $zero, 0x0004         ## $t2 = 00000004
/* 0035C 80AF42CC AFAA0014 */  sw      $t2, 0x0014($sp)           
/* 00360 80AF42D0 44060000 */  mfc1    $a2, $f0                   
/* 00364 80AF42D4 44070000 */  mfc1    $a3, $f0                   
/* 00368 80AF42D8 0C02DE2E */  jal     func_800B78B8              
/* 0036C 80AF42DC E7A00010 */  swc1    $f0, 0x0010($sp)           
/* 00370 80AF42E0 240B0050 */  addiu   $t3, $zero, 0x0050         ## $t3 = 00000050
/* 00374 80AF42E4 10000003 */  beq     $zero, $zero, .L80AF42F4   
/* 00378 80AF42E8 A20B00D0 */  sb      $t3, 0x00D0($s0)           ## 000000D0
.L80AF42EC:
/* 0037C 80AF42EC 0C2BCFDC */  jal     func_80AF3F70              
/* 00380 80AF42F0 02002025 */  or      $a0, $s0, $zero            ## $a0 = 00000000
.L80AF42F4:
/* 00384 80AF42F4 3C010001 */  lui     $at, 0x0001                ## $at = 00010000
/* 00388 80AF42F8 34218884 */  ori     $at, $at, 0x8884           ## $at = 00018884
/* 0038C 80AF42FC 02212821 */  addu    $a1, $s1, $at              
/* 00390 80AF4300 02202025 */  or      $a0, $s1, $zero            ## $a0 = 00000000
/* 00394 80AF4304 0C038956 */  jal     func_800E2558              
/* 00398 80AF4308 26060144 */  addiu   $a2, $s0, 0x0144           ## $a2 = 00000144
.L80AF430C:
/* 0039C 80AF430C 8FBF0024 */  lw      $ra, 0x0024($sp)           
.L80AF4310:
/* 003A0 80AF4310 8FB0001C */  lw      $s0, 0x001C($sp)           
/* 003A4 80AF4314 8FB10020 */  lw      $s1, 0x0020($sp)           
/* 003A8 80AF4318 03E00008 */  jr      $ra                        
/* 003AC 80AF431C 27BD0028 */  addiu   $sp, $sp, 0x0028           ## $sp = 00000000


glabel func_80AF4320
/* 003B0 80AF4320 AFA40000 */  sw      $a0, 0x0000($sp)           
/* 003B4 80AF4324 AFA50004 */  sw      $a1, 0x0004($sp)           
/* 003B8 80AF4328 03E00008 */  jr      $ra                        
/* 003BC 80AF432C 00000000 */  nop

.section .data

D_80AF4330: .word 0x01D00700, 0x00000030, 0x00870000, 0x000001C0
.word func_80AF40B4
.word func_80AF4200
.word func_80AF4248
.word func_80AF4320
D_80AF4350: .word \
0x00000000, 0x00200000, 0x00000000, 0x00000000, \
0x00000000, 0x01000000, 0x00000000, 0x00000000, \
0x00320064
D_80AF4374: .word 0x0A210000, 0x00000000, 0x00000001
.word D_80AF4350
.word 0x00000000, 0x00000000, 0x00000000

.section .rodata

D_80AF4390: .word 0x3CA3D70A, 0x00000000, 0x00000000, 0x00000000


.section .rodata
D_80AF43A0:
.incbin "baserom/Mir_Ray2", 0x430, 0x00000050
