.include "macro.inc"

# assembler directives
.set noat      # allow manual use of $at
.set noreorder # don't insert nops after branches
.set gp=64     # allow use of 64-bit general purpose registers

.section .text
glabel func_8093D3C0
/* 00000 8093D3C0 27BDFF38 */  addiu   $sp, $sp, 0xFF38           ## $sp = FFFFFF38
/* 00004 8093D3C4 AFBE0088 */  sw      $s8, 0x0088($sp)           
/* 00008 8093D3C8 AFB20070 */  sw      $s2, 0x0070($sp)           
/* 0000C 8093D3CC 00809025 */  or      $s2, $a0, $zero            ## $s2 = 00000000
/* 00010 8093D3D0 00A0F025 */  or      $s8, $a1, $zero            ## $s8 = 00000000
/* 00014 8093D3D4 AFBF008C */  sw      $ra, 0x008C($sp)           
/* 00018 8093D3D8 AFB70084 */  sw      $s7, 0x0084($sp)           
/* 0001C 8093D3DC AFB60080 */  sw      $s6, 0x0080($sp)           
/* 00020 8093D3E0 AFB5007C */  sw      $s5, 0x007C($sp)           
/* 00024 8093D3E4 AFB40078 */  sw      $s4, 0x0078($sp)           
/* 00028 8093D3E8 AFB30074 */  sw      $s3, 0x0074($sp)           
/* 0002C 8093D3EC AFB1006C */  sw      $s1, 0x006C($sp)           
/* 00030 8093D3F0 AFB00068 */  sw      $s0, 0x0068($sp)           
/* 00034 8093D3F4 F7BA0060 */  sdc1    $f26, 0x0060($sp)          
/* 00038 8093D3F8 F7B80058 */  sdc1    $f24, 0x0058($sp)          
/* 0003C 8093D3FC F7B60050 */  sdc1    $f22, 0x0050($sp)          
/* 00040 8093D400 F7B40048 */  sdc1    $f20, 0x0048($sp)          
/* 00044 8093D404 3C0140C0 */  lui     $at, 0x40C0                ## $at = 40C00000
/* 00048 8093D408 4481D000 */  mtc1    $at, $f26                  ## $f26 = 6.00
/* 0004C 8093D40C 3C014120 */  lui     $at, 0x4120                ## $at = 41200000
/* 00050 8093D410 4481C000 */  mtc1    $at, $f24                  ## $f24 = 10.00
/* 00054 8093D414 3C014248 */  lui     $at, 0x4248                ## $at = 42480000
/* 00058 8093D418 4481B000 */  mtc1    $at, $f22                  ## $f22 = 50.00
/* 0005C 8093D41C 3C018094 */  lui     $at, %hi(D_8093DDB0)       ## $at = 80940000
/* 00060 8093D420 3C108094 */  lui     $s0, %hi(D_8093DD60)       ## $s0 = 80940000
/* 00064 8093D424 3C178094 */  lui     $s7, %hi(D_8093DD84)       ## $s7 = 80940000
/* 00068 8093D428 3C160600 */  lui     $s6, 0x0600                ## $s6 = 06000000
/* 0006C 8093D42C 26D60D10 */  addiu   $s6, $s6, 0x0D10           ## $s6 = 06000D10
/* 00070 8093D430 26F7DD84 */  addiu   $s7, $s7, %lo(D_8093DD84)  ## $s7 = 8093DD84
/* 00074 8093D434 2610DD60 */  addiu   $s0, $s0, %lo(D_8093DD60)  ## $s0 = 8093DD60
/* 00078 8093D438 C434DDB0 */  lwc1    $f20, %lo(D_8093DDB0)($at) 
/* 0007C 8093D43C 26530024 */  addiu   $s3, $s2, 0x0024           ## $s3 = 00000024
/* 00080 8093D440 27B500B0 */  addiu   $s5, $sp, 0x00B0           ## $s5 = FFFFFFE8
/* 00084 8093D444 27B400BC */  addiu   $s4, $sp, 0x00BC           ## $s4 = FFFFFFF4
/* 00088 8093D448 860E0000 */  lh      $t6, 0x0000($s0)           ## 8093DD60
.L8093D44C:
/* 0008C 8093D44C C6460058 */  lwc1    $f6, 0x0058($s2)           ## 00000058
/* 00090 8093D450 C66A0000 */  lwc1    $f10, 0x0000($s3)          ## 00000024
/* 00094 8093D454 448E2000 */  mtc1    $t6, $f4                   ## $f4 = 0.00
/* 00098 8093D458 860F0002 */  lh      $t7, 0x0002($s0)           ## 8093DD62
/* 0009C 8093D45C 46802020 */  cvt.s.w $f0, $f4                   
/* 000A0 8093D460 448F2000 */  mtc1    $t7, $f4                   ## $f4 = 0.00
/* 000A4 8093D464 46060202 */  mul.s   $f8, $f0, $f6              
/* 000A8 8093D468 468021A0 */  cvt.s.w $f6, $f4                   
/* 000AC 8093D46C 460A4400 */  add.s   $f16, $f8, $f10            
/* 000B0 8093D470 E7B000BC */  swc1    $f16, 0x00BC($sp)          
/* 000B4 8093D474 C6720004 */  lwc1    $f18, 0x0004($s3)          ## 00000028
/* 000B8 8093D478 E7B200C0 */  swc1    $f18, 0x00C0($sp)          
/* 000BC 8093D47C C6480060 */  lwc1    $f8, 0x0060($s2)           ## 00000060
/* 000C0 8093D480 C6700008 */  lwc1    $f16, 0x0008($s3)          ## 0000002C
/* 000C4 8093D484 46083282 */  mul.s   $f10, $f6, $f8             
/* 000C8 8093D488 46105480 */  add.s   $f18, $f10, $f16           
/* 000CC 8093D48C E7B200C4 */  swc1    $f18, 0x00C4($sp)          
/* 000D0 8093D490 C6440058 */  lwc1    $f4, 0x0058($s2)           ## 00000058
/* 000D4 8093D494 46040182 */  mul.s   $f6, $f0, $f4              
/* 000D8 8093D498 00000000 */  nop
/* 000DC 8093D49C 46143202 */  mul.s   $f8, $f6, $f20             
/* 000E0 8093D4A0 0C021BF7 */  jal     func_80086FDC              
/* 000E4 8093D4A4 E7A800B0 */  swc1    $f8, 0x00B0($sp)           
/* 000E8 8093D4A8 46180282 */  mul.s   $f10, $f0, $f24            
/* 000EC 8093D4AC 86180002 */  lh      $t8, 0x0002($s0)           ## 8093DD62
/* 000F0 8093D4B0 44989000 */  mtc1    $t8, $f18                  ## $f18 = 0.00
/* 000F4 8093D4B4 461A5400 */  add.s   $f16, $f10, $f26           
/* 000F8 8093D4B8 46809120 */  cvt.s.w $f4, $f18                  
/* 000FC 8093D4BC E7B000B4 */  swc1    $f16, 0x00B4($sp)          
/* 00100 8093D4C0 C6460060 */  lwc1    $f6, 0x0060($s2)           ## 00000060
/* 00104 8093D4C4 46062202 */  mul.s   $f8, $f4, $f6              
/* 00108 8093D4C8 00000000 */  nop
/* 0010C 8093D4CC 46144282 */  mul.s   $f10, $f8, $f20            
/* 00110 8093D4D0 0C021BE8 */  jal     func_80086FA0              
/* 00114 8093D4D4 E7AA00B8 */  swc1    $f10, 0x00B8($sp)          
/* 00118 8093D4D8 18400003 */  blez    $v0, .L8093D4E8            
/* 0011C 8093D4DC 24110020 */  addiu   $s1, $zero, 0x0020         ## $s1 = 00000020
/* 00120 8093D4E0 10000001 */  beq     $zero, $zero, .L8093D4E8   
/* 00124 8093D4E4 24110040 */  addiu   $s1, $zero, 0x0040         ## $s1 = 00000040
.L8093D4E8:
/* 00128 8093D4E8 0C021BF7 */  jal     func_80086FDC              
/* 0012C 8093D4EC 00000000 */  nop
/* 00130 8093D4F0 46160402 */  mul.s   $f16, $f0, $f22            
/* 00134 8093D4F4 2419FF00 */  addiu   $t9, $zero, 0xFF00         ## $t9 = FFFFFF00
/* 00138 8093D4F8 2408000F */  addiu   $t0, $zero, 0x000F         ## $t0 = 0000000F
/* 0013C 8093D4FC 2409000F */  addiu   $t1, $zero, 0x000F         ## $t1 = 0000000F
/* 00140 8093D500 AFA9001C */  sw      $t1, 0x001C($sp)           
/* 00144 8093D504 AFA80018 */  sw      $t0, 0x0018($sp)           
/* 00148 8093D508 AFB90010 */  sw      $t9, 0x0010($sp)           
/* 0014C 8093D50C 46168480 */  add.s   $f18, $f16, $f22           
/* 00150 8093D510 AFB10014 */  sw      $s1, 0x0014($sp)           
/* 00154 8093D514 AFA00020 */  sw      $zero, 0x0020($sp)         
/* 00158 8093D518 C6440058 */  lwc1    $f4, 0x0058($s2)           ## 00000058
/* 0015C 8093D51C 240C0020 */  addiu   $t4, $zero, 0x0020         ## $t4 = 00000020
/* 00160 8093D520 240D0032 */  addiu   $t5, $zero, 0x0032         ## $t5 = 00000032
/* 00164 8093D524 46049182 */  mul.s   $f6, $f18, $f4             
/* 00168 8093D528 240EFFFF */  addiu   $t6, $zero, 0xFFFF         ## $t6 = FFFFFFFF
/* 0016C 8093D52C 240F00ED */  addiu   $t7, $zero, 0x00ED         ## $t7 = 000000ED
/* 00170 8093D530 AFAF0038 */  sw      $t7, 0x0038($sp)           
/* 00174 8093D534 AFAE0034 */  sw      $t6, 0x0034($sp)           
/* 00178 8093D538 AFAD0030 */  sw      $t5, 0x0030($sp)           
/* 0017C 8093D53C AFAC002C */  sw      $t4, 0x002C($sp)           
/* 00180 8093D540 4600320D */  trunc.w.s $f8, $f6                   
/* 00184 8093D544 AFB6003C */  sw      $s6, 0x003C($sp)           
/* 00188 8093D548 AFA00028 */  sw      $zero, 0x0028($sp)         
/* 0018C 8093D54C 03C02025 */  or      $a0, $s8, $zero            ## $a0 = 00000000
/* 00190 8093D550 440B4000 */  mfc1    $t3, $f8                   
/* 00194 8093D554 02802825 */  or      $a1, $s4, $zero            ## $a1 = FFFFFFF4
/* 00198 8093D558 02A03025 */  or      $a2, $s5, $zero            ## $a2 = FFFFFFE8
/* 0019C 8093D55C 02603825 */  or      $a3, $s3, $zero            ## $a3 = 00000024
/* 001A0 8093D560 0C02CA04 */  jal     func_800B2810              
/* 001A4 8093D564 AFAB0024 */  sw      $t3, 0x0024($sp)           
/* 001A8 8093D568 26100004 */  addiu   $s0, $s0, 0x0004           ## $s0 = 8093DD64
/* 001AC 8093D56C 5617FFB7 */  bnel    $s0, $s7, .L8093D44C       
/* 001B0 8093D570 860E0000 */  lh      $t6, 0x0000($s0)           ## 8093DD64
/* 001B4 8093D574 8642001C */  lh      $v0, 0x001C($s2)           ## 0000001C
/* 001B8 8093D578 03C02025 */  or      $a0, $s8, $zero            ## $a0 = 00000000
/* 001BC 8093D57C 02602825 */  or      $a1, $s3, $zero            ## $a1 = 00000024
/* 001C0 8093D580 30420001 */  andi    $v0, $v0, 0x0001           ## $v0 = 00000000
/* 001C4 8093D584 1440000C */  bne     $v0, $zero, .L8093D5B8     
/* 001C8 8093D588 24010001 */  addiu   $at, $zero, 0x0001         ## $at = 00000001
/* 001CC 8093D58C 24180078 */  addiu   $t8, $zero, 0x0078         ## $t8 = 00000078
/* 001D0 8093D590 24190064 */  addiu   $t9, $zero, 0x0064         ## $t9 = 00000064
/* 001D4 8093D594 24080001 */  addiu   $t0, $zero, 0x0001         ## $t0 = 00000001
/* 001D8 8093D598 AFA80018 */  sw      $t0, 0x0018($sp)           
/* 001DC 8093D59C AFB90014 */  sw      $t9, 0x0014($sp)           
/* 001E0 8093D5A0 AFB80010 */  sw      $t8, 0x0010($sp)           
/* 001E4 8093D5A4 3C0642F0 */  lui     $a2, 0x42F0                ## $a2 = 42F00000
/* 001E8 8093D5A8 0C02EFEC */  jal     func_800BBFB0              
/* 001EC 8093D5AC 2407000C */  addiu   $a3, $zero, 0x000C         ## $a3 = 0000000C
/* 001F0 8093D5B0 1000000E */  beq     $zero, $zero, .L8093D5EC   
/* 001F4 8093D5B4 8FBF008C */  lw      $ra, 0x008C($sp)           
.L8093D5B8:
/* 001F8 8093D5B8 1441000B */  bne     $v0, $at, .L8093D5E8       
/* 001FC 8093D5BC 03C02025 */  or      $a0, $s8, $zero            ## $a0 = 00000000
/* 00200 8093D5C0 2409003C */  addiu   $t1, $zero, 0x003C         ## $t1 = 0000003C
/* 00204 8093D5C4 240A0064 */  addiu   $t2, $zero, 0x0064         ## $t2 = 00000064
/* 00208 8093D5C8 240B0001 */  addiu   $t3, $zero, 0x0001         ## $t3 = 00000001
/* 0020C 8093D5CC AFAB0018 */  sw      $t3, 0x0018($sp)           
/* 00210 8093D5D0 AFAA0014 */  sw      $t2, 0x0014($sp)           
/* 00214 8093D5D4 AFA90010 */  sw      $t1, 0x0010($sp)           
/* 00218 8093D5D8 02602825 */  or      $a1, $s3, $zero            ## $a1 = 00000024
/* 0021C 8093D5DC 3C064270 */  lui     $a2, 0x4270                ## $a2 = 42700000
/* 00220 8093D5E0 0C02EFEC */  jal     func_800BBFB0              
/* 00224 8093D5E4 24070008 */  addiu   $a3, $zero, 0x0008         ## $a3 = 00000008
.L8093D5E8:
/* 00228 8093D5E8 8FBF008C */  lw      $ra, 0x008C($sp)           
.L8093D5EC:
/* 0022C 8093D5EC D7B40048 */  ldc1    $f20, 0x0048($sp)          
/* 00230 8093D5F0 D7B60050 */  ldc1    $f22, 0x0050($sp)          
/* 00234 8093D5F4 D7B80058 */  ldc1    $f24, 0x0058($sp)          
/* 00238 8093D5F8 D7BA0060 */  ldc1    $f26, 0x0060($sp)          
/* 0023C 8093D5FC 8FB00068 */  lw      $s0, 0x0068($sp)           
/* 00240 8093D600 8FB1006C */  lw      $s1, 0x006C($sp)           
/* 00244 8093D604 8FB20070 */  lw      $s2, 0x0070($sp)           
/* 00248 8093D608 8FB30074 */  lw      $s3, 0x0074($sp)           
/* 0024C 8093D60C 8FB40078 */  lw      $s4, 0x0078($sp)           
/* 00250 8093D610 8FB5007C */  lw      $s5, 0x007C($sp)           
/* 00254 8093D614 8FB60080 */  lw      $s6, 0x0080($sp)           
/* 00258 8093D618 8FB70084 */  lw      $s7, 0x0084($sp)           
/* 0025C 8093D61C 8FBE0088 */  lw      $s8, 0x0088($sp)           
/* 00260 8093D620 03E00008 */  jr      $ra                        
/* 00264 8093D624 27BD00C8 */  addiu   $sp, $sp, 0x00C8           ## $sp = 00000000


glabel func_8093D628
/* 00268 8093D628 27BDFFE0 */  addiu   $sp, $sp, 0xFFE0           ## $sp = FFFFFFE0
/* 0026C 8093D62C AFB00018 */  sw      $s0, 0x0018($sp)           
/* 00270 8093D630 00808025 */  or      $s0, $a0, $zero            ## $s0 = 00000000
/* 00274 8093D634 AFBF001C */  sw      $ra, 0x001C($sp)           
/* 00278 8093D638 AFA50024 */  sw      $a1, 0x0024($sp)           
/* 0027C 8093D63C 3C058094 */  lui     $a1, %hi(D_8093DD84)       ## $a1 = 80940000
/* 00280 8093D640 24A5DD84 */  addiu   $a1, $a1, %lo(D_8093DD84)  ## $a1 = 8093DD84
/* 00284 8093D644 0C03FEB7 */  jal     func_800FFADC              
/* 00288 8093D648 02002025 */  or      $a0, $s0, $zero            ## $a0 = 00000000
/* 0028C 8093D64C 860E001C */  lh      $t6, 0x001C($s0)           ## 0000001C
/* 00290 8093D650 3C018094 */  lui     $at, %hi(D_8093DD98)       ## $at = 80940000
/* 00294 8093D654 86190018 */  lh      $t9, 0x0018($s0)           ## 00000018
/* 00298 8093D658 31CF0001 */  andi    $t7, $t6, 0x0001           ## $t7 = 00000000
/* 0029C 8093D65C 000FC080 */  sll     $t8, $t7,  2               
/* 002A0 8093D660 00380821 */  addu    $at, $at, $t8              
/* 002A4 8093D664 C420DD98 */  lwc1    $f0, %lo(D_8093DD98)($at)  
/* 002A8 8093D668 3C018094 */  lui     $at, %hi(D_8093DDB4)       ## $at = 80940000
/* 002AC 8093D66C 02002025 */  or      $a0, $s0, $zero            ## $a0 = 00000000
/* 002B0 8093D670 E6000060 */  swc1    $f0, 0x0060($s0)           ## 00000060
/* 002B4 8093D674 E6000058 */  swc1    $f0, 0x0058($s0)           ## 00000058
/* 002B8 8093D678 C424DDB4 */  lwc1    $f4, %lo(D_8093DDB4)($at)  
/* 002BC 8093D67C A60000C0 */  sh      $zero, 0x00C0($s0)         ## 000000C0
/* 002C0 8093D680 860200C0 */  lh      $v0, 0x00C0($s0)           ## 000000C0
/* 002C4 8093D684 24050001 */  addiu   $a1, $zero, 0x0001         ## $a1 = 00000001
/* 002C8 8093D688 A6190178 */  sh      $t9, 0x0178($s0)           ## 00000178
/* 002CC 8093D68C E604005C */  swc1    $f4, 0x005C($s0)           ## 0000005C
/* 002D0 8093D690 A6020034 */  sh      $v0, 0x0034($s0)           ## 00000034
/* 002D4 8093D694 0C032B84 */  jal     func_800CAE10              
/* 002D8 8093D698 A6020018 */  sh      $v0, 0x0018($s0)           ## 00000018
/* 002DC 8093D69C 86080178 */  lh      $t0, 0x0178($s0)           ## 00000178
/* 002E0 8093D6A0 1D00000C */  bgtz    $t0, .L8093D6D4            
/* 002E4 8093D6A4 00000000 */  nop
/* 002E8 8093D6A8 8605001C */  lh      $a1, 0x001C($s0)           ## 0000001C
/* 002EC 8093D6AC 8FA40024 */  lw      $a0, 0x0024($sp)           
/* 002F0 8093D6B0 00052843 */  sra     $a1, $a1,  1               
/* 002F4 8093D6B4 0C02D6EC */  jal     func_800B5BB0              
/* 002F8 8093D6B8 30A5007F */  andi    $a1, $a1, 0x007F           ## $a1 = 00000000
/* 002FC 8093D6BC 10400005 */  beq     $v0, $zero, .L8093D6D4     
/* 00300 8093D6C0 00000000 */  nop
/* 00304 8093D6C4 0C02D9C3 */  jal     func_800B670C              
/* 00308 8093D6C8 02002025 */  or      $a0, $s0, $zero            ## $a0 = 00000000
/* 0030C 8093D6CC 10000013 */  beq     $zero, $zero, .L8093D71C   
/* 00310 8093D6D0 8FBF001C */  lw      $ra, 0x001C($sp)           
.L8093D6D4:
/* 00314 8093D6D4 3C060600 */  lui     $a2, 0x0600                ## $a2 = 06000000
/* 00318 8093D6D8 24C60F00 */  addiu   $a2, $a2, 0x0F00           ## $a2 = 06000F00
/* 0031C 8093D6DC 8FA40024 */  lw      $a0, 0x0024($sp)           
/* 00320 8093D6E0 0C032B8D */  jal     func_800CAE34              
/* 00324 8093D6E4 02002825 */  or      $a1, $s0, $zero            ## $a1 = 00000000
/* 00328 8093D6E8 0C021BE8 */  jal     func_80086FA0              
/* 0032C 8093D6EC 00000000 */  nop
/* 00330 8093D6F0 00024C02 */  srl     $t1, $v0, 16               
/* 00334 8093D6F4 0C021BE8 */  jal     func_80086FA0              
/* 00338 8093D6F8 A6090160 */  sh      $t1, 0x0160($s0)           ## 00000160
/* 0033C 8093D6FC 00025402 */  srl     $t2, $v0, 16               
/* 00340 8093D700 0C021BE8 */  jal     func_80086FA0              
/* 00344 8093D704 A60A0162 */  sh      $t2, 0x0162($s0)           ## 00000162
/* 00348 8093D708 00025C02 */  srl     $t3, $v0, 16               
/* 0034C 8093D70C A60B0164 */  sh      $t3, 0x0164($s0)           ## 00000164
/* 00350 8093D710 0C24F5D8 */  jal     func_8093D760              
/* 00354 8093D714 02002025 */  or      $a0, $s0, $zero            ## $a0 = 00000000
/* 00358 8093D718 8FBF001C */  lw      $ra, 0x001C($sp)           
.L8093D71C:
/* 0035C 8093D71C 8FB00018 */  lw      $s0, 0x0018($sp)           
/* 00360 8093D720 27BD0020 */  addiu   $sp, $sp, 0x0020           ## $sp = 00000000
/* 00364 8093D724 03E00008 */  jr      $ra                        
/* 00368 8093D728 00000000 */  nop


glabel func_8093D72C
/* 0036C 8093D72C 27BDFFE8 */  addiu   $sp, $sp, 0xFFE8           ## $sp = FFFFFFE8
/* 00370 8093D730 AFBF0014 */  sw      $ra, 0x0014($sp)           
/* 00374 8093D734 AFA40018 */  sw      $a0, 0x0018($sp)           
/* 00378 8093D738 00A03825 */  or      $a3, $a1, $zero            ## $a3 = 00000000
/* 0037C 8093D73C 8FAE0018 */  lw      $t6, 0x0018($sp)           
/* 00380 8093D740 00E02025 */  or      $a0, $a3, $zero            ## $a0 = 00000000
/* 00384 8093D744 24E50880 */  addiu   $a1, $a3, 0x0880           ## $a1 = 00000880
/* 00388 8093D748 0C031933 */  jal     func_800C64CC              
/* 0038C 8093D74C 8DC60144 */  lw      $a2, 0x0144($t6)           ## 00000144
/* 00390 8093D750 8FBF0014 */  lw      $ra, 0x0014($sp)           
/* 00394 8093D754 27BD0018 */  addiu   $sp, $sp, 0x0018           ## $sp = 00000000
/* 00398 8093D758 03E00008 */  jr      $ra                        
/* 0039C 8093D75C 00000000 */  nop


glabel func_8093D760
/* 003A0 8093D760 848E001C */  lh      $t6, 0x001C($a0)           ## 0000001C
/* 003A4 8093D764 3C088094 */  lui     $t0, %hi(D_8093DD50)       ## $t0 = 80940000
/* 003A8 8093D768 3C098094 */  lui     $t1, %hi(func_8093D7A0)    ## $t1 = 80940000
/* 003AC 8093D76C 000E7A03 */  sra     $t7, $t6,  8               
/* 003B0 8093D770 31F80007 */  andi    $t8, $t7, 0x0007           ## $t8 = 00000000
/* 003B4 8093D774 0018C840 */  sll     $t9, $t8,  1               
/* 003B8 8093D778 01194021 */  addu    $t0, $t0, $t9              
/* 003BC 8093D77C 8508DD50 */  lh      $t0, %lo(D_8093DD50)($t0)  
/* 003C0 8093D780 3C0A8094 */  lui     $t2, %hi(func_8093DC60)    ## $t2 = 80940000
/* 003C4 8093D784 2529D7A0 */  addiu   $t1, $t1, %lo(func_8093D7A0) ## $t1 = 8093D7A0
/* 003C8 8093D788 254ADC60 */  addiu   $t2, $t2, %lo(func_8093DC60) ## $t2 = 8093DC60
/* 003CC 8093D78C AC89015C */  sw      $t1, 0x015C($a0)           ## 0000015C
/* 003D0 8093D790 AC8A013C */  sw      $t2, 0x013C($a0)           ## 0000013C
/* 003D4 8093D794 A4880166 */  sh      $t0, 0x0166($a0)           ## 00000166
/* 003D8 8093D798 03E00008 */  jr      $ra                        
/* 003DC 8093D79C 00000000 */  nop


glabel func_8093D7A0
/* 003E0 8093D7A0 27BDFFD0 */  addiu   $sp, $sp, 0xFFD0           ## $sp = FFFFFFD0
/* 003E4 8093D7A4 AFB00020 */  sw      $s0, 0x0020($sp)           
/* 003E8 8093D7A8 00808025 */  or      $s0, $a0, $zero            ## $s0 = 00000000
/* 003EC 8093D7AC AFBF0024 */  sw      $ra, 0x0024($sp)           
/* 003F0 8093D7B0 AFA50034 */  sw      $a1, 0x0034($sp)           
/* 003F4 8093D7B4 0C032BDC */  jal     func_800CAF70              
/* 003F8 8093D7B8 02002025 */  or      $a0, $s0, $zero            ## $a0 = 00000000
/* 003FC 8093D7BC 10400026 */  beq     $v0, $zero, .L8093D858     
/* 00400 8093D7C0 8FA30034 */  lw      $v1, 0x0034($sp)           
/* 00404 8093D7C4 860E0166 */  lh      $t6, 0x0166($s0)           ## 00000166
/* 00408 8093D7C8 5DC0002C */  bgtzl   $t6, .L8093D87C            
/* 0040C 8093D7CC 8FBF0024 */  lw      $ra, 0x0024($sp)           
/* 00410 8093D7D0 860F001C */  lh      $t7, 0x001C($s0)           ## 0000001C
/* 00414 8093D7D4 24010007 */  addiu   $at, $zero, 0x0007         ## $at = 00000007
/* 00418 8093D7D8 000FC203 */  sra     $t8, $t7,  8               
/* 0041C 8093D7DC 33190007 */  andi    $t9, $t8, 0x0007           ## $t9 = 00000000
/* 00420 8093D7E0 57210006 */  bnel    $t9, $at, .L8093D7FC       
/* 00424 8093D7E4 84680810 */  lh      $t0, 0x0810($v1)           ## 00000810
/* 00428 8093D7E8 0C24F670 */  jal     func_8093D9C0              
/* 0042C 8093D7EC 02002025 */  or      $a0, $s0, $zero            ## $a0 = 00000000
/* 00430 8093D7F0 10000022 */  beq     $zero, $zero, .L8093D87C   
/* 00434 8093D7F4 8FBF0024 */  lw      $ra, 0x0024($sp)           
/* 00438 8093D7F8 84680810 */  lh      $t0, 0x0810($v1)           ## 00000810
.L8093D7FC:
/* 0043C 8093D7FC 24050001 */  addiu   $a1, $zero, 0x0001         ## $a1 = 00000001
/* 00440 8093D800 00084880 */  sll     $t1, $t0,  2               
/* 00444 8093D804 00695021 */  addu    $t2, $v1, $t1              
/* 00448 8093D808 0C04AAA7 */  jal     func_8012AA9C              
/* 0044C 8093D80C 8D440800 */  lw      $a0, 0x0800($t2)           ## 00000800
/* 00450 8093D810 00022400 */  sll     $a0, $v0, 16               
/* 00454 8093D814 A7A2002A */  sh      $v0, 0x002A($sp)           
/* 00458 8093D818 00042403 */  sra     $a0, $a0, 16               
/* 0045C 8093D81C 0C04AA2A */  jal     func_8012A8A8              
/* 00460 8093D820 24052710 */  addiu   $a1, $zero, 0x2710         ## $a1 = 00002710
/* 00464 8093D824 87A4002A */  lh      $a0, 0x002A($sp)           
/* 00468 8093D828 24050002 */  addiu   $a1, $zero, 0x0002         ## $a1 = 00000002
/* 0046C 8093D82C 00003025 */  or      $a2, $zero, $zero          ## $a2 = 00000000
/* 00470 8093D830 00003825 */  or      $a3, $zero, $zero          ## $a3 = 00000000
/* 00474 8093D834 0C04AA5E */  jal     func_8012A978              
/* 00478 8093D838 AFA00010 */  sw      $zero, 0x0010($sp)         
/* 0047C 8093D83C 87A4002A */  lh      $a0, 0x002A($sp)           
/* 00480 8093D840 0C04AA3C */  jal     func_8012A8F0              
/* 00484 8093D844 24050014 */  addiu   $a1, $zero, 0x0014         ## $a1 = 00000014
/* 00488 8093D848 0C24F623 */  jal     func_8093D88C              
/* 0048C 8093D84C 02002025 */  or      $a0, $s0, $zero            ## $a0 = 00000000
/* 00490 8093D850 1000000A */  beq     $zero, $zero, .L8093D87C   
/* 00494 8093D854 8FBF0024 */  lw      $ra, 0x0024($sp)           
.L8093D858:
/* 00498 8093D858 860B001C */  lh      $t3, 0x001C($s0)           ## 0000001C
/* 0049C 8093D85C 3C0F8094 */  lui     $t7, %hi(D_8093DD50)       ## $t7 = 80940000
/* 004A0 8093D860 000B6203 */  sra     $t4, $t3,  8               
/* 004A4 8093D864 318D0007 */  andi    $t5, $t4, 0x0007           ## $t5 = 00000000
/* 004A8 8093D868 000D7040 */  sll     $t6, $t5,  1               
/* 004AC 8093D86C 01EE7821 */  addu    $t7, $t7, $t6              
/* 004B0 8093D870 85EFDD50 */  lh      $t7, %lo(D_8093DD50)($t7)  
/* 004B4 8093D874 A60F0166 */  sh      $t7, 0x0166($s0)           ## 00000166
/* 004B8 8093D878 8FBF0024 */  lw      $ra, 0x0024($sp)           
.L8093D87C:
/* 004BC 8093D87C 8FB00020 */  lw      $s0, 0x0020($sp)           
/* 004C0 8093D880 27BD0030 */  addiu   $sp, $sp, 0x0030           ## $sp = 00000000
/* 004C4 8093D884 03E00008 */  jr      $ra                        
/* 004C8 8093D888 00000000 */  nop


glabel func_8093D88C
/* 004CC 8093D88C 3C0F8094 */  lui     $t7, %hi(func_8093D8B4)    ## $t7 = 80940000
/* 004D0 8093D890 3C188094 */  lui     $t8, %hi(func_8093DC90)    ## $t8 = 80940000
/* 004D4 8093D894 240E0014 */  addiu   $t6, $zero, 0x0014         ## $t6 = 00000014
/* 004D8 8093D898 25EFD8B4 */  addiu   $t7, $t7, %lo(func_8093D8B4) ## $t7 = 8093D8B4
/* 004DC 8093D89C 2718DC90 */  addiu   $t8, $t8, %lo(func_8093DC90) ## $t8 = 8093DC90
/* 004E0 8093D8A0 A48E0166 */  sh      $t6, 0x0166($a0)           ## 00000166
/* 004E4 8093D8A4 AC8F015C */  sw      $t7, 0x015C($a0)           ## 0000015C
/* 004E8 8093D8A8 AC98013C */  sw      $t8, 0x013C($a0)           ## 0000013C
/* 004EC 8093D8AC 03E00008 */  jr      $ra                        
/* 004F0 8093D8B0 00000000 */  nop


glabel func_8093D8B4
/* 004F4 8093D8B4 27BDFFE0 */  addiu   $sp, $sp, 0xFFE0           ## $sp = FFFFFFE0
/* 004F8 8093D8B8 AFB00018 */  sw      $s0, 0x0018($sp)           
/* 004FC 8093D8BC 00808025 */  or      $s0, $a0, $zero            ## $s0 = 00000000
/* 00500 8093D8C0 AFBF001C */  sw      $ra, 0x001C($sp)           
/* 00504 8093D8C4 AFA50024 */  sw      $a1, 0x0024($sp)           
/* 00508 8093D8C8 860E0166 */  lh      $t6, 0x0166($s0)           ## 00000166
/* 0050C 8093D8CC 5DC00006 */  bgtzl   $t6, .L8093D8E8            
/* 00510 8093D8D0 860F0160 */  lh      $t7, 0x0160($s0)           ## 00000160
/* 00514 8093D8D4 0C24F670 */  jal     func_8093D9C0              
/* 00518 8093D8D8 02002025 */  or      $a0, $s0, $zero            ## $a0 = 00000000
/* 0051C 8093D8DC 1000002B */  beq     $zero, $zero, .L8093D98C   
/* 00520 8093D8E0 860F0166 */  lh      $t7, 0x0166($s0)           ## 00000166
/* 00524 8093D8E4 860F0160 */  lh      $t7, 0x0160($s0)           ## 00000160
.L8093D8E8:
/* 00528 8093D8E8 25F82710 */  addiu   $t8, $t7, 0x2710           ## $t8 = 00002710
/* 0052C 8093D8EC A6180160 */  sh      $t8, 0x0160($s0)           ## 00000160
/* 00530 8093D8F0 0C03FB61 */  jal     func_800FED84              
/* 00534 8093D8F4 86040160 */  lh      $a0, 0x0160($s0)           ## 00000160
/* 00538 8093D8F8 3C014396 */  lui     $at, 0x4396                ## $at = 43960000
/* 0053C 8093D8FC 44812000 */  mtc1    $at, $f4                   ## $f4 = 300.00
/* 00540 8093D900 86040160 */  lh      $a0, 0x0160($s0)           ## 00000160
/* 00544 8093D904 46040182 */  mul.s   $f6, $f0, $f4              
/* 00548 8093D908 4600320D */  trunc.w.s $f8, $f6                   
/* 0054C 8093D90C 44084000 */  mfc1    $t0, $f8                   
/* 00550 8093D910 0C03FB51 */  jal     func_800FED44              
/* 00554 8093D914 A6080174 */  sh      $t0, 0x0174($s0)           ## 00000174
/* 00558 8093D918 3C014396 */  lui     $at, 0x4396                ## $at = 43960000
/* 0055C 8093D91C 44815000 */  mtc1    $at, $f10                  ## $f10 = 300.00
/* 00560 8093D920 860B0162 */  lh      $t3, 0x0162($s0)           ## 00000162
/* 00564 8093D924 460A0402 */  mul.s   $f16, $f0, $f10            
/* 00568 8093D928 256C4650 */  addiu   $t4, $t3, 0x4650           ## $t4 = 00004650
/* 0056C 8093D92C A60C0162 */  sh      $t4, 0x0162($s0)           ## 00000162
/* 00570 8093D930 86040162 */  lh      $a0, 0x0162($s0)           ## 00000162
/* 00574 8093D934 4600848D */  trunc.w.s $f18, $f16                 
/* 00578 8093D938 440A9000 */  mfc1    $t2, $f18                  
/* 0057C 8093D93C 0C03FB61 */  jal     func_800FED84              
/* 00580 8093D940 A60A0176 */  sh      $t2, 0x0176($s0)           ## 00000176
/* 00584 8093D944 860D0164 */  lh      $t5, 0x0164($s0)           ## 00000164
/* 00588 8093D948 E600016C */  swc1    $f0, 0x016C($s0)           ## 0000016C
/* 0058C 8093D94C 25AE4650 */  addiu   $t6, $t5, 0x4650           ## $t6 = 00004650
/* 00590 8093D950 A60E0164 */  sh      $t6, 0x0164($s0)           ## 00000164
/* 00594 8093D954 0C03FB61 */  jal     func_800FED84              
/* 00598 8093D958 86040164 */  lh      $a0, 0x0164($s0)           ## 00000164
/* 0059C 8093D95C 3C014040 */  lui     $at, 0x4040                ## $at = 40400000
/* 005A0 8093D960 44812000 */  mtc1    $at, $f4                   ## $f4 = 3.00
/* 005A4 8093D964 86040164 */  lh      $a0, 0x0164($s0)           ## 00000164
/* 005A8 8093D968 46040182 */  mul.s   $f6, $f0, $f4              
/* 005AC 8093D96C 0C03FB51 */  jal     func_800FED44              
/* 005B0 8093D970 E6060168 */  swc1    $f6, 0x0168($s0)           ## 00000168
/* 005B4 8093D974 3C014040 */  lui     $at, 0x4040                ## $at = 40400000
/* 005B8 8093D978 44814000 */  mtc1    $at, $f8                   ## $f8 = 3.00
/* 005BC 8093D97C 00000000 */  nop
/* 005C0 8093D980 46080282 */  mul.s   $f10, $f0, $f8             
/* 005C4 8093D984 E60A0170 */  swc1    $f10, 0x0170($s0)          ## 00000170
/* 005C8 8093D988 860F0166 */  lh      $t7, 0x0166($s0)           ## 00000166
.L8093D98C:
/* 005CC 8093D98C 24010003 */  addiu   $at, $zero, 0x0003         ## $at = 00000003
/* 005D0 8093D990 8FA40024 */  lw      $a0, 0x0024($sp)           
/* 005D4 8093D994 31F80003 */  andi    $t8, $t7, 0x0003           ## $t8 = 00000000
/* 005D8 8093D998 17010004 */  bne     $t8, $at, .L8093D9AC       
/* 005DC 8093D99C 26050024 */  addiu   $a1, $s0, 0x0024           ## $a1 = 00000024
/* 005E0 8093D9A0 24060010 */  addiu   $a2, $zero, 0x0010         ## $a2 = 00000010
/* 005E4 8093D9A4 0C03C15A */  jal     func_800F0568              
/* 005E8 8093D9A8 24072838 */  addiu   $a3, $zero, 0x2838         ## $a3 = 00002838
.L8093D9AC:
/* 005EC 8093D9AC 8FBF001C */  lw      $ra, 0x001C($sp)           
/* 005F0 8093D9B0 8FB00018 */  lw      $s0, 0x0018($sp)           
/* 005F4 8093D9B4 27BD0020 */  addiu   $sp, $sp, 0x0020           ## $sp = 00000000
/* 005F8 8093D9B8 03E00008 */  jr      $ra                        
/* 005FC 8093D9BC 00000000 */  nop


glabel func_8093D9C0
/* 00600 8093D9C0 27BDFFE0 */  addiu   $sp, $sp, 0xFFE0           ## $sp = FFFFFFE0
/* 00604 8093D9C4 AFBF0014 */  sw      $ra, 0x0014($sp)           
/* 00608 8093D9C8 00803025 */  or      $a2, $a0, $zero            ## $a2 = 00000000
/* 0060C 8093D9CC 3C0E8094 */  lui     $t6, %hi(func_8093DA48)    ## $t6 = 80940000
/* 00610 8093D9D0 25CEDA48 */  addiu   $t6, $t6, %lo(func_8093DA48) ## $t6 = 8093DA48
/* 00614 8093D9D4 ACCE015C */  sw      $t6, 0x015C($a2)           ## 0000015C
/* 00618 8093D9D8 AFA60020 */  sw      $a2, 0x0020($sp)           
/* 0061C 8093D9DC 24C40024 */  addiu   $a0, $a2, 0x0024           ## $a0 = 00000024
/* 00620 8093D9E0 0C03FD43 */  jal     func_800FF50C              
/* 00624 8093D9E4 24C50008 */  addiu   $a1, $a2, 0x0008           ## $a1 = 00000008
/* 00628 8093D9E8 8FA60020 */  lw      $a2, 0x0020($sp)           
/* 0062C 8093D9EC 27A20018 */  addiu   $v0, $sp, 0x0018           ## $v0 = FFFFFFF8
/* 00630 8093D9F0 3C0B8094 */  lui     $t3, %hi(func_8093DC60)    ## $t3 = 80940000
/* 00634 8093D9F4 88D80014 */  lwl     $t8, 0x0014($a2)           ## 00000014
/* 00638 8093D9F8 98D80017 */  lwr     $t8, 0x0017($a2)           ## 00000017
/* 0063C 8093D9FC 256BDC60 */  addiu   $t3, $t3, %lo(func_8093DC60) ## $t3 = 8093DC60
/* 00640 8093DA00 AC580000 */  sw      $t8, 0x0000($v0)           ## FFFFFFF8
/* 00644 8093DA04 94D80018 */  lhu     $t8, 0x0018($a2)           ## 00000018
/* 00648 8093DA08 8C480000 */  lw      $t0, 0x0000($v0)           ## FFFFFFF8
/* 0064C 8093DA0C A4580004 */  sh      $t8, 0x0004($v0)           ## FFFFFFFC
/* 00650 8093DA10 A8C80030 */  swl     $t0, 0x0030($a2)           ## 00000030
/* 00654 8093DA14 B8C80033 */  swr     $t0, 0x0033($a2)           ## 00000033
/* 00658 8093DA18 94480004 */  lhu     $t0, 0x0004($v0)           ## FFFFFFFC
/* 0065C 8093DA1C A4C80034 */  sh      $t0, 0x0034($a2)           ## 00000034
/* 00660 8093DA20 884A0000 */  lwl     $t2, 0x0000($v0)           ## FFFFFFF8
/* 00664 8093DA24 984A0003 */  lwr     $t2, 0x0003($v0)           ## FFFFFFFB
/* 00668 8093DA28 A8CA00BC */  swl     $t2, 0x00BC($a2)           ## 000000BC
/* 0066C 8093DA2C B8CA00BF */  swr     $t2, 0x00BF($a2)           ## 000000BF
/* 00670 8093DA30 944A0004 */  lhu     $t2, 0x0004($v0)           ## FFFFFFFC
/* 00674 8093DA34 ACCB013C */  sw      $t3, 0x013C($a2)           ## 0000013C
/* 00678 8093DA38 A4CA00C0 */  sh      $t2, 0x00C0($a2)           ## 000000C0
/* 0067C 8093DA3C 8FBF0014 */  lw      $ra, 0x0014($sp)           
/* 00680 8093DA40 03E00008 */  jr      $ra                        
/* 00684 8093DA44 27BD0020 */  addiu   $sp, $sp, 0x0020           ## $sp = 00000000


glabel func_8093DA48
/* 00688 8093DA48 27BDFFC0 */  addiu   $sp, $sp, 0xFFC0           ## $sp = FFFFFFC0
/* 0068C 8093DA4C AFB10020 */  sw      $s1, 0x0020($sp)           
/* 00690 8093DA50 AFB0001C */  sw      $s0, 0x001C($sp)           
/* 00694 8093DA54 00808025 */  or      $s0, $a0, $zero            ## $s0 = 00000000
/* 00698 8093DA58 00A08825 */  or      $s1, $a1, $zero            ## $s1 = 00000000
/* 0069C 8093DA5C AFBF0024 */  sw      $ra, 0x0024($sp)           
/* 006A0 8093DA60 0C02DAA2 */  jal     func_800B6A88              
/* 006A4 8093DA64 02002025 */  or      $a0, $s0, $zero            ## $a0 = 00000000
/* 006A8 8093DA68 27A4002C */  addiu   $a0, $sp, 0x002C           ## $a0 = FFFFFFEC
/* 006AC 8093DA6C 0C03FD43 */  jal     func_800FF50C              
/* 006B0 8093DA70 26050108 */  addiu   $a1, $s0, 0x0108           ## $a1 = 00000108
/* 006B4 8093DA74 860E001C */  lh      $t6, 0x001C($s0)           ## 0000001C
/* 006B8 8093DA78 3C018094 */  lui     $at, %hi(D_8093DDA0)       ## $at = 80940000
/* 006BC 8093DA7C C7A40030 */  lwc1    $f4, 0x0030($sp)           
/* 006C0 8093DA80 31CF0001 */  andi    $t7, $t6, 0x0001           ## $t7 = 00000000
/* 006C4 8093DA84 000FC080 */  sll     $t8, $t7,  2               
/* 006C8 8093DA88 00380821 */  addu    $at, $at, $t8              
/* 006CC 8093DA8C C426DDA0 */  lwc1    $f6, %lo(D_8093DDA0)($at)  
/* 006D0 8093DA90 27B9002C */  addiu   $t9, $sp, 0x002C           ## $t9 = FFFFFFEC
/* 006D4 8093DA94 AFB90010 */  sw      $t9, 0x0010($sp)           
/* 006D8 8093DA98 46062200 */  add.s   $f8, $f4, $f6              
/* 006DC 8093DA9C 26240830 */  addiu   $a0, $s1, 0x0830           ## $a0 = 00000830
/* 006E0 8093DAA0 26050080 */  addiu   $a1, $s0, 0x0080           ## $a1 = 00000080
/* 006E4 8093DAA4 27A60038 */  addiu   $a2, $sp, 0x0038           ## $a2 = FFFFFFF8
/* 006E8 8093DAA8 E7A80030 */  swc1    $f8, 0x0030($sp)           
/* 006EC 8093DAAC 0C031047 */  jal     func_800C411C              
/* 006F0 8093DAB0 02003825 */  or      $a3, $s0, $zero            ## $a3 = 00000000
/* 006F4 8093DAB4 8608001C */  lh      $t0, 0x001C($s0)           ## 0000001C
/* 006F8 8093DAB8 3C018094 */  lui     $at, %hi(D_8093DDA0)       ## $at = 80940000
/* 006FC 8093DABC E6000088 */  swc1    $f0, 0x0088($s0)           ## 00000088
/* 00700 8093DAC0 31090001 */  andi    $t1, $t0, 0x0001           ## $t1 = 00000000
/* 00704 8093DAC4 00095080 */  sll     $t2, $t1,  2               
/* 00708 8093DAC8 002A0821 */  addu    $at, $at, $t2              
/* 0070C 8093DACC C432DDA0 */  lwc1    $f18, %lo(D_8093DDA0)($at) 
/* 00710 8093DAD0 3C018094 */  lui     $at, %hi(D_8093DDB8)       ## $at = 80940000
/* 00714 8093DAD4 C424DDB8 */  lwc1    $f4, %lo(D_8093DDB8)($at)  
/* 00718 8093DAD8 C60A0028 */  lwc1    $f10, 0x0028($s0)          ## 00000028
/* 0071C 8093DADC 02002025 */  or      $a0, $s0, $zero            ## $a0 = 00000000
/* 00720 8093DAE0 46049181 */  sub.s   $f6, $f18, $f4             
/* 00724 8093DAE4 460A0401 */  sub.s   $f16, $f0, $f10            
/* 00728 8093DAE8 4610303E */  c.le.s  $f6, $f16                  
/* 0072C 8093DAEC 00000000 */  nop
/* 00730 8093DAF0 4502001B */  bc1fl   .L8093DB60                 
/* 00734 8093DAF4 8FBF0024 */  lw      $ra, 0x0024($sp)           
/* 00738 8093DAF8 0C24F4F0 */  jal     func_8093D3C0              
/* 0073C 8093DAFC 02202825 */  or      $a1, $s1, $zero            ## $a1 = 00000000
/* 00740 8093DB00 02202025 */  or      $a0, $s1, $zero            ## $a0 = 00000000
/* 00744 8093DB04 26050024 */  addiu   $a1, $s0, 0x0024           ## $a1 = 00000024
/* 00748 8093DB08 24060014 */  addiu   $a2, $zero, 0x0014         ## $a2 = 00000014
/* 0074C 8093DB0C 0C03C15A */  jal     func_800F0568              
/* 00750 8093DB10 24072839 */  addiu   $a3, $zero, 0x2839         ## $a3 = 00002839
/* 00754 8093DB14 860B0178 */  lh      $t3, 0x0178($s0)           ## 00000178
/* 00758 8093DB18 5960000A */  blezl   $t3, .L8093DB44            
/* 0075C 8093DB1C 8605001C */  lh      $a1, 0x001C($s0)           ## 0000001C
/* 00760 8093DB20 0C24F6DC */  jal     func_8093DB70              
/* 00764 8093DB24 02002025 */  or      $a0, $s0, $zero            ## $a0 = 00000000
/* 00768 8093DB28 02202025 */  or      $a0, $s1, $zero            ## $a0 = 00000000
/* 0076C 8093DB2C 26250880 */  addiu   $a1, $s1, 0x0880           ## $a1 = 00000880
/* 00770 8093DB30 0C0318AF */  jal     func_800C62BC              
/* 00774 8093DB34 8E060144 */  lw      $a2, 0x0144($s0)           ## 00000144
/* 00778 8093DB38 10000009 */  beq     $zero, $zero, .L8093DB60   
/* 0077C 8093DB3C 8FBF0024 */  lw      $ra, 0x0024($sp)           
/* 00780 8093DB40 8605001C */  lh      $a1, 0x001C($s0)           ## 0000001C
.L8093DB44:
/* 00784 8093DB44 02202025 */  or      $a0, $s1, $zero            ## $a0 = 00000000
/* 00788 8093DB48 00052843 */  sra     $a1, $a1,  1               
/* 0078C 8093DB4C 0C02D6FD */  jal     func_800B5BF4              
/* 00790 8093DB50 30A5007F */  andi    $a1, $a1, 0x007F           ## $a1 = 00000000
/* 00794 8093DB54 0C02D9C3 */  jal     func_800B670C              
/* 00798 8093DB58 02002025 */  or      $a0, $s0, $zero            ## $a0 = 00000000
/* 0079C 8093DB5C 8FBF0024 */  lw      $ra, 0x0024($sp)           
.L8093DB60:
/* 007A0 8093DB60 8FB0001C */  lw      $s0, 0x001C($sp)           
/* 007A4 8093DB64 8FB10020 */  lw      $s1, 0x0020($sp)           
/* 007A8 8093DB68 03E00008 */  jr      $ra                        
/* 007AC 8093DB6C 27BD0040 */  addiu   $sp, $sp, 0x0040           ## $sp = 00000000


glabel func_8093DB70
/* 007B0 8093DB70 848E0178 */  lh      $t6, 0x0178($a0)           ## 00000178
/* 007B4 8093DB74 3C0F8094 */  lui     $t7, %hi(func_8093DB90)    ## $t7 = 80940000
/* 007B8 8093DB78 25EFDB90 */  addiu   $t7, $t7, %lo(func_8093DB90) ## $t7 = 8093DB90
/* 007BC 8093DB7C AC8F015C */  sw      $t7, 0x015C($a0)           ## 0000015C
/* 007C0 8093DB80 AC80013C */  sw      $zero, 0x013C($a0)         ## 0000013C
/* 007C4 8093DB84 A48E0166 */  sh      $t6, 0x0166($a0)           ## 00000166
/* 007C8 8093DB88 03E00008 */  jr      $ra                        
/* 007CC 8093DB8C 00000000 */  nop


glabel func_8093DB90
/* 007D0 8093DB90 27BDFFE0 */  addiu   $sp, $sp, 0xFFE0           ## $sp = FFFFFFE0
/* 007D4 8093DB94 AFBF0014 */  sw      $ra, 0x0014($sp)           
/* 007D8 8093DB98 AFA50024 */  sw      $a1, 0x0024($sp)           
/* 007DC 8093DB9C 00803825 */  or      $a3, $a0, $zero            ## $a3 = 00000000
/* 007E0 8093DBA0 84EE0166 */  lh      $t6, 0x0166($a3)           ## 00000166
/* 007E4 8093DBA4 24E40024 */  addiu   $a0, $a3, 0x0024           ## $a0 = 00000024
/* 007E8 8093DBA8 24E50008 */  addiu   $a1, $a3, 0x0008           ## $a1 = 00000008
/* 007EC 8093DBAC 5DC0001C */  bgtzl   $t6, .L8093DC20            
/* 007F0 8093DBB0 8FBF0014 */  lw      $ra, 0x0014($sp)           
/* 007F4 8093DBB4 0C03FD43 */  jal     func_800FF50C              
/* 007F8 8093DBB8 AFA70020 */  sw      $a3, 0x0020($sp)           
/* 007FC 8093DBBC 8FA70020 */  lw      $a3, 0x0020($sp)           
/* 00800 8093DBC0 8FA40024 */  lw      $a0, 0x0024($sp)           
/* 00804 8093DBC4 27A20018 */  addiu   $v0, $sp, 0x0018           ## $v0 = FFFFFFF8
/* 00808 8093DBC8 88F80014 */  lwl     $t8, 0x0014($a3)           ## 00000014
/* 0080C 8093DBCC 98F80017 */  lwr     $t8, 0x0017($a3)           ## 00000017
/* 00810 8093DBD0 24850880 */  addiu   $a1, $a0, 0x0880           ## $a1 = 00000880
/* 00814 8093DBD4 AC580000 */  sw      $t8, 0x0000($v0)           ## FFFFFFF8
/* 00818 8093DBD8 94F80018 */  lhu     $t8, 0x0018($a3)           ## 00000018
/* 0081C 8093DBDC 8C480000 */  lw      $t0, 0x0000($v0)           ## FFFFFFF8
/* 00820 8093DBE0 A4580004 */  sh      $t8, 0x0004($v0)           ## FFFFFFFC
/* 00824 8093DBE4 A8E800BC */  swl     $t0, 0x00BC($a3)           ## 000000BC
/* 00828 8093DBE8 B8E800BF */  swr     $t0, 0x00BF($a3)           ## 000000BF
/* 0082C 8093DBEC 94480004 */  lhu     $t0, 0x0004($v0)           ## FFFFFFFC
/* 00830 8093DBF0 8CE60144 */  lw      $a2, 0x0144($a3)           ## 00000144
/* 00834 8093DBF4 A4E800C0 */  sh      $t0, 0x00C0($a3)           ## 000000C0
/* 00838 8093DBF8 884A0000 */  lwl     $t2, 0x0000($v0)           ## FFFFFFF8
/* 0083C 8093DBFC 984A0003 */  lwr     $t2, 0x0003($v0)           ## FFFFFFFB
/* 00840 8093DC00 A8EA0030 */  swl     $t2, 0x0030($a3)           ## 00000030
/* 00844 8093DC04 B8EA0033 */  swr     $t2, 0x0033($a3)           ## 00000033
/* 00848 8093DC08 944A0004 */  lhu     $t2, 0x0004($v0)           ## FFFFFFFC
/* 0084C 8093DC0C 0C0318C5 */  jal     func_800C6314              
/* 00850 8093DC10 A4EA0034 */  sh      $t2, 0x0034($a3)           ## 00000034
/* 00854 8093DC14 0C24F5D8 */  jal     func_8093D760              
/* 00858 8093DC18 8FA40020 */  lw      $a0, 0x0020($sp)           
/* 0085C 8093DC1C 8FBF0014 */  lw      $ra, 0x0014($sp)           
.L8093DC20:
/* 00860 8093DC20 27BD0020 */  addiu   $sp, $sp, 0x0020           ## $sp = 00000000
/* 00864 8093DC24 03E00008 */  jr      $ra                        
/* 00868 8093DC28 00000000 */  nop


glabel func_8093DC2C
/* 0086C 8093DC2C 27BDFFE8 */  addiu   $sp, $sp, 0xFFE8           ## $sp = FFFFFFE8
/* 00870 8093DC30 AFBF0014 */  sw      $ra, 0x0014($sp)           
/* 00874 8093DC34 84820166 */  lh      $v0, 0x0166($a0)           ## 00000166
/* 00878 8093DC38 18400002 */  blez    $v0, .L8093DC44            
/* 0087C 8093DC3C 244EFFFF */  addiu   $t6, $v0, 0xFFFF           ## $t6 = FFFFFFFF
/* 00880 8093DC40 A48E0166 */  sh      $t6, 0x0166($a0)           ## 00000166
.L8093DC44:
/* 00884 8093DC44 8C99015C */  lw      $t9, 0x015C($a0)           ## 0000015C
/* 00888 8093DC48 0320F809 */  jalr    $ra, $t9                   
/* 0088C 8093DC4C 00000000 */  nop
/* 00890 8093DC50 8FBF0014 */  lw      $ra, 0x0014($sp)           
/* 00894 8093DC54 27BD0018 */  addiu   $sp, $sp, 0x0018           ## $sp = 00000000
/* 00898 8093DC58 03E00008 */  jr      $ra                        
/* 0089C 8093DC5C 00000000 */  nop


glabel func_8093DC60
/* 008A0 8093DC60 27BDFFE8 */  addiu   $sp, $sp, 0xFFE8           ## $sp = FFFFFFE8
/* 008A4 8093DC64 AFBF0014 */  sw      $ra, 0x0014($sp)           
/* 008A8 8093DC68 AFA40018 */  sw      $a0, 0x0018($sp)           
/* 008AC 8093DC6C 00A03025 */  or      $a2, $a1, $zero            ## $a2 = 00000000
/* 008B0 8093DC70 3C050600 */  lui     $a1, 0x0600                ## $a1 = 06000000
/* 008B4 8093DC74 24A50D10 */  addiu   $a1, $a1, 0x0D10           ## $a1 = 06000D10
/* 008B8 8093DC78 0C02F7F0 */  jal     func_800BDFC0              
/* 008BC 8093DC7C 00C02025 */  or      $a0, $a2, $zero            ## $a0 = 00000000
/* 008C0 8093DC80 8FBF0014 */  lw      $ra, 0x0014($sp)           
/* 008C4 8093DC84 27BD0018 */  addiu   $sp, $sp, 0x0018           ## $sp = 00000000
/* 008C8 8093DC88 03E00008 */  jr      $ra                        
/* 008CC 8093DC8C 00000000 */  nop


glabel func_8093DC90
/* 008D0 8093DC90 27BDFFC8 */  addiu   $sp, $sp, 0xFFC8           ## $sp = FFFFFFC8
/* 008D4 8093DC94 AFB00018 */  sw      $s0, 0x0018($sp)           
/* 008D8 8093DC98 00808025 */  or      $s0, $a0, $zero            ## $s0 = 00000000
/* 008DC 8093DC9C AFBF001C */  sw      $ra, 0x001C($sp)           
/* 008E0 8093DCA0 AFA5003C */  sw      $a1, 0x003C($sp)           
/* 008E4 8093DCA4 26040024 */  addiu   $a0, $s0, 0x0024           ## $a0 = 00000024
/* 008E8 8093DCA8 26050168 */  addiu   $a1, $s0, 0x0168           ## $a1 = 00000168
/* 008EC 8093DCAC 0C03FD6F */  jal     func_800FF5BC              
/* 008F0 8093DCB0 27A60028 */  addiu   $a2, $sp, 0x0028           ## $a2 = FFFFFFF0
/* 008F4 8093DCB4 860E0174 */  lh      $t6, 0x0174($s0)           ## 00000174
/* 008F8 8093DCB8 860F0014 */  lh      $t7, 0x0014($s0)           ## 00000014
/* 008FC 8093DCBC C7AC0028 */  lwc1    $f12, 0x0028($sp)          
/* 00900 8093DCC0 C7AE002C */  lwc1    $f14, 0x002C($sp)          
/* 00904 8093DCC4 01CFC021 */  addu    $t8, $t6, $t7              
/* 00908 8093DCC8 A7B80020 */  sh      $t8, 0x0020($sp)           
/* 0090C 8093DCCC 86190016 */  lh      $t9, 0x0016($s0)           ## 00000016
/* 00910 8093DCD0 8FA60030 */  lw      $a2, 0x0030($sp)           
/* 00914 8093DCD4 27A70020 */  addiu   $a3, $sp, 0x0020           ## $a3 = FFFFFFE8
/* 00918 8093DCD8 A7B90022 */  sh      $t9, 0x0022($sp)           
/* 0091C 8093DCDC 86090018 */  lh      $t1, 0x0018($s0)           ## 00000018
/* 00920 8093DCE0 86080176 */  lh      $t0, 0x0176($s0)           ## 00000176
/* 00924 8093DCE4 01095021 */  addu    $t2, $t0, $t1              
/* 00928 8093DCE8 0C060594 */  jal     func_80181650              
/* 0092C 8093DCEC A7AA0024 */  sh      $t2, 0x0024($sp)           
/* 00930 8093DCF0 C60C0058 */  lwc1    $f12, 0x0058($s0)          ## 00000058
/* 00934 8093DCF4 C60E005C */  lwc1    $f14, 0x005C($s0)          ## 0000005C
/* 00938 8093DCF8 8E060060 */  lw      $a2, 0x0060($s0)           ## 00000060
/* 0093C 8093DCFC 0C0600E7 */  jal     func_8018039C              
/* 00940 8093DD00 24070001 */  addiu   $a3, $zero, 0x0001         ## $a3 = 00000001
/* 00944 8093DD04 3C050600 */  lui     $a1, 0x0600                ## $a1 = 06000000
/* 00948 8093DD08 24A50D10 */  addiu   $a1, $a1, 0x0D10           ## $a1 = 06000D10
/* 0094C 8093DD0C 0C02F7F0 */  jal     func_800BDFC0              
/* 00950 8093DD10 8FA4003C */  lw      $a0, 0x003C($sp)           
/* 00954 8093DD14 8FBF001C */  lw      $ra, 0x001C($sp)           
/* 00958 8093DD18 8FB00018 */  lw      $s0, 0x0018($sp)           
/* 0095C 8093DD1C 27BD0038 */  addiu   $sp, $sp, 0x0038           ## $sp = 00000000
/* 00960 8093DD20 03E00008 */  jr      $ra                        
/* 00964 8093DD24 00000000 */  nop
/* 00968 8093DD28 00000000 */  nop
/* 0096C 8093DD2C 00000000 */  nop

.section .data

D_8093DD30: .word 0x00950100, 0x00000010, 0x00ED0000, 0x0000017C
.word func_8093D628
.word func_8093D72C
.word func_8093DC2C
.word func_8093DC60
D_8093DD50: .word 0x0000000A, 0x0014001E, 0x00280032, 0x003C0000
D_8093DD60: .word \
0x0078FF88, 0x00780000, 0x00780078, 0x0000FF88, \
0x00000000, 0x00000078, 0xFF88FF88, 0xFF880000, \
0xFF880078
D_8093DD84: .word \
0xB874FDA8, 0xB878C568, 0xB0FC0FA0, 0xB100015E, \
0x3104015E
D_8093DD98: .word 0x3DCCCCCD, 0x3D4CCCCD
D_8093DDA0: .word 0xC1900000, 0xC1100000, 0x00000000, 0x00000000

.section .rodata

D_8093DDB0: .word 0x3F4CCCCD
D_8093DDB4: .word 0x3D638E39
D_8093DDB8: .word 0x3A83126F, 0x00000000


.section .rodata
D_8093DDC0:
.incbin "baserom/Obj_Lift", 0xA00, 0x000000E0
