.include "macro.inc"

# assembler directives
.set noat      # allow manual use of $at
.set noreorder # don't insert nops after branches
.set gp=64     # allow use of 64-bit general purpose registers

.section .text
glabel func_80C161E0
/* 00000 80C161E0 27BDFFE8 */  addiu   $sp, $sp, 0xFFE8           ## $sp = FFFFFFE8
/* 00004 80C161E4 AFBF0014 */  sw      $ra, 0x0014($sp)           
/* 00008 80C161E8 AFA40018 */  sw      $a0, 0x0018($sp)           
/* 0000C 80C161EC AFA5001C */  sw      $a1, 0x001C($sp)           
/* 00010 80C161F0 3C0580C1 */  lui     $a1, %hi(D_80C16420)       ## $a1 = 80C10000
/* 00014 80C161F4 24A56420 */  addiu   $a1, $a1, %lo(D_80C16420)  ## $a1 = 80C16420
/* 00018 80C161F8 0C03FEB7 */  jal     func_800FFADC              
/* 0001C 80C161FC 8FA40018 */  lw      $a0, 0x0018($sp)           
/* 00020 80C16200 3C040600 */  lui     $a0, 0x0600                ## $a0 = 06000000
/* 00024 80C16204 0C040141 */  jal     func_80100504              
/* 00028 80C16208 248412E8 */  addiu   $a0, $a0, 0x12E8           ## $a0 = 060012E8
/* 0002C 80C1620C 3C0E801F */  lui     $t6, 0x801F                ## $t6 = 801F0000
/* 00030 80C16210 8DCEF680 */  lw      $t6, -0x0980($t6)          ## 801EF680
/* 00034 80C16214 8FAF0018 */  lw      $t7, 0x0018($sp)           
/* 00038 80C16218 3C0180C1 */  lui     $at, %hi(D_80C16470)       ## $at = 80C10000
/* 0003C 80C1621C AC226470 */  sw      $v0, %lo(D_80C16470)($at)  
/* 00040 80C16220 A1EE0144 */  sb      $t6, 0x0144($t7)           ## 00000144
/* 00044 80C16224 8FBF0014 */  lw      $ra, 0x0014($sp)           
/* 00048 80C16228 27BD0018 */  addiu   $sp, $sp, 0x0018           ## $sp = 00000000
/* 0004C 80C1622C 03E00008 */  jr      $ra                        
/* 00050 80C16230 00000000 */  nop


glabel func_80C16234
/* 00054 80C16234 AFA40000 */  sw      $a0, 0x0000($sp)           
/* 00058 80C16238 AFA50004 */  sw      $a1, 0x0004($sp)           
/* 0005C 80C1623C 03E00008 */  jr      $ra                        
/* 00060 80C16240 00000000 */  nop


glabel func_80C16244
/* 00064 80C16244 AFA50004 */  sw      $a1, 0x0004($sp)           
/* 00068 80C16248 3C0E801F */  lui     $t6, 0x801F                ## $t6 = 801F0000
/* 0006C 80C1624C 8DCEF680 */  lw      $t6, -0x0980($t6)          ## 801EF680
/* 00070 80C16250 A08E0144 */  sb      $t6, 0x0144($a0)           ## 00000144
/* 00074 80C16254 03E00008 */  jr      $ra                        
/* 00078 80C16258 00000000 */  nop


glabel func_80C1625C
/* 0007C 80C1625C 27BDFFB8 */  addiu   $sp, $sp, 0xFFB8           ## $sp = FFFFFFB8
/* 00080 80C16260 AFB00020 */  sw      $s0, 0x0020($sp)           
/* 00084 80C16264 00A08025 */  or      $s0, $a1, $zero            ## $s0 = 00000000
/* 00088 80C16268 AFBF0024 */  sw      $ra, 0x0024($sp)           
/* 0008C 80C1626C 908E0144 */  lbu     $t6, 0x0144($a0)           ## 00000144
/* 00090 80C16270 3C0FDB06 */  lui     $t7, 0xDB06                ## $t7 = DB060000
/* 00094 80C16274 8E030000 */  lw      $v1, 0x0000($s0)           ## 00000000
/* 00098 80C16278 11C00029 */  beq     $t6, $zero, .L80C16320     
/* 0009C 80C1627C 35EF0024 */  ori     $t7, $t7, 0x0024           ## $t7 = DB060024
/* 000A0 80C16280 8C6202C0 */  lw      $v0, 0x02C0($v1)           ## 000002C0
/* 000A4 80C16284 3C18DB06 */  lui     $t8, 0xDB06                ## $t8 = DB060000
/* 000A8 80C16288 37180024 */  ori     $t8, $t8, 0x0024           ## $t8 = DB060024
/* 000AC 80C1628C 244F0008 */  addiu   $t7, $v0, 0x0008           ## $t7 = 00000008
/* 000B0 80C16290 AC6F02C0 */  sw      $t7, 0x02C0($v1)           ## 000002C0
/* 000B4 80C16294 AC580000 */  sw      $t8, 0x0000($v0)           ## 00000000
/* 000B8 80C16298 8E040000 */  lw      $a0, 0x0000($s0)           ## 00000000
/* 000BC 80C1629C 24190046 */  addiu   $t9, $zero, 0x0046         ## $t9 = 00000046
/* 000C0 80C162A0 2409009B */  addiu   $t1, $zero, 0x009B         ## $t1 = 0000009B
/* 000C4 80C162A4 AFA90014 */  sw      $t1, 0x0014($sp)           
/* 000C8 80C162A8 AFB90010 */  sw      $t9, 0x0010($sp)           
/* 000CC 80C162AC AFA3003C */  sw      $v1, 0x003C($sp)           
/* 000D0 80C162B0 24050080 */  addiu   $a1, $zero, 0x0080         ## $a1 = 00000080
/* 000D4 80C162B4 2406005F */  addiu   $a2, $zero, 0x005F         ## $a2 = 0000005F
/* 000D8 80C162B8 2407005F */  addiu   $a3, $zero, 0x005F         ## $a3 = 0000005F
/* 000DC 80C162BC 0C04B3AA */  jal     func_8012CEA8              
/* 000E0 80C162C0 AFA20034 */  sw      $v0, 0x0034($sp)           
/* 000E4 80C162C4 8FA80034 */  lw      $t0, 0x0034($sp)           
/* 000E8 80C162C8 8FA3003C */  lw      $v1, 0x003C($sp)           
/* 000EC 80C162CC 3C0BDB06 */  lui     $t3, 0xDB06                ## $t3 = DB060000
/* 000F0 80C162D0 AD020004 */  sw      $v0, 0x0004($t0)           ## 00000004
/* 000F4 80C162D4 8C6202B0 */  lw      $v0, 0x02B0($v1)           ## 000002B0
/* 000F8 80C162D8 356B0028 */  ori     $t3, $t3, 0x0028           ## $t3 = DB060028
/* 000FC 80C162DC 240C0028 */  addiu   $t4, $zero, 0x0028         ## $t4 = 00000028
/* 00100 80C162E0 244A0008 */  addiu   $t2, $v0, 0x0008           ## $t2 = 00000008
/* 00104 80C162E4 AC6A02B0 */  sw      $t2, 0x02B0($v1)           ## 000002B0
/* 00108 80C162E8 AC4B0000 */  sw      $t3, 0x0000($v0)           ## 00000000
/* 0010C 80C162EC 8E040000 */  lw      $a0, 0x0000($s0)           ## 00000000
/* 00110 80C162F0 240D00FF */  addiu   $t5, $zero, 0x00FF         ## $t5 = 000000FF
/* 00114 80C162F4 AFAD0014 */  sw      $t5, 0x0014($sp)           
/* 00118 80C162F8 AFAC0010 */  sw      $t4, 0x0010($sp)           
/* 0011C 80C162FC 24050080 */  addiu   $a1, $zero, 0x0080         ## $a1 = 00000080
/* 00120 80C16300 00003025 */  or      $a2, $zero, $zero          ## $a2 = 00000000
/* 00124 80C16304 24070028 */  addiu   $a3, $zero, 0x0028         ## $a3 = 00000028
/* 00128 80C16308 0C04B3AA */  jal     func_8012CEA8              
/* 0012C 80C1630C AFA20030 */  sw      $v0, 0x0030($sp)           
/* 00130 80C16310 8FA80030 */  lw      $t0, 0x0030($sp)           
/* 00134 80C16314 AD020004 */  sw      $v0, 0x0004($t0)           ## 00000004
/* 00138 80C16318 10000025 */  beq     $zero, $zero, .L80C163B0   
/* 0013C 80C1631C 00000000 */  nop
.L80C16320:
/* 00140 80C16320 8C6202C0 */  lw      $v0, 0x02C0($v1)           ## 000002C0
/* 00144 80C16324 241800D7 */  addiu   $t8, $zero, 0x00D7         ## $t8 = 000000D7
/* 00148 80C16328 2419006E */  addiu   $t9, $zero, 0x006E         ## $t9 = 0000006E
/* 0014C 80C1632C 244E0008 */  addiu   $t6, $v0, 0x0008           ## $t6 = 00000008
/* 00150 80C16330 AC6E02C0 */  sw      $t6, 0x02C0($v1)           ## 000002C0
/* 00154 80C16334 AC4F0000 */  sw      $t7, 0x0000($v0)           ## 00000000
/* 00158 80C16338 8E040000 */  lw      $a0, 0x0000($s0)           ## 00000000
/* 0015C 80C1633C AFA3003C */  sw      $v1, 0x003C($sp)           
/* 00160 80C16340 AFB90014 */  sw      $t9, 0x0014($sp)           
/* 00164 80C16344 AFB80010 */  sw      $t8, 0x0010($sp)           
/* 00168 80C16348 24050080 */  addiu   $a1, $zero, 0x0080         ## $a1 = 00000080
/* 0016C 80C1634C 240600FF */  addiu   $a2, $zero, 0x00FF         ## $a2 = 000000FF
/* 00170 80C16350 240700FF */  addiu   $a3, $zero, 0x00FF         ## $a3 = 000000FF
/* 00174 80C16354 0C04B3AA */  jal     func_8012CEA8              
/* 00178 80C16358 AFA2002C */  sw      $v0, 0x002C($sp)           
/* 0017C 80C1635C 8FA8002C */  lw      $t0, 0x002C($sp)           
/* 00180 80C16360 8FA3003C */  lw      $v1, 0x003C($sp)           
/* 00184 80C16364 3C0ADB06 */  lui     $t2, 0xDB06                ## $t2 = DB060000
/* 00188 80C16368 AD020004 */  sw      $v0, 0x0004($t0)           ## 00000004
/* 0018C 80C1636C 8C6202B0 */  lw      $v0, 0x02B0($v1)           ## 000002B0
/* 00190 80C16370 354A0028 */  ori     $t2, $t2, 0x0028           ## $t2 = DB060028
/* 00194 80C16374 240B00D7 */  addiu   $t3, $zero, 0x00D7         ## $t3 = 000000D7
/* 00198 80C16378 24490008 */  addiu   $t1, $v0, 0x0008           ## $t1 = 00000008
/* 0019C 80C1637C AC6902B0 */  sw      $t1, 0x02B0($v1)           ## 000002B0
/* 001A0 80C16380 AC4A0000 */  sw      $t2, 0x0000($v0)           ## 00000000
/* 001A4 80C16384 8E040000 */  lw      $a0, 0x0000($s0)           ## 00000000
/* 001A8 80C16388 240C00FF */  addiu   $t4, $zero, 0x00FF         ## $t4 = 000000FF
/* 001AC 80C1638C AFAC0014 */  sw      $t4, 0x0014($sp)           
/* 001B0 80C16390 AFAB0010 */  sw      $t3, 0x0010($sp)           
/* 001B4 80C16394 24050080 */  addiu   $a1, $zero, 0x0080         ## $a1 = 00000080
/* 001B8 80C16398 240600FF */  addiu   $a2, $zero, 0x00FF         ## $a2 = 000000FF
/* 001BC 80C1639C 240700FF */  addiu   $a3, $zero, 0x00FF         ## $a3 = 000000FF
/* 001C0 80C163A0 0C04B3AA */  jal     func_8012CEA8              
/* 001C4 80C163A4 AFA20028 */  sw      $v0, 0x0028($sp)           
/* 001C8 80C163A8 8FA80028 */  lw      $t0, 0x0028($sp)           
/* 001CC 80C163AC AD020004 */  sw      $v0, 0x0004($t0)           ## 00000004
.L80C163B0:
/* 001D0 80C163B0 3C0580C1 */  lui     $a1, %hi(D_80C16470)       ## $a1 = 80C10000
/* 001D4 80C163B4 8CA56470 */  lw      $a1, %lo(D_80C16470)($a1)  
/* 001D8 80C163B8 0C04C5D6 */  jal     func_80131758              
/* 001DC 80C163BC 02002025 */  or      $a0, $s0, $zero            ## $a0 = 00000000
/* 001E0 80C163C0 3C050600 */  lui     $a1, 0x0600                ## $a1 = 06000000
/* 001E4 80C163C4 24A50430 */  addiu   $a1, $a1, 0x0430           ## $a1 = 06000430
/* 001E8 80C163C8 0C02F7F0 */  jal     func_800BDFC0              
/* 001EC 80C163CC 02002025 */  or      $a0, $s0, $zero            ## $a0 = 00000000
/* 001F0 80C163D0 3C050600 */  lui     $a1, 0x0600                ## $a1 = 06000000
/* 001F4 80C163D4 24A50320 */  addiu   $a1, $a1, 0x0320           ## $a1 = 06000320
/* 001F8 80C163D8 0C02F80F */  jal     func_800BE03C              
/* 001FC 80C163DC 02002025 */  or      $a0, $s0, $zero            ## $a0 = 00000000
/* 00200 80C163E0 8FBF0024 */  lw      $ra, 0x0024($sp)           
/* 00204 80C163E4 8FB00020 */  lw      $s0, 0x0020($sp)           
/* 00208 80C163E8 27BD0048 */  addiu   $sp, $sp, 0x0048           ## $sp = 00000000
/* 0020C 80C163EC 03E00008 */  jr      $ra                        
/* 00210 80C163F0 00000000 */  nop
/* 00214 80C163F4 00000000 */  nop
/* 00218 80C163F8 00000000 */  nop
/* 0021C 80C163FC 00000000 */  nop

.section .data

D_80C16400: .word 0x02940100, 0x00000030, 0x026E0000, 0x00000148
.word func_80C161E0
.word func_80C16234
.word func_80C16244
.word func_80C1625C
D_80C16420: .word 0x48580064, 0x00000000, 0x00000000, 0x00000000

.section .rodata


.bss

D_80C16470: .space 0x10

.section .rodata
D_80C16430:
.incbin "baserom/Obj_Yado", 0x250, 0x00000040
