.include "macro.inc"

# assembler directives
.set noat      # allow manual use of $at
.set noreorder # don't insert nops after branches
.set gp=64     # allow use of 64-bit general purpose registers

.section .text
glabel func_80B961E0
/* 00000 80B961E0 27BDFFC0 */  addiu   $sp, $sp, 0xFFC0           ## $sp = FFFFFFC0
/* 00004 80B961E4 AFB10028 */  sw      $s1, 0x0028($sp)           
/* 00008 80B961E8 AFB00024 */  sw      $s0, 0x0024($sp)           
/* 0000C 80B961EC 00A08025 */  or      $s0, $a1, $zero            ## $s0 = 00000000
/* 00010 80B961F0 00808825 */  or      $s1, $a0, $zero            ## $s1 = 00000000
/* 00014 80B961F4 AFBF002C */  sw      $ra, 0x002C($sp)           
/* 00018 80B961F8 3C040602 */  lui     $a0, 0x0602                ## $a0 = 06020000
/* 0001C 80B961FC 0C04D1D2 */  jal     func_80134748              
/* 00020 80B96200 2484B1E8 */  addiu   $a0, $a0, 0xB1E8           ## $a0 = 0601B1E8
/* 00024 80B96204 44822000 */  mtc1    $v0, $f4                   ## $f4 = 0.00
/* 00028 80B96208 3C06800B */  lui     $a2, 0x800B                ## $a2 = 800B0000
/* 0002C 80B9620C 24C63FC0 */  addiu   $a2, $a2, 0x3FC0           ## $a2 = 800B3FC0
/* 00030 80B96210 46802020 */  cvt.s.w $f0, $f4                   
/* 00034 80B96214 262400BC */  addiu   $a0, $s1, 0x00BC           ## $a0 = 000000BC
/* 00038 80B96218 24050000 */  addiu   $a1, $zero, 0x0000         ## $a1 = 00000000
/* 0003C 80B9621C 3C0741C0 */  lui     $a3, 0x41C0                ## $a3 = 41C00000
/* 00040 80B96220 0C02CEE9 */  jal     func_800B3BA4              
/* 00044 80B96224 E7A00034 */  swc1    $f0, 0x0034($sp)           
/* 00048 80B96228 26250144 */  addiu   $a1, $s1, 0x0144           ## $a1 = 00000144
/* 0004C 80B9622C 3C060602 */  lui     $a2, 0x0602                ## $a2 = 06020000
/* 00050 80B96230 24C6B210 */  addiu   $a2, $a2, 0xB210           ## $a2 = 0601B210
/* 00054 80B96234 AFA50030 */  sw      $a1, 0x0030($sp)           
/* 00058 80B96238 02002025 */  or      $a0, $s0, $zero            ## $a0 = 00000000
/* 0005C 80B9623C 00003825 */  or      $a3, $zero, $zero          ## $a3 = 00000000
/* 00060 80B96240 AFA00010 */  sw      $zero, 0x0010($sp)         
/* 00064 80B96244 AFA00014 */  sw      $zero, 0x0014($sp)         
/* 00068 80B96248 0C04DA9F */  jal     func_80136A7C              
/* 0006C 80B9624C AFA00018 */  sw      $zero, 0x0018($sp)         
/* 00070 80B96250 860200A4 */  lh      $v0, 0x00A4($s0)           ## 000000A4
/* 00074 80B96254 24010008 */  addiu   $at, $zero, 0x0008         ## $at = 00000008
/* 00078 80B96258 8FA40030 */  lw      $a0, 0x0030($sp)           
/* 0007C 80B9625C 14410014 */  bne     $v0, $at, .L80B962B0       
/* 00080 80B96260 C7A00034 */  lwc1    $f0, 0x0034($sp)           
/* 00084 80B96264 3C0E801F */  lui     $t6, 0x801F                ## $t6 = 801F0000
/* 00088 80B96268 8DCE331C */  lw      $t6, 0x331C($t6)           ## 801F331C
/* 0008C 80B9626C 24010007 */  addiu   $at, $zero, 0x0007         ## $at = 00000007
/* 00090 80B96270 55C10010 */  bnel    $t6, $at, .L80B962B4       
/* 00094 80B96274 2401005D */  addiu   $at, $zero, 0x005D         ## $at = 0000005D
/* 00098 80B96278 960F1F36 */  lhu     $t7, 0x1F36($s0)           ## 00001F36
/* 0009C 80B9627C 3C050602 */  lui     $a1, 0x0602                ## $a1 = 06020000
/* 000A0 80B96280 24A5B1E8 */  addiu   $a1, $a1, 0xB1E8           ## $a1 = 0601B1E8
/* 000A4 80B96284 15E0000A */  bne     $t7, $zero, .L80B962B0     
/* 000A8 80B96288 3C063F80 */  lui     $a2, 0x3F80                ## $a2 = 3F800000
/* 000AC 80B9628C 44803000 */  mtc1    $zero, $f6                 ## $f6 = 0.00
/* 000B0 80B96290 44070000 */  mfc1    $a3, $f0                   
/* 000B4 80B96294 24180002 */  addiu   $t8, $zero, 0x0002         ## $t8 = 00000002
/* 000B8 80B96298 AFB80014 */  sw      $t8, 0x0014($sp)           
/* 000BC 80B9629C E7A00010 */  swc1    $f0, 0x0010($sp)           
/* 000C0 80B962A0 0C04DCFA */  jal     func_801373E8              
/* 000C4 80B962A4 E7A60018 */  swc1    $f6, 0x0018($sp)           
/* 000C8 80B962A8 10000015 */  beq     $zero, $zero, .L80B96300   
/* 000CC 80B962AC 3C053C23 */  lui     $a1, 0x3C23                ## $a1 = 3C230000
.L80B962B0:
/* 000D0 80B962B0 2401005D */  addiu   $at, $zero, 0x005D         ## $at = 0000005D
.L80B962B4:
/* 000D4 80B962B4 10410004 */  beq     $v0, $at, .L80B962C8       
/* 000D8 80B962B8 3C050602 */  lui     $a1, 0x0602                ## $a1 = 06020000
/* 000DC 80B962BC 24010050 */  addiu   $at, $zero, 0x0050         ## $at = 00000050
/* 000E0 80B962C0 1441000C */  bne     $v0, $at, .L80B962F4       
/* 000E4 80B962C4 00000000 */  nop
.L80B962C8:
/* 000E8 80B962C8 44801000 */  mtc1    $zero, $f2                 ## $f2 = 0.00
/* 000EC 80B962CC 24190002 */  addiu   $t9, $zero, 0x0002         ## $t9 = 00000002
/* 000F0 80B962D0 AFB90014 */  sw      $t9, 0x0014($sp)           
/* 000F4 80B962D4 44071000 */  mfc1    $a3, $f2                   
/* 000F8 80B962D8 24A5B1E8 */  addiu   $a1, $a1, 0xB1E8           ## $a1 = 0601B1E8
/* 000FC 80B962DC 3C063F80 */  lui     $a2, 0x3F80                ## $a2 = 3F800000
/* 00100 80B962E0 E7A00010 */  swc1    $f0, 0x0010($sp)           
/* 00104 80B962E4 0C04DCFA */  jal     func_801373E8              
/* 00108 80B962E8 E7A20018 */  swc1    $f2, 0x0018($sp)           
/* 0010C 80B962EC 10000004 */  beq     $zero, $zero, .L80B96300   
/* 00110 80B962F0 3C053C23 */  lui     $a1, 0x3C23                ## $a1 = 3C230000
.L80B962F4:
/* 00114 80B962F4 0C02D9C3 */  jal     func_800B670C              
/* 00118 80B962F8 02202025 */  or      $a0, $s1, $zero            ## $a0 = 00000000
/* 0011C 80B962FC 3C053C23 */  lui     $a1, 0x3C23                ## $a1 = 3C230000
.L80B96300:
/* 00120 80B96300 34A5D70A */  ori     $a1, $a1, 0xD70A           ## $a1 = 3C23D70A
/* 00124 80B96304 0C02D9F8 */  jal     func_800B67E0              
/* 00128 80B96308 02202025 */  or      $a0, $s1, $zero            ## $a0 = 00000000
/* 0012C 80B9630C 8FBF002C */  lw      $ra, 0x002C($sp)           
/* 00130 80B96310 8FB00024 */  lw      $s0, 0x0024($sp)           
/* 00134 80B96314 8FB10028 */  lw      $s1, 0x0028($sp)           
/* 00138 80B96318 03E00008 */  jr      $ra                        
/* 0013C 80B9631C 27BD0040 */  addiu   $sp, $sp, 0x0040           ## $sp = 00000000


glabel func_80B96320
/* 00140 80B96320 27BDFFE8 */  addiu   $sp, $sp, 0xFFE8           ## $sp = FFFFFFE8
/* 00144 80B96324 AFBF0014 */  sw      $ra, 0x0014($sp)           
/* 00148 80B96328 00803025 */  or      $a2, $a0, $zero            ## $a2 = 00000000
/* 0014C 80B9632C 00A03825 */  or      $a3, $a1, $zero            ## $a3 = 00000000
/* 00150 80B96330 00E02025 */  or      $a0, $a3, $zero            ## $a0 = 00000000
/* 00154 80B96334 0C03847B */  jal     func_800E11EC              
/* 00158 80B96338 24C50188 */  addiu   $a1, $a2, 0x0188           ## $a1 = 00000188
/* 0015C 80B9633C 8FBF0014 */  lw      $ra, 0x0014($sp)           
/* 00160 80B96340 27BD0018 */  addiu   $sp, $sp, 0x0018           ## $sp = 00000000
/* 00164 80B96344 03E00008 */  jr      $ra                        
/* 00168 80B96348 00000000 */  nop


glabel func_80B9634C
/* 0016C 80B9634C 27BDFFE8 */  addiu   $sp, $sp, 0xFFE8           ## $sp = FFFFFFE8
/* 00170 80B96350 AFA5001C */  sw      $a1, 0x001C($sp)           
/* 00174 80B96354 00802825 */  or      $a1, $a0, $zero            ## $a1 = 00000000
/* 00178 80B96358 AFBF0014 */  sw      $ra, 0x0014($sp)           
/* 0017C 80B9635C AFA40018 */  sw      $a0, 0x0018($sp)           
/* 00180 80B96360 0C04DB34 */  jal     func_80136CD0              
/* 00184 80B96364 24A40144 */  addiu   $a0, $a1, 0x0144           ## $a0 = 00000144
/* 00188 80B96368 8FBF0014 */  lw      $ra, 0x0014($sp)           
/* 0018C 80B9636C 27BD0018 */  addiu   $sp, $sp, 0x0018           ## $sp = 00000000
/* 00190 80B96370 03E00008 */  jr      $ra                        
/* 00194 80B96374 00000000 */  nop


glabel func_80B96378
/* 00198 80B96378 27BDFFE0 */  addiu   $sp, $sp, 0xFFE0           ## $sp = FFFFFFE0
/* 0019C 80B9637C AFBF001C */  sw      $ra, 0x001C($sp)           
/* 001A0 80B96380 AFA40020 */  sw      $a0, 0x0020($sp)           
/* 001A4 80B96384 AFA50024 */  sw      $a1, 0x0024($sp)           
/* 001A8 80B96388 8FAE0020 */  lw      $t6, 0x0020($sp)           
/* 001AC 80B9638C 8FA40024 */  lw      $a0, 0x0024($sp)           
/* 001B0 80B96390 00003825 */  or      $a3, $zero, $zero          ## $a3 = 00000000
/* 001B4 80B96394 8DC50148 */  lw      $a1, 0x0148($t6)           ## 00000148
/* 001B8 80B96398 8DC60164 */  lw      $a2, 0x0164($t6)           ## 00000164
/* 001BC 80B9639C AFA00010 */  sw      $zero, 0x0010($sp)         
/* 001C0 80B963A0 0C04CECF */  jal     func_80133B3C              
/* 001C4 80B963A4 AFAE0014 */  sw      $t6, 0x0014($sp)           
/* 001C8 80B963A8 8FBF001C */  lw      $ra, 0x001C($sp)           
/* 001CC 80B963AC 27BD0020 */  addiu   $sp, $sp, 0x0020           ## $sp = 00000000
/* 001D0 80B963B0 03E00008 */  jr      $ra                        
/* 001D4 80B963B4 00000000 */  nop
/* 001D8 80B963B8 00000000 */  nop
/* 001DC 80B963BC 00000000 */  nop

.section .data

D_80B963C0: .word 0x02260600, 0x00000020, 0x01F80000, 0x000001D4
.word func_80B961E0
.word func_80B96320
.word func_80B9634C
.word func_80B96378

.section .rodata



.section .rodata
D_80B963E0:
.incbin "baserom/Obj_Jg_Gakki", 0x200, 0x00000030
