.include "macro.inc"

# assembler directives
.set noat      # allow manual use of $at
.set noreorder # don't insert nops after branches
.set gp=64     # allow use of 64-bit general purpose registers

.section .text
glabel func_80B12980
/* 00000 80B12980 27BDFFE0 */  addiu   $sp, $sp, 0xFFE0           ## $sp = FFFFFFE0
/* 00004 80B12984 AFB00018 */  sw      $s0, 0x0018($sp)           
/* 00008 80B12988 00808025 */  or      $s0, $a0, $zero            ## $s0 = 00000000
/* 0000C 80B1298C AFBF001C */  sw      $ra, 0x001C($sp)           
/* 00010 80B12990 AFA50024 */  sw      $a1, 0x0024($sp)           
/* 00014 80B12994 3C0580B1 */  lui     $a1, %hi(D_80B13FB4)       ## $a1 = 80B10000
/* 00018 80B12998 24A53FB4 */  addiu   $a1, $a1, %lo(D_80B13FB4)  ## $a1 = 80B13FB4
/* 0001C 80B1299C 0C03FEB7 */  jal     func_800FFADC              
/* 00020 80B129A0 02002025 */  or      $a0, $s0, $zero            ## $a0 = 00000000
/* 00024 80B129A4 02002025 */  or      $a0, $s0, $zero            ## $a0 = 00000000
/* 00028 80B129A8 0C032B84 */  jal     func_800CAE10              
/* 0002C 80B129AC 00002825 */  or      $a1, $zero, $zero          ## $a1 = 00000000
/* 00030 80B129B0 8605001C */  lh      $a1, 0x001C($s0)           ## 0000001C
/* 00034 80B129B4 8FA40024 */  lw      $a0, 0x0024($sp)           
/* 00038 80B129B8 0C02D6EC */  jal     func_800B5BB0              
/* 0003C 80B129BC 30A5007F */  andi    $a1, $a1, 0x007F           ## $a1 = 00000000
/* 00040 80B129C0 10400008 */  beq     $v0, $zero, .L80B129E4     
/* 00044 80B129C4 8FA40024 */  lw      $a0, 0x0024($sp)           
/* 00048 80B129C8 3C0E80B1 */  lui     $t6, %hi(func_80B13E40)    ## $t6 = 80B10000
/* 0004C 80B129CC 25CE3E40 */  addiu   $t6, $t6, %lo(func_80B13E40) ## $t6 = 80B13E40
/* 00050 80B129D0 AE0E013C */  sw      $t6, 0x013C($s0)           ## 0000013C
/* 00054 80B129D4 0C2C4E42 */  jal     func_80B13908              
/* 00058 80B129D8 02002025 */  or      $a0, $s0, $zero            ## $a0 = 00000000
/* 0005C 80B129DC 1000000B */  beq     $zero, $zero, .L80B12A0C   
/* 00060 80B129E0 8FBF001C */  lw      $ra, 0x001C($sp)           
.L80B129E4:
/* 00064 80B129E4 3C060601 */  lui     $a2, 0x0601                ## $a2 = 06010000
/* 00068 80B129E8 24C68040 */  addiu   $a2, $a2, 0x8040           ## $a2 = 06008040
/* 0006C 80B129EC 0C032B8D */  jal     func_800CAE34              
/* 00070 80B129F0 02002825 */  or      $a1, $s0, $zero            ## $a1 = 00000000
/* 00074 80B129F4 8E0F0004 */  lw      $t7, 0x0004($s0)           ## 00000004
/* 00078 80B129F8 02002025 */  or      $a0, $s0, $zero            ## $a0 = 00000000
/* 0007C 80B129FC 35F80010 */  ori     $t8, $t7, 0x0010           ## $t8 = 00000010
/* 00080 80B12A00 0C2C4E4B */  jal     func_80B1392C              
/* 00084 80B12A04 AE180004 */  sw      $t8, 0x0004($s0)           ## 00000004
/* 00088 80B12A08 8FBF001C */  lw      $ra, 0x001C($sp)           
.L80B12A0C:
/* 0008C 80B12A0C 8FB00018 */  lw      $s0, 0x0018($sp)           
/* 00090 80B12A10 27BD0020 */  addiu   $sp, $sp, 0x0020           ## $sp = 00000000
/* 00094 80B12A14 03E00008 */  jr      $ra                        
/* 00098 80B12A18 00000000 */  nop


glabel func_80B12A1C
/* 0009C 80B12A1C 27BDFFE8 */  addiu   $sp, $sp, 0xFFE8           ## $sp = FFFFFFE8
/* 000A0 80B12A20 AFBF0014 */  sw      $ra, 0x0014($sp)           
/* 000A4 80B12A24 AFA40018 */  sw      $a0, 0x0018($sp)           
/* 000A8 80B12A28 00A03825 */  or      $a3, $a1, $zero            ## $a3 = 00000000
/* 000AC 80B12A2C 8FAE0018 */  lw      $t6, 0x0018($sp)           
/* 000B0 80B12A30 00E02025 */  or      $a0, $a3, $zero            ## $a0 = 00000000
/* 000B4 80B12A34 24E50880 */  addiu   $a1, $a3, 0x0880           ## $a1 = 00000880
/* 000B8 80B12A38 0C031933 */  jal     func_800C64CC              
/* 000BC 80B12A3C 8DC60144 */  lw      $a2, 0x0144($t6)           ## 00000144
/* 000C0 80B12A40 8FBF0014 */  lw      $ra, 0x0014($sp)           
/* 000C4 80B12A44 27BD0018 */  addiu   $sp, $sp, 0x0018           ## $sp = 00000000
/* 000C8 80B12A48 03E00008 */  jr      $ra                        
/* 000CC 80B12A4C 00000000 */  nop


glabel func_80B12A50
/* 000D0 80B12A50 C4840000 */  lwc1    $f4, 0x0000($a0)           ## 00000000
/* 000D4 80B12A54 C4A60008 */  lwc1    $f6, 0x0008($a1)           ## 00000008
/* 000D8 80B12A58 46062200 */  add.s   $f8, $f4, $f6              
/* 000DC 80B12A5C E4C80000 */  swc1    $f8, 0x0000($a2)           ## 00000000
/* 000E0 80B12A60 C4B0000C */  lwc1    $f16, 0x000C($a1)          ## 0000000C
/* 000E4 80B12A64 C48A0004 */  lwc1    $f10, 0x0004($a0)          ## 00000004
/* 000E8 80B12A68 46105480 */  add.s   $f18, $f10, $f16           
/* 000EC 80B12A6C E4D20004 */  swc1    $f18, 0x0004($a2)          ## 00000004
/* 000F0 80B12A70 C4A60010 */  lwc1    $f6, 0x0010($a1)           ## 00000010
/* 000F4 80B12A74 C4840008 */  lwc1    $f4, 0x0008($a0)           ## 00000008
/* 000F8 80B12A78 46062200 */  add.s   $f8, $f4, $f6              
/* 000FC 80B12A7C E4C80008 */  swc1    $f8, 0x0008($a2)           ## 00000008
/* 00100 80B12A80 03E00008 */  jr      $ra                        
/* 00104 80B12A84 00000000 */  nop


glabel func_80B12A88
/* 00108 80B12A88 27BDFFC8 */  addiu   $sp, $sp, 0xFFC8           ## $sp = FFFFFFC8
/* 0010C 80B12A8C AFB30024 */  sw      $s3, 0x0024($sp)           
/* 00110 80B12A90 00809825 */  or      $s3, $a0, $zero            ## $s3 = 00000000
/* 00114 80B12A94 AFBF0034 */  sw      $ra, 0x0034($sp)           
/* 00118 80B12A98 AFB60030 */  sw      $s6, 0x0030($sp)           
/* 0011C 80B12A9C AFB5002C */  sw      $s5, 0x002C($sp)           
/* 00120 80B12AA0 AFB40028 */  sw      $s4, 0x0028($sp)           
/* 00124 80B12AA4 AFB20020 */  sw      $s2, 0x0020($sp)           
/* 00128 80B12AA8 AFB1001C */  sw      $s1, 0x001C($sp)           
/* 0012C 80B12AAC AFB00018 */  sw      $s0, 0x0018($sp)           
/* 00130 80B12AB0 3C1280B1 */  lui     $s2, %hi(D_80B13E90)       ## $s2 = 80B10000
/* 00134 80B12AB4 26523E90 */  addiu   $s2, $s2, %lo(D_80B13E90)  ## $s2 = 80B13E90
/* 00138 80B12AB8 00008825 */  or      $s1, $zero, $zero          ## $s1 = 00000000
/* 0013C 80B12ABC 26700160 */  addiu   $s0, $s3, 0x0160           ## $s0 = 00000160
/* 00140 80B12AC0 267400BC */  addiu   $s4, $s3, 0x00BC           ## $s4 = 000000BC
/* 00144 80B12AC4 26750024 */  addiu   $s5, $s3, 0x0024           ## $s5 = 00000024
/* 00148 80B12AC8 24160007 */  addiu   $s6, $zero, 0x0007         ## $s6 = 00000007
.L80B12ACC:
/* 0014C 80B12ACC 02002025 */  or      $a0, $s0, $zero            ## $a0 = 00000160
/* 00150 80B12AD0 0C03FD43 */  jal     func_800FF50C              
/* 00154 80B12AD4 02A02825 */  or      $a1, $s5, $zero            ## $a1 = 00000024
/* 00158 80B12AD8 2604000C */  addiu   $a0, $s0, 0x000C           ## $a0 = 0000016C
/* 0015C 80B12ADC 0C03FD43 */  jal     func_800FF50C              
/* 00160 80B12AE0 26450014 */  addiu   $a1, $s2, 0x0014           ## $a1 = 80B13EA4
/* 00164 80B12AE4 8A8F0000 */  lwl     $t7, 0x0000($s4)           ## 000000BC
/* 00168 80B12AE8 9A8F0003 */  lwr     $t7, 0x0003($s4)           ## 000000BF
/* 0016C 80B12AEC 26310001 */  addiu   $s1, $s1, 0x0001           ## $s1 = 00000001
/* 00170 80B12AF0 26520028 */  addiu   $s2, $s2, 0x0028           ## $s2 = 80B13EB8
/* 00174 80B12AF4 AA0F0018 */  swl     $t7, 0x0018($s0)           ## 00000178
/* 00178 80B12AF8 BA0F001B */  swr     $t7, 0x001B($s0)           ## 0000017B
/* 0017C 80B12AFC 968F0004 */  lhu     $t7, 0x0004($s4)           ## 000000C0
/* 00180 80B12B00 26100020 */  addiu   $s0, $s0, 0x0020           ## $s0 = 00000180
/* 00184 80B12B04 A200FFFE */  sb      $zero, -0x0002($s0)        ## 0000017E
/* 00188 80B12B08 1636FFF0 */  bne     $s1, $s6, .L80B12ACC       
/* 0018C 80B12B0C A60FFFFC */  sh      $t7, -0x0004($s0)          ## 0000017C
/* 00190 80B12B10 8FBF0034 */  lw      $ra, 0x0034($sp)           
/* 00194 80B12B14 8FB00018 */  lw      $s0, 0x0018($sp)           
/* 00198 80B12B18 8FB1001C */  lw      $s1, 0x001C($sp)           
/* 0019C 80B12B1C 8FB20020 */  lw      $s2, 0x0020($sp)           
/* 001A0 80B12B20 8FB30024 */  lw      $s3, 0x0024($sp)           
/* 001A4 80B12B24 8FB40028 */  lw      $s4, 0x0028($sp)           
/* 001A8 80B12B28 8FB5002C */  lw      $s5, 0x002C($sp)           
/* 001AC 80B12B2C 8FB60030 */  lw      $s6, 0x0030($sp)           
/* 001B0 80B12B30 03E00008 */  jr      $ra                        
/* 001B4 80B12B34 27BD0038 */  addiu   $sp, $sp, 0x0038           ## $sp = 00000000


glabel func_80B12B38
/* 001B8 80B12B38 27BDFF60 */  addiu   $sp, $sp, 0xFF60           ## $sp = FFFFFF60
/* 001BC 80B12B3C AFB60060 */  sw      $s6, 0x0060($sp)           
/* 001C0 80B12B40 AFB40058 */  sw      $s4, 0x0058($sp)           
/* 001C4 80B12B44 0080A025 */  or      $s4, $a0, $zero            ## $s4 = 00000000
/* 001C8 80B12B48 00A0B025 */  or      $s6, $a1, $zero            ## $s6 = 00000000
/* 001CC 80B12B4C AFBF006C */  sw      $ra, 0x006C($sp)           
/* 001D0 80B12B50 AFBE0068 */  sw      $s8, 0x0068($sp)           
/* 001D4 80B12B54 AFB70064 */  sw      $s7, 0x0064($sp)           
/* 001D8 80B12B58 AFB5005C */  sw      $s5, 0x005C($sp)           
/* 001DC 80B12B5C AFB30054 */  sw      $s3, 0x0054($sp)           
/* 001E0 80B12B60 AFB20050 */  sw      $s2, 0x0050($sp)           
/* 001E4 80B12B64 AFB1004C */  sw      $s1, 0x004C($sp)           
/* 001E8 80B12B68 AFB00048 */  sw      $s0, 0x0048($sp)           
/* 001EC 80B12B6C F7BC0040 */  sdc1    $f28, 0x0040($sp)          
/* 001F0 80B12B70 F7BA0038 */  sdc1    $f26, 0x0038($sp)          
/* 001F4 80B12B74 F7B80030 */  sdc1    $f24, 0x0030($sp)          
/* 001F8 80B12B78 F7B60028 */  sdc1    $f22, 0x0028($sp)          
/* 001FC 80B12B7C F7B40020 */  sdc1    $f20, 0x0020($sp)          
/* 00200 80B12B80 3C0180B1 */  lui     $at, %hi(D_80B13FD0)       ## $at = 80B10000
/* 00204 80B12B84 C43C3FD0 */  lwc1    $f28, %lo(D_80B13FD0)($at) 
/* 00208 80B12B88 3C01420C */  lui     $at, 0x420C                ## $at = 420C0000
/* 0020C 80B12B8C 4481D000 */  mtc1    $at, $f26                  ## $f26 = 35.00
/* 00210 80B12B90 3C0180B1 */  lui     $at, %hi(D_80B13FD4)       ## $at = 80B10000
/* 00214 80B12B94 C4363FD4 */  lwc1    $f22, %lo(D_80B13FD4)($at) 
/* 00218 80B12B98 3C014020 */  lui     $at, 0x4020                ## $at = 40200000
/* 0021C 80B12B9C 3C1180B1 */  lui     $s1, %hi(D_80B13E90)       ## $s1 = 80B10000
/* 00220 80B12BA0 4481A000 */  mtc1    $at, $f20                  ## $f20 = 2.50
/* 00224 80B12BA4 4480C000 */  mtc1    $zero, $f24                ## $f24 = 0.00
/* 00228 80B12BA8 26313E90 */  addiu   $s1, $s1, %lo(D_80B13E90)  ## $s1 = 80B13E90
/* 0022C 80B12BAC 0000A825 */  or      $s5, $zero, $zero          ## $s5 = 00000000
/* 00230 80B12BB0 26900160 */  addiu   $s0, $s4, 0x0160           ## $s0 = 00000160
/* 00234 80B12BB4 241EFFFF */  addiu   $s8, $zero, 0xFFFF         ## $s8 = FFFFFFFF
/* 00238 80B12BB8 27B70080 */  addiu   $s7, $sp, 0x0080           ## $s7 = FFFFFFE0
.L80B12BBC:
/* 0023C 80B12BBC 8202001E */  lb      $v0, 0x001E($s0)           ## 0000017E
/* 00240 80B12BC0 04420058 */  bltzl   $v0, .L80B12D24            
/* 00244 80B12BC4 26B50001 */  addiu   $s5, $s5, 0x0001           ## $s5 = 00000001
/* 00248 80B12BC8 822E0026 */  lb      $t6, 0x0026($s1)           ## 80B13EB6
/* 0024C 80B12BCC 00009825 */  or      $s3, $zero, $zero          ## $s3 = 00000000
/* 00250 80B12BD0 004E082A */  slt     $at, $v0, $t6              
/* 00254 80B12BD4 54200029 */  bnel    $at, $zero, .L80B12C7C     
/* 00258 80B12BD8 C6120010 */  lwc1    $f18, 0x0010($s0)          ## 00000170
/* 0025C 80B12BDC C6040010 */  lwc1    $f4, 0x0010($s0)           ## 00000170
/* 00260 80B12BE0 4405B000 */  mfc1    $a1, $f22                  
/* 00264 80B12BE4 2604000C */  addiu   $a0, $s0, 0x000C           ## $a0 = 0000016C
/* 00268 80B12BE8 46142181 */  sub.s   $f6, $f4, $f20             
/* 0026C 80B12BEC 0C03FDA2 */  jal     func_800FF688              
/* 00270 80B12BF0 E6060010 */  swc1    $f6, 0x0010($s0)           ## 00000170
/* 00274 80B12BF4 C6080000 */  lwc1    $f8, 0x0000($s0)           ## 00000160
/* 00278 80B12BF8 C60A000C */  lwc1    $f10, 0x000C($s0)          ## 0000016C
/* 0027C 80B12BFC C6120004 */  lwc1    $f18, 0x0004($s0)          ## 00000164
/* 00280 80B12C00 C6040010 */  lwc1    $f4, 0x0010($s0)           ## 00000170
/* 00284 80B12C04 460A4400 */  add.s   $f16, $f8, $f10            
/* 00288 80B12C08 C60A0014 */  lwc1    $f10, 0x0014($s0)          ## 00000174
/* 0028C 80B12C0C C6080008 */  lwc1    $f8, 0x0008($s0)           ## 00000168
/* 00290 80B12C10 46049180 */  add.s   $f6, $f18, $f4             
/* 00294 80B12C14 E6100000 */  swc1    $f16, 0x0000($s0)          ## 00000160
/* 00298 80B12C18 860F0018 */  lh      $t7, 0x0018($s0)           ## 00000178
/* 0029C 80B12C1C 460A4400 */  add.s   $f16, $f8, $f10            
/* 002A0 80B12C20 E6060004 */  swc1    $f6, 0x0004($s0)           ## 00000164
/* 002A4 80B12C24 8608001A */  lh      $t0, 0x001A($s0)           ## 0000017A
/* 002A8 80B12C28 860B001C */  lh      $t3, 0x001C($s0)           ## 0000017C
/* 002AC 80B12C2C E6100008 */  swc1    $f16, 0x0008($s0)          ## 00000168
/* 002B0 80B12C30 86380020 */  lh      $t8, 0x0020($s1)           ## 80B13EB0
/* 002B4 80B12C34 02802025 */  or      $a0, $s4, $zero            ## $a0 = 00000000
/* 002B8 80B12C38 02C02825 */  or      $a1, $s6, $zero            ## $a1 = 00000000
/* 002BC 80B12C3C 01F8C821 */  addu    $t9, $t7, $t8              
/* 002C0 80B12C40 A6190018 */  sh      $t9, 0x0018($s0)           ## 00000178
/* 002C4 80B12C44 86290022 */  lh      $t1, 0x0022($s1)           ## 80B13EB2
/* 002C8 80B12C48 820F001E */  lb      $t7, 0x001E($s0)           ## 0000017E
/* 002CC 80B12C4C 02003025 */  or      $a2, $s0, $zero            ## $a2 = 00000160
/* 002D0 80B12C50 01095021 */  addu    $t2, $t0, $t1              
/* 002D4 80B12C54 A60A001A */  sh      $t2, 0x001A($s0)           ## 0000017A
/* 002D8 80B12C58 862C0024 */  lh      $t4, 0x0024($s1)           ## 80B13EB4
/* 002DC 80B12C5C 016C6821 */  addu    $t5, $t3, $t4              
/* 002E0 80B12C60 A60D001C */  sh      $t5, 0x001C($s0)           ## 0000017C
/* 002E4 80B12C64 822E0026 */  lb      $t6, 0x0026($s1)           ## 80B13EB6
/* 002E8 80B12C68 55CF0004 */  bnel    $t6, $t7, .L80B12C7C       
/* 002EC 80B12C6C C6120010 */  lwc1    $f18, 0x0010($s0)          ## 00000170
/* 002F0 80B12C70 0C2C4B9F */  jal     func_80B12E7C              
/* 002F4 80B12C74 02203825 */  or      $a3, $s1, $zero            ## $a3 = 80B13E90
/* 002F8 80B12C78 C6120010 */  lwc1    $f18, 0x0010($s0)          ## 00000170
.L80B12C7C:
/* 002FC 80B12C7C 02002025 */  or      $a0, $s0, $zero            ## $a0 = 00000160
/* 00300 80B12C80 02202825 */  or      $a1, $s1, $zero            ## $a1 = 80B13E90
/* 00304 80B12C84 4618903C */  c.lt.s  $f18, $f24                 
/* 00308 80B12C88 02E03025 */  or      $a2, $s7, $zero            ## $a2 = FFFFFFE0
/* 0030C 80B12C8C 45000014 */  bc1f    .L80B12CE0                 
/* 00310 80B12C90 00000000 */  nop
/* 00314 80B12C94 0C2C4A94 */  jal     func_80B12A50              
/* 00318 80B12C98 26D20830 */  addiu   $s2, $s6, 0x0830           ## $s2 = 00000830
/* 0031C 80B12C9C 02402025 */  or      $a0, $s2, $zero            ## $a0 = 00000830
/* 00320 80B12CA0 27A50090 */  addiu   $a1, $sp, 0x0090           ## $a1 = FFFFFFF0
/* 00324 80B12CA4 27A6007C */  addiu   $a2, $sp, 0x007C           ## $a2 = FFFFFFDC
/* 00328 80B12CA8 02803825 */  or      $a3, $s4, $zero            ## $a3 = 00000000
/* 0032C 80B12CAC 0C031047 */  jal     func_800C411C              
/* 00330 80B12CB0 AFB70010 */  sw      $s7, 0x0010($sp)           
/* 00334 80B12CB4 C7A40084 */  lwc1    $f4, 0x0084($sp)           
/* 00338 80B12CB8 461A2181 */  sub.s   $f6, $f4, $f26             
/* 0033C 80B12CBC 4600303C */  c.lt.s  $f6, $f0                   
/* 00340 80B12CC0 00000000 */  nop
/* 00344 80B12CC4 45000006 */  bc1f    .L80B12CE0                 
/* 00348 80B12CC8 00000000 */  nop
/* 0034C 80B12CCC 4600E03C */  c.lt.s  $f28, $f0                  
/* 00350 80B12CD0 00000000 */  nop
/* 00354 80B12CD4 45000002 */  bc1f    .L80B12CE0                 
/* 00358 80B12CD8 00000000 */  nop
/* 0035C 80B12CDC 24130001 */  addiu   $s3, $zero, 0x0001         ## $s3 = 00000001
.L80B12CE0:
/* 00360 80B12CE0 12600008 */  beq     $s3, $zero, .L80B12D04     
/* 00364 80B12CE4 02802025 */  or      $a0, $s4, $zero            ## $a0 = 00000000
/* 00368 80B12CE8 A21E001E */  sb      $s8, 0x001E($s0)           ## 0000017E
/* 0036C 80B12CEC 02C02825 */  or      $a1, $s6, $zero            ## $a1 = 00000000
/* 00370 80B12CF0 02003025 */  or      $a2, $s0, $zero            ## $a2 = 00000160
/* 00374 80B12CF4 0C2C4C5C */  jal     func_80B13170              
/* 00378 80B12CF8 02203825 */  or      $a3, $s1, $zero            ## $a3 = 80B13E90
/* 0037C 80B12CFC 10000009 */  beq     $zero, $zero, .L80B12D24   
/* 00380 80B12D00 26B50001 */  addiu   $s5, $s5, 0x0001           ## $s5 = 00000002
.L80B12D04:
/* 00384 80B12D04 8202001E */  lb      $v0, 0x001E($s0)           ## 0000017E
/* 00388 80B12D08 2841003D */  slti    $at, $v0, 0x003D           
/* 0038C 80B12D0C 14200003 */  bne     $at, $zero, .L80B12D1C     
/* 00390 80B12D10 24580001 */  addiu   $t8, $v0, 0x0001           ## $t8 = 00000001
/* 00394 80B12D14 10000002 */  beq     $zero, $zero, .L80B12D20   
/* 00398 80B12D18 A21E001E */  sb      $s8, 0x001E($s0)           ## 0000017E
.L80B12D1C:
/* 0039C 80B12D1C A218001E */  sb      $t8, 0x001E($s0)           ## 0000017E
.L80B12D20:
/* 003A0 80B12D20 26B50001 */  addiu   $s5, $s5, 0x0001           ## $s5 = 00000003
.L80B12D24:
/* 003A4 80B12D24 24010007 */  addiu   $at, $zero, 0x0007         ## $at = 00000007
/* 003A8 80B12D28 26310028 */  addiu   $s1, $s1, 0x0028           ## $s1 = 80B13EB8
/* 003AC 80B12D2C 16A1FFA3 */  bne     $s5, $at, .L80B12BBC       
/* 003B0 80B12D30 26100020 */  addiu   $s0, $s0, 0x0020           ## $s0 = 00000180
/* 003B4 80B12D34 8FBF006C */  lw      $ra, 0x006C($sp)           
/* 003B8 80B12D38 D7B40020 */  ldc1    $f20, 0x0020($sp)          
/* 003BC 80B12D3C D7B60028 */  ldc1    $f22, 0x0028($sp)          
/* 003C0 80B12D40 D7B80030 */  ldc1    $f24, 0x0030($sp)          
/* 003C4 80B12D44 D7BA0038 */  ldc1    $f26, 0x0038($sp)          
/* 003C8 80B12D48 D7BC0040 */  ldc1    $f28, 0x0040($sp)          
/* 003CC 80B12D4C 8FB00048 */  lw      $s0, 0x0048($sp)           
/* 003D0 80B12D50 8FB1004C */  lw      $s1, 0x004C($sp)           
/* 003D4 80B12D54 8FB20050 */  lw      $s2, 0x0050($sp)           
/* 003D8 80B12D58 8FB30054 */  lw      $s3, 0x0054($sp)           
/* 003DC 80B12D5C 8FB40058 */  lw      $s4, 0x0058($sp)           
/* 003E0 80B12D60 8FB5005C */  lw      $s5, 0x005C($sp)           
/* 003E4 80B12D64 8FB60060 */  lw      $s6, 0x0060($sp)           
/* 003E8 80B12D68 8FB70064 */  lw      $s7, 0x0064($sp)           
/* 003EC 80B12D6C 8FBE0068 */  lw      $s8, 0x0068($sp)           
/* 003F0 80B12D70 03E00008 */  jr      $ra                        
/* 003F4 80B12D74 27BD00A0 */  addiu   $sp, $sp, 0x00A0           ## $sp = 00000000


glabel func_80B12D78
/* 003F8 80B12D78 24820240 */  addiu   $v0, $a0, 0x0240           ## $v0 = 00000240
/* 003FC 80B12D7C 2487026C */  addiu   $a3, $a0, 0x026C           ## $a3 = 0000026C
/* 00400 80B12D80 80EE0028 */  lb      $t6, 0x0028($a3)           ## 00000294
/* 00404 80B12D84 804F0028 */  lb      $t7, 0x0028($v0)           ## 00000268
/* 00408 80B12D88 00002825 */  or      $a1, $zero, $zero          ## $a1 = 00000000
/* 0040C 80B12D8C 24E6002C */  addiu   $a2, $a3, 0x002C           ## $a2 = 00000298
/* 00410 80B12D90 01CF082A */  slt     $at, $t6, $t7              
/* 00414 80B12D94 10200003 */  beq     $at, $zero, .L80B12DA4     
/* 00418 80B12D98 24030004 */  addiu   $v1, $zero, 0x0004         ## $v1 = 00000004
/* 0041C 80B12D9C 00E01025 */  or      $v0, $a3, $zero            ## $v0 = 0000026C
/* 00420 80B12DA0 24050001 */  addiu   $a1, $zero, 0x0001         ## $a1 = 00000001
.L80B12DA4:
/* 00424 80B12DA4 80440028 */  lb      $a0, 0x0028($v0)           ## 00000294
/* 00428 80B12DA8 80D80028 */  lb      $t8, 0x0028($a2)           ## 000002C0
/* 0042C 80B12DAC 24070064 */  addiu   $a3, $zero, 0x0064         ## $a3 = 00000064
/* 00430 80B12DB0 0304082A */  slt     $at, $t8, $a0              
/* 00434 80B12DB4 50200005 */  beql    $at, $zero, .L80B12DCC     
/* 00438 80B12DB8 80D90054 */  lb      $t9, 0x0054($a2)           ## 000002EC
/* 0043C 80B12DBC 00C01025 */  or      $v0, $a2, $zero            ## $v0 = 00000298
/* 00440 80B12DC0 24050002 */  addiu   $a1, $zero, 0x0002         ## $a1 = 00000002
/* 00444 80B12DC4 80C40028 */  lb      $a0, 0x0028($a2)           ## 000002C0
/* 00448 80B12DC8 80D90054 */  lb      $t9, 0x0054($a2)           ## 000002EC
.L80B12DCC:
/* 0044C 80B12DCC 24C6002C */  addiu   $a2, $a2, 0x002C           ## $a2 = 000002C4
/* 00450 80B12DD0 0324082A */  slt     $at, $t9, $a0              
/* 00454 80B12DD4 50200004 */  beql    $at, $zero, .L80B12DE8     
/* 00458 80B12DD8 24C6002C */  addiu   $a2, $a2, 0x002C           ## $a2 = 000002F0
/* 0045C 80B12DDC 00C01025 */  or      $v0, $a2, $zero            ## $v0 = 000002F0
/* 00460 80B12DE0 24050003 */  addiu   $a1, $zero, 0x0003         ## $a1 = 00000003
/* 00464 80B12DE4 24C6002C */  addiu   $a2, $a2, 0x002C           ## $a2 = 0000031C
.L80B12DE8:
/* 00468 80B12DE8 80440028 */  lb      $a0, 0x0028($v0)           ## 00000318
/* 0046C 80B12DEC 80C80028 */  lb      $t0, 0x0028($a2)           ## 00000344
/* 00470 80B12DF0 0104082A */  slt     $at, $t0, $a0              
/* 00474 80B12DF4 50200005 */  beql    $at, $zero, .L80B12E0C     
/* 00478 80B12DF8 80C90054 */  lb      $t1, 0x0054($a2)           ## 00000370
/* 0047C 80B12DFC 00C01025 */  or      $v0, $a2, $zero            ## $v0 = 0000031C
/* 00480 80B12E00 00602825 */  or      $a1, $v1, $zero            ## $a1 = 00000004
/* 00484 80B12E04 80C40028 */  lb      $a0, 0x0028($a2)           ## 00000344
/* 00488 80B12E08 80C90054 */  lb      $t1, 0x0054($a2)           ## 00000370
.L80B12E0C:
/* 0048C 80B12E0C 24C6002C */  addiu   $a2, $a2, 0x002C           ## $a2 = 00000348
/* 00490 80B12E10 0124082A */  slt     $at, $t1, $a0              
/* 00494 80B12E14 50200005 */  beql    $at, $zero, .L80B12E2C     
/* 00498 80B12E18 80CA0054 */  lb      $t2, 0x0054($a2)           ## 0000039C
/* 0049C 80B12E1C 00C01025 */  or      $v0, $a2, $zero            ## $v0 = 00000348
/* 004A0 80B12E20 24650001 */  addiu   $a1, $v1, 0x0001           ## $a1 = 00000005
/* 004A4 80B12E24 80C40028 */  lb      $a0, 0x0028($a2)           ## 00000370
/* 004A8 80B12E28 80CA0054 */  lb      $t2, 0x0054($a2)           ## 0000039C
.L80B12E2C:
/* 004AC 80B12E2C 24C6002C */  addiu   $a2, $a2, 0x002C           ## $a2 = 00000374
/* 004B0 80B12E30 0144082A */  slt     $at, $t2, $a0              
/* 004B4 80B12E34 50200005 */  beql    $at, $zero, .L80B12E4C     
/* 004B8 80B12E38 80CB0054 */  lb      $t3, 0x0054($a2)           ## 000003C8
/* 004BC 80B12E3C 00C01025 */  or      $v0, $a2, $zero            ## $v0 = 00000374
/* 004C0 80B12E40 24650002 */  addiu   $a1, $v1, 0x0002           ## $a1 = 00000006
/* 004C4 80B12E44 80C40028 */  lb      $a0, 0x0028($a2)           ## 0000039C
/* 004C8 80B12E48 80CB0054 */  lb      $t3, 0x0054($a2)           ## 000003C8
.L80B12E4C:
/* 004CC 80B12E4C 24C6002C */  addiu   $a2, $a2, 0x002C           ## $a2 = 000003A0
/* 004D0 80B12E50 0164082A */  slt     $at, $t3, $a0              
/* 004D4 80B12E54 50200004 */  beql    $at, $zero, .L80B12E68     
/* 004D8 80B12E58 24630004 */  addiu   $v1, $v1, 0x0004           ## $v1 = 00000008
/* 004DC 80B12E5C 00C01025 */  or      $v0, $a2, $zero            ## $v0 = 000003A0
/* 004E0 80B12E60 24650003 */  addiu   $a1, $v1, 0x0003           ## $a1 = 0000000B
/* 004E4 80B12E64 24630004 */  addiu   $v1, $v1, 0x0004           ## $v1 = 0000000C
.L80B12E68:
/* 004E8 80B12E68 1467FFDF */  bne     $v1, $a3, .L80B12DE8       
/* 004EC 80B12E6C 24C6002C */  addiu   $a2, $a2, 0x002C           ## $a2 = 000003CC
/* 004F0 80B12E70 00A01025 */  or      $v0, $a1, $zero            ## $v0 = 0000000B
/* 004F4 80B12E74 03E00008 */  jr      $ra                        
/* 004F8 80B12E78 00000000 */  nop


glabel func_80B12E7C
/* 004FC 80B12E7C 27BDFF50 */  addiu   $sp, $sp, 0xFF50           ## $sp = FFFFFF50
/* 00500 80B12E80 AFB20058 */  sw      $s2, 0x0058($sp)           
/* 00504 80B12E84 AFB10054 */  sw      $s1, 0x0054($sp)           
/* 00508 80B12E88 AFB00050 */  sw      $s0, 0x0050($sp)           
/* 0050C 80B12E8C 00C08025 */  or      $s0, $a2, $zero            ## $s0 = 00000000
/* 00510 80B12E90 00E08825 */  or      $s1, $a3, $zero            ## $s1 = 00000000
/* 00514 80B12E94 00809025 */  or      $s2, $a0, $zero            ## $s2 = 00000000
/* 00518 80B12E98 AFBF0074 */  sw      $ra, 0x0074($sp)           
/* 0051C 80B12E9C AFBE0070 */  sw      $s8, 0x0070($sp)           
/* 00520 80B12EA0 AFB7006C */  sw      $s7, 0x006C($sp)           
/* 00524 80B12EA4 AFB60068 */  sw      $s6, 0x0068($sp)           
/* 00528 80B12EA8 AFB50064 */  sw      $s5, 0x0064($sp)           
/* 0052C 80B12EAC AFB40060 */  sw      $s4, 0x0060($sp)           
/* 00530 80B12EB0 AFB3005C */  sw      $s3, 0x005C($sp)           
/* 00534 80B12EB4 F7BE0048 */  sdc1    $f30, 0x0048($sp)          
/* 00538 80B12EB8 F7BC0040 */  sdc1    $f28, 0x0040($sp)          
/* 0053C 80B12EBC F7BA0038 */  sdc1    $f26, 0x0038($sp)          
/* 00540 80B12EC0 F7B80030 */  sdc1    $f24, 0x0030($sp)          
/* 00544 80B12EC4 F7B60028 */  sdc1    $f22, 0x0028($sp)          
/* 00548 80B12EC8 F7B40020 */  sdc1    $f20, 0x0020($sp)          
/* 0054C 80B12ECC AFA500B4 */  sw      $a1, 0x00B4($sp)           
/* 00550 80B12ED0 864400BE */  lh      $a0, 0x00BE($s2)           ## 000000BE
/* 00554 80B12ED4 0C06026B */  jal     func_801809AC              
/* 00558 80B12ED8 00002825 */  or      $a1, $zero, $zero          ## $a1 = 00000000
/* 0055C 80B12EDC 3C0480B1 */  lui     $a0, %hi(D_80B13FC4)       ## $a0 = 80B10000
/* 00560 80B12EE0 24843FC4 */  addiu   $a0, $a0, %lo(D_80B13FC4)  ## $a0 = 80B13FC4
/* 00564 80B12EE4 0C060717 */  jal     func_80181C5C              
/* 00568 80B12EE8 27A50094 */  addiu   $a1, $sp, 0x0094           ## $a1 = FFFFFFE4
/* 0056C 80B12EEC 3C0142C8 */  lui     $at, 0x42C8                ## $at = 42C80000
/* 00570 80B12EF0 44812000 */  mtc1    $at, $f4                   ## $f4 = 100.00
/* 00574 80B12EF4 02002025 */  or      $a0, $s0, $zero            ## $a0 = 00000000
/* 00578 80B12EF8 02202825 */  or      $a1, $s1, $zero            ## $a1 = 00000000
/* 0057C 80B12EFC 27A600A0 */  addiu   $a2, $sp, 0x00A0           ## $a2 = FFFFFFF0
/* 00580 80B12F00 0C2C4A94 */  jal     func_80B12A50              
/* 00584 80B12F04 E7A40098 */  swc1    $f4, 0x0098($sp)           
/* 00588 80B12F08 3C0180B1 */  lui     $at, %hi(D_80B13FD8)       ## $at = 80B10000
/* 0058C 80B12F0C C43E3FD8 */  lwc1    $f30, %lo(D_80B13FD8)($at) 
/* 00590 80B12F10 3C014208 */  lui     $at, 0x4208                ## $at = 42080000
/* 00594 80B12F14 4481E000 */  mtc1    $at, $f28                  ## $f28 = 34.00
/* 00598 80B12F18 3C0141C0 */  lui     $at, 0x41C0                ## $at = 41C00000
/* 0059C 80B12F1C 4481D000 */  mtc1    $at, $f26                  ## $f26 = 24.00
/* 005A0 80B12F20 3C01430C */  lui     $at, 0x430C                ## $at = 430C0000
/* 005A4 80B12F24 4481C000 */  mtc1    $at, $f24                  ## $f24 = 140.00
/* 005A8 80B12F28 3C013F00 */  lui     $at, 0x3F00                ## $at = 3F000000
/* 005AC 80B12F2C 3C1780B1 */  lui     $s7, %hi(D_80B13FA8)       ## $s7 = 80B10000
/* 005B0 80B12F30 3C16801D */  lui     $s6, 0x801D                ## $s6 = 801D0000
/* 005B4 80B12F34 4481B000 */  mtc1    $at, $f22                  ## $f22 = 0.50
/* 005B8 80B12F38 26D615B0 */  addiu   $s6, $s6, 0x15B0           ## $s6 = 801D15B0
/* 005BC 80B12F3C 26F73FA8 */  addiu   $s7, $s7, %lo(D_80B13FA8)  ## $s7 = 80B13FA8
/* 005C0 80B12F40 00008825 */  or      $s1, $zero, $zero          ## $s1 = 00000000
/* 005C4 80B12F44 241E000F */  addiu   $s8, $zero, 0x000F         ## $s8 = 0000000F
/* 005C8 80B12F48 27B50088 */  addiu   $s5, $sp, 0x0088           ## $s5 = FFFFFFD8
/* 005CC 80B12F4C 24140028 */  addiu   $s4, $zero, 0x0028         ## $s4 = 00000028
/* 005D0 80B12F50 2413002C */  addiu   $s3, $zero, 0x002C         ## $s3 = 0000002C
.L80B12F54:
/* 005D4 80B12F54 0C2C4B5E */  jal     func_80B12D78              
/* 005D8 80B12F58 02402025 */  or      $a0, $s2, $zero            ## $a0 = 00000000
/* 005DC 80B12F5C 00530019 */  multu   $v0, $s3                   
/* 005E0 80B12F60 00007012 */  mflo    $t6                        
/* 005E4 80B12F64 024E8021 */  addu    $s0, $s2, $t6              
/* 005E8 80B12F68 0C021BF7 */  jal     func_80086FDC              
/* 005EC 80B12F6C 26100240 */  addiu   $s0, $s0, 0x0240           ## $s0 = 00000240
/* 005F0 80B12F70 46160181 */  sub.s   $f6, $f0, $f22             
/* 005F4 80B12F74 0C021BF7 */  jal     func_80086FDC              
/* 005F8 80B12F78 E6060000 */  swc1    $f6, 0x0000($s0)           ## 00000240
/* 005FC 80B12F7C 0C021BF7 */  jal     func_80086FDC              
/* 00600 80B12F80 E6000004 */  swc1    $f0, 0x0004($s0)           ## 00000244
/* 00604 80B12F84 C60C0000 */  lwc1    $f12, 0x0000($s0)          ## 00000240
/* 00608 80B12F88 C60E0004 */  lwc1    $f14, 0x0004($s0)          ## 00000244
/* 0060C 80B12F8C 46160081 */  sub.s   $f2, $f0, $f22             
/* 00610 80B12F90 461A6202 */  mul.s   $f8, $f12, $f26            
/* 00614 80B12F94 3C014248 */  lui     $at, 0x4248                ## $at = 42480000
/* 00618 80B12F98 461C7282 */  mul.s   $f10, $f14, $f28           
/* 0061C 80B12F9C E6020008 */  swc1    $f2, 0x0008($s0)           ## 00000248
/* 00620 80B12FA0 461A1402 */  mul.s   $f16, $f2, $f26            
/* 00624 80B12FA4 E608000C */  swc1    $f8, 0x000C($s0)           ## 0000024C
/* 00628 80B12FA8 461E7201 */  sub.s   $f8, $f14, $f30            
/* 0062C 80B12FAC 46186482 */  mul.s   $f18, $f12, $f24           
/* 00630 80B12FB0 E60A0010 */  swc1    $f10, 0x0010($s0)          ## 00000250
/* 00634 80B12FB4 44815000 */  mtc1    $at, $f10                  ## $f10 = 50.00
/* 00638 80B12FB8 E6100014 */  swc1    $f16, 0x0014($s0)          ## 00000254
/* 0063C 80B12FBC C7A400A0 */  lwc1    $f4, 0x00A0($sp)           
/* 00640 80B12FC0 460A4402 */  mul.s   $f16, $f8, $f10            
/* 00644 80B12FC4 46049180 */  add.s   $f6, $f18, $f4             
/* 00648 80B12FC8 E6060000 */  swc1    $f6, 0x0000($s0)           ## 00000240
/* 0064C 80B12FCC C7B200A4 */  lwc1    $f18, 0x00A4($sp)          
/* 00650 80B12FD0 46181182 */  mul.s   $f6, $f2, $f24             
/* 00654 80B12FD4 46128100 */  add.s   $f4, $f16, $f18            
/* 00658 80B12FD8 E6040004 */  swc1    $f4, 0x0004($s0)           ## 00000244
/* 0065C 80B12FDC C7A800A8 */  lwc1    $f8, 0x00A8($sp)           
/* 00660 80B12FE0 46083280 */  add.s   $f10, $f6, $f8             
/* 00664 80B12FE4 0C021BF7 */  jal     func_80086FDC              
/* 00668 80B12FE8 E60A0008 */  swc1    $f10, 0x0008($s0)          ## 00000248
/* 0066C 80B12FEC 3C0180B1 */  lui     $at, %hi(D_80B13FDC)       ## $at = 80B10000
/* 00670 80B12FF0 C4303FDC */  lwc1    $f16, %lo(D_80B13FDC)($at) 
/* 00674 80B12FF4 3C0180B1 */  lui     $at, %hi(D_80B13FE0)       ## $at = 80B10000
/* 00678 80B12FF8 C4243FE0 */  lwc1    $f4, %lo(D_80B13FE0)($at)  
/* 0067C 80B12FFC 46100482 */  mul.s   $f18, $f0, $f16            
/* 00680 80B13000 46049180 */  add.s   $f6, $f18, $f4             
/* 00684 80B13004 0C021BE8 */  jal     func_80086FA0              
/* 00688 80B13008 E6060018 */  swc1    $f6, 0x0018($s0)           ## 00000258
/* 0068C 80B1300C 00027C02 */  srl     $t7, $v0, 16               
/* 00690 80B13010 0C021BE8 */  jal     func_80086FA0              
/* 00694 80B13014 A60F001C */  sh      $t7, 0x001C($s0)           ## 0000025C
/* 00698 80B13018 0002C402 */  srl     $t8, $v0, 16               
/* 0069C 80B1301C 0C021BE8 */  jal     func_80086FA0              
/* 006A0 80B13020 A618001E */  sh      $t8, 0x001E($s0)           ## 0000025E
/* 006A4 80B13024 0002CC02 */  srl     $t9, $v0, 16               
/* 006A8 80B13028 0C021BE8 */  jal     func_80086FA0              
/* 006AC 80B1302C A6190020 */  sh      $t9, 0x0020($s0)           ## 00000260
/* 006B0 80B13030 00024442 */  srl     $t0, $v0, 17               
/* 006B4 80B13034 2509C001 */  addiu   $t1, $t0, 0xC001           ## $t1 = FFFFC001
/* 006B8 80B13038 0C021BE8 */  jal     func_80086FA0              
/* 006BC 80B1303C A6090022 */  sh      $t1, 0x0022($s0)           ## 00000262
/* 006C0 80B13040 000254C2 */  srl     $t2, $v0, 19               
/* 006C4 80B13044 254BF001 */  addiu   $t3, $t2, 0xF001           ## $t3 = FFFFF001
/* 006C8 80B13048 0C021BE8 */  jal     func_80086FA0              
/* 006CC 80B1304C A60B0024 */  sh      $t3, 0x0024($s0)           ## 00000264
/* 006D0 80B13050 00026482 */  srl     $t4, $v0, 18               
/* 006D4 80B13054 258DE001 */  addiu   $t5, $t4, 0xE001           ## $t5 = FFFFE001
/* 006D8 80B13058 322E0001 */  andi    $t6, $s1, 0x0001           ## $t6 = 00000000
/* 006DC 80B1305C A60D0026 */  sh      $t5, 0x0026($s0)           ## 00000266
/* 006E0 80B13060 A2000029 */  sb      $zero, 0x0029($s0)         ## 00000269
/* 006E4 80B13064 11C0002D */  beq     $t6, $zero, .L80B1311C     
/* 006E8 80B13068 A2140028 */  sb      $s4, 0x0028($s0)           ## 00000268
/* 006EC 80B1306C 0C021BF7 */  jal     func_80086FDC              
/* 006F0 80B13070 00000000 */  nop
/* 006F4 80B13074 46160201 */  sub.s   $f8, $f0, $f22             
/* 006F8 80B13078 C7AA0094 */  lwc1    $f10, 0x0094($sp)          
/* 006FC 80B1307C C6120000 */  lwc1    $f18, 0x0000($s0)          ## 00000240
/* 00700 80B13080 460A4402 */  mul.s   $f16, $f8, $f10            
/* 00704 80B13084 46128100 */  add.s   $f4, $f16, $f18            
/* 00708 80B13088 0C021BF7 */  jal     func_80086FDC              
/* 0070C 80B1308C E7A40088 */  swc1    $f4, 0x0088($sp)           
/* 00710 80B13090 3C0180B1 */  lui     $at, %hi(D_80B13FE4)       ## $at = 80B10000
/* 00714 80B13094 C4263FE4 */  lwc1    $f6, %lo(D_80B13FE4)($at)  
/* 00718 80B13098 C7AA0098 */  lwc1    $f10, 0x0098($sp)          
/* 0071C 80B1309C C6120004 */  lwc1    $f18, 0x0004($s0)          ## 00000244
/* 00720 80B130A0 46060201 */  sub.s   $f8, $f0, $f6              
/* 00724 80B130A4 460A4402 */  mul.s   $f16, $f8, $f10            
/* 00728 80B130A8 46128100 */  add.s   $f4, $f16, $f18            
/* 0072C 80B130AC 0C021BF7 */  jal     func_80086FDC              
/* 00730 80B130B0 E7A4008C */  swc1    $f4, 0x008C($sp)           
/* 00734 80B130B4 46160181 */  sub.s   $f6, $f0, $f22             
/* 00738 80B130B8 C7A8009C */  lwc1    $f8, 0x009C($sp)           
/* 0073C 80B130BC C6100008 */  lwc1    $f16, 0x0008($s0)          ## 00000248
/* 00740 80B130C0 46083282 */  mul.s   $f10, $f6, $f8             
/* 00744 80B130C4 46105480 */  add.s   $f18, $f10, $f16           
/* 00748 80B130C8 0C021BF7 */  jal     func_80086FDC              
/* 0074C 80B130CC E7B20090 */  swc1    $f18, 0x0090($sp)          
/* 00750 80B130D0 0C021BF7 */  jal     func_80086FDC              
/* 00754 80B130D4 46000506 */  mov.s   $f20, $f0                  
/* 00758 80B130D8 3C014302 */  lui     $at, 0x4302                ## $at = 43020000
/* 0075C 80B130DC 44812000 */  mtc1    $at, $f4                   ## $f4 = 130.00
/* 00760 80B130E0 8FA400B4 */  lw      $a0, 0x00B4($sp)           
/* 00764 80B130E4 02A02825 */  or      $a1, $s5, $zero            ## $a1 = FFFFFFD8
/* 00768 80B130E8 4604A182 */  mul.s   $f6, $f20, $f4             
/* 0076C 80B130EC 02C03025 */  or      $a2, $s6, $zero            ## $a2 = 801D15B0
/* 00770 80B130F0 02E03825 */  or      $a3, $s7, $zero            ## $a3 = 80B13FA8
/* 00774 80B130F4 46180282 */  mul.s   $f10, $f0, $f24            
/* 00778 80B130F8 4600320D */  trunc.w.s $f8, $f6                   
/* 0077C 80B130FC 4600540D */  trunc.w.s $f16, $f10                 
/* 00780 80B13100 44184000 */  mfc1    $t8, $f8                   
/* 00784 80B13104 44098000 */  mfc1    $t1, $f16                  
/* 00788 80B13108 27190014 */  addiu   $t9, $t8, 0x0014           ## $t9 = 00000014
/* 0078C 80B1310C AFB90010 */  sw      $t9, 0x0010($sp)           
/* 00790 80B13110 252A003C */  addiu   $t2, $t1, 0x003C           ## $t2 = 0000003C
/* 00794 80B13114 0C02C484 */  jal     func_800B1210              
/* 00798 80B13118 AFAA0014 */  sw      $t2, 0x0014($sp)           
.L80B1311C:
/* 0079C 80B1311C 26310001 */  addiu   $s1, $s1, 0x0001           ## $s1 = 00000001
/* 007A0 80B13120 163EFF8C */  bne     $s1, $s8, .L80B12F54       
/* 007A4 80B13124 00000000 */  nop
/* 007A8 80B13128 8FBF0074 */  lw      $ra, 0x0074($sp)           
/* 007AC 80B1312C D7B40020 */  ldc1    $f20, 0x0020($sp)          
/* 007B0 80B13130 D7B60028 */  ldc1    $f22, 0x0028($sp)          
/* 007B4 80B13134 D7B80030 */  ldc1    $f24, 0x0030($sp)          
/* 007B8 80B13138 D7BA0038 */  ldc1    $f26, 0x0038($sp)          
/* 007BC 80B1313C D7BC0040 */  ldc1    $f28, 0x0040($sp)          
/* 007C0 80B13140 D7BE0048 */  ldc1    $f30, 0x0048($sp)          
/* 007C4 80B13144 8FB00050 */  lw      $s0, 0x0050($sp)           
/* 007C8 80B13148 8FB10054 */  lw      $s1, 0x0054($sp)           
/* 007CC 80B1314C 8FB20058 */  lw      $s2, 0x0058($sp)           
/* 007D0 80B13150 8FB3005C */  lw      $s3, 0x005C($sp)           
/* 007D4 80B13154 8FB40060 */  lw      $s4, 0x0060($sp)           
/* 007D8 80B13158 8FB50064 */  lw      $s5, 0x0064($sp)           
/* 007DC 80B1315C 8FB60068 */  lw      $s6, 0x0068($sp)           
/* 007E0 80B13160 8FB7006C */  lw      $s7, 0x006C($sp)           
/* 007E4 80B13164 8FBE0070 */  lw      $s8, 0x0070($sp)           
/* 007E8 80B13168 03E00008 */  jr      $ra                        
/* 007EC 80B1316C 27BD00B0 */  addiu   $sp, $sp, 0x00B0           ## $sp = 00000000


glabel func_80B13170
/* 007F0 80B13170 27BDFF58 */  addiu   $sp, $sp, 0xFF58           ## $sp = FFFFFF58
/* 007F4 80B13174 AFB20058 */  sw      $s2, 0x0058($sp)           
/* 007F8 80B13178 AFB00050 */  sw      $s0, 0x0050($sp)           
/* 007FC 80B1317C 00C08025 */  or      $s0, $a2, $zero            ## $s0 = 00000000
/* 00800 80B13180 00809025 */  or      $s2, $a0, $zero            ## $s2 = 00000000
/* 00804 80B13184 AFBF0074 */  sw      $ra, 0x0074($sp)           
/* 00808 80B13188 AFBE0070 */  sw      $s8, 0x0070($sp)           
/* 0080C 80B1318C AFB7006C */  sw      $s7, 0x006C($sp)           
/* 00810 80B13190 AFB60068 */  sw      $s6, 0x0068($sp)           
/* 00814 80B13194 AFB50064 */  sw      $s5, 0x0064($sp)           
/* 00818 80B13198 AFB40060 */  sw      $s4, 0x0060($sp)           
/* 0081C 80B1319C AFB3005C */  sw      $s3, 0x005C($sp)           
/* 00820 80B131A0 AFB10054 */  sw      $s1, 0x0054($sp)           
/* 00824 80B131A4 F7BE0048 */  sdc1    $f30, 0x0048($sp)          
/* 00828 80B131A8 F7BC0040 */  sdc1    $f28, 0x0040($sp)          
/* 0082C 80B131AC F7BA0038 */  sdc1    $f26, 0x0038($sp)          
/* 00830 80B131B0 F7B80030 */  sdc1    $f24, 0x0030($sp)          
/* 00834 80B131B4 F7B60028 */  sdc1    $f22, 0x0028($sp)          
/* 00838 80B131B8 F7B40020 */  sdc1    $f20, 0x0020($sp)          
/* 0083C 80B131BC AFA500AC */  sw      $a1, 0x00AC($sp)           
/* 00840 80B131C0 02002025 */  or      $a0, $s0, $zero            ## $a0 = 00000000
/* 00844 80B131C4 00E02825 */  or      $a1, $a3, $zero            ## $a1 = 00000000
/* 00848 80B131C8 0C2C4A94 */  jal     func_80B12A50              
/* 0084C 80B131CC 27A60098 */  addiu   $a2, $sp, 0x0098           ## $a2 = FFFFFFF0
/* 00850 80B131D0 3C01430C */  lui     $at, 0x430C                ## $at = 430C0000
/* 00854 80B131D4 4481F000 */  mtc1    $at, $f30                  ## $f30 = 140.00
/* 00858 80B131D8 3C014320 */  lui     $at, 0x4320                ## $at = 43200000
/* 0085C 80B131DC 4481E000 */  mtc1    $at, $f28                  ## $f28 = 160.00
/* 00860 80B131E0 3C0142A0 */  lui     $at, 0x42A0                ## $at = 42A00000
/* 00864 80B131E4 4481D000 */  mtc1    $at, $f26                  ## $f26 = 80.00
/* 00868 80B131E8 3C0141B8 */  lui     $at, 0x41B8                ## $at = 41B80000
/* 0086C 80B131EC 4481C000 */  mtc1    $at, $f24                  ## $f24 = 23.00
/* 00870 80B131F0 3C013F00 */  lui     $at, 0x3F00                ## $at = 3F000000
/* 00874 80B131F4 3C1E80B1 */  lui     $s8, %hi(D_80B13FA8)       ## $s8 = 80B10000
/* 00878 80B131F8 3C17801D */  lui     $s7, 0x801D                ## $s7 = 801D0000
/* 0087C 80B131FC 4481B000 */  mtc1    $at, $f22                  ## $f22 = 0.50
/* 00880 80B13200 26F715B0 */  addiu   $s7, $s7, 0x15B0           ## $s7 = 801D15B0
/* 00884 80B13204 27DE3FA8 */  addiu   $s8, $s8, %lo(D_80B13FA8)  ## $s8 = 80B13FA8
/* 00888 80B13208 00008825 */  or      $s1, $zero, $zero          ## $s1 = 00000000
/* 0088C 80B1320C 27B6008C */  addiu   $s6, $sp, 0x008C           ## $s6 = FFFFFFE4
/* 00890 80B13210 24150001 */  addiu   $s5, $zero, 0x0001         ## $s5 = 00000001
/* 00894 80B13214 24140028 */  addiu   $s4, $zero, 0x0028         ## $s4 = 00000028
/* 00898 80B13218 2413002C */  addiu   $s3, $zero, 0x002C         ## $s3 = 0000002C
.L80B1321C:
/* 0089C 80B1321C 0C2C4B5E */  jal     func_80B12D78              
/* 008A0 80B13220 02402025 */  or      $a0, $s2, $zero            ## $a0 = 00000000
/* 008A4 80B13224 00530019 */  multu   $v0, $s3                   
/* 008A8 80B13228 00007012 */  mflo    $t6                        
/* 008AC 80B1322C 024E8021 */  addu    $s0, $s2, $t6              
/* 008B0 80B13230 0C021BF7 */  jal     func_80086FDC              
/* 008B4 80B13234 26100240 */  addiu   $s0, $s0, 0x0240           ## $s0 = 00000240
/* 008B8 80B13238 46160101 */  sub.s   $f4, $f0, $f22             
/* 008BC 80B1323C 0C021BF7 */  jal     func_80086FDC              
/* 008C0 80B13240 E6040000 */  swc1    $f4, 0x0000($s0)           ## 00000240
/* 008C4 80B13244 0C021BF7 */  jal     func_80086FDC              
/* 008C8 80B13248 E6000004 */  swc1    $f0, 0x0004($s0)           ## 00000244
/* 008CC 80B1324C C60C0000 */  lwc1    $f12, 0x0000($s0)          ## 00000240
/* 008D0 80B13250 3C014198 */  lui     $at, 0x4198                ## $at = 41980000
/* 008D4 80B13254 44814000 */  mtc1    $at, $f8                   ## $f8 = 19.00
/* 008D8 80B13258 46186182 */  mul.s   $f6, $f12, $f24            
/* 008DC 80B1325C C60E0004 */  lwc1    $f14, 0x0004($s0)          ## 00000244
/* 008E0 80B13260 46160081 */  sub.s   $f2, $f0, $f22             
/* 008E4 80B13264 3C0140A0 */  lui     $at, 0x40A0                ## $at = 40A00000
/* 008E8 80B13268 46087282 */  mul.s   $f10, $f14, $f8            
/* 008EC 80B1326C 44818000 */  mtc1    $at, $f16                  ## $f16 = 5.00
/* 008F0 80B13270 E6020008 */  swc1    $f2, 0x0008($s0)           ## 00000248
/* 008F4 80B13274 46181102 */  mul.s   $f4, $f2, $f24             
/* 008F8 80B13278 E606000C */  swc1    $f6, 0x000C($s0)           ## 0000024C
/* 008FC 80B1327C 3C014170 */  lui     $at, 0x4170                ## $at = 41700000
/* 00900 80B13280 461A6182 */  mul.s   $f6, $f12, $f26            
/* 00904 80B13284 46105480 */  add.s   $f18, $f10, $f16           
/* 00908 80B13288 46187402 */  mul.s   $f16, $f14, $f24           
/* 0090C 80B1328C E6040014 */  swc1    $f4, 0x0014($s0)           ## 00000254
/* 00910 80B13290 E6120010 */  swc1    $f18, 0x0010($s0)          ## 00000250
/* 00914 80B13294 C7A80098 */  lwc1    $f8, 0x0098($sp)           
/* 00918 80B13298 46083280 */  add.s   $f10, $f6, $f8             
/* 0091C 80B1329C 44813000 */  mtc1    $at, $f6                   ## $f6 = 15.00
/* 00920 80B132A0 E60A0000 */  swc1    $f10, 0x0000($s0)          ## 00000240
/* 00924 80B132A4 C7B2009C */  lwc1    $f18, 0x009C($sp)          
/* 00928 80B132A8 461A1282 */  mul.s   $f10, $f2, $f26            
/* 0092C 80B132AC 46128100 */  add.s   $f4, $f16, $f18            
/* 00930 80B132B0 46062200 */  add.s   $f8, $f4, $f6              
/* 00934 80B132B4 E6080004 */  swc1    $f8, 0x0004($s0)           ## 00000244
/* 00938 80B132B8 C7B000A0 */  lwc1    $f16, 0x00A0($sp)          
/* 0093C 80B132BC 46105480 */  add.s   $f18, $f10, $f16           
/* 00940 80B132C0 0C021BE8 */  jal     func_80086FA0              
/* 00944 80B132C4 E6120008 */  swc1    $f18, 0x0008($s0)          ## 00000248
/* 00948 80B132C8 00027C02 */  srl     $t7, $v0, 16               
/* 0094C 80B132CC 0C021BE8 */  jal     func_80086FA0              
/* 00950 80B132D0 A60F001C */  sh      $t7, 0x001C($s0)           ## 0000025C
/* 00954 80B132D4 0002C402 */  srl     $t8, $v0, 16               
/* 00958 80B132D8 0C021BE8 */  jal     func_80086FA0              
/* 0095C 80B132DC A618001E */  sh      $t8, 0x001E($s0)           ## 0000025E
/* 00960 80B132E0 0002CC02 */  srl     $t9, $v0, 16               
/* 00964 80B132E4 0C021BE8 */  jal     func_80086FA0              
/* 00968 80B132E8 A6190020 */  sh      $t9, 0x0020($s0)           ## 00000260
/* 0096C 80B132EC 00024482 */  srl     $t0, $v0, 18               
/* 00970 80B132F0 2509E001 */  addiu   $t1, $t0, 0xE001           ## $t1 = FFFFE001
/* 00974 80B132F4 0C021BE8 */  jal     func_80086FA0              
/* 00978 80B132F8 A6090022 */  sh      $t1, 0x0022($s0)           ## 00000262
/* 0097C 80B132FC 000254C2 */  srl     $t2, $v0, 19               
/* 00980 80B13300 254BF001 */  addiu   $t3, $t2, 0xF001           ## $t3 = FFFFF001
/* 00984 80B13304 0C021BE8 */  jal     func_80086FA0              
/* 00988 80B13308 A60B0024 */  sh      $t3, 0x0024($s0)           ## 00000264
/* 0098C 80B1330C 00026482 */  srl     $t4, $v0, 18               
/* 00990 80B13310 258DE001 */  addiu   $t5, $t4, 0xE001           ## $t5 = FFFFE001
/* 00994 80B13314 2A210003 */  slti    $at, $s1, 0x0003           
/* 00998 80B13318 A60D0026 */  sh      $t5, 0x0026($s0)           ## 00000266
/* 0099C 80B1331C 1020000C */  beq     $at, $zero, .L80B13350     
/* 009A0 80B13320 A2140028 */  sb      $s4, 0x0028($s0)           ## 00000268
/* 009A4 80B13324 0C021BF7 */  jal     func_80086FDC              
/* 009A8 80B13328 00000000 */  nop
/* 009AC 80B1332C 3C0180B1 */  lui     $at, %hi(D_80B13FE8)       ## $at = 80B10000
/* 009B0 80B13330 C4243FE8 */  lwc1    $f4, %lo(D_80B13FE8)($at)  
/* 009B4 80B13334 3C0180B1 */  lui     $at, %hi(D_80B13FEC)       ## $at = 80B10000
/* 009B8 80B13338 C4283FEC */  lwc1    $f8, %lo(D_80B13FEC)($at)  
/* 009BC 80B1333C 46040182 */  mul.s   $f6, $f0, $f4              
/* 009C0 80B13340 A2150029 */  sb      $s5, 0x0029($s0)           ## 00000269
/* 009C4 80B13344 46083280 */  add.s   $f10, $f6, $f8             
/* 009C8 80B13348 1000000B */  beq     $zero, $zero, .L80B13378   
/* 009CC 80B1334C E60A0018 */  swc1    $f10, 0x0018($s0)          ## 00000258
.L80B13350:
/* 009D0 80B13350 0C021BF7 */  jal     func_80086FDC              
/* 009D4 80B13354 00000000 */  nop
/* 009D8 80B13358 3C0180B1 */  lui     $at, %hi(D_80B13FF0)       ## $at = 80B10000
/* 009DC 80B1335C C4303FF0 */  lwc1    $f16, %lo(D_80B13FF0)($at) 
/* 009E0 80B13360 3C0180B1 */  lui     $at, %hi(D_80B13FF4)       ## $at = 80B10000
/* 009E4 80B13364 C4243FF4 */  lwc1    $f4, %lo(D_80B13FF4)($at)  
/* 009E8 80B13368 46100482 */  mul.s   $f18, $f0, $f16            
/* 009EC 80B1336C A2000029 */  sb      $zero, 0x0029($s0)         ## 00000269
/* 009F0 80B13370 46049180 */  add.s   $f6, $f18, $f4             
/* 009F4 80B13374 E6060018 */  swc1    $f6, 0x0018($s0)           ## 00000258
.L80B13378:
/* 009F8 80B13378 322E0001 */  andi    $t6, $s1, 0x0001           ## $t6 = 00000000
/* 009FC 80B1337C 51C00028 */  beql    $t6, $zero, .L80B13420     
/* 00A00 80B13380 26310001 */  addiu   $s1, $s1, 0x0001           ## $s1 = 00000001
/* 00A04 80B13384 0C021BF7 */  jal     func_80086FDC              
/* 00A08 80B13388 00000000 */  nop
/* 00A0C 80B1338C 46160201 */  sub.s   $f8, $f0, $f22             
/* 00A10 80B13390 C6100000 */  lwc1    $f16, 0x0000($s0)          ## 00000240
/* 00A14 80B13394 461C4282 */  mul.s   $f10, $f8, $f28            
/* 00A18 80B13398 46105480 */  add.s   $f18, $f10, $f16           
/* 00A1C 80B1339C 0C021BF7 */  jal     func_80086FDC              
/* 00A20 80B133A0 E7B2008C */  swc1    $f18, 0x008C($sp)          
/* 00A24 80B133A4 3C0142F0 */  lui     $at, 0x42F0                ## $at = 42F00000
/* 00A28 80B133A8 44812000 */  mtc1    $at, $f4                   ## $f4 = 120.00
/* 00A2C 80B133AC C6080004 */  lwc1    $f8, 0x0004($s0)           ## 00000244
/* 00A30 80B133B0 46040182 */  mul.s   $f6, $f0, $f4              
/* 00A34 80B133B4 46083280 */  add.s   $f10, $f6, $f8             
/* 00A38 80B133B8 0C021BF7 */  jal     func_80086FDC              
/* 00A3C 80B133BC E7AA0090 */  swc1    $f10, 0x0090($sp)          
/* 00A40 80B133C0 46160401 */  sub.s   $f16, $f0, $f22            
/* 00A44 80B133C4 C6040008 */  lwc1    $f4, 0x0008($s0)           ## 00000248
/* 00A48 80B133C8 461C8482 */  mul.s   $f18, $f16, $f28           
/* 00A4C 80B133CC 46049180 */  add.s   $f6, $f18, $f4             
/* 00A50 80B133D0 0C021BF7 */  jal     func_80086FDC              
/* 00A54 80B133D4 E7A60094 */  swc1    $f6, 0x0094($sp)           
/* 00A58 80B133D8 0C021BF7 */  jal     func_80086FDC              
/* 00A5C 80B133DC 46000506 */  mov.s   $f20, $f0                  
/* 00A60 80B133E0 461EA202 */  mul.s   $f8, $f20, $f30            
/* 00A64 80B133E4 8FA400AC */  lw      $a0, 0x00AC($sp)           
/* 00A68 80B133E8 02C02825 */  or      $a1, $s6, $zero            ## $a1 = FFFFFFE4
/* 00A6C 80B133EC 461E0402 */  mul.s   $f16, $f0, $f30            
/* 00A70 80B133F0 02E03025 */  or      $a2, $s7, $zero            ## $a2 = 801D15B0
/* 00A74 80B133F4 03C03825 */  or      $a3, $s8, $zero            ## $a3 = 80B13FA8
/* 00A78 80B133F8 4600428D */  trunc.w.s $f10, $f8                  
/* 00A7C 80B133FC 4600848D */  trunc.w.s $f18, $f16                 
/* 00A80 80B13400 44185000 */  mfc1    $t8, $f10                  
/* 00A84 80B13404 44099000 */  mfc1    $t1, $f18                  
/* 00A88 80B13408 27190014 */  addiu   $t9, $t8, 0x0014           ## $t9 = 00000014
/* 00A8C 80B1340C AFB90010 */  sw      $t9, 0x0010($sp)           
/* 00A90 80B13410 252A0028 */  addiu   $t2, $t1, 0x0028           ## $t2 = 00000028
/* 00A94 80B13414 0C02C484 */  jal     func_800B1210              
/* 00A98 80B13418 AFAA0014 */  sw      $t2, 0x0014($sp)           
/* 00A9C 80B1341C 26310001 */  addiu   $s1, $s1, 0x0001           ## $s1 = 00000002
.L80B13420:
/* 00AA0 80B13420 2401000B */  addiu   $at, $zero, 0x000B         ## $at = 0000000B
/* 00AA4 80B13424 1621FF7D */  bne     $s1, $at, .L80B1321C       
/* 00AA8 80B13428 00000000 */  nop
/* 00AAC 80B1342C 8FBF0074 */  lw      $ra, 0x0074($sp)           
/* 00AB0 80B13430 D7B40020 */  ldc1    $f20, 0x0020($sp)          
/* 00AB4 80B13434 D7B60028 */  ldc1    $f22, 0x0028($sp)          
/* 00AB8 80B13438 D7B80030 */  ldc1    $f24, 0x0030($sp)          
/* 00ABC 80B1343C D7BA0038 */  ldc1    $f26, 0x0038($sp)          
/* 00AC0 80B13440 D7BC0040 */  ldc1    $f28, 0x0040($sp)          
/* 00AC4 80B13444 D7BE0048 */  ldc1    $f30, 0x0048($sp)          
/* 00AC8 80B13448 8FB00050 */  lw      $s0, 0x0050($sp)           
/* 00ACC 80B1344C 8FB10054 */  lw      $s1, 0x0054($sp)           
/* 00AD0 80B13450 8FB20058 */  lw      $s2, 0x0058($sp)           
/* 00AD4 80B13454 8FB3005C */  lw      $s3, 0x005C($sp)           
/* 00AD8 80B13458 8FB40060 */  lw      $s4, 0x0060($sp)           
/* 00ADC 80B1345C 8FB50064 */  lw      $s5, 0x0064($sp)           
/* 00AE0 80B13460 8FB60068 */  lw      $s6, 0x0068($sp)           
/* 00AE4 80B13464 8FB7006C */  lw      $s7, 0x006C($sp)           
/* 00AE8 80B13468 8FBE0070 */  lw      $s8, 0x0070($sp)           
/* 00AEC 80B1346C 03E00008 */  jr      $ra                        
/* 00AF0 80B13470 27BD00A8 */  addiu   $sp, $sp, 0x00A8           ## $sp = 00000000


glabel func_80B13474
/* 00AF4 80B13474 27BDFF68 */  addiu   $sp, $sp, 0xFF68           ## $sp = FFFFFF68
/* 00AF8 80B13478 AFB40060 */  sw      $s4, 0x0060($sp)           
/* 00AFC 80B1347C AFB3005C */  sw      $s3, 0x005C($sp)           
/* 00B00 80B13480 AFB20058 */  sw      $s2, 0x0058($sp)           
/* 00B04 80B13484 00C09025 */  or      $s2, $a2, $zero            ## $s2 = 00000000
/* 00B08 80B13488 00809825 */  or      $s3, $a0, $zero            ## $s3 = 00000000
/* 00B0C 80B1348C 00A0A025 */  or      $s4, $a1, $zero            ## $s4 = 00000000
/* 00B10 80B13490 AFBF0074 */  sw      $ra, 0x0074($sp)           
/* 00B14 80B13494 AFBE0070 */  sw      $s8, 0x0070($sp)           
/* 00B18 80B13498 AFB7006C */  sw      $s7, 0x006C($sp)           
/* 00B1C 80B1349C AFB60068 */  sw      $s6, 0x0068($sp)           
/* 00B20 80B134A0 AFB50064 */  sw      $s5, 0x0064($sp)           
/* 00B24 80B134A4 AFB10054 */  sw      $s1, 0x0054($sp)           
/* 00B28 80B134A8 AFB00050 */  sw      $s0, 0x0050($sp)           
/* 00B2C 80B134AC F7BE0048 */  sdc1    $f30, 0x0048($sp)          
/* 00B30 80B134B0 F7BC0040 */  sdc1    $f28, 0x0040($sp)          
/* 00B34 80B134B4 F7BA0038 */  sdc1    $f26, 0x0038($sp)          
/* 00B38 80B134B8 F7B80030 */  sdc1    $f24, 0x0030($sp)          
/* 00B3C 80B134BC F7B60028 */  sdc1    $f22, 0x0028($sp)          
/* 00B40 80B134C0 F7B40020 */  sdc1    $f20, 0x0020($sp)          
/* 00B44 80B134C4 3C01420C */  lui     $at, 0x420C                ## $at = 420C0000
/* 00B48 80B134C8 4481F000 */  mtc1    $at, $f30                  ## $f30 = 35.00
/* 00B4C 80B134CC 3C01428C */  lui     $at, 0x428C                ## $at = 428C0000
/* 00B50 80B134D0 4481E000 */  mtc1    $at, $f28                  ## $f28 = 70.00
/* 00B54 80B134D4 3C014220 */  lui     $at, 0x4220                ## $at = 42200000
/* 00B58 80B134D8 4481D000 */  mtc1    $at, $f26                  ## $f26 = 40.00
/* 00B5C 80B134DC 3C014190 */  lui     $at, 0x4190                ## $at = 41900000
/* 00B60 80B134E0 4481C000 */  mtc1    $at, $f24                  ## $f24 = 18.00
/* 00B64 80B134E4 3C013F00 */  lui     $at, 0x3F00                ## $at = 3F000000
/* 00B68 80B134E8 3C1E801D */  lui     $s8, 0x801D                ## $s8 = 801D0000
/* 00B6C 80B134EC 4481B000 */  mtc1    $at, $f22                  ## $f22 = 0.50
/* 00B70 80B134F0 27DE15B0 */  addiu   $s8, $s8, 0x15B0           ## $s8 = 801D15B0
/* 00B74 80B134F4 00008825 */  or      $s1, $zero, $zero          ## $s1 = 00000000
/* 00B78 80B134F8 27B70088 */  addiu   $s7, $sp, 0x0088           ## $s7 = FFFFFFF0
/* 00B7C 80B134FC 24160028 */  addiu   $s6, $zero, 0x0028         ## $s6 = 00000028
/* 00B80 80B13500 2415002C */  addiu   $s5, $zero, 0x002C         ## $s5 = 0000002C
.L80B13504:
/* 00B84 80B13504 0C2C4B5E */  jal     func_80B12D78              
/* 00B88 80B13508 02602025 */  or      $a0, $s3, $zero            ## $a0 = 00000000
/* 00B8C 80B1350C 00550019 */  multu   $v0, $s5                   
/* 00B90 80B13510 00007012 */  mflo    $t6                        
/* 00B94 80B13514 026E8021 */  addu    $s0, $s3, $t6              
/* 00B98 80B13518 0C021BF7 */  jal     func_80086FDC              
/* 00B9C 80B1351C 26100240 */  addiu   $s0, $s0, 0x0240           ## $s0 = 00000240
/* 00BA0 80B13520 46160101 */  sub.s   $f4, $f0, $f22             
/* 00BA4 80B13524 0C021BF7 */  jal     func_80086FDC              
/* 00BA8 80B13528 E6040000 */  swc1    $f4, 0x0000($s0)           ## 00000240
/* 00BAC 80B1352C 0C021BF7 */  jal     func_80086FDC              
/* 00BB0 80B13530 E6000004 */  swc1    $f0, 0x0004($s0)           ## 00000244
/* 00BB4 80B13534 C60C0000 */  lwc1    $f12, 0x0000($s0)          ## 00000240
/* 00BB8 80B13538 3C0141B8 */  lui     $at, 0x41B8                ## $at = 41B80000
/* 00BBC 80B1353C 44814000 */  mtc1    $at, $f8                   ## $f8 = 23.00
/* 00BC0 80B13540 46186182 */  mul.s   $f6, $f12, $f24            
/* 00BC4 80B13544 C60E0004 */  lwc1    $f14, 0x0004($s0)          ## 00000244
/* 00BC8 80B13548 46160081 */  sub.s   $f2, $f0, $f22             
/* 00BCC 80B1354C 3C0180B1 */  lui     $at, %hi(D_80B13FF8)       ## $at = 80B10000
/* 00BD0 80B13550 46087282 */  mul.s   $f10, $f14, $f8            
/* 00BD4 80B13554 E6020008 */  swc1    $f2, 0x0008($s0)           ## 00000248
/* 00BD8 80B13558 46181402 */  mul.s   $f16, $f2, $f24            
/* 00BDC 80B1355C E606000C */  swc1    $f6, 0x000C($s0)           ## 0000024C
/* 00BE0 80B13560 461A6482 */  mul.s   $f18, $f12, $f26           
/* 00BE4 80B13564 E60A0010 */  swc1    $f10, 0x0010($s0)          ## 00000250
/* 00BE8 80B13568 E6100014 */  swc1    $f16, 0x0014($s0)          ## 00000254
/* 00BEC 80B1356C C6440000 */  lwc1    $f4, 0x0000($s2)           ## 00000000
/* 00BF0 80B13570 46049180 */  add.s   $f6, $f18, $f4             
/* 00BF4 80B13574 E6060000 */  swc1    $f6, 0x0000($s0)           ## 00000240
/* 00BF8 80B13578 C4283FF8 */  lwc1    $f8, %lo(D_80B13FF8)($at)  
/* 00BFC 80B1357C 3C0141A0 */  lui     $at, 0x41A0                ## $at = 41A00000
/* 00C00 80B13580 44818000 */  mtc1    $at, $f16                  ## $f16 = 20.00
/* 00C04 80B13584 46087281 */  sub.s   $f10, $f14, $f8            
/* 00C08 80B13588 C6440004 */  lwc1    $f4, 0x0004($s2)           ## 00000004
/* 00C0C 80B1358C 46105482 */  mul.s   $f18, $f10, $f16           
/* 00C10 80B13590 46049180 */  add.s   $f6, $f18, $f4             
/* 00C14 80B13594 461A1202 */  mul.s   $f8, $f2, $f26             
/* 00C18 80B13598 E6060004 */  swc1    $f6, 0x0004($s0)           ## 00000244
/* 00C1C 80B1359C C64A0008 */  lwc1    $f10, 0x0008($s2)          ## 00000008
/* 00C20 80B135A0 460A4400 */  add.s   $f16, $f8, $f10            
/* 00C24 80B135A4 0C021BE8 */  jal     func_80086FA0              
/* 00C28 80B135A8 E6100008 */  swc1    $f16, 0x0008($s0)          ## 00000248
/* 00C2C 80B135AC 00027C02 */  srl     $t7, $v0, 16               
/* 00C30 80B135B0 0C021BE8 */  jal     func_80086FA0              
/* 00C34 80B135B4 A60F001C */  sh      $t7, 0x001C($s0)           ## 0000025C
/* 00C38 80B135B8 0002C402 */  srl     $t8, $v0, 16               
/* 00C3C 80B135BC 0C021BE8 */  jal     func_80086FA0              
/* 00C40 80B135C0 A618001E */  sh      $t8, 0x001E($s0)           ## 0000025E
/* 00C44 80B135C4 0002CC02 */  srl     $t9, $v0, 16               
/* 00C48 80B135C8 0C021BE8 */  jal     func_80086FA0              
/* 00C4C 80B135CC A6190020 */  sh      $t9, 0x0020($s0)           ## 00000260
/* 00C50 80B135D0 00024482 */  srl     $t0, $v0, 18               
/* 00C54 80B135D4 2509E001 */  addiu   $t1, $t0, 0xE001           ## $t1 = FFFFE001
/* 00C58 80B135D8 0C021BE8 */  jal     func_80086FA0              
/* 00C5C 80B135DC A6090022 */  sh      $t1, 0x0022($s0)           ## 00000262
/* 00C60 80B135E0 000254C2 */  srl     $t2, $v0, 19               
/* 00C64 80B135E4 254BF001 */  addiu   $t3, $t2, 0xF001           ## $t3 = FFFFF001
/* 00C68 80B135E8 0C021BE8 */  jal     func_80086FA0              
/* 00C6C 80B135EC A60B0024 */  sh      $t3, 0x0024($s0)           ## 00000264
/* 00C70 80B135F0 00026482 */  srl     $t4, $v0, 18               
/* 00C74 80B135F4 258DE001 */  addiu   $t5, $t4, 0xE001           ## $t5 = FFFFE001
/* 00C78 80B135F8 A60D0026 */  sh      $t5, 0x0026($s0)           ## 00000266
/* 00C7C 80B135FC 0C021BF7 */  jal     func_80086FDC              
/* 00C80 80B13600 A2160028 */  sb      $s6, 0x0028($s0)           ## 00000268
/* 00C84 80B13604 3C0180B1 */  lui     $at, %hi(D_80B13FFC)       ## $at = 80B10000
/* 00C88 80B13608 C4323FFC */  lwc1    $f18, %lo(D_80B13FFC)($at) 
/* 00C8C 80B1360C 3C0180B1 */  lui     $at, %hi(D_80B14000)       ## $at = 80B10000
/* 00C90 80B13610 C4264000 */  lwc1    $f6, %lo(D_80B14000)($at)  
/* 00C94 80B13614 46120102 */  mul.s   $f4, $f0, $f18             
/* 00C98 80B13618 A2000029 */  sb      $zero, 0x0029($s0)         ## 00000269
/* 00C9C 80B1361C 46062200 */  add.s   $f8, $f4, $f6              
/* 00CA0 80B13620 0C021BF7 */  jal     func_80086FDC              
/* 00CA4 80B13624 E6080018 */  swc1    $f8, 0x0018($s0)           ## 00000258
/* 00CA8 80B13628 461C0282 */  mul.s   $f10, $f0, $f28            
/* 00CAC 80B1362C C6120000 */  lwc1    $f18, 0x0000($s0)          ## 00000240
/* 00CB0 80B13630 461E5401 */  sub.s   $f16, $f10, $f30           
/* 00CB4 80B13634 46128100 */  add.s   $f4, $f16, $f18            
/* 00CB8 80B13638 0C021BF7 */  jal     func_80086FDC              
/* 00CBC 80B1363C E7A40088 */  swc1    $f4, 0x0088($sp)           
/* 00CC0 80B13640 3C014270 */  lui     $at, 0x4270                ## $at = 42700000
/* 00CC4 80B13644 44813000 */  mtc1    $at, $f6                   ## $f6 = 60.00
/* 00CC8 80B13648 C60A0004 */  lwc1    $f10, 0x0004($s0)          ## 00000244
/* 00CCC 80B1364C 46060202 */  mul.s   $f8, $f0, $f6              
/* 00CD0 80B13650 460A4400 */  add.s   $f16, $f8, $f10            
/* 00CD4 80B13654 0C021BF7 */  jal     func_80086FDC              
/* 00CD8 80B13658 E7B0008C */  swc1    $f16, 0x008C($sp)          
/* 00CDC 80B1365C 461C0482 */  mul.s   $f18, $f0, $f28            
/* 00CE0 80B13660 C6060008 */  lwc1    $f6, 0x0008($s0)           ## 00000248
/* 00CE4 80B13664 461E9101 */  sub.s   $f4, $f18, $f30            
/* 00CE8 80B13668 46062200 */  add.s   $f8, $f4, $f6              
/* 00CEC 80B1366C 0C021BF7 */  jal     func_80086FDC              
/* 00CF0 80B13670 E7A80090 */  swc1    $f8, 0x0090($sp)           
/* 00CF4 80B13674 0C021BF7 */  jal     func_80086FDC              
/* 00CF8 80B13678 46000506 */  mov.s   $f20, $f0                  
/* 00CFC 80B1367C 3C0142A0 */  lui     $at, 0x42A0                ## $at = 42A00000
/* 00D00 80B13680 44815000 */  mtc1    $at, $f10                  ## $f10 = 80.00
/* 00D04 80B13684 3C0142B4 */  lui     $at, 0x42B4                ## $at = 42B40000
/* 00D08 80B13688 44812000 */  mtc1    $at, $f4                   ## $f4 = 90.00
/* 00D0C 80B1368C 460AA402 */  mul.s   $f16, $f20, $f10           
/* 00D10 80B13690 3C0780B1 */  lui     $a3, %hi(D_80B13FA8)       ## $a3 = 80B10000
/* 00D14 80B13694 24E73FA8 */  addiu   $a3, $a3, %lo(D_80B13FA8)  ## $a3 = 80B13FA8
/* 00D18 80B13698 46040182 */  mul.s   $f6, $f0, $f4              
/* 00D1C 80B1369C 02802025 */  or      $a0, $s4, $zero            ## $a0 = 00000000
/* 00D20 80B136A0 02E02825 */  or      $a1, $s7, $zero            ## $a1 = FFFFFFF0
/* 00D24 80B136A4 03C03025 */  or      $a2, $s8, $zero            ## $a2 = 801D15B0
/* 00D28 80B136A8 4600848D */  trunc.w.s $f18, $f16                 
/* 00D2C 80B136AC 4600320D */  trunc.w.s $f8, $f6                   
/* 00D30 80B136B0 440F9000 */  mfc1    $t7, $f18                  
/* 00D34 80B136B4 44084000 */  mfc1    $t0, $f8                   
/* 00D38 80B136B8 25F80014 */  addiu   $t8, $t7, 0x0014           ## $t8 = 00000014
/* 00D3C 80B136BC AFB80010 */  sw      $t8, 0x0010($sp)           
/* 00D40 80B136C0 25090028 */  addiu   $t1, $t0, 0x0028           ## $t1 = 00000028
/* 00D44 80B136C4 0C02C484 */  jal     func_800B1210              
/* 00D48 80B136C8 AFA90014 */  sw      $t1, 0x0014($sp)           
/* 00D4C 80B136CC 26310001 */  addiu   $s1, $s1, 0x0001           ## $s1 = 00000001
/* 00D50 80B136D0 24010005 */  addiu   $at, $zero, 0x0005         ## $at = 00000005
/* 00D54 80B136D4 1621FF8B */  bne     $s1, $at, .L80B13504       
/* 00D58 80B136D8 00000000 */  nop
/* 00D5C 80B136DC 8FBF0074 */  lw      $ra, 0x0074($sp)           
/* 00D60 80B136E0 D7B40020 */  ldc1    $f20, 0x0020($sp)          
/* 00D64 80B136E4 D7B60028 */  ldc1    $f22, 0x0028($sp)          
/* 00D68 80B136E8 D7B80030 */  ldc1    $f24, 0x0030($sp)          
/* 00D6C 80B136EC D7BA0038 */  ldc1    $f26, 0x0038($sp)          
/* 00D70 80B136F0 D7BC0040 */  ldc1    $f28, 0x0040($sp)          
/* 00D74 80B136F4 D7BE0048 */  ldc1    $f30, 0x0048($sp)          
/* 00D78 80B136F8 8FB00050 */  lw      $s0, 0x0050($sp)           
/* 00D7C 80B136FC 8FB10054 */  lw      $s1, 0x0054($sp)           
/* 00D80 80B13700 8FB20058 */  lw      $s2, 0x0058($sp)           
/* 00D84 80B13704 8FB3005C */  lw      $s3, 0x005C($sp)           
/* 00D88 80B13708 8FB40060 */  lw      $s4, 0x0060($sp)           
/* 00D8C 80B1370C 8FB50064 */  lw      $s5, 0x0064($sp)           
/* 00D90 80B13710 8FB60068 */  lw      $s6, 0x0068($sp)           
/* 00D94 80B13714 8FB7006C */  lw      $s7, 0x006C($sp)           
/* 00D98 80B13718 8FBE0070 */  lw      $s8, 0x0070($sp)           
/* 00D9C 80B1371C 03E00008 */  jr      $ra                        
/* 00DA0 80B13720 27BD0098 */  addiu   $sp, $sp, 0x0098           ## $sp = 00000000


glabel func_80B13724
/* 00DA4 80B13724 27BDFF70 */  addiu   $sp, $sp, 0xFF70           ## $sp = FFFFFF70
/* 00DA8 80B13728 AFB30050 */  sw      $s3, 0x0050($sp)           
/* 00DAC 80B1372C AFB2004C */  sw      $s2, 0x004C($sp)           
/* 00DB0 80B13730 00809025 */  or      $s2, $a0, $zero            ## $s2 = 00000000
/* 00DB4 80B13734 00A09825 */  or      $s3, $a1, $zero            ## $s3 = 00000000
/* 00DB8 80B13738 AFBF0064 */  sw      $ra, 0x0064($sp)           
/* 00DBC 80B1373C AFB70060 */  sw      $s7, 0x0060($sp)           
/* 00DC0 80B13740 AFB6005C */  sw      $s6, 0x005C($sp)           
/* 00DC4 80B13744 AFB50058 */  sw      $s5, 0x0058($sp)           
/* 00DC8 80B13748 AFB40054 */  sw      $s4, 0x0054($sp)           
/* 00DCC 80B1374C AFB10048 */  sw      $s1, 0x0048($sp)           
/* 00DD0 80B13750 AFB00044 */  sw      $s0, 0x0044($sp)           
/* 00DD4 80B13754 F7BC0038 */  sdc1    $f28, 0x0038($sp)          
/* 00DD8 80B13758 F7BA0030 */  sdc1    $f26, 0x0030($sp)          
/* 00DDC 80B1375C F7B80028 */  sdc1    $f24, 0x0028($sp)          
/* 00DE0 80B13760 F7B60020 */  sdc1    $f22, 0x0020($sp)          
/* 00DE4 80B13764 F7B40018 */  sdc1    $f20, 0x0018($sp)          
/* 00DE8 80B13768 3C014396 */  lui     $at, 0x4396                ## $at = 43960000
/* 00DEC 80B1376C 44813000 */  mtc1    $at, $f6                   ## $f6 = 300.00
/* 00DF0 80B13770 3C0180B1 */  lui     $at, %hi(D_80B14004)       ## $at = 80B10000
/* 00DF4 80B13774 C43C4004 */  lwc1    $f28, %lo(D_80B14004)($at) 
/* 00DF8 80B13778 3C0141A0 */  lui     $at, 0x41A0                ## $at = 41A00000
/* 00DFC 80B1377C 4481D000 */  mtc1    $at, $f26                  ## $f26 = 20.00
/* 00E00 80B13780 C644000C */  lwc1    $f4, 0x000C($s2)           ## 0000000C
/* 00E04 80B13784 3C0180B1 */  lui     $at, %hi(D_80B14008)       ## $at = 80B10000
/* 00E08 80B13788 C4384008 */  lwc1    $f24, %lo(D_80B14008)($at) 
/* 00E0C 80B1378C 3C0180B1 */  lui     $at, %hi(D_80B1400C)       ## $at = 80B10000
/* 00E10 80B13790 C436400C */  lwc1    $f22, %lo(D_80B1400C)($at) 
/* 00E14 80B13794 00008825 */  or      $s1, $zero, $zero          ## $s1 = 00000000
/* 00E18 80B13798 26500240 */  addiu   $s0, $s2, 0x0240           ## $s0 = 00000240
/* 00E1C 80B1379C 27B7006C */  addiu   $s7, $sp, 0x006C           ## $s7 = FFFFFFDC
/* 00E20 80B137A0 27B60080 */  addiu   $s6, $sp, 0x0080           ## $s6 = FFFFFFF0
/* 00E24 80B137A4 24150064 */  addiu   $s5, $zero, 0x0064         ## $s5 = 00000064
/* 00E28 80B137A8 27B40070 */  addiu   $s4, $sp, 0x0070           ## $s4 = FFFFFFE0
/* 00E2C 80B137AC 46062501 */  sub.s   $f20, $f4, $f6             
.L80B137B0:
/* 00E30 80B137B0 820E0028 */  lb      $t6, 0x0028($s0)           ## 00000268
/* 00E34 80B137B4 59C00042 */  blezl   $t6, .L80B138C0            
/* 00E38 80B137B8 26310001 */  addiu   $s1, $s1, 0x0001           ## $s1 = 00000001
/* 00E3C 80B137BC C6080010 */  lwc1    $f8, 0x0010($s0)           ## 00000250
/* 00E40 80B137C0 4405C000 */  mfc1    $a1, $f24                  
/* 00E44 80B137C4 2604000C */  addiu   $a0, $s0, 0x000C           ## $a0 = 0000024C
/* 00E48 80B137C8 46164281 */  sub.s   $f10, $f8, $f22            
/* 00E4C 80B137CC 0C03FDA2 */  jal     func_800FF688              
/* 00E50 80B137D0 E60A0010 */  swc1    $f10, 0x0010($s0)          ## 00000250
/* 00E54 80B137D4 C6060004 */  lwc1    $f6, 0x0004($s0)           ## 00000244
/* 00E58 80B137D8 C6080010 */  lwc1    $f8, 0x0010($s0)           ## 00000250
/* 00E5C 80B137DC C6100000 */  lwc1    $f16, 0x0000($s0)          ## 00000240
/* 00E60 80B137E0 C612000C */  lwc1    $f18, 0x000C($s0)          ## 0000024C
/* 00E64 80B137E4 46083280 */  add.s   $f10, $f6, $f8             
/* 00E68 80B137E8 46128100 */  add.s   $f4, $f16, $f18            
/* 00E6C 80B137EC E60A0004 */  swc1    $f10, 0x0004($s0)          ## 00000244
/* 00E70 80B137F0 C6060004 */  lwc1    $f6, 0x0004($s0)           ## 00000244
/* 00E74 80B137F4 C6120014 */  lwc1    $f18, 0x0014($s0)          ## 00000254
/* 00E78 80B137F8 C6100008 */  lwc1    $f16, 0x0008($s0)          ## 00000248
/* 00E7C 80B137FC 4614303C */  c.lt.s  $f6, $f20                  
/* 00E80 80B13800 E6040000 */  swc1    $f4, 0x0000($s0)           ## 00000240
/* 00E84 80B13804 46128100 */  add.s   $f4, $f16, $f18            
/* 00E88 80B13808 45000003 */  bc1f    .L80B13818                 
/* 00E8C 80B1380C E6040008 */  swc1    $f4, 0x0008($s0)           ## 00000248
/* 00E90 80B13810 1000002A */  beq     $zero, $zero, .L80B138BC   
/* 00E94 80B13814 A2000028 */  sb      $zero, 0x0028($s0)         ## 00000268
.L80B13818:
/* 00E98 80B13818 860F001C */  lh      $t7, 0x001C($s0)           ## 0000025C
/* 00E9C 80B1381C 86180022 */  lh      $t8, 0x0022($s0)           ## 00000262
/* 00EA0 80B13820 8608001E */  lh      $t0, 0x001E($s0)           ## 0000025E
/* 00EA4 80B13824 86090024 */  lh      $t1, 0x0024($s0)           ## 00000264
/* 00EA8 80B13828 01F8C821 */  addu    $t9, $t7, $t8              
/* 00EAC 80B1382C 860B0020 */  lh      $t3, 0x0020($s0)           ## 00000260
/* 00EB0 80B13830 860C0026 */  lh      $t4, 0x0026($s0)           ## 00000266
/* 00EB4 80B13834 820E0028 */  lb      $t6, 0x0028($s0)           ## 00000268
/* 00EB8 80B13838 92180029 */  lbu     $t8, 0x0029($s0)           ## 00000269
/* 00EBC 80B1383C A619001C */  sh      $t9, 0x001C($s0)           ## 0000025C
/* 00EC0 80B13840 01095021 */  addu    $t2, $t0, $t1              
/* 00EC4 80B13844 016C6821 */  addu    $t5, $t3, $t4              
/* 00EC8 80B13848 25CFFFFF */  addiu   $t7, $t6, 0xFFFF           ## $t7 = FFFFFFFF
/* 00ECC 80B1384C 33190001 */  andi    $t9, $t8, 0x0001           ## $t9 = 00000000
/* 00ED0 80B13850 A60A001E */  sh      $t2, 0x001E($s0)           ## 0000025E
/* 00ED4 80B13854 A60D0020 */  sh      $t5, 0x0020($s0)           ## 00000260
/* 00ED8 80B13858 13200018 */  beq     $t9, $zero, .L80B138BC     
/* 00EDC 80B1385C A20F0028 */  sb      $t7, 0x0028($s0)           ## 00000268
/* 00EE0 80B13860 26640830 */  addiu   $a0, $s3, 0x0830           ## $a0 = 00000830
/* 00EE4 80B13864 02C02825 */  or      $a1, $s6, $zero            ## $a1 = FFFFFFF0
/* 00EE8 80B13868 02E03025 */  or      $a2, $s7, $zero            ## $a2 = FFFFFFDC
/* 00EEC 80B1386C 02403825 */  or      $a3, $s2, $zero            ## $a3 = 00000000
/* 00EF0 80B13870 0C031047 */  jal     func_800C411C              
/* 00EF4 80B13874 AFB00010 */  sw      $s0, 0x0010($sp)           
/* 00EF8 80B13878 C6080004 */  lwc1    $f8, 0x0004($s0)           ## 00000244
/* 00EFC 80B1387C 461A4281 */  sub.s   $f10, $f8, $f26            
/* 00F00 80B13880 4600503C */  c.lt.s  $f10, $f0                  
/* 00F04 80B13884 00000000 */  nop
/* 00F08 80B13888 4502000D */  bc1fl   .L80B138C0                 
/* 00F0C 80B1388C 26310001 */  addiu   $s1, $s1, 0x0001           ## $s1 = 00000002
/* 00F10 80B13890 4600E03C */  c.lt.s  $f28, $f0                  
/* 00F14 80B13894 02802025 */  or      $a0, $s4, $zero            ## $a0 = FFFFFFE0
/* 00F18 80B13898 45020009 */  bc1fl   .L80B138C0                 
/* 00F1C 80B1389C 26310001 */  addiu   $s1, $s1, 0x0001           ## $s1 = 00000003
/* 00F20 80B138A0 0C03FD43 */  jal     func_800FF50C              
/* 00F24 80B138A4 02002825 */  or      $a1, $s0, $zero            ## $a1 = 00000240
/* 00F28 80B138A8 A2000028 */  sb      $zero, 0x0028($s0)         ## 00000268
/* 00F2C 80B138AC 02402025 */  or      $a0, $s2, $zero            ## $a0 = 00000000
/* 00F30 80B138B0 02602825 */  or      $a1, $s3, $zero            ## $a1 = 00000000
/* 00F34 80B138B4 0C2C4D1D */  jal     func_80B13474              
/* 00F38 80B138B8 02803025 */  or      $a2, $s4, $zero            ## $a2 = FFFFFFE0
.L80B138BC:
/* 00F3C 80B138BC 26310001 */  addiu   $s1, $s1, 0x0001           ## $s1 = 00000004
.L80B138C0:
/* 00F40 80B138C0 1635FFBB */  bne     $s1, $s5, .L80B137B0       
/* 00F44 80B138C4 2610002C */  addiu   $s0, $s0, 0x002C           ## $s0 = 0000026C
/* 00F48 80B138C8 8FBF0064 */  lw      $ra, 0x0064($sp)           
/* 00F4C 80B138CC D7B40018 */  ldc1    $f20, 0x0018($sp)          
/* 00F50 80B138D0 D7B60020 */  ldc1    $f22, 0x0020($sp)          
/* 00F54 80B138D4 D7B80028 */  ldc1    $f24, 0x0028($sp)          
/* 00F58 80B138D8 D7BA0030 */  ldc1    $f26, 0x0030($sp)          
/* 00F5C 80B138DC D7BC0038 */  ldc1    $f28, 0x0038($sp)          
/* 00F60 80B138E0 8FB00044 */  lw      $s0, 0x0044($sp)           
/* 00F64 80B138E4 8FB10048 */  lw      $s1, 0x0048($sp)           
/* 00F68 80B138E8 8FB2004C */  lw      $s2, 0x004C($sp)           
/* 00F6C 80B138EC 8FB30050 */  lw      $s3, 0x0050($sp)           
/* 00F70 80B138F0 8FB40054 */  lw      $s4, 0x0054($sp)           
/* 00F74 80B138F4 8FB50058 */  lw      $s5, 0x0058($sp)           
/* 00F78 80B138F8 8FB6005C */  lw      $s6, 0x005C($sp)           
/* 00F7C 80B138FC 8FB70060 */  lw      $s7, 0x0060($sp)           
/* 00F80 80B13900 03E00008 */  jr      $ra                        
/* 00F84 80B13904 27BD0090 */  addiu   $sp, $sp, 0x0090           ## $sp = 00000000


glabel func_80B13908
/* 00F88 80B13908 3C0E80B1 */  lui     $t6, %hi(func_80B1391C)    ## $t6 = 80B10000
/* 00F8C 80B1390C 25CE391C */  addiu   $t6, $t6, %lo(func_80B1391C) ## $t6 = 80B1391C
/* 00F90 80B13910 AC8E015C */  sw      $t6, 0x015C($a0)           ## 0000015C
/* 00F94 80B13914 03E00008 */  jr      $ra                        
/* 00F98 80B13918 00000000 */  nop


glabel func_80B1391C
/* 00F9C 80B1391C AFA40000 */  sw      $a0, 0x0000($sp)           
/* 00FA0 80B13920 AFA50004 */  sw      $a1, 0x0004($sp)           
/* 00FA4 80B13924 03E00008 */  jr      $ra                        
/* 00FA8 80B13928 00000000 */  nop


glabel func_80B1392C
/* 00FAC 80B1392C 3C0E80B1 */  lui     $t6, %hi(func_80B13940)    ## $t6 = 80B10000
/* 00FB0 80B13930 25CE3940 */  addiu   $t6, $t6, %lo(func_80B13940) ## $t6 = 80B13940
/* 00FB4 80B13934 AC8E015C */  sw      $t6, 0x015C($a0)           ## 0000015C
/* 00FB8 80B13938 03E00008 */  jr      $ra                        
/* 00FBC 80B1393C 00000000 */  nop


glabel func_80B13940
/* 00FC0 80B13940 27BDFFD8 */  addiu   $sp, $sp, 0xFFD8           ## $sp = FFFFFFD8
/* 00FC4 80B13944 AFB00018 */  sw      $s0, 0x0018($sp)           
/* 00FC8 80B13948 00808025 */  or      $s0, $a0, $zero            ## $s0 = 00000000
/* 00FCC 80B1394C AFBF001C */  sw      $ra, 0x001C($sp)           
/* 00FD0 80B13950 AFA5002C */  sw      $a1, 0x002C($sp)           
/* 00FD4 80B13954 AFA00020 */  sw      $zero, 0x0020($sp)         
/* 00FD8 80B13958 8605001C */  lh      $a1, 0x001C($s0)           ## 0000001C
/* 00FDC 80B1395C 8FA4002C */  lw      $a0, 0x002C($sp)           
/* 00FE0 80B13960 0C02D6EC */  jal     func_800B5BB0              
/* 00FE4 80B13964 30A5007F */  andi    $a1, $a1, 0x007F           ## $a1 = 00000000
/* 00FE8 80B13968 10400005 */  beq     $v0, $zero, .L80B13980     
/* 00FEC 80B1396C 240E0001 */  addiu   $t6, $zero, 0x0001         ## $t6 = 00000001
/* 00FF0 80B13970 AFAE0020 */  sw      $t6, 0x0020($sp)           
/* 00FF4 80B13974 02002025 */  or      $a0, $s0, $zero            ## $a0 = 00000000
/* 00FF8 80B13978 0C02E3B2 */  jal     func_800B8EC8              
/* 00FFC 80B1397C 2405283E */  addiu   $a1, $zero, 0x283E         ## $a1 = 0000283E
.L80B13980:
/* 01000 80B13980 8FAF0020 */  lw      $t7, 0x0020($sp)           
/* 01004 80B13984 51E00010 */  beql    $t7, $zero, .L80B139C8     
/* 01008 80B13988 8FBF001C */  lw      $ra, 0x001C($sp)           
/* 0100C 80B1398C 0C2C4AA2 */  jal     func_80B12A88              
/* 01010 80B13990 02002025 */  or      $a0, $s0, $zero            ## $a0 = 00000000
/* 01014 80B13994 8FA4002C */  lw      $a0, 0x002C($sp)           
/* 01018 80B13998 8E060144 */  lw      $a2, 0x0144($s0)           ## 00000144
/* 0101C 80B1399C 0C0318AF */  jal     func_800C62BC              
/* 01020 80B139A0 24850880 */  addiu   $a1, $a0, 0x0880           ## $a1 = 00000880
/* 01024 80B139A4 8E190004 */  lw      $t9, 0x0004($s0)           ## 00000004
/* 01028 80B139A8 3C1880B1 */  lui     $t8, %hi(func_80B13C08)    ## $t8 = 80B10000
/* 0102C 80B139AC 27183C08 */  addiu   $t8, $t8, %lo(func_80B13C08) ## $t8 = 80B13C08
/* 01030 80B139B0 37280020 */  ori     $t0, $t9, 0x0020           ## $t0 = 00000020
/* 01034 80B139B4 AE18013C */  sw      $t8, 0x013C($s0)           ## 0000013C
/* 01038 80B139B8 AE080004 */  sw      $t0, 0x0004($s0)           ## 00000004
/* 0103C 80B139BC 0C2C4E76 */  jal     func_80B139D8              
/* 01040 80B139C0 02002025 */  or      $a0, $s0, $zero            ## $a0 = 00000000
/* 01044 80B139C4 8FBF001C */  lw      $ra, 0x001C($sp)           
.L80B139C8:
/* 01048 80B139C8 8FB00018 */  lw      $s0, 0x0018($sp)           
/* 0104C 80B139CC 27BD0028 */  addiu   $sp, $sp, 0x0028           ## $sp = 00000000
/* 01050 80B139D0 03E00008 */  jr      $ra                        
/* 01054 80B139D4 00000000 */  nop


glabel func_80B139D8
/* 01058 80B139D8 3C0F80B1 */  lui     $t7, %hi(func_80B139F4)    ## $t7 = 80B10000
/* 0105C 80B139DC 240E0078 */  addiu   $t6, $zero, 0x0078         ## $t6 = 00000078
/* 01060 80B139E0 25EF39F4 */  addiu   $t7, $t7, %lo(func_80B139F4) ## $t7 = 80B139F4
/* 01064 80B139E4 A48E1370 */  sh      $t6, 0x1370($a0)           ## 00001370
/* 01068 80B139E8 AC8F015C */  sw      $t7, 0x015C($a0)           ## 0000015C
/* 0106C 80B139EC 03E00008 */  jr      $ra                        
/* 01070 80B139F0 00000000 */  nop


glabel func_80B139F4
/* 01074 80B139F4 27BDFFD8 */  addiu   $sp, $sp, 0xFFD8           ## $sp = FFFFFFD8
/* 01078 80B139F8 AFB10020 */  sw      $s1, 0x0020($sp)           
/* 0107C 80B139FC 00808825 */  or      $s1, $a0, $zero            ## $s1 = 00000000
/* 01080 80B13A00 AFBF0024 */  sw      $ra, 0x0024($sp)           
/* 01084 80B13A04 AFB0001C */  sw      $s0, 0x001C($sp)           
/* 01088 80B13A08 AFA5002C */  sw      $a1, 0x002C($sp)           
/* 0108C 80B13A0C 8FAE002C */  lw      $t6, 0x002C($sp)           
/* 01090 80B13A10 86231370 */  lh      $v1, 0x1370($s1)           ## 00001370
/* 01094 80B13A14 24010075 */  addiu   $at, $zero, 0x0075         ## $at = 00000075
/* 01098 80B13A18 85CF0810 */  lh      $t7, 0x0810($t6)           ## 00000810
/* 0109C 80B13A1C 24050003 */  addiu   $a1, $zero, 0x0003         ## $a1 = 00000003
/* 010A0 80B13A20 000FC080 */  sll     $t8, $t7,  2               
/* 010A4 80B13A24 01D8C821 */  addu    $t9, $t6, $t8              
/* 010A8 80B13A28 14610016 */  bne     $v1, $at, .L80B13A84       
/* 010AC 80B13A2C 8F260800 */  lw      $a2, 0x0800($t9)           ## 00000800
/* 010B0 80B13A30 0C04AAA7 */  jal     func_8012AA9C              
/* 010B4 80B13A34 00C02025 */  or      $a0, $a2, $zero            ## $a0 = 00000000
/* 010B8 80B13A38 00028400 */  sll     $s0, $v0, 16               
/* 010BC 80B13A3C 00022400 */  sll     $a0, $v0, 16               
/* 010C0 80B13A40 00108403 */  sra     $s0, $s0, 16               
/* 010C4 80B13A44 00042403 */  sra     $a0, $a0, 16               
/* 010C8 80B13A48 0C04AA2A */  jal     func_8012A8A8              
/* 010CC 80B13A4C 24054E20 */  addiu   $a1, $zero, 0x4E20         ## $a1 = 00004E20
/* 010D0 80B13A50 00102400 */  sll     $a0, $s0, 16               
/* 010D4 80B13A54 00042403 */  sra     $a0, $a0, 16               
/* 010D8 80B13A58 24050008 */  addiu   $a1, $zero, 0x0008         ## $a1 = 00000008
/* 010DC 80B13A5C 00003025 */  or      $a2, $zero, $zero          ## $a2 = 00000000
/* 010E0 80B13A60 00003825 */  or      $a3, $zero, $zero          ## $a3 = 00000000
/* 010E4 80B13A64 0C04AA5E */  jal     func_8012A978              
/* 010E8 80B13A68 AFA00010 */  sw      $zero, 0x0010($sp)         
/* 010EC 80B13A6C 00102400 */  sll     $a0, $s0, 16               
/* 010F0 80B13A70 00042403 */  sra     $a0, $a0, 16               
/* 010F4 80B13A74 0C04AA3C */  jal     func_8012A8F0              
/* 010F8 80B13A78 24050011 */  addiu   $a1, $zero, 0x0011         ## $a1 = 00000011
/* 010FC 80B13A7C 10000030 */  beq     $zero, $zero, .L80B13B40   
/* 01100 80B13A80 86231370 */  lh      $v1, 0x1370($s1)           ## 00001370
.L80B13A84:
/* 01104 80B13A84 24010069 */  addiu   $at, $zero, 0x0069         ## $at = 00000069
/* 01108 80B13A88 14610016 */  bne     $v1, $at, .L80B13AE4       
/* 0110C 80B13A8C 00C02025 */  or      $a0, $a2, $zero            ## $a0 = 00000000
/* 01110 80B13A90 0C04AAA7 */  jal     func_8012AA9C              
/* 01114 80B13A94 24050003 */  addiu   $a1, $zero, 0x0003         ## $a1 = 00000003
/* 01118 80B13A98 00028400 */  sll     $s0, $v0, 16               
/* 0111C 80B13A9C 00022400 */  sll     $a0, $v0, 16               
/* 01120 80B13AA0 00108403 */  sra     $s0, $s0, 16               
/* 01124 80B13AA4 00042403 */  sra     $a0, $a0, 16               
/* 01128 80B13AA8 0C04AA2A */  jal     func_8012A8A8              
/* 0112C 80B13AAC 24054E20 */  addiu   $a1, $zero, 0x4E20         ## $a1 = 00004E20
/* 01130 80B13AB0 00102400 */  sll     $a0, $s0, 16               
/* 01134 80B13AB4 00042403 */  sra     $a0, $a0, 16               
/* 01138 80B13AB8 24050007 */  addiu   $a1, $zero, 0x0007         ## $a1 = 00000007
/* 0113C 80B13ABC 00003025 */  or      $a2, $zero, $zero          ## $a2 = 00000000
/* 01140 80B13AC0 00003825 */  or      $a3, $zero, $zero          ## $a3 = 00000000
/* 01144 80B13AC4 0C04AA5E */  jal     func_8012A978              
/* 01148 80B13AC8 AFA00010 */  sw      $zero, 0x0010($sp)         
/* 0114C 80B13ACC 00102400 */  sll     $a0, $s0, 16               
/* 01150 80B13AD0 00042403 */  sra     $a0, $a0, 16               
/* 01154 80B13AD4 0C04AA3C */  jal     func_8012A8F0              
/* 01158 80B13AD8 24050014 */  addiu   $a1, $zero, 0x0014         ## $a1 = 00000014
/* 0115C 80B13ADC 10000018 */  beq     $zero, $zero, .L80B13B40   
/* 01160 80B13AE0 86231370 */  lh      $v1, 0x1370($s1)           ## 00001370
.L80B13AE4:
/* 01164 80B13AE4 2401005A */  addiu   $at, $zero, 0x005A         ## $at = 0000005A
/* 01168 80B13AE8 14610015 */  bne     $v1, $at, .L80B13B40       
/* 0116C 80B13AEC 00C02025 */  or      $a0, $a2, $zero            ## $a0 = 00000000
/* 01170 80B13AF0 0C04AAA7 */  jal     func_8012AA9C              
/* 01174 80B13AF4 24050003 */  addiu   $a1, $zero, 0x0003         ## $a1 = 00000003
/* 01178 80B13AF8 00028400 */  sll     $s0, $v0, 16               
/* 0117C 80B13AFC 00022400 */  sll     $a0, $v0, 16               
/* 01180 80B13B00 00108403 */  sra     $s0, $s0, 16               
/* 01184 80B13B04 00042403 */  sra     $a0, $a0, 16               
/* 01188 80B13B08 0C04AA2A */  jal     func_8012A8A8              
/* 0118C 80B13B0C 24054E20 */  addiu   $a1, $zero, 0x4E20         ## $a1 = 00004E20
/* 01190 80B13B10 00102400 */  sll     $a0, $s0, 16               
/* 01194 80B13B14 00042403 */  sra     $a0, $a0, 16               
/* 01198 80B13B18 24050005 */  addiu   $a1, $zero, 0x0005         ## $a1 = 00000005
/* 0119C 80B13B1C 00003025 */  or      $a2, $zero, $zero          ## $a2 = 00000000
/* 011A0 80B13B20 00003825 */  or      $a3, $zero, $zero          ## $a3 = 00000000
/* 011A4 80B13B24 0C04AA5E */  jal     func_8012A978              
/* 011A8 80B13B28 AFA00010 */  sw      $zero, 0x0010($sp)         
/* 011AC 80B13B2C 00102400 */  sll     $a0, $s0, 16               
/* 011B0 80B13B30 00042403 */  sra     $a0, $a0, 16               
/* 011B4 80B13B34 0C04AA3C */  jal     func_8012A8F0              
/* 011B8 80B13B38 2405003E */  addiu   $a1, $zero, 0x003E         ## $a1 = 0000003E
/* 011BC 80B13B3C 86231370 */  lh      $v1, 0x1370($s1)           ## 00001370
.L80B13B40:
/* 011C0 80B13B40 2468FFFF */  addiu   $t0, $v1, 0xFFFF           ## $t0 = FFFFFFFF
/* 011C4 80B13B44 A6281370 */  sh      $t0, 0x1370($s1)           ## 00001370
/* 011C8 80B13B48 86291370 */  lh      $t1, 0x1370($s1)           ## 00001370
/* 011CC 80B13B4C 3C0A80B1 */  lui     $t2, %hi(func_80B13E40)    ## $t2 = 80B10000
/* 011D0 80B13B50 254A3E40 */  addiu   $t2, $t2, %lo(func_80B13E40) ## $t2 = 80B13E40
/* 011D4 80B13B54 1D20000D */  bgtz    $t1, .L80B13B8C            
/* 011D8 80B13B58 02202025 */  or      $a0, $s1, $zero            ## $a0 = 00000000
/* 011DC 80B13B5C 8E2B0004 */  lw      $t3, 0x0004($s1)           ## 00000004
/* 011E0 80B13B60 2401FFDF */  addiu   $at, $zero, 0xFFDF         ## $at = FFFFFFDF
/* 011E4 80B13B64 AE2A013C */  sw      $t2, 0x013C($s1)           ## 0000013C
/* 011E8 80B13B68 01616024 */  and     $t4, $t3, $at              
/* 011EC 80B13B6C 2401FFEF */  addiu   $at, $zero, 0xFFEF         ## $at = FFFFFFEF
/* 011F0 80B13B70 AE2C0004 */  sw      $t4, 0x0004($s1)           ## 00000004
/* 011F4 80B13B74 01817824 */  and     $t7, $t4, $at              
/* 011F8 80B13B78 AE2F0004 */  sw      $t7, 0x0004($s1)           ## 00000004
/* 011FC 80B13B7C 0C2C4E42 */  jal     func_80B13908              
/* 01200 80B13B80 02202025 */  or      $a0, $s1, $zero            ## $a0 = 00000000
/* 01204 80B13B84 10000007 */  beq     $zero, $zero, .L80B13BA4   
/* 01208 80B13B88 8FBF0024 */  lw      $ra, 0x0024($sp)           
.L80B13B8C:
/* 0120C 80B13B8C 0C2C4ACE */  jal     func_80B12B38              
/* 01210 80B13B90 8FA5002C */  lw      $a1, 0x002C($sp)           
/* 01214 80B13B94 02202025 */  or      $a0, $s1, $zero            ## $a0 = 00000000
/* 01218 80B13B98 0C2C4DC9 */  jal     func_80B13724              
/* 0121C 80B13B9C 8FA5002C */  lw      $a1, 0x002C($sp)           
/* 01220 80B13BA0 8FBF0024 */  lw      $ra, 0x0024($sp)           
.L80B13BA4:
/* 01224 80B13BA4 8FB0001C */  lw      $s0, 0x001C($sp)           
/* 01228 80B13BA8 8FB10020 */  lw      $s1, 0x0020($sp)           
/* 0122C 80B13BAC 03E00008 */  jr      $ra                        
/* 01230 80B13BB0 27BD0028 */  addiu   $sp, $sp, 0x0028           ## $sp = 00000000


glabel func_80B13BB4
/* 01234 80B13BB4 27BDFFE8 */  addiu   $sp, $sp, 0xFFE8           ## $sp = FFFFFFE8
/* 01238 80B13BB8 AFBF0014 */  sw      $ra, 0x0014($sp)           
/* 0123C 80B13BBC 8C99015C */  lw      $t9, 0x015C($a0)           ## 0000015C
/* 01240 80B13BC0 0320F809 */  jalr    $ra, $t9                   
/* 01244 80B13BC4 00000000 */  nop
/* 01248 80B13BC8 8FBF0014 */  lw      $ra, 0x0014($sp)           
/* 0124C 80B13BCC 27BD0018 */  addiu   $sp, $sp, 0x0018           ## $sp = 00000000
/* 01250 80B13BD0 03E00008 */  jr      $ra                        
/* 01254 80B13BD4 00000000 */  nop


glabel func_80B13BD8
/* 01258 80B13BD8 27BDFFE8 */  addiu   $sp, $sp, 0xFFE8           ## $sp = FFFFFFE8
/* 0125C 80B13BDC AFBF0014 */  sw      $ra, 0x0014($sp)           
/* 01260 80B13BE0 AFA40018 */  sw      $a0, 0x0018($sp)           
/* 01264 80B13BE4 00A03025 */  or      $a2, $a1, $zero            ## $a2 = 00000000
/* 01268 80B13BE8 3C050600 */  lui     $a1, 0x0600                ## $a1 = 06000000
/* 0126C 80B13BEC 24A55A78 */  addiu   $a1, $a1, 0x5A78           ## $a1 = 06005A78
/* 01270 80B13BF0 0C02F7F0 */  jal     func_800BDFC0              
/* 01274 80B13BF4 00C02025 */  or      $a0, $a2, $zero            ## $a0 = 00000000
/* 01278 80B13BF8 8FBF0014 */  lw      $ra, 0x0014($sp)           
/* 0127C 80B13BFC 27BD0018 */  addiu   $sp, $sp, 0x0018           ## $sp = 00000000
/* 01280 80B13C00 03E00008 */  jr      $ra                        
/* 01284 80B13C04 00000000 */  nop


glabel func_80B13C08
/* 01288 80B13C08 27BDFFB8 */  addiu   $sp, $sp, 0xFFB8           ## $sp = FFFFFFB8
/* 0128C 80B13C0C AFBE0040 */  sw      $s8, 0x0040($sp)           
/* 01290 80B13C10 AFB60038 */  sw      $s6, 0x0038($sp)           
/* 01294 80B13C14 0080B025 */  or      $s6, $a0, $zero            ## $s6 = 00000000
/* 01298 80B13C18 00A0F025 */  or      $s8, $a1, $zero            ## $s8 = 00000000
/* 0129C 80B13C1C AFBF0044 */  sw      $ra, 0x0044($sp)           
/* 012A0 80B13C20 AFB7003C */  sw      $s7, 0x003C($sp)           
/* 012A4 80B13C24 AFB50034 */  sw      $s5, 0x0034($sp)           
/* 012A8 80B13C28 AFB40030 */  sw      $s4, 0x0030($sp)           
/* 012AC 80B13C2C AFB3002C */  sw      $s3, 0x002C($sp)           
/* 012B0 80B13C30 AFB20028 */  sw      $s2, 0x0028($sp)           
/* 012B4 80B13C34 AFB10024 */  sw      $s1, 0x0024($sp)           
/* 012B8 80B13C38 AFB00020 */  sw      $s0, 0x0020($sp)           
/* 012BC 80B13C3C F7B40018 */  sdc1    $f20, 0x0018($sp)          
/* 012C0 80B13C40 8FC40000 */  lw      $a0, 0x0000($s8)           ## 00000000
/* 012C4 80B13C44 0C04B0A3 */  jal     func_8012C28C              
/* 012C8 80B13C48 00809825 */  or      $s3, $a0, $zero            ## $s3 = 00000000
/* 012CC 80B13C4C 3C17DA38 */  lui     $s7, 0xDA38                ## $s7 = DA380000
/* 012D0 80B13C50 36F70003 */  ori     $s7, $s7, 0x0003           ## $s7 = DA380003
/* 012D4 80B13C54 8E6202B0 */  lw      $v0, 0x02B0($s3)           ## 000002B0
/* 012D8 80B13C58 244E0008 */  addiu   $t6, $v0, 0x0008           ## $t6 = 00000008
/* 012DC 80B13C5C AE6E02B0 */  sw      $t6, 0x02B0($s3)           ## 000002B0
/* 012E0 80B13C60 AC570000 */  sw      $s7, 0x0000($v0)           ## 00000000
/* 012E4 80B13C64 8FC40000 */  lw      $a0, 0x0000($s8)           ## 00000000
/* 012E8 80B13C68 0C060690 */  jal     func_80181A40              
/* 012EC 80B13C6C 00408025 */  or      $s0, $v0, $zero            ## $s0 = 00000000
/* 012F0 80B13C70 AE020004 */  sw      $v0, 0x0004($s0)           ## 00000004
/* 012F4 80B13C74 3C15DE00 */  lui     $s5, 0xDE00                ## $s5 = DE000000
/* 012F8 80B13C78 8E6202B0 */  lw      $v0, 0x02B0($s3)           ## 000002B0
/* 012FC 80B13C7C 3C180600 */  lui     $t8, 0x0600                ## $t8 = 06000000
/* 01300 80B13C80 27184928 */  addiu   $t8, $t8, 0x4928           ## $t8 = 06004928
/* 01304 80B13C84 244F0008 */  addiu   $t7, $v0, 0x0008           ## $t7 = 00000008
/* 01308 80B13C88 AE6F02B0 */  sw      $t7, 0x02B0($s3)           ## 000002B0
/* 0130C 80B13C8C AC580004 */  sw      $t8, 0x0004($v0)           ## 00000004
/* 01310 80B13C90 AC550000 */  sw      $s5, 0x0000($v0)           ## 00000000
/* 01314 80B13C94 3C1080B1 */  lui     $s0, %hi(D_80B13E90)       ## $s0 = 80B10000
/* 01318 80B13C98 3C0180B1 */  lui     $at, %hi(D_80B14010)       ## $at = 80B10000
/* 0131C 80B13C9C C4344010 */  lwc1    $f20, %lo(D_80B14010)($at) 
/* 01320 80B13CA0 26103E90 */  addiu   $s0, $s0, %lo(D_80B13E90)  ## $s0 = 80B13E90
/* 01324 80B13CA4 0000A025 */  or      $s4, $zero, $zero          ## $s4 = 00000000
/* 01328 80B13CA8 26D10160 */  addiu   $s1, $s6, 0x0160           ## $s1 = 00000160
.L80B13CAC:
/* 0132C 80B13CAC 8239001E */  lb      $t9, 0x001E($s1)           ## 0000017E
/* 01330 80B13CB0 07220031 */  bltzl   $t9, .L80B13D78            
/* 01334 80B13CB4 26940001 */  addiu   $s4, $s4, 0x0001           ## $s4 = 00000001
/* 01338 80B13CB8 C6240000 */  lwc1    $f4, 0x0000($s1)           ## 00000160
/* 0133C 80B13CBC C6060008 */  lwc1    $f6, 0x0008($s0)           ## 80B13E98
/* 01340 80B13CC0 C6300008 */  lwc1    $f16, 0x0008($s1)          ## 00000168
/* 01344 80B13CC4 C6120010 */  lwc1    $f18, 0x0010($s0)          ## 80B13EA0
/* 01348 80B13CC8 46062300 */  add.s   $f12, $f4, $f6             
/* 0134C 80B13CCC C6280004 */  lwc1    $f8, 0x0004($s1)           ## 00000164
/* 01350 80B13CD0 C60A000C */  lwc1    $f10, 0x000C($s0)          ## 80B13E9C
/* 01354 80B13CD4 46128100 */  add.s   $f4, $f16, $f18            
/* 01358 80B13CD8 26270018 */  addiu   $a3, $s1, 0x0018           ## $a3 = 00000178
/* 0135C 80B13CDC 460A4380 */  add.s   $f14, $f8, $f10            
/* 01360 80B13CE0 44062000 */  mfc1    $a2, $f4                   
/* 01364 80B13CE4 0C060594 */  jal     func_80181650              
/* 01368 80B13CE8 00000000 */  nop
/* 0136C 80B13CEC C6060010 */  lwc1    $f6, 0x0010($s0)           ## 80B13EA0
/* 01370 80B13CF0 C60C0008 */  lwc1    $f12, 0x0008($s0)          ## 80B13E98
/* 01374 80B13CF4 C60E000C */  lwc1    $f14, 0x000C($s0)          ## 80B13E9C
/* 01378 80B13CF8 46003207 */  neg.s   $f8, $f6                   
/* 0137C 80B13CFC 24070001 */  addiu   $a3, $zero, 0x0001         ## $a3 = 00000001
/* 01380 80B13D00 44064000 */  mfc1    $a2, $f8                   
/* 01384 80B13D04 46006307 */  neg.s   $f12, $f12                 
/* 01388 80B13D08 0C0600A7 */  jal     func_8018029C              
/* 0138C 80B13D0C 46007387 */  neg.s   $f14, $f14                 
/* 01390 80B13D10 4406A000 */  mfc1    $a2, $f20                  
/* 01394 80B13D14 4600A306 */  mov.s   $f12, $f20                 
/* 01398 80B13D18 4600A386 */  mov.s   $f14, $f20                 
/* 0139C 80B13D1C 0C0600E7 */  jal     func_8018039C              
/* 013A0 80B13D20 24070001 */  addiu   $a3, $zero, 0x0001         ## $a3 = 00000001
/* 013A4 80B13D24 8E6202B0 */  lw      $v0, 0x02B0($s3)           ## 000002B0
/* 013A8 80B13D28 24480008 */  addiu   $t0, $v0, 0x0008           ## $t0 = 00000008
/* 013AC 80B13D2C AE6802B0 */  sw      $t0, 0x02B0($s3)           ## 000002B0
/* 013B0 80B13D30 AC570000 */  sw      $s7, 0x0000($v0)           ## 00000000
/* 013B4 80B13D34 8FC40000 */  lw      $a0, 0x0000($s8)           ## 00000000
/* 013B8 80B13D38 0C060690 */  jal     func_80181A40              
/* 013BC 80B13D3C 00409025 */  or      $s2, $v0, $zero            ## $s2 = 00000000
/* 013C0 80B13D40 AE420004 */  sw      $v0, 0x0004($s2)           ## 00000004
/* 013C4 80B13D44 8E6202B0 */  lw      $v0, 0x02B0($s3)           ## 000002B0
/* 013C8 80B13D48 24490008 */  addiu   $t1, $v0, 0x0008           ## $t1 = 00000008
/* 013CC 80B13D4C AE6902B0 */  sw      $t1, 0x02B0($s3)           ## 000002B0
/* 013D0 80B13D50 AC550000 */  sw      $s5, 0x0000($v0)           ## 00000000
/* 013D4 80B13D54 8E0A0000 */  lw      $t2, 0x0000($s0)           ## 80B13E90
/* 013D8 80B13D58 AC4A0004 */  sw      $t2, 0x0004($v0)           ## 00000004
/* 013DC 80B13D5C 8E6202B0 */  lw      $v0, 0x02B0($s3)           ## 000002B0
/* 013E0 80B13D60 244B0008 */  addiu   $t3, $v0, 0x0008           ## $t3 = 00000008
/* 013E4 80B13D64 AE6B02B0 */  sw      $t3, 0x02B0($s3)           ## 000002B0
/* 013E8 80B13D68 AC550000 */  sw      $s5, 0x0000($v0)           ## 00000000
/* 013EC 80B13D6C 8E0C0004 */  lw      $t4, 0x0004($s0)           ## 80B13E94
/* 013F0 80B13D70 AC4C0004 */  sw      $t4, 0x0004($v0)           ## 00000004
/* 013F4 80B13D74 26940001 */  addiu   $s4, $s4, 0x0001           ## $s4 = 00000002
.L80B13D78:
/* 013F8 80B13D78 2A810007 */  slti    $at, $s4, 0x0007           
/* 013FC 80B13D7C 26100028 */  addiu   $s0, $s0, 0x0028           ## $s0 = 80B13EB8
/* 01400 80B13D80 1420FFCA */  bne     $at, $zero, .L80B13CAC     
/* 01404 80B13D84 26310020 */  addiu   $s1, $s1, 0x0020           ## $s1 = 00000180
/* 01408 80B13D88 26D00240 */  addiu   $s0, $s6, 0x0240           ## $s0 = 00000240
/* 0140C 80B13D8C 24160064 */  addiu   $s6, $zero, 0x0064         ## $s6 = 00000064
/* 01410 80B13D90 0000A025 */  or      $s4, $zero, $zero          ## $s4 = 00000000
.L80B13D94:
/* 01414 80B13D94 820D0028 */  lb      $t5, 0x0028($s0)           ## 00000268
/* 01418 80B13D98 3C120601 */  lui     $s2, 0x0601                ## $s2 = 06010000
/* 0141C 80B13D9C 265281D8 */  addiu   $s2, $s2, 0x81D8           ## $s2 = 060081D8
/* 01420 80B13DA0 19A00017 */  blez    $t5, .L80B13E00            
/* 01424 80B13DA4 2607001C */  addiu   $a3, $s0, 0x001C           ## $a3 = 0000025C
/* 01428 80B13DA8 C60C0000 */  lwc1    $f12, 0x0000($s0)          ## 00000240
/* 0142C 80B13DAC C60E0004 */  lwc1    $f14, 0x0004($s0)          ## 00000244
/* 01430 80B13DB0 0C060594 */  jal     func_80181650              
/* 01434 80B13DB4 8E060008 */  lw      $a2, 0x0008($s0)           ## 00000248
/* 01438 80B13DB8 C60C0018 */  lwc1    $f12, 0x0018($s0)          ## 00000258
/* 0143C 80B13DBC 24070001 */  addiu   $a3, $zero, 0x0001         ## $a3 = 00000001
/* 01440 80B13DC0 44066000 */  mfc1    $a2, $f12                  
/* 01444 80B13DC4 0C0600E7 */  jal     func_8018039C              
/* 01448 80B13DC8 46006386 */  mov.s   $f14, $f12                 
/* 0144C 80B13DCC 8E6202B0 */  lw      $v0, 0x02B0($s3)           ## 000002B0
/* 01450 80B13DD0 244E0008 */  addiu   $t6, $v0, 0x0008           ## $t6 = 00000008
/* 01454 80B13DD4 AE6E02B0 */  sw      $t6, 0x02B0($s3)           ## 000002B0
/* 01458 80B13DD8 AC570000 */  sw      $s7, 0x0000($v0)           ## 00000000
/* 0145C 80B13DDC 8FC40000 */  lw      $a0, 0x0000($s8)           ## 00000000
/* 01460 80B13DE0 0C060690 */  jal     func_80181A40              
/* 01464 80B13DE4 00408825 */  or      $s1, $v0, $zero            ## $s1 = 00000000
/* 01468 80B13DE8 AE220004 */  sw      $v0, 0x0004($s1)           ## 00000004
/* 0146C 80B13DEC 8E6202B0 */  lw      $v0, 0x02B0($s3)           ## 000002B0
/* 01470 80B13DF0 244F0008 */  addiu   $t7, $v0, 0x0008           ## $t7 = 00000008
/* 01474 80B13DF4 AE6F02B0 */  sw      $t7, 0x02B0($s3)           ## 000002B0
/* 01478 80B13DF8 AC520004 */  sw      $s2, 0x0004($v0)           ## 00000004
/* 0147C 80B13DFC AC550000 */  sw      $s5, 0x0000($v0)           ## 00000000
.L80B13E00:
/* 01480 80B13E00 26940001 */  addiu   $s4, $s4, 0x0001           ## $s4 = 00000001
/* 01484 80B13E04 1696FFE3 */  bne     $s4, $s6, .L80B13D94       
/* 01488 80B13E08 2610002C */  addiu   $s0, $s0, 0x002C           ## $s0 = 0000026C
/* 0148C 80B13E0C 8FBF0044 */  lw      $ra, 0x0044($sp)           
/* 01490 80B13E10 D7B40018 */  ldc1    $f20, 0x0018($sp)          
/* 01494 80B13E14 8FB00020 */  lw      $s0, 0x0020($sp)           
/* 01498 80B13E18 8FB10024 */  lw      $s1, 0x0024($sp)           
/* 0149C 80B13E1C 8FB20028 */  lw      $s2, 0x0028($sp)           
/* 014A0 80B13E20 8FB3002C */  lw      $s3, 0x002C($sp)           
/* 014A4 80B13E24 8FB40030 */  lw      $s4, 0x0030($sp)           
/* 014A8 80B13E28 8FB50034 */  lw      $s5, 0x0034($sp)           
/* 014AC 80B13E2C 8FB60038 */  lw      $s6, 0x0038($sp)           
/* 014B0 80B13E30 8FB7003C */  lw      $s7, 0x003C($sp)           
/* 014B4 80B13E34 8FBE0040 */  lw      $s8, 0x0040($sp)           
/* 014B8 80B13E38 03E00008 */  jr      $ra                        
/* 014BC 80B13E3C 27BD0048 */  addiu   $sp, $sp, 0x0048           ## $sp = 00000000


glabel func_80B13E40
/* 014C0 80B13E40 27BDFFE8 */  addiu   $sp, $sp, 0xFFE8           ## $sp = FFFFFFE8
/* 014C4 80B13E44 AFBF0014 */  sw      $ra, 0x0014($sp)           
/* 014C8 80B13E48 AFA40018 */  sw      $a0, 0x0018($sp)           
/* 014CC 80B13E4C 00A03025 */  or      $a2, $a1, $zero            ## $a2 = 00000000
/* 014D0 80B13E50 3C050600 */  lui     $a1, 0x0600                ## $a1 = 06000000
/* 014D4 80B13E54 24A54928 */  addiu   $a1, $a1, 0x4928           ## $a1 = 06004928
/* 014D8 80B13E58 0C02F7F0 */  jal     func_800BDFC0              
/* 014DC 80B13E5C 00C02025 */  or      $a0, $a2, $zero            ## $a0 = 00000000
/* 014E0 80B13E60 8FBF0014 */  lw      $ra, 0x0014($sp)           
/* 014E4 80B13E64 27BD0018 */  addiu   $sp, $sp, 0x0018           ## $sp = 00000000
/* 014E8 80B13E68 03E00008 */  jr      $ra                        
/* 014EC 80B13E6C 00000000 */  nop

.section .data

D_80B13E70: .word 0x01E20100, 0x00400010, 0x01C10000, 0x00001374
.word func_80B12980
.word func_80B12A1C
.word func_80B13BB4
.word func_80B13BD8
D_80B13E90: .word \
0x06006E28, 0x06006CE0, 0x42A86666, 0x41F3D70B, \
0x42DB5C2A, 0x40400000, 0x41A80000, 0x41300000, \
0x157C01F4, 0xFE0C0700, 0x060070A8, 0x06006EF8, \
0x42233333, 0xC21AE148, 0x42787AE1, 0xC0A00000, \
0x41B00000, 0x41000000, 0x0258FED4, 0x07D00400, \
0x06007348, 0x06007190, 0x42FAA3D6, 0xC20A147B, \
0x42787AE1, 0x41000000, 0x41500000, 0x40C00000, \
0xF6A000C8, 0xFED40400, 0x06007568, 0x06007438, \
0x43168F5C, 0xC2A10A3E, 0x42787AE1, 0xC0800000, \
0x40E00000, 0x40400000, 0x00640032, 0x03520800, \
0x06007780, 0x06007638, 0x42A428F6, 0x41AA8F5C, \
0xC2C747AE, 0xC0E00000, 0x42080000, 0xBF800000, \
0xF6A0FF9C, 0x03E80500, 0x06007A00, 0x06007850, \
0x42368F5C, 0xC218A3D7, 0xC260F5C3, 0xBF800000, \
0x41A00000, 0xC1800000, 0xF83002BC, 0x01F40600, \
0x06007C98, 0x06007AE8, 0x430C6666, 0xC2735C29, \
0xC260F5C3, 0x40000000, 0x41D80000, 0xC1200000, \
0xFC18FE0C, 0xFE0C0900
D_80B13FA8: .word 0x00000000, 0x3E99999A, 0x00000000
D_80B13FB4: .word 0xB0FC1F40, 0xB10003E8, 0xB1040320, 0x48580064
D_80B13FC4: .word 0x43200000, 0x00000000, 0x43700000

.section .rodata

D_80B13FD0: .word 0xC6F9FE00
D_80B13FD4: .word 0x3F75C28F
D_80B13FD8: .word 0x3E4CCCCD
D_80B13FDC: .word 0x3D6978D5
D_80B13FE0: .word 0x3B449BA6
D_80B13FE4: .word 0x3E99999A
D_80B13FE8: .word 0x3D75C28F
D_80B13FEC: .word 0x3DF5C28F
D_80B13FF0: .word 0x3D4CCCCD
D_80B13FF4: .word 0x3B449BA6
D_80B13FF8: .word 0x3ECCCCCD
D_80B13FFC: .word 0x3D8F5C29
D_80B14000: .word 0x3B449BA6
D_80B14004: .word 0xC6F9FE00
D_80B14008: .word 0x3F733333
D_80B1400C: .word 0x400CCCCD
D_80B14010: .word 0x3DCCCCCD, 0x00000000, 0x00000000, 0x00000000


.section .rodata
D_80B14020:
.incbin "baserom/Obj_Dhouse", 0x16A0, 0x00000160
