.include "macro.inc"

# assembler directives
.set noat      # allow manual use of $at
.set noreorder # don't insert nops after branches
.set gp=64     # allow use of 64-bit general purpose registers

.section .text
glabel func_8098E5C0
/* 00000 8098E5C0 27BDFFE8 */  addiu   $sp, $sp, 0xFFE8           ## $sp = FFFFFFE8
/* 00004 8098E5C4 AFBF0014 */  sw      $ra, 0x0014($sp)           
/* 00008 8098E5C8 00A03825 */  or      $a3, $a1, $zero            ## $a3 = 00000000
/* 0000C 8098E5CC 8482001C */  lh      $v0, 0x001C($a0)           ## 0000001C
/* 00010 8098E5D0 2406FFFF */  addiu   $a2, $zero, 0xFFFF         ## $a2 = FFFFFFFF
/* 00014 8098E5D4 00E02025 */  or      $a0, $a3, $zero            ## $a0 = 00000000
/* 00018 8098E5D8 3042001F */  andi    $v0, $v0, 0x001F           ## $v0 = 00000000
/* 0001C 8098E5DC 00021080 */  sll     $v0, $v0,  2               
/* 00020 8098E5E0 3442FF01 */  ori     $v0, $v0, 0xFF01           ## $v0 = 0000FF01
/* 00024 8098E5E4 304F0003 */  andi    $t7, $v0, 0x0003           ## $t7 = 00000001
/* 00028 8098E5E8 51E00005 */  beql    $t7, $zero, .L8098E600     
/* 0002C 8098E5EC 28C20000 */  slti    $v0, $a2, 0x0000           
/* 00030 8098E5F0 304603FC */  andi    $a2, $v0, 0x03FC           ## $a2 = 00000300
/* 00034 8098E5F4 00063083 */  sra     $a2, $a2,  2               
/* 00038 8098E5F8 30C600FF */  andi    $a2, $a2, 0x00FF           ## $a2 = 00000000
/* 0003C 8098E5FC 28C20000 */  slti    $v0, $a2, 0x0000           
.L8098E600:
/* 00040 8098E600 38420001 */  xori    $v0, $v0, 0x0001           ## $v0 = 0000FF00
/* 00044 8098E604 2C420001 */  sltiu   $v0, $v0, 0x0001           
/* 00048 8098E608 54400005 */  bnel    $v0, $zero, .L8098E620     
/* 0004C 8098E60C 8FBF0014 */  lw      $ra, 0x0014($sp)           
/* 00050 8098E610 0C02D71E */  jal     func_800B5C78              
/* 00054 8098E614 00C02825 */  or      $a1, $a2, $zero            ## $a1 = 00000000
/* 00058 8098E618 2C420001 */  sltiu   $v0, $v0, 0x0001           
/* 0005C 8098E61C 8FBF0014 */  lw      $ra, 0x0014($sp)           
.L8098E620:
/* 00060 8098E620 27BD0018 */  addiu   $sp, $sp, 0x0018           ## $sp = 00000000
/* 00064 8098E624 03E00008 */  jr      $ra                        
/* 00068 8098E628 00000000 */  nop


glabel func_8098E62C
/* 0006C 8098E62C 27BDFF18 */  addiu   $sp, $sp, 0xFF18           ## $sp = FFFFFF18
/* 00070 8098E630 AFB5008C */  sw      $s5, 0x008C($sp)           
/* 00074 8098E634 00A0A825 */  or      $s5, $a1, $zero            ## $s5 = 00000000
/* 00078 8098E638 AFBF009C */  sw      $ra, 0x009C($sp)           
/* 0007C 8098E63C AFBE0098 */  sw      $s8, 0x0098($sp)           
/* 00080 8098E640 AFB70094 */  sw      $s7, 0x0094($sp)           
/* 00084 8098E644 AFB60090 */  sw      $s6, 0x0090($sp)           
/* 00088 8098E648 AFB40088 */  sw      $s4, 0x0088($sp)           
/* 0008C 8098E64C AFB30084 */  sw      $s3, 0x0084($sp)           
/* 00090 8098E650 AFB20080 */  sw      $s2, 0x0080($sp)           
/* 00094 8098E654 AFB1007C */  sw      $s1, 0x007C($sp)           
/* 00098 8098E658 AFB00078 */  sw      $s0, 0x0078($sp)           
/* 0009C 8098E65C F7BE0070 */  sdc1    $f30, 0x0070($sp)          
/* 000A0 8098E660 F7BC0068 */  sdc1    $f28, 0x0068($sp)          
/* 000A4 8098E664 F7BA0060 */  sdc1    $f26, 0x0060($sp)          
/* 000A8 8098E668 F7B80058 */  sdc1    $f24, 0x0058($sp)          
/* 000AC 8098E66C F7B60050 */  sdc1    $f22, 0x0050($sp)          
/* 000B0 8098E670 F7B40048 */  sdc1    $f20, 0x0048($sp)          
/* 000B4 8098E674 3C014000 */  lui     $at, 0x4000                ## $at = 40000000
/* 000B8 8098E678 4481F000 */  mtc1    $at, $f30                  ## $f30 = 2.00
/* 000BC 8098E67C 3C014120 */  lui     $at, 0x4120                ## $at = 41200000
/* 000C0 8098E680 4481E000 */  mtc1    $at, $f28                  ## $f28 = 10.00
/* 000C4 8098E684 3C0141F0 */  lui     $at, 0x41F0                ## $at = 41F00000
/* 000C8 8098E688 3C170600 */  lui     $s7, 0x0600                ## $s7 = 06000000
/* 000CC 8098E68C 4481D000 */  mtc1    $at, $f26                  ## $f26 = 30.00
/* 000D0 8098E690 26F71040 */  addiu   $s7, $s7, 0x1040           ## $s7 = 06001040
/* 000D4 8098E694 00009825 */  or      $s3, $zero, $zero          ## $s3 = 00000000
/* 000D8 8098E698 00008825 */  or      $s1, $zero, $zero          ## $s1 = 00000000
/* 000DC 8098E69C 24920024 */  addiu   $s2, $a0, 0x0024           ## $s2 = 00000024
/* 000E0 8098E6A0 241E0010 */  addiu   $s8, $zero, 0x0010         ## $s8 = 00000010
/* 000E4 8098E6A4 27B600C4 */  addiu   $s6, $sp, 0x00C4           ## $s6 = FFFFFFDC
/* 000E8 8098E6A8 27B400D0 */  addiu   $s4, $sp, 0x00D0           ## $s4 = FFFFFFE8
.L8098E6AC:
/* 000EC 8098E6AC 00112400 */  sll     $a0, $s1, 16               
/* 000F0 8098E6B0 0C03FB61 */  jal     func_800FED84              
/* 000F4 8098E6B4 00042403 */  sra     $a0, $a0, 16               
/* 000F8 8098E6B8 00112400 */  sll     $a0, $s1, 16               
/* 000FC 8098E6BC 46000506 */  mov.s   $f20, $f0                  
/* 00100 8098E6C0 0C03FB51 */  jal     func_800FED44              
/* 00104 8098E6C4 00042403 */  sra     $a0, $a0, 16               
/* 00108 8098E6C8 0C021BF7 */  jal     func_80086FDC              
/* 0010C 8098E6CC 46000586 */  mov.s   $f22, $f0                  
/* 00110 8098E6D0 461A0602 */  mul.s   $f24, $f0, $f26            
/* 00114 8098E6D4 00000000 */  nop
/* 00118 8098E6D8 4618A102 */  mul.s   $f4, $f20, $f24            
/* 0011C 8098E6DC 0C021BF7 */  jal     func_80086FDC              
/* 00120 8098E6E0 E7A400D0 */  swc1    $f4, 0x00D0($sp)           
/* 00124 8098E6E4 461C0182 */  mul.s   $f6, $f0, $f28             
/* 00128 8098E6E8 3C018099 */  lui     $at, %hi(D_8098EEA0)       ## $at = 80990000
/* 0012C 8098E6EC C432EEA0 */  lwc1    $f18, %lo(D_8098EEA0)($at) 
/* 00130 8098E6F0 4618B282 */  mul.s   $f10, $f22, $f24           
/* 00134 8098E6F4 C7B000D0 */  lwc1    $f16, 0x00D0($sp)          
/* 00138 8098E6F8 46128102 */  mul.s   $f4, $f16, $f18            
/* 0013C 8098E6FC 461E3200 */  add.s   $f8, $f6, $f30             
/* 00140 8098E700 E7AA00D8 */  swc1    $f10, 0x00D8($sp)          
/* 00144 8098E704 E7A800D4 */  swc1    $f8, 0x00D4($sp)           
/* 00148 8098E708 0C021BF7 */  jal     func_80086FDC              
/* 0014C 8098E70C E7A400C4 */  swc1    $f4, 0x00C4($sp)           
/* 00150 8098E710 461C0182 */  mul.s   $f6, $f0, $f28             
/* 00154 8098E714 3C018099 */  lui     $at, %hi(D_8098EEA4)       ## $at = 80990000
/* 00158 8098E718 C430EEA4 */  lwc1    $f16, %lo(D_8098EEA4)($at) 
/* 0015C 8098E71C C7AA00D8 */  lwc1    $f10, 0x00D8($sp)          
/* 00160 8098E720 C7A400D0 */  lwc1    $f4, 0x00D0($sp)           
/* 00164 8098E724 46105482 */  mul.s   $f18, $f10, $f16           
/* 00168 8098E728 461E3200 */  add.s   $f8, $f6, $f30             
/* 0016C 8098E72C C7B000D4 */  lwc1    $f16, 0x00D4($sp)          
/* 00170 8098E730 E7A800C8 */  swc1    $f8, 0x00C8($sp)           
/* 00174 8098E734 E7B200CC */  swc1    $f18, 0x00CC($sp)          
/* 00178 8098E738 C6460000 */  lwc1    $f6, 0x0000($s2)           ## 00000024
/* 0017C 8098E73C 46062200 */  add.s   $f8, $f4, $f6              
/* 00180 8098E740 E7A800D0 */  swc1    $f8, 0x00D0($sp)           
/* 00184 8098E744 C6520004 */  lwc1    $f18, 0x0004($s2)          ## 00000028
/* 00188 8098E748 46128100 */  add.s   $f4, $f16, $f18            
/* 0018C 8098E74C E7A400D4 */  swc1    $f4, 0x00D4($sp)           
/* 00190 8098E750 C6460008 */  lwc1    $f6, 0x0008($s2)           ## 0000002C
/* 00194 8098E754 46065200 */  add.s   $f8, $f10, $f6             
/* 00198 8098E758 0C021BF7 */  jal     func_80086FDC              
/* 0019C 8098E75C E7A800D8 */  swc1    $f8, 0x00D8($sp)           
/* 001A0 8098E760 3C018099 */  lui     $at, %hi(D_8098EEA8)       ## $at = 80990000
/* 001A4 8098E764 C430EEA8 */  lwc1    $f16, %lo(D_8098EEA8)($at) 
/* 001A8 8098E768 3C018099 */  lui     $at, %hi(D_8098EEAC)       ## $at = 80990000
/* 001AC 8098E76C 4610003C */  c.lt.s  $f0, $f16                  
/* 001B0 8098E770 00000000 */  nop
/* 001B4 8098E774 45000003 */  bc1f    .L8098E784                 
/* 001B8 8098E778 00000000 */  nop
/* 001BC 8098E77C 10000009 */  beq     $zero, $zero, .L8098E7A4   
/* 001C0 8098E780 24100060 */  addiu   $s0, $zero, 0x0060         ## $s0 = 00000060
.L8098E784:
/* 001C4 8098E784 C432EEAC */  lwc1    $f18, %lo(D_8098EEAC)($at) 
/* 001C8 8098E788 24100020 */  addiu   $s0, $zero, 0x0020         ## $s0 = 00000020
/* 001CC 8098E78C 4612003C */  c.lt.s  $f0, $f18                  
/* 001D0 8098E790 00000000 */  nop
/* 001D4 8098E794 45000003 */  bc1f    .L8098E7A4                 
/* 001D8 8098E798 00000000 */  nop
/* 001DC 8098E79C 10000001 */  beq     $zero, $zero, .L8098E7A4   
/* 001E0 8098E7A0 24100040 */  addiu   $s0, $zero, 0x0040         ## $s0 = 00000040
.L8098E7A4:
/* 001E4 8098E7A4 0C021BF7 */  jal     func_80086FDC              
/* 001E8 8098E7A8 00000000 */  nop
/* 001EC 8098E7AC 461A0102 */  mul.s   $f4, $f0, $f26             
/* 001F0 8098E7B0 3C0140A0 */  lui     $at, 0x40A0                ## $at = 40A00000
/* 001F4 8098E7B4 44815000 */  mtc1    $at, $f10                  ## $f10 = 5.00
/* 001F8 8098E7B8 240EFF38 */  addiu   $t6, $zero, 0xFF38         ## $t6 = FFFFFF38
/* 001FC 8098E7BC 240F001C */  addiu   $t7, $zero, 0x001C         ## $t7 = 0000001C
/* 00200 8098E7C0 24180002 */  addiu   $t8, $zero, 0x0002         ## $t8 = 00000002
/* 00204 8098E7C4 24090046 */  addiu   $t1, $zero, 0x0046         ## $t1 = 00000046
/* 00208 8098E7C8 460A2180 */  add.s   $f6, $f4, $f10             
/* 0020C 8098E7CC 240AFFFF */  addiu   $t2, $zero, 0xFFFF         ## $t2 = FFFFFFFF
/* 00210 8098E7D0 240B0133 */  addiu   $t3, $zero, 0x0133         ## $t3 = 00000133
/* 00214 8098E7D4 AFAB0038 */  sw      $t3, 0x0038($sp)           
/* 00218 8098E7D8 4600320D */  trunc.w.s $f8, $f6                   
/* 0021C 8098E7DC AFAA0034 */  sw      $t2, 0x0034($sp)           
/* 00220 8098E7E0 AFA90030 */  sw      $t1, 0x0030($sp)           
/* 00224 8098E7E4 AFB8001C */  sw      $t8, 0x001C($sp)           
/* 00228 8098E7E8 44084000 */  mfc1    $t0, $f8                   
/* 0022C 8098E7EC AFAF0018 */  sw      $t7, 0x0018($sp)           
/* 00230 8098E7F0 AFAE0010 */  sw      $t6, 0x0010($sp)           
/* 00234 8098E7F4 02A02025 */  or      $a0, $s5, $zero            ## $a0 = 00000000
/* 00238 8098E7F8 02802825 */  or      $a1, $s4, $zero            ## $a1 = FFFFFFE8
/* 0023C 8098E7FC 02C03025 */  or      $a2, $s6, $zero            ## $a2 = FFFFFFDC
/* 00240 8098E800 02803825 */  or      $a3, $s4, $zero            ## $a3 = FFFFFFE8
/* 00244 8098E804 AFB00014 */  sw      $s0, 0x0014($sp)           
/* 00248 8098E808 AFA00020 */  sw      $zero, 0x0020($sp)         
/* 0024C 8098E80C AFA00028 */  sw      $zero, 0x0028($sp)         
/* 00250 8098E810 AFA0002C */  sw      $zero, 0x002C($sp)         
/* 00254 8098E814 AFB7003C */  sw      $s7, 0x003C($sp)           
/* 00258 8098E818 0C02CA04 */  jal     func_800B2810              
/* 0025C 8098E81C AFA80024 */  sw      $t0, 0x0024($sp)           
/* 00260 8098E820 26314E20 */  addiu   $s1, $s1, 0x4E20           ## $s1 = 00004E20
/* 00264 8098E824 00118C00 */  sll     $s1, $s1, 16               
/* 00268 8098E828 26730001 */  addiu   $s3, $s3, 0x0001           ## $s3 = 00000001
/* 0026C 8098E82C 167EFF9F */  bne     $s3, $s8, .L8098E6AC       
/* 00270 8098E830 00118C03 */  sra     $s1, $s1, 16               
/* 00274 8098E834 240C0064 */  addiu   $t4, $zero, 0x0064         ## $t4 = 00000064
/* 00278 8098E838 240D00A0 */  addiu   $t5, $zero, 0x00A0         ## $t5 = 000000A0
/* 0027C 8098E83C 240E0001 */  addiu   $t6, $zero, 0x0001         ## $t6 = 00000001
/* 00280 8098E840 AFAE0018 */  sw      $t6, 0x0018($sp)           
/* 00284 8098E844 AFAD0014 */  sw      $t5, 0x0014($sp)           
/* 00288 8098E848 AFAC0010 */  sw      $t4, 0x0010($sp)           
/* 0028C 8098E84C 02A02025 */  or      $a0, $s5, $zero            ## $a0 = 00000000
/* 00290 8098E850 02402825 */  or      $a1, $s2, $zero            ## $a1 = 00000024
/* 00294 8098E854 3C0642B4 */  lui     $a2, 0x42B4                ## $a2 = 42B40000
/* 00298 8098E858 0C02EFEC */  jal     func_800BBFB0              
/* 0029C 8098E85C 24070006 */  addiu   $a3, $zero, 0x0006         ## $a3 = 00000006
/* 002A0 8098E860 8FBF009C */  lw      $ra, 0x009C($sp)           
/* 002A4 8098E864 D7B40048 */  ldc1    $f20, 0x0048($sp)          
/* 002A8 8098E868 D7B60050 */  ldc1    $f22, 0x0050($sp)          
/* 002AC 8098E86C D7B80058 */  ldc1    $f24, 0x0058($sp)          
/* 002B0 8098E870 D7BA0060 */  ldc1    $f26, 0x0060($sp)          
/* 002B4 8098E874 D7BC0068 */  ldc1    $f28, 0x0068($sp)          
/* 002B8 8098E878 D7BE0070 */  ldc1    $f30, 0x0070($sp)          
/* 002BC 8098E87C 8FB00078 */  lw      $s0, 0x0078($sp)           
/* 002C0 8098E880 8FB1007C */  lw      $s1, 0x007C($sp)           
/* 002C4 8098E884 8FB20080 */  lw      $s2, 0x0080($sp)           
/* 002C8 8098E888 8FB30084 */  lw      $s3, 0x0084($sp)           
/* 002CC 8098E88C 8FB40088 */  lw      $s4, 0x0088($sp)           
/* 002D0 8098E890 8FB5008C */  lw      $s5, 0x008C($sp)           
/* 002D4 8098E894 8FB60090 */  lw      $s6, 0x0090($sp)           
/* 002D8 8098E898 8FB70094 */  lw      $s7, 0x0094($sp)           
/* 002DC 8098E89C 8FBE0098 */  lw      $s8, 0x0098($sp)           
/* 002E0 8098E8A0 03E00008 */  jr      $ra                        
/* 002E4 8098E8A4 27BD00E8 */  addiu   $sp, $sp, 0x00E8           ## $sp = 00000000


glabel func_8098E8A8
/* 002E8 8098E8A8 27BDFFE8 */  addiu   $sp, $sp, 0xFFE8           ## $sp = FFFFFFE8
/* 002EC 8098E8AC AFBF0014 */  sw      $ra, 0x0014($sp)           
/* 002F0 8098E8B0 AFA5001C */  sw      $a1, 0x001C($sp)           
/* 002F4 8098E8B4 00803825 */  or      $a3, $a0, $zero            ## $a3 = 00000000
/* 002F8 8098E8B8 84E4001C */  lh      $a0, 0x001C($a3)           ## 0000001C
/* 002FC 8098E8BC AFA70018 */  sw      $a3, 0x0018($sp)           
/* 00300 8098E8C0 0C02A054 */  jal     func_800A8150              
/* 00304 8098E8C4 3084003F */  andi    $a0, $a0, 0x003F           ## $a0 = 00000000
/* 00308 8098E8C8 04400009 */  bltz    $v0, .L8098E8F0            
/* 0030C 8098E8CC 8FA70018 */  lw      $a3, 0x0018($sp)           
/* 00310 8098E8D0 84EE001C */  lh      $t6, 0x001C($a3)           ## 0000001C
/* 00314 8098E8D4 8FA4001C */  lw      $a0, 0x001C($sp)           
/* 00318 8098E8D8 24E50024 */  addiu   $a1, $a3, 0x0024           ## $a1 = 00000024
/* 0031C 8098E8DC 000E7A03 */  sra     $t7, $t6,  8               
/* 00320 8098E8E0 31F8007F */  andi    $t8, $t7, 0x007F           ## $t8 = 00000000
/* 00324 8098E8E4 0018CA00 */  sll     $t9, $t8,  8               
/* 00328 8098E8E8 0C029DCC */  jal     func_800A7730              
/* 0032C 8098E8EC 03223025 */  or      $a2, $t9, $v0              ## $a2 = 00000000
.L8098E8F0:
/* 00330 8098E8F0 8FBF0014 */  lw      $ra, 0x0014($sp)           
/* 00334 8098E8F4 27BD0018 */  addiu   $sp, $sp, 0x0018           ## $sp = 00000000
/* 00338 8098E8F8 03E00008 */  jr      $ra                        
/* 0033C 8098E8FC 00000000 */  nop


glabel func_8098E900
/* 00340 8098E900 27BDFFC0 */  addiu   $sp, $sp, 0xFFC0           ## $sp = FFFFFFC0
/* 00344 8098E904 AFB00030 */  sw      $s0, 0x0030($sp)           
/* 00348 8098E908 00808025 */  or      $s0, $a0, $zero            ## $s0 = 00000000
/* 0034C 8098E90C AFBF0034 */  sw      $ra, 0x0034($sp)           
/* 00350 8098E910 AFA50044 */  sw      $a1, 0x0044($sp)           
/* 00354 8098E914 02002025 */  or      $a0, $s0, $zero            ## $a0 = 00000000
/* 00358 8098E918 0C263970 */  jal     func_8098E5C0              
/* 0035C 8098E91C 8FA50044 */  lw      $a1, 0x0044($sp)           
/* 00360 8098E920 50400024 */  beql    $v0, $zero, .L8098E9B4     
/* 00364 8098E924 8FBF0034 */  lw      $ra, 0x0034($sp)           
/* 00368 8098E928 860E001C */  lh      $t6, 0x001C($s0)           ## 0000001C
/* 0036C 8098E92C 31CF001F */  andi    $t7, $t6, 0x001F           ## $t7 = 00000000
/* 00370 8098E930 000FC080 */  sll     $t8, $t7,  2               
/* 00374 8098E934 3719FF01 */  ori     $t9, $t8, 0xFF01           ## $t9 = 0000FF01
/* 00378 8098E938 0C021BE8 */  jal     func_80086FA0              
/* 0037C 8098E93C AFB90038 */  sw      $t9, 0x0038($sp)           
/* 00380 8098E940 C6040028 */  lwc1    $f4, 0x0028($s0)           ## 00000028
/* 00384 8098E944 86090092 */  lh      $t1, 0x0092($s0)           ## 00000092
/* 00388 8098E948 8E070024 */  lw      $a3, 0x0024($s0)           ## 00000024
/* 0038C 8098E94C 00024442 */  srl     $t0, $v0, 17               
/* 00390 8098E950 E7A40010 */  swc1    $f4, 0x0010($sp)           
/* 00394 8098E954 C606002C */  lwc1    $f6, 0x002C($s0)           ## 0000002C
/* 00398 8098E958 3401C000 */  ori     $at, $zero, 0xC000         ## $at = 0000C000
/* 0039C 8098E95C 01091821 */  addu    $v1, $t0, $t1              
/* 003A0 8098E960 00611821 */  addu    $v1, $v1, $at              
/* 003A4 8098E964 8FA50044 */  lw      $a1, 0x0044($sp)           
/* 003A8 8098E968 8FAA0038 */  lw      $t2, 0x0038($sp)           
/* 003AC 8098E96C 00031C00 */  sll     $v1, $v1, 16               
/* 003B0 8098E970 00031C03 */  sra     $v1, $v1, 16               
/* 003B4 8098E974 AFA3001C */  sw      $v1, 0x001C($sp)           
/* 003B8 8098E978 AFA00020 */  sw      $zero, 0x0020($sp)         
/* 003BC 8098E97C AFA00018 */  sw      $zero, 0x0018($sp)         
/* 003C0 8098E980 24060050 */  addiu   $a2, $zero, 0x0050         ## $a2 = 00000050
/* 003C4 8098E984 E7A60014 */  swc1    $f6, 0x0014($sp)           
/* 003C8 8098E988 24A41CA0 */  addiu   $a0, $a1, 0x1CA0           ## $a0 = 00001CA0
/* 003CC 8098E98C 0C02EB18 */  jal     func_800BAC60              
/* 003D0 8098E990 AFAA0024 */  sw      $t2, 0x0024($sp)           
/* 003D4 8098E994 10400006 */  beq     $v0, $zero, .L8098E9B0     
/* 003D8 8098E998 3C014150 */  lui     $at, 0x4150                ## $at = 41500000
/* 003DC 8098E99C 44814000 */  mtc1    $at, $f8                   ## $f8 = 13.00
/* 003E0 8098E9A0 44805000 */  mtc1    $zero, $f10                ## $f10 = 0.00
/* 003E4 8098E9A4 AC500120 */  sw      $s0, 0x0120($v0)           ## 00000120
/* 003E8 8098E9A8 E4480068 */  swc1    $f8, 0x0068($v0)           ## 00000068
/* 003EC 8098E9AC E44A0070 */  swc1    $f10, 0x0070($v0)          ## 00000070
.L8098E9B0:
/* 003F0 8098E9B0 8FBF0034 */  lw      $ra, 0x0034($sp)           
.L8098E9B4:
/* 003F4 8098E9B4 8FB00030 */  lw      $s0, 0x0030($sp)           
/* 003F8 8098E9B8 27BD0040 */  addiu   $sp, $sp, 0x0040           ## $sp = 00000000
/* 003FC 8098E9BC 03E00008 */  jr      $ra                        
/* 00400 8098E9C0 00000000 */  nop


glabel func_8098E9C4
/* 00404 8098E9C4 27BDFFE8 */  addiu   $sp, $sp, 0xFFE8           ## $sp = FFFFFFE8
/* 00408 8098E9C8 AFBF0014 */  sw      $ra, 0x0014($sp)           
/* 0040C 8098E9CC 848E001C */  lh      $t6, 0x001C($a0)           ## 0000001C
/* 00410 8098E9D0 000E7BC3 */  sra     $t7, $t6, 15               
/* 00414 8098E9D4 31F80001 */  andi    $t8, $t7, 0x0001           ## $t8 = 00000000
/* 00418 8098E9D8 17000005 */  bne     $t8, $zero, .L8098E9F0     
/* 0041C 8098E9DC 00000000 */  nop
/* 00420 8098E9E0 0C263A2A */  jal     func_8098E8A8              
/* 00424 8098E9E4 00000000 */  nop
/* 00428 8098E9E8 10000004 */  beq     $zero, $zero, .L8098E9FC   
/* 0042C 8098E9EC 8FBF0014 */  lw      $ra, 0x0014($sp)           
.L8098E9F0:
/* 00430 8098E9F0 0C263A40 */  jal     func_8098E900              
/* 00434 8098E9F4 00000000 */  nop
/* 00438 8098E9F8 8FBF0014 */  lw      $ra, 0x0014($sp)           
.L8098E9FC:
/* 0043C 8098E9FC 27BD0018 */  addiu   $sp, $sp, 0x0018           ## $sp = 00000000
/* 00440 8098EA00 03E00008 */  jr      $ra                        
/* 00444 8098EA04 00000000 */  nop


glabel func_8098EA08
/* 00448 8098EA08 27BDFFD0 */  addiu   $sp, $sp, 0xFFD0           ## $sp = FFFFFFD0
/* 0044C 8098EA0C AFB10018 */  sw      $s1, 0x0018($sp)           
/* 00450 8098EA10 AFB00014 */  sw      $s0, 0x0014($sp)           
/* 00454 8098EA14 00808025 */  or      $s0, $a0, $zero            ## $s0 = 00000000
/* 00458 8098EA18 00A08825 */  or      $s1, $a1, $zero            ## $s1 = 00000000
/* 0045C 8098EA1C AFBF001C */  sw      $ra, 0x001C($sp)           
/* 00460 8098EA20 860E001C */  lh      $t6, 0x001C($s0)           ## 0000001C
/* 00464 8098EA24 02002025 */  or      $a0, $s0, $zero            ## $a0 = 00000000
/* 00468 8098EA28 00002825 */  or      $a1, $zero, $zero          ## $a1 = 00000000
/* 0046C 8098EA2C 000E7BC3 */  sra     $t7, $t6, 15               
/* 00470 8098EA30 31F80001 */  andi    $t8, $t7, 0x0001           ## $t8 = 00000000
/* 00474 8098EA34 0C032B84 */  jal     func_800CAE10              
/* 00478 8098EA38 AFB80024 */  sw      $t8, 0x0024($sp)           
/* 0047C 8098EA3C 2605015C */  addiu   $a1, $s0, 0x015C           ## $a1 = 0000015C
/* 00480 8098EA40 AFA50020 */  sw      $a1, 0x0020($sp)           
/* 00484 8098EA44 0C038467 */  jal     func_800E119C              
/* 00488 8098EA48 02202025 */  or      $a0, $s1, $zero            ## $a0 = 00000000
/* 0048C 8098EA4C 3C058099 */  lui     $a1, %hi(D_8098EE8C)       ## $a1 = 80990000
/* 00490 8098EA50 24A5EE8C */  addiu   $a1, $a1, %lo(D_8098EE8C)  ## $a1 = 8098EE8C
/* 00494 8098EA54 0C03FEB7 */  jal     func_800FFADC              
/* 00498 8098EA58 02002025 */  or      $a0, $s0, $zero            ## $a0 = 00000000
/* 0049C 8098EA5C 3C060600 */  lui     $a2, 0x0600                ## $a2 = 06000000
/* 004A0 8098EA60 24C60B70 */  addiu   $a2, $a2, 0x0B70           ## $a2 = 06000B70
/* 004A4 8098EA64 02202025 */  or      $a0, $s1, $zero            ## $a0 = 00000000
/* 004A8 8098EA68 0C032B8D */  jal     func_800CAE34              
/* 004AC 8098EA6C 02002825 */  or      $a1, $s0, $zero            ## $a1 = 00000000
/* 004B0 8098EA70 3C078099 */  lui     $a3, %hi(D_8098EE60)       ## $a3 = 80990000
/* 004B4 8098EA74 24E7EE60 */  addiu   $a3, $a3, %lo(D_8098EE60)  ## $a3 = 8098EE60
/* 004B8 8098EA78 02202025 */  or      $a0, $s1, $zero            ## $a0 = 00000000
/* 004BC 8098EA7C 8FA50020 */  lw      $a1, 0x0020($sp)           
/* 004C0 8098EA80 0C0384C3 */  jal     func_800E130C              
/* 004C4 8098EA84 02003025 */  or      $a2, $s0, $zero            ## $a2 = 00000000
/* 004C8 8098EA88 02002025 */  or      $a0, $s0, $zero            ## $a0 = 00000000
/* 004CC 8098EA8C 0C039F7E */  jal     func_800E7DF8              
/* 004D0 8098EA90 8FA50020 */  lw      $a1, 0x0020($sp)           
/* 004D4 8098EA94 A6000018 */  sh      $zero, 0x0018($s0)         ## 00000018
/* 004D8 8098EA98 A6000034 */  sh      $zero, 0x0034($s0)         ## 00000034
/* 004DC 8098EA9C A60000C0 */  sh      $zero, 0x00C0($s0)         ## 000000C0
/* 004E0 8098EAA0 A6000030 */  sh      $zero, 0x0030($s0)         ## 00000030
/* 004E4 8098EAA4 A60000BC */  sh      $zero, 0x00BC($s0)         ## 000000BC
/* 004E8 8098EAA8 8FB90024 */  lw      $t9, 0x0024($sp)           
/* 004EC 8098EAAC 5720000F */  bnel    $t9, $zero, .L8098EAEC     
/* 004F0 8098EAB0 8FAB0024 */  lw      $t3, 0x0024($sp)           
/* 004F4 8098EAB4 8602001C */  lh      $v0, 0x001C($s0)           ## 0000001C
/* 004F8 8098EAB8 02202025 */  or      $a0, $s1, $zero            ## $a0 = 00000000
/* 004FC 8098EABC 00023203 */  sra     $a2, $v0,  8               
/* 00500 8098EAC0 30C6007F */  andi    $a2, $a2, 0x007F           ## $a2 = 00000000
/* 00504 8098EAC4 0C02A069 */  jal     func_800A81A4              
/* 00508 8098EAC8 3045003F */  andi    $a1, $v0, 0x003F           ## $a1 = 00000000
/* 0050C 8098EACC 50400007 */  beql    $v0, $zero, .L8098EAEC     
/* 00510 8098EAD0 8FAB0024 */  lw      $t3, 0x0024($sp)           
/* 00514 8098EAD4 8E090004 */  lw      $t1, 0x0004($s0)           ## 00000004
/* 00518 8098EAD8 24080001 */  addiu   $t0, $zero, 0x0001         ## $t0 = 00000001
/* 0051C 8098EADC A20801AC */  sb      $t0, 0x01AC($s0)           ## 000001AC
/* 00520 8098EAE0 352A0010 */  ori     $t2, $t1, 0x0010           ## $t2 = 00000010
/* 00524 8098EAE4 AE0A0004 */  sw      $t2, 0x0004($s0)           ## 00000004
/* 00528 8098EAE8 8FAB0024 */  lw      $t3, 0x0024($sp)           
.L8098EAEC:
/* 0052C 8098EAEC 24010001 */  addiu   $at, $zero, 0x0001         ## $at = 00000001
/* 00530 8098EAF0 02002025 */  or      $a0, $s0, $zero            ## $a0 = 00000000
/* 00534 8098EAF4 55610005 */  bnel    $t3, $at, .L8098EB0C       
/* 00538 8098EAF8 240CFFFF */  addiu   $t4, $zero, 0xFFFF         ## $t4 = FFFFFFFF
/* 0053C 8098EAFC 0C263970 */  jal     func_8098E5C0              
/* 00540 8098EB00 02202825 */  or      $a1, $s1, $zero            ## $a1 = 00000000
/* 00544 8098EB04 14400002 */  bne     $v0, $zero, .L8098EB10     
/* 00548 8098EB08 240CFFFF */  addiu   $t4, $zero, 0xFFFF         ## $t4 = FFFFFFFF
.L8098EB0C:
/* 0054C 8098EB0C A20C01AD */  sb      $t4, 0x01AD($s0)           ## 000001AD
.L8098EB10:
/* 00550 8098EB10 3C0D8099 */  lui     $t5, %hi(func_8098EC68)    ## $t5 = 80990000
/* 00554 8098EB14 25ADEC68 */  addiu   $t5, $t5, %lo(func_8098EC68) ## $t5 = 8098EC68
/* 00558 8098EB18 AE0D01A8 */  sw      $t5, 0x01A8($s0)           ## 000001A8
/* 0055C 8098EB1C 8FBF001C */  lw      $ra, 0x001C($sp)           
/* 00560 8098EB20 8FB00014 */  lw      $s0, 0x0014($sp)           
/* 00564 8098EB24 8FB10018 */  lw      $s1, 0x0018($sp)           
/* 00568 8098EB28 03E00008 */  jr      $ra                        
/* 0056C 8098EB2C 27BD0030 */  addiu   $sp, $sp, 0x0030           ## $sp = 00000000


glabel func_8098EB30
/* 00570 8098EB30 27BDFFE8 */  addiu   $sp, $sp, 0xFFE8           ## $sp = FFFFFFE8
/* 00574 8098EB34 AFBF0014 */  sw      $ra, 0x0014($sp)           
/* 00578 8098EB38 AFA40018 */  sw      $a0, 0x0018($sp)           
/* 0057C 8098EB3C 00A03825 */  or      $a3, $a1, $zero            ## $a3 = 00000000
/* 00580 8098EB40 8FA50018 */  lw      $a1, 0x0018($sp)           
/* 00584 8098EB44 00E02025 */  or      $a0, $a3, $zero            ## $a0 = 00000000
/* 00588 8098EB48 AFA7001C */  sw      $a3, 0x001C($sp)           
/* 0058C 8098EB4C 0C03847B */  jal     func_800E11EC              
/* 00590 8098EB50 24A5015C */  addiu   $a1, $a1, 0x015C           ## $a1 = 0000015C
/* 00594 8098EB54 8FA4001C */  lw      $a0, 0x001C($sp)           
/* 00598 8098EB58 8FAE0018 */  lw      $t6, 0x0018($sp)           
/* 0059C 8098EB5C 24850880 */  addiu   $a1, $a0, 0x0880           ## $a1 = 00000880
/* 005A0 8098EB60 0C031933 */  jal     func_800C64CC              
/* 005A4 8098EB64 8DC60144 */  lw      $a2, 0x0144($t6)           ## 00000144
/* 005A8 8098EB68 8FBF0014 */  lw      $ra, 0x0014($sp)           
/* 005AC 8098EB6C 27BD0018 */  addiu   $sp, $sp, 0x0018           ## $sp = 00000000
/* 005B0 8098EB70 03E00008 */  jr      $ra                        
/* 005B4 8098EB74 00000000 */  nop


glabel func_8098EB78
/* 005B8 8098EB78 27BDFFE0 */  addiu   $sp, $sp, 0xFFE0           ## $sp = FFFFFFE0
/* 005BC 8098EB7C AFBF0014 */  sw      $ra, 0x0014($sp)           
/* 005C0 8098EB80 00803025 */  or      $a2, $a0, $zero            ## $a2 = 00000000
/* 005C4 8098EB84 90C3016D */  lbu     $v1, 0x016D($a2)           ## 0000016D
/* 005C8 8098EB88 00003825 */  or      $a3, $zero, $zero          ## $a3 = 00000000
/* 005CC 8098EB8C 306E0002 */  andi    $t6, $v1, 0x0002           ## $t6 = 00000000
/* 005D0 8098EB90 51C0002D */  beql    $t6, $zero, .L8098EC48     
/* 005D4 8098EB94 84CA0018 */  lh      $t2, 0x0018($a2)           ## 00000018
/* 005D8 8098EB98 8CC20164 */  lw      $v0, 0x0164($a2)           ## 00000164
/* 005DC 8098EB9C 306FFFFD */  andi    $t7, $v1, 0xFFFD           ## $t7 = 00000000
/* 005E0 8098EBA0 A0CF016D */  sb      $t7, 0x016D($a2)           ## 0000016D
/* 005E4 8098EBA4 5040002C */  beql    $v0, $zero, .L8098EC58     
/* 005E8 8098EBA8 00E01025 */  or      $v0, $a3, $zero            ## $v0 = 00000000
/* 005EC 8098EBAC 8CD80198 */  lw      $t8, 0x0198($a2)           ## 00000198
/* 005F0 8098EBB0 24C40024 */  addiu   $a0, $a2, 0x0024           ## $a0 = 00000024
/* 005F4 8098EBB4 24450024 */  addiu   $a1, $v0, 0x0024           ## $a1 = 00000024
/* 005F8 8098EBB8 8F030000 */  lw      $v1, 0x0000($t8)           ## 00000000
/* 005FC 8098EBBC 0003C800 */  sll     $t9, $v1,  0               
/* 00600 8098EBC0 0721000C */  bgez    $t9, .L8098EBF4            
/* 00604 8098EBC4 30680008 */  andi    $t0, $v1, 0x0008           ## $t0 = 00000000
/* 00608 8098EBC8 0C05E9BE */  jal     func_8017A6F8              
/* 0060C 8098EBCC AFA00018 */  sw      $zero, 0x0018($sp)         
/* 00610 8098EBD0 3C0146C8 */  lui     $at, 0x46C8                ## $at = 46C80000
/* 00614 8098EBD4 44812000 */  mtc1    $at, $f4                   ## $f4 = 25600.00
/* 00618 8098EBD8 8FA70018 */  lw      $a3, 0x0018($sp)           
/* 0061C 8098EBDC 4604003C */  c.lt.s  $f0, $f4                   
/* 00620 8098EBE0 00000000 */  nop
/* 00624 8098EBE4 4502001C */  bc1fl   .L8098EC58                 
/* 00628 8098EBE8 00E01025 */  or      $v0, $a3, $zero            ## $v0 = 00000000
/* 0062C 8098EBEC 10000019 */  beq     $zero, $zero, .L8098EC54   
/* 00630 8098EBF0 24070001 */  addiu   $a3, $zero, 0x0001         ## $a3 = 00000001
.L8098EBF4:
/* 00634 8098EBF4 1100000E */  beq     $t0, $zero, .L8098EC30     
/* 00638 8098EBF8 30690500 */  andi    $t1, $v1, 0x0500           ## $t1 = 00000000
/* 0063C 8098EBFC 24C40024 */  addiu   $a0, $a2, 0x0024           ## $a0 = 00000024
/* 00640 8098EC00 24450024 */  addiu   $a1, $v0, 0x0024           ## $a1 = 00000024
/* 00644 8098EC04 0C05E9BE */  jal     func_8017A6F8              
/* 00648 8098EC08 AFA70018 */  sw      $a3, 0x0018($sp)           
/* 0064C 8098EC0C 3C018099 */  lui     $at, %hi(D_8098EEB0)       ## $at = 80990000
/* 00650 8098EC10 C426EEB0 */  lwc1    $f6, %lo(D_8098EEB0)($at)  
/* 00654 8098EC14 8FA70018 */  lw      $a3, 0x0018($sp)           
/* 00658 8098EC18 4606003C */  c.lt.s  $f0, $f6                   
/* 0065C 8098EC1C 00000000 */  nop
/* 00660 8098EC20 4502000D */  bc1fl   .L8098EC58                 
/* 00664 8098EC24 00E01025 */  or      $v0, $a3, $zero            ## $v0 = 00000000
/* 00668 8098EC28 1000000A */  beq     $zero, $zero, .L8098EC54   
/* 0066C 8098EC2C 24070001 */  addiu   $a3, $zero, 0x0001         ## $a3 = 00000001
.L8098EC30:
/* 00670 8098EC30 51200009 */  beql    $t1, $zero, .L8098EC58     
/* 00674 8098EC34 00E01025 */  or      $v0, $a3, $zero            ## $v0 = 00000001
/* 00678 8098EC38 24070001 */  addiu   $a3, $zero, 0x0001         ## $a3 = 00000001
/* 0067C 8098EC3C 10000006 */  beq     $zero, $zero, .L8098EC58   
/* 00680 8098EC40 00E01025 */  or      $v0, $a3, $zero            ## $v0 = 00000001
/* 00684 8098EC44 84CA0018 */  lh      $t2, 0x0018($a2)           ## 00000018
.L8098EC48:
/* 00688 8098EC48 51400003 */  beql    $t2, $zero, .L8098EC58     
/* 0068C 8098EC4C 00E01025 */  or      $v0, $a3, $zero            ## $v0 = 00000001
/* 00690 8098EC50 24070001 */  addiu   $a3, $zero, 0x0001         ## $a3 = 00000001
.L8098EC54:
/* 00694 8098EC54 00E01025 */  or      $v0, $a3, $zero            ## $v0 = 00000001
.L8098EC58:
/* 00698 8098EC58 8FBF0014 */  lw      $ra, 0x0014($sp)           
/* 0069C 8098EC5C 27BD0020 */  addiu   $sp, $sp, 0x0020           ## $sp = 00000000
/* 006A0 8098EC60 03E00008 */  jr      $ra                        
/* 006A4 8098EC64 00000000 */  nop


glabel func_8098EC68
/* 006A8 8098EC68 27BDFFE0 */  addiu   $sp, $sp, 0xFFE0           ## $sp = FFFFFFE0
/* 006AC 8098EC6C AFB10018 */  sw      $s1, 0x0018($sp)           
/* 006B0 8098EC70 AFB00014 */  sw      $s0, 0x0014($sp)           
/* 006B4 8098EC74 00808025 */  or      $s0, $a0, $zero            ## $s0 = 00000000
/* 006B8 8098EC78 00A08825 */  or      $s1, $a1, $zero            ## $s1 = 00000000
/* 006BC 8098EC7C AFBF001C */  sw      $ra, 0x001C($sp)           
/* 006C0 8098EC80 0C263ADE */  jal     func_8098EB78              
/* 006C4 8098EC84 02002025 */  or      $a0, $s0, $zero            ## $a0 = 00000000
/* 006C8 8098EC88 10400015 */  beq     $v0, $zero, .L8098ECE0     
/* 006CC 8098EC8C 3C014416 */  lui     $at, 0x4416                ## $at = 44160000
/* 006D0 8098EC90 02002025 */  or      $a0, $s0, $zero            ## $a0 = 00000000
/* 006D4 8098EC94 0C26398B */  jal     func_8098E62C              
/* 006D8 8098EC98 02202825 */  or      $a1, $s1, $zero            ## $a1 = 00000000
/* 006DC 8098EC9C 02202025 */  or      $a0, $s1, $zero            ## $a0 = 00000000
/* 006E0 8098ECA0 26050024 */  addiu   $a1, $s0, 0x0024           ## $a1 = 00000024
/* 006E4 8098ECA4 24060014 */  addiu   $a2, $zero, 0x0014         ## $a2 = 00000014
/* 006E8 8098ECA8 0C03C15A */  jal     func_800F0568              
/* 006EC 8098ECAC 240728AA */  addiu   $a3, $zero, 0x28AA         ## $a3 = 000028AA
/* 006F0 8098ECB0 8E0E0004 */  lw      $t6, 0x0004($s0)           ## 00000004
/* 006F4 8098ECB4 02202025 */  or      $a0, $s1, $zero            ## $a0 = 00000000
/* 006F8 8098ECB8 26250880 */  addiu   $a1, $s1, 0x0880           ## $a1 = 00000880
/* 006FC 8098ECBC 35CF0010 */  ori     $t7, $t6, 0x0010           ## $t7 = 00000010
/* 00700 8098ECC0 AE0F0004 */  sw      $t7, 0x0004($s0)           ## 00000004
/* 00704 8098ECC4 0C0318AF */  jal     func_800C62BC              
/* 00708 8098ECC8 8E060144 */  lw      $a2, 0x0144($s0)           ## 00000144
/* 0070C 8098ECCC 3C188099 */  lui     $t8, %hi(func_8098ED20)    ## $t8 = 80990000
/* 00710 8098ECD0 2718ED20 */  addiu   $t8, $t8, %lo(func_8098ED20) ## $t8 = 8098ED20
/* 00714 8098ECD4 AE00013C */  sw      $zero, 0x013C($s0)         ## 0000013C
/* 00718 8098ECD8 1000000C */  beq     $zero, $zero, .L8098ED0C   
/* 0071C 8098ECDC AE1801A8 */  sw      $t8, 0x01A8($s0)           ## 000001A8
.L8098ECE0:
/* 00720 8098ECE0 C6040098 */  lwc1    $f4, 0x0098($s0)           ## 00000098
/* 00724 8098ECE4 44813000 */  mtc1    $at, $f6                   ## $f6 = 0.00
/* 00728 8098ECE8 3C010001 */  lui     $at, 0x0001                ## $at = 00010000
/* 0072C 8098ECEC 34218884 */  ori     $at, $at, 0x8884           ## $at = 00018884
/* 00730 8098ECF0 4606203C */  c.lt.s  $f4, $f6                   
/* 00734 8098ECF4 02212821 */  addu    $a1, $s1, $at              
/* 00738 8098ECF8 02202025 */  or      $a0, $s1, $zero            ## $a0 = 00000000
/* 0073C 8098ECFC 45020004 */  bc1fl   .L8098ED10                 
/* 00740 8098ED00 8FBF001C */  lw      $ra, 0x001C($sp)           
/* 00744 8098ED04 0C0389D0 */  jal     func_800E2740              
/* 00748 8098ED08 2606015C */  addiu   $a2, $s0, 0x015C           ## $a2 = 0000015C
.L8098ED0C:
/* 0074C 8098ED0C 8FBF001C */  lw      $ra, 0x001C($sp)           
.L8098ED10:
/* 00750 8098ED10 8FB00014 */  lw      $s0, 0x0014($sp)           
/* 00754 8098ED14 8FB10018 */  lw      $s1, 0x0018($sp)           
/* 00758 8098ED18 03E00008 */  jr      $ra                        
/* 0075C 8098ED1C 27BD0020 */  addiu   $sp, $sp, 0x0020           ## $sp = 00000000


glabel func_8098ED20
/* 00760 8098ED20 27BDFFE8 */  addiu   $sp, $sp, 0xFFE8           ## $sp = FFFFFFE8
/* 00764 8098ED24 AFBF0014 */  sw      $ra, 0x0014($sp)           
/* 00768 8098ED28 AFA40018 */  sw      $a0, 0x0018($sp)           
/* 0076C 8098ED2C 0C263A71 */  jal     func_8098E9C4              
/* 00770 8098ED30 8FA40018 */  lw      $a0, 0x0018($sp)           
/* 00774 8098ED34 0C02D9C3 */  jal     func_800B670C              
/* 00778 8098ED38 8FA40018 */  lw      $a0, 0x0018($sp)           
/* 0077C 8098ED3C 8FBF0014 */  lw      $ra, 0x0014($sp)           
/* 00780 8098ED40 27BD0018 */  addiu   $sp, $sp, 0x0018           ## $sp = 00000000
/* 00784 8098ED44 03E00008 */  jr      $ra                        
/* 00788 8098ED48 00000000 */  nop


glabel func_8098ED4C
/* 0078C 8098ED4C 27BDFFE8 */  addiu   $sp, $sp, 0xFFE8           ## $sp = FFFFFFE8
/* 00790 8098ED50 AFBF0014 */  sw      $ra, 0x0014($sp)           
/* 00794 8098ED54 AFA5001C */  sw      $a1, 0x001C($sp)           
/* 00798 8098ED58 00803025 */  or      $a2, $a0, $zero            ## $a2 = 00000000
/* 0079C 8098ED5C 80CE01AC */  lb      $t6, 0x01AC($a2)           ## 000001AC
/* 007A0 8098ED60 8FAF001C */  lw      $t7, 0x001C($sp)           
/* 007A4 8098ED64 51C00005 */  beql    $t6, $zero, .L8098ED7C     
/* 007A8 8098ED68 80C201AD */  lb      $v0, 0x01AD($a2)           ## 000001AD
/* 007AC 8098ED6C 91F81CA5 */  lbu     $t8, 0x1CA5($t7)           ## 00001CA5
/* 007B0 8098ED70 37190008 */  ori     $t9, $t8, 0x0008           ## $t9 = 00000008
/* 007B4 8098ED74 A1F91CA5 */  sb      $t9, 0x1CA5($t7)           ## 00001CA5
/* 007B8 8098ED78 80C201AD */  lb      $v0, 0x01AD($a2)           ## 000001AD
.L8098ED7C:
/* 007BC 8098ED7C 0442001B */  bltzl   $v0, .L8098EDEC            
/* 007C0 8098ED80 8CD901A8 */  lw      $t9, 0x01A8($a2)           ## 000001A8
/* 007C4 8098ED84 14400017 */  bne     $v0, $zero, .L8098EDE4     
/* 007C8 8098ED88 2449FFFF */  addiu   $t1, $v0, 0xFFFF           ## $t1 = FFFFFFFF
/* 007CC 8098ED8C 00C02025 */  or      $a0, $a2, $zero            ## $a0 = 00000000
/* 007D0 8098ED90 240539DA */  addiu   $a1, $zero, 0x39DA         ## $a1 = 000039DA
/* 007D4 8098ED94 0C02E3B2 */  jal     func_800B8EC8              
/* 007D8 8098ED98 AFA60018 */  sw      $a2, 0x0018($sp)           
/* 007DC 8098ED9C 0C021BF7 */  jal     func_80086FDC              
/* 007E0 8098EDA0 00000000 */  nop
/* 007E4 8098EDA4 3C018099 */  lui     $at, %hi(D_8098EEB4)       ## $at = 80990000
/* 007E8 8098EDA8 C424EEB4 */  lwc1    $f4, %lo(D_8098EEB4)($at)  
/* 007EC 8098EDAC 8FA60018 */  lw      $a2, 0x0018($sp)           
/* 007F0 8098EDB0 24040028 */  addiu   $a0, $zero, 0x0028         ## $a0 = 00000028
/* 007F4 8098EDB4 4604003C */  c.lt.s  $f0, $f4                   
/* 007F8 8098EDB8 24050050 */  addiu   $a1, $zero, 0x0050         ## $a1 = 00000050
/* 007FC 8098EDBC 24080008 */  addiu   $t0, $zero, 0x0008         ## $t0 = 00000008
/* 00800 8098EDC0 45000006 */  bc1f    .L8098EDDC                 
/* 00804 8098EDC4 00000000 */  nop
/* 00808 8098EDC8 0C03FD14 */  jal     func_800FF450              
/* 0080C 8098EDCC AFA60018 */  sw      $a2, 0x0018($sp)           
/* 00810 8098EDD0 8FA60018 */  lw      $a2, 0x0018($sp)           
/* 00814 8098EDD4 10000004 */  beq     $zero, $zero, .L8098EDE8   
/* 00818 8098EDD8 A0C201AD */  sb      $v0, 0x01AD($a2)           ## 000001AD
.L8098EDDC:
/* 0081C 8098EDDC 10000002 */  beq     $zero, $zero, .L8098EDE8   
/* 00820 8098EDE0 A0C801AD */  sb      $t0, 0x01AD($a2)           ## 000001AD
.L8098EDE4:
/* 00824 8098EDE4 A0C901AD */  sb      $t1, 0x01AD($a2)           ## 000001AD
.L8098EDE8:
/* 00828 8098EDE8 8CD901A8 */  lw      $t9, 0x01A8($a2)           ## 000001A8
.L8098EDEC:
/* 0082C 8098EDEC 00C02025 */  or      $a0, $a2, $zero            ## $a0 = 00000000
/* 00830 8098EDF0 8FA5001C */  lw      $a1, 0x001C($sp)           
/* 00834 8098EDF4 0320F809 */  jalr    $ra, $t9                   
/* 00838 8098EDF8 00000000 */  nop
/* 0083C 8098EDFC 8FBF0014 */  lw      $ra, 0x0014($sp)           
/* 00840 8098EE00 27BD0018 */  addiu   $sp, $sp, 0x0018           ## $sp = 00000000
/* 00844 8098EE04 03E00008 */  jr      $ra                        
/* 00848 8098EE08 00000000 */  nop


glabel func_8098EE0C
/* 0084C 8098EE0C 27BDFFE8 */  addiu   $sp, $sp, 0xFFE8           ## $sp = FFFFFFE8
/* 00850 8098EE10 AFBF0014 */  sw      $ra, 0x0014($sp)           
/* 00854 8098EE14 AFA40018 */  sw      $a0, 0x0018($sp)           
/* 00858 8098EE18 00A03025 */  or      $a2, $a1, $zero            ## $a2 = 00000000
/* 0085C 8098EE1C 3C050600 */  lui     $a1, 0x0600                ## $a1 = 06000000
/* 00860 8098EE20 24A50960 */  addiu   $a1, $a1, 0x0960           ## $a1 = 06000960
/* 00864 8098EE24 0C02F7F0 */  jal     func_800BDFC0              
/* 00868 8098EE28 00C02025 */  or      $a0, $a2, $zero            ## $a0 = 00000000
/* 0086C 8098EE2C 8FBF0014 */  lw      $ra, 0x0014($sp)           
/* 00870 8098EE30 27BD0018 */  addiu   $sp, $sp, 0x0018           ## $sp = 00000000
/* 00874 8098EE34 03E00008 */  jr      $ra                        
/* 00878 8098EE38 00000000 */  nop
/* 0087C 8098EE3C 00000000 */  nop

.section .data

D_8098EE40: .word 0x00E50100, 0x00000000, 0x01330000, 0x000001B0
.word func_8098EA08
.word func_8098EB30
.word func_8098ED4C
.word func_8098EE0C
D_8098EE60: .word \
0x0A000900, 0x20010000, 0x00000000, 0x00000000, \
0x00000000, 0x80000508, 0x00000000, 0x00010000, \
0x001F0030, 0x00000000, 0x00000000
D_8098EE8C: .word \
0xC8580064, 0xB0FC07D0, 0xB10000C8, 0x310400C8, \
0x00000000

.section .rodata

D_8098EEA0: .word 0x3E4CCCCD
D_8098EEA4: .word 0x3E4CCCCD
D_8098EEA8: .word 0x3D4CCCCD
D_8098EEAC: .word 0x3F333333
D_8098EEB0: .word 0x461C4000
D_8098EEB4: .word 0x3DCCCCCD, 0x00000000, 0x00000000


.section .rodata
D_8098EEC0:
.incbin "baserom/Obj_Kibako2", 0x900, 0x000000A0
