.include "macro.inc"

# assembler directives
.set noat      # allow manual use of $at
.set noreorder # don't insert nops after branches
.set gp=64     # allow use of 64-bit general purpose registers

.section .text
glabel func_80A35510
/* 00000 80A35510 27BDFFC0 */  addiu   $sp, $sp, 0xFFC0           ## $sp = FFFFFFC0
/* 00004 80A35514 AFBF0014 */  sw      $ra, 0x0014($sp)           
/* 00008 80A35518 00803025 */  or      $a2, $a0, $zero            ## $a2 = 00000000
/* 0000C 80A3551C 14A00007 */  bne     $a1, $zero, .L80A3553C     
/* 00010 80A35520 00003825 */  or      $a3, $zero, $zero          ## $a3 = 00000000
/* 00014 80A35524 3C01447A */  lui     $at, 0x447A                ## $at = 447A0000
/* 00018 80A35528 44816000 */  mtc1    $at, $f12                  ## $f12 = 1000.00
/* 0001C 80A3552C C4C2021C */  lwc1    $f2, 0x021C($a2)           ## 0000021C
/* 00020 80A35530 460C103C */  c.lt.s  $f2, $f12                  
/* 00024 80A35534 00000000 */  nop
/* 00028 80A35538 4501000E */  bc1t    .L80A35574                 
.L80A3553C:
/* 0002C 80A3553C 3C01447A */  lui     $at, 0x447A                ## $at = 447A0000
/* 00030 80A35540 44816000 */  mtc1    $at, $f12                  ## $f12 = 1000.00
/* 00034 80A35544 24020001 */  addiu   $v0, $zero, 0x0001         ## $v0 = 00000001
/* 00038 80A35548 14A20007 */  bne     $a1, $v0, .L80A35568       
/* 0003C 80A3554C C4C2021C */  lwc1    $f2, 0x021C($a2)           ## 0000021C
/* 00040 80A35550 3C01457A */  lui     $at, 0x457A                ## $at = 457A0000
/* 00044 80A35554 44812000 */  mtc1    $at, $f4                   ## $f4 = 4000.00
/* 00048 80A35558 00000000 */  nop
/* 0004C 80A3555C 4604103C */  c.lt.s  $f2, $f4                   
/* 00050 80A35560 00000000 */  nop
/* 00054 80A35564 45010003 */  bc1t    .L80A35574                 
.L80A35568:
/* 00058 80A35568 24010002 */  addiu   $at, $zero, 0x0002         ## $at = 00000002
/* 0005C 80A3556C 14A10003 */  bne     $a1, $at, .L80A3557C       
/* 00060 80A35570 00000000 */  nop
.L80A35574:
/* 00064 80A35574 24020001 */  addiu   $v0, $zero, 0x0001         ## $v0 = 00000001
/* 00068 80A35578 00403825 */  or      $a3, $v0, $zero            ## $a3 = 00000001
.L80A3557C:
/* 0006C 80A3557C 10A00008 */  beq     $a1, $zero, .L80A355A0     
/* 00070 80A35580 27A40034 */  addiu   $a0, $sp, 0x0034           ## $a0 = FFFFFFF4
/* 00074 80A35584 10A20012 */  beq     $a1, $v0, .L80A355D0       
/* 00078 80A35588 3C0180A3 */  lui     $at, %hi(D_80A35F20)       ## $at = 80A30000
/* 0007C 80A3558C 24010002 */  addiu   $at, $zero, 0x0002         ## $at = 00000002
/* 00080 80A35590 10A1001C */  beq     $a1, $at, .L80A35604       
/* 00084 80A35594 00000000 */  nop
/* 00088 80A35598 10000020 */  beq     $zero, $zero, .L80A3561C   
/* 0008C 80A3559C 44800000 */  mtc1    $zero, $f0                 ## $f0 = 0.00
.L80A355A0:
/* 00090 80A355A0 4602603C */  c.lt.s  $f12, $f2                  
/* 00094 80A355A4 3C01437A */  lui     $at, 0x437A                ## $at = 437A0000
/* 00098 80A355A8 45020005 */  bc1fl   .L80A355C0                 
/* 0009C 80A355AC 46006006 */  mov.s   $f0, $f12                  
/* 000A0 80A355B0 44810000 */  mtc1    $at, $f0                   ## $f0 = 250.00
/* 000A4 80A355B4 10000003 */  beq     $zero, $zero, .L80A355C4   
/* 000A8 80A355B8 46001180 */  add.s   $f6, $f2, $f0              
/* 000AC 80A355BC 46006006 */  mov.s   $f0, $f12                  
.L80A355C0:
/* 000B0 80A355C0 46001180 */  add.s   $f6, $f2, $f0              
.L80A355C4:
/* 000B4 80A355C4 E4C6021C */  swc1    $f6, 0x021C($a2)           ## 0000021C
/* 000B8 80A355C8 10000013 */  beq     $zero, $zero, .L80A35618   
/* 000BC 80A355CC C4C2021C */  lwc1    $f2, 0x021C($a2)           ## 0000021C
.L80A355D0:
/* 000C0 80A355D0 C42C5F20 */  lwc1    $f12, %lo(D_80A35F20)($at) 
/* 000C4 80A355D4 3C0180A3 */  lui     $at, %hi(D_80A35F24)       ## $at = 80A30000
/* 000C8 80A355D8 4602603C */  c.lt.s  $f12, $f2                  
/* 000CC 80A355DC 00000000 */  nop
/* 000D0 80A355E0 45020004 */  bc1fl   .L80A355F4                 
/* 000D4 80A355E4 46006006 */  mov.s   $f0, $f12                  
/* 000D8 80A355E8 10000002 */  beq     $zero, $zero, .L80A355F4   
/* 000DC 80A355EC C4205F24 */  lwc1    $f0, %lo(D_80A35F24)($at)  
/* 000E0 80A355F0 46006006 */  mov.s   $f0, $f12                  
.L80A355F4:
/* 000E4 80A355F4 46001200 */  add.s   $f8, $f2, $f0              
/* 000E8 80A355F8 E4C8021C */  swc1    $f8, 0x021C($a2)           ## 0000021C
/* 000EC 80A355FC 10000006 */  beq     $zero, $zero, .L80A35618   
/* 000F0 80A35600 C4C2021C */  lwc1    $f2, 0x021C($a2)           ## 0000021C
.L80A35604:
/* 000F4 80A35604 3C0180A3 */  lui     $at, %hi(D_80A35F28)       ## $at = 80A30000
/* 000F8 80A35608 C42A5F28 */  lwc1    $f10, %lo(D_80A35F28)($at) 
/* 000FC 80A3560C 460A1400 */  add.s   $f16, $f2, $f10            
/* 00100 80A35610 E4D0021C */  swc1    $f16, 0x021C($a2)          ## 0000021C
/* 00104 80A35614 C4C2021C */  lwc1    $f2, 0x021C($a2)           ## 0000021C
.L80A35618:
/* 00108 80A35618 44800000 */  mtc1    $zero, $f0                 ## $f0 = 0.00
.L80A3561C:
/* 0010C 80A3561C 3C0180A3 */  lui     $at, %hi(D_80A35F2C)       ## $at = 80A30000
/* 00110 80A35620 24C501DA */  addiu   $a1, $a2, 0x01DA           ## $a1 = 000001DA
/* 00114 80A35624 4600103C */  c.lt.s  $f2, $f0                   
/* 00118 80A35628 00000000 */  nop
/* 0011C 80A3562C 45000003 */  bc1f    .L80A3563C                 
/* 00120 80A35630 00000000 */  nop
/* 00124 80A35634 1000000A */  beq     $zero, $zero, .L80A35660   
/* 00128 80A35638 E4C0021C */  swc1    $f0, 0x021C($a2)           ## 0000021C
.L80A3563C:
/* 0012C 80A3563C C42C5F2C */  lwc1    $f12, %lo(D_80A35F2C)($at) 
/* 00130 80A35640 4602603C */  c.lt.s  $f12, $f2                  
/* 00134 80A35644 00000000 */  nop
/* 00138 80A35648 45020004 */  bc1fl   .L80A3565C                 
/* 0013C 80A3564C 46001006 */  mov.s   $f0, $f2                   
/* 00140 80A35650 10000002 */  beq     $zero, $zero, .L80A3565C   
/* 00144 80A35654 46006006 */  mov.s   $f0, $f12                  
/* 00148 80A35658 46001006 */  mov.s   $f0, $f2                   
.L80A3565C:
/* 0014C 80A3565C E4C0021C */  swc1    $f0, 0x021C($a2)           ## 0000021C
.L80A35660:
/* 00150 80A35660 54E20019 */  bnel    $a3, $v0, .L80A356C8       
/* 00154 80A35664 00E01025 */  or      $v0, $a3, $zero            ## $v0 = 00000001
/* 00158 80A35668 AFA60040 */  sw      $a2, 0x0040($sp)           
/* 0015C 80A3566C 0C03FD53 */  jal     func_800FF54C              
/* 00160 80A35670 AFA70024 */  sw      $a3, 0x0024($sp)           
/* 00164 80A35674 8FA60040 */  lw      $a2, 0x0040($sp)           
/* 00168 80A35678 27A40028 */  addiu   $a0, $sp, 0x0028           ## $a0 = FFFFFFE8
/* 0016C 80A3567C 0C03FD43 */  jal     func_800FF50C              
/* 00170 80A35680 24C50024 */  addiu   $a1, $a2, 0x0024           ## $a1 = 00000024
/* 00174 80A35684 27A40034 */  addiu   $a0, $sp, 0x0034           ## $a0 = FFFFFFF4
/* 00178 80A35688 0C03FE98 */  jal     func_800FFA60              
/* 0017C 80A3568C 27A50028 */  addiu   $a1, $sp, 0x0028           ## $a1 = FFFFFFE8
/* 00180 80A35690 8FA60040 */  lw      $a2, 0x0040($sp)           
/* 00184 80A35694 8FA70024 */  lw      $a3, 0x0024($sp)           
/* 00188 80A35698 84C3020C */  lh      $v1, 0x020C($a2)           ## 0000020C
/* 0018C 80A3569C A4C20032 */  sh      $v0, 0x0032($a2)           ## 00000032
/* 00190 80A356A0 28614001 */  slti    $at, $v1, 0x4001           
/* 00194 80A356A4 10200006 */  beq     $at, $zero, .L80A356C0     
/* 00198 80A356A8 246F4000 */  addiu   $t7, $v1, 0x4000           ## $t7 = 00004000
/* 0019C 80A356AC 2861C000 */  slti    $at, $v1, 0xC000           
/* 001A0 80A356B0 14200003 */  bne     $at, $zero, .L80A356C0     
/* 001A4 80A356B4 246EC000 */  addiu   $t6, $v1, 0xC000           ## $t6 = FFFFC000
/* 001A8 80A356B8 10000002 */  beq     $zero, $zero, .L80A356C4   
/* 001AC 80A356BC A4CE020C */  sh      $t6, 0x020C($a2)           ## 0000020C
.L80A356C0:
/* 001B0 80A356C0 A4CF020C */  sh      $t7, 0x020C($a2)           ## 0000020C
.L80A356C4:
/* 001B4 80A356C4 00E01025 */  or      $v0, $a3, $zero            ## $v0 = 00000000
.L80A356C8:
/* 001B8 80A356C8 8FBF0014 */  lw      $ra, 0x0014($sp)           
/* 001BC 80A356CC 27BD0040 */  addiu   $sp, $sp, 0x0040           ## $sp = 00000000
/* 001C0 80A356D0 03E00008 */  jr      $ra                        
/* 001C4 80A356D4 00000000 */  nop


glabel func_80A356D8
/* 001C8 80A356D8 27BDFFE0 */  addiu   $sp, $sp, 0xFFE0           ## $sp = FFFFFFE0
/* 001CC 80A356DC AFB00018 */  sw      $s0, 0x0018($sp)           
/* 001D0 80A356E0 00808025 */  or      $s0, $a0, $zero            ## $s0 = 00000000
/* 001D4 80A356E4 AFBF001C */  sw      $ra, 0x001C($sp)           
/* 001D8 80A356E8 8605020C */  lh      $a1, 0x020C($s0)           ## 0000020C
/* 001DC 80A356EC 860E0032 */  lh      $t6, 0x0032($s0)           ## 00000032
/* 001E0 80A356F0 28A14000 */  slti    $at, $a1, 0x4000           
/* 001E4 80A356F4 10200004 */  beq     $at, $zero, .L80A35708     
/* 001E8 80A356F8 A60E0212 */  sh      $t6, 0x0212($s0)           ## 00000212
/* 001EC 80A356FC 28A1C001 */  slti    $at, $a1, 0xC001           
/* 001F0 80A35700 50200007 */  beql    $at, $zero, .L80A35720     
/* 001F4 80A35704 00052400 */  sll     $a0, $a1, 16               
.L80A35708:
/* 001F8 80A35708 860F0212 */  lh      $t7, 0x0212($s0)           ## 00000212
/* 001FC 80A3570C 24018000 */  addiu   $at, $zero, 0x8000         ## $at = FFFF8000
/* 00200 80A35710 8605020C */  lh      $a1, 0x020C($s0)           ## 0000020C
/* 00204 80A35714 01E1C021 */  addu    $t8, $t7, $at              
/* 00208 80A35718 A6180212 */  sh      $t8, 0x0212($s0)           ## 00000212
/* 0020C 80A3571C 00052400 */  sll     $a0, $a1, 16               
.L80A35720:
/* 00210 80A35720 0C03FB61 */  jal     func_800FED84              
/* 00214 80A35724 00042403 */  sra     $a0, $a0, 16               
/* 00218 80A35728 C604021C */  lwc1    $f4, 0x021C($s0)           ## 0000021C
/* 0021C 80A3572C 86190014 */  lh      $t9, 0x0014($s0)           ## 00000014
/* 00220 80A35730 3C063CF5 */  lui     $a2, 0x3CF5                ## $a2 = 3CF50000
/* 00224 80A35734 46040082 */  mul.s   $f2, $f0, $f4              
/* 00228 80A35738 A6190030 */  sh      $t9, 0x0030($s0)           ## 00000030
/* 0022C 80A3573C 86080030 */  lh      $t0, 0x0030($s0)           ## 00000030
/* 00230 80A35740 34C6C28F */  ori     $a2, $a2, 0xC28F           ## $a2 = 3CF5C28F
/* 00234 80A35744 2604021C */  addiu   $a0, $s0, 0x021C           ## $a0 = 0000021C
/* 00238 80A35748 24050000 */  addiu   $a1, $zero, 0x0000         ## $a1 = 00000000
/* 0023C 80A3574C 3C07428C */  lui     $a3, 0x428C                ## $a3 = 428C0000
/* 00240 80A35750 4600118D */  trunc.w.s $f6, $f2                   
/* 00244 80A35754 E6020220 */  swc1    $f2, 0x0220($s0)           ## 00000220
/* 00248 80A35758 440C3000 */  mfc1    $t4, $f6                   
/* 0024C 80A3575C 00000000 */  nop
/* 00250 80A35760 010C6821 */  addu    $t5, $t0, $t4              
/* 00254 80A35764 0C03FF7E */  jal     func_800FFDF8              
/* 00258 80A35768 A60D0030 */  sh      $t5, 0x0030($s0)           ## 00000030
/* 0025C 80A3576C 44804000 */  mtc1    $zero, $f8                 ## $f8 = 0.00
/* 00260 80A35770 C60A021C */  lwc1    $f10, 0x021C($s0)          ## 0000021C
/* 00264 80A35774 00001025 */  or      $v0, $zero, $zero          ## $v0 = 00000000
/* 00268 80A35778 460A403C */  c.lt.s  $f8, $f10                  
/* 0026C 80A3577C 00000000 */  nop
/* 00270 80A35780 45000004 */  bc1f    .L80A35794                 
/* 00274 80A35784 00000000 */  nop
/* 00278 80A35788 860E020C */  lh      $t6, 0x020C($s0)           ## 0000020C
/* 0027C 80A3578C 25CFF800 */  addiu   $t7, $t6, 0xF800           ## $t7 = FFFFF800
/* 00280 80A35790 A60F020C */  sh      $t7, 0x020C($s0)           ## 0000020C
.L80A35794:
/* 00284 80A35794 8FBF001C */  lw      $ra, 0x001C($sp)           
/* 00288 80A35798 8FB00018 */  lw      $s0, 0x0018($sp)           
/* 0028C 80A3579C 27BD0020 */  addiu   $sp, $sp, 0x0020           ## $sp = 00000000
/* 00290 80A357A0 03E00008 */  jr      $ra                        
/* 00294 80A357A4 00000000 */  nop


glabel func_80A357A8
/* 00298 80A357A8 27BDFFD8 */  addiu   $sp, $sp, 0xFFD8           ## $sp = FFFFFFD8
/* 0029C 80A357AC AFB00020 */  sw      $s0, 0x0020($sp)           
/* 002A0 80A357B0 00808025 */  or      $s0, $a0, $zero            ## $s0 = 00000000
/* 002A4 80A357B4 AFBF0024 */  sw      $ra, 0x0024($sp)           
/* 002A8 80A357B8 AFA5002C */  sw      $a1, 0x002C($sp)           
/* 002AC 80A357BC 9202016E */  lbu     $v0, 0x016E($s0)           ## 0000016E
/* 002B0 80A357C0 3C0180A3 */  lui     $at, %hi(D_80A35F30)       ## $at = 80A30000
/* 002B4 80A357C4 304E0002 */  andi    $t6, $v0, 0x0002           ## $t6 = 00000000
/* 002B8 80A357C8 11C00027 */  beq     $t6, $zero, .L80A35868     
/* 002BC 80A357CC 304FFFFD */  andi    $t7, $v0, 0xFFFD           ## $t7 = 00000000
/* 002C0 80A357D0 86070092 */  lh      $a3, 0x0092($s0)           ## 00000092
/* 002C4 80A357D4 86180212 */  lh      $t8, 0x0212($s0)           ## 00000212
/* 002C8 80A357D8 A20F016E */  sb      $t7, 0x016E($s0)           ## 0000016E
/* 002CC 80A357DC C4265F30 */  lwc1    $f6, %lo(D_80A35F30)($at)  
/* 002D0 80A357E0 00F81823 */  subu    $v1, $a3, $t8              
/* 002D4 80A357E4 C604021C */  lwc1    $f4, 0x021C($s0)           ## 0000021C
/* 002D8 80A357E8 00031C00 */  sll     $v1, $v1, 16               
/* 002DC 80A357EC 00031C03 */  sra     $v1, $v1, 16               
/* 002E0 80A357F0 04610003 */  bgez    $v1, .L80A35800            
/* 002E4 80A357F4 46062003 */  div.s   $f0, $f4, $f6              
/* 002E8 80A357F8 10000002 */  beq     $zero, $zero, .L80A35804   
/* 002EC 80A357FC 00031023 */  subu    $v0, $zero, $v1            
.L80A35800:
/* 002F0 80A35800 00601025 */  or      $v0, $v1, $zero            ## $v0 = 00000000
.L80A35804:
/* 002F4 80A35804 28413FFC */  slti    $at, $v0, 0x3FFC           
/* 002F8 80A35808 50200018 */  beql    $at, $zero, .L80A3586C     
/* 002FC 80A3580C 920301C5 */  lbu     $v1, 0x01C5($s0)           ## 000001C5
/* 00300 80A35810 86190214 */  lh      $t9, 0x0214($s0)           ## 00000214
/* 00304 80A35814 3C0180A3 */  lui     $at, %hi(D_80A35F34)       ## $at = 80A30000
/* 00308 80A35818 57200014 */  bnel    $t9, $zero, .L80A3586C     
/* 0030C 80A3581C 920301C5 */  lbu     $v1, 0x01C5($s0)           ## 000001C5
/* 00310 80A35820 C4285F34 */  lwc1    $f8, %lo(D_80A35F34)($at)  
/* 00314 80A35824 3C014100 */  lui     $at, 0x4100                ## $at = 41000000
/* 00318 80A35828 4600403C */  c.lt.s  $f8, $f0                   
/* 0031C 80A3582C 00000000 */  nop
/* 00320 80A35830 4502000E */  bc1fl   .L80A3586C                 
/* 00324 80A35834 920301C5 */  lbu     $v1, 0x01C5($s0)           ## 000001C5
/* 00328 80A35838 44815000 */  mtc1    $at, $f10                  ## $f10 = 8.00
/* 0032C 80A3583C 3C014130 */  lui     $at, 0x4130                ## $at = 41300000
/* 00330 80A35840 44819000 */  mtc1    $at, $f18                  ## $f18 = 11.00
/* 00334 80A35844 46005402 */  mul.s   $f16, $f10, $f0            
/* 00338 80A35848 8FA4002C */  lw      $a0, 0x002C($sp)           
/* 0033C 80A3584C 02002825 */  or      $a1, $s0, $zero            ## $a1 = 00000000
/* 00340 80A35850 46009102 */  mul.s   $f4, $f18, $f0             
/* 00344 80A35854 44068000 */  mfc1    $a2, $f16                  
/* 00348 80A35858 0C02E366 */  jal     func_800B8D98              
/* 0034C 80A3585C E7A40010 */  swc1    $f4, 0x0010($sp)           
/* 00350 80A35860 2408001E */  addiu   $t0, $zero, 0x001E         ## $t0 = 0000001E
/* 00354 80A35864 A6080214 */  sh      $t0, 0x0214($s0)           ## 00000214
.L80A35868:
/* 00358 80A35868 920301C5 */  lbu     $v1, 0x01C5($s0)           ## 000001C5
.L80A3586C:
/* 0035C 80A3586C 240B000A */  addiu   $t3, $zero, 0x000A         ## $t3 = 0000000A
/* 00360 80A35870 30690002 */  andi    $t1, $v1, 0x0002           ## $t1 = 00000000
/* 00364 80A35874 1120001B */  beq     $t1, $zero, .L80A358E4     
/* 00368 80A35878 306AFFFD */  andi    $t2, $v1, 0xFFFD           ## $t2 = 00000000
/* 0036C 80A3587C 920200B9 */  lbu     $v0, 0x00B9($s0)           ## 000000B9
/* 00370 80A35880 2401000E */  addiu   $at, $zero, 0x000E         ## $at = 0000000E
/* 00374 80A35884 A20A01C5 */  sb      $t2, 0x01C5($s0)           ## 000001C5
/* 00378 80A35888 1041000C */  beq     $v0, $at, .L80A358BC       
/* 0037C 80A3588C A60B020E */  sh      $t3, 0x020E($s0)           ## 0000020E
/* 00380 80A35890 2401000F */  addiu   $at, $zero, 0x000F         ## $at = 0000000F
/* 00384 80A35894 14410011 */  bne     $v0, $at, .L80A358DC       
/* 00388 80A35898 02002025 */  or      $a0, $s0, $zero            ## $a0 = 00000000
/* 0038C 80A3589C 02002025 */  or      $a0, $s0, $zero            ## $a0 = 00000000
/* 00390 80A358A0 0C02E3B2 */  jal     func_800B8EC8              
/* 00394 80A358A4 240528F3 */  addiu   $a1, $zero, 0x28F3         ## $a1 = 000028F3
/* 00398 80A358A8 02002025 */  or      $a0, $s0, $zero            ## $a0 = 00000000
/* 0039C 80A358AC 0C28D544 */  jal     func_80A35510              
/* 003A0 80A358B0 24050001 */  addiu   $a1, $zero, 0x0001         ## $a1 = 00000001
/* 003A4 80A358B4 1000000C */  beq     $zero, $zero, .L80A358E8   
/* 003A8 80A358B8 00001025 */  or      $v0, $zero, $zero          ## $v0 = 00000000
.L80A358BC:
/* 003AC 80A358BC 02002025 */  or      $a0, $s0, $zero            ## $a0 = 00000000
/* 003B0 80A358C0 0C02E3B2 */  jal     func_800B8EC8              
/* 003B4 80A358C4 240528F3 */  addiu   $a1, $zero, 0x28F3         ## $a1 = 000028F3
/* 003B8 80A358C8 02002025 */  or      $a0, $s0, $zero            ## $a0 = 00000000
/* 003BC 80A358CC 0C28D544 */  jal     func_80A35510              
/* 003C0 80A358D0 24050002 */  addiu   $a1, $zero, 0x0002         ## $a1 = 00000002
/* 003C4 80A358D4 10000004 */  beq     $zero, $zero, .L80A358E8   
/* 003C8 80A358D8 00001025 */  or      $v0, $zero, $zero          ## $v0 = 00000000
.L80A358DC:
/* 003CC 80A358DC 0C28D544 */  jal     func_80A35510              
/* 003D0 80A358E0 00002825 */  or      $a1, $zero, $zero          ## $a1 = 00000000
.L80A358E4:
/* 003D4 80A358E4 00001025 */  or      $v0, $zero, $zero          ## $v0 = 00000000
.L80A358E8:
/* 003D8 80A358E8 8FBF0024 */  lw      $ra, 0x0024($sp)           
/* 003DC 80A358EC 8FB00020 */  lw      $s0, 0x0020($sp)           
/* 003E0 80A358F0 27BD0028 */  addiu   $sp, $sp, 0x0028           ## $sp = 00000000
/* 003E4 80A358F4 03E00008 */  jr      $ra                        
/* 003E8 80A358F8 00000000 */  nop


glabel func_80A358FC
/* 003EC 80A358FC 27BDFFE8 */  addiu   $sp, $sp, 0xFFE8           ## $sp = FFFFFFE8
/* 003F0 80A35900 AFBF0014 */  sw      $ra, 0x0014($sp)           
/* 003F4 80A35904 AFA5001C */  sw      $a1, 0x001C($sp)           
/* 003F8 80A35908 00803825 */  or      $a3, $a0, $zero            ## $a3 = 00000000
/* 003FC 80A3590C 84EE01A2 */  lh      $t6, 0x01A2($a3)           ## 000001A2
/* 00400 80A35910 84F901FA */  lh      $t9, 0x01FA($a3)           ## 000001FA
/* 00404 80A35914 C4E801AC */  lwc1    $f8, 0x01AC($a3)           ## 000001AC
/* 00408 80A35918 448E2000 */  mtc1    $t6, $f4                   ## $f4 = 0.00
/* 0040C 80A3591C 44999000 */  mtc1    $t9, $f18                  ## $f18 = 0.00
/* 00410 80A35920 84E2020E */  lh      $v0, 0x020E($a3)           ## 0000020E
/* 00414 80A35924 468021A0 */  cvt.s.w $f6, $f4                   
/* 00418 80A35928 3C010001 */  lui     $at, 0x0001                ## $at = 00010000
/* 0041C 80A3592C 34218884 */  ori     $at, $at, 0x8884           ## $at = 00018884
/* 00420 80A35930 24E601B4 */  addiu   $a2, $a3, 0x01B4           ## $a2 = 000001B4
/* 00424 80A35934 244AFFFF */  addiu   $t2, $v0, 0xFFFF           ## $t2 = FFFFFFFF
/* 00428 80A35938 46809120 */  cvt.s.w $f4, $f18                  
/* 0042C 80A3593C 46083282 */  mul.s   $f10, $f6, $f8             
/* 00430 80A35940 C4E60204 */  lwc1    $f6, 0x0204($a3)           ## 00000204
/* 00434 80A35944 46062202 */  mul.s   $f8, $f4, $f6              
/* 00438 80A35948 4600540D */  trunc.w.s $f16, $f10                 
/* 0043C 80A3594C 4600428D */  trunc.w.s $f10, $f8                  
/* 00440 80A35950 44188000 */  mfc1    $t8, $f16                  
/* 00444 80A35954 44095000 */  mfc1    $t1, $f10                  
/* 00448 80A35958 A4F801AA */  sh      $t8, 0x01AA($a3)           ## 000001AA
/* 0044C 80A3595C 14400003 */  bne     $v0, $zero, .L80A3596C     
/* 00450 80A35960 A4E90202 */  sh      $t1, 0x0202($a3)           ## 00000202
/* 00454 80A35964 10000003 */  beq     $zero, $zero, .L80A35974   
/* 00458 80A35968 00001825 */  or      $v1, $zero, $zero          ## $v1 = 00000000
.L80A3596C:
/* 0045C 80A3596C A4EA020E */  sh      $t2, 0x020E($a3)           ## 0000020E
/* 00460 80A35970 84E3020E */  lh      $v1, 0x020E($a3)           ## 0000020E
.L80A35974:
/* 00464 80A35974 14600005 */  bne     $v1, $zero, .L80A3598C     
/* 00468 80A35978 8FA4001C */  lw      $a0, 0x001C($sp)           
/* 0046C 80A3597C 00812821 */  addu    $a1, $a0, $at              
/* 00470 80A35980 0C0389D0 */  jal     func_800E2740              
/* 00474 80A35984 AFA70018 */  sw      $a3, 0x0018($sp)           
/* 00478 80A35988 8FA70018 */  lw      $a3, 0x0018($sp)           
.L80A3598C:
/* 0047C 80A3598C 8FA4001C */  lw      $a0, 0x001C($sp)           
/* 00480 80A35990 3C010001 */  lui     $at, 0x0001                ## $at = 00010000
/* 00484 80A35994 34218884 */  ori     $at, $at, 0x8884           ## $at = 00018884
/* 00488 80A35998 24E6015C */  addiu   $a2, $a3, 0x015C           ## $a2 = 0000015C
/* 0048C 80A3599C 0C038A4A */  jal     func_800E2928              
/* 00490 80A359A0 00812821 */  addu    $a1, $a0, $at              
/* 00494 80A359A4 8FBF0014 */  lw      $ra, 0x0014($sp)           
/* 00498 80A359A8 27BD0018 */  addiu   $sp, $sp, 0x0018           ## $sp = 00000000
/* 0049C 80A359AC 03E00008 */  jr      $ra                        
/* 004A0 80A359B0 00000000 */  nop


glabel func_80A359B4
/* 004A4 80A359B4 27BDFFD0 */  addiu   $sp, $sp, 0xFFD0           ## $sp = FFFFFFD0
/* 004A8 80A359B8 AFB00018 */  sw      $s0, 0x0018($sp)           
/* 004AC 80A359BC 00808025 */  or      $s0, $a0, $zero            ## $s0 = 00000000
/* 004B0 80A359C0 AFBF001C */  sw      $ra, 0x001C($sp)           
/* 004B4 80A359C4 AFA50034 */  sw      $a1, 0x0034($sp)           
/* 004B8 80A359C8 C60C0024 */  lwc1    $f12, 0x0024($s0)          ## 00000024
/* 004BC 80A359CC C60E0028 */  lwc1    $f14, 0x0028($s0)          ## 00000028
/* 004C0 80A359D0 8E06002C */  lw      $a2, 0x002C($s0)           ## 0000002C
/* 004C4 80A359D4 0C0600A7 */  jal     func_8018029C              
/* 004C8 80A359D8 00003825 */  or      $a3, $zero, $zero          ## $a3 = 00000000
/* 004CC 80A359DC C60C0058 */  lwc1    $f12, 0x0058($s0)          ## 00000058
/* 004D0 80A359E0 C60E005C */  lwc1    $f14, 0x005C($s0)          ## 0000005C
/* 004D4 80A359E4 8E060060 */  lw      $a2, 0x0060($s0)           ## 00000060
/* 004D8 80A359E8 0C0600E7 */  jal     func_8018039C              
/* 004DC 80A359EC 24070001 */  addiu   $a3, $zero, 0x0001         ## $a3 = 00000001
/* 004E0 80A359F0 44806000 */  mtc1    $zero, $f12                ## $f12 = 0.00
/* 004E4 80A359F4 3C0180A3 */  lui     $at, %hi(D_80A35F38)       ## $at = 80A30000
/* 004E8 80A359F8 C42E5F38 */  lwc1    $f14, %lo(D_80A35F38)($at) 
/* 004EC 80A359FC 44066000 */  mfc1    $a2, $f12                  
/* 004F0 80A35A00 0C0600A7 */  jal     func_8018029C              
/* 004F4 80A35A04 24070001 */  addiu   $a3, $zero, 0x0001         ## $a3 = 00000001
/* 004F8 80A35A08 86040032 */  lh      $a0, 0x0032($s0)           ## 00000032
/* 004FC 80A35A0C 0C06026B */  jal     func_801809AC              
/* 00500 80A35A10 24050001 */  addiu   $a1, $zero, 0x0001         ## $a1 = 00000001
/* 00504 80A35A14 86040030 */  lh      $a0, 0x0030($s0)           ## 00000030
/* 00508 80A35A18 0C06011E */  jal     func_80180478              
/* 0050C 80A35A1C 24050001 */  addiu   $a1, $zero, 0x0001         ## $a1 = 00000001
/* 00510 80A35A20 86040032 */  lh      $a0, 0x0032($s0)           ## 00000032
/* 00514 80A35A24 24050001 */  addiu   $a1, $zero, 0x0001         ## $a1 = 00000001
/* 00518 80A35A28 00042023 */  subu    $a0, $zero, $a0            
/* 0051C 80A35A2C 00042400 */  sll     $a0, $a0, 16               
/* 00520 80A35A30 0C06026B */  jal     func_801809AC              
/* 00524 80A35A34 00042403 */  sra     $a0, $a0, 16               
/* 00528 80A35A38 44806000 */  mtc1    $zero, $f12                ## $f12 = 0.00
/* 0052C 80A35A3C 3C0180A3 */  lui     $at, %hi(D_80A35F3C)       ## $at = 80A30000
/* 00530 80A35A40 C42E5F3C */  lwc1    $f14, %lo(D_80A35F3C)($at) 
/* 00534 80A35A44 44066000 */  mfc1    $a2, $f12                  
/* 00538 80A35A48 0C0600A7 */  jal     func_8018029C              
/* 0053C 80A35A4C 24070001 */  addiu   $a3, $zero, 0x0001         ## $a3 = 00000001
/* 00540 80A35A50 8FAE0034 */  lw      $t6, 0x0034($sp)           
/* 00544 80A35A54 8DC40000 */  lw      $a0, 0x0000($t6)           ## 00000000
/* 00548 80A35A58 0C04B0A3 */  jal     func_8012C28C              
/* 0054C 80A35A5C 00808025 */  or      $s0, $a0, $zero            ## $s0 = 00000000
/* 00550 80A35A60 8E0202B0 */  lw      $v0, 0x02B0($s0)           ## 000002B0
/* 00554 80A35A64 3C18DA38 */  lui     $t8, 0xDA38                ## $t8 = DA380000
/* 00558 80A35A68 37180003 */  ori     $t8, $t8, 0x0003           ## $t8 = DA380003
/* 0055C 80A35A6C 244F0008 */  addiu   $t7, $v0, 0x0008           ## $t7 = 00000008
/* 00560 80A35A70 AE0F02B0 */  sw      $t7, 0x02B0($s0)           ## 000002B0
/* 00564 80A35A74 AC580000 */  sw      $t8, 0x0000($v0)           ## 00000000
/* 00568 80A35A78 8FB90034 */  lw      $t9, 0x0034($sp)           
/* 0056C 80A35A7C 8F240000 */  lw      $a0, 0x0000($t9)           ## 00000000
/* 00570 80A35A80 0C060690 */  jal     func_80181A40              
/* 00574 80A35A84 AFA20024 */  sw      $v0, 0x0024($sp)           
/* 00578 80A35A88 8FA30024 */  lw      $v1, 0x0024($sp)           
/* 0057C 80A35A8C 3C04DE00 */  lui     $a0, 0xDE00                ## $a0 = DE000000
/* 00580 80A35A90 AC620004 */  sw      $v0, 0x0004($v1)           ## 00000004
/* 00584 80A35A94 8E0202B0 */  lw      $v0, 0x02B0($s0)           ## 000002B0
/* 00588 80A35A98 3C090600 */  lui     $t1, 0x0600                ## $t1 = 06000000
/* 0058C 80A35A9C 25290698 */  addiu   $t1, $t1, 0x0698           ## $t1 = 06000698
/* 00590 80A35AA0 24480008 */  addiu   $t0, $v0, 0x0008           ## $t0 = 00000008
/* 00594 80A35AA4 AE0802B0 */  sw      $t0, 0x02B0($s0)           ## 000002B0
/* 00598 80A35AA8 AC490004 */  sw      $t1, 0x0004($v0)           ## 00000004
/* 0059C 80A35AAC AC440000 */  sw      $a0, 0x0000($v0)           ## 00000000
/* 005A0 80A35AB0 8E0202B0 */  lw      $v0, 0x02B0($s0)           ## 000002B0
/* 005A4 80A35AB4 3C0B0600 */  lui     $t3, 0x0600                ## $t3 = 06000000
/* 005A8 80A35AB8 256B08D0 */  addiu   $t3, $t3, 0x08D0           ## $t3 = 060008D0
/* 005AC 80A35ABC 244A0008 */  addiu   $t2, $v0, 0x0008           ## $t2 = 00000008
/* 005B0 80A35AC0 AE0A02B0 */  sw      $t2, 0x02B0($s0)           ## 000002B0
/* 005B4 80A35AC4 AC4B0004 */  sw      $t3, 0x0004($v0)           ## 00000004
/* 005B8 80A35AC8 AC440000 */  sw      $a0, 0x0000($v0)           ## 00000000
/* 005BC 80A35ACC 8E0202B0 */  lw      $v0, 0x02B0($s0)           ## 000002B0
/* 005C0 80A35AD0 3C0D0600 */  lui     $t5, 0x0600                ## $t5 = 06000000
/* 005C4 80A35AD4 25AD0960 */  addiu   $t5, $t5, 0x0960           ## $t5 = 06000960
/* 005C8 80A35AD8 244C0008 */  addiu   $t4, $v0, 0x0008           ## $t4 = 00000008
/* 005CC 80A35ADC AE0C02B0 */  sw      $t4, 0x02B0($s0)           ## 000002B0
/* 005D0 80A35AE0 AC4D0004 */  sw      $t5, 0x0004($v0)           ## 00000004
/* 005D4 80A35AE4 AC440000 */  sw      $a0, 0x0000($v0)           ## 00000000
/* 005D8 80A35AE8 8E0202B0 */  lw      $v0, 0x02B0($s0)           ## 000002B0
/* 005DC 80A35AEC 3C0F0600 */  lui     $t7, 0x0600                ## $t7 = 06000000
/* 005E0 80A35AF0 25EF07A8 */  addiu   $t7, $t7, 0x07A8           ## $t7 = 060007A8
/* 005E4 80A35AF4 244E0008 */  addiu   $t6, $v0, 0x0008           ## $t6 = 00000008
/* 005E8 80A35AF8 AE0E02B0 */  sw      $t6, 0x02B0($s0)           ## 000002B0
/* 005EC 80A35AFC AC4F0004 */  sw      $t7, 0x0004($v0)           ## 00000004
/* 005F0 80A35B00 AC440000 */  sw      $a0, 0x0000($v0)           ## 00000000
/* 005F4 80A35B04 8FBF001C */  lw      $ra, 0x001C($sp)           
/* 005F8 80A35B08 8FB00018 */  lw      $s0, 0x0018($sp)           
/* 005FC 80A35B0C 27BD0030 */  addiu   $sp, $sp, 0x0030           ## $sp = 00000000
/* 00600 80A35B10 03E00008 */  jr      $ra                        
/* 00604 80A35B14 00000000 */  nop


glabel func_80A35B18
/* 00608 80A35B18 27BDFFD0 */  addiu   $sp, $sp, 0xFFD0           ## $sp = FFFFFFD0
/* 0060C 80A35B1C AFB00018 */  sw      $s0, 0x0018($sp)           
/* 00610 80A35B20 00808025 */  or      $s0, $a0, $zero            ## $s0 = 00000000
/* 00614 80A35B24 AFBF001C */  sw      $ra, 0x001C($sp)           
/* 00618 80A35B28 AFA50034 */  sw      $a1, 0x0034($sp)           
/* 0061C 80A35B2C C60C0024 */  lwc1    $f12, 0x0024($s0)          ## 00000024
/* 00620 80A35B30 C60E0028 */  lwc1    $f14, 0x0028($s0)          ## 00000028
/* 00624 80A35B34 8E06002C */  lw      $a2, 0x002C($s0)           ## 0000002C
/* 00628 80A35B38 0C0600A7 */  jal     func_8018029C              
/* 0062C 80A35B3C 00003825 */  or      $a3, $zero, $zero          ## $a3 = 00000000
/* 00630 80A35B40 C60C0058 */  lwc1    $f12, 0x0058($s0)          ## 00000058
/* 00634 80A35B44 C60E005C */  lwc1    $f14, 0x005C($s0)          ## 0000005C
/* 00638 80A35B48 8E060060 */  lw      $a2, 0x0060($s0)           ## 00000060
/* 0063C 80A35B4C 0C0600E7 */  jal     func_8018039C              
/* 00640 80A35B50 24070001 */  addiu   $a3, $zero, 0x0001         ## $a3 = 00000001
/* 00644 80A35B54 860400BE */  lh      $a0, 0x00BE($s0)           ## 000000BE
/* 00648 80A35B58 0C06026B */  jal     func_801809AC              
/* 0064C 80A35B5C 24050001 */  addiu   $a1, $zero, 0x0001         ## $a1 = 00000001
/* 00650 80A35B60 8FAE0034 */  lw      $t6, 0x0034($sp)           
/* 00654 80A35B64 8DC40000 */  lw      $a0, 0x0000($t6)           ## 00000000
/* 00658 80A35B68 0C04B0A3 */  jal     func_8012C28C              
/* 0065C 80A35B6C 00808025 */  or      $s0, $a0, $zero            ## $s0 = 00000000
/* 00660 80A35B70 8E0202B0 */  lw      $v0, 0x02B0($s0)           ## 000002B0
/* 00664 80A35B74 3C18DA38 */  lui     $t8, 0xDA38                ## $t8 = DA380000
/* 00668 80A35B78 37180003 */  ori     $t8, $t8, 0x0003           ## $t8 = DA380003
/* 0066C 80A35B7C 244F0008 */  addiu   $t7, $v0, 0x0008           ## $t7 = 00000008
/* 00670 80A35B80 AE0F02B0 */  sw      $t7, 0x02B0($s0)           ## 000002B0
/* 00674 80A35B84 AC580000 */  sw      $t8, 0x0000($v0)           ## 00000000
/* 00678 80A35B88 8FB90034 */  lw      $t9, 0x0034($sp)           
/* 0067C 80A35B8C 8F240000 */  lw      $a0, 0x0000($t9)           ## 00000000
/* 00680 80A35B90 0C060690 */  jal     func_80181A40              
/* 00684 80A35B94 AFA20024 */  sw      $v0, 0x0024($sp)           
/* 00688 80A35B98 8FA30024 */  lw      $v1, 0x0024($sp)           
/* 0068C 80A35B9C 3C09DE00 */  lui     $t1, 0xDE00                ## $t1 = DE000000
/* 00690 80A35BA0 AC620004 */  sw      $v0, 0x0004($v1)           ## 00000004
/* 00694 80A35BA4 8E0202B0 */  lw      $v0, 0x02B0($s0)           ## 000002B0
/* 00698 80A35BA8 3C0A0600 */  lui     $t2, 0x0600                ## $t2 = 06000000
/* 0069C 80A35BAC 254A0570 */  addiu   $t2, $t2, 0x0570           ## $t2 = 06000570
/* 006A0 80A35BB0 24480008 */  addiu   $t0, $v0, 0x0008           ## $t0 = 00000008
/* 006A4 80A35BB4 AE0802B0 */  sw      $t0, 0x02B0($s0)           ## 000002B0
/* 006A8 80A35BB8 AC4A0004 */  sw      $t2, 0x0004($v0)           ## 00000004
/* 006AC 80A35BBC AC490000 */  sw      $t1, 0x0000($v0)           ## 00000000
/* 006B0 80A35BC0 8FBF001C */  lw      $ra, 0x001C($sp)           
/* 006B4 80A35BC4 8FB00018 */  lw      $s0, 0x0018($sp)           
/* 006B8 80A35BC8 27BD0030 */  addiu   $sp, $sp, 0x0030           ## $sp = 00000000
/* 006BC 80A35BCC 03E00008 */  jr      $ra                        
/* 006C0 80A35BD0 00000000 */  nop


glabel func_80A35BD4
/* 006C4 80A35BD4 27BDFFD8 */  addiu   $sp, $sp, 0xFFD8           ## $sp = FFFFFFD8
/* 006C8 80A35BD8 AFBF0014 */  sw      $ra, 0x0014($sp)           
/* 006CC 80A35BDC AFA5002C */  sw      $a1, 0x002C($sp)           
/* 006D0 80A35BE0 3C014080 */  lui     $at, 0x4080                ## $at = 40800000
/* 006D4 80A35BE4 44813000 */  mtc1    $at, $f6                   ## $f6 = 4.00
/* 006D8 80A35BE8 C4840028 */  lwc1    $f4, 0x0028($a0)           ## 00000028
/* 006DC 80A35BEC C48C0024 */  lwc1    $f12, 0x0024($a0)          ## 00000024
/* 006E0 80A35BF0 8C86002C */  lw      $a2, 0x002C($a0)           ## 0000002C
/* 006E4 80A35BF4 AFA40028 */  sw      $a0, 0x0028($sp)           
/* 006E8 80A35BF8 00003825 */  or      $a3, $zero, $zero          ## $a3 = 00000000
/* 006EC 80A35BFC 0C0600A7 */  jal     func_8018029C              
/* 006F0 80A35C00 46062381 */  sub.s   $f14, $f4, $f6             
/* 006F4 80A35C04 8FA40028 */  lw      $a0, 0x0028($sp)           
/* 006F8 80A35C08 24070001 */  addiu   $a3, $zero, 0x0001         ## $a3 = 00000001
/* 006FC 80A35C0C C48C0058 */  lwc1    $f12, 0x0058($a0)          ## 00000058
/* 00700 80A35C10 C48E005C */  lwc1    $f14, 0x005C($a0)          ## 0000005C
/* 00704 80A35C14 0C0600E7 */  jal     func_8018039C              
/* 00708 80A35C18 8C860060 */  lw      $a2, 0x0060($a0)           ## 00000060
/* 0070C 80A35C1C 8FAE002C */  lw      $t6, 0x002C($sp)           
/* 00710 80A35C20 8DC40000 */  lw      $a0, 0x0000($t6)           ## 00000000
/* 00714 80A35C24 0C04B0B7 */  jal     func_8012C2DC              
/* 00718 80A35C28 AFA40024 */  sw      $a0, 0x0024($sp)           
/* 0071C 80A35C2C 8FA50024 */  lw      $a1, 0x0024($sp)           
/* 00720 80A35C30 8CA202C0 */  lw      $v0, 0x02C0($a1)           ## 000002C0
/* 00724 80A35C34 3C18DA38 */  lui     $t8, 0xDA38                ## $t8 = DA380000
/* 00728 80A35C38 37180003 */  ori     $t8, $t8, 0x0003           ## $t8 = DA380003
/* 0072C 80A35C3C 244F0008 */  addiu   $t7, $v0, 0x0008           ## $t7 = 00000008
/* 00730 80A35C40 ACAF02C0 */  sw      $t7, 0x02C0($a1)           ## 000002C0
/* 00734 80A35C44 AC580000 */  sw      $t8, 0x0000($v0)           ## 00000000
/* 00738 80A35C48 8FB9002C */  lw      $t9, 0x002C($sp)           
/* 0073C 80A35C4C 8F240000 */  lw      $a0, 0x0000($t9)           ## 00000000
/* 00740 80A35C50 AFA50024 */  sw      $a1, 0x0024($sp)           
/* 00744 80A35C54 0C060690 */  jal     func_80181A40              
/* 00748 80A35C58 AFA2001C */  sw      $v0, 0x001C($sp)           
/* 0074C 80A35C5C 8FA3001C */  lw      $v1, 0x001C($sp)           
/* 00750 80A35C60 8FA50024 */  lw      $a1, 0x0024($sp)           
/* 00754 80A35C64 3C09DE00 */  lui     $t1, 0xDE00                ## $t1 = DE000000
/* 00758 80A35C68 AC620004 */  sw      $v0, 0x0004($v1)           ## 00000004
/* 0075C 80A35C6C 8CA202C0 */  lw      $v0, 0x02C0($a1)           ## 000002C0
/* 00760 80A35C70 3C0A0600 */  lui     $t2, 0x0600                ## $t2 = 06000000
/* 00764 80A35C74 254A0840 */  addiu   $t2, $t2, 0x0840           ## $t2 = 06000840
/* 00768 80A35C78 24480008 */  addiu   $t0, $v0, 0x0008           ## $t0 = 00000008
/* 0076C 80A35C7C ACA802C0 */  sw      $t0, 0x02C0($a1)           ## 000002C0
/* 00770 80A35C80 AC4A0004 */  sw      $t2, 0x0004($v0)           ## 00000004
/* 00774 80A35C84 AC490000 */  sw      $t1, 0x0000($v0)           ## 00000000
/* 00778 80A35C88 8FBF0014 */  lw      $ra, 0x0014($sp)           
/* 0077C 80A35C8C 27BD0028 */  addiu   $sp, $sp, 0x0028           ## $sp = 00000000
/* 00780 80A35C90 03E00008 */  jr      $ra                        
/* 00784 80A35C94 00000000 */  nop


glabel func_80A35C98
/* 00788 80A35C98 27BDFFE0 */  addiu   $sp, $sp, 0xFFE0           ## $sp = FFFFFFE0
/* 0078C 80A35C9C AFB00018 */  sw      $s0, 0x0018($sp)           
/* 00790 80A35CA0 00808025 */  or      $s0, $a0, $zero            ## $s0 = 00000000
/* 00794 80A35CA4 AFBF001C */  sw      $ra, 0x001C($sp)           
/* 00798 80A35CA8 AFA50024 */  sw      $a1, 0x0024($sp)           
/* 0079C 80A35CAC 02002025 */  or      $a0, $s0, $zero            ## $a0 = 00000000
/* 007A0 80A35CB0 0C032B84 */  jal     func_800CAE10              
/* 007A4 80A35CB4 00002825 */  or      $a1, $zero, $zero          ## $a1 = 00000000
/* 007A8 80A35CB8 3C060600 */  lui     $a2, 0x0600                ## $a2 = 06000000
/* 007AC 80A35CBC 24C61BA8 */  addiu   $a2, $a2, 0x1BA8           ## $a2 = 06001BA8
/* 007B0 80A35CC0 8FA40024 */  lw      $a0, 0x0024($sp)           
/* 007B4 80A35CC4 0C032B8D */  jal     func_800CAE34              
/* 007B8 80A35CC8 02002825 */  or      $a1, $s0, $zero            ## $a1 = 00000000
/* 007BC 80A35CCC 3C053DA3 */  lui     $a1, 0x3DA3                ## $a1 = 3DA30000
/* 007C0 80A35CD0 34A5D70A */  ori     $a1, $a1, 0xD70A           ## $a1 = 3DA3D70A
/* 007C4 80A35CD4 0C02D9F8 */  jal     func_800B67E0              
/* 007C8 80A35CD8 02002025 */  or      $a0, $s0, $zero            ## $a0 = 00000000
/* 007CC 80A35CDC 3C0780A3 */  lui     $a3, %hi(D_80A35E90)       ## $a3 = 80A30000
/* 007D0 80A35CE0 24E75E90 */  addiu   $a3, $a3, %lo(D_80A35E90)  ## $a3 = 80A35E90
/* 007D4 80A35CE4 8FA40024 */  lw      $a0, 0x0024($sp)           
/* 007D8 80A35CE8 2605015C */  addiu   $a1, $s0, 0x015C           ## $a1 = 0000015C
/* 007DC 80A35CEC 0C038897 */  jal     func_800E225C              
/* 007E0 80A35CF0 02003025 */  or      $a2, $s0, $zero            ## $a2 = 00000000
/* 007E4 80A35CF4 3C0780A3 */  lui     $a3, %hi(D_80A35EBC)       ## $a3 = 80A30000
/* 007E8 80A35CF8 24E75EBC */  addiu   $a3, $a3, %lo(D_80A35EBC)  ## $a3 = 80A35EBC
/* 007EC 80A35CFC 8FA40024 */  lw      $a0, 0x0024($sp)           
/* 007F0 80A35D00 260501B4 */  addiu   $a1, $s0, 0x01B4           ## $a1 = 000001B4
/* 007F4 80A35D04 0C038897 */  jal     func_800E225C              
/* 007F8 80A35D08 02003025 */  or      $a2, $s0, $zero            ## $a2 = 00000000
/* 007FC 80A35D0C 3C0580A3 */  lui     $a1, %hi(D_80A35EF4)       ## $a1 = 80A30000
/* 00800 80A35D10 3C0680A3 */  lui     $a2, %hi(D_80A35EE8)       ## $a2 = 80A30000
/* 00804 80A35D14 24C65EE8 */  addiu   $a2, $a2, %lo(D_80A35EE8)  ## $a2 = 80A35EE8
/* 00808 80A35D18 24A55EF4 */  addiu   $a1, $a1, %lo(D_80A35EF4)  ## $a1 = 80A35EF4
/* 0080C 80A35D1C 0C039D57 */  jal     func_800E755C              
/* 00810 80A35D20 260400A0 */  addiu   $a0, $s0, 0x00A0           ## $a0 = 000000A0
/* 00814 80A35D24 8FBF001C */  lw      $ra, 0x001C($sp)           
/* 00818 80A35D28 8FB00018 */  lw      $s0, 0x0018($sp)           
/* 0081C 80A35D2C 27BD0020 */  addiu   $sp, $sp, 0x0020           ## $sp = 00000000
/* 00820 80A35D30 03E00008 */  jr      $ra                        
/* 00824 80A35D34 00000000 */  nop


glabel func_80A35D38
/* 00828 80A35D38 27BDFFE8 */  addiu   $sp, $sp, 0xFFE8           ## $sp = FFFFFFE8
/* 0082C 80A35D3C AFBF0014 */  sw      $ra, 0x0014($sp)           
/* 00830 80A35D40 AFA40018 */  sw      $a0, 0x0018($sp)           
/* 00834 80A35D44 00A03825 */  or      $a3, $a1, $zero            ## $a3 = 00000000
/* 00838 80A35D48 8FAE0018 */  lw      $t6, 0x0018($sp)           
/* 0083C 80A35D4C 00E02025 */  or      $a0, $a3, $zero            ## $a0 = 00000000
/* 00840 80A35D50 24E50880 */  addiu   $a1, $a3, 0x0880           ## $a1 = 00000880
/* 00844 80A35D54 8DC60144 */  lw      $a2, 0x0144($t6)           ## 00000144
/* 00848 80A35D58 0C031933 */  jal     func_800C64CC              
/* 0084C 80A35D5C AFA7001C */  sw      $a3, 0x001C($sp)           
/* 00850 80A35D60 8FA50018 */  lw      $a1, 0x0018($sp)           
/* 00854 80A35D64 8FA4001C */  lw      $a0, 0x001C($sp)           
/* 00858 80A35D68 0C038869 */  jal     func_800E21A4              
/* 0085C 80A35D6C 24A5015C */  addiu   $a1, $a1, 0x015C           ## $a1 = 0000015C
/* 00860 80A35D70 8FA50018 */  lw      $a1, 0x0018($sp)           
/* 00864 80A35D74 8FA4001C */  lw      $a0, 0x001C($sp)           
/* 00868 80A35D78 0C038869 */  jal     func_800E21A4              
/* 0086C 80A35D7C 24A501B4 */  addiu   $a1, $a1, 0x01B4           ## $a1 = 000001B4
/* 00870 80A35D80 8FBF0014 */  lw      $ra, 0x0014($sp)           
/* 00874 80A35D84 27BD0018 */  addiu   $sp, $sp, 0x0018           ## $sp = 00000000
/* 00878 80A35D88 03E00008 */  jr      $ra                        
/* 0087C 80A35D8C 00000000 */  nop


glabel func_80A35D90
/* 00880 80A35D90 27BDFFE8 */  addiu   $sp, $sp, 0xFFE8           ## $sp = FFFFFFE8
/* 00884 80A35D94 AFBF0014 */  sw      $ra, 0x0014($sp)           
/* 00888 80A35D98 AFA5001C */  sw      $a1, 0x001C($sp)           
/* 0088C 80A35D9C 84820214 */  lh      $v0, 0x0214($a0)           ## 00000214
/* 00890 80A35DA0 10400002 */  beq     $v0, $zero, .L80A35DAC     
/* 00894 80A35DA4 244EFFFF */  addiu   $t6, $v0, 0xFFFF           ## $t6 = FFFFFFFF
/* 00898 80A35DA8 A48E0214 */  sh      $t6, 0x0214($a0)           ## 00000214
.L80A35DAC:
/* 0089C 80A35DAC 8FA5001C */  lw      $a1, 0x001C($sp)           
/* 008A0 80A35DB0 0C28D5EA */  jal     func_80A357A8              
/* 008A4 80A35DB4 AFA40018 */  sw      $a0, 0x0018($sp)           
/* 008A8 80A35DB8 0C28D5B6 */  jal     func_80A356D8              
/* 008AC 80A35DBC 8FA40018 */  lw      $a0, 0x0018($sp)           
/* 008B0 80A35DC0 8FA40018 */  lw      $a0, 0x0018($sp)           
/* 008B4 80A35DC4 0C28D63F */  jal     func_80A358FC              
/* 008B8 80A35DC8 8FA5001C */  lw      $a1, 0x001C($sp)           
/* 008BC 80A35DCC 8FBF0014 */  lw      $ra, 0x0014($sp)           
/* 008C0 80A35DD0 27BD0018 */  addiu   $sp, $sp, 0x0018           ## $sp = 00000000
/* 008C4 80A35DD4 03E00008 */  jr      $ra                        
/* 008C8 80A35DD8 00000000 */  nop


glabel func_80A35DDC
/* 008CC 80A35DDC 27BDFFC0 */  addiu   $sp, $sp, 0xFFC0           ## $sp = FFFFFFC0
/* 008D0 80A35DE0 AFB00018 */  sw      $s0, 0x0018($sp)           
/* 008D4 80A35DE4 00808025 */  or      $s0, $a0, $zero            ## $s0 = 00000000
/* 008D8 80A35DE8 AFBF001C */  sw      $ra, 0x001C($sp)           
/* 008DC 80A35DEC AFA50044 */  sw      $a1, 0x0044($sp)           
/* 008E0 80A35DF0 02002025 */  or      $a0, $s0, $zero            ## $a0 = 00000000
/* 008E4 80A35DF4 0C28D6C6 */  jal     func_80A35B18              
/* 008E8 80A35DF8 8FA50044 */  lw      $a1, 0x0044($sp)           
/* 008EC 80A35DFC 02002025 */  or      $a0, $s0, $zero            ## $a0 = 00000000
/* 008F0 80A35E00 0C28D6F5 */  jal     func_80A35BD4              
/* 008F4 80A35E04 8FA50044 */  lw      $a1, 0x0044($sp)           
/* 008F8 80A35E08 02002025 */  or      $a0, $s0, $zero            ## $a0 = 00000000
/* 008FC 80A35E0C 0C28D66D */  jal     func_80A359B4              
/* 00900 80A35E10 8FA50044 */  lw      $a1, 0x0044($sp)           
/* 00904 80A35E14 27A40030 */  addiu   $a0, $sp, 0x0030           ## $a0 = FFFFFFF0
/* 00908 80A35E18 0C03FD53 */  jal     func_800FF54C              
/* 0090C 80A35E1C 2605019C */  addiu   $a1, $s0, 0x019C           ## $a1 = 0000019C
/* 00910 80A35E20 27A40030 */  addiu   $a0, $sp, 0x0030           ## $a0 = FFFFFFF0
/* 00914 80A35E24 0C0606A6 */  jal     func_80181A98              
/* 00918 80A35E28 27A50024 */  addiu   $a1, $sp, 0x0024           ## $a1 = FFFFFFE4
/* 0091C 80A35E2C 260401A4 */  addiu   $a0, $s0, 0x01A4           ## $a0 = 000001A4
/* 00920 80A35E30 0C03FD61 */  jal     func_800FF584              
/* 00924 80A35E34 27A50024 */  addiu   $a1, $sp, 0x0024           ## $a1 = FFFFFFE4
/* 00928 80A35E38 27A40030 */  addiu   $a0, $sp, 0x0030           ## $a0 = FFFFFFF0
/* 0092C 80A35E3C 0C03FD53 */  jal     func_800FF54C              
/* 00930 80A35E40 260501F4 */  addiu   $a1, $s0, 0x01F4           ## $a1 = 000001F4
/* 00934 80A35E44 27A40030 */  addiu   $a0, $sp, 0x0030           ## $a0 = FFFFFFF0
/* 00938 80A35E48 0C0606A6 */  jal     func_80181A98              
/* 0093C 80A35E4C 27A50024 */  addiu   $a1, $sp, 0x0024           ## $a1 = FFFFFFE4
/* 00940 80A35E50 260401FC */  addiu   $a0, $s0, 0x01FC           ## $a0 = 000001FC
/* 00944 80A35E54 0C03FD61 */  jal     func_800FF584              
/* 00948 80A35E58 27A50024 */  addiu   $a1, $sp, 0x0024           ## $a1 = FFFFFFE4
/* 0094C 80A35E5C 8FBF001C */  lw      $ra, 0x001C($sp)           
/* 00950 80A35E60 8FB00018 */  lw      $s0, 0x0018($sp)           
/* 00954 80A35E64 27BD0040 */  addiu   $sp, $sp, 0x0040           ## $sp = 00000000
/* 00958 80A35E68 03E00008 */  jr      $ra                        
/* 0095C 80A35E6C 00000000 */  nop

.section .data

D_80A35E70: .word 0x014E0600, 0x00000030, 0x016C0000, 0x00000228
.word func_80A35C98
.word func_80A35D38
.word func_80A35D90
.word func_80A35DDC
D_80A35E90: .word \
0x09110039, 0x10040000, 0x02000000, 0x20000000, \
0x00040000, 0x00000000, 0x00000000, 0x01000100, \
0x00000000, 0x03C00000, 0x00460064
D_80A35EBC: .word \
0x09000900, 0x10040000, 0x02000000, 0x00000000, \
0x00000000, 0xF7CFFFFF, 0x00000000, 0x00010000, \
0x00000000, 0x044C0000, 0x004A0064
D_80A35EE8: .word 0x00000000, 0x00000000, 0xFF000000
D_80A35EF4: .word \
0x010101E1, 0x01010101, 0xF1010101, 0x0101F101, \
0x01010101, 0x01010101, 0x01010101, 0x010101E1, \
0x00000000, 0x00000000, 0x00000000

.section .rodata

D_80A35F20: .word 0x453B8000
D_80A35F24: .word 0x443B8000
D_80A35F28: .word 0x460CA000
D_80A35F2C: .word 0x468CA000
D_80A35F30: .word 0x468CA000
D_80A35F34: .word 0x3E3851EC
D_80A35F38: .word 0x45228000
D_80A35F3C: .word 0xC5228000


.section .rodata
D_80A35F40:
.incbin "baserom/Obj_Bell", 0xA30, 0x000000B0
