.include "macro.inc"

# assembler directives
.set noat      # allow manual use of $at
.set noreorder # don't insert nops after branches
.set gp=64     # allow use of 64-bit general purpose registers

.section .text
glabel func_809AAE60
/* 00000 809AAE60 C4840068 */  lwc1    $f4, 0x0068($a0)           ## 00000068
/* 00004 809AAE64 C4860074 */  lwc1    $f6, 0x0074($a0)           ## 00000074
/* 00008 809AAE68 C4800078 */  lwc1    $f0, 0x0078($a0)           ## 00000078
/* 0000C 809AAE6C 46062200 */  add.s   $f8, $f4, $f6              
/* 00010 809AAE70 E4880068 */  swc1    $f8, 0x0068($a0)           ## 00000068
/* 00014 809AAE74 C48A0068 */  lwc1    $f10, 0x0068($a0)          ## 00000068
/* 00018 809AAE78 4600503C */  c.lt.s  $f10, $f0                  
/* 0001C 809AAE7C 00000000 */  nop
/* 00020 809AAE80 45000002 */  bc1f    .L809AAE8C                 
/* 00024 809AAE84 00000000 */  nop
/* 00028 809AAE88 E4800068 */  swc1    $f0, 0x0068($a0)           ## 00000068
.L809AAE8C:
/* 0002C 809AAE8C 03E00008 */  jr      $ra                        
/* 00030 809AAE90 00000000 */  nop


glabel func_809AAE94
/* 00034 809AAE94 27BDFFE8 */  addiu   $sp, $sp, 0xFFE8           ## $sp = FFFFFFE8
/* 00038 809AAE98 44856000 */  mtc1    $a1, $f12                  ## $f12 = 0.00
/* 0003C 809AAE9C AFBF0014 */  sw      $ra, 0x0014($sp)           
/* 00040 809AAEA0 AFA40018 */  sw      $a0, 0x0018($sp)           
/* 00044 809AAEA4 0C021BF7 */  jal     func_80086FDC              
/* 00048 809AAEA8 E7AC001C */  swc1    $f12, 0x001C($sp)          
/* 0004C 809AAEAC 3C01809B */  lui     $at, %hi(D_809ABC60)       ## $at = 809B0000
/* 00050 809AAEB0 C424BC60 */  lwc1    $f4, %lo(D_809ABC60)($at)  
/* 00054 809AAEB4 3C01809B */  lui     $at, %hi(D_809ABC64)       ## $at = 809B0000
/* 00058 809AAEB8 C428BC64 */  lwc1    $f8, %lo(D_809ABC64)($at)  
/* 0005C 809AAEBC 46040182 */  mul.s   $f6, $f0, $f4              
/* 00060 809AAEC0 C7AC001C */  lwc1    $f12, 0x001C($sp)          
/* 00064 809AAEC4 8FA40018 */  lw      $a0, 0x0018($sp)           
/* 00068 809AAEC8 C4820000 */  lwc1    $f2, 0x0000($a0)           ## 00000000
/* 0006C 809AAECC C48E0004 */  lwc1    $f14, 0x0004($a0)          ## 00000004
/* 00070 809AAED0 46083281 */  sub.s   $f10, $f6, $f8             
/* 00074 809AAED4 C4900008 */  lwc1    $f16, 0x0008($a0)          ## 00000008
/* 00078 809AAED8 460C5482 */  mul.s   $f18, $f10, $f12           
/* 0007C 809AAEDC 46126300 */  add.s   $f12, $f12, $f18           
/* 00080 809AAEE0 460C1102 */  mul.s   $f4, $f2, $f12             
/* 00084 809AAEE4 00000000 */  nop
/* 00088 809AAEE8 460C7202 */  mul.s   $f8, $f14, $f12            
/* 0008C 809AAEEC 00000000 */  nop
/* 00090 809AAEF0 460C8482 */  mul.s   $f18, $f16, $f12           
/* 00094 809AAEF4 46041181 */  sub.s   $f6, $f2, $f4              
/* 00098 809AAEF8 46087281 */  sub.s   $f10, $f14, $f8            
/* 0009C 809AAEFC E4860000 */  swc1    $f6, 0x0000($a0)           ## 00000000
/* 000A0 809AAF00 46128101 */  sub.s   $f4, $f16, $f18            
/* 000A4 809AAF04 E48A0004 */  swc1    $f10, 0x0004($a0)          ## 00000004
/* 000A8 809AAF08 E4840008 */  swc1    $f4, 0x0008($a0)           ## 00000008
/* 000AC 809AAF0C 8FBF0014 */  lw      $ra, 0x0014($sp)           
/* 000B0 809AAF10 03E00008 */  jr      $ra                        
/* 000B4 809AAF14 27BD0018 */  addiu   $sp, $sp, 0x0018           ## $sp = 00000000


glabel func_809AAF18
/* 000B8 809AAF18 27BDFFE8 */  addiu   $sp, $sp, 0xFFE8           ## $sp = FFFFFFE8
/* 000BC 809AAF1C AFBF0014 */  sw      $ra, 0x0014($sp)           
/* 000C0 809AAF20 AFA40018 */  sw      $a0, 0x0018($sp)           
/* 000C4 809AAF24 0C26AB98 */  jal     func_809AAE60              
/* 000C8 809AAF28 8FA40018 */  lw      $a0, 0x0018($sp)           
/* 000CC 809AAF2C 8FA40018 */  lw      $a0, 0x0018($sp)           
/* 000D0 809AAF30 3C053D4C */  lui     $a1, 0x3D4C                ## $a1 = 3D4C0000
/* 000D4 809AAF34 34A5CCCD */  ori     $a1, $a1, 0xCCCD           ## $a1 = 3D4CCCCD
/* 000D8 809AAF38 0C26ABA5 */  jal     func_809AAE94              
/* 000DC 809AAF3C 24840064 */  addiu   $a0, $a0, 0x0064           ## $a0 = 00000064
/* 000E0 809AAF40 0C02DA6B */  jal     func_800B69AC              
/* 000E4 809AAF44 8FA40018 */  lw      $a0, 0x0018($sp)           
/* 000E8 809AAF48 8FBF0014 */  lw      $ra, 0x0014($sp)           
/* 000EC 809AAF4C 27BD0018 */  addiu   $sp, $sp, 0x0018           ## $sp = 00000000
/* 000F0 809AAF50 03E00008 */  jr      $ra                        
/* 000F4 809AAF54 00000000 */  nop


glabel func_809AAF58
/* 000F8 809AAF58 27BDFFE0 */  addiu   $sp, $sp, 0xFFE0           ## $sp = FFFFFFE0
/* 000FC 809AAF5C AFA50024 */  sw      $a1, 0x0024($sp)           
/* 00100 809AAF60 00802825 */  or      $a1, $a0, $zero            ## $a1 = 00000000
/* 00104 809AAF64 AFBF001C */  sw      $ra, 0x001C($sp)           
/* 00108 809AAF68 AFA40020 */  sw      $a0, 0x0020($sp)           
/* 0010C 809AAF6C 44802000 */  mtc1    $zero, $f4                 ## $f4 = 0.00
/* 00110 809AAF70 240E00C5 */  addiu   $t6, $zero, 0x00C5         ## $t6 = 000000C5
/* 00114 809AAF74 AFAE0014 */  sw      $t6, 0x0014($sp)           
/* 00118 809AAF78 8FA40024 */  lw      $a0, 0x0024($sp)           
/* 0011C 809AAF7C 3C0640F0 */  lui     $a2, 0x40F0                ## $a2 = 40F00000
/* 00120 809AAF80 3C07420C */  lui     $a3, 0x420C                ## $a3 = 420C0000
/* 00124 809AAF84 0C02DE2E */  jal     func_800B78B8              
/* 00128 809AAF88 E7A40010 */  swc1    $f4, 0x0010($sp)           
/* 0012C 809AAF8C 8FBF001C */  lw      $ra, 0x001C($sp)           
/* 00130 809AAF90 27BD0020 */  addiu   $sp, $sp, 0x0020           ## $sp = 00000000
/* 00134 809AAF94 03E00008 */  jr      $ra                        
/* 00138 809AAF98 00000000 */  nop


glabel func_809AAF9C
/* 0013C 809AAF9C 27BDFFE8 */  addiu   $sp, $sp, 0xFFE8           ## $sp = FFFFFFE8
/* 00140 809AAFA0 AFBF0014 */  sw      $ra, 0x0014($sp)           
/* 00144 809AAFA4 AFA40018 */  sw      $a0, 0x0018($sp)           
/* 00148 809AAFA8 AFA5001C */  sw      $a1, 0x001C($sp)           
/* 0014C 809AAFAC AFA60020 */  sw      $a2, 0x0020($sp)           
/* 00150 809AAFB0 87AE001E */  lh      $t6, 0x001E($sp)           
/* 00154 809AAFB4 8FA40020 */  lw      $a0, 0x0020($sp)           
/* 00158 809AAFB8 00002825 */  or      $a1, $zero, $zero          ## $a1 = 00000000
/* 0015C 809AAFBC 31CF0010 */  andi    $t7, $t6, 0x0010           ## $t7 = 00000000
/* 00160 809AAFC0 15E00005 */  bne     $t7, $zero, .L809AAFD8     
/* 00164 809AAFC4 8FA60018 */  lw      $a2, 0x0018($sp)           
/* 00168 809AAFC8 01C03825 */  or      $a3, $t6, $zero            ## $a3 = 00000000
/* 0016C 809AAFCC 00073D00 */  sll     $a3, $a3, 20               
/* 00170 809AAFD0 0C029F4A */  jal     func_800A7D28              
/* 00174 809AAFD4 00073C03 */  sra     $a3, $a3, 16               
.L809AAFD8:
/* 00178 809AAFD8 8FBF0014 */  lw      $ra, 0x0014($sp)           
/* 0017C 809AAFDC 27BD0018 */  addiu   $sp, $sp, 0x0018           ## $sp = 00000000
/* 00180 809AAFE0 03E00008 */  jr      $ra                        
/* 00184 809AAFE4 00000000 */  nop


glabel func_809AAFE8
/* 00188 809AAFE8 27BDFF38 */  addiu   $sp, $sp, 0xFF38           ## $sp = FFFFFF38
/* 0018C 809AAFEC AFB30084 */  sw      $s3, 0x0084($sp)           
/* 00190 809AAFF0 AFB1007C */  sw      $s1, 0x007C($sp)           
/* 00194 809AAFF4 00808825 */  or      $s1, $a0, $zero            ## $s1 = 00000000
/* 00198 809AAFF8 00A09825 */  or      $s3, $a1, $zero            ## $s3 = 00000000
/* 0019C 809AAFFC AFBF009C */  sw      $ra, 0x009C($sp)           
/* 001A0 809AB000 AFBE0098 */  sw      $s8, 0x0098($sp)           
/* 001A4 809AB004 AFB70094 */  sw      $s7, 0x0094($sp)           
/* 001A8 809AB008 AFB60090 */  sw      $s6, 0x0090($sp)           
/* 001AC 809AB00C AFB5008C */  sw      $s5, 0x008C($sp)           
/* 001B0 809AB010 AFB40088 */  sw      $s4, 0x0088($sp)           
/* 001B4 809AB014 AFB20080 */  sw      $s2, 0x0080($sp)           
/* 001B8 809AB018 AFB00078 */  sw      $s0, 0x0078($sp)           
/* 001BC 809AB01C F7BE0070 */  sdc1    $f30, 0x0070($sp)          
/* 001C0 809AB020 F7BC0068 */  sdc1    $f28, 0x0068($sp)          
/* 001C4 809AB024 F7BA0060 */  sdc1    $f26, 0x0060($sp)          
/* 001C8 809AB028 F7B80058 */  sdc1    $f24, 0x0058($sp)          
/* 001CC 809AB02C F7B60050 */  sdc1    $f22, 0x0050($sp)          
/* 001D0 809AB030 F7B40048 */  sdc1    $f20, 0x0048($sp)          
/* 001D4 809AB034 3C0140C0 */  lui     $at, 0x40C0                ## $at = 40C00000
/* 001D8 809AB038 4481F000 */  mtc1    $at, $f30                  ## $f30 = 6.00
/* 001DC 809AB03C 3C01809B */  lui     $at, %hi(D_809ABC68)       ## $at = 809B0000
/* 001E0 809AB040 C43CBC68 */  lwc1    $f28, %lo(D_809ABC68)($at) 
/* 001E4 809AB044 3C014180 */  lui     $at, 0x4180                ## $at = 41800000
/* 001E8 809AB048 4481D000 */  mtc1    $at, $f26                  ## $f26 = 16.00
/* 001EC 809AB04C 3C013F00 */  lui     $at, 0x3F00                ## $at = 3F000000
/* 001F0 809AB050 4481C000 */  mtc1    $at, $f24                  ## $f24 = 0.50
/* 001F4 809AB054 3C014120 */  lui     $at, 0x4120                ## $at = 41200000
/* 001F8 809AB058 4481B000 */  mtc1    $at, $f22                  ## $f22 = 10.00
/* 001FC 809AB05C 3C014100 */  lui     $at, 0x4100                ## $at = 41000000
/* 00200 809AB060 3C10809B */  lui     $s0, %hi(D_809ABC0C)       ## $s0 = 809B0000
/* 00204 809AB064 3C1E0405 */  lui     $s8, 0x0405                ## $s8 = 04050000
/* 00208 809AB068 3C160405 */  lui     $s6, 0x0405                ## $s6 = 04050000
/* 0020C 809AB06C 3C15809B */  lui     $s5, %hi(D_809ABC3C)       ## $s5 = 809B0000
/* 00210 809AB070 4481A000 */  mtc1    $at, $f20                  ## $f20 = 8.00
/* 00214 809AB074 26B5BC3C */  addiu   $s5, $s5, %lo(D_809ABC3C)  ## $s5 = 809ABC3C
/* 00218 809AB078 26D627F0 */  addiu   $s6, $s6, 0x27F0           ## $s6 = 040527F0
/* 0021C 809AB07C 27DE28B0 */  addiu   $s8, $s8, 0x28B0           ## $s8 = 040528B0
/* 00220 809AB080 2610BC0C */  addiu   $s0, $s0, %lo(D_809ABC0C)  ## $s0 = 809ABC0C
/* 00224 809AB084 24170007 */  addiu   $s7, $zero, 0x0007         ## $s7 = 00000007
/* 00228 809AB088 27B400BC */  addiu   $s4, $sp, 0x00BC           ## $s4 = FFFFFFF4
/* 0022C 809AB08C 27B200B0 */  addiu   $s2, $sp, 0x00B0           ## $s2 = FFFFFFE8
/* 00230 809AB090 C6060000 */  lwc1    $f6, 0x0000($s0)           ## 809ABC0C
.L809AB094:
/* 00234 809AB094 C6240000 */  lwc1    $f4, 0x0000($s1)           ## 00000000
/* 00238 809AB098 C6120004 */  lwc1    $f18, 0x0004($s0)          ## 809ABC10
/* 0023C 809AB09C 46143202 */  mul.s   $f8, $f6, $f20             
/* 00240 809AB0A0 46082280 */  add.s   $f10, $f4, $f8             
/* 00244 809AB0A4 46149182 */  mul.s   $f6, $f18, $f20            
/* 00248 809AB0A8 C6120008 */  lwc1    $f18, 0x0008($s0)          ## 809ABC14
/* 0024C 809AB0AC E7AA00B0 */  swc1    $f10, 0x00B0($sp)          
/* 00250 809AB0B0 C6300004 */  lwc1    $f16, 0x0004($s1)          ## 00000004
/* 00254 809AB0B4 46068100 */  add.s   $f4, $f16, $f6             
/* 00258 809AB0B8 46149402 */  mul.s   $f16, $f18, $f20           
/* 0025C 809AB0BC 46162200 */  add.s   $f8, $f4, $f22             
/* 00260 809AB0C0 E7A800B4 */  swc1    $f8, 0x00B4($sp)           
/* 00264 809AB0C4 C62A0008 */  lwc1    $f10, 0x0008($s1)          ## 00000008
/* 00268 809AB0C8 46105180 */  add.s   $f6, $f10, $f16            
/* 0026C 809AB0CC 0C021BF7 */  jal     func_80086FDC              
/* 00270 809AB0D0 E7A600B8 */  swc1    $f6, 0x00B8($sp)           
/* 00274 809AB0D4 46180101 */  sub.s   $f4, $f0, $f24             
/* 00278 809AB0D8 46142202 */  mul.s   $f8, $f4, $f20             
/* 0027C 809AB0DC 0C021BF7 */  jal     func_80086FDC              
/* 00280 809AB0E0 E7A800BC */  swc1    $f8, 0x00BC($sp)           
/* 00284 809AB0E4 46160482 */  mul.s   $f18, $f0, $f22            
/* 00288 809AB0E8 0C021BF7 */  jal     func_80086FDC              
/* 0028C 809AB0EC E7B200C0 */  swc1    $f18, 0x00C0($sp)          
/* 00290 809AB0F0 46180281 */  sub.s   $f10, $f0, $f24            
/* 00294 809AB0F4 46145402 */  mul.s   $f16, $f10, $f20           
/* 00298 809AB0F8 0C021BF7 */  jal     func_80086FDC              
/* 0029C 809AB0FC E7B000C4 */  swc1    $f16, 0x00C4($sp)          
/* 002A0 809AB100 461C0182 */  mul.s   $f6, $f0, $f28             
/* 002A4 809AB104 240EFF9C */  addiu   $t6, $zero, 0xFF9C         ## $t6 = FFFFFF9C
/* 002A8 809AB108 240F0040 */  addiu   $t7, $zero, 0x0040         ## $t7 = 00000040
/* 002AC 809AB10C 24180028 */  addiu   $t8, $zero, 0x0028         ## $t8 = 00000028
/* 002B0 809AB110 AFB80018 */  sw      $t8, 0x0018($sp)           
/* 002B4 809AB114 AFAF0014 */  sw      $t7, 0x0014($sp)           
/* 002B8 809AB118 AFAE0010 */  sw      $t6, 0x0010($sp)           
/* 002BC 809AB11C 4600310D */  trunc.w.s $f4, $f6                   
/* 002C0 809AB120 240E0050 */  addiu   $t6, $zero, 0x0050         ## $t6 = 00000050
/* 002C4 809AB124 240FFFFF */  addiu   $t7, $zero, 0xFFFF         ## $t7 = FFFFFFFF
/* 002C8 809AB128 24180001 */  addiu   $t8, $zero, 0x0001         ## $t8 = 00000001
/* 002CC 809AB12C 44092000 */  mfc1    $t1, $f4                   
/* 002D0 809AB130 24190003 */  addiu   $t9, $zero, 0x0003         ## $t9 = 00000003
/* 002D4 809AB134 AFB9001C */  sw      $t9, 0x001C($sp)           
/* 002D8 809AB138 312A0007 */  andi    $t2, $t1, 0x0007           ## $t2 = 00000000
/* 002DC 809AB13C 000A5840 */  sll     $t3, $t2,  1               
/* 002E0 809AB140 02AB6021 */  addu    $t4, $s5, $t3              
/* 002E4 809AB144 858D0000 */  lh      $t5, 0x0000($t4)           ## 00000000
/* 002E8 809AB148 AFB6003C */  sw      $s6, 0x003C($sp)           
/* 002EC 809AB14C AFB80038 */  sw      $t8, 0x0038($sp)           
/* 002F0 809AB150 AFAF0034 */  sw      $t7, 0x0034($sp)           
/* 002F4 809AB154 AFAE0030 */  sw      $t6, 0x0030($sp)           
/* 002F8 809AB158 AFA0002C */  sw      $zero, 0x002C($sp)         
/* 002FC 809AB15C AFA00028 */  sw      $zero, 0x0028($sp)         
/* 00300 809AB160 02602025 */  or      $a0, $s3, $zero            ## $a0 = 00000000
/* 00304 809AB164 02402825 */  or      $a1, $s2, $zero            ## $a1 = FFFFFFE8
/* 00308 809AB168 02803025 */  or      $a2, $s4, $zero            ## $a2 = FFFFFFF4
/* 0030C 809AB16C 02403825 */  or      $a3, $s2, $zero            ## $a3 = FFFFFFE8
/* 00310 809AB170 AFA00020 */  sw      $zero, 0x0020($sp)         
/* 00314 809AB174 0C02CA04 */  jal     func_800B2810              
/* 00318 809AB178 AFAD0024 */  sw      $t5, 0x0024($sp)           
/* 0031C 809AB17C C6120000 */  lwc1    $f18, 0x0000($s0)          ## 809ABC0C
/* 00320 809AB180 C6280000 */  lwc1    $f8, 0x0000($s1)           ## 00000000
/* 00324 809AB184 C6040004 */  lwc1    $f4, 0x0004($s0)           ## 809ABC10
/* 00328 809AB188 461A9282 */  mul.s   $f10, $f18, $f26           
/* 0032C 809AB18C 460A4400 */  add.s   $f16, $f8, $f10            
/* 00330 809AB190 461A2482 */  mul.s   $f18, $f4, $f26            
/* 00334 809AB194 C6040008 */  lwc1    $f4, 0x0008($s0)           ## 809ABC14
/* 00338 809AB198 E7B000B0 */  swc1    $f16, 0x00B0($sp)          
/* 0033C 809AB19C C6260004 */  lwc1    $f6, 0x0004($s1)           ## 00000004
/* 00340 809AB1A0 46123200 */  add.s   $f8, $f6, $f18             
/* 00344 809AB1A4 461A2182 */  mul.s   $f6, $f4, $f26             
/* 00348 809AB1A8 46164280 */  add.s   $f10, $f8, $f22            
/* 0034C 809AB1AC E7AA00B4 */  swc1    $f10, 0x00B4($sp)          
/* 00350 809AB1B0 C6300008 */  lwc1    $f16, 0x0008($s1)          ## 00000008
/* 00354 809AB1B4 46068480 */  add.s   $f18, $f16, $f6            
/* 00358 809AB1B8 0C021BF7 */  jal     func_80086FDC              
/* 0035C 809AB1BC E7B200B8 */  swc1    $f18, 0x00B8($sp)          
/* 00360 809AB1C0 46180201 */  sub.s   $f8, $f0, $f24             
/* 00364 809AB1C4 461E4282 */  mul.s   $f10, $f8, $f30            
/* 00368 809AB1C8 0C021BF7 */  jal     func_80086FDC              
/* 0036C 809AB1CC E7AA00BC */  swc1    $f10, 0x00BC($sp)          
/* 00370 809AB1D0 46160102 */  mul.s   $f4, $f0, $f22             
/* 00374 809AB1D4 0C021BF7 */  jal     func_80086FDC              
/* 00378 809AB1D8 E7A400C0 */  swc1    $f4, 0x00C0($sp)           
/* 0037C 809AB1DC 46180401 */  sub.s   $f16, $f0, $f24            
/* 00380 809AB1E0 461E8182 */  mul.s   $f6, $f16, $f30            
/* 00384 809AB1E4 0C021BF7 */  jal     func_80086FDC              
/* 00388 809AB1E8 E7A600C4 */  swc1    $f6, 0x00C4($sp)           
/* 0038C 809AB1EC 461C0482 */  mul.s   $f18, $f0, $f28            
/* 00390 809AB1F0 2419FF9C */  addiu   $t9, $zero, 0xFF9C         ## $t9 = FFFFFF9C
/* 00394 809AB1F4 24080040 */  addiu   $t0, $zero, 0x0040         ## $t0 = 00000040
/* 00398 809AB1F8 24090028 */  addiu   $t1, $zero, 0x0028         ## $t1 = 00000028
/* 0039C 809AB1FC AFA90018 */  sw      $t1, 0x0018($sp)           
/* 003A0 809AB200 AFA80014 */  sw      $t0, 0x0014($sp)           
/* 003A4 809AB204 AFB90010 */  sw      $t9, 0x0010($sp)           
/* 003A8 809AB208 4600920D */  trunc.w.s $f8, $f18                  
/* 003AC 809AB20C 24190050 */  addiu   $t9, $zero, 0x0050         ## $t9 = 00000050
/* 003B0 809AB210 2408FFFF */  addiu   $t0, $zero, 0xFFFF         ## $t0 = FFFFFFFF
/* 003B4 809AB214 24090001 */  addiu   $t1, $zero, 0x0001         ## $t1 = 00000001
/* 003B8 809AB218 440C4000 */  mfc1    $t4, $f8                   
/* 003BC 809AB21C 240A0003 */  addiu   $t2, $zero, 0x0003         ## $t2 = 00000003
/* 003C0 809AB220 AFAA001C */  sw      $t2, 0x001C($sp)           
/* 003C4 809AB224 0197001A */  div     $zero, $t4, $s7            
/* 003C8 809AB228 00006810 */  mfhi    $t5                        
/* 003CC 809AB22C 000D7040 */  sll     $t6, $t5,  1               
/* 003D0 809AB230 02AE7821 */  addu    $t7, $s5, $t6              
/* 003D4 809AB234 85F80000 */  lh      $t8, 0x0000($t7)           ## 00000000
/* 003D8 809AB238 AFBE003C */  sw      $s8, 0x003C($sp)           
/* 003DC 809AB23C AFA90038 */  sw      $t1, 0x0038($sp)           
/* 003E0 809AB240 AFA80034 */  sw      $t0, 0x0034($sp)           
/* 003E4 809AB244 AFB90030 */  sw      $t9, 0x0030($sp)           
/* 003E8 809AB248 AFA0002C */  sw      $zero, 0x002C($sp)         
/* 003EC 809AB24C AFA00028 */  sw      $zero, 0x0028($sp)         
/* 003F0 809AB250 02602025 */  or      $a0, $s3, $zero            ## $a0 = 00000000
/* 003F4 809AB254 02402825 */  or      $a1, $s2, $zero            ## $a1 = FFFFFFE8
/* 003F8 809AB258 02803025 */  or      $a2, $s4, $zero            ## $a2 = FFFFFFF4
/* 003FC 809AB25C 02403825 */  or      $a3, $s2, $zero            ## $a3 = FFFFFFE8
/* 00400 809AB260 AFA00020 */  sw      $zero, 0x0020($sp)         
/* 00404 809AB264 16E00002 */  bne     $s7, $zero, .L809AB270     
/* 00408 809AB268 00000000 */  nop
/* 0040C 809AB26C 0007000D */  break 7
.L809AB270:
/* 00410 809AB270 2401FFFF */  addiu   $at, $zero, 0xFFFF         ## $at = FFFFFFFF
/* 00414 809AB274 16E10004 */  bne     $s7, $at, .L809AB288       
/* 00418 809AB278 3C018000 */  lui     $at, 0x8000                ## $at = 80000000
/* 0041C 809AB27C 15810002 */  bne     $t4, $at, .L809AB288       
/* 00420 809AB280 00000000 */  nop
/* 00424 809AB284 0006000D */  break 6
.L809AB288:
/* 00428 809AB288 AFB80024 */  sw      $t8, 0x0024($sp)           
/* 0042C 809AB28C 0C02CA04 */  jal     func_800B2810              
/* 00430 809AB290 00000000 */  nop
/* 00434 809AB294 3C0A809B */  lui     $t2, %hi(D_809ABC3C)       ## $t2 = 809B0000
/* 00438 809AB298 254ABC3C */  addiu   $t2, $t2, %lo(D_809ABC3C)  ## $t2 = 809ABC3C
/* 0043C 809AB29C 2610000C */  addiu   $s0, $s0, 0x000C           ## $s0 = 809ABC18
/* 00440 809AB2A0 560AFF7C */  bnel    $s0, $t2, .L809AB094       
/* 00444 809AB2A4 C6060000 */  lwc1    $f6, 0x0000($s0)           ## 809ABC18
/* 00448 809AB2A8 8FBF009C */  lw      $ra, 0x009C($sp)           
/* 0044C 809AB2AC D7B40048 */  ldc1    $f20, 0x0048($sp)          
/* 00450 809AB2B0 D7B60050 */  ldc1    $f22, 0x0050($sp)          
/* 00454 809AB2B4 D7B80058 */  ldc1    $f24, 0x0058($sp)          
/* 00458 809AB2B8 D7BA0060 */  ldc1    $f26, 0x0060($sp)          
/* 0045C 809AB2BC D7BC0068 */  ldc1    $f28, 0x0068($sp)          
/* 00460 809AB2C0 D7BE0070 */  ldc1    $f30, 0x0070($sp)          
/* 00464 809AB2C4 8FB00078 */  lw      $s0, 0x0078($sp)           
/* 00468 809AB2C8 8FB1007C */  lw      $s1, 0x007C($sp)           
/* 0046C 809AB2CC 8FB20080 */  lw      $s2, 0x0080($sp)           
/* 00470 809AB2D0 8FB30084 */  lw      $s3, 0x0084($sp)           
/* 00474 809AB2D4 8FB40088 */  lw      $s4, 0x0088($sp)           
/* 00478 809AB2D8 8FB5008C */  lw      $s5, 0x008C($sp)           
/* 0047C 809AB2DC 8FB60090 */  lw      $s6, 0x0090($sp)           
/* 00480 809AB2E0 8FB70094 */  lw      $s7, 0x0094($sp)           
/* 00484 809AB2E4 8FBE0098 */  lw      $s8, 0x0098($sp)           
/* 00488 809AB2E8 03E00008 */  jr      $ra                        
/* 0048C 809AB2EC 27BD00C8 */  addiu   $sp, $sp, 0x00C8           ## $sp = 00000000


glabel func_809AB2F0
/* 00490 809AB2F0 27BDFFD8 */  addiu   $sp, $sp, 0xFFD8           ## $sp = FFFFFFD8
/* 00494 809AB2F4 AFB00018 */  sw      $s0, 0x0018($sp)           
/* 00498 809AB2F8 00808025 */  or      $s0, $a0, $zero            ## $s0 = 00000000
/* 0049C 809AB2FC AFBF001C */  sw      $ra, 0x001C($sp)           
/* 004A0 809AB300 AFA5002C */  sw      $a1, 0x002C($sp)           
/* 004A4 809AB304 3C05809B */  lui     $a1, %hi(D_809ABC4C)       ## $a1 = 809B0000
/* 004A8 809AB308 24A5BC4C */  addiu   $a1, $a1, %lo(D_809ABC4C)  ## $a1 = 809ABC4C
/* 004AC 809AB30C 0C03FEB7 */  jal     func_800FFADC              
/* 004B0 809AB310 02002025 */  or      $a0, $s0, $zero            ## $a0 = 00000000
/* 004B4 809AB314 26050144 */  addiu   $a1, $s0, 0x0144           ## $a1 = 00000144
/* 004B8 809AB318 AFA50020 */  sw      $a1, 0x0020($sp)           
/* 004BC 809AB31C 0C038467 */  jal     func_800E119C              
/* 004C0 809AB320 8FA4002C */  lw      $a0, 0x002C($sp)           
/* 004C4 809AB324 3C07809B */  lui     $a3, %hi(D_809ABBD0)       ## $a3 = 809B0000
/* 004C8 809AB328 8FA50020 */  lw      $a1, 0x0020($sp)           
/* 004CC 809AB32C 24E7BBD0 */  addiu   $a3, $a3, %lo(D_809ABBD0)  ## $a3 = 809ABBD0
/* 004D0 809AB330 8FA4002C */  lw      $a0, 0x002C($sp)           
/* 004D4 809AB334 0C0384C3 */  jal     func_800E130C              
/* 004D8 809AB338 02003025 */  or      $a2, $s0, $zero            ## $a2 = 00000000
/* 004DC 809AB33C 240E0050 */  addiu   $t6, $zero, 0x0050         ## $t6 = 00000050
/* 004E0 809AB340 A20E00B6 */  sb      $t6, 0x00B6($s0)           ## 000000B6
/* 004E4 809AB344 0C26ACF1 */  jal     func_809AB3C4              
/* 004E8 809AB348 02002025 */  or      $a0, $s0, $zero            ## $a0 = 00000000
/* 004EC 809AB34C 8FBF001C */  lw      $ra, 0x001C($sp)           
/* 004F0 809AB350 8FB00018 */  lw      $s0, 0x0018($sp)           
/* 004F4 809AB354 27BD0028 */  addiu   $sp, $sp, 0x0028           ## $sp = 00000000
/* 004F8 809AB358 03E00008 */  jr      $ra                        
/* 004FC 809AB35C 00000000 */  nop


glabel func_809AB360
/* 00500 809AB360 27BDFFE8 */  addiu   $sp, $sp, 0xFFE8           ## $sp = FFFFFFE8
/* 00504 809AB364 AFBF0014 */  sw      $ra, 0x0014($sp)           
/* 00508 809AB368 00803025 */  or      $a2, $a0, $zero            ## $a2 = 00000000
/* 0050C 809AB36C 00A03825 */  or      $a3, $a1, $zero            ## $a3 = 00000000
/* 00510 809AB370 00E02025 */  or      $a0, $a3, $zero            ## $a0 = 00000000
/* 00514 809AB374 24C50144 */  addiu   $a1, $a2, 0x0144           ## $a1 = 00000144
/* 00518 809AB378 0C03847B */  jal     func_800E11EC              
/* 0051C 809AB37C AFA60018 */  sw      $a2, 0x0018($sp)           
/* 00520 809AB380 8FA60018 */  lw      $a2, 0x0018($sp)           
/* 00524 809AB384 8CC30190 */  lw      $v1, 0x0190($a2)           ## 00000190
/* 00528 809AB388 5060000B */  beql    $v1, $zero, .L809AB3B8     
/* 0052C 809AB38C 8FBF0014 */  lw      $ra, 0x0014($sp)           
/* 00530 809AB390 84CE001C */  lh      $t6, 0x001C($a2)           ## 0000001C
/* 00534 809AB394 000E7880 */  sll     $t7, $t6,  2               
/* 00538 809AB398 006F1021 */  addu    $v0, $v1, $t7              
/* 0053C 809AB39C 8C583298 */  lw      $t8, 0x3298($v0)           ## 00003298
/* 00540 809AB3A0 24423298 */  addiu   $v0, $v0, 0x3298           ## $v0 = 00003298
/* 00544 809AB3A4 54D80004 */  bnel    $a2, $t8, .L809AB3B8       
/* 00548 809AB3A8 8FBF0014 */  lw      $ra, 0x0014($sp)           
/* 0054C 809AB3AC AC400000 */  sw      $zero, 0x0000($v0)         ## 00003298
/* 00550 809AB3B0 ACC00190 */  sw      $zero, 0x0190($a2)         ## 00000190
/* 00554 809AB3B4 8FBF0014 */  lw      $ra, 0x0014($sp)           
.L809AB3B8:
/* 00558 809AB3B8 27BD0018 */  addiu   $sp, $sp, 0x0018           ## $sp = 00000000
/* 0055C 809AB3BC 03E00008 */  jr      $ra                        
/* 00560 809AB3C0 00000000 */  nop


glabel func_809AB3C4
/* 00564 809AB3C4 3C0E809B */  lui     $t6, %hi(func_809AB3D8)    ## $t6 = 809B0000
/* 00568 809AB3C8 25CEB3D8 */  addiu   $t6, $t6, %lo(func_809AB3D8) ## $t6 = 809AB3D8
/* 0056C 809AB3CC AC8E019C */  sw      $t6, 0x019C($a0)           ## 0000019C
/* 00570 809AB3D0 03E00008 */  jr      $ra                        
/* 00574 809AB3D4 00000000 */  nop


glabel func_809AB3D8
/* 00578 809AB3D8 27BDFFE8 */  addiu   $sp, $sp, 0xFFE8           ## $sp = FFFFFFE8
/* 0057C 809AB3DC AFBF0014 */  sw      $ra, 0x0014($sp)           
/* 00580 809AB3E0 AFA5001C */  sw      $a1, 0x001C($sp)           
/* 00584 809AB3E4 8C820190 */  lw      $v0, 0x0190($a0)           ## 00000190
/* 00588 809AB3E8 5040000C */  beql    $v0, $zero, .L809AB41C     
/* 0058C 809AB3EC 8FBF0014 */  lw      $ra, 0x0014($sp)           
/* 00590 809AB3F0 844E3292 */  lh      $t6, 0x3292($v0)           ## 00003292
/* 00594 809AB3F4 848F001C */  lh      $t7, 0x001C($a0)           ## 0000001C
/* 00598 809AB3F8 11CF0005 */  beq     $t6, $t7, .L809AB410       
/* 0059C 809AB3FC 00000000 */  nop
/* 005A0 809AB400 0C26AD1D */  jal     func_809AB474              
/* 005A4 809AB404 00000000 */  nop
/* 005A8 809AB408 10000004 */  beq     $zero, $zero, .L809AB41C   
/* 005AC 809AB40C 8FBF0014 */  lw      $ra, 0x0014($sp)           
.L809AB410:
/* 005B0 809AB410 0C26AD0A */  jal     func_809AB428              
/* 005B4 809AB414 00000000 */  nop
/* 005B8 809AB418 8FBF0014 */  lw      $ra, 0x0014($sp)           
.L809AB41C:
/* 005BC 809AB41C 27BD0018 */  addiu   $sp, $sp, 0x0018           ## $sp = 00000000
/* 005C0 809AB420 03E00008 */  jr      $ra                        
/* 005C4 809AB424 00000000 */  nop


glabel func_809AB428
/* 005C8 809AB428 3C0E809B */  lui     $t6, %hi(func_809AB43C)    ## $t6 = 809B0000
/* 005CC 809AB42C 25CEB43C */  addiu   $t6, $t6, %lo(func_809AB43C) ## $t6 = 809AB43C
/* 005D0 809AB430 AC8E019C */  sw      $t6, 0x019C($a0)           ## 0000019C
/* 005D4 809AB434 03E00008 */  jr      $ra                        
/* 005D8 809AB438 00000000 */  nop


glabel func_809AB43C
/* 005DC 809AB43C 27BDFFE8 */  addiu   $sp, $sp, 0xFFE8           ## $sp = FFFFFFE8
/* 005E0 809AB440 AFBF0014 */  sw      $ra, 0x0014($sp)           
/* 005E4 809AB444 AFA5001C */  sw      $a1, 0x001C($sp)           
/* 005E8 809AB448 8C8E0190 */  lw      $t6, 0x0190($a0)           ## 00000190
/* 005EC 809AB44C 8498001C */  lh      $t8, 0x001C($a0)           ## 0000001C
/* 005F0 809AB450 85CF3292 */  lh      $t7, 0x3292($t6)           ## 00003292
/* 005F4 809AB454 51F80004 */  beql    $t7, $t8, .L809AB468       
/* 005F8 809AB458 8FBF0014 */  lw      $ra, 0x0014($sp)           
/* 005FC 809AB45C 0C26AD1D */  jal     func_809AB474              
/* 00600 809AB460 00000000 */  nop
/* 00604 809AB464 8FBF0014 */  lw      $ra, 0x0014($sp)           
.L809AB468:
/* 00608 809AB468 27BD0018 */  addiu   $sp, $sp, 0x0018           ## $sp = 00000000
/* 0060C 809AB46C 03E00008 */  jr      $ra                        
/* 00610 809AB470 00000000 */  nop


glabel func_809AB474
/* 00614 809AB474 A48000C0 */  sh      $zero, 0x00C0($a0)         ## 000000C0
/* 00618 809AB478 848200C0 */  lh      $v0, 0x00C0($a0)           ## 000000C0
/* 0061C 809AB47C 3C0E809B */  lui     $t6, %hi(func_809AB4A8)    ## $t6 = 809B0000
/* 00620 809AB480 25CEB4A8 */  addiu   $t6, $t6, %lo(func_809AB4A8) ## $t6 = 809AB4A8
/* 00624 809AB484 AC8E019C */  sw      $t6, 0x019C($a0)           ## 0000019C
/* 00628 809AB488 AC800194 */  sw      $zero, 0x0194($a0)         ## 00000194
/* 0062C 809AB48C A48200BE */  sh      $v0, 0x00BE($a0)           ## 000000BE
/* 00630 809AB490 A48200BC */  sh      $v0, 0x00BC($a0)           ## 000000BC
/* 00634 809AB494 A4820034 */  sh      $v0, 0x0034($a0)           ## 00000034
/* 00638 809AB498 A4820032 */  sh      $v0, 0x0032($a0)           ## 00000032
/* 0063C 809AB49C A4820030 */  sh      $v0, 0x0030($a0)           ## 00000030
/* 00640 809AB4A0 03E00008 */  jr      $ra                        
/* 00644 809AB4A4 00000000 */  nop


glabel func_809AB4A8
/* 00648 809AB4A8 27BDFFD8 */  addiu   $sp, $sp, 0xFFD8           ## $sp = FFFFFFD8
/* 0064C 809AB4AC AFB00018 */  sw      $s0, 0x0018($sp)           
/* 00650 809AB4B0 00808025 */  or      $s0, $a0, $zero            ## $s0 = 00000000
/* 00654 809AB4B4 AFBF001C */  sw      $ra, 0x001C($sp)           
/* 00658 809AB4B8 AFA5002C */  sw      $a1, 0x002C($sp)           
/* 0065C 809AB4BC 02002025 */  or      $a0, $s0, $zero            ## $a0 = 00000000
/* 00660 809AB4C0 0C02E27E */  jal     func_800B89F8              
/* 00664 809AB4C4 8FA5002C */  lw      $a1, 0x002C($sp)           
/* 00668 809AB4C8 50400021 */  beql    $v0, $zero, .L809AB550     
/* 0066C 809AB4CC 8E0C0190 */  lw      $t4, 0x0190($s0)           ## 00000190
/* 00670 809AB4D0 0C26AD7F */  jal     func_809AB5FC              
/* 00674 809AB4D4 02002025 */  or      $a0, $s0, $zero            ## $a0 = 00000000
/* 00678 809AB4D8 8E020194 */  lw      $v0, 0x0194($s0)           ## 00000194
/* 0067C 809AB4DC 3C18809B */  lui     $t8, %hi(func_809ABB7C)    ## $t8 = 809B0000
/* 00680 809AB4E0 2718BB7C */  addiu   $t8, $t8, %lo(func_809ABB7C) ## $t8 = 809ABB7C
/* 00684 809AB4E4 10400004 */  beq     $v0, $zero, .L809AB4F8     
/* 00688 809AB4E8 3C19800B */  lui     $t9, 0x800B                ## $t9 = 800B0000
/* 0068C 809AB4EC 904E000F */  lbu     $t6, 0x000F($v0)           ## 0000000F
/* 00690 809AB4F0 35CF0004 */  ori     $t7, $t6, 0x0004           ## $t7 = 00000004
/* 00694 809AB4F4 A04F000F */  sb      $t7, 0x000F($v0)           ## 0000000F
.L809AB4F8:
/* 00698 809AB4F8 3C013F80 */  lui     $at, 0x3F80                ## $at = 3F800000
/* 0069C 809AB4FC 44812000 */  mtc1    $at, $f4                   ## $f4 = 1.00
/* 006A0 809AB500 8E020190 */  lw      $v0, 0x0190($s0)           ## 00000190
/* 006A4 809AB504 27393FC0 */  addiu   $t9, $t9, 0x3FC0           ## $t9 = 800B3FC0
/* 006A8 809AB508 2408003C */  addiu   $t0, $zero, 0x003C         ## $t0 = 0000003C
/* 006AC 809AB50C AE18013C */  sw      $t8, 0x013C($s0)           ## 0000013C
/* 006B0 809AB510 AE1900C8 */  sw      $t9, 0x00C8($s0)           ## 000000C8
/* 006B4 809AB514 A20800D0 */  sb      $t0, 0x00D0($s0)           ## 000000D0
/* 006B8 809AB518 E60400CC */  swc1    $f4, 0x00CC($s0)           ## 000000CC
/* 006BC 809AB51C 84493292 */  lh      $t1, 0x3292($v0)           ## 00003292
/* 006C0 809AB520 240BFFFF */  addiu   $t3, $zero, 0xFFFF         ## $t3 = FFFFFFFF
/* 006C4 809AB524 26050024 */  addiu   $a1, $s0, 0x0024           ## $a1 = 00000024
/* 006C8 809AB528 392A0001 */  xori    $t2, $t1, 0x0001           ## $t2 = 00000001
/* 006CC 809AB52C A44A3292 */  sh      $t2, 0x3292($v0)           ## 00003292
/* 006D0 809AB530 A20B0003 */  sb      $t3, 0x0003($s0)           ## 00000003
/* 006D4 809AB534 8FA4002C */  lw      $a0, 0x002C($sp)           
/* 006D8 809AB538 24060014 */  addiu   $a2, $zero, 0x0014         ## $a2 = 00000014
/* 006DC 809AB53C 0C03C15A */  jal     func_800F0568              
/* 006E0 809AB540 24070869 */  addiu   $a3, $zero, 0x0869         ## $a3 = 00000869
/* 006E4 809AB544 10000029 */  beq     $zero, $zero, .L809AB5EC   
/* 006E8 809AB548 8FBF001C */  lw      $ra, 0x001C($sp)           
/* 006EC 809AB54C 8E0C0190 */  lw      $t4, 0x0190($s0)           ## 00000190
.L809AB550:
/* 006F0 809AB550 8FAD002C */  lw      $t5, 0x002C($sp)           
/* 006F4 809AB554 8D823294 */  lw      $v0, 0x3294($t4)           ## 00003294
/* 006F8 809AB558 50400024 */  beql    $v0, $zero, .L809AB5EC     
/* 006FC 809AB55C 8FBF001C */  lw      $ra, 0x001C($sp)           
/* 00700 809AB560 8DAE1CCC */  lw      $t6, 0x1CCC($t5)           ## 00001CCC
/* 00704 809AB564 26040024 */  addiu   $a0, $s0, 0x0024           ## $a0 = 00000024
/* 00708 809AB568 00402825 */  or      $a1, $v0, $zero            ## $a1 = 00000000
/* 0070C 809AB56C AFAE0020 */  sw      $t6, 0x0020($sp)           
/* 00710 809AB570 0C03FD43 */  jal     func_800FF50C              
/* 00714 809AB574 AE020194 */  sw      $v0, 0x0194($s0)           ## 00000194
/* 00718 809AB578 8E0F0194 */  lw      $t7, 0x0194($s0)           ## 00000194
/* 0071C 809AB57C 8E180194 */  lw      $t8, 0x0194($s0)           ## 00000194
/* 00720 809AB580 02002025 */  or      $a0, $s0, $zero            ## $a0 = 00000000
/* 00724 809AB584 85E2000C */  lh      $v0, 0x000C($t7)           ## 0000000C
/* 00728 809AB588 A6020032 */  sh      $v0, 0x0032($s0)           ## 00000032
/* 0072C 809AB58C A60200BE */  sh      $v0, 0x00BE($s0)           ## 000000BE
/* 00730 809AB590 8319000E */  lb      $t9, 0x000E($t8)           ## 0000000E
/* 00734 809AB594 A6190198 */  sh      $t9, 0x0198($s0)           ## 00000198
/* 00738 809AB598 0C02DB87 */  jal     func_800B6E1C              
/* 0073C 809AB59C 8FA50020 */  lw      $a1, 0x0020($sp)           
/* 00740 809AB5A0 E6000098 */  swc1    $f0, 0x0098($s0)           ## 00000098
/* 00744 809AB5A4 8FA50020 */  lw      $a1, 0x0020($sp)           
/* 00748 809AB5A8 0C02DBC3 */  jal     func_800B6F0C              
/* 0074C 809AB5AC 02002025 */  or      $a0, $s0, $zero            ## $a0 = 00000000
/* 00750 809AB5B0 C6020098 */  lwc1    $f2, 0x0098($s0)           ## 00000098
/* 00754 809AB5B4 E600009C */  swc1    $f0, 0x009C($s0)           ## 0000009C
/* 00758 809AB5B8 02002025 */  or      $a0, $s0, $zero            ## $a0 = 00000000
/* 0075C 809AB5BC 46021182 */  mul.s   $f6, $f2, $f2              
/* 00760 809AB5C0 00000000 */  nop
/* 00764 809AB5C4 46000202 */  mul.s   $f8, $f0, $f0              
/* 00768 809AB5C8 46083280 */  add.s   $f10, $f6, $f8             
/* 0076C 809AB5CC E60A0094 */  swc1    $f10, 0x0094($s0)          ## 00000094
/* 00770 809AB5D0 0C02DB35 */  jal     func_800B6CD4              
/* 00774 809AB5D4 8FA50020 */  lw      $a1, 0x0020($sp)           
/* 00778 809AB5D8 A6020092 */  sh      $v0, 0x0092($s0)           ## 00000092
/* 0077C 809AB5DC 8FA5002C */  lw      $a1, 0x002C($sp)           
/* 00780 809AB5E0 0C02E2EC */  jal     func_800B8BB0              
/* 00784 809AB5E4 02002025 */  or      $a0, $s0, $zero            ## $a0 = 00000000
/* 00788 809AB5E8 8FBF001C */  lw      $ra, 0x001C($sp)           
.L809AB5EC:
/* 0078C 809AB5EC 8FB00018 */  lw      $s0, 0x0018($sp)           
/* 00790 809AB5F0 27BD0028 */  addiu   $sp, $sp, 0x0028           ## $sp = 00000000
/* 00794 809AB5F4 03E00008 */  jr      $ra                        
/* 00798 809AB5F8 00000000 */  nop


glabel func_809AB5FC
/* 0079C 809AB5FC 3C0E809B */  lui     $t6, %hi(func_809AB610)    ## $t6 = 809B0000
/* 007A0 809AB600 25CEB610 */  addiu   $t6, $t6, %lo(func_809AB610) ## $t6 = 809AB610
/* 007A4 809AB604 AC8E019C */  sw      $t6, 0x019C($a0)           ## 0000019C
/* 007A8 809AB608 03E00008 */  jr      $ra                        
/* 007AC 809AB60C 00000000 */  nop


glabel func_809AB610
/* 007B0 809AB610 27BDFFC0 */  addiu   $sp, $sp, 0xFFC0           ## $sp = FFFFFFC0
/* 007B4 809AB614 AFB00020 */  sw      $s0, 0x0020($sp)           
/* 007B8 809AB618 00808025 */  or      $s0, $a0, $zero            ## $s0 = 00000000
/* 007BC 809AB61C AFBF0024 */  sw      $ra, 0x0024($sp)           
/* 007C0 809AB620 AFA50044 */  sw      $a1, 0x0044($sp)           
/* 007C4 809AB624 02002025 */  or      $a0, $s0, $zero            ## $a0 = 00000000
/* 007C8 809AB628 0C02E2FF */  jal     func_800B8BFC              
/* 007CC 809AB62C 8FA50044 */  lw      $a1, 0x0044($sp)           
/* 007D0 809AB630 1040001C */  beq     $v0, $zero, .L809AB6A4     
/* 007D4 809AB634 3C0141A0 */  lui     $at, 0x41A0                ## $at = 41A00000
/* 007D8 809AB638 0C26ADBF */  jal     func_809AB6FC              
/* 007DC 809AB63C 02002025 */  or      $a0, $s0, $zero            ## $a0 = 00000000
/* 007E0 809AB640 0C03FB61 */  jal     func_800FED84              
/* 007E4 809AB644 86040032 */  lh      $a0, 0x0032($s0)           ## 00000032
/* 007E8 809AB648 C6040070 */  lwc1    $f4, 0x0070($s0)           ## 00000070
/* 007EC 809AB64C 86040032 */  lh      $a0, 0x0032($s0)           ## 00000032
/* 007F0 809AB650 46040182 */  mul.s   $f6, $f0, $f4              
/* 007F4 809AB654 0C03FB51 */  jal     func_800FED44              
/* 007F8 809AB658 E6060064 */  swc1    $f6, 0x0064($s0)           ## 00000064
/* 007FC 809AB65C C6080070 */  lwc1    $f8, 0x0070($s0)           ## 00000070
/* 00800 809AB660 3C01809B */  lui     $at, %hi(D_809ABC6C)       ## $at = 809B0000
/* 00804 809AB664 02002025 */  or      $a0, $s0, $zero            ## $a0 = 00000000
/* 00808 809AB668 46080282 */  mul.s   $f10, $f0, $f8             
/* 0080C 809AB66C E60A006C */  swc1    $f10, 0x006C($s0)          ## 0000006C
/* 00810 809AB670 C430BC6C */  lwc1    $f16, %lo(D_809ABC6C)($at) 
/* 00814 809AB674 3C01C188 */  lui     $at, 0xC188                ## $at = C1880000
/* 00818 809AB678 44819000 */  mtc1    $at, $f18                  ## $f18 = -17.00
/* 0081C 809AB67C E6100074 */  swc1    $f16, 0x0074($s0)          ## 00000074
/* 00820 809AB680 0C26ABC6 */  jal     func_809AAF18              
/* 00824 809AB684 E6120078 */  swc1    $f18, 0x0078($s0)          ## 00000078
/* 00828 809AB688 02002025 */  or      $a0, $s0, $zero            ## $a0 = 00000000
/* 0082C 809AB68C 0C26ABD6 */  jal     func_809AAF58              
/* 00830 809AB690 8FA50044 */  lw      $a1, 0x0044($sp)           
/* 00834 809AB694 3C01809B */  lui     $at, %hi(D_809ABC70)       ## $at = 809B0000
/* 00838 809AB698 C424BC70 */  lwc1    $f4, %lo(D_809ABC70)($at)  
/* 0083C 809AB69C 10000012 */  beq     $zero, $zero, .L809AB6E8   
/* 00840 809AB6A0 E6040074 */  swc1    $f4, 0x0074($s0)           ## 00000074
.L809AB6A4:
/* 00844 809AB6A4 C6060024 */  lwc1    $f6, 0x0024($s0)           ## 00000024
/* 00848 809AB6A8 44815000 */  mtc1    $at, $f10                  ## $f10 = -0.00
/* 0084C 809AB6AC 8FA40044 */  lw      $a0, 0x0044($sp)           
/* 00850 809AB6B0 E7A60030 */  swc1    $f6, 0x0030($sp)           
/* 00854 809AB6B4 C6080028 */  lwc1    $f8, 0x0028($s0)           ## 00000028
/* 00858 809AB6B8 27AE0030 */  addiu   $t6, $sp, 0x0030           ## $t6 = FFFFFFF0
/* 0085C 809AB6BC 26050080 */  addiu   $a1, $s0, 0x0080           ## $a1 = 00000080
/* 00860 809AB6C0 460A4400 */  add.s   $f16, $f8, $f10            
/* 00864 809AB6C4 27A6002C */  addiu   $a2, $sp, 0x002C           ## $a2 = FFFFFFEC
/* 00868 809AB6C8 02003825 */  or      $a3, $s0, $zero            ## $a3 = 00000000
/* 0086C 809AB6CC 24840830 */  addiu   $a0, $a0, 0x0830           ## $a0 = 00000830
/* 00870 809AB6D0 E7B00034 */  swc1    $f16, 0x0034($sp)          
/* 00874 809AB6D4 C612002C */  lwc1    $f18, 0x002C($s0)          ## 0000002C
/* 00878 809AB6D8 AFAE0010 */  sw      $t6, 0x0010($sp)           
/* 0087C 809AB6DC 0C031047 */  jal     func_800C411C              
/* 00880 809AB6E0 E7B20038 */  swc1    $f18, 0x0038($sp)          
/* 00884 809AB6E4 E6000088 */  swc1    $f0, 0x0088($s0)           ## 00000088
.L809AB6E8:
/* 00888 809AB6E8 8FBF0024 */  lw      $ra, 0x0024($sp)           
/* 0088C 809AB6EC 8FB00020 */  lw      $s0, 0x0020($sp)           
/* 00890 809AB6F0 27BD0040 */  addiu   $sp, $sp, 0x0040           ## $sp = 00000000
/* 00894 809AB6F4 03E00008 */  jr      $ra                        
/* 00898 809AB6F8 00000000 */  nop


glabel func_809AB6FC
/* 0089C 809AB6FC 27BDFFE8 */  addiu   $sp, $sp, 0xFFE8           ## $sp = FFFFFFE8
/* 008A0 809AB700 AFBF0014 */  sw      $ra, 0x0014($sp)           
/* 008A4 809AB704 AFA40018 */  sw      $a0, 0x0018($sp)           
/* 008A8 809AB708 8FAF0018 */  lw      $t7, 0x0018($sp)           
/* 008AC 809AB70C 3C0E809B */  lui     $t6, %hi(func_809AB77C)    ## $t6 = 809B0000
/* 008B0 809AB710 25CEB77C */  addiu   $t6, $t6, %lo(func_809AB77C) ## $t6 = 809AB77C
/* 008B4 809AB714 2418F448 */  addiu   $t8, $zero, 0xF448         ## $t8 = FFFFF448
/* 008B8 809AB718 3C01809B */  lui     $at, %hi(D_809ABBFC)       ## $at = 809B0000
/* 008BC 809AB71C ADEE019C */  sw      $t6, 0x019C($t7)           ## 0000019C
/* 008C0 809AB720 0C021BF7 */  jal     func_80086FDC              
/* 008C4 809AB724 A438BBFC */  sh      $t8, %lo(D_809ABBFC)($at)  
/* 008C8 809AB728 3C013F00 */  lui     $at, 0x3F00                ## $at = 3F000000
/* 008CC 809AB72C 44812000 */  mtc1    $at, $f4                   ## $f4 = 0.50
/* 008D0 809AB730 3C0144C8 */  lui     $at, 0x44C8                ## $at = 44C80000
/* 008D4 809AB734 44814000 */  mtc1    $at, $f8                   ## $f8 = 1600.00
/* 008D8 809AB738 46040181 */  sub.s   $f6, $f0, $f4              
/* 008DC 809AB73C 3C01809B */  lui     $at, %hi(D_809ABC04)       ## $at = 809B0000
/* 008E0 809AB740 8FAA0018 */  lw      $t2, 0x0018($sp)           
/* 008E4 809AB744 2409003C */  addiu   $t1, $zero, 0x003C         ## $t1 = 0000003C
/* 008E8 809AB748 46083282 */  mul.s   $f10, $f6, $f8             
/* 008EC 809AB74C 4600540D */  trunc.w.s $f16, $f10                 
/* 008F0 809AB750 44088000 */  mfc1    $t0, $f16                  
/* 008F4 809AB754 00000000 */  nop
/* 008F8 809AB758 A428BC04 */  sh      $t0, %lo(D_809ABC04)($at)  
/* 008FC 809AB75C 3C01809B */  lui     $at, %hi(D_809ABC00)       ## $at = 809B0000
/* 00900 809AB760 A420BC00 */  sh      $zero, %lo(D_809ABC00)($at) 
/* 00904 809AB764 3C01809B */  lui     $at, %hi(D_809ABC08)       ## $at = 809B0000
/* 00908 809AB768 A420BC08 */  sh      $zero, %lo(D_809ABC08)($at) 
/* 0090C 809AB76C A549019A */  sh      $t1, 0x019A($t2)           ## 0000019A
/* 00910 809AB770 8FBF0014 */  lw      $ra, 0x0014($sp)           
/* 00914 809AB774 03E00008 */  jr      $ra                        
/* 00918 809AB778 27BD0018 */  addiu   $sp, $sp, 0x0018           ## $sp = 00000000


glabel func_809AB77C
/* 0091C 809AB77C 27BDFF90 */  addiu   $sp, $sp, 0xFF90           ## $sp = FFFFFF90
/* 00920 809AB780 AFB50040 */  sw      $s5, 0x0040($sp)           
/* 00924 809AB784 AFB20034 */  sw      $s2, 0x0034($sp)           
/* 00928 809AB788 00809025 */  or      $s2, $a0, $zero            ## $s2 = 00000000
/* 0092C 809AB78C 00A0A825 */  or      $s5, $a1, $zero            ## $s5 = 00000000
/* 00930 809AB790 AFBF0044 */  sw      $ra, 0x0044($sp)           
/* 00934 809AB794 AFB4003C */  sw      $s4, 0x003C($sp)           
/* 00938 809AB798 AFB30038 */  sw      $s3, 0x0038($sp)           
/* 0093C 809AB79C AFB10030 */  sw      $s1, 0x0030($sp)           
/* 00940 809AB7A0 AFB0002C */  sw      $s0, 0x002C($sp)           
/* 00944 809AB7A4 F7B60020 */  sdc1    $f22, 0x0020($sp)          
/* 00948 809AB7A8 F7B40018 */  sdc1    $f20, 0x0018($sp)          
/* 0094C 809AB7AC 92430154 */  lbu     $v1, 0x0154($s2)           ## 00000154
/* 00950 809AB7B0 26500024 */  addiu   $s0, $s2, 0x0024           ## $s0 = 00000024
/* 00954 809AB7B4 02002025 */  or      $a0, $s0, $zero            ## $a0 = 00000024
/* 00958 809AB7B8 30620002 */  andi    $v0, $v1, 0x0002           ## $v0 = 00000000
/* 0095C 809AB7BC 0002102B */  sltu    $v0, $zero, $v0            
/* 00960 809AB7C0 10400002 */  beq     $v0, $zero, .L809AB7CC     
/* 00964 809AB7C4 306EFFFD */  andi    $t6, $v1, 0xFFFD           ## $t6 = 00000000
/* 00968 809AB7C8 A24E0154 */  sb      $t6, 0x0154($s2)           ## 00000154
.L809AB7CC:
/* 0096C 809AB7CC 864F019A */  lh      $t7, 0x019A($s2)           ## 0000019A
/* 00970 809AB7D0 96430090 */  lhu     $v1, 0x0090($s2)           ## 00000090
/* 00974 809AB7D4 25F8FFFF */  addiu   $t8, $t7, 0xFFFF           ## $t8 = FFFFFFFF
/* 00978 809AB7D8 3079000B */  andi    $t9, $v1, 0x000B           ## $t9 = 00000000
/* 0097C 809AB7DC 17200007 */  bne     $t9, $zero, .L809AB7FC     
/* 00980 809AB7E0 A658019A */  sh      $t8, 0x019A($s2)           ## 0000019A
/* 00984 809AB7E4 14400005 */  bne     $v0, $zero, .L809AB7FC     
/* 00988 809AB7E8 00000000 */  nop
/* 0098C 809AB7EC 8648019A */  lh      $t0, 0x019A($s2)           ## 0000019A
/* 00990 809AB7F0 306C0040 */  andi    $t4, $v1, 0x0040           ## $t4 = 00000000
/* 00994 809AB7F4 1D00001A */  bgtz    $t0, .L809AB860            
/* 00998 809AB7F8 00000000 */  nop
.L809AB7FC:
/* 0099C 809AB7FC 0C26ABFA */  jal     func_809AAFE8              
/* 009A0 809AB800 02A02825 */  or      $a1, $s5, $zero            ## $a1 = 00000000
/* 009A4 809AB804 02002025 */  or      $a0, $s0, $zero            ## $a0 = 00000024
/* 009A8 809AB808 86450198 */  lh      $a1, 0x0198($s2)           ## 00000198
/* 009AC 809AB80C 0C26ABE7 */  jal     func_809AAF9C              
/* 009B0 809AB810 02A03025 */  or      $a2, $s5, $zero            ## $a2 = 00000000
/* 009B4 809AB814 8E420190 */  lw      $v0, 0x0190($s2)           ## 00000190
/* 009B8 809AB818 AE40013C */  sw      $zero, 0x013C($s2)         ## 0000013C
/* 009BC 809AB81C AE4000C8 */  sw      $zero, 0x00C8($s2)         ## 000000C8
/* 009C0 809AB820 10400003 */  beq     $v0, $zero, .L809AB830     
/* 009C4 809AB824 02A02025 */  or      $a0, $s5, $zero            ## $a0 = 00000000
/* 009C8 809AB828 80490003 */  lb      $t1, 0x0003($v0)           ## 00000003
/* 009CC 809AB82C A2490003 */  sb      $t1, 0x0003($s2)           ## 00000003
.L809AB830:
/* 009D0 809AB830 964A0090 */  lhu     $t2, 0x0090($s2)           ## 00000090
/* 009D4 809AB834 02002825 */  or      $a1, $s0, $zero            ## $a1 = 00000024
/* 009D8 809AB838 24060014 */  addiu   $a2, $zero, 0x0014         ## $a2 = 00000014
/* 009DC 809AB83C 314B0020 */  andi    $t3, $t2, 0x0020           ## $t3 = 00000000
/* 009E0 809AB840 15600003 */  bne     $t3, $zero, .L809AB850     
/* 009E4 809AB844 00000000 */  nop
/* 009E8 809AB848 0C03C15A */  jal     func_800F0568              
/* 009EC 809AB84C 2407284E */  addiu   $a3, $zero, 0x284E         ## $a3 = 0000284E
.L809AB850:
/* 009F0 809AB850 0C26AD0A */  jal     func_809AB428              
/* 009F4 809AB854 02402025 */  or      $a0, $s2, $zero            ## $a0 = 00000000
/* 009F8 809AB858 100000A6 */  beq     $zero, $zero, .L809ABAF4   
/* 009FC 809AB85C 8FBF0044 */  lw      $ra, 0x0044($sp)           
.L809AB860:
/* 00A00 809AB860 11800077 */  beq     $t4, $zero, .L809ABA40     
/* 00A04 809AB864 00008025 */  or      $s0, $zero, $zero          ## $s0 = 00000000
/* 00A08 809AB868 C6440028 */  lwc1    $f4, 0x0028($s2)           ## 00000028
/* 00A0C 809AB86C C646008C */  lwc1    $f6, 0x008C($s2)           ## 0000008C
/* 00A10 809AB870 3C014170 */  lui     $at, 0x4170                ## $at = 41700000
/* 00A14 809AB874 4481B000 */  mtc1    $at, $f22                  ## $f22 = 15.00
/* 00A18 809AB878 46062200 */  add.s   $f8, $f4, $f6              
/* 00A1C 809AB87C 3C0145E1 */  lui     $at, 0x45E1                ## $at = 45E10000
/* 00A20 809AB880 4481A000 */  mtc1    $at, $f20                  ## $f20 = 7200.00
/* 00A24 809AB884 00008825 */  or      $s1, $zero, $zero          ## $s1 = 00000000
/* 00A28 809AB888 E7A80060 */  swc1    $f8, 0x0060($sp)           
/* 00A2C 809AB88C 24140004 */  addiu   $s4, $zero, 0x0004         ## $s4 = 00000004
/* 00A30 809AB890 27B3005C */  addiu   $s3, $sp, 0x005C           ## $s3 = FFFFFFEC
.L809AB894:
/* 00A34 809AB894 0C021BF7 */  jal     func_80086FDC              
/* 00A38 809AB898 00000000 */  nop
/* 00A3C 809AB89C 46140282 */  mul.s   $f10, $f0, $f20            
/* 00A40 809AB8A0 4600540D */  trunc.w.s $f16, $f10                 
/* 00A44 809AB8A4 440E8000 */  mfc1    $t6, $f16                  
/* 00A48 809AB8A8 00000000 */  nop
/* 00A4C 809AB8AC 01D02021 */  addu    $a0, $t6, $s0              
/* 00A50 809AB8B0 00042400 */  sll     $a0, $a0, 16               
/* 00A54 809AB8B4 0C03FB61 */  jal     func_800FED84              
/* 00A58 809AB8B8 00042403 */  sra     $a0, $a0, 16               
/* 00A5C 809AB8BC 46160482 */  mul.s   $f18, $f0, $f22            
/* 00A60 809AB8C0 C6440024 */  lwc1    $f4, 0x0024($s2)           ## 00000024
/* 00A64 809AB8C4 46049180 */  add.s   $f6, $f18, $f4             
/* 00A68 809AB8C8 0C021BF7 */  jal     func_80086FDC              
/* 00A6C 809AB8CC E7A6005C */  swc1    $f6, 0x005C($sp)           
/* 00A70 809AB8D0 46140202 */  mul.s   $f8, $f0, $f20             
/* 00A74 809AB8D4 4600428D */  trunc.w.s $f10, $f8                  
/* 00A78 809AB8D8 44185000 */  mfc1    $t8, $f10                  
/* 00A7C 809AB8DC 00000000 */  nop
/* 00A80 809AB8E0 03102021 */  addu    $a0, $t8, $s0              
/* 00A84 809AB8E4 00042400 */  sll     $a0, $a0, 16               
/* 00A88 809AB8E8 0C03FB51 */  jal     func_800FED44              
/* 00A8C 809AB8EC 00042403 */  sra     $a0, $a0, 16               
/* 00A90 809AB8F0 46160402 */  mul.s   $f16, $f0, $f22            
/* 00A94 809AB8F4 C652002C */  lwc1    $f18, 0x002C($s2)          ## 0000002C
/* 00A98 809AB8F8 241900BE */  addiu   $t9, $zero, 0x00BE         ## $t9 = 000000BE
/* 00A9C 809AB8FC AFB90014 */  sw      $t9, 0x0014($sp)           
/* 00AA0 809AB900 AFA00010 */  sw      $zero, 0x0010($sp)         
/* 00AA4 809AB904 02A02025 */  or      $a0, $s5, $zero            ## $a0 = 00000000
/* 00AA8 809AB908 02602825 */  or      $a1, $s3, $zero            ## $a1 = FFFFFFEC
/* 00AAC 809AB90C 46128100 */  add.s   $f4, $f16, $f18            
/* 00AB0 809AB910 00003025 */  or      $a2, $zero, $zero          ## $a2 = 00000000
/* 00AB4 809AB914 00003825 */  or      $a3, $zero, $zero          ## $a3 = 00000000
/* 00AB8 809AB918 0C02C7D3 */  jal     func_800B1F4C              
/* 00ABC 809AB91C E7A40064 */  swc1    $f4, 0x0064($sp)           
/* 00AC0 809AB920 26104000 */  addiu   $s0, $s0, 0x4000           ## $s0 = 00004000
/* 00AC4 809AB924 00108400 */  sll     $s0, $s0, 16               
/* 00AC8 809AB928 26310001 */  addiu   $s1, $s1, 0x0001           ## $s1 = 00000001
/* 00ACC 809AB92C 1634FFD9 */  bne     $s1, $s4, .L809AB894       
/* 00AD0 809AB930 00108403 */  sra     $s0, $s0, 16               
/* 00AD4 809AB934 C6460024 */  lwc1    $f6, 0x0024($s2)           ## 00000024
/* 00AD8 809AB938 24080118 */  addiu   $t0, $zero, 0x0118         ## $t0 = 00000118
/* 00ADC 809AB93C 02A02025 */  or      $a0, $s5, $zero            ## $a0 = 00000000
/* 00AE0 809AB940 E7A6005C */  swc1    $f6, 0x005C($sp)           
/* 00AE4 809AB944 C648002C */  lwc1    $f8, 0x002C($s2)           ## 0000002C
/* 00AE8 809AB948 AFA80014 */  sw      $t0, 0x0014($sp)           
/* 00AEC 809AB94C AFA00010 */  sw      $zero, 0x0010($sp)         
/* 00AF0 809AB950 02602825 */  or      $a1, $s3, $zero            ## $a1 = FFFFFFEC
/* 00AF4 809AB954 00003025 */  or      $a2, $zero, $zero          ## $a2 = 00000000
/* 00AF8 809AB958 00003825 */  or      $a3, $zero, $zero          ## $a3 = 00000000
/* 00AFC 809AB95C 0C02C7D3 */  jal     func_800B1F4C              
/* 00B00 809AB960 E7A80064 */  swc1    $f8, 0x0064($sp)           
/* 00B04 809AB964 02A02025 */  or      $a0, $s5, $zero            ## $a0 = 00000000
/* 00B08 809AB968 02602825 */  or      $a1, $s3, $zero            ## $a1 = FFFFFFEC
/* 00B0C 809AB96C 2406012C */  addiu   $a2, $zero, 0x012C         ## $a2 = 0000012C
/* 00B10 809AB970 240702BC */  addiu   $a3, $zero, 0x02BC         ## $a3 = 000002BC
/* 00B14 809AB974 0C02C7BD */  jal     func_800B1EF4              
/* 00B18 809AB978 AFA00010 */  sw      $zero, 0x0010($sp)         
/* 00B1C 809AB97C 3C01809B */  lui     $at, %hi(D_809ABC74)       ## $at = 809B0000
/* 00B20 809AB980 C420BC74 */  lwc1    $f0, %lo(D_809ABC74)($at)  
/* 00B24 809AB984 C6500064 */  lwc1    $f16, 0x0064($s2)          ## 00000064
/* 00B28 809AB988 3C01C040 */  lui     $at, 0xC040                ## $at = C0400000
/* 00B2C 809AB98C 44815000 */  mtc1    $at, $f10                  ## $f10 = -3.00
/* 00B30 809AB990 46008482 */  mul.s   $f18, $f16, $f0            
/* 00B34 809AB994 3C01809B */  lui     $at, %hi(D_809ABC78)       ## $at = 809B0000
/* 00B38 809AB998 E64A0078 */  swc1    $f10, 0x0078($s2)          ## 00000078
/* 00B3C 809AB99C C6440068 */  lwc1    $f4, 0x0068($s2)           ## 00000068
/* 00B40 809AB9A0 C64A006C */  lwc1    $f10, 0x006C($s2)          ## 0000006C
/* 00B44 809AB9A4 3C10809B */  lui     $s0, %hi(D_809ABC00)       ## $s0 = 809B0000
/* 00B48 809AB9A8 3C11809B */  lui     $s1, %hi(D_809ABC08)       ## $s1 = 809B0000
/* 00B4C 809AB9AC E6520064 */  swc1    $f18, 0x0064($s2)          ## 00000064
/* 00B50 809AB9B0 C426BC78 */  lwc1    $f6, %lo(D_809ABC78)($at)  
/* 00B54 809AB9B4 3C013F00 */  lui     $at, 0x3F00                ## $at = 3F000000
/* 00B58 809AB9B8 C6520074 */  lwc1    $f18, 0x0074($s2)          ## 00000074
/* 00B5C 809AB9BC 46062202 */  mul.s   $f8, $f4, $f6              
/* 00B60 809AB9C0 44812000 */  mtc1    $at, $f4                   ## $f4 = 0.50
/* 00B64 809AB9C4 3C13809B */  lui     $s3, %hi(D_809ABBFC)       ## $s3 = 809B0000
/* 00B68 809AB9C8 46005402 */  mul.s   $f16, $f10, $f0            
/* 00B6C 809AB9CC 3C14809B */  lui     $s4, %hi(D_809ABC04)       ## $s4 = 809B0000
/* 00B70 809AB9D0 2694BC04 */  addiu   $s4, $s4, %lo(D_809ABC04)  ## $s4 = 809ABC04
/* 00B74 809AB9D4 46049182 */  mul.s   $f6, $f18, $f4             
/* 00B78 809AB9D8 E6480068 */  swc1    $f8, 0x0068($s2)           ## 00000068
/* 00B7C 809AB9DC 2673BBFC */  addiu   $s3, $s3, %lo(D_809ABBFC)  ## $s3 = 809ABBFC
/* 00B80 809AB9E0 2631BC08 */  addiu   $s1, $s1, %lo(D_809ABC08)  ## $s1 = 809ABC08
/* 00B84 809AB9E4 E650006C */  swc1    $f16, 0x006C($s2)          ## 0000006C
/* 00B88 809AB9E8 2610BC00 */  addiu   $s0, $s0, %lo(D_809ABC00)  ## $s0 = 809ABC00
/* 00B8C 809AB9EC 02A02025 */  or      $a0, $s5, $zero            ## $a0 = 00000000
/* 00B90 809AB9F0 E6460074 */  swc1    $f6, 0x0074($s2)           ## 00000074
/* 00B94 809AB9F4 86090000 */  lh      $t1, 0x0000($s0)           ## 809ABC00
/* 00B98 809AB9F8 866B0000 */  lh      $t3, 0x0000($s3)           ## 809ABBFC
/* 00B9C 809AB9FC 862D0000 */  lh      $t5, 0x0000($s1)           ## 809ABC08
/* 00BA0 809ABA00 868F0000 */  lh      $t7, 0x0000($s4)           ## 809ABC04
/* 00BA4 809ABA04 00095043 */  sra     $t2, $t1,  1               
/* 00BA8 809ABA08 000B6043 */  sra     $t4, $t3,  1               
/* 00BAC 809ABA0C 000D7043 */  sra     $t6, $t5,  1               
/* 00BB0 809ABA10 000FC043 */  sra     $t8, $t7,  1               
/* 00BB4 809ABA14 A60A0000 */  sh      $t2, 0x0000($s0)           ## 809ABC00
/* 00BB8 809ABA18 A66C0000 */  sh      $t4, 0x0000($s3)           ## 809ABBFC
/* 00BBC 809ABA1C A62E0000 */  sh      $t6, 0x0000($s1)           ## 809ABC08
/* 00BC0 809ABA20 A6980000 */  sh      $t8, 0x0000($s4)           ## 809ABC04
/* 00BC4 809ABA24 96590090 */  lhu     $t9, 0x0090($s2)           ## 00000090
/* 00BC8 809ABA28 26450024 */  addiu   $a1, $s2, 0x0024           ## $a1 = 00000024
/* 00BCC 809ABA2C 24060028 */  addiu   $a2, $zero, 0x0028         ## $a2 = 00000028
/* 00BD0 809ABA30 3328FFBF */  andi    $t0, $t9, 0xFFBF           ## $t0 = 00000000
/* 00BD4 809ABA34 A6480090 */  sh      $t0, 0x0090($s2)           ## 00000090
/* 00BD8 809ABA38 0C03C15A */  jal     func_800F0568              
/* 00BDC 809ABA3C 240728C5 */  addiu   $a3, $zero, 0x28C5         ## $a3 = 000028C5
.L809ABA40:
/* 00BE0 809ABA40 3C10809B */  lui     $s0, %hi(D_809ABC00)       ## $s0 = 809B0000
/* 00BE4 809ABA44 3C13809B */  lui     $s3, %hi(D_809ABBFC)       ## $s3 = 809B0000
/* 00BE8 809ABA48 2673BBFC */  addiu   $s3, $s3, %lo(D_809ABBFC)  ## $s3 = 809ABBFC
/* 00BEC 809ABA4C 2610BC00 */  addiu   $s0, $s0, %lo(D_809ABC00)  ## $s0 = 809ABC00
/* 00BF0 809ABA50 3C11809B */  lui     $s1, %hi(D_809ABC08)       ## $s1 = 809B0000
/* 00BF4 809ABA54 3C14809B */  lui     $s4, %hi(D_809ABC04)       ## $s4 = 809B0000
/* 00BF8 809ABA58 2694BC04 */  addiu   $s4, $s4, %lo(D_809ABC04)  ## $s4 = 809ABC04
/* 00BFC 809ABA5C 2631BC08 */  addiu   $s1, $s1, %lo(D_809ABC08)  ## $s1 = 809ABC08
/* 00C00 809ABA60 02002025 */  or      $a0, $s0, $zero            ## $a0 = 809ABC00
/* 00C04 809ABA64 86650000 */  lh      $a1, 0x0000($s3)           ## 809ABBFC
/* 00C08 809ABA68 0C03FBCB */  jal     func_800FEF2C              
/* 00C0C 809ABA6C 240601F4 */  addiu   $a2, $zero, 0x01F4         ## $a2 = 000001F4
/* 00C10 809ABA70 02202025 */  or      $a0, $s1, $zero            ## $a0 = 809ABC08
/* 00C14 809ABA74 86850000 */  lh      $a1, 0x0000($s4)           ## 809ABC04
/* 00C18 809ABA78 0C03FBCB */  jal     func_800FEF2C              
/* 00C1C 809ABA7C 240600AA */  addiu   $a2, $zero, 0x00AA         ## $a2 = 000000AA
/* 00C20 809ABA80 864900BC */  lh      $t1, 0x00BC($s2)           ## 000000BC
/* 00C24 809ABA84 860A0000 */  lh      $t2, 0x0000($s0)           ## 809ABC00
/* 00C28 809ABA88 864C00BE */  lh      $t4, 0x00BE($s2)           ## 000000BE
/* 00C2C 809ABA8C 02402025 */  or      $a0, $s2, $zero            ## $a0 = 00000000
/* 00C30 809ABA90 012A5821 */  addu    $t3, $t1, $t2              
/* 00C34 809ABA94 A64B00BC */  sh      $t3, 0x00BC($s2)           ## 000000BC
/* 00C38 809ABA98 862D0000 */  lh      $t5, 0x0000($s1)           ## 809ABC08
/* 00C3C 809ABA9C 018D7021 */  addu    $t6, $t4, $t5              
/* 00C40 809ABAA0 0C26ABC6 */  jal     func_809AAF18              
/* 00C44 809ABAA4 A64E00BE */  sh      $t6, 0x00BE($s2)           ## 000000BE
/* 00C48 809ABAA8 02402025 */  or      $a0, $s2, $zero            ## $a0 = 00000000
/* 00C4C 809ABAAC 0C26ABD6 */  jal     func_809AAF58              
/* 00C50 809ABAB0 02A02825 */  or      $a1, $s5, $zero            ## $a1 = 00000000
/* 00C54 809ABAB4 26500144 */  addiu   $s0, $s2, 0x0144           ## $s0 = 00000144
/* 00C58 809ABAB8 02002825 */  or      $a1, $s0, $zero            ## $a1 = 00000144
/* 00C5C 809ABABC 0C039F7E */  jal     func_800E7DF8              
/* 00C60 809ABAC0 02402025 */  or      $a0, $s2, $zero            ## $a0 = 00000000
/* 00C64 809ABAC4 3C010001 */  lui     $at, 0x0001                ## $at = 00010000
/* 00C68 809ABAC8 34218884 */  ori     $at, $at, 0x8884           ## $at = 00018884
/* 00C6C 809ABACC 02A18821 */  addu    $s1, $s5, $at              
/* 00C70 809ABAD0 02202825 */  or      $a1, $s1, $zero            ## $a1 = 809ABC08
/* 00C74 809ABAD4 02A02025 */  or      $a0, $s5, $zero            ## $a0 = 00000000
/* 00C78 809ABAD8 0C038956 */  jal     func_800E2558              
/* 00C7C 809ABADC 02003025 */  or      $a2, $s0, $zero            ## $a2 = 00000144
/* 00C80 809ABAE0 02A02025 */  or      $a0, $s5, $zero            ## $a0 = 00000000
/* 00C84 809ABAE4 02202825 */  or      $a1, $s1, $zero            ## $a1 = 809ABC08
/* 00C88 809ABAE8 0C038A4A */  jal     func_800E2928              
/* 00C8C 809ABAEC 02003025 */  or      $a2, $s0, $zero            ## $a2 = 00000144
/* 00C90 809ABAF0 8FBF0044 */  lw      $ra, 0x0044($sp)           
.L809ABAF4:
/* 00C94 809ABAF4 D7B40018 */  ldc1    $f20, 0x0018($sp)          
/* 00C98 809ABAF8 D7B60020 */  ldc1    $f22, 0x0020($sp)          
/* 00C9C 809ABAFC 8FB0002C */  lw      $s0, 0x002C($sp)           
/* 00CA0 809ABB00 8FB10030 */  lw      $s1, 0x0030($sp)           
/* 00CA4 809ABB04 8FB20034 */  lw      $s2, 0x0034($sp)           
/* 00CA8 809ABB08 8FB30038 */  lw      $s3, 0x0038($sp)           
/* 00CAC 809ABB0C 8FB4003C */  lw      $s4, 0x003C($sp)           
/* 00CB0 809ABB10 8FB50040 */  lw      $s5, 0x0040($sp)           
/* 00CB4 809ABB14 03E00008 */  jr      $ra                        
/* 00CB8 809ABB18 27BD0070 */  addiu   $sp, $sp, 0x0070           ## $sp = 00000000


glabel func_809ABB1C
/* 00CBC 809ABB1C 27BDFFE8 */  addiu   $sp, $sp, 0xFFE8           ## $sp = FFFFFFE8
/* 00CC0 809ABB20 AFBF0014 */  sw      $ra, 0x0014($sp)           
/* 00CC4 809ABB24 8C8E0190 */  lw      $t6, 0x0190($a0)           ## 00000190
/* 00CC8 809ABB28 55C0000E */  bnel    $t6, $zero, .L809ABB64     
/* 00CCC 809ABB2C 8C99019C */  lw      $t9, 0x019C($a0)           ## 0000019C
/* 00CD0 809ABB30 8C82019C */  lw      $v0, 0x019C($a0)           ## 0000019C
/* 00CD4 809ABB34 3C0F809B */  lui     $t7, %hi(func_809AB610)    ## $t7 = 809B0000
/* 00CD8 809ABB38 25EFB610 */  addiu   $t7, $t7, %lo(func_809AB610) ## $t7 = 809AB610
/* 00CDC 809ABB3C 11E20008 */  beq     $t7, $v0, .L809ABB60       
/* 00CE0 809ABB40 3C18809B */  lui     $t8, %hi(func_809AB77C)    ## $t8 = 809B0000
/* 00CE4 809ABB44 2718B77C */  addiu   $t8, $t8, %lo(func_809AB77C) ## $t8 = 809AB77C
/* 00CE8 809ABB48 53020006 */  beql    $t8, $v0, .L809ABB64       
/* 00CEC 809ABB4C 8C99019C */  lw      $t9, 0x019C($a0)           ## 0000019C
/* 00CF0 809ABB50 0C02D9C3 */  jal     func_800B670C              
/* 00CF4 809ABB54 00000000 */  nop
/* 00CF8 809ABB58 10000005 */  beq     $zero, $zero, .L809ABB70   
/* 00CFC 809ABB5C 8FBF0014 */  lw      $ra, 0x0014($sp)           
.L809ABB60:
/* 00D00 809ABB60 8C99019C */  lw      $t9, 0x019C($a0)           ## 0000019C
.L809ABB64:
/* 00D04 809ABB64 0320F809 */  jalr    $ra, $t9                   
/* 00D08 809ABB68 00000000 */  nop
/* 00D0C 809ABB6C 8FBF0014 */  lw      $ra, 0x0014($sp)           
.L809ABB70:
/* 00D10 809ABB70 27BD0018 */  addiu   $sp, $sp, 0x0018           ## $sp = 00000000
/* 00D14 809ABB74 03E00008 */  jr      $ra                        
/* 00D18 809ABB78 00000000 */  nop


glabel func_809ABB7C
/* 00D1C 809ABB7C 27BDFFE8 */  addiu   $sp, $sp, 0xFFE8           ## $sp = FFFFFFE8
/* 00D20 809ABB80 AFBF0014 */  sw      $ra, 0x0014($sp)           
/* 00D24 809ABB84 AFA40018 */  sw      $a0, 0x0018($sp)           
/* 00D28 809ABB88 00A03025 */  or      $a2, $a1, $zero            ## $a2 = 00000000
/* 00D2C 809ABB8C 3C050500 */  lui     $a1, 0x0500                ## $a1 = 05000000
/* 00D30 809ABB90 24A578A0 */  addiu   $a1, $a1, 0x78A0           ## $a1 = 050078A0
/* 00D34 809ABB94 0C02F7F0 */  jal     func_800BDFC0              
/* 00D38 809ABB98 00C02025 */  or      $a0, $a2, $zero            ## $a0 = 00000000
/* 00D3C 809ABB9C 8FBF0014 */  lw      $ra, 0x0014($sp)           
/* 00D40 809ABBA0 27BD0018 */  addiu   $sp, $sp, 0x0018           ## $sp = 00000000
/* 00D44 809ABBA4 03E00008 */  jr      $ra                        
/* 00D48 809ABBA8 00000000 */  nop
/* 00D4C 809ABBAC 00000000 */  nop

.section .data

D_809ABBB0: .word 0x010C0600, 0x00800030, 0x00020000, 0x000001A0
.word func_809AB2F0
.word func_809AB360
.word func_809ABB1C
.word 0x00000000
D_809ABBD0: .word \
0x0A090029, 0x20010000, 0x00000000, 0x00400000, \
0x00020000, 0x00000000, 0x00000000, 0x19000100, \
0x000A002C, 0x00000000, 0x00000000
D_809ABBFC: .word 0x00000000
D_809ABC00: .word 0x00000000
D_809ABC04: .word 0x00000000
D_809ABC08: .word 0x00000000
D_809ABC0C: .word \
0x00000000, 0x3F350481, 0x3F350481, 0x3F350481, \
0x3F350481, 0x00000000, 0x00000000, 0x3F350481, \
0xBF350481, 0xBF350481, 0x3F350481, 0x00000000
D_809ABC3C: .word 0x006C0066, 0x00600054, 0x00420037, 0x002A0026
D_809ABC4C: .word \
0xB874F380, 0xB878BD98, 0x48580190, 0x00000000, \
0x00000000

.section .rodata

D_809ABC60: .word 0x3E4CCCCD
D_809ABC64: .word 0x3DCCCCCD
D_809ABC68: .word 0x42DE3333
D_809ABC6C: .word 0xBDCCCCCD
D_809ABC70: .word 0xC04CCCCD
D_809ABC74: .word 0x3DCCCCCD
D_809ABC78: .word 0x3ECCCCCD, 0x00000000


.section .rodata
D_809ABC80:
.incbin "baserom/Obj_Grass_Carry", 0xE20, 0x00000160
