.include "macro.inc"

# assembler directives
.set noat      # allow manual use of $at
.set noreorder # don't insert nops after branches
.set gp=64     # allow use of 64-bit general purpose registers

.section .text
glabel func_80AD5BB0
/* 00000 80AD5BB0 27BDFFE8 */  addiu   $sp, $sp, 0xFFE8           ## $sp = FFFFFFE8
/* 00004 80AD5BB4 AFBF0014 */  sw      $ra, 0x0014($sp)           
/* 00008 80AD5BB8 0C06008D */  jal     func_80180234              
/* 0000C 80AD5BBC AFA40018 */  sw      $a0, 0x0018($sp)           
/* 00010 80AD5BC0 8FA40018 */  lw      $a0, 0x0018($sp)           
/* 00014 80AD5BC4 C4840000 */  lwc1    $f4, 0x0000($a0)           ## 00000000
/* 00018 80AD5BC8 E4440030 */  swc1    $f4, 0x0030($v0)           ## 00000030
/* 0001C 80AD5BCC C4860004 */  lwc1    $f6, 0x0004($a0)           ## 00000004
/* 00020 80AD5BD0 E4460034 */  swc1    $f6, 0x0034($v0)           ## 00000034
/* 00024 80AD5BD4 C4880008 */  lwc1    $f8, 0x0008($a0)           ## 00000008
/* 00028 80AD5BD8 E4480038 */  swc1    $f8, 0x0038($v0)           ## 00000038
/* 0002C 80AD5BDC 8FBF0014 */  lw      $ra, 0x0014($sp)           
/* 00030 80AD5BE0 03E00008 */  jr      $ra                        
/* 00034 80AD5BE4 27BD0018 */  addiu   $sp, $sp, 0x0018           ## $sp = 00000000


glabel func_80AD5BE8
/* 00038 80AD5BE8 27BDFFD0 */  addiu   $sp, $sp, 0xFFD0           ## $sp = FFFFFFD0
/* 0003C 80AD5BEC AFBF001C */  sw      $ra, 0x001C($sp)           
/* 00040 80AD5BF0 AFA40030 */  sw      $a0, 0x0030($sp)           
/* 00044 80AD5BF4 00A03025 */  or      $a2, $a1, $zero            ## $a2 = 00000000
/* 00048 80AD5BF8 84CE0810 */  lh      $t6, 0x0810($a2)           ## 00000810
/* 0004C 80AD5BFC 24050003 */  addiu   $a1, $zero, 0x0003         ## $a1 = 00000003
/* 00050 80AD5C00 000E7880 */  sll     $t7, $t6,  2               
/* 00054 80AD5C04 00CFC021 */  addu    $t8, $a2, $t7              
/* 00058 80AD5C08 0C04AAA7 */  jal     func_8012AA9C              
/* 0005C 80AD5C0C 8F040800 */  lw      $a0, 0x0800($t8)           ## 00000800
/* 00060 80AD5C10 00022400 */  sll     $a0, $v0, 16               
/* 00064 80AD5C14 A7A20026 */  sh      $v0, 0x0026($sp)           
/* 00068 80AD5C18 00042403 */  sra     $a0, $a0, 16               
/* 0006C 80AD5C1C 0C04AA2A */  jal     func_8012A8A8              
/* 00070 80AD5C20 24054E20 */  addiu   $a1, $zero, 0x4E20         ## $a1 = 00004E20
/* 00074 80AD5C24 87A40026 */  lh      $a0, 0x0026($sp)           
/* 00078 80AD5C28 24050001 */  addiu   $a1, $zero, 0x0001         ## $a1 = 00000001
/* 0007C 80AD5C2C 00003025 */  or      $a2, $zero, $zero          ## $a2 = 00000000
/* 00080 80AD5C30 00003825 */  or      $a3, $zero, $zero          ## $a3 = 00000000
/* 00084 80AD5C34 0C04AA5E */  jal     func_8012A978              
/* 00088 80AD5C38 AFA00010 */  sw      $zero, 0x0010($sp)         
/* 0008C 80AD5C3C 87A40026 */  lh      $a0, 0x0026($sp)           
/* 00090 80AD5C40 0C04AA3C */  jal     func_8012A8F0              
/* 00094 80AD5C44 24050007 */  addiu   $a1, $zero, 0x0007         ## $a1 = 00000007
/* 00098 80AD5C48 8FB90030 */  lw      $t9, 0x0030($sp)           
/* 0009C 80AD5C4C 24050078 */  addiu   $a1, $zero, 0x0078         ## $a1 = 00000078
/* 000A0 80AD5C50 24060014 */  addiu   $a2, $zero, 0x0014         ## $a2 = 00000014
/* 000A4 80AD5C54 2407000A */  addiu   $a3, $zero, 0x000A         ## $a3 = 0000000A
/* 000A8 80AD5C58 0C04FB38 */  jal     func_8013ECE0              
/* 000AC 80AD5C5C C72C0094 */  lwc1    $f12, 0x0094($t9)          ## 00000094
/* 000B0 80AD5C60 8FBF001C */  lw      $ra, 0x001C($sp)           
/* 000B4 80AD5C64 27BD0030 */  addiu   $sp, $sp, 0x0030           ## $sp = 00000000
/* 000B8 80AD5C68 03E00008 */  jr      $ra                        
/* 000BC 80AD5C6C 00000000 */  nop


glabel func_80AD5C70
/* 000C0 80AD5C70 27BDFF68 */  addiu   $sp, $sp, 0xFF68           ## $sp = FFFFFF68
/* 000C4 80AD5C74 AFB70060 */  sw      $s7, 0x0060($sp)           
/* 000C8 80AD5C78 AFB10048 */  sw      $s1, 0x0048($sp)           
/* 000CC 80AD5C7C 00A08825 */  or      $s1, $a1, $zero            ## $s1 = 00000000
/* 000D0 80AD5C80 00C0B825 */  or      $s7, $a2, $zero            ## $s7 = 00000000
/* 000D4 80AD5C84 AFBF0064 */  sw      $ra, 0x0064($sp)           
/* 000D8 80AD5C88 AFB6005C */  sw      $s6, 0x005C($sp)           
/* 000DC 80AD5C8C AFB50058 */  sw      $s5, 0x0058($sp)           
/* 000E0 80AD5C90 AFB40054 */  sw      $s4, 0x0054($sp)           
/* 000E4 80AD5C94 AFB30050 */  sw      $s3, 0x0050($sp)           
/* 000E8 80AD5C98 AFB2004C */  sw      $s2, 0x004C($sp)           
/* 000EC 80AD5C9C AFB00044 */  sw      $s0, 0x0044($sp)           
/* 000F0 80AD5CA0 F7BC0038 */  sdc1    $f28, 0x0038($sp)          
/* 000F4 80AD5CA4 F7BA0030 */  sdc1    $f26, 0x0030($sp)          
/* 000F8 80AD5CA8 F7B80028 */  sdc1    $f24, 0x0028($sp)          
/* 000FC 80AD5CAC F7B60020 */  sdc1    $f22, 0x0020($sp)          
/* 00100 80AD5CB0 F7B40018 */  sdc1    $f20, 0x0018($sp)          
/* 00104 80AD5CB4 00803825 */  or      $a3, $a0, $zero            ## $a3 = 00000000
/* 00108 80AD5CB8 84E400BE */  lh      $a0, 0x00BE($a3)           ## 000000BE
/* 0010C 80AD5CBC 0C06026B */  jal     func_801809AC              
/* 00110 80AD5CC0 00002825 */  or      $a1, $zero, $zero          ## $a1 = 00000000
/* 00114 80AD5CC4 3C0142E6 */  lui     $at, 0x42E6                ## $at = 42E60000
/* 00118 80AD5CC8 44812000 */  mtc1    $at, $f4                   ## $f4 = 115.00
/* 0011C 80AD5CCC 3C01C120 */  lui     $at, 0xC120                ## $at = C1200000
/* 00120 80AD5CD0 44813000 */  mtc1    $at, $f6                   ## $f6 = -10.00
/* 00124 80AD5CD4 3C014248 */  lui     $at, 0x4248                ## $at = 42480000
/* 00128 80AD5CD8 4481E000 */  mtc1    $at, $f28                  ## $f28 = 50.00
/* 0012C 80AD5CDC 3C0141A0 */  lui     $at, 0x41A0                ## $at = 41A00000
/* 00130 80AD5CE0 4481D000 */  mtc1    $at, $f26                  ## $f26 = 20.00
/* 00134 80AD5CE4 3C0142A0 */  lui     $at, 0x42A0                ## $at = 42A00000
/* 00138 80AD5CE8 4481C000 */  mtc1    $at, $f24                  ## $f24 = 80.00
/* 0013C 80AD5CEC 3C014220 */  lui     $at, 0x4220                ## $at = 42200000
/* 00140 80AD5CF0 3C1080AD */  lui     $s0, %hi(D_80AD663C)       ## $s0 = 80AD0000
/* 00144 80AD5CF4 3C1680AD */  lui     $s6, %hi(D_80AD6658)       ## $s6 = 80AD0000
/* 00148 80AD5CF8 3C1580AD */  lui     $s5, %hi(D_80AD6658)       ## $s5 = 80AD0000
/* 0014C 80AD5CFC 3C14801D */  lui     $s4, 0x801D                ## $s4 = 801D0000
/* 00150 80AD5D00 4481B000 */  mtc1    $at, $f22                  ## $f22 = 40.00
/* 00154 80AD5D04 269415B0 */  addiu   $s4, $s4, 0x15B0           ## $s4 = 801D15B0
/* 00158 80AD5D08 26B56658 */  addiu   $s5, $s5, %lo(D_80AD6658)  ## $s5 = 80AD6658
/* 0015C 80AD5D0C 26D66658 */  addiu   $s6, $s6, %lo(D_80AD6658)  ## $s6 = 80AD6658
/* 00160 80AD5D10 2610663C */  addiu   $s0, $s0, %lo(D_80AD663C)  ## $s0 = 80AD663C
/* 00164 80AD5D14 27B30084 */  addiu   $s3, $sp, 0x0084           ## $s3 = FFFFFFEC
/* 00168 80AD5D18 27B20078 */  addiu   $s2, $sp, 0x0078           ## $s2 = FFFFFFE0
/* 0016C 80AD5D1C E7A40088 */  swc1    $f4, 0x0088($sp)           
/* 00170 80AD5D20 E7A6008C */  swc1    $f6, 0x008C($sp)           
/* 00174 80AD5D24 C6080000 */  lwc1    $f8, 0x0000($s0)           ## 80AD663C
.L80AD5D28:
/* 00178 80AD5D28 02602025 */  or      $a0, $s3, $zero            ## $a0 = FFFFFFEC
/* 0017C 80AD5D2C 02402825 */  or      $a1, $s2, $zero            ## $a1 = FFFFFFE0
/* 00180 80AD5D30 0C0606A6 */  jal     func_80181A98              
/* 00184 80AD5D34 E7A80084 */  swc1    $f8, 0x0084($sp)           
/* 00188 80AD5D38 C7AA0078 */  lwc1    $f10, 0x0078($sp)          
/* 0018C 80AD5D3C C6300000 */  lwc1    $f16, 0x0000($s1)          ## 00000000
/* 00190 80AD5D40 C7A4007C */  lwc1    $f4, 0x007C($sp)           
/* 00194 80AD5D44 46105480 */  add.s   $f18, $f10, $f16           
/* 00198 80AD5D48 C7AA0080 */  lwc1    $f10, 0x0080($sp)          
/* 0019C 80AD5D4C E7B20078 */  swc1    $f18, 0x0078($sp)          
/* 001A0 80AD5D50 C6260004 */  lwc1    $f6, 0x0004($s1)           ## 00000004
/* 001A4 80AD5D54 46062200 */  add.s   $f8, $f4, $f6              
/* 001A8 80AD5D58 E7A8007C */  swc1    $f8, 0x007C($sp)           
/* 001AC 80AD5D5C C6300008 */  lwc1    $f16, 0x0008($s1)          ## 00000008
/* 001B0 80AD5D60 46105480 */  add.s   $f18, $f10, $f16           
/* 001B4 80AD5D64 0C021BF7 */  jal     func_80086FDC              
/* 001B8 80AD5D68 E7B20080 */  swc1    $f18, 0x0080($sp)          
/* 001BC 80AD5D6C 0C021BF7 */  jal     func_80086FDC              
/* 001C0 80AD5D70 46000506 */  mov.s   $f20, $f0                  
/* 001C4 80AD5D74 4616A102 */  mul.s   $f4, $f20, $f22            
/* 001C8 80AD5D78 02E02025 */  or      $a0, $s7, $zero            ## $a0 = 00000000
/* 001CC 80AD5D7C 02402825 */  or      $a1, $s2, $zero            ## $a1 = FFFFFFE0
/* 001D0 80AD5D80 461A0282 */  mul.s   $f10, $f0, $f26            
/* 001D4 80AD5D84 02803025 */  or      $a2, $s4, $zero            ## $a2 = 801D15B0
/* 001D8 80AD5D88 02A03825 */  or      $a3, $s5, $zero            ## $a3 = 80AD6658
/* 001DC 80AD5D8C 46182180 */  add.s   $f6, $f4, $f24             
/* 001E0 80AD5D90 461C5400 */  add.s   $f16, $f10, $f28           
/* 001E4 80AD5D94 4600320D */  trunc.w.s $f8, $f6                   
/* 001E8 80AD5D98 4600848D */  trunc.w.s $f18, $f16                 
/* 001EC 80AD5D9C 440F4000 */  mfc1    $t7, $f8                   
/* 001F0 80AD5DA0 44199000 */  mfc1    $t9, $f18                  
/* 001F4 80AD5DA4 AFAF0010 */  sw      $t7, 0x0010($sp)           
/* 001F8 80AD5DA8 0C02C484 */  jal     func_800B1210              
/* 001FC 80AD5DAC AFB90014 */  sw      $t9, 0x0014($sp)           
/* 00200 80AD5DB0 26100004 */  addiu   $s0, $s0, 0x0004           ## $s0 = 80AD6640
/* 00204 80AD5DB4 5616FFDC */  bnel    $s0, $s6, .L80AD5D28       
/* 00208 80AD5DB8 C6080000 */  lwc1    $f8, 0x0000($s0)           ## 80AD6640
/* 0020C 80AD5DBC 8FBF0064 */  lw      $ra, 0x0064($sp)           
/* 00210 80AD5DC0 D7B40018 */  ldc1    $f20, 0x0018($sp)          
/* 00214 80AD5DC4 D7B60020 */  ldc1    $f22, 0x0020($sp)          
/* 00218 80AD5DC8 D7B80028 */  ldc1    $f24, 0x0028($sp)          
/* 0021C 80AD5DCC D7BA0030 */  ldc1    $f26, 0x0030($sp)          
/* 00220 80AD5DD0 D7BC0038 */  ldc1    $f28, 0x0038($sp)          
/* 00224 80AD5DD4 8FB00044 */  lw      $s0, 0x0044($sp)           
/* 00228 80AD5DD8 8FB10048 */  lw      $s1, 0x0048($sp)           
/* 0022C 80AD5DDC 8FB2004C */  lw      $s2, 0x004C($sp)           
/* 00230 80AD5DE0 8FB30050 */  lw      $s3, 0x0050($sp)           
/* 00234 80AD5DE4 8FB40054 */  lw      $s4, 0x0054($sp)           
/* 00238 80AD5DE8 8FB50058 */  lw      $s5, 0x0058($sp)           
/* 0023C 80AD5DEC 8FB6005C */  lw      $s6, 0x005C($sp)           
/* 00240 80AD5DF0 8FB70060 */  lw      $s7, 0x0060($sp)           
/* 00244 80AD5DF4 03E00008 */  jr      $ra                        
/* 00248 80AD5DF8 27BD0098 */  addiu   $sp, $sp, 0x0098           ## $sp = 00000000


glabel func_80AD5DFC
/* 0024C 80AD5DFC 27BDFFA0 */  addiu   $sp, $sp, 0xFFA0           ## $sp = FFFFFFA0
/* 00250 80AD5E00 AFB20030 */  sw      $s2, 0x0030($sp)           
/* 00254 80AD5E04 00809025 */  or      $s2, $a0, $zero            ## $s2 = 00000000
/* 00258 80AD5E08 AFBF003C */  sw      $ra, 0x003C($sp)           
/* 0025C 80AD5E0C AFB40038 */  sw      $s4, 0x0038($sp)           
/* 00260 80AD5E10 AFB30034 */  sw      $s3, 0x0034($sp)           
/* 00264 80AD5E14 AFB1002C */  sw      $s1, 0x002C($sp)           
/* 00268 80AD5E18 AFB00028 */  sw      $s0, 0x0028($sp)           
/* 0026C 80AD5E1C F7B60020 */  sdc1    $f22, 0x0020($sp)          
/* 00270 80AD5E20 F7B40018 */  sdc1    $f20, 0x0018($sp)          
/* 00274 80AD5E24 C64C0024 */  lwc1    $f12, 0x0024($s2)          ## 00000024
/* 00278 80AD5E28 C64E0028 */  lwc1    $f14, 0x0028($s2)          ## 00000028
/* 0027C 80AD5E2C 8E46002C */  lw      $a2, 0x002C($s2)           ## 0000002C
/* 00280 80AD5E30 0C060594 */  jal     func_80181650              
/* 00284 80AD5E34 264700BC */  addiu   $a3, $s2, 0x00BC           ## $a3 = 000000BC
/* 00288 80AD5E38 4480A000 */  mtc1    $zero, $f20                ## $f20 = 0.00
/* 0028C 80AD5E3C 3C01C1A0 */  lui     $at, 0xC1A0                ## $at = C1A00000
/* 00290 80AD5E40 4481B000 */  mtc1    $at, $f22                  ## $f22 = -20.00
/* 00294 80AD5E44 00008025 */  or      $s0, $zero, $zero          ## $s0 = 00000000
/* 00298 80AD5E48 26510160 */  addiu   $s1, $s2, 0x0160           ## $s1 = 00000160
/* 0029C 80AD5E4C 24140007 */  addiu   $s4, $zero, 0x0007         ## $s4 = 00000007
/* 002A0 80AD5E50 27B3004C */  addiu   $s3, $sp, 0x004C           ## $s3 = FFFFFFEC
/* 002A4 80AD5E54 E7B4004C */  swc1    $f20, 0x004C($sp)          
/* 002A8 80AD5E58 E7B40050 */  swc1    $f20, 0x0050($sp)          
.L80AD5E5C:
/* 002AC 80AD5E5C 44902000 */  mtc1    $s0, $f4                   ## $f4 = 0.00
/* 002B0 80AD5E60 02209025 */  or      $s2, $s1, $zero            ## $s2 = 00000160
/* 002B4 80AD5E64 02602025 */  or      $a0, $s3, $zero            ## $a0 = FFFFFFEC
/* 002B8 80AD5E68 468021A0 */  cvt.s.w $f6, $f4                   
/* 002BC 80AD5E6C 02202825 */  or      $a1, $s1, $zero            ## $a1 = 00000160
/* 002C0 80AD5E70 46163202 */  mul.s   $f8, $f6, $f22             
/* 002C4 80AD5E74 0C0606A6 */  jal     func_80181A98              
/* 002C8 80AD5E78 E7A80054 */  swc1    $f8, 0x0054($sp)           
/* 002CC 80AD5E7C 26100001 */  addiu   $s0, $s0, 0x0001           ## $s0 = 00000001
/* 002D0 80AD5E80 26310014 */  addiu   $s1, $s1, 0x0014           ## $s1 = 00000174
/* 002D4 80AD5E84 E654000C */  swc1    $f20, 0x000C($s2)          ## 0000016C
/* 002D8 80AD5E88 1614FFF4 */  bne     $s0, $s4, .L80AD5E5C       
/* 002DC 80AD5E8C A2400012 */  sb      $zero, 0x0012($s2)         ## 00000172
/* 002E0 80AD5E90 8FBF003C */  lw      $ra, 0x003C($sp)           
/* 002E4 80AD5E94 D7B40018 */  ldc1    $f20, 0x0018($sp)          
/* 002E8 80AD5E98 D7B60020 */  ldc1    $f22, 0x0020($sp)          
/* 002EC 80AD5E9C 8FB00028 */  lw      $s0, 0x0028($sp)           
/* 002F0 80AD5EA0 8FB1002C */  lw      $s1, 0x002C($sp)           
/* 002F4 80AD5EA4 8FB20030 */  lw      $s2, 0x0030($sp)           
/* 002F8 80AD5EA8 8FB30034 */  lw      $s3, 0x0034($sp)           
/* 002FC 80AD5EAC 8FB40038 */  lw      $s4, 0x0038($sp)           
/* 00300 80AD5EB0 03E00008 */  jr      $ra                        
/* 00304 80AD5EB4 27BD0060 */  addiu   $sp, $sp, 0x0060           ## $sp = 00000000


glabel func_80AD5EB8
/* 00308 80AD5EB8 27BDFFA8 */  addiu   $sp, $sp, 0xFFA8           ## $sp = FFFFFFA8
/* 0030C 80AD5EBC AFB3002C */  sw      $s3, 0x002C($sp)           
/* 00310 80AD5EC0 00809825 */  or      $s3, $a0, $zero            ## $s3 = 00000000
/* 00314 80AD5EC4 AFBF0034 */  sw      $ra, 0x0034($sp)           
/* 00318 80AD5EC8 AFB40030 */  sw      $s4, 0x0030($sp)           
/* 0031C 80AD5ECC AFB20028 */  sw      $s2, 0x0028($sp)           
/* 00320 80AD5ED0 AFB10024 */  sw      $s1, 0x0024($sp)           
/* 00324 80AD5ED4 AFB00020 */  sw      $s0, 0x0020($sp)           
/* 00328 80AD5ED8 F7B40018 */  sdc1    $f20, 0x0018($sp)          
/* 0032C 80AD5EDC C66C0024 */  lwc1    $f12, 0x0024($s3)          ## 00000024
/* 00330 80AD5EE0 C66E0028 */  lwc1    $f14, 0x0028($s3)          ## 00000028
/* 00334 80AD5EE4 8E66002C */  lw      $a2, 0x002C($s3)           ## 0000002C
/* 00338 80AD5EE8 0C060594 */  jal     func_80181650              
/* 0033C 80AD5EEC 266700BC */  addiu   $a3, $s3, 0x00BC           ## $a3 = 000000BC
/* 00340 80AD5EF0 44802000 */  mtc1    $zero, $f4                 ## $f4 = 0.00
/* 00344 80AD5EF4 3C01C1A0 */  lui     $at, 0xC1A0                ## $at = C1A00000
/* 00348 80AD5EF8 26710160 */  addiu   $s1, $s3, 0x0160           ## $s1 = 00000160
/* 0034C 80AD5EFC 3C1280AD */  lui     $s2, %hi(D_80AD6620)       ## $s2 = 80AD0000
/* 00350 80AD5F00 4481A000 */  mtc1    $at, $f20                  ## $f20 = -20.00
/* 00354 80AD5F04 26526620 */  addiu   $s2, $s2, %lo(D_80AD6620)  ## $s2 = 80AD6620
/* 00358 80AD5F08 27B30044 */  addiu   $s3, $sp, 0x0044           ## $s3 = FFFFFFEC
/* 0035C 80AD5F0C 00008025 */  or      $s0, $zero, $zero          ## $s0 = 00000000
/* 00360 80AD5F10 24140007 */  addiu   $s4, $zero, 0x0007         ## $s4 = 00000007
/* 00364 80AD5F14 E7A40044 */  swc1    $f4, 0x0044($sp)           
.L80AD5F18:
/* 00368 80AD5F18 44904000 */  mtc1    $s0, $f8                   ## $f8 = 0.00
/* 0036C 80AD5F1C C6460000 */  lwc1    $f6, 0x0000($s2)           ## 80AD6620
/* 00370 80AD5F20 02602025 */  or      $a0, $s3, $zero            ## $a0 = FFFFFFEC
/* 00374 80AD5F24 468042A0 */  cvt.s.w $f10, $f8                  
/* 00378 80AD5F28 02202825 */  or      $a1, $s1, $zero            ## $a1 = 00000160
/* 0037C 80AD5F2C E7A60048 */  swc1    $f6, 0x0048($sp)           
/* 00380 80AD5F30 46145402 */  mul.s   $f16, $f10, $f20           
/* 00384 80AD5F34 0C0606A6 */  jal     func_80181A98              
/* 00388 80AD5F38 E7B0004C */  swc1    $f16, 0x004C($sp)          
/* 0038C 80AD5F3C 26100001 */  addiu   $s0, $s0, 0x0001           ## $s0 = 00000001
/* 00390 80AD5F40 26310014 */  addiu   $s1, $s1, 0x0014           ## $s1 = 00000174
/* 00394 80AD5F44 1614FFF4 */  bne     $s0, $s4, .L80AD5F18       
/* 00398 80AD5F48 26520004 */  addiu   $s2, $s2, 0x0004           ## $s2 = 80AD6624
/* 0039C 80AD5F4C 8FBF0034 */  lw      $ra, 0x0034($sp)           
/* 003A0 80AD5F50 D7B40018 */  ldc1    $f20, 0x0018($sp)          
/* 003A4 80AD5F54 8FB00020 */  lw      $s0, 0x0020($sp)           
/* 003A8 80AD5F58 8FB10024 */  lw      $s1, 0x0024($sp)           
/* 003AC 80AD5F5C 8FB20028 */  lw      $s2, 0x0028($sp)           
/* 003B0 80AD5F60 8FB3002C */  lw      $s3, 0x002C($sp)           
/* 003B4 80AD5F64 8FB40030 */  lw      $s4, 0x0030($sp)           
/* 003B8 80AD5F68 03E00008 */  jr      $ra                        
/* 003BC 80AD5F6C 27BD0058 */  addiu   $sp, $sp, 0x0058           ## $sp = 00000000


glabel func_80AD5F70
/* 003C0 80AD5F70 24020003 */  addiu   $v0, $zero, 0x0003         ## $v0 = 00000003
/* 003C4 80AD5F74 A4800170 */  sh      $zero, 0x0170($a0)         ## 00000170
/* 003C8 80AD5F78 2405000A */  addiu   $a1, $zero, 0x000A         ## $a1 = 0000000A
/* 003CC 80AD5F7C 24830014 */  addiu   $v1, $a0, 0x0014           ## $v1 = 00000014
/* 003D0 80AD5F80 00027080 */  sll     $t6, $v0,  2               
/* 003D4 80AD5F84 01C27021 */  addu    $t6, $t6, $v0              
/* 003D8 80AD5F88 A4650170 */  sh      $a1, 0x0170($v1)           ## 00000184
/* 003DC 80AD5F8C A4650184 */  sh      $a1, 0x0184($v1)           ## 00000198
/* 003E0 80AD5F90 000E7080 */  sll     $t6, $t6,  2               
/* 003E4 80AD5F94 008E1821 */  addu    $v1, $a0, $t6              
/* 003E8 80AD5F98 A4650184 */  sh      $a1, 0x0184($v1)           ## 00000198
/* 003EC 80AD5F9C A4650198 */  sh      $a1, 0x0198($v1)           ## 000001AC
/* 003F0 80AD5FA0 A46501AC */  sh      $a1, 0x01AC($v1)           ## 000001C0
/* 003F4 80AD5FA4 A4650170 */  sh      $a1, 0x0170($v1)           ## 00000184
/* 003F8 80AD5FA8 03E00008 */  jr      $ra                        
/* 003FC 80AD5FAC 00000000 */  nop


glabel func_80AD5FB0
/* 00400 80AD5FB0 27BDFF98 */  addiu   $sp, $sp, 0xFF98           ## $sp = FFFFFF98
/* 00404 80AD5FB4 AFB50054 */  sw      $s5, 0x0054($sp)           
/* 00408 80AD5FB8 AFB10044 */  sw      $s1, 0x0044($sp)           
/* 0040C 80AD5FBC 00808825 */  or      $s1, $a0, $zero            ## $s1 = 00000000
/* 00410 80AD5FC0 00A0A825 */  or      $s5, $a1, $zero            ## $s5 = 00000000
/* 00414 80AD5FC4 AFBF0064 */  sw      $ra, 0x0064($sp)           
/* 00418 80AD5FC8 AFBE0060 */  sw      $s8, 0x0060($sp)           
/* 0041C 80AD5FCC AFB7005C */  sw      $s7, 0x005C($sp)           
/* 00420 80AD5FD0 AFB60058 */  sw      $s6, 0x0058($sp)           
/* 00424 80AD5FD4 AFB40050 */  sw      $s4, 0x0050($sp)           
/* 00428 80AD5FD8 AFB3004C */  sw      $s3, 0x004C($sp)           
/* 0042C 80AD5FDC AFB20048 */  sw      $s2, 0x0048($sp)           
/* 00430 80AD5FE0 AFB00040 */  sw      $s0, 0x0040($sp)           
/* 00434 80AD5FE4 F7BC0038 */  sdc1    $f28, 0x0038($sp)          
/* 00438 80AD5FE8 F7BA0030 */  sdc1    $f26, 0x0030($sp)          
/* 0043C 80AD5FEC F7B80028 */  sdc1    $f24, 0x0028($sp)          
/* 00440 80AD5FF0 F7B60020 */  sdc1    $f22, 0x0020($sp)          
/* 00444 80AD5FF4 F7B40018 */  sdc1    $f20, 0x0018($sp)          
/* 00448 80AD5FF8 3C0180AD */  lui     $at, %hi(D_80AD6680)       ## $at = 80AD0000
/* 0044C 80AD5FFC C43C6680 */  lwc1    $f28, %lo(D_80AD6680)($at) 
/* 00450 80AD6000 3C01C020 */  lui     $at, 0xC020                ## $at = C0200000
/* 00454 80AD6004 4481D000 */  mtc1    $at, $f26                  ## $f26 = -2.50
/* 00458 80AD6008 3C014080 */  lui     $at, 0x4080                ## $at = 40800000
/* 0045C 80AD600C 4481C000 */  mtc1    $at, $f24                  ## $f24 = 4.00
/* 00460 80AD6010 3C0180AD */  lui     $at, %hi(D_80AD6684)       ## $at = 80AD0000
/* 00464 80AD6014 3C1780AD */  lui     $s7, %hi(D_80AD6620)       ## $s7 = 80AD0000
/* 00468 80AD6018 24130001 */  addiu   $s3, $zero, 0x0001         ## $s3 = 00000001
/* 0046C 80AD601C 24030001 */  addiu   $v1, $zero, 0x0001         ## $v1 = 00000001
/* 00470 80AD6020 26F76620 */  addiu   $s7, $s7, %lo(D_80AD6620)  ## $s7 = 80AD6620
/* 00474 80AD6024 C4366684 */  lwc1    $f22, %lo(D_80AD6684)($at) 
/* 00478 80AD6028 00009025 */  or      $s2, $zero, $zero          ## $s2 = 00000000
/* 0047C 80AD602C 26300160 */  addiu   $s0, $s1, 0x0160           ## $s0 = 00000160
/* 00480 80AD6030 241E0007 */  addiu   $s8, $zero, 0x0007         ## $s8 = 00000007
/* 00484 80AD6034 24160001 */  addiu   $s6, $zero, 0x0001         ## $s6 = 00000001
.L80AD6038:
/* 00488 80AD6038 10600006 */  beq     $v1, $zero, .L80AD6054     
/* 0048C 80AD603C 0200A025 */  or      $s4, $s0, $zero            ## $s4 = 00000160
/* 00490 80AD6040 86020010 */  lh      $v0, 0x0010($s0)           ## 00000170
/* 00494 80AD6044 18400003 */  blez    $v0, .L80AD6054            
/* 00498 80AD6048 244EFFFF */  addiu   $t6, $v0, 0xFFFF           ## $t6 = FFFFFFFF
/* 0049C 80AD604C A60E0010 */  sh      $t6, 0x0010($s0)           ## 00000170
/* 004A0 80AD6050 00009825 */  or      $s3, $zero, $zero          ## $s3 = 00000000
.L80AD6054:
/* 004A4 80AD6054 5060004F */  beql    $v1, $zero, .L80AD6194     
/* 004A8 80AD6058 82830012 */  lb      $v1, 0x0012($s4)           ## 00000172
/* 004AC 80AD605C 820F0012 */  lb      $t7, 0x0012($s0)           ## 00000172
/* 004B0 80AD6060 29E10003 */  slti    $at, $t7, 0x0003           
/* 004B4 80AD6064 5020004B */  beql    $at, $zero, .L80AD6194     
/* 004B8 80AD6068 82830012 */  lb      $v1, 0x0012($s4)           ## 00000172
/* 004BC 80AD606C 86180010 */  lh      $t8, 0x0010($s0)           ## 00000170
/* 004C0 80AD6070 0012C880 */  sll     $t9, $s2,  2               
/* 004C4 80AD6074 02F94021 */  addu    $t0, $s7, $t9              
/* 004C8 80AD6078 5F000046 */  bgtzl   $t8, .L80AD6194            
/* 004CC 80AD607C 82830012 */  lb      $v1, 0x0012($s4)           ## 00000172
/* 004D0 80AD6080 82090013 */  lb      $t1, 0x0013($s0)           ## 00000173
/* 004D4 80AD6084 C5040000 */  lwc1    $f4, 0x0000($t0)           ## 00000000
/* 004D8 80AD6088 C6260028 */  lwc1    $f6, 0x0028($s1)           ## 00000028
/* 004DC 80AD608C 00009825 */  or      $s3, $zero, $zero          ## $s3 = 00000000
/* 004E0 80AD6090 15200005 */  bne     $t1, $zero, .L80AD60A8     
/* 004E4 80AD6094 46062500 */  add.s   $f20, $f4, $f6             
/* 004E8 80AD6098 02202025 */  or      $a0, $s1, $zero            ## $a0 = 00000000
/* 004EC 80AD609C 0C02E3B2 */  jal     func_800B8EC8              
/* 004F0 80AD60A0 24052945 */  addiu   $a1, $zero, 0x2945         ## $a1 = 00002945
/* 004F4 80AD60A4 A2160013 */  sb      $s6, 0x0013($s0)           ## 00000173
.L80AD60A8:
/* 004F8 80AD60A8 C608000C */  lwc1    $f8, 0x000C($s0)           ## 0000016C
/* 004FC 80AD60AC C6040004 */  lwc1    $f4, 0x0004($s0)           ## 00000164
/* 00500 80AD60B0 461A4280 */  add.s   $f10, $f8, $f26            
/* 00504 80AD60B4 E60A000C */  swc1    $f10, 0x000C($s0)          ## 0000016C
/* 00508 80AD60B8 C610000C */  lwc1    $f16, 0x000C($s0)          ## 0000016C
/* 0050C 80AD60BC 461C8482 */  mul.s   $f18, $f16, $f28           
/* 00510 80AD60C0 E612000C */  swc1    $f18, 0x000C($s0)          ## 0000016C
/* 00514 80AD60C4 C606000C */  lwc1    $f6, 0x000C($s0)           ## 0000016C
/* 00518 80AD60C8 46062200 */  add.s   $f8, $f4, $f6              
/* 0051C 80AD60CC E6080004 */  swc1    $f8, 0x0004($s0)           ## 00000164
/* 00520 80AD60D0 C60A0004 */  lwc1    $f10, 0x0004($s0)          ## 00000164
/* 00524 80AD60D4 4614503C */  c.lt.s  $f10, $f20                 
/* 00528 80AD60D8 00000000 */  nop
/* 0052C 80AD60DC 4502002D */  bc1fl   .L80AD6194                 
/* 00530 80AD60E0 82830012 */  lb      $v1, 0x0012($s4)           ## 00000172
/* 00534 80AD60E4 820A0012 */  lb      $t2, 0x0012($s0)           ## 00000172
/* 00538 80AD60E8 254B0001 */  addiu   $t3, $t2, 0x0001           ## $t3 = 00000001
/* 0053C 80AD60EC A20B0012 */  sb      $t3, 0x0012($s0)           ## 00000172
/* 00540 80AD60F0 820C0012 */  lb      $t4, 0x0012($s0)           ## 00000172
/* 00544 80AD60F4 29810003 */  slti    $at, $t4, 0x0003           
/* 00548 80AD60F8 54200004 */  bnel    $at, $zero, .L80AD610C     
/* 0054C 80AD60FC C610000C */  lwc1    $f16, 0x000C($s0)          ## 0000016C
/* 00550 80AD6100 10000023 */  beq     $zero, $zero, .L80AD6190   
/* 00554 80AD6104 E6140004 */  swc1    $f20, 0x0004($s0)          ## 00000164
/* 00558 80AD6108 C610000C */  lwc1    $f16, 0x000C($s0)          ## 0000016C
.L80AD610C:
/* 0055C 80AD610C 02202025 */  or      $a0, $s1, $zero            ## $a0 = 00000000
/* 00560 80AD6110 02002825 */  or      $a1, $s0, $zero            ## $a1 = 00000160
/* 00564 80AD6114 46168482 */  mul.s   $f18, $f16, $f22           
/* 00568 80AD6118 E612000C */  swc1    $f18, 0x000C($s0)          ## 0000016C
/* 0056C 80AD611C C600000C */  lwc1    $f0, 0x000C($s0)           ## 0000016C
/* 00570 80AD6120 4600C03C */  c.lt.s  $f24, $f0                  
/* 00574 80AD6124 00000000 */  nop
/* 00578 80AD6128 45020004 */  bc1fl   .L80AD613C                 
/* 0057C 80AD612C C6040004 */  lwc1    $f4, 0x0004($s0)           ## 00000164
/* 00580 80AD6130 E618000C */  swc1    $f24, 0x000C($s0)          ## 0000016C
/* 00584 80AD6134 C600000C */  lwc1    $f0, 0x000C($s0)           ## 0000016C
/* 00588 80AD6138 C6040004 */  lwc1    $f4, 0x0004($s0)           ## 00000164
.L80AD613C:
/* 0058C 80AD613C 46142181 */  sub.s   $f6, $f4, $f20             
/* 00590 80AD6140 46163202 */  mul.s   $f8, $f6, $f22             
/* 00594 80AD6144 E6080004 */  swc1    $f8, 0x0004($s0)           ## 00000164
/* 00598 80AD6148 C6020004 */  lwc1    $f2, 0x0004($s0)           ## 00000164
/* 0059C 80AD614C 4602003C */  c.lt.s  $f0, $f2                   
/* 005A0 80AD6150 00000000 */  nop
/* 005A4 80AD6154 45020005 */  bc1fl   .L80AD616C                 
/* 005A8 80AD6158 46141400 */  add.s   $f16, $f2, $f20            
/* 005AC 80AD615C 46140280 */  add.s   $f10, $f0, $f20            
/* 005B0 80AD6160 10000003 */  beq     $zero, $zero, .L80AD6170   
/* 005B4 80AD6164 E60A0004 */  swc1    $f10, 0x0004($s0)          ## 00000164
/* 005B8 80AD6168 46141400 */  add.s   $f16, $f2, $f20            
.L80AD616C:
/* 005BC 80AD616C E6100004 */  swc1    $f16, 0x0004($s0)          ## 00000164
.L80AD6170:
/* 005C0 80AD6170 820D0012 */  lb      $t5, 0x0012($s0)           ## 00000172
/* 005C4 80AD6174 56CD0007 */  bnel    $s6, $t5, .L80AD6194       
/* 005C8 80AD6178 82830012 */  lb      $v1, 0x0012($s4)           ## 00000172
/* 005CC 80AD617C 0C2B571C */  jal     func_80AD5C70              
/* 005D0 80AD6180 02A03025 */  or      $a2, $s5, $zero            ## $a2 = 00000000
/* 005D4 80AD6184 02202025 */  or      $a0, $s1, $zero            ## $a0 = 00000000
/* 005D8 80AD6188 0C2B56FA */  jal     func_80AD5BE8              
/* 005DC 80AD618C 02A02825 */  or      $a1, $s5, $zero            ## $a1 = 00000000
.L80AD6190:
/* 005E0 80AD6190 82830012 */  lb      $v1, 0x0012($s4)           ## 00000172
.L80AD6194:
/* 005E4 80AD6194 26520001 */  addiu   $s2, $s2, 0x0001           ## $s2 = 00000001
/* 005E8 80AD6198 26100014 */  addiu   $s0, $s0, 0x0014           ## $s0 = 00000174
/* 005EC 80AD619C 165EFFA6 */  bne     $s2, $s8, .L80AD6038       
/* 005F0 80AD61A0 0003182A */  slt     $v1, $zero, $v1            
/* 005F4 80AD61A4 02601025 */  or      $v0, $s3, $zero            ## $v0 = 00000000
/* 005F8 80AD61A8 8FBF0064 */  lw      $ra, 0x0064($sp)           
/* 005FC 80AD61AC D7B40018 */  ldc1    $f20, 0x0018($sp)          
/* 00600 80AD61B0 D7B60020 */  ldc1    $f22, 0x0020($sp)          
/* 00604 80AD61B4 D7B80028 */  ldc1    $f24, 0x0028($sp)          
/* 00608 80AD61B8 D7BA0030 */  ldc1    $f26, 0x0030($sp)          
/* 0060C 80AD61BC D7BC0038 */  ldc1    $f28, 0x0038($sp)          
/* 00610 80AD61C0 8FB00040 */  lw      $s0, 0x0040($sp)           
/* 00614 80AD61C4 8FB10044 */  lw      $s1, 0x0044($sp)           
/* 00618 80AD61C8 8FB20048 */  lw      $s2, 0x0048($sp)           
/* 0061C 80AD61CC 8FB3004C */  lw      $s3, 0x004C($sp)           
/* 00620 80AD61D0 8FB40050 */  lw      $s4, 0x0050($sp)           
/* 00624 80AD61D4 8FB50054 */  lw      $s5, 0x0054($sp)           
/* 00628 80AD61D8 8FB60058 */  lw      $s6, 0x0058($sp)           
/* 0062C 80AD61DC 8FB7005C */  lw      $s7, 0x005C($sp)           
/* 00630 80AD61E0 8FBE0060 */  lw      $s8, 0x0060($sp)           
/* 00634 80AD61E4 03E00008 */  jr      $ra                        
/* 00638 80AD61E8 27BD0068 */  addiu   $sp, $sp, 0x0068           ## $sp = 00000000


glabel func_80AD61EC
/* 0063C 80AD61EC 27BDFFE0 */  addiu   $sp, $sp, 0xFFE0           ## $sp = FFFFFFE0
/* 00640 80AD61F0 AFB00018 */  sw      $s0, 0x0018($sp)           
/* 00644 80AD61F4 00808025 */  or      $s0, $a0, $zero            ## $s0 = 00000000
/* 00648 80AD61F8 AFBF001C */  sw      $ra, 0x001C($sp)           
/* 0064C 80AD61FC 00A03825 */  or      $a3, $a1, $zero            ## $a3 = 00000000
/* 00650 80AD6200 3C0580AD */  lui     $a1, %hi(D_80AD6664)       ## $a1 = 80AD0000
/* 00654 80AD6204 24A56664 */  addiu   $a1, $a1, %lo(D_80AD6664)  ## $a1 = 80AD6664
/* 00658 80AD6208 02002025 */  or      $a0, $s0, $zero            ## $a0 = 00000000
/* 0065C 80AD620C 0C03FEB7 */  jal     func_800FFADC              
/* 00660 80AD6210 AFA70024 */  sw      $a3, 0x0024($sp)           
/* 00664 80AD6214 02002025 */  or      $a0, $s0, $zero            ## $a0 = 00000000
/* 00668 80AD6218 0C032B84 */  jal     func_800CAE10              
/* 0066C 80AD621C 00002825 */  or      $a1, $zero, $zero          ## $a1 = 00000000
/* 00670 80AD6220 8FA70024 */  lw      $a3, 0x0024($sp)           
/* 00674 80AD6224 2401006F */  addiu   $at, $zero, 0x006F         ## $at = 0000006F
/* 00678 80AD6228 3C03801F */  lui     $v1, 0x801F                ## $v1 = 801F0000
/* 0067C 80AD622C 84EE00A4 */  lh      $t6, 0x00A4($a3)           ## 000000A4
/* 00680 80AD6230 2463F670 */  addiu   $v1, $v1, 0xF670           ## $v1 = 801EF670
/* 00684 80AD6234 15C10012 */  bne     $t6, $at, .L80AD6280       
/* 00688 80AD6238 00000000 */  nop
/* 0068C 80AD623C 8C6F3CAC */  lw      $t7, 0x3CAC($v1)           ## 801F331C
/* 00690 80AD6240 24010002 */  addiu   $at, $zero, 0x0002         ## $at = 00000002
/* 00694 80AD6244 15E1000E */  bne     $t7, $at, .L80AD6280       
/* 00698 80AD6248 00000000 */  nop
/* 0069C 80AD624C 94F81F36 */  lhu     $t8, 0x1F36($a3)           ## 00001F36
/* 006A0 80AD6250 00E02025 */  or      $a0, $a3, $zero            ## $a0 = 00000000
/* 006A4 80AD6254 02002825 */  or      $a1, $s0, $zero            ## $a1 = 00000000
/* 006A8 80AD6258 17000009 */  bne     $t8, $zero, .L80AD6280     
/* 006AC 80AD625C 3C060600 */  lui     $a2, 0x0600                ## $a2 = 06000000
/* 006B0 80AD6260 0C032B8D */  jal     func_800CAE34              
/* 006B4 80AD6264 24C60968 */  addiu   $a2, $a2, 0x0968           ## $a2 = 06000968
/* 006B8 80AD6268 0C2B577F */  jal     func_80AD5DFC              
/* 006BC 80AD626C 02002025 */  or      $a0, $s0, $zero            ## $a0 = 00000000
/* 006C0 80AD6270 0C2B58D2 */  jal     func_80AD6348              
/* 006C4 80AD6274 02002025 */  or      $a0, $s0, $zero            ## $a0 = 00000000
/* 006C8 80AD6278 10000022 */  beq     $zero, $zero, .L80AD6304   
/* 006CC 80AD627C 8FBF001C */  lw      $ra, 0x001C($sp)           
.L80AD6280:
/* 006D0 80AD6280 3C03801F */  lui     $v1, 0x801F                ## $v1 = 801F0000
/* 006D4 80AD6284 2463F670 */  addiu   $v1, $v1, 0xF670           ## $v1 = 801EF670
/* 006D8 80AD6288 8C620018 */  lw      $v0, 0x0018($v1)           ## 801EF688
/* 006DC 80AD628C 24010005 */  addiu   $at, $zero, 0x0005         ## $at = 00000005
/* 006E0 80AD6290 0041001A */  div     $zero, $v0, $at            
/* 006E4 80AD6294 0000C810 */  mfhi    $t9                        
/* 006E8 80AD6298 24010003 */  addiu   $at, $zero, 0x0003         ## $at = 00000003
/* 006EC 80AD629C 57210005 */  bnel    $t9, $at, .L80AD62B4       
/* 006F0 80AD62A0 28410004 */  slti    $at, $v0, 0x0004           
/* 006F4 80AD62A4 9468000C */  lhu     $t0, 0x000C($v1)           ## 801EF67C
/* 006F8 80AD62A8 29014000 */  slti    $at, $t0, 0x4000           
/* 006FC 80AD62AC 14200003 */  bne     $at, $zero, .L80AD62BC     
/* 00700 80AD62B0 28410004 */  slti    $at, $v0, 0x0004           
.L80AD62B4:
/* 00704 80AD62B4 1420000A */  bne     $at, $zero, .L80AD62E0     
/* 00708 80AD62B8 00E02025 */  or      $a0, $a3, $zero            ## $a0 = 00000000
.L80AD62BC:
/* 0070C 80AD62BC 3C0980AD */  lui     $t1, %hi(func_80AD6508)    ## $t1 = 80AD0000
/* 00710 80AD62C0 25296508 */  addiu   $t1, $t1, %lo(func_80AD6508) ## $t1 = 80AD6508
/* 00714 80AD62C4 AE09013C */  sw      $t1, 0x013C($s0)           ## 0000013C
/* 00718 80AD62C8 0C2B57AE */  jal     func_80AD5EB8              
/* 0071C 80AD62CC 02002025 */  or      $a0, $s0, $zero            ## $a0 = 00000000
/* 00720 80AD62D0 0C2B5920 */  jal     func_80AD6480              
/* 00724 80AD62D4 02002025 */  or      $a0, $s0, $zero            ## $a0 = 00000000
/* 00728 80AD62D8 1000000A */  beq     $zero, $zero, .L80AD6304   
/* 0072C 80AD62DC 8FBF001C */  lw      $ra, 0x001C($sp)           
.L80AD62E0:
/* 00730 80AD62E0 3C060600 */  lui     $a2, 0x0600                ## $a2 = 06000000
/* 00734 80AD62E4 24C60968 */  addiu   $a2, $a2, 0x0968           ## $a2 = 06000968
/* 00738 80AD62E8 0C032B8D */  jal     func_800CAE34              
/* 0073C 80AD62EC 02002825 */  or      $a1, $s0, $zero            ## $a1 = 00000000
/* 00740 80AD62F0 0C2B577F */  jal     func_80AD5DFC              
/* 00744 80AD62F4 02002025 */  or      $a0, $s0, $zero            ## $a0 = 00000000
/* 00748 80AD62F8 0C2B58F5 */  jal     func_80AD63D4              
/* 0074C 80AD62FC 02002025 */  or      $a0, $s0, $zero            ## $a0 = 00000000
/* 00750 80AD6300 8FBF001C */  lw      $ra, 0x001C($sp)           
.L80AD6304:
/* 00754 80AD6304 8FB00018 */  lw      $s0, 0x0018($sp)           
/* 00758 80AD6308 27BD0020 */  addiu   $sp, $sp, 0x0020           ## $sp = 00000000
/* 0075C 80AD630C 03E00008 */  jr      $ra                        
/* 00760 80AD6310 00000000 */  nop


glabel func_80AD6314
/* 00764 80AD6314 27BDFFE8 */  addiu   $sp, $sp, 0xFFE8           ## $sp = FFFFFFE8
/* 00768 80AD6318 AFBF0014 */  sw      $ra, 0x0014($sp)           
/* 0076C 80AD631C AFA40018 */  sw      $a0, 0x0018($sp)           
/* 00770 80AD6320 00A03825 */  or      $a3, $a1, $zero            ## $a3 = 00000000
/* 00774 80AD6324 8FAE0018 */  lw      $t6, 0x0018($sp)           
/* 00778 80AD6328 00E02025 */  or      $a0, $a3, $zero            ## $a0 = 00000000
/* 0077C 80AD632C 24E50880 */  addiu   $a1, $a3, 0x0880           ## $a1 = 00000880
/* 00780 80AD6330 0C031933 */  jal     func_800C64CC              
/* 00784 80AD6334 8DC60144 */  lw      $a2, 0x0144($t6)           ## 00000144
/* 00788 80AD6338 8FBF0014 */  lw      $ra, 0x0014($sp)           
/* 0078C 80AD633C 27BD0018 */  addiu   $sp, $sp, 0x0018           ## $sp = 00000000
/* 00790 80AD6340 03E00008 */  jr      $ra                        
/* 00794 80AD6344 00000000 */  nop


glabel func_80AD6348
/* 00798 80AD6348 3C0E80AD */  lui     $t6, %hi(func_80AD635C)    ## $t6 = 80AD0000
/* 0079C 80AD634C 25CE635C */  addiu   $t6, $t6, %lo(func_80AD635C) ## $t6 = 80AD635C
/* 007A0 80AD6350 AC8E015C */  sw      $t6, 0x015C($a0)           ## 0000015C
/* 007A4 80AD6354 03E00008 */  jr      $ra                        
/* 007A8 80AD6358 00000000 */  nop


glabel func_80AD635C
/* 007AC 80AD635C 27BDFFE8 */  addiu   $sp, $sp, 0xFFE8           ## $sp = FFFFFFE8
/* 007B0 80AD6360 AFBF0014 */  sw      $ra, 0x0014($sp)           
/* 007B4 80AD6364 AFA40018 */  sw      $a0, 0x0018($sp)           
/* 007B8 80AD6368 AFA5001C */  sw      $a1, 0x001C($sp)           
/* 007BC 80AD636C 8FA4001C */  lw      $a0, 0x001C($sp)           
/* 007C0 80AD6370 0C03B8A7 */  jal     func_800EE29C              
/* 007C4 80AD6374 24050086 */  addiu   $a1, $zero, 0x0086         ## $a1 = 00000086
/* 007C8 80AD6378 10400012 */  beq     $v0, $zero, .L80AD63C4     
/* 007CC 80AD637C 8FA4001C */  lw      $a0, 0x001C($sp)           
/* 007D0 80AD6380 0C03B880 */  jal     func_800EE200              
/* 007D4 80AD6384 24050086 */  addiu   $a1, $zero, 0x0086         ## $a1 = 00000086
/* 007D8 80AD6388 8FAE001C */  lw      $t6, 0x001C($sp)           
/* 007DC 80AD638C 00027880 */  sll     $t7, $v0,  2               
/* 007E0 80AD6390 01CFC021 */  addu    $t8, $t6, $t7              
/* 007E4 80AD6394 8F031F4C */  lw      $v1, 0x1F4C($t8)           ## 00001F4C
/* 007E8 80AD6398 95D91F34 */  lhu     $t9, 0x1F34($t6)           ## 00001F34
/* 007EC 80AD639C 94680002 */  lhu     $t0, 0x0002($v1)           ## 00000002
/* 007F0 80AD63A0 57280009 */  bnel    $t9, $t0, .L80AD63C8       
/* 007F4 80AD63A4 8FBF0014 */  lw      $ra, 0x0014($sp)           
/* 007F8 80AD63A8 94690000 */  lhu     $t1, 0x0000($v1)           ## 00000000
/* 007FC 80AD63AC 3C0A80AD */  lui     $t2, %hi(func_80AD6508)    ## $t2 = 80AD0000
/* 00800 80AD63B0 8FA40018 */  lw      $a0, 0x0018($sp)           
/* 00804 80AD63B4 11200003 */  beq     $t1, $zero, .L80AD63C4     
/* 00808 80AD63B8 254A6508 */  addiu   $t2, $t2, %lo(func_80AD6508) ## $t2 = 80AD6508
/* 0080C 80AD63BC 0C2B58FE */  jal     func_80AD63F8              
/* 00810 80AD63C0 AC8A013C */  sw      $t2, 0x013C($a0)           ## 0000013C
.L80AD63C4:
/* 00814 80AD63C4 8FBF0014 */  lw      $ra, 0x0014($sp)           
.L80AD63C8:
/* 00818 80AD63C8 27BD0018 */  addiu   $sp, $sp, 0x0018           ## $sp = 00000000
/* 0081C 80AD63CC 03E00008 */  jr      $ra                        
/* 00820 80AD63D0 00000000 */  nop


glabel func_80AD63D4
/* 00824 80AD63D4 3C0E80AD */  lui     $t6, %hi(func_80AD63E8)    ## $t6 = 80AD0000
/* 00828 80AD63D8 25CE63E8 */  addiu   $t6, $t6, %lo(func_80AD63E8) ## $t6 = 80AD63E8
/* 0082C 80AD63DC AC8E015C */  sw      $t6, 0x015C($a0)           ## 0000015C
/* 00830 80AD63E0 03E00008 */  jr      $ra                        
/* 00834 80AD63E4 00000000 */  nop


glabel func_80AD63E8
/* 00838 80AD63E8 AFA40000 */  sw      $a0, 0x0000($sp)           
/* 0083C 80AD63EC AFA50004 */  sw      $a1, 0x0004($sp)           
/* 00840 80AD63F0 03E00008 */  jr      $ra                        
/* 00844 80AD63F4 00000000 */  nop


glabel func_80AD63F8
/* 00848 80AD63F8 27BDFFE8 */  addiu   $sp, $sp, 0xFFE8           ## $sp = FFFFFFE8
/* 0084C 80AD63FC AFBF0014 */  sw      $ra, 0x0014($sp)           
/* 00850 80AD6400 AFA40018 */  sw      $a0, 0x0018($sp)           
/* 00854 80AD6404 0C2B57DC */  jal     func_80AD5F70              
/* 00858 80AD6408 8FA40018 */  lw      $a0, 0x0018($sp)           
/* 0085C 80AD640C 8FAF0018 */  lw      $t7, 0x0018($sp)           
/* 00860 80AD6410 3C0E80AD */  lui     $t6, %hi(func_80AD642C)    ## $t6 = 80AD0000
/* 00864 80AD6414 25CE642C */  addiu   $t6, $t6, %lo(func_80AD642C) ## $t6 = 80AD642C
/* 00868 80AD6418 ADEE015C */  sw      $t6, 0x015C($t7)           ## 0000015C
/* 0086C 80AD641C 8FBF0014 */  lw      $ra, 0x0014($sp)           
/* 00870 80AD6420 27BD0018 */  addiu   $sp, $sp, 0x0018           ## $sp = 00000000
/* 00874 80AD6424 03E00008 */  jr      $ra                        
/* 00878 80AD6428 00000000 */  nop


glabel func_80AD642C
/* 0087C 80AD642C 27BDFFE8 */  addiu   $sp, $sp, 0xFFE8           ## $sp = FFFFFFE8
/* 00880 80AD6430 AFBF0014 */  sw      $ra, 0x0014($sp)           
/* 00884 80AD6434 AFA40018 */  sw      $a0, 0x0018($sp)           
/* 00888 80AD6438 00A03825 */  or      $a3, $a1, $zero            ## $a3 = 00000000
/* 0088C 80AD643C 8FA40018 */  lw      $a0, 0x0018($sp)           
/* 00890 80AD6440 00E02825 */  or      $a1, $a3, $zero            ## $a1 = 00000000
/* 00894 80AD6444 0C2B57EC */  jal     func_80AD5FB0              
/* 00898 80AD6448 AFA7001C */  sw      $a3, 0x001C($sp)           
/* 0089C 80AD644C 10400008 */  beq     $v0, $zero, .L80AD6470     
/* 008A0 80AD6450 8FA7001C */  lw      $a3, 0x001C($sp)           
/* 008A4 80AD6454 8FAE0018 */  lw      $t6, 0x0018($sp)           
/* 008A8 80AD6458 00E02025 */  or      $a0, $a3, $zero            ## $a0 = 00000000
/* 008AC 80AD645C 24E50880 */  addiu   $a1, $a3, 0x0880           ## $a1 = 00000880
/* 008B0 80AD6460 0C0318AF */  jal     func_800C62BC              
/* 008B4 80AD6464 8DC60144 */  lw      $a2, 0x0144($t6)           ## 00000144
/* 008B8 80AD6468 0C2B5920 */  jal     func_80AD6480              
/* 008BC 80AD646C 8FA40018 */  lw      $a0, 0x0018($sp)           
.L80AD6470:
/* 008C0 80AD6470 8FBF0014 */  lw      $ra, 0x0014($sp)           
/* 008C4 80AD6474 27BD0018 */  addiu   $sp, $sp, 0x0018           ## $sp = 00000000
/* 008C8 80AD6478 03E00008 */  jr      $ra                        
/* 008CC 80AD647C 00000000 */  nop


glabel func_80AD6480
/* 008D0 80AD6480 8C8E0004 */  lw      $t6, 0x0004($a0)           ## 00000004
/* 008D4 80AD6484 2401FFEF */  addiu   $at, $zero, 0xFFEF         ## $at = FFFFFFEF
/* 008D8 80AD6488 3C1880AD */  lui     $t8, %hi(func_80AD64A4)    ## $t8 = 80AD0000
/* 008DC 80AD648C 271864A4 */  addiu   $t8, $t8, %lo(func_80AD64A4) ## $t8 = 80AD64A4
/* 008E0 80AD6490 01C17824 */  and     $t7, $t6, $at              
/* 008E4 80AD6494 AC8F0004 */  sw      $t7, 0x0004($a0)           ## 00000004
/* 008E8 80AD6498 AC98015C */  sw      $t8, 0x015C($a0)           ## 0000015C
/* 008EC 80AD649C 03E00008 */  jr      $ra                        
/* 008F0 80AD64A0 00000000 */  nop


glabel func_80AD64A4
/* 008F4 80AD64A4 AFA40000 */  sw      $a0, 0x0000($sp)           
/* 008F8 80AD64A8 AFA50004 */  sw      $a1, 0x0004($sp)           
/* 008FC 80AD64AC 03E00008 */  jr      $ra                        
/* 00900 80AD64B0 00000000 */  nop


glabel func_80AD64B4
/* 00904 80AD64B4 27BDFFE8 */  addiu   $sp, $sp, 0xFFE8           ## $sp = FFFFFFE8
/* 00908 80AD64B8 AFBF0014 */  sw      $ra, 0x0014($sp)           
/* 0090C 80AD64BC 8C99015C */  lw      $t9, 0x015C($a0)           ## 0000015C
/* 00910 80AD64C0 0320F809 */  jalr    $ra, $t9                   
/* 00914 80AD64C4 00000000 */  nop
/* 00918 80AD64C8 8FBF0014 */  lw      $ra, 0x0014($sp)           
/* 0091C 80AD64CC 27BD0018 */  addiu   $sp, $sp, 0x0018           ## $sp = 00000000
/* 00920 80AD64D0 03E00008 */  jr      $ra                        
/* 00924 80AD64D4 00000000 */  nop


glabel func_80AD64D8
/* 00928 80AD64D8 27BDFFE8 */  addiu   $sp, $sp, 0xFFE8           ## $sp = FFFFFFE8
/* 0092C 80AD64DC AFBF0014 */  sw      $ra, 0x0014($sp)           
/* 00930 80AD64E0 AFA40018 */  sw      $a0, 0x0018($sp)           
/* 00934 80AD64E4 00A03025 */  or      $a2, $a1, $zero            ## $a2 = 00000000
/* 00938 80AD64E8 3C050600 */  lui     $a1, 0x0600                ## $a1 = 06000000
/* 0093C 80AD64EC 24A50088 */  addiu   $a1, $a1, 0x0088           ## $a1 = 06000088
/* 00940 80AD64F0 0C02F7F0 */  jal     func_800BDFC0              
/* 00944 80AD64F4 00C02025 */  or      $a0, $a2, $zero            ## $a0 = 00000000
/* 00948 80AD64F8 8FBF0014 */  lw      $ra, 0x0014($sp)           
/* 0094C 80AD64FC 27BD0018 */  addiu   $sp, $sp, 0x0018           ## $sp = 00000000
/* 00950 80AD6500 03E00008 */  jr      $ra                        
/* 00954 80AD6504 00000000 */  nop


glabel func_80AD6508
/* 00958 80AD6508 27BDFFA8 */  addiu   $sp, $sp, 0xFFA8           ## $sp = FFFFFFA8
/* 0095C 80AD650C AFBE0038 */  sw      $s8, 0x0038($sp)           
/* 00960 80AD6510 0080F025 */  or      $s8, $a0, $zero            ## $s8 = 00000000
/* 00964 80AD6514 AFBF003C */  sw      $ra, 0x003C($sp)           
/* 00968 80AD6518 AFB70034 */  sw      $s7, 0x0034($sp)           
/* 0096C 80AD651C AFB60030 */  sw      $s6, 0x0030($sp)           
/* 00970 80AD6520 AFB5002C */  sw      $s5, 0x002C($sp)           
/* 00974 80AD6524 AFB40028 */  sw      $s4, 0x0028($sp)           
/* 00978 80AD6528 AFB30024 */  sw      $s3, 0x0024($sp)           
/* 0097C 80AD652C AFB20020 */  sw      $s2, 0x0020($sp)           
/* 00980 80AD6530 AFB1001C */  sw      $s1, 0x001C($sp)           
/* 00984 80AD6534 AFB00018 */  sw      $s0, 0x0018($sp)           
/* 00988 80AD6538 AFA5005C */  sw      $a1, 0x005C($sp)           
/* 0098C 80AD653C 8FAE005C */  lw      $t6, 0x005C($sp)           
/* 00990 80AD6540 3C0F801C */  lui     $t7, 0x801C                ## $t7 = 801C0000
/* 00994 80AD6544 25EF13A0 */  addiu   $t7, $t7, 0x13A0           ## $t7 = 801C13A0
/* 00998 80AD6548 8DC30000 */  lw      $v1, 0x0000($t6)           ## 00000000
/* 0099C 80AD654C 3C15DE00 */  lui     $s5, 0xDE00                ## $s5 = DE000000
/* 009A0 80AD6550 00009025 */  or      $s2, $zero, $zero          ## $s2 = 00000000
/* 009A4 80AD6554 8C7002B0 */  lw      $s0, 0x02B0($v1)           ## 000002B0
/* 009A8 80AD6558 02001025 */  or      $v0, $s0, $zero            ## $v0 = 00000000
/* 009AC 80AD655C AC550000 */  sw      $s5, 0x0000($v0)           ## 00000000
/* 009B0 80AD6560 AC4F0004 */  sw      $t7, 0x0004($v0)           ## 00000004
/* 009B4 80AD6564 26100008 */  addiu   $s0, $s0, 0x0008           ## $s0 = 00000008
/* 009B8 80AD6568 3C140600 */  lui     $s4, 0x0600                ## $s4 = 06000000
/* 009BC 80AD656C 3C16DA38 */  lui     $s6, 0xDA38                ## $s6 = DA380000
/* 009C0 80AD6570 36D60003 */  ori     $s6, $s6, 0x0003           ## $s6 = DA380003
/* 009C4 80AD6574 26940088 */  addiu   $s4, $s4, 0x0088           ## $s4 = 06000088
/* 009C8 80AD6578 27D30160 */  addiu   $s3, $s8, 0x0160           ## $s3 = 00000160
/* 009CC 80AD657C AFA30044 */  sw      $v1, 0x0044($sp)           
/* 009D0 80AD6580 2417008C */  addiu   $s7, $zero, 0x008C         ## $s7 = 0000008C
.L80AD6584:
/* 009D4 80AD6584 0C2B56EC */  jal     func_80AD5BB0              
/* 009D8 80AD6588 02602025 */  or      $a0, $s3, $zero            ## $a0 = 00000160
/* 009DC 80AD658C 02008825 */  or      $s1, $s0, $zero            ## $s1 = 00000008
/* 009E0 80AD6590 AE360000 */  sw      $s6, 0x0000($s1)           ## 00000008
/* 009E4 80AD6594 8FB8005C */  lw      $t8, 0x005C($sp)           
/* 009E8 80AD6598 26100008 */  addiu   $s0, $s0, 0x0008           ## $s0 = 00000010
/* 009EC 80AD659C 0C060690 */  jal     func_80181A40              
/* 009F0 80AD65A0 8F040000 */  lw      $a0, 0x0000($t8)           ## 00000000
/* 009F4 80AD65A4 AE220004 */  sw      $v0, 0x0004($s1)           ## 0000000C
/* 009F8 80AD65A8 02001025 */  or      $v0, $s0, $zero            ## $v0 = 00000010
/* 009FC 80AD65AC AC550000 */  sw      $s5, 0x0000($v0)           ## 00000010
/* 00A00 80AD65B0 AC540004 */  sw      $s4, 0x0004($v0)           ## 00000014
/* 00A04 80AD65B4 26100008 */  addiu   $s0, $s0, 0x0008           ## $s0 = 00000018
/* 00A08 80AD65B8 26520014 */  addiu   $s2, $s2, 0x0014           ## $s2 = 00000014
/* 00A0C 80AD65BC 1657FFF1 */  bne     $s2, $s7, .L80AD6584       
/* 00A10 80AD65C0 26730014 */  addiu   $s3, $s3, 0x0014           ## $s3 = 00000174
/* 00A14 80AD65C4 8FB90044 */  lw      $t9, 0x0044($sp)           
/* 00A18 80AD65C8 AF3002B0 */  sw      $s0, 0x02B0($t9)           ## 000002B0
/* 00A1C 80AD65CC 8FBF003C */  lw      $ra, 0x003C($sp)           
/* 00A20 80AD65D0 8FB00018 */  lw      $s0, 0x0018($sp)           
/* 00A24 80AD65D4 8FB1001C */  lw      $s1, 0x001C($sp)           
/* 00A28 80AD65D8 8FB20020 */  lw      $s2, 0x0020($sp)           
/* 00A2C 80AD65DC 8FB30024 */  lw      $s3, 0x0024($sp)           
/* 00A30 80AD65E0 8FB40028 */  lw      $s4, 0x0028($sp)           
/* 00A34 80AD65E4 8FB5002C */  lw      $s5, 0x002C($sp)           
/* 00A38 80AD65E8 8FB60030 */  lw      $s6, 0x0030($sp)           
/* 00A3C 80AD65EC 8FB70034 */  lw      $s7, 0x0034($sp)           
/* 00A40 80AD65F0 8FBE0038 */  lw      $s8, 0x0038($sp)           
/* 00A44 80AD65F4 03E00008 */  jr      $ra                        
/* 00A48 80AD65F8 27BD0058 */  addiu   $sp, $sp, 0x0058           ## $sp = 00000000
/* 00A4C 80AD65FC 00000000 */  nop

.section .data

D_80AD6600: .word 0x01B80100, 0x00400010, 0x01A40000, 0x000001EC
.word func_80AD61EC
.word func_80AD6314
.word func_80AD64B4
.word func_80AD64D8
D_80AD6620: .word \
0xC2D20000, 0xC2B40000, 0xC2960000, 0xC2700000, \
0xC2340000, 0xC1F00000, 0xC1700000
D_80AD663C: .word \
0xC2700000, 0xC2200000, 0xC1A00000, 0x00000000, \
0x41A00000, 0x42200000, 0x42700000
D_80AD6658: .word 0x00000000, 0x3E99999A, 0x00000000
D_80AD6664: .word \
0xB0FC0FA0, 0xB100012C, 0xB104012C, 0x48580064, \
0x00000000, 0x00000000, 0x00000000

.section .rodata

D_80AD6680: .word 0x3F547AE1
D_80AD6684: .word 0xBECCCCCD, 0x00000000, 0x00000000


.section .rodata
D_80AD6690:
.incbin "baserom/Obj_Tokei_Step", 0xAE0, 0x000000D0
