.include "macro.inc"

# assembler directives
.set noat      # allow manual use of $at
.set noreorder # don't insert nops after branches
.set gp=64     # allow use of 64-bit general purpose registers

.section .text
glabel func_809393B0
/* 00000 809393B0 27BDFFE8 */  addiu   $sp, $sp, 0xFFE8           ## $sp = FFFFFFE8
/* 00004 809393B4 AFBF0014 */  sw      $ra, 0x0014($sp)           
/* 00008 809393B8 00803025 */  or      $a2, $a0, $zero            ## $a2 = 00000000
/* 0000C 809393BC 90CE0155 */  lbu     $t6, 0x0155($a2)           ## 00000155
/* 00010 809393C0 31CF0002 */  andi    $t7, $t6, 0x0002           ## $t7 = 00000000
/* 00014 809393C4 51E00026 */  beql    $t7, $zero, .L80939460     
/* 00018 809393C8 00001025 */  or      $v0, $zero, $zero          ## $v0 = 00000000
/* 0001C 809393CC 8CD80180 */  lw      $t8, 0x0180($a2)           ## 00000180
/* 00020 809393D0 8CC3014C */  lw      $v1, 0x014C($a2)           ## 0000014C
/* 00024 809393D4 8F020000 */  lw      $v0, 0x0000($t8)           ## 00000000
/* 00028 809393D8 0002C800 */  sll     $t9, $v0,  0               
/* 0002C 809393DC 0721000D */  bgez    $t9, .L80939414            
/* 00030 809393E0 30480008 */  andi    $t0, $v0, 0x0008           ## $t0 = 00000000
/* 00034 809393E4 1060001D */  beq     $v1, $zero, .L8093945C     
/* 00038 809393E8 24C40024 */  addiu   $a0, $a2, 0x0024           ## $a0 = 00000024
/* 0003C 809393EC 0C05E9BE */  jal     func_8017A6F8              
/* 00040 809393F0 24650024 */  addiu   $a1, $v1, 0x0024           ## $a1 = 00000024
/* 00044 809393F4 3C018094 */  lui     $at, %hi(D_8093A9F0)       ## $at = 80940000
/* 00048 809393F8 C424A9F0 */  lwc1    $f4, %lo(D_8093A9F0)($at)  
/* 0004C 809393FC 4604003C */  c.lt.s  $f0, $f4                   
/* 00050 80939400 00000000 */  nop
/* 00054 80939404 45020016 */  bc1fl   .L80939460                 
/* 00058 80939408 00001025 */  or      $v0, $zero, $zero          ## $v0 = 00000000
/* 0005C 8093940C 10000014 */  beq     $zero, $zero, .L80939460   
/* 00060 80939410 24020001 */  addiu   $v0, $zero, 0x0001         ## $v0 = 00000001
.L80939414:
/* 00064 80939414 1100000D */  beq     $t0, $zero, .L8093944C     
/* 00068 80939418 30490500 */  andi    $t1, $v0, 0x0500           ## $t1 = 00000000
/* 0006C 8093941C 1060000F */  beq     $v1, $zero, .L8093945C     
/* 00070 80939420 24C40024 */  addiu   $a0, $a2, 0x0024           ## $a0 = 00000024
/* 00074 80939424 0C05E9BE */  jal     func_8017A6F8              
/* 00078 80939428 24650024 */  addiu   $a1, $v1, 0x0024           ## $a1 = 00000024
/* 0007C 8093942C 3C018094 */  lui     $at, %hi(D_8093A9F4)       ## $at = 80940000
/* 00080 80939430 C426A9F4 */  lwc1    $f6, %lo(D_8093A9F4)($at)  
/* 00084 80939434 4606003C */  c.lt.s  $f0, $f6                   
/* 00088 80939438 00000000 */  nop
/* 0008C 8093943C 45020008 */  bc1fl   .L80939460                 
/* 00090 80939440 00001025 */  or      $v0, $zero, $zero          ## $v0 = 00000000
/* 00094 80939444 10000006 */  beq     $zero, $zero, .L80939460   
/* 00098 80939448 24020001 */  addiu   $v0, $zero, 0x0001         ## $v0 = 00000001
.L8093944C:
/* 0009C 8093944C 51200004 */  beql    $t1, $zero, .L80939460     
/* 000A0 80939450 00001025 */  or      $v0, $zero, $zero          ## $v0 = 00000000
/* 000A4 80939454 10000002 */  beq     $zero, $zero, .L80939460   
/* 000A8 80939458 24020001 */  addiu   $v0, $zero, 0x0001         ## $v0 = 00000001
.L8093945C:
/* 000AC 8093945C 00001025 */  or      $v0, $zero, $zero          ## $v0 = 00000000
.L80939460:
/* 000B0 80939460 8FBF0014 */  lw      $ra, 0x0014($sp)           
/* 000B4 80939464 27BD0018 */  addiu   $sp, $sp, 0x0018           ## $sp = 00000000
/* 000B8 80939468 03E00008 */  jr      $ra                        
/* 000BC 8093946C 00000000 */  nop


glabel func_80939470
/* 000C0 80939470 27BDFFE8 */  addiu   $sp, $sp, 0xFFE8           ## $sp = FFFFFFE8
/* 000C4 80939474 AFBF0014 */  sw      $ra, 0x0014($sp)           
/* 000C8 80939478 00803025 */  or      $a2, $a0, $zero            ## $a2 = 00000000
/* 000CC 8093947C 90CE0155 */  lbu     $t6, 0x0155($a2)           ## 00000155
/* 000D0 80939480 31CF0002 */  andi    $t7, $t6, 0x0002           ## $t7 = 00000000
/* 000D4 80939484 51E00021 */  beql    $t7, $zero, .L8093950C     
/* 000D8 80939488 00001025 */  or      $v0, $zero, $zero          ## $v0 = 00000000
/* 000DC 8093948C 8CC2014C */  lw      $v0, 0x014C($a2)           ## 0000014C
/* 000E0 80939490 5040001E */  beql    $v0, $zero, .L8093950C     
/* 000E4 80939494 00001025 */  or      $v0, $zero, $zero          ## $v0 = 00000000
/* 000E8 80939498 8CD80180 */  lw      $t8, 0x0180($a2)           ## 00000180
/* 000EC 8093949C 24C40024 */  addiu   $a0, $a2, 0x0024           ## $a0 = 00000024
/* 000F0 809394A0 8F030000 */  lw      $v1, 0x0000($t8)           ## 00000000
/* 000F4 809394A4 0003C800 */  sll     $t9, $v1,  0               
/* 000F8 809394A8 0721000B */  bgez    $t9, .L809394D8            
/* 000FC 809394AC 30680008 */  andi    $t0, $v1, 0x0008           ## $t0 = 00000000
/* 00100 809394B0 0C05E9BE */  jal     func_8017A6F8              
/* 00104 809394B4 24450024 */  addiu   $a1, $v0, 0x0024           ## $a1 = 00000024
/* 00108 809394B8 3C018094 */  lui     $at, %hi(D_8093A9F8)       ## $at = 80940000
/* 0010C 809394BC C424A9F8 */  lwc1    $f4, %lo(D_8093A9F8)($at)  
/* 00110 809394C0 4604003C */  c.lt.s  $f0, $f4                   
/* 00114 809394C4 00000000 */  nop
/* 00118 809394C8 45020010 */  bc1fl   .L8093950C                 
/* 0011C 809394CC 00001025 */  or      $v0, $zero, $zero          ## $v0 = 00000000
/* 00120 809394D0 1000000E */  beq     $zero, $zero, .L8093950C   
/* 00124 809394D4 24020001 */  addiu   $v0, $zero, 0x0001         ## $v0 = 00000001
.L809394D8:
/* 00128 809394D8 1100000B */  beq     $t0, $zero, .L80939508     
/* 0012C 809394DC 24C40024 */  addiu   $a0, $a2, 0x0024           ## $a0 = 00000024
/* 00130 809394E0 0C05E9BE */  jal     func_8017A6F8              
/* 00134 809394E4 24450024 */  addiu   $a1, $v0, 0x0024           ## $a1 = 00000025
/* 00138 809394E8 3C018094 */  lui     $at, %hi(D_8093A9FC)       ## $at = 80940000
/* 0013C 809394EC C426A9FC */  lwc1    $f6, %lo(D_8093A9FC)($at)  
/* 00140 809394F0 4606003C */  c.lt.s  $f0, $f6                   
/* 00144 809394F4 00000000 */  nop
/* 00148 809394F8 45020004 */  bc1fl   .L8093950C                 
/* 0014C 809394FC 00001025 */  or      $v0, $zero, $zero          ## $v0 = 00000000
/* 00150 80939500 10000002 */  beq     $zero, $zero, .L8093950C   
/* 00154 80939504 24020001 */  addiu   $v0, $zero, 0x0001         ## $v0 = 00000001
.L80939508:
/* 00158 80939508 00001025 */  or      $v0, $zero, $zero          ## $v0 = 00000000
.L8093950C:
/* 0015C 8093950C 8FBF0014 */  lw      $ra, 0x0014($sp)           
/* 00160 80939510 27BD0018 */  addiu   $sp, $sp, 0x0018           ## $sp = 00000000
/* 00164 80939514 03E00008 */  jr      $ra                        
/* 00168 80939518 00000000 */  nop


glabel func_8093951C
/* 0016C 8093951C 27BDFFC8 */  addiu   $sp, $sp, 0xFFC8           ## $sp = FFFFFFC8
/* 00170 80939520 AFBF0024 */  sw      $ra, 0x0024($sp)           
/* 00174 80939524 AFA40038 */  sw      $a0, 0x0038($sp)           
/* 00178 80939528 AFA5003C */  sw      $a1, 0x003C($sp)           
/* 0017C 8093952C 8FAF0038 */  lw      $t7, 0x0038($sp)           
/* 00180 80939530 8FA4003C */  lw      $a0, 0x003C($sp)           
/* 00184 80939534 27B8002C */  addiu   $t8, $sp, 0x002C           ## $t8 = FFFFFFF4
/* 00188 80939538 8DE60024 */  lw      $a2, 0x0024($t7)           ## 00000024
/* 0018C 8093953C 8DE7002C */  lw      $a3, 0x002C($t7)           ## 0000002C
/* 00190 80939540 27B90030 */  addiu   $t9, $sp, 0x0030           ## $t9 = FFFFFFF8
/* 00194 80939544 27A80028 */  addiu   $t0, $sp, 0x0028           ## $t0 = FFFFFFF0
/* 00198 80939548 AFA80018 */  sw      $t0, 0x0018($sp)           
/* 0019C 8093954C AFB90014 */  sw      $t9, 0x0014($sp)           
/* 001A0 80939550 AFB80010 */  sw      $t8, 0x0010($sp)           
/* 001A4 80939554 0C0327AF */  jal     func_800C9EBC              
/* 001A8 80939558 24850830 */  addiu   $a1, $a0, 0x0830           ## $a1 = 00000830
/* 001AC 8093955C 1040000A */  beq     $v0, $zero, .L80939588     
/* 001B0 80939560 8FBF0024 */  lw      $ra, 0x0024($sp)           
/* 001B4 80939564 8FA90038 */  lw      $t1, 0x0038($sp)           
/* 001B8 80939568 C7A6002C */  lwc1    $f6, 0x002C($sp)           
/* 001BC 8093956C C5240028 */  lwc1    $f4, 0x0028($t1)           ## 00000028
/* 001C0 80939570 4606203C */  c.lt.s  $f4, $f6                   
/* 001C4 80939574 00000000 */  nop
/* 001C8 80939578 45020004 */  bc1fl   .L8093958C                 
/* 001CC 8093957C 00001025 */  or      $v0, $zero, $zero          ## $v0 = 00000000
/* 001D0 80939580 10000002 */  beq     $zero, $zero, .L8093958C   
/* 001D4 80939584 24020001 */  addiu   $v0, $zero, 0x0001         ## $v0 = 00000001
.L80939588:
/* 001D8 80939588 00001025 */  or      $v0, $zero, $zero          ## $v0 = 00000000
.L8093958C:
/* 001DC 8093958C 03E00008 */  jr      $ra                        
/* 001E0 80939590 27BD0038 */  addiu   $sp, $sp, 0x0038           ## $sp = 00000000


glabel func_80939594
/* 001E4 80939594 27BDFFC8 */  addiu   $sp, $sp, 0xFFC8           ## $sp = FFFFFFC8
/* 001E8 80939598 AFBF001C */  sw      $ra, 0x001C($sp)           
/* 001EC 8093959C AFA5003C */  sw      $a1, 0x003C($sp)           
/* 001F0 809395A0 00803825 */  or      $a3, $a0, $zero            ## $a3 = 00000000
/* 001F4 809395A4 C4E40024 */  lwc1    $f4, 0x0024($a3)           ## 00000024
/* 001F8 809395A8 3C0141F0 */  lui     $at, 0x41F0                ## $at = 41F00000
/* 001FC 809395AC 44814000 */  mtc1    $at, $f8                   ## $f8 = 30.00
/* 00200 809395B0 E7A40028 */  swc1    $f4, 0x0028($sp)           
/* 00204 809395B4 C4E60028 */  lwc1    $f6, 0x0028($a3)           ## 00000028
/* 00208 809395B8 8FA4003C */  lw      $a0, 0x003C($sp)           
/* 0020C 809395BC 27AE0028 */  addiu   $t6, $sp, 0x0028           ## $t6 = FFFFFFF0
/* 00210 809395C0 46083280 */  add.s   $f10, $f6, $f8             
/* 00214 809395C4 24E50080 */  addiu   $a1, $a3, 0x0080           ## $a1 = 00000080
/* 00218 809395C8 27A60024 */  addiu   $a2, $sp, 0x0024           ## $a2 = FFFFFFEC
/* 0021C 809395CC 24840830 */  addiu   $a0, $a0, 0x0830           ## $a0 = 00000830
/* 00220 809395D0 E7AA002C */  swc1    $f10, 0x002C($sp)          
/* 00224 809395D4 C4F0002C */  lwc1    $f16, 0x002C($a3)          ## 0000002C
/* 00228 809395D8 AFA70038 */  sw      $a3, 0x0038($sp)           
/* 0022C 809395DC AFAE0010 */  sw      $t6, 0x0010($sp)           
/* 00230 809395E0 0C031047 */  jal     func_800C411C              
/* 00234 809395E4 E7B00030 */  swc1    $f16, 0x0030($sp)          
/* 00238 809395E8 8FA70038 */  lw      $a3, 0x0038($sp)           
/* 0023C 809395EC E4E00088 */  swc1    $f0, 0x0088($a3)           ## 00000088
/* 00240 809395F0 8FBF001C */  lw      $ra, 0x001C($sp)           
/* 00244 809395F4 03E00008 */  jr      $ra                        
/* 00248 809395F8 27BD0038 */  addiu   $sp, $sp, 0x0038           ## $sp = 00000000


glabel func_809395FC
/* 0024C 809395FC 27BDFFC0 */  addiu   $sp, $sp, 0xFFC0           ## $sp = FFFFFFC0
/* 00250 80939600 AFB00018 */  sw      $s0, 0x0018($sp)           
/* 00254 80939604 00808025 */  or      $s0, $a0, $zero            ## $s0 = 00000000
/* 00258 80939608 AFBF001C */  sw      $ra, 0x001C($sp)           
/* 0025C 8093960C AFA50044 */  sw      $a1, 0x0044($sp)           
/* 00260 80939610 860E001C */  lh      $t6, 0x001C($s0)           ## 0000001C
/* 00264 80939614 3C058094 */  lui     $a1, %hi(D_8093A9C0)       ## $a1 = 80940000
/* 00268 80939618 24A5A9C0 */  addiu   $a1, $a1, %lo(D_8093A9C0)  ## $a1 = 8093A9C0
/* 0026C 8093961C 000E7A03 */  sra     $t7, $t6,  8               
/* 00270 80939620 31F80001 */  andi    $t8, $t7, 0x0001           ## $t8 = 00000000
/* 00274 80939624 AFB80034 */  sw      $t8, 0x0034($sp)           
/* 00278 80939628 0C03FEB7 */  jal     func_800FFADC              
/* 0027C 8093962C 02002025 */  or      $a0, $s0, $zero            ## $a0 = 00000000
/* 00280 80939630 26050144 */  addiu   $a1, $s0, 0x0144           ## $a1 = 00000144
/* 00284 80939634 AFA50024 */  sw      $a1, 0x0024($sp)           
/* 00288 80939638 0C038467 */  jal     func_800E119C              
/* 0028C 8093963C 8FA40044 */  lw      $a0, 0x0044($sp)           
/* 00290 80939640 8605001C */  lh      $a1, 0x001C($s0)           ## 0000001C
/* 00294 80939644 8FA40044 */  lw      $a0, 0x0044($sp)           
/* 00298 80939648 0C02D6EC */  jal     func_800B5BB0              
/* 0029C 8093964C 30A5007F */  andi    $a1, $a1, 0x007F           ## $a1 = 00000000
/* 002A0 80939650 10400005 */  beq     $v0, $zero, .L80939668     
/* 002A4 80939654 8FA40044 */  lw      $a0, 0x0044($sp)           
/* 002A8 80939658 0C02D9C3 */  jal     func_800B670C              
/* 002AC 8093965C 02002025 */  or      $a0, $s0, $zero            ## $a0 = 00000000
/* 002B0 80939660 1000003D */  beq     $zero, $zero, .L80939758   
/* 002B4 80939664 8FBF001C */  lw      $ra, 0x001C($sp)           
.L80939668:
/* 002B8 80939668 8FB90034 */  lw      $t9, 0x0034($sp)           
/* 002BC 8093966C 3C098094 */  lui     $t1, %hi(D_8093A998)       ## $t1 = 80940000
/* 002C0 80939670 2529A998 */  addiu   $t1, $t1, %lo(D_8093A998)  ## $t1 = 8093A998
/* 002C4 80939674 00194100 */  sll     $t0, $t9,  4               
/* 002C8 80939678 01091021 */  addu    $v0, $t0, $t1              
/* 002CC 8093967C 8C470000 */  lw      $a3, 0x0000($v0)           ## 00000000
/* 002D0 80939680 AFA20028 */  sw      $v0, 0x0028($sp)           
/* 002D4 80939684 8FA50024 */  lw      $a1, 0x0024($sp)           
/* 002D8 80939688 0C0384C3 */  jal     func_800E130C              
/* 002DC 8093968C 02003025 */  or      $a2, $s0, $zero            ## $a2 = 00000000
/* 002E0 80939690 02002025 */  or      $a0, $s0, $zero            ## $a0 = 00000000
/* 002E4 80939694 0C039F7E */  jal     func_800E7DF8              
/* 002E8 80939698 8FA50024 */  lw      $a1, 0x0024($sp)           
/* 002EC 8093969C 3C068094 */  lui     $a2, %hi(D_8093A9B8)       ## $a2 = 80940000
/* 002F0 809396A0 24C6A9B8 */  addiu   $a2, $a2, %lo(D_8093A9B8)  ## $a2 = 8093A9B8
/* 002F4 809396A4 260400A0 */  addiu   $a0, $s0, 0x00A0           ## $a0 = 000000A0
/* 002F8 809396A8 0C039D4C */  jal     func_800E7530              
/* 002FC 809396AC 00002825 */  or      $a1, $zero, $zero          ## $a1 = 00000000
/* 00300 809396B0 8FAA0028 */  lw      $t2, 0x0028($sp)           
/* 00304 809396B4 3C0B8094 */  lui     $t3, %hi(D_8093A998)       ## $t3 = 80940000
/* 00308 809396B8 256BA998 */  addiu   $t3, $t3, %lo(D_8093A998)  ## $t3 = 8093A998
/* 0030C 809396BC 554B000D */  bnel    $t2, $t3, .L809396F4       
/* 00310 809396C0 8FAD0028 */  lw      $t5, 0x0028($sp)           
/* 00314 809396C4 860C00BE */  lh      $t4, 0x00BE($s0)           ## 000000BE
/* 00318 809396C8 55800007 */  bnel    $t4, $zero, .L809396E8     
/* 0031C 809396CC 02002025 */  or      $a0, $s0, $zero            ## $a0 = 00000000
/* 00320 809396D0 0C021BE8 */  jal     func_80086FA0              
/* 00324 809396D4 00000000 */  nop
/* 00328 809396D8 00021C02 */  srl     $v1, $v0, 16               
/* 0032C 809396DC A6030032 */  sh      $v1, 0x0032($s0)           ## 00000032
/* 00330 809396E0 A60300BE */  sh      $v1, 0x00BE($s0)           ## 000000BE
/* 00334 809396E4 02002025 */  or      $a0, $s0, $zero            ## $a0 = 00000000
.L809396E8:
/* 00338 809396E8 0C24E565 */  jal     func_80939594              
/* 0033C 809396EC 8FA50044 */  lw      $a1, 0x0044($sp)           
/* 00340 809396F0 8FAD0028 */  lw      $t5, 0x0028($sp)           
.L809396F4:
/* 00344 809396F4 3C07411C */  lui     $a3, 0x411C                ## $a3 = 411C0000
/* 00348 809396F8 34E7CCCD */  ori     $a3, $a3, 0xCCCD           ## $a3 = 411CCCCD
/* 0034C 809396FC 260400BC */  addiu   $a0, $s0, 0x00BC           ## $a0 = 000000BC
/* 00350 80939700 3C05C348 */  lui     $a1, 0xC348                ## $a1 = C3480000
/* 00354 80939704 0C02CEE9 */  jal     func_800B3BA4              
/* 00358 80939708 8DA60004 */  lw      $a2, 0x0004($t5)           ## 00000004
/* 0035C 8093970C 3C0141A0 */  lui     $at, 0x41A0                ## $at = 41A00000
/* 00360 80939710 44813000 */  mtc1    $at, $f6                   ## $f6 = 20.00
/* 00364 80939714 C604000C */  lwc1    $f4, 0x000C($s0)           ## 0000000C
/* 00368 80939718 02002025 */  or      $a0, $s0, $zero            ## $a0 = 00000000
/* 0036C 8093971C 46062200 */  add.s   $f8, $f4, $f6              
/* 00370 80939720 E6080028 */  swc1    $f8, 0x0028($s0)           ## 00000028
/* 00374 80939724 8FAE0028 */  lw      $t6, 0x0028($sp)           
/* 00378 80939728 8DCF0008 */  lw      $t7, 0x0008($t6)           ## 00000008
/* 0037C 8093972C AE0F013C */  sw      $t7, 0x013C($s0)           ## 0000013C
/* 00380 80939730 0C24E547 */  jal     func_8093951C              
/* 00384 80939734 8FA50044 */  lw      $a1, 0x0044($sp)           
/* 00388 80939738 10400004 */  beq     $v0, $zero, .L8093974C     
/* 0038C 8093973C 00000000 */  nop
/* 00390 80939740 92180203 */  lbu     $t8, 0x0203($s0)           ## 00000203
/* 00394 80939744 37190001 */  ori     $t9, $t8, 0x0001           ## $t9 = 00000001
/* 00398 80939748 A2190203 */  sb      $t9, 0x0203($s0)           ## 00000203
.L8093974C:
/* 0039C 8093974C 0C24E7B8 */  jal     func_80939EE0              
/* 003A0 80939750 02002025 */  or      $a0, $s0, $zero            ## $a0 = 00000000
/* 003A4 80939754 8FBF001C */  lw      $ra, 0x001C($sp)           
.L80939758:
/* 003A8 80939758 8FB00018 */  lw      $s0, 0x0018($sp)           
/* 003AC 8093975C 27BD0040 */  addiu   $sp, $sp, 0x0040           ## $sp = 00000000
/* 003B0 80939760 03E00008 */  jr      $ra                        
/* 003B4 80939764 00000000 */  nop


glabel func_80939768
/* 003B8 80939768 27BDFFE8 */  addiu   $sp, $sp, 0xFFE8           ## $sp = FFFFFFE8
/* 003BC 8093976C AFBF0014 */  sw      $ra, 0x0014($sp)           
/* 003C0 80939770 00803825 */  or      $a3, $a0, $zero            ## $a3 = 00000000
/* 003C4 80939774 00A03025 */  or      $a2, $a1, $zero            ## $a2 = 00000000
/* 003C8 80939778 00C02025 */  or      $a0, $a2, $zero            ## $a0 = 00000000
/* 003CC 8093977C 0C03847B */  jal     func_800E11EC              
/* 003D0 80939780 24E50144 */  addiu   $a1, $a3, 0x0144           ## $a1 = 00000144
/* 003D4 80939784 8FBF0014 */  lw      $ra, 0x0014($sp)           
/* 003D8 80939788 27BD0018 */  addiu   $sp, $sp, 0x0018           ## $sp = 00000000
/* 003DC 8093978C 03E00008 */  jr      $ra                        
/* 003E0 80939790 00000000 */  nop


glabel func_80939794
/* 003E4 80939794 27BDFF40 */  addiu   $sp, $sp, 0xFF40           ## $sp = FFFFFF40
/* 003E8 80939798 AFB60090 */  sw      $s6, 0x0090($sp)           
/* 003EC 8093979C AFB1007C */  sw      $s1, 0x007C($sp)           
/* 003F0 809397A0 00808825 */  or      $s1, $a0, $zero            ## $s1 = 00000000
/* 003F4 809397A4 00A0B025 */  or      $s6, $a1, $zero            ## $s6 = 00000000
/* 003F8 809397A8 AFBF0094 */  sw      $ra, 0x0094($sp)           
/* 003FC 809397AC AFB5008C */  sw      $s5, 0x008C($sp)           
/* 00400 809397B0 AFB40088 */  sw      $s4, 0x0088($sp)           
/* 00404 809397B4 AFB30084 */  sw      $s3, 0x0084($sp)           
/* 00408 809397B8 AFB20080 */  sw      $s2, 0x0080($sp)           
/* 0040C 809397BC AFB00078 */  sw      $s0, 0x0078($sp)           
/* 00410 809397C0 F7BE0070 */  sdc1    $f30, 0x0070($sp)          
/* 00414 809397C4 F7BC0068 */  sdc1    $f28, 0x0068($sp)          
/* 00418 809397C8 F7BA0060 */  sdc1    $f26, 0x0060($sp)          
/* 0041C 809397CC F7B80058 */  sdc1    $f24, 0x0058($sp)          
/* 00420 809397D0 F7B60050 */  sdc1    $f22, 0x0050($sp)          
/* 00424 809397D4 F7B40048 */  sdc1    $f20, 0x0048($sp)          
/* 00428 809397D8 3C014180 */  lui     $at, 0x4180                ## $at = 41800000
/* 0042C 809397DC 4481F000 */  mtc1    $at, $f30                  ## $f30 = 16.00
/* 00430 809397E0 3C014100 */  lui     $at, 0x4100                ## $at = 41000000
/* 00434 809397E4 4481E000 */  mtc1    $at, $f28                  ## $f28 = 8.00
/* 00438 809397E8 3C014170 */  lui     $at, 0x4170                ## $at = 41700000
/* 0043C 809397EC 4481D000 */  mtc1    $at, $f26                  ## $f26 = 15.00
/* 00440 809397F0 3C0140A0 */  lui     $at, 0x40A0                ## $at = 40A00000
/* 00444 809397F4 4481C000 */  mtc1    $at, $f24                  ## $f24 = 5.00
/* 00448 809397F8 3C014120 */  lui     $at, 0x4120                ## $at = 41200000
/* 0044C 809397FC 4481B000 */  mtc1    $at, $f22                  ## $f22 = 10.00
/* 00450 80939800 3C013F00 */  lui     $at, 0x3F00                ## $at = 3F000000
/* 00454 80939804 3C108094 */  lui     $s0, %hi(D_8093A9D0)       ## $s0 = 80940000
/* 00458 80939808 3C158094 */  lui     $s5, %hi(D_8093A9E0)       ## $s5 = 80940000
/* 0045C 8093980C 3C140600 */  lui     $s4, 0x0600                ## $s4 = 06000000
/* 00460 80939810 4481A000 */  mtc1    $at, $f20                  ## $f20 = 0.50
/* 00464 80939814 269409E0 */  addiu   $s4, $s4, 0x09E0           ## $s4 = 060009E0
/* 00468 80939818 26B5A9E0 */  addiu   $s5, $s5, %lo(D_8093A9E0)  ## $s5 = 8093A9E0
/* 0046C 8093981C 2610A9D0 */  addiu   $s0, $s0, %lo(D_8093A9D0)  ## $s0 = 8093A9D0
/* 00470 80939820 27B300A8 */  addiu   $s3, $sp, 0x00A8           ## $s3 = FFFFFFE8
/* 00474 80939824 27B200B4 */  addiu   $s2, $sp, 0x00B4           ## $s2 = FFFFFFF4
.L80939828:
/* 00478 80939828 0C021BF7 */  jal     func_80086FDC              
/* 0047C 8093982C 00000000 */  nop
/* 00480 80939830 46140101 */  sub.s   $f4, $f0, $f20             
/* 00484 80939834 C6280008 */  lwc1    $f8, 0x0008($s1)           ## 00000008
/* 00488 80939838 46162182 */  mul.s   $f6, $f4, $f22             
/* 0048C 8093983C 46083280 */  add.s   $f10, $f6, $f8             
/* 00490 80939840 0C021BF7 */  jal     func_80086FDC              
/* 00494 80939844 E7AA00B4 */  swc1    $f10, 0x00B4($sp)          
/* 00498 80939848 46180402 */  mul.s   $f16, $f0, $f24            
/* 0049C 8093984C C632000C */  lwc1    $f18, 0x000C($s1)          ## 0000000C
/* 004A0 80939850 46128100 */  add.s   $f4, $f16, $f18            
/* 004A4 80939854 461C2180 */  add.s   $f6, $f4, $f28             
/* 004A8 80939858 0C021BF7 */  jal     func_80086FDC              
/* 004AC 8093985C E7A600B8 */  swc1    $f6, 0x00B8($sp)           
/* 004B0 80939860 46140201 */  sub.s   $f8, $f0, $f20             
/* 004B4 80939864 C6300010 */  lwc1    $f16, 0x0010($s1)          ## 00000010
/* 004B8 80939868 46164282 */  mul.s   $f10, $f8, $f22            
/* 004BC 8093986C 46105480 */  add.s   $f18, $f10, $f16           
/* 004C0 80939870 0C021BF7 */  jal     func_80086FDC              
/* 004C4 80939874 E7B200BC */  swc1    $f18, 0x00BC($sp)          
/* 004C8 80939878 46140101 */  sub.s   $f4, $f0, $f20             
/* 004CC 8093987C 461A2182 */  mul.s   $f6, $f4, $f26             
/* 004D0 80939880 0C021BF7 */  jal     func_80086FDC              
/* 004D4 80939884 E7A600A8 */  swc1    $f6, 0x00A8($sp)           
/* 004D8 80939888 461E0202 */  mul.s   $f8, $f0, $f30             
/* 004DC 8093988C 46184280 */  add.s   $f10, $f8, $f24            
/* 004E0 80939890 0C021BF7 */  jal     func_80086FDC              
/* 004E4 80939894 E7AA00AC */  swc1    $f10, 0x00AC($sp)          
/* 004E8 80939898 46140401 */  sub.s   $f16, $f0, $f20            
/* 004EC 8093989C 86020000 */  lh      $v0, 0x0000($s0)           ## 8093A9D0
/* 004F0 809398A0 02C02025 */  or      $a0, $s6, $zero            ## $a0 = 00000000
/* 004F4 809398A4 02402825 */  or      $a1, $s2, $zero            ## $a1 = FFFFFFF4
/* 004F8 809398A8 461A8482 */  mul.s   $f18, $f16, $f26           
/* 004FC 809398AC 2841000B */  slti    $at, $v0, 0x000B           
/* 00500 809398B0 02603025 */  or      $a2, $s3, $zero            ## $a2 = FFFFFFE8
/* 00504 809398B4 02403825 */  or      $a3, $s2, $zero            ## $a3 = FFFFFFF4
/* 00508 809398B8 240EFE70 */  addiu   $t6, $zero, 0xFE70         ## $t6 = FFFFFE70
/* 0050C 809398BC 240F000A */  addiu   $t7, $zero, 0x000A         ## $t7 = 0000000A
/* 00510 809398C0 14200003 */  bne     $at, $zero, .L809398D0     
/* 00514 809398C4 E7B200B0 */  swc1    $f18, 0x00B0($sp)          
/* 00518 809398C8 10000002 */  beq     $zero, $zero, .L809398D4   
/* 0051C 809398CC 24030025 */  addiu   $v1, $zero, 0x0025         ## $v1 = 00000025
.L809398D0:
/* 00520 809398D0 24030021 */  addiu   $v1, $zero, 0x0021         ## $v1 = 00000021
.L809398D4:
/* 00524 809398D4 24180002 */  addiu   $t8, $zero, 0x0002         ## $t8 = 00000002
/* 00528 809398D8 24190001 */  addiu   $t9, $zero, 0x0001         ## $t9 = 00000001
/* 0052C 809398DC 2408003C */  addiu   $t0, $zero, 0x003C         ## $t0 = 0000003C
/* 00530 809398E0 2409FFFF */  addiu   $t1, $zero, 0xFFFF         ## $t1 = FFFFFFFF
/* 00534 809398E4 240A012A */  addiu   $t2, $zero, 0x012A         ## $t2 = 0000012A
/* 00538 809398E8 AFAA0038 */  sw      $t2, 0x0038($sp)           
/* 0053C 809398EC AFA90034 */  sw      $t1, 0x0034($sp)           
/* 00540 809398F0 AFA80030 */  sw      $t0, 0x0030($sp)           
/* 00544 809398F4 AFB90028 */  sw      $t9, 0x0028($sp)           
/* 00548 809398F8 AFB8001C */  sw      $t8, 0x001C($sp)           
/* 0054C 809398FC AFAE0010 */  sw      $t6, 0x0010($sp)           
/* 00550 80939900 AFA30014 */  sw      $v1, 0x0014($sp)           
/* 00554 80939904 AFAF0018 */  sw      $t7, 0x0018($sp)           
/* 00558 80939908 AFA00020 */  sw      $zero, 0x0020($sp)         
/* 0055C 8093990C AFA20024 */  sw      $v0, 0x0024($sp)           
/* 00560 80939910 AFA0002C */  sw      $zero, 0x002C($sp)         
/* 00564 80939914 0C02CA04 */  jal     func_800B2810              
/* 00568 80939918 AFB4003C */  sw      $s4, 0x003C($sp)           
/* 0056C 8093991C 26100002 */  addiu   $s0, $s0, 0x0002           ## $s0 = 8093A9D2
/* 00570 80939920 1615FFC1 */  bne     $s0, $s5, .L80939828       
/* 00574 80939924 00000000 */  nop
/* 00578 80939928 240B0050 */  addiu   $t3, $zero, 0x0050         ## $t3 = 00000050
/* 0057C 8093992C 240C008C */  addiu   $t4, $zero, 0x008C         ## $t4 = 0000008C
/* 00580 80939930 240D0001 */  addiu   $t5, $zero, 0x0001         ## $t5 = 00000001
/* 00584 80939934 AFAD0018 */  sw      $t5, 0x0018($sp)           
/* 00588 80939938 AFAC0014 */  sw      $t4, 0x0014($sp)           
/* 0058C 8093993C AFAB0010 */  sw      $t3, 0x0010($sp)           
/* 00590 80939940 02C02025 */  or      $a0, $s6, $zero            ## $a0 = 00000000
/* 00594 80939944 26250024 */  addiu   $a1, $s1, 0x0024           ## $a1 = 00000024
/* 00598 80939948 3C064270 */  lui     $a2, 0x4270                ## $a2 = 42700000
/* 0059C 8093994C 0C02EFEC */  jal     func_800BBFB0              
/* 005A0 80939950 24070008 */  addiu   $a3, $zero, 0x0008         ## $a3 = 00000008
/* 005A4 80939954 8FBF0094 */  lw      $ra, 0x0094($sp)           
/* 005A8 80939958 D7B40048 */  ldc1    $f20, 0x0048($sp)          
/* 005AC 8093995C D7B60050 */  ldc1    $f22, 0x0050($sp)          
/* 005B0 80939960 D7B80058 */  ldc1    $f24, 0x0058($sp)          
/* 005B4 80939964 D7BA0060 */  ldc1    $f26, 0x0060($sp)          
/* 005B8 80939968 D7BC0068 */  ldc1    $f28, 0x0068($sp)          
/* 005BC 8093996C D7BE0070 */  ldc1    $f30, 0x0070($sp)          
/* 005C0 80939970 8FB00078 */  lw      $s0, 0x0078($sp)           
/* 005C4 80939974 8FB1007C */  lw      $s1, 0x007C($sp)           
/* 005C8 80939978 8FB20080 */  lw      $s2, 0x0080($sp)           
/* 005CC 8093997C 8FB30084 */  lw      $s3, 0x0084($sp)           
/* 005D0 80939980 8FB40088 */  lw      $s4, 0x0088($sp)           
/* 005D4 80939984 8FB5008C */  lw      $s5, 0x008C($sp)           
/* 005D8 80939988 8FB60090 */  lw      $s6, 0x0090($sp)           
/* 005DC 8093998C 03E00008 */  jr      $ra                        
/* 005E0 80939990 27BD00C0 */  addiu   $sp, $sp, 0x00C0           ## $sp = 00000000


glabel func_80939994
/* 005E4 80939994 27BDFF48 */  addiu   $sp, $sp, 0xFF48           ## $sp = FFFFFF48
/* 005E8 80939998 AFB40084 */  sw      $s4, 0x0084($sp)           
/* 005EC 8093999C AFB2007C */  sw      $s2, 0x007C($sp)           
/* 005F0 809399A0 00A09025 */  or      $s2, $a1, $zero            ## $s2 = 00000000
/* 005F4 809399A4 0080A025 */  or      $s4, $a0, $zero            ## $s4 = 00000000
/* 005F8 809399A8 AFBF0094 */  sw      $ra, 0x0094($sp)           
/* 005FC 809399AC AFB70090 */  sw      $s7, 0x0090($sp)           
/* 00600 809399B0 AFB6008C */  sw      $s6, 0x008C($sp)           
/* 00604 809399B4 AFB50088 */  sw      $s5, 0x0088($sp)           
/* 00608 809399B8 AFB30080 */  sw      $s3, 0x0080($sp)           
/* 0060C 809399BC AFB10078 */  sw      $s1, 0x0078($sp)           
/* 00610 809399C0 AFB00074 */  sw      $s0, 0x0074($sp)           
/* 00614 809399C4 F7BE0068 */  sdc1    $f30, 0x0068($sp)          
/* 00618 809399C8 F7BC0060 */  sdc1    $f28, 0x0060($sp)          
/* 0061C 809399CC F7BA0058 */  sdc1    $f26, 0x0058($sp)          
/* 00620 809399D0 F7B80050 */  sdc1    $f24, 0x0050($sp)          
/* 00624 809399D4 F7B60048 */  sdc1    $f22, 0x0048($sp)          
/* 00628 809399D8 F7B40040 */  sdc1    $f20, 0x0040($sp)          
/* 0062C 809399DC 3C014180 */  lui     $at, 0x4180                ## $at = 41800000
/* 00630 809399E0 4481F000 */  mtc1    $at, $f30                  ## $f30 = 16.00
/* 00634 809399E4 3C0142F0 */  lui     $at, 0x42F0                ## $at = 42F00000
/* 00638 809399E8 4481E000 */  mtc1    $at, $f28                  ## $f28 = 120.00
/* 0063C 809399EC 3C018094 */  lui     $at, %hi(D_8093AA00)       ## $at = 80940000
/* 00640 809399F0 C43AAA00 */  lwc1    $f26, %lo(D_8093AA00)($at) 
/* 00644 809399F4 3C014040 */  lui     $at, 0x4040                ## $at = 40400000
/* 00648 809399F8 4481C000 */  mtc1    $at, $f24                  ## $f24 = 3.00
/* 0064C 809399FC 3C0142A0 */  lui     $at, 0x42A0                ## $at = 42A00000
/* 00650 80939A00 4481B000 */  mtc1    $at, $f22                  ## $f22 = 80.00
/* 00654 80939A04 3C013F00 */  lui     $at, 0x3F00                ## $at = 3F000000
/* 00658 80939A08 3C160600 */  lui     $s6, 0x0600                ## $s6 = 06000000
/* 0065C 80939A0C 4481A000 */  mtc1    $at, $f20                  ## $f20 = 0.50
/* 00660 80939A10 26D65990 */  addiu   $s6, $s6, 0x5990           ## $s6 = 06005990
/* 00664 80939A14 00008825 */  or      $s1, $zero, $zero          ## $s1 = 00000000
/* 00668 80939A18 24170010 */  addiu   $s7, $zero, 0x0010         ## $s7 = 00000010
/* 0066C 80939A1C 27B500A0 */  addiu   $s5, $sp, 0x00A0           ## $s5 = FFFFFFE8
/* 00670 80939A20 27B300AC */  addiu   $s3, $sp, 0x00AC           ## $s3 = FFFFFFF4
.L80939A24:
/* 00674 80939A24 0C021BF7 */  jal     func_80086FDC              
/* 00678 80939A28 00000000 */  nop
/* 0067C 80939A2C 46140101 */  sub.s   $f4, $f0, $f20             
/* 00680 80939A30 46162182 */  mul.s   $f6, $f4, $f22             
/* 00684 80939A34 0C021BF7 */  jal     func_80086FDC              
/* 00688 80939A38 E7A600AC */  swc1    $f6, 0x00AC($sp)           
/* 0068C 80939A3C 461C0202 */  mul.s   $f8, $f0, $f28             
/* 00690 80939A40 0C021BF7 */  jal     func_80086FDC              
/* 00694 80939A44 E7A800B0 */  swc1    $f8, 0x00B0($sp)           
/* 00698 80939A48 46140281 */  sub.s   $f10, $f0, $f20            
/* 0069C 80939A4C 46165402 */  mul.s   $f16, $f10, $f22           
/* 006A0 80939A50 0C021BF7 */  jal     func_80086FDC              
/* 006A4 80939A54 E7B000B4 */  swc1    $f16, 0x00B4($sp)          
/* 006A8 80939A58 46140481 */  sub.s   $f18, $f0, $f20            
/* 006AC 80939A5C C7A600AC */  lwc1    $f6, 0x00AC($sp)           
/* 006B0 80939A60 46189102 */  mul.s   $f4, $f18, $f24            
/* 006B4 80939A64 00000000 */  nop
/* 006B8 80939A68 461A3202 */  mul.s   $f8, $f6, $f26             
/* 006BC 80939A6C 46082280 */  add.s   $f10, $f4, $f8             
/* 006C0 80939A70 0C021BF7 */  jal     func_80086FDC              
/* 006C4 80939A74 E7AA00A0 */  swc1    $f10, 0x00A0($sp)          
/* 006C8 80939A78 461E0402 */  mul.s   $f16, $f0, $f30            
/* 006CC 80939A7C 3C0140A0 */  lui     $at, 0x40A0                ## $at = 40A00000
/* 006D0 80939A80 44819000 */  mtc1    $at, $f18                  ## $f18 = 5.00
/* 006D4 80939A84 00000000 */  nop
/* 006D8 80939A88 46128180 */  add.s   $f6, $f16, $f18            
/* 006DC 80939A8C 0C021BF7 */  jal     func_80086FDC              
/* 006E0 80939A90 E7A600A4 */  swc1    $f6, 0x00A4($sp)           
/* 006E4 80939A94 46140101 */  sub.s   $f4, $f0, $f20             
/* 006E8 80939A98 C7AA00B4 */  lwc1    $f10, 0x00B4($sp)          
/* 006EC 80939A9C C7A600AC */  lwc1    $f6, 0x00AC($sp)           
/* 006F0 80939AA0 2A21000E */  slti    $at, $s1, 0x000E           
/* 006F4 80939AA4 46182202 */  mul.s   $f8, $f4, $f24             
/* 006F8 80939AA8 24020021 */  addiu   $v0, $zero, 0x0021         ## $v0 = 00000021
/* 006FC 80939AAC 461A5402 */  mul.s   $f16, $f10, $f26           
/* 00700 80939AB0 46104480 */  add.s   $f18, $f8, $f16            
/* 00704 80939AB4 C7B000B0 */  lwc1    $f16, 0x00B0($sp)          
/* 00708 80939AB8 E7B200A8 */  swc1    $f18, 0x00A8($sp)          
/* 0070C 80939ABC C6440000 */  lwc1    $f4, 0x0000($s2)           ## 00000000
/* 00710 80939AC0 46043200 */  add.s   $f8, $f6, $f4              
/* 00714 80939AC4 E7A800AC */  swc1    $f8, 0x00AC($sp)           
/* 00718 80939AC8 C6520004 */  lwc1    $f18, 0x0004($s2)          ## 00000004
/* 0071C 80939ACC 46128180 */  add.s   $f6, $f16, $f18            
/* 00720 80939AD0 E7A600B0 */  swc1    $f6, 0x00B0($sp)           
/* 00724 80939AD4 C6440008 */  lwc1    $f4, 0x0008($s2)           ## 00000008
/* 00728 80939AD8 46045200 */  add.s   $f8, $f10, $f4             
/* 0072C 80939ADC 14200003 */  bne     $at, $zero, .L80939AEC     
/* 00730 80939AE0 E7A800B4 */  swc1    $f8, 0x00B4($sp)           
/* 00734 80939AE4 10000011 */  beq     $zero, $zero, .L80939B2C   
/* 00738 80939AE8 2410003C */  addiu   $s0, $zero, 0x003C         ## $s0 = 0000003C
.L80939AEC:
/* 0073C 80939AEC 2A21000C */  slti    $at, $s1, 0x000C           
/* 00740 80939AF0 14200003 */  bne     $at, $zero, .L80939B00     
/* 00744 80939AF4 24020041 */  addiu   $v0, $zero, 0x0041         ## $v0 = 00000041
/* 00748 80939AF8 1000000C */  beq     $zero, $zero, .L80939B2C   
/* 0074C 80939AFC 2410003C */  addiu   $s0, $zero, 0x003C         ## $s0 = 0000003C
.L80939B00:
/* 00750 80939B00 0C021BF7 */  jal     func_80086FDC              
/* 00754 80939B04 24100028 */  addiu   $s0, $zero, 0x0028         ## $s0 = 00000028
/* 00758 80939B08 3C018094 */  lui     $at, %hi(D_8093AA04)       ## $at = 80940000
/* 0075C 80939B0C C430AA04 */  lwc1    $f16, %lo(D_8093AA04)($at) 
/* 00760 80939B10 24020020 */  addiu   $v0, $zero, 0x0020         ## $v0 = 00000020
/* 00764 80939B14 4610003C */  c.lt.s  $f0, $f16                  
/* 00768 80939B18 00000000 */  nop
/* 0076C 80939B1C 45000003 */  bc1f    .L80939B2C                 
/* 00770 80939B20 00000000 */  nop
/* 00774 80939B24 10000001 */  beq     $zero, $zero, .L80939B2C   
/* 00778 80939B28 24020040 */  addiu   $v0, $zero, 0x0040         ## $v0 = 00000040
.L80939B2C:
/* 0077C 80939B2C 240EFE3E */  addiu   $t6, $zero, 0xFE3E         ## $t6 = FFFFFE3E
/* 00780 80939B30 240F000F */  addiu   $t7, $zero, 0x000F         ## $t7 = 0000000F
/* 00784 80939B34 24180001 */  addiu   $t8, $zero, 0x0001         ## $t8 = 00000001
/* 00788 80939B38 2419FFFF */  addiu   $t9, $zero, 0xFFFF         ## $t9 = FFFFFFFF
/* 0078C 80939B3C 2408012A */  addiu   $t0, $zero, 0x012A         ## $t0 = 0000012A
/* 00790 80939B40 AFA80038 */  sw      $t0, 0x0038($sp)           
/* 00794 80939B44 AFB90034 */  sw      $t9, 0x0034($sp)           
/* 00798 80939B48 AFB80028 */  sw      $t8, 0x0028($sp)           
/* 0079C 80939B4C AFAF0018 */  sw      $t7, 0x0018($sp)           
/* 007A0 80939B50 AFAE0010 */  sw      $t6, 0x0010($sp)           
/* 007A4 80939B54 02802025 */  or      $a0, $s4, $zero            ## $a0 = 00000000
/* 007A8 80939B58 02602825 */  or      $a1, $s3, $zero            ## $a1 = FFFFFFF4
/* 007AC 80939B5C 02A03025 */  or      $a2, $s5, $zero            ## $a2 = FFFFFFE8
/* 007B0 80939B60 02603825 */  or      $a3, $s3, $zero            ## $a3 = FFFFFFF4
/* 007B4 80939B64 AFA20014 */  sw      $v0, 0x0014($sp)           
/* 007B8 80939B68 AFA0001C */  sw      $zero, 0x001C($sp)         
/* 007BC 80939B6C AFA00020 */  sw      $zero, 0x0020($sp)         
/* 007C0 80939B70 AFB10024 */  sw      $s1, 0x0024($sp)           
/* 007C4 80939B74 AFA0002C */  sw      $zero, 0x002C($sp)         
/* 007C8 80939B78 AFB00030 */  sw      $s0, 0x0030($sp)           
/* 007CC 80939B7C 0C02CA04 */  jal     func_800B2810              
/* 007D0 80939B80 AFB6003C */  sw      $s6, 0x003C($sp)           
/* 007D4 80939B84 26310001 */  addiu   $s1, $s1, 0x0001           ## $s1 = 00000001
/* 007D8 80939B88 1637FFA6 */  bne     $s1, $s7, .L80939A24       
/* 007DC 80939B8C 00000000 */  nop
/* 007E0 80939B90 4406E000 */  mfc1    $a2, $f28                  
/* 007E4 80939B94 24090050 */  addiu   $t1, $zero, 0x0050         ## $t1 = 00000050
/* 007E8 80939B98 240A008C */  addiu   $t2, $zero, 0x008C         ## $t2 = 0000008C
/* 007EC 80939B9C 240B0001 */  addiu   $t3, $zero, 0x0001         ## $t3 = 00000001
/* 007F0 80939BA0 AFAB0018 */  sw      $t3, 0x0018($sp)           
/* 007F4 80939BA4 AFAA0014 */  sw      $t2, 0x0014($sp)           
/* 007F8 80939BA8 AFA90010 */  sw      $t1, 0x0010($sp)           
/* 007FC 80939BAC 02802025 */  or      $a0, $s4, $zero            ## $a0 = 00000000
/* 00800 80939BB0 02402825 */  or      $a1, $s2, $zero            ## $a1 = 00000000
/* 00804 80939BB4 0C02EFEC */  jal     func_800BBFB0              
/* 00808 80939BB8 24070003 */  addiu   $a3, $zero, 0x0003         ## $a3 = 00000003
/* 0080C 80939BBC C6520000 */  lwc1    $f18, 0x0000($s2)          ## 00000000
/* 00810 80939BC0 3C01428C */  lui     $at, 0x428C                ## $at = 428C0000
/* 00814 80939BC4 44815000 */  mtc1    $at, $f10                  ## $f10 = 70.00
/* 00818 80939BC8 E7B200AC */  swc1    $f18, 0x00AC($sp)          
/* 0081C 80939BCC C6460004 */  lwc1    $f6, 0x0004($s2)           ## 00000004
/* 00820 80939BD0 4406E000 */  mfc1    $a2, $f28                  
/* 00824 80939BD4 240C0050 */  addiu   $t4, $zero, 0x0050         ## $t4 = 00000050
/* 00828 80939BD8 460A3100 */  add.s   $f4, $f6, $f10             
/* 0082C 80939BDC 240D008C */  addiu   $t5, $zero, 0x008C         ## $t5 = 0000008C
/* 00830 80939BE0 240E0001 */  addiu   $t6, $zero, 0x0001         ## $t6 = 00000001
/* 00834 80939BE4 02802025 */  or      $a0, $s4, $zero            ## $a0 = 00000000
/* 00838 80939BE8 E7A400B0 */  swc1    $f4, 0x00B0($sp)           
/* 0083C 80939BEC C6480008 */  lwc1    $f8, 0x0008($s2)           ## 00000008
/* 00840 80939BF0 AFAE0018 */  sw      $t6, 0x0018($sp)           
/* 00844 80939BF4 AFAD0014 */  sw      $t5, 0x0014($sp)           
/* 00848 80939BF8 AFAC0010 */  sw      $t4, 0x0010($sp)           
/* 0084C 80939BFC 02602825 */  or      $a1, $s3, $zero            ## $a1 = FFFFFFF4
/* 00850 80939C00 24070003 */  addiu   $a3, $zero, 0x0003         ## $a3 = 00000003
/* 00854 80939C04 0C02EFEC */  jal     func_800BBFB0              
/* 00858 80939C08 E7A800B4 */  swc1    $f8, 0x00B4($sp)           
/* 0085C 80939C0C 8FBF0094 */  lw      $ra, 0x0094($sp)           
/* 00860 80939C10 D7B40040 */  ldc1    $f20, 0x0040($sp)          
/* 00864 80939C14 D7B60048 */  ldc1    $f22, 0x0048($sp)          
/* 00868 80939C18 D7B80050 */  ldc1    $f24, 0x0050($sp)          
/* 0086C 80939C1C D7BA0058 */  ldc1    $f26, 0x0058($sp)          
/* 00870 80939C20 D7BC0060 */  ldc1    $f28, 0x0060($sp)          
/* 00874 80939C24 D7BE0068 */  ldc1    $f30, 0x0068($sp)          
/* 00878 80939C28 8FB00074 */  lw      $s0, 0x0074($sp)           
/* 0087C 80939C2C 8FB10078 */  lw      $s1, 0x0078($sp)           
/* 00880 80939C30 8FB2007C */  lw      $s2, 0x007C($sp)           
/* 00884 80939C34 8FB30080 */  lw      $s3, 0x0080($sp)           
/* 00888 80939C38 8FB40084 */  lw      $s4, 0x0084($sp)           
/* 0088C 80939C3C 8FB50088 */  lw      $s5, 0x0088($sp)           
/* 00890 80939C40 8FB6008C */  lw      $s6, 0x008C($sp)           
/* 00894 80939C44 8FB70090 */  lw      $s7, 0x0090($sp)           
/* 00898 80939C48 03E00008 */  jr      $ra                        
/* 0089C 80939C4C 27BD00B8 */  addiu   $sp, $sp, 0x00B8           ## $sp = 00000000


glabel func_80939C50
/* 008A0 80939C50 27BDFF38 */  addiu   $sp, $sp, 0xFF38           ## $sp = FFFFFF38
/* 008A4 80939C54 AFB20080 */  sw      $s2, 0x0080($sp)           
/* 008A8 80939C58 00A09025 */  or      $s2, $a1, $zero            ## $s2 = 00000000
/* 008AC 80939C5C AFBF009C */  sw      $ra, 0x009C($sp)           
/* 008B0 80939C60 AFBE0098 */  sw      $s8, 0x0098($sp)           
/* 008B4 80939C64 AFB70094 */  sw      $s7, 0x0094($sp)           
/* 008B8 80939C68 AFB60090 */  sw      $s6, 0x0090($sp)           
/* 008BC 80939C6C AFB5008C */  sw      $s5, 0x008C($sp)           
/* 008C0 80939C70 AFB40088 */  sw      $s4, 0x0088($sp)           
/* 008C4 80939C74 AFB30084 */  sw      $s3, 0x0084($sp)           
/* 008C8 80939C78 AFB1007C */  sw      $s1, 0x007C($sp)           
/* 008CC 80939C7C AFB00078 */  sw      $s0, 0x0078($sp)           
/* 008D0 80939C80 F7BE0070 */  sdc1    $f30, 0x0070($sp)          
/* 008D4 80939C84 F7BC0068 */  sdc1    $f28, 0x0068($sp)          
/* 008D8 80939C88 F7BA0060 */  sdc1    $f26, 0x0060($sp)          
/* 008DC 80939C8C F7B80058 */  sdc1    $f24, 0x0058($sp)          
/* 008E0 80939C90 F7B60050 */  sdc1    $f22, 0x0050($sp)          
/* 008E4 80939C94 F7B40048 */  sdc1    $f20, 0x0048($sp)          
/* 008E8 80939C98 AFA400C8 */  sw      $a0, 0x00C8($sp)           
/* 008EC 80939C9C 3C014120 */  lui     $at, 0x4120                ## $at = 41200000
/* 008F0 80939CA0 4481F000 */  mtc1    $at, $f30                  ## $f30 = 10.00
/* 008F4 80939CA4 3C018094 */  lui     $at, %hi(D_8093AA08)       ## $at = 80940000
/* 008F8 80939CA8 C43CAA08 */  lwc1    $f28, %lo(D_8093AA08)($at) 
/* 008FC 80939CAC 3C018094 */  lui     $at, %hi(D_8093AA0C)       ## $at = 80940000
/* 00900 80939CB0 C43AAA0C */  lwc1    $f26, %lo(D_8093AA0C)($at) 
/* 00904 80939CB4 3C014040 */  lui     $at, 0x4040                ## $at = 40400000
/* 00908 80939CB8 4481C000 */  mtc1    $at, $f24                  ## $f24 = 3.00
/* 0090C 80939CBC 3C014170 */  lui     $at, 0x4170                ## $at = 41700000
/* 00910 80939CC0 4481B000 */  mtc1    $at, $f22                  ## $f22 = 15.00
/* 00914 80939CC4 3C013F00 */  lui     $at, 0x3F00                ## $at = 3F000000
/* 00918 80939CC8 3C118094 */  lui     $s1, %hi(D_8093A9E0)       ## $s1 = 80940000
/* 0091C 80939CCC 3C1E8094 */  lui     $s8, %hi(D_8093A9E2)       ## $s8 = 80940000
/* 00920 80939CD0 3C178094 */  lui     $s7, %hi(D_8093A9F0)       ## $s7 = 80940000
/* 00924 80939CD4 3C160600 */  lui     $s6, 0x0600                ## $s6 = 06000000
/* 00928 80939CD8 3C148094 */  lui     $s4, %hi(D_8093A9E0)       ## $s4 = 80940000
/* 0092C 80939CDC 4481A000 */  mtc1    $at, $f20                  ## $f20 = 0.50
/* 00930 80939CE0 2694A9E0 */  addiu   $s4, $s4, %lo(D_8093A9E0)  ## $s4 = 8093A9E0
/* 00934 80939CE4 26D65990 */  addiu   $s6, $s6, 0x5990           ## $s6 = 06005990
/* 00938 80939CE8 26F7A9F0 */  addiu   $s7, $s7, %lo(D_8093A9F0)  ## $s7 = 8093A9F0
/* 0093C 80939CEC 27DEA9E2 */  addiu   $s8, $s8, %lo(D_8093A9E2)  ## $s8 = 8093A9E2
/* 00940 80939CF0 2631A9E0 */  addiu   $s1, $s1, %lo(D_8093A9E0)  ## $s1 = 8093A9E0
/* 00944 80939CF4 27B500B0 */  addiu   $s5, $sp, 0x00B0           ## $s5 = FFFFFFE8
/* 00948 80939CF8 27B300BC */  addiu   $s3, $sp, 0x00BC           ## $s3 = FFFFFFF4
.L80939CFC:
/* 0094C 80939CFC 0C021BF7 */  jal     func_80086FDC              
/* 00950 80939D00 00000000 */  nop
/* 00954 80939D04 46140101 */  sub.s   $f4, $f0, $f20             
/* 00958 80939D08 46162182 */  mul.s   $f6, $f4, $f22             
/* 0095C 80939D0C 0C021BF7 */  jal     func_80086FDC              
/* 00960 80939D10 E7A600BC */  swc1    $f6, 0x00BC($sp)           
/* 00964 80939D14 461C0201 */  sub.s   $f8, $f0, $f28             
/* 00968 80939D18 461E4282 */  mul.s   $f10, $f8, $f30            
/* 0096C 80939D1C 0C021BF7 */  jal     func_80086FDC              
/* 00970 80939D20 E7AA00C0 */  swc1    $f10, 0x00C0($sp)          
/* 00974 80939D24 46140401 */  sub.s   $f16, $f0, $f20            
/* 00978 80939D28 46168482 */  mul.s   $f18, $f16, $f22           
/* 0097C 80939D2C 0C021BF7 */  jal     func_80086FDC              
/* 00980 80939D30 E7B200C4 */  swc1    $f18, 0x00C4($sp)          
/* 00984 80939D34 46140101 */  sub.s   $f4, $f0, $f20             
/* 00988 80939D38 C7A800BC */  lwc1    $f8, 0x00BC($sp)           
/* 0098C 80939D3C 46182182 */  mul.s   $f6, $f4, $f24             
/* 00990 80939D40 00000000 */  nop
/* 00994 80939D44 461A4282 */  mul.s   $f10, $f8, $f26            
/* 00998 80939D48 460A3400 */  add.s   $f16, $f6, $f10            
/* 0099C 80939D4C 0C021BF7 */  jal     func_80086FDC              
/* 009A0 80939D50 E7B000B0 */  swc1    $f16, 0x00B0($sp)          
/* 009A4 80939D54 46160482 */  mul.s   $f18, $f0, $f22            
/* 009A8 80939D58 3C014100 */  lui     $at, 0x4100                ## $at = 41000000
/* 009AC 80939D5C 44812000 */  mtc1    $at, $f4                   ## $f4 = 8.00
/* 009B0 80939D60 00000000 */  nop
/* 009B4 80939D64 46049200 */  add.s   $f8, $f18, $f4             
/* 009B8 80939D68 0C021BF7 */  jal     func_80086FDC              
/* 009BC 80939D6C E7A800B4 */  swc1    $f8, 0x00B4($sp)           
/* 009C0 80939D70 46140181 */  sub.s   $f6, $f0, $f20             
/* 009C4 80939D74 C7B000C4 */  lwc1    $f16, 0x00C4($sp)          
/* 009C8 80939D78 C7A800BC */  lwc1    $f8, 0x00BC($sp)           
/* 009CC 80939D7C 24020021 */  addiu   $v0, $zero, 0x0021         ## $v0 = 00000021
/* 009D0 80939D80 46183282 */  mul.s   $f10, $f6, $f24            
/* 009D4 80939D84 00000000 */  nop
/* 009D8 80939D88 461A8482 */  mul.s   $f18, $f16, $f26           
/* 009DC 80939D8C 46125100 */  add.s   $f4, $f10, $f18            
/* 009E0 80939D90 C7B200C0 */  lwc1    $f18, 0x00C0($sp)          
/* 009E4 80939D94 E7A400B8 */  swc1    $f4, 0x00B8($sp)           
/* 009E8 80939D98 C6460000 */  lwc1    $f6, 0x0000($s2)           ## 00000000
/* 009EC 80939D9C 46064280 */  add.s   $f10, $f8, $f6             
/* 009F0 80939DA0 E7AA00BC */  swc1    $f10, 0x00BC($sp)          
/* 009F4 80939DA4 C6440004 */  lwc1    $f4, 0x0004($s2)           ## 00000004
/* 009F8 80939DA8 46049200 */  add.s   $f8, $f18, $f4             
/* 009FC 80939DAC E7A800C0 */  swc1    $f8, 0x00C0($sp)           
/* 00A00 80939DB0 C6460008 */  lwc1    $f6, 0x0008($s2)           ## 00000008
/* 00A04 80939DB4 46068280 */  add.s   $f10, $f16, $f6            
/* 00A08 80939DB8 16340003 */  bne     $s1, $s4, .L80939DC8       
/* 00A0C 80939DBC E7AA00C4 */  swc1    $f10, 0x00C4($sp)          
/* 00A10 80939DC0 10000010 */  beq     $zero, $zero, .L80939E04   
/* 00A14 80939DC4 2410003C */  addiu   $s0, $zero, 0x003C         ## $s0 = 0000003C
.L80939DC8:
/* 00A18 80939DC8 163E0003 */  bne     $s1, $s8, .L80939DD8       
/* 00A1C 80939DCC 24020041 */  addiu   $v0, $zero, 0x0041         ## $v0 = 00000041
/* 00A20 80939DD0 1000000C */  beq     $zero, $zero, .L80939E04   
/* 00A24 80939DD4 2410003C */  addiu   $s0, $zero, 0x003C         ## $s0 = 0000003C
.L80939DD8:
/* 00A28 80939DD8 0C021BF7 */  jal     func_80086FDC              
/* 00A2C 80939DDC 24100028 */  addiu   $s0, $zero, 0x0028         ## $s0 = 00000028
/* 00A30 80939DE0 3C018094 */  lui     $at, %hi(D_8093AA10)       ## $at = 80940000
/* 00A34 80939DE4 C432AA10 */  lwc1    $f18, %lo(D_8093AA10)($at) 
/* 00A38 80939DE8 24020020 */  addiu   $v0, $zero, 0x0020         ## $v0 = 00000020
/* 00A3C 80939DEC 4612003C */  c.lt.s  $f0, $f18                  
/* 00A40 80939DF0 00000000 */  nop
/* 00A44 80939DF4 45000003 */  bc1f    .L80939E04                 
/* 00A48 80939DF8 00000000 */  nop
/* 00A4C 80939DFC 10000001 */  beq     $zero, $zero, .L80939E04   
/* 00A50 80939E00 24020040 */  addiu   $v0, $zero, 0x0040         ## $v0 = 00000040
.L80939E04:
/* 00A54 80939E04 86380000 */  lh      $t8, 0x0000($s1)           ## 8093A9E0
/* 00A58 80939E08 240EFE3E */  addiu   $t6, $zero, 0xFE3E         ## $t6 = FFFFFE3E
/* 00A5C 80939E0C 240F000F */  addiu   $t7, $zero, 0x000F         ## $t7 = 0000000F
/* 00A60 80939E10 24190001 */  addiu   $t9, $zero, 0x0001         ## $t9 = 00000001
/* 00A64 80939E14 2408FFFF */  addiu   $t0, $zero, 0xFFFF         ## $t0 = FFFFFFFF
/* 00A68 80939E18 2409012A */  addiu   $t1, $zero, 0x012A         ## $t1 = 0000012A
/* 00A6C 80939E1C AFA90038 */  sw      $t1, 0x0038($sp)           
/* 00A70 80939E20 AFA80034 */  sw      $t0, 0x0034($sp)           
/* 00A74 80939E24 AFB90028 */  sw      $t9, 0x0028($sp)           
/* 00A78 80939E28 AFAF0018 */  sw      $t7, 0x0018($sp)           
/* 00A7C 80939E2C AFAE0010 */  sw      $t6, 0x0010($sp)           
/* 00A80 80939E30 8FA400C8 */  lw      $a0, 0x00C8($sp)           
/* 00A84 80939E34 02602825 */  or      $a1, $s3, $zero            ## $a1 = FFFFFFF4
/* 00A88 80939E38 02A03025 */  or      $a2, $s5, $zero            ## $a2 = FFFFFFE8
/* 00A8C 80939E3C 02603825 */  or      $a3, $s3, $zero            ## $a3 = FFFFFFF4
/* 00A90 80939E40 AFA20014 */  sw      $v0, 0x0014($sp)           
/* 00A94 80939E44 AFA0001C */  sw      $zero, 0x001C($sp)         
/* 00A98 80939E48 AFA00020 */  sw      $zero, 0x0020($sp)         
/* 00A9C 80939E4C AFA0002C */  sw      $zero, 0x002C($sp)         
/* 00AA0 80939E50 AFB00030 */  sw      $s0, 0x0030($sp)           
/* 00AA4 80939E54 AFB6003C */  sw      $s6, 0x003C($sp)           
/* 00AA8 80939E58 0C02CA04 */  jal     func_800B2810              
/* 00AAC 80939E5C AFB80024 */  sw      $t8, 0x0024($sp)           
/* 00AB0 80939E60 26310002 */  addiu   $s1, $s1, 0x0002           ## $s1 = 8093A9E2
/* 00AB4 80939E64 1637FFA5 */  bne     $s1, $s7, .L80939CFC       
/* 00AB8 80939E68 00000000 */  nop
/* 00ABC 80939E6C 240A0050 */  addiu   $t2, $zero, 0x0050         ## $t2 = 00000050
/* 00AC0 80939E70 240B008C */  addiu   $t3, $zero, 0x008C         ## $t3 = 0000008C
/* 00AC4 80939E74 240C0001 */  addiu   $t4, $zero, 0x0001         ## $t4 = 00000001
/* 00AC8 80939E78 AFAC0018 */  sw      $t4, 0x0018($sp)           
/* 00ACC 80939E7C AFAB0014 */  sw      $t3, 0x0014($sp)           
/* 00AD0 80939E80 AFAA0010 */  sw      $t2, 0x0010($sp)           
/* 00AD4 80939E84 8FA400C8 */  lw      $a0, 0x00C8($sp)           
/* 00AD8 80939E88 02402825 */  or      $a1, $s2, $zero            ## $a1 = 00000000
/* 00ADC 80939E8C 3C064270 */  lui     $a2, 0x4270                ## $a2 = 42700000
/* 00AE0 80939E90 0C02EFEC */  jal     func_800BBFB0              
/* 00AE4 80939E94 24070004 */  addiu   $a3, $zero, 0x0004         ## $a3 = 00000004
/* 00AE8 80939E98 8FBF009C */  lw      $ra, 0x009C($sp)           
/* 00AEC 80939E9C D7B40048 */  ldc1    $f20, 0x0048($sp)          
/* 00AF0 80939EA0 D7B60050 */  ldc1    $f22, 0x0050($sp)          
/* 00AF4 80939EA4 D7B80058 */  ldc1    $f24, 0x0058($sp)          
/* 00AF8 80939EA8 D7BA0060 */  ldc1    $f26, 0x0060($sp)          
/* 00AFC 80939EAC D7BC0068 */  ldc1    $f28, 0x0068($sp)          
/* 00B00 80939EB0 D7BE0070 */  ldc1    $f30, 0x0070($sp)          
/* 00B04 80939EB4 8FB00078 */  lw      $s0, 0x0078($sp)           
/* 00B08 80939EB8 8FB1007C */  lw      $s1, 0x007C($sp)           
/* 00B0C 80939EBC 8FB20080 */  lw      $s2, 0x0080($sp)           
/* 00B10 80939EC0 8FB30084 */  lw      $s3, 0x0084($sp)           
/* 00B14 80939EC4 8FB40088 */  lw      $s4, 0x0088($sp)           
/* 00B18 80939EC8 8FB5008C */  lw      $s5, 0x008C($sp)           
/* 00B1C 80939ECC 8FB60090 */  lw      $s6, 0x0090($sp)           
/* 00B20 80939ED0 8FB70094 */  lw      $s7, 0x0094($sp)           
/* 00B24 80939ED4 8FBE0098 */  lw      $s8, 0x0098($sp)           
/* 00B28 80939ED8 03E00008 */  jr      $ra                        
/* 00B2C 80939EDC 27BD00C8 */  addiu   $sp, $sp, 0x00C8           ## $sp = 00000000


glabel func_80939EE0
/* 00B30 80939EE0 3C0E8094 */  lui     $t6, %hi(func_80939EF4)    ## $t6 = 80940000
/* 00B34 80939EE4 25CE9EF4 */  addiu   $t6, $t6, %lo(func_80939EF4) ## $t6 = 80939EF4
/* 00B38 80939EE8 AC8E0204 */  sw      $t6, 0x0204($a0)           ## 00000204
/* 00B3C 80939EEC 03E00008 */  jr      $ra                        
/* 00B40 80939EF0 00000000 */  nop


glabel func_80939EF4
/* 00B44 80939EF4 27BDFFC8 */  addiu   $sp, $sp, 0xFFC8           ## $sp = FFFFFFC8
/* 00B48 80939EF8 AFB00018 */  sw      $s0, 0x0018($sp)           
/* 00B4C 80939EFC 00808025 */  or      $s0, $a0, $zero            ## $s0 = 00000000
/* 00B50 80939F00 AFBF001C */  sw      $ra, 0x001C($sp)           
/* 00B54 80939F04 AFA5003C */  sw      $a1, 0x003C($sp)           
/* 00B58 80939F08 8602001C */  lh      $v0, 0x001C($s0)           ## 0000001C
/* 00B5C 80939F0C 920E0155 */  lbu     $t6, 0x0155($s0)           ## 00000155
/* 00B60 80939F10 3C088094 */  lui     $t0, %hi(D_8093A998)       ## $t0 = 80940000
/* 00B64 80939F14 00021203 */  sra     $v0, $v0,  8               
/* 00B68 80939F18 31CF0002 */  andi    $t7, $t6, 0x0002           ## $t7 = 00000000
/* 00B6C 80939F1C 11E00003 */  beq     $t7, $zero, .L80939F2C     
/* 00B70 80939F20 30420001 */  andi    $v0, $v0, 0x0001           ## $v0 = 00000000
/* 00B74 80939F24 24180005 */  addiu   $t8, $zero, 0x0005         ## $t8 = 00000005
/* 00B78 80939F28 A2180202 */  sb      $t8, 0x0202($s0)           ## 00000202
.L80939F2C:
/* 00B7C 80939F2C 0002C900 */  sll     $t9, $v0,  4               
/* 00B80 80939F30 2508A998 */  addiu   $t0, $t0, %lo(D_8093A998)  ## $t0 = 8093A998
/* 00B84 80939F34 03281821 */  addu    $v1, $t9, $t0              
/* 00B88 80939F38 AFA30028 */  sw      $v1, 0x0028($sp)           
/* 00B8C 80939F3C 8C79000C */  lw      $t9, 0x000C($v1)           ## 0000000C
/* 00B90 80939F40 02002025 */  or      $a0, $s0, $zero            ## $a0 = 00000000
/* 00B94 80939F44 0320F809 */  jalr    $ra, $t9                   
/* 00B98 80939F48 00000000 */  nop
/* 00B9C 80939F4C 10400027 */  beq     $v0, $zero, .L80939FEC     
/* 00BA0 80939F50 3C0144AF */  lui     $at, 0x44AF                ## $at = 44AF0000
/* 00BA4 80939F54 8605001C */  lh      $a1, 0x001C($s0)           ## 0000001C
/* 00BA8 80939F58 8FA4003C */  lw      $a0, 0x003C($sp)           
/* 00BAC 80939F5C 0C02D6FD */  jal     func_800B5BF4              
/* 00BB0 80939F60 30A5007F */  andi    $a1, $a1, 0x007F           ## $a1 = 00000000
/* 00BB4 80939F64 26050024 */  addiu   $a1, $s0, 0x0024           ## $a1 = 00000024
/* 00BB8 80939F68 AFA50024 */  sw      $a1, 0x0024($sp)           
/* 00BBC 80939F6C 8FA4003C */  lw      $a0, 0x003C($sp)           
/* 00BC0 80939F70 24060050 */  addiu   $a2, $zero, 0x0050         ## $a2 = 00000050
/* 00BC4 80939F74 0C03C15A */  jal     func_800F0568              
/* 00BC8 80939F78 24072810 */  addiu   $a3, $zero, 0x2810         ## $a3 = 00002810
/* 00BCC 80939F7C 8609001C */  lh      $t1, 0x001C($s0)           ## 0000001C
/* 00BD0 80939F80 000953C3 */  sra     $t2, $t1, 15               
/* 00BD4 80939F84 314B0001 */  andi    $t3, $t2, 0x0001           ## $t3 = 00000000
/* 00BD8 80939F88 51600004 */  beql    $t3, $zero, .L80939F9C     
/* 00BDC 80939F8C 8FAC0028 */  lw      $t4, 0x0028($sp)           
/* 00BE0 80939F90 0C067C32 */  jal     func_8019F0C8              
/* 00BE4 80939F94 24044802 */  addiu   $a0, $zero, 0x4802         ## $a0 = 00004802
/* 00BE8 80939F98 8FAC0028 */  lw      $t4, 0x0028($sp)           
.L80939F9C:
/* 00BEC 80939F9C 3C0D8094 */  lui     $t5, %hi(D_8093A998)       ## $t5 = 80940000
/* 00BF0 80939FA0 25ADA998 */  addiu   $t5, $t5, %lo(D_8093A998)  ## $t5 = 8093A998
/* 00BF4 80939FA4 158D0008 */  bne     $t4, $t5, .L80939FC8       
/* 00BF8 80939FA8 8FA4003C */  lw      $a0, 0x003C($sp)           
/* 00BFC 80939FAC 02002025 */  or      $a0, $s0, $zero            ## $a0 = 00000000
/* 00C00 80939FB0 0C24E5E5 */  jal     func_80939794              
/* 00C04 80939FB4 8FA5003C */  lw      $a1, 0x003C($sp)           
/* 00C08 80939FB8 0C02D9C3 */  jal     func_800B670C              
/* 00C0C 80939FBC 02002025 */  or      $a0, $s0, $zero            ## $a0 = 00000000
/* 00C10 80939FC0 1000002B */  beq     $zero, $zero, .L8093A070   
/* 00C14 80939FC4 8FBF001C */  lw      $ra, 0x001C($sp)           
.L80939FC8:
/* 00C18 80939FC8 0C24E665 */  jal     func_80939994              
/* 00C1C 80939FCC 8FA50024 */  lw      $a1, 0x0024($sp)           
/* 00C20 80939FD0 8E0E0004 */  lw      $t6, 0x0004($s0)           ## 00000004
/* 00C24 80939FD4 02002025 */  or      $a0, $s0, $zero            ## $a0 = 00000000
/* 00C28 80939FD8 35CF0010 */  ori     $t7, $t6, 0x0010           ## $t7 = 00000010
/* 00C2C 80939FDC 0C24E820 */  jal     func_8093A080              
/* 00C30 80939FE0 AE0F0004 */  sw      $t7, 0x0004($s0)           ## 00000004
/* 00C34 80939FE4 10000022 */  beq     $zero, $zero, .L8093A070   
/* 00C38 80939FE8 8FBF001C */  lw      $ra, 0x001C($sp)           
.L80939FEC:
/* 00C3C 80939FEC C6040098 */  lwc1    $f4, 0x0098($s0)           ## 00000098
/* 00C40 80939FF0 44813000 */  mtc1    $at, $f6                   ## $f6 = 0.00
/* 00C44 80939FF4 92180155 */  lbu     $t8, 0x0155($s0)           ## 00000155
/* 00C48 80939FF8 3C010001 */  lui     $at, 0x0001                ## $at = 00010000
/* 00C4C 80939FFC 4606203C */  c.lt.s  $f4, $f6                   
/* 00C50 8093A000 3308FFFD */  andi    $t0, $t8, 0xFFFD           ## $t0 = 00000000
/* 00C54 8093A004 A2080155 */  sb      $t0, 0x0155($s0)           ## 00000155
/* 00C58 8093A008 34218884 */  ori     $at, $at, 0x8884           ## $at = 00018884
/* 00C5C 8093A00C 45020018 */  bc1fl   .L8093A070                 
/* 00C60 8093A010 8FBF001C */  lw      $ra, 0x001C($sp)           
/* 00C64 8093A014 82020202 */  lb      $v0, 0x0202($s0)           ## 00000202
/* 00C68 8093A018 1840000A */  blez    $v0, .L8093A044            
/* 00C6C 8093A01C 2459FFFF */  addiu   $t9, $v0, 0xFFFF           ## $t9 = FFFFFFFF
/* 00C70 8093A020 A2190202 */  sb      $t9, 0x0202($s0)           ## 00000202
/* 00C74 8093A024 82090202 */  lb      $t1, 0x0202($s0)           ## 00000202
/* 00C78 8093A028 240A000C */  addiu   $t2, $zero, 0x000C         ## $t2 = 0000000C
/* 00C7C 8093A02C 240B000A */  addiu   $t3, $zero, 0x000A         ## $t3 = 0000000A
/* 00C80 8093A030 55200004 */  bnel    $t1, $zero, .L8093A044     
/* 00C84 8093A034 A20B0158 */  sb      $t3, 0x0158($s0)           ## 00000158
/* 00C88 8093A038 10000002 */  beq     $zero, $zero, .L8093A044   
/* 00C8C 8093A03C A20A0158 */  sb      $t2, 0x0158($s0)           ## 00000158
/* 00C90 8093A040 A20B0158 */  sb      $t3, 0x0158($s0)           ## 00000158
.L8093A044:
/* 00C94 8093A044 8FA4003C */  lw      $a0, 0x003C($sp)           
/* 00C98 8093A048 26060144 */  addiu   $a2, $s0, 0x0144           ## $a2 = 00000144
/* 00C9C 8093A04C AFA60024 */  sw      $a2, 0x0024($sp)           
/* 00CA0 8093A050 00812821 */  addu    $a1, $a0, $at              
/* 00CA4 8093A054 0C0389D0 */  jal     func_800E2740              
/* 00CA8 8093A058 AFA50028 */  sw      $a1, 0x0028($sp)           
/* 00CAC 8093A05C 8FA50028 */  lw      $a1, 0x0028($sp)           
/* 00CB0 8093A060 8FA60024 */  lw      $a2, 0x0024($sp)           
/* 00CB4 8093A064 0C038A4A */  jal     func_800E2928              
/* 00CB8 8093A068 8FA4003C */  lw      $a0, 0x003C($sp)           
/* 00CBC 8093A06C 8FBF001C */  lw      $ra, 0x001C($sp)           
.L8093A070:
/* 00CC0 8093A070 8FB00018 */  lw      $s0, 0x0018($sp)           
/* 00CC4 8093A074 27BD0038 */  addiu   $sp, $sp, 0x0038           ## $sp = 00000000
/* 00CC8 8093A078 03E00008 */  jr      $ra                        
/* 00CCC 8093A07C 00000000 */  nop


glabel func_8093A080
/* 00CD0 8093A080 27BDFFA0 */  addiu   $sp, $sp, 0xFFA0           ## $sp = FFFFFFA0
/* 00CD4 8093A084 AFB50054 */  sw      $s5, 0x0054($sp)           
/* 00CD8 8093A088 0080A825 */  or      $s5, $a0, $zero            ## $s5 = 00000000
/* 00CDC 8093A08C AFBF005C */  sw      $ra, 0x005C($sp)           
/* 00CE0 8093A090 AFB60058 */  sw      $s6, 0x0058($sp)           
/* 00CE4 8093A094 AFB40050 */  sw      $s4, 0x0050($sp)           
/* 00CE8 8093A098 AFB3004C */  sw      $s3, 0x004C($sp)           
/* 00CEC 8093A09C AFB20048 */  sw      $s2, 0x0048($sp)           
/* 00CF0 8093A0A0 AFB10044 */  sw      $s1, 0x0044($sp)           
/* 00CF4 8093A0A4 AFB00040 */  sw      $s0, 0x0040($sp)           
/* 00CF8 8093A0A8 F7BC0038 */  sdc1    $f28, 0x0038($sp)          
/* 00CFC 8093A0AC F7BA0030 */  sdc1    $f26, 0x0030($sp)          
/* 00D00 8093A0B0 F7B80028 */  sdc1    $f24, 0x0028($sp)          
/* 00D04 8093A0B4 F7B60020 */  sdc1    $f22, 0x0020($sp)          
/* 00D08 8093A0B8 F7B40018 */  sdc1    $f20, 0x0018($sp)          
/* 00D0C 8093A0BC 3C014040 */  lui     $at, 0x4040                ## $at = 40400000
/* 00D10 8093A0C0 4481E000 */  mtc1    $at, $f28                  ## $f28 = 3.00
/* 00D14 8093A0C4 3C0141F8 */  lui     $at, 0x41F8                ## $at = 41F80000
/* 00D18 8093A0C8 4481D000 */  mtc1    $at, $f26                  ## $f26 = 31.00
/* 00D1C 8093A0CC 3C018094 */  lui     $at, %hi(D_8093AA14)       ## $at = 80940000
/* 00D20 8093A0D0 C438AA14 */  lwc1    $f24, %lo(D_8093AA14)($at) 
/* 00D24 8093A0D4 3C018094 */  lui     $at, %hi(D_8093AA18)       ## $at = 80940000
/* 00D28 8093A0D8 C436AA18 */  lwc1    $f22, %lo(D_8093AA18)($at) 
/* 00D2C 8093A0DC 3C014248 */  lui     $at, 0x4248                ## $at = 42480000
/* 00D30 8093A0E0 4481A000 */  mtc1    $at, $f20                  ## $f20 = 50.00
/* 00D34 8093A0E4 0000A025 */  or      $s4, $zero, $zero          ## $s4 = 00000000
/* 00D38 8093A0E8 00009025 */  or      $s2, $zero, $zero          ## $s2 = 00000000
/* 00D3C 8093A0EC 26B00190 */  addiu   $s0, $s5, 0x0190           ## $s0 = 00000190
/* 00D40 8093A0F0 24160004 */  addiu   $s6, $zero, 0x0004         ## $s6 = 00000004
.L8093A0F4:
/* 00D44 8093A0F4 0C021BF7 */  jal     func_80086FDC              
/* 00D48 8093A0F8 02008825 */  or      $s1, $s0, $zero            ## $s1 = 00000190
/* 00D4C 8093A0FC 46160102 */  mul.s   $f4, $f0, $f22             
/* 00D50 8093A100 00122400 */  sll     $a0, $s2, 16               
/* 00D54 8093A104 00042403 */  sra     $a0, $a0, 16               
/* 00D58 8093A108 46182180 */  add.s   $f6, $f4, $f24             
/* 00D5C 8093A10C 0C03FB61 */  jal     func_800FED84              
/* 00D60 8093A110 E6060000 */  swc1    $f6, 0x0000($s0)           ## 00000190
/* 00D64 8093A114 26930001 */  addiu   $s3, $s4, 0x0001           ## $s3 = 00000001
/* 00D68 8093A118 44939000 */  mtc1    $s3, $f18                  ## $f18 = 0.00
/* 00D6C 8093A11C 46140202 */  mul.s   $f8, $f0, $f20             
/* 00D70 8093A120 C6AA0024 */  lwc1    $f10, 0x0024($s5)          ## 00000024
/* 00D74 8093A124 00122400 */  sll     $a0, $s2, 16               
/* 00D78 8093A128 00042403 */  sra     $a0, $a0, 16               
/* 00D7C 8093A12C 46809120 */  cvt.s.w $f4, $f18                  
/* 00D80 8093A130 460A4400 */  add.s   $f16, $f8, $f10            
/* 00D84 8093A134 461A2182 */  mul.s   $f6, $f4, $f26             
/* 00D88 8093A138 E6100004 */  swc1    $f16, 0x0004($s0)          ## 00000194
/* 00D8C 8093A13C C6A80028 */  lwc1    $f8, 0x0028($s5)           ## 00000028
/* 00D90 8093A140 46083280 */  add.s   $f10, $f6, $f8             
/* 00D94 8093A144 0C03FB51 */  jal     func_800FED44              
/* 00D98 8093A148 E60A0008 */  swc1    $f10, 0x0008($s0)          ## 00000198
/* 00D9C 8093A14C 44943000 */  mtc1    $s4, $f6                   ## $f6 = 0.00
/* 00DA0 8093A150 46140402 */  mul.s   $f16, $f0, $f20            
/* 00DA4 8093A154 C6B2002C */  lwc1    $f18, 0x002C($s5)          ## 0000002C
/* 00DA8 8093A158 A6120014 */  sh      $s2, 0x0014($s0)           ## 000001A4
/* 00DAC 8093A15C 46803220 */  cvt.s.w $f8, $f6                   
/* 00DB0 8093A160 46128100 */  add.s   $f4, $f16, $f18            
/* 00DB4 8093A164 461C4280 */  add.s   $f10, $f8, $f28            
/* 00DB8 8093A168 E604000C */  swc1    $f4, 0x000C($s0)           ## 0000019C
/* 00DBC 8093A16C 0C021BE8 */  jal     func_80086FA0              
/* 00DC0 8093A170 E60A0010 */  swc1    $f10, 0x0010($s0)          ## 000001A0
/* 00DC4 8093A174 26524000 */  addiu   $s2, $s2, 0x4000           ## $s2 = 00004000
/* 00DC8 8093A178 00129400 */  sll     $s2, $s2, 16               
/* 00DCC 8093A17C 00027402 */  srl     $t6, $v0, 16               
/* 00DD0 8093A180 00129403 */  sra     $s2, $s2, 16               
/* 00DD4 8093A184 0260A025 */  or      $s4, $s3, $zero            ## $s4 = 00000001
/* 00DD8 8093A188 2610001C */  addiu   $s0, $s0, 0x001C           ## $s0 = 000001AC
/* 00DDC 8093A18C A62E0016 */  sh      $t6, 0x0016($s1)           ## 000001A6
/* 00DE0 8093A190 A6200018 */  sh      $zero, 0x0018($s1)         ## 000001A8
/* 00DE4 8093A194 1676FFD7 */  bne     $s3, $s6, .L8093A0F4       
/* 00DE8 8093A198 A620001A */  sh      $zero, 0x001A($s1)         ## 000001AA
/* 00DEC 8093A19C 3C188094 */  lui     $t8, %hi(func_8093A1F0)    ## $t8 = 80940000
/* 00DF0 8093A1A0 240F0050 */  addiu   $t7, $zero, 0x0050         ## $t7 = 00000050
/* 00DF4 8093A1A4 2718A1F0 */  addiu   $t8, $t8, %lo(func_8093A1F0) ## $t8 = 8093A1F0
/* 00DF8 8093A1A8 A2A00200 */  sb      $zero, 0x0200($s5)         ## 00000200
/* 00DFC 8093A1AC A2AF0201 */  sb      $t7, 0x0201($s5)           ## 00000201
/* 00E00 8093A1B0 AEB80204 */  sw      $t8, 0x0204($s5)           ## 00000204
/* 00E04 8093A1B4 8FBF005C */  lw      $ra, 0x005C($sp)           
/* 00E08 8093A1B8 D7B40018 */  ldc1    $f20, 0x0018($sp)          
/* 00E0C 8093A1BC D7B60020 */  ldc1    $f22, 0x0020($sp)          
/* 00E10 8093A1C0 D7B80028 */  ldc1    $f24, 0x0028($sp)          
/* 00E14 8093A1C4 D7BA0030 */  ldc1    $f26, 0x0030($sp)          
/* 00E18 8093A1C8 D7BC0038 */  ldc1    $f28, 0x0038($sp)          
/* 00E1C 8093A1CC 8FB00040 */  lw      $s0, 0x0040($sp)           
/* 00E20 8093A1D0 8FB10044 */  lw      $s1, 0x0044($sp)           
/* 00E24 8093A1D4 8FB20048 */  lw      $s2, 0x0048($sp)           
/* 00E28 8093A1D8 8FB3004C */  lw      $s3, 0x004C($sp)           
/* 00E2C 8093A1DC 8FB40050 */  lw      $s4, 0x0050($sp)           
/* 00E30 8093A1E0 8FB50054 */  lw      $s5, 0x0054($sp)           
/* 00E34 8093A1E4 8FB60058 */  lw      $s6, 0x0058($sp)           
/* 00E38 8093A1E8 03E00008 */  jr      $ra                        
/* 00E3C 8093A1EC 27BD0060 */  addiu   $sp, $sp, 0x0060           ## $sp = 00000000


glabel func_8093A1F0
/* 00E40 8093A1F0 27BDFF50 */  addiu   $sp, $sp, 0xFF50           ## $sp = FFFFFF50
/* 00E44 8093A1F4 AFB60060 */  sw      $s6, 0x0060($sp)           
/* 00E48 8093A1F8 AFB5005C */  sw      $s5, 0x005C($sp)           
/* 00E4C 8093A1FC 0080A825 */  or      $s5, $a0, $zero            ## $s5 = 00000000
/* 00E50 8093A200 00A0B025 */  or      $s6, $a1, $zero            ## $s6 = 00000000
/* 00E54 8093A204 AFBF006C */  sw      $ra, 0x006C($sp)           
/* 00E58 8093A208 AFBE0068 */  sw      $s8, 0x0068($sp)           
/* 00E5C 8093A20C AFB70064 */  sw      $s7, 0x0064($sp)           
/* 00E60 8093A210 AFB40058 */  sw      $s4, 0x0058($sp)           
/* 00E64 8093A214 AFB30054 */  sw      $s3, 0x0054($sp)           
/* 00E68 8093A218 AFB20050 */  sw      $s2, 0x0050($sp)           
/* 00E6C 8093A21C AFB1004C */  sw      $s1, 0x004C($sp)           
/* 00E70 8093A220 AFB00048 */  sw      $s0, 0x0048($sp)           
/* 00E74 8093A224 F7BC0040 */  sdc1    $f28, 0x0040($sp)          
/* 00E78 8093A228 F7BA0038 */  sdc1    $f26, 0x0038($sp)          
/* 00E7C 8093A22C F7B80030 */  sdc1    $f24, 0x0030($sp)          
/* 00E80 8093A230 F7B60028 */  sdc1    $f22, 0x0028($sp)          
/* 00E84 8093A234 F7B40020 */  sdc1    $f20, 0x0020($sp)          
/* 00E88 8093A238 3C014348 */  lui     $at, 0x4348                ## $at = 43480000
/* 00E8C 8093A23C 4481E000 */  mtc1    $at, $f28                  ## $f28 = 200.00
/* 00E90 8093A240 3C018094 */  lui     $at, %hi(D_8093AA1C)       ## $at = 80940000
/* 00E94 8093A244 C43AAA1C */  lwc1    $f26, %lo(D_8093AA1C)($at) 
/* 00E98 8093A248 3C0141F0 */  lui     $at, 0x41F0                ## $at = 41F00000
/* 00E9C 8093A24C 4481C000 */  mtc1    $at, $f24                  ## $f24 = 30.00
/* 00EA0 8093A250 3C014040 */  lui     $at, 0x4040                ## $at = 40400000
/* 00EA4 8093A254 4481B000 */  mtc1    $at, $f22                  ## $f22 = 3.00
/* 00EA8 8093A258 3C013FC0 */  lui     $at, 0x3FC0                ## $at = 3FC00000
/* 00EAC 8093A25C 4481A000 */  mtc1    $at, $f20                  ## $f20 = 1.50
/* 00EB0 8093A260 00008825 */  or      $s1, $zero, $zero          ## $s1 = 00000000
/* 00EB4 8093A264 0000A025 */  or      $s4, $zero, $zero          ## $s4 = 00000000
/* 00EB8 8093A268 02A09025 */  or      $s2, $s5, $zero            ## $s2 = 00000000
/* 00EBC 8093A26C 27BE0094 */  addiu   $s8, $sp, 0x0094           ## $s8 = FFFFFFE4
/* 00EC0 8093A270 24170070 */  addiu   $s7, $zero, 0x0070         ## $s7 = 00000070
.L8093A274:
/* 00EC4 8093A274 864E01AA */  lh      $t6, 0x01AA($s2)           ## 000001AA
/* 00EC8 8093A278 26500190 */  addiu   $s0, $s2, 0x0190           ## $s0 = 00000190
/* 00ECC 8093A27C 55C0003C */  bnel    $t6, $zero, .L8093A370     
/* 00ED0 8093A280 26314000 */  addiu   $s1, $s1, 0x4000           ## $s1 = 00004000
/* 00ED4 8093A284 C6040010 */  lwc1    $f4, 0x0010($s0)           ## 000001A0
/* 00ED8 8093A288 00112400 */  sll     $a0, $s1, 16               
/* 00EDC 8093A28C 00042403 */  sra     $a0, $a0, 16               
/* 00EE0 8093A290 46162181 */  sub.s   $f6, $f4, $f22             
/* 00EE4 8093A294 26D30830 */  addiu   $s3, $s6, 0x0830           ## $s3 = 00000830
/* 00EE8 8093A298 0C03FB61 */  jal     func_800FED84              
/* 00EEC 8093A29C E6060010 */  swc1    $f6, 0x0010($s0)           ## 000001A0
/* 00EF0 8093A2A0 46140282 */  mul.s   $f10, $f0, $f20            
/* 00EF4 8093A2A4 C6080004 */  lwc1    $f8, 0x0004($s0)           ## 00000194
/* 00EF8 8093A2A8 C6120008 */  lwc1    $f18, 0x0008($s0)          ## 00000198
/* 00EFC 8093A2AC C6040010 */  lwc1    $f4, 0x0010($s0)           ## 000001A0
/* 00F00 8093A2B0 00112400 */  sll     $a0, $s1, 16               
/* 00F04 8093A2B4 00042403 */  sra     $a0, $a0, 16               
/* 00F08 8093A2B8 46049180 */  add.s   $f6, $f18, $f4             
/* 00F0C 8093A2BC 460A4400 */  add.s   $f16, $f8, $f10            
/* 00F10 8093A2C0 E6060008 */  swc1    $f6, 0x0008($s0)           ## 00000198
/* 00F14 8093A2C4 0C03FB51 */  jal     func_800FED44              
/* 00F18 8093A2C8 E6100004 */  swc1    $f16, 0x0004($s0)          ## 00000194
/* 00F1C 8093A2CC 46140282 */  mul.s   $f10, $f0, $f20            
/* 00F20 8093A2D0 C608000C */  lwc1    $f8, 0x000C($s0)           ## 0000019C
/* 00F24 8093A2D4 860F0014 */  lh      $t7, 0x0014($s0)           ## 000001A4
/* 00F28 8093A2D8 C6120004 */  lwc1    $f18, 0x0004($s0)          ## 00000194
/* 00F2C 8093A2DC 27B9009C */  addiu   $t9, $sp, 0x009C           ## $t9 = FFFFFFEC
/* 00F30 8093A2E0 25F805DC */  addiu   $t8, $t7, 0x05DC           ## $t8 = 000005DC
/* 00F34 8093A2E4 A6180014 */  sh      $t8, 0x0014($s0)           ## 000001A4
/* 00F38 8093A2E8 460A4400 */  add.s   $f16, $f8, $f10            
/* 00F3C 8093A2EC 02602025 */  or      $a0, $s3, $zero            ## $a0 = 00000830
/* 00F40 8093A2F0 03C02825 */  or      $a1, $s8, $zero            ## $a1 = FFFFFFE4
/* 00F44 8093A2F4 27A60090 */  addiu   $a2, $sp, 0x0090           ## $a2 = FFFFFFE0
/* 00F48 8093A2F8 E610000C */  swc1    $f16, 0x000C($s0)          ## 0000019C
/* 00F4C 8093A2FC E7B2009C */  swc1    $f18, 0x009C($sp)          
/* 00F50 8093A300 C6040008 */  lwc1    $f4, 0x0008($s0)           ## 00000198
/* 00F54 8093A304 02A03825 */  or      $a3, $s5, $zero            ## $a3 = 00000000
/* 00F58 8093A308 46182180 */  add.s   $f6, $f4, $f24             
/* 00F5C 8093A30C E7A600A0 */  swc1    $f6, 0x00A0($sp)           
/* 00F60 8093A310 C608000C */  lwc1    $f8, 0x000C($s0)           ## 0000019C
/* 00F64 8093A314 AFB90010 */  sw      $t9, 0x0010($sp)           
/* 00F68 8093A318 0C031047 */  jal     func_800C411C              
/* 00F6C 8093A31C E7A800A4 */  swc1    $f8, 0x00A4($sp)           
/* 00F70 8093A320 461A003E */  c.le.s  $f0, $f26                  
/* 00F74 8093A324 240A0001 */  addiu   $t2, $zero, 0x0001         ## $t2 = 00000001
/* 00F78 8093A328 4503000A */  bc1tl   .L8093A354                 
/* 00F7C 8093A32C 82A80200 */  lb      $t0, 0x0200($s5)           ## 00000200
/* 00F80 8093A330 C6100000 */  lwc1    $f16, 0x0000($s0)          ## 00000190
/* 00F84 8093A334 C60A0008 */  lwc1    $f10, 0x0008($s0)          ## 00000198
/* 00F88 8093A338 4610E482 */  mul.s   $f18, $f28, $f16           
/* 00F8C 8093A33C 46125101 */  sub.s   $f4, $f10, $f18            
/* 00F90 8093A340 4600203C */  c.lt.s  $f4, $f0                   
/* 00F94 8093A344 00000000 */  nop
/* 00F98 8093A348 45020009 */  bc1fl   .L8093A370                 
/* 00F9C 8093A34C 26314000 */  addiu   $s1, $s1, 0x4000           ## $s1 = 00008000
/* 00FA0 8093A350 82A80200 */  lb      $t0, 0x0200($s5)           ## 00000200
.L8093A354:
/* 00FA4 8093A354 02C02025 */  or      $a0, $s6, $zero            ## $a0 = 00000000
/* 00FA8 8093A358 26050004 */  addiu   $a1, $s0, 0x0004           ## $a1 = 00000194
/* 00FAC 8093A35C 25090001 */  addiu   $t1, $t0, 0x0001           ## $t1 = 00000001
/* 00FB0 8093A360 A2A90200 */  sb      $t1, 0x0200($s5)           ## 00000200
/* 00FB4 8093A364 0C24E714 */  jal     func_80939C50              
/* 00FB8 8093A368 A60A001A */  sh      $t2, 0x001A($s0)           ## 000001AA
/* 00FBC 8093A36C 26314000 */  addiu   $s1, $s1, 0x4000           ## $s1 = 0000C000
.L8093A370:
/* 00FC0 8093A370 00118C00 */  sll     $s1, $s1, 16               
/* 00FC4 8093A374 2694001C */  addiu   $s4, $s4, 0x001C           ## $s4 = 0000001C
/* 00FC8 8093A378 00118C03 */  sra     $s1, $s1, 16               
/* 00FCC 8093A37C 1697FFBD */  bne     $s4, $s7, .L8093A274       
/* 00FD0 8093A380 2652001C */  addiu   $s2, $s2, 0x001C           ## $s2 = 0000001C
/* 00FD4 8093A384 82AB0201 */  lb      $t3, 0x0201($s5)           ## 00000201
/* 00FD8 8093A388 82AD0200 */  lb      $t5, 0x0200($s5)           ## 00000200
/* 00FDC 8093A38C 256CFFFF */  addiu   $t4, $t3, 0xFFFF           ## $t4 = FFFFFFFF
/* 00FE0 8093A390 29A10004 */  slti    $at, $t5, 0x0004           
/* 00FE4 8093A394 10200004 */  beq     $at, $zero, .L8093A3A8     
/* 00FE8 8093A398 A2AC0201 */  sb      $t4, 0x0201($s5)           ## 00000201
/* 00FEC 8093A39C 82AE0201 */  lb      $t6, 0x0201($s5)           ## 00000201
/* 00FF0 8093A3A0 5DC00004 */  bgtzl   $t6, .L8093A3B4            
/* 00FF4 8093A3A4 8FBF006C */  lw      $ra, 0x006C($sp)           
.L8093A3A8:
/* 00FF8 8093A3A8 0C02D9C3 */  jal     func_800B670C              
/* 00FFC 8093A3AC 02A02025 */  or      $a0, $s5, $zero            ## $a0 = 00000000
/* 01000 8093A3B0 8FBF006C */  lw      $ra, 0x006C($sp)           
.L8093A3B4:
/* 01004 8093A3B4 D7B40020 */  ldc1    $f20, 0x0020($sp)          
/* 01008 8093A3B8 D7B60028 */  ldc1    $f22, 0x0028($sp)          
/* 0100C 8093A3BC D7B80030 */  ldc1    $f24, 0x0030($sp)          
/* 01010 8093A3C0 D7BA0038 */  ldc1    $f26, 0x0038($sp)          
/* 01014 8093A3C4 D7BC0040 */  ldc1    $f28, 0x0040($sp)          
/* 01018 8093A3C8 8FB00048 */  lw      $s0, 0x0048($sp)           
/* 0101C 8093A3CC 8FB1004C */  lw      $s1, 0x004C($sp)           
/* 01020 8093A3D0 8FB20050 */  lw      $s2, 0x0050($sp)           
/* 01024 8093A3D4 8FB30054 */  lw      $s3, 0x0054($sp)           
/* 01028 8093A3D8 8FB40058 */  lw      $s4, 0x0058($sp)           
/* 0102C 8093A3DC 8FB5005C */  lw      $s5, 0x005C($sp)           
/* 01030 8093A3E0 8FB60060 */  lw      $s6, 0x0060($sp)           
/* 01034 8093A3E4 8FB70064 */  lw      $s7, 0x0064($sp)           
/* 01038 8093A3E8 8FBE0068 */  lw      $s8, 0x0068($sp)           
/* 0103C 8093A3EC 03E00008 */  jr      $ra                        
/* 01040 8093A3F0 27BD00B0 */  addiu   $sp, $sp, 0x00B0           ## $sp = 00000000


glabel func_8093A3F4
/* 01044 8093A3F4 27BDFFE8 */  addiu   $sp, $sp, 0xFFE8           ## $sp = FFFFFFE8
/* 01048 8093A3F8 AFBF0014 */  sw      $ra, 0x0014($sp)           
/* 0104C 8093A3FC 8C990204 */  lw      $t9, 0x0204($a0)           ## 00000204
/* 01050 8093A400 0320F809 */  jalr    $ra, $t9                   
/* 01054 8093A404 00000000 */  nop
/* 01058 8093A408 8FBF0014 */  lw      $ra, 0x0014($sp)           
/* 0105C 8093A40C 27BD0018 */  addiu   $sp, $sp, 0x0018           ## $sp = 00000000
/* 01060 8093A410 03E00008 */  jr      $ra                        
/* 01064 8093A414 00000000 */  nop


glabel func_8093A418
/* 01068 8093A418 27BDFFD0 */  addiu   $sp, $sp, 0xFFD0           ## $sp = FFFFFFD0
/* 0106C 8093A41C AFBF0014 */  sw      $ra, 0x0014($sp)           
/* 01070 8093A420 00803025 */  or      $a2, $a0, $zero            ## $a2 = 00000000
/* 01074 8093A424 00A03825 */  or      $a3, $a1, $zero            ## $a3 = 00000000
/* 01078 8093A428 3C018094 */  lui     $at, %hi(D_8093AA20)       ## $at = 80940000
/* 0107C 8093A42C C424AA20 */  lwc1    $f4, %lo(D_8093AA20)($at)  
/* 01080 8093A430 C4C000F4 */  lwc1    $f0, 0x00F4($a2)           ## 000000F4
/* 01084 8093A434 3C050600 */  lui     $a1, 0x0600                ## $a1 = 06000000
/* 01088 8093A438 241800A0 */  addiu   $t8, $zero, 0x00A0         ## $t8 = 000000A0
/* 0108C 8093A43C 4604003E */  c.le.s  $f0, $f4                   
/* 01090 8093A440 24A509E0 */  addiu   $a1, $a1, 0x09E0           ## $a1 = 060009E0
/* 01094 8093A444 00E02025 */  or      $a0, $a3, $zero            ## $a0 = 00000000
/* 01098 8093A448 4501000B */  bc1t    .L8093A478                 
/* 0109C 8093A44C 00000000 */  nop
/* 010A0 8093A450 90CE0203 */  lbu     $t6, 0x0203($a2)           ## 00000203
/* 010A4 8093A454 3C018094 */  lui     $at, %hi(D_8093AA24)       ## $at = 80940000
/* 010A8 8093A458 31CF0001 */  andi    $t7, $t6, 0x0001           ## $t7 = 00000000
/* 010AC 8093A45C 11E0000A */  beq     $t7, $zero, .L8093A488     
/* 010B0 8093A460 00000000 */  nop
/* 010B4 8093A464 C42CAA24 */  lwc1    $f12, %lo(D_8093AA24)($at) 
/* 010B8 8093A468 460C003C */  c.lt.s  $f0, $f12                  
/* 010BC 8093A46C 00000000 */  nop
/* 010C0 8093A470 45000005 */  bc1f    .L8093A488                 
/* 010C4 8093A474 00000000 */  nop
.L8093A478:
/* 010C8 8093A478 0C02F7F0 */  jal     func_800BDFC0              
/* 010CC 8093A47C A0D800D0 */  sb      $t8, 0x00D0($a2)           ## 000000D0
/* 010D0 8093A480 1000005E */  beq     $zero, $zero, .L8093A5FC   
/* 010D4 8093A484 8FBF0014 */  lw      $ra, 0x0014($sp)           
.L8093A488:
/* 010D8 8093A488 3C018094 */  lui     $at, %hi(D_8093AA28)       ## $at = 80940000
/* 010DC 8093A48C C42CAA28 */  lwc1    $f12, %lo(D_8093AA28)($at) 
/* 010E0 8093A490 3C018094 */  lui     $at, %hi(D_8093AA2C)       ## $at = 80940000
/* 010E4 8093A494 460C003C */  c.lt.s  $f0, $f12                  
/* 010E8 8093A498 00000000 */  nop
/* 010EC 8093A49C 45020056 */  bc1fl   .L8093A5F8                 
/* 010F0 8093A4A0 A0C000D0 */  sb      $zero, 0x00D0($a2)         ## 000000D0
/* 010F4 8093A4A4 46006181 */  sub.s   $f6, $f12, $f0             
/* 010F8 8093A4A8 C428AA2C */  lwc1    $f8, %lo(D_8093AA2C)($at)  
/* 010FC 8093A4AC 3C018094 */  lui     $at, %hi(D_8093AA30)       ## $at = 80940000
/* 01100 8093A4B0 C42AAA30 */  lwc1    $f10, %lo(D_8093AA30)($at) 
/* 01104 8093A4B4 46083082 */  mul.s   $f2, $f6, $f8              
/* 01108 8093A4B8 24080001 */  addiu   $t0, $zero, 0x0001         ## $t0 = 00000001
/* 0110C 8093A4BC 8CE50000 */  lw      $a1, 0x0000($a3)           ## 00000000
/* 01110 8093A4C0 3C014F00 */  lui     $at, 0x4F00                ## $at = 4F000000
/* 01114 8093A4C4 460A1402 */  mul.s   $f16, $f2, $f10            
/* 01118 8093A4C8 4459F800 */  cfc1    $t9, $f31                  
/* 0111C 8093A4CC 44C8F800 */  ctc1    $t0, $f31                  
/* 01120 8093A4D0 00000000 */  nop
/* 01124 8093A4D4 460084A4 */  cvt.w.s $f18, $f16                 
/* 01128 8093A4D8 4448F800 */  cfc1    $t0, $f31                  
/* 0112C 8093A4DC 00000000 */  nop
/* 01130 8093A4E0 31080078 */  andi    $t0, $t0, 0x0078           ## $t0 = 00000000
/* 01134 8093A4E4 51000013 */  beql    $t0, $zero, .L8093A534     
/* 01138 8093A4E8 44089000 */  mfc1    $t0, $f18                  
/* 0113C 8093A4EC 44819000 */  mtc1    $at, $f18                  ## $f18 = 2147483648.00
/* 01140 8093A4F0 24080001 */  addiu   $t0, $zero, 0x0001         ## $t0 = 00000001
/* 01144 8093A4F4 46128481 */  sub.s   $f18, $f16, $f18           
/* 01148 8093A4F8 44C8F800 */  ctc1    $t0, $f31                  
/* 0114C 8093A4FC 00000000 */  nop
/* 01150 8093A500 460094A4 */  cvt.w.s $f18, $f18                 
/* 01154 8093A504 4448F800 */  cfc1    $t0, $f31                  
/* 01158 8093A508 00000000 */  nop
/* 0115C 8093A50C 31080078 */  andi    $t0, $t0, 0x0078           ## $t0 = 00000000
/* 01160 8093A510 15000005 */  bne     $t0, $zero, .L8093A528     
/* 01164 8093A514 00000000 */  nop
/* 01168 8093A518 44089000 */  mfc1    $t0, $f18                  
/* 0116C 8093A51C 3C018000 */  lui     $at, 0x8000                ## $at = 80000000
/* 01170 8093A520 10000007 */  beq     $zero, $zero, .L8093A540   
/* 01174 8093A524 01014025 */  or      $t0, $t0, $at              ## $t0 = 80000000
.L8093A528:
/* 01178 8093A528 10000005 */  beq     $zero, $zero, .L8093A540   
/* 0117C 8093A52C 2408FFFF */  addiu   $t0, $zero, 0xFFFF         ## $t0 = FFFFFFFF
/* 01180 8093A530 44089000 */  mfc1    $t0, $f18                  
.L8093A534:
/* 01184 8093A534 00000000 */  nop
/* 01188 8093A538 0500FFFB */  bltz    $t0, .L8093A528            
/* 0118C 8093A53C 00000000 */  nop
.L8093A540:
/* 01190 8093A540 A0C800D0 */  sb      $t0, 0x00D0($a2)           ## 000000D0
/* 01194 8093A544 8CE40000 */  lw      $a0, 0x0000($a3)           ## 00000000
/* 01198 8093A548 44D9F800 */  ctc1    $t9, $f31                  
/* 0119C 8093A54C E7A20028 */  swc1    $f2, 0x0028($sp)           
/* 011A0 8093A550 AFA70034 */  sw      $a3, 0x0034($sp)           
/* 011A4 8093A554 0C04B0B7 */  jal     func_8012C2DC              
/* 011A8 8093A558 AFA50024 */  sw      $a1, 0x0024($sp)           
/* 011AC 8093A55C 8FA50024 */  lw      $a1, 0x0024($sp)           
/* 011B0 8093A560 8FA70034 */  lw      $a3, 0x0034($sp)           
/* 011B4 8093A564 8CA202C0 */  lw      $v0, 0x02C0($a1)           ## 000002C0
/* 011B8 8093A568 3C0ADA38 */  lui     $t2, 0xDA38                ## $t2 = DA380000
/* 011BC 8093A56C 354A0003 */  ori     $t2, $t2, 0x0003           ## $t2 = DA380003
/* 011C0 8093A570 24490008 */  addiu   $t1, $v0, 0x0008           ## $t1 = 00000008
/* 011C4 8093A574 ACA902C0 */  sw      $t1, 0x02C0($a1)           ## 000002C0
/* 011C8 8093A578 AC4A0000 */  sw      $t2, 0x0000($v0)           ## 00000000
/* 011CC 8093A57C 8CE40000 */  lw      $a0, 0x0000($a3)           ## 00000000
/* 011D0 8093A580 AFA50024 */  sw      $a1, 0x0024($sp)           
/* 011D4 8093A584 0C060690 */  jal     func_80181A40              
/* 011D8 8093A588 AFA2001C */  sw      $v0, 0x001C($sp)           
/* 011DC 8093A58C 8FA3001C */  lw      $v1, 0x001C($sp)           
/* 011E0 8093A590 8FA50024 */  lw      $a1, 0x0024($sp)           
/* 011E4 8093A594 3C08DE00 */  lui     $t0, 0xDE00                ## $t0 = DE000000
/* 011E8 8093A598 AC620004 */  sw      $v0, 0x0004($v1)           ## 00000004
/* 011EC 8093A59C 8CA202C0 */  lw      $v0, 0x02C0($a1)           ## 000002C0
/* 011F0 8093A5A0 3C0CFA00 */  lui     $t4, 0xFA00                ## $t4 = FA000000
/* 011F4 8093A5A4 2401FF00 */  addiu   $at, $zero, 0xFF00         ## $at = FFFFFF00
/* 011F8 8093A5A8 244B0008 */  addiu   $t3, $v0, 0x0008           ## $t3 = 00000008
/* 011FC 8093A5AC ACAB02C0 */  sw      $t3, 0x02C0($a1)           ## 000002C0
/* 01200 8093A5B0 AC4C0000 */  sw      $t4, 0x0000($v0)           ## 00000000
/* 01204 8093A5B4 C7A40028 */  lwc1    $f4, 0x0028($sp)           
/* 01208 8093A5B8 4600218D */  trunc.w.s $f6, $f4                   
/* 0120C 8093A5BC 440E3000 */  mfc1    $t6, $f6                   
/* 01210 8093A5C0 00000000 */  nop
/* 01214 8093A5C4 31CF00FF */  andi    $t7, $t6, 0x00FF           ## $t7 = 00000000
/* 01218 8093A5C8 01E1C025 */  or      $t8, $t7, $at              ## $t8 = FFFFFF00
/* 0121C 8093A5CC AC580004 */  sw      $t8, 0x0004($v0)           ## 00000004
/* 01220 8093A5D0 8CA202C0 */  lw      $v0, 0x02C0($a1)           ## 000002C0
/* 01224 8093A5D4 3C090600 */  lui     $t1, 0x0600                ## $t1 = 06000000
/* 01228 8093A5D8 25290AF0 */  addiu   $t1, $t1, 0x0AF0           ## $t1 = 06000AF0
/* 0122C 8093A5DC 24590008 */  addiu   $t9, $v0, 0x0008           ## $t9 = 00000008
/* 01230 8093A5E0 ACB902C0 */  sw      $t9, 0x02C0($a1)           ## 000002C0
/* 01234 8093A5E4 AC490004 */  sw      $t1, 0x0004($v0)           ## 00000004
/* 01238 8093A5E8 AC480000 */  sw      $t0, 0x0000($v0)           ## 00000000
/* 0123C 8093A5EC 10000003 */  beq     $zero, $zero, .L8093A5FC   
/* 01240 8093A5F0 8FBF0014 */  lw      $ra, 0x0014($sp)           
/* 01244 8093A5F4 A0C000D0 */  sb      $zero, 0x00D0($a2)         ## 000000D0
.L8093A5F8:
/* 01248 8093A5F8 8FBF0014 */  lw      $ra, 0x0014($sp)           
.L8093A5FC:
/* 0124C 8093A5FC 27BD0030 */  addiu   $sp, $sp, 0x0030           ## $sp = 00000000
/* 01250 8093A600 03E00008 */  jr      $ra                        
/* 01254 8093A604 00000000 */  nop


glabel func_8093A608
/* 01258 8093A608 27BDFFA0 */  addiu   $sp, $sp, 0xFFA0           ## $sp = FFFFFFA0
/* 0125C 8093A60C AFB60030 */  sw      $s6, 0x0030($sp)           
/* 01260 8093A610 AFB30024 */  sw      $s3, 0x0024($sp)           
/* 01264 8093A614 00809825 */  or      $s3, $a0, $zero            ## $s3 = 00000000
/* 01268 8093A618 00A0B025 */  or      $s6, $a1, $zero            ## $s6 = 00000000
/* 0126C 8093A61C AFBF0034 */  sw      $ra, 0x0034($sp)           
/* 01270 8093A620 AFB5002C */  sw      $s5, 0x002C($sp)           
/* 01274 8093A624 AFB40028 */  sw      $s4, 0x0028($sp)           
/* 01278 8093A628 AFB20020 */  sw      $s2, 0x0020($sp)           
/* 0127C 8093A62C AFB1001C */  sw      $s1, 0x001C($sp)           
/* 01280 8093A630 AFB00018 */  sw      $s0, 0x0018($sp)           
/* 01284 8093A634 8E6F0204 */  lw      $t7, 0x0204($s3)           ## 00000204
/* 01288 8093A638 8EC60000 */  lw      $a2, 0x0000($s6)           ## 00000000
/* 0128C 8093A63C 3C0E8094 */  lui     $t6, %hi(func_80939EF4)    ## $t6 = 80940000
/* 01290 8093A640 25CE9EF4 */  addiu   $t6, $t6, %lo(func_80939EF4) ## $t6 = 80939EF4
/* 01294 8093A644 15CF0084 */  bne     $t6, $t7, .L8093A858       
/* 01298 8093A648 00C0A825 */  or      $s5, $a2, $zero            ## $s5 = 00000000
/* 0129C 8093A64C 3C018094 */  lui     $at, %hi(D_8093AA34)       ## $at = 80940000
/* 012A0 8093A650 C424AA34 */  lwc1    $f4, %lo(D_8093AA34)($at)  
/* 012A4 8093A654 C66000F4 */  lwc1    $f0, 0x00F4($s3)           ## 000000F4
/* 012A8 8093A658 4604003E */  c.le.s  $f0, $f4                   
/* 012AC 8093A65C 00000000 */  nop
/* 012B0 8093A660 4501000B */  bc1t    .L8093A690                 
/* 012B4 8093A664 00000000 */  nop
/* 012B8 8093A668 92780203 */  lbu     $t8, 0x0203($s3)           ## 00000203
/* 012BC 8093A66C 3C018094 */  lui     $at, %hi(D_8093AA38)       ## $at = 80940000
/* 012C0 8093A670 33190001 */  andi    $t9, $t8, 0x0001           ## $t9 = 00000000
/* 012C4 8093A674 13200040 */  beq     $t9, $zero, .L8093A778     
/* 012C8 8093A678 00000000 */  nop
/* 012CC 8093A67C C422AA38 */  lwc1    $f2, %lo(D_8093AA38)($at)  
/* 012D0 8093A680 4602003C */  c.lt.s  $f0, $f2                   
/* 012D4 8093A684 00000000 */  nop
/* 012D8 8093A688 4500003B */  bc1f    .L8093A778                 
/* 012DC 8093A68C 00000000 */  nop
.L8093A690:
/* 012E0 8093A690 0C04B0A3 */  jal     func_8012C28C              
/* 012E4 8093A694 00C02025 */  or      $a0, $a2, $zero            ## $a0 = 00000000
/* 012E8 8093A698 8EA302B0 */  lw      $v1, 0x02B0($s5)           ## 000002B0
/* 012EC 8093A69C 3C09DB06 */  lui     $t1, 0xDB06                ## $t1 = DB060000
/* 012F0 8093A6A0 3C0A801B */  lui     $t2, 0x801B                ## $t2 = 801B0000
/* 012F4 8093A6A4 24680008 */  addiu   $t0, $v1, 0x0008           ## $t0 = 00000008
/* 012F8 8093A6A8 AEA802B0 */  sw      $t0, 0x02B0($s5)           ## 000002B0
/* 012FC 8093A6AC 254AEFA0 */  addiu   $t2, $t2, 0xEFA0           ## $t2 = 801AEFA0
/* 01300 8093A6B0 35290020 */  ori     $t1, $t1, 0x0020           ## $t1 = DB060020
/* 01304 8093A6B4 AC690000 */  sw      $t1, 0x0000($v1)           ## 00000000
/* 01308 8093A6B8 AC6A0004 */  sw      $t2, 0x0004($v1)           ## 00000004
/* 0130C 8093A6BC 8EB002B0 */  lw      $s0, 0x02B0($s5)           ## 000002B0
/* 01310 8093A6C0 3C0CDA38 */  lui     $t4, 0xDA38                ## $t4 = DA380000
/* 01314 8093A6C4 358C0003 */  ori     $t4, $t4, 0x0003           ## $t4 = DA380003
/* 01318 8093A6C8 260B0008 */  addiu   $t3, $s0, 0x0008           ## $t3 = 00000008
/* 0131C 8093A6CC AEAB02B0 */  sw      $t3, 0x02B0($s5)           ## 000002B0
/* 01320 8093A6D0 AE0C0000 */  sw      $t4, 0x0000($s0)           ## 00000000
/* 01324 8093A6D4 0C060690 */  jal     func_80181A40              
/* 01328 8093A6D8 8EC40000 */  lw      $a0, 0x0000($s6)           ## 00000000
/* 0132C 8093A6DC AE020004 */  sw      $v0, 0x0004($s0)           ## 00000004
/* 01330 8093A6E0 8EA302B0 */  lw      $v1, 0x02B0($s5)           ## 000002B0
/* 01334 8093A6E4 3C0EFA00 */  lui     $t6, 0xFA00                ## $t6 = FA000000
/* 01338 8093A6E8 35CE009B */  ori     $t6, $t6, 0x009B           ## $t6 = FA00009B
/* 0133C 8093A6EC 246D0008 */  addiu   $t5, $v1, 0x0008           ## $t5 = 00000008
/* 01340 8093A6F0 AEAD02B0 */  sw      $t5, 0x02B0($s5)           ## 000002B0
/* 01344 8093A6F4 240FFFFF */  addiu   $t7, $zero, 0xFFFF         ## $t7 = FFFFFFFF
/* 01348 8093A6F8 AC6F0004 */  sw      $t7, 0x0004($v1)           ## 00000004
/* 0134C 8093A6FC AC6E0000 */  sw      $t6, 0x0000($v1)           ## 00000000
/* 01350 8093A700 8EA302B0 */  lw      $v1, 0x02B0($s5)           ## 000002B0
/* 01354 8093A704 3C080600 */  lui     $t0, 0x0600                ## $t0 = 06000000
/* 01358 8093A708 25084560 */  addiu   $t0, $t0, 0x4560           ## $t0 = 06004560
/* 0135C 8093A70C 24780008 */  addiu   $t8, $v1, 0x0008           ## $t8 = 00000008
/* 01360 8093A710 AEB802B0 */  sw      $t8, 0x02B0($s5)           ## 000002B0
/* 01364 8093A714 3C19DE00 */  lui     $t9, 0xDE00                ## $t9 = DE000000
/* 01368 8093A718 AC790000 */  sw      $t9, 0x0000($v1)           ## 00000000
/* 0136C 8093A71C AC680004 */  sw      $t0, 0x0004($v1)           ## 00000004
/* 01370 8093A720 0C04B0B7 */  jal     func_8012C2DC              
/* 01374 8093A724 8EC40000 */  lw      $a0, 0x0000($s6)           ## 00000000
/* 01378 8093A728 8EA202C0 */  lw      $v0, 0x02C0($s5)           ## 000002C0
/* 0137C 8093A72C 3C0ADA38 */  lui     $t2, 0xDA38                ## $t2 = DA380000
/* 01380 8093A730 354A0003 */  ori     $t2, $t2, 0x0003           ## $t2 = DA380003
/* 01384 8093A734 24490008 */  addiu   $t1, $v0, 0x0008           ## $t1 = 00000008
/* 01388 8093A738 AEA902C0 */  sw      $t1, 0x02C0($s5)           ## 000002C0
/* 0138C 8093A73C AC4A0000 */  sw      $t2, 0x0000($v0)           ## 00000000
/* 01390 8093A740 8EC40000 */  lw      $a0, 0x0000($s6)           ## 00000000
/* 01394 8093A744 0C060690 */  jal     func_80181A40              
/* 01398 8093A748 00408025 */  or      $s0, $v0, $zero            ## $s0 = 00000000
/* 0139C 8093A74C AE020004 */  sw      $v0, 0x0004($s0)           ## 00000004
/* 013A0 8093A750 8EA202C0 */  lw      $v0, 0x02C0($s5)           ## 000002C0
/* 013A4 8093A754 3C0D0600 */  lui     $t5, 0x0600                ## $t5 = 06000000
/* 013A8 8093A758 25AD4688 */  addiu   $t5, $t5, 0x4688           ## $t5 = 06004688
/* 013AC 8093A75C 244B0008 */  addiu   $t3, $v0, 0x0008           ## $t3 = 00000008
/* 013B0 8093A760 AEAB02C0 */  sw      $t3, 0x02C0($s5)           ## 000002C0
/* 013B4 8093A764 3C0CDE00 */  lui     $t4, 0xDE00                ## $t4 = DE000000
/* 013B8 8093A768 AC4C0000 */  sw      $t4, 0x0000($v0)           ## 00000000
/* 013BC 8093A76C AC4D0004 */  sw      $t5, 0x0004($v0)           ## 00000004
/* 013C0 8093A770 10000060 */  beq     $zero, $zero, .L8093A8F4   
/* 013C4 8093A774 8FBF0034 */  lw      $ra, 0x0034($sp)           
.L8093A778:
/* 013C8 8093A778 3C018094 */  lui     $at, %hi(D_8093AA3C)       ## $at = 80940000
/* 013CC 8093A77C C422AA3C */  lwc1    $f2, %lo(D_8093AA3C)($at)  
/* 013D0 8093A780 3C018094 */  lui     $at, %hi(D_8093AA40)       ## $at = 80940000
/* 013D4 8093A784 4602003C */  c.lt.s  $f0, $f2                   
/* 013D8 8093A788 00000000 */  nop
/* 013DC 8093A78C 45020059 */  bc1fl   .L8093A8F4                 
/* 013E0 8093A790 8FBF0034 */  lw      $ra, 0x0034($sp)           
/* 013E4 8093A794 46001181 */  sub.s   $f6, $f2, $f0              
/* 013E8 8093A798 C428AA40 */  lwc1    $f8, %lo(D_8093AA40)($at)  
/* 013EC 8093A79C 00C02025 */  or      $a0, $a2, $zero            ## $a0 = 00000000
/* 013F0 8093A7A0 46083282 */  mul.s   $f10, $f6, $f8             
/* 013F4 8093A7A4 0C04B0B7 */  jal     func_8012C2DC              
/* 013F8 8093A7A8 E7AA0038 */  swc1    $f10, 0x0038($sp)          
/* 013FC 8093A7AC 8EA202C0 */  lw      $v0, 0x02C0($s5)           ## 000002C0
/* 01400 8093A7B0 3C0FDB06 */  lui     $t7, 0xDB06                ## $t7 = DB060000
/* 01404 8093A7B4 3C18801B */  lui     $t8, 0x801B                ## $t8 = 801B0000
/* 01408 8093A7B8 244E0008 */  addiu   $t6, $v0, 0x0008           ## $t6 = 00000008
/* 0140C 8093A7BC AEAE02C0 */  sw      $t6, 0x02C0($s5)           ## 000002C0
/* 01410 8093A7C0 2718EF88 */  addiu   $t8, $t8, 0xEF88           ## $t8 = 801AEF88
/* 01414 8093A7C4 35EF0020 */  ori     $t7, $t7, 0x0020           ## $t7 = DB060020
/* 01418 8093A7C8 AC4F0000 */  sw      $t7, 0x0000($v0)           ## 00000000
/* 0141C 8093A7CC AC580004 */  sw      $t8, 0x0004($v0)           ## 00000004
/* 01420 8093A7D0 8EA202C0 */  lw      $v0, 0x02C0($s5)           ## 000002C0
/* 01424 8093A7D4 3C08DA38 */  lui     $t0, 0xDA38                ## $t0 = DA380000
/* 01428 8093A7D8 35080003 */  ori     $t0, $t0, 0x0003           ## $t0 = DA380003
/* 0142C 8093A7DC 24590008 */  addiu   $t9, $v0, 0x0008           ## $t9 = 00000008
/* 01430 8093A7E0 AEB902C0 */  sw      $t9, 0x02C0($s5)           ## 000002C0
/* 01434 8093A7E4 AC480000 */  sw      $t0, 0x0000($v0)           ## 00000000
/* 01438 8093A7E8 8EC40000 */  lw      $a0, 0x0000($s6)           ## 00000000
/* 0143C 8093A7EC 0C060690 */  jal     func_80181A40              
/* 01440 8093A7F0 00408025 */  or      $s0, $v0, $zero            ## $s0 = 00000000
/* 01444 8093A7F4 AE020004 */  sw      $v0, 0x0004($s0)           ## 00000004
/* 01448 8093A7F8 8EA202C0 */  lw      $v0, 0x02C0($s5)           ## 000002C0
/* 0144C 8093A7FC 3C0AFA00 */  lui     $t2, 0xFA00                ## $t2 = FA000000
/* 01450 8093A800 354A009B */  ori     $t2, $t2, 0x009B           ## $t2 = FA00009B
/* 01454 8093A804 24490008 */  addiu   $t1, $v0, 0x0008           ## $t1 = 00000008
/* 01458 8093A808 AEA902C0 */  sw      $t1, 0x02C0($s5)           ## 000002C0
/* 0145C 8093A80C AC4A0000 */  sw      $t2, 0x0000($v0)           ## 00000000
/* 01460 8093A810 C7B00038 */  lwc1    $f16, 0x0038($sp)          
/* 01464 8093A814 2401FF00 */  addiu   $at, $zero, 0xFF00         ## $at = FFFFFF00
/* 01468 8093A818 3C18DE00 */  lui     $t8, 0xDE00                ## $t8 = DE000000
/* 0146C 8093A81C 4600848D */  trunc.w.s $f18, $f16                 
/* 01470 8093A820 440C9000 */  mfc1    $t4, $f18                  
/* 01474 8093A824 00000000 */  nop
/* 01478 8093A828 318D00FF */  andi    $t5, $t4, 0x00FF           ## $t5 = 00000000
/* 0147C 8093A82C 01A17025 */  or      $t6, $t5, $at              ## $t6 = FFFFFF00
/* 01480 8093A830 AC4E0004 */  sw      $t6, 0x0004($v0)           ## 00000004
/* 01484 8093A834 8EA202C0 */  lw      $v0, 0x02C0($s5)           ## 000002C0
/* 01488 8093A838 3C190600 */  lui     $t9, 0x0600                ## $t9 = 06000000
/* 0148C 8093A83C 27394560 */  addiu   $t9, $t9, 0x4560           ## $t9 = 06004560
/* 01490 8093A840 244F0008 */  addiu   $t7, $v0, 0x0008           ## $t7 = 00000008
/* 01494 8093A844 AEAF02C0 */  sw      $t7, 0x02C0($s5)           ## 000002C0
/* 01498 8093A848 AC590004 */  sw      $t9, 0x0004($v0)           ## 00000004
/* 0149C 8093A84C AC580000 */  sw      $t8, 0x0000($v0)           ## 00000000
/* 014A0 8093A850 10000028 */  beq     $zero, $zero, .L8093A8F4   
/* 014A4 8093A854 8FBF0034 */  lw      $ra, 0x0034($sp)           
.L8093A858:
/* 014A8 8093A858 0C04B0A3 */  jal     func_8012C28C              
/* 014AC 8093A85C 00C02025 */  or      $a0, $a2, $zero            ## $a0 = 00000000
/* 014B0 8093A860 00009025 */  or      $s2, $zero, $zero          ## $s2 = 00000000
/* 014B4 8093A864 02608825 */  or      $s1, $s3, $zero            ## $s1 = 00000000
.L8093A868:
/* 014B8 8093A868 862801AA */  lh      $t0, 0x01AA($s1)           ## 000001AA
/* 014BC 8093A86C 26300190 */  addiu   $s0, $s1, 0x0190           ## $s0 = 00000190
/* 014C0 8093A870 26070014 */  addiu   $a3, $s0, 0x0014           ## $a3 = 000001A4
/* 014C4 8093A874 1500001A */  bne     $t0, $zero, .L8093A8E0     
/* 014C8 8093A878 3C140600 */  lui     $s4, 0x0600                ## $s4 = 06000000
/* 014CC 8093A87C C60C0004 */  lwc1    $f12, 0x0004($s0)          ## 00000194
/* 014D0 8093A880 C60E0008 */  lwc1    $f14, 0x0008($s0)          ## 00000198
/* 014D4 8093A884 8E06000C */  lw      $a2, 0x000C($s0)           ## 0000019C
/* 014D8 8093A888 0C060594 */  jal     func_80181650              
/* 014DC 8093A88C 26945990 */  addiu   $s4, $s4, 0x5990           ## $s4 = 06005990
/* 014E0 8093A890 C60C0000 */  lwc1    $f12, 0x0000($s0)          ## 00000190
/* 014E4 8093A894 24070001 */  addiu   $a3, $zero, 0x0001         ## $a3 = 00000001
/* 014E8 8093A898 44066000 */  mfc1    $a2, $f12                  
/* 014EC 8093A89C 0C0600E7 */  jal     func_8018039C              
/* 014F0 8093A8A0 46006386 */  mov.s   $f14, $f12                 
/* 014F4 8093A8A4 8EB002B0 */  lw      $s0, 0x02B0($s5)           ## 000002B0
/* 014F8 8093A8A8 3C0ADA38 */  lui     $t2, 0xDA38                ## $t2 = DA380000
/* 014FC 8093A8AC 354A0003 */  ori     $t2, $t2, 0x0003           ## $t2 = DA380003
/* 01500 8093A8B0 26090008 */  addiu   $t1, $s0, 0x0008           ## $t1 = 00000198
/* 01504 8093A8B4 AEA902B0 */  sw      $t1, 0x02B0($s5)           ## 000002B0
/* 01508 8093A8B8 AE0A0000 */  sw      $t2, 0x0000($s0)           ## 00000190
/* 0150C 8093A8BC 0C060690 */  jal     func_80181A40              
/* 01510 8093A8C0 8EC40000 */  lw      $a0, 0x0000($s6)           ## 00000000
/* 01514 8093A8C4 AE020004 */  sw      $v0, 0x0004($s0)           ## 00000194
/* 01518 8093A8C8 8EA302B0 */  lw      $v1, 0x02B0($s5)           ## 000002B0
/* 0151C 8093A8CC 3C0CDE00 */  lui     $t4, 0xDE00                ## $t4 = DE000000
/* 01520 8093A8D0 246B0008 */  addiu   $t3, $v1, 0x0008           ## $t3 = 00000008
/* 01524 8093A8D4 AEAB02B0 */  sw      $t3, 0x02B0($s5)           ## 000002B0
/* 01528 8093A8D8 AC740004 */  sw      $s4, 0x0004($v1)           ## 00000004
/* 0152C 8093A8DC AC6C0000 */  sw      $t4, 0x0000($v1)           ## 00000000
.L8093A8E0:
/* 01530 8093A8E0 2652001C */  addiu   $s2, $s2, 0x001C           ## $s2 = 0000001C
/* 01534 8093A8E4 24010070 */  addiu   $at, $zero, 0x0070         ## $at = 00000070
/* 01538 8093A8E8 1641FFDF */  bne     $s2, $at, .L8093A868       
/* 0153C 8093A8EC 2631001C */  addiu   $s1, $s1, 0x001C           ## $s1 = 0000001C
/* 01540 8093A8F0 8FBF0034 */  lw      $ra, 0x0034($sp)           
.L8093A8F4:
/* 01544 8093A8F4 8FB00018 */  lw      $s0, 0x0018($sp)           
/* 01548 8093A8F8 8FB1001C */  lw      $s1, 0x001C($sp)           
/* 0154C 8093A8FC 8FB20020 */  lw      $s2, 0x0020($sp)           
/* 01550 8093A900 8FB30024 */  lw      $s3, 0x0024($sp)           
/* 01554 8093A904 8FB40028 */  lw      $s4, 0x0028($sp)           
/* 01558 8093A908 8FB5002C */  lw      $s5, 0x002C($sp)           
/* 0155C 8093A90C 8FB60030 */  lw      $s6, 0x0030($sp)           
/* 01560 8093A910 03E00008 */  jr      $ra                        
/* 01564 8093A914 27BD0060 */  addiu   $sp, $sp, 0x0060           ## $sp = 00000000
/* 01568 8093A918 00000000 */  nop
/* 0156C 8093A91C 00000000 */  nop

.section .data

D_8093A920: .word 0x00920600, 0x00000000, 0x012A0000, 0x00000208
.word func_809395FC
.word func_80939768
.word func_8093A3F4
.word 0x00000000
D_8093A940: .word \
0x0C000D39, 0x20010000, 0x00000000, 0x00000000, \
0x00000000, 0x81C37FBE, 0x00000000, 0x00010100, \
0x00370046, 0x00000000, 0x00000000
D_8093A96C: .word \
0x0C000D39, 0x20010000, 0x00000000, 0x00000000, \
0x00000000, 0x81C37BBE, 0x00000000, 0x00010100, \
0x004B0082, 0x00000000, 0x00000000
D_8093A998: .word D_8093A940
.word 0x800B3FC0
.word func_8093A418
.word func_809393B0
.word D_8093A96C
.word 0x00000000
.word func_8093A608
.word func_80939470
D_8093A9B8: .word 0x0000000C, 0x003CFF00
D_8093A9C0: .word 0xC8580064, 0xB0FC07D0, 0xB1000190, 0x310401F4
D_8093A9D0: .word 0x0011000E, 0x000A0008, 0x00070005, 0x00030002
D_8093A9E0: .byte 0x00, 0x10
D_8093A9E2: .byte 0x00, 0x0C, 0x00, 0x08, 0x00, 0x06, 0x00, 0x05, 0x00, 0x04, 0x00, 0x03, 0x00, 0x02

.section .rodata

D_8093A9F0: .word 0x46AFC800
D_8093A9F4: .word 0x460D0400
D_8093A9F8: .word 0x46EF4200
D_8093A9FC: .word 0x464EA400
D_8093AA00: .word 0x3E4CCCCD
D_8093AA04: .word 0x3F333333
D_8093AA08: .word 0x3E4CCCCD
D_8093AA0C: .word 0x3F59999A
D_8093AA10: .word 0x3F333333
D_8093AA14: .word 0x3D4CCCCD
D_8093AA18: .word 0x3DCCCCCD
D_8093AA1C: .word 0xC6F9EC00
D_8093AA20: .word 0x45098000
D_8093AA24: .word 0x450FC000
D_8093AA28: .word 0x450FC000
D_8093AA2C: .word 0x40233333
D_8093AA30: .word 0x3F20A0A1
D_8093AA34: .word 0x45098000
D_8093AA38: .word 0x450FC000
D_8093AA3C: .word 0x450FC000
D_8093AA40: .word 0x40233333, 0x00000000, 0x00000000, 0x00000000


.section .rodata
D_8093AA50:
.incbin "baserom/Obj_Bombiwa", 0x16A0, 0x00000180
