.include "macro.inc"

# assembler directives
.set noat      # allow manual use of $at
.set noreorder # don't insert nops after branches
.set gp=64     # allow use of 64-bit general purpose registers

.section .text
glabel func_80A19740
/* 00000 80A19740 27BDFFE8 */  addiu   $sp, $sp, 0xFFE8           ## $sp = FFFFFFE8
/* 00004 80A19744 AFBF0014 */  sw      $ra, 0x0014($sp)           
/* 00008 80A19748 AFA5001C */  sw      $a1, 0x001C($sp)           
/* 0000C 80A1974C 848E001C */  lh      $t6, 0x001C($a0)           ## 0000001C
/* 00010 80A19750 3C0580A2 */  lui     $a1, %hi(D_80A198D0)       ## $a1 = 80A20000
/* 00014 80A19754 31CF0001 */  andi    $t7, $t6, 0x0001           ## $t7 = 00000000
/* 00018 80A19758 000FC080 */  sll     $t8, $t7,  2               
/* 0001C 80A1975C 00B82821 */  addu    $a1, $a1, $t8              
/* 00020 80A19760 0C02D9F8 */  jal     func_800B67E0              
/* 00024 80A19764 8CA598D0 */  lw      $a1, %lo(D_80A198D0)($a1)  
/* 00028 80A19768 8FBF0014 */  lw      $ra, 0x0014($sp)           
/* 0002C 80A1976C 27BD0018 */  addiu   $sp, $sp, 0x0018           ## $sp = 00000000
/* 00030 80A19770 03E00008 */  jr      $ra                        
/* 00034 80A19774 00000000 */  nop


glabel func_80A19778
/* 00038 80A19778 27BDFFA0 */  addiu   $sp, $sp, 0xFFA0           ## $sp = FFFFFFA0
/* 0003C 80A1977C AFB00034 */  sw      $s0, 0x0034($sp)           
/* 00040 80A19780 00A08025 */  or      $s0, $a1, $zero            ## $s0 = 00000000
/* 00044 80A19784 AFBF003C */  sw      $ra, 0x003C($sp)           
/* 00048 80A19788 AFB10038 */  sw      $s1, 0x0038($sp)           
/* 0004C 80A1978C AFA40060 */  sw      $a0, 0x0060($sp)           
/* 00050 80A19790 8E040000 */  lw      $a0, 0x0000($s0)           ## 00000000
/* 00054 80A19794 0C04B0B7 */  jal     func_8012C2DC              
/* 00058 80A19798 00808825 */  or      $s1, $a0, $zero            ## $s1 = 00000000
/* 0005C 80A1979C 860E0810 */  lh      $t6, 0x0810($s0)           ## 00000810
/* 00060 80A197A0 000E7880 */  sll     $t7, $t6,  2               
/* 00064 80A197A4 020FC021 */  addu    $t8, $s0, $t7              
/* 00068 80A197A8 0C037F37 */  jal     func_800DFCDC              
/* 0006C 80A197AC 8F040800 */  lw      $a0, 0x0800($t8)           ## 00000800
/* 00070 80A197B0 24018000 */  addiu   $at, $zero, 0x8000         ## $at = FFFF8000
/* 00074 80A197B4 00412021 */  addu    $a0, $v0, $at              
/* 00078 80A197B8 00042400 */  sll     $a0, $a0, 16               
/* 0007C 80A197BC 00042403 */  sra     $a0, $a0, 16               
/* 00080 80A197C0 0C06026B */  jal     func_801809AC              
/* 00084 80A197C4 24050001 */  addiu   $a1, $zero, 0x0001         ## $a1 = 00000001
/* 00088 80A197C8 8E2202C0 */  lw      $v0, 0x02C0($s1)           ## 000002C0
/* 0008C 80A197CC 3C08DA38 */  lui     $t0, 0xDA38                ## $t0 = DA380000
/* 00090 80A197D0 35080003 */  ori     $t0, $t0, 0x0003           ## $t0 = DA380003
/* 00094 80A197D4 24590008 */  addiu   $t9, $v0, 0x0008           ## $t9 = 00000008
/* 00098 80A197D8 AE3902C0 */  sw      $t9, 0x02C0($s1)           ## 000002C0
/* 0009C 80A197DC AC480000 */  sw      $t0, 0x0000($v0)           ## 00000000
/* 000A0 80A197E0 8E040000 */  lw      $a0, 0x0000($s0)           ## 00000000
/* 000A4 80A197E4 0C060690 */  jal     func_80181A40              
/* 000A8 80A197E8 AFA20048 */  sw      $v0, 0x0048($sp)           
/* 000AC 80A197EC 8FA30048 */  lw      $v1, 0x0048($sp)           
/* 000B0 80A197F0 3C070002 */  lui     $a3, 0x0002                ## $a3 = 00020000
/* 000B4 80A197F4 00F03821 */  addu    $a3, $a3, $s0              
/* 000B8 80A197F8 AC620004 */  sw      $v0, 0x0004($v1)           ## 00000004
/* 000BC 80A197FC 8CE78840 */  lw      $a3, -0x77C0($a3)          ## 00018840
/* 000C0 80A19800 3C017FFF */  lui     $at, 0x7FFF                ## $at = 7FFF0000
/* 000C4 80A19804 3421FFFF */  ori     $at, $at, 0xFFFF           ## $at = 7FFFFFFF
/* 000C8 80A19808 00E13824 */  and     $a3, $a3, $at              
/* 000CC 80A1980C 00073823 */  subu    $a3, $zero, $a3            
/* 000D0 80A19810 30E7007F */  andi    $a3, $a3, 0x007F           ## $a3 = 00000000
/* 000D4 80A19814 8E2202C0 */  lw      $v0, 0x02C0($s1)           ## 000002C0
/* 000D8 80A19818 3C0ADB06 */  lui     $t2, 0xDB06                ## $t2 = DB060000
/* 000DC 80A1981C 354A0020 */  ori     $t2, $t2, 0x0020           ## $t2 = DB060020
/* 000E0 80A19820 24490008 */  addiu   $t1, $v0, 0x0008           ## $t1 = 00000008
/* 000E4 80A19824 AE2902C0 */  sw      $t1, 0x02C0($s1)           ## 000002C0
/* 000E8 80A19828 AC4A0000 */  sw      $t2, 0x0000($v0)           ## 00000000
/* 000EC 80A1982C 8E040000 */  lw      $a0, 0x0000($s0)           ## 00000000
/* 000F0 80A19830 240B0020 */  addiu   $t3, $zero, 0x0020         ## $t3 = 00000020
/* 000F4 80A19834 240C0020 */  addiu   $t4, $zero, 0x0020         ## $t4 = 00000020
/* 000F8 80A19838 240D0001 */  addiu   $t5, $zero, 0x0001         ## $t5 = 00000001
/* 000FC 80A1983C 240E0020 */  addiu   $t6, $zero, 0x0020         ## $t6 = 00000020
/* 00100 80A19840 240F0020 */  addiu   $t7, $zero, 0x0020         ## $t7 = 00000020
/* 00104 80A19844 AFAF0028 */  sw      $t7, 0x0028($sp)           
/* 00108 80A19848 AFAE0024 */  sw      $t6, 0x0024($sp)           
/* 0010C 80A1984C AFAD0018 */  sw      $t5, 0x0018($sp)           
/* 00110 80A19850 AFAC0014 */  sw      $t4, 0x0014($sp)           
/* 00114 80A19854 AFAB0010 */  sw      $t3, 0x0010($sp)           
/* 00118 80A19858 AFA70020 */  sw      $a3, 0x0020($sp)           
/* 0011C 80A1985C AFA0001C */  sw      $zero, 0x001C($sp)         
/* 00120 80A19860 00002825 */  or      $a1, $zero, $zero          ## $a1 = 00000000
/* 00124 80A19864 00003025 */  or      $a2, $zero, $zero          ## $a2 = 00000000
/* 00128 80A19868 0C04B2F4 */  jal     func_8012CBD0              
/* 0012C 80A1986C AFA20044 */  sw      $v0, 0x0044($sp)           
/* 00130 80A19870 8FA30044 */  lw      $v1, 0x0044($sp)           
/* 00134 80A19874 3C19DE00 */  lui     $t9, 0xDE00                ## $t9 = DE000000
/* 00138 80A19878 AC620004 */  sw      $v0, 0x0004($v1)           ## 00000004
/* 0013C 80A1987C 8E2202C0 */  lw      $v0, 0x02C0($s1)           ## 000002C0
/* 00140 80A19880 3C080600 */  lui     $t0, 0x0600                ## $t0 = 06000000
/* 00144 80A19884 250800D0 */  addiu   $t0, $t0, 0x00D0           ## $t0 = 060000D0
/* 00148 80A19888 24580008 */  addiu   $t8, $v0, 0x0008           ## $t8 = 00000008
/* 0014C 80A1988C AE3802C0 */  sw      $t8, 0x02C0($s1)           ## 000002C0
/* 00150 80A19890 AC480004 */  sw      $t0, 0x0004($v0)           ## 00000004
/* 00154 80A19894 AC590000 */  sw      $t9, 0x0000($v0)           ## 00000000
/* 00158 80A19898 8FBF003C */  lw      $ra, 0x003C($sp)           
/* 0015C 80A1989C 8FB00034 */  lw      $s0, 0x0034($sp)           
/* 00160 80A198A0 8FB10038 */  lw      $s1, 0x0038($sp)           
/* 00164 80A198A4 03E00008 */  jr      $ra                        
/* 00168 80A198A8 27BD0060 */  addiu   $sp, $sp, 0x0060           ## $sp = 00000000
/* 0016C 80A198AC 00000000 */  nop

.section .data

D_80A198B0: .word 0x013B0600, 0x00000030, 0x01620000, 0x00000144
.word func_80A19740
.word 0x800BDFB0, 0x800BDFB0
.word func_80A19778
D_80A198D0: .word 0x3DCCCCCD, 0x3CC7CE0D, 0x00000000, 0x00000000

.section .rodata



.section .rodata
D_80A198E0:
.incbin "baserom/Obj_Funen", 0x1A0, 0x00000030
