.include "macro.inc"

# assembler directives
.set noat      # allow manual use of $at
.set noreorder # don't insert nops after branches
.set gp=64     # allow use of 64-bit general purpose registers

.section .text
glabel func_80931560
/* 00000 80931560 27BDFFC8 */  addiu   $sp, $sp, 0xFFC8           ## $sp = FFFFFFC8
/* 00004 80931564 AFB70030 */  sw      $s7, 0x0030($sp)           
/* 00008 80931568 AFB00014 */  sw      $s0, 0x0014($sp)           
/* 0000C 8093156C 00808025 */  or      $s0, $a0, $zero            ## $s0 = 00000000
/* 00010 80931570 00A0B825 */  or      $s7, $a1, $zero            ## $s7 = 00000000
/* 00014 80931574 AFBF0034 */  sw      $ra, 0x0034($sp)           
/* 00018 80931578 AFB6002C */  sw      $s6, 0x002C($sp)           
/* 0001C 8093157C AFB50028 */  sw      $s5, 0x0028($sp)           
/* 00020 80931580 AFB40024 */  sw      $s4, 0x0024($sp)           
/* 00024 80931584 AFB30020 */  sw      $s3, 0x0020($sp)           
/* 00028 80931588 AFB2001C */  sw      $s2, 0x001C($sp)           
/* 0002C 8093158C AFB10018 */  sw      $s1, 0x0018($sp)           
/* 00030 80931590 8602001C */  lh      $v0, 0x001C($s0)           ## 0000001C
/* 00034 80931594 3C0145AF */  lui     $at, 0x45AF                ## $at = 45AF0000
/* 00038 80931598 44812000 */  mtc1    $at, $f4                   ## $f4 = 5600.00
/* 0003C 8093159C 305800FF */  andi    $t8, $v0, 0x00FF           ## $t8 = 00000000
/* 00040 809315A0 A618001C */  sh      $t8, 0x001C($s0)           ## 0000001C
/* 00044 809315A4 8619001C */  lh      $t9, 0x001C($s0)           ## 0000001C
/* 00048 809315A8 00027A03 */  sra     $t7, $v0,  8               
/* 0004C 809315AC A20F0149 */  sb      $t7, 0x0149($s0)           ## 00000149
/* 00050 809315B0 44993000 */  mtc1    $t9, $f6                   ## $f6 = 0.00
/* 00054 809315B4 3C018093 */  lui     $at, %hi(D_809323A0)       ## $at = 80930000
/* 00058 809315B8 E60400FC */  swc1    $f4, 0x00FC($s0)           ## 000000FC
/* 0005C 809315BC 46803220 */  cvt.s.w $f8, $f6                   
/* 00060 809315C0 C42A23A0 */  lwc1    $f10, %lo(D_809323A0)($at) 
/* 00064 809315C4 02002025 */  or      $a0, $s0, $zero            ## $a0 = 00000000
/* 00068 809315C8 460A4402 */  mul.s   $f16, $f8, $f10            
/* 0006C 809315CC 44058000 */  mfc1    $a1, $f16                  
/* 00070 809315D0 0C02D9F8 */  jal     func_800B67E0              
/* 00074 809315D4 00000000 */  nop
/* 00078 809315D8 3C158093 */  lui     $s5, %hi(D_8093234C)       ## $s5 = 80930000
/* 0007C 809315DC 3C148093 */  lui     $s4, %hi(D_80932320)       ## $s4 = 80930000
/* 00080 809315E0 26942320 */  addiu   $s4, $s4, %lo(D_80932320)  ## $s4 = 80932320
/* 00084 809315E4 26B5234C */  addiu   $s5, $s5, %lo(D_8093234C)  ## $s5 = 8093234C
/* 00088 809315E8 00009825 */  or      $s3, $zero, $zero          ## $s3 = 00000000
/* 0008C 809315EC 261101E4 */  addiu   $s1, $s0, 0x01E4           ## $s1 = 000001E4
/* 00090 809315F0 2612014C */  addiu   $s2, $s0, 0x014C           ## $s2 = 0000014C
/* 00094 809315F4 24160098 */  addiu   $s6, $zero, 0x0098         ## $s6 = 00000098
.L809315F8:
/* 00098 809315F8 02E02025 */  or      $a0, $s7, $zero            ## $a0 = 00000000
/* 0009C 809315FC 02402825 */  or      $a1, $s2, $zero            ## $a1 = 0000014C
/* 000A0 80931600 02003025 */  or      $a2, $s0, $zero            ## $a2 = 00000000
/* 000A4 80931604 0C0384DD */  jal     func_800E1374              
/* 000A8 80931608 02803825 */  or      $a3, $s4, $zero            ## $a3 = 80932320
/* 000AC 8093160C 02E02025 */  or      $a0, $s7, $zero            ## $a0 = 00000000
/* 000B0 80931610 02202825 */  or      $a1, $s1, $zero            ## $a1 = 000001E4
/* 000B4 80931614 02003025 */  or      $a2, $s0, $zero            ## $a2 = 00000000
/* 000B8 80931618 0C0384DD */  jal     func_800E1374              
/* 000BC 8093161C 02A03825 */  or      $a3, $s5, $zero            ## $a3 = 8093234C
/* 000C0 80931620 02002025 */  or      $a0, $s0, $zero            ## $a0 = 00000000
/* 000C4 80931624 0C039F7E */  jal     func_800E7DF8              
/* 000C8 80931628 02402825 */  or      $a1, $s2, $zero            ## $a1 = 0000014C
/* 000CC 8093162C 02002025 */  or      $a0, $s0, $zero            ## $a0 = 00000000
/* 000D0 80931630 0C039F7E */  jal     func_800E7DF8              
/* 000D4 80931634 02202825 */  or      $a1, $s1, $zero            ## $a1 = 000001E4
/* 000D8 80931638 2673004C */  addiu   $s3, $s3, 0x004C           ## $s3 = 0000004C
/* 000DC 8093163C 2631004C */  addiu   $s1, $s1, 0x004C           ## $s1 = 00000230
/* 000E0 80931640 1676FFED */  bne     $s3, $s6, .L809315F8       
/* 000E4 80931644 2652004C */  addiu   $s2, $s2, 0x004C           ## $s2 = 00000198
/* 000E8 80931648 3C014240 */  lui     $at, 0x4240                ## $at = 42400000
/* 000EC 8093164C 44812000 */  mtc1    $at, $f4                   ## $f4 = 48.00
/* 000F0 80931650 C6120058 */  lwc1    $f18, 0x0058($s0)          ## 00000058
/* 000F4 80931654 3C014268 */  lui     $at, 0x4268                ## $at = 42680000
/* 000F8 80931658 44818000 */  mtc1    $at, $f16                  ## $f16 = 58.00
/* 000FC 8093165C 46049182 */  mul.s   $f6, $f18, $f4             
/* 00100 80931660 C60A005C */  lwc1    $f10, 0x005C($s0)          ## 0000005C
/* 00104 80931664 3C0141B8 */  lui     $at, 0x41B8                ## $at = 41B80000
/* 00108 80931668 02002025 */  or      $a0, $s0, $zero            ## $a0 = 00000000
/* 0010C 8093166C 46105482 */  mul.s   $f18, $f10, $f16           
/* 00110 80931670 4600320D */  trunc.w.s $f8, $f6                   
/* 00114 80931674 C6060058 */  lwc1    $f6, 0x0058($s0)           ## 00000058
/* 00118 80931678 4600910D */  trunc.w.s $f4, $f18                  
/* 0011C 8093167C 44094000 */  mfc1    $t1, $f8                   
/* 00120 80931680 44814000 */  mtc1    $at, $f8                   ## $f8 = 23.00
/* 00124 80931684 3C014248 */  lui     $at, 0x4248                ## $at = 42480000
/* 00128 80931688 440B2000 */  mfc1    $t3, $f4                   
/* 0012C 8093168C 46083282 */  mul.s   $f10, $f6, $f8             
/* 00130 80931690 44812000 */  mtc1    $at, $f4                   ## $f4 = 50.00
/* 00134 80931694 C612005C */  lwc1    $f18, 0x005C($s0)          ## 0000005C
/* 00138 80931698 3C0141F0 */  lui     $at, 0x41F0                ## $at = 41F00000
/* 0013C 8093169C A60B018E */  sh      $t3, 0x018E($s0)           ## 0000018E
/* 00140 809316A0 46049182 */  mul.s   $f6, $f18, $f4             
/* 00144 809316A4 8602018E */  lh      $v0, 0x018E($s0)           ## 0000018E
/* 00148 809316A8 A609018C */  sh      $t1, 0x018C($s0)           ## 0000018C
/* 0014C 809316AC 860C018C */  lh      $t4, 0x018C($s0)           ## 0000018C
/* 00150 809316B0 A60201DC */  sh      $v0, 0x01DC($s0)           ## 000001DC
/* 00154 809316B4 860A01DC */  lh      $t2, 0x01DC($s0)           ## 000001DC
/* 00158 809316B8 4600540D */  trunc.w.s $f16, $f10                 
/* 0015C 809316BC C60A005C */  lwc1    $f10, 0x005C($s0)          ## 0000005C
/* 00160 809316C0 A6020226 */  sh      $v0, 0x0226($s0)           ## 00000226
/* 00164 809316C4 4600320D */  trunc.w.s $f8, $f6                   
/* 00168 809316C8 440F8000 */  mfc1    $t7, $f16                  
/* 0016C 809316CC 44818000 */  mtc1    $at, $f16                  ## $f16 = 30.00
/* 00170 809316D0 240200FF */  addiu   $v0, $zero, 0x00FF         ## $v0 = 000000FF
/* 00174 809316D4 44194000 */  mfc1    $t9, $f8                   
/* 00178 809316D8 46105482 */  mul.s   $f18, $f10, $f16           
/* 0017C 809316DC A60F01D8 */  sh      $t7, 0x01D8($s0)           ## 000001D8
/* 00180 809316E0 A61901DA */  sh      $t9, 0x01DA($s0)           ## 000001DA
/* 00184 809316E4 860801D8 */  lh      $t0, 0x01D8($s0)           ## 000001D8
/* 00188 809316E8 860901DA */  lh      $t1, 0x01DA($s0)           ## 000001DA
/* 0018C 809316EC 258D0011 */  addiu   $t5, $t4, 0x0011           ## $t5 = 00000011
/* 00190 809316F0 A60D0224 */  sh      $t5, 0x0224($s0)           ## 00000224
/* 00194 809316F4 44059000 */  mfc1    $a1, $f18                  
/* 00198 809316F8 A20200B6 */  sb      $v0, 0x00B6($s0)           ## 000000B6
/* 0019C 809316FC A2020148 */  sb      $v0, 0x0148($s0)           ## 00000148
/* 001A0 80931700 A60A0274 */  sh      $t2, 0x0274($s0)           ## 00000274
/* 001A4 80931704 A6080270 */  sh      $t0, 0x0270($s0)           ## 00000270
/* 001A8 80931708 0C02D9D7 */  jal     func_800B675C              
/* 001AC 8093170C A6090272 */  sh      $t1, 0x0272($s0)           ## 00000272
/* 001B0 80931710 92050149 */  lbu     $a1, 0x0149($s0)           ## 00000149
/* 001B4 80931714 240B0500 */  addiu   $t3, $zero, 0x0500         ## $t3 = 00000500
/* 001B8 80931718 240CFB00 */  addiu   $t4, $zero, 0xFB00         ## $t4 = FFFFFB00
/* 001BC 8093171C 240100FF */  addiu   $at, $zero, 0x00FF         ## $at = 000000FF
/* 001C0 80931720 A60B00BC */  sh      $t3, 0x00BC($s0)           ## 000000BC
/* 001C4 80931724 10A10005 */  beq     $a1, $at, .L8093173C       
/* 001C8 80931728 A60C00C0 */  sh      $t4, 0x00C0($s0)           ## 000000C0
/* 001CC 8093172C 0C02D6EC */  jal     func_800B5BB0              
/* 001D0 80931730 02E02025 */  or      $a0, $s7, $zero            ## $a0 = 00000000
/* 001D4 80931734 1440000A */  bne     $v0, $zero, .L80931760     
/* 001D8 80931738 00000000 */  nop
.L8093173C:
/* 001DC 8093173C 86ED00A4 */  lh      $t5, 0x00A4($s7)           ## 000000A4
/* 001E0 80931740 2401002C */  addiu   $at, $zero, 0x002C         ## $at = 0000002C
/* 001E4 80931744 3C0E801F */  lui     $t6, 0x801F                ## $t6 = 801F0000
/* 001E8 80931748 15A10009 */  bne     $t5, $at, .L80931770       
/* 001EC 8093174C 3C188093 */  lui     $t8, %hi(func_80931A38)    ## $t8 = 80930000
/* 001F0 80931750 91CE0589 */  lbu     $t6, 0x0589($t6)           ## 801F0589
/* 001F4 80931754 31CF0080 */  andi    $t7, $t6, 0x0080           ## $t7 = 00000000
/* 001F8 80931758 11E00005 */  beq     $t7, $zero, .L80931770     
/* 001FC 8093175C 00000000 */  nop
.L80931760:
/* 00200 80931760 0C02D9C3 */  jal     func_800B670C              
/* 00204 80931764 02002025 */  or      $a0, $s0, $zero            ## $a0 = 00000000
/* 00208 80931768 10000004 */  beq     $zero, $zero, .L8093177C   
/* 0020C 8093176C 8FBF0034 */  lw      $ra, 0x0034($sp)           
.L80931770:
/* 00210 80931770 27181A38 */  addiu   $t8, $t8, %lo(func_80931A38) ## $t8 = 00001A38
/* 00214 80931774 AE180144 */  sw      $t8, 0x0144($s0)           ## 00000144
/* 00218 80931778 8FBF0034 */  lw      $ra, 0x0034($sp)           
.L8093177C:
/* 0021C 8093177C 8FB00014 */  lw      $s0, 0x0014($sp)           
/* 00220 80931780 8FB10018 */  lw      $s1, 0x0018($sp)           
/* 00224 80931784 8FB2001C */  lw      $s2, 0x001C($sp)           
/* 00228 80931788 8FB30020 */  lw      $s3, 0x0020($sp)           
/* 0022C 8093178C 8FB40024 */  lw      $s4, 0x0024($sp)           
/* 00230 80931790 8FB50028 */  lw      $s5, 0x0028($sp)           
/* 00234 80931794 8FB6002C */  lw      $s6, 0x002C($sp)           
/* 00238 80931798 8FB70030 */  lw      $s7, 0x0030($sp)           
/* 0023C 8093179C 03E00008 */  jr      $ra                        
/* 00240 809317A0 27BD0038 */  addiu   $sp, $sp, 0x0038           ## $sp = 00000000


glabel func_809317A4
/* 00244 809317A4 27BDFFD0 */  addiu   $sp, $sp, 0xFFD0           ## $sp = FFFFFFD0
/* 00248 809317A8 AFB40024 */  sw      $s4, 0x0024($sp)           
/* 0024C 809317AC AFB30020 */  sw      $s3, 0x0020($sp)           
/* 00250 809317B0 00809825 */  or      $s3, $a0, $zero            ## $s3 = 00000000
/* 00254 809317B4 00A0A025 */  or      $s4, $a1, $zero            ## $s4 = 00000000
/* 00258 809317B8 AFBF002C */  sw      $ra, 0x002C($sp)           
/* 0025C 809317BC AFB50028 */  sw      $s5, 0x0028($sp)           
/* 00260 809317C0 AFB2001C */  sw      $s2, 0x001C($sp)           
/* 00264 809317C4 AFB10018 */  sw      $s1, 0x0018($sp)           
/* 00268 809317C8 AFB00014 */  sw      $s0, 0x0014($sp)           
/* 0026C 809317CC 00008025 */  or      $s0, $zero, $zero          ## $s0 = 00000000
/* 00270 809317D0 267101E4 */  addiu   $s1, $s3, 0x01E4           ## $s1 = 000001E4
/* 00274 809317D4 2672014C */  addiu   $s2, $s3, 0x014C           ## $s2 = 0000014C
/* 00278 809317D8 24150098 */  addiu   $s5, $zero, 0x0098         ## $s5 = 00000098
.L809317DC:
/* 0027C 809317DC 02802025 */  or      $a0, $s4, $zero            ## $a0 = 00000000
/* 00280 809317E0 0C03847B */  jal     func_800E11EC              
/* 00284 809317E4 02402825 */  or      $a1, $s2, $zero            ## $a1 = 0000014C
/* 00288 809317E8 02802025 */  or      $a0, $s4, $zero            ## $a0 = 00000000
/* 0028C 809317EC 0C03847B */  jal     func_800E11EC              
/* 00290 809317F0 02202825 */  or      $a1, $s1, $zero            ## $a1 = 000001E4
/* 00294 809317F4 2610004C */  addiu   $s0, $s0, 0x004C           ## $s0 = 0000004C
/* 00298 809317F8 2631004C */  addiu   $s1, $s1, 0x004C           ## $s1 = 00000230
/* 0029C 809317FC 1615FFF7 */  bne     $s0, $s5, .L809317DC       
/* 002A0 80931800 2652004C */  addiu   $s2, $s2, 0x004C           ## $s2 = 00000198
/* 002A4 80931804 8FBF002C */  lw      $ra, 0x002C($sp)           
/* 002A8 80931808 8FB00014 */  lw      $s0, 0x0014($sp)           
/* 002AC 8093180C 8FB10018 */  lw      $s1, 0x0018($sp)           
/* 002B0 80931810 8FB2001C */  lw      $s2, 0x001C($sp)           
/* 002B4 80931814 8FB30020 */  lw      $s3, 0x0020($sp)           
/* 002B8 80931818 8FB40024 */  lw      $s4, 0x0024($sp)           
/* 002BC 8093181C 8FB50028 */  lw      $s5, 0x0028($sp)           
/* 002C0 80931820 03E00008 */  jr      $ra                        
/* 002C4 80931824 27BD0030 */  addiu   $sp, $sp, 0x0030           ## $sp = 00000000


glabel func_80931828
/* 002C8 80931828 27BDFF50 */  addiu   $sp, $sp, 0xFF50           ## $sp = FFFFFF50
/* 002CC 8093182C AFBE0078 */  sw      $s8, 0x0078($sp)           
/* 002D0 80931830 AFB70074 */  sw      $s7, 0x0074($sp)           
/* 002D4 80931834 AFB00058 */  sw      $s0, 0x0058($sp)           
/* 002D8 80931838 00808025 */  or      $s0, $a0, $zero            ## $s0 = 00000000
/* 002DC 8093183C 00A0B825 */  or      $s7, $a1, $zero            ## $s7 = 00000000
/* 002E0 80931840 27BE00A0 */  addiu   $s8, $sp, 0x00A0           ## $s8 = FFFFFFF0
/* 002E4 80931844 AFBF007C */  sw      $ra, 0x007C($sp)           
/* 002E8 80931848 AFB60070 */  sw      $s6, 0x0070($sp)           
/* 002EC 8093184C AFB5006C */  sw      $s5, 0x006C($sp)           
/* 002F0 80931850 AFB40068 */  sw      $s4, 0x0068($sp)           
/* 002F4 80931854 AFB30064 */  sw      $s3, 0x0064($sp)           
/* 002F8 80931858 AFB20060 */  sw      $s2, 0x0060($sp)           
/* 002FC 8093185C AFB1005C */  sw      $s1, 0x005C($sp)           
/* 00300 80931860 F7BE0050 */  sdc1    $f30, 0x0050($sp)          
/* 00304 80931864 F7BC0048 */  sdc1    $f28, 0x0048($sp)          
/* 00308 80931868 F7BA0040 */  sdc1    $f26, 0x0040($sp)          
/* 0030C 8093186C F7B80038 */  sdc1    $f24, 0x0038($sp)          
/* 00310 80931870 F7B60030 */  sdc1    $f22, 0x0030($sp)          
/* 00314 80931874 F7B40028 */  sdc1    $f20, 0x0028($sp)          
/* 00318 80931878 C6040024 */  lwc1    $f4, 0x0024($s0)           ## 00000024
/* 0031C 8093187C 26E40830 */  addiu   $a0, $s7, 0x0830           ## $a0 = 00000830
/* 00320 80931880 27A50088 */  addiu   $a1, $sp, 0x0088           ## $a1 = FFFFFFD8
/* 00324 80931884 E7A400A0 */  swc1    $f4, 0x00A0($sp)           
/* 00328 80931888 860E018E */  lh      $t6, 0x018E($s0)           ## 0000018E
/* 0032C 8093188C C60A0028 */  lwc1    $f10, 0x0028($s0)          ## 00000028
/* 00330 80931890 03C03025 */  or      $a2, $s8, $zero            ## $a2 = FFFFFFF0
/* 00334 80931894 000E7840 */  sll     $t7, $t6,  1               
/* 00338 80931898 448F3000 */  mtc1    $t7, $f6                   ## $f6 = 0.00
/* 0033C 8093189C 00000000 */  nop
/* 00340 809318A0 46803220 */  cvt.s.w $f8, $f6                   
/* 00344 809318A4 460A4400 */  add.s   $f16, $f8, $f10            
/* 00348 809318A8 E7B000A4 */  swc1    $f16, 0x00A4($sp)          
/* 0034C 809318AC C612002C */  lwc1    $f18, 0x002C($s0)          ## 0000002C
/* 00350 809318B0 0C030FE8 */  jal     func_800C3FA0              
/* 00354 809318B4 E7B200A8 */  swc1    $f18, 0x00A8($sp)          
/* 00358 809318B8 C6020028 */  lwc1    $f2, 0x0028($s0)           ## 00000028
/* 0035C 809318BC 46000386 */  mov.s   $f14, $f0                  
/* 00360 809318C0 C7A400A4 */  lwc1    $f4, 0x00A4($sp)           
/* 00364 809318C4 4602003C */  c.lt.s  $f0, $f2                   
/* 00368 809318C8 00008825 */  or      $s1, $zero, $zero          ## $s1 = 00000000
/* 0036C 809318CC 3C018093 */  lui     $at, %hi(D_809323A4)       ## $at = 80930000
/* 00370 809318D0 2416001E */  addiu   $s6, $zero, 0x001E         ## $s6 = 0000001E
/* 00374 809318D4 45000002 */  bc1f    .L809318E0                 
/* 00378 809318D8 3C158093 */  lui     $s5, %hi(D_80932384)       ## $s5 = 80930000
/* 0037C 809318DC 46001386 */  mov.s   $f14, $f2                  
.L809318E0:
/* 00380 809318E0 C43E23A4 */  lwc1    $f30, %lo(D_809323A4)($at) 
/* 00384 809318E4 3C018093 */  lui     $at, %hi(D_809323A8)       ## $at = 80930000
/* 00388 809318E8 C43C23A8 */  lwc1    $f28, %lo(D_809323A8)($at) 
/* 0038C 809318EC 3C014170 */  lui     $at, 0x4170                ## $at = 41700000
/* 00390 809318F0 4481D000 */  mtc1    $at, $f26                  ## $f26 = 15.00
/* 00394 809318F4 3C018093 */  lui     $at, %hi(D_809323AC)       ## $at = 80930000
/* 00398 809318F8 C43623AC */  lwc1    $f22, %lo(D_809323AC)($at) 
/* 0039C 809318FC 3C014140 */  lui     $at, 0x4140                ## $at = 41400000
/* 003A0 80931900 3C148093 */  lui     $s4, %hi(D_80932380)       ## $s4 = 80930000
/* 003A4 80931904 3C138093 */  lui     $s3, %hi(D_80932388)       ## $s3 = 80930000
/* 003A8 80931908 4481A000 */  mtc1    $at, $f20                  ## $f20 = 12.00
/* 003AC 8093190C 460E2601 */  sub.s   $f24, $f4, $f14            
/* 003B0 80931910 26732388 */  addiu   $s3, $s3, %lo(D_80932388)  ## $s3 = 80932388
/* 003B4 80931914 26942380 */  addiu   $s4, $s4, %lo(D_80932380)  ## $s4 = 80932380
/* 003B8 80931918 E7AE0090 */  swc1    $f14, 0x0090($sp)          
/* 003BC 8093191C 26B52384 */  addiu   $s5, $s5, %lo(D_80932384)  ## $s5 = 80932384
/* 003C0 80931920 27B20094 */  addiu   $s2, $sp, 0x0094           ## $s2 = FFFFFFE4
.L80931924:
/* 003C4 80931924 0C05E570 */  jal     func_801795C0              
/* 003C8 80931928 4600A306 */  mov.s   $f12, $f20                 
/* 003CC 8093192C E7A00094 */  swc1    $f0, 0x0094($sp)           
/* 003D0 80931930 0C05E565 */  jal     func_80179594              
/* 003D4 80931934 4600D306 */  mov.s   $f12, $f26                 
/* 003D8 80931938 E7A00098 */  swc1    $f0, 0x0098($sp)           
/* 003DC 8093193C 0C05E570 */  jal     func_801795C0              
/* 003E0 80931940 4600A306 */  mov.s   $f12, $f20                 
/* 003E4 80931944 E7A0009C */  swc1    $f0, 0x009C($sp)           
/* 003E8 80931948 8618018C */  lh      $t8, 0x018C($s0)           ## 0000018C
/* 003EC 8093194C C7AA0094 */  lwc1    $f10, 0x0094($sp)          
/* 003F0 80931950 C6040024 */  lwc1    $f4, 0x0024($s0)           ## 00000024
/* 003F4 80931954 44983000 */  mtc1    $t8, $f6                   ## $f6 = 0.00
/* 003F8 80931958 46165402 */  mul.s   $f16, $f10, $f22           
/* 003FC 8093195C 4600C306 */  mov.s   $f12, $f24                 
/* 00400 80931960 46803220 */  cvt.s.w $f8, $f6                   
/* 00404 80931964 46104482 */  mul.s   $f18, $f8, $f16            
/* 00408 80931968 46049180 */  add.s   $f6, $f18, $f4             
/* 0040C 8093196C 46160402 */  mul.s   $f16, $f0, $f22            
/* 00410 80931970 E7A600A0 */  swc1    $f6, 0x00A0($sp)           
/* 00414 80931974 8619018C */  lh      $t9, 0x018C($s0)           ## 0000018C
/* 00418 80931978 C604002C */  lwc1    $f4, 0x002C($s0)           ## 0000002C
/* 0041C 8093197C 44995000 */  mtc1    $t9, $f10                  ## $f10 = 0.00
/* 00420 80931980 00000000 */  nop
/* 00424 80931984 46805220 */  cvt.s.w $f8, $f10                  
/* 00428 80931988 46104482 */  mul.s   $f18, $f8, $f16            
/* 0042C 8093198C 46049180 */  add.s   $f6, $f18, $f4             
/* 00430 80931990 0C05E565 */  jal     func_80179594              
/* 00434 80931994 E7A600A8 */  swc1    $f6, 0x00A8($sp)           
/* 00438 80931998 C7AA0090 */  lwc1    $f10, 0x0090($sp)          
/* 0043C 8093199C 4600E306 */  mov.s   $f12, $f28                 
/* 00440 809319A0 460A0200 */  add.s   $f8, $f0, $f10             
/* 00444 809319A4 0C05E565 */  jal     func_80179594              
/* 00448 809319A8 E7A800A4 */  swc1    $f8, 0x00A4($sp)           
/* 0044C 809319AC 461E0400 */  add.s   $f16, $f0, $f30            
/* 00450 809319B0 C6120058 */  lwc1    $f18, 0x0058($s0)          ## 00000058
/* 00454 809319B4 24080028 */  addiu   $t0, $zero, 0x0028         ## $t0 = 00000028
/* 00458 809319B8 AFA8001C */  sw      $t0, 0x001C($sp)           
/* 0045C 809319BC 46128102 */  mul.s   $f4, $f16, $f18            
/* 00460 809319C0 AFB50018 */  sw      $s5, 0x0018($sp)           
/* 00464 809319C4 AFB40014 */  sw      $s4, 0x0014($sp)           
/* 00468 809319C8 AFB30010 */  sw      $s3, 0x0010($sp)           
/* 0046C 809319CC 02E02025 */  or      $a0, $s7, $zero            ## $a0 = 00000000
/* 00470 809319D0 03C02825 */  or      $a1, $s8, $zero            ## $a1 = FFFFFFF0
/* 00474 809319D4 02403825 */  or      $a3, $s2, $zero            ## $a3 = FFFFFFE4
/* 00478 809319D8 44062000 */  mfc1    $a2, $f4                   
/* 0047C 809319DC 0C02CAF0 */  jal     func_800B2BC0              
/* 00480 809319E0 00000000 */  nop
/* 00484 809319E4 26310001 */  addiu   $s1, $s1, 0x0001           ## $s1 = 00000001
/* 00488 809319E8 1636FFCE */  bne     $s1, $s6, .L80931924       
/* 0048C 809319EC 00000000 */  nop
/* 00490 809319F0 8FBF007C */  lw      $ra, 0x007C($sp)           
/* 00494 809319F4 D7B40028 */  ldc1    $f20, 0x0028($sp)          
/* 00498 809319F8 D7B60030 */  ldc1    $f22, 0x0030($sp)          
/* 0049C 809319FC D7B80038 */  ldc1    $f24, 0x0038($sp)          
/* 004A0 80931A00 D7BA0040 */  ldc1    $f26, 0x0040($sp)          
/* 004A4 80931A04 D7BC0048 */  ldc1    $f28, 0x0048($sp)          
/* 004A8 80931A08 D7BE0050 */  ldc1    $f30, 0x0050($sp)          
/* 004AC 80931A0C 8FB00058 */  lw      $s0, 0x0058($sp)           
/* 004B0 80931A10 8FB1005C */  lw      $s1, 0x005C($sp)           
/* 004B4 80931A14 8FB20060 */  lw      $s2, 0x0060($sp)           
/* 004B8 80931A18 8FB30064 */  lw      $s3, 0x0064($sp)           
/* 004BC 80931A1C 8FB40068 */  lw      $s4, 0x0068($sp)           
/* 004C0 80931A20 8FB5006C */  lw      $s5, 0x006C($sp)           
/* 004C4 80931A24 8FB60070 */  lw      $s6, 0x0070($sp)           
/* 004C8 80931A28 8FB70074 */  lw      $s7, 0x0074($sp)           
/* 004CC 80931A2C 8FBE0078 */  lw      $s8, 0x0078($sp)           
/* 004D0 80931A30 03E00008 */  jr      $ra                        
/* 004D4 80931A34 27BD00B0 */  addiu   $sp, $sp, 0x00B0           ## $sp = 00000000


glabel func_80931A38
/* 004D8 80931A38 27BDFF80 */  addiu   $sp, $sp, 0xFF80           ## $sp = FFFFFF80
/* 004DC 80931A3C AFB50038 */  sw      $s5, 0x0038($sp)           
/* 004E0 80931A40 AFB40034 */  sw      $s4, 0x0034($sp)           
/* 004E4 80931A44 0080A025 */  or      $s4, $a0, $zero            ## $s4 = 00000000
/* 004E8 80931A48 00A0A825 */  or      $s5, $a1, $zero            ## $s5 = 00000000
/* 004EC 80931A4C AFBF003C */  sw      $ra, 0x003C($sp)           
/* 004F0 80931A50 AFB30030 */  sw      $s3, 0x0030($sp)           
/* 004F4 80931A54 AFB2002C */  sw      $s2, 0x002C($sp)           
/* 004F8 80931A58 AFB10028 */  sw      $s1, 0x0028($sp)           
/* 004FC 80931A5C AFB00024 */  sw      $s0, 0x0024($sp)           
/* 00500 80931A60 8EA21CCC */  lw      $v0, 0x1CCC($s5)           ## 00001CCC
/* 00504 80931A64 240A0028 */  addiu   $t2, $zero, 0x0028         ## $t2 = 00000028
/* 00508 80931A68 8C4E0A70 */  lw      $t6, 0x0A70($v0)           ## 00000A70
/* 0050C 80931A6C 31CF4000 */  andi    $t7, $t6, 0x4000           ## $t7 = 00000000
/* 00510 80931A70 55E00006 */  bnel    $t7, $zero, .L80931A8C     
/* 00514 80931A74 9282015C */  lbu     $v0, 0x015C($s4)           ## 0000015C
/* 00518 80931A78 8682014A */  lh      $v0, 0x014A($s4)           ## 0000014A
/* 0051C 80931A7C 10400002 */  beq     $v0, $zero, .L80931A88     
/* 00520 80931A80 2458FFFF */  addiu   $t8, $v0, 0xFFFF           ## $t8 = FFFFFFFF
/* 00524 80931A84 A698014A */  sh      $t8, 0x014A($s4)           ## 0000014A
.L80931A88:
/* 00528 80931A88 9282015C */  lbu     $v0, 0x015C($s4)           ## 0000015C
.L80931A8C:
/* 0052C 80931A8C 30590002 */  andi    $t9, $v0, 0x0002           ## $t9 = 00000000
/* 00530 80931A90 17200005 */  bne     $t9, $zero, .L80931AA8     
/* 00534 80931A94 304BFFFD */  andi    $t3, $v0, 0xFFFD           ## $t3 = 00000000
/* 00538 80931A98 928801A8 */  lbu     $t0, 0x01A8($s4)           ## 000001A8
/* 0053C 80931A9C 31090002 */  andi    $t1, $t0, 0x0002           ## $t1 = 00000000
/* 00540 80931AA0 51200007 */  beql    $t1, $zero, .L80931AC0     
/* 00544 80931AA4 928E01F5 */  lbu     $t6, 0x01F5($s4)           ## 000001F5
.L80931AA8:
/* 00548 80931AA8 928C01A8 */  lbu     $t4, 0x01A8($s4)           ## 000001A8
/* 0054C 80931AAC A68A014A */  sh      $t2, 0x014A($s4)           ## 0000014A
/* 00550 80931AB0 A28B015C */  sb      $t3, 0x015C($s4)           ## 0000015C
/* 00554 80931AB4 318DFFFD */  andi    $t5, $t4, 0xFFFD           ## $t5 = 00000000
/* 00558 80931AB8 A28D01A8 */  sb      $t5, 0x01A8($s4)           ## 000001A8
/* 0055C 80931ABC 928E01F5 */  lbu     $t6, 0x01F5($s4)           ## 000001F5
.L80931AC0:
/* 00560 80931AC0 31CF0002 */  andi    $t7, $t6, 0x0002           ## $t7 = 00000000
/* 00564 80931AC4 51E00014 */  beql    $t7, $zero, .L80931B18     
/* 00568 80931AC8 92890241 */  lbu     $t1, 0x0241($s4)           ## 00000241
/* 0056C 80931ACC 8E8301EC */  lw      $v1, 0x01EC($s4)           ## 000001EC
/* 00570 80931AD0 10600026 */  beq     $v1, $zero, .L80931B6C     
/* 00574 80931AD4 00000000 */  nop
/* 00578 80931AD8 84620000 */  lh      $v0, 0x0000($v1)           ## 00000000
/* 0057C 80931ADC 240401AF */  addiu   $a0, $zero, 0x01AF         ## $a0 = 000001AF
/* 00580 80931AE0 10820006 */  beq     $a0, $v0, .L80931AFC       
/* 00584 80931AE4 00000000 */  nop
/* 00588 80931AE8 8E980220 */  lw      $t8, 0x0220($s4)           ## 00000220
/* 0058C 80931AEC 24010800 */  addiu   $at, $zero, 0x0800         ## $at = 00000800
/* 00590 80931AF0 8F190000 */  lw      $t9, 0x0000($t8)           ## FFFFFFFF
/* 00594 80931AF4 1321001D */  beq     $t9, $at, .L80931B6C       
/* 00598 80931AF8 00000000 */  nop
.L80931AFC:
/* 0059C 80931AFC 54820006 */  bnel    $a0, $v0, .L80931B18       
/* 005A0 80931B00 92890241 */  lbu     $t1, 0x0241($s4)           ## 00000241
/* 005A4 80931B04 8468001C */  lh      $t0, 0x001C($v1)           ## 0000001C
/* 005A8 80931B08 24100001 */  addiu   $s0, $zero, 0x0001         ## $s0 = 00000001
/* 005AC 80931B0C 12080017 */  beq     $s0, $t0, .L80931B6C       
/* 005B0 80931B10 00000000 */  nop
/* 005B4 80931B14 92890241 */  lbu     $t1, 0x0241($s4)           ## 00000241
.L80931B18:
/* 005B8 80931B18 240401AF */  addiu   $a0, $zero, 0x01AF         ## $a0 = 000001AF
/* 005BC 80931B1C 24100001 */  addiu   $s0, $zero, 0x0001         ## $s0 = 00000001
/* 005C0 80931B20 312A0002 */  andi    $t2, $t1, 0x0002           ## $t2 = 00000000
/* 005C4 80931B24 51400031 */  beql    $t2, $zero, .L80931BEC     
/* 005C8 80931B28 92850149 */  lbu     $a1, 0x0149($s4)           ## 00000149
/* 005CC 80931B2C 8E830238 */  lw      $v1, 0x0238($s4)           ## 00000238
/* 005D0 80931B30 1060000E */  beq     $v1, $zero, .L80931B6C     
/* 005D4 80931B34 00000000 */  nop
/* 005D8 80931B38 84620000 */  lh      $v0, 0x0000($v1)           ## 00000000
/* 005DC 80931B3C 10820006 */  beq     $a0, $v0, .L80931B58       
/* 005E0 80931B40 00000000 */  nop
/* 005E4 80931B44 8E8B026C */  lw      $t3, 0x026C($s4)           ## 0000026C
/* 005E8 80931B48 24010800 */  addiu   $at, $zero, 0x0800         ## $at = 00000800
/* 005EC 80931B4C 8D6C0000 */  lw      $t4, 0x0000($t3)           ## 00000000
/* 005F0 80931B50 11810006 */  beq     $t4, $at, .L80931B6C       
/* 005F4 80931B54 00000000 */  nop
.L80931B58:
/* 005F8 80931B58 54820024 */  bnel    $a0, $v0, .L80931BEC       
/* 005FC 80931B5C 92850149 */  lbu     $a1, 0x0149($s4)           ## 00000149
/* 00600 80931B60 846D001C */  lh      $t5, 0x001C($v1)           ## 0000001C
/* 00604 80931B64 560D0021 */  bnel    $s0, $t5, .L80931BEC       
/* 00608 80931B68 92850149 */  lbu     $a1, 0x0149($s4)           ## 00000149
.L80931B6C:
/* 0060C 80931B6C 0C03C6E9 */  jal     func_800F1BA4              
/* 00610 80931B70 82840038 */  lb      $a0, 0x0038($s4)           ## 00000038
/* 00614 80931B74 868E0092 */  lh      $t6, 0x0092($s4)           ## 00000092
/* 00618 80931B78 3C118093 */  lui     $s1, %hi(func_80931E58)    ## $s1 = 80930000
/* 0061C 80931B7C 26311E58 */  addiu   $s1, $s1, %lo(func_80931E58) ## $s1 = 80931E58
/* 00620 80931B80 A680014A */  sh      $zero, 0x014A($s4)         ## 0000014A
/* 00624 80931B84 AE910144 */  sw      $s1, 0x0144($s4)           ## 00000144
/* 00628 80931B88 A68E004A */  sh      $t6, 0x004A($s4)           ## 0000004A
/* 0062C 80931B8C 86AF00A4 */  lh      $t7, 0x00A4($s5)           ## 000000A4
/* 00630 80931B90 2401002D */  addiu   $at, $zero, 0x002D         ## $at = 0000002D
/* 00634 80931B94 00008025 */  or      $s0, $zero, $zero          ## $s0 = 00000000
/* 00638 80931B98 15E10050 */  bne     $t7, $at, .L80931CDC       
/* 0063C 80931B9C 00000000 */  nop
/* 00640 80931BA0 02A02025 */  or      $a0, $s5, $zero            ## $a0 = 00000000
.L80931BA4:
/* 00644 80931BA4 02002825 */  or      $a1, $s0, $zero            ## $a1 = 00000000
/* 00648 80931BA8 24060007 */  addiu   $a2, $zero, 0x0007         ## $a2 = 00000007
/* 0064C 80931BAC 0C04F658 */  jal     func_8013D960              
/* 00650 80931BB0 2407008E */  addiu   $a3, $zero, 0x008E         ## $a3 = 0000008E
/* 00654 80931BB4 10400008 */  beq     $v0, $zero, .L80931BD8     
/* 00658 80931BB8 00408025 */  or      $s0, $v0, $zero            ## $s0 = 00000000
/* 0065C 80931BBC 52820006 */  beql    $s4, $v0, .L80931BD8       
/* 00660 80931BC0 8C50012C */  lw      $s0, 0x012C($v0)           ## 0000012C
/* 00664 80931BC4 52820004 */  beql    $s4, $v0, .L80931BD8       
/* 00668 80931BC8 8C50012C */  lw      $s0, 0x012C($v0)           ## 0000012C
/* 0066C 80931BCC A440014A */  sh      $zero, 0x014A($v0)         ## 0000014A
/* 00670 80931BD0 AC510144 */  sw      $s1, 0x0144($v0)           ## 00000144
/* 00674 80931BD4 8C50012C */  lw      $s0, 0x012C($v0)           ## 0000012C
.L80931BD8:
/* 00678 80931BD8 5600FFF2 */  bnel    $s0, $zero, .L80931BA4     
/* 0067C 80931BDC 02A02025 */  or      $a0, $s5, $zero            ## $a0 = 00000000
/* 00680 80931BE0 1000003E */  beq     $zero, $zero, .L80931CDC   
/* 00684 80931BE4 00000000 */  nop
/* 00688 80931BE8 92850149 */  lbu     $a1, 0x0149($s4)           ## 00000149
.L80931BEC:
/* 0068C 80931BEC 240100FF */  addiu   $at, $zero, 0x00FF         ## $at = 000000FF
/* 00690 80931BF0 50A1000D */  beql    $a1, $at, .L80931C28       
/* 00694 80931BF4 8E820120 */  lw      $v0, 0x0120($s4)           ## 00000120
/* 00698 80931BF8 0C02D6EC */  jal     func_800B5BB0              
/* 0069C 80931BFC 02A02025 */  or      $a0, $s5, $zero            ## $a0 = 00000000
/* 006A0 80931C00 50400009 */  beql    $v0, $zero, .L80931C28     
/* 006A4 80931C04 8E820120 */  lw      $v0, 0x0120($s4)           ## 00000120
/* 006A8 80931C08 0C03C6E9 */  jal     func_800F1BA4              
/* 006AC 80931C0C 82840038 */  lb      $a0, 0x0038($s4)           ## 00000038
/* 006B0 80931C10 3C188093 */  lui     $t8, %hi(func_80931E58)    ## $t8 = 80930000
/* 006B4 80931C14 27181E58 */  addiu   $t8, $t8, %lo(func_80931E58) ## $t8 = 80931E58
/* 006B8 80931C18 A690014A */  sh      $s0, 0x014A($s4)           ## 0000014A
/* 006BC 80931C1C 1000002F */  beq     $zero, $zero, .L80931CDC   
/* 006C0 80931C20 AE980144 */  sw      $t8, 0x0144($s4)           ## 00000144
/* 006C4 80931C24 8E820120 */  lw      $v0, 0x0120($s4)           ## 00000120
.L80931C28:
/* 006C8 80931C28 3C010001 */  lui     $at, 0x0001                ## $at = 00010000
/* 006CC 80931C2C 34218884 */  ori     $at, $at, 0x8884           ## $at = 00018884
/* 006D0 80931C30 10400007 */  beq     $v0, $zero, .L80931C50     
/* 006D4 80931C34 02A02025 */  or      $a0, $s5, $zero            ## $a0 = 00000000
/* 006D8 80931C38 8C590138 */  lw      $t9, 0x0138($v0)           ## 00000138
/* 006DC 80931C3C 24080028 */  addiu   $t0, $zero, 0x0028         ## $t0 = 00000028
/* 006E0 80931C40 53200004 */  beql    $t9, $zero, .L80931C54     
/* 006E4 80931C44 AE800120 */  sw      $zero, 0x0120($s4)         ## 00000120
/* 006E8 80931C48 10000002 */  beq     $zero, $zero, .L80931C54   
/* 006EC 80931C4C A4480118 */  sh      $t0, 0x0118($v0)           ## 00000118
.L80931C50:
/* 006F0 80931C50 AE800120 */  sw      $zero, 0x0120($s4)         ## 00000120
.L80931C54:
/* 006F4 80931C54 8689014A */  lh      $t1, 0x014A($s4)           ## 0000014A
/* 006F8 80931C58 02A19821 */  addu    $s3, $s5, $at              
/* 006FC 80931C5C 02602825 */  or      $a1, $s3, $zero            ## $a1 = 00000000
/* 00700 80931C60 55200008 */  bnel    $t1, $zero, .L80931C84     
/* 00704 80931C64 3C010001 */  lui     $at, 0x0001                ## $at = 00010000
/* 00708 80931C68 0C038956 */  jal     func_800E2558              
/* 0070C 80931C6C 2686014C */  addiu   $a2, $s4, 0x014C           ## $a2 = 0000014C
/* 00710 80931C70 02A02025 */  or      $a0, $s5, $zero            ## $a0 = 00000000
/* 00714 80931C74 02602825 */  or      $a1, $s3, $zero            ## $a1 = 00000000
/* 00718 80931C78 0C038956 */  jal     func_800E2558              
/* 0071C 80931C7C 26860198 */  addiu   $a2, $s4, 0x0198           ## $a2 = 00000198
/* 00720 80931C80 3C010001 */  lui     $at, 0x0001                ## $at = 00010000
.L80931C84:
/* 00724 80931C84 34218884 */  ori     $at, $at, 0x8884           ## $at = 00018884
/* 00728 80931C88 02A19821 */  addu    $s3, $s5, $at              
/* 0072C 80931C8C 00008825 */  or      $s1, $zero, $zero          ## $s1 = 00000000
/* 00730 80931C90 2690014C */  addiu   $s0, $s4, 0x014C           ## $s0 = 0000014C
/* 00734 80931C94 269201E4 */  addiu   $s2, $s4, 0x01E4           ## $s2 = 000001E4
.L80931C98:
/* 00738 80931C98 02A02025 */  or      $a0, $s5, $zero            ## $a0 = 00000000
/* 0073C 80931C9C 02602825 */  or      $a1, $s3, $zero            ## $a1 = 00000000
/* 00740 80931CA0 0C0389D0 */  jal     func_800E2740              
/* 00744 80931CA4 02003025 */  or      $a2, $s0, $zero            ## $a2 = 0000014C
/* 00748 80931CA8 02A02025 */  or      $a0, $s5, $zero            ## $a0 = 00000000
/* 0074C 80931CAC 02602825 */  or      $a1, $s3, $zero            ## $a1 = 00000000
/* 00750 80931CB0 0C038A4A */  jal     func_800E2928              
/* 00754 80931CB4 02003025 */  or      $a2, $s0, $zero            ## $a2 = 0000014C
/* 00758 80931CB8 02A02025 */  or      $a0, $s5, $zero            ## $a0 = 00000000
/* 0075C 80931CBC 02602825 */  or      $a1, $s3, $zero            ## $a1 = 00000000
/* 00760 80931CC0 0C0389D0 */  jal     func_800E2740              
/* 00764 80931CC4 02403025 */  or      $a2, $s2, $zero            ## $a2 = 000001E4
/* 00768 80931CC8 2631004C */  addiu   $s1, $s1, 0x004C           ## $s1 = 0000004C
/* 0076C 80931CCC 24010098 */  addiu   $at, $zero, 0x0098         ## $at = 00000098
/* 00770 80931CD0 2610004C */  addiu   $s0, $s0, 0x004C           ## $s0 = 00000198
/* 00774 80931CD4 1621FFF0 */  bne     $s1, $at, .L80931C98       
/* 00778 80931CD8 2652004C */  addiu   $s2, $s2, 0x004C           ## $s2 = 00000230
.L80931CDC:
/* 0077C 80931CDC 0C021BF7 */  jal     func_80086FDC              
/* 00780 80931CE0 00000000 */  nop
/* 00784 80931CE4 3C018093 */  lui     $at, %hi(D_809323B0)       ## $at = 80930000
/* 00788 80931CE8 C42423B0 */  lwc1    $f4, %lo(D_809323B0)($at)  
/* 0078C 80931CEC 4604003C */  c.lt.s  $f0, $f4                   
/* 00790 80931CF0 00000000 */  nop
/* 00794 80931CF4 45020050 */  bc1fl   .L80931E38                 
/* 00798 80931CF8 8FBF003C */  lw      $ra, 0x003C($sp)           
/* 0079C 80931CFC 0C021BF7 */  jal     func_80086FDC              
/* 007A0 80931D00 00000000 */  nop
/* 007A4 80931D04 0C021BF7 */  jal     func_80086FDC              
/* 007A8 80931D08 E7A00058 */  swc1    $f0, 0x0058($sp)           
/* 007AC 80931D0C 3C013F00 */  lui     $at, 0x3F00                ## $at = 3F000000
/* 007B0 80931D10 44813000 */  mtc1    $at, $f6                   ## $f6 = 0.50
/* 007B4 80931D14 3C014170 */  lui     $at, 0x4170                ## $at = 41700000
/* 007B8 80931D18 C7B00058 */  lwc1    $f16, 0x0058($sp)          
/* 007BC 80931D1C 4606003C */  c.lt.s  $f0, $f6                   
/* 007C0 80931D20 44810000 */  mtc1    $at, $f0                   ## $f0 = 15.00
/* 007C4 80931D24 24020001 */  addiu   $v0, $zero, 0x0001         ## $v0 = 00000001
/* 007C8 80931D28 46008482 */  mul.s   $f18, $f16, $f0            
/* 007CC 80931D2C 45000003 */  bc1f    .L80931D3C                 
/* 007D0 80931D30 00000000 */  nop
/* 007D4 80931D34 10000001 */  beq     $zero, $zero, .L80931D3C   
/* 007D8 80931D38 2402FFFF */  addiu   $v0, $zero, 0xFFFF         ## $v0 = FFFFFFFF
.L80931D3C:
/* 007DC 80931D3C 44824000 */  mtc1    $v0, $f8                   ## $f8 = NaN
/* 007E0 80931D40 46120100 */  add.s   $f4, $f0, $f18             
/* 007E4 80931D44 C6920024 */  lwc1    $f18, 0x0024($s4)          ## 00000024
/* 007E8 80931D48 468042A0 */  cvt.s.w $f10, $f8                  
/* 007EC 80931D4C C6880058 */  lwc1    $f8, 0x0058($s4)           ## 00000058
/* 007F0 80931D50 46045182 */  mul.s   $f6, $f10, $f4             
/* 007F4 80931D54 00000000 */  nop
/* 007F8 80931D58 46083402 */  mul.s   $f16, $f6, $f8             
/* 007FC 80931D5C 46128280 */  add.s   $f10, $f16, $f18           
/* 00800 80931D60 0C021BF7 */  jal     func_80086FDC              
/* 00804 80931D64 E7AA006C */  swc1    $f10, 0x006C($sp)          
/* 00808 80931D68 3C0142B4 */  lui     $at, 0x42B4                ## $at = 42B40000
/* 0080C 80931D6C 44812000 */  mtc1    $at, $f4                   ## $f4 = 90.00
/* 00810 80931D70 3C014120 */  lui     $at, 0x4120                ## $at = 41200000
/* 00814 80931D74 44814000 */  mtc1    $at, $f8                   ## $f8 = 10.00
/* 00818 80931D78 46040182 */  mul.s   $f6, $f0, $f4              
/* 0081C 80931D7C C692005C */  lwc1    $f18, 0x005C($s4)          ## 0000005C
/* 00820 80931D80 C6840028 */  lwc1    $f4, 0x0028($s4)           ## 00000028
/* 00824 80931D84 46083400 */  add.s   $f16, $f6, $f8             
/* 00828 80931D88 46128282 */  mul.s   $f10, $f16, $f18           
/* 0082C 80931D8C 46045180 */  add.s   $f6, $f10, $f4             
/* 00830 80931D90 0C021BF7 */  jal     func_80086FDC              
/* 00834 80931D94 E7A60070 */  swc1    $f6, 0x0070($sp)           
/* 00838 80931D98 0C021BF7 */  jal     func_80086FDC              
/* 0083C 80931D9C E7A00058 */  swc1    $f0, 0x0058($sp)           
/* 00840 80931DA0 3C013F00 */  lui     $at, 0x3F00                ## $at = 3F000000
/* 00844 80931DA4 44814000 */  mtc1    $at, $f8                   ## $f8 = 0.50
/* 00848 80931DA8 3C014170 */  lui     $at, 0x4170                ## $at = 41700000
/* 0084C 80931DAC C7AA0058 */  lwc1    $f10, 0x0058($sp)          
/* 00850 80931DB0 4608003C */  c.lt.s  $f0, $f8                   
/* 00854 80931DB4 44810000 */  mtc1    $at, $f0                   ## $f0 = 15.00
/* 00858 80931DB8 24020001 */  addiu   $v0, $zero, 0x0001         ## $v0 = 00000001
/* 0085C 80931DBC 46005102 */  mul.s   $f4, $f10, $f0             
/* 00860 80931DC0 45000003 */  bc1f    .L80931DD0                 
/* 00864 80931DC4 00000000 */  nop
/* 00868 80931DC8 10000001 */  beq     $zero, $zero, .L80931DD0   
/* 0086C 80931DCC 2402FFFF */  addiu   $v0, $zero, 0xFFFF         ## $v0 = FFFFFFFF
.L80931DD0:
/* 00870 80931DD0 44828000 */  mtc1    $v0, $f16                  ## $f16 = NaN
/* 00874 80931DD4 46040180 */  add.s   $f6, $f0, $f4              
/* 00878 80931DD8 C684002C */  lwc1    $f4, 0x002C($s4)           ## 0000002C
/* 0087C 80931DDC 3C06801D */  lui     $a2, 0x801D                ## $a2 = 801D0000
/* 00880 80931DE0 468084A0 */  cvt.s.w $f18, $f16                 
/* 00884 80931DE4 C6900060 */  lwc1    $f16, 0x0060($s4)          ## 00000060
/* 00888 80931DE8 3C0A8093 */  lui     $t2, %hi(D_80932378)       ## $t2 = 80930000
/* 0088C 80931DEC 3C0B8093 */  lui     $t3, %hi(D_8093237C)       ## $t3 = 80930000
/* 00890 80931DF0 24C615B0 */  addiu   $a2, $a2, 0x15B0           ## $a2 = 801D15B0
/* 00894 80931DF4 256B237C */  addiu   $t3, $t3, %lo(D_8093237C)  ## $t3 = 8093237C
/* 00898 80931DF8 46069202 */  mul.s   $f8, $f18, $f6             
/* 0089C 80931DFC 254A2378 */  addiu   $t2, $t2, %lo(D_80932378)  ## $t2 = 80932378
/* 008A0 80931E00 240C07D0 */  addiu   $t4, $zero, 0x07D0         ## $t4 = 000007D0
/* 008A4 80931E04 240D0005 */  addiu   $t5, $zero, 0x0005         ## $t5 = 00000005
/* 008A8 80931E08 AFAD001C */  sw      $t5, 0x001C($sp)           
/* 008AC 80931E0C AFAC0018 */  sw      $t4, 0x0018($sp)           
/* 008B0 80931E10 AFAA0010 */  sw      $t2, 0x0010($sp)           
/* 008B4 80931E14 46104282 */  mul.s   $f10, $f8, $f16            
/* 008B8 80931E18 AFAB0014 */  sw      $t3, 0x0014($sp)           
/* 008BC 80931E1C 00C03825 */  or      $a3, $a2, $zero            ## $a3 = 801D15B0
/* 008C0 80931E20 02A02025 */  or      $a0, $s5, $zero            ## $a0 = 00000000
/* 008C4 80931E24 27A5006C */  addiu   $a1, $sp, 0x006C           ## $a1 = FFFFFFEC
/* 008C8 80931E28 46045480 */  add.s   $f18, $f10, $f4            
/* 008CC 80931E2C 0C02C5BD */  jal     func_800B16F4              
/* 008D0 80931E30 E7B20074 */  swc1    $f18, 0x0074($sp)          
/* 008D4 80931E34 8FBF003C */  lw      $ra, 0x003C($sp)           
.L80931E38:
/* 008D8 80931E38 8FB00024 */  lw      $s0, 0x0024($sp)           
/* 008DC 80931E3C 8FB10028 */  lw      $s1, 0x0028($sp)           
/* 008E0 80931E40 8FB2002C */  lw      $s2, 0x002C($sp)           
/* 008E4 80931E44 8FB30030 */  lw      $s3, 0x0030($sp)           
/* 008E8 80931E48 8FB40034 */  lw      $s4, 0x0034($sp)           
/* 008EC 80931E4C 8FB50038 */  lw      $s5, 0x0038($sp)           
/* 008F0 80931E50 03E00008 */  jr      $ra                        
/* 008F4 80931E54 27BD0080 */  addiu   $sp, $sp, 0x0080           ## $sp = 00000000


glabel func_80931E58
/* 008F8 80931E58 27BDFFE0 */  addiu   $sp, $sp, 0xFFE0           ## $sp = FFFFFFE0
/* 008FC 80931E5C AFB00018 */  sw      $s0, 0x0018($sp)           
/* 00900 80931E60 00808025 */  or      $s0, $a0, $zero            ## $s0 = 00000000
/* 00904 80931E64 AFBF001C */  sw      $ra, 0x001C($sp)           
/* 00908 80931E68 AFA50024 */  sw      $a1, 0x0024($sp)           
/* 0090C 80931E6C 0C03C6F9 */  jal     func_800F1BE4              
/* 00910 80931E70 82040038 */  lb      $a0, 0x0038($s0)           ## 00000038
/* 00914 80931E74 10400016 */  beq     $v0, $zero, .L80931ED0     
/* 00918 80931E78 02002825 */  or      $a1, $s0, $zero            ## $a1 = 00000000
/* 0091C 80931E7C 0C03C71A */  jal     func_800F1C68              
/* 00920 80931E80 82040038 */  lb      $a0, 0x0038($s0)           ## 00000038
/* 00924 80931E84 860E014A */  lh      $t6, 0x014A($s0)           ## 0000014A
/* 00928 80931E88 24010001 */  addiu   $at, $zero, 0x0001         ## $at = 00000001
/* 0092C 80931E8C 240F0028 */  addiu   $t7, $zero, 0x0028         ## $t7 = 00000028
/* 00930 80931E90 15C10008 */  bne     $t6, $at, .L80931EB4       
/* 00934 80931E94 02002025 */  or      $a0, $s0, $zero            ## $a0 = 00000000
/* 00938 80931E98 02002025 */  or      $a0, $s0, $zero            ## $a0 = 00000000
/* 0093C 80931E9C 0C24C60A */  jal     func_80931828              
/* 00940 80931EA0 8FA50024 */  lw      $a1, 0x0024($sp)           
/* 00944 80931EA4 0C02D9C3 */  jal     func_800B670C              
/* 00948 80931EA8 02002025 */  or      $a0, $s0, $zero            ## $a0 = 00000000
/* 0094C 80931EAC 1000000B */  beq     $zero, $zero, .L80931EDC   
/* 00950 80931EB0 8FBF001C */  lw      $ra, 0x001C($sp)           
.L80931EB4:
/* 00954 80931EB4 A60F014A */  sh      $t7, 0x014A($s0)           ## 0000014A
/* 00958 80931EB8 0C02E3B2 */  jal     func_800B8EC8              
/* 0095C 80931EBC 240528A2 */  addiu   $a1, $zero, 0x28A2         ## $a1 = 000028A2
/* 00960 80931EC0 3C188093 */  lui     $t8, %hi(func_80931EEC)    ## $t8 = 80930000
/* 00964 80931EC4 27181EEC */  addiu   $t8, $t8, %lo(func_80931EEC) ## $t8 = 80931EEC
/* 00968 80931EC8 10000003 */  beq     $zero, $zero, .L80931ED8   
/* 0096C 80931ECC AE180144 */  sw      $t8, 0x0144($s0)           ## 00000144
.L80931ED0:
/* 00970 80931ED0 0C03C6E9 */  jal     func_800F1BA4              
/* 00974 80931ED4 82040038 */  lb      $a0, 0x0038($s0)           ## 00000038
.L80931ED8:
/* 00978 80931ED8 8FBF001C */  lw      $ra, 0x001C($sp)           
.L80931EDC:
/* 0097C 80931EDC 8FB00018 */  lw      $s0, 0x0018($sp)           
/* 00980 80931EE0 27BD0020 */  addiu   $sp, $sp, 0x0020           ## $sp = 00000000
/* 00984 80931EE4 03E00008 */  jr      $ra                        
/* 00988 80931EE8 00000000 */  nop


glabel func_80931EEC
/* 0098C 80931EEC 27BDFF48 */  addiu   $sp, $sp, 0xFF48           ## $sp = FFFFFF48
/* 00990 80931EF0 AFBE0078 */  sw      $s8, 0x0078($sp)           
/* 00994 80931EF4 AFB00058 */  sw      $s0, 0x0058($sp)           
/* 00998 80931EF8 44800000 */  mtc1    $zero, $f0                 ## $f0 = 0.00
/* 0099C 80931EFC 00808025 */  or      $s0, $a0, $zero            ## $s0 = 00000000
/* 009A0 80931F00 00A0F025 */  or      $s8, $a1, $zero            ## $s8 = 00000000
/* 009A4 80931F04 AFBF007C */  sw      $ra, 0x007C($sp)           
/* 009A8 80931F08 AFB70074 */  sw      $s7, 0x0074($sp)           
/* 009AC 80931F0C AFB60070 */  sw      $s6, 0x0070($sp)           
/* 009B0 80931F10 AFB5006C */  sw      $s5, 0x006C($sp)           
/* 009B4 80931F14 AFB40068 */  sw      $s4, 0x0068($sp)           
/* 009B8 80931F18 AFB30064 */  sw      $s3, 0x0064($sp)           
/* 009BC 80931F1C AFB20060 */  sw      $s2, 0x0060($sp)           
/* 009C0 80931F20 AFB1005C */  sw      $s1, 0x005C($sp)           
/* 009C4 80931F24 F7BE0050 */  sdc1    $f30, 0x0050($sp)          
/* 009C8 80931F28 F7BC0048 */  sdc1    $f28, 0x0048($sp)          
/* 009CC 80931F2C F7BA0040 */  sdc1    $f26, 0x0040($sp)          
/* 009D0 80931F30 F7B80038 */  sdc1    $f24, 0x0038($sp)          
/* 009D4 80931F34 F7B60030 */  sdc1    $f22, 0x0030($sp)          
/* 009D8 80931F38 F7B40028 */  sdc1    $f20, 0x0028($sp)          
/* 009DC 80931F3C 3C0143AF */  lui     $at, 0x43AF                ## $at = 43AF0000
/* 009E0 80931F40 4481F000 */  mtc1    $at, $f30                  ## $f30 = 350.00
/* 009E4 80931F44 E7A000AC */  swc1    $f0, 0x00AC($sp)           
/* 009E8 80931F48 3C0142C8 */  lui     $at, 0x42C8                ## $at = 42C80000
/* 009EC 80931F4C C604005C */  lwc1    $f4, 0x005C($s0)           ## 0000005C
/* 009F0 80931F50 4481E000 */  mtc1    $at, $f28                  ## $f28 = 100.00
/* 009F4 80931F54 3C014248 */  lui     $at, 0x4248                ## $at = 42480000
/* 009F8 80931F58 4481D000 */  mtc1    $at, $f26                  ## $f26 = 50.00
/* 009FC 80931F5C E7A000B4 */  swc1    $f0, 0x00B4($sp)           
/* 00A00 80931F60 E7A000A0 */  swc1    $f0, 0x00A0($sp)           
/* 00A04 80931F64 3C013F00 */  lui     $at, 0x3F00                ## $at = 3F000000
/* 00A08 80931F68 E7A400B0 */  swc1    $f4, 0x00B0($sp)           
/* 00A0C 80931F6C C606005C */  lwc1    $f6, 0x005C($s0)           ## 0000005C
/* 00A10 80931F70 4481C000 */  mtc1    $at, $f24                  ## $f24 = 0.50
/* 00A14 80931F74 3C0141A0 */  lui     $at, 0x41A0                ## $at = 41A00000
/* 00A18 80931F78 3C168093 */  lui     $s6, %hi(D_8093237C)       ## $s6 = 80930000
/* 00A1C 80931F7C 3C158093 */  lui     $s5, %hi(D_80932378)       ## $s5 = 80930000
/* 00A20 80931F80 4481B000 */  mtc1    $at, $f22                  ## $f22 = 20.00
/* 00A24 80931F84 E7A000A8 */  swc1    $f0, 0x00A8($sp)           
/* 00A28 80931F88 26B52378 */  addiu   $s5, $s5, %lo(D_80932378)  ## $s5 = 80932378
/* 00A2C 80931F8C 26D6237C */  addiu   $s6, $s6, %lo(D_8093237C)  ## $s6 = 8093237C
/* 00A30 80931F90 00008825 */  or      $s1, $zero, $zero          ## $s1 = 00000000
/* 00A34 80931F94 24170002 */  addiu   $s7, $zero, 0x0002         ## $s7 = 00000002
/* 00A38 80931F98 27B400AC */  addiu   $s4, $sp, 0x00AC           ## $s4 = FFFFFFF4
/* 00A3C 80931F9C 27B300A0 */  addiu   $s3, $sp, 0x00A0           ## $s3 = FFFFFFE8
/* 00A40 80931FA0 27B20094 */  addiu   $s2, $sp, 0x0094           ## $s2 = FFFFFFDC
/* 00A44 80931FA4 E7A600A4 */  swc1    $f6, 0x00A4($sp)           
.L80931FA8:
/* 00A48 80931FA8 0C021BF7 */  jal     func_80086FDC              
/* 00A4C 80931FAC 00000000 */  nop
/* 00A50 80931FB0 0C021BF7 */  jal     func_80086FDC              
/* 00A54 80931FB4 46000506 */  mov.s   $f20, $f0                  
/* 00A58 80931FB8 4618003C */  c.lt.s  $f0, $f24                  
/* 00A5C 80931FBC 4614B402 */  mul.s   $f16, $f22, $f20           
/* 00A60 80931FC0 24020001 */  addiu   $v0, $zero, 0x0001         ## $v0 = 00000001
/* 00A64 80931FC4 45000003 */  bc1f    .L80931FD4                 
/* 00A68 80931FC8 00000000 */  nop
/* 00A6C 80931FCC 10000001 */  beq     $zero, $zero, .L80931FD4   
/* 00A70 80931FD0 2402FFFF */  addiu   $v0, $zero, 0xFFFF         ## $v0 = FFFFFFFF
.L80931FD4:
/* 00A74 80931FD4 44824000 */  mtc1    $v0, $f8                   ## $f8 = NaN
/* 00A78 80931FD8 4610B480 */  add.s   $f18, $f22, $f16           
/* 00A7C 80931FDC C6060058 */  lwc1    $f6, 0x0058($s0)           ## 00000058
/* 00A80 80931FE0 C6100024 */  lwc1    $f16, 0x0024($s0)          ## 00000024
/* 00A84 80931FE4 468042A0 */  cvt.s.w $f10, $f8                  
/* 00A88 80931FE8 46125102 */  mul.s   $f4, $f10, $f18            
/* 00A8C 80931FEC 00000000 */  nop
/* 00A90 80931FF0 46062202 */  mul.s   $f8, $f4, $f6              
/* 00A94 80931FF4 46104280 */  add.s   $f10, $f8, $f16            
/* 00A98 80931FF8 0C021BF7 */  jal     func_80086FDC              
/* 00A9C 80931FFC E7AA0094 */  swc1    $f10, 0x0094($sp)          
/* 00AA0 80932000 C612005C */  lwc1    $f18, 0x005C($s0)          ## 0000005C
/* 00AA4 80932004 C6080028 */  lwc1    $f8, 0x0028($s0)           ## 00000028
/* 00AA8 80932008 46120102 */  mul.s   $f4, $f0, $f18             
/* 00AAC 8093200C 00000000 */  nop
/* 00AB0 80932010 461A2182 */  mul.s   $f6, $f4, $f26             
/* 00AB4 80932014 46083400 */  add.s   $f16, $f6, $f8             
/* 00AB8 80932018 0C021BF7 */  jal     func_80086FDC              
/* 00ABC 8093201C E7B00098 */  swc1    $f16, 0x0098($sp)          
/* 00AC0 80932020 0C021BF7 */  jal     func_80086FDC              
/* 00AC4 80932024 46000506 */  mov.s   $f20, $f0                  
/* 00AC8 80932028 4618003C */  c.lt.s  $f0, $f24                  
/* 00ACC 8093202C 4614B102 */  mul.s   $f4, $f22, $f20            
/* 00AD0 80932030 24020001 */  addiu   $v0, $zero, 0x0001         ## $v0 = 00000001
/* 00AD4 80932034 45000003 */  bc1f    .L80932044                 
/* 00AD8 80932038 00000000 */  nop
/* 00ADC 8093203C 10000001 */  beq     $zero, $zero, .L80932044   
/* 00AE0 80932040 2402FFFF */  addiu   $v0, $zero, 0xFFFF         ## $v0 = FFFFFFFF
.L80932044:
/* 00AE4 80932044 44825000 */  mtc1    $v0, $f10                  ## $f10 = NaN
/* 00AE8 80932048 4604B180 */  add.s   $f6, $f22, $f4             
/* 00AEC 8093204C C6100058 */  lwc1    $f16, 0x0058($s0)          ## 00000058
/* 00AF0 80932050 C604002C */  lwc1    $f4, 0x002C($s0)           ## 0000002C
/* 00AF4 80932054 468054A0 */  cvt.s.w $f18, $f10                 
/* 00AF8 80932058 46069202 */  mul.s   $f8, $f18, $f6             
/* 00AFC 8093205C 00000000 */  nop
/* 00B00 80932060 46104282 */  mul.s   $f10, $f8, $f16            
/* 00B04 80932064 46045480 */  add.s   $f18, $f10, $f4            
/* 00B08 80932068 0C021BF7 */  jal     func_80086FDC              
/* 00B0C 8093206C E7B2009C */  swc1    $f18, 0x009C($sp)          
/* 00B10 80932070 461C0182 */  mul.s   $f6, $f0, $f28             
/* 00B14 80932074 AFB50010 */  sw      $s5, 0x0010($sp)           
/* 00B18 80932078 AFB60014 */  sw      $s6, 0x0014($sp)           
/* 00B1C 8093207C C6020058 */  lwc1    $f2, 0x0058($s0)           ## 00000058
/* 00B20 80932080 03C02025 */  or      $a0, $s8, $zero            ## $a0 = 00000000
/* 00B24 80932084 02402825 */  or      $a1, $s2, $zero            ## $a1 = FFFFFFDC
/* 00B28 80932088 02603025 */  or      $a2, $s3, $zero            ## $a2 = FFFFFFE8
/* 00B2C 8093208C 461E3200 */  add.s   $f8, $f6, $f30             
/* 00B30 80932090 02803825 */  or      $a3, $s4, $zero            ## $a3 = FFFFFFF4
/* 00B34 80932094 46024402 */  mul.s   $f16, $f8, $f2             
/* 00B38 80932098 00000000 */  nop
/* 00B3C 8093209C 46161102 */  mul.s   $f4, $f2, $f22             
/* 00B40 809320A0 4600828D */  trunc.w.s $f10, $f16                 
/* 00B44 809320A4 4600248D */  trunc.w.s $f18, $f4                  
/* 00B48 809320A8 440F5000 */  mfc1    $t7, $f10                  
/* 00B4C 809320AC 44199000 */  mfc1    $t9, $f18                  
/* 00B50 809320B0 AFAF0018 */  sw      $t7, 0x0018($sp)           
/* 00B54 809320B4 0C02C378 */  jal     func_800B0DE0              
/* 00B58 809320B8 AFB9001C */  sw      $t9, 0x001C($sp)           
/* 00B5C 809320BC 26310001 */  addiu   $s1, $s1, 0x0001           ## $s1 = 00000001
/* 00B60 809320C0 1637FFB9 */  bne     $s1, $s7, .L80931FA8       
/* 00B64 809320C4 00000000 */  nop
/* 00B68 809320C8 8602014A */  lh      $v0, 0x014A($s0)           ## 0000014A
/* 00B6C 809320CC 10400003 */  beq     $v0, $zero, .L809320DC     
/* 00B70 809320D0 2448FFFF */  addiu   $t0, $v0, 0xFFFF           ## $t0 = FFFFFFFF
/* 00B74 809320D4 A608014A */  sh      $t0, 0x014A($s0)           ## 0000014A
/* 00B78 809320D8 8602014A */  lh      $v0, 0x014A($s0)           ## 0000014A
.L809320DC:
/* 00B7C 809320DC 8609001C */  lh      $t1, 0x001C($s0)           ## 0000001C
/* 00B80 809320E0 44822000 */  mtc1    $v0, $f4                   ## $f4 = 0.00
/* 00B84 809320E4 3C018093 */  lui     $at, %hi(D_809323B4)       ## $at = 80930000
/* 00B88 809320E8 44893000 */  mtc1    $t1, $f6                   ## $f6 = 0.00
/* 00B8C 809320EC 468024A0 */  cvt.s.w $f18, $f4                  
/* 00B90 809320F0 C43023B4 */  lwc1    $f16, %lo(D_809323B4)($at) 
/* 00B94 809320F4 3C018093 */  lui     $at, %hi(D_809323B8)       ## $at = 80930000
/* 00B98 809320F8 920A0148 */  lbu     $t2, 0x0148($s0)           ## 00000148
/* 00B9C 809320FC 46803220 */  cvt.s.w $f8, $f6                   
/* 00BA0 80932100 C42623B8 */  lwc1    $f6, %lo(D_809323B8)($at)  
/* 00BA4 80932104 254BFFFA */  addiu   $t3, $t2, 0xFFFA           ## $t3 = FFFFFFFA
/* 00BA8 80932108 A20B0148 */  sb      $t3, 0x0148($s0)           ## 00000148
/* 00BAC 8093210C 46104282 */  mul.s   $f10, $f8, $f16            
/* 00BB0 80932110 00000000 */  nop
/* 00BB4 80932114 46069202 */  mul.s   $f8, $f18, $f6             
/* 00BB8 80932118 4608C400 */  add.s   $f16, $f24, $f8            
/* 00BBC 8093211C 46105102 */  mul.s   $f4, $f10, $f16            
/* 00BC0 80932120 1440000B */  bne     $v0, $zero, .L80932150     
/* 00BC4 80932124 E604005C */  swc1    $f4, 0x005C($s0)           ## 0000005C
/* 00BC8 80932128 0C03C7EF */  jal     func_800F1FBC              
/* 00BCC 8093212C 82040038 */  lb      $a0, 0x0038($s0)           ## 00000038
/* 00BD0 80932130 92050149 */  lbu     $a1, 0x0149($s0)           ## 00000149
/* 00BD4 80932134 240100FF */  addiu   $at, $zero, 0x00FF         ## $at = 000000FF
/* 00BD8 80932138 10A10003 */  beq     $a1, $at, .L80932148       
/* 00BDC 8093213C 00000000 */  nop
/* 00BE0 80932140 0C02D6FD */  jal     func_800B5BF4              
/* 00BE4 80932144 03C02025 */  or      $a0, $s8, $zero            ## $a0 = 00000000
.L80932148:
/* 00BE8 80932148 0C02D9C3 */  jal     func_800B670C              
/* 00BEC 8093214C 02002025 */  or      $a0, $s0, $zero            ## $a0 = 00000000
.L80932150:
/* 00BF0 80932150 8FBF007C */  lw      $ra, 0x007C($sp)           
/* 00BF4 80932154 D7B40028 */  ldc1    $f20, 0x0028($sp)          
/* 00BF8 80932158 D7B60030 */  ldc1    $f22, 0x0030($sp)          
/* 00BFC 8093215C D7B80038 */  ldc1    $f24, 0x0038($sp)          
/* 00C00 80932160 D7BA0040 */  ldc1    $f26, 0x0040($sp)          
/* 00C04 80932164 D7BC0048 */  ldc1    $f28, 0x0048($sp)          
/* 00C08 80932168 D7BE0050 */  ldc1    $f30, 0x0050($sp)          
/* 00C0C 8093216C 8FB00058 */  lw      $s0, 0x0058($sp)           
/* 00C10 80932170 8FB1005C */  lw      $s1, 0x005C($sp)           
/* 00C14 80932174 8FB20060 */  lw      $s2, 0x0060($sp)           
/* 00C18 80932178 8FB30064 */  lw      $s3, 0x0064($sp)           
/* 00C1C 8093217C 8FB40068 */  lw      $s4, 0x0068($sp)           
/* 00C20 80932180 8FB5006C */  lw      $s5, 0x006C($sp)           
/* 00C24 80932184 8FB60070 */  lw      $s6, 0x0070($sp)           
/* 00C28 80932188 8FB70074 */  lw      $s7, 0x0074($sp)           
/* 00C2C 8093218C 8FBE0078 */  lw      $s8, 0x0078($sp)           
/* 00C30 80932190 03E00008 */  jr      $ra                        
/* 00C34 80932194 27BD00B8 */  addiu   $sp, $sp, 0x00B8           ## $sp = 00000000


glabel func_80932198
/* 00C38 80932198 27BDFFE8 */  addiu   $sp, $sp, 0xFFE8           ## $sp = FFFFFFE8
/* 00C3C 8093219C AFBF0014 */  sw      $ra, 0x0014($sp)           
/* 00C40 809321A0 8C990144 */  lw      $t9, 0x0144($a0)           ## 00000144
/* 00C44 809321A4 0320F809 */  jalr    $ra, $t9                   
/* 00C48 809321A8 00000000 */  nop
/* 00C4C 809321AC 8FBF0014 */  lw      $ra, 0x0014($sp)           
/* 00C50 809321B0 27BD0018 */  addiu   $sp, $sp, 0x0018           ## $sp = 00000000
/* 00C54 809321B4 03E00008 */  jr      $ra                        
/* 00C58 809321B8 00000000 */  nop


glabel func_809321BC
/* 00C5C 809321BC 27BDFFA8 */  addiu   $sp, $sp, 0xFFA8           ## $sp = FFFFFFA8
/* 00C60 809321C0 AFB10038 */  sw      $s1, 0x0038($sp)           
/* 00C64 809321C4 00A08825 */  or      $s1, $a1, $zero            ## $s1 = 00000000
/* 00C68 809321C8 AFBF003C */  sw      $ra, 0x003C($sp)           
/* 00C6C 809321CC AFB00034 */  sw      $s0, 0x0034($sp)           
/* 00C70 809321D0 AFA40058 */  sw      $a0, 0x0058($sp)           
/* 00C74 809321D4 8E240000 */  lw      $a0, 0x0000($s1)           ## 00000000
/* 00C78 809321D8 0C04B0B7 */  jal     func_8012C2DC              
/* 00C7C 809321DC 00808025 */  or      $s0, $a0, $zero            ## $s0 = 00000000
/* 00C80 809321E0 8FA40058 */  lw      $a0, 0x0058($sp)           
/* 00C84 809321E4 02202825 */  or      $a1, $s1, $zero            ## $a1 = 00000000
/* 00C88 809321E8 0C02E046 */  jal     func_800B8118              
/* 00C8C 809321EC 00003025 */  or      $a2, $zero, $zero          ## $a2 = 00000000
/* 00C90 809321F0 8E0202C0 */  lw      $v0, 0x02C0($s0)           ## 000002C0
/* 00C94 809321F4 3C0FDA38 */  lui     $t7, 0xDA38                ## $t7 = DA380000
/* 00C98 809321F8 35EF0003 */  ori     $t7, $t7, 0x0003           ## $t7 = DA380003
/* 00C9C 809321FC 244E0008 */  addiu   $t6, $v0, 0x0008           ## $t6 = 00000008
/* 00CA0 80932200 AE0E02C0 */  sw      $t6, 0x02C0($s0)           ## 000002C0
/* 00CA4 80932204 AC4F0000 */  sw      $t7, 0x0000($v0)           ## 00000000
/* 00CA8 80932208 8E240000 */  lw      $a0, 0x0000($s1)           ## 00000000
/* 00CAC 8093220C 0C060690 */  jal     func_80181A40              
/* 00CB0 80932210 AFA20044 */  sw      $v0, 0x0044($sp)           
/* 00CB4 80932214 8FA30044 */  lw      $v1, 0x0044($sp)           
/* 00CB8 80932218 3C19DB06 */  lui     $t9, 0xDB06                ## $t9 = DB060000
/* 00CBC 8093221C 37390020 */  ori     $t9, $t9, 0x0020           ## $t9 = DB060020
/* 00CC0 80932220 AC620004 */  sw      $v0, 0x0004($v1)           ## 00000004
/* 00CC4 80932224 8E0202C0 */  lw      $v0, 0x02C0($s0)           ## 000002C0
/* 00CC8 80932228 3C030002 */  lui     $v1, 0x0002                ## $v1 = 00020000
/* 00CCC 8093222C 00711821 */  addu    $v1, $v1, $s1              
/* 00CD0 80932230 24580008 */  addiu   $t8, $v0, 0x0008           ## $t8 = 00000008
/* 00CD4 80932234 AE1802C0 */  sw      $t8, 0x02C0($s0)           ## 000002C0
/* 00CD8 80932238 AC590000 */  sw      $t9, 0x0000($v0)           ## 00000000
/* 00CDC 8093223C 8C638840 */  lw      $v1, -0x77C0($v1)          ## 00018840
/* 00CE0 80932240 8E240000 */  lw      $a0, 0x0000($s1)           ## 00000000
/* 00CE4 80932244 24090020 */  addiu   $t1, $zero, 0x0020         ## $t1 = 00000020
/* 00CE8 80932248 00036040 */  sll     $t4, $v1,  1               
/* 00CEC 8093224C 318D00FF */  andi    $t5, $t4, 0x00FF           ## $t5 = 00000000
/* 00CF0 80932250 240A0010 */  addiu   $t2, $zero, 0x0010         ## $t2 = 00000010
/* 00CF4 80932254 240B0001 */  addiu   $t3, $zero, 0x0001         ## $t3 = 00000001
/* 00CF8 80932258 240E0040 */  addiu   $t6, $zero, 0x0040         ## $t6 = 00000040
/* 00CFC 8093225C 240F0020 */  addiu   $t7, $zero, 0x0020         ## $t7 = 00000020
/* 00D00 80932260 AFAF0028 */  sw      $t7, 0x0028($sp)           
/* 00D04 80932264 AFAE0024 */  sw      $t6, 0x0024($sp)           
/* 00D08 80932268 AFAB0018 */  sw      $t3, 0x0018($sp)           
/* 00D0C 8093226C AFAA0014 */  sw      $t2, 0x0014($sp)           
/* 00D10 80932270 AFAD0020 */  sw      $t5, 0x0020($sp)           
/* 00D14 80932274 AFA90010 */  sw      $t1, 0x0010($sp)           
/* 00D18 80932278 AFA0001C */  sw      $zero, 0x001C($sp)         
/* 00D1C 8093227C 00002825 */  or      $a1, $zero, $zero          ## $a1 = 00000000
/* 00D20 80932280 00003025 */  or      $a2, $zero, $zero          ## $a2 = 00000000
/* 00D24 80932284 AFA20040 */  sw      $v0, 0x0040($sp)           
/* 00D28 80932288 0C04B2F4 */  jal     func_8012CBD0              
/* 00D2C 8093228C 306700FF */  andi    $a3, $v1, 0x00FF           ## $a3 = 00000000
/* 00D30 80932290 8FA80040 */  lw      $t0, 0x0040($sp)           
/* 00D34 80932294 3C0EDE00 */  lui     $t6, 0xDE00                ## $t6 = DE000000
/* 00D38 80932298 AD020004 */  sw      $v0, 0x0004($t0)           ## 00000004
/* 00D3C 8093229C 8E0202C0 */  lw      $v0, 0x02C0($s0)           ## 000002C0
/* 00D40 809322A0 3C19FB00 */  lui     $t9, 0xFB00                ## $t9 = FB000000
/* 00D44 809322A4 3C010032 */  lui     $at, 0x0032                ## $at = 00320000
/* 00D48 809322A8 24580008 */  addiu   $t8, $v0, 0x0008           ## $t8 = 00000008
/* 00D4C 809322AC AE1802C0 */  sw      $t8, 0x02C0($s0)           ## 000002C0
/* 00D50 809322B0 AC590000 */  sw      $t9, 0x0000($v0)           ## 00000000
/* 00D54 809322B4 8FA90058 */  lw      $t1, 0x0058($sp)           
/* 00D58 809322B8 34216400 */  ori     $at, $at, 0x6400           ## $at = 00326400
/* 00D5C 809322BC 912B0148 */  lbu     $t3, 0x0148($t1)           ## 00000148
/* 00D60 809322C0 01616025 */  or      $t4, $t3, $at              ## $t4 = 00326400
/* 00D64 809322C4 AC4C0004 */  sw      $t4, 0x0004($v0)           ## 00000004
/* 00D68 809322C8 8E0202C0 */  lw      $v0, 0x02C0($s0)           ## 000002C0
/* 00D6C 809322CC 3C0F0405 */  lui     $t7, 0x0405                ## $t7 = 04050000
/* 00D70 809322D0 25EF0D10 */  addiu   $t7, $t7, 0x0D10           ## $t7 = 04050D10
/* 00D74 809322D4 244D0008 */  addiu   $t5, $v0, 0x0008           ## $t5 = 00000008
/* 00D78 809322D8 AE0D02C0 */  sw      $t5, 0x02C0($s0)           ## 000002C0
/* 00D7C 809322DC AC4F0004 */  sw      $t7, 0x0004($v0)           ## 00000004
/* 00D80 809322E0 AC4E0000 */  sw      $t6, 0x0000($v0)           ## 00000000
/* 00D84 809322E4 8FBF003C */  lw      $ra, 0x003C($sp)           
/* 00D88 809322E8 8FB00034 */  lw      $s0, 0x0034($sp)           
/* 00D8C 809322EC 8FB10038 */  lw      $s1, 0x0038($sp)           
/* 00D90 809322F0 03E00008 */  jr      $ra                        
/* 00D94 809322F4 27BD0058 */  addiu   $sp, $sp, 0x0058           ## $sp = 00000000
/* 00D98 809322F8 00000000 */  nop
/* 00D9C 809322FC 00000000 */  nop

.section .data

D_80932300: .word 0x008E0700, 0x00000010, 0x00010000, 0x0000027C
.word func_80931560
.word func_809317A4
.word func_80932198
.word func_809321BC
D_80932320: .word \
0x0C110D39, 0x20010000, 0x00000000, 0xF7CFFFFF, \
0x02000000, 0xF7CFF7FF, 0x00000000, 0x19010100, \
0x00320069, 0x00000000, 0x00000000
D_8093234C: .word \
0x0A002900, 0x20010000, 0x05000000, 0xF7CFFFFF, \
0x00000000, 0x00000800, 0x00000000, 0x00010000, \
0x00410069, 0x00000000, 0x00000000
D_80932378: .word 0xFAFAFAFF
D_8093237C: .word 0xB4B4B4FF
D_80932380: .word 0xAAFFFFFF
D_80932384: .word 0x003264FF
D_80932388: .word \
0x00000000, 0xBF800000, 0x00000000, 0x00000000, \
0x00000000, 0x00000000

.section .rodata

D_809323A0: .word 0x3C23D70A
D_809323A4: .word 0x3E99999A
D_809323A8: .word 0x3ECCCCCD
D_809323AC: .word 0x3DAAAAAB
D_809323B0: .word 0x3D4CCCCD
D_809323B4: .word 0x3C23D70A
D_809323B8: .word 0x3C4CCCCD, 0x00000000


.section .rodata
D_809323C0:
.incbin "baserom/Obj_Ice_Poly", 0xE60, 0x000000D0
