.include "macro.inc"

# assembler directives
.set noat      # allow manual use of $at
.set noreorder # don't insert nops after branches
.set gp=64     # allow use of 64-bit general purpose registers

.section .text
glabel func_809A0F20
/* 00000 809A0F20 27BDFFE0 */  addiu   $sp, $sp, 0xFFE0           ## $sp = FFFFFFE0
/* 00004 809A0F24 AFBF0014 */  sw      $ra, 0x0014($sp)           
/* 00008 809A0F28 AFA50024 */  sw      $a1, 0x0024($sp)           
/* 0000C 809A0F2C 00803025 */  or      $a2, $a0, $zero            ## $a2 = 00000000
/* 00010 809A0F30 24C50144 */  addiu   $a1, $a2, 0x0144           ## $a1 = 00000144
/* 00014 809A0F34 AFA50018 */  sw      $a1, 0x0018($sp)           
/* 00018 809A0F38 8FA40024 */  lw      $a0, 0x0024($sp)           
/* 0001C 809A0F3C 0C038467 */  jal     func_800E119C              
/* 00020 809A0F40 AFA60020 */  sw      $a2, 0x0020($sp)           
/* 00024 809A0F44 3C07809A */  lui     $a3, %hi(D_809A1AA0)       ## $a3 = 809A0000
/* 00028 809A0F48 8FA60020 */  lw      $a2, 0x0020($sp)           
/* 0002C 809A0F4C 24E71AA0 */  addiu   $a3, $a3, %lo(D_809A1AA0)  ## $a3 = 809A1AA0
/* 00030 809A0F50 8FA40024 */  lw      $a0, 0x0024($sp)           
/* 00034 809A0F54 0C0384C3 */  jal     func_800E130C              
/* 00038 809A0F58 8FA50018 */  lw      $a1, 0x0018($sp)           
/* 0003C 809A0F5C 8FA40020 */  lw      $a0, 0x0020($sp)           
/* 00040 809A0F60 0C039F7E */  jal     func_800E7DF8              
/* 00044 809A0F64 8FA50018 */  lw      $a1, 0x0018($sp)           
/* 00048 809A0F68 8FBF0014 */  lw      $ra, 0x0014($sp)           
/* 0004C 809A0F6C 27BD0020 */  addiu   $sp, $sp, 0x0020           ## $sp = 00000000
/* 00050 809A0F70 03E00008 */  jr      $ra                        
/* 00054 809A0F74 00000000 */  nop


glabel func_809A0F78
/* 00058 809A0F78 27BDFFE0 */  addiu   $sp, $sp, 0xFFE0           ## $sp = FFFFFFE0
/* 0005C 809A0F7C AFB00018 */  sw      $s0, 0x0018($sp)           
/* 00060 809A0F80 00808025 */  or      $s0, $a0, $zero            ## $s0 = 00000000
/* 00064 809A0F84 AFBF001C */  sw      $ra, 0x001C($sp)           
/* 00068 809A0F88 86020198 */  lh      $v0, 0x0198($s0)           ## 00000198
/* 0006C 809A0F8C 26040024 */  addiu   $a0, $s0, 0x0024           ## $a0 = 00000024
/* 00070 809A0F90 3C063F80 */  lui     $a2, 0x3F80                ## $a2 = 3F800000
/* 00074 809A0F94 18400044 */  blez    $v0, .L809A10A8            
/* 00078 809A0F98 244EFFFF */  addiu   $t6, $v0, 0xFFFF           ## $t6 = FFFFFFFF
/* 0007C 809A0F9C 860F019A */  lh      $t7, 0x019A($s0)           ## 0000019A
/* 00080 809A0FA0 8619019C */  lh      $t9, 0x019C($s0)           ## 0000019C
/* 00084 809A0FA4 3C063E19 */  lui     $a2, 0x3E19                ## $a2 = 3E190000
/* 00088 809A0FA8 25F81388 */  addiu   $t8, $t7, 0x1388           ## $t8 = 00001388
/* 0008C 809A0FAC 27280E10 */  addiu   $t0, $t9, 0x0E10           ## $t0 = 00000E10
/* 00090 809A0FB0 A60E0198 */  sh      $t6, 0x0198($s0)           ## 00000198
/* 00094 809A0FB4 A618019A */  sh      $t8, 0x019A($s0)           ## 0000019A
/* 00098 809A0FB8 A608019C */  sh      $t0, 0x019C($s0)           ## 0000019C
/* 0009C 809A0FBC 34C6999A */  ori     $a2, $a2, 0x999A           ## $a2 = 3E19999A
/* 000A0 809A0FC0 26040190 */  addiu   $a0, $s0, 0x0190           ## $a0 = 00000190
/* 000A4 809A0FC4 0C03FC0F */  jal     func_800FF03C              
/* 000A8 809A0FC8 24050000 */  addiu   $a1, $zero, 0x0000         ## $a1 = 00000000
/* 000AC 809A0FCC 26040194 */  addiu   $a0, $s0, 0x0194           ## $a0 = 00000194
/* 000B0 809A0FD0 24050000 */  addiu   $a1, $zero, 0x0000         ## $a1 = 00000000
/* 000B4 809A0FD4 0C03FC0F */  jal     func_800FF03C              
/* 000B8 809A0FD8 3C064220 */  lui     $a2, 0x4220                ## $a2 = 42200000
/* 000BC 809A0FDC 8604019A */  lh      $a0, 0x019A($s0)           ## 0000019A
/* 000C0 809A0FE0 00042080 */  sll     $a0, $a0,  2               
/* 000C4 809A0FE4 00042400 */  sll     $a0, $a0, 16               
/* 000C8 809A0FE8 0C03FB61 */  jal     func_800FED84              
/* 000CC 809A0FEC 00042403 */  sra     $a0, $a0, 16               
/* 000D0 809A0FF0 C6040190 */  lwc1    $f4, 0x0190($s0)           ## 00000190
/* 000D4 809A0FF4 8604019A */  lh      $a0, 0x019A($s0)           ## 0000019A
/* 000D8 809A0FF8 C6080008 */  lwc1    $f8, 0x0008($s0)           ## 00000008
/* 000DC 809A0FFC 46040182 */  mul.s   $f6, $f0, $f4              
/* 000E0 809A1000 00800821 */  addu    $at, $a0, $zero            
/* 000E4 809A1004 000420C0 */  sll     $a0, $a0,  3               
/* 000E8 809A1008 00812023 */  subu    $a0, $a0, $at              
/* 000EC 809A100C 00042400 */  sll     $a0, $a0, 16               
/* 000F0 809A1010 00042403 */  sra     $a0, $a0, 16               
/* 000F4 809A1014 46083280 */  add.s   $f10, $f6, $f8             
/* 000F8 809A1018 0C03FB51 */  jal     func_800FED44              
/* 000FC 809A101C E60A0024 */  swc1    $f10, 0x0024($s0)          ## 00000024
/* 00100 809A1020 C6100190 */  lwc1    $f16, 0x0190($s0)          ## 00000190
/* 00104 809A1024 C6040010 */  lwc1    $f4, 0x0010($s0)           ## 00000010
/* 00108 809A1028 8604019C */  lh      $a0, 0x019C($s0)           ## 0000019C
/* 0010C 809A102C 46100482 */  mul.s   $f18, $f0, $f16            
/* 00110 809A1030 00042080 */  sll     $a0, $a0,  2               
/* 00114 809A1034 00042400 */  sll     $a0, $a0, 16               
/* 00118 809A1038 00042403 */  sra     $a0, $a0, 16               
/* 0011C 809A103C 46049180 */  add.s   $f6, $f18, $f4             
/* 00120 809A1040 0C03FB61 */  jal     func_800FED84              
/* 00124 809A1044 E606002C */  swc1    $f6, 0x002C($s0)           ## 0000002C
/* 00128 809A1048 C6080194 */  lwc1    $f8, 0x0194($s0)           ## 00000194
/* 0012C 809A104C 8604019C */  lh      $a0, 0x019C($s0)           ## 0000019C
/* 00130 809A1050 860B0014 */  lh      $t3, 0x0014($s0)           ## 00000014
/* 00134 809A1054 46080282 */  mul.s   $f10, $f0, $f8             
/* 00138 809A1058 00800821 */  addu    $at, $a0, $zero            
/* 0013C 809A105C 000420C0 */  sll     $a0, $a0,  3               
/* 00140 809A1060 00812023 */  subu    $a0, $a0, $at              
/* 00144 809A1064 00042400 */  sll     $a0, $a0, 16               
/* 00148 809A1068 00042403 */  sra     $a0, $a0, 16               
/* 0014C 809A106C 4600540D */  trunc.w.s $f16, $f10                 
/* 00150 809A1070 440A8000 */  mfc1    $t2, $f16                  
/* 00154 809A1074 00000000 */  nop
/* 00158 809A1078 014B6021 */  addu    $t4, $t2, $t3              
/* 0015C 809A107C 0C03FB51 */  jal     func_800FED44              
/* 00160 809A1080 A60C00BC */  sh      $t4, 0x00BC($s0)           ## 000000BC
/* 00164 809A1084 C6120194 */  lwc1    $f18, 0x0194($s0)          ## 00000194
/* 00168 809A1088 860F0018 */  lh      $t7, 0x0018($s0)           ## 00000018
/* 0016C 809A108C 46120102 */  mul.s   $f4, $f0, $f18             
/* 00170 809A1090 4600218D */  trunc.w.s $f6, $f4                   
/* 00174 809A1094 440E3000 */  mfc1    $t6, $f6                   
/* 00178 809A1098 00000000 */  nop
/* 0017C 809A109C 01CFC021 */  addu    $t8, $t6, $t7              
/* 00180 809A10A0 1000000F */  beq     $zero, $zero, .L809A10E0   
/* 00184 809A10A4 A61800C0 */  sh      $t8, 0x00C0($s0)           ## 000000C0
.L809A10A8:
/* 00188 809A10A8 0C03FC0F */  jal     func_800FF03C              
/* 0018C 809A10AC 8E050008 */  lw      $a1, 0x0008($s0)           ## 00000008
/* 00190 809A10B0 2604002C */  addiu   $a0, $s0, 0x002C           ## $a0 = 0000002C
/* 00194 809A10B4 8E050010 */  lw      $a1, 0x0010($s0)           ## 00000010
/* 00198 809A10B8 0C03FC0F */  jal     func_800FF03C              
/* 0019C 809A10BC 3C063F80 */  lui     $a2, 0x3F80                ## $a2 = 3F800000
/* 001A0 809A10C0 260400BC */  addiu   $a0, $s0, 0x00BC           ## $a0 = 000000BC
/* 001A4 809A10C4 86050014 */  lh      $a1, 0x0014($s0)           ## 00000014
/* 001A8 809A10C8 0C03FB9C */  jal     func_800FEE70              
/* 001AC 809A10CC 24060BB8 */  addiu   $a2, $zero, 0x0BB8         ## $a2 = 00000BB8
/* 001B0 809A10D0 260400C0 */  addiu   $a0, $s0, 0x00C0           ## $a0 = 000000C0
/* 001B4 809A10D4 86050018 */  lh      $a1, 0x0018($s0)           ## 00000018
/* 001B8 809A10D8 0C03FB9C */  jal     func_800FEE70              
/* 001BC 809A10DC 24060BB8 */  addiu   $a2, $zero, 0x0BB8         ## $a2 = 00000BB8
.L809A10E0:
/* 001C0 809A10E0 8FBF001C */  lw      $ra, 0x001C($sp)           
/* 001C4 809A10E4 8FB00018 */  lw      $s0, 0x0018($sp)           
/* 001C8 809A10E8 27BD0020 */  addiu   $sp, $sp, 0x0020           ## $sp = 00000000
/* 001CC 809A10EC 03E00008 */  jr      $ra                        
/* 001D0 809A10F0 00000000 */  nop


glabel func_809A10F4
/* 001D4 809A10F4 27BDFF28 */  addiu   $sp, $sp, 0xFF28           ## $sp = FFFFFF28
/* 001D8 809A10F8 AFB5008C */  sw      $s5, 0x008C($sp)           
/* 001DC 809A10FC AFB20080 */  sw      $s2, 0x0080($sp)           
/* 001E0 809A1100 00809025 */  or      $s2, $a0, $zero            ## $s2 = 00000000
/* 001E4 809A1104 00A0A825 */  or      $s5, $a1, $zero            ## $s5 = 00000000
/* 001E8 809A1108 AFBF009C */  sw      $ra, 0x009C($sp)           
/* 001EC 809A110C AFBE0098 */  sw      $s8, 0x0098($sp)           
/* 001F0 809A1110 AFB70094 */  sw      $s7, 0x0094($sp)           
/* 001F4 809A1114 AFB60090 */  sw      $s6, 0x0090($sp)           
/* 001F8 809A1118 AFB40088 */  sw      $s4, 0x0088($sp)           
/* 001FC 809A111C AFB30084 */  sw      $s3, 0x0084($sp)           
/* 00200 809A1120 AFB1007C */  sw      $s1, 0x007C($sp)           
/* 00204 809A1124 AFB00078 */  sw      $s0, 0x0078($sp)           
/* 00208 809A1128 F7BE0070 */  sdc1    $f30, 0x0070($sp)          
/* 0020C 809A112C F7BC0068 */  sdc1    $f28, 0x0068($sp)          
/* 00210 809A1130 F7BA0060 */  sdc1    $f26, 0x0060($sp)          
/* 00214 809A1134 F7B80058 */  sdc1    $f24, 0x0058($sp)          
/* 00218 809A1138 F7B60050 */  sdc1    $f22, 0x0050($sp)          
/* 0021C 809A113C F7B40048 */  sdc1    $f20, 0x0048($sp)          
/* 00220 809A1140 3C014000 */  lui     $at, 0x4000                ## $at = 40000000
/* 00224 809A1144 4481F000 */  mtc1    $at, $f30                  ## $f30 = 2.00
/* 00228 809A1148 3C0140A0 */  lui     $at, 0x40A0                ## $at = 40A00000
/* 0022C 809A114C 4481E000 */  mtc1    $at, $f28                  ## $f28 = 5.00
/* 00230 809A1150 3C014220 */  lui     $at, 0x4220                ## $at = 42200000
/* 00234 809A1154 4481D000 */  mtc1    $at, $f26                  ## $f26 = 40.00
/* 00238 809A1158 3C014120 */  lui     $at, 0x4120                ## $at = 41200000
/* 0023C 809A115C 3C13809A */  lui     $s3, %hi(D_809A1AD4)       ## $s3 = 809A0000
/* 00240 809A1160 3C1E0500 */  lui     $s8, 0x0500                ## $s8 = 05000000
/* 00244 809A1164 4481C000 */  mtc1    $at, $f24                  ## $f24 = 10.00
/* 00248 809A1168 241003E8 */  addiu   $s0, $zero, 0x03E8         ## $s0 = 000003E8
/* 0024C 809A116C 27DE6420 */  addiu   $s8, $s8, 0x6420           ## $s8 = 05006420
/* 00250 809A1170 26731AD4 */  addiu   $s3, $s3, %lo(D_809A1AD4)  ## $s3 = 809A1AD4
/* 00254 809A1174 00008825 */  or      $s1, $zero, $zero          ## $s1 = 00000000
/* 00258 809A1178 26540024 */  addiu   $s4, $s2, 0x0024           ## $s4 = 00000024
/* 0025C 809A117C 27B700C8 */  addiu   $s7, $sp, 0x00C8           ## $s7 = FFFFFFF0
/* 00260 809A1180 27B600BC */  addiu   $s6, $sp, 0x00BC           ## $s6 = FFFFFFE4
.L809A1184:
/* 00264 809A1184 26104E20 */  addiu   $s0, $s0, 0x4E20           ## $s0 = 00005208
/* 00268 809A1188 00108400 */  sll     $s0, $s0, 16               
/* 0026C 809A118C 0C021BF7 */  jal     func_80086FDC              
/* 00270 809A1190 00108403 */  sra     $s0, $s0, 16               
/* 00274 809A1194 46180502 */  mul.s   $f20, $f0, $f24            
/* 00278 809A1198 00102400 */  sll     $a0, $s0, 16               
/* 0027C 809A119C 0C03FB61 */  jal     func_800FED84              
/* 00280 809A11A0 00042403 */  sra     $a0, $a0, 16               
/* 00284 809A11A4 46140102 */  mul.s   $f4, $f0, $f20             
/* 00288 809A11A8 C6460024 */  lwc1    $f6, 0x0024($s2)           ## 00000024
/* 0028C 809A11AC 46062200 */  add.s   $f8, $f4, $f6              
/* 00290 809A11B0 0C021BF7 */  jal     func_80086FDC              
/* 00294 809A11B4 E7A800BC */  swc1    $f8, 0x00BC($sp)           
/* 00298 809A11B8 461A0282 */  mul.s   $f10, $f0, $f26            
/* 0029C 809A11BC C6500028 */  lwc1    $f16, 0x0028($s2)          ## 00000028
/* 002A0 809A11C0 00102400 */  sll     $a0, $s0, 16               
/* 002A4 809A11C4 00042403 */  sra     $a0, $a0, 16               
/* 002A8 809A11C8 46105480 */  add.s   $f18, $f10, $f16           
/* 002AC 809A11CC 461C9100 */  add.s   $f4, $f18, $f28            
/* 002B0 809A11D0 0C03FB51 */  jal     func_800FED44              
/* 002B4 809A11D4 E7A400C0 */  swc1    $f4, 0x00C0($sp)           
/* 002B8 809A11D8 46140182 */  mul.s   $f6, $f0, $f20             
/* 002BC 809A11DC C648002C */  lwc1    $f8, 0x002C($s2)           ## 0000002C
/* 002C0 809A11E0 46083280 */  add.s   $f10, $f6, $f8             
/* 002C4 809A11E4 0C021BF7 */  jal     func_80086FDC              
/* 002C8 809A11E8 E7AA00C4 */  swc1    $f10, 0x00C4($sp)          
/* 002CC 809A11EC 46180402 */  mul.s   $f16, $f0, $f24            
/* 002D0 809A11F0 00102400 */  sll     $a0, $s0, 16               
/* 002D4 809A11F4 00042403 */  sra     $a0, $a0, 16               
/* 002D8 809A11F8 0C03FB61 */  jal     func_800FED84              
/* 002DC 809A11FC 461E8500 */  add.s   $f20, $f16, $f30           
/* 002E0 809A1200 46140482 */  mul.s   $f18, $f0, $f20            
/* 002E4 809A1204 0C021BF7 */  jal     func_80086FDC              
/* 002E8 809A1208 E7B200C8 */  swc1    $f18, 0x00C8($sp)          
/* 002EC 809A120C 0C021BF7 */  jal     func_80086FDC              
/* 002F0 809A1210 46000586 */  mov.s   $f22, $f0                  
/* 002F4 809A1214 44912000 */  mtc1    $s1, $f4                   ## $f4 = 0.00
/* 002F8 809A1218 3C014020 */  lui     $at, 0x4020                ## $at = 40200000
/* 002FC 809A121C 44815000 */  mtc1    $at, $f10                  ## $f10 = 2.50
/* 00300 809A1220 468021A0 */  cvt.s.w $f6, $f4                   
/* 00304 809A1224 3C014170 */  lui     $at, 0x4170                ## $at = 41700000
/* 00308 809A1228 44819000 */  mtc1    $at, $f18                  ## $f18 = 15.00
/* 0030C 809A122C 00102400 */  sll     $a0, $s0, 16               
/* 00310 809A1230 00042403 */  sra     $a0, $a0, 16               
/* 00314 809A1234 46060202 */  mul.s   $f8, $f0, $f6              
/* 00318 809A1238 00000000 */  nop
/* 0031C 809A123C 460A4402 */  mul.s   $f16, $f8, $f10            
/* 00320 809A1240 00000000 */  nop
/* 00324 809A1244 4612B102 */  mul.s   $f4, $f22, $f18            
/* 00328 809A1248 46048180 */  add.s   $f6, $f16, $f4             
/* 0032C 809A124C 0C03FB51 */  jal     func_800FED44              
/* 00330 809A1250 E7A600CC */  swc1    $f6, 0x00CC($sp)           
/* 00334 809A1254 46140202 */  mul.s   $f8, $f0, $f20             
/* 00338 809A1258 02A02025 */  or      $a0, $s5, $zero            ## $a0 = 00000000
/* 0033C 809A125C 02C02825 */  or      $a1, $s6, $zero            ## $a1 = FFFFFFE4
/* 00340 809A1260 02E03025 */  or      $a2, $s7, $zero            ## $a2 = FFFFFFF0
/* 00344 809A1264 02803825 */  or      $a3, $s4, $zero            ## $a3 = 00000024
/* 00348 809A1268 240E001E */  addiu   $t6, $zero, 0x001E         ## $t6 = 0000001E
/* 0034C 809A126C 16200004 */  bne     $s1, $zero, .L809A1280     
/* 00350 809A1270 E7A800D0 */  swc1    $f8, 0x00D0($sp)           
/* 00354 809A1274 24020029 */  addiu   $v0, $zero, 0x0029         ## $v0 = 00000029
/* 00358 809A1278 10000008 */  beq     $zero, $zero, .L809A129C   
/* 0035C 809A127C 2403FE3E */  addiu   $v1, $zero, 0xFE3E         ## $v1 = FFFFFE3E
.L809A1280:
/* 00360 809A1280 2A210004 */  slti    $at, $s1, 0x0004           
/* 00364 809A1284 10200004 */  beq     $at, $zero, .L809A1298     
/* 00368 809A1288 24020045 */  addiu   $v0, $zero, 0x0045         ## $v0 = 00000045
/* 0036C 809A128C 24020025 */  addiu   $v0, $zero, 0x0025         ## $v0 = 00000025
/* 00370 809A1290 10000002 */  beq     $zero, $zero, .L809A129C   
/* 00374 809A1294 2403FE84 */  addiu   $v1, $zero, 0xFE84         ## $v1 = FFFFFE84
.L809A1298:
/* 00378 809A1298 2403FEC0 */  addiu   $v1, $zero, 0xFEC0         ## $v1 = FFFFFEC0
.L809A129C:
/* 0037C 809A129C 86780000 */  lh      $t8, 0x0000($s3)           ## 809A1AD4
/* 00380 809A12A0 240F0005 */  addiu   $t7, $zero, 0x0005         ## $t7 = 00000005
/* 00384 809A12A4 24190003 */  addiu   $t9, $zero, 0x0003         ## $t9 = 00000003
/* 00388 809A12A8 24080046 */  addiu   $t0, $zero, 0x0046         ## $t0 = 00000046
/* 0038C 809A12AC 24090001 */  addiu   $t1, $zero, 0x0001         ## $t1 = 00000001
/* 00390 809A12B0 240A0002 */  addiu   $t2, $zero, 0x0002         ## $t2 = 00000002
/* 00394 809A12B4 AFAA0038 */  sw      $t2, 0x0038($sp)           
/* 00398 809A12B8 AFA90034 */  sw      $t1, 0x0034($sp)           
/* 0039C 809A12BC AFA80030 */  sw      $t0, 0x0030($sp)           
/* 003A0 809A12C0 AFB90028 */  sw      $t9, 0x0028($sp)           
/* 003A4 809A12C4 AFAF001C */  sw      $t7, 0x001C($sp)           
/* 003A8 809A12C8 AFA30010 */  sw      $v1, 0x0010($sp)           
/* 003AC 809A12CC AFA20014 */  sw      $v0, 0x0014($sp)           
/* 003B0 809A12D0 AFAE0018 */  sw      $t6, 0x0018($sp)           
/* 003B4 809A12D4 AFA00020 */  sw      $zero, 0x0020($sp)         
/* 003B8 809A12D8 AFA0002C */  sw      $zero, 0x002C($sp)         
/* 003BC 809A12DC AFBE003C */  sw      $s8, 0x003C($sp)           
/* 003C0 809A12E0 0C02CA04 */  jal     func_800B2810              
/* 003C4 809A12E4 AFB80024 */  sw      $t8, 0x0024($sp)           
/* 003C8 809A12E8 26310001 */  addiu   $s1, $s1, 0x0001           ## $s1 = 00000001
/* 003CC 809A12EC 24010009 */  addiu   $at, $zero, 0x0009         ## $at = 00000009
/* 003D0 809A12F0 1621FFA4 */  bne     $s1, $at, .L809A1184       
/* 003D4 809A12F4 26730002 */  addiu   $s3, $s3, 0x0002           ## $s3 = 809A1AD6
/* 003D8 809A12F8 3C01430C */  lui     $at, 0x430C                ## $at = 430C0000
/* 003DC 809A12FC 4481A000 */  mtc1    $at, $f20                  ## $f20 = 140.00
/* 003E0 809A1300 240B00B4 */  addiu   $t3, $zero, 0x00B4         ## $t3 = 000000B4
/* 003E4 809A1304 240C005A */  addiu   $t4, $zero, 0x005A         ## $t4 = 0000005A
/* 003E8 809A1308 240D0001 */  addiu   $t5, $zero, 0x0001         ## $t5 = 00000001
/* 003EC 809A130C 4406A000 */  mfc1    $a2, $f20                  
/* 003F0 809A1310 AFAD0018 */  sw      $t5, 0x0018($sp)           
/* 003F4 809A1314 AFAC0014 */  sw      $t4, 0x0014($sp)           
/* 003F8 809A1318 AFAB0010 */  sw      $t3, 0x0010($sp)           
/* 003FC 809A131C 02A02025 */  or      $a0, $s5, $zero            ## $a0 = 00000000
/* 00400 809A1320 02802825 */  or      $a1, $s4, $zero            ## $a1 = 00000024
/* 00404 809A1324 0C02EFEC */  jal     func_800BBFB0              
/* 00408 809A1328 24070006 */  addiu   $a3, $zero, 0x0006         ## $a3 = 00000006
/* 0040C 809A132C 4406A000 */  mfc1    $a2, $f20                  
/* 00410 809A1330 240E0050 */  addiu   $t6, $zero, 0x0050         ## $t6 = 00000050
/* 00414 809A1334 240F005A */  addiu   $t7, $zero, 0x005A         ## $t7 = 0000005A
/* 00418 809A1338 24180001 */  addiu   $t8, $zero, 0x0001         ## $t8 = 00000001
/* 0041C 809A133C AFB80018 */  sw      $t8, 0x0018($sp)           
/* 00420 809A1340 AFAF0014 */  sw      $t7, 0x0014($sp)           
/* 00424 809A1344 AFAE0010 */  sw      $t6, 0x0010($sp)           
/* 00428 809A1348 02A02025 */  or      $a0, $s5, $zero            ## $a0 = 00000000
/* 0042C 809A134C 02802825 */  or      $a1, $s4, $zero            ## $a1 = 00000024
/* 00430 809A1350 0C02EFEC */  jal     func_800BBFB0              
/* 00434 809A1354 2407000C */  addiu   $a3, $zero, 0x000C         ## $a3 = 0000000C
/* 00438 809A1358 8FBF009C */  lw      $ra, 0x009C($sp)           
/* 0043C 809A135C D7B40048 */  ldc1    $f20, 0x0048($sp)          
/* 00440 809A1360 D7B60050 */  ldc1    $f22, 0x0050($sp)          
/* 00444 809A1364 D7B80058 */  ldc1    $f24, 0x0058($sp)          
/* 00448 809A1368 D7BA0060 */  ldc1    $f26, 0x0060($sp)          
/* 0044C 809A136C D7BC0068 */  ldc1    $f28, 0x0068($sp)          
/* 00450 809A1370 D7BE0070 */  ldc1    $f30, 0x0070($sp)          
/* 00454 809A1374 8FB00078 */  lw      $s0, 0x0078($sp)           
/* 00458 809A1378 8FB1007C */  lw      $s1, 0x007C($sp)           
/* 0045C 809A137C 8FB20080 */  lw      $s2, 0x0080($sp)           
/* 00460 809A1380 8FB30084 */  lw      $s3, 0x0084($sp)           
/* 00464 809A1384 8FB40088 */  lw      $s4, 0x0088($sp)           
/* 00468 809A1388 8FB5008C */  lw      $s5, 0x008C($sp)           
/* 0046C 809A138C 8FB60090 */  lw      $s6, 0x0090($sp)           
/* 00470 809A1390 8FB70094 */  lw      $s7, 0x0094($sp)           
/* 00474 809A1394 8FBE0098 */  lw      $s8, 0x0098($sp)           
/* 00478 809A1398 03E00008 */  jr      $ra                        
/* 0047C 809A139C 27BD00D8 */  addiu   $sp, $sp, 0x00D8           ## $sp = 00000000


glabel func_809A13A0
/* 00480 809A13A0 27BDFFC8 */  addiu   $sp, $sp, 0xFFC8           ## $sp = FFFFFFC8
/* 00484 809A13A4 AFBF001C */  sw      $ra, 0x001C($sp)           
/* 00488 809A13A8 AFA5003C */  sw      $a1, 0x003C($sp)           
/* 0048C 809A13AC 00803825 */  or      $a3, $a0, $zero            ## $a3 = 00000000
/* 00490 809A13B0 C4E40024 */  lwc1    $f4, 0x0024($a3)           ## 00000024
/* 00494 809A13B4 3C0141F0 */  lui     $at, 0x41F0                ## $at = 41F00000
/* 00498 809A13B8 44814000 */  mtc1    $at, $f8                   ## $f8 = 30.00
/* 0049C 809A13BC E7A40028 */  swc1    $f4, 0x0028($sp)           
/* 004A0 809A13C0 C4E60028 */  lwc1    $f6, 0x0028($a3)           ## 00000028
/* 004A4 809A13C4 8FA4003C */  lw      $a0, 0x003C($sp)           
/* 004A8 809A13C8 27AE0028 */  addiu   $t6, $sp, 0x0028           ## $t6 = FFFFFFF0
/* 004AC 809A13CC 46083280 */  add.s   $f10, $f6, $f8             
/* 004B0 809A13D0 24E50080 */  addiu   $a1, $a3, 0x0080           ## $a1 = 00000080
/* 004B4 809A13D4 27A60024 */  addiu   $a2, $sp, 0x0024           ## $a2 = FFFFFFEC
/* 004B8 809A13D8 24840830 */  addiu   $a0, $a0, 0x0830           ## $a0 = 00000830
/* 004BC 809A13DC E7AA002C */  swc1    $f10, 0x002C($sp)          
/* 004C0 809A13E0 C4F0002C */  lwc1    $f16, 0x002C($a3)          ## 0000002C
/* 004C4 809A13E4 AFA70038 */  sw      $a3, 0x0038($sp)           
/* 004C8 809A13E8 AFAE0010 */  sw      $t6, 0x0010($sp)           
/* 004CC 809A13EC 0C031047 */  jal     func_800C411C              
/* 004D0 809A13F0 E7B00030 */  swc1    $f16, 0x0030($sp)          
/* 004D4 809A13F4 8FA70038 */  lw      $a3, 0x0038($sp)           
/* 004D8 809A13F8 E4E00088 */  swc1    $f0, 0x0088($a3)           ## 00000088
/* 004DC 809A13FC 8FBF001C */  lw      $ra, 0x001C($sp)           
/* 004E0 809A1400 03E00008 */  jr      $ra                        
/* 004E4 809A1404 27BD0038 */  addiu   $sp, $sp, 0x0038           ## $sp = 00000000


glabel func_809A1408
/* 004E8 809A1408 27BDFFC8 */  addiu   $sp, $sp, 0xFFC8           ## $sp = FFFFFFC8
/* 004EC 809A140C AFBF0024 */  sw      $ra, 0x0024($sp)           
/* 004F0 809A1410 AFA40038 */  sw      $a0, 0x0038($sp)           
/* 004F4 809A1414 AFA5003C */  sw      $a1, 0x003C($sp)           
/* 004F8 809A1418 8FAF0038 */  lw      $t7, 0x0038($sp)           
/* 004FC 809A141C 8FA4003C */  lw      $a0, 0x003C($sp)           
/* 00500 809A1420 27B8002C */  addiu   $t8, $sp, 0x002C           ## $t8 = FFFFFFF4
/* 00504 809A1424 8DE60024 */  lw      $a2, 0x0024($t7)           ## 00000024
/* 00508 809A1428 8DE7002C */  lw      $a3, 0x002C($t7)           ## 0000002C
/* 0050C 809A142C 27B90030 */  addiu   $t9, $sp, 0x0030           ## $t9 = FFFFFFF8
/* 00510 809A1430 27A80028 */  addiu   $t0, $sp, 0x0028           ## $t0 = FFFFFFF0
/* 00514 809A1434 AFA80018 */  sw      $t0, 0x0018($sp)           
/* 00518 809A1438 AFB90014 */  sw      $t9, 0x0014($sp)           
/* 0051C 809A143C AFB80010 */  sw      $t8, 0x0010($sp)           
/* 00520 809A1440 0C0327AF */  jal     func_800C9EBC              
/* 00524 809A1444 24850830 */  addiu   $a1, $a0, 0x0830           ## $a1 = 00000830
/* 00528 809A1448 1040000A */  beq     $v0, $zero, .L809A1474     
/* 0052C 809A144C 8FBF0024 */  lw      $ra, 0x0024($sp)           
/* 00530 809A1450 8FA90038 */  lw      $t1, 0x0038($sp)           
/* 00534 809A1454 C7A6002C */  lwc1    $f6, 0x002C($sp)           
/* 00538 809A1458 C5240028 */  lwc1    $f4, 0x0028($t1)           ## 00000028
/* 0053C 809A145C 4606203C */  c.lt.s  $f4, $f6                   
/* 00540 809A1460 00000000 */  nop
/* 00544 809A1464 45020004 */  bc1fl   .L809A1478                 
/* 00548 809A1468 00001025 */  or      $v0, $zero, $zero          ## $v0 = 00000000
/* 0054C 809A146C 10000002 */  beq     $zero, $zero, .L809A1478   
/* 00550 809A1470 24020001 */  addiu   $v0, $zero, 0x0001         ## $v0 = 00000001
.L809A1474:
/* 00554 809A1474 00001025 */  or      $v0, $zero, $zero          ## $v0 = 00000000
.L809A1478:
/* 00558 809A1478 03E00008 */  jr      $ra                        
/* 0055C 809A147C 27BD0038 */  addiu   $sp, $sp, 0x0038           ## $sp = 00000000


glabel func_809A1480
/* 00560 809A1480 27BDFFE0 */  addiu   $sp, $sp, 0xFFE0           ## $sp = FFFFFFE0
/* 00564 809A1484 AFB10018 */  sw      $s1, 0x0018($sp)           
/* 00568 809A1488 AFB00014 */  sw      $s0, 0x0014($sp)           
/* 0056C 809A148C 00808025 */  or      $s0, $a0, $zero            ## $s0 = 00000000
/* 00570 809A1490 00A08825 */  or      $s1, $a1, $zero            ## $s1 = 00000000
/* 00574 809A1494 AFBF001C */  sw      $ra, 0x001C($sp)           
/* 00578 809A1498 3C05809A */  lui     $a1, %hi(D_809A1AE8)       ## $a1 = 809A0000
/* 0057C 809A149C 24A51AE8 */  addiu   $a1, $a1, %lo(D_809A1AE8)  ## $a1 = 809A1AE8
/* 00580 809A14A0 0C03FEB7 */  jal     func_800FFADC              
/* 00584 809A14A4 02002025 */  or      $a0, $s0, $zero            ## $a0 = 00000000
/* 00588 809A14A8 922E1F2C */  lbu     $t6, 0x1F2C($s1)           ## 00001F2C
/* 0058C 809A14AC 3C01447A */  lui     $at, 0x447A                ## $at = 447A0000
/* 00590 809A14B0 51C00007 */  beql    $t6, $zero, .L809A14D0     
/* 00594 809A14B4 860F00BE */  lh      $t7, 0x00BE($s0)           ## 000000BE
/* 00598 809A14B8 C60400FC */  lwc1    $f4, 0x00FC($s0)           ## 000000FC
/* 0059C 809A14BC 44813000 */  mtc1    $at, $f6                   ## $f6 = 1000.00
/* 005A0 809A14C0 00000000 */  nop
/* 005A4 809A14C4 46062200 */  add.s   $f8, $f4, $f6              
/* 005A8 809A14C8 E60800FC */  swc1    $f8, 0x00FC($s0)           ## 000000FC
/* 005AC 809A14CC 860F00BE */  lh      $t7, 0x00BE($s0)           ## 000000BE
.L809A14D0:
/* 005B0 809A14D0 55E00009 */  bnel    $t7, $zero, .L809A14F8     
/* 005B4 809A14D4 02002025 */  or      $a0, $s0, $zero            ## $a0 = 00000000
/* 005B8 809A14D8 0C021BE8 */  jal     func_80086FA0              
/* 005BC 809A14DC 00000000 */  nop
/* 005C0 809A14E0 0002C402 */  srl     $t8, $v0, 16               
/* 005C4 809A14E4 A61800BE */  sh      $t8, 0x00BE($s0)           ## 000000BE
/* 005C8 809A14E8 860300BE */  lh      $v1, 0x00BE($s0)           ## 000000BE
/* 005CC 809A14EC A6030032 */  sh      $v1, 0x0032($s0)           ## 00000032
/* 005D0 809A14F0 A6030016 */  sh      $v1, 0x0016($s0)           ## 00000016
/* 005D4 809A14F4 02002025 */  or      $a0, $s0, $zero            ## $a0 = 00000000
.L809A14F8:
/* 005D8 809A14F8 0C2683C8 */  jal     func_809A0F20              
/* 005DC 809A14FC 02202825 */  or      $a1, $s1, $zero            ## $a1 = 00000000
/* 005E0 809A1500 3C06809A */  lui     $a2, %hi(D_809A1ACC)       ## $a2 = 809A0000
/* 005E4 809A1504 24C61ACC */  addiu   $a2, $a2, %lo(D_809A1ACC)  ## $a2 = 809A1ACC
/* 005E8 809A1508 260400A0 */  addiu   $a0, $s0, 0x00A0           ## $a0 = 000000A0
/* 005EC 809A150C 0C039D4C */  jal     func_800E7530              
/* 005F0 809A1510 00002825 */  or      $a1, $zero, $zero          ## $a1 = 00000000
/* 005F4 809A1514 02002025 */  or      $a0, $s0, $zero            ## $a0 = 00000000
/* 005F8 809A1518 0C2684E8 */  jal     func_809A13A0              
/* 005FC 809A151C 02202825 */  or      $a1, $s1, $zero            ## $a1 = 00000000
/* 00600 809A1520 3C06800B */  lui     $a2, 0x800B                ## $a2 = 800B0000
/* 00604 809A1524 3C074013 */  lui     $a3, 0x4013                ## $a3 = 40130000
/* 00608 809A1528 34E73333 */  ori     $a3, $a3, 0x3333           ## $a3 = 40133333
/* 0060C 809A152C 24C63FC0 */  addiu   $a2, $a2, 0x3FC0           ## $a2 = 800B3FC0
/* 00610 809A1530 260400BC */  addiu   $a0, $s0, 0x00BC           ## $a0 = 000000BC
/* 00614 809A1534 0C02CEE9 */  jal     func_800B3BA4              
/* 00618 809A1538 24050000 */  addiu   $a1, $zero, 0x0000         ## $a1 = 00000000
/* 0061C 809A153C 8605001C */  lh      $a1, 0x001C($s0)           ## 0000001C
/* 00620 809A1540 02202025 */  or      $a0, $s1, $zero            ## $a0 = 00000000
/* 00624 809A1544 0C02D6EC */  jal     func_800B5BB0              
/* 00628 809A1548 30A5007F */  andi    $a1, $a1, 0x007F           ## $a1 = 00000000
/* 0062C 809A154C 10400005 */  beq     $v0, $zero, .L809A1564     
/* 00630 809A1550 3C0142A0 */  lui     $at, 0x42A0                ## $at = 42A00000
/* 00634 809A1554 0C02D9C3 */  jal     func_800B670C              
/* 00638 809A1558 02002025 */  or      $a0, $s0, $zero            ## $a0 = 00000000
/* 0063C 809A155C 1000000C */  beq     $zero, $zero, .L809A1590   
/* 00640 809A1560 8FBF001C */  lw      $ra, 0x001C($sp)           
.L809A1564:
/* 00644 809A1564 44815000 */  mtc1    $at, $f10                  ## $f10 = 0.00
/* 00648 809A1568 02002025 */  or      $a0, $s0, $zero            ## $a0 = 00000000
/* 0064C 809A156C 02202825 */  or      $a1, $s1, $zero            ## $a1 = 00000000
/* 00650 809A1570 0C268502 */  jal     func_809A1408              
/* 00654 809A1574 E60A00C4 */  swc1    $f10, 0x00C4($s0)          ## 000000C4
/* 00658 809A1578 50400005 */  beql    $v0, $zero, .L809A1590     
/* 0065C 809A157C 8FBF001C */  lw      $ra, 0x001C($sp)           
/* 00660 809A1580 921901A2 */  lbu     $t9, 0x01A2($s0)           ## 000001A2
/* 00664 809A1584 37280001 */  ori     $t0, $t9, 0x0001           ## $t0 = 00000001
/* 00668 809A1588 A20801A2 */  sb      $t0, 0x01A2($s0)           ## 000001A2
/* 0066C 809A158C 8FBF001C */  lw      $ra, 0x001C($sp)           
.L809A1590:
/* 00670 809A1590 8FB00014 */  lw      $s0, 0x0014($sp)           
/* 00674 809A1594 8FB10018 */  lw      $s1, 0x0018($sp)           
/* 00678 809A1598 03E00008 */  jr      $ra                        
/* 0067C 809A159C 27BD0020 */  addiu   $sp, $sp, 0x0020           ## $sp = 00000000


glabel func_809A15A0
/* 00680 809A15A0 27BDFFE8 */  addiu   $sp, $sp, 0xFFE8           ## $sp = FFFFFFE8
/* 00684 809A15A4 AFBF0014 */  sw      $ra, 0x0014($sp)           
/* 00688 809A15A8 00803825 */  or      $a3, $a0, $zero            ## $a3 = 00000000
/* 0068C 809A15AC 00A03025 */  or      $a2, $a1, $zero            ## $a2 = 00000000
/* 00690 809A15B0 00C02025 */  or      $a0, $a2, $zero            ## $a0 = 00000000
/* 00694 809A15B4 0C03847B */  jal     func_800E11EC              
/* 00698 809A15B8 24E50144 */  addiu   $a1, $a3, 0x0144           ## $a1 = 00000144
/* 0069C 809A15BC 8FBF0014 */  lw      $ra, 0x0014($sp)           
/* 006A0 809A15C0 27BD0018 */  addiu   $sp, $sp, 0x0018           ## $sp = 00000000
/* 006A4 809A15C4 03E00008 */  jr      $ra                        
/* 006A8 809A15C8 00000000 */  nop


glabel func_809A15CC
/* 006AC 809A15CC 27BDFFD0 */  addiu   $sp, $sp, 0xFFD0           ## $sp = FFFFFFD0
/* 006B0 809A15D0 AFB00018 */  sw      $s0, 0x0018($sp)           
/* 006B4 809A15D4 00808025 */  or      $s0, $a0, $zero            ## $s0 = 00000000
/* 006B8 809A15D8 AFBF001C */  sw      $ra, 0x001C($sp)           
/* 006BC 809A15DC AFA50034 */  sw      $a1, 0x0034($sp)           
/* 006C0 809A15E0 92020155 */  lbu     $v0, 0x0155($s0)           ## 00000155
/* 006C4 809A15E4 02002025 */  or      $a0, $s0, $zero            ## $a0 = 00000000
/* 006C8 809A15E8 30420002 */  andi    $v0, $v0, 0x0002           ## $v0 = 00000000
/* 006CC 809A15EC 0002102B */  sltu    $v0, $zero, $v0            
/* 006D0 809A15F0 0C2683DE */  jal     func_809A0F78              
/* 006D4 809A15F4 AFA20024 */  sw      $v0, 0x0024($sp)           
/* 006D8 809A15F8 8FA20024 */  lw      $v0, 0x0024($sp)           
/* 006DC 809A15FC 10400006 */  beq     $v0, $zero, .L809A1618     
/* 006E0 809A1600 00000000 */  nop
/* 006E4 809A1604 920F0155 */  lbu     $t7, 0x0155($s0)           ## 00000155
/* 006E8 809A1608 240E0005 */  addiu   $t6, $zero, 0x0005         ## $t6 = 00000005
/* 006EC 809A160C A20E01A1 */  sb      $t6, 0x01A1($s0)           ## 000001A1
/* 006F0 809A1610 31F8FFFD */  andi    $t8, $t7, 0xFFFD           ## $t8 = 00000000
/* 006F4 809A1614 A2180155 */  sb      $t8, 0x0155($s0)           ## 00000155
.L809A1618:
/* 006F8 809A1618 50400034 */  beql    $v0, $zero, .L809A16EC     
/* 006FC 809A161C 8E0A0138 */  lw      $t2, 0x0138($s0)           ## 00000138
/* 00700 809A1620 8E190180 */  lw      $t9, 0x0180($s0)           ## 00000180
/* 00704 809A1624 3C018000 */  lui     $at, 0x8000                ## $at = 80000000
/* 00708 809A1628 34210500 */  ori     $at, $at, 0x0500           ## $at = 80000500
/* 0070C 809A162C 8F220000 */  lw      $v0, 0x0000($t9)           ## 00000000
/* 00710 809A1630 00414024 */  and     $t0, $v0, $at              
/* 00714 809A1634 1100002C */  beq     $t0, $zero, .L809A16E8     
/* 00718 809A1638 30490400 */  andi    $t1, $v0, 0x0400           ## $t1 = 00000000
/* 0071C 809A163C 11200004 */  beq     $t1, $zero, .L809A1650     
/* 00720 809A1640 240B000B */  addiu   $t3, $zero, 0x000B         ## $t3 = 0000000B
/* 00724 809A1644 240A001A */  addiu   $t2, $zero, 0x001A         ## $t2 = 0000001A
/* 00728 809A1648 10000002 */  beq     $zero, $zero, .L809A1654   
/* 0072C 809A164C A20A01A0 */  sb      $t2, 0x01A0($s0)           ## 000001A0
.L809A1650:
/* 00730 809A1650 A20B01A0 */  sb      $t3, 0x01A0($s0)           ## 000001A0
.L809A1654:
/* 00734 809A1654 8E0C0180 */  lw      $t4, 0x0180($s0)           ## 00000180
/* 00738 809A1658 240F0002 */  addiu   $t7, $zero, 0x0002         ## $t7 = 00000002
/* 0073C 809A165C 2409000F */  addiu   $t1, $zero, 0x000F         ## $t1 = 0000000F
/* 00740 809A1660 8D8D0000 */  lw      $t5, 0x0000($t4)           ## 00000000
/* 00744 809A1664 02002025 */  or      $a0, $s0, $zero            ## $a0 = 00000000
/* 00748 809A1668 000D7000 */  sll     $t6, $t5,  0               
/* 0074C 809A166C 05C30004 */  bgezl   $t6, .L809A1680            
/* 00750 809A1670 8618019E */  lh      $t8, 0x019E($s0)           ## 0000019E
/* 00754 809A1674 10000004 */  beq     $zero, $zero, .L809A1688   
/* 00758 809A1678 A60F019E */  sh      $t7, 0x019E($s0)           ## 0000019E
/* 0075C 809A167C 8618019E */  lh      $t8, 0x019E($s0)           ## 0000019E
.L809A1680:
/* 00760 809A1680 27190001 */  addiu   $t9, $t8, 0x0001           ## $t9 = 00000001
/* 00764 809A1684 A619019E */  sh      $t9, 0x019E($s0)           ## 0000019E
.L809A1688:
/* 00768 809A1688 8608019E */  lh      $t0, 0x019E($s0)           ## 0000019E
/* 0076C 809A168C 29010002 */  slti    $at, $t0, 0x0002           
/* 00770 809A1690 10200008 */  beq     $at, $zero, .L809A16B4     
/* 00774 809A1694 3C014000 */  lui     $at, 0x4000                ## $at = 40000000
/* 00778 809A1698 44812000 */  mtc1    $at, $f4                   ## $f4 = 2.00
/* 0077C 809A169C 3C0143C8 */  lui     $at, 0x43C8                ## $at = 43C80000
/* 00780 809A16A0 44813000 */  mtc1    $at, $f6                   ## $f6 = 400.00
/* 00784 809A16A4 A6090198 */  sh      $t1, 0x0198($s0)           ## 00000198
/* 00788 809A16A8 E6040190 */  swc1    $f4, 0x0190($s0)           ## 00000190
/* 0078C 809A16AC 1000000E */  beq     $zero, $zero, .L809A16E8   
/* 00790 809A16B0 E6060194 */  swc1    $f6, 0x0194($s0)           ## 00000194
.L809A16B4:
/* 00794 809A16B4 0C26843D */  jal     func_809A10F4              
/* 00798 809A16B8 8FA50034 */  lw      $a1, 0x0034($sp)           
/* 0079C 809A16BC 8FA40034 */  lw      $a0, 0x0034($sp)           
/* 007A0 809A16C0 26050024 */  addiu   $a1, $s0, 0x0024           ## $a1 = 00000024
/* 007A4 809A16C4 24060028 */  addiu   $a2, $zero, 0x0028         ## $a2 = 00000028
/* 007A8 809A16C8 0C03C15A */  jal     func_800F0568              
/* 007AC 809A16CC 24072810 */  addiu   $a3, $zero, 0x2810         ## $a3 = 00002810
/* 007B0 809A16D0 8605001C */  lh      $a1, 0x001C($s0)           ## 0000001C
/* 007B4 809A16D4 8FA40034 */  lw      $a0, 0x0034($sp)           
/* 007B8 809A16D8 0C02D6FD */  jal     func_800B5BF4              
/* 007BC 809A16DC 30A5007F */  andi    $a1, $a1, 0x007F           ## $a1 = 00000000
/* 007C0 809A16E0 0C02D9C3 */  jal     func_800B670C              
/* 007C4 809A16E4 02002025 */  or      $a0, $s0, $zero            ## $a0 = 00000000
.L809A16E8:
/* 007C8 809A16E8 8E0A0138 */  lw      $t2, 0x0138($s0)           ## 00000138
.L809A16EC:
/* 007CC 809A16EC 5140002F */  beql    $t2, $zero, .L809A17AC     
/* 007D0 809A16F0 8FBF001C */  lw      $ra, 0x001C($sp)           
/* 007D4 809A16F4 820201A1 */  lb      $v0, 0x01A1($s0)           ## 000001A1
/* 007D8 809A16F8 1840000A */  blez    $v0, .L809A1724            
/* 007DC 809A16FC 244BFFFF */  addiu   $t3, $v0, 0xFFFF           ## $t3 = FFFFFFFF
/* 007E0 809A1700 A20B01A1 */  sb      $t3, 0x01A1($s0)           ## 000001A1
/* 007E4 809A1704 820C01A1 */  lb      $t4, 0x01A1($s0)           ## 000001A1
/* 007E8 809A1708 240D000C */  addiu   $t5, $zero, 0x000C         ## $t5 = 0000000C
/* 007EC 809A170C 240E000A */  addiu   $t6, $zero, 0x000A         ## $t6 = 0000000A
/* 007F0 809A1710 55800004 */  bnel    $t4, $zero, .L809A1724     
/* 007F4 809A1714 A20E0158 */  sb      $t6, 0x0158($s0)           ## 00000158
/* 007F8 809A1718 10000002 */  beq     $zero, $zero, .L809A1724   
/* 007FC 809A171C A20D0158 */  sb      $t5, 0x0158($s0)           ## 00000158
/* 00800 809A1720 A20E0158 */  sb      $t6, 0x0158($s0)           ## 00000158
.L809A1724:
/* 00804 809A1724 820201A0 */  lb      $v0, 0x01A0($s0)           ## 000001A0
/* 00808 809A1728 18400003 */  blez    $v0, .L809A1738            
/* 0080C 809A172C 244FFFFF */  addiu   $t7, $v0, 0xFFFF           ## $t7 = FFFFFFFF
/* 00810 809A1730 10000011 */  beq     $zero, $zero, .L809A1778   
/* 00814 809A1734 A20F01A0 */  sb      $t7, 0x01A0($s0)           ## 000001A0
.L809A1738:
/* 00818 809A1738 8E180004 */  lw      $t8, 0x0004($s0)           ## 00000004
/* 0081C 809A173C 3C01447A */  lui     $at, 0x447A                ## $at = 447A0000
/* 00820 809A1740 33190040 */  andi    $t9, $t8, 0x0040           ## $t9 = 00000000
/* 00824 809A1744 5320000D */  beql    $t9, $zero, .L809A177C     
/* 00828 809A1748 3C014416 */  lui     $at, 0x4416                ## $at = 44160000
/* 0082C 809A174C C6080098 */  lwc1    $f8, 0x0098($s0)           ## 00000098
/* 00830 809A1750 44815000 */  mtc1    $at, $f10                  ## $f10 = 600.00
/* 00834 809A1754 8FA40034 */  lw      $a0, 0x0034($sp)           
/* 00838 809A1758 3C010001 */  lui     $at, 0x0001                ## $at = 00010000
/* 0083C 809A175C 460A403C */  c.lt.s  $f8, $f10                  
/* 00840 809A1760 34218884 */  ori     $at, $at, 0x8884           ## $at = 00018884
/* 00844 809A1764 00812821 */  addu    $a1, $a0, $at              
/* 00848 809A1768 45020004 */  bc1fl   .L809A177C                 
/* 0084C 809A176C 3C014416 */  lui     $at, 0x4416                ## $at = 44160000
/* 00850 809A1770 0C0389D0 */  jal     func_800E2740              
/* 00854 809A1774 26060144 */  addiu   $a2, $s0, 0x0144           ## $a2 = 00000144
.L809A1778:
/* 00858 809A1778 3C014416 */  lui     $at, 0x4416                ## $at = 44160000
.L809A177C:
/* 0085C 809A177C 44819000 */  mtc1    $at, $f18                  ## $f18 = 600.00
/* 00860 809A1780 C6100098 */  lwc1    $f16, 0x0098($s0)          ## 00000098
/* 00864 809A1784 8FA40034 */  lw      $a0, 0x0034($sp)           
/* 00868 809A1788 3C010001 */  lui     $at, 0x0001                ## $at = 00010000
/* 0086C 809A178C 4612803C */  c.lt.s  $f16, $f18                 
/* 00870 809A1790 34218884 */  ori     $at, $at, 0x8884           ## $at = 00018884
/* 00874 809A1794 00812821 */  addu    $a1, $a0, $at              
/* 00878 809A1798 45020004 */  bc1fl   .L809A17AC                 
/* 0087C 809A179C 8FBF001C */  lw      $ra, 0x001C($sp)           
/* 00880 809A17A0 0C038A4A */  jal     func_800E2928              
/* 00884 809A17A4 26060144 */  addiu   $a2, $s0, 0x0144           ## $a2 = 00000144
/* 00888 809A17A8 8FBF001C */  lw      $ra, 0x001C($sp)           
.L809A17AC:
/* 0088C 809A17AC 8FB00018 */  lw      $s0, 0x0018($sp)           
/* 00890 809A17B0 27BD0030 */  addiu   $sp, $sp, 0x0030           ## $sp = 00000000
/* 00894 809A17B4 03E00008 */  jr      $ra                        
/* 00898 809A17B8 00000000 */  nop


glabel func_809A17BC
/* 0089C 809A17BC 27BDFFC0 */  addiu   $sp, $sp, 0xFFC0           ## $sp = FFFFFFC0
/* 008A0 809A17C0 AFBF0014 */  sw      $ra, 0x0014($sp)           
/* 008A4 809A17C4 00803825 */  or      $a3, $a0, $zero            ## $a3 = 00000000
/* 008A8 809A17C8 3C01809A */  lui     $at, %hi(D_809A1B00)       ## $at = 809A0000
/* 008AC 809A17CC C4241B00 */  lwc1    $f4, %lo(D_809A1B00)($at)  
/* 008B0 809A17D0 C4E000F4 */  lwc1    $f0, 0x00F4($a3)           ## 000000F4
/* 008B4 809A17D4 8CA60000 */  lw      $a2, 0x0000($a1)           ## 00000000
/* 008B8 809A17D8 241800A0 */  addiu   $t8, $zero, 0x00A0         ## $t8 = 000000A0
/* 008BC 809A17DC 4604003E */  c.le.s  $f0, $f4                   
/* 008C0 809A17E0 00000000 */  nop
/* 008C4 809A17E4 4503000C */  bc1tl   .L809A1818                 
/* 008C8 809A17E8 A0F800D0 */  sb      $t8, 0x00D0($a3)           ## 000000D0
/* 008CC 809A17EC 90EE01A2 */  lbu     $t6, 0x01A2($a3)           ## 000001A2
/* 008D0 809A17F0 3C01809A */  lui     $at, %hi(D_809A1B04)       ## $at = 809A0000
/* 008D4 809A17F4 31CF0001 */  andi    $t7, $t6, 0x0001           ## $t7 = 00000000
/* 008D8 809A17F8 11E00035 */  beq     $t7, $zero, .L809A18D0     
/* 008DC 809A17FC 00000000 */  nop
/* 008E0 809A1800 C42C1B04 */  lwc1    $f12, %lo(D_809A1B04)($at) 
/* 008E4 809A1804 460C003C */  c.lt.s  $f0, $f12                  
/* 008E8 809A1808 00000000 */  nop
/* 008EC 809A180C 45000030 */  bc1f    .L809A18D0                 
/* 008F0 809A1810 00000000 */  nop
/* 008F4 809A1814 A0F800D0 */  sb      $t8, 0x00D0($a3)           ## 000000D0
.L809A1818:
/* 008F8 809A1818 8CA40000 */  lw      $a0, 0x0000($a1)           ## 00000000
/* 008FC 809A181C AFA60038 */  sw      $a2, 0x0038($sp)           
/* 00900 809A1820 0C04B0A3 */  jal     func_8012C28C              
/* 00904 809A1824 AFA50044 */  sw      $a1, 0x0044($sp)           
/* 00908 809A1828 8FA50044 */  lw      $a1, 0x0044($sp)           
/* 0090C 809A182C 8FA60038 */  lw      $a2, 0x0038($sp)           
/* 00910 809A1830 8CC202B0 */  lw      $v0, 0x02B0($a2)           ## 000002B0
/* 00914 809A1834 3C08DB06 */  lui     $t0, 0xDB06                ## $t0 = DB060000
/* 00918 809A1838 3C09801B */  lui     $t1, 0x801B                ## $t1 = 801B0000
/* 0091C 809A183C 24590008 */  addiu   $t9, $v0, 0x0008           ## $t9 = 00000008
/* 00920 809A1840 ACD902B0 */  sw      $t9, 0x02B0($a2)           ## 000002B0
/* 00924 809A1844 2529EFA0 */  addiu   $t1, $t1, 0xEFA0           ## $t1 = 801AEFA0
/* 00928 809A1848 35080020 */  ori     $t0, $t0, 0x0020           ## $t0 = DB060020
/* 0092C 809A184C AC480000 */  sw      $t0, 0x0000($v0)           ## 00000000
/* 00930 809A1850 AC490004 */  sw      $t1, 0x0004($v0)           ## 00000004
/* 00934 809A1854 8CC202B0 */  lw      $v0, 0x02B0($a2)           ## 000002B0
/* 00938 809A1858 3C0BDA38 */  lui     $t3, 0xDA38                ## $t3 = DA380000
/* 0093C 809A185C 356B0003 */  ori     $t3, $t3, 0x0003           ## $t3 = DA380003
/* 00940 809A1860 244A0008 */  addiu   $t2, $v0, 0x0008           ## $t2 = 00000008
/* 00944 809A1864 ACCA02B0 */  sw      $t2, 0x02B0($a2)           ## 000002B0
/* 00948 809A1868 AC4B0000 */  sw      $t3, 0x0000($v0)           ## 00000000
/* 0094C 809A186C 8CA40000 */  lw      $a0, 0x0000($a1)           ## 00000000
/* 00950 809A1870 AFA60038 */  sw      $a2, 0x0038($sp)           
/* 00954 809A1874 0C060690 */  jal     func_80181A40              
/* 00958 809A1878 AFA2002C */  sw      $v0, 0x002C($sp)           
/* 0095C 809A187C 8FA3002C */  lw      $v1, 0x002C($sp)           
/* 00960 809A1880 8FA60038 */  lw      $a2, 0x0038($sp)           
/* 00964 809A1884 3C0DFA00 */  lui     $t5, 0xFA00                ## $t5 = FA000000
/* 00968 809A1888 AC620004 */  sw      $v0, 0x0004($v1)           ## 00000004
/* 0096C 809A188C 8CC202B0 */  lw      $v0, 0x02B0($a2)           ## 000002B0
/* 00970 809A1890 3C0EFFAA */  lui     $t6, 0xFFAA                ## $t6 = FFAA0000
/* 00974 809A1894 35CE82FF */  ori     $t6, $t6, 0x82FF           ## $t6 = FFAA82FF
/* 00978 809A1898 244C0008 */  addiu   $t4, $v0, 0x0008           ## $t4 = 00000008
/* 0097C 809A189C ACCC02B0 */  sw      $t4, 0x02B0($a2)           ## 000002B0
/* 00980 809A18A0 AC4E0004 */  sw      $t6, 0x0004($v0)           ## 00000004
/* 00984 809A18A4 AC4D0000 */  sw      $t5, 0x0000($v0)           ## 00000000
/* 00988 809A18A8 8CC202B0 */  lw      $v0, 0x02B0($a2)           ## 000002B0
/* 0098C 809A18AC 3C190500 */  lui     $t9, 0x0500                ## $t9 = 05000000
/* 00990 809A18B0 273961E8 */  addiu   $t9, $t9, 0x61E8           ## $t9 = 050061E8
/* 00994 809A18B4 244F0008 */  addiu   $t7, $v0, 0x0008           ## $t7 = 00000008
/* 00998 809A18B8 ACCF02B0 */  sw      $t7, 0x02B0($a2)           ## 000002B0
/* 0099C 809A18BC 3C18DE00 */  lui     $t8, 0xDE00                ## $t8 = DE000000
/* 009A0 809A18C0 AC580000 */  sw      $t8, 0x0000($v0)           ## 00000000
/* 009A4 809A18C4 AC590004 */  sw      $t9, 0x0004($v0)           ## 00000004
/* 009A8 809A18C8 10000067 */  beq     $zero, $zero, .L809A1A68   
/* 009AC 809A18CC 8FBF0014 */  lw      $ra, 0x0014($sp)           
.L809A18D0:
/* 009B0 809A18D0 3C01809A */  lui     $at, %hi(D_809A1B08)       ## $at = 809A0000
/* 009B4 809A18D4 C42C1B08 */  lwc1    $f12, %lo(D_809A1B08)($at) 
/* 009B8 809A18D8 3C01809A */  lui     $at, %hi(D_809A1B0C)       ## $at = 809A0000
/* 009BC 809A18DC 460C003C */  c.lt.s  $f0, $f12                  
/* 009C0 809A18E0 00000000 */  nop
/* 009C4 809A18E4 4502005F */  bc1fl   .L809A1A64                 
/* 009C8 809A18E8 A0E000D0 */  sb      $zero, 0x00D0($a3)         ## 000000D0
/* 009CC 809A18EC 46006181 */  sub.s   $f6, $f12, $f0             
/* 009D0 809A18F0 C4281B0C */  lwc1    $f8, %lo(D_809A1B0C)($at)  
/* 009D4 809A18F4 3C01809A */  lui     $at, %hi(D_809A1B10)       ## $at = 809A0000
/* 009D8 809A18F8 C42A1B10 */  lwc1    $f10, %lo(D_809A1B10)($at) 
/* 009DC 809A18FC 46083082 */  mul.s   $f2, $f6, $f8              
/* 009E0 809A1900 24090001 */  addiu   $t1, $zero, 0x0001         ## $t1 = 00000001
/* 009E4 809A1904 3C014F00 */  lui     $at, 0x4F00                ## $at = 4F000000
/* 009E8 809A1908 460A1402 */  mul.s   $f16, $f2, $f10            
/* 009EC 809A190C 4448F800 */  cfc1    $t0, $f31                  
/* 009F0 809A1910 44C9F800 */  ctc1    $t1, $f31                  
/* 009F4 809A1914 00000000 */  nop
/* 009F8 809A1918 460084A4 */  cvt.w.s $f18, $f16                 
/* 009FC 809A191C 4449F800 */  cfc1    $t1, $f31                  
/* 00A00 809A1920 00000000 */  nop
/* 00A04 809A1924 31290078 */  andi    $t1, $t1, 0x0078           ## $t1 = 00000000
/* 00A08 809A1928 51200013 */  beql    $t1, $zero, .L809A1978     
/* 00A0C 809A192C 44099000 */  mfc1    $t1, $f18                  
/* 00A10 809A1930 44819000 */  mtc1    $at, $f18                  ## $f18 = 2147483648.00
/* 00A14 809A1934 24090001 */  addiu   $t1, $zero, 0x0001         ## $t1 = 00000001
/* 00A18 809A1938 46128481 */  sub.s   $f18, $f16, $f18           
/* 00A1C 809A193C 44C9F800 */  ctc1    $t1, $f31                  
/* 00A20 809A1940 00000000 */  nop
/* 00A24 809A1944 460094A4 */  cvt.w.s $f18, $f18                 
/* 00A28 809A1948 4449F800 */  cfc1    $t1, $f31                  
/* 00A2C 809A194C 00000000 */  nop
/* 00A30 809A1950 31290078 */  andi    $t1, $t1, 0x0078           ## $t1 = 00000000
/* 00A34 809A1954 15200005 */  bne     $t1, $zero, .L809A196C     
/* 00A38 809A1958 00000000 */  nop
/* 00A3C 809A195C 44099000 */  mfc1    $t1, $f18                  
/* 00A40 809A1960 3C018000 */  lui     $at, 0x8000                ## $at = 80000000
/* 00A44 809A1964 10000007 */  beq     $zero, $zero, .L809A1984   
/* 00A48 809A1968 01214825 */  or      $t1, $t1, $at              ## $t1 = 80000000
.L809A196C:
/* 00A4C 809A196C 10000005 */  beq     $zero, $zero, .L809A1984   
/* 00A50 809A1970 2409FFFF */  addiu   $t1, $zero, 0xFFFF         ## $t1 = FFFFFFFF
/* 00A54 809A1974 44099000 */  mfc1    $t1, $f18                  
.L809A1978:
/* 00A58 809A1978 00000000 */  nop
/* 00A5C 809A197C 0520FFFB */  bltz    $t1, .L809A196C            
/* 00A60 809A1980 00000000 */  nop
.L809A1984:
/* 00A64 809A1984 A0E900D0 */  sb      $t1, 0x00D0($a3)           ## 000000D0
/* 00A68 809A1988 8CA40000 */  lw      $a0, 0x0000($a1)           ## 00000000
/* 00A6C 809A198C 44C8F800 */  ctc1    $t0, $f31                  
/* 00A70 809A1990 E7A20020 */  swc1    $f2, 0x0020($sp)           
/* 00A74 809A1994 AFA60038 */  sw      $a2, 0x0038($sp)           
/* 00A78 809A1998 0C04B0B7 */  jal     func_8012C2DC              
/* 00A7C 809A199C AFA50044 */  sw      $a1, 0x0044($sp)           
/* 00A80 809A19A0 8FA50044 */  lw      $a1, 0x0044($sp)           
/* 00A84 809A19A4 8FA60038 */  lw      $a2, 0x0038($sp)           
/* 00A88 809A19A8 8CC202C0 */  lw      $v0, 0x02C0($a2)           ## 000002C0
/* 00A8C 809A19AC 3C0BDB06 */  lui     $t3, 0xDB06                ## $t3 = DB060000
/* 00A90 809A19B0 3C0C801B */  lui     $t4, 0x801B                ## $t4 = 801B0000
/* 00A94 809A19B4 244A0008 */  addiu   $t2, $v0, 0x0008           ## $t2 = 00000008
/* 00A98 809A19B8 ACCA02C0 */  sw      $t2, 0x02C0($a2)           ## 000002C0
/* 00A9C 809A19BC 258CEF88 */  addiu   $t4, $t4, 0xEF88           ## $t4 = 801AEF88
/* 00AA0 809A19C0 356B0020 */  ori     $t3, $t3, 0x0020           ## $t3 = DB060020
/* 00AA4 809A19C4 AC4B0000 */  sw      $t3, 0x0000($v0)           ## 00000000
/* 00AA8 809A19C8 AC4C0004 */  sw      $t4, 0x0004($v0)           ## 00000004
/* 00AAC 809A19CC 8CC202C0 */  lw      $v0, 0x02C0($a2)           ## 000002C0
/* 00AB0 809A19D0 3C0EDA38 */  lui     $t6, 0xDA38                ## $t6 = DA380000
/* 00AB4 809A19D4 35CE0003 */  ori     $t6, $t6, 0x0003           ## $t6 = DA380003
/* 00AB8 809A19D8 244D0008 */  addiu   $t5, $v0, 0x0008           ## $t5 = 00000008
/* 00ABC 809A19DC ACCD02C0 */  sw      $t5, 0x02C0($a2)           ## 000002C0
/* 00AC0 809A19E0 AC4E0000 */  sw      $t6, 0x0000($v0)           ## 00000000
/* 00AC4 809A19E4 8CA40000 */  lw      $a0, 0x0000($a1)           ## 00000000
/* 00AC8 809A19E8 AFA60038 */  sw      $a2, 0x0038($sp)           
/* 00ACC 809A19EC 0C060690 */  jal     func_80181A40              
/* 00AD0 809A19F0 AFA20018 */  sw      $v0, 0x0018($sp)           
/* 00AD4 809A19F4 8FA30018 */  lw      $v1, 0x0018($sp)           
/* 00AD8 809A19F8 8FA60038 */  lw      $a2, 0x0038($sp)           
/* 00ADC 809A19FC 3C0CDE00 */  lui     $t4, 0xDE00                ## $t4 = DE000000
/* 00AE0 809A1A00 AC620004 */  sw      $v0, 0x0004($v1)           ## 00000004
/* 00AE4 809A1A04 8CC202C0 */  lw      $v0, 0x02C0($a2)           ## 000002C0
/* 00AE8 809A1A08 3C18FA00 */  lui     $t8, 0xFA00                ## $t8 = FA000000
/* 00AEC 809A1A0C 3C01FFAA */  lui     $at, 0xFFAA                ## $at = FFAA0000
/* 00AF0 809A1A10 244F0008 */  addiu   $t7, $v0, 0x0008           ## $t7 = 00000008
/* 00AF4 809A1A14 ACCF02C0 */  sw      $t7, 0x02C0($a2)           ## 000002C0
/* 00AF8 809A1A18 AC580000 */  sw      $t8, 0x0000($v0)           ## 00000000
/* 00AFC 809A1A1C C7A40020 */  lwc1    $f4, 0x0020($sp)           
/* 00B00 809A1A20 34218200 */  ori     $at, $at, 0x8200           ## $at = FFAA8200
/* 00B04 809A1A24 4600218D */  trunc.w.s $f6, $f4                   
/* 00B08 809A1A28 44083000 */  mfc1    $t0, $f6                   
/* 00B0C 809A1A2C 00000000 */  nop
/* 00B10 809A1A30 310900FF */  andi    $t1, $t0, 0x00FF           ## $t1 = 00000000
/* 00B14 809A1A34 01215025 */  or      $t2, $t1, $at              ## $t2 = FFAA8200
/* 00B18 809A1A38 AC4A0004 */  sw      $t2, 0x0004($v0)           ## 00000004
/* 00B1C 809A1A3C 8CC202C0 */  lw      $v0, 0x02C0($a2)           ## 000002C0
/* 00B20 809A1A40 3C0D0500 */  lui     $t5, 0x0500                ## $t5 = 05000000
/* 00B24 809A1A44 25AD61E8 */  addiu   $t5, $t5, 0x61E8           ## $t5 = 050061E8
/* 00B28 809A1A48 244B0008 */  addiu   $t3, $v0, 0x0008           ## $t3 = 00000008
/* 00B2C 809A1A4C ACCB02C0 */  sw      $t3, 0x02C0($a2)           ## 000002C0
/* 00B30 809A1A50 AC4D0004 */  sw      $t5, 0x0004($v0)           ## 00000004
/* 00B34 809A1A54 AC4C0000 */  sw      $t4, 0x0000($v0)           ## 00000000
/* 00B38 809A1A58 10000003 */  beq     $zero, $zero, .L809A1A68   
/* 00B3C 809A1A5C 8FBF0014 */  lw      $ra, 0x0014($sp)           
/* 00B40 809A1A60 A0E000D0 */  sb      $zero, 0x00D0($a3)         ## 000000D0
.L809A1A64:
/* 00B44 809A1A64 8FBF0014 */  lw      $ra, 0x0014($sp)           
.L809A1A68:
/* 00B48 809A1A68 27BD0040 */  addiu   $sp, $sp, 0x0040           ## $sp = 00000000
/* 00B4C 809A1A6C 03E00008 */  jr      $ra                        
/* 00B50 809A1A70 00000000 */  nop
/* 00B54 809A1A74 00000000 */  nop
/* 00B58 809A1A78 00000000 */  nop
/* 00B5C 809A1A7C 00000000 */  nop

.section .data

D_809A1A80: .word 0x00FC0600, 0x00000010, 0x00020000, 0x000001A4
.word func_809A1480
.word func_809A15A0
.word func_809A15CC
.word func_809A17BC
D_809A1AA0: .word \
0x0C000D39, 0x20010000, 0x00000000, 0x00000000, \
0x00000000, 0x81C37FB6, 0x00000000, 0x00010100, \
0x00320046, 0x00000000, 0x00000000
D_809A1ACC: .word 0x0000000C, 0x003CFF00
D_809A1AD4: .word \
0x00910087, 0x00730055, 0x004B0035, 0x002D0028, \
0x00230000
D_809A1AE8: .word \
0xC8580190, 0xB0FC07D0, 0xB10000FA, 0x310401F4, \
0x00000000, 0x00000000

.section .rodata

D_809A1B00: .word 0x45066000
D_809A1B04: .word 0x450CA000
D_809A1B08: .word 0x450CA000
D_809A1B0C: .word 0x40233333
D_809A1B10: .word 0x3F20A0A1, 0x00000000, 0x00000000, 0x00000000


.section .rodata
D_809A1B20:
.incbin "baserom/Obj_Hamishi", 0xC00, 0x00000090
