.include "macro.inc"

# assembler directives
.set noat      # allow manual use of $at
.set noreorder # don't insert nops after branches
.set gp=64     # allow use of 64-bit general purpose registers

.section .text
glabel func_809261B0
/* 00000 809261B0 27BDFFE8 */  addiu   $sp, $sp, 0xFFE8           ## $sp = FFFFFFE8
/* 00004 809261B4 AFBF0014 */  sw      $ra, 0x0014($sp)           
/* 00008 809261B8 AFA5001C */  sw      $a1, 0x001C($sp)           
/* 0000C 809261BC 00803825 */  or      $a3, $a0, $zero            ## $a3 = 00000000
/* 00010 809261C0 80EE0198 */  lb      $t6, 0x0198($a3)           ## 00000198
/* 00014 809261C4 55C00014 */  bnel    $t6, $zero, .L80926218     
/* 00018 809261C8 8FBF0014 */  lw      $ra, 0x0014($sp)           
/* 0001C 809261CC 84E4001C */  lh      $a0, 0x001C($a3)           ## 0000001C
/* 00020 809261D0 AFA70018 */  sw      $a3, 0x0018($sp)           
/* 00024 809261D4 0C02A054 */  jal     func_800A8150              
/* 00028 809261D8 3084003F */  andi    $a0, $a0, 0x003F           ## $a0 = 00000000
/* 0002C 809261DC 0440000D */  bltz    $v0, .L80926214            
/* 00030 809261E0 8FA70018 */  lw      $a3, 0x0018($sp)           
/* 00034 809261E4 84EF001C */  lh      $t7, 0x001C($a3)           ## 0000001C
/* 00038 809261E8 AFA70018 */  sw      $a3, 0x0018($sp)           
/* 0003C 809261EC 8FA4001C */  lw      $a0, 0x001C($sp)           
/* 00040 809261F0 000FC203 */  sra     $t8, $t7,  8               
/* 00044 809261F4 3319007F */  andi    $t9, $t8, 0x007F           ## $t9 = 00000000
/* 00048 809261F8 00194200 */  sll     $t0, $t9,  8               
/* 0004C 809261FC 01023025 */  or      $a2, $t0, $v0              ## $a2 = 00000000
/* 00050 80926200 0C029DCC */  jal     func_800A7730              
/* 00054 80926204 24E50024 */  addiu   $a1, $a3, 0x0024           ## $a1 = 00000024
/* 00058 80926208 8FA70018 */  lw      $a3, 0x0018($sp)           
/* 0005C 8092620C 24090001 */  addiu   $t1, $zero, 0x0001         ## $t1 = 00000001
/* 00060 80926210 A0E90198 */  sb      $t1, 0x0198($a3)           ## 00000198
.L80926214:
/* 00064 80926214 8FBF0014 */  lw      $ra, 0x0014($sp)           
.L80926218:
/* 00068 80926218 27BD0018 */  addiu   $sp, $sp, 0x0018           ## $sp = 00000000
/* 0006C 8092621C 03E00008 */  jr      $ra                        
/* 00070 80926220 00000000 */  nop


glabel func_80926224
/* 00074 80926224 3C0143B9 */  lui     $at, 0x43B9                ## $at = 43B90000
/* 00078 80926228 44812000 */  mtc1    $at, $f4                   ## $f4 = 370.00
/* 0007C 8092622C C48000F4 */  lwc1    $f0, 0x00F4($a0)           ## 000000F4
/* 00080 80926230 3C01C120 */  lui     $at, 0xC120                ## $at = C1200000
/* 00084 80926234 4604003C */  c.lt.s  $f0, $f4                   
/* 00088 80926238 00000000 */  nop
/* 0008C 8092623C 4502001D */  bc1fl   .L809262B4                 
/* 00090 80926240 AC8000C8 */  sw      $zero, 0x00C8($a0)         ## 000000C8
/* 00094 80926244 44813000 */  mtc1    $at, $f6                   ## $f6 = -10.00
/* 00098 80926248 3C0E800B */  lui     $t6, 0x800B                ## $t6 = 800B0000
/* 0009C 8092624C 25CE4024 */  addiu   $t6, $t6, 0x4024           ## $t6 = 800B4024
/* 000A0 80926250 4600303C */  c.lt.s  $f6, $f0                   
/* 000A4 80926254 3C018092 */  lui     $at, %hi(D_80927400)       ## $at = 80920000
/* 000A8 80926258 45020016 */  bc1fl   .L809262B4                 
/* 000AC 8092625C AC8000C8 */  sw      $zero, 0x00C8($a0)         ## 000000C8
/* 000B0 80926260 AC8E00C8 */  sw      $t6, 0x00C8($a0)           ## 000000C8
/* 000B4 80926264 C4287400 */  lwc1    $f8, %lo(D_80927400)($at)  
/* 000B8 80926268 3C014348 */  lui     $at, 0x4348                ## $at = 43480000
/* 000BC 8092626C 44815000 */  mtc1    $at, $f10                  ## $f10 = 200.00
/* 000C0 80926270 240F0064 */  addiu   $t7, $zero, 0x0064         ## $t7 = 00000064
/* 000C4 80926274 E48800CC */  swc1    $f8, 0x00CC($a0)           ## 000000CC
/* 000C8 80926278 460A003C */  c.lt.s  $f0, $f10                  
/* 000CC 8092627C 00000000 */  nop
/* 000D0 80926280 45020004 */  bc1fl   .L80926294                 
/* 000D4 80926284 4600040D */  trunc.w.s $f16, $f0                  
/* 000D8 80926288 03E00008 */  jr      $ra                        
/* 000DC 8092628C A08F00D0 */  sb      $t7, 0x00D0($a0)           ## 000000D0
.L80926290:
/* 000E0 80926290 4600040D */  trunc.w.s $f16, $f0                  
.L80926294:
/* 000E4 80926294 24080190 */  addiu   $t0, $zero, 0x0190         ## $t0 = 00000190
/* 000E8 80926298 44198000 */  mfc1    $t9, $f16                  
/* 000EC 8092629C 00000000 */  nop
/* 000F0 809262A0 01194823 */  subu    $t1, $t0, $t9              
/* 000F4 809262A4 00095043 */  sra     $t2, $t1,  1               
/* 000F8 809262A8 03E00008 */  jr      $ra                        
/* 000FC 809262AC A08A00D0 */  sb      $t2, 0x00D0($a0)           ## 000000D0
.L809262B0:
/* 00100 809262B0 AC8000C8 */  sw      $zero, 0x00C8($a0)         ## 000000C8
.L809262B4:
/* 00104 809262B4 03E00008 */  jr      $ra                        
/* 00108 809262B8 00000000 */  nop


glabel func_809262BC
/* 0010C 809262BC 27BDFFE8 */  addiu   $sp, $sp, 0xFFE8           ## $sp = FFFFFFE8
/* 00110 809262C0 AFBF0014 */  sw      $ra, 0x0014($sp)           
/* 00114 809262C4 00803825 */  or      $a3, $a0, $zero            ## $a3 = 00000000
/* 00118 809262C8 84E20032 */  lh      $v0, 0x0032($a3)           ## 00000032
/* 0011C 809262CC 24E40032 */  addiu   $a0, $a3, 0x0032           ## $a0 = 00000032
/* 00120 809262D0 24060640 */  addiu   $a2, $zero, 0x0640         ## $a2 = 00000640
/* 00124 809262D4 304E3FFF */  andi    $t6, $v0, 0x3FFF           ## $t6 = 00000000
/* 00128 809262D8 11C0000B */  beq     $t6, $zero, .L80926308     
/* 0012C 809262DC 24452000 */  addiu   $a1, $v0, 0x2000           ## $a1 = 00002000
/* 00130 809262E0 00052C00 */  sll     $a1, $a1, 16               
/* 00134 809262E4 00052C03 */  sra     $a1, $a1, 16               
/* 00138 809262E8 30A5C000 */  andi    $a1, $a1, 0xC000           ## $a1 = 00000000
/* 0013C 809262EC 00052C00 */  sll     $a1, $a1, 16               
/* 00140 809262F0 00052C03 */  sra     $a1, $a1, 16               
/* 00144 809262F4 0C03FB9C */  jal     func_800FEE70              
/* 00148 809262F8 AFA70018 */  sw      $a3, 0x0018($sp)           
/* 0014C 809262FC 8FA70018 */  lw      $a3, 0x0018($sp)           
/* 00150 80926300 84EF0032 */  lh      $t7, 0x0032($a3)           ## 00000032
/* 00154 80926304 A4EF00BE */  sh      $t7, 0x00BE($a3)           ## 000000BE
.L80926308:
/* 00158 80926308 8FBF0014 */  lw      $ra, 0x0014($sp)           
/* 0015C 8092630C 27BD0018 */  addiu   $sp, $sp, 0x0018           ## $sp = 00000000
/* 00160 80926310 03E00008 */  jr      $ra                        
/* 00164 80926314 00000000 */  nop


glabel func_80926318
/* 00168 80926318 27BDFFE0 */  addiu   $sp, $sp, 0xFFE0           ## $sp = FFFFFFE0
/* 0016C 8092631C AFBF001C */  sw      $ra, 0x001C($sp)           
/* 00170 80926320 3C0142C8 */  lui     $at, 0x42C8                ## $at = 42C80000
/* 00174 80926324 44813000 */  mtc1    $at, $f6                   ## $f6 = 100.00
/* 00178 80926328 C4840098 */  lwc1    $f4, 0x0098($a0)           ## 00000098
/* 0017C 8092632C 4606203C */  c.lt.s  $f4, $f6                   
/* 00180 80926330 00000000 */  nop
/* 00184 80926334 45020014 */  bc1fl   .L80926388                 
/* 00188 80926338 8FBF001C */  lw      $ra, 0x001C($sp)           
/* 0018C 8092633C 8CAF1CCC */  lw      $t7, 0x1CCC($a1)           ## 00001CCC
/* 00190 80926340 848E0092 */  lh      $t6, 0x0092($a0)           ## 00000092
/* 00194 80926344 00003025 */  or      $a2, $zero, $zero          ## $a2 = 00000000
/* 00198 80926348 85F80032 */  lh      $t8, 0x0032($t7)           ## 00000032
/* 0019C 8092634C 01D81023 */  subu    $v0, $t6, $t8              
/* 001A0 80926350 00021400 */  sll     $v0, $v0, 16               
/* 001A4 80926354 00021403 */  sra     $v0, $v0, 16               
/* 001A8 80926358 04410003 */  bgez    $v0, .L80926368            
/* 001AC 8092635C 00401825 */  or      $v1, $v0, $zero            ## $v1 = 00000000
/* 001B0 80926360 10000001 */  beq     $zero, $zero, .L80926368   
/* 001B4 80926364 00021823 */  subu    $v1, $zero, $v0            
.L80926368:
/* 001B8 80926368 28615556 */  slti    $at, $v1, 0x5556           
/* 001BC 8092636C 14200005 */  bne     $at, $zero, .L80926384     
/* 001C0 80926370 3C0141F0 */  lui     $at, 0x41F0                ## $at = 41F00000
/* 001C4 80926374 44814000 */  mtc1    $at, $f8                   ## $f8 = 30.00
/* 001C8 80926378 3C074210 */  lui     $a3, 0x4210                ## $a3 = 42100000
/* 001CC 8092637C 0C02E287 */  jal     func_800B8A1C              
/* 001D0 80926380 E7A80010 */  swc1    $f8, 0x0010($sp)           
.L80926384:
/* 001D4 80926384 8FBF001C */  lw      $ra, 0x001C($sp)           
.L80926388:
/* 001D8 80926388 27BD0020 */  addiu   $sp, $sp, 0x0020           ## $sp = 00000000
/* 001DC 8092638C 03E00008 */  jr      $ra                        
/* 001E0 80926390 00000000 */  nop


glabel func_80926394
/* 001E4 80926394 808E0198 */  lb      $t6, 0x0198($a0)           ## 00000198
/* 001E8 80926398 3C180002 */  lui     $t8, 0x0002                ## $t8 = 00020000
/* 001EC 8092639C 0305C021 */  addu    $t8, $t8, $a1              
/* 001F0 809263A0 15C00007 */  bne     $t6, $zero, .L809263C0     
/* 001F4 809263A4 00000000 */  nop
/* 001F8 809263A8 808F0199 */  lb      $t7, 0x0199($a0)           ## 00000199
/* 001FC 809263AC 831886E0 */  lb      $t8, -0x7920($t8)          ## 000186E0
/* 00200 809263B0 24190001 */  addiu   $t9, $zero, 0x0001         ## $t9 = 00000001
/* 00204 809263B4 11F80002 */  beq     $t7, $t8, .L809263C0       
/* 00208 809263B8 00000000 */  nop
/* 0020C 809263BC A0990198 */  sb      $t9, 0x0198($a0)           ## 00000198
.L809263C0:
/* 00210 809263C0 03E00008 */  jr      $ra                        
/* 00214 809263C4 00000000 */  nop


glabel func_809263C8
/* 00218 809263C8 27BDFFD0 */  addiu   $sp, $sp, 0xFFD0           ## $sp = FFFFFFD0
/* 0021C 809263CC AFB00018 */  sw      $s0, 0x0018($sp)           
/* 00220 809263D0 00808025 */  or      $s0, $a0, $zero            ## $s0 = 00000000
/* 00224 809263D4 AFBF001C */  sw      $ra, 0x001C($sp)           
/* 00228 809263D8 AFA50034 */  sw      $a1, 0x0034($sp)           
/* 0022C 809263DC 860E001C */  lh      $t6, 0x001C($s0)           ## 0000001C
/* 00230 809263E0 3C058092 */  lui     $a1, %hi(D_809273F0)       ## $a1 = 80920000
/* 00234 809263E4 24A573F0 */  addiu   $a1, $a1, %lo(D_809273F0)  ## $a1 = 809273F0
/* 00238 809263E8 000E7BC3 */  sra     $t7, $t6, 15               
/* 0023C 809263EC 31F80001 */  andi    $t8, $t7, 0x0001           ## $t8 = 00000000
/* 00240 809263F0 AFB80024 */  sw      $t8, 0x0024($sp)           
/* 00244 809263F4 0C03FEB7 */  jal     func_800FFADC              
/* 00248 809263F8 02002025 */  or      $a0, $s0, $zero            ## $a0 = 00000000
/* 0024C 809263FC 3C053E19 */  lui     $a1, 0x3E19                ## $a1 = 3E190000
/* 00250 80926400 34A5999A */  ori     $a1, $a1, 0x999A           ## $a1 = 3E19999A
/* 00254 80926404 0C02D9F8 */  jal     func_800B67E0              
/* 00258 80926408 02002025 */  or      $a0, $s0, $zero            ## $a0 = 00000000
/* 0025C 8092640C 8FB90024 */  lw      $t9, 0x0024($sp)           
/* 00260 80926410 3C014448 */  lui     $at, 0x4448                ## $at = 44480000
/* 00264 80926414 26050148 */  addiu   $a1, $s0, 0x0148           ## $a1 = 00000148
/* 00268 80926418 57200006 */  bnel    $t9, $zero, .L80926434     
/* 0026C 8092641C 44813000 */  mtc1    $at, $f6                   ## $f6 = 800.00
/* 00270 80926420 3C01457A */  lui     $at, 0x457A                ## $at = 457A0000
/* 00274 80926424 44812000 */  mtc1    $at, $f4                   ## $f4 = 4000.00
/* 00278 80926428 10000004 */  beq     $zero, $zero, .L8092643C   
/* 0027C 8092642C E60400FC */  swc1    $f4, 0x00FC($s0)           ## 000000FC
/* 00280 80926430 44813000 */  mtc1    $at, $f6                   ## $f6 = 4000.00
.L80926434:
/* 00284 80926434 00000000 */  nop
/* 00288 80926438 E60600FC */  swc1    $f6, 0x00FC($s0)           ## 000000FC
.L8092643C:
/* 0028C 8092643C 8FA40034 */  lw      $a0, 0x0034($sp)           
/* 00290 80926440 0C038467 */  jal     func_800E119C              
/* 00294 80926444 AFA50020 */  sw      $a1, 0x0020($sp)           
/* 00298 80926448 3C078092 */  lui     $a3, %hi(D_809273B0)       ## $a3 = 80920000
/* 0029C 8092644C 24E773B0 */  addiu   $a3, $a3, %lo(D_809273B0)  ## $a3 = 809273B0
/* 002A0 80926450 8FA40034 */  lw      $a0, 0x0034($sp)           
/* 002A4 80926454 8FA50020 */  lw      $a1, 0x0020($sp)           
/* 002A8 80926458 0C0384C3 */  jal     func_800E130C              
/* 002AC 8092645C 02003025 */  or      $a2, $s0, $zero            ## $a2 = 00000000
/* 002B0 80926460 02002025 */  or      $a0, $s0, $zero            ## $a0 = 00000000
/* 002B4 80926464 0C039F7E */  jal     func_800E7DF8              
/* 002B8 80926468 8FA50020 */  lw      $a1, 0x0020($sp)           
/* 002BC 8092646C 240800FF */  addiu   $t0, $zero, 0x00FF         ## $t0 = 000000FF
/* 002C0 80926470 A20800B6 */  sb      $t0, 0x00B6($s0)           ## 000000B6
/* 002C4 80926474 8FA90024 */  lw      $t1, 0x0024($sp)           
/* 002C8 80926478 8FA40034 */  lw      $a0, 0x0034($sp)           
/* 002CC 8092647C 3C010001 */  lui     $at, 0x0001                ## $at = 00010000
/* 002D0 80926480 3C058092 */  lui     $a1, %hi(D_809273DC)       ## $a1 = 80920000
/* 002D4 80926484 00095040 */  sll     $t2, $t1,  1               
/* 002D8 80926488 00AA2821 */  addu    $a1, $a1, $t2              
/* 002DC 8092648C 34217D88 */  ori     $at, $at, 0x7D88           ## $at = 00017D88
/* 002E0 80926490 84A573DC */  lh      $a1, %lo(D_809273DC)($a1)  
/* 002E4 80926494 0C04BD82 */  jal     func_8012F608              
/* 002E8 80926498 00812021 */  addu    $a0, $a0, $at              
/* 002EC 8092649C A6020196 */  sh      $v0, 0x0196($s0)           ## 00000196
/* 002F0 809264A0 860B0196 */  lh      $t3, 0x0196($s0)           ## 00000196
/* 002F4 809264A4 05630006 */  bgezl   $t3, .L809264C0            
/* 002F8 809264A8 820C0003 */  lb      $t4, 0x0003($s0)           ## 00000003
/* 002FC 809264AC 0C02D9C3 */  jal     func_800B670C              
/* 00300 809264B0 02002025 */  or      $a0, $s0, $zero            ## $a0 = 00000000
/* 00304 809264B4 10000006 */  beq     $zero, $zero, .L809264D0   
/* 00308 809264B8 8FBF001C */  lw      $ra, 0x001C($sp)           
/* 0030C 809264BC 820C0003 */  lb      $t4, 0x0003($s0)           ## 00000003
.L809264C0:
/* 00310 809264C0 02002025 */  or      $a0, $s0, $zero            ## $a0 = 00000000
/* 00314 809264C4 0C249AD0 */  jal     func_80926B40              
/* 00318 809264C8 A20C0199 */  sb      $t4, 0x0199($s0)           ## 00000199
/* 0031C 809264CC 8FBF001C */  lw      $ra, 0x001C($sp)           
.L809264D0:
/* 00320 809264D0 8FB00018 */  lw      $s0, 0x0018($sp)           
/* 00324 809264D4 27BD0030 */  addiu   $sp, $sp, 0x0030           ## $sp = 00000000
/* 00328 809264D8 03E00008 */  jr      $ra                        
/* 0032C 809264DC 00000000 */  nop


glabel func_809264E0
/* 00330 809264E0 27BDFFE8 */  addiu   $sp, $sp, 0xFFE8           ## $sp = FFFFFFE8
/* 00334 809264E4 AFBF0014 */  sw      $ra, 0x0014($sp)           
/* 00338 809264E8 00803825 */  or      $a3, $a0, $zero            ## $a3 = 00000000
/* 0033C 809264EC 00A03025 */  or      $a2, $a1, $zero            ## $a2 = 00000000
/* 00340 809264F0 00C02025 */  or      $a0, $a2, $zero            ## $a0 = 00000000
/* 00344 809264F4 0C03847B */  jal     func_800E11EC              
/* 00348 809264F8 24E50148 */  addiu   $a1, $a3, 0x0148           ## $a1 = 00000148
/* 0034C 809264FC 8FBF0014 */  lw      $ra, 0x0014($sp)           
/* 00350 80926500 27BD0018 */  addiu   $sp, $sp, 0x0018           ## $sp = 00000000
/* 00354 80926504 03E00008 */  jr      $ra                        
/* 00358 80926508 00000000 */  nop


glabel func_8092650C
/* 0035C 8092650C 27BDFF20 */  addiu   $sp, $sp, 0xFF20           ## $sp = FFFFFF20
/* 00360 80926510 AFBF009C */  sw      $ra, 0x009C($sp)           
/* 00364 80926514 AFBE0098 */  sw      $s8, 0x0098($sp)           
/* 00368 80926518 AFB70094 */  sw      $s7, 0x0094($sp)           
/* 0036C 8092651C AFB60090 */  sw      $s6, 0x0090($sp)           
/* 00370 80926520 AFB5008C */  sw      $s5, 0x008C($sp)           
/* 00374 80926524 AFB40088 */  sw      $s4, 0x0088($sp)           
/* 00378 80926528 AFB30084 */  sw      $s3, 0x0084($sp)           
/* 0037C 8092652C AFB20080 */  sw      $s2, 0x0080($sp)           
/* 00380 80926530 AFB1007C */  sw      $s1, 0x007C($sp)           
/* 00384 80926534 AFB00078 */  sw      $s0, 0x0078($sp)           
/* 00388 80926538 F7BE0070 */  sdc1    $f30, 0x0070($sp)          
/* 0038C 8092653C F7BC0068 */  sdc1    $f28, 0x0068($sp)          
/* 00390 80926540 F7BA0060 */  sdc1    $f26, 0x0060($sp)          
/* 00394 80926544 F7B80058 */  sdc1    $f24, 0x0058($sp)          
/* 00398 80926548 F7B60050 */  sdc1    $f22, 0x0050($sp)          
/* 0039C 8092654C F7B40048 */  sdc1    $f20, 0x0048($sp)          
/* 003A0 80926550 AFA400E0 */  sw      $a0, 0x00E0($sp)           
/* 003A4 80926554 AFA500E4 */  sw      $a1, 0x00E4($sp)           
/* 003A8 80926558 3C0140A0 */  lui     $at, 0x40A0                ## $at = 40A00000
/* 003AC 8092655C 4481F000 */  mtc1    $at, $f30                  ## $f30 = 5.00
/* 003B0 80926560 3C018092 */  lui     $at, %hi(D_80927404)       ## $at = 80920000
/* 003B4 80926564 C43C7404 */  lwc1    $f28, %lo(D_80927404)($at) 
/* 003B8 80926568 3C014000 */  lui     $at, 0x4000                ## $at = 40000000
/* 003BC 8092656C 8FB100E0 */  lw      $s1, 0x00E0($sp)           
/* 003C0 80926570 4481D000 */  mtc1    $at, $f26                  ## $f26 = 2.00
/* 003C4 80926574 3C014180 */  lui     $at, 0x4180                ## $at = 41800000
/* 003C8 80926578 3C178092 */  lui     $s7, %hi(D_809273E0)       ## $s7 = 80920000
/* 003CC 8092657C 3C168092 */  lui     $s6, %hi(D_809273DC)       ## $s6 = 80920000
/* 003D0 80926580 4481C000 */  mtc1    $at, $f24                  ## $f24 = 16.00
/* 003D4 80926584 26D673DC */  addiu   $s6, $s6, %lo(D_809273DC)  ## $s6 = 809273DC
/* 003D8 80926588 26F773E0 */  addiu   $s7, $s7, %lo(D_809273E0)  ## $s7 = 809273E0
/* 003DC 8092658C 00009825 */  or      $s3, $zero, $zero          ## $s3 = 00000000
/* 003E0 80926590 00009025 */  or      $s2, $zero, $zero          ## $s2 = 00000000
/* 003E4 80926594 241E000C */  addiu   $s8, $zero, 0x000C         ## $s8 = 0000000C
/* 003E8 80926598 27B500BC */  addiu   $s5, $sp, 0x00BC           ## $s5 = FFFFFFDC
/* 003EC 8092659C 27B400C8 */  addiu   $s4, $sp, 0x00C8           ## $s4 = FFFFFFE8
/* 003F0 809265A0 26310024 */  addiu   $s1, $s1, 0x0024           ## $s1 = 00000024
.L809265A4:
/* 003F4 809265A4 00122400 */  sll     $a0, $s2, 16               
/* 003F8 809265A8 0C03FB61 */  jal     func_800FED84              
/* 003FC 809265AC 00042403 */  sra     $a0, $a0, 16               
/* 00400 809265B0 00122400 */  sll     $a0, $s2, 16               
/* 00404 809265B4 46000506 */  mov.s   $f20, $f0                  
/* 00408 809265B8 0C03FB51 */  jal     func_800FED44              
/* 0040C 809265BC 00042403 */  sra     $a0, $a0, 16               
/* 00410 809265C0 4618A102 */  mul.s   $f4, $f20, $f24            
/* 00414 809265C4 46000586 */  mov.s   $f22, $f0                  
/* 00418 809265C8 0C021BF7 */  jal     func_80086FDC              
/* 0041C 809265CC E7A400C8 */  swc1    $f4, 0x00C8($sp)           
/* 00420 809265D0 461E0182 */  mul.s   $f6, $f0, $f30             
/* 00424 809265D4 C7B000C8 */  lwc1    $f16, 0x00C8($sp)          
/* 00428 809265D8 4618B282 */  mul.s   $f10, $f22, $f24           
/* 0042C 809265DC 00000000 */  nop
/* 00430 809265E0 461C8482 */  mul.s   $f18, $f16, $f28           
/* 00434 809265E4 461A3200 */  add.s   $f8, $f6, $f26             
/* 00438 809265E8 E7AA00D0 */  swc1    $f10, 0x00D0($sp)          
/* 0043C 809265EC E7A800CC */  swc1    $f8, 0x00CC($sp)           
/* 00440 809265F0 0C021BF7 */  jal     func_80086FDC              
/* 00444 809265F4 E7B200BC */  swc1    $f18, 0x00BC($sp)          
/* 00448 809265F8 3C0140C0 */  lui     $at, 0x40C0                ## $at = 40C00000
/* 0044C 809265FC 44812000 */  mtc1    $at, $f4                   ## $f4 = 6.00
/* 00450 80926600 C7AA00D0 */  lwc1    $f10, 0x00D0($sp)          
/* 00454 80926604 C7B200C8 */  lwc1    $f18, 0x00C8($sp)          
/* 00458 80926608 46040182 */  mul.s   $f6, $f0, $f4              
/* 0045C 8092660C 461A3200 */  add.s   $f8, $f6, $f26             
/* 00460 80926610 461C5402 */  mul.s   $f16, $f10, $f28           
/* 00464 80926614 E7A800C0 */  swc1    $f8, 0x00C0($sp)           
/* 00468 80926618 C7A800CC */  lwc1    $f8, 0x00CC($sp)           
/* 0046C 8092661C E7B000C4 */  swc1    $f16, 0x00C4($sp)          
/* 00470 80926620 C6240000 */  lwc1    $f4, 0x0000($s1)           ## 00000024
/* 00474 80926624 46049180 */  add.s   $f6, $f18, $f4             
/* 00478 80926628 E7A600C8 */  swc1    $f6, 0x00C8($sp)           
/* 0047C 8092662C C6300004 */  lwc1    $f16, 0x0004($s1)          ## 00000028
/* 00480 80926630 46104480 */  add.s   $f18, $f8, $f16            
/* 00484 80926634 E7B200CC */  swc1    $f18, 0x00CC($sp)          
/* 00488 80926638 C6240008 */  lwc1    $f4, 0x0008($s1)           ## 0000002C
/* 0048C 8092663C 46045180 */  add.s   $f6, $f10, $f4             
/* 00490 80926640 0C021BF7 */  jal     func_80086FDC              
/* 00494 80926644 E7A600D0 */  swc1    $f6, 0x00D0($sp)           
/* 00498 80926648 3C018092 */  lui     $at, %hi(D_80927408)       ## $at = 80920000
/* 0049C 8092664C C4287408 */  lwc1    $f8, %lo(D_80927408)($at)  
/* 004A0 80926650 3C018092 */  lui     $at, %hi(D_8092740C)       ## $at = 80920000
/* 004A4 80926654 4608003C */  c.lt.s  $f0, $f8                   
/* 004A8 80926658 00000000 */  nop
/* 004AC 8092665C 45000003 */  bc1f    .L8092666C                 
/* 004B0 80926660 00000000 */  nop
/* 004B4 80926664 10000009 */  beq     $zero, $zero, .L8092668C   
/* 004B8 80926668 24100060 */  addiu   $s0, $zero, 0x0060         ## $s0 = 00000060
.L8092666C:
/* 004BC 8092666C C430740C */  lwc1    $f16, %lo(D_8092740C)($at) 
/* 004C0 80926670 24100020 */  addiu   $s0, $zero, 0x0020         ## $s0 = 00000020
/* 004C4 80926674 4610003C */  c.lt.s  $f0, $f16                  
/* 004C8 80926678 00000000 */  nop
/* 004CC 8092667C 45000003 */  bc1f    .L8092668C                 
/* 004D0 80926680 00000000 */  nop
/* 004D4 80926684 10000001 */  beq     $zero, $zero, .L8092668C   
/* 004D8 80926688 24100040 */  addiu   $s0, $zero, 0x0040         ## $s0 = 00000040
.L8092668C:
/* 004DC 8092668C 0C021BF7 */  jal     func_80086FDC              
/* 004E0 80926690 00000000 */  nop
/* 004E4 80926694 3C014218 */  lui     $at, 0x4218                ## $at = 42180000
/* 004E8 80926698 44819000 */  mtc1    $at, $f18                  ## $f18 = 38.00
/* 004EC 8092669C 3C014120 */  lui     $at, 0x4120                ## $at = 41200000
/* 004F0 809266A0 44812000 */  mtc1    $at, $f4                   ## $f4 = 10.00
/* 004F4 809266A4 46120282 */  mul.s   $f10, $f0, $f18            
/* 004F8 809266A8 8FAA00E0 */  lw      $t2, 0x00E0($sp)           
/* 004FC 809266AC 240EFF38 */  addiu   $t6, $zero, 0xFF38         ## $t6 = FFFFFF38
/* 00500 809266B0 240F0014 */  addiu   $t7, $zero, 0x0014         ## $t7 = 00000014
/* 00504 809266B4 2408003C */  addiu   $t0, $zero, 0x003C         ## $t0 = 0000003C
/* 00508 809266B8 2409FFFF */  addiu   $t1, $zero, 0xFFFF         ## $t1 = FFFFFFFF
/* 0050C 809266BC AFA90034 */  sw      $t1, 0x0034($sp)           
/* 00510 809266C0 46045180 */  add.s   $f6, $f10, $f4             
/* 00514 809266C4 AFA80030 */  sw      $t0, 0x0030($sp)           
/* 00518 809266C8 AFAF0018 */  sw      $t7, 0x0018($sp)           
/* 0051C 809266CC AFAE0010 */  sw      $t6, 0x0010($sp)           
/* 00520 809266D0 4600320D */  trunc.w.s $f8, $f6                   
/* 00524 809266D4 AFB00014 */  sw      $s0, 0x0014($sp)           
/* 00528 809266D8 AFA0001C */  sw      $zero, 0x001C($sp)         
/* 0052C 809266DC AFA00020 */  sw      $zero, 0x0020($sp)         
/* 00530 809266E0 44194000 */  mfc1    $t9, $f8                   
/* 00534 809266E4 AFA00028 */  sw      $zero, 0x0028($sp)         
/* 00538 809266E8 AFA0002C */  sw      $zero, 0x002C($sp)         
/* 0053C 809266EC AFB90024 */  sw      $t9, 0x0024($sp)           
/* 00540 809266F0 8542001C */  lh      $v0, 0x001C($t2)           ## 0000001C
/* 00544 809266F4 8FA400E4 */  lw      $a0, 0x00E4($sp)           
/* 00548 809266F8 02802825 */  or      $a1, $s4, $zero            ## $a1 = FFFFFFE8
/* 0054C 809266FC 000213C3 */  sra     $v0, $v0, 15               
/* 00550 80926700 30420001 */  andi    $v0, $v0, 0x0001           ## $v0 = 00000000
/* 00554 80926704 00025840 */  sll     $t3, $v0,  1               
/* 00558 80926708 00027080 */  sll     $t6, $v0,  2               
/* 0055C 8092670C 02EE7821 */  addu    $t7, $s7, $t6              
/* 00560 80926710 02CB6021 */  addu    $t4, $s6, $t3              
/* 00564 80926714 858D0000 */  lh      $t5, 0x0000($t4)           ## 00000000
/* 00568 80926718 8DF80000 */  lw      $t8, 0x0000($t7)           ## 00000014
/* 0056C 8092671C 02A03025 */  or      $a2, $s5, $zero            ## $a2 = FFFFFFDC
/* 00570 80926720 02203825 */  or      $a3, $s1, $zero            ## $a3 = 00000024
/* 00574 80926724 AFAD0038 */  sw      $t5, 0x0038($sp)           
/* 00578 80926728 0C02CA04 */  jal     func_800B2810              
/* 0057C 8092672C AFB8003C */  sw      $t8, 0x003C($sp)           
/* 00580 80926730 26524E20 */  addiu   $s2, $s2, 0x4E20           ## $s2 = 00004E20
/* 00584 80926734 00129400 */  sll     $s2, $s2, 16               
/* 00588 80926738 26730001 */  addiu   $s3, $s3, 0x0001           ## $s3 = 00000001
/* 0058C 8092673C 167EFF99 */  bne     $s3, $s8, .L809265A4       
/* 00590 80926740 00129403 */  sra     $s2, $s2, 16               
/* 00594 80926744 3C014220 */  lui     $at, 0x4220                ## $at = 42200000
/* 00598 80926748 4481A000 */  mtc1    $at, $f20                  ## $f20 = 40.00
/* 0059C 8092674C 24190032 */  addiu   $t9, $zero, 0x0032         ## $t9 = 00000032
/* 005A0 80926750 2408008C */  addiu   $t0, $zero, 0x008C         ## $t0 = 0000008C
/* 005A4 80926754 24090001 */  addiu   $t1, $zero, 0x0001         ## $t1 = 00000001
/* 005A8 80926758 4406A000 */  mfc1    $a2, $f20                  
/* 005AC 8092675C AFA90018 */  sw      $t1, 0x0018($sp)           
/* 005B0 80926760 AFA80014 */  sw      $t0, 0x0014($sp)           
/* 005B4 80926764 AFB90010 */  sw      $t9, 0x0010($sp)           
/* 005B8 80926768 8FA400E4 */  lw      $a0, 0x00E4($sp)           
/* 005BC 8092676C 02202825 */  or      $a1, $s1, $zero            ## $a1 = 00000024
/* 005C0 80926770 0C02EFEC */  jal     func_800BBFB0              
/* 005C4 80926774 24070003 */  addiu   $a3, $zero, 0x0003         ## $a3 = 00000003
/* 005C8 80926778 4406A000 */  mfc1    $a2, $f20                  
/* 005CC 8092677C 240A0014 */  addiu   $t2, $zero, 0x0014         ## $t2 = 00000014
/* 005D0 80926780 240B0050 */  addiu   $t3, $zero, 0x0050         ## $t3 = 00000050
/* 005D4 80926784 240C0001 */  addiu   $t4, $zero, 0x0001         ## $t4 = 00000001
/* 005D8 80926788 AFAC0018 */  sw      $t4, 0x0018($sp)           
/* 005DC 8092678C AFAB0014 */  sw      $t3, 0x0014($sp)           
/* 005E0 80926790 AFAA0010 */  sw      $t2, 0x0010($sp)           
/* 005E4 80926794 8FA400E4 */  lw      $a0, 0x00E4($sp)           
/* 005E8 80926798 02202825 */  or      $a1, $s1, $zero            ## $a1 = 00000024
/* 005EC 8092679C 0C02EFEC */  jal     func_800BBFB0              
/* 005F0 809267A0 24070002 */  addiu   $a3, $zero, 0x0002         ## $a3 = 00000002
/* 005F4 809267A4 8FBF009C */  lw      $ra, 0x009C($sp)           
/* 005F8 809267A8 D7B40048 */  ldc1    $f20, 0x0048($sp)          
/* 005FC 809267AC D7B60050 */  ldc1    $f22, 0x0050($sp)          
/* 00600 809267B0 D7B80058 */  ldc1    $f24, 0x0058($sp)          
/* 00604 809267B4 D7BA0060 */  ldc1    $f26, 0x0060($sp)          
/* 00608 809267B8 D7BC0068 */  ldc1    $f28, 0x0068($sp)          
/* 0060C 809267BC D7BE0070 */  ldc1    $f30, 0x0070($sp)          
/* 00610 809267C0 8FB00078 */  lw      $s0, 0x0078($sp)           
/* 00614 809267C4 8FB1007C */  lw      $s1, 0x007C($sp)           
/* 00618 809267C8 8FB20080 */  lw      $s2, 0x0080($sp)           
/* 0061C 809267CC 8FB30084 */  lw      $s3, 0x0084($sp)           
/* 00620 809267D0 8FB40088 */  lw      $s4, 0x0088($sp)           
/* 00624 809267D4 8FB5008C */  lw      $s5, 0x008C($sp)           
/* 00628 809267D8 8FB60090 */  lw      $s6, 0x0090($sp)           
/* 0062C 809267DC 8FB70094 */  lw      $s7, 0x0094($sp)           
/* 00630 809267E0 8FBE0098 */  lw      $s8, 0x0098($sp)           
/* 00634 809267E4 03E00008 */  jr      $ra                        
/* 00638 809267E8 27BD00E0 */  addiu   $sp, $sp, 0x00E0           ## $sp = 00000000


glabel func_809267EC
/* 0063C 809267EC 27BDFF20 */  addiu   $sp, $sp, 0xFF20           ## $sp = FFFFFF20
/* 00640 809267F0 AFB40088 */  sw      $s4, 0x0088($sp)           
/* 00644 809267F4 00A0A025 */  or      $s4, $a1, $zero            ## $s4 = 00000000
/* 00648 809267F8 AFBF009C */  sw      $ra, 0x009C($sp)           
/* 0064C 809267FC AFBE0098 */  sw      $s8, 0x0098($sp)           
/* 00650 80926800 AFB70094 */  sw      $s7, 0x0094($sp)           
/* 00654 80926804 AFB60090 */  sw      $s6, 0x0090($sp)           
/* 00658 80926808 AFB5008C */  sw      $s5, 0x008C($sp)           
/* 0065C 8092680C AFB30084 */  sw      $s3, 0x0084($sp)           
/* 00660 80926810 AFB20080 */  sw      $s2, 0x0080($sp)           
/* 00664 80926814 AFB1007C */  sw      $s1, 0x007C($sp)           
/* 00668 80926818 AFB00078 */  sw      $s0, 0x0078($sp)           
/* 0066C 8092681C F7BE0070 */  sdc1    $f30, 0x0070($sp)          
/* 00670 80926820 F7BC0068 */  sdc1    $f28, 0x0068($sp)          
/* 00674 80926824 F7BA0060 */  sdc1    $f26, 0x0060($sp)          
/* 00678 80926828 F7B80058 */  sdc1    $f24, 0x0058($sp)          
/* 0067C 8092682C F7B60050 */  sdc1    $f22, 0x0050($sp)          
/* 00680 80926830 F7B40048 */  sdc1    $f20, 0x0048($sp)          
/* 00684 80926834 C4840028 */  lwc1    $f4, 0x0028($a0)           ## 00000028
/* 00688 80926838 C486008C */  lwc1    $f6, 0x008C($a0)           ## 0000008C
/* 0068C 8092683C 3C014170 */  lui     $at, 0x4170                ## $at = 41700000
/* 00690 80926840 4481B000 */  mtc1    $at, $f22                  ## $f22 = 15.00
/* 00694 80926844 46062200 */  add.s   $f8, $f4, $f6              
/* 00698 80926848 3C018092 */  lui     $at, %hi(D_80927410)       ## $at = 80920000
/* 0069C 8092684C C4347410 */  lwc1    $f20, %lo(D_80927410)($at) 
/* 006A0 80926850 AFA400E0 */  sw      $a0, 0x00E0($sp)           
/* 006A4 80926854 E7A800CC */  swc1    $f8, 0x00CC($sp)           
/* 006A8 80926858 00008825 */  or      $s1, $zero, $zero          ## $s1 = 00000000
/* 006AC 8092685C 00009825 */  or      $s3, $zero, $zero          ## $s3 = 00000000
/* 006B0 80926860 24920024 */  addiu   $s2, $a0, 0x0024           ## $s2 = 00000024
/* 006B4 80926864 27B500C8 */  addiu   $s5, $sp, 0x00C8           ## $s5 = FFFFFFE8
.L80926868:
/* 006B8 80926868 0C021BF7 */  jal     func_80086FDC              
/* 006BC 8092686C 00000000 */  nop
/* 006C0 80926870 46140282 */  mul.s   $f10, $f0, $f20            
/* 006C4 80926874 4600540D */  trunc.w.s $f16, $f10                 
/* 006C8 80926878 440F8000 */  mfc1    $t7, $f16                  
/* 006CC 8092687C 00000000 */  nop
/* 006D0 80926880 01F12021 */  addu    $a0, $t7, $s1              
/* 006D4 80926884 00042400 */  sll     $a0, $a0, 16               
/* 006D8 80926888 0C03FB61 */  jal     func_800FED84              
/* 006DC 8092688C 00042403 */  sra     $a0, $a0, 16               
/* 006E0 80926890 46160482 */  mul.s   $f18, $f0, $f22            
/* 006E4 80926894 C6440000 */  lwc1    $f4, 0x0000($s2)           ## 00000024
/* 006E8 80926898 46049180 */  add.s   $f6, $f18, $f4             
/* 006EC 8092689C 0C021BF7 */  jal     func_80086FDC              
/* 006F0 809268A0 E7A600C8 */  swc1    $f6, 0x00C8($sp)           
/* 006F4 809268A4 46140202 */  mul.s   $f8, $f0, $f20             
/* 006F8 809268A8 4600428D */  trunc.w.s $f10, $f8                  
/* 006FC 809268AC 44195000 */  mfc1    $t9, $f10                  
/* 00700 809268B0 00000000 */  nop
/* 00704 809268B4 03312021 */  addu    $a0, $t9, $s1              
/* 00708 809268B8 00042400 */  sll     $a0, $a0, 16               
/* 0070C 809268BC 0C03FB51 */  jal     func_800FED44              
/* 00710 809268C0 00042403 */  sra     $a0, $a0, 16               
/* 00714 809268C4 46160402 */  mul.s   $f16, $f0, $f22            
/* 00718 809268C8 C6520008 */  lwc1    $f18, 0x0008($s2)          ## 0000002C
/* 0071C 809268CC 2408015E */  addiu   $t0, $zero, 0x015E         ## $t0 = 0000015E
/* 00720 809268D0 AFA80014 */  sw      $t0, 0x0014($sp)           
/* 00724 809268D4 AFA00010 */  sw      $zero, 0x0010($sp)         
/* 00728 809268D8 02802025 */  or      $a0, $s4, $zero            ## $a0 = 00000000
/* 0072C 809268DC 02A02825 */  or      $a1, $s5, $zero            ## $a1 = FFFFFFE8
/* 00730 809268E0 46128100 */  add.s   $f4, $f16, $f18            
/* 00734 809268E4 00003025 */  or      $a2, $zero, $zero          ## $a2 = 00000000
/* 00738 809268E8 00003825 */  or      $a3, $zero, $zero          ## $a3 = 00000000
/* 0073C 809268EC 0C02C7D3 */  jal     func_800B1F4C              
/* 00740 809268F0 E7A400D0 */  swc1    $f4, 0x00D0($sp)           
/* 00744 809268F4 26730001 */  addiu   $s3, $s3, 0x0001           ## $s3 = 00000001
/* 00748 809268F8 26313333 */  addiu   $s1, $s1, 0x3333           ## $s1 = 00003333
/* 0074C 809268FC 00118C00 */  sll     $s1, $s1, 16               
/* 00750 80926900 2A610005 */  slti    $at, $s3, 0x0005           
/* 00754 80926904 1420FFD8 */  bne     $at, $zero, .L80926868     
/* 00758 80926908 00118C03 */  sra     $s1, $s1, 16               
/* 0075C 8092690C C6460000 */  lwc1    $f6, 0x0000($s2)           ## 00000024
/* 00760 80926910 02802025 */  or      $a0, $s4, $zero            ## $a0 = 00000000
/* 00764 80926914 02A02825 */  or      $a1, $s5, $zero            ## $a1 = FFFFFFE8
/* 00768 80926918 E7A600C8 */  swc1    $f6, 0x00C8($sp)           
/* 0076C 8092691C C6480008 */  lwc1    $f8, 0x0008($s2)           ## 0000002C
/* 00770 80926920 AFA00010 */  sw      $zero, 0x0010($sp)         
/* 00774 80926924 240600C8 */  addiu   $a2, $zero, 0x00C8         ## $a2 = 000000C8
/* 00778 80926928 24070258 */  addiu   $a3, $zero, 0x0258         ## $a3 = 00000258
/* 0077C 8092692C 0C02C7BD */  jal     func_800B1EF4              
/* 00780 80926930 E7A800D0 */  swc1    $f8, 0x00D0($sp)           
/* 00784 80926934 3C0140A0 */  lui     $at, 0x40A0                ## $at = 40A00000
/* 00788 80926938 4481F000 */  mtc1    $at, $f30                  ## $f30 = 5.00
/* 0078C 8092693C 3C018092 */  lui     $at, %hi(D_80927414)       ## $at = 80920000
/* 00790 80926940 C43C7414 */  lwc1    $f28, %lo(D_80927414)($at) 
/* 00794 80926944 3C014000 */  lui     $at, 0x4000                ## $at = 40000000
/* 00798 80926948 4481D000 */  mtc1    $at, $f26                  ## $f26 = 2.00
/* 0079C 8092694C 3C014180 */  lui     $at, 0x4180                ## $at = 41800000
/* 007A0 80926950 3C1E8092 */  lui     $s8, %hi(D_809273E0)       ## $s8 = 80920000
/* 007A4 80926954 3C178092 */  lui     $s7, %hi(D_809273DC)       ## $s7 = 80920000
/* 007A8 80926958 4481C000 */  mtc1    $at, $f24                  ## $f24 = 16.00
/* 007AC 8092695C 26F773DC */  addiu   $s7, $s7, %lo(D_809273DC)  ## $s7 = 809273DC
/* 007B0 80926960 27DE73E0 */  addiu   $s8, $s8, %lo(D_809273E0)  ## $s8 = 809273E0
/* 007B4 80926964 00009825 */  or      $s3, $zero, $zero          ## $s3 = 00000000
/* 007B8 80926968 00008825 */  or      $s1, $zero, $zero          ## $s1 = 00000000
/* 007BC 8092696C 27B600BC */  addiu   $s6, $sp, 0x00BC           ## $s6 = FFFFFFDC
.L80926970:
/* 007C0 80926970 00112400 */  sll     $a0, $s1, 16               
/* 007C4 80926974 0C03FB61 */  jal     func_800FED84              
/* 007C8 80926978 00042403 */  sra     $a0, $a0, 16               
/* 007CC 8092697C 00112400 */  sll     $a0, $s1, 16               
/* 007D0 80926980 46000506 */  mov.s   $f20, $f0                  
/* 007D4 80926984 0C03FB51 */  jal     func_800FED44              
/* 007D8 80926988 00042403 */  sra     $a0, $a0, 16               
/* 007DC 8092698C 4618A282 */  mul.s   $f10, $f20, $f24           
/* 007E0 80926990 46000586 */  mov.s   $f22, $f0                  
/* 007E4 80926994 0C021BF7 */  jal     func_80086FDC              
/* 007E8 80926998 E7AA00C8 */  swc1    $f10, 0x00C8($sp)          
/* 007EC 8092699C 461E0402 */  mul.s   $f16, $f0, $f30            
/* 007F0 809269A0 C7A600C8 */  lwc1    $f6, 0x00C8($sp)           
/* 007F4 809269A4 4618B102 */  mul.s   $f4, $f22, $f24            
/* 007F8 809269A8 00000000 */  nop
/* 007FC 809269AC 461C3202 */  mul.s   $f8, $f6, $f28             
/* 00800 809269B0 461A8480 */  add.s   $f18, $f16, $f26           
/* 00804 809269B4 E7A400D0 */  swc1    $f4, 0x00D0($sp)           
/* 00808 809269B8 E7B200CC */  swc1    $f18, 0x00CC($sp)          
/* 0080C 809269BC 0C021BF7 */  jal     func_80086FDC              
/* 00810 809269C0 E7A800BC */  swc1    $f8, 0x00BC($sp)           
/* 00814 809269C4 3C014080 */  lui     $at, 0x4080                ## $at = 40800000
/* 00818 809269C8 44815000 */  mtc1    $at, $f10                  ## $f10 = 4.00
/* 0081C 809269CC C7A400D0 */  lwc1    $f4, 0x00D0($sp)           
/* 00820 809269D0 C7A800C8 */  lwc1    $f8, 0x00C8($sp)           
/* 00824 809269D4 460A0402 */  mul.s   $f16, $f0, $f10            
/* 00828 809269D8 461A8480 */  add.s   $f18, $f16, $f26           
/* 0082C 809269DC 461C2182 */  mul.s   $f6, $f4, $f28             
/* 00830 809269E0 E7B200C0 */  swc1    $f18, 0x00C0($sp)          
/* 00834 809269E4 C7B200CC */  lwc1    $f18, 0x00CC($sp)          
/* 00838 809269E8 E7A600C4 */  swc1    $f6, 0x00C4($sp)           
/* 0083C 809269EC C64A0000 */  lwc1    $f10, 0x0000($s2)          ## 00000024
/* 00840 809269F0 460A4400 */  add.s   $f16, $f8, $f10            
/* 00844 809269F4 E7B000C8 */  swc1    $f16, 0x00C8($sp)          
/* 00848 809269F8 C6460004 */  lwc1    $f6, 0x0004($s2)           ## 00000028
/* 0084C 809269FC 46069200 */  add.s   $f8, $f18, $f6             
/* 00850 80926A00 E7A800CC */  swc1    $f8, 0x00CC($sp)           
/* 00854 80926A04 C64A0008 */  lwc1    $f10, 0x0008($s2)          ## 0000002C
/* 00858 80926A08 460A2400 */  add.s   $f16, $f4, $f10            
/* 0085C 80926A0C 0C021BF7 */  jal     func_80086FDC              
/* 00860 80926A10 E7B000D0 */  swc1    $f16, 0x00D0($sp)          
/* 00864 80926A14 3C018092 */  lui     $at, %hi(D_80927418)       ## $at = 80920000
/* 00868 80926A18 C4327418 */  lwc1    $f18, %lo(D_80927418)($at) 
/* 0086C 80926A1C 24100020 */  addiu   $s0, $zero, 0x0020         ## $s0 = 00000020
/* 00870 80926A20 4612003C */  c.lt.s  $f0, $f18                  
/* 00874 80926A24 00000000 */  nop
/* 00878 80926A28 45000003 */  bc1f    .L80926A38                 
/* 0087C 80926A2C 00000000 */  nop
/* 00880 80926A30 10000001 */  beq     $zero, $zero, .L80926A38   
/* 00884 80926A34 24100040 */  addiu   $s0, $zero, 0x0040         ## $s0 = 00000040
.L80926A38:
/* 00888 80926A38 0C021BF7 */  jal     func_80086FDC              
/* 0088C 80926A3C 00000000 */  nop
/* 00890 80926A40 3C01420C */  lui     $at, 0x420C                ## $at = 420C0000
/* 00894 80926A44 44813000 */  mtc1    $at, $f6                   ## $f6 = 35.00
/* 00898 80926A48 3C014120 */  lui     $at, 0x4120                ## $at = 41200000
/* 0089C 80926A4C 44812000 */  mtc1    $at, $f4                   ## $f4 = 10.00
/* 008A0 80926A50 46060202 */  mul.s   $f8, $f0, $f6              
/* 008A4 80926A54 8FB800E0 */  lw      $t8, 0x00E0($sp)           
/* 008A8 80926A58 2409FF4C */  addiu   $t1, $zero, 0xFF4C         ## $t1 = FFFFFF4C
/* 008AC 80926A5C 240A0032 */  addiu   $t2, $zero, 0x0032         ## $t2 = 00000032
/* 008B0 80926A60 240B0005 */  addiu   $t3, $zero, 0x0005         ## $t3 = 00000005
/* 008B4 80926A64 240E0046 */  addiu   $t6, $zero, 0x0046         ## $t6 = 00000046
/* 008B8 80926A68 240FFFFF */  addiu   $t7, $zero, 0xFFFF         ## $t7 = FFFFFFFF
/* 008BC 80926A6C 46044280 */  add.s   $f10, $f8, $f4             
/* 008C0 80926A70 AFAF0034 */  sw      $t7, 0x0034($sp)           
/* 008C4 80926A74 AFAE0030 */  sw      $t6, 0x0030($sp)           
/* 008C8 80926A78 AFAB001C */  sw      $t3, 0x001C($sp)           
/* 008CC 80926A7C 4600540D */  trunc.w.s $f16, $f10                 
/* 008D0 80926A80 AFAA0018 */  sw      $t2, 0x0018($sp)           
/* 008D4 80926A84 AFA90010 */  sw      $t1, 0x0010($sp)           
/* 008D8 80926A88 AFB00014 */  sw      $s0, 0x0014($sp)           
/* 008DC 80926A8C 440D8000 */  mfc1    $t5, $f16                  
/* 008E0 80926A90 AFA00020 */  sw      $zero, 0x0020($sp)         
/* 008E4 80926A94 AFA00028 */  sw      $zero, 0x0028($sp)         
/* 008E8 80926A98 AFA0002C */  sw      $zero, 0x002C($sp)         
/* 008EC 80926A9C AFAD0024 */  sw      $t5, 0x0024($sp)           
/* 008F0 80926AA0 8702001C */  lh      $v0, 0x001C($t8)           ## 0000001C
/* 008F4 80926AA4 02802025 */  or      $a0, $s4, $zero            ## $a0 = 00000000
/* 008F8 80926AA8 02A02825 */  or      $a1, $s5, $zero            ## $a1 = FFFFFFE8
/* 008FC 80926AAC 000213C3 */  sra     $v0, $v0, 15               
/* 00900 80926AB0 30420001 */  andi    $v0, $v0, 0x0001           ## $v0 = 00000000
/* 00904 80926AB4 0002C840 */  sll     $t9, $v0,  1               
/* 00908 80926AB8 00025080 */  sll     $t2, $v0,  2               
/* 0090C 80926ABC 03CA5821 */  addu    $t3, $s8, $t2              
/* 00910 80926AC0 02F94021 */  addu    $t0, $s7, $t9              
/* 00914 80926AC4 85090000 */  lh      $t1, 0x0000($t0)           ## 00000000
/* 00918 80926AC8 8D6C0000 */  lw      $t4, 0x0000($t3)           ## 00000005
/* 0091C 80926ACC 02C03025 */  or      $a2, $s6, $zero            ## $a2 = FFFFFFDC
/* 00920 80926AD0 02403825 */  or      $a3, $s2, $zero            ## $a3 = 00000024
/* 00924 80926AD4 AFA90038 */  sw      $t1, 0x0038($sp)           
/* 00928 80926AD8 0C02CA04 */  jal     func_800B2810              
/* 0092C 80926ADC AFAC003C */  sw      $t4, 0x003C($sp)           
/* 00930 80926AE0 26314E20 */  addiu   $s1, $s1, 0x4E20           ## $s1 = 00004E20
/* 00934 80926AE4 00118C00 */  sll     $s1, $s1, 16               
/* 00938 80926AE8 26730001 */  addiu   $s3, $s3, 0x0001           ## $s3 = 00000001
/* 0093C 80926AEC 2401000C */  addiu   $at, $zero, 0x000C         ## $at = 0000000C
/* 00940 80926AF0 1661FF9F */  bne     $s3, $at, .L80926970       
/* 00944 80926AF4 00118C03 */  sra     $s1, $s1, 16               
/* 00948 80926AF8 8FBF009C */  lw      $ra, 0x009C($sp)           
/* 0094C 80926AFC D7B40048 */  ldc1    $f20, 0x0048($sp)          
/* 00950 80926B00 D7B60050 */  ldc1    $f22, 0x0050($sp)          
/* 00954 80926B04 D7B80058 */  ldc1    $f24, 0x0058($sp)          
/* 00958 80926B08 D7BA0060 */  ldc1    $f26, 0x0060($sp)          
/* 0095C 80926B0C D7BC0068 */  ldc1    $f28, 0x0068($sp)          
/* 00960 80926B10 D7BE0070 */  ldc1    $f30, 0x0070($sp)          
/* 00964 80926B14 8FB00078 */  lw      $s0, 0x0078($sp)           
/* 00968 80926B18 8FB1007C */  lw      $s1, 0x007C($sp)           
/* 0096C 80926B1C 8FB20080 */  lw      $s2, 0x0080($sp)           
/* 00970 80926B20 8FB30084 */  lw      $s3, 0x0084($sp)           
/* 00974 80926B24 8FB40088 */  lw      $s4, 0x0088($sp)           
/* 00978 80926B28 8FB5008C */  lw      $s5, 0x008C($sp)           
/* 0097C 80926B2C 8FB60090 */  lw      $s6, 0x0090($sp)           
/* 00980 80926B30 8FB70094 */  lw      $s7, 0x0094($sp)           
/* 00984 80926B34 8FBE0098 */  lw      $s8, 0x0098($sp)           
/* 00988 80926B38 03E00008 */  jr      $ra                        
/* 0098C 80926B3C 27BD00E0 */  addiu   $sp, $sp, 0x00E0           ## $sp = 00000000


glabel func_80926B40
/* 00990 80926B40 3C0E8092 */  lui     $t6, %hi(func_80926B54)    ## $t6 = 80920000
/* 00994 80926B44 25CE6B54 */  addiu   $t6, $t6, %lo(func_80926B54) ## $t6 = 80926B54
/* 00998 80926B48 AC8E0144 */  sw      $t6, 0x0144($a0)           ## 00000144
/* 0099C 80926B4C 03E00008 */  jr      $ra                        
/* 009A0 80926B50 00000000 */  nop


glabel func_80926B54
/* 009A4 80926B54 27BDFFD8 */  addiu   $sp, $sp, 0xFFD8           ## $sp = FFFFFFD8
/* 009A8 80926B58 AFB00020 */  sw      $s0, 0x0020($sp)           
/* 009AC 80926B5C 00808025 */  or      $s0, $a0, $zero            ## $s0 = 00000000
/* 009B0 80926B60 AFBF0024 */  sw      $ra, 0x0024($sp)           
/* 009B4 80926B64 AFA5002C */  sw      $a1, 0x002C($sp)           
/* 009B8 80926B68 0C02DAA2 */  jal     func_800B6A88              
/* 009BC 80926B6C 02002025 */  or      $a0, $s0, $zero            ## $a0 = 00000000
/* 009C0 80926B70 44802000 */  mtc1    $zero, $f4                 ## $f4 = 0.00
/* 009C4 80926B74 240E0045 */  addiu   $t6, $zero, 0x0045         ## $t6 = 00000045
/* 009C8 80926B78 AFAE0014 */  sw      $t6, 0x0014($sp)           
/* 009CC 80926B7C 8FA4002C */  lw      $a0, 0x002C($sp)           
/* 009D0 80926B80 02002825 */  or      $a1, $s0, $zero            ## $a1 = 00000000
/* 009D4 80926B84 3C064190 */  lui     $a2, 0x4190                ## $a2 = 41900000
/* 009D8 80926B88 3C074170 */  lui     $a3, 0x4170                ## $a3 = 41700000
/* 009DC 80926B8C 0C02DE2E */  jal     func_800B78B8              
/* 009E0 80926B90 E7A40010 */  swc1    $f4, 0x0010($sp)           
/* 009E4 80926B94 8FA4002C */  lw      $a0, 0x002C($sp)           
/* 009E8 80926B98 3C010001 */  lui     $at, 0x0001                ## $at = 00010000
/* 009EC 80926B9C 34217D88 */  ori     $at, $at, 0x7D88           ## $at = 00017D88
/* 009F0 80926BA0 86050196 */  lh      $a1, 0x0196($s0)           ## 00000196
/* 009F4 80926BA4 0C04BD9A */  jal     func_8012F668              
/* 009F8 80926BA8 00812021 */  addu    $a0, $a0, $at              
/* 009FC 80926BAC 10400007 */  beq     $v0, $zero, .L80926BCC     
/* 00A00 80926BB0 3C0F8092 */  lui     $t7, %hi(func_80927334)    ## $t7 = 80920000
/* 00A04 80926BB4 86180196 */  lh      $t8, 0x0196($s0)           ## 00000196
/* 00A08 80926BB8 25EF7334 */  addiu   $t7, $t7, %lo(func_80927334) ## $t7 = 80927334
/* 00A0C 80926BBC AE0F013C */  sw      $t7, 0x013C($s0)           ## 0000013C
/* 00A10 80926BC0 02002025 */  or      $a0, $s0, $zero            ## $a0 = 00000000
/* 00A14 80926BC4 0C249AF8 */  jal     func_80926BE0              
/* 00A18 80926BC8 A218001E */  sb      $t8, 0x001E($s0)           ## 0000001E
.L80926BCC:
/* 00A1C 80926BCC 8FBF0024 */  lw      $ra, 0x0024($sp)           
/* 00A20 80926BD0 8FB00020 */  lw      $s0, 0x0020($sp)           
/* 00A24 80926BD4 27BD0028 */  addiu   $sp, $sp, 0x0028           ## $sp = 00000000
/* 00A28 80926BD8 03E00008 */  jr      $ra                        
/* 00A2C 80926BDC 00000000 */  nop


glabel func_80926BE0
/* 00A30 80926BE0 3C0E8092 */  lui     $t6, %hi(func_80926BF4)    ## $t6 = 80920000
/* 00A34 80926BE4 25CE6BF4 */  addiu   $t6, $t6, %lo(func_80926BF4) ## $t6 = 80926BF4
/* 00A38 80926BE8 AC8E0144 */  sw      $t6, 0x0144($a0)           ## 00000144
/* 00A3C 80926BEC 03E00008 */  jr      $ra                        
/* 00A40 80926BF0 00000000 */  nop


glabel func_80926BF4
/* 00A44 80926BF4 27BDFFC8 */  addiu   $sp, $sp, 0xFFC8           ## $sp = FFFFFFC8
/* 00A48 80926BF8 AFB10020 */  sw      $s1, 0x0020($sp)           
/* 00A4C 80926BFC AFB0001C */  sw      $s0, 0x001C($sp)           
/* 00A50 80926C00 00808025 */  or      $s0, $a0, $zero            ## $s0 = 00000000
/* 00A54 80926C04 00A08825 */  or      $s1, $a1, $zero            ## $s1 = 00000000
/* 00A58 80926C08 AFBF0024 */  sw      $ra, 0x0024($sp)           
/* 00A5C 80926C0C 02002025 */  or      $a0, $s0, $zero            ## $a0 = 00000000
/* 00A60 80926C10 0C02E27E */  jal     func_800B89F8              
/* 00A64 80926C14 02202825 */  or      $a1, $s1, $zero            ## $a1 = 00000000
/* 00A68 80926C18 50400014 */  beql    $v0, $zero, .L80926C6C     
/* 00A6C 80926C1C 96180090 */  lhu     $t8, 0x0090($s0)           ## 00000090
/* 00A70 80926C20 0C249BBD */  jal     func_80926EF4              
/* 00A74 80926C24 02002025 */  or      $a0, $s0, $zero            ## $a0 = 00000000
/* 00A78 80926C28 8604001C */  lh      $a0, 0x001C($s0)           ## 0000001C
/* 00A7C 80926C2C 240EFFFF */  addiu   $t6, $zero, 0xFFFF         ## $t6 = FFFFFFFF
/* 00A80 80926C30 240F0078 */  addiu   $t7, $zero, 0x0078         ## $t7 = 00000078
/* 00A84 80926C34 A20E0003 */  sb      $t6, 0x0003($s0)           ## 00000003
/* 00A88 80926C38 A20F00B6 */  sb      $t7, 0x00B6($s0)           ## 000000B6
/* 00A8C 80926C3C 0C02A05F */  jal     func_800A817C              
/* 00A90 80926C40 3084003F */  andi    $a0, $a0, 0x003F           ## $a0 = 00000000
/* 00A94 80926C44 10400003 */  beq     $v0, $zero, .L80926C54     
/* 00A98 80926C48 02002025 */  or      $a0, $s0, $zero            ## $a0 = 00000000
/* 00A9C 80926C4C 0C24986C */  jal     func_809261B0              
/* 00AA0 80926C50 02202825 */  or      $a1, $s1, $zero            ## $a1 = 00000000
.L80926C54:
/* 00AA4 80926C54 02002025 */  or      $a0, $s0, $zero            ## $a0 = 00000000
/* 00AA8 80926C58 0C02E396 */  jal     func_800B8E58              
/* 00AAC 80926C5C 24050878 */  addiu   $a1, $zero, 0x0878         ## $a1 = 00000878
/* 00AB0 80926C60 100000A0 */  beq     $zero, $zero, .L80926EE4   
/* 00AB4 80926C64 8FBF0024 */  lw      $ra, 0x0024($sp)           
/* 00AB8 80926C68 96180090 */  lhu     $t8, 0x0090($s0)           ## 00000090
.L80926C6C:
/* 00ABC 80926C6C 3C014198 */  lui     $at, 0x4198                ## $at = 41980000
/* 00AC0 80926C70 33190020 */  andi    $t9, $t8, 0x0020           ## $t9 = 00000000
/* 00AC4 80926C74 5320001D */  beql    $t9, $zero, .L80926CEC     
/* 00AC8 80926C78 92080159 */  lbu     $t0, 0x0159($s0)           ## 00000159
/* 00ACC 80926C7C 44812000 */  mtc1    $at, $f4                   ## $f4 = 19.00
/* 00AD0 80926C80 C606008C */  lwc1    $f6, 0x008C($s0)           ## 0000008C
/* 00AD4 80926C84 02002025 */  or      $a0, $s0, $zero            ## $a0 = 00000000
/* 00AD8 80926C88 4606203C */  c.lt.s  $f4, $f6                   
/* 00ADC 80926C8C 00000000 */  nop
/* 00AE0 80926C90 45020016 */  bc1fl   .L80926CEC                 
/* 00AE4 80926C94 92080159 */  lbu     $t0, 0x0159($s0)           ## 00000159
/* 00AE8 80926C98 0C2499FB */  jal     func_809267EC              
/* 00AEC 80926C9C 02202825 */  or      $a1, $s1, $zero            ## $a1 = 00000000
/* 00AF0 80926CA0 02002025 */  or      $a0, $s0, $zero            ## $a0 = 00000000
/* 00AF4 80926CA4 0C24986C */  jal     func_809261B0              
/* 00AF8 80926CA8 02202825 */  or      $a1, $s1, $zero            ## $a1 = 00000000
/* 00AFC 80926CAC 26050024 */  addiu   $a1, $s0, 0x0024           ## $a1 = 00000024
/* 00B00 80926CB0 AFA5002C */  sw      $a1, 0x002C($sp)           
/* 00B04 80926CB4 02202025 */  or      $a0, $s1, $zero            ## $a0 = 00000000
/* 00B08 80926CB8 24060014 */  addiu   $a2, $zero, 0x0014         ## $a2 = 00000014
/* 00B0C 80926CBC 0C03C15A */  jal     func_800F0568              
/* 00B10 80926CC0 240728AA */  addiu   $a3, $zero, 0x28AA         ## $a3 = 000028AA
/* 00B14 80926CC4 8FA5002C */  lw      $a1, 0x002C($sp)           
/* 00B18 80926CC8 02202025 */  or      $a0, $s1, $zero            ## $a0 = 00000000
/* 00B1C 80926CCC 24060028 */  addiu   $a2, $zero, 0x0028         ## $a2 = 00000028
/* 00B20 80926CD0 0C03C15A */  jal     func_800F0568              
/* 00B24 80926CD4 240728C5 */  addiu   $a3, $zero, 0x28C5         ## $a3 = 000028C5
/* 00B28 80926CD8 0C02D9C3 */  jal     func_800B670C              
/* 00B2C 80926CDC 02002025 */  or      $a0, $s0, $zero            ## $a0 = 00000000
/* 00B30 80926CE0 10000080 */  beq     $zero, $zero, .L80926EE4   
/* 00B34 80926CE4 8FBF0024 */  lw      $ra, 0x0024($sp)           
/* 00B38 80926CE8 92080159 */  lbu     $t0, 0x0159($s0)           ## 00000159
.L80926CEC:
/* 00B3C 80926CEC 02002025 */  or      $a0, $s0, $zero            ## $a0 = 00000000
/* 00B40 80926CF0 31090002 */  andi    $t1, $t0, 0x0002           ## $t1 = 00000000
/* 00B44 80926CF4 1120000F */  beq     $t1, $zero, .L80926D34     
/* 00B48 80926CF8 00000000 */  nop
/* 00B4C 80926CFC 0C249943 */  jal     func_8092650C              
/* 00B50 80926D00 02202825 */  or      $a1, $s1, $zero            ## $a1 = 00000000
/* 00B54 80926D04 02002025 */  or      $a0, $s0, $zero            ## $a0 = 00000000
/* 00B58 80926D08 0C24986C */  jal     func_809261B0              
/* 00B5C 80926D0C 02202825 */  or      $a1, $s1, $zero            ## $a1 = 00000000
/* 00B60 80926D10 02202025 */  or      $a0, $s1, $zero            ## $a0 = 00000000
/* 00B64 80926D14 26050024 */  addiu   $a1, $s0, 0x0024           ## $a1 = 00000024
/* 00B68 80926D18 24060014 */  addiu   $a2, $zero, 0x0014         ## $a2 = 00000014
/* 00B6C 80926D1C 0C03C15A */  jal     func_800F0568              
/* 00B70 80926D20 240728AA */  addiu   $a3, $zero, 0x28AA         ## $a3 = 000028AA
/* 00B74 80926D24 0C02D9C3 */  jal     func_800B670C              
/* 00B78 80926D28 02002025 */  or      $a0, $s0, $zero            ## $a0 = 00000000
/* 00B7C 80926D2C 1000006D */  beq     $zero, $zero, .L80926EE4   
/* 00B80 80926D30 8FBF0024 */  lw      $ra, 0x0024($sp)           
.L80926D34:
/* 00B84 80926D34 0C02DAA2 */  jal     func_800B6A88              
/* 00B88 80926D38 02002025 */  or      $a0, $s0, $zero            ## $a0 = 00000000
/* 00B8C 80926D3C 0C2498AF */  jal     func_809262BC              
/* 00B90 80926D40 02002025 */  or      $a0, $s0, $zero            ## $a0 = 00000000
/* 00B94 80926D44 44804000 */  mtc1    $zero, $f8                 ## $f8 = 0.00
/* 00B98 80926D48 240A0045 */  addiu   $t2, $zero, 0x0045         ## $t2 = 00000045
/* 00B9C 80926D4C AFAA0014 */  sw      $t2, 0x0014($sp)           
/* 00BA0 80926D50 02202025 */  or      $a0, $s1, $zero            ## $a0 = 00000000
/* 00BA4 80926D54 02002825 */  or      $a1, $s0, $zero            ## $a1 = 00000000
/* 00BA8 80926D58 3C064190 */  lui     $a2, 0x4190                ## $a2 = 41900000
/* 00BAC 80926D5C 3C074170 */  lui     $a3, 0x4170                ## $a3 = 41700000
/* 00BB0 80926D60 0C02DE2E */  jal     func_800B78B8              
/* 00BB4 80926D64 E7A80010 */  swc1    $f8, 0x0010($sp)           
/* 00BB8 80926D68 9202015A */  lbu     $v0, 0x015A($s0)           ## 0000015A
/* 00BBC 80926D6C 3C0141E0 */  lui     $at, 0x41E0                ## $at = 41E00000
/* 00BC0 80926D70 26040024 */  addiu   $a0, $s0, 0x0024           ## $a0 = 00000024
/* 00BC4 80926D74 304B0008 */  andi    $t3, $v0, 0x0008           ## $t3 = 00000000
/* 00BC8 80926D78 5560000A */  bnel    $t3, $zero, .L80926DA4     
/* 00BCC 80926D7C 920D00B6 */  lbu     $t5, 0x00B6($s0)           ## 000000B6
/* 00BD0 80926D80 44815000 */  mtc1    $at, $f10                  ## $f10 = 28.00
/* 00BD4 80926D84 C6100098 */  lwc1    $f16, 0x0098($s0)          ## 00000098
/* 00BD8 80926D88 344C0008 */  ori     $t4, $v0, 0x0008           ## $t4 = 00000008
/* 00BDC 80926D8C 4610503C */  c.lt.s  $f10, $f16                 
/* 00BE0 80926D90 00000000 */  nop
/* 00BE4 80926D94 45020003 */  bc1fl   .L80926DA4                 
/* 00BE8 80926D98 920D00B6 */  lbu     $t5, 0x00B6($s0)           ## 000000B6
/* 00BEC 80926D9C A20C015A */  sb      $t4, 0x015A($s0)           ## 0000015A
/* 00BF0 80926DA0 920D00B6 */  lbu     $t5, 0x00B6($s0)           ## 000000B6
.L80926DA4:
/* 00BF4 80926DA4 240100FF */  addiu   $at, $zero, 0x00FF         ## $at = 000000FF
/* 00BF8 80926DA8 51A1000C */  beql    $t5, $at, .L80926DDC       
/* 00BFC 80926DAC 8619001C */  lh      $t9, 0x001C($s0)           ## 0000001C
/* 00C00 80926DB0 0C05E9BE */  jal     func_8017A6F8              
/* 00C04 80926DB4 26050108 */  addiu   $a1, $s0, 0x0108           ## $a1 = 00000108
/* 00C08 80926DB8 3C018092 */  lui     $at, %hi(D_8092741C)       ## $at = 80920000
/* 00C0C 80926DBC C432741C */  lwc1    $f18, %lo(D_8092741C)($at) 
/* 00C10 80926DC0 240E00FF */  addiu   $t6, $zero, 0x00FF         ## $t6 = 000000FF
/* 00C14 80926DC4 4612003C */  c.lt.s  $f0, $f18                  
/* 00C18 80926DC8 00000000 */  nop
/* 00C1C 80926DCC 45020003 */  bc1fl   .L80926DDC                 
/* 00C20 80926DD0 8619001C */  lh      $t9, 0x001C($s0)           ## 0000001C
/* 00C24 80926DD4 A20E00B6 */  sb      $t6, 0x00B6($s0)           ## 000000B6
/* 00C28 80926DD8 8619001C */  lh      $t9, 0x001C($s0)           ## 0000001C
.L80926DDC:
/* 00C2C 80926DDC 920F0159 */  lbu     $t7, 0x0159($s0)           ## 00000159
/* 00C30 80926DE0 3C014448 */  lui     $at, 0x4448                ## $at = 44480000
/* 00C34 80926DE4 001941C3 */  sra     $t0, $t9,  7               
/* 00C38 80926DE8 31090001 */  andi    $t1, $t0, 0x0001           ## $t1 = 00000000
/* 00C3C 80926DEC 31F8FFFD */  andi    $t8, $t7, 0xFFFD           ## $t8 = 00000000
/* 00C40 80926DF0 1120001C */  beq     $t1, $zero, .L80926E64     
/* 00C44 80926DF4 A2180159 */  sb      $t8, 0x0159($s0)           ## 00000159
/* 00C48 80926DF8 26050148 */  addiu   $a1, $s0, 0x0148           ## $a1 = 00000148
/* 00C4C 80926DFC AFA5002C */  sw      $a1, 0x002C($sp)           
/* 00C50 80926E00 0C039F7E */  jal     func_800E7DF8              
/* 00C54 80926E04 02002025 */  or      $a0, $s0, $zero            ## $a0 = 00000000
/* 00C58 80926E08 3C010001 */  lui     $at, 0x0001                ## $at = 00010000
/* 00C5C 80926E0C 34218884 */  ori     $at, $at, 0x8884           ## $at = 00018884
/* 00C60 80926E10 02212821 */  addu    $a1, $s1, $at              
/* 00C64 80926E14 AFA50028 */  sw      $a1, 0x0028($sp)           
/* 00C68 80926E18 02202025 */  or      $a0, $s1, $zero            ## $a0 = 00000000
/* 00C6C 80926E1C 0C038A4A */  jal     func_800E2928              
/* 00C70 80926E20 8FA6002C */  lw      $a2, 0x002C($sp)           
/* 00C74 80926E24 3C014448 */  lui     $at, 0x4448                ## $at = 44480000
/* 00C78 80926E28 44813000 */  mtc1    $at, $f6                   ## $f6 = 800.00
/* 00C7C 80926E2C C6040098 */  lwc1    $f4, 0x0098($s0)           ## 00000098
/* 00C80 80926E30 8FA50028 */  lw      $a1, 0x0028($sp)           
/* 00C84 80926E34 02202025 */  or      $a0, $s1, $zero            ## $a0 = 00000000
/* 00C88 80926E38 4606203C */  c.lt.s  $f4, $f6                   
/* 00C8C 80926E3C 00000000 */  nop
/* 00C90 80926E40 45020028 */  bc1fl   .L80926EE4                 
/* 00C94 80926E44 8FBF0024 */  lw      $ra, 0x0024($sp)           
/* 00C98 80926E48 0C0389D0 */  jal     func_800E2740              
/* 00C9C 80926E4C 8FA6002C */  lw      $a2, 0x002C($sp)           
/* 00CA0 80926E50 02002025 */  or      $a0, $s0, $zero            ## $a0 = 00000000
/* 00CA4 80926E54 0C2498C6 */  jal     func_80926318              
/* 00CA8 80926E58 02202825 */  or      $a1, $s1, $zero            ## $a1 = 00000000
/* 00CAC 80926E5C 10000021 */  beq     $zero, $zero, .L80926EE4   
/* 00CB0 80926E60 8FBF0024 */  lw      $ra, 0x0024($sp)           
.L80926E64:
/* 00CB4 80926E64 C6080098 */  lwc1    $f8, 0x0098($s0)           ## 00000098
/* 00CB8 80926E68 44815000 */  mtc1    $at, $f10                  ## $f10 = 0.00
/* 00CBC 80926E6C 02002025 */  or      $a0, $s0, $zero            ## $a0 = 00000000
/* 00CC0 80926E70 26050148 */  addiu   $a1, $s0, 0x0148           ## $a1 = 00000148
/* 00CC4 80926E74 460A403C */  c.lt.s  $f8, $f10                  
/* 00CC8 80926E78 00000000 */  nop
/* 00CCC 80926E7C 45020019 */  bc1fl   .L80926EE4                 
/* 00CD0 80926E80 8FBF0024 */  lw      $ra, 0x0024($sp)           
/* 00CD4 80926E84 0C039F7E */  jal     func_800E7DF8              
/* 00CD8 80926E88 AFA5002C */  sw      $a1, 0x002C($sp)           
/* 00CDC 80926E8C 3C010001 */  lui     $at, 0x0001                ## $at = 00010000
/* 00CE0 80926E90 34218884 */  ori     $at, $at, 0x8884           ## $at = 00018884
/* 00CE4 80926E94 02212821 */  addu    $a1, $s1, $at              
/* 00CE8 80926E98 AFA50028 */  sw      $a1, 0x0028($sp)           
/* 00CEC 80926E9C 02202025 */  or      $a0, $s1, $zero            ## $a0 = 00000000
/* 00CF0 80926EA0 0C0389D0 */  jal     func_800E2740              
/* 00CF4 80926EA4 8FA6002C */  lw      $a2, 0x002C($sp)           
/* 00CF8 80926EA8 3C014334 */  lui     $at, 0x4334                ## $at = 43340000
/* 00CFC 80926EAC 44819000 */  mtc1    $at, $f18                  ## $f18 = 180.00
/* 00D00 80926EB0 C6100098 */  lwc1    $f16, 0x0098($s0)          ## 00000098
/* 00D04 80926EB4 8FA50028 */  lw      $a1, 0x0028($sp)           
/* 00D08 80926EB8 02202025 */  or      $a0, $s1, $zero            ## $a0 = 00000000
/* 00D0C 80926EBC 4612803C */  c.lt.s  $f16, $f18                 
/* 00D10 80926EC0 00000000 */  nop
/* 00D14 80926EC4 45020007 */  bc1fl   .L80926EE4                 
/* 00D18 80926EC8 8FBF0024 */  lw      $ra, 0x0024($sp)           
/* 00D1C 80926ECC 0C038A4A */  jal     func_800E2928              
/* 00D20 80926ED0 8FA6002C */  lw      $a2, 0x002C($sp)           
/* 00D24 80926ED4 02002025 */  or      $a0, $s0, $zero            ## $a0 = 00000000
/* 00D28 80926ED8 0C2498C6 */  jal     func_80926318              
/* 00D2C 80926EDC 02202825 */  or      $a1, $s1, $zero            ## $a1 = 00000000
/* 00D30 80926EE0 8FBF0024 */  lw      $ra, 0x0024($sp)           
.L80926EE4:
/* 00D34 80926EE4 8FB0001C */  lw      $s0, 0x001C($sp)           
/* 00D38 80926EE8 8FB10020 */  lw      $s1, 0x0020($sp)           
/* 00D3C 80926EEC 03E00008 */  jr      $ra                        
/* 00D40 80926EF0 27BD0038 */  addiu   $sp, $sp, 0x0038           ## $sp = 00000000


glabel func_80926EF4
/* 00D44 80926EF4 3C0E8092 */  lui     $t6, %hi(func_80926F08)    ## $t6 = 80920000
/* 00D48 80926EF8 25CE6F08 */  addiu   $t6, $t6, %lo(func_80926F08) ## $t6 = 80926F08
/* 00D4C 80926EFC AC8E0144 */  sw      $t6, 0x0144($a0)           ## 00000144
/* 00D50 80926F00 03E00008 */  jr      $ra                        
/* 00D54 80926F04 00000000 */  nop


glabel func_80926F08
/* 00D58 80926F08 27BDFFC0 */  addiu   $sp, $sp, 0xFFC0           ## $sp = FFFFFFC0
/* 00D5C 80926F0C AFB10020 */  sw      $s1, 0x0020($sp)           
/* 00D60 80926F10 AFB0001C */  sw      $s0, 0x001C($sp)           
/* 00D64 80926F14 00808025 */  or      $s0, $a0, $zero            ## $s0 = 00000000
/* 00D68 80926F18 00A08825 */  or      $s1, $a1, $zero            ## $s1 = 00000000
/* 00D6C 80926F1C AFBF0024 */  sw      $ra, 0x0024($sp)           
/* 00D70 80926F20 02002025 */  or      $a0, $s0, $zero            ## $a0 = 00000000
/* 00D74 80926F24 0C2498E5 */  jal     func_80926394              
/* 00D78 80926F28 02202825 */  or      $a1, $s1, $zero            ## $a1 = 00000000
/* 00D7C 80926F2C 02002025 */  or      $a0, $s0, $zero            ## $a0 = 00000000
/* 00D80 80926F30 0C02E2FF */  jal     func_800B8BFC              
/* 00D84 80926F34 02202825 */  or      $a1, $s1, $zero            ## $a1 = 00000000
/* 00D88 80926F38 1040002A */  beq     $v0, $zero, .L80926FE4     
/* 00D8C 80926F3C 3C0E0002 */  lui     $t6, 0x0002                ## $t6 = 00020000
/* 00D90 80926F40 01D17021 */  addu    $t6, $t6, $s1              
/* 00D94 80926F44 81CE86E0 */  lb      $t6, -0x7920($t6)          ## 000186E0
/* 00D98 80926F48 C6000070 */  lwc1    $f0, 0x0070($s0)           ## 00000070
/* 00D9C 80926F4C 3C018092 */  lui     $at, %hi(D_80927420)       ## $at = 80920000
/* 00DA0 80926F50 A20E0003 */  sb      $t6, 0x0003($s0)           ## 00000003
/* 00DA4 80926F54 C4247420 */  lwc1    $f4, %lo(D_80927420)($at)  
/* 00DA8 80926F58 46000005 */  abs.s   $f0, $f0                   
/* 00DAC 80926F5C 4604003C */  c.lt.s  $f0, $f4                   
/* 00DB0 80926F60 00000000 */  nop
/* 00DB4 80926F64 4500000B */  bc1f    .L80926F94                 
/* 00DB8 80926F68 00000000 */  nop
/* 00DBC 80926F6C 0C249AF8 */  jal     func_80926BE0              
/* 00DC0 80926F70 02002025 */  or      $a0, $s0, $zero            ## $a0 = 00000000
/* 00DC4 80926F74 920F015A */  lbu     $t7, 0x015A($s0)           ## 0000015A
/* 00DC8 80926F78 02002025 */  or      $a0, $s0, $zero            ## $a0 = 00000000
/* 00DCC 80926F7C 240528AB */  addiu   $a1, $zero, 0x28AB         ## $a1 = 000028AB
/* 00DD0 80926F80 31F8FFF7 */  andi    $t8, $t7, 0xFFF7           ## $t8 = 00000000
/* 00DD4 80926F84 0C02E3B2 */  jal     func_800B8EC8              
/* 00DD8 80926F88 A218015A */  sb      $t8, 0x015A($s0)           ## 0000015A
/* 00DDC 80926F8C 1000000B */  beq     $zero, $zero, .L80926FBC   
/* 00DE0 80926F90 44803000 */  mtc1    $zero, $f6                 ## $f6 = 0.00
.L80926F94:
/* 00DE4 80926F94 0C02DAA2 */  jal     func_800B6A88              
/* 00DE8 80926F98 02002025 */  or      $a0, $s0, $zero            ## $a0 = 00000000
/* 00DEC 80926F9C 0C249C0F */  jal     func_8092703C              
/* 00DF0 80926FA0 02002025 */  or      $a0, $s0, $zero            ## $a0 = 00000000
/* 00DF4 80926FA4 8E190004 */  lw      $t9, 0x0004($s0)           ## 00000004
/* 00DF8 80926FA8 3C01FBFF */  lui     $at, 0xFBFF                ## $at = FBFF0000
/* 00DFC 80926FAC 3421FFFF */  ori     $at, $at, 0xFFFF           ## $at = FBFFFFFF
/* 00E00 80926FB0 03214024 */  and     $t0, $t9, $at              
/* 00E04 80926FB4 AE080004 */  sw      $t0, 0x0004($s0)           ## 00000004
/* 00E08 80926FB8 44803000 */  mtc1    $zero, $f6                 ## $f6 = 0.00
.L80926FBC:
/* 00E0C 80926FBC 24090045 */  addiu   $t1, $zero, 0x0045         ## $t1 = 00000045
/* 00E10 80926FC0 AFA90014 */  sw      $t1, 0x0014($sp)           
/* 00E14 80926FC4 02202025 */  or      $a0, $s1, $zero            ## $a0 = 00000000
/* 00E18 80926FC8 02002825 */  or      $a1, $s0, $zero            ## $a1 = 00000000
/* 00E1C 80926FCC 3C064190 */  lui     $a2, 0x4190                ## $a2 = 41900000
/* 00E20 80926FD0 3C074170 */  lui     $a3, 0x4170                ## $a3 = 41700000
/* 00E24 80926FD4 0C02DE2E */  jal     func_800B78B8              
/* 00E28 80926FD8 E7A60010 */  swc1    $f6, 0x0010($sp)           
/* 00E2C 80926FDC 10000013 */  beq     $zero, $zero, .L8092702C   
/* 00E30 80926FE0 8FBF0024 */  lw      $ra, 0x0024($sp)           
.L80926FE4:
/* 00E34 80926FE4 C6080024 */  lwc1    $f8, 0x0024($s0)           ## 00000024
/* 00E38 80926FE8 3C0141A0 */  lui     $at, 0x41A0                ## $at = 41A00000
/* 00E3C 80926FEC 44818000 */  mtc1    $at, $f16                  ## $f16 = 20.00
/* 00E40 80926FF0 E7A80030 */  swc1    $f8, 0x0030($sp)           
/* 00E44 80926FF4 C60A0028 */  lwc1    $f10, 0x0028($s0)          ## 00000028
/* 00E48 80926FF8 27AA0030 */  addiu   $t2, $sp, 0x0030           ## $t2 = FFFFFFF0
/* 00E4C 80926FFC 26240830 */  addiu   $a0, $s1, 0x0830           ## $a0 = 00000830
/* 00E50 80927000 46105480 */  add.s   $f18, $f10, $f16           
/* 00E54 80927004 26050080 */  addiu   $a1, $s0, 0x0080           ## $a1 = 00000080
/* 00E58 80927008 27A6002C */  addiu   $a2, $sp, 0x002C           ## $a2 = FFFFFFEC
/* 00E5C 8092700C 02003825 */  or      $a3, $s0, $zero            ## $a3 = 00000000
/* 00E60 80927010 E7B20034 */  swc1    $f18, 0x0034($sp)          
/* 00E64 80927014 C604002C */  lwc1    $f4, 0x002C($s0)           ## 0000002C
/* 00E68 80927018 AFAA0010 */  sw      $t2, 0x0010($sp)           
/* 00E6C 8092701C 0C031047 */  jal     func_800C411C              
/* 00E70 80927020 E7A40038 */  swc1    $f4, 0x0038($sp)           
/* 00E74 80927024 E6000088 */  swc1    $f0, 0x0088($s0)           ## 00000088
/* 00E78 80927028 8FBF0024 */  lw      $ra, 0x0024($sp)           
.L8092702C:
/* 00E7C 8092702C 8FB0001C */  lw      $s0, 0x001C($sp)           
/* 00E80 80927030 8FB10020 */  lw      $s1, 0x0020($sp)           
/* 00E84 80927034 03E00008 */  jr      $ra                        
/* 00E88 80927038 27BD0040 */  addiu   $sp, $sp, 0x0040           ## $sp = 00000000


glabel func_8092703C
/* 00E8C 8092703C 27BDFFE0 */  addiu   $sp, $sp, 0xFFE0           ## $sp = FFFFFFE0
/* 00E90 80927040 AFBF0014 */  sw      $ra, 0x0014($sp)           
/* 00E94 80927044 AFA40020 */  sw      $a0, 0x0020($sp)           
/* 00E98 80927048 3C018092 */  lui     $at, %hi(D_80927380)       ## $at = 80920000
/* 00E9C 8092704C 0C021BF7 */  jal     func_80086FDC              
/* 00EA0 80927050 A4207380 */  sh      $zero, %lo(D_80927380)($at) 
/* 00EA4 80927054 3C013F00 */  lui     $at, 0x3F00                ## $at = 3F000000
/* 00EA8 80927058 44812000 */  mtc1    $at, $f4                   ## $f4 = 0.50
/* 00EAC 8092705C 3C01447A */  lui     $at, 0x447A                ## $at = 447A0000
/* 00EB0 80927060 44814000 */  mtc1    $at, $f8                   ## $f8 = 1000.00
/* 00EB4 80927064 46040181 */  sub.s   $f6, $f0, $f4              
/* 00EB8 80927068 3C018092 */  lui     $at, %hi(D_80927388)       ## $at = 80920000
/* 00EBC 8092706C 46083082 */  mul.s   $f2, $f6, $f8              
/* 00EC0 80927070 4600128D */  trunc.w.s $f10, $f2                  
/* 00EC4 80927074 E7A2001C */  swc1    $f2, 0x001C($sp)           
/* 00EC8 80927078 440F5000 */  mfc1    $t7, $f10                  
/* 00ECC 8092707C 0C021BF7 */  jal     func_80086FDC              
/* 00ED0 80927080 A42F7388 */  sh      $t7, %lo(D_80927388)($at)  
/* 00ED4 80927084 3C014000 */  lui     $at, 0x4000                ## $at = 40000000
/* 00ED8 80927088 44818000 */  mtc1    $at, $f16                  ## $f16 = 2.00
/* 00EDC 8092708C 3C018092 */  lui     $at, %hi(D_80927424)       ## $at = 80920000
/* 00EE0 80927090 C4247424 */  lwc1    $f4, %lo(D_80927424)($at)  
/* 00EE4 80927094 46100481 */  sub.s   $f18, $f0, $f16            
/* 00EE8 80927098 3C018092 */  lui     $at, %hi(D_80927384)       ## $at = 80920000
/* 00EEC 8092709C C7AA001C */  lwc1    $f10, 0x001C($sp)          
/* 00EF0 809270A0 8FA20020 */  lw      $v0, 0x0020($sp)           
/* 00EF4 809270A4 46049182 */  mul.s   $f6, $f18, $f4             
/* 00EF8 809270A8 3C0B8092 */  lui     $t3, %hi(func_809270F8)    ## $t3 = 80920000
/* 00EFC 809270AC 240A0050 */  addiu   $t2, $zero, 0x0050         ## $t2 = 00000050
/* 00F00 809270B0 256B70F8 */  addiu   $t3, $t3, %lo(func_809270F8) ## $t3 = 809270F8
/* 00F04 809270B4 4600320D */  trunc.w.s $f8, $f6                   
/* 00F08 809270B8 44194000 */  mfc1    $t9, $f8                   
/* 00F0C 809270BC 00000000 */  nop
/* 00F10 809270C0 A4397384 */  sh      $t9, %lo(D_80927384)($at)  
/* 00F14 809270C4 3C014040 */  lui     $at, 0x4040                ## $at = 40400000
/* 00F18 809270C8 44818000 */  mtc1    $at, $f16                  ## $f16 = 3.00
/* 00F1C 809270CC 3C018092 */  lui     $at, %hi(D_8092738C)       ## $at = 80920000
/* 00F20 809270D0 46105482 */  mul.s   $f18, $f10, $f16           
/* 00F24 809270D4 4600910D */  trunc.w.s $f4, $f18                  
/* 00F28 809270D8 44092000 */  mfc1    $t1, $f4                   
/* 00F2C 809270DC 00000000 */  nop
/* 00F30 809270E0 A429738C */  sh      $t1, %lo(D_8092738C)($at)  
/* 00F34 809270E4 A44A0194 */  sh      $t2, 0x0194($v0)           ## 00000194
/* 00F38 809270E8 AC4B0144 */  sw      $t3, 0x0144($v0)           ## 00000144
/* 00F3C 809270EC 8FBF0014 */  lw      $ra, 0x0014($sp)           
/* 00F40 809270F0 03E00008 */  jr      $ra                        
/* 00F44 809270F4 27BD0020 */  addiu   $sp, $sp, 0x0020           ## $sp = 00000000


glabel func_809270F8
/* 00F48 809270F8 27BDFFC8 */  addiu   $sp, $sp, 0xFFC8           ## $sp = FFFFFFC8
/* 00F4C 809270FC AFB10020 */  sw      $s1, 0x0020($sp)           
/* 00F50 80927100 AFB0001C */  sw      $s0, 0x001C($sp)           
/* 00F54 80927104 00808025 */  or      $s0, $a0, $zero            ## $s0 = 00000000
/* 00F58 80927108 00A08825 */  or      $s1, $a1, $zero            ## $s1 = 00000000
/* 00F5C 8092710C AFBF0024 */  sw      $ra, 0x0024($sp)           
/* 00F60 80927110 92020158 */  lbu     $v0, 0x0158($s0)           ## 00000158
/* 00F64 80927114 02002025 */  or      $a0, $s0, $zero            ## $a0 = 00000000
/* 00F68 80927118 02202825 */  or      $a1, $s1, $zero            ## $a1 = 00000000
/* 00F6C 8092711C 30430002 */  andi    $v1, $v0, 0x0002           ## $v1 = 00000000
/* 00F70 80927120 0003182B */  sltu    $v1, $zero, $v1            
/* 00F74 80927124 10600002 */  beq     $v1, $zero, .L80927130     
/* 00F78 80927128 304EFFFD */  andi    $t6, $v0, 0xFFFD           ## $t6 = 00000000
/* 00F7C 8092712C A20E0158 */  sb      $t6, 0x0158($s0)           ## 00000158
.L80927130:
/* 00F80 80927130 0C2498E5 */  jal     func_80926394              
/* 00F84 80927134 AFA3002C */  sw      $v1, 0x002C($sp)           
/* 00F88 80927138 86020194 */  lh      $v0, 0x0194($s0)           ## 00000194
/* 00F8C 8092713C 8FA3002C */  lw      $v1, 0x002C($sp)           
/* 00F90 80927140 02002025 */  or      $a0, $s0, $zero            ## $a0 = 00000000
/* 00F94 80927144 18400002 */  blez    $v0, .L80927150            
/* 00F98 80927148 244FFFFF */  addiu   $t7, $v0, 0xFFFF           ## $t7 = FFFFFFFF
/* 00F9C 8092714C A60F0194 */  sh      $t7, 0x0194($s0)           ## 00000194
.L80927150:
/* 00FA0 80927150 96020090 */  lhu     $v0, 0x0090($s0)           ## 00000090
/* 00FA4 80927154 3058000B */  andi    $t8, $v0, 0x000B           ## $t8 = 00000000
/* 00FA8 80927158 17000007 */  bne     $t8, $zero, .L80927178     
/* 00FAC 8092715C 00000000 */  nop
/* 00FB0 80927160 14600005 */  bne     $v1, $zero, .L80927178     
/* 00FB4 80927164 00000000 */  nop
/* 00FB8 80927168 86190194 */  lh      $t9, 0x0194($s0)           ## 00000194
/* 00FBC 8092716C 30480040 */  andi    $t0, $v0, 0x0040           ## $t0 = 00000000
/* 00FC0 80927170 1F20000F */  bgtz    $t9, .L809271B0            
/* 00FC4 80927174 00000000 */  nop
.L80927178:
/* 00FC8 80927178 0C249943 */  jal     func_8092650C              
/* 00FCC 8092717C 02202825 */  or      $a1, $s1, $zero            ## $a1 = 00000000
/* 00FD0 80927180 02002025 */  or      $a0, $s0, $zero            ## $a0 = 00000000
/* 00FD4 80927184 0C24986C */  jal     func_809261B0              
/* 00FD8 80927188 02202825 */  or      $a1, $s1, $zero            ## $a1 = 00000000
/* 00FDC 8092718C 02202025 */  or      $a0, $s1, $zero            ## $a0 = 00000000
/* 00FE0 80927190 26050024 */  addiu   $a1, $s0, 0x0024           ## $a1 = 00000024
/* 00FE4 80927194 24060014 */  addiu   $a2, $zero, 0x0014         ## $a2 = 00000014
/* 00FE8 80927198 0C03C15A */  jal     func_800F0568              
/* 00FEC 8092719C 240728AA */  addiu   $a3, $zero, 0x28AA         ## $a3 = 000028AA
/* 00FF0 809271A0 0C02D9C3 */  jal     func_800B670C              
/* 00FF4 809271A4 02002025 */  or      $a0, $s0, $zero            ## $a0 = 00000000
/* 00FF8 809271A8 10000052 */  beq     $zero, $zero, .L809272F4   
/* 00FFC 809271AC 8FBF0024 */  lw      $ra, 0x0024($sp)           
.L809271B0:
/* 01000 809271B0 11000016 */  beq     $t0, $zero, .L8092720C     
/* 01004 809271B4 3C018092 */  lui     $at, %hi(D_80927428)       ## $at = 80920000
/* 01008 809271B8 02002025 */  or      $a0, $s0, $zero            ## $a0 = 00000000
/* 0100C 809271BC 0C2499FB */  jal     func_809267EC              
/* 01010 809271C0 02202825 */  or      $a1, $s1, $zero            ## $a1 = 00000000
/* 01014 809271C4 02002025 */  or      $a0, $s0, $zero            ## $a0 = 00000000
/* 01018 809271C8 0C24986C */  jal     func_809261B0              
/* 0101C 809271CC 02202825 */  or      $a1, $s1, $zero            ## $a1 = 00000000
/* 01020 809271D0 26050024 */  addiu   $a1, $s0, 0x0024           ## $a1 = 00000024
/* 01024 809271D4 AFA50028 */  sw      $a1, 0x0028($sp)           
/* 01028 809271D8 02202025 */  or      $a0, $s1, $zero            ## $a0 = 00000000
/* 0102C 809271DC 24060014 */  addiu   $a2, $zero, 0x0014         ## $a2 = 00000014
/* 01030 809271E0 0C03C15A */  jal     func_800F0568              
/* 01034 809271E4 240728AA */  addiu   $a3, $zero, 0x28AA         ## $a3 = 000028AA
/* 01038 809271E8 8FA50028 */  lw      $a1, 0x0028($sp)           
/* 0103C 809271EC 02202025 */  or      $a0, $s1, $zero            ## $a0 = 00000000
/* 01040 809271F0 24060028 */  addiu   $a2, $zero, 0x0028         ## $a2 = 00000028
/* 01044 809271F4 0C03C15A */  jal     func_800F0568              
/* 01048 809271F8 240728C5 */  addiu   $a3, $zero, 0x28C5         ## $a3 = 000028C5
/* 0104C 809271FC 0C02D9C3 */  jal     func_800B670C              
/* 01050 80927200 02002025 */  or      $a0, $s0, $zero            ## $a0 = 00000000
/* 01054 80927204 1000003B */  beq     $zero, $zero, .L809272F4   
/* 01058 80927208 8FBF0024 */  lw      $ra, 0x0024($sp)           
.L8092720C:
/* 0105C 8092720C C6040068 */  lwc1    $f4, 0x0068($s0)           ## 00000068
/* 01060 80927210 C4267428 */  lwc1    $f6, %lo(D_80927428)($at)  
/* 01064 80927214 3C018092 */  lui     $at, %hi(D_8092742C)       ## $at = 80920000
/* 01068 80927218 4606203C */  c.lt.s  $f4, $f6                   
/* 0106C 8092721C 00000000 */  nop
/* 01070 80927220 45000003 */  bc1f    .L80927230                 
/* 01074 80927224 00000000 */  nop
/* 01078 80927228 C428742C */  lwc1    $f8, %lo(D_8092742C)($at)  
/* 0107C 8092722C E6080074 */  swc1    $f8, 0x0074($s0)           ## 00000074
.L80927230:
/* 01080 80927230 0C02DAA2 */  jal     func_800B6A88              
/* 01084 80927234 02002025 */  or      $a0, $s0, $zero            ## $a0 = 00000000
/* 01088 80927238 3C048092 */  lui     $a0, %hi(D_80927384)       ## $a0 = 80920000
/* 0108C 8092723C 3C058092 */  lui     $a1, %hi(D_80927380)       ## $a1 = 80920000
/* 01090 80927240 84A57380 */  lh      $a1, %lo(D_80927380)($a1)  
/* 01094 80927244 24847384 */  addiu   $a0, $a0, %lo(D_80927384)  ## $a0 = 80927384
/* 01098 80927248 0C03FBCB */  jal     func_800FEF2C              
/* 0109C 8092724C 240600A0 */  addiu   $a2, $zero, 0x00A0         ## $a2 = 000000A0
/* 010A0 80927250 3C048092 */  lui     $a0, %hi(D_8092738C)       ## $a0 = 80920000
/* 010A4 80927254 3C058092 */  lui     $a1, %hi(D_80927388)       ## $a1 = 80920000
/* 010A8 80927258 84A57388 */  lh      $a1, %lo(D_80927388)($a1)  
/* 010AC 8092725C 2484738C */  addiu   $a0, $a0, %lo(D_8092738C)  ## $a0 = 8092738C
/* 010B0 80927260 0C03FBCB */  jal     func_800FEF2C              
/* 010B4 80927264 240600A0 */  addiu   $a2, $zero, 0x00A0         ## $a2 = 000000A0
/* 010B8 80927268 3C0A8092 */  lui     $t2, %hi(D_80927384)       ## $t2 = 80920000
/* 010BC 8092726C 854A7384 */  lh      $t2, %lo(D_80927384)($t2)  
/* 010C0 80927270 860900BC */  lh      $t1, 0x00BC($s0)           ## 000000BC
/* 010C4 80927274 3C0D8092 */  lui     $t5, %hi(D_8092738C)       ## $t5 = 80920000
/* 010C8 80927278 860C00BE */  lh      $t4, 0x00BE($s0)           ## 000000BE
/* 010CC 8092727C 012A5821 */  addu    $t3, $t1, $t2              
/* 010D0 80927280 A60B00BC */  sh      $t3, 0x00BC($s0)           ## 000000BC
/* 010D4 80927284 85AD738C */  lh      $t5, %lo(D_8092738C)($t5)  
/* 010D8 80927288 44805000 */  mtc1    $zero, $f10                ## $f10 = 0.00
/* 010DC 8092728C 240F0045 */  addiu   $t7, $zero, 0x0045         ## $t7 = 00000045
/* 010E0 80927290 018D7021 */  addu    $t6, $t4, $t5              
/* 010E4 80927294 A60E00BE */  sh      $t6, 0x00BE($s0)           ## 000000BE
/* 010E8 80927298 AFAF0014 */  sw      $t7, 0x0014($sp)           
/* 010EC 8092729C 02202025 */  or      $a0, $s1, $zero            ## $a0 = 00000000
/* 010F0 809272A0 02002825 */  or      $a1, $s0, $zero            ## $a1 = 00000000
/* 010F4 809272A4 3C064190 */  lui     $a2, 0x4190                ## $a2 = 41900000
/* 010F8 809272A8 3C074170 */  lui     $a3, 0x4170                ## $a3 = 41700000
/* 010FC 809272AC 0C02DE2E */  jal     func_800B78B8              
/* 01100 809272B0 E7AA0010 */  swc1    $f10, 0x0010($sp)          
/* 01104 809272B4 26050148 */  addiu   $a1, $s0, 0x0148           ## $a1 = 00000148
/* 01108 809272B8 AFA50028 */  sw      $a1, 0x0028($sp)           
/* 0110C 809272BC 0C039F7E */  jal     func_800E7DF8              
/* 01110 809272C0 02002025 */  or      $a0, $s0, $zero            ## $a0 = 00000000
/* 01114 809272C4 3C010001 */  lui     $at, 0x0001                ## $at = 00010000
/* 01118 809272C8 34218884 */  ori     $at, $at, 0x8884           ## $at = 00018884
/* 0111C 809272CC 02218021 */  addu    $s0, $s1, $at              
/* 01120 809272D0 02002825 */  or      $a1, $s0, $zero            ## $a1 = 00000000
/* 01124 809272D4 02202025 */  or      $a0, $s1, $zero            ## $a0 = 00000000
/* 01128 809272D8 0C038A4A */  jal     func_800E2928              
/* 0112C 809272DC 8FA60028 */  lw      $a2, 0x0028($sp)           
/* 01130 809272E0 02202025 */  or      $a0, $s1, $zero            ## $a0 = 00000000
/* 01134 809272E4 02002825 */  or      $a1, $s0, $zero            ## $a1 = 00000000
/* 01138 809272E8 0C038956 */  jal     func_800E2558              
/* 0113C 809272EC 8FA60028 */  lw      $a2, 0x0028($sp)           
/* 01140 809272F0 8FBF0024 */  lw      $ra, 0x0024($sp)           
.L809272F4:
/* 01144 809272F4 8FB0001C */  lw      $s0, 0x001C($sp)           
/* 01148 809272F8 8FB10020 */  lw      $s1, 0x0020($sp)           
/* 0114C 809272FC 03E00008 */  jr      $ra                        
/* 01150 80927300 27BD0038 */  addiu   $sp, $sp, 0x0038           ## $sp = 00000000


glabel func_80927304
/* 01154 80927304 27BDFFE8 */  addiu   $sp, $sp, 0xFFE8           ## $sp = FFFFFFE8
/* 01158 80927308 AFBF0014 */  sw      $ra, 0x0014($sp)           
/* 0115C 8092730C AFA40018 */  sw      $a0, 0x0018($sp)           
/* 01160 80927310 8C990144 */  lw      $t9, 0x0144($a0)           ## 00000144
/* 01164 80927314 0320F809 */  jalr    $ra, $t9                   
/* 01168 80927318 00000000 */  nop
/* 0116C 8092731C 0C249889 */  jal     func_80926224              
/* 01170 80927320 8FA40018 */  lw      $a0, 0x0018($sp)           
/* 01174 80927324 8FBF0014 */  lw      $ra, 0x0014($sp)           
/* 01178 80927328 27BD0018 */  addiu   $sp, $sp, 0x0018           ## $sp = 00000000
/* 0117C 8092732C 03E00008 */  jr      $ra                        
/* 01180 80927330 00000000 */  nop


glabel func_80927334
/* 01184 80927334 27BDFFE8 */  addiu   $sp, $sp, 0xFFE8           ## $sp = FFFFFFE8
/* 01188 80927338 AFBF0014 */  sw      $ra, 0x0014($sp)           
/* 0118C 8092733C 00803825 */  or      $a3, $a0, $zero            ## $a3 = 00000000
/* 01190 80927340 00A03025 */  or      $a2, $a1, $zero            ## $a2 = 00000000
/* 01194 80927344 84EE001C */  lh      $t6, 0x001C($a3)           ## 0000001C
/* 01198 80927348 3C058092 */  lui     $a1, %hi(D_809273E8)       ## $a1 = 80920000
/* 0119C 8092734C 00C02025 */  or      $a0, $a2, $zero            ## $a0 = 00000000
/* 011A0 80927350 000E7BC3 */  sra     $t7, $t6, 15               
/* 011A4 80927354 31F80001 */  andi    $t8, $t7, 0x0001           ## $t8 = 00000000
/* 011A8 80927358 0018C880 */  sll     $t9, $t8,  2               
/* 011AC 8092735C 00B92821 */  addu    $a1, $a1, $t9              
/* 011B0 80927360 0C02F7F0 */  jal     func_800BDFC0              
/* 011B4 80927364 8CA573E8 */  lw      $a1, %lo(D_809273E8)($a1)  
/* 011B8 80927368 8FBF0014 */  lw      $ra, 0x0014($sp)           
/* 011BC 8092736C 27BD0018 */  addiu   $sp, $sp, 0x0018           ## $sp = 00000000
/* 011C0 80927370 03E00008 */  jr      $ra                        
/* 011C4 80927374 00000000 */  nop
/* 011C8 80927378 00000000 */  nop
/* 011CC 8092737C 00000000 */  nop

.section .data

D_80927380: .word 0x00000000
D_80927384: .word 0x00000000
D_80927388: .word 0x00000000
D_8092738C: .word 0x00000000
D_80927390: .word 0x00810600, 0x04000010, 0x00010000, 0x0000019C
.word func_809263C8
.word func_809264E0
.word func_80927304
.word 0x00000000
D_809273B0: .word \
0x0A090939, 0x20010000, 0x00000000, 0x00400000, \
0x00020000, 0x058BC79C, 0x00000000, 0x19010100, \
0x000F001E, 0x00000000, 0x00000000
D_809273DC: .word 0x0003016F
D_809273E0: .word 0x05007980, 0x06001A70
D_809273E8: .word 0x05007890, 0x06001180
D_809273F0: .word 0xB874FA24, 0xB878B9B0, 0xB100003C, 0x3104003C

.section .rodata

D_80927400: .word 0x3FB33333
D_80927404: .word 0x3E4CCCCD
D_80927408: .word 0x3DCCCCCD
D_8092740C: .word 0x3F333333
D_80927410: .word 0x45BB8000
D_80927414: .word 0x3E3851EC
D_80927418: .word 0x3E4CCCCD
D_8092741C: .word 0x3C23D70A
D_80927420: .word 0x3DCCCCCD
D_80927424: .word 0x44BB8000
D_80927428: .word 0xBD4CCCCD
D_8092742C: .word 0xC0133333


.section .rodata
D_80927430:
.incbin "baserom/Obj_Kibako", 0x1280, 0x00000190
