.include "macro.inc"

# assembler directives
.set noat      # allow manual use of $at
.set noreorder # don't insert nops after branches
.set gp=64     # allow use of 64-bit general purpose registers

.section .text
glabel func_80800000
/* 00000 80800000 8482023A */  lh      $v0, 0x023A($a0)           ## 0000023A
/* 00004 80800004 54400010 */  bnel    $v0, $zero, .L80800048     
/* 00008 80800008 8489023C */  lh      $t1, 0x023C($a0)           ## 0000023C
/* 0000C 8080000C 8483023E */  lh      $v1, 0x023E($a0)           ## 0000023E
/* 00010 80800010 5060000D */  beql    $v1, $zero, .L80800048     
/* 00014 80800014 8489023C */  lh      $t1, 0x023C($a0)           ## 0000023C
/* 00018 80800018 848E0238 */  lh      $t6, 0x0238($a0)           ## 00000238
/* 0001C 8080001C 2478FFFF */  addiu   $t8, $v1, 0xFFFF           ## $t8 = FFFFFFFF
/* 00020 80800020 A498023E */  sh      $t8, 0x023E($a0)           ## 0000023E
/* 00024 80800024 25CFFFFF */  addiu   $t7, $t6, 0xFFFF           ## $t7 = FFFFFFFF
/* 00028 80800028 A48F0238 */  sh      $t7, 0x0238($a0)           ## 00000238
/* 0002C 8080002C 84990238 */  lh      $t9, 0x0238($a0)           ## 00000238
/* 00030 80800030 24080190 */  addiu   $t0, $zero, 0x0190         ## $t0 = 00000190
/* 00034 80800034 57200013 */  bnel    $t9, $zero, .L80800084     
/* 00038 80800038 84820240 */  lh      $v0, 0x0240($a0)           ## 00000240
/* 0003C 8080003C 10000010 */  beq     $zero, $zero, .L80800080   
/* 00040 80800040 A4880238 */  sh      $t0, 0x0238($a0)           ## 00000238
/* 00044 80800044 8489023C */  lh      $t1, 0x023C($a0)           ## 0000023C
.L80800048:
/* 00048 80800048 240B000C */  addiu   $t3, $zero, 0x000C         ## $t3 = 0000000C
/* 0004C 8080004C 00495021 */  addu    $t2, $v0, $t1              
/* 00050 80800050 A48A023A */  sh      $t2, 0x023A($a0)           ## 0000023A
/* 00054 80800054 8482023A */  lh      $v0, 0x023A($a0)           ## 0000023A
/* 00058 80800058 1C400004 */  bgtz    $v0, .L8080006C            
/* 0005C 8080005C 284100FF */  slti    $at, $v0, 0x00FF           
/* 00060 80800060 A480023A */  sh      $zero, 0x023A($a0)         ## 0000023A
/* 00064 80800064 10000006 */  beq     $zero, $zero, .L80800080   
/* 00068 80800068 A48B023C */  sh      $t3, 0x023C($a0)           ## 0000023C
.L8080006C:
/* 0006C 8080006C 14200004 */  bne     $at, $zero, .L80800080     
/* 00070 80800070 240C00FF */  addiu   $t4, $zero, 0x00FF         ## $t4 = 000000FF
/* 00074 80800074 240D0001 */  addiu   $t5, $zero, 0x0001         ## $t5 = 00000001
/* 00078 80800078 A48C023A */  sh      $t4, 0x023A($a0)           ## 0000023A
/* 0007C 8080007C A08D0244 */  sb      $t5, 0x0244($a0)           ## 00000244
.L80800080:
/* 00080 80800080 84820240 */  lh      $v0, 0x0240($a0)           ## 00000240
.L80800084:
/* 00084 80800084 304E007F */  andi    $t6, $v0, 0x007F           ## $t6 = 00000000
/* 00088 80800088 244F0001 */  addiu   $t7, $v0, 0x0001           ## $t7 = 00000001
/* 0008C 8080008C A48E0242 */  sh      $t6, 0x0242($a0)           ## 00000242
/* 00090 80800090 A48F0240 */  sh      $t7, 0x0240($a0)           ## 00000240
/* 00094 80800094 03E00008 */  jr      $ra                        
/* 00098 80800098 00000000 */  nop


glabel func_8080009C
/* 0009C 8080009C 27BDFFB8 */  addiu   $sp, $sp, 0xFFB8           ## $sp = FFFFFFB8
/* 000A0 808000A0 44856000 */  mtc1    $a1, $f12                  ## $f12 = 0.00
/* 000A4 808000A4 44867000 */  mtc1    $a2, $f14                  ## $f14 = 0.00
/* 000A8 808000A8 44800000 */  mtc1    $zero, $f0                 ## $f0 = 0.00
/* 000AC 808000AC AFBF0014 */  sw      $ra, 0x0014($sp)           
/* 000B0 808000B0 AFA40048 */  sw      $a0, 0x0048($sp)           
/* 000B4 808000B4 AFA70054 */  sw      $a3, 0x0054($sp)           
/* 000B8 808000B8 8FA40048 */  lw      $a0, 0x0048($sp)           
/* 000BC 808000BC 3C013F80 */  lui     $at, 0x3F80                ## $at = 3F800000
/* 000C0 808000C0 C7A40054 */  lwc1    $f4, 0x0054($sp)           
/* 000C4 808000C4 44813000 */  mtc1    $at, $f6                   ## $f6 = 1.00
/* 000C8 808000C8 248400A8 */  addiu   $a0, $a0, 0x00A8           ## $a0 = 000000A8
/* 000CC 808000CC E7AC0038 */  swc1    $f12, 0x0038($sp)          
/* 000D0 808000D0 E7AE003C */  swc1    $f14, 0x003C($sp)          
/* 000D4 808000D4 E7A00028 */  swc1    $f0, 0x0028($sp)           
/* 000D8 808000D8 E7A00020 */  swc1    $f0, 0x0020($sp)           
/* 000DC 808000DC E7A00034 */  swc1    $f0, 0x0034($sp)           
/* 000E0 808000E0 E7A00030 */  swc1    $f0, 0x0030($sp)           
/* 000E4 808000E4 E7A0002C */  swc1    $f0, 0x002C($sp)           
/* 000E8 808000E8 AFA4001C */  sw      $a0, 0x001C($sp)           
/* 000EC 808000EC 3C0541F0 */  lui     $a1, 0x41F0                ## $a1 = 41F00000
/* 000F0 808000F0 3C064120 */  lui     $a2, 0x4120                ## $a2 = 41200000
/* 000F4 808000F4 3C074648 */  lui     $a3, 0x4648                ## $a3 = 46480000
/* 000F8 808000F8 E7A40040 */  swc1    $f4, 0x0040($sp)           
/* 000FC 808000FC 0C04FC34 */  jal     func_8013F0D0              
/* 00100 80800100 E7A60024 */  swc1    $f6, 0x0024($sp)           
/* 00104 80800104 8FA4001C */  lw      $a0, 0x001C($sp)           
/* 00108 80800108 27A50038 */  addiu   $a1, $sp, 0x0038           ## $a1 = FFFFFFF0
/* 0010C 8080010C 27A6002C */  addiu   $a2, $sp, 0x002C           ## $a2 = FFFFFFE4
/* 00110 80800110 0C04FBE7 */  jal     func_8013EF9C              
/* 00114 80800114 27A70020 */  addiu   $a3, $sp, 0x0020           ## $a3 = FFFFFFD8
/* 00118 80800118 8FA4001C */  lw      $a0, 0x001C($sp)           
/* 0011C 8080011C 0C04FDBF */  jal     func_8013F6FC              
/* 00120 80800120 2405000F */  addiu   $a1, $zero, 0x000F         ## $a1 = 0000000F
/* 00124 80800124 8FBF0014 */  lw      $ra, 0x0014($sp)           
/* 00128 80800128 27BD0048 */  addiu   $sp, $sp, 0x0048           ## $sp = 00000000
/* 0012C 8080012C 03E00008 */  jr      $ra                        
/* 00130 80800130 00000000 */  nop


glabel func_80800134
/* 00134 80800134 27BDFF20 */  addiu   $sp, $sp, 0xFF20           ## $sp = FFFFFF20
/* 00138 80800138 3C01428A */  lui     $at, 0x428A                ## $at = 428A0000
/* 0013C 8080013C AFB00020 */  sw      $s0, 0x0020($sp)           
/* 00140 80800140 44810000 */  mtc1    $at, $f0                   ## $f0 = 69.00
/* 00144 80800144 44801000 */  mtc1    $zero, $f2                 ## $f2 = 0.00
/* 00148 80800148 00808025 */  or      $s0, $a0, $zero            ## $s0 = 00000000
/* 0014C 8080014C AFBF0024 */  sw      $ra, 0x0024($sp)           
/* 00150 80800150 8E080000 */  lw      $t0, 0x0000($s0)           ## 00000000
/* 00154 80800154 3C018080 */  lui     $at, %hi(D_80800880)       ## $at = 80800000
/* 00158 80800158 C4240880 */  lwc1    $f4, %lo(D_80800880)($at)  
/* 0015C 8080015C 3C018080 */  lui     $at, %hi(D_80800884)       ## $at = 80800000
/* 00160 80800160 C4260884 */  lwc1    $f6, %lo(D_80800884)($at)  
/* 00164 80800164 3C018080 */  lui     $at, %hi(D_80800888)       ## $at = 80800000
/* 00168 80800168 C4280888 */  lwc1    $f8, %lo(D_80800888)($at)  
/* 0016C 8080016C E7A000CC */  swc1    $f0, 0x00CC($sp)           
/* 00170 80800170 E7A000D0 */  swc1    $f0, 0x00D0($sp)           
/* 00174 80800174 E7A000D4 */  swc1    $f0, 0x00D4($sp)           
/* 00178 80800178 E7A200C0 */  swc1    $f2, 0x00C0($sp)           
/* 0017C 8080017C E7A200C4 */  swc1    $f2, 0x00C4($sp)           
/* 00180 80800180 E7A200C8 */  swc1    $f2, 0x00C8($sp)           
/* 00184 80800184 E7A400B4 */  swc1    $f4, 0x00B4($sp)           
/* 00188 80800188 E7A600B8 */  swc1    $f6, 0x00B8($sp)           
/* 0018C 8080018C E7A800BC */  swc1    $f8, 0x00BC($sp)           
/* 00190 80800190 8E070000 */  lw      $a3, 0x0000($s0)           ## 00000000
/* 00194 80800194 27A400C0 */  addiu   $a0, $sp, 0x00C0           ## $a0 = FFFFFFE0
/* 00198 80800198 27A500B4 */  addiu   $a1, $sp, 0x00B4           ## $a1 = FFFFFFD4
/* 0019C 8080019C 27A600CC */  addiu   $a2, $sp, 0x00CC           ## $a2 = FFFFFFEC
/* 001A0 808001A0 0C02DFF8 */  jal     func_800B7FE0              
/* 001A4 808001A4 AFA800A8 */  sw      $t0, 0x00A8($sp)           
/* 001A8 808001A8 8FA800A8 */  lw      $t0, 0x00A8($sp)           
/* 001AC 808001AC 8D0202B0 */  lw      $v0, 0x02B0($t0)           ## 000002B0
/* 001B0 808001B0 3C0FDB02 */  lui     $t7, 0xDB02                ## $t7 = DB020000
/* 001B4 808001B4 24180018 */  addiu   $t8, $zero, 0x0018         ## $t8 = 00000018
/* 001B8 808001B8 244E0008 */  addiu   $t6, $v0, 0x0008           ## $t6 = 00000008
/* 001BC 808001BC AD0E02B0 */  sw      $t6, 0x02B0($t0)           ## 000002B0
/* 001C0 808001C0 AC580004 */  sw      $t8, 0x0004($v0)           ## 00000004
/* 001C4 808001C4 AC4F0000 */  sw      $t7, 0x0000($v0)           ## 00000000
/* 001C8 808001C8 8D0202B0 */  lw      $v0, 0x02B0($t0)           ## 000002B0
/* 001CC 808001CC 3C0EDC08 */  lui     $t6, 0xDC08                ## $t6 = DC080000
/* 001D0 808001D0 3C0F8080 */  lui     $t7, %hi(D_80800870)       ## $t7 = 80800000
/* 001D4 808001D4 24590008 */  addiu   $t9, $v0, 0x0008           ## $t9 = 00000008
/* 001D8 808001D8 AD1902B0 */  sw      $t9, 0x02B0($t0)           ## 000002B0
/* 001DC 808001DC 25EF0870 */  addiu   $t7, $t7, %lo(D_80800870)  ## $t7 = 80800870
/* 001E0 808001E0 35CE060A */  ori     $t6, $t6, 0x060A           ## $t6 = DC08060A
/* 001E4 808001E4 AC4E0000 */  sw      $t6, 0x0000($v0)           ## 00000000
/* 001E8 808001E8 AC4F0004 */  sw      $t7, 0x0004($v0)           ## 00000004
/* 001EC 808001EC 8D0202B0 */  lw      $v0, 0x02B0($t0)           ## 000002B0
/* 001F0 808001F0 3C19DC08 */  lui     $t9, 0xDC08                ## $t9 = DC080000
/* 001F4 808001F4 3C0E8080 */  lui     $t6, %hi(D_80800868)       ## $t6 = 80800000
/* 001F8 808001F8 24580008 */  addiu   $t8, $v0, 0x0008           ## $t8 = 00000008
/* 001FC 808001FC AD1802B0 */  sw      $t8, 0x02B0($t0)           ## 000002B0
/* 00200 80800200 25CE0868 */  addiu   $t6, $t6, %lo(D_80800868)  ## $t6 = 80800868
/* 00204 80800204 3739090A */  ori     $t9, $t9, 0x090A           ## $t9 = DC08090A
/* 00208 80800208 AC590000 */  sw      $t9, 0x0000($v0)           ## 00000000
/* 0020C 8080020C AC4E0004 */  sw      $t6, 0x0004($v0)           ## 00000004
/* 00210 80800210 02002025 */  or      $a0, $s0, $zero            ## $a0 = 00000000
/* 00214 80800214 24050000 */  addiu   $a1, $zero, 0x0000         ## $a1 = 00000000
/* 00218 80800218 3C064316 */  lui     $a2, 0x4316                ## $a2 = 43160000
/* 0021C 8080021C 3C074396 */  lui     $a3, 0x4396                ## $a3 = 43960000
/* 00220 80800220 0C200027 */  jal     func_8080009C              
/* 00224 80800224 AFA800A8 */  sw      $t0, 0x00A8($sp)           
/* 00228 80800228 0C04B0A3 */  jal     func_8012C28C              
/* 0022C 8080022C 8E040000 */  lw      $a0, 0x0000($s0)           ## 00000000
/* 00230 80800230 3C01C254 */  lui     $at, 0xC254                ## $at = C2540000
/* 00234 80800234 44816000 */  mtc1    $at, $f12                  ## $f12 = -53.00
/* 00238 80800238 3C01C0A0 */  lui     $at, 0xC0A0                ## $at = C0A00000
/* 0023C 8080023C 44817000 */  mtc1    $at, $f14                  ## $f14 = -5.00
/* 00240 80800240 24060000 */  addiu   $a2, $zero, 0x0000         ## $a2 = 00000000
/* 00244 80800244 0C0600A7 */  jal     func_8018029C              
/* 00248 80800248 00003825 */  or      $a3, $zero, $zero          ## $a3 = 00000000
/* 0024C 8080024C 3C013F80 */  lui     $at, 0x3F80                ## $at = 3F800000
/* 00250 80800250 44816000 */  mtc1    $at, $f12                  ## $f12 = 1.00
/* 00254 80800254 24070001 */  addiu   $a3, $zero, 0x0001         ## $a3 = 00000001
/* 00258 80800258 44066000 */  mfc1    $a2, $f12                  
/* 0025C 8080025C 0C0600E7 */  jal     func_8018039C              
/* 00260 80800260 46006386 */  mov.s   $f14, $f12                 
/* 00264 80800264 3C058080 */  lui     $a1, %hi(D_80800860)       ## $a1 = 80800000
/* 00268 80800268 84A50860 */  lh      $a1, %lo(D_80800860)($a1)  
/* 0026C 8080026C 00002025 */  or      $a0, $zero, $zero          ## $a0 = 00000000
/* 00270 80800270 00003025 */  or      $a2, $zero, $zero          ## $a2 = 00000000
/* 00274 80800274 0C06040F */  jal     func_8018103C              
/* 00278 80800278 24070001 */  addiu   $a3, $zero, 0x0001         ## $a3 = 00000001
/* 0027C 8080027C 8FA800A8 */  lw      $t0, 0x00A8($sp)           
/* 00280 80800280 8D0202B0 */  lw      $v0, 0x02B0($t0)           ## 000002B0
/* 00284 80800284 3C18DA38 */  lui     $t8, 0xDA38                ## $t8 = DA380000
/* 00288 80800288 37180003 */  ori     $t8, $t8, 0x0003           ## $t8 = DA380003
/* 0028C 8080028C 244F0008 */  addiu   $t7, $v0, 0x0008           ## $t7 = 00000008
/* 00290 80800290 AD0F02B0 */  sw      $t7, 0x02B0($t0)           ## 000002B0
/* 00294 80800294 AC580000 */  sw      $t8, 0x0000($v0)           ## 00000000
/* 00298 80800298 8E040000 */  lw      $a0, 0x0000($s0)           ## 00000000
/* 0029C 8080029C AFA800A8 */  sw      $t0, 0x00A8($sp)           
/* 002A0 808002A0 0C060690 */  jal     func_80181A40              
/* 002A4 808002A4 AFA20094 */  sw      $v0, 0x0094($sp)           
/* 002A8 808002A8 8FA30094 */  lw      $v1, 0x0094($sp)           
/* 002AC 808002AC 8FA800A8 */  lw      $t0, 0x00A8($sp)           
/* 002B0 808002B0 3C0EDE00 */  lui     $t6, 0xDE00                ## $t6 = DE000000
/* 002B4 808002B4 AC620004 */  sw      $v0, 0x0004($v1)           ## 00000004
/* 002B8 808002B8 8D0202B0 */  lw      $v0, 0x02B0($t0)           ## 000002B0
/* 002BC 808002BC 3C0F0100 */  lui     $t7, 0x0100                ## $t7 = 01000000
/* 002C0 808002C0 25EF2720 */  addiu   $t7, $t7, 0x2720           ## $t7 = 01002720
/* 002C4 808002C4 24590008 */  addiu   $t9, $v0, 0x0008           ## $t9 = 00000008
/* 002C8 808002C8 AD1902B0 */  sw      $t9, 0x02B0($t0)           ## 000002B0
/* 002CC 808002CC AC4F0004 */  sw      $t7, 0x0004($v0)           ## 00000004
/* 002D0 808002D0 AC4E0000 */  sw      $t6, 0x0000($v0)           ## 00000000
/* 002D4 808002D4 8E040000 */  lw      $a0, 0x0000($s0)           ## 00000000
/* 002D8 808002D8 0C04B18A */  jal     func_8012C628              
/* 002DC 808002DC AFA800A8 */  sw      $t0, 0x00A8($sp)           
/* 002E0 808002E0 8FA800A8 */  lw      $t0, 0x00A8($sp)           
/* 002E4 808002E4 3C05E700 */  lui     $a1, 0xE700                ## $a1 = E7000000
/* 002E8 808002E8 8D0202B0 */  lw      $v0, 0x02B0($t0)           ## 000002B0
/* 002EC 808002EC 3C0EE300 */  lui     $t6, 0xE300                ## $t6 = E3000000
/* 002F0 808002F0 24580008 */  addiu   $t8, $v0, 0x0008           ## $t8 = 00000008
/* 002F4 808002F4 AD1802B0 */  sw      $t8, 0x02B0($t0)           ## 000002B0
/* 002F8 808002F8 AC400004 */  sw      $zero, 0x0004($v0)         ## 00000004
/* 002FC 808002FC AC450000 */  sw      $a1, 0x0000($v0)           ## 00000000
/* 00300 80800300 8D0202B0 */  lw      $v0, 0x02B0($t0)           ## 000002B0
/* 00304 80800304 35CE0A01 */  ori     $t6, $t6, 0x0A01           ## $t6 = E3000A01
/* 00308 80800308 3C0F0010 */  lui     $t7, 0x0010                ## $t7 = 00100000
/* 0030C 8080030C 24590008 */  addiu   $t9, $v0, 0x0008           ## $t9 = 00000008
/* 00310 80800310 AD1902B0 */  sw      $t9, 0x02B0($t0)           ## 000002B0
/* 00314 80800314 AC4F0004 */  sw      $t7, 0x0004($v0)           ## 00000004
/* 00318 80800318 AC4E0000 */  sw      $t6, 0x0000($v0)           ## 00000000
/* 0031C 8080031C 8D0202B0 */  lw      $v0, 0x02B0($t0)           ## 000002B0
/* 00320 80800320 3C19E200 */  lui     $t9, 0xE200                ## $t9 = E2000000
/* 00324 80800324 3C0E0C18 */  lui     $t6, 0x0C18                ## $t6 = 0C180000
/* 00328 80800328 24580008 */  addiu   $t8, $v0, 0x0008           ## $t8 = 00000008
/* 0032C 8080032C AD1802B0 */  sw      $t8, 0x02B0($t0)           ## 000002B0
/* 00330 80800330 35CE4340 */  ori     $t6, $t6, 0x4340           ## $t6 = 0C184340
/* 00334 80800334 3739001C */  ori     $t9, $t9, 0x001C           ## $t9 = E200001C
/* 00338 80800338 AC590000 */  sw      $t9, 0x0000($v0)           ## 00000000
/* 0033C 8080033C AC4E0004 */  sw      $t6, 0x0004($v0)           ## 00000004
/* 00340 80800340 8D0202B0 */  lw      $v0, 0x02B0($t0)           ## 000002B0
/* 00344 80800344 3C18FC26 */  lui     $t8, 0xFC26                ## $t8 = FC260000
/* 00348 80800348 3C19350C */  lui     $t9, 0x350C                ## $t9 = 350C0000
/* 0034C 8080034C 244F0008 */  addiu   $t7, $v0, 0x0008           ## $t7 = 00000008
/* 00350 80800350 AD0F02B0 */  sw      $t7, 0x02B0($t0)           ## 000002B0
/* 00354 80800354 3739F37F */  ori     $t9, $t9, 0xF37F           ## $t9 = 350CF37F
/* 00358 80800358 37187E60 */  ori     $t8, $t8, 0x7E60           ## $t8 = FC267E60
/* 0035C 8080035C AC580000 */  sw      $t8, 0x0000($v0)           ## 00000000
/* 00360 80800360 AC590004 */  sw      $t9, 0x0004($v0)           ## 00000004
/* 00364 80800364 8D0202B0 */  lw      $v0, 0x02B0($t0)           ## 000002B0
/* 00368 80800368 3C18AAFF */  lui     $t8, 0xAAFF                ## $t8 = AAFF0000
/* 0036C 8080036C 3718FFFF */  ori     $t8, $t8, 0xFFFF           ## $t8 = AAFFFFFF
/* 00370 80800370 244E0008 */  addiu   $t6, $v0, 0x0008           ## $t6 = 00000008
/* 00374 80800374 AD0E02B0 */  sw      $t6, 0x02B0($t0)           ## 000002B0
/* 00378 80800378 3C0FFA00 */  lui     $t7, 0xFA00                ## $t7 = FA000000
/* 0037C 8080037C AC4F0000 */  sw      $t7, 0x0000($v0)           ## 00000000
/* 00380 80800380 AC580004 */  sw      $t8, 0x0004($v0)           ## 00000004
/* 00384 80800384 8D0202B0 */  lw      $v0, 0x02B0($t0)           ## 000002B0
/* 00388 80800388 3C0EFB00 */  lui     $t6, 0xFB00                ## $t6 = FB000000
/* 0038C 8080038C 340FFF80 */  ori     $t7, $zero, 0xFF80         ## $t7 = 0000FF80
/* 00390 80800390 24590008 */  addiu   $t9, $v0, 0x0008           ## $t9 = 00000008
/* 00394 80800394 AD1902B0 */  sw      $t9, 0x02B0($t0)           ## 000002B0
/* 00398 80800398 AC4F0004 */  sw      $t7, 0x0004($v0)           ## 00000004
/* 0039C 8080039C AC4E0000 */  sw      $t6, 0x0000($v0)           ## 00000000
/* 003A0 808003A0 8D0202B0 */  lw      $v0, 0x02B0($t0)           ## 000002B0
/* 003A4 808003A4 3C0E0100 */  lui     $t6, 0x0100                ## $t6 = 01000000
/* 003A8 808003A8 25CE1800 */  addiu   $t6, $t6, 0x1800           ## $t6 = 01001800
/* 003AC 808003AC 24580008 */  addiu   $t8, $v0, 0x0008           ## $t8 = 00000008
/* 003B0 808003B0 AD1802B0 */  sw      $t8, 0x02B0($t0)           ## 000002B0
/* 003B4 808003B4 3C19FD90 */  lui     $t9, 0xFD90                ## $t9 = FD900000
/* 003B8 808003B8 AC590000 */  sw      $t9, 0x0000($v0)           ## 00000000
/* 003BC 808003BC AC4E0004 */  sw      $t6, 0x0004($v0)           ## 00000004
/* 003C0 808003C0 8D0202B0 */  lw      $v0, 0x02B0($t0)           ## 000002B0
/* 003C4 808003C4 3C18F590 */  lui     $t8, 0xF590                ## $t8 = F5900000
/* 003C8 808003C8 3C190701 */  lui     $t9, 0x0701                ## $t9 = 07010000
/* 003CC 808003CC 244F0008 */  addiu   $t7, $v0, 0x0008           ## $t7 = 00000008
/* 003D0 808003D0 AD0F02B0 */  sw      $t7, 0x02B0($t0)           ## 000002B0
/* 003D4 808003D4 37396C52 */  ori     $t9, $t9, 0x6C52           ## $t9 = 07016C52
/* 003D8 808003D8 37180100 */  ori     $t8, $t8, 0x0100           ## $t8 = F5900100
/* 003DC 808003DC AC580000 */  sw      $t8, 0x0000($v0)           ## 00000000
/* 003E0 808003E0 AC590004 */  sw      $t9, 0x0004($v0)           ## 00000004
/* 003E4 808003E4 8D0202B0 */  lw      $v0, 0x02B0($t0)           ## 000002B0
/* 003E8 808003E8 3C0FE600 */  lui     $t7, 0xE600                ## $t7 = E6000000
/* 003EC 808003EC 3C19F300 */  lui     $t9, 0xF300                ## $t9 = F3000000
/* 003F0 808003F0 244E0008 */  addiu   $t6, $v0, 0x0008           ## $t6 = 00000008
/* 003F4 808003F4 AD0E02B0 */  sw      $t6, 0x02B0($t0)           ## 000002B0
/* 003F8 808003F8 AC400004 */  sw      $zero, 0x0004($v0)         ## 00000004
/* 003FC 808003FC AC4F0000 */  sw      $t7, 0x0000($v0)           ## 00000000
/* 00400 80800400 8D0202B0 */  lw      $v0, 0x02B0($t0)           ## 000002B0
/* 00404 80800404 3C0E071F */  lui     $t6, 0x071F                ## $t6 = 071F0000
/* 00408 80800408 35CEF200 */  ori     $t6, $t6, 0xF200           ## $t6 = 071FF200
/* 0040C 8080040C 24580008 */  addiu   $t8, $v0, 0x0008           ## $t8 = 00000008
/* 00410 80800410 AD1802B0 */  sw      $t8, 0x02B0($t0)           ## 000002B0
/* 00414 80800414 AC4E0004 */  sw      $t6, 0x0004($v0)           ## 00000004
/* 00418 80800418 AC590000 */  sw      $t9, 0x0000($v0)           ## 00000000
/* 0041C 8080041C 8D0202B0 */  lw      $v0, 0x02B0($t0)           ## 000002B0
/* 00420 80800420 3C19F588 */  lui     $t9, 0xF588                ## $t9 = F5880000
/* 00424 80800424 37390900 */  ori     $t9, $t9, 0x0900           ## $t9 = F5880900
/* 00428 80800428 244F0008 */  addiu   $t7, $v0, 0x0008           ## $t7 = 00000008
/* 0042C 8080042C AD0F02B0 */  sw      $t7, 0x02B0($t0)           ## 000002B0
/* 00430 80800430 AC400004 */  sw      $zero, 0x0004($v0)         ## 00000004
/* 00434 80800434 AC450000 */  sw      $a1, 0x0000($v0)           ## 00000000
/* 00438 80800438 8D0202B0 */  lw      $v0, 0x02B0($t0)           ## 000002B0
/* 0043C 8080043C 3C0E0101 */  lui     $t6, 0x0101                ## $t6 = 01010000
/* 00440 80800440 35CE6C52 */  ori     $t6, $t6, 0x6C52           ## $t6 = 01016C52
/* 00444 80800444 24580008 */  addiu   $t8, $v0, 0x0008           ## $t8 = 00000008
/* 00448 80800448 AD1802B0 */  sw      $t8, 0x02B0($t0)           ## 000002B0
/* 0044C 8080044C AC4E0004 */  sw      $t6, 0x0004($v0)           ## 00000004
/* 00450 80800450 AC590000 */  sw      $t9, 0x0000($v0)           ## 00000000
/* 00454 80800454 3C09F200 */  lui     $t1, 0xF200                ## $t1 = F2000000
/* 00458 80800458 8D0202B0 */  lw      $v0, 0x02B0($t0)           ## 000002B0
/* 0045C 8080045C 3C180107 */  lui     $t8, 0x0107                ## $t8 = 01070000
/* 00460 80800460 3718C07C */  ori     $t8, $t8, 0xC07C           ## $t8 = 0107C07C
/* 00464 80800464 244F0008 */  addiu   $t7, $v0, 0x0008           ## $t7 = 00000008
/* 00468 80800468 AD0F02B0 */  sw      $t7, 0x02B0($t0)           ## 000002B0
/* 0046C 8080046C AC580004 */  sw      $t8, 0x0004($v0)           ## 00000004
/* 00470 80800470 AC490000 */  sw      $t1, 0x0000($v0)           ## 00000000
/* 00474 80800474 3C1F070B */  lui     $ra, 0x070B                ## $ra = 070B0000
/* 00478 80800478 3C0A0100 */  lui     $t2, 0x0100                ## $t2 = 01000000
/* 0047C 8080047C 254A0000 */  addiu   $t2, $t2, 0x0000           ## $t2 = 01000000
/* 00480 80800480 37FFF056 */  ori     $ra, $ra, 0xF056           ## $ra = 070BF056
/* 00484 80800484 00003025 */  or      $a2, $zero, $zero          ## $a2 = 00000000
/* 00488 80800488 2407005E */  addiu   $a3, $zero, 0x005E         ## $a3 = 0000005E
/* 0048C 8080048C 00002025 */  or      $a0, $zero, $zero          ## $a0 = 00000000
/* 00490 80800490 3C0D0700 */  lui     $t5, 0x0700                ## $t5 = 07000000
/* 00494 80800494 3C0CF590 */  lui     $t4, 0xF590                ## $t4 = F5900000
/* 00498 80800498 240B0180 */  addiu   $t3, $zero, 0x0180         ## $t3 = 00000180
.L8080049C:
/* 0049C 8080049C 008B0019 */  multu   $a0, $t3                   
/* 004A0 808004A0 8D0202B0 */  lw      $v0, 0x02B0($t0)           ## 000002B0
/* 004A4 808004A4 3C0EFD90 */  lui     $t6, 0xFD90                ## $t6 = FD900000
/* 004A8 808004A8 3C01E448 */  lui     $at, 0xE448                ## $at = E4480000
/* 004AC 808004AC 24590008 */  addiu   $t9, $v0, 0x0008           ## $t9 = 00000008
/* 004B0 808004B0 AD1902B0 */  sw      $t9, 0x02B0($t0)           ## 000002B0
/* 004B4 808004B4 24C60001 */  addiu   $a2, $a2, 0x0001           ## $a2 = 00000001
/* 004B8 808004B8 34214000 */  ori     $at, $at, 0x4000           ## $at = E4484000
/* 004BC 808004BC 24E50002 */  addiu   $a1, $a3, 0x0002           ## $a1 = 00000060
/* 004C0 808004C0 AC4E0000 */  sw      $t6, 0x0000($v0)           ## 00000000
/* 004C4 808004C4 00007812 */  mflo    $t7                        
/* 004C8 808004C8 014FC021 */  addu    $t8, $t2, $t7              
/* 004CC 808004CC AC580004 */  sw      $t8, 0x0004($v0)           ## 00000004
/* 004D0 808004D0 8D0202B0 */  lw      $v0, 0x02B0($t0)           ## 000002B0
/* 004D4 808004D4 30C6FFFF */  andi    $a2, $a2, 0xFFFF           ## $a2 = 00000001
/* 004D8 808004D8 24590008 */  addiu   $t9, $v0, 0x0008           ## $t9 = 00000008
/* 004DC 808004DC AD1902B0 */  sw      $t9, 0x02B0($t0)           ## 000002B0
/* 004E0 808004E0 AC4D0004 */  sw      $t5, 0x0004($v0)           ## 00000004
/* 004E4 808004E4 AC4C0000 */  sw      $t4, 0x0000($v0)           ## 00000000
/* 004E8 808004E8 8D0202B0 */  lw      $v0, 0x02B0($t0)           ## 000002B0
/* 004EC 808004EC 3C0FE600 */  lui     $t7, 0xE600                ## $t7 = E6000000
/* 004F0 808004F0 244E0008 */  addiu   $t6, $v0, 0x0008           ## $t6 = 00000008
/* 004F4 808004F4 AD0E02B0 */  sw      $t6, 0x02B0($t0)           ## 000002B0
/* 004F8 808004F8 AC400004 */  sw      $zero, 0x0004($v0)         ## 00000004
/* 004FC 808004FC AC4F0000 */  sw      $t7, 0x0000($v0)           ## 00000000
/* 00500 80800500 8D0202B0 */  lw      $v0, 0x02B0($t0)           ## 000002B0
/* 00504 80800504 3C19F300 */  lui     $t9, 0xF300                ## $t9 = F3000000
/* 00508 80800508 24580008 */  addiu   $t8, $v0, 0x0008           ## $t8 = 00000008
/* 0050C 8080050C AD1802B0 */  sw      $t8, 0x02B0($t0)           ## 000002B0
/* 00510 80800510 AC5F0004 */  sw      $ra, 0x0004($v0)           ## 00000004
/* 00514 80800514 AC590000 */  sw      $t9, 0x0000($v0)           ## 00000000
/* 00518 80800518 8D0202B0 */  lw      $v0, 0x02B0($t0)           ## 000002B0
/* 0051C 8080051C 3C0FE700 */  lui     $t7, 0xE700                ## $t7 = E7000000
/* 00520 80800520 244E0008 */  addiu   $t6, $v0, 0x0008           ## $t6 = 00000008
/* 00524 80800524 AD0E02B0 */  sw      $t6, 0x02B0($t0)           ## 000002B0
/* 00528 80800528 AC400004 */  sw      $zero, 0x0004($v0)         ## 00000004
/* 0052C 8080052C AC4F0000 */  sw      $t7, 0x0000($v0)           ## 00000000
/* 00530 80800530 8D0202B0 */  lw      $v0, 0x02B0($t0)           ## 000002B0
/* 00534 80800534 3C19F588 */  lui     $t9, 0xF588                ## $t9 = F5880000
/* 00538 80800538 37393000 */  ori     $t9, $t9, 0x3000           ## $t9 = F5883000
/* 0053C 8080053C 24580008 */  addiu   $t8, $v0, 0x0008           ## $t8 = 00000008
/* 00540 80800540 AD1802B0 */  sw      $t8, 0x02B0($t0)           ## 000002B0
/* 00544 80800544 AC400004 */  sw      $zero, 0x0004($v0)         ## 00000004
/* 00548 80800548 AC590000 */  sw      $t9, 0x0000($v0)           ## 00000000
/* 0054C 8080054C 8D0202B0 */  lw      $v0, 0x02B0($t0)           ## 000002B0
/* 00550 80800550 3C0F002F */  lui     $t7, 0x002F                ## $t7 = 002F0000
/* 00554 80800554 35EFC004 */  ori     $t7, $t7, 0xC004           ## $t7 = 002FC004
/* 00558 80800558 244E0008 */  addiu   $t6, $v0, 0x0008           ## $t6 = 00000008
/* 0055C 8080055C AD0E02B0 */  sw      $t6, 0x02B0($t0)           ## 000002B0
/* 00560 80800560 AC4F0004 */  sw      $t7, 0x0004($v0)           ## 00000004
/* 00564 80800564 AC490000 */  sw      $t1, 0x0000($v0)           ## 00000000
/* 00568 80800568 8D0202B0 */  lw      $v0, 0x02B0($t0)           ## 000002B0
/* 0056C 8080056C 00047880 */  sll     $t7, $a0,  2               
/* 00570 80800570 00C02025 */  or      $a0, $a2, $zero            ## $a0 = 00000001
/* 00574 80800574 24580008 */  addiu   $t8, $v0, 0x0008           ## $t8 = 00000008
/* 00578 80800578 AD1802B0 */  sw      $t8, 0x02B0($t0)           ## 000002B0
/* 0057C 8080057C 86190240 */  lh      $t9, 0x0240($s0)           ## 00000240
/* 00580 80800580 332E007F */  andi    $t6, $t9, 0x007F           ## $t6 = 00000000
/* 00584 80800584 01CFC023 */  subu    $t8, $t6, $t7              
/* 00588 80800588 860E0242 */  lh      $t6, 0x0242($s0)           ## 00000242
/* 0058C 8080058C 33190FFF */  andi    $t9, $t8, 0x0FFF           ## $t9 = 00000008
/* 00590 80800590 31CF0FFF */  andi    $t7, $t6, 0x0FFF           ## $t7 = 00000000
/* 00594 80800594 000FC300 */  sll     $t8, $t7, 12               
/* 00598 80800598 03097025 */  or      $t6, $t8, $t1              ## $t6 = F2000008
/* 0059C 8080059C 01D97825 */  or      $t7, $t6, $t9              ## $t7 = F2000008
/* 005A0 808005A0 3C180100 */  lui     $t8, 0x0100                ## $t8 = 01000000
/* 005A4 808005A4 AC580004 */  sw      $t8, 0x0004($v0)           ## 00000004
/* 005A8 808005A8 AC4F0000 */  sw      $t7, 0x0000($v0)           ## 00000000
/* 005AC 808005AC 8D0202B0 */  lw      $v0, 0x02B0($t0)           ## 000002B0
/* 005B0 808005B0 0005C880 */  sll     $t9, $a1,  2               
/* 005B4 808005B4 332F0FFF */  andi    $t7, $t9, 0x0FFF           ## $t7 = 00000008
/* 005B8 808005B8 244E0008 */  addiu   $t6, $v0, 0x0008           ## $t6 = 00000008
/* 005BC 808005BC AD0E02B0 */  sw      $t6, 0x02B0($t0)           ## 000002B0
/* 005C0 808005C0 01E1C025 */  or      $t8, $t7, $at              ## $t8 = E4484008
/* 005C4 808005C4 3C010018 */  lui     $at, 0x0018                ## $at = 00180000
/* 005C8 808005C8 00077080 */  sll     $t6, $a3,  2               
/* 005CC 808005CC 31D90FFF */  andi    $t9, $t6, 0x0FFF           ## $t9 = 00000008
/* 005D0 808005D0 34214000 */  ori     $at, $at, 0x4000           ## $at = 00184000
/* 005D4 808005D4 03217825 */  or      $t7, $t9, $at              ## $t7 = 00184008
/* 005D8 808005D8 AC4F0004 */  sw      $t7, 0x0004($v0)           ## 00000004
/* 005DC 808005DC AC580000 */  sw      $t8, 0x0000($v0)           ## 00000000
/* 005E0 808005E0 8D0202B0 */  lw      $v0, 0x02B0($t0)           ## 000002B0
/* 005E4 808005E4 3C0EE100 */  lui     $t6, 0xE100                ## $t6 = E1000000
/* 005E8 808005E8 3C0FF100 */  lui     $t7, 0xF100                ## $t7 = F1000000
/* 005EC 808005EC 24580008 */  addiu   $t8, $v0, 0x0008           ## $t8 = 00000008
/* 005F0 808005F0 AD1802B0 */  sw      $t8, 0x02B0($t0)           ## 000002B0
/* 005F4 808005F4 AC400004 */  sw      $zero, 0x0004($v0)         ## 00000004
/* 005F8 808005F8 AC4E0000 */  sw      $t6, 0x0000($v0)           ## 00000000
/* 005FC 808005FC 8D0202B0 */  lw      $v0, 0x02B0($t0)           ## 000002B0
/* 00600 80800600 3C180400 */  lui     $t8, 0x0400                ## $t8 = 04000000
/* 00604 80800604 37180400 */  ori     $t8, $t8, 0x0400           ## $t8 = 04000400
/* 00608 80800608 24590008 */  addiu   $t9, $v0, 0x0008           ## $t9 = 00000008
/* 0060C 8080060C AD1902B0 */  sw      $t9, 0x02B0($t0)           ## 000002B0
/* 00610 80800610 AC580004 */  sw      $t8, 0x0004($v0)           ## 00000004
/* 00614 80800614 AC4F0000 */  sw      $t7, 0x0000($v0)           ## 00000000
/* 00618 80800618 28C10010 */  slti    $at, $a2, 0x0010           
/* 0061C 8080061C 1420FF9F */  bne     $at, $zero, .L8080049C     
/* 00620 80800620 30A7FFFF */  andi    $a3, $a1, 0xFFFF           ## $a3 = 00000060
/* 00624 80800624 860E023A */  lh      $t6, 0x023A($s0)           ## 0000023A
/* 00628 80800628 8E040000 */  lw      $a0, 0x0000($s0)           ## 00000000
/* 0062C 8080062C 24190002 */  addiu   $t9, $zero, 0x0002         ## $t9 = 00000002
/* 00630 80800630 AFB90014 */  sw      $t9, 0x0014($sp)           
/* 00634 80800634 00002825 */  or      $a1, $zero, $zero          ## $a1 = 00000000
/* 00638 80800638 00003025 */  or      $a2, $zero, $zero          ## $a2 = 00000000
/* 0063C 8080063C 00003825 */  or      $a3, $zero, $zero          ## $a3 = 00000000
/* 00640 80800640 0C03F111 */  jal     func_800FC444              
/* 00644 80800644 AFAE0010 */  sw      $t6, 0x0010($sp)           
/* 00648 80800648 3C0F8080 */  lui     $t7, %hi(D_80800860)       ## $t7 = 80800000
/* 0064C 8080064C 85EF0860 */  lh      $t7, %lo(D_80800860)($t7)  
/* 00650 80800650 3C018080 */  lui     $at, %hi(D_80800860)       ## $at = 80800000
/* 00654 80800654 8FBF0024 */  lw      $ra, 0x0024($sp)           
/* 00658 80800658 25F8012C */  addiu   $t8, $t7, 0x012C           ## $t8 = 8080012C
/* 0065C 8080065C A4380860 */  sh      $t8, %lo(D_80800860)($at)  
/* 00660 80800660 8FB00020 */  lw      $s0, 0x0020($sp)           
/* 00664 80800664 03E00008 */  jr      $ra                        
/* 00668 80800668 27BD00E0 */  addiu   $sp, $sp, 0x00E0           ## $sp = 00000000


glabel func_8080066C
/* 0066C 8080066C 27BDFFD8 */  addiu   $sp, $sp, 0xFFD8           ## $sp = FFFFFFD8
/* 00670 80800670 AFB00020 */  sw      $s0, 0x0020($sp)           
/* 00674 80800674 00808025 */  or      $s0, $a0, $zero            ## $s0 = 00000000
/* 00678 80800678 AFBF0024 */  sw      $ra, 0x0024($sp)           
/* 0067C 8080067C 8E040000 */  lw      $a0, 0x0000($s0)           ## 00000000
/* 00680 80800680 AFA00014 */  sw      $zero, 0x0014($sp)         
/* 00684 80800684 AFA00010 */  sw      $zero, 0x0010($sp)         
/* 00688 80800688 24050001 */  addiu   $a1, $zero, 0x0001         ## $a1 = 00000001
/* 0068C 8080068C 24060001 */  addiu   $a2, $zero, 0x0001         ## $a2 = 00000001
/* 00690 80800690 0C04B3C3 */  jal     func_8012CF0C              
/* 00694 80800694 00003825 */  or      $a3, $zero, $zero          ## $a3 = 00000000
/* 00698 80800698 8E040000 */  lw      $a0, 0x0000($s0)           ## 00000000
/* 0069C 8080069C 8C8302B0 */  lw      $v1, 0x02B0($a0)           ## 000002B0
/* 006A0 808006A0 3C0FDB06 */  lui     $t7, 0xDB06                ## $t7 = DB060000
/* 006A4 808006A4 35EF0004 */  ori     $t7, $t7, 0x0004           ## $t7 = DB060004
/* 006A8 808006A8 246E0008 */  addiu   $t6, $v1, 0x0008           ## $t6 = 00000008
/* 006AC 808006AC AC8E02B0 */  sw      $t6, 0x02B0($a0)           ## 000002B0
/* 006B0 808006B0 AC6F0000 */  sw      $t7, 0x0000($v1)           ## 00000000
/* 006B4 808006B4 8E1800A4 */  lw      $t8, 0x00A4($s0)           ## 000000A4
/* 006B8 808006B8 AC780004 */  sw      $t8, 0x0004($v1)           ## 00000004
/* 006BC 808006BC 0C200000 */  jal     func_80800000              
/* 006C0 808006C0 02002025 */  or      $a0, $s0, $zero            ## $a0 = 00000000
/* 006C4 808006C4 0C20004D */  jal     func_80800134              
/* 006C8 808006C8 02002025 */  or      $a0, $s0, $zero            ## $a0 = 00000000
/* 006CC 808006CC 92190244 */  lbu     $t9, 0x0244($s0)           ## 00000244
/* 006D0 808006D0 3C02801F */  lui     $v0, 0x801F                ## $v0 = 801F0000
/* 006D4 808006D4 2442F670 */  addiu   $v0, $v0, 0xF670           ## $v0 = 801EF670
/* 006D8 808006D8 1320000B */  beq     $t9, $zero, .L80800708     
/* 006DC 808006DC 240300FF */  addiu   $v1, $zero, 0x00FF         ## $v1 = 000000FF
/* 006E0 808006E0 24080001 */  addiu   $t0, $zero, 0x0001         ## $t0 = 00000001
/* 006E4 808006E4 A0433F16 */  sb      $v1, 0x3F16($v0)           ## 801F3586
/* 006E8 808006E8 A0433F17 */  sb      $v1, 0x3F17($v0)           ## 801F3587
/* 006EC 808006EC AC483CA8 */  sw      $t0, 0x3CA8($v0)           ## 801F3318
/* 006F0 808006F0 A200009B */  sb      $zero, 0x009B($s0)         ## 0000009B
/* 006F4 808006F4 3C098080 */  lui     $t1, 0x8080                ## $t1 = 80800000
/* 006F8 808006F8 25293F30 */  addiu   $t1, $t1, 0x3F30           ## $t1 = 80803F30
/* 006FC 808006FC 240A0210 */  addiu   $t2, $zero, 0x0210         ## $t2 = 00000210
/* 00700 80800700 AE0A0010 */  sw      $t2, 0x0010($s0)           ## 00000010
/* 00704 80800704 AE09000C */  sw      $t1, 0x000C($s0)           ## 0000000C
.L80800708:
/* 00708 80800708 8FBF0024 */  lw      $ra, 0x0024($sp)           
/* 0070C 8080070C 8FB00020 */  lw      $s0, 0x0020($sp)           
/* 00710 80800710 27BD0028 */  addiu   $sp, $sp, 0x0028           ## $sp = 00000000
/* 00714 80800714 03E00008 */  jr      $ra                        
/* 00718 80800718 00000000 */  nop


glabel func_8080071C
/* 0071C 8080071C 27BDFFE8 */  addiu   $sp, $sp, 0xFFE8           ## $sp = FFFFFFE8
/* 00720 80800720 AFBF0014 */  sw      $ra, 0x0014($sp)           
/* 00724 80800724 0C051B90 */  jal     func_80146E40              
/* 00728 80800728 24850210 */  addiu   $a1, $a0, 0x0210           ## $a1 = 00000210
/* 0072C 8080072C 0C058335 */  jal     func_80160CD4              
/* 00730 80800730 00000000 */  nop
/* 00734 80800734 0C02060A */  jal     func_80081828              
/* 00738 80800738 00000000 */  nop
/* 0073C 8080073C 8FBF0014 */  lw      $ra, 0x0014($sp)           
/* 00740 80800740 27BD0018 */  addiu   $sp, $sp, 0x0018           ## $sp = 00000000
/* 00744 80800744 03E00008 */  jr      $ra                        
/* 00748 80800748 00000000 */  nop


glabel func_8080074C
/* 0074C 8080074C 27BDFFD0 */  addiu   $sp, $sp, 0xFFD0           ## $sp = FFFFFFD0
/* 00750 80800750 AFB00018 */  sw      $s0, 0x0018($sp)           
/* 00754 80800754 00808025 */  or      $s0, $a0, $zero            ## $s0 = 00000000
/* 00758 80800758 AFBF001C */  sw      $ra, 0x001C($sp)           
/* 0075C 8080075C 3C0701E8 */  lui     $a3, 0x01E8                ## $a3 = 01E80000
/* 00760 80800760 3C0E01E8 */  lui     $t6, 0x01E8                ## $t6 = 01E80000
/* 00764 80800764 25CE7DC0 */  addiu   $t6, $t6, 0x7DC0           ## $t6 = 01E87DC0
/* 00768 80800768 24E75000 */  addiu   $a3, $a3, 0x5000           ## $a3 = 01E85000
/* 0076C 8080076C 01C73023 */  subu    $a2, $t6, $a3              
/* 00770 80800770 00C02825 */  or      $a1, $a2, $zero            ## $a1 = 00000000
/* 00774 80800774 AFA60020 */  sw      $a2, 0x0020($sp)           
/* 00778 80800778 AFA70024 */  sw      $a3, 0x0024($sp)           
/* 0077C 8080077C 0C05CAB2 */  jal     func_80172AC8              
/* 00780 80800780 26040074 */  addiu   $a0, $s0, 0x0074           ## $a0 = 00000074
/* 00784 80800784 8FA60020 */  lw      $a2, 0x0020($sp)           
/* 00788 80800788 8FA50024 */  lw      $a1, 0x0024($sp)           
/* 0078C 8080078C AE0200A4 */  sw      $v0, 0x00A4($s0)           ## 000000A4
/* 00790 80800790 0C020324 */  jal     func_80080C90              
/* 00794 80800794 00402025 */  or      $a0, $v0, $zero            ## $a0 = 00000000
/* 00798 80800798 02002025 */  or      $a0, $s0, $zero            ## $a0 = 00000000
/* 0079C 8080079C 0C05CCEA */  jal     func_801733A8              
/* 007A0 808007A0 24050001 */  addiu   $a1, $zero, 0x0001         ## $a1 = 00000001
/* 007A4 808007A4 0C060058 */  jal     func_80180160              
/* 007A8 808007A8 02002025 */  or      $a0, $s0, $zero            ## $a0 = 00000000
/* 007AC 808007AC 0C058328 */  jal     func_80160CA0              
/* 007B0 808007B0 00000000 */  nop
/* 007B4 808007B4 260400A8 */  addiu   $a0, $s0, 0x00A8           ## $a0 = 000000A8
/* 007B8 808007B8 0C04FBBD */  jal     func_8013EEF4              
/* 007BC 808007BC 8E050000 */  lw      $a1, 0x0000($s0)           ## 00000000
/* 007C0 808007C0 3C0F8080 */  lui     $t7, %hi(func_8080066C)    ## $t7 = 80800000
/* 007C4 808007C4 3C188080 */  lui     $t8, %hi(func_8080071C)    ## $t8 = 80800000
/* 007C8 808007C8 25EF066C */  addiu   $t7, $t7, %lo(func_8080066C) ## $t7 = 8080066C
/* 007CC 808007CC 2718071C */  addiu   $t8, $t8, %lo(func_8080071C) ## $t8 = 8080071C
/* 007D0 808007D0 AE0F0004 */  sw      $t7, 0x0004($s0)           ## 00000004
/* 007D4 808007D4 AE180008 */  sw      $t8, 0x0008($s0)           ## 00000008
/* 007D8 808007D8 0C05D3C4 */  jal     func_80174F10              
/* 007DC 808007DC A2000244 */  sb      $zero, 0x0244($s0)         ## 00000244
/* 007E0 808007E0 30590001 */  andi    $t9, $v0, 0x0001           ## $t9 = 00000000
/* 007E4 808007E4 17200006 */  bne     $t9, $zero, .L80800800     
/* 007E8 808007E8 240A0001 */  addiu   $t2, $zero, 0x0001         ## $t2 = 00000001
/* 007EC 808007EC 3C02801F */  lui     $v0, 0x801F                ## $v0 = 801F0000
/* 007F0 808007F0 2442F670 */  addiu   $v0, $v0, 0xF670           ## $v0 = 801EF670
/* 007F4 808007F4 3408FEDC */  ori     $t0, $zero, 0xFEDC         ## $t0 = 0000FEDC
/* 007F8 808007F8 10000005 */  beq     $zero, $zero, .L80800810   
/* 007FC 808007FC AC483CA0 */  sw      $t0, 0x3CA0($v0)           ## 801F3310
.L80800800:
/* 00800 80800800 3C02801F */  lui     $v0, 0x801F                ## $v0 = 801F0000
/* 00804 80800804 2442F670 */  addiu   $v0, $v0, 0xF670           ## $v0 = 801EF670
/* 00808 80800808 240900FF */  addiu   $t1, $zero, 0x00FF         ## $t1 = 000000FF
/* 0080C 8080080C AC493CA0 */  sw      $t1, 0x3CA0($v0)           ## 801F3310
.L80800810:
/* 00810 80800810 A04A3F3F */  sb      $t2, 0x3F3F($v0)           ## 801F35AF
/* 00814 80800814 02002025 */  or      $a0, $s0, $zero            ## $a0 = 00000000
/* 00818 80800818 0C051B9C */  jal     func_80146E70              
/* 0081C 8080081C 26050210 */  addiu   $a1, $s0, 0x0210           ## $a1 = 00000210
/* 00820 80800820 240B0014 */  addiu   $t3, $zero, 0x0014         ## $t3 = 00000014
/* 00824 80800824 240C00FF */  addiu   $t4, $zero, 0x00FF         ## $t4 = 000000FF
/* 00828 80800828 240DFFF4 */  addiu   $t5, $zero, 0xFFF4         ## $t5 = FFFFFFF4
/* 0082C 8080082C 240E003C */  addiu   $t6, $zero, 0x003C         ## $t6 = 0000003C
/* 00830 80800830 A6000240 */  sh      $zero, 0x0240($s0)         ## 00000240
/* 00834 80800834 A60B0238 */  sh      $t3, 0x0238($s0)           ## 00000238
/* 00838 80800838 A60C023A */  sh      $t4, 0x023A($s0)           ## 0000023A
/* 0083C 8080083C A60D023C */  sh      $t5, 0x023C($s0)           ## 0000023C
/* 00840 80800840 A60E023E */  sh      $t6, 0x023E($s0)           ## 0000023E
/* 00844 80800844 8FBF001C */  lw      $ra, 0x001C($sp)           
/* 00848 80800848 8FB00018 */  lw      $s0, 0x0018($sp)           
/* 0084C 8080084C 27BD0030 */  addiu   $sp, $sp, 0x0030           ## $sp = 00000000
/* 00850 80800850 03E00008 */  jr      $ra                        
/* 00854 80800854 00000000 */  nop
/* 00858 80800858 00000000 */  nop
/* 0085C 8080085C 00000000 */  nop

.section .data

D_80800860: .word 0x00000000, 0x00000000
D_80800868: .word 0x64646400, 0x64646400
D_80800870: .word 0xFFFFFF00, 0xFFFFFF00, 0x45454500, 0x00000000

.section .rodata

D_80800880: .word 0xC59AA92F
D_80800884: .word 0x457A28AB
D_80800888: .word 0x448BE2AE, 0x00000000


.section .rodata
D_80800890:
.incbin "baserom/title", 0x890, 0x00000080
